<?xml version="1.0" encoding="UTF-8" ?>
<testsuite errors="0" failures="0" hostname="travis-job-1dd8b35e-ba17-4219-be8e-b184466f734d" name="ptolemy.cg.lib.test.junit.JUnitTclTest" skipped="0" tests="37" time="99.553" timestamp="2019-06-11T04:37:20">
  <properties>
    <property name="npm.executable" value="npm" />
    <property name="file.encoding.pkg" value="sun.io" />
    <property name="env.TRAVIS_ROOT" value="/" />
    <property name="ptII.mk.exists" value="true" />
    <property name="env.TRAVIS_APP_HOST" value="build.travis-ci.org" />
    <property name="env.rvm_bin_path" value="/home/travis/.rvm/bin" />
    <property name="java.home" value="/usr/lib/jvm/java-8-oracle/jre" />
    <property name="env.TRAVIS_JOB_NUMBER" value="1164.10" />
    <property name="env.TRAVIS_HOME" value="/home/travis" />
    <property name="env.DISPLAY" value=":99.0" />
    <property name="java.net.preferIPv4Stack" value="true" />
    <property name="env.TRAVIS_INIT" value="upstart" />
    <property name="env.SSH_TTY" value="/dev/pts/0" />
    <property name="env.RUN_TESTS" value="true" />
    <property name="timeout.short" value="1000000" />
    <property name="env.TRAVIS_JOB_NAME" value="" />
    <property name="env.TRAVIS_STACK_NODE_ATTRIBUTES" value="/.node-attributes.yml" />
    <property name="junit.formatter" value="xml" />
    <property name="java.endorsed.dirs" value="/usr/lib/jvm/java-8-oracle/jre/lib/endorsed" />
    <property name="env.TRAVIS_SUDO" value="true" />
    <property name="env.LOGNAME" value="travis" />
    <property name="jsdoc.home" value="node_modules/@terraswarm/jsdoc" />
    <property name="debuglevel" value="source,lines,vars" />
    <property name="checkstyle.formatter" value="xml" />
    <property name="bin.vergil.makeable" value="true" />
    <property name="env._system_version" value="14.04" />
    <property name="sun.os.patch.level" value="unknown" />
    <property name="java.vendor.url" value="http://java.oracle.com/" />
    <property name="env.TRAVIS_BUILD_WEB_URL" value="https://travis-ci.org/icyphy/ptII/builds/544034475" />
    <property name="java.version" value="1.8.0_151" />
    <property name="env.TZ" value="UTC" />
    <property name="env.PT_NO_NET" value="true" />
    <property name="env.TRAVIS_PULL_REQUEST_SHA" value="" />
    <property name="env.TRAVIS_SECURE_ENV_VARS" value="true" />
    <property name="env._system_type" value="Linux" />
    <property name="java.vendor.url.bug" value="http://bugreport.sun.com/bugreport/" />
    <property name="env.SSH_CLIENT" value="10.10.4.18 59864 22" />
    <property name="npmjs-org-is-up" value="true" />
    <property name="env.GEM_HOME" value="/home/travis/.rvm/gems/ruby-2.4.1" />
    <property name="env.HAS_ANTARES_THREE_LITTLE_FRONZIES_BADGE" value="true" />
    <property name="env.PS4" value="+" />
    <property name="ant.project.invoked-targets" value="build,test.core3.xml" />
    <property name="env.TRAVIS_PULL_REQUEST_BRANCH" value="" />
    <property name="env.TRAVIS_REPO_SLUG" value="icyphy/ptII" />
    <property name="env.TRAVIS_APT_PROXY" value="http://apt.cache.travis-ci.com" />
    <property name="node.in.path" value="true" />
    <property name="java.maxmemory" value="1400m" />
    <property name="env.RUBY_VERSION" value="ruby-2.4.1" />
    <property name="user.name" value="travis" />
    <property name="env.LANG" value="en_US.UTF-8" />
    <property name="sun.io.unicode.encoding" value="UnicodeLittle" />
    <property name="sun.jnu.encoding" value="UTF-8" />
    <property name="java.runtime.name" value="Java(TM) SE Runtime Environment" />
    <property name="usefile" value="false" />
    <property name="return.code" value="0" />
    <property name="junit.single.formatter" value="plain" />
    <property name="env.DEBIAN_FRONTEND" value="noninteractive" />
    <property name="env.SSH_CONNECTION" value="10.10.4.18 59864 10.20.0.84 22" />
    <property name="env.MYSQL_UNIX_PORT" value="/var/run/mysqld/mysqld.sock" />
    <property name="env.TRAVIS_ALLOW_FAILURE" value="false" />
    <property name="env.LC_ALL" value="en_US.UTF-8" />
    <property name="env.TRAVIS_JOB_WEB_URL" value="https://travis-ci.org/icyphy/ptII/jobs/544034485" />
    <property name="java.specification.name" value="Java Platform API Specification" />
    <property name="node.works" value="true" />
    <property name="user.timezone" value="" />
    <property name="path.separator" value=":" />
    <property name="env.TRAVIS_ENABLE_INFRA_DETECTION" value="true" />
    <property name="env.PYTHON_CFLAGS" value="-g -fstack-protector --param=ssp-buffer-size=4 -Wformat -Werror=format-security" />
    <property name="timeout.long" value="4000000" />
    <property name="file.encoding" value="UTF-8" />
    <property name="ant.file.ptII" value="/home/travis/build/icyphy/ptII/build.xml" />
    <property name="javadoc.packagenames" value="com.*,diva.*,lbnl.*,org.hlacerti.*,org.json.*,org.ptolemy.*,org.terraswarm.*,ptolemy.*,ptserver.*" />
    <property name="env.TRAVIS_PULL_REQUEST_SLUG" value="" />
    <property name="ant.project.default-target" value="build" />
    <property name="env.GIT_ASKPASS" value="echo" />
    <property name="env.HOME" value="/home/travis" />
    <property name="sun.java.command" value="org.apache.tools.ant.taskdefs.optional.junit.JUnitTestRunner ptolemy.cg.lib.test.junit.JUnitTclTest skipNonTests=false filtertrace=true haltOnError=false haltOnFailure=false formatter=org.apache.tools.ant.taskdefs.optional.junit.OutErrSummaryJUnitResultFormatter showoutput=true outputtoformatters=true logfailedtests=true threadid=0 logtestlistenerevents=false formatter=org.apache.tools.ant.taskdefs.optional.junit.XMLJUnitResultFormatter,/home/travis/build/icyphy/ptII/reports/junit/TEST-ptolemy.cg.lib.test.junit.JUnitTclTest.xml crashfile=/home/travis/build/icyphy/ptII/junitvmwatcher8688509904671174235.properties propsfile=/home/travis/build/icyphy/ptII/junit4689640817289571143.properties" />
    <property name="env.MANPATH" value="/home/travis/.nvm/versions/node/v7.10.1/share/man:/home/travis/.kiex/elixirs/elixir-1.4.5/man:/home/travis/.rvm/rubies/ruby-2.4.1/share/man:/usr/local/man:/usr/local/cmake-3.9.2/man:/usr/local/clang-5.0.0/share/man:/usr/local/share/man:/usr/share/man:/home/travis/.rvm/man" />
    <property name="env.COMPOSER_NO_INTERACTION" value="1" />
    <property name="env.JDK_SWITCHER_DEFAULT" value="oraclejdk8" />
    <property name="env.TRAVIS_TIMER_ID" value="0b1ed820" />
    <property name="ant.file" value="/home/travis/build/icyphy/ptII/build.xml" />
    <property name="env.TRAVIS_COMMIT_RANGE" value="e5126a4801df799845d5f4b52ce416921306d716...21a84221cb4bcd37fabfbb95be95dcadf98df169" />
    <property name="env._system_name" value="Ubuntu" />
    <property name="timeout" value="2400000" />
    <property name="ptII.classpath.optional.property" value="/home/travis/build/icyphy/ptII/lib/bsh-2.0b4.jar:/home/travis/build/icyphy/ptII/lib/ptCal.jar:/home/travis/build/icyphy/ptII/lib/java_cup.jar:/home/travis/build/icyphy/ptII/lib/saxon8.jar:/home/travis/build/icyphy/ptII/lib/saxon8-dom.jar:/home/travis/build/icyphy/ptII/lib/chic.jar:/home/travis/build/icyphy/ptII/lib/ptcolt.jar:/usr/lib/jvm/java-8-oracle/lib/tools.jar:/home/travis/build/icyphy/ptII/vendors/misc/itext/iText.jar:/home/travis/build/icyphy/ptII/lib/g4ltl.jar:/home/travis/build/icyphy/ptII/lib/StructuralCoder.jar:/home/travis/build/icyphy/ptII/vendors/jai-1_1_2_01/lib/jai_core.jar:/home/travis/build/icyphy/ptII/vendors/jai-1_1_2_01/lib/jai_codec.jar:/home/travis/build/icyphy/ptII/lib/jcerti.jar:/home/travis/build/icyphy/ptII/lib/javax.mail.jar:/home/travis/build/icyphy/ptII/vendors/JMF-2.1.1e/lib/jmf.jar:/home/travis/build/icyphy/ptII/lib/jna-4.0.0-variadic.jar:/home/travis/build/icyphy/ptII/vendors/misc/joystick/Joystick.jar:/home/travis/build/icyphy/ptII/lib/ptjacl.jar:/home/travis/build/icyphy/ptII/lib/jsoup-1.8.2.jar:/home/travis/build/icyphy/ptII/lib/junit-4.8.2.jar:/home/travis/build/icyphy/ptII/lib/JUnitParams-0.4.0.jar:/home/travis/build/icyphy/ptII/ptolemy/actor/lib/excel/jxl.jar:/home/travis/build/icyphy/ptII/lib/jython.jar:/home/travis/build/icyphy/ptII/lib/kieler.jar:/home/travis/build/icyphy/ptII/vendors/opencv/share/OpenCV/java/opencv-341.jar:/home/travis/build/icyphy/ptII/lib/oscP5.jar:/home/travis/build/icyphy/ptII/lib/nrjavaserial-3.11.0.devel.jar:/home/travis/build/icyphy/ptII/vendors/j3d/lib/j3dcore.jar:/home/travis/build/icyphy/ptII/vendors/j3d/lib/j3dutils.jar:/home/travis/build/icyphy/ptII/vendors/j3d/lib/vecmath.jar:/home/travis/build/icyphy/ptII/ptolemy/distributed/jini/jar/jini-core.jar:/home/travis/build/icyphy/ptII/ptolemy/distributed/jini/jar/jini-ext.jar:/home/travis/build/icyphy/ptII/ptolemy/distributed/jini/jar/sun-util.jar:/home/travis/build/icyphy/ptII/lib/protobuf-java-2.4.1.jar:/home/travis/build/icyphy/ptII/lib/org.eclipse.paho.client.mqttv3.jar:/home/travis/build/icyphy/ptII/lib/mapss.jar:/home/travis/build/icyphy/ptII/ptolemy/actor/ptalon/antlr/antlr.jar:/home/travis/build/icyphy/ptII/lib/JRI.jar:/home/travis/build/icyphy/ptII/lib/commons-lang-2.6.jar:/home/travis/build/icyphy/ptII/lib/commons-logging-1.1.1.jar:/home/travis/build/icyphy/ptII/lib/sootclasses.jar:/home/travis/build/icyphy/ptII/ptolemy/actor/lib/database/mysql-connector-java-5.1.6-bin.jar:/home/travis/build/icyphy/ptII/vendors/misc/sphinx4/sphinx4-data-5prealpha.jar:/home/travis/build/icyphy/ptII/vendors/misc/sphinx4/sphinx4-core-5prealpha.jar:/home/travis/build/icyphy/ptII/lib/PDFRenderer.jar:/home/travis/build/icyphy/ptII/lib/svgSalamander.jar:/home/travis/build/icyphy/ptII/lib/rsyntaxtextarea-2.6.0-SNAPSHOT.jar:/home/travis/build/icyphy/ptII/lib/hazelcast-3.8.2.jar:/home/travis/build/icyphy/ptII/lib/jackson-annotations-2.9.0.jar:/home/travis/build/icyphy/ptII/lib/jackson-core-2.9.3.jar:/home/travis/build/icyphy/ptII/lib/jackson-databind-2.9.3.jar:/home/travis/build/icyphy/ptII/lib/netty-buffer-4.1.19.Final.jar:/home/travis/build/icyphy/ptII/lib/netty-codec-4.1.19.Final.jar:/home/travis/build/icyphy/ptII/lib/netty-codec-dns-4.1.19.Final.jar:/home/travis/build/icyphy/ptII/lib/netty-codec-http-4.1.19.Final.jar:/home/travis/build/icyphy/ptII/lib/netty-codec-http2-4.1.19.Final.jar:/home/travis/build/icyphy/ptII/lib/netty-common-4.1.19.Final.jar:/home/travis/build/icyphy/ptII/lib/netty-handler-4.1.19.Final.jar:/home/travis/build/icyphy/ptII/lib/netty-resolver-4.1.19.Final.jar:/home/travis/build/icyphy/ptII/lib/netty-resolver-dns-4.1.19.Final.jar:/home/travis/build/icyphy/ptII/lib/netty-transport-4.1.19.Final.jar:/home/travis/build/icyphy/ptII/lib/vertx-codegen-3.5.1.jar:/home/travis/build/icyphy/ptII/lib/vertx-core-3.5.2-SNAPSHOT.jar:/home/travis/build/icyphy/ptII/lib/vertx-hazelcast-3.5.1.jar:/home/travis/build/icyphy/ptII/lib/vertx-lang-js-3.5.1.jar:/home/travis/build/icyphy/ptII/lib/vertx-service-proxy-3.5.1.jar:/home/travis/build/icyphy/ptII/lib/vertx-web-3.5.1.jar:/home/travis/build/icyphy/ptII/lib/slf4j-api-1.7.13.jar:/home/travis/build/icyphy/ptII/lib/slf4j-simple-1.7.13.jar:/home/travis/build/icyphy/ptII/lib/webcam-capture-0.3.12.jar:/home/travis/build/icyphy/ptII/lib/bridj-0.7.0.jar:/home/travis/build/icyphy/ptII/lib/xbjlib-1.1.0.nrjavaserial.jar" />
    <property name="test.batch" value="**/junit/*.java" />
    <property name="env._" value="/usr/bin/timeout" />
    <property name="java.io.tmpdir" value="/tmp" />
    <property name="env.TRAVIS_INTERNAL_RUBY_REGEX" value="^ruby-(2\.[0-4]\.[0-9]|1\.9\.3)" />
    <property name="user.language" value="en" />
    <property name="env.HISTCONTROL" value="ignoredups:ignorespace" />
    <property name="env.GOROOT" value="/home/travis/.gimme/versions/go1.7.4.linux.amd64" />
    <property name="line.separator" value="&#xa;" />
    <property name="target" value="1.8" />
    <property name="env.TRAVIS_BUILD_DIR" value="/home/travis/build/icyphy/ptII" />
    <property name="env.ANT_OPTS" value="-Xmx2048m" />
    <property name="ant.file.type" value="file" />
    <property name="ptolemy.ptII.batchMode" value="true" />
    <property name="env.HISTSIZE" value="1000" />
    <property name="env.MERB_ENV" value="test" />
    <property name="java.vm.info" value="mixed mode" />
    <property name="source" value="1.8" />
    <property name="java.vm.specification.name" value="Java Virtual Machine Specification" />
    <property name="env.TRAVIS_TEST_RESULT" value="0" />
    <property name="jsdoc.command" value="node_modules/@terraswarm/jsdoc/jsdoc.js" />
    <property name="npm.works" value="true" />
    <property name="cobertura.dir" value="/home/travis/build/icyphy/ptII/vendors/cobertura-2.0.3" />
    <property name="env.rvm_path" value="/home/travis/.rvm" />
    <property name="env.GEM_PATH" value="/home/travis/.rvm/gems/ruby-2.4.1:/home/travis/.rvm/gems/ruby-2.4.1@global" />
    <property name="env.LC_CTYPE" value="en_US.UTF-8" />
    <property name="java.awt.printerjob" value="sun.print.PSPrinterJob" />
    <property name="env.TRAVIS_CMD" value="$PTII/bin/ptIITravisBuild.sh $SECONDS" />
    <property name="env.TRAVIS_STACK_NAME" value="garnet" />
    <property name="env.TRAVIS_TIMER_START_TIME" value="1560227330485214474" />
    <property name="ant.version" value="Apache Ant(TM) version 1.10.1 compiled on February 2 2017" />
    <property name="ptII.reports" value="/home/travis/build/icyphy/ptII/reports" />
    <property name="env.TRAVIS_STACK_TIMESTAMP" value="2017-12-05 19:33:09 UTC" />
    <property name="ant.file.type.ptII" value="file" />
    <property name="env.PT_TRAVIS_TEST_CORE3_XML" value="true" />
    <property name="env.RBENV_SHELL" value="bash" />
    <property name="os.name" value="Linux" />
    <property name="java.specification.vendor" value="Oracle Corporation" />
    <property name="env.rvm_version" value="1.29.3 (latest)" />
    <property name="env.TRAVIS_INFRA" value="gce" />
    <property name="env.TERM" value="xterm" />
    <property name="java.vm.name" value="Java HotSpot(TM) 64-Bit Server VM" />
    <property name="env.TRAVIS_BUILD_NUMBER" value="1164" />
    <property name="env.CI" value="true" />
    <property name="java.library.path" value="/usr/lib/jni:/usr/local/share/OpenCV/java/:/usr/share/OpenCV/java::/usr/java/packages/lib/amd64:/usr/lib64:/lib64:/lib:/usr/lib" />
    <property name="env.rvm_prefix" value="/home/travis" />
    <property name="env.PATH" value="/home/travis/.rvm/gems/ruby-2.4.1/bin:/home/travis/.rvm/gems/ruby-2.4.1@global/bin:/home/travis/.rvm/rubies/ruby-2.4.1/bin:/home/travis/.rvm/bin:/home/travis/.nvm/versions/node/v7.10.1/bin:./node_modules/.bin:/home/travis/build/icyphy/ptII/bin:/home/travis/pthla/certi-tools/bin:/home/travis/bin:/home/travis/.local/bin:/opt/pyenv/shims:/home/travis/.phpenv/shims:/home/travis/perl5/perlbrew/bin:/home/travis/.kiex/elixirs/elixir-1.4.5/bin:/home/travis/.kiex/bin:/home/travis/gopath/bin:/home/travis/.gimme/versions/go1.7.4.linux.amd64/bin:/usr/local/phantomjs/bin:/usr/local/phantomjs:/usr/local/neo4j-3.2.7/bin:/usr/local/maven-3.5.2/bin:/usr/local/cmake-3.9.2/bin:/usr/local/clang-5.0.0/bin:/usr/local/sbin:/usr/local/bin:/usr/sbin:/usr/bin:/sbin:/bin:/home/travis/.phpenv/bin:/opt/pyenv/bin:/home/travis/.yarn/bin" />
    <property name="env.TRAVIS_OS_NAME" value="linux" />
    <property name="ant.java.version" value="1.8" />
    <property name="basedir" value="/home/travis/build/icyphy/ptII" />
    <property name="java.class.version" value="52.0" />
    <property name="env.SHLVL" value="3" />
    <property name="env.LD_LIBRARY_PATH" value="/usr/lib/jni:/usr/local/share/OpenCV/java/:/usr/share/OpenCV/java:" />
    <property name="env.RACK_ENV" value="test" />
    <property name="ant.home" value="/home/travis/build/icyphy/ptII/ant" />
    <property name="env.NVM_DIR" value="/home/travis/.nvm" />
    <property name="env.PERLBREW_BASHRC_VERSION" value="0.80" />
    <property name="env.TRAVIS_BUILD_ID" value="544034475" />
    <property name="env.PYENV_ROOT" value="/opt/pyenv" />
    <property name="env.TRAVIS_UID" value="2000" />
    <property name="env.rvm_pretty_print_flag" value="auto" />
    <property name="env.NVM_BIN" value="/home/travis/.nvm/versions/node/v7.10.1/bin" />
    <property name="env.TRAVIS_COMMIT" value="21a84221cb4bcd37fabfbb95be95dcadf98df169" />
    <property name="env._system_arch" value="x86_64" />
    <property name="node.executable" value="node" />
    <property name="sun.boot.library.path" value="/usr/lib/jvm/java-8-oracle/jre/lib/amd64" />
    <property name="sun.management.compiler" value="HotSpot 64-Bit Tiered Compilers" />
    <property name="env.GOPATH" value="/home/travis/gopath" />
    <property name="java.awt.graphicsenv" value="sun.awt.X11GraphicsEnvironment" />
    <property name="ptolemy.ptII.dir" value="/home/travis/build/icyphy/ptII" />
    <property name="env.USER" value="travis" />
    <property name="env.HISTFILESIZE" value="2000" />
    <property name="timeout.longest" value="19000000" />
    <property name="env.TRAVIS_STACK_FEATURES" value="basic cassandra chromium couchdb disabled-ipv6 docker docker-compose elasticsearch firefox go-toolchain google-chrome jdk memcached mongodb mysql neo4j nodejs_interpreter perl_interpreter perlbrew phantomjs postgresql python_interpreter rabbitmq redis riak ruby_interpreter sqlite xserver" />
    <property name="env.TRAVIS_PULL_REQUEST" value="false" />
    <property name="env.PYENV_SHELL" value="bash" />
    <property name="ant.project.name" value="ptII" />
    <property name="java.vm.specification.version" value="1.8" />
    <property name="env.ANSI_RESET" value="\033[0m" />
    <property name="env.TRAVIS_DIST" value="trusty" />
    <property name="env.NLSPATH" value="/usr/dt/lib/nls/msg/%L/%N.cat" />
    <property name="awt.toolkit" value="sun.awt.X11.XToolkit" />
    <property name="env.MY_RUBY_HOME" value="/home/travis/.rvm/rubies/ruby-2.4.1" />
    <property name="sun.cpu.isalist" value="" />
    <property name="env.TRAVIS_TMPDIR" value="/tmp/tmp.V4BdHtKru1" />
    <property name="java.ext.dirs" value="/usr/lib/jvm/java-8-oracle/jre/lib/ext:/usr/java/packages/lib/ext" />
    <property name="os.version" value="4.4.0-101-generic" />
    <property name="user.home" value="/home/travis" />
    <property name="env.MIX_ARCHIVES" value="/home/travis/.kiex/mix/elixir-1.4.5" />
    <property name="java.vm.vendor" value="Oracle Corporation" />
    <property name="env.TRAVIS_TAG" value="nightly" />
    <property name="env.ANSI_YELLOW" value="\033[33;1m" />
    <property name="env.TRAVIS_FILTERED" value="redirect_io" />
    <property name="env.PTII" value="/home/travis/build/icyphy/ptII" />
    <property name="env.JAVA_HOME" value="/usr/lib/jvm/java-8-oracle" />
    <property name="javadoc.excludepackagenames" value="adm.cvs2svn.*,build.*,config.*,doc.coding.templates.*,jni.test.jni.meaningOfLife.*,jni.test.jni.testDeux.*,jni.test.jni.testTrois.*,org.terraswarm.accessor.accessors.web.node_modules.*,org.terraswarm.accessor.accessors.web.hosts.cordova.demo.*,org.terraswarm.accessor.accessors.web.hosts.cordova.plugins.*,org.terraswarm.accessor.accessors-svn.*,pt-modules.*,ptolemy.apps.agilent.*,ptolemy.apps.anytimecontrol.*,ptolemy.apps.apes.*,ptolemy.apps.charon.*,ptolemy.apps.crazyboard.*,ptolemy.apps.eclipse.*,ptolemy.apps.etherealSting.*,ptolemy.apps.fullscreen.*,ptolemy.apps.giotto.*,ptolemy.apps.ia.*,ptolemy.apps.interfaces.*,ptolemy.apps.jmf.*,ptolemy.apps.kurt.*,ptolemy.apps.kvm.*,ptolemy.apps.lego.*,ptolemy.apps.lejos.*,ptolemy.apps.midp.*,ptolemy.apps.mobileCoding.*,ptolemy.apps.pendulum.*,ptolemy.apps.rijndael.*,ptolemy.apps.robot.*,ptolemy.apps.security.*,ptolemy.apps.sobel.*,ptolemy.apps.soot.*,ptolemy.apps.throttle.*,ptolemy.apps.tini.*,ptolemy.apps.transmission.*,ptolemy.apps.vergil.*,ptolemy.apps.waba.*,ptolemy.apps.websensor.*,ptolemy.apps.webstart.*,ptolemy.apps.xsl.*,ptolemy.apps.zaurus.*,ptolemy.codegen.c.actor.lib.oldJavaFiles.*,ptolemy.codegen.dsp.lib.*,ptolemy.codegen.kernel.newInterfaces.*,ptolemy.codegen.lib.*,ptolemy.copernicus.kernel.fragment.*,ptolemy.copernicus.shallow.cg.*,ptolemy.domains.giotto.demo.Hierarchy.Hierarchy.*,ptolemy.domains.giotto.demo.Multimode.Multimode.*,ptolemy.domains.giotto.demo.Simple.Simple.*,ptolemy.domains.gr.lib.experimental.*,ptolemy.domains.gro.*,ptolemy.domains.pdf.*,ptolemy.domains.ptinyos.demo.Surge.output.*,ptolemy.moml.test.NoPackageActor.java*,ptolemy.plot.adm.*,ptolemy.plot.servlet.*,reports.*,signed.*,src.*,target.*,vendors.*,ptolemy.apps.eclipse.awt.*,ptolemy.backtrack.*,ptolemy.backtrack.ast.*,ptolemy.cg.adapter.generic.program.procedural.c.mbed*,ptolemy.homer.*,org.ptolemy.scala.*,diva.util.java2d.svg.*,ptolemy.domains.ptinyos.*,ptolemy.actor.lib.fmi.fmipp.*,,org.terraswarm.accessor.accessors.web.node_modules.*,org.terraswarm.accessor.accessors-svn,ptolemy.apps.*,ptolemy.actor.ptalon.demo.ptinyos.SendAndReceiveCnt.output,ptolemy.actor.ptalon.demo.ptinyos.SenseToLeds.output,ptolemy.domains.ptinyos.demo.CntToLedsAndRfm.output,ptolemy.domains.ptinyos.demo.RfmToLeds.output,ptolemy.domains.ptinyos.demo.SendAndReceiveCnt.output,ptolemy.domains.ptinyos.demo.SenseToLeds.output,ptolemy.actor.lib.jjs.modules.udpSocket.*" />
    <property name="env.ANSI_GREEN" value="\033[32;1m" />
    <property name="env.TRAVIS_COMMIT_MESSAGE" value="Using jcerti.jar file commit f32406b510de2a3b from branch br_ptII_berkeley that&#xa;improved the demo and fixed bugs 53878 and 41291. There is no fix yet for bug&#xa;55592. However, the results are similar to the ones using jcerti.jar pushed on&#xa;e8e30db5. Tested with CERTI c2146229adc0@master, Mar 1 10:08:30 2019. The new&#xa;CERTI branch for fixing bug 56284 was not tested yet in the Ptolemy framework." />
    <property name="keystore" value="ptKeystore" />
    <property name="env.XDG_SESSION_ID" value="2" />
    <property name="junit.output.dir" value="/home/travis/build/icyphy/ptII/reports/junit" />
    <property name="npm.return.code" value="0" />
    <property name="user.dir" value="/home/travis/build/icyphy/ptII/ptolemy/cg/lib/test" />
    <property name="env.XFILESEARCHPATH" value="/usr/dt/app-defaults/%L/Dt" />
    <property name="env.TRAVIS_NODE_VERSION" value="7" />
    <property name="env.MAIL" value="/var/mail/travis" />
    <property name="env.TRAVIS_EVENT_TYPE" value="cron" />
    <property name="env.PWD" value="/home/travis/build/icyphy/ptII" />
    <property name="env.PERLBREW_ROOT" value="/home/travis/perl5/perlbrew" />
    <property name="timeout.npm" value="45000" />
    <property name="env.TRAVIS_ARCH" value="amd64" />
    <property name="env.PAGER" value="cat" />
    <property name="sun.cpu.endian" value="little" />
    <property name="env.TRAVIS_BUILD_STAGE_NAME" value="Test" />
    <property name="env.PERLBREW_HOME" value="/home/travis/.perlbrew" />
    <property name="java.vm.version" value="25.151-b12" />
    <property name="env.RAILS_ENV" value="test" />
    <property name="java.class.path" value="/home/travis/build/icyphy/ptII:/home/travis/build/icyphy/ptII/lib/bsh-2.0b4.jar:/home/travis/build/icyphy/ptII/lib/ptCal.jar:/home/travis/build/icyphy/ptII/lib/java_cup.jar:/home/travis/build/icyphy/ptII/lib/saxon8.jar:/home/travis/build/icyphy/ptII/lib/saxon8-dom.jar:/home/travis/build/icyphy/ptII/lib/chic.jar:/home/travis/build/icyphy/ptII/lib/ptcolt.jar:/usr/lib/jvm/java-8-oracle/lib/tools.jar:/home/travis/build/icyphy/ptII/vendors/misc/itext/iText.jar:/home/travis/build/icyphy/ptII/lib/g4ltl.jar:/home/travis/build/icyphy/ptII/lib/StructuralCoder.jar:/home/travis/build/icyphy/ptII/vendors/jai-1_1_2_01/lib/jai_core.jar:/home/travis/build/icyphy/ptII/vendors/jai-1_1_2_01/lib/jai_codec.jar:/home/travis/build/icyphy/ptII/lib/jcerti.jar:/home/travis/build/icyphy/ptII/lib/javax.mail.jar:/home/travis/build/icyphy/ptII/vendors/JMF-2.1.1e/lib/jmf.jar:/home/travis/build/icyphy/ptII/lib/jna-4.0.0-variadic.jar:/home/travis/build/icyphy/ptII/vendors/misc/joystick/Joystick.jar:/home/travis/build/icyphy/ptII/lib/ptjacl.jar:/home/travis/build/icyphy/ptII/lib/jsoup-1.8.2.jar:/home/travis/build/icyphy/ptII/lib/junit-4.8.2.jar:/home/travis/build/icyphy/ptII/lib/JUnitParams-0.4.0.jar:/home/travis/build/icyphy/ptII/ptolemy/actor/lib/excel/jxl.jar:/home/travis/build/icyphy/ptII/lib/jython.jar:/home/travis/build/icyphy/ptII/lib/kieler.jar:/home/travis/build/icyphy/ptII/vendors/opencv/share/OpenCV/java/opencv-341.jar:/home/travis/build/icyphy/ptII/lib/oscP5.jar:/home/travis/build/icyphy/ptII/lib/nrjavaserial-3.11.0.devel.jar:/home/travis/build/icyphy/ptII/vendors/j3d/lib/j3dcore.jar:/home/travis/build/icyphy/ptII/vendors/j3d/lib/j3dutils.jar:/home/travis/build/icyphy/ptII/vendors/j3d/lib/vecmath.jar:/home/travis/build/icyphy/ptII/ptolemy/distributed/jini/jar/jini-core.jar:/home/travis/build/icyphy/ptII/ptolemy/distributed/jini/jar/jini-ext.jar:/home/travis/build/icyphy/ptII/ptolemy/distributed/jini/jar/sun-util.jar:/home/travis/build/icyphy/ptII/lib/protobuf-java-2.4.1.jar:/home/travis/build/icyphy/ptII/lib/org.eclipse.paho.client.mqttv3.jar:/home/travis/build/icyphy/ptII/lib/mapss.jar:/home/travis/build/icyphy/ptII/ptolemy/actor/ptalon/antlr/antlr.jar:/home/travis/build/icyphy/ptII/lib/JRI.jar:/home/travis/build/icyphy/ptII/lib/commons-lang-2.6.jar:/home/travis/build/icyphy/ptII/lib/commons-logging-1.1.1.jar:/home/travis/build/icyphy/ptII/lib/sootclasses.jar:/home/travis/build/icyphy/ptII/ptolemy/actor/lib/database/mysql-connector-java-5.1.6-bin.jar:/home/travis/build/icyphy/ptII/vendors/misc/sphinx4/sphinx4-data-5prealpha.jar:/home/travis/build/icyphy/ptII/vendors/misc/sphinx4/sphinx4-core-5prealpha.jar:/home/travis/build/icyphy/ptII/lib/PDFRenderer.jar:/home/travis/build/icyphy/ptII/lib/svgSalamander.jar:/home/travis/build/icyphy/ptII/lib/rsyntaxtextarea-2.6.0-SNAPSHOT.jar:/home/travis/build/icyphy/ptII/lib/hazelcast-3.8.2.jar:/home/travis/build/icyphy/ptII/lib/jackson-annotations-2.9.0.jar:/home/travis/build/icyphy/ptII/lib/jackson-core-2.9.3.jar:/home/travis/build/icyphy/ptII/lib/jackson-databind-2.9.3.jar:/home/travis/build/icyphy/ptII/lib/netty-buffer-4.1.19.Final.jar:/home/travis/build/icyphy/ptII/lib/netty-codec-4.1.19.Final.jar:/home/travis/build/icyphy/ptII/lib/netty-codec-dns-4.1.19.Final.jar:/home/travis/build/icyphy/ptII/lib/netty-codec-http-4.1.19.Final.jar:/home/travis/build/icyphy/ptII/lib/netty-codec-http2-4.1.19.Final.jar:/home/travis/build/icyphy/ptII/lib/netty-common-4.1.19.Final.jar:/home/travis/build/icyphy/ptII/lib/netty-handler-4.1.19.Final.jar:/home/travis/build/icyphy/ptII/lib/netty-resolver-4.1.19.Final.jar:/home/travis/build/icyphy/ptII/lib/netty-resolver-dns-4.1.19.Final.jar:/home/travis/build/icyphy/ptII/lib/netty-transport-4.1.19.Final.jar:/home/travis/build/icyphy/ptII/lib/vertx-codegen-3.5.1.jar:/home/travis/build/icyphy/ptII/lib/vertx-core-3.5.2-SNAPSHOT.jar:/home/travis/build/icyphy/ptII/lib/vertx-hazelcast-3.5.1.jar:/home/travis/build/icyphy/ptII/lib/vertx-lang-js-3.5.1.jar:/home/travis/build/icyphy/ptII/lib/vertx-service-proxy-3.5.1.jar:/home/travis/build/icyphy/ptII/lib/vertx-web-3.5.1.jar:/home/travis/build/icyphy/ptII/lib/slf4j-api-1.7.13.jar:/home/travis/build/icyphy/ptII/lib/slf4j-simple-1.7.13.jar:/home/travis/build/icyphy/ptII/lib/webcam-capture-0.3.12.jar:/home/travis/build/icyphy/ptII/lib/bridj-0.7.0.jar:/home/travis/build/icyphy/ptII/lib/xbjlib-1.1.0.nrjavaserial.jar:/home/travis/build/icyphy/ptII/ptolemy/moml/test:/home/travis/build/icyphy/ptII/ant/lib/ant-launcher.jar:/home/travis/build/icyphy/ptII/ant/lib/ant.jar:/home/travis/build/icyphy/ptII/ant/lib/ant-junit.jar:/home/travis/build/icyphy/ptII/ant/lib/ant-junit4.jar" />
    <property name="ant.library.dir" value="/home/travis/build/icyphy/ptII/ant/lib" />
    <property name="os.arch" value="amd64" />
    <property name="env.TRAVIS_LANGUAGE" value="node_js" />
    <property name="env.CONTINUOUS_INTEGRATION" value="true" />
    <property name="env.TRAVIS_STACK_LANGUAGES" value="__garnet__ c c++ clojure cplusplus cpp default go groovy java node_js php pure_java python ruby scala" />
    <property name="test.name" value="ptolemy.actor.lib.test.junit.JUnitTclTest" />
    <property name="sun.java.launcher" value="SUN_STANDARD" />
    <property name="env.PYTHON_CONFIGURE_OPTS" value="--enable-unicode=ucs4 --with-wide-unicode --enable-shared --enable-ipv6 --enable-loadable-sqlite-extensions --with-computed-gotos" />
    <property name="ant.core.lib" value="/home/travis/build/icyphy/ptII/ant/lib/ant.jar" />
    <property name="java.vm.specification.vendor" value="Oracle Corporation" />
    <property name="env.BCVTB_HOME" value="/home/travis/build/icyphy/ptII/lbnl" />
    <property name="file.separator" value="/" />
    <property name="java.runtime.version" value="1.8.0_151-b12" />
    <property name="spotbugs.home" value="/home/travis/build/icyphy/ptII/vendors/spotbugs-3.1.1" />
    <property name="sun.boot.class.path" value="/usr/lib/jvm/java-8-oracle/jre/lib/resources.jar:/usr/lib/jvm/java-8-oracle/jre/lib/rt.jar:/usr/lib/jvm/java-8-oracle/jre/lib/sunrsasign.jar:/usr/lib/jvm/java-8-oracle/jre/lib/jsse.jar:/usr/lib/jvm/java-8-oracle/jre/lib/jce.jar:/usr/lib/jvm/java-8-oracle/jre/lib/charsets.jar:/usr/lib/jvm/java-8-oracle/jre/lib/jfr.jar:/usr/lib/jvm/java-8-oracle/jre/classes" />
    <property name="env.ANSI_CLEAR" value="\033[0K" />
    <property name="env.HAS_JOSH_K_SEAL_OF_APPROVAL" value="true" />
    <property name="env.TRAVIS_OSX_IMAGE" value="" />
    <property name="env.XDG_RUNTIME_DIR" value="/run/user/2000" />
    <property name="env.TRAVIS_JOB_ID" value="544034485" />
    <property name="env.TRAVIS_BRANCH" value="master" />
    <property name="user.country" value="US" />
    <property name="env.CERTI_HOME_TRAVIS" value="/home/travis/pthla/certi-tools" />
    <property name="env.SHELL" value="/bin/bash" />
    <property name="java.maxmemory.large" value="5000m" />
    <property name="model" value="" />
    <property name="env.CASHER_DIR" value="/home/travis/.casher" />
    <property name="env.NVM_CD_FLAGS" value="" />
    <property name="jshint.executable" value="/home/travis/node_modules/jshint/bin/jshint" />
    <property name="java.vendor" value="Oracle Corporation" />
    <property name="env.JRUBY_OPTS" value=" --client -J-XX:+TieredCompilation -J-XX:TieredStopAtLevel=1 -J-Xss2m -Xcompile.invokedynamic=false" />
    <property name="env.TRAVIS_PRE_CHEF_BOOTSTRAP_TIME" value="2017-12-05T19:32:55" />
    <property name="env.TRAVIS_STACK_JOB_BOARD_REGISTER" value="/.job-board-register.yml" />
    <property name="env.ELIXIR_VERSION" value="1.4.5" />
    <property name="env.ANSI_RED" value="\033[31;1m" />
    <property name="java.specification.version" value="1.8" />
    <property name="env.TRAVIS" value="true" />
    <property name="env.IRBRC" value="/home/travis/.rvm/rubies/ruby-2.4.1/.irbrc" />
    <property name="sun.arch.data.model" value="64" />
  </properties>
  <testcase classname="ptolemy.util.test.junit.TclTests" name="[0] /home/travis/build/icyphy/ptII/ptolemy/cg/lib/test/ModularCodeGenTypedCompositeActor.tcl (RunTclFile)" time="10.191" />
  <testcase classname="ptolemy.util.test.junit.AutoKnownFailedTests" name="[0] ThereAreNoKnowFailedTests (RunModel)" time="0.001" />
  <testcase classname="ptolemy.util.test.junit.AutoNameArchTests" name="[0] ThereAreNoAutoArchTests (RunModel)" time="0.0" />
  <testcase classname="ptolemy.util.test.junit.AutoTests" name="[0] /home/travis/build/icyphy/ptII/ptolemy/cg/lib/test/auto/CompiledCompositeActor.xml (RunModel)" time="1.087" />
  <testcase classname="ptolemy.util.test.junit.AutoTests" name="[1] /home/travis/build/icyphy/ptII/ptolemy/cg/lib/test/auto/DECGClockRamp.xml (RunModel)" time="0.065" />
  <testcase classname="ptolemy.util.test.junit.AutoTests" name="[2] /home/travis/build/icyphy/ptII/ptolemy/cg/lib/test/auto/DECGDelay.xml (RunModel)" time="0.081" />
  <testcase classname="ptolemy.util.test.junit.AutoTests" name="[3] /home/travis/build/icyphy/ptII/ptolemy/cg/lib/test/auto/DECGHelloWorld.xml (RunModel)" time="0.05" />
  <testcase classname="ptolemy.util.test.junit.AutoTests" name="[4] /home/travis/build/icyphy/ptII/ptolemy/cg/lib/test/auto/DECGHeterogeneous.xml (RunModel)" time="0.118" />
  <testcase classname="ptolemy.util.test.junit.AutoTests" name="[5] /home/travis/build/icyphy/ptII/ptolemy/cg/lib/test/auto/DECGHeterogeneousMk2.xml (RunModel)" time="0.189" />
  <testcase classname="ptolemy.util.test.junit.AutoTests" name="[6] /home/travis/build/icyphy/ptII/ptolemy/cg/lib/test/auto/DECGMath.xml (RunModel)" time="0.057" />
  <testcase classname="ptolemy.util.test.junit.AutoTests" name="[7] /home/travis/build/icyphy/ptII/ptolemy/cg/lib/test/auto/DECGPi.xml (RunModel)" time="0.122" />
  <testcase classname="ptolemy.util.test.junit.AutoTests" name="[8] /home/travis/build/icyphy/ptII/ptolemy/cg/lib/test/auto/DECGPiSquare.xml (RunModel)" time="0.242" />
  <testcase classname="ptolemy.util.test.junit.AutoTests" name="[9] /home/travis/build/icyphy/ptII/ptolemy/cg/lib/test/auto/DECGPoisson.xml (RunModel)" time="0.028" />
  <testcase classname="ptolemy.util.test.junit.AutoTests" name="[10] /home/travis/build/icyphy/ptII/ptolemy/cg/lib/test/auto/JavaCompiledCompositeActor5.xml (RunModel)" time="1.061" />
  <testcase classname="ptolemy.util.test.junit.AutoTests" name="[11] /home/travis/build/icyphy/ptII/ptolemy/cg/lib/test/auto/JavaCompiledCompositeTest1.xml (RunModel)" time="0.92" />
  <testcase classname="ptolemy.util.test.junit.AutoTests" name="[12] /home/travis/build/icyphy/ptII/ptolemy/cg/lib/test/auto/JavaCompiledCompositeTest2.xml (RunModel)" time="1.245" />
  <testcase classname="ptolemy.util.test.junit.AutoTests" name="[13] /home/travis/build/icyphy/ptII/ptolemy/cg/lib/test/auto/JavaCompiledCompositeTest3.xml (RunModel)" time="1.231" />
  <testcase classname="ptolemy.util.test.junit.AutoTests" name="[14] /home/travis/build/icyphy/ptII/ptolemy/cg/lib/test/auto/JavaCompiledCompositeTest4.xml (RunModel)" time="1.324" />
  <testcase classname="ptolemy.util.test.junit.AutoTests" name="[15] /home/travis/build/icyphy/ptII/ptolemy/cg/lib/test/auto/ModularCG.xml (RunModel)" time="13.061" />
  <testcase classname="ptolemy.util.test.junit.AutoTests" name="[16] /home/travis/build/icyphy/ptII/ptolemy/cg/lib/test/auto/ModularCGPubSub.xml (RunModel)" time="4.502" />
  <testcase classname="ptolemy.util.test.junit.AutoTests" name="[17] /home/travis/build/icyphy/ptII/ptolemy/cg/lib/test/auto/ModularCodeGen.xml (RunModel)" time="2.143" />
  <testcase classname="ptolemy.util.test.junit.AutoTests" name="[18] /home/travis/build/icyphy/ptII/ptolemy/cg/lib/test/auto/ModularCodeGen2.xml (RunModel)" time="4.473" />
  <testcase classname="ptolemy.util.test.junit.AutoTests" name="[19] /home/travis/build/icyphy/ptII/ptolemy/cg/lib/test/auto/ModularCodeGen3.xml (RunModel)" time="12.256" />
  <testcase classname="ptolemy.util.test.junit.AutoTests" name="[20] /home/travis/build/icyphy/ptII/ptolemy/cg/lib/test/auto/ModularCodeGen4.xml (RunModel)" time="12.053" />
  <testcase classname="ptolemy.util.test.junit.AutoTests" name="[21] /home/travis/build/icyphy/ptII/ptolemy/cg/lib/test/auto/ModularCodeGen5.xml (RunModel)" time="4.587" />
  <testcase classname="ptolemy.util.test.junit.AutoTests" name="[22] /home/travis/build/icyphy/ptII/ptolemy/cg/lib/test/auto/ModularCodeGen6.xml (RunModel)" time="6.39" />
  <testcase classname="ptolemy.util.test.junit.AutoTests" name="[23] /home/travis/build/icyphy/ptII/ptolemy/cg/lib/test/auto/ModularCodeGenLazyPubSub.xml (RunModel)" time="2.321" />
  <testcase classname="ptolemy.util.test.junit.AutoTests" name="[24] /home/travis/build/icyphy/ptII/ptolemy/cg/lib/test/auto/ModularCodeGenLazyPubSubGlobal.xml (RunModel)" time="2.187" />
  <testcase classname="ptolemy.util.test.junit.AutoTests" name="[25] /home/travis/build/icyphy/ptII/ptolemy/cg/lib/test/auto/ModularCodeGenPubSub1.xml (RunModel)" time="2.069" />
  <testcase classname="ptolemy.util.test.junit.AutoTests" name="[26] /home/travis/build/icyphy/ptII/ptolemy/cg/lib/test/auto/ModularCodeGenPubSub2.xml (RunModel)" time="4.019" />
  <testcase classname="ptolemy.util.test.junit.AutoTests" name="[27] /home/travis/build/icyphy/ptII/ptolemy/cg/lib/test/auto/ModularCodeGenPubSub3.xml (RunModel)" time="4.002" />
  <testcase classname="ptolemy.util.test.junit.AutoTests" name="[28] /home/travis/build/icyphy/ptII/ptolemy/cg/lib/test/auto/ModularCodeGenPubSub4.xml (RunModel)" time="4.008" />
  <testcase classname="ptolemy.util.test.junit.AutoTests" name="[29] /home/travis/build/icyphy/ptII/ptolemy/cg/lib/test/auto/PubSubAggLazy.xml (RunModel)" time="0.017" />
  <testcase classname="ptolemy.util.test.junit.AutoTests" name="[30] /home/travis/build/icyphy/ptII/ptolemy/cg/lib/test/auto/PubSubAggModularCodeGen.xml (RunModel)" time="2.198" />
  <testcase classname="ptolemy.util.test.junit.AutoTests" name="[31] /home/travis/build/icyphy/ptII/ptolemy/cg/lib/test/auto/PubSubAggTypedComposite.xml (RunModel)" time="0.017" />
  <testcase classname="ptolemy.util.test.junit.AutoTests" name="[32] /home/travis/build/icyphy/ptII/ptolemy/cg/lib/test/auto/PubSubAggTypedCompositeWidth2.xml (RunModel)" time="0.027" />
  <testcase classname="ptolemy.util.test.junit.AutoTests" name="[33] /home/travis/build/icyphy/ptII/ptolemy/cg/lib/test/auto/ScaleJava.xml (RunModel)" time="0.836" />
  <system-out><![CDATA[/home/travis/build/icyphy/ptII/ptolemy/cg/lib/test/ModularCodeGenTypedCompositeActor.tcl
testDefs.tcl: setting time out to 9000 seconds at Tue Jun 11 04:37:20 UTC 2019
Warning: failed to delete /home/travis/cg: error deleting "/home/travis/cg/node_modules/.bin":  best guess at reason: permission denied
In "/home/travis/cg", about to execute:
    pwd
In "/home/travis/cg", about to execute:
    ls -l
/home/travis/cg
total 844
drwxrwxr-x   3 travis travis 12288 Jun 11 04:33 AbsoluteValue
drwxrwxr-x   3 travis travis 16384 Jun 11 04:33 Case1
drwxrwxr-x   3 travis travis 32768 Jun 11 04:33 Case2
drwxrwxr-x   3 travis travis 24576 Jun 11 04:35 DeScrambler
drwxrwxr-x   3 travis travis 16384 Jun 11 04:36 DotProduct
drwxrwxr-x   3 travis travis 12288 Jun 11 04:33 FileWriter1
In "/home/travis/cg", about to execute:
drwxrwxr-x   3 travis travis 20480 Jun 11 04:32 FixToDoubleAndBack
drwxrwxr-x   3 travis travis 16384 Jun 11 04:33 Gaussian1
drwxrwxr-x   3 travis travis 20480 Jun 11 04:33 Gaussian2
drwxrwxr-x   3 travis travis 12288 Jun 11 04:33 LookupTable
drwxrwxr-x   3 travis travis 20480 Jun 11 04:34 MaxIndex
-rw-rw-r--   1 travis travis  1228 Jun 11 04:37 ModularCodeGenTest_A1_A2_profile.java
drwxrwxr-x   3 travis travis 36864 Jun 11 04:37 modulation2
drwxrwxr-x   3 travis travis 20480 Jun 11 04:34 Multiplexor
drwxrwxr-x 242 travis travis 12288 Jun 11 04:37 node_modules
drwxrwxr-x   3 travis travis 20480 Jun 11 04:34 PhaseUnwrap
-rw-rw-r--   1 travis travis   520 Jun 11 04:37 Repeat$_fireFunction_Repeat_Repeat$__f_sL_0.class
-rw-rw-r--   1 travis travis   522 Jun 11 04:37 Repeat$_fireFunction_Repeat_Repeat$__f_sL_10.class
-rw-rw-r--   1 travis travis   666 Jun 11 04:37 Repeat$_fireFunction_Repeat_Repeat$__f_sL_11.class
-rw-rw-r--   1 travis travis   522 Jun 11 04:37 Repeat$_fireFunction_Repeat_Repeat$__f_sL_13.class
-rw-rw-r--   1 travis travis   665 Jun 11 04:37 Repeat$_fireFunction_Repeat_Repeat$__f_sL_1.class
-rw-rw-r--   1 travis travis   520 Jun 11 04:37 Repeat$_fireFunction_Repeat_Repeat$__f_sL_2.class
-rw-rw-r--   1 travis travis   520 Jun 11 04:37 Repeat$_fireFunction_Repeat_Repeat$__f_sL_3.class
-rw-rw-r--   1 travis travis   520 Jun 11 04:37 Repeat$_fireFunction_Repeat_Repeat$__f_sL_5.class
-rw-rw-r--   1 travis travis   671 Jun 11 04:37 Repeat$_fireFunction_Repeat_Repeat$__f_sL_7.class
-rw-rw-r--   1 travis travis   520 Jun 11 04:37 Repeat$_fireFunction_Repeat_Repeat$__f_sL_9.class
-rw-rw-r--   1 travis travis   813 Jun 11 04:37 Repeat$_initialize_Repeat.class
-rw-rw-r--   1 travis travis   475 Jun 11 04:37 Repeat$_initialize_Repeat$__i_sL_0.class
-rw-rw-r--   1 travis travis   519 Jun 11 04:37 Repeat$_initialize_Repeat$__i_sL_3.class
-rw-rw-r--   1 travis travis 39778 Jun 11 04:37 Repeat.java
-rw-rw-r--   1 travis travis  1281 Jun 11 04:37 Repeat.mk
-rw-rw-r--   1 travis travis   520 Jun 11 04:37 Repeat$_preinitializeMethod_Repeat$__p_sL_0.class
-rw-rw-r--   1 travis travis   520 Jun 11 04:37 Repeat$_preinitializeMethod_Repeat$__p_sL_1.class
-rw-rw-r--   1 travis travis  1083 Jun 11 04:37 Repeat$_Repeat$_fireFunction_Repeat_AddSubtract_Repeat.class
-rw-rw-r--   1 travis travis   791 Jun 11 04:37 Repeat$_Repeat$_fireFunction_Repeat_AddSubtract_Repeat$__f_sL_0.class
-rw-rw-r--   1 travis travis   909 Jun 11 04:37 Repeat$_Repeat$_fireFunction_Repeat_AddSubtract_Repeat$__f_sL_1.class
-rw-rw-r--   1 travis travis   915 Jun 11 04:37 Repeat$_Repeat$_fireFunction_Repeat_AddSubtract_Repeat$__f_sL_2.class
-rw-rw-r--   1 travis travis   838 Jun 11 04:37 Repeat$_Repeat$_fireFunction_Repeat_Ramp2_Repeat$__f_sL_1.class
-rw-rw-r--   1 travis travis  1785 Jun 11 04:37 Repeat$_Repeat$_fireFunction_Repeat_Test_Repeat$__f_sL_2.class
-rw-rw-r--   1 travis travis   685 Jun 11 04:37 Repeat$_Repeat_SDF_Director_run_Repeat$__R_sL_0.class
-rw-rw-r--   1 travis travis   540 Jun 11 04:37 Repeat$_Repeat_SDF_Director_run_Repeat$__R_sL_1.class
-rw-rw-r--   1 travis travis   540 Jun 11 04:37 Repeat$_Repeat_SDF_Director_run_Repeat$__R_sL_2.class
-rw-rw-r--   1 travis travis   540 Jun 11 04:37 Repeat$_Repeat_SDF_Director_run_Repeat$__R_sL_4.class
-rw-rw-r--   1 travis travis   540 Jun 11 04:37 Repeat$_Repeat_SDF_Director_run_Repeat$__R_sL_5.class
-rw-rw-r--   1 travis travis   691 Jun 11 04:37 Repeat$_Repeat_SDF_Director_run_Repeat$__R_sL_6.class
-rw-rw-r--   1 travis travis   540 Jun 11 04:37 Repeat$_Repeat_SDF_Director_run_Repeat$__R_sL_7.class
-rw-rw-r--   1 travis travis   863 Jun 11 04:37 Repeat$_varinit_Repeat.class
-rw-rw-r--   1 travis travis   530 Jun 11 04:37 Repeat$_varinit_Repeat$__v_sL_1.class
-rw-rw-r--   1 travis travis   531 Jun 11 04:37 Repeat$_varinit_Repeat$__v_sL_2.class
-rw-rw-r--   1 travis travis   905 Jun 11 04:37 Repeat$_varinit_Repeat$__v_sL_4.class
-rw-rw-r--   1 travis travis   635 Jun 11 04:37 Repeat$_wrapup_Repeat.class
-rw-rw-r--   1 travis travis   965 Jun 11 04:37 Repeat$_wrapup_Repeat$__w_sL_1.class
-rw-rw-r--   1 travis travis   289 Jun 11 04:32 result.csv
drwxrwxr-x   3 travis travis 12288 Jun 11 04:35 Scrambler1
drwxrwxr-x   3 travis travis 20480 Jun 11 04:34 Sinewave2
drwxrwxr-x   3 travis travis 69632 Jun 11 04:35 StringCompare
drwxrwxr-x   3 travis travis 32768 Jun 11 04:35 StringFunction
drwxrwxr-x   3 travis travis 12288 Jun 11 04:35 StringLength
drwxrwxr-x   3 travis travis 57344 Jun 11 04:36 StringSimpleReplace
drwxrwxr-x   3 travis travis 12288 Jun 11 04:37 time2
drwxrwxr-x   3 travis travis 12288 Jun 11 04:37 time5
-rw-rw-r--   1 travis travis   432 Jun 11 04:37 Token.class
-rw-rw-r--   1 travis travis   251 Jun 11 04:37 Token.java
-rw-rw-r--   1 travis travis     0 Jun 11 04:37 top.
-rw-rw-r--   1 travis travis 20502 Jun 11 04:32 top.c
-rw-rw-r--   1 travis travis  3567 Jun 11 04:37 top.class
-rw-rw-r--   1 travis travis   169 Jun 11 04:32 top.html
-rw-rw-r--   1 travis travis  7552 Jun 11 04:37 top.java
-rw-rw-r--   1 travis travis 38888 Jun 11 04:32 top.o
drwxrwxr-x   3 travis travis 57344 Jun 11 04:34 UnaryMathFunction
    javac -classpath
.:/home/travis/build/icyphy/ptII:/home/travis/build/icyphy/ptII/lib/bsh-2.0b4.j
ar:/home/travis/build/icyphy/ptII/lib/ptCal.jar:/home/travis/build/icyphy/ptII/
lib/java_cup.jar:/home/travis/build/icyphy/ptII/lib/saxon8.jar:/home/travis/bui
ld/icyphy/ptII/lib/saxon8-dom.jar:/home/travis/build/icyphy/ptII/lib/chic.jar:/
home/travis/build/icyphy/ptII/lib/ptcolt.jar:/usr/lib/jvm/java-8-oracle/lib/too
ls.jar:/home/travis/build/icyphy/ptII/vendors/misc/itext/iText.jar:/home/travis
/build/icyphy/ptII/lib/g4ltl.jar:/home/travis/build/icyphy/ptII/lib/StructuralC
oder.jar:/home/travis/build/icyphy/ptII/vendors/jai-1_1_2_01/lib/jai_core.jar:/
home/travis/build/icyphy/ptII/vendors/jai-1_1_2_01/lib/jai_codec.jar:/home/trav
is/build/icyphy/ptII/lib/jcerti.jar:/home/travis/build/icyphy/ptII/lib/javax.ma
il.jar:/home/travis/build/icyphy/ptII/vendors/JMF-2.1.1e/lib/jmf.jar:/home/trav
is/build/icyphy/ptII/lib/jna-4.0.0-variadic.jar:/home/travis/build/icyphy/ptII/
vendors/misc/joystick/Joystick.jar:/home/travis/build/icyphy/ptII/lib/ptjacl.ja
r:/home/travis/build/icyphy/ptII/lib/jsoup-1.8.2.jar:/home/travis/build/icyphy/
ptII/lib/junit-4.8.2.jar:/home/travis/build/icyphy/ptII/lib/JUnitParams-0.4.0.j
ar:/home/travis/build/icyphy/ptII/ptolemy/actor/lib/excel/jxl.jar:/home/travis/
build/icyphy/ptII/lib/jython.jar:/home/travis/build/icyphy/ptII/lib/kieler.jar:
/home/travis/build/icyphy/ptII/vendors/opencv/share/OpenCV/java/opencv-341.jar:
/home/travis/build/icyphy/ptII/lib/oscP5.jar:/home/travis/build/icyphy/ptII/lib
/nrjavaserial-3.11.0.devel.jar:/home/travis/build/icyphy/ptII/vendors/j3d/lib/j
3dcore.jar:/home/travis/build/icyphy/ptII/vendors/j3d/lib/j3dutils.jar:/home/tr
avis/build/icyphy/ptII/vendors/j3d/lib/vecmath.jar:/home/travis/build/icyphy/pt
II/ptolemy/distributed/jini/jar/jini-core.jar:/home/travis/build/icyphy/ptII/pt
olemy/distributed/jini/jar/jini-ext.jar:/home/travis/build/icyphy/ptII/ptolemy/
distributed/jini/jar/sun-util.jar:/home/travis/build/icyphy/ptII/lib/protobuf-j
ava-2.4.1.jar:/home/travis/build/icyphy/ptII/lib/org.eclipse.paho.client.mqttv3
.jar:/home/travis/build/icyphy/ptII/lib/mapss.jar:/home/travis/build/icyphy/ptI
I/ptolemy/actor/ptalon/antlr/antlr.jar:/home/travis/build/icyphy/ptII/lib/JRI.j
ar:/home/travis/build/icyphy/ptII/lib/commons-lang-2.6.jar:/home/travis/build/i
cyphy/ptII/lib/commons-logging-1.1.1.jar:/home/travis/build/icyphy/ptII/lib/soo
tclasses.jar:/home/travis/build/icyphy/ptII/ptolemy/actor/lib/database/mysql-co
nnector-java-5.1.6-bin.jar:/home/travis/build/icyphy/ptII/vendors/misc/sphinx4/
sphinx4-data-5prealpha.jar:/home/travis/build/icyphy/ptII/vendors/misc/sphinx4/
sphinx4-core-5prealpha.jar:/home/travis/build/icyphy/ptII/lib/PDFRenderer.jar:/
home/travis/build/icyphy/ptII/lib/svgSalamander.jar:/home/travis/build/icyphy/p
tII/lib/rsyntaxtextarea-2.6.0-SNAPSHOT.jar:/home/travis/build/icyphy/ptII/lib/h
azelcast-3.8.2.jar:/home/travis/build/icyphy/ptII/lib/jackson-annotations-2.9.0
.jar:/home/travis/build/icyphy/ptII/lib/jackson-core-2.9.3.jar:/home/travis/bui
ld/icyphy/ptII/lib/jackson-databind-2.9.3.jar:/home/travis/build/icyphy/ptII/li
b/netty-buffer-4.1.19.Final.jar:/home/travis/build/icyphy/ptII/lib/netty-codec-
4.1.19.Final.jar:/home/travis/build/icyphy/ptII/lib/netty-codec-dns-4.1.19.Fina
l.jar:/home/travis/build/icyphy/ptII/lib/netty-codec-http-4.1.19.Final.jar:/hom
e/travis/build/icyphy/ptII/lib/netty-codec-http2-4.1.19.Final.jar:/home/travis/
build/icyphy/ptII/lib/netty-common-4.1.19.Final.jar:/home/travis/build/icyphy/p
tII/lib/netty-handler-4.1.19.Final.jar:/home/travis/build/icyphy/ptII/lib/netty
-resolver-4.1.19.Final.jar:/home/travis/build/icyphy/ptII/lib/netty-resolver-dn
s-4.1.19.Final.jar:/home/travis/build/icyphy/ptII/lib/netty-transport-4.1.19.Fi
nal.jar:/home/travis/build/icyphy/ptII/lib/vertx-codegen-3.5.1.jar:/home/travis
/build/icyphy/ptII/lib/vertx-core-3.5.2-SNAPSHOT.jar:/home/travis/build/icyphy/
ptII/lib/vertx-hazelcast-3.5.1.jar:/home/travis/build/icyphy/ptII/lib/vertx-lan
g-js-3.5.1.jar:/home/travis/build/icyphy/ptII/lib/vertx-service-proxy-3.5.1.jar
:/home/travis/build/icyphy/ptII/lib/vertx-web-3.5.1.jar:/home/travis/build/icyp
hy/ptII/lib/slf4j-api-1.7.13.jar:/home/travis/build/icyphy/ptII/lib/slf4j-simpl
e-1.7.13.jar:/home/travis/build/icyphy/ptII/lib/webcam-capture-0.3.12.jar:/home
/travis/build/icyphy/ptII/lib/bridj-0.7.0.jar:/home/travis/build/icyphy/ptII/li
b/xbjlib-1.1.0.nrjavaserial.jar:/home/travis/build/icyphy/ptII/ptolemy/moml/tes
t:/home/travis/build/icyphy/ptII/ant/lib/ant-launcher.jar:/home/travis/build/ic
yphy/ptII/ant/lib/ant.jar:/home/travis/build/icyphy/ptII/ant/lib/ant-junit.jar:
/home/travis/build/icyphy/ptII/ant/lib/ant-junit4.jar:/home/travis/build/icyphy
/ptII ModularCodeGenTest_A1_A2_profile.java
All Done
Writing ModularCodeGenTest_A1_A2.java in file:/home/travis/cg/ (9163 characters)
Reading "ptolemy/cg/kernel/generic/program/procedural/java/modular/makefile.in",
    writing "/home/travis/cg/ModularCodeGenTest_A1_A2.mk"
Using ptolemy/cg/kernel/generic/program/procedural/java/modular/makefile.in
In "/home/travis/cg", about to execute:
    make -f ModularCodeGenTest_A1_A2.mk
javac -classpath ".:.."    ModularCodeGenTest_A1_A2.java
All Done
In "/home/travis/cg", about to execute:
    pwd
In "/home/travis/cg", about to execute:
    ls -l
/home/travis/cg
In "/home/travis/cg", about to execute:
    javac -classpath
.:/home/travis/build/icyphy/ptII:/home/travis/build/icyphy/ptII/lib/bsh-2.0b4.j
ar:/home/travis/build/icyphy/ptII/lib/ptCal.jar:/home/travis/build/icyphy/ptII/
lib/java_cup.jar:/home/travis/build/icyphy/ptII/lib/saxon8.jar:/home/travis/bui
ld/icyphy/ptII/lib/saxon8-dom.jar:/home/travis/build/icyphy/ptII/lib/chic.jar:/
home/travis/build/icyphy/ptII/lib/ptcolt.jar:/usr/lib/jvm/java-8-oracle/lib/too
ls.jar:/home/travis/build/icyphy/ptII/vendors/misc/itext/iText.jar:/home/travis
/build/icyphy/ptII/lib/g4ltl.jar:/home/travis/build/icyphy/ptII/lib/StructuralC
oder.jar:/home/travis/build/icyphy/ptII/vendors/jai-1_1_2_01/lib/jai_core.jar:/
home/travis/build/icyphy/ptII/vendors/jai-1_1_2_01/lib/jai_codec.jar:/home/trav
is/build/icyphy/ptII/lib/jcerti.jar:/home/travis/build/icyphy/ptII/lib/javax.ma
il.jar:/home/travis/build/icyphy/ptII/vendors/JMF-2.1.1e/lib/jmf.jar:/home/trav
is/build/icyphy/ptII/lib/jna-4.0.0-variadic.jar:/home/travis/build/icyphy/ptII/
vendors/misc/joystick/Joystick.jar:/home/travis/build/icyphy/ptII/lib/ptjacl.ja
r:/home/travis/build/icyphy/ptII/lib/jsoup-1.8.2.jar:/home/travis/build/icyphy/
ptII/lib/junit-4.8.2.jar:/home/travis/build/icyphy/ptII/lib/JUnitParams-0.4.0.j
ar:/home/travis/build/icyphy/ptII/ptolemy/actor/lib/excel/jxl.jar:/home/travis/
build/icyphy/ptII/lib/jython.jar:/home/travis/build/icyphy/ptII/lib/kieler.jar:
/home/travis/build/icyphy/ptII/vendors/opencv/share/OpenCV/java/opencv-341.jar:
/home/travis/build/icyphy/ptII/lib/oscP5.jar:/home/travis/build/icyphy/ptII/lib
/nrjavaserial-3.11.0.devel.jar:/home/travis/build/icyphy/ptII/vendors/j3d/lib/j
3dcore.jar:/home/travis/build/icyphy/ptII/vendors/j3d/lib/j3dutils.jar:/home/tr
avis/build/icyphy/ptII/vendors/j3d/lib/vecmath.jar:/home/travis/build/icyphy/pt
II/ptolemy/distributed/jini/jar/jini-core.jar:/home/travis/build/icyphy/ptII/pt
olemy/distributed/jini/jar/jini-ext.jar:/home/travis/build/icyphy/ptII/ptolemy/
distributed/jini/jar/sun-util.jar:/home/travis/build/icyphy/ptII/lib/protobuf-j
ava-2.4.1.jar:/home/travis/build/icyphy/ptII/lib/org.eclipse.paho.client.mqttv3
.jar:/home/travis/build/icyphy/ptII/lib/mapss.jar:/home/travis/build/icyphy/ptI
I/ptolemy/actor/ptalon/antlr/antlr.jar:/home/travis/build/icyphy/ptII/lib/JRI.j
ar:/home/travis/build/icyphy/ptII/lib/commons-lang-2.6.jar:/home/travis/build/i
cyphy/ptII/lib/commons-logging-1.1.1.jar:/home/travis/build/icyphy/ptII/lib/soo
tclasses.jar:/home/travis/build/icyphy/ptII/ptolemy/actor/lib/database/mysql-co
nnector-java-5.1.6-bin.jar:/home/travis/build/icyphy/ptII/vendors/misc/sphinx4/
sphinx4-data-5prealpha.jar:/home/travis/build/icyphy/ptII/vendors/misc/sphinx4/
sphinx4-core-5prealpha.jar:/home/travis/build/icyphy/ptII/lib/PDFRenderer.jar:/
home/travis/build/icyphy/ptII/lib/svgSalamander.jar:/home/travis/build/icyphy/p
tII/lib/rsyntaxtextarea-2.6.0-SNAPSHOT.jar:/home/travis/build/icyphy/ptII/lib/h
azelcast-3.8.2.jar:/home/travis/build/icyphy/ptII/lib/jackson-annotations-2.9.0
.jar:/home/travis/build/icyphy/ptII/lib/jackson-core-2.9.3.jar:/home/travis/bui
ld/icyphy/ptII/lib/jackson-databind-2.9.3.jar:/home/travis/build/icyphy/ptII/li
b/netty-buffer-4.1.19.Final.jar:/home/travis/build/icyphy/ptII/lib/netty-codec-
4.1.19.Final.jar:/home/travis/build/icyphy/ptII/lib/netty-codec-dns-4.1.19.Fina
l.jar:/home/travis/build/icyphy/ptII/lib/netty-codec-http-4.1.19.Final.jar:/hom
e/travis/build/icyphy/ptII/lib/netty-codec-http2-4.1.19.Final.jar:/home/travis/
build/icyphy/ptII/lib/netty-common-4.1.19.Final.jar:/home/travis/build/icyphy/p
tII/lib/netty-handler-4.1.19.Final.jar:/home/travis/build/icyphy/ptII/lib/netty
-resolver-4.1.19.Final.jar:/home/travis/build/icyphy/ptII/lib/netty-resolver-dn
s-4.1.19.Final.jar:/home/travis/build/icyphy/ptII/lib/netty-transport-4.1.19.Fi
nal.jar:/home/travis/build/icyphy/ptII/lib/vertx-codegen-3.5.1.jar:/home/travis
/build/icyphy/ptII/lib/vertx-core-3.5.2-SNAPSHOT.jar:/home/travis/build/icyphy/
ptII/lib/vertx-hazelcast-3.5.1.jar:/home/travis/build/icyphy/ptII/lib/vertx-lan
g-js-3.5.1.jar:/home/travis/build/icyphy/ptII/lib/vertx-service-proxy-3.5.1.jar
:/home/travis/build/icyphy/ptII/lib/vertx-web-3.5.1.jar:/home/travis/build/icyp
hy/ptII/lib/slf4j-api-1.7.13.jar:/home/travis/build/icyphy/ptII/lib/slf4j-simpl
e-1.7.13.jar:/home/travis/build/icyphy/ptII/lib/webcam-capture-0.3.12.jar:/home
/travis/build/icyphy/ptII/lib/bridj-0.7.0.jar:/home/travis/build/icyphy/ptII/li
b/xbjlib-1.1.0.nrjavaserial.jar:/home/travis/build/icyphy/ptII/ptolemy/moml/tes
t:/home/travis/build/icyphy/ptII/ant/lib/ant-launcher.jar:/home/travis/build/ic
yphy/ptII/ant/lib/ant.jar:/home/travis/build/icyphy/ptII/ant/lib/ant-junit.jar:
/home/travis/build/icyphy/ptII/ant/lib/ant-junit4.jar:/home/travis/build/icyphy
/ptII ModularCodeGenTest_A1_profile.java
total 872
drwxrwxr-x   3 travis travis 12288 Jun 11 04:33 AbsoluteValue
drwxrwxr-x   3 travis travis 16384 Jun 11 04:33 Case1
drwxrwxr-x   3 travis travis 32768 Jun 11 04:33 Case2
drwxrwxr-x   3 travis travis 24576 Jun 11 04:35 DeScrambler
drwxrwxr-x   3 travis travis 16384 Jun 11 04:36 DotProduct
drwxrwxr-x   3 travis travis 12288 Jun 11 04:33 FileWriter1
drwxrwxr-x   3 travis travis 20480 Jun 11 04:32 FixToDoubleAndBack
drwxrwxr-x   3 travis travis 16384 Jun 11 04:33 Gaussian1
drwxrwxr-x   3 travis travis 20480 Jun 11 04:33 Gaussian2
drwxrwxr-x   3 travis travis 12288 Jun 11 04:33 LookupTable
drwxrwxr-x   3 travis travis 20480 Jun 11 04:34 MaxIndex
-rw-rw-r--   1 travis travis  3491 Jun 11 04:37 ModularCodeGenTest_A1_A2.class
-rw-rw-r--   1 travis travis  9163 Jun 11 04:37 ModularCodeGenTest_A1_A2.java
-rw-rw-r--   1 travis travis   904 Jun 11 04:37 ModularCodeGenTest_A1_A2.mk
-rw-rw-r--   1 travis travis  1306 Jun 11 04:37 ModularCodeGenTest_A1_A2_profile.class
-rw-rw-r--   1 travis travis  1228 Jun 11 04:37 ModularCodeGenTest_A1_A2_profile.java
-rw-rw-r--   1 travis travis  1394 Jun 11 04:37 ModularCodeGenTest_A1_profile.java
drwxrwxr-x   3 travis travis 36864 Jun 11 04:37 modulation2
drwxrwxr-x   3 travis travis 20480 Jun 11 04:34 Multiplexor
drwxrwxr-x 242 travis travis 12288 Jun 11 04:37 node_modules
drwxrwxr-x   3 travis travis 20480 Jun 11 04:34 PhaseUnwrap
-rw-rw-r--   1 travis travis   520 Jun 11 04:37 Repeat$_fireFunction_Repeat_Repeat$__f_sL_0.class
-rw-rw-r--   1 travis travis   522 Jun 11 04:37 Repeat$_fireFunction_Repeat_Repeat$__f_sL_10.class
-rw-rw-r--   1 travis travis   666 Jun 11 04:37 Repeat$_fireFunction_Repeat_Repeat$__f_sL_11.class
-rw-rw-r--   1 travis travis   522 Jun 11 04:37 Repeat$_fireFunction_Repeat_Repeat$__f_sL_13.class
-rw-rw-r--   1 travis travis   665 Jun 11 04:37 Repeat$_fireFunction_Repeat_Repeat$__f_sL_1.class
-rw-rw-r--   1 travis travis   520 Jun 11 04:37 Repeat$_fireFunction_Repeat_Repeat$__f_sL_2.class
-rw-rw-r--   1 travis travis   520 Jun 11 04:37 Repeat$_fireFunction_Repeat_Repeat$__f_sL_3.class
-rw-rw-r--   1 travis travis   520 Jun 11 04:37 Repeat$_fireFunction_Repeat_Repeat$__f_sL_5.class
-rw-rw-r--   1 travis travis   671 Jun 11 04:37 Repeat$_fireFunction_Repeat_Repeat$__f_sL_7.class
-rw-rw-r--   1 travis travis   520 Jun 11 04:37 Repeat$_fireFunction_Repeat_Repeat$__f_sL_9.class
-rw-rw-r--   1 travis travis   813 Jun 11 04:37 Repeat$_initialize_Repeat.class
-rw-rw-r--   1 travis travis   475 Jun 11 04:37 Repeat$_initialize_Repeat$__i_sL_0.class
-rw-rw-r--   1 travis travis   519 Jun 11 04:37 Repeat$_initialize_Repeat$__i_sL_3.class
-rw-rw-r--   1 travis travis 39778 Jun 11 04:37 Repeat.java
-rw-rw-r--   1 travis travis  1281 Jun 11 04:37 Repeat.mk
-rw-rw-r--   1 travis travis   520 Jun 11 04:37 Repeat$_preinitializeMethod_Repeat$__p_sL_0.class
-rw-rw-r--   1 travis travis   520 Jun 11 04:37 Repeat$_preinitializeMethod_Repeat$__p_sL_1.class
-rw-rw-r--   1 travis travis  1083 Jun 11 04:37 Repeat$_Repeat$_fireFunction_Repeat_AddSubtract_Repeat.class
-rw-rw-r--   1 travis travis   791 Jun 11 04:37 Repeat$_Repeat$_fireFunction_Repeat_AddSubtract_Repeat$__f_sL_0.class
-rw-rw-r--   1 travis travis   909 Jun 11 04:37 Repeat$_Repeat$_fireFunction_Repeat_AddSubtract_Repeat$__f_sL_1.class
-rw-rw-r--   1 travis travis   915 Jun 11 04:37 Repeat$_Repeat$_fireFunction_Repeat_AddSubtract_Repeat$__f_sL_2.class
-rw-rw-r--   1 travis travis   838 Jun 11 04:37 Repeat$_Repeat$_fireFunction_Repeat_Ramp2_Repeat$__f_sL_1.class
-rw-rw-r--   1 travis travis  1785 Jun 11 04:37 Repeat$_Repeat$_fireFunction_Repeat_Test_Repeat$__f_sL_2.class
-rw-rw-r--   1 travis travis   685 Jun 11 04:37 Repeat$_Repeat_SDF_Director_run_Repeat$__R_sL_0.class
-rw-rw-r--   1 travis travis   540 Jun 11 04:37 Repeat$_Repeat_SDF_Director_run_Repeat$__R_sL_1.class
-rw-rw-r--   1 travis travis   540 Jun 11 04:37 Repeat$_Repeat_SDF_Director_run_Repeat$__R_sL_2.class
-rw-rw-r--   1 travis travis   540 Jun 11 04:37 Repeat$_Repeat_SDF_Director_run_Repeat$__R_sL_4.class
-rw-rw-r--   1 travis travis   540 Jun 11 04:37 Repeat$_Repeat_SDF_Director_run_Repeat$__R_sL_5.class
-rw-rw-r--   1 travis travis   691 Jun 11 04:37 Repeat$_Repeat_SDF_Director_run_Repeat$__R_sL_6.class
-rw-rw-r--   1 travis travis   540 Jun 11 04:37 Repeat$_Repeat_SDF_Director_run_Repeat$__R_sL_7.class
-rw-rw-r--   1 travis travis   863 Jun 11 04:37 Repeat$_varinit_Repeat.class
-rw-rw-r--   1 travis travis   530 Jun 11 04:37 Repeat$_varinit_Repeat$__v_sL_1.class
-rw-rw-r--   1 travis travis   531 Jun 11 04:37 Repeat$_varinit_Repeat$__v_sL_2.class
-rw-rw-r--   1 travis travis   905 Jun 11 04:37 Repeat$_varinit_Repeat$__v_sL_4.class
-rw-rw-r--   1 travis travis   635 Jun 11 04:37 Repeat$_wrapup_Repeat.class
-rw-rw-r--   1 travis travis   965 Jun 11 04:37 Repeat$_wrapup_Repeat$__w_sL_1.class
-rw-rw-r--   1 travis travis   289 Jun 11 04:32 result.csv
drwxrwxr-x   3 travis travis 12288 Jun 11 04:35 Scrambler1
drwxrwxr-x   3 travis travis 20480 Jun 11 04:34 Sinewave2
drwxrwxr-x   3 travis travis 69632 Jun 11 04:35 StringCompare
drwxrwxr-x   3 travis travis 32768 Jun 11 04:35 StringFunction
drwxrwxr-x   3 travis travis 12288 Jun 11 04:35 StringLength
drwxrwxr-x   3 travis travis 57344 Jun 11 04:36 StringSimpleReplace
drwxrwxr-x   3 travis travis 12288 Jun 11 04:37 time2
drwxrwxr-x   3 travis travis 12288 Jun 11 04:37 time5
-rw-rw-r--   1 travis travis   432 Jun 11 04:37 Token.class
-rw-rw-r--   1 travis travis   251 Jun 11 04:37 Token.java
-rw-rw-r--   1 travis travis     0 Jun 11 04:37 top.
-rw-rw-r--   1 travis travis 20502 Jun 11 04:32 top.c
-rw-rw-r--   1 travis travis  3567 Jun 11 04:37 top.class
-rw-rw-r--   1 travis travis   169 Jun 11 04:32 top.html
-rw-rw-r--   1 travis travis  7552 Jun 11 04:37 top.java
-rw-rw-r--   1 travis travis 38888 Jun 11 04:32 top.o
drwxrwxr-x   3 travis travis 57344 Jun 11 04:34 UnaryMathFunction
All Done
Writing ModularCodeGenTest_A1.java in file:/home/travis/cg/ (9968 characters)
Reading "ptolemy/cg/kernel/generic/program/procedural/java/modular/makefile.in",
    writing "/home/travis/cg/ModularCodeGenTest_A1.mk"
Using ptolemy/cg/kernel/generic/program/procedural/java/modular/makefile.in
In "/home/travis/cg", about to execute:
    make -f ModularCodeGenTest_A1.mk
javac -classpath ".:.."    ModularCodeGenTest_A1.java
All Done
4650 ms. Memory: 144896K Free: 102165K (71%)
17 ms. Memory: 144896K Free: 99929K (69%)
In "/home/travis/cg", about to execute:
    pwd
In "/home/travis/cg", about to execute:
    ls -l
In "/home/travis/cg", about to execute:
    javac -classpath
.:/home/travis/build/icyphy/ptII:/home/travis/build/icyphy/ptII/lib/bsh-2.0b4.j
ar:/home/travis/build/icyphy/ptII/lib/ptCal.jar:/home/travis/build/icyphy/ptII/
lib/java_cup.jar:/home/travis/build/icyphy/ptII/lib/saxon8.jar:/home/travis/bui
ld/icyphy/ptII/lib/saxon8-dom.jar:/home/travis/build/icyphy/ptII/lib/chic.jar:/
home/travis/build/icyphy/ptII/lib/ptcolt.jar:/usr/lib/jvm/java-8-oracle/lib/too
ls.jar:/home/travis/build/icyphy/ptII/vendors/misc/itext/iText.jar:/home/travis
/build/icyphy/ptII/lib/g4ltl.jar:/home/travis/build/icyphy/ptII/lib/StructuralC
oder.jar:/home/travis/build/icyphy/ptII/vendors/jai-1_1_2_01/lib/jai_core.jar:/
home/travis/build/icyphy/ptII/vendors/jai-1_1_2_01/lib/jai_codec.jar:/home/trav
is/build/icyphy/ptII/lib/jcerti.jar:/home/travis/build/icyphy/ptII/lib/javax.ma
il.jar:/home/travis/build/icyphy/ptII/vendors/JMF-2.1.1e/lib/jmf.jar:/home/trav
is/build/icyphy/ptII/lib/jna-4.0.0-variadic.jar:/home/travis/build/icyphy/ptII/
vendors/misc/joystick/Joystick.jar:/home/travis/build/icyphy/ptII/lib/ptjacl.ja
r:/home/travis/build/icyphy/ptII/lib/jsoup-1.8.2.jar:/home/travis/build/icyphy/
ptII/lib/junit-4.8.2.jar:/home/travis/build/icyphy/ptII/lib/JUnitParams-0.4.0.j
ar:/home/travis/build/icyphy/ptII/ptolemy/actor/lib/excel/jxl.jar:/home/travis/
build/icyphy/ptII/lib/jython.jar:/home/travis/build/icyphy/ptII/lib/kieler.jar:
/home/travis/build/icyphy/ptII/vendors/opencv/share/OpenCV/java/opencv-341.jar:
/home/travis/build/icyphy/ptII/lib/oscP5.jar:/home/travis/build/icyphy/ptII/lib
/nrjavaserial-3.11.0.devel.jar:/home/travis/build/icyphy/ptII/vendors/j3d/lib/j
3dcore.jar:/home/travis/build/icyphy/ptII/vendors/j3d/lib/j3dutils.jar:/home/tr
avis/build/icyphy/ptII/vendors/j3d/lib/vecmath.jar:/home/travis/build/icyphy/pt
II/ptolemy/distributed/jini/jar/jini-core.jar:/home/travis/build/icyphy/ptII/pt
olemy/distributed/jini/jar/jini-ext.jar:/home/travis/build/icyphy/ptII/ptolemy/
distributed/jini/jar/sun-util.jar:/home/travis/build/icyphy/ptII/lib/protobuf-j
ava-2.4.1.jar:/home/travis/build/icyphy/ptII/lib/org.eclipse.paho.client.mqttv3
.jar:/home/travis/build/icyphy/ptII/lib/mapss.jar:/home/travis/build/icyphy/ptI
I/ptolemy/actor/ptalon/antlr/antlr.jar:/home/travis/build/icyphy/ptII/lib/JRI.j
ar:/home/travis/build/icyphy/ptII/lib/commons-lang-2.6.jar:/home/travis/build/i
cyphy/ptII/lib/commons-logging-1.1.1.jar:/home/travis/build/icyphy/ptII/lib/soo
tclasses.jar:/home/travis/build/icyphy/ptII/ptolemy/actor/lib/database/mysql-co
nnector-java-5.1.6-bin.jar:/home/travis/build/icyphy/ptII/vendors/misc/sphinx4/
sphinx4-data-5prealpha.jar:/home/travis/build/icyphy/ptII/vendors/misc/sphinx4/
sphinx4-core-5prealpha.jar:/home/travis/build/icyphy/ptII/lib/PDFRenderer.jar:/
home/travis/build/icyphy/ptII/lib/svgSalamander.jar:/home/travis/build/icyphy/p
tII/lib/rsyntaxtextarea-2.6.0-SNAPSHOT.jar:/home/travis/build/icyphy/ptII/lib/h
azelcast-3.8.2.jar:/home/travis/build/icyphy/ptII/lib/jackson-annotations-2.9.0
.jar:/home/travis/build/icyphy/ptII/lib/jackson-core-2.9.3.jar:/home/travis/bui
ld/icyphy/ptII/lib/jackson-databind-2.9.3.jar:/home/travis/build/icyphy/ptII/li
b/netty-buffer-4.1.19.Final.jar:/home/travis/build/icyphy/ptII/lib/netty-codec-
4.1.19.Final.jar:/home/travis/build/icyphy/ptII/lib/netty-codec-dns-4.1.19.Fina
l.jar:/home/travis/build/icyphy/ptII/lib/netty-codec-http-4.1.19.Final.jar:/hom
e/travis/build/icyphy/ptII/lib/netty-codec-http2-4.1.19.Final.jar:/home/travis/
build/icyphy/ptII/lib/netty-common-4.1.19.Final.jar:/home/travis/build/icyphy/p
tII/lib/netty-handler-4.1.19.Final.jar:/home/travis/build/icyphy/ptII/lib/netty
-resolver-4.1.19.Final.jar:/home/travis/build/icyphy/ptII/lib/netty-resolver-dn
s-4.1.19.Final.jar:/home/travis/build/icyphy/ptII/lib/netty-transport-4.1.19.Fi
nal.jar:/home/travis/build/icyphy/ptII/lib/vertx-codegen-3.5.1.jar:/home/travis
/build/icyphy/ptII/lib/vertx-core-3.5.2-SNAPSHOT.jar:/home/travis/build/icyphy/
ptII/lib/vertx-hazelcast-3.5.1.jar:/home/travis/build/icyphy/ptII/lib/vertx-lan
g-js-3.5.1.jar:/home/travis/build/icyphy/ptII/lib/vertx-service-proxy-3.5.1.jar
:/home/travis/build/icyphy/ptII/lib/vertx-web-3.5.1.jar:/home/travis/build/icyp
hy/ptII/lib/slf4j-api-1.7.13.jar:/home/travis/build/icyphy/ptII/lib/slf4j-simpl
e-1.7.13.jar:/home/travis/build/icyphy/ptII/lib/webcam-capture-0.3.12.jar:/home
/travis/build/icyphy/ptII/lib/bridj-0.7.0.jar:/home/travis/build/icyphy/ptII/li
b/xbjlib-1.1.0.nrjavaserial.jar:/home/travis/build/icyphy/ptII/ptolemy/moml/tes
t:/home/travis/build/icyphy/ptII/ant/lib/ant-launcher.jar:/home/travis/build/ic
yphy/ptII/ant/lib/ant.jar:/home/travis/build/icyphy/ptII/ant/lib/ant-junit.jar:
/home/travis/build/icyphy/ptII/ant/lib/ant-junit4.jar:/home/travis/build/icyphy
/ptII ModularCodeGenTest_A1_A2_profile.java
/home/travis/cg
total 896
drwxrwxr-x   3 travis travis 12288 Jun 11 04:33 AbsoluteValue
drwxrwxr-x   3 travis travis 16384 Jun 11 04:33 Case1
drwxrwxr-x   3 travis travis 32768 Jun 11 04:33 Case2
drwxrwxr-x   3 travis travis 24576 Jun 11 04:35 DeScrambler
drwxrwxr-x   3 travis travis 16384 Jun 11 04:36 DotProduct
drwxrwxr-x   3 travis travis 12288 Jun 11 04:33 FileWriter1
drwxrwxr-x   3 travis travis 20480 Jun 11 04:32 FixToDoubleAndBack
drwxrwxr-x   3 travis travis 16384 Jun 11 04:33 Gaussian1
drwxrwxr-x   3 travis travis 20480 Jun 11 04:33 Gaussian2
drwxrwxr-x   3 travis travis 12288 Jun 11 04:33 LookupTable
drwxrwxr-x   3 travis travis 20480 Jun 11 04:34 MaxIndex
-rw-rw-r--   1 travis travis  3491 Jun 11 04:37 ModularCodeGenTest_A1_A2.class
-rw-rw-r--   1 travis travis  9163 Jun 11 04:37 ModularCodeGenTest_A1_A2.java
-rw-rw-r--   1 travis travis   904 Jun 11 04:37 ModularCodeGenTest_A1_A2.mk
-rw-rw-r--   1 travis travis  1306 Jun 11 04:37 ModularCodeGenTest_A1_A2_profile.class
-rw-rw-r--   1 travis travis  1228 Jun 11 04:37 ModularCodeGenTest_A1_A2_profile.java
-rw-rw-r--   1 travis travis  3823 Jun 11 04:37 ModularCodeGenTest_A1.class
-rw-rw-r--   1 travis travis  9968 Jun 11 04:37 ModularCodeGenTest_A1.java
-rw-rw-r--   1 travis travis   880 Jun 11 04:37 ModularCodeGenTest_A1.mk
-rw-rw-r--   1 travis travis  1352 Jun 11 04:37 ModularCodeGenTest_A1_profile.class
-rw-rw-r--   1 travis travis  1394 Jun 11 04:37 ModularCodeGenTest_A1_profile.java
drwxrwxr-x   3 travis travis 36864 Jun 11 04:37 modulation2
drwxrwxr-x   3 travis travis 20480 Jun 11 04:34 Multiplexor
drwxrwxr-x 242 travis travis 12288 Jun 11 04:37 node_modules
drwxrwxr-x   3 travis travis 20480 Jun 11 04:34 PhaseUnwrap
-rw-rw-r--   1 travis travis   520 Jun 11 04:37 Repeat$_fireFunction_Repeat_Repeat$__f_sL_0.class
-rw-rw-r--   1 travis travis   522 Jun 11 04:37 Repeat$_fireFunction_Repeat_Repeat$__f_sL_10.class
-rw-rw-r--   1 travis travis   666 Jun 11 04:37 Repeat$_fireFunction_Repeat_Repeat$__f_sL_11.class
-rw-rw-r--   1 travis travis   522 Jun 11 04:37 Repeat$_fireFunction_Repeat_Repeat$__f_sL_13.class
-rw-rw-r--   1 travis travis   665 Jun 11 04:37 Repeat$_fireFunction_Repeat_Repeat$__f_sL_1.class
-rw-rw-r--   1 travis travis   520 Jun 11 04:37 Repeat$_fireFunction_Repeat_Repeat$__f_sL_2.class
-rw-rw-r--   1 travis travis   520 Jun 11 04:37 Repeat$_fireFunction_Repeat_Repeat$__f_sL_3.class
-rw-rw-r--   1 travis travis   520 Jun 11 04:37 Repeat$_fireFunction_Repeat_Repeat$__f_sL_5.class
-rw-rw-r--   1 travis travis   671 Jun 11 04:37 Repeat$_fireFunction_Repeat_Repeat$__f_sL_7.class
-rw-rw-r--   1 travis travis   520 Jun 11 04:37 Repeat$_fireFunction_Repeat_Repeat$__f_sL_9.class
-rw-rw-r--   1 travis travis   813 Jun 11 04:37 Repeat$_initialize_Repeat.class
-rw-rw-r--   1 travis travis   475 Jun 11 04:37 Repeat$_initialize_Repeat$__i_sL_0.class
-rw-rw-r--   1 travis travis   519 Jun 11 04:37 Repeat$_initialize_Repeat$__i_sL_3.class
-rw-rw-r--   1 travis travis 39778 Jun 11 04:37 Repeat.java
-rw-rw-r--   1 travis travis  1281 Jun 11 04:37 Repeat.mk
-rw-rw-r--   1 travis travis   520 Jun 11 04:37 Repeat$_preinitializeMethod_Repeat$__p_sL_0.class
-rw-rw-r--   1 travis travis   520 Jun 11 04:37 Repeat$_preinitializeMethod_Repeat$__p_sL_1.class
-rw-rw-r--   1 travis travis  1083 Jun 11 04:37 Repeat$_Repeat$_fireFunction_Repeat_AddSubtract_Repeat.class
-rw-rw-r--   1 travis travis   791 Jun 11 04:37 Repeat$_Repeat$_fireFunction_Repeat_AddSubtract_Repeat$__f_sL_0.class
-rw-rw-r--   1 travis travis   909 Jun 11 04:37 Repeat$_Repeat$_fireFunction_Repeat_AddSubtract_Repeat$__f_sL_1.class
-rw-rw-r--   1 travis travis   915 Jun 11 04:37 Repeat$_Repeat$_fireFunction_Repeat_AddSubtract_Repeat$__f_sL_2.class
-rw-rw-r--   1 travis travis   838 Jun 11 04:37 Repeat$_Repeat$_fireFunction_Repeat_Ramp2_Repeat$__f_sL_1.class
-rw-rw-r--   1 travis travis  1785 Jun 11 04:37 Repeat$_Repeat$_fireFunction_Repeat_Test_Repeat$__f_sL_2.class
-rw-rw-r--   1 travis travis   685 Jun 11 04:37 Repeat$_Repeat_SDF_Director_run_Repeat$__R_sL_0.class
-rw-rw-r--   1 travis travis   540 Jun 11 04:37 Repeat$_Repeat_SDF_Director_run_Repeat$__R_sL_1.class
-rw-rw-r--   1 travis travis   540 Jun 11 04:37 Repeat$_Repeat_SDF_Director_run_Repeat$__R_sL_2.class
-rw-rw-r--   1 travis travis   540 Jun 11 04:37 Repeat$_Repeat_SDF_Director_run_Repeat$__R_sL_4.class
-rw-rw-r--   1 travis travis   540 Jun 11 04:37 Repeat$_Repeat_SDF_Director_run_Repeat$__R_sL_5.class
-rw-rw-r--   1 travis travis   691 Jun 11 04:37 Repeat$_Repeat_SDF_Director_run_Repeat$__R_sL_6.class
-rw-rw-r--   1 travis travis   540 Jun 11 04:37 Repeat$_Repeat_SDF_Director_run_Repeat$__R_sL_7.class
-rw-rw-r--   1 travis travis   863 Jun 11 04:37 Repeat$_varinit_Repeat.class
-rw-rw-r--   1 travis travis   530 Jun 11 04:37 Repeat$_varinit_Repeat$__v_sL_1.class
-rw-rw-r--   1 travis travis   531 Jun 11 04:37 Repeat$_varinit_Repeat$__v_sL_2.class
-rw-rw-r--   1 travis travis   905 Jun 11 04:37 Repeat$_varinit_Repeat$__v_sL_4.class
-rw-rw-r--   1 travis travis   635 Jun 11 04:37 Repeat$_wrapup_Repeat.class
-rw-rw-r--   1 travis travis   965 Jun 11 04:37 Repeat$_wrapup_Repeat$__w_sL_1.class
-rw-rw-r--   1 travis travis   289 Jun 11 04:32 result.csv
drwxrwxr-x   3 travis travis 12288 Jun 11 04:35 Scrambler1
drwxrwxr-x   3 travis travis 20480 Jun 11 04:34 Sinewave2
drwxrwxr-x   3 travis travis 69632 Jun 11 04:35 StringCompare
drwxrwxr-x   3 travis travis 32768 Jun 11 04:35 StringFunction
drwxrwxr-x   3 travis travis 12288 Jun 11 04:35 StringLength
drwxrwxr-x   3 travis travis 57344 Jun 11 04:36 StringSimpleReplace
drwxrwxr-x   3 travis travis 12288 Jun 11 04:37 time2
drwxrwxr-x   3 travis travis 12288 Jun 11 04:37 time5
-rw-rw-r--   1 travis travis   432 Jun 11 04:37 Token.class
-rw-rw-r--   1 travis travis   251 Jun 11 04:37 Token.java
-rw-rw-r--   1 travis travis     0 Jun 11 04:37 top.
-rw-rw-r--   1 travis travis 20502 Jun 11 04:32 top.c
-rw-rw-r--   1 travis travis  3567 Jun 11 04:37 top.class
-rw-rw-r--   1 travis travis   169 Jun 11 04:32 top.html
-rw-rw-r--   1 travis travis  7552 Jun 11 04:37 top.java
-rw-rw-r--   1 travis travis 38888 Jun 11 04:32 top.o
drwxrwxr-x   3 travis travis 57344 Jun 11 04:34 UnaryMathFunction
All Done
Writing ModularCodeGenTest_A1_A2.java in file:/home/travis/cg/ (9164 characters)
Reading "ptolemy/cg/kernel/generic/program/procedural/java/modular/makefile.in",
    writing "/home/travis/cg/ModularCodeGenTest_A1_A2.mk"
Using ptolemy/cg/kernel/generic/program/procedural/java/modular/makefile.in
In "/home/travis/cg", about to execute:
    make -f ModularCodeGenTest_A1_A2.mk
javac -classpath ".:.."    ModularCodeGenTest_A1_A2.java
All Done
2134 ms. Memory: 203776K Free: 142062K (70%)
Warning: failed to delete /home/travis/cg: error deleting "/home/travis/cg/node_modules/.bin":  best guess at reason: permission denied
In "/home/travis/cg", about to execute:
    pwd
In "/home/travis/cg", about to execute:
    ls -l
/home/travis/cg
In "/home/travis/cg", about to execute:
    javac -classpath
.:/home/travis/build/icyphy/ptII:/home/travis/build/icyphy/ptII/lib/bsh-2.0b4.j
ar:/home/travis/build/icyphy/ptII/lib/ptCal.jar:/home/travis/build/icyphy/ptII/
lib/java_cup.jar:/home/travis/build/icyphy/ptII/lib/saxon8.jar:/home/travis/bui
ld/icyphy/ptII/lib/saxon8-dom.jar:/home/travis/build/icyphy/ptII/lib/chic.jar:/
home/travis/build/icyphy/ptII/lib/ptcolt.jar:/usr/lib/jvm/java-8-oracle/lib/too
ls.jar:/home/travis/build/icyphy/ptII/vendors/misc/itext/iText.jar:/home/travis
/build/icyphy/ptII/lib/g4ltl.jar:/home/travis/build/icyphy/ptII/lib/StructuralC
oder.jar:/home/travis/build/icyphy/ptII/vendors/jai-1_1_2_01/lib/jai_core.jar:/
home/travis/build/icyphy/ptII/vendors/jai-1_1_2_01/lib/jai_codec.jar:/home/trav
is/build/icyphy/ptII/lib/jcerti.jar:/home/travis/build/icyphy/ptII/lib/javax.ma
il.jar:/home/travis/build/icyphy/ptII/vendors/JMF-2.1.1e/lib/jmf.jar:/home/trav
is/build/icyphy/ptII/lib/jna-4.0.0-variadic.jar:/home/travis/build/icyphy/ptII/
vendors/misc/joystick/Joystick.jar:/home/travis/build/icyphy/ptII/lib/ptjacl.ja
r:/home/travis/build/icyphy/ptII/lib/jsoup-1.8.2.jar:/home/travis/build/icyphy/
ptII/lib/junit-4.8.2.jar:/home/travis/build/icyphy/ptII/lib/JUnitParams-0.4.0.j
ar:/home/travis/build/icyphy/ptII/ptolemy/actor/lib/excel/jxl.jar:/home/travis/
build/icyphy/ptII/lib/jython.jar:/home/travis/build/icyphy/ptII/lib/kieler.jar:
/home/travis/build/icyphy/ptII/vendors/opencv/share/OpenCV/java/opencv-341.jar:
/home/travis/build/icyphy/ptII/lib/oscP5.jar:/home/travis/build/icyphy/ptII/lib
/nrjavaserial-3.11.0.devel.jar:/home/travis/build/icyphy/ptII/vendors/j3d/lib/j
3dcore.jar:/home/travis/build/icyphy/ptII/vendors/j3d/lib/j3dutils.jar:/home/tr
avis/build/icyphy/ptII/vendors/j3d/lib/vecmath.jar:/home/travis/build/icyphy/pt
II/ptolemy/distributed/jini/jar/jini-core.jar:/home/travis/build/icyphy/ptII/pt
olemy/distributed/jini/jar/jini-ext.jar:/home/travis/build/icyphy/ptII/ptolemy/
distributed/jini/jar/sun-util.jar:/home/travis/build/icyphy/ptII/lib/protobuf-j
ava-2.4.1.jar:/home/travis/build/icyphy/ptII/lib/org.eclipse.paho.client.mqttv3
.jar:/home/travis/build/icyphy/ptII/lib/mapss.jar:/home/travis/build/icyphy/ptI
I/ptolemy/actor/ptalon/antlr/antlr.jar:/home/travis/build/icyphy/ptII/lib/JRI.j
ar:/home/travis/build/icyphy/ptII/lib/commons-lang-2.6.jar:/home/travis/build/i
cyphy/ptII/lib/commons-logging-1.1.1.jar:/home/travis/build/icyphy/ptII/lib/soo
tclasses.jar:/home/travis/build/icyphy/ptII/ptolemy/actor/lib/database/mysql-co
nnector-java-5.1.6-bin.jar:/home/travis/build/icyphy/ptII/vendors/misc/sphinx4/
sphinx4-data-5prealpha.jar:/home/travis/build/icyphy/ptII/vendors/misc/sphinx4/
sphinx4-core-5prealpha.jar:/home/travis/build/icyphy/ptII/lib/PDFRenderer.jar:/
home/travis/build/icyphy/ptII/lib/svgSalamander.jar:/home/travis/build/icyphy/p
tII/lib/rsyntaxtextarea-2.6.0-SNAPSHOT.jar:/home/travis/build/icyphy/ptII/lib/h
azelcast-3.8.2.jar:/home/travis/build/icyphy/ptII/lib/jackson-annotations-2.9.0
.jar:/home/travis/build/icyphy/ptII/lib/jackson-core-2.9.3.jar:/home/travis/bui
ld/icyphy/ptII/lib/jackson-databind-2.9.3.jar:/home/travis/build/icyphy/ptII/li
b/netty-buffer-4.1.19.Final.jar:/home/travis/build/icyphy/ptII/lib/netty-codec-
4.1.19.Final.jar:/home/travis/build/icyphy/ptII/lib/netty-codec-dns-4.1.19.Fina
l.jar:/home/travis/build/icyphy/ptII/lib/netty-codec-http-4.1.19.Final.jar:/hom
e/travis/build/icyphy/ptII/lib/netty-codec-http2-4.1.19.Final.jar:/home/travis/
build/icyphy/ptII/lib/netty-common-4.1.19.Final.jar:/home/travis/build/icyphy/p
tII/lib/netty-handler-4.1.19.Final.jar:/home/travis/build/icyphy/ptII/lib/netty
-resolver-4.1.19.Final.jar:/home/travis/build/icyphy/ptII/lib/netty-resolver-dn
s-4.1.19.Final.jar:/home/travis/build/icyphy/ptII/lib/netty-transport-4.1.19.Fi
nal.jar:/home/travis/build/icyphy/ptII/lib/vertx-codegen-3.5.1.jar:/home/travis
/build/icyphy/ptII/lib/vertx-core-3.5.2-SNAPSHOT.jar:/home/travis/build/icyphy/
ptII/lib/vertx-hazelcast-3.5.1.jar:/home/travis/build/icyphy/ptII/lib/vertx-lan
g-js-3.5.1.jar:/home/travis/build/icyphy/ptII/lib/vertx-service-proxy-3.5.1.jar
:/home/travis/build/icyphy/ptII/lib/vertx-web-3.5.1.jar:/home/travis/build/icyp
hy/ptII/lib/slf4j-api-1.7.13.jar:/home/travis/build/icyphy/ptII/lib/slf4j-simpl
e-1.7.13.jar:/home/travis/build/icyphy/ptII/lib/webcam-capture-0.3.12.jar:/home
/travis/build/icyphy/ptII/lib/bridj-0.7.0.jar:/home/travis/build/icyphy/ptII/li
b/xbjlib-1.1.0.nrjavaserial.jar:/home/travis/build/icyphy/ptII/ptolemy/moml/tes
t:/home/travis/build/icyphy/ptII/ant/lib/ant-launcher.jar:/home/travis/build/ic
yphy/ptII/ant/lib/ant.jar:/home/travis/build/icyphy/ptII/ant/lib/ant-junit.jar:
/home/travis/build/icyphy/ptII/ant/lib/ant-junit4.jar:/home/travis/build/icyphy
/ptII ModularCodeGenTest_A1_profile.java
total 872
drwxrwxr-x   3 travis travis 12288 Jun 11 04:33 AbsoluteValue
drwxrwxr-x   3 travis travis 16384 Jun 11 04:33 Case1
drwxrwxr-x   3 travis travis 32768 Jun 11 04:33 Case2
drwxrwxr-x   3 travis travis 24576 Jun 11 04:35 DeScrambler
drwxrwxr-x   3 travis travis 16384 Jun 11 04:36 DotProduct
drwxrwxr-x   3 travis travis 12288 Jun 11 04:33 FileWriter1
drwxrwxr-x   3 travis travis 20480 Jun 11 04:32 FixToDoubleAndBack
drwxrwxr-x   3 travis travis 16384 Jun 11 04:33 Gaussian1
drwxrwxr-x   3 travis travis 20480 Jun 11 04:33 Gaussian2
drwxrwxr-x   3 travis travis 12288 Jun 11 04:33 LookupTable
drwxrwxr-x   3 travis travis 20480 Jun 11 04:34 MaxIndex
-rw-rw-r--   1 travis travis  3492 Jun 11 04:37 ModularCodeGenTest_A1_A2.class
-rw-rw-r--   1 travis travis   904 Jun 11 04:37 ModularCodeGenTest_A1_A2.mk
-rw-rw-r--   1 travis travis  1306 Jun 11 04:37 ModularCodeGenTest_A1_A2_profile.class
-rw-rw-r--   1 travis travis  9968 Jun 11 04:37 ModularCodeGenTest_A1.java
-rw-rw-r--   1 travis travis   880 Jun 11 04:37 ModularCodeGenTest_A1.mk
-rw-rw-r--   1 travis travis  1394 Jun 11 04:37 ModularCodeGenTest_A1_profile.java
drwxrwxr-x   3 travis travis 36864 Jun 11 04:37 modulation2
drwxrwxr-x   3 travis travis 20480 Jun 11 04:34 Multiplexor
drwxrwxr-x 242 travis travis 12288 Jun 11 04:37 node_modules
drwxrwxr-x   3 travis travis 20480 Jun 11 04:34 PhaseUnwrap
-rw-rw-r--   1 travis travis   520 Jun 11 04:37 Repeat$_fireFunction_Repeat_Repeat$__f_sL_0.class
-rw-rw-r--   1 travis travis   522 Jun 11 04:37 Repeat$_fireFunction_Repeat_Repeat$__f_sL_10.class
-rw-rw-r--   1 travis travis   666 Jun 11 04:37 Repeat$_fireFunction_Repeat_Repeat$__f_sL_11.class
-rw-rw-r--   1 travis travis   522 Jun 11 04:37 Repeat$_fireFunction_Repeat_Repeat$__f_sL_13.class
-rw-rw-r--   1 travis travis   665 Jun 11 04:37 Repeat$_fireFunction_Repeat_Repeat$__f_sL_1.class
-rw-rw-r--   1 travis travis   520 Jun 11 04:37 Repeat$_fireFunction_Repeat_Repeat$__f_sL_2.class
-rw-rw-r--   1 travis travis   520 Jun 11 04:37 Repeat$_fireFunction_Repeat_Repeat$__f_sL_3.class
-rw-rw-r--   1 travis travis   520 Jun 11 04:37 Repeat$_fireFunction_Repeat_Repeat$__f_sL_5.class
-rw-rw-r--   1 travis travis   671 Jun 11 04:37 Repeat$_fireFunction_Repeat_Repeat$__f_sL_7.class
-rw-rw-r--   1 travis travis   520 Jun 11 04:37 Repeat$_fireFunction_Repeat_Repeat$__f_sL_9.class
-rw-rw-r--   1 travis travis   813 Jun 11 04:37 Repeat$_initialize_Repeat.class
-rw-rw-r--   1 travis travis   475 Jun 11 04:37 Repeat$_initialize_Repeat$__i_sL_0.class
-rw-rw-r--   1 travis travis   519 Jun 11 04:37 Repeat$_initialize_Repeat$__i_sL_3.class
-rw-rw-r--   1 travis travis 39778 Jun 11 04:37 Repeat.java
-rw-rw-r--   1 travis travis  1281 Jun 11 04:37 Repeat.mk
-rw-rw-r--   1 travis travis   520 Jun 11 04:37 Repeat$_preinitializeMethod_Repeat$__p_sL_0.class
-rw-rw-r--   1 travis travis   520 Jun 11 04:37 Repeat$_preinitializeMethod_Repeat$__p_sL_1.class
-rw-rw-r--   1 travis travis  1083 Jun 11 04:37 Repeat$_Repeat$_fireFunction_Repeat_AddSubtract_Repeat.class
-rw-rw-r--   1 travis travis   791 Jun 11 04:37 Repeat$_Repeat$_fireFunction_Repeat_AddSubtract_Repeat$__f_sL_0.class
-rw-rw-r--   1 travis travis   909 Jun 11 04:37 Repeat$_Repeat$_fireFunction_Repeat_AddSubtract_Repeat$__f_sL_1.class
-rw-rw-r--   1 travis travis   915 Jun 11 04:37 Repeat$_Repeat$_fireFunction_Repeat_AddSubtract_Repeat$__f_sL_2.class
-rw-rw-r--   1 travis travis   838 Jun 11 04:37 Repeat$_Repeat$_fireFunction_Repeat_Ramp2_Repeat$__f_sL_1.class
-rw-rw-r--   1 travis travis  1785 Jun 11 04:37 Repeat$_Repeat$_fireFunction_Repeat_Test_Repeat$__f_sL_2.class
-rw-rw-r--   1 travis travis   685 Jun 11 04:37 Repeat$_Repeat_SDF_Director_run_Repeat$__R_sL_0.class
-rw-rw-r--   1 travis travis   540 Jun 11 04:37 Repeat$_Repeat_SDF_Director_run_Repeat$__R_sL_1.class
-rw-rw-r--   1 travis travis   540 Jun 11 04:37 Repeat$_Repeat_SDF_Director_run_Repeat$__R_sL_2.class
-rw-rw-r--   1 travis travis   540 Jun 11 04:37 Repeat$_Repeat_SDF_Director_run_Repeat$__R_sL_4.class
-rw-rw-r--   1 travis travis   540 Jun 11 04:37 Repeat$_Repeat_SDF_Director_run_Repeat$__R_sL_5.class
-rw-rw-r--   1 travis travis   691 Jun 11 04:37 Repeat$_Repeat_SDF_Director_run_Repeat$__R_sL_6.class
-rw-rw-r--   1 travis travis   540 Jun 11 04:37 Repeat$_Repeat_SDF_Director_run_Repeat$__R_sL_7.class
-rw-rw-r--   1 travis travis   863 Jun 11 04:37 Repeat$_varinit_Repeat.class
-rw-rw-r--   1 travis travis   530 Jun 11 04:37 Repeat$_varinit_Repeat$__v_sL_1.class
-rw-rw-r--   1 travis travis   531 Jun 11 04:37 Repeat$_varinit_Repeat$__v_sL_2.class
-rw-rw-r--   1 travis travis   905 Jun 11 04:37 Repeat$_varinit_Repeat$__v_sL_4.class
-rw-rw-r--   1 travis travis   635 Jun 11 04:37 Repeat$_wrapup_Repeat.class
-rw-rw-r--   1 travis travis   965 Jun 11 04:37 Repeat$_wrapup_Repeat$__w_sL_1.class
-rw-rw-r--   1 travis travis   289 Jun 11 04:32 result.csv
drwxrwxr-x   3 travis travis 12288 Jun 11 04:35 Scrambler1
drwxrwxr-x   3 travis travis 20480 Jun 11 04:34 Sinewave2
drwxrwxr-x   3 travis travis 69632 Jun 11 04:35 StringCompare
drwxrwxr-x   3 travis travis 32768 Jun 11 04:35 StringFunction
drwxrwxr-x   3 travis travis 12288 Jun 11 04:35 StringLength
drwxrwxr-x   3 travis travis 57344 Jun 11 04:36 StringSimpleReplace
drwxrwxr-x   3 travis travis 12288 Jun 11 04:37 time2
drwxrwxr-x   3 travis travis 12288 Jun 11 04:37 time5
-rw-rw-r--   1 travis travis   432 Jun 11 04:37 Token.class
-rw-rw-r--   1 travis travis   251 Jun 11 04:37 Token.java
-rw-rw-r--   1 travis travis     0 Jun 11 04:37 top.
-rw-rw-r--   1 travis travis 20502 Jun 11 04:32 top.c
-rw-rw-r--   1 travis travis  3567 Jun 11 04:37 top.class
-rw-rw-r--   1 travis travis   169 Jun 11 04:32 top.html
-rw-rw-r--   1 travis travis  7552 Jun 11 04:37 top.java
-rw-rw-r--   1 travis travis 38888 Jun 11 04:32 top.o
drwxrwxr-x   3 travis travis 57344 Jun 11 04:34 UnaryMathFunction
All Done
Writing ModularCodeGenTest_A1.java in file:/home/travis/cg/ (9968 characters)
Reading "ptolemy/cg/kernel/generic/program/procedural/java/modular/makefile.in",
    writing "/home/travis/cg/ModularCodeGenTest_A1.mk"
Using ptolemy/cg/kernel/generic/program/procedural/java/modular/makefile.in
In "/home/travis/cg", about to execute:
    make -f ModularCodeGenTest_A1.mk
javac -classpath ".:.."    ModularCodeGenTest_A1.java
All Done
2120 ms. Memory: 203776K Free: 83742K (41%)
06/11/19 04:37:30
Failed: 0  Total Tests: 3  ((Passed: 3, Newly Passed: 0)  Known Failed: 0) /home/travis/build/icyphy/ptII/ptolemy/cg/lib/test
No auto/knownFailedTests/*.xml tests in /home/travis/build/icyphy/ptII/ptolemy/cg/lib/test
No auto/linux-amd64/*.xml tests in /home/travis/build/icyphy/ptII/ptolemy/cg/lib/test
AutoTests.java: About to close Vertx.
AutoTests.java: Vertx closed.

===========================================================================================
----------------- testing Tue Jun 11 04:37:30 UTC 2019 /home/travis/build/icyphy/ptII/ptolemy/cg/lib/test/auto/CompiledCompositeActor.xml
----------------- Instantiating /home/travis/build/icyphy/ptII/ptolemy/cg/lib/test/auto/CompiledCompositeActor.xml
CompiledCompositeActor: Building shared object: The sharedObjectFile has a modification time that is earlier than the modelFile modification time.
Writing CompiledCompositeActor_CompiledCompositeActor.java in file:/home/travis/cg/ (13466 characters)
Reading "ptolemy/cg/kernel/generic/program/procedural/java/makefile.in",
    writing "/home/travis/cg/CompiledCompositeActor_CompiledCompositeActor.mk"
Using ptolemy/cg/kernel/generic/program/procedural/java/makefile.in
In "/home/travis/cg", about to execute:
    make -f CompiledCompositeActor_CompiledCompositeActor.mk
javac -classpath ".:."    CompiledCompositeActor_CompiledCompositeActor.java
All Done
960 ms. Memory: 197120K Free: 132788K (67%)
----------------- Invoking toplevel() on ptolemy.moml.MoMLSimpleApplication@212ffee7
----------------- Done invoking toplevel() on ptolemy.moml.MoMLSimpleApplication@212ffee7
reloadAllAccessors: .CompiledCompositeActor

===========================================================================================
----------------- testing Tue Jun 11 04:37:31 UTC 2019 /home/travis/build/icyphy/ptII/ptolemy/cg/lib/test/auto/DECGClockRamp.xml
----------------- Instantiating /home/travis/build/icyphy/ptII/ptolemy/cg/lib/test/auto/DECGClockRamp.xml
19 ms. Memory: 197120K Free: 127562K (65%)
----------------- Invoking toplevel() on ptolemy.moml.MoMLSimpleApplication@5d594a06
----------------- Done invoking toplevel() on ptolemy.moml.MoMLSimpleApplication@5d594a06
reloadAllAccessors: .DECGClockRamp

===========================================================================================
----------------- testing Tue Jun 11 04:37:31 UTC 2019 /home/travis/build/icyphy/ptII/ptolemy/cg/lib/test/auto/DECGDelay.xml
----------------- Instantiating /home/travis/build/icyphy/ptII/ptolemy/cg/lib/test/auto/DECGDelay.xml
28 ms. Memory: 197120K Free: 120550K (61%)
----------------- Invoking toplevel() on ptolemy.moml.MoMLSimpleApplication@7e37267
----------------- Done invoking toplevel() on ptolemy.moml.MoMLSimpleApplication@7e37267
reloadAllAccessors: .DECGDelay

===========================================================================================
----------------- testing Tue Jun 11 04:37:31 UTC 2019 /home/travis/build/icyphy/ptII/ptolemy/cg/lib/test/auto/DECGHelloWorld.xml
----------------- Instantiating /home/travis/build/icyphy/ptII/ptolemy/cg/lib/test/auto/DECGHelloWorld.xml
3 ms. Memory: 197120K Free: 116498K (59%)
----------------- Invoking toplevel() on ptolemy.moml.MoMLSimpleApplication@14167559
----------------- Done invoking toplevel() on ptolemy.moml.MoMLSimpleApplication@14167559
reloadAllAccessors: .DECGHelloWorld

===========================================================================================
----------------- testing Tue Jun 11 04:37:31 UTC 2019 /home/travis/build/icyphy/ptII/ptolemy/cg/lib/test/auto/DECGHeterogeneous.xml
----------------- Instantiating /home/travis/build/icyphy/ptII/ptolemy/cg/lib/test/auto/DECGHeterogeneous.xml
37 ms. Memory: 197120K Free: 101929K (52%)
----------------- Invoking toplevel() on ptolemy.moml.MoMLSimpleApplication@23d0b785
----------------- Done invoking toplevel() on ptolemy.moml.MoMLSimpleApplication@23d0b785
reloadAllAccessors: .DECGHeterogeneous

===========================================================================================
----------------- testing Tue Jun 11 04:37:32 UTC 2019 /home/travis/build/icyphy/ptII/ptolemy/cg/lib/test/auto/DECGHeterogeneousMk2.xml
----------------- Instantiating /home/travis/build/icyphy/ptII/ptolemy/cg/lib/test/auto/DECGHeterogeneousMk2.xml
64 ms. Memory: 197120K Free: 86242K (44%)
----------------- Invoking toplevel() on ptolemy.moml.MoMLSimpleApplication@588fa3c3
----------------- Done invoking toplevel() on ptolemy.moml.MoMLSimpleApplication@588fa3c3
reloadAllAccessors: .DECGHeterogeneousMk2

===========================================================================================
----------------- testing Tue Jun 11 04:37:32 UTC 2019 /home/travis/build/icyphy/ptII/ptolemy/cg/lib/test/auto/DECGMath.xml
----------------- Instantiating /home/travis/build/icyphy/ptII/ptolemy/cg/lib/test/auto/DECGMath.xml
21 ms. Memory: 197120K Free: 79303K (40%)
----------------- Invoking toplevel() on ptolemy.moml.MoMLSimpleApplication@13af95cc
----------------- Done invoking toplevel() on ptolemy.moml.MoMLSimpleApplication@13af95cc
reloadAllAccessors: .DECGMath

===========================================================================================
----------------- testing Tue Jun 11 04:37:32 UTC 2019 /home/travis/build/icyphy/ptII/ptolemy/cg/lib/test/auto/DECGPi.xml
----------------- Instantiating /home/travis/build/icyphy/ptII/ptolemy/cg/lib/test/auto/DECGPi.xml
52 ms. Memory: 193536K Free: 174078K (90%)
----------------- Invoking toplevel() on ptolemy.moml.MoMLSimpleApplication@5bf4314f
----------------- Done invoking toplevel() on ptolemy.moml.MoMLSimpleApplication@5bf4314f
reloadAllAccessors: .DECGPi

===========================================================================================
----------------- testing Tue Jun 11 04:37:32 UTC 2019 /home/travis/build/icyphy/ptII/ptolemy/cg/lib/test/auto/DECGPiSquare.xml
----------------- Instantiating /home/travis/build/icyphy/ptII/ptolemy/cg/lib/test/auto/DECGPiSquare.xml
166 ms. Memory: 193536K Free: 158820K (82%)
----------------- Invoking toplevel() on ptolemy.moml.MoMLSimpleApplication@6591cf4a
----------------- Done invoking toplevel() on ptolemy.moml.MoMLSimpleApplication@6591cf4a
reloadAllAccessors: .DECGPiSquare

===========================================================================================
----------------- testing Tue Jun 11 04:37:32 UTC 2019 /home/travis/build/icyphy/ptII/ptolemy/cg/lib/test/auto/DECGPoisson.xml
----------------- Instantiating /home/travis/build/icyphy/ptII/ptolemy/cg/lib/test/auto/DECGPoisson.xml
6 ms. Memory: 193536K Free: 154392K (80%)
----------------- Invoking toplevel() on ptolemy.moml.MoMLSimpleApplication@6da64870
----------------- Done invoking toplevel() on ptolemy.moml.MoMLSimpleApplication@6da64870
reloadAllAccessors: .DECGPoisson

===========================================================================================
----------------- testing Tue Jun 11 04:37:32 UTC 2019 /home/travis/build/icyphy/ptII/ptolemy/cg/lib/test/auto/JavaCompiledCompositeActor5.xml
----------------- Instantiating /home/travis/build/icyphy/ptII/ptolemy/cg/lib/test/auto/JavaCompiledCompositeActor5.xml
CompiledCompositeActor: Building shared object: No effigy.  This can happen when CodeGenerator.generateCode() is called from within the test suite.  The code will be recompiled.
Writing CompiledCompositeActor_CompiledCompositeActor.java in file:/home/travis/cg/ (13466 characters)
Reading "ptolemy/cg/kernel/generic/program/procedural/java/makefile.in",
    writing "/home/travis/cg/CompiledCompositeActor_CompiledCompositeActor.mk"
Using ptolemy/cg/kernel/generic/program/procedural/java/makefile.in
In "/home/travis/cg", about to execute:
    make -f CompiledCompositeActor_CompiledCompositeActor.mk
javac -classpath ".:."    CompiledCompositeActor_CompiledCompositeActor.java
All Done
1006 ms. Memory: 193536K Free: 118141K (61%)
----------------- Invoking toplevel() on ptolemy.moml.MoMLSimpleApplication@310cd3bd
----------------- Done invoking toplevel() on ptolemy.moml.MoMLSimpleApplication@310cd3bd
reloadAllAccessors: .CompiledCompositeActor

===========================================================================================
----------------- testing Tue Jun 11 04:37:33 UTC 2019 /home/travis/build/icyphy/ptII/ptolemy/cg/lib/test/auto/JavaCompiledCompositeTest1.xml
----------------- Instantiating /home/travis/build/icyphy/ptII/ptolemy/cg/lib/test/auto/JavaCompiledCompositeTest1.xml
CompiledCompositeActor: Building shared object: The sharedObjectFile has a modification time that is earlier than the modelFile modification time.
Writing JavaCompiledCompositeTest1_CompiledCompositeActor.java in file:/home/travis/cg/ (11637 characters)
Reading "ptolemy/cg/kernel/generic/program/procedural/java/makefile.in",
    writing "/home/travis/cg/JavaCompiledCompositeTest1_CompiledCompositeActor.mk"
Using ptolemy/cg/kernel/generic/program/procedural/java/makefile.in
In "/home/travis/cg", about to execute:
    make -f JavaCompiledCompositeTest1_CompiledCompositeActor.mk
javac -classpath ".:."    JavaCompiledCompositeTest1_CompiledCompositeActor.java
All Done
890 ms. Memory: 193536K Free: 90238K (47%)
----------------- Invoking toplevel() on ptolemy.moml.MoMLSimpleApplication@1308ce9d
----------------- Done invoking toplevel() on ptolemy.moml.MoMLSimpleApplication@1308ce9d
reloadAllAccessors: .JavaCompiledCompositeTest1

===========================================================================================
----------------- testing Tue Jun 11 04:37:34 UTC 2019 /home/travis/build/icyphy/ptII/ptolemy/cg/lib/test/auto/JavaCompiledCompositeTest2.xml
----------------- Instantiating /home/travis/build/icyphy/ptII/ptolemy/cg/lib/test/auto/JavaCompiledCompositeTest2.xml
CompiledCompositeActor: Building shared object: The sharedObjectFile has a modification time that is earlier than the modelFile modification time.
Writing JavaCompiledCompositeTest2_CompiledCompositeActor.java in file:/home/travis/cg/ (14919 characters)
Reading "ptolemy/cg/kernel/generic/program/procedural/java/makefile.in",
    writing "/home/travis/cg/JavaCompiledCompositeTest2_CompiledCompositeActor.mk"
Using ptolemy/cg/kernel/generic/program/procedural/java/makefile.in
In "/home/travis/cg", about to execute:
    make -f JavaCompiledCompositeTest2_CompiledCompositeActor.mk
javac -classpath ".:."    JavaCompiledCompositeTest2_CompiledCompositeActor.java
All Done
1221 ms. Memory: 190976K Free: 153865K (81%)
----------------- Invoking toplevel() on ptolemy.moml.MoMLSimpleApplication@4dcd02ab
----------------- Done invoking toplevel() on ptolemy.moml.MoMLSimpleApplication@4dcd02ab
reloadAllAccessors: .JavaCompiledCompositeTest2

===========================================================================================
----------------- testing Tue Jun 11 04:37:35 UTC 2019 /home/travis/build/icyphy/ptII/ptolemy/cg/lib/test/auto/JavaCompiledCompositeTest3.xml
----------------- Instantiating /home/travis/build/icyphy/ptII/ptolemy/cg/lib/test/auto/JavaCompiledCompositeTest3.xml
CompiledCompositeActor: Building shared object: The sharedObjectFile has a modification time that is earlier than the modelFile modification time.
Writing JavaCompiledCompositeTest3_CompiledCompositeActor.java in file:/home/travis/cg/ (13080 characters)
Reading "ptolemy/cg/kernel/generic/program/procedural/java/makefile.in",
    writing "/home/travis/cg/JavaCompiledCompositeTest3_CompiledCompositeActor.mk"
Using ptolemy/cg/kernel/generic/program/procedural/java/makefile.in
In "/home/travis/cg", about to execute:
    make -f JavaCompiledCompositeTest3_CompiledCompositeActor.mk
javac -classpath ".:."    JavaCompiledCompositeTest3_CompiledCompositeActor.java
All Done
1210 ms. Memory: 190976K Free: 119968K (63%)
----------------- Invoking toplevel() on ptolemy.moml.MoMLSimpleApplication@308cc2a8
----------------- Done invoking toplevel() on ptolemy.moml.MoMLSimpleApplication@308cc2a8
reloadAllAccessors: .JavaCompiledCompositeTest3

===========================================================================================
----------------- testing Tue Jun 11 04:37:37 UTC 2019 /home/travis/build/icyphy/ptII/ptolemy/cg/lib/test/auto/JavaCompiledCompositeTest4.xml
----------------- Instantiating /home/travis/build/icyphy/ptII/ptolemy/cg/lib/test/auto/JavaCompiledCompositeTest4.xml
CompiledCompositeActor: Building shared object: The sharedObjectFile has a modification time that is earlier than the modelFile modification time.
Writing JavaCompiledCompositeTest4_CompiledCompositeActor.java in file:/home/travis/cg/ (9687 characters)
Reading "ptolemy/cg/kernel/generic/program/procedural/java/makefile.in",
    writing "/home/travis/cg/JavaCompiledCompositeTest4_CompiledCompositeActor.mk"
Using ptolemy/cg/kernel/generic/program/procedural/java/makefile.in
In "/home/travis/cg", about to execute:
    make -f JavaCompiledCompositeTest4_CompiledCompositeActor.mk
javac -classpath ".:."    JavaCompiledCompositeTest4_CompiledCompositeActor.java
All Done
1298 ms. Memory: 190976K Free: 94852K (50%)
----------------- Invoking toplevel() on ptolemy.moml.MoMLSimpleApplication@3322756c
----------------- Done invoking toplevel() on ptolemy.moml.MoMLSimpleApplication@3322756c
reloadAllAccessors: .JavaCompiledCompositeTest4

===========================================================================================
----------------- testing Tue Jun 11 04:37:38 UTC 2019 /home/travis/build/icyphy/ptII/ptolemy/cg/lib/test/auto/ModularCG.xml
----------------- Instantiating /home/travis/build/icyphy/ptII/ptolemy/cg/lib/test/auto/ModularCG.xml
In "/home/travis/cg", about to execute:
    pwd
In "/home/travis/cg", about to execute:
    ls -l
/home/travis/cg
In "/home/travis/cg", about to execute:
    javac -classpath
.:/home/travis/build/icyphy/ptII:/home/travis/build/icyphy/ptII/lib/bsh-2.0b4.j
ar:/home/travis/build/icyphy/ptII/lib/ptCal.jar:/home/travis/build/icyphy/ptII/
lib/java_cup.jar:/home/travis/build/icyphy/ptII/lib/saxon8.jar:/home/travis/bui
ld/icyphy/ptII/lib/saxon8-dom.jar:/home/travis/build/icyphy/ptII/lib/chic.jar:/
home/travis/build/icyphy/ptII/lib/ptcolt.jar:/usr/lib/jvm/java-8-oracle/lib/too
ls.jar:/home/travis/build/icyphy/ptII/vendors/misc/itext/iText.jar:/home/travis
/build/icyphy/ptII/lib/g4ltl.jar:/home/travis/build/icyphy/ptII/lib/StructuralC
oder.jar:/home/travis/build/icyphy/ptII/vendors/jai-1_1_2_01/lib/jai_core.jar:/
home/travis/build/icyphy/ptII/vendors/jai-1_1_2_01/lib/jai_codec.jar:/home/trav
is/build/icyphy/ptII/lib/jcerti.jar:/home/travis/build/icyphy/ptII/lib/javax.ma
il.jar:/home/travis/build/icyphy/ptII/vendors/JMF-2.1.1e/lib/jmf.jar:/home/trav
is/build/icyphy/ptII/lib/jna-4.0.0-variadic.jar:/home/travis/build/icyphy/ptII/
vendors/misc/joystick/Joystick.jar:/home/travis/build/icyphy/ptII/lib/ptjacl.ja
r:/home/travis/build/icyphy/ptII/lib/jsoup-1.8.2.jar:/home/travis/build/icyphy/
ptII/lib/junit-4.8.2.jar:/home/travis/build/icyphy/ptII/lib/JUnitParams-0.4.0.j
ar:/home/travis/build/icyphy/ptII/ptolemy/actor/lib/excel/jxl.jar:/home/travis/
build/icyphy/ptII/lib/jython.jar:/home/travis/build/icyphy/ptII/lib/kieler.jar:
/home/travis/build/icyphy/ptII/vendors/opencv/share/OpenCV/java/opencv-341.jar:
/home/travis/build/icyphy/ptII/lib/oscP5.jar:/home/travis/build/icyphy/ptII/lib
/nrjavaserial-3.11.0.devel.jar:/home/travis/build/icyphy/ptII/vendors/j3d/lib/j
3dcore.jar:/home/travis/build/icyphy/ptII/vendors/j3d/lib/j3dutils.jar:/home/tr
avis/build/icyphy/ptII/vendors/j3d/lib/vecmath.jar:/home/travis/build/icyphy/pt
II/ptolemy/distributed/jini/jar/jini-core.jar:/home/travis/build/icyphy/ptII/pt
olemy/distributed/jini/jar/jini-ext.jar:/home/travis/build/icyphy/ptII/ptolemy/
distributed/jini/jar/sun-util.jar:/home/travis/build/icyphy/ptII/lib/protobuf-j
ava-2.4.1.jar:/home/travis/build/icyphy/ptII/lib/org.eclipse.paho.client.mqttv3
.jar:/home/travis/build/icyphy/ptII/lib/mapss.jar:/home/travis/build/icyphy/ptI
I/ptolemy/actor/ptalon/antlr/antlr.jar:/home/travis/build/icyphy/ptII/lib/JRI.j
ar:/home/travis/build/icyphy/ptII/lib/commons-lang-2.6.jar:/home/travis/build/i
cyphy/ptII/lib/commons-logging-1.1.1.jar:/home/travis/build/icyphy/ptII/lib/soo
tclasses.jar:/home/travis/build/icyphy/ptII/ptolemy/actor/lib/database/mysql-co
nnector-java-5.1.6-bin.jar:/home/travis/build/icyphy/ptII/vendors/misc/sphinx4/
sphinx4-data-5prealpha.jar:/home/travis/build/icyphy/ptII/vendors/misc/sphinx4/
sphinx4-core-5prealpha.jar:/home/travis/build/icyphy/ptII/lib/PDFRenderer.jar:/
home/travis/build/icyphy/ptII/lib/svgSalamander.jar:/home/travis/build/icyphy/p
tII/lib/rsyntaxtextarea-2.6.0-SNAPSHOT.jar:/home/travis/build/icyphy/ptII/lib/h
azelcast-3.8.2.jar:/home/travis/build/icyphy/ptII/lib/jackson-annotations-2.9.0
.jar:/home/travis/build/icyphy/ptII/lib/jackson-core-2.9.3.jar:/home/travis/bui
ld/icyphy/ptII/lib/jackson-databind-2.9.3.jar:/home/travis/build/icyphy/ptII/li
b/netty-buffer-4.1.19.Final.jar:/home/travis/build/icyphy/ptII/lib/netty-codec-
4.1.19.Final.jar:/home/travis/build/icyphy/ptII/lib/netty-codec-dns-4.1.19.Fina
l.jar:/home/travis/build/icyphy/ptII/lib/netty-codec-http-4.1.19.Final.jar:/hom
e/travis/build/icyphy/ptII/lib/netty-codec-http2-4.1.19.Final.jar:/home/travis/
build/icyphy/ptII/lib/netty-common-4.1.19.Final.jar:/home/travis/build/icyphy/p
tII/lib/netty-handler-4.1.19.Final.jar:/home/travis/build/icyphy/ptII/lib/netty
-resolver-4.1.19.Final.jar:/home/travis/build/icyphy/ptII/lib/netty-resolver-dn
s-4.1.19.Final.jar:/home/travis/build/icyphy/ptII/lib/netty-transport-4.1.19.Fi
nal.jar:/home/travis/build/icyphy/ptII/lib/vertx-codegen-3.5.1.jar:/home/travis
/build/icyphy/ptII/lib/vertx-core-3.5.2-SNAPSHOT.jar:/home/travis/build/icyphy/
ptII/lib/vertx-hazelcast-3.5.1.jar:/home/travis/build/icyphy/ptII/lib/vertx-lan
g-js-3.5.1.jar:/home/travis/build/icyphy/ptII/lib/vertx-service-proxy-3.5.1.jar
:/home/travis/build/icyphy/ptII/lib/vertx-web-3.5.1.jar:/home/travis/build/icyp
hy/ptII/lib/slf4j-api-1.7.13.jar:/home/travis/build/icyphy/ptII/lib/slf4j-simpl
e-1.7.13.jar:/home/travis/build/icyphy/ptII/lib/webcam-capture-0.3.12.jar:/home
/travis/build/icyphy/ptII/lib/bridj-0.7.0.jar:/home/travis/build/icyphy/ptII/li
b/xbjlib-1.1.0.nrjavaserial.jar:/home/travis/build/icyphy/ptII/ptolemy/moml/tes
t:/home/travis/build/icyphy/ptII/ant/lib/ant-launcher.jar:/home/travis/build/ic
yphy/ptII/ant/lib/ant.jar:/home/travis/build/icyphy/ptII/ant/lib/ant-junit.jar:
/home/travis/build/icyphy/ptII/ant/lib/ant-junit4.jar:/home/travis/build/icyphy
/ptII ModularCG_A1_B1_profile.java
total 1032
drwxrwxr-x   3 travis travis 12288 Jun 11 04:33 AbsoluteValue
drwxrwxr-x   3 travis travis 16384 Jun 11 04:33 Case1
drwxrwxr-x   3 travis travis 32768 Jun 11 04:33 Case2
-rw-rw-r--   1 travis travis  4895 Jun 11 04:37 CompiledCompositeActor_CompiledCompositeActor.class
-rw-rw-r--   1 travis travis  1592 Jun 11 04:37 CompiledCompositeActor_CompiledCompositeActor$_CompiledCompositeActor_CompiledCompositeActor.class
-rw-rw-r--   1 travis travis 13466 Jun 11 04:37 CompiledCompositeActor_CompiledCompositeActor.java
-rw-rw-r--   1 travis travis  1593 Jun 11 04:37 CompiledCompositeActor_CompiledCompositeActor.mk
drwxrwxr-x   3 travis travis 24576 Jun 11 04:35 DeScrambler
drwxrwxr-x   3 travis travis 16384 Jun 11 04:36 DotProduct
drwxrwxr-x   3 travis travis 12288 Jun 11 04:33 FileWriter1
drwxrwxr-x   3 travis travis 20480 Jun 11 04:32 FixToDoubleAndBack
drwxrwxr-x   3 travis travis 16384 Jun 11 04:33 Gaussian1
drwxrwxr-x   3 travis travis 20480 Jun 11 04:33 Gaussian2
-rw-rw-r--   1 travis travis  4457 Jun 11 04:37 JavaCompiledCompositeTest1_CompiledCompositeActor.class
-rw-rw-r--   1 travis travis 11637 Jun 11 04:37 JavaCompiledCompositeTest1_CompiledCompositeActor.java
-rw-rw-r--   1 travis travis  1198 Jun 11 04:37 JavaCompiledCompositeTest1_CompiledCompositeActor$_JavaCompiledCompositeTest1_CompiledCompositeActor.class
-rw-rw-r--   1 travis travis  1625 Jun 11 04:37 JavaCompiledCompositeTest1_CompiledCompositeActor.mk
-rw-rw-r--   1 travis travis  4888 Jun 11 04:37 JavaCompiledCompositeTest2_CompiledCompositeActor.class
-rw-rw-r--   1 travis travis 14919 Jun 11 04:37 JavaCompiledCompositeTest2_CompiledCompositeActor.java
-rw-rw-r--   1 travis travis  1793 Jun 11 04:37 JavaCompiledCompositeTest2_CompiledCompositeActor$_JavaCompiledCompositeTest2_CompiledCompositeActor.class
-rw-rw-r--   1 travis travis  1625 Jun 11 04:37 JavaCompiledCompositeTest2_CompiledCompositeActor.mk
-rw-rw-r--   1 travis travis  4505 Jun 11 04:37 JavaCompiledCompositeTest3_CompiledCompositeActor.class
-rw-rw-r--   1 travis travis 13080 Jun 11 04:37 JavaCompiledCompositeTest3_CompiledCompositeActor.java
-rw-rw-r--   1 travis travis  1378 Jun 11 04:37 JavaCompiledCompositeTest3_CompiledCompositeActor$_JavaCompiledCompositeTest3_CompiledCompositeActor.class
-rw-rw-r--   1 travis travis  1625 Jun 11 04:37 JavaCompiledCompositeTest3_CompiledCompositeActor.mk
-rw-rw-r--   1 travis travis  3953 Jun 11 04:37 JavaCompiledCompositeTest4_CompiledCompositeActor.class
-rw-rw-r--   1 travis travis  9687 Jun 11 04:37 JavaCompiledCompositeTest4_CompiledCompositeActor.java
-rw-rw-r--   1 travis travis   857 Jun 11 04:37 JavaCompiledCompositeTest4_CompiledCompositeActor$_JavaCompiledCompositeTest4_CompiledCompositeActor.class
-rw-rw-r--   1 travis travis  1625 Jun 11 04:37 JavaCompiledCompositeTest4_CompiledCompositeActor.mk
drwxrwxr-x   3 travis travis 12288 Jun 11 04:33 LookupTable
drwxrwxr-x   3 travis travis 20480 Jun 11 04:34 MaxIndex
-rw-rw-r--   1 travis travis  1262 Jun 11 04:37 ModularCG_A1_B1_profile.java
-rw-rw-r--   1 travis travis  3492 Jun 11 04:37 ModularCodeGenTest_A1_A2.class
-rw-rw-r--   1 travis travis   904 Jun 11 04:37 ModularCodeGenTest_A1_A2.mk
-rw-rw-r--   1 travis travis  1306 Jun 11 04:37 ModularCodeGenTest_A1_A2_profile.class
-rw-rw-r--   1 travis travis  3823 Jun 11 04:37 ModularCodeGenTest_A1.class
-rw-rw-r--   1 travis travis  9968 Jun 11 04:37 ModularCodeGenTest_A1.java
-rw-rw-r--   1 travis travis   880 Jun 11 04:37 ModularCodeGenTest_A1.mk
-rw-rw-r--   1 travis travis  1352 Jun 11 04:37 ModularCodeGenTest_A1_profile.class
-rw-rw-r--   1 travis travis  1394 Jun 11 04:37 ModularCodeGenTest_A1_profile.java
drwxrwxr-x   3 travis travis 36864 Jun 11 04:37 modulation2
drwxrwxr-x   3 travis travis 20480 Jun 11 04:34 Multiplexor
drwxrwxr-x 242 travis travis 12288 Jun 11 04:37 node_modules
drwxrwxr-x   3 travis travis 20480 Jun 11 04:34 PhaseUnwrap
-rw-rw-r--   1 travis travis   520 Jun 11 04:37 Repeat$_fireFunction_Repeat_Repeat$__f_sL_0.class
-rw-rw-r--   1 travis travis   522 Jun 11 04:37 Repeat$_fireFunction_Repeat_Repeat$__f_sL_10.class
-rw-rw-r--   1 travis travis   666 Jun 11 04:37 Repeat$_fireFunction_Repeat_Repeat$__f_sL_11.class
-rw-rw-r--   1 travis travis   522 Jun 11 04:37 Repeat$_fireFunction_Repeat_Repeat$__f_sL_13.class
-rw-rw-r--   1 travis travis   665 Jun 11 04:37 Repeat$_fireFunction_Repeat_Repeat$__f_sL_1.class
-rw-rw-r--   1 travis travis   520 Jun 11 04:37 Repeat$_fireFunction_Repeat_Repeat$__f_sL_2.class
-rw-rw-r--   1 travis travis   520 Jun 11 04:37 Repeat$_fireFunction_Repeat_Repeat$__f_sL_3.class
-rw-rw-r--   1 travis travis   520 Jun 11 04:37 Repeat$_fireFunction_Repeat_Repeat$__f_sL_5.class
-rw-rw-r--   1 travis travis   671 Jun 11 04:37 Repeat$_fireFunction_Repeat_Repeat$__f_sL_7.class
-rw-rw-r--   1 travis travis   520 Jun 11 04:37 Repeat$_fireFunction_Repeat_Repeat$__f_sL_9.class
-rw-rw-r--   1 travis travis   813 Jun 11 04:37 Repeat$_initialize_Repeat.class
-rw-rw-r--   1 travis travis   475 Jun 11 04:37 Repeat$_initialize_Repeat$__i_sL_0.class
-rw-rw-r--   1 travis travis   519 Jun 11 04:37 Repeat$_initialize_Repeat$__i_sL_3.class
-rw-rw-r--   1 travis travis 39778 Jun 11 04:37 Repeat.java
-rw-rw-r--   1 travis travis  1281 Jun 11 04:37 Repeat.mk
-rw-rw-r--   1 travis travis   520 Jun 11 04:37 Repeat$_preinitializeMethod_Repeat$__p_sL_0.class
-rw-rw-r--   1 travis travis   520 Jun 11 04:37 Repeat$_preinitializeMethod_Repeat$__p_sL_1.class
-rw-rw-r--   1 travis travis  1083 Jun 11 04:37 Repeat$_Repeat$_fireFunction_Repeat_AddSubtract_Repeat.class
-rw-rw-r--   1 travis travis   791 Jun 11 04:37 Repeat$_Repeat$_fireFunction_Repeat_AddSubtract_Repeat$__f_sL_0.class
-rw-rw-r--   1 travis travis   909 Jun 11 04:37 Repeat$_Repeat$_fireFunction_Repeat_AddSubtract_Repeat$__f_sL_1.class
-rw-rw-r--   1 travis travis   915 Jun 11 04:37 Repeat$_Repeat$_fireFunction_Repeat_AddSubtract_Repeat$__f_sL_2.class
-rw-rw-r--   1 travis travis   838 Jun 11 04:37 Repeat$_Repeat$_fireFunction_Repeat_Ramp2_Repeat$__f_sL_1.class
-rw-rw-r--   1 travis travis  1785 Jun 11 04:37 Repeat$_Repeat$_fireFunction_Repeat_Test_Repeat$__f_sL_2.class
-rw-rw-r--   1 travis travis   685 Jun 11 04:37 Repeat$_Repeat_SDF_Director_run_Repeat$__R_sL_0.class
-rw-rw-r--   1 travis travis   540 Jun 11 04:37 Repeat$_Repeat_SDF_Director_run_Repeat$__R_sL_1.class
-rw-rw-r--   1 travis travis   540 Jun 11 04:37 Repeat$_Repeat_SDF_Director_run_Repeat$__R_sL_2.class
-rw-rw-r--   1 travis travis   540 Jun 11 04:37 Repeat$_Repeat_SDF_Director_run_Repeat$__R_sL_4.class
-rw-rw-r--   1 travis travis   540 Jun 11 04:37 Repeat$_Repeat_SDF_Director_run_Repeat$__R_sL_5.class
-rw-rw-r--   1 travis travis   691 Jun 11 04:37 Repeat$_Repeat_SDF_Director_run_Repeat$__R_sL_6.class
-rw-rw-r--   1 travis travis   540 Jun 11 04:37 Repeat$_Repeat_SDF_Director_run_Repeat$__R_sL_7.class
-rw-rw-r--   1 travis travis   863 Jun 11 04:37 Repeat$_varinit_Repeat.class
-rw-rw-r--   1 travis travis   530 Jun 11 04:37 Repeat$_varinit_Repeat$__v_sL_1.class
-rw-rw-r--   1 travis travis   531 Jun 11 04:37 Repeat$_varinit_Repeat$__v_sL_2.class
-rw-rw-r--   1 travis travis   905 Jun 11 04:37 Repeat$_varinit_Repeat$__v_sL_4.class
-rw-rw-r--   1 travis travis   635 Jun 11 04:37 Repeat$_wrapup_Repeat.class
-rw-rw-r--   1 travis travis   965 Jun 11 04:37 Repeat$_wrapup_Repeat$__w_sL_1.class
-rw-rw-r--   1 travis travis   289 Jun 11 04:32 result.csv
drwxrwxr-x   3 travis travis 12288 Jun 11 04:35 Scrambler1
drwxrwxr-x   3 travis travis 20480 Jun 11 04:34 Sinewave2
drwxrwxr-x   3 travis travis 69632 Jun 11 04:35 StringCompare
drwxrwxr-x   3 travis travis 32768 Jun 11 04:35 StringFunction
drwxrwxr-x   3 travis travis 12288 Jun 11 04:35 StringLength
drwxrwxr-x   3 travis travis 57344 Jun 11 04:36 StringSimpleReplace
drwxrwxr-x   3 travis travis 12288 Jun 11 04:37 time2
drwxrwxr-x   3 travis travis 12288 Jun 11 04:37 time5
-rw-rw-r--   1 travis travis   432 Jun 11 04:37 Token.class
-rw-rw-r--   1 travis travis   251 Jun 11 04:37 Token.java
-rw-rw-r--   1 travis travis     0 Jun 11 04:37 top.
-rw-rw-r--   1 travis travis 20502 Jun 11 04:32 top.c
-rw-rw-r--   1 travis travis  3567 Jun 11 04:37 top.class
-rw-rw-r--   1 travis travis   169 Jun 11 04:32 top.html
-rw-rw-r--   1 travis travis  7552 Jun 11 04:37 top.java
-rw-rw-r--   1 travis travis 38888 Jun 11 04:32 top.o
drwxrwxr-x   3 travis travis 57344 Jun 11 04:34 UnaryMathFunction
All Done
Writing ModularCG_A1_B1.java in file:/home/travis/cg/ (9730 characters)
Reading "ptolemy/cg/kernel/generic/program/procedural/java/modular/makefile.in",
    writing "/home/travis/cg/ModularCG_A1_B1.mk"
Using ptolemy/cg/kernel/generic/program/procedural/java/modular/makefile.in
In "/home/travis/cg", about to execute:
    make -f ModularCG_A1_B1.mk
javac -classpath ".:.."    ModularCG_A1_B1.java
All Done
In "/home/travis/cg", about to execute:
    pwd
In "/home/travis/cg", about to execute:
    ls -l
/home/travis/cg
total 1060
drwxrwxr-x   3 travis travis 12288 Jun 11 04:33 AbsoluteValue
drwxrwxr-x   3 travis travis 16384 Jun 11 04:33 Case1
drwxrwxr-x   3 travis travis 32768 Jun 11 04:33 Case2
-rw-rw-r--   1 travis travis  4895 Jun 11 04:37 CompiledCompositeActor_CompiledCompositeActor.class
-rw-rw-r--   1 travis travis  1592 Jun 11 04:37 CompiledCompositeActor_CompiledCompositeActor$_CompiledCompositeActor_CompiledCompositeActor.class
-rw-rw-r--   1 travis travis 13466 Jun 11 04:37 CompiledCompositeActor_CompiledCompositeActor.java
-rw-rw-r--   1 travis travis  1593 Jun 11 04:37 CompiledCompositeActor_CompiledCompositeActor.mk
drwxrwxr-x   3 travis travis 24576 Jun 11 04:35 DeScrambler
drwxrwxr-x   3 travis travis 16384 Jun 11 04:36 DotProduct
drwxrwxr-x   3 travis travis 12288 Jun 11 04:33 FileWriter1
drwxrwxr-x   3 travis travis 20480 Jun 11 04:32 FixToDoubleAndBack
drwxrwxr-x   3 travis travis 16384 Jun 11 04:33 Gaussian1
drwxrwxr-x   3 travis travis 20480 Jun 11 04:33 Gaussian2
-rw-rw-r--   1 travis travis  4457 Jun 11 04:37 JavaCompiledCompositeTest1_CompiledCompositeActor.class
-rw-rw-r--   1 travis travis 11637 Jun 11 04:37 JavaCompiledCompositeTest1_CompiledCompositeActor.java
-rw-rw-r--   1 travis travis  1198 Jun 11 04:37 JavaCompiledCompositeTest1_CompiledCompositeActor$_JavaCompiledCompositeTest1_CompiledCompositeActor.class
-rw-rw-r--   1 travis travis  1625 Jun 11 04:37 JavaCompiledCompositeTest1_CompiledCompositeActor.mk
-rw-rw-r--   1 travis travis  4888 Jun 11 04:37 JavaCompiledCompositeTest2_CompiledCompositeActor.class
-rw-rw-r--   1 travis travis 14919 Jun 11 04:37 JavaCompiledCompositeTest2_CompiledCompositeActor.java
-rw-rw-r--   1 travis travis  1793 Jun 11 04:37 JavaCompiledCompositeTest2_CompiledCompositeActor$_JavaCompiledCompositeTest2_CompiledCompositeActor.class
-rw-rw-r--   1 travis travis  1625 Jun 11 04:37 JavaCompiledCompositeTest2_CompiledCompositeActor.mk
-rw-rw-r--   1 travis travis  4505 Jun 11 04:37 JavaCompiledCompositeTest3_CompiledCompositeActor.class
-rw-rw-r--   1 travis travis 13080 Jun 11 04:37 JavaCompiledCompositeTest3_CompiledCompositeActor.java
-rw-rw-r--   1 travis travis  1378 Jun 11 04:37 JavaCompiledCompositeTest3_CompiledCompositeActor$_JavaCompiledCompositeTest3_CompiledCompositeActor.class
-rw-rw-r--   1 travis travis  1625 Jun 11 04:37 JavaCompiledCompositeTest3_CompiledCompositeActor.mk
-rw-rw-r--   1 travis travis  3953 Jun 11 04:37 JavaCompiledCompositeTest4_CompiledCompositeActor.class
-rw-rw-r--   1 travis travis  9687 Jun 11 04:37 JavaCompiledCompositeTest4_CompiledCompositeActor.java
-rw-rw-r--   1 travis travis   857 Jun 11 04:37 JavaCompiledCompositeTest4_CompiledCompositeActor$_JavaCompiledCompositeTest4_CompiledCompositeActor.class
-rw-rw-r--   1 travis travis  1625 Jun 11 04:37 JavaCompiledCompositeTest4_CompiledCompositeActor.mk
drwxrwxr-x   3 travis travis 12288 Jun 11 04:33 LookupTable
drwxrwxr-x   3 travis travis 20480 Jun 11 04:34 MaxIndex
-rw-rw-r--   1 travis travis  3693 Jun 11 04:37 ModularCG_A1_B1.class
-rw-rw-r--   1 travis travis  9730 Jun 11 04:37 ModularCG_A1_B1.java
-rw-rw-r--   1 travis travis   832 Jun 11 04:37 ModularCG_A1_B1.mk
-rw-rw-r--   1 travis travis  1318 Jun 11 04:37 ModularCG_A1_B1_profile.class
-rw-rw-r--   1 travis travis  1262 Jun 11 04:37 ModularCG_A1_B1_profile.java
-rw-rw-r--   1 travis travis  1262 Jun 11 04:37 ModularCG_A1_B2_profile.java
-rw-rw-r--   1 travis travis  3492 Jun 11 04:37 ModularCodeGenTest_A1_A2.class
-rw-rw-r--   1 travis travis   904 Jun 11 04:37 ModularCodeGenTest_A1_A2.mk
-rw-rw-r--   1 travis travis  1306 Jun 11 04:37 ModularCodeGenTest_A1_A2_profile.class
-rw-rw-r--   1 travis travis  3823 Jun 11 04:37 ModularCodeGenTest_A1.class
-rw-rw-r--   1 travis travis  9968 Jun 11 04:37 ModularCodeGenTest_A1.java
-rw-rw-r--   1 travis travis   880 Jun 11 04:37 ModularCodeGenTest_A1.mk
-rw-rw-r--   1 travis travis  1352 Jun 11 04:37 ModularCodeGenTest_A1_profile.class
-rw-rw-r--   1 travis travis  1394 Jun 11 04:37 ModularCodeGenTest_A1_profile.java
drwxrwxr-x   3 travis travis 36864 Jun 11 04:37 modulation2
drwxrwxr-x   3 travis travis 20480 Jun 11 04:34 Multiplexor
drwxrwxr-x 242 travis travis 12288 Jun 11 04:37 node_modules
drwxrwxr-x   3 travis travis 20480 Jun 11 04:34 PhaseUnwrap
-rw-rw-r--   1 travis travis   520 Jun 11 04:37 Repeat$_fireFunction_Repeat_Repeat$__f_sL_0.class
-rw-rw-r--   1 travis travis   522 Jun 11 04:37 Repeat$_fireFunction_Repeat_Repeat$__f_sL_10.class
-rw-rw-r--   1 travis travis   666 Jun 11 04:37 Repeat$_fireFunction_Repeat_Repeat$__f_sL_11.class
-rw-rw-r--   1 travis travis   522 Jun 11 04:37 Repeat$_fireFunction_Repeat_Repeat$__f_sL_13.class
-rw-rw-r--   1 travis travis   665 Jun 11 04:37 Repeat$_fireFunction_Repeat_Repeat$__f_sL_1.class
-rw-rw-r--   1 travis travis   520 Jun 11 04:37 Repeat$_fireFunction_Repeat_Repeat$__f_sL_2.class
-rw-rw-r--   1 travis travis   520 Jun 11 04:37 Repeat$_fireFunction_Repeat_Repeat$__f_sL_3.class
-rw-rw-r--   1 travis travis   520 Jun 11 04:37 Repeat$_fireFunction_Repeat_Repeat$__f_sL_5.class
-rw-rw-r--   1 travis travis   671 Jun 11 04:37 Repeat$_fireFunction_Repeat_Repeat$__f_sL_7.class
-rw-rw-r--   1 travis travis   520 Jun 11 04:37 Repeat$_fireFunction_Repeat_Repeat$__f_sL_9.class
-rw-rw-r--   1 travis travis   813 Jun 11 04:37 Repeat$_initialize_Repeat.class
-rw-rw-r--   1 travis travis   475 Jun 11 04:37 Repeat$_initialize_Repeat$__i_sL_0.class
-rw-rw-r--   1 travis travis   519 Jun 11 04:37 Repeat$_initialize_Repeat$__i_sL_3.class
-rw-rw-r--   1 travis travis 39778 Jun 11 04:37 Repeat.java
-rw-rw-r--   1 travis travis  1281 Jun 11 04:37 Repeat.mk
-rw-rw-r--   1 travis travis   520 Jun 11 04:37 Repeat$_preinitializeMethod_Repeat$__p_sL_0.class
-rw-rw-r--   1 travis travis   520 Jun 11 04:37 Repeat$_preinitializeMethod_Repeat$__p_sL_1.class
-rw-rw-r--   1 travis travis  1083 Jun 11 04:37 Repeat$_Repeat$_fireFunction_Repeat_AddSubtract_Repeat.class
-rw-rw-r--   1 travis travis   791 Jun 11 04:37 Repeat$_Repeat$_fireFunction_Repeat_AddSubtract_Repeat$__f_sL_0.class
-rw-rw-r--   1 travis travis   909 Jun 11 04:37 Repeat$_Repeat$_fireFunction_Repeat_AddSubtract_Repeat$__f_sL_1.class
-rw-rw-r--   1 travis travis   915 Jun 11 04:37 Repeat$_Repeat$_fireFunction_Repeat_AddSubtract_Repeat$__f_sL_2.class
-rw-rw-r--   1 travis travis   838 Jun 11 04:37 Repeat$_Repeat$_fireFunction_Repeat_Ramp2_Repeat$__f_sL_1.class
-rw-rw-r--   1 travis travis  1785 Jun 11 04:37 Repeat$_Repeat$_fireFunction_Repeat_Test_Repeat$__f_sL_2.class
-rw-rw-r--   1 travis travis   685 Jun 11 04:37 Repeat$_Repeat_SDF_Director_run_Repeat$__R_sL_0.class
-rw-rw-r--   1 travis travis   540 Jun 11 04:37 Repeat$_Repeat_SDF_Director_run_Repeat$__R_sL_1.class
-rw-rw-r--   1 travis travis   540 Jun 11 04:37 Repeat$_Repeat_SDF_Director_run_Repeat$__R_sL_2.class
-rw-rw-r--   1 travis travis   540 Jun 11 04:37 Repeat$_Repeat_SDF_Director_run_Repeat$__R_sL_4.class
-rw-rw-r--   1 travis travis   540 Jun 11 04:37 Repeat$_Repeat_SDF_Director_run_Repeat$__R_sL_5.class
-rw-rw-r--   1 travis travis   691 Jun 11 04:37 Repeat$_Repeat_SDF_Director_run_Repeat$__R_sL_6.class
-rw-rw-r--   1 travis travis   540 Jun 11 04:37 Repeat$_Repeat_SDF_Director_run_Repeat$__R_sL_7.class
-rw-rw-r--   1 travis travis   863 Jun 11 04:37 Repeat$_varinit_Repeat.class
-rw-rw-r--   1 travis travis   530 Jun 11 04:37 Repeat$_varinit_Repeat$__v_sL_1.class
-rw-rw-r--   1 travis travis   531 Jun 11 04:37 Repeat$_varinit_Repeat$__v_sL_2.class
-rw-rw-r--   1 travis travis   905 Jun 11 04:37 Repeat$_varinit_Repeat$__v_sL_4.class
In "/home/travis/cg", about to execute:
    javac -classpath
.:/home/travis/build/icyphy/ptII:/home/travis/build/icyphy/ptII/lib/bsh-2.0b4.j
ar:/home/travis/build/icyphy/ptII/lib/ptCal.jar:/home/travis/build/icyphy/ptII/
lib/java_cup.jar:/home/travis/build/icyphy/ptII/lib/saxon8.jar:/home/travis/bui
ld/icyphy/ptII/lib/saxon8-dom.jar:/home/travis/build/icyphy/ptII/lib/chic.jar:/
home/travis/build/icyphy/ptII/lib/ptcolt.jar:/usr/lib/jvm/java-8-oracle/lib/too
ls.jar:/home/travis/build/icyphy/ptII/vendors/misc/itext/iText.jar:/home/travis
/build/icyphy/ptII/lib/g4ltl.jar:/home/travis/build/icyphy/ptII/lib/StructuralC
oder.jar:/home/travis/build/icyphy/ptII/vendors/jai-1_1_2_01/lib/jai_core.jar:/
home/travis/build/icyphy/ptII/vendors/jai-1_1_2_01/lib/jai_codec.jar:/home/trav
is/build/icyphy/ptII/lib/jcerti.jar:/home/travis/build/icyphy/ptII/lib/javax.ma
il.jar:/home/travis/build/icyphy/ptII/vendors/JMF-2.1.1e/lib/jmf.jar:/home/trav
is/build/icyphy/ptII/lib/jna-4.0.0-variadic.jar:/home/travis/build/icyphy/ptII/
vendors/misc/joystick/Joystick.jar:/home/travis/build/icyphy/ptII/lib/ptjacl.ja
r:/home/travis/build/icyphy/ptII/lib/jsoup-1.8.2.jar:/home/travis/build/icyphy/
ptII/lib/junit-4.8.2.jar:/home/travis/build/icyphy/ptII/lib/JUnitParams-0.4.0.j
ar:/home/travis/build/icyphy/ptII/ptolemy/actor/lib/excel/jxl.jar:/home/travis/
build/icyphy/ptII/lib/jython.jar:/home/travis/build/icyphy/ptII/lib/kieler.jar:
/home/travis/build/icyphy/ptII/vendors/opencv/share/OpenCV/java/opencv-341.jar:
/home/travis/build/icyphy/ptII/lib/oscP5.jar:/home/travis/build/icyphy/ptII/lib
/nrjavaserial-3.11.0.devel.jar:/home/travis/build/icyphy/ptII/vendors/j3d/lib/j
3dcore.jar:/home/travis/build/icyphy/ptII/vendors/j3d/lib/j3dutils.jar:/home/tr
avis/build/icyphy/ptII/vendors/j3d/lib/vecmath.jar:/home/travis/build/icyphy/pt
II/ptolemy/distributed/jini/jar/jini-core.jar:/home/travis/build/icyphy/ptII/pt
olemy/distributed/jini/jar/jini-ext.jar:/home/travis/build/icyphy/ptII/ptolemy/
distributed/jini/jar/sun-util.jar:/home/travis/build/icyphy/ptII/lib/protobuf-j
ava-2.4.1.jar:/home/travis/build/icyphy/ptII/lib/org.eclipse.paho.client.mqttv3
.jar:/home/travis/build/icyphy/ptII/lib/mapss.jar:/home/travis/build/icyphy/ptI
I/ptolemy/actor/ptalon/antlr/antlr.jar:/home/travis/build/icyphy/ptII/lib/JRI.j
ar:/home/travis/build/icyphy/ptII/lib/commons-lang-2.6.jar:/home/travis/build/i
cyphy/ptII/lib/commons-logging-1.1.1.jar:/home/travis/build/icyphy/ptII/lib/soo
tclasses.jar:/home/travis/build/icyphy/ptII/ptolemy/actor/lib/database/mysql-co
nnector-java-5.1.6-bin.jar:/home/travis/build/icyphy/ptII/vendors/misc/sphinx4/
sphinx4-data-5prealpha.jar:/home/travis/build/icyphy/ptII/vendors/misc/sphinx4/
sphinx4-core-5prealpha.jar:/home/travis/build/icyphy/ptII/lib/PDFRenderer.jar:/
home/travis/build/icyphy/ptII/lib/svgSalamander.jar:/home/travis/build/icyphy/p
tII/lib/rsyntaxtextarea-2.6.0-SNAPSHOT.jar:/home/travis/build/icyphy/ptII/lib/h
azelcast-3.8.2.jar:/home/travis/build/icyphy/ptII/lib/jackson-annotations-2.9.0
.jar:/home/travis/build/icyphy/ptII/lib/jackson-core-2.9.3.jar:/home/travis/bui
ld/icyphy/ptII/lib/jackson-databind-2.9.3.jar:/home/travis/build/icyphy/ptII/li
b/netty-buffer-4.1.19.Final.jar:/home/travis/build/icyphy/ptII/lib/netty-codec-
4.1.19.Final.jar:/home/travis/build/icyphy/ptII/lib/netty-codec-dns-4.1.19.Fina
l.jar:/home/travis/build/icyphy/ptII/lib/netty-codec-http-4.1.19.Final.jar:/hom
e/travis/build/icyphy/ptII/lib/netty-codec-http2-4.1.19.Final.jar:/home/travis/
build/icyphy/ptII/lib/netty-common-4.1.19.Final.jar:/home/travis/build/icyphy/p
tII/lib/netty-handler-4.1.19.Final.jar:/home/travis/build/icyphy/ptII/lib/netty
-resolver-4.1.19.Final.jar:/home/travis/build/icyphy/ptII/lib/netty-resolver-dn
s-4.1.19.Final.jar:/home/travis/build/icyphy/ptII/lib/netty-transport-4.1.19.Fi
nal.jar:/home/travis/build/icyphy/ptII/lib/vertx-codegen-3.5.1.jar:/home/travis
/build/icyphy/ptII/lib/vertx-core-3.5.2-SNAPSHOT.jar:/home/travis/build/icyphy/
ptII/lib/vertx-hazelcast-3.5.1.jar:/home/travis/build/icyphy/ptII/lib/vertx-lan
g-js-3.5.1.jar:/home/travis/build/icyphy/ptII/lib/vertx-service-proxy-3.5.1.jar
:/home/travis/build/icyphy/ptII/lib/vertx-web-3.5.1.jar:/home/travis/build/icyp
hy/ptII/lib/slf4j-api-1.7.13.jar:/home/travis/build/icyphy/ptII/lib/slf4j-simpl
e-1.7.13.jar:/home/travis/build/icyphy/ptII/lib/webcam-capture-0.3.12.jar:/home
/travis/build/icyphy/ptII/lib/bridj-0.7.0.jar:/home/travis/build/icyphy/ptII/li
b/xbjlib-1.1.0.nrjavaserial.jar:/home/travis/build/icyphy/ptII/ptolemy/moml/tes
t:/home/travis/build/icyphy/ptII/ant/lib/ant-launcher.jar:/home/travis/build/ic
yphy/ptII/ant/lib/ant.jar:/home/travis/build/icyphy/ptII/ant/lib/ant-junit.jar:
/home/travis/build/icyphy/ptII/ant/lib/ant-junit4.jar:/home/travis/build/icyphy
/ptII ModularCG_A1_B2_profile.java
-rw-rw-r--   1 travis travis   635 Jun 11 04:37 Repeat$_wrapup_Repeat.class
-rw-rw-r--   1 travis travis   965 Jun 11 04:37 Repeat$_wrapup_Repeat$__w_sL_1.class
-rw-rw-r--   1 travis travis   289 Jun 11 04:32 result.csv
drwxrwxr-x   3 travis travis 12288 Jun 11 04:35 Scrambler1
drwxrwxr-x   3 travis travis 20480 Jun 11 04:34 Sinewave2
drwxrwxr-x   3 travis travis 69632 Jun 11 04:35 StringCompare
drwxrwxr-x   3 travis travis 32768 Jun 11 04:35 StringFunction
drwxrwxr-x   3 travis travis 12288 Jun 11 04:35 StringLength
drwxrwxr-x   3 travis travis 57344 Jun 11 04:36 StringSimpleReplace
drwxrwxr-x   3 travis travis 12288 Jun 11 04:37 time2
drwxrwxr-x   3 travis travis 12288 Jun 11 04:37 time5
-rw-rw-r--   1 travis travis   432 Jun 11 04:37 Token.class
-rw-rw-r--   1 travis travis   251 Jun 11 04:37 Token.java
-rw-rw-r--   1 travis travis     0 Jun 11 04:37 top.
-rw-rw-r--   1 travis travis 20502 Jun 11 04:32 top.c
-rw-rw-r--   1 travis travis  3567 Jun 11 04:37 top.class
-rw-rw-r--   1 travis travis   169 Jun 11 04:32 top.html
-rw-rw-r--   1 travis travis  7552 Jun 11 04:37 top.java
-rw-rw-r--   1 travis travis 38888 Jun 11 04:32 top.o
drwxrwxr-x   3 travis travis 57344 Jun 11 04:34 UnaryMathFunction
All Done
Writing ModularCG_A1_B2.java in file:/home/travis/cg/ (9730 characters)
Reading "ptolemy/cg/kernel/generic/program/procedural/java/modular/makefile.in",
    writing "/home/travis/cg/ModularCG_A1_B2.mk"
Using ptolemy/cg/kernel/generic/program/procedural/java/modular/makefile.in
In "/home/travis/cg", about to execute:
    make -f ModularCG_A1_B2.mk
javac -classpath ".:.."    ModularCG_A1_B2.java
All Done
In "/home/travis/cg", about to execute:
    pwd
In "/home/travis/cg", about to execute:
    ls -l
/home/travis/cg
In "/home/travis/cg", about to execute:
    javac -classpath
.:/home/travis/build/icyphy/ptII:/home/travis/build/icyphy/ptII/lib/bsh-2.0b4.j
ar:/home/travis/build/icyphy/ptII/lib/ptCal.jar:/home/travis/build/icyphy/ptII/
lib/java_cup.jar:/home/travis/build/icyphy/ptII/lib/saxon8.jar:/home/travis/bui
ld/icyphy/ptII/lib/saxon8-dom.jar:/home/travis/build/icyphy/ptII/lib/chic.jar:/
home/travis/build/icyphy/ptII/lib/ptcolt.jar:/usr/lib/jvm/java-8-oracle/lib/too
ls.jar:/home/travis/build/icyphy/ptII/vendors/misc/itext/iText.jar:/home/travis
/build/icyphy/ptII/lib/g4ltl.jar:/home/travis/build/icyphy/ptII/lib/StructuralC
oder.jar:/home/travis/build/icyphy/ptII/vendors/jai-1_1_2_01/lib/jai_core.jar:/
home/travis/build/icyphy/ptII/vendors/jai-1_1_2_01/lib/jai_codec.jar:/home/trav
is/build/icyphy/ptII/lib/jcerti.jar:/home/travis/build/icyphy/ptII/lib/javax.ma
il.jar:/home/travis/build/icyphy/ptII/vendors/JMF-2.1.1e/lib/jmf.jar:/home/trav
is/build/icyphy/ptII/lib/jna-4.0.0-variadic.jar:/home/travis/build/icyphy/ptII/
vendors/misc/joystick/Joystick.jar:/home/travis/build/icyphy/ptII/lib/ptjacl.ja
r:/home/travis/build/icyphy/ptII/lib/jsoup-1.8.2.jar:/home/travis/build/icyphy/
ptII/lib/junit-4.8.2.jar:/home/travis/build/icyphy/ptII/lib/JUnitParams-0.4.0.j
ar:/home/travis/build/icyphy/ptII/ptolemy/actor/lib/excel/jxl.jar:/home/travis/
build/icyphy/ptII/lib/jython.jar:/home/travis/build/icyphy/ptII/lib/kieler.jar:
/home/travis/build/icyphy/ptII/vendors/opencv/share/OpenCV/java/opencv-341.jar:
/home/travis/build/icyphy/ptII/lib/oscP5.jar:/home/travis/build/icyphy/ptII/lib
/nrjavaserial-3.11.0.devel.jar:/home/travis/build/icyphy/ptII/vendors/j3d/lib/j
3dcore.jar:/home/travis/build/icyphy/ptII/vendors/j3d/lib/j3dutils.jar:/home/tr
avis/build/icyphy/ptII/vendors/j3d/lib/vecmath.jar:/home/travis/build/icyphy/pt
II/ptolemy/distributed/jini/jar/jini-core.jar:/home/travis/build/icyphy/ptII/pt
olemy/distributed/jini/jar/jini-ext.jar:/home/travis/build/icyphy/ptII/ptolemy/
distributed/jini/jar/sun-util.jar:/home/travis/build/icyphy/ptII/lib/protobuf-j
ava-2.4.1.jar:/home/travis/build/icyphy/ptII/lib/org.eclipse.paho.client.mqttv3
.jar:/home/travis/build/icyphy/ptII/lib/mapss.jar:/home/travis/build/icyphy/ptI
I/ptolemy/actor/ptalon/antlr/antlr.jar:/home/travis/build/icyphy/ptII/lib/JRI.j
ar:/home/travis/build/icyphy/ptII/lib/commons-lang-2.6.jar:/home/travis/build/i
cyphy/ptII/lib/commons-logging-1.1.1.jar:/home/travis/build/icyphy/ptII/lib/soo
tclasses.jar:/home/travis/build/icyphy/ptII/ptolemy/actor/lib/database/mysql-co
nnector-java-5.1.6-bin.jar:/home/travis/build/icyphy/ptII/vendors/misc/sphinx4/
sphinx4-data-5prealpha.jar:/home/travis/build/icyphy/ptII/vendors/misc/sphinx4/
sphinx4-core-5prealpha.jar:/home/travis/build/icyphy/ptII/lib/PDFRenderer.jar:/
home/travis/build/icyphy/ptII/lib/svgSalamander.jar:/home/travis/build/icyphy/p
tII/lib/rsyntaxtextarea-2.6.0-SNAPSHOT.jar:/home/travis/build/icyphy/ptII/lib/h
azelcast-3.8.2.jar:/home/travis/build/icyphy/ptII/lib/jackson-annotations-2.9.0
.jar:/home/travis/build/icyphy/ptII/lib/jackson-core-2.9.3.jar:/home/travis/bui
ld/icyphy/ptII/lib/jackson-databind-2.9.3.jar:/home/travis/build/icyphy/ptII/li
b/netty-buffer-4.1.19.Final.jar:/home/travis/build/icyphy/ptII/lib/netty-codec-
4.1.19.Final.jar:/home/travis/build/icyphy/ptII/lib/netty-codec-dns-4.1.19.Fina
l.jar:/home/travis/build/icyphy/ptII/lib/netty-codec-http-4.1.19.Final.jar:/hom
e/travis/build/icyphy/ptII/lib/netty-codec-http2-4.1.19.Final.jar:/home/travis/
build/icyphy/ptII/lib/netty-common-4.1.19.Final.jar:/home/travis/build/icyphy/p
tII/lib/netty-handler-4.1.19.Final.jar:/home/travis/build/icyphy/ptII/lib/netty
-resolver-4.1.19.Final.jar:/home/travis/build/icyphy/ptII/lib/netty-resolver-dn
s-4.1.19.Final.jar:/home/travis/build/icyphy/ptII/lib/netty-transport-4.1.19.Fi
nal.jar:/home/travis/build/icyphy/ptII/lib/vertx-codegen-3.5.1.jar:/home/travis
/build/icyphy/ptII/lib/vertx-core-3.5.2-SNAPSHOT.jar:/home/travis/build/icyphy/
ptII/lib/vertx-hazelcast-3.5.1.jar:/home/travis/build/icyphy/ptII/lib/vertx-lan
g-js-3.5.1.jar:/home/travis/build/icyphy/ptII/lib/vertx-service-proxy-3.5.1.jar
:/home/travis/build/icyphy/ptII/lib/vertx-web-3.5.1.jar:/home/travis/build/icyp
hy/ptII/lib/slf4j-api-1.7.13.jar:/home/travis/build/icyphy/ptII/lib/slf4j-simpl
e-1.7.13.jar:/home/travis/build/icyphy/ptII/lib/webcam-capture-0.3.12.jar:/home
/travis/build/icyphy/ptII/lib/bridj-0.7.0.jar:/home/travis/build/icyphy/ptII/li
b/xbjlib-1.1.0.nrjavaserial.jar:/home/travis/build/icyphy/ptII/ptolemy/moml/tes
t:/home/travis/build/icyphy/ptII/ant/lib/ant-launcher.jar:/home/travis/build/ic
yphy/ptII/ant/lib/ant.jar:/home/travis/build/icyphy/ptII/ant/lib/ant-junit.jar:
/home/travis/build/icyphy/ptII/ant/lib/ant-junit4.jar:/home/travis/build/icyphy
/ptII ModularCG_A1_profile.java
total 1088
drwxrwxr-x   3 travis travis 12288 Jun 11 04:33 AbsoluteValue
drwxrwxr-x   3 travis travis 16384 Jun 11 04:33 Case1
drwxrwxr-x   3 travis travis 32768 Jun 11 04:33 Case2
-rw-rw-r--   1 travis travis  4895 Jun 11 04:37 CompiledCompositeActor_CompiledCompositeActor.class
-rw-rw-r--   1 travis travis  1592 Jun 11 04:37 CompiledCompositeActor_CompiledCompositeActor$_CompiledCompositeActor_CompiledCompositeActor.class
-rw-rw-r--   1 travis travis 13466 Jun 11 04:37 CompiledCompositeActor_CompiledCompositeActor.java
-rw-rw-r--   1 travis travis  1593 Jun 11 04:37 CompiledCompositeActor_CompiledCompositeActor.mk
drwxrwxr-x   3 travis travis 24576 Jun 11 04:35 DeScrambler
drwxrwxr-x   3 travis travis 16384 Jun 11 04:36 DotProduct
drwxrwxr-x   3 travis travis 12288 Jun 11 04:33 FileWriter1
drwxrwxr-x   3 travis travis 20480 Jun 11 04:32 FixToDoubleAndBack
drwxrwxr-x   3 travis travis 16384 Jun 11 04:33 Gaussian1
drwxrwxr-x   3 travis travis 20480 Jun 11 04:33 Gaussian2
-rw-rw-r--   1 travis travis  4457 Jun 11 04:37 JavaCompiledCompositeTest1_CompiledCompositeActor.class
-rw-rw-r--   1 travis travis 11637 Jun 11 04:37 JavaCompiledCompositeTest1_CompiledCompositeActor.java
-rw-rw-r--   1 travis travis  1198 Jun 11 04:37 JavaCompiledCompositeTest1_CompiledCompositeActor$_JavaCompiledCompositeTest1_CompiledCompositeActor.class
-rw-rw-r--   1 travis travis  1625 Jun 11 04:37 JavaCompiledCompositeTest1_CompiledCompositeActor.mk
-rw-rw-r--   1 travis travis  4888 Jun 11 04:37 JavaCompiledCompositeTest2_CompiledCompositeActor.class
-rw-rw-r--   1 travis travis 14919 Jun 11 04:37 JavaCompiledCompositeTest2_CompiledCompositeActor.java
-rw-rw-r--   1 travis travis  1793 Jun 11 04:37 JavaCompiledCompositeTest2_CompiledCompositeActor$_JavaCompiledCompositeTest2_CompiledCompositeActor.class
-rw-rw-r--   1 travis travis  1625 Jun 11 04:37 JavaCompiledCompositeTest2_CompiledCompositeActor.mk
-rw-rw-r--   1 travis travis  4505 Jun 11 04:37 JavaCompiledCompositeTest3_CompiledCompositeActor.class
-rw-rw-r--   1 travis travis 13080 Jun 11 04:37 JavaCompiledCompositeTest3_CompiledCompositeActor.java
-rw-rw-r--   1 travis travis  1378 Jun 11 04:37 JavaCompiledCompositeTest3_CompiledCompositeActor$_JavaCompiledCompositeTest3_CompiledCompositeActor.class
-rw-rw-r--   1 travis travis  1625 Jun 11 04:37 JavaCompiledCompositeTest3_CompiledCompositeActor.mk
-rw-rw-r--   1 travis travis  3953 Jun 11 04:37 JavaCompiledCompositeTest4_CompiledCompositeActor.class
-rw-rw-r--   1 travis travis  9687 Jun 11 04:37 JavaCompiledCompositeTest4_CompiledCompositeActor.java
-rw-rw-r--   1 travis travis   857 Jun 11 04:37 JavaCompiledCompositeTest4_CompiledCompositeActor$_JavaCompiledCompositeTest4_CompiledCompositeActor.class
-rw-rw-r--   1 travis travis  1625 Jun 11 04:37 JavaCompiledCompositeTest4_CompiledCompositeActor.mk
drwxrwxr-x   3 travis travis 12288 Jun 11 04:33 LookupTable
drwxrwxr-x   3 travis travis 20480 Jun 11 04:34 MaxIndex
-rw-rw-r--   1 travis travis  3693 Jun 11 04:37 ModularCG_A1_B1.class
-rw-rw-r--   1 travis travis  9730 Jun 11 04:37 ModularCG_A1_B1.java
-rw-rw-r--   1 travis travis   832 Jun 11 04:37 ModularCG_A1_B1.mk
-rw-rw-r--   1 travis travis  1318 Jun 11 04:37 ModularCG_A1_B1_profile.class
-rw-rw-r--   1 travis travis  1262 Jun 11 04:37 ModularCG_A1_B1_profile.java
-rw-rw-r--   1 travis travis  3693 Jun 11 04:37 ModularCG_A1_B2.class
-rw-rw-r--   1 travis travis  9730 Jun 11 04:37 ModularCG_A1_B2.java
-rw-rw-r--   1 travis travis   832 Jun 11 04:37 ModularCG_A1_B2.mk
-rw-rw-r--   1 travis travis  1318 Jun 11 04:37 ModularCG_A1_B2_profile.class
-rw-rw-r--   1 travis travis  1262 Jun 11 04:37 ModularCG_A1_B2_profile.java
-rw-rw-r--   1 travis travis  1704 Jun 11 04:37 ModularCG_A1_profile.java
-rw-rw-r--   1 travis travis  3492 Jun 11 04:37 ModularCodeGenTest_A1_A2.class
-rw-rw-r--   1 travis travis   904 Jun 11 04:37 ModularCodeGenTest_A1_A2.mk
-rw-rw-r--   1 travis travis  1306 Jun 11 04:37 ModularCodeGenTest_A1_A2_profile.class
-rw-rw-r--   1 travis travis  3823 Jun 11 04:37 ModularCodeGenTest_A1.class
-rw-rw-r--   1 travis travis  9968 Jun 11 04:37 ModularCodeGenTest_A1.java
-rw-rw-r--   1 travis travis   880 Jun 11 04:37 ModularCodeGenTest_A1.mk
-rw-rw-r--   1 travis travis  1352 Jun 11 04:37 ModularCodeGenTest_A1_profile.class
-rw-rw-r--   1 travis travis  1394 Jun 11 04:37 ModularCodeGenTest_A1_profile.java
drwxrwxr-x   3 travis travis 36864 Jun 11 04:37 modulation2
drwxrwxr-x   3 travis travis 20480 Jun 11 04:34 Multiplexor
drwxrwxr-x 242 travis travis 12288 Jun 11 04:37 node_modules
drwxrwxr-x   3 travis travis 20480 Jun 11 04:34 PhaseUnwrap
-rw-rw-r--   1 travis travis   520 Jun 11 04:37 Repeat$_fireFunction_Repeat_Repeat$__f_sL_0.class
-rw-rw-r--   1 travis travis   522 Jun 11 04:37 Repeat$_fireFunction_Repeat_Repeat$__f_sL_10.class
-rw-rw-r--   1 travis travis   666 Jun 11 04:37 Repeat$_fireFunction_Repeat_Repeat$__f_sL_11.class
-rw-rw-r--   1 travis travis   522 Jun 11 04:37 Repeat$_fireFunction_Repeat_Repeat$__f_sL_13.class
-rw-rw-r--   1 travis travis   665 Jun 11 04:37 Repeat$_fireFunction_Repeat_Repeat$__f_sL_1.class
-rw-rw-r--   1 travis travis   520 Jun 11 04:37 Repeat$_fireFunction_Repeat_Repeat$__f_sL_2.class
-rw-rw-r--   1 travis travis   520 Jun 11 04:37 Repeat$_fireFunction_Repeat_Repeat$__f_sL_3.class
-rw-rw-r--   1 travis travis   520 Jun 11 04:37 Repeat$_fireFunction_Repeat_Repeat$__f_sL_5.class
-rw-rw-r--   1 travis travis   671 Jun 11 04:37 Repeat$_fireFunction_Repeat_Repeat$__f_sL_7.class
-rw-rw-r--   1 travis travis   520 Jun 11 04:37 Repeat$_fireFunction_Repeat_Repeat$__f_sL_9.class
-rw-rw-r--   1 travis travis   813 Jun 11 04:37 Repeat$_initialize_Repeat.class
-rw-rw-r--   1 travis travis   475 Jun 11 04:37 Repeat$_initialize_Repeat$__i_sL_0.class
-rw-rw-r--   1 travis travis   519 Jun 11 04:37 Repeat$_initialize_Repeat$__i_sL_3.class
-rw-rw-r--   1 travis travis 39778 Jun 11 04:37 Repeat.java
-rw-rw-r--   1 travis travis  1281 Jun 11 04:37 Repeat.mk
-rw-rw-r--   1 travis travis   520 Jun 11 04:37 Repeat$_preinitializeMethod_Repeat$__p_sL_0.class
-rw-rw-r--   1 travis travis   520 Jun 11 04:37 Repeat$_preinitializeMethod_Repeat$__p_sL_1.class
-rw-rw-r--   1 travis travis  1083 Jun 11 04:37 Repeat$_Repeat$_fireFunction_Repeat_AddSubtract_Repeat.class
-rw-rw-r--   1 travis travis   791 Jun 11 04:37 Repeat$_Repeat$_fireFunction_Repeat_AddSubtract_Repeat$__f_sL_0.class
-rw-rw-r--   1 travis travis   909 Jun 11 04:37 Repeat$_Repeat$_fireFunction_Repeat_AddSubtract_Repeat$__f_sL_1.class
-rw-rw-r--   1 travis travis   915 Jun 11 04:37 Repeat$_Repeat$_fireFunction_Repeat_AddSubtract_Repeat$__f_sL_2.class
-rw-rw-r--   1 travis travis   838 Jun 11 04:37 Repeat$_Repeat$_fireFunction_Repeat_Ramp2_Repeat$__f_sL_1.class
-rw-rw-r--   1 travis travis  1785 Jun 11 04:37 Repeat$_Repeat$_fireFunction_Repeat_Test_Repeat$__f_sL_2.class
-rw-rw-r--   1 travis travis   685 Jun 11 04:37 Repeat$_Repeat_SDF_Director_run_Repeat$__R_sL_0.class
-rw-rw-r--   1 travis travis   540 Jun 11 04:37 Repeat$_Repeat_SDF_Director_run_Repeat$__R_sL_1.class
-rw-rw-r--   1 travis travis   540 Jun 11 04:37 Repeat$_Repeat_SDF_Director_run_Repeat$__R_sL_2.class
-rw-rw-r--   1 travis travis   540 Jun 11 04:37 Repeat$_Repeat_SDF_Director_run_Repeat$__R_sL_4.class
-rw-rw-r--   1 travis travis   540 Jun 11 04:37 Repeat$_Repeat_SDF_Director_run_Repeat$__R_sL_5.class
-rw-rw-r--   1 travis travis   691 Jun 11 04:37 Repeat$_Repeat_SDF_Director_run_Repeat$__R_sL_6.class
-rw-rw-r--   1 travis travis   540 Jun 11 04:37 Repeat$_Repeat_SDF_Director_run_Repeat$__R_sL_7.class
-rw-rw-r--   1 travis travis   863 Jun 11 04:37 Repeat$_varinit_Repeat.class
-rw-rw-r--   1 travis travis   530 Jun 11 04:37 Repeat$_varinit_Repeat$__v_sL_1.class
-rw-rw-r--   1 travis travis   531 Jun 11 04:37 Repeat$_varinit_Repeat$__v_sL_2.class
-rw-rw-r--   1 travis travis   905 Jun 11 04:37 Repeat$_varinit_Repeat$__v_sL_4.class
-rw-rw-r--   1 travis travis   635 Jun 11 04:37 Repeat$_wrapup_Repeat.class
-rw-rw-r--   1 travis travis   965 Jun 11 04:37 Repeat$_wrapup_Repeat$__w_sL_1.class
-rw-rw-r--   1 travis travis   289 Jun 11 04:32 result.csv
drwxrwxr-x   3 travis travis 12288 Jun 11 04:35 Scrambler1
drwxrwxr-x   3 travis travis 20480 Jun 11 04:34 Sinewave2
drwxrwxr-x   3 travis travis 69632 Jun 11 04:35 StringCompare
drwxrwxr-x   3 travis travis 32768 Jun 11 04:35 StringFunction
drwxrwxr-x   3 travis travis 12288 Jun 11 04:35 StringLength
drwxrwxr-x   3 travis travis 57344 Jun 11 04:36 StringSimpleReplace
drwxrwxr-x   3 travis travis 12288 Jun 11 04:37 time2
drwxrwxr-x   3 travis travis 12288 Jun 11 04:37 time5
-rw-rw-r--   1 travis travis   432 Jun 11 04:37 Token.class
-rw-rw-r--   1 travis travis   251 Jun 11 04:37 Token.java
-rw-rw-r--   1 travis travis     0 Jun 11 04:37 top.
-rw-rw-r--   1 travis travis 20502 Jun 11 04:32 top.c
-rw-rw-r--   1 travis travis  3567 Jun 11 04:37 top.class
-rw-rw-r--   1 travis travis   169 Jun 11 04:32 top.html
-rw-rw-r--   1 travis travis  7552 Jun 11 04:37 top.java
-rw-rw-r--   1 travis travis 38888 Jun 11 04:32 top.o
drwxrwxr-x   3 travis travis 57344 Jun 11 04:34 UnaryMathFunction
All Done
Writing ModularCG_A1.java in file:/home/travis/cg/ (14742 characters)
Reading "ptolemy/cg/kernel/generic/program/procedural/java/modular/makefile.in",
    writing "/home/travis/cg/ModularCG_A1.mk"
Using ptolemy/cg/kernel/generic/program/procedural/java/modular/makefile.in
In "/home/travis/cg", about to execute:
    make -f ModularCG_A1.mk
javac -classpath ".:.."    ModularCG_A1.java
All Done
In "/home/travis/cg", about to execute:
    pwd
/home/travis/cg
In "/home/travis/cg", about to execute:
    ls -l
total 1124
drwxrwxr-x   3 travis travis 12288 Jun 11 04:33 AbsoluteValue
drwxrwxr-x   3 travis travis 16384 Jun 11 04:33 Case1
drwxrwxr-x   3 travis travis 32768 Jun 11 04:33 Case2
-rw-rw-r--   1 travis travis  4895 Jun 11 04:37 CompiledCompositeActor_CompiledCompositeActor.class
-rw-rw-r--   1 travis travis  1592 Jun 11 04:37 CompiledCompositeActor_CompiledCompositeActor$_CompiledCompositeActor_CompiledCompositeActor.class
-rw-rw-r--   1 travis travis 13466 Jun 11 04:37 CompiledCompositeActor_CompiledCompositeActor.java
-rw-rw-r--   1 travis travis  1593 Jun 11 04:37 CompiledCompositeActor_CompiledCompositeActor.mk
drwxrwxr-x   3 travis travis 24576 Jun 11 04:35 DeScrambler
drwxrwxr-x   3 travis travis 16384 Jun 11 04:36 DotProduct
drwxrwxr-x   3 travis travis 12288 Jun 11 04:33 FileWriter1
drwxrwxr-x   3 travis travis 20480 Jun 11 04:32 FixToDoubleAndBack
drwxrwxr-x   3 travis travis 16384 Jun 11 04:33 Gaussian1
drwxrwxr-x   3 travis travis 20480 Jun 11 04:33 Gaussian2
-rw-rw-r--   1 travis travis  4457 Jun 11 04:37 JavaCompiledCompositeTest1_CompiledCompositeActor.class
-rw-rw-r--   1 travis travis 11637 Jun 11 04:37 JavaCompiledCompositeTest1_CompiledCompositeActor.java
-rw-rw-r--   1 travis travis  1198 Jun 11 04:37 JavaCompiledCompositeTest1_CompiledCompositeActor$_JavaCompiledCompositeTest1_CompiledCompositeActor.class
-rw-rw-r--   1 travis travis  1625 Jun 11 04:37 JavaCompiledCompositeTest1_CompiledCompositeActor.mk
-rw-rw-r--   1 travis travis  4888 Jun 11 04:37 JavaCompiledCompositeTest2_CompiledCompositeActor.class
-rw-rw-r--   1 travis travis 14919 Jun 11 04:37 JavaCompiledCompositeTest2_CompiledCompositeActor.java
-rw-rw-r--   1 travis travis  1793 Jun 11 04:37 JavaCompiledCompositeTest2_CompiledCompositeActor$_JavaCompiledCompositeTest2_CompiledCompositeActor.class
-rw-rw-r--   1 travis travis  1625 Jun 11 04:37 JavaCompiledCompositeTest2_CompiledCompositeActor.mk
-rw-rw-r--   1 travis travis  4505 Jun 11 04:37 JavaCompiledCompositeTest3_CompiledCompositeActor.class
-rw-rw-r--   1 travis travis 13080 Jun 11 04:37 JavaCompiledCompositeTest3_CompiledCompositeActor.java
-rw-rw-r--   1 travis travis  1378 Jun 11 04:37 JavaCompiledCompositeTest3_CompiledCompositeActor$_JavaCompiledCompositeTest3_CompiledCompositeActor.class
-rw-rw-r--   1 travis travis  1625 Jun 11 04:37 JavaCompiledCompositeTest3_CompiledCompositeActor.mk
-rw-rw-r--   1 travis travis  3953 Jun 11 04:37 JavaCompiledCompositeTest4_CompiledCompositeActor.class
-rw-rw-r--   1 travis travis  9687 Jun 11 04:37 JavaCompiledCompositeTest4_CompiledCompositeActor.java
-rw-rw-r--   1 travis travis   857 Jun 11 04:37 JavaCompiledCompositeTest4_CompiledCompositeActor$_JavaCompiledCompositeTest4_CompiledCompositeActor.class
-rw-rw-r--   1 travis travis  1625 Jun 11 04:37 JavaCompiledCompositeTest4_CompiledCompositeActor.mk
drwxrwxr-x   3 travis travis 12288 Jun 11 04:33 LookupTable
drwxrwxr-x   3 travis travis 20480 Jun 11 04:34 MaxIndex
-rw-rw-r--   1 travis travis  3693 Jun 11 04:37 ModularCG_A1_B1.class
-rw-rw-r--   1 travis travis  9730 Jun 11 04:37 ModularCG_A1_B1.java
-rw-rw-r--   1 travis travis   832 Jun 11 04:37 ModularCG_A1_B1.mk
-rw-rw-r--   1 travis travis  1318 Jun 11 04:37 ModularCG_A1_B1_profile.class
-rw-rw-r--   1 travis travis  1262 Jun 11 04:37 ModularCG_A1_B1_profile.java
-rw-rw-r--   1 travis travis  3693 Jun 11 04:37 ModularCG_A1_B2.class
-rw-rw-r--   1 travis travis  9730 Jun 11 04:37 ModularCG_A1_B2.java
-rw-rw-r--   1 travis travis   832 Jun 11 04:37 ModularCG_A1_B2.mk
-rw-rw-r--   1 travis travis  1318 Jun 11 04:37 ModularCG_A1_B2_profile.class
-rw-rw-r--   1 travis travis  1262 Jun 11 04:37 ModularCG_A1_B2_profile.java
-rw-rw-r--   1 travis travis  4799 Jun 11 04:37 ModularCG_A1.class
-rw-rw-r--   1 travis travis 14742 Jun 11 04:37 ModularCG_A1.java
-rw-rw-r--   1 travis travis   808 Jun 11 04:37 ModularCG_A1.mk
-rw-rw-r--   1 travis travis  1433 Jun 11 04:37 ModularCG_A1_profile.class
-rw-rw-r--   1 travis travis  1704 Jun 11 04:37 ModularCG_A1_profile.java
-rw-rw-r--   1 travis travis  1446 Jun 11 04:37 ModularCG_A2_B1_profile.java
-rw-rw-r--   1 travis travis  3492 Jun 11 04:37 ModularCodeGenTest_A1_A2.class
-rw-rw-r--   1 travis travis   904 Jun 11 04:37 ModularCodeGenTest_A1_A2.mk
-rw-rw-r--   1 travis travis  1306 Jun 11 04:37 ModularCodeGenTest_A1_A2_profile.class
-rw-rw-r--   1 travis travis  3823 Jun 11 04:37 ModularCodeGenTest_A1.class
-rw-rw-r--   1 travis travis  9968 Jun 11 04:37 ModularCodeGenTest_A1.java
-rw-rw-r--   1 travis travis   880 Jun 11 04:37 ModularCodeGenTest_A1.mk
-rw-rw-r--   1 travis travis  1352 Jun 11 04:37 ModularCodeGenTest_A1_profile.class
-rw-rw-r--   1 travis travis  1394 Jun 11 04:37 ModularCodeGenTest_A1_profile.java
drwxrwxr-x   3 travis travis 36864 Jun 11 04:37 modulation2
drwxrwxr-x   3 travis travis 20480 Jun 11 04:34 Multiplexor
drwxrwxr-x 242 travis travis 12288 Jun 11 04:37 node_modules
drwxrwxr-x   3 travis travis 20480 Jun 11 04:34 PhaseUnwrap
-rw-rw-r--   1 travis travis   520 Jun 11 04:37 Repeat$_fireFunction_Repeat_Repeat$__f_sL_0.class
-rw-rw-r--   1 travis travis   522 Jun 11 04:37 Repeat$_fireFunction_Repeat_Repeat$__f_sL_10.class
-rw-rw-r--   1 travis travis   666 Jun 11 04:37 Repeat$_fireFunction_Repeat_Repeat$__f_sL_11.class
-rw-rw-r--   1 travis travis   522 Jun 11 04:37 Repeat$_fireFunction_Repeat_Repeat$__f_sL_13.class
-rw-rw-r--   1 travis travis   665 Jun 11 04:37 Repeat$_fireFunction_Repeat_Repeat$__f_sL_1.class
-rw-rw-r--   1 travis travis   520 Jun 11 04:37 Repeat$_fireFunction_Repeat_Repeat$__f_sL_2.class
-rw-rw-r--   1 travis travis   520 Jun 11 04:37 Repeat$_fireFunction_Repeat_Repeat$__f_sL_3.class
-rw-rw-r--   1 travis travis   520 Jun 11 04:37 Repeat$_fireFunction_Repeat_Repeat$__f_sL_5.class
-rw-rw-r--   1 travis travis   671 Jun 11 04:37 Repeat$_fireFunction_Repeat_Repeat$__f_sL_7.class
-rw-rw-r--   1 travis travis   520 Jun 11 04:37 Repeat$_fireFunction_Repeat_Repeat$__f_sL_9.class
-rw-rw-r--   1 travis travis   813 Jun 11 04:37 Repeat$_initialize_Repeat.class
-rw-rw-r--   1 travis travis   475 Jun 11 04:37 Repeat$_initialize_Repeat$__i_sL_0.class
-rw-rw-r--   1 travis travis   519 Jun 11 04:37 Repeat$_initialize_Repeat$__i_sL_3.class
-rw-rw-r--   1 travis travis 39778 Jun 11 04:37 Repeat.java
-rw-rw-r--   1 travis travis  1281 Jun 11 04:37 Repeat.mk
-rw-rw-r--   1 travis travis   520 Jun 11 04:37 Repeat$_preinitializeMethod_Repeat$__p_sL_0.class
-rw-rw-r--   1 travis travis   520 Jun 11 04:37 Repeat$_preinitializeMethod_Repeat$__p_sL_1.class
-rw-rw-r--   1 travis travis  1083 Jun 11 04:37 Repeat$_Repeat$_fireFunction_Repeat_AddSubtract_Repeat.class
-rw-rw-r--   1 travis travis   791 Jun 11 04:37 Repeat$_Repeat$_fireFunction_Repeat_AddSubtract_Repeat$__f_sL_0.class
-rw-rw-r--   1 travis travis   909 Jun 11 04:37 Repeat$_Repeat$_fireFunction_Repeat_AddSubtract_Repeat$__f_sL_1.class
-rw-rw-r--   1 travis travis   915 Jun 11 04:37 Repeat$_Repeat$_fireFunction_Repeat_AddSubtract_Repeat$__f_sL_2.class
-rw-rw-r--   1 travis travis   838 Jun 11 04:37 Repeat$_Repeat$_fireFunction_Repeat_Ramp2_Repeat$__f_sL_1.class
-rw-rw-r--   1 travis travis  1785 Jun 11 04:37 Repeat$_Repeat$_fireFunction_Repeat_Test_Repeat$__f_sL_2.class
-rw-rw-r--   1 travis travis   685 Jun 11 04:37 Repeat$_Repeat_SDF_Director_run_Repeat$__R_sL_0.class
-rw-rw-r--   1 travis travis   540 Jun 11 04:37 Repeat$_Repeat_SDF_Director_run_Repeat$__R_sL_1.class
-rw-rw-r--   1 travis travis   540 Jun 11 04:37 Repeat$_Repeat_SDF_Director_run_Repeat$__R_sL_2.class
-rw-rw-r--   1 travis travis   540 Jun 11 04:37 Repeat$_Repeat_SDF_Director_run_Repeat$__R_sL_4.class
-rw-rw-r--   1 travis travis   540 Jun 11 04:37 Repeat$_Repeat_SDF_Director_run_Repeat$__R_sL_5.class
-rw-rw-r--   1 travis travis   691 Jun 11 04:37 Repeat$_Repeat_SDF_Director_run_Repeat$__R_sL_6.class
-rw-rw-r--   1 travis travis   540 Jun 11 04:37 Repeat$_Repeat_SDF_Director_run_Repeat$__R_sL_7.class
-rw-rw-r--   1 travis travis   863 Jun 11 04:37 Repeat$_varinit_Repeat.class
-rw-rw-r--   1 travis travis   530 Jun 11 04:37 Repeat$_varinit_Repeat$__v_sL_1.class
-rw-rw-r--   1 travis travis   531 Jun 11 04:37 Repeat$_varinit_Repeat$__v_sL_2.class
-rw-rw-r--   1 travis travis   905 Jun 11 04:37 Repeat$_varinit_Repeat$__v_sL_4.class
-rw-rw-r--   1 travis travis   635 Jun 11 04:37 Repeat$_wrapup_Repeat.class
-rw-rw-r--   1 travis travis   965 Jun 11 04:37 Repeat$_wrapup_Repeat$__w_sL_1.class
-rw-rw-r--   1 travis travis   289 Jun 11 04:32 result.csv
drwxrwxr-x   3 travis travis 12288 Jun 11 04:35 Scrambler1
drwxrwxr-x   3 travis travis 20480 Jun 11 04:34 Sinewave2
drwxrwxr-x   3 travis travis 69632 Jun 11 04:35 StringCompare
drwxrwxr-x   3 travis travis 32768 Jun 11 04:35 StringFunction
drwxrwxr-x   3 travis travis 12288 Jun 11 04:35 StringLength
drwxrwxr-x   3 travis travis 57344 Jun 11 04:36 StringSimpleReplace
drwxrwxr-x   3 travis travis 12288 Jun 11 04:37 time2
drwxrwxr-x   3 travis travis 12288 Jun 11 04:37 time5
-rw-rw-r--   1 travis travis   432 Jun 11 04:37 Token.class
-rw-rw-r--   1 travis travis   251 Jun 11 04:37 Token.java
-rw-rw-r--   1 travis travis     0 Jun 11 04:37 top.
-rw-rw-r--   1 travis travis 20502 Jun 11 04:32 top.c
-rw-rw-r--   1 travis travis  3567 Jun 11 04:37 top.class
-rw-rw-r--   1 travis travis   169 Jun 11 04:32 top.html
-rw-rw-r--   1 travis travis  7552 Jun 11 04:37 top.java
-rw-rw-r--   1 travis travis 38888 Jun 11 04:32 top.o
drwxrwxr-x   3 travis travis 57344 Jun 11 04:34 UnaryMathFunction
In "/home/travis/cg", about to execute:
    javac -classpath
.:/home/travis/build/icyphy/ptII:/home/travis/build/icyphy/ptII/lib/bsh-2.0b4.j
ar:/home/travis/build/icyphy/ptII/lib/ptCal.jar:/home/travis/build/icyphy/ptII/
lib/java_cup.jar:/home/travis/build/icyphy/ptII/lib/saxon8.jar:/home/travis/bui
ld/icyphy/ptII/lib/saxon8-dom.jar:/home/travis/build/icyphy/ptII/lib/chic.jar:/
home/travis/build/icyphy/ptII/lib/ptcolt.jar:/usr/lib/jvm/java-8-oracle/lib/too
ls.jar:/home/travis/build/icyphy/ptII/vendors/misc/itext/iText.jar:/home/travis
/build/icyphy/ptII/lib/g4ltl.jar:/home/travis/build/icyphy/ptII/lib/StructuralC
oder.jar:/home/travis/build/icyphy/ptII/vendors/jai-1_1_2_01/lib/jai_core.jar:/
home/travis/build/icyphy/ptII/vendors/jai-1_1_2_01/lib/jai_codec.jar:/home/trav
is/build/icyphy/ptII/lib/jcerti.jar:/home/travis/build/icyphy/ptII/lib/javax.ma
il.jar:/home/travis/build/icyphy/ptII/vendors/JMF-2.1.1e/lib/jmf.jar:/home/trav
is/build/icyphy/ptII/lib/jna-4.0.0-variadic.jar:/home/travis/build/icyphy/ptII/
vendors/misc/joystick/Joystick.jar:/home/travis/build/icyphy/ptII/lib/ptjacl.ja
r:/home/travis/build/icyphy/ptII/lib/jsoup-1.8.2.jar:/home/travis/build/icyphy/
ptII/lib/junit-4.8.2.jar:/home/travis/build/icyphy/ptII/lib/JUnitParams-0.4.0.j
ar:/home/travis/build/icyphy/ptII/ptolemy/actor/lib/excel/jxl.jar:/home/travis/
build/icyphy/ptII/lib/jython.jar:/home/travis/build/icyphy/ptII/lib/kieler.jar:
/home/travis/build/icyphy/ptII/vendors/opencv/share/OpenCV/java/opencv-341.jar:
/home/travis/build/icyphy/ptII/lib/oscP5.jar:/home/travis/build/icyphy/ptII/lib
/nrjavaserial-3.11.0.devel.jar:/home/travis/build/icyphy/ptII/vendors/j3d/lib/j
3dcore.jar:/home/travis/build/icyphy/ptII/vendors/j3d/lib/j3dutils.jar:/home/tr
avis/build/icyphy/ptII/vendors/j3d/lib/vecmath.jar:/home/travis/build/icyphy/pt
II/ptolemy/distributed/jini/jar/jini-core.jar:/home/travis/build/icyphy/ptII/pt
olemy/distributed/jini/jar/jini-ext.jar:/home/travis/build/icyphy/ptII/ptolemy/
distributed/jini/jar/sun-util.jar:/home/travis/build/icyphy/ptII/lib/protobuf-j
ava-2.4.1.jar:/home/travis/build/icyphy/ptII/lib/org.eclipse.paho.client.mqttv3
.jar:/home/travis/build/icyphy/ptII/lib/mapss.jar:/home/travis/build/icyphy/ptI
I/ptolemy/actor/ptalon/antlr/antlr.jar:/home/travis/build/icyphy/ptII/lib/JRI.j
ar:/home/travis/build/icyphy/ptII/lib/commons-lang-2.6.jar:/home/travis/build/i
cyphy/ptII/lib/commons-logging-1.1.1.jar:/home/travis/build/icyphy/ptII/lib/soo
tclasses.jar:/home/travis/build/icyphy/ptII/ptolemy/actor/lib/database/mysql-co
nnector-java-5.1.6-bin.jar:/home/travis/build/icyphy/ptII/vendors/misc/sphinx4/
sphinx4-data-5prealpha.jar:/home/travis/build/icyphy/ptII/vendors/misc/sphinx4/
sphinx4-core-5prealpha.jar:/home/travis/build/icyphy/ptII/lib/PDFRenderer.jar:/
home/travis/build/icyphy/ptII/lib/svgSalamander.jar:/home/travis/build/icyphy/p
tII/lib/rsyntaxtextarea-2.6.0-SNAPSHOT.jar:/home/travis/build/icyphy/ptII/lib/h
azelcast-3.8.2.jar:/home/travis/build/icyphy/ptII/lib/jackson-annotations-2.9.0
.jar:/home/travis/build/icyphy/ptII/lib/jackson-core-2.9.3.jar:/home/travis/bui
ld/icyphy/ptII/lib/jackson-databind-2.9.3.jar:/home/travis/build/icyphy/ptII/li
b/netty-buffer-4.1.19.Final.jar:/home/travis/build/icyphy/ptII/lib/netty-codec-
4.1.19.Final.jar:/home/travis/build/icyphy/ptII/lib/netty-codec-dns-4.1.19.Fina
l.jar:/home/travis/build/icyphy/ptII/lib/netty-codec-http-4.1.19.Final.jar:/hom
e/travis/build/icyphy/ptII/lib/netty-codec-http2-4.1.19.Final.jar:/home/travis/
build/icyphy/ptII/lib/netty-common-4.1.19.Final.jar:/home/travis/build/icyphy/p
tII/lib/netty-handler-4.1.19.Final.jar:/home/travis/build/icyphy/ptII/lib/netty
-resolver-4.1.19.Final.jar:/home/travis/build/icyphy/ptII/lib/netty-resolver-dn
s-4.1.19.Final.jar:/home/travis/build/icyphy/ptII/lib/netty-transport-4.1.19.Fi
nal.jar:/home/travis/build/icyphy/ptII/lib/vertx-codegen-3.5.1.jar:/home/travis
/build/icyphy/ptII/lib/vertx-core-3.5.2-SNAPSHOT.jar:/home/travis/build/icyphy/
ptII/lib/vertx-hazelcast-3.5.1.jar:/home/travis/build/icyphy/ptII/lib/vertx-lan
g-js-3.5.1.jar:/home/travis/build/icyphy/ptII/lib/vertx-service-proxy-3.5.1.jar
:/home/travis/build/icyphy/ptII/lib/vertx-web-3.5.1.jar:/home/travis/build/icyp
hy/ptII/lib/slf4j-api-1.7.13.jar:/home/travis/build/icyphy/ptII/lib/slf4j-simpl
e-1.7.13.jar:/home/travis/build/icyphy/ptII/lib/webcam-capture-0.3.12.jar:/home
/travis/build/icyphy/ptII/lib/bridj-0.7.0.jar:/home/travis/build/icyphy/ptII/li
b/xbjlib-1.1.0.nrjavaserial.jar:/home/travis/build/icyphy/ptII/ptolemy/moml/tes
t:/home/travis/build/icyphy/ptII/ant/lib/ant-launcher.jar:/home/travis/build/ic
yphy/ptII/ant/lib/ant.jar:/home/travis/build/icyphy/ptII/ant/lib/ant-junit.jar:
/home/travis/build/icyphy/ptII/ant/lib/ant-junit4.jar:/home/travis/build/icyphy
/ptII ModularCG_A2_B1_profile.java
All Done
Writing ModularCG_A2_B1.java in file:/home/travis/cg/ (10667 characters)
Reading "ptolemy/cg/kernel/generic/program/procedural/java/modular/makefile.in",
    writing "/home/travis/cg/ModularCG_A2_B1.mk"
Using ptolemy/cg/kernel/generic/program/procedural/java/modular/makefile.in
In "/home/travis/cg", about to execute:
    make -f ModularCG_A2_B1.mk
javac -classpath ".:.."    ModularCG_A2_B1.java
All Done
In "/home/travis/cg", about to execute:
    pwd
/home/travis/cg
In "/home/travis/cg", about to execute:
    ls -l
total 1152
drwxrwxr-x   3 travis travis 12288 Jun 11 04:33 AbsoluteValue
drwxrwxr-x   3 travis travis 16384 Jun 11 04:33 Case1
drwxrwxr-x   3 travis travis 32768 Jun 11 04:33 Case2
-rw-rw-r--   1 travis travis  4895 Jun 11 04:37 CompiledCompositeActor_CompiledCompositeActor.class
-rw-rw-r--   1 travis travis  1592 Jun 11 04:37 CompiledCompositeActor_CompiledCompositeActor$_CompiledCompositeActor_CompiledCompositeActor.class
-rw-rw-r--   1 travis travis 13466 Jun 11 04:37 CompiledCompositeActor_CompiledCompositeActor.java
-rw-rw-r--   1 travis travis  1593 Jun 11 04:37 CompiledCompositeActor_CompiledCompositeActor.mk
drwxrwxr-x   3 travis travis 24576 Jun 11 04:35 DeScrambler
drwxrwxr-x   3 travis travis 16384 Jun 11 04:36 DotProduct
drwxrwxr-x   3 travis travis 12288 Jun 11 04:33 FileWriter1
drwxrwxr-x   3 travis travis 20480 Jun 11 04:32 FixToDoubleAndBack
drwxrwxr-x   3 travis travis 16384 Jun 11 04:33 Gaussian1
drwxrwxr-x   3 travis travis 20480 Jun 11 04:33 Gaussian2
-rw-rw-r--   1 travis travis  4457 Jun 11 04:37 JavaCompiledCompositeTest1_CompiledCompositeActor.class
-rw-rw-r--   1 travis travis 11637 Jun 11 04:37 JavaCompiledCompositeTest1_CompiledCompositeActor.java
-rw-rw-r--   1 travis travis  1198 Jun 11 04:37 JavaCompiledCompositeTest1_CompiledCompositeActor$_JavaCompiledCompositeTest1_CompiledCompositeActor.class
-rw-rw-r--   1 travis travis  1625 Jun 11 04:37 JavaCompiledCompositeTest1_CompiledCompositeActor.mk
-rw-rw-r--   1 travis travis  4888 Jun 11 04:37 JavaCompiledCompositeTest2_CompiledCompositeActor.class
-rw-rw-r--   1 travis travis 14919 Jun 11 04:37 JavaCompiledCompositeTest2_CompiledCompositeActor.java
-rw-rw-r--   1 travis travis  1793 Jun 11 04:37 JavaCompiledCompositeTest2_CompiledCompositeActor$_JavaCompiledCompositeTest2_CompiledCompositeActor.class
-rw-rw-r--   1 travis travis  1625 Jun 11 04:37 JavaCompiledCompositeTest2_CompiledCompositeActor.mk
-rw-rw-r--   1 travis travis  4505 Jun 11 04:37 JavaCompiledCompositeTest3_CompiledCompositeActor.class
-rw-rw-r--   1 travis travis 13080 Jun 11 04:37 JavaCompiledCompositeTest3_CompiledCompositeActor.java
-rw-rw-r--   1 travis travis  1378 Jun 11 04:37 JavaCompiledCompositeTest3_CompiledCompositeActor$_JavaCompiledCompositeTest3_CompiledCompositeActor.class
-rw-rw-r--   1 travis travis  1625 Jun 11 04:37 JavaCompiledCompositeTest3_CompiledCompositeActor.mk
-rw-rw-r--   1 travis travis  3953 Jun 11 04:37 JavaCompiledCompositeTest4_CompiledCompositeActor.class
-rw-rw-r--   1 travis travis  9687 Jun 11 04:37 JavaCompiledCompositeTest4_CompiledCompositeActor.java
-rw-rw-r--   1 travis travis   857 Jun 11 04:37 JavaCompiledCompositeTest4_CompiledCompositeActor$_JavaCompiledCompositeTest4_CompiledCompositeActor.class
-rw-rw-r--   1 travis travis  1625 Jun 11 04:37 JavaCompiledCompositeTest4_CompiledCompositeActor.mk
drwxrwxr-x   3 travis travis 12288 Jun 11 04:33 LookupTable
drwxrwxr-x   3 travis travis 20480 Jun 11 04:34 MaxIndex
-rw-rw-r--   1 travis travis  3693 Jun 11 04:37 ModularCG_A1_B1.class
-rw-rw-r--   1 travis travis  9730 Jun 11 04:37 ModularCG_A1_B1.java
-rw-rw-r--   1 travis travis   832 Jun 11 04:37 ModularCG_A1_B1.mk
-rw-rw-r--   1 travis travis  1318 Jun 11 04:37 ModularCG_A1_B1_profile.class
-rw-rw-r--   1 travis travis  1262 Jun 11 04:37 ModularCG_A1_B1_profile.java
-rw-rw-r--   1 travis travis  3693 Jun 11 04:37 ModularCG_A1_B2.class
-rw-rw-r--   1 travis travis  9730 Jun 11 04:37 ModularCG_A1_B2.java
-rw-rw-r--   1 travis travis   832 Jun 11 04:37 ModularCG_A1_B2.mk
-rw-rw-r--   1 travis travis  1318 Jun 11 04:37 ModularCG_A1_B2_profile.class
-rw-rw-r--   1 travis travis  1262 Jun 11 04:37 ModularCG_A1_B2_profile.java
-rw-rw-r--   1 travis travis  4799 Jun 11 04:37 ModularCG_A1.class
-rw-rw-r--   1 travis travis 14742 Jun 11 04:37 ModularCG_A1.java
-rw-rw-r--   1 travis travis   808 Jun 11 04:37 ModularCG_A1.mk
-rw-rw-r--   1 travis travis  1433 Jun 11 04:37 ModularCG_A1_profile.class
-rw-rw-r--   1 travis travis  1704 Jun 11 04:37 ModularCG_A1_profile.java
-rw-rw-r--   1 travis travis  3827 Jun 11 04:37 ModularCG_A2_B1.class
-rw-rw-r--   1 travis travis 10667 Jun 11 04:37 ModularCG_A2_B1.java
-rw-rw-r--   1 travis travis   832 Jun 11 04:37 ModularCG_A2_B1.mk
-rw-rw-r--   1 travis travis  1381 Jun 11 04:37 ModularCG_A2_B1_profile.class
-rw-rw-r--   1 travis travis  1446 Jun 11 04:37 ModularCG_A2_B1_profile.java
-rw-rw-r--   1 travis travis  1262 Jun 11 04:37 ModularCG_A2_B2_profile.java
-rw-rw-r--   1 travis travis  3492 Jun 11 04:37 ModularCodeGenTest_A1_A2.class
-rw-rw-r--   1 travis travis   904 Jun 11 04:37 ModularCodeGenTest_A1_A2.mk
-rw-rw-r--   1 travis travis  1306 Jun 11 04:37 ModularCodeGenTest_A1_A2_profile.class
-rw-rw-r--   1 travis travis  3823 Jun 11 04:37 ModularCodeGenTest_A1.class
-rw-rw-r--   1 travis travis  9968 Jun 11 04:37 ModularCodeGenTest_A1.java
-rw-rw-r--   1 travis travis   880 Jun 11 04:37 ModularCodeGenTest_A1.mk
-rw-rw-r--   1 travis travis  1352 Jun 11 04:37 ModularCodeGenTest_A1_profile.class
-rw-rw-r--   1 travis travis  1394 Jun 11 04:37 ModularCodeGenTest_A1_profile.java
drwxrwxr-x   3 travis travis 36864 Jun 11 04:37 modulation2
drwxrwxr-x   3 travis travis 20480 Jun 11 04:34 Multiplexor
drwxrwxr-x 242 travis travis 12288 Jun 11 04:37 node_modules
drwxrwxr-x   3 travis travis 20480 Jun 11 04:34 PhaseUnwrap
-rw-rw-r--   1 travis travis   520 Jun 11 04:37 Repeat$_fireFunction_Repeat_Repeat$__f_sL_0.class
-rw-rw-r--   1 travis travis   522 Jun 11 04:37 Repeat$_fireFunction_Repeat_Repeat$__f_sL_10.class
-rw-rw-r--   1 travis travis   666 Jun 11 04:37 Repeat$_fireFunction_Repeat_Repeat$__f_sL_11.class
-rw-rw-r--   1 travis travis   522 Jun 11 04:37 Repeat$_fireFunction_Repeat_Repeat$__f_sL_13.class
-rw-rw-r--   1 travis travis   665 Jun 11 04:37 Repeat$_fireFunction_Repeat_Repeat$__f_sL_1.class
-rw-rw-r--   1 travis travis   520 Jun 11 04:37 Repeat$_fireFunction_Repeat_Repeat$__f_sL_2.class
-rw-rw-r--   1 travis travis   520 Jun 11 04:37 Repeat$_fireFunction_Repeat_Repeat$__f_sL_3.class
-rw-rw-r--   1 travis travis   520 Jun 11 04:37 Repeat$_fireFunction_Repeat_Repeat$__f_sL_5.class
-rw-rw-r--   1 travis travis   671 Jun 11 04:37 Repeat$_fireFunction_Repeat_Repeat$__f_sL_7.class
-rw-rw-r--   1 travis travis   520 Jun 11 04:37 Repeat$_fireFunction_Repeat_Repeat$__f_sL_9.class
-rw-rw-r--   1 travis travis   813 Jun 11 04:37 Repeat$_initialize_Repeat.class
-rw-rw-r--   1 travis travis   475 Jun 11 04:37 Repeat$_initialize_Repeat$__i_sL_0.class
-rw-rw-r--   1 travis travis   519 Jun 11 04:37 Repeat$_initialize_Repeat$__i_sL_3.class
-rw-rw-r--   1 travis travis 39778 Jun 11 04:37 Repeat.java
-rw-rw-r--   1 travis travis  1281 Jun 11 04:37 Repeat.mk
-rw-rw-r--   1 travis travis   520 Jun 11 04:37 Repeat$_preinitializeMethod_Repeat$__p_sL_0.class
-rw-rw-r--   1 travis travis   520 Jun 11 04:37 Repeat$_preinitializeMethod_Repeat$__p_sL_1.class
-rw-rw-r--   1 travis travis  1083 Jun 11 04:37 Repeat$_Repeat$_fireFunction_Repeat_AddSubtract_Repeat.class
-rw-rw-r--   1 travis travis   791 Jun 11 04:37 Repeat$_Repeat$_fireFunction_Repeat_AddSubtract_Repeat$__f_sL_0.class
-rw-rw-r--   1 travis travis   909 Jun 11 04:37 Repeat$_Repeat$_fireFunction_Repeat_AddSubtract_Repeat$__f_sL_1.class
-rw-rw-r--   1 travis travis   915 Jun 11 04:37 Repeat$_Repeat$_fireFunction_Repeat_AddSubtract_Repeat$__f_sL_2.class
-rw-rw-r--   1 travis travis   838 Jun 11 04:37 Repeat$_Repeat$_fireFunction_Repeat_Ramp2_Repeat$__f_sL_1.class
-rw-rw-r--   1 travis travis  1785 Jun 11 04:37 Repeat$_Repeat$_fireFunction_Repeat_Test_Repeat$__f_sL_2.class
-rw-rw-r--   1 travis travis   685 Jun 11 04:37 Repeat$_Repeat_SDF_Director_run_Repeat$__R_sL_0.class
-rw-rw-r--   1 travis travis   540 Jun 11 04:37 Repeat$_Repeat_SDF_Director_run_Repeat$__R_sL_1.class
-rw-rw-r--   1 travis travis   540 Jun 11 04:37 Repeat$_Repeat_SDF_Director_run_Repeat$__R_sL_2.class
-rw-rw-r--   1 travis travis   540 Jun 11 04:37 Repeat$_Repeat_SDF_Director_run_Repeat$__R_sL_4.class
-rw-rw-r--   1 travis travis   540 Jun 11 04:37 Repeat$_Repeat_SDF_Director_run_Repeat$__R_sL_5.class
-rw-rw-r--   1 travis travis   691 Jun 11 04:37 Repeat$_Repeat_SDF_Director_run_Repeat$__R_sL_6.class
-rw-rw-r--   1 travis travis   540 Jun 11 04:37 Repeat$_Repeat_SDF_Director_run_Repeat$__R_sL_7.class
-rw-rw-r--   1 travis travis   863 Jun 11 04:37 Repeat$_varinit_Repeat.class
-rw-rw-r--   1 travis travis   530 Jun 11 04:37 Repeat$_varinit_Repeat$__v_sL_1.class
-rw-rw-r--   1 travis travis   531 Jun 11 04:37 Repeat$_varinit_Repeat$__v_sL_2.class
-rw-rw-r--   1 travis travis   905 Jun 11 04:37 Repeat$_varinit_Repeat$__v_sL_4.class
-rw-rw-r--   1 travis travis   635 Jun 11 04:37 Repeat$_wrapup_Repeat.class
-rw-rw-r--   1 travis travis   965 Jun 11 04:37 Repeat$_wrapup_Repeat$__w_sL_1.class
-rw-rw-r--   1 travis travis   289 Jun 11 04:32 result.csv
drwxrwxr-x   3 travis travis 12288 Jun 11 04:35 Scrambler1
drwxrwxr-x   3 travis travis 20480 Jun 11 04:34 Sinewave2
drwxrwxr-x   3 travis travis 69632 Jun 11 04:35 StringCompare
drwxrwxr-x   3 travis travis 32768 Jun 11 04:35 StringFunction
drwxrwxr-x   3 travis travis 12288 Jun 11 04:35 StringLength
drwxrwxr-x   3 travis travis 57344 Jun 11 04:36 StringSimpleReplace
drwxrwxr-x   3 travis travis 12288 Jun 11 04:37 time2
drwxrwxr-x   3 travis travis 12288 Jun 11 04:37 time5
-rw-rw-r--   1 travis travis   432 Jun 11 04:37 Token.class
-rw-rw-r--   1 travis travis   251 Jun 11 04:37 Token.java
-rw-rw-r--   1 travis travis     0 Jun 11 04:37 top.
-rw-rw-r--   1 travis travis 20502 Jun 11 04:32 top.c
-rw-rw-r--   1 travis travis  3567 Jun 11 04:37 top.class
-rw-rw-r--   1 travis travis   169 Jun 11 04:32 top.html
-rw-rw-r--   1 travis travis  7552 Jun 11 04:37 top.java
-rw-rw-r--   1 travis travis 38888 Jun 11 04:32 top.o
drwxrwxr-x   3 travis travis 57344 Jun 11 04:34 UnaryMathFunction
In "/home/travis/cg", about to execute:
    javac -classpath
.:/home/travis/build/icyphy/ptII:/home/travis/build/icyphy/ptII/lib/bsh-2.0b4.j
ar:/home/travis/build/icyphy/ptII/lib/ptCal.jar:/home/travis/build/icyphy/ptII/
lib/java_cup.jar:/home/travis/build/icyphy/ptII/lib/saxon8.jar:/home/travis/bui
ld/icyphy/ptII/lib/saxon8-dom.jar:/home/travis/build/icyphy/ptII/lib/chic.jar:/
home/travis/build/icyphy/ptII/lib/ptcolt.jar:/usr/lib/jvm/java-8-oracle/lib/too
ls.jar:/home/travis/build/icyphy/ptII/vendors/misc/itext/iText.jar:/home/travis
/build/icyphy/ptII/lib/g4ltl.jar:/home/travis/build/icyphy/ptII/lib/StructuralC
oder.jar:/home/travis/build/icyphy/ptII/vendors/jai-1_1_2_01/lib/jai_core.jar:/
home/travis/build/icyphy/ptII/vendors/jai-1_1_2_01/lib/jai_codec.jar:/home/trav
is/build/icyphy/ptII/lib/jcerti.jar:/home/travis/build/icyphy/ptII/lib/javax.ma
il.jar:/home/travis/build/icyphy/ptII/vendors/JMF-2.1.1e/lib/jmf.jar:/home/trav
is/build/icyphy/ptII/lib/jna-4.0.0-variadic.jar:/home/travis/build/icyphy/ptII/
vendors/misc/joystick/Joystick.jar:/home/travis/build/icyphy/ptII/lib/ptjacl.ja
r:/home/travis/build/icyphy/ptII/lib/jsoup-1.8.2.jar:/home/travis/build/icyphy/
ptII/lib/junit-4.8.2.jar:/home/travis/build/icyphy/ptII/lib/JUnitParams-0.4.0.j
ar:/home/travis/build/icyphy/ptII/ptolemy/actor/lib/excel/jxl.jar:/home/travis/
build/icyphy/ptII/lib/jython.jar:/home/travis/build/icyphy/ptII/lib/kieler.jar:
/home/travis/build/icyphy/ptII/vendors/opencv/share/OpenCV/java/opencv-341.jar:
/home/travis/build/icyphy/ptII/lib/oscP5.jar:/home/travis/build/icyphy/ptII/lib
/nrjavaserial-3.11.0.devel.jar:/home/travis/build/icyphy/ptII/vendors/j3d/lib/j
3dcore.jar:/home/travis/build/icyphy/ptII/vendors/j3d/lib/j3dutils.jar:/home/tr
avis/build/icyphy/ptII/vendors/j3d/lib/vecmath.jar:/home/travis/build/icyphy/pt
II/ptolemy/distributed/jini/jar/jini-core.jar:/home/travis/build/icyphy/ptII/pt
olemy/distributed/jini/jar/jini-ext.jar:/home/travis/build/icyphy/ptII/ptolemy/
distributed/jini/jar/sun-util.jar:/home/travis/build/icyphy/ptII/lib/protobuf-j
ava-2.4.1.jar:/home/travis/build/icyphy/ptII/lib/org.eclipse.paho.client.mqttv3
.jar:/home/travis/build/icyphy/ptII/lib/mapss.jar:/home/travis/build/icyphy/ptI
I/ptolemy/actor/ptalon/antlr/antlr.jar:/home/travis/build/icyphy/ptII/lib/JRI.j
ar:/home/travis/build/icyphy/ptII/lib/commons-lang-2.6.jar:/home/travis/build/i
cyphy/ptII/lib/commons-logging-1.1.1.jar:/home/travis/build/icyphy/ptII/lib/soo
tclasses.jar:/home/travis/build/icyphy/ptII/ptolemy/actor/lib/database/mysql-co
nnector-java-5.1.6-bin.jar:/home/travis/build/icyphy/ptII/vendors/misc/sphinx4/
sphinx4-data-5prealpha.jar:/home/travis/build/icyphy/ptII/vendors/misc/sphinx4/
sphinx4-core-5prealpha.jar:/home/travis/build/icyphy/ptII/lib/PDFRenderer.jar:/
home/travis/build/icyphy/ptII/lib/svgSalamander.jar:/home/travis/build/icyphy/p
tII/lib/rsyntaxtextarea-2.6.0-SNAPSHOT.jar:/home/travis/build/icyphy/ptII/lib/h
azelcast-3.8.2.jar:/home/travis/build/icyphy/ptII/lib/jackson-annotations-2.9.0
.jar:/home/travis/build/icyphy/ptII/lib/jackson-core-2.9.3.jar:/home/travis/bui
ld/icyphy/ptII/lib/jackson-databind-2.9.3.jar:/home/travis/build/icyphy/ptII/li
b/netty-buffer-4.1.19.Final.jar:/home/travis/build/icyphy/ptII/lib/netty-codec-
4.1.19.Final.jar:/home/travis/build/icyphy/ptII/lib/netty-codec-dns-4.1.19.Fina
l.jar:/home/travis/build/icyphy/ptII/lib/netty-codec-http-4.1.19.Final.jar:/hom
e/travis/build/icyphy/ptII/lib/netty-codec-http2-4.1.19.Final.jar:/home/travis/
build/icyphy/ptII/lib/netty-common-4.1.19.Final.jar:/home/travis/build/icyphy/p
tII/lib/netty-handler-4.1.19.Final.jar:/home/travis/build/icyphy/ptII/lib/netty
-resolver-4.1.19.Final.jar:/home/travis/build/icyphy/ptII/lib/netty-resolver-dn
s-4.1.19.Final.jar:/home/travis/build/icyphy/ptII/lib/netty-transport-4.1.19.Fi
nal.jar:/home/travis/build/icyphy/ptII/lib/vertx-codegen-3.5.1.jar:/home/travis
/build/icyphy/ptII/lib/vertx-core-3.5.2-SNAPSHOT.jar:/home/travis/build/icyphy/
ptII/lib/vertx-hazelcast-3.5.1.jar:/home/travis/build/icyphy/ptII/lib/vertx-lan
g-js-3.5.1.jar:/home/travis/build/icyphy/ptII/lib/vertx-service-proxy-3.5.1.jar
:/home/travis/build/icyphy/ptII/lib/vertx-web-3.5.1.jar:/home/travis/build/icyp
hy/ptII/lib/slf4j-api-1.7.13.jar:/home/travis/build/icyphy/ptII/lib/slf4j-simpl
e-1.7.13.jar:/home/travis/build/icyphy/ptII/lib/webcam-capture-0.3.12.jar:/home
/travis/build/icyphy/ptII/lib/bridj-0.7.0.jar:/home/travis/build/icyphy/ptII/li
b/xbjlib-1.1.0.nrjavaserial.jar:/home/travis/build/icyphy/ptII/ptolemy/moml/tes
t:/home/travis/build/icyphy/ptII/ant/lib/ant-launcher.jar:/home/travis/build/ic
yphy/ptII/ant/lib/ant.jar:/home/travis/build/icyphy/ptII/ant/lib/ant-junit.jar:
/home/travis/build/icyphy/ptII/ant/lib/ant-junit4.jar:/home/travis/build/icyphy
/ptII ModularCG_A2_B2_profile.java
All Done
Writing ModularCG_A2_B2.java in file:/home/travis/cg/ (9730 characters)
Reading "ptolemy/cg/kernel/generic/program/procedural/java/modular/makefile.in",
    writing "/home/travis/cg/ModularCG_A2_B2.mk"
Using ptolemy/cg/kernel/generic/program/procedural/java/modular/makefile.in
In "/home/travis/cg", about to execute:
    make -f ModularCG_A2_B2.mk
javac -classpath ".:.."    ModularCG_A2_B2.java
All Done
In "/home/travis/cg", about to execute:
    pwd
In "/home/travis/cg", about to execute:
    ls -l
/home/travis/cg
In "/home/travis/cg", about to execute:
    javac -classpath
.:/home/travis/build/icyphy/ptII:/home/travis/build/icyphy/ptII/lib/bsh-2.0b4.j
ar:/home/travis/build/icyphy/ptII/lib/ptCal.jar:/home/travis/build/icyphy/ptII/
lib/java_cup.jar:/home/travis/build/icyphy/ptII/lib/saxon8.jar:/home/travis/bui
ld/icyphy/ptII/lib/saxon8-dom.jar:/home/travis/build/icyphy/ptII/lib/chic.jar:/
home/travis/build/icyphy/ptII/lib/ptcolt.jar:/usr/lib/jvm/java-8-oracle/lib/too
ls.jar:/home/travis/build/icyphy/ptII/vendors/misc/itext/iText.jar:/home/travis
/build/icyphy/ptII/lib/g4ltl.jar:/home/travis/build/icyphy/ptII/lib/StructuralC
oder.jar:/home/travis/build/icyphy/ptII/vendors/jai-1_1_2_01/lib/jai_core.jar:/
home/travis/build/icyphy/ptII/vendors/jai-1_1_2_01/lib/jai_codec.jar:/home/trav
is/build/icyphy/ptII/lib/jcerti.jar:/home/travis/build/icyphy/ptII/lib/javax.ma
il.jar:/home/travis/build/icyphy/ptII/vendors/JMF-2.1.1e/lib/jmf.jar:/home/trav
is/build/icyphy/ptII/lib/jna-4.0.0-variadic.jar:/home/travis/build/icyphy/ptII/
vendors/misc/joystick/Joystick.jar:/home/travis/build/icyphy/ptII/lib/ptjacl.ja
r:/home/travis/build/icyphy/ptII/lib/jsoup-1.8.2.jar:/home/travis/build/icyphy/
ptII/lib/junit-4.8.2.jar:/home/travis/build/icyphy/ptII/lib/JUnitParams-0.4.0.j
ar:/home/travis/build/icyphy/ptII/ptolemy/actor/lib/excel/jxl.jar:/home/travis/
build/icyphy/ptII/lib/jython.jar:/home/travis/build/icyphy/ptII/lib/kieler.jar:
/home/travis/build/icyphy/ptII/vendors/opencv/share/OpenCV/java/opencv-341.jar:
/home/travis/build/icyphy/ptII/lib/oscP5.jar:/home/travis/build/icyphy/ptII/lib
/nrjavaserial-3.11.0.devel.jar:/home/travis/build/icyphy/ptII/vendors/j3d/lib/j
3dcore.jar:/home/travis/build/icyphy/ptII/vendors/j3d/lib/j3dutils.jar:/home/tr
avis/build/icyphy/ptII/vendors/j3d/lib/vecmath.jar:/home/travis/build/icyphy/pt
II/ptolemy/distributed/jini/jar/jini-core.jar:/home/travis/build/icyphy/ptII/pt
olemy/distributed/jini/jar/jini-ext.jar:/home/travis/build/icyphy/ptII/ptolemy/
distributed/jini/jar/sun-util.jar:/home/travis/build/icyphy/ptII/lib/protobuf-j
ava-2.4.1.jar:/home/travis/build/icyphy/ptII/lib/org.eclipse.paho.client.mqttv3
.jar:/home/travis/build/icyphy/ptII/lib/mapss.jar:/home/travis/build/icyphy/ptI
I/ptolemy/actor/ptalon/antlr/antlr.jar:/home/travis/build/icyphy/ptII/lib/JRI.j
ar:/home/travis/build/icyphy/ptII/lib/commons-lang-2.6.jar:/home/travis/build/i
cyphy/ptII/lib/commons-logging-1.1.1.jar:/home/travis/build/icyphy/ptII/lib/soo
tclasses.jar:/home/travis/build/icyphy/ptII/ptolemy/actor/lib/database/mysql-co
nnector-java-5.1.6-bin.jar:/home/travis/build/icyphy/ptII/vendors/misc/sphinx4/
sphinx4-data-5prealpha.jar:/home/travis/build/icyphy/ptII/vendors/misc/sphinx4/
sphinx4-core-5prealpha.jar:/home/travis/build/icyphy/ptII/lib/PDFRenderer.jar:/
home/travis/build/icyphy/ptII/lib/svgSalamander.jar:/home/travis/build/icyphy/p
tII/lib/rsyntaxtextarea-2.6.0-SNAPSHOT.jar:/home/travis/build/icyphy/ptII/lib/h
azelcast-3.8.2.jar:/home/travis/build/icyphy/ptII/lib/jackson-annotations-2.9.0
.jar:/home/travis/build/icyphy/ptII/lib/jackson-core-2.9.3.jar:/home/travis/bui
ld/icyphy/ptII/lib/jackson-databind-2.9.3.jar:/home/travis/build/icyphy/ptII/li
b/netty-buffer-4.1.19.Final.jar:/home/travis/build/icyphy/ptII/lib/netty-codec-
4.1.19.Final.jar:/home/travis/build/icyphy/ptII/lib/netty-codec-dns-4.1.19.Fina
l.jar:/home/travis/build/icyphy/ptII/lib/netty-codec-http-4.1.19.Final.jar:/hom
e/travis/build/icyphy/ptII/lib/netty-codec-http2-4.1.19.Final.jar:/home/travis/
build/icyphy/ptII/lib/netty-common-4.1.19.Final.jar:/home/travis/build/icyphy/p
tII/lib/netty-handler-4.1.19.Final.jar:/home/travis/build/icyphy/ptII/lib/netty
-resolver-4.1.19.Final.jar:/home/travis/build/icyphy/ptII/lib/netty-resolver-dn
s-4.1.19.Final.jar:/home/travis/build/icyphy/ptII/lib/netty-transport-4.1.19.Fi
nal.jar:/home/travis/build/icyphy/ptII/lib/vertx-codegen-3.5.1.jar:/home/travis
/build/icyphy/ptII/lib/vertx-core-3.5.2-SNAPSHOT.jar:/home/travis/build/icyphy/
ptII/lib/vertx-hazelcast-3.5.1.jar:/home/travis/build/icyphy/ptII/lib/vertx-lan
g-js-3.5.1.jar:/home/travis/build/icyphy/ptII/lib/vertx-service-proxy-3.5.1.jar
:/home/travis/build/icyphy/ptII/lib/vertx-web-3.5.1.jar:/home/travis/build/icyp
hy/ptII/lib/slf4j-api-1.7.13.jar:/home/travis/build/icyphy/ptII/lib/slf4j-simpl
e-1.7.13.jar:/home/travis/build/icyphy/ptII/lib/webcam-capture-0.3.12.jar:/home
/travis/build/icyphy/ptII/lib/bridj-0.7.0.jar:/home/travis/build/icyphy/ptII/li
b/xbjlib-1.1.0.nrjavaserial.jar:/home/travis/build/icyphy/ptII/ptolemy/moml/tes
t:/home/travis/build/icyphy/ptII/ant/lib/ant-launcher.jar:/home/travis/build/ic
yphy/ptII/ant/lib/ant.jar:/home/travis/build/icyphy/ptII/ant/lib/ant-junit.jar:
/home/travis/build/icyphy/ptII/ant/lib/ant-junit4.jar:/home/travis/build/icyphy
/ptII ModularCG_A2_profile.java
total 1180
drwxrwxr-x   3 travis travis 12288 Jun 11 04:33 AbsoluteValue
drwxrwxr-x   3 travis travis 16384 Jun 11 04:33 Case1
drwxrwxr-x   3 travis travis 32768 Jun 11 04:33 Case2
-rw-rw-r--   1 travis travis  4895 Jun 11 04:37 CompiledCompositeActor_CompiledCompositeActor.class
-rw-rw-r--   1 travis travis  1592 Jun 11 04:37 CompiledCompositeActor_CompiledCompositeActor$_CompiledCompositeActor_CompiledCompositeActor.class
-rw-rw-r--   1 travis travis 13466 Jun 11 04:37 CompiledCompositeActor_CompiledCompositeActor.java
-rw-rw-r--   1 travis travis  1593 Jun 11 04:37 CompiledCompositeActor_CompiledCompositeActor.mk
drwxrwxr-x   3 travis travis 24576 Jun 11 04:35 DeScrambler
drwxrwxr-x   3 travis travis 16384 Jun 11 04:36 DotProduct
drwxrwxr-x   3 travis travis 12288 Jun 11 04:33 FileWriter1
drwxrwxr-x   3 travis travis 20480 Jun 11 04:32 FixToDoubleAndBack
drwxrwxr-x   3 travis travis 16384 Jun 11 04:33 Gaussian1
drwxrwxr-x   3 travis travis 20480 Jun 11 04:33 Gaussian2
-rw-rw-r--   1 travis travis  4457 Jun 11 04:37 JavaCompiledCompositeTest1_CompiledCompositeActor.class
-rw-rw-r--   1 travis travis 11637 Jun 11 04:37 JavaCompiledCompositeTest1_CompiledCompositeActor.java
-rw-rw-r--   1 travis travis  1198 Jun 11 04:37 JavaCompiledCompositeTest1_CompiledCompositeActor$_JavaCompiledCompositeTest1_CompiledCompositeActor.class
-rw-rw-r--   1 travis travis  1625 Jun 11 04:37 JavaCompiledCompositeTest1_CompiledCompositeActor.mk
-rw-rw-r--   1 travis travis  4888 Jun 11 04:37 JavaCompiledCompositeTest2_CompiledCompositeActor.class
-rw-rw-r--   1 travis travis 14919 Jun 11 04:37 JavaCompiledCompositeTest2_CompiledCompositeActor.java
-rw-rw-r--   1 travis travis  1793 Jun 11 04:37 JavaCompiledCompositeTest2_CompiledCompositeActor$_JavaCompiledCompositeTest2_CompiledCompositeActor.class
-rw-rw-r--   1 travis travis  1625 Jun 11 04:37 JavaCompiledCompositeTest2_CompiledCompositeActor.mk
-rw-rw-r--   1 travis travis  4505 Jun 11 04:37 JavaCompiledCompositeTest3_CompiledCompositeActor.class
-rw-rw-r--   1 travis travis 13080 Jun 11 04:37 JavaCompiledCompositeTest3_CompiledCompositeActor.java
-rw-rw-r--   1 travis travis  1378 Jun 11 04:37 JavaCompiledCompositeTest3_CompiledCompositeActor$_JavaCompiledCompositeTest3_CompiledCompositeActor.class
-rw-rw-r--   1 travis travis  1625 Jun 11 04:37 JavaCompiledCompositeTest3_CompiledCompositeActor.mk
-rw-rw-r--   1 travis travis  3953 Jun 11 04:37 JavaCompiledCompositeTest4_CompiledCompositeActor.class
-rw-rw-r--   1 travis travis  9687 Jun 11 04:37 JavaCompiledCompositeTest4_CompiledCompositeActor.java
-rw-rw-r--   1 travis travis   857 Jun 11 04:37 JavaCompiledCompositeTest4_CompiledCompositeActor$_JavaCompiledCompositeTest4_CompiledCompositeActor.class
-rw-rw-r--   1 travis travis  1625 Jun 11 04:37 JavaCompiledCompositeTest4_CompiledCompositeActor.mk
drwxrwxr-x   3 travis travis 12288 Jun 11 04:33 LookupTable
drwxrwxr-x   3 travis travis 20480 Jun 11 04:34 MaxIndex
-rw-rw-r--   1 travis travis  3693 Jun 11 04:37 ModularCG_A1_B1.class
-rw-rw-r--   1 travis travis  9730 Jun 11 04:37 ModularCG_A1_B1.java
-rw-rw-r--   1 travis travis   832 Jun 11 04:37 ModularCG_A1_B1.mk
-rw-rw-r--   1 travis travis  1318 Jun 11 04:37 ModularCG_A1_B1_profile.class
-rw-rw-r--   1 travis travis  1262 Jun 11 04:37 ModularCG_A1_B1_profile.java
-rw-rw-r--   1 travis travis  3693 Jun 11 04:37 ModularCG_A1_B2.class
-rw-rw-r--   1 travis travis  9730 Jun 11 04:37 ModularCG_A1_B2.java
-rw-rw-r--   1 travis travis   832 Jun 11 04:37 ModularCG_A1_B2.mk
-rw-rw-r--   1 travis travis  1318 Jun 11 04:37 ModularCG_A1_B2_profile.class
-rw-rw-r--   1 travis travis  1262 Jun 11 04:37 ModularCG_A1_B2_profile.java
-rw-rw-r--   1 travis travis  4799 Jun 11 04:37 ModularCG_A1.class
-rw-rw-r--   1 travis travis 14742 Jun 11 04:37 ModularCG_A1.java
-rw-rw-r--   1 travis travis   808 Jun 11 04:37 ModularCG_A1.mk
-rw-rw-r--   1 travis travis  1433 Jun 11 04:37 ModularCG_A1_profile.class
-rw-rw-r--   1 travis travis  1704 Jun 11 04:37 ModularCG_A1_profile.java
-rw-rw-r--   1 travis travis  3827 Jun 11 04:37 ModularCG_A2_B1.class
-rw-rw-r--   1 travis travis 10667 Jun 11 04:37 ModularCG_A2_B1.java
-rw-rw-r--   1 travis travis   832 Jun 11 04:37 ModularCG_A2_B1.mk
-rw-rw-r--   1 travis travis  1381 Jun 11 04:37 ModularCG_A2_B1_profile.class
-rw-rw-r--   1 travis travis  1446 Jun 11 04:37 ModularCG_A2_B1_profile.java
-rw-rw-r--   1 travis travis  3693 Jun 11 04:37 ModularCG_A2_B2.class
-rw-rw-r--   1 travis travis  9730 Jun 11 04:37 ModularCG_A2_B2.java
-rw-rw-r--   1 travis travis   832 Jun 11 04:37 ModularCG_A2_B2.mk
-rw-rw-r--   1 travis travis  1318 Jun 11 04:37 ModularCG_A2_B2_profile.class
-rw-rw-r--   1 travis travis  1262 Jun 11 04:37 ModularCG_A2_B2_profile.java
-rw-rw-r--   1 travis travis  1704 Jun 11 04:37 ModularCG_A2_profile.java
-rw-rw-r--   1 travis travis  3492 Jun 11 04:37 ModularCodeGenTest_A1_A2.class
-rw-rw-r--   1 travis travis   904 Jun 11 04:37 ModularCodeGenTest_A1_A2.mk
-rw-rw-r--   1 travis travis  1306 Jun 11 04:37 ModularCodeGenTest_A1_A2_profile.class
-rw-rw-r--   1 travis travis  3823 Jun 11 04:37 ModularCodeGenTest_A1.class
-rw-rw-r--   1 travis travis  9968 Jun 11 04:37 ModularCodeGenTest_A1.java
-rw-rw-r--   1 travis travis   880 Jun 11 04:37 ModularCodeGenTest_A1.mk
-rw-rw-r--   1 travis travis  1352 Jun 11 04:37 ModularCodeGenTest_A1_profile.class
-rw-rw-r--   1 travis travis  1394 Jun 11 04:37 ModularCodeGenTest_A1_profile.java
drwxrwxr-x   3 travis travis 36864 Jun 11 04:37 modulation2
drwxrwxr-x   3 travis travis 20480 Jun 11 04:34 Multiplexor
drwxrwxr-x 242 travis travis 12288 Jun 11 04:37 node_modules
drwxrwxr-x   3 travis travis 20480 Jun 11 04:34 PhaseUnwrap
-rw-rw-r--   1 travis travis   520 Jun 11 04:37 Repeat$_fireFunction_Repeat_Repeat$__f_sL_0.class
-rw-rw-r--   1 travis travis   522 Jun 11 04:37 Repeat$_fireFunction_Repeat_Repeat$__f_sL_10.class
-rw-rw-r--   1 travis travis   666 Jun 11 04:37 Repeat$_fireFunction_Repeat_Repeat$__f_sL_11.class
-rw-rw-r--   1 travis travis   522 Jun 11 04:37 Repeat$_fireFunction_Repeat_Repeat$__f_sL_13.class
-rw-rw-r--   1 travis travis   665 Jun 11 04:37 Repeat$_fireFunction_Repeat_Repeat$__f_sL_1.class
-rw-rw-r--   1 travis travis   520 Jun 11 04:37 Repeat$_fireFunction_Repeat_Repeat$__f_sL_2.class
-rw-rw-r--   1 travis travis   520 Jun 11 04:37 Repeat$_fireFunction_Repeat_Repeat$__f_sL_3.class
-rw-rw-r--   1 travis travis   520 Jun 11 04:37 Repeat$_fireFunction_Repeat_Repeat$__f_sL_5.class
-rw-rw-r--   1 travis travis   671 Jun 11 04:37 Repeat$_fireFunction_Repeat_Repeat$__f_sL_7.class
-rw-rw-r--   1 travis travis   520 Jun 11 04:37 Repeat$_fireFunction_Repeat_Repeat$__f_sL_9.class
-rw-rw-r--   1 travis travis   813 Jun 11 04:37 Repeat$_initialize_Repeat.class
-rw-rw-r--   1 travis travis   475 Jun 11 04:37 Repeat$_initialize_Repeat$__i_sL_0.class
-rw-rw-r--   1 travis travis   519 Jun 11 04:37 Repeat$_initialize_Repeat$__i_sL_3.class
-rw-rw-r--   1 travis travis 39778 Jun 11 04:37 Repeat.java
-rw-rw-r--   1 travis travis  1281 Jun 11 04:37 Repeat.mk
-rw-rw-r--   1 travis travis   520 Jun 11 04:37 Repeat$_preinitializeMethod_Repeat$__p_sL_0.class
-rw-rw-r--   1 travis travis   520 Jun 11 04:37 Repeat$_preinitializeMethod_Repeat$__p_sL_1.class
-rw-rw-r--   1 travis travis  1083 Jun 11 04:37 Repeat$_Repeat$_fireFunction_Repeat_AddSubtract_Repeat.class
-rw-rw-r--   1 travis travis   791 Jun 11 04:37 Repeat$_Repeat$_fireFunction_Repeat_AddSubtract_Repeat$__f_sL_0.class
-rw-rw-r--   1 travis travis   909 Jun 11 04:37 Repeat$_Repeat$_fireFunction_Repeat_AddSubtract_Repeat$__f_sL_1.class
-rw-rw-r--   1 travis travis   915 Jun 11 04:37 Repeat$_Repeat$_fireFunction_Repeat_AddSubtract_Repeat$__f_sL_2.class
-rw-rw-r--   1 travis travis   838 Jun 11 04:37 Repeat$_Repeat$_fireFunction_Repeat_Ramp2_Repeat$__f_sL_1.class
-rw-rw-r--   1 travis travis  1785 Jun 11 04:37 Repeat$_Repeat$_fireFunction_Repeat_Test_Repeat$__f_sL_2.class
-rw-rw-r--   1 travis travis   685 Jun 11 04:37 Repeat$_Repeat_SDF_Director_run_Repeat$__R_sL_0.class
-rw-rw-r--   1 travis travis   540 Jun 11 04:37 Repeat$_Repeat_SDF_Director_run_Repeat$__R_sL_1.class
-rw-rw-r--   1 travis travis   540 Jun 11 04:37 Repeat$_Repeat_SDF_Director_run_Repeat$__R_sL_2.class
-rw-rw-r--   1 travis travis   540 Jun 11 04:37 Repeat$_Repeat_SDF_Director_run_Repeat$__R_sL_4.class
-rw-rw-r--   1 travis travis   540 Jun 11 04:37 Repeat$_Repeat_SDF_Director_run_Repeat$__R_sL_5.class
-rw-rw-r--   1 travis travis   691 Jun 11 04:37 Repeat$_Repeat_SDF_Director_run_Repeat$__R_sL_6.class
-rw-rw-r--   1 travis travis   540 Jun 11 04:37 Repeat$_Repeat_SDF_Director_run_Repeat$__R_sL_7.class
-rw-rw-r--   1 travis travis   863 Jun 11 04:37 Repeat$_varinit_Repeat.class
-rw-rw-r--   1 travis travis   530 Jun 11 04:37 Repeat$_varinit_Repeat$__v_sL_1.class
-rw-rw-r--   1 travis travis   531 Jun 11 04:37 Repeat$_varinit_Repeat$__v_sL_2.class
-rw-rw-r--   1 travis travis   905 Jun 11 04:37 Repeat$_varinit_Repeat$__v_sL_4.class
-rw-rw-r--   1 travis travis   635 Jun 11 04:37 Repeat$_wrapup_Repeat.class
-rw-rw-r--   1 travis travis   965 Jun 11 04:37 Repeat$_wrapup_Repeat$__w_sL_1.class
-rw-rw-r--   1 travis travis   289 Jun 11 04:32 result.csv
drwxrwxr-x   3 travis travis 12288 Jun 11 04:35 Scrambler1
drwxrwxr-x   3 travis travis 20480 Jun 11 04:34 Sinewave2
drwxrwxr-x   3 travis travis 69632 Jun 11 04:35 StringCompare
drwxrwxr-x   3 travis travis 32768 Jun 11 04:35 StringFunction
drwxrwxr-x   3 travis travis 12288 Jun 11 04:35 StringLength
drwxrwxr-x   3 travis travis 57344 Jun 11 04:36 StringSimpleReplace
drwxrwxr-x   3 travis travis 12288 Jun 11 04:37 time2
drwxrwxr-x   3 travis travis 12288 Jun 11 04:37 time5
-rw-rw-r--   1 travis travis   432 Jun 11 04:37 Token.class
-rw-rw-r--   1 travis travis   251 Jun 11 04:37 Token.java
-rw-rw-r--   1 travis travis     0 Jun 11 04:37 top.
-rw-rw-r--   1 travis travis 20502 Jun 11 04:32 top.c
-rw-rw-r--   1 travis travis  3567 Jun 11 04:37 top.class
-rw-rw-r--   1 travis travis   169 Jun 11 04:32 top.html
-rw-rw-r--   1 travis travis  7552 Jun 11 04:37 top.java
-rw-rw-r--   1 travis travis 38888 Jun 11 04:32 top.o
drwxrwxr-x   3 travis travis 57344 Jun 11 04:34 UnaryMathFunction
All Done
Writing ModularCG_A2.java in file:/home/travis/cg/ (15129 characters)
Reading "ptolemy/cg/kernel/generic/program/procedural/java/modular/makefile.in",
    writing "/home/travis/cg/ModularCG_A2.mk"
Using ptolemy/cg/kernel/generic/program/procedural/java/modular/makefile.in
In "/home/travis/cg", about to execute:
    make -f ModularCG_A2.mk
javac -classpath ".:.."    ModularCG_A2.java
All Done
Manager.initialize() finished: 13007 ms. Memory: 174080K Free: 129157K (74%)
13011 ms. Memory: 174080K Free: 127817K (73%)
----------------- Invoking toplevel() on ptolemy.moml.MoMLSimpleApplication@556744ed
----------------- Done invoking toplevel() on ptolemy.moml.MoMLSimpleApplication@556744ed
reloadAllAccessors: .ModularCG

===========================================================================================
----------------- testing Tue Jun 11 04:37:51 UTC 2019 /home/travis/build/icyphy/ptII/ptolemy/cg/lib/test/auto/ModularCGPubSub.xml
----------------- Instantiating /home/travis/build/icyphy/ptII/ptolemy/cg/lib/test/auto/ModularCGPubSub.xml
In "/home/travis/cg", about to execute:
    pwd
In "/home/travis/cg", about to execute:
    ls -l
/home/travis/cg
In "/home/travis/cg", about to execute:
    javac -classpath
.:/home/travis/build/icyphy/ptII:/home/travis/build/icyphy/ptII/lib/bsh-2.0b4.j
ar:/home/travis/build/icyphy/ptII/lib/ptCal.jar:/home/travis/build/icyphy/ptII/
lib/java_cup.jar:/home/travis/build/icyphy/ptII/lib/saxon8.jar:/home/travis/bui
ld/icyphy/ptII/lib/saxon8-dom.jar:/home/travis/build/icyphy/ptII/lib/chic.jar:/
home/travis/build/icyphy/ptII/lib/ptcolt.jar:/usr/lib/jvm/java-8-oracle/lib/too
ls.jar:/home/travis/build/icyphy/ptII/vendors/misc/itext/iText.jar:/home/travis
/build/icyphy/ptII/lib/g4ltl.jar:/home/travis/build/icyphy/ptII/lib/StructuralC
oder.jar:/home/travis/build/icyphy/ptII/vendors/jai-1_1_2_01/lib/jai_core.jar:/
home/travis/build/icyphy/ptII/vendors/jai-1_1_2_01/lib/jai_codec.jar:/home/trav
is/build/icyphy/ptII/lib/jcerti.jar:/home/travis/build/icyphy/ptII/lib/javax.ma
il.jar:/home/travis/build/icyphy/ptII/vendors/JMF-2.1.1e/lib/jmf.jar:/home/trav
is/build/icyphy/ptII/lib/jna-4.0.0-variadic.jar:/home/travis/build/icyphy/ptII/
vendors/misc/joystick/Joystick.jar:/home/travis/build/icyphy/ptII/lib/ptjacl.ja
r:/home/travis/build/icyphy/ptII/lib/jsoup-1.8.2.jar:/home/travis/build/icyphy/
ptII/lib/junit-4.8.2.jar:/home/travis/build/icyphy/ptII/lib/JUnitParams-0.4.0.j
ar:/home/travis/build/icyphy/ptII/ptolemy/actor/lib/excel/jxl.jar:/home/travis/
build/icyphy/ptII/lib/jython.jar:/home/travis/build/icyphy/ptII/lib/kieler.jar:
/home/travis/build/icyphy/ptII/vendors/opencv/share/OpenCV/java/opencv-341.jar:
/home/travis/build/icyphy/ptII/lib/oscP5.jar:/home/travis/build/icyphy/ptII/lib
/nrjavaserial-3.11.0.devel.jar:/home/travis/build/icyphy/ptII/vendors/j3d/lib/j
3dcore.jar:/home/travis/build/icyphy/ptII/vendors/j3d/lib/j3dutils.jar:/home/tr
avis/build/icyphy/ptII/vendors/j3d/lib/vecmath.jar:/home/travis/build/icyphy/pt
II/ptolemy/distributed/jini/jar/jini-core.jar:/home/travis/build/icyphy/ptII/pt
olemy/distributed/jini/jar/jini-ext.jar:/home/travis/build/icyphy/ptII/ptolemy/
distributed/jini/jar/sun-util.jar:/home/travis/build/icyphy/ptII/lib/protobuf-j
ava-2.4.1.jar:/home/travis/build/icyphy/ptII/lib/org.eclipse.paho.client.mqttv3
.jar:/home/travis/build/icyphy/ptII/lib/mapss.jar:/home/travis/build/icyphy/ptI
I/ptolemy/actor/ptalon/antlr/antlr.jar:/home/travis/build/icyphy/ptII/lib/JRI.j
ar:/home/travis/build/icyphy/ptII/lib/commons-lang-2.6.jar:/home/travis/build/i
cyphy/ptII/lib/commons-logging-1.1.1.jar:/home/travis/build/icyphy/ptII/lib/soo
tclasses.jar:/home/travis/build/icyphy/ptII/ptolemy/actor/lib/database/mysql-co
nnector-java-5.1.6-bin.jar:/home/travis/build/icyphy/ptII/vendors/misc/sphinx4/
sphinx4-data-5prealpha.jar:/home/travis/build/icyphy/ptII/vendors/misc/sphinx4/
sphinx4-core-5prealpha.jar:/home/travis/build/icyphy/ptII/lib/PDFRenderer.jar:/
home/travis/build/icyphy/ptII/lib/svgSalamander.jar:/home/travis/build/icyphy/p
tII/lib/rsyntaxtextarea-2.6.0-SNAPSHOT.jar:/home/travis/build/icyphy/ptII/lib/h
azelcast-3.8.2.jar:/home/travis/build/icyphy/ptII/lib/jackson-annotations-2.9.0
.jar:/home/travis/build/icyphy/ptII/lib/jackson-core-2.9.3.jar:/home/travis/bui
ld/icyphy/ptII/lib/jackson-databind-2.9.3.jar:/home/travis/build/icyphy/ptII/li
b/netty-buffer-4.1.19.Final.jar:/home/travis/build/icyphy/ptII/lib/netty-codec-
4.1.19.Final.jar:/home/travis/build/icyphy/ptII/lib/netty-codec-dns-4.1.19.Fina
l.jar:/home/travis/build/icyphy/ptII/lib/netty-codec-http-4.1.19.Final.jar:/hom
e/travis/build/icyphy/ptII/lib/netty-codec-http2-4.1.19.Final.jar:/home/travis/
build/icyphy/ptII/lib/netty-common-4.1.19.Final.jar:/home/travis/build/icyphy/p
tII/lib/netty-handler-4.1.19.Final.jar:/home/travis/build/icyphy/ptII/lib/netty
-resolver-4.1.19.Final.jar:/home/travis/build/icyphy/ptII/lib/netty-resolver-dn
s-4.1.19.Final.jar:/home/travis/build/icyphy/ptII/lib/netty-transport-4.1.19.Fi
nal.jar:/home/travis/build/icyphy/ptII/lib/vertx-codegen-3.5.1.jar:/home/travis
/build/icyphy/ptII/lib/vertx-core-3.5.2-SNAPSHOT.jar:/home/travis/build/icyphy/
ptII/lib/vertx-hazelcast-3.5.1.jar:/home/travis/build/icyphy/ptII/lib/vertx-lan
g-js-3.5.1.jar:/home/travis/build/icyphy/ptII/lib/vertx-service-proxy-3.5.1.jar
:/home/travis/build/icyphy/ptII/lib/vertx-web-3.5.1.jar:/home/travis/build/icyp
hy/ptII/lib/slf4j-api-1.7.13.jar:/home/travis/build/icyphy/ptII/lib/slf4j-simpl
e-1.7.13.jar:/home/travis/build/icyphy/ptII/lib/webcam-capture-0.3.12.jar:/home
/travis/build/icyphy/ptII/lib/bridj-0.7.0.jar:/home/travis/build/icyphy/ptII/li
b/xbjlib-1.1.0.nrjavaserial.jar:/home/travis/build/icyphy/ptII/ptolemy/moml/tes
t:/home/travis/build/icyphy/ptII/ant/lib/ant-launcher.jar:/home/travis/build/ic
yphy/ptII/ant/lib/ant.jar:/home/travis/build/icyphy/ptII/ant/lib/ant-junit.jar:
/home/travis/build/icyphy/ptII/ant/lib/ant-junit4.jar:/home/travis/build/icyphy
/ptII ModularCGPubSub_A1_A2_profile.java
total 1216
drwxrwxr-x   3 travis travis 12288 Jun 11 04:33 AbsoluteValue
drwxrwxr-x   3 travis travis 16384 Jun 11 04:33 Case1
drwxrwxr-x   3 travis travis 32768 Jun 11 04:33 Case2
-rw-rw-r--   1 travis travis  4895 Jun 11 04:37 CompiledCompositeActor_CompiledCompositeActor.class
-rw-rw-r--   1 travis travis  1592 Jun 11 04:37 CompiledCompositeActor_CompiledCompositeActor$_CompiledCompositeActor_CompiledCompositeActor.class
-rw-rw-r--   1 travis travis 13466 Jun 11 04:37 CompiledCompositeActor_CompiledCompositeActor.java
-rw-rw-r--   1 travis travis  1593 Jun 11 04:37 CompiledCompositeActor_CompiledCompositeActor.mk
drwxrwxr-x   3 travis travis 24576 Jun 11 04:35 DeScrambler
drwxrwxr-x   3 travis travis 16384 Jun 11 04:36 DotProduct
drwxrwxr-x   3 travis travis 12288 Jun 11 04:33 FileWriter1
drwxrwxr-x   3 travis travis 20480 Jun 11 04:32 FixToDoubleAndBack
drwxrwxr-x   3 travis travis 16384 Jun 11 04:33 Gaussian1
drwxrwxr-x   3 travis travis 20480 Jun 11 04:33 Gaussian2
-rw-rw-r--   1 travis travis  4457 Jun 11 04:37 JavaCompiledCompositeTest1_CompiledCompositeActor.class
-rw-rw-r--   1 travis travis 11637 Jun 11 04:37 JavaCompiledCompositeTest1_CompiledCompositeActor.java
-rw-rw-r--   1 travis travis  1198 Jun 11 04:37 JavaCompiledCompositeTest1_CompiledCompositeActor$_JavaCompiledCompositeTest1_CompiledCompositeActor.class
-rw-rw-r--   1 travis travis  1625 Jun 11 04:37 JavaCompiledCompositeTest1_CompiledCompositeActor.mk
-rw-rw-r--   1 travis travis  4888 Jun 11 04:37 JavaCompiledCompositeTest2_CompiledCompositeActor.class
-rw-rw-r--   1 travis travis 14919 Jun 11 04:37 JavaCompiledCompositeTest2_CompiledCompositeActor.java
-rw-rw-r--   1 travis travis  1793 Jun 11 04:37 JavaCompiledCompositeTest2_CompiledCompositeActor$_JavaCompiledCompositeTest2_CompiledCompositeActor.class
-rw-rw-r--   1 travis travis  1625 Jun 11 04:37 JavaCompiledCompositeTest2_CompiledCompositeActor.mk
-rw-rw-r--   1 travis travis  4505 Jun 11 04:37 JavaCompiledCompositeTest3_CompiledCompositeActor.class
-rw-rw-r--   1 travis travis 13080 Jun 11 04:37 JavaCompiledCompositeTest3_CompiledCompositeActor.java
-rw-rw-r--   1 travis travis  1378 Jun 11 04:37 JavaCompiledCompositeTest3_CompiledCompositeActor$_JavaCompiledCompositeTest3_CompiledCompositeActor.class
-rw-rw-r--   1 travis travis  1625 Jun 11 04:37 JavaCompiledCompositeTest3_CompiledCompositeActor.mk
-rw-rw-r--   1 travis travis  3953 Jun 11 04:37 JavaCompiledCompositeTest4_CompiledCompositeActor.class
-rw-rw-r--   1 travis travis  9687 Jun 11 04:37 JavaCompiledCompositeTest4_CompiledCompositeActor.java
-rw-rw-r--   1 travis travis   857 Jun 11 04:37 JavaCompiledCompositeTest4_CompiledCompositeActor$_JavaCompiledCompositeTest4_CompiledCompositeActor.class
-rw-rw-r--   1 travis travis  1625 Jun 11 04:37 JavaCompiledCompositeTest4_CompiledCompositeActor.mk
drwxrwxr-x   3 travis travis 12288 Jun 11 04:33 LookupTable
drwxrwxr-x   3 travis travis 20480 Jun 11 04:34 MaxIndex
-rw-rw-r--   1 travis travis  3693 Jun 11 04:37 ModularCG_A1_B1.class
-rw-rw-r--   1 travis travis  9730 Jun 11 04:37 ModularCG_A1_B1.java
-rw-rw-r--   1 travis travis   832 Jun 11 04:37 ModularCG_A1_B1.mk
-rw-rw-r--   1 travis travis  1318 Jun 11 04:37 ModularCG_A1_B1_profile.class
-rw-rw-r--   1 travis travis  1262 Jun 11 04:37 ModularCG_A1_B1_profile.java
-rw-rw-r--   1 travis travis  3693 Jun 11 04:37 ModularCG_A1_B2.class
-rw-rw-r--   1 travis travis  9730 Jun 11 04:37 ModularCG_A1_B2.java
-rw-rw-r--   1 travis travis   832 Jun 11 04:37 ModularCG_A1_B2.mk
-rw-rw-r--   1 travis travis  1318 Jun 11 04:37 ModularCG_A1_B2_profile.class
-rw-rw-r--   1 travis travis  1262 Jun 11 04:37 ModularCG_A1_B2_profile.java
-rw-rw-r--   1 travis travis  4799 Jun 11 04:37 ModularCG_A1.class
-rw-rw-r--   1 travis travis 14742 Jun 11 04:37 ModularCG_A1.java
-rw-rw-r--   1 travis travis   808 Jun 11 04:37 ModularCG_A1.mk
-rw-rw-r--   1 travis travis  1433 Jun 11 04:37 ModularCG_A1_profile.class
-rw-rw-r--   1 travis travis  1704 Jun 11 04:37 ModularCG_A1_profile.java
-rw-rw-r--   1 travis travis  3827 Jun 11 04:37 ModularCG_A2_B1.class
-rw-rw-r--   1 travis travis 10667 Jun 11 04:37 ModularCG_A2_B1.java
-rw-rw-r--   1 travis travis   832 Jun 11 04:37 ModularCG_A2_B1.mk
-rw-rw-r--   1 travis travis  1381 Jun 11 04:37 ModularCG_A2_B1_profile.class
-rw-rw-r--   1 travis travis  1446 Jun 11 04:37 ModularCG_A2_B1_profile.java
-rw-rw-r--   1 travis travis  3693 Jun 11 04:37 ModularCG_A2_B2.class
-rw-rw-r--   1 travis travis  9730 Jun 11 04:37 ModularCG_A2_B2.java
-rw-rw-r--   1 travis travis   832 Jun 11 04:37 ModularCG_A2_B2.mk
-rw-rw-r--   1 travis travis  1318 Jun 11 04:37 ModularCG_A2_B2_profile.class
-rw-rw-r--   1 travis travis  1262 Jun 11 04:37 ModularCG_A2_B2_profile.java
-rw-rw-r--   1 travis travis  4870 Jun 11 04:37 ModularCG_A2.class
-rw-rw-r--   1 travis travis 15129 Jun 11 04:37 ModularCG_A2.java
-rw-rw-r--   1 travis travis   808 Jun 11 04:37 ModularCG_A2.mk
-rw-rw-r--   1 travis travis  1433 Jun 11 04:37 ModularCG_A2_profile.class
-rw-rw-r--   1 travis travis  1704 Jun 11 04:37 ModularCG_A2_profile.java
-rw-rw-r--   1 travis travis  1222 Jun 11 04:37 ModularCGPubSub_A1_A2_profile.java
-rw-rw-r--   1 travis travis  3492 Jun 11 04:37 ModularCodeGenTest_A1_A2.class
-rw-rw-r--   1 travis travis   904 Jun 11 04:37 ModularCodeGenTest_A1_A2.mk
-rw-rw-r--   1 travis travis  1306 Jun 11 04:37 ModularCodeGenTest_A1_A2_profile.class
-rw-rw-r--   1 travis travis  3823 Jun 11 04:37 ModularCodeGenTest_A1.class
-rw-rw-r--   1 travis travis  9968 Jun 11 04:37 ModularCodeGenTest_A1.java
-rw-rw-r--   1 travis travis   880 Jun 11 04:37 ModularCodeGenTest_A1.mk
-rw-rw-r--   1 travis travis  1352 Jun 11 04:37 ModularCodeGenTest_A1_profile.class
-rw-rw-r--   1 travis travis  1394 Jun 11 04:37 ModularCodeGenTest_A1_profile.java
drwxrwxr-x   3 travis travis 36864 Jun 11 04:37 modulation2
drwxrwxr-x   3 travis travis 20480 Jun 11 04:34 Multiplexor
drwxrwxr-x 242 travis travis 12288 Jun 11 04:37 node_modules
drwxrwxr-x   3 travis travis 20480 Jun 11 04:34 PhaseUnwrap
-rw-rw-r--   1 travis travis   520 Jun 11 04:37 Repeat$_fireFunction_Repeat_Repeat$__f_sL_0.class
-rw-rw-r--   1 travis travis   522 Jun 11 04:37 Repeat$_fireFunction_Repeat_Repeat$__f_sL_10.class
-rw-rw-r--   1 travis travis   666 Jun 11 04:37 Repeat$_fireFunction_Repeat_Repeat$__f_sL_11.class
-rw-rw-r--   1 travis travis   522 Jun 11 04:37 Repeat$_fireFunction_Repeat_Repeat$__f_sL_13.class
-rw-rw-r--   1 travis travis   665 Jun 11 04:37 Repeat$_fireFunction_Repeat_Repeat$__f_sL_1.class
-rw-rw-r--   1 travis travis   520 Jun 11 04:37 Repeat$_fireFunction_Repeat_Repeat$__f_sL_2.class
-rw-rw-r--   1 travis travis   520 Jun 11 04:37 Repeat$_fireFunction_Repeat_Repeat$__f_sL_3.class
-rw-rw-r--   1 travis travis   520 Jun 11 04:37 Repeat$_fireFunction_Repeat_Repeat$__f_sL_5.class
-rw-rw-r--   1 travis travis   671 Jun 11 04:37 Repeat$_fireFunction_Repeat_Repeat$__f_sL_7.class
-rw-rw-r--   1 travis travis   520 Jun 11 04:37 Repeat$_fireFunction_Repeat_Repeat$__f_sL_9.class
-rw-rw-r--   1 travis travis   813 Jun 11 04:37 Repeat$_initialize_Repeat.class
-rw-rw-r--   1 travis travis   475 Jun 11 04:37 Repeat$_initialize_Repeat$__i_sL_0.class
-rw-rw-r--   1 travis travis   519 Jun 11 04:37 Repeat$_initialize_Repeat$__i_sL_3.class
-rw-rw-r--   1 travis travis 39778 Jun 11 04:37 Repeat.java
-rw-rw-r--   1 travis travis  1281 Jun 11 04:37 Repeat.mk
-rw-rw-r--   1 travis travis   520 Jun 11 04:37 Repeat$_preinitializeMethod_Repeat$__p_sL_0.class
-rw-rw-r--   1 travis travis   520 Jun 11 04:37 Repeat$_preinitializeMethod_Repeat$__p_sL_1.class
-rw-rw-r--   1 travis travis  1083 Jun 11 04:37 Repeat$_Repeat$_fireFunction_Repeat_AddSubtract_Repeat.class
-rw-rw-r--   1 travis travis   791 Jun 11 04:37 Repeat$_Repeat$_fireFunction_Repeat_AddSubtract_Repeat$__f_sL_0.class
-rw-rw-r--   1 travis travis   909 Jun 11 04:37 Repeat$_Repeat$_fireFunction_Repeat_AddSubtract_Repeat$__f_sL_1.class
-rw-rw-r--   1 travis travis   915 Jun 11 04:37 Repeat$_Repeat$_fireFunction_Repeat_AddSubtract_Repeat$__f_sL_2.class
-rw-rw-r--   1 travis travis   838 Jun 11 04:37 Repeat$_Repeat$_fireFunction_Repeat_Ramp2_Repeat$__f_sL_1.class
-rw-rw-r--   1 travis travis  1785 Jun 11 04:37 Repeat$_Repeat$_fireFunction_Repeat_Test_Repeat$__f_sL_2.class
-rw-rw-r--   1 travis travis   685 Jun 11 04:37 Repeat$_Repeat_SDF_Director_run_Repeat$__R_sL_0.class
-rw-rw-r--   1 travis travis   540 Jun 11 04:37 Repeat$_Repeat_SDF_Director_run_Repeat$__R_sL_1.class
-rw-rw-r--   1 travis travis   540 Jun 11 04:37 Repeat$_Repeat_SDF_Director_run_Repeat$__R_sL_2.class
-rw-rw-r--   1 travis travis   540 Jun 11 04:37 Repeat$_Repeat_SDF_Director_run_Repeat$__R_sL_4.class
-rw-rw-r--   1 travis travis   540 Jun 11 04:37 Repeat$_Repeat_SDF_Director_run_Repeat$__R_sL_5.class
-rw-rw-r--   1 travis travis   691 Jun 11 04:37 Repeat$_Repeat_SDF_Director_run_Repeat$__R_sL_6.class
-rw-rw-r--   1 travis travis   540 Jun 11 04:37 Repeat$_Repeat_SDF_Director_run_Repeat$__R_sL_7.class
-rw-rw-r--   1 travis travis   863 Jun 11 04:37 Repeat$_varinit_Repeat.class
-rw-rw-r--   1 travis travis   530 Jun 11 04:37 Repeat$_varinit_Repeat$__v_sL_1.class
-rw-rw-r--   1 travis travis   531 Jun 11 04:37 Repeat$_varinit_Repeat$__v_sL_2.class
-rw-rw-r--   1 travis travis   905 Jun 11 04:37 Repeat$_varinit_Repeat$__v_sL_4.class
-rw-rw-r--   1 travis travis   635 Jun 11 04:37 Repeat$_wrapup_Repeat.class
-rw-rw-r--   1 travis travis   965 Jun 11 04:37 Repeat$_wrapup_Repeat$__w_sL_1.class
-rw-rw-r--   1 travis travis   289 Jun 11 04:32 result.csv
drwxrwxr-x   3 travis travis 12288 Jun 11 04:35 Scrambler1
drwxrwxr-x   3 travis travis 20480 Jun 11 04:34 Sinewave2
drwxrwxr-x   3 travis travis 69632 Jun 11 04:35 StringCompare
drwxrwxr-x   3 travis travis 32768 Jun 11 04:35 StringFunction
drwxrwxr-x   3 travis travis 12288 Jun 11 04:35 StringLength
drwxrwxr-x   3 travis travis 57344 Jun 11 04:36 StringSimpleReplace
drwxrwxr-x   3 travis travis 12288 Jun 11 04:37 time2
drwxrwxr-x   3 travis travis 12288 Jun 11 04:37 time5
-rw-rw-r--   1 travis travis   432 Jun 11 04:37 Token.class
-rw-rw-r--   1 travis travis   251 Jun 11 04:37 Token.java
-rw-rw-r--   1 travis travis     0 Jun 11 04:37 top.
-rw-rw-r--   1 travis travis 20502 Jun 11 04:32 top.c
-rw-rw-r--   1 travis travis  3567 Jun 11 04:37 top.class
-rw-rw-r--   1 travis travis   169 Jun 11 04:32 top.html
-rw-rw-r--   1 travis travis  7552 Jun 11 04:37 top.java
-rw-rw-r--   1 travis travis 38888 Jun 11 04:32 top.o
drwxrwxr-x   3 travis travis 57344 Jun 11 04:34 UnaryMathFunction
All Done
Writing ModularCGPubSub_A1_A2.java in file:/home/travis/cg/ (9076 characters)
Reading "ptolemy/cg/kernel/generic/program/procedural/java/modular/makefile.in",
    writing "/home/travis/cg/ModularCGPubSub_A1_A2.mk"
Using ptolemy/cg/kernel/generic/program/procedural/java/modular/makefile.in
In "/home/travis/cg", about to execute:
    make -f ModularCGPubSub_A1_A2.mk
javac -classpath ".:.."    ModularCGPubSub_A1_A2.java
All Done
In "/home/travis/cg", about to execute:
    pwd
/home/travis/cg
In "/home/travis/cg", about to execute:
    ls -l
total 1244
drwxrwxr-x   3 travis travis 12288 Jun 11 04:33 AbsoluteValue
drwxrwxr-x   3 travis travis 16384 Jun 11 04:33 Case1
drwxrwxr-x   3 travis travis 32768 Jun 11 04:33 Case2
-rw-rw-r--   1 travis travis  4895 Jun 11 04:37 CompiledCompositeActor_CompiledCompositeActor.class
-rw-rw-r--   1 travis travis  1592 Jun 11 04:37 CompiledCompositeActor_CompiledCompositeActor$_CompiledCompositeActor_CompiledCompositeActor.class
-rw-rw-r--   1 travis travis 13466 Jun 11 04:37 CompiledCompositeActor_CompiledCompositeActor.java
-rw-rw-r--   1 travis travis  1593 Jun 11 04:37 CompiledCompositeActor_CompiledCompositeActor.mk
drwxrwxr-x   3 travis travis 24576 Jun 11 04:35 DeScrambler
drwxrwxr-x   3 travis travis 16384 Jun 11 04:36 DotProduct
drwxrwxr-x   3 travis travis 12288 Jun 11 04:33 FileWriter1
drwxrwxr-x   3 travis travis 20480 Jun 11 04:32 FixToDoubleAndBack
drwxrwxr-x   3 travis travis 16384 Jun 11 04:33 Gaussian1
drwxrwxr-x   3 travis travis 20480 Jun 11 04:33 Gaussian2
-rw-rw-r--   1 travis travis  4457 Jun 11 04:37 JavaCompiledCompositeTest1_CompiledCompositeActor.class
-rw-rw-r--   1 travis travis 11637 Jun 11 04:37 JavaCompiledCompositeTest1_CompiledCompositeActor.java
-rw-rw-r--   1 travis travis  1198 Jun 11 04:37 JavaCompiledCompositeTest1_CompiledCompositeActor$_JavaCompiledCompositeTest1_CompiledCompositeActor.class
-rw-rw-r--   1 travis travis  1625 Jun 11 04:37 JavaCompiledCompositeTest1_CompiledCompositeActor.mk
-rw-rw-r--   1 travis travis  4888 Jun 11 04:37 JavaCompiledCompositeTest2_CompiledCompositeActor.class
-rw-rw-r--   1 travis travis 14919 Jun 11 04:37 JavaCompiledCompositeTest2_CompiledCompositeActor.java
-rw-rw-r--   1 travis travis  1793 Jun 11 04:37 JavaCompiledCompositeTest2_CompiledCompositeActor$_JavaCompiledCompositeTest2_CompiledCompositeActor.class
-rw-rw-r--   1 travis travis  1625 Jun 11 04:37 JavaCompiledCompositeTest2_CompiledCompositeActor.mk
-rw-rw-r--   1 travis travis  4505 Jun 11 04:37 JavaCompiledCompositeTest3_CompiledCompositeActor.class
-rw-rw-r--   1 travis travis 13080 Jun 11 04:37 JavaCompiledCompositeTest3_CompiledCompositeActor.java
-rw-rw-r--   1 travis travis  1378 Jun 11 04:37 JavaCompiledCompositeTest3_CompiledCompositeActor$_JavaCompiledCompositeTest3_CompiledCompositeActor.class
-rw-rw-r--   1 travis travis  1625 Jun 11 04:37 JavaCompiledCompositeTest3_CompiledCompositeActor.mk
-rw-rw-r--   1 travis travis  3953 Jun 11 04:37 JavaCompiledCompositeTest4_CompiledCompositeActor.class
-rw-rw-r--   1 travis travis  9687 Jun 11 04:37 JavaCompiledCompositeTest4_CompiledCompositeActor.java
-rw-rw-r--   1 travis travis   857 Jun 11 04:37 JavaCompiledCompositeTest4_CompiledCompositeActor$_JavaCompiledCompositeTest4_CompiledCompositeActor.class
-rw-rw-r--   1 travis travis  1625 Jun 11 04:37 JavaCompiledCompositeTest4_CompiledCompositeActor.mk
drwxrwxr-x   3 travis travis 12288 Jun 11 04:33 LookupTable
drwxrwxr-x   3 travis travis 20480 Jun 11 04:34 MaxIndex
-rw-rw-r--   1 travis travis  3693 Jun 11 04:37 ModularCG_A1_B1.class
-rw-rw-r--   1 travis travis  9730 Jun 11 04:37 ModularCG_A1_B1.java
-rw-rw-r--   1 travis travis   832 Jun 11 04:37 ModularCG_A1_B1.mk
-rw-rw-r--   1 travis travis  1318 Jun 11 04:37 ModularCG_A1_B1_profile.class
-rw-rw-r--   1 travis travis  1262 Jun 11 04:37 ModularCG_A1_B1_profile.java
-rw-rw-r--   1 travis travis  3693 Jun 11 04:37 ModularCG_A1_B2.class
-rw-rw-r--   1 travis travis  9730 Jun 11 04:37 ModularCG_A1_B2.java
-rw-rw-r--   1 travis travis   832 Jun 11 04:37 ModularCG_A1_B2.mk
-rw-rw-r--   1 travis travis  1318 Jun 11 04:37 ModularCG_A1_B2_profile.class
-rw-rw-r--   1 travis travis  1262 Jun 11 04:37 ModularCG_A1_B2_profile.java
-rw-rw-r--   1 travis travis  4799 Jun 11 04:37 ModularCG_A1.class
-rw-rw-r--   1 travis travis 14742 Jun 11 04:37 ModularCG_A1.java
-rw-rw-r--   1 travis travis   808 Jun 11 04:37 ModularCG_A1.mk
-rw-rw-r--   1 travis travis  1433 Jun 11 04:37 ModularCG_A1_profile.class
-rw-rw-r--   1 travis travis  1704 Jun 11 04:37 ModularCG_A1_profile.java
-rw-rw-r--   1 travis travis  3827 Jun 11 04:37 ModularCG_A2_B1.class
-rw-rw-r--   1 travis travis 10667 Jun 11 04:37 ModularCG_A2_B1.java
-rw-rw-r--   1 travis travis   832 Jun 11 04:37 ModularCG_A2_B1.mk
-rw-rw-r--   1 travis travis  1381 Jun 11 04:37 ModularCG_A2_B1_profile.class
-rw-rw-r--   1 travis travis  1446 Jun 11 04:37 ModularCG_A2_B1_profile.java
-rw-rw-r--   1 travis travis  3693 Jun 11 04:37 ModularCG_A2_B2.class
-rw-rw-r--   1 travis travis  9730 Jun 11 04:37 ModularCG_A2_B2.java
-rw-rw-r--   1 travis travis   832 Jun 11 04:37 ModularCG_A2_B2.mk
-rw-rw-r--   1 travis travis  1318 Jun 11 04:37 ModularCG_A2_B2_profile.class
-rw-rw-r--   1 travis travis  1262 Jun 11 04:37 ModularCG_A2_B2_profile.java
-rw-rw-r--   1 travis travis  4870 Jun 11 04:37 ModularCG_A2.class
-rw-rw-r--   1 travis travis 15129 Jun 11 04:37 ModularCG_A2.java
-rw-rw-r--   1 travis travis   808 Jun 11 04:37 ModularCG_A2.mk
-rw-rw-r--   1 travis travis  1433 Jun 11 04:37 ModularCG_A2_profile.class
-rw-rw-r--   1 travis travis  1704 Jun 11 04:37 ModularCG_A2_profile.java
-rw-rw-r--   1 travis travis  3473 Jun 11 04:37 ModularCGPubSub_A1_A2.class
-rw-rw-r--   1 travis travis  9076 Jun 11 04:37 ModularCGPubSub_A1_A2.java
-rw-rw-r--   1 travis travis   880 Jun 11 04:37 ModularCGPubSub_A1_A2.mk
-rw-rw-r--   1 travis travis  1300 Jun 11 04:37 ModularCGPubSub_A1_A2_profile.class
-rw-rw-r--   1 travis travis  1222 Jun 11 04:37 ModularCGPubSub_A1_A2_profile.java
-rw-rw-r--   1 travis travis  1388 Jun 11 04:37 ModularCGPubSub_A1_profile.java
-rw-rw-r--   1 travis travis  3492 Jun 11 04:37 ModularCodeGenTest_A1_A2.class
-rw-rw-r--   1 travis travis   904 Jun 11 04:37 ModularCodeGenTest_A1_A2.mk
-rw-rw-r--   1 travis travis  1306 Jun 11 04:37 ModularCodeGenTest_A1_A2_profile.class
-rw-rw-r--   1 travis travis  3823 Jun 11 04:37 ModularCodeGenTest_A1.class
-rw-rw-r--   1 travis travis  9968 Jun 11 04:37 ModularCodeGenTest_A1.java
-rw-rw-r--   1 travis travis   880 Jun 11 04:37 ModularCodeGenTest_A1.mk
-rw-rw-r--   1 travis travis  1352 Jun 11 04:37 ModularCodeGenTest_A1_profile.class
-rw-rw-r--   1 travis travis  1394 Jun 11 04:37 ModularCodeGenTest_A1_profile.java
drwxrwxr-x   3 travis travis 36864 Jun 11 04:37 modulation2
drwxrwxr-x   3 travis travis 20480 Jun 11 04:34 Multiplexor
drwxrwxr-x 242 travis travis 12288 Jun 11 04:37 node_modules
drwxrwxr-x   3 travis travis 20480 Jun 11 04:34 PhaseUnwrap
-rw-rw-r--   1 travis travis   520 Jun 11 04:37 Repeat$_fireFunction_Repeat_Repeat$__f_sL_0.class
-rw-rw-r--   1 travis travis   522 Jun 11 04:37 Repeat$_fireFunction_Repeat_Repeat$__f_sL_10.class
-rw-rw-r--   1 travis travis   666 Jun 11 04:37 Repeat$_fireFunction_Repeat_Repeat$__f_sL_11.class
-rw-rw-r--   1 travis travis   522 Jun 11 04:37 Repeat$_fireFunction_Repeat_Repeat$__f_sL_13.class
-rw-rw-r--   1 travis travis   665 Jun 11 04:37 Repeat$_fireFunction_Repeat_Repeat$__f_sL_1.class
-rw-rw-r--   1 travis travis   520 Jun 11 04:37 Repeat$_fireFunction_Repeat_Repeat$__f_sL_2.class
-rw-rw-r--   1 travis travis   520 Jun 11 04:37 Repeat$_fireFunction_Repeat_Repeat$__f_sL_3.class
-rw-rw-r--   1 travis travis   520 Jun 11 04:37 Repeat$_fireFunction_Repeat_Repeat$__f_sL_5.class
-rw-rw-r--   1 travis travis   671 Jun 11 04:37 Repeat$_fireFunction_Repeat_Repeat$__f_sL_7.class
-rw-rw-r--   1 travis travis   520 Jun 11 04:37 Repeat$_fireFunction_Repeat_Repeat$__f_sL_9.class
-rw-rw-r--   1 travis travis   813 Jun 11 04:37 Repeat$_initialize_Repeat.class
-rw-rw-r--   1 travis travis   475 Jun 11 04:37 Repeat$_initialize_Repeat$__i_sL_0.class
-rw-rw-r--   1 travis travis   519 Jun 11 04:37 Repeat$_initialize_Repeat$__i_sL_3.class
-rw-rw-r--   1 travis travis 39778 Jun 11 04:37 Repeat.java
-rw-rw-r--   1 travis travis  1281 Jun 11 04:37 Repeat.mk
-rw-rw-r--   1 travis travis   520 Jun 11 04:37 Repeat$_preinitializeMethod_Repeat$__p_sL_0.class
-rw-rw-r--   1 travis travis   520 Jun 11 04:37 Repeat$_preinitializeMethod_Repeat$__p_sL_1.class
-rw-rw-r--   1 travis travis  1083 Jun 11 04:37 Repeat$_Repeat$_fireFunction_Repeat_AddSubtract_Repeat.class
-rw-rw-r--   1 travis travis   791 Jun 11 04:37 Repeat$_Repeat$_fireFunction_Repeat_AddSubtract_Repeat$__f_sL_0.class
-rw-rw-r--   1 travis travis   909 Jun 11 04:37 Repeat$_Repeat$_fireFunction_Repeat_AddSubtract_Repeat$__f_sL_1.class
-rw-rw-r--   1 travis travis   915 Jun 11 04:37 Repeat$_Repeat$_fireFunction_Repeat_AddSubtract_Repeat$__f_sL_2.class
-rw-rw-r--   1 travis travis   838 Jun 11 04:37 Repeat$_Repeat$_fireFunction_Repeat_Ramp2_Repeat$__f_sL_1.class
-rw-rw-r--   1 travis travis  1785 Jun 11 04:37 Repeat$_Repeat$_fireFunction_Repeat_Test_Repeat$__f_sL_2.class
-rw-rw-r--   1 travis travis   685 Jun 11 04:37 Repeat$_Repeat_SDF_Director_run_Repeat$__R_sL_0.class
-rw-rw-r--   1 travis travis   540 Jun 11 04:37 Repeat$_Repeat_SDF_Director_run_Repeat$__R_sL_1.class
-rw-rw-r--   1 travis travis   540 Jun 11 04:37 Repeat$_Repeat_SDF_Director_run_Repeat$__R_sL_2.class
-rw-rw-r--   1 travis travis   540 Jun 11 04:37 Repeat$_Repeat_SDF_Director_run_Repeat$__R_sL_4.class
-rw-rw-r--   1 travis travis   540 Jun 11 04:37 Repeat$_Repeat_SDF_Director_run_Repeat$__R_sL_5.class
-rw-rw-r--   1 travis travis   691 Jun 11 04:37 Repeat$_Repeat_SDF_Director_run_Repeat$__R_sL_6.class
-rw-rw-r--   1 travis travis   540 Jun 11 04:37 Repeat$_Repeat_SDF_Director_run_Repeat$__R_sL_7.class
-rw-rw-r--   1 travis travis   863 Jun 11 04:37 Repeat$_varinit_Repeat.class
-rw-rw-r--   1 travis travis   530 Jun 11 04:37 Repeat$_varinit_Repeat$__v_sL_1.class
-rw-rw-r--   1 travis travis   531 Jun 11 04:37 Repeat$_varinit_Repeat$__v_sL_2.class
-rw-rw-r--   1 travis travis   905 Jun 11 04:37 Repeat$_varinit_Repeat$__v_sL_4.class
-rw-rw-r--   1 travis travis   635 Jun 11 04:37 Repeat$_wrapup_Repeat.class
In "/home/travis/cg", about to execute:
-rw-rw-r--   1 travis travis   965 Jun 11 04:37 Repeat$_wrapup_Repeat$__w_sL_1.class
-rw-rw-r--   1 travis travis   289 Jun 11 04:32 result.csv
drwxrwxr-x   3 travis travis 12288 Jun 11 04:35 Scrambler1
drwxrwxr-x   3 travis travis 20480 Jun 11 04:34 Sinewave2
drwxrwxr-x   3 travis travis 69632 Jun 11 04:35 StringCompare
drwxrwxr-x   3 travis travis 32768 Jun 11 04:35 StringFunction
drwxrwxr-x   3 travis travis 12288 Jun 11 04:35 StringLength
drwxrwxr-x   3 travis travis 57344 Jun 11 04:36 StringSimpleReplace
drwxrwxr-x   3 travis travis 12288 Jun 11 04:37 time2
drwxrwxr-x   3 travis travis 12288 Jun 11 04:37 time5
-rw-rw-r--   1 travis travis   432 Jun 11 04:37 Token.class
-rw-rw-r--   1 travis travis   251 Jun 11 04:37 Token.java
-rw-rw-r--   1 travis travis     0 Jun 11 04:37 top.
-rw-rw-r--   1 travis travis 20502 Jun 11 04:32 top.c
-rw-rw-r--   1 travis travis  3567 Jun 11 04:37 top.class
-rw-rw-r--   1 travis travis   169 Jun 11 04:32 top.html
-rw-rw-r--   1 travis travis  7552 Jun 11 04:37 top.java
-rw-rw-r--   1 travis travis 38888 Jun 11 04:32 top.o
drwxrwxr-x   3 travis travis 57344 Jun 11 04:34 UnaryMathFunction
    javac -classpath
.:/home/travis/build/icyphy/ptII:/home/travis/build/icyphy/ptII/lib/bsh-2.0b4.j
ar:/home/travis/build/icyphy/ptII/lib/ptCal.jar:/home/travis/build/icyphy/ptII/
lib/java_cup.jar:/home/travis/build/icyphy/ptII/lib/saxon8.jar:/home/travis/bui
ld/icyphy/ptII/lib/saxon8-dom.jar:/home/travis/build/icyphy/ptII/lib/chic.jar:/
home/travis/build/icyphy/ptII/lib/ptcolt.jar:/usr/lib/jvm/java-8-oracle/lib/too
ls.jar:/home/travis/build/icyphy/ptII/vendors/misc/itext/iText.jar:/home/travis
/build/icyphy/ptII/lib/g4ltl.jar:/home/travis/build/icyphy/ptII/lib/StructuralC
oder.jar:/home/travis/build/icyphy/ptII/vendors/jai-1_1_2_01/lib/jai_core.jar:/
home/travis/build/icyphy/ptII/vendors/jai-1_1_2_01/lib/jai_codec.jar:/home/trav
is/build/icyphy/ptII/lib/jcerti.jar:/home/travis/build/icyphy/ptII/lib/javax.ma
il.jar:/home/travis/build/icyphy/ptII/vendors/JMF-2.1.1e/lib/jmf.jar:/home/trav
is/build/icyphy/ptII/lib/jna-4.0.0-variadic.jar:/home/travis/build/icyphy/ptII/
vendors/misc/joystick/Joystick.jar:/home/travis/build/icyphy/ptII/lib/ptjacl.ja
r:/home/travis/build/icyphy/ptII/lib/jsoup-1.8.2.jar:/home/travis/build/icyphy/
ptII/lib/junit-4.8.2.jar:/home/travis/build/icyphy/ptII/lib/JUnitParams-0.4.0.j
ar:/home/travis/build/icyphy/ptII/ptolemy/actor/lib/excel/jxl.jar:/home/travis/
build/icyphy/ptII/lib/jython.jar:/home/travis/build/icyphy/ptII/lib/kieler.jar:
/home/travis/build/icyphy/ptII/vendors/opencv/share/OpenCV/java/opencv-341.jar:
/home/travis/build/icyphy/ptII/lib/oscP5.jar:/home/travis/build/icyphy/ptII/lib
/nrjavaserial-3.11.0.devel.jar:/home/travis/build/icyphy/ptII/vendors/j3d/lib/j
3dcore.jar:/home/travis/build/icyphy/ptII/vendors/j3d/lib/j3dutils.jar:/home/tr
avis/build/icyphy/ptII/vendors/j3d/lib/vecmath.jar:/home/travis/build/icyphy/pt
II/ptolemy/distributed/jini/jar/jini-core.jar:/home/travis/build/icyphy/ptII/pt
olemy/distributed/jini/jar/jini-ext.jar:/home/travis/build/icyphy/ptII/ptolemy/
distributed/jini/jar/sun-util.jar:/home/travis/build/icyphy/ptII/lib/protobuf-j
ava-2.4.1.jar:/home/travis/build/icyphy/ptII/lib/org.eclipse.paho.client.mqttv3
.jar:/home/travis/build/icyphy/ptII/lib/mapss.jar:/home/travis/build/icyphy/ptI
I/ptolemy/actor/ptalon/antlr/antlr.jar:/home/travis/build/icyphy/ptII/lib/JRI.j
ar:/home/travis/build/icyphy/ptII/lib/commons-lang-2.6.jar:/home/travis/build/i
cyphy/ptII/lib/commons-logging-1.1.1.jar:/home/travis/build/icyphy/ptII/lib/soo
tclasses.jar:/home/travis/build/icyphy/ptII/ptolemy/actor/lib/database/mysql-co
nnector-java-5.1.6-bin.jar:/home/travis/build/icyphy/ptII/vendors/misc/sphinx4/
sphinx4-data-5prealpha.jar:/home/travis/build/icyphy/ptII/vendors/misc/sphinx4/
sphinx4-core-5prealpha.jar:/home/travis/build/icyphy/ptII/lib/PDFRenderer.jar:/
home/travis/build/icyphy/ptII/lib/svgSalamander.jar:/home/travis/build/icyphy/p
tII/lib/rsyntaxtextarea-2.6.0-SNAPSHOT.jar:/home/travis/build/icyphy/ptII/lib/h
azelcast-3.8.2.jar:/home/travis/build/icyphy/ptII/lib/jackson-annotations-2.9.0
.jar:/home/travis/build/icyphy/ptII/lib/jackson-core-2.9.3.jar:/home/travis/bui
ld/icyphy/ptII/lib/jackson-databind-2.9.3.jar:/home/travis/build/icyphy/ptII/li
b/netty-buffer-4.1.19.Final.jar:/home/travis/build/icyphy/ptII/lib/netty-codec-
4.1.19.Final.jar:/home/travis/build/icyphy/ptII/lib/netty-codec-dns-4.1.19.Fina
l.jar:/home/travis/build/icyphy/ptII/lib/netty-codec-http-4.1.19.Final.jar:/hom
e/travis/build/icyphy/ptII/lib/netty-codec-http2-4.1.19.Final.jar:/home/travis/
build/icyphy/ptII/lib/netty-common-4.1.19.Final.jar:/home/travis/build/icyphy/p
tII/lib/netty-handler-4.1.19.Final.jar:/home/travis/build/icyphy/ptII/lib/netty
-resolver-4.1.19.Final.jar:/home/travis/build/icyphy/ptII/lib/netty-resolver-dn
s-4.1.19.Final.jar:/home/travis/build/icyphy/ptII/lib/netty-transport-4.1.19.Fi
nal.jar:/home/travis/build/icyphy/ptII/lib/vertx-codegen-3.5.1.jar:/home/travis
/build/icyphy/ptII/lib/vertx-core-3.5.2-SNAPSHOT.jar:/home/travis/build/icyphy/
ptII/lib/vertx-hazelcast-3.5.1.jar:/home/travis/build/icyphy/ptII/lib/vertx-lan
g-js-3.5.1.jar:/home/travis/build/icyphy/ptII/lib/vertx-service-proxy-3.5.1.jar
:/home/travis/build/icyphy/ptII/lib/vertx-web-3.5.1.jar:/home/travis/build/icyp
hy/ptII/lib/slf4j-api-1.7.13.jar:/home/travis/build/icyphy/ptII/lib/slf4j-simpl
e-1.7.13.jar:/home/travis/build/icyphy/ptII/lib/webcam-capture-0.3.12.jar:/home
/travis/build/icyphy/ptII/lib/bridj-0.7.0.jar:/home/travis/build/icyphy/ptII/li
b/xbjlib-1.1.0.nrjavaserial.jar:/home/travis/build/icyphy/ptII/ptolemy/moml/tes
t:/home/travis/build/icyphy/ptII/ant/lib/ant-launcher.jar:/home/travis/build/ic
yphy/ptII/ant/lib/ant.jar:/home/travis/build/icyphy/ptII/ant/lib/ant-junit.jar:
/home/travis/build/icyphy/ptII/ant/lib/ant-junit4.jar:/home/travis/build/icyphy
/ptII ModularCGPubSub_A1_profile.java
All Done
Writing ModularCGPubSub_A1.java in file:/home/travis/cg/ (9836 characters)
Reading "ptolemy/cg/kernel/generic/program/procedural/java/modular/makefile.in",
    writing "/home/travis/cg/ModularCGPubSub_A1.mk"
Using ptolemy/cg/kernel/generic/program/procedural/java/modular/makefile.in
In "/home/travis/cg", about to execute:
    make -f ModularCGPubSub_A1.mk
javac -classpath ".:.."    ModularCGPubSub_A1.java
All Done
4478 ms. Memory: 170496K Free: 114485K (67%)
----------------- Invoking toplevel() on ptolemy.moml.MoMLSimpleApplication@4e0b08ea
----------------- Done invoking toplevel() on ptolemy.moml.MoMLSimpleApplication@4e0b08ea
reloadAllAccessors: .ModularCGPubSub

===========================================================================================
----------------- testing Tue Jun 11 04:37:56 UTC 2019 /home/travis/build/icyphy/ptII/ptolemy/cg/lib/test/auto/ModularCodeGen.xml
----------------- Instantiating /home/travis/build/icyphy/ptII/ptolemy/cg/lib/test/auto/ModularCodeGen.xml
In "/home/travis/cg", about to execute:
    pwd
In "/home/travis/cg", about to execute:
    ls -l
/home/travis/cg
In "/home/travis/cg", about to execute:
    javac -classpath
.:/home/travis/build/icyphy/ptII:/home/travis/build/icyphy/ptII/lib/bsh-2.0b4.j
ar:/home/travis/build/icyphy/ptII/lib/ptCal.jar:/home/travis/build/icyphy/ptII/
lib/java_cup.jar:/home/travis/build/icyphy/ptII/lib/saxon8.jar:/home/travis/bui
ld/icyphy/ptII/lib/saxon8-dom.jar:/home/travis/build/icyphy/ptII/lib/chic.jar:/
home/travis/build/icyphy/ptII/lib/ptcolt.jar:/usr/lib/jvm/java-8-oracle/lib/too
ls.jar:/home/travis/build/icyphy/ptII/vendors/misc/itext/iText.jar:/home/travis
/build/icyphy/ptII/lib/g4ltl.jar:/home/travis/build/icyphy/ptII/lib/StructuralC
oder.jar:/home/travis/build/icyphy/ptII/vendors/jai-1_1_2_01/lib/jai_core.jar:/
home/travis/build/icyphy/ptII/vendors/jai-1_1_2_01/lib/jai_codec.jar:/home/trav
is/build/icyphy/ptII/lib/jcerti.jar:/home/travis/build/icyphy/ptII/lib/javax.ma
il.jar:/home/travis/build/icyphy/ptII/vendors/JMF-2.1.1e/lib/jmf.jar:/home/trav
is/build/icyphy/ptII/lib/jna-4.0.0-variadic.jar:/home/travis/build/icyphy/ptII/
vendors/misc/joystick/Joystick.jar:/home/travis/build/icyphy/ptII/lib/ptjacl.ja
r:/home/travis/build/icyphy/ptII/lib/jsoup-1.8.2.jar:/home/travis/build/icyphy/
ptII/lib/junit-4.8.2.jar:/home/travis/build/icyphy/ptII/lib/JUnitParams-0.4.0.j
ar:/home/travis/build/icyphy/ptII/ptolemy/actor/lib/excel/jxl.jar:/home/travis/
build/icyphy/ptII/lib/jython.jar:/home/travis/build/icyphy/ptII/lib/kieler.jar:
/home/travis/build/icyphy/ptII/vendors/opencv/share/OpenCV/java/opencv-341.jar:
/home/travis/build/icyphy/ptII/lib/oscP5.jar:/home/travis/build/icyphy/ptII/lib
/nrjavaserial-3.11.0.devel.jar:/home/travis/build/icyphy/ptII/vendors/j3d/lib/j
3dcore.jar:/home/travis/build/icyphy/ptII/vendors/j3d/lib/j3dutils.jar:/home/tr
avis/build/icyphy/ptII/vendors/j3d/lib/vecmath.jar:/home/travis/build/icyphy/pt
II/ptolemy/distributed/jini/jar/jini-core.jar:/home/travis/build/icyphy/ptII/pt
olemy/distributed/jini/jar/jini-ext.jar:/home/travis/build/icyphy/ptII/ptolemy/
distributed/jini/jar/sun-util.jar:/home/travis/build/icyphy/ptII/lib/protobuf-j
ava-2.4.1.jar:/home/travis/build/icyphy/ptII/lib/org.eclipse.paho.client.mqttv3
.jar:/home/travis/build/icyphy/ptII/lib/mapss.jar:/home/travis/build/icyphy/ptI
I/ptolemy/actor/ptalon/antlr/antlr.jar:/home/travis/build/icyphy/ptII/lib/JRI.j
ar:/home/travis/build/icyphy/ptII/lib/commons-lang-2.6.jar:/home/travis/build/i
cyphy/ptII/lib/commons-logging-1.1.1.jar:/home/travis/build/icyphy/ptII/lib/soo
tclasses.jar:/home/travis/build/icyphy/ptII/ptolemy/actor/lib/database/mysql-co
nnector-java-5.1.6-bin.jar:/home/travis/build/icyphy/ptII/vendors/misc/sphinx4/
sphinx4-data-5prealpha.jar:/home/travis/build/icyphy/ptII/vendors/misc/sphinx4/
sphinx4-core-5prealpha.jar:/home/travis/build/icyphy/ptII/lib/PDFRenderer.jar:/
home/travis/build/icyphy/ptII/lib/svgSalamander.jar:/home/travis/build/icyphy/p
tII/lib/rsyntaxtextarea-2.6.0-SNAPSHOT.jar:/home/travis/build/icyphy/ptII/lib/h
azelcast-3.8.2.jar:/home/travis/build/icyphy/ptII/lib/jackson-annotations-2.9.0
.jar:/home/travis/build/icyphy/ptII/lib/jackson-core-2.9.3.jar:/home/travis/bui
ld/icyphy/ptII/lib/jackson-databind-2.9.3.jar:/home/travis/build/icyphy/ptII/li
b/netty-buffer-4.1.19.Final.jar:/home/travis/build/icyphy/ptII/lib/netty-codec-
4.1.19.Final.jar:/home/travis/build/icyphy/ptII/lib/netty-codec-dns-4.1.19.Fina
l.jar:/home/travis/build/icyphy/ptII/lib/netty-codec-http-4.1.19.Final.jar:/hom
e/travis/build/icyphy/ptII/lib/netty-codec-http2-4.1.19.Final.jar:/home/travis/
build/icyphy/ptII/lib/netty-common-4.1.19.Final.jar:/home/travis/build/icyphy/p
tII/lib/netty-handler-4.1.19.Final.jar:/home/travis/build/icyphy/ptII/lib/netty
-resolver-4.1.19.Final.jar:/home/travis/build/icyphy/ptII/lib/netty-resolver-dn
s-4.1.19.Final.jar:/home/travis/build/icyphy/ptII/lib/netty-transport-4.1.19.Fi
nal.jar:/home/travis/build/icyphy/ptII/lib/vertx-codegen-3.5.1.jar:/home/travis
/build/icyphy/ptII/lib/vertx-core-3.5.2-SNAPSHOT.jar:/home/travis/build/icyphy/
ptII/lib/vertx-hazelcast-3.5.1.jar:/home/travis/build/icyphy/ptII/lib/vertx-lan
g-js-3.5.1.jar:/home/travis/build/icyphy/ptII/lib/vertx-service-proxy-3.5.1.jar
:/home/travis/build/icyphy/ptII/lib/vertx-web-3.5.1.jar:/home/travis/build/icyp
hy/ptII/lib/slf4j-api-1.7.13.jar:/home/travis/build/icyphy/ptII/lib/slf4j-simpl
e-1.7.13.jar:/home/travis/build/icyphy/ptII/lib/webcam-capture-0.3.12.jar:/home
/travis/build/icyphy/ptII/lib/bridj-0.7.0.jar:/home/travis/build/icyphy/ptII/li
b/xbjlib-1.1.0.nrjavaserial.jar:/home/travis/build/icyphy/ptII/ptolemy/moml/tes
t:/home/travis/build/icyphy/ptII/ant/lib/ant-launcher.jar:/home/travis/build/ic
yphy/ptII/ant/lib/ant.jar:/home/travis/build/icyphy/ptII/ant/lib/ant-junit.jar:
/home/travis/build/icyphy/ptII/ant/lib/ant-junit4.jar:/home/travis/build/icyphy
/ptII ModularCodeGen_ModularCodeGenTypedCompositeActor_profile.java
total 1272
drwxrwxr-x   3 travis travis 12288 Jun 11 04:33 AbsoluteValue
drwxrwxr-x   3 travis travis 16384 Jun 11 04:33 Case1
drwxrwxr-x   3 travis travis 32768 Jun 11 04:33 Case2
-rw-rw-r--   1 travis travis  4895 Jun 11 04:37 CompiledCompositeActor_CompiledCompositeActor.class
-rw-rw-r--   1 travis travis  1592 Jun 11 04:37 CompiledCompositeActor_CompiledCompositeActor$_CompiledCompositeActor_CompiledCompositeActor.class
-rw-rw-r--   1 travis travis 13466 Jun 11 04:37 CompiledCompositeActor_CompiledCompositeActor.java
-rw-rw-r--   1 travis travis  1593 Jun 11 04:37 CompiledCompositeActor_CompiledCompositeActor.mk
drwxrwxr-x   3 travis travis 24576 Jun 11 04:35 DeScrambler
drwxrwxr-x   3 travis travis 16384 Jun 11 04:36 DotProduct
drwxrwxr-x   3 travis travis 12288 Jun 11 04:33 FileWriter1
drwxrwxr-x   3 travis travis 20480 Jun 11 04:32 FixToDoubleAndBack
drwxrwxr-x   3 travis travis 16384 Jun 11 04:33 Gaussian1
drwxrwxr-x   3 travis travis 20480 Jun 11 04:33 Gaussian2
-rw-rw-r--   1 travis travis  4457 Jun 11 04:37 JavaCompiledCompositeTest1_CompiledCompositeActor.class
-rw-rw-r--   1 travis travis 11637 Jun 11 04:37 JavaCompiledCompositeTest1_CompiledCompositeActor.java
-rw-rw-r--   1 travis travis  1198 Jun 11 04:37 JavaCompiledCompositeTest1_CompiledCompositeActor$_JavaCompiledCompositeTest1_CompiledCompositeActor.class
-rw-rw-r--   1 travis travis  1625 Jun 11 04:37 JavaCompiledCompositeTest1_CompiledCompositeActor.mk
-rw-rw-r--   1 travis travis  4888 Jun 11 04:37 JavaCompiledCompositeTest2_CompiledCompositeActor.class
-rw-rw-r--   1 travis travis 14919 Jun 11 04:37 JavaCompiledCompositeTest2_CompiledCompositeActor.java
-rw-rw-r--   1 travis travis  1793 Jun 11 04:37 JavaCompiledCompositeTest2_CompiledCompositeActor$_JavaCompiledCompositeTest2_CompiledCompositeActor.class
-rw-rw-r--   1 travis travis  1625 Jun 11 04:37 JavaCompiledCompositeTest2_CompiledCompositeActor.mk
-rw-rw-r--   1 travis travis  4505 Jun 11 04:37 JavaCompiledCompositeTest3_CompiledCompositeActor.class
-rw-rw-r--   1 travis travis 13080 Jun 11 04:37 JavaCompiledCompositeTest3_CompiledCompositeActor.java
-rw-rw-r--   1 travis travis  1378 Jun 11 04:37 JavaCompiledCompositeTest3_CompiledCompositeActor$_JavaCompiledCompositeTest3_CompiledCompositeActor.class
-rw-rw-r--   1 travis travis  1625 Jun 11 04:37 JavaCompiledCompositeTest3_CompiledCompositeActor.mk
-rw-rw-r--   1 travis travis  3953 Jun 11 04:37 JavaCompiledCompositeTest4_CompiledCompositeActor.class
-rw-rw-r--   1 travis travis  9687 Jun 11 04:37 JavaCompiledCompositeTest4_CompiledCompositeActor.java
-rw-rw-r--   1 travis travis   857 Jun 11 04:37 JavaCompiledCompositeTest4_CompiledCompositeActor$_JavaCompiledCompositeTest4_CompiledCompositeActor.class
-rw-rw-r--   1 travis travis  1625 Jun 11 04:37 JavaCompiledCompositeTest4_CompiledCompositeActor.mk
drwxrwxr-x   3 travis travis 12288 Jun 11 04:33 LookupTable
drwxrwxr-x   3 travis travis 20480 Jun 11 04:34 MaxIndex
-rw-rw-r--   1 travis travis  3693 Jun 11 04:37 ModularCG_A1_B1.class
-rw-rw-r--   1 travis travis  9730 Jun 11 04:37 ModularCG_A1_B1.java
-rw-rw-r--   1 travis travis   832 Jun 11 04:37 ModularCG_A1_B1.mk
-rw-rw-r--   1 travis travis  1318 Jun 11 04:37 ModularCG_A1_B1_profile.class
-rw-rw-r--   1 travis travis  1262 Jun 11 04:37 ModularCG_A1_B1_profile.java
-rw-rw-r--   1 travis travis  3693 Jun 11 04:37 ModularCG_A1_B2.class
-rw-rw-r--   1 travis travis  9730 Jun 11 04:37 ModularCG_A1_B2.java
-rw-rw-r--   1 travis travis   832 Jun 11 04:37 ModularCG_A1_B2.mk
-rw-rw-r--   1 travis travis  1318 Jun 11 04:37 ModularCG_A1_B2_profile.class
-rw-rw-r--   1 travis travis  1262 Jun 11 04:37 ModularCG_A1_B2_profile.java
-rw-rw-r--   1 travis travis  4799 Jun 11 04:37 ModularCG_A1.class
-rw-rw-r--   1 travis travis 14742 Jun 11 04:37 ModularCG_A1.java
-rw-rw-r--   1 travis travis   808 Jun 11 04:37 ModularCG_A1.mk
-rw-rw-r--   1 travis travis  1433 Jun 11 04:37 ModularCG_A1_profile.class
-rw-rw-r--   1 travis travis  1704 Jun 11 04:37 ModularCG_A1_profile.java
-rw-rw-r--   1 travis travis  3827 Jun 11 04:37 ModularCG_A2_B1.class
-rw-rw-r--   1 travis travis 10667 Jun 11 04:37 ModularCG_A2_B1.java
-rw-rw-r--   1 travis travis   832 Jun 11 04:37 ModularCG_A2_B1.mk
-rw-rw-r--   1 travis travis  1381 Jun 11 04:37 ModularCG_A2_B1_profile.class
-rw-rw-r--   1 travis travis  1446 Jun 11 04:37 ModularCG_A2_B1_profile.java
-rw-rw-r--   1 travis travis  3693 Jun 11 04:37 ModularCG_A2_B2.class
-rw-rw-r--   1 travis travis  9730 Jun 11 04:37 ModularCG_A2_B2.java
-rw-rw-r--   1 travis travis   832 Jun 11 04:37 ModularCG_A2_B2.mk
-rw-rw-r--   1 travis travis  1318 Jun 11 04:37 ModularCG_A2_B2_profile.class
-rw-rw-r--   1 travis travis  1262 Jun 11 04:37 ModularCG_A2_B2_profile.java
-rw-rw-r--   1 travis travis  4870 Jun 11 04:37 ModularCG_A2.class
-rw-rw-r--   1 travis travis 15129 Jun 11 04:37 ModularCG_A2.java
-rw-rw-r--   1 travis travis   808 Jun 11 04:37 ModularCG_A2.mk
-rw-rw-r--   1 travis travis  1433 Jun 11 04:37 ModularCG_A2_profile.class
-rw-rw-r--   1 travis travis  1704 Jun 11 04:37 ModularCG_A2_profile.java
-rw-rw-r--   1 travis travis  3473 Jun 11 04:37 ModularCGPubSub_A1_A2.class
-rw-rw-r--   1 travis travis  9076 Jun 11 04:37 ModularCGPubSub_A1_A2.java
-rw-rw-r--   1 travis travis   880 Jun 11 04:37 ModularCGPubSub_A1_A2.mk
-rw-rw-r--   1 travis travis  1300 Jun 11 04:37 ModularCGPubSub_A1_A2_profile.class
-rw-rw-r--   1 travis travis  1222 Jun 11 04:37 ModularCGPubSub_A1_A2_profile.java
-rw-rw-r--   1 travis travis  3790 Jun 11 04:37 ModularCGPubSub_A1.class
-rw-rw-r--   1 travis travis  9836 Jun 11 04:37 ModularCGPubSub_A1.java
-rw-rw-r--   1 travis travis   856 Jun 11 04:37 ModularCGPubSub_A1.mk
-rw-rw-r--   1 travis travis  1346 Jun 11 04:37 ModularCGPubSub_A1_profile.class
-rw-rw-r--   1 travis travis  1388 Jun 11 04:37 ModularCGPubSub_A1_profile.java
-rw-rw-r--   1 travis travis  1328 Jun 11 04:37 ModularCodeGen_ModularCodeGenTypedCompositeActor_profile.java
-rw-rw-r--   1 travis travis  3492 Jun 11 04:37 ModularCodeGenTest_A1_A2.class
-rw-rw-r--   1 travis travis   904 Jun 11 04:37 ModularCodeGenTest_A1_A2.mk
-rw-rw-r--   1 travis travis  1306 Jun 11 04:37 ModularCodeGenTest_A1_A2_profile.class
-rw-rw-r--   1 travis travis  3823 Jun 11 04:37 ModularCodeGenTest_A1.class
-rw-rw-r--   1 travis travis  9968 Jun 11 04:37 ModularCodeGenTest_A1.java
-rw-rw-r--   1 travis travis   880 Jun 11 04:37 ModularCodeGenTest_A1.mk
-rw-rw-r--   1 travis travis  1352 Jun 11 04:37 ModularCodeGenTest_A1_profile.class
-rw-rw-r--   1 travis travis  1394 Jun 11 04:37 ModularCodeGenTest_A1_profile.java
drwxrwxr-x   3 travis travis 36864 Jun 11 04:37 modulation2
drwxrwxr-x   3 travis travis 20480 Jun 11 04:34 Multiplexor
drwxrwxr-x 242 travis travis 12288 Jun 11 04:37 node_modules
drwxrwxr-x   3 travis travis 20480 Jun 11 04:34 PhaseUnwrap
-rw-rw-r--   1 travis travis   520 Jun 11 04:37 Repeat$_fireFunction_Repeat_Repeat$__f_sL_0.class
-rw-rw-r--   1 travis travis   522 Jun 11 04:37 Repeat$_fireFunction_Repeat_Repeat$__f_sL_10.class
-rw-rw-r--   1 travis travis   666 Jun 11 04:37 Repeat$_fireFunction_Repeat_Repeat$__f_sL_11.class
-rw-rw-r--   1 travis travis   522 Jun 11 04:37 Repeat$_fireFunction_Repeat_Repeat$__f_sL_13.class
-rw-rw-r--   1 travis travis   665 Jun 11 04:37 Repeat$_fireFunction_Repeat_Repeat$__f_sL_1.class
-rw-rw-r--   1 travis travis   520 Jun 11 04:37 Repeat$_fireFunction_Repeat_Repeat$__f_sL_2.class
-rw-rw-r--   1 travis travis   520 Jun 11 04:37 Repeat$_fireFunction_Repeat_Repeat$__f_sL_3.class
-rw-rw-r--   1 travis travis   520 Jun 11 04:37 Repeat$_fireFunction_Repeat_Repeat$__f_sL_5.class
-rw-rw-r--   1 travis travis   671 Jun 11 04:37 Repeat$_fireFunction_Repeat_Repeat$__f_sL_7.class
-rw-rw-r--   1 travis travis   520 Jun 11 04:37 Repeat$_fireFunction_Repeat_Repeat$__f_sL_9.class
-rw-rw-r--   1 travis travis   813 Jun 11 04:37 Repeat$_initialize_Repeat.class
-rw-rw-r--   1 travis travis   475 Jun 11 04:37 Repeat$_initialize_Repeat$__i_sL_0.class
-rw-rw-r--   1 travis travis   519 Jun 11 04:37 Repeat$_initialize_Repeat$__i_sL_3.class
-rw-rw-r--   1 travis travis 39778 Jun 11 04:37 Repeat.java
-rw-rw-r--   1 travis travis  1281 Jun 11 04:37 Repeat.mk
-rw-rw-r--   1 travis travis   520 Jun 11 04:37 Repeat$_preinitializeMethod_Repeat$__p_sL_0.class
-rw-rw-r--   1 travis travis   520 Jun 11 04:37 Repeat$_preinitializeMethod_Repeat$__p_sL_1.class
-rw-rw-r--   1 travis travis  1083 Jun 11 04:37 Repeat$_Repeat$_fireFunction_Repeat_AddSubtract_Repeat.class
-rw-rw-r--   1 travis travis   791 Jun 11 04:37 Repeat$_Repeat$_fireFunction_Repeat_AddSubtract_Repeat$__f_sL_0.class
-rw-rw-r--   1 travis travis   909 Jun 11 04:37 Repeat$_Repeat$_fireFunction_Repeat_AddSubtract_Repeat$__f_sL_1.class
-rw-rw-r--   1 travis travis   915 Jun 11 04:37 Repeat$_Repeat$_fireFunction_Repeat_AddSubtract_Repeat$__f_sL_2.class
-rw-rw-r--   1 travis travis   838 Jun 11 04:37 Repeat$_Repeat$_fireFunction_Repeat_Ramp2_Repeat$__f_sL_1.class
-rw-rw-r--   1 travis travis  1785 Jun 11 04:37 Repeat$_Repeat$_fireFunction_Repeat_Test_Repeat$__f_sL_2.class
-rw-rw-r--   1 travis travis   685 Jun 11 04:37 Repeat$_Repeat_SDF_Director_run_Repeat$__R_sL_0.class
-rw-rw-r--   1 travis travis   540 Jun 11 04:37 Repeat$_Repeat_SDF_Director_run_Repeat$__R_sL_1.class
-rw-rw-r--   1 travis travis   540 Jun 11 04:37 Repeat$_Repeat_SDF_Director_run_Repeat$__R_sL_2.class
-rw-rw-r--   1 travis travis   540 Jun 11 04:37 Repeat$_Repeat_SDF_Director_run_Repeat$__R_sL_4.class
-rw-rw-r--   1 travis travis   540 Jun 11 04:37 Repeat$_Repeat_SDF_Director_run_Repeat$__R_sL_5.class
-rw-rw-r--   1 travis travis   691 Jun 11 04:37 Repeat$_Repeat_SDF_Director_run_Repeat$__R_sL_6.class
-rw-rw-r--   1 travis travis   540 Jun 11 04:37 Repeat$_Repeat_SDF_Director_run_Repeat$__R_sL_7.class
-rw-rw-r--   1 travis travis   863 Jun 11 04:37 Repeat$_varinit_Repeat.class
-rw-rw-r--   1 travis travis   530 Jun 11 04:37 Repeat$_varinit_Repeat$__v_sL_1.class
-rw-rw-r--   1 travis travis   531 Jun 11 04:37 Repeat$_varinit_Repeat$__v_sL_2.class
-rw-rw-r--   1 travis travis   905 Jun 11 04:37 Repeat$_varinit_Repeat$__v_sL_4.class
-rw-rw-r--   1 travis travis   635 Jun 11 04:37 Repeat$_wrapup_Repeat.class
-rw-rw-r--   1 travis travis   965 Jun 11 04:37 Repeat$_wrapup_Repeat$__w_sL_1.class
-rw-rw-r--   1 travis travis   289 Jun 11 04:32 result.csv
drwxrwxr-x   3 travis travis 12288 Jun 11 04:35 Scrambler1
drwxrwxr-x   3 travis travis 20480 Jun 11 04:34 Sinewave2
drwxrwxr-x   3 travis travis 69632 Jun 11 04:35 StringCompare
drwxrwxr-x   3 travis travis 32768 Jun 11 04:35 StringFunction
drwxrwxr-x   3 travis travis 12288 Jun 11 04:35 StringLength
drwxrwxr-x   3 travis travis 57344 Jun 11 04:36 StringSimpleReplace
drwxrwxr-x   3 travis travis 12288 Jun 11 04:37 time2
drwxrwxr-x   3 travis travis 12288 Jun 11 04:37 time5
-rw-rw-r--   1 travis travis   432 Jun 11 04:37 Token.class
-rw-rw-r--   1 travis travis   251 Jun 11 04:37 Token.java
-rw-rw-r--   1 travis travis     0 Jun 11 04:37 top.
-rw-rw-r--   1 travis travis 20502 Jun 11 04:32 top.c
-rw-rw-r--   1 travis travis  3567 Jun 11 04:37 top.class
-rw-rw-r--   1 travis travis   169 Jun 11 04:32 top.html
-rw-rw-r--   1 travis travis  7552 Jun 11 04:37 top.java
-rw-rw-r--   1 travis travis 38888 Jun 11 04:32 top.o
drwxrwxr-x   3 travis travis 57344 Jun 11 04:34 UnaryMathFunction
All Done
Writing ModularCodeGen_ModularCodeGenTypedCompositeActor.java in file:/home/travis/cg/ (10970 characters)
Reading "ptolemy/cg/kernel/generic/program/procedural/java/modular/makefile.in",
    writing "/home/travis/cg/ModularCodeGen_ModularCodeGenTypedCompositeActor.mk"
Using ptolemy/cg/kernel/generic/program/procedural/java/modular/makefile.in
In "/home/travis/cg", about to execute:
    make -f ModularCodeGen_ModularCodeGenTypedCompositeActor.mk
javac -classpath ".:.."    ModularCodeGen_ModularCodeGenTypedCompositeActor.java
All Done
2123 ms. Memory: 170496K Free: 75011K (44%)
----------------- Invoking toplevel() on ptolemy.moml.MoMLSimpleApplication@42373efe
----------------- Done invoking toplevel() on ptolemy.moml.MoMLSimpleApplication@42373efe
reloadAllAccessors: .ModularCodeGen

===========================================================================================
----------------- testing Tue Jun 11 04:37:58 UTC 2019 /home/travis/build/icyphy/ptII/ptolemy/cg/lib/test/auto/ModularCodeGen2.xml
----------------- Instantiating /home/travis/build/icyphy/ptII/ptolemy/cg/lib/test/auto/ModularCodeGen2.xml
In "/home/travis/cg", about to execute:
    pwd
In "/home/travis/cg", about to execute:
    ls -l
/home/travis/cg
In "/home/travis/cg", about to execute:
    javac -classpath
.:/home/travis/build/icyphy/ptII:/home/travis/build/icyphy/ptII/lib/bsh-2.0b4.j
ar:/home/travis/build/icyphy/ptII/lib/ptCal.jar:/home/travis/build/icyphy/ptII/
lib/java_cup.jar:/home/travis/build/icyphy/ptII/lib/saxon8.jar:/home/travis/bui
ld/icyphy/ptII/lib/saxon8-dom.jar:/home/travis/build/icyphy/ptII/lib/chic.jar:/
home/travis/build/icyphy/ptII/lib/ptcolt.jar:/usr/lib/jvm/java-8-oracle/lib/too
ls.jar:/home/travis/build/icyphy/ptII/vendors/misc/itext/iText.jar:/home/travis
/build/icyphy/ptII/lib/g4ltl.jar:/home/travis/build/icyphy/ptII/lib/StructuralC
oder.jar:/home/travis/build/icyphy/ptII/vendors/jai-1_1_2_01/lib/jai_core.jar:/
home/travis/build/icyphy/ptII/vendors/jai-1_1_2_01/lib/jai_codec.jar:/home/trav
is/build/icyphy/ptII/lib/jcerti.jar:/home/travis/build/icyphy/ptII/lib/javax.ma
il.jar:/home/travis/build/icyphy/ptII/vendors/JMF-2.1.1e/lib/jmf.jar:/home/trav
is/build/icyphy/ptII/lib/jna-4.0.0-variadic.jar:/home/travis/build/icyphy/ptII/
vendors/misc/joystick/Joystick.jar:/home/travis/build/icyphy/ptII/lib/ptjacl.ja
r:/home/travis/build/icyphy/ptII/lib/jsoup-1.8.2.jar:/home/travis/build/icyphy/
ptII/lib/junit-4.8.2.jar:/home/travis/build/icyphy/ptII/lib/JUnitParams-0.4.0.j
ar:/home/travis/build/icyphy/ptII/ptolemy/actor/lib/excel/jxl.jar:/home/travis/
build/icyphy/ptII/lib/jython.jar:/home/travis/build/icyphy/ptII/lib/kieler.jar:
/home/travis/build/icyphy/ptII/vendors/opencv/share/OpenCV/java/opencv-341.jar:
/home/travis/build/icyphy/ptII/lib/oscP5.jar:/home/travis/build/icyphy/ptII/lib
/nrjavaserial-3.11.0.devel.jar:/home/travis/build/icyphy/ptII/vendors/j3d/lib/j
3dcore.jar:/home/travis/build/icyphy/ptII/vendors/j3d/lib/j3dutils.jar:/home/tr
avis/build/icyphy/ptII/vendors/j3d/lib/vecmath.jar:/home/travis/build/icyphy/pt
II/ptolemy/distributed/jini/jar/jini-core.jar:/home/travis/build/icyphy/ptII/pt
olemy/distributed/jini/jar/jini-ext.jar:/home/travis/build/icyphy/ptII/ptolemy/
distributed/jini/jar/sun-util.jar:/home/travis/build/icyphy/ptII/lib/protobuf-j
ava-2.4.1.jar:/home/travis/build/icyphy/ptII/lib/org.eclipse.paho.client.mqttv3
.jar:/home/travis/build/icyphy/ptII/lib/mapss.jar:/home/travis/build/icyphy/ptI
I/ptolemy/actor/ptalon/antlr/antlr.jar:/home/travis/build/icyphy/ptII/lib/JRI.j
ar:/home/travis/build/icyphy/ptII/lib/commons-lang-2.6.jar:/home/travis/build/i
cyphy/ptII/lib/commons-logging-1.1.1.jar:/home/travis/build/icyphy/ptII/lib/soo
tclasses.jar:/home/travis/build/icyphy/ptII/ptolemy/actor/lib/database/mysql-co
nnector-java-5.1.6-bin.jar:/home/travis/build/icyphy/ptII/vendors/misc/sphinx4/
sphinx4-data-5prealpha.jar:/home/travis/build/icyphy/ptII/vendors/misc/sphinx4/
sphinx4-core-5prealpha.jar:/home/travis/build/icyphy/ptII/lib/PDFRenderer.jar:/
home/travis/build/icyphy/ptII/lib/svgSalamander.jar:/home/travis/build/icyphy/p
tII/lib/rsyntaxtextarea-2.6.0-SNAPSHOT.jar:/home/travis/build/icyphy/ptII/lib/h
azelcast-3.8.2.jar:/home/travis/build/icyphy/ptII/lib/jackson-annotations-2.9.0
.jar:/home/travis/build/icyphy/ptII/lib/jackson-core-2.9.3.jar:/home/travis/bui
ld/icyphy/ptII/lib/jackson-databind-2.9.3.jar:/home/travis/build/icyphy/ptII/li
b/netty-buffer-4.1.19.Final.jar:/home/travis/build/icyphy/ptII/lib/netty-codec-
4.1.19.Final.jar:/home/travis/build/icyphy/ptII/lib/netty-codec-dns-4.1.19.Fina
l.jar:/home/travis/build/icyphy/ptII/lib/netty-codec-http-4.1.19.Final.jar:/hom
e/travis/build/icyphy/ptII/lib/netty-codec-http2-4.1.19.Final.jar:/home/travis/
build/icyphy/ptII/lib/netty-common-4.1.19.Final.jar:/home/travis/build/icyphy/p
tII/lib/netty-handler-4.1.19.Final.jar:/home/travis/build/icyphy/ptII/lib/netty
-resolver-4.1.19.Final.jar:/home/travis/build/icyphy/ptII/lib/netty-resolver-dn
s-4.1.19.Final.jar:/home/travis/build/icyphy/ptII/lib/netty-transport-4.1.19.Fi
nal.jar:/home/travis/build/icyphy/ptII/lib/vertx-codegen-3.5.1.jar:/home/travis
/build/icyphy/ptII/lib/vertx-core-3.5.2-SNAPSHOT.jar:/home/travis/build/icyphy/
ptII/lib/vertx-hazelcast-3.5.1.jar:/home/travis/build/icyphy/ptII/lib/vertx-lan
g-js-3.5.1.jar:/home/travis/build/icyphy/ptII/lib/vertx-service-proxy-3.5.1.jar
:/home/travis/build/icyphy/ptII/lib/vertx-web-3.5.1.jar:/home/travis/build/icyp
hy/ptII/lib/slf4j-api-1.7.13.jar:/home/travis/build/icyphy/ptII/lib/slf4j-simpl
e-1.7.13.jar:/home/travis/build/icyphy/ptII/lib/webcam-capture-0.3.12.jar:/home
/travis/build/icyphy/ptII/lib/bridj-0.7.0.jar:/home/travis/build/icyphy/ptII/li
b/xbjlib-1.1.0.nrjavaserial.jar:/home/travis/build/icyphy/ptII/ptolemy/moml/tes
t:/home/travis/build/icyphy/ptII/ant/lib/ant-launcher.jar:/home/travis/build/ic
yphy/ptII/ant/lib/ant.jar:/home/travis/build/icyphy/ptII/ant/lib/ant-junit.jar:
/home/travis/build/icyphy/ptII/ant/lib/ant-junit4.jar:/home/travis/build/icyphy
/ptII
ModularCodeGen2_ModularCodeGenTypedCompositeActor_ModularCodeGenTypedCompositeA
ctor_profile.java
total 1300
drwxrwxr-x   3 travis travis 12288 Jun 11 04:33 AbsoluteValue
drwxrwxr-x   3 travis travis 16384 Jun 11 04:33 Case1
drwxrwxr-x   3 travis travis 32768 Jun 11 04:33 Case2
-rw-rw-r--   1 travis travis  4895 Jun 11 04:37 CompiledCompositeActor_CompiledCompositeActor.class
-rw-rw-r--   1 travis travis  1592 Jun 11 04:37 CompiledCompositeActor_CompiledCompositeActor$_CompiledCompositeActor_CompiledCompositeActor.class
-rw-rw-r--   1 travis travis 13466 Jun 11 04:37 CompiledCompositeActor_CompiledCompositeActor.java
-rw-rw-r--   1 travis travis  1593 Jun 11 04:37 CompiledCompositeActor_CompiledCompositeActor.mk
drwxrwxr-x   3 travis travis 24576 Jun 11 04:35 DeScrambler
drwxrwxr-x   3 travis travis 16384 Jun 11 04:36 DotProduct
drwxrwxr-x   3 travis travis 12288 Jun 11 04:33 FileWriter1
drwxrwxr-x   3 travis travis 20480 Jun 11 04:32 FixToDoubleAndBack
drwxrwxr-x   3 travis travis 16384 Jun 11 04:33 Gaussian1
drwxrwxr-x   3 travis travis 20480 Jun 11 04:33 Gaussian2
-rw-rw-r--   1 travis travis  4457 Jun 11 04:37 JavaCompiledCompositeTest1_CompiledCompositeActor.class
-rw-rw-r--   1 travis travis 11637 Jun 11 04:37 JavaCompiledCompositeTest1_CompiledCompositeActor.java
-rw-rw-r--   1 travis travis  1198 Jun 11 04:37 JavaCompiledCompositeTest1_CompiledCompositeActor$_JavaCompiledCompositeTest1_CompiledCompositeActor.class
-rw-rw-r--   1 travis travis  1625 Jun 11 04:37 JavaCompiledCompositeTest1_CompiledCompositeActor.mk
-rw-rw-r--   1 travis travis  4888 Jun 11 04:37 JavaCompiledCompositeTest2_CompiledCompositeActor.class
-rw-rw-r--   1 travis travis 14919 Jun 11 04:37 JavaCompiledCompositeTest2_CompiledCompositeActor.java
-rw-rw-r--   1 travis travis  1793 Jun 11 04:37 JavaCompiledCompositeTest2_CompiledCompositeActor$_JavaCompiledCompositeTest2_CompiledCompositeActor.class
-rw-rw-r--   1 travis travis  1625 Jun 11 04:37 JavaCompiledCompositeTest2_CompiledCompositeActor.mk
-rw-rw-r--   1 travis travis  4505 Jun 11 04:37 JavaCompiledCompositeTest3_CompiledCompositeActor.class
-rw-rw-r--   1 travis travis 13080 Jun 11 04:37 JavaCompiledCompositeTest3_CompiledCompositeActor.java
-rw-rw-r--   1 travis travis  1378 Jun 11 04:37 JavaCompiledCompositeTest3_CompiledCompositeActor$_JavaCompiledCompositeTest3_CompiledCompositeActor.class
-rw-rw-r--   1 travis travis  1625 Jun 11 04:37 JavaCompiledCompositeTest3_CompiledCompositeActor.mk
-rw-rw-r--   1 travis travis  3953 Jun 11 04:37 JavaCompiledCompositeTest4_CompiledCompositeActor.class
-rw-rw-r--   1 travis travis  9687 Jun 11 04:37 JavaCompiledCompositeTest4_CompiledCompositeActor.java
-rw-rw-r--   1 travis travis   857 Jun 11 04:37 JavaCompiledCompositeTest4_CompiledCompositeActor$_JavaCompiledCompositeTest4_CompiledCompositeActor.class
-rw-rw-r--   1 travis travis  1625 Jun 11 04:37 JavaCompiledCompositeTest4_CompiledCompositeActor.mk
drwxrwxr-x   3 travis travis 12288 Jun 11 04:33 LookupTable
drwxrwxr-x   3 travis travis 20480 Jun 11 04:34 MaxIndex
-rw-rw-r--   1 travis travis  3693 Jun 11 04:37 ModularCG_A1_B1.class
-rw-rw-r--   1 travis travis  9730 Jun 11 04:37 ModularCG_A1_B1.java
-rw-rw-r--   1 travis travis   832 Jun 11 04:37 ModularCG_A1_B1.mk
-rw-rw-r--   1 travis travis  1318 Jun 11 04:37 ModularCG_A1_B1_profile.class
-rw-rw-r--   1 travis travis  1262 Jun 11 04:37 ModularCG_A1_B1_profile.java
-rw-rw-r--   1 travis travis  3693 Jun 11 04:37 ModularCG_A1_B2.class
-rw-rw-r--   1 travis travis  9730 Jun 11 04:37 ModularCG_A1_B2.java
-rw-rw-r--   1 travis travis   832 Jun 11 04:37 ModularCG_A1_B2.mk
-rw-rw-r--   1 travis travis  1318 Jun 11 04:37 ModularCG_A1_B2_profile.class
-rw-rw-r--   1 travis travis  1262 Jun 11 04:37 ModularCG_A1_B2_profile.java
-rw-rw-r--   1 travis travis  4799 Jun 11 04:37 ModularCG_A1.class
-rw-rw-r--   1 travis travis 14742 Jun 11 04:37 ModularCG_A1.java
-rw-rw-r--   1 travis travis   808 Jun 11 04:37 ModularCG_A1.mk
-rw-rw-r--   1 travis travis  1433 Jun 11 04:37 ModularCG_A1_profile.class
-rw-rw-r--   1 travis travis  1704 Jun 11 04:37 ModularCG_A1_profile.java
-rw-rw-r--   1 travis travis  3827 Jun 11 04:37 ModularCG_A2_B1.class
-rw-rw-r--   1 travis travis 10667 Jun 11 04:37 ModularCG_A2_B1.java
-rw-rw-r--   1 travis travis   832 Jun 11 04:37 ModularCG_A2_B1.mk
-rw-rw-r--   1 travis travis  1381 Jun 11 04:37 ModularCG_A2_B1_profile.class
-rw-rw-r--   1 travis travis  1446 Jun 11 04:37 ModularCG_A2_B1_profile.java
-rw-rw-r--   1 travis travis  3693 Jun 11 04:37 ModularCG_A2_B2.class
-rw-rw-r--   1 travis travis  9730 Jun 11 04:37 ModularCG_A2_B2.java
-rw-rw-r--   1 travis travis   832 Jun 11 04:37 ModularCG_A2_B2.mk
-rw-rw-r--   1 travis travis  1318 Jun 11 04:37 ModularCG_A2_B2_profile.class
-rw-rw-r--   1 travis travis  1262 Jun 11 04:37 ModularCG_A2_B2_profile.java
-rw-rw-r--   1 travis travis  4870 Jun 11 04:37 ModularCG_A2.class
-rw-rw-r--   1 travis travis 15129 Jun 11 04:37 ModularCG_A2.java
-rw-rw-r--   1 travis travis   808 Jun 11 04:37 ModularCG_A2.mk
-rw-rw-r--   1 travis travis  1433 Jun 11 04:37 ModularCG_A2_profile.class
-rw-rw-r--   1 travis travis  1704 Jun 11 04:37 ModularCG_A2_profile.java
-rw-rw-r--   1 travis travis  3473 Jun 11 04:37 ModularCGPubSub_A1_A2.class
-rw-rw-r--   1 travis travis  9076 Jun 11 04:37 ModularCGPubSub_A1_A2.java
-rw-rw-r--   1 travis travis   880 Jun 11 04:37 ModularCGPubSub_A1_A2.mk
-rw-rw-r--   1 travis travis  1300 Jun 11 04:37 ModularCGPubSub_A1_A2_profile.class
-rw-rw-r--   1 travis travis  1222 Jun 11 04:37 ModularCGPubSub_A1_A2_profile.java
-rw-rw-r--   1 travis travis  3790 Jun 11 04:37 ModularCGPubSub_A1.class
-rw-rw-r--   1 travis travis  9836 Jun 11 04:37 ModularCGPubSub_A1.java
-rw-rw-r--   1 travis travis   856 Jun 11 04:37 ModularCGPubSub_A1.mk
-rw-rw-r--   1 travis travis  1346 Jun 11 04:37 ModularCGPubSub_A1_profile.class
-rw-rw-r--   1 travis travis  1388 Jun 11 04:37 ModularCGPubSub_A1_profile.java
-rw-rw-r--   1 travis travis  1294 Jun 11 04:37 ModularCodeGen2_ModularCodeGenTypedCompositeActor_ModularCodeGenTypedCompositeActor_profile.java
-rw-rw-r--   1 travis travis  3954 Jun 11 04:37 ModularCodeGen_ModularCodeGenTypedCompositeActor.class
-rw-rw-r--   1 travis travis 10970 Jun 11 04:37 ModularCodeGen_ModularCodeGenTypedCompositeActor.java
-rw-rw-r--   1 travis travis  1096 Jun 11 04:37 ModularCodeGen_ModularCodeGenTypedCompositeActor.mk
-rw-rw-r--   1 travis travis  1384 Jun 11 04:37 ModularCodeGen_ModularCodeGenTypedCompositeActor_profile.class
-rw-rw-r--   1 travis travis  1328 Jun 11 04:37 ModularCodeGen_ModularCodeGenTypedCompositeActor_profile.java
-rw-rw-r--   1 travis travis  3492 Jun 11 04:37 ModularCodeGenTest_A1_A2.class
-rw-rw-r--   1 travis travis   904 Jun 11 04:37 ModularCodeGenTest_A1_A2.mk
-rw-rw-r--   1 travis travis  1306 Jun 11 04:37 ModularCodeGenTest_A1_A2_profile.class
-rw-rw-r--   1 travis travis  3823 Jun 11 04:37 ModularCodeGenTest_A1.class
-rw-rw-r--   1 travis travis  9968 Jun 11 04:37 ModularCodeGenTest_A1.java
-rw-rw-r--   1 travis travis   880 Jun 11 04:37 ModularCodeGenTest_A1.mk
-rw-rw-r--   1 travis travis  1352 Jun 11 04:37 ModularCodeGenTest_A1_profile.class
-rw-rw-r--   1 travis travis  1394 Jun 11 04:37 ModularCodeGenTest_A1_profile.java
drwxrwxr-x   3 travis travis 36864 Jun 11 04:37 modulation2
drwxrwxr-x   3 travis travis 20480 Jun 11 04:34 Multiplexor
drwxrwxr-x 242 travis travis 12288 Jun 11 04:37 node_modules
drwxrwxr-x   3 travis travis 20480 Jun 11 04:34 PhaseUnwrap
-rw-rw-r--   1 travis travis   520 Jun 11 04:37 Repeat$_fireFunction_Repeat_Repeat$__f_sL_0.class
-rw-rw-r--   1 travis travis   522 Jun 11 04:37 Repeat$_fireFunction_Repeat_Repeat$__f_sL_10.class
-rw-rw-r--   1 travis travis   666 Jun 11 04:37 Repeat$_fireFunction_Repeat_Repeat$__f_sL_11.class
-rw-rw-r--   1 travis travis   522 Jun 11 04:37 Repeat$_fireFunction_Repeat_Repeat$__f_sL_13.class
-rw-rw-r--   1 travis travis   665 Jun 11 04:37 Repeat$_fireFunction_Repeat_Repeat$__f_sL_1.class
-rw-rw-r--   1 travis travis   520 Jun 11 04:37 Repeat$_fireFunction_Repeat_Repeat$__f_sL_2.class
-rw-rw-r--   1 travis travis   520 Jun 11 04:37 Repeat$_fireFunction_Repeat_Repeat$__f_sL_3.class
-rw-rw-r--   1 travis travis   520 Jun 11 04:37 Repeat$_fireFunction_Repeat_Repeat$__f_sL_5.class
-rw-rw-r--   1 travis travis   671 Jun 11 04:37 Repeat$_fireFunction_Repeat_Repeat$__f_sL_7.class
-rw-rw-r--   1 travis travis   520 Jun 11 04:37 Repeat$_fireFunction_Repeat_Repeat$__f_sL_9.class
-rw-rw-r--   1 travis travis   813 Jun 11 04:37 Repeat$_initialize_Repeat.class
-rw-rw-r--   1 travis travis   475 Jun 11 04:37 Repeat$_initialize_Repeat$__i_sL_0.class
-rw-rw-r--   1 travis travis   519 Jun 11 04:37 Repeat$_initialize_Repeat$__i_sL_3.class
-rw-rw-r--   1 travis travis 39778 Jun 11 04:37 Repeat.java
-rw-rw-r--   1 travis travis  1281 Jun 11 04:37 Repeat.mk
-rw-rw-r--   1 travis travis   520 Jun 11 04:37 Repeat$_preinitializeMethod_Repeat$__p_sL_0.class
-rw-rw-r--   1 travis travis   520 Jun 11 04:37 Repeat$_preinitializeMethod_Repeat$__p_sL_1.class
-rw-rw-r--   1 travis travis  1083 Jun 11 04:37 Repeat$_Repeat$_fireFunction_Repeat_AddSubtract_Repeat.class
-rw-rw-r--   1 travis travis   791 Jun 11 04:37 Repeat$_Repeat$_fireFunction_Repeat_AddSubtract_Repeat$__f_sL_0.class
-rw-rw-r--   1 travis travis   909 Jun 11 04:37 Repeat$_Repeat$_fireFunction_Repeat_AddSubtract_Repeat$__f_sL_1.class
-rw-rw-r--   1 travis travis   915 Jun 11 04:37 Repeat$_Repeat$_fireFunction_Repeat_AddSubtract_Repeat$__f_sL_2.class
-rw-rw-r--   1 travis travis   838 Jun 11 04:37 Repeat$_Repeat$_fireFunction_Repeat_Ramp2_Repeat$__f_sL_1.class
-rw-rw-r--   1 travis travis  1785 Jun 11 04:37 Repeat$_Repeat$_fireFunction_Repeat_Test_Repeat$__f_sL_2.class
-rw-rw-r--   1 travis travis   685 Jun 11 04:37 Repeat$_Repeat_SDF_Director_run_Repeat$__R_sL_0.class
-rw-rw-r--   1 travis travis   540 Jun 11 04:37 Repeat$_Repeat_SDF_Director_run_Repeat$__R_sL_1.class
-rw-rw-r--   1 travis travis   540 Jun 11 04:37 Repeat$_Repeat_SDF_Director_run_Repeat$__R_sL_2.class
-rw-rw-r--   1 travis travis   540 Jun 11 04:37 Repeat$_Repeat_SDF_Director_run_Repeat$__R_sL_4.class
-rw-rw-r--   1 travis travis   540 Jun 11 04:37 Repeat$_Repeat_SDF_Director_run_Repeat$__R_sL_5.class
-rw-rw-r--   1 travis travis   691 Jun 11 04:37 Repeat$_Repeat_SDF_Director_run_Repeat$__R_sL_6.class
-rw-rw-r--   1 travis travis   540 Jun 11 04:37 Repeat$_Repeat_SDF_Director_run_Repeat$__R_sL_7.class
-rw-rw-r--   1 travis travis   863 Jun 11 04:37 Repeat$_varinit_Repeat.class
-rw-rw-r--   1 travis travis   530 Jun 11 04:37 Repeat$_varinit_Repeat$__v_sL_1.class
-rw-rw-r--   1 travis travis   531 Jun 11 04:37 Repeat$_varinit_Repeat$__v_sL_2.class
-rw-rw-r--   1 travis travis   905 Jun 11 04:37 Repeat$_varinit_Repeat$__v_sL_4.class
-rw-rw-r--   1 travis travis   635 Jun 11 04:37 Repeat$_wrapup_Repeat.class
-rw-rw-r--   1 travis travis   965 Jun 11 04:37 Repeat$_wrapup_Repeat$__w_sL_1.class
-rw-rw-r--   1 travis travis   289 Jun 11 04:32 result.csv
drwxrwxr-x   3 travis travis 12288 Jun 11 04:35 Scrambler1
drwxrwxr-x   3 travis travis 20480 Jun 11 04:34 Sinewave2
drwxrwxr-x   3 travis travis 69632 Jun 11 04:35 StringCompare
drwxrwxr-x   3 travis travis 32768 Jun 11 04:35 StringFunction
drwxrwxr-x   3 travis travis 12288 Jun 11 04:35 StringLength
drwxrwxr-x   3 travis travis 57344 Jun 11 04:36 StringSimpleReplace
drwxrwxr-x   3 travis travis 12288 Jun 11 04:37 time2
drwxrwxr-x   3 travis travis 12288 Jun 11 04:37 time5
-rw-rw-r--   1 travis travis   432 Jun 11 04:37 Token.class
-rw-rw-r--   1 travis travis   251 Jun 11 04:37 Token.java
-rw-rw-r--   1 travis travis     0 Jun 11 04:37 top.
-rw-rw-r--   1 travis travis 20502 Jun 11 04:32 top.c
-rw-rw-r--   1 travis travis  3567 Jun 11 04:37 top.class
-rw-rw-r--   1 travis travis   169 Jun 11 04:32 top.html
-rw-rw-r--   1 travis travis  7552 Jun 11 04:37 top.java
-rw-rw-r--   1 travis travis 38888 Jun 11 04:32 top.o
drwxrwxr-x   3 travis travis 57344 Jun 11 04:34 UnaryMathFunction
All Done
Writing ModularCodeGen2_ModularCodeGenTypedCompositeActor_ModularCodeGenTypedCompositeActor.java in file:/home/travis/cg/ (11790 characters)
Reading "ptolemy/cg/kernel/generic/program/procedural/java/modular/makefile.in",
    writing "/home/travis/cg/ModularCodeGen2_ModularCodeGenTypedCompositeActor_ModularCodeGenTypedCompositeActor.mk"
Using ptolemy/cg/kernel/generic/program/procedural/java/modular/makefile.in
In "/home/travis/cg", about to execute:
    make -f
ModularCodeGen2_ModularCodeGenTypedCompositeActor_ModularCodeGenTypedCompositeA
ctor.mk
javac -classpath ".:.."    ModularCodeGen2_ModularCodeGenTypedCompositeActor_ModularCodeGenTypedCompositeActor.java
All Done
In "/home/travis/cg", about to execute:
    pwd
/home/travis/cg
In "/home/travis/cg", about to execute:
    ls -l
total 1332
drwxrwxr-x   3 travis travis 12288 Jun 11 04:33 AbsoluteValue
drwxrwxr-x   3 travis travis 16384 Jun 11 04:33 Case1
drwxrwxr-x   3 travis travis 32768 Jun 11 04:33 Case2
-rw-rw-r--   1 travis travis  4895 Jun 11 04:37 CompiledCompositeActor_CompiledCompositeActor.class
-rw-rw-r--   1 travis travis  1592 Jun 11 04:37 CompiledCompositeActor_CompiledCompositeActor$_CompiledCompositeActor_CompiledCompositeActor.class
-rw-rw-r--   1 travis travis 13466 Jun 11 04:37 CompiledCompositeActor_CompiledCompositeActor.java
-rw-rw-r--   1 travis travis  1593 Jun 11 04:37 CompiledCompositeActor_CompiledCompositeActor.mk
drwxrwxr-x   3 travis travis 24576 Jun 11 04:35 DeScrambler
drwxrwxr-x   3 travis travis 16384 Jun 11 04:36 DotProduct
drwxrwxr-x   3 travis travis 12288 Jun 11 04:33 FileWriter1
drwxrwxr-x   3 travis travis 20480 Jun 11 04:32 FixToDoubleAndBack
drwxrwxr-x   3 travis travis 16384 Jun 11 04:33 Gaussian1
drwxrwxr-x   3 travis travis 20480 Jun 11 04:33 Gaussian2
-rw-rw-r--   1 travis travis  4457 Jun 11 04:37 JavaCompiledCompositeTest1_CompiledCompositeActor.class
-rw-rw-r--   1 travis travis 11637 Jun 11 04:37 JavaCompiledCompositeTest1_CompiledCompositeActor.java
-rw-rw-r--   1 travis travis  1198 Jun 11 04:37 JavaCompiledCompositeTest1_CompiledCompositeActor$_JavaCompiledCompositeTest1_CompiledCompositeActor.class
-rw-rw-r--   1 travis travis  1625 Jun 11 04:37 JavaCompiledCompositeTest1_CompiledCompositeActor.mk
-rw-rw-r--   1 travis travis  4888 Jun 11 04:37 JavaCompiledCompositeTest2_CompiledCompositeActor.class
-rw-rw-r--   1 travis travis 14919 Jun 11 04:37 JavaCompiledCompositeTest2_CompiledCompositeActor.java
-rw-rw-r--   1 travis travis  1793 Jun 11 04:37 JavaCompiledCompositeTest2_CompiledCompositeActor$_JavaCompiledCompositeTest2_CompiledCompositeActor.class
-rw-rw-r--   1 travis travis  1625 Jun 11 04:37 JavaCompiledCompositeTest2_CompiledCompositeActor.mk
-rw-rw-r--   1 travis travis  4505 Jun 11 04:37 JavaCompiledCompositeTest3_CompiledCompositeActor.class
-rw-rw-r--   1 travis travis 13080 Jun 11 04:37 JavaCompiledCompositeTest3_CompiledCompositeActor.java
-rw-rw-r--   1 travis travis  1378 Jun 11 04:37 JavaCompiledCompositeTest3_CompiledCompositeActor$_JavaCompiledCompositeTest3_CompiledCompositeActor.class
-rw-rw-r--   1 travis travis  1625 Jun 11 04:37 JavaCompiledCompositeTest3_CompiledCompositeActor.mk
-rw-rw-r--   1 travis travis  3953 Jun 11 04:37 JavaCompiledCompositeTest4_CompiledCompositeActor.class
-rw-rw-r--   1 travis travis  9687 Jun 11 04:37 JavaCompiledCompositeTest4_CompiledCompositeActor.java
-rw-rw-r--   1 travis travis   857 Jun 11 04:37 JavaCompiledCompositeTest4_CompiledCompositeActor$_JavaCompiledCompositeTest4_CompiledCompositeActor.class
-rw-rw-r--   1 travis travis  1625 Jun 11 04:37 JavaCompiledCompositeTest4_CompiledCompositeActor.mk
drwxrwxr-x   3 travis travis 12288 Jun 11 04:33 LookupTable
drwxrwxr-x   3 travis travis 20480 Jun 11 04:34 MaxIndex
-rw-rw-r--   1 travis travis  3693 Jun 11 04:37 ModularCG_A1_B1.class
-rw-rw-r--   1 travis travis  9730 Jun 11 04:37 ModularCG_A1_B1.java
-rw-rw-r--   1 travis travis   832 Jun 11 04:37 ModularCG_A1_B1.mk
-rw-rw-r--   1 travis travis  1318 Jun 11 04:37 ModularCG_A1_B1_profile.class
-rw-rw-r--   1 travis travis  1262 Jun 11 04:37 ModularCG_A1_B1_profile.java
-rw-rw-r--   1 travis travis  3693 Jun 11 04:37 ModularCG_A1_B2.class
-rw-rw-r--   1 travis travis  9730 Jun 11 04:37 ModularCG_A1_B2.java
-rw-rw-r--   1 travis travis   832 Jun 11 04:37 ModularCG_A1_B2.mk
-rw-rw-r--   1 travis travis  1318 Jun 11 04:37 ModularCG_A1_B2_profile.class
-rw-rw-r--   1 travis travis  1262 Jun 11 04:37 ModularCG_A1_B2_profile.java
-rw-rw-r--   1 travis travis  4799 Jun 11 04:37 ModularCG_A1.class
-rw-rw-r--   1 travis travis 14742 Jun 11 04:37 ModularCG_A1.java
-rw-rw-r--   1 travis travis   808 Jun 11 04:37 ModularCG_A1.mk
-rw-rw-r--   1 travis travis  1433 Jun 11 04:37 ModularCG_A1_profile.class
-rw-rw-r--   1 travis travis  1704 Jun 11 04:37 ModularCG_A1_profile.java
-rw-rw-r--   1 travis travis  3827 Jun 11 04:37 ModularCG_A2_B1.class
-rw-rw-r--   1 travis travis 10667 Jun 11 04:37 ModularCG_A2_B1.java
-rw-rw-r--   1 travis travis   832 Jun 11 04:37 ModularCG_A2_B1.mk
-rw-rw-r--   1 travis travis  1381 Jun 11 04:37 ModularCG_A2_B1_profile.class
-rw-rw-r--   1 travis travis  1446 Jun 11 04:37 ModularCG_A2_B1_profile.java
-rw-rw-r--   1 travis travis  3693 Jun 11 04:37 ModularCG_A2_B2.class
-rw-rw-r--   1 travis travis  9730 Jun 11 04:37 ModularCG_A2_B2.java
-rw-rw-r--   1 travis travis   832 Jun 11 04:37 ModularCG_A2_B2.mk
-rw-rw-r--   1 travis travis  1318 Jun 11 04:37 ModularCG_A2_B2_profile.class
-rw-rw-r--   1 travis travis  1262 Jun 11 04:37 ModularCG_A2_B2_profile.java
-rw-rw-r--   1 travis travis  4870 Jun 11 04:37 ModularCG_A2.class
-rw-rw-r--   1 travis travis 15129 Jun 11 04:37 ModularCG_A2.java
-rw-rw-r--   1 travis travis   808 Jun 11 04:37 ModularCG_A2.mk
-rw-rw-r--   1 travis travis  1433 Jun 11 04:37 ModularCG_A2_profile.class
-rw-rw-r--   1 travis travis  1704 Jun 11 04:37 ModularCG_A2_profile.java
-rw-rw-r--   1 travis travis  3473 Jun 11 04:37 ModularCGPubSub_A1_A2.class
-rw-rw-r--   1 travis travis  9076 Jun 11 04:37 ModularCGPubSub_A1_A2.java
-rw-rw-r--   1 travis travis   880 Jun 11 04:37 ModularCGPubSub_A1_A2.mk
-rw-rw-r--   1 travis travis  1300 Jun 11 04:37 ModularCGPubSub_A1_A2_profile.class
-rw-rw-r--   1 travis travis  1222 Jun 11 04:37 ModularCGPubSub_A1_A2_profile.java
-rw-rw-r--   1 travis travis  3790 Jun 11 04:37 ModularCGPubSub_A1.class
-rw-rw-r--   1 travis travis  9836 Jun 11 04:37 ModularCGPubSub_A1.java
-rw-rw-r--   1 travis travis   856 Jun 11 04:37 ModularCGPubSub_A1.mk
-rw-rw-r--   1 travis travis  1346 Jun 11 04:37 ModularCGPubSub_A1_profile.class
-rw-rw-r--   1 travis travis  1388 Jun 11 04:37 ModularCGPubSub_A1_profile.java
-rw-rw-r--   1 travis travis  4272 Jun 11 04:38 ModularCodeGen2_ModularCodeGenTypedCompositeActor_ModularCodeGenTypedCompositeActor.class
-rw-rw-r--   1 travis travis 11790 Jun 11 04:37 ModularCodeGen2_ModularCodeGenTypedCompositeActor_ModularCodeGenTypedCompositeActor.java
-rw-rw-r--   1 travis travis  1376 Jun 11 04:37 ModularCodeGen2_ModularCodeGenTypedCompositeActor_ModularCodeGenTypedCompositeActor.mk
-rw-rw-r--   1 travis travis  1421 Jun 11 04:37 ModularCodeGen2_ModularCodeGenTypedCompositeActor_ModularCodeGenTypedCompositeActor_profile.class
-rw-rw-r--   1 travis travis  1294 Jun 11 04:37 ModularCodeGen2_ModularCodeGenTypedCompositeActor_ModularCodeGenTypedCompositeActor_profile.java
-rw-rw-r--   1 travis travis   693 Jun 11 04:38 ModularCodeGen2_ModularCodeGenTypedCompositeActor_profile.java
-rw-rw-r--   1 travis travis  3954 Jun 11 04:37 ModularCodeGen_ModularCodeGenTypedCompositeActor.class
-rw-rw-r--   1 travis travis 10970 Jun 11 04:37 ModularCodeGen_ModularCodeGenTypedCompositeActor.java
-rw-rw-r--   1 travis travis  1096 Jun 11 04:37 ModularCodeGen_ModularCodeGenTypedCompositeActor.mk
-rw-rw-r--   1 travis travis  1384 Jun 11 04:37 ModularCodeGen_ModularCodeGenTypedCompositeActor_profile.class
-rw-rw-r--   1 travis travis  1328 Jun 11 04:37 ModularCodeGen_ModularCodeGenTypedCompositeActor_profile.java
-rw-rw-r--   1 travis travis  3492 Jun 11 04:37 ModularCodeGenTest_A1_A2.class
-rw-rw-r--   1 travis travis   904 Jun 11 04:37 ModularCodeGenTest_A1_A2.mk
-rw-rw-r--   1 travis travis  1306 Jun 11 04:37 ModularCodeGenTest_A1_A2_profile.class
-rw-rw-r--   1 travis travis  3823 Jun 11 04:37 ModularCodeGenTest_A1.class
-rw-rw-r--   1 travis travis  9968 Jun 11 04:37 ModularCodeGenTest_A1.java
-rw-rw-r--   1 travis travis   880 Jun 11 04:37 ModularCodeGenTest_A1.mk
-rw-rw-r--   1 travis travis  1352 Jun 11 04:37 ModularCodeGenTest_A1_profile.class
-rw-rw-r--   1 travis travis  1394 Jun 11 04:37 ModularCodeGenTest_A1_profile.java
drwxrwxr-x   3 travis travis 36864 Jun 11 04:37 modulation2
drwxrwxr-x   3 travis travis 20480 Jun 11 04:34 Multiplexor
drwxrwxr-x 242 travis travis 12288 Jun 11 04:37 node_modules
drwxrwxr-x   3 travis travis 20480 Jun 11 04:34 PhaseUnwrap
-rw-rw-r--   1 travis travis   520 Jun 11 04:37 Repeat$_fireFunction_Repeat_Repeat$__f_sL_0.class
-rw-rw-r--   1 travis travis   522 Jun 11 04:37 Repeat$_fireFunction_Repeat_Repeat$__f_sL_10.class
-rw-rw-r--   1 travis travis   666 Jun 11 04:37 Repeat$_fireFunction_Repeat_Repeat$__f_sL_11.class
-rw-rw-r--   1 travis travis   522 Jun 11 04:37 Repeat$_fireFunction_Repeat_Repeat$__f_sL_13.class
-rw-rw-r--   1 travis travis   665 Jun 11 04:37 Repeat$_fireFunction_Repeat_Repeat$__f_sL_1.class
-rw-rw-r--   1 travis travis   520 Jun 11 04:37 Repeat$_fireFunction_Repeat_Repeat$__f_sL_2.class
-rw-rw-r--   1 travis travis   520 Jun 11 04:37 Repeat$_fireFunction_Repeat_Repeat$__f_sL_3.class
-rw-rw-r--   1 travis travis   520 Jun 11 04:37 Repeat$_fireFunction_Repeat_Repeat$__f_sL_5.class
-rw-rw-r--   1 travis travis   671 Jun 11 04:37 Repeat$_fireFunction_Repeat_Repeat$__f_sL_7.class
-rw-rw-r--   1 travis travis   520 Jun 11 04:37 Repeat$_fireFunction_Repeat_Repeat$__f_sL_9.class
-rw-rw-r--   1 travis travis   813 Jun 11 04:37 Repeat$_initialize_Repeat.class
-rw-rw-r--   1 travis travis   475 Jun 11 04:37 Repeat$_initialize_Repeat$__i_sL_0.class
-rw-rw-r--   1 travis travis   519 Jun 11 04:37 Repeat$_initialize_Repeat$__i_sL_3.class
-rw-rw-r--   1 travis travis 39778 Jun 11 04:37 Repeat.java
-rw-rw-r--   1 travis travis  1281 Jun 11 04:37 Repeat.mk
-rw-rw-r--   1 travis travis   520 Jun 11 04:37 Repeat$_preinitializeMethod_Repeat$__p_sL_0.class
-rw-rw-r--   1 travis travis   520 Jun 11 04:37 Repeat$_preinitializeMethod_Repeat$__p_sL_1.class
-rw-rw-r--   1 travis travis  1083 Jun 11 04:37 Repeat$_Repeat$_fireFunction_Repeat_AddSubtract_Repeat.class
-rw-rw-r--   1 travis travis   791 Jun 11 04:37 Repeat$_Repeat$_fireFunction_Repeat_AddSubtract_Repeat$__f_sL_0.class
-rw-rw-r--   1 travis travis   909 Jun 11 04:37 Repeat$_Repeat$_fireFunction_Repeat_AddSubtract_Repeat$__f_sL_1.class
-rw-rw-r--   1 travis travis   915 Jun 11 04:37 Repeat$_Repeat$_fireFunction_Repeat_AddSubtract_Repeat$__f_sL_2.class
-rw-rw-r--   1 travis travis   838 Jun 11 04:37 Repeat$_Repeat$_fireFunction_Repeat_Ramp2_Repeat$__f_sL_1.class
-rw-rw-r--   1 travis travis  1785 Jun 11 04:37 Repeat$_Repeat$_fireFunction_Repeat_Test_Repeat$__f_sL_2.class
-rw-rw-r--   1 travis travis   685 Jun 11 04:37 Repeat$_Repeat_SDF_Director_run_Repeat$__R_sL_0.class
-rw-rw-r--   1 travis travis   540 Jun 11 04:37 Repeat$_Repeat_SDF_Director_run_Repeat$__R_sL_1.class
-rw-rw-r--   1 travis travis   540 Jun 11 04:37 Repeat$_Repeat_SDF_Director_run_Repeat$__R_sL_2.class
-rw-rw-r--   1 travis travis   540 Jun 11 04:37 Repeat$_Repeat_SDF_Director_run_Repeat$__R_sL_4.class
-rw-rw-r--   1 travis travis   540 Jun 11 04:37 Repeat$_Repeat_SDF_Director_run_Repeat$__R_sL_5.class
-rw-rw-r--   1 travis travis   691 Jun 11 04:37 Repeat$_Repeat_SDF_Director_run_Repeat$__R_sL_6.class
-rw-rw-r--   1 travis travis   540 Jun 11 04:37 Repeat$_Repeat_SDF_Director_run_Repeat$__R_sL_7.class
-rw-rw-r--   1 travis travis   863 Jun 11 04:37 Repeat$_varinit_Repeat.class
-rw-rw-r--   1 travis travis   530 Jun 11 04:37 Repeat$_varinit_Repeat$__v_sL_1.class
-rw-rw-r--   1 travis travis   531 Jun 11 04:37 Repeat$_varinit_Repeat$__v_sL_2.class
-rw-rw-r--   1 travis travis   905 Jun 11 04:37 Repeat$_varinit_Repeat$__v_sL_4.class
-rw-rw-r--   1 travis travis   635 Jun 11 04:37 Repeat$_wrapup_Repeat.class
-rw-rw-r--   1 travis travis   965 Jun 11 04:37 Repeat$_wrapup_Repeat$__w_sL_1.class
-rw-rw-r--   1 travis travis   289 Jun 11 04:32 result.csv
drwxrwxr-x   3 travis travis 12288 Jun 11 04:35 Scrambler1
drwxrwxr-x   3 travis travis 20480 Jun 11 04:34 Sinewave2
drwxrwxr-x   3 travis travis 69632 Jun 11 04:35 StringCompare
drwxrwxr-x   3 travis travis 32768 Jun 11 04:35 StringFunction
drwxrwxr-x   3 travis travis 12288 Jun 11 04:35 StringLength
drwxrwxr-x   3 travis travis 57344 Jun 11 04:36 StringSimpleReplace
drwxrwxr-x   3 travis travis 12288 Jun 11 04:37 time2
drwxrwxr-x   3 travis travis 12288 Jun 11 04:37 time5
-rw-rw-r--   1 travis travis   432 Jun 11 04:38 Token.class
-rw-rw-r--   1 travis travis   251 Jun 11 04:37 Token.java
-rw-rw-r--   1 travis travis     0 Jun 11 04:37 top.
-rw-rw-r--   1 travis travis 20502 Jun 11 04:32 top.c
-rw-rw-r--   1 travis travis  3567 Jun 11 04:37 top.class
-rw-rw-r--   1 travis travis   169 Jun 11 04:32 top.html
-rw-rw-r--   1 travis travis  7552 Jun 11 04:37 top.java
-rw-rw-r--   1 travis travis 38888 Jun 11 04:32 top.o
drwxrwxr-x   3 travis travis 57344 Jun 11 04:34 UnaryMathFunction
In "/home/travis/cg", about to execute:
    javac -classpath
.:/home/travis/build/icyphy/ptII:/home/travis/build/icyphy/ptII/lib/bsh-2.0b4.j
ar:/home/travis/build/icyphy/ptII/lib/ptCal.jar:/home/travis/build/icyphy/ptII/
lib/java_cup.jar:/home/travis/build/icyphy/ptII/lib/saxon8.jar:/home/travis/bui
ld/icyphy/ptII/lib/saxon8-dom.jar:/home/travis/build/icyphy/ptII/lib/chic.jar:/
home/travis/build/icyphy/ptII/lib/ptcolt.jar:/usr/lib/jvm/java-8-oracle/lib/too
ls.jar:/home/travis/build/icyphy/ptII/vendors/misc/itext/iText.jar:/home/travis
/build/icyphy/ptII/lib/g4ltl.jar:/home/travis/build/icyphy/ptII/lib/StructuralC
oder.jar:/home/travis/build/icyphy/ptII/vendors/jai-1_1_2_01/lib/jai_core.jar:/
home/travis/build/icyphy/ptII/vendors/jai-1_1_2_01/lib/jai_codec.jar:/home/trav
is/build/icyphy/ptII/lib/jcerti.jar:/home/travis/build/icyphy/ptII/lib/javax.ma
il.jar:/home/travis/build/icyphy/ptII/vendors/JMF-2.1.1e/lib/jmf.jar:/home/trav
is/build/icyphy/ptII/lib/jna-4.0.0-variadic.jar:/home/travis/build/icyphy/ptII/
vendors/misc/joystick/Joystick.jar:/home/travis/build/icyphy/ptII/lib/ptjacl.ja
r:/home/travis/build/icyphy/ptII/lib/jsoup-1.8.2.jar:/home/travis/build/icyphy/
ptII/lib/junit-4.8.2.jar:/home/travis/build/icyphy/ptII/lib/JUnitParams-0.4.0.j
ar:/home/travis/build/icyphy/ptII/ptolemy/actor/lib/excel/jxl.jar:/home/travis/
build/icyphy/ptII/lib/jython.jar:/home/travis/build/icyphy/ptII/lib/kieler.jar:
/home/travis/build/icyphy/ptII/vendors/opencv/share/OpenCV/java/opencv-341.jar:
/home/travis/build/icyphy/ptII/lib/oscP5.jar:/home/travis/build/icyphy/ptII/lib
/nrjavaserial-3.11.0.devel.jar:/home/travis/build/icyphy/ptII/vendors/j3d/lib/j
3dcore.jar:/home/travis/build/icyphy/ptII/vendors/j3d/lib/j3dutils.jar:/home/tr
avis/build/icyphy/ptII/vendors/j3d/lib/vecmath.jar:/home/travis/build/icyphy/pt
II/ptolemy/distributed/jini/jar/jini-core.jar:/home/travis/build/icyphy/ptII/pt
olemy/distributed/jini/jar/jini-ext.jar:/home/travis/build/icyphy/ptII/ptolemy/
distributed/jini/jar/sun-util.jar:/home/travis/build/icyphy/ptII/lib/protobuf-j
ava-2.4.1.jar:/home/travis/build/icyphy/ptII/lib/org.eclipse.paho.client.mqttv3
.jar:/home/travis/build/icyphy/ptII/lib/mapss.jar:/home/travis/build/icyphy/ptI
I/ptolemy/actor/ptalon/antlr/antlr.jar:/home/travis/build/icyphy/ptII/lib/JRI.j
ar:/home/travis/build/icyphy/ptII/lib/commons-lang-2.6.jar:/home/travis/build/i
cyphy/ptII/lib/commons-logging-1.1.1.jar:/home/travis/build/icyphy/ptII/lib/soo
tclasses.jar:/home/travis/build/icyphy/ptII/ptolemy/actor/lib/database/mysql-co
nnector-java-5.1.6-bin.jar:/home/travis/build/icyphy/ptII/vendors/misc/sphinx4/
sphinx4-data-5prealpha.jar:/home/travis/build/icyphy/ptII/vendors/misc/sphinx4/
sphinx4-core-5prealpha.jar:/home/travis/build/icyphy/ptII/lib/PDFRenderer.jar:/
home/travis/build/icyphy/ptII/lib/svgSalamander.jar:/home/travis/build/icyphy/p
tII/lib/rsyntaxtextarea-2.6.0-SNAPSHOT.jar:/home/travis/build/icyphy/ptII/lib/h
azelcast-3.8.2.jar:/home/travis/build/icyphy/ptII/lib/jackson-annotations-2.9.0
.jar:/home/travis/build/icyphy/ptII/lib/jackson-core-2.9.3.jar:/home/travis/bui
ld/icyphy/ptII/lib/jackson-databind-2.9.3.jar:/home/travis/build/icyphy/ptII/li
b/netty-buffer-4.1.19.Final.jar:/home/travis/build/icyphy/ptII/lib/netty-codec-
4.1.19.Final.jar:/home/travis/build/icyphy/ptII/lib/netty-codec-dns-4.1.19.Fina
l.jar:/home/travis/build/icyphy/ptII/lib/netty-codec-http-4.1.19.Final.jar:/hom
e/travis/build/icyphy/ptII/lib/netty-codec-http2-4.1.19.Final.jar:/home/travis/
build/icyphy/ptII/lib/netty-common-4.1.19.Final.jar:/home/travis/build/icyphy/p
tII/lib/netty-handler-4.1.19.Final.jar:/home/travis/build/icyphy/ptII/lib/netty
-resolver-4.1.19.Final.jar:/home/travis/build/icyphy/ptII/lib/netty-resolver-dn
s-4.1.19.Final.jar:/home/travis/build/icyphy/ptII/lib/netty-transport-4.1.19.Fi
nal.jar:/home/travis/build/icyphy/ptII/lib/vertx-codegen-3.5.1.jar:/home/travis
/build/icyphy/ptII/lib/vertx-core-3.5.2-SNAPSHOT.jar:/home/travis/build/icyphy/
ptII/lib/vertx-hazelcast-3.5.1.jar:/home/travis/build/icyphy/ptII/lib/vertx-lan
g-js-3.5.1.jar:/home/travis/build/icyphy/ptII/lib/vertx-service-proxy-3.5.1.jar
:/home/travis/build/icyphy/ptII/lib/vertx-web-3.5.1.jar:/home/travis/build/icyp
hy/ptII/lib/slf4j-api-1.7.13.jar:/home/travis/build/icyphy/ptII/lib/slf4j-simpl
e-1.7.13.jar:/home/travis/build/icyphy/ptII/lib/webcam-capture-0.3.12.jar:/home
/travis/build/icyphy/ptII/lib/bridj-0.7.0.jar:/home/travis/build/icyphy/ptII/li
b/xbjlib-1.1.0.nrjavaserial.jar:/home/travis/build/icyphy/ptII/ptolemy/moml/tes
t:/home/travis/build/icyphy/ptII/ant/lib/ant-launcher.jar:/home/travis/build/ic
yphy/ptII/ant/lib/ant.jar:/home/travis/build/icyphy/ptII/ant/lib/ant-junit.jar:
/home/travis/build/icyphy/ptII/ant/lib/ant-junit4.jar:/home/travis/build/icyphy
/ptII ModularCodeGen2_ModularCodeGenTypedCompositeActor_profile.java
All Done
Writing ModularCodeGen2_ModularCodeGenTypedCompositeActor.java in file:/home/travis/cg/ (11690 characters)
Reading "ptolemy/cg/kernel/generic/program/procedural/java/modular/makefile.in",
    writing "/home/travis/cg/ModularCodeGen2_ModularCodeGenTypedCompositeActor.mk"
Using ptolemy/cg/kernel/generic/program/procedural/java/modular/makefile.in
In "/home/travis/cg", about to execute:
    make -f ModularCodeGen2_ModularCodeGenTypedCompositeActor.mk
javac -classpath ".:.."    ModularCodeGen2_ModularCodeGenTypedCompositeActor.java
All Done
4448 ms. Memory: 168448K Free: 88269K (52%)
----------------- Invoking toplevel() on ptolemy.moml.MoMLSimpleApplication@5e25c454
----------------- Done invoking toplevel() on ptolemy.moml.MoMLSimpleApplication@5e25c454
reloadAllAccessors: .ModularCodeGen2

===========================================================================================
----------------- testing Tue Jun 11 04:38:02 UTC 2019 /home/travis/build/icyphy/ptII/ptolemy/cg/lib/test/auto/ModularCodeGen3.xml
----------------- Instantiating /home/travis/build/icyphy/ptII/ptolemy/cg/lib/test/auto/ModularCodeGen3.xml
In "/home/travis/cg", about to execute:
    pwd
In "/home/travis/cg", about to execute:
    ls -l
/home/travis/cg
In "/home/travis/cg", about to execute:
    javac -classpath
.:/home/travis/build/icyphy/ptII:/home/travis/build/icyphy/ptII/lib/bsh-2.0b4.j
ar:/home/travis/build/icyphy/ptII/lib/ptCal.jar:/home/travis/build/icyphy/ptII/
lib/java_cup.jar:/home/travis/build/icyphy/ptII/lib/saxon8.jar:/home/travis/bui
ld/icyphy/ptII/lib/saxon8-dom.jar:/home/travis/build/icyphy/ptII/lib/chic.jar:/
home/travis/build/icyphy/ptII/lib/ptcolt.jar:/usr/lib/jvm/java-8-oracle/lib/too
ls.jar:/home/travis/build/icyphy/ptII/vendors/misc/itext/iText.jar:/home/travis
/build/icyphy/ptII/lib/g4ltl.jar:/home/travis/build/icyphy/ptII/lib/StructuralC
oder.jar:/home/travis/build/icyphy/ptII/vendors/jai-1_1_2_01/lib/jai_core.jar:/
home/travis/build/icyphy/ptII/vendors/jai-1_1_2_01/lib/jai_codec.jar:/home/trav
is/build/icyphy/ptII/lib/jcerti.jar:/home/travis/build/icyphy/ptII/lib/javax.ma
il.jar:/home/travis/build/icyphy/ptII/vendors/JMF-2.1.1e/lib/jmf.jar:/home/trav
is/build/icyphy/ptII/lib/jna-4.0.0-variadic.jar:/home/travis/build/icyphy/ptII/
vendors/misc/joystick/Joystick.jar:/home/travis/build/icyphy/ptII/lib/ptjacl.ja
r:/home/travis/build/icyphy/ptII/lib/jsoup-1.8.2.jar:/home/travis/build/icyphy/
ptII/lib/junit-4.8.2.jar:/home/travis/build/icyphy/ptII/lib/JUnitParams-0.4.0.j
ar:/home/travis/build/icyphy/ptII/ptolemy/actor/lib/excel/jxl.jar:/home/travis/
build/icyphy/ptII/lib/jython.jar:/home/travis/build/icyphy/ptII/lib/kieler.jar:
/home/travis/build/icyphy/ptII/vendors/opencv/share/OpenCV/java/opencv-341.jar:
/home/travis/build/icyphy/ptII/lib/oscP5.jar:/home/travis/build/icyphy/ptII/lib
/nrjavaserial-3.11.0.devel.jar:/home/travis/build/icyphy/ptII/vendors/j3d/lib/j
3dcore.jar:/home/travis/build/icyphy/ptII/vendors/j3d/lib/j3dutils.jar:/home/tr
avis/build/icyphy/ptII/vendors/j3d/lib/vecmath.jar:/home/travis/build/icyphy/pt
II/ptolemy/distributed/jini/jar/jini-core.jar:/home/travis/build/icyphy/ptII/pt
olemy/distributed/jini/jar/jini-ext.jar:/home/travis/build/icyphy/ptII/ptolemy/
distributed/jini/jar/sun-util.jar:/home/travis/build/icyphy/ptII/lib/protobuf-j
ava-2.4.1.jar:/home/travis/build/icyphy/ptII/lib/org.eclipse.paho.client.mqttv3
.jar:/home/travis/build/icyphy/ptII/lib/mapss.jar:/home/travis/build/icyphy/ptI
I/ptolemy/actor/ptalon/antlr/antlr.jar:/home/travis/build/icyphy/ptII/lib/JRI.j
ar:/home/travis/build/icyphy/ptII/lib/commons-lang-2.6.jar:/home/travis/build/i
cyphy/ptII/lib/commons-logging-1.1.1.jar:/home/travis/build/icyphy/ptII/lib/soo
tclasses.jar:/home/travis/build/icyphy/ptII/ptolemy/actor/lib/database/mysql-co
nnector-java-5.1.6-bin.jar:/home/travis/build/icyphy/ptII/vendors/misc/sphinx4/
sphinx4-data-5prealpha.jar:/home/travis/build/icyphy/ptII/vendors/misc/sphinx4/
sphinx4-core-5prealpha.jar:/home/travis/build/icyphy/ptII/lib/PDFRenderer.jar:/
home/travis/build/icyphy/ptII/lib/svgSalamander.jar:/home/travis/build/icyphy/p
tII/lib/rsyntaxtextarea-2.6.0-SNAPSHOT.jar:/home/travis/build/icyphy/ptII/lib/h
azelcast-3.8.2.jar:/home/travis/build/icyphy/ptII/lib/jackson-annotations-2.9.0
.jar:/home/travis/build/icyphy/ptII/lib/jackson-core-2.9.3.jar:/home/travis/bui
ld/icyphy/ptII/lib/jackson-databind-2.9.3.jar:/home/travis/build/icyphy/ptII/li
b/netty-buffer-4.1.19.Final.jar:/home/travis/build/icyphy/ptII/lib/netty-codec-
4.1.19.Final.jar:/home/travis/build/icyphy/ptII/lib/netty-codec-dns-4.1.19.Fina
l.jar:/home/travis/build/icyphy/ptII/lib/netty-codec-http-4.1.19.Final.jar:/hom
e/travis/build/icyphy/ptII/lib/netty-codec-http2-4.1.19.Final.jar:/home/travis/
build/icyphy/ptII/lib/netty-common-4.1.19.Final.jar:/home/travis/build/icyphy/p
tII/lib/netty-handler-4.1.19.Final.jar:/home/travis/build/icyphy/ptII/lib/netty
-resolver-4.1.19.Final.jar:/home/travis/build/icyphy/ptII/lib/netty-resolver-dn
s-4.1.19.Final.jar:/home/travis/build/icyphy/ptII/lib/netty-transport-4.1.19.Fi
nal.jar:/home/travis/build/icyphy/ptII/lib/vertx-codegen-3.5.1.jar:/home/travis
/build/icyphy/ptII/lib/vertx-core-3.5.2-SNAPSHOT.jar:/home/travis/build/icyphy/
ptII/lib/vertx-hazelcast-3.5.1.jar:/home/travis/build/icyphy/ptII/lib/vertx-lan
g-js-3.5.1.jar:/home/travis/build/icyphy/ptII/lib/vertx-service-proxy-3.5.1.jar
:/home/travis/build/icyphy/ptII/lib/vertx-web-3.5.1.jar:/home/travis/build/icyp
hy/ptII/lib/slf4j-api-1.7.13.jar:/home/travis/build/icyphy/ptII/lib/slf4j-simpl
e-1.7.13.jar:/home/travis/build/icyphy/ptII/lib/webcam-capture-0.3.12.jar:/home
/travis/build/icyphy/ptII/lib/bridj-0.7.0.jar:/home/travis/build/icyphy/ptII/li
b/xbjlib-1.1.0.nrjavaserial.jar:/home/travis/build/icyphy/ptII/ptolemy/moml/tes
t:/home/travis/build/icyphy/ptII/ant/lib/ant-launcher.jar:/home/travis/build/ic
yphy/ptII/ant/lib/ant.jar:/home/travis/build/icyphy/ptII/ant/lib/ant-junit.jar:
/home/travis/build/icyphy/ptII/ant/lib/ant-junit4.jar:/home/travis/build/icyphy
/ptII ModularCodeGen3_A1_B1_profile.java
total 1360
drwxrwxr-x   3 travis travis 12288 Jun 11 04:33 AbsoluteValue
drwxrwxr-x   3 travis travis 16384 Jun 11 04:33 Case1
drwxrwxr-x   3 travis travis 32768 Jun 11 04:33 Case2
-rw-rw-r--   1 travis travis  4895 Jun 11 04:37 CompiledCompositeActor_CompiledCompositeActor.class
-rw-rw-r--   1 travis travis  1592 Jun 11 04:37 CompiledCompositeActor_CompiledCompositeActor$_CompiledCompositeActor_CompiledCompositeActor.class
-rw-rw-r--   1 travis travis 13466 Jun 11 04:37 CompiledCompositeActor_CompiledCompositeActor.java
-rw-rw-r--   1 travis travis  1593 Jun 11 04:37 CompiledCompositeActor_CompiledCompositeActor.mk
drwxrwxr-x   3 travis travis 24576 Jun 11 04:35 DeScrambler
drwxrwxr-x   3 travis travis 16384 Jun 11 04:36 DotProduct
drwxrwxr-x   3 travis travis 12288 Jun 11 04:33 FileWriter1
drwxrwxr-x   3 travis travis 20480 Jun 11 04:32 FixToDoubleAndBack
drwxrwxr-x   3 travis travis 16384 Jun 11 04:33 Gaussian1
drwxrwxr-x   3 travis travis 20480 Jun 11 04:33 Gaussian2
-rw-rw-r--   1 travis travis  4457 Jun 11 04:37 JavaCompiledCompositeTest1_CompiledCompositeActor.class
-rw-rw-r--   1 travis travis 11637 Jun 11 04:37 JavaCompiledCompositeTest1_CompiledCompositeActor.java
-rw-rw-r--   1 travis travis  1198 Jun 11 04:37 JavaCompiledCompositeTest1_CompiledCompositeActor$_JavaCompiledCompositeTest1_CompiledCompositeActor.class
-rw-rw-r--   1 travis travis  1625 Jun 11 04:37 JavaCompiledCompositeTest1_CompiledCompositeActor.mk
-rw-rw-r--   1 travis travis  4888 Jun 11 04:37 JavaCompiledCompositeTest2_CompiledCompositeActor.class
-rw-rw-r--   1 travis travis 14919 Jun 11 04:37 JavaCompiledCompositeTest2_CompiledCompositeActor.java
-rw-rw-r--   1 travis travis  1793 Jun 11 04:37 JavaCompiledCompositeTest2_CompiledCompositeActor$_JavaCompiledCompositeTest2_CompiledCompositeActor.class
-rw-rw-r--   1 travis travis  1625 Jun 11 04:37 JavaCompiledCompositeTest2_CompiledCompositeActor.mk
-rw-rw-r--   1 travis travis  4505 Jun 11 04:37 JavaCompiledCompositeTest3_CompiledCompositeActor.class
-rw-rw-r--   1 travis travis 13080 Jun 11 04:37 JavaCompiledCompositeTest3_CompiledCompositeActor.java
-rw-rw-r--   1 travis travis  1378 Jun 11 04:37 JavaCompiledCompositeTest3_CompiledCompositeActor$_JavaCompiledCompositeTest3_CompiledCompositeActor.class
-rw-rw-r--   1 travis travis  1625 Jun 11 04:37 JavaCompiledCompositeTest3_CompiledCompositeActor.mk
-rw-rw-r--   1 travis travis  3953 Jun 11 04:37 JavaCompiledCompositeTest4_CompiledCompositeActor.class
-rw-rw-r--   1 travis travis  9687 Jun 11 04:37 JavaCompiledCompositeTest4_CompiledCompositeActor.java
-rw-rw-r--   1 travis travis   857 Jun 11 04:37 JavaCompiledCompositeTest4_CompiledCompositeActor$_JavaCompiledCompositeTest4_CompiledCompositeActor.class
-rw-rw-r--   1 travis travis  1625 Jun 11 04:37 JavaCompiledCompositeTest4_CompiledCompositeActor.mk
drwxrwxr-x   3 travis travis 12288 Jun 11 04:33 LookupTable
drwxrwxr-x   3 travis travis 20480 Jun 11 04:34 MaxIndex
-rw-rw-r--   1 travis travis  3693 Jun 11 04:37 ModularCG_A1_B1.class
-rw-rw-r--   1 travis travis  9730 Jun 11 04:37 ModularCG_A1_B1.java
-rw-rw-r--   1 travis travis   832 Jun 11 04:37 ModularCG_A1_B1.mk
-rw-rw-r--   1 travis travis  1318 Jun 11 04:37 ModularCG_A1_B1_profile.class
-rw-rw-r--   1 travis travis  1262 Jun 11 04:37 ModularCG_A1_B1_profile.java
-rw-rw-r--   1 travis travis  3693 Jun 11 04:37 ModularCG_A1_B2.class
-rw-rw-r--   1 travis travis  9730 Jun 11 04:37 ModularCG_A1_B2.java
-rw-rw-r--   1 travis travis   832 Jun 11 04:37 ModularCG_A1_B2.mk
-rw-rw-r--   1 travis travis  1318 Jun 11 04:37 ModularCG_A1_B2_profile.class
-rw-rw-r--   1 travis travis  1262 Jun 11 04:37 ModularCG_A1_B2_profile.java
-rw-rw-r--   1 travis travis  4799 Jun 11 04:37 ModularCG_A1.class
-rw-rw-r--   1 travis travis 14742 Jun 11 04:37 ModularCG_A1.java
-rw-rw-r--   1 travis travis   808 Jun 11 04:37 ModularCG_A1.mk
-rw-rw-r--   1 travis travis  1433 Jun 11 04:37 ModularCG_A1_profile.class
-rw-rw-r--   1 travis travis  1704 Jun 11 04:37 ModularCG_A1_profile.java
-rw-rw-r--   1 travis travis  3827 Jun 11 04:37 ModularCG_A2_B1.class
-rw-rw-r--   1 travis travis 10667 Jun 11 04:37 ModularCG_A2_B1.java
-rw-rw-r--   1 travis travis   832 Jun 11 04:37 ModularCG_A2_B1.mk
-rw-rw-r--   1 travis travis  1381 Jun 11 04:37 ModularCG_A2_B1_profile.class
-rw-rw-r--   1 travis travis  1446 Jun 11 04:37 ModularCG_A2_B1_profile.java
-rw-rw-r--   1 travis travis  3693 Jun 11 04:37 ModularCG_A2_B2.class
-rw-rw-r--   1 travis travis  9730 Jun 11 04:37 ModularCG_A2_B2.java
-rw-rw-r--   1 travis travis   832 Jun 11 04:37 ModularCG_A2_B2.mk
-rw-rw-r--   1 travis travis  1318 Jun 11 04:37 ModularCG_A2_B2_profile.class
-rw-rw-r--   1 travis travis  1262 Jun 11 04:37 ModularCG_A2_B2_profile.java
-rw-rw-r--   1 travis travis  4870 Jun 11 04:37 ModularCG_A2.class
-rw-rw-r--   1 travis travis 15129 Jun 11 04:37 ModularCG_A2.java
-rw-rw-r--   1 travis travis   808 Jun 11 04:37 ModularCG_A2.mk
-rw-rw-r--   1 travis travis  1433 Jun 11 04:37 ModularCG_A2_profile.class
-rw-rw-r--   1 travis travis  1704 Jun 11 04:37 ModularCG_A2_profile.java
-rw-rw-r--   1 travis travis  3473 Jun 11 04:37 ModularCGPubSub_A1_A2.class
-rw-rw-r--   1 travis travis  9076 Jun 11 04:37 ModularCGPubSub_A1_A2.java
-rw-rw-r--   1 travis travis   880 Jun 11 04:37 ModularCGPubSub_A1_A2.mk
-rw-rw-r--   1 travis travis  1300 Jun 11 04:37 ModularCGPubSub_A1_A2_profile.class
-rw-rw-r--   1 travis travis  1222 Jun 11 04:37 ModularCGPubSub_A1_A2_profile.java
-rw-rw-r--   1 travis travis  3790 Jun 11 04:37 ModularCGPubSub_A1.class
-rw-rw-r--   1 travis travis  9836 Jun 11 04:37 ModularCGPubSub_A1.java
-rw-rw-r--   1 travis travis   856 Jun 11 04:37 ModularCGPubSub_A1.mk
-rw-rw-r--   1 travis travis  1346 Jun 11 04:37 ModularCGPubSub_A1_profile.class
-rw-rw-r--   1 travis travis  1388 Jun 11 04:37 ModularCGPubSub_A1_profile.java
-rw-rw-r--   1 travis travis  3988 Jun 11 04:38 ModularCodeGen2_ModularCodeGenTypedCompositeActor.class
-rw-rw-r--   1 travis travis 11690 Jun 11 04:38 ModularCodeGen2_ModularCodeGenTypedCompositeActor.java
-rw-rw-r--   1 travis travis  1104 Jun 11 04:38 ModularCodeGen2_ModularCodeGenTypedCompositeActor.mk
-rw-rw-r--   1 travis travis  4272 Jun 11 04:38 ModularCodeGen2_ModularCodeGenTypedCompositeActor_ModularCodeGenTypedCompositeActor.class
-rw-rw-r--   1 travis travis 11790 Jun 11 04:37 ModularCodeGen2_ModularCodeGenTypedCompositeActor_ModularCodeGenTypedCompositeActor.java
-rw-rw-r--   1 travis travis  1376 Jun 11 04:37 ModularCodeGen2_ModularCodeGenTypedCompositeActor_ModularCodeGenTypedCompositeActor.mk
-rw-rw-r--   1 travis travis  1421 Jun 11 04:37 ModularCodeGen2_ModularCodeGenTypedCompositeActor_ModularCodeGenTypedCompositeActor_profile.class
-rw-rw-r--   1 travis travis  1294 Jun 11 04:37 ModularCodeGen2_ModularCodeGenTypedCompositeActor_ModularCodeGenTypedCompositeActor_profile.java
-rw-rw-r--   1 travis travis   820 Jun 11 04:38 ModularCodeGen2_ModularCodeGenTypedCompositeActor_profile.class
-rw-rw-r--   1 travis travis   693 Jun 11 04:38 ModularCodeGen2_ModularCodeGenTypedCompositeActor_profile.java
-rw-rw-r--   1 travis travis  1274 Jun 11 04:38 ModularCodeGen3_A1_B1_profile.java
-rw-rw-r--   1 travis travis  3954 Jun 11 04:37 ModularCodeGen_ModularCodeGenTypedCompositeActor.class
-rw-rw-r--   1 travis travis 10970 Jun 11 04:37 ModularCodeGen_ModularCodeGenTypedCompositeActor.java
-rw-rw-r--   1 travis travis  1096 Jun 11 04:37 ModularCodeGen_ModularCodeGenTypedCompositeActor.mk
-rw-rw-r--   1 travis travis  1384 Jun 11 04:37 ModularCodeGen_ModularCodeGenTypedCompositeActor_profile.class
-rw-rw-r--   1 travis travis  1328 Jun 11 04:37 ModularCodeGen_ModularCodeGenTypedCompositeActor_profile.java
-rw-rw-r--   1 travis travis  3492 Jun 11 04:37 ModularCodeGenTest_A1_A2.class
-rw-rw-r--   1 travis travis   904 Jun 11 04:37 ModularCodeGenTest_A1_A2.mk
-rw-rw-r--   1 travis travis  1306 Jun 11 04:37 ModularCodeGenTest_A1_A2_profile.class
-rw-rw-r--   1 travis travis  3823 Jun 11 04:37 ModularCodeGenTest_A1.class
-rw-rw-r--   1 travis travis  9968 Jun 11 04:37 ModularCodeGenTest_A1.java
-rw-rw-r--   1 travis travis   880 Jun 11 04:37 ModularCodeGenTest_A1.mk
-rw-rw-r--   1 travis travis  1352 Jun 11 04:37 ModularCodeGenTest_A1_profile.class
-rw-rw-r--   1 travis travis  1394 Jun 11 04:37 ModularCodeGenTest_A1_profile.java
drwxrwxr-x   3 travis travis 36864 Jun 11 04:37 modulation2
drwxrwxr-x   3 travis travis 20480 Jun 11 04:34 Multiplexor
drwxrwxr-x 242 travis travis 12288 Jun 11 04:37 node_modules
drwxrwxr-x   3 travis travis 20480 Jun 11 04:34 PhaseUnwrap
-rw-rw-r--   1 travis travis   520 Jun 11 04:37 Repeat$_fireFunction_Repeat_Repeat$__f_sL_0.class
-rw-rw-r--   1 travis travis   522 Jun 11 04:37 Repeat$_fireFunction_Repeat_Repeat$__f_sL_10.class
-rw-rw-r--   1 travis travis   666 Jun 11 04:37 Repeat$_fireFunction_Repeat_Repeat$__f_sL_11.class
-rw-rw-r--   1 travis travis   522 Jun 11 04:37 Repeat$_fireFunction_Repeat_Repeat$__f_sL_13.class
-rw-rw-r--   1 travis travis   665 Jun 11 04:37 Repeat$_fireFunction_Repeat_Repeat$__f_sL_1.class
-rw-rw-r--   1 travis travis   520 Jun 11 04:37 Repeat$_fireFunction_Repeat_Repeat$__f_sL_2.class
-rw-rw-r--   1 travis travis   520 Jun 11 04:37 Repeat$_fireFunction_Repeat_Repeat$__f_sL_3.class
-rw-rw-r--   1 travis travis   520 Jun 11 04:37 Repeat$_fireFunction_Repeat_Repeat$__f_sL_5.class
-rw-rw-r--   1 travis travis   671 Jun 11 04:37 Repeat$_fireFunction_Repeat_Repeat$__f_sL_7.class
-rw-rw-r--   1 travis travis   520 Jun 11 04:37 Repeat$_fireFunction_Repeat_Repeat$__f_sL_9.class
-rw-rw-r--   1 travis travis   813 Jun 11 04:37 Repeat$_initialize_Repeat.class
-rw-rw-r--   1 travis travis   475 Jun 11 04:37 Repeat$_initialize_Repeat$__i_sL_0.class
-rw-rw-r--   1 travis travis   519 Jun 11 04:37 Repeat$_initialize_Repeat$__i_sL_3.class
-rw-rw-r--   1 travis travis 39778 Jun 11 04:37 Repeat.java
-rw-rw-r--   1 travis travis  1281 Jun 11 04:37 Repeat.mk
-rw-rw-r--   1 travis travis   520 Jun 11 04:37 Repeat$_preinitializeMethod_Repeat$__p_sL_0.class
-rw-rw-r--   1 travis travis   520 Jun 11 04:37 Repeat$_preinitializeMethod_Repeat$__p_sL_1.class
-rw-rw-r--   1 travis travis  1083 Jun 11 04:37 Repeat$_Repeat$_fireFunction_Repeat_AddSubtract_Repeat.class
-rw-rw-r--   1 travis travis   791 Jun 11 04:37 Repeat$_Repeat$_fireFunction_Repeat_AddSubtract_Repeat$__f_sL_0.class
-rw-rw-r--   1 travis travis   909 Jun 11 04:37 Repeat$_Repeat$_fireFunction_Repeat_AddSubtract_Repeat$__f_sL_1.class
-rw-rw-r--   1 travis travis   915 Jun 11 04:37 Repeat$_Repeat$_fireFunction_Repeat_AddSubtract_Repeat$__f_sL_2.class
-rw-rw-r--   1 travis travis   838 Jun 11 04:37 Repeat$_Repeat$_fireFunction_Repeat_Ramp2_Repeat$__f_sL_1.class
-rw-rw-r--   1 travis travis  1785 Jun 11 04:37 Repeat$_Repeat$_fireFunction_Repeat_Test_Repeat$__f_sL_2.class
-rw-rw-r--   1 travis travis   685 Jun 11 04:37 Repeat$_Repeat_SDF_Director_run_Repeat$__R_sL_0.class
-rw-rw-r--   1 travis travis   540 Jun 11 04:37 Repeat$_Repeat_SDF_Director_run_Repeat$__R_sL_1.class
-rw-rw-r--   1 travis travis   540 Jun 11 04:37 Repeat$_Repeat_SDF_Director_run_Repeat$__R_sL_2.class
-rw-rw-r--   1 travis travis   540 Jun 11 04:37 Repeat$_Repeat_SDF_Director_run_Repeat$__R_sL_4.class
-rw-rw-r--   1 travis travis   540 Jun 11 04:37 Repeat$_Repeat_SDF_Director_run_Repeat$__R_sL_5.class
-rw-rw-r--   1 travis travis   691 Jun 11 04:37 Repeat$_Repeat_SDF_Director_run_Repeat$__R_sL_6.class
-rw-rw-r--   1 travis travis   540 Jun 11 04:37 Repeat$_Repeat_SDF_Director_run_Repeat$__R_sL_7.class
-rw-rw-r--   1 travis travis   863 Jun 11 04:37 Repeat$_varinit_Repeat.class
-rw-rw-r--   1 travis travis   530 Jun 11 04:37 Repeat$_varinit_Repeat$__v_sL_1.class
-rw-rw-r--   1 travis travis   531 Jun 11 04:37 Repeat$_varinit_Repeat$__v_sL_2.class
-rw-rw-r--   1 travis travis   905 Jun 11 04:37 Repeat$_varinit_Repeat$__v_sL_4.class
-rw-rw-r--   1 travis travis   635 Jun 11 04:37 Repeat$_wrapup_Repeat.class
-rw-rw-r--   1 travis travis   965 Jun 11 04:37 Repeat$_wrapup_Repeat$__w_sL_1.class
-rw-rw-r--   1 travis travis   289 Jun 11 04:32 result.csv
drwxrwxr-x   3 travis travis 12288 Jun 11 04:35 Scrambler1
drwxrwxr-x   3 travis travis 20480 Jun 11 04:34 Sinewave2
drwxrwxr-x   3 travis travis 69632 Jun 11 04:35 StringCompare
drwxrwxr-x   3 travis travis 32768 Jun 11 04:35 StringFunction
drwxrwxr-x   3 travis travis 12288 Jun 11 04:35 StringLength
drwxrwxr-x   3 travis travis 57344 Jun 11 04:36 StringSimpleReplace
drwxrwxr-x   3 travis travis 12288 Jun 11 04:37 time2
drwxrwxr-x   3 travis travis 12288 Jun 11 04:37 time5
-rw-rw-r--   1 travis travis   432 Jun 11 04:38 Token.class
-rw-rw-r--   1 travis travis   251 Jun 11 04:38 Token.java
-rw-rw-r--   1 travis travis     0 Jun 11 04:37 top.
-rw-rw-r--   1 travis travis 20502 Jun 11 04:32 top.c
-rw-rw-r--   1 travis travis  3567 Jun 11 04:37 top.class
-rw-rw-r--   1 travis travis   169 Jun 11 04:32 top.html
-rw-rw-r--   1 travis travis  7552 Jun 11 04:37 top.java
-rw-rw-r--   1 travis travis 38888 Jun 11 04:32 top.o
drwxrwxr-x   3 travis travis 57344 Jun 11 04:34 UnaryMathFunction
All Done
Writing ModularCodeGen3_A1_B1.java in file:/home/travis/cg/ (9958 characters)
Reading "ptolemy/cg/kernel/generic/program/procedural/java/modular/makefile.in",
    writing "/home/travis/cg/ModularCodeGen3_A1_B1.mk"
Using ptolemy/cg/kernel/generic/program/procedural/java/modular/makefile.in
In "/home/travis/cg", about to execute:
    make -f ModularCodeGen3_A1_B1.mk
javac -classpath ".:.."    ModularCodeGen3_A1_B1.java
All Done
In "/home/travis/cg", about to execute:
    pwd
/home/travis/cg
In "/home/travis/cg", about to execute:
    ls -l
total 1388
drwxrwxr-x   3 travis travis 12288 Jun 11 04:33 AbsoluteValue
drwxrwxr-x   3 travis travis 16384 Jun 11 04:33 Case1
drwxrwxr-x   3 travis travis 32768 Jun 11 04:33 Case2
-rw-rw-r--   1 travis travis  4895 Jun 11 04:37 CompiledCompositeActor_CompiledCompositeActor.class
-rw-rw-r--   1 travis travis  1592 Jun 11 04:37 CompiledCompositeActor_CompiledCompositeActor$_CompiledCompositeActor_CompiledCompositeActor.class
-rw-rw-r--   1 travis travis 13466 Jun 11 04:37 CompiledCompositeActor_CompiledCompositeActor.java
-rw-rw-r--   1 travis travis  1593 Jun 11 04:37 CompiledCompositeActor_CompiledCompositeActor.mk
drwxrwxr-x   3 travis travis 24576 Jun 11 04:35 DeScrambler
drwxrwxr-x   3 travis travis 16384 Jun 11 04:36 DotProduct
drwxrwxr-x   3 travis travis 12288 Jun 11 04:33 FileWriter1
drwxrwxr-x   3 travis travis 20480 Jun 11 04:32 FixToDoubleAndBack
drwxrwxr-x   3 travis travis 16384 Jun 11 04:33 Gaussian1
drwxrwxr-x   3 travis travis 20480 Jun 11 04:33 Gaussian2
-rw-rw-r--   1 travis travis  4457 Jun 11 04:37 JavaCompiledCompositeTest1_CompiledCompositeActor.class
-rw-rw-r--   1 travis travis 11637 Jun 11 04:37 JavaCompiledCompositeTest1_CompiledCompositeActor.java
-rw-rw-r--   1 travis travis  1198 Jun 11 04:37 JavaCompiledCompositeTest1_CompiledCompositeActor$_JavaCompiledCompositeTest1_CompiledCompositeActor.class
-rw-rw-r--   1 travis travis  1625 Jun 11 04:37 JavaCompiledCompositeTest1_CompiledCompositeActor.mk
-rw-rw-r--   1 travis travis  4888 Jun 11 04:37 JavaCompiledCompositeTest2_CompiledCompositeActor.class
-rw-rw-r--   1 travis travis 14919 Jun 11 04:37 JavaCompiledCompositeTest2_CompiledCompositeActor.java
-rw-rw-r--   1 travis travis  1793 Jun 11 04:37 JavaCompiledCompositeTest2_CompiledCompositeActor$_JavaCompiledCompositeTest2_CompiledCompositeActor.class
-rw-rw-r--   1 travis travis  1625 Jun 11 04:37 JavaCompiledCompositeTest2_CompiledCompositeActor.mk
-rw-rw-r--   1 travis travis  4505 Jun 11 04:37 JavaCompiledCompositeTest3_CompiledCompositeActor.class
-rw-rw-r--   1 travis travis 13080 Jun 11 04:37 JavaCompiledCompositeTest3_CompiledCompositeActor.java
-rw-rw-r--   1 travis travis  1378 Jun 11 04:37 JavaCompiledCompositeTest3_CompiledCompositeActor$_JavaCompiledCompositeTest3_CompiledCompositeActor.class
-rw-rw-r--   1 travis travis  1625 Jun 11 04:37 JavaCompiledCompositeTest3_CompiledCompositeActor.mk
-rw-rw-r--   1 travis travis  3953 Jun 11 04:37 JavaCompiledCompositeTest4_CompiledCompositeActor.class
-rw-rw-r--   1 travis travis  9687 Jun 11 04:37 JavaCompiledCompositeTest4_CompiledCompositeActor.java
-rw-rw-r--   1 travis travis   857 Jun 11 04:37 JavaCompiledCompositeTest4_CompiledCompositeActor$_JavaCompiledCompositeTest4_CompiledCompositeActor.class
-rw-rw-r--   1 travis travis  1625 Jun 11 04:37 JavaCompiledCompositeTest4_CompiledCompositeActor.mk
drwxrwxr-x   3 travis travis 12288 Jun 11 04:33 LookupTable
drwxrwxr-x   3 travis travis 20480 Jun 11 04:34 MaxIndex
-rw-rw-r--   1 travis travis  3693 Jun 11 04:37 ModularCG_A1_B1.class
-rw-rw-r--   1 travis travis  9730 Jun 11 04:37 ModularCG_A1_B1.java
-rw-rw-r--   1 travis travis   832 Jun 11 04:37 ModularCG_A1_B1.mk
-rw-rw-r--   1 travis travis  1318 Jun 11 04:37 ModularCG_A1_B1_profile.class
-rw-rw-r--   1 travis travis  1262 Jun 11 04:37 ModularCG_A1_B1_profile.java
-rw-rw-r--   1 travis travis  3693 Jun 11 04:37 ModularCG_A1_B2.class
-rw-rw-r--   1 travis travis  9730 Jun 11 04:37 ModularCG_A1_B2.java
-rw-rw-r--   1 travis travis   832 Jun 11 04:37 ModularCG_A1_B2.mk
-rw-rw-r--   1 travis travis  1318 Jun 11 04:37 ModularCG_A1_B2_profile.class
-rw-rw-r--   1 travis travis  1262 Jun 11 04:37 ModularCG_A1_B2_profile.java
-rw-rw-r--   1 travis travis  4799 Jun 11 04:37 ModularCG_A1.class
-rw-rw-r--   1 travis travis 14742 Jun 11 04:37 ModularCG_A1.java
-rw-rw-r--   1 travis travis   808 Jun 11 04:37 ModularCG_A1.mk
-rw-rw-r--   1 travis travis  1433 Jun 11 04:37 ModularCG_A1_profile.class
-rw-rw-r--   1 travis travis  1704 Jun 11 04:37 ModularCG_A1_profile.java
-rw-rw-r--   1 travis travis  3827 Jun 11 04:37 ModularCG_A2_B1.class
-rw-rw-r--   1 travis travis 10667 Jun 11 04:37 ModularCG_A2_B1.java
-rw-rw-r--   1 travis travis   832 Jun 11 04:37 ModularCG_A2_B1.mk
-rw-rw-r--   1 travis travis  1381 Jun 11 04:37 ModularCG_A2_B1_profile.class
-rw-rw-r--   1 travis travis  1446 Jun 11 04:37 ModularCG_A2_B1_profile.java
-rw-rw-r--   1 travis travis  3693 Jun 11 04:37 ModularCG_A2_B2.class
-rw-rw-r--   1 travis travis  9730 Jun 11 04:37 ModularCG_A2_B2.java
-rw-rw-r--   1 travis travis   832 Jun 11 04:37 ModularCG_A2_B2.mk
-rw-rw-r--   1 travis travis  1318 Jun 11 04:37 ModularCG_A2_B2_profile.class
-rw-rw-r--   1 travis travis  1262 Jun 11 04:37 ModularCG_A2_B2_profile.java
-rw-rw-r--   1 travis travis  4870 Jun 11 04:37 ModularCG_A2.class
-rw-rw-r--   1 travis travis 15129 Jun 11 04:37 ModularCG_A2.java
-rw-rw-r--   1 travis travis   808 Jun 11 04:37 ModularCG_A2.mk
-rw-rw-r--   1 travis travis  1433 Jun 11 04:37 ModularCG_A2_profile.class
-rw-rw-r--   1 travis travis  1704 Jun 11 04:37 ModularCG_A2_profile.java
-rw-rw-r--   1 travis travis  3473 Jun 11 04:37 ModularCGPubSub_A1_A2.class
-rw-rw-r--   1 travis travis  9076 Jun 11 04:37 ModularCGPubSub_A1_A2.java
-rw-rw-r--   1 travis travis   880 Jun 11 04:37 ModularCGPubSub_A1_A2.mk
-rw-rw-r--   1 travis travis  1300 Jun 11 04:37 ModularCGPubSub_A1_A2_profile.class
-rw-rw-r--   1 travis travis  1222 Jun 11 04:37 ModularCGPubSub_A1_A2_profile.java
-rw-rw-r--   1 travis travis  3790 Jun 11 04:37 ModularCGPubSub_A1.class
-rw-rw-r--   1 travis travis  9836 Jun 11 04:37 ModularCGPubSub_A1.java
-rw-rw-r--   1 travis travis   856 Jun 11 04:37 ModularCGPubSub_A1.mk
-rw-rw-r--   1 travis travis  1346 Jun 11 04:37 ModularCGPubSub_A1_profile.class
-rw-rw-r--   1 travis travis  1388 Jun 11 04:37 ModularCGPubSub_A1_profile.java
-rw-rw-r--   1 travis travis  3988 Jun 11 04:38 ModularCodeGen2_ModularCodeGenTypedCompositeActor.class
-rw-rw-r--   1 travis travis 11690 Jun 11 04:38 ModularCodeGen2_ModularCodeGenTypedCompositeActor.java
-rw-rw-r--   1 travis travis  1104 Jun 11 04:38 ModularCodeGen2_ModularCodeGenTypedCompositeActor.mk
-rw-rw-r--   1 travis travis  4272 Jun 11 04:38 ModularCodeGen2_ModularCodeGenTypedCompositeActor_ModularCodeGenTypedCompositeActor.class
-rw-rw-r--   1 travis travis 11790 Jun 11 04:37 ModularCodeGen2_ModularCodeGenTypedCompositeActor_ModularCodeGenTypedCompositeActor.java
-rw-rw-r--   1 travis travis  1376 Jun 11 04:37 ModularCodeGen2_ModularCodeGenTypedCompositeActor_ModularCodeGenTypedCompositeActor.mk
-rw-rw-r--   1 travis travis  1421 Jun 11 04:37 ModularCodeGen2_ModularCodeGenTypedCompositeActor_ModularCodeGenTypedCompositeActor_profile.class
-rw-rw-r--   1 travis travis  1294 Jun 11 04:37 ModularCodeGen2_ModularCodeGenTypedCompositeActor_ModularCodeGenTypedCompositeActor_profile.java
-rw-rw-r--   1 travis travis   820 Jun 11 04:38 ModularCodeGen2_ModularCodeGenTypedCompositeActor_profile.class
-rw-rw-r--   1 travis travis   693 Jun 11 04:38 ModularCodeGen2_ModularCodeGenTypedCompositeActor_profile.java
-rw-rw-r--   1 travis travis  3741 Jun 11 04:38 ModularCodeGen3_A1_B1.class
-rw-rw-r--   1 travis travis  9958 Jun 11 04:38 ModularCodeGen3_A1_B1.java
-rw-rw-r--   1 travis travis   880 Jun 11 04:38 ModularCodeGen3_A1_B1.mk
-rw-rw-r--   1 travis travis  1330 Jun 11 04:38 ModularCodeGen3_A1_B1_profile.class
-rw-rw-r--   1 travis travis  1274 Jun 11 04:38 ModularCodeGen3_A1_B1_profile.java
-rw-rw-r--   1 travis travis  1274 Jun 11 04:38 ModularCodeGen3_A1_B2_profile.java
-rw-rw-r--   1 travis travis  3954 Jun 11 04:37 ModularCodeGen_ModularCodeGenTypedCompositeActor.class
-rw-rw-r--   1 travis travis 10970 Jun 11 04:37 ModularCodeGen_ModularCodeGenTypedCompositeActor.java
In "/home/travis/cg", about to execute:
    javac -classpath
.:/home/travis/build/icyphy/ptII:/home/travis/build/icyphy/ptII/lib/bsh-2.0b4.j
ar:/home/travis/build/icyphy/ptII/lib/ptCal.jar:/home/travis/build/icyphy/ptII/
lib/java_cup.jar:/home/travis/build/icyphy/ptII/lib/saxon8.jar:/home/travis/bui
ld/icyphy/ptII/lib/saxon8-dom.jar:/home/travis/build/icyphy/ptII/lib/chic.jar:/
home/travis/build/icyphy/ptII/lib/ptcolt.jar:/usr/lib/jvm/java-8-oracle/lib/too
ls.jar:/home/travis/build/icyphy/ptII/vendors/misc/itext/iText.jar:/home/travis
/build/icyphy/ptII/lib/g4ltl.jar:/home/travis/build/icyphy/ptII/lib/StructuralC
oder.jar:/home/travis/build/icyphy/ptII/vendors/jai-1_1_2_01/lib/jai_core.jar:/
home/travis/build/icyphy/ptII/vendors/jai-1_1_2_01/lib/jai_codec.jar:/home/trav
is/build/icyphy/ptII/lib/jcerti.jar:/home/travis/build/icyphy/ptII/lib/javax.ma
il.jar:/home/travis/build/icyphy/ptII/vendors/JMF-2.1.1e/lib/jmf.jar:/home/trav
is/build/icyphy/ptII/lib/jna-4.0.0-variadic.jar:/home/travis/build/icyphy/ptII/
vendors/misc/joystick/Joystick.jar:/home/travis/build/icyphy/ptII/lib/ptjacl.ja
r:/home/travis/build/icyphy/ptII/lib/jsoup-1.8.2.jar:/home/travis/build/icyphy/
ptII/lib/junit-4.8.2.jar:/home/travis/build/icyphy/ptII/lib/JUnitParams-0.4.0.j
ar:/home/travis/build/icyphy/ptII/ptolemy/actor/lib/excel/jxl.jar:/home/travis/
build/icyphy/ptII/lib/jython.jar:/home/travis/build/icyphy/ptII/lib/kieler.jar:
/home/travis/build/icyphy/ptII/vendors/opencv/share/OpenCV/java/opencv-341.jar:
/home/travis/build/icyphy/ptII/lib/oscP5.jar:/home/travis/build/icyphy/ptII/lib
/nrjavaserial-3.11.0.devel.jar:/home/travis/build/icyphy/ptII/vendors/j3d/lib/j
3dcore.jar:/home/travis/build/icyphy/ptII/vendors/j3d/lib/j3dutils.jar:/home/tr
avis/build/icyphy/ptII/vendors/j3d/lib/vecmath.jar:/home/travis/build/icyphy/pt
II/ptolemy/distributed/jini/jar/jini-core.jar:/home/travis/build/icyphy/ptII/pt
olemy/distributed/jini/jar/jini-ext.jar:/home/travis/build/icyphy/ptII/ptolemy/
distributed/jini/jar/sun-util.jar:/home/travis/build/icyphy/ptII/lib/protobuf-j
ava-2.4.1.jar:/home/travis/build/icyphy/ptII/lib/org.eclipse.paho.client.mqttv3
.jar:/home/travis/build/icyphy/ptII/lib/mapss.jar:/home/travis/build/icyphy/ptI
I/ptolemy/actor/ptalon/antlr/antlr.jar:/home/travis/build/icyphy/ptII/lib/JRI.j
ar:/home/travis/build/icyphy/ptII/lib/commons-lang-2.6.jar:/home/travis/build/i
cyphy/ptII/lib/commons-logging-1.1.1.jar:/home/travis/build/icyphy/ptII/lib/soo
tclasses.jar:/home/travis/build/icyphy/ptII/ptolemy/actor/lib/database/mysql-co
nnector-java-5.1.6-bin.jar:/home/travis/build/icyphy/ptII/vendors/misc/sphinx4/
sphinx4-data-5prealpha.jar:/home/travis/build/icyphy/ptII/vendors/misc/sphinx4/
sphinx4-core-5prealpha.jar:/home/travis/build/icyphy/ptII/lib/PDFRenderer.jar:/
home/travis/build/icyphy/ptII/lib/svgSalamander.jar:/home/travis/build/icyphy/p
tII/lib/rsyntaxtextarea-2.6.0-SNAPSHOT.jar:/home/travis/build/icyphy/ptII/lib/h
azelcast-3.8.2.jar:/home/travis/build/icyphy/ptII/lib/jackson-annotations-2.9.0
.jar:/home/travis/build/icyphy/ptII/lib/jackson-core-2.9.3.jar:/home/travis/bui
ld/icyphy/ptII/lib/jackson-databind-2.9.3.jar:/home/travis/build/icyphy/ptII/li
b/netty-buffer-4.1.19.Final.jar:/home/travis/build/icyphy/ptII/lib/netty-codec-
4.1.19.Final.jar:/home/travis/build/icyphy/ptII/lib/netty-codec-dns-4.1.19.Fina
l.jar:/home/travis/build/icyphy/ptII/lib/netty-codec-http-4.1.19.Final.jar:/hom
e/travis/build/icyphy/ptII/lib/netty-codec-http2-4.1.19.Final.jar:/home/travis/
build/icyphy/ptII/lib/netty-common-4.1.19.Final.jar:/home/travis/build/icyphy/p
tII/lib/netty-handler-4.1.19.Final.jar:/home/travis/build/icyphy/ptII/lib/netty
-resolver-4.1.19.Final.jar:/home/travis/build/icyphy/ptII/lib/netty-resolver-dn
s-4.1.19.Final.jar:/home/travis/build/icyphy/ptII/lib/netty-transport-4.1.19.Fi
nal.jar:/home/travis/build/icyphy/ptII/lib/vertx-codegen-3.5.1.jar:/home/travis
/build/icyphy/ptII/lib/vertx-core-3.5.2-SNAPSHOT.jar:/home/travis/build/icyphy/
ptII/lib/vertx-hazelcast-3.5.1.jar:/home/travis/build/icyphy/ptII/lib/vertx-lan
g-js-3.5.1.jar:/home/travis/build/icyphy/ptII/lib/vertx-service-proxy-3.5.1.jar
:/home/travis/build/icyphy/ptII/lib/vertx-web-3.5.1.jar:/home/travis/build/icyp
hy/ptII/lib/slf4j-api-1.7.13.jar:/home/travis/build/icyphy/ptII/lib/slf4j-simpl
e-1.7.13.jar:/home/travis/build/icyphy/ptII/lib/webcam-capture-0.3.12.jar:/home
/travis/build/icyphy/ptII/lib/bridj-0.7.0.jar:/home/travis/build/icyphy/ptII/li
b/xbjlib-1.1.0.nrjavaserial.jar:/home/travis/build/icyphy/ptII/ptolemy/moml/tes
t:/home/travis/build/icyphy/ptII/ant/lib/ant-launcher.jar:/home/travis/build/ic
yphy/ptII/ant/lib/ant.jar:/home/travis/build/icyphy/ptII/ant/lib/ant-junit.jar:
/home/travis/build/icyphy/ptII/ant/lib/ant-junit4.jar:/home/travis/build/icyphy
/ptII ModularCodeGen3_A1_B2_profile.java
-rw-rw-r--   1 travis travis  1096 Jun 11 04:37 ModularCodeGen_ModularCodeGenTypedCompositeActor.mk
-rw-rw-r--   1 travis travis  1384 Jun 11 04:37 ModularCodeGen_ModularCodeGenTypedCompositeActor_profile.class
-rw-rw-r--   1 travis travis  1328 Jun 11 04:37 ModularCodeGen_ModularCodeGenTypedCompositeActor_profile.java
-rw-rw-r--   1 travis travis  3492 Jun 11 04:37 ModularCodeGenTest_A1_A2.class
-rw-rw-r--   1 travis travis   904 Jun 11 04:37 ModularCodeGenTest_A1_A2.mk
-rw-rw-r--   1 travis travis  1306 Jun 11 04:37 ModularCodeGenTest_A1_A2_profile.class
-rw-rw-r--   1 travis travis  3823 Jun 11 04:37 ModularCodeGenTest_A1.class
-rw-rw-r--   1 travis travis  9968 Jun 11 04:37 ModularCodeGenTest_A1.java
-rw-rw-r--   1 travis travis   880 Jun 11 04:37 ModularCodeGenTest_A1.mk
-rw-rw-r--   1 travis travis  1352 Jun 11 04:37 ModularCodeGenTest_A1_profile.class
-rw-rw-r--   1 travis travis  1394 Jun 11 04:37 ModularCodeGenTest_A1_profile.java
drwxrwxr-x   3 travis travis 36864 Jun 11 04:37 modulation2
drwxrwxr-x   3 travis travis 20480 Jun 11 04:34 Multiplexor
drwxrwxr-x 242 travis travis 12288 Jun 11 04:37 node_modules
drwxrwxr-x   3 travis travis 20480 Jun 11 04:34 PhaseUnwrap
-rw-rw-r--   1 travis travis   520 Jun 11 04:37 Repeat$_fireFunction_Repeat_Repeat$__f_sL_0.class
-rw-rw-r--   1 travis travis   522 Jun 11 04:37 Repeat$_fireFunction_Repeat_Repeat$__f_sL_10.class
-rw-rw-r--   1 travis travis   666 Jun 11 04:37 Repeat$_fireFunction_Repeat_Repeat$__f_sL_11.class
-rw-rw-r--   1 travis travis   522 Jun 11 04:37 Repeat$_fireFunction_Repeat_Repeat$__f_sL_13.class
-rw-rw-r--   1 travis travis   665 Jun 11 04:37 Repeat$_fireFunction_Repeat_Repeat$__f_sL_1.class
-rw-rw-r--   1 travis travis   520 Jun 11 04:37 Repeat$_fireFunction_Repeat_Repeat$__f_sL_2.class
-rw-rw-r--   1 travis travis   520 Jun 11 04:37 Repeat$_fireFunction_Repeat_Repeat$__f_sL_3.class
-rw-rw-r--   1 travis travis   520 Jun 11 04:37 Repeat$_fireFunction_Repeat_Repeat$__f_sL_5.class
-rw-rw-r--   1 travis travis   671 Jun 11 04:37 Repeat$_fireFunction_Repeat_Repeat$__f_sL_7.class
-rw-rw-r--   1 travis travis   520 Jun 11 04:37 Repeat$_fireFunction_Repeat_Repeat$__f_sL_9.class
-rw-rw-r--   1 travis travis   813 Jun 11 04:37 Repeat$_initialize_Repeat.class
-rw-rw-r--   1 travis travis   475 Jun 11 04:37 Repeat$_initialize_Repeat$__i_sL_0.class
-rw-rw-r--   1 travis travis   519 Jun 11 04:37 Repeat$_initialize_Repeat$__i_sL_3.class
-rw-rw-r--   1 travis travis 39778 Jun 11 04:37 Repeat.java
-rw-rw-r--   1 travis travis  1281 Jun 11 04:37 Repeat.mk
-rw-rw-r--   1 travis travis   520 Jun 11 04:37 Repeat$_preinitializeMethod_Repeat$__p_sL_0.class
-rw-rw-r--   1 travis travis   520 Jun 11 04:37 Repeat$_preinitializeMethod_Repeat$__p_sL_1.class
-rw-rw-r--   1 travis travis  1083 Jun 11 04:37 Repeat$_Repeat$_fireFunction_Repeat_AddSubtract_Repeat.class
-rw-rw-r--   1 travis travis   791 Jun 11 04:37 Repeat$_Repeat$_fireFunction_Repeat_AddSubtract_Repeat$__f_sL_0.class
-rw-rw-r--   1 travis travis   909 Jun 11 04:37 Repeat$_Repeat$_fireFunction_Repeat_AddSubtract_Repeat$__f_sL_1.class
-rw-rw-r--   1 travis travis   915 Jun 11 04:37 Repeat$_Repeat$_fireFunction_Repeat_AddSubtract_Repeat$__f_sL_2.class
-rw-rw-r--   1 travis travis   838 Jun 11 04:37 Repeat$_Repeat$_fireFunction_Repeat_Ramp2_Repeat$__f_sL_1.class
-rw-rw-r--   1 travis travis  1785 Jun 11 04:37 Repeat$_Repeat$_fireFunction_Repeat_Test_Repeat$__f_sL_2.class
-rw-rw-r--   1 travis travis   685 Jun 11 04:37 Repeat$_Repeat_SDF_Director_run_Repeat$__R_sL_0.class
-rw-rw-r--   1 travis travis   540 Jun 11 04:37 Repeat$_Repeat_SDF_Director_run_Repeat$__R_sL_1.class
-rw-rw-r--   1 travis travis   540 Jun 11 04:37 Repeat$_Repeat_SDF_Director_run_Repeat$__R_sL_2.class
-rw-rw-r--   1 travis travis   540 Jun 11 04:37 Repeat$_Repeat_SDF_Director_run_Repeat$__R_sL_4.class
-rw-rw-r--   1 travis travis   540 Jun 11 04:37 Repeat$_Repeat_SDF_Director_run_Repeat$__R_sL_5.class
-rw-rw-r--   1 travis travis   691 Jun 11 04:37 Repeat$_Repeat_SDF_Director_run_Repeat$__R_sL_6.class
-rw-rw-r--   1 travis travis   540 Jun 11 04:37 Repeat$_Repeat_SDF_Director_run_Repeat$__R_sL_7.class
-rw-rw-r--   1 travis travis   863 Jun 11 04:37 Repeat$_varinit_Repeat.class
-rw-rw-r--   1 travis travis   530 Jun 11 04:37 Repeat$_varinit_Repeat$__v_sL_1.class
-rw-rw-r--   1 travis travis   531 Jun 11 04:37 Repeat$_varinit_Repeat$__v_sL_2.class
-rw-rw-r--   1 travis travis   905 Jun 11 04:37 Repeat$_varinit_Repeat$__v_sL_4.class
-rw-rw-r--   1 travis travis   635 Jun 11 04:37 Repeat$_wrapup_Repeat.class
-rw-rw-r--   1 travis travis   965 Jun 11 04:37 Repeat$_wrapup_Repeat$__w_sL_1.class
-rw-rw-r--   1 travis travis   289 Jun 11 04:32 result.csv
drwxrwxr-x   3 travis travis 12288 Jun 11 04:35 Scrambler1
drwxrwxr-x   3 travis travis 20480 Jun 11 04:34 Sinewave2
drwxrwxr-x   3 travis travis 69632 Jun 11 04:35 StringCompare
drwxrwxr-x   3 travis travis 32768 Jun 11 04:35 StringFunction
drwxrwxr-x   3 travis travis 12288 Jun 11 04:35 StringLength
drwxrwxr-x   3 travis travis 57344 Jun 11 04:36 StringSimpleReplace
drwxrwxr-x   3 travis travis 12288 Jun 11 04:37 time2
drwxrwxr-x   3 travis travis 12288 Jun 11 04:37 time5
-rw-rw-r--   1 travis travis   432 Jun 11 04:38 Token.class
-rw-rw-r--   1 travis travis   251 Jun 11 04:38 Token.java
-rw-rw-r--   1 travis travis     0 Jun 11 04:37 top.
-rw-rw-r--   1 travis travis 20502 Jun 11 04:32 top.c
-rw-rw-r--   1 travis travis  3567 Jun 11 04:37 top.class
-rw-rw-r--   1 travis travis   169 Jun 11 04:32 top.html
-rw-rw-r--   1 travis travis  7552 Jun 11 04:37 top.java
-rw-rw-r--   1 travis travis 38888 Jun 11 04:32 top.o
drwxrwxr-x   3 travis travis 57344 Jun 11 04:34 UnaryMathFunction
All Done
Writing ModularCodeGen3_A1_B2.java in file:/home/travis/cg/ (9958 characters)
Reading "ptolemy/cg/kernel/generic/program/procedural/java/modular/makefile.in",
    writing "/home/travis/cg/ModularCodeGen3_A1_B2.mk"
Using ptolemy/cg/kernel/generic/program/procedural/java/modular/makefile.in
In "/home/travis/cg", about to execute:
    make -f ModularCodeGen3_A1_B2.mk
javac -classpath ".:.."    ModularCodeGen3_A1_B2.java
All Done
In "/home/travis/cg", about to execute:
    pwd
/home/travis/cg
In "/home/travis/cg", about to execute:
    ls -l
total 1416
drwxrwxr-x   3 travis travis 12288 Jun 11 04:33 AbsoluteValue
drwxrwxr-x   3 travis travis 16384 Jun 11 04:33 Case1
drwxrwxr-x   3 travis travis 32768 Jun 11 04:33 Case2
-rw-rw-r--   1 travis travis  4895 Jun 11 04:37 CompiledCompositeActor_CompiledCompositeActor.class
-rw-rw-r--   1 travis travis  1592 Jun 11 04:37 CompiledCompositeActor_CompiledCompositeActor$_CompiledCompositeActor_CompiledCompositeActor.class
-rw-rw-r--   1 travis travis 13466 Jun 11 04:37 CompiledCompositeActor_CompiledCompositeActor.java
-rw-rw-r--   1 travis travis  1593 Jun 11 04:37 CompiledCompositeActor_CompiledCompositeActor.mk
drwxrwxr-x   3 travis travis 24576 Jun 11 04:35 DeScrambler
drwxrwxr-x   3 travis travis 16384 Jun 11 04:36 DotProduct
drwxrwxr-x   3 travis travis 12288 Jun 11 04:33 FileWriter1
drwxrwxr-x   3 travis travis 20480 Jun 11 04:32 FixToDoubleAndBack
drwxrwxr-x   3 travis travis 16384 Jun 11 04:33 Gaussian1
drwxrwxr-x   3 travis travis 20480 Jun 11 04:33 Gaussian2
-rw-rw-r--   1 travis travis  4457 Jun 11 04:37 JavaCompiledCompositeTest1_CompiledCompositeActor.class
-rw-rw-r--   1 travis travis 11637 Jun 11 04:37 JavaCompiledCompositeTest1_CompiledCompositeActor.java
-rw-rw-r--   1 travis travis  1198 Jun 11 04:37 JavaCompiledCompositeTest1_CompiledCompositeActor$_JavaCompiledCompositeTest1_CompiledCompositeActor.class
-rw-rw-r--   1 travis travis  1625 Jun 11 04:37 JavaCompiledCompositeTest1_CompiledCompositeActor.mk
-rw-rw-r--   1 travis travis  4888 Jun 11 04:37 JavaCompiledCompositeTest2_CompiledCompositeActor.class
-rw-rw-r--   1 travis travis 14919 Jun 11 04:37 JavaCompiledCompositeTest2_CompiledCompositeActor.java
-rw-rw-r--   1 travis travis  1793 Jun 11 04:37 JavaCompiledCompositeTest2_CompiledCompositeActor$_JavaCompiledCompositeTest2_CompiledCompositeActor.class
-rw-rw-r--   1 travis travis  1625 Jun 11 04:37 JavaCompiledCompositeTest2_CompiledCompositeActor.mk
-rw-rw-r--   1 travis travis  4505 Jun 11 04:37 JavaCompiledCompositeTest3_CompiledCompositeActor.class
-rw-rw-r--   1 travis travis 13080 Jun 11 04:37 JavaCompiledCompositeTest3_CompiledCompositeActor.java
-rw-rw-r--   1 travis travis  1378 Jun 11 04:37 JavaCompiledCompositeTest3_CompiledCompositeActor$_JavaCompiledCompositeTest3_CompiledCompositeActor.class
-rw-rw-r--   1 travis travis  1625 Jun 11 04:37 JavaCompiledCompositeTest3_CompiledCompositeActor.mk
-rw-rw-r--   1 travis travis  3953 Jun 11 04:37 JavaCompiledCompositeTest4_CompiledCompositeActor.class
In "/home/travis/cg", about to execute:
    javac -classpath
.:/home/travis/build/icyphy/ptII:/home/travis/build/icyphy/ptII/lib/bsh-2.0b4.j
ar:/home/travis/build/icyphy/ptII/lib/ptCal.jar:/home/travis/build/icyphy/ptII/
lib/java_cup.jar:/home/travis/build/icyphy/ptII/lib/saxon8.jar:/home/travis/bui
ld/icyphy/ptII/lib/saxon8-dom.jar:/home/travis/build/icyphy/ptII/lib/chic.jar:/
home/travis/build/icyphy/ptII/lib/ptcolt.jar:/usr/lib/jvm/java-8-oracle/lib/too
ls.jar:/home/travis/build/icyphy/ptII/vendors/misc/itext/iText.jar:/home/travis
/build/icyphy/ptII/lib/g4ltl.jar:/home/travis/build/icyphy/ptII/lib/StructuralC
oder.jar:/home/travis/build/icyphy/ptII/vendors/jai-1_1_2_01/lib/jai_core.jar:/
home/travis/build/icyphy/ptII/vendors/jai-1_1_2_01/lib/jai_codec.jar:/home/trav
is/build/icyphy/ptII/lib/jcerti.jar:/home/travis/build/icyphy/ptII/lib/javax.ma
il.jar:/home/travis/build/icyphy/ptII/vendors/JMF-2.1.1e/lib/jmf.jar:/home/trav
is/build/icyphy/ptII/lib/jna-4.0.0-variadic.jar:/home/travis/build/icyphy/ptII/
vendors/misc/joystick/Joystick.jar:/home/travis/build/icyphy/ptII/lib/ptjacl.ja
r:/home/travis/build/icyphy/ptII/lib/jsoup-1.8.2.jar:/home/travis/build/icyphy/
ptII/lib/junit-4.8.2.jar:/home/travis/build/icyphy/ptII/lib/JUnitParams-0.4.0.j
ar:/home/travis/build/icyphy/ptII/ptolemy/actor/lib/excel/jxl.jar:/home/travis/
build/icyphy/ptII/lib/jython.jar:/home/travis/build/icyphy/ptII/lib/kieler.jar:
/home/travis/build/icyphy/ptII/vendors/opencv/share/OpenCV/java/opencv-341.jar:
/home/travis/build/icyphy/ptII/lib/oscP5.jar:/home/travis/build/icyphy/ptII/lib
/nrjavaserial-3.11.0.devel.jar:/home/travis/build/icyphy/ptII/vendors/j3d/lib/j
3dcore.jar:/home/travis/build/icyphy/ptII/vendors/j3d/lib/j3dutils.jar:/home/tr
avis/build/icyphy/ptII/vendors/j3d/lib/vecmath.jar:/home/travis/build/icyphy/pt
II/ptolemy/distributed/jini/jar/jini-core.jar:/home/travis/build/icyphy/ptII/pt
olemy/distributed/jini/jar/jini-ext.jar:/home/travis/build/icyphy/ptII/ptolemy/
distributed/jini/jar/sun-util.jar:/home/travis/build/icyphy/ptII/lib/protobuf-j
ava-2.4.1.jar:/home/travis/build/icyphy/ptII/lib/org.eclipse.paho.client.mqttv3
.jar:/home/travis/build/icyphy/ptII/lib/mapss.jar:/home/travis/build/icyphy/ptI
I/ptolemy/actor/ptalon/antlr/antlr.jar:/home/travis/build/icyphy/ptII/lib/JRI.j
ar:/home/travis/build/icyphy/ptII/lib/commons-lang-2.6.jar:/home/travis/build/i
cyphy/ptII/lib/commons-logging-1.1.1.jar:/home/travis/build/icyphy/ptII/lib/soo
tclasses.jar:/home/travis/build/icyphy/ptII/ptolemy/actor/lib/database/mysql-co
nnector-java-5.1.6-bin.jar:/home/travis/build/icyphy/ptII/vendors/misc/sphinx4/
sphinx4-data-5prealpha.jar:/home/travis/build/icyphy/ptII/vendors/misc/sphinx4/
sphinx4-core-5prealpha.jar:/home/travis/build/icyphy/ptII/lib/PDFRenderer.jar:/
home/travis/build/icyphy/ptII/lib/svgSalamander.jar:/home/travis/build/icyphy/p
tII/lib/rsyntaxtextarea-2.6.0-SNAPSHOT.jar:/home/travis/build/icyphy/ptII/lib/h
azelcast-3.8.2.jar:/home/travis/build/icyphy/ptII/lib/jackson-annotations-2.9.0
.jar:/home/travis/build/icyphy/ptII/lib/jackson-core-2.9.3.jar:/home/travis/bui
ld/icyphy/ptII/lib/jackson-databind-2.9.3.jar:/home/travis/build/icyphy/ptII/li
b/netty-buffer-4.1.19.Final.jar:/home/travis/build/icyphy/ptII/lib/netty-codec-
4.1.19.Final.jar:/home/travis/build/icyphy/ptII/lib/netty-codec-dns-4.1.19.Fina
l.jar:/home/travis/build/icyphy/ptII/lib/netty-codec-http-4.1.19.Final.jar:/hom
e/travis/build/icyphy/ptII/lib/netty-codec-http2-4.1.19.Final.jar:/home/travis/
build/icyphy/ptII/lib/netty-common-4.1.19.Final.jar:/home/travis/build/icyphy/p
tII/lib/netty-handler-4.1.19.Final.jar:/home/travis/build/icyphy/ptII/lib/netty
-resolver-4.1.19.Final.jar:/home/travis/build/icyphy/ptII/lib/netty-resolver-dn
s-4.1.19.Final.jar:/home/travis/build/icyphy/ptII/lib/netty-transport-4.1.19.Fi
nal.jar:/home/travis/build/icyphy/ptII/lib/vertx-codegen-3.5.1.jar:/home/travis
/build/icyphy/ptII/lib/vertx-core-3.5.2-SNAPSHOT.jar:/home/travis/build/icyphy/
ptII/lib/vertx-hazelcast-3.5.1.jar:/home/travis/build/icyphy/ptII/lib/vertx-lan
g-js-3.5.1.jar:/home/travis/build/icyphy/ptII/lib/vertx-service-proxy-3.5.1.jar
:/home/travis/build/icyphy/ptII/lib/vertx-web-3.5.1.jar:/home/travis/build/icyp
hy/ptII/lib/slf4j-api-1.7.13.jar:/home/travis/build/icyphy/ptII/lib/slf4j-simpl
e-1.7.13.jar:/home/travis/build/icyphy/ptII/lib/webcam-capture-0.3.12.jar:/home
/travis/build/icyphy/ptII/lib/bridj-0.7.0.jar:/home/travis/build/icyphy/ptII/li
b/xbjlib-1.1.0.nrjavaserial.jar:/home/travis/build/icyphy/ptII/ptolemy/moml/tes
t:/home/travis/build/icyphy/ptII/ant/lib/ant-launcher.jar:/home/travis/build/ic
yphy/ptII/ant/lib/ant.jar:/home/travis/build/icyphy/ptII/ant/lib/ant-junit.jar:
/home/travis/build/icyphy/ptII/ant/lib/ant-junit4.jar:/home/travis/build/icyphy
/ptII ModularCodeGen3_A1_profile.java
-rw-rw-r--   1 travis travis  9687 Jun 11 04:37 JavaCompiledCompositeTest4_CompiledCompositeActor.java
-rw-rw-r--   1 travis travis   857 Jun 11 04:37 JavaCompiledCompositeTest4_CompiledCompositeActor$_JavaCompiledCompositeTest4_CompiledCompositeActor.class
-rw-rw-r--   1 travis travis  1625 Jun 11 04:37 JavaCompiledCompositeTest4_CompiledCompositeActor.mk
drwxrwxr-x   3 travis travis 12288 Jun 11 04:33 LookupTable
drwxrwxr-x   3 travis travis 20480 Jun 11 04:34 MaxIndex
-rw-rw-r--   1 travis travis  3693 Jun 11 04:37 ModularCG_A1_B1.class
-rw-rw-r--   1 travis travis  9730 Jun 11 04:37 ModularCG_A1_B1.java
-rw-rw-r--   1 travis travis   832 Jun 11 04:37 ModularCG_A1_B1.mk
-rw-rw-r--   1 travis travis  1318 Jun 11 04:37 ModularCG_A1_B1_profile.class
-rw-rw-r--   1 travis travis  1262 Jun 11 04:37 ModularCG_A1_B1_profile.java
-rw-rw-r--   1 travis travis  3693 Jun 11 04:37 ModularCG_A1_B2.class
-rw-rw-r--   1 travis travis  9730 Jun 11 04:37 ModularCG_A1_B2.java
-rw-rw-r--   1 travis travis   832 Jun 11 04:37 ModularCG_A1_B2.mk
-rw-rw-r--   1 travis travis  1318 Jun 11 04:37 ModularCG_A1_B2_profile.class
-rw-rw-r--   1 travis travis  1262 Jun 11 04:37 ModularCG_A1_B2_profile.java
-rw-rw-r--   1 travis travis  4799 Jun 11 04:37 ModularCG_A1.class
-rw-rw-r--   1 travis travis 14742 Jun 11 04:37 ModularCG_A1.java
-rw-rw-r--   1 travis travis   808 Jun 11 04:37 ModularCG_A1.mk
-rw-rw-r--   1 travis travis  1433 Jun 11 04:37 ModularCG_A1_profile.class
-rw-rw-r--   1 travis travis  1704 Jun 11 04:37 ModularCG_A1_profile.java
-rw-rw-r--   1 travis travis  3827 Jun 11 04:37 ModularCG_A2_B1.class
-rw-rw-r--   1 travis travis 10667 Jun 11 04:37 ModularCG_A2_B1.java
-rw-rw-r--   1 travis travis   832 Jun 11 04:37 ModularCG_A2_B1.mk
-rw-rw-r--   1 travis travis  1381 Jun 11 04:37 ModularCG_A2_B1_profile.class
-rw-rw-r--   1 travis travis  1446 Jun 11 04:37 ModularCG_A2_B1_profile.java
-rw-rw-r--   1 travis travis  3693 Jun 11 04:37 ModularCG_A2_B2.class
-rw-rw-r--   1 travis travis  9730 Jun 11 04:37 ModularCG_A2_B2.java
-rw-rw-r--   1 travis travis   832 Jun 11 04:37 ModularCG_A2_B2.mk
-rw-rw-r--   1 travis travis  1318 Jun 11 04:37 ModularCG_A2_B2_profile.class
-rw-rw-r--   1 travis travis  1262 Jun 11 04:37 ModularCG_A2_B2_profile.java
-rw-rw-r--   1 travis travis  4870 Jun 11 04:37 ModularCG_A2.class
-rw-rw-r--   1 travis travis 15129 Jun 11 04:37 ModularCG_A2.java
-rw-rw-r--   1 travis travis   808 Jun 11 04:37 ModularCG_A2.mk
-rw-rw-r--   1 travis travis  1433 Jun 11 04:37 ModularCG_A2_profile.class
-rw-rw-r--   1 travis travis  1704 Jun 11 04:37 ModularCG_A2_profile.java
-rw-rw-r--   1 travis travis  3473 Jun 11 04:37 ModularCGPubSub_A1_A2.class
-rw-rw-r--   1 travis travis  9076 Jun 11 04:37 ModularCGPubSub_A1_A2.java
-rw-rw-r--   1 travis travis   880 Jun 11 04:37 ModularCGPubSub_A1_A2.mk
-rw-rw-r--   1 travis travis  1300 Jun 11 04:37 ModularCGPubSub_A1_A2_profile.class
-rw-rw-r--   1 travis travis  1222 Jun 11 04:37 ModularCGPubSub_A1_A2_profile.java
-rw-rw-r--   1 travis travis  3790 Jun 11 04:37 ModularCGPubSub_A1.class
-rw-rw-r--   1 travis travis  9836 Jun 11 04:37 ModularCGPubSub_A1.java
-rw-rw-r--   1 travis travis   856 Jun 11 04:37 ModularCGPubSub_A1.mk
-rw-rw-r--   1 travis travis  1346 Jun 11 04:37 ModularCGPubSub_A1_profile.class
-rw-rw-r--   1 travis travis  1388 Jun 11 04:37 ModularCGPubSub_A1_profile.java
-rw-rw-r--   1 travis travis  3988 Jun 11 04:38 ModularCodeGen2_ModularCodeGenTypedCompositeActor.class
-rw-rw-r--   1 travis travis 11690 Jun 11 04:38 ModularCodeGen2_ModularCodeGenTypedCompositeActor.java
-rw-rw-r--   1 travis travis  1104 Jun 11 04:38 ModularCodeGen2_ModularCodeGenTypedCompositeActor.mk
-rw-rw-r--   1 travis travis  4272 Jun 11 04:38 ModularCodeGen2_ModularCodeGenTypedCompositeActor_ModularCodeGenTypedCompositeActor.class
-rw-rw-r--   1 travis travis 11790 Jun 11 04:37 ModularCodeGen2_ModularCodeGenTypedCompositeActor_ModularCodeGenTypedCompositeActor.java
-rw-rw-r--   1 travis travis  1376 Jun 11 04:37 ModularCodeGen2_ModularCodeGenTypedCompositeActor_ModularCodeGenTypedCompositeActor.mk
-rw-rw-r--   1 travis travis  1421 Jun 11 04:37 ModularCodeGen2_ModularCodeGenTypedCompositeActor_ModularCodeGenTypedCompositeActor_profile.class
-rw-rw-r--   1 travis travis  1294 Jun 11 04:37 ModularCodeGen2_ModularCodeGenTypedCompositeActor_ModularCodeGenTypedCompositeActor_profile.java
-rw-rw-r--   1 travis travis   820 Jun 11 04:38 ModularCodeGen2_ModularCodeGenTypedCompositeActor_profile.class
-rw-rw-r--   1 travis travis   693 Jun 11 04:38 ModularCodeGen2_ModularCodeGenTypedCompositeActor_profile.java
-rw-rw-r--   1 travis travis  3741 Jun 11 04:38 ModularCodeGen3_A1_B1.class
-rw-rw-r--   1 travis travis  9958 Jun 11 04:38 ModularCodeGen3_A1_B1.java
-rw-rw-r--   1 travis travis   880 Jun 11 04:38 ModularCodeGen3_A1_B1.mk
-rw-rw-r--   1 travis travis  1330 Jun 11 04:38 ModularCodeGen3_A1_B1_profile.class
-rw-rw-r--   1 travis travis  1274 Jun 11 04:38 ModularCodeGen3_A1_B1_profile.java
-rw-rw-r--   1 travis travis  3741 Jun 11 04:38 ModularCodeGen3_A1_B2.class
-rw-rw-r--   1 travis travis  9958 Jun 11 04:38 ModularCodeGen3_A1_B2.java
-rw-rw-r--   1 travis travis   880 Jun 11 04:38 ModularCodeGen3_A1_B2.mk
-rw-rw-r--   1 travis travis  1330 Jun 11 04:38 ModularCodeGen3_A1_B2_profile.class
-rw-rw-r--   1 travis travis  1274 Jun 11 04:38 ModularCodeGen3_A1_B2_profile.java
-rw-rw-r--   1 travis travis  1716 Jun 11 04:38 ModularCodeGen3_A1_profile.java
-rw-rw-r--   1 travis travis  3954 Jun 11 04:37 ModularCodeGen_ModularCodeGenTypedCompositeActor.class
-rw-rw-r--   1 travis travis 10970 Jun 11 04:37 ModularCodeGen_ModularCodeGenTypedCompositeActor.java
-rw-rw-r--   1 travis travis  1096 Jun 11 04:37 ModularCodeGen_ModularCodeGenTypedCompositeActor.mk
-rw-rw-r--   1 travis travis  1384 Jun 11 04:37 ModularCodeGen_ModularCodeGenTypedCompositeActor_profile.class
-rw-rw-r--   1 travis travis  1328 Jun 11 04:37 ModularCodeGen_ModularCodeGenTypedCompositeActor_profile.java
-rw-rw-r--   1 travis travis  3492 Jun 11 04:37 ModularCodeGenTest_A1_A2.class
-rw-rw-r--   1 travis travis   904 Jun 11 04:37 ModularCodeGenTest_A1_A2.mk
-rw-rw-r--   1 travis travis  1306 Jun 11 04:37 ModularCodeGenTest_A1_A2_profile.class
-rw-rw-r--   1 travis travis  3823 Jun 11 04:37 ModularCodeGenTest_A1.class
-rw-rw-r--   1 travis travis  9968 Jun 11 04:37 ModularCodeGenTest_A1.java
-rw-rw-r--   1 travis travis   880 Jun 11 04:37 ModularCodeGenTest_A1.mk
-rw-rw-r--   1 travis travis  1352 Jun 11 04:37 ModularCodeGenTest_A1_profile.class
-rw-rw-r--   1 travis travis  1394 Jun 11 04:37 ModularCodeGenTest_A1_profile.java
drwxrwxr-x   3 travis travis 36864 Jun 11 04:37 modulation2
drwxrwxr-x   3 travis travis 20480 Jun 11 04:34 Multiplexor
drwxrwxr-x 242 travis travis 12288 Jun 11 04:37 node_modules
drwxrwxr-x   3 travis travis 20480 Jun 11 04:34 PhaseUnwrap
-rw-rw-r--   1 travis travis   520 Jun 11 04:37 Repeat$_fireFunction_Repeat_Repeat$__f_sL_0.class
-rw-rw-r--   1 travis travis   522 Jun 11 04:37 Repeat$_fireFunction_Repeat_Repeat$__f_sL_10.class
-rw-rw-r--   1 travis travis   666 Jun 11 04:37 Repeat$_fireFunction_Repeat_Repeat$__f_sL_11.class
-rw-rw-r--   1 travis travis   522 Jun 11 04:37 Repeat$_fireFunction_Repeat_Repeat$__f_sL_13.class
-rw-rw-r--   1 travis travis   665 Jun 11 04:37 Repeat$_fireFunction_Repeat_Repeat$__f_sL_1.class
-rw-rw-r--   1 travis travis   520 Jun 11 04:37 Repeat$_fireFunction_Repeat_Repeat$__f_sL_2.class
-rw-rw-r--   1 travis travis   520 Jun 11 04:37 Repeat$_fireFunction_Repeat_Repeat$__f_sL_3.class
-rw-rw-r--   1 travis travis   520 Jun 11 04:37 Repeat$_fireFunction_Repeat_Repeat$__f_sL_5.class
-rw-rw-r--   1 travis travis   671 Jun 11 04:37 Repeat$_fireFunction_Repeat_Repeat$__f_sL_7.class
-rw-rw-r--   1 travis travis   520 Jun 11 04:37 Repeat$_fireFunction_Repeat_Repeat$__f_sL_9.class
-rw-rw-r--   1 travis travis   813 Jun 11 04:37 Repeat$_initialize_Repeat.class
-rw-rw-r--   1 travis travis   475 Jun 11 04:37 Repeat$_initialize_Repeat$__i_sL_0.class
-rw-rw-r--   1 travis travis   519 Jun 11 04:37 Repeat$_initialize_Repeat$__i_sL_3.class
-rw-rw-r--   1 travis travis 39778 Jun 11 04:37 Repeat.java
-rw-rw-r--   1 travis travis  1281 Jun 11 04:37 Repeat.mk
-rw-rw-r--   1 travis travis   520 Jun 11 04:37 Repeat$_preinitializeMethod_Repeat$__p_sL_0.class
-rw-rw-r--   1 travis travis   520 Jun 11 04:37 Repeat$_preinitializeMethod_Repeat$__p_sL_1.class
-rw-rw-r--   1 travis travis  1083 Jun 11 04:37 Repeat$_Repeat$_fireFunction_Repeat_AddSubtract_Repeat.class
-rw-rw-r--   1 travis travis   791 Jun 11 04:37 Repeat$_Repeat$_fireFunction_Repeat_AddSubtract_Repeat$__f_sL_0.class
-rw-rw-r--   1 travis travis   909 Jun 11 04:37 Repeat$_Repeat$_fireFunction_Repeat_AddSubtract_Repeat$__f_sL_1.class
-rw-rw-r--   1 travis travis   915 Jun 11 04:37 Repeat$_Repeat$_fireFunction_Repeat_AddSubtract_Repeat$__f_sL_2.class
-rw-rw-r--   1 travis travis   838 Jun 11 04:37 Repeat$_Repeat$_fireFunction_Repeat_Ramp2_Repeat$__f_sL_1.class
-rw-rw-r--   1 travis travis  1785 Jun 11 04:37 Repeat$_Repeat$_fireFunction_Repeat_Test_Repeat$__f_sL_2.class
-rw-rw-r--   1 travis travis   685 Jun 11 04:37 Repeat$_Repeat_SDF_Director_run_Repeat$__R_sL_0.class
-rw-rw-r--   1 travis travis   540 Jun 11 04:37 Repeat$_Repeat_SDF_Director_run_Repeat$__R_sL_1.class
-rw-rw-r--   1 travis travis   540 Jun 11 04:37 Repeat$_Repeat_SDF_Director_run_Repeat$__R_sL_2.class
-rw-rw-r--   1 travis travis   540 Jun 11 04:37 Repeat$_Repeat_SDF_Director_run_Repeat$__R_sL_4.class
-rw-rw-r--   1 travis travis   540 Jun 11 04:37 Repeat$_Repeat_SDF_Director_run_Repeat$__R_sL_5.class
-rw-rw-r--   1 travis travis   691 Jun 11 04:37 Repeat$_Repeat_SDF_Director_run_Repeat$__R_sL_6.class
-rw-rw-r--   1 travis travis   540 Jun 11 04:37 Repeat$_Repeat_SDF_Director_run_Repeat$__R_sL_7.class
-rw-rw-r--   1 travis travis   863 Jun 11 04:37 Repeat$_varinit_Repeat.class
-rw-rw-r--   1 travis travis   530 Jun 11 04:37 Repeat$_varinit_Repeat$__v_sL_1.class
-rw-rw-r--   1 travis travis   531 Jun 11 04:37 Repeat$_varinit_Repeat$__v_sL_2.class
-rw-rw-r--   1 travis travis   905 Jun 11 04:37 Repeat$_varinit_Repeat$__v_sL_4.class
-rw-rw-r--   1 travis travis   635 Jun 11 04:37 Repeat$_wrapup_Repeat.class
-rw-rw-r--   1 travis travis   965 Jun 11 04:37 Repeat$_wrapup_Repeat$__w_sL_1.class
-rw-rw-r--   1 travis travis   289 Jun 11 04:32 result.csv
drwxrwxr-x   3 travis travis 12288 Jun 11 04:35 Scrambler1
drwxrwxr-x   3 travis travis 20480 Jun 11 04:34 Sinewave2
drwxrwxr-x   3 travis travis 69632 Jun 11 04:35 StringCompare
drwxrwxr-x   3 travis travis 32768 Jun 11 04:35 StringFunction
drwxrwxr-x   3 travis travis 12288 Jun 11 04:35 StringLength
drwxrwxr-x   3 travis travis 57344 Jun 11 04:36 StringSimpleReplace
drwxrwxr-x   3 travis travis 12288 Jun 11 04:37 time2
drwxrwxr-x   3 travis travis 12288 Jun 11 04:37 time5
-rw-rw-r--   1 travis travis   432 Jun 11 04:38 Token.class
-rw-rw-r--   1 travis travis   251 Jun 11 04:38 Token.java
-rw-rw-r--   1 travis travis     0 Jun 11 04:37 top.
-rw-rw-r--   1 travis travis 20502 Jun 11 04:32 top.c
-rw-rw-r--   1 travis travis  3567 Jun 11 04:37 top.class
-rw-rw-r--   1 travis travis   169 Jun 11 04:32 top.html
-rw-rw-r--   1 travis travis  7552 Jun 11 04:37 top.java
-rw-rw-r--   1 travis travis 38888 Jun 11 04:32 top.o
drwxrwxr-x   3 travis travis 57344 Jun 11 04:34 UnaryMathFunction
All Done
Writing ModularCodeGen3_A1.java in file:/home/travis/cg/ (15564 characters)
Reading "ptolemy/cg/kernel/generic/program/procedural/java/modular/makefile.in",
    writing "/home/travis/cg/ModularCodeGen3_A1.mk"
Using ptolemy/cg/kernel/generic/program/procedural/java/modular/makefile.in
In "/home/travis/cg", about to execute:
    make -f ModularCodeGen3_A1.mk
javac -classpath ".:.."    ModularCodeGen3_A1.java
All Done
In "/home/travis/cg", about to execute:
    pwd
/home/travis/cg
In "/home/travis/cg", about to execute:
    ls -l
In "/home/travis/cg", about to execute:
    javac -classpath
.:/home/travis/build/icyphy/ptII:/home/travis/build/icyphy/ptII/lib/bsh-2.0b4.j
ar:/home/travis/build/icyphy/ptII/lib/ptCal.jar:/home/travis/build/icyphy/ptII/
lib/java_cup.jar:/home/travis/build/icyphy/ptII/lib/saxon8.jar:/home/travis/bui
ld/icyphy/ptII/lib/saxon8-dom.jar:/home/travis/build/icyphy/ptII/lib/chic.jar:/
home/travis/build/icyphy/ptII/lib/ptcolt.jar:/usr/lib/jvm/java-8-oracle/lib/too
ls.jar:/home/travis/build/icyphy/ptII/vendors/misc/itext/iText.jar:/home/travis
/build/icyphy/ptII/lib/g4ltl.jar:/home/travis/build/icyphy/ptII/lib/StructuralC
oder.jar:/home/travis/build/icyphy/ptII/vendors/jai-1_1_2_01/lib/jai_core.jar:/
home/travis/build/icyphy/ptII/vendors/jai-1_1_2_01/lib/jai_codec.jar:/home/trav
is/build/icyphy/ptII/lib/jcerti.jar:/home/travis/build/icyphy/ptII/lib/javax.ma
il.jar:/home/travis/build/icyphy/ptII/vendors/JMF-2.1.1e/lib/jmf.jar:/home/trav
is/build/icyphy/ptII/lib/jna-4.0.0-variadic.jar:/home/travis/build/icyphy/ptII/
vendors/misc/joystick/Joystick.jar:/home/travis/build/icyphy/ptII/lib/ptjacl.ja
r:/home/travis/build/icyphy/ptII/lib/jsoup-1.8.2.jar:/home/travis/build/icyphy/
ptII/lib/junit-4.8.2.jar:/home/travis/build/icyphy/ptII/lib/JUnitParams-0.4.0.j
ar:/home/travis/build/icyphy/ptII/ptolemy/actor/lib/excel/jxl.jar:/home/travis/
build/icyphy/ptII/lib/jython.jar:/home/travis/build/icyphy/ptII/lib/kieler.jar:
/home/travis/build/icyphy/ptII/vendors/opencv/share/OpenCV/java/opencv-341.jar:
/home/travis/build/icyphy/ptII/lib/oscP5.jar:/home/travis/build/icyphy/ptII/lib
/nrjavaserial-3.11.0.devel.jar:/home/travis/build/icyphy/ptII/vendors/j3d/lib/j
3dcore.jar:/home/travis/build/icyphy/ptII/vendors/j3d/lib/j3dutils.jar:/home/tr
avis/build/icyphy/ptII/vendors/j3d/lib/vecmath.jar:/home/travis/build/icyphy/pt
II/ptolemy/distributed/jini/jar/jini-core.jar:/home/travis/build/icyphy/ptII/pt
olemy/distributed/jini/jar/jini-ext.jar:/home/travis/build/icyphy/ptII/ptolemy/
distributed/jini/jar/sun-util.jar:/home/travis/build/icyphy/ptII/lib/protobuf-j
ava-2.4.1.jar:/home/travis/build/icyphy/ptII/lib/org.eclipse.paho.client.mqttv3
.jar:/home/travis/build/icyphy/ptII/lib/mapss.jar:/home/travis/build/icyphy/ptI
I/ptolemy/actor/ptalon/antlr/antlr.jar:/home/travis/build/icyphy/ptII/lib/JRI.j
ar:/home/travis/build/icyphy/ptII/lib/commons-lang-2.6.jar:/home/travis/build/i
cyphy/ptII/lib/commons-logging-1.1.1.jar:/home/travis/build/icyphy/ptII/lib/soo
tclasses.jar:/home/travis/build/icyphy/ptII/ptolemy/actor/lib/database/mysql-co
nnector-java-5.1.6-bin.jar:/home/travis/build/icyphy/ptII/vendors/misc/sphinx4/
sphinx4-data-5prealpha.jar:/home/travis/build/icyphy/ptII/vendors/misc/sphinx4/
sphinx4-core-5prealpha.jar:/home/travis/build/icyphy/ptII/lib/PDFRenderer.jar:/
home/travis/build/icyphy/ptII/lib/svgSalamander.jar:/home/travis/build/icyphy/p
tII/lib/rsyntaxtextarea-2.6.0-SNAPSHOT.jar:/home/travis/build/icyphy/ptII/lib/h
azelcast-3.8.2.jar:/home/travis/build/icyphy/ptII/lib/jackson-annotations-2.9.0
.jar:/home/travis/build/icyphy/ptII/lib/jackson-core-2.9.3.jar:/home/travis/bui
ld/icyphy/ptII/lib/jackson-databind-2.9.3.jar:/home/travis/build/icyphy/ptII/li
b/netty-buffer-4.1.19.Final.jar:/home/travis/build/icyphy/ptII/lib/netty-codec-
4.1.19.Final.jar:/home/travis/build/icyphy/ptII/lib/netty-codec-dns-4.1.19.Fina
l.jar:/home/travis/build/icyphy/ptII/lib/netty-codec-http-4.1.19.Final.jar:/hom
e/travis/build/icyphy/ptII/lib/netty-codec-http2-4.1.19.Final.jar:/home/travis/
build/icyphy/ptII/lib/netty-common-4.1.19.Final.jar:/home/travis/build/icyphy/p
tII/lib/netty-handler-4.1.19.Final.jar:/home/travis/build/icyphy/ptII/lib/netty
-resolver-4.1.19.Final.jar:/home/travis/build/icyphy/ptII/lib/netty-resolver-dn
s-4.1.19.Final.jar:/home/travis/build/icyphy/ptII/lib/netty-transport-4.1.19.Fi
nal.jar:/home/travis/build/icyphy/ptII/lib/vertx-codegen-3.5.1.jar:/home/travis
/build/icyphy/ptII/lib/vertx-core-3.5.2-SNAPSHOT.jar:/home/travis/build/icyphy/
ptII/lib/vertx-hazelcast-3.5.1.jar:/home/travis/build/icyphy/ptII/lib/vertx-lan
g-js-3.5.1.jar:/home/travis/build/icyphy/ptII/lib/vertx-service-proxy-3.5.1.jar
:/home/travis/build/icyphy/ptII/lib/vertx-web-3.5.1.jar:/home/travis/build/icyp
hy/ptII/lib/slf4j-api-1.7.13.jar:/home/travis/build/icyphy/ptII/lib/slf4j-simpl
e-1.7.13.jar:/home/travis/build/icyphy/ptII/lib/webcam-capture-0.3.12.jar:/home
/travis/build/icyphy/ptII/lib/bridj-0.7.0.jar:/home/travis/build/icyphy/ptII/li
b/xbjlib-1.1.0.nrjavaserial.jar:/home/travis/build/icyphy/ptII/ptolemy/moml/tes
t:/home/travis/build/icyphy/ptII/ant/lib/ant-launcher.jar:/home/travis/build/ic
yphy/ptII/ant/lib/ant.jar:/home/travis/build/icyphy/ptII/ant/lib/ant-junit.jar:
/home/travis/build/icyphy/ptII/ant/lib/ant-junit4.jar:/home/travis/build/icyphy
/ptII ModularCodeGen3_A2_B1_profile.java
total 1452
drwxrwxr-x   3 travis travis 12288 Jun 11 04:33 AbsoluteValue
drwxrwxr-x   3 travis travis 16384 Jun 11 04:33 Case1
drwxrwxr-x   3 travis travis 32768 Jun 11 04:33 Case2
-rw-rw-r--   1 travis travis  4895 Jun 11 04:37 CompiledCompositeActor_CompiledCompositeActor.class
-rw-rw-r--   1 travis travis  1592 Jun 11 04:37 CompiledCompositeActor_CompiledCompositeActor$_CompiledCompositeActor_CompiledCompositeActor.class
-rw-rw-r--   1 travis travis 13466 Jun 11 04:37 CompiledCompositeActor_CompiledCompositeActor.java
-rw-rw-r--   1 travis travis  1593 Jun 11 04:37 CompiledCompositeActor_CompiledCompositeActor.mk
drwxrwxr-x   3 travis travis 24576 Jun 11 04:35 DeScrambler
drwxrwxr-x   3 travis travis 16384 Jun 11 04:36 DotProduct
drwxrwxr-x   3 travis travis 12288 Jun 11 04:33 FileWriter1
drwxrwxr-x   3 travis travis 20480 Jun 11 04:32 FixToDoubleAndBack
drwxrwxr-x   3 travis travis 16384 Jun 11 04:33 Gaussian1
drwxrwxr-x   3 travis travis 20480 Jun 11 04:33 Gaussian2
-rw-rw-r--   1 travis travis  4457 Jun 11 04:37 JavaCompiledCompositeTest1_CompiledCompositeActor.class
-rw-rw-r--   1 travis travis 11637 Jun 11 04:37 JavaCompiledCompositeTest1_CompiledCompositeActor.java
-rw-rw-r--   1 travis travis  1198 Jun 11 04:37 JavaCompiledCompositeTest1_CompiledCompositeActor$_JavaCompiledCompositeTest1_CompiledCompositeActor.class
-rw-rw-r--   1 travis travis  1625 Jun 11 04:37 JavaCompiledCompositeTest1_CompiledCompositeActor.mk
-rw-rw-r--   1 travis travis  4888 Jun 11 04:37 JavaCompiledCompositeTest2_CompiledCompositeActor.class
-rw-rw-r--   1 travis travis 14919 Jun 11 04:37 JavaCompiledCompositeTest2_CompiledCompositeActor.java
-rw-rw-r--   1 travis travis  1793 Jun 11 04:37 JavaCompiledCompositeTest2_CompiledCompositeActor$_JavaCompiledCompositeTest2_CompiledCompositeActor.class
-rw-rw-r--   1 travis travis  1625 Jun 11 04:37 JavaCompiledCompositeTest2_CompiledCompositeActor.mk
-rw-rw-r--   1 travis travis  4505 Jun 11 04:37 JavaCompiledCompositeTest3_CompiledCompositeActor.class
-rw-rw-r--   1 travis travis 13080 Jun 11 04:37 JavaCompiledCompositeTest3_CompiledCompositeActor.java
-rw-rw-r--   1 travis travis  1378 Jun 11 04:37 JavaCompiledCompositeTest3_CompiledCompositeActor$_JavaCompiledCompositeTest3_CompiledCompositeActor.class
-rw-rw-r--   1 travis travis  1625 Jun 11 04:37 JavaCompiledCompositeTest3_CompiledCompositeActor.mk
-rw-rw-r--   1 travis travis  3953 Jun 11 04:37 JavaCompiledCompositeTest4_CompiledCompositeActor.class
-rw-rw-r--   1 travis travis  9687 Jun 11 04:37 JavaCompiledCompositeTest4_CompiledCompositeActor.java
-rw-rw-r--   1 travis travis   857 Jun 11 04:37 JavaCompiledCompositeTest4_CompiledCompositeActor$_JavaCompiledCompositeTest4_CompiledCompositeActor.class
-rw-rw-r--   1 travis travis  1625 Jun 11 04:37 JavaCompiledCompositeTest4_CompiledCompositeActor.mk
drwxrwxr-x   3 travis travis 12288 Jun 11 04:33 LookupTable
drwxrwxr-x   3 travis travis 20480 Jun 11 04:34 MaxIndex
-rw-rw-r--   1 travis travis  3693 Jun 11 04:37 ModularCG_A1_B1.class
-rw-rw-r--   1 travis travis  9730 Jun 11 04:37 ModularCG_A1_B1.java
-rw-rw-r--   1 travis travis   832 Jun 11 04:37 ModularCG_A1_B1.mk
-rw-rw-r--   1 travis travis  1318 Jun 11 04:37 ModularCG_A1_B1_profile.class
-rw-rw-r--   1 travis travis  1262 Jun 11 04:37 ModularCG_A1_B1_profile.java
-rw-rw-r--   1 travis travis  3693 Jun 11 04:37 ModularCG_A1_B2.class
-rw-rw-r--   1 travis travis  9730 Jun 11 04:37 ModularCG_A1_B2.java
-rw-rw-r--   1 travis travis   832 Jun 11 04:37 ModularCG_A1_B2.mk
-rw-rw-r--   1 travis travis  1318 Jun 11 04:37 ModularCG_A1_B2_profile.class
-rw-rw-r--   1 travis travis  1262 Jun 11 04:37 ModularCG_A1_B2_profile.java
-rw-rw-r--   1 travis travis  4799 Jun 11 04:37 ModularCG_A1.class
-rw-rw-r--   1 travis travis 14742 Jun 11 04:37 ModularCG_A1.java
-rw-rw-r--   1 travis travis   808 Jun 11 04:37 ModularCG_A1.mk
-rw-rw-r--   1 travis travis  1433 Jun 11 04:37 ModularCG_A1_profile.class
-rw-rw-r--   1 travis travis  1704 Jun 11 04:37 ModularCG_A1_profile.java
-rw-rw-r--   1 travis travis  3827 Jun 11 04:37 ModularCG_A2_B1.class
-rw-rw-r--   1 travis travis 10667 Jun 11 04:37 ModularCG_A2_B1.java
-rw-rw-r--   1 travis travis   832 Jun 11 04:37 ModularCG_A2_B1.mk
-rw-rw-r--   1 travis travis  1381 Jun 11 04:37 ModularCG_A2_B1_profile.class
-rw-rw-r--   1 travis travis  1446 Jun 11 04:37 ModularCG_A2_B1_profile.java
-rw-rw-r--   1 travis travis  3693 Jun 11 04:37 ModularCG_A2_B2.class
-rw-rw-r--   1 travis travis  9730 Jun 11 04:37 ModularCG_A2_B2.java
-rw-rw-r--   1 travis travis   832 Jun 11 04:37 ModularCG_A2_B2.mk
-rw-rw-r--   1 travis travis  1318 Jun 11 04:37 ModularCG_A2_B2_profile.class
-rw-rw-r--   1 travis travis  1262 Jun 11 04:37 ModularCG_A2_B2_profile.java
-rw-rw-r--   1 travis travis  4870 Jun 11 04:37 ModularCG_A2.class
-rw-rw-r--   1 travis travis 15129 Jun 11 04:37 ModularCG_A2.java
-rw-rw-r--   1 travis travis   808 Jun 11 04:37 ModularCG_A2.mk
-rw-rw-r--   1 travis travis  1433 Jun 11 04:37 ModularCG_A2_profile.class
-rw-rw-r--   1 travis travis  1704 Jun 11 04:37 ModularCG_A2_profile.java
-rw-rw-r--   1 travis travis  3473 Jun 11 04:37 ModularCGPubSub_A1_A2.class
-rw-rw-r--   1 travis travis  9076 Jun 11 04:37 ModularCGPubSub_A1_A2.java
-rw-rw-r--   1 travis travis   880 Jun 11 04:37 ModularCGPubSub_A1_A2.mk
-rw-rw-r--   1 travis travis  1300 Jun 11 04:37 ModularCGPubSub_A1_A2_profile.class
-rw-rw-r--   1 travis travis  1222 Jun 11 04:37 ModularCGPubSub_A1_A2_profile.java
-rw-rw-r--   1 travis travis  3790 Jun 11 04:37 ModularCGPubSub_A1.class
-rw-rw-r--   1 travis travis  9836 Jun 11 04:37 ModularCGPubSub_A1.java
-rw-rw-r--   1 travis travis   856 Jun 11 04:37 ModularCGPubSub_A1.mk
-rw-rw-r--   1 travis travis  1346 Jun 11 04:37 ModularCGPubSub_A1_profile.class
-rw-rw-r--   1 travis travis  1388 Jun 11 04:37 ModularCGPubSub_A1_profile.java
-rw-rw-r--   1 travis travis  3988 Jun 11 04:38 ModularCodeGen2_ModularCodeGenTypedCompositeActor.class
-rw-rw-r--   1 travis travis 11690 Jun 11 04:38 ModularCodeGen2_ModularCodeGenTypedCompositeActor.java
-rw-rw-r--   1 travis travis  1104 Jun 11 04:38 ModularCodeGen2_ModularCodeGenTypedCompositeActor.mk
-rw-rw-r--   1 travis travis  4272 Jun 11 04:38 ModularCodeGen2_ModularCodeGenTypedCompositeActor_ModularCodeGenTypedCompositeActor.class
-rw-rw-r--   1 travis travis 11790 Jun 11 04:37 ModularCodeGen2_ModularCodeGenTypedCompositeActor_ModularCodeGenTypedCompositeActor.java
-rw-rw-r--   1 travis travis  1376 Jun 11 04:37 ModularCodeGen2_ModularCodeGenTypedCompositeActor_ModularCodeGenTypedCompositeActor.mk
-rw-rw-r--   1 travis travis  1421 Jun 11 04:37 ModularCodeGen2_ModularCodeGenTypedCompositeActor_ModularCodeGenTypedCompositeActor_profile.class
-rw-rw-r--   1 travis travis  1294 Jun 11 04:37 ModularCodeGen2_ModularCodeGenTypedCompositeActor_ModularCodeGenTypedCompositeActor_profile.java
-rw-rw-r--   1 travis travis   820 Jun 11 04:38 ModularCodeGen2_ModularCodeGenTypedCompositeActor_profile.class
-rw-rw-r--   1 travis travis   693 Jun 11 04:38 ModularCodeGen2_ModularCodeGenTypedCompositeActor_profile.java
-rw-rw-r--   1 travis travis  3741 Jun 11 04:38 ModularCodeGen3_A1_B1.class
-rw-rw-r--   1 travis travis  9958 Jun 11 04:38 ModularCodeGen3_A1_B1.java
-rw-rw-r--   1 travis travis   880 Jun 11 04:38 ModularCodeGen3_A1_B1.mk
-rw-rw-r--   1 travis travis  1330 Jun 11 04:38 ModularCodeGen3_A1_B1_profile.class
-rw-rw-r--   1 travis travis  1274 Jun 11 04:38 ModularCodeGen3_A1_B1_profile.java
-rw-rw-r--   1 travis travis  3741 Jun 11 04:38 ModularCodeGen3_A1_B2.class
-rw-rw-r--   1 travis travis  9958 Jun 11 04:38 ModularCodeGen3_A1_B2.java
-rw-rw-r--   1 travis travis   880 Jun 11 04:38 ModularCodeGen3_A1_B2.mk
-rw-rw-r--   1 travis travis  1330 Jun 11 04:38 ModularCodeGen3_A1_B2_profile.class
-rw-rw-r--   1 travis travis  1274 Jun 11 04:38 ModularCodeGen3_A1_B2_profile.java
-rw-rw-r--   1 travis travis  4961 Jun 11 04:38 ModularCodeGen3_A1.class
-rw-rw-r--   1 travis travis 15564 Jun 11 04:38 ModularCodeGen3_A1.java
-rw-rw-r--   1 travis travis   856 Jun 11 04:38 ModularCodeGen3_A1.mk
-rw-rw-r--   1 travis travis  1445 Jun 11 04:38 ModularCodeGen3_A1_profile.class
-rw-rw-r--   1 travis travis  1716 Jun 11 04:38 ModularCodeGen3_A1_profile.java
-rw-rw-r--   1 travis travis  1458 Jun 11 04:38 ModularCodeGen3_A2_B1_profile.java
-rw-rw-r--   1 travis travis  3954 Jun 11 04:37 ModularCodeGen_ModularCodeGenTypedCompositeActor.class
-rw-rw-r--   1 travis travis 10970 Jun 11 04:37 ModularCodeGen_ModularCodeGenTypedCompositeActor.java
-rw-rw-r--   1 travis travis  1096 Jun 11 04:37 ModularCodeGen_ModularCodeGenTypedCompositeActor.mk
-rw-rw-r--   1 travis travis  1384 Jun 11 04:37 ModularCodeGen_ModularCodeGenTypedCompositeActor_profile.class
-rw-rw-r--   1 travis travis  1328 Jun 11 04:37 ModularCodeGen_ModularCodeGenTypedCompositeActor_profile.java
-rw-rw-r--   1 travis travis  3492 Jun 11 04:37 ModularCodeGenTest_A1_A2.class
-rw-rw-r--   1 travis travis   904 Jun 11 04:37 ModularCodeGenTest_A1_A2.mk
-rw-rw-r--   1 travis travis  1306 Jun 11 04:37 ModularCodeGenTest_A1_A2_profile.class
-rw-rw-r--   1 travis travis  3823 Jun 11 04:37 ModularCodeGenTest_A1.class
-rw-rw-r--   1 travis travis  9968 Jun 11 04:37 ModularCodeGenTest_A1.java
-rw-rw-r--   1 travis travis   880 Jun 11 04:37 ModularCodeGenTest_A1.mk
-rw-rw-r--   1 travis travis  1352 Jun 11 04:37 ModularCodeGenTest_A1_profile.class
-rw-rw-r--   1 travis travis  1394 Jun 11 04:37 ModularCodeGenTest_A1_profile.java
drwxrwxr-x   3 travis travis 36864 Jun 11 04:37 modulation2
drwxrwxr-x   3 travis travis 20480 Jun 11 04:34 Multiplexor
drwxrwxr-x 242 travis travis 12288 Jun 11 04:37 node_modules
drwxrwxr-x   3 travis travis 20480 Jun 11 04:34 PhaseUnwrap
-rw-rw-r--   1 travis travis   520 Jun 11 04:37 Repeat$_fireFunction_Repeat_Repeat$__f_sL_0.class
-rw-rw-r--   1 travis travis   522 Jun 11 04:37 Repeat$_fireFunction_Repeat_Repeat$__f_sL_10.class
-rw-rw-r--   1 travis travis   666 Jun 11 04:37 Repeat$_fireFunction_Repeat_Repeat$__f_sL_11.class
-rw-rw-r--   1 travis travis   522 Jun 11 04:37 Repeat$_fireFunction_Repeat_Repeat$__f_sL_13.class
-rw-rw-r--   1 travis travis   665 Jun 11 04:37 Repeat$_fireFunction_Repeat_Repeat$__f_sL_1.class
-rw-rw-r--   1 travis travis   520 Jun 11 04:37 Repeat$_fireFunction_Repeat_Repeat$__f_sL_2.class
-rw-rw-r--   1 travis travis   520 Jun 11 04:37 Repeat$_fireFunction_Repeat_Repeat$__f_sL_3.class
-rw-rw-r--   1 travis travis   520 Jun 11 04:37 Repeat$_fireFunction_Repeat_Repeat$__f_sL_5.class
-rw-rw-r--   1 travis travis   671 Jun 11 04:37 Repeat$_fireFunction_Repeat_Repeat$__f_sL_7.class
-rw-rw-r--   1 travis travis   520 Jun 11 04:37 Repeat$_fireFunction_Repeat_Repeat$__f_sL_9.class
-rw-rw-r--   1 travis travis   813 Jun 11 04:37 Repeat$_initialize_Repeat.class
-rw-rw-r--   1 travis travis   475 Jun 11 04:37 Repeat$_initialize_Repeat$__i_sL_0.class
-rw-rw-r--   1 travis travis   519 Jun 11 04:37 Repeat$_initialize_Repeat$__i_sL_3.class
-rw-rw-r--   1 travis travis 39778 Jun 11 04:37 Repeat.java
-rw-rw-r--   1 travis travis  1281 Jun 11 04:37 Repeat.mk
-rw-rw-r--   1 travis travis   520 Jun 11 04:37 Repeat$_preinitializeMethod_Repeat$__p_sL_0.class
-rw-rw-r--   1 travis travis   520 Jun 11 04:37 Repeat$_preinitializeMethod_Repeat$__p_sL_1.class
-rw-rw-r--   1 travis travis  1083 Jun 11 04:37 Repeat$_Repeat$_fireFunction_Repeat_AddSubtract_Repeat.class
-rw-rw-r--   1 travis travis   791 Jun 11 04:37 Repeat$_Repeat$_fireFunction_Repeat_AddSubtract_Repeat$__f_sL_0.class
-rw-rw-r--   1 travis travis   909 Jun 11 04:37 Repeat$_Repeat$_fireFunction_Repeat_AddSubtract_Repeat$__f_sL_1.class
-rw-rw-r--   1 travis travis   915 Jun 11 04:37 Repeat$_Repeat$_fireFunction_Repeat_AddSubtract_Repeat$__f_sL_2.class
-rw-rw-r--   1 travis travis   838 Jun 11 04:37 Repeat$_Repeat$_fireFunction_Repeat_Ramp2_Repeat$__f_sL_1.class
-rw-rw-r--   1 travis travis  1785 Jun 11 04:37 Repeat$_Repeat$_fireFunction_Repeat_Test_Repeat$__f_sL_2.class
-rw-rw-r--   1 travis travis   685 Jun 11 04:37 Repeat$_Repeat_SDF_Director_run_Repeat$__R_sL_0.class
-rw-rw-r--   1 travis travis   540 Jun 11 04:37 Repeat$_Repeat_SDF_Director_run_Repeat$__R_sL_1.class
-rw-rw-r--   1 travis travis   540 Jun 11 04:37 Repeat$_Repeat_SDF_Director_run_Repeat$__R_sL_2.class
-rw-rw-r--   1 travis travis   540 Jun 11 04:37 Repeat$_Repeat_SDF_Director_run_Repeat$__R_sL_4.class
-rw-rw-r--   1 travis travis   540 Jun 11 04:37 Repeat$_Repeat_SDF_Director_run_Repeat$__R_sL_5.class
-rw-rw-r--   1 travis travis   691 Jun 11 04:37 Repeat$_Repeat_SDF_Director_run_Repeat$__R_sL_6.class
-rw-rw-r--   1 travis travis   540 Jun 11 04:37 Repeat$_Repeat_SDF_Director_run_Repeat$__R_sL_7.class
-rw-rw-r--   1 travis travis   863 Jun 11 04:37 Repeat$_varinit_Repeat.class
-rw-rw-r--   1 travis travis   530 Jun 11 04:37 Repeat$_varinit_Repeat$__v_sL_1.class
-rw-rw-r--   1 travis travis   531 Jun 11 04:37 Repeat$_varinit_Repeat$__v_sL_2.class
-rw-rw-r--   1 travis travis   905 Jun 11 04:37 Repeat$_varinit_Repeat$__v_sL_4.class
-rw-rw-r--   1 travis travis   635 Jun 11 04:37 Repeat$_wrapup_Repeat.class
-rw-rw-r--   1 travis travis   965 Jun 11 04:37 Repeat$_wrapup_Repeat$__w_sL_1.class
-rw-rw-r--   1 travis travis   289 Jun 11 04:32 result.csv
drwxrwxr-x   3 travis travis 12288 Jun 11 04:35 Scrambler1
drwxrwxr-x   3 travis travis 20480 Jun 11 04:34 Sinewave2
drwxrwxr-x   3 travis travis 69632 Jun 11 04:35 StringCompare
drwxrwxr-x   3 travis travis 32768 Jun 11 04:35 StringFunction
drwxrwxr-x   3 travis travis 12288 Jun 11 04:35 StringLength
drwxrwxr-x   3 travis travis 57344 Jun 11 04:36 StringSimpleReplace
drwxrwxr-x   3 travis travis 12288 Jun 11 04:37 time2
drwxrwxr-x   3 travis travis 12288 Jun 11 04:37 time5
-rw-rw-r--   1 travis travis   432 Jun 11 04:38 Token.class
-rw-rw-r--   1 travis travis   251 Jun 11 04:38 Token.java
-rw-rw-r--   1 travis travis     0 Jun 11 04:37 top.
-rw-rw-r--   1 travis travis 20502 Jun 11 04:32 top.c
-rw-rw-r--   1 travis travis  3567 Jun 11 04:37 top.class
-rw-rw-r--   1 travis travis   169 Jun 11 04:32 top.html
-rw-rw-r--   1 travis travis  7552 Jun 11 04:37 top.java
-rw-rw-r--   1 travis travis 38888 Jun 11 04:32 top.o
drwxrwxr-x   3 travis travis 57344 Jun 11 04:34 UnaryMathFunction
All Done
Writing ModularCodeGen3_A2_B1.java in file:/home/travis/cg/ (10955 characters)
Reading "ptolemy/cg/kernel/generic/program/procedural/java/modular/makefile.in",
    writing "/home/travis/cg/ModularCodeGen3_A2_B1.mk"
Using ptolemy/cg/kernel/generic/program/procedural/java/modular/makefile.in
In "/home/travis/cg", about to execute:
    make -f ModularCodeGen3_A2_B1.mk
javac -classpath ".:.."    ModularCodeGen3_A2_B1.java
All Done
In "/home/travis/cg", about to execute:
    pwd
In "/home/travis/cg", about to execute:
    ls -l
/home/travis/cg
total 1480
drwxrwxr-x   3 travis travis 12288 Jun 11 04:33 AbsoluteValue
drwxrwxr-x   3 travis travis 16384 Jun 11 04:33 Case1
In "/home/travis/cg", about to execute:
    javac -classpath
.:/home/travis/build/icyphy/ptII:/home/travis/build/icyphy/ptII/lib/bsh-2.0b4.j
ar:/home/travis/build/icyphy/ptII/lib/ptCal.jar:/home/travis/build/icyphy/ptII/
lib/java_cup.jar:/home/travis/build/icyphy/ptII/lib/saxon8.jar:/home/travis/bui
ld/icyphy/ptII/lib/saxon8-dom.jar:/home/travis/build/icyphy/ptII/lib/chic.jar:/
home/travis/build/icyphy/ptII/lib/ptcolt.jar:/usr/lib/jvm/java-8-oracle/lib/too
ls.jar:/home/travis/build/icyphy/ptII/vendors/misc/itext/iText.jar:/home/travis
/build/icyphy/ptII/lib/g4ltl.jar:/home/travis/build/icyphy/ptII/lib/StructuralC
oder.jar:/home/travis/build/icyphy/ptII/vendors/jai-1_1_2_01/lib/jai_core.jar:/
home/travis/build/icyphy/ptII/vendors/jai-1_1_2_01/lib/jai_codec.jar:/home/trav
is/build/icyphy/ptII/lib/jcerti.jar:/home/travis/build/icyphy/ptII/lib/javax.ma
il.jar:/home/travis/build/icyphy/ptII/vendors/JMF-2.1.1e/lib/jmf.jar:/home/trav
is/build/icyphy/ptII/lib/jna-4.0.0-variadic.jar:/home/travis/build/icyphy/ptII/
vendors/misc/joystick/Joystick.jar:/home/travis/build/icyphy/ptII/lib/ptjacl.ja
r:/home/travis/build/icyphy/ptII/lib/jsoup-1.8.2.jar:/home/travis/build/icyphy/
ptII/lib/junit-4.8.2.jar:/home/travis/build/icyphy/ptII/lib/JUnitParams-0.4.0.j
ar:/home/travis/build/icyphy/ptII/ptolemy/actor/lib/excel/jxl.jar:/home/travis/
build/icyphy/ptII/lib/jython.jar:/home/travis/build/icyphy/ptII/lib/kieler.jar:
/home/travis/build/icyphy/ptII/vendors/opencv/share/OpenCV/java/opencv-341.jar:
/home/travis/build/icyphy/ptII/lib/oscP5.jar:/home/travis/build/icyphy/ptII/lib
/nrjavaserial-3.11.0.devel.jar:/home/travis/build/icyphy/ptII/vendors/j3d/lib/j
3dcore.jar:/home/travis/build/icyphy/ptII/vendors/j3d/lib/j3dutils.jar:/home/tr
avis/build/icyphy/ptII/vendors/j3d/lib/vecmath.jar:/home/travis/build/icyphy/pt
II/ptolemy/distributed/jini/jar/jini-core.jar:/home/travis/build/icyphy/ptII/pt
olemy/distributed/jini/jar/jini-ext.jar:/home/travis/build/icyphy/ptII/ptolemy/
distributed/jini/jar/sun-util.jar:/home/travis/build/icyphy/ptII/lib/protobuf-j
ava-2.4.1.jar:/home/travis/build/icyphy/ptII/lib/org.eclipse.paho.client.mqttv3
.jar:/home/travis/build/icyphy/ptII/lib/mapss.jar:/home/travis/build/icyphy/ptI
I/ptolemy/actor/ptalon/antlr/antlr.jar:/home/travis/build/icyphy/ptII/lib/JRI.j
ar:/home/travis/build/icyphy/ptII/lib/commons-lang-2.6.jar:/home/travis/build/i
cyphy/ptII/lib/commons-logging-1.1.1.jar:/home/travis/build/icyphy/ptII/lib/soo
tclasses.jar:/home/travis/build/icyphy/ptII/ptolemy/actor/lib/database/mysql-co
nnector-java-5.1.6-bin.jar:/home/travis/build/icyphy/ptII/vendors/misc/sphinx4/
sphinx4-data-5prealpha.jar:/home/travis/build/icyphy/ptII/vendors/misc/sphinx4/
sphinx4-core-5prealpha.jar:/home/travis/build/icyphy/ptII/lib/PDFRenderer.jar:/
home/travis/build/icyphy/ptII/lib/svgSalamander.jar:/home/travis/build/icyphy/p
tII/lib/rsyntaxtextarea-2.6.0-SNAPSHOT.jar:/home/travis/build/icyphy/ptII/lib/h
azelcast-3.8.2.jar:/home/travis/build/icyphy/ptII/lib/jackson-annotations-2.9.0
.jar:/home/travis/build/icyphy/ptII/lib/jackson-core-2.9.3.jar:/home/travis/bui
ld/icyphy/ptII/lib/jackson-databind-2.9.3.jar:/home/travis/build/icyphy/ptII/li
b/netty-buffer-4.1.19.Final.jar:/home/travis/build/icyphy/ptII/lib/netty-codec-
4.1.19.Final.jar:/home/travis/build/icyphy/ptII/lib/netty-codec-dns-4.1.19.Fina
l.jar:/home/travis/build/icyphy/ptII/lib/netty-codec-http-4.1.19.Final.jar:/hom
e/travis/build/icyphy/ptII/lib/netty-codec-http2-4.1.19.Final.jar:/home/travis/
build/icyphy/ptII/lib/netty-common-4.1.19.Final.jar:/home/travis/build/icyphy/p
tII/lib/netty-handler-4.1.19.Final.jar:/home/travis/build/icyphy/ptII/lib/netty
-resolver-4.1.19.Final.jar:/home/travis/build/icyphy/ptII/lib/netty-resolver-dn
s-4.1.19.Final.jar:/home/travis/build/icyphy/ptII/lib/netty-transport-4.1.19.Fi
nal.jar:/home/travis/build/icyphy/ptII/lib/vertx-codegen-3.5.1.jar:/home/travis
/build/icyphy/ptII/lib/vertx-core-3.5.2-SNAPSHOT.jar:/home/travis/build/icyphy/
ptII/lib/vertx-hazelcast-3.5.1.jar:/home/travis/build/icyphy/ptII/lib/vertx-lan
g-js-3.5.1.jar:/home/travis/build/icyphy/ptII/lib/vertx-service-proxy-3.5.1.jar
:/home/travis/build/icyphy/ptII/lib/vertx-web-3.5.1.jar:/home/travis/build/icyp
hy/ptII/lib/slf4j-api-1.7.13.jar:/home/travis/build/icyphy/ptII/lib/slf4j-simpl
e-1.7.13.jar:/home/travis/build/icyphy/ptII/lib/webcam-capture-0.3.12.jar:/home
/travis/build/icyphy/ptII/lib/bridj-0.7.0.jar:/home/travis/build/icyphy/ptII/li
b/xbjlib-1.1.0.nrjavaserial.jar:/home/travis/build/icyphy/ptII/ptolemy/moml/tes
t:/home/travis/build/icyphy/ptII/ant/lib/ant-launcher.jar:/home/travis/build/ic
yphy/ptII/ant/lib/ant.jar:/home/travis/build/icyphy/ptII/ant/lib/ant-junit.jar:
/home/travis/build/icyphy/ptII/ant/lib/ant-junit4.jar:/home/travis/build/icyphy
/ptII ModularCodeGen3_A2_B2_profile.java
drwxrwxr-x   3 travis travis 32768 Jun 11 04:33 Case2
-rw-rw-r--   1 travis travis  4895 Jun 11 04:37 CompiledCompositeActor_CompiledCompositeActor.class
-rw-rw-r--   1 travis travis  1592 Jun 11 04:37 CompiledCompositeActor_CompiledCompositeActor$_CompiledCompositeActor_CompiledCompositeActor.class
-rw-rw-r--   1 travis travis 13466 Jun 11 04:37 CompiledCompositeActor_CompiledCompositeActor.java
-rw-rw-r--   1 travis travis  1593 Jun 11 04:37 CompiledCompositeActor_CompiledCompositeActor.mk
drwxrwxr-x   3 travis travis 24576 Jun 11 04:35 DeScrambler
drwxrwxr-x   3 travis travis 16384 Jun 11 04:36 DotProduct
drwxrwxr-x   3 travis travis 12288 Jun 11 04:33 FileWriter1
drwxrwxr-x   3 travis travis 20480 Jun 11 04:32 FixToDoubleAndBack
drwxrwxr-x   3 travis travis 16384 Jun 11 04:33 Gaussian1
drwxrwxr-x   3 travis travis 20480 Jun 11 04:33 Gaussian2
-rw-rw-r--   1 travis travis  4457 Jun 11 04:37 JavaCompiledCompositeTest1_CompiledCompositeActor.class
-rw-rw-r--   1 travis travis 11637 Jun 11 04:37 JavaCompiledCompositeTest1_CompiledCompositeActor.java
-rw-rw-r--   1 travis travis  1198 Jun 11 04:37 JavaCompiledCompositeTest1_CompiledCompositeActor$_JavaCompiledCompositeTest1_CompiledCompositeActor.class
-rw-rw-r--   1 travis travis  1625 Jun 11 04:37 JavaCompiledCompositeTest1_CompiledCompositeActor.mk
-rw-rw-r--   1 travis travis  4888 Jun 11 04:37 JavaCompiledCompositeTest2_CompiledCompositeActor.class
-rw-rw-r--   1 travis travis 14919 Jun 11 04:37 JavaCompiledCompositeTest2_CompiledCompositeActor.java
-rw-rw-r--   1 travis travis  1793 Jun 11 04:37 JavaCompiledCompositeTest2_CompiledCompositeActor$_JavaCompiledCompositeTest2_CompiledCompositeActor.class
-rw-rw-r--   1 travis travis  1625 Jun 11 04:37 JavaCompiledCompositeTest2_CompiledCompositeActor.mk
-rw-rw-r--   1 travis travis  4505 Jun 11 04:37 JavaCompiledCompositeTest3_CompiledCompositeActor.class
-rw-rw-r--   1 travis travis 13080 Jun 11 04:37 JavaCompiledCompositeTest3_CompiledCompositeActor.java
-rw-rw-r--   1 travis travis  1378 Jun 11 04:37 JavaCompiledCompositeTest3_CompiledCompositeActor$_JavaCompiledCompositeTest3_CompiledCompositeActor.class
-rw-rw-r--   1 travis travis  1625 Jun 11 04:37 JavaCompiledCompositeTest3_CompiledCompositeActor.mk
-rw-rw-r--   1 travis travis  3953 Jun 11 04:37 JavaCompiledCompositeTest4_CompiledCompositeActor.class
-rw-rw-r--   1 travis travis  9687 Jun 11 04:37 JavaCompiledCompositeTest4_CompiledCompositeActor.java
-rw-rw-r--   1 travis travis   857 Jun 11 04:37 JavaCompiledCompositeTest4_CompiledCompositeActor$_JavaCompiledCompositeTest4_CompiledCompositeActor.class
-rw-rw-r--   1 travis travis  1625 Jun 11 04:37 JavaCompiledCompositeTest4_CompiledCompositeActor.mk
drwxrwxr-x   3 travis travis 12288 Jun 11 04:33 LookupTable
drwxrwxr-x   3 travis travis 20480 Jun 11 04:34 MaxIndex
-rw-rw-r--   1 travis travis  3693 Jun 11 04:37 ModularCG_A1_B1.class
-rw-rw-r--   1 travis travis  9730 Jun 11 04:37 ModularCG_A1_B1.java
-rw-rw-r--   1 travis travis   832 Jun 11 04:37 ModularCG_A1_B1.mk
-rw-rw-r--   1 travis travis  1318 Jun 11 04:37 ModularCG_A1_B1_profile.class
-rw-rw-r--   1 travis travis  1262 Jun 11 04:37 ModularCG_A1_B1_profile.java
-rw-rw-r--   1 travis travis  3693 Jun 11 04:37 ModularCG_A1_B2.class
-rw-rw-r--   1 travis travis  9730 Jun 11 04:37 ModularCG_A1_B2.java
-rw-rw-r--   1 travis travis   832 Jun 11 04:37 ModularCG_A1_B2.mk
-rw-rw-r--   1 travis travis  1318 Jun 11 04:37 ModularCG_A1_B2_profile.class
-rw-rw-r--   1 travis travis  1262 Jun 11 04:37 ModularCG_A1_B2_profile.java
-rw-rw-r--   1 travis travis  4799 Jun 11 04:37 ModularCG_A1.class
-rw-rw-r--   1 travis travis 14742 Jun 11 04:37 ModularCG_A1.java
-rw-rw-r--   1 travis travis   808 Jun 11 04:37 ModularCG_A1.mk
-rw-rw-r--   1 travis travis  1433 Jun 11 04:37 ModularCG_A1_profile.class
-rw-rw-r--   1 travis travis  1704 Jun 11 04:37 ModularCG_A1_profile.java
-rw-rw-r--   1 travis travis  3827 Jun 11 04:37 ModularCG_A2_B1.class
-rw-rw-r--   1 travis travis 10667 Jun 11 04:37 ModularCG_A2_B1.java
-rw-rw-r--   1 travis travis   832 Jun 11 04:37 ModularCG_A2_B1.mk
-rw-rw-r--   1 travis travis  1381 Jun 11 04:37 ModularCG_A2_B1_profile.class
-rw-rw-r--   1 travis travis  1446 Jun 11 04:37 ModularCG_A2_B1_profile.java
-rw-rw-r--   1 travis travis  3693 Jun 11 04:37 ModularCG_A2_B2.class
-rw-rw-r--   1 travis travis  9730 Jun 11 04:37 ModularCG_A2_B2.java
-rw-rw-r--   1 travis travis   832 Jun 11 04:37 ModularCG_A2_B2.mk
-rw-rw-r--   1 travis travis  1318 Jun 11 04:37 ModularCG_A2_B2_profile.class
-rw-rw-r--   1 travis travis  1262 Jun 11 04:37 ModularCG_A2_B2_profile.java
-rw-rw-r--   1 travis travis  4870 Jun 11 04:37 ModularCG_A2.class
-rw-rw-r--   1 travis travis 15129 Jun 11 04:37 ModularCG_A2.java
-rw-rw-r--   1 travis travis   808 Jun 11 04:37 ModularCG_A2.mk
-rw-rw-r--   1 travis travis  1433 Jun 11 04:37 ModularCG_A2_profile.class
-rw-rw-r--   1 travis travis  1704 Jun 11 04:37 ModularCG_A2_profile.java
-rw-rw-r--   1 travis travis  3473 Jun 11 04:37 ModularCGPubSub_A1_A2.class
-rw-rw-r--   1 travis travis  9076 Jun 11 04:37 ModularCGPubSub_A1_A2.java
-rw-rw-r--   1 travis travis   880 Jun 11 04:37 ModularCGPubSub_A1_A2.mk
-rw-rw-r--   1 travis travis  1300 Jun 11 04:37 ModularCGPubSub_A1_A2_profile.class
-rw-rw-r--   1 travis travis  1222 Jun 11 04:37 ModularCGPubSub_A1_A2_profile.java
-rw-rw-r--   1 travis travis  3790 Jun 11 04:37 ModularCGPubSub_A1.class
-rw-rw-r--   1 travis travis  9836 Jun 11 04:37 ModularCGPubSub_A1.java
-rw-rw-r--   1 travis travis   856 Jun 11 04:37 ModularCGPubSub_A1.mk
-rw-rw-r--   1 travis travis  1346 Jun 11 04:37 ModularCGPubSub_A1_profile.class
-rw-rw-r--   1 travis travis  1388 Jun 11 04:37 ModularCGPubSub_A1_profile.java
-rw-rw-r--   1 travis travis  3988 Jun 11 04:38 ModularCodeGen2_ModularCodeGenTypedCompositeActor.class
-rw-rw-r--   1 travis travis 11690 Jun 11 04:38 ModularCodeGen2_ModularCodeGenTypedCompositeActor.java
-rw-rw-r--   1 travis travis  1104 Jun 11 04:38 ModularCodeGen2_ModularCodeGenTypedCompositeActor.mk
-rw-rw-r--   1 travis travis  4272 Jun 11 04:38 ModularCodeGen2_ModularCodeGenTypedCompositeActor_ModularCodeGenTypedCompositeActor.class
-rw-rw-r--   1 travis travis 11790 Jun 11 04:37 ModularCodeGen2_ModularCodeGenTypedCompositeActor_ModularCodeGenTypedCompositeActor.java
-rw-rw-r--   1 travis travis  1376 Jun 11 04:37 ModularCodeGen2_ModularCodeGenTypedCompositeActor_ModularCodeGenTypedCompositeActor.mk
-rw-rw-r--   1 travis travis  1421 Jun 11 04:37 ModularCodeGen2_ModularCodeGenTypedCompositeActor_ModularCodeGenTypedCompositeActor_profile.class
-rw-rw-r--   1 travis travis  1294 Jun 11 04:37 ModularCodeGen2_ModularCodeGenTypedCompositeActor_ModularCodeGenTypedCompositeActor_profile.java
-rw-rw-r--   1 travis travis   820 Jun 11 04:38 ModularCodeGen2_ModularCodeGenTypedCompositeActor_profile.class
-rw-rw-r--   1 travis travis   693 Jun 11 04:38 ModularCodeGen2_ModularCodeGenTypedCompositeActor_profile.java
-rw-rw-r--   1 travis travis  3741 Jun 11 04:38 ModularCodeGen3_A1_B1.class
-rw-rw-r--   1 travis travis  9958 Jun 11 04:38 ModularCodeGen3_A1_B1.java
-rw-rw-r--   1 travis travis   880 Jun 11 04:38 ModularCodeGen3_A1_B1.mk
-rw-rw-r--   1 travis travis  1330 Jun 11 04:38 ModularCodeGen3_A1_B1_profile.class
-rw-rw-r--   1 travis travis  1274 Jun 11 04:38 ModularCodeGen3_A1_B1_profile.java
-rw-rw-r--   1 travis travis  3741 Jun 11 04:38 ModularCodeGen3_A1_B2.class
-rw-rw-r--   1 travis travis  9958 Jun 11 04:38 ModularCodeGen3_A1_B2.java
-rw-rw-r--   1 travis travis   880 Jun 11 04:38 ModularCodeGen3_A1_B2.mk
-rw-rw-r--   1 travis travis  1330 Jun 11 04:38 ModularCodeGen3_A1_B2_profile.class
-rw-rw-r--   1 travis travis  1274 Jun 11 04:38 ModularCodeGen3_A1_B2_profile.java
-rw-rw-r--   1 travis travis  4961 Jun 11 04:38 ModularCodeGen3_A1.class
-rw-rw-r--   1 travis travis 15564 Jun 11 04:38 ModularCodeGen3_A1.java
-rw-rw-r--   1 travis travis   856 Jun 11 04:38 ModularCodeGen3_A1.mk
-rw-rw-r--   1 travis travis  1445 Jun 11 04:38 ModularCodeGen3_A1_profile.class
-rw-rw-r--   1 travis travis  1716 Jun 11 04:38 ModularCodeGen3_A1_profile.java
-rw-rw-r--   1 travis travis  3887 Jun 11 04:38 ModularCodeGen3_A2_B1.class
-rw-rw-r--   1 travis travis 10955 Jun 11 04:38 ModularCodeGen3_A2_B1.java
-rw-rw-r--   1 travis travis   880 Jun 11 04:38 ModularCodeGen3_A2_B1.mk
-rw-rw-r--   1 travis travis  1393 Jun 11 04:38 ModularCodeGen3_A2_B1_profile.class
-rw-rw-r--   1 travis travis  1458 Jun 11 04:38 ModularCodeGen3_A2_B1_profile.java
-rw-rw-r--   1 travis travis  1274 Jun 11 04:38 ModularCodeGen3_A2_B2_profile.java
-rw-rw-r--   1 travis travis  3954 Jun 11 04:37 ModularCodeGen_ModularCodeGenTypedCompositeActor.class
-rw-rw-r--   1 travis travis 10970 Jun 11 04:37 ModularCodeGen_ModularCodeGenTypedCompositeActor.java
-rw-rw-r--   1 travis travis  1096 Jun 11 04:37 ModularCodeGen_ModularCodeGenTypedCompositeActor.mk
-rw-rw-r--   1 travis travis  1384 Jun 11 04:37 ModularCodeGen_ModularCodeGenTypedCompositeActor_profile.class
-rw-rw-r--   1 travis travis  1328 Jun 11 04:37 ModularCodeGen_ModularCodeGenTypedCompositeActor_profile.java
-rw-rw-r--   1 travis travis  3492 Jun 11 04:37 ModularCodeGenTest_A1_A2.class
-rw-rw-r--   1 travis travis   904 Jun 11 04:37 ModularCodeGenTest_A1_A2.mk
-rw-rw-r--   1 travis travis  1306 Jun 11 04:37 ModularCodeGenTest_A1_A2_profile.class
-rw-rw-r--   1 travis travis  3823 Jun 11 04:37 ModularCodeGenTest_A1.class
-rw-rw-r--   1 travis travis  9968 Jun 11 04:37 ModularCodeGenTest_A1.java
-rw-rw-r--   1 travis travis   880 Jun 11 04:37 ModularCodeGenTest_A1.mk
-rw-rw-r--   1 travis travis  1352 Jun 11 04:37 ModularCodeGenTest_A1_profile.class
-rw-rw-r--   1 travis travis  1394 Jun 11 04:37 ModularCodeGenTest_A1_profile.java
drwxrwxr-x   3 travis travis 36864 Jun 11 04:37 modulation2
drwxrwxr-x   3 travis travis 20480 Jun 11 04:34 Multiplexor
drwxrwxr-x 242 travis travis 12288 Jun 11 04:37 node_modules
drwxrwxr-x   3 travis travis 20480 Jun 11 04:34 PhaseUnwrap
-rw-rw-r--   1 travis travis   520 Jun 11 04:37 Repeat$_fireFunction_Repeat_Repeat$__f_sL_0.class
-rw-rw-r--   1 travis travis   522 Jun 11 04:37 Repeat$_fireFunction_Repeat_Repeat$__f_sL_10.class
-rw-rw-r--   1 travis travis   666 Jun 11 04:37 Repeat$_fireFunction_Repeat_Repeat$__f_sL_11.class
-rw-rw-r--   1 travis travis   522 Jun 11 04:37 Repeat$_fireFunction_Repeat_Repeat$__f_sL_13.class
-rw-rw-r--   1 travis travis   665 Jun 11 04:37 Repeat$_fireFunction_Repeat_Repeat$__f_sL_1.class
-rw-rw-r--   1 travis travis   520 Jun 11 04:37 Repeat$_fireFunction_Repeat_Repeat$__f_sL_2.class
-rw-rw-r--   1 travis travis   520 Jun 11 04:37 Repeat$_fireFunction_Repeat_Repeat$__f_sL_3.class
-rw-rw-r--   1 travis travis   520 Jun 11 04:37 Repeat$_fireFunction_Repeat_Repeat$__f_sL_5.class
-rw-rw-r--   1 travis travis   671 Jun 11 04:37 Repeat$_fireFunction_Repeat_Repeat$__f_sL_7.class
-rw-rw-r--   1 travis travis   520 Jun 11 04:37 Repeat$_fireFunction_Repeat_Repeat$__f_sL_9.class
-rw-rw-r--   1 travis travis   813 Jun 11 04:37 Repeat$_initialize_Repeat.class
-rw-rw-r--   1 travis travis   475 Jun 11 04:37 Repeat$_initialize_Repeat$__i_sL_0.class
-rw-rw-r--   1 travis travis   519 Jun 11 04:37 Repeat$_initialize_Repeat$__i_sL_3.class
-rw-rw-r--   1 travis travis 39778 Jun 11 04:37 Repeat.java
-rw-rw-r--   1 travis travis  1281 Jun 11 04:37 Repeat.mk
-rw-rw-r--   1 travis travis   520 Jun 11 04:37 Repeat$_preinitializeMethod_Repeat$__p_sL_0.class
-rw-rw-r--   1 travis travis   520 Jun 11 04:37 Repeat$_preinitializeMethod_Repeat$__p_sL_1.class
-rw-rw-r--   1 travis travis  1083 Jun 11 04:37 Repeat$_Repeat$_fireFunction_Repeat_AddSubtract_Repeat.class
-rw-rw-r--   1 travis travis   791 Jun 11 04:37 Repeat$_Repeat$_fireFunction_Repeat_AddSubtract_Repeat$__f_sL_0.class
-rw-rw-r--   1 travis travis   909 Jun 11 04:37 Repeat$_Repeat$_fireFunction_Repeat_AddSubtract_Repeat$__f_sL_1.class
-rw-rw-r--   1 travis travis   915 Jun 11 04:37 Repeat$_Repeat$_fireFunction_Repeat_AddSubtract_Repeat$__f_sL_2.class
-rw-rw-r--   1 travis travis   838 Jun 11 04:37 Repeat$_Repeat$_fireFunction_Repeat_Ramp2_Repeat$__f_sL_1.class
-rw-rw-r--   1 travis travis  1785 Jun 11 04:37 Repeat$_Repeat$_fireFunction_Repeat_Test_Repeat$__f_sL_2.class
-rw-rw-r--   1 travis travis   685 Jun 11 04:37 Repeat$_Repeat_SDF_Director_run_Repeat$__R_sL_0.class
-rw-rw-r--   1 travis travis   540 Jun 11 04:37 Repeat$_Repeat_SDF_Director_run_Repeat$__R_sL_1.class
-rw-rw-r--   1 travis travis   540 Jun 11 04:37 Repeat$_Repeat_SDF_Director_run_Repeat$__R_sL_2.class
-rw-rw-r--   1 travis travis   540 Jun 11 04:37 Repeat$_Repeat_SDF_Director_run_Repeat$__R_sL_4.class
-rw-rw-r--   1 travis travis   540 Jun 11 04:37 Repeat$_Repeat_SDF_Director_run_Repeat$__R_sL_5.class
-rw-rw-r--   1 travis travis   691 Jun 11 04:37 Repeat$_Repeat_SDF_Director_run_Repeat$__R_sL_6.class
-rw-rw-r--   1 travis travis   540 Jun 11 04:37 Repeat$_Repeat_SDF_Director_run_Repeat$__R_sL_7.class
-rw-rw-r--   1 travis travis   863 Jun 11 04:37 Repeat$_varinit_Repeat.class
-rw-rw-r--   1 travis travis   530 Jun 11 04:37 Repeat$_varinit_Repeat$__v_sL_1.class
-rw-rw-r--   1 travis travis   531 Jun 11 04:37 Repeat$_varinit_Repeat$__v_sL_2.class
-rw-rw-r--   1 travis travis   905 Jun 11 04:37 Repeat$_varinit_Repeat$__v_sL_4.class
-rw-rw-r--   1 travis travis   635 Jun 11 04:37 Repeat$_wrapup_Repeat.class
-rw-rw-r--   1 travis travis   965 Jun 11 04:37 Repeat$_wrapup_Repeat$__w_sL_1.class
-rw-rw-r--   1 travis travis   289 Jun 11 04:32 result.csv
drwxrwxr-x   3 travis travis 12288 Jun 11 04:35 Scrambler1
drwxrwxr-x   3 travis travis 20480 Jun 11 04:34 Sinewave2
drwxrwxr-x   3 travis travis 69632 Jun 11 04:35 StringCompare
drwxrwxr-x   3 travis travis 32768 Jun 11 04:35 StringFunction
drwxrwxr-x   3 travis travis 12288 Jun 11 04:35 StringLength
drwxrwxr-x   3 travis travis 57344 Jun 11 04:36 StringSimpleReplace
drwxrwxr-x   3 travis travis 12288 Jun 11 04:37 time2
drwxrwxr-x   3 travis travis 12288 Jun 11 04:37 time5
-rw-rw-r--   1 travis travis   432 Jun 11 04:38 Token.class
-rw-rw-r--   1 travis travis   251 Jun 11 04:38 Token.java
-rw-rw-r--   1 travis travis     0 Jun 11 04:37 top.
-rw-rw-r--   1 travis travis 20502 Jun 11 04:32 top.c
-rw-rw-r--   1 travis travis  3567 Jun 11 04:37 top.class
-rw-rw-r--   1 travis travis   169 Jun 11 04:32 top.html
-rw-rw-r--   1 travis travis  7552 Jun 11 04:37 top.java
-rw-rw-r--   1 travis travis 38888 Jun 11 04:32 top.o
drwxrwxr-x   3 travis travis 57344 Jun 11 04:34 UnaryMathFunction
All Done
Writing ModularCodeGen3_A2_B2.java in file:/home/travis/cg/ (9958 characters)
Reading "ptolemy/cg/kernel/generic/program/procedural/java/modular/makefile.in",
    writing "/home/travis/cg/ModularCodeGen3_A2_B2.mk"
Using ptolemy/cg/kernel/generic/program/procedural/java/modular/makefile.in
In "/home/travis/cg", about to execute:
    make -f ModularCodeGen3_A2_B2.mk
javac -classpath ".:.."    ModularCodeGen3_A2_B2.java
All Done
In "/home/travis/cg", about to execute:
    pwd
/home/travis/cg
In "/home/travis/cg", about to execute:
    ls -l
total 1508
drwxrwxr-x   3 travis travis 12288 Jun 11 04:33 AbsoluteValue
drwxrwxr-x   3 travis travis 16384 Jun 11 04:33 Case1
drwxrwxr-x   3 travis travis 32768 Jun 11 04:33 Case2
-rw-rw-r--   1 travis travis  4895 Jun 11 04:37 CompiledCompositeActor_CompiledCompositeActor.class
-rw-rw-r--   1 travis travis  1592 Jun 11 04:37 CompiledCompositeActor_CompiledCompositeActor$_CompiledCompositeActor_CompiledCompositeActor.class
-rw-rw-r--   1 travis travis 13466 Jun 11 04:37 CompiledCompositeActor_CompiledCompositeActor.java
-rw-rw-r--   1 travis travis  1593 Jun 11 04:37 CompiledCompositeActor_CompiledCompositeActor.mk
drwxrwxr-x   3 travis travis 24576 Jun 11 04:35 DeScrambler
drwxrwxr-x   3 travis travis 16384 Jun 11 04:36 DotProduct
drwxrwxr-x   3 travis travis 12288 Jun 11 04:33 FileWriter1
drwxrwxr-x   3 travis travis 20480 Jun 11 04:32 FixToDoubleAndBack
drwxrwxr-x   3 travis travis 16384 Jun 11 04:33 Gaussian1
drwxrwxr-x   3 travis travis 20480 Jun 11 04:33 Gaussian2
-rw-rw-r--   1 travis travis  4457 Jun 11 04:37 JavaCompiledCompositeTest1_CompiledCompositeActor.class
-rw-rw-r--   1 travis travis 11637 Jun 11 04:37 JavaCompiledCompositeTest1_CompiledCompositeActor.java
-rw-rw-r--   1 travis travis  1198 Jun 11 04:37 JavaCompiledCompositeTest1_CompiledCompositeActor$_JavaCompiledCompositeTest1_CompiledCompositeActor.class
-rw-rw-r--   1 travis travis  1625 Jun 11 04:37 JavaCompiledCompositeTest1_CompiledCompositeActor.mk
-rw-rw-r--   1 travis travis  4888 Jun 11 04:37 JavaCompiledCompositeTest2_CompiledCompositeActor.class
-rw-rw-r--   1 travis travis 14919 Jun 11 04:37 JavaCompiledCompositeTest2_CompiledCompositeActor.java
-rw-rw-r--   1 travis travis  1793 Jun 11 04:37 JavaCompiledCompositeTest2_CompiledCompositeActor$_JavaCompiledCompositeTest2_CompiledCompositeActor.class
-rw-rw-r--   1 travis travis  1625 Jun 11 04:37 JavaCompiledCompositeTest2_CompiledCompositeActor.mk
-rw-rw-r--   1 travis travis  4505 Jun 11 04:37 JavaCompiledCompositeTest3_CompiledCompositeActor.class
-rw-rw-r--   1 travis travis 13080 Jun 11 04:37 JavaCompiledCompositeTest3_CompiledCompositeActor.java
-rw-rw-r--   1 travis travis  1378 Jun 11 04:37 JavaCompiledCompositeTest3_CompiledCompositeActor$_JavaCompiledCompositeTest3_CompiledCompositeActor.class
-rw-rw-r--   1 travis travis  1625 Jun 11 04:37 JavaCompiledCompositeTest3_CompiledCompositeActor.mk
-rw-rw-r--   1 travis travis  3953 Jun 11 04:37 JavaCompiledCompositeTest4_CompiledCompositeActor.class
-rw-rw-r--   1 travis travis  9687 Jun 11 04:37 JavaCompiledCompositeTest4_CompiledCompositeActor.java
-rw-rw-r--   1 travis travis   857 Jun 11 04:37 JavaCompiledCompositeTest4_CompiledCompositeActor$_JavaCompiledCompositeTest4_CompiledCompositeActor.class
-rw-rw-r--   1 travis travis  1625 Jun 11 04:37 JavaCompiledCompositeTest4_CompiledCompositeActor.mk
drwxrwxr-x   3 travis travis 12288 Jun 11 04:33 LookupTable
drwxrwxr-x   3 travis travis 20480 Jun 11 04:34 MaxIndex
-rw-rw-r--   1 travis travis  3693 Jun 11 04:37 ModularCG_A1_B1.class
-rw-rw-r--   1 travis travis  9730 Jun 11 04:37 ModularCG_A1_B1.java
-rw-rw-r--   1 travis travis   832 Jun 11 04:37 ModularCG_A1_B1.mk
-rw-rw-r--   1 travis travis  1318 Jun 11 04:37 ModularCG_A1_B1_profile.class
-rw-rw-r--   1 travis travis  1262 Jun 11 04:37 ModularCG_A1_B1_profile.java
-rw-rw-r--   1 travis travis  3693 Jun 11 04:37 ModularCG_A1_B2.class
-rw-rw-r--   1 travis travis  9730 Jun 11 04:37 ModularCG_A1_B2.java
-rw-rw-r--   1 travis travis   832 Jun 11 04:37 ModularCG_A1_B2.mk
-rw-rw-r--   1 travis travis  1318 Jun 11 04:37 ModularCG_A1_B2_profile.class
-rw-rw-r--   1 travis travis  1262 Jun 11 04:37 ModularCG_A1_B2_profile.java
-rw-rw-r--   1 travis travis  4799 Jun 11 04:37 ModularCG_A1.class
-rw-rw-r--   1 travis travis 14742 Jun 11 04:37 ModularCG_A1.java
-rw-rw-r--   1 travis travis   808 Jun 11 04:37 ModularCG_A1.mk
-rw-rw-r--   1 travis travis  1433 Jun 11 04:37 ModularCG_A1_profile.class
-rw-rw-r--   1 travis travis  1704 Jun 11 04:37 ModularCG_A1_profile.java
-rw-rw-r--   1 travis travis  3827 Jun 11 04:37 ModularCG_A2_B1.class
-rw-rw-r--   1 travis travis 10667 Jun 11 04:37 ModularCG_A2_B1.java
-rw-rw-r--   1 travis travis   832 Jun 11 04:37 ModularCG_A2_B1.mk
-rw-rw-r--   1 travis travis  1381 Jun 11 04:37 ModularCG_A2_B1_profile.class
-rw-rw-r--   1 travis travis  1446 Jun 11 04:37 ModularCG_A2_B1_profile.java
-rw-rw-r--   1 travis travis  3693 Jun 11 04:37 ModularCG_A2_B2.class
-rw-rw-r--   1 travis travis  9730 Jun 11 04:37 ModularCG_A2_B2.java
-rw-rw-r--   1 travis travis   832 Jun 11 04:37 ModularCG_A2_B2.mk
-rw-rw-r--   1 travis travis  1318 Jun 11 04:37 ModularCG_A2_B2_profile.class
-rw-rw-r--   1 travis travis  1262 Jun 11 04:37 ModularCG_A2_B2_profile.java
-rw-rw-r--   1 travis travis  4870 Jun 11 04:37 ModularCG_A2.class
-rw-rw-r--   1 travis travis 15129 Jun 11 04:37 ModularCG_A2.java
-rw-rw-r--   1 travis travis   808 Jun 11 04:37 ModularCG_A2.mk
-rw-rw-r--   1 travis travis  1433 Jun 11 04:37 ModularCG_A2_profile.class
-rw-rw-r--   1 travis travis  1704 Jun 11 04:37 ModularCG_A2_profile.java
-rw-rw-r--   1 travis travis  3473 Jun 11 04:37 ModularCGPubSub_A1_A2.class
-rw-rw-r--   1 travis travis  9076 Jun 11 04:37 ModularCGPubSub_A1_A2.java
-rw-rw-r--   1 travis travis   880 Jun 11 04:37 ModularCGPubSub_A1_A2.mk
-rw-rw-r--   1 travis travis  1300 Jun 11 04:37 ModularCGPubSub_A1_A2_profile.class
-rw-rw-r--   1 travis travis  1222 Jun 11 04:37 ModularCGPubSub_A1_A2_profile.java
-rw-rw-r--   1 travis travis  3790 Jun 11 04:37 ModularCGPubSub_A1.class
-rw-rw-r--   1 travis travis  9836 Jun 11 04:37 ModularCGPubSub_A1.java
-rw-rw-r--   1 travis travis   856 Jun 11 04:37 ModularCGPubSub_A1.mk
-rw-rw-r--   1 travis travis  1346 Jun 11 04:37 ModularCGPubSub_A1_profile.class
-rw-rw-r--   1 travis travis  1388 Jun 11 04:37 ModularCGPubSub_A1_profile.java
-rw-rw-r--   1 travis travis  3988 Jun 11 04:38 ModularCodeGen2_ModularCodeGenTypedCompositeActor.class
-rw-rw-r--   1 travis travis 11690 Jun 11 04:38 ModularCodeGen2_ModularCodeGenTypedCompositeActor.java
-rw-rw-r--   1 travis travis  1104 Jun 11 04:38 ModularCodeGen2_ModularCodeGenTypedCompositeActor.mk
-rw-rw-r--   1 travis travis  4272 Jun 11 04:38 ModularCodeGen2_ModularCodeGenTypedCompositeActor_ModularCodeGenTypedCompositeActor.class
-rw-rw-r--   1 travis travis 11790 Jun 11 04:37 ModularCodeGen2_ModularCodeGenTypedCompositeActor_ModularCodeGenTypedCompositeActor.java
-rw-rw-r--   1 travis travis  1376 Jun 11 04:37 ModularCodeGen2_ModularCodeGenTypedCompositeActor_ModularCodeGenTypedCompositeActor.mk
-rw-rw-r--   1 travis travis  1421 Jun 11 04:37 ModularCodeGen2_ModularCodeGenTypedCompositeActor_ModularCodeGenTypedCompositeActor_profile.class
-rw-rw-r--   1 travis travis  1294 Jun 11 04:37 ModularCodeGen2_ModularCodeGenTypedCompositeActor_ModularCodeGenTypedCompositeActor_profile.java
-rw-rw-r--   1 travis travis   820 Jun 11 04:38 ModularCodeGen2_ModularCodeGenTypedCompositeActor_profile.class
-rw-rw-r--   1 travis travis   693 Jun 11 04:38 ModularCodeGen2_ModularCodeGenTypedCompositeActor_profile.java
-rw-rw-r--   1 travis travis  3741 Jun 11 04:38 ModularCodeGen3_A1_B1.class
-rw-rw-r--   1 travis travis  9958 Jun 11 04:38 ModularCodeGen3_A1_B1.java
-rw-rw-r--   1 travis travis   880 Jun 11 04:38 ModularCodeGen3_A1_B1.mk
-rw-rw-r--   1 travis travis  1330 Jun 11 04:38 ModularCodeGen3_A1_B1_profile.class
-rw-rw-r--   1 travis travis  1274 Jun 11 04:38 ModularCodeGen3_A1_B1_profile.java
-rw-rw-r--   1 travis travis  3741 Jun 11 04:38 ModularCodeGen3_A1_B2.class
-rw-rw-r--   1 travis travis  9958 Jun 11 04:38 ModularCodeGen3_A1_B2.java
-rw-rw-r--   1 travis travis   880 Jun 11 04:38 ModularCodeGen3_A1_B2.mk
-rw-rw-r--   1 travis travis  1330 Jun 11 04:38 ModularCodeGen3_A1_B2_profile.class
-rw-rw-r--   1 travis travis  1274 Jun 11 04:38 ModularCodeGen3_A1_B2_profile.java
-rw-rw-r--   1 travis travis  4961 Jun 11 04:38 ModularCodeGen3_A1.class
-rw-rw-r--   1 travis travis 15564 Jun 11 04:38 ModularCodeGen3_A1.java
-rw-rw-r--   1 travis travis   856 Jun 11 04:38 ModularCodeGen3_A1.mk
-rw-rw-r--   1 travis travis  1445 Jun 11 04:38 ModularCodeGen3_A1_profile.class
-rw-rw-r--   1 travis travis  1716 Jun 11 04:38 ModularCodeGen3_A1_profile.java
-rw-rw-r--   1 travis travis  3887 Jun 11 04:38 ModularCodeGen3_A2_B1.class
-rw-rw-r--   1 travis travis 10955 Jun 11 04:38 ModularCodeGen3_A2_B1.java
-rw-rw-r--   1 travis travis   880 Jun 11 04:38 ModularCodeGen3_A2_B1.mk
-rw-rw-r--   1 travis travis  1393 Jun 11 04:38 ModularCodeGen3_A2_B1_profile.class
-rw-rw-r--   1 travis travis  1458 Jun 11 04:38 ModularCodeGen3_A2_B1_profile.java
-rw-rw-r--   1 travis travis  3741 Jun 11 04:38 ModularCodeGen3_A2_B2.class
-rw-rw-r--   1 travis travis  9958 Jun 11 04:38 ModularCodeGen3_A2_B2.java
-rw-rw-r--   1 travis travis   880 Jun 11 04:38 ModularCodeGen3_A2_B2.mk
-rw-rw-r--   1 travis travis  1330 Jun 11 04:38 ModularCodeGen3_A2_B2_profile.class
-rw-rw-r--   1 travis travis  1274 Jun 11 04:38 ModularCodeGen3_A2_B2_profile.java
-rw-rw-r--   1 travis travis  1716 Jun 11 04:38 ModularCodeGen3_A2_profile.java
-rw-rw-r--   1 travis travis  3954 Jun 11 04:37 ModularCodeGen_ModularCodeGenTypedCompositeActor.class
-rw-rw-r--   1 travis travis 10970 Jun 11 04:37 ModularCodeGen_ModularCodeGenTypedCompositeActor.java
-rw-rw-r--   1 travis travis  1096 Jun 11 04:37 ModularCodeGen_ModularCodeGenTypedCompositeActor.mk
-rw-rw-r--   1 travis travis  1384 Jun 11 04:37 ModularCodeGen_ModularCodeGenTypedCompositeActor_profile.class
-rw-rw-r--   1 travis travis  1328 Jun 11 04:37 ModularCodeGen_ModularCodeGenTypedCompositeActor_profile.java
-rw-rw-r--   1 travis travis  3492 Jun 11 04:37 ModularCodeGenTest_A1_A2.class
-rw-rw-r--   1 travis travis   904 Jun 11 04:37 ModularCodeGenTest_A1_A2.mk
-rw-rw-r--   1 travis travis  1306 Jun 11 04:37 ModularCodeGenTest_A1_A2_profile.class
-rw-rw-r--   1 travis travis  3823 Jun 11 04:37 ModularCodeGenTest_A1.class
-rw-rw-r--   1 travis travis  9968 Jun 11 04:37 ModularCodeGenTest_A1.java
-rw-rw-r--   1 travis travis   880 Jun 11 04:37 ModularCodeGenTest_A1.mk
-rw-rw-r--   1 travis travis  1352 Jun 11 04:37 ModularCodeGenTest_A1_profile.class
-rw-rw-r--   1 travis travis  1394 Jun 11 04:37 ModularCodeGenTest_A1_profile.java
drwxrwxr-x   3 travis travis 36864 Jun 11 04:37 modulation2
drwxrwxr-x   3 travis travis 20480 Jun 11 04:34 Multiplexor
drwxrwxr-x 242 travis travis 12288 Jun 11 04:37 node_modules
drwxrwxr-x   3 travis travis 20480 Jun 11 04:34 PhaseUnwrap
-rw-rw-r--   1 travis travis   520 Jun 11 04:37 Repeat$_fireFunction_Repeat_Repeat$__f_sL_0.class
-rw-rw-r--   1 travis travis   522 Jun 11 04:37 Repeat$_fireFunction_Repeat_Repeat$__f_sL_10.class
-rw-rw-r--   1 travis travis   666 Jun 11 04:37 Repeat$_fireFunction_Repeat_Repeat$__f_sL_11.class
-rw-rw-r--   1 travis travis   522 Jun 11 04:37 Repeat$_fireFunction_Repeat_Repeat$__f_sL_13.class
-rw-rw-r--   1 travis travis   665 Jun 11 04:37 Repeat$_fireFunction_Repeat_Repeat$__f_sL_1.class
-rw-rw-r--   1 travis travis   520 Jun 11 04:37 Repeat$_fireFunction_Repeat_Repeat$__f_sL_2.class
-rw-rw-r--   1 travis travis   520 Jun 11 04:37 Repeat$_fireFunction_Repeat_Repeat$__f_sL_3.class
-rw-rw-r--   1 travis travis   520 Jun 11 04:37 Repeat$_fireFunction_Repeat_Repeat$__f_sL_5.class
-rw-rw-r--   1 travis travis   671 Jun 11 04:37 Repeat$_fireFunction_Repeat_Repeat$__f_sL_7.class
-rw-rw-r--   1 travis travis   520 Jun 11 04:37 Repeat$_fireFunction_Repeat_Repeat$__f_sL_9.class
-rw-rw-r--   1 travis travis   813 Jun 11 04:37 Repeat$_initialize_Repeat.class
-rw-rw-r--   1 travis travis   475 Jun 11 04:37 Repeat$_initialize_Repeat$__i_sL_0.class
-rw-rw-r--   1 travis travis   519 Jun 11 04:37 Repeat$_initialize_Repeat$__i_sL_3.class
-rw-rw-r--   1 travis travis 39778 Jun 11 04:37 Repeat.java
-rw-rw-r--   1 travis travis  1281 Jun 11 04:37 Repeat.mk
-rw-rw-r--   1 travis travis   520 Jun 11 04:37 Repeat$_preinitializeMethod_Repeat$__p_sL_0.class
-rw-rw-r--   1 travis travis   520 Jun 11 04:37 Repeat$_preinitializeMethod_Repeat$__p_sL_1.class
-rw-rw-r--   1 travis travis  1083 Jun 11 04:37 Repeat$_Repeat$_fireFunction_Repeat_AddSubtract_Repeat.class
-rw-rw-r--   1 travis travis   791 Jun 11 04:37 Repeat$_Repeat$_fireFunction_Repeat_AddSubtract_Repeat$__f_sL_0.class
-rw-rw-r--   1 travis travis   909 Jun 11 04:37 Repeat$_Repeat$_fireFunction_Repeat_AddSubtract_Repeat$__f_sL_1.class
-rw-rw-r--   1 travis travis   915 Jun 11 04:37 Repeat$_Repeat$_fireFunction_Repeat_AddSubtract_Repeat$__f_sL_2.class
-rw-rw-r--   1 travis travis   838 Jun 11 04:37 Repeat$_Repeat$_fireFunction_Repeat_Ramp2_Repeat$__f_sL_1.class
-rw-rw-r--   1 travis travis  1785 Jun 11 04:37 Repeat$_Repeat$_fireFunction_Repeat_Test_Repeat$__f_sL_2.class
-rw-rw-r--   1 travis travis   685 Jun 11 04:37 Repeat$_Repeat_SDF_Director_run_Repeat$__R_sL_0.class
-rw-rw-r--   1 travis travis   540 Jun 11 04:37 Repeat$_Repeat_SDF_Director_run_Repeat$__R_sL_1.class
-rw-rw-r--   1 travis travis   540 Jun 11 04:37 Repeat$_Repeat_SDF_Director_run_Repeat$__R_sL_2.class
-rw-rw-r--   1 travis travis   540 Jun 11 04:37 Repeat$_Repeat_SDF_Director_run_Repeat$__R_sL_4.class
-rw-rw-r--   1 travis travis   540 Jun 11 04:37 Repeat$_Repeat_SDF_Director_run_Repeat$__R_sL_5.class
-rw-rw-r--   1 travis travis   691 Jun 11 04:37 Repeat$_Repeat_SDF_Director_run_Repeat$__R_sL_6.class
-rw-rw-r--   1 travis travis   540 Jun 11 04:37 Repeat$_Repeat_SDF_Director_run_Repeat$__R_sL_7.class
-rw-rw-r--   1 travis travis   863 Jun 11 04:37 Repeat$_varinit_Repeat.class
-rw-rw-r--   1 travis travis   530 Jun 11 04:37 Repeat$_varinit_Repeat$__v_sL_1.class
-rw-rw-r--   1 travis travis   531 Jun 11 04:37 Repeat$_varinit_Repeat$__v_sL_2.class
-rw-rw-r--   1 travis travis   905 Jun 11 04:37 Repeat$_varinit_Repeat$__v_sL_4.class
-rw-rw-r--   1 travis travis   635 Jun 11 04:37 Repeat$_wrapup_Repeat.class
-rw-rw-r--   1 travis travis   965 Jun 11 04:37 Repeat$_wrapup_Repeat$__w_sL_1.class
-rw-rw-r--   1 travis travis   289 Jun 11 04:32 result.csv
drwxrwxr-x   3 travis travis 12288 Jun 11 04:35 Scrambler1
drwxrwxr-x   3 travis travis 20480 Jun 11 04:34 Sinewave2
drwxrwxr-x   3 travis travis 69632 Jun 11 04:35 StringCompare
drwxrwxr-x   3 travis travis 32768 Jun 11 04:35 StringFunction
drwxrwxr-x   3 travis travis 12288 Jun 11 04:35 StringLength
drwxrwxr-x   3 travis travis 57344 Jun 11 04:36 StringSimpleReplace
drwxrwxr-x   3 travis travis 12288 Jun 11 04:37 time2
drwxrwxr-x   3 travis travis 12288 Jun 11 04:37 time5
-rw-rw-r--   1 travis travis   432 Jun 11 04:38 Token.class
-rw-rw-r--   1 travis travis   251 Jun 11 04:38 Token.java
-rw-rw-r--   1 travis travis     0 Jun 11 04:37 top.
-rw-rw-r--   1 travis travis 20502 Jun 11 04:32 top.c
-rw-rw-r--   1 travis travis  3567 Jun 11 04:37 top.class
-rw-rw-r--   1 travis travis   169 Jun 11 04:32 top.html
-rw-rw-r--   1 travis travis  7552 Jun 11 04:37 top.java
-rw-rw-r--   1 travis travis 38888 Jun 11 04:32 top.o
drwxrwxr-x   3 travis travis 57344 Jun 11 04:34 UnaryMathFunction
In "/home/travis/cg", about to execute:
    javac -classpath
.:/home/travis/build/icyphy/ptII:/home/travis/build/icyphy/ptII/lib/bsh-2.0b4.j
ar:/home/travis/build/icyphy/ptII/lib/ptCal.jar:/home/travis/build/icyphy/ptII/
lib/java_cup.jar:/home/travis/build/icyphy/ptII/lib/saxon8.jar:/home/travis/bui
ld/icyphy/ptII/lib/saxon8-dom.jar:/home/travis/build/icyphy/ptII/lib/chic.jar:/
home/travis/build/icyphy/ptII/lib/ptcolt.jar:/usr/lib/jvm/java-8-oracle/lib/too
ls.jar:/home/travis/build/icyphy/ptII/vendors/misc/itext/iText.jar:/home/travis
/build/icyphy/ptII/lib/g4ltl.jar:/home/travis/build/icyphy/ptII/lib/StructuralC
oder.jar:/home/travis/build/icyphy/ptII/vendors/jai-1_1_2_01/lib/jai_core.jar:/
home/travis/build/icyphy/ptII/vendors/jai-1_1_2_01/lib/jai_codec.jar:/home/trav
is/build/icyphy/ptII/lib/jcerti.jar:/home/travis/build/icyphy/ptII/lib/javax.ma
il.jar:/home/travis/build/icyphy/ptII/vendors/JMF-2.1.1e/lib/jmf.jar:/home/trav
is/build/icyphy/ptII/lib/jna-4.0.0-variadic.jar:/home/travis/build/icyphy/ptII/
vendors/misc/joystick/Joystick.jar:/home/travis/build/icyphy/ptII/lib/ptjacl.ja
r:/home/travis/build/icyphy/ptII/lib/jsoup-1.8.2.jar:/home/travis/build/icyphy/
ptII/lib/junit-4.8.2.jar:/home/travis/build/icyphy/ptII/lib/JUnitParams-0.4.0.j
ar:/home/travis/build/icyphy/ptII/ptolemy/actor/lib/excel/jxl.jar:/home/travis/
build/icyphy/ptII/lib/jython.jar:/home/travis/build/icyphy/ptII/lib/kieler.jar:
/home/travis/build/icyphy/ptII/vendors/opencv/share/OpenCV/java/opencv-341.jar:
/home/travis/build/icyphy/ptII/lib/oscP5.jar:/home/travis/build/icyphy/ptII/lib
/nrjavaserial-3.11.0.devel.jar:/home/travis/build/icyphy/ptII/vendors/j3d/lib/j
3dcore.jar:/home/travis/build/icyphy/ptII/vendors/j3d/lib/j3dutils.jar:/home/tr
avis/build/icyphy/ptII/vendors/j3d/lib/vecmath.jar:/home/travis/build/icyphy/pt
II/ptolemy/distributed/jini/jar/jini-core.jar:/home/travis/build/icyphy/ptII/pt
olemy/distributed/jini/jar/jini-ext.jar:/home/travis/build/icyphy/ptII/ptolemy/
distributed/jini/jar/sun-util.jar:/home/travis/build/icyphy/ptII/lib/protobuf-j
ava-2.4.1.jar:/home/travis/build/icyphy/ptII/lib/org.eclipse.paho.client.mqttv3
.jar:/home/travis/build/icyphy/ptII/lib/mapss.jar:/home/travis/build/icyphy/ptI
I/ptolemy/actor/ptalon/antlr/antlr.jar:/home/travis/build/icyphy/ptII/lib/JRI.j
ar:/home/travis/build/icyphy/ptII/lib/commons-lang-2.6.jar:/home/travis/build/i
cyphy/ptII/lib/commons-logging-1.1.1.jar:/home/travis/build/icyphy/ptII/lib/soo
tclasses.jar:/home/travis/build/icyphy/ptII/ptolemy/actor/lib/database/mysql-co
nnector-java-5.1.6-bin.jar:/home/travis/build/icyphy/ptII/vendors/misc/sphinx4/
sphinx4-data-5prealpha.jar:/home/travis/build/icyphy/ptII/vendors/misc/sphinx4/
sphinx4-core-5prealpha.jar:/home/travis/build/icyphy/ptII/lib/PDFRenderer.jar:/
home/travis/build/icyphy/ptII/lib/svgSalamander.jar:/home/travis/build/icyphy/p
tII/lib/rsyntaxtextarea-2.6.0-SNAPSHOT.jar:/home/travis/build/icyphy/ptII/lib/h
azelcast-3.8.2.jar:/home/travis/build/icyphy/ptII/lib/jackson-annotations-2.9.0
.jar:/home/travis/build/icyphy/ptII/lib/jackson-core-2.9.3.jar:/home/travis/bui
ld/icyphy/ptII/lib/jackson-databind-2.9.3.jar:/home/travis/build/icyphy/ptII/li
b/netty-buffer-4.1.19.Final.jar:/home/travis/build/icyphy/ptII/lib/netty-codec-
4.1.19.Final.jar:/home/travis/build/icyphy/ptII/lib/netty-codec-dns-4.1.19.Fina
l.jar:/home/travis/build/icyphy/ptII/lib/netty-codec-http-4.1.19.Final.jar:/hom
e/travis/build/icyphy/ptII/lib/netty-codec-http2-4.1.19.Final.jar:/home/travis/
build/icyphy/ptII/lib/netty-common-4.1.19.Final.jar:/home/travis/build/icyphy/p
tII/lib/netty-handler-4.1.19.Final.jar:/home/travis/build/icyphy/ptII/lib/netty
-resolver-4.1.19.Final.jar:/home/travis/build/icyphy/ptII/lib/netty-resolver-dn
s-4.1.19.Final.jar:/home/travis/build/icyphy/ptII/lib/netty-transport-4.1.19.Fi
nal.jar:/home/travis/build/icyphy/ptII/lib/vertx-codegen-3.5.1.jar:/home/travis
/build/icyphy/ptII/lib/vertx-core-3.5.2-SNAPSHOT.jar:/home/travis/build/icyphy/
ptII/lib/vertx-hazelcast-3.5.1.jar:/home/travis/build/icyphy/ptII/lib/vertx-lan
g-js-3.5.1.jar:/home/travis/build/icyphy/ptII/lib/vertx-service-proxy-3.5.1.jar
:/home/travis/build/icyphy/ptII/lib/vertx-web-3.5.1.jar:/home/travis/build/icyp
hy/ptII/lib/slf4j-api-1.7.13.jar:/home/travis/build/icyphy/ptII/lib/slf4j-simpl
e-1.7.13.jar:/home/travis/build/icyphy/ptII/lib/webcam-capture-0.3.12.jar:/home
/travis/build/icyphy/ptII/lib/bridj-0.7.0.jar:/home/travis/build/icyphy/ptII/li
b/xbjlib-1.1.0.nrjavaserial.jar:/home/travis/build/icyphy/ptII/ptolemy/moml/tes
t:/home/travis/build/icyphy/ptII/ant/lib/ant-launcher.jar:/home/travis/build/ic
yphy/ptII/ant/lib/ant.jar:/home/travis/build/icyphy/ptII/ant/lib/ant-junit.jar:
/home/travis/build/icyphy/ptII/ant/lib/ant-junit4.jar:/home/travis/build/icyphy
/ptII ModularCodeGen3_A2_profile.java
All Done
Writing ModularCodeGen3_A2.java in file:/home/travis/cg/ (15957 characters)
Reading "ptolemy/cg/kernel/generic/program/procedural/java/modular/makefile.in",
    writing "/home/travis/cg/ModularCodeGen3_A2.mk"
Using ptolemy/cg/kernel/generic/program/procedural/java/modular/makefile.in
In "/home/travis/cg", about to execute:
    make -f ModularCodeGen3_A2.mk
javac -classpath ".:.."    ModularCodeGen3_A2.java
All Done
Manager.initialize() finished: 12229 ms. Memory: 154112K Free: 129030K (84%)
12232 ms. Memory: 154112K Free: 129028K (84%)
----------------- Invoking toplevel() on ptolemy.moml.MoMLSimpleApplication@633135d
----------------- Done invoking toplevel() on ptolemy.moml.MoMLSimpleApplication@633135d
reloadAllAccessors: .ModularCodeGen3

===========================================================================================
----------------- testing Tue Jun 11 04:38:14 UTC 2019 /home/travis/build/icyphy/ptII/ptolemy/cg/lib/test/auto/ModularCodeGen4.xml
----------------- Instantiating /home/travis/build/icyphy/ptII/ptolemy/cg/lib/test/auto/ModularCodeGen4.xml
In "/home/travis/cg", about to execute:
    pwd
In "/home/travis/cg", about to execute:
    ls -l
/home/travis/cg
In "/home/travis/cg", about to execute:
    javac -classpath
.:/home/travis/build/icyphy/ptII:/home/travis/build/icyphy/ptII/lib/bsh-2.0b4.j
ar:/home/travis/build/icyphy/ptII/lib/ptCal.jar:/home/travis/build/icyphy/ptII/
lib/java_cup.jar:/home/travis/build/icyphy/ptII/lib/saxon8.jar:/home/travis/bui
ld/icyphy/ptII/lib/saxon8-dom.jar:/home/travis/build/icyphy/ptII/lib/chic.jar:/
home/travis/build/icyphy/ptII/lib/ptcolt.jar:/usr/lib/jvm/java-8-oracle/lib/too
ls.jar:/home/travis/build/icyphy/ptII/vendors/misc/itext/iText.jar:/home/travis
/build/icyphy/ptII/lib/g4ltl.jar:/home/travis/build/icyphy/ptII/lib/StructuralC
oder.jar:/home/travis/build/icyphy/ptII/vendors/jai-1_1_2_01/lib/jai_core.jar:/
home/travis/build/icyphy/ptII/vendors/jai-1_1_2_01/lib/jai_codec.jar:/home/trav
is/build/icyphy/ptII/lib/jcerti.jar:/home/travis/build/icyphy/ptII/lib/javax.ma
il.jar:/home/travis/build/icyphy/ptII/vendors/JMF-2.1.1e/lib/jmf.jar:/home/trav
is/build/icyphy/ptII/lib/jna-4.0.0-variadic.jar:/home/travis/build/icyphy/ptII/
vendors/misc/joystick/Joystick.jar:/home/travis/build/icyphy/ptII/lib/ptjacl.ja
r:/home/travis/build/icyphy/ptII/lib/jsoup-1.8.2.jar:/home/travis/build/icyphy/
ptII/lib/junit-4.8.2.jar:/home/travis/build/icyphy/ptII/lib/JUnitParams-0.4.0.j
ar:/home/travis/build/icyphy/ptII/ptolemy/actor/lib/excel/jxl.jar:/home/travis/
build/icyphy/ptII/lib/jython.jar:/home/travis/build/icyphy/ptII/lib/kieler.jar:
/home/travis/build/icyphy/ptII/vendors/opencv/share/OpenCV/java/opencv-341.jar:
/home/travis/build/icyphy/ptII/lib/oscP5.jar:/home/travis/build/icyphy/ptII/lib
/nrjavaserial-3.11.0.devel.jar:/home/travis/build/icyphy/ptII/vendors/j3d/lib/j
3dcore.jar:/home/travis/build/icyphy/ptII/vendors/j3d/lib/j3dutils.jar:/home/tr
avis/build/icyphy/ptII/vendors/j3d/lib/vecmath.jar:/home/travis/build/icyphy/pt
II/ptolemy/distributed/jini/jar/jini-core.jar:/home/travis/build/icyphy/ptII/pt
olemy/distributed/jini/jar/jini-ext.jar:/home/travis/build/icyphy/ptII/ptolemy/
distributed/jini/jar/sun-util.jar:/home/travis/build/icyphy/ptII/lib/protobuf-j
ava-2.4.1.jar:/home/travis/build/icyphy/ptII/lib/org.eclipse.paho.client.mqttv3
.jar:/home/travis/build/icyphy/ptII/lib/mapss.jar:/home/travis/build/icyphy/ptI
I/ptolemy/actor/ptalon/antlr/antlr.jar:/home/travis/build/icyphy/ptII/lib/JRI.j
ar:/home/travis/build/icyphy/ptII/lib/commons-lang-2.6.jar:/home/travis/build/i
cyphy/ptII/lib/commons-logging-1.1.1.jar:/home/travis/build/icyphy/ptII/lib/soo
tclasses.jar:/home/travis/build/icyphy/ptII/ptolemy/actor/lib/database/mysql-co
nnector-java-5.1.6-bin.jar:/home/travis/build/icyphy/ptII/vendors/misc/sphinx4/
sphinx4-data-5prealpha.jar:/home/travis/build/icyphy/ptII/vendors/misc/sphinx4/
sphinx4-core-5prealpha.jar:/home/travis/build/icyphy/ptII/lib/PDFRenderer.jar:/
home/travis/build/icyphy/ptII/lib/svgSalamander.jar:/home/travis/build/icyphy/p
tII/lib/rsyntaxtextarea-2.6.0-SNAPSHOT.jar:/home/travis/build/icyphy/ptII/lib/h
azelcast-3.8.2.jar:/home/travis/build/icyphy/ptII/lib/jackson-annotations-2.9.0
.jar:/home/travis/build/icyphy/ptII/lib/jackson-core-2.9.3.jar:/home/travis/bui
ld/icyphy/ptII/lib/jackson-databind-2.9.3.jar:/home/travis/build/icyphy/ptII/li
b/netty-buffer-4.1.19.Final.jar:/home/travis/build/icyphy/ptII/lib/netty-codec-
4.1.19.Final.jar:/home/travis/build/icyphy/ptII/lib/netty-codec-dns-4.1.19.Fina
l.jar:/home/travis/build/icyphy/ptII/lib/netty-codec-http-4.1.19.Final.jar:/hom
e/travis/build/icyphy/ptII/lib/netty-codec-http2-4.1.19.Final.jar:/home/travis/
build/icyphy/ptII/lib/netty-common-4.1.19.Final.jar:/home/travis/build/icyphy/p
tII/lib/netty-handler-4.1.19.Final.jar:/home/travis/build/icyphy/ptII/lib/netty
-resolver-4.1.19.Final.jar:/home/travis/build/icyphy/ptII/lib/netty-resolver-dn
s-4.1.19.Final.jar:/home/travis/build/icyphy/ptII/lib/netty-transport-4.1.19.Fi
nal.jar:/home/travis/build/icyphy/ptII/lib/vertx-codegen-3.5.1.jar:/home/travis
/build/icyphy/ptII/lib/vertx-core-3.5.2-SNAPSHOT.jar:/home/travis/build/icyphy/
ptII/lib/vertx-hazelcast-3.5.1.jar:/home/travis/build/icyphy/ptII/lib/vertx-lan
g-js-3.5.1.jar:/home/travis/build/icyphy/ptII/lib/vertx-service-proxy-3.5.1.jar
:/home/travis/build/icyphy/ptII/lib/vertx-web-3.5.1.jar:/home/travis/build/icyp
hy/ptII/lib/slf4j-api-1.7.13.jar:/home/travis/build/icyphy/ptII/lib/slf4j-simpl
e-1.7.13.jar:/home/travis/build/icyphy/ptII/lib/webcam-capture-0.3.12.jar:/home
/travis/build/icyphy/ptII/lib/bridj-0.7.0.jar:/home/travis/build/icyphy/ptII/li
b/xbjlib-1.1.0.nrjavaserial.jar:/home/travis/build/icyphy/ptII/ptolemy/moml/tes
t:/home/travis/build/icyphy/ptII/ant/lib/ant-launcher.jar:/home/travis/build/ic
yphy/ptII/ant/lib/ant.jar:/home/travis/build/icyphy/ptII/ant/lib/ant-junit.jar:
/home/travis/build/icyphy/ptII/ant/lib/ant-junit4.jar:/home/travis/build/icyphy
/ptII ModularCodeGen4_A1_B1_profile.java
total 1544
drwxrwxr-x   3 travis travis 12288 Jun 11 04:33 AbsoluteValue
drwxrwxr-x   3 travis travis 16384 Jun 11 04:33 Case1
drwxrwxr-x   3 travis travis 32768 Jun 11 04:33 Case2
-rw-rw-r--   1 travis travis  4895 Jun 11 04:37 CompiledCompositeActor_CompiledCompositeActor.class
-rw-rw-r--   1 travis travis  1592 Jun 11 04:37 CompiledCompositeActor_CompiledCompositeActor$_CompiledCompositeActor_CompiledCompositeActor.class
-rw-rw-r--   1 travis travis 13466 Jun 11 04:37 CompiledCompositeActor_CompiledCompositeActor.java
-rw-rw-r--   1 travis travis  1593 Jun 11 04:37 CompiledCompositeActor_CompiledCompositeActor.mk
drwxrwxr-x   3 travis travis 24576 Jun 11 04:35 DeScrambler
drwxrwxr-x   3 travis travis 16384 Jun 11 04:36 DotProduct
drwxrwxr-x   3 travis travis 12288 Jun 11 04:33 FileWriter1
drwxrwxr-x   3 travis travis 20480 Jun 11 04:32 FixToDoubleAndBack
drwxrwxr-x   3 travis travis 16384 Jun 11 04:33 Gaussian1
drwxrwxr-x   3 travis travis 20480 Jun 11 04:33 Gaussian2
-rw-rw-r--   1 travis travis  4457 Jun 11 04:37 JavaCompiledCompositeTest1_CompiledCompositeActor.class
-rw-rw-r--   1 travis travis 11637 Jun 11 04:37 JavaCompiledCompositeTest1_CompiledCompositeActor.java
-rw-rw-r--   1 travis travis  1198 Jun 11 04:37 JavaCompiledCompositeTest1_CompiledCompositeActor$_JavaCompiledCompositeTest1_CompiledCompositeActor.class
-rw-rw-r--   1 travis travis  1625 Jun 11 04:37 JavaCompiledCompositeTest1_CompiledCompositeActor.mk
-rw-rw-r--   1 travis travis  4888 Jun 11 04:37 JavaCompiledCompositeTest2_CompiledCompositeActor.class
-rw-rw-r--   1 travis travis 14919 Jun 11 04:37 JavaCompiledCompositeTest2_CompiledCompositeActor.java
-rw-rw-r--   1 travis travis  1793 Jun 11 04:37 JavaCompiledCompositeTest2_CompiledCompositeActor$_JavaCompiledCompositeTest2_CompiledCompositeActor.class
-rw-rw-r--   1 travis travis  1625 Jun 11 04:37 JavaCompiledCompositeTest2_CompiledCompositeActor.mk
-rw-rw-r--   1 travis travis  4505 Jun 11 04:37 JavaCompiledCompositeTest3_CompiledCompositeActor.class
-rw-rw-r--   1 travis travis 13080 Jun 11 04:37 JavaCompiledCompositeTest3_CompiledCompositeActor.java
-rw-rw-r--   1 travis travis  1378 Jun 11 04:37 JavaCompiledCompositeTest3_CompiledCompositeActor$_JavaCompiledCompositeTest3_CompiledCompositeActor.class
-rw-rw-r--   1 travis travis  1625 Jun 11 04:37 JavaCompiledCompositeTest3_CompiledCompositeActor.mk
-rw-rw-r--   1 travis travis  3953 Jun 11 04:37 JavaCompiledCompositeTest4_CompiledCompositeActor.class
-rw-rw-r--   1 travis travis  9687 Jun 11 04:37 JavaCompiledCompositeTest4_CompiledCompositeActor.java
-rw-rw-r--   1 travis travis   857 Jun 11 04:37 JavaCompiledCompositeTest4_CompiledCompositeActor$_JavaCompiledCompositeTest4_CompiledCompositeActor.class
-rw-rw-r--   1 travis travis  1625 Jun 11 04:37 JavaCompiledCompositeTest4_CompiledCompositeActor.mk
drwxrwxr-x   3 travis travis 12288 Jun 11 04:33 LookupTable
drwxrwxr-x   3 travis travis 20480 Jun 11 04:34 MaxIndex
-rw-rw-r--   1 travis travis  3693 Jun 11 04:37 ModularCG_A1_B1.class
-rw-rw-r--   1 travis travis  9730 Jun 11 04:37 ModularCG_A1_B1.java
-rw-rw-r--   1 travis travis   832 Jun 11 04:37 ModularCG_A1_B1.mk
-rw-rw-r--   1 travis travis  1318 Jun 11 04:37 ModularCG_A1_B1_profile.class
-rw-rw-r--   1 travis travis  1262 Jun 11 04:37 ModularCG_A1_B1_profile.java
-rw-rw-r--   1 travis travis  3693 Jun 11 04:37 ModularCG_A1_B2.class
-rw-rw-r--   1 travis travis  9730 Jun 11 04:37 ModularCG_A1_B2.java
-rw-rw-r--   1 travis travis   832 Jun 11 04:37 ModularCG_A1_B2.mk
-rw-rw-r--   1 travis travis  1318 Jun 11 04:37 ModularCG_A1_B2_profile.class
-rw-rw-r--   1 travis travis  1262 Jun 11 04:37 ModularCG_A1_B2_profile.java
-rw-rw-r--   1 travis travis  4799 Jun 11 04:37 ModularCG_A1.class
-rw-rw-r--   1 travis travis 14742 Jun 11 04:37 ModularCG_A1.java
-rw-rw-r--   1 travis travis   808 Jun 11 04:37 ModularCG_A1.mk
-rw-rw-r--   1 travis travis  1433 Jun 11 04:37 ModularCG_A1_profile.class
-rw-rw-r--   1 travis travis  1704 Jun 11 04:37 ModularCG_A1_profile.java
-rw-rw-r--   1 travis travis  3827 Jun 11 04:37 ModularCG_A2_B1.class
-rw-rw-r--   1 travis travis 10667 Jun 11 04:37 ModularCG_A2_B1.java
-rw-rw-r--   1 travis travis   832 Jun 11 04:37 ModularCG_A2_B1.mk
-rw-rw-r--   1 travis travis  1381 Jun 11 04:37 ModularCG_A2_B1_profile.class
-rw-rw-r--   1 travis travis  1446 Jun 11 04:37 ModularCG_A2_B1_profile.java
-rw-rw-r--   1 travis travis  3693 Jun 11 04:37 ModularCG_A2_B2.class
-rw-rw-r--   1 travis travis  9730 Jun 11 04:37 ModularCG_A2_B2.java
-rw-rw-r--   1 travis travis   832 Jun 11 04:37 ModularCG_A2_B2.mk
-rw-rw-r--   1 travis travis  1318 Jun 11 04:37 ModularCG_A2_B2_profile.class
-rw-rw-r--   1 travis travis  1262 Jun 11 04:37 ModularCG_A2_B2_profile.java
-rw-rw-r--   1 travis travis  4870 Jun 11 04:37 ModularCG_A2.class
-rw-rw-r--   1 travis travis 15129 Jun 11 04:37 ModularCG_A2.java
-rw-rw-r--   1 travis travis   808 Jun 11 04:37 ModularCG_A2.mk
-rw-rw-r--   1 travis travis  1433 Jun 11 04:37 ModularCG_A2_profile.class
-rw-rw-r--   1 travis travis  1704 Jun 11 04:37 ModularCG_A2_profile.java
-rw-rw-r--   1 travis travis  3473 Jun 11 04:37 ModularCGPubSub_A1_A2.class
-rw-rw-r--   1 travis travis  9076 Jun 11 04:37 ModularCGPubSub_A1_A2.java
-rw-rw-r--   1 travis travis   880 Jun 11 04:37 ModularCGPubSub_A1_A2.mk
-rw-rw-r--   1 travis travis  1300 Jun 11 04:37 ModularCGPubSub_A1_A2_profile.class
-rw-rw-r--   1 travis travis  1222 Jun 11 04:37 ModularCGPubSub_A1_A2_profile.java
-rw-rw-r--   1 travis travis  3790 Jun 11 04:37 ModularCGPubSub_A1.class
-rw-rw-r--   1 travis travis  9836 Jun 11 04:37 ModularCGPubSub_A1.java
-rw-rw-r--   1 travis travis   856 Jun 11 04:37 ModularCGPubSub_A1.mk
-rw-rw-r--   1 travis travis  1346 Jun 11 04:37 ModularCGPubSub_A1_profile.class
-rw-rw-r--   1 travis travis  1388 Jun 11 04:37 ModularCGPubSub_A1_profile.java
-rw-rw-r--   1 travis travis  3988 Jun 11 04:38 ModularCodeGen2_ModularCodeGenTypedCompositeActor.class
-rw-rw-r--   1 travis travis 11690 Jun 11 04:38 ModularCodeGen2_ModularCodeGenTypedCompositeActor.java
-rw-rw-r--   1 travis travis  1104 Jun 11 04:38 ModularCodeGen2_ModularCodeGenTypedCompositeActor.mk
-rw-rw-r--   1 travis travis  4272 Jun 11 04:38 ModularCodeGen2_ModularCodeGenTypedCompositeActor_ModularCodeGenTypedCompositeActor.class
-rw-rw-r--   1 travis travis 11790 Jun 11 04:37 ModularCodeGen2_ModularCodeGenTypedCompositeActor_ModularCodeGenTypedCompositeActor.java
-rw-rw-r--   1 travis travis  1376 Jun 11 04:37 ModularCodeGen2_ModularCodeGenTypedCompositeActor_ModularCodeGenTypedCompositeActor.mk
-rw-rw-r--   1 travis travis  1421 Jun 11 04:37 ModularCodeGen2_ModularCodeGenTypedCompositeActor_ModularCodeGenTypedCompositeActor_profile.class
-rw-rw-r--   1 travis travis  1294 Jun 11 04:37 ModularCodeGen2_ModularCodeGenTypedCompositeActor_ModularCodeGenTypedCompositeActor_profile.java
-rw-rw-r--   1 travis travis   820 Jun 11 04:38 ModularCodeGen2_ModularCodeGenTypedCompositeActor_profile.class
-rw-rw-r--   1 travis travis   693 Jun 11 04:38 ModularCodeGen2_ModularCodeGenTypedCompositeActor_profile.java
-rw-rw-r--   1 travis travis  3741 Jun 11 04:38 ModularCodeGen3_A1_B1.class
-rw-rw-r--   1 travis travis  9958 Jun 11 04:38 ModularCodeGen3_A1_B1.java
-rw-rw-r--   1 travis travis   880 Jun 11 04:38 ModularCodeGen3_A1_B1.mk
-rw-rw-r--   1 travis travis  1330 Jun 11 04:38 ModularCodeGen3_A1_B1_profile.class
-rw-rw-r--   1 travis travis  1274 Jun 11 04:38 ModularCodeGen3_A1_B1_profile.java
-rw-rw-r--   1 travis travis  3741 Jun 11 04:38 ModularCodeGen3_A1_B2.class
-rw-rw-r--   1 travis travis  9958 Jun 11 04:38 ModularCodeGen3_A1_B2.java
-rw-rw-r--   1 travis travis   880 Jun 11 04:38 ModularCodeGen3_A1_B2.mk
-rw-rw-r--   1 travis travis  1330 Jun 11 04:38 ModularCodeGen3_A1_B2_profile.class
-rw-rw-r--   1 travis travis  1274 Jun 11 04:38 ModularCodeGen3_A1_B2_profile.java
-rw-rw-r--   1 travis travis  4961 Jun 11 04:38 ModularCodeGen3_A1.class
-rw-rw-r--   1 travis travis 15564 Jun 11 04:38 ModularCodeGen3_A1.java
-rw-rw-r--   1 travis travis   856 Jun 11 04:38 ModularCodeGen3_A1.mk
-rw-rw-r--   1 travis travis  1445 Jun 11 04:38 ModularCodeGen3_A1_profile.class
-rw-rw-r--   1 travis travis  1716 Jun 11 04:38 ModularCodeGen3_A1_profile.java
-rw-rw-r--   1 travis travis  3887 Jun 11 04:38 ModularCodeGen3_A2_B1.class
-rw-rw-r--   1 travis travis 10955 Jun 11 04:38 ModularCodeGen3_A2_B1.java
-rw-rw-r--   1 travis travis   880 Jun 11 04:38 ModularCodeGen3_A2_B1.mk
-rw-rw-r--   1 travis travis  1393 Jun 11 04:38 ModularCodeGen3_A2_B1_profile.class
-rw-rw-r--   1 travis travis  1458 Jun 11 04:38 ModularCodeGen3_A2_B1_profile.java
-rw-rw-r--   1 travis travis  3741 Jun 11 04:38 ModularCodeGen3_A2_B2.class
-rw-rw-r--   1 travis travis  9958 Jun 11 04:38 ModularCodeGen3_A2_B2.java
-rw-rw-r--   1 travis travis   880 Jun 11 04:38 ModularCodeGen3_A2_B2.mk
-rw-rw-r--   1 travis travis  1330 Jun 11 04:38 ModularCodeGen3_A2_B2_profile.class
-rw-rw-r--   1 travis travis  1274 Jun 11 04:38 ModularCodeGen3_A2_B2_profile.java
-rw-rw-r--   1 travis travis  5038 Jun 11 04:38 ModularCodeGen3_A2.class
-rw-rw-r--   1 travis travis 15957 Jun 11 04:38 ModularCodeGen3_A2.java
-rw-rw-r--   1 travis travis   856 Jun 11 04:38 ModularCodeGen3_A2.mk
-rw-rw-r--   1 travis travis  1445 Jun 11 04:38 ModularCodeGen3_A2_profile.class
-rw-rw-r--   1 travis travis  1716 Jun 11 04:38 ModularCodeGen3_A2_profile.java
-rw-rw-r--   1 travis travis  1273 Jun 11 04:38 ModularCodeGen4_A1_B1_profile.java
-rw-rw-r--   1 travis travis  3954 Jun 11 04:37 ModularCodeGen_ModularCodeGenTypedCompositeActor.class
-rw-rw-r--   1 travis travis 10970 Jun 11 04:37 ModularCodeGen_ModularCodeGenTypedCompositeActor.java
-rw-rw-r--   1 travis travis  1096 Jun 11 04:37 ModularCodeGen_ModularCodeGenTypedCompositeActor.mk
-rw-rw-r--   1 travis travis  1384 Jun 11 04:37 ModularCodeGen_ModularCodeGenTypedCompositeActor_profile.class
-rw-rw-r--   1 travis travis  1328 Jun 11 04:37 ModularCodeGen_ModularCodeGenTypedCompositeActor_profile.java
-rw-rw-r--   1 travis travis  3492 Jun 11 04:37 ModularCodeGenTest_A1_A2.class
-rw-rw-r--   1 travis travis   904 Jun 11 04:37 ModularCodeGenTest_A1_A2.mk
-rw-rw-r--   1 travis travis  1306 Jun 11 04:37 ModularCodeGenTest_A1_A2_profile.class
-rw-rw-r--   1 travis travis  3823 Jun 11 04:37 ModularCodeGenTest_A1.class
-rw-rw-r--   1 travis travis  9968 Jun 11 04:37 ModularCodeGenTest_A1.java
-rw-rw-r--   1 travis travis   880 Jun 11 04:37 ModularCodeGenTest_A1.mk
-rw-rw-r--   1 travis travis  1352 Jun 11 04:37 ModularCodeGenTest_A1_profile.class
-rw-rw-r--   1 travis travis  1394 Jun 11 04:37 ModularCodeGenTest_A1_profile.java
drwxrwxr-x   3 travis travis 36864 Jun 11 04:37 modulation2
drwxrwxr-x   3 travis travis 20480 Jun 11 04:34 Multiplexor
drwxrwxr-x 242 travis travis 12288 Jun 11 04:37 node_modules
drwxrwxr-x   3 travis travis 20480 Jun 11 04:34 PhaseUnwrap
-rw-rw-r--   1 travis travis   520 Jun 11 04:37 Repeat$_fireFunction_Repeat_Repeat$__f_sL_0.class
-rw-rw-r--   1 travis travis   522 Jun 11 04:37 Repeat$_fireFunction_Repeat_Repeat$__f_sL_10.class
-rw-rw-r--   1 travis travis   666 Jun 11 04:37 Repeat$_fireFunction_Repeat_Repeat$__f_sL_11.class
-rw-rw-r--   1 travis travis   522 Jun 11 04:37 Repeat$_fireFunction_Repeat_Repeat$__f_sL_13.class
-rw-rw-r--   1 travis travis   665 Jun 11 04:37 Repeat$_fireFunction_Repeat_Repeat$__f_sL_1.class
-rw-rw-r--   1 travis travis   520 Jun 11 04:37 Repeat$_fireFunction_Repeat_Repeat$__f_sL_2.class
-rw-rw-r--   1 travis travis   520 Jun 11 04:37 Repeat$_fireFunction_Repeat_Repeat$__f_sL_3.class
-rw-rw-r--   1 travis travis   520 Jun 11 04:37 Repeat$_fireFunction_Repeat_Repeat$__f_sL_5.class
-rw-rw-r--   1 travis travis   671 Jun 11 04:37 Repeat$_fireFunction_Repeat_Repeat$__f_sL_7.class
-rw-rw-r--   1 travis travis   520 Jun 11 04:37 Repeat$_fireFunction_Repeat_Repeat$__f_sL_9.class
-rw-rw-r--   1 travis travis   813 Jun 11 04:37 Repeat$_initialize_Repeat.class
-rw-rw-r--   1 travis travis   475 Jun 11 04:37 Repeat$_initialize_Repeat$__i_sL_0.class
-rw-rw-r--   1 travis travis   519 Jun 11 04:37 Repeat$_initialize_Repeat$__i_sL_3.class
-rw-rw-r--   1 travis travis 39778 Jun 11 04:37 Repeat.java
-rw-rw-r--   1 travis travis  1281 Jun 11 04:37 Repeat.mk
-rw-rw-r--   1 travis travis   520 Jun 11 04:37 Repeat$_preinitializeMethod_Repeat$__p_sL_0.class
-rw-rw-r--   1 travis travis   520 Jun 11 04:37 Repeat$_preinitializeMethod_Repeat$__p_sL_1.class
-rw-rw-r--   1 travis travis  1083 Jun 11 04:37 Repeat$_Repeat$_fireFunction_Repeat_AddSubtract_Repeat.class
-rw-rw-r--   1 travis travis   791 Jun 11 04:37 Repeat$_Repeat$_fireFunction_Repeat_AddSubtract_Repeat$__f_sL_0.class
-rw-rw-r--   1 travis travis   909 Jun 11 04:37 Repeat$_Repeat$_fireFunction_Repeat_AddSubtract_Repeat$__f_sL_1.class
-rw-rw-r--   1 travis travis   915 Jun 11 04:37 Repeat$_Repeat$_fireFunction_Repeat_AddSubtract_Repeat$__f_sL_2.class
-rw-rw-r--   1 travis travis   838 Jun 11 04:37 Repeat$_Repeat$_fireFunction_Repeat_Ramp2_Repeat$__f_sL_1.class
-rw-rw-r--   1 travis travis  1785 Jun 11 04:37 Repeat$_Repeat$_fireFunction_Repeat_Test_Repeat$__f_sL_2.class
-rw-rw-r--   1 travis travis   685 Jun 11 04:37 Repeat$_Repeat_SDF_Director_run_Repeat$__R_sL_0.class
-rw-rw-r--   1 travis travis   540 Jun 11 04:37 Repeat$_Repeat_SDF_Director_run_Repeat$__R_sL_1.class
-rw-rw-r--   1 travis travis   540 Jun 11 04:37 Repeat$_Repeat_SDF_Director_run_Repeat$__R_sL_2.class
-rw-rw-r--   1 travis travis   540 Jun 11 04:37 Repeat$_Repeat_SDF_Director_run_Repeat$__R_sL_4.class
-rw-rw-r--   1 travis travis   540 Jun 11 04:37 Repeat$_Repeat_SDF_Director_run_Repeat$__R_sL_5.class
-rw-rw-r--   1 travis travis   691 Jun 11 04:37 Repeat$_Repeat_SDF_Director_run_Repeat$__R_sL_6.class
-rw-rw-r--   1 travis travis   540 Jun 11 04:37 Repeat$_Repeat_SDF_Director_run_Repeat$__R_sL_7.class
-rw-rw-r--   1 travis travis   863 Jun 11 04:37 Repeat$_varinit_Repeat.class
-rw-rw-r--   1 travis travis   530 Jun 11 04:37 Repeat$_varinit_Repeat$__v_sL_1.class
-rw-rw-r--   1 travis travis   531 Jun 11 04:37 Repeat$_varinit_Repeat$__v_sL_2.class
-rw-rw-r--   1 travis travis   905 Jun 11 04:37 Repeat$_varinit_Repeat$__v_sL_4.class
-rw-rw-r--   1 travis travis   635 Jun 11 04:37 Repeat$_wrapup_Repeat.class
-rw-rw-r--   1 travis travis   965 Jun 11 04:37 Repeat$_wrapup_Repeat$__w_sL_1.class
-rw-rw-r--   1 travis travis   289 Jun 11 04:32 result.csv
drwxrwxr-x   3 travis travis 12288 Jun 11 04:35 Scrambler1
drwxrwxr-x   3 travis travis 20480 Jun 11 04:34 Sinewave2
drwxrwxr-x   3 travis travis 69632 Jun 11 04:35 StringCompare
drwxrwxr-x   3 travis travis 32768 Jun 11 04:35 StringFunction
drwxrwxr-x   3 travis travis 12288 Jun 11 04:35 StringLength
drwxrwxr-x   3 travis travis 57344 Jun 11 04:36 StringSimpleReplace
drwxrwxr-x   3 travis travis 12288 Jun 11 04:37 time2
drwxrwxr-x   3 travis travis 12288 Jun 11 04:37 time5
-rw-rw-r--   1 travis travis   432 Jun 11 04:38 Token.class
-rw-rw-r--   1 travis travis   251 Jun 11 04:38 Token.java
-rw-rw-r--   1 travis travis     0 Jun 11 04:37 top.
-rw-rw-r--   1 travis travis 20502 Jun 11 04:32 top.c
-rw-rw-r--   1 travis travis  3567 Jun 11 04:37 top.class
-rw-rw-r--   1 travis travis   169 Jun 11 04:32 top.html
-rw-rw-r--   1 travis travis  7552 Jun 11 04:37 top.java
-rw-rw-r--   1 travis travis 38888 Jun 11 04:32 top.o
drwxrwxr-x   3 travis travis 57344 Jun 11 04:34 UnaryMathFunction
All Done
Writing ModularCodeGen4_A1_B1.java in file:/home/travis/cg/ (10312 characters)
Reading "ptolemy/cg/kernel/generic/program/procedural/java/modular/makefile.in",
    writing "/home/travis/cg/ModularCodeGen4_A1_B1.mk"
Using ptolemy/cg/kernel/generic/program/procedural/java/modular/makefile.in
In "/home/travis/cg", about to execute:
    make -f ModularCodeGen4_A1_B1.mk
javac -classpath ".:.."    ModularCodeGen4_A1_B1.java
All Done
In "/home/travis/cg", about to execute:
    pwd
In "/home/travis/cg", about to execute:
    ls -l
/home/travis/cg
In "/home/travis/cg", about to execute:
    javac -classpath
.:/home/travis/build/icyphy/ptII:/home/travis/build/icyphy/ptII/lib/bsh-2.0b4.j
ar:/home/travis/build/icyphy/ptII/lib/ptCal.jar:/home/travis/build/icyphy/ptII/
lib/java_cup.jar:/home/travis/build/icyphy/ptII/lib/saxon8.jar:/home/travis/bui
ld/icyphy/ptII/lib/saxon8-dom.jar:/home/travis/build/icyphy/ptII/lib/chic.jar:/
home/travis/build/icyphy/ptII/lib/ptcolt.jar:/usr/lib/jvm/java-8-oracle/lib/too
ls.jar:/home/travis/build/icyphy/ptII/vendors/misc/itext/iText.jar:/home/travis
/build/icyphy/ptII/lib/g4ltl.jar:/home/travis/build/icyphy/ptII/lib/StructuralC
oder.jar:/home/travis/build/icyphy/ptII/vendors/jai-1_1_2_01/lib/jai_core.jar:/
home/travis/build/icyphy/ptII/vendors/jai-1_1_2_01/lib/jai_codec.jar:/home/trav
is/build/icyphy/ptII/lib/jcerti.jar:/home/travis/build/icyphy/ptII/lib/javax.ma
il.jar:/home/travis/build/icyphy/ptII/vendors/JMF-2.1.1e/lib/jmf.jar:/home/trav
is/build/icyphy/ptII/lib/jna-4.0.0-variadic.jar:/home/travis/build/icyphy/ptII/
vendors/misc/joystick/Joystick.jar:/home/travis/build/icyphy/ptII/lib/ptjacl.ja
r:/home/travis/build/icyphy/ptII/lib/jsoup-1.8.2.jar:/home/travis/build/icyphy/
ptII/lib/junit-4.8.2.jar:/home/travis/build/icyphy/ptII/lib/JUnitParams-0.4.0.j
ar:/home/travis/build/icyphy/ptII/ptolemy/actor/lib/excel/jxl.jar:/home/travis/
build/icyphy/ptII/lib/jython.jar:/home/travis/build/icyphy/ptII/lib/kieler.jar:
/home/travis/build/icyphy/ptII/vendors/opencv/share/OpenCV/java/opencv-341.jar:
/home/travis/build/icyphy/ptII/lib/oscP5.jar:/home/travis/build/icyphy/ptII/lib
/nrjavaserial-3.11.0.devel.jar:/home/travis/build/icyphy/ptII/vendors/j3d/lib/j
3dcore.jar:/home/travis/build/icyphy/ptII/vendors/j3d/lib/j3dutils.jar:/home/tr
avis/build/icyphy/ptII/vendors/j3d/lib/vecmath.jar:/home/travis/build/icyphy/pt
II/ptolemy/distributed/jini/jar/jini-core.jar:/home/travis/build/icyphy/ptII/pt
olemy/distributed/jini/jar/jini-ext.jar:/home/travis/build/icyphy/ptII/ptolemy/
distributed/jini/jar/sun-util.jar:/home/travis/build/icyphy/ptII/lib/protobuf-j
ava-2.4.1.jar:/home/travis/build/icyphy/ptII/lib/org.eclipse.paho.client.mqttv3
.jar:/home/travis/build/icyphy/ptII/lib/mapss.jar:/home/travis/build/icyphy/ptI
I/ptolemy/actor/ptalon/antlr/antlr.jar:/home/travis/build/icyphy/ptII/lib/JRI.j
ar:/home/travis/build/icyphy/ptII/lib/commons-lang-2.6.jar:/home/travis/build/i
cyphy/ptII/lib/commons-logging-1.1.1.jar:/home/travis/build/icyphy/ptII/lib/soo
tclasses.jar:/home/travis/build/icyphy/ptII/ptolemy/actor/lib/database/mysql-co
nnector-java-5.1.6-bin.jar:/home/travis/build/icyphy/ptII/vendors/misc/sphinx4/
sphinx4-data-5prealpha.jar:/home/travis/build/icyphy/ptII/vendors/misc/sphinx4/
sphinx4-core-5prealpha.jar:/home/travis/build/icyphy/ptII/lib/PDFRenderer.jar:/
home/travis/build/icyphy/ptII/lib/svgSalamander.jar:/home/travis/build/icyphy/p
tII/lib/rsyntaxtextarea-2.6.0-SNAPSHOT.jar:/home/travis/build/icyphy/ptII/lib/h
azelcast-3.8.2.jar:/home/travis/build/icyphy/ptII/lib/jackson-annotations-2.9.0
.jar:/home/travis/build/icyphy/ptII/lib/jackson-core-2.9.3.jar:/home/travis/bui
ld/icyphy/ptII/lib/jackson-databind-2.9.3.jar:/home/travis/build/icyphy/ptII/li
b/netty-buffer-4.1.19.Final.jar:/home/travis/build/icyphy/ptII/lib/netty-codec-
4.1.19.Final.jar:/home/travis/build/icyphy/ptII/lib/netty-codec-dns-4.1.19.Fina
l.jar:/home/travis/build/icyphy/ptII/lib/netty-codec-http-4.1.19.Final.jar:/hom
e/travis/build/icyphy/ptII/lib/netty-codec-http2-4.1.19.Final.jar:/home/travis/
build/icyphy/ptII/lib/netty-common-4.1.19.Final.jar:/home/travis/build/icyphy/p
tII/lib/netty-handler-4.1.19.Final.jar:/home/travis/build/icyphy/ptII/lib/netty
-resolver-4.1.19.Final.jar:/home/travis/build/icyphy/ptII/lib/netty-resolver-dn
s-4.1.19.Final.jar:/home/travis/build/icyphy/ptII/lib/netty-transport-4.1.19.Fi
nal.jar:/home/travis/build/icyphy/ptII/lib/vertx-codegen-3.5.1.jar:/home/travis
/build/icyphy/ptII/lib/vertx-core-3.5.2-SNAPSHOT.jar:/home/travis/build/icyphy/
ptII/lib/vertx-hazelcast-3.5.1.jar:/home/travis/build/icyphy/ptII/lib/vertx-lan
g-js-3.5.1.jar:/home/travis/build/icyphy/ptII/lib/vertx-service-proxy-3.5.1.jar
:/home/travis/build/icyphy/ptII/lib/vertx-web-3.5.1.jar:/home/travis/build/icyp
hy/ptII/lib/slf4j-api-1.7.13.jar:/home/travis/build/icyphy/ptII/lib/slf4j-simpl
e-1.7.13.jar:/home/travis/build/icyphy/ptII/lib/webcam-capture-0.3.12.jar:/home
/travis/build/icyphy/ptII/lib/bridj-0.7.0.jar:/home/travis/build/icyphy/ptII/li
b/xbjlib-1.1.0.nrjavaserial.jar:/home/travis/build/icyphy/ptII/ptolemy/moml/tes
t:/home/travis/build/icyphy/ptII/ant/lib/ant-launcher.jar:/home/travis/build/ic
yphy/ptII/ant/lib/ant.jar:/home/travis/build/icyphy/ptII/ant/lib/ant-junit.jar:
/home/travis/build/icyphy/ptII/ant/lib/ant-junit4.jar:/home/travis/build/icyphy
/ptII ModularCodeGen4_A1_B2_profile.java
total 1572
drwxrwxr-x   3 travis travis 12288 Jun 11 04:33 AbsoluteValue
drwxrwxr-x   3 travis travis 16384 Jun 11 04:33 Case1
drwxrwxr-x   3 travis travis 32768 Jun 11 04:33 Case2
-rw-rw-r--   1 travis travis  4895 Jun 11 04:37 CompiledCompositeActor_CompiledCompositeActor.class
-rw-rw-r--   1 travis travis  1592 Jun 11 04:37 CompiledCompositeActor_CompiledCompositeActor$_CompiledCompositeActor_CompiledCompositeActor.class
-rw-rw-r--   1 travis travis 13466 Jun 11 04:37 CompiledCompositeActor_CompiledCompositeActor.java
-rw-rw-r--   1 travis travis  1593 Jun 11 04:37 CompiledCompositeActor_CompiledCompositeActor.mk
drwxrwxr-x   3 travis travis 24576 Jun 11 04:35 DeScrambler
drwxrwxr-x   3 travis travis 16384 Jun 11 04:36 DotProduct
drwxrwxr-x   3 travis travis 12288 Jun 11 04:33 FileWriter1
drwxrwxr-x   3 travis travis 20480 Jun 11 04:32 FixToDoubleAndBack
drwxrwxr-x   3 travis travis 16384 Jun 11 04:33 Gaussian1
drwxrwxr-x   3 travis travis 20480 Jun 11 04:33 Gaussian2
-rw-rw-r--   1 travis travis  4457 Jun 11 04:37 JavaCompiledCompositeTest1_CompiledCompositeActor.class
-rw-rw-r--   1 travis travis 11637 Jun 11 04:37 JavaCompiledCompositeTest1_CompiledCompositeActor.java
-rw-rw-r--   1 travis travis  1198 Jun 11 04:37 JavaCompiledCompositeTest1_CompiledCompositeActor$_JavaCompiledCompositeTest1_CompiledCompositeActor.class
-rw-rw-r--   1 travis travis  1625 Jun 11 04:37 JavaCompiledCompositeTest1_CompiledCompositeActor.mk
-rw-rw-r--   1 travis travis  4888 Jun 11 04:37 JavaCompiledCompositeTest2_CompiledCompositeActor.class
-rw-rw-r--   1 travis travis 14919 Jun 11 04:37 JavaCompiledCompositeTest2_CompiledCompositeActor.java
-rw-rw-r--   1 travis travis  1793 Jun 11 04:37 JavaCompiledCompositeTest2_CompiledCompositeActor$_JavaCompiledCompositeTest2_CompiledCompositeActor.class
-rw-rw-r--   1 travis travis  1625 Jun 11 04:37 JavaCompiledCompositeTest2_CompiledCompositeActor.mk
-rw-rw-r--   1 travis travis  4505 Jun 11 04:37 JavaCompiledCompositeTest3_CompiledCompositeActor.class
-rw-rw-r--   1 travis travis 13080 Jun 11 04:37 JavaCompiledCompositeTest3_CompiledCompositeActor.java
-rw-rw-r--   1 travis travis  1378 Jun 11 04:37 JavaCompiledCompositeTest3_CompiledCompositeActor$_JavaCompiledCompositeTest3_CompiledCompositeActor.class
-rw-rw-r--   1 travis travis  1625 Jun 11 04:37 JavaCompiledCompositeTest3_CompiledCompositeActor.mk
-rw-rw-r--   1 travis travis  3953 Jun 11 04:37 JavaCompiledCompositeTest4_CompiledCompositeActor.class
-rw-rw-r--   1 travis travis  9687 Jun 11 04:37 JavaCompiledCompositeTest4_CompiledCompositeActor.java
-rw-rw-r--   1 travis travis   857 Jun 11 04:37 JavaCompiledCompositeTest4_CompiledCompositeActor$_JavaCompiledCompositeTest4_CompiledCompositeActor.class
-rw-rw-r--   1 travis travis  1625 Jun 11 04:37 JavaCompiledCompositeTest4_CompiledCompositeActor.mk
drwxrwxr-x   3 travis travis 12288 Jun 11 04:33 LookupTable
drwxrwxr-x   3 travis travis 20480 Jun 11 04:34 MaxIndex
-rw-rw-r--   1 travis travis  3693 Jun 11 04:37 ModularCG_A1_B1.class
-rw-rw-r--   1 travis travis  9730 Jun 11 04:37 ModularCG_A1_B1.java
-rw-rw-r--   1 travis travis   832 Jun 11 04:37 ModularCG_A1_B1.mk
-rw-rw-r--   1 travis travis  1318 Jun 11 04:37 ModularCG_A1_B1_profile.class
-rw-rw-r--   1 travis travis  1262 Jun 11 04:37 ModularCG_A1_B1_profile.java
-rw-rw-r--   1 travis travis  3693 Jun 11 04:37 ModularCG_A1_B2.class
-rw-rw-r--   1 travis travis  9730 Jun 11 04:37 ModularCG_A1_B2.java
-rw-rw-r--   1 travis travis   832 Jun 11 04:37 ModularCG_A1_B2.mk
-rw-rw-r--   1 travis travis  1318 Jun 11 04:37 ModularCG_A1_B2_profile.class
-rw-rw-r--   1 travis travis  1262 Jun 11 04:37 ModularCG_A1_B2_profile.java
-rw-rw-r--   1 travis travis  4799 Jun 11 04:37 ModularCG_A1.class
-rw-rw-r--   1 travis travis 14742 Jun 11 04:37 ModularCG_A1.java
-rw-rw-r--   1 travis travis   808 Jun 11 04:37 ModularCG_A1.mk
-rw-rw-r--   1 travis travis  1433 Jun 11 04:37 ModularCG_A1_profile.class
-rw-rw-r--   1 travis travis  1704 Jun 11 04:37 ModularCG_A1_profile.java
-rw-rw-r--   1 travis travis  3827 Jun 11 04:37 ModularCG_A2_B1.class
-rw-rw-r--   1 travis travis 10667 Jun 11 04:37 ModularCG_A2_B1.java
-rw-rw-r--   1 travis travis   832 Jun 11 04:37 ModularCG_A2_B1.mk
-rw-rw-r--   1 travis travis  1381 Jun 11 04:37 ModularCG_A2_B1_profile.class
-rw-rw-r--   1 travis travis  1446 Jun 11 04:37 ModularCG_A2_B1_profile.java
-rw-rw-r--   1 travis travis  3693 Jun 11 04:37 ModularCG_A2_B2.class
-rw-rw-r--   1 travis travis  9730 Jun 11 04:37 ModularCG_A2_B2.java
-rw-rw-r--   1 travis travis   832 Jun 11 04:37 ModularCG_A2_B2.mk
-rw-rw-r--   1 travis travis  1318 Jun 11 04:37 ModularCG_A2_B2_profile.class
-rw-rw-r--   1 travis travis  1262 Jun 11 04:37 ModularCG_A2_B2_profile.java
-rw-rw-r--   1 travis travis  4870 Jun 11 04:37 ModularCG_A2.class
-rw-rw-r--   1 travis travis 15129 Jun 11 04:37 ModularCG_A2.java
-rw-rw-r--   1 travis travis   808 Jun 11 04:37 ModularCG_A2.mk
-rw-rw-r--   1 travis travis  1433 Jun 11 04:37 ModularCG_A2_profile.class
-rw-rw-r--   1 travis travis  1704 Jun 11 04:37 ModularCG_A2_profile.java
-rw-rw-r--   1 travis travis  3473 Jun 11 04:37 ModularCGPubSub_A1_A2.class
-rw-rw-r--   1 travis travis  9076 Jun 11 04:37 ModularCGPubSub_A1_A2.java
-rw-rw-r--   1 travis travis   880 Jun 11 04:37 ModularCGPubSub_A1_A2.mk
-rw-rw-r--   1 travis travis  1300 Jun 11 04:37 ModularCGPubSub_A1_A2_profile.class
-rw-rw-r--   1 travis travis  1222 Jun 11 04:37 ModularCGPubSub_A1_A2_profile.java
-rw-rw-r--   1 travis travis  3790 Jun 11 04:37 ModularCGPubSub_A1.class
-rw-rw-r--   1 travis travis  9836 Jun 11 04:37 ModularCGPubSub_A1.java
-rw-rw-r--   1 travis travis   856 Jun 11 04:37 ModularCGPubSub_A1.mk
-rw-rw-r--   1 travis travis  1346 Jun 11 04:37 ModularCGPubSub_A1_profile.class
-rw-rw-r--   1 travis travis  1388 Jun 11 04:37 ModularCGPubSub_A1_profile.java
-rw-rw-r--   1 travis travis  3988 Jun 11 04:38 ModularCodeGen2_ModularCodeGenTypedCompositeActor.class
-rw-rw-r--   1 travis travis 11690 Jun 11 04:38 ModularCodeGen2_ModularCodeGenTypedCompositeActor.java
-rw-rw-r--   1 travis travis  1104 Jun 11 04:38 ModularCodeGen2_ModularCodeGenTypedCompositeActor.mk
-rw-rw-r--   1 travis travis  4272 Jun 11 04:38 ModularCodeGen2_ModularCodeGenTypedCompositeActor_ModularCodeGenTypedCompositeActor.class
-rw-rw-r--   1 travis travis 11790 Jun 11 04:37 ModularCodeGen2_ModularCodeGenTypedCompositeActor_ModularCodeGenTypedCompositeActor.java
-rw-rw-r--   1 travis travis  1376 Jun 11 04:37 ModularCodeGen2_ModularCodeGenTypedCompositeActor_ModularCodeGenTypedCompositeActor.mk
-rw-rw-r--   1 travis travis  1421 Jun 11 04:37 ModularCodeGen2_ModularCodeGenTypedCompositeActor_ModularCodeGenTypedCompositeActor_profile.class
-rw-rw-r--   1 travis travis  1294 Jun 11 04:37 ModularCodeGen2_ModularCodeGenTypedCompositeActor_ModularCodeGenTypedCompositeActor_profile.java
-rw-rw-r--   1 travis travis   820 Jun 11 04:38 ModularCodeGen2_ModularCodeGenTypedCompositeActor_profile.class
-rw-rw-r--   1 travis travis   693 Jun 11 04:38 ModularCodeGen2_ModularCodeGenTypedCompositeActor_profile.java
-rw-rw-r--   1 travis travis  3741 Jun 11 04:38 ModularCodeGen3_A1_B1.class
-rw-rw-r--   1 travis travis  9958 Jun 11 04:38 ModularCodeGen3_A1_B1.java
-rw-rw-r--   1 travis travis   880 Jun 11 04:38 ModularCodeGen3_A1_B1.mk
-rw-rw-r--   1 travis travis  1330 Jun 11 04:38 ModularCodeGen3_A1_B1_profile.class
-rw-rw-r--   1 travis travis  1274 Jun 11 04:38 ModularCodeGen3_A1_B1_profile.java
-rw-rw-r--   1 travis travis  3741 Jun 11 04:38 ModularCodeGen3_A1_B2.class
-rw-rw-r--   1 travis travis  9958 Jun 11 04:38 ModularCodeGen3_A1_B2.java
-rw-rw-r--   1 travis travis   880 Jun 11 04:38 ModularCodeGen3_A1_B2.mk
-rw-rw-r--   1 travis travis  1330 Jun 11 04:38 ModularCodeGen3_A1_B2_profile.class
-rw-rw-r--   1 travis travis  1274 Jun 11 04:38 ModularCodeGen3_A1_B2_profile.java
-rw-rw-r--   1 travis travis  4961 Jun 11 04:38 ModularCodeGen3_A1.class
-rw-rw-r--   1 travis travis 15564 Jun 11 04:38 ModularCodeGen3_A1.java
-rw-rw-r--   1 travis travis   856 Jun 11 04:38 ModularCodeGen3_A1.mk
-rw-rw-r--   1 travis travis  1445 Jun 11 04:38 ModularCodeGen3_A1_profile.class
-rw-rw-r--   1 travis travis  1716 Jun 11 04:38 ModularCodeGen3_A1_profile.java
-rw-rw-r--   1 travis travis  3887 Jun 11 04:38 ModularCodeGen3_A2_B1.class
-rw-rw-r--   1 travis travis 10955 Jun 11 04:38 ModularCodeGen3_A2_B1.java
-rw-rw-r--   1 travis travis   880 Jun 11 04:38 ModularCodeGen3_A2_B1.mk
-rw-rw-r--   1 travis travis  1393 Jun 11 04:38 ModularCodeGen3_A2_B1_profile.class
-rw-rw-r--   1 travis travis  1458 Jun 11 04:38 ModularCodeGen3_A2_B1_profile.java
-rw-rw-r--   1 travis travis  3741 Jun 11 04:38 ModularCodeGen3_A2_B2.class
-rw-rw-r--   1 travis travis  9958 Jun 11 04:38 ModularCodeGen3_A2_B2.java
-rw-rw-r--   1 travis travis   880 Jun 11 04:38 ModularCodeGen3_A2_B2.mk
-rw-rw-r--   1 travis travis  1330 Jun 11 04:38 ModularCodeGen3_A2_B2_profile.class
-rw-rw-r--   1 travis travis  1274 Jun 11 04:38 ModularCodeGen3_A2_B2_profile.java
-rw-rw-r--   1 travis travis  5038 Jun 11 04:38 ModularCodeGen3_A2.class
-rw-rw-r--   1 travis travis 15957 Jun 11 04:38 ModularCodeGen3_A2.java
-rw-rw-r--   1 travis travis   856 Jun 11 04:38 ModularCodeGen3_A2.mk
-rw-rw-r--   1 travis travis  1445 Jun 11 04:38 ModularCodeGen3_A2_profile.class
-rw-rw-r--   1 travis travis  1716 Jun 11 04:38 ModularCodeGen3_A2_profile.java
-rw-rw-r--   1 travis travis  3794 Jun 11 04:38 ModularCodeGen4_A1_B1.class
-rw-rw-r--   1 travis travis 10312 Jun 11 04:38 ModularCodeGen4_A1_B1.java
-rw-rw-r--   1 travis travis   880 Jun 11 04:38 ModularCodeGen4_A1_B1.mk
-rw-rw-r--   1 travis travis  1330 Jun 11 04:38 ModularCodeGen4_A1_B1_profile.class
-rw-rw-r--   1 travis travis  1273 Jun 11 04:38 ModularCodeGen4_A1_B1_profile.java
-rw-rw-r--   1 travis travis  1273 Jun 11 04:38 ModularCodeGen4_A1_B2_profile.java
-rw-rw-r--   1 travis travis  3954 Jun 11 04:37 ModularCodeGen_ModularCodeGenTypedCompositeActor.class
-rw-rw-r--   1 travis travis 10970 Jun 11 04:37 ModularCodeGen_ModularCodeGenTypedCompositeActor.java
-rw-rw-r--   1 travis travis  1096 Jun 11 04:37 ModularCodeGen_ModularCodeGenTypedCompositeActor.mk
-rw-rw-r--   1 travis travis  1384 Jun 11 04:37 ModularCodeGen_ModularCodeGenTypedCompositeActor_profile.class
-rw-rw-r--   1 travis travis  1328 Jun 11 04:37 ModularCodeGen_ModularCodeGenTypedCompositeActor_profile.java
-rw-rw-r--   1 travis travis  3492 Jun 11 04:37 ModularCodeGenTest_A1_A2.class
-rw-rw-r--   1 travis travis   904 Jun 11 04:37 ModularCodeGenTest_A1_A2.mk
-rw-rw-r--   1 travis travis  1306 Jun 11 04:37 ModularCodeGenTest_A1_A2_profile.class
-rw-rw-r--   1 travis travis  3823 Jun 11 04:37 ModularCodeGenTest_A1.class
-rw-rw-r--   1 travis travis  9968 Jun 11 04:37 ModularCodeGenTest_A1.java
-rw-rw-r--   1 travis travis   880 Jun 11 04:37 ModularCodeGenTest_A1.mk
-rw-rw-r--   1 travis travis  1352 Jun 11 04:37 ModularCodeGenTest_A1_profile.class
-rw-rw-r--   1 travis travis  1394 Jun 11 04:37 ModularCodeGenTest_A1_profile.java
drwxrwxr-x   3 travis travis 36864 Jun 11 04:37 modulation2
drwxrwxr-x   3 travis travis 20480 Jun 11 04:34 Multiplexor
drwxrwxr-x 242 travis travis 12288 Jun 11 04:37 node_modules
drwxrwxr-x   3 travis travis 20480 Jun 11 04:34 PhaseUnwrap
-rw-rw-r--   1 travis travis   520 Jun 11 04:37 Repeat$_fireFunction_Repeat_Repeat$__f_sL_0.class
-rw-rw-r--   1 travis travis   522 Jun 11 04:37 Repeat$_fireFunction_Repeat_Repeat$__f_sL_10.class
-rw-rw-r--   1 travis travis   666 Jun 11 04:37 Repeat$_fireFunction_Repeat_Repeat$__f_sL_11.class
-rw-rw-r--   1 travis travis   522 Jun 11 04:37 Repeat$_fireFunction_Repeat_Repeat$__f_sL_13.class
-rw-rw-r--   1 travis travis   665 Jun 11 04:37 Repeat$_fireFunction_Repeat_Repeat$__f_sL_1.class
-rw-rw-r--   1 travis travis   520 Jun 11 04:37 Repeat$_fireFunction_Repeat_Repeat$__f_sL_2.class
-rw-rw-r--   1 travis travis   520 Jun 11 04:37 Repeat$_fireFunction_Repeat_Repeat$__f_sL_3.class
-rw-rw-r--   1 travis travis   520 Jun 11 04:37 Repeat$_fireFunction_Repeat_Repeat$__f_sL_5.class
-rw-rw-r--   1 travis travis   671 Jun 11 04:37 Repeat$_fireFunction_Repeat_Repeat$__f_sL_7.class
-rw-rw-r--   1 travis travis   520 Jun 11 04:37 Repeat$_fireFunction_Repeat_Repeat$__f_sL_9.class
-rw-rw-r--   1 travis travis   813 Jun 11 04:37 Repeat$_initialize_Repeat.class
-rw-rw-r--   1 travis travis   475 Jun 11 04:37 Repeat$_initialize_Repeat$__i_sL_0.class
-rw-rw-r--   1 travis travis   519 Jun 11 04:37 Repeat$_initialize_Repeat$__i_sL_3.class
-rw-rw-r--   1 travis travis 39778 Jun 11 04:37 Repeat.java
-rw-rw-r--   1 travis travis  1281 Jun 11 04:37 Repeat.mk
-rw-rw-r--   1 travis travis   520 Jun 11 04:37 Repeat$_preinitializeMethod_Repeat$__p_sL_0.class
-rw-rw-r--   1 travis travis   520 Jun 11 04:37 Repeat$_preinitializeMethod_Repeat$__p_sL_1.class
-rw-rw-r--   1 travis travis  1083 Jun 11 04:37 Repeat$_Repeat$_fireFunction_Repeat_AddSubtract_Repeat.class
-rw-rw-r--   1 travis travis   791 Jun 11 04:37 Repeat$_Repeat$_fireFunction_Repeat_AddSubtract_Repeat$__f_sL_0.class
-rw-rw-r--   1 travis travis   909 Jun 11 04:37 Repeat$_Repeat$_fireFunction_Repeat_AddSubtract_Repeat$__f_sL_1.class
-rw-rw-r--   1 travis travis   915 Jun 11 04:37 Repeat$_Repeat$_fireFunction_Repeat_AddSubtract_Repeat$__f_sL_2.class
-rw-rw-r--   1 travis travis   838 Jun 11 04:37 Repeat$_Repeat$_fireFunction_Repeat_Ramp2_Repeat$__f_sL_1.class
-rw-rw-r--   1 travis travis  1785 Jun 11 04:37 Repeat$_Repeat$_fireFunction_Repeat_Test_Repeat$__f_sL_2.class
-rw-rw-r--   1 travis travis   685 Jun 11 04:37 Repeat$_Repeat_SDF_Director_run_Repeat$__R_sL_0.class
-rw-rw-r--   1 travis travis   540 Jun 11 04:37 Repeat$_Repeat_SDF_Director_run_Repeat$__R_sL_1.class
-rw-rw-r--   1 travis travis   540 Jun 11 04:37 Repeat$_Repeat_SDF_Director_run_Repeat$__R_sL_2.class
-rw-rw-r--   1 travis travis   540 Jun 11 04:37 Repeat$_Repeat_SDF_Director_run_Repeat$__R_sL_4.class
-rw-rw-r--   1 travis travis   540 Jun 11 04:37 Repeat$_Repeat_SDF_Director_run_Repeat$__R_sL_5.class
-rw-rw-r--   1 travis travis   691 Jun 11 04:37 Repeat$_Repeat_SDF_Director_run_Repeat$__R_sL_6.class
-rw-rw-r--   1 travis travis   540 Jun 11 04:37 Repeat$_Repeat_SDF_Director_run_Repeat$__R_sL_7.class
-rw-rw-r--   1 travis travis   863 Jun 11 04:37 Repeat$_varinit_Repeat.class
-rw-rw-r--   1 travis travis   530 Jun 11 04:37 Repeat$_varinit_Repeat$__v_sL_1.class
-rw-rw-r--   1 travis travis   531 Jun 11 04:37 Repeat$_varinit_Repeat$__v_sL_2.class
-rw-rw-r--   1 travis travis   905 Jun 11 04:37 Repeat$_varinit_Repeat$__v_sL_4.class
-rw-rw-r--   1 travis travis   635 Jun 11 04:37 Repeat$_wrapup_Repeat.class
-rw-rw-r--   1 travis travis   965 Jun 11 04:37 Repeat$_wrapup_Repeat$__w_sL_1.class
-rw-rw-r--   1 travis travis   289 Jun 11 04:32 result.csv
drwxrwxr-x   3 travis travis 12288 Jun 11 04:35 Scrambler1
drwxrwxr-x   3 travis travis 20480 Jun 11 04:34 Sinewave2
drwxrwxr-x   3 travis travis 69632 Jun 11 04:35 StringCompare
drwxrwxr-x   3 travis travis 32768 Jun 11 04:35 StringFunction
drwxrwxr-x   3 travis travis 12288 Jun 11 04:35 StringLength
drwxrwxr-x   3 travis travis 57344 Jun 11 04:36 StringSimpleReplace
drwxrwxr-x   3 travis travis 12288 Jun 11 04:37 time2
drwxrwxr-x   3 travis travis 12288 Jun 11 04:37 time5
-rw-rw-r--   1 travis travis   432 Jun 11 04:38 Token.class
-rw-rw-r--   1 travis travis   251 Jun 11 04:38 Token.java
-rw-rw-r--   1 travis travis     0 Jun 11 04:37 top.
-rw-rw-r--   1 travis travis 20502 Jun 11 04:32 top.c
-rw-rw-r--   1 travis travis  3567 Jun 11 04:37 top.class
-rw-rw-r--   1 travis travis   169 Jun 11 04:32 top.html
-rw-rw-r--   1 travis travis  7552 Jun 11 04:37 top.java
-rw-rw-r--   1 travis travis 38888 Jun 11 04:32 top.o
drwxrwxr-x   3 travis travis 57344 Jun 11 04:34 UnaryMathFunction
All Done
Writing ModularCodeGen4_A1_B2.java in file:/home/travis/cg/ (10312 characters)
Reading "ptolemy/cg/kernel/generic/program/procedural/java/modular/makefile.in",
    writing "/home/travis/cg/ModularCodeGen4_A1_B2.mk"
Using ptolemy/cg/kernel/generic/program/procedural/java/modular/makefile.in
In "/home/travis/cg", about to execute:
    make -f ModularCodeGen4_A1_B2.mk
javac -classpath ".:.."    ModularCodeGen4_A1_B2.java
All Done
In "/home/travis/cg", about to execute:
    pwd
In "/home/travis/cg", about to execute:
    ls -l
/home/travis/cg
total 1600
drwxrwxr-x   3 travis travis 12288 Jun 11 04:33 AbsoluteValue
drwxrwxr-x   3 travis travis 16384 Jun 11 04:33 Case1
drwxrwxr-x   3 travis travis 32768 Jun 11 04:33 Case2
-rw-rw-r--   1 travis travis  4895 Jun 11 04:37 CompiledCompositeActor_CompiledCompositeActor.class
-rw-rw-r--   1 travis travis  1592 Jun 11 04:37 CompiledCompositeActor_CompiledCompositeActor$_CompiledCompositeActor_CompiledCompositeActor.class
-rw-rw-r--   1 travis travis 13466 Jun 11 04:37 CompiledCompositeActor_CompiledCompositeActor.java
-rw-rw-r--   1 travis travis  1593 Jun 11 04:37 CompiledCompositeActor_CompiledCompositeActor.mk
drwxrwxr-x   3 travis travis 24576 Jun 11 04:35 DeScrambler
drwxrwxr-x   3 travis travis 16384 Jun 11 04:36 DotProduct
drwxrwxr-x   3 travis travis 12288 Jun 11 04:33 FileWriter1
drwxrwxr-x   3 travis travis 20480 Jun 11 04:32 FixToDoubleAndBack
drwxrwxr-x   3 travis travis 16384 Jun 11 04:33 Gaussian1
drwxrwxr-x   3 travis travis 20480 Jun 11 04:33 Gaussian2
-rw-rw-r--   1 travis travis  4457 Jun 11 04:37 JavaCompiledCompositeTest1_CompiledCompositeActor.class
-rw-rw-r--   1 travis travis 11637 Jun 11 04:37 JavaCompiledCompositeTest1_CompiledCompositeActor.java
-rw-rw-r--   1 travis travis  1198 Jun 11 04:37 JavaCompiledCompositeTest1_CompiledCompositeActor$_JavaCompiledCompositeTest1_CompiledCompositeActor.class
-rw-rw-r--   1 travis travis  1625 Jun 11 04:37 JavaCompiledCompositeTest1_CompiledCompositeActor.mk
-rw-rw-r--   1 travis travis  4888 Jun 11 04:37 JavaCompiledCompositeTest2_CompiledCompositeActor.class
-rw-rw-r--   1 travis travis 14919 Jun 11 04:37 JavaCompiledCompositeTest2_CompiledCompositeActor.java
-rw-rw-r--   1 travis travis  1793 Jun 11 04:37 JavaCompiledCompositeTest2_CompiledCompositeActor$_JavaCompiledCompositeTest2_CompiledCompositeActor.class
-rw-rw-r--   1 travis travis  1625 Jun 11 04:37 JavaCompiledCompositeTest2_CompiledCompositeActor.mk
-rw-rw-r--   1 travis travis  4505 Jun 11 04:37 JavaCompiledCompositeTest3_CompiledCompositeActor.class
-rw-rw-r--   1 travis travis 13080 Jun 11 04:37 JavaCompiledCompositeTest3_CompiledCompositeActor.java
-rw-rw-r--   1 travis travis  1378 Jun 11 04:37 JavaCompiledCompositeTest3_CompiledCompositeActor$_JavaCompiledCompositeTest3_CompiledCompositeActor.class
-rw-rw-r--   1 travis travis  1625 Jun 11 04:37 JavaCompiledCompositeTest3_CompiledCompositeActor.mk
-rw-rw-r--   1 travis travis  3953 Jun 11 04:37 JavaCompiledCompositeTest4_CompiledCompositeActor.class
-rw-rw-r--   1 travis travis  9687 Jun 11 04:37 JavaCompiledCompositeTest4_CompiledCompositeActor.java
-rw-rw-r--   1 travis travis   857 Jun 11 04:37 JavaCompiledCompositeTest4_CompiledCompositeActor$_JavaCompiledCompositeTest4_CompiledCompositeActor.class
-rw-rw-r--   1 travis travis  1625 Jun 11 04:37 JavaCompiledCompositeTest4_CompiledCompositeActor.mk
drwxrwxr-x   3 travis travis 12288 Jun 11 04:33 LookupTable
drwxrwxr-x   3 travis travis 20480 Jun 11 04:34 MaxIndex
-rw-rw-r--   1 travis travis  3693 Jun 11 04:37 ModularCG_A1_B1.class
-rw-rw-r--   1 travis travis  9730 Jun 11 04:37 ModularCG_A1_B1.java
-rw-rw-r--   1 travis travis   832 Jun 11 04:37 ModularCG_A1_B1.mk
-rw-rw-r--   1 travis travis  1318 Jun 11 04:37 ModularCG_A1_B1_profile.class
-rw-rw-r--   1 travis travis  1262 Jun 11 04:37 ModularCG_A1_B1_profile.java
-rw-rw-r--   1 travis travis  3693 Jun 11 04:37 ModularCG_A1_B2.class
-rw-rw-r--   1 travis travis  9730 Jun 11 04:37 ModularCG_A1_B2.java
-rw-rw-r--   1 travis travis   832 Jun 11 04:37 ModularCG_A1_B2.mk
-rw-rw-r--   1 travis travis  1318 Jun 11 04:37 ModularCG_A1_B2_profile.class
-rw-rw-r--   1 travis travis  1262 Jun 11 04:37 ModularCG_A1_B2_profile.java
-rw-rw-r--   1 travis travis  4799 Jun 11 04:37 ModularCG_A1.class
-rw-rw-r--   1 travis travis 14742 Jun 11 04:37 ModularCG_A1.java
-rw-rw-r--   1 travis travis   808 Jun 11 04:37 ModularCG_A1.mk
-rw-rw-r--   1 travis travis  1433 Jun 11 04:37 ModularCG_A1_profile.class
-rw-rw-r--   1 travis travis  1704 Jun 11 04:37 ModularCG_A1_profile.java
-rw-rw-r--   1 travis travis  3827 Jun 11 04:37 ModularCG_A2_B1.class
-rw-rw-r--   1 travis travis 10667 Jun 11 04:37 ModularCG_A2_B1.java
-rw-rw-r--   1 travis travis   832 Jun 11 04:37 ModularCG_A2_B1.mk
-rw-rw-r--   1 travis travis  1381 Jun 11 04:37 ModularCG_A2_B1_profile.class
-rw-rw-r--   1 travis travis  1446 Jun 11 04:37 ModularCG_A2_B1_profile.java
-rw-rw-r--   1 travis travis  3693 Jun 11 04:37 ModularCG_A2_B2.class
-rw-rw-r--   1 travis travis  9730 Jun 11 04:37 ModularCG_A2_B2.java
-rw-rw-r--   1 travis travis   832 Jun 11 04:37 ModularCG_A2_B2.mk
-rw-rw-r--   1 travis travis  1318 Jun 11 04:37 ModularCG_A2_B2_profile.class
-rw-rw-r--   1 travis travis  1262 Jun 11 04:37 ModularCG_A2_B2_profile.java
-rw-rw-r--   1 travis travis  4870 Jun 11 04:37 ModularCG_A2.class
-rw-rw-r--   1 travis travis 15129 Jun 11 04:37 ModularCG_A2.java
-rw-rw-r--   1 travis travis   808 Jun 11 04:37 ModularCG_A2.mk
-rw-rw-r--   1 travis travis  1433 Jun 11 04:37 ModularCG_A2_profile.class
-rw-rw-r--   1 travis travis  1704 Jun 11 04:37 ModularCG_A2_profile.java
-rw-rw-r--   1 travis travis  3473 Jun 11 04:37 ModularCGPubSub_A1_A2.class
-rw-rw-r--   1 travis travis  9076 Jun 11 04:37 ModularCGPubSub_A1_A2.java
-rw-rw-r--   1 travis travis   880 Jun 11 04:37 ModularCGPubSub_A1_A2.mk
-rw-rw-r--   1 travis travis  1300 Jun 11 04:37 ModularCGPubSub_A1_A2_profile.class
-rw-rw-r--   1 travis travis  1222 Jun 11 04:37 ModularCGPubSub_A1_A2_profile.java
-rw-rw-r--   1 travis travis  3790 Jun 11 04:37 ModularCGPubSub_A1.class
-rw-rw-r--   1 travis travis  9836 Jun 11 04:37 ModularCGPubSub_A1.java
-rw-rw-r--   1 travis travis   856 Jun 11 04:37 ModularCGPubSub_A1.mk
-rw-rw-r--   1 travis travis  1346 Jun 11 04:37 ModularCGPubSub_A1_profile.class
-rw-rw-r--   1 travis travis  1388 Jun 11 04:37 ModularCGPubSub_A1_profile.java
-rw-rw-r--   1 travis travis  3988 Jun 11 04:38 ModularCodeGen2_ModularCodeGenTypedCompositeActor.class
-rw-rw-r--   1 travis travis 11690 Jun 11 04:38 ModularCodeGen2_ModularCodeGenTypedCompositeActor.java
-rw-rw-r--   1 travis travis  1104 Jun 11 04:38 ModularCodeGen2_ModularCodeGenTypedCompositeActor.mk
-rw-rw-r--   1 travis travis  4272 Jun 11 04:38 ModularCodeGen2_ModularCodeGenTypedCompositeActor_ModularCodeGenTypedCompositeActor.class
-rw-rw-r--   1 travis travis 11790 Jun 11 04:37 ModularCodeGen2_ModularCodeGenTypedCompositeActor_ModularCodeGenTypedCompositeActor.java
-rw-rw-r--   1 travis travis  1376 Jun 11 04:37 ModularCodeGen2_ModularCodeGenTypedCompositeActor_ModularCodeGenTypedCompositeActor.mk
-rw-rw-r--   1 travis travis  1421 Jun 11 04:37 ModularCodeGen2_ModularCodeGenTypedCompositeActor_ModularCodeGenTypedCompositeActor_profile.class
-rw-rw-r--   1 travis travis  1294 Jun 11 04:37 ModularCodeGen2_ModularCodeGenTypedCompositeActor_ModularCodeGenTypedCompositeActor_profile.java
-rw-rw-r--   1 travis travis   820 Jun 11 04:38 ModularCodeGen2_ModularCodeGenTypedCompositeActor_profile.class
-rw-rw-r--   1 travis travis   693 Jun 11 04:38 ModularCodeGen2_ModularCodeGenTypedCompositeActor_profile.java
-rw-rw-r--   1 travis travis  3741 Jun 11 04:38 ModularCodeGen3_A1_B1.class
-rw-rw-r--   1 travis travis  9958 Jun 11 04:38 ModularCodeGen3_A1_B1.java
-rw-rw-r--   1 travis travis   880 Jun 11 04:38 ModularCodeGen3_A1_B1.mk
-rw-rw-r--   1 travis travis  1330 Jun 11 04:38 ModularCodeGen3_A1_B1_profile.class
-rw-rw-r--   1 travis travis  1274 Jun 11 04:38 ModularCodeGen3_A1_B1_profile.java
-rw-rw-r--   1 travis travis  3741 Jun 11 04:38 ModularCodeGen3_A1_B2.class
-rw-rw-r--   1 travis travis  9958 Jun 11 04:38 ModularCodeGen3_A1_B2.java
-rw-rw-r--   1 travis travis   880 Jun 11 04:38 ModularCodeGen3_A1_B2.mk
-rw-rw-r--   1 travis travis  1330 Jun 11 04:38 ModularCodeGen3_A1_B2_profile.class
-rw-rw-r--   1 travis travis  1274 Jun 11 04:38 ModularCodeGen3_A1_B2_profile.java
-rw-rw-r--   1 travis travis  4961 Jun 11 04:38 ModularCodeGen3_A1.class
-rw-rw-r--   1 travis travis 15564 Jun 11 04:38 ModularCodeGen3_A1.java
-rw-rw-r--   1 travis travis   856 Jun 11 04:38 ModularCodeGen3_A1.mk
-rw-rw-r--   1 travis travis  1445 Jun 11 04:38 ModularCodeGen3_A1_profile.class
-rw-rw-r--   1 travis travis  1716 Jun 11 04:38 ModularCodeGen3_A1_profile.java
-rw-rw-r--   1 travis travis  3887 Jun 11 04:38 ModularCodeGen3_A2_B1.class
-rw-rw-r--   1 travis travis 10955 Jun 11 04:38 ModularCodeGen3_A2_B1.java
-rw-rw-r--   1 travis travis   880 Jun 11 04:38 ModularCodeGen3_A2_B1.mk
-rw-rw-r--   1 travis travis  1393 Jun 11 04:38 ModularCodeGen3_A2_B1_profile.class
-rw-rw-r--   1 travis travis  1458 Jun 11 04:38 ModularCodeGen3_A2_B1_profile.java
-rw-rw-r--   1 travis travis  3741 Jun 11 04:38 ModularCodeGen3_A2_B2.class
-rw-rw-r--   1 travis travis  9958 Jun 11 04:38 ModularCodeGen3_A2_B2.java
-rw-rw-r--   1 travis travis   880 Jun 11 04:38 ModularCodeGen3_A2_B2.mk
-rw-rw-r--   1 travis travis  1330 Jun 11 04:38 ModularCodeGen3_A2_B2_profile.class
-rw-rw-r--   1 travis travis  1274 Jun 11 04:38 ModularCodeGen3_A2_B2_profile.java
-rw-rw-r--   1 travis travis  5038 Jun 11 04:38 ModularCodeGen3_A2.class
-rw-rw-r--   1 travis travis 15957 Jun 11 04:38 ModularCodeGen3_A2.java
-rw-rw-r--   1 travis travis   856 Jun 11 04:38 ModularCodeGen3_A2.mk
-rw-rw-r--   1 travis travis  1445 Jun 11 04:38 ModularCodeGen3_A2_profile.class
-rw-rw-r--   1 travis travis  1716 Jun 11 04:38 ModularCodeGen3_A2_profile.java
-rw-rw-r--   1 travis travis  3794 Jun 11 04:38 ModularCodeGen4_A1_B1.class
-rw-rw-r--   1 travis travis 10312 Jun 11 04:38 ModularCodeGen4_A1_B1.java
-rw-rw-r--   1 travis travis   880 Jun 11 04:38 ModularCodeGen4_A1_B1.mk
-rw-rw-r--   1 travis travis  1330 Jun 11 04:38 ModularCodeGen4_A1_B1_profile.class
-rw-rw-r--   1 travis travis  1273 Jun 11 04:38 ModularCodeGen4_A1_B1_profile.java
-rw-rw-r--   1 travis travis  3794 Jun 11 04:38 ModularCodeGen4_A1_B2.class
-rw-rw-r--   1 travis travis 10312 Jun 11 04:38 ModularCodeGen4_A1_B2.java
-rw-rw-r--   1 travis travis   880 Jun 11 04:38 ModularCodeGen4_A1_B2.mk
-rw-rw-r--   1 travis travis  1330 Jun 11 04:38 ModularCodeGen4_A1_B2_profile.class
-rw-rw-r--   1 travis travis  1273 Jun 11 04:38 ModularCodeGen4_A1_B2_profile.java
-rw-rw-r--   1 travis travis  1712 Jun 11 04:38 ModularCodeGen4_A1_profile.java
-rw-rw-r--   1 travis travis  3954 Jun 11 04:37 ModularCodeGen_ModularCodeGenTypedCompositeActor.class
-rw-rw-r--   1 travis travis 10970 Jun 11 04:37 ModularCodeGen_ModularCodeGenTypedCompositeActor.java
-rw-rw-r--   1 travis travis  1096 Jun 11 04:37 ModularCodeGen_ModularCodeGenTypedCompositeActor.mk
-rw-rw-r--   1 travis travis  1384 Jun 11 04:37 ModularCodeGen_ModularCodeGenTypedCompositeActor_profile.class
-rw-rw-r--   1 travis travis  1328 Jun 11 04:37 ModularCodeGen_ModularCodeGenTypedCompositeActor_profile.java
-rw-rw-r--   1 travis travis  3492 Jun 11 04:37 ModularCodeGenTest_A1_A2.class
-rw-rw-r--   1 travis travis   904 Jun 11 04:37 ModularCodeGenTest_A1_A2.mk
-rw-rw-r--   1 travis travis  1306 Jun 11 04:37 ModularCodeGenTest_A1_A2_profile.class
-rw-rw-r--   1 travis travis  3823 Jun 11 04:37 ModularCodeGenTest_A1.class
-rw-rw-r--   1 travis travis  9968 Jun 11 04:37 ModularCodeGenTest_A1.java
-rw-rw-r--   1 travis travis   880 Jun 11 04:37 ModularCodeGenTest_A1.mk
-rw-rw-r--   1 travis travis  1352 Jun 11 04:37 ModularCodeGenTest_A1_profile.class
-rw-rw-r--   1 travis travis  1394 Jun 11 04:37 ModularCodeGenTest_A1_profile.java
drwxrwxr-x   3 travis travis 36864 Jun 11 04:37 modulation2
drwxrwxr-x   3 travis travis 20480 Jun 11 04:34 Multiplexor
drwxrwxr-x 242 travis travis 12288 Jun 11 04:37 node_modules
drwxrwxr-x   3 travis travis 20480 Jun 11 04:34 PhaseUnwrap
-rw-rw-r--   1 travis travis   520 Jun 11 04:37 Repeat$_fireFunction_Repeat_Repeat$__f_sL_0.class
-rw-rw-r--   1 travis travis   522 Jun 11 04:37 Repeat$_fireFunction_Repeat_Repeat$__f_sL_10.class
-rw-rw-r--   1 travis travis   666 Jun 11 04:37 Repeat$_fireFunction_Repeat_Repeat$__f_sL_11.class
-rw-rw-r--   1 travis travis   522 Jun 11 04:37 Repeat$_fireFunction_Repeat_Repeat$__f_sL_13.class
-rw-rw-r--   1 travis travis   665 Jun 11 04:37 Repeat$_fireFunction_Repeat_Repeat$__f_sL_1.class
-rw-rw-r--   1 travis travis   520 Jun 11 04:37 Repeat$_fireFunction_Repeat_Repeat$__f_sL_2.class
-rw-rw-r--   1 travis travis   520 Jun 11 04:37 Repeat$_fireFunction_Repeat_Repeat$__f_sL_3.class
-rw-rw-r--   1 travis travis   520 Jun 11 04:37 Repeat$_fireFunction_Repeat_Repeat$__f_sL_5.class
In "/home/travis/cg", about to execute:
-rw-rw-r--   1 travis travis   671 Jun 11 04:37 Repeat$_fireFunction_Repeat_Repeat$__f_sL_7.class
-rw-rw-r--   1 travis travis   520 Jun 11 04:37 Repeat$_fireFunction_Repeat_Repeat$__f_sL_9.class
-rw-rw-r--   1 travis travis   813 Jun 11 04:37 Repeat$_initialize_Repeat.class
-rw-rw-r--   1 travis travis   475 Jun 11 04:37 Repeat$_initialize_Repeat$__i_sL_0.class
-rw-rw-r--   1 travis travis   519 Jun 11 04:37 Repeat$_initialize_Repeat$__i_sL_3.class
-rw-rw-r--   1 travis travis 39778 Jun 11 04:37 Repeat.java
-rw-rw-r--   1 travis travis  1281 Jun 11 04:37 Repeat.mk
-rw-rw-r--   1 travis travis   520 Jun 11 04:37 Repeat$_preinitializeMethod_Repeat$__p_sL_0.class
-rw-rw-r--   1 travis travis   520 Jun 11 04:37 Repeat$_preinitializeMethod_Repeat$__p_sL_1.class
-rw-rw-r--   1 travis travis  1083 Jun 11 04:37 Repeat$_Repeat$_fireFunction_Repeat_AddSubtract_Repeat.class
-rw-rw-r--   1 travis travis   791 Jun 11 04:37 Repeat$_Repeat$_fireFunction_Repeat_AddSubtract_Repeat$__f_sL_0.class
-rw-rw-r--   1 travis travis   909 Jun 11 04:37 Repeat$_Repeat$_fireFunction_Repeat_AddSubtract_Repeat$__f_sL_1.class
-rw-rw-r--   1 travis travis   915 Jun 11 04:37 Repeat$_Repeat$_fireFunction_Repeat_AddSubtract_Repeat$__f_sL_2.class
-rw-rw-r--   1 travis travis   838 Jun 11 04:37 Repeat$_Repeat$_fireFunction_Repeat_Ramp2_Repeat$__f_sL_1.class
-rw-rw-r--   1 travis travis  1785 Jun 11 04:37 Repeat$_Repeat$_fireFunction_Repeat_Test_Repeat$__f_sL_2.class
-rw-rw-r--   1 travis travis   685 Jun 11 04:37 Repeat$_Repeat_SDF_Director_run_Repeat$__R_sL_0.class
-rw-rw-r--   1 travis travis   540 Jun 11 04:37 Repeat$_Repeat_SDF_Director_run_Repeat$__R_sL_1.class
-rw-rw-r--   1 travis travis   540 Jun 11 04:37 Repeat$_Repeat_SDF_Director_run_Repeat$__R_sL_2.class
-rw-rw-r--   1 travis travis   540 Jun 11 04:37 Repeat$_Repeat_SDF_Director_run_Repeat$__R_sL_4.class
-rw-rw-r--   1 travis travis   540 Jun 11 04:37 Repeat$_Repeat_SDF_Director_run_Repeat$__R_sL_5.class
-rw-rw-r--   1 travis travis   691 Jun 11 04:37 Repeat$_Repeat_SDF_Director_run_Repeat$__R_sL_6.class
-rw-rw-r--   1 travis travis   540 Jun 11 04:37 Repeat$_Repeat_SDF_Director_run_Repeat$__R_sL_7.class
-rw-rw-r--   1 travis travis   863 Jun 11 04:37 Repeat$_varinit_Repeat.class
-rw-rw-r--   1 travis travis   530 Jun 11 04:37 Repeat$_varinit_Repeat$__v_sL_1.class
-rw-rw-r--   1 travis travis   531 Jun 11 04:37 Repeat$_varinit_Repeat$__v_sL_2.class
-rw-rw-r--   1 travis travis   905 Jun 11 04:37 Repeat$_varinit_Repeat$__v_sL_4.class
-rw-rw-r--   1 travis travis   635 Jun 11 04:37 Repeat$_wrapup_Repeat.class
-rw-rw-r--   1 travis travis   965 Jun 11 04:37 Repeat$_wrapup_Repeat$__w_sL_1.class
-rw-rw-r--   1 travis travis   289 Jun 11 04:32 result.csv
    javac -classpath
.:/home/travis/build/icyphy/ptII:/home/travis/build/icyphy/ptII/lib/bsh-2.0b4.j
ar:/home/travis/build/icyphy/ptII/lib/ptCal.jar:/home/travis/build/icyphy/ptII/
lib/java_cup.jar:/home/travis/build/icyphy/ptII/lib/saxon8.jar:/home/travis/bui
ld/icyphy/ptII/lib/saxon8-dom.jar:/home/travis/build/icyphy/ptII/lib/chic.jar:/
home/travis/build/icyphy/ptII/lib/ptcolt.jar:/usr/lib/jvm/java-8-oracle/lib/too
ls.jar:/home/travis/build/icyphy/ptII/vendors/misc/itext/iText.jar:/home/travis
/build/icyphy/ptII/lib/g4ltl.jar:/home/travis/build/icyphy/ptII/lib/StructuralC
oder.jar:/home/travis/build/icyphy/ptII/vendors/jai-1_1_2_01/lib/jai_core.jar:/
home/travis/build/icyphy/ptII/vendors/jai-1_1_2_01/lib/jai_codec.jar:/home/trav
is/build/icyphy/ptII/lib/jcerti.jar:/home/travis/build/icyphy/ptII/lib/javax.ma
il.jar:/home/travis/build/icyphy/ptII/vendors/JMF-2.1.1e/lib/jmf.jar:/home/trav
is/build/icyphy/ptII/lib/jna-4.0.0-variadic.jar:/home/travis/build/icyphy/ptII/
vendors/misc/joystick/Joystick.jar:/home/travis/build/icyphy/ptII/lib/ptjacl.ja
r:/home/travis/build/icyphy/ptII/lib/jsoup-1.8.2.jar:/home/travis/build/icyphy/
ptII/lib/junit-4.8.2.jar:/home/travis/build/icyphy/ptII/lib/JUnitParams-0.4.0.j
ar:/home/travis/build/icyphy/ptII/ptolemy/actor/lib/excel/jxl.jar:/home/travis/
build/icyphy/ptII/lib/jython.jar:/home/travis/build/icyphy/ptII/lib/kieler.jar:
/home/travis/build/icyphy/ptII/vendors/opencv/share/OpenCV/java/opencv-341.jar:
/home/travis/build/icyphy/ptII/lib/oscP5.jar:/home/travis/build/icyphy/ptII/lib
/nrjavaserial-3.11.0.devel.jar:/home/travis/build/icyphy/ptII/vendors/j3d/lib/j
3dcore.jar:/home/travis/build/icyphy/ptII/vendors/j3d/lib/j3dutils.jar:/home/tr
avis/build/icyphy/ptII/vendors/j3d/lib/vecmath.jar:/home/travis/build/icyphy/pt
II/ptolemy/distributed/jini/jar/jini-core.jar:/home/travis/build/icyphy/ptII/pt
olemy/distributed/jini/jar/jini-ext.jar:/home/travis/build/icyphy/ptII/ptolemy/
distributed/jini/jar/sun-util.jar:/home/travis/build/icyphy/ptII/lib/protobuf-j
ava-2.4.1.jar:/home/travis/build/icyphy/ptII/lib/org.eclipse.paho.client.mqttv3
.jar:/home/travis/build/icyphy/ptII/lib/mapss.jar:/home/travis/build/icyphy/ptI
I/ptolemy/actor/ptalon/antlr/antlr.jar:/home/travis/build/icyphy/ptII/lib/JRI.j
ar:/home/travis/build/icyphy/ptII/lib/commons-lang-2.6.jar:/home/travis/build/i
cyphy/ptII/lib/commons-logging-1.1.1.jar:/home/travis/build/icyphy/ptII/lib/soo
tclasses.jar:/home/travis/build/icyphy/ptII/ptolemy/actor/lib/database/mysql-co
nnector-java-5.1.6-bin.jar:/home/travis/build/icyphy/ptII/vendors/misc/sphinx4/
sphinx4-data-5prealpha.jar:/home/travis/build/icyphy/ptII/vendors/misc/sphinx4/
sphinx4-core-5prealpha.jar:/home/travis/build/icyphy/ptII/lib/PDFRenderer.jar:/
home/travis/build/icyphy/ptII/lib/svgSalamander.jar:/home/travis/build/icyphy/p
tII/lib/rsyntaxtextarea-2.6.0-SNAPSHOT.jar:/home/travis/build/icyphy/ptII/lib/h
azelcast-3.8.2.jar:/home/travis/build/icyphy/ptII/lib/jackson-annotations-2.9.0
.jar:/home/travis/build/icyphy/ptII/lib/jackson-core-2.9.3.jar:/home/travis/bui
ld/icyphy/ptII/lib/jackson-databind-2.9.3.jar:/home/travis/build/icyphy/ptII/li
b/netty-buffer-4.1.19.Final.jar:/home/travis/build/icyphy/ptII/lib/netty-codec-
4.1.19.Final.jar:/home/travis/build/icyphy/ptII/lib/netty-codec-dns-4.1.19.Fina
l.jar:/home/travis/build/icyphy/ptII/lib/netty-codec-http-4.1.19.Final.jar:/hom
e/travis/build/icyphy/ptII/lib/netty-codec-http2-4.1.19.Final.jar:/home/travis/
build/icyphy/ptII/lib/netty-common-4.1.19.Final.jar:/home/travis/build/icyphy/p
tII/lib/netty-handler-4.1.19.Final.jar:/home/travis/build/icyphy/ptII/lib/netty
-resolver-4.1.19.Final.jar:/home/travis/build/icyphy/ptII/lib/netty-resolver-dn
s-4.1.19.Final.jar:/home/travis/build/icyphy/ptII/lib/netty-transport-4.1.19.Fi
nal.jar:/home/travis/build/icyphy/ptII/lib/vertx-codegen-3.5.1.jar:/home/travis
/build/icyphy/ptII/lib/vertx-core-3.5.2-SNAPSHOT.jar:/home/travis/build/icyphy/
ptII/lib/vertx-hazelcast-3.5.1.jar:/home/travis/build/icyphy/ptII/lib/vertx-lan
g-js-3.5.1.jar:/home/travis/build/icyphy/ptII/lib/vertx-service-proxy-3.5.1.jar
:/home/travis/build/icyphy/ptII/lib/vertx-web-3.5.1.jar:/home/travis/build/icyp
hy/ptII/lib/slf4j-api-1.7.13.jar:/home/travis/build/icyphy/ptII/lib/slf4j-simpl
e-1.7.13.jar:/home/travis/build/icyphy/ptII/lib/webcam-capture-0.3.12.jar:/home
/travis/build/icyphy/ptII/lib/bridj-0.7.0.jar:/home/travis/build/icyphy/ptII/li
b/xbjlib-1.1.0.nrjavaserial.jar:/home/travis/build/icyphy/ptII/ptolemy/moml/tes
t:/home/travis/build/icyphy/ptII/ant/lib/ant-launcher.jar:/home/travis/build/ic
yphy/ptII/ant/lib/ant.jar:/home/travis/build/icyphy/ptII/ant/lib/ant-junit.jar:
/home/travis/build/icyphy/ptII/ant/lib/ant-junit4.jar:/home/travis/build/icyphy
/ptII ModularCodeGen4_A1_profile.java
drwxrwxr-x   3 travis travis 12288 Jun 11 04:35 Scrambler1
drwxrwxr-x   3 travis travis 20480 Jun 11 04:34 Sinewave2
drwxrwxr-x   3 travis travis 69632 Jun 11 04:35 StringCompare
drwxrwxr-x   3 travis travis 32768 Jun 11 04:35 StringFunction
drwxrwxr-x   3 travis travis 12288 Jun 11 04:35 StringLength
drwxrwxr-x   3 travis travis 57344 Jun 11 04:36 StringSimpleReplace
drwxrwxr-x   3 travis travis 12288 Jun 11 04:37 time2
drwxrwxr-x   3 travis travis 12288 Jun 11 04:37 time5
-rw-rw-r--   1 travis travis   432 Jun 11 04:38 Token.class
-rw-rw-r--   1 travis travis   251 Jun 11 04:38 Token.java
-rw-rw-r--   1 travis travis     0 Jun 11 04:37 top.
-rw-rw-r--   1 travis travis 20502 Jun 11 04:32 top.c
-rw-rw-r--   1 travis travis  3567 Jun 11 04:37 top.class
-rw-rw-r--   1 travis travis   169 Jun 11 04:32 top.html
-rw-rw-r--   1 travis travis  7552 Jun 11 04:37 top.java
-rw-rw-r--   1 travis travis 38888 Jun 11 04:32 top.o
drwxrwxr-x   3 travis travis 57344 Jun 11 04:34 UnaryMathFunction
All Done
Writing ModularCodeGen4_A1.java in file:/home/travis/cg/ (16245 characters)
Reading "ptolemy/cg/kernel/generic/program/procedural/java/modular/makefile.in",
    writing "/home/travis/cg/ModularCodeGen4_A1.mk"
Using ptolemy/cg/kernel/generic/program/procedural/java/modular/makefile.in
In "/home/travis/cg", about to execute:
    make -f ModularCodeGen4_A1.mk
javac -classpath ".:.."    ModularCodeGen4_A1.java
All Done
In "/home/travis/cg", about to execute:
    pwd
/home/travis/cg
In "/home/travis/cg", about to execute:
    ls -l
total 1636
drwxrwxr-x   3 travis travis 12288 Jun 11 04:33 AbsoluteValue
drwxrwxr-x   3 travis travis 16384 Jun 11 04:33 Case1
drwxrwxr-x   3 travis travis 32768 Jun 11 04:33 Case2
-rw-rw-r--   1 travis travis  4895 Jun 11 04:37 CompiledCompositeActor_CompiledCompositeActor.class
-rw-rw-r--   1 travis travis  1592 Jun 11 04:37 CompiledCompositeActor_CompiledCompositeActor$_CompiledCompositeActor_CompiledCompositeActor.class
-rw-rw-r--   1 travis travis 13466 Jun 11 04:37 CompiledCompositeActor_CompiledCompositeActor.java
-rw-rw-r--   1 travis travis  1593 Jun 11 04:37 CompiledCompositeActor_CompiledCompositeActor.mk
drwxrwxr-x   3 travis travis 24576 Jun 11 04:35 DeScrambler
drwxrwxr-x   3 travis travis 16384 Jun 11 04:36 DotProduct
drwxrwxr-x   3 travis travis 12288 Jun 11 04:33 FileWriter1
drwxrwxr-x   3 travis travis 20480 Jun 11 04:32 FixToDoubleAndBack
drwxrwxr-x   3 travis travis 16384 Jun 11 04:33 Gaussian1
drwxrwxr-x   3 travis travis 20480 Jun 11 04:33 Gaussian2
-rw-rw-r--   1 travis travis  4457 Jun 11 04:37 JavaCompiledCompositeTest1_CompiledCompositeActor.class
-rw-rw-r--   1 travis travis 11637 Jun 11 04:37 JavaCompiledCompositeTest1_CompiledCompositeActor.java
-rw-rw-r--   1 travis travis  1198 Jun 11 04:37 JavaCompiledCompositeTest1_CompiledCompositeActor$_JavaCompiledCompositeTest1_CompiledCompositeActor.class
-rw-rw-r--   1 travis travis  1625 Jun 11 04:37 JavaCompiledCompositeTest1_CompiledCompositeActor.mk
-rw-rw-r--   1 travis travis  4888 Jun 11 04:37 JavaCompiledCompositeTest2_CompiledCompositeActor.class
-rw-rw-r--   1 travis travis 14919 Jun 11 04:37 JavaCompiledCompositeTest2_CompiledCompositeActor.java
-rw-rw-r--   1 travis travis  1793 Jun 11 04:37 JavaCompiledCompositeTest2_CompiledCompositeActor$_JavaCompiledCompositeTest2_CompiledCompositeActor.class
-rw-rw-r--   1 travis travis  1625 Jun 11 04:37 JavaCompiledCompositeTest2_CompiledCompositeActor.mk
-rw-rw-r--   1 travis travis  4505 Jun 11 04:37 JavaCompiledCompositeTest3_CompiledCompositeActor.class
-rw-rw-r--   1 travis travis 13080 Jun 11 04:37 JavaCompiledCompositeTest3_CompiledCompositeActor.java
-rw-rw-r--   1 travis travis  1378 Jun 11 04:37 JavaCompiledCompositeTest3_CompiledCompositeActor$_JavaCompiledCompositeTest3_CompiledCompositeActor.class
-rw-rw-r--   1 travis travis  1625 Jun 11 04:37 JavaCompiledCompositeTest3_CompiledCompositeActor.mk
-rw-rw-r--   1 travis travis  3953 Jun 11 04:37 JavaCompiledCompositeTest4_CompiledCompositeActor.class
-rw-rw-r--   1 travis travis  9687 Jun 11 04:37 JavaCompiledCompositeTest4_CompiledCompositeActor.java
-rw-rw-r--   1 travis travis   857 Jun 11 04:37 JavaCompiledCompositeTest4_CompiledCompositeActor$_JavaCompiledCompositeTest4_CompiledCompositeActor.class
-rw-rw-r--   1 travis travis  1625 Jun 11 04:37 JavaCompiledCompositeTest4_CompiledCompositeActor.mk
drwxrwxr-x   3 travis travis 12288 Jun 11 04:33 LookupTable
drwxrwxr-x   3 travis travis 20480 Jun 11 04:34 MaxIndex
-rw-rw-r--   1 travis travis  3693 Jun 11 04:37 ModularCG_A1_B1.class
-rw-rw-r--   1 travis travis  9730 Jun 11 04:37 ModularCG_A1_B1.java
-rw-rw-r--   1 travis travis   832 Jun 11 04:37 ModularCG_A1_B1.mk
-rw-rw-r--   1 travis travis  1318 Jun 11 04:37 ModularCG_A1_B1_profile.class
-rw-rw-r--   1 travis travis  1262 Jun 11 04:37 ModularCG_A1_B1_profile.java
-rw-rw-r--   1 travis travis  3693 Jun 11 04:37 ModularCG_A1_B2.class
-rw-rw-r--   1 travis travis  9730 Jun 11 04:37 ModularCG_A1_B2.java
-rw-rw-r--   1 travis travis   832 Jun 11 04:37 ModularCG_A1_B2.mk
-rw-rw-r--   1 travis travis  1318 Jun 11 04:37 ModularCG_A1_B2_profile.class
-rw-rw-r--   1 travis travis  1262 Jun 11 04:37 ModularCG_A1_B2_profile.java
-rw-rw-r--   1 travis travis  4799 Jun 11 04:37 ModularCG_A1.class
-rw-rw-r--   1 travis travis 14742 Jun 11 04:37 ModularCG_A1.java
-rw-rw-r--   1 travis travis   808 Jun 11 04:37 ModularCG_A1.mk
-rw-rw-r--   1 travis travis  1433 Jun 11 04:37 ModularCG_A1_profile.class
-rw-rw-r--   1 travis travis  1704 Jun 11 04:37 ModularCG_A1_profile.java
-rw-rw-r--   1 travis travis  3827 Jun 11 04:37 ModularCG_A2_B1.class
-rw-rw-r--   1 travis travis 10667 Jun 11 04:37 ModularCG_A2_B1.java
-rw-rw-r--   1 travis travis   832 Jun 11 04:37 ModularCG_A2_B1.mk
-rw-rw-r--   1 travis travis  1381 Jun 11 04:37 ModularCG_A2_B1_profile.class
-rw-rw-r--   1 travis travis  1446 Jun 11 04:37 ModularCG_A2_B1_profile.java
-rw-rw-r--   1 travis travis  3693 Jun 11 04:37 ModularCG_A2_B2.class
-rw-rw-r--   1 travis travis  9730 Jun 11 04:37 ModularCG_A2_B2.java
-rw-rw-r--   1 travis travis   832 Jun 11 04:37 ModularCG_A2_B2.mk
-rw-rw-r--   1 travis travis  1318 Jun 11 04:37 ModularCG_A2_B2_profile.class
-rw-rw-r--   1 travis travis  1262 Jun 11 04:37 ModularCG_A2_B2_profile.java
-rw-rw-r--   1 travis travis  4870 Jun 11 04:37 ModularCG_A2.class
-rw-rw-r--   1 travis travis 15129 Jun 11 04:37 ModularCG_A2.java
-rw-rw-r--   1 travis travis   808 Jun 11 04:37 ModularCG_A2.mk
-rw-rw-r--   1 travis travis  1433 Jun 11 04:37 ModularCG_A2_profile.class
-rw-rw-r--   1 travis travis  1704 Jun 11 04:37 ModularCG_A2_profile.java
-rw-rw-r--   1 travis travis  3473 Jun 11 04:37 ModularCGPubSub_A1_A2.class
-rw-rw-r--   1 travis travis  9076 Jun 11 04:37 ModularCGPubSub_A1_A2.java
-rw-rw-r--   1 travis travis   880 Jun 11 04:37 ModularCGPubSub_A1_A2.mk
-rw-rw-r--   1 travis travis  1300 Jun 11 04:37 ModularCGPubSub_A1_A2_profile.class
-rw-rw-r--   1 travis travis  1222 Jun 11 04:37 ModularCGPubSub_A1_A2_profile.java
-rw-rw-r--   1 travis travis  3790 Jun 11 04:37 ModularCGPubSub_A1.class
-rw-rw-r--   1 travis travis  9836 Jun 11 04:37 ModularCGPubSub_A1.java
-rw-rw-r--   1 travis travis   856 Jun 11 04:37 ModularCGPubSub_A1.mk
-rw-rw-r--   1 travis travis  1346 Jun 11 04:37 ModularCGPubSub_A1_profile.class
-rw-rw-r--   1 travis travis  1388 Jun 11 04:37 ModularCGPubSub_A1_profile.java
-rw-rw-r--   1 travis travis  3988 Jun 11 04:38 ModularCodeGen2_ModularCodeGenTypedCompositeActor.class
-rw-rw-r--   1 travis travis 11690 Jun 11 04:38 ModularCodeGen2_ModularCodeGenTypedCompositeActor.java
-rw-rw-r--   1 travis travis  1104 Jun 11 04:38 ModularCodeGen2_ModularCodeGenTypedCompositeActor.mk
-rw-rw-r--   1 travis travis  4272 Jun 11 04:38 ModularCodeGen2_ModularCodeGenTypedCompositeActor_ModularCodeGenTypedCompositeActor.class
-rw-rw-r--   1 travis travis 11790 Jun 11 04:37 ModularCodeGen2_ModularCodeGenTypedCompositeActor_ModularCodeGenTypedCompositeActor.java
-rw-rw-r--   1 travis travis  1376 Jun 11 04:37 ModularCodeGen2_ModularCodeGenTypedCompositeActor_ModularCodeGenTypedCompositeActor.mk
-rw-rw-r--   1 travis travis  1421 Jun 11 04:37 ModularCodeGen2_ModularCodeGenTypedCompositeActor_ModularCodeGenTypedCompositeActor_profile.class
-rw-rw-r--   1 travis travis  1294 Jun 11 04:37 ModularCodeGen2_ModularCodeGenTypedCompositeActor_ModularCodeGenTypedCompositeActor_profile.java
-rw-rw-r--   1 travis travis   820 Jun 11 04:38 ModularCodeGen2_ModularCodeGenTypedCompositeActor_profile.class
-rw-rw-r--   1 travis travis   693 Jun 11 04:38 ModularCodeGen2_ModularCodeGenTypedCompositeActor_profile.java
-rw-rw-r--   1 travis travis  3741 Jun 11 04:38 ModularCodeGen3_A1_B1.class
-rw-rw-r--   1 travis travis  9958 Jun 11 04:38 ModularCodeGen3_A1_B1.java
-rw-rw-r--   1 travis travis   880 Jun 11 04:38 ModularCodeGen3_A1_B1.mk
-rw-rw-r--   1 travis travis  1330 Jun 11 04:38 ModularCodeGen3_A1_B1_profile.class
-rw-rw-r--   1 travis travis  1274 Jun 11 04:38 ModularCodeGen3_A1_B1_profile.java
-rw-rw-r--   1 travis travis  3741 Jun 11 04:38 ModularCodeGen3_A1_B2.class
-rw-rw-r--   1 travis travis  9958 Jun 11 04:38 ModularCodeGen3_A1_B2.java
-rw-rw-r--   1 travis travis   880 Jun 11 04:38 ModularCodeGen3_A1_B2.mk
-rw-rw-r--   1 travis travis  1330 Jun 11 04:38 ModularCodeGen3_A1_B2_profile.class
-rw-rw-r--   1 travis travis  1274 Jun 11 04:38 ModularCodeGen3_A1_B2_profile.java
-rw-rw-r--   1 travis travis  4961 Jun 11 04:38 ModularCodeGen3_A1.class
-rw-rw-r--   1 travis travis 15564 Jun 11 04:38 ModularCodeGen3_A1.java
-rw-rw-r--   1 travis travis   856 Jun 11 04:38 ModularCodeGen3_A1.mk
-rw-rw-r--   1 travis travis  1445 Jun 11 04:38 ModularCodeGen3_A1_profile.class
-rw-rw-r--   1 travis travis  1716 Jun 11 04:38 ModularCodeGen3_A1_profile.java
-rw-rw-r--   1 travis travis  3887 Jun 11 04:38 ModularCodeGen3_A2_B1.class
-rw-rw-r--   1 travis travis 10955 Jun 11 04:38 ModularCodeGen3_A2_B1.java
-rw-rw-r--   1 travis travis   880 Jun 11 04:38 ModularCodeGen3_A2_B1.mk
-rw-rw-r--   1 travis travis  1393 Jun 11 04:38 ModularCodeGen3_A2_B1_profile.class
-rw-rw-r--   1 travis travis  1458 Jun 11 04:38 ModularCodeGen3_A2_B1_profile.java
-rw-rw-r--   1 travis travis  3741 Jun 11 04:38 ModularCodeGen3_A2_B2.class
-rw-rw-r--   1 travis travis  9958 Jun 11 04:38 ModularCodeGen3_A2_B2.java
-rw-rw-r--   1 travis travis   880 Jun 11 04:38 ModularCodeGen3_A2_B2.mk
-rw-rw-r--   1 travis travis  1330 Jun 11 04:38 ModularCodeGen3_A2_B2_profile.class
-rw-rw-r--   1 travis travis  1274 Jun 11 04:38 ModularCodeGen3_A2_B2_profile.java
-rw-rw-r--   1 travis travis  5038 Jun 11 04:38 ModularCodeGen3_A2.class
-rw-rw-r--   1 travis travis 15957 Jun 11 04:38 ModularCodeGen3_A2.java
-rw-rw-r--   1 travis travis   856 Jun 11 04:38 ModularCodeGen3_A2.mk
-rw-rw-r--   1 travis travis  1445 Jun 11 04:38 ModularCodeGen3_A2_profile.class
-rw-rw-r--   1 travis travis  1716 Jun 11 04:38 ModularCodeGen3_A2_profile.java
-rw-rw-r--   1 travis travis  3794 Jun 11 04:38 ModularCodeGen4_A1_B1.class
-rw-rw-r--   1 travis travis 10312 Jun 11 04:38 ModularCodeGen4_A1_B1.java
-rw-rw-r--   1 travis travis   880 Jun 11 04:38 ModularCodeGen4_A1_B1.mk
-rw-rw-r--   1 travis travis  1330 Jun 11 04:38 ModularCodeGen4_A1_B1_profile.class
-rw-rw-r--   1 travis travis  1273 Jun 11 04:38 ModularCodeGen4_A1_B1_profile.java
-rw-rw-r--   1 travis travis  3794 Jun 11 04:38 ModularCodeGen4_A1_B2.class
-rw-rw-r--   1 travis travis 10312 Jun 11 04:38 ModularCodeGen4_A1_B2.java
-rw-rw-r--   1 travis travis   880 Jun 11 04:38 ModularCodeGen4_A1_B2.mk
-rw-rw-r--   1 travis travis  1330 Jun 11 04:38 ModularCodeGen4_A1_B2_profile.class
-rw-rw-r--   1 travis travis  1273 Jun 11 04:38 ModularCodeGen4_A1_B2_profile.java
-rw-rw-r--   1 travis travis  5101 Jun 11 04:38 ModularCodeGen4_A1.class
-rw-rw-r--   1 travis travis 16245 Jun 11 04:38 ModularCodeGen4_A1.java
-rw-rw-r--   1 travis travis   856 Jun 11 04:38 ModularCodeGen4_A1.mk
-rw-rw-r--   1 travis travis  1445 Jun 11 04:38 ModularCodeGen4_A1_profile.class
-rw-rw-r--   1 travis travis  1712 Jun 11 04:38 ModularCodeGen4_A1_profile.java
-rw-rw-r--   1 travis travis  1454 Jun 11 04:38 ModularCodeGen4_A2_B1_profile.java
-rw-rw-r--   1 travis travis  3954 Jun 11 04:37 ModularCodeGen_ModularCodeGenTypedCompositeActor.class
-rw-rw-r--   1 travis travis 10970 Jun 11 04:37 ModularCodeGen_ModularCodeGenTypedCompositeActor.java
-rw-rw-r--   1 travis travis  1096 Jun 11 04:37 ModularCodeGen_ModularCodeGenTypedCompositeActor.mk
-rw-rw-r--   1 travis travis  1384 Jun 11 04:37 ModularCodeGen_ModularCodeGenTypedCompositeActor_profile.class
-rw-rw-r--   1 travis travis  1328 Jun 11 04:37 ModularCodeGen_ModularCodeGenTypedCompositeActor_profile.java
-rw-rw-r--   1 travis travis  3492 Jun 11 04:37 ModularCodeGenTest_A1_A2.class
-rw-rw-r--   1 travis travis   904 Jun 11 04:37 ModularCodeGenTest_A1_A2.mk
-rw-rw-r--   1 travis travis  1306 Jun 11 04:37 ModularCodeGenTest_A1_A2_profile.class
-rw-rw-r--   1 travis travis  3823 Jun 11 04:37 ModularCodeGenTest_A1.class
-rw-rw-r--   1 travis travis  9968 Jun 11 04:37 ModularCodeGenTest_A1.java
-rw-rw-r--   1 travis travis   880 Jun 11 04:37 ModularCodeGenTest_A1.mk
-rw-rw-r--   1 travis travis  1352 Jun 11 04:37 ModularCodeGenTest_A1_profile.class
-rw-rw-r--   1 travis travis  1394 Jun 11 04:37 ModularCodeGenTest_A1_profile.java
drwxrwxr-x   3 travis travis 36864 Jun 11 04:37 modulation2
drwxrwxr-x   3 travis travis 20480 Jun 11 04:34 Multiplexor
drwxrwxr-x 242 travis travis 12288 Jun 11 04:37 node_modules
drwxrwxr-x   3 travis travis 20480 Jun 11 04:34 PhaseUnwrap
-rw-rw-r--   1 travis travis   520 Jun 11 04:37 Repeat$_fireFunction_Repeat_Repeat$__f_sL_0.class
-rw-rw-r--   1 travis travis   522 Jun 11 04:37 Repeat$_fireFunction_Repeat_Repeat$__f_sL_10.class
-rw-rw-r--   1 travis travis   666 Jun 11 04:37 Repeat$_fireFunction_Repeat_Repeat$__f_sL_11.class
-rw-rw-r--   1 travis travis   522 Jun 11 04:37 Repeat$_fireFunction_Repeat_Repeat$__f_sL_13.class
-rw-rw-r--   1 travis travis   665 Jun 11 04:37 Repeat$_fireFunction_Repeat_Repeat$__f_sL_1.class
-rw-rw-r--   1 travis travis   520 Jun 11 04:37 Repeat$_fireFunction_Repeat_Repeat$__f_sL_2.class
-rw-rw-r--   1 travis travis   520 Jun 11 04:37 Repeat$_fireFunction_Repeat_Repeat$__f_sL_3.class
-rw-rw-r--   1 travis travis   520 Jun 11 04:37 Repeat$_fireFunction_Repeat_Repeat$__f_sL_5.class
-rw-rw-r--   1 travis travis   671 Jun 11 04:37 Repeat$_fireFunction_Repeat_Repeat$__f_sL_7.class
-rw-rw-r--   1 travis travis   520 Jun 11 04:37 Repeat$_fireFunction_Repeat_Repeat$__f_sL_9.class
-rw-rw-r--   1 travis travis   813 Jun 11 04:37 Repeat$_initialize_Repeat.class
-rw-rw-r--   1 travis travis   475 Jun 11 04:37 Repeat$_initialize_Repeat$__i_sL_0.class
-rw-rw-r--   1 travis travis   519 Jun 11 04:37 Repeat$_initialize_Repeat$__i_sL_3.class
-rw-rw-r--   1 travis travis 39778 Jun 11 04:37 Repeat.java
-rw-rw-r--   1 travis travis  1281 Jun 11 04:37 Repeat.mk
-rw-rw-r--   1 travis travis   520 Jun 11 04:37 Repeat$_preinitializeMethod_Repeat$__p_sL_0.class
-rw-rw-r--   1 travis travis   520 Jun 11 04:37 Repeat$_preinitializeMethod_Repeat$__p_sL_1.class
-rw-rw-r--   1 travis travis  1083 Jun 11 04:37 Repeat$_Repeat$_fireFunction_Repeat_AddSubtract_Repeat.class
-rw-rw-r--   1 travis travis   791 Jun 11 04:37 Repeat$_Repeat$_fireFunction_Repeat_AddSubtract_Repeat$__f_sL_0.class
-rw-rw-r--   1 travis travis   909 Jun 11 04:37 Repeat$_Repeat$_fireFunction_Repeat_AddSubtract_Repeat$__f_sL_1.class
-rw-rw-r--   1 travis travis   915 Jun 11 04:37 Repeat$_Repeat$_fireFunction_Repeat_AddSubtract_Repeat$__f_sL_2.class
-rw-rw-r--   1 travis travis   838 Jun 11 04:37 Repeat$_Repeat$_fireFunction_Repeat_Ramp2_Repeat$__f_sL_1.class
-rw-rw-r--   1 travis travis  1785 Jun 11 04:37 Repeat$_Repeat$_fireFunction_Repeat_Test_Repeat$__f_sL_2.class
-rw-rw-r--   1 travis travis   685 Jun 11 04:37 Repeat$_Repeat_SDF_Director_run_Repeat$__R_sL_0.class
-rw-rw-r--   1 travis travis   540 Jun 11 04:37 Repeat$_Repeat_SDF_Director_run_Repeat$__R_sL_1.class
-rw-rw-r--   1 travis travis   540 Jun 11 04:37 Repeat$_Repeat_SDF_Director_run_Repeat$__R_sL_2.class
-rw-rw-r--   1 travis travis   540 Jun 11 04:37 Repeat$_Repeat_SDF_Director_run_Repeat$__R_sL_4.class
-rw-rw-r--   1 travis travis   540 Jun 11 04:37 Repeat$_Repeat_SDF_Director_run_Repeat$__R_sL_5.class
-rw-rw-r--   1 travis travis   691 Jun 11 04:37 Repeat$_Repeat_SDF_Director_run_Repeat$__R_sL_6.class
-rw-rw-r--   1 travis travis   540 Jun 11 04:37 Repeat$_Repeat_SDF_Director_run_Repeat$__R_sL_7.class
-rw-rw-r--   1 travis travis   863 Jun 11 04:37 Repeat$_varinit_Repeat.class
-rw-rw-r--   1 travis travis   530 Jun 11 04:37 Repeat$_varinit_Repeat$__v_sL_1.class
-rw-rw-r--   1 travis travis   531 Jun 11 04:37 Repeat$_varinit_Repeat$__v_sL_2.class
-rw-rw-r--   1 travis travis   905 Jun 11 04:37 Repeat$_varinit_Repeat$__v_sL_4.class
-rw-rw-r--   1 travis travis   635 Jun 11 04:37 Repeat$_wrapup_Repeat.class
-rw-rw-r--   1 travis travis   965 Jun 11 04:37 Repeat$_wrapup_Repeat$__w_sL_1.class
-rw-rw-r--   1 travis travis   289 Jun 11 04:32 result.csv
drwxrwxr-x   3 travis travis 12288 Jun 11 04:35 Scrambler1
drwxrwxr-x   3 travis travis 20480 Jun 11 04:34 Sinewave2
drwxrwxr-x   3 travis travis 69632 Jun 11 04:35 StringCompare
drwxrwxr-x   3 travis travis 32768 Jun 11 04:35 StringFunction
drwxrwxr-x   3 travis travis 12288 Jun 11 04:35 StringLength
drwxrwxr-x   3 travis travis 57344 Jun 11 04:36 StringSimpleReplace
drwxrwxr-x   3 travis travis 12288 Jun 11 04:37 time2
drwxrwxr-x   3 travis travis 12288 Jun 11 04:37 time5
-rw-rw-r--   1 travis travis   432 Jun 11 04:38 Token.class
-rw-rw-r--   1 travis travis   251 Jun 11 04:38 Token.java
-rw-rw-r--   1 travis travis     0 Jun 11 04:37 top.
-rw-rw-r--   1 travis travis 20502 Jun 11 04:32 top.c
-rw-rw-r--   1 travis travis  3567 Jun 11 04:37 top.class
-rw-rw-r--   1 travis travis   169 Jun 11 04:32 top.html
-rw-rw-r--   1 travis travis  7552 Jun 11 04:37 top.java
-rw-rw-r--   1 travis travis 38888 Jun 11 04:32 top.o
drwxrwxr-x   3 travis travis 57344 Jun 11 04:34 UnaryMathFunction
In "/home/travis/cg", about to execute:
    javac -classpath
.:/home/travis/build/icyphy/ptII:/home/travis/build/icyphy/ptII/lib/bsh-2.0b4.j
ar:/home/travis/build/icyphy/ptII/lib/ptCal.jar:/home/travis/build/icyphy/ptII/
lib/java_cup.jar:/home/travis/build/icyphy/ptII/lib/saxon8.jar:/home/travis/bui
ld/icyphy/ptII/lib/saxon8-dom.jar:/home/travis/build/icyphy/ptII/lib/chic.jar:/
home/travis/build/icyphy/ptII/lib/ptcolt.jar:/usr/lib/jvm/java-8-oracle/lib/too
ls.jar:/home/travis/build/icyphy/ptII/vendors/misc/itext/iText.jar:/home/travis
/build/icyphy/ptII/lib/g4ltl.jar:/home/travis/build/icyphy/ptII/lib/StructuralC
oder.jar:/home/travis/build/icyphy/ptII/vendors/jai-1_1_2_01/lib/jai_core.jar:/
home/travis/build/icyphy/ptII/vendors/jai-1_1_2_01/lib/jai_codec.jar:/home/trav
is/build/icyphy/ptII/lib/jcerti.jar:/home/travis/build/icyphy/ptII/lib/javax.ma
il.jar:/home/travis/build/icyphy/ptII/vendors/JMF-2.1.1e/lib/jmf.jar:/home/trav
is/build/icyphy/ptII/lib/jna-4.0.0-variadic.jar:/home/travis/build/icyphy/ptII/
vendors/misc/joystick/Joystick.jar:/home/travis/build/icyphy/ptII/lib/ptjacl.ja
r:/home/travis/build/icyphy/ptII/lib/jsoup-1.8.2.jar:/home/travis/build/icyphy/
ptII/lib/junit-4.8.2.jar:/home/travis/build/icyphy/ptII/lib/JUnitParams-0.4.0.j
ar:/home/travis/build/icyphy/ptII/ptolemy/actor/lib/excel/jxl.jar:/home/travis/
build/icyphy/ptII/lib/jython.jar:/home/travis/build/icyphy/ptII/lib/kieler.jar:
/home/travis/build/icyphy/ptII/vendors/opencv/share/OpenCV/java/opencv-341.jar:
/home/travis/build/icyphy/ptII/lib/oscP5.jar:/home/travis/build/icyphy/ptII/lib
/nrjavaserial-3.11.0.devel.jar:/home/travis/build/icyphy/ptII/vendors/j3d/lib/j
3dcore.jar:/home/travis/build/icyphy/ptII/vendors/j3d/lib/j3dutils.jar:/home/tr
avis/build/icyphy/ptII/vendors/j3d/lib/vecmath.jar:/home/travis/build/icyphy/pt
II/ptolemy/distributed/jini/jar/jini-core.jar:/home/travis/build/icyphy/ptII/pt
olemy/distributed/jini/jar/jini-ext.jar:/home/travis/build/icyphy/ptII/ptolemy/
distributed/jini/jar/sun-util.jar:/home/travis/build/icyphy/ptII/lib/protobuf-j
ava-2.4.1.jar:/home/travis/build/icyphy/ptII/lib/org.eclipse.paho.client.mqttv3
.jar:/home/travis/build/icyphy/ptII/lib/mapss.jar:/home/travis/build/icyphy/ptI
I/ptolemy/actor/ptalon/antlr/antlr.jar:/home/travis/build/icyphy/ptII/lib/JRI.j
ar:/home/travis/build/icyphy/ptII/lib/commons-lang-2.6.jar:/home/travis/build/i
cyphy/ptII/lib/commons-logging-1.1.1.jar:/home/travis/build/icyphy/ptII/lib/soo
tclasses.jar:/home/travis/build/icyphy/ptII/ptolemy/actor/lib/database/mysql-co
nnector-java-5.1.6-bin.jar:/home/travis/build/icyphy/ptII/vendors/misc/sphinx4/
sphinx4-data-5prealpha.jar:/home/travis/build/icyphy/ptII/vendors/misc/sphinx4/
sphinx4-core-5prealpha.jar:/home/travis/build/icyphy/ptII/lib/PDFRenderer.jar:/
home/travis/build/icyphy/ptII/lib/svgSalamander.jar:/home/travis/build/icyphy/p
tII/lib/rsyntaxtextarea-2.6.0-SNAPSHOT.jar:/home/travis/build/icyphy/ptII/lib/h
azelcast-3.8.2.jar:/home/travis/build/icyphy/ptII/lib/jackson-annotations-2.9.0
.jar:/home/travis/build/icyphy/ptII/lib/jackson-core-2.9.3.jar:/home/travis/bui
ld/icyphy/ptII/lib/jackson-databind-2.9.3.jar:/home/travis/build/icyphy/ptII/li
b/netty-buffer-4.1.19.Final.jar:/home/travis/build/icyphy/ptII/lib/netty-codec-
4.1.19.Final.jar:/home/travis/build/icyphy/ptII/lib/netty-codec-dns-4.1.19.Fina
l.jar:/home/travis/build/icyphy/ptII/lib/netty-codec-http-4.1.19.Final.jar:/hom
e/travis/build/icyphy/ptII/lib/netty-codec-http2-4.1.19.Final.jar:/home/travis/
build/icyphy/ptII/lib/netty-common-4.1.19.Final.jar:/home/travis/build/icyphy/p
tII/lib/netty-handler-4.1.19.Final.jar:/home/travis/build/icyphy/ptII/lib/netty
-resolver-4.1.19.Final.jar:/home/travis/build/icyphy/ptII/lib/netty-resolver-dn
s-4.1.19.Final.jar:/home/travis/build/icyphy/ptII/lib/netty-transport-4.1.19.Fi
nal.jar:/home/travis/build/icyphy/ptII/lib/vertx-codegen-3.5.1.jar:/home/travis
/build/icyphy/ptII/lib/vertx-core-3.5.2-SNAPSHOT.jar:/home/travis/build/icyphy/
ptII/lib/vertx-hazelcast-3.5.1.jar:/home/travis/build/icyphy/ptII/lib/vertx-lan
g-js-3.5.1.jar:/home/travis/build/icyphy/ptII/lib/vertx-service-proxy-3.5.1.jar
:/home/travis/build/icyphy/ptII/lib/vertx-web-3.5.1.jar:/home/travis/build/icyp
hy/ptII/lib/slf4j-api-1.7.13.jar:/home/travis/build/icyphy/ptII/lib/slf4j-simpl
e-1.7.13.jar:/home/travis/build/icyphy/ptII/lib/webcam-capture-0.3.12.jar:/home
/travis/build/icyphy/ptII/lib/bridj-0.7.0.jar:/home/travis/build/icyphy/ptII/li
b/xbjlib-1.1.0.nrjavaserial.jar:/home/travis/build/icyphy/ptII/ptolemy/moml/tes
t:/home/travis/build/icyphy/ptII/ant/lib/ant-launcher.jar:/home/travis/build/ic
yphy/ptII/ant/lib/ant.jar:/home/travis/build/icyphy/ptII/ant/lib/ant-junit.jar:
/home/travis/build/icyphy/ptII/ant/lib/ant-junit4.jar:/home/travis/build/icyphy
/ptII ModularCodeGen4_A2_B1_profile.java
All Done
Writing ModularCodeGen4_A2_B1.java in file:/home/travis/cg/ (11375 characters)
Reading "ptolemy/cg/kernel/generic/program/procedural/java/modular/makefile.in",
    writing "/home/travis/cg/ModularCodeGen4_A2_B1.mk"
Using ptolemy/cg/kernel/generic/program/procedural/java/modular/makefile.in
In "/home/travis/cg", about to execute:
    make -f ModularCodeGen4_A2_B1.mk
javac -classpath ".:.."    ModularCodeGen4_A2_B1.java
All Done
In "/home/travis/cg", about to execute:
    pwd
In "/home/travis/cg", about to execute:
    ls -l
/home/travis/cg
total 1664
drwxrwxr-x   3 travis travis 12288 Jun 11 04:33 AbsoluteValue
drwxrwxr-x   3 travis travis 16384 Jun 11 04:33 Case1
drwxrwxr-x   3 travis travis 32768 Jun 11 04:33 Case2
-rw-rw-r--   1 travis travis  4895 Jun 11 04:37 CompiledCompositeActor_CompiledCompositeActor.class
-rw-rw-r--   1 travis travis  1592 Jun 11 04:37 CompiledCompositeActor_CompiledCompositeActor$_CompiledCompositeActor_CompiledCompositeActor.class
-rw-rw-r--   1 travis travis 13466 Jun 11 04:37 CompiledCompositeActor_CompiledCompositeActor.java
-rw-rw-r--   1 travis travis  1593 Jun 11 04:37 CompiledCompositeActor_CompiledCompositeActor.mk
drwxrwxr-x   3 travis travis 24576 Jun 11 04:35 DeScrambler
drwxrwxr-x   3 travis travis 16384 Jun 11 04:36 DotProduct
drwxrwxr-x   3 travis travis 12288 Jun 11 04:33 FileWriter1
drwxrwxr-x   3 travis travis 20480 Jun 11 04:32 FixToDoubleAndBack
drwxrwxr-x   3 travis travis 16384 Jun 11 04:33 Gaussian1
drwxrwxr-x   3 travis travis 20480 Jun 11 04:33 Gaussian2
-rw-rw-r--   1 travis travis  4457 Jun 11 04:37 JavaCompiledCompositeTest1_CompiledCompositeActor.class
-rw-rw-r--   1 travis travis 11637 Jun 11 04:37 JavaCompiledCompositeTest1_CompiledCompositeActor.java
-rw-rw-r--   1 travis travis  1198 Jun 11 04:37 JavaCompiledCompositeTest1_CompiledCompositeActor$_JavaCompiledCompositeTest1_CompiledCompositeActor.class
-rw-rw-r--   1 travis travis  1625 Jun 11 04:37 JavaCompiledCompositeTest1_CompiledCompositeActor.mk
-rw-rw-r--   1 travis travis  4888 Jun 11 04:37 JavaCompiledCompositeTest2_CompiledCompositeActor.class
-rw-rw-r--   1 travis travis 14919 Jun 11 04:37 JavaCompiledCompositeTest2_CompiledCompositeActor.java
-rw-rw-r--   1 travis travis  1793 Jun 11 04:37 JavaCompiledCompositeTest2_CompiledCompositeActor$_JavaCompiledCompositeTest2_CompiledCompositeActor.class
-rw-rw-r--   1 travis travis  1625 Jun 11 04:37 JavaCompiledCompositeTest2_CompiledCompositeActor.mk
-rw-rw-r--   1 travis travis  4505 Jun 11 04:37 JavaCompiledCompositeTest3_CompiledCompositeActor.class
-rw-rw-r--   1 travis travis 13080 Jun 11 04:37 JavaCompiledCompositeTest3_CompiledCompositeActor.java
-rw-rw-r--   1 travis travis  1378 Jun 11 04:37 JavaCompiledCompositeTest3_CompiledCompositeActor$_JavaCompiledCompositeTest3_CompiledCompositeActor.class
-rw-rw-r--   1 travis travis  1625 Jun 11 04:37 JavaCompiledCompositeTest3_CompiledCompositeActor.mk
-rw-rw-r--   1 travis travis  3953 Jun 11 04:37 JavaCompiledCompositeTest4_CompiledCompositeActor.class
-rw-rw-r--   1 travis travis  9687 Jun 11 04:37 JavaCompiledCompositeTest4_CompiledCompositeActor.java
-rw-rw-r--   1 travis travis   857 Jun 11 04:37 JavaCompiledCompositeTest4_CompiledCompositeActor$_JavaCompiledCompositeTest4_CompiledCompositeActor.class
-rw-rw-r--   1 travis travis  1625 Jun 11 04:37 JavaCompiledCompositeTest4_CompiledCompositeActor.mk
drwxrwxr-x   3 travis travis 12288 Jun 11 04:33 LookupTable
drwxrwxr-x   3 travis travis 20480 Jun 11 04:34 MaxIndex
-rw-rw-r--   1 travis travis  3693 Jun 11 04:37 ModularCG_A1_B1.class
-rw-rw-r--   1 travis travis  9730 Jun 11 04:37 ModularCG_A1_B1.java
-rw-rw-r--   1 travis travis   832 Jun 11 04:37 ModularCG_A1_B1.mk
-rw-rw-r--   1 travis travis  1318 Jun 11 04:37 ModularCG_A1_B1_profile.class
-rw-rw-r--   1 travis travis  1262 Jun 11 04:37 ModularCG_A1_B1_profile.java
-rw-rw-r--   1 travis travis  3693 Jun 11 04:37 ModularCG_A1_B2.class
-rw-rw-r--   1 travis travis  9730 Jun 11 04:37 ModularCG_A1_B2.java
-rw-rw-r--   1 travis travis   832 Jun 11 04:37 ModularCG_A1_B2.mk
-rw-rw-r--   1 travis travis  1318 Jun 11 04:37 ModularCG_A1_B2_profile.class
-rw-rw-r--   1 travis travis  1262 Jun 11 04:37 ModularCG_A1_B2_profile.java
-rw-rw-r--   1 travis travis  4799 Jun 11 04:37 ModularCG_A1.class
-rw-rw-r--   1 travis travis 14742 Jun 11 04:37 ModularCG_A1.java
-rw-rw-r--   1 travis travis   808 Jun 11 04:37 ModularCG_A1.mk
-rw-rw-r--   1 travis travis  1433 Jun 11 04:37 ModularCG_A1_profile.class
-rw-rw-r--   1 travis travis  1704 Jun 11 04:37 ModularCG_A1_profile.java
-rw-rw-r--   1 travis travis  3827 Jun 11 04:37 ModularCG_A2_B1.class
-rw-rw-r--   1 travis travis 10667 Jun 11 04:37 ModularCG_A2_B1.java
-rw-rw-r--   1 travis travis   832 Jun 11 04:37 ModularCG_A2_B1.mk
-rw-rw-r--   1 travis travis  1381 Jun 11 04:37 ModularCG_A2_B1_profile.class
-rw-rw-r--   1 travis travis  1446 Jun 11 04:37 ModularCG_A2_B1_profile.java
-rw-rw-r--   1 travis travis  3693 Jun 11 04:37 ModularCG_A2_B2.class
-rw-rw-r--   1 travis travis  9730 Jun 11 04:37 ModularCG_A2_B2.java
-rw-rw-r--   1 travis travis   832 Jun 11 04:37 ModularCG_A2_B2.mk
-rw-rw-r--   1 travis travis  1318 Jun 11 04:37 ModularCG_A2_B2_profile.class
-rw-rw-r--   1 travis travis  1262 Jun 11 04:37 ModularCG_A2_B2_profile.java
-rw-rw-r--   1 travis travis  4870 Jun 11 04:37 ModularCG_A2.class
-rw-rw-r--   1 travis travis 15129 Jun 11 04:37 ModularCG_A2.java
-rw-rw-r--   1 travis travis   808 Jun 11 04:37 ModularCG_A2.mk
-rw-rw-r--   1 travis travis  1433 Jun 11 04:37 ModularCG_A2_profile.class
-rw-rw-r--   1 travis travis  1704 Jun 11 04:37 ModularCG_A2_profile.java
-rw-rw-r--   1 travis travis  3473 Jun 11 04:37 ModularCGPubSub_A1_A2.class
-rw-rw-r--   1 travis travis  9076 Jun 11 04:37 ModularCGPubSub_A1_A2.java
-rw-rw-r--   1 travis travis   880 Jun 11 04:37 ModularCGPubSub_A1_A2.mk
-rw-rw-r--   1 travis travis  1300 Jun 11 04:37 ModularCGPubSub_A1_A2_profile.class
-rw-rw-r--   1 travis travis  1222 Jun 11 04:37 ModularCGPubSub_A1_A2_profile.java
-rw-rw-r--   1 travis travis  3790 Jun 11 04:37 ModularCGPubSub_A1.class
-rw-rw-r--   1 travis travis  9836 Jun 11 04:37 ModularCGPubSub_A1.java
-rw-rw-r--   1 travis travis   856 Jun 11 04:37 ModularCGPubSub_A1.mk
-rw-rw-r--   1 travis travis  1346 Jun 11 04:37 ModularCGPubSub_A1_profile.class
-rw-rw-r--   1 travis travis  1388 Jun 11 04:37 ModularCGPubSub_A1_profile.java
-rw-rw-r--   1 travis travis  3988 Jun 11 04:38 ModularCodeGen2_ModularCodeGenTypedCompositeActor.class
-rw-rw-r--   1 travis travis 11690 Jun 11 04:38 ModularCodeGen2_ModularCodeGenTypedCompositeActor.java
-rw-rw-r--   1 travis travis  1104 Jun 11 04:38 ModularCodeGen2_ModularCodeGenTypedCompositeActor.mk
-rw-rw-r--   1 travis travis  4272 Jun 11 04:38 ModularCodeGen2_ModularCodeGenTypedCompositeActor_ModularCodeGenTypedCompositeActor.class
-rw-rw-r--   1 travis travis 11790 Jun 11 04:37 ModularCodeGen2_ModularCodeGenTypedCompositeActor_ModularCodeGenTypedCompositeActor.java
-rw-rw-r--   1 travis travis  1376 Jun 11 04:37 ModularCodeGen2_ModularCodeGenTypedCompositeActor_ModularCodeGenTypedCompositeActor.mk
-rw-rw-r--   1 travis travis  1421 Jun 11 04:37 ModularCodeGen2_ModularCodeGenTypedCompositeActor_ModularCodeGenTypedCompositeActor_profile.class
-rw-rw-r--   1 travis travis  1294 Jun 11 04:37 ModularCodeGen2_ModularCodeGenTypedCompositeActor_ModularCodeGenTypedCompositeActor_profile.java
-rw-rw-r--   1 travis travis   820 Jun 11 04:38 ModularCodeGen2_ModularCodeGenTypedCompositeActor_profile.class
-rw-rw-r--   1 travis travis   693 Jun 11 04:38 ModularCodeGen2_ModularCodeGenTypedCompositeActor_profile.java
-rw-rw-r--   1 travis travis  3741 Jun 11 04:38 ModularCodeGen3_A1_B1.class
-rw-rw-r--   1 travis travis  9958 Jun 11 04:38 ModularCodeGen3_A1_B1.java
-rw-rw-r--   1 travis travis   880 Jun 11 04:38 ModularCodeGen3_A1_B1.mk
-rw-rw-r--   1 travis travis  1330 Jun 11 04:38 ModularCodeGen3_A1_B1_profile.class
-rw-rw-r--   1 travis travis  1274 Jun 11 04:38 ModularCodeGen3_A1_B1_profile.java
-rw-rw-r--   1 travis travis  3741 Jun 11 04:38 ModularCodeGen3_A1_B2.class
-rw-rw-r--   1 travis travis  9958 Jun 11 04:38 ModularCodeGen3_A1_B2.java
-rw-rw-r--   1 travis travis   880 Jun 11 04:38 ModularCodeGen3_A1_B2.mk
-rw-rw-r--   1 travis travis  1330 Jun 11 04:38 ModularCodeGen3_A1_B2_profile.class
-rw-rw-r--   1 travis travis  1274 Jun 11 04:38 ModularCodeGen3_A1_B2_profile.java
-rw-rw-r--   1 travis travis  4961 Jun 11 04:38 ModularCodeGen3_A1.class
-rw-rw-r--   1 travis travis 15564 Jun 11 04:38 ModularCodeGen3_A1.java
-rw-rw-r--   1 travis travis   856 Jun 11 04:38 ModularCodeGen3_A1.mk
-rw-rw-r--   1 travis travis  1445 Jun 11 04:38 ModularCodeGen3_A1_profile.class
-rw-rw-r--   1 travis travis  1716 Jun 11 04:38 ModularCodeGen3_A1_profile.java
-rw-rw-r--   1 travis travis  3887 Jun 11 04:38 ModularCodeGen3_A2_B1.class
-rw-rw-r--   1 travis travis 10955 Jun 11 04:38 ModularCodeGen3_A2_B1.java
-rw-rw-r--   1 travis travis   880 Jun 11 04:38 ModularCodeGen3_A2_B1.mk
-rw-rw-r--   1 travis travis  1393 Jun 11 04:38 ModularCodeGen3_A2_B1_profile.class
-rw-rw-r--   1 travis travis  1458 Jun 11 04:38 ModularCodeGen3_A2_B1_profile.java
-rw-rw-r--   1 travis travis  3741 Jun 11 04:38 ModularCodeGen3_A2_B2.class
-rw-rw-r--   1 travis travis  9958 Jun 11 04:38 ModularCodeGen3_A2_B2.java
-rw-rw-r--   1 travis travis   880 Jun 11 04:38 ModularCodeGen3_A2_B2.mk
-rw-rw-r--   1 travis travis  1330 Jun 11 04:38 ModularCodeGen3_A2_B2_profile.class
-rw-rw-r--   1 travis travis  1274 Jun 11 04:38 ModularCodeGen3_A2_B2_profile.java
-rw-rw-r--   1 travis travis  5038 Jun 11 04:38 ModularCodeGen3_A2.class
-rw-rw-r--   1 travis travis 15957 Jun 11 04:38 ModularCodeGen3_A2.java
-rw-rw-r--   1 travis travis   856 Jun 11 04:38 ModularCodeGen3_A2.mk
-rw-rw-r--   1 travis travis  1445 Jun 11 04:38 ModularCodeGen3_A2_profile.class
-rw-rw-r--   1 travis travis  1716 Jun 11 04:38 ModularCodeGen3_A2_profile.java
-rw-rw-r--   1 travis travis  3794 Jun 11 04:38 ModularCodeGen4_A1_B1.class
-rw-rw-r--   1 travis travis 10312 Jun 11 04:38 ModularCodeGen4_A1_B1.java
-rw-rw-r--   1 travis travis   880 Jun 11 04:38 ModularCodeGen4_A1_B1.mk
-rw-rw-r--   1 travis travis  1330 Jun 11 04:38 ModularCodeGen4_A1_B1_profile.class
-rw-rw-r--   1 travis travis  1273 Jun 11 04:38 ModularCodeGen4_A1_B1_profile.java
-rw-rw-r--   1 travis travis  3794 Jun 11 04:38 ModularCodeGen4_A1_B2.class
-rw-rw-r--   1 travis travis 10312 Jun 11 04:38 ModularCodeGen4_A1_B2.java
-rw-rw-r--   1 travis travis   880 Jun 11 04:38 ModularCodeGen4_A1_B2.mk
-rw-rw-r--   1 travis travis  1330 Jun 11 04:38 ModularCodeGen4_A1_B2_profile.class
-rw-rw-r--   1 travis travis  1273 Jun 11 04:38 ModularCodeGen4_A1_B2_profile.java
-rw-rw-r--   1 travis travis  5101 Jun 11 04:38 ModularCodeGen4_A1.class
-rw-rw-r--   1 travis travis 16245 Jun 11 04:38 ModularCodeGen4_A1.java
-rw-rw-r--   1 travis travis   856 Jun 11 04:38 ModularCodeGen4_A1.mk
-rw-rw-r--   1 travis travis  1445 Jun 11 04:38 ModularCodeGen4_A1_profile.class
-rw-rw-r--   1 travis travis  1712 Jun 11 04:38 ModularCodeGen4_A1_profile.java
-rw-rw-r--   1 travis travis  3988 Jun 11 04:38 ModularCodeGen4_A2_B1.class
-rw-rw-r--   1 travis travis 11375 Jun 11 04:38 ModularCodeGen4_A2_B1.java
-rw-rw-r--   1 travis travis   880 Jun 11 04:38 ModularCodeGen4_A2_B1.mk
-rw-rw-r--   1 travis travis  1393 Jun 11 04:38 ModularCodeGen4_A2_B1_profile.class
-rw-rw-r--   1 travis travis  1454 Jun 11 04:38 ModularCodeGen4_A2_B1_profile.java
-rw-rw-r--   1 travis travis  1270 Jun 11 04:38 ModularCodeGen4_A2_B2_profile.java
-rw-rw-r--   1 travis travis  3954 Jun 11 04:37 ModularCodeGen_ModularCodeGenTypedCompositeActor.class
-rw-rw-r--   1 travis travis 10970 Jun 11 04:37 ModularCodeGen_ModularCodeGenTypedCompositeActor.java
-rw-rw-r--   1 travis travis  1096 Jun 11 04:37 ModularCodeGen_ModularCodeGenTypedCompositeActor.mk
-rw-rw-r--   1 travis travis  1384 Jun 11 04:37 ModularCodeGen_ModularCodeGenTypedCompositeActor_profile.class
-rw-rw-r--   1 travis travis  1328 Jun 11 04:37 ModularCodeGen_ModularCodeGenTypedCompositeActor_profile.java
-rw-rw-r--   1 travis travis  3492 Jun 11 04:37 ModularCodeGenTest_A1_A2.class
-rw-rw-r--   1 travis travis   904 Jun 11 04:37 ModularCodeGenTest_A1_A2.mk
-rw-rw-r--   1 travis travis  1306 Jun 11 04:37 ModularCodeGenTest_A1_A2_profile.class
-rw-rw-r--   1 travis travis  3823 Jun 11 04:37 ModularCodeGenTest_A1.class
-rw-rw-r--   1 travis travis  9968 Jun 11 04:37 ModularCodeGenTest_A1.java
-rw-rw-r--   1 travis travis   880 Jun 11 04:37 ModularCodeGenTest_A1.mk
-rw-rw-r--   1 travis travis  1352 Jun 11 04:37 ModularCodeGenTest_A1_profile.class
-rw-rw-r--   1 travis travis  1394 Jun 11 04:37 ModularCodeGenTest_A1_profile.java
drwxrwxr-x   3 travis travis 36864 Jun 11 04:37 modulation2
drwxrwxr-x   3 travis travis 20480 Jun 11 04:34 Multiplexor
drwxrwxr-x 242 travis travis 12288 Jun 11 04:37 node_modules
drwxrwxr-x   3 travis travis 20480 Jun 11 04:34 PhaseUnwrap
-rw-rw-r--   1 travis travis   520 Jun 11 04:37 Repeat$_fireFunction_Repeat_Repeat$__f_sL_0.class
-rw-rw-r--   1 travis travis   522 Jun 11 04:37 Repeat$_fireFunction_Repeat_Repeat$__f_sL_10.class
-rw-rw-r--   1 travis travis   666 Jun 11 04:37 Repeat$_fireFunction_Repeat_Repeat$__f_sL_11.class
-rw-rw-r--   1 travis travis   522 Jun 11 04:37 Repeat$_fireFunction_Repeat_Repeat$__f_sL_13.class
-rw-rw-r--   1 travis travis   665 Jun 11 04:37 Repeat$_fireFunction_Repeat_Repeat$__f_sL_1.class
-rw-rw-r--   1 travis travis   520 Jun 11 04:37 Repeat$_fireFunction_Repeat_Repeat$__f_sL_2.class
-rw-rw-r--   1 travis travis   520 Jun 11 04:37 Repeat$_fireFunction_Repeat_Repeat$__f_sL_3.class
-rw-rw-r--   1 travis travis   520 Jun 11 04:37 Repeat$_fireFunction_Repeat_Repeat$__f_sL_5.class
-rw-rw-r--   1 travis travis   671 Jun 11 04:37 Repeat$_fireFunction_Repeat_Repeat$__f_sL_7.class
-rw-rw-r--   1 travis travis   520 Jun 11 04:37 Repeat$_fireFunction_Repeat_Repeat$__f_sL_9.class
-rw-rw-r--   1 travis travis   813 Jun 11 04:37 Repeat$_initialize_Repeat.class
-rw-rw-r--   1 travis travis   475 Jun 11 04:37 Repeat$_initialize_Repeat$__i_sL_0.class
-rw-rw-r--   1 travis travis   519 Jun 11 04:37 Repeat$_initialize_Repeat$__i_sL_3.class
-rw-rw-r--   1 travis travis 39778 Jun 11 04:37 Repeat.java
-rw-rw-r--   1 travis travis  1281 Jun 11 04:37 Repeat.mk
-rw-rw-r--   1 travis travis   520 Jun 11 04:37 Repeat$_preinitializeMethod_Repeat$__p_sL_0.class
-rw-rw-r--   1 travis travis   520 Jun 11 04:37 Repeat$_preinitializeMethod_Repeat$__p_sL_1.class
-rw-rw-r--   1 travis travis  1083 Jun 11 04:37 Repeat$_Repeat$_fireFunction_Repeat_AddSubtract_Repeat.class
-rw-rw-r--   1 travis travis   791 Jun 11 04:37 Repeat$_Repeat$_fireFunction_Repeat_AddSubtract_Repeat$__f_sL_0.class
-rw-rw-r--   1 travis travis   909 Jun 11 04:37 Repeat$_Repeat$_fireFunction_Repeat_AddSubtract_Repeat$__f_sL_1.class
-rw-rw-r--   1 travis travis   915 Jun 11 04:37 Repeat$_Repeat$_fireFunction_Repeat_AddSubtract_Repeat$__f_sL_2.class
-rw-rw-r--   1 travis travis   838 Jun 11 04:37 Repeat$_Repeat$_fireFunction_Repeat_Ramp2_Repeat$__f_sL_1.class
-rw-rw-r--   1 travis travis  1785 Jun 11 04:37 Repeat$_Repeat$_fireFunction_Repeat_Test_Repeat$__f_sL_2.class
-rw-rw-r--   1 travis travis   685 Jun 11 04:37 Repeat$_Repeat_SDF_Director_run_Repeat$__R_sL_0.class
-rw-rw-r--   1 travis travis   540 Jun 11 04:37 Repeat$_Repeat_SDF_Director_run_Repeat$__R_sL_1.class
-rw-rw-r--   1 travis travis   540 Jun 11 04:37 Repeat$_Repeat_SDF_Director_run_Repeat$__R_sL_2.class
-rw-rw-r--   1 travis travis   540 Jun 11 04:37 Repeat$_Repeat_SDF_Director_run_Repeat$__R_sL_4.class
-rw-rw-r--   1 travis travis   540 Jun 11 04:37 Repeat$_Repeat_SDF_Director_run_Repeat$__R_sL_5.class
-rw-rw-r--   1 travis travis   691 Jun 11 04:37 Repeat$_Repeat_SDF_Director_run_Repeat$__R_sL_6.class
-rw-rw-r--   1 travis travis   540 Jun 11 04:37 Repeat$_Repeat_SDF_Director_run_Repeat$__R_sL_7.class
-rw-rw-r--   1 travis travis   863 Jun 11 04:37 Repeat$_varinit_Repeat.class
-rw-rw-r--   1 travis travis   530 Jun 11 04:37 Repeat$_varinit_Repeat$__v_sL_1.class
-rw-rw-r--   1 travis travis   531 Jun 11 04:37 Repeat$_varinit_Repeat$__v_sL_2.class
-rw-rw-r--   1 travis travis   905 Jun 11 04:37 Repeat$_varinit_Repeat$__v_sL_4.class
-rw-rw-r--   1 travis travis   635 Jun 11 04:37 Repeat$_wrapup_Repeat.class
-rw-rw-r--   1 travis travis   965 Jun 11 04:37 Repeat$_wrapup_Repeat$__w_sL_1.class
-rw-rw-r--   1 travis travis   289 Jun 11 04:32 result.csv
drwxrwxr-x   3 travis travis 12288 Jun 11 04:35 Scrambler1
drwxrwxr-x   3 travis travis 20480 Jun 11 04:34 Sinewave2
drwxrwxr-x   3 travis travis 69632 Jun 11 04:35 StringCompare
drwxrwxr-x   3 travis travis 32768 Jun 11 04:35 StringFunction
drwxrwxr-x   3 travis travis 12288 Jun 11 04:35 StringLength
drwxrwxr-x   3 travis travis 57344 Jun 11 04:36 StringSimpleReplace
drwxrwxr-x   3 travis travis 12288 Jun 11 04:37 time2
drwxrwxr-x   3 travis travis 12288 Jun 11 04:37 time5
-rw-rw-r--   1 travis travis   432 Jun 11 04:38 Token.class
-rw-rw-r--   1 travis travis   251 Jun 11 04:38 Token.java
-rw-rw-r--   1 travis travis     0 Jun 11 04:37 top.
-rw-rw-r--   1 travis travis 20502 Jun 11 04:32 top.c
-rw-rw-r--   1 travis travis  3567 Jun 11 04:37 top.class
-rw-rw-r--   1 travis travis   169 Jun 11 04:32 top.html
-rw-rw-r--   1 travis travis  7552 Jun 11 04:37 top.java
-rw-rw-r--   1 travis travis 38888 Jun 11 04:32 top.o
drwxrwxr-x   3 travis travis 57344 Jun 11 04:34 UnaryMathFunction
In "/home/travis/cg", about to execute:
    javac -classpath
.:/home/travis/build/icyphy/ptII:/home/travis/build/icyphy/ptII/lib/bsh-2.0b4.j
ar:/home/travis/build/icyphy/ptII/lib/ptCal.jar:/home/travis/build/icyphy/ptII/
lib/java_cup.jar:/home/travis/build/icyphy/ptII/lib/saxon8.jar:/home/travis/bui
ld/icyphy/ptII/lib/saxon8-dom.jar:/home/travis/build/icyphy/ptII/lib/chic.jar:/
home/travis/build/icyphy/ptII/lib/ptcolt.jar:/usr/lib/jvm/java-8-oracle/lib/too
ls.jar:/home/travis/build/icyphy/ptII/vendors/misc/itext/iText.jar:/home/travis
/build/icyphy/ptII/lib/g4ltl.jar:/home/travis/build/icyphy/ptII/lib/StructuralC
oder.jar:/home/travis/build/icyphy/ptII/vendors/jai-1_1_2_01/lib/jai_core.jar:/
home/travis/build/icyphy/ptII/vendors/jai-1_1_2_01/lib/jai_codec.jar:/home/trav
is/build/icyphy/ptII/lib/jcerti.jar:/home/travis/build/icyphy/ptII/lib/javax.ma
il.jar:/home/travis/build/icyphy/ptII/vendors/JMF-2.1.1e/lib/jmf.jar:/home/trav
is/build/icyphy/ptII/lib/jna-4.0.0-variadic.jar:/home/travis/build/icyphy/ptII/
vendors/misc/joystick/Joystick.jar:/home/travis/build/icyphy/ptII/lib/ptjacl.ja
r:/home/travis/build/icyphy/ptII/lib/jsoup-1.8.2.jar:/home/travis/build/icyphy/
ptII/lib/junit-4.8.2.jar:/home/travis/build/icyphy/ptII/lib/JUnitParams-0.4.0.j
ar:/home/travis/build/icyphy/ptII/ptolemy/actor/lib/excel/jxl.jar:/home/travis/
build/icyphy/ptII/lib/jython.jar:/home/travis/build/icyphy/ptII/lib/kieler.jar:
/home/travis/build/icyphy/ptII/vendors/opencv/share/OpenCV/java/opencv-341.jar:
/home/travis/build/icyphy/ptII/lib/oscP5.jar:/home/travis/build/icyphy/ptII/lib
/nrjavaserial-3.11.0.devel.jar:/home/travis/build/icyphy/ptII/vendors/j3d/lib/j
3dcore.jar:/home/travis/build/icyphy/ptII/vendors/j3d/lib/j3dutils.jar:/home/tr
avis/build/icyphy/ptII/vendors/j3d/lib/vecmath.jar:/home/travis/build/icyphy/pt
II/ptolemy/distributed/jini/jar/jini-core.jar:/home/travis/build/icyphy/ptII/pt
olemy/distributed/jini/jar/jini-ext.jar:/home/travis/build/icyphy/ptII/ptolemy/
distributed/jini/jar/sun-util.jar:/home/travis/build/icyphy/ptII/lib/protobuf-j
ava-2.4.1.jar:/home/travis/build/icyphy/ptII/lib/org.eclipse.paho.client.mqttv3
.jar:/home/travis/build/icyphy/ptII/lib/mapss.jar:/home/travis/build/icyphy/ptI
I/ptolemy/actor/ptalon/antlr/antlr.jar:/home/travis/build/icyphy/ptII/lib/JRI.j
ar:/home/travis/build/icyphy/ptII/lib/commons-lang-2.6.jar:/home/travis/build/i
cyphy/ptII/lib/commons-logging-1.1.1.jar:/home/travis/build/icyphy/ptII/lib/soo
tclasses.jar:/home/travis/build/icyphy/ptII/ptolemy/actor/lib/database/mysql-co
nnector-java-5.1.6-bin.jar:/home/travis/build/icyphy/ptII/vendors/misc/sphinx4/
sphinx4-data-5prealpha.jar:/home/travis/build/icyphy/ptII/vendors/misc/sphinx4/
sphinx4-core-5prealpha.jar:/home/travis/build/icyphy/ptII/lib/PDFRenderer.jar:/
home/travis/build/icyphy/ptII/lib/svgSalamander.jar:/home/travis/build/icyphy/p
tII/lib/rsyntaxtextarea-2.6.0-SNAPSHOT.jar:/home/travis/build/icyphy/ptII/lib/h
azelcast-3.8.2.jar:/home/travis/build/icyphy/ptII/lib/jackson-annotations-2.9.0
.jar:/home/travis/build/icyphy/ptII/lib/jackson-core-2.9.3.jar:/home/travis/bui
ld/icyphy/ptII/lib/jackson-databind-2.9.3.jar:/home/travis/build/icyphy/ptII/li
b/netty-buffer-4.1.19.Final.jar:/home/travis/build/icyphy/ptII/lib/netty-codec-
4.1.19.Final.jar:/home/travis/build/icyphy/ptII/lib/netty-codec-dns-4.1.19.Fina
l.jar:/home/travis/build/icyphy/ptII/lib/netty-codec-http-4.1.19.Final.jar:/hom
e/travis/build/icyphy/ptII/lib/netty-codec-http2-4.1.19.Final.jar:/home/travis/
build/icyphy/ptII/lib/netty-common-4.1.19.Final.jar:/home/travis/build/icyphy/p
tII/lib/netty-handler-4.1.19.Final.jar:/home/travis/build/icyphy/ptII/lib/netty
-resolver-4.1.19.Final.jar:/home/travis/build/icyphy/ptII/lib/netty-resolver-dn
s-4.1.19.Final.jar:/home/travis/build/icyphy/ptII/lib/netty-transport-4.1.19.Fi
nal.jar:/home/travis/build/icyphy/ptII/lib/vertx-codegen-3.5.1.jar:/home/travis
/build/icyphy/ptII/lib/vertx-core-3.5.2-SNAPSHOT.jar:/home/travis/build/icyphy/
ptII/lib/vertx-hazelcast-3.5.1.jar:/home/travis/build/icyphy/ptII/lib/vertx-lan
g-js-3.5.1.jar:/home/travis/build/icyphy/ptII/lib/vertx-service-proxy-3.5.1.jar
:/home/travis/build/icyphy/ptII/lib/vertx-web-3.5.1.jar:/home/travis/build/icyp
hy/ptII/lib/slf4j-api-1.7.13.jar:/home/travis/build/icyphy/ptII/lib/slf4j-simpl
e-1.7.13.jar:/home/travis/build/icyphy/ptII/lib/webcam-capture-0.3.12.jar:/home
/travis/build/icyphy/ptII/lib/bridj-0.7.0.jar:/home/travis/build/icyphy/ptII/li
b/xbjlib-1.1.0.nrjavaserial.jar:/home/travis/build/icyphy/ptII/ptolemy/moml/tes
t:/home/travis/build/icyphy/ptII/ant/lib/ant-launcher.jar:/home/travis/build/ic
yphy/ptII/ant/lib/ant.jar:/home/travis/build/icyphy/ptII/ant/lib/ant-junit.jar:
/home/travis/build/icyphy/ptII/ant/lib/ant-junit4.jar:/home/travis/build/icyphy
/ptII ModularCodeGen4_A2_B2_profile.java
All Done
Writing ModularCodeGen4_A2_B2.java in file:/home/travis/cg/ (10378 characters)
Reading "ptolemy/cg/kernel/generic/program/procedural/java/modular/makefile.in",
    writing "/home/travis/cg/ModularCodeGen4_A2_B2.mk"
Using ptolemy/cg/kernel/generic/program/procedural/java/modular/makefile.in
In "/home/travis/cg", about to execute:
    make -f ModularCodeGen4_A2_B2.mk
javac -classpath ".:.."    ModularCodeGen4_A2_B2.java
All Done
In "/home/travis/cg", about to execute:
    pwd
In "/home/travis/cg", about to execute:
    ls -l
/home/travis/cg
In "/home/travis/cg", about to execute:
    javac -classpath
.:/home/travis/build/icyphy/ptII:/home/travis/build/icyphy/ptII/lib/bsh-2.0b4.j
ar:/home/travis/build/icyphy/ptII/lib/ptCal.jar:/home/travis/build/icyphy/ptII/
lib/java_cup.jar:/home/travis/build/icyphy/ptII/lib/saxon8.jar:/home/travis/bui
ld/icyphy/ptII/lib/saxon8-dom.jar:/home/travis/build/icyphy/ptII/lib/chic.jar:/
home/travis/build/icyphy/ptII/lib/ptcolt.jar:/usr/lib/jvm/java-8-oracle/lib/too
ls.jar:/home/travis/build/icyphy/ptII/vendors/misc/itext/iText.jar:/home/travis
/build/icyphy/ptII/lib/g4ltl.jar:/home/travis/build/icyphy/ptII/lib/StructuralC
oder.jar:/home/travis/build/icyphy/ptII/vendors/jai-1_1_2_01/lib/jai_core.jar:/
home/travis/build/icyphy/ptII/vendors/jai-1_1_2_01/lib/jai_codec.jar:/home/trav
is/build/icyphy/ptII/lib/jcerti.jar:/home/travis/build/icyphy/ptII/lib/javax.ma
il.jar:/home/travis/build/icyphy/ptII/vendors/JMF-2.1.1e/lib/jmf.jar:/home/trav
is/build/icyphy/ptII/lib/jna-4.0.0-variadic.jar:/home/travis/build/icyphy/ptII/
vendors/misc/joystick/Joystick.jar:/home/travis/build/icyphy/ptII/lib/ptjacl.ja
r:/home/travis/build/icyphy/ptII/lib/jsoup-1.8.2.jar:/home/travis/build/icyphy/
ptII/lib/junit-4.8.2.jar:/home/travis/build/icyphy/ptII/lib/JUnitParams-0.4.0.j
ar:/home/travis/build/icyphy/ptII/ptolemy/actor/lib/excel/jxl.jar:/home/travis/
build/icyphy/ptII/lib/jython.jar:/home/travis/build/icyphy/ptII/lib/kieler.jar:
/home/travis/build/icyphy/ptII/vendors/opencv/share/OpenCV/java/opencv-341.jar:
/home/travis/build/icyphy/ptII/lib/oscP5.jar:/home/travis/build/icyphy/ptII/lib
/nrjavaserial-3.11.0.devel.jar:/home/travis/build/icyphy/ptII/vendors/j3d/lib/j
3dcore.jar:/home/travis/build/icyphy/ptII/vendors/j3d/lib/j3dutils.jar:/home/tr
avis/build/icyphy/ptII/vendors/j3d/lib/vecmath.jar:/home/travis/build/icyphy/pt
II/ptolemy/distributed/jini/jar/jini-core.jar:/home/travis/build/icyphy/ptII/pt
olemy/distributed/jini/jar/jini-ext.jar:/home/travis/build/icyphy/ptII/ptolemy/
distributed/jini/jar/sun-util.jar:/home/travis/build/icyphy/ptII/lib/protobuf-j
ava-2.4.1.jar:/home/travis/build/icyphy/ptII/lib/org.eclipse.paho.client.mqttv3
.jar:/home/travis/build/icyphy/ptII/lib/mapss.jar:/home/travis/build/icyphy/ptI
I/ptolemy/actor/ptalon/antlr/antlr.jar:/home/travis/build/icyphy/ptII/lib/JRI.j
ar:/home/travis/build/icyphy/ptII/lib/commons-lang-2.6.jar:/home/travis/build/i
cyphy/ptII/lib/commons-logging-1.1.1.jar:/home/travis/build/icyphy/ptII/lib/soo
tclasses.jar:/home/travis/build/icyphy/ptII/ptolemy/actor/lib/database/mysql-co
nnector-java-5.1.6-bin.jar:/home/travis/build/icyphy/ptII/vendors/misc/sphinx4/
sphinx4-data-5prealpha.jar:/home/travis/build/icyphy/ptII/vendors/misc/sphinx4/
sphinx4-core-5prealpha.jar:/home/travis/build/icyphy/ptII/lib/PDFRenderer.jar:/
home/travis/build/icyphy/ptII/lib/svgSalamander.jar:/home/travis/build/icyphy/p
tII/lib/rsyntaxtextarea-2.6.0-SNAPSHOT.jar:/home/travis/build/icyphy/ptII/lib/h
azelcast-3.8.2.jar:/home/travis/build/icyphy/ptII/lib/jackson-annotations-2.9.0
.jar:/home/travis/build/icyphy/ptII/lib/jackson-core-2.9.3.jar:/home/travis/bui
ld/icyphy/ptII/lib/jackson-databind-2.9.3.jar:/home/travis/build/icyphy/ptII/li
b/netty-buffer-4.1.19.Final.jar:/home/travis/build/icyphy/ptII/lib/netty-codec-
4.1.19.Final.jar:/home/travis/build/icyphy/ptII/lib/netty-codec-dns-4.1.19.Fina
l.jar:/home/travis/build/icyphy/ptII/lib/netty-codec-http-4.1.19.Final.jar:/hom
e/travis/build/icyphy/ptII/lib/netty-codec-http2-4.1.19.Final.jar:/home/travis/
build/icyphy/ptII/lib/netty-common-4.1.19.Final.jar:/home/travis/build/icyphy/p
tII/lib/netty-handler-4.1.19.Final.jar:/home/travis/build/icyphy/ptII/lib/netty
-resolver-4.1.19.Final.jar:/home/travis/build/icyphy/ptII/lib/netty-resolver-dn
s-4.1.19.Final.jar:/home/travis/build/icyphy/ptII/lib/netty-transport-4.1.19.Fi
nal.jar:/home/travis/build/icyphy/ptII/lib/vertx-codegen-3.5.1.jar:/home/travis
/build/icyphy/ptII/lib/vertx-core-3.5.2-SNAPSHOT.jar:/home/travis/build/icyphy/
ptII/lib/vertx-hazelcast-3.5.1.jar:/home/travis/build/icyphy/ptII/lib/vertx-lan
g-js-3.5.1.jar:/home/travis/build/icyphy/ptII/lib/vertx-service-proxy-3.5.1.jar
:/home/travis/build/icyphy/ptII/lib/vertx-web-3.5.1.jar:/home/travis/build/icyp
hy/ptII/lib/slf4j-api-1.7.13.jar:/home/travis/build/icyphy/ptII/lib/slf4j-simpl
e-1.7.13.jar:/home/travis/build/icyphy/ptII/lib/webcam-capture-0.3.12.jar:/home
/travis/build/icyphy/ptII/lib/bridj-0.7.0.jar:/home/travis/build/icyphy/ptII/li
b/xbjlib-1.1.0.nrjavaserial.jar:/home/travis/build/icyphy/ptII/ptolemy/moml/tes
t:/home/travis/build/icyphy/ptII/ant/lib/ant-launcher.jar:/home/travis/build/ic
yphy/ptII/ant/lib/ant.jar:/home/travis/build/icyphy/ptII/ant/lib/ant-junit.jar:
/home/travis/build/icyphy/ptII/ant/lib/ant-junit4.jar:/home/travis/build/icyphy
/ptII ModularCodeGen4_A2_profile.java
total 1692
drwxrwxr-x   3 travis travis 12288 Jun 11 04:33 AbsoluteValue
drwxrwxr-x   3 travis travis 16384 Jun 11 04:33 Case1
drwxrwxr-x   3 travis travis 32768 Jun 11 04:33 Case2
-rw-rw-r--   1 travis travis  4895 Jun 11 04:37 CompiledCompositeActor_CompiledCompositeActor.class
-rw-rw-r--   1 travis travis  1592 Jun 11 04:37 CompiledCompositeActor_CompiledCompositeActor$_CompiledCompositeActor_CompiledCompositeActor.class
-rw-rw-r--   1 travis travis 13466 Jun 11 04:37 CompiledCompositeActor_CompiledCompositeActor.java
-rw-rw-r--   1 travis travis  1593 Jun 11 04:37 CompiledCompositeActor_CompiledCompositeActor.mk
drwxrwxr-x   3 travis travis 24576 Jun 11 04:35 DeScrambler
drwxrwxr-x   3 travis travis 16384 Jun 11 04:36 DotProduct
drwxrwxr-x   3 travis travis 12288 Jun 11 04:33 FileWriter1
drwxrwxr-x   3 travis travis 20480 Jun 11 04:32 FixToDoubleAndBack
drwxrwxr-x   3 travis travis 16384 Jun 11 04:33 Gaussian1
drwxrwxr-x   3 travis travis 20480 Jun 11 04:33 Gaussian2
-rw-rw-r--   1 travis travis  4457 Jun 11 04:37 JavaCompiledCompositeTest1_CompiledCompositeActor.class
-rw-rw-r--   1 travis travis 11637 Jun 11 04:37 JavaCompiledCompositeTest1_CompiledCompositeActor.java
-rw-rw-r--   1 travis travis  1198 Jun 11 04:37 JavaCompiledCompositeTest1_CompiledCompositeActor$_JavaCompiledCompositeTest1_CompiledCompositeActor.class
-rw-rw-r--   1 travis travis  1625 Jun 11 04:37 JavaCompiledCompositeTest1_CompiledCompositeActor.mk
-rw-rw-r--   1 travis travis  4888 Jun 11 04:37 JavaCompiledCompositeTest2_CompiledCompositeActor.class
-rw-rw-r--   1 travis travis 14919 Jun 11 04:37 JavaCompiledCompositeTest2_CompiledCompositeActor.java
-rw-rw-r--   1 travis travis  1793 Jun 11 04:37 JavaCompiledCompositeTest2_CompiledCompositeActor$_JavaCompiledCompositeTest2_CompiledCompositeActor.class
-rw-rw-r--   1 travis travis  1625 Jun 11 04:37 JavaCompiledCompositeTest2_CompiledCompositeActor.mk
-rw-rw-r--   1 travis travis  4505 Jun 11 04:37 JavaCompiledCompositeTest3_CompiledCompositeActor.class
-rw-rw-r--   1 travis travis 13080 Jun 11 04:37 JavaCompiledCompositeTest3_CompiledCompositeActor.java
-rw-rw-r--   1 travis travis  1378 Jun 11 04:37 JavaCompiledCompositeTest3_CompiledCompositeActor$_JavaCompiledCompositeTest3_CompiledCompositeActor.class
-rw-rw-r--   1 travis travis  1625 Jun 11 04:37 JavaCompiledCompositeTest3_CompiledCompositeActor.mk
-rw-rw-r--   1 travis travis  3953 Jun 11 04:37 JavaCompiledCompositeTest4_CompiledCompositeActor.class
-rw-rw-r--   1 travis travis  9687 Jun 11 04:37 JavaCompiledCompositeTest4_CompiledCompositeActor.java
-rw-rw-r--   1 travis travis   857 Jun 11 04:37 JavaCompiledCompositeTest4_CompiledCompositeActor$_JavaCompiledCompositeTest4_CompiledCompositeActor.class
-rw-rw-r--   1 travis travis  1625 Jun 11 04:37 JavaCompiledCompositeTest4_CompiledCompositeActor.mk
drwxrwxr-x   3 travis travis 12288 Jun 11 04:33 LookupTable
drwxrwxr-x   3 travis travis 20480 Jun 11 04:34 MaxIndex
-rw-rw-r--   1 travis travis  3693 Jun 11 04:37 ModularCG_A1_B1.class
-rw-rw-r--   1 travis travis  9730 Jun 11 04:37 ModularCG_A1_B1.java
-rw-rw-r--   1 travis travis   832 Jun 11 04:37 ModularCG_A1_B1.mk
-rw-rw-r--   1 travis travis  1318 Jun 11 04:37 ModularCG_A1_B1_profile.class
-rw-rw-r--   1 travis travis  1262 Jun 11 04:37 ModularCG_A1_B1_profile.java
-rw-rw-r--   1 travis travis  3693 Jun 11 04:37 ModularCG_A1_B2.class
-rw-rw-r--   1 travis travis  9730 Jun 11 04:37 ModularCG_A1_B2.java
-rw-rw-r--   1 travis travis   832 Jun 11 04:37 ModularCG_A1_B2.mk
-rw-rw-r--   1 travis travis  1318 Jun 11 04:37 ModularCG_A1_B2_profile.class
-rw-rw-r--   1 travis travis  1262 Jun 11 04:37 ModularCG_A1_B2_profile.java
-rw-rw-r--   1 travis travis  4799 Jun 11 04:37 ModularCG_A1.class
-rw-rw-r--   1 travis travis 14742 Jun 11 04:37 ModularCG_A1.java
-rw-rw-r--   1 travis travis   808 Jun 11 04:37 ModularCG_A1.mk
-rw-rw-r--   1 travis travis  1433 Jun 11 04:37 ModularCG_A1_profile.class
-rw-rw-r--   1 travis travis  1704 Jun 11 04:37 ModularCG_A1_profile.java
-rw-rw-r--   1 travis travis  3827 Jun 11 04:37 ModularCG_A2_B1.class
-rw-rw-r--   1 travis travis 10667 Jun 11 04:37 ModularCG_A2_B1.java
-rw-rw-r--   1 travis travis   832 Jun 11 04:37 ModularCG_A2_B1.mk
-rw-rw-r--   1 travis travis  1381 Jun 11 04:37 ModularCG_A2_B1_profile.class
-rw-rw-r--   1 travis travis  1446 Jun 11 04:37 ModularCG_A2_B1_profile.java
-rw-rw-r--   1 travis travis  3693 Jun 11 04:37 ModularCG_A2_B2.class
-rw-rw-r--   1 travis travis  9730 Jun 11 04:37 ModularCG_A2_B2.java
-rw-rw-r--   1 travis travis   832 Jun 11 04:37 ModularCG_A2_B2.mk
-rw-rw-r--   1 travis travis  1318 Jun 11 04:37 ModularCG_A2_B2_profile.class
-rw-rw-r--   1 travis travis  1262 Jun 11 04:37 ModularCG_A2_B2_profile.java
-rw-rw-r--   1 travis travis  4870 Jun 11 04:37 ModularCG_A2.class
-rw-rw-r--   1 travis travis 15129 Jun 11 04:37 ModularCG_A2.java
-rw-rw-r--   1 travis travis   808 Jun 11 04:37 ModularCG_A2.mk
-rw-rw-r--   1 travis travis  1433 Jun 11 04:37 ModularCG_A2_profile.class
-rw-rw-r--   1 travis travis  1704 Jun 11 04:37 ModularCG_A2_profile.java
-rw-rw-r--   1 travis travis  3473 Jun 11 04:37 ModularCGPubSub_A1_A2.class
-rw-rw-r--   1 travis travis  9076 Jun 11 04:37 ModularCGPubSub_A1_A2.java
-rw-rw-r--   1 travis travis   880 Jun 11 04:37 ModularCGPubSub_A1_A2.mk
-rw-rw-r--   1 travis travis  1300 Jun 11 04:37 ModularCGPubSub_A1_A2_profile.class
-rw-rw-r--   1 travis travis  1222 Jun 11 04:37 ModularCGPubSub_A1_A2_profile.java
-rw-rw-r--   1 travis travis  3790 Jun 11 04:37 ModularCGPubSub_A1.class
-rw-rw-r--   1 travis travis  9836 Jun 11 04:37 ModularCGPubSub_A1.java
-rw-rw-r--   1 travis travis   856 Jun 11 04:37 ModularCGPubSub_A1.mk
-rw-rw-r--   1 travis travis  1346 Jun 11 04:37 ModularCGPubSub_A1_profile.class
-rw-rw-r--   1 travis travis  1388 Jun 11 04:37 ModularCGPubSub_A1_profile.java
-rw-rw-r--   1 travis travis  3988 Jun 11 04:38 ModularCodeGen2_ModularCodeGenTypedCompositeActor.class
-rw-rw-r--   1 travis travis 11690 Jun 11 04:38 ModularCodeGen2_ModularCodeGenTypedCompositeActor.java
-rw-rw-r--   1 travis travis  1104 Jun 11 04:38 ModularCodeGen2_ModularCodeGenTypedCompositeActor.mk
-rw-rw-r--   1 travis travis  4272 Jun 11 04:38 ModularCodeGen2_ModularCodeGenTypedCompositeActor_ModularCodeGenTypedCompositeActor.class
-rw-rw-r--   1 travis travis 11790 Jun 11 04:37 ModularCodeGen2_ModularCodeGenTypedCompositeActor_ModularCodeGenTypedCompositeActor.java
-rw-rw-r--   1 travis travis  1376 Jun 11 04:37 ModularCodeGen2_ModularCodeGenTypedCompositeActor_ModularCodeGenTypedCompositeActor.mk
-rw-rw-r--   1 travis travis  1421 Jun 11 04:37 ModularCodeGen2_ModularCodeGenTypedCompositeActor_ModularCodeGenTypedCompositeActor_profile.class
-rw-rw-r--   1 travis travis  1294 Jun 11 04:37 ModularCodeGen2_ModularCodeGenTypedCompositeActor_ModularCodeGenTypedCompositeActor_profile.java
-rw-rw-r--   1 travis travis   820 Jun 11 04:38 ModularCodeGen2_ModularCodeGenTypedCompositeActor_profile.class
-rw-rw-r--   1 travis travis   693 Jun 11 04:38 ModularCodeGen2_ModularCodeGenTypedCompositeActor_profile.java
-rw-rw-r--   1 travis travis  3741 Jun 11 04:38 ModularCodeGen3_A1_B1.class
-rw-rw-r--   1 travis travis  9958 Jun 11 04:38 ModularCodeGen3_A1_B1.java
-rw-rw-r--   1 travis travis   880 Jun 11 04:38 ModularCodeGen3_A1_B1.mk
-rw-rw-r--   1 travis travis  1330 Jun 11 04:38 ModularCodeGen3_A1_B1_profile.class
-rw-rw-r--   1 travis travis  1274 Jun 11 04:38 ModularCodeGen3_A1_B1_profile.java
-rw-rw-r--   1 travis travis  3741 Jun 11 04:38 ModularCodeGen3_A1_B2.class
-rw-rw-r--   1 travis travis  9958 Jun 11 04:38 ModularCodeGen3_A1_B2.java
-rw-rw-r--   1 travis travis   880 Jun 11 04:38 ModularCodeGen3_A1_B2.mk
-rw-rw-r--   1 travis travis  1330 Jun 11 04:38 ModularCodeGen3_A1_B2_profile.class
-rw-rw-r--   1 travis travis  1274 Jun 11 04:38 ModularCodeGen3_A1_B2_profile.java
-rw-rw-r--   1 travis travis  4961 Jun 11 04:38 ModularCodeGen3_A1.class
-rw-rw-r--   1 travis travis 15564 Jun 11 04:38 ModularCodeGen3_A1.java
-rw-rw-r--   1 travis travis   856 Jun 11 04:38 ModularCodeGen3_A1.mk
-rw-rw-r--   1 travis travis  1445 Jun 11 04:38 ModularCodeGen3_A1_profile.class
-rw-rw-r--   1 travis travis  1716 Jun 11 04:38 ModularCodeGen3_A1_profile.java
-rw-rw-r--   1 travis travis  3887 Jun 11 04:38 ModularCodeGen3_A2_B1.class
-rw-rw-r--   1 travis travis 10955 Jun 11 04:38 ModularCodeGen3_A2_B1.java
-rw-rw-r--   1 travis travis   880 Jun 11 04:38 ModularCodeGen3_A2_B1.mk
-rw-rw-r--   1 travis travis  1393 Jun 11 04:38 ModularCodeGen3_A2_B1_profile.class
-rw-rw-r--   1 travis travis  1458 Jun 11 04:38 ModularCodeGen3_A2_B1_profile.java
-rw-rw-r--   1 travis travis  3741 Jun 11 04:38 ModularCodeGen3_A2_B2.class
-rw-rw-r--   1 travis travis  9958 Jun 11 04:38 ModularCodeGen3_A2_B2.java
-rw-rw-r--   1 travis travis   880 Jun 11 04:38 ModularCodeGen3_A2_B2.mk
-rw-rw-r--   1 travis travis  1330 Jun 11 04:38 ModularCodeGen3_A2_B2_profile.class
-rw-rw-r--   1 travis travis  1274 Jun 11 04:38 ModularCodeGen3_A2_B2_profile.java
-rw-rw-r--   1 travis travis  5038 Jun 11 04:38 ModularCodeGen3_A2.class
-rw-rw-r--   1 travis travis 15957 Jun 11 04:38 ModularCodeGen3_A2.java
-rw-rw-r--   1 travis travis   856 Jun 11 04:38 ModularCodeGen3_A2.mk
-rw-rw-r--   1 travis travis  1445 Jun 11 04:38 ModularCodeGen3_A2_profile.class
-rw-rw-r--   1 travis travis  1716 Jun 11 04:38 ModularCodeGen3_A2_profile.java
-rw-rw-r--   1 travis travis  3794 Jun 11 04:38 ModularCodeGen4_A1_B1.class
-rw-rw-r--   1 travis travis 10312 Jun 11 04:38 ModularCodeGen4_A1_B1.java
-rw-rw-r--   1 travis travis   880 Jun 11 04:38 ModularCodeGen4_A1_B1.mk
-rw-rw-r--   1 travis travis  1330 Jun 11 04:38 ModularCodeGen4_A1_B1_profile.class
-rw-rw-r--   1 travis travis  1273 Jun 11 04:38 ModularCodeGen4_A1_B1_profile.java
-rw-rw-r--   1 travis travis  3794 Jun 11 04:38 ModularCodeGen4_A1_B2.class
-rw-rw-r--   1 travis travis 10312 Jun 11 04:38 ModularCodeGen4_A1_B2.java
-rw-rw-r--   1 travis travis   880 Jun 11 04:38 ModularCodeGen4_A1_B2.mk
-rw-rw-r--   1 travis travis  1330 Jun 11 04:38 ModularCodeGen4_A1_B2_profile.class
-rw-rw-r--   1 travis travis  1273 Jun 11 04:38 ModularCodeGen4_A1_B2_profile.java
-rw-rw-r--   1 travis travis  5101 Jun 11 04:38 ModularCodeGen4_A1.class
-rw-rw-r--   1 travis travis 16245 Jun 11 04:38 ModularCodeGen4_A1.java
-rw-rw-r--   1 travis travis   856 Jun 11 04:38 ModularCodeGen4_A1.mk
-rw-rw-r--   1 travis travis  1445 Jun 11 04:38 ModularCodeGen4_A1_profile.class
-rw-rw-r--   1 travis travis  1712 Jun 11 04:38 ModularCodeGen4_A1_profile.java
-rw-rw-r--   1 travis travis  3988 Jun 11 04:38 ModularCodeGen4_A2_B1.class
-rw-rw-r--   1 travis travis 11375 Jun 11 04:38 ModularCodeGen4_A2_B1.java
-rw-rw-r--   1 travis travis   880 Jun 11 04:38 ModularCodeGen4_A2_B1.mk
-rw-rw-r--   1 travis travis  1393 Jun 11 04:38 ModularCodeGen4_A2_B1_profile.class
-rw-rw-r--   1 travis travis  1454 Jun 11 04:38 ModularCodeGen4_A2_B1_profile.java
-rw-rw-r--   1 travis travis  3842 Jun 11 04:38 ModularCodeGen4_A2_B2.class
-rw-rw-r--   1 travis travis 10378 Jun 11 04:38 ModularCodeGen4_A2_B2.java
-rw-rw-r--   1 travis travis   880 Jun 11 04:38 ModularCodeGen4_A2_B2.mk
-rw-rw-r--   1 travis travis  1330 Jun 11 04:38 ModularCodeGen4_A2_B2_profile.class
-rw-rw-r--   1 travis travis  1270 Jun 11 04:38 ModularCodeGen4_A2_B2_profile.java
-rw-rw-r--   1 travis travis  1712 Jun 11 04:38 ModularCodeGen4_A2_profile.java
-rw-rw-r--   1 travis travis  3954 Jun 11 04:37 ModularCodeGen_ModularCodeGenTypedCompositeActor.class
-rw-rw-r--   1 travis travis 10970 Jun 11 04:37 ModularCodeGen_ModularCodeGenTypedCompositeActor.java
-rw-rw-r--   1 travis travis  1096 Jun 11 04:37 ModularCodeGen_ModularCodeGenTypedCompositeActor.mk
-rw-rw-r--   1 travis travis  1384 Jun 11 04:37 ModularCodeGen_ModularCodeGenTypedCompositeActor_profile.class
-rw-rw-r--   1 travis travis  1328 Jun 11 04:37 ModularCodeGen_ModularCodeGenTypedCompositeActor_profile.java
-rw-rw-r--   1 travis travis  3492 Jun 11 04:37 ModularCodeGenTest_A1_A2.class
-rw-rw-r--   1 travis travis   904 Jun 11 04:37 ModularCodeGenTest_A1_A2.mk
-rw-rw-r--   1 travis travis  1306 Jun 11 04:37 ModularCodeGenTest_A1_A2_profile.class
-rw-rw-r--   1 travis travis  3823 Jun 11 04:37 ModularCodeGenTest_A1.class
-rw-rw-r--   1 travis travis  9968 Jun 11 04:37 ModularCodeGenTest_A1.java
-rw-rw-r--   1 travis travis   880 Jun 11 04:37 ModularCodeGenTest_A1.mk
-rw-rw-r--   1 travis travis  1352 Jun 11 04:37 ModularCodeGenTest_A1_profile.class
-rw-rw-r--   1 travis travis  1394 Jun 11 04:37 ModularCodeGenTest_A1_profile.java
drwxrwxr-x   3 travis travis 36864 Jun 11 04:37 modulation2
drwxrwxr-x   3 travis travis 20480 Jun 11 04:34 Multiplexor
drwxrwxr-x 242 travis travis 12288 Jun 11 04:37 node_modules
drwxrwxr-x   3 travis travis 20480 Jun 11 04:34 PhaseUnwrap
-rw-rw-r--   1 travis travis   520 Jun 11 04:37 Repeat$_fireFunction_Repeat_Repeat$__f_sL_0.class
-rw-rw-r--   1 travis travis   522 Jun 11 04:37 Repeat$_fireFunction_Repeat_Repeat$__f_sL_10.class
-rw-rw-r--   1 travis travis   666 Jun 11 04:37 Repeat$_fireFunction_Repeat_Repeat$__f_sL_11.class
-rw-rw-r--   1 travis travis   522 Jun 11 04:37 Repeat$_fireFunction_Repeat_Repeat$__f_sL_13.class
-rw-rw-r--   1 travis travis   665 Jun 11 04:37 Repeat$_fireFunction_Repeat_Repeat$__f_sL_1.class
-rw-rw-r--   1 travis travis   520 Jun 11 04:37 Repeat$_fireFunction_Repeat_Repeat$__f_sL_2.class
-rw-rw-r--   1 travis travis   520 Jun 11 04:37 Repeat$_fireFunction_Repeat_Repeat$__f_sL_3.class
-rw-rw-r--   1 travis travis   520 Jun 11 04:37 Repeat$_fireFunction_Repeat_Repeat$__f_sL_5.class
-rw-rw-r--   1 travis travis   671 Jun 11 04:37 Repeat$_fireFunction_Repeat_Repeat$__f_sL_7.class
-rw-rw-r--   1 travis travis   520 Jun 11 04:37 Repeat$_fireFunction_Repeat_Repeat$__f_sL_9.class
-rw-rw-r--   1 travis travis   813 Jun 11 04:37 Repeat$_initialize_Repeat.class
-rw-rw-r--   1 travis travis   475 Jun 11 04:37 Repeat$_initialize_Repeat$__i_sL_0.class
-rw-rw-r--   1 travis travis   519 Jun 11 04:37 Repeat$_initialize_Repeat$__i_sL_3.class
-rw-rw-r--   1 travis travis 39778 Jun 11 04:37 Repeat.java
-rw-rw-r--   1 travis travis  1281 Jun 11 04:37 Repeat.mk
-rw-rw-r--   1 travis travis   520 Jun 11 04:37 Repeat$_preinitializeMethod_Repeat$__p_sL_0.class
-rw-rw-r--   1 travis travis   520 Jun 11 04:37 Repeat$_preinitializeMethod_Repeat$__p_sL_1.class
-rw-rw-r--   1 travis travis  1083 Jun 11 04:37 Repeat$_Repeat$_fireFunction_Repeat_AddSubtract_Repeat.class
-rw-rw-r--   1 travis travis   791 Jun 11 04:37 Repeat$_Repeat$_fireFunction_Repeat_AddSubtract_Repeat$__f_sL_0.class
-rw-rw-r--   1 travis travis   909 Jun 11 04:37 Repeat$_Repeat$_fireFunction_Repeat_AddSubtract_Repeat$__f_sL_1.class
-rw-rw-r--   1 travis travis   915 Jun 11 04:37 Repeat$_Repeat$_fireFunction_Repeat_AddSubtract_Repeat$__f_sL_2.class
-rw-rw-r--   1 travis travis   838 Jun 11 04:37 Repeat$_Repeat$_fireFunction_Repeat_Ramp2_Repeat$__f_sL_1.class
-rw-rw-r--   1 travis travis  1785 Jun 11 04:37 Repeat$_Repeat$_fireFunction_Repeat_Test_Repeat$__f_sL_2.class
-rw-rw-r--   1 travis travis   685 Jun 11 04:37 Repeat$_Repeat_SDF_Director_run_Repeat$__R_sL_0.class
-rw-rw-r--   1 travis travis   540 Jun 11 04:37 Repeat$_Repeat_SDF_Director_run_Repeat$__R_sL_1.class
-rw-rw-r--   1 travis travis   540 Jun 11 04:37 Repeat$_Repeat_SDF_Director_run_Repeat$__R_sL_2.class
-rw-rw-r--   1 travis travis   540 Jun 11 04:37 Repeat$_Repeat_SDF_Director_run_Repeat$__R_sL_4.class
-rw-rw-r--   1 travis travis   540 Jun 11 04:37 Repeat$_Repeat_SDF_Director_run_Repeat$__R_sL_5.class
-rw-rw-r--   1 travis travis   691 Jun 11 04:37 Repeat$_Repeat_SDF_Director_run_Repeat$__R_sL_6.class
-rw-rw-r--   1 travis travis   540 Jun 11 04:37 Repeat$_Repeat_SDF_Director_run_Repeat$__R_sL_7.class
-rw-rw-r--   1 travis travis   863 Jun 11 04:37 Repeat$_varinit_Repeat.class
-rw-rw-r--   1 travis travis   530 Jun 11 04:37 Repeat$_varinit_Repeat$__v_sL_1.class
-rw-rw-r--   1 travis travis   531 Jun 11 04:37 Repeat$_varinit_Repeat$__v_sL_2.class
-rw-rw-r--   1 travis travis   905 Jun 11 04:37 Repeat$_varinit_Repeat$__v_sL_4.class
-rw-rw-r--   1 travis travis   635 Jun 11 04:37 Repeat$_wrapup_Repeat.class
-rw-rw-r--   1 travis travis   965 Jun 11 04:37 Repeat$_wrapup_Repeat$__w_sL_1.class
-rw-rw-r--   1 travis travis   289 Jun 11 04:32 result.csv
drwxrwxr-x   3 travis travis 12288 Jun 11 04:35 Scrambler1
drwxrwxr-x   3 travis travis 20480 Jun 11 04:34 Sinewave2
drwxrwxr-x   3 travis travis 69632 Jun 11 04:35 StringCompare
drwxrwxr-x   3 travis travis 32768 Jun 11 04:35 StringFunction
drwxrwxr-x   3 travis travis 12288 Jun 11 04:35 StringLength
drwxrwxr-x   3 travis travis 57344 Jun 11 04:36 StringSimpleReplace
drwxrwxr-x   3 travis travis 12288 Jun 11 04:37 time2
drwxrwxr-x   3 travis travis 12288 Jun 11 04:37 time5
-rw-rw-r--   1 travis travis   432 Jun 11 04:38 Token.class
-rw-rw-r--   1 travis travis   251 Jun 11 04:38 Token.java
-rw-rw-r--   1 travis travis     0 Jun 11 04:37 top.
-rw-rw-r--   1 travis travis 20502 Jun 11 04:32 top.c
-rw-rw-r--   1 travis travis  3567 Jun 11 04:37 top.class
-rw-rw-r--   1 travis travis   169 Jun 11 04:32 top.html
-rw-rw-r--   1 travis travis  7552 Jun 11 04:37 top.java
-rw-rw-r--   1 travis travis 38888 Jun 11 04:32 top.o
drwxrwxr-x   3 travis travis 57344 Jun 11 04:34 UnaryMathFunction
All Done
Writing ModularCodeGen4_A2.java in file:/home/travis/cg/ (16770 characters)
Reading "ptolemy/cg/kernel/generic/program/procedural/java/modular/makefile.in",
    writing "/home/travis/cg/ModularCodeGen4_A2.mk"
Using ptolemy/cg/kernel/generic/program/procedural/java/modular/makefile.in
In "/home/travis/cg", about to execute:
    make -f ModularCodeGen4_A2.mk
javac -classpath ".:.."    ModularCodeGen4_A2.java
All Done
Manager.initialize() finished: 12027 ms. Memory: 143872K Free: 108435K (75%)
12030 ms. Memory: 143872K Free: 108435K (75%)
----------------- Invoking toplevel() on ptolemy.moml.MoMLSimpleApplication@1d118b48
----------------- Done invoking toplevel() on ptolemy.moml.MoMLSimpleApplication@1d118b48
reloadAllAccessors: .ModularCodeGen4

===========================================================================================
----------------- testing Tue Jun 11 04:38:27 UTC 2019 /home/travis/build/icyphy/ptII/ptolemy/cg/lib/test/auto/ModularCodeGen5.xml
----------------- Instantiating /home/travis/build/icyphy/ptII/ptolemy/cg/lib/test/auto/ModularCodeGen5.xml
In "/home/travis/cg", about to execute:
    pwd
In "/home/travis/cg", about to execute:
    ls -l
/home/travis/cg
In "/home/travis/cg", about to execute:
    javac -classpath
.:/home/travis/build/icyphy/ptII:/home/travis/build/icyphy/ptII/lib/bsh-2.0b4.j
ar:/home/travis/build/icyphy/ptII/lib/ptCal.jar:/home/travis/build/icyphy/ptII/
lib/java_cup.jar:/home/travis/build/icyphy/ptII/lib/saxon8.jar:/home/travis/bui
ld/icyphy/ptII/lib/saxon8-dom.jar:/home/travis/build/icyphy/ptII/lib/chic.jar:/
home/travis/build/icyphy/ptII/lib/ptcolt.jar:/usr/lib/jvm/java-8-oracle/lib/too
ls.jar:/home/travis/build/icyphy/ptII/vendors/misc/itext/iText.jar:/home/travis
/build/icyphy/ptII/lib/g4ltl.jar:/home/travis/build/icyphy/ptII/lib/StructuralC
oder.jar:/home/travis/build/icyphy/ptII/vendors/jai-1_1_2_01/lib/jai_core.jar:/
home/travis/build/icyphy/ptII/vendors/jai-1_1_2_01/lib/jai_codec.jar:/home/trav
is/build/icyphy/ptII/lib/jcerti.jar:/home/travis/build/icyphy/ptII/lib/javax.ma
il.jar:/home/travis/build/icyphy/ptII/vendors/JMF-2.1.1e/lib/jmf.jar:/home/trav
is/build/icyphy/ptII/lib/jna-4.0.0-variadic.jar:/home/travis/build/icyphy/ptII/
vendors/misc/joystick/Joystick.jar:/home/travis/build/icyphy/ptII/lib/ptjacl.ja
r:/home/travis/build/icyphy/ptII/lib/jsoup-1.8.2.jar:/home/travis/build/icyphy/
ptII/lib/junit-4.8.2.jar:/home/travis/build/icyphy/ptII/lib/JUnitParams-0.4.0.j
ar:/home/travis/build/icyphy/ptII/ptolemy/actor/lib/excel/jxl.jar:/home/travis/
build/icyphy/ptII/lib/jython.jar:/home/travis/build/icyphy/ptII/lib/kieler.jar:
/home/travis/build/icyphy/ptII/vendors/opencv/share/OpenCV/java/opencv-341.jar:
/home/travis/build/icyphy/ptII/lib/oscP5.jar:/home/travis/build/icyphy/ptII/lib
/nrjavaserial-3.11.0.devel.jar:/home/travis/build/icyphy/ptII/vendors/j3d/lib/j
3dcore.jar:/home/travis/build/icyphy/ptII/vendors/j3d/lib/j3dutils.jar:/home/tr
avis/build/icyphy/ptII/vendors/j3d/lib/vecmath.jar:/home/travis/build/icyphy/pt
II/ptolemy/distributed/jini/jar/jini-core.jar:/home/travis/build/icyphy/ptII/pt
olemy/distributed/jini/jar/jini-ext.jar:/home/travis/build/icyphy/ptII/ptolemy/
distributed/jini/jar/sun-util.jar:/home/travis/build/icyphy/ptII/lib/protobuf-j
ava-2.4.1.jar:/home/travis/build/icyphy/ptII/lib/org.eclipse.paho.client.mqttv3
.jar:/home/travis/build/icyphy/ptII/lib/mapss.jar:/home/travis/build/icyphy/ptI
I/ptolemy/actor/ptalon/antlr/antlr.jar:/home/travis/build/icyphy/ptII/lib/JRI.j
ar:/home/travis/build/icyphy/ptII/lib/commons-lang-2.6.jar:/home/travis/build/i
cyphy/ptII/lib/commons-logging-1.1.1.jar:/home/travis/build/icyphy/ptII/lib/soo
tclasses.jar:/home/travis/build/icyphy/ptII/ptolemy/actor/lib/database/mysql-co
nnector-java-5.1.6-bin.jar:/home/travis/build/icyphy/ptII/vendors/misc/sphinx4/
sphinx4-data-5prealpha.jar:/home/travis/build/icyphy/ptII/vendors/misc/sphinx4/
sphinx4-core-5prealpha.jar:/home/travis/build/icyphy/ptII/lib/PDFRenderer.jar:/
home/travis/build/icyphy/ptII/lib/svgSalamander.jar:/home/travis/build/icyphy/p
tII/lib/rsyntaxtextarea-2.6.0-SNAPSHOT.jar:/home/travis/build/icyphy/ptII/lib/h
azelcast-3.8.2.jar:/home/travis/build/icyphy/ptII/lib/jackson-annotations-2.9.0
.jar:/home/travis/build/icyphy/ptII/lib/jackson-core-2.9.3.jar:/home/travis/bui
ld/icyphy/ptII/lib/jackson-databind-2.9.3.jar:/home/travis/build/icyphy/ptII/li
b/netty-buffer-4.1.19.Final.jar:/home/travis/build/icyphy/ptII/lib/netty-codec-
4.1.19.Final.jar:/home/travis/build/icyphy/ptII/lib/netty-codec-dns-4.1.19.Fina
l.jar:/home/travis/build/icyphy/ptII/lib/netty-codec-http-4.1.19.Final.jar:/hom
e/travis/build/icyphy/ptII/lib/netty-codec-http2-4.1.19.Final.jar:/home/travis/
build/icyphy/ptII/lib/netty-common-4.1.19.Final.jar:/home/travis/build/icyphy/p
tII/lib/netty-handler-4.1.19.Final.jar:/home/travis/build/icyphy/ptII/lib/netty
-resolver-4.1.19.Final.jar:/home/travis/build/icyphy/ptII/lib/netty-resolver-dn
s-4.1.19.Final.jar:/home/travis/build/icyphy/ptII/lib/netty-transport-4.1.19.Fi
nal.jar:/home/travis/build/icyphy/ptII/lib/vertx-codegen-3.5.1.jar:/home/travis
/build/icyphy/ptII/lib/vertx-core-3.5.2-SNAPSHOT.jar:/home/travis/build/icyphy/
ptII/lib/vertx-hazelcast-3.5.1.jar:/home/travis/build/icyphy/ptII/lib/vertx-lan
g-js-3.5.1.jar:/home/travis/build/icyphy/ptII/lib/vertx-service-proxy-3.5.1.jar
:/home/travis/build/icyphy/ptII/lib/vertx-web-3.5.1.jar:/home/travis/build/icyp
hy/ptII/lib/slf4j-api-1.7.13.jar:/home/travis/build/icyphy/ptII/lib/slf4j-simpl
e-1.7.13.jar:/home/travis/build/icyphy/ptII/lib/webcam-capture-0.3.12.jar:/home
/travis/build/icyphy/ptII/lib/bridj-0.7.0.jar:/home/travis/build/icyphy/ptII/li
b/xbjlib-1.1.0.nrjavaserial.jar:/home/travis/build/icyphy/ptII/ptolemy/moml/tes
t:/home/travis/build/icyphy/ptII/ant/lib/ant-launcher.jar:/home/travis/build/ic
yphy/ptII/ant/lib/ant.jar:/home/travis/build/icyphy/ptII/ant/lib/ant-junit.jar:
/home/travis/build/icyphy/ptII/ant/lib/ant-junit4.jar:/home/travis/build/icyphy
/ptII ModularCodeGen5_A_A_profile.java
total 1732
drwxrwxr-x   3 travis travis 12288 Jun 11 04:33 AbsoluteValue
drwxrwxr-x   3 travis travis 16384 Jun 11 04:33 Case1
drwxrwxr-x   3 travis travis 32768 Jun 11 04:33 Case2
-rw-rw-r--   1 travis travis  4895 Jun 11 04:37 CompiledCompositeActor_CompiledCompositeActor.class
-rw-rw-r--   1 travis travis  1592 Jun 11 04:37 CompiledCompositeActor_CompiledCompositeActor$_CompiledCompositeActor_CompiledCompositeActor.class
-rw-rw-r--   1 travis travis 13466 Jun 11 04:37 CompiledCompositeActor_CompiledCompositeActor.java
-rw-rw-r--   1 travis travis  1593 Jun 11 04:37 CompiledCompositeActor_CompiledCompositeActor.mk
drwxrwxr-x   3 travis travis 24576 Jun 11 04:35 DeScrambler
drwxrwxr-x   3 travis travis 16384 Jun 11 04:36 DotProduct
drwxrwxr-x   3 travis travis 12288 Jun 11 04:33 FileWriter1
drwxrwxr-x   3 travis travis 20480 Jun 11 04:32 FixToDoubleAndBack
drwxrwxr-x   3 travis travis 16384 Jun 11 04:33 Gaussian1
drwxrwxr-x   3 travis travis 20480 Jun 11 04:33 Gaussian2
-rw-rw-r--   1 travis travis  4457 Jun 11 04:37 JavaCompiledCompositeTest1_CompiledCompositeActor.class
-rw-rw-r--   1 travis travis 11637 Jun 11 04:37 JavaCompiledCompositeTest1_CompiledCompositeActor.java
-rw-rw-r--   1 travis travis  1198 Jun 11 04:37 JavaCompiledCompositeTest1_CompiledCompositeActor$_JavaCompiledCompositeTest1_CompiledCompositeActor.class
-rw-rw-r--   1 travis travis  1625 Jun 11 04:37 JavaCompiledCompositeTest1_CompiledCompositeActor.mk
-rw-rw-r--   1 travis travis  4888 Jun 11 04:37 JavaCompiledCompositeTest2_CompiledCompositeActor.class
-rw-rw-r--   1 travis travis 14919 Jun 11 04:37 JavaCompiledCompositeTest2_CompiledCompositeActor.java
-rw-rw-r--   1 travis travis  1793 Jun 11 04:37 JavaCompiledCompositeTest2_CompiledCompositeActor$_JavaCompiledCompositeTest2_CompiledCompositeActor.class
-rw-rw-r--   1 travis travis  1625 Jun 11 04:37 JavaCompiledCompositeTest2_CompiledCompositeActor.mk
-rw-rw-r--   1 travis travis  4505 Jun 11 04:37 JavaCompiledCompositeTest3_CompiledCompositeActor.class
-rw-rw-r--   1 travis travis 13080 Jun 11 04:37 JavaCompiledCompositeTest3_CompiledCompositeActor.java
-rw-rw-r--   1 travis travis  1378 Jun 11 04:37 JavaCompiledCompositeTest3_CompiledCompositeActor$_JavaCompiledCompositeTest3_CompiledCompositeActor.class
-rw-rw-r--   1 travis travis  1625 Jun 11 04:37 JavaCompiledCompositeTest3_CompiledCompositeActor.mk
-rw-rw-r--   1 travis travis  3953 Jun 11 04:37 JavaCompiledCompositeTest4_CompiledCompositeActor.class
-rw-rw-r--   1 travis travis  9687 Jun 11 04:37 JavaCompiledCompositeTest4_CompiledCompositeActor.java
-rw-rw-r--   1 travis travis   857 Jun 11 04:37 JavaCompiledCompositeTest4_CompiledCompositeActor$_JavaCompiledCompositeTest4_CompiledCompositeActor.class
-rw-rw-r--   1 travis travis  1625 Jun 11 04:37 JavaCompiledCompositeTest4_CompiledCompositeActor.mk
drwxrwxr-x   3 travis travis 12288 Jun 11 04:33 LookupTable
drwxrwxr-x   3 travis travis 20480 Jun 11 04:34 MaxIndex
-rw-rw-r--   1 travis travis  3693 Jun 11 04:37 ModularCG_A1_B1.class
-rw-rw-r--   1 travis travis  9730 Jun 11 04:37 ModularCG_A1_B1.java
-rw-rw-r--   1 travis travis   832 Jun 11 04:37 ModularCG_A1_B1.mk
-rw-rw-r--   1 travis travis  1318 Jun 11 04:37 ModularCG_A1_B1_profile.class
-rw-rw-r--   1 travis travis  1262 Jun 11 04:37 ModularCG_A1_B1_profile.java
-rw-rw-r--   1 travis travis  3693 Jun 11 04:37 ModularCG_A1_B2.class
-rw-rw-r--   1 travis travis  9730 Jun 11 04:37 ModularCG_A1_B2.java
-rw-rw-r--   1 travis travis   832 Jun 11 04:37 ModularCG_A1_B2.mk
-rw-rw-r--   1 travis travis  1318 Jun 11 04:37 ModularCG_A1_B2_profile.class
-rw-rw-r--   1 travis travis  1262 Jun 11 04:37 ModularCG_A1_B2_profile.java
-rw-rw-r--   1 travis travis  4799 Jun 11 04:37 ModularCG_A1.class
-rw-rw-r--   1 travis travis 14742 Jun 11 04:37 ModularCG_A1.java
-rw-rw-r--   1 travis travis   808 Jun 11 04:37 ModularCG_A1.mk
-rw-rw-r--   1 travis travis  1433 Jun 11 04:37 ModularCG_A1_profile.class
-rw-rw-r--   1 travis travis  1704 Jun 11 04:37 ModularCG_A1_profile.java
-rw-rw-r--   1 travis travis  3827 Jun 11 04:37 ModularCG_A2_B1.class
-rw-rw-r--   1 travis travis 10667 Jun 11 04:37 ModularCG_A2_B1.java
-rw-rw-r--   1 travis travis   832 Jun 11 04:37 ModularCG_A2_B1.mk
-rw-rw-r--   1 travis travis  1381 Jun 11 04:37 ModularCG_A2_B1_profile.class
-rw-rw-r--   1 travis travis  1446 Jun 11 04:37 ModularCG_A2_B1_profile.java
-rw-rw-r--   1 travis travis  3693 Jun 11 04:37 ModularCG_A2_B2.class
-rw-rw-r--   1 travis travis  9730 Jun 11 04:37 ModularCG_A2_B2.java
-rw-rw-r--   1 travis travis   832 Jun 11 04:37 ModularCG_A2_B2.mk
-rw-rw-r--   1 travis travis  1318 Jun 11 04:37 ModularCG_A2_B2_profile.class
-rw-rw-r--   1 travis travis  1262 Jun 11 04:37 ModularCG_A2_B2_profile.java
-rw-rw-r--   1 travis travis  4870 Jun 11 04:37 ModularCG_A2.class
-rw-rw-r--   1 travis travis 15129 Jun 11 04:37 ModularCG_A2.java
-rw-rw-r--   1 travis travis   808 Jun 11 04:37 ModularCG_A2.mk
-rw-rw-r--   1 travis travis  1433 Jun 11 04:37 ModularCG_A2_profile.class
-rw-rw-r--   1 travis travis  1704 Jun 11 04:37 ModularCG_A2_profile.java
-rw-rw-r--   1 travis travis  3473 Jun 11 04:37 ModularCGPubSub_A1_A2.class
-rw-rw-r--   1 travis travis  9076 Jun 11 04:37 ModularCGPubSub_A1_A2.java
-rw-rw-r--   1 travis travis   880 Jun 11 04:37 ModularCGPubSub_A1_A2.mk
-rw-rw-r--   1 travis travis  1300 Jun 11 04:37 ModularCGPubSub_A1_A2_profile.class
-rw-rw-r--   1 travis travis  1222 Jun 11 04:37 ModularCGPubSub_A1_A2_profile.java
-rw-rw-r--   1 travis travis  3790 Jun 11 04:37 ModularCGPubSub_A1.class
-rw-rw-r--   1 travis travis  9836 Jun 11 04:37 ModularCGPubSub_A1.java
-rw-rw-r--   1 travis travis   856 Jun 11 04:37 ModularCGPubSub_A1.mk
-rw-rw-r--   1 travis travis  1346 Jun 11 04:37 ModularCGPubSub_A1_profile.class
-rw-rw-r--   1 travis travis  1388 Jun 11 04:37 ModularCGPubSub_A1_profile.java
-rw-rw-r--   1 travis travis  3988 Jun 11 04:38 ModularCodeGen2_ModularCodeGenTypedCompositeActor.class
-rw-rw-r--   1 travis travis 11690 Jun 11 04:38 ModularCodeGen2_ModularCodeGenTypedCompositeActor.java
-rw-rw-r--   1 travis travis  1104 Jun 11 04:38 ModularCodeGen2_ModularCodeGenTypedCompositeActor.mk
-rw-rw-r--   1 travis travis  4272 Jun 11 04:38 ModularCodeGen2_ModularCodeGenTypedCompositeActor_ModularCodeGenTypedCompositeActor.class
-rw-rw-r--   1 travis travis 11790 Jun 11 04:37 ModularCodeGen2_ModularCodeGenTypedCompositeActor_ModularCodeGenTypedCompositeActor.java
-rw-rw-r--   1 travis travis  1376 Jun 11 04:37 ModularCodeGen2_ModularCodeGenTypedCompositeActor_ModularCodeGenTypedCompositeActor.mk
-rw-rw-r--   1 travis travis  1421 Jun 11 04:37 ModularCodeGen2_ModularCodeGenTypedCompositeActor_ModularCodeGenTypedCompositeActor_profile.class
-rw-rw-r--   1 travis travis  1294 Jun 11 04:37 ModularCodeGen2_ModularCodeGenTypedCompositeActor_ModularCodeGenTypedCompositeActor_profile.java
-rw-rw-r--   1 travis travis   820 Jun 11 04:38 ModularCodeGen2_ModularCodeGenTypedCompositeActor_profile.class
-rw-rw-r--   1 travis travis   693 Jun 11 04:38 ModularCodeGen2_ModularCodeGenTypedCompositeActor_profile.java
-rw-rw-r--   1 travis travis  3741 Jun 11 04:38 ModularCodeGen3_A1_B1.class
-rw-rw-r--   1 travis travis  9958 Jun 11 04:38 ModularCodeGen3_A1_B1.java
-rw-rw-r--   1 travis travis   880 Jun 11 04:38 ModularCodeGen3_A1_B1.mk
-rw-rw-r--   1 travis travis  1330 Jun 11 04:38 ModularCodeGen3_A1_B1_profile.class
-rw-rw-r--   1 travis travis  1274 Jun 11 04:38 ModularCodeGen3_A1_B1_profile.java
-rw-rw-r--   1 travis travis  3741 Jun 11 04:38 ModularCodeGen3_A1_B2.class
-rw-rw-r--   1 travis travis  9958 Jun 11 04:38 ModularCodeGen3_A1_B2.java
-rw-rw-r--   1 travis travis   880 Jun 11 04:38 ModularCodeGen3_A1_B2.mk
-rw-rw-r--   1 travis travis  1330 Jun 11 04:38 ModularCodeGen3_A1_B2_profile.class
-rw-rw-r--   1 travis travis  1274 Jun 11 04:38 ModularCodeGen3_A1_B2_profile.java
-rw-rw-r--   1 travis travis  4961 Jun 11 04:38 ModularCodeGen3_A1.class
-rw-rw-r--   1 travis travis 15564 Jun 11 04:38 ModularCodeGen3_A1.java
-rw-rw-r--   1 travis travis   856 Jun 11 04:38 ModularCodeGen3_A1.mk
-rw-rw-r--   1 travis travis  1445 Jun 11 04:38 ModularCodeGen3_A1_profile.class
-rw-rw-r--   1 travis travis  1716 Jun 11 04:38 ModularCodeGen3_A1_profile.java
-rw-rw-r--   1 travis travis  3887 Jun 11 04:38 ModularCodeGen3_A2_B1.class
-rw-rw-r--   1 travis travis 10955 Jun 11 04:38 ModularCodeGen3_A2_B1.java
-rw-rw-r--   1 travis travis   880 Jun 11 04:38 ModularCodeGen3_A2_B1.mk
-rw-rw-r--   1 travis travis  1393 Jun 11 04:38 ModularCodeGen3_A2_B1_profile.class
-rw-rw-r--   1 travis travis  1458 Jun 11 04:38 ModularCodeGen3_A2_B1_profile.java
-rw-rw-r--   1 travis travis  3741 Jun 11 04:38 ModularCodeGen3_A2_B2.class
-rw-rw-r--   1 travis travis  9958 Jun 11 04:38 ModularCodeGen3_A2_B2.java
-rw-rw-r--   1 travis travis   880 Jun 11 04:38 ModularCodeGen3_A2_B2.mk
-rw-rw-r--   1 travis travis  1330 Jun 11 04:38 ModularCodeGen3_A2_B2_profile.class
-rw-rw-r--   1 travis travis  1274 Jun 11 04:38 ModularCodeGen3_A2_B2_profile.java
-rw-rw-r--   1 travis travis  5038 Jun 11 04:38 ModularCodeGen3_A2.class
-rw-rw-r--   1 travis travis 15957 Jun 11 04:38 ModularCodeGen3_A2.java
-rw-rw-r--   1 travis travis   856 Jun 11 04:38 ModularCodeGen3_A2.mk
-rw-rw-r--   1 travis travis  1445 Jun 11 04:38 ModularCodeGen3_A2_profile.class
-rw-rw-r--   1 travis travis  1716 Jun 11 04:38 ModularCodeGen3_A2_profile.java
-rw-rw-r--   1 travis travis  3794 Jun 11 04:38 ModularCodeGen4_A1_B1.class
-rw-rw-r--   1 travis travis 10312 Jun 11 04:38 ModularCodeGen4_A1_B1.java
-rw-rw-r--   1 travis travis   880 Jun 11 04:38 ModularCodeGen4_A1_B1.mk
-rw-rw-r--   1 travis travis  1330 Jun 11 04:38 ModularCodeGen4_A1_B1_profile.class
-rw-rw-r--   1 travis travis  1273 Jun 11 04:38 ModularCodeGen4_A1_B1_profile.java
-rw-rw-r--   1 travis travis  3794 Jun 11 04:38 ModularCodeGen4_A1_B2.class
-rw-rw-r--   1 travis travis 10312 Jun 11 04:38 ModularCodeGen4_A1_B2.java
-rw-rw-r--   1 travis travis   880 Jun 11 04:38 ModularCodeGen4_A1_B2.mk
-rw-rw-r--   1 travis travis  1330 Jun 11 04:38 ModularCodeGen4_A1_B2_profile.class
-rw-rw-r--   1 travis travis  1273 Jun 11 04:38 ModularCodeGen4_A1_B2_profile.java
-rw-rw-r--   1 travis travis  5101 Jun 11 04:38 ModularCodeGen4_A1.class
-rw-rw-r--   1 travis travis 16245 Jun 11 04:38 ModularCodeGen4_A1.java
-rw-rw-r--   1 travis travis   856 Jun 11 04:38 ModularCodeGen4_A1.mk
-rw-rw-r--   1 travis travis  1445 Jun 11 04:38 ModularCodeGen4_A1_profile.class
-rw-rw-r--   1 travis travis  1712 Jun 11 04:38 ModularCodeGen4_A1_profile.java
-rw-rw-r--   1 travis travis  3988 Jun 11 04:38 ModularCodeGen4_A2_B1.class
-rw-rw-r--   1 travis travis 11375 Jun 11 04:38 ModularCodeGen4_A2_B1.java
-rw-rw-r--   1 travis travis   880 Jun 11 04:38 ModularCodeGen4_A2_B1.mk
-rw-rw-r--   1 travis travis  1393 Jun 11 04:38 ModularCodeGen4_A2_B1_profile.class
-rw-rw-r--   1 travis travis  1454 Jun 11 04:38 ModularCodeGen4_A2_B1_profile.java
-rw-rw-r--   1 travis travis  3842 Jun 11 04:38 ModularCodeGen4_A2_B2.class
-rw-rw-r--   1 travis travis 10378 Jun 11 04:38 ModularCodeGen4_A2_B2.java
-rw-rw-r--   1 travis travis   880 Jun 11 04:38 ModularCodeGen4_A2_B2.mk
-rw-rw-r--   1 travis travis  1330 Jun 11 04:38 ModularCodeGen4_A2_B2_profile.class
-rw-rw-r--   1 travis travis  1270 Jun 11 04:38 ModularCodeGen4_A2_B2_profile.java
-rw-rw-r--   1 travis travis  5274 Jun 11 04:38 ModularCodeGen4_A2.class
-rw-rw-r--   1 travis travis 16770 Jun 11 04:38 ModularCodeGen4_A2.java
-rw-rw-r--   1 travis travis   856 Jun 11 04:38 ModularCodeGen4_A2.mk
-rw-rw-r--   1 travis travis  1445 Jun 11 04:38 ModularCodeGen4_A2_profile.class
-rw-rw-r--   1 travis travis  1712 Jun 11 04:38 ModularCodeGen4_A2_profile.java
-rw-rw-r--   1 travis travis  1815 Jun 11 04:38 ModularCodeGen5_A_A_profile.java
-rw-rw-r--   1 travis travis  3954 Jun 11 04:37 ModularCodeGen_ModularCodeGenTypedCompositeActor.class
-rw-rw-r--   1 travis travis 10970 Jun 11 04:37 ModularCodeGen_ModularCodeGenTypedCompositeActor.java
-rw-rw-r--   1 travis travis  1096 Jun 11 04:37 ModularCodeGen_ModularCodeGenTypedCompositeActor.mk
-rw-rw-r--   1 travis travis  1384 Jun 11 04:37 ModularCodeGen_ModularCodeGenTypedCompositeActor_profile.class
-rw-rw-r--   1 travis travis  1328 Jun 11 04:37 ModularCodeGen_ModularCodeGenTypedCompositeActor_profile.java
-rw-rw-r--   1 travis travis  3492 Jun 11 04:37 ModularCodeGenTest_A1_A2.class
-rw-rw-r--   1 travis travis   904 Jun 11 04:37 ModularCodeGenTest_A1_A2.mk
-rw-rw-r--   1 travis travis  1306 Jun 11 04:37 ModularCodeGenTest_A1_A2_profile.class
-rw-rw-r--   1 travis travis  3823 Jun 11 04:37 ModularCodeGenTest_A1.class
-rw-rw-r--   1 travis travis  9968 Jun 11 04:37 ModularCodeGenTest_A1.java
-rw-rw-r--   1 travis travis   880 Jun 11 04:37 ModularCodeGenTest_A1.mk
-rw-rw-r--   1 travis travis  1352 Jun 11 04:37 ModularCodeGenTest_A1_profile.class
-rw-rw-r--   1 travis travis  1394 Jun 11 04:37 ModularCodeGenTest_A1_profile.java
drwxrwxr-x   3 travis travis 36864 Jun 11 04:37 modulation2
drwxrwxr-x   3 travis travis 20480 Jun 11 04:34 Multiplexor
drwxrwxr-x 242 travis travis 12288 Jun 11 04:37 node_modules
drwxrwxr-x   3 travis travis 20480 Jun 11 04:34 PhaseUnwrap
-rw-rw-r--   1 travis travis   520 Jun 11 04:37 Repeat$_fireFunction_Repeat_Repeat$__f_sL_0.class
-rw-rw-r--   1 travis travis   522 Jun 11 04:37 Repeat$_fireFunction_Repeat_Repeat$__f_sL_10.class
-rw-rw-r--   1 travis travis   666 Jun 11 04:37 Repeat$_fireFunction_Repeat_Repeat$__f_sL_11.class
-rw-rw-r--   1 travis travis   522 Jun 11 04:37 Repeat$_fireFunction_Repeat_Repeat$__f_sL_13.class
-rw-rw-r--   1 travis travis   665 Jun 11 04:37 Repeat$_fireFunction_Repeat_Repeat$__f_sL_1.class
-rw-rw-r--   1 travis travis   520 Jun 11 04:37 Repeat$_fireFunction_Repeat_Repeat$__f_sL_2.class
-rw-rw-r--   1 travis travis   520 Jun 11 04:37 Repeat$_fireFunction_Repeat_Repeat$__f_sL_3.class
-rw-rw-r--   1 travis travis   520 Jun 11 04:37 Repeat$_fireFunction_Repeat_Repeat$__f_sL_5.class
-rw-rw-r--   1 travis travis   671 Jun 11 04:37 Repeat$_fireFunction_Repeat_Repeat$__f_sL_7.class
-rw-rw-r--   1 travis travis   520 Jun 11 04:37 Repeat$_fireFunction_Repeat_Repeat$__f_sL_9.class
-rw-rw-r--   1 travis travis   813 Jun 11 04:37 Repeat$_initialize_Repeat.class
-rw-rw-r--   1 travis travis   475 Jun 11 04:37 Repeat$_initialize_Repeat$__i_sL_0.class
-rw-rw-r--   1 travis travis   519 Jun 11 04:37 Repeat$_initialize_Repeat$__i_sL_3.class
-rw-rw-r--   1 travis travis 39778 Jun 11 04:37 Repeat.java
-rw-rw-r--   1 travis travis  1281 Jun 11 04:37 Repeat.mk
-rw-rw-r--   1 travis travis   520 Jun 11 04:37 Repeat$_preinitializeMethod_Repeat$__p_sL_0.class
-rw-rw-r--   1 travis travis   520 Jun 11 04:37 Repeat$_preinitializeMethod_Repeat$__p_sL_1.class
-rw-rw-r--   1 travis travis  1083 Jun 11 04:37 Repeat$_Repeat$_fireFunction_Repeat_AddSubtract_Repeat.class
-rw-rw-r--   1 travis travis   791 Jun 11 04:37 Repeat$_Repeat$_fireFunction_Repeat_AddSubtract_Repeat$__f_sL_0.class
-rw-rw-r--   1 travis travis   909 Jun 11 04:37 Repeat$_Repeat$_fireFunction_Repeat_AddSubtract_Repeat$__f_sL_1.class
-rw-rw-r--   1 travis travis   915 Jun 11 04:37 Repeat$_Repeat$_fireFunction_Repeat_AddSubtract_Repeat$__f_sL_2.class
-rw-rw-r--   1 travis travis   838 Jun 11 04:37 Repeat$_Repeat$_fireFunction_Repeat_Ramp2_Repeat$__f_sL_1.class
-rw-rw-r--   1 travis travis  1785 Jun 11 04:37 Repeat$_Repeat$_fireFunction_Repeat_Test_Repeat$__f_sL_2.class
-rw-rw-r--   1 travis travis   685 Jun 11 04:37 Repeat$_Repeat_SDF_Director_run_Repeat$__R_sL_0.class
-rw-rw-r--   1 travis travis   540 Jun 11 04:37 Repeat$_Repeat_SDF_Director_run_Repeat$__R_sL_1.class
-rw-rw-r--   1 travis travis   540 Jun 11 04:37 Repeat$_Repeat_SDF_Director_run_Repeat$__R_sL_2.class
-rw-rw-r--   1 travis travis   540 Jun 11 04:37 Repeat$_Repeat_SDF_Director_run_Repeat$__R_sL_4.class
-rw-rw-r--   1 travis travis   540 Jun 11 04:37 Repeat$_Repeat_SDF_Director_run_Repeat$__R_sL_5.class
-rw-rw-r--   1 travis travis   691 Jun 11 04:37 Repeat$_Repeat_SDF_Director_run_Repeat$__R_sL_6.class
-rw-rw-r--   1 travis travis   540 Jun 11 04:37 Repeat$_Repeat_SDF_Director_run_Repeat$__R_sL_7.class
-rw-rw-r--   1 travis travis   863 Jun 11 04:37 Repeat$_varinit_Repeat.class
-rw-rw-r--   1 travis travis   530 Jun 11 04:37 Repeat$_varinit_Repeat$__v_sL_1.class
-rw-rw-r--   1 travis travis   531 Jun 11 04:37 Repeat$_varinit_Repeat$__v_sL_2.class
-rw-rw-r--   1 travis travis   905 Jun 11 04:37 Repeat$_varinit_Repeat$__v_sL_4.class
-rw-rw-r--   1 travis travis   635 Jun 11 04:37 Repeat$_wrapup_Repeat.class
-rw-rw-r--   1 travis travis   965 Jun 11 04:37 Repeat$_wrapup_Repeat$__w_sL_1.class
-rw-rw-r--   1 travis travis   289 Jun 11 04:32 result.csv
drwxrwxr-x   3 travis travis 12288 Jun 11 04:35 Scrambler1
drwxrwxr-x   3 travis travis 20480 Jun 11 04:34 Sinewave2
drwxrwxr-x   3 travis travis 69632 Jun 11 04:35 StringCompare
drwxrwxr-x   3 travis travis 32768 Jun 11 04:35 StringFunction
drwxrwxr-x   3 travis travis 12288 Jun 11 04:35 StringLength
drwxrwxr-x   3 travis travis 57344 Jun 11 04:36 StringSimpleReplace
drwxrwxr-x   3 travis travis 12288 Jun 11 04:37 time2
drwxrwxr-x   3 travis travis 12288 Jun 11 04:37 time5
-rw-rw-r--   1 travis travis   432 Jun 11 04:38 Token.class
-rw-rw-r--   1 travis travis   251 Jun 11 04:38 Token.java
-rw-rw-r--   1 travis travis     0 Jun 11 04:37 top.
-rw-rw-r--   1 travis travis 20502 Jun 11 04:32 top.c
-rw-rw-r--   1 travis travis  3567 Jun 11 04:37 top.class
-rw-rw-r--   1 travis travis   169 Jun 11 04:32 top.html
-rw-rw-r--   1 travis travis  7552 Jun 11 04:37 top.java
-rw-rw-r--   1 travis travis 38888 Jun 11 04:32 top.o
drwxrwxr-x   3 travis travis 57344 Jun 11 04:34 UnaryMathFunction
All Done
Writing ModularCodeGen5_A_A.java in file:/home/travis/cg/ (28721 characters)
Reading "ptolemy/cg/kernel/generic/program/procedural/java/modular/makefile.in",
    writing "/home/travis/cg/ModularCodeGen5_A_A.mk"
Using ptolemy/cg/kernel/generic/program/procedural/java/modular/makefile.in
In "/home/travis/cg", about to execute:
    make -f ModularCodeGen5_A_A.mk
javac -classpath ".:.."    ModularCodeGen5_A_A.java
All Done
In "/home/travis/cg", about to execute:
    pwd
In "/home/travis/cg", about to execute:
    ls -l
/home/travis/cg
In "/home/travis/cg", about to execute:
    javac -classpath
.:/home/travis/build/icyphy/ptII:/home/travis/build/icyphy/ptII/lib/bsh-2.0b4.j
ar:/home/travis/build/icyphy/ptII/lib/ptCal.jar:/home/travis/build/icyphy/ptII/
lib/java_cup.jar:/home/travis/build/icyphy/ptII/lib/saxon8.jar:/home/travis/bui
ld/icyphy/ptII/lib/saxon8-dom.jar:/home/travis/build/icyphy/ptII/lib/chic.jar:/
home/travis/build/icyphy/ptII/lib/ptcolt.jar:/usr/lib/jvm/java-8-oracle/lib/too
ls.jar:/home/travis/build/icyphy/ptII/vendors/misc/itext/iText.jar:/home/travis
/build/icyphy/ptII/lib/g4ltl.jar:/home/travis/build/icyphy/ptII/lib/StructuralC
oder.jar:/home/travis/build/icyphy/ptII/vendors/jai-1_1_2_01/lib/jai_core.jar:/
home/travis/build/icyphy/ptII/vendors/jai-1_1_2_01/lib/jai_codec.jar:/home/trav
is/build/icyphy/ptII/lib/jcerti.jar:/home/travis/build/icyphy/ptII/lib/javax.ma
il.jar:/home/travis/build/icyphy/ptII/vendors/JMF-2.1.1e/lib/jmf.jar:/home/trav
is/build/icyphy/ptII/lib/jna-4.0.0-variadic.jar:/home/travis/build/icyphy/ptII/
vendors/misc/joystick/Joystick.jar:/home/travis/build/icyphy/ptII/lib/ptjacl.ja
r:/home/travis/build/icyphy/ptII/lib/jsoup-1.8.2.jar:/home/travis/build/icyphy/
ptII/lib/junit-4.8.2.jar:/home/travis/build/icyphy/ptII/lib/JUnitParams-0.4.0.j
ar:/home/travis/build/icyphy/ptII/ptolemy/actor/lib/excel/jxl.jar:/home/travis/
build/icyphy/ptII/lib/jython.jar:/home/travis/build/icyphy/ptII/lib/kieler.jar:
/home/travis/build/icyphy/ptII/vendors/opencv/share/OpenCV/java/opencv-341.jar:
/home/travis/build/icyphy/ptII/lib/oscP5.jar:/home/travis/build/icyphy/ptII/lib
/nrjavaserial-3.11.0.devel.jar:/home/travis/build/icyphy/ptII/vendors/j3d/lib/j
3dcore.jar:/home/travis/build/icyphy/ptII/vendors/j3d/lib/j3dutils.jar:/home/tr
avis/build/icyphy/ptII/vendors/j3d/lib/vecmath.jar:/home/travis/build/icyphy/pt
II/ptolemy/distributed/jini/jar/jini-core.jar:/home/travis/build/icyphy/ptII/pt
olemy/distributed/jini/jar/jini-ext.jar:/home/travis/build/icyphy/ptII/ptolemy/
distributed/jini/jar/sun-util.jar:/home/travis/build/icyphy/ptII/lib/protobuf-j
ava-2.4.1.jar:/home/travis/build/icyphy/ptII/lib/org.eclipse.paho.client.mqttv3
.jar:/home/travis/build/icyphy/ptII/lib/mapss.jar:/home/travis/build/icyphy/ptI
I/ptolemy/actor/ptalon/antlr/antlr.jar:/home/travis/build/icyphy/ptII/lib/JRI.j
ar:/home/travis/build/icyphy/ptII/lib/commons-lang-2.6.jar:/home/travis/build/i
cyphy/ptII/lib/commons-logging-1.1.1.jar:/home/travis/build/icyphy/ptII/lib/soo
tclasses.jar:/home/travis/build/icyphy/ptII/ptolemy/actor/lib/database/mysql-co
nnector-java-5.1.6-bin.jar:/home/travis/build/icyphy/ptII/vendors/misc/sphinx4/
sphinx4-data-5prealpha.jar:/home/travis/build/icyphy/ptII/vendors/misc/sphinx4/
sphinx4-core-5prealpha.jar:/home/travis/build/icyphy/ptII/lib/PDFRenderer.jar:/
home/travis/build/icyphy/ptII/lib/svgSalamander.jar:/home/travis/build/icyphy/p
tII/lib/rsyntaxtextarea-2.6.0-SNAPSHOT.jar:/home/travis/build/icyphy/ptII/lib/h
azelcast-3.8.2.jar:/home/travis/build/icyphy/ptII/lib/jackson-annotations-2.9.0
.jar:/home/travis/build/icyphy/ptII/lib/jackson-core-2.9.3.jar:/home/travis/bui
ld/icyphy/ptII/lib/jackson-databind-2.9.3.jar:/home/travis/build/icyphy/ptII/li
b/netty-buffer-4.1.19.Final.jar:/home/travis/build/icyphy/ptII/lib/netty-codec-
4.1.19.Final.jar:/home/travis/build/icyphy/ptII/lib/netty-codec-dns-4.1.19.Fina
l.jar:/home/travis/build/icyphy/ptII/lib/netty-codec-http-4.1.19.Final.jar:/hom
e/travis/build/icyphy/ptII/lib/netty-codec-http2-4.1.19.Final.jar:/home/travis/
build/icyphy/ptII/lib/netty-common-4.1.19.Final.jar:/home/travis/build/icyphy/p
tII/lib/netty-handler-4.1.19.Final.jar:/home/travis/build/icyphy/ptII/lib/netty
-resolver-4.1.19.Final.jar:/home/travis/build/icyphy/ptII/lib/netty-resolver-dn
s-4.1.19.Final.jar:/home/travis/build/icyphy/ptII/lib/netty-transport-4.1.19.Fi
nal.jar:/home/travis/build/icyphy/ptII/lib/vertx-codegen-3.5.1.jar:/home/travis
/build/icyphy/ptII/lib/vertx-core-3.5.2-SNAPSHOT.jar:/home/travis/build/icyphy/
ptII/lib/vertx-hazelcast-3.5.1.jar:/home/travis/build/icyphy/ptII/lib/vertx-lan
g-js-3.5.1.jar:/home/travis/build/icyphy/ptII/lib/vertx-service-proxy-3.5.1.jar
:/home/travis/build/icyphy/ptII/lib/vertx-web-3.5.1.jar:/home/travis/build/icyp
hy/ptII/lib/slf4j-api-1.7.13.jar:/home/travis/build/icyphy/ptII/lib/slf4j-simpl
e-1.7.13.jar:/home/travis/build/icyphy/ptII/lib/webcam-capture-0.3.12.jar:/home
/travis/build/icyphy/ptII/lib/bridj-0.7.0.jar:/home/travis/build/icyphy/ptII/li
b/xbjlib-1.1.0.nrjavaserial.jar:/home/travis/build/icyphy/ptII/ptolemy/moml/tes
t:/home/travis/build/icyphy/ptII/ant/lib/ant-launcher.jar:/home/travis/build/ic
yphy/ptII/ant/lib/ant.jar:/home/travis/build/icyphy/ptII/ant/lib/ant-junit.jar:
/home/travis/build/icyphy/ptII/ant/lib/ant-junit4.jar:/home/travis/build/icyphy
/ptII ModularCodeGen5_A_profile.java
total 1784
drwxrwxr-x   3 travis travis 12288 Jun 11 04:33 AbsoluteValue
drwxrwxr-x   3 travis travis 16384 Jun 11 04:33 Case1
drwxrwxr-x   3 travis travis 32768 Jun 11 04:33 Case2
-rw-rw-r--   1 travis travis  4895 Jun 11 04:37 CompiledCompositeActor_CompiledCompositeActor.class
-rw-rw-r--   1 travis travis  1592 Jun 11 04:37 CompiledCompositeActor_CompiledCompositeActor$_CompiledCompositeActor_CompiledCompositeActor.class
-rw-rw-r--   1 travis travis 13466 Jun 11 04:37 CompiledCompositeActor_CompiledCompositeActor.java
-rw-rw-r--   1 travis travis  1593 Jun 11 04:37 CompiledCompositeActor_CompiledCompositeActor.mk
drwxrwxr-x   3 travis travis 24576 Jun 11 04:35 DeScrambler
drwxrwxr-x   3 travis travis 16384 Jun 11 04:36 DotProduct
drwxrwxr-x   3 travis travis 12288 Jun 11 04:33 FileWriter1
drwxrwxr-x   3 travis travis 20480 Jun 11 04:32 FixToDoubleAndBack
drwxrwxr-x   3 travis travis 16384 Jun 11 04:33 Gaussian1
drwxrwxr-x   3 travis travis 20480 Jun 11 04:33 Gaussian2
-rw-rw-r--   1 travis travis  4457 Jun 11 04:37 JavaCompiledCompositeTest1_CompiledCompositeActor.class
-rw-rw-r--   1 travis travis 11637 Jun 11 04:37 JavaCompiledCompositeTest1_CompiledCompositeActor.java
-rw-rw-r--   1 travis travis  1198 Jun 11 04:37 JavaCompiledCompositeTest1_CompiledCompositeActor$_JavaCompiledCompositeTest1_CompiledCompositeActor.class
-rw-rw-r--   1 travis travis  1625 Jun 11 04:37 JavaCompiledCompositeTest1_CompiledCompositeActor.mk
-rw-rw-r--   1 travis travis  4888 Jun 11 04:37 JavaCompiledCompositeTest2_CompiledCompositeActor.class
-rw-rw-r--   1 travis travis 14919 Jun 11 04:37 JavaCompiledCompositeTest2_CompiledCompositeActor.java
-rw-rw-r--   1 travis travis  1793 Jun 11 04:37 JavaCompiledCompositeTest2_CompiledCompositeActor$_JavaCompiledCompositeTest2_CompiledCompositeActor.class
-rw-rw-r--   1 travis travis  1625 Jun 11 04:37 JavaCompiledCompositeTest2_CompiledCompositeActor.mk
-rw-rw-r--   1 travis travis  4505 Jun 11 04:37 JavaCompiledCompositeTest3_CompiledCompositeActor.class
-rw-rw-r--   1 travis travis 13080 Jun 11 04:37 JavaCompiledCompositeTest3_CompiledCompositeActor.java
-rw-rw-r--   1 travis travis  1378 Jun 11 04:37 JavaCompiledCompositeTest3_CompiledCompositeActor$_JavaCompiledCompositeTest3_CompiledCompositeActor.class
-rw-rw-r--   1 travis travis  1625 Jun 11 04:37 JavaCompiledCompositeTest3_CompiledCompositeActor.mk
-rw-rw-r--   1 travis travis  3953 Jun 11 04:37 JavaCompiledCompositeTest4_CompiledCompositeActor.class
-rw-rw-r--   1 travis travis  9687 Jun 11 04:37 JavaCompiledCompositeTest4_CompiledCompositeActor.java
-rw-rw-r--   1 travis travis   857 Jun 11 04:37 JavaCompiledCompositeTest4_CompiledCompositeActor$_JavaCompiledCompositeTest4_CompiledCompositeActor.class
-rw-rw-r--   1 travis travis  1625 Jun 11 04:37 JavaCompiledCompositeTest4_CompiledCompositeActor.mk
drwxrwxr-x   3 travis travis 12288 Jun 11 04:33 LookupTable
drwxrwxr-x   3 travis travis 20480 Jun 11 04:34 MaxIndex
-rw-rw-r--   1 travis travis  3693 Jun 11 04:37 ModularCG_A1_B1.class
-rw-rw-r--   1 travis travis  9730 Jun 11 04:37 ModularCG_A1_B1.java
-rw-rw-r--   1 travis travis   832 Jun 11 04:37 ModularCG_A1_B1.mk
-rw-rw-r--   1 travis travis  1318 Jun 11 04:37 ModularCG_A1_B1_profile.class
-rw-rw-r--   1 travis travis  1262 Jun 11 04:37 ModularCG_A1_B1_profile.java
-rw-rw-r--   1 travis travis  3693 Jun 11 04:37 ModularCG_A1_B2.class
-rw-rw-r--   1 travis travis  9730 Jun 11 04:37 ModularCG_A1_B2.java
-rw-rw-r--   1 travis travis   832 Jun 11 04:37 ModularCG_A1_B2.mk
-rw-rw-r--   1 travis travis  1318 Jun 11 04:37 ModularCG_A1_B2_profile.class
-rw-rw-r--   1 travis travis  1262 Jun 11 04:37 ModularCG_A1_B2_profile.java
-rw-rw-r--   1 travis travis  4799 Jun 11 04:37 ModularCG_A1.class
-rw-rw-r--   1 travis travis 14742 Jun 11 04:37 ModularCG_A1.java
-rw-rw-r--   1 travis travis   808 Jun 11 04:37 ModularCG_A1.mk
-rw-rw-r--   1 travis travis  1433 Jun 11 04:37 ModularCG_A1_profile.class
-rw-rw-r--   1 travis travis  1704 Jun 11 04:37 ModularCG_A1_profile.java
-rw-rw-r--   1 travis travis  3827 Jun 11 04:37 ModularCG_A2_B1.class
-rw-rw-r--   1 travis travis 10667 Jun 11 04:37 ModularCG_A2_B1.java
-rw-rw-r--   1 travis travis   832 Jun 11 04:37 ModularCG_A2_B1.mk
-rw-rw-r--   1 travis travis  1381 Jun 11 04:37 ModularCG_A2_B1_profile.class
-rw-rw-r--   1 travis travis  1446 Jun 11 04:37 ModularCG_A2_B1_profile.java
-rw-rw-r--   1 travis travis  3693 Jun 11 04:37 ModularCG_A2_B2.class
-rw-rw-r--   1 travis travis  9730 Jun 11 04:37 ModularCG_A2_B2.java
-rw-rw-r--   1 travis travis   832 Jun 11 04:37 ModularCG_A2_B2.mk
-rw-rw-r--   1 travis travis  1318 Jun 11 04:37 ModularCG_A2_B2_profile.class
-rw-rw-r--   1 travis travis  1262 Jun 11 04:37 ModularCG_A2_B2_profile.java
-rw-rw-r--   1 travis travis  4870 Jun 11 04:37 ModularCG_A2.class
-rw-rw-r--   1 travis travis 15129 Jun 11 04:37 ModularCG_A2.java
-rw-rw-r--   1 travis travis   808 Jun 11 04:37 ModularCG_A2.mk
-rw-rw-r--   1 travis travis  1433 Jun 11 04:37 ModularCG_A2_profile.class
-rw-rw-r--   1 travis travis  1704 Jun 11 04:37 ModularCG_A2_profile.java
-rw-rw-r--   1 travis travis  3473 Jun 11 04:37 ModularCGPubSub_A1_A2.class
-rw-rw-r--   1 travis travis  9076 Jun 11 04:37 ModularCGPubSub_A1_A2.java
-rw-rw-r--   1 travis travis   880 Jun 11 04:37 ModularCGPubSub_A1_A2.mk
-rw-rw-r--   1 travis travis  1300 Jun 11 04:37 ModularCGPubSub_A1_A2_profile.class
-rw-rw-r--   1 travis travis  1222 Jun 11 04:37 ModularCGPubSub_A1_A2_profile.java
-rw-rw-r--   1 travis travis  3790 Jun 11 04:37 ModularCGPubSub_A1.class
-rw-rw-r--   1 travis travis  9836 Jun 11 04:37 ModularCGPubSub_A1.java
-rw-rw-r--   1 travis travis   856 Jun 11 04:37 ModularCGPubSub_A1.mk
-rw-rw-r--   1 travis travis  1346 Jun 11 04:37 ModularCGPubSub_A1_profile.class
-rw-rw-r--   1 travis travis  1388 Jun 11 04:37 ModularCGPubSub_A1_profile.java
-rw-rw-r--   1 travis travis  3988 Jun 11 04:38 ModularCodeGen2_ModularCodeGenTypedCompositeActor.class
-rw-rw-r--   1 travis travis 11690 Jun 11 04:38 ModularCodeGen2_ModularCodeGenTypedCompositeActor.java
-rw-rw-r--   1 travis travis  1104 Jun 11 04:38 ModularCodeGen2_ModularCodeGenTypedCompositeActor.mk
-rw-rw-r--   1 travis travis  4272 Jun 11 04:38 ModularCodeGen2_ModularCodeGenTypedCompositeActor_ModularCodeGenTypedCompositeActor.class
-rw-rw-r--   1 travis travis 11790 Jun 11 04:37 ModularCodeGen2_ModularCodeGenTypedCompositeActor_ModularCodeGenTypedCompositeActor.java
-rw-rw-r--   1 travis travis  1376 Jun 11 04:37 ModularCodeGen2_ModularCodeGenTypedCompositeActor_ModularCodeGenTypedCompositeActor.mk
-rw-rw-r--   1 travis travis  1421 Jun 11 04:37 ModularCodeGen2_ModularCodeGenTypedCompositeActor_ModularCodeGenTypedCompositeActor_profile.class
-rw-rw-r--   1 travis travis  1294 Jun 11 04:37 ModularCodeGen2_ModularCodeGenTypedCompositeActor_ModularCodeGenTypedCompositeActor_profile.java
-rw-rw-r--   1 travis travis   820 Jun 11 04:38 ModularCodeGen2_ModularCodeGenTypedCompositeActor_profile.class
-rw-rw-r--   1 travis travis   693 Jun 11 04:38 ModularCodeGen2_ModularCodeGenTypedCompositeActor_profile.java
-rw-rw-r--   1 travis travis  3741 Jun 11 04:38 ModularCodeGen3_A1_B1.class
-rw-rw-r--   1 travis travis  9958 Jun 11 04:38 ModularCodeGen3_A1_B1.java
-rw-rw-r--   1 travis travis   880 Jun 11 04:38 ModularCodeGen3_A1_B1.mk
-rw-rw-r--   1 travis travis  1330 Jun 11 04:38 ModularCodeGen3_A1_B1_profile.class
-rw-rw-r--   1 travis travis  1274 Jun 11 04:38 ModularCodeGen3_A1_B1_profile.java
-rw-rw-r--   1 travis travis  3741 Jun 11 04:38 ModularCodeGen3_A1_B2.class
-rw-rw-r--   1 travis travis  9958 Jun 11 04:38 ModularCodeGen3_A1_B2.java
-rw-rw-r--   1 travis travis   880 Jun 11 04:38 ModularCodeGen3_A1_B2.mk
-rw-rw-r--   1 travis travis  1330 Jun 11 04:38 ModularCodeGen3_A1_B2_profile.class
-rw-rw-r--   1 travis travis  1274 Jun 11 04:38 ModularCodeGen3_A1_B2_profile.java
-rw-rw-r--   1 travis travis  4961 Jun 11 04:38 ModularCodeGen3_A1.class
-rw-rw-r--   1 travis travis 15564 Jun 11 04:38 ModularCodeGen3_A1.java
-rw-rw-r--   1 travis travis   856 Jun 11 04:38 ModularCodeGen3_A1.mk
-rw-rw-r--   1 travis travis  1445 Jun 11 04:38 ModularCodeGen3_A1_profile.class
-rw-rw-r--   1 travis travis  1716 Jun 11 04:38 ModularCodeGen3_A1_profile.java
-rw-rw-r--   1 travis travis  3887 Jun 11 04:38 ModularCodeGen3_A2_B1.class
-rw-rw-r--   1 travis travis 10955 Jun 11 04:38 ModularCodeGen3_A2_B1.java
-rw-rw-r--   1 travis travis   880 Jun 11 04:38 ModularCodeGen3_A2_B1.mk
-rw-rw-r--   1 travis travis  1393 Jun 11 04:38 ModularCodeGen3_A2_B1_profile.class
-rw-rw-r--   1 travis travis  1458 Jun 11 04:38 ModularCodeGen3_A2_B1_profile.java
-rw-rw-r--   1 travis travis  3741 Jun 11 04:38 ModularCodeGen3_A2_B2.class
-rw-rw-r--   1 travis travis  9958 Jun 11 04:38 ModularCodeGen3_A2_B2.java
-rw-rw-r--   1 travis travis   880 Jun 11 04:38 ModularCodeGen3_A2_B2.mk
-rw-rw-r--   1 travis travis  1330 Jun 11 04:38 ModularCodeGen3_A2_B2_profile.class
-rw-rw-r--   1 travis travis  1274 Jun 11 04:38 ModularCodeGen3_A2_B2_profile.java
-rw-rw-r--   1 travis travis  5038 Jun 11 04:38 ModularCodeGen3_A2.class
-rw-rw-r--   1 travis travis 15957 Jun 11 04:38 ModularCodeGen3_A2.java
-rw-rw-r--   1 travis travis   856 Jun 11 04:38 ModularCodeGen3_A2.mk
-rw-rw-r--   1 travis travis  1445 Jun 11 04:38 ModularCodeGen3_A2_profile.class
-rw-rw-r--   1 travis travis  1716 Jun 11 04:38 ModularCodeGen3_A2_profile.java
-rw-rw-r--   1 travis travis  3794 Jun 11 04:38 ModularCodeGen4_A1_B1.class
-rw-rw-r--   1 travis travis 10312 Jun 11 04:38 ModularCodeGen4_A1_B1.java
-rw-rw-r--   1 travis travis   880 Jun 11 04:38 ModularCodeGen4_A1_B1.mk
-rw-rw-r--   1 travis travis  1330 Jun 11 04:38 ModularCodeGen4_A1_B1_profile.class
-rw-rw-r--   1 travis travis  1273 Jun 11 04:38 ModularCodeGen4_A1_B1_profile.java
-rw-rw-r--   1 travis travis  3794 Jun 11 04:38 ModularCodeGen4_A1_B2.class
-rw-rw-r--   1 travis travis 10312 Jun 11 04:38 ModularCodeGen4_A1_B2.java
-rw-rw-r--   1 travis travis   880 Jun 11 04:38 ModularCodeGen4_A1_B2.mk
-rw-rw-r--   1 travis travis  1330 Jun 11 04:38 ModularCodeGen4_A1_B2_profile.class
-rw-rw-r--   1 travis travis  1273 Jun 11 04:38 ModularCodeGen4_A1_B2_profile.java
-rw-rw-r--   1 travis travis  5101 Jun 11 04:38 ModularCodeGen4_A1.class
-rw-rw-r--   1 travis travis 16245 Jun 11 04:38 ModularCodeGen4_A1.java
-rw-rw-r--   1 travis travis   856 Jun 11 04:38 ModularCodeGen4_A1.mk
-rw-rw-r--   1 travis travis  1445 Jun 11 04:38 ModularCodeGen4_A1_profile.class
-rw-rw-r--   1 travis travis  1712 Jun 11 04:38 ModularCodeGen4_A1_profile.java
-rw-rw-r--   1 travis travis  3988 Jun 11 04:38 ModularCodeGen4_A2_B1.class
-rw-rw-r--   1 travis travis 11375 Jun 11 04:38 ModularCodeGen4_A2_B1.java
-rw-rw-r--   1 travis travis   880 Jun 11 04:38 ModularCodeGen4_A2_B1.mk
-rw-rw-r--   1 travis travis  1393 Jun 11 04:38 ModularCodeGen4_A2_B1_profile.class
-rw-rw-r--   1 travis travis  1454 Jun 11 04:38 ModularCodeGen4_A2_B1_profile.java
-rw-rw-r--   1 travis travis  3842 Jun 11 04:38 ModularCodeGen4_A2_B2.class
-rw-rw-r--   1 travis travis 10378 Jun 11 04:38 ModularCodeGen4_A2_B2.java
-rw-rw-r--   1 travis travis   880 Jun 11 04:38 ModularCodeGen4_A2_B2.mk
-rw-rw-r--   1 travis travis  1330 Jun 11 04:38 ModularCodeGen4_A2_B2_profile.class
-rw-rw-r--   1 travis travis  1270 Jun 11 04:38 ModularCodeGen4_A2_B2_profile.java
-rw-rw-r--   1 travis travis  5274 Jun 11 04:38 ModularCodeGen4_A2.class
-rw-rw-r--   1 travis travis 16770 Jun 11 04:38 ModularCodeGen4_A2.java
-rw-rw-r--   1 travis travis   856 Jun 11 04:38 ModularCodeGen4_A2.mk
-rw-rw-r--   1 travis travis  1445 Jun 11 04:38 ModularCodeGen4_A2_profile.class
-rw-rw-r--   1 travis travis  1712 Jun 11 04:38 ModularCodeGen4_A2_profile.java
-rw-rw-r--   1 travis travis  6838 Jun 11 04:38 ModularCodeGen5_A_A.class
-rw-rw-r--   1 travis travis 28721 Jun 11 04:38 ModularCodeGen5_A_A.java
-rw-rw-r--   1 travis travis   864 Jun 11 04:38 ModularCodeGen5_A_A.mk
-rw-rw-r--   1 travis travis  1520 Jun 11 04:38 ModularCodeGen5_A_A_profile.class
-rw-rw-r--   1 travis travis  1815 Jun 11 04:38 ModularCodeGen5_A_A_profile.java
-rw-rw-r--   1 travis travis  1605 Jun 11 04:38 ModularCodeGen5_A_profile.java
-rw-rw-r--   1 travis travis  3954 Jun 11 04:37 ModularCodeGen_ModularCodeGenTypedCompositeActor.class
-rw-rw-r--   1 travis travis 10970 Jun 11 04:37 ModularCodeGen_ModularCodeGenTypedCompositeActor.java
-rw-rw-r--   1 travis travis  1096 Jun 11 04:37 ModularCodeGen_ModularCodeGenTypedCompositeActor.mk
-rw-rw-r--   1 travis travis  1384 Jun 11 04:37 ModularCodeGen_ModularCodeGenTypedCompositeActor_profile.class
-rw-rw-r--   1 travis travis  1328 Jun 11 04:37 ModularCodeGen_ModularCodeGenTypedCompositeActor_profile.java
-rw-rw-r--   1 travis travis  3492 Jun 11 04:37 ModularCodeGenTest_A1_A2.class
-rw-rw-r--   1 travis travis   904 Jun 11 04:37 ModularCodeGenTest_A1_A2.mk
-rw-rw-r--   1 travis travis  1306 Jun 11 04:37 ModularCodeGenTest_A1_A2_profile.class
-rw-rw-r--   1 travis travis  3823 Jun 11 04:37 ModularCodeGenTest_A1.class
-rw-rw-r--   1 travis travis  9968 Jun 11 04:37 ModularCodeGenTest_A1.java
-rw-rw-r--   1 travis travis   880 Jun 11 04:37 ModularCodeGenTest_A1.mk
-rw-rw-r--   1 travis travis  1352 Jun 11 04:37 ModularCodeGenTest_A1_profile.class
-rw-rw-r--   1 travis travis  1394 Jun 11 04:37 ModularCodeGenTest_A1_profile.java
drwxrwxr-x   3 travis travis 36864 Jun 11 04:37 modulation2
drwxrwxr-x   3 travis travis 20480 Jun 11 04:34 Multiplexor
drwxrwxr-x 242 travis travis 12288 Jun 11 04:37 node_modules
drwxrwxr-x   3 travis travis 20480 Jun 11 04:34 PhaseUnwrap
-rw-rw-r--   1 travis travis   520 Jun 11 04:37 Repeat$_fireFunction_Repeat_Repeat$__f_sL_0.class
-rw-rw-r--   1 travis travis   522 Jun 11 04:37 Repeat$_fireFunction_Repeat_Repeat$__f_sL_10.class
-rw-rw-r--   1 travis travis   666 Jun 11 04:37 Repeat$_fireFunction_Repeat_Repeat$__f_sL_11.class
-rw-rw-r--   1 travis travis   522 Jun 11 04:37 Repeat$_fireFunction_Repeat_Repeat$__f_sL_13.class
-rw-rw-r--   1 travis travis   665 Jun 11 04:37 Repeat$_fireFunction_Repeat_Repeat$__f_sL_1.class
-rw-rw-r--   1 travis travis   520 Jun 11 04:37 Repeat$_fireFunction_Repeat_Repeat$__f_sL_2.class
-rw-rw-r--   1 travis travis   520 Jun 11 04:37 Repeat$_fireFunction_Repeat_Repeat$__f_sL_3.class
-rw-rw-r--   1 travis travis   520 Jun 11 04:37 Repeat$_fireFunction_Repeat_Repeat$__f_sL_5.class
-rw-rw-r--   1 travis travis   671 Jun 11 04:37 Repeat$_fireFunction_Repeat_Repeat$__f_sL_7.class
-rw-rw-r--   1 travis travis   520 Jun 11 04:37 Repeat$_fireFunction_Repeat_Repeat$__f_sL_9.class
-rw-rw-r--   1 travis travis   813 Jun 11 04:37 Repeat$_initialize_Repeat.class
-rw-rw-r--   1 travis travis   475 Jun 11 04:37 Repeat$_initialize_Repeat$__i_sL_0.class
-rw-rw-r--   1 travis travis   519 Jun 11 04:37 Repeat$_initialize_Repeat$__i_sL_3.class
-rw-rw-r--   1 travis travis 39778 Jun 11 04:37 Repeat.java
-rw-rw-r--   1 travis travis  1281 Jun 11 04:37 Repeat.mk
-rw-rw-r--   1 travis travis   520 Jun 11 04:37 Repeat$_preinitializeMethod_Repeat$__p_sL_0.class
-rw-rw-r--   1 travis travis   520 Jun 11 04:37 Repeat$_preinitializeMethod_Repeat$__p_sL_1.class
-rw-rw-r--   1 travis travis  1083 Jun 11 04:37 Repeat$_Repeat$_fireFunction_Repeat_AddSubtract_Repeat.class
-rw-rw-r--   1 travis travis   791 Jun 11 04:37 Repeat$_Repeat$_fireFunction_Repeat_AddSubtract_Repeat$__f_sL_0.class
-rw-rw-r--   1 travis travis   909 Jun 11 04:37 Repeat$_Repeat$_fireFunction_Repeat_AddSubtract_Repeat$__f_sL_1.class
-rw-rw-r--   1 travis travis   915 Jun 11 04:37 Repeat$_Repeat$_fireFunction_Repeat_AddSubtract_Repeat$__f_sL_2.class
-rw-rw-r--   1 travis travis   838 Jun 11 04:37 Repeat$_Repeat$_fireFunction_Repeat_Ramp2_Repeat$__f_sL_1.class
-rw-rw-r--   1 travis travis  1785 Jun 11 04:37 Repeat$_Repeat$_fireFunction_Repeat_Test_Repeat$__f_sL_2.class
-rw-rw-r--   1 travis travis   685 Jun 11 04:37 Repeat$_Repeat_SDF_Director_run_Repeat$__R_sL_0.class
-rw-rw-r--   1 travis travis   540 Jun 11 04:37 Repeat$_Repeat_SDF_Director_run_Repeat$__R_sL_1.class
-rw-rw-r--   1 travis travis   540 Jun 11 04:37 Repeat$_Repeat_SDF_Director_run_Repeat$__R_sL_2.class
-rw-rw-r--   1 travis travis   540 Jun 11 04:37 Repeat$_Repeat_SDF_Director_run_Repeat$__R_sL_4.class
-rw-rw-r--   1 travis travis   540 Jun 11 04:37 Repeat$_Repeat_SDF_Director_run_Repeat$__R_sL_5.class
-rw-rw-r--   1 travis travis   691 Jun 11 04:37 Repeat$_Repeat_SDF_Director_run_Repeat$__R_sL_6.class
-rw-rw-r--   1 travis travis   540 Jun 11 04:37 Repeat$_Repeat_SDF_Director_run_Repeat$__R_sL_7.class
-rw-rw-r--   1 travis travis   863 Jun 11 04:37 Repeat$_varinit_Repeat.class
-rw-rw-r--   1 travis travis   530 Jun 11 04:37 Repeat$_varinit_Repeat$__v_sL_1.class
-rw-rw-r--   1 travis travis   531 Jun 11 04:37 Repeat$_varinit_Repeat$__v_sL_2.class
-rw-rw-r--   1 travis travis   905 Jun 11 04:37 Repeat$_varinit_Repeat$__v_sL_4.class
-rw-rw-r--   1 travis travis   635 Jun 11 04:37 Repeat$_wrapup_Repeat.class
-rw-rw-r--   1 travis travis   965 Jun 11 04:37 Repeat$_wrapup_Repeat$__w_sL_1.class
-rw-rw-r--   1 travis travis   289 Jun 11 04:32 result.csv
drwxrwxr-x   3 travis travis 12288 Jun 11 04:35 Scrambler1
drwxrwxr-x   3 travis travis 20480 Jun 11 04:34 Sinewave2
drwxrwxr-x   3 travis travis 69632 Jun 11 04:35 StringCompare
drwxrwxr-x   3 travis travis 32768 Jun 11 04:35 StringFunction
drwxrwxr-x   3 travis travis 12288 Jun 11 04:35 StringLength
drwxrwxr-x   3 travis travis 57344 Jun 11 04:36 StringSimpleReplace
drwxrwxr-x   3 travis travis 12288 Jun 11 04:37 time2
drwxrwxr-x   3 travis travis 12288 Jun 11 04:37 time5
-rw-rw-r--   1 travis travis   432 Jun 11 04:38 Token.class
-rw-rw-r--   1 travis travis   251 Jun 11 04:38 Token.java
-rw-rw-r--   1 travis travis     0 Jun 11 04:37 top.
-rw-rw-r--   1 travis travis 20502 Jun 11 04:32 top.c
-rw-rw-r--   1 travis travis  3567 Jun 11 04:37 top.class
-rw-rw-r--   1 travis travis   169 Jun 11 04:32 top.html
-rw-rw-r--   1 travis travis  7552 Jun 11 04:37 top.java
-rw-rw-r--   1 travis travis 38888 Jun 11 04:32 top.o
drwxrwxr-x   3 travis travis 57344 Jun 11 04:34 UnaryMathFunction
All Done
Writing ModularCodeGen5_A.java in file:/home/travis/cg/ (13769 characters)
Reading "ptolemy/cg/kernel/generic/program/procedural/java/modular/makefile.in",
    writing "/home/travis/cg/ModularCodeGen5_A.mk"
Using ptolemy/cg/kernel/generic/program/procedural/java/modular/makefile.in
In "/home/travis/cg", about to execute:
    make -f ModularCodeGen5_A.mk
javac -classpath ".:.."    ModularCodeGen5_A.java
All Done
4562 ms. Memory: 158208K Free: 84438K (53%)
----------------- Invoking toplevel() on ptolemy.moml.MoMLSimpleApplication@7b557b6a
----------------- Done invoking toplevel() on ptolemy.moml.MoMLSimpleApplication@7b557b6a
reloadAllAccessors: .ModularCodeGen5

===========================================================================================
----------------- testing Tue Jun 11 04:38:31 UTC 2019 /home/travis/build/icyphy/ptII/ptolemy/cg/lib/test/auto/ModularCodeGen6.xml
----------------- Instantiating /home/travis/build/icyphy/ptII/ptolemy/cg/lib/test/auto/ModularCodeGen6.xml
In "/home/travis/cg", about to execute:
    pwd
In "/home/travis/cg", about to execute:
    ls -l
/home/travis/cg
In "/home/travis/cg", about to execute:
    javac -classpath
.:/home/travis/build/icyphy/ptII:/home/travis/build/icyphy/ptII/lib/bsh-2.0b4.j
ar:/home/travis/build/icyphy/ptII/lib/ptCal.jar:/home/travis/build/icyphy/ptII/
lib/java_cup.jar:/home/travis/build/icyphy/ptII/lib/saxon8.jar:/home/travis/bui
ld/icyphy/ptII/lib/saxon8-dom.jar:/home/travis/build/icyphy/ptII/lib/chic.jar:/
home/travis/build/icyphy/ptII/lib/ptcolt.jar:/usr/lib/jvm/java-8-oracle/lib/too
ls.jar:/home/travis/build/icyphy/ptII/vendors/misc/itext/iText.jar:/home/travis
/build/icyphy/ptII/lib/g4ltl.jar:/home/travis/build/icyphy/ptII/lib/StructuralC
oder.jar:/home/travis/build/icyphy/ptII/vendors/jai-1_1_2_01/lib/jai_core.jar:/
home/travis/build/icyphy/ptII/vendors/jai-1_1_2_01/lib/jai_codec.jar:/home/trav
is/build/icyphy/ptII/lib/jcerti.jar:/home/travis/build/icyphy/ptII/lib/javax.ma
il.jar:/home/travis/build/icyphy/ptII/vendors/JMF-2.1.1e/lib/jmf.jar:/home/trav
is/build/icyphy/ptII/lib/jna-4.0.0-variadic.jar:/home/travis/build/icyphy/ptII/
vendors/misc/joystick/Joystick.jar:/home/travis/build/icyphy/ptII/lib/ptjacl.ja
r:/home/travis/build/icyphy/ptII/lib/jsoup-1.8.2.jar:/home/travis/build/icyphy/
ptII/lib/junit-4.8.2.jar:/home/travis/build/icyphy/ptII/lib/JUnitParams-0.4.0.j
ar:/home/travis/build/icyphy/ptII/ptolemy/actor/lib/excel/jxl.jar:/home/travis/
build/icyphy/ptII/lib/jython.jar:/home/travis/build/icyphy/ptII/lib/kieler.jar:
/home/travis/build/icyphy/ptII/vendors/opencv/share/OpenCV/java/opencv-341.jar:
/home/travis/build/icyphy/ptII/lib/oscP5.jar:/home/travis/build/icyphy/ptII/lib
/nrjavaserial-3.11.0.devel.jar:/home/travis/build/icyphy/ptII/vendors/j3d/lib/j
3dcore.jar:/home/travis/build/icyphy/ptII/vendors/j3d/lib/j3dutils.jar:/home/tr
avis/build/icyphy/ptII/vendors/j3d/lib/vecmath.jar:/home/travis/build/icyphy/pt
II/ptolemy/distributed/jini/jar/jini-core.jar:/home/travis/build/icyphy/ptII/pt
olemy/distributed/jini/jar/jini-ext.jar:/home/travis/build/icyphy/ptII/ptolemy/
distributed/jini/jar/sun-util.jar:/home/travis/build/icyphy/ptII/lib/protobuf-j
ava-2.4.1.jar:/home/travis/build/icyphy/ptII/lib/org.eclipse.paho.client.mqttv3
.jar:/home/travis/build/icyphy/ptII/lib/mapss.jar:/home/travis/build/icyphy/ptI
I/ptolemy/actor/ptalon/antlr/antlr.jar:/home/travis/build/icyphy/ptII/lib/JRI.j
ar:/home/travis/build/icyphy/ptII/lib/commons-lang-2.6.jar:/home/travis/build/i
cyphy/ptII/lib/commons-logging-1.1.1.jar:/home/travis/build/icyphy/ptII/lib/soo
tclasses.jar:/home/travis/build/icyphy/ptII/ptolemy/actor/lib/database/mysql-co
nnector-java-5.1.6-bin.jar:/home/travis/build/icyphy/ptII/vendors/misc/sphinx4/
sphinx4-data-5prealpha.jar:/home/travis/build/icyphy/ptII/vendors/misc/sphinx4/
sphinx4-core-5prealpha.jar:/home/travis/build/icyphy/ptII/lib/PDFRenderer.jar:/
home/travis/build/icyphy/ptII/lib/svgSalamander.jar:/home/travis/build/icyphy/p
tII/lib/rsyntaxtextarea-2.6.0-SNAPSHOT.jar:/home/travis/build/icyphy/ptII/lib/h
azelcast-3.8.2.jar:/home/travis/build/icyphy/ptII/lib/jackson-annotations-2.9.0
.jar:/home/travis/build/icyphy/ptII/lib/jackson-core-2.9.3.jar:/home/travis/bui
ld/icyphy/ptII/lib/jackson-databind-2.9.3.jar:/home/travis/build/icyphy/ptII/li
b/netty-buffer-4.1.19.Final.jar:/home/travis/build/icyphy/ptII/lib/netty-codec-
4.1.19.Final.jar:/home/travis/build/icyphy/ptII/lib/netty-codec-dns-4.1.19.Fina
l.jar:/home/travis/build/icyphy/ptII/lib/netty-codec-http-4.1.19.Final.jar:/hom
e/travis/build/icyphy/ptII/lib/netty-codec-http2-4.1.19.Final.jar:/home/travis/
build/icyphy/ptII/lib/netty-common-4.1.19.Final.jar:/home/travis/build/icyphy/p
tII/lib/netty-handler-4.1.19.Final.jar:/home/travis/build/icyphy/ptII/lib/netty
-resolver-4.1.19.Final.jar:/home/travis/build/icyphy/ptII/lib/netty-resolver-dn
s-4.1.19.Final.jar:/home/travis/build/icyphy/ptII/lib/netty-transport-4.1.19.Fi
nal.jar:/home/travis/build/icyphy/ptII/lib/vertx-codegen-3.5.1.jar:/home/travis
/build/icyphy/ptII/lib/vertx-core-3.5.2-SNAPSHOT.jar:/home/travis/build/icyphy/
ptII/lib/vertx-hazelcast-3.5.1.jar:/home/travis/build/icyphy/ptII/lib/vertx-lan
g-js-3.5.1.jar:/home/travis/build/icyphy/ptII/lib/vertx-service-proxy-3.5.1.jar
:/home/travis/build/icyphy/ptII/lib/vertx-web-3.5.1.jar:/home/travis/build/icyp
hy/ptII/lib/slf4j-api-1.7.13.jar:/home/travis/build/icyphy/ptII/lib/slf4j-simpl
e-1.7.13.jar:/home/travis/build/icyphy/ptII/lib/webcam-capture-0.3.12.jar:/home
/travis/build/icyphy/ptII/lib/bridj-0.7.0.jar:/home/travis/build/icyphy/ptII/li
b/xbjlib-1.1.0.nrjavaserial.jar:/home/travis/build/icyphy/ptII/ptolemy/moml/tes
t:/home/travis/build/icyphy/ptII/ant/lib/ant-launcher.jar:/home/travis/build/ic
yphy/ptII/ant/lib/ant.jar:/home/travis/build/icyphy/ptII/ant/lib/ant-junit.jar:
/home/travis/build/icyphy/ptII/ant/lib/ant-junit4.jar:/home/travis/build/icyphy
/ptII ModularCodeGen6_A_A_profile.java
total 1820
drwxrwxr-x   3 travis travis 12288 Jun 11 04:33 AbsoluteValue
drwxrwxr-x   3 travis travis 16384 Jun 11 04:33 Case1
drwxrwxr-x   3 travis travis 32768 Jun 11 04:33 Case2
-rw-rw-r--   1 travis travis  4895 Jun 11 04:37 CompiledCompositeActor_CompiledCompositeActor.class
-rw-rw-r--   1 travis travis  1592 Jun 11 04:37 CompiledCompositeActor_CompiledCompositeActor$_CompiledCompositeActor_CompiledCompositeActor.class
-rw-rw-r--   1 travis travis 13466 Jun 11 04:37 CompiledCompositeActor_CompiledCompositeActor.java
-rw-rw-r--   1 travis travis  1593 Jun 11 04:37 CompiledCompositeActor_CompiledCompositeActor.mk
drwxrwxr-x   3 travis travis 24576 Jun 11 04:35 DeScrambler
drwxrwxr-x   3 travis travis 16384 Jun 11 04:36 DotProduct
drwxrwxr-x   3 travis travis 12288 Jun 11 04:33 FileWriter1
drwxrwxr-x   3 travis travis 20480 Jun 11 04:32 FixToDoubleAndBack
drwxrwxr-x   3 travis travis 16384 Jun 11 04:33 Gaussian1
drwxrwxr-x   3 travis travis 20480 Jun 11 04:33 Gaussian2
-rw-rw-r--   1 travis travis  4457 Jun 11 04:37 JavaCompiledCompositeTest1_CompiledCompositeActor.class
-rw-rw-r--   1 travis travis 11637 Jun 11 04:37 JavaCompiledCompositeTest1_CompiledCompositeActor.java
-rw-rw-r--   1 travis travis  1198 Jun 11 04:37 JavaCompiledCompositeTest1_CompiledCompositeActor$_JavaCompiledCompositeTest1_CompiledCompositeActor.class
-rw-rw-r--   1 travis travis  1625 Jun 11 04:37 JavaCompiledCompositeTest1_CompiledCompositeActor.mk
-rw-rw-r--   1 travis travis  4888 Jun 11 04:37 JavaCompiledCompositeTest2_CompiledCompositeActor.class
-rw-rw-r--   1 travis travis 14919 Jun 11 04:37 JavaCompiledCompositeTest2_CompiledCompositeActor.java
-rw-rw-r--   1 travis travis  1793 Jun 11 04:37 JavaCompiledCompositeTest2_CompiledCompositeActor$_JavaCompiledCompositeTest2_CompiledCompositeActor.class
-rw-rw-r--   1 travis travis  1625 Jun 11 04:37 JavaCompiledCompositeTest2_CompiledCompositeActor.mk
-rw-rw-r--   1 travis travis  4505 Jun 11 04:37 JavaCompiledCompositeTest3_CompiledCompositeActor.class
-rw-rw-r--   1 travis travis 13080 Jun 11 04:37 JavaCompiledCompositeTest3_CompiledCompositeActor.java
-rw-rw-r--   1 travis travis  1378 Jun 11 04:37 JavaCompiledCompositeTest3_CompiledCompositeActor$_JavaCompiledCompositeTest3_CompiledCompositeActor.class
-rw-rw-r--   1 travis travis  1625 Jun 11 04:37 JavaCompiledCompositeTest3_CompiledCompositeActor.mk
-rw-rw-r--   1 travis travis  3953 Jun 11 04:37 JavaCompiledCompositeTest4_CompiledCompositeActor.class
-rw-rw-r--   1 travis travis  9687 Jun 11 04:37 JavaCompiledCompositeTest4_CompiledCompositeActor.java
-rw-rw-r--   1 travis travis   857 Jun 11 04:37 JavaCompiledCompositeTest4_CompiledCompositeActor$_JavaCompiledCompositeTest4_CompiledCompositeActor.class
-rw-rw-r--   1 travis travis  1625 Jun 11 04:37 JavaCompiledCompositeTest4_CompiledCompositeActor.mk
drwxrwxr-x   3 travis travis 12288 Jun 11 04:33 LookupTable
drwxrwxr-x   3 travis travis 20480 Jun 11 04:34 MaxIndex
-rw-rw-r--   1 travis travis  3693 Jun 11 04:37 ModularCG_A1_B1.class
-rw-rw-r--   1 travis travis  9730 Jun 11 04:37 ModularCG_A1_B1.java
-rw-rw-r--   1 travis travis   832 Jun 11 04:37 ModularCG_A1_B1.mk
-rw-rw-r--   1 travis travis  1318 Jun 11 04:37 ModularCG_A1_B1_profile.class
-rw-rw-r--   1 travis travis  1262 Jun 11 04:37 ModularCG_A1_B1_profile.java
-rw-rw-r--   1 travis travis  3693 Jun 11 04:37 ModularCG_A1_B2.class
-rw-rw-r--   1 travis travis  9730 Jun 11 04:37 ModularCG_A1_B2.java
-rw-rw-r--   1 travis travis   832 Jun 11 04:37 ModularCG_A1_B2.mk
-rw-rw-r--   1 travis travis  1318 Jun 11 04:37 ModularCG_A1_B2_profile.class
-rw-rw-r--   1 travis travis  1262 Jun 11 04:37 ModularCG_A1_B2_profile.java
-rw-rw-r--   1 travis travis  4799 Jun 11 04:37 ModularCG_A1.class
-rw-rw-r--   1 travis travis 14742 Jun 11 04:37 ModularCG_A1.java
-rw-rw-r--   1 travis travis   808 Jun 11 04:37 ModularCG_A1.mk
-rw-rw-r--   1 travis travis  1433 Jun 11 04:37 ModularCG_A1_profile.class
-rw-rw-r--   1 travis travis  1704 Jun 11 04:37 ModularCG_A1_profile.java
-rw-rw-r--   1 travis travis  3827 Jun 11 04:37 ModularCG_A2_B1.class
-rw-rw-r--   1 travis travis 10667 Jun 11 04:37 ModularCG_A2_B1.java
-rw-rw-r--   1 travis travis   832 Jun 11 04:37 ModularCG_A2_B1.mk
-rw-rw-r--   1 travis travis  1381 Jun 11 04:37 ModularCG_A2_B1_profile.class
-rw-rw-r--   1 travis travis  1446 Jun 11 04:37 ModularCG_A2_B1_profile.java
-rw-rw-r--   1 travis travis  3693 Jun 11 04:37 ModularCG_A2_B2.class
-rw-rw-r--   1 travis travis  9730 Jun 11 04:37 ModularCG_A2_B2.java
-rw-rw-r--   1 travis travis   832 Jun 11 04:37 ModularCG_A2_B2.mk
-rw-rw-r--   1 travis travis  1318 Jun 11 04:37 ModularCG_A2_B2_profile.class
-rw-rw-r--   1 travis travis  1262 Jun 11 04:37 ModularCG_A2_B2_profile.java
-rw-rw-r--   1 travis travis  4870 Jun 11 04:37 ModularCG_A2.class
-rw-rw-r--   1 travis travis 15129 Jun 11 04:37 ModularCG_A2.java
-rw-rw-r--   1 travis travis   808 Jun 11 04:37 ModularCG_A2.mk
-rw-rw-r--   1 travis travis  1433 Jun 11 04:37 ModularCG_A2_profile.class
-rw-rw-r--   1 travis travis  1704 Jun 11 04:37 ModularCG_A2_profile.java
-rw-rw-r--   1 travis travis  3473 Jun 11 04:37 ModularCGPubSub_A1_A2.class
-rw-rw-r--   1 travis travis  9076 Jun 11 04:37 ModularCGPubSub_A1_A2.java
-rw-rw-r--   1 travis travis   880 Jun 11 04:37 ModularCGPubSub_A1_A2.mk
-rw-rw-r--   1 travis travis  1300 Jun 11 04:37 ModularCGPubSub_A1_A2_profile.class
-rw-rw-r--   1 travis travis  1222 Jun 11 04:37 ModularCGPubSub_A1_A2_profile.java
-rw-rw-r--   1 travis travis  3790 Jun 11 04:37 ModularCGPubSub_A1.class
-rw-rw-r--   1 travis travis  9836 Jun 11 04:37 ModularCGPubSub_A1.java
-rw-rw-r--   1 travis travis   856 Jun 11 04:37 ModularCGPubSub_A1.mk
-rw-rw-r--   1 travis travis  1346 Jun 11 04:37 ModularCGPubSub_A1_profile.class
-rw-rw-r--   1 travis travis  1388 Jun 11 04:37 ModularCGPubSub_A1_profile.java
-rw-rw-r--   1 travis travis  3988 Jun 11 04:38 ModularCodeGen2_ModularCodeGenTypedCompositeActor.class
-rw-rw-r--   1 travis travis 11690 Jun 11 04:38 ModularCodeGen2_ModularCodeGenTypedCompositeActor.java
-rw-rw-r--   1 travis travis  1104 Jun 11 04:38 ModularCodeGen2_ModularCodeGenTypedCompositeActor.mk
-rw-rw-r--   1 travis travis  4272 Jun 11 04:38 ModularCodeGen2_ModularCodeGenTypedCompositeActor_ModularCodeGenTypedCompositeActor.class
-rw-rw-r--   1 travis travis 11790 Jun 11 04:37 ModularCodeGen2_ModularCodeGenTypedCompositeActor_ModularCodeGenTypedCompositeActor.java
-rw-rw-r--   1 travis travis  1376 Jun 11 04:37 ModularCodeGen2_ModularCodeGenTypedCompositeActor_ModularCodeGenTypedCompositeActor.mk
-rw-rw-r--   1 travis travis  1421 Jun 11 04:37 ModularCodeGen2_ModularCodeGenTypedCompositeActor_ModularCodeGenTypedCompositeActor_profile.class
-rw-rw-r--   1 travis travis  1294 Jun 11 04:37 ModularCodeGen2_ModularCodeGenTypedCompositeActor_ModularCodeGenTypedCompositeActor_profile.java
-rw-rw-r--   1 travis travis   820 Jun 11 04:38 ModularCodeGen2_ModularCodeGenTypedCompositeActor_profile.class
-rw-rw-r--   1 travis travis   693 Jun 11 04:38 ModularCodeGen2_ModularCodeGenTypedCompositeActor_profile.java
-rw-rw-r--   1 travis travis  3741 Jun 11 04:38 ModularCodeGen3_A1_B1.class
-rw-rw-r--   1 travis travis  9958 Jun 11 04:38 ModularCodeGen3_A1_B1.java
-rw-rw-r--   1 travis travis   880 Jun 11 04:38 ModularCodeGen3_A1_B1.mk
-rw-rw-r--   1 travis travis  1330 Jun 11 04:38 ModularCodeGen3_A1_B1_profile.class
-rw-rw-r--   1 travis travis  1274 Jun 11 04:38 ModularCodeGen3_A1_B1_profile.java
-rw-rw-r--   1 travis travis  3741 Jun 11 04:38 ModularCodeGen3_A1_B2.class
-rw-rw-r--   1 travis travis  9958 Jun 11 04:38 ModularCodeGen3_A1_B2.java
-rw-rw-r--   1 travis travis   880 Jun 11 04:38 ModularCodeGen3_A1_B2.mk
-rw-rw-r--   1 travis travis  1330 Jun 11 04:38 ModularCodeGen3_A1_B2_profile.class
-rw-rw-r--   1 travis travis  1274 Jun 11 04:38 ModularCodeGen3_A1_B2_profile.java
-rw-rw-r--   1 travis travis  4961 Jun 11 04:38 ModularCodeGen3_A1.class
-rw-rw-r--   1 travis travis 15564 Jun 11 04:38 ModularCodeGen3_A1.java
-rw-rw-r--   1 travis travis   856 Jun 11 04:38 ModularCodeGen3_A1.mk
-rw-rw-r--   1 travis travis  1445 Jun 11 04:38 ModularCodeGen3_A1_profile.class
-rw-rw-r--   1 travis travis  1716 Jun 11 04:38 ModularCodeGen3_A1_profile.java
-rw-rw-r--   1 travis travis  3887 Jun 11 04:38 ModularCodeGen3_A2_B1.class
-rw-rw-r--   1 travis travis 10955 Jun 11 04:38 ModularCodeGen3_A2_B1.java
-rw-rw-r--   1 travis travis   880 Jun 11 04:38 ModularCodeGen3_A2_B1.mk
-rw-rw-r--   1 travis travis  1393 Jun 11 04:38 ModularCodeGen3_A2_B1_profile.class
-rw-rw-r--   1 travis travis  1458 Jun 11 04:38 ModularCodeGen3_A2_B1_profile.java
-rw-rw-r--   1 travis travis  3741 Jun 11 04:38 ModularCodeGen3_A2_B2.class
-rw-rw-r--   1 travis travis  9958 Jun 11 04:38 ModularCodeGen3_A2_B2.java
-rw-rw-r--   1 travis travis   880 Jun 11 04:38 ModularCodeGen3_A2_B2.mk
-rw-rw-r--   1 travis travis  1330 Jun 11 04:38 ModularCodeGen3_A2_B2_profile.class
-rw-rw-r--   1 travis travis  1274 Jun 11 04:38 ModularCodeGen3_A2_B2_profile.java
-rw-rw-r--   1 travis travis  5038 Jun 11 04:38 ModularCodeGen3_A2.class
-rw-rw-r--   1 travis travis 15957 Jun 11 04:38 ModularCodeGen3_A2.java
-rw-rw-r--   1 travis travis   856 Jun 11 04:38 ModularCodeGen3_A2.mk
-rw-rw-r--   1 travis travis  1445 Jun 11 04:38 ModularCodeGen3_A2_profile.class
-rw-rw-r--   1 travis travis  1716 Jun 11 04:38 ModularCodeGen3_A2_profile.java
-rw-rw-r--   1 travis travis  3794 Jun 11 04:38 ModularCodeGen4_A1_B1.class
-rw-rw-r--   1 travis travis 10312 Jun 11 04:38 ModularCodeGen4_A1_B1.java
-rw-rw-r--   1 travis travis   880 Jun 11 04:38 ModularCodeGen4_A1_B1.mk
-rw-rw-r--   1 travis travis  1330 Jun 11 04:38 ModularCodeGen4_A1_B1_profile.class
-rw-rw-r--   1 travis travis  1273 Jun 11 04:38 ModularCodeGen4_A1_B1_profile.java
-rw-rw-r--   1 travis travis  3794 Jun 11 04:38 ModularCodeGen4_A1_B2.class
-rw-rw-r--   1 travis travis 10312 Jun 11 04:38 ModularCodeGen4_A1_B2.java
-rw-rw-r--   1 travis travis   880 Jun 11 04:38 ModularCodeGen4_A1_B2.mk
-rw-rw-r--   1 travis travis  1330 Jun 11 04:38 ModularCodeGen4_A1_B2_profile.class
-rw-rw-r--   1 travis travis  1273 Jun 11 04:38 ModularCodeGen4_A1_B2_profile.java
-rw-rw-r--   1 travis travis  5101 Jun 11 04:38 ModularCodeGen4_A1.class
-rw-rw-r--   1 travis travis 16245 Jun 11 04:38 ModularCodeGen4_A1.java
-rw-rw-r--   1 travis travis   856 Jun 11 04:38 ModularCodeGen4_A1.mk
-rw-rw-r--   1 travis travis  1445 Jun 11 04:38 ModularCodeGen4_A1_profile.class
-rw-rw-r--   1 travis travis  1712 Jun 11 04:38 ModularCodeGen4_A1_profile.java
-rw-rw-r--   1 travis travis  3988 Jun 11 04:38 ModularCodeGen4_A2_B1.class
-rw-rw-r--   1 travis travis 11375 Jun 11 04:38 ModularCodeGen4_A2_B1.java
-rw-rw-r--   1 travis travis   880 Jun 11 04:38 ModularCodeGen4_A2_B1.mk
-rw-rw-r--   1 travis travis  1393 Jun 11 04:38 ModularCodeGen4_A2_B1_profile.class
-rw-rw-r--   1 travis travis  1454 Jun 11 04:38 ModularCodeGen4_A2_B1_profile.java
-rw-rw-r--   1 travis travis  3842 Jun 11 04:38 ModularCodeGen4_A2_B2.class
-rw-rw-r--   1 travis travis 10378 Jun 11 04:38 ModularCodeGen4_A2_B2.java
-rw-rw-r--   1 travis travis   880 Jun 11 04:38 ModularCodeGen4_A2_B2.mk
-rw-rw-r--   1 travis travis  1330 Jun 11 04:38 ModularCodeGen4_A2_B2_profile.class
-rw-rw-r--   1 travis travis  1270 Jun 11 04:38 ModularCodeGen4_A2_B2_profile.java
-rw-rw-r--   1 travis travis  5274 Jun 11 04:38 ModularCodeGen4_A2.class
-rw-rw-r--   1 travis travis 16770 Jun 11 04:38 ModularCodeGen4_A2.java
-rw-rw-r--   1 travis travis   856 Jun 11 04:38 ModularCodeGen4_A2.mk
-rw-rw-r--   1 travis travis  1445 Jun 11 04:38 ModularCodeGen4_A2_profile.class
-rw-rw-r--   1 travis travis  1712 Jun 11 04:38 ModularCodeGen4_A2_profile.java
-rw-rw-r--   1 travis travis  6838 Jun 11 04:38 ModularCodeGen5_A_A.class
-rw-rw-r--   1 travis travis 28721 Jun 11 04:38 ModularCodeGen5_A_A.java
-rw-rw-r--   1 travis travis   864 Jun 11 04:38 ModularCodeGen5_A_A.mk
-rw-rw-r--   1 travis travis  1520 Jun 11 04:38 ModularCodeGen5_A_A_profile.class
-rw-rw-r--   1 travis travis  1815 Jun 11 04:38 ModularCodeGen5_A_A_profile.java
-rw-rw-r--   1 travis travis  5115 Jun 11 04:38 ModularCodeGen5_A.class
-rw-rw-r--   1 travis travis 13769 Jun 11 04:38 ModularCodeGen5_A.java
-rw-rw-r--   1 travis travis   848 Jun 11 04:38 ModularCodeGen5_A.mk
-rw-rw-r--   1 travis travis  1422 Jun 11 04:38 ModularCodeGen5_A_profile.class
-rw-rw-r--   1 travis travis  1605 Jun 11 04:38 ModularCodeGen5_A_profile.java
-rw-rw-r--   1 travis travis  1361 Jun 11 04:38 ModularCodeGen6_A_A_profile.java
-rw-rw-r--   1 travis travis  3954 Jun 11 04:37 ModularCodeGen_ModularCodeGenTypedCompositeActor.class
-rw-rw-r--   1 travis travis 10970 Jun 11 04:37 ModularCodeGen_ModularCodeGenTypedCompositeActor.java
-rw-rw-r--   1 travis travis  1096 Jun 11 04:37 ModularCodeGen_ModularCodeGenTypedCompositeActor.mk
-rw-rw-r--   1 travis travis  1384 Jun 11 04:37 ModularCodeGen_ModularCodeGenTypedCompositeActor_profile.class
-rw-rw-r--   1 travis travis  1328 Jun 11 04:37 ModularCodeGen_ModularCodeGenTypedCompositeActor_profile.java
-rw-rw-r--   1 travis travis  3492 Jun 11 04:37 ModularCodeGenTest_A1_A2.class
-rw-rw-r--   1 travis travis   904 Jun 11 04:37 ModularCodeGenTest_A1_A2.mk
-rw-rw-r--   1 travis travis  1306 Jun 11 04:37 ModularCodeGenTest_A1_A2_profile.class
-rw-rw-r--   1 travis travis  3823 Jun 11 04:37 ModularCodeGenTest_A1.class
-rw-rw-r--   1 travis travis  9968 Jun 11 04:37 ModularCodeGenTest_A1.java
-rw-rw-r--   1 travis travis   880 Jun 11 04:37 ModularCodeGenTest_A1.mk
-rw-rw-r--   1 travis travis  1352 Jun 11 04:37 ModularCodeGenTest_A1_profile.class
-rw-rw-r--   1 travis travis  1394 Jun 11 04:37 ModularCodeGenTest_A1_profile.java
drwxrwxr-x   3 travis travis 36864 Jun 11 04:37 modulation2
drwxrwxr-x   3 travis travis 20480 Jun 11 04:34 Multiplexor
drwxrwxr-x 242 travis travis 12288 Jun 11 04:37 node_modules
drwxrwxr-x   3 travis travis 20480 Jun 11 04:34 PhaseUnwrap
-rw-rw-r--   1 travis travis   520 Jun 11 04:37 Repeat$_fireFunction_Repeat_Repeat$__f_sL_0.class
-rw-rw-r--   1 travis travis   522 Jun 11 04:37 Repeat$_fireFunction_Repeat_Repeat$__f_sL_10.class
-rw-rw-r--   1 travis travis   666 Jun 11 04:37 Repeat$_fireFunction_Repeat_Repeat$__f_sL_11.class
-rw-rw-r--   1 travis travis   522 Jun 11 04:37 Repeat$_fireFunction_Repeat_Repeat$__f_sL_13.class
-rw-rw-r--   1 travis travis   665 Jun 11 04:37 Repeat$_fireFunction_Repeat_Repeat$__f_sL_1.class
-rw-rw-r--   1 travis travis   520 Jun 11 04:37 Repeat$_fireFunction_Repeat_Repeat$__f_sL_2.class
-rw-rw-r--   1 travis travis   520 Jun 11 04:37 Repeat$_fireFunction_Repeat_Repeat$__f_sL_3.class
-rw-rw-r--   1 travis travis   520 Jun 11 04:37 Repeat$_fireFunction_Repeat_Repeat$__f_sL_5.class
-rw-rw-r--   1 travis travis   671 Jun 11 04:37 Repeat$_fireFunction_Repeat_Repeat$__f_sL_7.class
-rw-rw-r--   1 travis travis   520 Jun 11 04:37 Repeat$_fireFunction_Repeat_Repeat$__f_sL_9.class
-rw-rw-r--   1 travis travis   813 Jun 11 04:37 Repeat$_initialize_Repeat.class
-rw-rw-r--   1 travis travis   475 Jun 11 04:37 Repeat$_initialize_Repeat$__i_sL_0.class
-rw-rw-r--   1 travis travis   519 Jun 11 04:37 Repeat$_initialize_Repeat$__i_sL_3.class
-rw-rw-r--   1 travis travis 39778 Jun 11 04:37 Repeat.java
-rw-rw-r--   1 travis travis  1281 Jun 11 04:37 Repeat.mk
-rw-rw-r--   1 travis travis   520 Jun 11 04:37 Repeat$_preinitializeMethod_Repeat$__p_sL_0.class
-rw-rw-r--   1 travis travis   520 Jun 11 04:37 Repeat$_preinitializeMethod_Repeat$__p_sL_1.class
-rw-rw-r--   1 travis travis  1083 Jun 11 04:37 Repeat$_Repeat$_fireFunction_Repeat_AddSubtract_Repeat.class
-rw-rw-r--   1 travis travis   791 Jun 11 04:37 Repeat$_Repeat$_fireFunction_Repeat_AddSubtract_Repeat$__f_sL_0.class
-rw-rw-r--   1 travis travis   909 Jun 11 04:37 Repeat$_Repeat$_fireFunction_Repeat_AddSubtract_Repeat$__f_sL_1.class
-rw-rw-r--   1 travis travis   915 Jun 11 04:37 Repeat$_Repeat$_fireFunction_Repeat_AddSubtract_Repeat$__f_sL_2.class
-rw-rw-r--   1 travis travis   838 Jun 11 04:37 Repeat$_Repeat$_fireFunction_Repeat_Ramp2_Repeat$__f_sL_1.class
-rw-rw-r--   1 travis travis  1785 Jun 11 04:37 Repeat$_Repeat$_fireFunction_Repeat_Test_Repeat$__f_sL_2.class
-rw-rw-r--   1 travis travis   685 Jun 11 04:37 Repeat$_Repeat_SDF_Director_run_Repeat$__R_sL_0.class
-rw-rw-r--   1 travis travis   540 Jun 11 04:37 Repeat$_Repeat_SDF_Director_run_Repeat$__R_sL_1.class
-rw-rw-r--   1 travis travis   540 Jun 11 04:37 Repeat$_Repeat_SDF_Director_run_Repeat$__R_sL_2.class
-rw-rw-r--   1 travis travis   540 Jun 11 04:37 Repeat$_Repeat_SDF_Director_run_Repeat$__R_sL_4.class
-rw-rw-r--   1 travis travis   540 Jun 11 04:37 Repeat$_Repeat_SDF_Director_run_Repeat$__R_sL_5.class
-rw-rw-r--   1 travis travis   691 Jun 11 04:37 Repeat$_Repeat_SDF_Director_run_Repeat$__R_sL_6.class
-rw-rw-r--   1 travis travis   540 Jun 11 04:37 Repeat$_Repeat_SDF_Director_run_Repeat$__R_sL_7.class
-rw-rw-r--   1 travis travis   863 Jun 11 04:37 Repeat$_varinit_Repeat.class
-rw-rw-r--   1 travis travis   530 Jun 11 04:37 Repeat$_varinit_Repeat$__v_sL_1.class
-rw-rw-r--   1 travis travis   531 Jun 11 04:37 Repeat$_varinit_Repeat$__v_sL_2.class
-rw-rw-r--   1 travis travis   905 Jun 11 04:37 Repeat$_varinit_Repeat$__v_sL_4.class
-rw-rw-r--   1 travis travis   635 Jun 11 04:37 Repeat$_wrapup_Repeat.class
-rw-rw-r--   1 travis travis   965 Jun 11 04:37 Repeat$_wrapup_Repeat$__w_sL_1.class
-rw-rw-r--   1 travis travis   289 Jun 11 04:32 result.csv
drwxrwxr-x   3 travis travis 12288 Jun 11 04:35 Scrambler1
drwxrwxr-x   3 travis travis 20480 Jun 11 04:34 Sinewave2
drwxrwxr-x   3 travis travis 69632 Jun 11 04:35 StringCompare
drwxrwxr-x   3 travis travis 32768 Jun 11 04:35 StringFunction
drwxrwxr-x   3 travis travis 12288 Jun 11 04:35 StringLength
drwxrwxr-x   3 travis travis 57344 Jun 11 04:36 StringSimpleReplace
drwxrwxr-x   3 travis travis 12288 Jun 11 04:37 time2
drwxrwxr-x   3 travis travis 12288 Jun 11 04:37 time5
-rw-rw-r--   1 travis travis   432 Jun 11 04:38 Token.class
-rw-rw-r--   1 travis travis   251 Jun 11 04:38 Token.java
-rw-rw-r--   1 travis travis     0 Jun 11 04:37 top.
-rw-rw-r--   1 travis travis 20502 Jun 11 04:32 top.c
-rw-rw-r--   1 travis travis  3567 Jun 11 04:37 top.class
-rw-rw-r--   1 travis travis   169 Jun 11 04:32 top.html
-rw-rw-r--   1 travis travis  7552 Jun 11 04:37 top.java
-rw-rw-r--   1 travis travis 38888 Jun 11 04:32 top.o
drwxrwxr-x   3 travis travis 57344 Jun 11 04:34 UnaryMathFunction
All Done
Writing ModularCodeGen6_A_A.java in file:/home/travis/cg/ (11221 characters)
Reading "ptolemy/cg/kernel/generic/program/procedural/java/modular/makefile.in",
    writing "/home/travis/cg/ModularCodeGen6_A_A.mk"
Using ptolemy/cg/kernel/generic/program/procedural/java/modular/makefile.in
In "/home/travis/cg", about to execute:
    make -f ModularCodeGen6_A_A.mk
javac -classpath ".:.."    ModularCodeGen6_A_A.java
All Done
In "/home/travis/cg", about to execute:
    pwd
/home/travis/cg
In "/home/travis/cg", about to execute:
    ls -l
total 1852
drwxrwxr-x   3 travis travis 12288 Jun 11 04:33 AbsoluteValue
drwxrwxr-x   3 travis travis 16384 Jun 11 04:33 Case1
drwxrwxr-x   3 travis travis 32768 Jun 11 04:33 Case2
-rw-rw-r--   1 travis travis  4895 Jun 11 04:37 CompiledCompositeActor_CompiledCompositeActor.class
-rw-rw-r--   1 travis travis  1592 Jun 11 04:37 CompiledCompositeActor_CompiledCompositeActor$_CompiledCompositeActor_CompiledCompositeActor.class
-rw-rw-r--   1 travis travis 13466 Jun 11 04:37 CompiledCompositeActor_CompiledCompositeActor.java
-rw-rw-r--   1 travis travis  1593 Jun 11 04:37 CompiledCompositeActor_CompiledCompositeActor.mk
drwxrwxr-x   3 travis travis 24576 Jun 11 04:35 DeScrambler
drwxrwxr-x   3 travis travis 16384 Jun 11 04:36 DotProduct
drwxrwxr-x   3 travis travis 12288 Jun 11 04:33 FileWriter1
drwxrwxr-x   3 travis travis 20480 Jun 11 04:32 FixToDoubleAndBack
drwxrwxr-x   3 travis travis 16384 Jun 11 04:33 Gaussian1
drwxrwxr-x   3 travis travis 20480 Jun 11 04:33 Gaussian2
-rw-rw-r--   1 travis travis  4457 Jun 11 04:37 JavaCompiledCompositeTest1_CompiledCompositeActor.class
-rw-rw-r--   1 travis travis 11637 Jun 11 04:37 JavaCompiledCompositeTest1_CompiledCompositeActor.java
-rw-rw-r--   1 travis travis  1198 Jun 11 04:37 JavaCompiledCompositeTest1_CompiledCompositeActor$_JavaCompiledCompositeTest1_CompiledCompositeActor.class
-rw-rw-r--   1 travis travis  1625 Jun 11 04:37 JavaCompiledCompositeTest1_CompiledCompositeActor.mk
-rw-rw-r--   1 travis travis  4888 Jun 11 04:37 JavaCompiledCompositeTest2_CompiledCompositeActor.class
-rw-rw-r--   1 travis travis 14919 Jun 11 04:37 JavaCompiledCompositeTest2_CompiledCompositeActor.java
-rw-rw-r--   1 travis travis  1793 Jun 11 04:37 JavaCompiledCompositeTest2_CompiledCompositeActor$_JavaCompiledCompositeTest2_CompiledCompositeActor.class
-rw-rw-r--   1 travis travis  1625 Jun 11 04:37 JavaCompiledCompositeTest2_CompiledCompositeActor.mk
In "/home/travis/cg", about to execute:
    javac -classpath
.:/home/travis/build/icyphy/ptII:/home/travis/build/icyphy/ptII/lib/bsh-2.0b4.j
ar:/home/travis/build/icyphy/ptII/lib/ptCal.jar:/home/travis/build/icyphy/ptII/
lib/java_cup.jar:/home/travis/build/icyphy/ptII/lib/saxon8.jar:/home/travis/bui
ld/icyphy/ptII/lib/saxon8-dom.jar:/home/travis/build/icyphy/ptII/lib/chic.jar:/
home/travis/build/icyphy/ptII/lib/ptcolt.jar:/usr/lib/jvm/java-8-oracle/lib/too
ls.jar:/home/travis/build/icyphy/ptII/vendors/misc/itext/iText.jar:/home/travis
/build/icyphy/ptII/lib/g4ltl.jar:/home/travis/build/icyphy/ptII/lib/StructuralC
oder.jar:/home/travis/build/icyphy/ptII/vendors/jai-1_1_2_01/lib/jai_core.jar:/
home/travis/build/icyphy/ptII/vendors/jai-1_1_2_01/lib/jai_codec.jar:/home/trav
is/build/icyphy/ptII/lib/jcerti.jar:/home/travis/build/icyphy/ptII/lib/javax.ma
il.jar:/home/travis/build/icyphy/ptII/vendors/JMF-2.1.1e/lib/jmf.jar:/home/trav
is/build/icyphy/ptII/lib/jna-4.0.0-variadic.jar:/home/travis/build/icyphy/ptII/
vendors/misc/joystick/Joystick.jar:/home/travis/build/icyphy/ptII/lib/ptjacl.ja
r:/home/travis/build/icyphy/ptII/lib/jsoup-1.8.2.jar:/home/travis/build/icyphy/
ptII/lib/junit-4.8.2.jar:/home/travis/build/icyphy/ptII/lib/JUnitParams-0.4.0.j
ar:/home/travis/build/icyphy/ptII/ptolemy/actor/lib/excel/jxl.jar:/home/travis/
build/icyphy/ptII/lib/jython.jar:/home/travis/build/icyphy/ptII/lib/kieler.jar:
/home/travis/build/icyphy/ptII/vendors/opencv/share/OpenCV/java/opencv-341.jar:
/home/travis/build/icyphy/ptII/lib/oscP5.jar:/home/travis/build/icyphy/ptII/lib
/nrjavaserial-3.11.0.devel.jar:/home/travis/build/icyphy/ptII/vendors/j3d/lib/j
3dcore.jar:/home/travis/build/icyphy/ptII/vendors/j3d/lib/j3dutils.jar:/home/tr
avis/build/icyphy/ptII/vendors/j3d/lib/vecmath.jar:/home/travis/build/icyphy/pt
II/ptolemy/distributed/jini/jar/jini-core.jar:/home/travis/build/icyphy/ptII/pt
olemy/distributed/jini/jar/jini-ext.jar:/home/travis/build/icyphy/ptII/ptolemy/
distributed/jini/jar/sun-util.jar:/home/travis/build/icyphy/ptII/lib/protobuf-j
ava-2.4.1.jar:/home/travis/build/icyphy/ptII/lib/org.eclipse.paho.client.mqttv3
.jar:/home/travis/build/icyphy/ptII/lib/mapss.jar:/home/travis/build/icyphy/ptI
I/ptolemy/actor/ptalon/antlr/antlr.jar:/home/travis/build/icyphy/ptII/lib/JRI.j
ar:/home/travis/build/icyphy/ptII/lib/commons-lang-2.6.jar:/home/travis/build/i
cyphy/ptII/lib/commons-logging-1.1.1.jar:/home/travis/build/icyphy/ptII/lib/soo
tclasses.jar:/home/travis/build/icyphy/ptII/ptolemy/actor/lib/database/mysql-co
nnector-java-5.1.6-bin.jar:/home/travis/build/icyphy/ptII/vendors/misc/sphinx4/
sphinx4-data-5prealpha.jar:/home/travis/build/icyphy/ptII/vendors/misc/sphinx4/
sphinx4-core-5prealpha.jar:/home/travis/build/icyphy/ptII/lib/PDFRenderer.jar:/
home/travis/build/icyphy/ptII/lib/svgSalamander.jar:/home/travis/build/icyphy/p
tII/lib/rsyntaxtextarea-2.6.0-SNAPSHOT.jar:/home/travis/build/icyphy/ptII/lib/h
azelcast-3.8.2.jar:/home/travis/build/icyphy/ptII/lib/jackson-annotations-2.9.0
.jar:/home/travis/build/icyphy/ptII/lib/jackson-core-2.9.3.jar:/home/travis/bui
ld/icyphy/ptII/lib/jackson-databind-2.9.3.jar:/home/travis/build/icyphy/ptII/li
b/netty-buffer-4.1.19.Final.jar:/home/travis/build/icyphy/ptII/lib/netty-codec-
4.1.19.Final.jar:/home/travis/build/icyphy/ptII/lib/netty-codec-dns-4.1.19.Fina
l.jar:/home/travis/build/icyphy/ptII/lib/netty-codec-http-4.1.19.Final.jar:/hom
e/travis/build/icyphy/ptII/lib/netty-codec-http2-4.1.19.Final.jar:/home/travis/
build/icyphy/ptII/lib/netty-common-4.1.19.Final.jar:/home/travis/build/icyphy/p
tII/lib/netty-handler-4.1.19.Final.jar:/home/travis/build/icyphy/ptII/lib/netty
-resolver-4.1.19.Final.jar:/home/travis/build/icyphy/ptII/lib/netty-resolver-dn
s-4.1.19.Final.jar:/home/travis/build/icyphy/ptII/lib/netty-transport-4.1.19.Fi
nal.jar:/home/travis/build/icyphy/ptII/lib/vertx-codegen-3.5.1.jar:/home/travis
/build/icyphy/ptII/lib/vertx-core-3.5.2-SNAPSHOT.jar:/home/travis/build/icyphy/
ptII/lib/vertx-hazelcast-3.5.1.jar:/home/travis/build/icyphy/ptII/lib/vertx-lan
g-js-3.5.1.jar:/home/travis/build/icyphy/ptII/lib/vertx-service-proxy-3.5.1.jar
:/home/travis/build/icyphy/ptII/lib/vertx-web-3.5.1.jar:/home/travis/build/icyp
hy/ptII/lib/slf4j-api-1.7.13.jar:/home/travis/build/icyphy/ptII/lib/slf4j-simpl
e-1.7.13.jar:/home/travis/build/icyphy/ptII/lib/webcam-capture-0.3.12.jar:/home
/travis/build/icyphy/ptII/lib/bridj-0.7.0.jar:/home/travis/build/icyphy/ptII/li
b/xbjlib-1.1.0.nrjavaserial.jar:/home/travis/build/icyphy/ptII/ptolemy/moml/tes
t:/home/travis/build/icyphy/ptII/ant/lib/ant-launcher.jar:/home/travis/build/ic
yphy/ptII/ant/lib/ant.jar:/home/travis/build/icyphy/ptII/ant/lib/ant-junit.jar:
/home/travis/build/icyphy/ptII/ant/lib/ant-junit4.jar:/home/travis/build/icyphy
/ptII ModularCodeGen6_A_A2_profile.java
-rw-rw-r--   1 travis travis  4505 Jun 11 04:37 JavaCompiledCompositeTest3_CompiledCompositeActor.class
-rw-rw-r--   1 travis travis 13080 Jun 11 04:37 JavaCompiledCompositeTest3_CompiledCompositeActor.java
-rw-rw-r--   1 travis travis  1378 Jun 11 04:37 JavaCompiledCompositeTest3_CompiledCompositeActor$_JavaCompiledCompositeTest3_CompiledCompositeActor.class
-rw-rw-r--   1 travis travis  1625 Jun 11 04:37 JavaCompiledCompositeTest3_CompiledCompositeActor.mk
-rw-rw-r--   1 travis travis  3953 Jun 11 04:37 JavaCompiledCompositeTest4_CompiledCompositeActor.class
-rw-rw-r--   1 travis travis  9687 Jun 11 04:37 JavaCompiledCompositeTest4_CompiledCompositeActor.java
-rw-rw-r--   1 travis travis   857 Jun 11 04:37 JavaCompiledCompositeTest4_CompiledCompositeActor$_JavaCompiledCompositeTest4_CompiledCompositeActor.class
-rw-rw-r--   1 travis travis  1625 Jun 11 04:37 JavaCompiledCompositeTest4_CompiledCompositeActor.mk
drwxrwxr-x   3 travis travis 12288 Jun 11 04:33 LookupTable
drwxrwxr-x   3 travis travis 20480 Jun 11 04:34 MaxIndex
-rw-rw-r--   1 travis travis  3693 Jun 11 04:37 ModularCG_A1_B1.class
-rw-rw-r--   1 travis travis  9730 Jun 11 04:37 ModularCG_A1_B1.java
-rw-rw-r--   1 travis travis   832 Jun 11 04:37 ModularCG_A1_B1.mk
-rw-rw-r--   1 travis travis  1318 Jun 11 04:37 ModularCG_A1_B1_profile.class
-rw-rw-r--   1 travis travis  1262 Jun 11 04:37 ModularCG_A1_B1_profile.java
-rw-rw-r--   1 travis travis  3693 Jun 11 04:37 ModularCG_A1_B2.class
-rw-rw-r--   1 travis travis  9730 Jun 11 04:37 ModularCG_A1_B2.java
-rw-rw-r--   1 travis travis   832 Jun 11 04:37 ModularCG_A1_B2.mk
-rw-rw-r--   1 travis travis  1318 Jun 11 04:37 ModularCG_A1_B2_profile.class
-rw-rw-r--   1 travis travis  1262 Jun 11 04:37 ModularCG_A1_B2_profile.java
-rw-rw-r--   1 travis travis  4799 Jun 11 04:37 ModularCG_A1.class
-rw-rw-r--   1 travis travis 14742 Jun 11 04:37 ModularCG_A1.java
-rw-rw-r--   1 travis travis   808 Jun 11 04:37 ModularCG_A1.mk
-rw-rw-r--   1 travis travis  1433 Jun 11 04:37 ModularCG_A1_profile.class
-rw-rw-r--   1 travis travis  1704 Jun 11 04:37 ModularCG_A1_profile.java
-rw-rw-r--   1 travis travis  3827 Jun 11 04:37 ModularCG_A2_B1.class
-rw-rw-r--   1 travis travis 10667 Jun 11 04:37 ModularCG_A2_B1.java
-rw-rw-r--   1 travis travis   832 Jun 11 04:37 ModularCG_A2_B1.mk
-rw-rw-r--   1 travis travis  1381 Jun 11 04:37 ModularCG_A2_B1_profile.class
-rw-rw-r--   1 travis travis  1446 Jun 11 04:37 ModularCG_A2_B1_profile.java
-rw-rw-r--   1 travis travis  3693 Jun 11 04:37 ModularCG_A2_B2.class
-rw-rw-r--   1 travis travis  9730 Jun 11 04:37 ModularCG_A2_B2.java
-rw-rw-r--   1 travis travis   832 Jun 11 04:37 ModularCG_A2_B2.mk
-rw-rw-r--   1 travis travis  1318 Jun 11 04:37 ModularCG_A2_B2_profile.class
-rw-rw-r--   1 travis travis  1262 Jun 11 04:37 ModularCG_A2_B2_profile.java
-rw-rw-r--   1 travis travis  4870 Jun 11 04:37 ModularCG_A2.class
-rw-rw-r--   1 travis travis 15129 Jun 11 04:37 ModularCG_A2.java
-rw-rw-r--   1 travis travis   808 Jun 11 04:37 ModularCG_A2.mk
-rw-rw-r--   1 travis travis  1433 Jun 11 04:37 ModularCG_A2_profile.class
-rw-rw-r--   1 travis travis  1704 Jun 11 04:37 ModularCG_A2_profile.java
-rw-rw-r--   1 travis travis  3473 Jun 11 04:37 ModularCGPubSub_A1_A2.class
-rw-rw-r--   1 travis travis  9076 Jun 11 04:37 ModularCGPubSub_A1_A2.java
-rw-rw-r--   1 travis travis   880 Jun 11 04:37 ModularCGPubSub_A1_A2.mk
-rw-rw-r--   1 travis travis  1300 Jun 11 04:37 ModularCGPubSub_A1_A2_profile.class
-rw-rw-r--   1 travis travis  1222 Jun 11 04:37 ModularCGPubSub_A1_A2_profile.java
-rw-rw-r--   1 travis travis  3790 Jun 11 04:37 ModularCGPubSub_A1.class
-rw-rw-r--   1 travis travis  9836 Jun 11 04:37 ModularCGPubSub_A1.java
-rw-rw-r--   1 travis travis   856 Jun 11 04:37 ModularCGPubSub_A1.mk
-rw-rw-r--   1 travis travis  1346 Jun 11 04:37 ModularCGPubSub_A1_profile.class
-rw-rw-r--   1 travis travis  1388 Jun 11 04:37 ModularCGPubSub_A1_profile.java
-rw-rw-r--   1 travis travis  3988 Jun 11 04:38 ModularCodeGen2_ModularCodeGenTypedCompositeActor.class
-rw-rw-r--   1 travis travis 11690 Jun 11 04:38 ModularCodeGen2_ModularCodeGenTypedCompositeActor.java
-rw-rw-r--   1 travis travis  1104 Jun 11 04:38 ModularCodeGen2_ModularCodeGenTypedCompositeActor.mk
-rw-rw-r--   1 travis travis  4272 Jun 11 04:38 ModularCodeGen2_ModularCodeGenTypedCompositeActor_ModularCodeGenTypedCompositeActor.class
-rw-rw-r--   1 travis travis 11790 Jun 11 04:37 ModularCodeGen2_ModularCodeGenTypedCompositeActor_ModularCodeGenTypedCompositeActor.java
-rw-rw-r--   1 travis travis  1376 Jun 11 04:37 ModularCodeGen2_ModularCodeGenTypedCompositeActor_ModularCodeGenTypedCompositeActor.mk
-rw-rw-r--   1 travis travis  1421 Jun 11 04:37 ModularCodeGen2_ModularCodeGenTypedCompositeActor_ModularCodeGenTypedCompositeActor_profile.class
-rw-rw-r--   1 travis travis  1294 Jun 11 04:37 ModularCodeGen2_ModularCodeGenTypedCompositeActor_ModularCodeGenTypedCompositeActor_profile.java
-rw-rw-r--   1 travis travis   820 Jun 11 04:38 ModularCodeGen2_ModularCodeGenTypedCompositeActor_profile.class
-rw-rw-r--   1 travis travis   693 Jun 11 04:38 ModularCodeGen2_ModularCodeGenTypedCompositeActor_profile.java
-rw-rw-r--   1 travis travis  3741 Jun 11 04:38 ModularCodeGen3_A1_B1.class
-rw-rw-r--   1 travis travis  9958 Jun 11 04:38 ModularCodeGen3_A1_B1.java
-rw-rw-r--   1 travis travis   880 Jun 11 04:38 ModularCodeGen3_A1_B1.mk
-rw-rw-r--   1 travis travis  1330 Jun 11 04:38 ModularCodeGen3_A1_B1_profile.class
-rw-rw-r--   1 travis travis  1274 Jun 11 04:38 ModularCodeGen3_A1_B1_profile.java
-rw-rw-r--   1 travis travis  3741 Jun 11 04:38 ModularCodeGen3_A1_B2.class
-rw-rw-r--   1 travis travis  9958 Jun 11 04:38 ModularCodeGen3_A1_B2.java
-rw-rw-r--   1 travis travis   880 Jun 11 04:38 ModularCodeGen3_A1_B2.mk
-rw-rw-r--   1 travis travis  1330 Jun 11 04:38 ModularCodeGen3_A1_B2_profile.class
-rw-rw-r--   1 travis travis  1274 Jun 11 04:38 ModularCodeGen3_A1_B2_profile.java
-rw-rw-r--   1 travis travis  4961 Jun 11 04:38 ModularCodeGen3_A1.class
-rw-rw-r--   1 travis travis 15564 Jun 11 04:38 ModularCodeGen3_A1.java
-rw-rw-r--   1 travis travis   856 Jun 11 04:38 ModularCodeGen3_A1.mk
-rw-rw-r--   1 travis travis  1445 Jun 11 04:38 ModularCodeGen3_A1_profile.class
-rw-rw-r--   1 travis travis  1716 Jun 11 04:38 ModularCodeGen3_A1_profile.java
-rw-rw-r--   1 travis travis  3887 Jun 11 04:38 ModularCodeGen3_A2_B1.class
-rw-rw-r--   1 travis travis 10955 Jun 11 04:38 ModularCodeGen3_A2_B1.java
-rw-rw-r--   1 travis travis   880 Jun 11 04:38 ModularCodeGen3_A2_B1.mk
-rw-rw-r--   1 travis travis  1393 Jun 11 04:38 ModularCodeGen3_A2_B1_profile.class
-rw-rw-r--   1 travis travis  1458 Jun 11 04:38 ModularCodeGen3_A2_B1_profile.java
-rw-rw-r--   1 travis travis  3741 Jun 11 04:38 ModularCodeGen3_A2_B2.class
-rw-rw-r--   1 travis travis  9958 Jun 11 04:38 ModularCodeGen3_A2_B2.java
-rw-rw-r--   1 travis travis   880 Jun 11 04:38 ModularCodeGen3_A2_B2.mk
-rw-rw-r--   1 travis travis  1330 Jun 11 04:38 ModularCodeGen3_A2_B2_profile.class
-rw-rw-r--   1 travis travis  1274 Jun 11 04:38 ModularCodeGen3_A2_B2_profile.java
-rw-rw-r--   1 travis travis  5038 Jun 11 04:38 ModularCodeGen3_A2.class
-rw-rw-r--   1 travis travis 15957 Jun 11 04:38 ModularCodeGen3_A2.java
-rw-rw-r--   1 travis travis   856 Jun 11 04:38 ModularCodeGen3_A2.mk
-rw-rw-r--   1 travis travis  1445 Jun 11 04:38 ModularCodeGen3_A2_profile.class
-rw-rw-r--   1 travis travis  1716 Jun 11 04:38 ModularCodeGen3_A2_profile.java
-rw-rw-r--   1 travis travis  3794 Jun 11 04:38 ModularCodeGen4_A1_B1.class
-rw-rw-r--   1 travis travis 10312 Jun 11 04:38 ModularCodeGen4_A1_B1.java
-rw-rw-r--   1 travis travis   880 Jun 11 04:38 ModularCodeGen4_A1_B1.mk
-rw-rw-r--   1 travis travis  1330 Jun 11 04:38 ModularCodeGen4_A1_B1_profile.class
-rw-rw-r--   1 travis travis  1273 Jun 11 04:38 ModularCodeGen4_A1_B1_profile.java
-rw-rw-r--   1 travis travis  3794 Jun 11 04:38 ModularCodeGen4_A1_B2.class
-rw-rw-r--   1 travis travis 10312 Jun 11 04:38 ModularCodeGen4_A1_B2.java
-rw-rw-r--   1 travis travis   880 Jun 11 04:38 ModularCodeGen4_A1_B2.mk
-rw-rw-r--   1 travis travis  1330 Jun 11 04:38 ModularCodeGen4_A1_B2_profile.class
-rw-rw-r--   1 travis travis  1273 Jun 11 04:38 ModularCodeGen4_A1_B2_profile.java
-rw-rw-r--   1 travis travis  5101 Jun 11 04:38 ModularCodeGen4_A1.class
-rw-rw-r--   1 travis travis 16245 Jun 11 04:38 ModularCodeGen4_A1.java
-rw-rw-r--   1 travis travis   856 Jun 11 04:38 ModularCodeGen4_A1.mk
-rw-rw-r--   1 travis travis  1445 Jun 11 04:38 ModularCodeGen4_A1_profile.class
-rw-rw-r--   1 travis travis  1712 Jun 11 04:38 ModularCodeGen4_A1_profile.java
-rw-rw-r--   1 travis travis  3988 Jun 11 04:38 ModularCodeGen4_A2_B1.class
-rw-rw-r--   1 travis travis 11375 Jun 11 04:38 ModularCodeGen4_A2_B1.java
-rw-rw-r--   1 travis travis   880 Jun 11 04:38 ModularCodeGen4_A2_B1.mk
-rw-rw-r--   1 travis travis  1393 Jun 11 04:38 ModularCodeGen4_A2_B1_profile.class
-rw-rw-r--   1 travis travis  1454 Jun 11 04:38 ModularCodeGen4_A2_B1_profile.java
-rw-rw-r--   1 travis travis  3842 Jun 11 04:38 ModularCodeGen4_A2_B2.class
-rw-rw-r--   1 travis travis 10378 Jun 11 04:38 ModularCodeGen4_A2_B2.java
-rw-rw-r--   1 travis travis   880 Jun 11 04:38 ModularCodeGen4_A2_B2.mk
-rw-rw-r--   1 travis travis  1330 Jun 11 04:38 ModularCodeGen4_A2_B2_profile.class
-rw-rw-r--   1 travis travis  1270 Jun 11 04:38 ModularCodeGen4_A2_B2_profile.java
-rw-rw-r--   1 travis travis  5274 Jun 11 04:38 ModularCodeGen4_A2.class
-rw-rw-r--   1 travis travis 16770 Jun 11 04:38 ModularCodeGen4_A2.java
-rw-rw-r--   1 travis travis   856 Jun 11 04:38 ModularCodeGen4_A2.mk
-rw-rw-r--   1 travis travis  1445 Jun 11 04:38 ModularCodeGen4_A2_profile.class
-rw-rw-r--   1 travis travis  1712 Jun 11 04:38 ModularCodeGen4_A2_profile.java
-rw-rw-r--   1 travis travis  6838 Jun 11 04:38 ModularCodeGen5_A_A.class
-rw-rw-r--   1 travis travis 28721 Jun 11 04:38 ModularCodeGen5_A_A.java
-rw-rw-r--   1 travis travis   864 Jun 11 04:38 ModularCodeGen5_A_A.mk
-rw-rw-r--   1 travis travis  1520 Jun 11 04:38 ModularCodeGen5_A_A_profile.class
-rw-rw-r--   1 travis travis  1815 Jun 11 04:38 ModularCodeGen5_A_A_profile.java
-rw-rw-r--   1 travis travis  5115 Jun 11 04:38 ModularCodeGen5_A.class
-rw-rw-r--   1 travis travis 13769 Jun 11 04:38 ModularCodeGen5_A.java
-rw-rw-r--   1 travis travis   848 Jun 11 04:38 ModularCodeGen5_A.mk
-rw-rw-r--   1 travis travis  1422 Jun 11 04:38 ModularCodeGen5_A_profile.class
-rw-rw-r--   1 travis travis  1605 Jun 11 04:38 ModularCodeGen5_A_profile.java
-rw-rw-r--   1 travis travis  1364 Jun 11 04:38 ModularCodeGen6_A_A2_profile.java
-rw-rw-r--   1 travis travis  4108 Jun 11 04:38 ModularCodeGen6_A_A.class
-rw-rw-r--   1 travis travis 11221 Jun 11 04:38 ModularCodeGen6_A_A.java
-rw-rw-r--   1 travis travis   864 Jun 11 04:38 ModularCodeGen6_A_A.mk
-rw-rw-r--   1 travis travis  1348 Jun 11 04:38 ModularCodeGen6_A_A_profile.class
-rw-rw-r--   1 travis travis  1361 Jun 11 04:38 ModularCodeGen6_A_A_profile.java
-rw-rw-r--   1 travis travis  3954 Jun 11 04:37 ModularCodeGen_ModularCodeGenTypedCompositeActor.class
-rw-rw-r--   1 travis travis 10970 Jun 11 04:37 ModularCodeGen_ModularCodeGenTypedCompositeActor.java
-rw-rw-r--   1 travis travis  1096 Jun 11 04:37 ModularCodeGen_ModularCodeGenTypedCompositeActor.mk
-rw-rw-r--   1 travis travis  1384 Jun 11 04:37 ModularCodeGen_ModularCodeGenTypedCompositeActor_profile.class
-rw-rw-r--   1 travis travis  1328 Jun 11 04:37 ModularCodeGen_ModularCodeGenTypedCompositeActor_profile.java
-rw-rw-r--   1 travis travis  3492 Jun 11 04:37 ModularCodeGenTest_A1_A2.class
-rw-rw-r--   1 travis travis   904 Jun 11 04:37 ModularCodeGenTest_A1_A2.mk
-rw-rw-r--   1 travis travis  1306 Jun 11 04:37 ModularCodeGenTest_A1_A2_profile.class
-rw-rw-r--   1 travis travis  3823 Jun 11 04:37 ModularCodeGenTest_A1.class
-rw-rw-r--   1 travis travis  9968 Jun 11 04:37 ModularCodeGenTest_A1.java
-rw-rw-r--   1 travis travis   880 Jun 11 04:37 ModularCodeGenTest_A1.mk
-rw-rw-r--   1 travis travis  1352 Jun 11 04:37 ModularCodeGenTest_A1_profile.class
-rw-rw-r--   1 travis travis  1394 Jun 11 04:37 ModularCodeGenTest_A1_profile.java
drwxrwxr-x   3 travis travis 36864 Jun 11 04:37 modulation2
drwxrwxr-x   3 travis travis 20480 Jun 11 04:34 Multiplexor
drwxrwxr-x 242 travis travis 12288 Jun 11 04:37 node_modules
drwxrwxr-x   3 travis travis 20480 Jun 11 04:34 PhaseUnwrap
-rw-rw-r--   1 travis travis   520 Jun 11 04:37 Repeat$_fireFunction_Repeat_Repeat$__f_sL_0.class
-rw-rw-r--   1 travis travis   522 Jun 11 04:37 Repeat$_fireFunction_Repeat_Repeat$__f_sL_10.class
-rw-rw-r--   1 travis travis   666 Jun 11 04:37 Repeat$_fireFunction_Repeat_Repeat$__f_sL_11.class
-rw-rw-r--   1 travis travis   522 Jun 11 04:37 Repeat$_fireFunction_Repeat_Repeat$__f_sL_13.class
-rw-rw-r--   1 travis travis   665 Jun 11 04:37 Repeat$_fireFunction_Repeat_Repeat$__f_sL_1.class
-rw-rw-r--   1 travis travis   520 Jun 11 04:37 Repeat$_fireFunction_Repeat_Repeat$__f_sL_2.class
-rw-rw-r--   1 travis travis   520 Jun 11 04:37 Repeat$_fireFunction_Repeat_Repeat$__f_sL_3.class
-rw-rw-r--   1 travis travis   520 Jun 11 04:37 Repeat$_fireFunction_Repeat_Repeat$__f_sL_5.class
-rw-rw-r--   1 travis travis   671 Jun 11 04:37 Repeat$_fireFunction_Repeat_Repeat$__f_sL_7.class
-rw-rw-r--   1 travis travis   520 Jun 11 04:37 Repeat$_fireFunction_Repeat_Repeat$__f_sL_9.class
-rw-rw-r--   1 travis travis   813 Jun 11 04:37 Repeat$_initialize_Repeat.class
-rw-rw-r--   1 travis travis   475 Jun 11 04:37 Repeat$_initialize_Repeat$__i_sL_0.class
-rw-rw-r--   1 travis travis   519 Jun 11 04:37 Repeat$_initialize_Repeat$__i_sL_3.class
-rw-rw-r--   1 travis travis 39778 Jun 11 04:37 Repeat.java
-rw-rw-r--   1 travis travis  1281 Jun 11 04:37 Repeat.mk
-rw-rw-r--   1 travis travis   520 Jun 11 04:37 Repeat$_preinitializeMethod_Repeat$__p_sL_0.class
-rw-rw-r--   1 travis travis   520 Jun 11 04:37 Repeat$_preinitializeMethod_Repeat$__p_sL_1.class
-rw-rw-r--   1 travis travis  1083 Jun 11 04:37 Repeat$_Repeat$_fireFunction_Repeat_AddSubtract_Repeat.class
-rw-rw-r--   1 travis travis   791 Jun 11 04:37 Repeat$_Repeat$_fireFunction_Repeat_AddSubtract_Repeat$__f_sL_0.class
-rw-rw-r--   1 travis travis   909 Jun 11 04:37 Repeat$_Repeat$_fireFunction_Repeat_AddSubtract_Repeat$__f_sL_1.class
-rw-rw-r--   1 travis travis   915 Jun 11 04:37 Repeat$_Repeat$_fireFunction_Repeat_AddSubtract_Repeat$__f_sL_2.class
-rw-rw-r--   1 travis travis   838 Jun 11 04:37 Repeat$_Repeat$_fireFunction_Repeat_Ramp2_Repeat$__f_sL_1.class
-rw-rw-r--   1 travis travis  1785 Jun 11 04:37 Repeat$_Repeat$_fireFunction_Repeat_Test_Repeat$__f_sL_2.class
-rw-rw-r--   1 travis travis   685 Jun 11 04:37 Repeat$_Repeat_SDF_Director_run_Repeat$__R_sL_0.class
-rw-rw-r--   1 travis travis   540 Jun 11 04:37 Repeat$_Repeat_SDF_Director_run_Repeat$__R_sL_1.class
-rw-rw-r--   1 travis travis   540 Jun 11 04:37 Repeat$_Repeat_SDF_Director_run_Repeat$__R_sL_2.class
-rw-rw-r--   1 travis travis   540 Jun 11 04:37 Repeat$_Repeat_SDF_Director_run_Repeat$__R_sL_4.class
-rw-rw-r--   1 travis travis   540 Jun 11 04:37 Repeat$_Repeat_SDF_Director_run_Repeat$__R_sL_5.class
-rw-rw-r--   1 travis travis   691 Jun 11 04:37 Repeat$_Repeat_SDF_Director_run_Repeat$__R_sL_6.class
-rw-rw-r--   1 travis travis   540 Jun 11 04:37 Repeat$_Repeat_SDF_Director_run_Repeat$__R_sL_7.class
-rw-rw-r--   1 travis travis   863 Jun 11 04:37 Repeat$_varinit_Repeat.class
-rw-rw-r--   1 travis travis   530 Jun 11 04:37 Repeat$_varinit_Repeat$__v_sL_1.class
-rw-rw-r--   1 travis travis   531 Jun 11 04:37 Repeat$_varinit_Repeat$__v_sL_2.class
-rw-rw-r--   1 travis travis   905 Jun 11 04:37 Repeat$_varinit_Repeat$__v_sL_4.class
-rw-rw-r--   1 travis travis   635 Jun 11 04:37 Repeat$_wrapup_Repeat.class
-rw-rw-r--   1 travis travis   965 Jun 11 04:37 Repeat$_wrapup_Repeat$__w_sL_1.class
-rw-rw-r--   1 travis travis   289 Jun 11 04:32 result.csv
drwxrwxr-x   3 travis travis 12288 Jun 11 04:35 Scrambler1
drwxrwxr-x   3 travis travis 20480 Jun 11 04:34 Sinewave2
drwxrwxr-x   3 travis travis 69632 Jun 11 04:35 StringCompare
drwxrwxr-x   3 travis travis 32768 Jun 11 04:35 StringFunction
drwxrwxr-x   3 travis travis 12288 Jun 11 04:35 StringLength
drwxrwxr-x   3 travis travis 57344 Jun 11 04:36 StringSimpleReplace
drwxrwxr-x   3 travis travis 12288 Jun 11 04:37 time2
drwxrwxr-x   3 travis travis 12288 Jun 11 04:37 time5
-rw-rw-r--   1 travis travis   432 Jun 11 04:38 Token.class
-rw-rw-r--   1 travis travis   251 Jun 11 04:38 Token.java
-rw-rw-r--   1 travis travis     0 Jun 11 04:37 top.
-rw-rw-r--   1 travis travis 20502 Jun 11 04:32 top.c
-rw-rw-r--   1 travis travis  3567 Jun 11 04:37 top.class
-rw-rw-r--   1 travis travis   169 Jun 11 04:32 top.html
-rw-rw-r--   1 travis travis  7552 Jun 11 04:37 top.java
-rw-rw-r--   1 travis travis 38888 Jun 11 04:32 top.o
drwxrwxr-x   3 travis travis 57344 Jun 11 04:34 UnaryMathFunction
All Done
Writing ModularCodeGen6_A_A2.java in file:/home/travis/cg/ (11329 characters)
Reading "ptolemy/cg/kernel/generic/program/procedural/java/modular/makefile.in",
    writing "/home/travis/cg/ModularCodeGen6_A_A2.mk"
Using ptolemy/cg/kernel/generic/program/procedural/java/modular/makefile.in
In "/home/travis/cg", about to execute:
    make -f ModularCodeGen6_A_A2.mk
javac -classpath ".:.."    ModularCodeGen6_A_A2.java
All Done
In "/home/travis/cg", about to execute:
    pwd
In "/home/travis/cg", about to execute:
    ls -l
/home/travis/cg
In "/home/travis/cg", about to execute:
    javac -classpath
.:/home/travis/build/icyphy/ptII:/home/travis/build/icyphy/ptII/lib/bsh-2.0b4.j
ar:/home/travis/build/icyphy/ptII/lib/ptCal.jar:/home/travis/build/icyphy/ptII/
lib/java_cup.jar:/home/travis/build/icyphy/ptII/lib/saxon8.jar:/home/travis/bui
ld/icyphy/ptII/lib/saxon8-dom.jar:/home/travis/build/icyphy/ptII/lib/chic.jar:/
home/travis/build/icyphy/ptII/lib/ptcolt.jar:/usr/lib/jvm/java-8-oracle/lib/too
ls.jar:/home/travis/build/icyphy/ptII/vendors/misc/itext/iText.jar:/home/travis
/build/icyphy/ptII/lib/g4ltl.jar:/home/travis/build/icyphy/ptII/lib/StructuralC
oder.jar:/home/travis/build/icyphy/ptII/vendors/jai-1_1_2_01/lib/jai_core.jar:/
home/travis/build/icyphy/ptII/vendors/jai-1_1_2_01/lib/jai_codec.jar:/home/trav
is/build/icyphy/ptII/lib/jcerti.jar:/home/travis/build/icyphy/ptII/lib/javax.ma
il.jar:/home/travis/build/icyphy/ptII/vendors/JMF-2.1.1e/lib/jmf.jar:/home/trav
is/build/icyphy/ptII/lib/jna-4.0.0-variadic.jar:/home/travis/build/icyphy/ptII/
vendors/misc/joystick/Joystick.jar:/home/travis/build/icyphy/ptII/lib/ptjacl.ja
r:/home/travis/build/icyphy/ptII/lib/jsoup-1.8.2.jar:/home/travis/build/icyphy/
ptII/lib/junit-4.8.2.jar:/home/travis/build/icyphy/ptII/lib/JUnitParams-0.4.0.j
ar:/home/travis/build/icyphy/ptII/ptolemy/actor/lib/excel/jxl.jar:/home/travis/
build/icyphy/ptII/lib/jython.jar:/home/travis/build/icyphy/ptII/lib/kieler.jar:
/home/travis/build/icyphy/ptII/vendors/opencv/share/OpenCV/java/opencv-341.jar:
/home/travis/build/icyphy/ptII/lib/oscP5.jar:/home/travis/build/icyphy/ptII/lib
/nrjavaserial-3.11.0.devel.jar:/home/travis/build/icyphy/ptII/vendors/j3d/lib/j
3dcore.jar:/home/travis/build/icyphy/ptII/vendors/j3d/lib/j3dutils.jar:/home/tr
avis/build/icyphy/ptII/vendors/j3d/lib/vecmath.jar:/home/travis/build/icyphy/pt
II/ptolemy/distributed/jini/jar/jini-core.jar:/home/travis/build/icyphy/ptII/pt
olemy/distributed/jini/jar/jini-ext.jar:/home/travis/build/icyphy/ptII/ptolemy/
distributed/jini/jar/sun-util.jar:/home/travis/build/icyphy/ptII/lib/protobuf-j
ava-2.4.1.jar:/home/travis/build/icyphy/ptII/lib/org.eclipse.paho.client.mqttv3
.jar:/home/travis/build/icyphy/ptII/lib/mapss.jar:/home/travis/build/icyphy/ptI
I/ptolemy/actor/ptalon/antlr/antlr.jar:/home/travis/build/icyphy/ptII/lib/JRI.j
ar:/home/travis/build/icyphy/ptII/lib/commons-lang-2.6.jar:/home/travis/build/i
cyphy/ptII/lib/commons-logging-1.1.1.jar:/home/travis/build/icyphy/ptII/lib/soo
tclasses.jar:/home/travis/build/icyphy/ptII/ptolemy/actor/lib/database/mysql-co
nnector-java-5.1.6-bin.jar:/home/travis/build/icyphy/ptII/vendors/misc/sphinx4/
sphinx4-data-5prealpha.jar:/home/travis/build/icyphy/ptII/vendors/misc/sphinx4/
sphinx4-core-5prealpha.jar:/home/travis/build/icyphy/ptII/lib/PDFRenderer.jar:/
home/travis/build/icyphy/ptII/lib/svgSalamander.jar:/home/travis/build/icyphy/p
tII/lib/rsyntaxtextarea-2.6.0-SNAPSHOT.jar:/home/travis/build/icyphy/ptII/lib/h
azelcast-3.8.2.jar:/home/travis/build/icyphy/ptII/lib/jackson-annotations-2.9.0
.jar:/home/travis/build/icyphy/ptII/lib/jackson-core-2.9.3.jar:/home/travis/bui
ld/icyphy/ptII/lib/jackson-databind-2.9.3.jar:/home/travis/build/icyphy/ptII/li
b/netty-buffer-4.1.19.Final.jar:/home/travis/build/icyphy/ptII/lib/netty-codec-
4.1.19.Final.jar:/home/travis/build/icyphy/ptII/lib/netty-codec-dns-4.1.19.Fina
l.jar:/home/travis/build/icyphy/ptII/lib/netty-codec-http-4.1.19.Final.jar:/hom
e/travis/build/icyphy/ptII/lib/netty-codec-http2-4.1.19.Final.jar:/home/travis/
build/icyphy/ptII/lib/netty-common-4.1.19.Final.jar:/home/travis/build/icyphy/p
tII/lib/netty-handler-4.1.19.Final.jar:/home/travis/build/icyphy/ptII/lib/netty
-resolver-4.1.19.Final.jar:/home/travis/build/icyphy/ptII/lib/netty-resolver-dn
s-4.1.19.Final.jar:/home/travis/build/icyphy/ptII/lib/netty-transport-4.1.19.Fi
nal.jar:/home/travis/build/icyphy/ptII/lib/vertx-codegen-3.5.1.jar:/home/travis
/build/icyphy/ptII/lib/vertx-core-3.5.2-SNAPSHOT.jar:/home/travis/build/icyphy/
ptII/lib/vertx-hazelcast-3.5.1.jar:/home/travis/build/icyphy/ptII/lib/vertx-lan
g-js-3.5.1.jar:/home/travis/build/icyphy/ptII/lib/vertx-service-proxy-3.5.1.jar
:/home/travis/build/icyphy/ptII/lib/vertx-web-3.5.1.jar:/home/travis/build/icyp
hy/ptII/lib/slf4j-api-1.7.13.jar:/home/travis/build/icyphy/ptII/lib/slf4j-simpl
e-1.7.13.jar:/home/travis/build/icyphy/ptII/lib/webcam-capture-0.3.12.jar:/home
/travis/build/icyphy/ptII/lib/bridj-0.7.0.jar:/home/travis/build/icyphy/ptII/li
b/xbjlib-1.1.0.nrjavaserial.jar:/home/travis/build/icyphy/ptII/ptolemy/moml/tes
t:/home/travis/build/icyphy/ptII/ant/lib/ant-launcher.jar:/home/travis/build/ic
yphy/ptII/ant/lib/ant.jar:/home/travis/build/icyphy/ptII/ant/lib/ant-junit.jar:
/home/travis/build/icyphy/ptII/ant/lib/ant-junit4.jar:/home/travis/build/icyphy
/ptII ModularCodeGen6_A_profile.java
total 1884
drwxrwxr-x   3 travis travis 12288 Jun 11 04:33 AbsoluteValue
drwxrwxr-x   3 travis travis 16384 Jun 11 04:33 Case1
drwxrwxr-x   3 travis travis 32768 Jun 11 04:33 Case2
-rw-rw-r--   1 travis travis  4895 Jun 11 04:37 CompiledCompositeActor_CompiledCompositeActor.class
-rw-rw-r--   1 travis travis  1592 Jun 11 04:37 CompiledCompositeActor_CompiledCompositeActor$_CompiledCompositeActor_CompiledCompositeActor.class
-rw-rw-r--   1 travis travis 13466 Jun 11 04:37 CompiledCompositeActor_CompiledCompositeActor.java
-rw-rw-r--   1 travis travis  1593 Jun 11 04:37 CompiledCompositeActor_CompiledCompositeActor.mk
drwxrwxr-x   3 travis travis 24576 Jun 11 04:35 DeScrambler
drwxrwxr-x   3 travis travis 16384 Jun 11 04:36 DotProduct
drwxrwxr-x   3 travis travis 12288 Jun 11 04:33 FileWriter1
drwxrwxr-x   3 travis travis 20480 Jun 11 04:32 FixToDoubleAndBack
drwxrwxr-x   3 travis travis 16384 Jun 11 04:33 Gaussian1
drwxrwxr-x   3 travis travis 20480 Jun 11 04:33 Gaussian2
-rw-rw-r--   1 travis travis  4457 Jun 11 04:37 JavaCompiledCompositeTest1_CompiledCompositeActor.class
-rw-rw-r--   1 travis travis 11637 Jun 11 04:37 JavaCompiledCompositeTest1_CompiledCompositeActor.java
-rw-rw-r--   1 travis travis  1198 Jun 11 04:37 JavaCompiledCompositeTest1_CompiledCompositeActor$_JavaCompiledCompositeTest1_CompiledCompositeActor.class
-rw-rw-r--   1 travis travis  1625 Jun 11 04:37 JavaCompiledCompositeTest1_CompiledCompositeActor.mk
-rw-rw-r--   1 travis travis  4888 Jun 11 04:37 JavaCompiledCompositeTest2_CompiledCompositeActor.class
-rw-rw-r--   1 travis travis 14919 Jun 11 04:37 JavaCompiledCompositeTest2_CompiledCompositeActor.java
-rw-rw-r--   1 travis travis  1793 Jun 11 04:37 JavaCompiledCompositeTest2_CompiledCompositeActor$_JavaCompiledCompositeTest2_CompiledCompositeActor.class
-rw-rw-r--   1 travis travis  1625 Jun 11 04:37 JavaCompiledCompositeTest2_CompiledCompositeActor.mk
-rw-rw-r--   1 travis travis  4505 Jun 11 04:37 JavaCompiledCompositeTest3_CompiledCompositeActor.class
-rw-rw-r--   1 travis travis 13080 Jun 11 04:37 JavaCompiledCompositeTest3_CompiledCompositeActor.java
-rw-rw-r--   1 travis travis  1378 Jun 11 04:37 JavaCompiledCompositeTest3_CompiledCompositeActor$_JavaCompiledCompositeTest3_CompiledCompositeActor.class
-rw-rw-r--   1 travis travis  1625 Jun 11 04:37 JavaCompiledCompositeTest3_CompiledCompositeActor.mk
-rw-rw-r--   1 travis travis  3953 Jun 11 04:37 JavaCompiledCompositeTest4_CompiledCompositeActor.class
-rw-rw-r--   1 travis travis  9687 Jun 11 04:37 JavaCompiledCompositeTest4_CompiledCompositeActor.java
-rw-rw-r--   1 travis travis   857 Jun 11 04:37 JavaCompiledCompositeTest4_CompiledCompositeActor$_JavaCompiledCompositeTest4_CompiledCompositeActor.class
-rw-rw-r--   1 travis travis  1625 Jun 11 04:37 JavaCompiledCompositeTest4_CompiledCompositeActor.mk
drwxrwxr-x   3 travis travis 12288 Jun 11 04:33 LookupTable
drwxrwxr-x   3 travis travis 20480 Jun 11 04:34 MaxIndex
-rw-rw-r--   1 travis travis  3693 Jun 11 04:37 ModularCG_A1_B1.class
-rw-rw-r--   1 travis travis  9730 Jun 11 04:37 ModularCG_A1_B1.java
-rw-rw-r--   1 travis travis   832 Jun 11 04:37 ModularCG_A1_B1.mk
-rw-rw-r--   1 travis travis  1318 Jun 11 04:37 ModularCG_A1_B1_profile.class
-rw-rw-r--   1 travis travis  1262 Jun 11 04:37 ModularCG_A1_B1_profile.java
-rw-rw-r--   1 travis travis  3693 Jun 11 04:37 ModularCG_A1_B2.class
-rw-rw-r--   1 travis travis  9730 Jun 11 04:37 ModularCG_A1_B2.java
-rw-rw-r--   1 travis travis   832 Jun 11 04:37 ModularCG_A1_B2.mk
-rw-rw-r--   1 travis travis  1318 Jun 11 04:37 ModularCG_A1_B2_profile.class
-rw-rw-r--   1 travis travis  1262 Jun 11 04:37 ModularCG_A1_B2_profile.java
-rw-rw-r--   1 travis travis  4799 Jun 11 04:37 ModularCG_A1.class
-rw-rw-r--   1 travis travis 14742 Jun 11 04:37 ModularCG_A1.java
-rw-rw-r--   1 travis travis   808 Jun 11 04:37 ModularCG_A1.mk
-rw-rw-r--   1 travis travis  1433 Jun 11 04:37 ModularCG_A1_profile.class
-rw-rw-r--   1 travis travis  1704 Jun 11 04:37 ModularCG_A1_profile.java
-rw-rw-r--   1 travis travis  3827 Jun 11 04:37 ModularCG_A2_B1.class
-rw-rw-r--   1 travis travis 10667 Jun 11 04:37 ModularCG_A2_B1.java
-rw-rw-r--   1 travis travis   832 Jun 11 04:37 ModularCG_A2_B1.mk
-rw-rw-r--   1 travis travis  1381 Jun 11 04:37 ModularCG_A2_B1_profile.class
-rw-rw-r--   1 travis travis  1446 Jun 11 04:37 ModularCG_A2_B1_profile.java
-rw-rw-r--   1 travis travis  3693 Jun 11 04:37 ModularCG_A2_B2.class
-rw-rw-r--   1 travis travis  9730 Jun 11 04:37 ModularCG_A2_B2.java
-rw-rw-r--   1 travis travis   832 Jun 11 04:37 ModularCG_A2_B2.mk
-rw-rw-r--   1 travis travis  1318 Jun 11 04:37 ModularCG_A2_B2_profile.class
-rw-rw-r--   1 travis travis  1262 Jun 11 04:37 ModularCG_A2_B2_profile.java
-rw-rw-r--   1 travis travis  4870 Jun 11 04:37 ModularCG_A2.class
-rw-rw-r--   1 travis travis 15129 Jun 11 04:37 ModularCG_A2.java
-rw-rw-r--   1 travis travis   808 Jun 11 04:37 ModularCG_A2.mk
-rw-rw-r--   1 travis travis  1433 Jun 11 04:37 ModularCG_A2_profile.class
-rw-rw-r--   1 travis travis  1704 Jun 11 04:37 ModularCG_A2_profile.java
-rw-rw-r--   1 travis travis  3473 Jun 11 04:37 ModularCGPubSub_A1_A2.class
-rw-rw-r--   1 travis travis  9076 Jun 11 04:37 ModularCGPubSub_A1_A2.java
-rw-rw-r--   1 travis travis   880 Jun 11 04:37 ModularCGPubSub_A1_A2.mk
-rw-rw-r--   1 travis travis  1300 Jun 11 04:37 ModularCGPubSub_A1_A2_profile.class
-rw-rw-r--   1 travis travis  1222 Jun 11 04:37 ModularCGPubSub_A1_A2_profile.java
-rw-rw-r--   1 travis travis  3790 Jun 11 04:37 ModularCGPubSub_A1.class
-rw-rw-r--   1 travis travis  9836 Jun 11 04:37 ModularCGPubSub_A1.java
-rw-rw-r--   1 travis travis   856 Jun 11 04:37 ModularCGPubSub_A1.mk
-rw-rw-r--   1 travis travis  1346 Jun 11 04:37 ModularCGPubSub_A1_profile.class
-rw-rw-r--   1 travis travis  1388 Jun 11 04:37 ModularCGPubSub_A1_profile.java
-rw-rw-r--   1 travis travis  3988 Jun 11 04:38 ModularCodeGen2_ModularCodeGenTypedCompositeActor.class
-rw-rw-r--   1 travis travis 11690 Jun 11 04:38 ModularCodeGen2_ModularCodeGenTypedCompositeActor.java
-rw-rw-r--   1 travis travis  1104 Jun 11 04:38 ModularCodeGen2_ModularCodeGenTypedCompositeActor.mk
-rw-rw-r--   1 travis travis  4272 Jun 11 04:38 ModularCodeGen2_ModularCodeGenTypedCompositeActor_ModularCodeGenTypedCompositeActor.class
-rw-rw-r--   1 travis travis 11790 Jun 11 04:37 ModularCodeGen2_ModularCodeGenTypedCompositeActor_ModularCodeGenTypedCompositeActor.java
-rw-rw-r--   1 travis travis  1376 Jun 11 04:37 ModularCodeGen2_ModularCodeGenTypedCompositeActor_ModularCodeGenTypedCompositeActor.mk
-rw-rw-r--   1 travis travis  1421 Jun 11 04:37 ModularCodeGen2_ModularCodeGenTypedCompositeActor_ModularCodeGenTypedCompositeActor_profile.class
-rw-rw-r--   1 travis travis  1294 Jun 11 04:37 ModularCodeGen2_ModularCodeGenTypedCompositeActor_ModularCodeGenTypedCompositeActor_profile.java
-rw-rw-r--   1 travis travis   820 Jun 11 04:38 ModularCodeGen2_ModularCodeGenTypedCompositeActor_profile.class
-rw-rw-r--   1 travis travis   693 Jun 11 04:38 ModularCodeGen2_ModularCodeGenTypedCompositeActor_profile.java
-rw-rw-r--   1 travis travis  3741 Jun 11 04:38 ModularCodeGen3_A1_B1.class
-rw-rw-r--   1 travis travis  9958 Jun 11 04:38 ModularCodeGen3_A1_B1.java
-rw-rw-r--   1 travis travis   880 Jun 11 04:38 ModularCodeGen3_A1_B1.mk
-rw-rw-r--   1 travis travis  1330 Jun 11 04:38 ModularCodeGen3_A1_B1_profile.class
-rw-rw-r--   1 travis travis  1274 Jun 11 04:38 ModularCodeGen3_A1_B1_profile.java
-rw-rw-r--   1 travis travis  3741 Jun 11 04:38 ModularCodeGen3_A1_B2.class
-rw-rw-r--   1 travis travis  9958 Jun 11 04:38 ModularCodeGen3_A1_B2.java
-rw-rw-r--   1 travis travis   880 Jun 11 04:38 ModularCodeGen3_A1_B2.mk
-rw-rw-r--   1 travis travis  1330 Jun 11 04:38 ModularCodeGen3_A1_B2_profile.class
-rw-rw-r--   1 travis travis  1274 Jun 11 04:38 ModularCodeGen3_A1_B2_profile.java
-rw-rw-r--   1 travis travis  4961 Jun 11 04:38 ModularCodeGen3_A1.class
-rw-rw-r--   1 travis travis 15564 Jun 11 04:38 ModularCodeGen3_A1.java
-rw-rw-r--   1 travis travis   856 Jun 11 04:38 ModularCodeGen3_A1.mk
-rw-rw-r--   1 travis travis  1445 Jun 11 04:38 ModularCodeGen3_A1_profile.class
-rw-rw-r--   1 travis travis  1716 Jun 11 04:38 ModularCodeGen3_A1_profile.java
-rw-rw-r--   1 travis travis  3887 Jun 11 04:38 ModularCodeGen3_A2_B1.class
-rw-rw-r--   1 travis travis 10955 Jun 11 04:38 ModularCodeGen3_A2_B1.java
-rw-rw-r--   1 travis travis   880 Jun 11 04:38 ModularCodeGen3_A2_B1.mk
-rw-rw-r--   1 travis travis  1393 Jun 11 04:38 ModularCodeGen3_A2_B1_profile.class
-rw-rw-r--   1 travis travis  1458 Jun 11 04:38 ModularCodeGen3_A2_B1_profile.java
-rw-rw-r--   1 travis travis  3741 Jun 11 04:38 ModularCodeGen3_A2_B2.class
-rw-rw-r--   1 travis travis  9958 Jun 11 04:38 ModularCodeGen3_A2_B2.java
-rw-rw-r--   1 travis travis   880 Jun 11 04:38 ModularCodeGen3_A2_B2.mk
-rw-rw-r--   1 travis travis  1330 Jun 11 04:38 ModularCodeGen3_A2_B2_profile.class
-rw-rw-r--   1 travis travis  1274 Jun 11 04:38 ModularCodeGen3_A2_B2_profile.java
-rw-rw-r--   1 travis travis  5038 Jun 11 04:38 ModularCodeGen3_A2.class
-rw-rw-r--   1 travis travis 15957 Jun 11 04:38 ModularCodeGen3_A2.java
-rw-rw-r--   1 travis travis   856 Jun 11 04:38 ModularCodeGen3_A2.mk
-rw-rw-r--   1 travis travis  1445 Jun 11 04:38 ModularCodeGen3_A2_profile.class
-rw-rw-r--   1 travis travis  1716 Jun 11 04:38 ModularCodeGen3_A2_profile.java
-rw-rw-r--   1 travis travis  3794 Jun 11 04:38 ModularCodeGen4_A1_B1.class
-rw-rw-r--   1 travis travis 10312 Jun 11 04:38 ModularCodeGen4_A1_B1.java
-rw-rw-r--   1 travis travis   880 Jun 11 04:38 ModularCodeGen4_A1_B1.mk
-rw-rw-r--   1 travis travis  1330 Jun 11 04:38 ModularCodeGen4_A1_B1_profile.class
-rw-rw-r--   1 travis travis  1273 Jun 11 04:38 ModularCodeGen4_A1_B1_profile.java
-rw-rw-r--   1 travis travis  3794 Jun 11 04:38 ModularCodeGen4_A1_B2.class
-rw-rw-r--   1 travis travis 10312 Jun 11 04:38 ModularCodeGen4_A1_B2.java
-rw-rw-r--   1 travis travis   880 Jun 11 04:38 ModularCodeGen4_A1_B2.mk
-rw-rw-r--   1 travis travis  1330 Jun 11 04:38 ModularCodeGen4_A1_B2_profile.class
-rw-rw-r--   1 travis travis  1273 Jun 11 04:38 ModularCodeGen4_A1_B2_profile.java
-rw-rw-r--   1 travis travis  5101 Jun 11 04:38 ModularCodeGen4_A1.class
-rw-rw-r--   1 travis travis 16245 Jun 11 04:38 ModularCodeGen4_A1.java
-rw-rw-r--   1 travis travis   856 Jun 11 04:38 ModularCodeGen4_A1.mk
-rw-rw-r--   1 travis travis  1445 Jun 11 04:38 ModularCodeGen4_A1_profile.class
-rw-rw-r--   1 travis travis  1712 Jun 11 04:38 ModularCodeGen4_A1_profile.java
-rw-rw-r--   1 travis travis  3988 Jun 11 04:38 ModularCodeGen4_A2_B1.class
-rw-rw-r--   1 travis travis 11375 Jun 11 04:38 ModularCodeGen4_A2_B1.java
-rw-rw-r--   1 travis travis   880 Jun 11 04:38 ModularCodeGen4_A2_B1.mk
-rw-rw-r--   1 travis travis  1393 Jun 11 04:38 ModularCodeGen4_A2_B1_profile.class
-rw-rw-r--   1 travis travis  1454 Jun 11 04:38 ModularCodeGen4_A2_B1_profile.java
-rw-rw-r--   1 travis travis  3842 Jun 11 04:38 ModularCodeGen4_A2_B2.class
-rw-rw-r--   1 travis travis 10378 Jun 11 04:38 ModularCodeGen4_A2_B2.java
-rw-rw-r--   1 travis travis   880 Jun 11 04:38 ModularCodeGen4_A2_B2.mk
-rw-rw-r--   1 travis travis  1330 Jun 11 04:38 ModularCodeGen4_A2_B2_profile.class
-rw-rw-r--   1 travis travis  1270 Jun 11 04:38 ModularCodeGen4_A2_B2_profile.java
-rw-rw-r--   1 travis travis  5274 Jun 11 04:38 ModularCodeGen4_A2.class
-rw-rw-r--   1 travis travis 16770 Jun 11 04:38 ModularCodeGen4_A2.java
-rw-rw-r--   1 travis travis   856 Jun 11 04:38 ModularCodeGen4_A2.mk
-rw-rw-r--   1 travis travis  1445 Jun 11 04:38 ModularCodeGen4_A2_profile.class
-rw-rw-r--   1 travis travis  1712 Jun 11 04:38 ModularCodeGen4_A2_profile.java
-rw-rw-r--   1 travis travis  6838 Jun 11 04:38 ModularCodeGen5_A_A.class
-rw-rw-r--   1 travis travis 28721 Jun 11 04:38 ModularCodeGen5_A_A.java
-rw-rw-r--   1 travis travis   864 Jun 11 04:38 ModularCodeGen5_A_A.mk
-rw-rw-r--   1 travis travis  1520 Jun 11 04:38 ModularCodeGen5_A_A_profile.class
-rw-rw-r--   1 travis travis  1815 Jun 11 04:38 ModularCodeGen5_A_A_profile.java
-rw-rw-r--   1 travis travis  5115 Jun 11 04:38 ModularCodeGen5_A.class
-rw-rw-r--   1 travis travis 13769 Jun 11 04:38 ModularCodeGen5_A.java
-rw-rw-r--   1 travis travis   848 Jun 11 04:38 ModularCodeGen5_A.mk
-rw-rw-r--   1 travis travis  1422 Jun 11 04:38 ModularCodeGen5_A_profile.class
-rw-rw-r--   1 travis travis  1605 Jun 11 04:38 ModularCodeGen5_A_profile.java
-rw-rw-r--   1 travis travis  4125 Jun 11 04:38 ModularCodeGen6_A_A2.class
-rw-rw-r--   1 travis travis 11329 Jun 11 04:38 ModularCodeGen6_A_A2.java
-rw-rw-r--   1 travis travis   872 Jun 11 04:38 ModularCodeGen6_A_A2.mk
-rw-rw-r--   1 travis travis  1351 Jun 11 04:38 ModularCodeGen6_A_A2_profile.class
-rw-rw-r--   1 travis travis  1364 Jun 11 04:38 ModularCodeGen6_A_A2_profile.java
-rw-rw-r--   1 travis travis  4108 Jun 11 04:38 ModularCodeGen6_A_A.class
-rw-rw-r--   1 travis travis 11221 Jun 11 04:38 ModularCodeGen6_A_A.java
-rw-rw-r--   1 travis travis   864 Jun 11 04:38 ModularCodeGen6_A_A.mk
-rw-rw-r--   1 travis travis  1348 Jun 11 04:38 ModularCodeGen6_A_A_profile.class
-rw-rw-r--   1 travis travis  1361 Jun 11 04:38 ModularCodeGen6_A_A_profile.java
-rw-rw-r--   1 travis travis  1810 Jun 11 04:38 ModularCodeGen6_A_profile.java
-rw-rw-r--   1 travis travis  3954 Jun 11 04:37 ModularCodeGen_ModularCodeGenTypedCompositeActor.class
-rw-rw-r--   1 travis travis 10970 Jun 11 04:37 ModularCodeGen_ModularCodeGenTypedCompositeActor.java
-rw-rw-r--   1 travis travis  1096 Jun 11 04:37 ModularCodeGen_ModularCodeGenTypedCompositeActor.mk
-rw-rw-r--   1 travis travis  1384 Jun 11 04:37 ModularCodeGen_ModularCodeGenTypedCompositeActor_profile.class
-rw-rw-r--   1 travis travis  1328 Jun 11 04:37 ModularCodeGen_ModularCodeGenTypedCompositeActor_profile.java
-rw-rw-r--   1 travis travis  3492 Jun 11 04:37 ModularCodeGenTest_A1_A2.class
-rw-rw-r--   1 travis travis   904 Jun 11 04:37 ModularCodeGenTest_A1_A2.mk
-rw-rw-r--   1 travis travis  1306 Jun 11 04:37 ModularCodeGenTest_A1_A2_profile.class
-rw-rw-r--   1 travis travis  3823 Jun 11 04:37 ModularCodeGenTest_A1.class
-rw-rw-r--   1 travis travis  9968 Jun 11 04:37 ModularCodeGenTest_A1.java
-rw-rw-r--   1 travis travis   880 Jun 11 04:37 ModularCodeGenTest_A1.mk
-rw-rw-r--   1 travis travis  1352 Jun 11 04:37 ModularCodeGenTest_A1_profile.class
-rw-rw-r--   1 travis travis  1394 Jun 11 04:37 ModularCodeGenTest_A1_profile.java
drwxrwxr-x   3 travis travis 36864 Jun 11 04:37 modulation2
drwxrwxr-x   3 travis travis 20480 Jun 11 04:34 Multiplexor
drwxrwxr-x 242 travis travis 12288 Jun 11 04:37 node_modules
drwxrwxr-x   3 travis travis 20480 Jun 11 04:34 PhaseUnwrap
-rw-rw-r--   1 travis travis   520 Jun 11 04:37 Repeat$_fireFunction_Repeat_Repeat$__f_sL_0.class
-rw-rw-r--   1 travis travis   522 Jun 11 04:37 Repeat$_fireFunction_Repeat_Repeat$__f_sL_10.class
-rw-rw-r--   1 travis travis   666 Jun 11 04:37 Repeat$_fireFunction_Repeat_Repeat$__f_sL_11.class
-rw-rw-r--   1 travis travis   522 Jun 11 04:37 Repeat$_fireFunction_Repeat_Repeat$__f_sL_13.class
-rw-rw-r--   1 travis travis   665 Jun 11 04:37 Repeat$_fireFunction_Repeat_Repeat$__f_sL_1.class
-rw-rw-r--   1 travis travis   520 Jun 11 04:37 Repeat$_fireFunction_Repeat_Repeat$__f_sL_2.class
-rw-rw-r--   1 travis travis   520 Jun 11 04:37 Repeat$_fireFunction_Repeat_Repeat$__f_sL_3.class
-rw-rw-r--   1 travis travis   520 Jun 11 04:37 Repeat$_fireFunction_Repeat_Repeat$__f_sL_5.class
-rw-rw-r--   1 travis travis   671 Jun 11 04:37 Repeat$_fireFunction_Repeat_Repeat$__f_sL_7.class
-rw-rw-r--   1 travis travis   520 Jun 11 04:37 Repeat$_fireFunction_Repeat_Repeat$__f_sL_9.class
-rw-rw-r--   1 travis travis   813 Jun 11 04:37 Repeat$_initialize_Repeat.class
-rw-rw-r--   1 travis travis   475 Jun 11 04:37 Repeat$_initialize_Repeat$__i_sL_0.class
-rw-rw-r--   1 travis travis   519 Jun 11 04:37 Repeat$_initialize_Repeat$__i_sL_3.class
-rw-rw-r--   1 travis travis 39778 Jun 11 04:37 Repeat.java
-rw-rw-r--   1 travis travis  1281 Jun 11 04:37 Repeat.mk
-rw-rw-r--   1 travis travis   520 Jun 11 04:37 Repeat$_preinitializeMethod_Repeat$__p_sL_0.class
-rw-rw-r--   1 travis travis   520 Jun 11 04:37 Repeat$_preinitializeMethod_Repeat$__p_sL_1.class
-rw-rw-r--   1 travis travis  1083 Jun 11 04:37 Repeat$_Repeat$_fireFunction_Repeat_AddSubtract_Repeat.class
-rw-rw-r--   1 travis travis   791 Jun 11 04:37 Repeat$_Repeat$_fireFunction_Repeat_AddSubtract_Repeat$__f_sL_0.class
-rw-rw-r--   1 travis travis   909 Jun 11 04:37 Repeat$_Repeat$_fireFunction_Repeat_AddSubtract_Repeat$__f_sL_1.class
-rw-rw-r--   1 travis travis   915 Jun 11 04:37 Repeat$_Repeat$_fireFunction_Repeat_AddSubtract_Repeat$__f_sL_2.class
-rw-rw-r--   1 travis travis   838 Jun 11 04:37 Repeat$_Repeat$_fireFunction_Repeat_Ramp2_Repeat$__f_sL_1.class
-rw-rw-r--   1 travis travis  1785 Jun 11 04:37 Repeat$_Repeat$_fireFunction_Repeat_Test_Repeat$__f_sL_2.class
-rw-rw-r--   1 travis travis   685 Jun 11 04:37 Repeat$_Repeat_SDF_Director_run_Repeat$__R_sL_0.class
-rw-rw-r--   1 travis travis   540 Jun 11 04:37 Repeat$_Repeat_SDF_Director_run_Repeat$__R_sL_1.class
-rw-rw-r--   1 travis travis   540 Jun 11 04:37 Repeat$_Repeat_SDF_Director_run_Repeat$__R_sL_2.class
-rw-rw-r--   1 travis travis   540 Jun 11 04:37 Repeat$_Repeat_SDF_Director_run_Repeat$__R_sL_4.class
-rw-rw-r--   1 travis travis   540 Jun 11 04:37 Repeat$_Repeat_SDF_Director_run_Repeat$__R_sL_5.class
-rw-rw-r--   1 travis travis   691 Jun 11 04:37 Repeat$_Repeat_SDF_Director_run_Repeat$__R_sL_6.class
-rw-rw-r--   1 travis travis   540 Jun 11 04:37 Repeat$_Repeat_SDF_Director_run_Repeat$__R_sL_7.class
-rw-rw-r--   1 travis travis   863 Jun 11 04:37 Repeat$_varinit_Repeat.class
-rw-rw-r--   1 travis travis   530 Jun 11 04:37 Repeat$_varinit_Repeat$__v_sL_1.class
-rw-rw-r--   1 travis travis   531 Jun 11 04:37 Repeat$_varinit_Repeat$__v_sL_2.class
-rw-rw-r--   1 travis travis   905 Jun 11 04:37 Repeat$_varinit_Repeat$__v_sL_4.class
-rw-rw-r--   1 travis travis   635 Jun 11 04:37 Repeat$_wrapup_Repeat.class
-rw-rw-r--   1 travis travis   965 Jun 11 04:37 Repeat$_wrapup_Repeat$__w_sL_1.class
-rw-rw-r--   1 travis travis   289 Jun 11 04:32 result.csv
drwxrwxr-x   3 travis travis 12288 Jun 11 04:35 Scrambler1
drwxrwxr-x   3 travis travis 20480 Jun 11 04:34 Sinewave2
drwxrwxr-x   3 travis travis 69632 Jun 11 04:35 StringCompare
drwxrwxr-x   3 travis travis 32768 Jun 11 04:35 StringFunction
drwxrwxr-x   3 travis travis 12288 Jun 11 04:35 StringLength
drwxrwxr-x   3 travis travis 57344 Jun 11 04:36 StringSimpleReplace
drwxrwxr-x   3 travis travis 12288 Jun 11 04:37 time2
drwxrwxr-x   3 travis travis 12288 Jun 11 04:37 time5
-rw-rw-r--   1 travis travis   432 Jun 11 04:38 Token.class
-rw-rw-r--   1 travis travis   251 Jun 11 04:38 Token.java
-rw-rw-r--   1 travis travis     0 Jun 11 04:37 top.
-rw-rw-r--   1 travis travis 20502 Jun 11 04:32 top.c
-rw-rw-r--   1 travis travis  3567 Jun 11 04:37 top.class
-rw-rw-r--   1 travis travis   169 Jun 11 04:32 top.html
-rw-rw-r--   1 travis travis  7552 Jun 11 04:37 top.java
-rw-rw-r--   1 travis travis 38888 Jun 11 04:32 top.o
drwxrwxr-x   3 travis travis 57344 Jun 11 04:34 UnaryMathFunction
All Done
Writing ModularCodeGen6_A.java in file:/home/travis/cg/ (26535 characters)
Reading "ptolemy/cg/kernel/generic/program/procedural/java/modular/makefile.in",
    writing "/home/travis/cg/ModularCodeGen6_A.mk"
Using ptolemy/cg/kernel/generic/program/procedural/java/modular/makefile.in
In "/home/travis/cg", about to execute:
    make -f ModularCodeGen6_A.mk
javac -classpath ".:.."    ModularCodeGen6_A.java
All Done
6369 ms. Memory: 151040K Free: 59005K (39%)
----------------- Invoking toplevel() on ptolemy.moml.MoMLSimpleApplication@30b7426c
----------------- Done invoking toplevel() on ptolemy.moml.MoMLSimpleApplication@30b7426c
reloadAllAccessors: .ModularCodeGen6

===========================================================================================
----------------- testing Tue Jun 11 04:38:37 UTC 2019 /home/travis/build/icyphy/ptII/ptolemy/cg/lib/test/auto/ModularCodeGenLazyPubSub.xml
----------------- Instantiating /home/travis/build/icyphy/ptII/ptolemy/cg/lib/test/auto/ModularCodeGenLazyPubSub.xml
In "/home/travis/cg", about to execute:
    pwd
In "/home/travis/cg", about to execute:
    ls -l
/home/travis/cg
In "/home/travis/cg", about to execute:
    javac -classpath
.:/home/travis/build/icyphy/ptII:/home/travis/build/icyphy/ptII/lib/bsh-2.0b4.j
ar:/home/travis/build/icyphy/ptII/lib/ptCal.jar:/home/travis/build/icyphy/ptII/
lib/java_cup.jar:/home/travis/build/icyphy/ptII/lib/saxon8.jar:/home/travis/bui
ld/icyphy/ptII/lib/saxon8-dom.jar:/home/travis/build/icyphy/ptII/lib/chic.jar:/
home/travis/build/icyphy/ptII/lib/ptcolt.jar:/usr/lib/jvm/java-8-oracle/lib/too
ls.jar:/home/travis/build/icyphy/ptII/vendors/misc/itext/iText.jar:/home/travis
/build/icyphy/ptII/lib/g4ltl.jar:/home/travis/build/icyphy/ptII/lib/StructuralC
oder.jar:/home/travis/build/icyphy/ptII/vendors/jai-1_1_2_01/lib/jai_core.jar:/
home/travis/build/icyphy/ptII/vendors/jai-1_1_2_01/lib/jai_codec.jar:/home/trav
is/build/icyphy/ptII/lib/jcerti.jar:/home/travis/build/icyphy/ptII/lib/javax.ma
il.jar:/home/travis/build/icyphy/ptII/vendors/JMF-2.1.1e/lib/jmf.jar:/home/trav
is/build/icyphy/ptII/lib/jna-4.0.0-variadic.jar:/home/travis/build/icyphy/ptII/
vendors/misc/joystick/Joystick.jar:/home/travis/build/icyphy/ptII/lib/ptjacl.ja
r:/home/travis/build/icyphy/ptII/lib/jsoup-1.8.2.jar:/home/travis/build/icyphy/
ptII/lib/junit-4.8.2.jar:/home/travis/build/icyphy/ptII/lib/JUnitParams-0.4.0.j
ar:/home/travis/build/icyphy/ptII/ptolemy/actor/lib/excel/jxl.jar:/home/travis/
build/icyphy/ptII/lib/jython.jar:/home/travis/build/icyphy/ptII/lib/kieler.jar:
/home/travis/build/icyphy/ptII/vendors/opencv/share/OpenCV/java/opencv-341.jar:
/home/travis/build/icyphy/ptII/lib/oscP5.jar:/home/travis/build/icyphy/ptII/lib
/nrjavaserial-3.11.0.devel.jar:/home/travis/build/icyphy/ptII/vendors/j3d/lib/j
3dcore.jar:/home/travis/build/icyphy/ptII/vendors/j3d/lib/j3dutils.jar:/home/tr
avis/build/icyphy/ptII/vendors/j3d/lib/vecmath.jar:/home/travis/build/icyphy/pt
II/ptolemy/distributed/jini/jar/jini-core.jar:/home/travis/build/icyphy/ptII/pt
olemy/distributed/jini/jar/jini-ext.jar:/home/travis/build/icyphy/ptII/ptolemy/
distributed/jini/jar/sun-util.jar:/home/travis/build/icyphy/ptII/lib/protobuf-j
ava-2.4.1.jar:/home/travis/build/icyphy/ptII/lib/org.eclipse.paho.client.mqttv3
.jar:/home/travis/build/icyphy/ptII/lib/mapss.jar:/home/travis/build/icyphy/ptI
I/ptolemy/actor/ptalon/antlr/antlr.jar:/home/travis/build/icyphy/ptII/lib/JRI.j
ar:/home/travis/build/icyphy/ptII/lib/commons-lang-2.6.jar:/home/travis/build/i
cyphy/ptII/lib/commons-logging-1.1.1.jar:/home/travis/build/icyphy/ptII/lib/soo
tclasses.jar:/home/travis/build/icyphy/ptII/ptolemy/actor/lib/database/mysql-co
nnector-java-5.1.6-bin.jar:/home/travis/build/icyphy/ptII/vendors/misc/sphinx4/
sphinx4-data-5prealpha.jar:/home/travis/build/icyphy/ptII/vendors/misc/sphinx4/
sphinx4-core-5prealpha.jar:/home/travis/build/icyphy/ptII/lib/PDFRenderer.jar:/
home/travis/build/icyphy/ptII/lib/svgSalamander.jar:/home/travis/build/icyphy/p
tII/lib/rsyntaxtextarea-2.6.0-SNAPSHOT.jar:/home/travis/build/icyphy/ptII/lib/h
azelcast-3.8.2.jar:/home/travis/build/icyphy/ptII/lib/jackson-annotations-2.9.0
.jar:/home/travis/build/icyphy/ptII/lib/jackson-core-2.9.3.jar:/home/travis/bui
ld/icyphy/ptII/lib/jackson-databind-2.9.3.jar:/home/travis/build/icyphy/ptII/li
b/netty-buffer-4.1.19.Final.jar:/home/travis/build/icyphy/ptII/lib/netty-codec-
4.1.19.Final.jar:/home/travis/build/icyphy/ptII/lib/netty-codec-dns-4.1.19.Fina
l.jar:/home/travis/build/icyphy/ptII/lib/netty-codec-http-4.1.19.Final.jar:/hom
e/travis/build/icyphy/ptII/lib/netty-codec-http2-4.1.19.Final.jar:/home/travis/
build/icyphy/ptII/lib/netty-common-4.1.19.Final.jar:/home/travis/build/icyphy/p
tII/lib/netty-handler-4.1.19.Final.jar:/home/travis/build/icyphy/ptII/lib/netty
-resolver-4.1.19.Final.jar:/home/travis/build/icyphy/ptII/lib/netty-resolver-dn
s-4.1.19.Final.jar:/home/travis/build/icyphy/ptII/lib/netty-transport-4.1.19.Fi
nal.jar:/home/travis/build/icyphy/ptII/lib/vertx-codegen-3.5.1.jar:/home/travis
/build/icyphy/ptII/lib/vertx-core-3.5.2-SNAPSHOT.jar:/home/travis/build/icyphy/
ptII/lib/vertx-hazelcast-3.5.1.jar:/home/travis/build/icyphy/ptII/lib/vertx-lan
g-js-3.5.1.jar:/home/travis/build/icyphy/ptII/lib/vertx-service-proxy-3.5.1.jar
:/home/travis/build/icyphy/ptII/lib/vertx-web-3.5.1.jar:/home/travis/build/icyp
hy/ptII/lib/slf4j-api-1.7.13.jar:/home/travis/build/icyphy/ptII/lib/slf4j-simpl
e-1.7.13.jar:/home/travis/build/icyphy/ptII/lib/webcam-capture-0.3.12.jar:/home
/travis/build/icyphy/ptII/lib/bridj-0.7.0.jar:/home/travis/build/icyphy/ptII/li
b/xbjlib-1.1.0.nrjavaserial.jar:/home/travis/build/icyphy/ptII/ptolemy/moml/tes
t:/home/travis/build/icyphy/ptII/ant/lib/ant-launcher.jar:/home/travis/build/ic
yphy/ptII/ant/lib/ant.jar:/home/travis/build/icyphy/ptII/ant/lib/ant-junit.jar:
/home/travis/build/icyphy/ptII/ant/lib/ant-junit4.jar:/home/travis/build/icyphy
/ptII ModularCodeGenLazyPubSub_LazyCompositeActor_profile.java
total 1932
drwxrwxr-x   3 travis travis 12288 Jun 11 04:33 AbsoluteValue
drwxrwxr-x   3 travis travis 16384 Jun 11 04:33 Case1
drwxrwxr-x   3 travis travis 32768 Jun 11 04:33 Case2
-rw-rw-r--   1 travis travis  4895 Jun 11 04:37 CompiledCompositeActor_CompiledCompositeActor.class
-rw-rw-r--   1 travis travis  1592 Jun 11 04:37 CompiledCompositeActor_CompiledCompositeActor$_CompiledCompositeActor_CompiledCompositeActor.class
-rw-rw-r--   1 travis travis 13466 Jun 11 04:37 CompiledCompositeActor_CompiledCompositeActor.java
-rw-rw-r--   1 travis travis  1593 Jun 11 04:37 CompiledCompositeActor_CompiledCompositeActor.mk
drwxrwxr-x   3 travis travis 24576 Jun 11 04:35 DeScrambler
drwxrwxr-x   3 travis travis 16384 Jun 11 04:36 DotProduct
drwxrwxr-x   3 travis travis 12288 Jun 11 04:33 FileWriter1
drwxrwxr-x   3 travis travis 20480 Jun 11 04:32 FixToDoubleAndBack
drwxrwxr-x   3 travis travis 16384 Jun 11 04:33 Gaussian1
drwxrwxr-x   3 travis travis 20480 Jun 11 04:33 Gaussian2
-rw-rw-r--   1 travis travis  4457 Jun 11 04:37 JavaCompiledCompositeTest1_CompiledCompositeActor.class
-rw-rw-r--   1 travis travis 11637 Jun 11 04:37 JavaCompiledCompositeTest1_CompiledCompositeActor.java
-rw-rw-r--   1 travis travis  1198 Jun 11 04:37 JavaCompiledCompositeTest1_CompiledCompositeActor$_JavaCompiledCompositeTest1_CompiledCompositeActor.class
-rw-rw-r--   1 travis travis  1625 Jun 11 04:37 JavaCompiledCompositeTest1_CompiledCompositeActor.mk
-rw-rw-r--   1 travis travis  4888 Jun 11 04:37 JavaCompiledCompositeTest2_CompiledCompositeActor.class
-rw-rw-r--   1 travis travis 14919 Jun 11 04:37 JavaCompiledCompositeTest2_CompiledCompositeActor.java
-rw-rw-r--   1 travis travis  1793 Jun 11 04:37 JavaCompiledCompositeTest2_CompiledCompositeActor$_JavaCompiledCompositeTest2_CompiledCompositeActor.class
-rw-rw-r--   1 travis travis  1625 Jun 11 04:37 JavaCompiledCompositeTest2_CompiledCompositeActor.mk
-rw-rw-r--   1 travis travis  4505 Jun 11 04:37 JavaCompiledCompositeTest3_CompiledCompositeActor.class
-rw-rw-r--   1 travis travis 13080 Jun 11 04:37 JavaCompiledCompositeTest3_CompiledCompositeActor.java
-rw-rw-r--   1 travis travis  1378 Jun 11 04:37 JavaCompiledCompositeTest3_CompiledCompositeActor$_JavaCompiledCompositeTest3_CompiledCompositeActor.class
-rw-rw-r--   1 travis travis  1625 Jun 11 04:37 JavaCompiledCompositeTest3_CompiledCompositeActor.mk
-rw-rw-r--   1 travis travis  3953 Jun 11 04:37 JavaCompiledCompositeTest4_CompiledCompositeActor.class
-rw-rw-r--   1 travis travis  9687 Jun 11 04:37 JavaCompiledCompositeTest4_CompiledCompositeActor.java
-rw-rw-r--   1 travis travis   857 Jun 11 04:37 JavaCompiledCompositeTest4_CompiledCompositeActor$_JavaCompiledCompositeTest4_CompiledCompositeActor.class
-rw-rw-r--   1 travis travis  1625 Jun 11 04:37 JavaCompiledCompositeTest4_CompiledCompositeActor.mk
drwxrwxr-x   3 travis travis 12288 Jun 11 04:33 LookupTable
drwxrwxr-x   3 travis travis 20480 Jun 11 04:34 MaxIndex
-rw-rw-r--   1 travis travis  3693 Jun 11 04:37 ModularCG_A1_B1.class
-rw-rw-r--   1 travis travis  9730 Jun 11 04:37 ModularCG_A1_B1.java
-rw-rw-r--   1 travis travis   832 Jun 11 04:37 ModularCG_A1_B1.mk
-rw-rw-r--   1 travis travis  1318 Jun 11 04:37 ModularCG_A1_B1_profile.class
-rw-rw-r--   1 travis travis  1262 Jun 11 04:37 ModularCG_A1_B1_profile.java
-rw-rw-r--   1 travis travis  3693 Jun 11 04:37 ModularCG_A1_B2.class
-rw-rw-r--   1 travis travis  9730 Jun 11 04:37 ModularCG_A1_B2.java
-rw-rw-r--   1 travis travis   832 Jun 11 04:37 ModularCG_A1_B2.mk
-rw-rw-r--   1 travis travis  1318 Jun 11 04:37 ModularCG_A1_B2_profile.class
-rw-rw-r--   1 travis travis  1262 Jun 11 04:37 ModularCG_A1_B2_profile.java
-rw-rw-r--   1 travis travis  4799 Jun 11 04:37 ModularCG_A1.class
-rw-rw-r--   1 travis travis 14742 Jun 11 04:37 ModularCG_A1.java
-rw-rw-r--   1 travis travis   808 Jun 11 04:37 ModularCG_A1.mk
-rw-rw-r--   1 travis travis  1433 Jun 11 04:37 ModularCG_A1_profile.class
-rw-rw-r--   1 travis travis  1704 Jun 11 04:37 ModularCG_A1_profile.java
-rw-rw-r--   1 travis travis  3827 Jun 11 04:37 ModularCG_A2_B1.class
-rw-rw-r--   1 travis travis 10667 Jun 11 04:37 ModularCG_A2_B1.java
-rw-rw-r--   1 travis travis   832 Jun 11 04:37 ModularCG_A2_B1.mk
-rw-rw-r--   1 travis travis  1381 Jun 11 04:37 ModularCG_A2_B1_profile.class
-rw-rw-r--   1 travis travis  1446 Jun 11 04:37 ModularCG_A2_B1_profile.java
-rw-rw-r--   1 travis travis  3693 Jun 11 04:37 ModularCG_A2_B2.class
-rw-rw-r--   1 travis travis  9730 Jun 11 04:37 ModularCG_A2_B2.java
-rw-rw-r--   1 travis travis   832 Jun 11 04:37 ModularCG_A2_B2.mk
-rw-rw-r--   1 travis travis  1318 Jun 11 04:37 ModularCG_A2_B2_profile.class
-rw-rw-r--   1 travis travis  1262 Jun 11 04:37 ModularCG_A2_B2_profile.java
-rw-rw-r--   1 travis travis  4870 Jun 11 04:37 ModularCG_A2.class
-rw-rw-r--   1 travis travis 15129 Jun 11 04:37 ModularCG_A2.java
-rw-rw-r--   1 travis travis   808 Jun 11 04:37 ModularCG_A2.mk
-rw-rw-r--   1 travis travis  1433 Jun 11 04:37 ModularCG_A2_profile.class
-rw-rw-r--   1 travis travis  1704 Jun 11 04:37 ModularCG_A2_profile.java
-rw-rw-r--   1 travis travis  3473 Jun 11 04:37 ModularCGPubSub_A1_A2.class
-rw-rw-r--   1 travis travis  9076 Jun 11 04:37 ModularCGPubSub_A1_A2.java
-rw-rw-r--   1 travis travis   880 Jun 11 04:37 ModularCGPubSub_A1_A2.mk
-rw-rw-r--   1 travis travis  1300 Jun 11 04:37 ModularCGPubSub_A1_A2_profile.class
-rw-rw-r--   1 travis travis  1222 Jun 11 04:37 ModularCGPubSub_A1_A2_profile.java
-rw-rw-r--   1 travis travis  3790 Jun 11 04:37 ModularCGPubSub_A1.class
-rw-rw-r--   1 travis travis  9836 Jun 11 04:37 ModularCGPubSub_A1.java
-rw-rw-r--   1 travis travis   856 Jun 11 04:37 ModularCGPubSub_A1.mk
-rw-rw-r--   1 travis travis  1346 Jun 11 04:37 ModularCGPubSub_A1_profile.class
-rw-rw-r--   1 travis travis  1388 Jun 11 04:37 ModularCGPubSub_A1_profile.java
-rw-rw-r--   1 travis travis  3988 Jun 11 04:38 ModularCodeGen2_ModularCodeGenTypedCompositeActor.class
-rw-rw-r--   1 travis travis 11690 Jun 11 04:38 ModularCodeGen2_ModularCodeGenTypedCompositeActor.java
-rw-rw-r--   1 travis travis  1104 Jun 11 04:38 ModularCodeGen2_ModularCodeGenTypedCompositeActor.mk
-rw-rw-r--   1 travis travis  4272 Jun 11 04:38 ModularCodeGen2_ModularCodeGenTypedCompositeActor_ModularCodeGenTypedCompositeActor.class
-rw-rw-r--   1 travis travis 11790 Jun 11 04:37 ModularCodeGen2_ModularCodeGenTypedCompositeActor_ModularCodeGenTypedCompositeActor.java
-rw-rw-r--   1 travis travis  1376 Jun 11 04:37 ModularCodeGen2_ModularCodeGenTypedCompositeActor_ModularCodeGenTypedCompositeActor.mk
-rw-rw-r--   1 travis travis  1421 Jun 11 04:37 ModularCodeGen2_ModularCodeGenTypedCompositeActor_ModularCodeGenTypedCompositeActor_profile.class
-rw-rw-r--   1 travis travis  1294 Jun 11 04:37 ModularCodeGen2_ModularCodeGenTypedCompositeActor_ModularCodeGenTypedCompositeActor_profile.java
-rw-rw-r--   1 travis travis   820 Jun 11 04:38 ModularCodeGen2_ModularCodeGenTypedCompositeActor_profile.class
-rw-rw-r--   1 travis travis   693 Jun 11 04:38 ModularCodeGen2_ModularCodeGenTypedCompositeActor_profile.java
-rw-rw-r--   1 travis travis  3741 Jun 11 04:38 ModularCodeGen3_A1_B1.class
-rw-rw-r--   1 travis travis  9958 Jun 11 04:38 ModularCodeGen3_A1_B1.java
-rw-rw-r--   1 travis travis   880 Jun 11 04:38 ModularCodeGen3_A1_B1.mk
-rw-rw-r--   1 travis travis  1330 Jun 11 04:38 ModularCodeGen3_A1_B1_profile.class
-rw-rw-r--   1 travis travis  1274 Jun 11 04:38 ModularCodeGen3_A1_B1_profile.java
-rw-rw-r--   1 travis travis  3741 Jun 11 04:38 ModularCodeGen3_A1_B2.class
-rw-rw-r--   1 travis travis  9958 Jun 11 04:38 ModularCodeGen3_A1_B2.java
-rw-rw-r--   1 travis travis   880 Jun 11 04:38 ModularCodeGen3_A1_B2.mk
-rw-rw-r--   1 travis travis  1330 Jun 11 04:38 ModularCodeGen3_A1_B2_profile.class
-rw-rw-r--   1 travis travis  1274 Jun 11 04:38 ModularCodeGen3_A1_B2_profile.java
-rw-rw-r--   1 travis travis  4961 Jun 11 04:38 ModularCodeGen3_A1.class
-rw-rw-r--   1 travis travis 15564 Jun 11 04:38 ModularCodeGen3_A1.java
-rw-rw-r--   1 travis travis   856 Jun 11 04:38 ModularCodeGen3_A1.mk
-rw-rw-r--   1 travis travis  1445 Jun 11 04:38 ModularCodeGen3_A1_profile.class
-rw-rw-r--   1 travis travis  1716 Jun 11 04:38 ModularCodeGen3_A1_profile.java
-rw-rw-r--   1 travis travis  3887 Jun 11 04:38 ModularCodeGen3_A2_B1.class
-rw-rw-r--   1 travis travis 10955 Jun 11 04:38 ModularCodeGen3_A2_B1.java
-rw-rw-r--   1 travis travis   880 Jun 11 04:38 ModularCodeGen3_A2_B1.mk
-rw-rw-r--   1 travis travis  1393 Jun 11 04:38 ModularCodeGen3_A2_B1_profile.class
-rw-rw-r--   1 travis travis  1458 Jun 11 04:38 ModularCodeGen3_A2_B1_profile.java
-rw-rw-r--   1 travis travis  3741 Jun 11 04:38 ModularCodeGen3_A2_B2.class
-rw-rw-r--   1 travis travis  9958 Jun 11 04:38 ModularCodeGen3_A2_B2.java
-rw-rw-r--   1 travis travis   880 Jun 11 04:38 ModularCodeGen3_A2_B2.mk
-rw-rw-r--   1 travis travis  1330 Jun 11 04:38 ModularCodeGen3_A2_B2_profile.class
-rw-rw-r--   1 travis travis  1274 Jun 11 04:38 ModularCodeGen3_A2_B2_profile.java
-rw-rw-r--   1 travis travis  5038 Jun 11 04:38 ModularCodeGen3_A2.class
-rw-rw-r--   1 travis travis 15957 Jun 11 04:38 ModularCodeGen3_A2.java
-rw-rw-r--   1 travis travis   856 Jun 11 04:38 ModularCodeGen3_A2.mk
-rw-rw-r--   1 travis travis  1445 Jun 11 04:38 ModularCodeGen3_A2_profile.class
-rw-rw-r--   1 travis travis  1716 Jun 11 04:38 ModularCodeGen3_A2_profile.java
-rw-rw-r--   1 travis travis  3794 Jun 11 04:38 ModularCodeGen4_A1_B1.class
-rw-rw-r--   1 travis travis 10312 Jun 11 04:38 ModularCodeGen4_A1_B1.java
-rw-rw-r--   1 travis travis   880 Jun 11 04:38 ModularCodeGen4_A1_B1.mk
-rw-rw-r--   1 travis travis  1330 Jun 11 04:38 ModularCodeGen4_A1_B1_profile.class
-rw-rw-r--   1 travis travis  1273 Jun 11 04:38 ModularCodeGen4_A1_B1_profile.java
-rw-rw-r--   1 travis travis  3794 Jun 11 04:38 ModularCodeGen4_A1_B2.class
-rw-rw-r--   1 travis travis 10312 Jun 11 04:38 ModularCodeGen4_A1_B2.java
-rw-rw-r--   1 travis travis   880 Jun 11 04:38 ModularCodeGen4_A1_B2.mk
-rw-rw-r--   1 travis travis  1330 Jun 11 04:38 ModularCodeGen4_A1_B2_profile.class
-rw-rw-r--   1 travis travis  1273 Jun 11 04:38 ModularCodeGen4_A1_B2_profile.java
-rw-rw-r--   1 travis travis  5101 Jun 11 04:38 ModularCodeGen4_A1.class
-rw-rw-r--   1 travis travis 16245 Jun 11 04:38 ModularCodeGen4_A1.java
-rw-rw-r--   1 travis travis   856 Jun 11 04:38 ModularCodeGen4_A1.mk
-rw-rw-r--   1 travis travis  1445 Jun 11 04:38 ModularCodeGen4_A1_profile.class
-rw-rw-r--   1 travis travis  1712 Jun 11 04:38 ModularCodeGen4_A1_profile.java
-rw-rw-r--   1 travis travis  3988 Jun 11 04:38 ModularCodeGen4_A2_B1.class
-rw-rw-r--   1 travis travis 11375 Jun 11 04:38 ModularCodeGen4_A2_B1.java
-rw-rw-r--   1 travis travis   880 Jun 11 04:38 ModularCodeGen4_A2_B1.mk
-rw-rw-r--   1 travis travis  1393 Jun 11 04:38 ModularCodeGen4_A2_B1_profile.class
-rw-rw-r--   1 travis travis  1454 Jun 11 04:38 ModularCodeGen4_A2_B1_profile.java
-rw-rw-r--   1 travis travis  3842 Jun 11 04:38 ModularCodeGen4_A2_B2.class
-rw-rw-r--   1 travis travis 10378 Jun 11 04:38 ModularCodeGen4_A2_B2.java
-rw-rw-r--   1 travis travis   880 Jun 11 04:38 ModularCodeGen4_A2_B2.mk
-rw-rw-r--   1 travis travis  1330 Jun 11 04:38 ModularCodeGen4_A2_B2_profile.class
-rw-rw-r--   1 travis travis  1270 Jun 11 04:38 ModularCodeGen4_A2_B2_profile.java
-rw-rw-r--   1 travis travis  5274 Jun 11 04:38 ModularCodeGen4_A2.class
-rw-rw-r--   1 travis travis 16770 Jun 11 04:38 ModularCodeGen4_A2.java
-rw-rw-r--   1 travis travis   856 Jun 11 04:38 ModularCodeGen4_A2.mk
-rw-rw-r--   1 travis travis  1445 Jun 11 04:38 ModularCodeGen4_A2_profile.class
-rw-rw-r--   1 travis travis  1712 Jun 11 04:38 ModularCodeGen4_A2_profile.java
-rw-rw-r--   1 travis travis  6838 Jun 11 04:38 ModularCodeGen5_A_A.class
-rw-rw-r--   1 travis travis 28721 Jun 11 04:38 ModularCodeGen5_A_A.java
-rw-rw-r--   1 travis travis   864 Jun 11 04:38 ModularCodeGen5_A_A.mk
-rw-rw-r--   1 travis travis  1520 Jun 11 04:38 ModularCodeGen5_A_A_profile.class
-rw-rw-r--   1 travis travis  1815 Jun 11 04:38 ModularCodeGen5_A_A_profile.java
-rw-rw-r--   1 travis travis  5115 Jun 11 04:38 ModularCodeGen5_A.class
-rw-rw-r--   1 travis travis 13769 Jun 11 04:38 ModularCodeGen5_A.java
-rw-rw-r--   1 travis travis   848 Jun 11 04:38 ModularCodeGen5_A.mk
-rw-rw-r--   1 travis travis  1422 Jun 11 04:38 ModularCodeGen5_A_profile.class
-rw-rw-r--   1 travis travis  1605 Jun 11 04:38 ModularCodeGen5_A_profile.java
-rw-rw-r--   1 travis travis  4125 Jun 11 04:38 ModularCodeGen6_A_A2.class
-rw-rw-r--   1 travis travis 11329 Jun 11 04:38 ModularCodeGen6_A_A2.java
-rw-rw-r--   1 travis travis   872 Jun 11 04:38 ModularCodeGen6_A_A2.mk
-rw-rw-r--   1 travis travis  1351 Jun 11 04:38 ModularCodeGen6_A_A2_profile.class
-rw-rw-r--   1 travis travis  1364 Jun 11 04:38 ModularCodeGen6_A_A2_profile.java
-rw-rw-r--   1 travis travis  4108 Jun 11 04:38 ModularCodeGen6_A_A.class
-rw-rw-r--   1 travis travis 11221 Jun 11 04:38 ModularCodeGen6_A_A.java
-rw-rw-r--   1 travis travis   864 Jun 11 04:38 ModularCodeGen6_A_A.mk
-rw-rw-r--   1 travis travis  1348 Jun 11 04:38 ModularCodeGen6_A_A_profile.class
-rw-rw-r--   1 travis travis  1361 Jun 11 04:38 ModularCodeGen6_A_A_profile.java
-rw-rw-r--   1 travis travis  7237 Jun 11 04:38 ModularCodeGen6_A.class
-rw-rw-r--   1 travis travis 26535 Jun 11 04:38 ModularCodeGen6_A.java
-rw-rw-r--   1 travis travis   848 Jun 11 04:38 ModularCodeGen6_A.mk
-rw-rw-r--   1 travis travis  1483 Jun 11 04:38 ModularCodeGen6_A_profile.class
-rw-rw-r--   1 travis travis  1810 Jun 11 04:38 ModularCodeGen6_A_profile.java
-rw-rw-r--   1 travis travis  1091 Jun 11 04:38 ModularCodeGenLazyPubSub_LazyCompositeActor_profile.java
-rw-rw-r--   1 travis travis  3954 Jun 11 04:37 ModularCodeGen_ModularCodeGenTypedCompositeActor.class
-rw-rw-r--   1 travis travis 10970 Jun 11 04:37 ModularCodeGen_ModularCodeGenTypedCompositeActor.java
-rw-rw-r--   1 travis travis  1096 Jun 11 04:37 ModularCodeGen_ModularCodeGenTypedCompositeActor.mk
-rw-rw-r--   1 travis travis  1384 Jun 11 04:37 ModularCodeGen_ModularCodeGenTypedCompositeActor_profile.class
-rw-rw-r--   1 travis travis  1328 Jun 11 04:37 ModularCodeGen_ModularCodeGenTypedCompositeActor_profile.java
-rw-rw-r--   1 travis travis  3492 Jun 11 04:37 ModularCodeGenTest_A1_A2.class
-rw-rw-r--   1 travis travis   904 Jun 11 04:37 ModularCodeGenTest_A1_A2.mk
-rw-rw-r--   1 travis travis  1306 Jun 11 04:37 ModularCodeGenTest_A1_A2_profile.class
-rw-rw-r--   1 travis travis  3823 Jun 11 04:37 ModularCodeGenTest_A1.class
-rw-rw-r--   1 travis travis  9968 Jun 11 04:37 ModularCodeGenTest_A1.java
-rw-rw-r--   1 travis travis   880 Jun 11 04:37 ModularCodeGenTest_A1.mk
-rw-rw-r--   1 travis travis  1352 Jun 11 04:37 ModularCodeGenTest_A1_profile.class
-rw-rw-r--   1 travis travis  1394 Jun 11 04:37 ModularCodeGenTest_A1_profile.java
drwxrwxr-x   3 travis travis 36864 Jun 11 04:37 modulation2
drwxrwxr-x   3 travis travis 20480 Jun 11 04:34 Multiplexor
drwxrwxr-x 242 travis travis 12288 Jun 11 04:37 node_modules
drwxrwxr-x   3 travis travis 20480 Jun 11 04:34 PhaseUnwrap
-rw-rw-r--   1 travis travis   520 Jun 11 04:37 Repeat$_fireFunction_Repeat_Repeat$__f_sL_0.class
-rw-rw-r--   1 travis travis   522 Jun 11 04:37 Repeat$_fireFunction_Repeat_Repeat$__f_sL_10.class
-rw-rw-r--   1 travis travis   666 Jun 11 04:37 Repeat$_fireFunction_Repeat_Repeat$__f_sL_11.class
-rw-rw-r--   1 travis travis   522 Jun 11 04:37 Repeat$_fireFunction_Repeat_Repeat$__f_sL_13.class
-rw-rw-r--   1 travis travis   665 Jun 11 04:37 Repeat$_fireFunction_Repeat_Repeat$__f_sL_1.class
-rw-rw-r--   1 travis travis   520 Jun 11 04:37 Repeat$_fireFunction_Repeat_Repeat$__f_sL_2.class
-rw-rw-r--   1 travis travis   520 Jun 11 04:37 Repeat$_fireFunction_Repeat_Repeat$__f_sL_3.class
-rw-rw-r--   1 travis travis   520 Jun 11 04:37 Repeat$_fireFunction_Repeat_Repeat$__f_sL_5.class
-rw-rw-r--   1 travis travis   671 Jun 11 04:37 Repeat$_fireFunction_Repeat_Repeat$__f_sL_7.class
-rw-rw-r--   1 travis travis   520 Jun 11 04:37 Repeat$_fireFunction_Repeat_Repeat$__f_sL_9.class
-rw-rw-r--   1 travis travis   813 Jun 11 04:37 Repeat$_initialize_Repeat.class
-rw-rw-r--   1 travis travis   475 Jun 11 04:37 Repeat$_initialize_Repeat$__i_sL_0.class
-rw-rw-r--   1 travis travis   519 Jun 11 04:37 Repeat$_initialize_Repeat$__i_sL_3.class
-rw-rw-r--   1 travis travis 39778 Jun 11 04:37 Repeat.java
-rw-rw-r--   1 travis travis  1281 Jun 11 04:37 Repeat.mk
-rw-rw-r--   1 travis travis   520 Jun 11 04:37 Repeat$_preinitializeMethod_Repeat$__p_sL_0.class
-rw-rw-r--   1 travis travis   520 Jun 11 04:37 Repeat$_preinitializeMethod_Repeat$__p_sL_1.class
-rw-rw-r--   1 travis travis  1083 Jun 11 04:37 Repeat$_Repeat$_fireFunction_Repeat_AddSubtract_Repeat.class
-rw-rw-r--   1 travis travis   791 Jun 11 04:37 Repeat$_Repeat$_fireFunction_Repeat_AddSubtract_Repeat$__f_sL_0.class
-rw-rw-r--   1 travis travis   909 Jun 11 04:37 Repeat$_Repeat$_fireFunction_Repeat_AddSubtract_Repeat$__f_sL_1.class
-rw-rw-r--   1 travis travis   915 Jun 11 04:37 Repeat$_Repeat$_fireFunction_Repeat_AddSubtract_Repeat$__f_sL_2.class
-rw-rw-r--   1 travis travis   838 Jun 11 04:37 Repeat$_Repeat$_fireFunction_Repeat_Ramp2_Repeat$__f_sL_1.class
-rw-rw-r--   1 travis travis  1785 Jun 11 04:37 Repeat$_Repeat$_fireFunction_Repeat_Test_Repeat$__f_sL_2.class
-rw-rw-r--   1 travis travis   685 Jun 11 04:37 Repeat$_Repeat_SDF_Director_run_Repeat$__R_sL_0.class
-rw-rw-r--   1 travis travis   540 Jun 11 04:37 Repeat$_Repeat_SDF_Director_run_Repeat$__R_sL_1.class
-rw-rw-r--   1 travis travis   540 Jun 11 04:37 Repeat$_Repeat_SDF_Director_run_Repeat$__R_sL_2.class
-rw-rw-r--   1 travis travis   540 Jun 11 04:37 Repeat$_Repeat_SDF_Director_run_Repeat$__R_sL_4.class
-rw-rw-r--   1 travis travis   540 Jun 11 04:37 Repeat$_Repeat_SDF_Director_run_Repeat$__R_sL_5.class
-rw-rw-r--   1 travis travis   691 Jun 11 04:37 Repeat$_Repeat_SDF_Director_run_Repeat$__R_sL_6.class
-rw-rw-r--   1 travis travis   540 Jun 11 04:37 Repeat$_Repeat_SDF_Director_run_Repeat$__R_sL_7.class
-rw-rw-r--   1 travis travis   863 Jun 11 04:37 Repeat$_varinit_Repeat.class
-rw-rw-r--   1 travis travis   530 Jun 11 04:37 Repeat$_varinit_Repeat$__v_sL_1.class
-rw-rw-r--   1 travis travis   531 Jun 11 04:37 Repeat$_varinit_Repeat$__v_sL_2.class
-rw-rw-r--   1 travis travis   905 Jun 11 04:37 Repeat$_varinit_Repeat$__v_sL_4.class
-rw-rw-r--   1 travis travis   635 Jun 11 04:37 Repeat$_wrapup_Repeat.class
-rw-rw-r--   1 travis travis   965 Jun 11 04:37 Repeat$_wrapup_Repeat$__w_sL_1.class
-rw-rw-r--   1 travis travis   289 Jun 11 04:32 result.csv
drwxrwxr-x   3 travis travis 12288 Jun 11 04:35 Scrambler1
drwxrwxr-x   3 travis travis 20480 Jun 11 04:34 Sinewave2
drwxrwxr-x   3 travis travis 69632 Jun 11 04:35 StringCompare
drwxrwxr-x   3 travis travis 32768 Jun 11 04:35 StringFunction
drwxrwxr-x   3 travis travis 12288 Jun 11 04:35 StringLength
drwxrwxr-x   3 travis travis 57344 Jun 11 04:36 StringSimpleReplace
drwxrwxr-x   3 travis travis 12288 Jun 11 04:37 time2
drwxrwxr-x   3 travis travis 12288 Jun 11 04:37 time5
-rw-rw-r--   1 travis travis   432 Jun 11 04:38 Token.class
-rw-rw-r--   1 travis travis   251 Jun 11 04:38 Token.java
-rw-rw-r--   1 travis travis     0 Jun 11 04:37 top.
-rw-rw-r--   1 travis travis 20502 Jun 11 04:32 top.c
-rw-rw-r--   1 travis travis  3567 Jun 11 04:37 top.class
-rw-rw-r--   1 travis travis   169 Jun 11 04:32 top.html
-rw-rw-r--   1 travis travis  7552 Jun 11 04:37 top.java
-rw-rw-r--   1 travis travis 38888 Jun 11 04:32 top.o
drwxrwxr-x   3 travis travis 57344 Jun 11 04:34 UnaryMathFunction
All Done
Writing ModularCodeGenLazyPubSub_LazyCompositeActor.java in file:/home/travis/cg/ (11122 characters)
Reading "ptolemy/cg/kernel/generic/program/procedural/java/modular/makefile.in",
    writing "/home/travis/cg/ModularCodeGenLazyPubSub_LazyCompositeActor.mk"
Using ptolemy/cg/kernel/generic/program/procedural/java/modular/makefile.in
In "/home/travis/cg", about to execute:
    make -f ModularCodeGenLazyPubSub_LazyCompositeActor.mk
javac -classpath ".:.."    ModularCodeGenLazyPubSub_LazyCompositeActor.java
All Done
2293 ms. Memory: 148480K Free: 74163K (50%)
----------------- Invoking toplevel() on ptolemy.moml.MoMLSimpleApplication@6fd1b33a
----------------- Done invoking toplevel() on ptolemy.moml.MoMLSimpleApplication@6fd1b33a
reloadAllAccessors: .ModularCodeGenLazyPubSub

===========================================================================================
----------------- testing Tue Jun 11 04:38:40 UTC 2019 /home/travis/build/icyphy/ptII/ptolemy/cg/lib/test/auto/ModularCodeGenLazyPubSubGlobal.xml
----------------- Instantiating /home/travis/build/icyphy/ptII/ptolemy/cg/lib/test/auto/ModularCodeGenLazyPubSubGlobal.xml
In "/home/travis/cg", about to execute:
    pwd
In "/home/travis/cg", about to execute:
    ls -l
/home/travis/cg
In "/home/travis/cg", about to execute:
    javac -classpath
.:/home/travis/build/icyphy/ptII:/home/travis/build/icyphy/ptII/lib/bsh-2.0b4.j
ar:/home/travis/build/icyphy/ptII/lib/ptCal.jar:/home/travis/build/icyphy/ptII/
lib/java_cup.jar:/home/travis/build/icyphy/ptII/lib/saxon8.jar:/home/travis/bui
ld/icyphy/ptII/lib/saxon8-dom.jar:/home/travis/build/icyphy/ptII/lib/chic.jar:/
home/travis/build/icyphy/ptII/lib/ptcolt.jar:/usr/lib/jvm/java-8-oracle/lib/too
ls.jar:/home/travis/build/icyphy/ptII/vendors/misc/itext/iText.jar:/home/travis
/build/icyphy/ptII/lib/g4ltl.jar:/home/travis/build/icyphy/ptII/lib/StructuralC
oder.jar:/home/travis/build/icyphy/ptII/vendors/jai-1_1_2_01/lib/jai_core.jar:/
home/travis/build/icyphy/ptII/vendors/jai-1_1_2_01/lib/jai_codec.jar:/home/trav
is/build/icyphy/ptII/lib/jcerti.jar:/home/travis/build/icyphy/ptII/lib/javax.ma
il.jar:/home/travis/build/icyphy/ptII/vendors/JMF-2.1.1e/lib/jmf.jar:/home/trav
is/build/icyphy/ptII/lib/jna-4.0.0-variadic.jar:/home/travis/build/icyphy/ptII/
vendors/misc/joystick/Joystick.jar:/home/travis/build/icyphy/ptII/lib/ptjacl.ja
r:/home/travis/build/icyphy/ptII/lib/jsoup-1.8.2.jar:/home/travis/build/icyphy/
ptII/lib/junit-4.8.2.jar:/home/travis/build/icyphy/ptII/lib/JUnitParams-0.4.0.j
ar:/home/travis/build/icyphy/ptII/ptolemy/actor/lib/excel/jxl.jar:/home/travis/
build/icyphy/ptII/lib/jython.jar:/home/travis/build/icyphy/ptII/lib/kieler.jar:
/home/travis/build/icyphy/ptII/vendors/opencv/share/OpenCV/java/opencv-341.jar:
/home/travis/build/icyphy/ptII/lib/oscP5.jar:/home/travis/build/icyphy/ptII/lib
/nrjavaserial-3.11.0.devel.jar:/home/travis/build/icyphy/ptII/vendors/j3d/lib/j
3dcore.jar:/home/travis/build/icyphy/ptII/vendors/j3d/lib/j3dutils.jar:/home/tr
avis/build/icyphy/ptII/vendors/j3d/lib/vecmath.jar:/home/travis/build/icyphy/pt
II/ptolemy/distributed/jini/jar/jini-core.jar:/home/travis/build/icyphy/ptII/pt
olemy/distributed/jini/jar/jini-ext.jar:/home/travis/build/icyphy/ptII/ptolemy/
distributed/jini/jar/sun-util.jar:/home/travis/build/icyphy/ptII/lib/protobuf-j
ava-2.4.1.jar:/home/travis/build/icyphy/ptII/lib/org.eclipse.paho.client.mqttv3
.jar:/home/travis/build/icyphy/ptII/lib/mapss.jar:/home/travis/build/icyphy/ptI
I/ptolemy/actor/ptalon/antlr/antlr.jar:/home/travis/build/icyphy/ptII/lib/JRI.j
ar:/home/travis/build/icyphy/ptII/lib/commons-lang-2.6.jar:/home/travis/build/i
cyphy/ptII/lib/commons-logging-1.1.1.jar:/home/travis/build/icyphy/ptII/lib/soo
tclasses.jar:/home/travis/build/icyphy/ptII/ptolemy/actor/lib/database/mysql-co
nnector-java-5.1.6-bin.jar:/home/travis/build/icyphy/ptII/vendors/misc/sphinx4/
sphinx4-data-5prealpha.jar:/home/travis/build/icyphy/ptII/vendors/misc/sphinx4/
sphinx4-core-5prealpha.jar:/home/travis/build/icyphy/ptII/lib/PDFRenderer.jar:/
home/travis/build/icyphy/ptII/lib/svgSalamander.jar:/home/travis/build/icyphy/p
tII/lib/rsyntaxtextarea-2.6.0-SNAPSHOT.jar:/home/travis/build/icyphy/ptII/lib/h
azelcast-3.8.2.jar:/home/travis/build/icyphy/ptII/lib/jackson-annotations-2.9.0
.jar:/home/travis/build/icyphy/ptII/lib/jackson-core-2.9.3.jar:/home/travis/bui
ld/icyphy/ptII/lib/jackson-databind-2.9.3.jar:/home/travis/build/icyphy/ptII/li
b/netty-buffer-4.1.19.Final.jar:/home/travis/build/icyphy/ptII/lib/netty-codec-
4.1.19.Final.jar:/home/travis/build/icyphy/ptII/lib/netty-codec-dns-4.1.19.Fina
l.jar:/home/travis/build/icyphy/ptII/lib/netty-codec-http-4.1.19.Final.jar:/hom
e/travis/build/icyphy/ptII/lib/netty-codec-http2-4.1.19.Final.jar:/home/travis/
build/icyphy/ptII/lib/netty-common-4.1.19.Final.jar:/home/travis/build/icyphy/p
tII/lib/netty-handler-4.1.19.Final.jar:/home/travis/build/icyphy/ptII/lib/netty
-resolver-4.1.19.Final.jar:/home/travis/build/icyphy/ptII/lib/netty-resolver-dn
s-4.1.19.Final.jar:/home/travis/build/icyphy/ptII/lib/netty-transport-4.1.19.Fi
nal.jar:/home/travis/build/icyphy/ptII/lib/vertx-codegen-3.5.1.jar:/home/travis
/build/icyphy/ptII/lib/vertx-core-3.5.2-SNAPSHOT.jar:/home/travis/build/icyphy/
ptII/lib/vertx-hazelcast-3.5.1.jar:/home/travis/build/icyphy/ptII/lib/vertx-lan
g-js-3.5.1.jar:/home/travis/build/icyphy/ptII/lib/vertx-service-proxy-3.5.1.jar
:/home/travis/build/icyphy/ptII/lib/vertx-web-3.5.1.jar:/home/travis/build/icyp
hy/ptII/lib/slf4j-api-1.7.13.jar:/home/travis/build/icyphy/ptII/lib/slf4j-simpl
e-1.7.13.jar:/home/travis/build/icyphy/ptII/lib/webcam-capture-0.3.12.jar:/home
/travis/build/icyphy/ptII/lib/bridj-0.7.0.jar:/home/travis/build/icyphy/ptII/li
b/xbjlib-1.1.0.nrjavaserial.jar:/home/travis/build/icyphy/ptII/ptolemy/moml/tes
t:/home/travis/build/icyphy/ptII/ant/lib/ant-launcher.jar:/home/travis/build/ic
yphy/ptII/ant/lib/ant.jar:/home/travis/build/icyphy/ptII/ant/lib/ant-junit.jar:
/home/travis/build/icyphy/ptII/ant/lib/ant-junit4.jar:/home/travis/build/icyphy
/ptII
ModularCodeGenLazyPubSubGlobal_CompositeActor_ModularCodeGenTypedComposite_prof
ile.java
total 1960
drwxrwxr-x   3 travis travis 12288 Jun 11 04:33 AbsoluteValue
drwxrwxr-x   3 travis travis 16384 Jun 11 04:33 Case1
drwxrwxr-x   3 travis travis 32768 Jun 11 04:33 Case2
-rw-rw-r--   1 travis travis  4895 Jun 11 04:37 CompiledCompositeActor_CompiledCompositeActor.class
-rw-rw-r--   1 travis travis  1592 Jun 11 04:37 CompiledCompositeActor_CompiledCompositeActor$_CompiledCompositeActor_CompiledCompositeActor.class
-rw-rw-r--   1 travis travis 13466 Jun 11 04:37 CompiledCompositeActor_CompiledCompositeActor.java
-rw-rw-r--   1 travis travis  1593 Jun 11 04:37 CompiledCompositeActor_CompiledCompositeActor.mk
drwxrwxr-x   3 travis travis 24576 Jun 11 04:35 DeScrambler
drwxrwxr-x   3 travis travis 16384 Jun 11 04:36 DotProduct
drwxrwxr-x   3 travis travis 12288 Jun 11 04:33 FileWriter1
drwxrwxr-x   3 travis travis 20480 Jun 11 04:32 FixToDoubleAndBack
drwxrwxr-x   3 travis travis 16384 Jun 11 04:33 Gaussian1
drwxrwxr-x   3 travis travis 20480 Jun 11 04:33 Gaussian2
-rw-rw-r--   1 travis travis  4457 Jun 11 04:37 JavaCompiledCompositeTest1_CompiledCompositeActor.class
-rw-rw-r--   1 travis travis 11637 Jun 11 04:37 JavaCompiledCompositeTest1_CompiledCompositeActor.java
-rw-rw-r--   1 travis travis  1198 Jun 11 04:37 JavaCompiledCompositeTest1_CompiledCompositeActor$_JavaCompiledCompositeTest1_CompiledCompositeActor.class
-rw-rw-r--   1 travis travis  1625 Jun 11 04:37 JavaCompiledCompositeTest1_CompiledCompositeActor.mk
-rw-rw-r--   1 travis travis  4888 Jun 11 04:37 JavaCompiledCompositeTest2_CompiledCompositeActor.class
-rw-rw-r--   1 travis travis 14919 Jun 11 04:37 JavaCompiledCompositeTest2_CompiledCompositeActor.java
-rw-rw-r--   1 travis travis  1793 Jun 11 04:37 JavaCompiledCompositeTest2_CompiledCompositeActor$_JavaCompiledCompositeTest2_CompiledCompositeActor.class
-rw-rw-r--   1 travis travis  1625 Jun 11 04:37 JavaCompiledCompositeTest2_CompiledCompositeActor.mk
-rw-rw-r--   1 travis travis  4505 Jun 11 04:37 JavaCompiledCompositeTest3_CompiledCompositeActor.class
-rw-rw-r--   1 travis travis 13080 Jun 11 04:37 JavaCompiledCompositeTest3_CompiledCompositeActor.java
-rw-rw-r--   1 travis travis  1378 Jun 11 04:37 JavaCompiledCompositeTest3_CompiledCompositeActor$_JavaCompiledCompositeTest3_CompiledCompositeActor.class
-rw-rw-r--   1 travis travis  1625 Jun 11 04:37 JavaCompiledCompositeTest3_CompiledCompositeActor.mk
-rw-rw-r--   1 travis travis  3953 Jun 11 04:37 JavaCompiledCompositeTest4_CompiledCompositeActor.class
-rw-rw-r--   1 travis travis  9687 Jun 11 04:37 JavaCompiledCompositeTest4_CompiledCompositeActor.java
-rw-rw-r--   1 travis travis   857 Jun 11 04:37 JavaCompiledCompositeTest4_CompiledCompositeActor$_JavaCompiledCompositeTest4_CompiledCompositeActor.class
-rw-rw-r--   1 travis travis  1625 Jun 11 04:37 JavaCompiledCompositeTest4_CompiledCompositeActor.mk
drwxrwxr-x   3 travis travis 12288 Jun 11 04:33 LookupTable
drwxrwxr-x   3 travis travis 20480 Jun 11 04:34 MaxIndex
-rw-rw-r--   1 travis travis  3693 Jun 11 04:37 ModularCG_A1_B1.class
-rw-rw-r--   1 travis travis  9730 Jun 11 04:37 ModularCG_A1_B1.java
-rw-rw-r--   1 travis travis   832 Jun 11 04:37 ModularCG_A1_B1.mk
-rw-rw-r--   1 travis travis  1318 Jun 11 04:37 ModularCG_A1_B1_profile.class
-rw-rw-r--   1 travis travis  1262 Jun 11 04:37 ModularCG_A1_B1_profile.java
-rw-rw-r--   1 travis travis  3693 Jun 11 04:37 ModularCG_A1_B2.class
-rw-rw-r--   1 travis travis  9730 Jun 11 04:37 ModularCG_A1_B2.java
-rw-rw-r--   1 travis travis   832 Jun 11 04:37 ModularCG_A1_B2.mk
-rw-rw-r--   1 travis travis  1318 Jun 11 04:37 ModularCG_A1_B2_profile.class
-rw-rw-r--   1 travis travis  1262 Jun 11 04:37 ModularCG_A1_B2_profile.java
-rw-rw-r--   1 travis travis  4799 Jun 11 04:37 ModularCG_A1.class
-rw-rw-r--   1 travis travis 14742 Jun 11 04:37 ModularCG_A1.java
-rw-rw-r--   1 travis travis   808 Jun 11 04:37 ModularCG_A1.mk
-rw-rw-r--   1 travis travis  1433 Jun 11 04:37 ModularCG_A1_profile.class
-rw-rw-r--   1 travis travis  1704 Jun 11 04:37 ModularCG_A1_profile.java
-rw-rw-r--   1 travis travis  3827 Jun 11 04:37 ModularCG_A2_B1.class
-rw-rw-r--   1 travis travis 10667 Jun 11 04:37 ModularCG_A2_B1.java
-rw-rw-r--   1 travis travis   832 Jun 11 04:37 ModularCG_A2_B1.mk
-rw-rw-r--   1 travis travis  1381 Jun 11 04:37 ModularCG_A2_B1_profile.class
-rw-rw-r--   1 travis travis  1446 Jun 11 04:37 ModularCG_A2_B1_profile.java
-rw-rw-r--   1 travis travis  3693 Jun 11 04:37 ModularCG_A2_B2.class
-rw-rw-r--   1 travis travis  9730 Jun 11 04:37 ModularCG_A2_B2.java
-rw-rw-r--   1 travis travis   832 Jun 11 04:37 ModularCG_A2_B2.mk
-rw-rw-r--   1 travis travis  1318 Jun 11 04:37 ModularCG_A2_B2_profile.class
-rw-rw-r--   1 travis travis  1262 Jun 11 04:37 ModularCG_A2_B2_profile.java
-rw-rw-r--   1 travis travis  4870 Jun 11 04:37 ModularCG_A2.class
-rw-rw-r--   1 travis travis 15129 Jun 11 04:37 ModularCG_A2.java
-rw-rw-r--   1 travis travis   808 Jun 11 04:37 ModularCG_A2.mk
-rw-rw-r--   1 travis travis  1433 Jun 11 04:37 ModularCG_A2_profile.class
-rw-rw-r--   1 travis travis  1704 Jun 11 04:37 ModularCG_A2_profile.java
-rw-rw-r--   1 travis travis  3473 Jun 11 04:37 ModularCGPubSub_A1_A2.class
-rw-rw-r--   1 travis travis  9076 Jun 11 04:37 ModularCGPubSub_A1_A2.java
-rw-rw-r--   1 travis travis   880 Jun 11 04:37 ModularCGPubSub_A1_A2.mk
-rw-rw-r--   1 travis travis  1300 Jun 11 04:37 ModularCGPubSub_A1_A2_profile.class
-rw-rw-r--   1 travis travis  1222 Jun 11 04:37 ModularCGPubSub_A1_A2_profile.java
-rw-rw-r--   1 travis travis  3790 Jun 11 04:37 ModularCGPubSub_A1.class
-rw-rw-r--   1 travis travis  9836 Jun 11 04:37 ModularCGPubSub_A1.java
-rw-rw-r--   1 travis travis   856 Jun 11 04:37 ModularCGPubSub_A1.mk
-rw-rw-r--   1 travis travis  1346 Jun 11 04:37 ModularCGPubSub_A1_profile.class
-rw-rw-r--   1 travis travis  1388 Jun 11 04:37 ModularCGPubSub_A1_profile.java
-rw-rw-r--   1 travis travis  3988 Jun 11 04:38 ModularCodeGen2_ModularCodeGenTypedCompositeActor.class
-rw-rw-r--   1 travis travis 11690 Jun 11 04:38 ModularCodeGen2_ModularCodeGenTypedCompositeActor.java
-rw-rw-r--   1 travis travis  1104 Jun 11 04:38 ModularCodeGen2_ModularCodeGenTypedCompositeActor.mk
-rw-rw-r--   1 travis travis  4272 Jun 11 04:38 ModularCodeGen2_ModularCodeGenTypedCompositeActor_ModularCodeGenTypedCompositeActor.class
-rw-rw-r--   1 travis travis 11790 Jun 11 04:37 ModularCodeGen2_ModularCodeGenTypedCompositeActor_ModularCodeGenTypedCompositeActor.java
-rw-rw-r--   1 travis travis  1376 Jun 11 04:37 ModularCodeGen2_ModularCodeGenTypedCompositeActor_ModularCodeGenTypedCompositeActor.mk
-rw-rw-r--   1 travis travis  1421 Jun 11 04:37 ModularCodeGen2_ModularCodeGenTypedCompositeActor_ModularCodeGenTypedCompositeActor_profile.class
-rw-rw-r--   1 travis travis  1294 Jun 11 04:37 ModularCodeGen2_ModularCodeGenTypedCompositeActor_ModularCodeGenTypedCompositeActor_profile.java
-rw-rw-r--   1 travis travis   820 Jun 11 04:38 ModularCodeGen2_ModularCodeGenTypedCompositeActor_profile.class
-rw-rw-r--   1 travis travis   693 Jun 11 04:38 ModularCodeGen2_ModularCodeGenTypedCompositeActor_profile.java
-rw-rw-r--   1 travis travis  3741 Jun 11 04:38 ModularCodeGen3_A1_B1.class
-rw-rw-r--   1 travis travis  9958 Jun 11 04:38 ModularCodeGen3_A1_B1.java
-rw-rw-r--   1 travis travis   880 Jun 11 04:38 ModularCodeGen3_A1_B1.mk
-rw-rw-r--   1 travis travis  1330 Jun 11 04:38 ModularCodeGen3_A1_B1_profile.class
-rw-rw-r--   1 travis travis  1274 Jun 11 04:38 ModularCodeGen3_A1_B1_profile.java
-rw-rw-r--   1 travis travis  3741 Jun 11 04:38 ModularCodeGen3_A1_B2.class
-rw-rw-r--   1 travis travis  9958 Jun 11 04:38 ModularCodeGen3_A1_B2.java
-rw-rw-r--   1 travis travis   880 Jun 11 04:38 ModularCodeGen3_A1_B2.mk
-rw-rw-r--   1 travis travis  1330 Jun 11 04:38 ModularCodeGen3_A1_B2_profile.class
-rw-rw-r--   1 travis travis  1274 Jun 11 04:38 ModularCodeGen3_A1_B2_profile.java
-rw-rw-r--   1 travis travis  4961 Jun 11 04:38 ModularCodeGen3_A1.class
-rw-rw-r--   1 travis travis 15564 Jun 11 04:38 ModularCodeGen3_A1.java
-rw-rw-r--   1 travis travis   856 Jun 11 04:38 ModularCodeGen3_A1.mk
-rw-rw-r--   1 travis travis  1445 Jun 11 04:38 ModularCodeGen3_A1_profile.class
-rw-rw-r--   1 travis travis  1716 Jun 11 04:38 ModularCodeGen3_A1_profile.java
-rw-rw-r--   1 travis travis  3887 Jun 11 04:38 ModularCodeGen3_A2_B1.class
-rw-rw-r--   1 travis travis 10955 Jun 11 04:38 ModularCodeGen3_A2_B1.java
-rw-rw-r--   1 travis travis   880 Jun 11 04:38 ModularCodeGen3_A2_B1.mk
-rw-rw-r--   1 travis travis  1393 Jun 11 04:38 ModularCodeGen3_A2_B1_profile.class
-rw-rw-r--   1 travis travis  1458 Jun 11 04:38 ModularCodeGen3_A2_B1_profile.java
-rw-rw-r--   1 travis travis  3741 Jun 11 04:38 ModularCodeGen3_A2_B2.class
-rw-rw-r--   1 travis travis  9958 Jun 11 04:38 ModularCodeGen3_A2_B2.java
-rw-rw-r--   1 travis travis   880 Jun 11 04:38 ModularCodeGen3_A2_B2.mk
-rw-rw-r--   1 travis travis  1330 Jun 11 04:38 ModularCodeGen3_A2_B2_profile.class
-rw-rw-r--   1 travis travis  1274 Jun 11 04:38 ModularCodeGen3_A2_B2_profile.java
-rw-rw-r--   1 travis travis  5038 Jun 11 04:38 ModularCodeGen3_A2.class
-rw-rw-r--   1 travis travis 15957 Jun 11 04:38 ModularCodeGen3_A2.java
-rw-rw-r--   1 travis travis   856 Jun 11 04:38 ModularCodeGen3_A2.mk
-rw-rw-r--   1 travis travis  1445 Jun 11 04:38 ModularCodeGen3_A2_profile.class
-rw-rw-r--   1 travis travis  1716 Jun 11 04:38 ModularCodeGen3_A2_profile.java
-rw-rw-r--   1 travis travis  3794 Jun 11 04:38 ModularCodeGen4_A1_B1.class
-rw-rw-r--   1 travis travis 10312 Jun 11 04:38 ModularCodeGen4_A1_B1.java
-rw-rw-r--   1 travis travis   880 Jun 11 04:38 ModularCodeGen4_A1_B1.mk
-rw-rw-r--   1 travis travis  1330 Jun 11 04:38 ModularCodeGen4_A1_B1_profile.class
-rw-rw-r--   1 travis travis  1273 Jun 11 04:38 ModularCodeGen4_A1_B1_profile.java
-rw-rw-r--   1 travis travis  3794 Jun 11 04:38 ModularCodeGen4_A1_B2.class
-rw-rw-r--   1 travis travis 10312 Jun 11 04:38 ModularCodeGen4_A1_B2.java
-rw-rw-r--   1 travis travis   880 Jun 11 04:38 ModularCodeGen4_A1_B2.mk
-rw-rw-r--   1 travis travis  1330 Jun 11 04:38 ModularCodeGen4_A1_B2_profile.class
-rw-rw-r--   1 travis travis  1273 Jun 11 04:38 ModularCodeGen4_A1_B2_profile.java
-rw-rw-r--   1 travis travis  5101 Jun 11 04:38 ModularCodeGen4_A1.class
-rw-rw-r--   1 travis travis 16245 Jun 11 04:38 ModularCodeGen4_A1.java
-rw-rw-r--   1 travis travis   856 Jun 11 04:38 ModularCodeGen4_A1.mk
-rw-rw-r--   1 travis travis  1445 Jun 11 04:38 ModularCodeGen4_A1_profile.class
-rw-rw-r--   1 travis travis  1712 Jun 11 04:38 ModularCodeGen4_A1_profile.java
-rw-rw-r--   1 travis travis  3988 Jun 11 04:38 ModularCodeGen4_A2_B1.class
-rw-rw-r--   1 travis travis 11375 Jun 11 04:38 ModularCodeGen4_A2_B1.java
-rw-rw-r--   1 travis travis   880 Jun 11 04:38 ModularCodeGen4_A2_B1.mk
-rw-rw-r--   1 travis travis  1393 Jun 11 04:38 ModularCodeGen4_A2_B1_profile.class
-rw-rw-r--   1 travis travis  1454 Jun 11 04:38 ModularCodeGen4_A2_B1_profile.java
-rw-rw-r--   1 travis travis  3842 Jun 11 04:38 ModularCodeGen4_A2_B2.class
-rw-rw-r--   1 travis travis 10378 Jun 11 04:38 ModularCodeGen4_A2_B2.java
-rw-rw-r--   1 travis travis   880 Jun 11 04:38 ModularCodeGen4_A2_B2.mk
-rw-rw-r--   1 travis travis  1330 Jun 11 04:38 ModularCodeGen4_A2_B2_profile.class
-rw-rw-r--   1 travis travis  1270 Jun 11 04:38 ModularCodeGen4_A2_B2_profile.java
-rw-rw-r--   1 travis travis  5274 Jun 11 04:38 ModularCodeGen4_A2.class
-rw-rw-r--   1 travis travis 16770 Jun 11 04:38 ModularCodeGen4_A2.java
-rw-rw-r--   1 travis travis   856 Jun 11 04:38 ModularCodeGen4_A2.mk
-rw-rw-r--   1 travis travis  1445 Jun 11 04:38 ModularCodeGen4_A2_profile.class
-rw-rw-r--   1 travis travis  1712 Jun 11 04:38 ModularCodeGen4_A2_profile.java
-rw-rw-r--   1 travis travis  6838 Jun 11 04:38 ModularCodeGen5_A_A.class
-rw-rw-r--   1 travis travis 28721 Jun 11 04:38 ModularCodeGen5_A_A.java
-rw-rw-r--   1 travis travis   864 Jun 11 04:38 ModularCodeGen5_A_A.mk
-rw-rw-r--   1 travis travis  1520 Jun 11 04:38 ModularCodeGen5_A_A_profile.class
-rw-rw-r--   1 travis travis  1815 Jun 11 04:38 ModularCodeGen5_A_A_profile.java
-rw-rw-r--   1 travis travis  5115 Jun 11 04:38 ModularCodeGen5_A.class
-rw-rw-r--   1 travis travis 13769 Jun 11 04:38 ModularCodeGen5_A.java
-rw-rw-r--   1 travis travis   848 Jun 11 04:38 ModularCodeGen5_A.mk
-rw-rw-r--   1 travis travis  1422 Jun 11 04:38 ModularCodeGen5_A_profile.class
-rw-rw-r--   1 travis travis  1605 Jun 11 04:38 ModularCodeGen5_A_profile.java
-rw-rw-r--   1 travis travis  4125 Jun 11 04:38 ModularCodeGen6_A_A2.class
-rw-rw-r--   1 travis travis 11329 Jun 11 04:38 ModularCodeGen6_A_A2.java
-rw-rw-r--   1 travis travis   872 Jun 11 04:38 ModularCodeGen6_A_A2.mk
-rw-rw-r--   1 travis travis  1351 Jun 11 04:38 ModularCodeGen6_A_A2_profile.class
-rw-rw-r--   1 travis travis  1364 Jun 11 04:38 ModularCodeGen6_A_A2_profile.java
-rw-rw-r--   1 travis travis  4108 Jun 11 04:38 ModularCodeGen6_A_A.class
-rw-rw-r--   1 travis travis 11221 Jun 11 04:38 ModularCodeGen6_A_A.java
-rw-rw-r--   1 travis travis   864 Jun 11 04:38 ModularCodeGen6_A_A.mk
-rw-rw-r--   1 travis travis  1348 Jun 11 04:38 ModularCodeGen6_A_A_profile.class
-rw-rw-r--   1 travis travis  1361 Jun 11 04:38 ModularCodeGen6_A_A_profile.java
-rw-rw-r--   1 travis travis  7237 Jun 11 04:38 ModularCodeGen6_A.class
-rw-rw-r--   1 travis travis 26535 Jun 11 04:38 ModularCodeGen6_A.java
-rw-rw-r--   1 travis travis   848 Jun 11 04:38 ModularCodeGen6_A.mk
-rw-rw-r--   1 travis travis  1483 Jun 11 04:38 ModularCodeGen6_A_profile.class
-rw-rw-r--   1 travis travis  1810 Jun 11 04:38 ModularCodeGen6_A_profile.java
-rw-rw-r--   1 travis travis  1384 Jun 11 04:38 ModularCodeGenLazyPubSubGlobal_CompositeActor_ModularCodeGenTypedComposite_profile.java
-rw-rw-r--   1 travis travis  3952 Jun 11 04:38 ModularCodeGenLazyPubSub_LazyCompositeActor.class
-rw-rw-r--   1 travis travis 11122 Jun 11 04:38 ModularCodeGenLazyPubSub_LazyCompositeActor.java
-rw-rw-r--   1 travis travis  1056 Jun 11 04:38 ModularCodeGenLazyPubSub_LazyCompositeActor.mk
-rw-rw-r--   1 travis travis  1286 Jun 11 04:38 ModularCodeGenLazyPubSub_LazyCompositeActor_profile.class
-rw-rw-r--   1 travis travis  1091 Jun 11 04:38 ModularCodeGenLazyPubSub_LazyCompositeActor_profile.java
-rw-rw-r--   1 travis travis  3954 Jun 11 04:37 ModularCodeGen_ModularCodeGenTypedCompositeActor.class
-rw-rw-r--   1 travis travis 10970 Jun 11 04:37 ModularCodeGen_ModularCodeGenTypedCompositeActor.java
-rw-rw-r--   1 travis travis  1096 Jun 11 04:37 ModularCodeGen_ModularCodeGenTypedCompositeActor.mk
-rw-rw-r--   1 travis travis  1384 Jun 11 04:37 ModularCodeGen_ModularCodeGenTypedCompositeActor_profile.class
-rw-rw-r--   1 travis travis  1328 Jun 11 04:37 ModularCodeGen_ModularCodeGenTypedCompositeActor_profile.java
-rw-rw-r--   1 travis travis  3492 Jun 11 04:37 ModularCodeGenTest_A1_A2.class
-rw-rw-r--   1 travis travis   904 Jun 11 04:37 ModularCodeGenTest_A1_A2.mk
-rw-rw-r--   1 travis travis  1306 Jun 11 04:37 ModularCodeGenTest_A1_A2_profile.class
-rw-rw-r--   1 travis travis  3823 Jun 11 04:37 ModularCodeGenTest_A1.class
-rw-rw-r--   1 travis travis  9968 Jun 11 04:37 ModularCodeGenTest_A1.java
-rw-rw-r--   1 travis travis   880 Jun 11 04:37 ModularCodeGenTest_A1.mk
-rw-rw-r--   1 travis travis  1352 Jun 11 04:37 ModularCodeGenTest_A1_profile.class
-rw-rw-r--   1 travis travis  1394 Jun 11 04:37 ModularCodeGenTest_A1_profile.java
drwxrwxr-x   3 travis travis 36864 Jun 11 04:37 modulation2
drwxrwxr-x   3 travis travis 20480 Jun 11 04:34 Multiplexor
drwxrwxr-x 242 travis travis 12288 Jun 11 04:37 node_modules
drwxrwxr-x   3 travis travis 20480 Jun 11 04:34 PhaseUnwrap
-rw-rw-r--   1 travis travis   520 Jun 11 04:37 Repeat$_fireFunction_Repeat_Repeat$__f_sL_0.class
-rw-rw-r--   1 travis travis   522 Jun 11 04:37 Repeat$_fireFunction_Repeat_Repeat$__f_sL_10.class
-rw-rw-r--   1 travis travis   666 Jun 11 04:37 Repeat$_fireFunction_Repeat_Repeat$__f_sL_11.class
-rw-rw-r--   1 travis travis   522 Jun 11 04:37 Repeat$_fireFunction_Repeat_Repeat$__f_sL_13.class
-rw-rw-r--   1 travis travis   665 Jun 11 04:37 Repeat$_fireFunction_Repeat_Repeat$__f_sL_1.class
-rw-rw-r--   1 travis travis   520 Jun 11 04:37 Repeat$_fireFunction_Repeat_Repeat$__f_sL_2.class
-rw-rw-r--   1 travis travis   520 Jun 11 04:37 Repeat$_fireFunction_Repeat_Repeat$__f_sL_3.class
-rw-rw-r--   1 travis travis   520 Jun 11 04:37 Repeat$_fireFunction_Repeat_Repeat$__f_sL_5.class
-rw-rw-r--   1 travis travis   671 Jun 11 04:37 Repeat$_fireFunction_Repeat_Repeat$__f_sL_7.class
-rw-rw-r--   1 travis travis   520 Jun 11 04:37 Repeat$_fireFunction_Repeat_Repeat$__f_sL_9.class
-rw-rw-r--   1 travis travis   813 Jun 11 04:37 Repeat$_initialize_Repeat.class
-rw-rw-r--   1 travis travis   475 Jun 11 04:37 Repeat$_initialize_Repeat$__i_sL_0.class
-rw-rw-r--   1 travis travis   519 Jun 11 04:37 Repeat$_initialize_Repeat$__i_sL_3.class
-rw-rw-r--   1 travis travis 39778 Jun 11 04:37 Repeat.java
-rw-rw-r--   1 travis travis  1281 Jun 11 04:37 Repeat.mk
-rw-rw-r--   1 travis travis   520 Jun 11 04:37 Repeat$_preinitializeMethod_Repeat$__p_sL_0.class
-rw-rw-r--   1 travis travis   520 Jun 11 04:37 Repeat$_preinitializeMethod_Repeat$__p_sL_1.class
-rw-rw-r--   1 travis travis  1083 Jun 11 04:37 Repeat$_Repeat$_fireFunction_Repeat_AddSubtract_Repeat.class
-rw-rw-r--   1 travis travis   791 Jun 11 04:37 Repeat$_Repeat$_fireFunction_Repeat_AddSubtract_Repeat$__f_sL_0.class
-rw-rw-r--   1 travis travis   909 Jun 11 04:37 Repeat$_Repeat$_fireFunction_Repeat_AddSubtract_Repeat$__f_sL_1.class
-rw-rw-r--   1 travis travis   915 Jun 11 04:37 Repeat$_Repeat$_fireFunction_Repeat_AddSubtract_Repeat$__f_sL_2.class
-rw-rw-r--   1 travis travis   838 Jun 11 04:37 Repeat$_Repeat$_fireFunction_Repeat_Ramp2_Repeat$__f_sL_1.class
-rw-rw-r--   1 travis travis  1785 Jun 11 04:37 Repeat$_Repeat$_fireFunction_Repeat_Test_Repeat$__f_sL_2.class
-rw-rw-r--   1 travis travis   685 Jun 11 04:37 Repeat$_Repeat_SDF_Director_run_Repeat$__R_sL_0.class
-rw-rw-r--   1 travis travis   540 Jun 11 04:37 Repeat$_Repeat_SDF_Director_run_Repeat$__R_sL_1.class
-rw-rw-r--   1 travis travis   540 Jun 11 04:37 Repeat$_Repeat_SDF_Director_run_Repeat$__R_sL_2.class
-rw-rw-r--   1 travis travis   540 Jun 11 04:37 Repeat$_Repeat_SDF_Director_run_Repeat$__R_sL_4.class
-rw-rw-r--   1 travis travis   540 Jun 11 04:37 Repeat$_Repeat_SDF_Director_run_Repeat$__R_sL_5.class
-rw-rw-r--   1 travis travis   691 Jun 11 04:37 Repeat$_Repeat_SDF_Director_run_Repeat$__R_sL_6.class
-rw-rw-r--   1 travis travis   540 Jun 11 04:37 Repeat$_Repeat_SDF_Director_run_Repeat$__R_sL_7.class
-rw-rw-r--   1 travis travis   863 Jun 11 04:37 Repeat$_varinit_Repeat.class
-rw-rw-r--   1 travis travis   530 Jun 11 04:37 Repeat$_varinit_Repeat$__v_sL_1.class
-rw-rw-r--   1 travis travis   531 Jun 11 04:37 Repeat$_varinit_Repeat$__v_sL_2.class
-rw-rw-r--   1 travis travis   905 Jun 11 04:37 Repeat$_varinit_Repeat$__v_sL_4.class
-rw-rw-r--   1 travis travis   635 Jun 11 04:37 Repeat$_wrapup_Repeat.class
-rw-rw-r--   1 travis travis   965 Jun 11 04:37 Repeat$_wrapup_Repeat$__w_sL_1.class
-rw-rw-r--   1 travis travis   289 Jun 11 04:32 result.csv
drwxrwxr-x   3 travis travis 12288 Jun 11 04:35 Scrambler1
drwxrwxr-x   3 travis travis 20480 Jun 11 04:34 Sinewave2
drwxrwxr-x   3 travis travis 69632 Jun 11 04:35 StringCompare
drwxrwxr-x   3 travis travis 32768 Jun 11 04:35 StringFunction
drwxrwxr-x   3 travis travis 12288 Jun 11 04:35 StringLength
drwxrwxr-x   3 travis travis 57344 Jun 11 04:36 StringSimpleReplace
drwxrwxr-x   3 travis travis 12288 Jun 11 04:37 time2
drwxrwxr-x   3 travis travis 12288 Jun 11 04:37 time5
-rw-rw-r--   1 travis travis   432 Jun 11 04:38 Token.class
-rw-rw-r--   1 travis travis   251 Jun 11 04:38 Token.java
-rw-rw-r--   1 travis travis     0 Jun 11 04:37 top.
-rw-rw-r--   1 travis travis 20502 Jun 11 04:32 top.c
-rw-rw-r--   1 travis travis  3567 Jun 11 04:37 top.class
-rw-rw-r--   1 travis travis   169 Jun 11 04:32 top.html
-rw-rw-r--   1 travis travis  7552 Jun 11 04:37 top.java
-rw-rw-r--   1 travis travis 38888 Jun 11 04:32 top.o
drwxrwxr-x   3 travis travis 57344 Jun 11 04:34 UnaryMathFunction
All Done
Writing ModularCodeGenLazyPubSubGlobal_CompositeActor_ModularCodeGenTypedComposite.java in file:/home/travis/cg/ (30161 characters)
Reading "ptolemy/cg/kernel/generic/program/procedural/java/modular/makefile.in",
    writing "/home/travis/cg/ModularCodeGenLazyPubSubGlobal_CompositeActor_ModularCodeGenTypedComposite.mk"
Using ptolemy/cg/kernel/generic/program/procedural/java/modular/makefile.in
In "/home/travis/cg", about to execute:
    make -f
ModularCodeGenLazyPubSubGlobal_CompositeActor_ModularCodeGenTypedComposite.mk
javac -classpath ".:.."    ModularCodeGenLazyPubSubGlobal_CompositeActor_ModularCodeGenTypedComposite.java
All Done
2170 ms. Memory: 146432K Free: 57754K (39%)
----------------- Invoking toplevel() on ptolemy.moml.MoMLSimpleApplication@3884f850
----------------- Done invoking toplevel() on ptolemy.moml.MoMLSimpleApplication@3884f850
reloadAllAccessors: .ModularCodeGenLazyPubSubGlobal

===========================================================================================
----------------- testing Tue Jun 11 04:38:42 UTC 2019 /home/travis/build/icyphy/ptII/ptolemy/cg/lib/test/auto/ModularCodeGenPubSub1.xml
----------------- Instantiating /home/travis/build/icyphy/ptII/ptolemy/cg/lib/test/auto/ModularCodeGenPubSub1.xml
In "/home/travis/cg", about to execute:
    pwd
In "/home/travis/cg", about to execute:
    ls -l
/home/travis/cg
In "/home/travis/cg", about to execute:
    javac -classpath
.:/home/travis/build/icyphy/ptII:/home/travis/build/icyphy/ptII/lib/bsh-2.0b4.j
ar:/home/travis/build/icyphy/ptII/lib/ptCal.jar:/home/travis/build/icyphy/ptII/
lib/java_cup.jar:/home/travis/build/icyphy/ptII/lib/saxon8.jar:/home/travis/bui
ld/icyphy/ptII/lib/saxon8-dom.jar:/home/travis/build/icyphy/ptII/lib/chic.jar:/
home/travis/build/icyphy/ptII/lib/ptcolt.jar:/usr/lib/jvm/java-8-oracle/lib/too
ls.jar:/home/travis/build/icyphy/ptII/vendors/misc/itext/iText.jar:/home/travis
/build/icyphy/ptII/lib/g4ltl.jar:/home/travis/build/icyphy/ptII/lib/StructuralC
oder.jar:/home/travis/build/icyphy/ptII/vendors/jai-1_1_2_01/lib/jai_core.jar:/
home/travis/build/icyphy/ptII/vendors/jai-1_1_2_01/lib/jai_codec.jar:/home/trav
is/build/icyphy/ptII/lib/jcerti.jar:/home/travis/build/icyphy/ptII/lib/javax.ma
il.jar:/home/travis/build/icyphy/ptII/vendors/JMF-2.1.1e/lib/jmf.jar:/home/trav
is/build/icyphy/ptII/lib/jna-4.0.0-variadic.jar:/home/travis/build/icyphy/ptII/
vendors/misc/joystick/Joystick.jar:/home/travis/build/icyphy/ptII/lib/ptjacl.ja
r:/home/travis/build/icyphy/ptII/lib/jsoup-1.8.2.jar:/home/travis/build/icyphy/
ptII/lib/junit-4.8.2.jar:/home/travis/build/icyphy/ptII/lib/JUnitParams-0.4.0.j
ar:/home/travis/build/icyphy/ptII/ptolemy/actor/lib/excel/jxl.jar:/home/travis/
build/icyphy/ptII/lib/jython.jar:/home/travis/build/icyphy/ptII/lib/kieler.jar:
/home/travis/build/icyphy/ptII/vendors/opencv/share/OpenCV/java/opencv-341.jar:
/home/travis/build/icyphy/ptII/lib/oscP5.jar:/home/travis/build/icyphy/ptII/lib
/nrjavaserial-3.11.0.devel.jar:/home/travis/build/icyphy/ptII/vendors/j3d/lib/j
3dcore.jar:/home/travis/build/icyphy/ptII/vendors/j3d/lib/j3dutils.jar:/home/tr
avis/build/icyphy/ptII/vendors/j3d/lib/vecmath.jar:/home/travis/build/icyphy/pt
II/ptolemy/distributed/jini/jar/jini-core.jar:/home/travis/build/icyphy/ptII/pt
olemy/distributed/jini/jar/jini-ext.jar:/home/travis/build/icyphy/ptII/ptolemy/
distributed/jini/jar/sun-util.jar:/home/travis/build/icyphy/ptII/lib/protobuf-j
ava-2.4.1.jar:/home/travis/build/icyphy/ptII/lib/org.eclipse.paho.client.mqttv3
.jar:/home/travis/build/icyphy/ptII/lib/mapss.jar:/home/travis/build/icyphy/ptI
I/ptolemy/actor/ptalon/antlr/antlr.jar:/home/travis/build/icyphy/ptII/lib/JRI.j
ar:/home/travis/build/icyphy/ptII/lib/commons-lang-2.6.jar:/home/travis/build/i
cyphy/ptII/lib/commons-logging-1.1.1.jar:/home/travis/build/icyphy/ptII/lib/soo
tclasses.jar:/home/travis/build/icyphy/ptII/ptolemy/actor/lib/database/mysql-co
nnector-java-5.1.6-bin.jar:/home/travis/build/icyphy/ptII/vendors/misc/sphinx4/
sphinx4-data-5prealpha.jar:/home/travis/build/icyphy/ptII/vendors/misc/sphinx4/
sphinx4-core-5prealpha.jar:/home/travis/build/icyphy/ptII/lib/PDFRenderer.jar:/
home/travis/build/icyphy/ptII/lib/svgSalamander.jar:/home/travis/build/icyphy/p
tII/lib/rsyntaxtextarea-2.6.0-SNAPSHOT.jar:/home/travis/build/icyphy/ptII/lib/h
azelcast-3.8.2.jar:/home/travis/build/icyphy/ptII/lib/jackson-annotations-2.9.0
.jar:/home/travis/build/icyphy/ptII/lib/jackson-core-2.9.3.jar:/home/travis/bui
ld/icyphy/ptII/lib/jackson-databind-2.9.3.jar:/home/travis/build/icyphy/ptII/li
b/netty-buffer-4.1.19.Final.jar:/home/travis/build/icyphy/ptII/lib/netty-codec-
4.1.19.Final.jar:/home/travis/build/icyphy/ptII/lib/netty-codec-dns-4.1.19.Fina
l.jar:/home/travis/build/icyphy/ptII/lib/netty-codec-http-4.1.19.Final.jar:/hom
e/travis/build/icyphy/ptII/lib/netty-codec-http2-4.1.19.Final.jar:/home/travis/
build/icyphy/ptII/lib/netty-common-4.1.19.Final.jar:/home/travis/build/icyphy/p
tII/lib/netty-handler-4.1.19.Final.jar:/home/travis/build/icyphy/ptII/lib/netty
-resolver-4.1.19.Final.jar:/home/travis/build/icyphy/ptII/lib/netty-resolver-dn
s-4.1.19.Final.jar:/home/travis/build/icyphy/ptII/lib/netty-transport-4.1.19.Fi
nal.jar:/home/travis/build/icyphy/ptII/lib/vertx-codegen-3.5.1.jar:/home/travis
/build/icyphy/ptII/lib/vertx-core-3.5.2-SNAPSHOT.jar:/home/travis/build/icyphy/
ptII/lib/vertx-hazelcast-3.5.1.jar:/home/travis/build/icyphy/ptII/lib/vertx-lan
g-js-3.5.1.jar:/home/travis/build/icyphy/ptII/lib/vertx-service-proxy-3.5.1.jar
:/home/travis/build/icyphy/ptII/lib/vertx-web-3.5.1.jar:/home/travis/build/icyp
hy/ptII/lib/slf4j-api-1.7.13.jar:/home/travis/build/icyphy/ptII/lib/slf4j-simpl
e-1.7.13.jar:/home/travis/build/icyphy/ptII/lib/webcam-capture-0.3.12.jar:/home
/travis/build/icyphy/ptII/lib/bridj-0.7.0.jar:/home/travis/build/icyphy/ptII/li
b/xbjlib-1.1.0.nrjavaserial.jar:/home/travis/build/icyphy/ptII/ptolemy/moml/tes
t:/home/travis/build/icyphy/ptII/ant/lib/ant-launcher.jar:/home/travis/build/ic
yphy/ptII/ant/lib/ant.jar:/home/travis/build/icyphy/ptII/ant/lib/ant-junit.jar:
/home/travis/build/icyphy/ptII/ant/lib/ant-junit4.jar:/home/travis/build/icyphy
/ptII ModularCodeGenPubSub_A1_profile.java
total 2024
drwxrwxr-x   3 travis travis 12288 Jun 11 04:33 AbsoluteValue
-rw-rw-r--   1 travis travis   233 Jun 11 04:38 Array.class
-rw-rw-r--   1 travis travis   459 Jun 11 04:38 Array.java
drwxrwxr-x   3 travis travis 16384 Jun 11 04:33 Case1
drwxrwxr-x   3 travis travis 32768 Jun 11 04:33 Case2
-rw-rw-r--   1 travis travis  4895 Jun 11 04:37 CompiledCompositeActor_CompiledCompositeActor.class
-rw-rw-r--   1 travis travis  1592 Jun 11 04:37 CompiledCompositeActor_CompiledCompositeActor$_CompiledCompositeActor_CompiledCompositeActor.class
-rw-rw-r--   1 travis travis 13466 Jun 11 04:37 CompiledCompositeActor_CompiledCompositeActor.java
-rw-rw-r--   1 travis travis  1593 Jun 11 04:37 CompiledCompositeActor_CompiledCompositeActor.mk
drwxrwxr-x   3 travis travis 24576 Jun 11 04:35 DeScrambler
drwxrwxr-x   3 travis travis 16384 Jun 11 04:36 DotProduct
drwxrwxr-x   3 travis travis 12288 Jun 11 04:33 FileWriter1
drwxrwxr-x   3 travis travis 20480 Jun 11 04:32 FixToDoubleAndBack
drwxrwxr-x   3 travis travis 16384 Jun 11 04:33 Gaussian1
drwxrwxr-x   3 travis travis 20480 Jun 11 04:33 Gaussian2
-rw-rw-r--   1 travis travis  4457 Jun 11 04:37 JavaCompiledCompositeTest1_CompiledCompositeActor.class
-rw-rw-r--   1 travis travis 11637 Jun 11 04:37 JavaCompiledCompositeTest1_CompiledCompositeActor.java
-rw-rw-r--   1 travis travis  1198 Jun 11 04:37 JavaCompiledCompositeTest1_CompiledCompositeActor$_JavaCompiledCompositeTest1_CompiledCompositeActor.class
-rw-rw-r--   1 travis travis  1625 Jun 11 04:37 JavaCompiledCompositeTest1_CompiledCompositeActor.mk
-rw-rw-r--   1 travis travis  4888 Jun 11 04:37 JavaCompiledCompositeTest2_CompiledCompositeActor.class
-rw-rw-r--   1 travis travis 14919 Jun 11 04:37 JavaCompiledCompositeTest2_CompiledCompositeActor.java
-rw-rw-r--   1 travis travis  1793 Jun 11 04:37 JavaCompiledCompositeTest2_CompiledCompositeActor$_JavaCompiledCompositeTest2_CompiledCompositeActor.class
-rw-rw-r--   1 travis travis  1625 Jun 11 04:37 JavaCompiledCompositeTest2_CompiledCompositeActor.mk
-rw-rw-r--   1 travis travis  4505 Jun 11 04:37 JavaCompiledCompositeTest3_CompiledCompositeActor.class
-rw-rw-r--   1 travis travis 13080 Jun 11 04:37 JavaCompiledCompositeTest3_CompiledCompositeActor.java
-rw-rw-r--   1 travis travis  1378 Jun 11 04:37 JavaCompiledCompositeTest3_CompiledCompositeActor$_JavaCompiledCompositeTest3_CompiledCompositeActor.class
-rw-rw-r--   1 travis travis  1625 Jun 11 04:37 JavaCompiledCompositeTest3_CompiledCompositeActor.mk
-rw-rw-r--   1 travis travis  3953 Jun 11 04:37 JavaCompiledCompositeTest4_CompiledCompositeActor.class
-rw-rw-r--   1 travis travis  9687 Jun 11 04:37 JavaCompiledCompositeTest4_CompiledCompositeActor.java
-rw-rw-r--   1 travis travis   857 Jun 11 04:37 JavaCompiledCompositeTest4_CompiledCompositeActor$_JavaCompiledCompositeTest4_CompiledCompositeActor.class
-rw-rw-r--   1 travis travis  1625 Jun 11 04:37 JavaCompiledCompositeTest4_CompiledCompositeActor.mk
drwxrwxr-x   3 travis travis 12288 Jun 11 04:33 LookupTable
drwxrwxr-x   3 travis travis 20480 Jun 11 04:34 MaxIndex
-rw-rw-r--   1 travis travis  3693 Jun 11 04:37 ModularCG_A1_B1.class
-rw-rw-r--   1 travis travis  9730 Jun 11 04:37 ModularCG_A1_B1.java
-rw-rw-r--   1 travis travis   832 Jun 11 04:37 ModularCG_A1_B1.mk
-rw-rw-r--   1 travis travis  1318 Jun 11 04:37 ModularCG_A1_B1_profile.class
-rw-rw-r--   1 travis travis  1262 Jun 11 04:37 ModularCG_A1_B1_profile.java
-rw-rw-r--   1 travis travis  3693 Jun 11 04:37 ModularCG_A1_B2.class
-rw-rw-r--   1 travis travis  9730 Jun 11 04:37 ModularCG_A1_B2.java
-rw-rw-r--   1 travis travis   832 Jun 11 04:37 ModularCG_A1_B2.mk
-rw-rw-r--   1 travis travis  1318 Jun 11 04:37 ModularCG_A1_B2_profile.class
-rw-rw-r--   1 travis travis  1262 Jun 11 04:37 ModularCG_A1_B2_profile.java
-rw-rw-r--   1 travis travis  4799 Jun 11 04:37 ModularCG_A1.class
-rw-rw-r--   1 travis travis 14742 Jun 11 04:37 ModularCG_A1.java
-rw-rw-r--   1 travis travis   808 Jun 11 04:37 ModularCG_A1.mk
-rw-rw-r--   1 travis travis  1433 Jun 11 04:37 ModularCG_A1_profile.class
-rw-rw-r--   1 travis travis  1704 Jun 11 04:37 ModularCG_A1_profile.java
-rw-rw-r--   1 travis travis  3827 Jun 11 04:37 ModularCG_A2_B1.class
-rw-rw-r--   1 travis travis 10667 Jun 11 04:37 ModularCG_A2_B1.java
-rw-rw-r--   1 travis travis   832 Jun 11 04:37 ModularCG_A2_B1.mk
-rw-rw-r--   1 travis travis  1381 Jun 11 04:37 ModularCG_A2_B1_profile.class
-rw-rw-r--   1 travis travis  1446 Jun 11 04:37 ModularCG_A2_B1_profile.java
-rw-rw-r--   1 travis travis  3693 Jun 11 04:37 ModularCG_A2_B2.class
-rw-rw-r--   1 travis travis  9730 Jun 11 04:37 ModularCG_A2_B2.java
-rw-rw-r--   1 travis travis   832 Jun 11 04:37 ModularCG_A2_B2.mk
-rw-rw-r--   1 travis travis  1318 Jun 11 04:37 ModularCG_A2_B2_profile.class
-rw-rw-r--   1 travis travis  1262 Jun 11 04:37 ModularCG_A2_B2_profile.java
-rw-rw-r--   1 travis travis  4870 Jun 11 04:37 ModularCG_A2.class
-rw-rw-r--   1 travis travis 15129 Jun 11 04:37 ModularCG_A2.java
-rw-rw-r--   1 travis travis   808 Jun 11 04:37 ModularCG_A2.mk
-rw-rw-r--   1 travis travis  1433 Jun 11 04:37 ModularCG_A2_profile.class
-rw-rw-r--   1 travis travis  1704 Jun 11 04:37 ModularCG_A2_profile.java
-rw-rw-r--   1 travis travis  3473 Jun 11 04:37 ModularCGPubSub_A1_A2.class
-rw-rw-r--   1 travis travis  9076 Jun 11 04:37 ModularCGPubSub_A1_A2.java
-rw-rw-r--   1 travis travis   880 Jun 11 04:37 ModularCGPubSub_A1_A2.mk
-rw-rw-r--   1 travis travis  1300 Jun 11 04:37 ModularCGPubSub_A1_A2_profile.class
-rw-rw-r--   1 travis travis  1222 Jun 11 04:37 ModularCGPubSub_A1_A2_profile.java
-rw-rw-r--   1 travis travis  3790 Jun 11 04:37 ModularCGPubSub_A1.class
-rw-rw-r--   1 travis travis  9836 Jun 11 04:37 ModularCGPubSub_A1.java
-rw-rw-r--   1 travis travis   856 Jun 11 04:37 ModularCGPubSub_A1.mk
-rw-rw-r--   1 travis travis  1346 Jun 11 04:37 ModularCGPubSub_A1_profile.class
-rw-rw-r--   1 travis travis  1388 Jun 11 04:37 ModularCGPubSub_A1_profile.java
-rw-rw-r--   1 travis travis  3988 Jun 11 04:38 ModularCodeGen2_ModularCodeGenTypedCompositeActor.class
-rw-rw-r--   1 travis travis 11690 Jun 11 04:38 ModularCodeGen2_ModularCodeGenTypedCompositeActor.java
-rw-rw-r--   1 travis travis  1104 Jun 11 04:38 ModularCodeGen2_ModularCodeGenTypedCompositeActor.mk
-rw-rw-r--   1 travis travis  4272 Jun 11 04:38 ModularCodeGen2_ModularCodeGenTypedCompositeActor_ModularCodeGenTypedCompositeActor.class
-rw-rw-r--   1 travis travis 11790 Jun 11 04:37 ModularCodeGen2_ModularCodeGenTypedCompositeActor_ModularCodeGenTypedCompositeActor.java
-rw-rw-r--   1 travis travis  1376 Jun 11 04:37 ModularCodeGen2_ModularCodeGenTypedCompositeActor_ModularCodeGenTypedCompositeActor.mk
-rw-rw-r--   1 travis travis  1421 Jun 11 04:37 ModularCodeGen2_ModularCodeGenTypedCompositeActor_ModularCodeGenTypedCompositeActor_profile.class
-rw-rw-r--   1 travis travis  1294 Jun 11 04:37 ModularCodeGen2_ModularCodeGenTypedCompositeActor_ModularCodeGenTypedCompositeActor_profile.java
-rw-rw-r--   1 travis travis   820 Jun 11 04:38 ModularCodeGen2_ModularCodeGenTypedCompositeActor_profile.class
-rw-rw-r--   1 travis travis   693 Jun 11 04:38 ModularCodeGen2_ModularCodeGenTypedCompositeActor_profile.java
-rw-rw-r--   1 travis travis  3741 Jun 11 04:38 ModularCodeGen3_A1_B1.class
-rw-rw-r--   1 travis travis  9958 Jun 11 04:38 ModularCodeGen3_A1_B1.java
-rw-rw-r--   1 travis travis   880 Jun 11 04:38 ModularCodeGen3_A1_B1.mk
-rw-rw-r--   1 travis travis  1330 Jun 11 04:38 ModularCodeGen3_A1_B1_profile.class
-rw-rw-r--   1 travis travis  1274 Jun 11 04:38 ModularCodeGen3_A1_B1_profile.java
-rw-rw-r--   1 travis travis  3741 Jun 11 04:38 ModularCodeGen3_A1_B2.class
-rw-rw-r--   1 travis travis  9958 Jun 11 04:38 ModularCodeGen3_A1_B2.java
-rw-rw-r--   1 travis travis   880 Jun 11 04:38 ModularCodeGen3_A1_B2.mk
-rw-rw-r--   1 travis travis  1330 Jun 11 04:38 ModularCodeGen3_A1_B2_profile.class
-rw-rw-r--   1 travis travis  1274 Jun 11 04:38 ModularCodeGen3_A1_B2_profile.java
-rw-rw-r--   1 travis travis  4961 Jun 11 04:38 ModularCodeGen3_A1.class
-rw-rw-r--   1 travis travis 15564 Jun 11 04:38 ModularCodeGen3_A1.java
-rw-rw-r--   1 travis travis   856 Jun 11 04:38 ModularCodeGen3_A1.mk
-rw-rw-r--   1 travis travis  1445 Jun 11 04:38 ModularCodeGen3_A1_profile.class
-rw-rw-r--   1 travis travis  1716 Jun 11 04:38 ModularCodeGen3_A1_profile.java
-rw-rw-r--   1 travis travis  3887 Jun 11 04:38 ModularCodeGen3_A2_B1.class
-rw-rw-r--   1 travis travis 10955 Jun 11 04:38 ModularCodeGen3_A2_B1.java
-rw-rw-r--   1 travis travis   880 Jun 11 04:38 ModularCodeGen3_A2_B1.mk
-rw-rw-r--   1 travis travis  1393 Jun 11 04:38 ModularCodeGen3_A2_B1_profile.class
-rw-rw-r--   1 travis travis  1458 Jun 11 04:38 ModularCodeGen3_A2_B1_profile.java
-rw-rw-r--   1 travis travis  3741 Jun 11 04:38 ModularCodeGen3_A2_B2.class
-rw-rw-r--   1 travis travis  9958 Jun 11 04:38 ModularCodeGen3_A2_B2.java
-rw-rw-r--   1 travis travis   880 Jun 11 04:38 ModularCodeGen3_A2_B2.mk
-rw-rw-r--   1 travis travis  1330 Jun 11 04:38 ModularCodeGen3_A2_B2_profile.class
-rw-rw-r--   1 travis travis  1274 Jun 11 04:38 ModularCodeGen3_A2_B2_profile.java
-rw-rw-r--   1 travis travis  5038 Jun 11 04:38 ModularCodeGen3_A2.class
-rw-rw-r--   1 travis travis 15957 Jun 11 04:38 ModularCodeGen3_A2.java
-rw-rw-r--   1 travis travis   856 Jun 11 04:38 ModularCodeGen3_A2.mk
-rw-rw-r--   1 travis travis  1445 Jun 11 04:38 ModularCodeGen3_A2_profile.class
-rw-rw-r--   1 travis travis  1716 Jun 11 04:38 ModularCodeGen3_A2_profile.java
-rw-rw-r--   1 travis travis  3794 Jun 11 04:38 ModularCodeGen4_A1_B1.class
-rw-rw-r--   1 travis travis 10312 Jun 11 04:38 ModularCodeGen4_A1_B1.java
-rw-rw-r--   1 travis travis   880 Jun 11 04:38 ModularCodeGen4_A1_B1.mk
-rw-rw-r--   1 travis travis  1330 Jun 11 04:38 ModularCodeGen4_A1_B1_profile.class
-rw-rw-r--   1 travis travis  1273 Jun 11 04:38 ModularCodeGen4_A1_B1_profile.java
-rw-rw-r--   1 travis travis  3794 Jun 11 04:38 ModularCodeGen4_A1_B2.class
-rw-rw-r--   1 travis travis 10312 Jun 11 04:38 ModularCodeGen4_A1_B2.java
-rw-rw-r--   1 travis travis   880 Jun 11 04:38 ModularCodeGen4_A1_B2.mk
-rw-rw-r--   1 travis travis  1330 Jun 11 04:38 ModularCodeGen4_A1_B2_profile.class
-rw-rw-r--   1 travis travis  1273 Jun 11 04:38 ModularCodeGen4_A1_B2_profile.java
-rw-rw-r--   1 travis travis  5101 Jun 11 04:38 ModularCodeGen4_A1.class
-rw-rw-r--   1 travis travis 16245 Jun 11 04:38 ModularCodeGen4_A1.java
-rw-rw-r--   1 travis travis   856 Jun 11 04:38 ModularCodeGen4_A1.mk
-rw-rw-r--   1 travis travis  1445 Jun 11 04:38 ModularCodeGen4_A1_profile.class
-rw-rw-r--   1 travis travis  1712 Jun 11 04:38 ModularCodeGen4_A1_profile.java
-rw-rw-r--   1 travis travis  3988 Jun 11 04:38 ModularCodeGen4_A2_B1.class
-rw-rw-r--   1 travis travis 11375 Jun 11 04:38 ModularCodeGen4_A2_B1.java
-rw-rw-r--   1 travis travis   880 Jun 11 04:38 ModularCodeGen4_A2_B1.mk
-rw-rw-r--   1 travis travis  1393 Jun 11 04:38 ModularCodeGen4_A2_B1_profile.class
-rw-rw-r--   1 travis travis  1454 Jun 11 04:38 ModularCodeGen4_A2_B1_profile.java
-rw-rw-r--   1 travis travis  3842 Jun 11 04:38 ModularCodeGen4_A2_B2.class
-rw-rw-r--   1 travis travis 10378 Jun 11 04:38 ModularCodeGen4_A2_B2.java
-rw-rw-r--   1 travis travis   880 Jun 11 04:38 ModularCodeGen4_A2_B2.mk
-rw-rw-r--   1 travis travis  1330 Jun 11 04:38 ModularCodeGen4_A2_B2_profile.class
-rw-rw-r--   1 travis travis  1270 Jun 11 04:38 ModularCodeGen4_A2_B2_profile.java
-rw-rw-r--   1 travis travis  5274 Jun 11 04:38 ModularCodeGen4_A2.class
-rw-rw-r--   1 travis travis 16770 Jun 11 04:38 ModularCodeGen4_A2.java
-rw-rw-r--   1 travis travis   856 Jun 11 04:38 ModularCodeGen4_A2.mk
-rw-rw-r--   1 travis travis  1445 Jun 11 04:38 ModularCodeGen4_A2_profile.class
-rw-rw-r--   1 travis travis  1712 Jun 11 04:38 ModularCodeGen4_A2_profile.java
-rw-rw-r--   1 travis travis  6838 Jun 11 04:38 ModularCodeGen5_A_A.class
-rw-rw-r--   1 travis travis 28721 Jun 11 04:38 ModularCodeGen5_A_A.java
-rw-rw-r--   1 travis travis   864 Jun 11 04:38 ModularCodeGen5_A_A.mk
-rw-rw-r--   1 travis travis  1520 Jun 11 04:38 ModularCodeGen5_A_A_profile.class
-rw-rw-r--   1 travis travis  1815 Jun 11 04:38 ModularCodeGen5_A_A_profile.java
-rw-rw-r--   1 travis travis  5115 Jun 11 04:38 ModularCodeGen5_A.class
-rw-rw-r--   1 travis travis 13769 Jun 11 04:38 ModularCodeGen5_A.java
-rw-rw-r--   1 travis travis   848 Jun 11 04:38 ModularCodeGen5_A.mk
-rw-rw-r--   1 travis travis  1422 Jun 11 04:38 ModularCodeGen5_A_profile.class
-rw-rw-r--   1 travis travis  1605 Jun 11 04:38 ModularCodeGen5_A_profile.java
-rw-rw-r--   1 travis travis  4125 Jun 11 04:38 ModularCodeGen6_A_A2.class
-rw-rw-r--   1 travis travis 11329 Jun 11 04:38 ModularCodeGen6_A_A2.java
-rw-rw-r--   1 travis travis   872 Jun 11 04:38 ModularCodeGen6_A_A2.mk
-rw-rw-r--   1 travis travis  1351 Jun 11 04:38 ModularCodeGen6_A_A2_profile.class
-rw-rw-r--   1 travis travis  1364 Jun 11 04:38 ModularCodeGen6_A_A2_profile.java
-rw-rw-r--   1 travis travis  4108 Jun 11 04:38 ModularCodeGen6_A_A.class
-rw-rw-r--   1 travis travis 11221 Jun 11 04:38 ModularCodeGen6_A_A.java
-rw-rw-r--   1 travis travis   864 Jun 11 04:38 ModularCodeGen6_A_A.mk
-rw-rw-r--   1 travis travis  1348 Jun 11 04:38 ModularCodeGen6_A_A_profile.class
-rw-rw-r--   1 travis travis  1361 Jun 11 04:38 ModularCodeGen6_A_A_profile.java
-rw-rw-r--   1 travis travis  7237 Jun 11 04:38 ModularCodeGen6_A.class
-rw-rw-r--   1 travis travis 26535 Jun 11 04:38 ModularCodeGen6_A.java
-rw-rw-r--   1 travis travis   848 Jun 11 04:38 ModularCodeGen6_A.mk
-rw-rw-r--   1 travis travis  1483 Jun 11 04:38 ModularCodeGen6_A_profile.class
-rw-rw-r--   1 travis travis  1810 Jun 11 04:38 ModularCodeGen6_A_profile.java
-rw-rw-r--   1 travis travis  9439 Jun 11 04:38 ModularCodeGenLazyPubSubGlobal_CompositeActor_ModularCodeGenTypedComposite.class
-rw-rw-r--   1 travis travis 30161 Jun 11 04:38 ModularCodeGenLazyPubSubGlobal_CompositeActor_ModularCodeGenTypedComposite.java
-rw-rw-r--   1 travis travis  1304 Jun 11 04:38 ModularCodeGenLazyPubSubGlobal_CompositeActor_ModularCodeGenTypedComposite.mk
-rw-rw-r--   1 travis travis  1438 Jun 11 04:38 ModularCodeGenLazyPubSubGlobal_CompositeActor_ModularCodeGenTypedComposite_profile.class
-rw-rw-r--   1 travis travis  1384 Jun 11 04:38 ModularCodeGenLazyPubSubGlobal_CompositeActor_ModularCodeGenTypedComposite_profile.java
-rw-rw-r--   1 travis travis  3952 Jun 11 04:38 ModularCodeGenLazyPubSub_LazyCompositeActor.class
-rw-rw-r--   1 travis travis 11122 Jun 11 04:38 ModularCodeGenLazyPubSub_LazyCompositeActor.java
-rw-rw-r--   1 travis travis  1056 Jun 11 04:38 ModularCodeGenLazyPubSub_LazyCompositeActor.mk
-rw-rw-r--   1 travis travis  1286 Jun 11 04:38 ModularCodeGenLazyPubSub_LazyCompositeActor_profile.class
-rw-rw-r--   1 travis travis  1091 Jun 11 04:38 ModularCodeGenLazyPubSub_LazyCompositeActor_profile.java
-rw-rw-r--   1 travis travis  3954 Jun 11 04:37 ModularCodeGen_ModularCodeGenTypedCompositeActor.class
-rw-rw-r--   1 travis travis 10970 Jun 11 04:37 ModularCodeGen_ModularCodeGenTypedCompositeActor.java
-rw-rw-r--   1 travis travis  1096 Jun 11 04:37 ModularCodeGen_ModularCodeGenTypedCompositeActor.mk
-rw-rw-r--   1 travis travis  1384 Jun 11 04:37 ModularCodeGen_ModularCodeGenTypedCompositeActor_profile.class
-rw-rw-r--   1 travis travis  1328 Jun 11 04:37 ModularCodeGen_ModularCodeGenTypedCompositeActor_profile.java
-rw-rw-r--   1 travis travis  1195 Jun 11 04:38 ModularCodeGenPubSub_A1_profile.java
-rw-rw-r--   1 travis travis  3492 Jun 11 04:37 ModularCodeGenTest_A1_A2.class
-rw-rw-r--   1 travis travis   904 Jun 11 04:37 ModularCodeGenTest_A1_A2.mk
-rw-rw-r--   1 travis travis  1306 Jun 11 04:37 ModularCodeGenTest_A1_A2_profile.class
-rw-rw-r--   1 travis travis  3823 Jun 11 04:37 ModularCodeGenTest_A1.class
-rw-rw-r--   1 travis travis  9968 Jun 11 04:37 ModularCodeGenTest_A1.java
-rw-rw-r--   1 travis travis   880 Jun 11 04:37 ModularCodeGenTest_A1.mk
-rw-rw-r--   1 travis travis  1352 Jun 11 04:37 ModularCodeGenTest_A1_profile.class
-rw-rw-r--   1 travis travis  1394 Jun 11 04:37 ModularCodeGenTest_A1_profile.java
drwxrwxr-x   3 travis travis 36864 Jun 11 04:37 modulation2
drwxrwxr-x   3 travis travis 20480 Jun 11 04:34 Multiplexor
drwxrwxr-x 242 travis travis 12288 Jun 11 04:37 node_modules
drwxrwxr-x   3 travis travis 20480 Jun 11 04:34 PhaseUnwrap
-rw-rw-r--   1 travis travis   520 Jun 11 04:37 Repeat$_fireFunction_Repeat_Repeat$__f_sL_0.class
-rw-rw-r--   1 travis travis   522 Jun 11 04:37 Repeat$_fireFunction_Repeat_Repeat$__f_sL_10.class
-rw-rw-r--   1 travis travis   666 Jun 11 04:37 Repeat$_fireFunction_Repeat_Repeat$__f_sL_11.class
-rw-rw-r--   1 travis travis   522 Jun 11 04:37 Repeat$_fireFunction_Repeat_Repeat$__f_sL_13.class
-rw-rw-r--   1 travis travis   665 Jun 11 04:37 Repeat$_fireFunction_Repeat_Repeat$__f_sL_1.class
-rw-rw-r--   1 travis travis   520 Jun 11 04:37 Repeat$_fireFunction_Repeat_Repeat$__f_sL_2.class
-rw-rw-r--   1 travis travis   520 Jun 11 04:37 Repeat$_fireFunction_Repeat_Repeat$__f_sL_3.class
-rw-rw-r--   1 travis travis   520 Jun 11 04:37 Repeat$_fireFunction_Repeat_Repeat$__f_sL_5.class
-rw-rw-r--   1 travis travis   671 Jun 11 04:37 Repeat$_fireFunction_Repeat_Repeat$__f_sL_7.class
-rw-rw-r--   1 travis travis   520 Jun 11 04:37 Repeat$_fireFunction_Repeat_Repeat$__f_sL_9.class
-rw-rw-r--   1 travis travis   813 Jun 11 04:37 Repeat$_initialize_Repeat.class
-rw-rw-r--   1 travis travis   475 Jun 11 04:37 Repeat$_initialize_Repeat$__i_sL_0.class
-rw-rw-r--   1 travis travis   519 Jun 11 04:37 Repeat$_initialize_Repeat$__i_sL_3.class
-rw-rw-r--   1 travis travis 39778 Jun 11 04:37 Repeat.java
-rw-rw-r--   1 travis travis  1281 Jun 11 04:37 Repeat.mk
-rw-rw-r--   1 travis travis   520 Jun 11 04:37 Repeat$_preinitializeMethod_Repeat$__p_sL_0.class
-rw-rw-r--   1 travis travis   520 Jun 11 04:37 Repeat$_preinitializeMethod_Repeat$__p_sL_1.class
-rw-rw-r--   1 travis travis  1083 Jun 11 04:37 Repeat$_Repeat$_fireFunction_Repeat_AddSubtract_Repeat.class
-rw-rw-r--   1 travis travis   791 Jun 11 04:37 Repeat$_Repeat$_fireFunction_Repeat_AddSubtract_Repeat$__f_sL_0.class
-rw-rw-r--   1 travis travis   909 Jun 11 04:37 Repeat$_Repeat$_fireFunction_Repeat_AddSubtract_Repeat$__f_sL_1.class
-rw-rw-r--   1 travis travis   915 Jun 11 04:37 Repeat$_Repeat$_fireFunction_Repeat_AddSubtract_Repeat$__f_sL_2.class
-rw-rw-r--   1 travis travis   838 Jun 11 04:37 Repeat$_Repeat$_fireFunction_Repeat_Ramp2_Repeat$__f_sL_1.class
-rw-rw-r--   1 travis travis  1785 Jun 11 04:37 Repeat$_Repeat$_fireFunction_Repeat_Test_Repeat$__f_sL_2.class
-rw-rw-r--   1 travis travis   685 Jun 11 04:37 Repeat$_Repeat_SDF_Director_run_Repeat$__R_sL_0.class
-rw-rw-r--   1 travis travis   540 Jun 11 04:37 Repeat$_Repeat_SDF_Director_run_Repeat$__R_sL_1.class
-rw-rw-r--   1 travis travis   540 Jun 11 04:37 Repeat$_Repeat_SDF_Director_run_Repeat$__R_sL_2.class
-rw-rw-r--   1 travis travis   540 Jun 11 04:37 Repeat$_Repeat_SDF_Director_run_Repeat$__R_sL_4.class
-rw-rw-r--   1 travis travis   540 Jun 11 04:37 Repeat$_Repeat_SDF_Director_run_Repeat$__R_sL_5.class
-rw-rw-r--   1 travis travis   691 Jun 11 04:37 Repeat$_Repeat_SDF_Director_run_Repeat$__R_sL_6.class
-rw-rw-r--   1 travis travis   540 Jun 11 04:37 Repeat$_Repeat_SDF_Director_run_Repeat$__R_sL_7.class
-rw-rw-r--   1 travis travis   863 Jun 11 04:37 Repeat$_varinit_Repeat.class
-rw-rw-r--   1 travis travis   530 Jun 11 04:37 Repeat$_varinit_Repeat$__v_sL_1.class
-rw-rw-r--   1 travis travis   531 Jun 11 04:37 Repeat$_varinit_Repeat$__v_sL_2.class
-rw-rw-r--   1 travis travis   905 Jun 11 04:37 Repeat$_varinit_Repeat$__v_sL_4.class
-rw-rw-r--   1 travis travis   635 Jun 11 04:37 Repeat$_wrapup_Repeat.class
-rw-rw-r--   1 travis travis   965 Jun 11 04:37 Repeat$_wrapup_Repeat$__w_sL_1.class
-rw-rw-r--   1 travis travis   289 Jun 11 04:32 result.csv
drwxrwxr-x   3 travis travis 12288 Jun 11 04:35 Scrambler1
drwxrwxr-x   3 travis travis 20480 Jun 11 04:34 Sinewave2
drwxrwxr-x   3 travis travis 69632 Jun 11 04:35 StringCompare
drwxrwxr-x   3 travis travis 32768 Jun 11 04:35 StringFunction
drwxrwxr-x   3 travis travis 12288 Jun 11 04:35 StringLength
drwxrwxr-x   3 travis travis 57344 Jun 11 04:36 StringSimpleReplace
drwxrwxr-x   3 travis travis 12288 Jun 11 04:37 time2
drwxrwxr-x   3 travis travis 12288 Jun 11 04:37 time5
-rw-rw-r--   1 travis travis   432 Jun 11 04:38 Token.class
-rw-rw-r--   1 travis travis   251 Jun 11 04:38 Token.java
-rw-rw-r--   1 travis travis     0 Jun 11 04:37 top.
-rw-rw-r--   1 travis travis 20502 Jun 11 04:32 top.c
-rw-rw-r--   1 travis travis  3567 Jun 11 04:37 top.class
-rw-rw-r--   1 travis travis   169 Jun 11 04:32 top.html
-rw-rw-r--   1 travis travis  7552 Jun 11 04:37 top.java
-rw-rw-r--   1 travis travis 38888 Jun 11 04:32 top.o
drwxrwxr-x   3 travis travis 57344 Jun 11 04:34 UnaryMathFunction
All Done
Writing ModularCodeGenPubSub_A1.java in file:/home/travis/cg/ (9060 characters)
Reading "ptolemy/cg/kernel/generic/program/procedural/java/modular/makefile.in",
    writing "/home/travis/cg/ModularCodeGenPubSub_A1.mk"
Using ptolemy/cg/kernel/generic/program/procedural/java/modular/makefile.in
In "/home/travis/cg", about to execute:
    make -f ModularCodeGenPubSub_A1.mk
javac -classpath ".:.."    ModularCodeGenPubSub_A1.java
All Done
2056 ms. Memory: 144384K Free: 70219K (49%)
----------------- Invoking toplevel() on ptolemy.moml.MoMLSimpleApplication@6014f453
----------------- Done invoking toplevel() on ptolemy.moml.MoMLSimpleApplication@6014f453
reloadAllAccessors: .ModularCodeGenPubSub

===========================================================================================
----------------- testing Tue Jun 11 04:38:44 UTC 2019 /home/travis/build/icyphy/ptII/ptolemy/cg/lib/test/auto/ModularCodeGenPubSub2.xml
----------------- Instantiating /home/travis/build/icyphy/ptII/ptolemy/cg/lib/test/auto/ModularCodeGenPubSub2.xml
In "/home/travis/cg", about to execute:
    pwd
In "/home/travis/cg", about to execute:
    ls -l
/home/travis/cg
In "/home/travis/cg", about to execute:
    javac -classpath
.:/home/travis/build/icyphy/ptII:/home/travis/build/icyphy/ptII/lib/bsh-2.0b4.j
ar:/home/travis/build/icyphy/ptII/lib/ptCal.jar:/home/travis/build/icyphy/ptII/
lib/java_cup.jar:/home/travis/build/icyphy/ptII/lib/saxon8.jar:/home/travis/bui
ld/icyphy/ptII/lib/saxon8-dom.jar:/home/travis/build/icyphy/ptII/lib/chic.jar:/
home/travis/build/icyphy/ptII/lib/ptcolt.jar:/usr/lib/jvm/java-8-oracle/lib/too
ls.jar:/home/travis/build/icyphy/ptII/vendors/misc/itext/iText.jar:/home/travis
/build/icyphy/ptII/lib/g4ltl.jar:/home/travis/build/icyphy/ptII/lib/StructuralC
oder.jar:/home/travis/build/icyphy/ptII/vendors/jai-1_1_2_01/lib/jai_core.jar:/
home/travis/build/icyphy/ptII/vendors/jai-1_1_2_01/lib/jai_codec.jar:/home/trav
is/build/icyphy/ptII/lib/jcerti.jar:/home/travis/build/icyphy/ptII/lib/javax.ma
il.jar:/home/travis/build/icyphy/ptII/vendors/JMF-2.1.1e/lib/jmf.jar:/home/trav
is/build/icyphy/ptII/lib/jna-4.0.0-variadic.jar:/home/travis/build/icyphy/ptII/
vendors/misc/joystick/Joystick.jar:/home/travis/build/icyphy/ptII/lib/ptjacl.ja
r:/home/travis/build/icyphy/ptII/lib/jsoup-1.8.2.jar:/home/travis/build/icyphy/
ptII/lib/junit-4.8.2.jar:/home/travis/build/icyphy/ptII/lib/JUnitParams-0.4.0.j
ar:/home/travis/build/icyphy/ptII/ptolemy/actor/lib/excel/jxl.jar:/home/travis/
build/icyphy/ptII/lib/jython.jar:/home/travis/build/icyphy/ptII/lib/kieler.jar:
/home/travis/build/icyphy/ptII/vendors/opencv/share/OpenCV/java/opencv-341.jar:
/home/travis/build/icyphy/ptII/lib/oscP5.jar:/home/travis/build/icyphy/ptII/lib
/nrjavaserial-3.11.0.devel.jar:/home/travis/build/icyphy/ptII/vendors/j3d/lib/j
3dcore.jar:/home/travis/build/icyphy/ptII/vendors/j3d/lib/j3dutils.jar:/home/tr
avis/build/icyphy/ptII/vendors/j3d/lib/vecmath.jar:/home/travis/build/icyphy/pt
II/ptolemy/distributed/jini/jar/jini-core.jar:/home/travis/build/icyphy/ptII/pt
olemy/distributed/jini/jar/jini-ext.jar:/home/travis/build/icyphy/ptII/ptolemy/
distributed/jini/jar/sun-util.jar:/home/travis/build/icyphy/ptII/lib/protobuf-j
ava-2.4.1.jar:/home/travis/build/icyphy/ptII/lib/org.eclipse.paho.client.mqttv3
.jar:/home/travis/build/icyphy/ptII/lib/mapss.jar:/home/travis/build/icyphy/ptI
I/ptolemy/actor/ptalon/antlr/antlr.jar:/home/travis/build/icyphy/ptII/lib/JRI.j
ar:/home/travis/build/icyphy/ptII/lib/commons-lang-2.6.jar:/home/travis/build/i
cyphy/ptII/lib/commons-logging-1.1.1.jar:/home/travis/build/icyphy/ptII/lib/soo
tclasses.jar:/home/travis/build/icyphy/ptII/ptolemy/actor/lib/database/mysql-co
nnector-java-5.1.6-bin.jar:/home/travis/build/icyphy/ptII/vendors/misc/sphinx4/
sphinx4-data-5prealpha.jar:/home/travis/build/icyphy/ptII/vendors/misc/sphinx4/
sphinx4-core-5prealpha.jar:/home/travis/build/icyphy/ptII/lib/PDFRenderer.jar:/
home/travis/build/icyphy/ptII/lib/svgSalamander.jar:/home/travis/build/icyphy/p
tII/lib/rsyntaxtextarea-2.6.0-SNAPSHOT.jar:/home/travis/build/icyphy/ptII/lib/h
azelcast-3.8.2.jar:/home/travis/build/icyphy/ptII/lib/jackson-annotations-2.9.0
.jar:/home/travis/build/icyphy/ptII/lib/jackson-core-2.9.3.jar:/home/travis/bui
ld/icyphy/ptII/lib/jackson-databind-2.9.3.jar:/home/travis/build/icyphy/ptII/li
b/netty-buffer-4.1.19.Final.jar:/home/travis/build/icyphy/ptII/lib/netty-codec-
4.1.19.Final.jar:/home/travis/build/icyphy/ptII/lib/netty-codec-dns-4.1.19.Fina
l.jar:/home/travis/build/icyphy/ptII/lib/netty-codec-http-4.1.19.Final.jar:/hom
e/travis/build/icyphy/ptII/lib/netty-codec-http2-4.1.19.Final.jar:/home/travis/
build/icyphy/ptII/lib/netty-common-4.1.19.Final.jar:/home/travis/build/icyphy/p
tII/lib/netty-handler-4.1.19.Final.jar:/home/travis/build/icyphy/ptII/lib/netty
-resolver-4.1.19.Final.jar:/home/travis/build/icyphy/ptII/lib/netty-resolver-dn
s-4.1.19.Final.jar:/home/travis/build/icyphy/ptII/lib/netty-transport-4.1.19.Fi
nal.jar:/home/travis/build/icyphy/ptII/lib/vertx-codegen-3.5.1.jar:/home/travis
/build/icyphy/ptII/lib/vertx-core-3.5.2-SNAPSHOT.jar:/home/travis/build/icyphy/
ptII/lib/vertx-hazelcast-3.5.1.jar:/home/travis/build/icyphy/ptII/lib/vertx-lan
g-js-3.5.1.jar:/home/travis/build/icyphy/ptII/lib/vertx-service-proxy-3.5.1.jar
:/home/travis/build/icyphy/ptII/lib/vertx-web-3.5.1.jar:/home/travis/build/icyp
hy/ptII/lib/slf4j-api-1.7.13.jar:/home/travis/build/icyphy/ptII/lib/slf4j-simpl
e-1.7.13.jar:/home/travis/build/icyphy/ptII/lib/webcam-capture-0.3.12.jar:/home
/travis/build/icyphy/ptII/lib/bridj-0.7.0.jar:/home/travis/build/icyphy/ptII/li
b/xbjlib-1.1.0.nrjavaserial.jar:/home/travis/build/icyphy/ptII/ptolemy/moml/tes
t:/home/travis/build/icyphy/ptII/ant/lib/ant-launcher.jar:/home/travis/build/ic
yphy/ptII/ant/lib/ant.jar:/home/travis/build/icyphy/ptII/ant/lib/ant-junit.jar:
/home/travis/build/icyphy/ptII/ant/lib/ant-junit4.jar:/home/travis/build/icyphy
/ptII ModularCodeGenPubSub2_A1_A_profile.java
total 2052
drwxrwxr-x   3 travis travis 12288 Jun 11 04:33 AbsoluteValue
-rw-rw-r--   1 travis travis   233 Jun 11 04:38 Array.class
-rw-rw-r--   1 travis travis   459 Jun 11 04:38 Array.java
drwxrwxr-x   3 travis travis 16384 Jun 11 04:33 Case1
drwxrwxr-x   3 travis travis 32768 Jun 11 04:33 Case2
-rw-rw-r--   1 travis travis  4895 Jun 11 04:37 CompiledCompositeActor_CompiledCompositeActor.class
-rw-rw-r--   1 travis travis  1592 Jun 11 04:37 CompiledCompositeActor_CompiledCompositeActor$_CompiledCompositeActor_CompiledCompositeActor.class
-rw-rw-r--   1 travis travis 13466 Jun 11 04:37 CompiledCompositeActor_CompiledCompositeActor.java
-rw-rw-r--   1 travis travis  1593 Jun 11 04:37 CompiledCompositeActor_CompiledCompositeActor.mk
drwxrwxr-x   3 travis travis 24576 Jun 11 04:35 DeScrambler
drwxrwxr-x   3 travis travis 16384 Jun 11 04:36 DotProduct
drwxrwxr-x   3 travis travis 12288 Jun 11 04:33 FileWriter1
drwxrwxr-x   3 travis travis 20480 Jun 11 04:32 FixToDoubleAndBack
drwxrwxr-x   3 travis travis 16384 Jun 11 04:33 Gaussian1
drwxrwxr-x   3 travis travis 20480 Jun 11 04:33 Gaussian2
-rw-rw-r--   1 travis travis  4457 Jun 11 04:37 JavaCompiledCompositeTest1_CompiledCompositeActor.class
-rw-rw-r--   1 travis travis 11637 Jun 11 04:37 JavaCompiledCompositeTest1_CompiledCompositeActor.java
-rw-rw-r--   1 travis travis  1198 Jun 11 04:37 JavaCompiledCompositeTest1_CompiledCompositeActor$_JavaCompiledCompositeTest1_CompiledCompositeActor.class
-rw-rw-r--   1 travis travis  1625 Jun 11 04:37 JavaCompiledCompositeTest1_CompiledCompositeActor.mk
-rw-rw-r--   1 travis travis  4888 Jun 11 04:37 JavaCompiledCompositeTest2_CompiledCompositeActor.class
-rw-rw-r--   1 travis travis 14919 Jun 11 04:37 JavaCompiledCompositeTest2_CompiledCompositeActor.java
-rw-rw-r--   1 travis travis  1793 Jun 11 04:37 JavaCompiledCompositeTest2_CompiledCompositeActor$_JavaCompiledCompositeTest2_CompiledCompositeActor.class
-rw-rw-r--   1 travis travis  1625 Jun 11 04:37 JavaCompiledCompositeTest2_CompiledCompositeActor.mk
-rw-rw-r--   1 travis travis  4505 Jun 11 04:37 JavaCompiledCompositeTest3_CompiledCompositeActor.class
-rw-rw-r--   1 travis travis 13080 Jun 11 04:37 JavaCompiledCompositeTest3_CompiledCompositeActor.java
-rw-rw-r--   1 travis travis  1378 Jun 11 04:37 JavaCompiledCompositeTest3_CompiledCompositeActor$_JavaCompiledCompositeTest3_CompiledCompositeActor.class
-rw-rw-r--   1 travis travis  1625 Jun 11 04:37 JavaCompiledCompositeTest3_CompiledCompositeActor.mk
-rw-rw-r--   1 travis travis  3953 Jun 11 04:37 JavaCompiledCompositeTest4_CompiledCompositeActor.class
-rw-rw-r--   1 travis travis  9687 Jun 11 04:37 JavaCompiledCompositeTest4_CompiledCompositeActor.java
-rw-rw-r--   1 travis travis   857 Jun 11 04:37 JavaCompiledCompositeTest4_CompiledCompositeActor$_JavaCompiledCompositeTest4_CompiledCompositeActor.class
-rw-rw-r--   1 travis travis  1625 Jun 11 04:37 JavaCompiledCompositeTest4_CompiledCompositeActor.mk
drwxrwxr-x   3 travis travis 12288 Jun 11 04:33 LookupTable
drwxrwxr-x   3 travis travis 20480 Jun 11 04:34 MaxIndex
-rw-rw-r--   1 travis travis  3693 Jun 11 04:37 ModularCG_A1_B1.class
-rw-rw-r--   1 travis travis  9730 Jun 11 04:37 ModularCG_A1_B1.java
-rw-rw-r--   1 travis travis   832 Jun 11 04:37 ModularCG_A1_B1.mk
-rw-rw-r--   1 travis travis  1318 Jun 11 04:37 ModularCG_A1_B1_profile.class
-rw-rw-r--   1 travis travis  1262 Jun 11 04:37 ModularCG_A1_B1_profile.java
-rw-rw-r--   1 travis travis  3693 Jun 11 04:37 ModularCG_A1_B2.class
-rw-rw-r--   1 travis travis  9730 Jun 11 04:37 ModularCG_A1_B2.java
-rw-rw-r--   1 travis travis   832 Jun 11 04:37 ModularCG_A1_B2.mk
-rw-rw-r--   1 travis travis  1318 Jun 11 04:37 ModularCG_A1_B2_profile.class
-rw-rw-r--   1 travis travis  1262 Jun 11 04:37 ModularCG_A1_B2_profile.java
-rw-rw-r--   1 travis travis  4799 Jun 11 04:37 ModularCG_A1.class
-rw-rw-r--   1 travis travis 14742 Jun 11 04:37 ModularCG_A1.java
-rw-rw-r--   1 travis travis   808 Jun 11 04:37 ModularCG_A1.mk
-rw-rw-r--   1 travis travis  1433 Jun 11 04:37 ModularCG_A1_profile.class
-rw-rw-r--   1 travis travis  1704 Jun 11 04:37 ModularCG_A1_profile.java
-rw-rw-r--   1 travis travis  3827 Jun 11 04:37 ModularCG_A2_B1.class
-rw-rw-r--   1 travis travis 10667 Jun 11 04:37 ModularCG_A2_B1.java
-rw-rw-r--   1 travis travis   832 Jun 11 04:37 ModularCG_A2_B1.mk
-rw-rw-r--   1 travis travis  1381 Jun 11 04:37 ModularCG_A2_B1_profile.class
-rw-rw-r--   1 travis travis  1446 Jun 11 04:37 ModularCG_A2_B1_profile.java
-rw-rw-r--   1 travis travis  3693 Jun 11 04:37 ModularCG_A2_B2.class
-rw-rw-r--   1 travis travis  9730 Jun 11 04:37 ModularCG_A2_B2.java
-rw-rw-r--   1 travis travis   832 Jun 11 04:37 ModularCG_A2_B2.mk
-rw-rw-r--   1 travis travis  1318 Jun 11 04:37 ModularCG_A2_B2_profile.class
-rw-rw-r--   1 travis travis  1262 Jun 11 04:37 ModularCG_A2_B2_profile.java
-rw-rw-r--   1 travis travis  4870 Jun 11 04:37 ModularCG_A2.class
-rw-rw-r--   1 travis travis 15129 Jun 11 04:37 ModularCG_A2.java
-rw-rw-r--   1 travis travis   808 Jun 11 04:37 ModularCG_A2.mk
-rw-rw-r--   1 travis travis  1433 Jun 11 04:37 ModularCG_A2_profile.class
-rw-rw-r--   1 travis travis  1704 Jun 11 04:37 ModularCG_A2_profile.java
-rw-rw-r--   1 travis travis  3473 Jun 11 04:37 ModularCGPubSub_A1_A2.class
-rw-rw-r--   1 travis travis  9076 Jun 11 04:37 ModularCGPubSub_A1_A2.java
-rw-rw-r--   1 travis travis   880 Jun 11 04:37 ModularCGPubSub_A1_A2.mk
-rw-rw-r--   1 travis travis  1300 Jun 11 04:37 ModularCGPubSub_A1_A2_profile.class
-rw-rw-r--   1 travis travis  1222 Jun 11 04:37 ModularCGPubSub_A1_A2_profile.java
-rw-rw-r--   1 travis travis  3790 Jun 11 04:37 ModularCGPubSub_A1.class
-rw-rw-r--   1 travis travis  9836 Jun 11 04:37 ModularCGPubSub_A1.java
-rw-rw-r--   1 travis travis   856 Jun 11 04:37 ModularCGPubSub_A1.mk
-rw-rw-r--   1 travis travis  1346 Jun 11 04:37 ModularCGPubSub_A1_profile.class
-rw-rw-r--   1 travis travis  1388 Jun 11 04:37 ModularCGPubSub_A1_profile.java
-rw-rw-r--   1 travis travis  3988 Jun 11 04:38 ModularCodeGen2_ModularCodeGenTypedCompositeActor.class
-rw-rw-r--   1 travis travis 11690 Jun 11 04:38 ModularCodeGen2_ModularCodeGenTypedCompositeActor.java
-rw-rw-r--   1 travis travis  1104 Jun 11 04:38 ModularCodeGen2_ModularCodeGenTypedCompositeActor.mk
-rw-rw-r--   1 travis travis  4272 Jun 11 04:38 ModularCodeGen2_ModularCodeGenTypedCompositeActor_ModularCodeGenTypedCompositeActor.class
-rw-rw-r--   1 travis travis 11790 Jun 11 04:37 ModularCodeGen2_ModularCodeGenTypedCompositeActor_ModularCodeGenTypedCompositeActor.java
-rw-rw-r--   1 travis travis  1376 Jun 11 04:37 ModularCodeGen2_ModularCodeGenTypedCompositeActor_ModularCodeGenTypedCompositeActor.mk
-rw-rw-r--   1 travis travis  1421 Jun 11 04:37 ModularCodeGen2_ModularCodeGenTypedCompositeActor_ModularCodeGenTypedCompositeActor_profile.class
-rw-rw-r--   1 travis travis  1294 Jun 11 04:37 ModularCodeGen2_ModularCodeGenTypedCompositeActor_ModularCodeGenTypedCompositeActor_profile.java
-rw-rw-r--   1 travis travis   820 Jun 11 04:38 ModularCodeGen2_ModularCodeGenTypedCompositeActor_profile.class
-rw-rw-r--   1 travis travis   693 Jun 11 04:38 ModularCodeGen2_ModularCodeGenTypedCompositeActor_profile.java
-rw-rw-r--   1 travis travis  3741 Jun 11 04:38 ModularCodeGen3_A1_B1.class
-rw-rw-r--   1 travis travis  9958 Jun 11 04:38 ModularCodeGen3_A1_B1.java
-rw-rw-r--   1 travis travis   880 Jun 11 04:38 ModularCodeGen3_A1_B1.mk
-rw-rw-r--   1 travis travis  1330 Jun 11 04:38 ModularCodeGen3_A1_B1_profile.class
-rw-rw-r--   1 travis travis  1274 Jun 11 04:38 ModularCodeGen3_A1_B1_profile.java
-rw-rw-r--   1 travis travis  3741 Jun 11 04:38 ModularCodeGen3_A1_B2.class
-rw-rw-r--   1 travis travis  9958 Jun 11 04:38 ModularCodeGen3_A1_B2.java
-rw-rw-r--   1 travis travis   880 Jun 11 04:38 ModularCodeGen3_A1_B2.mk
-rw-rw-r--   1 travis travis  1330 Jun 11 04:38 ModularCodeGen3_A1_B2_profile.class
-rw-rw-r--   1 travis travis  1274 Jun 11 04:38 ModularCodeGen3_A1_B2_profile.java
-rw-rw-r--   1 travis travis  4961 Jun 11 04:38 ModularCodeGen3_A1.class
-rw-rw-r--   1 travis travis 15564 Jun 11 04:38 ModularCodeGen3_A1.java
-rw-rw-r--   1 travis travis   856 Jun 11 04:38 ModularCodeGen3_A1.mk
-rw-rw-r--   1 travis travis  1445 Jun 11 04:38 ModularCodeGen3_A1_profile.class
-rw-rw-r--   1 travis travis  1716 Jun 11 04:38 ModularCodeGen3_A1_profile.java
-rw-rw-r--   1 travis travis  3887 Jun 11 04:38 ModularCodeGen3_A2_B1.class
-rw-rw-r--   1 travis travis 10955 Jun 11 04:38 ModularCodeGen3_A2_B1.java
-rw-rw-r--   1 travis travis   880 Jun 11 04:38 ModularCodeGen3_A2_B1.mk
-rw-rw-r--   1 travis travis  1393 Jun 11 04:38 ModularCodeGen3_A2_B1_profile.class
-rw-rw-r--   1 travis travis  1458 Jun 11 04:38 ModularCodeGen3_A2_B1_profile.java
-rw-rw-r--   1 travis travis  3741 Jun 11 04:38 ModularCodeGen3_A2_B2.class
-rw-rw-r--   1 travis travis  9958 Jun 11 04:38 ModularCodeGen3_A2_B2.java
-rw-rw-r--   1 travis travis   880 Jun 11 04:38 ModularCodeGen3_A2_B2.mk
-rw-rw-r--   1 travis travis  1330 Jun 11 04:38 ModularCodeGen3_A2_B2_profile.class
-rw-rw-r--   1 travis travis  1274 Jun 11 04:38 ModularCodeGen3_A2_B2_profile.java
-rw-rw-r--   1 travis travis  5038 Jun 11 04:38 ModularCodeGen3_A2.class
-rw-rw-r--   1 travis travis 15957 Jun 11 04:38 ModularCodeGen3_A2.java
-rw-rw-r--   1 travis travis   856 Jun 11 04:38 ModularCodeGen3_A2.mk
-rw-rw-r--   1 travis travis  1445 Jun 11 04:38 ModularCodeGen3_A2_profile.class
-rw-rw-r--   1 travis travis  1716 Jun 11 04:38 ModularCodeGen3_A2_profile.java
-rw-rw-r--   1 travis travis  3794 Jun 11 04:38 ModularCodeGen4_A1_B1.class
-rw-rw-r--   1 travis travis 10312 Jun 11 04:38 ModularCodeGen4_A1_B1.java
-rw-rw-r--   1 travis travis   880 Jun 11 04:38 ModularCodeGen4_A1_B1.mk
-rw-rw-r--   1 travis travis  1330 Jun 11 04:38 ModularCodeGen4_A1_B1_profile.class
-rw-rw-r--   1 travis travis  1273 Jun 11 04:38 ModularCodeGen4_A1_B1_profile.java
-rw-rw-r--   1 travis travis  3794 Jun 11 04:38 ModularCodeGen4_A1_B2.class
-rw-rw-r--   1 travis travis 10312 Jun 11 04:38 ModularCodeGen4_A1_B2.java
-rw-rw-r--   1 travis travis   880 Jun 11 04:38 ModularCodeGen4_A1_B2.mk
-rw-rw-r--   1 travis travis  1330 Jun 11 04:38 ModularCodeGen4_A1_B2_profile.class
-rw-rw-r--   1 travis travis  1273 Jun 11 04:38 ModularCodeGen4_A1_B2_profile.java
-rw-rw-r--   1 travis travis  5101 Jun 11 04:38 ModularCodeGen4_A1.class
-rw-rw-r--   1 travis travis 16245 Jun 11 04:38 ModularCodeGen4_A1.java
-rw-rw-r--   1 travis travis   856 Jun 11 04:38 ModularCodeGen4_A1.mk
-rw-rw-r--   1 travis travis  1445 Jun 11 04:38 ModularCodeGen4_A1_profile.class
-rw-rw-r--   1 travis travis  1712 Jun 11 04:38 ModularCodeGen4_A1_profile.java
-rw-rw-r--   1 travis travis  3988 Jun 11 04:38 ModularCodeGen4_A2_B1.class
-rw-rw-r--   1 travis travis 11375 Jun 11 04:38 ModularCodeGen4_A2_B1.java
-rw-rw-r--   1 travis travis   880 Jun 11 04:38 ModularCodeGen4_A2_B1.mk
-rw-rw-r--   1 travis travis  1393 Jun 11 04:38 ModularCodeGen4_A2_B1_profile.class
-rw-rw-r--   1 travis travis  1454 Jun 11 04:38 ModularCodeGen4_A2_B1_profile.java
-rw-rw-r--   1 travis travis  3842 Jun 11 04:38 ModularCodeGen4_A2_B2.class
-rw-rw-r--   1 travis travis 10378 Jun 11 04:38 ModularCodeGen4_A2_B2.java
-rw-rw-r--   1 travis travis   880 Jun 11 04:38 ModularCodeGen4_A2_B2.mk
-rw-rw-r--   1 travis travis  1330 Jun 11 04:38 ModularCodeGen4_A2_B2_profile.class
-rw-rw-r--   1 travis travis  1270 Jun 11 04:38 ModularCodeGen4_A2_B2_profile.java
-rw-rw-r--   1 travis travis  5274 Jun 11 04:38 ModularCodeGen4_A2.class
-rw-rw-r--   1 travis travis 16770 Jun 11 04:38 ModularCodeGen4_A2.java
-rw-rw-r--   1 travis travis   856 Jun 11 04:38 ModularCodeGen4_A2.mk
-rw-rw-r--   1 travis travis  1445 Jun 11 04:38 ModularCodeGen4_A2_profile.class
-rw-rw-r--   1 travis travis  1712 Jun 11 04:38 ModularCodeGen4_A2_profile.java
-rw-rw-r--   1 travis travis  6838 Jun 11 04:38 ModularCodeGen5_A_A.class
-rw-rw-r--   1 travis travis 28721 Jun 11 04:38 ModularCodeGen5_A_A.java
-rw-rw-r--   1 travis travis   864 Jun 11 04:38 ModularCodeGen5_A_A.mk
-rw-rw-r--   1 travis travis  1520 Jun 11 04:38 ModularCodeGen5_A_A_profile.class
-rw-rw-r--   1 travis travis  1815 Jun 11 04:38 ModularCodeGen5_A_A_profile.java
-rw-rw-r--   1 travis travis  5115 Jun 11 04:38 ModularCodeGen5_A.class
-rw-rw-r--   1 travis travis 13769 Jun 11 04:38 ModularCodeGen5_A.java
-rw-rw-r--   1 travis travis   848 Jun 11 04:38 ModularCodeGen5_A.mk
-rw-rw-r--   1 travis travis  1422 Jun 11 04:38 ModularCodeGen5_A_profile.class
-rw-rw-r--   1 travis travis  1605 Jun 11 04:38 ModularCodeGen5_A_profile.java
-rw-rw-r--   1 travis travis  4125 Jun 11 04:38 ModularCodeGen6_A_A2.class
-rw-rw-r--   1 travis travis 11329 Jun 11 04:38 ModularCodeGen6_A_A2.java
-rw-rw-r--   1 travis travis   872 Jun 11 04:38 ModularCodeGen6_A_A2.mk
-rw-rw-r--   1 travis travis  1351 Jun 11 04:38 ModularCodeGen6_A_A2_profile.class
-rw-rw-r--   1 travis travis  1364 Jun 11 04:38 ModularCodeGen6_A_A2_profile.java
-rw-rw-r--   1 travis travis  4108 Jun 11 04:38 ModularCodeGen6_A_A.class
-rw-rw-r--   1 travis travis 11221 Jun 11 04:38 ModularCodeGen6_A_A.java
-rw-rw-r--   1 travis travis   864 Jun 11 04:38 ModularCodeGen6_A_A.mk
-rw-rw-r--   1 travis travis  1348 Jun 11 04:38 ModularCodeGen6_A_A_profile.class
-rw-rw-r--   1 travis travis  1361 Jun 11 04:38 ModularCodeGen6_A_A_profile.java
-rw-rw-r--   1 travis travis  7237 Jun 11 04:38 ModularCodeGen6_A.class
-rw-rw-r--   1 travis travis 26535 Jun 11 04:38 ModularCodeGen6_A.java
-rw-rw-r--   1 travis travis   848 Jun 11 04:38 ModularCodeGen6_A.mk
-rw-rw-r--   1 travis travis  1483 Jun 11 04:38 ModularCodeGen6_A_profile.class
-rw-rw-r--   1 travis travis  1810 Jun 11 04:38 ModularCodeGen6_A_profile.java
-rw-rw-r--   1 travis travis  9439 Jun 11 04:38 ModularCodeGenLazyPubSubGlobal_CompositeActor_ModularCodeGenTypedComposite.class
-rw-rw-r--   1 travis travis 30161 Jun 11 04:38 ModularCodeGenLazyPubSubGlobal_CompositeActor_ModularCodeGenTypedComposite.java
-rw-rw-r--   1 travis travis  1304 Jun 11 04:38 ModularCodeGenLazyPubSubGlobal_CompositeActor_ModularCodeGenTypedComposite.mk
-rw-rw-r--   1 travis travis  1438 Jun 11 04:38 ModularCodeGenLazyPubSubGlobal_CompositeActor_ModularCodeGenTypedComposite_profile.class
-rw-rw-r--   1 travis travis  1384 Jun 11 04:38 ModularCodeGenLazyPubSubGlobal_CompositeActor_ModularCodeGenTypedComposite_profile.java
-rw-rw-r--   1 travis travis  3952 Jun 11 04:38 ModularCodeGenLazyPubSub_LazyCompositeActor.class
-rw-rw-r--   1 travis travis 11122 Jun 11 04:38 ModularCodeGenLazyPubSub_LazyCompositeActor.java
-rw-rw-r--   1 travis travis  1056 Jun 11 04:38 ModularCodeGenLazyPubSub_LazyCompositeActor.mk
-rw-rw-r--   1 travis travis  1286 Jun 11 04:38 ModularCodeGenLazyPubSub_LazyCompositeActor_profile.class
-rw-rw-r--   1 travis travis  1091 Jun 11 04:38 ModularCodeGenLazyPubSub_LazyCompositeActor_profile.java
-rw-rw-r--   1 travis travis  3954 Jun 11 04:37 ModularCodeGen_ModularCodeGenTypedCompositeActor.class
-rw-rw-r--   1 travis travis 10970 Jun 11 04:37 ModularCodeGen_ModularCodeGenTypedCompositeActor.java
-rw-rw-r--   1 travis travis  1096 Jun 11 04:37 ModularCodeGen_ModularCodeGenTypedCompositeActor.mk
-rw-rw-r--   1 travis travis  1384 Jun 11 04:37 ModularCodeGen_ModularCodeGenTypedCompositeActor_profile.class
-rw-rw-r--   1 travis travis  1328 Jun 11 04:37 ModularCodeGen_ModularCodeGenTypedCompositeActor_profile.java
-rw-rw-r--   1 travis travis  1128 Jun 11 04:38 ModularCodeGenPubSub2_A1_A_profile.java
-rw-rw-r--   1 travis travis  3475 Jun 11 04:38 ModularCodeGenPubSub_A1.class
-rw-rw-r--   1 travis travis  9060 Jun 11 04:38 ModularCodeGenPubSub_A1.java
-rw-rw-r--   1 travis travis   896 Jun 11 04:38 ModularCodeGenPubSub_A1.mk
-rw-rw-r--   1 travis travis  1278 Jun 11 04:38 ModularCodeGenPubSub_A1_profile.class
-rw-rw-r--   1 travis travis  1195 Jun 11 04:38 ModularCodeGenPubSub_A1_profile.java
-rw-rw-r--   1 travis travis  3492 Jun 11 04:37 ModularCodeGenTest_A1_A2.class
-rw-rw-r--   1 travis travis   904 Jun 11 04:37 ModularCodeGenTest_A1_A2.mk
-rw-rw-r--   1 travis travis  1306 Jun 11 04:37 ModularCodeGenTest_A1_A2_profile.class
-rw-rw-r--   1 travis travis  3823 Jun 11 04:37 ModularCodeGenTest_A1.class
-rw-rw-r--   1 travis travis  9968 Jun 11 04:37 ModularCodeGenTest_A1.java
-rw-rw-r--   1 travis travis   880 Jun 11 04:37 ModularCodeGenTest_A1.mk
-rw-rw-r--   1 travis travis  1352 Jun 11 04:37 ModularCodeGenTest_A1_profile.class
-rw-rw-r--   1 travis travis  1394 Jun 11 04:37 ModularCodeGenTest_A1_profile.java
drwxrwxr-x   3 travis travis 36864 Jun 11 04:37 modulation2
drwxrwxr-x   3 travis travis 20480 Jun 11 04:34 Multiplexor
drwxrwxr-x 242 travis travis 12288 Jun 11 04:37 node_modules
drwxrwxr-x   3 travis travis 20480 Jun 11 04:34 PhaseUnwrap
-rw-rw-r--   1 travis travis   520 Jun 11 04:37 Repeat$_fireFunction_Repeat_Repeat$__f_sL_0.class
-rw-rw-r--   1 travis travis   522 Jun 11 04:37 Repeat$_fireFunction_Repeat_Repeat$__f_sL_10.class
-rw-rw-r--   1 travis travis   666 Jun 11 04:37 Repeat$_fireFunction_Repeat_Repeat$__f_sL_11.class
-rw-rw-r--   1 travis travis   522 Jun 11 04:37 Repeat$_fireFunction_Repeat_Repeat$__f_sL_13.class
-rw-rw-r--   1 travis travis   665 Jun 11 04:37 Repeat$_fireFunction_Repeat_Repeat$__f_sL_1.class
-rw-rw-r--   1 travis travis   520 Jun 11 04:37 Repeat$_fireFunction_Repeat_Repeat$__f_sL_2.class
-rw-rw-r--   1 travis travis   520 Jun 11 04:37 Repeat$_fireFunction_Repeat_Repeat$__f_sL_3.class
-rw-rw-r--   1 travis travis   520 Jun 11 04:37 Repeat$_fireFunction_Repeat_Repeat$__f_sL_5.class
-rw-rw-r--   1 travis travis   671 Jun 11 04:37 Repeat$_fireFunction_Repeat_Repeat$__f_sL_7.class
-rw-rw-r--   1 travis travis   520 Jun 11 04:37 Repeat$_fireFunction_Repeat_Repeat$__f_sL_9.class
-rw-rw-r--   1 travis travis   813 Jun 11 04:37 Repeat$_initialize_Repeat.class
-rw-rw-r--   1 travis travis   475 Jun 11 04:37 Repeat$_initialize_Repeat$__i_sL_0.class
-rw-rw-r--   1 travis travis   519 Jun 11 04:37 Repeat$_initialize_Repeat$__i_sL_3.class
-rw-rw-r--   1 travis travis 39778 Jun 11 04:37 Repeat.java
-rw-rw-r--   1 travis travis  1281 Jun 11 04:37 Repeat.mk
-rw-rw-r--   1 travis travis   520 Jun 11 04:37 Repeat$_preinitializeMethod_Repeat$__p_sL_0.class
-rw-rw-r--   1 travis travis   520 Jun 11 04:37 Repeat$_preinitializeMethod_Repeat$__p_sL_1.class
-rw-rw-r--   1 travis travis  1083 Jun 11 04:37 Repeat$_Repeat$_fireFunction_Repeat_AddSubtract_Repeat.class
-rw-rw-r--   1 travis travis   791 Jun 11 04:37 Repeat$_Repeat$_fireFunction_Repeat_AddSubtract_Repeat$__f_sL_0.class
-rw-rw-r--   1 travis travis   909 Jun 11 04:37 Repeat$_Repeat$_fireFunction_Repeat_AddSubtract_Repeat$__f_sL_1.class
-rw-rw-r--   1 travis travis   915 Jun 11 04:37 Repeat$_Repeat$_fireFunction_Repeat_AddSubtract_Repeat$__f_sL_2.class
-rw-rw-r--   1 travis travis   838 Jun 11 04:37 Repeat$_Repeat$_fireFunction_Repeat_Ramp2_Repeat$__f_sL_1.class
-rw-rw-r--   1 travis travis  1785 Jun 11 04:37 Repeat$_Repeat$_fireFunction_Repeat_Test_Repeat$__f_sL_2.class
-rw-rw-r--   1 travis travis   685 Jun 11 04:37 Repeat$_Repeat_SDF_Director_run_Repeat$__R_sL_0.class
-rw-rw-r--   1 travis travis   540 Jun 11 04:37 Repeat$_Repeat_SDF_Director_run_Repeat$__R_sL_1.class
-rw-rw-r--   1 travis travis   540 Jun 11 04:37 Repeat$_Repeat_SDF_Director_run_Repeat$__R_sL_2.class
-rw-rw-r--   1 travis travis   540 Jun 11 04:37 Repeat$_Repeat_SDF_Director_run_Repeat$__R_sL_4.class
-rw-rw-r--   1 travis travis   540 Jun 11 04:37 Repeat$_Repeat_SDF_Director_run_Repeat$__R_sL_5.class
-rw-rw-r--   1 travis travis   691 Jun 11 04:37 Repeat$_Repeat_SDF_Director_run_Repeat$__R_sL_6.class
-rw-rw-r--   1 travis travis   540 Jun 11 04:37 Repeat$_Repeat_SDF_Director_run_Repeat$__R_sL_7.class
-rw-rw-r--   1 travis travis   863 Jun 11 04:37 Repeat$_varinit_Repeat.class
-rw-rw-r--   1 travis travis   530 Jun 11 04:37 Repeat$_varinit_Repeat$__v_sL_1.class
-rw-rw-r--   1 travis travis   531 Jun 11 04:37 Repeat$_varinit_Repeat$__v_sL_2.class
-rw-rw-r--   1 travis travis   905 Jun 11 04:37 Repeat$_varinit_Repeat$__v_sL_4.class
-rw-rw-r--   1 travis travis   635 Jun 11 04:37 Repeat$_wrapup_Repeat.class
-rw-rw-r--   1 travis travis   965 Jun 11 04:37 Repeat$_wrapup_Repeat$__w_sL_1.class
-rw-rw-r--   1 travis travis   289 Jun 11 04:32 result.csv
drwxrwxr-x   3 travis travis 12288 Jun 11 04:35 Scrambler1
drwxrwxr-x   3 travis travis 20480 Jun 11 04:34 Sinewave2
drwxrwxr-x   3 travis travis 69632 Jun 11 04:35 StringCompare
drwxrwxr-x   3 travis travis 32768 Jun 11 04:35 StringFunction
drwxrwxr-x   3 travis travis 12288 Jun 11 04:35 StringLength
drwxrwxr-x   3 travis travis 57344 Jun 11 04:36 StringSimpleReplace
drwxrwxr-x   3 travis travis 12288 Jun 11 04:37 time2
drwxrwxr-x   3 travis travis 12288 Jun 11 04:37 time5
-rw-rw-r--   1 travis travis   432 Jun 11 04:38 Token.class
-rw-rw-r--   1 travis travis   251 Jun 11 04:38 Token.java
-rw-rw-r--   1 travis travis     0 Jun 11 04:37 top.
-rw-rw-r--   1 travis travis 20502 Jun 11 04:32 top.c
-rw-rw-r--   1 travis travis  3567 Jun 11 04:37 top.class
-rw-rw-r--   1 travis travis   169 Jun 11 04:32 top.html
-rw-rw-r--   1 travis travis  7552 Jun 11 04:37 top.java
-rw-rw-r--   1 travis travis 38888 Jun 11 04:32 top.o
drwxrwxr-x   3 travis travis 57344 Jun 11 04:34 UnaryMathFunction
All Done
Writing ModularCodeGenPubSub2_A1_A.java in file:/home/travis/cg/ (8578 characters)
Reading "ptolemy/cg/kernel/generic/program/procedural/java/modular/makefile.in",
    writing "/home/travis/cg/ModularCodeGenPubSub2_A1_A.mk"
Using ptolemy/cg/kernel/generic/program/procedural/java/modular/makefile.in
In "/home/travis/cg", about to execute:
    make -f ModularCodeGenPubSub2_A1_A.mk
javac -classpath ".:.."    ModularCodeGenPubSub2_A1_A.java
All Done
In "/home/travis/cg", about to execute:
    pwd
In "/home/travis/cg", about to execute:
    ls -l
/home/travis/cg
In "/home/travis/cg", about to execute:
    javac -classpath
.:/home/travis/build/icyphy/ptII:/home/travis/build/icyphy/ptII/lib/bsh-2.0b4.j
ar:/home/travis/build/icyphy/ptII/lib/ptCal.jar:/home/travis/build/icyphy/ptII/
lib/java_cup.jar:/home/travis/build/icyphy/ptII/lib/saxon8.jar:/home/travis/bui
ld/icyphy/ptII/lib/saxon8-dom.jar:/home/travis/build/icyphy/ptII/lib/chic.jar:/
home/travis/build/icyphy/ptII/lib/ptcolt.jar:/usr/lib/jvm/java-8-oracle/lib/too
ls.jar:/home/travis/build/icyphy/ptII/vendors/misc/itext/iText.jar:/home/travis
/build/icyphy/ptII/lib/g4ltl.jar:/home/travis/build/icyphy/ptII/lib/StructuralC
oder.jar:/home/travis/build/icyphy/ptII/vendors/jai-1_1_2_01/lib/jai_core.jar:/
home/travis/build/icyphy/ptII/vendors/jai-1_1_2_01/lib/jai_codec.jar:/home/trav
is/build/icyphy/ptII/lib/jcerti.jar:/home/travis/build/icyphy/ptII/lib/javax.ma
il.jar:/home/travis/build/icyphy/ptII/vendors/JMF-2.1.1e/lib/jmf.jar:/home/trav
is/build/icyphy/ptII/lib/jna-4.0.0-variadic.jar:/home/travis/build/icyphy/ptII/
vendors/misc/joystick/Joystick.jar:/home/travis/build/icyphy/ptII/lib/ptjacl.ja
r:/home/travis/build/icyphy/ptII/lib/jsoup-1.8.2.jar:/home/travis/build/icyphy/
ptII/lib/junit-4.8.2.jar:/home/travis/build/icyphy/ptII/lib/JUnitParams-0.4.0.j
ar:/home/travis/build/icyphy/ptII/ptolemy/actor/lib/excel/jxl.jar:/home/travis/
build/icyphy/ptII/lib/jython.jar:/home/travis/build/icyphy/ptII/lib/kieler.jar:
/home/travis/build/icyphy/ptII/vendors/opencv/share/OpenCV/java/opencv-341.jar:
/home/travis/build/icyphy/ptII/lib/oscP5.jar:/home/travis/build/icyphy/ptII/lib
/nrjavaserial-3.11.0.devel.jar:/home/travis/build/icyphy/ptII/vendors/j3d/lib/j
3dcore.jar:/home/travis/build/icyphy/ptII/vendors/j3d/lib/j3dutils.jar:/home/tr
avis/build/icyphy/ptII/vendors/j3d/lib/vecmath.jar:/home/travis/build/icyphy/pt
II/ptolemy/distributed/jini/jar/jini-core.jar:/home/travis/build/icyphy/ptII/pt
olemy/distributed/jini/jar/jini-ext.jar:/home/travis/build/icyphy/ptII/ptolemy/
distributed/jini/jar/sun-util.jar:/home/travis/build/icyphy/ptII/lib/protobuf-j
ava-2.4.1.jar:/home/travis/build/icyphy/ptII/lib/org.eclipse.paho.client.mqttv3
.jar:/home/travis/build/icyphy/ptII/lib/mapss.jar:/home/travis/build/icyphy/ptI
I/ptolemy/actor/ptalon/antlr/antlr.jar:/home/travis/build/icyphy/ptII/lib/JRI.j
ar:/home/travis/build/icyphy/ptII/lib/commons-lang-2.6.jar:/home/travis/build/i
cyphy/ptII/lib/commons-logging-1.1.1.jar:/home/travis/build/icyphy/ptII/lib/soo
tclasses.jar:/home/travis/build/icyphy/ptII/ptolemy/actor/lib/database/mysql-co
nnector-java-5.1.6-bin.jar:/home/travis/build/icyphy/ptII/vendors/misc/sphinx4/
sphinx4-data-5prealpha.jar:/home/travis/build/icyphy/ptII/vendors/misc/sphinx4/
sphinx4-core-5prealpha.jar:/home/travis/build/icyphy/ptII/lib/PDFRenderer.jar:/
home/travis/build/icyphy/ptII/lib/svgSalamander.jar:/home/travis/build/icyphy/p
tII/lib/rsyntaxtextarea-2.6.0-SNAPSHOT.jar:/home/travis/build/icyphy/ptII/lib/h
azelcast-3.8.2.jar:/home/travis/build/icyphy/ptII/lib/jackson-annotations-2.9.0
.jar:/home/travis/build/icyphy/ptII/lib/jackson-core-2.9.3.jar:/home/travis/bui
ld/icyphy/ptII/lib/jackson-databind-2.9.3.jar:/home/travis/build/icyphy/ptII/li
b/netty-buffer-4.1.19.Final.jar:/home/travis/build/icyphy/ptII/lib/netty-codec-
4.1.19.Final.jar:/home/travis/build/icyphy/ptII/lib/netty-codec-dns-4.1.19.Fina
l.jar:/home/travis/build/icyphy/ptII/lib/netty-codec-http-4.1.19.Final.jar:/hom
e/travis/build/icyphy/ptII/lib/netty-codec-http2-4.1.19.Final.jar:/home/travis/
build/icyphy/ptII/lib/netty-common-4.1.19.Final.jar:/home/travis/build/icyphy/p
tII/lib/netty-handler-4.1.19.Final.jar:/home/travis/build/icyphy/ptII/lib/netty
-resolver-4.1.19.Final.jar:/home/travis/build/icyphy/ptII/lib/netty-resolver-dn
s-4.1.19.Final.jar:/home/travis/build/icyphy/ptII/lib/netty-transport-4.1.19.Fi
nal.jar:/home/travis/build/icyphy/ptII/lib/vertx-codegen-3.5.1.jar:/home/travis
/build/icyphy/ptII/lib/vertx-core-3.5.2-SNAPSHOT.jar:/home/travis/build/icyphy/
ptII/lib/vertx-hazelcast-3.5.1.jar:/home/travis/build/icyphy/ptII/lib/vertx-lan
g-js-3.5.1.jar:/home/travis/build/icyphy/ptII/lib/vertx-service-proxy-3.5.1.jar
:/home/travis/build/icyphy/ptII/lib/vertx-web-3.5.1.jar:/home/travis/build/icyp
hy/ptII/lib/slf4j-api-1.7.13.jar:/home/travis/build/icyphy/ptII/lib/slf4j-simpl
e-1.7.13.jar:/home/travis/build/icyphy/ptII/lib/webcam-capture-0.3.12.jar:/home
/travis/build/icyphy/ptII/lib/bridj-0.7.0.jar:/home/travis/build/icyphy/ptII/li
b/xbjlib-1.1.0.nrjavaserial.jar:/home/travis/build/icyphy/ptII/ptolemy/moml/tes
t:/home/travis/build/icyphy/ptII/ant/lib/ant-launcher.jar:/home/travis/build/ic
yphy/ptII/ant/lib/ant.jar:/home/travis/build/icyphy/ptII/ant/lib/ant-junit.jar:
/home/travis/build/icyphy/ptII/ant/lib/ant-junit4.jar:/home/travis/build/icyphy
/ptII ModularCodeGenPubSub2_A1_profile.java
total 2080
drwxrwxr-x   3 travis travis 12288 Jun 11 04:33 AbsoluteValue
-rw-rw-r--   1 travis travis   233 Jun 11 04:38 Array.class
-rw-rw-r--   1 travis travis   459 Jun 11 04:38 Array.java
drwxrwxr-x   3 travis travis 16384 Jun 11 04:33 Case1
drwxrwxr-x   3 travis travis 32768 Jun 11 04:33 Case2
-rw-rw-r--   1 travis travis  4895 Jun 11 04:37 CompiledCompositeActor_CompiledCompositeActor.class
-rw-rw-r--   1 travis travis  1592 Jun 11 04:37 CompiledCompositeActor_CompiledCompositeActor$_CompiledCompositeActor_CompiledCompositeActor.class
-rw-rw-r--   1 travis travis 13466 Jun 11 04:37 CompiledCompositeActor_CompiledCompositeActor.java
-rw-rw-r--   1 travis travis  1593 Jun 11 04:37 CompiledCompositeActor_CompiledCompositeActor.mk
drwxrwxr-x   3 travis travis 24576 Jun 11 04:35 DeScrambler
drwxrwxr-x   3 travis travis 16384 Jun 11 04:36 DotProduct
drwxrwxr-x   3 travis travis 12288 Jun 11 04:33 FileWriter1
drwxrwxr-x   3 travis travis 20480 Jun 11 04:32 FixToDoubleAndBack
drwxrwxr-x   3 travis travis 16384 Jun 11 04:33 Gaussian1
drwxrwxr-x   3 travis travis 20480 Jun 11 04:33 Gaussian2
-rw-rw-r--   1 travis travis  4457 Jun 11 04:37 JavaCompiledCompositeTest1_CompiledCompositeActor.class
-rw-rw-r--   1 travis travis 11637 Jun 11 04:37 JavaCompiledCompositeTest1_CompiledCompositeActor.java
-rw-rw-r--   1 travis travis  1198 Jun 11 04:37 JavaCompiledCompositeTest1_CompiledCompositeActor$_JavaCompiledCompositeTest1_CompiledCompositeActor.class
-rw-rw-r--   1 travis travis  1625 Jun 11 04:37 JavaCompiledCompositeTest1_CompiledCompositeActor.mk
-rw-rw-r--   1 travis travis  4888 Jun 11 04:37 JavaCompiledCompositeTest2_CompiledCompositeActor.class
-rw-rw-r--   1 travis travis 14919 Jun 11 04:37 JavaCompiledCompositeTest2_CompiledCompositeActor.java
-rw-rw-r--   1 travis travis  1793 Jun 11 04:37 JavaCompiledCompositeTest2_CompiledCompositeActor$_JavaCompiledCompositeTest2_CompiledCompositeActor.class
-rw-rw-r--   1 travis travis  1625 Jun 11 04:37 JavaCompiledCompositeTest2_CompiledCompositeActor.mk
-rw-rw-r--   1 travis travis  4505 Jun 11 04:37 JavaCompiledCompositeTest3_CompiledCompositeActor.class
-rw-rw-r--   1 travis travis 13080 Jun 11 04:37 JavaCompiledCompositeTest3_CompiledCompositeActor.java
-rw-rw-r--   1 travis travis  1378 Jun 11 04:37 JavaCompiledCompositeTest3_CompiledCompositeActor$_JavaCompiledCompositeTest3_CompiledCompositeActor.class
-rw-rw-r--   1 travis travis  1625 Jun 11 04:37 JavaCompiledCompositeTest3_CompiledCompositeActor.mk
-rw-rw-r--   1 travis travis  3953 Jun 11 04:37 JavaCompiledCompositeTest4_CompiledCompositeActor.class
-rw-rw-r--   1 travis travis  9687 Jun 11 04:37 JavaCompiledCompositeTest4_CompiledCompositeActor.java
-rw-rw-r--   1 travis travis   857 Jun 11 04:37 JavaCompiledCompositeTest4_CompiledCompositeActor$_JavaCompiledCompositeTest4_CompiledCompositeActor.class
-rw-rw-r--   1 travis travis  1625 Jun 11 04:37 JavaCompiledCompositeTest4_CompiledCompositeActor.mk
drwxrwxr-x   3 travis travis 12288 Jun 11 04:33 LookupTable
drwxrwxr-x   3 travis travis 20480 Jun 11 04:34 MaxIndex
-rw-rw-r--   1 travis travis  3693 Jun 11 04:37 ModularCG_A1_B1.class
-rw-rw-r--   1 travis travis  9730 Jun 11 04:37 ModularCG_A1_B1.java
-rw-rw-r--   1 travis travis   832 Jun 11 04:37 ModularCG_A1_B1.mk
-rw-rw-r--   1 travis travis  1318 Jun 11 04:37 ModularCG_A1_B1_profile.class
-rw-rw-r--   1 travis travis  1262 Jun 11 04:37 ModularCG_A1_B1_profile.java
-rw-rw-r--   1 travis travis  3693 Jun 11 04:37 ModularCG_A1_B2.class
-rw-rw-r--   1 travis travis  9730 Jun 11 04:37 ModularCG_A1_B2.java
-rw-rw-r--   1 travis travis   832 Jun 11 04:37 ModularCG_A1_B2.mk
-rw-rw-r--   1 travis travis  1318 Jun 11 04:37 ModularCG_A1_B2_profile.class
-rw-rw-r--   1 travis travis  1262 Jun 11 04:37 ModularCG_A1_B2_profile.java
-rw-rw-r--   1 travis travis  4799 Jun 11 04:37 ModularCG_A1.class
-rw-rw-r--   1 travis travis 14742 Jun 11 04:37 ModularCG_A1.java
-rw-rw-r--   1 travis travis   808 Jun 11 04:37 ModularCG_A1.mk
-rw-rw-r--   1 travis travis  1433 Jun 11 04:37 ModularCG_A1_profile.class
-rw-rw-r--   1 travis travis  1704 Jun 11 04:37 ModularCG_A1_profile.java
-rw-rw-r--   1 travis travis  3827 Jun 11 04:37 ModularCG_A2_B1.class
-rw-rw-r--   1 travis travis 10667 Jun 11 04:37 ModularCG_A2_B1.java
-rw-rw-r--   1 travis travis   832 Jun 11 04:37 ModularCG_A2_B1.mk
-rw-rw-r--   1 travis travis  1381 Jun 11 04:37 ModularCG_A2_B1_profile.class
-rw-rw-r--   1 travis travis  1446 Jun 11 04:37 ModularCG_A2_B1_profile.java
-rw-rw-r--   1 travis travis  3693 Jun 11 04:37 ModularCG_A2_B2.class
-rw-rw-r--   1 travis travis  9730 Jun 11 04:37 ModularCG_A2_B2.java
-rw-rw-r--   1 travis travis   832 Jun 11 04:37 ModularCG_A2_B2.mk
-rw-rw-r--   1 travis travis  1318 Jun 11 04:37 ModularCG_A2_B2_profile.class
-rw-rw-r--   1 travis travis  1262 Jun 11 04:37 ModularCG_A2_B2_profile.java
-rw-rw-r--   1 travis travis  4870 Jun 11 04:37 ModularCG_A2.class
-rw-rw-r--   1 travis travis 15129 Jun 11 04:37 ModularCG_A2.java
-rw-rw-r--   1 travis travis   808 Jun 11 04:37 ModularCG_A2.mk
-rw-rw-r--   1 travis travis  1433 Jun 11 04:37 ModularCG_A2_profile.class
-rw-rw-r--   1 travis travis  1704 Jun 11 04:37 ModularCG_A2_profile.java
-rw-rw-r--   1 travis travis  3473 Jun 11 04:37 ModularCGPubSub_A1_A2.class
-rw-rw-r--   1 travis travis  9076 Jun 11 04:37 ModularCGPubSub_A1_A2.java
-rw-rw-r--   1 travis travis   880 Jun 11 04:37 ModularCGPubSub_A1_A2.mk
-rw-rw-r--   1 travis travis  1300 Jun 11 04:37 ModularCGPubSub_A1_A2_profile.class
-rw-rw-r--   1 travis travis  1222 Jun 11 04:37 ModularCGPubSub_A1_A2_profile.java
-rw-rw-r--   1 travis travis  3790 Jun 11 04:37 ModularCGPubSub_A1.class
-rw-rw-r--   1 travis travis  9836 Jun 11 04:37 ModularCGPubSub_A1.java
-rw-rw-r--   1 travis travis   856 Jun 11 04:37 ModularCGPubSub_A1.mk
-rw-rw-r--   1 travis travis  1346 Jun 11 04:37 ModularCGPubSub_A1_profile.class
-rw-rw-r--   1 travis travis  1388 Jun 11 04:37 ModularCGPubSub_A1_profile.java
-rw-rw-r--   1 travis travis  3988 Jun 11 04:38 ModularCodeGen2_ModularCodeGenTypedCompositeActor.class
-rw-rw-r--   1 travis travis 11690 Jun 11 04:38 ModularCodeGen2_ModularCodeGenTypedCompositeActor.java
-rw-rw-r--   1 travis travis  1104 Jun 11 04:38 ModularCodeGen2_ModularCodeGenTypedCompositeActor.mk
-rw-rw-r--   1 travis travis  4272 Jun 11 04:38 ModularCodeGen2_ModularCodeGenTypedCompositeActor_ModularCodeGenTypedCompositeActor.class
-rw-rw-r--   1 travis travis 11790 Jun 11 04:37 ModularCodeGen2_ModularCodeGenTypedCompositeActor_ModularCodeGenTypedCompositeActor.java
-rw-rw-r--   1 travis travis  1376 Jun 11 04:37 ModularCodeGen2_ModularCodeGenTypedCompositeActor_ModularCodeGenTypedCompositeActor.mk
-rw-rw-r--   1 travis travis  1421 Jun 11 04:37 ModularCodeGen2_ModularCodeGenTypedCompositeActor_ModularCodeGenTypedCompositeActor_profile.class
-rw-rw-r--   1 travis travis  1294 Jun 11 04:37 ModularCodeGen2_ModularCodeGenTypedCompositeActor_ModularCodeGenTypedCompositeActor_profile.java
-rw-rw-r--   1 travis travis   820 Jun 11 04:38 ModularCodeGen2_ModularCodeGenTypedCompositeActor_profile.class
-rw-rw-r--   1 travis travis   693 Jun 11 04:38 ModularCodeGen2_ModularCodeGenTypedCompositeActor_profile.java
-rw-rw-r--   1 travis travis  3741 Jun 11 04:38 ModularCodeGen3_A1_B1.class
-rw-rw-r--   1 travis travis  9958 Jun 11 04:38 ModularCodeGen3_A1_B1.java
-rw-rw-r--   1 travis travis   880 Jun 11 04:38 ModularCodeGen3_A1_B1.mk
-rw-rw-r--   1 travis travis  1330 Jun 11 04:38 ModularCodeGen3_A1_B1_profile.class
-rw-rw-r--   1 travis travis  1274 Jun 11 04:38 ModularCodeGen3_A1_B1_profile.java
-rw-rw-r--   1 travis travis  3741 Jun 11 04:38 ModularCodeGen3_A1_B2.class
-rw-rw-r--   1 travis travis  9958 Jun 11 04:38 ModularCodeGen3_A1_B2.java
-rw-rw-r--   1 travis travis   880 Jun 11 04:38 ModularCodeGen3_A1_B2.mk
-rw-rw-r--   1 travis travis  1330 Jun 11 04:38 ModularCodeGen3_A1_B2_profile.class
-rw-rw-r--   1 travis travis  1274 Jun 11 04:38 ModularCodeGen3_A1_B2_profile.java
-rw-rw-r--   1 travis travis  4961 Jun 11 04:38 ModularCodeGen3_A1.class
-rw-rw-r--   1 travis travis 15564 Jun 11 04:38 ModularCodeGen3_A1.java
-rw-rw-r--   1 travis travis   856 Jun 11 04:38 ModularCodeGen3_A1.mk
-rw-rw-r--   1 travis travis  1445 Jun 11 04:38 ModularCodeGen3_A1_profile.class
-rw-rw-r--   1 travis travis  1716 Jun 11 04:38 ModularCodeGen3_A1_profile.java
-rw-rw-r--   1 travis travis  3887 Jun 11 04:38 ModularCodeGen3_A2_B1.class
-rw-rw-r--   1 travis travis 10955 Jun 11 04:38 ModularCodeGen3_A2_B1.java
-rw-rw-r--   1 travis travis   880 Jun 11 04:38 ModularCodeGen3_A2_B1.mk
-rw-rw-r--   1 travis travis  1393 Jun 11 04:38 ModularCodeGen3_A2_B1_profile.class
-rw-rw-r--   1 travis travis  1458 Jun 11 04:38 ModularCodeGen3_A2_B1_profile.java
-rw-rw-r--   1 travis travis  3741 Jun 11 04:38 ModularCodeGen3_A2_B2.class
-rw-rw-r--   1 travis travis  9958 Jun 11 04:38 ModularCodeGen3_A2_B2.java
-rw-rw-r--   1 travis travis   880 Jun 11 04:38 ModularCodeGen3_A2_B2.mk
-rw-rw-r--   1 travis travis  1330 Jun 11 04:38 ModularCodeGen3_A2_B2_profile.class
-rw-rw-r--   1 travis travis  1274 Jun 11 04:38 ModularCodeGen3_A2_B2_profile.java
-rw-rw-r--   1 travis travis  5038 Jun 11 04:38 ModularCodeGen3_A2.class
-rw-rw-r--   1 travis travis 15957 Jun 11 04:38 ModularCodeGen3_A2.java
-rw-rw-r--   1 travis travis   856 Jun 11 04:38 ModularCodeGen3_A2.mk
-rw-rw-r--   1 travis travis  1445 Jun 11 04:38 ModularCodeGen3_A2_profile.class
-rw-rw-r--   1 travis travis  1716 Jun 11 04:38 ModularCodeGen3_A2_profile.java
-rw-rw-r--   1 travis travis  3794 Jun 11 04:38 ModularCodeGen4_A1_B1.class
-rw-rw-r--   1 travis travis 10312 Jun 11 04:38 ModularCodeGen4_A1_B1.java
-rw-rw-r--   1 travis travis   880 Jun 11 04:38 ModularCodeGen4_A1_B1.mk
-rw-rw-r--   1 travis travis  1330 Jun 11 04:38 ModularCodeGen4_A1_B1_profile.class
-rw-rw-r--   1 travis travis  1273 Jun 11 04:38 ModularCodeGen4_A1_B1_profile.java
-rw-rw-r--   1 travis travis  3794 Jun 11 04:38 ModularCodeGen4_A1_B2.class
-rw-rw-r--   1 travis travis 10312 Jun 11 04:38 ModularCodeGen4_A1_B2.java
-rw-rw-r--   1 travis travis   880 Jun 11 04:38 ModularCodeGen4_A1_B2.mk
-rw-rw-r--   1 travis travis  1330 Jun 11 04:38 ModularCodeGen4_A1_B2_profile.class
-rw-rw-r--   1 travis travis  1273 Jun 11 04:38 ModularCodeGen4_A1_B2_profile.java
-rw-rw-r--   1 travis travis  5101 Jun 11 04:38 ModularCodeGen4_A1.class
-rw-rw-r--   1 travis travis 16245 Jun 11 04:38 ModularCodeGen4_A1.java
-rw-rw-r--   1 travis travis   856 Jun 11 04:38 ModularCodeGen4_A1.mk
-rw-rw-r--   1 travis travis  1445 Jun 11 04:38 ModularCodeGen4_A1_profile.class
-rw-rw-r--   1 travis travis  1712 Jun 11 04:38 ModularCodeGen4_A1_profile.java
-rw-rw-r--   1 travis travis  3988 Jun 11 04:38 ModularCodeGen4_A2_B1.class
-rw-rw-r--   1 travis travis 11375 Jun 11 04:38 ModularCodeGen4_A2_B1.java
-rw-rw-r--   1 travis travis   880 Jun 11 04:38 ModularCodeGen4_A2_B1.mk
-rw-rw-r--   1 travis travis  1393 Jun 11 04:38 ModularCodeGen4_A2_B1_profile.class
-rw-rw-r--   1 travis travis  1454 Jun 11 04:38 ModularCodeGen4_A2_B1_profile.java
-rw-rw-r--   1 travis travis  3842 Jun 11 04:38 ModularCodeGen4_A2_B2.class
-rw-rw-r--   1 travis travis 10378 Jun 11 04:38 ModularCodeGen4_A2_B2.java
-rw-rw-r--   1 travis travis   880 Jun 11 04:38 ModularCodeGen4_A2_B2.mk
-rw-rw-r--   1 travis travis  1330 Jun 11 04:38 ModularCodeGen4_A2_B2_profile.class
-rw-rw-r--   1 travis travis  1270 Jun 11 04:38 ModularCodeGen4_A2_B2_profile.java
-rw-rw-r--   1 travis travis  5274 Jun 11 04:38 ModularCodeGen4_A2.class
-rw-rw-r--   1 travis travis 16770 Jun 11 04:38 ModularCodeGen4_A2.java
-rw-rw-r--   1 travis travis   856 Jun 11 04:38 ModularCodeGen4_A2.mk
-rw-rw-r--   1 travis travis  1445 Jun 11 04:38 ModularCodeGen4_A2_profile.class
-rw-rw-r--   1 travis travis  1712 Jun 11 04:38 ModularCodeGen4_A2_profile.java
-rw-rw-r--   1 travis travis  6838 Jun 11 04:38 ModularCodeGen5_A_A.class
-rw-rw-r--   1 travis travis 28721 Jun 11 04:38 ModularCodeGen5_A_A.java
-rw-rw-r--   1 travis travis   864 Jun 11 04:38 ModularCodeGen5_A_A.mk
-rw-rw-r--   1 travis travis  1520 Jun 11 04:38 ModularCodeGen5_A_A_profile.class
-rw-rw-r--   1 travis travis  1815 Jun 11 04:38 ModularCodeGen5_A_A_profile.java
-rw-rw-r--   1 travis travis  5115 Jun 11 04:38 ModularCodeGen5_A.class
-rw-rw-r--   1 travis travis 13769 Jun 11 04:38 ModularCodeGen5_A.java
-rw-rw-r--   1 travis travis   848 Jun 11 04:38 ModularCodeGen5_A.mk
-rw-rw-r--   1 travis travis  1422 Jun 11 04:38 ModularCodeGen5_A_profile.class
-rw-rw-r--   1 travis travis  1605 Jun 11 04:38 ModularCodeGen5_A_profile.java
-rw-rw-r--   1 travis travis  4125 Jun 11 04:38 ModularCodeGen6_A_A2.class
-rw-rw-r--   1 travis travis 11329 Jun 11 04:38 ModularCodeGen6_A_A2.java
-rw-rw-r--   1 travis travis   872 Jun 11 04:38 ModularCodeGen6_A_A2.mk
-rw-rw-r--   1 travis travis  1351 Jun 11 04:38 ModularCodeGen6_A_A2_profile.class
-rw-rw-r--   1 travis travis  1364 Jun 11 04:38 ModularCodeGen6_A_A2_profile.java
-rw-rw-r--   1 travis travis  4108 Jun 11 04:38 ModularCodeGen6_A_A.class
-rw-rw-r--   1 travis travis 11221 Jun 11 04:38 ModularCodeGen6_A_A.java
-rw-rw-r--   1 travis travis   864 Jun 11 04:38 ModularCodeGen6_A_A.mk
-rw-rw-r--   1 travis travis  1348 Jun 11 04:38 ModularCodeGen6_A_A_profile.class
-rw-rw-r--   1 travis travis  1361 Jun 11 04:38 ModularCodeGen6_A_A_profile.java
-rw-rw-r--   1 travis travis  7237 Jun 11 04:38 ModularCodeGen6_A.class
-rw-rw-r--   1 travis travis 26535 Jun 11 04:38 ModularCodeGen6_A.java
-rw-rw-r--   1 travis travis   848 Jun 11 04:38 ModularCodeGen6_A.mk
-rw-rw-r--   1 travis travis  1483 Jun 11 04:38 ModularCodeGen6_A_profile.class
-rw-rw-r--   1 travis travis  1810 Jun 11 04:38 ModularCodeGen6_A_profile.java
-rw-rw-r--   1 travis travis  9439 Jun 11 04:38 ModularCodeGenLazyPubSubGlobal_CompositeActor_ModularCodeGenTypedComposite.class
-rw-rw-r--   1 travis travis 30161 Jun 11 04:38 ModularCodeGenLazyPubSubGlobal_CompositeActor_ModularCodeGenTypedComposite.java
-rw-rw-r--   1 travis travis  1304 Jun 11 04:38 ModularCodeGenLazyPubSubGlobal_CompositeActor_ModularCodeGenTypedComposite.mk
-rw-rw-r--   1 travis travis  1438 Jun 11 04:38 ModularCodeGenLazyPubSubGlobal_CompositeActor_ModularCodeGenTypedComposite_profile.class
-rw-rw-r--   1 travis travis  1384 Jun 11 04:38 ModularCodeGenLazyPubSubGlobal_CompositeActor_ModularCodeGenTypedComposite_profile.java
-rw-rw-r--   1 travis travis  3952 Jun 11 04:38 ModularCodeGenLazyPubSub_LazyCompositeActor.class
-rw-rw-r--   1 travis travis 11122 Jun 11 04:38 ModularCodeGenLazyPubSub_LazyCompositeActor.java
-rw-rw-r--   1 travis travis  1056 Jun 11 04:38 ModularCodeGenLazyPubSub_LazyCompositeActor.mk
-rw-rw-r--   1 travis travis  1286 Jun 11 04:38 ModularCodeGenLazyPubSub_LazyCompositeActor_profile.class
-rw-rw-r--   1 travis travis  1091 Jun 11 04:38 ModularCodeGenLazyPubSub_LazyCompositeActor_profile.java
-rw-rw-r--   1 travis travis  3954 Jun 11 04:37 ModularCodeGen_ModularCodeGenTypedCompositeActor.class
-rw-rw-r--   1 travis travis 10970 Jun 11 04:37 ModularCodeGen_ModularCodeGenTypedCompositeActor.java
-rw-rw-r--   1 travis travis  1096 Jun 11 04:37 ModularCodeGen_ModularCodeGenTypedCompositeActor.mk
-rw-rw-r--   1 travis travis  1384 Jun 11 04:37 ModularCodeGen_ModularCodeGenTypedCompositeActor_profile.class
-rw-rw-r--   1 travis travis  1328 Jun 11 04:37 ModularCodeGen_ModularCodeGenTypedCompositeActor_profile.java
-rw-rw-r--   1 travis travis  3441 Jun 11 04:38 ModularCodeGenPubSub2_A1_A.class
-rw-rw-r--   1 travis travis  8578 Jun 11 04:38 ModularCodeGenPubSub2_A1_A.java
-rw-rw-r--   1 travis travis   920 Jun 11 04:38 ModularCodeGenPubSub2_A1_A.mk
-rw-rw-r--   1 travis travis  1274 Jun 11 04:38 ModularCodeGenPubSub2_A1_A_profile.class
-rw-rw-r--   1 travis travis  1128 Jun 11 04:38 ModularCodeGenPubSub2_A1_A_profile.java
-rw-rw-r--   1 travis travis  1196 Jun 11 04:38 ModularCodeGenPubSub2_A1_profile.java
-rw-rw-r--   1 travis travis  3475 Jun 11 04:38 ModularCodeGenPubSub_A1.class
-rw-rw-r--   1 travis travis  9060 Jun 11 04:38 ModularCodeGenPubSub_A1.java
-rw-rw-r--   1 travis travis   896 Jun 11 04:38 ModularCodeGenPubSub_A1.mk
-rw-rw-r--   1 travis travis  1278 Jun 11 04:38 ModularCodeGenPubSub_A1_profile.class
-rw-rw-r--   1 travis travis  1195 Jun 11 04:38 ModularCodeGenPubSub_A1_profile.java
-rw-rw-r--   1 travis travis  3492 Jun 11 04:37 ModularCodeGenTest_A1_A2.class
-rw-rw-r--   1 travis travis   904 Jun 11 04:37 ModularCodeGenTest_A1_A2.mk
-rw-rw-r--   1 travis travis  1306 Jun 11 04:37 ModularCodeGenTest_A1_A2_profile.class
-rw-rw-r--   1 travis travis  3823 Jun 11 04:37 ModularCodeGenTest_A1.class
-rw-rw-r--   1 travis travis  9968 Jun 11 04:37 ModularCodeGenTest_A1.java
-rw-rw-r--   1 travis travis   880 Jun 11 04:37 ModularCodeGenTest_A1.mk
-rw-rw-r--   1 travis travis  1352 Jun 11 04:37 ModularCodeGenTest_A1_profile.class
-rw-rw-r--   1 travis travis  1394 Jun 11 04:37 ModularCodeGenTest_A1_profile.java
drwxrwxr-x   3 travis travis 36864 Jun 11 04:37 modulation2
drwxrwxr-x   3 travis travis 20480 Jun 11 04:34 Multiplexor
drwxrwxr-x 242 travis travis 12288 Jun 11 04:37 node_modules
drwxrwxr-x   3 travis travis 20480 Jun 11 04:34 PhaseUnwrap
-rw-rw-r--   1 travis travis   520 Jun 11 04:37 Repeat$_fireFunction_Repeat_Repeat$__f_sL_0.class
-rw-rw-r--   1 travis travis   522 Jun 11 04:37 Repeat$_fireFunction_Repeat_Repeat$__f_sL_10.class
-rw-rw-r--   1 travis travis   666 Jun 11 04:37 Repeat$_fireFunction_Repeat_Repeat$__f_sL_11.class
-rw-rw-r--   1 travis travis   522 Jun 11 04:37 Repeat$_fireFunction_Repeat_Repeat$__f_sL_13.class
-rw-rw-r--   1 travis travis   665 Jun 11 04:37 Repeat$_fireFunction_Repeat_Repeat$__f_sL_1.class
-rw-rw-r--   1 travis travis   520 Jun 11 04:37 Repeat$_fireFunction_Repeat_Repeat$__f_sL_2.class
-rw-rw-r--   1 travis travis   520 Jun 11 04:37 Repeat$_fireFunction_Repeat_Repeat$__f_sL_3.class
-rw-rw-r--   1 travis travis   520 Jun 11 04:37 Repeat$_fireFunction_Repeat_Repeat$__f_sL_5.class
-rw-rw-r--   1 travis travis   671 Jun 11 04:37 Repeat$_fireFunction_Repeat_Repeat$__f_sL_7.class
-rw-rw-r--   1 travis travis   520 Jun 11 04:37 Repeat$_fireFunction_Repeat_Repeat$__f_sL_9.class
-rw-rw-r--   1 travis travis   813 Jun 11 04:37 Repeat$_initialize_Repeat.class
-rw-rw-r--   1 travis travis   475 Jun 11 04:37 Repeat$_initialize_Repeat$__i_sL_0.class
-rw-rw-r--   1 travis travis   519 Jun 11 04:37 Repeat$_initialize_Repeat$__i_sL_3.class
-rw-rw-r--   1 travis travis 39778 Jun 11 04:37 Repeat.java
-rw-rw-r--   1 travis travis  1281 Jun 11 04:37 Repeat.mk
-rw-rw-r--   1 travis travis   520 Jun 11 04:37 Repeat$_preinitializeMethod_Repeat$__p_sL_0.class
-rw-rw-r--   1 travis travis   520 Jun 11 04:37 Repeat$_preinitializeMethod_Repeat$__p_sL_1.class
-rw-rw-r--   1 travis travis  1083 Jun 11 04:37 Repeat$_Repeat$_fireFunction_Repeat_AddSubtract_Repeat.class
-rw-rw-r--   1 travis travis   791 Jun 11 04:37 Repeat$_Repeat$_fireFunction_Repeat_AddSubtract_Repeat$__f_sL_0.class
-rw-rw-r--   1 travis travis   909 Jun 11 04:37 Repeat$_Repeat$_fireFunction_Repeat_AddSubtract_Repeat$__f_sL_1.class
-rw-rw-r--   1 travis travis   915 Jun 11 04:37 Repeat$_Repeat$_fireFunction_Repeat_AddSubtract_Repeat$__f_sL_2.class
-rw-rw-r--   1 travis travis   838 Jun 11 04:37 Repeat$_Repeat$_fireFunction_Repeat_Ramp2_Repeat$__f_sL_1.class
-rw-rw-r--   1 travis travis  1785 Jun 11 04:37 Repeat$_Repeat$_fireFunction_Repeat_Test_Repeat$__f_sL_2.class
-rw-rw-r--   1 travis travis   685 Jun 11 04:37 Repeat$_Repeat_SDF_Director_run_Repeat$__R_sL_0.class
-rw-rw-r--   1 travis travis   540 Jun 11 04:37 Repeat$_Repeat_SDF_Director_run_Repeat$__R_sL_1.class
-rw-rw-r--   1 travis travis   540 Jun 11 04:37 Repeat$_Repeat_SDF_Director_run_Repeat$__R_sL_2.class
-rw-rw-r--   1 travis travis   540 Jun 11 04:37 Repeat$_Repeat_SDF_Director_run_Repeat$__R_sL_4.class
-rw-rw-r--   1 travis travis   540 Jun 11 04:37 Repeat$_Repeat_SDF_Director_run_Repeat$__R_sL_5.class
-rw-rw-r--   1 travis travis   691 Jun 11 04:37 Repeat$_Repeat_SDF_Director_run_Repeat$__R_sL_6.class
-rw-rw-r--   1 travis travis   540 Jun 11 04:37 Repeat$_Repeat_SDF_Director_run_Repeat$__R_sL_7.class
-rw-rw-r--   1 travis travis   863 Jun 11 04:37 Repeat$_varinit_Repeat.class
-rw-rw-r--   1 travis travis   530 Jun 11 04:37 Repeat$_varinit_Repeat$__v_sL_1.class
-rw-rw-r--   1 travis travis   531 Jun 11 04:37 Repeat$_varinit_Repeat$__v_sL_2.class
-rw-rw-r--   1 travis travis   905 Jun 11 04:37 Repeat$_varinit_Repeat$__v_sL_4.class
-rw-rw-r--   1 travis travis   635 Jun 11 04:37 Repeat$_wrapup_Repeat.class
-rw-rw-r--   1 travis travis   965 Jun 11 04:37 Repeat$_wrapup_Repeat$__w_sL_1.class
-rw-rw-r--   1 travis travis   289 Jun 11 04:32 result.csv
drwxrwxr-x   3 travis travis 12288 Jun 11 04:35 Scrambler1
drwxrwxr-x   3 travis travis 20480 Jun 11 04:34 Sinewave2
drwxrwxr-x   3 travis travis 69632 Jun 11 04:35 StringCompare
drwxrwxr-x   3 travis travis 32768 Jun 11 04:35 StringFunction
drwxrwxr-x   3 travis travis 12288 Jun 11 04:35 StringLength
drwxrwxr-x   3 travis travis 57344 Jun 11 04:36 StringSimpleReplace
drwxrwxr-x   3 travis travis 12288 Jun 11 04:37 time2
drwxrwxr-x   3 travis travis 12288 Jun 11 04:37 time5
-rw-rw-r--   1 travis travis   432 Jun 11 04:38 Token.class
-rw-rw-r--   1 travis travis   251 Jun 11 04:38 Token.java
-rw-rw-r--   1 travis travis     0 Jun 11 04:37 top.
-rw-rw-r--   1 travis travis 20502 Jun 11 04:32 top.c
-rw-rw-r--   1 travis travis  3567 Jun 11 04:37 top.class
-rw-rw-r--   1 travis travis   169 Jun 11 04:32 top.html
-rw-rw-r--   1 travis travis  7552 Jun 11 04:37 top.java
-rw-rw-r--   1 travis travis 38888 Jun 11 04:32 top.o
drwxrwxr-x   3 travis travis 57344 Jun 11 04:34 UnaryMathFunction
All Done
Writing ModularCodeGenPubSub2_A1.java in file:/home/travis/cg/ (9781 characters)
Reading "ptolemy/cg/kernel/generic/program/procedural/java/modular/makefile.in",
    writing "/home/travis/cg/ModularCodeGenPubSub2_A1.mk"
Using ptolemy/cg/kernel/generic/program/procedural/java/modular/makefile.in
In "/home/travis/cg", about to execute:
    make -f ModularCodeGenPubSub2_A1.mk
javac -classpath ".:.."    ModularCodeGenPubSub2_A1.java
All Done
4007 ms. Memory: 122368K Free: 92937K (76%)
----------------- Invoking toplevel() on ptolemy.moml.MoMLSimpleApplication@497f12c7
----------------- Done invoking toplevel() on ptolemy.moml.MoMLSimpleApplication@497f12c7
reloadAllAccessors: .ModularCodeGenPubSub2

===========================================================================================
----------------- testing Tue Jun 11 04:38:48 UTC 2019 /home/travis/build/icyphy/ptII/ptolemy/cg/lib/test/auto/ModularCodeGenPubSub3.xml
----------------- Instantiating /home/travis/build/icyphy/ptII/ptolemy/cg/lib/test/auto/ModularCodeGenPubSub3.xml
In "/home/travis/cg", about to execute:
    pwd
In "/home/travis/cg", about to execute:
    ls -l
/home/travis/cg
In "/home/travis/cg", about to execute:
    javac -classpath
.:/home/travis/build/icyphy/ptII:/home/travis/build/icyphy/ptII/lib/bsh-2.0b4.j
ar:/home/travis/build/icyphy/ptII/lib/ptCal.jar:/home/travis/build/icyphy/ptII/
lib/java_cup.jar:/home/travis/build/icyphy/ptII/lib/saxon8.jar:/home/travis/bui
ld/icyphy/ptII/lib/saxon8-dom.jar:/home/travis/build/icyphy/ptII/lib/chic.jar:/
home/travis/build/icyphy/ptII/lib/ptcolt.jar:/usr/lib/jvm/java-8-oracle/lib/too
ls.jar:/home/travis/build/icyphy/ptII/vendors/misc/itext/iText.jar:/home/travis
/build/icyphy/ptII/lib/g4ltl.jar:/home/travis/build/icyphy/ptII/lib/StructuralC
oder.jar:/home/travis/build/icyphy/ptII/vendors/jai-1_1_2_01/lib/jai_core.jar:/
home/travis/build/icyphy/ptII/vendors/jai-1_1_2_01/lib/jai_codec.jar:/home/trav
is/build/icyphy/ptII/lib/jcerti.jar:/home/travis/build/icyphy/ptII/lib/javax.ma
il.jar:/home/travis/build/icyphy/ptII/vendors/JMF-2.1.1e/lib/jmf.jar:/home/trav
is/build/icyphy/ptII/lib/jna-4.0.0-variadic.jar:/home/travis/build/icyphy/ptII/
vendors/misc/joystick/Joystick.jar:/home/travis/build/icyphy/ptII/lib/ptjacl.ja
r:/home/travis/build/icyphy/ptII/lib/jsoup-1.8.2.jar:/home/travis/build/icyphy/
ptII/lib/junit-4.8.2.jar:/home/travis/build/icyphy/ptII/lib/JUnitParams-0.4.0.j
ar:/home/travis/build/icyphy/ptII/ptolemy/actor/lib/excel/jxl.jar:/home/travis/
build/icyphy/ptII/lib/jython.jar:/home/travis/build/icyphy/ptII/lib/kieler.jar:
/home/travis/build/icyphy/ptII/vendors/opencv/share/OpenCV/java/opencv-341.jar:
/home/travis/build/icyphy/ptII/lib/oscP5.jar:/home/travis/build/icyphy/ptII/lib
/nrjavaserial-3.11.0.devel.jar:/home/travis/build/icyphy/ptII/vendors/j3d/lib/j
3dcore.jar:/home/travis/build/icyphy/ptII/vendors/j3d/lib/j3dutils.jar:/home/tr
avis/build/icyphy/ptII/vendors/j3d/lib/vecmath.jar:/home/travis/build/icyphy/pt
II/ptolemy/distributed/jini/jar/jini-core.jar:/home/travis/build/icyphy/ptII/pt
olemy/distributed/jini/jar/jini-ext.jar:/home/travis/build/icyphy/ptII/ptolemy/
distributed/jini/jar/sun-util.jar:/home/travis/build/icyphy/ptII/lib/protobuf-j
ava-2.4.1.jar:/home/travis/build/icyphy/ptII/lib/org.eclipse.paho.client.mqttv3
.jar:/home/travis/build/icyphy/ptII/lib/mapss.jar:/home/travis/build/icyphy/ptI
I/ptolemy/actor/ptalon/antlr/antlr.jar:/home/travis/build/icyphy/ptII/lib/JRI.j
ar:/home/travis/build/icyphy/ptII/lib/commons-lang-2.6.jar:/home/travis/build/i
cyphy/ptII/lib/commons-logging-1.1.1.jar:/home/travis/build/icyphy/ptII/lib/soo
tclasses.jar:/home/travis/build/icyphy/ptII/ptolemy/actor/lib/database/mysql-co
nnector-java-5.1.6-bin.jar:/home/travis/build/icyphy/ptII/vendors/misc/sphinx4/
sphinx4-data-5prealpha.jar:/home/travis/build/icyphy/ptII/vendors/misc/sphinx4/
sphinx4-core-5prealpha.jar:/home/travis/build/icyphy/ptII/lib/PDFRenderer.jar:/
home/travis/build/icyphy/ptII/lib/svgSalamander.jar:/home/travis/build/icyphy/p
tII/lib/rsyntaxtextarea-2.6.0-SNAPSHOT.jar:/home/travis/build/icyphy/ptII/lib/h
azelcast-3.8.2.jar:/home/travis/build/icyphy/ptII/lib/jackson-annotations-2.9.0
.jar:/home/travis/build/icyphy/ptII/lib/jackson-core-2.9.3.jar:/home/travis/bui
ld/icyphy/ptII/lib/jackson-databind-2.9.3.jar:/home/travis/build/icyphy/ptII/li
b/netty-buffer-4.1.19.Final.jar:/home/travis/build/icyphy/ptII/lib/netty-codec-
4.1.19.Final.jar:/home/travis/build/icyphy/ptII/lib/netty-codec-dns-4.1.19.Fina
l.jar:/home/travis/build/icyphy/ptII/lib/netty-codec-http-4.1.19.Final.jar:/hom
e/travis/build/icyphy/ptII/lib/netty-codec-http2-4.1.19.Final.jar:/home/travis/
build/icyphy/ptII/lib/netty-common-4.1.19.Final.jar:/home/travis/build/icyphy/p
tII/lib/netty-handler-4.1.19.Final.jar:/home/travis/build/icyphy/ptII/lib/netty
-resolver-4.1.19.Final.jar:/home/travis/build/icyphy/ptII/lib/netty-resolver-dn
s-4.1.19.Final.jar:/home/travis/build/icyphy/ptII/lib/netty-transport-4.1.19.Fi
nal.jar:/home/travis/build/icyphy/ptII/lib/vertx-codegen-3.5.1.jar:/home/travis
/build/icyphy/ptII/lib/vertx-core-3.5.2-SNAPSHOT.jar:/home/travis/build/icyphy/
ptII/lib/vertx-hazelcast-3.5.1.jar:/home/travis/build/icyphy/ptII/lib/vertx-lan
g-js-3.5.1.jar:/home/travis/build/icyphy/ptII/lib/vertx-service-proxy-3.5.1.jar
:/home/travis/build/icyphy/ptII/lib/vertx-web-3.5.1.jar:/home/travis/build/icyp
hy/ptII/lib/slf4j-api-1.7.13.jar:/home/travis/build/icyphy/ptII/lib/slf4j-simpl
e-1.7.13.jar:/home/travis/build/icyphy/ptII/lib/webcam-capture-0.3.12.jar:/home
/travis/build/icyphy/ptII/lib/bridj-0.7.0.jar:/home/travis/build/icyphy/ptII/li
b/xbjlib-1.1.0.nrjavaserial.jar:/home/travis/build/icyphy/ptII/ptolemy/moml/tes
t:/home/travis/build/icyphy/ptII/ant/lib/ant-launcher.jar:/home/travis/build/ic
yphy/ptII/ant/lib/ant.jar:/home/travis/build/icyphy/ptII/ant/lib/ant-junit.jar:
/home/travis/build/icyphy/ptII/ant/lib/ant-junit4.jar:/home/travis/build/icyphy
/ptII ModularCodeGenPubSub3_A1_A2_profile.java
total 2108
drwxrwxr-x   3 travis travis 12288 Jun 11 04:33 AbsoluteValue
-rw-rw-r--   1 travis travis   233 Jun 11 04:38 Array.class
-rw-rw-r--   1 travis travis   459 Jun 11 04:38 Array.java
drwxrwxr-x   3 travis travis 16384 Jun 11 04:33 Case1
drwxrwxr-x   3 travis travis 32768 Jun 11 04:33 Case2
-rw-rw-r--   1 travis travis  4895 Jun 11 04:37 CompiledCompositeActor_CompiledCompositeActor.class
-rw-rw-r--   1 travis travis  1592 Jun 11 04:37 CompiledCompositeActor_CompiledCompositeActor$_CompiledCompositeActor_CompiledCompositeActor.class
-rw-rw-r--   1 travis travis 13466 Jun 11 04:37 CompiledCompositeActor_CompiledCompositeActor.java
-rw-rw-r--   1 travis travis  1593 Jun 11 04:37 CompiledCompositeActor_CompiledCompositeActor.mk
drwxrwxr-x   3 travis travis 24576 Jun 11 04:35 DeScrambler
drwxrwxr-x   3 travis travis 16384 Jun 11 04:36 DotProduct
drwxrwxr-x   3 travis travis 12288 Jun 11 04:33 FileWriter1
drwxrwxr-x   3 travis travis 20480 Jun 11 04:32 FixToDoubleAndBack
drwxrwxr-x   3 travis travis 16384 Jun 11 04:33 Gaussian1
drwxrwxr-x   3 travis travis 20480 Jun 11 04:33 Gaussian2
-rw-rw-r--   1 travis travis  4457 Jun 11 04:37 JavaCompiledCompositeTest1_CompiledCompositeActor.class
-rw-rw-r--   1 travis travis 11637 Jun 11 04:37 JavaCompiledCompositeTest1_CompiledCompositeActor.java
-rw-rw-r--   1 travis travis  1198 Jun 11 04:37 JavaCompiledCompositeTest1_CompiledCompositeActor$_JavaCompiledCompositeTest1_CompiledCompositeActor.class
-rw-rw-r--   1 travis travis  1625 Jun 11 04:37 JavaCompiledCompositeTest1_CompiledCompositeActor.mk
-rw-rw-r--   1 travis travis  4888 Jun 11 04:37 JavaCompiledCompositeTest2_CompiledCompositeActor.class
-rw-rw-r--   1 travis travis 14919 Jun 11 04:37 JavaCompiledCompositeTest2_CompiledCompositeActor.java
-rw-rw-r--   1 travis travis  1793 Jun 11 04:37 JavaCompiledCompositeTest2_CompiledCompositeActor$_JavaCompiledCompositeTest2_CompiledCompositeActor.class
-rw-rw-r--   1 travis travis  1625 Jun 11 04:37 JavaCompiledCompositeTest2_CompiledCompositeActor.mk
-rw-rw-r--   1 travis travis  4505 Jun 11 04:37 JavaCompiledCompositeTest3_CompiledCompositeActor.class
-rw-rw-r--   1 travis travis 13080 Jun 11 04:37 JavaCompiledCompositeTest3_CompiledCompositeActor.java
-rw-rw-r--   1 travis travis  1378 Jun 11 04:37 JavaCompiledCompositeTest3_CompiledCompositeActor$_JavaCompiledCompositeTest3_CompiledCompositeActor.class
-rw-rw-r--   1 travis travis  1625 Jun 11 04:37 JavaCompiledCompositeTest3_CompiledCompositeActor.mk
-rw-rw-r--   1 travis travis  3953 Jun 11 04:37 JavaCompiledCompositeTest4_CompiledCompositeActor.class
-rw-rw-r--   1 travis travis  9687 Jun 11 04:37 JavaCompiledCompositeTest4_CompiledCompositeActor.java
-rw-rw-r--   1 travis travis   857 Jun 11 04:37 JavaCompiledCompositeTest4_CompiledCompositeActor$_JavaCompiledCompositeTest4_CompiledCompositeActor.class
-rw-rw-r--   1 travis travis  1625 Jun 11 04:37 JavaCompiledCompositeTest4_CompiledCompositeActor.mk
drwxrwxr-x   3 travis travis 12288 Jun 11 04:33 LookupTable
drwxrwxr-x   3 travis travis 20480 Jun 11 04:34 MaxIndex
-rw-rw-r--   1 travis travis  3693 Jun 11 04:37 ModularCG_A1_B1.class
-rw-rw-r--   1 travis travis  9730 Jun 11 04:37 ModularCG_A1_B1.java
-rw-rw-r--   1 travis travis   832 Jun 11 04:37 ModularCG_A1_B1.mk
-rw-rw-r--   1 travis travis  1318 Jun 11 04:37 ModularCG_A1_B1_profile.class
-rw-rw-r--   1 travis travis  1262 Jun 11 04:37 ModularCG_A1_B1_profile.java
-rw-rw-r--   1 travis travis  3693 Jun 11 04:37 ModularCG_A1_B2.class
-rw-rw-r--   1 travis travis  9730 Jun 11 04:37 ModularCG_A1_B2.java
-rw-rw-r--   1 travis travis   832 Jun 11 04:37 ModularCG_A1_B2.mk
-rw-rw-r--   1 travis travis  1318 Jun 11 04:37 ModularCG_A1_B2_profile.class
-rw-rw-r--   1 travis travis  1262 Jun 11 04:37 ModularCG_A1_B2_profile.java
-rw-rw-r--   1 travis travis  4799 Jun 11 04:37 ModularCG_A1.class
-rw-rw-r--   1 travis travis 14742 Jun 11 04:37 ModularCG_A1.java
-rw-rw-r--   1 travis travis   808 Jun 11 04:37 ModularCG_A1.mk
-rw-rw-r--   1 travis travis  1433 Jun 11 04:37 ModularCG_A1_profile.class
-rw-rw-r--   1 travis travis  1704 Jun 11 04:37 ModularCG_A1_profile.java
-rw-rw-r--   1 travis travis  3827 Jun 11 04:37 ModularCG_A2_B1.class
-rw-rw-r--   1 travis travis 10667 Jun 11 04:37 ModularCG_A2_B1.java
-rw-rw-r--   1 travis travis   832 Jun 11 04:37 ModularCG_A2_B1.mk
-rw-rw-r--   1 travis travis  1381 Jun 11 04:37 ModularCG_A2_B1_profile.class
-rw-rw-r--   1 travis travis  1446 Jun 11 04:37 ModularCG_A2_B1_profile.java
-rw-rw-r--   1 travis travis  3693 Jun 11 04:37 ModularCG_A2_B2.class
-rw-rw-r--   1 travis travis  9730 Jun 11 04:37 ModularCG_A2_B2.java
-rw-rw-r--   1 travis travis   832 Jun 11 04:37 ModularCG_A2_B2.mk
-rw-rw-r--   1 travis travis  1318 Jun 11 04:37 ModularCG_A2_B2_profile.class
-rw-rw-r--   1 travis travis  1262 Jun 11 04:37 ModularCG_A2_B2_profile.java
-rw-rw-r--   1 travis travis  4870 Jun 11 04:37 ModularCG_A2.class
-rw-rw-r--   1 travis travis 15129 Jun 11 04:37 ModularCG_A2.java
-rw-rw-r--   1 travis travis   808 Jun 11 04:37 ModularCG_A2.mk
-rw-rw-r--   1 travis travis  1433 Jun 11 04:37 ModularCG_A2_profile.class
-rw-rw-r--   1 travis travis  1704 Jun 11 04:37 ModularCG_A2_profile.java
-rw-rw-r--   1 travis travis  3473 Jun 11 04:37 ModularCGPubSub_A1_A2.class
-rw-rw-r--   1 travis travis  9076 Jun 11 04:37 ModularCGPubSub_A1_A2.java
-rw-rw-r--   1 travis travis   880 Jun 11 04:37 ModularCGPubSub_A1_A2.mk
-rw-rw-r--   1 travis travis  1300 Jun 11 04:37 ModularCGPubSub_A1_A2_profile.class
-rw-rw-r--   1 travis travis  1222 Jun 11 04:37 ModularCGPubSub_A1_A2_profile.java
-rw-rw-r--   1 travis travis  3790 Jun 11 04:37 ModularCGPubSub_A1.class
-rw-rw-r--   1 travis travis  9836 Jun 11 04:37 ModularCGPubSub_A1.java
-rw-rw-r--   1 travis travis   856 Jun 11 04:37 ModularCGPubSub_A1.mk
-rw-rw-r--   1 travis travis  1346 Jun 11 04:37 ModularCGPubSub_A1_profile.class
-rw-rw-r--   1 travis travis  1388 Jun 11 04:37 ModularCGPubSub_A1_profile.java
-rw-rw-r--   1 travis travis  3988 Jun 11 04:38 ModularCodeGen2_ModularCodeGenTypedCompositeActor.class
-rw-rw-r--   1 travis travis 11690 Jun 11 04:38 ModularCodeGen2_ModularCodeGenTypedCompositeActor.java
-rw-rw-r--   1 travis travis  1104 Jun 11 04:38 ModularCodeGen2_ModularCodeGenTypedCompositeActor.mk
-rw-rw-r--   1 travis travis  4272 Jun 11 04:38 ModularCodeGen2_ModularCodeGenTypedCompositeActor_ModularCodeGenTypedCompositeActor.class
-rw-rw-r--   1 travis travis 11790 Jun 11 04:37 ModularCodeGen2_ModularCodeGenTypedCompositeActor_ModularCodeGenTypedCompositeActor.java
-rw-rw-r--   1 travis travis  1376 Jun 11 04:37 ModularCodeGen2_ModularCodeGenTypedCompositeActor_ModularCodeGenTypedCompositeActor.mk
-rw-rw-r--   1 travis travis  1421 Jun 11 04:37 ModularCodeGen2_ModularCodeGenTypedCompositeActor_ModularCodeGenTypedCompositeActor_profile.class
-rw-rw-r--   1 travis travis  1294 Jun 11 04:37 ModularCodeGen2_ModularCodeGenTypedCompositeActor_ModularCodeGenTypedCompositeActor_profile.java
-rw-rw-r--   1 travis travis   820 Jun 11 04:38 ModularCodeGen2_ModularCodeGenTypedCompositeActor_profile.class
-rw-rw-r--   1 travis travis   693 Jun 11 04:38 ModularCodeGen2_ModularCodeGenTypedCompositeActor_profile.java
-rw-rw-r--   1 travis travis  3741 Jun 11 04:38 ModularCodeGen3_A1_B1.class
-rw-rw-r--   1 travis travis  9958 Jun 11 04:38 ModularCodeGen3_A1_B1.java
-rw-rw-r--   1 travis travis   880 Jun 11 04:38 ModularCodeGen3_A1_B1.mk
-rw-rw-r--   1 travis travis  1330 Jun 11 04:38 ModularCodeGen3_A1_B1_profile.class
-rw-rw-r--   1 travis travis  1274 Jun 11 04:38 ModularCodeGen3_A1_B1_profile.java
-rw-rw-r--   1 travis travis  3741 Jun 11 04:38 ModularCodeGen3_A1_B2.class
-rw-rw-r--   1 travis travis  9958 Jun 11 04:38 ModularCodeGen3_A1_B2.java
-rw-rw-r--   1 travis travis   880 Jun 11 04:38 ModularCodeGen3_A1_B2.mk
-rw-rw-r--   1 travis travis  1330 Jun 11 04:38 ModularCodeGen3_A1_B2_profile.class
-rw-rw-r--   1 travis travis  1274 Jun 11 04:38 ModularCodeGen3_A1_B2_profile.java
-rw-rw-r--   1 travis travis  4961 Jun 11 04:38 ModularCodeGen3_A1.class
-rw-rw-r--   1 travis travis 15564 Jun 11 04:38 ModularCodeGen3_A1.java
-rw-rw-r--   1 travis travis   856 Jun 11 04:38 ModularCodeGen3_A1.mk
-rw-rw-r--   1 travis travis  1445 Jun 11 04:38 ModularCodeGen3_A1_profile.class
-rw-rw-r--   1 travis travis  1716 Jun 11 04:38 ModularCodeGen3_A1_profile.java
-rw-rw-r--   1 travis travis  3887 Jun 11 04:38 ModularCodeGen3_A2_B1.class
-rw-rw-r--   1 travis travis 10955 Jun 11 04:38 ModularCodeGen3_A2_B1.java
-rw-rw-r--   1 travis travis   880 Jun 11 04:38 ModularCodeGen3_A2_B1.mk
-rw-rw-r--   1 travis travis  1393 Jun 11 04:38 ModularCodeGen3_A2_B1_profile.class
-rw-rw-r--   1 travis travis  1458 Jun 11 04:38 ModularCodeGen3_A2_B1_profile.java
-rw-rw-r--   1 travis travis  3741 Jun 11 04:38 ModularCodeGen3_A2_B2.class
-rw-rw-r--   1 travis travis  9958 Jun 11 04:38 ModularCodeGen3_A2_B2.java
-rw-rw-r--   1 travis travis   880 Jun 11 04:38 ModularCodeGen3_A2_B2.mk
-rw-rw-r--   1 travis travis  1330 Jun 11 04:38 ModularCodeGen3_A2_B2_profile.class
-rw-rw-r--   1 travis travis  1274 Jun 11 04:38 ModularCodeGen3_A2_B2_profile.java
-rw-rw-r--   1 travis travis  5038 Jun 11 04:38 ModularCodeGen3_A2.class
-rw-rw-r--   1 travis travis 15957 Jun 11 04:38 ModularCodeGen3_A2.java
-rw-rw-r--   1 travis travis   856 Jun 11 04:38 ModularCodeGen3_A2.mk
-rw-rw-r--   1 travis travis  1445 Jun 11 04:38 ModularCodeGen3_A2_profile.class
-rw-rw-r--   1 travis travis  1716 Jun 11 04:38 ModularCodeGen3_A2_profile.java
-rw-rw-r--   1 travis travis  3794 Jun 11 04:38 ModularCodeGen4_A1_B1.class
-rw-rw-r--   1 travis travis 10312 Jun 11 04:38 ModularCodeGen4_A1_B1.java
-rw-rw-r--   1 travis travis   880 Jun 11 04:38 ModularCodeGen4_A1_B1.mk
-rw-rw-r--   1 travis travis  1330 Jun 11 04:38 ModularCodeGen4_A1_B1_profile.class
-rw-rw-r--   1 travis travis  1273 Jun 11 04:38 ModularCodeGen4_A1_B1_profile.java
-rw-rw-r--   1 travis travis  3794 Jun 11 04:38 ModularCodeGen4_A1_B2.class
-rw-rw-r--   1 travis travis 10312 Jun 11 04:38 ModularCodeGen4_A1_B2.java
-rw-rw-r--   1 travis travis   880 Jun 11 04:38 ModularCodeGen4_A1_B2.mk
-rw-rw-r--   1 travis travis  1330 Jun 11 04:38 ModularCodeGen4_A1_B2_profile.class
-rw-rw-r--   1 travis travis  1273 Jun 11 04:38 ModularCodeGen4_A1_B2_profile.java
-rw-rw-r--   1 travis travis  5101 Jun 11 04:38 ModularCodeGen4_A1.class
-rw-rw-r--   1 travis travis 16245 Jun 11 04:38 ModularCodeGen4_A1.java
-rw-rw-r--   1 travis travis   856 Jun 11 04:38 ModularCodeGen4_A1.mk
-rw-rw-r--   1 travis travis  1445 Jun 11 04:38 ModularCodeGen4_A1_profile.class
-rw-rw-r--   1 travis travis  1712 Jun 11 04:38 ModularCodeGen4_A1_profile.java
-rw-rw-r--   1 travis travis  3988 Jun 11 04:38 ModularCodeGen4_A2_B1.class
-rw-rw-r--   1 travis travis 11375 Jun 11 04:38 ModularCodeGen4_A2_B1.java
-rw-rw-r--   1 travis travis   880 Jun 11 04:38 ModularCodeGen4_A2_B1.mk
-rw-rw-r--   1 travis travis  1393 Jun 11 04:38 ModularCodeGen4_A2_B1_profile.class
-rw-rw-r--   1 travis travis  1454 Jun 11 04:38 ModularCodeGen4_A2_B1_profile.java
-rw-rw-r--   1 travis travis  3842 Jun 11 04:38 ModularCodeGen4_A2_B2.class
-rw-rw-r--   1 travis travis 10378 Jun 11 04:38 ModularCodeGen4_A2_B2.java
-rw-rw-r--   1 travis travis   880 Jun 11 04:38 ModularCodeGen4_A2_B2.mk
-rw-rw-r--   1 travis travis  1330 Jun 11 04:38 ModularCodeGen4_A2_B2_profile.class
-rw-rw-r--   1 travis travis  1270 Jun 11 04:38 ModularCodeGen4_A2_B2_profile.java
-rw-rw-r--   1 travis travis  5274 Jun 11 04:38 ModularCodeGen4_A2.class
-rw-rw-r--   1 travis travis 16770 Jun 11 04:38 ModularCodeGen4_A2.java
-rw-rw-r--   1 travis travis   856 Jun 11 04:38 ModularCodeGen4_A2.mk
-rw-rw-r--   1 travis travis  1445 Jun 11 04:38 ModularCodeGen4_A2_profile.class
-rw-rw-r--   1 travis travis  1712 Jun 11 04:38 ModularCodeGen4_A2_profile.java
-rw-rw-r--   1 travis travis  6838 Jun 11 04:38 ModularCodeGen5_A_A.class
-rw-rw-r--   1 travis travis 28721 Jun 11 04:38 ModularCodeGen5_A_A.java
-rw-rw-r--   1 travis travis   864 Jun 11 04:38 ModularCodeGen5_A_A.mk
-rw-rw-r--   1 travis travis  1520 Jun 11 04:38 ModularCodeGen5_A_A_profile.class
-rw-rw-r--   1 travis travis  1815 Jun 11 04:38 ModularCodeGen5_A_A_profile.java
-rw-rw-r--   1 travis travis  5115 Jun 11 04:38 ModularCodeGen5_A.class
-rw-rw-r--   1 travis travis 13769 Jun 11 04:38 ModularCodeGen5_A.java
-rw-rw-r--   1 travis travis   848 Jun 11 04:38 ModularCodeGen5_A.mk
-rw-rw-r--   1 travis travis  1422 Jun 11 04:38 ModularCodeGen5_A_profile.class
-rw-rw-r--   1 travis travis  1605 Jun 11 04:38 ModularCodeGen5_A_profile.java
-rw-rw-r--   1 travis travis  4125 Jun 11 04:38 ModularCodeGen6_A_A2.class
-rw-rw-r--   1 travis travis 11329 Jun 11 04:38 ModularCodeGen6_A_A2.java
-rw-rw-r--   1 travis travis   872 Jun 11 04:38 ModularCodeGen6_A_A2.mk
-rw-rw-r--   1 travis travis  1351 Jun 11 04:38 ModularCodeGen6_A_A2_profile.class
-rw-rw-r--   1 travis travis  1364 Jun 11 04:38 ModularCodeGen6_A_A2_profile.java
-rw-rw-r--   1 travis travis  4108 Jun 11 04:38 ModularCodeGen6_A_A.class
-rw-rw-r--   1 travis travis 11221 Jun 11 04:38 ModularCodeGen6_A_A.java
-rw-rw-r--   1 travis travis   864 Jun 11 04:38 ModularCodeGen6_A_A.mk
-rw-rw-r--   1 travis travis  1348 Jun 11 04:38 ModularCodeGen6_A_A_profile.class
-rw-rw-r--   1 travis travis  1361 Jun 11 04:38 ModularCodeGen6_A_A_profile.java
-rw-rw-r--   1 travis travis  7237 Jun 11 04:38 ModularCodeGen6_A.class
-rw-rw-r--   1 travis travis 26535 Jun 11 04:38 ModularCodeGen6_A.java
-rw-rw-r--   1 travis travis   848 Jun 11 04:38 ModularCodeGen6_A.mk
-rw-rw-r--   1 travis travis  1483 Jun 11 04:38 ModularCodeGen6_A_profile.class
-rw-rw-r--   1 travis travis  1810 Jun 11 04:38 ModularCodeGen6_A_profile.java
-rw-rw-r--   1 travis travis  9439 Jun 11 04:38 ModularCodeGenLazyPubSubGlobal_CompositeActor_ModularCodeGenTypedComposite.class
-rw-rw-r--   1 travis travis 30161 Jun 11 04:38 ModularCodeGenLazyPubSubGlobal_CompositeActor_ModularCodeGenTypedComposite.java
-rw-rw-r--   1 travis travis  1304 Jun 11 04:38 ModularCodeGenLazyPubSubGlobal_CompositeActor_ModularCodeGenTypedComposite.mk
-rw-rw-r--   1 travis travis  1438 Jun 11 04:38 ModularCodeGenLazyPubSubGlobal_CompositeActor_ModularCodeGenTypedComposite_profile.class
-rw-rw-r--   1 travis travis  1384 Jun 11 04:38 ModularCodeGenLazyPubSubGlobal_CompositeActor_ModularCodeGenTypedComposite_profile.java
-rw-rw-r--   1 travis travis  3952 Jun 11 04:38 ModularCodeGenLazyPubSub_LazyCompositeActor.class
-rw-rw-r--   1 travis travis 11122 Jun 11 04:38 ModularCodeGenLazyPubSub_LazyCompositeActor.java
-rw-rw-r--   1 travis travis  1056 Jun 11 04:38 ModularCodeGenLazyPubSub_LazyCompositeActor.mk
-rw-rw-r--   1 travis travis  1286 Jun 11 04:38 ModularCodeGenLazyPubSub_LazyCompositeActor_profile.class
-rw-rw-r--   1 travis travis  1091 Jun 11 04:38 ModularCodeGenLazyPubSub_LazyCompositeActor_profile.java
-rw-rw-r--   1 travis travis  3954 Jun 11 04:37 ModularCodeGen_ModularCodeGenTypedCompositeActor.class
-rw-rw-r--   1 travis travis 10970 Jun 11 04:37 ModularCodeGen_ModularCodeGenTypedCompositeActor.java
-rw-rw-r--   1 travis travis  1096 Jun 11 04:37 ModularCodeGen_ModularCodeGenTypedCompositeActor.mk
-rw-rw-r--   1 travis travis  1384 Jun 11 04:37 ModularCodeGen_ModularCodeGenTypedCompositeActor_profile.class
-rw-rw-r--   1 travis travis  1328 Jun 11 04:37 ModularCodeGen_ModularCodeGenTypedCompositeActor_profile.java
-rw-rw-r--   1 travis travis  3441 Jun 11 04:38 ModularCodeGenPubSub2_A1_A.class
-rw-rw-r--   1 travis travis  8578 Jun 11 04:38 ModularCodeGenPubSub2_A1_A.java
-rw-rw-r--   1 travis travis   920 Jun 11 04:38 ModularCodeGenPubSub2_A1_A.mk
-rw-rw-r--   1 travis travis  1274 Jun 11 04:38 ModularCodeGenPubSub2_A1_A_profile.class
-rw-rw-r--   1 travis travis  1128 Jun 11 04:38 ModularCodeGenPubSub2_A1_A_profile.java
-rw-rw-r--   1 travis travis  3733 Jun 11 04:38 ModularCodeGenPubSub2_A1.class
-rw-rw-r--   1 travis travis  9781 Jun 11 04:38 ModularCodeGenPubSub2_A1.java
-rw-rw-r--   1 travis travis   904 Jun 11 04:38 ModularCodeGenPubSub2_A1.mk
-rw-rw-r--   1 travis travis  1268 Jun 11 04:38 ModularCodeGenPubSub2_A1_profile.class
-rw-rw-r--   1 travis travis  1196 Jun 11 04:38 ModularCodeGenPubSub2_A1_profile.java
-rw-rw-r--   1 travis travis  1132 Jun 11 04:38 ModularCodeGenPubSub3_A1_A2_profile.java
-rw-rw-r--   1 travis travis  3475 Jun 11 04:38 ModularCodeGenPubSub_A1.class
-rw-rw-r--   1 travis travis  9060 Jun 11 04:38 ModularCodeGenPubSub_A1.java
-rw-rw-r--   1 travis travis   896 Jun 11 04:38 ModularCodeGenPubSub_A1.mk
-rw-rw-r--   1 travis travis  1278 Jun 11 04:38 ModularCodeGenPubSub_A1_profile.class
-rw-rw-r--   1 travis travis  1195 Jun 11 04:38 ModularCodeGenPubSub_A1_profile.java
-rw-rw-r--   1 travis travis  3492 Jun 11 04:37 ModularCodeGenTest_A1_A2.class
-rw-rw-r--   1 travis travis   904 Jun 11 04:37 ModularCodeGenTest_A1_A2.mk
-rw-rw-r--   1 travis travis  1306 Jun 11 04:37 ModularCodeGenTest_A1_A2_profile.class
-rw-rw-r--   1 travis travis  3823 Jun 11 04:37 ModularCodeGenTest_A1.class
-rw-rw-r--   1 travis travis  9968 Jun 11 04:37 ModularCodeGenTest_A1.java
-rw-rw-r--   1 travis travis   880 Jun 11 04:37 ModularCodeGenTest_A1.mk
-rw-rw-r--   1 travis travis  1352 Jun 11 04:37 ModularCodeGenTest_A1_profile.class
-rw-rw-r--   1 travis travis  1394 Jun 11 04:37 ModularCodeGenTest_A1_profile.java
drwxrwxr-x   3 travis travis 36864 Jun 11 04:37 modulation2
drwxrwxr-x   3 travis travis 20480 Jun 11 04:34 Multiplexor
drwxrwxr-x 242 travis travis 12288 Jun 11 04:37 node_modules
drwxrwxr-x   3 travis travis 20480 Jun 11 04:34 PhaseUnwrap
-rw-rw-r--   1 travis travis   520 Jun 11 04:37 Repeat$_fireFunction_Repeat_Repeat$__f_sL_0.class
-rw-rw-r--   1 travis travis   522 Jun 11 04:37 Repeat$_fireFunction_Repeat_Repeat$__f_sL_10.class
-rw-rw-r--   1 travis travis   666 Jun 11 04:37 Repeat$_fireFunction_Repeat_Repeat$__f_sL_11.class
-rw-rw-r--   1 travis travis   522 Jun 11 04:37 Repeat$_fireFunction_Repeat_Repeat$__f_sL_13.class
-rw-rw-r--   1 travis travis   665 Jun 11 04:37 Repeat$_fireFunction_Repeat_Repeat$__f_sL_1.class
-rw-rw-r--   1 travis travis   520 Jun 11 04:37 Repeat$_fireFunction_Repeat_Repeat$__f_sL_2.class
-rw-rw-r--   1 travis travis   520 Jun 11 04:37 Repeat$_fireFunction_Repeat_Repeat$__f_sL_3.class
-rw-rw-r--   1 travis travis   520 Jun 11 04:37 Repeat$_fireFunction_Repeat_Repeat$__f_sL_5.class
-rw-rw-r--   1 travis travis   671 Jun 11 04:37 Repeat$_fireFunction_Repeat_Repeat$__f_sL_7.class
-rw-rw-r--   1 travis travis   520 Jun 11 04:37 Repeat$_fireFunction_Repeat_Repeat$__f_sL_9.class
-rw-rw-r--   1 travis travis   813 Jun 11 04:37 Repeat$_initialize_Repeat.class
-rw-rw-r--   1 travis travis   475 Jun 11 04:37 Repeat$_initialize_Repeat$__i_sL_0.class
-rw-rw-r--   1 travis travis   519 Jun 11 04:37 Repeat$_initialize_Repeat$__i_sL_3.class
-rw-rw-r--   1 travis travis 39778 Jun 11 04:37 Repeat.java
-rw-rw-r--   1 travis travis  1281 Jun 11 04:37 Repeat.mk
-rw-rw-r--   1 travis travis   520 Jun 11 04:37 Repeat$_preinitializeMethod_Repeat$__p_sL_0.class
-rw-rw-r--   1 travis travis   520 Jun 11 04:37 Repeat$_preinitializeMethod_Repeat$__p_sL_1.class
-rw-rw-r--   1 travis travis  1083 Jun 11 04:37 Repeat$_Repeat$_fireFunction_Repeat_AddSubtract_Repeat.class
-rw-rw-r--   1 travis travis   791 Jun 11 04:37 Repeat$_Repeat$_fireFunction_Repeat_AddSubtract_Repeat$__f_sL_0.class
-rw-rw-r--   1 travis travis   909 Jun 11 04:37 Repeat$_Repeat$_fireFunction_Repeat_AddSubtract_Repeat$__f_sL_1.class
-rw-rw-r--   1 travis travis   915 Jun 11 04:37 Repeat$_Repeat$_fireFunction_Repeat_AddSubtract_Repeat$__f_sL_2.class
-rw-rw-r--   1 travis travis   838 Jun 11 04:37 Repeat$_Repeat$_fireFunction_Repeat_Ramp2_Repeat$__f_sL_1.class
-rw-rw-r--   1 travis travis  1785 Jun 11 04:37 Repeat$_Repeat$_fireFunction_Repeat_Test_Repeat$__f_sL_2.class
-rw-rw-r--   1 travis travis   685 Jun 11 04:37 Repeat$_Repeat_SDF_Director_run_Repeat$__R_sL_0.class
-rw-rw-r--   1 travis travis   540 Jun 11 04:37 Repeat$_Repeat_SDF_Director_run_Repeat$__R_sL_1.class
-rw-rw-r--   1 travis travis   540 Jun 11 04:37 Repeat$_Repeat_SDF_Director_run_Repeat$__R_sL_2.class
-rw-rw-r--   1 travis travis   540 Jun 11 04:37 Repeat$_Repeat_SDF_Director_run_Repeat$__R_sL_4.class
-rw-rw-r--   1 travis travis   540 Jun 11 04:37 Repeat$_Repeat_SDF_Director_run_Repeat$__R_sL_5.class
-rw-rw-r--   1 travis travis   691 Jun 11 04:37 Repeat$_Repeat_SDF_Director_run_Repeat$__R_sL_6.class
-rw-rw-r--   1 travis travis   540 Jun 11 04:37 Repeat$_Repeat_SDF_Director_run_Repeat$__R_sL_7.class
-rw-rw-r--   1 travis travis   863 Jun 11 04:37 Repeat$_varinit_Repeat.class
-rw-rw-r--   1 travis travis   530 Jun 11 04:37 Repeat$_varinit_Repeat$__v_sL_1.class
-rw-rw-r--   1 travis travis   531 Jun 11 04:37 Repeat$_varinit_Repeat$__v_sL_2.class
-rw-rw-r--   1 travis travis   905 Jun 11 04:37 Repeat$_varinit_Repeat$__v_sL_4.class
-rw-rw-r--   1 travis travis   635 Jun 11 04:37 Repeat$_wrapup_Repeat.class
-rw-rw-r--   1 travis travis   965 Jun 11 04:37 Repeat$_wrapup_Repeat$__w_sL_1.class
-rw-rw-r--   1 travis travis   289 Jun 11 04:32 result.csv
drwxrwxr-x   3 travis travis 12288 Jun 11 04:35 Scrambler1
drwxrwxr-x   3 travis travis 20480 Jun 11 04:34 Sinewave2
drwxrwxr-x   3 travis travis 69632 Jun 11 04:35 StringCompare
drwxrwxr-x   3 travis travis 32768 Jun 11 04:35 StringFunction
drwxrwxr-x   3 travis travis 12288 Jun 11 04:35 StringLength
drwxrwxr-x   3 travis travis 57344 Jun 11 04:36 StringSimpleReplace
drwxrwxr-x   3 travis travis 12288 Jun 11 04:37 time2
drwxrwxr-x   3 travis travis 12288 Jun 11 04:37 time5
-rw-rw-r--   1 travis travis   432 Jun 11 04:38 Token.class
-rw-rw-r--   1 travis travis   251 Jun 11 04:38 Token.java
-rw-rw-r--   1 travis travis     0 Jun 11 04:37 top.
-rw-rw-r--   1 travis travis 20502 Jun 11 04:32 top.c
-rw-rw-r--   1 travis travis  3567 Jun 11 04:37 top.class
-rw-rw-r--   1 travis travis   169 Jun 11 04:32 top.html
-rw-rw-r--   1 travis travis  7552 Jun 11 04:37 top.java
-rw-rw-r--   1 travis travis 38888 Jun 11 04:32 top.o
drwxrwxr-x   3 travis travis 57344 Jun 11 04:34 UnaryMathFunction
All Done
Writing ModularCodeGenPubSub3_A1_A2.java in file:/home/travis/cg/ (8599 characters)
Reading "ptolemy/cg/kernel/generic/program/procedural/java/modular/makefile.in",
    writing "/home/travis/cg/ModularCodeGenPubSub3_A1_A2.mk"
Using ptolemy/cg/kernel/generic/program/procedural/java/modular/makefile.in
In "/home/travis/cg", about to execute:
    make -f ModularCodeGenPubSub3_A1_A2.mk
javac -classpath ".:.."    ModularCodeGenPubSub3_A1_A2.java
All Done
In "/home/travis/cg", about to execute:
    pwd
/home/travis/cg
In "/home/travis/cg", about to execute:
    ls -l
total 2136
drwxrwxr-x   3 travis travis 12288 Jun 11 04:33 AbsoluteValue
-rw-rw-r--   1 travis travis   233 Jun 11 04:38 Array.class
-rw-rw-r--   1 travis travis   459 Jun 11 04:38 Array.java
drwxrwxr-x   3 travis travis 16384 Jun 11 04:33 Case1
drwxrwxr-x   3 travis travis 32768 Jun 11 04:33 Case2
-rw-rw-r--   1 travis travis  4895 Jun 11 04:37 CompiledCompositeActor_CompiledCompositeActor.class
-rw-rw-r--   1 travis travis  1592 Jun 11 04:37 CompiledCompositeActor_CompiledCompositeActor$_CompiledCompositeActor_CompiledCompositeActor.class
-rw-rw-r--   1 travis travis 13466 Jun 11 04:37 CompiledCompositeActor_CompiledCompositeActor.java
-rw-rw-r--   1 travis travis  1593 Jun 11 04:37 CompiledCompositeActor_CompiledCompositeActor.mk
drwxrwxr-x   3 travis travis 24576 Jun 11 04:35 DeScrambler
drwxrwxr-x   3 travis travis 16384 Jun 11 04:36 DotProduct
drwxrwxr-x   3 travis travis 12288 Jun 11 04:33 FileWriter1
drwxrwxr-x   3 travis travis 20480 Jun 11 04:32 FixToDoubleAndBack
drwxrwxr-x   3 travis travis 16384 Jun 11 04:33 Gaussian1
drwxrwxr-x   3 travis travis 20480 Jun 11 04:33 Gaussian2
-rw-rw-r--   1 travis travis  4457 Jun 11 04:37 JavaCompiledCompositeTest1_CompiledCompositeActor.class
-rw-rw-r--   1 travis travis 11637 Jun 11 04:37 JavaCompiledCompositeTest1_CompiledCompositeActor.java
-rw-rw-r--   1 travis travis  1198 Jun 11 04:37 JavaCompiledCompositeTest1_CompiledCompositeActor$_JavaCompiledCompositeTest1_CompiledCompositeActor.class
-rw-rw-r--   1 travis travis  1625 Jun 11 04:37 JavaCompiledCompositeTest1_CompiledCompositeActor.mk
-rw-rw-r--   1 travis travis  4888 Jun 11 04:37 JavaCompiledCompositeTest2_CompiledCompositeActor.class
-rw-rw-r--   1 travis travis 14919 Jun 11 04:37 JavaCompiledCompositeTest2_CompiledCompositeActor.java
-rw-rw-r--   1 travis travis  1793 Jun 11 04:37 JavaCompiledCompositeTest2_CompiledCompositeActor$_JavaCompiledCompositeTest2_CompiledCompositeActor.class
-rw-rw-r--   1 travis travis  1625 Jun 11 04:37 JavaCompiledCompositeTest2_CompiledCompositeActor.mk
-rw-rw-r--   1 travis travis  4505 Jun 11 04:37 JavaCompiledCompositeTest3_CompiledCompositeActor.class
-rw-rw-r--   1 travis travis 13080 Jun 11 04:37 JavaCompiledCompositeTest3_CompiledCompositeActor.java
-rw-rw-r--   1 travis travis  1378 Jun 11 04:37 JavaCompiledCompositeTest3_CompiledCompositeActor$_JavaCompiledCompositeTest3_CompiledCompositeActor.class
-rw-rw-r--   1 travis travis  1625 Jun 11 04:37 JavaCompiledCompositeTest3_CompiledCompositeActor.mk
-rw-rw-r--   1 travis travis  3953 Jun 11 04:37 JavaCompiledCompositeTest4_CompiledCompositeActor.class
-rw-rw-r--   1 travis travis  9687 Jun 11 04:37 JavaCompiledCompositeTest4_CompiledCompositeActor.java
-rw-rw-r--   1 travis travis   857 Jun 11 04:37 JavaCompiledCompositeTest4_CompiledCompositeActor$_JavaCompiledCompositeTest4_CompiledCompositeActor.class
-rw-rw-r--   1 travis travis  1625 Jun 11 04:37 JavaCompiledCompositeTest4_CompiledCompositeActor.mk
drwxrwxr-x   3 travis travis 12288 Jun 11 04:33 LookupTable
drwxrwxr-x   3 travis travis 20480 Jun 11 04:34 MaxIndex
-rw-rw-r--   1 travis travis  3693 Jun 11 04:37 ModularCG_A1_B1.class
-rw-rw-r--   1 travis travis  9730 Jun 11 04:37 ModularCG_A1_B1.java
-rw-rw-r--   1 travis travis   832 Jun 11 04:37 ModularCG_A1_B1.mk
-rw-rw-r--   1 travis travis  1318 Jun 11 04:37 ModularCG_A1_B1_profile.class
-rw-rw-r--   1 travis travis  1262 Jun 11 04:37 ModularCG_A1_B1_profile.java
-rw-rw-r--   1 travis travis  3693 Jun 11 04:37 ModularCG_A1_B2.class
-rw-rw-r--   1 travis travis  9730 Jun 11 04:37 ModularCG_A1_B2.java
-rw-rw-r--   1 travis travis   832 Jun 11 04:37 ModularCG_A1_B2.mk
-rw-rw-r--   1 travis travis  1318 Jun 11 04:37 ModularCG_A1_B2_profile.class
-rw-rw-r--   1 travis travis  1262 Jun 11 04:37 ModularCG_A1_B2_profile.java
-rw-rw-r--   1 travis travis  4799 Jun 11 04:37 ModularCG_A1.class
-rw-rw-r--   1 travis travis 14742 Jun 11 04:37 ModularCG_A1.java
-rw-rw-r--   1 travis travis   808 Jun 11 04:37 ModularCG_A1.mk
-rw-rw-r--   1 travis travis  1433 Jun 11 04:37 ModularCG_A1_profile.class
-rw-rw-r--   1 travis travis  1704 Jun 11 04:37 ModularCG_A1_profile.java
-rw-rw-r--   1 travis travis  3827 Jun 11 04:37 ModularCG_A2_B1.class
-rw-rw-r--   1 travis travis 10667 Jun 11 04:37 ModularCG_A2_B1.java
-rw-rw-r--   1 travis travis   832 Jun 11 04:37 ModularCG_A2_B1.mk
-rw-rw-r--   1 travis travis  1381 Jun 11 04:37 ModularCG_A2_B1_profile.class
-rw-rw-r--   1 travis travis  1446 Jun 11 04:37 ModularCG_A2_B1_profile.java
-rw-rw-r--   1 travis travis  3693 Jun 11 04:37 ModularCG_A2_B2.class
-rw-rw-r--   1 travis travis  9730 Jun 11 04:37 ModularCG_A2_B2.java
-rw-rw-r--   1 travis travis   832 Jun 11 04:37 ModularCG_A2_B2.mk
-rw-rw-r--   1 travis travis  1318 Jun 11 04:37 ModularCG_A2_B2_profile.class
-rw-rw-r--   1 travis travis  1262 Jun 11 04:37 ModularCG_A2_B2_profile.java
-rw-rw-r--   1 travis travis  4870 Jun 11 04:37 ModularCG_A2.class
-rw-rw-r--   1 travis travis 15129 Jun 11 04:37 ModularCG_A2.java
-rw-rw-r--   1 travis travis   808 Jun 11 04:37 ModularCG_A2.mk
-rw-rw-r--   1 travis travis  1433 Jun 11 04:37 ModularCG_A2_profile.class
-rw-rw-r--   1 travis travis  1704 Jun 11 04:37 ModularCG_A2_profile.java
-rw-rw-r--   1 travis travis  3473 Jun 11 04:37 ModularCGPubSub_A1_A2.class
-rw-rw-r--   1 travis travis  9076 Jun 11 04:37 ModularCGPubSub_A1_A2.java
-rw-rw-r--   1 travis travis   880 Jun 11 04:37 ModularCGPubSub_A1_A2.mk
-rw-rw-r--   1 travis travis  1300 Jun 11 04:37 ModularCGPubSub_A1_A2_profile.class
-rw-rw-r--   1 travis travis  1222 Jun 11 04:37 ModularCGPubSub_A1_A2_profile.java
-rw-rw-r--   1 travis travis  3790 Jun 11 04:37 ModularCGPubSub_A1.class
-rw-rw-r--   1 travis travis  9836 Jun 11 04:37 ModularCGPubSub_A1.java
-rw-rw-r--   1 travis travis   856 Jun 11 04:37 ModularCGPubSub_A1.mk
-rw-rw-r--   1 travis travis  1346 Jun 11 04:37 ModularCGPubSub_A1_profile.class
-rw-rw-r--   1 travis travis  1388 Jun 11 04:37 ModularCGPubSub_A1_profile.java
-rw-rw-r--   1 travis travis  3988 Jun 11 04:38 ModularCodeGen2_ModularCodeGenTypedCompositeActor.class
-rw-rw-r--   1 travis travis 11690 Jun 11 04:38 ModularCodeGen2_ModularCodeGenTypedCompositeActor.java
-rw-rw-r--   1 travis travis  1104 Jun 11 04:38 ModularCodeGen2_ModularCodeGenTypedCompositeActor.mk
-rw-rw-r--   1 travis travis  4272 Jun 11 04:38 ModularCodeGen2_ModularCodeGenTypedCompositeActor_ModularCodeGenTypedCompositeActor.class
-rw-rw-r--   1 travis travis 11790 Jun 11 04:37 ModularCodeGen2_ModularCodeGenTypedCompositeActor_ModularCodeGenTypedCompositeActor.java
-rw-rw-r--   1 travis travis  1376 Jun 11 04:37 ModularCodeGen2_ModularCodeGenTypedCompositeActor_ModularCodeGenTypedCompositeActor.mk
-rw-rw-r--   1 travis travis  1421 Jun 11 04:37 ModularCodeGen2_ModularCodeGenTypedCompositeActor_ModularCodeGenTypedCompositeActor_profile.class
-rw-rw-r--   1 travis travis  1294 Jun 11 04:37 ModularCodeGen2_ModularCodeGenTypedCompositeActor_ModularCodeGenTypedCompositeActor_profile.java
-rw-rw-r--   1 travis travis   820 Jun 11 04:38 ModularCodeGen2_ModularCodeGenTypedCompositeActor_profile.class
-rw-rw-r--   1 travis travis   693 Jun 11 04:38 ModularCodeGen2_ModularCodeGenTypedCompositeActor_profile.java
-rw-rw-r--   1 travis travis  3741 Jun 11 04:38 ModularCodeGen3_A1_B1.class
-rw-rw-r--   1 travis travis  9958 Jun 11 04:38 ModularCodeGen3_A1_B1.java
-rw-rw-r--   1 travis travis   880 Jun 11 04:38 ModularCodeGen3_A1_B1.mk
-rw-rw-r--   1 travis travis  1330 Jun 11 04:38 ModularCodeGen3_A1_B1_profile.class
-rw-rw-r--   1 travis travis  1274 Jun 11 04:38 ModularCodeGen3_A1_B1_profile.java
-rw-rw-r--   1 travis travis  3741 Jun 11 04:38 ModularCodeGen3_A1_B2.class
-rw-rw-r--   1 travis travis  9958 Jun 11 04:38 ModularCodeGen3_A1_B2.java
-rw-rw-r--   1 travis travis   880 Jun 11 04:38 ModularCodeGen3_A1_B2.mk
-rw-rw-r--   1 travis travis  1330 Jun 11 04:38 ModularCodeGen3_A1_B2_profile.class
-rw-rw-r--   1 travis travis  1274 Jun 11 04:38 ModularCodeGen3_A1_B2_profile.java
-rw-rw-r--   1 travis travis  4961 Jun 11 04:38 ModularCodeGen3_A1.class
-rw-rw-r--   1 travis travis 15564 Jun 11 04:38 ModularCodeGen3_A1.java
-rw-rw-r--   1 travis travis   856 Jun 11 04:38 ModularCodeGen3_A1.mk
-rw-rw-r--   1 travis travis  1445 Jun 11 04:38 ModularCodeGen3_A1_profile.class
-rw-rw-r--   1 travis travis  1716 Jun 11 04:38 ModularCodeGen3_A1_profile.java
-rw-rw-r--   1 travis travis  3887 Jun 11 04:38 ModularCodeGen3_A2_B1.class
-rw-rw-r--   1 travis travis 10955 Jun 11 04:38 ModularCodeGen3_A2_B1.java
-rw-rw-r--   1 travis travis   880 Jun 11 04:38 ModularCodeGen3_A2_B1.mk
-rw-rw-r--   1 travis travis  1393 Jun 11 04:38 ModularCodeGen3_A2_B1_profile.class
-rw-rw-r--   1 travis travis  1458 Jun 11 04:38 ModularCodeGen3_A2_B1_profile.java
-rw-rw-r--   1 travis travis  3741 Jun 11 04:38 ModularCodeGen3_A2_B2.class
-rw-rw-r--   1 travis travis  9958 Jun 11 04:38 ModularCodeGen3_A2_B2.java
-rw-rw-r--   1 travis travis   880 Jun 11 04:38 ModularCodeGen3_A2_B2.mk
-rw-rw-r--   1 travis travis  1330 Jun 11 04:38 ModularCodeGen3_A2_B2_profile.class
-rw-rw-r--   1 travis travis  1274 Jun 11 04:38 ModularCodeGen3_A2_B2_profile.java
-rw-rw-r--   1 travis travis  5038 Jun 11 04:38 ModularCodeGen3_A2.class
-rw-rw-r--   1 travis travis 15957 Jun 11 04:38 ModularCodeGen3_A2.java
-rw-rw-r--   1 travis travis   856 Jun 11 04:38 ModularCodeGen3_A2.mk
-rw-rw-r--   1 travis travis  1445 Jun 11 04:38 ModularCodeGen3_A2_profile.class
-rw-rw-r--   1 travis travis  1716 Jun 11 04:38 ModularCodeGen3_A2_profile.java
-rw-rw-r--   1 travis travis  3794 Jun 11 04:38 ModularCodeGen4_A1_B1.class
In "/home/travis/cg", about to execute:
-rw-rw-r--   1 travis travis 10312 Jun 11 04:38 ModularCodeGen4_A1_B1.java
-rw-rw-r--   1 travis travis   880 Jun 11 04:38 ModularCodeGen4_A1_B1.mk
-rw-rw-r--   1 travis travis  1330 Jun 11 04:38 ModularCodeGen4_A1_B1_profile.class
-rw-rw-r--   1 travis travis  1273 Jun 11 04:38 ModularCodeGen4_A1_B1_profile.java
-rw-rw-r--   1 travis travis  3794 Jun 11 04:38 ModularCodeGen4_A1_B2.class
-rw-rw-r--   1 travis travis 10312 Jun 11 04:38 ModularCodeGen4_A1_B2.java
-rw-rw-r--   1 travis travis   880 Jun 11 04:38 ModularCodeGen4_A1_B2.mk
-rw-rw-r--   1 travis travis  1330 Jun 11 04:38 ModularCodeGen4_A1_B2_profile.class
-rw-rw-r--   1 travis travis  1273 Jun 11 04:38 ModularCodeGen4_A1_B2_profile.java
-rw-rw-r--   1 travis travis  5101 Jun 11 04:38 ModularCodeGen4_A1.class
-rw-rw-r--   1 travis travis 16245 Jun 11 04:38 ModularCodeGen4_A1.java
-rw-rw-r--   1 travis travis   856 Jun 11 04:38 ModularCodeGen4_A1.mk
-rw-rw-r--   1 travis travis  1445 Jun 11 04:38 ModularCodeGen4_A1_profile.class
-rw-rw-r--   1 travis travis  1712 Jun 11 04:38 ModularCodeGen4_A1_profile.java
-rw-rw-r--   1 travis travis  3988 Jun 11 04:38 ModularCodeGen4_A2_B1.class
-rw-rw-r--   1 travis travis 11375 Jun 11 04:38 ModularCodeGen4_A2_B1.java
-rw-rw-r--   1 travis travis   880 Jun 11 04:38 ModularCodeGen4_A2_B1.mk
-rw-rw-r--   1 travis travis  1393 Jun 11 04:38 ModularCodeGen4_A2_B1_profile.class
-rw-rw-r--   1 travis travis  1454 Jun 11 04:38 ModularCodeGen4_A2_B1_profile.java
-rw-rw-r--   1 travis travis  3842 Jun 11 04:38 ModularCodeGen4_A2_B2.class
-rw-rw-r--   1 travis travis 10378 Jun 11 04:38 ModularCodeGen4_A2_B2.java
-rw-rw-r--   1 travis travis   880 Jun 11 04:38 ModularCodeGen4_A2_B2.mk
-rw-rw-r--   1 travis travis  1330 Jun 11 04:38 ModularCodeGen4_A2_B2_profile.class
-rw-rw-r--   1 travis travis  1270 Jun 11 04:38 ModularCodeGen4_A2_B2_profile.java
-rw-rw-r--   1 travis travis  5274 Jun 11 04:38 ModularCodeGen4_A2.class
    javac -classpath
.:/home/travis/build/icyphy/ptII:/home/travis/build/icyphy/ptII/lib/bsh-2.0b4.j
ar:/home/travis/build/icyphy/ptII/lib/ptCal.jar:/home/travis/build/icyphy/ptII/
lib/java_cup.jar:/home/travis/build/icyphy/ptII/lib/saxon8.jar:/home/travis/bui
ld/icyphy/ptII/lib/saxon8-dom.jar:/home/travis/build/icyphy/ptII/lib/chic.jar:/
home/travis/build/icyphy/ptII/lib/ptcolt.jar:/usr/lib/jvm/java-8-oracle/lib/too
ls.jar:/home/travis/build/icyphy/ptII/vendors/misc/itext/iText.jar:/home/travis
/build/icyphy/ptII/lib/g4ltl.jar:/home/travis/build/icyphy/ptII/lib/StructuralC
oder.jar:/home/travis/build/icyphy/ptII/vendors/jai-1_1_2_01/lib/jai_core.jar:/
home/travis/build/icyphy/ptII/vendors/jai-1_1_2_01/lib/jai_codec.jar:/home/trav
is/build/icyphy/ptII/lib/jcerti.jar:/home/travis/build/icyphy/ptII/lib/javax.ma
il.jar:/home/travis/build/icyphy/ptII/vendors/JMF-2.1.1e/lib/jmf.jar:/home/trav
is/build/icyphy/ptII/lib/jna-4.0.0-variadic.jar:/home/travis/build/icyphy/ptII/
vendors/misc/joystick/Joystick.jar:/home/travis/build/icyphy/ptII/lib/ptjacl.ja
r:/home/travis/build/icyphy/ptII/lib/jsoup-1.8.2.jar:/home/travis/build/icyphy/
ptII/lib/junit-4.8.2.jar:/home/travis/build/icyphy/ptII/lib/JUnitParams-0.4.0.j
ar:/home/travis/build/icyphy/ptII/ptolemy/actor/lib/excel/jxl.jar:/home/travis/
build/icyphy/ptII/lib/jython.jar:/home/travis/build/icyphy/ptII/lib/kieler.jar:
/home/travis/build/icyphy/ptII/vendors/opencv/share/OpenCV/java/opencv-341.jar:
/home/travis/build/icyphy/ptII/lib/oscP5.jar:/home/travis/build/icyphy/ptII/lib
/nrjavaserial-3.11.0.devel.jar:/home/travis/build/icyphy/ptII/vendors/j3d/lib/j
3dcore.jar:/home/travis/build/icyphy/ptII/vendors/j3d/lib/j3dutils.jar:/home/tr
avis/build/icyphy/ptII/vendors/j3d/lib/vecmath.jar:/home/travis/build/icyphy/pt
II/ptolemy/distributed/jini/jar/jini-core.jar:/home/travis/build/icyphy/ptII/pt
olemy/distributed/jini/jar/jini-ext.jar:/home/travis/build/icyphy/ptII/ptolemy/
distributed/jini/jar/sun-util.jar:/home/travis/build/icyphy/ptII/lib/protobuf-j
ava-2.4.1.jar:/home/travis/build/icyphy/ptII/lib/org.eclipse.paho.client.mqttv3
.jar:/home/travis/build/icyphy/ptII/lib/mapss.jar:/home/travis/build/icyphy/ptI
I/ptolemy/actor/ptalon/antlr/antlr.jar:/home/travis/build/icyphy/ptII/lib/JRI.j
ar:/home/travis/build/icyphy/ptII/lib/commons-lang-2.6.jar:/home/travis/build/i
cyphy/ptII/lib/commons-logging-1.1.1.jar:/home/travis/build/icyphy/ptII/lib/soo
tclasses.jar:/home/travis/build/icyphy/ptII/ptolemy/actor/lib/database/mysql-co
nnector-java-5.1.6-bin.jar:/home/travis/build/icyphy/ptII/vendors/misc/sphinx4/
sphinx4-data-5prealpha.jar:/home/travis/build/icyphy/ptII/vendors/misc/sphinx4/
sphinx4-core-5prealpha.jar:/home/travis/build/icyphy/ptII/lib/PDFRenderer.jar:/
home/travis/build/icyphy/ptII/lib/svgSalamander.jar:/home/travis/build/icyphy/p
tII/lib/rsyntaxtextarea-2.6.0-SNAPSHOT.jar:/home/travis/build/icyphy/ptII/lib/h
azelcast-3.8.2.jar:/home/travis/build/icyphy/ptII/lib/jackson-annotations-2.9.0
.jar:/home/travis/build/icyphy/ptII/lib/jackson-core-2.9.3.jar:/home/travis/bui
ld/icyphy/ptII/lib/jackson-databind-2.9.3.jar:/home/travis/build/icyphy/ptII/li
b/netty-buffer-4.1.19.Final.jar:/home/travis/build/icyphy/ptII/lib/netty-codec-
4.1.19.Final.jar:/home/travis/build/icyphy/ptII/lib/netty-codec-dns-4.1.19.Fina
l.jar:/home/travis/build/icyphy/ptII/lib/netty-codec-http-4.1.19.Final.jar:/hom
e/travis/build/icyphy/ptII/lib/netty-codec-http2-4.1.19.Final.jar:/home/travis/
build/icyphy/ptII/lib/netty-common-4.1.19.Final.jar:/home/travis/build/icyphy/p
tII/lib/netty-handler-4.1.19.Final.jar:/home/travis/build/icyphy/ptII/lib/netty
-resolver-4.1.19.Final.jar:/home/travis/build/icyphy/ptII/lib/netty-resolver-dn
s-4.1.19.Final.jar:/home/travis/build/icyphy/ptII/lib/netty-transport-4.1.19.Fi
nal.jar:/home/travis/build/icyphy/ptII/lib/vertx-codegen-3.5.1.jar:/home/travis
/build/icyphy/ptII/lib/vertx-core-3.5.2-SNAPSHOT.jar:/home/travis/build/icyphy/
ptII/lib/vertx-hazelcast-3.5.1.jar:/home/travis/build/icyphy/ptII/lib/vertx-lan
g-js-3.5.1.jar:/home/travis/build/icyphy/ptII/lib/vertx-service-proxy-3.5.1.jar
:/home/travis/build/icyphy/ptII/lib/vertx-web-3.5.1.jar:/home/travis/build/icyp
hy/ptII/lib/slf4j-api-1.7.13.jar:/home/travis/build/icyphy/ptII/lib/slf4j-simpl
e-1.7.13.jar:/home/travis/build/icyphy/ptII/lib/webcam-capture-0.3.12.jar:/home
/travis/build/icyphy/ptII/lib/bridj-0.7.0.jar:/home/travis/build/icyphy/ptII/li
b/xbjlib-1.1.0.nrjavaserial.jar:/home/travis/build/icyphy/ptII/ptolemy/moml/tes
t:/home/travis/build/icyphy/ptII/ant/lib/ant-launcher.jar:/home/travis/build/ic
yphy/ptII/ant/lib/ant.jar:/home/travis/build/icyphy/ptII/ant/lib/ant-junit.jar:
/home/travis/build/icyphy/ptII/ant/lib/ant-junit4.jar:/home/travis/build/icyphy
/ptII ModularCodeGenPubSub3_A1_profile.java
-rw-rw-r--   1 travis travis 16770 Jun 11 04:38 ModularCodeGen4_A2.java
-rw-rw-r--   1 travis travis   856 Jun 11 04:38 ModularCodeGen4_A2.mk
-rw-rw-r--   1 travis travis  1445 Jun 11 04:38 ModularCodeGen4_A2_profile.class
-rw-rw-r--   1 travis travis  1712 Jun 11 04:38 ModularCodeGen4_A2_profile.java
-rw-rw-r--   1 travis travis  6838 Jun 11 04:38 ModularCodeGen5_A_A.class
-rw-rw-r--   1 travis travis 28721 Jun 11 04:38 ModularCodeGen5_A_A.java
-rw-rw-r--   1 travis travis   864 Jun 11 04:38 ModularCodeGen5_A_A.mk
-rw-rw-r--   1 travis travis  1520 Jun 11 04:38 ModularCodeGen5_A_A_profile.class
-rw-rw-r--   1 travis travis  1815 Jun 11 04:38 ModularCodeGen5_A_A_profile.java
-rw-rw-r--   1 travis travis  5115 Jun 11 04:38 ModularCodeGen5_A.class
-rw-rw-r--   1 travis travis 13769 Jun 11 04:38 ModularCodeGen5_A.java
-rw-rw-r--   1 travis travis   848 Jun 11 04:38 ModularCodeGen5_A.mk
-rw-rw-r--   1 travis travis  1422 Jun 11 04:38 ModularCodeGen5_A_profile.class
-rw-rw-r--   1 travis travis  1605 Jun 11 04:38 ModularCodeGen5_A_profile.java
-rw-rw-r--   1 travis travis  4125 Jun 11 04:38 ModularCodeGen6_A_A2.class
-rw-rw-r--   1 travis travis 11329 Jun 11 04:38 ModularCodeGen6_A_A2.java
-rw-rw-r--   1 travis travis   872 Jun 11 04:38 ModularCodeGen6_A_A2.mk
-rw-rw-r--   1 travis travis  1351 Jun 11 04:38 ModularCodeGen6_A_A2_profile.class
-rw-rw-r--   1 travis travis  1364 Jun 11 04:38 ModularCodeGen6_A_A2_profile.java
-rw-rw-r--   1 travis travis  4108 Jun 11 04:38 ModularCodeGen6_A_A.class
-rw-rw-r--   1 travis travis 11221 Jun 11 04:38 ModularCodeGen6_A_A.java
-rw-rw-r--   1 travis travis   864 Jun 11 04:38 ModularCodeGen6_A_A.mk
-rw-rw-r--   1 travis travis  1348 Jun 11 04:38 ModularCodeGen6_A_A_profile.class
-rw-rw-r--   1 travis travis  1361 Jun 11 04:38 ModularCodeGen6_A_A_profile.java
-rw-rw-r--   1 travis travis  7237 Jun 11 04:38 ModularCodeGen6_A.class
-rw-rw-r--   1 travis travis 26535 Jun 11 04:38 ModularCodeGen6_A.java
-rw-rw-r--   1 travis travis   848 Jun 11 04:38 ModularCodeGen6_A.mk
-rw-rw-r--   1 travis travis  1483 Jun 11 04:38 ModularCodeGen6_A_profile.class
-rw-rw-r--   1 travis travis  1810 Jun 11 04:38 ModularCodeGen6_A_profile.java
-rw-rw-r--   1 travis travis  9439 Jun 11 04:38 ModularCodeGenLazyPubSubGlobal_CompositeActor_ModularCodeGenTypedComposite.class
-rw-rw-r--   1 travis travis 30161 Jun 11 04:38 ModularCodeGenLazyPubSubGlobal_CompositeActor_ModularCodeGenTypedComposite.java
-rw-rw-r--   1 travis travis  1304 Jun 11 04:38 ModularCodeGenLazyPubSubGlobal_CompositeActor_ModularCodeGenTypedComposite.mk
-rw-rw-r--   1 travis travis  1438 Jun 11 04:38 ModularCodeGenLazyPubSubGlobal_CompositeActor_ModularCodeGenTypedComposite_profile.class
-rw-rw-r--   1 travis travis  1384 Jun 11 04:38 ModularCodeGenLazyPubSubGlobal_CompositeActor_ModularCodeGenTypedComposite_profile.java
-rw-rw-r--   1 travis travis  3952 Jun 11 04:38 ModularCodeGenLazyPubSub_LazyCompositeActor.class
-rw-rw-r--   1 travis travis 11122 Jun 11 04:38 ModularCodeGenLazyPubSub_LazyCompositeActor.java
-rw-rw-r--   1 travis travis  1056 Jun 11 04:38 ModularCodeGenLazyPubSub_LazyCompositeActor.mk
-rw-rw-r--   1 travis travis  1286 Jun 11 04:38 ModularCodeGenLazyPubSub_LazyCompositeActor_profile.class
-rw-rw-r--   1 travis travis  1091 Jun 11 04:38 ModularCodeGenLazyPubSub_LazyCompositeActor_profile.java
-rw-rw-r--   1 travis travis  3954 Jun 11 04:37 ModularCodeGen_ModularCodeGenTypedCompositeActor.class
-rw-rw-r--   1 travis travis 10970 Jun 11 04:37 ModularCodeGen_ModularCodeGenTypedCompositeActor.java
-rw-rw-r--   1 travis travis  1096 Jun 11 04:37 ModularCodeGen_ModularCodeGenTypedCompositeActor.mk
-rw-rw-r--   1 travis travis  1384 Jun 11 04:37 ModularCodeGen_ModularCodeGenTypedCompositeActor_profile.class
-rw-rw-r--   1 travis travis  1328 Jun 11 04:37 ModularCodeGen_ModularCodeGenTypedCompositeActor_profile.java
-rw-rw-r--   1 travis travis  3441 Jun 11 04:38 ModularCodeGenPubSub2_A1_A.class
-rw-rw-r--   1 travis travis  8578 Jun 11 04:38 ModularCodeGenPubSub2_A1_A.java
-rw-rw-r--   1 travis travis   920 Jun 11 04:38 ModularCodeGenPubSub2_A1_A.mk
-rw-rw-r--   1 travis travis  1274 Jun 11 04:38 ModularCodeGenPubSub2_A1_A_profile.class
-rw-rw-r--   1 travis travis  1128 Jun 11 04:38 ModularCodeGenPubSub2_A1_A_profile.java
-rw-rw-r--   1 travis travis  3733 Jun 11 04:38 ModularCodeGenPubSub2_A1.class
-rw-rw-r--   1 travis travis  9781 Jun 11 04:38 ModularCodeGenPubSub2_A1.java
-rw-rw-r--   1 travis travis   904 Jun 11 04:38 ModularCodeGenPubSub2_A1.mk
-rw-rw-r--   1 travis travis  1268 Jun 11 04:38 ModularCodeGenPubSub2_A1_profile.class
-rw-rw-r--   1 travis travis  1196 Jun 11 04:38 ModularCodeGenPubSub2_A1_profile.java
-rw-rw-r--   1 travis travis  3437 Jun 11 04:38 ModularCodeGenPubSub3_A1_A2.class
-rw-rw-r--   1 travis travis  8599 Jun 11 04:38 ModularCodeGenPubSub3_A1_A2.java
-rw-rw-r--   1 travis travis   928 Jun 11 04:38 ModularCodeGenPubSub3_A1_A2.mk
-rw-rw-r--   1 travis travis  1287 Jun 11 04:38 ModularCodeGenPubSub3_A1_A2_profile.class
-rw-rw-r--   1 travis travis  1132 Jun 11 04:38 ModularCodeGenPubSub3_A1_A2_profile.java
-rw-rw-r--   1 travis travis  1400 Jun 11 04:38 ModularCodeGenPubSub3_A1_profile.java
-rw-rw-r--   1 travis travis  3475 Jun 11 04:38 ModularCodeGenPubSub_A1.class
-rw-rw-r--   1 travis travis  9060 Jun 11 04:38 ModularCodeGenPubSub_A1.java
-rw-rw-r--   1 travis travis   896 Jun 11 04:38 ModularCodeGenPubSub_A1.mk
-rw-rw-r--   1 travis travis  1278 Jun 11 04:38 ModularCodeGenPubSub_A1_profile.class
-rw-rw-r--   1 travis travis  1195 Jun 11 04:38 ModularCodeGenPubSub_A1_profile.java
-rw-rw-r--   1 travis travis  3492 Jun 11 04:37 ModularCodeGenTest_A1_A2.class
-rw-rw-r--   1 travis travis   904 Jun 11 04:37 ModularCodeGenTest_A1_A2.mk
-rw-rw-r--   1 travis travis  1306 Jun 11 04:37 ModularCodeGenTest_A1_A2_profile.class
-rw-rw-r--   1 travis travis  3823 Jun 11 04:37 ModularCodeGenTest_A1.class
-rw-rw-r--   1 travis travis  9968 Jun 11 04:37 ModularCodeGenTest_A1.java
-rw-rw-r--   1 travis travis   880 Jun 11 04:37 ModularCodeGenTest_A1.mk
-rw-rw-r--   1 travis travis  1352 Jun 11 04:37 ModularCodeGenTest_A1_profile.class
-rw-rw-r--   1 travis travis  1394 Jun 11 04:37 ModularCodeGenTest_A1_profile.java
drwxrwxr-x   3 travis travis 36864 Jun 11 04:37 modulation2
drwxrwxr-x   3 travis travis 20480 Jun 11 04:34 Multiplexor
drwxrwxr-x 242 travis travis 12288 Jun 11 04:37 node_modules
drwxrwxr-x   3 travis travis 20480 Jun 11 04:34 PhaseUnwrap
-rw-rw-r--   1 travis travis   520 Jun 11 04:37 Repeat$_fireFunction_Repeat_Repeat$__f_sL_0.class
-rw-rw-r--   1 travis travis   522 Jun 11 04:37 Repeat$_fireFunction_Repeat_Repeat$__f_sL_10.class
-rw-rw-r--   1 travis travis   666 Jun 11 04:37 Repeat$_fireFunction_Repeat_Repeat$__f_sL_11.class
-rw-rw-r--   1 travis travis   522 Jun 11 04:37 Repeat$_fireFunction_Repeat_Repeat$__f_sL_13.class
-rw-rw-r--   1 travis travis   665 Jun 11 04:37 Repeat$_fireFunction_Repeat_Repeat$__f_sL_1.class
-rw-rw-r--   1 travis travis   520 Jun 11 04:37 Repeat$_fireFunction_Repeat_Repeat$__f_sL_2.class
-rw-rw-r--   1 travis travis   520 Jun 11 04:37 Repeat$_fireFunction_Repeat_Repeat$__f_sL_3.class
-rw-rw-r--   1 travis travis   520 Jun 11 04:37 Repeat$_fireFunction_Repeat_Repeat$__f_sL_5.class
-rw-rw-r--   1 travis travis   671 Jun 11 04:37 Repeat$_fireFunction_Repeat_Repeat$__f_sL_7.class
-rw-rw-r--   1 travis travis   520 Jun 11 04:37 Repeat$_fireFunction_Repeat_Repeat$__f_sL_9.class
-rw-rw-r--   1 travis travis   813 Jun 11 04:37 Repeat$_initialize_Repeat.class
-rw-rw-r--   1 travis travis   475 Jun 11 04:37 Repeat$_initialize_Repeat$__i_sL_0.class
-rw-rw-r--   1 travis travis   519 Jun 11 04:37 Repeat$_initialize_Repeat$__i_sL_3.class
-rw-rw-r--   1 travis travis 39778 Jun 11 04:37 Repeat.java
-rw-rw-r--   1 travis travis  1281 Jun 11 04:37 Repeat.mk
-rw-rw-r--   1 travis travis   520 Jun 11 04:37 Repeat$_preinitializeMethod_Repeat$__p_sL_0.class
-rw-rw-r--   1 travis travis   520 Jun 11 04:37 Repeat$_preinitializeMethod_Repeat$__p_sL_1.class
-rw-rw-r--   1 travis travis  1083 Jun 11 04:37 Repeat$_Repeat$_fireFunction_Repeat_AddSubtract_Repeat.class
-rw-rw-r--   1 travis travis   791 Jun 11 04:37 Repeat$_Repeat$_fireFunction_Repeat_AddSubtract_Repeat$__f_sL_0.class
-rw-rw-r--   1 travis travis   909 Jun 11 04:37 Repeat$_Repeat$_fireFunction_Repeat_AddSubtract_Repeat$__f_sL_1.class
-rw-rw-r--   1 travis travis   915 Jun 11 04:37 Repeat$_Repeat$_fireFunction_Repeat_AddSubtract_Repeat$__f_sL_2.class
-rw-rw-r--   1 travis travis   838 Jun 11 04:37 Repeat$_Repeat$_fireFunction_Repeat_Ramp2_Repeat$__f_sL_1.class
-rw-rw-r--   1 travis travis  1785 Jun 11 04:37 Repeat$_Repeat$_fireFunction_Repeat_Test_Repeat$__f_sL_2.class
-rw-rw-r--   1 travis travis   685 Jun 11 04:37 Repeat$_Repeat_SDF_Director_run_Repeat$__R_sL_0.class
-rw-rw-r--   1 travis travis   540 Jun 11 04:37 Repeat$_Repeat_SDF_Director_run_Repeat$__R_sL_1.class
-rw-rw-r--   1 travis travis   540 Jun 11 04:37 Repeat$_Repeat_SDF_Director_run_Repeat$__R_sL_2.class
-rw-rw-r--   1 travis travis   540 Jun 11 04:37 Repeat$_Repeat_SDF_Director_run_Repeat$__R_sL_4.class
-rw-rw-r--   1 travis travis   540 Jun 11 04:37 Repeat$_Repeat_SDF_Director_run_Repeat$__R_sL_5.class
-rw-rw-r--   1 travis travis   691 Jun 11 04:37 Repeat$_Repeat_SDF_Director_run_Repeat$__R_sL_6.class
-rw-rw-r--   1 travis travis   540 Jun 11 04:37 Repeat$_Repeat_SDF_Director_run_Repeat$__R_sL_7.class
-rw-rw-r--   1 travis travis   863 Jun 11 04:37 Repeat$_varinit_Repeat.class
-rw-rw-r--   1 travis travis   530 Jun 11 04:37 Repeat$_varinit_Repeat$__v_sL_1.class
-rw-rw-r--   1 travis travis   531 Jun 11 04:37 Repeat$_varinit_Repeat$__v_sL_2.class
-rw-rw-r--   1 travis travis   905 Jun 11 04:37 Repeat$_varinit_Repeat$__v_sL_4.class
-rw-rw-r--   1 travis travis   635 Jun 11 04:37 Repeat$_wrapup_Repeat.class
-rw-rw-r--   1 travis travis   965 Jun 11 04:37 Repeat$_wrapup_Repeat$__w_sL_1.class
-rw-rw-r--   1 travis travis   289 Jun 11 04:32 result.csv
drwxrwxr-x   3 travis travis 12288 Jun 11 04:35 Scrambler1
drwxrwxr-x   3 travis travis 20480 Jun 11 04:34 Sinewave2
drwxrwxr-x   3 travis travis 69632 Jun 11 04:35 StringCompare
drwxrwxr-x   3 travis travis 32768 Jun 11 04:35 StringFunction
drwxrwxr-x   3 travis travis 12288 Jun 11 04:35 StringLength
drwxrwxr-x   3 travis travis 57344 Jun 11 04:36 StringSimpleReplace
drwxrwxr-x   3 travis travis 12288 Jun 11 04:37 time2
drwxrwxr-x   3 travis travis 12288 Jun 11 04:37 time5
-rw-rw-r--   1 travis travis   432 Jun 11 04:38 Token.class
-rw-rw-r--   1 travis travis   251 Jun 11 04:38 Token.java
-rw-rw-r--   1 travis travis     0 Jun 11 04:37 top.
-rw-rw-r--   1 travis travis 20502 Jun 11 04:32 top.c
-rw-rw-r--   1 travis travis  3567 Jun 11 04:37 top.class
-rw-rw-r--   1 travis travis   169 Jun 11 04:32 top.html
-rw-rw-r--   1 travis travis  7552 Jun 11 04:37 top.java
-rw-rw-r--   1 travis travis 38888 Jun 11 04:32 top.o
drwxrwxr-x   3 travis travis 57344 Jun 11 04:34 UnaryMathFunction
All Done
Writing ModularCodeGenPubSub3_A1.java in file:/home/travis/cg/ (10100 characters)
Reading "ptolemy/cg/kernel/generic/program/procedural/java/modular/makefile.in",
    writing "/home/travis/cg/ModularCodeGenPubSub3_A1.mk"
Using ptolemy/cg/kernel/generic/program/procedural/java/modular/makefile.in
In "/home/travis/cg", about to execute:
    make -f ModularCodeGenPubSub3_A1.mk
javac -classpath ".:.."    ModularCodeGenPubSub3_A1.java
All Done
3987 ms. Memory: 119808K Free: 76249K (64%)
----------------- Invoking toplevel() on ptolemy.moml.MoMLSimpleApplication@57dec9d4
----------------- Done invoking toplevel() on ptolemy.moml.MoMLSimpleApplication@57dec9d4
reloadAllAccessors: .ModularCodeGenPubSub3

===========================================================================================
----------------- testing Tue Jun 11 04:38:52 UTC 2019 /home/travis/build/icyphy/ptII/ptolemy/cg/lib/test/auto/ModularCodeGenPubSub4.xml
----------------- Instantiating /home/travis/build/icyphy/ptII/ptolemy/cg/lib/test/auto/ModularCodeGenPubSub4.xml
In "/home/travis/cg", about to execute:
    pwd
In "/home/travis/cg", about to execute:
    ls -l
/home/travis/cg
In "/home/travis/cg", about to execute:
    javac -classpath
.:/home/travis/build/icyphy/ptII:/home/travis/build/icyphy/ptII/lib/bsh-2.0b4.j
ar:/home/travis/build/icyphy/ptII/lib/ptCal.jar:/home/travis/build/icyphy/ptII/
lib/java_cup.jar:/home/travis/build/icyphy/ptII/lib/saxon8.jar:/home/travis/bui
ld/icyphy/ptII/lib/saxon8-dom.jar:/home/travis/build/icyphy/ptII/lib/chic.jar:/
home/travis/build/icyphy/ptII/lib/ptcolt.jar:/usr/lib/jvm/java-8-oracle/lib/too
ls.jar:/home/travis/build/icyphy/ptII/vendors/misc/itext/iText.jar:/home/travis
/build/icyphy/ptII/lib/g4ltl.jar:/home/travis/build/icyphy/ptII/lib/StructuralC
oder.jar:/home/travis/build/icyphy/ptII/vendors/jai-1_1_2_01/lib/jai_core.jar:/
home/travis/build/icyphy/ptII/vendors/jai-1_1_2_01/lib/jai_codec.jar:/home/trav
is/build/icyphy/ptII/lib/jcerti.jar:/home/travis/build/icyphy/ptII/lib/javax.ma
il.jar:/home/travis/build/icyphy/ptII/vendors/JMF-2.1.1e/lib/jmf.jar:/home/trav
is/build/icyphy/ptII/lib/jna-4.0.0-variadic.jar:/home/travis/build/icyphy/ptII/
vendors/misc/joystick/Joystick.jar:/home/travis/build/icyphy/ptII/lib/ptjacl.ja
r:/home/travis/build/icyphy/ptII/lib/jsoup-1.8.2.jar:/home/travis/build/icyphy/
ptII/lib/junit-4.8.2.jar:/home/travis/build/icyphy/ptII/lib/JUnitParams-0.4.0.j
ar:/home/travis/build/icyphy/ptII/ptolemy/actor/lib/excel/jxl.jar:/home/travis/
build/icyphy/ptII/lib/jython.jar:/home/travis/build/icyphy/ptII/lib/kieler.jar:
/home/travis/build/icyphy/ptII/vendors/opencv/share/OpenCV/java/opencv-341.jar:
/home/travis/build/icyphy/ptII/lib/oscP5.jar:/home/travis/build/icyphy/ptII/lib
/nrjavaserial-3.11.0.devel.jar:/home/travis/build/icyphy/ptII/vendors/j3d/lib/j
3dcore.jar:/home/travis/build/icyphy/ptII/vendors/j3d/lib/j3dutils.jar:/home/tr
avis/build/icyphy/ptII/vendors/j3d/lib/vecmath.jar:/home/travis/build/icyphy/pt
II/ptolemy/distributed/jini/jar/jini-core.jar:/home/travis/build/icyphy/ptII/pt
olemy/distributed/jini/jar/jini-ext.jar:/home/travis/build/icyphy/ptII/ptolemy/
distributed/jini/jar/sun-util.jar:/home/travis/build/icyphy/ptII/lib/protobuf-j
ava-2.4.1.jar:/home/travis/build/icyphy/ptII/lib/org.eclipse.paho.client.mqttv3
.jar:/home/travis/build/icyphy/ptII/lib/mapss.jar:/home/travis/build/icyphy/ptI
I/ptolemy/actor/ptalon/antlr/antlr.jar:/home/travis/build/icyphy/ptII/lib/JRI.j
ar:/home/travis/build/icyphy/ptII/lib/commons-lang-2.6.jar:/home/travis/build/i
cyphy/ptII/lib/commons-logging-1.1.1.jar:/home/travis/build/icyphy/ptII/lib/soo
tclasses.jar:/home/travis/build/icyphy/ptII/ptolemy/actor/lib/database/mysql-co
nnector-java-5.1.6-bin.jar:/home/travis/build/icyphy/ptII/vendors/misc/sphinx4/
sphinx4-data-5prealpha.jar:/home/travis/build/icyphy/ptII/vendors/misc/sphinx4/
sphinx4-core-5prealpha.jar:/home/travis/build/icyphy/ptII/lib/PDFRenderer.jar:/
home/travis/build/icyphy/ptII/lib/svgSalamander.jar:/home/travis/build/icyphy/p
tII/lib/rsyntaxtextarea-2.6.0-SNAPSHOT.jar:/home/travis/build/icyphy/ptII/lib/h
azelcast-3.8.2.jar:/home/travis/build/icyphy/ptII/lib/jackson-annotations-2.9.0
.jar:/home/travis/build/icyphy/ptII/lib/jackson-core-2.9.3.jar:/home/travis/bui
ld/icyphy/ptII/lib/jackson-databind-2.9.3.jar:/home/travis/build/icyphy/ptII/li
b/netty-buffer-4.1.19.Final.jar:/home/travis/build/icyphy/ptII/lib/netty-codec-
4.1.19.Final.jar:/home/travis/build/icyphy/ptII/lib/netty-codec-dns-4.1.19.Fina
l.jar:/home/travis/build/icyphy/ptII/lib/netty-codec-http-4.1.19.Final.jar:/hom
e/travis/build/icyphy/ptII/lib/netty-codec-http2-4.1.19.Final.jar:/home/travis/
build/icyphy/ptII/lib/netty-common-4.1.19.Final.jar:/home/travis/build/icyphy/p
tII/lib/netty-handler-4.1.19.Final.jar:/home/travis/build/icyphy/ptII/lib/netty
-resolver-4.1.19.Final.jar:/home/travis/build/icyphy/ptII/lib/netty-resolver-dn
s-4.1.19.Final.jar:/home/travis/build/icyphy/ptII/lib/netty-transport-4.1.19.Fi
nal.jar:/home/travis/build/icyphy/ptII/lib/vertx-codegen-3.5.1.jar:/home/travis
/build/icyphy/ptII/lib/vertx-core-3.5.2-SNAPSHOT.jar:/home/travis/build/icyphy/
ptII/lib/vertx-hazelcast-3.5.1.jar:/home/travis/build/icyphy/ptII/lib/vertx-lan
g-js-3.5.1.jar:/home/travis/build/icyphy/ptII/lib/vertx-service-proxy-3.5.1.jar
:/home/travis/build/icyphy/ptII/lib/vertx-web-3.5.1.jar:/home/travis/build/icyp
hy/ptII/lib/slf4j-api-1.7.13.jar:/home/travis/build/icyphy/ptII/lib/slf4j-simpl
e-1.7.13.jar:/home/travis/build/icyphy/ptII/lib/webcam-capture-0.3.12.jar:/home
/travis/build/icyphy/ptII/lib/bridj-0.7.0.jar:/home/travis/build/icyphy/ptII/li
b/xbjlib-1.1.0.nrjavaserial.jar:/home/travis/build/icyphy/ptII/ptolemy/moml/tes
t:/home/travis/build/icyphy/ptII/ant/lib/ant-launcher.jar:/home/travis/build/ic
yphy/ptII/ant/lib/ant.jar:/home/travis/build/icyphy/ptII/ant/lib/ant-junit.jar:
/home/travis/build/icyphy/ptII/ant/lib/ant-junit4.jar:/home/travis/build/icyphy
/ptII ModularCodeGenPubSub4_A1_A_profile.java
total 2164
drwxrwxr-x   3 travis travis 12288 Jun 11 04:33 AbsoluteValue
-rw-rw-r--   1 travis travis   233 Jun 11 04:38 Array.class
-rw-rw-r--   1 travis travis   459 Jun 11 04:38 Array.java
drwxrwxr-x   3 travis travis 16384 Jun 11 04:33 Case1
drwxrwxr-x   3 travis travis 32768 Jun 11 04:33 Case2
-rw-rw-r--   1 travis travis  4895 Jun 11 04:37 CompiledCompositeActor_CompiledCompositeActor.class
-rw-rw-r--   1 travis travis  1592 Jun 11 04:37 CompiledCompositeActor_CompiledCompositeActor$_CompiledCompositeActor_CompiledCompositeActor.class
-rw-rw-r--   1 travis travis 13466 Jun 11 04:37 CompiledCompositeActor_CompiledCompositeActor.java
-rw-rw-r--   1 travis travis  1593 Jun 11 04:37 CompiledCompositeActor_CompiledCompositeActor.mk
drwxrwxr-x   3 travis travis 24576 Jun 11 04:35 DeScrambler
drwxrwxr-x   3 travis travis 16384 Jun 11 04:36 DotProduct
drwxrwxr-x   3 travis travis 12288 Jun 11 04:33 FileWriter1
drwxrwxr-x   3 travis travis 20480 Jun 11 04:32 FixToDoubleAndBack
drwxrwxr-x   3 travis travis 16384 Jun 11 04:33 Gaussian1
drwxrwxr-x   3 travis travis 20480 Jun 11 04:33 Gaussian2
-rw-rw-r--   1 travis travis  4457 Jun 11 04:37 JavaCompiledCompositeTest1_CompiledCompositeActor.class
-rw-rw-r--   1 travis travis 11637 Jun 11 04:37 JavaCompiledCompositeTest1_CompiledCompositeActor.java
-rw-rw-r--   1 travis travis  1198 Jun 11 04:37 JavaCompiledCompositeTest1_CompiledCompositeActor$_JavaCompiledCompositeTest1_CompiledCompositeActor.class
-rw-rw-r--   1 travis travis  1625 Jun 11 04:37 JavaCompiledCompositeTest1_CompiledCompositeActor.mk
-rw-rw-r--   1 travis travis  4888 Jun 11 04:37 JavaCompiledCompositeTest2_CompiledCompositeActor.class
-rw-rw-r--   1 travis travis 14919 Jun 11 04:37 JavaCompiledCompositeTest2_CompiledCompositeActor.java
-rw-rw-r--   1 travis travis  1793 Jun 11 04:37 JavaCompiledCompositeTest2_CompiledCompositeActor$_JavaCompiledCompositeTest2_CompiledCompositeActor.class
-rw-rw-r--   1 travis travis  1625 Jun 11 04:37 JavaCompiledCompositeTest2_CompiledCompositeActor.mk
-rw-rw-r--   1 travis travis  4505 Jun 11 04:37 JavaCompiledCompositeTest3_CompiledCompositeActor.class
-rw-rw-r--   1 travis travis 13080 Jun 11 04:37 JavaCompiledCompositeTest3_CompiledCompositeActor.java
-rw-rw-r--   1 travis travis  1378 Jun 11 04:37 JavaCompiledCompositeTest3_CompiledCompositeActor$_JavaCompiledCompositeTest3_CompiledCompositeActor.class
-rw-rw-r--   1 travis travis  1625 Jun 11 04:37 JavaCompiledCompositeTest3_CompiledCompositeActor.mk
-rw-rw-r--   1 travis travis  3953 Jun 11 04:37 JavaCompiledCompositeTest4_CompiledCompositeActor.class
-rw-rw-r--   1 travis travis  9687 Jun 11 04:37 JavaCompiledCompositeTest4_CompiledCompositeActor.java
-rw-rw-r--   1 travis travis   857 Jun 11 04:37 JavaCompiledCompositeTest4_CompiledCompositeActor$_JavaCompiledCompositeTest4_CompiledCompositeActor.class
-rw-rw-r--   1 travis travis  1625 Jun 11 04:37 JavaCompiledCompositeTest4_CompiledCompositeActor.mk
drwxrwxr-x   3 travis travis 12288 Jun 11 04:33 LookupTable
drwxrwxr-x   3 travis travis 20480 Jun 11 04:34 MaxIndex
-rw-rw-r--   1 travis travis  3693 Jun 11 04:37 ModularCG_A1_B1.class
-rw-rw-r--   1 travis travis  9730 Jun 11 04:37 ModularCG_A1_B1.java
-rw-rw-r--   1 travis travis   832 Jun 11 04:37 ModularCG_A1_B1.mk
-rw-rw-r--   1 travis travis  1318 Jun 11 04:37 ModularCG_A1_B1_profile.class
-rw-rw-r--   1 travis travis  1262 Jun 11 04:37 ModularCG_A1_B1_profile.java
-rw-rw-r--   1 travis travis  3693 Jun 11 04:37 ModularCG_A1_B2.class
-rw-rw-r--   1 travis travis  9730 Jun 11 04:37 ModularCG_A1_B2.java
-rw-rw-r--   1 travis travis   832 Jun 11 04:37 ModularCG_A1_B2.mk
-rw-rw-r--   1 travis travis  1318 Jun 11 04:37 ModularCG_A1_B2_profile.class
-rw-rw-r--   1 travis travis  1262 Jun 11 04:37 ModularCG_A1_B2_profile.java
-rw-rw-r--   1 travis travis  4799 Jun 11 04:37 ModularCG_A1.class
-rw-rw-r--   1 travis travis 14742 Jun 11 04:37 ModularCG_A1.java
-rw-rw-r--   1 travis travis   808 Jun 11 04:37 ModularCG_A1.mk
-rw-rw-r--   1 travis travis  1433 Jun 11 04:37 ModularCG_A1_profile.class
-rw-rw-r--   1 travis travis  1704 Jun 11 04:37 ModularCG_A1_profile.java
-rw-rw-r--   1 travis travis  3827 Jun 11 04:37 ModularCG_A2_B1.class
-rw-rw-r--   1 travis travis 10667 Jun 11 04:37 ModularCG_A2_B1.java
-rw-rw-r--   1 travis travis   832 Jun 11 04:37 ModularCG_A2_B1.mk
-rw-rw-r--   1 travis travis  1381 Jun 11 04:37 ModularCG_A2_B1_profile.class
-rw-rw-r--   1 travis travis  1446 Jun 11 04:37 ModularCG_A2_B1_profile.java
-rw-rw-r--   1 travis travis  3693 Jun 11 04:37 ModularCG_A2_B2.class
-rw-rw-r--   1 travis travis  9730 Jun 11 04:37 ModularCG_A2_B2.java
-rw-rw-r--   1 travis travis   832 Jun 11 04:37 ModularCG_A2_B2.mk
-rw-rw-r--   1 travis travis  1318 Jun 11 04:37 ModularCG_A2_B2_profile.class
-rw-rw-r--   1 travis travis  1262 Jun 11 04:37 ModularCG_A2_B2_profile.java
-rw-rw-r--   1 travis travis  4870 Jun 11 04:37 ModularCG_A2.class
-rw-rw-r--   1 travis travis 15129 Jun 11 04:37 ModularCG_A2.java
-rw-rw-r--   1 travis travis   808 Jun 11 04:37 ModularCG_A2.mk
-rw-rw-r--   1 travis travis  1433 Jun 11 04:37 ModularCG_A2_profile.class
-rw-rw-r--   1 travis travis  1704 Jun 11 04:37 ModularCG_A2_profile.java
-rw-rw-r--   1 travis travis  3473 Jun 11 04:37 ModularCGPubSub_A1_A2.class
-rw-rw-r--   1 travis travis  9076 Jun 11 04:37 ModularCGPubSub_A1_A2.java
-rw-rw-r--   1 travis travis   880 Jun 11 04:37 ModularCGPubSub_A1_A2.mk
-rw-rw-r--   1 travis travis  1300 Jun 11 04:37 ModularCGPubSub_A1_A2_profile.class
-rw-rw-r--   1 travis travis  1222 Jun 11 04:37 ModularCGPubSub_A1_A2_profile.java
-rw-rw-r--   1 travis travis  3790 Jun 11 04:37 ModularCGPubSub_A1.class
-rw-rw-r--   1 travis travis  9836 Jun 11 04:37 ModularCGPubSub_A1.java
-rw-rw-r--   1 travis travis   856 Jun 11 04:37 ModularCGPubSub_A1.mk
-rw-rw-r--   1 travis travis  1346 Jun 11 04:37 ModularCGPubSub_A1_profile.class
-rw-rw-r--   1 travis travis  1388 Jun 11 04:37 ModularCGPubSub_A1_profile.java
-rw-rw-r--   1 travis travis  3988 Jun 11 04:38 ModularCodeGen2_ModularCodeGenTypedCompositeActor.class
-rw-rw-r--   1 travis travis 11690 Jun 11 04:38 ModularCodeGen2_ModularCodeGenTypedCompositeActor.java
-rw-rw-r--   1 travis travis  1104 Jun 11 04:38 ModularCodeGen2_ModularCodeGenTypedCompositeActor.mk
-rw-rw-r--   1 travis travis  4272 Jun 11 04:38 ModularCodeGen2_ModularCodeGenTypedCompositeActor_ModularCodeGenTypedCompositeActor.class
-rw-rw-r--   1 travis travis 11790 Jun 11 04:37 ModularCodeGen2_ModularCodeGenTypedCompositeActor_ModularCodeGenTypedCompositeActor.java
-rw-rw-r--   1 travis travis  1376 Jun 11 04:37 ModularCodeGen2_ModularCodeGenTypedCompositeActor_ModularCodeGenTypedCompositeActor.mk
-rw-rw-r--   1 travis travis  1421 Jun 11 04:37 ModularCodeGen2_ModularCodeGenTypedCompositeActor_ModularCodeGenTypedCompositeActor_profile.class
-rw-rw-r--   1 travis travis  1294 Jun 11 04:37 ModularCodeGen2_ModularCodeGenTypedCompositeActor_ModularCodeGenTypedCompositeActor_profile.java
-rw-rw-r--   1 travis travis   820 Jun 11 04:38 ModularCodeGen2_ModularCodeGenTypedCompositeActor_profile.class
-rw-rw-r--   1 travis travis   693 Jun 11 04:38 ModularCodeGen2_ModularCodeGenTypedCompositeActor_profile.java
-rw-rw-r--   1 travis travis  3741 Jun 11 04:38 ModularCodeGen3_A1_B1.class
-rw-rw-r--   1 travis travis  9958 Jun 11 04:38 ModularCodeGen3_A1_B1.java
-rw-rw-r--   1 travis travis   880 Jun 11 04:38 ModularCodeGen3_A1_B1.mk
-rw-rw-r--   1 travis travis  1330 Jun 11 04:38 ModularCodeGen3_A1_B1_profile.class
-rw-rw-r--   1 travis travis  1274 Jun 11 04:38 ModularCodeGen3_A1_B1_profile.java
-rw-rw-r--   1 travis travis  3741 Jun 11 04:38 ModularCodeGen3_A1_B2.class
-rw-rw-r--   1 travis travis  9958 Jun 11 04:38 ModularCodeGen3_A1_B2.java
-rw-rw-r--   1 travis travis   880 Jun 11 04:38 ModularCodeGen3_A1_B2.mk
-rw-rw-r--   1 travis travis  1330 Jun 11 04:38 ModularCodeGen3_A1_B2_profile.class
-rw-rw-r--   1 travis travis  1274 Jun 11 04:38 ModularCodeGen3_A1_B2_profile.java
-rw-rw-r--   1 travis travis  4961 Jun 11 04:38 ModularCodeGen3_A1.class
-rw-rw-r--   1 travis travis 15564 Jun 11 04:38 ModularCodeGen3_A1.java
-rw-rw-r--   1 travis travis   856 Jun 11 04:38 ModularCodeGen3_A1.mk
-rw-rw-r--   1 travis travis  1445 Jun 11 04:38 ModularCodeGen3_A1_profile.class
-rw-rw-r--   1 travis travis  1716 Jun 11 04:38 ModularCodeGen3_A1_profile.java
-rw-rw-r--   1 travis travis  3887 Jun 11 04:38 ModularCodeGen3_A2_B1.class
-rw-rw-r--   1 travis travis 10955 Jun 11 04:38 ModularCodeGen3_A2_B1.java
-rw-rw-r--   1 travis travis   880 Jun 11 04:38 ModularCodeGen3_A2_B1.mk
-rw-rw-r--   1 travis travis  1393 Jun 11 04:38 ModularCodeGen3_A2_B1_profile.class
-rw-rw-r--   1 travis travis  1458 Jun 11 04:38 ModularCodeGen3_A2_B1_profile.java
-rw-rw-r--   1 travis travis  3741 Jun 11 04:38 ModularCodeGen3_A2_B2.class
-rw-rw-r--   1 travis travis  9958 Jun 11 04:38 ModularCodeGen3_A2_B2.java
-rw-rw-r--   1 travis travis   880 Jun 11 04:38 ModularCodeGen3_A2_B2.mk
-rw-rw-r--   1 travis travis  1330 Jun 11 04:38 ModularCodeGen3_A2_B2_profile.class
-rw-rw-r--   1 travis travis  1274 Jun 11 04:38 ModularCodeGen3_A2_B2_profile.java
-rw-rw-r--   1 travis travis  5038 Jun 11 04:38 ModularCodeGen3_A2.class
-rw-rw-r--   1 travis travis 15957 Jun 11 04:38 ModularCodeGen3_A2.java
-rw-rw-r--   1 travis travis   856 Jun 11 04:38 ModularCodeGen3_A2.mk
-rw-rw-r--   1 travis travis  1445 Jun 11 04:38 ModularCodeGen3_A2_profile.class
-rw-rw-r--   1 travis travis  1716 Jun 11 04:38 ModularCodeGen3_A2_profile.java
-rw-rw-r--   1 travis travis  3794 Jun 11 04:38 ModularCodeGen4_A1_B1.class
-rw-rw-r--   1 travis travis 10312 Jun 11 04:38 ModularCodeGen4_A1_B1.java
-rw-rw-r--   1 travis travis   880 Jun 11 04:38 ModularCodeGen4_A1_B1.mk
-rw-rw-r--   1 travis travis  1330 Jun 11 04:38 ModularCodeGen4_A1_B1_profile.class
-rw-rw-r--   1 travis travis  1273 Jun 11 04:38 ModularCodeGen4_A1_B1_profile.java
-rw-rw-r--   1 travis travis  3794 Jun 11 04:38 ModularCodeGen4_A1_B2.class
-rw-rw-r--   1 travis travis 10312 Jun 11 04:38 ModularCodeGen4_A1_B2.java
-rw-rw-r--   1 travis travis   880 Jun 11 04:38 ModularCodeGen4_A1_B2.mk
-rw-rw-r--   1 travis travis  1330 Jun 11 04:38 ModularCodeGen4_A1_B2_profile.class
-rw-rw-r--   1 travis travis  1273 Jun 11 04:38 ModularCodeGen4_A1_B2_profile.java
-rw-rw-r--   1 travis travis  5101 Jun 11 04:38 ModularCodeGen4_A1.class
-rw-rw-r--   1 travis travis 16245 Jun 11 04:38 ModularCodeGen4_A1.java
-rw-rw-r--   1 travis travis   856 Jun 11 04:38 ModularCodeGen4_A1.mk
-rw-rw-r--   1 travis travis  1445 Jun 11 04:38 ModularCodeGen4_A1_profile.class
-rw-rw-r--   1 travis travis  1712 Jun 11 04:38 ModularCodeGen4_A1_profile.java
-rw-rw-r--   1 travis travis  3988 Jun 11 04:38 ModularCodeGen4_A2_B1.class
-rw-rw-r--   1 travis travis 11375 Jun 11 04:38 ModularCodeGen4_A2_B1.java
-rw-rw-r--   1 travis travis   880 Jun 11 04:38 ModularCodeGen4_A2_B1.mk
-rw-rw-r--   1 travis travis  1393 Jun 11 04:38 ModularCodeGen4_A2_B1_profile.class
-rw-rw-r--   1 travis travis  1454 Jun 11 04:38 ModularCodeGen4_A2_B1_profile.java
-rw-rw-r--   1 travis travis  3842 Jun 11 04:38 ModularCodeGen4_A2_B2.class
-rw-rw-r--   1 travis travis 10378 Jun 11 04:38 ModularCodeGen4_A2_B2.java
-rw-rw-r--   1 travis travis   880 Jun 11 04:38 ModularCodeGen4_A2_B2.mk
-rw-rw-r--   1 travis travis  1330 Jun 11 04:38 ModularCodeGen4_A2_B2_profile.class
-rw-rw-r--   1 travis travis  1270 Jun 11 04:38 ModularCodeGen4_A2_B2_profile.java
-rw-rw-r--   1 travis travis  5274 Jun 11 04:38 ModularCodeGen4_A2.class
-rw-rw-r--   1 travis travis 16770 Jun 11 04:38 ModularCodeGen4_A2.java
-rw-rw-r--   1 travis travis   856 Jun 11 04:38 ModularCodeGen4_A2.mk
-rw-rw-r--   1 travis travis  1445 Jun 11 04:38 ModularCodeGen4_A2_profile.class
-rw-rw-r--   1 travis travis  1712 Jun 11 04:38 ModularCodeGen4_A2_profile.java
-rw-rw-r--   1 travis travis  6838 Jun 11 04:38 ModularCodeGen5_A_A.class
-rw-rw-r--   1 travis travis 28721 Jun 11 04:38 ModularCodeGen5_A_A.java
-rw-rw-r--   1 travis travis   864 Jun 11 04:38 ModularCodeGen5_A_A.mk
-rw-rw-r--   1 travis travis  1520 Jun 11 04:38 ModularCodeGen5_A_A_profile.class
-rw-rw-r--   1 travis travis  1815 Jun 11 04:38 ModularCodeGen5_A_A_profile.java
-rw-rw-r--   1 travis travis  5115 Jun 11 04:38 ModularCodeGen5_A.class
-rw-rw-r--   1 travis travis 13769 Jun 11 04:38 ModularCodeGen5_A.java
-rw-rw-r--   1 travis travis   848 Jun 11 04:38 ModularCodeGen5_A.mk
-rw-rw-r--   1 travis travis  1422 Jun 11 04:38 ModularCodeGen5_A_profile.class
-rw-rw-r--   1 travis travis  1605 Jun 11 04:38 ModularCodeGen5_A_profile.java
-rw-rw-r--   1 travis travis  4125 Jun 11 04:38 ModularCodeGen6_A_A2.class
-rw-rw-r--   1 travis travis 11329 Jun 11 04:38 ModularCodeGen6_A_A2.java
-rw-rw-r--   1 travis travis   872 Jun 11 04:38 ModularCodeGen6_A_A2.mk
-rw-rw-r--   1 travis travis  1351 Jun 11 04:38 ModularCodeGen6_A_A2_profile.class
-rw-rw-r--   1 travis travis  1364 Jun 11 04:38 ModularCodeGen6_A_A2_profile.java
-rw-rw-r--   1 travis travis  4108 Jun 11 04:38 ModularCodeGen6_A_A.class
-rw-rw-r--   1 travis travis 11221 Jun 11 04:38 ModularCodeGen6_A_A.java
-rw-rw-r--   1 travis travis   864 Jun 11 04:38 ModularCodeGen6_A_A.mk
-rw-rw-r--   1 travis travis  1348 Jun 11 04:38 ModularCodeGen6_A_A_profile.class
-rw-rw-r--   1 travis travis  1361 Jun 11 04:38 ModularCodeGen6_A_A_profile.java
-rw-rw-r--   1 travis travis  7237 Jun 11 04:38 ModularCodeGen6_A.class
-rw-rw-r--   1 travis travis 26535 Jun 11 04:38 ModularCodeGen6_A.java
-rw-rw-r--   1 travis travis   848 Jun 11 04:38 ModularCodeGen6_A.mk
-rw-rw-r--   1 travis travis  1483 Jun 11 04:38 ModularCodeGen6_A_profile.class
-rw-rw-r--   1 travis travis  1810 Jun 11 04:38 ModularCodeGen6_A_profile.java
-rw-rw-r--   1 travis travis  9439 Jun 11 04:38 ModularCodeGenLazyPubSubGlobal_CompositeActor_ModularCodeGenTypedComposite.class
-rw-rw-r--   1 travis travis 30161 Jun 11 04:38 ModularCodeGenLazyPubSubGlobal_CompositeActor_ModularCodeGenTypedComposite.java
-rw-rw-r--   1 travis travis  1304 Jun 11 04:38 ModularCodeGenLazyPubSubGlobal_CompositeActor_ModularCodeGenTypedComposite.mk
-rw-rw-r--   1 travis travis  1438 Jun 11 04:38 ModularCodeGenLazyPubSubGlobal_CompositeActor_ModularCodeGenTypedComposite_profile.class
-rw-rw-r--   1 travis travis  1384 Jun 11 04:38 ModularCodeGenLazyPubSubGlobal_CompositeActor_ModularCodeGenTypedComposite_profile.java
-rw-rw-r--   1 travis travis  3952 Jun 11 04:38 ModularCodeGenLazyPubSub_LazyCompositeActor.class
-rw-rw-r--   1 travis travis 11122 Jun 11 04:38 ModularCodeGenLazyPubSub_LazyCompositeActor.java
-rw-rw-r--   1 travis travis  1056 Jun 11 04:38 ModularCodeGenLazyPubSub_LazyCompositeActor.mk
-rw-rw-r--   1 travis travis  1286 Jun 11 04:38 ModularCodeGenLazyPubSub_LazyCompositeActor_profile.class
-rw-rw-r--   1 travis travis  1091 Jun 11 04:38 ModularCodeGenLazyPubSub_LazyCompositeActor_profile.java
-rw-rw-r--   1 travis travis  3954 Jun 11 04:37 ModularCodeGen_ModularCodeGenTypedCompositeActor.class
-rw-rw-r--   1 travis travis 10970 Jun 11 04:37 ModularCodeGen_ModularCodeGenTypedCompositeActor.java
-rw-rw-r--   1 travis travis  1096 Jun 11 04:37 ModularCodeGen_ModularCodeGenTypedCompositeActor.mk
-rw-rw-r--   1 travis travis  1384 Jun 11 04:37 ModularCodeGen_ModularCodeGenTypedCompositeActor_profile.class
-rw-rw-r--   1 travis travis  1328 Jun 11 04:37 ModularCodeGen_ModularCodeGenTypedCompositeActor_profile.java
-rw-rw-r--   1 travis travis  3441 Jun 11 04:38 ModularCodeGenPubSub2_A1_A.class
-rw-rw-r--   1 travis travis  8578 Jun 11 04:38 ModularCodeGenPubSub2_A1_A.java
-rw-rw-r--   1 travis travis   920 Jun 11 04:38 ModularCodeGenPubSub2_A1_A.mk
-rw-rw-r--   1 travis travis  1274 Jun 11 04:38 ModularCodeGenPubSub2_A1_A_profile.class
-rw-rw-r--   1 travis travis  1128 Jun 11 04:38 ModularCodeGenPubSub2_A1_A_profile.java
-rw-rw-r--   1 travis travis  3733 Jun 11 04:38 ModularCodeGenPubSub2_A1.class
-rw-rw-r--   1 travis travis  9781 Jun 11 04:38 ModularCodeGenPubSub2_A1.java
-rw-rw-r--   1 travis travis   904 Jun 11 04:38 ModularCodeGenPubSub2_A1.mk
-rw-rw-r--   1 travis travis  1268 Jun 11 04:38 ModularCodeGenPubSub2_A1_profile.class
-rw-rw-r--   1 travis travis  1196 Jun 11 04:38 ModularCodeGenPubSub2_A1_profile.java
-rw-rw-r--   1 travis travis  3437 Jun 11 04:38 ModularCodeGenPubSub3_A1_A2.class
-rw-rw-r--   1 travis travis  8599 Jun 11 04:38 ModularCodeGenPubSub3_A1_A2.java
-rw-rw-r--   1 travis travis   928 Jun 11 04:38 ModularCodeGenPubSub3_A1_A2.mk
-rw-rw-r--   1 travis travis  1287 Jun 11 04:38 ModularCodeGenPubSub3_A1_A2_profile.class
-rw-rw-r--   1 travis travis  1132 Jun 11 04:38 ModularCodeGenPubSub3_A1_A2_profile.java
-rw-rw-r--   1 travis travis  3856 Jun 11 04:38 ModularCodeGenPubSub3_A1.class
-rw-rw-r--   1 travis travis 10100 Jun 11 04:38 ModularCodeGenPubSub3_A1.java
-rw-rw-r--   1 travis travis   904 Jun 11 04:38 ModularCodeGenPubSub3_A1.mk
-rw-rw-r--   1 travis travis  1358 Jun 11 04:38 ModularCodeGenPubSub3_A1_profile.class
-rw-rw-r--   1 travis travis  1400 Jun 11 04:38 ModularCodeGenPubSub3_A1_profile.java
-rw-rw-r--   1 travis travis  1128 Jun 11 04:38 ModularCodeGenPubSub4_A1_A_profile.java
-rw-rw-r--   1 travis travis  3475 Jun 11 04:38 ModularCodeGenPubSub_A1.class
-rw-rw-r--   1 travis travis  9060 Jun 11 04:38 ModularCodeGenPubSub_A1.java
-rw-rw-r--   1 travis travis   896 Jun 11 04:38 ModularCodeGenPubSub_A1.mk
-rw-rw-r--   1 travis travis  1278 Jun 11 04:38 ModularCodeGenPubSub_A1_profile.class
-rw-rw-r--   1 travis travis  1195 Jun 11 04:38 ModularCodeGenPubSub_A1_profile.java
-rw-rw-r--   1 travis travis  3492 Jun 11 04:37 ModularCodeGenTest_A1_A2.class
-rw-rw-r--   1 travis travis   904 Jun 11 04:37 ModularCodeGenTest_A1_A2.mk
-rw-rw-r--   1 travis travis  1306 Jun 11 04:37 ModularCodeGenTest_A1_A2_profile.class
-rw-rw-r--   1 travis travis  3823 Jun 11 04:37 ModularCodeGenTest_A1.class
-rw-rw-r--   1 travis travis  9968 Jun 11 04:37 ModularCodeGenTest_A1.java
-rw-rw-r--   1 travis travis   880 Jun 11 04:37 ModularCodeGenTest_A1.mk
-rw-rw-r--   1 travis travis  1352 Jun 11 04:37 ModularCodeGenTest_A1_profile.class
-rw-rw-r--   1 travis travis  1394 Jun 11 04:37 ModularCodeGenTest_A1_profile.java
drwxrwxr-x   3 travis travis 36864 Jun 11 04:37 modulation2
drwxrwxr-x   3 travis travis 20480 Jun 11 04:34 Multiplexor
drwxrwxr-x 242 travis travis 12288 Jun 11 04:37 node_modules
drwxrwxr-x   3 travis travis 20480 Jun 11 04:34 PhaseUnwrap
-rw-rw-r--   1 travis travis   520 Jun 11 04:37 Repeat$_fireFunction_Repeat_Repeat$__f_sL_0.class
-rw-rw-r--   1 travis travis   522 Jun 11 04:37 Repeat$_fireFunction_Repeat_Repeat$__f_sL_10.class
-rw-rw-r--   1 travis travis   666 Jun 11 04:37 Repeat$_fireFunction_Repeat_Repeat$__f_sL_11.class
-rw-rw-r--   1 travis travis   522 Jun 11 04:37 Repeat$_fireFunction_Repeat_Repeat$__f_sL_13.class
-rw-rw-r--   1 travis travis   665 Jun 11 04:37 Repeat$_fireFunction_Repeat_Repeat$__f_sL_1.class
-rw-rw-r--   1 travis travis   520 Jun 11 04:37 Repeat$_fireFunction_Repeat_Repeat$__f_sL_2.class
-rw-rw-r--   1 travis travis   520 Jun 11 04:37 Repeat$_fireFunction_Repeat_Repeat$__f_sL_3.class
-rw-rw-r--   1 travis travis   520 Jun 11 04:37 Repeat$_fireFunction_Repeat_Repeat$__f_sL_5.class
-rw-rw-r--   1 travis travis   671 Jun 11 04:37 Repeat$_fireFunction_Repeat_Repeat$__f_sL_7.class
-rw-rw-r--   1 travis travis   520 Jun 11 04:37 Repeat$_fireFunction_Repeat_Repeat$__f_sL_9.class
-rw-rw-r--   1 travis travis   813 Jun 11 04:37 Repeat$_initialize_Repeat.class
-rw-rw-r--   1 travis travis   475 Jun 11 04:37 Repeat$_initialize_Repeat$__i_sL_0.class
-rw-rw-r--   1 travis travis   519 Jun 11 04:37 Repeat$_initialize_Repeat$__i_sL_3.class
-rw-rw-r--   1 travis travis 39778 Jun 11 04:37 Repeat.java
-rw-rw-r--   1 travis travis  1281 Jun 11 04:37 Repeat.mk
-rw-rw-r--   1 travis travis   520 Jun 11 04:37 Repeat$_preinitializeMethod_Repeat$__p_sL_0.class
-rw-rw-r--   1 travis travis   520 Jun 11 04:37 Repeat$_preinitializeMethod_Repeat$__p_sL_1.class
-rw-rw-r--   1 travis travis  1083 Jun 11 04:37 Repeat$_Repeat$_fireFunction_Repeat_AddSubtract_Repeat.class
-rw-rw-r--   1 travis travis   791 Jun 11 04:37 Repeat$_Repeat$_fireFunction_Repeat_AddSubtract_Repeat$__f_sL_0.class
-rw-rw-r--   1 travis travis   909 Jun 11 04:37 Repeat$_Repeat$_fireFunction_Repeat_AddSubtract_Repeat$__f_sL_1.class
-rw-rw-r--   1 travis travis   915 Jun 11 04:37 Repeat$_Repeat$_fireFunction_Repeat_AddSubtract_Repeat$__f_sL_2.class
-rw-rw-r--   1 travis travis   838 Jun 11 04:37 Repeat$_Repeat$_fireFunction_Repeat_Ramp2_Repeat$__f_sL_1.class
-rw-rw-r--   1 travis travis  1785 Jun 11 04:37 Repeat$_Repeat$_fireFunction_Repeat_Test_Repeat$__f_sL_2.class
-rw-rw-r--   1 travis travis   685 Jun 11 04:37 Repeat$_Repeat_SDF_Director_run_Repeat$__R_sL_0.class
-rw-rw-r--   1 travis travis   540 Jun 11 04:37 Repeat$_Repeat_SDF_Director_run_Repeat$__R_sL_1.class
-rw-rw-r--   1 travis travis   540 Jun 11 04:37 Repeat$_Repeat_SDF_Director_run_Repeat$__R_sL_2.class
-rw-rw-r--   1 travis travis   540 Jun 11 04:37 Repeat$_Repeat_SDF_Director_run_Repeat$__R_sL_4.class
-rw-rw-r--   1 travis travis   540 Jun 11 04:37 Repeat$_Repeat_SDF_Director_run_Repeat$__R_sL_5.class
-rw-rw-r--   1 travis travis   691 Jun 11 04:37 Repeat$_Repeat_SDF_Director_run_Repeat$__R_sL_6.class
-rw-rw-r--   1 travis travis   540 Jun 11 04:37 Repeat$_Repeat_SDF_Director_run_Repeat$__R_sL_7.class
-rw-rw-r--   1 travis travis   863 Jun 11 04:37 Repeat$_varinit_Repeat.class
-rw-rw-r--   1 travis travis   530 Jun 11 04:37 Repeat$_varinit_Repeat$__v_sL_1.class
-rw-rw-r--   1 travis travis   531 Jun 11 04:37 Repeat$_varinit_Repeat$__v_sL_2.class
-rw-rw-r--   1 travis travis   905 Jun 11 04:37 Repeat$_varinit_Repeat$__v_sL_4.class
-rw-rw-r--   1 travis travis   635 Jun 11 04:37 Repeat$_wrapup_Repeat.class
-rw-rw-r--   1 travis travis   965 Jun 11 04:37 Repeat$_wrapup_Repeat$__w_sL_1.class
-rw-rw-r--   1 travis travis   289 Jun 11 04:32 result.csv
drwxrwxr-x   3 travis travis 12288 Jun 11 04:35 Scrambler1
drwxrwxr-x   3 travis travis 20480 Jun 11 04:34 Sinewave2
drwxrwxr-x   3 travis travis 69632 Jun 11 04:35 StringCompare
drwxrwxr-x   3 travis travis 32768 Jun 11 04:35 StringFunction
drwxrwxr-x   3 travis travis 12288 Jun 11 04:35 StringLength
drwxrwxr-x   3 travis travis 57344 Jun 11 04:36 StringSimpleReplace
drwxrwxr-x   3 travis travis 12288 Jun 11 04:37 time2
drwxrwxr-x   3 travis travis 12288 Jun 11 04:37 time5
-rw-rw-r--   1 travis travis   432 Jun 11 04:38 Token.class
-rw-rw-r--   1 travis travis   251 Jun 11 04:38 Token.java
-rw-rw-r--   1 travis travis     0 Jun 11 04:37 top.
-rw-rw-r--   1 travis travis 20502 Jun 11 04:32 top.c
-rw-rw-r--   1 travis travis  3567 Jun 11 04:37 top.class
-rw-rw-r--   1 travis travis   169 Jun 11 04:32 top.html
-rw-rw-r--   1 travis travis  7552 Jun 11 04:37 top.java
-rw-rw-r--   1 travis travis 38888 Jun 11 04:32 top.o
drwxrwxr-x   3 travis travis 57344 Jun 11 04:34 UnaryMathFunction
All Done
Writing ModularCodeGenPubSub4_A1_A.java in file:/home/travis/cg/ (8578 characters)
Reading "ptolemy/cg/kernel/generic/program/procedural/java/modular/makefile.in",
    writing "/home/travis/cg/ModularCodeGenPubSub4_A1_A.mk"
Using ptolemy/cg/kernel/generic/program/procedural/java/modular/makefile.in
In "/home/travis/cg", about to execute:
    make -f ModularCodeGenPubSub4_A1_A.mk
javac -classpath ".:.."    ModularCodeGenPubSub4_A1_A.java
All Done
In "/home/travis/cg", about to execute:
    pwd
In "/home/travis/cg", about to execute:
    ls -l
/home/travis/cg
In "/home/travis/cg", about to execute:
    javac -classpath
.:/home/travis/build/icyphy/ptII:/home/travis/build/icyphy/ptII/lib/bsh-2.0b4.j
ar:/home/travis/build/icyphy/ptII/lib/ptCal.jar:/home/travis/build/icyphy/ptII/
lib/java_cup.jar:/home/travis/build/icyphy/ptII/lib/saxon8.jar:/home/travis/bui
ld/icyphy/ptII/lib/saxon8-dom.jar:/home/travis/build/icyphy/ptII/lib/chic.jar:/
home/travis/build/icyphy/ptII/lib/ptcolt.jar:/usr/lib/jvm/java-8-oracle/lib/too
ls.jar:/home/travis/build/icyphy/ptII/vendors/misc/itext/iText.jar:/home/travis
/build/icyphy/ptII/lib/g4ltl.jar:/home/travis/build/icyphy/ptII/lib/StructuralC
oder.jar:/home/travis/build/icyphy/ptII/vendors/jai-1_1_2_01/lib/jai_core.jar:/
home/travis/build/icyphy/ptII/vendors/jai-1_1_2_01/lib/jai_codec.jar:/home/trav
is/build/icyphy/ptII/lib/jcerti.jar:/home/travis/build/icyphy/ptII/lib/javax.ma
il.jar:/home/travis/build/icyphy/ptII/vendors/JMF-2.1.1e/lib/jmf.jar:/home/trav
is/build/icyphy/ptII/lib/jna-4.0.0-variadic.jar:/home/travis/build/icyphy/ptII/
vendors/misc/joystick/Joystick.jar:/home/travis/build/icyphy/ptII/lib/ptjacl.ja
r:/home/travis/build/icyphy/ptII/lib/jsoup-1.8.2.jar:/home/travis/build/icyphy/
ptII/lib/junit-4.8.2.jar:/home/travis/build/icyphy/ptII/lib/JUnitParams-0.4.0.j
ar:/home/travis/build/icyphy/ptII/ptolemy/actor/lib/excel/jxl.jar:/home/travis/
build/icyphy/ptII/lib/jython.jar:/home/travis/build/icyphy/ptII/lib/kieler.jar:
/home/travis/build/icyphy/ptII/vendors/opencv/share/OpenCV/java/opencv-341.jar:
/home/travis/build/icyphy/ptII/lib/oscP5.jar:/home/travis/build/icyphy/ptII/lib
/nrjavaserial-3.11.0.devel.jar:/home/travis/build/icyphy/ptII/vendors/j3d/lib/j
3dcore.jar:/home/travis/build/icyphy/ptII/vendors/j3d/lib/j3dutils.jar:/home/tr
avis/build/icyphy/ptII/vendors/j3d/lib/vecmath.jar:/home/travis/build/icyphy/pt
II/ptolemy/distributed/jini/jar/jini-core.jar:/home/travis/build/icyphy/ptII/pt
olemy/distributed/jini/jar/jini-ext.jar:/home/travis/build/icyphy/ptII/ptolemy/
distributed/jini/jar/sun-util.jar:/home/travis/build/icyphy/ptII/lib/protobuf-j
ava-2.4.1.jar:/home/travis/build/icyphy/ptII/lib/org.eclipse.paho.client.mqttv3
.jar:/home/travis/build/icyphy/ptII/lib/mapss.jar:/home/travis/build/icyphy/ptI
I/ptolemy/actor/ptalon/antlr/antlr.jar:/home/travis/build/icyphy/ptII/lib/JRI.j
ar:/home/travis/build/icyphy/ptII/lib/commons-lang-2.6.jar:/home/travis/build/i
cyphy/ptII/lib/commons-logging-1.1.1.jar:/home/travis/build/icyphy/ptII/lib/soo
tclasses.jar:/home/travis/build/icyphy/ptII/ptolemy/actor/lib/database/mysql-co
nnector-java-5.1.6-bin.jar:/home/travis/build/icyphy/ptII/vendors/misc/sphinx4/
sphinx4-data-5prealpha.jar:/home/travis/build/icyphy/ptII/vendors/misc/sphinx4/
sphinx4-core-5prealpha.jar:/home/travis/build/icyphy/ptII/lib/PDFRenderer.jar:/
home/travis/build/icyphy/ptII/lib/svgSalamander.jar:/home/travis/build/icyphy/p
tII/lib/rsyntaxtextarea-2.6.0-SNAPSHOT.jar:/home/travis/build/icyphy/ptII/lib/h
azelcast-3.8.2.jar:/home/travis/build/icyphy/ptII/lib/jackson-annotations-2.9.0
.jar:/home/travis/build/icyphy/ptII/lib/jackson-core-2.9.3.jar:/home/travis/bui
ld/icyphy/ptII/lib/jackson-databind-2.9.3.jar:/home/travis/build/icyphy/ptII/li
b/netty-buffer-4.1.19.Final.jar:/home/travis/build/icyphy/ptII/lib/netty-codec-
4.1.19.Final.jar:/home/travis/build/icyphy/ptII/lib/netty-codec-dns-4.1.19.Fina
l.jar:/home/travis/build/icyphy/ptII/lib/netty-codec-http-4.1.19.Final.jar:/hom
e/travis/build/icyphy/ptII/lib/netty-codec-http2-4.1.19.Final.jar:/home/travis/
build/icyphy/ptII/lib/netty-common-4.1.19.Final.jar:/home/travis/build/icyphy/p
tII/lib/netty-handler-4.1.19.Final.jar:/home/travis/build/icyphy/ptII/lib/netty
-resolver-4.1.19.Final.jar:/home/travis/build/icyphy/ptII/lib/netty-resolver-dn
s-4.1.19.Final.jar:/home/travis/build/icyphy/ptII/lib/netty-transport-4.1.19.Fi
nal.jar:/home/travis/build/icyphy/ptII/lib/vertx-codegen-3.5.1.jar:/home/travis
/build/icyphy/ptII/lib/vertx-core-3.5.2-SNAPSHOT.jar:/home/travis/build/icyphy/
ptII/lib/vertx-hazelcast-3.5.1.jar:/home/travis/build/icyphy/ptII/lib/vertx-lan
g-js-3.5.1.jar:/home/travis/build/icyphy/ptII/lib/vertx-service-proxy-3.5.1.jar
:/home/travis/build/icyphy/ptII/lib/vertx-web-3.5.1.jar:/home/travis/build/icyp
hy/ptII/lib/slf4j-api-1.7.13.jar:/home/travis/build/icyphy/ptII/lib/slf4j-simpl
e-1.7.13.jar:/home/travis/build/icyphy/ptII/lib/webcam-capture-0.3.12.jar:/home
/travis/build/icyphy/ptII/lib/bridj-0.7.0.jar:/home/travis/build/icyphy/ptII/li
b/xbjlib-1.1.0.nrjavaserial.jar:/home/travis/build/icyphy/ptII/ptolemy/moml/tes
t:/home/travis/build/icyphy/ptII/ant/lib/ant-launcher.jar:/home/travis/build/ic
yphy/ptII/ant/lib/ant.jar:/home/travis/build/icyphy/ptII/ant/lib/ant-junit.jar:
/home/travis/build/icyphy/ptII/ant/lib/ant-junit4.jar:/home/travis/build/icyphy
/ptII ModularCodeGenPubSub4_A1_profile.java
total 2192
drwxrwxr-x   3 travis travis 12288 Jun 11 04:33 AbsoluteValue
-rw-rw-r--   1 travis travis   233 Jun 11 04:38 Array.class
-rw-rw-r--   1 travis travis   459 Jun 11 04:38 Array.java
drwxrwxr-x   3 travis travis 16384 Jun 11 04:33 Case1
drwxrwxr-x   3 travis travis 32768 Jun 11 04:33 Case2
-rw-rw-r--   1 travis travis  4895 Jun 11 04:37 CompiledCompositeActor_CompiledCompositeActor.class
-rw-rw-r--   1 travis travis  1592 Jun 11 04:37 CompiledCompositeActor_CompiledCompositeActor$_CompiledCompositeActor_CompiledCompositeActor.class
-rw-rw-r--   1 travis travis 13466 Jun 11 04:37 CompiledCompositeActor_CompiledCompositeActor.java
-rw-rw-r--   1 travis travis  1593 Jun 11 04:37 CompiledCompositeActor_CompiledCompositeActor.mk
drwxrwxr-x   3 travis travis 24576 Jun 11 04:35 DeScrambler
drwxrwxr-x   3 travis travis 16384 Jun 11 04:36 DotProduct
drwxrwxr-x   3 travis travis 12288 Jun 11 04:33 FileWriter1
drwxrwxr-x   3 travis travis 20480 Jun 11 04:32 FixToDoubleAndBack
drwxrwxr-x   3 travis travis 16384 Jun 11 04:33 Gaussian1
drwxrwxr-x   3 travis travis 20480 Jun 11 04:33 Gaussian2
-rw-rw-r--   1 travis travis  4457 Jun 11 04:37 JavaCompiledCompositeTest1_CompiledCompositeActor.class
-rw-rw-r--   1 travis travis 11637 Jun 11 04:37 JavaCompiledCompositeTest1_CompiledCompositeActor.java
-rw-rw-r--   1 travis travis  1198 Jun 11 04:37 JavaCompiledCompositeTest1_CompiledCompositeActor$_JavaCompiledCompositeTest1_CompiledCompositeActor.class
-rw-rw-r--   1 travis travis  1625 Jun 11 04:37 JavaCompiledCompositeTest1_CompiledCompositeActor.mk
-rw-rw-r--   1 travis travis  4888 Jun 11 04:37 JavaCompiledCompositeTest2_CompiledCompositeActor.class
-rw-rw-r--   1 travis travis 14919 Jun 11 04:37 JavaCompiledCompositeTest2_CompiledCompositeActor.java
-rw-rw-r--   1 travis travis  1793 Jun 11 04:37 JavaCompiledCompositeTest2_CompiledCompositeActor$_JavaCompiledCompositeTest2_CompiledCompositeActor.class
-rw-rw-r--   1 travis travis  1625 Jun 11 04:37 JavaCompiledCompositeTest2_CompiledCompositeActor.mk
-rw-rw-r--   1 travis travis  4505 Jun 11 04:37 JavaCompiledCompositeTest3_CompiledCompositeActor.class
-rw-rw-r--   1 travis travis 13080 Jun 11 04:37 JavaCompiledCompositeTest3_CompiledCompositeActor.java
-rw-rw-r--   1 travis travis  1378 Jun 11 04:37 JavaCompiledCompositeTest3_CompiledCompositeActor$_JavaCompiledCompositeTest3_CompiledCompositeActor.class
-rw-rw-r--   1 travis travis  1625 Jun 11 04:37 JavaCompiledCompositeTest3_CompiledCompositeActor.mk
-rw-rw-r--   1 travis travis  3953 Jun 11 04:37 JavaCompiledCompositeTest4_CompiledCompositeActor.class
-rw-rw-r--   1 travis travis  9687 Jun 11 04:37 JavaCompiledCompositeTest4_CompiledCompositeActor.java
-rw-rw-r--   1 travis travis   857 Jun 11 04:37 JavaCompiledCompositeTest4_CompiledCompositeActor$_JavaCompiledCompositeTest4_CompiledCompositeActor.class
-rw-rw-r--   1 travis travis  1625 Jun 11 04:37 JavaCompiledCompositeTest4_CompiledCompositeActor.mk
drwxrwxr-x   3 travis travis 12288 Jun 11 04:33 LookupTable
drwxrwxr-x   3 travis travis 20480 Jun 11 04:34 MaxIndex
-rw-rw-r--   1 travis travis  3693 Jun 11 04:37 ModularCG_A1_B1.class
-rw-rw-r--   1 travis travis  9730 Jun 11 04:37 ModularCG_A1_B1.java
-rw-rw-r--   1 travis travis   832 Jun 11 04:37 ModularCG_A1_B1.mk
-rw-rw-r--   1 travis travis  1318 Jun 11 04:37 ModularCG_A1_B1_profile.class
-rw-rw-r--   1 travis travis  1262 Jun 11 04:37 ModularCG_A1_B1_profile.java
-rw-rw-r--   1 travis travis  3693 Jun 11 04:37 ModularCG_A1_B2.class
-rw-rw-r--   1 travis travis  9730 Jun 11 04:37 ModularCG_A1_B2.java
-rw-rw-r--   1 travis travis   832 Jun 11 04:37 ModularCG_A1_B2.mk
-rw-rw-r--   1 travis travis  1318 Jun 11 04:37 ModularCG_A1_B2_profile.class
-rw-rw-r--   1 travis travis  1262 Jun 11 04:37 ModularCG_A1_B2_profile.java
-rw-rw-r--   1 travis travis  4799 Jun 11 04:37 ModularCG_A1.class
-rw-rw-r--   1 travis travis 14742 Jun 11 04:37 ModularCG_A1.java
-rw-rw-r--   1 travis travis   808 Jun 11 04:37 ModularCG_A1.mk
-rw-rw-r--   1 travis travis  1433 Jun 11 04:37 ModularCG_A1_profile.class
-rw-rw-r--   1 travis travis  1704 Jun 11 04:37 ModularCG_A1_profile.java
-rw-rw-r--   1 travis travis  3827 Jun 11 04:37 ModularCG_A2_B1.class
-rw-rw-r--   1 travis travis 10667 Jun 11 04:37 ModularCG_A2_B1.java
-rw-rw-r--   1 travis travis   832 Jun 11 04:37 ModularCG_A2_B1.mk
-rw-rw-r--   1 travis travis  1381 Jun 11 04:37 ModularCG_A2_B1_profile.class
-rw-rw-r--   1 travis travis  1446 Jun 11 04:37 ModularCG_A2_B1_profile.java
-rw-rw-r--   1 travis travis  3693 Jun 11 04:37 ModularCG_A2_B2.class
-rw-rw-r--   1 travis travis  9730 Jun 11 04:37 ModularCG_A2_B2.java
-rw-rw-r--   1 travis travis   832 Jun 11 04:37 ModularCG_A2_B2.mk
-rw-rw-r--   1 travis travis  1318 Jun 11 04:37 ModularCG_A2_B2_profile.class
-rw-rw-r--   1 travis travis  1262 Jun 11 04:37 ModularCG_A2_B2_profile.java
-rw-rw-r--   1 travis travis  4870 Jun 11 04:37 ModularCG_A2.class
-rw-rw-r--   1 travis travis 15129 Jun 11 04:37 ModularCG_A2.java
-rw-rw-r--   1 travis travis   808 Jun 11 04:37 ModularCG_A2.mk
-rw-rw-r--   1 travis travis  1433 Jun 11 04:37 ModularCG_A2_profile.class
-rw-rw-r--   1 travis travis  1704 Jun 11 04:37 ModularCG_A2_profile.java
-rw-rw-r--   1 travis travis  3473 Jun 11 04:37 ModularCGPubSub_A1_A2.class
-rw-rw-r--   1 travis travis  9076 Jun 11 04:37 ModularCGPubSub_A1_A2.java
-rw-rw-r--   1 travis travis   880 Jun 11 04:37 ModularCGPubSub_A1_A2.mk
-rw-rw-r--   1 travis travis  1300 Jun 11 04:37 ModularCGPubSub_A1_A2_profile.class
-rw-rw-r--   1 travis travis  1222 Jun 11 04:37 ModularCGPubSub_A1_A2_profile.java
-rw-rw-r--   1 travis travis  3790 Jun 11 04:37 ModularCGPubSub_A1.class
-rw-rw-r--   1 travis travis  9836 Jun 11 04:37 ModularCGPubSub_A1.java
-rw-rw-r--   1 travis travis   856 Jun 11 04:37 ModularCGPubSub_A1.mk
-rw-rw-r--   1 travis travis  1346 Jun 11 04:37 ModularCGPubSub_A1_profile.class
-rw-rw-r--   1 travis travis  1388 Jun 11 04:37 ModularCGPubSub_A1_profile.java
-rw-rw-r--   1 travis travis  3988 Jun 11 04:38 ModularCodeGen2_ModularCodeGenTypedCompositeActor.class
-rw-rw-r--   1 travis travis 11690 Jun 11 04:38 ModularCodeGen2_ModularCodeGenTypedCompositeActor.java
-rw-rw-r--   1 travis travis  1104 Jun 11 04:38 ModularCodeGen2_ModularCodeGenTypedCompositeActor.mk
-rw-rw-r--   1 travis travis  4272 Jun 11 04:38 ModularCodeGen2_ModularCodeGenTypedCompositeActor_ModularCodeGenTypedCompositeActor.class
-rw-rw-r--   1 travis travis 11790 Jun 11 04:37 ModularCodeGen2_ModularCodeGenTypedCompositeActor_ModularCodeGenTypedCompositeActor.java
-rw-rw-r--   1 travis travis  1376 Jun 11 04:37 ModularCodeGen2_ModularCodeGenTypedCompositeActor_ModularCodeGenTypedCompositeActor.mk
-rw-rw-r--   1 travis travis  1421 Jun 11 04:37 ModularCodeGen2_ModularCodeGenTypedCompositeActor_ModularCodeGenTypedCompositeActor_profile.class
-rw-rw-r--   1 travis travis  1294 Jun 11 04:37 ModularCodeGen2_ModularCodeGenTypedCompositeActor_ModularCodeGenTypedCompositeActor_profile.java
-rw-rw-r--   1 travis travis   820 Jun 11 04:38 ModularCodeGen2_ModularCodeGenTypedCompositeActor_profile.class
-rw-rw-r--   1 travis travis   693 Jun 11 04:38 ModularCodeGen2_ModularCodeGenTypedCompositeActor_profile.java
-rw-rw-r--   1 travis travis  3741 Jun 11 04:38 ModularCodeGen3_A1_B1.class
-rw-rw-r--   1 travis travis  9958 Jun 11 04:38 ModularCodeGen3_A1_B1.java
-rw-rw-r--   1 travis travis   880 Jun 11 04:38 ModularCodeGen3_A1_B1.mk
-rw-rw-r--   1 travis travis  1330 Jun 11 04:38 ModularCodeGen3_A1_B1_profile.class
-rw-rw-r--   1 travis travis  1274 Jun 11 04:38 ModularCodeGen3_A1_B1_profile.java
-rw-rw-r--   1 travis travis  3741 Jun 11 04:38 ModularCodeGen3_A1_B2.class
-rw-rw-r--   1 travis travis  9958 Jun 11 04:38 ModularCodeGen3_A1_B2.java
-rw-rw-r--   1 travis travis   880 Jun 11 04:38 ModularCodeGen3_A1_B2.mk
-rw-rw-r--   1 travis travis  1330 Jun 11 04:38 ModularCodeGen3_A1_B2_profile.class
-rw-rw-r--   1 travis travis  1274 Jun 11 04:38 ModularCodeGen3_A1_B2_profile.java
-rw-rw-r--   1 travis travis  4961 Jun 11 04:38 ModularCodeGen3_A1.class
-rw-rw-r--   1 travis travis 15564 Jun 11 04:38 ModularCodeGen3_A1.java
-rw-rw-r--   1 travis travis   856 Jun 11 04:38 ModularCodeGen3_A1.mk
-rw-rw-r--   1 travis travis  1445 Jun 11 04:38 ModularCodeGen3_A1_profile.class
-rw-rw-r--   1 travis travis  1716 Jun 11 04:38 ModularCodeGen3_A1_profile.java
-rw-rw-r--   1 travis travis  3887 Jun 11 04:38 ModularCodeGen3_A2_B1.class
-rw-rw-r--   1 travis travis 10955 Jun 11 04:38 ModularCodeGen3_A2_B1.java
-rw-rw-r--   1 travis travis   880 Jun 11 04:38 ModularCodeGen3_A2_B1.mk
-rw-rw-r--   1 travis travis  1393 Jun 11 04:38 ModularCodeGen3_A2_B1_profile.class
-rw-rw-r--   1 travis travis  1458 Jun 11 04:38 ModularCodeGen3_A2_B1_profile.java
-rw-rw-r--   1 travis travis  3741 Jun 11 04:38 ModularCodeGen3_A2_B2.class
-rw-rw-r--   1 travis travis  9958 Jun 11 04:38 ModularCodeGen3_A2_B2.java
-rw-rw-r--   1 travis travis   880 Jun 11 04:38 ModularCodeGen3_A2_B2.mk
-rw-rw-r--   1 travis travis  1330 Jun 11 04:38 ModularCodeGen3_A2_B2_profile.class
-rw-rw-r--   1 travis travis  1274 Jun 11 04:38 ModularCodeGen3_A2_B2_profile.java
-rw-rw-r--   1 travis travis  5038 Jun 11 04:38 ModularCodeGen3_A2.class
-rw-rw-r--   1 travis travis 15957 Jun 11 04:38 ModularCodeGen3_A2.java
-rw-rw-r--   1 travis travis   856 Jun 11 04:38 ModularCodeGen3_A2.mk
-rw-rw-r--   1 travis travis  1445 Jun 11 04:38 ModularCodeGen3_A2_profile.class
-rw-rw-r--   1 travis travis  1716 Jun 11 04:38 ModularCodeGen3_A2_profile.java
-rw-rw-r--   1 travis travis  3794 Jun 11 04:38 ModularCodeGen4_A1_B1.class
-rw-rw-r--   1 travis travis 10312 Jun 11 04:38 ModularCodeGen4_A1_B1.java
-rw-rw-r--   1 travis travis   880 Jun 11 04:38 ModularCodeGen4_A1_B1.mk
-rw-rw-r--   1 travis travis  1330 Jun 11 04:38 ModularCodeGen4_A1_B1_profile.class
-rw-rw-r--   1 travis travis  1273 Jun 11 04:38 ModularCodeGen4_A1_B1_profile.java
-rw-rw-r--   1 travis travis  3794 Jun 11 04:38 ModularCodeGen4_A1_B2.class
-rw-rw-r--   1 travis travis 10312 Jun 11 04:38 ModularCodeGen4_A1_B2.java
-rw-rw-r--   1 travis travis   880 Jun 11 04:38 ModularCodeGen4_A1_B2.mk
-rw-rw-r--   1 travis travis  1330 Jun 11 04:38 ModularCodeGen4_A1_B2_profile.class
-rw-rw-r--   1 travis travis  1273 Jun 11 04:38 ModularCodeGen4_A1_B2_profile.java
-rw-rw-r--   1 travis travis  5101 Jun 11 04:38 ModularCodeGen4_A1.class
-rw-rw-r--   1 travis travis 16245 Jun 11 04:38 ModularCodeGen4_A1.java
-rw-rw-r--   1 travis travis   856 Jun 11 04:38 ModularCodeGen4_A1.mk
-rw-rw-r--   1 travis travis  1445 Jun 11 04:38 ModularCodeGen4_A1_profile.class
-rw-rw-r--   1 travis travis  1712 Jun 11 04:38 ModularCodeGen4_A1_profile.java
-rw-rw-r--   1 travis travis  3988 Jun 11 04:38 ModularCodeGen4_A2_B1.class
-rw-rw-r--   1 travis travis 11375 Jun 11 04:38 ModularCodeGen4_A2_B1.java
-rw-rw-r--   1 travis travis   880 Jun 11 04:38 ModularCodeGen4_A2_B1.mk
-rw-rw-r--   1 travis travis  1393 Jun 11 04:38 ModularCodeGen4_A2_B1_profile.class
-rw-rw-r--   1 travis travis  1454 Jun 11 04:38 ModularCodeGen4_A2_B1_profile.java
-rw-rw-r--   1 travis travis  3842 Jun 11 04:38 ModularCodeGen4_A2_B2.class
-rw-rw-r--   1 travis travis 10378 Jun 11 04:38 ModularCodeGen4_A2_B2.java
-rw-rw-r--   1 travis travis   880 Jun 11 04:38 ModularCodeGen4_A2_B2.mk
-rw-rw-r--   1 travis travis  1330 Jun 11 04:38 ModularCodeGen4_A2_B2_profile.class
-rw-rw-r--   1 travis travis  1270 Jun 11 04:38 ModularCodeGen4_A2_B2_profile.java
-rw-rw-r--   1 travis travis  5274 Jun 11 04:38 ModularCodeGen4_A2.class
-rw-rw-r--   1 travis travis 16770 Jun 11 04:38 ModularCodeGen4_A2.java
-rw-rw-r--   1 travis travis   856 Jun 11 04:38 ModularCodeGen4_A2.mk
-rw-rw-r--   1 travis travis  1445 Jun 11 04:38 ModularCodeGen4_A2_profile.class
-rw-rw-r--   1 travis travis  1712 Jun 11 04:38 ModularCodeGen4_A2_profile.java
-rw-rw-r--   1 travis travis  6838 Jun 11 04:38 ModularCodeGen5_A_A.class
-rw-rw-r--   1 travis travis 28721 Jun 11 04:38 ModularCodeGen5_A_A.java
-rw-rw-r--   1 travis travis   864 Jun 11 04:38 ModularCodeGen5_A_A.mk
-rw-rw-r--   1 travis travis  1520 Jun 11 04:38 ModularCodeGen5_A_A_profile.class
-rw-rw-r--   1 travis travis  1815 Jun 11 04:38 ModularCodeGen5_A_A_profile.java
-rw-rw-r--   1 travis travis  5115 Jun 11 04:38 ModularCodeGen5_A.class
-rw-rw-r--   1 travis travis 13769 Jun 11 04:38 ModularCodeGen5_A.java
-rw-rw-r--   1 travis travis   848 Jun 11 04:38 ModularCodeGen5_A.mk
-rw-rw-r--   1 travis travis  1422 Jun 11 04:38 ModularCodeGen5_A_profile.class
-rw-rw-r--   1 travis travis  1605 Jun 11 04:38 ModularCodeGen5_A_profile.java
-rw-rw-r--   1 travis travis  4125 Jun 11 04:38 ModularCodeGen6_A_A2.class
-rw-rw-r--   1 travis travis 11329 Jun 11 04:38 ModularCodeGen6_A_A2.java
-rw-rw-r--   1 travis travis   872 Jun 11 04:38 ModularCodeGen6_A_A2.mk
-rw-rw-r--   1 travis travis  1351 Jun 11 04:38 ModularCodeGen6_A_A2_profile.class
-rw-rw-r--   1 travis travis  1364 Jun 11 04:38 ModularCodeGen6_A_A2_profile.java
-rw-rw-r--   1 travis travis  4108 Jun 11 04:38 ModularCodeGen6_A_A.class
-rw-rw-r--   1 travis travis 11221 Jun 11 04:38 ModularCodeGen6_A_A.java
-rw-rw-r--   1 travis travis   864 Jun 11 04:38 ModularCodeGen6_A_A.mk
-rw-rw-r--   1 travis travis  1348 Jun 11 04:38 ModularCodeGen6_A_A_profile.class
-rw-rw-r--   1 travis travis  1361 Jun 11 04:38 ModularCodeGen6_A_A_profile.java
-rw-rw-r--   1 travis travis  7237 Jun 11 04:38 ModularCodeGen6_A.class
-rw-rw-r--   1 travis travis 26535 Jun 11 04:38 ModularCodeGen6_A.java
-rw-rw-r--   1 travis travis   848 Jun 11 04:38 ModularCodeGen6_A.mk
-rw-rw-r--   1 travis travis  1483 Jun 11 04:38 ModularCodeGen6_A_profile.class
-rw-rw-r--   1 travis travis  1810 Jun 11 04:38 ModularCodeGen6_A_profile.java
-rw-rw-r--   1 travis travis  9439 Jun 11 04:38 ModularCodeGenLazyPubSubGlobal_CompositeActor_ModularCodeGenTypedComposite.class
-rw-rw-r--   1 travis travis 30161 Jun 11 04:38 ModularCodeGenLazyPubSubGlobal_CompositeActor_ModularCodeGenTypedComposite.java
-rw-rw-r--   1 travis travis  1304 Jun 11 04:38 ModularCodeGenLazyPubSubGlobal_CompositeActor_ModularCodeGenTypedComposite.mk
-rw-rw-r--   1 travis travis  1438 Jun 11 04:38 ModularCodeGenLazyPubSubGlobal_CompositeActor_ModularCodeGenTypedComposite_profile.class
-rw-rw-r--   1 travis travis  1384 Jun 11 04:38 ModularCodeGenLazyPubSubGlobal_CompositeActor_ModularCodeGenTypedComposite_profile.java
-rw-rw-r--   1 travis travis  3952 Jun 11 04:38 ModularCodeGenLazyPubSub_LazyCompositeActor.class
-rw-rw-r--   1 travis travis 11122 Jun 11 04:38 ModularCodeGenLazyPubSub_LazyCompositeActor.java
-rw-rw-r--   1 travis travis  1056 Jun 11 04:38 ModularCodeGenLazyPubSub_LazyCompositeActor.mk
-rw-rw-r--   1 travis travis  1286 Jun 11 04:38 ModularCodeGenLazyPubSub_LazyCompositeActor_profile.class
-rw-rw-r--   1 travis travis  1091 Jun 11 04:38 ModularCodeGenLazyPubSub_LazyCompositeActor_profile.java
-rw-rw-r--   1 travis travis  3954 Jun 11 04:37 ModularCodeGen_ModularCodeGenTypedCompositeActor.class
-rw-rw-r--   1 travis travis 10970 Jun 11 04:37 ModularCodeGen_ModularCodeGenTypedCompositeActor.java
-rw-rw-r--   1 travis travis  1096 Jun 11 04:37 ModularCodeGen_ModularCodeGenTypedCompositeActor.mk
-rw-rw-r--   1 travis travis  1384 Jun 11 04:37 ModularCodeGen_ModularCodeGenTypedCompositeActor_profile.class
-rw-rw-r--   1 travis travis  1328 Jun 11 04:37 ModularCodeGen_ModularCodeGenTypedCompositeActor_profile.java
-rw-rw-r--   1 travis travis  3441 Jun 11 04:38 ModularCodeGenPubSub2_A1_A.class
-rw-rw-r--   1 travis travis  8578 Jun 11 04:38 ModularCodeGenPubSub2_A1_A.java
-rw-rw-r--   1 travis travis   920 Jun 11 04:38 ModularCodeGenPubSub2_A1_A.mk
-rw-rw-r--   1 travis travis  1274 Jun 11 04:38 ModularCodeGenPubSub2_A1_A_profile.class
-rw-rw-r--   1 travis travis  1128 Jun 11 04:38 ModularCodeGenPubSub2_A1_A_profile.java
-rw-rw-r--   1 travis travis  3733 Jun 11 04:38 ModularCodeGenPubSub2_A1.class
-rw-rw-r--   1 travis travis  9781 Jun 11 04:38 ModularCodeGenPubSub2_A1.java
-rw-rw-r--   1 travis travis   904 Jun 11 04:38 ModularCodeGenPubSub2_A1.mk
-rw-rw-r--   1 travis travis  1268 Jun 11 04:38 ModularCodeGenPubSub2_A1_profile.class
-rw-rw-r--   1 travis travis  1196 Jun 11 04:38 ModularCodeGenPubSub2_A1_profile.java
-rw-rw-r--   1 travis travis  3437 Jun 11 04:38 ModularCodeGenPubSub3_A1_A2.class
-rw-rw-r--   1 travis travis  8599 Jun 11 04:38 ModularCodeGenPubSub3_A1_A2.java
-rw-rw-r--   1 travis travis   928 Jun 11 04:38 ModularCodeGenPubSub3_A1_A2.mk
-rw-rw-r--   1 travis travis  1287 Jun 11 04:38 ModularCodeGenPubSub3_A1_A2_profile.class
-rw-rw-r--   1 travis travis  1132 Jun 11 04:38 ModularCodeGenPubSub3_A1_A2_profile.java
-rw-rw-r--   1 travis travis  3856 Jun 11 04:38 ModularCodeGenPubSub3_A1.class
-rw-rw-r--   1 travis travis 10100 Jun 11 04:38 ModularCodeGenPubSub3_A1.java
-rw-rw-r--   1 travis travis   904 Jun 11 04:38 ModularCodeGenPubSub3_A1.mk
-rw-rw-r--   1 travis travis  1358 Jun 11 04:38 ModularCodeGenPubSub3_A1_profile.class
-rw-rw-r--   1 travis travis  1400 Jun 11 04:38 ModularCodeGenPubSub3_A1_profile.java
-rw-rw-r--   1 travis travis  3441 Jun 11 04:38 ModularCodeGenPubSub4_A1_A.class
-rw-rw-r--   1 travis travis  8578 Jun 11 04:38 ModularCodeGenPubSub4_A1_A.java
-rw-rw-r--   1 travis travis   920 Jun 11 04:38 ModularCodeGenPubSub4_A1_A.mk
-rw-rw-r--   1 travis travis  1274 Jun 11 04:38 ModularCodeGenPubSub4_A1_A_profile.class
-rw-rw-r--   1 travis travis  1128 Jun 11 04:38 ModularCodeGenPubSub4_A1_A_profile.java
-rw-rw-r--   1 travis travis  1137 Jun 11 04:38 ModularCodeGenPubSub4_A1_profile.java
-rw-rw-r--   1 travis travis  3475 Jun 11 04:38 ModularCodeGenPubSub_A1.class
-rw-rw-r--   1 travis travis  9060 Jun 11 04:38 ModularCodeGenPubSub_A1.java
-rw-rw-r--   1 travis travis   896 Jun 11 04:38 ModularCodeGenPubSub_A1.mk
-rw-rw-r--   1 travis travis  1278 Jun 11 04:38 ModularCodeGenPubSub_A1_profile.class
-rw-rw-r--   1 travis travis  1195 Jun 11 04:38 ModularCodeGenPubSub_A1_profile.java
-rw-rw-r--   1 travis travis  3492 Jun 11 04:37 ModularCodeGenTest_A1_A2.class
-rw-rw-r--   1 travis travis   904 Jun 11 04:37 ModularCodeGenTest_A1_A2.mk
-rw-rw-r--   1 travis travis  1306 Jun 11 04:37 ModularCodeGenTest_A1_A2_profile.class
-rw-rw-r--   1 travis travis  3823 Jun 11 04:37 ModularCodeGenTest_A1.class
-rw-rw-r--   1 travis travis  9968 Jun 11 04:37 ModularCodeGenTest_A1.java
-rw-rw-r--   1 travis travis   880 Jun 11 04:37 ModularCodeGenTest_A1.mk
-rw-rw-r--   1 travis travis  1352 Jun 11 04:37 ModularCodeGenTest_A1_profile.class
-rw-rw-r--   1 travis travis  1394 Jun 11 04:37 ModularCodeGenTest_A1_profile.java
drwxrwxr-x   3 travis travis 36864 Jun 11 04:37 modulation2
drwxrwxr-x   3 travis travis 20480 Jun 11 04:34 Multiplexor
drwxrwxr-x 242 travis travis 12288 Jun 11 04:37 node_modules
drwxrwxr-x   3 travis travis 20480 Jun 11 04:34 PhaseUnwrap
-rw-rw-r--   1 travis travis   520 Jun 11 04:37 Repeat$_fireFunction_Repeat_Repeat$__f_sL_0.class
-rw-rw-r--   1 travis travis   522 Jun 11 04:37 Repeat$_fireFunction_Repeat_Repeat$__f_sL_10.class
-rw-rw-r--   1 travis travis   666 Jun 11 04:37 Repeat$_fireFunction_Repeat_Repeat$__f_sL_11.class
-rw-rw-r--   1 travis travis   522 Jun 11 04:37 Repeat$_fireFunction_Repeat_Repeat$__f_sL_13.class
-rw-rw-r--   1 travis travis   665 Jun 11 04:37 Repeat$_fireFunction_Repeat_Repeat$__f_sL_1.class
-rw-rw-r--   1 travis travis   520 Jun 11 04:37 Repeat$_fireFunction_Repeat_Repeat$__f_sL_2.class
-rw-rw-r--   1 travis travis   520 Jun 11 04:37 Repeat$_fireFunction_Repeat_Repeat$__f_sL_3.class
-rw-rw-r--   1 travis travis   520 Jun 11 04:37 Repeat$_fireFunction_Repeat_Repeat$__f_sL_5.class
-rw-rw-r--   1 travis travis   671 Jun 11 04:37 Repeat$_fireFunction_Repeat_Repeat$__f_sL_7.class
-rw-rw-r--   1 travis travis   520 Jun 11 04:37 Repeat$_fireFunction_Repeat_Repeat$__f_sL_9.class
-rw-rw-r--   1 travis travis   813 Jun 11 04:37 Repeat$_initialize_Repeat.class
-rw-rw-r--   1 travis travis   475 Jun 11 04:37 Repeat$_initialize_Repeat$__i_sL_0.class
-rw-rw-r--   1 travis travis   519 Jun 11 04:37 Repeat$_initialize_Repeat$__i_sL_3.class
-rw-rw-r--   1 travis travis 39778 Jun 11 04:37 Repeat.java
-rw-rw-r--   1 travis travis  1281 Jun 11 04:37 Repeat.mk
-rw-rw-r--   1 travis travis   520 Jun 11 04:37 Repeat$_preinitializeMethod_Repeat$__p_sL_0.class
-rw-rw-r--   1 travis travis   520 Jun 11 04:37 Repeat$_preinitializeMethod_Repeat$__p_sL_1.class
-rw-rw-r--   1 travis travis  1083 Jun 11 04:37 Repeat$_Repeat$_fireFunction_Repeat_AddSubtract_Repeat.class
-rw-rw-r--   1 travis travis   791 Jun 11 04:37 Repeat$_Repeat$_fireFunction_Repeat_AddSubtract_Repeat$__f_sL_0.class
-rw-rw-r--   1 travis travis   909 Jun 11 04:37 Repeat$_Repeat$_fireFunction_Repeat_AddSubtract_Repeat$__f_sL_1.class
-rw-rw-r--   1 travis travis   915 Jun 11 04:37 Repeat$_Repeat$_fireFunction_Repeat_AddSubtract_Repeat$__f_sL_2.class
-rw-rw-r--   1 travis travis   838 Jun 11 04:37 Repeat$_Repeat$_fireFunction_Repeat_Ramp2_Repeat$__f_sL_1.class
-rw-rw-r--   1 travis travis  1785 Jun 11 04:37 Repeat$_Repeat$_fireFunction_Repeat_Test_Repeat$__f_sL_2.class
-rw-rw-r--   1 travis travis   685 Jun 11 04:37 Repeat$_Repeat_SDF_Director_run_Repeat$__R_sL_0.class
-rw-rw-r--   1 travis travis   540 Jun 11 04:37 Repeat$_Repeat_SDF_Director_run_Repeat$__R_sL_1.class
-rw-rw-r--   1 travis travis   540 Jun 11 04:37 Repeat$_Repeat_SDF_Director_run_Repeat$__R_sL_2.class
-rw-rw-r--   1 travis travis   540 Jun 11 04:37 Repeat$_Repeat_SDF_Director_run_Repeat$__R_sL_4.class
-rw-rw-r--   1 travis travis   540 Jun 11 04:37 Repeat$_Repeat_SDF_Director_run_Repeat$__R_sL_5.class
-rw-rw-r--   1 travis travis   691 Jun 11 04:37 Repeat$_Repeat_SDF_Director_run_Repeat$__R_sL_6.class
-rw-rw-r--   1 travis travis   540 Jun 11 04:37 Repeat$_Repeat_SDF_Director_run_Repeat$__R_sL_7.class
-rw-rw-r--   1 travis travis   863 Jun 11 04:37 Repeat$_varinit_Repeat.class
-rw-rw-r--   1 travis travis   530 Jun 11 04:37 Repeat$_varinit_Repeat$__v_sL_1.class
-rw-rw-r--   1 travis travis   531 Jun 11 04:37 Repeat$_varinit_Repeat$__v_sL_2.class
-rw-rw-r--   1 travis travis   905 Jun 11 04:37 Repeat$_varinit_Repeat$__v_sL_4.class
-rw-rw-r--   1 travis travis   635 Jun 11 04:37 Repeat$_wrapup_Repeat.class
-rw-rw-r--   1 travis travis   965 Jun 11 04:37 Repeat$_wrapup_Repeat$__w_sL_1.class
-rw-rw-r--   1 travis travis   289 Jun 11 04:32 result.csv
drwxrwxr-x   3 travis travis 12288 Jun 11 04:35 Scrambler1
drwxrwxr-x   3 travis travis 20480 Jun 11 04:34 Sinewave2
drwxrwxr-x   3 travis travis 69632 Jun 11 04:35 StringCompare
drwxrwxr-x   3 travis travis 32768 Jun 11 04:35 StringFunction
drwxrwxr-x   3 travis travis 12288 Jun 11 04:35 StringLength
drwxrwxr-x   3 travis travis 57344 Jun 11 04:36 StringSimpleReplace
drwxrwxr-x   3 travis travis 12288 Jun 11 04:37 time2
drwxrwxr-x   3 travis travis 12288 Jun 11 04:37 time5
-rw-rw-r--   1 travis travis   432 Jun 11 04:38 Token.class
-rw-rw-r--   1 travis travis   251 Jun 11 04:38 Token.java
-rw-rw-r--   1 travis travis     0 Jun 11 04:37 top.
-rw-rw-r--   1 travis travis 20502 Jun 11 04:32 top.c
-rw-rw-r--   1 travis travis  3567 Jun 11 04:37 top.class
-rw-rw-r--   1 travis travis   169 Jun 11 04:32 top.html
-rw-rw-r--   1 travis travis  7552 Jun 11 04:37 top.java
-rw-rw-r--   1 travis travis 38888 Jun 11 04:32 top.o
drwxrwxr-x   3 travis travis 57344 Jun 11 04:34 UnaryMathFunction
All Done
Writing ModularCodeGenPubSub4_A1.java in file:/home/travis/cg/ (9231 characters)
Reading "ptolemy/cg/kernel/generic/program/procedural/java/modular/makefile.in",
    writing "/home/travis/cg/ModularCodeGenPubSub4_A1.mk"
Using ptolemy/cg/kernel/generic/program/procedural/java/modular/makefile.in
In "/home/travis/cg", about to execute:
    make -f ModularCodeGenPubSub4_A1.mk
javac -classpath ".:.."    ModularCodeGenPubSub4_A1.java
All Done
3997 ms. Memory: 117760K Free: 77217K (66%)
----------------- Invoking toplevel() on ptolemy.moml.MoMLSimpleApplication@15532ad2
----------------- Done invoking toplevel() on ptolemy.moml.MoMLSimpleApplication@15532ad2
reloadAllAccessors: .ModularCodeGenPubSub4

===========================================================================================
----------------- testing Tue Jun 11 04:38:56 UTC 2019 /home/travis/build/icyphy/ptII/ptolemy/cg/lib/test/auto/PubSubAggLazy.xml
----------------- Instantiating /home/travis/build/icyphy/ptII/ptolemy/cg/lib/test/auto/PubSubAggLazy.xml
8 ms. Memory: 117760K Free: 70932K (60%)
----------------- Invoking toplevel() on ptolemy.moml.MoMLSimpleApplication@46159df3
----------------- Done invoking toplevel() on ptolemy.moml.MoMLSimpleApplication@46159df3
reloadAllAccessors: .PubSubAggLazy

===========================================================================================
----------------- testing Tue Jun 11 04:38:56 UTC 2019 /home/travis/build/icyphy/ptII/ptolemy/cg/lib/test/auto/PubSubAggModularCodeGen.xml
----------------- Instantiating /home/travis/build/icyphy/ptII/ptolemy/cg/lib/test/auto/PubSubAggModularCodeGen.xml
In "/home/travis/cg", about to execute:
    pwd
/home/travis/cg
In "/home/travis/cg", about to execute:
    ls -l
total 2220
drwxrwxr-x   3 travis travis 12288 Jun 11 04:33 AbsoluteValue
-rw-rw-r--   1 travis travis   233 Jun 11 04:38 Array.class
-rw-rw-r--   1 travis travis   459 Jun 11 04:38 Array.java
drwxrwxr-x   3 travis travis 16384 Jun 11 04:33 Case1
drwxrwxr-x   3 travis travis 32768 Jun 11 04:33 Case2
-rw-rw-r--   1 travis travis  4895 Jun 11 04:37 CompiledCompositeActor_CompiledCompositeActor.class
-rw-rw-r--   1 travis travis  1592 Jun 11 04:37 CompiledCompositeActor_CompiledCompositeActor$_CompiledCompositeActor_CompiledCompositeActor.class
-rw-rw-r--   1 travis travis 13466 Jun 11 04:37 CompiledCompositeActor_CompiledCompositeActor.java
-rw-rw-r--   1 travis travis  1593 Jun 11 04:37 CompiledCompositeActor_CompiledCompositeActor.mk
drwxrwxr-x   3 travis travis 24576 Jun 11 04:35 DeScrambler
drwxrwxr-x   3 travis travis 16384 Jun 11 04:36 DotProduct
drwxrwxr-x   3 travis travis 12288 Jun 11 04:33 FileWriter1
drwxrwxr-x   3 travis travis 20480 Jun 11 04:32 FixToDoubleAndBack
drwxrwxr-x   3 travis travis 16384 Jun 11 04:33 Gaussian1
drwxrwxr-x   3 travis travis 20480 Jun 11 04:33 Gaussian2
-rw-rw-r--   1 travis travis  4457 Jun 11 04:37 JavaCompiledCompositeTest1_CompiledCompositeActor.class
-rw-rw-r--   1 travis travis 11637 Jun 11 04:37 JavaCompiledCompositeTest1_CompiledCompositeActor.java
-rw-rw-r--   1 travis travis  1198 Jun 11 04:37 JavaCompiledCompositeTest1_CompiledCompositeActor$_JavaCompiledCompositeTest1_CompiledCompositeActor.class
-rw-rw-r--   1 travis travis  1625 Jun 11 04:37 JavaCompiledCompositeTest1_CompiledCompositeActor.mk
-rw-rw-r--   1 travis travis  4888 Jun 11 04:37 JavaCompiledCompositeTest2_CompiledCompositeActor.class
-rw-rw-r--   1 travis travis 14919 Jun 11 04:37 JavaCompiledCompositeTest2_CompiledCompositeActor.java
-rw-rw-r--   1 travis travis  1793 Jun 11 04:37 JavaCompiledCompositeTest2_CompiledCompositeActor$_JavaCompiledCompositeTest2_CompiledCompositeActor.class
-rw-rw-r--   1 travis travis  1625 Jun 11 04:37 JavaCompiledCompositeTest2_CompiledCompositeActor.mk
-rw-rw-r--   1 travis travis  4505 Jun 11 04:37 JavaCompiledCompositeTest3_CompiledCompositeActor.class
-rw-rw-r--   1 travis travis 13080 Jun 11 04:37 JavaCompiledCompositeTest3_CompiledCompositeActor.java
-rw-rw-r--   1 travis travis  1378 Jun 11 04:37 JavaCompiledCompositeTest3_CompiledCompositeActor$_JavaCompiledCompositeTest3_CompiledCompositeActor.class
-rw-rw-r--   1 travis travis  1625 Jun 11 04:37 JavaCompiledCompositeTest3_CompiledCompositeActor.mk
-rw-rw-r--   1 travis travis  3953 Jun 11 04:37 JavaCompiledCompositeTest4_CompiledCompositeActor.class
-rw-rw-r--   1 travis travis  9687 Jun 11 04:37 JavaCompiledCompositeTest4_CompiledCompositeActor.java
-rw-rw-r--   1 travis travis   857 Jun 11 04:37 JavaCompiledCompositeTest4_CompiledCompositeActor$_JavaCompiledCompositeTest4_CompiledCompositeActor.class
-rw-rw-r--   1 travis travis  1625 Jun 11 04:37 JavaCompiledCompositeTest4_CompiledCompositeActor.mk
drwxrwxr-x   3 travis travis 12288 Jun 11 04:33 LookupTable
drwxrwxr-x   3 travis travis 20480 Jun 11 04:34 MaxIndex
-rw-rw-r--   1 travis travis  3693 Jun 11 04:37 ModularCG_A1_B1.class
-rw-rw-r--   1 travis travis  9730 Jun 11 04:37 ModularCG_A1_B1.java
-rw-rw-r--   1 travis travis   832 Jun 11 04:37 ModularCG_A1_B1.mk
-rw-rw-r--   1 travis travis  1318 Jun 11 04:37 ModularCG_A1_B1_profile.class
-rw-rw-r--   1 travis travis  1262 Jun 11 04:37 ModularCG_A1_B1_profile.java
-rw-rw-r--   1 travis travis  3693 Jun 11 04:37 ModularCG_A1_B2.class
-rw-rw-r--   1 travis travis  9730 Jun 11 04:37 ModularCG_A1_B2.java
-rw-rw-r--   1 travis travis   832 Jun 11 04:37 ModularCG_A1_B2.mk
-rw-rw-r--   1 travis travis  1318 Jun 11 04:37 ModularCG_A1_B2_profile.class
-rw-rw-r--   1 travis travis  1262 Jun 11 04:37 ModularCG_A1_B2_profile.java
-rw-rw-r--   1 travis travis  4799 Jun 11 04:37 ModularCG_A1.class
-rw-rw-r--   1 travis travis 14742 Jun 11 04:37 ModularCG_A1.java
-rw-rw-r--   1 travis travis   808 Jun 11 04:37 ModularCG_A1.mk
-rw-rw-r--   1 travis travis  1433 Jun 11 04:37 ModularCG_A1_profile.class
-rw-rw-r--   1 travis travis  1704 Jun 11 04:37 ModularCG_A1_profile.java
-rw-rw-r--   1 travis travis  3827 Jun 11 04:37 ModularCG_A2_B1.class
-rw-rw-r--   1 travis travis 10667 Jun 11 04:37 ModularCG_A2_B1.java
-rw-rw-r--   1 travis travis   832 Jun 11 04:37 ModularCG_A2_B1.mk
-rw-rw-r--   1 travis travis  1381 Jun 11 04:37 ModularCG_A2_B1_profile.class
-rw-rw-r--   1 travis travis  1446 Jun 11 04:37 ModularCG_A2_B1_profile.java
-rw-rw-r--   1 travis travis  3693 Jun 11 04:37 ModularCG_A2_B2.class
-rw-rw-r--   1 travis travis  9730 Jun 11 04:37 ModularCG_A2_B2.java
-rw-rw-r--   1 travis travis   832 Jun 11 04:37 ModularCG_A2_B2.mk
-rw-rw-r--   1 travis travis  1318 Jun 11 04:37 ModularCG_A2_B2_profile.class
-rw-rw-r--   1 travis travis  1262 Jun 11 04:37 ModularCG_A2_B2_profile.java
-rw-rw-r--   1 travis travis  4870 Jun 11 04:37 ModularCG_A2.class
-rw-rw-r--   1 travis travis 15129 Jun 11 04:37 ModularCG_A2.java
-rw-rw-r--   1 travis travis   808 Jun 11 04:37 ModularCG_A2.mk
-rw-rw-r--   1 travis travis  1433 Jun 11 04:37 ModularCG_A2_profile.class
-rw-rw-r--   1 travis travis  1704 Jun 11 04:37 ModularCG_A2_profile.java
-rw-rw-r--   1 travis travis  3473 Jun 11 04:37 ModularCGPubSub_A1_A2.class
-rw-rw-r--   1 travis travis  9076 Jun 11 04:37 ModularCGPubSub_A1_A2.java
-rw-rw-r--   1 travis travis   880 Jun 11 04:37 ModularCGPubSub_A1_A2.mk
-rw-rw-r--   1 travis travis  1300 Jun 11 04:37 ModularCGPubSub_A1_A2_profile.class
-rw-rw-r--   1 travis travis  1222 Jun 11 04:37 ModularCGPubSub_A1_A2_profile.java
-rw-rw-r--   1 travis travis  3790 Jun 11 04:37 ModularCGPubSub_A1.class
-rw-rw-r--   1 travis travis  9836 Jun 11 04:37 ModularCGPubSub_A1.java
-rw-rw-r--   1 travis travis   856 Jun 11 04:37 ModularCGPubSub_A1.mk
-rw-rw-r--   1 travis travis  1346 Jun 11 04:37 ModularCGPubSub_A1_profile.class
-rw-rw-r--   1 travis travis  1388 Jun 11 04:37 ModularCGPubSub_A1_profile.java
-rw-rw-r--   1 travis travis  3988 Jun 11 04:38 ModularCodeGen2_ModularCodeGenTypedCompositeActor.class
-rw-rw-r--   1 travis travis 11690 Jun 11 04:38 ModularCodeGen2_ModularCodeGenTypedCompositeActor.java
-rw-rw-r--   1 travis travis  1104 Jun 11 04:38 ModularCodeGen2_ModularCodeGenTypedCompositeActor.mk
-rw-rw-r--   1 travis travis  4272 Jun 11 04:38 ModularCodeGen2_ModularCodeGenTypedCompositeActor_ModularCodeGenTypedCompositeActor.class
-rw-rw-r--   1 travis travis 11790 Jun 11 04:37 ModularCodeGen2_ModularCodeGenTypedCompositeActor_ModularCodeGenTypedCompositeActor.java
-rw-rw-r--   1 travis travis  1376 Jun 11 04:37 ModularCodeGen2_ModularCodeGenTypedCompositeActor_ModularCodeGenTypedCompositeActor.mk
-rw-rw-r--   1 travis travis  1421 Jun 11 04:37 ModularCodeGen2_ModularCodeGenTypedCompositeActor_ModularCodeGenTypedCompositeActor_profile.class
-rw-rw-r--   1 travis travis  1294 Jun 11 04:37 ModularCodeGen2_ModularCodeGenTypedCompositeActor_ModularCodeGenTypedCompositeActor_profile.java
-rw-rw-r--   1 travis travis   820 Jun 11 04:38 ModularCodeGen2_ModularCodeGenTypedCompositeActor_profile.class
-rw-rw-r--   1 travis travis   693 Jun 11 04:38 ModularCodeGen2_ModularCodeGenTypedCompositeActor_profile.java
-rw-rw-r--   1 travis travis  3741 Jun 11 04:38 ModularCodeGen3_A1_B1.class
-rw-rw-r--   1 travis travis  9958 Jun 11 04:38 ModularCodeGen3_A1_B1.java
-rw-rw-r--   1 travis travis   880 Jun 11 04:38 ModularCodeGen3_A1_B1.mk
-rw-rw-r--   1 travis travis  1330 Jun 11 04:38 ModularCodeGen3_A1_B1_profile.class
-rw-rw-r--   1 travis travis  1274 Jun 11 04:38 ModularCodeGen3_A1_B1_profile.java
-rw-rw-r--   1 travis travis  3741 Jun 11 04:38 ModularCodeGen3_A1_B2.class
-rw-rw-r--   1 travis travis  9958 Jun 11 04:38 ModularCodeGen3_A1_B2.java
-rw-rw-r--   1 travis travis   880 Jun 11 04:38 ModularCodeGen3_A1_B2.mk
-rw-rw-r--   1 travis travis  1330 Jun 11 04:38 ModularCodeGen3_A1_B2_profile.class
-rw-rw-r--   1 travis travis  1274 Jun 11 04:38 ModularCodeGen3_A1_B2_profile.java
-rw-rw-r--   1 travis travis  4961 Jun 11 04:38 ModularCodeGen3_A1.class
-rw-rw-r--   1 travis travis 15564 Jun 11 04:38 ModularCodeGen3_A1.java
-rw-rw-r--   1 travis travis   856 Jun 11 04:38 ModularCodeGen3_A1.mk
-rw-rw-r--   1 travis travis  1445 Jun 11 04:38 ModularCodeGen3_A1_profile.class
-rw-rw-r--   1 travis travis  1716 Jun 11 04:38 ModularCodeGen3_A1_profile.java
-rw-rw-r--   1 travis travis  3887 Jun 11 04:38 ModularCodeGen3_A2_B1.class
-rw-rw-r--   1 travis travis 10955 Jun 11 04:38 ModularCodeGen3_A2_B1.java
-rw-rw-r--   1 travis travis   880 Jun 11 04:38 ModularCodeGen3_A2_B1.mk
-rw-rw-r--   1 travis travis  1393 Jun 11 04:38 ModularCodeGen3_A2_B1_profile.class
-rw-rw-r--   1 travis travis  1458 Jun 11 04:38 ModularCodeGen3_A2_B1_profile.java
-rw-rw-r--   1 travis travis  3741 Jun 11 04:38 ModularCodeGen3_A2_B2.class
-rw-rw-r--   1 travis travis  9958 Jun 11 04:38 ModularCodeGen3_A2_B2.java
-rw-rw-r--   1 travis travis   880 Jun 11 04:38 ModularCodeGen3_A2_B2.mk
-rw-rw-r--   1 travis travis  1330 Jun 11 04:38 ModularCodeGen3_A2_B2_profile.class
-rw-rw-r--   1 travis travis  1274 Jun 11 04:38 ModularCodeGen3_A2_B2_profile.java
-rw-rw-r--   1 travis travis  5038 Jun 11 04:38 ModularCodeGen3_A2.class
-rw-rw-r--   1 travis travis 15957 Jun 11 04:38 ModularCodeGen3_A2.java
-rw-rw-r--   1 travis travis   856 Jun 11 04:38 ModularCodeGen3_A2.mk
-rw-rw-r--   1 travis travis  1445 Jun 11 04:38 ModularCodeGen3_A2_profile.class
-rw-rw-r--   1 travis travis  1716 Jun 11 04:38 ModularCodeGen3_A2_profile.java
-rw-rw-r--   1 travis travis  3794 Jun 11 04:38 ModularCodeGen4_A1_B1.class
-rw-rw-r--   1 travis travis 10312 Jun 11 04:38 ModularCodeGen4_A1_B1.java
-rw-rw-r--   1 travis travis   880 Jun 11 04:38 ModularCodeGen4_A1_B1.mk
-rw-rw-r--   1 travis travis  1330 Jun 11 04:38 ModularCodeGen4_A1_B1_profile.class
-rw-rw-r--   1 travis travis  1273 Jun 11 04:38 ModularCodeGen4_A1_B1_profile.java
-rw-rw-r--   1 travis travis  3794 Jun 11 04:38 ModularCodeGen4_A1_B2.class
-rw-rw-r--   1 travis travis 10312 Jun 11 04:38 ModularCodeGen4_A1_B2.java
-rw-rw-r--   1 travis travis   880 Jun 11 04:38 ModularCodeGen4_A1_B2.mk
-rw-rw-r--   1 travis travis  1330 Jun 11 04:38 ModularCodeGen4_A1_B2_profile.class
-rw-rw-r--   1 travis travis  1273 Jun 11 04:38 ModularCodeGen4_A1_B2_profile.java
-rw-rw-r--   1 travis travis  5101 Jun 11 04:38 ModularCodeGen4_A1.class
-rw-rw-r--   1 travis travis 16245 Jun 11 04:38 ModularCodeGen4_A1.java
-rw-rw-r--   1 travis travis   856 Jun 11 04:38 ModularCodeGen4_A1.mk
-rw-rw-r--   1 travis travis  1445 Jun 11 04:38 ModularCodeGen4_A1_profile.class
-rw-rw-r--   1 travis travis  1712 Jun 11 04:38 ModularCodeGen4_A1_profile.java
-rw-rw-r--   1 travis travis  3988 Jun 11 04:38 ModularCodeGen4_A2_B1.class
-rw-rw-r--   1 travis travis 11375 Jun 11 04:38 ModularCodeGen4_A2_B1.java
-rw-rw-r--   1 travis travis   880 Jun 11 04:38 ModularCodeGen4_A2_B1.mk
-rw-rw-r--   1 travis travis  1393 Jun 11 04:38 ModularCodeGen4_A2_B1_profile.class
-rw-rw-r--   1 travis travis  1454 Jun 11 04:38 ModularCodeGen4_A2_B1_profile.java
-rw-rw-r--   1 travis travis  3842 Jun 11 04:38 ModularCodeGen4_A2_B2.class
-rw-rw-r--   1 travis travis 10378 Jun 11 04:38 ModularCodeGen4_A2_B2.java
-rw-rw-r--   1 travis travis   880 Jun 11 04:38 ModularCodeGen4_A2_B2.mk
-rw-rw-r--   1 travis travis  1330 Jun 11 04:38 ModularCodeGen4_A2_B2_profile.class
-rw-rw-r--   1 travis travis  1270 Jun 11 04:38 ModularCodeGen4_A2_B2_profile.java
-rw-rw-r--   1 travis travis  5274 Jun 11 04:38 ModularCodeGen4_A2.class
-rw-rw-r--   1 travis travis 16770 Jun 11 04:38 ModularCodeGen4_A2.java
-rw-rw-r--   1 travis travis   856 Jun 11 04:38 ModularCodeGen4_A2.mk
-rw-rw-r--   1 travis travis  1445 Jun 11 04:38 ModularCodeGen4_A2_profile.class
-rw-rw-r--   1 travis travis  1712 Jun 11 04:38 ModularCodeGen4_A2_profile.java
-rw-rw-r--   1 travis travis  6838 Jun 11 04:38 ModularCodeGen5_A_A.class
-rw-rw-r--   1 travis travis 28721 Jun 11 04:38 ModularCodeGen5_A_A.java
-rw-rw-r--   1 travis travis   864 Jun 11 04:38 ModularCodeGen5_A_A.mk
-rw-rw-r--   1 travis travis  1520 Jun 11 04:38 ModularCodeGen5_A_A_profile.class
-rw-rw-r--   1 travis travis  1815 Jun 11 04:38 ModularCodeGen5_A_A_profile.java
-rw-rw-r--   1 travis travis  5115 Jun 11 04:38 ModularCodeGen5_A.class
-rw-rw-r--   1 travis travis 13769 Jun 11 04:38 ModularCodeGen5_A.java
-rw-rw-r--   1 travis travis   848 Jun 11 04:38 ModularCodeGen5_A.mk
-rw-rw-r--   1 travis travis  1422 Jun 11 04:38 ModularCodeGen5_A_profile.class
-rw-rw-r--   1 travis travis  1605 Jun 11 04:38 ModularCodeGen5_A_profile.java
-rw-rw-r--   1 travis travis  4125 Jun 11 04:38 ModularCodeGen6_A_A2.class
-rw-rw-r--   1 travis travis 11329 Jun 11 04:38 ModularCodeGen6_A_A2.java
-rw-rw-r--   1 travis travis   872 Jun 11 04:38 ModularCodeGen6_A_A2.mk
-rw-rw-r--   1 travis travis  1351 Jun 11 04:38 ModularCodeGen6_A_A2_profile.class
-rw-rw-r--   1 travis travis  1364 Jun 11 04:38 ModularCodeGen6_A_A2_profile.java
-rw-rw-r--   1 travis travis  4108 Jun 11 04:38 ModularCodeGen6_A_A.class
-rw-rw-r--   1 travis travis 11221 Jun 11 04:38 ModularCodeGen6_A_A.java
-rw-rw-r--   1 travis travis   864 Jun 11 04:38 ModularCodeGen6_A_A.mk
-rw-rw-r--   1 travis travis  1348 Jun 11 04:38 ModularCodeGen6_A_A_profile.class
-rw-rw-r--   1 travis travis  1361 Jun 11 04:38 ModularCodeGen6_A_A_profile.java
-rw-rw-r--   1 travis travis  7237 Jun 11 04:38 ModularCodeGen6_A.class
-rw-rw-r--   1 travis travis 26535 Jun 11 04:38 ModularCodeGen6_A.java
-rw-rw-r--   1 travis travis   848 Jun 11 04:38 ModularCodeGen6_A.mk
-rw-rw-r--   1 travis travis  1483 Jun 11 04:38 ModularCodeGen6_A_profile.class
-rw-rw-r--   1 travis travis  1810 Jun 11 04:38 ModularCodeGen6_A_profile.java
-rw-rw-r--   1 travis travis  9439 Jun 11 04:38 ModularCodeGenLazyPubSubGlobal_CompositeActor_ModularCodeGenTypedComposite.class
-rw-rw-r--   1 travis travis 30161 Jun 11 04:38 ModularCodeGenLazyPubSubGlobal_CompositeActor_ModularCodeGenTypedComposite.java
-rw-rw-r--   1 travis travis  1304 Jun 11 04:38 ModularCodeGenLazyPubSubGlobal_CompositeActor_ModularCodeGenTypedComposite.mk
-rw-rw-r--   1 travis travis  1438 Jun 11 04:38 ModularCodeGenLazyPubSubGlobal_CompositeActor_ModularCodeGenTypedComposite_profile.class
-rw-rw-r--   1 travis travis  1384 Jun 11 04:38 ModularCodeGenLazyPubSubGlobal_CompositeActor_ModularCodeGenTypedComposite_profile.java
-rw-rw-r--   1 travis travis  3952 Jun 11 04:38 ModularCodeGenLazyPubSub_LazyCompositeActor.class
-rw-rw-r--   1 travis travis 11122 Jun 11 04:38 ModularCodeGenLazyPubSub_LazyCompositeActor.java
-rw-rw-r--   1 travis travis  1056 Jun 11 04:38 ModularCodeGenLazyPubSub_LazyCompositeActor.mk
-rw-rw-r--   1 travis travis  1286 Jun 11 04:38 ModularCodeGenLazyPubSub_LazyCompositeActor_profile.class
-rw-rw-r--   1 travis travis  1091 Jun 11 04:38 ModularCodeGenLazyPubSub_LazyCompositeActor_profile.java
-rw-rw-r--   1 travis travis  3954 Jun 11 04:37 ModularCodeGen_ModularCodeGenTypedCompositeActor.class
-rw-rw-r--   1 travis travis 10970 Jun 11 04:37 ModularCodeGen_ModularCodeGenTypedCompositeActor.java
-rw-rw-r--   1 travis travis  1096 Jun 11 04:37 ModularCodeGen_ModularCodeGenTypedCompositeActor.mk
-rw-rw-r--   1 travis travis  1384 Jun 11 04:37 ModularCodeGen_ModularCodeGenTypedCompositeActor_profile.class
-rw-rw-r--   1 travis travis  1328 Jun 11 04:37 ModularCodeGen_ModularCodeGenTypedCompositeActor_profile.java
-rw-rw-r--   1 travis travis  3441 Jun 11 04:38 ModularCodeGenPubSub2_A1_A.class
-rw-rw-r--   1 travis travis  8578 Jun 11 04:38 ModularCodeGenPubSub2_A1_A.java
-rw-rw-r--   1 travis travis   920 Jun 11 04:38 ModularCodeGenPubSub2_A1_A.mk
-rw-rw-r--   1 travis travis  1274 Jun 11 04:38 ModularCodeGenPubSub2_A1_A_profile.class
-rw-rw-r--   1 travis travis  1128 Jun 11 04:38 ModularCodeGenPubSub2_A1_A_profile.java
-rw-rw-r--   1 travis travis  3733 Jun 11 04:38 ModularCodeGenPubSub2_A1.class
-rw-rw-r--   1 travis travis  9781 Jun 11 04:38 ModularCodeGenPubSub2_A1.java
-rw-rw-r--   1 travis travis   904 Jun 11 04:38 ModularCodeGenPubSub2_A1.mk
-rw-rw-r--   1 travis travis  1268 Jun 11 04:38 ModularCodeGenPubSub2_A1_profile.class
-rw-rw-r--   1 travis travis  1196 Jun 11 04:38 ModularCodeGenPubSub2_A1_profile.java
-rw-rw-r--   1 travis travis  3437 Jun 11 04:38 ModularCodeGenPubSub3_A1_A2.class
-rw-rw-r--   1 travis travis  8599 Jun 11 04:38 ModularCodeGenPubSub3_A1_A2.java
-rw-rw-r--   1 travis travis   928 Jun 11 04:38 ModularCodeGenPubSub3_A1_A2.mk
-rw-rw-r--   1 travis travis  1287 Jun 11 04:38 ModularCodeGenPubSub3_A1_A2_profile.class
-rw-rw-r--   1 travis travis  1132 Jun 11 04:38 ModularCodeGenPubSub3_A1_A2_profile.java
-rw-rw-r--   1 travis travis  3856 Jun 11 04:38 ModularCodeGenPubSub3_A1.class
-rw-rw-r--   1 travis travis 10100 Jun 11 04:38 ModularCodeGenPubSub3_A1.java
-rw-rw-r--   1 travis travis   904 Jun 11 04:38 ModularCodeGenPubSub3_A1.mk
-rw-rw-r--   1 travis travis  1358 Jun 11 04:38 ModularCodeGenPubSub3_A1_profile.class
-rw-rw-r--   1 travis travis  1400 Jun 11 04:38 ModularCodeGenPubSub3_A1_profile.java
-rw-rw-r--   1 travis travis  3441 Jun 11 04:38 ModularCodeGenPubSub4_A1_A.class
-rw-rw-r--   1 travis travis  8578 Jun 11 04:38 ModularCodeGenPubSub4_A1_A.java
-rw-rw-r--   1 travis travis   920 Jun 11 04:38 ModularCodeGenPubSub4_A1_A.mk
-rw-rw-r--   1 travis travis  1274 Jun 11 04:38 ModularCodeGenPubSub4_A1_A_profile.class
-rw-rw-r--   1 travis travis  1128 Jun 11 04:38 ModularCodeGenPubSub4_A1_A_profile.java
-rw-rw-r--   1 travis travis  3683 Jun 11 04:38 ModularCodeGenPubSub4_A1.class
-rw-rw-r--   1 travis travis  9231 Jun 11 04:38 ModularCodeGenPubSub4_A1.java
-rw-rw-r--   1 travis travis   904 Jun 11 04:38 ModularCodeGenPubSub4_A1.mk
-rw-rw-r--   1 travis travis  1247 Jun 11 04:38 ModularCodeGenPubSub4_A1_profile.class
-rw-rw-r--   1 travis travis  1137 Jun 11 04:38 ModularCodeGenPubSub4_A1_profile.java
-rw-rw-r--   1 travis travis  3475 Jun 11 04:38 ModularCodeGenPubSub_A1.class
-rw-rw-r--   1 travis travis  9060 Jun 11 04:38 ModularCodeGenPubSub_A1.java
-rw-rw-r--   1 travis travis   896 Jun 11 04:38 ModularCodeGenPubSub_A1.mk
-rw-rw-r--   1 travis travis  1278 Jun 11 04:38 ModularCodeGenPubSub_A1_profile.class
-rw-rw-r--   1 travis travis  1195 Jun 11 04:38 ModularCodeGenPubSub_A1_profile.java
-rw-rw-r--   1 travis travis  3492 Jun 11 04:37 ModularCodeGenTest_A1_A2.class
-rw-rw-r--   1 travis travis   904 Jun 11 04:37 ModularCodeGenTest_A1_A2.mk
-rw-rw-r--   1 travis travis  1306 Jun 11 04:37 ModularCodeGenTest_A1_A2_profile.class
-rw-rw-r--   1 travis travis  3823 Jun 11 04:37 ModularCodeGenTest_A1.class
-rw-rw-r--   1 travis travis  9968 Jun 11 04:37 ModularCodeGenTest_A1.java
-rw-rw-r--   1 travis travis   880 Jun 11 04:37 ModularCodeGenTest_A1.mk
-rw-rw-r--   1 travis travis  1352 Jun 11 04:37 ModularCodeGenTest_A1_profile.class
-rw-rw-r--   1 travis travis  1394 Jun 11 04:37 ModularCodeGenTest_A1_profile.java
drwxrwxr-x   3 travis travis 36864 Jun 11 04:37 modulation2
drwxrwxr-x   3 travis travis 20480 Jun 11 04:34 Multiplexor
drwxrwxr-x 242 travis travis 12288 Jun 11 04:37 node_modules
drwxrwxr-x   3 travis travis 20480 Jun 11 04:34 PhaseUnwrap
In "/home/travis/cg", about to execute:
-rw-rw-r--   1 travis travis  1007 Jun 11 04:38 PubSubAggModularCodeGen_ModularCodeGenTypedComposite_profile.java
-rw-rw-r--   1 travis travis   520 Jun 11 04:37 Repeat$_fireFunction_Repeat_Repeat$__f_sL_0.class
-rw-rw-r--   1 travis travis   522 Jun 11 04:37 Repeat$_fireFunction_Repeat_Repeat$__f_sL_10.class
-rw-rw-r--   1 travis travis   666 Jun 11 04:37 Repeat$_fireFunction_Repeat_Repeat$__f_sL_11.class
-rw-rw-r--   1 travis travis   522 Jun 11 04:37 Repeat$_fireFunction_Repeat_Repeat$__f_sL_13.class
-rw-rw-r--   1 travis travis   665 Jun 11 04:37 Repeat$_fireFunction_Repeat_Repeat$__f_sL_1.class
-rw-rw-r--   1 travis travis   520 Jun 11 04:37 Repeat$_fireFunction_Repeat_Repeat$__f_sL_2.class
-rw-rw-r--   1 travis travis   520 Jun 11 04:37 Repeat$_fireFunction_Repeat_Repeat$__f_sL_3.class
-rw-rw-r--   1 travis travis   520 Jun 11 04:37 Repeat$_fireFunction_Repeat_Repeat$__f_sL_5.class
-rw-rw-r--   1 travis travis   671 Jun 11 04:37 Repeat$_fireFunction_Repeat_Repeat$__f_sL_7.class
-rw-rw-r--   1 travis travis   520 Jun 11 04:37 Repeat$_fireFunction_Repeat_Repeat$__f_sL_9.class
-rw-rw-r--   1 travis travis   813 Jun 11 04:37 Repeat$_initialize_Repeat.class
-rw-rw-r--   1 travis travis   475 Jun 11 04:37 Repeat$_initialize_Repeat$__i_sL_0.class
    javac -classpath
.:/home/travis/build/icyphy/ptII:/home/travis/build/icyphy/ptII/lib/bsh-2.0b4.j
ar:/home/travis/build/icyphy/ptII/lib/ptCal.jar:/home/travis/build/icyphy/ptII/
lib/java_cup.jar:/home/travis/build/icyphy/ptII/lib/saxon8.jar:/home/travis/bui
ld/icyphy/ptII/lib/saxon8-dom.jar:/home/travis/build/icyphy/ptII/lib/chic.jar:/
home/travis/build/icyphy/ptII/lib/ptcolt.jar:/usr/lib/jvm/java-8-oracle/lib/too
ls.jar:/home/travis/build/icyphy/ptII/vendors/misc/itext/iText.jar:/home/travis
/build/icyphy/ptII/lib/g4ltl.jar:/home/travis/build/icyphy/ptII/lib/StructuralC
oder.jar:/home/travis/build/icyphy/ptII/vendors/jai-1_1_2_01/lib/jai_core.jar:/
home/travis/build/icyphy/ptII/vendors/jai-1_1_2_01/lib/jai_codec.jar:/home/trav
is/build/icyphy/ptII/lib/jcerti.jar:/home/travis/build/icyphy/ptII/lib/javax.ma
il.jar:/home/travis/build/icyphy/ptII/vendors/JMF-2.1.1e/lib/jmf.jar:/home/trav
is/build/icyphy/ptII/lib/jna-4.0.0-variadic.jar:/home/travis/build/icyphy/ptII/
vendors/misc/joystick/Joystick.jar:/home/travis/build/icyphy/ptII/lib/ptjacl.ja
r:/home/travis/build/icyphy/ptII/lib/jsoup-1.8.2.jar:/home/travis/build/icyphy/
ptII/lib/junit-4.8.2.jar:/home/travis/build/icyphy/ptII/lib/JUnitParams-0.4.0.j
ar:/home/travis/build/icyphy/ptII/ptolemy/actor/lib/excel/jxl.jar:/home/travis/
build/icyphy/ptII/lib/jython.jar:/home/travis/build/icyphy/ptII/lib/kieler.jar:
/home/travis/build/icyphy/ptII/vendors/opencv/share/OpenCV/java/opencv-341.jar:
/home/travis/build/icyphy/ptII/lib/oscP5.jar:/home/travis/build/icyphy/ptII/lib
/nrjavaserial-3.11.0.devel.jar:/home/travis/build/icyphy/ptII/vendors/j3d/lib/j
3dcore.jar:/home/travis/build/icyphy/ptII/vendors/j3d/lib/j3dutils.jar:/home/tr
avis/build/icyphy/ptII/vendors/j3d/lib/vecmath.jar:/home/travis/build/icyphy/pt
II/ptolemy/distributed/jini/jar/jini-core.jar:/home/travis/build/icyphy/ptII/pt
olemy/distributed/jini/jar/jini-ext.jar:/home/travis/build/icyphy/ptII/ptolemy/
distributed/jini/jar/sun-util.jar:/home/travis/build/icyphy/ptII/lib/protobuf-j
ava-2.4.1.jar:/home/travis/build/icyphy/ptII/lib/org.eclipse.paho.client.mqttv3
.jar:/home/travis/build/icyphy/ptII/lib/mapss.jar:/home/travis/build/icyphy/ptI
I/ptolemy/actor/ptalon/antlr/antlr.jar:/home/travis/build/icyphy/ptII/lib/JRI.j
ar:/home/travis/build/icyphy/ptII/lib/commons-lang-2.6.jar:/home/travis/build/i
cyphy/ptII/lib/commons-logging-1.1.1.jar:/home/travis/build/icyphy/ptII/lib/soo
tclasses.jar:/home/travis/build/icyphy/ptII/ptolemy/actor/lib/database/mysql-co
nnector-java-5.1.6-bin.jar:/home/travis/build/icyphy/ptII/vendors/misc/sphinx4/
sphinx4-data-5prealpha.jar:/home/travis/build/icyphy/ptII/vendors/misc/sphinx4/
sphinx4-core-5prealpha.jar:/home/travis/build/icyphy/ptII/lib/PDFRenderer.jar:/
home/travis/build/icyphy/ptII/lib/svgSalamander.jar:/home/travis/build/icyphy/p
tII/lib/rsyntaxtextarea-2.6.0-SNAPSHOT.jar:/home/travis/build/icyphy/ptII/lib/h
azelcast-3.8.2.jar:/home/travis/build/icyphy/ptII/lib/jackson-annotations-2.9.0
.jar:/home/travis/build/icyphy/ptII/lib/jackson-core-2.9.3.jar:/home/travis/bui
ld/icyphy/ptII/lib/jackson-databind-2.9.3.jar:/home/travis/build/icyphy/ptII/li
b/netty-buffer-4.1.19.Final.jar:/home/travis/build/icyphy/ptII/lib/netty-codec-
4.1.19.Final.jar:/home/travis/build/icyphy/ptII/lib/netty-codec-dns-4.1.19.Fina
l.jar:/home/travis/build/icyphy/ptII/lib/netty-codec-http-4.1.19.Final.jar:/hom
e/travis/build/icyphy/ptII/lib/netty-codec-http2-4.1.19.Final.jar:/home/travis/
build/icyphy/ptII/lib/netty-common-4.1.19.Final.jar:/home/travis/build/icyphy/p
tII/lib/netty-handler-4.1.19.Final.jar:/home/travis/build/icyphy/ptII/lib/netty
-resolver-4.1.19.Final.jar:/home/travis/build/icyphy/ptII/lib/netty-resolver-dn
s-4.1.19.Final.jar:/home/travis/build/icyphy/ptII/lib/netty-transport-4.1.19.Fi
nal.jar:/home/travis/build/icyphy/ptII/lib/vertx-codegen-3.5.1.jar:/home/travis
/build/icyphy/ptII/lib/vertx-core-3.5.2-SNAPSHOT.jar:/home/travis/build/icyphy/
ptII/lib/vertx-hazelcast-3.5.1.jar:/home/travis/build/icyphy/ptII/lib/vertx-lan
g-js-3.5.1.jar:/home/travis/build/icyphy/ptII/lib/vertx-service-proxy-3.5.1.jar
:/home/travis/build/icyphy/ptII/lib/vertx-web-3.5.1.jar:/home/travis/build/icyp
hy/ptII/lib/slf4j-api-1.7.13.jar:/home/travis/build/icyphy/ptII/lib/slf4j-simpl
e-1.7.13.jar:/home/travis/build/icyphy/ptII/lib/webcam-capture-0.3.12.jar:/home
/travis/build/icyphy/ptII/lib/bridj-0.7.0.jar:/home/travis/build/icyphy/ptII/li
b/xbjlib-1.1.0.nrjavaserial.jar:/home/travis/build/icyphy/ptII/ptolemy/moml/tes
t:/home/travis/build/icyphy/ptII/ant/lib/ant-launcher.jar:/home/travis/build/ic
yphy/ptII/ant/lib/ant.jar:/home/travis/build/icyphy/ptII/ant/lib/ant-junit.jar:
/home/travis/build/icyphy/ptII/ant/lib/ant-junit4.jar:/home/travis/build/icyphy
/ptII PubSubAggModularCodeGen_ModularCodeGenTypedComposite_profile.java
-rw-rw-r--   1 travis travis   519 Jun 11 04:37 Repeat$_initialize_Repeat$__i_sL_3.class
-rw-rw-r--   1 travis travis 39778 Jun 11 04:37 Repeat.java
-rw-rw-r--   1 travis travis  1281 Jun 11 04:37 Repeat.mk
-rw-rw-r--   1 travis travis   520 Jun 11 04:37 Repeat$_preinitializeMethod_Repeat$__p_sL_0.class
-rw-rw-r--   1 travis travis   520 Jun 11 04:37 Repeat$_preinitializeMethod_Repeat$__p_sL_1.class
-rw-rw-r--   1 travis travis  1083 Jun 11 04:37 Repeat$_Repeat$_fireFunction_Repeat_AddSubtract_Repeat.class
-rw-rw-r--   1 travis travis   791 Jun 11 04:37 Repeat$_Repeat$_fireFunction_Repeat_AddSubtract_Repeat$__f_sL_0.class
-rw-rw-r--   1 travis travis   909 Jun 11 04:37 Repeat$_Repeat$_fireFunction_Repeat_AddSubtract_Repeat$__f_sL_1.class
-rw-rw-r--   1 travis travis   915 Jun 11 04:37 Repeat$_Repeat$_fireFunction_Repeat_AddSubtract_Repeat$__f_sL_2.class
-rw-rw-r--   1 travis travis   838 Jun 11 04:37 Repeat$_Repeat$_fireFunction_Repeat_Ramp2_Repeat$__f_sL_1.class
-rw-rw-r--   1 travis travis  1785 Jun 11 04:37 Repeat$_Repeat$_fireFunction_Repeat_Test_Repeat$__f_sL_2.class
-rw-rw-r--   1 travis travis   685 Jun 11 04:37 Repeat$_Repeat_SDF_Director_run_Repeat$__R_sL_0.class
-rw-rw-r--   1 travis travis   540 Jun 11 04:37 Repeat$_Repeat_SDF_Director_run_Repeat$__R_sL_1.class
-rw-rw-r--   1 travis travis   540 Jun 11 04:37 Repeat$_Repeat_SDF_Director_run_Repeat$__R_sL_2.class
-rw-rw-r--   1 travis travis   540 Jun 11 04:37 Repeat$_Repeat_SDF_Director_run_Repeat$__R_sL_4.class
-rw-rw-r--   1 travis travis   540 Jun 11 04:37 Repeat$_Repeat_SDF_Director_run_Repeat$__R_sL_5.class
-rw-rw-r--   1 travis travis   691 Jun 11 04:37 Repeat$_Repeat_SDF_Director_run_Repeat$__R_sL_6.class
-rw-rw-r--   1 travis travis   540 Jun 11 04:37 Repeat$_Repeat_SDF_Director_run_Repeat$__R_sL_7.class
-rw-rw-r--   1 travis travis   863 Jun 11 04:37 Repeat$_varinit_Repeat.class
-rw-rw-r--   1 travis travis   530 Jun 11 04:37 Repeat$_varinit_Repeat$__v_sL_1.class
-rw-rw-r--   1 travis travis   531 Jun 11 04:37 Repeat$_varinit_Repeat$__v_sL_2.class
-rw-rw-r--   1 travis travis   905 Jun 11 04:37 Repeat$_varinit_Repeat$__v_sL_4.class
-rw-rw-r--   1 travis travis   635 Jun 11 04:37 Repeat$_wrapup_Repeat.class
-rw-rw-r--   1 travis travis   965 Jun 11 04:37 Repeat$_wrapup_Repeat$__w_sL_1.class
-rw-rw-r--   1 travis travis   289 Jun 11 04:32 result.csv
drwxrwxr-x   3 travis travis 12288 Jun 11 04:35 Scrambler1
drwxrwxr-x   3 travis travis 20480 Jun 11 04:34 Sinewave2
drwxrwxr-x   3 travis travis 69632 Jun 11 04:35 StringCompare
drwxrwxr-x   3 travis travis 32768 Jun 11 04:35 StringFunction
drwxrwxr-x   3 travis travis 12288 Jun 11 04:35 StringLength
drwxrwxr-x   3 travis travis 57344 Jun 11 04:36 StringSimpleReplace
drwxrwxr-x   3 travis travis 12288 Jun 11 04:37 time2
drwxrwxr-x   3 travis travis 12288 Jun 11 04:37 time5
-rw-rw-r--   1 travis travis   432 Jun 11 04:38 Token.class
-rw-rw-r--   1 travis travis   251 Jun 11 04:38 Token.java
-rw-rw-r--   1 travis travis     0 Jun 11 04:37 top.
-rw-rw-r--   1 travis travis 20502 Jun 11 04:32 top.c
-rw-rw-r--   1 travis travis  3567 Jun 11 04:37 top.class
-rw-rw-r--   1 travis travis   169 Jun 11 04:32 top.html
-rw-rw-r--   1 travis travis  7552 Jun 11 04:37 top.java
-rw-rw-r--   1 travis travis 38888 Jun 11 04:32 top.o
drwxrwxr-x   3 travis travis 57344 Jun 11 04:34 UnaryMathFunction
All Done
Writing PubSubAggModularCodeGen_ModularCodeGenTypedComposite.java in file:/home/travis/cg/ (27850 characters)
Reading "ptolemy/cg/kernel/generic/program/procedural/java/modular/makefile.in",
    writing "/home/travis/cg/PubSubAggModularCodeGen_ModularCodeGenTypedComposite.mk"
Using ptolemy/cg/kernel/generic/program/procedural/java/modular/makefile.in
In "/home/travis/cg", about to execute:
    make -f PubSubAggModularCodeGen_ModularCodeGenTypedComposite.mk
javac -classpath ".:.."    PubSubAggModularCodeGen_ModularCodeGenTypedComposite.java
All Done
2186 ms. Memory: 116736K Free: 58378K (50%)
----------------- Invoking toplevel() on ptolemy.moml.MoMLSimpleApplication@4cfe7a
----------------- Done invoking toplevel() on ptolemy.moml.MoMLSimpleApplication@4cfe7a
reloadAllAccessors: .PubSubAggModularCodeGen

===========================================================================================
----------------- testing Tue Jun 11 04:38:58 UTC 2019 /home/travis/build/icyphy/ptII/ptolemy/cg/lib/test/auto/PubSubAggTypedComposite.xml
----------------- Instantiating /home/travis/build/icyphy/ptII/ptolemy/cg/lib/test/auto/PubSubAggTypedComposite.xml
4 ms. Memory: 116736K Free: 50935K (44%)
----------------- Invoking toplevel() on ptolemy.moml.MoMLSimpleApplication@56044d83
----------------- Done invoking toplevel() on ptolemy.moml.MoMLSimpleApplication@56044d83
reloadAllAccessors: .PubSubAggTypedComposite

===========================================================================================
----------------- testing Tue Jun 11 04:38:58 UTC 2019 /home/travis/build/icyphy/ptII/ptolemy/cg/lib/test/auto/PubSubAggTypedCompositeWidth2.xml
----------------- Instantiating /home/travis/build/icyphy/ptII/ptolemy/cg/lib/test/auto/PubSubAggTypedCompositeWidth2.xml
3 ms. Memory: 116736K Free: 41887K (36%)
----------------- Invoking toplevel() on ptolemy.moml.MoMLSimpleApplication@4a6ee579
----------------- Done invoking toplevel() on ptolemy.moml.MoMLSimpleApplication@4a6ee579
reloadAllAccessors: .PubSubAggTypedCompositeWidth2

===========================================================================================
----------------- testing Tue Jun 11 04:38:58 UTC 2019 /home/travis/build/icyphy/ptII/ptolemy/cg/lib/test/auto/ScaleJava.xml
----------------- Instantiating /home/travis/build/icyphy/ptII/ptolemy/cg/lib/test/auto/ScaleJava.xml
CompiledCompositeActor: Building shared object: The sharedObjectFile has a modification time that is earlier than the modelFile modification time.
Writing ScaleJava_EmbeddedActor.java in file:/home/travis/cg/ (9202 characters)
Reading "ptolemy/cg/kernel/generic/program/procedural/java/makefile.in",
    writing "/home/travis/cg/ScaleJava_EmbeddedActor.mk"
Using ptolemy/cg/kernel/generic/program/procedural/java/makefile.in
In "/home/travis/cg", about to execute:
    make -f ScaleJava_EmbeddedActor.mk
javac -classpath ".:."    ScaleJava_EmbeddedActor.java
All Done
819 ms. Memory: 114688K Free: 73617K (64%)
----------------- Invoking toplevel() on ptolemy.moml.MoMLSimpleApplication@8662e2c
----------------- Done invoking toplevel() on ptolemy.moml.MoMLSimpleApplication@8662e2c
reloadAllAccessors: .ScaleJava
AutoTests.java: About to close Vertx.
AutoTests.java: Vertx closed.
]]></system-out>
  <system-err><![CDATA[]]></system-err>
</testsuite>
