<?xml version="1.0" encoding="UTF-8" ?>
<testsuite errors="0" failures="0" hostname="travis-job-56ce5bf2-0c79-411b-a2eb-c8455d12965a" name="ptolemy.actor.lib.test.junit.JUnitTclTest" skipped="0" tests="517" time="59.665" timestamp="2020-03-04T18:51:05">
  <properties>
    <property name="npm.executable" value="npm" />
    <property name="env.TRAVIS_ROOT" value="/" />
    <property name="ptII.mk.exists" value="true" />
    <property name="env.TRAVIS_APP_HOST" value="build.travis-ci.org" />
    <property name="env.rvm_bin_path" value="/home/travis/.rvm/bin" />
    <property name="java.home" value="/usr/local/lib/jvm/openjdk11" />
    <property name="env.TRAVIS_JOB_NUMBER" value="1549.8" />
    <property name="env.TRAVIS_HOME" value="/home/travis" />
    <property name="env.DISPLAY" value=":99.0" />
    <property name="env.TRAVIS_INIT" value="systemd" />
    <property name="env.SSH_TTY" value="/dev/pts/0" />
    <property name="java.net.preferIPv4Stack" value="true" />
    <property name="env.RUN_TESTS" value="true" />
    <property name="timeout.short" value="1000000" />
    <property name="junit.formatter" value="xml" />
    <property name="env.TRAVIS_SUDO" value="true" />
    <property name="env.TRAVIS_JOB_NAME" value="" />
    <property name="env.TRAVIS_STACK_NODE_ATTRIBUTES" value="/.node-attributes.yml" />
    <property name="env.LOGNAME" value="travis" />
    <property name="env.PT_TRAVIS_TEST_CORE1_XML" value="true" />
    <property name="jsdoc.home" value="node_modules/@terraswarm/jsdoc" />
    <property name="debuglevel" value="source,lines,vars" />
    <property name="checkstyle.formatter" value="xml" />
    <property name="env._system_version" value="16.04" />
    <property name="bin.vergil.makeable" value="true" />
    <property name="sun.os.patch.level" value="unknown" />
    <property name="java.vendor.url" value="http://java.oracle.com/" />
    <property name="env.TRAVIS_BUILD_WEB_URL" value="https://travis-ci.org/icyphy/ptII/builds/658314153" />
    <property name="java.version" value="11.0.2" />
    <property name="env.TZ" value="UTC" />
    <property name="env.TRAVIS_PULL_REQUEST_SHA" value="" />
    <property name="env.PT_NO_NET" value="true" />
    <property name="env.TRAVIS_SECURE_ENV_VARS" value="true" />
    <property name="env._system_type" value="Linux" />
    <property name="java.vendor.url.bug" value="http://bugreport.java.com/bugreport/" />
    <property name="npmjs-org-is-up" value="true" />
    <property name="env.LANGUAGE" value="en_US.UTF-8" />
    <property name="env.SSH_CLIENT" value="10.24.7.65 33312 22" />
    <property name="env.GEM_HOME" value="/home/travis/.rvm/gems/ruby-2.5.3" />
    <property name="env.HAS_ANTARES_THREE_LITTLE_FRONZIES_BADGE" value="true" />
    <property name="java.version.date" value="2019-01-15" />
    <property name="env.PS4" value="+" />
    <property name="ant.project.invoked-targets" value="build,test.core1.xml" />
    <property name="env.TRAVIS_PULL_REQUEST_BRANCH" value="" />
    <property name="env.TRAVIS_REPO_SLUG" value="icyphy/ptII" />
    <property name="env.XDG_DATA_DIRS" value="/usr/local/share:/usr/share:/var/lib/snapd/desktop" />
    <property name="jdk.debug" value="release" />
    <property name="env.TRAVIS_APT_PROXY" value="http://build-cache.travisci.net" />
    <property name="env.TRAVIS_CPU_ARCH" value="amd64" />
    <property name="node.in.path" value="true" />
    <property name="user.name" value="travis" />
    <property name="java.maxmemory" value="1400m" />
    <property name="env.RUBY_VERSION" value="ruby-2.5.3" />
    <property name="env.LANG" value="en_US.UTF-8" />
    <property name="sun.io.unicode.encoding" value="UnicodeLittle" />
    <property name="sun.jnu.encoding" value="UTF-8" />
    <property name="java.runtime.name" value="OpenJDK Runtime Environment" />
    <property name="usefile" value="false" />
    <property name="return.code" value="0" />
    <property name="junit.single.formatter" value="plain" />
    <property name="env.DYLD_LIBRARY_PATH" value="/home/travis/pthla/certi-tools/lib:" />
    <property name="env.DEBIAN_FRONTEND" value="noninteractive" />
    <property name="env.SSH_CONNECTION" value="10.24.7.65 33312 10.20.0.10 22" />
    <property name="env.MYSQL_UNIX_PORT" value="/var/run/mysqld/mysqld.sock" />
    <property name="env.LC_ALL" value="en_US.UTF-8" />
    <property name="env.TRAVIS_ALLOW_FAILURE" value="false" />
    <property name="env.TRAVIS_JOB_WEB_URL" value="https://travis-ci.org/icyphy/ptII/jobs/658314161" />
    <property name="java.specification.name" value="Java Platform API Specification" />
    <property name="node.works" value="true" />
    <property name="user.timezone" value="" />
    <property name="path.separator" value=":" />
    <property name="env.TRAVIS_ENABLE_INFRA_DETECTION" value="true" />
    <property name="env.PYTHON_CFLAGS" value="-g -fstack-protector --param=ssp-buffer-size=4 -Wformat -Werror=format-security" />
    <property name="timeout.long" value="4000000" />
    <property name="env.CERTI_HOME" value="/home/travis/pthla/certi-tools" />
    <property name="ant.file.ptII" value="/home/travis/build/icyphy/ptII/build.xml" />
    <property name="javadoc.packagenames" value="com.*,diva.*,lbnl.*,org.hlacerti.*,org.json.*,org.ptolemy.*,org.terraswarm.*,ptolemy.*,ptserver.*" />
    <property name="file.encoding" value="UTF-8" />
    <property name="env.TRAVIS_PULL_REQUEST_SLUG" value="" />
    <property name="ant.project.default-target" value="build" />
    <property name="env.GIT_ASKPASS" value="echo" />
    <property name="env.HOME" value="/home/travis" />
    <property name="sun.java.command" value="org.apache.tools.ant.taskdefs.optional.junit.JUnitTestRunner ptolemy.actor.lib.test.junit.JUnitTclTest skipNonTests=false filtertrace=true haltOnError=false haltOnFailure=false formatter=org.apache.tools.ant.taskdefs.optional.junit.OutErrSummaryJUnitResultFormatter showoutput=true outputtoformatters=true logfailedtests=true threadid=0 logtestlistenerevents=false formatter=org.apache.tools.ant.taskdefs.optional.junit.XMLJUnitResultFormatter,/home/travis/build/icyphy/ptII/reports/junit/TEST-ptolemy.actor.lib.test.junit.JUnitTclTest.xml crashfile=/home/travis/build/icyphy/ptII/junitvmwatcher18314188980369130925.properties propsfile=/home/travis/build/icyphy/ptII/junit12303180850370174850.properties" />
    <property name="env.COMPOSER_NO_INTERACTION" value="1" />
    <property name="env.MANPATH" value="/home/travis/.nvm/versions/node/v7.10.1/share/man:/home/travis/.rvm/rubies/ruby-2.5.3/share/man:/usr/local/cmake-3.12.4/man:/usr/local/clang-7.0.0/share/man:/usr/local/man:/usr/local/share/man:/usr/share/man:/home/travis/.rvm/man" />
    <property name="env.TRAVIS_TIMER_ID" value="1fa51978" />
    <property name="ant.file" value="/home/travis/build/icyphy/ptII/build.xml" />
    <property name="env.TRAVIS_COMMIT_RANGE" value="7917ffb2e2ed...761b4e11958f" />
    <property name="env._system_name" value="Ubuntu" />
    <property name="ptII.classpath.optional.property" value="/home/travis/build/icyphy/ptII/lib/bsh-2.0b4.jar:/home/travis/build/icyphy/ptII/lib/ptCal.jar:/home/travis/build/icyphy/ptII/lib/java_cup.jar:/home/travis/build/icyphy/ptII/lib/saxon8.jar:/home/travis/build/icyphy/ptII/lib/saxon8-dom.jar:/home/travis/build/icyphy/ptII/lib/chic.jar:/home/travis/build/icyphy/ptII/lib/ptcolt.jar:/home/travis/build/icyphy/ptII/vendors/misc/itext/iText.jar:/home/travis/build/icyphy/ptII/lib/g4ltl.jar:/home/travis/build/icyphy/ptII/lib/StructuralCoder.jar:/home/travis/build/icyphy/ptII/lib/jcerti.jar:/home/travis/build/icyphy/ptII/lib/javax.mail.jar:/home/travis/build/icyphy/ptII/vendors/JMF-2.1.1e/lib/jmf.jar:/home/travis/build/icyphy/ptII/lib/jna-4.0.0-variadic.jar:/home/travis/build/icyphy/ptII/vendors/misc/joystick/Joystick.jar:/home/travis/build/icyphy/ptII/lib/ptjacl.jar:/home/travis/build/icyphy/ptII/lib/jsoup-1.8.2.jar:/home/travis/build/icyphy/ptII/lib/junit-4.8.2.jar:/home/travis/build/icyphy/ptII/lib/JUnitParams-0.4.0.jar:/home/travis/build/icyphy/ptII/ptolemy/actor/lib/excel/jxl.jar:/home/travis/build/icyphy/ptII/lib/jython.jar:/home/travis/build/icyphy/ptII/lib/kieler.jar:/home/travis/build/icyphy/ptII/vendors/opencv/share/OpenCV/java/opencv-341.jar:/home/travis/build/icyphy/ptII/lib/oscP5.jar:/home/travis/build/icyphy/ptII/lib/nrjavaserial-3.11.0.devel.jar:/home/travis/build/icyphy/ptII/vendors/j3d/lib/Linux/j3dcore.jar:/home/travis/build/icyphy/ptII/vendors/j3d/lib/Linux/j3dutils.jar:/home/travis/build/icyphy/ptII/vendors/j3d/lib/Linux/vecmath.jar:/home/travis/build/icyphy/ptII/vendors/jogl/lib/Linux/gluegen-rt-natives-linux-amd64.jar:/home/travis/build/icyphy/ptII/vendors/jogl/lib/Linux/gluegen-rt.jar:/home/travis/build/icyphy/ptII/vendors/jogl/lib/Linux/jogl-all-natives-linux-amd64.jar:/home/travis/build/icyphy/ptII/vendors/jogl/lib/Linux/jogl-all.jar:/home/travis/build/icyphy/ptII/ptolemy/distributed/jini/jar/jini-core.jar:/home/travis/build/icyphy/ptII/ptolemy/distributed/jini/jar/jini-ext.jar:/home/travis/build/icyphy/ptII/ptolemy/distributed/jini/jar/sun-util.jar:/home/travis/build/icyphy/ptII/lib/protobuf-java-2.4.1.jar:/home/travis/build/icyphy/ptII/lib/org.eclipse.paho.client.mqttv3.jar:/home/travis/build/icyphy/ptII/lib/mapss.jar:/home/travis/build/icyphy/ptII/ptolemy/actor/ptalon/antlr/antlr.jar:/home/travis/build/icyphy/ptII/lib/JRI.jar:/home/travis/build/icyphy/ptII/lib/commons-lang-2.6.jar:/home/travis/build/icyphy/ptII/lib/commons-logging-1.1.1.jar:/home/travis/build/icyphy/ptII/lib/sootclasses.jar:/home/travis/build/icyphy/ptII/ptolemy/actor/lib/database/mysql-connector-java-5.1.6-bin.jar:/home/travis/build/icyphy/ptII/vendors/misc/sphinx4/sphinx4-data-5prealpha.jar:/home/travis/build/icyphy/ptII/vendors/misc/sphinx4/sphinx4-core-5prealpha.jar:/home/travis/build/icyphy/ptII/lib/PDFRenderer.jar:/home/travis/build/icyphy/ptII/lib/svgSalamander.jar:/home/travis/build/icyphy/ptII/lib/rsyntaxtextarea-2.6.0-SNAPSHOT.jar:/home/travis/build/icyphy/ptII/lib/hazelcast-3.8.2.jar:/home/travis/build/icyphy/ptII/lib/jackson-annotations-2.9.0.jar:/home/travis/build/icyphy/ptII/lib/jackson-core-2.9.3.jar:/home/travis/build/icyphy/ptII/lib/jackson-databind-2.9.3.jar:/home/travis/build/icyphy/ptII/lib/netty-buffer-4.1.19.Final.jar:/home/travis/build/icyphy/ptII/lib/netty-codec-4.1.19.Final.jar:/home/travis/build/icyphy/ptII/lib/netty-codec-dns-4.1.19.Final.jar:/home/travis/build/icyphy/ptII/lib/netty-codec-http-4.1.19.Final.jar:/home/travis/build/icyphy/ptII/lib/netty-codec-http2-4.1.19.Final.jar:/home/travis/build/icyphy/ptII/lib/netty-common-4.1.19.Final.jar:/home/travis/build/icyphy/ptII/lib/netty-handler-4.1.19.Final.jar:/home/travis/build/icyphy/ptII/lib/netty-resolver-4.1.19.Final.jar:/home/travis/build/icyphy/ptII/lib/netty-resolver-dns-4.1.19.Final.jar:/home/travis/build/icyphy/ptII/lib/netty-transport-4.1.19.Final.jar:/home/travis/build/icyphy/ptII/lib/vertx-codegen-3.5.1.jar:/home/travis/build/icyphy/ptII/lib/vertx-core-3.5.2-SNAPSHOT.jar:/home/travis/build/icyphy/ptII/lib/vertx-hazelcast-3.5.1.jar:/home/travis/build/icyphy/ptII/lib/vertx-lang-js-3.5.1.jar:/home/travis/build/icyphy/ptII/lib/vertx-service-proxy-3.5.1.jar:/home/travis/build/icyphy/ptII/lib/vertx-web-3.5.1.jar:/home/travis/build/icyphy/ptII/lib/slf4j-api-1.7.13.jar:/home/travis/build/icyphy/ptII/lib/slf4j-simple-1.7.13.jar:/home/travis/build/icyphy/ptII/lib/webcam-capture-0.3.12.jar:/home/travis/build/icyphy/ptII/lib/bridj-0.7.0.jar:/home/travis/build/icyphy/ptII/lib/xbjlib-1.1.0.nrjavaserial.jar" />
    <property name="timeout" value="2400000" />
    <property name="test.batch" value="**/junit/*.java" />
    <property name="env._" value="/usr/bin/timeout" />
    <property name="java.io.tmpdir" value="/tmp" />
    <property name="user.language" value="en" />
    <property name="env.TRAVIS_INTERNAL_RUBY_REGEX" value="^ruby-(2\.[0-4]\.[0-9]|1\.9\.3)" />
    <property name="env.HISTCONTROL" value="ignoredups:ignorespace" />
    <property name="env.GOROOT" value="/home/travis/.gimme/versions/go1.11.1.linux.amd64" />
    <property name="line.separator" value="&#xa;" />
    <property name="target" value="11" />
    <property name="env.TRAVIS_BUILD_DIR" value="/home/travis/build/icyphy/ptII" />
    <property name="env.ANT_OPTS" value="-Xmx2048m" />
    <property name="ant.file.type" value="file" />
    <property name="ptolemy.ptII.batchMode" value="true" />
    <property name="env.HISTSIZE" value="1000" />
    <property name="env.MERB_ENV" value="test" />
    <property name="java.vm.info" value="mixed mode" />
    <property name="source" value="11" />
    <property name="java.vm.specification.name" value="Java Virtual Machine Specification" />
    <property name="env.TRAVIS_TEST_RESULT" value="0" />
    <property name="jsdoc.command" value="node_modules/@terraswarm/jsdoc/jsdoc.js" />
    <property name="npm.works" value="true" />
    <property name="cobertura.dir" value="/home/travis/build/icyphy/ptII/vendors/cobertura-2.0.3" />
    <property name="jsdoc.command.exists" value="true" />
    <property name="env.rvm_path" value="/home/travis/.rvm" />
    <property name="env.GEM_PATH" value="/home/travis/.rvm/gems/ruby-2.5.3:/home/travis/.rvm/gems/ruby-2.5.3@global" />
    <property name="env.LC_CTYPE" value="en_US.UTF-8" />
    <property name="env.TRAVIS_CMD" value="$PTII/bin/ptIITravisBuild.sh $SECONDS" />
    <property name="java.awt.printerjob" value="sun.print.PSPrinterJob" />
    <property name="env.TRAVIS_STACK_NAME" value="sardonyx" />
    <property name="env.TRAVIS_TIMER_START_TIME" value="1583347287956661163" />
    <property name="ant.version" value="Apache Ant(TM) version 1.10.1 compiled on February 2 2017" />
    <property name="ptII.reports" value="/home/travis/build/icyphy/ptII/reports" />
    <property name="env.TRAVIS_STACK_TIMESTAMP" value="2019-03-25 16:16:56 UTC" />
    <property name="ant.file.type.ptII" value="file" />
    <property name="env.RBENV_SHELL" value="bash" />
    <property name="os.name" value="Linux" />
    <property name="java.specification.vendor" value="Oracle Corporation" />
    <property name="env.rvm_version" value="1.29.7 (latest)" />
    <property name="env.TRAVIS_INFRA" value="unknown" />
    <property name="env.TERM" value="xterm" />
    <property name="java.vm.name" value="OpenJDK 64-Bit Server VM" />
    <property name="env.TRAVIS_BUILD_NUMBER" value="1549" />
    <property name="env.CI" value="true" />
    <property name="java.library.path" value="/home/travis/pthla/certi-tools/lib:/usr/lib/jni:/usr/local/share/OpenCV/java/:/usr/share/OpenCV/java::/usr/java/packages/lib:/usr/lib64:/lib64:/lib:/usr/lib" />
    <property name="jdk.module.path" value="/home/travis/build/icyphy/ptII/vendors/javafx/javafx-sdk-11.0.2/lib:" />
    <property name="env.rvm_prefix" value="/home/travis" />
    <property name="env.PATH" value="/home/travis/pthla/certi-tools/share/scripts:/home/travis/.rvm/gems/ruby-2.5.3/bin:/home/travis/.rvm/gems/ruby-2.5.3@global/bin:/home/travis/.rvm/rubies/ruby-2.5.3/bin:/home/travis/.rvm/bin:/home/travis/.nvm/versions/node/v7.10.1/bin:./node_modules/.bin:/home/travis/build/icyphy/ptII/bin:/home/travis/pthla/certi-tools/bin:/home/travis/bin:/home/travis/.local/bin:/usr/local/lib/jvm/openjdk11/bin:/opt/pyenv/shims:/home/travis/.phpenv/shims:/home/travis/perl5/perlbrew/bin:/home/travis/gopath/bin:/home/travis/.gimme/versions/go1.11.1.linux.amd64/bin:/usr/local/maven-3.6.0/bin:/usr/local/cmake-3.12.4/bin:/usr/local/clang-7.0.0/bin:/usr/local/sbin:/usr/local/bin:/usr/sbin:/usr/bin:/sbin:/bin:/snap/bin:/home/travis/.phpenv/bin:/opt/pyenv/bin:/home/travis/.yarn/bin" />
    <property name="env.TRAVIS_OS_NAME" value="linux" />
    <property name="ant.java.version" value="9" />
    <property name="basedir" value="/home/travis/build/icyphy/ptII" />
    <property name="java.class.version" value="55.0" />
    <property name="env.SHLVL" value="3" />
    <property name="env.LD_LIBRARY_PATH" value="/home/travis/pthla/certi-tools/lib:/usr/lib/jni:/usr/local/share/OpenCV/java/:/usr/share/OpenCV/java:" />
    <property name="env.RACK_ENV" value="test" />
    <property name="ant.home" value="/home/travis/build/icyphy/ptII/ant" />
    <property name="env.NVM_DIR" value="/home/travis/.nvm" />
    <property name="env.CERTI_FOM_PATH" value="/home/travis/pthla/certi-tools/share/federations" />
    <property name="env.TRAVIS_BUILD_ID" value="658314153" />
    <property name="env.PYENV_ROOT" value="/opt/pyenv" />
    <property name="env.TRAVIS_UID" value="2000" />
    <property name="prism.verbose" value="true" />
    <property name="env.NVM_BIN" value="/home/travis/.nvm/versions/node/v7.10.1/bin" />
    <property name="env.TRAVIS_COMMIT" value="761b4e11958f915a1d9b130ecb709fd2ae6f843c" />
    <property name="env._system_arch" value="x86_64" />
    <property name="node.executable" value="node" />
    <property name="sun.boot.library.path" value="/usr/local/lib/jvm/openjdk11/lib" />
    <property name="sun.management.compiler" value="HotSpot 64-Bit Tiered Compilers" />
    <property name="java.awt.graphicsenv" value="sun.awt.X11GraphicsEnvironment" />
    <property name="env.GOPATH" value="/home/travis/gopath" />
    <property name="ptolemy.ptII.dir" value="/home/travis/build/icyphy/ptII" />
    <property name="env.USER" value="travis" />
    <property name="env.HISTFILESIZE" value="2000" />
    <property name="timeout.longest" value="19000000" />
    <property name="env.PERLBREW_SHELLRC_VERSION" value="0.86" />
    <property name="env.TRAVIS_STACK_FEATURES" value="basic couchdb disabled-ipv6 docker docker-compose elasticsearch firefox go-toolchain google-chrome jdk memcached mongodb mysql nodejs_interpreter perl_interpreter perlbrew phantomjs postgresql python_interpreter redis ruby_interpreter sqlite xserver" />
    <property name="env.TRAVIS_PULL_REQUEST" value="false" />
    <property name="env.PYENV_SHELL" value="bash" />
    <property name="ant.project.name" value="ptII" />
    <property name="env.ANSI_RESET" value="\033[0m" />
    <property name="java.vm.specification.version" value="11" />
    <property name="env.TRAVIS_DIST" value="xenial" />
    <property name="env.CERTI_VERSION" value="4.0.0" />
    <property name="env.CERTI_HOST" value="localhost" />
    <property name="awt.toolkit" value="sun.awt.X11.XToolkit" />
    <property name="env.MY_RUBY_HOME" value="/home/travis/.rvm/rubies/ruby-2.5.3" />
    <property name="sun.cpu.isalist" value="" />
    <property name="env.TRAVIS_TMPDIR" value="/tmp/tmp.OIpErI7MkC" />
    <property name="java.vm.compressedOopsMode" value="Zero based" />
    <property name="os.version" value="4.15.0-1028-gcp" />
    <property name="user.home" value="/home/travis" />
    <property name="java.vm.vendor" value="Oracle Corporation" />
    <property name="env.TRAVIS_TAG" value="nightly" />
    <property name="env.ANSI_YELLOW" value="\033[33;1m" />
    <property name="env.TRAVIS_FILTERED" value="redirect_io" />
    <property name="env.ANSI_GREEN" value="\033[32;1m" />
    <property name="env.JAVA_HOME" value="/usr/local/lib/jvm/openjdk11" />
    <property name="javadoc.excludepackagenames" value="adm.cvs2svn.*,build.*,config.*,doc.coding.templates.*,jni.test.jni.meaningOfLife.*,jni.test.jni.testDeux.*,jni.test.jni.testTrois.*,org.terraswarm.accessor.accessors.web.node_modules.*,org.terraswarm.accessor.accessors.web.hosts.cordova.demo.*,org.terraswarm.accessor.accessors.web.hosts.cordova.plugins.*,org.terraswarm.accessor.accessors-svn.*,pt-modules.*,ptolemy.apps.agilent.*,ptolemy.apps.anytimecontrol.*,ptolemy.apps.apes.*,ptolemy.apps.charon.*,ptolemy.apps.crazyboard.*,ptolemy.apps.eclipse.*,ptolemy.apps.etherealSting.*,ptolemy.apps.fullscreen.*,ptolemy.apps.giotto.*,ptolemy.apps.ia.*,ptolemy.apps.interfaces.*,ptolemy.apps.jmf.*,ptolemy.apps.kurt.*,ptolemy.apps.kvm.*,ptolemy.apps.lego.*,ptolemy.apps.lejos.*,ptolemy.apps.midp.*,ptolemy.apps.mobileCoding.*,ptolemy.apps.pendulum.*,ptolemy.apps.rijndael.*,ptolemy.apps.robot.*,ptolemy.apps.security.*,ptolemy.apps.sobel.*,ptolemy.apps.soot.*,ptolemy.apps.throttle.*,ptolemy.apps.tini.*,ptolemy.apps.transmission.*,ptolemy.apps.vergil.*,ptolemy.apps.waba.*,ptolemy.apps.websensor.*,ptolemy.apps.webstart.*,ptolemy.apps.xsl.*,ptolemy.apps.zaurus.*,ptolemy.codegen.c.actor.lib.oldJavaFiles.*,ptolemy.codegen.dsp.lib.*,ptolemy.codegen.kernel.newInterfaces.*,ptolemy.codegen.lib.*,ptolemy.copernicus.kernel.fragment.*,ptolemy.copernicus.shallow.cg.*,ptolemy.domains.giotto.demo.Hierarchy.Hierarchy.*,ptolemy.domains.giotto.demo.Multimode.Multimode.*,ptolemy.domains.giotto.demo.Simple.Simple.*,ptolemy.domains.gr.lib.experimental.*,ptolemy.domains.gro.*,ptolemy.domains.pdf.*,ptolemy.domains.ptinyos.demo.Surge.output.*,ptolemy.moml.test.NoPackageActor.java*,ptolemy.plot.adm.*,ptolemy.plot.servlet.*,reports.*,signed.*,src.*,target.*,vendors.*,ptolemy.copernicus.applet.*,ptolemy.media.viewer.*,ptolemy.actor.corba.*,doc.doclets.*,ptolemy.apps.eclipse.awt.*,ptolemy.backtrack.*,ptolemy.backtrack.ast.*,ptolemy.cg.adapter.generic.program.procedural.c.mbed*,ptolemy.homer.*,ptolemy.actor.lib.jai.*,org.ptolemy.scala.*,diva.util.java2d.svg.*,ptolemy.domains.ptinyos.*,ptolemy.actor.lib.fmi.fmipp.*,,org.terraswarm.accessor.accessors.web.node_modules.*,org.terraswarm.accessor.accessors-svn,ptolemy.apps.*,ptolemy.actor.ptalon.demo.ptinyos.SendAndReceiveCnt.output,ptolemy.actor.ptalon.demo.ptinyos.SenseToLeds.output,ptolemy.domains.ptinyos.demo.CntToLedsAndRfm.output,ptolemy.domains.ptinyos.demo.RfmToLeds.output,ptolemy.domains.ptinyos.demo.SendAndReceiveCnt.output,ptolemy.domains.ptinyos.demo.SenseToLeds.output,ptolemy.actor.lib.jjs.modules.udpSocket.*" />
    <property name="env.PTII" value="/home/travis/build/icyphy/ptII" />
    <property name="env.XDG_SESSION_ID" value="2" />
    <property name="keystore" value="ptKeystore" />
    <property name="env.TRAVIS_COMMIT_MESSAGE" value="Adding model FixedArray_fixedSize." />
    <property name="junit.output.dir" value="/home/travis/build/icyphy/ptII/reports/junit" />
    <property name="npm.return.code" value="0" />
    <property name="user.dir" value="/home/travis/build/icyphy/ptII/ptolemy/actor/lib/test" />
    <property name="env.TRAVIS_NODE_VERSION" value="7" />
    <property name="env.TRAVIS_EVENT_TYPE" value="push" />
    <property name="env.MAIL" value="/var/mail/travis" />
    <property name="env.PERLBREW_ROOT" value="/home/travis/perl5/perlbrew" />
    <property name="env.PWD" value="/home/travis/build/icyphy/ptII" />
    <property name="timeout.npm" value="45000" />
    <property name="env.TRAVIS_ARCH" value="amd64" />
    <property name="sun.cpu.endian" value="little" />
    <property name="env.PAGER" value="cat" />
    <property name="env.TRAVIS_BUILD_STAGE_NAME" value="Test" />
    <property name="env.PERLBREW_HOME" value="/home/travis/.perlbrew" />
    <property name="java.vm.version" value="11.0.2+9" />
    <property name="env.RAILS_ENV" value="test" />
    <property name="java.class.path" value="/home/travis/.ptolemyII:/home/travis/.ptolemyII/*:/home/travis/build/icyphy/ptII:/home/travis/build/icyphy/ptII/lib/bsh-2.0b4.jar:/home/travis/build/icyphy/ptII/lib/ptCal.jar:/home/travis/build/icyphy/ptII/lib/java_cup.jar:/home/travis/build/icyphy/ptII/lib/saxon8.jar:/home/travis/build/icyphy/ptII/lib/saxon8-dom.jar:/home/travis/build/icyphy/ptII/lib/chic.jar:/home/travis/build/icyphy/ptII/lib/ptcolt.jar:/home/travis/build/icyphy/ptII/vendors/misc/itext/iText.jar:/home/travis/build/icyphy/ptII/lib/g4ltl.jar:/home/travis/build/icyphy/ptII/lib/StructuralCoder.jar:/home/travis/build/icyphy/ptII/lib/jcerti.jar:/home/travis/build/icyphy/ptII/lib/javax.mail.jar:/home/travis/build/icyphy/ptII/vendors/JMF-2.1.1e/lib/jmf.jar:/home/travis/build/icyphy/ptII/lib/jna-4.0.0-variadic.jar:/home/travis/build/icyphy/ptII/vendors/misc/joystick/Joystick.jar:/home/travis/build/icyphy/ptII/lib/ptjacl.jar:/home/travis/build/icyphy/ptII/lib/jsoup-1.8.2.jar:/home/travis/build/icyphy/ptII/lib/junit-4.8.2.jar:/home/travis/build/icyphy/ptII/lib/JUnitParams-0.4.0.jar:/home/travis/build/icyphy/ptII/ptolemy/actor/lib/excel/jxl.jar:/home/travis/build/icyphy/ptII/lib/jython.jar:/home/travis/build/icyphy/ptII/lib/kieler.jar:/home/travis/build/icyphy/ptII/vendors/opencv/share/OpenCV/java/opencv-341.jar:/home/travis/build/icyphy/ptII/lib/oscP5.jar:/home/travis/build/icyphy/ptII/lib/nrjavaserial-3.11.0.devel.jar:/home/travis/build/icyphy/ptII/vendors/j3d/lib/Linux/j3dcore.jar:/home/travis/build/icyphy/ptII/vendors/j3d/lib/Linux/j3dutils.jar:/home/travis/build/icyphy/ptII/vendors/j3d/lib/Linux/vecmath.jar:/home/travis/build/icyphy/ptII/vendors/jogl/lib/Linux/gluegen-rt-natives-linux-amd64.jar:/home/travis/build/icyphy/ptII/vendors/jogl/lib/Linux/gluegen-rt.jar:/home/travis/build/icyphy/ptII/vendors/jogl/lib/Linux/jogl-all-natives-linux-amd64.jar:/home/travis/build/icyphy/ptII/vendors/jogl/lib/Linux/jogl-all.jar:/home/travis/build/icyphy/ptII/ptolemy/distributed/jini/jar/jini-core.jar:/home/travis/build/icyphy/ptII/ptolemy/distributed/jini/jar/jini-ext.jar:/home/travis/build/icyphy/ptII/ptolemy/distributed/jini/jar/sun-util.jar:/home/travis/build/icyphy/ptII/lib/protobuf-java-2.4.1.jar:/home/travis/build/icyphy/ptII/lib/org.eclipse.paho.client.mqttv3.jar:/home/travis/build/icyphy/ptII/lib/mapss.jar:/home/travis/build/icyphy/ptII/ptolemy/actor/ptalon/antlr/antlr.jar:/home/travis/build/icyphy/ptII/lib/JRI.jar:/home/travis/build/icyphy/ptII/lib/commons-lang-2.6.jar:/home/travis/build/icyphy/ptII/lib/commons-logging-1.1.1.jar:/home/travis/build/icyphy/ptII/lib/sootclasses.jar:/home/travis/build/icyphy/ptII/ptolemy/actor/lib/database/mysql-connector-java-5.1.6-bin.jar:/home/travis/build/icyphy/ptII/vendors/misc/sphinx4/sphinx4-data-5prealpha.jar:/home/travis/build/icyphy/ptII/vendors/misc/sphinx4/sphinx4-core-5prealpha.jar:/home/travis/build/icyphy/ptII/lib/PDFRenderer.jar:/home/travis/build/icyphy/ptII/lib/svgSalamander.jar:/home/travis/build/icyphy/ptII/lib/rsyntaxtextarea-2.6.0-SNAPSHOT.jar:/home/travis/build/icyphy/ptII/lib/hazelcast-3.8.2.jar:/home/travis/build/icyphy/ptII/lib/jackson-annotations-2.9.0.jar:/home/travis/build/icyphy/ptII/lib/jackson-core-2.9.3.jar:/home/travis/build/icyphy/ptII/lib/jackson-databind-2.9.3.jar:/home/travis/build/icyphy/ptII/lib/netty-buffer-4.1.19.Final.jar:/home/travis/build/icyphy/ptII/lib/netty-codec-4.1.19.Final.jar:/home/travis/build/icyphy/ptII/lib/netty-codec-dns-4.1.19.Final.jar:/home/travis/build/icyphy/ptII/lib/netty-codec-http-4.1.19.Final.jar:/home/travis/build/icyphy/ptII/lib/netty-codec-http2-4.1.19.Final.jar:/home/travis/build/icyphy/ptII/lib/netty-common-4.1.19.Final.jar:/home/travis/build/icyphy/ptII/lib/netty-handler-4.1.19.Final.jar:/home/travis/build/icyphy/ptII/lib/netty-resolver-4.1.19.Final.jar:/home/travis/build/icyphy/ptII/lib/netty-resolver-dns-4.1.19.Final.jar:/home/travis/build/icyphy/ptII/lib/netty-transport-4.1.19.Final.jar:/home/travis/build/icyphy/ptII/lib/vertx-codegen-3.5.1.jar:/home/travis/build/icyphy/ptII/lib/vertx-core-3.5.2-SNAPSHOT.jar:/home/travis/build/icyphy/ptII/lib/vertx-hazelcast-3.5.1.jar:/home/travis/build/icyphy/ptII/lib/vertx-lang-js-3.5.1.jar:/home/travis/build/icyphy/ptII/lib/vertx-service-proxy-3.5.1.jar:/home/travis/build/icyphy/ptII/lib/vertx-web-3.5.1.jar:/home/travis/build/icyphy/ptII/lib/slf4j-api-1.7.13.jar:/home/travis/build/icyphy/ptII/lib/slf4j-simple-1.7.13.jar:/home/travis/build/icyphy/ptII/lib/webcam-capture-0.3.12.jar:/home/travis/build/icyphy/ptII/lib/bridj-0.7.0.jar:/home/travis/build/icyphy/ptII/lib/xbjlib-1.1.0.nrjavaserial.jar:/home/travis/build/icyphy/ptII/ptolemy/moml/test:/home/travis/build/icyphy/ptII/ant/lib/ant-launcher.jar:/home/travis/build/icyphy/ptII/ant/lib/ant.jar:/home/travis/build/icyphy/ptII/ant/lib/ant-junit.jar:/home/travis/build/icyphy/ptII/ant/lib/ant-junit4.jar" />
    <property name="ant.library.dir" value="/home/travis/build/icyphy/ptII/ant/lib" />
    <property name="os.arch" value="amd64" />
    <property name="env.CONTINUOUS_INTEGRATION" value="true" />
    <property name="env.TRAVIS_LANGUAGE" value="node_js" />
    <property name="env.TRAVIS_STACK_LANGUAGES" value="__sardonyx__ c c++ clojure cplusplus cpp default generic go groovy java node_js php pure_java python ruby scala" />
    <property name="test.name" value="ptolemy.actor.lib.test.junit.JUnitTclTest" />
    <property name="env.APT_KEY_DONT_WARN_ON_DANGEROUS_USAGE" value="1" />
    <property name="sun.java.launcher" value="SUN_STANDARD" />
    <property name="env.PYTHON_CONFIGURE_OPTS" value="--enable-unicode=ucs4 --with-wide-unicode --enable-shared --enable-ipv6 --enable-loadable-sqlite-extensions --with-computed-gotos" />
    <property name="ant.core.lib" value="/home/travis/build/icyphy/ptII/ant/lib/ant.jar" />
    <property name="java.vm.specification.vendor" value="Oracle Corporation" />
    <property name="env.BCVTB_HOME" value="/home/travis/build/icyphy/ptII/lbnl" />
    <property name="file.separator" value="/" />
    <property name="spotbugs.home" value="/home/travis/build/icyphy/ptII/vendors/spotbugs-3.1.1" />
    <property name="java.runtime.version" value="11.0.2+9" />
    <property name="env.ANSI_CLEAR" value="\033[0K" />
    <property name="javafx.verbose" value="true" />
    <property name="env.HAS_JOSH_K_SEAL_OF_APPROVAL" value="true" />
    <property name="env.XDG_RUNTIME_DIR" value="/run/user/2000" />
    <property name="env.TRAVIS_OSX_IMAGE" value="" />
    <property name="env.TRAVIS_JOB_ID" value="658314161" />
    <property name="env.TRAVIS_BRANCH" value="master" />
    <property name="user.country" value="US" />
    <property name="env.CERTI_HOME_TRAVIS" value="/home/travis/pthla/certi-tools" />
    <property name="env.SHELL" value="/bin/bash" />
    <property name="java.maxmemory.large" value="3200m" />
    <property name="model" value="" />
    <property name="env.CASHER_DIR" value="/home/travis/.casher" />
    <property name="env.NVM_CD_FLAGS" value="" />
    <property name="java.vendor.version" value="18.9" />
    <property name="jshint.executable" value="/home/travis/node_modules/jshint/bin/jshint" />
    <property name="env.JRUBY_OPTS" value=" --client -J-XX:+TieredCompilation -J-XX:TieredStopAtLevel=1 -J-Xss2m -Xcompile.invokedynamic=false" />
    <property name="java.vendor" value="Oracle Corporation" />
    <property name="env.TRAVIS_PRE_CHEF_BOOTSTRAP_TIME" value="2019-03-25T16:16:42" />
    <property name="env.TRAVIS_STACK_JOB_BOARD_REGISTER" value="/.job-board-register.yml" />
    <property name="env.ANSI_RED" value="\033[31;1m" />
    <property name="java.specification.version" value="11" />
    <property name="env.IRBRC" value="/home/travis/.rvm/rubies/ruby-2.5.3/.irbrc" />
    <property name="env.TRAVIS" value="true" />
    <property name="sun.arch.data.model" value="64" />
  </properties>
  <testcase classname="ptolemy.util.test.junit.TclTests" name="[0] /home/travis/build/icyphy/ptII/ptolemy/actor/lib/test/AbsoluteValue.tcl (RunTclFile)" time="0.539" />
  <testcase classname="ptolemy.util.test.junit.TclTests" name="[1] /home/travis/build/icyphy/ptII/ptolemy/actor/lib/test/AddSubtract.tcl (RunTclFile)" time="0.148" />
  <testcase classname="ptolemy.util.test.junit.TclTests" name="[2] /home/travis/build/icyphy/ptII/ptolemy/actor/lib/test/Average.tcl (RunTclFile)" time="0.053" />
  <testcase classname="ptolemy.util.test.junit.TclTests" name="[3] /home/travis/build/icyphy/ptII/ptolemy/actor/lib/test/Bernoulli.tcl (RunTclFile)" time="0.027" />
  <testcase classname="ptolemy.util.test.junit.TclTests" name="[4] /home/travis/build/icyphy/ptII/ptolemy/actor/lib/test/Clock.tcl (RunTclFile)" time="0.095" />
  <testcase classname="ptolemy.util.test.junit.TclTests" name="[5] /home/travis/build/icyphy/ptII/ptolemy/actor/lib/test/Commutator.tcl (RunTclFile)" time="0.121" />
  <testcase classname="ptolemy.util.test.junit.TclTests" name="[6] /home/travis/build/icyphy/ptII/ptolemy/actor/lib/test/Const.tcl (RunTclFile)" time="0.143" />
  <testcase classname="ptolemy.util.test.junit.TclTests" name="[7] /home/travis/build/icyphy/ptII/ptolemy/actor/lib/test/CurrentTime.tcl (RunTclFile)" time="0.04" />
  <testcase classname="ptolemy.util.test.junit.TclTests" name="[8] /home/travis/build/icyphy/ptII/ptolemy/actor/lib/test/DB.tcl (RunTclFile)" time="0.027" />
  <testcase classname="ptolemy.util.test.junit.TclTests" name="[9] /home/travis/build/icyphy/ptII/ptolemy/actor/lib/test/DiscreteRandomSource.tcl (RunTclFile)" time="0.043" />
  <testcase classname="ptolemy.util.test.junit.TclTests" name="[10] /home/travis/build/icyphy/ptII/ptolemy/actor/lib/test/Distributor.tcl (RunTclFile)" time="0.076" />
  <testcase classname="ptolemy.util.test.junit.TclTests" name="[11] /home/travis/build/icyphy/ptII/ptolemy/actor/lib/test/Exit.tcl (RunTclFile)" time="0.105" />
  <testcase classname="ptolemy.util.test.junit.TclTests" name="[12] /home/travis/build/icyphy/ptII/ptolemy/actor/lib/test/Expression.tcl (RunTclFile)" time="0.116" />
  <testcase classname="ptolemy.util.test.junit.TclTests" name="[13] /home/travis/build/icyphy/ptII/ptolemy/actor/lib/test/Gaussian.tcl (RunTclFile)" time="0.487" />
  <testcase classname="ptolemy.util.test.junit.TclTests" name="[14] /home/travis/build/icyphy/ptII/ptolemy/actor/lib/test/IIR.tcl (RunTclFile)" time="0.02" />
  <testcase classname="ptolemy.util.test.junit.TclTests" name="[15] /home/travis/build/icyphy/ptII/ptolemy/actor/lib/test/Interpolator.tcl (RunTclFile)" time="0.093" />
  <testcase classname="ptolemy.util.test.junit.TclTests" name="[16] /home/travis/build/icyphy/ptII/ptolemy/actor/lib/test/MathFunction.tcl (RunTclFile)" time="0.063" />
  <testcase classname="ptolemy.util.test.junit.TclTests" name="[17] /home/travis/build/icyphy/ptII/ptolemy/actor/lib/test/Maximum.tcl (RunTclFile)" time="0.033" />
  <testcase classname="ptolemy.util.test.junit.TclTests" name="[18] /home/travis/build/icyphy/ptII/ptolemy/actor/lib/test/Minimum.tcl (RunTclFile)" time="0.027" />
  <testcase classname="ptolemy.util.test.junit.TclTests" name="[19] /home/travis/build/icyphy/ptII/ptolemy/actor/lib/test/MultiplyDivide.tcl (RunTclFile)" time="0.037" />
  <testcase classname="ptolemy.util.test.junit.TclTests" name="[20] /home/travis/build/icyphy/ptII/ptolemy/actor/lib/test/OrderedMerge.tcl (RunTclFile)" time="0.096" />
  <testcase classname="ptolemy.util.test.junit.TclTests" name="[21] /home/travis/build/icyphy/ptII/ptolemy/actor/lib/test/Publisher.tcl (RunTclFile)" time="0.821" />
  <testcase classname="ptolemy.util.test.junit.TclTests" name="[22] /home/travis/build/icyphy/ptII/ptolemy/actor/lib/test/Pulse.tcl (RunTclFile)" time="0.075" />
  <testcase classname="ptolemy.util.test.junit.TclTests" name="[23] /home/travis/build/icyphy/ptII/ptolemy/actor/lib/test/Ramp.tcl (RunTclFile)" time="2.085" />
  <testcase classname="ptolemy.util.test.junit.TclTests" name="[24] /home/travis/build/icyphy/ptII/ptolemy/actor/lib/test/RampContinuous.tcl (RunTclFile)" time="0.02" />
  <testcase classname="ptolemy.util.test.junit.TclTests" name="[25] /home/travis/build/icyphy/ptII/ptolemy/actor/lib/test/RecordAssembler.tcl (RunTclFile)" time="0.015" />
  <testcase classname="ptolemy.util.test.junit.TclTests" name="[26] /home/travis/build/icyphy/ptII/ptolemy/actor/lib/test/RecordDisassembler.tcl (RunTclFile)" time="0.031" />
  <testcase classname="ptolemy.util.test.junit.TclTests" name="[27] /home/travis/build/icyphy/ptII/ptolemy/actor/lib/test/Scale.tcl (RunTclFile)" time="0.025" />
  <testcase classname="ptolemy.util.test.junit.TclTests" name="[28] /home/travis/build/icyphy/ptII/ptolemy/actor/lib/test/SequentialClock.tcl (RunTclFile)" time="0.015" />
  <testcase classname="ptolemy.util.test.junit.TclTests" name="[29] /home/travis/build/icyphy/ptII/ptolemy/actor/lib/test/SetVariable.tcl (RunTclFile)" time="0.016" />
  <testcase classname="ptolemy.util.test.junit.TclTests" name="[30] /home/travis/build/icyphy/ptII/ptolemy/actor/lib/test/Sinewave.tcl (RunTclFile)" time="0.053" />
  <testcase classname="ptolemy.util.test.junit.TclTests" name="[31] /home/travis/build/icyphy/ptII/ptolemy/actor/lib/test/SubscriptionAggregator.tcl (RunTclFile)" time="1.968" />
  <testcase classname="ptolemy.util.test.junit.TclTests" name="[32] /home/travis/build/icyphy/ptII/ptolemy/actor/lib/test/Test.tcl (RunTclFile)" time="0.185" />
  <testcase classname="ptolemy.util.test.junit.TclTests" name="[33] /home/travis/build/icyphy/ptII/ptolemy/actor/lib/test/TestExceptionHandler.tcl (RunTclFile)" time="0.012" />
  <testcase classname="ptolemy.util.test.junit.TclTests" name="[34] /home/travis/build/icyphy/ptII/ptolemy/actor/lib/test/UnionDisassembler.tcl (RunTclFile)" time="0.066" />
  <testcase classname="ptolemy.util.test.junit.TclTests" name="[35] /home/travis/build/icyphy/ptII/ptolemy/actor/lib/test/VariableClock.tcl (RunTclFile)" time="0.023" />
  <testcase classname="ptolemy.util.test.junit.AutoKnownFailedTests" name="[0] /home/travis/build/icyphy/ptII/ptolemy/actor/lib/test/auto/knownFailedTests/PublisherPortToplevelSubscriber.xml (RunModel)" time="0.027" />
  <testcase classname="ptolemy.util.test.junit.AutoKnownFailedTests" name="[1] /home/travis/build/icyphy/ptII/ptolemy/actor/lib/test/auto/knownFailedTests/PublisherSubscriberPortToplevel.xml (RunModel)" time="0.025" />
  <testcase classname="ptolemy.util.test.junit.AutoKnownFailedTests" name="[2] /home/travis/build/icyphy/ptII/ptolemy/actor/lib/test/auto/knownFailedTests/PublisherSubscriptionAggregatorPort.xml (RunModel)" time="0.021" />
  <testcase classname="ptolemy.util.test.junit.AutoKnownFailedTests" name="[3] /home/travis/build/icyphy/ptII/ptolemy/actor/lib/test/auto/knownFailedTests/sizedarray3.xml (RunModel)" time="0.024" />
  <testcase classname="ptolemy.util.test.junit.AutoNameArchTests" name="[0] ThereAreNoAutoArchTests (RunModel)" time="0.003" />
  <testcase classname="ptolemy.util.test.junit.AutoTests" name="[0] /home/travis/build/icyphy/ptII/ptolemy/actor/lib/test/auto/AbsoluteValue.xml (RunModel)" time="0.111" />
  <testcase classname="ptolemy.util.test.junit.AutoTests" name="[1] /home/travis/build/icyphy/ptII/ptolemy/actor/lib/test/auto/AbsoluteValue2.xml (RunModel)" time="0.053" />
  <testcase classname="ptolemy.util.test.junit.AutoTests" name="[2] /home/travis/build/icyphy/ptII/ptolemy/actor/lib/test/auto/Accumulator.xml (RunModel)" time="0.06" />
  <testcase classname="ptolemy.util.test.junit.AutoTests" name="[3] /home/travis/build/icyphy/ptII/ptolemy/actor/lib/test/auto/Accumulator2.xml (RunModel)" time="0.046" />
  <testcase classname="ptolemy.util.test.junit.AutoTests" name="[4] /home/travis/build/icyphy/ptII/ptolemy/actor/lib/test/auto/Accumulator3.xml (RunModel)" time="0.04" />
  <testcase classname="ptolemy.util.test.junit.AutoTests" name="[5] /home/travis/build/icyphy/ptII/ptolemy/actor/lib/test/auto/ArrayAppend.xml (RunModel)" time="0.038" />
  <testcase classname="ptolemy.util.test.junit.AutoTests" name="[6] /home/travis/build/icyphy/ptII/ptolemy/actor/lib/test/auto/ArrayAppend2.xml (RunModel)" time="0.463" />
  <testcase classname="ptolemy.util.test.junit.AutoTests" name="[7] /home/travis/build/icyphy/ptII/ptolemy/actor/lib/test/auto/ArrayAppend3.xml (RunModel)" time="0.038" />
  <testcase classname="ptolemy.util.test.junit.AutoTests" name="[8] /home/travis/build/icyphy/ptII/ptolemy/actor/lib/test/auto/ArrayAppend4.xml (RunModel)" time="0.042" />
  <testcase classname="ptolemy.util.test.junit.AutoTests" name="[9] /home/travis/build/icyphy/ptII/ptolemy/actor/lib/test/auto/ArrayAppend5.xml (RunModel)" time="0.017" />
  <testcase classname="ptolemy.util.test.junit.AutoTests" name="[10] /home/travis/build/icyphy/ptII/ptolemy/actor/lib/test/auto/ArrayAppend6.xml (RunModel)" time="0.015" />
  <testcase classname="ptolemy.util.test.junit.AutoTests" name="[11] /home/travis/build/icyphy/ptII/ptolemy/actor/lib/test/auto/ArrayAppendPerformanceTest.xml (RunModel)" time="0.053" />
  <testcase classname="ptolemy.util.test.junit.AutoTests" name="[12] /home/travis/build/icyphy/ptII/ptolemy/actor/lib/test/auto/ArrayAppendWithEmptyInput.xml (RunModel)" time="0.061" />
  <testcase classname="ptolemy.util.test.junit.AutoTests" name="[13] /home/travis/build/icyphy/ptII/ptolemy/actor/lib/test/auto/ArrayAverage.xml (RunModel)" time="0.05" />
  <testcase classname="ptolemy.util.test.junit.AutoTests" name="[14] /home/travis/build/icyphy/ptII/ptolemy/actor/lib/test/auto/ArrayContains.xml (RunModel)" time="0.042" />
  <testcase classname="ptolemy.util.test.junit.AutoTests" name="[15] /home/travis/build/icyphy/ptII/ptolemy/actor/lib/test/auto/ArrayElement.xml (RunModel)" time="0.028" />
  <testcase classname="ptolemy.util.test.junit.AutoTests" name="[16] /home/travis/build/icyphy/ptII/ptolemy/actor/lib/test/auto/ArrayElementAsMatrix.xml (RunModel)" time="0.043" />
  <testcase classname="ptolemy.util.test.junit.AutoTests" name="[17] /home/travis/build/icyphy/ptII/ptolemy/actor/lib/test/auto/ArrayElementI.xml (RunModel)" time="0.017" />
  <testcase classname="ptolemy.util.test.junit.AutoTests" name="[18] /home/travis/build/icyphy/ptII/ptolemy/actor/lib/test/auto/ArrayExtract.xml (RunModel)" time="0.037" />
  <testcase classname="ptolemy.util.test.junit.AutoTests" name="[19] /home/travis/build/icyphy/ptII/ptolemy/actor/lib/test/auto/ArrayExtract2.xml (RunModel)" time="0.013" />
  <testcase classname="ptolemy.util.test.junit.AutoTests" name="[20] /home/travis/build/icyphy/ptII/ptolemy/actor/lib/test/auto/ArrayLength.xml (RunModel)" time="0.018" />
  <testcase classname="ptolemy.util.test.junit.AutoTests" name="[21] /home/travis/build/icyphy/ptII/ptolemy/actor/lib/test/auto/ArrayLevelCrossing.xml (RunModel)" time="0.029" />
  <testcase classname="ptolemy.util.test.junit.AutoTests" name="[22] /home/travis/build/icyphy/ptII/ptolemy/actor/lib/test/auto/ArrayLevelCrossing2.xml (RunModel)" time="0.028" />
  <testcase classname="ptolemy.util.test.junit.AutoTests" name="[23] /home/travis/build/icyphy/ptII/ptolemy/actor/lib/test/auto/ArrayPeakSearch.xml (RunModel)" time="0.026" />
  <testcase classname="ptolemy.util.test.junit.AutoTests" name="[24] /home/travis/build/icyphy/ptII/ptolemy/actor/lib/test/auto/ArrayPeakSearch2.xml (RunModel)" time="0.026" />
  <testcase classname="ptolemy.util.test.junit.AutoTests" name="[25] /home/travis/build/icyphy/ptII/ptolemy/actor/lib/test/auto/ArrayPeakSearch3.xml (RunModel)" time="0.026" />
  <testcase classname="ptolemy.util.test.junit.AutoTests" name="[26] /home/travis/build/icyphy/ptII/ptolemy/actor/lib/test/auto/ArrayRemoveElement.xml (RunModel)" time="0.02" />
  <testcase classname="ptolemy.util.test.junit.AutoTests" name="[27] /home/travis/build/icyphy/ptII/ptolemy/actor/lib/test/auto/ArraySort.xml (RunModel)" time="0.027" />
  <testcase classname="ptolemy.util.test.junit.AutoTests" name="[28] /home/travis/build/icyphy/ptII/ptolemy/actor/lib/test/auto/ArraySum.xml (RunModel)" time="0.016" />
  <testcase classname="ptolemy.util.test.junit.AutoTests" name="[29] /home/travis/build/icyphy/ptII/ptolemy/actor/lib/test/auto/ArrayToElements.xml (RunModel)" time="0.016" />
  <testcase classname="ptolemy.util.test.junit.AutoTests" name="[30] /home/travis/build/icyphy/ptII/ptolemy/actor/lib/test/auto/ArrayToMatrix.xml (RunModel)" time="0.044" />
  <testcase classname="ptolemy.util.test.junit.AutoTests" name="[31] /home/travis/build/icyphy/ptII/ptolemy/actor/lib/test/auto/ArrayUpdate1.xml (RunModel)" time="0.026" />
  <testcase classname="ptolemy.util.test.junit.AutoTests" name="[32] /home/travis/build/icyphy/ptII/ptolemy/actor/lib/test/auto/ArrayUpdate2.xml (RunModel)" time="0.021" />
  <testcase classname="ptolemy.util.test.junit.AutoTests" name="[33] /home/travis/build/icyphy/ptII/ptolemy/actor/lib/test/auto/ArrayUpdate3.xml (RunModel)" time="0.023" />
  <testcase classname="ptolemy.util.test.junit.AutoTests" name="[34] /home/travis/build/icyphy/ptII/ptolemy/actor/lib/test/auto/Assert1.xml (RunModel)" time="0.022" />
  <testcase classname="ptolemy.util.test.junit.AutoTests" name="[35] /home/travis/build/icyphy/ptII/ptolemy/actor/lib/test/auto/Assert2.xml (RunModel)" time="0.009" />
  <testcase classname="ptolemy.util.test.junit.AutoTests" name="[36] /home/travis/build/icyphy/ptII/ptolemy/actor/lib/test/auto/BooleanMultiplexor.xml (RunModel)" time="0.015" />
  <testcase classname="ptolemy.util.test.junit.AutoTests" name="[37] /home/travis/build/icyphy/ptII/ptolemy/actor/lib/test/auto/BooleanMultiplexor2.xml (RunModel)" time="0.026" />
  <testcase classname="ptolemy.util.test.junit.AutoTests" name="[38] /home/travis/build/icyphy/ptII/ptolemy/actor/lib/test/auto/BooleanMultiplexor3.xml (RunModel)" time="0.014" />
  <testcase classname="ptolemy.util.test.junit.AutoTests" name="[39] /home/travis/build/icyphy/ptII/ptolemy/actor/lib/test/auto/BooleanSelect.xml (RunModel)" time="0.022" />
  <testcase classname="ptolemy.util.test.junit.AutoTests" name="[40] /home/travis/build/icyphy/ptII/ptolemy/actor/lib/test/auto/BooleanSelect2.xml (RunModel)" time="0.016" />
  <testcase classname="ptolemy.util.test.junit.AutoTests" name="[41] /home/travis/build/icyphy/ptII/ptolemy/actor/lib/test/auto/BooleanSwitch.xml (RunModel)" time="0.021" />
  <testcase classname="ptolemy.util.test.junit.AutoTests" name="[42] /home/travis/build/icyphy/ptII/ptolemy/actor/lib/test/auto/BooleanSwitch2.xml (RunModel)" time="0.01" />
  <testcase classname="ptolemy.util.test.junit.AutoTests" name="[43] /home/travis/build/icyphy/ptII/ptolemy/actor/lib/test/auto/BooleanSwitchCloningBugWithClassRelationGroup.xml (RunModel)" time="0.037" />
  <testcase classname="ptolemy.util.test.junit.AutoTests" name="[44] /home/travis/build/icyphy/ptII/ptolemy/actor/lib/test/auto/BusActors.xml (RunModel)" time="0.032" />
  <testcase classname="ptolemy.util.test.junit.AutoTests" name="[45] /home/travis/build/icyphy/ptII/ptolemy/actor/lib/test/auto/ClassWrapper.xml (RunModel)" time="0.021" />
  <testcase classname="ptolemy.util.test.junit.AutoTests" name="[46] /home/travis/build/icyphy/ptII/ptolemy/actor/lib/test/auto/Clock.xml (RunModel)" time="0.009" />
  <testcase classname="ptolemy.util.test.junit.AutoTests" name="[47] /home/travis/build/icyphy/ptII/ptolemy/actor/lib/test/auto/Clock10.xml (RunModel)" time="0.016" />
  <testcase classname="ptolemy.util.test.junit.AutoTests" name="[48] /home/travis/build/icyphy/ptII/ptolemy/actor/lib/test/auto/Clock11.xml (RunModel)" time="0.014" />
  <testcase classname="ptolemy.util.test.junit.AutoTests" name="[49] /home/travis/build/icyphy/ptII/ptolemy/actor/lib/test/auto/Clock12.xml (RunModel)" time="0.015" />
  <testcase classname="ptolemy.util.test.junit.AutoTests" name="[50] /home/travis/build/icyphy/ptII/ptolemy/actor/lib/test/auto/Clock13.xml (RunModel)" time="0.017" />
  <testcase classname="ptolemy.util.test.junit.AutoTests" name="[51] /home/travis/build/icyphy/ptII/ptolemy/actor/lib/test/auto/Clock14.xml (RunModel)" time="0.015" />
  <testcase classname="ptolemy.util.test.junit.AutoTests" name="[52] /home/travis/build/icyphy/ptII/ptolemy/actor/lib/test/auto/Clock15.xml (RunModel)" time="0.014" />
  <testcase classname="ptolemy.util.test.junit.AutoTests" name="[53] /home/travis/build/icyphy/ptII/ptolemy/actor/lib/test/auto/Clock16.xml (RunModel)" time="0.098" />
  <testcase classname="ptolemy.util.test.junit.AutoTests" name="[54] /home/travis/build/icyphy/ptII/ptolemy/actor/lib/test/auto/Clock17.xml (RunModel)" time="0.063" />
  <testcase classname="ptolemy.util.test.junit.AutoTests" name="[55] /home/travis/build/icyphy/ptII/ptolemy/actor/lib/test/auto/Clock18.xml (RunModel)" time="0.043" />
  <testcase classname="ptolemy.util.test.junit.AutoTests" name="[56] /home/travis/build/icyphy/ptII/ptolemy/actor/lib/test/auto/Clock19.xml (RunModel)" time="0.049" />
  <testcase classname="ptolemy.util.test.junit.AutoTests" name="[57] /home/travis/build/icyphy/ptII/ptolemy/actor/lib/test/auto/Clock2.xml (RunModel)" time="0.014" />
  <testcase classname="ptolemy.util.test.junit.AutoTests" name="[58] /home/travis/build/icyphy/ptII/ptolemy/actor/lib/test/auto/Clock20.xml (RunModel)" time="0.02" />
  <testcase classname="ptolemy.util.test.junit.AutoTests" name="[59] /home/travis/build/icyphy/ptII/ptolemy/actor/lib/test/auto/Clock21.xml (RunModel)" time="0.018" />
  <testcase classname="ptolemy.util.test.junit.AutoTests" name="[60] /home/travis/build/icyphy/ptII/ptolemy/actor/lib/test/auto/Clock22.xml (RunModel)" time="0.018" />
  <testcase classname="ptolemy.util.test.junit.AutoTests" name="[61] /home/travis/build/icyphy/ptII/ptolemy/actor/lib/test/auto/Clock23.xml (RunModel)" time="0.017" />
  <testcase classname="ptolemy.util.test.junit.AutoTests" name="[62] /home/travis/build/icyphy/ptII/ptolemy/actor/lib/test/auto/Clock24.xml (RunModel)" time="0.014" />
  <testcase classname="ptolemy.util.test.junit.AutoTests" name="[63] /home/travis/build/icyphy/ptII/ptolemy/actor/lib/test/auto/Clock4.xml (RunModel)" time="0.011" />
  <testcase classname="ptolemy.util.test.junit.AutoTests" name="[64] /home/travis/build/icyphy/ptII/ptolemy/actor/lib/test/auto/Clock5.xml (RunModel)" time="0.018" />
  <testcase classname="ptolemy.util.test.junit.AutoTests" name="[65] /home/travis/build/icyphy/ptII/ptolemy/actor/lib/test/auto/Clock6.xml (RunModel)" time="0.009" />
  <testcase classname="ptolemy.util.test.junit.AutoTests" name="[66] /home/travis/build/icyphy/ptII/ptolemy/actor/lib/test/auto/Clock7.xml (RunModel)" time="0.009" />
  <testcase classname="ptolemy.util.test.junit.AutoTests" name="[67] /home/travis/build/icyphy/ptII/ptolemy/actor/lib/test/auto/Clock8.xml (RunModel)" time="0.014" />
  <testcase classname="ptolemy.util.test.junit.AutoTests" name="[68] /home/travis/build/icyphy/ptII/ptolemy/actor/lib/test/auto/Clock9.xml (RunModel)" time="0.014" />
  <testcase classname="ptolemy.util.test.junit.AutoTests" name="[69] /home/travis/build/icyphy/ptII/ptolemy/actor/lib/test/auto/CommDistDiscard.xml (RunModel)" time="0.021" />
  <testcase classname="ptolemy.util.test.junit.AutoTests" name="[70] /home/travis/build/icyphy/ptII/ptolemy/actor/lib/test/auto/Commutator.xml (RunModel)" time="0.013" />
  <testcase classname="ptolemy.util.test.junit.AutoTests" name="[71] /home/travis/build/icyphy/ptII/ptolemy/actor/lib/test/auto/Commutator2.xml (RunModel)" time="0.009" />
  <testcase classname="ptolemy.util.test.junit.AutoTests" name="[72] /home/travis/build/icyphy/ptII/ptolemy/actor/lib/test/auto/Commutator3.xml (RunModel)" time="0.011" />
  <testcase classname="ptolemy.util.test.junit.AutoTests" name="[73] /home/travis/build/icyphy/ptII/ptolemy/actor/lib/test/auto/Compare.xml (RunModel)" time="0.019" />
  <testcase classname="ptolemy.util.test.junit.AutoTests" name="[74] /home/travis/build/icyphy/ptII/ptolemy/actor/lib/test/auto/CompareDE.xml (RunModel)" time="0.019" />
  <testcase classname="ptolemy.util.test.junit.AutoTests" name="[75] /home/travis/build/icyphy/ptII/ptolemy/actor/lib/test/auto/ComplexDivide.xml (RunModel)" time="0.01" />
  <testcase classname="ptolemy.util.test.junit.AutoTests" name="[76] /home/travis/build/icyphy/ptII/ptolemy/actor/lib/test/auto/ComputeHistogram.xml (RunModel)" time="0.064" />
  <testcase classname="ptolemy.util.test.junit.AutoTests" name="[77] /home/travis/build/icyphy/ptII/ptolemy/actor/lib/test/auto/ConfigurationSelect.xml (RunModel)" time="0.02" />
  <testcase classname="ptolemy.util.test.junit.AutoTests" name="[78] /home/travis/build/icyphy/ptII/ptolemy/actor/lib/test/auto/ConfigurationSelect2.xml (RunModel)" time="0.015" />
  <testcase classname="ptolemy.util.test.junit.AutoTests" name="[79] /home/travis/build/icyphy/ptII/ptolemy/actor/lib/test/auto/ConfigurationSwitch.xml (RunModel)" time="0.029" />
  <testcase classname="ptolemy.util.test.junit.AutoTests" name="[80] /home/travis/build/icyphy/ptII/ptolemy/actor/lib/test/auto/ConfigurationSwitch2.xml (RunModel)" time="0.018" />
  <testcase classname="ptolemy.util.test.junit.AutoTests" name="[81] /home/travis/build/icyphy/ptII/ptolemy/actor/lib/test/auto/ConfigurationSwitchCloningBugWithClassRelationGroup.xml (RunModel)" time="0.017" />
  <testcase classname="ptolemy.util.test.junit.AutoTests" name="[82] /home/travis/build/icyphy/ptII/ptolemy/actor/lib/test/auto/ConfigurationSwitchSelectSDF.xml (RunModel)" time="0.013" />
  <testcase classname="ptolemy.util.test.junit.AutoTests" name="[83] /home/travis/build/icyphy/ptII/ptolemy/actor/lib/test/auto/ConfigurationSwitchSelectSDF2.xml (RunModel)" time="0.013" />
  <testcase classname="ptolemy.util.test.junit.AutoTests" name="[84] /home/travis/build/icyphy/ptII/ptolemy/actor/lib/test/auto/Const.xml (RunModel)" time="0.007" />
  <testcase classname="ptolemy.util.test.junit.AutoTests" name="[85] /home/travis/build/icyphy/ptII/ptolemy/actor/lib/test/auto/Const2.xml (RunModel)" time="0.008" />
  <testcase classname="ptolemy.util.test.junit.AutoTests" name="[86] /home/travis/build/icyphy/ptII/ptolemy/actor/lib/test/auto/Const3.xml (RunModel)" time="0.005" />
  <testcase classname="ptolemy.util.test.junit.AutoTests" name="[87] /home/travis/build/icyphy/ptII/ptolemy/actor/lib/test/auto/ConstantPublisherPort1.xml (RunModel)" time="0.02" />
  <testcase classname="ptolemy.util.test.junit.AutoTests" name="[88] /home/travis/build/icyphy/ptII/ptolemy/actor/lib/test/auto/ConstantPublisherPort2.xml (RunModel)" time="0.018" />
  <testcase classname="ptolemy.util.test.junit.AutoTests" name="[89] /home/travis/build/icyphy/ptII/ptolemy/actor/lib/test/auto/ConstantPublisherPort3.xml (RunModel)" time="0.017" />
  <testcase classname="ptolemy.util.test.junit.AutoTests" name="[90] /home/travis/build/icyphy/ptII/ptolemy/actor/lib/test/auto/ConstantPublisherPort4.xml (RunModel)" time="0.016" />
  <testcase classname="ptolemy.util.test.junit.AutoTests" name="[91] /home/travis/build/icyphy/ptII/ptolemy/actor/lib/test/auto/ConstantPublisherPort5.xml (RunModel)" time="0.051" />
  <testcase classname="ptolemy.util.test.junit.AutoTests" name="[92] /home/travis/build/icyphy/ptII/ptolemy/actor/lib/test/auto/ConstantPublisherPort6.xml (RunModel)" time="0.03" />
  <testcase classname="ptolemy.util.test.junit.AutoTests" name="[93] /home/travis/build/icyphy/ptII/ptolemy/actor/lib/test/auto/ConstantPublisherPort7.xml (RunModel)" time="0.033" />
  <testcase classname="ptolemy.util.test.junit.AutoTests" name="[94] /home/travis/build/icyphy/ptII/ptolemy/actor/lib/test/auto/ConstraintMonitor1.xml (RunModel)" time="0.036" />
  <testcase classname="ptolemy.util.test.junit.AutoTests" name="[95] /home/travis/build/icyphy/ptII/ptolemy/actor/lib/test/auto/ConstraintMonitor2.xml (RunModel)" time="0.012" />
  <testcase classname="ptolemy.util.test.junit.AutoTests" name="[96] /home/travis/build/icyphy/ptII/ptolemy/actor/lib/test/auto/ConstraintMonitor3.xml (RunModel)" time="0.016" />
  <testcase classname="ptolemy.util.test.junit.AutoTests" name="[97] /home/travis/build/icyphy/ptII/ptolemy/actor/lib/test/auto/ConstraintMonitor4.xml (RunModel)" time="0.014" />
  <testcase classname="ptolemy.util.test.junit.AutoTests" name="[98] /home/travis/build/icyphy/ptII/ptolemy/actor/lib/test/auto/ConstraintMonitor5.xml (RunModel)" time="0.011" />
  <testcase classname="ptolemy.util.test.junit.AutoTests" name="[99] /home/travis/build/icyphy/ptII/ptolemy/actor/lib/test/auto/ConstraintMonitor6.xml (RunModel)" time="0.015" />
  <testcase classname="ptolemy.util.test.junit.AutoTests" name="[100] /home/travis/build/icyphy/ptII/ptolemy/actor/lib/test/auto/ConstraintMonitor7.xml (RunModel)" time="0.015" />
  <testcase classname="ptolemy.util.test.junit.AutoTests" name="[101] /home/travis/build/icyphy/ptII/ptolemy/actor/lib/test/auto/ConstraintMonitor8.xml (RunModel)" time="0.018" />
  <testcase classname="ptolemy.util.test.junit.AutoTests" name="[102] /home/travis/build/icyphy/ptII/ptolemy/actor/lib/test/auto/Counter.xml (RunModel)" time="0.012" />
  <testcase classname="ptolemy.util.test.junit.AutoTests" name="[103] /home/travis/build/icyphy/ptII/ptolemy/actor/lib/test/auto/CurrentTimeSDF.xml (RunModel)" time="0.007" />
  <testcase classname="ptolemy.util.test.junit.AutoTests" name="[104] /home/travis/build/icyphy/ptII/ptolemy/actor/lib/test/auto/DB.xml (RunModel)" time="0.011" />
  <testcase classname="ptolemy.util.test.junit.AutoTests" name="[105] /home/travis/build/icyphy/ptII/ptolemy/actor/lib/test/auto/DBDE.xml (RunModel)" time="0.011" />
  <testcase classname="ptolemy.util.test.junit.AutoTests" name="[106] /home/travis/build/icyphy/ptII/ptolemy/actor/lib/test/auto/DateConstructor.xml (RunModel)" time="0.079" />
  <testcase classname="ptolemy.util.test.junit.AutoTests" name="[107] /home/travis/build/icyphy/ptII/ptolemy/actor/lib/test/auto/DelayTime.xml (RunModel)" time="0.016" />
  <testcase classname="ptolemy.util.test.junit.AutoTests" name="[108] /home/travis/build/icyphy/ptII/ptolemy/actor/lib/test/auto/Dictionary1.xml (RunModel)" time="0.021" />
  <testcase classname="ptolemy.util.test.junit.AutoTests" name="[109] /home/travis/build/icyphy/ptII/ptolemy/actor/lib/test/auto/Dictionary2.xml (RunModel)" time="0.014" />
  <testcase classname="ptolemy.util.test.junit.AutoTests" name="[110] /home/travis/build/icyphy/ptII/ptolemy/actor/lib/test/auto/Dictionary3.xml (RunModel)" time="0.014" />
  <testcase classname="ptolemy.util.test.junit.AutoTests" name="[111] /home/travis/build/icyphy/ptII/ptolemy/actor/lib/test/auto/Dictionary4.xml (RunModel)" time="0.02" />
  <testcase classname="ptolemy.util.test.junit.AutoTests" name="[112] /home/travis/build/icyphy/ptII/ptolemy/actor/lib/test/auto/Differential.xml (RunModel)" time="0.012" />
  <testcase classname="ptolemy.util.test.junit.AutoTests" name="[113] /home/travis/build/icyphy/ptII/ptolemy/actor/lib/test/auto/Director.xml (RunModel)" time="0.009" />
  <testcase classname="ptolemy.util.test.junit.AutoTests" name="[114] /home/travis/build/icyphy/ptII/ptolemy/actor/lib/test/auto/DiscreteClock.xml (RunModel)" time="0.007" />
  <testcase classname="ptolemy.util.test.junit.AutoTests" name="[115] /home/travis/build/icyphy/ptII/ptolemy/actor/lib/test/auto/DiscreteClock10.xml (RunModel)" time="0.012" />
  <testcase classname="ptolemy.util.test.junit.AutoTests" name="[116] /home/travis/build/icyphy/ptII/ptolemy/actor/lib/test/auto/DiscreteClock11.xml (RunModel)" time="0.012" />
  <testcase classname="ptolemy.util.test.junit.AutoTests" name="[117] /home/travis/build/icyphy/ptII/ptolemy/actor/lib/test/auto/DiscreteClock12.xml (RunModel)" time="0.013" />
  <testcase classname="ptolemy.util.test.junit.AutoTests" name="[118] /home/travis/build/icyphy/ptII/ptolemy/actor/lib/test/auto/DiscreteClock13.xml (RunModel)" time="0.012" />
  <testcase classname="ptolemy.util.test.junit.AutoTests" name="[119] /home/travis/build/icyphy/ptII/ptolemy/actor/lib/test/auto/DiscreteClock14.xml (RunModel)" time="0.013" />
  <testcase classname="ptolemy.util.test.junit.AutoTests" name="[120] /home/travis/build/icyphy/ptII/ptolemy/actor/lib/test/auto/DiscreteClock15.xml (RunModel)" time="0.015" />
  <testcase classname="ptolemy.util.test.junit.AutoTests" name="[121] /home/travis/build/icyphy/ptII/ptolemy/actor/lib/test/auto/DiscreteClock16.xml (RunModel)" time="0.033" />
  <testcase classname="ptolemy.util.test.junit.AutoTests" name="[122] /home/travis/build/icyphy/ptII/ptolemy/actor/lib/test/auto/DiscreteClock17.xml (RunModel)" time="0.035" />
  <testcase classname="ptolemy.util.test.junit.AutoTests" name="[123] /home/travis/build/icyphy/ptII/ptolemy/actor/lib/test/auto/DiscreteClock18.xml (RunModel)" time="0.031" />
  <testcase classname="ptolemy.util.test.junit.AutoTests" name="[124] /home/travis/build/icyphy/ptII/ptolemy/actor/lib/test/auto/DiscreteClock19.xml (RunModel)" time="0.032" />
  <testcase classname="ptolemy.util.test.junit.AutoTests" name="[125] /home/travis/build/icyphy/ptII/ptolemy/actor/lib/test/auto/DiscreteClock2.xml (RunModel)" time="0.009" />
  <testcase classname="ptolemy.util.test.junit.AutoTests" name="[126] /home/travis/build/icyphy/ptII/ptolemy/actor/lib/test/auto/DiscreteClock20.xml (RunModel)" time="0.012" />
  <testcase classname="ptolemy.util.test.junit.AutoTests" name="[127] /home/travis/build/icyphy/ptII/ptolemy/actor/lib/test/auto/DiscreteClock21.xml (RunModel)" time="0.013" />
  <testcase classname="ptolemy.util.test.junit.AutoTests" name="[128] /home/travis/build/icyphy/ptII/ptolemy/actor/lib/test/auto/DiscreteClock22.xml (RunModel)" time="0.016" />
  <testcase classname="ptolemy.util.test.junit.AutoTests" name="[129] /home/travis/build/icyphy/ptII/ptolemy/actor/lib/test/auto/DiscreteClock23.xml (RunModel)" time="0.012" />
  <testcase classname="ptolemy.util.test.junit.AutoTests" name="[130] /home/travis/build/icyphy/ptII/ptolemy/actor/lib/test/auto/DiscreteClock24.xml (RunModel)" time="0.011" />
  <testcase classname="ptolemy.util.test.junit.AutoTests" name="[131] /home/travis/build/icyphy/ptII/ptolemy/actor/lib/test/auto/DiscreteClock4.xml (RunModel)" time="0.01" />
  <testcase classname="ptolemy.util.test.junit.AutoTests" name="[132] /home/travis/build/icyphy/ptII/ptolemy/actor/lib/test/auto/DiscreteClock5.xml (RunModel)" time="0.013" />
  <testcase classname="ptolemy.util.test.junit.AutoTests" name="[133] /home/travis/build/icyphy/ptII/ptolemy/actor/lib/test/auto/DiscreteClock6.xml (RunModel)" time="0.009" />
  <testcase classname="ptolemy.util.test.junit.AutoTests" name="[134] /home/travis/build/icyphy/ptII/ptolemy/actor/lib/test/auto/DiscreteClock7.xml (RunModel)" time="0.009" />
  <testcase classname="ptolemy.util.test.junit.AutoTests" name="[135] /home/travis/build/icyphy/ptII/ptolemy/actor/lib/test/auto/DiscreteClock8.xml (RunModel)" time="0.021" />
  <testcase classname="ptolemy.util.test.junit.AutoTests" name="[136] /home/travis/build/icyphy/ptII/ptolemy/actor/lib/test/auto/DiscreteClock9.xml (RunModel)" time="0.014" />
  <testcase classname="ptolemy.util.test.junit.AutoTests" name="[137] /home/travis/build/icyphy/ptII/ptolemy/actor/lib/test/auto/DisplayArray.xml (RunModel)" time="0.012" />
  <testcase classname="ptolemy.util.test.junit.AutoTests" name="[138] /home/travis/build/icyphy/ptII/ptolemy/actor/lib/test/auto/Distributor.xml (RunModel)" time="0.008" />
  <testcase classname="ptolemy.util.test.junit.AutoTests" name="[139] /home/travis/build/icyphy/ptII/ptolemy/actor/lib/test/auto/Distributor2.xml (RunModel)" time="0.01" />
  <testcase classname="ptolemy.util.test.junit.AutoTests" name="[140] /home/travis/build/icyphy/ptII/ptolemy/actor/lib/test/auto/DownSample.xml (RunModel)" time="0.009" />
  <testcase classname="ptolemy.util.test.junit.AutoTests" name="[141] /home/travis/build/icyphy/ptII/ptolemy/actor/lib/test/auto/ElectronicUnitBase1.xml (RunModel)" time="0.057" />
  <testcase classname="ptolemy.util.test.junit.AutoTests" name="[142] /home/travis/build/icyphy/ptII/ptolemy/actor/lib/test/auto/ElementsToArray.xml (RunModel)" time="0.01" />
  <testcase classname="ptolemy.util.test.junit.AutoTests" name="[143] /home/travis/build/icyphy/ptII/ptolemy/actor/lib/test/auto/Equals.xml (RunModel)" time="0.012" />
  <testcase classname="ptolemy.util.test.junit.AutoTests" name="[144] /home/travis/build/icyphy/ptII/ptolemy/actor/lib/test/auto/Exec.xml (RunModel)" time="0.028" />
  <testcase classname="ptolemy.util.test.junit.AutoTests" name="[145] /home/travis/build/icyphy/ptII/ptolemy/actor/lib/test/auto/ExecEnvironment.xml (RunModel)" time="0.042" />
  <testcase classname="ptolemy.util.test.junit.AutoTests" name="[146] /home/travis/build/icyphy/ptII/ptolemy/actor/lib/test/auto/ExecNonZeroReturnOutput.xml (RunModel)" time="0.167" />
  <testcase classname="ptolemy.util.test.junit.AutoTests" name="[147] /home/travis/build/icyphy/ptII/ptolemy/actor/lib/test/auto/ExecRunDemos.xml (RunModel)" time="9.991" />
  <testcase classname="ptolemy.util.test.junit.AutoTests" name="[148] /home/travis/build/icyphy/ptII/ptolemy/actor/lib/test/auto/ExecStop.xml (RunModel)" time="5.034" />
  <testcase classname="ptolemy.util.test.junit.AutoTests" name="[149] /home/travis/build/icyphy/ptII/ptolemy/actor/lib/test/auto/ExecutionTimeSDF.xml (RunModel)" time="6.034" />
  <testcase classname="ptolemy.util.test.junit.AutoTests" name="[150] /home/travis/build/icyphy/ptII/ptolemy/actor/lib/test/auto/Expression1.xml (RunModel)" time="0.013" />
  <testcase classname="ptolemy.util.test.junit.AutoTests" name="[151] /home/travis/build/icyphy/ptII/ptolemy/actor/lib/test/auto/Expression10.xml (RunModel)" time="0.014" />
  <testcase classname="ptolemy.util.test.junit.AutoTests" name="[152] /home/travis/build/icyphy/ptII/ptolemy/actor/lib/test/auto/Expression11.xml (RunModel)" time="0.01" />
  <testcase classname="ptolemy.util.test.junit.AutoTests" name="[153] /home/travis/build/icyphy/ptII/ptolemy/actor/lib/test/auto/Expression12.xml (RunModel)" time="0.012" />
  <testcase classname="ptolemy.util.test.junit.AutoTests" name="[154] /home/travis/build/icyphy/ptII/ptolemy/actor/lib/test/auto/Expression13.xml (RunModel)" time="0.013" />
  <testcase classname="ptolemy.util.test.junit.AutoTests" name="[155] /home/travis/build/icyphy/ptII/ptolemy/actor/lib/test/auto/Expression14.xml (RunModel)" time="0.017" />
  <testcase classname="ptolemy.util.test.junit.AutoTests" name="[156] /home/travis/build/icyphy/ptII/ptolemy/actor/lib/test/auto/Expression15.xml (RunModel)" time="0.006" />
  <testcase classname="ptolemy.util.test.junit.AutoTests" name="[157] /home/travis/build/icyphy/ptII/ptolemy/actor/lib/test/auto/Expression16.xml (RunModel)" time="0.011" />
  <testcase classname="ptolemy.util.test.junit.AutoTests" name="[158] /home/travis/build/icyphy/ptII/ptolemy/actor/lib/test/auto/Expression17.xml (RunModel)" time="0.009" />
  <testcase classname="ptolemy.util.test.junit.AutoTests" name="[159] /home/travis/build/icyphy/ptII/ptolemy/actor/lib/test/auto/Expression18.xml (RunModel)" time="0.013" />
  <testcase classname="ptolemy.util.test.junit.AutoTests" name="[160] /home/travis/build/icyphy/ptII/ptolemy/actor/lib/test/auto/Expression2.xml (RunModel)" time="0.011" />
  <testcase classname="ptolemy.util.test.junit.AutoTests" name="[161] /home/travis/build/icyphy/ptII/ptolemy/actor/lib/test/auto/Expression3.xml (RunModel)" time="0.013" />
  <testcase classname="ptolemy.util.test.junit.AutoTests" name="[162] /home/travis/build/icyphy/ptII/ptolemy/actor/lib/test/auto/Expression4.xml (RunModel)" time="0.017" />
  <testcase classname="ptolemy.util.test.junit.AutoTests" name="[163] /home/travis/build/icyphy/ptII/ptolemy/actor/lib/test/auto/Expression5.xml (RunModel)" time="0.01" />
  <testcase classname="ptolemy.util.test.junit.AutoTests" name="[164] /home/travis/build/icyphy/ptII/ptolemy/actor/lib/test/auto/Expression6.xml (RunModel)" time="0.008" />
  <testcase classname="ptolemy.util.test.junit.AutoTests" name="[165] /home/travis/build/icyphy/ptII/ptolemy/actor/lib/test/auto/Expression7.xml (RunModel)" time="0.01" />
  <testcase classname="ptolemy.util.test.junit.AutoTests" name="[166] /home/travis/build/icyphy/ptII/ptolemy/actor/lib/test/auto/Expression8.xml (RunModel)" time="0.023" />
  <testcase classname="ptolemy.util.test.junit.AutoTests" name="[167] /home/travis/build/icyphy/ptII/ptolemy/actor/lib/test/auto/Expression9.xml (RunModel)" time="0.007" />
  <testcase classname="ptolemy.util.test.junit.AutoTests" name="[168] /home/travis/build/icyphy/ptII/ptolemy/actor/lib/test/auto/ExpressionConcatenateArrayType.xml (RunModel)" time="0.035" />
  <testcase classname="ptolemy.util.test.junit.AutoTests" name="[169] /home/travis/build/icyphy/ptII/ptolemy/actor/lib/test/auto/ExpressionConcatenateArrayType2.xml (RunModel)" time="0.019" />
  <testcase classname="ptolemy.util.test.junit.AutoTests" name="[170] /home/travis/build/icyphy/ptII/ptolemy/actor/lib/test/auto/ExpressionFix.xml (RunModel)" time="0.043" />
  <testcase classname="ptolemy.util.test.junit.AutoTests" name="[171] /home/travis/build/icyphy/ptII/ptolemy/actor/lib/test/auto/ExpressionFix2.xml (RunModel)" time="0.011" />
  <testcase classname="ptolemy.util.test.junit.AutoTests" name="[172] /home/travis/build/icyphy/ptII/ptolemy/actor/lib/test/auto/ExpressionFix3.xml (RunModel)" time="0.01" />
  <testcase classname="ptolemy.util.test.junit.AutoTests" name="[173] /home/travis/build/icyphy/ptII/ptolemy/actor/lib/test/auto/FileWriter1.xml (RunModel)" time="0.009" />
  <testcase classname="ptolemy.util.test.junit.AutoTests" name="[174] /home/travis/build/icyphy/ptII/ptolemy/actor/lib/test/auto/FileWriter2.xml (RunModel)" time="0.01" />
  <testcase classname="ptolemy.util.test.junit.AutoTests" name="[175] /home/travis/build/icyphy/ptII/ptolemy/actor/lib/test/auto/FileWriter3.xml (RunModel)" time="0.012" />
  <testcase classname="ptolemy.util.test.junit.AutoTests" name="[176] /home/travis/build/icyphy/ptII/ptolemy/actor/lib/test/auto/Gaussian.xml (RunModel)" time="0.011" />
  <testcase classname="ptolemy.util.test.junit.AutoTests" name="[177] /home/travis/build/icyphy/ptII/ptolemy/actor/lib/test/auto/Gaussian1.xml (RunModel)" time="0.022" />
  <testcase classname="ptolemy.util.test.junit.AutoTests" name="[178] /home/travis/build/icyphy/ptII/ptolemy/actor/lib/test/auto/Gaussian2.xml (RunModel)" time="0.016" />
  <testcase classname="ptolemy.util.test.junit.AutoTests" name="[179] /home/travis/build/icyphy/ptII/ptolemy/actor/lib/test/auto/GradientAdaptiveLattice.xml (RunModel)" time="0.017" />
  <testcase classname="ptolemy.util.test.junit.AutoTests" name="[180] /home/travis/build/icyphy/ptII/ptolemy/actor/lib/test/auto/IIR.xml (RunModel)" time="0.009" />
  <testcase classname="ptolemy.util.test.junit.AutoTests" name="[181] /home/travis/build/icyphy/ptII/ptolemy/actor/lib/test/auto/InputOutputTransparentPorts.xml (RunModel)" time="0.017" />
  <testcase classname="ptolemy.util.test.junit.AutoTests" name="[182] /home/travis/build/icyphy/ptII/ptolemy/actor/lib/test/auto/Interpolator.xml (RunModel)" time="0.009" />
  <testcase classname="ptolemy.util.test.junit.AutoTests" name="[183] /home/travis/build/icyphy/ptII/ptolemy/actor/lib/test/auto/InterpolatorFiringLimitDE.xml (RunModel)" time="0.012" />
  <testcase classname="ptolemy.util.test.junit.AutoTests" name="[184] /home/travis/build/icyphy/ptII/ptolemy/actor/lib/test/auto/Lattice.xml (RunModel)" time="0.008" />
  <testcase classname="ptolemy.util.test.junit.AutoTests" name="[185] /home/travis/build/icyphy/ptII/ptolemy/actor/lib/test/auto/LazyAOCTestLazy.xml (RunModel)" time="0.018" />
  <testcase classname="ptolemy.util.test.junit.AutoTests" name="[186] /home/travis/build/icyphy/ptII/ptolemy/actor/lib/test/auto/LazyAOCTestNonLazy.xml (RunModel)" time="0.014" />
  <testcase classname="ptolemy.util.test.junit.AutoTests" name="[187] /home/travis/build/icyphy/ptII/ptolemy/actor/lib/test/auto/LazyInnerClass.xml (RunModel)" time="0.017" />
  <testcase classname="ptolemy.util.test.junit.AutoTests" name="[188] /home/travis/build/icyphy/ptII/ptolemy/actor/lib/test/auto/LazyPubSub.xml (RunModel)" time="0.032" />
  <testcase classname="ptolemy.util.test.junit.AutoTests" name="[189] /home/travis/build/icyphy/ptII/ptolemy/actor/lib/test/auto/LazyPubSub2.xml (RunModel)" time="0.074" />
  <testcase classname="ptolemy.util.test.junit.AutoTests" name="[190] /home/travis/build/icyphy/ptII/ptolemy/actor/lib/test/auto/LazyPubSub3.xml (RunModel)" time="0.057" />
  <testcase classname="ptolemy.util.test.junit.AutoTests" name="[191] /home/travis/build/icyphy/ptII/ptolemy/actor/lib/test/auto/LazySubClassModel.xml (RunModel)" time="0.044" />
  <testcase classname="ptolemy.util.test.junit.AutoTests" name="[192] /home/travis/build/icyphy/ptII/ptolemy/actor/lib/test/auto/LevelCrossTest1.xml (RunModel)" time="0.01" />
  <testcase classname="ptolemy.util.test.junit.AutoTests" name="[193] /home/travis/build/icyphy/ptII/ptolemy/actor/lib/test/auto/LevelCrossTest10.xml (RunModel)" time="0.013" />
  <testcase classname="ptolemy.util.test.junit.AutoTests" name="[194] /home/travis/build/icyphy/ptII/ptolemy/actor/lib/test/auto/LevelCrossTest11.xml (RunModel)" time="0.013" />
  <testcase classname="ptolemy.util.test.junit.AutoTests" name="[195] /home/travis/build/icyphy/ptII/ptolemy/actor/lib/test/auto/LevelCrossTest12.xml (RunModel)" time="0.015" />
  <testcase classname="ptolemy.util.test.junit.AutoTests" name="[196] /home/travis/build/icyphy/ptII/ptolemy/actor/lib/test/auto/LevelCrossTest13.xml (RunModel)" time="0.013" />
  <testcase classname="ptolemy.util.test.junit.AutoTests" name="[197] /home/travis/build/icyphy/ptII/ptolemy/actor/lib/test/auto/LevelCrossTest2.xml (RunModel)" time="0.009" />
  <testcase classname="ptolemy.util.test.junit.AutoTests" name="[198] /home/travis/build/icyphy/ptII/ptolemy/actor/lib/test/auto/LevelCrossTest3.xml (RunModel)" time="0.01" />
  <testcase classname="ptolemy.util.test.junit.AutoTests" name="[199] /home/travis/build/icyphy/ptII/ptolemy/actor/lib/test/auto/LevelCrossTest4.xml (RunModel)" time="0.009" />
  <testcase classname="ptolemy.util.test.junit.AutoTests" name="[200] /home/travis/build/icyphy/ptII/ptolemy/actor/lib/test/auto/LevelCrossTest5.xml (RunModel)" time="0.012" />
  <testcase classname="ptolemy.util.test.junit.AutoTests" name="[201] /home/travis/build/icyphy/ptII/ptolemy/actor/lib/test/auto/LevelCrossTest6.xml (RunModel)" time="0.013" />
  <testcase classname="ptolemy.util.test.junit.AutoTests" name="[202] /home/travis/build/icyphy/ptII/ptolemy/actor/lib/test/auto/LevelCrossTest7.xml (RunModel)" time="0.017" />
  <testcase classname="ptolemy.util.test.junit.AutoTests" name="[203] /home/travis/build/icyphy/ptII/ptolemy/actor/lib/test/auto/LevelCrossTest8.xml (RunModel)" time="0.011" />
  <testcase classname="ptolemy.util.test.junit.AutoTests" name="[204] /home/travis/build/icyphy/ptII/ptolemy/actor/lib/test/auto/LevelCrossTest9.xml (RunModel)" time="0.013" />
  <testcase classname="ptolemy.util.test.junit.AutoTests" name="[205] /home/travis/build/icyphy/ptII/ptolemy/actor/lib/test/auto/LevinsonDurbin.xml (RunModel)" time="0.007" />
  <testcase classname="ptolemy.util.test.junit.AutoTests" name="[206] /home/travis/build/icyphy/ptII/ptolemy/actor/lib/test/auto/LevinsonDurbin2.xml (RunModel)" time="0.012" />
  <testcase classname="ptolemy.util.test.junit.AutoTests" name="[207] /home/travis/build/icyphy/ptII/ptolemy/actor/lib/test/auto/LevinsonDurbin3.xml (RunModel)" time="0.01" />
  <testcase classname="ptolemy.util.test.junit.AutoTests" name="[208] /home/travis/build/icyphy/ptII/ptolemy/actor/lib/test/auto/Limiter.xml (RunModel)" time="0.033" />
  <testcase classname="ptolemy.util.test.junit.AutoTests" name="[209] /home/travis/build/icyphy/ptII/ptolemy/actor/lib/test/auto/LinearDifferenceEquationSystem.xml (RunModel)" time="0.019" />
  <testcase classname="ptolemy.util.test.junit.AutoTests" name="[210] /home/travis/build/icyphy/ptII/ptolemy/actor/lib/test/auto/LookupTable.xml (RunModel)" time="0.009" />
  <testcase classname="ptolemy.util.test.junit.AutoTests" name="[211] /home/travis/build/icyphy/ptII/ptolemy/actor/lib/test/auto/MathFunction.xml (RunModel)" time="0.023" />
  <testcase classname="ptolemy.util.test.junit.AutoTests" name="[212] /home/travis/build/icyphy/ptII/ptolemy/actor/lib/test/auto/MathFunction2.xml (RunModel)" time="0.015" />
  <testcase classname="ptolemy.util.test.junit.AutoTests" name="[213] /home/travis/build/icyphy/ptII/ptolemy/actor/lib/test/auto/MathFunction3.xml (RunModel)" time="0.016" />
  <testcase classname="ptolemy.util.test.junit.AutoTests" name="[214] /home/travis/build/icyphy/ptII/ptolemy/actor/lib/test/auto/MatrixCropBoolean.xml (RunModel)" time="0.012" />
  <testcase classname="ptolemy.util.test.junit.AutoTests" name="[215] /home/travis/build/icyphy/ptII/ptolemy/actor/lib/test/auto/MatrixCropComplex.xml (RunModel)" time="0.011" />
  <testcase classname="ptolemy.util.test.junit.AutoTests" name="[216] /home/travis/build/icyphy/ptII/ptolemy/actor/lib/test/auto/MatrixCropDouble.xml (RunModel)" time="0.009" />
  <testcase classname="ptolemy.util.test.junit.AutoTests" name="[217] /home/travis/build/icyphy/ptII/ptolemy/actor/lib/test/auto/MatrixCropFix.xml (RunModel)" time="0.008" />
  <testcase classname="ptolemy.util.test.junit.AutoTests" name="[218] /home/travis/build/icyphy/ptII/ptolemy/actor/lib/test/auto/MatrixCropInt.xml (RunModel)" time="0.007" />
  <testcase classname="ptolemy.util.test.junit.AutoTests" name="[219] /home/travis/build/icyphy/ptII/ptolemy/actor/lib/test/auto/MatrixCropLong.xml (RunModel)" time="0.008" />
  <testcase classname="ptolemy.util.test.junit.AutoTests" name="[220] /home/travis/build/icyphy/ptII/ptolemy/actor/lib/test/auto/MatrixToArray.xml (RunModel)" time="0.046" />
  <testcase classname="ptolemy.util.test.junit.AutoTests" name="[221] /home/travis/build/icyphy/ptII/ptolemy/actor/lib/test/auto/MaxIndex.xml (RunModel)" time="0.017" />
  <testcase classname="ptolemy.util.test.junit.AutoTests" name="[222] /home/travis/build/icyphy/ptII/ptolemy/actor/lib/test/auto/Maximum.xml (RunModel)" time="0.018" />
  <testcase classname="ptolemy.util.test.junit.AutoTests" name="[223] /home/travis/build/icyphy/ptII/ptolemy/actor/lib/test/auto/MaximumComplex.xml (RunModel)" time="0.012" />
  <testcase classname="ptolemy.util.test.junit.AutoTests" name="[224] /home/travis/build/icyphy/ptII/ptolemy/actor/lib/test/auto/MethodCallTest.xml (RunModel)" time="0.026" />
  <testcase classname="ptolemy.util.test.junit.AutoTests" name="[225] /home/travis/build/icyphy/ptII/ptolemy/actor/lib/test/auto/Minimum.xml (RunModel)" time="0.015" />
  <testcase classname="ptolemy.util.test.junit.AutoTests" name="[226] /home/travis/build/icyphy/ptII/ptolemy/actor/lib/test/auto/MinimumComplex.xml (RunModel)" time="0.011" />
  <testcase classname="ptolemy.util.test.junit.AutoTests" name="[227] /home/travis/build/icyphy/ptII/ptolemy/actor/lib/test/auto/MinimumMultiports.xml (RunModel)" time="0.014" />
  <testcase classname="ptolemy.util.test.junit.AutoTests" name="[228] /home/travis/build/icyphy/ptII/ptolemy/actor/lib/test/auto/ModifyDate.xml (RunModel)" time="0.034" />
  <testcase classname="ptolemy.util.test.junit.AutoTests" name="[229] /home/travis/build/icyphy/ptII/ptolemy/actor/lib/test/auto/ModifyDate2.xml (RunModel)" time="0.028" />
  <testcase classname="ptolemy.util.test.junit.AutoTests" name="[230] /home/travis/build/icyphy/ptII/ptolemy/actor/lib/test/auto/MovingAverage.xml (RunModel)" time="0.011" />
  <testcase classname="ptolemy.util.test.junit.AutoTests" name="[231] /home/travis/build/icyphy/ptII/ptolemy/actor/lib/test/auto/MovingMaximum.xml (RunModel)" time="0.011" />
  <testcase classname="ptolemy.util.test.junit.AutoTests" name="[232] /home/travis/build/icyphy/ptII/ptolemy/actor/lib/test/auto/MultipleLinksToSameRelation.xml (RunModel)" time="0.006" />
  <testcase classname="ptolemy.util.test.junit.AutoTests" name="[233] /home/travis/build/icyphy/ptII/ptolemy/actor/lib/test/auto/MultipleLinksToSameRelationDE.xml (RunModel)" time="0.014" />
  <testcase classname="ptolemy.util.test.junit.AutoTests" name="[234] /home/travis/build/icyphy/ptII/ptolemy/actor/lib/test/auto/Multiplexor.xml (RunModel)" time="0.011" />
  <testcase classname="ptolemy.util.test.junit.AutoTests" name="[235] /home/travis/build/icyphy/ptII/ptolemy/actor/lib/test/auto/Multiplexor1.xml (RunModel)" time="0.01" />
  <testcase classname="ptolemy.util.test.junit.AutoTests" name="[236] /home/travis/build/icyphy/ptII/ptolemy/actor/lib/test/auto/Multiplexor2.xml (RunModel)" time="0.015" />
  <testcase classname="ptolemy.util.test.junit.AutoTests" name="[237] /home/travis/build/icyphy/ptII/ptolemy/actor/lib/test/auto/Multiplexor3.xml (RunModel)" time="0.027" />
  <testcase classname="ptolemy.util.test.junit.AutoTests" name="[238] /home/travis/build/icyphy/ptII/ptolemy/actor/lib/test/auto/MultiplexorDE.xml (RunModel)" time="0.017" />
  <testcase classname="ptolemy.util.test.junit.AutoTests" name="[239] /home/travis/build/icyphy/ptII/ptolemy/actor/lib/test/auto/MultiportBroadcastTest.xml (RunModel)" time="0.084" />
  <testcase classname="ptolemy.util.test.junit.AutoTests" name="[240] /home/travis/build/icyphy/ptII/ptolemy/actor/lib/test/auto/MultiportOutHangDuringGetWidth.xml (RunModel)" time="0.031" />
  <testcase classname="ptolemy.util.test.junit.AutoTests" name="[241] /home/travis/build/icyphy/ptII/ptolemy/actor/lib/test/auto/NilToken.xml (RunModel)" time="0.006" />
  <testcase classname="ptolemy.util.test.junit.AutoTests" name="[242] /home/travis/build/icyphy/ptII/ptolemy/actor/lib/test/auto/NilTokenNonStrictTest.xml (RunModel)" time="0.007" />
  <testcase classname="ptolemy.util.test.junit.AutoTests" name="[243] /home/travis/build/icyphy/ptII/ptolemy/actor/lib/test/auto/NilTokenRecord.xml (RunModel)" time="0.017" />
  <testcase classname="ptolemy.util.test.junit.AutoTests" name="[244] /home/travis/build/icyphy/ptII/ptolemy/actor/lib/test/auto/NilTokenTypeTest.xml (RunModel)" time="0.022" />
  <testcase classname="ptolemy.util.test.junit.AutoTests" name="[245] /home/travis/build/icyphy/ptII/ptolemy/actor/lib/test/auto/ObjectToken1.xml (RunModel)" time="0.007" />
  <testcase classname="ptolemy.util.test.junit.AutoTests" name="[246] /home/travis/build/icyphy/ptII/ptolemy/actor/lib/test/auto/OrderedMerge.xml (RunModel)" time="0.014" />
  <testcase classname="ptolemy.util.test.junit.AutoTests" name="[247] /home/travis/build/icyphy/ptII/ptolemy/actor/lib/test/auto/OrderedRecordDisassembler.xml (RunModel)" time="0.017" />
  <testcase classname="ptolemy.util.test.junit.AutoTests" name="[248] /home/travis/build/icyphy/ptII/ptolemy/actor/lib/test/auto/OrderedRecordDisassembler2.xml (RunModel)" time="0.015" />
  <testcase classname="ptolemy.util.test.junit.AutoTests" name="[249] /home/travis/build/icyphy/ptII/ptolemy/actor/lib/test/auto/OrderedRecordUpdater.xml (RunModel)" time="0.008" />
  <testcase classname="ptolemy.util.test.junit.AutoTests" name="[250] /home/travis/build/icyphy/ptII/ptolemy/actor/lib/test/auto/OrderedRecordUpdater2.xml (RunModel)" time="0.008" />
  <testcase classname="ptolemy.util.test.junit.AutoTests" name="[251] /home/travis/build/icyphy/ptII/ptolemy/actor/lib/test/auto/PhaseUnwrap.xml (RunModel)" time="0.01" />
  <testcase classname="ptolemy.util.test.junit.AutoTests" name="[252] /home/travis/build/icyphy/ptII/ptolemy/actor/lib/test/auto/PoissonClock.xml (RunModel)" time="0.007" />
  <testcase classname="ptolemy.util.test.junit.AutoTests" name="[253] /home/travis/build/icyphy/ptII/ptolemy/actor/lib/test/auto/PoissonClock2.xml (RunModel)" time="0.006" />
  <testcase classname="ptolemy.util.test.junit.AutoTests" name="[254] /home/travis/build/icyphy/ptII/ptolemy/actor/lib/test/auto/PoissonClock3.xml (RunModel)" time="0.014" />
  <testcase classname="ptolemy.util.test.junit.AutoTests" name="[255] /home/travis/build/icyphy/ptII/ptolemy/actor/lib/test/auto/PubSubWithInitialTokens.xml (RunModel)" time="0.016" />
  <testcase classname="ptolemy.util.test.junit.AutoTests" name="[256] /home/travis/build/icyphy/ptII/ptolemy/actor/lib/test/auto/PubSubWithInitialTokens2.xml (RunModel)" time="0.009" />
  <testcase classname="ptolemy.util.test.junit.AutoTests" name="[257] /home/travis/build/icyphy/ptII/ptolemy/actor/lib/test/auto/PublisherClassNoParameter.xml (RunModel)" time="0.023" />
  <testcase classname="ptolemy.util.test.junit.AutoTests" name="[258] /home/travis/build/icyphy/ptII/ptolemy/actor/lib/test/auto/PublisherClassParameter.xml (RunModel)" time="0.019" />
  <testcase classname="ptolemy.util.test.junit.AutoTests" name="[259] /home/travis/build/icyphy/ptII/ptolemy/actor/lib/test/auto/PublisherNonStrictTest.xml (RunModel)" time="0.014" />
  <testcase classname="ptolemy.util.test.junit.AutoTests" name="[260] /home/travis/build/icyphy/ptII/ptolemy/actor/lib/test/auto/PublisherPort1.xml (RunModel)" time="0.009" />
  <testcase classname="ptolemy.util.test.junit.AutoTests" name="[261] /home/travis/build/icyphy/ptII/ptolemy/actor/lib/test/auto/PublisherPort2.xml (RunModel)" time="0.007" />
  <testcase classname="ptolemy.util.test.junit.AutoTests" name="[262] /home/travis/build/icyphy/ptII/ptolemy/actor/lib/test/auto/PublisherPort3.xml (RunModel)" time="0.017" />
  <testcase classname="ptolemy.util.test.junit.AutoTests" name="[263] /home/travis/build/icyphy/ptII/ptolemy/actor/lib/test/auto/PublisherPort4.xml (RunModel)" time="0.015" />
  <testcase classname="ptolemy.util.test.junit.AutoTests" name="[264] /home/travis/build/icyphy/ptII/ptolemy/actor/lib/test/auto/PublisherPort5.xml (RunModel)" time="0.012" />
  <testcase classname="ptolemy.util.test.junit.AutoTests" name="[265] /home/travis/build/icyphy/ptII/ptolemy/actor/lib/test/auto/PublisherPort5LookAlike.xml (RunModel)" time="0.016" />
  <testcase classname="ptolemy.util.test.junit.AutoTests" name="[266] /home/travis/build/icyphy/ptII/ptolemy/actor/lib/test/auto/PublisherPort6.xml (RunModel)" time="0.012" />
  <testcase classname="ptolemy.util.test.junit.AutoTests" name="[267] /home/travis/build/icyphy/ptII/ptolemy/actor/lib/test/auto/PublisherPort7.xml (RunModel)" time="0.012" />
  <testcase classname="ptolemy.util.test.junit.AutoTests" name="[268] /home/travis/build/icyphy/ptII/ptolemy/actor/lib/test/auto/PublisherPort8.xml (RunModel)" time="0.023" />
  <testcase classname="ptolemy.util.test.junit.AutoTests" name="[269] /home/travis/build/icyphy/ptII/ptolemy/actor/lib/test/auto/PublisherPortSubscriberChannelVariablesAOC2.xml (RunModel)" time="0.031" />
  <testcase classname="ptolemy.util.test.junit.AutoTests" name="[270] /home/travis/build/icyphy/ptII/ptolemy/actor/lib/test/auto/PublisherPortSubscriberOpaqueWidthInference.xml (RunModel)" time="0.014" />
  <testcase classname="ptolemy.util.test.junit.AutoTests" name="[271] /home/travis/build/icyphy/ptII/ptolemy/actor/lib/test/auto/PublisherPortSubscriberPortAdjacent.xml (RunModel)" time="0.016" />
  <testcase classname="ptolemy.util.test.junit.AutoTests" name="[272] /home/travis/build/icyphy/ptII/ptolemy/actor/lib/test/auto/PublisherPortSubscriberPortExpression.xml (RunModel)" time="0.015" />
  <testcase classname="ptolemy.util.test.junit.AutoTests" name="[273] /home/travis/build/icyphy/ptII/ptolemy/actor/lib/test/auto/PublisherPortSubscriberPortOpaqueD3Reverse.xml (RunModel)" time="0.033" />
  <testcase classname="ptolemy.util.test.junit.AutoTests" name="[274] /home/travis/build/icyphy/ptII/ptolemy/actor/lib/test/auto/PublisherPortSubscriberPortOpaqueWidthInference.xml (RunModel)" time="0.014" />
  <testcase classname="ptolemy.util.test.junit.AutoTests" name="[275] /home/travis/build/icyphy/ptII/ptolemy/actor/lib/test/auto/PublisherPortToplevelSubscriberPortAOC.xml (RunModel)" time="0.009" />
  <testcase classname="ptolemy.util.test.junit.AutoTests" name="[276] /home/travis/build/icyphy/ptII/ptolemy/actor/lib/test/auto/PublisherSubscriber.xml (RunModel)" time="0.011" />
  <testcase classname="ptolemy.util.test.junit.AutoTests" name="[277] /home/travis/build/icyphy/ptII/ptolemy/actor/lib/test/auto/PublisherSubscriber10.xml (RunModel)" time="0.019" />
  <testcase classname="ptolemy.util.test.junit.AutoTests" name="[278] /home/travis/build/icyphy/ptII/ptolemy/actor/lib/test/auto/PublisherSubscriber10InitialOutputs.xml (RunModel)" time="0.031" />
  <testcase classname="ptolemy.util.test.junit.AutoTests" name="[279] /home/travis/build/icyphy/ptII/ptolemy/actor/lib/test/auto/PublisherSubscriber11.xml (RunModel)" time="0.014" />
  <testcase classname="ptolemy.util.test.junit.AutoTests" name="[280] /home/travis/build/icyphy/ptII/ptolemy/actor/lib/test/auto/PublisherSubscriber12.xml (RunModel)" time="0.013" />
  <testcase classname="ptolemy.util.test.junit.AutoTests" name="[281] /home/travis/build/icyphy/ptII/ptolemy/actor/lib/test/auto/PublisherSubscriber13.xml (RunModel)" time="0.01" />
  <testcase classname="ptolemy.util.test.junit.AutoTests" name="[282] /home/travis/build/icyphy/ptII/ptolemy/actor/lib/test/auto/PublisherSubscriber14.xml (RunModel)" time="0.02" />
  <testcase classname="ptolemy.util.test.junit.AutoTests" name="[283] /home/travis/build/icyphy/ptII/ptolemy/actor/lib/test/auto/PublisherSubscriber2.xml (RunModel)" time="0.009" />
  <testcase classname="ptolemy.util.test.junit.AutoTests" name="[284] /home/travis/build/icyphy/ptII/ptolemy/actor/lib/test/auto/PublisherSubscriber3.xml (RunModel)" time="0.014" />
  <testcase classname="ptolemy.util.test.junit.AutoTests" name="[285] /home/travis/build/icyphy/ptII/ptolemy/actor/lib/test/auto/PublisherSubscriber4.xml (RunModel)" time="0.008" />
  <testcase classname="ptolemy.util.test.junit.AutoTests" name="[286] /home/travis/build/icyphy/ptII/ptolemy/actor/lib/test/auto/PublisherSubscriber5.xml (RunModel)" time="0.009" />
  <testcase classname="ptolemy.util.test.junit.AutoTests" name="[287] /home/travis/build/icyphy/ptII/ptolemy/actor/lib/test/auto/PublisherSubscriber6.xml (RunModel)" time="0.012" />
  <testcase classname="ptolemy.util.test.junit.AutoTests" name="[288] /home/travis/build/icyphy/ptII/ptolemy/actor/lib/test/auto/PublisherSubscriber7.xml (RunModel)" time="0.018" />
  <testcase classname="ptolemy.util.test.junit.AutoTests" name="[289] /home/travis/build/icyphy/ptII/ptolemy/actor/lib/test/auto/PublisherSubscriber8.xml (RunModel)" time="0.029" />
  <testcase classname="ptolemy.util.test.junit.AutoTests" name="[290] /home/travis/build/icyphy/ptII/ptolemy/actor/lib/test/auto/PublisherSubscriber9.xml (RunModel)" time="0.016" />
  <testcase classname="ptolemy.util.test.junit.AutoTests" name="[291] /home/travis/build/icyphy/ptII/ptolemy/actor/lib/test/auto/PublisherSubscriberAdjacent.xml (RunModel)" time="0.014" />
  <testcase classname="ptolemy.util.test.junit.AutoTests" name="[292] /home/travis/build/icyphy/ptII/ptolemy/actor/lib/test/auto/PublisherSubscriberChannelVariablesAOC2.xml (RunModel)" time="0.026" />
  <testcase classname="ptolemy.util.test.junit.AutoTests" name="[293] /home/travis/build/icyphy/ptII/ptolemy/actor/lib/test/auto/PublisherSubscriberD3.xml (RunModel)" time="0.012" />
  <testcase classname="ptolemy.util.test.junit.AutoTests" name="[294] /home/travis/build/icyphy/ptII/ptolemy/actor/lib/test/auto/PublisherSubscriberD3Reverse.xml (RunModel)" time="0.01" />
  <testcase classname="ptolemy.util.test.junit.AutoTests" name="[295] /home/travis/build/icyphy/ptII/ptolemy/actor/lib/test/auto/PublisherSubscriberExpression.xml (RunModel)" time="0.014" />
  <testcase classname="ptolemy.util.test.junit.AutoTests" name="[296] /home/travis/build/icyphy/ptII/ptolemy/actor/lib/test/auto/PublisherSubscriberOpaque.xml (RunModel)" time="0.013" />
  <testcase classname="ptolemy.util.test.junit.AutoTests" name="[297] /home/travis/build/icyphy/ptII/ptolemy/actor/lib/test/auto/PublisherSubscriberOpaqueD3.xml (RunModel)" time="0.019" />
  <testcase classname="ptolemy.util.test.junit.AutoTests" name="[298] /home/travis/build/icyphy/ptII/ptolemy/actor/lib/test/auto/PublisherSubscriberOpaqueD3Reverse.xml (RunModel)" time="0.017" />
  <testcase classname="ptolemy.util.test.junit.AutoTests" name="[299] /home/travis/build/icyphy/ptII/ptolemy/actor/lib/test/auto/PublisherSubscriberOpaqueWidthInference.xml (RunModel)" time="0.013" />
  <testcase classname="ptolemy.util.test.junit.AutoTests" name="[300] /home/travis/build/icyphy/ptII/ptolemy/actor/lib/test/auto/PublisherTestSubscriber.xml (RunModel)" time="0.013" />
  <testcase classname="ptolemy.util.test.junit.AutoTests" name="[301] /home/travis/build/icyphy/ptII/ptolemy/actor/lib/test/auto/PublisherToplevelSubscriberPortAOC.xml (RunModel)" time="0.008" />
  <testcase classname="ptolemy.util.test.junit.AutoTests" name="[302] /home/travis/build/icyphy/ptII/ptolemy/actor/lib/test/auto/PulseFiringLimitDE.xml (RunModel)" time="0.012" />
  <testcase classname="ptolemy.util.test.junit.AutoTests" name="[303] /home/travis/build/icyphy/ptII/ptolemy/actor/lib/test/auto/Ramp1.xml (RunModel)" time="0.005" />
  <testcase classname="ptolemy.util.test.junit.AutoTests" name="[304] /home/travis/build/icyphy/ptII/ptolemy/actor/lib/test/auto/RampFiringLimitDE.xml (RunModel)" time="0.008" />
  <testcase classname="ptolemy.util.test.junit.AutoTests" name="[305] /home/travis/build/icyphy/ptII/ptolemy/actor/lib/test/auto/RampFiringLimitSDF.xml (RunModel)" time="0.009" />
  <testcase classname="ptolemy.util.test.junit.AutoTests" name="[306] /home/travis/build/icyphy/ptII/ptolemy/actor/lib/test/auto/RandomInteger.xml (RunModel)" time="0.007" />
  <testcase classname="ptolemy.util.test.junit.AutoTests" name="[307] /home/travis/build/icyphy/ptII/ptolemy/actor/lib/test/auto/ReadFile1.xml (RunModel)" time="0.007" />
  <testcase classname="ptolemy.util.test.junit.AutoTests" name="[308] /home/travis/build/icyphy/ptII/ptolemy/actor/lib/test/auto/ReadFile2.xml (RunModel)" time="0.006" />
  <testcase classname="ptolemy.util.test.junit.AutoTests" name="[309] /home/travis/build/icyphy/ptII/ptolemy/actor/lib/test/auto/Reader.xml (RunModel)" time="0.011" />
  <testcase classname="ptolemy.util.test.junit.AutoTests" name="[310] /home/travis/build/icyphy/ptII/ptolemy/actor/lib/test/auto/RecordAssemblerDisplayNameTest.xml (RunModel)" time="3.401" />
  <testcase classname="ptolemy.util.test.junit.AutoTests" name="[311] /home/travis/build/icyphy/ptII/ptolemy/actor/lib/test/auto/RecordAssemblerTypeError.xml (RunModel)" time="0.044" />
  <testcase classname="ptolemy.util.test.junit.AutoTests" name="[312] /home/travis/build/icyphy/ptII/ptolemy/actor/lib/test/auto/RecordDisassember.xml (RunModel)" time="0.026" />
  <testcase classname="ptolemy.util.test.junit.AutoTests" name="[313] /home/travis/build/icyphy/ptII/ptolemy/actor/lib/test/auto/RecordDisassemberDisplayNameTest.xml (RunModel)" time="0.024" />
  <testcase classname="ptolemy.util.test.junit.AutoTests" name="[314] /home/travis/build/icyphy/ptII/ptolemy/actor/lib/test/auto/RecordDisassembler.xml (RunModel)" time="0.008" />
  <testcase classname="ptolemy.util.test.junit.AutoTests" name="[315] /home/travis/build/icyphy/ptII/ptolemy/actor/lib/test/auto/RecordDisassembler2.xml (RunModel)" time="0.009" />
  <testcase classname="ptolemy.util.test.junit.AutoTests" name="[316] /home/travis/build/icyphy/ptII/ptolemy/actor/lib/test/auto/RecordUpdater.xml (RunModel)" time="0.01" />
  <testcase classname="ptolemy.util.test.junit.AutoTests" name="[317] /home/travis/build/icyphy/ptII/ptolemy/actor/lib/test/auto/RecordUpdater2.xml (RunModel)" time="0.008" />
  <testcase classname="ptolemy.util.test.junit.AutoTests" name="[318] /home/travis/build/icyphy/ptII/ptolemy/actor/lib/test/auto/RecursiveLattice.xml (RunModel)" time="0.007" />
  <testcase classname="ptolemy.util.test.junit.AutoTests" name="[319] /home/travis/build/icyphy/ptII/ptolemy/actor/lib/test/auto/Router.xml (RunModel)" time="3.021" />
  <testcase classname="ptolemy.util.test.junit.AutoTests" name="[320] /home/travis/build/icyphy/ptII/ptolemy/actor/lib/test/auto/Router2.xml (RunModel)" time="3.037" />
  <testcase classname="ptolemy.util.test.junit.AutoTests" name="[321] /home/travis/build/icyphy/ptII/ptolemy/actor/lib/test/auto/RunningMaximum.xml (RunModel)" time="0.017" />
  <testcase classname="ptolemy.util.test.junit.AutoTests" name="[322] /home/travis/build/icyphy/ptII/ptolemy/actor/lib/test/auto/RunningMinimum.xml (RunModel)" time="0.023" />
  <testcase classname="ptolemy.util.test.junit.AutoTests" name="[323] /home/travis/build/icyphy/ptII/ptolemy/actor/lib/test/auto/Scale.xml (RunModel)" time="0.007" />
  <testcase classname="ptolemy.util.test.junit.AutoTests" name="[324] /home/travis/build/icyphy/ptII/ptolemy/actor/lib/test/auto/Scale2.xml (RunModel)" time="0.008" />
  <testcase classname="ptolemy.util.test.junit.AutoTests" name="[325] /home/travis/build/icyphy/ptII/ptolemy/actor/lib/test/auto/Scale3.xml (RunModel)" time="0.016" />
  <testcase classname="ptolemy.util.test.junit.AutoTests" name="[326] /home/travis/build/icyphy/ptII/ptolemy/actor/lib/test/auto/ScaleArray.xml (RunModel)" time="0.007" />
  <testcase classname="ptolemy.util.test.junit.AutoTests" name="[327] /home/travis/build/icyphy/ptII/ptolemy/actor/lib/test/auto/ScaleArray2.xml (RunModel)" time="0.007" />
  <testcase classname="ptolemy.util.test.junit.AutoTests" name="[328] /home/travis/build/icyphy/ptII/ptolemy/actor/lib/test/auto/ScaleMatrix.xml (RunModel)" time="0.118" />
  <testcase classname="ptolemy.util.test.junit.AutoTests" name="[329] /home/travis/build/icyphy/ptII/ptolemy/actor/lib/test/auto/Select.xml (RunModel)" time="0.014" />
  <testcase classname="ptolemy.util.test.junit.AutoTests" name="[330] /home/travis/build/icyphy/ptII/ptolemy/actor/lib/test/auto/Select2.xml (RunModel)" time="0.008" />
  <testcase classname="ptolemy.util.test.junit.AutoTests" name="[331] /home/travis/build/icyphy/ptII/ptolemy/actor/lib/test/auto/SequenceToArray2.xml (RunModel)" time="0.115" />
  <testcase classname="ptolemy.util.test.junit.AutoTests" name="[332] /home/travis/build/icyphy/ptII/ptolemy/actor/lib/test/auto/SequentialClock.xml (RunModel)" time="0.007" />
  <testcase classname="ptolemy.util.test.junit.AutoTests" name="[333] /home/travis/build/icyphy/ptII/ptolemy/actor/lib/test/auto/SetVariable.xml (RunModel)" time="0.01" />
  <testcase classname="ptolemy.util.test.junit.AutoTests" name="[334] /home/travis/build/icyphy/ptII/ptolemy/actor/lib/test/auto/SetVariable2.xml (RunModel)" time="0.01" />
  <testcase classname="ptolemy.util.test.junit.AutoTests" name="[335] /home/travis/build/icyphy/ptII/ptolemy/actor/lib/test/auto/SetVariable3.xml (RunModel)" time="0.018" />
  <testcase classname="ptolemy.util.test.junit.AutoTests" name="[336] /home/travis/build/icyphy/ptII/ptolemy/actor/lib/test/auto/SetVariable4.xml (RunModel)" time="0.021" />
  <testcase classname="ptolemy.util.test.junit.AutoTests" name="[337] /home/travis/build/icyphy/ptII/ptolemy/actor/lib/test/auto/SetVariable5.xml (RunModel)" time="0.032" />
  <testcase classname="ptolemy.util.test.junit.AutoTests" name="[338] /home/travis/build/icyphy/ptII/ptolemy/actor/lib/test/auto/Sinewave.xml (RunModel)" time="0.022" />
  <testcase classname="ptolemy.util.test.junit.AutoTests" name="[339] /home/travis/build/icyphy/ptII/ptolemy/actor/lib/test/auto/Sinewave2.xml (RunModel)" time="0.012" />
  <testcase classname="ptolemy.util.test.junit.AutoTests" name="[340] /home/travis/build/icyphy/ptII/ptolemy/actor/lib/test/auto/Sinewave3.xml (RunModel)" time="0.016" />
  <testcase classname="ptolemy.util.test.junit.AutoTests" name="[341] /home/travis/build/icyphy/ptII/ptolemy/actor/lib/test/auto/SingleEvent.xml (RunModel)" time="0.006" />
  <testcase classname="ptolemy.util.test.junit.AutoTests" name="[342] /home/travis/build/icyphy/ptII/ptolemy/actor/lib/test/auto/Sleep.xml (RunModel)" time="6.02" />
  <testcase classname="ptolemy.util.test.junit.AutoTests" name="[343] /home/travis/build/icyphy/ptII/ptolemy/actor/lib/test/auto/SleepMultipleFire.xml (RunModel)" time="1.018" />
  <testcase classname="ptolemy.util.test.junit.AutoTests" name="[344] /home/travis/build/icyphy/ptII/ptolemy/actor/lib/test/auto/StopDE.xml (RunModel)" time="0.021" />
  <testcase classname="ptolemy.util.test.junit.AutoTests" name="[345] /home/travis/build/icyphy/ptII/ptolemy/actor/lib/test/auto/StopSDF.xml (RunModel)" time="0.026" />
  <testcase classname="ptolemy.util.test.junit.AutoTests" name="[346] /home/travis/build/icyphy/ptII/ptolemy/actor/lib/test/auto/StringConstant.xml (RunModel)" time="0.032" />
  <testcase classname="ptolemy.util.test.junit.AutoTests" name="[347] /home/travis/build/icyphy/ptII/ptolemy/actor/lib/test/auto/SubscriberPortInitialValues1.xml (RunModel)" time="0.049" />
  <testcase classname="ptolemy.util.test.junit.AutoTests" name="[348] /home/travis/build/icyphy/ptII/ptolemy/actor/lib/test/auto/SubscriberPortInitialValues13.xml (RunModel)" time="0.06" />
  <testcase classname="ptolemy.util.test.junit.AutoTests" name="[349] /home/travis/build/icyphy/ptII/ptolemy/actor/lib/test/auto/SubscriberPortInitialValues14.xml (RunModel)" time="0.043" />
  <testcase classname="ptolemy.util.test.junit.AutoTests" name="[350] /home/travis/build/icyphy/ptII/ptolemy/actor/lib/test/auto/SubscriberPortInitialValues2.xml (RunModel)" time="0.015" />
  <testcase classname="ptolemy.util.test.junit.AutoTests" name="[351] /home/travis/build/icyphy/ptII/ptolemy/actor/lib/test/auto/SubscriberPortInitialValues3.xml (RunModel)" time="0.017" />
  <testcase classname="ptolemy.util.test.junit.AutoTests" name="[352] /home/travis/build/icyphy/ptII/ptolemy/actor/lib/test/auto/SubscriptionAggregator.xml (RunModel)" time="0.009" />
  <testcase classname="ptolemy.util.test.junit.AutoTests" name="[353] /home/travis/build/icyphy/ptII/ptolemy/actor/lib/test/auto/SubscriptionAggregator2.xml (RunModel)" time="0.011" />
  <testcase classname="ptolemy.util.test.junit.AutoTests" name="[354] /home/travis/build/icyphy/ptII/ptolemy/actor/lib/test/auto/SubscriptionAggregator3.xml (RunModel)" time="0.013" />
  <testcase classname="ptolemy.util.test.junit.AutoTests" name="[355] /home/travis/build/icyphy/ptII/ptolemy/actor/lib/test/auto/SubscriptionAggregatorMultiply.xml (RunModel)" time="0.02" />
  <testcase classname="ptolemy.util.test.junit.AutoTests" name="[356] /home/travis/build/icyphy/ptII/ptolemy/actor/lib/test/auto/SubscriptionAggregatorPortMultiply1.xml (RunModel)" time="0.015" />
  <testcase classname="ptolemy.util.test.junit.AutoTests" name="[357] /home/travis/build/icyphy/ptII/ptolemy/actor/lib/test/auto/Switch.xml (RunModel)" time="0.016" />
  <testcase classname="ptolemy.util.test.junit.AutoTests" name="[358] /home/travis/build/icyphy/ptII/ptolemy/actor/lib/test/auto/Switch2.xml (RunModel)" time="0.013" />
  <testcase classname="ptolemy.util.test.junit.AutoTests" name="[359] /home/travis/build/icyphy/ptII/ptolemy/actor/lib/test/auto/SwitchDE.xml (RunModel)" time="0.013" />
  <testcase classname="ptolemy.util.test.junit.AutoTests" name="[360] /home/travis/build/icyphy/ptII/ptolemy/actor/lib/test/auto/SynchronizerDE.xml (RunModel)" time="0.023" />
  <testcase classname="ptolemy.util.test.junit.AutoTests" name="[361] /home/travis/build/icyphy/ptII/ptolemy/actor/lib/test/auto/Test.xml (RunModel)" time="0.017" />
  <testcase classname="ptolemy.util.test.junit.AutoTests" name="[362] /home/travis/build/icyphy/ptII/ptolemy/actor/lib/test/auto/TestExceptionAttribute1.xml (RunModel)" time="0.009" />
  <testcase classname="ptolemy.util.test.junit.AutoTests" name="[363] /home/travis/build/icyphy/ptII/ptolemy/actor/lib/test/auto/TestExceptionAttribute2.xml (RunModel)" time="0.007" />
  <testcase classname="ptolemy.util.test.junit.AutoTests" name="[364] /home/travis/build/icyphy/ptII/ptolemy/actor/lib/test/auto/TestExceptionAttribute3.xml (RunModel)" time="0.009" />
  <testcase classname="ptolemy.util.test.junit.AutoTests" name="[365] /home/travis/build/icyphy/ptII/ptolemy/actor/lib/test/auto/TestExceptionAttribute4.xml (RunModel)" time="0.006" />
  <testcase classname="ptolemy.util.test.junit.AutoTests" name="[366] /home/travis/build/icyphy/ptII/ptolemy/actor/lib/test/auto/TestExceptionHandler1.xml (RunModel)" time="0.004" />
  <testcase classname="ptolemy.util.test.junit.AutoTests" name="[367] /home/travis/build/icyphy/ptII/ptolemy/actor/lib/test/auto/TestExceptionHandler2.xml (RunModel)" time="0.006" />
  <testcase classname="ptolemy.util.test.junit.AutoTests" name="[368] /home/travis/build/icyphy/ptII/ptolemy/actor/lib/test/auto/TestExceptionHandler3.xml (RunModel)" time="0.006" />
  <testcase classname="ptolemy.util.test.junit.AutoTests" name="[369] /home/travis/build/icyphy/ptII/ptolemy/actor/lib/test/auto/TestExceptionHandler4.xml (RunModel)" time="0.005" />
  <testcase classname="ptolemy.util.test.junit.AutoTests" name="[370] /home/travis/build/icyphy/ptII/ptolemy/actor/lib/test/auto/TestRequireCorrectOrder.xml (RunModel)" time="0.011" />
  <testcase classname="ptolemy.util.test.junit.AutoTests" name="[371] /home/travis/build/icyphy/ptII/ptolemy/actor/lib/test/auto/TestSimple.xml (RunModel)" time="0.005" />
  <testcase classname="ptolemy.util.test.junit.AutoTests" name="[372] /home/travis/build/icyphy/ptII/ptolemy/actor/lib/test/auto/ThrowModelError.xml (RunModel)" time="0.009" />
  <testcase classname="ptolemy.util.test.junit.AutoTests" name="[373] /home/travis/build/icyphy/ptII/ptolemy/actor/lib/test/auto/TimeDelayMicrosteps.xml (RunModel)" time="0.029" />
  <testcase classname="ptolemy.util.test.junit.AutoTests" name="[374] /home/travis/build/icyphy/ptII/ptolemy/actor/lib/test/auto/TimeDelayMicrosteps2.xml (RunModel)" time="0.012" />
  <testcase classname="ptolemy.util.test.junit.AutoTests" name="[375] /home/travis/build/icyphy/ptII/ptolemy/actor/lib/test/auto/TimeDelayMicrosteps3.xml (RunModel)" time="0.011" />
  <testcase classname="ptolemy.util.test.junit.AutoTests" name="[376] /home/travis/build/icyphy/ptII/ptolemy/actor/lib/test/auto/TimeDelayVariableMicrosteps.xml (RunModel)" time="0.011" />
  <testcase classname="ptolemy.util.test.junit.AutoTests" name="[377] /home/travis/build/icyphy/ptII/ptolemy/actor/lib/test/auto/TimeGap.xml (RunModel)" time="0.014" />
  <testcase classname="ptolemy.util.test.junit.AutoTests" name="[378] /home/travis/build/icyphy/ptII/ptolemy/actor/lib/test/auto/TimeGap2.xml (RunModel)" time="0.012" />
  <testcase classname="ptolemy.util.test.junit.AutoTests" name="[379] /home/travis/build/icyphy/ptII/ptolemy/actor/lib/test/auto/TimedSinewave.xml (RunModel)" time="0.054" />
  <testcase classname="ptolemy.util.test.junit.AutoTests" name="[380] /home/travis/build/icyphy/ptII/ptolemy/actor/lib/test/auto/TimedSinewavePhase.xml (RunModel)" time="0.032" />
  <testcase classname="ptolemy.util.test.junit.AutoTests" name="[381] /home/travis/build/icyphy/ptII/ptolemy/actor/lib/test/auto/Timer.xml (RunModel)" time="0.015" />
  <testcase classname="ptolemy.util.test.junit.AutoTests" name="[382] /home/travis/build/icyphy/ptII/ptolemy/actor/lib/test/auto/TriangularDistTestModel.xml (RunModel)" time="0.018" />
  <testcase classname="ptolemy.util.test.junit.AutoTests" name="[383] /home/travis/build/icyphy/ptII/ptolemy/actor/lib/test/auto/TrigFunction.xml (RunModel)" time="0.008" />
  <testcase classname="ptolemy.util.test.junit.AutoTests" name="[384] /home/travis/build/icyphy/ptII/ptolemy/actor/lib/test/auto/TrigFunctionDE.xml (RunModel)" time="0.01" />
  <testcase classname="ptolemy.util.test.junit.AutoTests" name="[385] /home/travis/build/icyphy/ptII/ptolemy/actor/lib/test/auto/TrigFunctionInverse.xml (RunModel)" time="0.008" />
  <testcase classname="ptolemy.util.test.junit.AutoTests" name="[386] /home/travis/build/icyphy/ptII/ptolemy/actor/lib/test/auto/TrigFunctionTan.xml (RunModel)" time="0.006" />
  <testcase classname="ptolemy.util.test.junit.AutoTests" name="[387] /home/travis/build/icyphy/ptII/ptolemy/actor/lib/test/auto/TriggeredClock.xml (RunModel)" time="0.007" />
  <testcase classname="ptolemy.util.test.junit.AutoTests" name="[388] /home/travis/build/icyphy/ptII/ptolemy/actor/lib/test/auto/URLDirectoryReader.xml (RunModel)" time="0.13" />
  <testcase classname="ptolemy.util.test.junit.AutoTests" name="[389] /home/travis/build/icyphy/ptII/ptolemy/actor/lib/test/auto/URLDirectoryReader3.xml (RunModel)" time="1.241" />
  <testcase classname="ptolemy.util.test.junit.AutoTests" name="[390] /home/travis/build/icyphy/ptII/ptolemy/actor/lib/test/auto/UnaryMathFunction.xml (RunModel)" time="0.032" />
  <testcase classname="ptolemy.util.test.junit.AutoTests" name="[391] /home/travis/build/icyphy/ptII/ptolemy/actor/lib/test/auto/Uniform.xml (RunModel)" time="0.015" />
  <testcase classname="ptolemy.util.test.junit.AutoTests" name="[392] /home/travis/build/icyphy/ptII/ptolemy/actor/lib/test/auto/UnionDisassemblerTest.xml (RunModel)" time="0.009" />
  <testcase classname="ptolemy.util.test.junit.AutoTests" name="[393] /home/travis/build/icyphy/ptII/ptolemy/actor/lib/test/auto/UtilityFunctions.xml (RunModel)" time="0.006" />
  <testcase classname="ptolemy.util.test.junit.AutoTests" name="[394] /home/travis/build/icyphy/ptII/ptolemy/actor/lib/test/auto/VariableSleep.xml (RunModel)" time="0.51" />
  <testcase classname="ptolemy.util.test.junit.AutoTests" name="[395] /home/travis/build/icyphy/ptII/ptolemy/actor/lib/test/auto/VectorAssemblerDisassemblerCT.xml (RunModel)" time="0.082" />
  <testcase classname="ptolemy.util.test.junit.AutoTests" name="[396] /home/travis/build/icyphy/ptII/ptolemy/actor/lib/test/auto/VectorAssemblerDisassemblerDE.xml (RunModel)" time="0.013" />
  <testcase classname="ptolemy.util.test.junit.AutoTests" name="[397] /home/travis/build/icyphy/ptII/ptolemy/actor/lib/test/auto/VectorAssemblerDisassemblerSDF.xml (RunModel)" time="0.01" />
  <testcase classname="ptolemy.util.test.junit.AutoTests" name="[398] /home/travis/build/icyphy/ptII/ptolemy/actor/lib/test/auto/WallClockTime.xml (RunModel)" time="1.011" />
  <testcase classname="ptolemy.util.test.junit.AutoTests" name="[399] /home/travis/build/icyphy/ptII/ptolemy/actor/lib/test/auto/WidthTestWithSubscriberPublisher.xml (RunModel)" time="0.036" />
  <testcase classname="ptolemy.util.test.junit.AutoTests" name="[400] /home/travis/build/icyphy/ptII/ptolemy/actor/lib/test/auto/WidthTestWithSubscriberPublisher2.xml (RunModel)" time="0.016" />
  <testcase classname="ptolemy.util.test.junit.AutoTests" name="[401] /home/travis/build/icyphy/ptII/ptolemy/actor/lib/test/auto/WidthTestWithSubscriberPublisher3.xml (RunModel)" time="0.008" />
  <testcase classname="ptolemy.util.test.junit.AutoTests" name="[402] /home/travis/build/icyphy/ptII/ptolemy/actor/lib/test/auto/Writer.xml (RunModel)" time="0.006" />
  <testcase classname="ptolemy.util.test.junit.AutoTests" name="[403] /home/travis/build/icyphy/ptII/ptolemy/actor/lib/test/auto/array.xml (RunModel)" time="0.018" />
  <testcase classname="ptolemy.util.test.junit.AutoTests" name="[404] /home/travis/build/icyphy/ptII/ptolemy/actor/lib/test/auto/array2.xml (RunModel)" time="0.028" />
  <testcase classname="ptolemy.util.test.junit.AutoTests" name="[405] /home/travis/build/icyphy/ptII/ptolemy/actor/lib/test/auto/arrayType.xml (RunModel)" time="0.01" />
  <testcase classname="ptolemy.util.test.junit.AutoTests" name="[406] /home/travis/build/icyphy/ptII/ptolemy/actor/lib/test/auto/arrayType10.xml (RunModel)" time="0.01" />
  <testcase classname="ptolemy.util.test.junit.AutoTests" name="[407] /home/travis/build/icyphy/ptII/ptolemy/actor/lib/test/auto/arrayType11.xml (RunModel)" time="0.007" />
  <testcase classname="ptolemy.util.test.junit.AutoTests" name="[408] /home/travis/build/icyphy/ptII/ptolemy/actor/lib/test/auto/arrayType12.xml (RunModel)" time="0.007" />
  <testcase classname="ptolemy.util.test.junit.AutoTests" name="[409] /home/travis/build/icyphy/ptII/ptolemy/actor/lib/test/auto/arrayType13.xml (RunModel)" time="0.007" />
  <testcase classname="ptolemy.util.test.junit.AutoTests" name="[410] /home/travis/build/icyphy/ptII/ptolemy/actor/lib/test/auto/arrayType14.xml (RunModel)" time="0.007" />
  <testcase classname="ptolemy.util.test.junit.AutoTests" name="[411] /home/travis/build/icyphy/ptII/ptolemy/actor/lib/test/auto/arrayType15.xml (RunModel)" time="0.009" />
  <testcase classname="ptolemy.util.test.junit.AutoTests" name="[412] /home/travis/build/icyphy/ptII/ptolemy/actor/lib/test/auto/arrayType16.xml (RunModel)" time="0.007" />
  <testcase classname="ptolemy.util.test.junit.AutoTests" name="[413] /home/travis/build/icyphy/ptII/ptolemy/actor/lib/test/auto/arrayType17.xml (RunModel)" time="0.007" />
  <testcase classname="ptolemy.util.test.junit.AutoTests" name="[414] /home/travis/build/icyphy/ptII/ptolemy/actor/lib/test/auto/arrayType18.xml (RunModel)" time="0.006" />
  <testcase classname="ptolemy.util.test.junit.AutoTests" name="[415] /home/travis/build/icyphy/ptII/ptolemy/actor/lib/test/auto/arrayType19.xml (RunModel)" time="0.007" />
  <testcase classname="ptolemy.util.test.junit.AutoTests" name="[416] /home/travis/build/icyphy/ptII/ptolemy/actor/lib/test/auto/arrayType2.xml (RunModel)" time="0.007" />
  <testcase classname="ptolemy.util.test.junit.AutoTests" name="[417] /home/travis/build/icyphy/ptII/ptolemy/actor/lib/test/auto/arrayType20.xml (RunModel)" time="0.007" />
  <testcase classname="ptolemy.util.test.junit.AutoTests" name="[418] /home/travis/build/icyphy/ptII/ptolemy/actor/lib/test/auto/arrayType21.xml (RunModel)" time="0.007" />
  <testcase classname="ptolemy.util.test.junit.AutoTests" name="[419] /home/travis/build/icyphy/ptII/ptolemy/actor/lib/test/auto/arrayType22.xml (RunModel)" time="0.007" />
  <testcase classname="ptolemy.util.test.junit.AutoTests" name="[420] /home/travis/build/icyphy/ptII/ptolemy/actor/lib/test/auto/arrayType23.xml (RunModel)" time="0.006" />
  <testcase classname="ptolemy.util.test.junit.AutoTests" name="[421] /home/travis/build/icyphy/ptII/ptolemy/actor/lib/test/auto/arrayType24.xml (RunModel)" time="0.008" />
  <testcase classname="ptolemy.util.test.junit.AutoTests" name="[422] /home/travis/build/icyphy/ptII/ptolemy/actor/lib/test/auto/arrayType25.xml (RunModel)" time="0.007" />
  <testcase classname="ptolemy.util.test.junit.AutoTests" name="[423] /home/travis/build/icyphy/ptII/ptolemy/actor/lib/test/auto/arrayType26.xml (RunModel)" time="0.006" />
  <testcase classname="ptolemy.util.test.junit.AutoTests" name="[424] /home/travis/build/icyphy/ptII/ptolemy/actor/lib/test/auto/arrayType27.xml (RunModel)" time="0.007" />
  <testcase classname="ptolemy.util.test.junit.AutoTests" name="[425] /home/travis/build/icyphy/ptII/ptolemy/actor/lib/test/auto/arrayType28.xml (RunModel)" time="0.008" />
  <testcase classname="ptolemy.util.test.junit.AutoTests" name="[426] /home/travis/build/icyphy/ptII/ptolemy/actor/lib/test/auto/arrayType3.xml (RunModel)" time="0.007" />
  <testcase classname="ptolemy.util.test.junit.AutoTests" name="[427] /home/travis/build/icyphy/ptII/ptolemy/actor/lib/test/auto/arrayType4.xml (RunModel)" time="0.006" />
  <testcase classname="ptolemy.util.test.junit.AutoTests" name="[428] /home/travis/build/icyphy/ptII/ptolemy/actor/lib/test/auto/arrayType5.xml (RunModel)" time="0.006" />
  <testcase classname="ptolemy.util.test.junit.AutoTests" name="[429] /home/travis/build/icyphy/ptII/ptolemy/actor/lib/test/auto/arrayType6.xml (RunModel)" time="0.017" />
  <testcase classname="ptolemy.util.test.junit.AutoTests" name="[430] /home/travis/build/icyphy/ptII/ptolemy/actor/lib/test/auto/arrayType7.xml (RunModel)" time="0.012" />
  <testcase classname="ptolemy.util.test.junit.AutoTests" name="[431] /home/travis/build/icyphy/ptII/ptolemy/actor/lib/test/auto/arrayType8.xml (RunModel)" time="0.008" />
  <testcase classname="ptolemy.util.test.junit.AutoTests" name="[432] /home/travis/build/icyphy/ptII/ptolemy/actor/lib/test/auto/arrayType9.xml (RunModel)" time="0.008" />
  <testcase classname="ptolemy.util.test.junit.AutoTests" name="[433] /home/travis/build/icyphy/ptII/ptolemy/actor/lib/test/auto/cast.xml (RunModel)" time="0.008" />
  <testcase classname="ptolemy.util.test.junit.AutoTests" name="[434] /home/travis/build/icyphy/ptII/ptolemy/actor/lib/test/auto/compositeMultiPort.xml (RunModel)" time="0.016" />
  <testcase classname="ptolemy.util.test.junit.AutoTests" name="[435] /home/travis/build/icyphy/ptII/ptolemy/actor/lib/test/auto/expressionCastInference.xml (RunModel)" time="0.034" />
  <testcase classname="ptolemy.util.test.junit.AutoTests" name="[436] /home/travis/build/icyphy/ptII/ptolemy/actor/lib/test/auto/expressionCastInference2.xml (RunModel)" time="0.036" />
  <testcase classname="ptolemy.util.test.junit.AutoTests" name="[437] /home/travis/build/icyphy/ptII/ptolemy/actor/lib/test/auto/expressionInference.xml (RunModel)" time="0.032" />
  <testcase classname="ptolemy.util.test.junit.AutoTests" name="[438] /home/travis/build/icyphy/ptII/ptolemy/actor/lib/test/auto/expression_bug.xml (RunModel)" time="0.032" />
  <testcase classname="ptolemy.util.test.junit.AutoTests" name="[439] /home/travis/build/icyphy/ptII/ptolemy/actor/lib/test/auto/factorial.xml (RunModel)" time="0.066" />
  <testcase classname="ptolemy.util.test.junit.AutoTests" name="[440] /home/travis/build/icyphy/ptII/ptolemy/actor/lib/test/auto/filterTest1.xml (RunModel)" time="0.015" />
  <testcase classname="ptolemy.util.test.junit.AutoTests" name="[441] /home/travis/build/icyphy/ptII/ptolemy/actor/lib/test/auto/funcApplyInConst.xml (RunModel)" time="0.023" />
  <testcase classname="ptolemy.util.test.junit.AutoTests" name="[442] /home/travis/build/icyphy/ptII/ptolemy/actor/lib/test/auto/funcApplyInExpr.xml (RunModel)" time="0.032" />
  <testcase classname="ptolemy.util.test.junit.AutoTests" name="[443] /home/travis/build/icyphy/ptII/ptolemy/actor/lib/test/auto/function.xml (RunModel)" time="0.009" />
  <testcase classname="ptolemy.util.test.junit.AutoTests" name="[444] /home/travis/build/icyphy/ptII/ptolemy/actor/lib/test/auto/function2.xml (RunModel)" time="0.009" />
  <testcase classname="ptolemy.util.test.junit.AutoTests" name="[445] /home/travis/build/icyphy/ptII/ptolemy/actor/lib/test/auto/function3.xml (RunModel)" time="0.009" />
  <testcase classname="ptolemy.util.test.junit.AutoTests" name="[446] /home/travis/build/icyphy/ptII/ptolemy/actor/lib/test/auto/functionClosureTest1.xml (RunModel)" time="0.008" />
  <testcase classname="ptolemy.util.test.junit.AutoTests" name="[447] /home/travis/build/icyphy/ptII/ptolemy/actor/lib/test/auto/functionClosureTest2.xml (RunModel)" time="0.005" />
  <testcase classname="ptolemy.util.test.junit.AutoTests" name="[448] /home/travis/build/icyphy/ptII/ptolemy/actor/lib/test/auto/functionClosureTest3.xml (RunModel)" time="0.007" />
  <testcase classname="ptolemy.util.test.junit.AutoTests" name="[449] /home/travis/build/icyphy/ptII/ptolemy/actor/lib/test/auto/functionClosureTest4.xml (RunModel)" time="0.012" />
  <testcase classname="ptolemy.util.test.junit.AutoTests" name="[450] /home/travis/build/icyphy/ptII/ptolemy/actor/lib/test/auto/functionClosureTest5.xml (RunModel)" time="0.01" />
  <testcase classname="ptolemy.util.test.junit.AutoTests" name="[451] /home/travis/build/icyphy/ptII/ptolemy/actor/lib/test/auto/functionClosureTest6.xml (RunModel)" time="0.009" />
  <testcase classname="ptolemy.util.test.junit.AutoTests" name="[452] /home/travis/build/icyphy/ptII/ptolemy/actor/lib/test/auto/functionsOnArcs.xml (RunModel)" time="0.008" />
  <testcase classname="ptolemy.util.test.junit.AutoTests" name="[453] /home/travis/build/icyphy/ptII/ptolemy/actor/lib/test/auto/functionsOnArcsHOF.xml (RunModel)" time="0.01" />
  <testcase classname="ptolemy.util.test.junit.AutoTests" name="[454] /home/travis/build/icyphy/ptII/ptolemy/actor/lib/test/auto/logic.xml (RunModel)" time="0.015" />
  <testcase classname="ptolemy.util.test.junit.AutoTests" name="[455] /home/travis/build/icyphy/ptII/ptolemy/actor/lib/test/auto/matrixType.xml (RunModel)" time="0.006" />
  <testcase classname="ptolemy.util.test.junit.AutoTests" name="[456] /home/travis/build/icyphy/ptII/ptolemy/actor/lib/test/auto/matrixType10.xml (RunModel)" time="0.007" />
  <testcase classname="ptolemy.util.test.junit.AutoTests" name="[457] /home/travis/build/icyphy/ptII/ptolemy/actor/lib/test/auto/matrixType11.xml (RunModel)" time="0.006" />
  <testcase classname="ptolemy.util.test.junit.AutoTests" name="[458] /home/travis/build/icyphy/ptII/ptolemy/actor/lib/test/auto/matrixType12.xml (RunModel)" time="0.008" />
  <testcase classname="ptolemy.util.test.junit.AutoTests" name="[459] /home/travis/build/icyphy/ptII/ptolemy/actor/lib/test/auto/matrixType13.xml (RunModel)" time="0.006" />
  <testcase classname="ptolemy.util.test.junit.AutoTests" name="[460] /home/travis/build/icyphy/ptII/ptolemy/actor/lib/test/auto/matrixType14.xml (RunModel)" time="0.008" />
  <testcase classname="ptolemy.util.test.junit.AutoTests" name="[461] /home/travis/build/icyphy/ptII/ptolemy/actor/lib/test/auto/matrixType2.xml (RunModel)" time="0.007" />
  <testcase classname="ptolemy.util.test.junit.AutoTests" name="[462] /home/travis/build/icyphy/ptII/ptolemy/actor/lib/test/auto/matrixType3.xml (RunModel)" time="0.009" />
  <testcase classname="ptolemy.util.test.junit.AutoTests" name="[463] /home/travis/build/icyphy/ptII/ptolemy/actor/lib/test/auto/matrixType4.xml (RunModel)" time="0.006" />
  <testcase classname="ptolemy.util.test.junit.AutoTests" name="[464] /home/travis/build/icyphy/ptII/ptolemy/actor/lib/test/auto/matrixType5.xml (RunModel)" time="0.006" />
  <testcase classname="ptolemy.util.test.junit.AutoTests" name="[465] /home/travis/build/icyphy/ptII/ptolemy/actor/lib/test/auto/matrixType6.xml (RunModel)" time="0.006" />
  <testcase classname="ptolemy.util.test.junit.AutoTests" name="[466] /home/travis/build/icyphy/ptII/ptolemy/actor/lib/test/auto/matrixType7.xml (RunModel)" time="0.006" />
  <testcase classname="ptolemy.util.test.junit.AutoTests" name="[467] /home/travis/build/icyphy/ptII/ptolemy/actor/lib/test/auto/matrixType8.xml (RunModel)" time="0.007" />
  <testcase classname="ptolemy.util.test.junit.AutoTests" name="[468] /home/travis/build/icyphy/ptII/ptolemy/actor/lib/test/auto/matrixType9.xml (RunModel)" time="0.007" />
  <testcase classname="ptolemy.util.test.junit.AutoTests" name="[469] /home/travis/build/icyphy/ptII/ptolemy/actor/lib/test/auto/paraFunctest.xml (RunModel)" time="0.006" />
  <testcase classname="ptolemy.util.test.junit.AutoTests" name="[470] /home/travis/build/icyphy/ptII/ptolemy/actor/lib/test/auto/paraFunctest2.xml (RunModel)" time="0.01" />
  <testcase classname="ptolemy.util.test.junit.AutoTests" name="[471] /home/travis/build/icyphy/ptII/ptolemy/actor/lib/test/auto/parameterPassing.xml (RunModel)" time="0.01" />
  <testcase classname="ptolemy.util.test.junit.AutoTests" name="[472] /home/travis/build/icyphy/ptII/ptolemy/actor/lib/test/auto/record.xml (RunModel)" time="0.008" />
  <testcase classname="ptolemy.util.test.junit.AutoTests" name="[473] /home/travis/build/icyphy/ptII/ptolemy/actor/lib/test/auto/sizedarray1.xml (RunModel)" time="0.008" />
  <testcase classname="ptolemy.util.test.junit.AutoTests" name="[474] /home/travis/build/icyphy/ptII/ptolemy/actor/lib/test/auto/sizedarray2.xml (RunModel)" time="0.009" />
  <testcase classname="ptolemy.util.test.junit.AutoTests" name="[475] /home/travis/build/icyphy/ptII/ptolemy/actor/lib/test/auto/twoPublishers.xml (RunModel)" time="0.022" />
  <system-out><![CDATA[/home/travis/build/icyphy/ptII/ptolemy/actor/lib/test/AbsoluteValue.tcl
testDefs.tcl: setting time out to 9000 seconds at Wed Mar 04 18:51:06 UTC 2020
114 ms. Memory: 129024K Free: 93123K (72%)
9 ms. Memory: 129024K Free: 91075K (71%)
5 ms. Memory: 129024K Free: 90555K (70%)
4 ms. Memory: 129024K Free: 89523K (69%)
/home/travis/build/icyphy/ptII/ptolemy/actor/lib/test/AddSubtract.tcl
12 ms. Memory: 129024K Free: 87489K (68%)
5 ms. Memory: 129024K Free: 86979K (67%)
5 ms. Memory: 129024K Free: 85955K (67%)
8 ms. Memory: 129024K Free: 85435K (66%)
67 ms. Memory: 129024K Free: 82369K (64%)
13 ms. Memory: 129024K Free: 81345K (63%)
/home/travis/build/icyphy/ptII/ptolemy/actor/lib/test/Average.tcl
9 ms. Memory: 129024K Free: 79811K (62%)
19 ms. Memory: 129024K Free: 78787K (61%)
/home/travis/build/icyphy/ptII/ptolemy/actor/lib/test/Bernoulli.tcl
4 ms. Memory: 129024K Free: 77235K (60%)
2 ms. Memory: 129024K Free: 76739K (59%)
/home/travis/build/icyphy/ptII/ptolemy/actor/lib/test/Clock.tcl
preinitializing
resolving types
initializing
executing number 1
wrapping up
idle
27 ms. Memory: 129024K Free: 74177K (57%)
Completed execution with 5 iterations
preinitializing
resolving types
initializing
executing number 1
wrapping up
idle
5 ms. Memory: 129024K Free: 73123K (57%)
Completed execution with 5 iterations
preinitializing
resolving types
initializing
executing number 1
wrapping up
idle
3 ms. Memory: 129024K Free: 72643K (56%)
Completed execution with 5 iterations
/home/travis/build/icyphy/ptII/ptolemy/actor/lib/test/Commutator.tcl
11 ms. Memory: 129024K Free: 70595K (55%)
5 ms. Memory: 129024K Free: 69571K (54%)
13 ms. Memory: 129024K Free: 63923K (50%)
/home/travis/build/icyphy/ptII/ptolemy/actor/lib/test/Const.tcl
10 ms. Memory: 129024K Free: 62403K (48%)
4 ms. Memory: 129024K Free: 61883K (48%)
3 ms. Memory: 129024K Free: 61379K (48%)
3 ms. Memory: 129024K Free: 60865K (47%)
4 ms. Memory: 129024K Free: 60355K (47%)
18 ms. Memory: 129024K Free: 58817K (46%)
11 ms. Memory: 129024K Free: 57283K (44%)
4 ms. Memory: 129024K Free: 56769K (44%)
/home/travis/build/icyphy/ptII/ptolemy/actor/lib/test/CurrentTime.tcl
preinitializing
resolving types
initializing
executing number 1
wrapping up
idle
12 ms. Memory: 129024K Free: 54691K (42%)
Completed execution with 11 iterations
/home/travis/build/icyphy/ptII/ptolemy/actor/lib/test/DB.tcl
4 ms. Memory: 129024K Free: 53187K (41%)
4 ms. Memory: 129024K Free: 52673K (41%)
3 ms. Memory: 129024K Free: 52163K (40%)
/home/travis/build/icyphy/ptII/ptolemy/actor/lib/test/DiscreteRandomSource.tcl
preinitializing
resolving types
initializing
executing number 1
wrapping up
idle
11 ms. Memory: 129024K Free: 50611K (39%)
Completed execution with 4 iterations
preinitializing
resolving types
initializing
executing number 1
wrapping up
idle
5 ms. Memory: 129024K Free: 50115K (39%)
Completed execution with 4 iterations
preinitializing
resolving types
initializing
executing number 1
wrapping up
idle
6 ms. Memory: 129024K Free: 49601K (38%)
Completed execution with 4 iterations
preinitializing
resolving types
initializing
executing number 1
wrapping up
idle
6 ms. Memory: 129024K Free: 49091K (38%)
Completed execution with 4 iterations
preinitializing
resolving types
initializing
executing number 1
wrapping up
idle
4 ms. Memory: 129024K Free: 48577K (38%)
Completed execution with 4 iterations
/home/travis/build/icyphy/ptII/ptolemy/actor/lib/test/Distributor.tcl
25 ms. Memory: 129024K Free: 113809K (88%)
7 ms. Memory: 129024K Free: 113262K (88%)
StreamChangeRequest.changeExecuted(): <deleteEntity name="rec2"/> succeeded
StreamChangeRequest.changeExecuted(): <deleteRelation name="r2"/> succeeded
StreamChangeRequest.changeExecuted(): Record firings per iteration succeeded
9 ms. Memory: 129024K Free: 110714K (86%)
/home/travis/build/icyphy/ptII/ptolemy/actor/lib/test/Exit.tcl
Exit.tcl: this will print a message about Manager.exitAfterWrapup, which can be ignored.
8 ms. Memory: 129024K Free: 107642K (83%)
/home/travis/build/icyphy/ptII/ptolemy/actor/lib/test/Expression.tcl
22 ms. Memory: 129024K Free: 104570K (81%)
16 ms. Memory: 129024K Free: 103599K (80%)
3 ms. Memory: 129024K Free: 103045K (80%)
preinitializing
resolving types
initializing
executing number 1
wrapping up
idle
14 ms. Memory: 129024K Free: 101551K (79%)
Completed execution with 6 iterations
6 ms. Memory: 129024K Free: 100527K (78%)
4 ms. Memory: 129024K Free: 99966K (77%)
7 ms. Memory: 129024K Free: 98433K (76%)
4 ms. Memory: 129024K Free: 97425K (76%)
6 ms. Memory: 129024K Free: 95862K (74%)
/home/travis/build/icyphy/ptII/ptolemy/actor/lib/test/Gaussian.tcl
5 ms. Memory: 129024K Free: 94330K (73%)
sleeping 1 seconds: ..........................................................................................................................................................................................................................................................................................................................................................................................................................................................................................................................................................................................................................................................................................................................................................................................................................................................................................................................................................................................................................................................................................................................................................................................................................................................................................................................................................................................................................................................................................................................................................................................................................................................................................................................................................................................................................................................................................................................................................................................................................................................................................................................................................................................................................................................................................................................................................................................................................................................................................................................................................................................................................................................................................................................................................................................................................................................................................................................................................................................................................................................................................................................................................................................................................................................................................................................................................................................................................................................................................................................................................................................................................................................................................................................................................................................................................................................................................................................................................................................................................................................................................................................................................................................................................................................................................................................................................................................................................................................................................................................................................................................................................................................................................................................................................................................................................................................................................................................................................................................................................................................................................................................................................................................................................................................................................................................................................................................................................................................................................................................................................................................................................................................................................................................................................................................................................................................................................................................................................................................................................................................................................................................................................................................................................................................................................................................................................................................................................................................................................................................................................................................................................................................................................................................................................................................................................................................................................................................................................................................................................................................................................................................................................................................................................................................................................................................................................................................................................................................................................................................................................................................................................................................................................................................................................................................................................................................................................................................................................................................................................................................................................................................................................................................................................................................................................................................................................................................................................................................................................................................................................................................................................................................................................................................................................................................................................................................................................................................................................................................................................................................................................................................................................................................................................................................................................................................................................................................................................................................................................................................................................................................................................................................................................................................................................................................................................................................................................................................................................................................................................................................................................................................................................................................................................................................................................................................................................................................................................................................................................................................................................................................................................................................................................................................................................................................................................................................................................................................................................................................................................................................................................................................................................................................................................................................................................................................................................................................................................................................................................................................................................................................................................................................................................................................................................................................................................................................................................................................................................................................................................................................................................................................................................................................................................................................................................................................................................................................................................................................................................................................................................................................................................................................................................................................................................................................................................................................................................................................................................................................................................................................................................................................................................................................................................................................................................................................................................................................................................................................................................................................................................................................................................................................................................................................................................................................................................................................................................................................................................................................................................................................................................................................................................................................................................................................................................................................................................................................................................................................................................................................................................................................................................................................................................................................................................................................................................................................................................................................................................................................................................................................................................................................................................................................................................................................................................................................................................................................................................................................................................................................................................................................................................................................................................................................................................................................................................................................................................................................................................................................................................................................................................................................................................................................................................................................................................................................................................................................................................................................................................................................................................................................................................................................................................................................................................................................................................................................................................................................................................................................................................................................................................................................................................................................................................................................................................................................................................................................................................................................................................................................................................................................................................................................................................................................................................................................................................................................................................................................................................................................................................................................................................................................................................................................................................................................................................................................................................................................................................................................................................................................................................................................................................................................................................................................................................................................................................................................................................................................................................................................................................................................................................................................................................................................................................................................................................................................................................................................................................................................................................................................................................................................................................................................................................................................................................................................................................................................................................................................................................................................................................................................................................................................................................................................................................................................................................................................................................................................................................................................................................................................................................................................................................................................................................................................................................................................................................................................................................................................................................................................................................................................................................................................................................................................................................................................................................................................................................................................................................................................................................................................................................................................................................................................................................................................................................................................................................................................................................................................................................................................................................................................................................................................................................................................................................................................................................................................................................................................................................................................................................................................................................................................................................................................................................................................................................................................................................................................................................................................................................................................................................................................................................................................................................................................................................................................................................................................................................................................................................................................................................................................................................................................................................................................................................................................................................................................................................................................................................................................................................................................................................................................................................................................................................................................................................................................................................................................................................................................................................................................................................................................................................................................................................................................................................................................................................................................................................................................................................................................................................................................................................................................................................................................................................................................................................................................................................................................................................................................................................................................................................................2 ms. Memory: 129024K Free: 100269K (78%)
2 ms. Memory: 129024K Free: 99773K (77%)
2 ms. Memory: 129024K Free: 99259K (77%)
1 ms. Memory: 129024K Free: 98221K (76%)
2 ms. Memory: 129024K Free: 97725K (76%)
/home/travis/build/icyphy/ptII/ptolemy/actor/lib/test/IIR.tcl
/home/travis/build/icyphy/ptII/ptolemy/actor/lib/test/Interpolator.tcl
7 ms. Memory: 129024K Free: 94125K (73%)
1 ms. Memory: 129024K Free: 93629K (73%)
2 ms. Memory: 129024K Free: 92605K (72%)
1 ms. Memory: 129024K Free: 92091K (71%)
16 ms. Memory: 129024K Free: 91581K (71%)
3 ms. Memory: 129024K Free: 90557K (70%)
2 ms. Memory: 129024K Free: 89533K (69%)
2 ms. Memory: 129024K Free: 88509K (69%)
2 ms. Memory: 129024K Free: 87995K (68%)
2 ms. Memory: 129024K Free: 86957K (67%)
/home/travis/build/icyphy/ptII/ptolemy/actor/lib/test/MathFunction.tcl
4 ms. Memory: 129024K Free: 84893K (66%)
2 ms. Memory: 129024K Free: 83885K (65%)
9 ms. Memory: 129024K Free: 82845K (64%)
3 ms. Memory: 129024K Free: 81845K (63%)
3 ms. Memory: 129024K Free: 80813K (63%)
7 ms. Memory: 129024K Free: 78765K (61%)
/home/travis/build/icyphy/ptII/ptolemy/actor/lib/test/Maximum.tcl
7 ms. Memory: 129024K Free: 76717K (59%)
4 ms. Memory: 129024K Free: 76221K (59%)
1 ms. Memory: 129024K Free: 75693K (59%)
2 ms. Memory: 129024K Free: 74677K (58%)
/home/travis/build/icyphy/ptII/ptolemy/actor/lib/test/Minimum.tcl
5 ms. Memory: 129024K Free: 72635K (56%)
3 ms. Memory: 129024K Free: 72125K (56%)
2 ms. Memory: 129024K Free: 71101K (55%)
3 ms. Memory: 129024K Free: 70587K (55%)
/home/travis/build/icyphy/ptII/ptolemy/actor/lib/test/MultiplyDivide.tcl
8 ms. Memory: 129024K Free: 68533K (53%)
8 ms. Memory: 129024K Free: 68029K (53%)
2 ms. Memory: 129024K Free: 67501K (52%)
3 ms. Memory: 129024K Free: 66491K (52%)
4 ms. Memory: 129024K Free: 65981K (51%)
/home/travis/build/icyphy/ptII/ptolemy/actor/lib/test/OrderedMerge.tcl
Connections changed on port: inputA
Connections changed on port: inputB
Connections changed on port: output
Connections changed on port: output
Connections changed on port: output
Connections changed on port: input
.top. Preinitializing ...
Invoking preinitialize():  .top.OrderedMerge
Called preinitialize()
Invoking preinitialize():  .top.Ramp
Called preinitialize()
Invoking preinitialize():  .top.Ramp2
Called preinitialize()
Invoking preinitialize():  .top.Test
Called preinitialize()
Connections changed on port: inputA
Connections changed on port: output
Connections changed on port: output
Connections changed on port: input
Connections changed on port: inputB
Connections changed on port: output
.top. Finished preinitialize().
Called initialize().
Invoking initialize():  .top.OrderedMerge
Initializing actor: .top.OrderedMerge
Adding a thread: .top.OrderedMerge
Invoking initialize():  .top.Ramp
Initializing actor: .top.Ramp
Adding a thread: .top.Ramp
Invoking initialize():  .top.Ramp2
Initializing actor: .top.Ramp2
Adding a thread: .top.Ramp2
Invoking initialize():  .top.Test
Initializing actor: .top.Test
Adding a thread: .top.Test
Called fire().
Checking for deadlock:
-- Starting thread.
-- Starting thread.
Called initialize()
Called initialize()
-- Starting thread.
Called initialize()
Called prefire()
Called fire()
Called prefire()
There are 0 Blocked actors, 0 Stopped actors, and 4 active threads.
Waiting for actors to stop.
Called fire()
-- Starting thread.
Called prefire()
Called initialize()
Called prefire()
Called fire()
Checking for deadlock:
There are 2 Blocked actors, 0 Stopped actors, and 4 active threads.
Waiting for actors to stop.
Called postfire()
Called prefire()
Called fire()
Called fire()
Checking for deadlock:
There are 3 Blocked actors, 0 Stopped actors, and 4 active threads.
Waiting for actors to stop.
Called postfire()
Called prefire()
Called fire()
Called postfire()
Called prefire()
Called fire()
Checking for deadlock:
There are 3 Blocked actors, 0 Stopped actors, and 4 active threads.
Waiting for actors to stop.
Read input token from inputA with value 0.0
Next port to read input from is inputB
Called postfire()
Called prefire()
Called fire()
Called postfire()
Called prefire()
Called fire()
Checking for deadlock:
There are 3 Blocked actors, 0 Stopped actors, and 4 active threads.
Waiting for actors to stop.
Read input token from inputB with value 0.0
-- Read input: 0.0, which is expected to match: 0.0
Called prefire()
Called fire()
Checking for deadlock:
There are 3 Blocked actors, 0 Stopped actors, and 4 active threads.
Waiting for actors to stop.
Sent output token with value 0.0
Next port to read input from is inputA
Called postfire()
Called prefire()
Called fire()
Called postfire()
Checking for deadlock:
Called prefire()
Called fire()
Read input token from inputA with value 1.0
There are 2 Blocked actors, 0 Stopped actors, and 4 active threads.
Waiting for actors to stop.
-- Read input: 0.0, which is expected to match: 0.0
Called prefire()
Called fire()
Checking for deadlock:
There are 3 Blocked actors, 0 Stopped actors, and 4 active threads.
Waiting for actors to stop.
Sent output token with value 0.0
Next port to read input from is inputB
Called postfire()
Called prefire()
Called fire()
Read input token from inputB with value 1.5
Sent output token with value 1.0
Next port to read input from is inputA
Called postfire()
Called prefire()
Called fire()
Read input token from inputA with value 2.0
Called postfire()
Called postfire()
Called prefire()
Called fire()
Called prefire()
Called fire()
Checking for deadlock:
There are 3 Blocked actors, 0 Stopped actors, and 4 active threads.
Waiting for actors to stop.
-- Read input: 1.0, which is expected to match: 1.0
Called prefire()
Called fire()
Checking for deadlock:
There are 3 Blocked actors, 0 Stopped actors, and 4 active threads.
Waiting for actors to stop.
-- Read input: 1.5, which is expected to match: 1.5
Called prefire()
Called fire()
Sent output token with value 1.5
Next port to read input from is inputB
Called postfire()
Called prefire()
Called fire()
Read input token from inputB with value 3.0
Sent output token with value 2.0
Next port to read input from is inputA
Called postfire()
Called prefire()
Called fire()
Read input token from inputA with value 3.0
Checking for deadlock:
There are 1 Blocked actors, 0 Stopped actors, and 4 active threads.
Waiting for actors to stop.
Called postfire()
Called postfire()
Called prefire()
Called fire()
-- Read input: 2.0, which is expected to match: 2.0
Called prefire()
Called fire()
Called prefire()
Called fire()
Sent output token with value 3.0
Next port to read input from is inputB
Called postfire()
Called prefire()
Called fire()
Read input token from inputB with value 4.5
Checking for deadlock:
There are 2 Blocked actors, 0 Stopped actors, and 4 active threads.
Waiting for actors to stop.
-- Read input: 3.0, which is expected to match: 3.0
Called prefire()
Called fire()
Called postfire()
Called prefire()
Called fire()
Checking for deadlock:
There are 3 Blocked actors, 0 Stopped actors, and 4 active threads.
Waiting for actors to stop.
-- Read input: 3.0, which is expected to match: 3.0
Called prefire()
Called fire()
Checking for deadlock:
There are 3 Blocked actors, 0 Stopped actors, and 4 active threads.
Waiting for actors to stop.
Sent output token with value 3.0
Next port to read input from is inputA
Called postfire()
Called prefire()
Called fire()
Checking for deadlock:
There are 2 Blocked actors, 0 Stopped actors, and 4 active threads.
Waiting for actors to stop.
Read input token from inputA with value 4.0
Called postfire()
Called prefire()
Called fire()
-- Read input: 4.0, which is expected to match: 4.0
Called prefire()
Called fire()
Past the end of training data. Read and discard all inputs.
Checking for deadlock:
There are 3 Blocked actors, 0 Stopped actors, and 4 active threads.
Waiting for actors to stop.
Sent output token with value 4.0
Next port to read input from is inputA
Called postfire()
Called prefire()
Called fire()
Checking for deadlock:
Called postfire()
There are 2 Blocked actors, 0 Stopped actors, and 4 active threads.
Waiting for actors to stop.
Called prefire()
Called fire()
Read input token from inputA with value 5.0
Checking for deadlock:
There are 3 Blocked actors, 0 Stopped actors, and 4 active threads.
Waiting for actors to stop.
Checking for deadlock:
There are 2 Blocked actors, 0 Stopped actors, and 4 active threads.
Waiting for actors to stop.
Called prefire()
Called fire()
Past the end of training data. Read and discard all inputs.
Checking for deadlock:
There are 3 Blocked actors, 0 Stopped actors, and 4 active threads.
Waiting for actors to stop.
Sent output token with value 4.5
Next port to read input from is inputB
Called postfire()
Called prefire()
Called fire()
Checking for deadlock:
There are 2 Blocked actors, 0 Stopped actors, and 4 active threads.
Waiting for actors to stop.
Called postfire()
Called prefire()
Called fire()
Checking for deadlock:
There are 3 Blocked actors, 0 Stopped actors, and 4 active threads.
Waiting for actors to stop.
Read input token from inputB with value 6.0
Checking for deadlock:
There are 2 Blocked actors, 0 Stopped actors, and 4 active threads.
Waiting for actors to stop.
Called prefire()
Called fire()
Past the end of training data. Read and discard all inputs.
Checking for deadlock:
There are 3 Blocked actors, 0 Stopped actors, and 4 active threads.
Waiting for actors to stop.
Sent output token with value 5.0
Next port to read input from is inputA
Called postfire()
Called prefire()
Called fire()
Read input token from inputA with value 6.0
Sent output token with value 6.0
Next port to read input from is inputB
Called postfire()
Called prefire()
Called fire()
Read input token from inputB with value 7.5
Checking for deadlock:
Called postfire()
There are 1 Blocked actors, 0 Stopped actors, and 4 active threads.
Called prefire()
Waiting for actors to stop.
Called fire()
Called postfire()
Called prefire()
Called fire()
Called prefire()
Called fire()
Past the end of training data. Read and discard all inputs.
Checking for deadlock:
There are 3 Blocked actors, 0 Stopped actors, and 4 active threads.
Waiting for actors to stop.
Called prefire()
Called fire()
Past the end of training data. Read and discard all inputs.
Checking for deadlock:
There are 3 Blocked actors, 0 Stopped actors, and 4 active threads.
Waiting for actors to stop.
Sent output token with value 6.0
Next port to read input from is inputA
Called postfire()
Called prefire()
Called fire()
Checking for deadlock:
There are 2 Blocked actors, 0 Stopped actors, and 4 active threads.
Waiting for actors to stop.
Read input token from inputA with value 7.0
Called prefire()
Called fire()
Past the end of training data. Read and discard all inputs.
Checking for deadlock:
There are 2 Blocked actors, 0 Stopped actors, and 4 active threads.
Waiting for actors to stop.
Sent output token with value 7.0
Next port to read input from is inputA
Called postfire()
Called prefire()
Called fire()
Checking for deadlock:
There are 3 Blocked actors, 0 Stopped actors, and 4 active threads.
Waiting for actors to stop.
Called postfire()
Called prefire()
Called fire()
Checking for deadlock:
There are 2 Blocked actors, 0 Stopped actors, and 4 active threads.
Waiting for actors to stop.
Checking for deadlock:
-- Thread wrapup() called.
There are 2 Blocked actors, 0 Stopped actors, and 4 active threads.
Called wrapup()
Waiting for actors to stop.
Read input token from inputA with value 8.0
Thread .top.Ramp is exiting.
-- Thread stopped.
Checking for deadlock:
There are 2 Blocked actors, 0 Stopped actors, and 3 active threads.
Waiting for actors to stop.
Checking for deadlock:
There are 1 Blocked actors, 0 Stopped actors, and 3 active threads.
Waiting for actors to stop.
Called prefire()
Called fire()
Past the end of training data. Read and discard all inputs.
Checking for deadlock:
There are 2 Blocked actors, 0 Stopped actors, and 3 active threads.
Waiting for actors to stop.
Sent output token with value 7.5
Next port to read input from is inputB
Called postfire()
Called prefire()
Called fire()
Checking for deadlock:
There are 1 Blocked actors, 0 Stopped actors, and 3 active threads.
Waiting for actors to stop.
Called postfire()
Called prefire()
Called fire()
Checking for deadlock:
There are 2 Blocked actors, 0 Stopped actors, and 3 active threads.
Waiting for actors to stop.
Read input token from inputB with value 9.0
Checking for deadlock:
There are 1 Blocked actors, 0 Stopped actors, and 3 active threads.
Waiting for actors to stop.
Called prefire()
Called fire()
Past the end of training data. Read and discard all inputs.
Checking for deadlock:
There are 2 Blocked actors, 0 Stopped actors, and 3 active threads.
Waiting for actors to stop.
Sent output token with value 8.0
Next port to read input from is inputA
Called postfire()
Called prefire()
Called fire()
Read input token from inputA with value 9.0
Called prefire()
Called fire()
Past the end of training data. Read and discard all inputs.
Checking for deadlock:
There are 2 Blocked actors, 0 Stopped actors, and 3 active threads.
Waiting for actors to stop.
Sent output token with value 9.0
Next port to read input from is inputB
Called postfire()
Called prefire()
Called fire()
Called postfire()
Called prefire()
Called fire()
Checking for deadlock:
There are 2 Blocked actors, 0 Stopped actors, and 3 active threads.
Waiting for actors to stop.
Read input token from inputB with value 10.5
Called prefire()
Called fire()
Past the end of training data. Read and discard all inputs.
Checking for deadlock:
There are 2 Blocked actors, 0 Stopped actors, and 3 active threads.
Waiting for actors to stop.
Sent output token with value 9.0
Next port to read input from is inputA
Called postfire()
Called prefire()
Called fire()
Checking for deadlock:
There are 3 Blocked actors, 0 Stopped actors, and 3 active threads.
Actors have stopped.
Checking for deadlock:
There are 3 Blocked actors, 0 Stopped actors, and 3 active threads.
Deadlock detected.
Resolving Deadlock
Checking for deadlock:
There are 3 Blocked actors, 0 Stopped actors, and 3 active threads.
Artificial Deadlock - increasing queue capacity.
increasing the capacity of receiver ptolemy.actor.TypedIOPort {.top.OrderedMerge.inputB} to 2
Director: Called postfire().
Called postfire().
_stopRequested = false
_stopFireRequested = false
Returning from postfire(): true
Called fire().
Checking for deadlock:
There are 2 Blocked actors, 0 Stopped actors, and 3 active threads.
Waiting for actors to stop.
-- Thread wrapup() called.
Called wrapup()
Thread .top.Ramp2 is exiting.
-- Thread stopped.
Checking for deadlock:
There are 2 Blocked actors, 0 Stopped actors, and 2 active threads.
Actors have stopped.
Checking for deadlock:
There are 2 Blocked actors, 0 Stopped actors, and 2 active threads.
Deadlock detected.
Resolving Deadlock
Checking for deadlock:
There are 2 Blocked actors, 0 Stopped actors, and 2 active threads.
Deadlock detected: no processes blocked on write, but some are blocked on read.
Called postfire().
_stopRequested = false
_stopFireRequested = false
Returning from postfire(): false
Finished deactivating branches.
Called wrapup().
-- Thread wrapup() called.
Called wrapup()
Thread .top.Test is exiting.
-- Thread stopped.
-- Blocked Receiver call threw TerminateProcessException.
-- Thread wrapup() called.
Called wrapup()
Thread .top.OrderedMerge is exiting.
-- Thread stopped.
-- Blocked Receiver call threw TerminateProcessException.
56 ms. Memory: 129024K Free: 60861K (47%)
.top. Preinitializing ...
Invoking preinitialize():  .top.OrderedMerge
Called preinitialize()
Invoking preinitialize():  .top.Ramp
Called preinitialize()
Invoking preinitialize():  .top.Ramp2
Called preinitialize()
Invoking preinitialize():  .top.Test
Called preinitialize()
.top. Finished preinitialize().
Called initialize().
Invoking initialize():  .top.OrderedMerge
Initializing actor: .top.OrderedMerge
Adding a thread: .top.OrderedMerge
Invoking initialize():  .top.Ramp
Initializing actor: .top.Ramp
Adding a thread: .top.Ramp
Invoking initialize():  .top.Ramp2
Initializing actor: .top.Ramp2
Adding a thread: .top.Ramp2
Invoking initialize():  .top.Test
Initializing actor: .top.Test
Adding a thread: .top.Test
-- Starting thread.
Called initialize()
Called prefire()
Called fire()
-- Starting thread.
Called initialize()
Called prefire()
Called fire()
Called postfire()
Called prefire()
Called fire()
-- Starting thread.
Called initialize()
Called prefire()
Called fire()
Called postfire()
Called prefire()
Called fire()
Called fire().
Checking for deadlock:
There are 3 Blocked actors, 0 Stopped actors, and 4 active threads.
Waiting for actors to stop.
-- Starting thread.
Called initialize()
Called prefire()
Called fire()
Checking for deadlock:
There are 2 Blocked actors, 0 Stopped actors, and 4 active threads.
Waiting for actors to stop.
Called postfire()
Called prefire()
Called fire()
Checking for deadlock:
There are 3 Blocked actors, 0 Stopped actors, and 4 active threads.
Waiting for actors to stop.
Read input token from inputA with value 0.0
Next port to read input from is inputB
Called postfire()
Called prefire()
Called fire()
Called postfire()
Called prefire()
Called fire()
Checking for deadlock:
There are 3 Blocked actors, 0 Stopped actors, and 4 active threads.
Waiting for actors to stop.
Read input token from inputB with value 0.0
-- Read input: 0.0, which is expected to match: 0.0
Called prefire()
Called fire()
Checking for deadlock:
There are 3 Blocked actors, 0 Stopped actors, and 4 active threads.
Waiting for actors to stop.
Sent output token with value 0.0
Next port to read input from is inputA
Called postfire()
Called prefire()
Called fire()
Checking for deadlock:
There are 2 Blocked actors, 0 Stopped actors, and 4 active threads.
Waiting for actors to stop.
Called postfire()
Called prefire()
Called fire()
Checking for deadlock:
There are 3 Blocked actors, 0 Stopped actors, and 4 active threads.
Waiting for actors to stop.
Read input token from inputA with value 1.0
Checking for deadlock:
There are 2 Blocked actors, 0 Stopped actors, and 4 active threads.
Waiting for actors to stop.
-- Read input: 0.0, which is expected to match: 0.0
Called prefire()
Called fire()
Checking for deadlock:
There are 3 Blocked actors, 0 Stopped actors, and 4 active threads.
Waiting for actors to stop.
Sent output token with value 0.0
Next port to read input from is inputB
Called postfire()
Called prefire()
Called fire()
Checking for deadlock:
There are 2 Blocked actors, 0 Stopped actors, and 4 active threads.
Waiting for actors to stop.
Called postfire()
Called prefire()
Called fire()
Checking for deadlock:
There are 3 Blocked actors, 0 Stopped actors, and 4 active threads.
Waiting for actors to stop.
Read input token from inputB with value 1.5
Checking for deadlock:
There are 2 Blocked actors, 0 Stopped actors, and 4 active threads.
Waiting for actors to stop.
-- Read input: 1.0, which is expected to match: 1.0
Called prefire()
Called fire()
Checking for deadlock:
There are 3 Blocked actors, 0 Stopped actors, and 4 active threads.
Waiting for actors to stop.
Sent output token with value 1.0
Next port to read input from is inputA
Called postfire()
Called prefire()
Called fire()
Checking for deadlock:
There are 2 Blocked actors, 0 Stopped actors, and 4 active threads.
Waiting for actors to stop.
Called postfire()
Called prefire()
Called fire()
Checking for deadlock:
There are 3 Blocked actors, 0 Stopped actors, and 4 active threads.
Waiting for actors to stop.
Read input token from inputA with value 2.0
Checking for deadlock:
There are 2 Blocked actors, 0 Stopped actors, and 4 active threads.
Waiting for actors to stop.
-- Read input: 1.5, which is expected to match: 1.5
Called prefire()
Called fire()
Checking for deadlock:
There are 3 Blocked actors, 0 Stopped actors, and 4 active threads.
Waiting for actors to stop.
Sent output token with value 1.5
Next port to read input from is inputB
Called postfire()
Called prefire()
Called fire()
Called postfire()
Called prefire()
Called fire()
Checking for deadlock:
There are 3 Blocked actors, 0 Stopped actors, and 4 active threads.
Waiting for actors to stop.
Read input token from inputB with value 3.0
Checking for deadlock:
There are 2 Blocked actors, 0 Stopped actors, and 4 active threads.
Waiting for actors to stop.
-- Read input: 2.0, which is expected to match: 2.0
Called prefire()
Called fire()
Checking for deadlock:
There are 3 Blocked actors, 0 Stopped actors, and 4 active threads.
Waiting for actors to stop.
Sent output token with value 2.0
Next port to read input from is inputA
Called postfire()
Called prefire()
Called fire()
Checking for deadlock:
There are 2 Blocked actors, 0 Stopped actors, and 4 active threads.
Waiting for actors to stop.
Called postfire()
Called prefire()
Called fire()
Checking for deadlock:
There are 3 Blocked actors, 0 Stopped actors, and 4 active threads.
Waiting for actors to stop.
Read input token from inputA with value 3.0
Checking for deadlock:
There are 2 Blocked actors, 0 Stopped actors, and 4 active threads.
Waiting for actors to stop.
-- Read input: 3.0, which is expected to match: 3.0
Called prefire()
Called fire()
Checking for deadlock:
There are 3 Blocked actors, 0 Stopped actors, and 4 active threads.
Waiting for actors to stop.
Sent output token with value 3.0
Next port to read input from is inputB
Called postfire()
Called prefire()
Called fire()
Called postfire()
Called prefire()
Called fire()
Checking for deadlock:
There are 3 Blocked actors, 0 Stopped actors, and 4 active threads.
Waiting for actors to stop.
Read input token from inputB with value 4.5
-- Read input: 3.0, which is expected to match: 3.0
Called prefire()
Called fire()
Checking for deadlock:
There are 3 Blocked actors, 0 Stopped actors, and 4 active threads.
Waiting for actors to stop.
Sent output token with value 3.0
Next port to read input from is inputA
Called postfire()
Called prefire()
Called fire()
Checking for deadlock:
There are 2 Blocked actors, 0 Stopped actors, and 4 active threads.
Waiting for actors to stop.
Called postfire()
Called prefire()
Called fire()
Checking for deadlock:
There are 3 Blocked actors, 0 Stopped actors, and 4 active threads.
Waiting for actors to stop.
Read input token from inputA with value 4.0
Checking for deadlock:
There are 2 Blocked actors, 0 Stopped actors, and 4 active threads.
Waiting for actors to stop.
-- Read input: 4.0, which is expected to match: 4.0
Called prefire()
Called fire()
Past the end of training data. Read and discard all inputs.
Checking for deadlock:
There are 3 Blocked actors, 0 Stopped actors, and 4 active threads.
Waiting for actors to stop.
Sent output token with value 4.0
Next port to read input from is inputA
Called postfire()
Called prefire()
Called fire()
Called postfire()
Called prefire()
Called fire()
Checking for deadlock:
There are 3 Blocked actors, 0 Stopped actors, and 4 active threads.
Waiting for actors to stop.
Read input token from inputA with value 5.0
Called prefire()
Called fire()
Past the end of training data. Read and discard all inputs.
Checking for deadlock:
There are 3 Blocked actors, 0 Stopped actors, and 4 active threads.
Waiting for actors to stop.
Sent output token with value 4.5
Next port to read input from is inputB
Called postfire()
Called prefire()
Called fire()
Checking for deadlock:
There are 2 Blocked actors, 0 Stopped actors, and 4 active threads.
Waiting for actors to stop.
Called postfire()
Called prefire()
Called fire()
Checking for deadlock:
There are 3 Blocked actors, 0 Stopped actors, and 4 active threads.
Waiting for actors to stop.
Read input token from inputB with value 6.0
Checking for deadlock:
There are 2 Blocked actors, 0 Stopped actors, and 4 active threads.
Waiting for actors to stop.
Called prefire()
Called fire()
Past the end of training data. Read and discard all inputs.
Checking for deadlock:
There are 3 Blocked actors, 0 Stopped actors, and 4 active threads.
Waiting for actors to stop.
Sent output token with value 5.0
Next port to read input from is inputA
Called postfire()
Called prefire()
Called fire()
Called postfire()
Called prefire()
Called fire()
Checking for deadlock:
There are 3 Blocked actors, 0 Stopped actors, and 4 active threads.
Waiting for actors to stop.
Read input token from inputA with value 6.0
Called prefire()
Called fire()
Past the end of training data. Read and discard all inputs.
Checking for deadlock:
There are 3 Blocked actors, 0 Stopped actors, and 4 active threads.
Waiting for actors to stop.
Sent output token with value 6.0
Next port to read input from is inputB
Called postfire()
Called prefire()
Called fire()
Checking for deadlock:
There are 2 Blocked actors, 0 Stopped actors, and 4 active threads.
Waiting for actors to stop.
Called postfire()
Called prefire()
Called fire()
Checking for deadlock:
There are 3 Blocked actors, 0 Stopped actors, and 4 active threads.
Waiting for actors to stop.
Read input token from inputB with value 7.5
Checking for deadlock:
There are 2 Blocked actors, 0 Stopped actors, and 4 active threads.
Waiting for actors to stop.
Called prefire()
Called fire()
Past the end of training data. Read and discard all inputs.
Checking for deadlock:
There are 3 Blocked actors, 0 Stopped actors, and 4 active threads.
Waiting for actors to stop.
Sent output token with value 6.0
Next port to read input from is inputA
Called postfire()
Called prefire()
Called fire()
Called postfire()
Called prefire()
Called fire()
Checking for deadlock:
There are 3 Blocked actors, 0 Stopped actors, and 4 active threads.
Waiting for actors to stop.
Read input token from inputA with value 7.0
Called prefire()
Called fire()
Past the end of training data. Read and discard all inputs.
Checking for deadlock:
There are 3 Blocked actors, 0 Stopped actors, and 4 active threads.
Waiting for actors to stop.
Sent output token with value 7.0
Next port to read input from is inputA
Called postfire()
Called prefire()
Called fire()
-- Thread wrapup() called.
Called wrapup()
Thread .top.Ramp is exiting.
-- Thread stopped.
Checking for deadlock:
There are 2 Blocked actors, 0 Stopped actors, and 3 active threads.
Waiting for actors to stop.
Read input token from inputA with value 8.0
Checking for deadlock:
There are 1 Blocked actors, 0 Stopped actors, and 3 active threads.
Waiting for actors to stop.
Called prefire()
Called fire()
Past the end of training data. Read and discard all inputs.
Checking for deadlock:
There are 2 Blocked actors, 0 Stopped actors, and 3 active threads.
Waiting for actors to stop.
Sent output token with value 7.5
Next port to read input from is inputB
Called postfire()
Called prefire()
Called fire()
Checking for deadlock:
There are 1 Blocked actors, 0 Stopped actors, and 3 active threads.
Waiting for actors to stop.
Called postfire()
Called prefire()
Called fire()
Checking for deadlock:
There are 2 Blocked actors, 0 Stopped actors, and 3 active threads.
Waiting for actors to stop.
Read input token from inputB with value 9.0
Checking for deadlock:
There are 1 Blocked actors, 0 Stopped actors, and 3 active threads.
Waiting for actors to stop.
Called prefire()
Called fire()
Past the end of training data. Read and discard all inputs.
Checking for deadlock:
There are 2 Blocked actors, 0 Stopped actors, and 3 active threads.
Waiting for actors to stop.
Sent output token with value 8.0
Next port to read input from is inputA
Called postfire()
Called prefire()
Called fire()
Read input token from inputA with value 9.0
Called prefire()
Called fire()
Past the end of training data. Read and discard all inputs.
Checking for deadlock:
There are 2 Blocked actors, 0 Stopped actors, and 3 active threads.
Waiting for actors to stop.
Sent output token with value 9.0
Next port to read input from is inputB
Called postfire()
Called prefire()
Called fire()
Called postfire()
Called prefire()
Called fire()
Checking for deadlock:
There are 2 Blocked actors, 0 Stopped actors, and 3 active threads.
Waiting for actors to stop.
Read input token from inputB with value 10.5
Called prefire()
Called fire()
Past the end of training data. Read and discard all inputs.
Checking for deadlock:
There are 2 Blocked actors, 0 Stopped actors, and 3 active threads.
Waiting for actors to stop.
Sent output token with value 9.0
Next port to read input from is inputA
Called postfire()
Called prefire()
Called fire()
Checking for deadlock:
There are 3 Blocked actors, 0 Stopped actors, and 3 active threads.
Actors have stopped.
Checking for deadlock:
There are 3 Blocked actors, 0 Stopped actors, and 3 active threads.
Deadlock detected.
Resolving Deadlock
Checking for deadlock:
There are 3 Blocked actors, 0 Stopped actors, and 3 active threads.
Artificial Deadlock - increasing queue capacity.
increasing the capacity of receiver ptolemy.actor.TypedIOPort {.top.OrderedMerge.inputB} to 2
Director: Called postfire().
Called postfire().
_stopRequested = false
_stopFireRequested = false
Returning from postfire(): true
Called fire().
Checking for deadlock:
There are 2 Blocked actors, 0 Stopped actors, and 3 active threads.
Waiting for actors to stop.
-- Thread wrapup() called.
Called wrapup()
Thread .top.Ramp2 is exiting.
-- Thread stopped.
Checking for deadlock:
There are 2 Blocked actors, 0 Stopped actors, and 2 active threads.
Actors have stopped.
Checking for deadlock:
There are 2 Blocked actors, 0 Stopped actors, and 2 active threads.
Deadlock detected.
Resolving Deadlock
Checking for deadlock:
There are 2 Blocked actors, 0 Stopped actors, and 2 active threads.
Deadlock detected: no processes blocked on write, but some are blocked on read.
Called postfire().
_stopRequested = false
_stopFireRequested = false
Returning from postfire(): false
Finished deactivating branches.
Called wrapup().
-- Thread wrapup() called.
Called wrapup()
-- Thread wrapup() called.
Called wrapup()
Thread .top.Test is exiting.
-- Thread stopped.
-- Blocked Receiver call threw TerminateProcessException.
Thread .top.OrderedMerge is exiting.
20 ms. Memory: 129024K Free: 58299K (45%)
/home/travis/build/icyphy/ptII/ptolemy/actor/lib/test/Publisher.tcl
-- Thread stopped.
-- Blocked Receiver call threw TerminateProcessException.
5 ms. Memory: 129024K Free: 111465K (86%)
5 ms. Memory: 129024K Free: 106331K (82%)
5 ms. Memory: 166912K Free: 147089K (88%)
11 ms. Memory: 166912K Free: 146172K (88%)
4 ms. Memory: 166912K Free: 145154K (87%)
13 ms. Memory: 166912K Free: 144130K (86%)
2 ms. Memory: 166912K Free: 143620K (86%)
5 ms. Memory: 166912K Free: 142596K (85%)
19 ms. Memory: 166912K Free: 132866K (80%)
6 ms. Memory: 166912K Free: 128770K (77%)
3 ms. Memory: 166912K Free: 128260K (77%)
4 ms. Memory: 166912K Free: 126212K (76%)
19 ms. Memory: 166912K Free: 118530K (71%)
5 ms. Memory: 166912K Free: 108804K (65%)
6 ms. Memory: 166912K Free: 98050K (59%)
/home/travis/build/icyphy/ptII/ptolemy/actor/lib/test/Pulse.tcl
5 ms. Memory: 166912K Free: 116670K (70%)
8 ms. Memory: 166912K Free: 116174K (70%)
1 ms. Memory: 166912K Free: 115646K (69%)
1 ms. Memory: 166912K Free: 115150K (69%)
7 ms. Memory: 166912K Free: 114622K (69%)
9 ms. Memory: 166912K Free: 113612K (68%)
8 ms. Memory: 166912K Free: 112588K (67%)
1 ms. Memory: 166912K Free: 112076K (67%)
1 ms. Memory: 166912K Free: 111054K (67%)
/home/travis/build/icyphy/ptII/ptolemy/actor/lib/test/Ramp.tcl
6 ms. Memory: 166912K Free: 109006K (65%)
3 ms. Memory: 166912K Free: 108492K (65%)
2 ms. Memory: 166912K Free: 107982K (65%)
2 ms. Memory: 166912K Free: 106958K (64%)
5 ms. Memory: 166912K Free: 106414K (64%)
8 ms. Memory: 166912K Free: 105406K (63%)
7 ms. Memory: 166912K Free: 104382K (63%)
5 actors
11000 microseconds per iteration to create
4 ms. Memory: 166912K Free: 101838K (61%)
1 ms. Memory: 166912K Free: 100814K (60%)
6 ms. Memory: 166912K Free: 100300K (60%)
2 ms. Memory: 166912K Free: 99790K (60%)
50 actors
47000 microseconds per iteration to create
37 ms. Memory: 166912K Free: 84430K (51%)
17 ms. Memory: 166912K Free: 83406K (50%)
4 ms. Memory: 166912K Free: 82382K (49%)
11 ms. Memory: 166912K Free: 81358K (49%)
500 actors
1543000 microseconds per iteration to create
228 ms. Memory: 200704K Free: 169119K (84%)
34 ms. Memory: 200704K Free: 163999K (82%)
42 ms. Memory: 200704K Free: 158879K (79%)
36 ms. Memory: 200704K Free: 153245K (76%)
/home/travis/build/icyphy/ptII/ptolemy/actor/lib/test/RampContinuous.tcl
10 ms. Memory: 200704K Free: 151711K (76%)
/home/travis/build/icyphy/ptII/ptolemy/actor/lib/test/RecordAssembler.tcl
5 ms. Memory: 200704K Free: 150159K (75%)
3 ms. Memory: 200704K Free: 149135K (74%)
/home/travis/build/icyphy/ptII/ptolemy/actor/lib/test/RecordDisassembler.tcl
11 ms. Memory: 200704K Free: 147615K (74%)
4 ms. Memory: 200704K Free: 147101K (73%)
4 ms. Memory: 200704K Free: 145567K (73%)
/home/travis/build/icyphy/ptII/ptolemy/actor/lib/test/Scale.tcl
3 ms. Memory: 200704K Free: 144015K (72%)
1 ms. Memory: 200704K Free: 143005K (71%)
1 ms. Memory: 200704K Free: 142495K (71%)
2 ms. Memory: 200704K Free: 141471K (70%)
2 ms. Memory: 200704K Free: 140447K (70%)
/home/travis/build/icyphy/ptII/ptolemy/actor/lib/test/SequentialClock.tcl
preinitializing
resolving types
initializing
executing number 1
wrapping up
idle
3 ms. Memory: 200704K Free: 139423K (69%)
Completed execution with 5 iterations
preinitializing
resolving types
initializing
executing number 1
wrapping up
idle
1 ms. Memory: 200704K Free: 138909K (69%)
Completed execution with 5 iterations
preinitializing
resolving types
initializing
executing number 1
wrapping up
idle
1 ms. Memory: 200704K Free: 138399K (69%)
Completed execution with 5 iterations
/home/travis/build/icyphy/ptII/ptolemy/actor/lib/test/SetVariable.tcl
4 ms. Memory: 200704K Free: 136351K (68%)
/home/travis/build/icyphy/ptII/ptolemy/actor/lib/test/Sinewave.tcl
/home/travis/build/icyphy/ptII/ptolemy/actor/lib/test/SubscriptionAggregator.tcl
3 ms. Memory: 200704K Free: 125087K (62%)
8 ms. Memory: 200704K Free: 124543K (62%)
1 ms. Memory: 200704K Free: 124063K (62%)
1 ms. Memory: 200704K Free: 123535K (62%)
2 ms. Memory: 200704K Free: 119967K (60%)
8 ms. Memory: 200704K Free: 117919K (59%)
...............................................................841 ms. Memory: 305152K Free: 117493K (39%)
/home/travis/build/icyphy/ptII/ptolemy/actor/lib/test/Test.tcl
 The next command will produce a warning about training mode,
   which may be ignored.
3 ms. Memory: 305152K Free: 115445K (38%)
3 ms. Memory: 305152K Free: 114421K (37%)
1 ms. Memory: 305152K Free: 113893K (37%)
1 ms. Memory: 305152K Free: 113397K (37%)
1 ms. Memory: 305152K Free: 112883K (37%)
84 ms. Memory: 305152K Free: 258805K (85%)
3 ms. Memory: 305152K Free: 257781K (84%)
 The next command will produce a warning about training mode,
   which may be ignored.
10 ms. Memory: 305152K Free: 255213K (84%)
 The next command will produce a warning about training mode,
   which may be ignored.
2 ms. Memory: 305152K Free: 254195K (83%)
1 ms. Memory: 305152K Free: 253685K (83%)
1 ms. Memory: 305152K Free: 253157K (83%)
7 ms. Memory: 305152K Free: 252661K (83%)
7 ms. Memory: 305152K Free: 251637K (82%)
3 ms. Memory: 305152K Free: 248037K (81%)
/home/travis/build/icyphy/ptII/ptolemy/actor/lib/test/TestExceptionHandler.tcl
 The next command will produce a warning about training mode,
   which may be ignored.
2 ms. Memory: 305152K Free: 246517K (81%)
0 ms. Memory: 305152K Free: 245989K (81%)
1 ms. Memory: 305152K Free: 245493K (80%)
/home/travis/build/icyphy/ptII/ptolemy/actor/lib/test/UnionDisassembler.tcl
25 ms. Memory: 305152K Free: 238325K (78%)
/home/travis/build/icyphy/ptII/ptolemy/actor/lib/test/VariableClock.tcl
preinitializing
resolving types
initializing
executing number 1
wrapping up
idle
9 ms. Memory: 305152K Free: 236277K (77%)
Completed execution with 11 iterations
preinitializing
resolving types
initializing
executing number 1
wrapping up
idle
2 ms. Memory: 305152K Free: 234725K (77%)
Completed execution with 10 iterations
03/04/20 06:51:13
Failed: 0  Total Tests: 233  ((Passed: 233, Newly Passed: 0)  Known Failed: 0) /home/travis/build/icyphy/ptII/ptolemy/actor/lib/test
----------------- testing (KnownFailure) /home/travis/build/icyphy/ptII/ptolemy/actor/lib/test/auto/knownFailedTests/PublisherPortToplevelSubscriber.xml
0 ms. Memory: 305152K Free: 231667K (76%)
Known Failure: java.lang.reflect.InvocationTargetException
----------------- testing (KnownFailure) /home/travis/build/icyphy/ptII/ptolemy/actor/lib/test/auto/knownFailedTests/PublisherSubscriberPortToplevel.xml
0 ms. Memory: 305152K Free: 227571K (75%)
Known Failure: java.lang.reflect.InvocationTargetException
----------------- testing (KnownFailure) /home/travis/build/icyphy/ptII/ptolemy/actor/lib/test/auto/knownFailedTests/PublisherSubscriptionAggregatorPort.xml
1 ms. Memory: 305152K Free: 223445K (73%)
Known Failure: java.lang.reflect.InvocationTargetException
----------------- testing (KnownFailure) /home/travis/build/icyphy/ptII/ptolemy/actor/lib/test/auto/knownFailedTests/sizedarray3.xml
5 ms. Memory: 305152K Free: 218355K (72%)
Known Failure: java.lang.reflect.InvocationTargetException
No auto/linux-amd64/*.xml tests in /home/travis/build/icyphy/ptII/ptolemy/actor/lib/test
AutoTests.java: About to close Vertx.
AutoTests.java: Vertx closed.

===========================================================================================
----------------- testing Wed Mar 04 18:51:14 UTC 2020 /home/travis/build/icyphy/ptII/ptolemy/actor/lib/test/auto/AbsoluteValue.xml
----------------- Instantiating /home/travis/build/icyphy/ptII/ptolemy/actor/lib/test/auto/AbsoluteValue.xml
4 ms. Memory: 305152K Free: 195317K (64%)
----------------- Invoking toplevel() on ptolemy.moml.MoMLSimpleApplication@5ff25e99
----------------- Done invoking toplevel() on ptolemy.moml.MoMLSimpleApplication@5ff25e99
reloadAllAccessors: .AbsoluteValue

===========================================================================================
----------------- testing Wed Mar 04 18:51:14 UTC 2020 /home/travis/build/icyphy/ptII/ptolemy/actor/lib/test/auto/AbsoluteValue2.xml
----------------- Instantiating /home/travis/build/icyphy/ptII/ptolemy/actor/lib/test/auto/AbsoluteValue2.xml
19 ms. Memory: 305152K Free: 188659K (62%)
----------------- Invoking toplevel() on ptolemy.moml.MoMLSimpleApplication@29ffa34
----------------- Done invoking toplevel() on ptolemy.moml.MoMLSimpleApplication@29ffa34
reloadAllAccessors: .AbsoluteValue2

===========================================================================================
----------------- testing Wed Mar 04 18:51:14 UTC 2020 /home/travis/build/icyphy/ptII/ptolemy/actor/lib/test/auto/Accumulator.xml
----------------- Instantiating /home/travis/build/icyphy/ptII/ptolemy/actor/lib/test/auto/Accumulator.xml
5 ms. Memory: 305152K Free: 182005K (60%)
----------------- Invoking toplevel() on ptolemy.moml.MoMLSimpleApplication@525f9839
----------------- Done invoking toplevel() on ptolemy.moml.MoMLSimpleApplication@525f9839
reloadAllAccessors: .Accumulator

===========================================================================================
----------------- testing Wed Mar 04 18:51:14 UTC 2020 /home/travis/build/icyphy/ptII/ptolemy/actor/lib/test/auto/Accumulator2.xml
----------------- Instantiating /home/travis/build/icyphy/ptII/ptolemy/actor/lib/test/auto/Accumulator2.xml
3 ms. Memory: 305152K Free: 176885K (58%)
----------------- Invoking toplevel() on ptolemy.moml.MoMLSimpleApplication@4b374c55
----------------- Done invoking toplevel() on ptolemy.moml.MoMLSimpleApplication@4b374c55
reloadAllAccessors: .Accumulator2

===========================================================================================
----------------- testing Wed Mar 04 18:51:14 UTC 2020 /home/travis/build/icyphy/ptII/ptolemy/actor/lib/test/auto/Accumulator3.xml
----------------- Instantiating /home/travis/build/icyphy/ptII/ptolemy/actor/lib/test/auto/Accumulator3.xml
2 ms. Memory: 305152K Free: 172275K (56%)
----------------- Invoking toplevel() on ptolemy.moml.MoMLSimpleApplication@689d2d6d
----------------- Done invoking toplevel() on ptolemy.moml.MoMLSimpleApplication@689d2d6d
reloadAllAccessors: .Accumulator3

===========================================================================================
----------------- testing Wed Mar 04 18:51:14 UTC 2020 /home/travis/build/icyphy/ptII/ptolemy/actor/lib/test/auto/ArrayAppend.xml
----------------- Instantiating /home/travis/build/icyphy/ptII/ptolemy/actor/lib/test/auto/ArrayAppend.xml
3 ms. Memory: 305152K Free: 166645K (55%)
----------------- Invoking toplevel() on ptolemy.moml.MoMLSimpleApplication@1c42ce0c
----------------- Done invoking toplevel() on ptolemy.moml.MoMLSimpleApplication@1c42ce0c
reloadAllAccessors: .ArrayAppend

===========================================================================================
----------------- testing Wed Mar 04 18:51:14 UTC 2020 /home/travis/build/icyphy/ptII/ptolemy/actor/lib/test/auto/ArrayAppend2.xml
----------------- Instantiating /home/travis/build/icyphy/ptII/ptolemy/actor/lib/test/auto/ArrayAppend2.xml
427 ms. Memory: 305152K Free: 242541K (79%)
----------------- Invoking toplevel() on ptolemy.moml.MoMLSimpleApplication@20093679
----------------- Done invoking toplevel() on ptolemy.moml.MoMLSimpleApplication@20093679
reloadAllAccessors: .ArrayAppend2

===========================================================================================
----------------- testing Wed Mar 04 18:51:15 UTC 2020 /home/travis/build/icyphy/ptII/ptolemy/actor/lib/test/auto/ArrayAppend3.xml
----------------- Instantiating /home/travis/build/icyphy/ptII/ptolemy/actor/lib/test/auto/ArrayAppend3.xml
5 ms. Memory: 305152K Free: 236397K (77%)
----------------- Invoking toplevel() on ptolemy.moml.MoMLSimpleApplication@450b42cf
----------------- Done invoking toplevel() on ptolemy.moml.MoMLSimpleApplication@450b42cf
reloadAllAccessors: .ArrayAppend3

===========================================================================================
----------------- testing Wed Mar 04 18:51:15 UTC 2020 /home/travis/build/icyphy/ptII/ptolemy/actor/lib/test/auto/ArrayAppend4.xml
----------------- Instantiating /home/travis/build/icyphy/ptII/ptolemy/actor/lib/test/auto/ArrayAppend4.xml
5 ms. Memory: 305152K Free: 231277K (76%)
----------------- Invoking toplevel() on ptolemy.moml.MoMLSimpleApplication@50fadc9d
----------------- Done invoking toplevel() on ptolemy.moml.MoMLSimpleApplication@50fadc9d
reloadAllAccessors: .ArrayAppend4

===========================================================================================
----------------- testing Wed Mar 04 18:51:15 UTC 2020 /home/travis/build/icyphy/ptII/ptolemy/actor/lib/test/auto/ArrayAppend5.xml
----------------- Instantiating /home/travis/build/icyphy/ptII/ptolemy/actor/lib/test/auto/ArrayAppend5.xml
1 ms. Memory: 305152K Free: 226667K (74%)
----------------- Invoking toplevel() on ptolemy.moml.MoMLSimpleApplication@5ecc8d47
----------------- Done invoking toplevel() on ptolemy.moml.MoMLSimpleApplication@5ecc8d47
reloadAllAccessors: .ArrayAppend5

===========================================================================================
----------------- testing Wed Mar 04 18:51:15 UTC 2020 /home/travis/build/icyphy/ptII/ptolemy/actor/lib/test/auto/ArrayAppend6.xml
----------------- Instantiating /home/travis/build/icyphy/ptII/ptolemy/actor/lib/test/auto/ArrayAppend6.xml
3 ms. Memory: 305152K Free: 221547K (73%)
----------------- Invoking toplevel() on ptolemy.moml.MoMLSimpleApplication@4b3b8d43
----------------- Done invoking toplevel() on ptolemy.moml.MoMLSimpleApplication@4b3b8d43
reloadAllAccessors: .ArrayAppend6

===========================================================================================
----------------- testing Wed Mar 04 18:51:15 UTC 2020 /home/travis/build/icyphy/ptII/ptolemy/actor/lib/test/auto/ArrayAppendPerformanceTest.xml
----------------- Instantiating /home/travis/build/icyphy/ptII/ptolemy/actor/lib/test/auto/ArrayAppendPerformanceTest.xml
30 ms. Memory: 305152K Free: 211307K (69%)
----------------- Invoking toplevel() on ptolemy.moml.MoMLSimpleApplication@3ea95d39
----------------- Done invoking toplevel() on ptolemy.moml.MoMLSimpleApplication@3ea95d39
reloadAllAccessors: .ArrayAppendPerformanceTest

===========================================================================================
----------------- testing Wed Mar 04 18:51:15 UTC 2020 /home/travis/build/icyphy/ptII/ptolemy/actor/lib/test/auto/ArrayAppendWithEmptyInput.xml
----------------- Instantiating /home/travis/build/icyphy/ptII/ptolemy/actor/lib/test/auto/ArrayAppendWithEmptyInput.xml
16 ms. Memory: 305152K Free: 203115K (67%)
----------------- Invoking toplevel() on ptolemy.moml.MoMLSimpleApplication@244f37e7
----------------- Done invoking toplevel() on ptolemy.moml.MoMLSimpleApplication@244f37e7
reloadAllAccessors: .ArrayAppendWithEmptyInput

===========================================================================================
----------------- testing Wed Mar 04 18:51:15 UTC 2020 /home/travis/build/icyphy/ptII/ptolemy/actor/lib/test/auto/ArrayAverage.xml
----------------- Instantiating /home/travis/build/icyphy/ptII/ptolemy/actor/lib/test/auto/ArrayAverage.xml
4 ms. Memory: 305152K Free: 195437K (64%)
----------------- Invoking toplevel() on ptolemy.moml.MoMLSimpleApplication@6e204d6
----------------- Done invoking toplevel() on ptolemy.moml.MoMLSimpleApplication@6e204d6
reloadAllAccessors: .ArrayAverage

===========================================================================================
----------------- testing Wed Mar 04 18:51:15 UTC 2020 /home/travis/build/icyphy/ptII/ptolemy/actor/lib/test/auto/ArrayContains.xml
----------------- Instantiating /home/travis/build/icyphy/ptII/ptolemy/actor/lib/test/auto/ArrayContains.xml
3 ms. Memory: 305152K Free: 189293K (62%)
----------------- Invoking toplevel() on ptolemy.moml.MoMLSimpleApplication@129de86e
----------------- Done invoking toplevel() on ptolemy.moml.MoMLSimpleApplication@129de86e
reloadAllAccessors: .ArrayContains

===========================================================================================
----------------- testing Wed Mar 04 18:51:15 UTC 2020 /home/travis/build/icyphy/ptII/ptolemy/actor/lib/test/auto/ArrayElement.xml
----------------- Instantiating /home/travis/build/icyphy/ptII/ptolemy/actor/lib/test/auto/ArrayElement.xml
6 ms. Memory: 305152K Free: 183659K (60%)
----------------- Invoking toplevel() on ptolemy.moml.MoMLSimpleApplication@5ed46c21
----------------- Done invoking toplevel() on ptolemy.moml.MoMLSimpleApplication@5ed46c21
reloadAllAccessors: .ArrayElement

===========================================================================================
----------------- testing Wed Mar 04 18:51:15 UTC 2020 /home/travis/build/icyphy/ptII/ptolemy/actor/lib/test/auto/ArrayElementAsMatrix.xml
----------------- Instantiating /home/travis/build/icyphy/ptII/ptolemy/actor/lib/test/auto/ArrayElementAsMatrix.xml
9 ms. Memory: 305152K Free: 173933K (57%)
----------------- Invoking toplevel() on ptolemy.moml.MoMLSimpleApplication@5695a8b2
----------------- Done invoking toplevel() on ptolemy.moml.MoMLSimpleApplication@5695a8b2
reloadAllAccessors: .ArrayElementAsMatrix

===========================================================================================
----------------- testing Wed Mar 04 18:51:15 UTC 2020 /home/travis/build/icyphy/ptII/ptolemy/actor/lib/test/auto/ArrayElementI.xml
----------------- Instantiating /home/travis/build/icyphy/ptII/ptolemy/actor/lib/test/auto/ArrayElementI.xml
2 ms. Memory: 305152K Free: 168299K (55%)
----------------- Invoking toplevel() on ptolemy.moml.MoMLSimpleApplication@3da434c8
----------------- Done invoking toplevel() on ptolemy.moml.MoMLSimpleApplication@3da434c8
reloadAllAccessors: .ArrayElementI

===========================================================================================
----------------- testing Wed Mar 04 18:51:15 UTC 2020 /home/travis/build/icyphy/ptII/ptolemy/actor/lib/test/auto/ArrayExtract.xml
----------------- Instantiating /home/travis/build/icyphy/ptII/ptolemy/actor/lib/test/auto/ArrayExtract.xml
6 ms. Memory: 305152K Free: 160107K (52%)
----------------- Invoking toplevel() on ptolemy.moml.MoMLSimpleApplication@5d743fd0
----------------- Done invoking toplevel() on ptolemy.moml.MoMLSimpleApplication@5d743fd0
reloadAllAccessors: .ArrayExtract

===========================================================================================
----------------- testing Wed Mar 04 18:51:15 UTC 2020 /home/travis/build/icyphy/ptII/ptolemy/actor/lib/test/auto/ArrayExtract2.xml
----------------- Instantiating /home/travis/build/icyphy/ptII/ptolemy/actor/lib/test/auto/ArrayExtract2.xml
2 ms. Memory: 305152K Free: 154477K (51%)
----------------- Invoking toplevel() on ptolemy.moml.MoMLSimpleApplication@16332e1c
----------------- Done invoking toplevel() on ptolemy.moml.MoMLSimpleApplication@16332e1c
reloadAllAccessors: .ArrayExtract2

===========================================================================================
----------------- testing Wed Mar 04 18:51:15 UTC 2020 /home/travis/build/icyphy/ptII/ptolemy/actor/lib/test/auto/ArrayLength.xml
----------------- Instantiating /home/travis/build/icyphy/ptII/ptolemy/actor/lib/test/auto/ArrayLength.xml
1 ms. Memory: 305152K Free: 150891K (49%)
----------------- Invoking toplevel() on ptolemy.moml.MoMLSimpleApplication@59b761d7
----------------- Done invoking toplevel() on ptolemy.moml.MoMLSimpleApplication@59b761d7
reloadAllAccessors: .ArrayLength

===========================================================================================
----------------- testing Wed Mar 04 18:51:15 UTC 2020 /home/travis/build/icyphy/ptII/ptolemy/actor/lib/test/auto/ArrayLevelCrossing.xml
----------------- Instantiating /home/travis/build/icyphy/ptII/ptolemy/actor/lib/test/auto/ArrayLevelCrossing.xml
9 ms. Memory: 305152K Free: 142699K (47%)
----------------- Invoking toplevel() on ptolemy.moml.MoMLSimpleApplication@136c6111
----------------- Done invoking toplevel() on ptolemy.moml.MoMLSimpleApplication@136c6111
reloadAllAccessors: .ArrayLevelCrossing

===========================================================================================
----------------- testing Wed Mar 04 18:51:15 UTC 2020 /home/travis/build/icyphy/ptII/ptolemy/actor/lib/test/auto/ArrayLevelCrossing2.xml
----------------- Instantiating /home/travis/build/icyphy/ptII/ptolemy/actor/lib/test/auto/ArrayLevelCrossing2.xml
2 ms. Memory: 305152K Free: 135516K (44%)
----------------- Invoking toplevel() on ptolemy.moml.MoMLSimpleApplication@c8c03cd
----------------- Done invoking toplevel() on ptolemy.moml.MoMLSimpleApplication@c8c03cd
reloadAllAccessors: .ArrayLevelCrossing2

===========================================================================================
----------------- testing Wed Mar 04 18:51:15 UTC 2020 /home/travis/build/icyphy/ptII/ptolemy/actor/lib/test/auto/ArrayPeakSearch.xml
----------------- Instantiating /home/travis/build/icyphy/ptII/ptolemy/actor/lib/test/auto/ArrayPeakSearch.xml
3 ms. Memory: 305152K Free: 126315K (41%)
----------------- Invoking toplevel() on ptolemy.moml.MoMLSimpleApplication@51d5f1f0
----------------- Done invoking toplevel() on ptolemy.moml.MoMLSimpleApplication@51d5f1f0
reloadAllAccessors: .ArrayPeakSearch

===========================================================================================
----------------- testing Wed Mar 04 18:51:15 UTC 2020 /home/travis/build/icyphy/ptII/ptolemy/actor/lib/test/auto/ArrayPeakSearch2.xml
----------------- Instantiating /home/travis/build/icyphy/ptII/ptolemy/actor/lib/test/auto/ArrayPeakSearch2.xml
4 ms. Memory: 305152K Free: 116044K (38%)
----------------- Invoking toplevel() on ptolemy.moml.MoMLSimpleApplication@2e185e
----------------- Done invoking toplevel() on ptolemy.moml.MoMLSimpleApplication@2e185e
reloadAllAccessors: .ArrayPeakSearch2

===========================================================================================
----------------- testing Wed Mar 04 18:51:15 UTC 2020 /home/travis/build/icyphy/ptII/ptolemy/actor/lib/test/auto/ArrayPeakSearch3.xml
----------------- Instantiating /home/travis/build/icyphy/ptII/ptolemy/actor/lib/test/auto/ArrayPeakSearch3.xml
3 ms. Memory: 305152K Free: 106859K (35%)
----------------- Invoking toplevel() on ptolemy.moml.MoMLSimpleApplication@515dc0b6
----------------- Done invoking toplevel() on ptolemy.moml.MoMLSimpleApplication@515dc0b6
reloadAllAccessors: .ArrayPeakSearch3

===========================================================================================
----------------- testing Wed Mar 04 18:51:15 UTC 2020 /home/travis/build/icyphy/ptII/ptolemy/actor/lib/test/auto/ArrayRemoveElement.xml
----------------- Instantiating /home/travis/build/icyphy/ptII/ptolemy/actor/lib/test/auto/ArrayRemoveElement.xml
3 ms. Memory: 305152K Free: 99181K (33%)
----------------- Invoking toplevel() on ptolemy.moml.MoMLSimpleApplication@7ba707
----------------- Done invoking toplevel() on ptolemy.moml.MoMLSimpleApplication@7ba707
reloadAllAccessors: .ArrayRemoveElement

===========================================================================================
----------------- testing Wed Mar 04 18:51:15 UTC 2020 /home/travis/build/icyphy/ptII/ptolemy/actor/lib/test/auto/ArraySort.xml
----------------- Instantiating /home/travis/build/icyphy/ptII/ptolemy/actor/lib/test/auto/ArraySort.xml
8 ms. Memory: 305152K Free: 89965K (29%)
----------------- Invoking toplevel() on ptolemy.moml.MoMLSimpleApplication@4f29c4f5
----------------- Done invoking toplevel() on ptolemy.moml.MoMLSimpleApplication@4f29c4f5
reloadAllAccessors: .ArraySort

===========================================================================================
----------------- testing Wed Mar 04 18:51:15 UTC 2020 /home/travis/build/icyphy/ptII/ptolemy/actor/lib/test/auto/ArraySum.xml
----------------- Instantiating /home/travis/build/icyphy/ptII/ptolemy/actor/lib/test/auto/ArraySum.xml
5 ms. Memory: 305152K Free: 84845K (28%)
----------------- Invoking toplevel() on ptolemy.moml.MoMLSimpleApplication@28d4fb76
----------------- Done invoking toplevel() on ptolemy.moml.MoMLSimpleApplication@28d4fb76
reloadAllAccessors: .ArraySum

===========================================================================================
----------------- testing Wed Mar 04 18:51:15 UTC 2020 /home/travis/build/icyphy/ptII/ptolemy/actor/lib/test/auto/ArrayToElements.xml
----------------- Instantiating /home/travis/build/icyphy/ptII/ptolemy/actor/lib/test/auto/ArrayToElements.xml
7 ms. Memory: 305152K Free: 79211K (26%)
----------------- Invoking toplevel() on ptolemy.moml.MoMLSimpleApplication@6d1b4ccc
----------------- Done invoking toplevel() on ptolemy.moml.MoMLSimpleApplication@6d1b4ccc
reloadAllAccessors: .ArrayToElements

===========================================================================================
----------------- testing Wed Mar 04 18:51:15 UTC 2020 /home/travis/build/icyphy/ptII/ptolemy/actor/lib/test/auto/ArrayToMatrix.xml
----------------- Instantiating /home/travis/build/icyphy/ptII/ptolemy/actor/lib/test/auto/ArrayToMatrix.xml
6 ms. Memory: 305152K Free: 244589K (80%)
----------------- Invoking toplevel() on ptolemy.moml.MoMLSimpleApplication@58dc0d7c
----------------- Done invoking toplevel() on ptolemy.moml.MoMLSimpleApplication@58dc0d7c
reloadAllAccessors: .ArrayToMatrix

===========================================================================================
----------------- testing Wed Mar 04 18:51:15 UTC 2020 /home/travis/build/icyphy/ptII/ptolemy/actor/lib/test/auto/ArrayUpdate1.xml
----------------- Instantiating /home/travis/build/icyphy/ptII/ptolemy/actor/lib/test/auto/ArrayUpdate1.xml
2 ms. Memory: 305152K Free: 239469K (78%)
----------------- Invoking toplevel() on ptolemy.moml.MoMLSimpleApplication@39e34039
----------------- Done invoking toplevel() on ptolemy.moml.MoMLSimpleApplication@39e34039
reloadAllAccessors: .ArrayUpdate1

===========================================================================================
----------------- testing Wed Mar 04 18:51:15 UTC 2020 /home/travis/build/icyphy/ptII/ptolemy/actor/lib/test/auto/ArrayUpdate2.xml
----------------- Instantiating /home/travis/build/icyphy/ptII/ptolemy/actor/lib/test/auto/ArrayUpdate2.xml
5 ms. Memory: 305152K Free: 233325K (76%)
----------------- Invoking toplevel() on ptolemy.moml.MoMLSimpleApplication@51cf46d4
----------------- Done invoking toplevel() on ptolemy.moml.MoMLSimpleApplication@51cf46d4
reloadAllAccessors: .ArrayUpdate2

===========================================================================================
----------------- testing Wed Mar 04 18:51:16 UTC 2020 /home/travis/build/icyphy/ptII/ptolemy/actor/lib/test/auto/ArrayUpdate3.xml
----------------- Instantiating /home/travis/build/icyphy/ptII/ptolemy/actor/lib/test/auto/ArrayUpdate3.xml
7 ms. Memory: 305152K Free: 228205K (75%)
----------------- Invoking toplevel() on ptolemy.moml.MoMLSimpleApplication@bd5c99d
----------------- Done invoking toplevel() on ptolemy.moml.MoMLSimpleApplication@bd5c99d
reloadAllAccessors: .ArrayUpdate3

===========================================================================================
----------------- testing Wed Mar 04 18:51:16 UTC 2020 /home/travis/build/icyphy/ptII/ptolemy/actor/lib/test/auto/Assert1.xml
----------------- Instantiating /home/travis/build/icyphy/ptII/ptolemy/actor/lib/test/auto/Assert1.xml
8 ms. Memory: 305152K Free: 224109K (73%)
----------------- Invoking toplevel() on ptolemy.moml.MoMLSimpleApplication@474f9256
----------------- Done invoking toplevel() on ptolemy.moml.MoMLSimpleApplication@474f9256
reloadAllAccessors: .Assert1

===========================================================================================
----------------- testing Wed Mar 04 18:51:16 UTC 2020 /home/travis/build/icyphy/ptII/ptolemy/actor/lib/test/auto/Assert2.xml
----------------- Instantiating /home/travis/build/icyphy/ptII/ptolemy/actor/lib/test/auto/Assert2.xml
2 ms. Memory: 305152K Free: 219499K (72%)
----------------- Invoking toplevel() on ptolemy.moml.MoMLSimpleApplication@31cc3d04
----------------- Done invoking toplevel() on ptolemy.moml.MoMLSimpleApplication@31cc3d04
reloadAllAccessors: .Assert2

===========================================================================================
----------------- testing Wed Mar 04 18:51:16 UTC 2020 /home/travis/build/icyphy/ptII/ptolemy/actor/lib/test/auto/BooleanMultiplexor.xml
----------------- Instantiating /home/travis/build/icyphy/ptII/ptolemy/actor/lib/test/auto/BooleanMultiplexor.xml
2 ms. Memory: 305152K Free: 213869K (70%)
----------------- Invoking toplevel() on ptolemy.moml.MoMLSimpleApplication@59f3fc95
----------------- Done invoking toplevel() on ptolemy.moml.MoMLSimpleApplication@59f3fc95
reloadAllAccessors: .BooleanMultiplexor

===========================================================================================
----------------- testing Wed Mar 04 18:51:16 UTC 2020 /home/travis/build/icyphy/ptII/ptolemy/actor/lib/test/auto/BooleanMultiplexor2.xml
----------------- Instantiating /home/travis/build/icyphy/ptII/ptolemy/actor/lib/test/auto/BooleanMultiplexor2.xml
10 ms. Memory: 305152K Free: 207211K (68%)
----------------- Invoking toplevel() on ptolemy.moml.MoMLSimpleApplication@180ed466
----------------- Done invoking toplevel() on ptolemy.moml.MoMLSimpleApplication@180ed466
reloadAllAccessors: .BooleanMultiplexor2

===========================================================================================
----------------- testing Wed Mar 04 18:51:16 UTC 2020 /home/travis/build/icyphy/ptII/ptolemy/actor/lib/test/auto/BooleanMultiplexor3.xml
----------------- Instantiating /home/travis/build/icyphy/ptII/ptolemy/actor/lib/test/auto/BooleanMultiplexor3.xml
3 ms. Memory: 305152K Free: 203629K (67%)
----------------- Invoking toplevel() on ptolemy.moml.MoMLSimpleApplication@3626883d
----------------- Done invoking toplevel() on ptolemy.moml.MoMLSimpleApplication@3626883d
reloadAllAccessors: .BooleanMultiplexor3

===========================================================================================
----------------- testing Wed Mar 04 18:51:16 UTC 2020 /home/travis/build/icyphy/ptII/ptolemy/actor/lib/test/auto/BooleanSelect.xml
----------------- Instantiating /home/travis/build/icyphy/ptII/ptolemy/actor/lib/test/auto/BooleanSelect.xml
9 ms. Memory: 305152K Free: 197485K (65%)
----------------- Invoking toplevel() on ptolemy.moml.MoMLSimpleApplication@7d361c84
----------------- Done invoking toplevel() on ptolemy.moml.MoMLSimpleApplication@7d361c84
reloadAllAccessors: .BooleanSelect

===========================================================================================
----------------- testing Wed Mar 04 18:51:16 UTC 2020 /home/travis/build/icyphy/ptII/ptolemy/actor/lib/test/auto/BooleanSelect2.xml
----------------- Instantiating /home/travis/build/icyphy/ptII/ptolemy/actor/lib/test/auto/BooleanSelect2.xml
1 ms. Memory: 305152K Free: 193389K (63%)
----------------- Invoking toplevel() on ptolemy.moml.MoMLSimpleApplication@7fb95745
----------------- Done invoking toplevel() on ptolemy.moml.MoMLSimpleApplication@7fb95745
reloadAllAccessors: .BooleanSelect2

===========================================================================================
----------------- testing Wed Mar 04 18:51:16 UTC 2020 /home/travis/build/icyphy/ptII/ptolemy/actor/lib/test/auto/BooleanSwitch.xml
----------------- Instantiating /home/travis/build/icyphy/ptII/ptolemy/actor/lib/test/auto/BooleanSwitch.xml
7 ms. Memory: 305152K Free: 187245K (61%)
----------------- Invoking toplevel() on ptolemy.moml.MoMLSimpleApplication@2f6f50fe
----------------- Done invoking toplevel() on ptolemy.moml.MoMLSimpleApplication@2f6f50fe
reloadAllAccessors: .BooleanSwitch

===========================================================================================
----------------- testing Wed Mar 04 18:51:16 UTC 2020 /home/travis/build/icyphy/ptII/ptolemy/actor/lib/test/auto/BooleanSwitch2.xml
----------------- Instantiating /home/travis/build/icyphy/ptII/ptolemy/actor/lib/test/auto/BooleanSwitch2.xml
1 ms. Memory: 305152K Free: 183149K (60%)
----------------- Invoking toplevel() on ptolemy.moml.MoMLSimpleApplication@906bfc4
----------------- Done invoking toplevel() on ptolemy.moml.MoMLSimpleApplication@906bfc4
reloadAllAccessors: .BooleanSwitch2

===========================================================================================
----------------- testing Wed Mar 04 18:51:16 UTC 2020 /home/travis/build/icyphy/ptII/ptolemy/actor/lib/test/auto/BooleanSwitchCloningBugWithClassRelationGroup.xml
----------------- Instantiating /home/travis/build/icyphy/ptII/ptolemy/actor/lib/test/auto/BooleanSwitchCloningBugWithClassRelationGroup.xml
2 ms. Memory: 305152K Free: 176491K (58%)
----------------- Invoking toplevel() on ptolemy.moml.MoMLSimpleApplication@50975704
----------------- Done invoking toplevel() on ptolemy.moml.MoMLSimpleApplication@50975704
reloadAllAccessors: .BooleanSwitchCloningBugWithClassRelationGroup

===========================================================================================
----------------- testing Wed Mar 04 18:51:16 UTC 2020 /home/travis/build/icyphy/ptII/ptolemy/actor/lib/test/auto/BusActors.xml
----------------- Instantiating /home/travis/build/icyphy/ptII/ptolemy/actor/lib/test/auto/BusActors.xml
7 ms. Memory: 305152K Free: 168813K (55%)
----------------- Invoking toplevel() on ptolemy.moml.MoMLSimpleApplication@2a7728a4
----------------- Done invoking toplevel() on ptolemy.moml.MoMLSimpleApplication@2a7728a4
reloadAllAccessors: .BusActors

===========================================================================================
----------------- testing Wed Mar 04 18:51:16 UTC 2020 /home/travis/build/icyphy/ptII/ptolemy/actor/lib/test/auto/ClassWrapper.xml
----------------- Instantiating /home/travis/build/icyphy/ptII/ptolemy/actor/lib/test/auto/ClassWrapper.xml
4 ms. Memory: 305152K Free: 164203K (54%)
----------------- Invoking toplevel() on ptolemy.moml.MoMLSimpleApplication@23f49deb
----------------- Done invoking toplevel() on ptolemy.moml.MoMLSimpleApplication@23f49deb
reloadAllAccessors: .ClassWrapper

===========================================================================================
----------------- testing Wed Mar 04 18:51:16 UTC 2020 /home/travis/build/icyphy/ptII/ptolemy/actor/lib/test/auto/Clock.xml
----------------- Instantiating /home/travis/build/icyphy/ptII/ptolemy/actor/lib/test/auto/Clock.xml
2 ms. Memory: 305152K Free: 160621K (53%)
----------------- Invoking toplevel() on ptolemy.moml.MoMLSimpleApplication@69c32f67
----------------- Done invoking toplevel() on ptolemy.moml.MoMLSimpleApplication@69c32f67
reloadAllAccessors: .Clock

===========================================================================================
----------------- testing Wed Mar 04 18:51:16 UTC 2020 /home/travis/build/icyphy/ptII/ptolemy/actor/lib/test/auto/Clock10.xml
----------------- Instantiating /home/travis/build/icyphy/ptII/ptolemy/actor/lib/test/auto/Clock10.xml
3 ms. Memory: 305152K Free: 154477K (51%)
----------------- Invoking toplevel() on ptolemy.moml.MoMLSimpleApplication@3036ff3f
----------------- Done invoking toplevel() on ptolemy.moml.MoMLSimpleApplication@3036ff3f
reloadAllAccessors: .Clock10

===========================================================================================
----------------- testing Wed Mar 04 18:51:16 UTC 2020 /home/travis/build/icyphy/ptII/ptolemy/actor/lib/test/auto/Clock11.xml
----------------- Instantiating /home/travis/build/icyphy/ptII/ptolemy/actor/lib/test/auto/Clock11.xml
4 ms. Memory: 305152K Free: 148843K (49%)
----------------- Invoking toplevel() on ptolemy.moml.MoMLSimpleApplication@324d71e9
----------------- Done invoking toplevel() on ptolemy.moml.MoMLSimpleApplication@324d71e9
reloadAllAccessors: .Clock11

===========================================================================================
----------------- testing Wed Mar 04 18:51:16 UTC 2020 /home/travis/build/icyphy/ptII/ptolemy/actor/lib/test/auto/Clock12.xml
----------------- Instantiating /home/travis/build/icyphy/ptII/ptolemy/actor/lib/test/auto/Clock12.xml
4 ms. Memory: 305152K Free: 142699K (47%)
----------------- Invoking toplevel() on ptolemy.moml.MoMLSimpleApplication@5355f86d
----------------- Done invoking toplevel() on ptolemy.moml.MoMLSimpleApplication@5355f86d
reloadAllAccessors: .Clock12

===========================================================================================
----------------- testing Wed Mar 04 18:51:16 UTC 2020 /home/travis/build/icyphy/ptII/ptolemy/actor/lib/test/auto/Clock13.xml
----------------- Instantiating /home/travis/build/icyphy/ptII/ptolemy/actor/lib/test/auto/Clock13.xml
7 ms. Memory: 305152K Free: 137069K (45%)
----------------- Invoking toplevel() on ptolemy.moml.MoMLSimpleApplication@48296cc7
----------------- Done invoking toplevel() on ptolemy.moml.MoMLSimpleApplication@48296cc7
reloadAllAccessors: .Clock13

===========================================================================================
----------------- testing Wed Mar 04 18:51:16 UTC 2020 /home/travis/build/icyphy/ptII/ptolemy/actor/lib/test/auto/Clock14.xml
----------------- Instantiating /home/travis/build/icyphy/ptII/ptolemy/actor/lib/test/auto/Clock14.xml
3 ms. Memory: 305152K Free: 130925K (43%)
----------------- Invoking toplevel() on ptolemy.moml.MoMLSimpleApplication@ea02189
----------------- Done invoking toplevel() on ptolemy.moml.MoMLSimpleApplication@ea02189
reloadAllAccessors: .Clock14

===========================================================================================
----------------- testing Wed Mar 04 18:51:16 UTC 2020 /home/travis/build/icyphy/ptII/ptolemy/actor/lib/test/auto/Clock15.xml
----------------- Instantiating /home/travis/build/icyphy/ptII/ptolemy/actor/lib/test/auto/Clock15.xml
5 ms. Memory: 305152K Free: 124781K (41%)
----------------- Invoking toplevel() on ptolemy.moml.MoMLSimpleApplication@535c0e59
----------------- Done invoking toplevel() on ptolemy.moml.MoMLSimpleApplication@535c0e59
reloadAllAccessors: .Clock15

===========================================================================================
----------------- testing Wed Mar 04 18:51:16 UTC 2020 /home/travis/build/icyphy/ptII/ptolemy/actor/lib/test/auto/Clock16.xml
----------------- Instantiating /home/travis/build/icyphy/ptII/ptolemy/actor/lib/test/auto/Clock16.xml
28 ms. Memory: 305152K Free: 110445K (36%)
----------------- Invoking toplevel() on ptolemy.moml.MoMLSimpleApplication@7ef8d0ee
----------------- Done invoking toplevel() on ptolemy.moml.MoMLSimpleApplication@7ef8d0ee
reloadAllAccessors: .Clock16

===========================================================================================
----------------- testing Wed Mar 04 18:51:16 UTC 2020 /home/travis/build/icyphy/ptII/ptolemy/actor/lib/test/auto/Clock17.xml
----------------- Instantiating /home/travis/build/icyphy/ptII/ptolemy/actor/lib/test/auto/Clock17.xml
24 ms. Memory: 305152K Free: 96109K (31%)
----------------- Invoking toplevel() on ptolemy.moml.MoMLSimpleApplication@298cae71
----------------- Done invoking toplevel() on ptolemy.moml.MoMLSimpleApplication@298cae71
reloadAllAccessors: .Clock17

===========================================================================================
----------------- testing Wed Mar 04 18:51:16 UTC 2020 /home/travis/build/icyphy/ptII/ptolemy/actor/lib/test/auto/Clock18.xml
----------------- Instantiating /home/travis/build/icyphy/ptII/ptolemy/actor/lib/test/auto/Clock18.xml
21 ms. Memory: 305152K Free: 82797K (27%)
----------------- Invoking toplevel() on ptolemy.moml.MoMLSimpleApplication@50b127c0
----------------- Done invoking toplevel() on ptolemy.moml.MoMLSimpleApplication@50b127c0
reloadAllAccessors: .Clock18

===========================================================================================
----------------- testing Wed Mar 04 18:51:16 UTC 2020 /home/travis/build/icyphy/ptII/ptolemy/actor/lib/test/auto/Clock19.xml
----------------- Instantiating /home/travis/build/icyphy/ptII/ptolemy/actor/lib/test/auto/Clock19.xml
15 ms. Memory: 522240K Free: 465376K (89%)
----------------- Invoking toplevel() on ptolemy.moml.MoMLSimpleApplication@72fd3447
----------------- Done invoking toplevel() on ptolemy.moml.MoMLSimpleApplication@72fd3447
reloadAllAccessors: .Clock19

===========================================================================================
----------------- testing Wed Mar 04 18:51:16 UTC 2020 /home/travis/build/icyphy/ptII/ptolemy/actor/lib/test/auto/Clock2.xml
----------------- Instantiating /home/travis/build/icyphy/ptII/ptolemy/actor/lib/test/auto/Clock2.xml
6 ms. Memory: 522240K Free: 460752K (88%)
----------------- Invoking toplevel() on ptolemy.moml.MoMLSimpleApplication@217bffde
----------------- Done invoking toplevel() on ptolemy.moml.MoMLSimpleApplication@217bffde
reloadAllAccessors: .Clock2

===========================================================================================
----------------- testing Wed Mar 04 18:51:16 UTC 2020 /home/travis/build/icyphy/ptII/ptolemy/actor/lib/test/auto/Clock20.xml
----------------- Instantiating /home/travis/build/icyphy/ptII/ptolemy/actor/lib/test/auto/Clock20.xml
8 ms. Memory: 522240K Free: 455136K (87%)
----------------- Invoking toplevel() on ptolemy.moml.MoMLSimpleApplication@c4a8fca
----------------- Done invoking toplevel() on ptolemy.moml.MoMLSimpleApplication@c4a8fca
reloadAllAccessors: .Clock20

===========================================================================================
----------------- testing Wed Mar 04 18:51:16 UTC 2020 /home/travis/build/icyphy/ptII/ptolemy/actor/lib/test/auto/Clock21.xml
----------------- Instantiating /home/travis/build/icyphy/ptII/ptolemy/actor/lib/test/auto/Clock21.xml
8 ms. Memory: 522240K Free: 450016K (86%)
----------------- Invoking toplevel() on ptolemy.moml.MoMLSimpleApplication@2e766dba
----------------- Done invoking toplevel() on ptolemy.moml.MoMLSimpleApplication@2e766dba
reloadAllAccessors: .Clock21

===========================================================================================
----------------- testing Wed Mar 04 18:51:16 UTC 2020 /home/travis/build/icyphy/ptII/ptolemy/actor/lib/test/auto/Clock22.xml
----------------- Instantiating /home/travis/build/icyphy/ptII/ptolemy/actor/lib/test/auto/Clock22.xml
5 ms. Memory: 522240K Free: 444382K (85%)
----------------- Invoking toplevel() on ptolemy.moml.MoMLSimpleApplication@7b9f8c06
----------------- Done invoking toplevel() on ptolemy.moml.MoMLSimpleApplication@7b9f8c06
reloadAllAccessors: .Clock22

===========================================================================================
----------------- testing Wed Mar 04 18:51:16 UTC 2020 /home/travis/build/icyphy/ptII/ptolemy/actor/lib/test/auto/Clock23.xml
----------------- Instantiating /home/travis/build/icyphy/ptII/ptolemy/actor/lib/test/auto/Clock23.xml
5 ms. Memory: 522240K Free: 439262K (84%)
----------------- Invoking toplevel() on ptolemy.moml.MoMLSimpleApplication@bc75790
----------------- Done invoking toplevel() on ptolemy.moml.MoMLSimpleApplication@bc75790
reloadAllAccessors: .Clock23

===========================================================================================
----------------- testing Wed Mar 04 18:51:16 UTC 2020 /home/travis/build/icyphy/ptII/ptolemy/actor/lib/test/auto/Clock24.xml
----------------- Instantiating /home/travis/build/icyphy/ptII/ptolemy/actor/lib/test/auto/Clock24.xml
4 ms. Memory: 522240K Free: 433632K (83%)
----------------- Invoking toplevel() on ptolemy.moml.MoMLSimpleApplication@205d3933
----------------- Done invoking toplevel() on ptolemy.moml.MoMLSimpleApplication@205d3933
reloadAllAccessors: .Clock24

===========================================================================================
----------------- testing Wed Mar 04 18:51:16 UTC 2020 /home/travis/build/icyphy/ptII/ptolemy/actor/lib/test/auto/Clock4.xml
----------------- Instantiating /home/travis/build/icyphy/ptII/ptolemy/actor/lib/test/auto/Clock4.xml
2 ms. Memory: 522240K Free: 428992K (82%)
----------------- Invoking toplevel() on ptolemy.moml.MoMLSimpleApplication@39d149fe
----------------- Done invoking toplevel() on ptolemy.moml.MoMLSimpleApplication@39d149fe
reloadAllAccessors: .Clock4

===========================================================================================
----------------- testing Wed Mar 04 18:51:16 UTC 2020 /home/travis/build/icyphy/ptII/ptolemy/actor/lib/test/auto/Clock5.xml
----------------- Instantiating /home/travis/build/icyphy/ptII/ptolemy/actor/lib/test/auto/Clock5.xml
4 ms. Memory: 522240K Free: 423392K (81%)
----------------- Invoking toplevel() on ptolemy.moml.MoMLSimpleApplication@1350d734
----------------- Done invoking toplevel() on ptolemy.moml.MoMLSimpleApplication@1350d734
reloadAllAccessors: .Clock5

===========================================================================================
----------------- testing Wed Mar 04 18:51:16 UTC 2020 /home/travis/build/icyphy/ptII/ptolemy/actor/lib/test/auto/Clock6.xml
----------------- Instantiating /home/travis/build/icyphy/ptII/ptolemy/actor/lib/test/auto/Clock6.xml
1 ms. Memory: 522240K Free: 419296K (80%)
----------------- Invoking toplevel() on ptolemy.moml.MoMLSimpleApplication@64b1c868
----------------- Done invoking toplevel() on ptolemy.moml.MoMLSimpleApplication@64b1c868
reloadAllAccessors: .Clock6

===========================================================================================
----------------- testing Wed Mar 04 18:51:16 UTC 2020 /home/travis/build/icyphy/ptII/ptolemy/actor/lib/test/auto/Clock7.xml
----------------- Instantiating /home/travis/build/icyphy/ptII/ptolemy/actor/lib/test/auto/Clock7.xml
1 ms. Memory: 522240K Free: 414686K (79%)
----------------- Invoking toplevel() on ptolemy.moml.MoMLSimpleApplication@7b43b0f6
----------------- Done invoking toplevel() on ptolemy.moml.MoMLSimpleApplication@7b43b0f6
reloadAllAccessors: .Clock7

===========================================================================================
----------------- testing Wed Mar 04 18:51:16 UTC 2020 /home/travis/build/icyphy/ptII/ptolemy/actor/lib/test/auto/Clock8.xml
----------------- Instantiating /home/travis/build/icyphy/ptII/ptolemy/actor/lib/test/auto/Clock8.xml
5 ms. Memory: 522240K Free: 409560K (78%)
----------------- Invoking toplevel() on ptolemy.moml.MoMLSimpleApplication@d8908e5
----------------- Done invoking toplevel() on ptolemy.moml.MoMLSimpleApplication@d8908e5
reloadAllAccessors: .Clock8

===========================================================================================
----------------- testing Wed Mar 04 18:51:16 UTC 2020 /home/travis/build/icyphy/ptII/ptolemy/actor/lib/test/auto/Clock9.xml
----------------- Instantiating /home/travis/build/icyphy/ptII/ptolemy/actor/lib/test/auto/Clock9.xml
5 ms. Memory: 522240K Free: 403936K (77%)
----------------- Invoking toplevel() on ptolemy.moml.MoMLSimpleApplication@5756c0f7
----------------- Done invoking toplevel() on ptolemy.moml.MoMLSimpleApplication@5756c0f7
reloadAllAccessors: .Clock9

===========================================================================================
----------------- testing Wed Mar 04 18:51:16 UTC 2020 /home/travis/build/icyphy/ptII/ptolemy/actor/lib/test/auto/CommDistDiscard.xml
----------------- Instantiating /home/travis/build/icyphy/ptII/ptolemy/actor/lib/test/auto/CommDistDiscard.xml
4 ms. Memory: 522240K Free: 398816K (76%)
----------------- Invoking toplevel() on ptolemy.moml.MoMLSimpleApplication@33f77f28
----------------- Done invoking toplevel() on ptolemy.moml.MoMLSimpleApplication@33f77f28
reloadAllAccessors: .CommDistDiscard

===========================================================================================
----------------- testing Wed Mar 04 18:51:16 UTC 2020 /home/travis/build/icyphy/ptII/ptolemy/actor/lib/test/auto/Commutator.xml
----------------- Instantiating /home/travis/build/icyphy/ptII/ptolemy/actor/lib/test/auto/Commutator.xml
2 ms. Memory: 522240K Free: 394206K (75%)
----------------- Invoking toplevel() on ptolemy.moml.MoMLSimpleApplication@33fb0196
----------------- Done invoking toplevel() on ptolemy.moml.MoMLSimpleApplication@33fb0196
reloadAllAccessors: .Commutator

===========================================================================================
----------------- testing Wed Mar 04 18:51:16 UTC 2020 /home/travis/build/icyphy/ptII/ptolemy/actor/lib/test/auto/Commutator2.xml
----------------- Instantiating /home/travis/build/icyphy/ptII/ptolemy/actor/lib/test/auto/Commutator2.xml
2 ms. Memory: 522240K Free: 389600K (75%)
----------------- Invoking toplevel() on ptolemy.moml.MoMLSimpleApplication@2a85c21a
----------------- Done invoking toplevel() on ptolemy.moml.MoMLSimpleApplication@2a85c21a
reloadAllAccessors: .Commutator2

===========================================================================================
----------------- testing Wed Mar 04 18:51:16 UTC 2020 /home/travis/build/icyphy/ptII/ptolemy/actor/lib/test/auto/Commutator3.xml
----------------- Instantiating /home/travis/build/icyphy/ptII/ptolemy/actor/lib/test/auto/Commutator3.xml
1 ms. Memory: 522240K Free: 385504K (74%)
----------------- Invoking toplevel() on ptolemy.moml.MoMLSimpleApplication@163a857d
----------------- Done invoking toplevel() on ptolemy.moml.MoMLSimpleApplication@163a857d
reloadAllAccessors: .Commutator3

===========================================================================================
----------------- testing Wed Mar 04 18:51:17 UTC 2020 /home/travis/build/icyphy/ptII/ptolemy/actor/lib/test/auto/Compare.xml
----------------- Instantiating /home/travis/build/icyphy/ptII/ptolemy/actor/lib/test/auto/Compare.xml
2 ms. Memory: 522240K Free: 378846K (73%)
----------------- Invoking toplevel() on ptolemy.moml.MoMLSimpleApplication@2a1bfec0
----------------- Done invoking toplevel() on ptolemy.moml.MoMLSimpleApplication@2a1bfec0
reloadAllAccessors: .Compare

===========================================================================================
----------------- testing Wed Mar 04 18:51:17 UTC 2020 /home/travis/build/icyphy/ptII/ptolemy/actor/lib/test/auto/CompareDE.xml
----------------- Instantiating /home/travis/build/icyphy/ptII/ptolemy/actor/lib/test/auto/CompareDE.xml
6 ms. Memory: 522240K Free: 372192K (71%)
----------------- Invoking toplevel() on ptolemy.moml.MoMLSimpleApplication@4b9673c8
----------------- Done invoking toplevel() on ptolemy.moml.MoMLSimpleApplication@4b9673c8
reloadAllAccessors: .CompareDE

===========================================================================================
----------------- testing Wed Mar 04 18:51:17 UTC 2020 /home/travis/build/icyphy/ptII/ptolemy/actor/lib/test/auto/ComplexDivide.xml
----------------- Instantiating /home/travis/build/icyphy/ptII/ptolemy/actor/lib/test/auto/ComplexDivide.xml
1 ms. Memory: 522240K Free: 368096K (70%)
----------------- Invoking toplevel() on ptolemy.moml.MoMLSimpleApplication@7b705d57
----------------- Done invoking toplevel() on ptolemy.moml.MoMLSimpleApplication@7b705d57
reloadAllAccessors: .ComplexDivide

===========================================================================================
----------------- testing Wed Mar 04 18:51:17 UTC 2020 /home/travis/build/icyphy/ptII/ptolemy/actor/lib/test/auto/ComputeHistogram.xml
----------------- Instantiating /home/travis/build/icyphy/ptII/ptolemy/actor/lib/test/auto/ComputeHistogram.xml
32 ms. Memory: 522240K Free: 355808K (68%)
----------------- Invoking toplevel() on ptolemy.moml.MoMLSimpleApplication@16a688e9
----------------- Done invoking toplevel() on ptolemy.moml.MoMLSimpleApplication@16a688e9
reloadAllAccessors: .ComputeHistogram

===========================================================================================
----------------- testing Wed Mar 04 18:51:17 UTC 2020 /home/travis/build/icyphy/ptII/ptolemy/actor/lib/test/auto/ConfigurationSelect.xml
----------------- Instantiating /home/travis/build/icyphy/ptII/ptolemy/actor/lib/test/auto/ConfigurationSelect.xml
8 ms. Memory: 522240K Free: 350144K (67%)
----------------- Invoking toplevel() on ptolemy.moml.MoMLSimpleApplication@7a15007e
----------------- Done invoking toplevel() on ptolemy.moml.MoMLSimpleApplication@7a15007e
reloadAllAccessors: .ConfigurationSelect

===========================================================================================
----------------- testing Wed Mar 04 18:51:17 UTC 2020 /home/travis/build/icyphy/ptII/ptolemy/actor/lib/test/auto/ConfigurationSelect2.xml
----------------- Instantiating /home/travis/build/icyphy/ptII/ptolemy/actor/lib/test/auto/ConfigurationSelect2.xml
2 ms. Memory: 522240K Free: 345568K (66%)
----------------- Invoking toplevel() on ptolemy.moml.MoMLSimpleApplication@4e99aaac
----------------- Done invoking toplevel() on ptolemy.moml.MoMLSimpleApplication@4e99aaac
reloadAllAccessors: .ConfigurationSelect2

===========================================================================================
----------------- testing Wed Mar 04 18:51:17 UTC 2020 /home/travis/build/icyphy/ptII/ptolemy/actor/lib/test/auto/ConfigurationSwitch.xml
----------------- Instantiating /home/travis/build/icyphy/ptII/ptolemy/actor/lib/test/auto/ConfigurationSwitch.xml
2 ms. Memory: 522240K Free: 340448K (65%)
----------------- Invoking toplevel() on ptolemy.moml.MoMLSimpleApplication@609dbc48
----------------- Done invoking toplevel() on ptolemy.moml.MoMLSimpleApplication@609dbc48
reloadAllAccessors: .ConfigurationSwitch

===========================================================================================
----------------- testing Wed Mar 04 18:51:17 UTC 2020 /home/travis/build/icyphy/ptII/ptolemy/actor/lib/test/auto/ConfigurationSwitch2.xml
----------------- Instantiating /home/travis/build/icyphy/ptII/ptolemy/actor/lib/test/auto/ConfigurationSwitch2.xml
3 ms. Memory: 522240K Free: 334814K (64%)
----------------- Invoking toplevel() on ptolemy.moml.MoMLSimpleApplication@325f1e0a
----------------- Done invoking toplevel() on ptolemy.moml.MoMLSimpleApplication@325f1e0a
reloadAllAccessors: .ConfigurationSwitch2

===========================================================================================
----------------- testing Wed Mar 04 18:51:17 UTC 2020 /home/travis/build/icyphy/ptII/ptolemy/actor/lib/test/auto/ConfigurationSwitchCloningBugWithClassRelationGroup.xml
----------------- Instantiating /home/travis/build/icyphy/ptII/ptolemy/actor/lib/test/auto/ConfigurationSwitchCloningBugWithClassRelationGroup.xml
2 ms. Memory: 522240K Free: 328160K (63%)
----------------- Invoking toplevel() on ptolemy.moml.MoMLSimpleApplication@4957255e
----------------- Done invoking toplevel() on ptolemy.moml.MoMLSimpleApplication@4957255e
reloadAllAccessors: .ConfigurationSwitchCloningBugWithClassRelationGroup

===========================================================================================
----------------- testing Wed Mar 04 18:51:17 UTC 2020 /home/travis/build/icyphy/ptII/ptolemy/actor/lib/test/auto/ConfigurationSwitchSelectSDF.xml
----------------- Instantiating /home/travis/build/icyphy/ptII/ptolemy/actor/lib/test/auto/ConfigurationSwitchSelectSDF.xml
2 ms. Memory: 522240K Free: 322526K (62%)
----------------- Invoking toplevel() on ptolemy.moml.MoMLSimpleApplication@4f96ab72
----------------- Done invoking toplevel() on ptolemy.moml.MoMLSimpleApplication@4f96ab72
reloadAllAccessors: .ConfigurationSwitchSelectSDF

===========================================================================================
----------------- testing Wed Mar 04 18:51:17 UTC 2020 /home/travis/build/icyphy/ptII/ptolemy/actor/lib/test/auto/ConfigurationSwitchSelectSDF2.xml
----------------- Instantiating /home/travis/build/icyphy/ptII/ptolemy/actor/lib/test/auto/ConfigurationSwitchSelectSDF2.xml
2 ms. Memory: 522240K Free: 316896K (61%)
----------------- Invoking toplevel() on ptolemy.moml.MoMLSimpleApplication@2362dc51
----------------- Done invoking toplevel() on ptolemy.moml.MoMLSimpleApplication@2362dc51
reloadAllAccessors: .ConfigurationSwitchSelectSDF2

===========================================================================================
----------------- testing Wed Mar 04 18:51:17 UTC 2020 /home/travis/build/icyphy/ptII/ptolemy/actor/lib/test/auto/Const.xml
----------------- Instantiating /home/travis/build/icyphy/ptII/ptolemy/actor/lib/test/auto/Const.xml
1 ms. Memory: 522240K Free: 313310K (60%)
----------------- Invoking toplevel() on ptolemy.moml.MoMLSimpleApplication@458f2390
----------------- Done invoking toplevel() on ptolemy.moml.MoMLSimpleApplication@458f2390
reloadAllAccessors: .Const

===========================================================================================
----------------- testing Wed Mar 04 18:51:17 UTC 2020 /home/travis/build/icyphy/ptII/ptolemy/actor/lib/test/auto/Const2.xml
----------------- Instantiating /home/travis/build/icyphy/ptII/ptolemy/actor/lib/test/auto/Const2.xml
2 ms. Memory: 522240K Free: 309214K (59%)
----------------- Invoking toplevel() on ptolemy.moml.MoMLSimpleApplication@289d2026
----------------- Done invoking toplevel() on ptolemy.moml.MoMLSimpleApplication@289d2026
reloadAllAccessors: .Const2

===========================================================================================
----------------- testing Wed Mar 04 18:51:17 UTC 2020 /home/travis/build/icyphy/ptII/ptolemy/actor/lib/test/auto/Const3.xml
----------------- Instantiating /home/travis/build/icyphy/ptII/ptolemy/actor/lib/test/auto/Const3.xml
1 ms. Memory: 522240K Free: 306656K (59%)
----------------- Invoking toplevel() on ptolemy.moml.MoMLSimpleApplication@6888fe98
----------------- Done invoking toplevel() on ptolemy.moml.MoMLSimpleApplication@6888fe98
reloadAllAccessors: .Const3

===========================================================================================
----------------- testing Wed Mar 04 18:51:17 UTC 2020 /home/travis/build/icyphy/ptII/ptolemy/actor/lib/test/auto/ConstantPublisherPort1.xml
----------------- Instantiating /home/travis/build/icyphy/ptII/ptolemy/actor/lib/test/auto/ConstantPublisherPort1.xml
6 ms. Memory: 522240K Free: 297950K (57%)
----------------- Invoking toplevel() on ptolemy.moml.MoMLSimpleApplication@7fd18882
----------------- Done invoking toplevel() on ptolemy.moml.MoMLSimpleApplication@7fd18882
reloadAllAccessors: .ConstantPublisherPort1

===========================================================================================
----------------- testing Wed Mar 04 18:51:17 UTC 2020 /home/travis/build/icyphy/ptII/ptolemy/actor/lib/test/auto/ConstantPublisherPort2.xml
----------------- Instantiating /home/travis/build/icyphy/ptII/ptolemy/actor/lib/test/auto/ConstantPublisherPort2.xml
4 ms. Memory: 522240K Free: 290272K (56%)
----------------- Invoking toplevel() on ptolemy.moml.MoMLSimpleApplication@fa88f99
----------------- Done invoking toplevel() on ptolemy.moml.MoMLSimpleApplication@fa88f99
reloadAllAccessors: .ConstantPublisherPort2

===========================================================================================
----------------- testing Wed Mar 04 18:51:17 UTC 2020 /home/travis/build/icyphy/ptII/ptolemy/actor/lib/test/auto/ConstantPublisherPort3.xml
----------------- Instantiating /home/travis/build/icyphy/ptII/ptolemy/actor/lib/test/auto/ConstantPublisherPort3.xml
5 ms. Memory: 522240K Free: 282590K (54%)
----------------- Invoking toplevel() on ptolemy.moml.MoMLSimpleApplication@60137f5
----------------- Done invoking toplevel() on ptolemy.moml.MoMLSimpleApplication@60137f5
reloadAllAccessors: .ConstantPublisherPort3

===========================================================================================
----------------- testing Wed Mar 04 18:51:17 UTC 2020 /home/travis/build/icyphy/ptII/ptolemy/actor/lib/test/auto/ConstantPublisherPort4.xml
----------------- Instantiating /home/travis/build/icyphy/ptII/ptolemy/actor/lib/test/auto/ConstantPublisherPort4.xml
3 ms. Memory: 522240K Free: 275422K (53%)
----------------- Invoking toplevel() on ptolemy.moml.MoMLSimpleApplication@60b00fdf
----------------- Done invoking toplevel() on ptolemy.moml.MoMLSimpleApplication@60b00fdf
reloadAllAccessors: .ConstantPublisherPort4

===========================================================================================
----------------- testing Wed Mar 04 18:51:17 UTC 2020 /home/travis/build/icyphy/ptII/ptolemy/actor/lib/test/auto/ConstantPublisherPort5.xml
----------------- Instantiating /home/travis/build/icyphy/ptII/ptolemy/actor/lib/test/auto/ConstantPublisherPort5.xml
30 ms. Memory: 522240K Free: 266206K (51%)
----------------- Invoking toplevel() on ptolemy.moml.MoMLSimpleApplication@7c070ca0
----------------- Done invoking toplevel() on ptolemy.moml.MoMLSimpleApplication@7c070ca0
reloadAllAccessors: .ConstantPublisherPort5

===========================================================================================
----------------- testing Wed Mar 04 18:51:17 UTC 2020 /home/travis/build/icyphy/ptII/ptolemy/actor/lib/test/auto/ConstantPublisherPort6.xml
----------------- Instantiating /home/travis/build/icyphy/ptII/ptolemy/actor/lib/test/auto/ConstantPublisherPort6.xml
15 ms. Memory: 522240K Free: 256990K (49%)
----------------- Invoking toplevel() on ptolemy.moml.MoMLSimpleApplication@3f98f99c
----------------- Done invoking toplevel() on ptolemy.moml.MoMLSimpleApplication@3f98f99c
reloadAllAccessors: .ConstantPublisherPort6

===========================================================================================
----------------- testing Wed Mar 04 18:51:17 UTC 2020 /home/travis/build/icyphy/ptII/ptolemy/actor/lib/test/auto/ConstantPublisherPort7.xml
----------------- Instantiating /home/travis/build/icyphy/ptII/ptolemy/actor/lib/test/auto/ConstantPublisherPort7.xml
21 ms. Memory: 522240K Free: 247774K (47%)
----------------- Invoking toplevel() on ptolemy.moml.MoMLSimpleApplication@3e98a21e
----------------- Done invoking toplevel() on ptolemy.moml.MoMLSimpleApplication@3e98a21e
reloadAllAccessors: .ConstantPublisherPort7

===========================================================================================
----------------- testing Wed Mar 04 18:51:17 UTC 2020 /home/travis/build/icyphy/ptII/ptolemy/actor/lib/test/auto/ConstraintMonitor1.xml
----------------- Instantiating /home/travis/build/icyphy/ptII/ptolemy/actor/lib/test/auto/ConstraintMonitor1.xml
5 ms. Memory: 522240K Free: 242144K (46%)
----------------- Invoking toplevel() on ptolemy.moml.MoMLSimpleApplication@ea31c0d
----------------- Done invoking toplevel() on ptolemy.moml.MoMLSimpleApplication@ea31c0d
reloadAllAccessors: .ConstraintMonitor1

===========================================================================================
----------------- testing Wed Mar 04 18:51:17 UTC 2020 /home/travis/build/icyphy/ptII/ptolemy/actor/lib/test/auto/ConstraintMonitor2.xml
----------------- Instantiating /home/travis/build/icyphy/ptII/ptolemy/actor/lib/test/auto/ConstraintMonitor2.xml
1 ms. Memory: 522240K Free: 237534K (45%)
----------------- Invoking toplevel() on ptolemy.moml.MoMLSimpleApplication@6c5144f
----------------- Done invoking toplevel() on ptolemy.moml.MoMLSimpleApplication@6c5144f
reloadAllAccessors: .ConstraintMonitor2

===========================================================================================
----------------- testing Wed Mar 04 18:51:17 UTC 2020 /home/travis/build/icyphy/ptII/ptolemy/actor/lib/test/auto/ConstraintMonitor3.xml
----------------- Instantiating /home/travis/build/icyphy/ptII/ptolemy/actor/lib/test/auto/ConstraintMonitor3.xml
2 ms. Memory: 522240K Free: 232928K (45%)
----------------- Invoking toplevel() on ptolemy.moml.MoMLSimpleApplication@331130f9
----------------- Done invoking toplevel() on ptolemy.moml.MoMLSimpleApplication@331130f9
reloadAllAccessors: .ConstraintMonitor3

===========================================================================================
----------------- testing Wed Mar 04 18:51:17 UTC 2020 /home/travis/build/icyphy/ptII/ptolemy/actor/lib/test/auto/ConstraintMonitor4.xml
----------------- Instantiating /home/travis/build/icyphy/ptII/ptolemy/actor/lib/test/auto/ConstraintMonitor4.xml
4 ms. Memory: 522240K Free: 227808K (44%)
----------------- Invoking toplevel() on ptolemy.moml.MoMLSimpleApplication@781768e8
----------------- Done invoking toplevel() on ptolemy.moml.MoMLSimpleApplication@781768e8
reloadAllAccessors: .ConstraintMonitor4

===========================================================================================
----------------- testing Wed Mar 04 18:51:17 UTC 2020 /home/travis/build/icyphy/ptII/ptolemy/actor/lib/test/auto/ConstraintMonitor5.xml
----------------- Instantiating /home/travis/build/icyphy/ptII/ptolemy/actor/lib/test/auto/ConstraintMonitor5.xml
4 ms. Memory: 522240K Free: 222688K (43%)
----------------- Invoking toplevel() on ptolemy.moml.MoMLSimpleApplication@2dec67b0
----------------- Done invoking toplevel() on ptolemy.moml.MoMLSimpleApplication@2dec67b0
reloadAllAccessors: .ConstraintMonitor5

===========================================================================================
----------------- testing Wed Mar 04 18:51:17 UTC 2020 /home/travis/build/icyphy/ptII/ptolemy/actor/lib/test/auto/ConstraintMonitor6.xml
----------------- Instantiating /home/travis/build/icyphy/ptII/ptolemy/actor/lib/test/auto/ConstraintMonitor6.xml
3 ms. Memory: 522240K Free: 216016K (41%)
----------------- Invoking toplevel() on ptolemy.moml.MoMLSimpleApplication@24de94f8
----------------- Done invoking toplevel() on ptolemy.moml.MoMLSimpleApplication@24de94f8
reloadAllAccessors: .ConstraintMonitor6

===========================================================================================
----------------- testing Wed Mar 04 18:51:17 UTC 2020 /home/travis/build/icyphy/ptII/ptolemy/actor/lib/test/auto/ConstraintMonitor7.xml
----------------- Instantiating /home/travis/build/icyphy/ptII/ptolemy/actor/lib/test/auto/ConstraintMonitor7.xml
2 ms. Memory: 522240K Free: 209376K (40%)
----------------- Invoking toplevel() on ptolemy.moml.MoMLSimpleApplication@7ae1864
----------------- Done invoking toplevel() on ptolemy.moml.MoMLSimpleApplication@7ae1864
reloadAllAccessors: .ConstraintMonitor7

===========================================================================================
----------------- testing Wed Mar 04 18:51:17 UTC 2020 /home/travis/build/icyphy/ptII/ptolemy/actor/lib/test/auto/ConstraintMonitor8.xml
----------------- Instantiating /home/travis/build/icyphy/ptII/ptolemy/actor/lib/test/auto/ConstraintMonitor8.xml
9 ms. Memory: 522240K Free: 202208K (39%)
----------------- Invoking toplevel() on ptolemy.moml.MoMLSimpleApplication@72ea7dff
----------------- Done invoking toplevel() on ptolemy.moml.MoMLSimpleApplication@72ea7dff
reloadAllAccessors: .ConstraintMonitor8

===========================================================================================
----------------- testing Wed Mar 04 18:51:17 UTC 2020 /home/travis/build/icyphy/ptII/ptolemy/actor/lib/test/auto/Counter.xml
----------------- Instantiating /home/travis/build/icyphy/ptII/ptolemy/actor/lib/test/auto/Counter.xml
2 ms. Memory: 522240K Free: 197088K (38%)
----------------- Invoking toplevel() on ptolemy.moml.MoMLSimpleApplication@402412bc
----------------- Done invoking toplevel() on ptolemy.moml.MoMLSimpleApplication@402412bc
reloadAllAccessors: .Counter

===========================================================================================
----------------- testing Wed Mar 04 18:51:17 UTC 2020 /home/travis/build/icyphy/ptII/ptolemy/actor/lib/test/auto/CurrentTimeSDF.xml
----------------- Instantiating /home/travis/build/icyphy/ptII/ptolemy/actor/lib/test/auto/CurrentTimeSDF.xml
1 ms. Memory: 522240K Free: 192992K (37%)
----------------- Invoking toplevel() on ptolemy.moml.MoMLSimpleApplication@747abfe3
----------------- Done invoking toplevel() on ptolemy.moml.MoMLSimpleApplication@747abfe3
reloadAllAccessors: .CurrentTimeSDF

===========================================================================================
----------------- testing Wed Mar 04 18:51:17 UTC 2020 /home/travis/build/icyphy/ptII/ptolemy/actor/lib/test/auto/DB.xml
----------------- Instantiating /home/travis/build/icyphy/ptII/ptolemy/actor/lib/test/auto/DB.xml
2 ms. Memory: 522240K Free: 188382K (36%)
----------------- Invoking toplevel() on ptolemy.moml.MoMLSimpleApplication@4c5a4eda
----------------- Done invoking toplevel() on ptolemy.moml.MoMLSimpleApplication@4c5a4eda
reloadAllAccessors: .DB

===========================================================================================
----------------- testing Wed Mar 04 18:51:17 UTC 2020 /home/travis/build/icyphy/ptII/ptolemy/actor/lib/test/auto/DBDE.xml
----------------- Instantiating /home/travis/build/icyphy/ptII/ptolemy/actor/lib/test/auto/DBDE.xml
3 ms. Memory: 522240K Free: 182208K (35%)
----------------- Invoking toplevel() on ptolemy.moml.MoMLSimpleApplication@38feb421
----------------- Done invoking toplevel() on ptolemy.moml.MoMLSimpleApplication@38feb421
reloadAllAccessors: .DBDE

===========================================================================================
----------------- testing Wed Mar 04 18:51:17 UTC 2020 /home/travis/build/icyphy/ptII/ptolemy/actor/lib/test/auto/DateConstructor.xml
----------------- Instantiating /home/travis/build/icyphy/ptII/ptolemy/actor/lib/test/auto/DateConstructor.xml
42 ms. Memory: 522240K Free: 472874K (91%)
----------------- Invoking toplevel() on ptolemy.moml.MoMLSimpleApplication@62f508d
----------------- Done invoking toplevel() on ptolemy.moml.MoMLSimpleApplication@62f508d
reloadAllAccessors: .DateConstructor

===========================================================================================
----------------- testing Wed Mar 04 18:51:17 UTC 2020 /home/travis/build/icyphy/ptII/ptolemy/actor/lib/test/auto/DelayTime.xml
----------------- Instantiating /home/travis/build/icyphy/ptII/ptolemy/actor/lib/test/auto/DelayTime.xml
5 ms. Memory: 522240K Free: 466856K (89%)
----------------- Invoking toplevel() on ptolemy.moml.MoMLSimpleApplication@54b540b9
----------------- Done invoking toplevel() on ptolemy.moml.MoMLSimpleApplication@54b540b9
reloadAllAccessors: .DelayTime

===========================================================================================
----------------- testing Wed Mar 04 18:51:17 UTC 2020 /home/travis/build/icyphy/ptII/ptolemy/actor/lib/test/auto/Dictionary1.xml
----------------- Instantiating /home/travis/build/icyphy/ptII/ptolemy/actor/lib/test/auto/Dictionary1.xml
6 ms. Memory: 522240K Free: 461226K (88%)
----------------- Invoking toplevel() on ptolemy.moml.MoMLSimpleApplication@2aa0932d
----------------- Done invoking toplevel() on ptolemy.moml.MoMLSimpleApplication@2aa0932d
reloadAllAccessors: .Dictionary1

===========================================================================================
----------------- testing Wed Mar 04 18:51:17 UTC 2020 /home/travis/build/icyphy/ptII/ptolemy/actor/lib/test/auto/Dictionary2.xml
----------------- Instantiating /home/travis/build/icyphy/ptII/ptolemy/actor/lib/test/auto/Dictionary2.xml
4 ms. Memory: 522240K Free: 455592K (87%)
----------------- Invoking toplevel() on ptolemy.moml.MoMLSimpleApplication@40157d48
----------------- Done invoking toplevel() on ptolemy.moml.MoMLSimpleApplication@40157d48
reloadAllAccessors: .Dictionary2

===========================================================================================
----------------- testing Wed Mar 04 18:51:17 UTC 2020 /home/travis/build/icyphy/ptII/ptolemy/actor/lib/test/auto/Dictionary3.xml
----------------- Instantiating /home/travis/build/icyphy/ptII/ptolemy/actor/lib/test/auto/Dictionary3.xml
1 ms. Memory: 522240K Free: 450472K (86%)
----------------- Invoking toplevel() on ptolemy.moml.MoMLSimpleApplication@431f1397
----------------- Done invoking toplevel() on ptolemy.moml.MoMLSimpleApplication@431f1397
reloadAllAccessors: .Dictionary3

===========================================================================================
----------------- testing Wed Mar 04 18:51:17 UTC 2020 /home/travis/build/icyphy/ptII/ptolemy/actor/lib/test/auto/Dictionary4.xml
----------------- Instantiating /home/travis/build/icyphy/ptII/ptolemy/actor/lib/test/auto/Dictionary4.xml
4 ms. Memory: 522240K Free: 443298K (85%)
----------------- Invoking toplevel() on ptolemy.moml.MoMLSimpleApplication@1f6b9f02
----------------- Done invoking toplevel() on ptolemy.moml.MoMLSimpleApplication@1f6b9f02
reloadAllAccessors: .Dictionary4

===========================================================================================
----------------- testing Wed Mar 04 18:51:17 UTC 2020 /home/travis/build/icyphy/ptII/ptolemy/actor/lib/test/auto/Differential.xml
----------------- Instantiating /home/travis/build/icyphy/ptII/ptolemy/actor/lib/test/auto/Differential.xml
2 ms. Memory: 522240K Free: 438698K (84%)
----------------- Invoking toplevel() on ptolemy.moml.MoMLSimpleApplication@6bd68773
----------------- Done invoking toplevel() on ptolemy.moml.MoMLSimpleApplication@6bd68773
reloadAllAccessors: .Differential

===========================================================================================
----------------- testing Wed Mar 04 18:51:17 UTC 2020 /home/travis/build/icyphy/ptII/ptolemy/actor/lib/test/auto/Director.xml
----------------- Instantiating /home/travis/build/icyphy/ptII/ptolemy/actor/lib/test/auto/Director.xml
1 ms. Memory: 522240K Free: 435626K (83%)
----------------- Invoking toplevel() on ptolemy.moml.MoMLSimpleApplication@5b0468bb
----------------- Done invoking toplevel() on ptolemy.moml.MoMLSimpleApplication@5b0468bb
reloadAllAccessors: .Director

===========================================================================================
----------------- testing Wed Mar 04 18:51:17 UTC 2020 /home/travis/build/icyphy/ptII/ptolemy/actor/lib/test/auto/DiscreteClock.xml
----------------- Instantiating /home/travis/build/icyphy/ptII/ptolemy/actor/lib/test/auto/DiscreteClock.xml
1 ms. Memory: 522240K Free: 431530K (83%)
----------------- Invoking toplevel() on ptolemy.moml.MoMLSimpleApplication@28b15a45
----------------- Done invoking toplevel() on ptolemy.moml.MoMLSimpleApplication@28b15a45
reloadAllAccessors: .DiscreteClock

===========================================================================================
----------------- testing Wed Mar 04 18:51:17 UTC 2020 /home/travis/build/icyphy/ptII/ptolemy/actor/lib/test/auto/DiscreteClock10.xml
----------------- Instantiating /home/travis/build/icyphy/ptII/ptolemy/actor/lib/test/auto/DiscreteClock10.xml
3 ms. Memory: 522240K Free: 425386K (81%)
----------------- Invoking toplevel() on ptolemy.moml.MoMLSimpleApplication@5e91b377
----------------- Done invoking toplevel() on ptolemy.moml.MoMLSimpleApplication@5e91b377
reloadAllAccessors: .DiscreteClock10

===========================================================================================
----------------- testing Wed Mar 04 18:51:18 UTC 2020 /home/travis/build/icyphy/ptII/ptolemy/actor/lib/test/auto/DiscreteClock11.xml
----------------- Instantiating /home/travis/build/icyphy/ptII/ptolemy/actor/lib/test/auto/DiscreteClock11.xml
2 ms. Memory: 522240K Free: 419242K (80%)
----------------- Invoking toplevel() on ptolemy.moml.MoMLSimpleApplication@4c01c83c
----------------- Done invoking toplevel() on ptolemy.moml.MoMLSimpleApplication@4c01c83c
reloadAllAccessors: .DiscreteClock11

===========================================================================================
----------------- testing Wed Mar 04 18:51:18 UTC 2020 /home/travis/build/icyphy/ptII/ptolemy/actor/lib/test/auto/DiscreteClock12.xml
----------------- Instantiating /home/travis/build/icyphy/ptII/ptolemy/actor/lib/test/auto/DiscreteClock12.xml
2 ms. Memory: 522240K Free: 413608K (79%)
----------------- Invoking toplevel() on ptolemy.moml.MoMLSimpleApplication@471e566
----------------- Done invoking toplevel() on ptolemy.moml.MoMLSimpleApplication@471e566
reloadAllAccessors: .DiscreteClock12

===========================================================================================
----------------- testing Wed Mar 04 18:51:18 UTC 2020 /home/travis/build/icyphy/ptII/ptolemy/actor/lib/test/auto/DiscreteClock13.xml
----------------- Instantiating /home/travis/build/icyphy/ptII/ptolemy/actor/lib/test/auto/DiscreteClock13.xml
4 ms. Memory: 522240K Free: 407434K (78%)
----------------- Invoking toplevel() on ptolemy.moml.MoMLSimpleApplication@70543fbe
----------------- Done invoking toplevel() on ptolemy.moml.MoMLSimpleApplication@70543fbe
reloadAllAccessors: .DiscreteClock13

===========================================================================================
----------------- testing Wed Mar 04 18:51:18 UTC 2020 /home/travis/build/icyphy/ptII/ptolemy/actor/lib/test/auto/DiscreteClock14.xml
----------------- Instantiating /home/travis/build/icyphy/ptII/ptolemy/actor/lib/test/auto/DiscreteClock14.xml
4 ms. Memory: 522240K Free: 401314K (77%)
----------------- Invoking toplevel() on ptolemy.moml.MoMLSimpleApplication@7a744b7d
----------------- Done invoking toplevel() on ptolemy.moml.MoMLSimpleApplication@7a744b7d
reloadAllAccessors: .DiscreteClock14

===========================================================================================
----------------- testing Wed Mar 04 18:51:18 UTC 2020 /home/travis/build/icyphy/ptII/ptolemy/actor/lib/test/auto/DiscreteClock15.xml
----------------- Instantiating /home/travis/build/icyphy/ptII/ptolemy/actor/lib/test/auto/DiscreteClock15.xml
7 ms. Memory: 522240K Free: 395146K (76%)
----------------- Invoking toplevel() on ptolemy.moml.MoMLSimpleApplication@48c6b04a
----------------- Done invoking toplevel() on ptolemy.moml.MoMLSimpleApplication@48c6b04a
reloadAllAccessors: .DiscreteClock15

===========================================================================================
----------------- testing Wed Mar 04 18:51:18 UTC 2020 /home/travis/build/icyphy/ptII/ptolemy/actor/lib/test/auto/DiscreteClock16.xml
----------------- Instantiating /home/travis/build/icyphy/ptII/ptolemy/actor/lib/test/auto/DiscreteClock16.xml
12 ms. Memory: 522240K Free: 381864K (73%)
----------------- Invoking toplevel() on ptolemy.moml.MoMLSimpleApplication@7fc7e97c
----------------- Done invoking toplevel() on ptolemy.moml.MoMLSimpleApplication@7fc7e97c
reloadAllAccessors: .DiscreteClock16

===========================================================================================
----------------- testing Wed Mar 04 18:51:18 UTC 2020 /home/travis/build/icyphy/ptII/ptolemy/actor/lib/test/auto/DiscreteClock17.xml
----------------- Instantiating /home/travis/build/icyphy/ptII/ptolemy/actor/lib/test/auto/DiscreteClock17.xml
15 ms. Memory: 522240K Free: 367528K (70%)
----------------- Invoking toplevel() on ptolemy.moml.MoMLSimpleApplication@443d80cd
----------------- Done invoking toplevel() on ptolemy.moml.MoMLSimpleApplication@443d80cd
reloadAllAccessors: .DiscreteClock17

===========================================================================================
----------------- testing Wed Mar 04 18:51:18 UTC 2020 /home/travis/build/icyphy/ptII/ptolemy/actor/lib/test/auto/DiscreteClock18.xml
----------------- Instantiating /home/travis/build/icyphy/ptII/ptolemy/actor/lib/test/auto/DiscreteClock18.xml
11 ms. Memory: 522240K Free: 353192K (68%)
----------------- Invoking toplevel() on ptolemy.moml.MoMLSimpleApplication@6ed6db4
----------------- Done invoking toplevel() on ptolemy.moml.MoMLSimpleApplication@6ed6db4
reloadAllAccessors: .DiscreteClock18

===========================================================================================
----------------- testing Wed Mar 04 18:51:18 UTC 2020 /home/travis/build/icyphy/ptII/ptolemy/actor/lib/test/auto/DiscreteClock19.xml
----------------- Instantiating /home/travis/build/icyphy/ptII/ptolemy/actor/lib/test/auto/DiscreteClock19.xml
12 ms. Memory: 522240K Free: 339370K (65%)
----------------- Invoking toplevel() on ptolemy.moml.MoMLSimpleApplication@21e98f22
----------------- Done invoking toplevel() on ptolemy.moml.MoMLSimpleApplication@21e98f22
reloadAllAccessors: .DiscreteClock19

===========================================================================================
----------------- testing Wed Mar 04 18:51:18 UTC 2020 /home/travis/build/icyphy/ptII/ptolemy/actor/lib/test/auto/DiscreteClock2.xml
----------------- Instantiating /home/travis/build/icyphy/ptII/ptolemy/actor/lib/test/auto/DiscreteClock2.xml
3 ms. Memory: 522240K Free: 334754K (64%)
----------------- Invoking toplevel() on ptolemy.moml.MoMLSimpleApplication@56d85e9
----------------- Done invoking toplevel() on ptolemy.moml.MoMLSimpleApplication@56d85e9
reloadAllAccessors: .DiscreteClock2

===========================================================================================
----------------- testing Wed Mar 04 18:51:18 UTC 2020 /home/travis/build/icyphy/ptII/ptolemy/actor/lib/test/auto/DiscreteClock20.xml
----------------- Instantiating /home/travis/build/icyphy/ptII/ptolemy/actor/lib/test/auto/DiscreteClock20.xml
4 ms. Memory: 522240K Free: 329130K (63%)
----------------- Invoking toplevel() on ptolemy.moml.MoMLSimpleApplication@247cd817
----------------- Done invoking toplevel() on ptolemy.moml.MoMLSimpleApplication@247cd817
reloadAllAccessors: .DiscreteClock20

===========================================================================================
----------------- testing Wed Mar 04 18:51:18 UTC 2020 /home/travis/build/icyphy/ptII/ptolemy/actor/lib/test/auto/DiscreteClock21.xml
----------------- Instantiating /home/travis/build/icyphy/ptII/ptolemy/actor/lib/test/auto/DiscreteClock21.xml
4 ms. Memory: 522240K Free: 323496K (62%)
----------------- Invoking toplevel() on ptolemy.moml.MoMLSimpleApplication@4b1b537d
----------------- Done invoking toplevel() on ptolemy.moml.MoMLSimpleApplication@4b1b537d
reloadAllAccessors: .DiscreteClock21

===========================================================================================
----------------- testing Wed Mar 04 18:51:18 UTC 2020 /home/travis/build/icyphy/ptII/ptolemy/actor/lib/test/auto/DiscreteClock22.xml
----------------- Instantiating /home/travis/build/icyphy/ptII/ptolemy/actor/lib/test/auto/DiscreteClock22.xml
4 ms. Memory: 522240K Free: 317866K (61%)
----------------- Invoking toplevel() on ptolemy.moml.MoMLSimpleApplication@3bd23c02
----------------- Done invoking toplevel() on ptolemy.moml.MoMLSimpleApplication@3bd23c02
reloadAllAccessors: .DiscreteClock22

===========================================================================================
----------------- testing Wed Mar 04 18:51:18 UTC 2020 /home/travis/build/icyphy/ptII/ptolemy/actor/lib/test/auto/DiscreteClock23.xml
----------------- Instantiating /home/travis/build/icyphy/ptII/ptolemy/actor/lib/test/auto/DiscreteClock23.xml
4 ms. Memory: 522240K Free: 312746K (60%)
----------------- Invoking toplevel() on ptolemy.moml.MoMLSimpleApplication@53c0a6bb
----------------- Done invoking toplevel() on ptolemy.moml.MoMLSimpleApplication@53c0a6bb
reloadAllAccessors: .DiscreteClock23

===========================================================================================
----------------- testing Wed Mar 04 18:51:18 UTC 2020 /home/travis/build/icyphy/ptII/ptolemy/actor/lib/test/auto/DiscreteClock24.xml
----------------- Instantiating /home/travis/build/icyphy/ptII/ptolemy/actor/lib/test/auto/DiscreteClock24.xml
3 ms. Memory: 522240K Free: 307112K (59%)
----------------- Invoking toplevel() on ptolemy.moml.MoMLSimpleApplication@3754423e
----------------- Done invoking toplevel() on ptolemy.moml.MoMLSimpleApplication@3754423e
reloadAllAccessors: .DiscreteClock24

===========================================================================================
----------------- testing Wed Mar 04 18:51:18 UTC 2020 /home/travis/build/icyphy/ptII/ptolemy/actor/lib/test/auto/DiscreteClock4.xml
----------------- Instantiating /home/travis/build/icyphy/ptII/ptolemy/actor/lib/test/auto/DiscreteClock4.xml
1 ms. Memory: 522240K Free: 301482K (58%)
----------------- Invoking toplevel() on ptolemy.moml.MoMLSimpleApplication@1c457efc
----------------- Done invoking toplevel() on ptolemy.moml.MoMLSimpleApplication@1c457efc
reloadAllAccessors: .DiscreteClock4

===========================================================================================
----------------- testing Wed Mar 04 18:51:18 UTC 2020 /home/travis/build/icyphy/ptII/ptolemy/actor/lib/test/auto/DiscreteClock5.xml
----------------- Instantiating /home/travis/build/icyphy/ptII/ptolemy/actor/lib/test/auto/DiscreteClock5.xml
1 ms. Memory: 522240K Free: 295834K (57%)
----------------- Invoking toplevel() on ptolemy.moml.MoMLSimpleApplication@73eedd08
----------------- Done invoking toplevel() on ptolemy.moml.MoMLSimpleApplication@73eedd08
reloadAllAccessors: .DiscreteClock5

===========================================================================================
----------------- testing Wed Mar 04 18:51:18 UTC 2020 /home/travis/build/icyphy/ptII/ptolemy/actor/lib/test/auto/DiscreteClock6.xml
----------------- Instantiating /home/travis/build/icyphy/ptII/ptolemy/actor/lib/test/auto/DiscreteClock6.xml
1 ms. Memory: 522240K Free: 292266K (56%)
----------------- Invoking toplevel() on ptolemy.moml.MoMLSimpleApplication@1be7fbe8
----------------- Done invoking toplevel() on ptolemy.moml.MoMLSimpleApplication@1be7fbe8
reloadAllAccessors: .DiscreteClock6

===========================================================================================
----------------- testing Wed Mar 04 18:51:18 UTC 2020 /home/travis/build/icyphy/ptII/ptolemy/actor/lib/test/auto/DiscreteClock7.xml
----------------- Instantiating /home/travis/build/icyphy/ptII/ptolemy/actor/lib/test/auto/DiscreteClock7.xml
1 ms. Memory: 522240K Free: 286632K (55%)
----------------- Invoking toplevel() on ptolemy.moml.MoMLSimpleApplication@4eb6500
----------------- Done invoking toplevel() on ptolemy.moml.MoMLSimpleApplication@4eb6500
reloadAllAccessors: .DiscreteClock7

===========================================================================================
----------------- testing Wed Mar 04 18:51:18 UTC 2020 /home/travis/build/icyphy/ptII/ptolemy/actor/lib/test/auto/DiscreteClock8.xml
----------------- Instantiating /home/travis/build/icyphy/ptII/ptolemy/actor/lib/test/auto/DiscreteClock8.xml
1 ms. Memory: 522240K Free: 281002K (54%)
----------------- Invoking toplevel() on ptolemy.moml.MoMLSimpleApplication@6c392fdb
----------------- Done invoking toplevel() on ptolemy.moml.MoMLSimpleApplication@6c392fdb
reloadAllAccessors: .DiscreteClock8

===========================================================================================
----------------- testing Wed Mar 04 18:51:18 UTC 2020 /home/travis/build/icyphy/ptII/ptolemy/actor/lib/test/auto/DiscreteClock9.xml
----------------- Instantiating /home/travis/build/icyphy/ptII/ptolemy/actor/lib/test/auto/DiscreteClock9.xml
4 ms. Memory: 522240K Free: 274858K (53%)
----------------- Invoking toplevel() on ptolemy.moml.MoMLSimpleApplication@6abd517d
----------------- Done invoking toplevel() on ptolemy.moml.MoMLSimpleApplication@6abd517d
reloadAllAccessors: .DiscreteClock9

===========================================================================================
----------------- testing Wed Mar 04 18:51:18 UTC 2020 /home/travis/build/icyphy/ptII/ptolemy/actor/lib/test/auto/DisplayArray.xml
----------------- Instantiating /home/travis/build/icyphy/ptII/ptolemy/actor/lib/test/auto/DisplayArray.xml
1 ms. Memory: 522240K Free: 271272K (52%)
----------------- Invoking toplevel() on ptolemy.moml.MoMLSimpleApplication@299529cb
----------------- Done invoking toplevel() on ptolemy.moml.MoMLSimpleApplication@299529cb
reloadAllAccessors: .DisplayArray

===========================================================================================
----------------- testing Wed Mar 04 18:51:18 UTC 2020 /home/travis/build/icyphy/ptII/ptolemy/actor/lib/test/auto/Distributor.xml
----------------- Instantiating /home/travis/build/icyphy/ptII/ptolemy/actor/lib/test/auto/Distributor.xml
1 ms. Memory: 522240K Free: 266666K (51%)
----------------- Invoking toplevel() on ptolemy.moml.MoMLSimpleApplication@70bbaf4e
----------------- Done invoking toplevel() on ptolemy.moml.MoMLSimpleApplication@70bbaf4e
reloadAllAccessors: .Distributor

===========================================================================================
----------------- testing Wed Mar 04 18:51:18 UTC 2020 /home/travis/build/icyphy/ptII/ptolemy/actor/lib/test/auto/Distributor2.xml
----------------- Instantiating /home/travis/build/icyphy/ptII/ptolemy/actor/lib/test/auto/Distributor2.xml
1 ms. Memory: 522240K Free: 261546K (50%)
----------------- Invoking toplevel() on ptolemy.moml.MoMLSimpleApplication@5aefeb56
----------------- Done invoking toplevel() on ptolemy.moml.MoMLSimpleApplication@5aefeb56
reloadAllAccessors: .Distributor2

===========================================================================================
----------------- testing Wed Mar 04 18:51:18 UTC 2020 /home/travis/build/icyphy/ptII/ptolemy/actor/lib/test/auto/DownSample.xml
----------------- Instantiating /home/travis/build/icyphy/ptII/ptolemy/actor/lib/test/auto/DownSample.xml
1 ms. Memory: 522240K Free: 256936K (49%)
----------------- Invoking toplevel() on ptolemy.moml.MoMLSimpleApplication@20362284
----------------- Done invoking toplevel() on ptolemy.moml.MoMLSimpleApplication@20362284
reloadAllAccessors: .DownSample

===========================================================================================
----------------- testing Wed Mar 04 18:51:18 UTC 2020 /home/travis/build/icyphy/ptII/ptolemy/actor/lib/test/auto/ElectronicUnitBase1.xml
----------------- Instantiating /home/travis/build/icyphy/ptII/ptolemy/actor/lib/test/auto/ElectronicUnitBase1.xml
16 ms. Memory: 522240K Free: 241066K (46%)
----------------- Invoking toplevel() on ptolemy.moml.MoMLSimpleApplication@567f9b86
----------------- Done invoking toplevel() on ptolemy.moml.MoMLSimpleApplication@567f9b86
reloadAllAccessors: .ElectronicUnitBase1

===========================================================================================
----------------- testing Wed Mar 04 18:51:18 UTC 2020 /home/travis/build/icyphy/ptII/ptolemy/actor/lib/test/auto/ElementsToArray.xml
----------------- Instantiating /home/travis/build/icyphy/ptII/ptolemy/actor/lib/test/auto/ElementsToArray.xml
3 ms. Memory: 522240K Free: 235946K (45%)
----------------- Invoking toplevel() on ptolemy.moml.MoMLSimpleApplication@144847e9
----------------- Done invoking toplevel() on ptolemy.moml.MoMLSimpleApplication@144847e9
reloadAllAccessors: .ElementsToArray

===========================================================================================
----------------- testing Wed Mar 04 18:51:18 UTC 2020 /home/travis/build/icyphy/ptII/ptolemy/actor/lib/test/auto/Equals.xml
----------------- Instantiating /home/travis/build/icyphy/ptII/ptolemy/actor/lib/test/auto/Equals.xml
3 ms. Memory: 522240K Free: 231850K (44%)
----------------- Invoking toplevel() on ptolemy.moml.MoMLSimpleApplication@4b9297e6
----------------- Done invoking toplevel() on ptolemy.moml.MoMLSimpleApplication@4b9297e6
reloadAllAccessors: .Equals

===========================================================================================
----------------- testing Wed Mar 04 18:51:18 UTC 2020 /home/travis/build/icyphy/ptII/ptolemy/actor/lib/test/auto/Exec.xml
----------------- Instantiating /home/travis/build/icyphy/ptII/ptolemy/actor/lib/test/auto/Exec.xml
18 ms. Memory: 522240K Free: 226216K (43%)
----------------- Invoking toplevel() on ptolemy.moml.MoMLSimpleApplication@69578099
----------------- Done invoking toplevel() on ptolemy.moml.MoMLSimpleApplication@69578099
reloadAllAccessors: .Exec

===========================================================================================
----------------- testing Wed Mar 04 18:51:18 UTC 2020 /home/travis/build/icyphy/ptII/ptolemy/actor/lib/test/auto/ExecEnvironment.xml
----------------- Instantiating /home/travis/build/icyphy/ptII/ptolemy/actor/lib/test/auto/ExecEnvironment.xml
29 ms. Memory: 522240K Free: 220586K (42%)
----------------- Invoking toplevel() on ptolemy.moml.MoMLSimpleApplication@4b4a55
----------------- Done invoking toplevel() on ptolemy.moml.MoMLSimpleApplication@4b4a55
reloadAllAccessors: .ExecEnvironment

===========================================================================================
----------------- testing Wed Mar 04 18:51:18 UTC 2020 /home/travis/build/icyphy/ptII/ptolemy/actor/lib/test/auto/ExecNonZeroReturnOutput.xml
----------------- Instantiating /home/travis/build/icyphy/ptII/ptolemy/actor/lib/test/auto/ExecNonZeroReturnOutput.xml
151 ms. Memory: 522240K Free: 208298K (40%)
----------------- Invoking toplevel() on ptolemy.moml.MoMLSimpleApplication@4da844b7
----------------- Done invoking toplevel() on ptolemy.moml.MoMLSimpleApplication@4da844b7
reloadAllAccessors: .ExecNonZeroReturnOutput

===========================================================================================
----------------- testing Wed Mar 04 18:51:18 UTC 2020 /home/travis/build/icyphy/ptII/ptolemy/actor/lib/test/auto/ExecRunDemos.xml
----------------- Instantiating /home/travis/build/icyphy/ptII/ptolemy/actor/lib/test/auto/ExecRunDemos.xml
Finished: 56 ms. Memory: 129024K Free: 111918K (87%)

Finished: 82 ms. Memory: 129024K Free: 109414K (85%)

Finished: 102 ms. Memory: 129024K Free: 109607K (85%)

Finished: 91 ms. Memory: 129024K Free: 110970K (86%)

Finished: 55 ms. Memory: 129024K Free: 111866K (87%)

9953 ms. Memory: 522240K Free: 187816K (36%)
----------------- Invoking toplevel() on ptolemy.moml.MoMLSimpleApplication@27b1347a
----------------- Done invoking toplevel() on ptolemy.moml.MoMLSimpleApplication@27b1347a
reloadAllAccessors: .ExecRunDemos

===========================================================================================
----------------- testing Wed Mar 04 18:51:28 UTC 2020 /home/travis/build/icyphy/ptII/ptolemy/actor/lib/test/auto/ExecStop.xml
----------------- Instantiating /home/travis/build/icyphy/ptII/ptolemy/actor/lib/test/auto/ExecStop.xml
5018 ms. Memory: 522240K Free: 391246K (75%)
----------------- Invoking toplevel() on ptolemy.moml.MoMLSimpleApplication@6c617472
----------------- Done invoking toplevel() on ptolemy.moml.MoMLSimpleApplication@6c617472
reloadAllAccessors: .ExecStop

===========================================================================================
----------------- testing Wed Mar 04 18:51:33 UTC 2020 /home/travis/build/icyphy/ptII/ptolemy/actor/lib/test/auto/ExecutionTimeSDF.xml
----------------- Instantiating /home/travis/build/icyphy/ptII/ptolemy/actor/lib/test/auto/ExecutionTimeSDF.xml
Fired ExecutionTime: -318967296
Fired ExecutionTime: 1344800000
Fired ExecutionTime: -306167296
6008 ms. Memory: 522240K Free: 378432K (72%)
----------------- Invoking toplevel() on ptolemy.moml.MoMLSimpleApplication@6be59982
----------------- Done invoking toplevel() on ptolemy.moml.MoMLSimpleApplication@6be59982
reloadAllAccessors: .ExecutionTimeSDF

===========================================================================================
----------------- testing Wed Mar 04 18:51:39 UTC 2020 /home/travis/build/icyphy/ptII/ptolemy/actor/lib/test/auto/Expression1.xml
----------------- Instantiating /home/travis/build/icyphy/ptII/ptolemy/actor/lib/test/auto/Expression1.xml
1 ms. Memory: 522240K Free: 375374K (72%)
----------------- Invoking toplevel() on ptolemy.moml.MoMLSimpleApplication@556eafcd
----------------- Done invoking toplevel() on ptolemy.moml.MoMLSimpleApplication@556eafcd
reloadAllAccessors: .Expression1

===========================================================================================
----------------- testing Wed Mar 04 18:51:39 UTC 2020 /home/travis/build/icyphy/ptII/ptolemy/actor/lib/test/auto/Expression10.xml
----------------- Instantiating /home/travis/build/icyphy/ptII/ptolemy/actor/lib/test/auto/Expression10.xml
4 ms. Memory: 522240K Free: 369744K (71%)
----------------- Invoking toplevel() on ptolemy.moml.MoMLSimpleApplication@549a615c
----------------- Done invoking toplevel() on ptolemy.moml.MoMLSimpleApplication@549a615c
reloadAllAccessors: .Expression10

===========================================================================================
----------------- testing Wed Mar 04 18:51:39 UTC 2020 /home/travis/build/icyphy/ptII/ptolemy/actor/lib/test/auto/Expression11.xml
----------------- Instantiating /home/travis/build/icyphy/ptII/ptolemy/actor/lib/test/auto/Expression11.xml
1 ms. Memory: 522240K Free: 365646K (70%)
----------------- Invoking toplevel() on ptolemy.moml.MoMLSimpleApplication@5582bae3
----------------- Done invoking toplevel() on ptolemy.moml.MoMLSimpleApplication@5582bae3
reloadAllAccessors: .Expression11

===========================================================================================
----------------- testing Wed Mar 04 18:51:39 UTC 2020 /home/travis/build/icyphy/ptII/ptolemy/actor/lib/test/auto/Expression12.xml
----------------- Instantiating /home/travis/build/icyphy/ptII/ptolemy/actor/lib/test/auto/Expression12.xml
2 ms. Memory: 522240K Free: 360014K (69%)
----------------- Invoking toplevel() on ptolemy.moml.MoMLSimpleApplication@140d7ed
----------------- Done invoking toplevel() on ptolemy.moml.MoMLSimpleApplication@140d7ed
reloadAllAccessors: .Expression12

===========================================================================================
----------------- testing Wed Mar 04 18:51:39 UTC 2020 /home/travis/build/icyphy/ptII/ptolemy/actor/lib/test/auto/Expression13.xml
----------------- Instantiating /home/travis/build/icyphy/ptII/ptolemy/actor/lib/test/auto/Expression13.xml
4 ms. Memory: 522240K Free: 354894K (68%)
----------------- Invoking toplevel() on ptolemy.moml.MoMLSimpleApplication@2b1b7be4
----------------- Done invoking toplevel() on ptolemy.moml.MoMLSimpleApplication@2b1b7be4
reloadAllAccessors: .Expression13

===========================================================================================
----------------- testing Wed Mar 04 18:51:39 UTC 2020 /home/travis/build/icyphy/ptII/ptolemy/actor/lib/test/auto/Expression14.xml
----------------- Instantiating /home/travis/build/icyphy/ptII/ptolemy/actor/lib/test/auto/Expression14.xml
6 ms. Memory: 522240K Free: 349264K (67%)
----------------- Invoking toplevel() on ptolemy.moml.MoMLSimpleApplication@3dc0abc8
----------------- Done invoking toplevel() on ptolemy.moml.MoMLSimpleApplication@3dc0abc8
reloadAllAccessors: .Expression14

===========================================================================================
----------------- testing Wed Mar 04 18:51:40 UTC 2020 /home/travis/build/icyphy/ptII/ptolemy/actor/lib/test/auto/Expression15.xml
----------------- Instantiating /home/travis/build/icyphy/ptII/ptolemy/actor/lib/test/auto/Expression15.xml
1 ms. Memory: 522240K Free: 345168K (66%)
----------------- Invoking toplevel() on ptolemy.moml.MoMLSimpleApplication@5e456c79
----------------- Done invoking toplevel() on ptolemy.moml.MoMLSimpleApplication@5e456c79
reloadAllAccessors: .Expression15

===========================================================================================
----------------- testing Wed Mar 04 18:51:40 UTC 2020 /home/travis/build/icyphy/ptII/ptolemy/actor/lib/test/auto/Expression16.xml
----------------- Instantiating /home/travis/build/icyphy/ptII/ptolemy/actor/lib/test/auto/Expression16.xml
2 ms. Memory: 522240K Free: 340558K (65%)
----------------- Invoking toplevel() on ptolemy.moml.MoMLSimpleApplication@5b334906
----------------- Done invoking toplevel() on ptolemy.moml.MoMLSimpleApplication@5b334906
reloadAllAccessors: .Expression16

===========================================================================================
----------------- testing Wed Mar 04 18:51:40 UTC 2020 /home/travis/build/icyphy/ptII/ptolemy/actor/lib/test/auto/Expression17.xml
----------------- Instantiating /home/travis/build/icyphy/ptII/ptolemy/actor/lib/test/auto/Expression17.xml
3 ms. Memory: 522240K Free: 335438K (64%)
----------------- Invoking toplevel() on ptolemy.moml.MoMLSimpleApplication@71e75b2f
----------------- Done invoking toplevel() on ptolemy.moml.MoMLSimpleApplication@71e75b2f
reloadAllAccessors: .Expression17

===========================================================================================
----------------- testing Wed Mar 04 18:51:40 UTC 2020 /home/travis/build/icyphy/ptII/ptolemy/actor/lib/test/auto/Expression18.xml
----------------- Instantiating /home/travis/build/icyphy/ptII/ptolemy/actor/lib/test/auto/Expression18.xml
4 ms. Memory: 522240K Free: 330318K (63%)
----------------- Invoking toplevel() on ptolemy.moml.MoMLSimpleApplication@1c5b23e7
----------------- Done invoking toplevel() on ptolemy.moml.MoMLSimpleApplication@1c5b23e7
reloadAllAccessors: .Expression18

===========================================================================================
----------------- testing Wed Mar 04 18:51:40 UTC 2020 /home/travis/build/icyphy/ptII/ptolemy/actor/lib/test/auto/Expression2.xml
----------------- Instantiating /home/travis/build/icyphy/ptII/ptolemy/actor/lib/test/auto/Expression2.xml
3 ms. Memory: 522240K Free: 325198K (62%)
----------------- Invoking toplevel() on ptolemy.moml.MoMLSimpleApplication@561878d7
----------------- Done invoking toplevel() on ptolemy.moml.MoMLSimpleApplication@561878d7
reloadAllAccessors: .Expression2

===========================================================================================
----------------- testing Wed Mar 04 18:51:40 UTC 2020 /home/travis/build/icyphy/ptII/ptolemy/actor/lib/test/auto/Expression3.xml
----------------- Instantiating /home/travis/build/icyphy/ptII/ptolemy/actor/lib/test/auto/Expression3.xml
5 ms. Memory: 522240K Free: 320078K (61%)
----------------- Invoking toplevel() on ptolemy.moml.MoMLSimpleApplication@59907e86
----------------- Done invoking toplevel() on ptolemy.moml.MoMLSimpleApplication@59907e86
reloadAllAccessors: .Expression3

===========================================================================================
----------------- testing Wed Mar 04 18:51:40 UTC 2020 /home/travis/build/icyphy/ptII/ptolemy/actor/lib/test/auto/Expression4.xml
----------------- Instantiating /home/travis/build/icyphy/ptII/ptolemy/actor/lib/test/auto/Expression4.xml
5 ms. Memory: 522240K Free: 312910K (60%)
----------------- Invoking toplevel() on ptolemy.moml.MoMLSimpleApplication@55327512
----------------- Done invoking toplevel() on ptolemy.moml.MoMLSimpleApplication@55327512
reloadAllAccessors: .Expression4

===========================================================================================
----------------- testing Wed Mar 04 18:51:40 UTC 2020 /home/travis/build/icyphy/ptII/ptolemy/actor/lib/test/auto/Expression5.xml
----------------- Instantiating /home/travis/build/icyphy/ptII/ptolemy/actor/lib/test/auto/Expression5.xml
3 ms. Memory: 522240K Free: 307790K (59%)
----------------- Invoking toplevel() on ptolemy.moml.MoMLSimpleApplication@e4f6ff9
----------------- Done invoking toplevel() on ptolemy.moml.MoMLSimpleApplication@e4f6ff9
reloadAllAccessors: .Expression5

===========================================================================================
----------------- testing Wed Mar 04 18:51:40 UTC 2020 /home/travis/build/icyphy/ptII/ptolemy/actor/lib/test/auto/Expression6.xml
----------------- Instantiating /home/travis/build/icyphy/ptII/ptolemy/actor/lib/test/auto/Expression6.xml
2 ms. Memory: 522240K Free: 303184K (58%)
----------------- Invoking toplevel() on ptolemy.moml.MoMLSimpleApplication@23e15563
----------------- Done invoking toplevel() on ptolemy.moml.MoMLSimpleApplication@23e15563
reloadAllAccessors: .Expression6

===========================================================================================
----------------- testing Wed Mar 04 18:51:40 UTC 2020 /home/travis/build/icyphy/ptII/ptolemy/actor/lib/test/auto/Expression7.xml
----------------- Instantiating /home/travis/build/icyphy/ptII/ptolemy/actor/lib/test/auto/Expression7.xml
2 ms. Memory: 522240K Free: 298574K (57%)
----------------- Invoking toplevel() on ptolemy.moml.MoMLSimpleApplication@14c64735
----------------- Done invoking toplevel() on ptolemy.moml.MoMLSimpleApplication@14c64735
reloadAllAccessors: .Expression7

===========================================================================================
----------------- testing Wed Mar 04 18:51:40 UTC 2020 /home/travis/build/icyphy/ptII/ptolemy/actor/lib/test/auto/Expression8.xml
----------------- Instantiating /home/travis/build/icyphy/ptII/ptolemy/actor/lib/test/auto/Expression8.xml
16 ms. Memory: 522240K Free: 293454K (56%)
----------------- Invoking toplevel() on ptolemy.moml.MoMLSimpleApplication@228ca341
----------------- Done invoking toplevel() on ptolemy.moml.MoMLSimpleApplication@228ca341
reloadAllAccessors: .Expression8

===========================================================================================
----------------- testing Wed Mar 04 18:51:40 UTC 2020 /home/travis/build/icyphy/ptII/ptolemy/actor/lib/test/auto/Expression9.xml
----------------- Instantiating /home/travis/build/icyphy/ptII/ptolemy/actor/lib/test/auto/Expression9.xml
1 ms. Memory: 522240K Free: 289872K (56%)
----------------- Invoking toplevel() on ptolemy.moml.MoMLSimpleApplication@293014e
----------------- Done invoking toplevel() on ptolemy.moml.MoMLSimpleApplication@293014e
reloadAllAccessors: .Expression9

===========================================================================================
----------------- testing Wed Mar 04 18:51:40 UTC 2020 /home/travis/build/icyphy/ptII/ptolemy/actor/lib/test/auto/ExpressionConcatenateArrayType.xml
----------------- Instantiating /home/travis/build/icyphy/ptII/ptolemy/actor/lib/test/auto/ExpressionConcatenateArrayType.xml
3 ms. Memory: 522240K Free: 283214K (54%)
----------------- Invoking toplevel() on ptolemy.moml.MoMLSimpleApplication@11a2a44c
----------------- Done invoking toplevel() on ptolemy.moml.MoMLSimpleApplication@11a2a44c
reloadAllAccessors: .ExpressionConcatenateArrayType

===========================================================================================
----------------- testing Wed Mar 04 18:51:40 UTC 2020 /home/travis/build/icyphy/ptII/ptolemy/actor/lib/test/auto/ExpressionConcatenateArrayType2.xml
----------------- Instantiating /home/travis/build/icyphy/ptII/ptolemy/actor/lib/test/auto/ExpressionConcatenateArrayType2.xml
2 ms. Memory: 522240K Free: 277070K (53%)
----------------- Invoking toplevel() on ptolemy.moml.MoMLSimpleApplication@25b9cf72
----------------- Done invoking toplevel() on ptolemy.moml.MoMLSimpleApplication@25b9cf72
reloadAllAccessors: .ExpressionConcatenateArrayType2

===========================================================================================
----------------- testing Wed Mar 04 18:51:40 UTC 2020 /home/travis/build/icyphy/ptII/ptolemy/actor/lib/test/auto/ExpressionFix.xml
----------------- Instantiating /home/travis/build/icyphy/ptII/ptolemy/actor/lib/test/auto/ExpressionFix.xml
21 ms. Memory: 522240K Free: 270926K (52%)
----------------- Invoking toplevel() on ptolemy.moml.MoMLSimpleApplication@3f758a81
----------------- Done invoking toplevel() on ptolemy.moml.MoMLSimpleApplication@3f758a81
reloadAllAccessors: .ExpressionFix

===========================================================================================
----------------- testing Wed Mar 04 18:51:40 UTC 2020 /home/travis/build/icyphy/ptII/ptolemy/actor/lib/test/auto/ExpressionFix2.xml
----------------- Instantiating /home/travis/build/icyphy/ptII/ptolemy/actor/lib/test/auto/ExpressionFix2.xml
4 ms. Memory: 522240K Free: 266830K (51%)
----------------- Invoking toplevel() on ptolemy.moml.MoMLSimpleApplication@5d5ab8cd
----------------- Done invoking toplevel() on ptolemy.moml.MoMLSimpleApplication@5d5ab8cd
reloadAllAccessors: .ExpressionFix2

===========================================================================================
----------------- testing Wed Mar 04 18:51:40 UTC 2020 /home/travis/build/icyphy/ptII/ptolemy/actor/lib/test/auto/ExpressionFix3.xml
----------------- Instantiating /home/travis/build/icyphy/ptII/ptolemy/actor/lib/test/auto/ExpressionFix3.xml
3 ms. Memory: 522240K Free: 262224K (50%)
----------------- Invoking toplevel() on ptolemy.moml.MoMLSimpleApplication@31b2d34b
----------------- Done invoking toplevel() on ptolemy.moml.MoMLSimpleApplication@31b2d34b
reloadAllAccessors: .ExpressionFix3

===========================================================================================
----------------- testing Wed Mar 04 18:51:40 UTC 2020 /home/travis/build/icyphy/ptII/ptolemy/actor/lib/test/auto/FileWriter1.xml
----------------- Instantiating /home/travis/build/icyphy/ptII/ptolemy/actor/lib/test/auto/FileWriter1.xml
1 ms. Memory: 522240K Free: 258638K (50%)
----------------- Invoking toplevel() on ptolemy.moml.MoMLSimpleApplication@4eb27798
----------------- Done invoking toplevel() on ptolemy.moml.MoMLSimpleApplication@4eb27798
reloadAllAccessors: .FileWriter1

===========================================================================================
----------------- testing Wed Mar 04 18:51:40 UTC 2020 /home/travis/build/icyphy/ptII/ptolemy/actor/lib/test/auto/FileWriter2.xml
----------------- Instantiating /home/travis/build/icyphy/ptII/ptolemy/actor/lib/test/auto/FileWriter2.xml
2 ms. Memory: 522240K Free: 254032K (49%)
----------------- Invoking toplevel() on ptolemy.moml.MoMLSimpleApplication@285535bd
----------------- Done invoking toplevel() on ptolemy.moml.MoMLSimpleApplication@285535bd
reloadAllAccessors: .FileWriter2

===========================================================================================
----------------- testing Wed Mar 04 18:51:40 UTC 2020 /home/travis/build/icyphy/ptII/ptolemy/actor/lib/test/auto/FileWriter3.xml
----------------- Instantiating /home/travis/build/icyphy/ptII/ptolemy/actor/lib/test/auto/FileWriter3.xml
3 ms. Memory: 522240K Free: 250446K (48%)
----------------- Invoking toplevel() on ptolemy.moml.MoMLSimpleApplication@472cab88
----------------- Done invoking toplevel() on ptolemy.moml.MoMLSimpleApplication@472cab88
reloadAllAccessors: .FileWriter3

===========================================================================================
----------------- testing Wed Mar 04 18:51:40 UTC 2020 /home/travis/build/icyphy/ptII/ptolemy/actor/lib/test/auto/Gaussian.xml
----------------- Instantiating /home/travis/build/icyphy/ptII/ptolemy/actor/lib/test/auto/Gaussian.xml
3 ms. Memory: 522240K Free: 245840K (47%)
----------------- Invoking toplevel() on ptolemy.moml.MoMLSimpleApplication@2b1f0bd
----------------- Done invoking toplevel() on ptolemy.moml.MoMLSimpleApplication@2b1f0bd
reloadAllAccessors: .Gaussian

===========================================================================================
----------------- testing Wed Mar 04 18:51:40 UTC 2020 /home/travis/build/icyphy/ptII/ptolemy/actor/lib/test/auto/Gaussian1.xml
----------------- Instantiating /home/travis/build/icyphy/ptII/ptolemy/actor/lib/test/auto/Gaussian1.xml
5 ms. Memory: 522240K Free: 240176K (46%)
----------------- Invoking toplevel() on ptolemy.moml.MoMLSimpleApplication@75181149
----------------- Done invoking toplevel() on ptolemy.moml.MoMLSimpleApplication@75181149
reloadAllAccessors: .Gaussian1

===========================================================================================
----------------- testing Wed Mar 04 18:51:40 UTC 2020 /home/travis/build/icyphy/ptII/ptolemy/actor/lib/test/auto/Gaussian2.xml
----------------- Instantiating /home/travis/build/icyphy/ptII/ptolemy/actor/lib/test/auto/Gaussian2.xml
2 ms. Memory: 522240K Free: 235072K (45%)
----------------- Invoking toplevel() on ptolemy.moml.MoMLSimpleApplication@1793bf4e
----------------- Done invoking toplevel() on ptolemy.moml.MoMLSimpleApplication@1793bf4e
reloadAllAccessors: .Gaussian2

===========================================================================================
----------------- testing Wed Mar 04 18:51:40 UTC 2020 /home/travis/build/icyphy/ptII/ptolemy/actor/lib/test/auto/GradientAdaptiveLattice.xml
----------------- Instantiating /home/travis/build/icyphy/ptII/ptolemy/actor/lib/test/auto/GradientAdaptiveLattice.xml
3 ms. Memory: 522240K Free: 229966K (44%)
----------------- Invoking toplevel() on ptolemy.moml.MoMLSimpleApplication@6965b8b8
----------------- Done invoking toplevel() on ptolemy.moml.MoMLSimpleApplication@6965b8b8
reloadAllAccessors: .GradientAdaptiveLattice

===========================================================================================
----------------- testing Wed Mar 04 18:51:40 UTC 2020 /home/travis/build/icyphy/ptII/ptolemy/actor/lib/test/auto/IIR.xml
----------------- Instantiating /home/travis/build/icyphy/ptII/ptolemy/actor/lib/test/auto/IIR.xml
1 ms. Memory: 522240K Free: 225360K (43%)
----------------- Invoking toplevel() on ptolemy.moml.MoMLSimpleApplication@1264142e
----------------- Done invoking toplevel() on ptolemy.moml.MoMLSimpleApplication@1264142e
reloadAllAccessors: .IIR

===========================================================================================
----------------- testing Wed Mar 04 18:51:40 UTC 2020 /home/travis/build/icyphy/ptII/ptolemy/actor/lib/test/auto/InputOutputTransparentPorts.xml
----------------- Instantiating /home/travis/build/icyphy/ptII/ptolemy/actor/lib/test/auto/InputOutputTransparentPorts.xml
1 ms. Memory: 522240K Free: 218702K (42%)
----------------- Invoking toplevel() on ptolemy.moml.MoMLSimpleApplication@60169bcb
----------------- Done invoking toplevel() on ptolemy.moml.MoMLSimpleApplication@60169bcb
reloadAllAccessors: .InputOutputTransparentPorts

===========================================================================================
----------------- testing Wed Mar 04 18:51:40 UTC 2020 /home/travis/build/icyphy/ptII/ptolemy/actor/lib/test/auto/Interpolator.xml
----------------- Instantiating /home/travis/build/icyphy/ptII/ptolemy/actor/lib/test/auto/Interpolator.xml
3 ms. Memory: 522240K Free: 214606K (41%)
----------------- Invoking toplevel() on ptolemy.moml.MoMLSimpleApplication@7e159b5f
----------------- Done invoking toplevel() on ptolemy.moml.MoMLSimpleApplication@7e159b5f
reloadAllAccessors: .Interpolator

===========================================================================================
----------------- testing Wed Mar 04 18:51:40 UTC 2020 /home/travis/build/icyphy/ptII/ptolemy/actor/lib/test/auto/InterpolatorFiringLimitDE.xml
----------------- Instantiating /home/travis/build/icyphy/ptII/ptolemy/actor/lib/test/auto/InterpolatorFiringLimitDE.xml
2 ms. Memory: 522240K Free: 208462K (40%)
----------------- Invoking toplevel() on ptolemy.moml.MoMLSimpleApplication@50ead778
----------------- Done invoking toplevel() on ptolemy.moml.MoMLSimpleApplication@50ead778
reloadAllAccessors: .InterpolatorFiringLimitDE

===========================================================================================
----------------- testing Wed Mar 04 18:51:40 UTC 2020 /home/travis/build/icyphy/ptII/ptolemy/actor/lib/test/auto/Lattice.xml
----------------- Instantiating /home/travis/build/icyphy/ptII/ptolemy/actor/lib/test/auto/Lattice.xml
1 ms. Memory: 522240K Free: 204880K (39%)
----------------- Invoking toplevel() on ptolemy.moml.MoMLSimpleApplication@7528804d
----------------- Done invoking toplevel() on ptolemy.moml.MoMLSimpleApplication@7528804d
reloadAllAccessors: .Lattice

===========================================================================================
----------------- testing Wed Mar 04 18:51:40 UTC 2020 /home/travis/build/icyphy/ptII/ptolemy/actor/lib/test/auto/LazyAOCTestLazy.xml
----------------- Instantiating /home/travis/build/icyphy/ptII/ptolemy/actor/lib/test/auto/LazyAOCTestLazy.xml
7 ms. Memory: 522240K Free: 198736K (38%)
----------------- Invoking toplevel() on ptolemy.moml.MoMLSimpleApplication@433e42d2
----------------- Done invoking toplevel() on ptolemy.moml.MoMLSimpleApplication@433e42d2
reloadAllAccessors: .LazyAOCTestLazy

===========================================================================================
----------------- testing Wed Mar 04 18:51:40 UTC 2020 /home/travis/build/icyphy/ptII/ptolemy/actor/lib/test/auto/LazyAOCTestNonLazy.xml
----------------- Instantiating /home/travis/build/icyphy/ptII/ptolemy/actor/lib/test/auto/LazyAOCTestNonLazy.xml
2 ms. Memory: 522240K Free: 192078K (37%)
----------------- Invoking toplevel() on ptolemy.moml.MoMLSimpleApplication@40a346f5
----------------- Done invoking toplevel() on ptolemy.moml.MoMLSimpleApplication@40a346f5
reloadAllAccessors: .LazyAOCTestNonLazy

===========================================================================================
----------------- testing Wed Mar 04 18:51:40 UTC 2020 /home/travis/build/icyphy/ptII/ptolemy/actor/lib/test/auto/LazyInnerClass.xml
----------------- Instantiating /home/travis/build/icyphy/ptII/ptolemy/actor/lib/test/auto/LazyInnerClass.xml
10 ms. Memory: 522240K Free: 183872K (35%)
----------------- Invoking toplevel() on ptolemy.moml.MoMLSimpleApplication@1c4d1593
----------------- Done invoking toplevel() on ptolemy.moml.MoMLSimpleApplication@1c4d1593
reloadAllAccessors: .LazyInnerClass

===========================================================================================
----------------- testing Wed Mar 04 18:51:40 UTC 2020 /home/travis/build/icyphy/ptII/ptolemy/actor/lib/test/auto/LazyPubSub.xml
----------------- Instantiating /home/travis/build/icyphy/ptII/ptolemy/actor/lib/test/auto/LazyPubSub.xml
21 ms. Memory: 522240K Free: 173646K (33%)
----------------- Invoking toplevel() on ptolemy.moml.MoMLSimpleApplication@4c1534b3
----------------- Done invoking toplevel() on ptolemy.moml.MoMLSimpleApplication@4c1534b3
reloadAllAccessors: .LazyPubSub

===========================================================================================
----------------- testing Wed Mar 04 18:51:40 UTC 2020 /home/travis/build/icyphy/ptII/ptolemy/actor/lib/test/auto/LazyPubSub2.xml
----------------- Instantiating /home/travis/build/icyphy/ptII/ptolemy/actor/lib/test/auto/LazyPubSub2.xml
33 ms. Memory: 522240K Free: 472363K (90%)
----------------- Invoking toplevel() on ptolemy.moml.MoMLSimpleApplication@72c9f36c
----------------- Done invoking toplevel() on ptolemy.moml.MoMLSimpleApplication@72c9f36c
reloadAllAccessors: .LazyPubSub2

===========================================================================================
----------------- testing Wed Mar 04 18:51:40 UTC 2020 /home/travis/build/icyphy/ptII/ptolemy/actor/lib/test/auto/LazyPubSub3.xml
----------------- Instantiating /home/travis/build/icyphy/ptII/ptolemy/actor/lib/test/auto/LazyPubSub3.xml
18 ms. Memory: 522240K Free: 461892K (88%)
----------------- Invoking toplevel() on ptolemy.moml.MoMLSimpleApplication@7e847826
----------------- Done invoking toplevel() on ptolemy.moml.MoMLSimpleApplication@7e847826
reloadAllAccessors: .LazyPubSub3

===========================================================================================
----------------- testing Wed Mar 04 18:51:40 UTC 2020 /home/travis/build/icyphy/ptII/ptolemy/actor/lib/test/auto/LazySubClassModel.xml
----------------- Instantiating /home/travis/build/icyphy/ptII/ptolemy/actor/lib/test/auto/LazySubClassModel.xml
2 ms. Memory: 522240K Free: 452676K (87%)
----------------- Invoking toplevel() on ptolemy.moml.MoMLSimpleApplication@27374b19
----------------- Done invoking toplevel() on ptolemy.moml.MoMLSimpleApplication@27374b19
reloadAllAccessors: .LazySubClassModel

===========================================================================================
----------------- testing Wed Mar 04 18:51:40 UTC 2020 /home/travis/build/icyphy/ptII/ptolemy/actor/lib/test/auto/LevelCrossTest1.xml
----------------- Instantiating /home/travis/build/icyphy/ptII/ptolemy/actor/lib/test/auto/LevelCrossTest1.xml
1 ms. Memory: 522240K Free: 447046K (86%)
----------------- Invoking toplevel() on ptolemy.moml.MoMLSimpleApplication@ab8af40
----------------- Done invoking toplevel() on ptolemy.moml.MoMLSimpleApplication@ab8af40
reloadAllAccessors: .broken

===========================================================================================
----------------- testing Wed Mar 04 18:51:40 UTC 2020 /home/travis/build/icyphy/ptII/ptolemy/actor/lib/test/auto/LevelCrossTest10.xml
----------------- Instantiating /home/travis/build/icyphy/ptII/ptolemy/actor/lib/test/auto/LevelCrossTest10.xml
1 ms. Memory: 522240K Free: 439878K (84%)
----------------- Invoking toplevel() on ptolemy.moml.MoMLSimpleApplication@21e2e770
----------------- Done invoking toplevel() on ptolemy.moml.MoMLSimpleApplication@21e2e770
reloadAllAccessors: .LevelCrossTest10

===========================================================================================
----------------- testing Wed Mar 04 18:51:40 UTC 2020 /home/travis/build/icyphy/ptII/ptolemy/actor/lib/test/auto/LevelCrossTest11.xml
----------------- Instantiating /home/travis/build/icyphy/ptII/ptolemy/actor/lib/test/auto/LevelCrossTest11.xml
1 ms. Memory: 522240K Free: 432710K (83%)
----------------- Invoking toplevel() on ptolemy.moml.MoMLSimpleApplication@1492511d
----------------- Done invoking toplevel() on ptolemy.moml.MoMLSimpleApplication@1492511d
reloadAllAccessors: .LevelCrossTest11

===========================================================================================
----------------- testing Wed Mar 04 18:51:40 UTC 2020 /home/travis/build/icyphy/ptII/ptolemy/actor/lib/test/auto/LevelCrossTest12.xml
----------------- Instantiating /home/travis/build/icyphy/ptII/ptolemy/actor/lib/test/auto/LevelCrossTest12.xml
1 ms. Memory: 522240K Free: 425542K (81%)
----------------- Invoking toplevel() on ptolemy.moml.MoMLSimpleApplication@5df9bfe
----------------- Done invoking toplevel() on ptolemy.moml.MoMLSimpleApplication@5df9bfe
reloadAllAccessors: .LevelCrossTest12

===========================================================================================
----------------- testing Wed Mar 04 18:51:40 UTC 2020 /home/travis/build/icyphy/ptII/ptolemy/actor/lib/test/auto/LevelCrossTest13.xml
----------------- Instantiating /home/travis/build/icyphy/ptII/ptolemy/actor/lib/test/auto/LevelCrossTest13.xml
1 ms. Memory: 522240K Free: 417350K (80%)
----------------- Invoking toplevel() on ptolemy.moml.MoMLSimpleApplication@6531f76a
----------------- Done invoking toplevel() on ptolemy.moml.MoMLSimpleApplication@6531f76a
reloadAllAccessors: .LevelCrossTest13

===========================================================================================
----------------- testing Wed Mar 04 18:51:40 UTC 2020 /home/travis/build/icyphy/ptII/ptolemy/actor/lib/test/auto/LevelCrossTest2.xml
----------------- Instantiating /home/travis/build/icyphy/ptII/ptolemy/actor/lib/test/auto/LevelCrossTest2.xml
1 ms. Memory: 522240K Free: 411716K (79%)
----------------- Invoking toplevel() on ptolemy.moml.MoMLSimpleApplication@386647e3
----------------- Done invoking toplevel() on ptolemy.moml.MoMLSimpleApplication@386647e3
reloadAllAccessors: .broken

===========================================================================================
----------------- testing Wed Mar 04 18:51:40 UTC 2020 /home/travis/build/icyphy/ptII/ptolemy/actor/lib/test/auto/LevelCrossTest3.xml
----------------- Instantiating /home/travis/build/icyphy/ptII/ptolemy/actor/lib/test/auto/LevelCrossTest3.xml
1 ms. Memory: 522240K Free: 405062K (78%)
----------------- Invoking toplevel() on ptolemy.moml.MoMLSimpleApplication@6e9bba36
----------------- Done invoking toplevel() on ptolemy.moml.MoMLSimpleApplication@6e9bba36
reloadAllAccessors: .LevelCrossTest3

===========================================================================================
----------------- testing Wed Mar 04 18:51:40 UTC 2020 /home/travis/build/icyphy/ptII/ptolemy/actor/lib/test/auto/LevelCrossTest4.xml
----------------- Instantiating /home/travis/build/icyphy/ptII/ptolemy/actor/lib/test/auto/LevelCrossTest4.xml
1 ms. Memory: 522240K Free: 399428K (76%)
----------------- Invoking toplevel() on ptolemy.moml.MoMLSimpleApplication@29e1593b
----------------- Done invoking toplevel() on ptolemy.moml.MoMLSimpleApplication@29e1593b
reloadAllAccessors: .broken

===========================================================================================
----------------- testing Wed Mar 04 18:51:40 UTC 2020 /home/travis/build/icyphy/ptII/ptolemy/actor/lib/test/auto/LevelCrossTest5.xml
----------------- Instantiating /home/travis/build/icyphy/ptII/ptolemy/actor/lib/test/auto/LevelCrossTest5.xml
1 ms. Memory: 522240K Free: 392774K (75%)
----------------- Invoking toplevel() on ptolemy.moml.MoMLSimpleApplication@562ee263
----------------- Done invoking toplevel() on ptolemy.moml.MoMLSimpleApplication@562ee263
reloadAllAccessors: .LevelCrossTest5

===========================================================================================
----------------- testing Wed Mar 04 18:51:40 UTC 2020 /home/travis/build/icyphy/ptII/ptolemy/actor/lib/test/auto/LevelCrossTest6.xml
----------------- Instantiating /home/travis/build/icyphy/ptII/ptolemy/actor/lib/test/auto/LevelCrossTest6.xml
3 ms. Memory: 522240K Free: 385606K (74%)
----------------- Invoking toplevel() on ptolemy.moml.MoMLSimpleApplication@784155
----------------- Done invoking toplevel() on ptolemy.moml.MoMLSimpleApplication@784155
reloadAllAccessors: .LevelCrossTest6

===========================================================================================
----------------- testing Wed Mar 04 18:51:40 UTC 2020 /home/travis/build/icyphy/ptII/ptolemy/actor/lib/test/auto/LevelCrossTest7.xml
----------------- Instantiating /home/travis/build/icyphy/ptII/ptolemy/actor/lib/test/auto/LevelCrossTest7.xml
1 ms. Memory: 522240K Free: 377924K (72%)
----------------- Invoking toplevel() on ptolemy.moml.MoMLSimpleApplication@3c1381cd
----------------- Done invoking toplevel() on ptolemy.moml.MoMLSimpleApplication@3c1381cd
reloadAllAccessors: .LevelCrossTest7

===========================================================================================
----------------- testing Wed Mar 04 18:51:40 UTC 2020 /home/travis/build/icyphy/ptII/ptolemy/actor/lib/test/auto/LevelCrossTest8.xml
----------------- Instantiating /home/travis/build/icyphy/ptII/ptolemy/actor/lib/test/auto/LevelCrossTest8.xml
1 ms. Memory: 522240K Free: 371780K (71%)
----------------- Invoking toplevel() on ptolemy.moml.MoMLSimpleApplication@bec532f
----------------- Done invoking toplevel() on ptolemy.moml.MoMLSimpleApplication@bec532f
reloadAllAccessors: .LevelCrossTest8

===========================================================================================
----------------- testing Wed Mar 04 18:51:40 UTC 2020 /home/travis/build/icyphy/ptII/ptolemy/actor/lib/test/auto/LevelCrossTest9.xml
----------------- Instantiating /home/travis/build/icyphy/ptII/ptolemy/actor/lib/test/auto/LevelCrossTest9.xml
2 ms. Memory: 522240K Free: 365126K (70%)
----------------- Invoking toplevel() on ptolemy.moml.MoMLSimpleApplication@38afa77a
----------------- Done invoking toplevel() on ptolemy.moml.MoMLSimpleApplication@38afa77a
reloadAllAccessors: .LevelCrossTest9

===========================================================================================
----------------- testing Wed Mar 04 18:51:40 UTC 2020 /home/travis/build/icyphy/ptII/ptolemy/actor/lib/test/auto/LevinsonDurbin.xml
----------------- Instantiating /home/travis/build/icyphy/ptII/ptolemy/actor/lib/test/auto/LevinsonDurbin.xml
1 ms. Memory: 522240K Free: 361030K (69%)
----------------- Invoking toplevel() on ptolemy.moml.MoMLSimpleApplication@2a783d98
----------------- Done invoking toplevel() on ptolemy.moml.MoMLSimpleApplication@2a783d98
reloadAllAccessors: .LevinsonDurbin

===========================================================================================
----------------- testing Wed Mar 04 18:51:41 UTC 2020 /home/travis/build/icyphy/ptII/ptolemy/actor/lib/test/auto/LevinsonDurbin2.xml
----------------- Instantiating /home/travis/build/icyphy/ptII/ptolemy/actor/lib/test/auto/LevinsonDurbin2.xml
5 ms. Memory: 522240K Free: 356934K (68%)
----------------- Invoking toplevel() on ptolemy.moml.MoMLSimpleApplication@13204825
----------------- Done invoking toplevel() on ptolemy.moml.MoMLSimpleApplication@13204825
reloadAllAccessors: .LevinsonDurbin2

===========================================================================================
----------------- testing Wed Mar 04 18:51:41 UTC 2020 /home/travis/build/icyphy/ptII/ptolemy/actor/lib/test/auto/LevinsonDurbin3.xml
----------------- Instantiating /home/travis/build/icyphy/ptII/ptolemy/actor/lib/test/auto/LevinsonDurbin3.xml
1 ms. Memory: 522240K Free: 353348K (68%)
----------------- Invoking toplevel() on ptolemy.moml.MoMLSimpleApplication@7d2a9891
----------------- Done invoking toplevel() on ptolemy.moml.MoMLSimpleApplication@7d2a9891
reloadAllAccessors: .LevinsonDurbin3

===========================================================================================
----------------- testing Wed Mar 04 18:51:41 UTC 2020 /home/travis/build/icyphy/ptII/ptolemy/actor/lib/test/auto/Limiter.xml
----------------- Instantiating /home/travis/build/icyphy/ptII/ptolemy/actor/lib/test/auto/Limiter.xml
3 ms. Memory: 522240K Free: 344118K (66%)
----------------- Invoking toplevel() on ptolemy.moml.MoMLSimpleApplication@46ac8299
----------------- Done invoking toplevel() on ptolemy.moml.MoMLSimpleApplication@46ac8299
reloadAllAccessors: .Limiter

===========================================================================================
----------------- testing Wed Mar 04 18:51:41 UTC 2020 /home/travis/build/icyphy/ptII/ptolemy/actor/lib/test/auto/LinearDifferenceEquationSystem.xml
----------------- Instantiating /home/travis/build/icyphy/ptII/ptolemy/actor/lib/test/auto/LinearDifferenceEquationSystem.xml
4 ms. Memory: 522240K Free: 336964K (65%)
----------------- Invoking toplevel() on ptolemy.moml.MoMLSimpleApplication@4ace64d0
----------------- Done invoking toplevel() on ptolemy.moml.MoMLSimpleApplication@4ace64d0
reloadAllAccessors: .LinearDifferenceEquationSystem

===========================================================================================
----------------- testing Wed Mar 04 18:51:41 UTC 2020 /home/travis/build/icyphy/ptII/ptolemy/actor/lib/test/auto/LookupTable.xml
----------------- Instantiating /home/travis/build/icyphy/ptII/ptolemy/actor/lib/test/auto/LookupTable.xml
1 ms. Memory: 522240K Free: 332358K (64%)
----------------- Invoking toplevel() on ptolemy.moml.MoMLSimpleApplication@2da14a73
----------------- Done invoking toplevel() on ptolemy.moml.MoMLSimpleApplication@2da14a73
reloadAllAccessors: .LookupTable

===========================================================================================
----------------- testing Wed Mar 04 18:51:41 UTC 2020 /home/travis/build/icyphy/ptII/ptolemy/actor/lib/test/auto/MathFunction.xml
----------------- Instantiating /home/travis/build/icyphy/ptII/ptolemy/actor/lib/test/auto/MathFunction.xml
11 ms. Memory: 522240K Free: 324676K (62%)
----------------- Invoking toplevel() on ptolemy.moml.MoMLSimpleApplication@2c70d1e0
----------------- Done invoking toplevel() on ptolemy.moml.MoMLSimpleApplication@2c70d1e0
reloadAllAccessors: .MathFunction

===========================================================================================
----------------- testing Wed Mar 04 18:51:41 UTC 2020 /home/travis/build/icyphy/ptII/ptolemy/actor/lib/test/auto/MathFunction2.xml
----------------- Instantiating /home/travis/build/icyphy/ptII/ptolemy/actor/lib/test/auto/MathFunction2.xml
1 ms. Memory: 522240K Free: 320580K (61%)
----------------- Invoking toplevel() on ptolemy.moml.MoMLSimpleApplication@77cf52cb
----------------- Done invoking toplevel() on ptolemy.moml.MoMLSimpleApplication@77cf52cb
reloadAllAccessors: .MathFunction2

===========================================================================================
----------------- testing Wed Mar 04 18:51:41 UTC 2020 /home/travis/build/icyphy/ptII/ptolemy/actor/lib/test/auto/MathFunction3.xml
----------------- Instantiating /home/travis/build/icyphy/ptII/ptolemy/actor/lib/test/auto/MathFunction3.xml
2 ms. Memory: 522240K Free: 313412K (60%)
----------------- Invoking toplevel() on ptolemy.moml.MoMLSimpleApplication@12e2d03a
----------------- Done invoking toplevel() on ptolemy.moml.MoMLSimpleApplication@12e2d03a
reloadAllAccessors: .MathFunction3

===========================================================================================
----------------- testing Wed Mar 04 18:51:41 UTC 2020 /home/travis/build/icyphy/ptII/ptolemy/actor/lib/test/auto/MatrixCropBoolean.xml
----------------- Instantiating /home/travis/build/icyphy/ptII/ptolemy/actor/lib/test/auto/MatrixCropBoolean.xml
1 ms. Memory: 522240K Free: 308262K (59%)
----------------- Invoking toplevel() on ptolemy.moml.MoMLSimpleApplication@18318c52
----------------- Done invoking toplevel() on ptolemy.moml.MoMLSimpleApplication@18318c52
reloadAllAccessors: .MatrixCropBoolean

===========================================================================================
----------------- testing Wed Mar 04 18:51:41 UTC 2020 /home/travis/build/icyphy/ptII/ptolemy/actor/lib/test/auto/MatrixCropComplex.xml
----------------- Instantiating /home/travis/build/icyphy/ptII/ptolemy/actor/lib/test/auto/MatrixCropComplex.xml
2 ms. Memory: 522240K Free: 303686K (58%)
----------------- Invoking toplevel() on ptolemy.moml.MoMLSimpleApplication@48b3677e
----------------- Done invoking toplevel() on ptolemy.moml.MoMLSimpleApplication@48b3677e
reloadAllAccessors: .MatrixCropComplex

===========================================================================================
----------------- testing Wed Mar 04 18:51:41 UTC 2020 /home/travis/build/icyphy/ptII/ptolemy/actor/lib/test/auto/MatrixCropDouble.xml
----------------- Instantiating /home/travis/build/icyphy/ptII/ptolemy/actor/lib/test/auto/MatrixCropDouble.xml
2 ms. Memory: 522240K Free: 298566K (57%)
----------------- Invoking toplevel() on ptolemy.moml.MoMLSimpleApplication@646cf2f8
----------------- Done invoking toplevel() on ptolemy.moml.MoMLSimpleApplication@646cf2f8
reloadAllAccessors: .MatrixCropDouble

===========================================================================================
----------------- testing Wed Mar 04 18:51:41 UTC 2020 /home/travis/build/icyphy/ptII/ptolemy/actor/lib/test/auto/MatrixCropFix.xml
----------------- Instantiating /home/travis/build/icyphy/ptII/ptolemy/actor/lib/test/auto/MatrixCropFix.xml
1 ms. Memory: 522240K Free: 293446K (56%)
----------------- Invoking toplevel() on ptolemy.moml.MoMLSimpleApplication@4ef2b472
----------------- Done invoking toplevel() on ptolemy.moml.MoMLSimpleApplication@4ef2b472
reloadAllAccessors: .MatrixCropFix

===========================================================================================
----------------- testing Wed Mar 04 18:51:41 UTC 2020 /home/travis/build/icyphy/ptII/ptolemy/actor/lib/test/auto/MatrixCropInt.xml
----------------- Instantiating /home/travis/build/icyphy/ptII/ptolemy/actor/lib/test/auto/MatrixCropInt.xml
1 ms. Memory: 522240K Free: 288326K (55%)
----------------- Invoking toplevel() on ptolemy.moml.MoMLSimpleApplication@82af6e5
----------------- Done invoking toplevel() on ptolemy.moml.MoMLSimpleApplication@82af6e5
reloadAllAccessors: .MatrixCropInt

===========================================================================================
----------------- testing Wed Mar 04 18:51:41 UTC 2020 /home/travis/build/icyphy/ptII/ptolemy/actor/lib/test/auto/MatrixCropLong.xml
----------------- Instantiating /home/travis/build/icyphy/ptII/ptolemy/actor/lib/test/auto/MatrixCropLong.xml
1 ms. Memory: 522240K Free: 283710K (54%)
----------------- Invoking toplevel() on ptolemy.moml.MoMLSimpleApplication@4b44eb97
----------------- Done invoking toplevel() on ptolemy.moml.MoMLSimpleApplication@4b44eb97
reloadAllAccessors: .MatrixCropLong

===========================================================================================
----------------- testing Wed Mar 04 18:51:41 UTC 2020 /home/travis/build/icyphy/ptII/ptolemy/actor/lib/test/auto/MatrixToArray.xml
----------------- Instantiating /home/travis/build/icyphy/ptII/ptolemy/actor/lib/test/auto/MatrixToArray.xml
5 ms. Memory: 522240K Free: 268870K (51%)
----------------- Invoking toplevel() on ptolemy.moml.MoMLSimpleApplication@3df449c5
----------------- Done invoking toplevel() on ptolemy.moml.MoMLSimpleApplication@3df449c5
reloadAllAccessors: .MatrixToArray

===========================================================================================
----------------- testing Wed Mar 04 18:51:41 UTC 2020 /home/travis/build/icyphy/ptII/ptolemy/actor/lib/test/auto/MaxIndex.xml
----------------- Instantiating /home/travis/build/icyphy/ptII/ptolemy/actor/lib/test/auto/MaxIndex.xml
8 ms. Memory: 522240K Free: 263750K (51%)
----------------- Invoking toplevel() on ptolemy.moml.MoMLSimpleApplication@419be90c
----------------- Done invoking toplevel() on ptolemy.moml.MoMLSimpleApplication@419be90c
reloadAllAccessors: .MaxIndex

===========================================================================================
----------------- testing Wed Mar 04 18:51:41 UTC 2020 /home/travis/build/icyphy/ptII/ptolemy/actor/lib/test/auto/Maximum.xml
----------------- Instantiating /home/travis/build/icyphy/ptII/ptolemy/actor/lib/test/auto/Maximum.xml
6 ms. Memory: 522240K Free: 257062K (49%)
----------------- Invoking toplevel() on ptolemy.moml.MoMLSimpleApplication@722b626d
----------------- Done invoking toplevel() on ptolemy.moml.MoMLSimpleApplication@722b626d
reloadAllAccessors: .Maximum

===========================================================================================
----------------- testing Wed Mar 04 18:51:41 UTC 2020 /home/travis/build/icyphy/ptII/ptolemy/actor/lib/test/auto/MaximumComplex.xml
----------------- Instantiating /home/travis/build/icyphy/ptII/ptolemy/actor/lib/test/auto/MaximumComplex.xml
4 ms. Memory: 522240K Free: 250934K (48%)
----------------- Invoking toplevel() on ptolemy.moml.MoMLSimpleApplication@7c89405c
----------------- Done invoking toplevel() on ptolemy.moml.MoMLSimpleApplication@7c89405c
reloadAllAccessors: .MaximumComplex

===========================================================================================
----------------- testing Wed Mar 04 18:51:41 UTC 2020 /home/travis/build/icyphy/ptII/ptolemy/actor/lib/test/auto/MethodCallTest.xml
----------------- Instantiating /home/travis/build/icyphy/ptII/ptolemy/actor/lib/test/auto/MethodCallTest.xml
7 ms. Memory: 522240K Free: 244804K (47%)
----------------- Invoking toplevel() on ptolemy.moml.MoMLSimpleApplication@29bc1c80
----------------- Done invoking toplevel() on ptolemy.moml.MoMLSimpleApplication@29bc1c80
reloadAllAccessors: .MethodCallTest

===========================================================================================
----------------- testing Wed Mar 04 18:51:41 UTC 2020 /home/travis/build/icyphy/ptII/ptolemy/actor/lib/test/auto/Minimum.xml
----------------- Instantiating /home/travis/build/icyphy/ptII/ptolemy/actor/lib/test/auto/Minimum.xml
2 ms. Memory: 522240K Free: 238150K (46%)
----------------- Invoking toplevel() on ptolemy.moml.MoMLSimpleApplication@25b86583
----------------- Done invoking toplevel() on ptolemy.moml.MoMLSimpleApplication@25b86583
reloadAllAccessors: .Minimum

===========================================================================================
----------------- testing Wed Mar 04 18:51:41 UTC 2020 /home/travis/build/icyphy/ptII/ptolemy/actor/lib/test/auto/MinimumComplex.xml
----------------- Instantiating /home/travis/build/icyphy/ptII/ptolemy/actor/lib/test/auto/MinimumComplex.xml
2 ms. Memory: 522240K Free: 232006K (44%)
----------------- Invoking toplevel() on ptolemy.moml.MoMLSimpleApplication@41bcbc1c
----------------- Done invoking toplevel() on ptolemy.moml.MoMLSimpleApplication@41bcbc1c
reloadAllAccessors: .MinimumComplex

===========================================================================================
----------------- testing Wed Mar 04 18:51:41 UTC 2020 /home/travis/build/icyphy/ptII/ptolemy/actor/lib/test/auto/MinimumMultiports.xml
----------------- Instantiating /home/travis/build/icyphy/ptII/ptolemy/actor/lib/test/auto/MinimumMultiports.xml
3 ms. Memory: 522240K Free: 223270K (43%)
----------------- Invoking toplevel() on ptolemy.moml.MoMLSimpleApplication@97de51f
----------------- Done invoking toplevel() on ptolemy.moml.MoMLSimpleApplication@97de51f
reloadAllAccessors: .MinimumMultiports

===========================================================================================
----------------- testing Wed Mar 04 18:51:41 UTC 2020 /home/travis/build/icyphy/ptII/ptolemy/actor/lib/test/auto/ModifyDate.xml
----------------- Instantiating /home/travis/build/icyphy/ptII/ptolemy/actor/lib/test/auto/ModifyDate.xml
6 ms. Memory: 522240K Free: 210502K (40%)
----------------- Invoking toplevel() on ptolemy.moml.MoMLSimpleApplication@40c6f682
----------------- Done invoking toplevel() on ptolemy.moml.MoMLSimpleApplication@40c6f682
reloadAllAccessors: .ModifyDate

===========================================================================================
----------------- testing Wed Mar 04 18:51:41 UTC 2020 /home/travis/build/icyphy/ptII/ptolemy/actor/lib/test/auto/ModifyDate2.xml
----------------- Instantiating /home/travis/build/icyphy/ptII/ptolemy/actor/lib/test/auto/ModifyDate2.xml
8 ms. Memory: 522240K Free: 202310K (39%)
----------------- Invoking toplevel() on ptolemy.moml.MoMLSimpleApplication@e970031
----------------- Done invoking toplevel() on ptolemy.moml.MoMLSimpleApplication@e970031
reloadAllAccessors: .ModifyDate2

===========================================================================================
----------------- testing Wed Mar 04 18:51:41 UTC 2020 /home/travis/build/icyphy/ptII/ptolemy/actor/lib/test/auto/MovingAverage.xml
----------------- Instantiating /home/travis/build/icyphy/ptII/ptolemy/actor/lib/test/auto/MovingAverage.xml
1 ms. Memory: 522240K Free: 197190K (38%)
----------------- Invoking toplevel() on ptolemy.moml.MoMLSimpleApplication@238802d1
----------------- Done invoking toplevel() on ptolemy.moml.MoMLSimpleApplication@238802d1
reloadAllAccessors: .MovingAverage

===========================================================================================
----------------- testing Wed Mar 04 18:51:41 UTC 2020 /home/travis/build/icyphy/ptII/ptolemy/actor/lib/test/auto/MovingMaximum.xml
----------------- Instantiating /home/travis/build/icyphy/ptII/ptolemy/actor/lib/test/auto/MovingMaximum.xml
1 ms. Memory: 522240K Free: 192580K (37%)
----------------- Invoking toplevel() on ptolemy.moml.MoMLSimpleApplication@44f11f81
----------------- Done invoking toplevel() on ptolemy.moml.MoMLSimpleApplication@44f11f81
reloadAllAccessors: .MovingMaximum

===========================================================================================
----------------- testing Wed Mar 04 18:51:41 UTC 2020 /home/travis/build/icyphy/ptII/ptolemy/actor/lib/test/auto/MultipleLinksToSameRelation.xml
----------------- Instantiating /home/travis/build/icyphy/ptII/ptolemy/actor/lib/test/auto/MultipleLinksToSameRelation.xml
2 ms. Memory: 522240K Free: 188484K (36%)
----------------- Invoking toplevel() on ptolemy.moml.MoMLSimpleApplication@2f401880
----------------- Done invoking toplevel() on ptolemy.moml.MoMLSimpleApplication@2f401880
reloadAllAccessors: .MultipleLinksToSameRelation

===========================================================================================
----------------- testing Wed Mar 04 18:51:41 UTC 2020 /home/travis/build/icyphy/ptII/ptolemy/actor/lib/test/auto/MultipleLinksToSameRelationDE.xml
----------------- Instantiating /home/travis/build/icyphy/ptII/ptolemy/actor/lib/test/auto/MultipleLinksToSameRelationDE.xml
8 ms. Memory: 522240K Free: 183878K (35%)
----------------- Invoking toplevel() on ptolemy.moml.MoMLSimpleApplication@14c58785
----------------- Done invoking toplevel() on ptolemy.moml.MoMLSimpleApplication@14c58785
reloadAllAccessors: .MultipleLinksToSameRelationDE

===========================================================================================
----------------- testing Wed Mar 04 18:51:41 UTC 2020 /home/travis/build/icyphy/ptII/ptolemy/actor/lib/test/auto/Multiplexor.xml
----------------- Instantiating /home/travis/build/icyphy/ptII/ptolemy/actor/lib/test/auto/Multiplexor.xml
2 ms. Memory: 522240K Free: 178758K (34%)
----------------- Invoking toplevel() on ptolemy.moml.MoMLSimpleApplication@94cabf5
----------------- Done invoking toplevel() on ptolemy.moml.MoMLSimpleApplication@94cabf5
reloadAllAccessors: .Multiplexor

===========================================================================================
----------------- testing Wed Mar 04 18:51:41 UTC 2020 /home/travis/build/icyphy/ptII/ptolemy/actor/lib/test/auto/Multiplexor1.xml
----------------- Instantiating /home/travis/build/icyphy/ptII/ptolemy/actor/lib/test/auto/Multiplexor1.xml
2 ms. Memory: 522240K Free: 173118K (33%)
----------------- Invoking toplevel() on ptolemy.moml.MoMLSimpleApplication@1dac59de
----------------- Done invoking toplevel() on ptolemy.moml.MoMLSimpleApplication@1dac59de
reloadAllAccessors: .Multiplexor1

===========================================================================================
----------------- testing Wed Mar 04 18:51:41 UTC 2020 /home/travis/build/icyphy/ptII/ptolemy/actor/lib/test/auto/Multiplexor2.xml
----------------- Instantiating /home/travis/build/icyphy/ptII/ptolemy/actor/lib/test/auto/Multiplexor2.xml
6 ms. Memory: 522240K Free: 166470K (32%)
----------------- Invoking toplevel() on ptolemy.moml.MoMLSimpleApplication@7084d0ec
----------------- Done invoking toplevel() on ptolemy.moml.MoMLSimpleApplication@7084d0ec
reloadAllAccessors: .Multiplexor2

===========================================================================================
----------------- testing Wed Mar 04 18:51:41 UTC 2020 /home/travis/build/icyphy/ptII/ptolemy/actor/lib/test/auto/Multiplexor3.xml
----------------- Instantiating /home/travis/build/icyphy/ptII/ptolemy/actor/lib/test/auto/Multiplexor3.xml
2 ms. Memory: 522240K Free: 471899K (90%)
----------------- Invoking toplevel() on ptolemy.moml.MoMLSimpleApplication@755e4225
----------------- Done invoking toplevel() on ptolemy.moml.MoMLSimpleApplication@755e4225
reloadAllAccessors: .Multiplexor3

===========================================================================================
----------------- testing Wed Mar 04 18:51:41 UTC 2020 /home/travis/build/icyphy/ptII/ptolemy/actor/lib/test/auto/MultiplexorDE.xml
----------------- Instantiating /home/travis/build/icyphy/ptII/ptolemy/actor/lib/test/auto/MultiplexorDE.xml
3 ms. Memory: 522240K Free: 464187K (89%)
----------------- Invoking toplevel() on ptolemy.moml.MoMLSimpleApplication@422a2c6e
----------------- Done invoking toplevel() on ptolemy.moml.MoMLSimpleApplication@422a2c6e
reloadAllAccessors: .MultiplexorDE

===========================================================================================
----------------- testing Wed Mar 04 18:51:41 UTC 2020 /home/travis/build/icyphy/ptII/ptolemy/actor/lib/test/auto/MultiportBroadcastTest.xml
----------------- Instantiating /home/travis/build/icyphy/ptII/ptolemy/actor/lib/test/auto/MultiportBroadcastTest.xml
77 ms. Memory: 522240K Free: 457563K (88%)
----------------- Invoking toplevel() on ptolemy.moml.MoMLSimpleApplication@47f8fec1
----------------- Done invoking toplevel() on ptolemy.moml.MoMLSimpleApplication@47f8fec1
reloadAllAccessors: .MultiportBroadcastTest

===========================================================================================
----------------- testing Wed Mar 04 18:51:41 UTC 2020 /home/travis/build/icyphy/ptII/ptolemy/actor/lib/test/auto/MultiportOutHangDuringGetWidth.xml
----------------- Instantiating /home/travis/build/icyphy/ptII/ptolemy/actor/lib/test/auto/MultiportOutHangDuringGetWidth.xml
4 ms. Memory: 522240K Free: 445275K (85%)
----------------- Invoking toplevel() on ptolemy.moml.MoMLSimpleApplication@738a2159
----------------- Done invoking toplevel() on ptolemy.moml.MoMLSimpleApplication@738a2159
reloadAllAccessors: .MultiportOutHangDuringGetWidth

===========================================================================================
----------------- testing Wed Mar 04 18:51:41 UTC 2020 /home/travis/build/icyphy/ptII/ptolemy/actor/lib/test/auto/NilToken.xml
----------------- Instantiating /home/travis/build/icyphy/ptII/ptolemy/actor/lib/test/auto/NilToken.xml
1 ms. Memory: 522240K Free: 441179K (84%)
----------------- Invoking toplevel() on ptolemy.moml.MoMLSimpleApplication@2cb6dba4
----------------- Done invoking toplevel() on ptolemy.moml.MoMLSimpleApplication@2cb6dba4
reloadAllAccessors: .NilToken

===========================================================================================
----------------- testing Wed Mar 04 18:51:41 UTC 2020 /home/travis/build/icyphy/ptII/ptolemy/actor/lib/test/auto/NilTokenNonStrictTest.xml
----------------- Instantiating /home/travis/build/icyphy/ptII/ptolemy/actor/lib/test/auto/NilTokenNonStrictTest.xml
1 ms. Memory: 522240K Free: 436569K (84%)
----------------- Invoking toplevel() on ptolemy.moml.MoMLSimpleApplication@14fabdad
----------------- Done invoking toplevel() on ptolemy.moml.MoMLSimpleApplication@14fabdad
reloadAllAccessors: .NilTokenNonStrictTest

===========================================================================================
----------------- testing Wed Mar 04 18:51:41 UTC 2020 /home/travis/build/icyphy/ptII/ptolemy/actor/lib/test/auto/NilTokenRecord.xml
----------------- Instantiating /home/travis/build/icyphy/ptII/ptolemy/actor/lib/test/auto/NilTokenRecord.xml
4 ms. Memory: 522240K Free: 430425K (82%)
----------------- Invoking toplevel() on ptolemy.moml.MoMLSimpleApplication@445dc134
----------------- Done invoking toplevel() on ptolemy.moml.MoMLSimpleApplication@445dc134
reloadAllAccessors: .NilTokenRecord

===========================================================================================
----------------- testing Wed Mar 04 18:51:41 UTC 2020 /home/travis/build/icyphy/ptII/ptolemy/actor/lib/test/auto/NilTokenTypeTest.xml
----------------- Instantiating /home/travis/build/icyphy/ptII/ptolemy/actor/lib/test/auto/NilTokenTypeTest.xml
5 ms. Memory: 522240K Free: 420699K (81%)
----------------- Invoking toplevel() on ptolemy.moml.MoMLSimpleApplication@2f53e54
----------------- Done invoking toplevel() on ptolemy.moml.MoMLSimpleApplication@2f53e54
reloadAllAccessors: .NilTokenTypeTest

===========================================================================================
----------------- testing Wed Mar 04 18:51:41 UTC 2020 /home/travis/build/icyphy/ptII/ptolemy/actor/lib/test/auto/ObjectToken1.xml
----------------- Instantiating /home/travis/build/icyphy/ptII/ptolemy/actor/lib/test/auto/ObjectToken1.xml
2 ms. Memory: 522240K Free: 416603K (80%)
----------------- Invoking toplevel() on ptolemy.moml.MoMLSimpleApplication@6e8cb63e
----------------- Done invoking toplevel() on ptolemy.moml.MoMLSimpleApplication@6e8cb63e
reloadAllAccessors: .ObjectToken1

===========================================================================================
----------------- testing Wed Mar 04 18:51:41 UTC 2020 /home/travis/build/icyphy/ptII/ptolemy/actor/lib/test/auto/OrderedMerge.xml
----------------- Instantiating /home/travis/build/icyphy/ptII/ptolemy/actor/lib/test/auto/OrderedMerge.xml
6 ms. Memory: 522240K Free: 410969K (79%)
----------------- Invoking toplevel() on ptolemy.moml.MoMLSimpleApplication@62d37236
----------------- Done invoking toplevel() on ptolemy.moml.MoMLSimpleApplication@62d37236
reloadAllAccessors: .OrderedMerge

===========================================================================================
----------------- testing Wed Mar 04 18:51:41 UTC 2020 /home/travis/build/icyphy/ptII/ptolemy/actor/lib/test/auto/OrderedRecordDisassembler.xml
----------------- Instantiating /home/travis/build/icyphy/ptII/ptolemy/actor/lib/test/auto/OrderedRecordDisassembler.xml
2 ms. Memory: 522240K Free: 405819K (78%)
----------------- Invoking toplevel() on ptolemy.moml.MoMLSimpleApplication@590528f0
----------------- Done invoking toplevel() on ptolemy.moml.MoMLSimpleApplication@590528f0
reloadAllAccessors: .OrderedRecordDisassembler

===========================================================================================
----------------- testing Wed Mar 04 18:51:41 UTC 2020 /home/travis/build/icyphy/ptII/ptolemy/actor/lib/test/auto/OrderedRecordDisassembler2.xml
----------------- Instantiating /home/travis/build/icyphy/ptII/ptolemy/actor/lib/test/auto/OrderedRecordDisassembler2.xml
3 ms. Memory: 522240K Free: 398171K (76%)
----------------- Invoking toplevel() on ptolemy.moml.MoMLSimpleApplication@11a2d47e
----------------- Done invoking toplevel() on ptolemy.moml.MoMLSimpleApplication@11a2d47e
reloadAllAccessors: .OrderedRecordDisassembler2

===========================================================================================
----------------- testing Wed Mar 04 18:51:41 UTC 2020 /home/travis/build/icyphy/ptII/ptolemy/actor/lib/test/auto/OrderedRecordUpdater.xml
----------------- Instantiating /home/travis/build/icyphy/ptII/ptolemy/actor/lib/test/auto/OrderedRecordUpdater.xml
1 ms. Memory: 522240K Free: 393051K (75%)
----------------- Invoking toplevel() on ptolemy.moml.MoMLSimpleApplication@5da02d8e
----------------- Done invoking toplevel() on ptolemy.moml.MoMLSimpleApplication@5da02d8e
reloadAllAccessors: .RecordUpdater

===========================================================================================
----------------- testing Wed Mar 04 18:51:41 UTC 2020 /home/travis/build/icyphy/ptII/ptolemy/actor/lib/test/auto/OrderedRecordUpdater2.xml
----------------- Instantiating /home/travis/build/icyphy/ptII/ptolemy/actor/lib/test/auto/OrderedRecordUpdater2.xml
1 ms. Memory: 522240K Free: 388441K (74%)
----------------- Invoking toplevel() on ptolemy.moml.MoMLSimpleApplication@73d4ace1
----------------- Done invoking toplevel() on ptolemy.moml.MoMLSimpleApplication@73d4ace1
reloadAllAccessors: .RecordUpdater2

===========================================================================================
----------------- testing Wed Mar 04 18:51:41 UTC 2020 /home/travis/build/icyphy/ptII/ptolemy/actor/lib/test/auto/PhaseUnwrap.xml
----------------- Instantiating /home/travis/build/icyphy/ptII/ptolemy/actor/lib/test/auto/PhaseUnwrap.xml
1 ms. Memory: 522240K Free: 383835K (73%)
----------------- Invoking toplevel() on ptolemy.moml.MoMLSimpleApplication@43f6bf7f
----------------- Done invoking toplevel() on ptolemy.moml.MoMLSimpleApplication@43f6bf7f
reloadAllAccessors: .PhaseUnwrap

===========================================================================================
----------------- testing Wed Mar 04 18:51:41 UTC 2020 /home/travis/build/icyphy/ptII/ptolemy/actor/lib/test/auto/PoissonClock.xml
----------------- Instantiating /home/travis/build/icyphy/ptII/ptolemy/actor/lib/test/auto/PoissonClock.xml
1 ms. Memory: 522240K Free: 379739K (73%)
----------------- Invoking toplevel() on ptolemy.moml.MoMLSimpleApplication@293a9051
----------------- Done invoking toplevel() on ptolemy.moml.MoMLSimpleApplication@293a9051
reloadAllAccessors: .PoissonClock

===========================================================================================
----------------- testing Wed Mar 04 18:51:41 UTC 2020 /home/travis/build/icyphy/ptII/ptolemy/actor/lib/test/auto/PoissonClock2.xml
----------------- Instantiating /home/travis/build/icyphy/ptII/ptolemy/actor/lib/test/auto/PoissonClock2.xml
1 ms. Memory: 522240K Free: 375129K (72%)
----------------- Invoking toplevel() on ptolemy.moml.MoMLSimpleApplication@78c8f37d
----------------- Done invoking toplevel() on ptolemy.moml.MoMLSimpleApplication@78c8f37d
reloadAllAccessors: .PoissonClock2

===========================================================================================
----------------- testing Wed Mar 04 18:51:41 UTC 2020 /home/travis/build/icyphy/ptII/ptolemy/actor/lib/test/auto/PoissonClock3.xml
----------------- Instantiating /home/travis/build/icyphy/ptII/ptolemy/actor/lib/test/auto/PoissonClock3.xml
1 ms. Memory: 522240K Free: 370523K (71%)
----------------- Invoking toplevel() on ptolemy.moml.MoMLSimpleApplication@edee6e5
----------------- Done invoking toplevel() on ptolemy.moml.MoMLSimpleApplication@edee6e5
reloadAllAccessors: .PoissonClock3

===========================================================================================
----------------- testing Wed Mar 04 18:51:41 UTC 2020 /home/travis/build/icyphy/ptII/ptolemy/actor/lib/test/auto/PubSubWithInitialTokens.xml
----------------- Instantiating /home/travis/build/icyphy/ptII/ptolemy/actor/lib/test/auto/PubSubWithInitialTokens.xml
2 ms. Memory: 522240K Free: 364883K (70%)
----------------- Invoking toplevel() on ptolemy.moml.MoMLSimpleApplication@48317532
----------------- Done invoking toplevel() on ptolemy.moml.MoMLSimpleApplication@48317532
reloadAllAccessors: .PubSubWithInitialTokens

===========================================================================================
----------------- testing Wed Mar 04 18:51:41 UTC 2020 /home/travis/build/icyphy/ptII/ptolemy/actor/lib/test/auto/PubSubWithInitialTokens2.xml
----------------- Instantiating /home/travis/build/icyphy/ptII/ptolemy/actor/lib/test/auto/PubSubWithInitialTokens2.xml
2 ms. Memory: 522240K Free: 358739K (69%)
----------------- Invoking toplevel() on ptolemy.moml.MoMLSimpleApplication@17b5beb6
----------------- Done invoking toplevel() on ptolemy.moml.MoMLSimpleApplication@17b5beb6
reloadAllAccessors: .PubSubWithInitialTokens2

===========================================================================================
----------------- testing Wed Mar 04 18:51:42 UTC 2020 /home/travis/build/icyphy/ptII/ptolemy/actor/lib/test/auto/PublisherClassNoParameter.xml
----------------- Instantiating /home/travis/build/icyphy/ptII/ptolemy/actor/lib/test/auto/PublisherClassNoParameter.xml
2 ms. Memory: 522240K Free: 349019K (67%)
----------------- Invoking toplevel() on ptolemy.moml.MoMLSimpleApplication@a7e34a6
----------------- Done invoking toplevel() on ptolemy.moml.MoMLSimpleApplication@a7e34a6
reloadAllAccessors: .PublisherClassNoParameter

===========================================================================================
----------------- testing Wed Mar 04 18:51:42 UTC 2020 /home/travis/build/icyphy/ptII/ptolemy/actor/lib/test/auto/PublisherClassParameter.xml
----------------- Instantiating /home/travis/build/icyphy/ptII/ptolemy/actor/lib/test/auto/PublisherClassParameter.xml
1 ms. Memory: 522240K Free: 338265K (65%)
----------------- Invoking toplevel() on ptolemy.moml.MoMLSimpleApplication@eb6a505
----------------- Done invoking toplevel() on ptolemy.moml.MoMLSimpleApplication@eb6a505
reloadAllAccessors: .PublisherClassParameter

===========================================================================================
----------------- testing Wed Mar 04 18:51:42 UTC 2020 /home/travis/build/icyphy/ptII/ptolemy/actor/lib/test/auto/PublisherNonStrictTest.xml
----------------- Instantiating /home/travis/build/icyphy/ptII/ptolemy/actor/lib/test/auto/PublisherNonStrictTest.xml
5 ms. Memory: 522240K Free: 330587K (63%)
----------------- Invoking toplevel() on ptolemy.moml.MoMLSimpleApplication@238bc3e7
----------------- Done invoking toplevel() on ptolemy.moml.MoMLSimpleApplication@238bc3e7
reloadAllAccessors: .PublisherNonStrictTest

===========================================================================================
----------------- testing Wed Mar 04 18:51:42 UTC 2020 /home/travis/build/icyphy/ptII/ptolemy/actor/lib/test/auto/PublisherPort1.xml
----------------- Instantiating /home/travis/build/icyphy/ptII/ptolemy/actor/lib/test/auto/PublisherPort1.xml
2 ms. Memory: 522240K Free: 324939K (62%)
----------------- Invoking toplevel() on ptolemy.moml.MoMLSimpleApplication@5b8d0647
----------------- Done invoking toplevel() on ptolemy.moml.MoMLSimpleApplication@5b8d0647
reloadAllAccessors: .PublisherPort1

===========================================================================================
----------------- testing Wed Mar 04 18:51:42 UTC 2020 /home/travis/build/icyphy/ptII/ptolemy/actor/lib/test/auto/PublisherPort2.xml
----------------- Instantiating /home/travis/build/icyphy/ptII/ptolemy/actor/lib/test/auto/PublisherPort2.xml
1 ms. Memory: 522240K Free: 319833K (61%)
----------------- Invoking toplevel() on ptolemy.moml.MoMLSimpleApplication@5fb766bd
----------------- Done invoking toplevel() on ptolemy.moml.MoMLSimpleApplication@5fb766bd
reloadAllAccessors: .PublisherPort2

===========================================================================================
----------------- testing Wed Mar 04 18:51:42 UTC 2020 /home/travis/build/icyphy/ptII/ptolemy/actor/lib/test/auto/PublisherPort3.xml
----------------- Instantiating /home/travis/build/icyphy/ptII/ptolemy/actor/lib/test/auto/PublisherPort3.xml
9 ms. Memory: 522240K Free: 313179K (60%)
----------------- Invoking toplevel() on ptolemy.moml.MoMLSimpleApplication@27f43533
----------------- Done invoking toplevel() on ptolemy.moml.MoMLSimpleApplication@27f43533
reloadAllAccessors: .PublisherPort3

===========================================================================================
----------------- testing Wed Mar 04 18:51:42 UTC 2020 /home/travis/build/icyphy/ptII/ptolemy/actor/lib/test/auto/PublisherPort4.xml
----------------- Instantiating /home/travis/build/icyphy/ptII/ptolemy/actor/lib/test/auto/PublisherPort4.xml
2 ms. Memory: 522240K Free: 307531K (59%)
----------------- Invoking toplevel() on ptolemy.moml.MoMLSimpleApplication@462433da
----------------- Done invoking toplevel() on ptolemy.moml.MoMLSimpleApplication@462433da
reloadAllAccessors: .PublisherPort4

===========================================================================================
----------------- testing Wed Mar 04 18:51:42 UTC 2020 /home/travis/build/icyphy/ptII/ptolemy/actor/lib/test/auto/PublisherPort5.xml
----------------- Instantiating /home/travis/build/icyphy/ptII/ptolemy/actor/lib/test/auto/PublisherPort5.xml
3 ms. Memory: 522240K Free: 299867K (57%)
----------------- Invoking toplevel() on ptolemy.moml.MoMLSimpleApplication@2bc6b1eb
----------------- Done invoking toplevel() on ptolemy.moml.MoMLSimpleApplication@2bc6b1eb
reloadAllAccessors: .PublisherPort5

===========================================================================================
----------------- testing Wed Mar 04 18:51:42 UTC 2020 /home/travis/build/icyphy/ptII/ptolemy/actor/lib/test/auto/PublisherPort5LookAlike.xml
----------------- Instantiating /home/travis/build/icyphy/ptII/ptolemy/actor/lib/test/auto/PublisherPort5LookAlike.xml
7 ms. Memory: 522240K Free: 292185K (56%)
----------------- Invoking toplevel() on ptolemy.moml.MoMLSimpleApplication@6307f183
----------------- Done invoking toplevel() on ptolemy.moml.MoMLSimpleApplication@6307f183
reloadAllAccessors: .PublisherPort5LookAlike

===========================================================================================
----------------- testing Wed Mar 04 18:51:42 UTC 2020 /home/travis/build/icyphy/ptII/ptolemy/actor/lib/test/auto/PublisherPort6.xml
----------------- Instantiating /home/travis/build/icyphy/ptII/ptolemy/actor/lib/test/auto/PublisherPort6.xml
2 ms. Memory: 522240K Free: 286041K (55%)
----------------- Invoking toplevel() on ptolemy.moml.MoMLSimpleApplication@3fd0ace4
----------------- Done invoking toplevel() on ptolemy.moml.MoMLSimpleApplication@3fd0ace4
reloadAllAccessors: .PublisherPort6

===========================================================================================
----------------- testing Wed Mar 04 18:51:42 UTC 2020 /home/travis/build/icyphy/ptII/ptolemy/actor/lib/test/auto/PublisherPort7.xml
----------------- Instantiating /home/travis/build/icyphy/ptII/ptolemy/actor/lib/test/auto/PublisherPort7.xml
2 ms. Memory: 522240K Free: 278363K (53%)
----------------- Invoking toplevel() on ptolemy.moml.MoMLSimpleApplication@12a5075d
----------------- Done invoking toplevel() on ptolemy.moml.MoMLSimpleApplication@12a5075d
reloadAllAccessors: .PublisherPort7

===========================================================================================
----------------- testing Wed Mar 04 18:51:42 UTC 2020 /home/travis/build/icyphy/ptII/ptolemy/actor/lib/test/auto/PublisherPort8.xml
----------------- Instantiating /home/travis/build/icyphy/ptII/ptolemy/actor/lib/test/auto/PublisherPort8.xml
4 ms. Memory: 522240K Free: 269657K (52%)
----------------- Invoking toplevel() on ptolemy.moml.MoMLSimpleApplication@422ac164
----------------- Done invoking toplevel() on ptolemy.moml.MoMLSimpleApplication@422ac164
reloadAllAccessors: .PublisherPort8

===========================================================================================
----------------- testing Wed Mar 04 18:51:42 UTC 2020 /home/travis/build/icyphy/ptII/ptolemy/actor/lib/test/auto/PublisherPortSubscriberChannelVariablesAOC2.xml
----------------- Instantiating /home/travis/build/icyphy/ptII/ptolemy/actor/lib/test/auto/PublisherPortSubscriberChannelVariablesAOC2.xml
3 ms. Memory: 522240K Free: 251739K (48%)
----------------- Invoking toplevel() on ptolemy.moml.MoMLSimpleApplication@4fb4de4c
----------------- Done invoking toplevel() on ptolemy.moml.MoMLSimpleApplication@4fb4de4c
reloadAllAccessors: .PublisherPortSubscriberChannelVariablesAOC2

===========================================================================================
----------------- testing Wed Mar 04 18:51:42 UTC 2020 /home/travis/build/icyphy/ptII/ptolemy/actor/lib/test/auto/PublisherPortSubscriberOpaqueWidthInference.xml
----------------- Instantiating /home/travis/build/icyphy/ptII/ptolemy/actor/lib/test/auto/PublisherPortSubscriberOpaqueWidthInference.xml
3 ms. Memory: 522240K Free: 244051K (47%)
----------------- Invoking toplevel() on ptolemy.moml.MoMLSimpleApplication@192cc53f
----------------- Done invoking toplevel() on ptolemy.moml.MoMLSimpleApplication@192cc53f
reloadAllAccessors: .PublisherPortSubscriberOpaqueWidthInference

===========================================================================================
----------------- testing Wed Mar 04 18:51:42 UTC 2020 /home/travis/build/icyphy/ptII/ptolemy/actor/lib/test/auto/PublisherPortSubscriberPortAdjacent.xml
----------------- Instantiating /home/travis/build/icyphy/ptII/ptolemy/actor/lib/test/auto/PublisherPortSubscriberPortAdjacent.xml
1 ms. Memory: 522240K Free: 235865K (45%)
----------------- Invoking toplevel() on ptolemy.moml.MoMLSimpleApplication@6dc720c1
----------------- Done invoking toplevel() on ptolemy.moml.MoMLSimpleApplication@6dc720c1
reloadAllAccessors: .PublisherPortSubscriberPortAdjacent

===========================================================================================
----------------- testing Wed Mar 04 18:51:42 UTC 2020 /home/travis/build/icyphy/ptII/ptolemy/actor/lib/test/auto/PublisherPortSubscriberPortExpression.xml
----------------- Instantiating /home/travis/build/icyphy/ptII/ptolemy/actor/lib/test/auto/PublisherPortSubscriberPortExpression.xml
4 ms. Memory: 522240K Free: 228187K (44%)
----------------- Invoking toplevel() on ptolemy.moml.MoMLSimpleApplication@55032e61
----------------- Done invoking toplevel() on ptolemy.moml.MoMLSimpleApplication@55032e61
reloadAllAccessors: .PublisherPortSubscriberPortExpression

===========================================================================================
----------------- testing Wed Mar 04 18:51:42 UTC 2020 /home/travis/build/icyphy/ptII/ptolemy/actor/lib/test/auto/PublisherPortSubscriberPortOpaqueD3Reverse.xml
----------------- Instantiating /home/travis/build/icyphy/ptII/ptolemy/actor/lib/test/auto/PublisherPortSubscriberPortOpaqueD3Reverse.xml
6 ms. Memory: 522240K Free: 217947K (42%)
----------------- Invoking toplevel() on ptolemy.moml.MoMLSimpleApplication@538b65ab
----------------- Done invoking toplevel() on ptolemy.moml.MoMLSimpleApplication@538b65ab
reloadAllAccessors: .PublisherPortSubscriberPortOpaqueD3Reverse

===========================================================================================
----------------- testing Wed Mar 04 18:51:42 UTC 2020 /home/travis/build/icyphy/ptII/ptolemy/actor/lib/test/auto/PublisherPortSubscriberPortOpaqueWidthInference.xml
----------------- Instantiating /home/travis/build/icyphy/ptII/ptolemy/actor/lib/test/auto/PublisherPortSubscriberPortOpaqueWidthInference.xml
3 ms. Memory: 522240K Free: 210251K (40%)
----------------- Invoking toplevel() on ptolemy.moml.MoMLSimpleApplication@30130057
----------------- Done invoking toplevel() on ptolemy.moml.MoMLSimpleApplication@30130057
reloadAllAccessors: .PublisherPortSubscriberPortOpaqueWidthInference

===========================================================================================
----------------- testing Wed Mar 04 18:51:42 UTC 2020 /home/travis/build/icyphy/ptII/ptolemy/actor/lib/test/auto/PublisherPortToplevelSubscriberPortAOC.xml
----------------- Instantiating /home/travis/build/icyphy/ptII/ptolemy/actor/lib/test/auto/PublisherPortToplevelSubscriberPortAOC.xml
.PublisherPortToplevelSubscriberPortAOC.TestExceptionAttribute: initialize() was not invoked, but wrapup() was.  This is unusual, but not always a problem.  For example, exporting JNLP will do this.
1 ms. Memory: 522240K Free: 204635K (39%)
----------------- Invoking toplevel() on ptolemy.moml.MoMLSimpleApplication@2e7bbe33
----------------- Done invoking toplevel() on ptolemy.moml.MoMLSimpleApplication@2e7bbe33
reloadAllAccessors: .PublisherPortToplevelSubscriberPortAOC

===========================================================================================
----------------- testing Wed Mar 04 18:51:42 UTC 2020 /home/travis/build/icyphy/ptII/ptolemy/actor/lib/test/auto/PublisherSubscriber.xml
----------------- Instantiating /home/travis/build/icyphy/ptII/ptolemy/actor/lib/test/auto/PublisherSubscriber.xml
2 ms. Memory: 522240K Free: 196923K (38%)
----------------- Invoking toplevel() on ptolemy.moml.MoMLSimpleApplication@570135c6
----------------- Done invoking toplevel() on ptolemy.moml.MoMLSimpleApplication@570135c6
reloadAllAccessors: .PublisherSubscriber

===========================================================================================
----------------- testing Wed Mar 04 18:51:42 UTC 2020 /home/travis/build/icyphy/ptII/ptolemy/actor/lib/test/auto/PublisherSubscriber10.xml
----------------- Instantiating /home/travis/build/icyphy/ptII/ptolemy/actor/lib/test/auto/PublisherSubscriber10.xml
6 ms. Memory: 522240K Free: 187227K (36%)
----------------- Invoking toplevel() on ptolemy.moml.MoMLSimpleApplication@470936e2
----------------- Done invoking toplevel() on ptolemy.moml.MoMLSimpleApplication@470936e2
reloadAllAccessors: .PublisherSubscriber10

===========================================================================================
----------------- testing Wed Mar 04 18:51:42 UTC 2020 /home/travis/build/icyphy/ptII/ptolemy/actor/lib/test/auto/PublisherSubscriber10InitialOutputs.xml
----------------- Instantiating /home/travis/build/icyphy/ptII/ptolemy/actor/lib/test/auto/PublisherSubscriber10InitialOutputs.xml
15 ms. Memory: 522240K Free: 178011K (34%)
----------------- Invoking toplevel() on ptolemy.moml.MoMLSimpleApplication@57f86ec9
----------------- Done invoking toplevel() on ptolemy.moml.MoMLSimpleApplication@57f86ec9
reloadAllAccessors: .PublisherSubscriber10InitialOutputs

===========================================================================================
----------------- testing Wed Mar 04 18:51:42 UTC 2020 /home/travis/build/icyphy/ptII/ptolemy/actor/lib/test/auto/PublisherSubscriber11.xml
----------------- Instantiating /home/travis/build/icyphy/ptII/ptolemy/actor/lib/test/auto/PublisherSubscriber11.xml
2 ms. Memory: 522240K Free: 172347K (33%)
----------------- Invoking toplevel() on ptolemy.moml.MoMLSimpleApplication@7252632a
----------------- Done invoking toplevel() on ptolemy.moml.MoMLSimpleApplication@7252632a
reloadAllAccessors: .PublisherSubscriber11

===========================================================================================
----------------- testing Wed Mar 04 18:51:42 UTC 2020 /home/travis/build/icyphy/ptII/ptolemy/actor/lib/test/auto/PublisherSubscriber12.xml
----------------- Instantiating /home/travis/build/icyphy/ptII/ptolemy/actor/lib/test/auto/PublisherSubscriber12.xml
4 ms. Memory: 522240K Free: 165209K (32%)
----------------- Invoking toplevel() on ptolemy.moml.MoMLSimpleApplication@58976119
----------------- Done invoking toplevel() on ptolemy.moml.MoMLSimpleApplication@58976119
reloadAllAccessors: .PublisherSubscriber12

===========================================================================================
----------------- testing Wed Mar 04 18:51:42 UTC 2020 /home/travis/build/icyphy/ptII/ptolemy/actor/lib/test/auto/PublisherSubscriber13.xml
----------------- Instantiating /home/travis/build/icyphy/ptII/ptolemy/actor/lib/test/auto/PublisherSubscriber13.xml
2 ms. Memory: 522240K Free: 468451K (90%)
----------------- Invoking toplevel() on ptolemy.moml.MoMLSimpleApplication@7ae08a8
----------------- Done invoking toplevel() on ptolemy.moml.MoMLSimpleApplication@7ae08a8
reloadAllAccessors: .PublisherSubscriber13

===========================================================================================
----------------- testing Wed Mar 04 18:51:42 UTC 2020 /home/travis/build/icyphy/ptII/ptolemy/actor/lib/test/auto/PublisherSubscriber14.xml
----------------- Instantiating /home/travis/build/icyphy/ptII/ptolemy/actor/lib/test/auto/PublisherSubscriber14.xml
2 ms. Memory: 522240K Free: 459731K (88%)
----------------- Invoking toplevel() on ptolemy.moml.MoMLSimpleApplication@15182867
----------------- Done invoking toplevel() on ptolemy.moml.MoMLSimpleApplication@15182867
reloadAllAccessors: .PublisherSubscriber14

===========================================================================================
----------------- testing Wed Mar 04 18:51:42 UTC 2020 /home/travis/build/icyphy/ptII/ptolemy/actor/lib/test/auto/PublisherSubscriber2.xml
----------------- Instantiating /home/travis/build/icyphy/ptII/ptolemy/actor/lib/test/auto/PublisherSubscriber2.xml
3 ms. Memory: 522240K Free: 454115K (87%)
----------------- Invoking toplevel() on ptolemy.moml.MoMLSimpleApplication@2978bdeb
----------------- Done invoking toplevel() on ptolemy.moml.MoMLSimpleApplication@2978bdeb
reloadAllAccessors: .PublisherSubscriber2

===========================================================================================
----------------- testing Wed Mar 04 18:51:42 UTC 2020 /home/travis/build/icyphy/ptII/ptolemy/actor/lib/test/auto/PublisherSubscriber3.xml
----------------- Instantiating /home/travis/build/icyphy/ptII/ptolemy/actor/lib/test/auto/PublisherSubscriber3.xml
2 ms. Memory: 522240K Free: 448451K (86%)
----------------- Invoking toplevel() on ptolemy.moml.MoMLSimpleApplication@56ca3717
----------------- Done invoking toplevel() on ptolemy.moml.MoMLSimpleApplication@56ca3717
reloadAllAccessors: .PublisherSubscriber3

===========================================================================================
----------------- testing Wed Mar 04 18:51:42 UTC 2020 /home/travis/build/icyphy/ptII/ptolemy/actor/lib/test/auto/PublisherSubscriber4.xml
----------------- Instantiating /home/travis/build/icyphy/ptII/ptolemy/actor/lib/test/auto/PublisherSubscriber4.xml
1 ms. Memory: 522240K Free: 443331K (85%)
----------------- Invoking toplevel() on ptolemy.moml.MoMLSimpleApplication@76cd1617
----------------- Done invoking toplevel() on ptolemy.moml.MoMLSimpleApplication@76cd1617
reloadAllAccessors: .PublisherSubscriber4

===========================================================================================
----------------- testing Wed Mar 04 18:51:42 UTC 2020 /home/travis/build/icyphy/ptII/ptolemy/actor/lib/test/auto/PublisherSubscriber5.xml
----------------- Instantiating /home/travis/build/icyphy/ptII/ptolemy/actor/lib/test/auto/PublisherSubscriber5.xml
2 ms. Memory: 522240K Free: 436707K (84%)
----------------- Invoking toplevel() on ptolemy.moml.MoMLSimpleApplication@6494e71b
----------------- Done invoking toplevel() on ptolemy.moml.MoMLSimpleApplication@6494e71b
reloadAllAccessors: .PublisherSubscriber5

===========================================================================================
----------------- testing Wed Mar 04 18:51:42 UTC 2020 /home/travis/build/icyphy/ptII/ptolemy/actor/lib/test/auto/PublisherSubscriber6.xml
----------------- Instantiating /home/travis/build/icyphy/ptII/ptolemy/actor/lib/test/auto/PublisherSubscriber6.xml
3 ms. Memory: 522240K Free: 430035K (82%)
----------------- Invoking toplevel() on ptolemy.moml.MoMLSimpleApplication@5431a53d
----------------- Done invoking toplevel() on ptolemy.moml.MoMLSimpleApplication@5431a53d
reloadAllAccessors: .PublisherSubscriber6

===========================================================================================
----------------- testing Wed Mar 04 18:51:42 UTC 2020 /home/travis/build/icyphy/ptII/ptolemy/actor/lib/test/auto/PublisherSubscriber7.xml
----------------- Instantiating /home/travis/build/icyphy/ptII/ptolemy/actor/lib/test/auto/PublisherSubscriber7.xml
7 ms. Memory: 522240K Free: 422881K (81%)
----------------- Invoking toplevel() on ptolemy.moml.MoMLSimpleApplication@4e683793
----------------- Done invoking toplevel() on ptolemy.moml.MoMLSimpleApplication@4e683793
reloadAllAccessors: .PublisherSubscriber7

===========================================================================================
----------------- testing Wed Mar 04 18:51:42 UTC 2020 /home/travis/build/icyphy/ptII/ptolemy/actor/lib/test/auto/PublisherSubscriber8.xml
----------------- Instantiating /home/travis/build/icyphy/ptII/ptolemy/actor/lib/test/auto/PublisherSubscriber8.xml
17 ms. Memory: 522240K Free: 411107K (79%)
----------------- Invoking toplevel() on ptolemy.moml.MoMLSimpleApplication@2455368e
----------------- Done invoking toplevel() on ptolemy.moml.MoMLSimpleApplication@2455368e
reloadAllAccessors: .PublisherSubscriber8

===========================================================================================
----------------- testing Wed Mar 04 18:51:42 UTC 2020 /home/travis/build/icyphy/ptII/ptolemy/actor/lib/test/auto/PublisherSubscriber9.xml
----------------- Instantiating /home/travis/build/icyphy/ptII/ptolemy/actor/lib/test/auto/PublisherSubscriber9.xml
2 ms. Memory: 522240K Free: 403939K (77%)
----------------- Invoking toplevel() on ptolemy.moml.MoMLSimpleApplication@72c38476
----------------- Done invoking toplevel() on ptolemy.moml.MoMLSimpleApplication@72c38476
reloadAllAccessors: .PublisherSubscriber9

===========================================================================================
----------------- testing Wed Mar 04 18:51:42 UTC 2020 /home/travis/build/icyphy/ptII/ptolemy/actor/lib/test/auto/PublisherSubscriberAdjacent.xml
----------------- Instantiating /home/travis/build/icyphy/ptII/ptolemy/actor/lib/test/auto/PublisherSubscriberAdjacent.xml
2 ms. Memory: 522240K Free: 395747K (76%)
----------------- Invoking toplevel() on ptolemy.moml.MoMLSimpleApplication@bd6b76d
----------------- Done invoking toplevel() on ptolemy.moml.MoMLSimpleApplication@bd6b76d
reloadAllAccessors: .PublisherSubscriberAdjacent

===========================================================================================
----------------- testing Wed Mar 04 18:51:42 UTC 2020 /home/travis/build/icyphy/ptII/ptolemy/actor/lib/test/auto/PublisherSubscriberChannelVariablesAOC2.xml
----------------- Instantiating /home/travis/build/icyphy/ptII/ptolemy/actor/lib/test/auto/PublisherSubscriberChannelVariablesAOC2.xml
2 ms. Memory: 522240K Free: 380897K (73%)
----------------- Invoking toplevel() on ptolemy.moml.MoMLSimpleApplication@1ebce5a8
----------------- Done invoking toplevel() on ptolemy.moml.MoMLSimpleApplication@1ebce5a8
reloadAllAccessors: .PublisherSubscriberChannelVariablesAOC2

===========================================================================================
----------------- testing Wed Mar 04 18:51:42 UTC 2020 /home/travis/build/icyphy/ptII/ptolemy/actor/lib/test/auto/PublisherSubscriberD3.xml
----------------- Instantiating /home/travis/build/icyphy/ptII/ptolemy/actor/lib/test/auto/PublisherSubscriberD3.xml
1 ms. Memory: 522240K Free: 373729K (72%)
----------------- Invoking toplevel() on ptolemy.moml.MoMLSimpleApplication@c5128a9
----------------- Done invoking toplevel() on ptolemy.moml.MoMLSimpleApplication@c5128a9
reloadAllAccessors: .PublisherSubscriberD3

===========================================================================================
----------------- testing Wed Mar 04 18:51:42 UTC 2020 /home/travis/build/icyphy/ptII/ptolemy/actor/lib/test/auto/PublisherSubscriberD3Reverse.xml
----------------- Instantiating /home/travis/build/icyphy/ptII/ptolemy/actor/lib/test/auto/PublisherSubscriberD3Reverse.xml
1 ms. Memory: 522240K Free: 367585K (70%)
----------------- Invoking toplevel() on ptolemy.moml.MoMLSimpleApplication@68e2fd81
----------------- Done invoking toplevel() on ptolemy.moml.MoMLSimpleApplication@68e2fd81
reloadAllAccessors: .PublisherSubscriberD3Reverse

===========================================================================================
----------------- testing Wed Mar 04 18:51:42 UTC 2020 /home/travis/build/icyphy/ptII/ptolemy/actor/lib/test/auto/PublisherSubscriberExpression.xml
----------------- Instantiating /home/travis/build/icyphy/ptII/ptolemy/actor/lib/test/auto/PublisherSubscriberExpression.xml
3 ms. Memory: 522240K Free: 359379K (69%)
----------------- Invoking toplevel() on ptolemy.moml.MoMLSimpleApplication@50b804f0
----------------- Done invoking toplevel() on ptolemy.moml.MoMLSimpleApplication@50b804f0
reloadAllAccessors: .PublisherSubscriberExpression

===========================================================================================
----------------- testing Wed Mar 04 18:51:42 UTC 2020 /home/travis/build/icyphy/ptII/ptolemy/actor/lib/test/auto/PublisherSubscriberOpaque.xml
----------------- Instantiating /home/travis/build/icyphy/ptII/ptolemy/actor/lib/test/auto/PublisherSubscriberOpaque.xml
3 ms. Memory: 522240K Free: 351201K (67%)
----------------- Invoking toplevel() on ptolemy.moml.MoMLSimpleApplication@40051e5e
----------------- Done invoking toplevel() on ptolemy.moml.MoMLSimpleApplication@40051e5e
reloadAllAccessors: .PublisherSubscriberOpaque

===========================================================================================
----------------- testing Wed Mar 04 18:51:42 UTC 2020 /home/travis/build/icyphy/ptII/ptolemy/actor/lib/test/auto/PublisherSubscriberOpaqueD3.xml
----------------- Instantiating /home/travis/build/icyphy/ptII/ptolemy/actor/lib/test/auto/PublisherSubscriberOpaqueD3.xml
4 ms. Memory: 522240K Free: 339427K (65%)
----------------- Invoking toplevel() on ptolemy.moml.MoMLSimpleApplication@29cca8e0
----------------- Done invoking toplevel() on ptolemy.moml.MoMLSimpleApplication@29cca8e0
reloadAllAccessors: .PublisherSubscriberOpaqueD3

===========================================================================================
----------------- testing Wed Mar 04 18:51:42 UTC 2020 /home/travis/build/icyphy/ptII/ptolemy/actor/lib/test/auto/PublisherSubscriberOpaqueD3Reverse.xml
----------------- Instantiating /home/travis/build/icyphy/ptII/ptolemy/actor/lib/test/auto/PublisherSubscriberOpaqueD3Reverse.xml
6 ms. Memory: 522240K Free: 328673K (63%)
----------------- Invoking toplevel() on ptolemy.moml.MoMLSimpleApplication@213c9392
----------------- Done invoking toplevel() on ptolemy.moml.MoMLSimpleApplication@213c9392
reloadAllAccessors: .PublisherSubscriberOpaqueD3Reverse

===========================================================================================
----------------- testing Wed Mar 04 18:51:42 UTC 2020 /home/travis/build/icyphy/ptII/ptolemy/actor/lib/test/auto/PublisherSubscriberOpaqueWidthInference.xml
----------------- Instantiating /home/travis/build/icyphy/ptII/ptolemy/actor/lib/test/auto/PublisherSubscriberOpaqueWidthInference.xml
4 ms. Memory: 522240K Free: 320467K (61%)
----------------- Invoking toplevel() on ptolemy.moml.MoMLSimpleApplication@557070ea
----------------- Done invoking toplevel() on ptolemy.moml.MoMLSimpleApplication@557070ea
reloadAllAccessors: .PublisherSubscriberOpaqueWidthInference

===========================================================================================
----------------- testing Wed Mar 04 18:51:42 UTC 2020 /home/travis/build/icyphy/ptII/ptolemy/actor/lib/test/auto/PublisherTestSubscriber.xml
----------------- Instantiating /home/travis/build/icyphy/ptII/ptolemy/actor/lib/test/auto/PublisherTestSubscriber.xml
2 ms. Memory: 522240K Free: 312803K (60%)
----------------- Invoking toplevel() on ptolemy.moml.MoMLSimpleApplication@2ad95a90
----------------- Done invoking toplevel() on ptolemy.moml.MoMLSimpleApplication@2ad95a90
reloadAllAccessors: .PublisherTestSubscriber

===========================================================================================
----------------- testing Wed Mar 04 18:51:42 UTC 2020 /home/travis/build/icyphy/ptII/ptolemy/actor/lib/test/auto/PublisherToplevelSubscriberPortAOC.xml
----------------- Instantiating /home/travis/build/icyphy/ptII/ptolemy/actor/lib/test/auto/PublisherToplevelSubscriberPortAOC.xml
1 ms. Memory: 522240K Free: 306659K (59%)
----------------- Invoking toplevel() on ptolemy.moml.MoMLSimpleApplication@663f4324
----------------- Done invoking toplevel() on ptolemy.moml.MoMLSimpleApplication@663f4324
reloadAllAccessors: .PublisherToplevelSubscriberPortAOC

===========================================================================================
----------------- testing Wed Mar 04 18:51:42 UTC 2020 /home/travis/build/icyphy/ptII/ptolemy/actor/lib/test/auto/PulseFiringLimitDE.xml
----------------- Instantiating /home/travis/build/icyphy/ptII/ptolemy/actor/lib/test/auto/PulseFiringLimitDE.xml
2 ms. Memory: 522240K Free: 300515K (58%)
----------------- Invoking toplevel() on ptolemy.moml.MoMLSimpleApplication@427e4a7b
----------------- Done invoking toplevel() on ptolemy.moml.MoMLSimpleApplication@427e4a7b
reloadAllAccessors: .PulseFiringLimitDE

===========================================================================================
----------------- testing Wed Mar 04 18:51:42 UTC 2020 /home/travis/build/icyphy/ptII/ptolemy/actor/lib/test/auto/Ramp1.xml
----------------- Instantiating /home/travis/build/icyphy/ptII/ptolemy/actor/lib/test/auto/Ramp1.xml
1 ms. Memory: 522240K Free: 295891K (57%)
----------------- Invoking toplevel() on ptolemy.moml.MoMLSimpleApplication@2398b5ec
----------------- Done invoking toplevel() on ptolemy.moml.MoMLSimpleApplication@2398b5ec
reloadAllAccessors: .Ramp1

===========================================================================================
----------------- testing Wed Mar 04 18:51:42 UTC 2020 /home/travis/build/icyphy/ptII/ptolemy/actor/lib/test/auto/RampFiringLimitDE.xml
----------------- Instantiating /home/travis/build/icyphy/ptII/ptolemy/actor/lib/test/auto/RampFiringLimitDE.xml
2 ms. Memory: 522240K Free: 289747K (55%)
----------------- Invoking toplevel() on ptolemy.moml.MoMLSimpleApplication@308ac180
----------------- Done invoking toplevel() on ptolemy.moml.MoMLSimpleApplication@308ac180
reloadAllAccessors: .RampFiringLimitDE

===========================================================================================
----------------- testing Wed Mar 04 18:51:42 UTC 2020 /home/travis/build/icyphy/ptII/ptolemy/actor/lib/test/auto/RampFiringLimitSDF.xml
----------------- Instantiating /home/travis/build/icyphy/ptII/ptolemy/actor/lib/test/auto/RampFiringLimitSDF.xml
2 ms. Memory: 522240K Free: 284627K (55%)
----------------- Invoking toplevel() on ptolemy.moml.MoMLSimpleApplication@382f8205
----------------- Done invoking toplevel() on ptolemy.moml.MoMLSimpleApplication@382f8205
reloadAllAccessors: .RampFiringLimitSDF

===========================================================================================
----------------- testing Wed Mar 04 18:51:42 UTC 2020 /home/travis/build/icyphy/ptII/ptolemy/actor/lib/test/auto/RandomInteger.xml
----------------- Instantiating /home/travis/build/icyphy/ptII/ptolemy/actor/lib/test/auto/RandomInteger.xml
1 ms. Memory: 522240K Free: 280545K (54%)
----------------- Invoking toplevel() on ptolemy.moml.MoMLSimpleApplication@5a671e64
----------------- Done invoking toplevel() on ptolemy.moml.MoMLSimpleApplication@5a671e64
reloadAllAccessors: .RandomInteger

===========================================================================================
----------------- testing Wed Mar 04 18:51:42 UTC 2020 /home/travis/build/icyphy/ptII/ptolemy/actor/lib/test/auto/ReadFile1.xml
----------------- Instantiating /home/travis/build/icyphy/ptII/ptolemy/actor/lib/test/auto/ReadFile1.xml
2 ms. Memory: 522240K Free: 275939K (53%)
----------------- Invoking toplevel() on ptolemy.moml.MoMLSimpleApplication@71261312
----------------- Done invoking toplevel() on ptolemy.moml.MoMLSimpleApplication@71261312
reloadAllAccessors: .ReadFile1

===========================================================================================
----------------- testing Wed Mar 04 18:51:42 UTC 2020 /home/travis/build/icyphy/ptII/ptolemy/actor/lib/test/auto/ReadFile2.xml
----------------- Instantiating /home/travis/build/icyphy/ptII/ptolemy/actor/lib/test/auto/ReadFile2.xml
1 ms. Memory: 522240K Free: 271843K (52%)
----------------- Invoking toplevel() on ptolemy.moml.MoMLSimpleApplication@4e58667
----------------- Done invoking toplevel() on ptolemy.moml.MoMLSimpleApplication@4e58667
reloadAllAccessors: .ReadFile2

===========================================================================================
----------------- testing Wed Mar 04 18:51:42 UTC 2020 /home/travis/build/icyphy/ptII/ptolemy/actor/lib/test/auto/Reader.xml
----------------- Instantiating /home/travis/build/icyphy/ptII/ptolemy/actor/lib/test/auto/Reader.xml
actor.lib.Reader is obsolete, use actor.lib.io.ExpressionReader instead
3 ms. Memory: 522240K Free: 267747K (51%)
----------------- Invoking toplevel() on ptolemy.moml.MoMLSimpleApplication@923ad51
----------------- Done invoking toplevel() on ptolemy.moml.MoMLSimpleApplication@923ad51
reloadAllAccessors: .Reader

===========================================================================================
----------------- testing Wed Mar 04 18:51:42 UTC 2020 /home/travis/build/icyphy/ptII/ptolemy/actor/lib/test/auto/RecordAssemblerDisplayNameTest.xml
----------------- Instantiating /home/travis/build/icyphy/ptII/ptolemy/actor/lib/test/auto/RecordAssemblerDisplayNameTest.xml
3393 ms. Memory: 522240K Free: 275897K (53%)
----------------- Invoking toplevel() on ptolemy.moml.MoMLSimpleApplication@15389dff
----------------- Done invoking toplevel() on ptolemy.moml.MoMLSimpleApplication@15389dff
reloadAllAccessors: .RecordAssemblerDisplayNameTest

===========================================================================================
----------------- testing Wed Mar 04 18:51:46 UTC 2020 /home/travis/build/icyphy/ptII/ptolemy/actor/lib/test/auto/RecordAssemblerTypeError.xml
----------------- Instantiating /home/travis/build/icyphy/ptII/ptolemy/actor/lib/test/auto/RecordAssemblerTypeError.xml
16 ms. Memory: 522240K Free: 266167K (51%)
----------------- Invoking toplevel() on ptolemy.moml.MoMLSimpleApplication@3e8a949d
----------------- Done invoking toplevel() on ptolemy.moml.MoMLSimpleApplication@3e8a949d
reloadAllAccessors: .RecordAssemblerTypeError

===========================================================================================
----------------- testing Wed Mar 04 18:51:46 UTC 2020 /home/travis/build/icyphy/ptII/ptolemy/actor/lib/test/auto/RecordDisassember.xml
----------------- Instantiating /home/travis/build/icyphy/ptII/ptolemy/actor/lib/test/auto/RecordDisassember.xml
8 ms. Memory: 522240K Free: 261561K (50%)
----------------- Invoking toplevel() on ptolemy.moml.MoMLSimpleApplication@521d4349
----------------- Done invoking toplevel() on ptolemy.moml.MoMLSimpleApplication@521d4349
reloadAllAccessors: .RecordDisassember

===========================================================================================
----------------- testing Wed Mar 04 18:51:46 UTC 2020 /home/travis/build/icyphy/ptII/ptolemy/actor/lib/test/auto/RecordDisassemberDisplayNameTest.xml
----------------- Instantiating /home/travis/build/icyphy/ptII/ptolemy/actor/lib/test/auto/RecordDisassemberDisplayNameTest.xml
5 ms. Memory: 522240K Free: 253879K (49%)
----------------- Invoking toplevel() on ptolemy.moml.MoMLSimpleApplication@40538fec
----------------- Done invoking toplevel() on ptolemy.moml.MoMLSimpleApplication@40538fec
reloadAllAccessors: .RecordDisassemberDisplayNameTest

===========================================================================================
----------------- testing Wed Mar 04 18:51:46 UTC 2020 /home/travis/build/icyphy/ptII/ptolemy/actor/lib/test/auto/RecordDisassembler.xml
----------------- Instantiating /home/travis/build/icyphy/ptII/ptolemy/actor/lib/test/auto/RecordDisassembler.xml
3 ms. Memory: 522240K Free: 248745K (48%)
----------------- Invoking toplevel() on ptolemy.moml.MoMLSimpleApplication@29d939d9
----------------- Done invoking toplevel() on ptolemy.moml.MoMLSimpleApplication@29d939d9
reloadAllAccessors: .RecordDisassembler

===========================================================================================
----------------- testing Wed Mar 04 18:51:46 UTC 2020 /home/travis/build/icyphy/ptII/ptolemy/actor/lib/test/auto/RecordDisassembler2.xml
----------------- Instantiating /home/travis/build/icyphy/ptII/ptolemy/actor/lib/test/auto/RecordDisassembler2.xml
3 ms. Memory: 522240K Free: 243625K (47%)
----------------- Invoking toplevel() on ptolemy.moml.MoMLSimpleApplication@5ee6383f
----------------- Done invoking toplevel() on ptolemy.moml.MoMLSimpleApplication@5ee6383f
reloadAllAccessors: .RecordDisassembler2

===========================================================================================
----------------- testing Wed Mar 04 18:51:46 UTC 2020 /home/travis/build/icyphy/ptII/ptolemy/actor/lib/test/auto/RecordUpdater.xml
----------------- Instantiating /home/travis/build/icyphy/ptII/ptolemy/actor/lib/test/auto/RecordUpdater.xml
2 ms. Memory: 522240K Free: 238519K (46%)
----------------- Invoking toplevel() on ptolemy.moml.MoMLSimpleApplication@352e8b3d
----------------- Done invoking toplevel() on ptolemy.moml.MoMLSimpleApplication@352e8b3d
reloadAllAccessors: .RecordUpdater

===========================================================================================
----------------- testing Wed Mar 04 18:51:46 UTC 2020 /home/travis/build/icyphy/ptII/ptolemy/actor/lib/test/auto/RecordUpdater2.xml
----------------- Instantiating /home/travis/build/icyphy/ptII/ptolemy/actor/lib/test/auto/RecordUpdater2.xml
1 ms. Memory: 522240K Free: 233399K (45%)
----------------- Invoking toplevel() on ptolemy.moml.MoMLSimpleApplication@4c97c808
----------------- Done invoking toplevel() on ptolemy.moml.MoMLSimpleApplication@4c97c808
reloadAllAccessors: .RecordUpdater2

===========================================================================================
----------------- testing Wed Mar 04 18:51:46 UTC 2020 /home/travis/build/icyphy/ptII/ptolemy/actor/lib/test/auto/RecursiveLattice.xml
----------------- Instantiating /home/travis/build/icyphy/ptII/ptolemy/actor/lib/test/auto/RecursiveLattice.xml
1 ms. Memory: 522240K Free: 228793K (44%)
----------------- Invoking toplevel() on ptolemy.moml.MoMLSimpleApplication@5f535b8e
----------------- Done invoking toplevel() on ptolemy.moml.MoMLSimpleApplication@5f535b8e
reloadAllAccessors: .RecursiveLattice

===========================================================================================
----------------- testing Wed Mar 04 18:51:46 UTC 2020 /home/travis/build/icyphy/ptII/ptolemy/actor/lib/test/auto/Router.xml
----------------- Instantiating /home/travis/build/icyphy/ptII/ptolemy/actor/lib/test/auto/Router.xml
3003 ms. Memory: 522240K Free: 217015K (42%)
----------------- Invoking toplevel() on ptolemy.moml.MoMLSimpleApplication@317088e6
----------------- Done invoking toplevel() on ptolemy.moml.MoMLSimpleApplication@317088e6
reloadAllAccessors: .Router

===========================================================================================
----------------- testing Wed Mar 04 18:51:49 UTC 2020 /home/travis/build/icyphy/ptII/ptolemy/actor/lib/test/auto/Router2.xml
----------------- Instantiating /home/travis/build/icyphy/ptII/ptolemy/actor/lib/test/auto/Router2.xml
3003 ms. Memory: 522240K Free: 204727K (39%)
----------------- Invoking toplevel() on ptolemy.moml.MoMLSimpleApplication@26a992ab
----------------- Done invoking toplevel() on ptolemy.moml.MoMLSimpleApplication@26a992ab
reloadAllAccessors: .Router2

===========================================================================================
----------------- testing Wed Mar 04 18:51:52 UTC 2020 /home/travis/build/icyphy/ptII/ptolemy/actor/lib/test/auto/RunningMaximum.xml
----------------- Instantiating /home/travis/build/icyphy/ptII/ptolemy/actor/lib/test/auto/RunningMaximum.xml
1 ms. Memory: 522240K Free: 199607K (38%)
----------------- Invoking toplevel() on ptolemy.moml.MoMLSimpleApplication@26b7e787
----------------- Done invoking toplevel() on ptolemy.moml.MoMLSimpleApplication@26b7e787
reloadAllAccessors: .RunningMaximum

===========================================================================================
----------------- testing Wed Mar 04 18:51:52 UTC 2020 /home/travis/build/icyphy/ptII/ptolemy/actor/lib/test/auto/RunningMinimum.xml
----------------- Instantiating /home/travis/build/icyphy/ptII/ptolemy/actor/lib/test/auto/RunningMinimum.xml
7 ms. Memory: 522240K Free: 195001K (37%)
----------------- Invoking toplevel() on ptolemy.moml.MoMLSimpleApplication@1c20adef
----------------- Done invoking toplevel() on ptolemy.moml.MoMLSimpleApplication@1c20adef
reloadAllAccessors: .RunningMinimum

===========================================================================================
----------------- testing Wed Mar 04 18:51:52 UTC 2020 /home/travis/build/icyphy/ptII/ptolemy/actor/lib/test/auto/Scale.xml
----------------- Instantiating /home/travis/build/icyphy/ptII/ptolemy/actor/lib/test/auto/Scale.xml
2 ms. Memory: 522240K Free: 190391K (36%)
----------------- Invoking toplevel() on ptolemy.moml.MoMLSimpleApplication@4dffc085
----------------- Done invoking toplevel() on ptolemy.moml.MoMLSimpleApplication@4dffc085
reloadAllAccessors: .Scale

===========================================================================================
----------------- testing Wed Mar 04 18:51:52 UTC 2020 /home/travis/build/icyphy/ptII/ptolemy/actor/lib/test/auto/Scale2.xml
----------------- Instantiating /home/travis/build/icyphy/ptII/ptolemy/actor/lib/test/auto/Scale2.xml
2 ms. Memory: 522240K Free: 185785K (36%)
----------------- Invoking toplevel() on ptolemy.moml.MoMLSimpleApplication@6cf2f8e4
----------------- Done invoking toplevel() on ptolemy.moml.MoMLSimpleApplication@6cf2f8e4
reloadAllAccessors: .Scale2

===========================================================================================
----------------- testing Wed Mar 04 18:51:52 UTC 2020 /home/travis/build/icyphy/ptII/ptolemy/actor/lib/test/auto/Scale3.xml
----------------- Instantiating /home/travis/build/icyphy/ptII/ptolemy/actor/lib/test/auto/Scale3.xml
6 ms. Memory: 522240K Free: 179127K (34%)
----------------- Invoking toplevel() on ptolemy.moml.MoMLSimpleApplication@360f219a
----------------- Done invoking toplevel() on ptolemy.moml.MoMLSimpleApplication@360f219a
reloadAllAccessors: .Scale3

===========================================================================================
----------------- testing Wed Mar 04 18:51:52 UTC 2020 /home/travis/build/icyphy/ptII/ptolemy/actor/lib/test/auto/ScaleArray.xml
----------------- Instantiating /home/travis/build/icyphy/ptII/ptolemy/actor/lib/test/auto/ScaleArray.xml
1 ms. Memory: 522240K Free: 174521K (33%)
----------------- Invoking toplevel() on ptolemy.moml.MoMLSimpleApplication@5e651947
----------------- Done invoking toplevel() on ptolemy.moml.MoMLSimpleApplication@5e651947
reloadAllAccessors: .ScaleArray

===========================================================================================
----------------- testing Wed Mar 04 18:51:52 UTC 2020 /home/travis/build/icyphy/ptII/ptolemy/actor/lib/test/auto/ScaleArray2.xml
----------------- Instantiating /home/travis/build/icyphy/ptII/ptolemy/actor/lib/test/auto/ScaleArray2.xml
1 ms. Memory: 522240K Free: 169911K (33%)
----------------- Invoking toplevel() on ptolemy.moml.MoMLSimpleApplication@309f8bba
----------------- Done invoking toplevel() on ptolemy.moml.MoMLSimpleApplication@309f8bba
reloadAllAccessors: .ScaleArray2

===========================================================================================
----------------- testing Wed Mar 04 18:51:52 UTC 2020 /home/travis/build/icyphy/ptII/ptolemy/actor/lib/test/auto/ScaleMatrix.xml
----------------- Instantiating /home/travis/build/icyphy/ptII/ptolemy/actor/lib/test/auto/ScaleMatrix.xml
111 ms. Memory: 522240K Free: 465294K (89%)
----------------- Invoking toplevel() on ptolemy.moml.MoMLSimpleApplication@6cb52ee
----------------- Done invoking toplevel() on ptolemy.moml.MoMLSimpleApplication@6cb52ee
reloadAllAccessors: .ScaleMatrix

===========================================================================================
----------------- testing Wed Mar 04 18:51:52 UTC 2020 /home/travis/build/icyphy/ptII/ptolemy/actor/lib/test/auto/Select.xml
----------------- Instantiating /home/travis/build/icyphy/ptII/ptolemy/actor/lib/test/auto/Select.xml
2 ms. Memory: 522240K Free: 458606K (88%)
----------------- Invoking toplevel() on ptolemy.moml.MoMLSimpleApplication@1a33060d
----------------- Done invoking toplevel() on ptolemy.moml.MoMLSimpleApplication@1a33060d
reloadAllAccessors: .Select

===========================================================================================
----------------- testing Wed Mar 04 18:51:52 UTC 2020 /home/travis/build/icyphy/ptII/ptolemy/actor/lib/test/auto/Select2.xml
----------------- Instantiating /home/travis/build/icyphy/ptII/ptolemy/actor/lib/test/auto/Select2.xml
1 ms. Memory: 522240K Free: 454030K (87%)
----------------- Invoking toplevel() on ptolemy.moml.MoMLSimpleApplication@25e091f6
----------------- Done invoking toplevel() on ptolemy.moml.MoMLSimpleApplication@25e091f6
reloadAllAccessors: .Select2

===========================================================================================
----------------- testing Wed Mar 04 18:51:52 UTC 2020 /home/travis/build/icyphy/ptII/ptolemy/actor/lib/test/auto/SequenceToArray2.xml
----------------- Instantiating /home/travis/build/icyphy/ptII/ptolemy/actor/lib/test/auto/SequenceToArray2.xml
84 ms. Memory: 522240K Free: 430478K (82%)
----------------- Invoking toplevel() on ptolemy.moml.MoMLSimpleApplication@13ffd2c1
----------------- Done invoking toplevel() on ptolemy.moml.MoMLSimpleApplication@13ffd2c1
reloadAllAccessors: .SequenceToArray2

===========================================================================================
----------------- testing Wed Mar 04 18:51:52 UTC 2020 /home/travis/build/icyphy/ptII/ptolemy/actor/lib/test/auto/SequentialClock.xml
----------------- Instantiating /home/travis/build/icyphy/ptII/ptolemy/actor/lib/test/auto/SequentialClock.xml
1 ms. Memory: 522240K Free: 426382K (82%)
----------------- Invoking toplevel() on ptolemy.moml.MoMLSimpleApplication@1b6314cc
----------------- Done invoking toplevel() on ptolemy.moml.MoMLSimpleApplication@1b6314cc
reloadAllAccessors: .SequentialClock

===========================================================================================
----------------- testing Wed Mar 04 18:51:53 UTC 2020 /home/travis/build/icyphy/ptII/ptolemy/actor/lib/test/auto/SetVariable.xml
----------------- Instantiating /home/travis/build/icyphy/ptII/ptolemy/actor/lib/test/auto/SetVariable.xml
4 ms. Memory: 522240K Free: 421772K (81%)
----------------- Invoking toplevel() on ptolemy.moml.MoMLSimpleApplication@7aaedc23
----------------- Done invoking toplevel() on ptolemy.moml.MoMLSimpleApplication@7aaedc23
reloadAllAccessors: .SetVariable

===========================================================================================
----------------- testing Wed Mar 04 18:51:53 UTC 2020 /home/travis/build/icyphy/ptII/ptolemy/actor/lib/test/auto/SetVariable2.xml
----------------- Instantiating /home/travis/build/icyphy/ptII/ptolemy/actor/lib/test/auto/SetVariable2.xml
3 ms. Memory: 522240K Free: 416142K (80%)
----------------- Invoking toplevel() on ptolemy.moml.MoMLSimpleApplication@2edc830d
----------------- Done invoking toplevel() on ptolemy.moml.MoMLSimpleApplication@2edc830d
reloadAllAccessors: .SetVariable2

===========================================================================================
----------------- testing Wed Mar 04 18:51:53 UTC 2020 /home/travis/build/icyphy/ptII/ptolemy/actor/lib/test/auto/SetVariable3.xml
----------------- Instantiating /home/travis/build/icyphy/ptII/ptolemy/actor/lib/test/auto/SetVariable3.xml
11 ms. Memory: 522240K Free: 411022K (79%)
----------------- Invoking toplevel() on ptolemy.moml.MoMLSimpleApplication@4f9256b0
----------------- Done invoking toplevel() on ptolemy.moml.MoMLSimpleApplication@4f9256b0
reloadAllAccessors: .SetVariable3

===========================================================================================
----------------- testing Wed Mar 04 18:51:53 UTC 2020 /home/travis/build/icyphy/ptII/ptolemy/actor/lib/test/auto/SetVariable4.xml
----------------- Instantiating /home/travis/build/icyphy/ptII/ptolemy/actor/lib/test/auto/SetVariable4.xml
11 ms. Memory: 522240K Free: 401804K (77%)
----------------- Invoking toplevel() on ptolemy.moml.MoMLSimpleApplication@663de821
----------------- Done invoking toplevel() on ptolemy.moml.MoMLSimpleApplication@663de821
reloadAllAccessors: .SetVariable4

===========================================================================================
----------------- testing Wed Mar 04 18:51:53 UTC 2020 /home/travis/build/icyphy/ptII/ptolemy/actor/lib/test/auto/SetVariable5.xml
----------------- Instantiating /home/travis/build/icyphy/ptII/ptolemy/actor/lib/test/auto/SetVariable5.xml
16 ms. Memory: 522240K Free: 392590K (75%)
----------------- Invoking toplevel() on ptolemy.moml.MoMLSimpleApplication@b4c5c2d
----------------- Done invoking toplevel() on ptolemy.moml.MoMLSimpleApplication@b4c5c2d
reloadAllAccessors: .SetVariable5

===========================================================================================
----------------- testing Wed Mar 04 18:51:53 UTC 2020 /home/travis/build/icyphy/ptII/ptolemy/actor/lib/test/auto/Sinewave.xml
----------------- Instantiating /home/travis/build/icyphy/ptII/ptolemy/actor/lib/test/auto/Sinewave.xml
6 ms. Memory: 522240K Free: 382350K (73%)
----------------- Invoking toplevel() on ptolemy.moml.MoMLSimpleApplication@36b4be19
----------------- Done invoking toplevel() on ptolemy.moml.MoMLSimpleApplication@36b4be19
reloadAllAccessors: .Sinewave

===========================================================================================
----------------- testing Wed Mar 04 18:51:53 UTC 2020 /home/travis/build/icyphy/ptII/ptolemy/actor/lib/test/auto/Sinewave2.xml
----------------- Instantiating /home/travis/build/icyphy/ptII/ptolemy/actor/lib/test/auto/Sinewave2.xml
4 ms. Memory: 522240K Free: 374158K (72%)
----------------- Invoking toplevel() on ptolemy.moml.MoMLSimpleApplication@62470ffd
----------------- Done invoking toplevel() on ptolemy.moml.MoMLSimpleApplication@62470ffd
reloadAllAccessors: .Sinewave2

===========================================================================================
----------------- testing Wed Mar 04 18:51:53 UTC 2020 /home/travis/build/icyphy/ptII/ptolemy/actor/lib/test/auto/Sinewave3.xml
----------------- Instantiating /home/travis/build/icyphy/ptII/ptolemy/actor/lib/test/auto/Sinewave3.xml
7 ms. Memory: 522240K Free: 365966K (70%)
----------------- Invoking toplevel() on ptolemy.moml.MoMLSimpleApplication@43298ad4
----------------- Done invoking toplevel() on ptolemy.moml.MoMLSimpleApplication@43298ad4
reloadAllAccessors: .Sinewave3

===========================================================================================
----------------- testing Wed Mar 04 18:51:53 UTC 2020 /home/travis/build/icyphy/ptII/ptolemy/actor/lib/test/auto/SingleEvent.xml
----------------- Instantiating /home/travis/build/icyphy/ptII/ptolemy/actor/lib/test/auto/SingleEvent.xml
0 ms. Memory: 522240K Free: 361870K (69%)
----------------- Invoking toplevel() on ptolemy.moml.MoMLSimpleApplication@32940eed
----------------- Done invoking toplevel() on ptolemy.moml.MoMLSimpleApplication@32940eed
reloadAllAccessors: .SingleEvent

===========================================================================================
----------------- testing Wed Mar 04 18:51:53 UTC 2020 /home/travis/build/icyphy/ptII/ptolemy/actor/lib/test/auto/Sleep.xml
----------------- Instantiating /home/travis/build/icyphy/ptII/ptolemy/actor/lib/test/auto/Sleep.xml
6003 ms. Memory: 522240K Free: 356222K (68%)
----------------- Invoking toplevel() on ptolemy.moml.MoMLSimpleApplication@30692aaa
----------------- Done invoking toplevel() on ptolemy.moml.MoMLSimpleApplication@30692aaa
reloadAllAccessors: .Sleep

===========================================================================================
----------------- testing Wed Mar 04 18:51:59 UTC 2020 /home/travis/build/icyphy/ptII/ptolemy/actor/lib/test/auto/SleepMultipleFire.xml
----------------- Instantiating /home/travis/build/icyphy/ptII/ptolemy/actor/lib/test/auto/SleepMultipleFire.xml
1004 ms. Memory: 522240K Free: 350606K (67%)
----------------- Invoking toplevel() on ptolemy.moml.MoMLSimpleApplication@1f43989a
----------------- Done invoking toplevel() on ptolemy.moml.MoMLSimpleApplication@1f43989a
reloadAllAccessors: .SleepMultipleFire

===========================================================================================
----------------- testing Wed Mar 04 18:52:00 UTC 2020 /home/travis/build/icyphy/ptII/ptolemy/actor/lib/test/auto/StopDE.xml
----------------- Instantiating /home/travis/build/icyphy/ptII/ptolemy/actor/lib/test/auto/StopDE.xml
2 ms. Memory: 522240K Free: 344462K (66%)
----------------- Invoking toplevel() on ptolemy.moml.MoMLSimpleApplication@630d5993
----------------- Done invoking toplevel() on ptolemy.moml.MoMLSimpleApplication@630d5993
reloadAllAccessors: .StopDE

===========================================================================================
----------------- testing Wed Mar 04 18:52:00 UTC 2020 /home/travis/build/icyphy/ptII/ptolemy/actor/lib/test/auto/StopSDF.xml
----------------- Instantiating /home/travis/build/icyphy/ptII/ptolemy/actor/lib/test/auto/StopSDF.xml
2 ms. Memory: 522240K Free: 339342K (65%)
----------------- Invoking toplevel() on ptolemy.moml.MoMLSimpleApplication@145ca68
----------------- Done invoking toplevel() on ptolemy.moml.MoMLSimpleApplication@145ca68
reloadAllAccessors: .StopSDF

===========================================================================================
----------------- testing Wed Mar 04 18:52:00 UTC 2020 /home/travis/build/icyphy/ptII/ptolemy/actor/lib/test/auto/StringConstant.xml
----------------- Instantiating /home/travis/build/icyphy/ptII/ptolemy/actor/lib/test/auto/StringConstant.xml
1 ms. Memory: 522240K Free: 335246K (64%)
----------------- Invoking toplevel() on ptolemy.moml.MoMLSimpleApplication@6cf324c5
----------------- Done invoking toplevel() on ptolemy.moml.MoMLSimpleApplication@6cf324c5
reloadAllAccessors: .StringConstant

===========================================================================================
----------------- testing Wed Mar 04 18:52:00 UTC 2020 /home/travis/build/icyphy/ptII/ptolemy/actor/lib/test/auto/SubscriberPortInitialValues1.xml
----------------- Instantiating /home/travis/build/icyphy/ptII/ptolemy/actor/lib/test/auto/SubscriberPortInitialValues1.xml
5 ms. Memory: 522240K Free: 326540K (63%)
----------------- Invoking toplevel() on ptolemy.moml.MoMLSimpleApplication@6f53abb7
----------------- Done invoking toplevel() on ptolemy.moml.MoMLSimpleApplication@6f53abb7
reloadAllAccessors: .SubscriberPortInitialValues1

===========================================================================================
----------------- testing Wed Mar 04 18:52:00 UTC 2020 /home/travis/build/icyphy/ptII/ptolemy/actor/lib/test/auto/SubscriberPortInitialValues13.xml
----------------- Instantiating /home/travis/build/icyphy/ptII/ptolemy/actor/lib/test/auto/SubscriberPortInitialValues13.xml
5 ms. Memory: 522240K Free: 313228K (60%)
----------------- Invoking toplevel() on ptolemy.moml.MoMLSimpleApplication@6946db0e
----------------- Done invoking toplevel() on ptolemy.moml.MoMLSimpleApplication@6946db0e
reloadAllAccessors: .SubscriberPortInitialValues13

===========================================================================================
----------------- testing Wed Mar 04 18:52:00 UTC 2020 /home/travis/build/icyphy/ptII/ptolemy/actor/lib/test/auto/SubscriberPortInitialValues14.xml
----------------- Instantiating /home/travis/build/icyphy/ptII/ptolemy/actor/lib/test/auto/SubscriberPortInitialValues14.xml
4 ms. Memory: 522240K Free: 305550K (59%)
----------------- Invoking toplevel() on ptolemy.moml.MoMLSimpleApplication@318666a9
----------------- Done invoking toplevel() on ptolemy.moml.MoMLSimpleApplication@318666a9
reloadAllAccessors: .SubscriberPortInitialValues14

===========================================================================================
----------------- testing Wed Mar 04 18:52:00 UTC 2020 /home/travis/build/icyphy/ptII/ptolemy/actor/lib/test/auto/SubscriberPortInitialValues2.xml
----------------- Instantiating /home/travis/build/icyphy/ptII/ptolemy/actor/lib/test/auto/SubscriberPortInitialValues2.xml
3 ms. Memory: 522240K Free: 297868K (57%)
----------------- Invoking toplevel() on ptolemy.moml.MoMLSimpleApplication@19d8e1a1
----------------- Done invoking toplevel() on ptolemy.moml.MoMLSimpleApplication@19d8e1a1
reloadAllAccessors: .SubscriberPortInitialValues2

===========================================================================================
----------------- testing Wed Mar 04 18:52:00 UTC 2020 /home/travis/build/icyphy/ptII/ptolemy/actor/lib/test/auto/SubscriberPortInitialValues3.xml
----------------- Instantiating /home/travis/build/icyphy/ptII/ptolemy/actor/lib/test/auto/SubscriberPortInitialValues3.xml
4 ms. Memory: 522240K Free: 286604K (55%)
----------------- Invoking toplevel() on ptolemy.moml.MoMLSimpleApplication@1496b7a7
----------------- Done invoking toplevel() on ptolemy.moml.MoMLSimpleApplication@1496b7a7
reloadAllAccessors: .SubscriberPortInitialValues3

===========================================================================================
----------------- testing Wed Mar 04 18:52:00 UTC 2020 /home/travis/build/icyphy/ptII/ptolemy/actor/lib/test/auto/SubscriptionAggregator.xml
----------------- Instantiating /home/travis/build/icyphy/ptII/ptolemy/actor/lib/test/auto/SubscriptionAggregator.xml
2 ms. Memory: 522240K Free: 279422K (54%)
----------------- Invoking toplevel() on ptolemy.moml.MoMLSimpleApplication@5c70c371
----------------- Done invoking toplevel() on ptolemy.moml.MoMLSimpleApplication@5c70c371
reloadAllAccessors: .SubscriptionAggregator

===========================================================================================
----------------- testing Wed Mar 04 18:52:00 UTC 2020 /home/travis/build/icyphy/ptII/ptolemy/actor/lib/test/auto/SubscriptionAggregator2.xml
----------------- Instantiating /home/travis/build/icyphy/ptII/ptolemy/actor/lib/test/auto/SubscriptionAggregator2.xml
2 ms. Memory: 522240K Free: 272262K (52%)
----------------- Invoking toplevel() on ptolemy.moml.MoMLSimpleApplication@1bfa6780
----------------- Done invoking toplevel() on ptolemy.moml.MoMLSimpleApplication@1bfa6780
reloadAllAccessors: .SubscriptionAggregator2

===========================================================================================
----------------- testing Wed Mar 04 18:52:00 UTC 2020 /home/travis/build/icyphy/ptII/ptolemy/actor/lib/test/auto/SubscriptionAggregator3.xml
----------------- Instantiating /home/travis/build/icyphy/ptII/ptolemy/actor/lib/test/auto/SubscriptionAggregator3.xml
4 ms. Memory: 522240K Free: 264076K (51%)
----------------- Invoking toplevel() on ptolemy.moml.MoMLSimpleApplication@6c535f07
----------------- Done invoking toplevel() on ptolemy.moml.MoMLSimpleApplication@6c535f07
reloadAllAccessors: .SubscriptionAggregator3

===========================================================================================
----------------- testing Wed Mar 04 18:52:00 UTC 2020 /home/travis/build/icyphy/ptII/ptolemy/actor/lib/test/auto/SubscriptionAggregatorMultiply.xml
----------------- Instantiating /home/travis/build/icyphy/ptII/ptolemy/actor/lib/test/auto/SubscriptionAggregatorMultiply.xml
11 ms. Memory: 522240K Free: 255878K (49%)
----------------- Invoking toplevel() on ptolemy.moml.MoMLSimpleApplication@6d138996
----------------- Done invoking toplevel() on ptolemy.moml.MoMLSimpleApplication@6d138996
reloadAllAccessors: .SubscriptionAggregatorMultiply

===========================================================================================
----------------- testing Wed Mar 04 18:52:00 UTC 2020 /home/travis/build/icyphy/ptII/ptolemy/actor/lib/test/auto/SubscriptionAggregatorPortMultiply1.xml
----------------- Instantiating /home/travis/build/icyphy/ptII/ptolemy/actor/lib/test/auto/SubscriptionAggregatorPortMultiply1.xml
3 ms. Memory: 522240K Free: 248206K (48%)
----------------- Invoking toplevel() on ptolemy.moml.MoMLSimpleApplication@1f4bb393
----------------- Done invoking toplevel() on ptolemy.moml.MoMLSimpleApplication@1f4bb393
reloadAllAccessors: .SubscriptionAggregatorPortMultiply1

===========================================================================================
----------------- testing Wed Mar 04 18:52:00 UTC 2020 /home/travis/build/icyphy/ptII/ptolemy/actor/lib/test/auto/Switch.xml
----------------- Instantiating /home/travis/build/icyphy/ptII/ptolemy/actor/lib/test/auto/Switch.xml
6 ms. Memory: 522240K Free: 240014K (46%)
----------------- Invoking toplevel() on ptolemy.moml.MoMLSimpleApplication@8aad265
----------------- Done invoking toplevel() on ptolemy.moml.MoMLSimpleApplication@8aad265
reloadAllAccessors: .Switch

===========================================================================================
----------------- testing Wed Mar 04 18:52:00 UTC 2020 /home/travis/build/icyphy/ptII/ptolemy/actor/lib/test/auto/Switch2.xml
----------------- Instantiating /home/travis/build/icyphy/ptII/ptolemy/actor/lib/test/auto/Switch2.xml
1 ms. Memory: 522240K Free: 235404K (45%)
----------------- Invoking toplevel() on ptolemy.moml.MoMLSimpleApplication@638f9ed8
----------------- Done invoking toplevel() on ptolemy.moml.MoMLSimpleApplication@638f9ed8
reloadAllAccessors: .Switch2

===========================================================================================
----------------- testing Wed Mar 04 18:52:00 UTC 2020 /home/travis/build/icyphy/ptII/ptolemy/actor/lib/test/auto/SwitchDE.xml
----------------- Instantiating /home/travis/build/icyphy/ptII/ptolemy/actor/lib/test/auto/SwitchDE.xml
3 ms. Memory: 522240K Free: 228750K (44%)
----------------- Invoking toplevel() on ptolemy.moml.MoMLSimpleApplication@7c11e90
----------------- Done invoking toplevel() on ptolemy.moml.MoMLSimpleApplication@7c11e90
reloadAllAccessors: .SwitchDE

===========================================================================================
----------------- testing Wed Mar 04 18:52:00 UTC 2020 /home/travis/build/icyphy/ptII/ptolemy/actor/lib/test/auto/SynchronizerDE.xml
----------------- Instantiating /home/travis/build/icyphy/ptII/ptolemy/actor/lib/test/auto/SynchronizerDE.xml
6 ms. Memory: 522240K Free: 220558K (42%)
----------------- Invoking toplevel() on ptolemy.moml.MoMLSimpleApplication@6218e026
----------------- Done invoking toplevel() on ptolemy.moml.MoMLSimpleApplication@6218e026
reloadAllAccessors: .SynchronizerDE

===========================================================================================
----------------- testing Wed Mar 04 18:52:00 UTC 2020 /home/travis/build/icyphy/ptII/ptolemy/actor/lib/test/auto/Test.xml
----------------- Instantiating /home/travis/build/icyphy/ptII/ptolemy/actor/lib/test/auto/Test.xml
10 ms. Memory: 522240K Free: 215438K (41%)
----------------- Invoking toplevel() on ptolemy.moml.MoMLSimpleApplication@3cb100ee
----------------- Done invoking toplevel() on ptolemy.moml.MoMLSimpleApplication@3cb100ee
reloadAllAccessors: .Test

===========================================================================================
----------------- testing Wed Mar 04 18:52:00 UTC 2020 /home/travis/build/icyphy/ptII/ptolemy/actor/lib/test/auto/TestExceptionAttribute1.xml
----------------- Instantiating /home/travis/build/icyphy/ptII/ptolemy/actor/lib/test/auto/TestExceptionAttribute1.xml
1 ms. Memory: 522240K Free: 211852K (41%)
----------------- Invoking toplevel() on ptolemy.moml.MoMLSimpleApplication@4b4005e9
----------------- Done invoking toplevel() on ptolemy.moml.MoMLSimpleApplication@4b4005e9
reloadAllAccessors: .TestExceptionAttribute1

===========================================================================================
----------------- testing Wed Mar 04 18:52:00 UTC 2020 /home/travis/build/icyphy/ptII/ptolemy/actor/lib/test/auto/TestExceptionAttribute2.xml
----------------- Instantiating /home/travis/build/icyphy/ptII/ptolemy/actor/lib/test/auto/TestExceptionAttribute2.xml
1 ms. Memory: 522240K Free: 208270K (40%)
----------------- Invoking toplevel() on ptolemy.moml.MoMLSimpleApplication@ee9e930
----------------- Done invoking toplevel() on ptolemy.moml.MoMLSimpleApplication@ee9e930
reloadAllAccessors: .TestExceptionAttribute2

===========================================================================================
----------------- testing Wed Mar 04 18:52:00 UTC 2020 /home/travis/build/icyphy/ptII/ptolemy/actor/lib/test/auto/TestExceptionAttribute3.xml
----------------- Instantiating /home/travis/build/icyphy/ptII/ptolemy/actor/lib/test/auto/TestExceptionAttribute3.xml
.TestExceptionAttribute3.TestExceptionAttribute: initialize() was not invoked, but wrapup() was.  This is unusual, but not always a problem.  For example, exporting JNLP will do this.
0 ms. Memory: 522240K Free: 204684K (39%)
----------------- Invoking toplevel() on ptolemy.moml.MoMLSimpleApplication@7e5304d1
----------------- Done invoking toplevel() on ptolemy.moml.MoMLSimpleApplication@7e5304d1
reloadAllAccessors: .TestExceptionAttribute3

===========================================================================================
----------------- testing Wed Mar 04 18:52:00 UTC 2020 /home/travis/build/icyphy/ptII/ptolemy/actor/lib/test/auto/TestExceptionAttribute4.xml
----------------- Instantiating /home/travis/build/icyphy/ptII/ptolemy/actor/lib/test/auto/TestExceptionAttribute4.xml
.TestExceptionAttribute4.TestExceptionAttribute: initialize() was not invoked, but wrapup() was.  This is unusual, but not always a problem.  For example, exporting JNLP will do this.
.TestExceptionAttribute4.TestExceptionAttribute2: initialize() was not invoked, but wrapup() was.  This is unusual, but not always a problem.  For example, exporting JNLP will do this.
0 ms. Memory: 522240K Free: 200078K (38%)
----------------- Invoking toplevel() on ptolemy.moml.MoMLSimpleApplication@28edf222
----------------- Done invoking toplevel() on ptolemy.moml.MoMLSimpleApplication@28edf222
reloadAllAccessors: .TestExceptionAttribute4

===========================================================================================
----------------- testing Wed Mar 04 18:52:00 UTC 2020 /home/travis/build/icyphy/ptII/ptolemy/actor/lib/test/auto/TestExceptionHandler1.xml
----------------- Instantiating /home/travis/build/icyphy/ptII/ptolemy/actor/lib/test/auto/TestExceptionHandler1.xml
1 ms. Memory: 522240K Free: 196492K (38%)
----------------- Invoking toplevel() on ptolemy.moml.MoMLSimpleApplication@1e2fc7b1
----------------- Done invoking toplevel() on ptolemy.moml.MoMLSimpleApplication@1e2fc7b1
reloadAllAccessors: .TestExceptionHandler1

===========================================================================================
----------------- testing Wed Mar 04 18:52:00 UTC 2020 /home/travis/build/icyphy/ptII/ptolemy/actor/lib/test/auto/TestExceptionHandler2.xml
----------------- Instantiating /home/travis/build/icyphy/ptII/ptolemy/actor/lib/test/auto/TestExceptionHandler2.xml
2 ms. Memory: 522240K Free: 192910K (37%)
----------------- Invoking toplevel() on ptolemy.moml.MoMLSimpleApplication@3eb9a092
----------------- Done invoking toplevel() on ptolemy.moml.MoMLSimpleApplication@3eb9a092
reloadAllAccessors: .TestExceptionHandler2

===========================================================================================
----------------- testing Wed Mar 04 18:52:00 UTC 2020 /home/travis/build/icyphy/ptII/ptolemy/actor/lib/test/auto/TestExceptionHandler3.xml
----------------- Instantiating /home/travis/build/icyphy/ptII/ptolemy/actor/lib/test/auto/TestExceptionHandler3.xml
1 ms. Memory: 522240K Free: 189324K (36%)
----------------- Invoking toplevel() on ptolemy.moml.MoMLSimpleApplication@7b9f9647
----------------- Done invoking toplevel() on ptolemy.moml.MoMLSimpleApplication@7b9f9647
reloadAllAccessors: .TestExceptionHandler3

===========================================================================================
----------------- testing Wed Mar 04 18:52:00 UTC 2020 /home/travis/build/icyphy/ptII/ptolemy/actor/lib/test/auto/TestExceptionHandler4.xml
----------------- Instantiating /home/travis/build/icyphy/ptII/ptolemy/actor/lib/test/auto/TestExceptionHandler4.xml
0 ms. Memory: 522240K Free: 185228K (35%)
----------------- Invoking toplevel() on ptolemy.moml.MoMLSimpleApplication@1c88ac95
----------------- Done invoking toplevel() on ptolemy.moml.MoMLSimpleApplication@1c88ac95
reloadAllAccessors: .TestExceptionHandler4

===========================================================================================
----------------- testing Wed Mar 04 18:52:00 UTC 2020 /home/travis/build/icyphy/ptII/ptolemy/actor/lib/test/auto/TestRequireCorrectOrder.xml
----------------- Instantiating /home/travis/build/icyphy/ptII/ptolemy/actor/lib/test/auto/TestRequireCorrectOrder.xml
5 ms. Memory: 522240K Free: 179598K (34%)
----------------- Invoking toplevel() on ptolemy.moml.MoMLSimpleApplication@7408a34f
----------------- Done invoking toplevel() on ptolemy.moml.MoMLSimpleApplication@7408a34f
reloadAllAccessors: .TestRequireCorrectOrder

===========================================================================================
----------------- testing Wed Mar 04 18:52:00 UTC 2020 /home/travis/build/icyphy/ptII/ptolemy/actor/lib/test/auto/TestSimple.xml
----------------- Instantiating /home/travis/build/icyphy/ptII/ptolemy/actor/lib/test/auto/TestSimple.xml
2 ms. Memory: 522240K Free: 174988K (34%)
----------------- Invoking toplevel() on ptolemy.moml.MoMLSimpleApplication@2763365d
----------------- Done invoking toplevel() on ptolemy.moml.MoMLSimpleApplication@2763365d
reloadAllAccessors: .TestSimple

===========================================================================================
----------------- testing Wed Mar 04 18:52:00 UTC 2020 /home/travis/build/icyphy/ptII/ptolemy/actor/lib/test/auto/ThrowModelError.xml
----------------- Instantiating /home/travis/build/icyphy/ptII/ptolemy/actor/lib/test/auto/ThrowModelError.xml
2 ms. Memory: 522240K Free: 170382K (33%)
----------------- Invoking toplevel() on ptolemy.moml.MoMLSimpleApplication@731b8d80
----------------- Done invoking toplevel() on ptolemy.moml.MoMLSimpleApplication@731b8d80
reloadAllAccessors: .ThrowModelError

===========================================================================================
----------------- testing Wed Mar 04 18:52:00 UTC 2020 /home/travis/build/icyphy/ptII/ptolemy/actor/lib/test/auto/TimeDelayMicrosteps.xml
----------------- Instantiating /home/travis/build/icyphy/ptII/ptolemy/actor/lib/test/auto/TimeDelayMicrosteps.xml
19 ms. Memory: 522240K Free: 472868K (91%)
----------------- Invoking toplevel() on ptolemy.moml.MoMLSimpleApplication@50f68481
----------------- Done invoking toplevel() on ptolemy.moml.MoMLSimpleApplication@50f68481
reloadAllAccessors: .TimeDelayMicrosteps

===========================================================================================
----------------- testing Wed Mar 04 18:52:00 UTC 2020 /home/travis/build/icyphy/ptII/ptolemy/actor/lib/test/auto/TimeDelayMicrosteps2.xml
----------------- Instantiating /home/travis/build/icyphy/ptII/ptolemy/actor/lib/test/auto/TimeDelayMicrosteps2.xml
3 ms. Memory: 522240K Free: 465261K (89%)
----------------- Invoking toplevel() on ptolemy.moml.MoMLSimpleApplication@b8a6510
----------------- Done invoking toplevel() on ptolemy.moml.MoMLSimpleApplication@b8a6510
reloadAllAccessors: .TimeDelayMicrosteps2

===========================================================================================
----------------- testing Wed Mar 04 18:52:00 UTC 2020 /home/travis/build/icyphy/ptII/ptolemy/actor/lib/test/auto/TimeDelayMicrosteps3.xml
----------------- Instantiating /home/travis/build/icyphy/ptII/ptolemy/actor/lib/test/auto/TimeDelayMicrosteps3.xml
3 ms. Memory: 522240K Free: 458093K (88%)
----------------- Invoking toplevel() on ptolemy.moml.MoMLSimpleApplication@5880e270
----------------- Done invoking toplevel() on ptolemy.moml.MoMLSimpleApplication@5880e270
reloadAllAccessors: .TimeDelayMicrosteps3

===========================================================================================
----------------- testing Wed Mar 04 18:52:00 UTC 2020 /home/travis/build/icyphy/ptII/ptolemy/actor/lib/test/auto/TimeDelayVariableMicrosteps.xml
----------------- Instantiating /home/travis/build/icyphy/ptII/ptolemy/actor/lib/test/auto/TimeDelayVariableMicrosteps.xml
2 ms. Memory: 522240K Free: 450411K (86%)
----------------- Invoking toplevel() on ptolemy.moml.MoMLSimpleApplication@17532dd9
----------------- Done invoking toplevel() on ptolemy.moml.MoMLSimpleApplication@17532dd9
reloadAllAccessors: .TimeDelayVariableMicrosteps

===========================================================================================
----------------- testing Wed Mar 04 18:52:00 UTC 2020 /home/travis/build/icyphy/ptII/ptolemy/actor/lib/test/auto/TimeGap.xml
----------------- Instantiating /home/travis/build/icyphy/ptII/ptolemy/actor/lib/test/auto/TimeGap.xml
3 ms. Memory: 522240K Free: 445260K (85%)
----------------- Invoking toplevel() on ptolemy.moml.MoMLSimpleApplication@4e07c553
----------------- Done invoking toplevel() on ptolemy.moml.MoMLSimpleApplication@4e07c553
reloadAllAccessors: .TimeGap

===========================================================================================
----------------- testing Wed Mar 04 18:52:00 UTC 2020 /home/travis/build/icyphy/ptII/ptolemy/actor/lib/test/auto/TimeGap2.xml
----------------- Instantiating /home/travis/build/icyphy/ptII/ptolemy/actor/lib/test/auto/TimeGap2.xml
2 ms. Memory: 522240K Free: 439661K (84%)
----------------- Invoking toplevel() on ptolemy.moml.MoMLSimpleApplication@794c14f3
----------------- Done invoking toplevel() on ptolemy.moml.MoMLSimpleApplication@794c14f3
reloadAllAccessors: .TimeGap2

===========================================================================================
----------------- testing Wed Mar 04 18:52:00 UTC 2020 /home/travis/build/icyphy/ptII/ptolemy/actor/lib/test/auto/TimedSinewave.xml
----------------- Instantiating /home/travis/build/icyphy/ptII/ptolemy/actor/lib/test/auto/TimedSinewave.xml
25 ms. Memory: 522240K Free: 425325K (81%)
----------------- Invoking toplevel() on ptolemy.moml.MoMLSimpleApplication@758e7b41
----------------- Done invoking toplevel() on ptolemy.moml.MoMLSimpleApplication@758e7b41
reloadAllAccessors: .TimedSinewave

===========================================================================================
----------------- testing Wed Mar 04 18:52:01 UTC 2020 /home/travis/build/icyphy/ptII/ptolemy/actor/lib/test/auto/TimedSinewavePhase.xml
----------------- Instantiating /home/travis/build/icyphy/ptII/ptolemy/actor/lib/test/auto/TimedSinewavePhase.xml
9 ms. Memory: 522240K Free: 415085K (79%)
----------------- Invoking toplevel() on ptolemy.moml.MoMLSimpleApplication@506fb16b
----------------- Done invoking toplevel() on ptolemy.moml.MoMLSimpleApplication@506fb16b
reloadAllAccessors: .TimedSinewavePhase

===========================================================================================
----------------- testing Wed Mar 04 18:52:01 UTC 2020 /home/travis/build/icyphy/ptII/ptolemy/actor/lib/test/auto/Timer.xml
----------------- Instantiating /home/travis/build/icyphy/ptII/ptolemy/actor/lib/test/auto/Timer.xml
1 ms. Memory: 522240K Free: 409444K (78%)
----------------- Invoking toplevel() on ptolemy.moml.MoMLSimpleApplication@5195d518
----------------- Done invoking toplevel() on ptolemy.moml.MoMLSimpleApplication@5195d518
reloadAllAccessors: .Timer

===========================================================================================
----------------- testing Wed Mar 04 18:52:01 UTC 2020 /home/travis/build/icyphy/ptII/ptolemy/actor/lib/test/auto/TriangularDistTestModel.xml
----------------- Instantiating /home/travis/build/icyphy/ptII/ptolemy/actor/lib/test/auto/TriangularDistTestModel.xml
2 ms. Memory: 522240K Free: 403821K (77%)
----------------- Invoking toplevel() on ptolemy.moml.MoMLSimpleApplication@7fd589e5
----------------- Done invoking toplevel() on ptolemy.moml.MoMLSimpleApplication@7fd589e5
reloadAllAccessors: .TriangularDistTestModel

===========================================================================================
----------------- testing Wed Mar 04 18:52:01 UTC 2020 /home/travis/build/icyphy/ptII/ptolemy/actor/lib/test/auto/TrigFunction.xml
----------------- Instantiating /home/travis/build/icyphy/ptII/ptolemy/actor/lib/test/auto/TrigFunction.xml
1 ms. Memory: 522240K Free: 399211K (76%)
----------------- Invoking toplevel() on ptolemy.moml.MoMLSimpleApplication@7840284a
----------------- Done invoking toplevel() on ptolemy.moml.MoMLSimpleApplication@7840284a
reloadAllAccessors: .TrigFunction

===========================================================================================
----------------- testing Wed Mar 04 18:52:01 UTC 2020 /home/travis/build/icyphy/ptII/ptolemy/actor/lib/test/auto/TrigFunctionDE.xml
----------------- Instantiating /home/travis/build/icyphy/ptII/ptolemy/actor/lib/test/auto/TrigFunctionDE.xml
2 ms. Memory: 522240K Free: 393067K (75%)
----------------- Invoking toplevel() on ptolemy.moml.MoMLSimpleApplication@3422dd9b
----------------- Done invoking toplevel() on ptolemy.moml.MoMLSimpleApplication@3422dd9b
reloadAllAccessors: .TrigFunctionDE

===========================================================================================
----------------- testing Wed Mar 04 18:52:01 UTC 2020 /home/travis/build/icyphy/ptII/ptolemy/actor/lib/test/auto/TrigFunctionInverse.xml
----------------- Instantiating /home/travis/build/icyphy/ptII/ptolemy/actor/lib/test/auto/TrigFunctionInverse.xml
1 ms. Memory: 522240K Free: 387947K (74%)
----------------- Invoking toplevel() on ptolemy.moml.MoMLSimpleApplication@46dd7cc2
----------------- Done invoking toplevel() on ptolemy.moml.MoMLSimpleApplication@46dd7cc2
reloadAllAccessors: .TrigFunctionInverse

===========================================================================================
----------------- testing Wed Mar 04 18:52:01 UTC 2020 /home/travis/build/icyphy/ptII/ptolemy/actor/lib/test/auto/TrigFunctionTan.xml
----------------- Instantiating /home/travis/build/icyphy/ptII/ptolemy/actor/lib/test/auto/TrigFunctionTan.xml
2 ms. Memory: 522240K Free: 383851K (74%)
----------------- Invoking toplevel() on ptolemy.moml.MoMLSimpleApplication@42f3cd32
----------------- Done invoking toplevel() on ptolemy.moml.MoMLSimpleApplication@42f3cd32
reloadAllAccessors: .TrigFunctionTan

===========================================================================================
----------------- testing Wed Mar 04 18:52:01 UTC 2020 /home/travis/build/icyphy/ptII/ptolemy/actor/lib/test/auto/TriggeredClock.xml
----------------- Instantiating /home/travis/build/icyphy/ptII/ptolemy/actor/lib/test/auto/TriggeredClock.xml
1 ms. Memory: 522240K Free: 379212K (73%)
----------------- Invoking toplevel() on ptolemy.moml.MoMLSimpleApplication@17ef4e22
----------------- Done invoking toplevel() on ptolemy.moml.MoMLSimpleApplication@17ef4e22
reloadAllAccessors: .TriggeredClock

===========================================================================================
----------------- testing Wed Mar 04 18:52:01 UTC 2020 /home/travis/build/icyphy/ptII/ptolemy/actor/lib/test/auto/URLDirectoryReader.xml
----------------- Instantiating /home/travis/build/icyphy/ptII/ptolemy/actor/lib/test/auto/URLDirectoryReader.xml
37 ms. Memory: 522240K Free: 370029K (71%)
----------------- Invoking toplevel() on ptolemy.moml.MoMLSimpleApplication@348eff1b
----------------- Done invoking toplevel() on ptolemy.moml.MoMLSimpleApplication@348eff1b
reloadAllAccessors: .URLDirectoryReader

===========================================================================================
----------------- testing Wed Mar 04 18:52:01 UTC 2020 /home/travis/build/icyphy/ptII/ptolemy/actor/lib/test/auto/URLDirectoryReader3.xml
----------------- Instantiating /home/travis/build/icyphy/ptII/ptolemy/actor/lib/test/auto/URLDirectoryReader3.xml
993 ms. Memory: 522240K Free: 464237K (89%)
----------------- Invoking toplevel() on ptolemy.moml.MoMLSimpleApplication@f69963d
----------------- Done invoking toplevel() on ptolemy.moml.MoMLSimpleApplication@f69963d
reloadAllAccessors: .URLDirectoryReader3

===========================================================================================
----------------- testing Wed Mar 04 18:52:02 UTC 2020 /home/travis/build/icyphy/ptII/ptolemy/actor/lib/test/auto/UnaryMathFunction.xml
----------------- Instantiating /home/travis/build/icyphy/ptII/ptolemy/actor/lib/test/auto/UnaryMathFunction.xml
2 ms. Memory: 522240K Free: 456045K (87%)
----------------- Invoking toplevel() on ptolemy.moml.MoMLSimpleApplication@1ad2b09e
----------------- Done invoking toplevel() on ptolemy.moml.MoMLSimpleApplication@1ad2b09e
reloadAllAccessors: .UnaryMathFunction

===========================================================================================
----------------- testing Wed Mar 04 18:52:02 UTC 2020 /home/travis/build/icyphy/ptII/ptolemy/actor/lib/test/auto/Uniform.xml
----------------- Instantiating /home/travis/build/icyphy/ptII/ptolemy/actor/lib/test/auto/Uniform.xml
3 ms. Memory: 522240K Free: 451420K (86%)
----------------- Invoking toplevel() on ptolemy.moml.MoMLSimpleApplication@640c792
----------------- Done invoking toplevel() on ptolemy.moml.MoMLSimpleApplication@640c792
reloadAllAccessors: .Uniform

===========================================================================================
----------------- testing Wed Mar 04 18:52:02 UTC 2020 /home/travis/build/icyphy/ptII/ptolemy/actor/lib/test/auto/UnionDisassemblerTest.xml
----------------- Instantiating /home/travis/build/icyphy/ptII/ptolemy/actor/lib/test/auto/UnionDisassemblerTest.xml
8 ms. Memory: 522240K Free: 447853K (86%)
----------------- Invoking toplevel() on ptolemy.moml.MoMLSimpleApplication@772fe47a
----------------- Done invoking toplevel() on ptolemy.moml.MoMLSimpleApplication@772fe47a
reloadAllAccessors: .UnionDisassemblerTest

===========================================================================================
----------------- testing Wed Mar 04 18:52:02 UTC 2020 /home/travis/build/icyphy/ptII/ptolemy/actor/lib/test/auto/UtilityFunctions.xml
----------------- Instantiating /home/travis/build/icyphy/ptII/ptolemy/actor/lib/test/auto/UtilityFunctions.xml
1 ms. Memory: 522240K Free: 443757K (85%)
----------------- Invoking toplevel() on ptolemy.moml.MoMLSimpleApplication@78314fb3
----------------- Done invoking toplevel() on ptolemy.moml.MoMLSimpleApplication@78314fb3
reloadAllAccessors: .UtilityFunctions

===========================================================================================
----------------- testing Wed Mar 04 18:52:02 UTC 2020 /home/travis/build/icyphy/ptII/ptolemy/actor/lib/test/auto/VariableSleep.xml
----------------- Instantiating /home/travis/build/icyphy/ptII/ptolemy/actor/lib/test/auto/VariableSleep.xml
502 ms. Memory: 522240K Free: 438123K (84%)
----------------- Invoking toplevel() on ptolemy.moml.MoMLSimpleApplication@6ccb7b54
----------------- Done invoking toplevel() on ptolemy.moml.MoMLSimpleApplication@6ccb7b54
reloadAllAccessors: .VariableSleep

===========================================================================================
----------------- testing Wed Mar 04 18:52:03 UTC 2020 /home/travis/build/icyphy/ptII/ptolemy/actor/lib/test/auto/VectorAssemblerDisassemblerCT.xml
----------------- Instantiating /home/travis/build/icyphy/ptII/ptolemy/actor/lib/test/auto/VectorAssemblerDisassemblerCT.xml
42 ms. Memory: 522240K Free: 418157K (80%)
----------------- Invoking toplevel() on ptolemy.moml.MoMLSimpleApplication@2254bc55
----------------- Done invoking toplevel() on ptolemy.moml.MoMLSimpleApplication@2254bc55
reloadAllAccessors: .VectorAssemblerDisassemblerCT

===========================================================================================
----------------- testing Wed Mar 04 18:52:03 UTC 2020 /home/travis/build/icyphy/ptII/ptolemy/actor/lib/test/auto/VectorAssemblerDisassemblerDE.xml
----------------- Instantiating /home/travis/build/icyphy/ptII/ptolemy/actor/lib/test/auto/VectorAssemblerDisassemblerDE.xml
2 ms. Memory: 522240K Free: 410989K (79%)
----------------- Invoking toplevel() on ptolemy.moml.MoMLSimpleApplication@498f2b36
----------------- Done invoking toplevel() on ptolemy.moml.MoMLSimpleApplication@498f2b36
reloadAllAccessors: .VectorAssemblerDisassemblerDE

===========================================================================================
----------------- testing Wed Mar 04 18:52:03 UTC 2020 /home/travis/build/icyphy/ptII/ptolemy/actor/lib/test/auto/VectorAssemblerDisassemblerSDF.xml
----------------- Instantiating /home/travis/build/icyphy/ptII/ptolemy/actor/lib/test/auto/VectorAssemblerDisassemblerSDF.xml
2 ms. Memory: 522240K Free: 404845K (78%)
----------------- Invoking toplevel() on ptolemy.moml.MoMLSimpleApplication@1e8a72da
----------------- Done invoking toplevel() on ptolemy.moml.MoMLSimpleApplication@1e8a72da
reloadAllAccessors: .VectorAssemblerDisassemblerSDF

===========================================================================================
----------------- testing Wed Mar 04 18:52:03 UTC 2020 /home/travis/build/icyphy/ptII/ptolemy/actor/lib/test/auto/WallClockTime.xml
----------------- Instantiating /home/travis/build/icyphy/ptII/ptolemy/actor/lib/test/auto/WallClockTime.xml
1003 ms. Memory: 522240K Free: 399211K (76%)
----------------- Invoking toplevel() on ptolemy.moml.MoMLSimpleApplication@2aa67f57
----------------- Done invoking toplevel() on ptolemy.moml.MoMLSimpleApplication@2aa67f57
reloadAllAccessors: .WallClockTime

===========================================================================================
----------------- testing Wed Mar 04 18:52:04 UTC 2020 /home/travis/build/icyphy/ptII/ptolemy/actor/lib/test/auto/WidthTestWithSubscriberPublisher.xml
----------------- Instantiating /home/travis/build/icyphy/ptII/ptolemy/actor/lib/test/auto/WidthTestWithSubscriberPublisher.xml
7 ms. Memory: 522240K Free: 381803K (73%)
----------------- Invoking toplevel() on ptolemy.moml.MoMLSimpleApplication@170b7338
----------------- Done invoking toplevel() on ptolemy.moml.MoMLSimpleApplication@170b7338
reloadAllAccessors: .WidthTestWithSubscriberPublisher

===========================================================================================
----------------- testing Wed Mar 04 18:52:04 UTC 2020 /home/travis/build/icyphy/ptII/ptolemy/actor/lib/test/auto/WidthTestWithSubscriberPublisher2.xml
----------------- Instantiating /home/travis/build/icyphy/ptII/ptolemy/actor/lib/test/auto/WidthTestWithSubscriberPublisher2.xml
2 ms. Memory: 522240K Free: 375659K (72%)
----------------- Invoking toplevel() on ptolemy.moml.MoMLSimpleApplication@1c5f3618
----------------- Done invoking toplevel() on ptolemy.moml.MoMLSimpleApplication@1c5f3618
reloadAllAccessors: .WidthTestWithSubscriberPublisher2

===========================================================================================
----------------- testing Wed Mar 04 18:52:04 UTC 2020 /home/travis/build/icyphy/ptII/ptolemy/actor/lib/test/auto/WidthTestWithSubscriberPublisher3.xml
----------------- Instantiating /home/travis/build/icyphy/ptII/ptolemy/actor/lib/test/auto/WidthTestWithSubscriberPublisher3.xml
2 ms. Memory: 522240K Free: 370029K (71%)
----------------- Invoking toplevel() on ptolemy.moml.MoMLSimpleApplication@490c591f
----------------- Done invoking toplevel() on ptolemy.moml.MoMLSimpleApplication@490c591f
reloadAllAccessors: .WidthTestWithSubscriberPublisher3

===========================================================================================
----------------- testing Wed Mar 04 18:52:04 UTC 2020 /home/travis/build/icyphy/ptII/ptolemy/actor/lib/test/auto/Writer.xml
----------------- Instantiating /home/travis/build/icyphy/ptII/ptolemy/actor/lib/test/auto/Writer.xml
0
1
2
3
4
2 ms. Memory: 522240K Free: 365933K (70%)
----------------- Invoking toplevel() on ptolemy.moml.MoMLSimpleApplication@1fc509b8
----------------- Done invoking toplevel() on ptolemy.moml.MoMLSimpleApplication@1fc509b8
reloadAllAccessors: .Writer

===========================================================================================
----------------- testing Wed Mar 04 18:52:04 UTC 2020 /home/travis/build/icyphy/ptII/ptolemy/actor/lib/test/auto/array.xml
----------------- Instantiating /home/travis/build/icyphy/ptII/ptolemy/actor/lib/test/auto/array.xml
2 ms. Memory: 522240K Free: 360813K (69%)
----------------- Invoking toplevel() on ptolemy.moml.MoMLSimpleApplication@6b9056f2
----------------- Done invoking toplevel() on ptolemy.moml.MoMLSimpleApplication@6b9056f2
reloadAllAccessors: .array

===========================================================================================
----------------- testing Wed Mar 04 18:52:04 UTC 2020 /home/travis/build/icyphy/ptII/ptolemy/actor/lib/test/auto/array2.xml
----------------- Instantiating /home/travis/build/icyphy/ptII/ptolemy/actor/lib/test/auto/array2.xml
3 ms. Memory: 522240K Free: 355693K (68%)
----------------- Invoking toplevel() on ptolemy.moml.MoMLSimpleApplication@47973866
----------------- Done invoking toplevel() on ptolemy.moml.MoMLSimpleApplication@47973866
reloadAllAccessors: .array2

===========================================================================================
----------------- testing Wed Mar 04 18:52:04 UTC 2020 /home/travis/build/icyphy/ptII/ptolemy/actor/lib/test/auto/arrayType.xml
----------------- Instantiating /home/travis/build/icyphy/ptII/ptolemy/actor/lib/test/auto/arrayType.xml
1 ms. Memory: 522240K Free: 350573K (67%)
----------------- Invoking toplevel() on ptolemy.moml.MoMLSimpleApplication@103eb53
----------------- Done invoking toplevel() on ptolemy.moml.MoMLSimpleApplication@103eb53
reloadAllAccessors: .arrayType

===========================================================================================
----------------- testing Wed Mar 04 18:52:04 UTC 2020 /home/travis/build/icyphy/ptII/ptolemy/actor/lib/test/auto/arrayType10.xml
----------------- Instantiating /home/travis/build/icyphy/ptII/ptolemy/actor/lib/test/auto/arrayType10.xml
5 ms. Memory: 522240K Free: 345963K (66%)
----------------- Invoking toplevel() on ptolemy.moml.MoMLSimpleApplication@5fbac906
----------------- Done invoking toplevel() on ptolemy.moml.MoMLSimpleApplication@5fbac906
reloadAllAccessors: .arrayType10

===========================================================================================
----------------- testing Wed Mar 04 18:52:04 UTC 2020 /home/travis/build/icyphy/ptII/ptolemy/actor/lib/test/auto/arrayType11.xml
----------------- Instantiating /home/travis/build/icyphy/ptII/ptolemy/actor/lib/test/auto/arrayType11.xml
1 ms. Memory: 522240K Free: 341357K (65%)
----------------- Invoking toplevel() on ptolemy.moml.MoMLSimpleApplication@3f3f6137
----------------- Done invoking toplevel() on ptolemy.moml.MoMLSimpleApplication@3f3f6137
reloadAllAccessors: .arrayType11

===========================================================================================
----------------- testing Wed Mar 04 18:52:04 UTC 2020 /home/travis/build/icyphy/ptII/ptolemy/actor/lib/test/auto/arrayType12.xml
----------------- Instantiating /home/travis/build/icyphy/ptII/ptolemy/actor/lib/test/auto/arrayType12.xml
1 ms. Memory: 522240K Free: 336237K (64%)
----------------- Invoking toplevel() on ptolemy.moml.MoMLSimpleApplication@2a9c9b4c
----------------- Done invoking toplevel() on ptolemy.moml.MoMLSimpleApplication@2a9c9b4c
reloadAllAccessors: .arrayType12

===========================================================================================
----------------- testing Wed Mar 04 18:52:04 UTC 2020 /home/travis/build/icyphy/ptII/ptolemy/actor/lib/test/auto/arrayType13.xml
----------------- Instantiating /home/travis/build/icyphy/ptII/ptolemy/actor/lib/test/auto/arrayType13.xml
2 ms. Memory: 522240K Free: 331117K (63%)
----------------- Invoking toplevel() on ptolemy.moml.MoMLSimpleApplication@278fb1b8
----------------- Done invoking toplevel() on ptolemy.moml.MoMLSimpleApplication@278fb1b8
reloadAllAccessors: .arrayType13

===========================================================================================
----------------- testing Wed Mar 04 18:52:04 UTC 2020 /home/travis/build/icyphy/ptII/ptolemy/actor/lib/test/auto/arrayType14.xml
----------------- Instantiating /home/travis/build/icyphy/ptII/ptolemy/actor/lib/test/auto/arrayType14.xml
1 ms. Memory: 522240K Free: 325997K (62%)
----------------- Invoking toplevel() on ptolemy.moml.MoMLSimpleApplication@3531b71b
----------------- Done invoking toplevel() on ptolemy.moml.MoMLSimpleApplication@3531b71b
reloadAllAccessors: .arrayType14

===========================================================================================
----------------- testing Wed Mar 04 18:52:04 UTC 2020 /home/travis/build/icyphy/ptII/ptolemy/actor/lib/test/auto/arrayType15.xml
----------------- Instantiating /home/travis/build/icyphy/ptII/ptolemy/actor/lib/test/auto/arrayType15.xml
3 ms. Memory: 522240K Free: 320877K (61%)
----------------- Invoking toplevel() on ptolemy.moml.MoMLSimpleApplication@223c64bd
----------------- Done invoking toplevel() on ptolemy.moml.MoMLSimpleApplication@223c64bd
reloadAllAccessors: .arrayType15

===========================================================================================
----------------- testing Wed Mar 04 18:52:04 UTC 2020 /home/travis/build/icyphy/ptII/ptolemy/actor/lib/test/auto/arrayType16.xml
----------------- Instantiating /home/travis/build/icyphy/ptII/ptolemy/actor/lib/test/auto/arrayType16.xml
1 ms. Memory: 522240K Free: 315228K (60%)
----------------- Invoking toplevel() on ptolemy.moml.MoMLSimpleApplication@3df5956e
----------------- Done invoking toplevel() on ptolemy.moml.MoMLSimpleApplication@3df5956e
reloadAllAccessors: .arrayType16

===========================================================================================
----------------- testing Wed Mar 04 18:52:04 UTC 2020 /home/travis/build/icyphy/ptII/ptolemy/actor/lib/test/auto/arrayType17.xml
----------------- Instantiating /home/travis/build/icyphy/ptII/ptolemy/actor/lib/test/auto/arrayType17.xml
1 ms. Memory: 522240K Free: 310123K (59%)
----------------- Invoking toplevel() on ptolemy.moml.MoMLSimpleApplication@323b4b86
----------------- Done invoking toplevel() on ptolemy.moml.MoMLSimpleApplication@323b4b86
reloadAllAccessors: .arrayType17

===========================================================================================
----------------- testing Wed Mar 04 18:52:04 UTC 2020 /home/travis/build/icyphy/ptII/ptolemy/actor/lib/test/auto/arrayType18.xml
----------------- Instantiating /home/travis/build/icyphy/ptII/ptolemy/actor/lib/test/auto/arrayType18.xml
1 ms. Memory: 522240K Free: 305517K (59%)
----------------- Invoking toplevel() on ptolemy.moml.MoMLSimpleApplication@40b178ae
----------------- Done invoking toplevel() on ptolemy.moml.MoMLSimpleApplication@40b178ae
reloadAllAccessors: .arrayType18

===========================================================================================
----------------- testing Wed Mar 04 18:52:04 UTC 2020 /home/travis/build/icyphy/ptII/ptolemy/actor/lib/test/auto/arrayType19.xml
----------------- Instantiating /home/travis/build/icyphy/ptII/ptolemy/actor/lib/test/auto/arrayType19.xml
1 ms. Memory: 522240K Free: 300907K (58%)
----------------- Invoking toplevel() on ptolemy.moml.MoMLSimpleApplication@4e815cd
----------------- Done invoking toplevel() on ptolemy.moml.MoMLSimpleApplication@4e815cd
reloadAllAccessors: .arrayType19

===========================================================================================
----------------- testing Wed Mar 04 18:52:04 UTC 2020 /home/travis/build/icyphy/ptII/ptolemy/actor/lib/test/auto/arrayType2.xml
----------------- Instantiating /home/travis/build/icyphy/ptII/ptolemy/actor/lib/test/auto/arrayType2.xml
1 ms. Memory: 522240K Free: 295277K (57%)
----------------- Invoking toplevel() on ptolemy.moml.MoMLSimpleApplication@2ca31349
----------------- Done invoking toplevel() on ptolemy.moml.MoMLSimpleApplication@2ca31349
reloadAllAccessors: .arrayType2

===========================================================================================
----------------- testing Wed Mar 04 18:52:04 UTC 2020 /home/travis/build/icyphy/ptII/ptolemy/actor/lib/test/auto/arrayType20.xml
----------------- Instantiating /home/travis/build/icyphy/ptII/ptolemy/actor/lib/test/auto/arrayType20.xml
1 ms. Memory: 522240K Free: 290667K (56%)
----------------- Invoking toplevel() on ptolemy.moml.MoMLSimpleApplication@3be4aa7e
----------------- Done invoking toplevel() on ptolemy.moml.MoMLSimpleApplication@3be4aa7e
reloadAllAccessors: .arrayType20

===========================================================================================
----------------- testing Wed Mar 04 18:52:04 UTC 2020 /home/travis/build/icyphy/ptII/ptolemy/actor/lib/test/auto/arrayType21.xml
----------------- Instantiating /home/travis/build/icyphy/ptII/ptolemy/actor/lib/test/auto/arrayType21.xml
1 ms. Memory: 522240K Free: 286061K (55%)
----------------- Invoking toplevel() on ptolemy.moml.MoMLSimpleApplication@33df0d79
----------------- Done invoking toplevel() on ptolemy.moml.MoMLSimpleApplication@33df0d79
reloadAllAccessors: .arrayType21

===========================================================================================
----------------- testing Wed Mar 04 18:52:04 UTC 2020 /home/travis/build/icyphy/ptII/ptolemy/actor/lib/test/auto/arrayType22.xml
----------------- Instantiating /home/travis/build/icyphy/ptII/ptolemy/actor/lib/test/auto/arrayType22.xml
1 ms. Memory: 522240K Free: 281451K (54%)
----------------- Invoking toplevel() on ptolemy.moml.MoMLSimpleApplication@1951fe52
----------------- Done invoking toplevel() on ptolemy.moml.MoMLSimpleApplication@1951fe52
reloadAllAccessors: .arrayType22

===========================================================================================
----------------- testing Wed Mar 04 18:52:04 UTC 2020 /home/travis/build/icyphy/ptII/ptolemy/actor/lib/test/auto/arrayType23.xml
----------------- Instantiating /home/travis/build/icyphy/ptII/ptolemy/actor/lib/test/auto/arrayType23.xml
1 ms. Memory: 522240K Free: 276331K (53%)
----------------- Invoking toplevel() on ptolemy.moml.MoMLSimpleApplication@2db41ec3
----------------- Done invoking toplevel() on ptolemy.moml.MoMLSimpleApplication@2db41ec3
reloadAllAccessors: .arrayType23

===========================================================================================
----------------- testing Wed Mar 04 18:52:04 UTC 2020 /home/travis/build/icyphy/ptII/ptolemy/actor/lib/test/auto/arrayType24.xml
----------------- Instantiating /home/travis/build/icyphy/ptII/ptolemy/actor/lib/test/auto/arrayType24.xml
1 ms. Memory: 522240K Free: 271725K (52%)
----------------- Invoking toplevel() on ptolemy.moml.MoMLSimpleApplication@4bad75d4
----------------- Done invoking toplevel() on ptolemy.moml.MoMLSimpleApplication@4bad75d4
reloadAllAccessors: .arrayType24

===========================================================================================
----------------- testing Wed Mar 04 18:52:04 UTC 2020 /home/travis/build/icyphy/ptII/ptolemy/actor/lib/test/auto/arrayType25.xml
----------------- Instantiating /home/travis/build/icyphy/ptII/ptolemy/actor/lib/test/auto/arrayType25.xml
1 ms. Memory: 522240K Free: 266605K (51%)
----------------- Invoking toplevel() on ptolemy.moml.MoMLSimpleApplication@2c1ae056
----------------- Done invoking toplevel() on ptolemy.moml.MoMLSimpleApplication@2c1ae056
reloadAllAccessors: .arrayType25

===========================================================================================
----------------- testing Wed Mar 04 18:52:04 UTC 2020 /home/travis/build/icyphy/ptII/ptolemy/actor/lib/test/auto/arrayType26.xml
----------------- Instantiating /home/travis/build/icyphy/ptII/ptolemy/actor/lib/test/auto/arrayType26.xml
1 ms. Memory: 522240K Free: 261485K (50%)
----------------- Invoking toplevel() on ptolemy.moml.MoMLSimpleApplication@5e4db58d
----------------- Done invoking toplevel() on ptolemy.moml.MoMLSimpleApplication@5e4db58d
reloadAllAccessors: .arrayType26

===========================================================================================
----------------- testing Wed Mar 04 18:52:04 UTC 2020 /home/travis/build/icyphy/ptII/ptolemy/actor/lib/test/auto/arrayType27.xml
----------------- Instantiating /home/travis/build/icyphy/ptII/ptolemy/actor/lib/test/auto/arrayType27.xml
2 ms. Memory: 522240K Free: 255851K (49%)
----------------- Invoking toplevel() on ptolemy.moml.MoMLSimpleApplication@8ab7fd2
----------------- Done invoking toplevel() on ptolemy.moml.MoMLSimpleApplication@8ab7fd2
reloadAllAccessors: .arrayType27

===========================================================================================
----------------- testing Wed Mar 04 18:52:04 UTC 2020 /home/travis/build/icyphy/ptII/ptolemy/actor/lib/test/auto/arrayType28.xml
----------------- Instantiating /home/travis/build/icyphy/ptII/ptolemy/actor/lib/test/auto/arrayType28.xml
1 ms. Memory: 522240K Free: 250731K (48%)
----------------- Invoking toplevel() on ptolemy.moml.MoMLSimpleApplication@507c632d
----------------- Done invoking toplevel() on ptolemy.moml.MoMLSimpleApplication@507c632d
reloadAllAccessors: .arrayType28

===========================================================================================
----------------- testing Wed Mar 04 18:52:04 UTC 2020 /home/travis/build/icyphy/ptII/ptolemy/actor/lib/test/auto/arrayType3.xml
----------------- Instantiating /home/travis/build/icyphy/ptII/ptolemy/actor/lib/test/auto/arrayType3.xml
1 ms. Memory: 522240K Free: 245611K (47%)
----------------- Invoking toplevel() on ptolemy.moml.MoMLSimpleApplication@22d43945
----------------- Done invoking toplevel() on ptolemy.moml.MoMLSimpleApplication@22d43945
reloadAllAccessors: .arrayType3

===========================================================================================
----------------- testing Wed Mar 04 18:52:04 UTC 2020 /home/travis/build/icyphy/ptII/ptolemy/actor/lib/test/auto/arrayType4.xml
----------------- Instantiating /home/travis/build/icyphy/ptII/ptolemy/actor/lib/test/auto/arrayType4.xml
1 ms. Memory: 522240K Free: 240491K (46%)
----------------- Invoking toplevel() on ptolemy.moml.MoMLSimpleApplication@5ad8d7d8
----------------- Done invoking toplevel() on ptolemy.moml.MoMLSimpleApplication@5ad8d7d8
reloadAllAccessors: .arrayType4

===========================================================================================
----------------- testing Wed Mar 04 18:52:04 UTC 2020 /home/travis/build/icyphy/ptII/ptolemy/actor/lib/test/auto/arrayType5.xml
----------------- Instantiating /home/travis/build/icyphy/ptII/ptolemy/actor/lib/test/auto/arrayType5.xml
1 ms. Memory: 522240K Free: 234861K (45%)
----------------- Invoking toplevel() on ptolemy.moml.MoMLSimpleApplication@6e05ad31
----------------- Done invoking toplevel() on ptolemy.moml.MoMLSimpleApplication@6e05ad31
reloadAllAccessors: .arrayType5

===========================================================================================
----------------- testing Wed Mar 04 18:52:04 UTC 2020 /home/travis/build/icyphy/ptII/ptolemy/actor/lib/test/auto/arrayType6.xml
----------------- Instantiating /home/travis/build/icyphy/ptII/ptolemy/actor/lib/test/auto/arrayType6.xml
2 ms. Memory: 522240K Free: 230251K (44%)
----------------- Invoking toplevel() on ptolemy.moml.MoMLSimpleApplication@1205afe0
----------------- Done invoking toplevel() on ptolemy.moml.MoMLSimpleApplication@1205afe0
reloadAllAccessors: .arrayType6

===========================================================================================
----------------- testing Wed Mar 04 18:52:04 UTC 2020 /home/travis/build/icyphy/ptII/ptolemy/actor/lib/test/auto/arrayType7.xml
----------------- Instantiating /home/travis/build/icyphy/ptII/ptolemy/actor/lib/test/auto/arrayType7.xml
6 ms. Memory: 522240K Free: 225645K (43%)
----------------- Invoking toplevel() on ptolemy.moml.MoMLSimpleApplication@c6e152b
----------------- Done invoking toplevel() on ptolemy.moml.MoMLSimpleApplication@c6e152b
reloadAllAccessors: .arrayType7

===========================================================================================
----------------- testing Wed Mar 04 18:52:04 UTC 2020 /home/travis/build/icyphy/ptII/ptolemy/actor/lib/test/auto/arrayType8.xml
----------------- Instantiating /home/travis/build/icyphy/ptII/ptolemy/actor/lib/test/auto/arrayType8.xml
1 ms. Memory: 522240K Free: 220525K (42%)
----------------- Invoking toplevel() on ptolemy.moml.MoMLSimpleApplication@f185cfd
----------------- Done invoking toplevel() on ptolemy.moml.MoMLSimpleApplication@f185cfd
reloadAllAccessors: .arrayType8

===========================================================================================
----------------- testing Wed Mar 04 18:52:04 UTC 2020 /home/travis/build/icyphy/ptII/ptolemy/actor/lib/test/auto/arrayType9.xml
----------------- Instantiating /home/travis/build/icyphy/ptII/ptolemy/actor/lib/test/auto/arrayType9.xml
2 ms. Memory: 522240K Free: 215915K (41%)
----------------- Invoking toplevel() on ptolemy.moml.MoMLSimpleApplication@68c7245
----------------- Done invoking toplevel() on ptolemy.moml.MoMLSimpleApplication@68c7245
reloadAllAccessors: .arrayType9

===========================================================================================
----------------- testing Wed Mar 04 18:52:04 UTC 2020 /home/travis/build/icyphy/ptII/ptolemy/actor/lib/test/auto/cast.xml
----------------- Instantiating /home/travis/build/icyphy/ptII/ptolemy/actor/lib/test/auto/cast.xml
2 ms. Memory: 522240K Free: 211309K (40%)
----------------- Invoking toplevel() on ptolemy.moml.MoMLSimpleApplication@2ebeadbb
----------------- Done invoking toplevel() on ptolemy.moml.MoMLSimpleApplication@2ebeadbb
reloadAllAccessors: .cast

===========================================================================================
----------------- testing Wed Mar 04 18:52:04 UTC 2020 /home/travis/build/icyphy/ptII/ptolemy/actor/lib/test/auto/compositeMultiPort.xml
----------------- Instantiating /home/travis/build/icyphy/ptII/ptolemy/actor/lib/test/auto/compositeMultiPort.xml
3 ms. Memory: 522240K Free: 202588K (39%)
----------------- Invoking toplevel() on ptolemy.moml.MoMLSimpleApplication@6626ca51
----------------- Done invoking toplevel() on ptolemy.moml.MoMLSimpleApplication@6626ca51
reloadAllAccessors: .compositeMultiPort

===========================================================================================
----------------- testing Wed Mar 04 18:52:04 UTC 2020 /home/travis/build/icyphy/ptII/ptolemy/actor/lib/test/auto/expressionCastInference.xml
----------------- Instantiating /home/travis/build/icyphy/ptII/ptolemy/actor/lib/test/auto/expressionCastInference.xml
3 ms. Memory: 522240K Free: 468864K (90%)
----------------- Invoking toplevel() on ptolemy.moml.MoMLSimpleApplication@204bb8f7
----------------- Done invoking toplevel() on ptolemy.moml.MoMLSimpleApplication@204bb8f7
reloadAllAccessors: .expressionCastInference

===========================================================================================
----------------- testing Wed Mar 04 18:52:04 UTC 2020 /home/travis/build/icyphy/ptII/ptolemy/actor/lib/test/auto/expressionCastInference2.xml
----------------- Instantiating /home/travis/build/icyphy/ptII/ptolemy/actor/lib/test/auto/expressionCastInference2.xml
1 ms. Memory: 522240K Free: 463744K (89%)
----------------- Invoking toplevel() on ptolemy.moml.MoMLSimpleApplication@5f657b60
----------------- Done invoking toplevel() on ptolemy.moml.MoMLSimpleApplication@5f657b60
reloadAllAccessors: .expressionCastInference2

===========================================================================================
----------------- testing Wed Mar 04 18:52:04 UTC 2020 /home/travis/build/icyphy/ptII/ptolemy/actor/lib/test/auto/expressionInference.xml
----------------- Instantiating /home/travis/build/icyphy/ptII/ptolemy/actor/lib/test/auto/expressionInference.xml
1 ms. Memory: 522240K Free: 459648K (88%)
----------------- Invoking toplevel() on ptolemy.moml.MoMLSimpleApplication@12cc0557
----------------- Done invoking toplevel() on ptolemy.moml.MoMLSimpleApplication@12cc0557
reloadAllAccessors: .expressionInference

===========================================================================================
----------------- testing Wed Mar 04 18:52:04 UTC 2020 /home/travis/build/icyphy/ptII/ptolemy/actor/lib/test/auto/expression_bug.xml
----------------- Instantiating /home/travis/build/icyphy/ptII/ptolemy/actor/lib/test/auto/expression_bug.xml
1 ms. Memory: 522240K Free: 455552K (87%)
----------------- Invoking toplevel() on ptolemy.moml.MoMLSimpleApplication@5310d623
----------------- Done invoking toplevel() on ptolemy.moml.MoMLSimpleApplication@5310d623
reloadAllAccessors: .expression_bug

===========================================================================================
----------------- testing Wed Mar 04 18:52:04 UTC 2020 /home/travis/build/icyphy/ptII/ptolemy/actor/lib/test/auto/factorial.xml
----------------- Instantiating /home/travis/build/icyphy/ptII/ptolemy/actor/lib/test/auto/factorial.xml
36 ms. Memory: 522240K Free: 446846K (86%)
----------------- Invoking toplevel() on ptolemy.moml.MoMLSimpleApplication@4333ddea
----------------- Done invoking toplevel() on ptolemy.moml.MoMLSimpleApplication@4333ddea
reloadAllAccessors: .factorial

===========================================================================================
----------------- testing Wed Mar 04 18:52:04 UTC 2020 /home/travis/build/icyphy/ptII/ptolemy/actor/lib/test/auto/filterTest1.xml
----------------- Instantiating /home/travis/build/icyphy/ptII/ptolemy/actor/lib/test/auto/filterTest1.xml
2 ms. Memory: 522240K Free: 441216K (84%)
----------------- Invoking toplevel() on ptolemy.moml.MoMLSimpleApplication@5de18fd8
----------------- Done invoking toplevel() on ptolemy.moml.MoMLSimpleApplication@5de18fd8
reloadAllAccessors: .filterTest1

===========================================================================================
----------------- testing Wed Mar 04 18:52:04 UTC 2020 /home/travis/build/icyphy/ptII/ptolemy/actor/lib/test/auto/funcApplyInConst.xml
----------------- Instantiating /home/travis/build/icyphy/ptII/ptolemy/actor/lib/test/auto/funcApplyInConst.xml
1 ms. Memory: 522240K Free: 437630K (84%)
----------------- Invoking toplevel() on ptolemy.moml.MoMLSimpleApplication@3400fb05
----------------- Done invoking toplevel() on ptolemy.moml.MoMLSimpleApplication@3400fb05
reloadAllAccessors: .funcApplyInConst

===========================================================================================
----------------- testing Wed Mar 04 18:52:05 UTC 2020 /home/travis/build/icyphy/ptII/ptolemy/actor/lib/test/auto/funcApplyInExpr.xml
----------------- Instantiating /home/travis/build/icyphy/ptII/ptolemy/actor/lib/test/auto/funcApplyInExpr.xml
6 ms. Memory: 522240K Free: 433534K (83%)
----------------- Invoking toplevel() on ptolemy.moml.MoMLSimpleApplication@37bd593a
----------------- Done invoking toplevel() on ptolemy.moml.MoMLSimpleApplication@37bd593a
reloadAllAccessors: .funcApplyInExpr

===========================================================================================
----------------- testing Wed Mar 04 18:52:05 UTC 2020 /home/travis/build/icyphy/ptII/ptolemy/actor/lib/test/auto/function.xml
----------------- Instantiating /home/travis/build/icyphy/ptII/ptolemy/actor/lib/test/auto/function.xml
1 ms. Memory: 522240K Free: 428928K (82%)
----------------- Invoking toplevel() on ptolemy.moml.MoMLSimpleApplication@8c45bea
----------------- Done invoking toplevel() on ptolemy.moml.MoMLSimpleApplication@8c45bea
reloadAllAccessors: .function

===========================================================================================
----------------- testing Wed Mar 04 18:52:05 UTC 2020 /home/travis/build/icyphy/ptII/ptolemy/actor/lib/test/auto/function2.xml
----------------- Instantiating /home/travis/build/icyphy/ptII/ptolemy/actor/lib/test/auto/function2.xml
2 ms. Memory: 522240K Free: 424318K (81%)
----------------- Invoking toplevel() on ptolemy.moml.MoMLSimpleApplication@1c16c82b
----------------- Done invoking toplevel() on ptolemy.moml.MoMLSimpleApplication@1c16c82b
reloadAllAccessors: .function2

===========================================================================================
----------------- testing Wed Mar 04 18:52:05 UTC 2020 /home/travis/build/icyphy/ptII/ptolemy/actor/lib/test/auto/function3.xml
----------------- Instantiating /home/travis/build/icyphy/ptII/ptolemy/actor/lib/test/auto/function3.xml
1 ms. Memory: 522240K Free: 420222K (80%)
----------------- Invoking toplevel() on ptolemy.moml.MoMLSimpleApplication@7a572edf
----------------- Done invoking toplevel() on ptolemy.moml.MoMLSimpleApplication@7a572edf
reloadAllAccessors: .function3

===========================================================================================
----------------- testing Wed Mar 04 18:52:05 UTC 2020 /home/travis/build/icyphy/ptII/ptolemy/actor/lib/test/auto/functionClosureTest1.xml
----------------- Instantiating /home/travis/build/icyphy/ptII/ptolemy/actor/lib/test/auto/functionClosureTest1.xml
1 ms. Memory: 522240K Free: 414592K (79%)
----------------- Invoking toplevel() on ptolemy.moml.MoMLSimpleApplication@75a34c70
----------------- Done invoking toplevel() on ptolemy.moml.MoMLSimpleApplication@75a34c70
reloadAllAccessors: .functionClosureTest1

===========================================================================================
----------------- testing Wed Mar 04 18:52:05 UTC 2020 /home/travis/build/icyphy/ptII/ptolemy/actor/lib/test/auto/functionClosureTest2.xml
----------------- Instantiating /home/travis/build/icyphy/ptII/ptolemy/actor/lib/test/auto/functionClosureTest2.xml
1 ms. Memory: 522240K Free: 411006K (79%)
----------------- Invoking toplevel() on ptolemy.moml.MoMLSimpleApplication@1d390b95
----------------- Done invoking toplevel() on ptolemy.moml.MoMLSimpleApplication@1d390b95
reloadAllAccessors: .functionClosureTest2

===========================================================================================
----------------- testing Wed Mar 04 18:52:05 UTC 2020 /home/travis/build/icyphy/ptII/ptolemy/actor/lib/test/auto/functionClosureTest3.xml
----------------- Instantiating /home/travis/build/icyphy/ptII/ptolemy/actor/lib/test/auto/functionClosureTest3.xml
2 ms. Memory: 522240K Free: 405376K (78%)
----------------- Invoking toplevel() on ptolemy.moml.MoMLSimpleApplication@20995b5e
----------------- Done invoking toplevel() on ptolemy.moml.MoMLSimpleApplication@20995b5e
reloadAllAccessors: .functionClosureTest3

===========================================================================================
----------------- testing Wed Mar 04 18:52:05 UTC 2020 /home/travis/build/icyphy/ptII/ptolemy/actor/lib/test/auto/functionClosureTest4.xml
----------------- Instantiating /home/travis/build/icyphy/ptII/ptolemy/actor/lib/test/auto/functionClosureTest4.xml
3 ms. Memory: 522240K Free: 399230K (76%)
----------------- Invoking toplevel() on ptolemy.moml.MoMLSimpleApplication@22e613f4
----------------- Done invoking toplevel() on ptolemy.moml.MoMLSimpleApplication@22e613f4
reloadAllAccessors: .functionClosureTest4

===========================================================================================
----------------- testing Wed Mar 04 18:52:05 UTC 2020 /home/travis/build/icyphy/ptII/ptolemy/actor/lib/test/auto/functionClosureTest5.xml
----------------- Instantiating /home/travis/build/icyphy/ptII/ptolemy/actor/lib/test/auto/functionClosureTest5.xml
2 ms. Memory: 522240K Free: 394112K (75%)
----------------- Invoking toplevel() on ptolemy.moml.MoMLSimpleApplication@12150b16
----------------- Done invoking toplevel() on ptolemy.moml.MoMLSimpleApplication@12150b16
reloadAllAccessors: .functionClosureTest5

===========================================================================================
----------------- testing Wed Mar 04 18:52:05 UTC 2020 /home/travis/build/icyphy/ptII/ptolemy/actor/lib/test/auto/functionClosureTest6.xml
----------------- Instantiating /home/travis/build/icyphy/ptII/ptolemy/actor/lib/test/auto/functionClosureTest6.xml
3 ms. Memory: 522240K Free: 388992K (74%)
----------------- Invoking toplevel() on ptolemy.moml.MoMLSimpleApplication@165cec33
----------------- Done invoking toplevel() on ptolemy.moml.MoMLSimpleApplication@165cec33
reloadAllAccessors: .functionClosureTest6

===========================================================================================
----------------- testing Wed Mar 04 18:52:05 UTC 2020 /home/travis/build/icyphy/ptII/ptolemy/actor/lib/test/auto/functionsOnArcs.xml
----------------- Instantiating /home/travis/build/icyphy/ptII/ptolemy/actor/lib/test/auto/functionsOnArcs.xml
1 ms. Memory: 522240K Free: 383872K (74%)
----------------- Invoking toplevel() on ptolemy.moml.MoMLSimpleApplication@39e43039
----------------- Done invoking toplevel() on ptolemy.moml.MoMLSimpleApplication@39e43039
reloadAllAccessors: .functionsOnArcs

===========================================================================================
----------------- testing Wed Mar 04 18:52:05 UTC 2020 /home/travis/build/icyphy/ptII/ptolemy/actor/lib/test/auto/functionsOnArcsHOF.xml
----------------- Instantiating /home/travis/build/icyphy/ptII/ptolemy/actor/lib/test/auto/functionsOnArcsHOF.xml
3 ms. Memory: 522240K Free: 378238K (72%)
----------------- Invoking toplevel() on ptolemy.moml.MoMLSimpleApplication@751b0d32
----------------- Done invoking toplevel() on ptolemy.moml.MoMLSimpleApplication@751b0d32
reloadAllAccessors: .functionsOnArcsHOF

===========================================================================================
----------------- testing Wed Mar 04 18:52:05 UTC 2020 /home/travis/build/icyphy/ptII/ptolemy/actor/lib/test/auto/logic.xml
----------------- Instantiating /home/travis/build/icyphy/ptII/ptolemy/actor/lib/test/auto/logic.xml
2 ms. Memory: 522240K Free: 370560K (71%)
----------------- Invoking toplevel() on ptolemy.moml.MoMLSimpleApplication@31211569
----------------- Done invoking toplevel() on ptolemy.moml.MoMLSimpleApplication@31211569
reloadAllAccessors: .logic

===========================================================================================
----------------- testing Wed Mar 04 18:52:05 UTC 2020 /home/travis/build/icyphy/ptII/ptolemy/actor/lib/test/auto/matrixType.xml
----------------- Instantiating /home/travis/build/icyphy/ptII/ptolemy/actor/lib/test/auto/matrixType.xml
1 ms. Memory: 522240K Free: 365950K (70%)
----------------- Invoking toplevel() on ptolemy.moml.MoMLSimpleApplication@78ec74a6
----------------- Done invoking toplevel() on ptolemy.moml.MoMLSimpleApplication@78ec74a6
reloadAllAccessors: .matrixType

===========================================================================================
----------------- testing Wed Mar 04 18:52:05 UTC 2020 /home/travis/build/icyphy/ptII/ptolemy/actor/lib/test/auto/matrixType10.xml
----------------- Instantiating /home/travis/build/icyphy/ptII/ptolemy/actor/lib/test/auto/matrixType10.xml
1 ms. Memory: 522240K Free: 361344K (69%)
----------------- Invoking toplevel() on ptolemy.moml.MoMLSimpleApplication@1cdc9b90
----------------- Done invoking toplevel() on ptolemy.moml.MoMLSimpleApplication@1cdc9b90
reloadAllAccessors: .matrixType10

===========================================================================================
----------------- testing Wed Mar 04 18:52:05 UTC 2020 /home/travis/build/icyphy/ptII/ptolemy/actor/lib/test/auto/matrixType11.xml
----------------- Instantiating /home/travis/build/icyphy/ptII/ptolemy/actor/lib/test/auto/matrixType11.xml
1 ms. Memory: 522240K Free: 356224K (68%)
----------------- Invoking toplevel() on ptolemy.moml.MoMLSimpleApplication@6d54c587
----------------- Done invoking toplevel() on ptolemy.moml.MoMLSimpleApplication@6d54c587
reloadAllAccessors: .matrixType11

===========================================================================================
----------------- testing Wed Mar 04 18:52:05 UTC 2020 /home/travis/build/icyphy/ptII/ptolemy/actor/lib/test/auto/matrixType12.xml
----------------- Instantiating /home/travis/build/icyphy/ptII/ptolemy/actor/lib/test/auto/matrixType12.xml
1 ms. Memory: 522240K Free: 351614K (67%)
----------------- Invoking toplevel() on ptolemy.moml.MoMLSimpleApplication@12726c96
----------------- Done invoking toplevel() on ptolemy.moml.MoMLSimpleApplication@12726c96
reloadAllAccessors: .matrixType12

===========================================================================================
----------------- testing Wed Mar 04 18:52:05 UTC 2020 /home/travis/build/icyphy/ptII/ptolemy/actor/lib/test/auto/matrixType13.xml
----------------- Instantiating /home/travis/build/icyphy/ptII/ptolemy/actor/lib/test/auto/matrixType13.xml
1 ms. Memory: 522240K Free: 347008K (66%)
----------------- Invoking toplevel() on ptolemy.moml.MoMLSimpleApplication@25afda99
----------------- Done invoking toplevel() on ptolemy.moml.MoMLSimpleApplication@25afda99
reloadAllAccessors: .matrixType13

===========================================================================================
----------------- testing Wed Mar 04 18:52:05 UTC 2020 /home/travis/build/icyphy/ptII/ptolemy/actor/lib/test/auto/matrixType14.xml
----------------- Instantiating /home/travis/build/icyphy/ptII/ptolemy/actor/lib/test/auto/matrixType14.xml
1 ms. Memory: 522240K Free: 341374K (65%)
----------------- Invoking toplevel() on ptolemy.moml.MoMLSimpleApplication@54cc0e8e
----------------- Done invoking toplevel() on ptolemy.moml.MoMLSimpleApplication@54cc0e8e
reloadAllAccessors: .matrixType14

===========================================================================================
----------------- testing Wed Mar 04 18:52:05 UTC 2020 /home/travis/build/icyphy/ptII/ptolemy/actor/lib/test/auto/matrixType2.xml
----------------- Instantiating /home/travis/build/icyphy/ptII/ptolemy/actor/lib/test/auto/matrixType2.xml
1 ms. Memory: 522240K Free: 336240K (64%)
----------------- Invoking toplevel() on ptolemy.moml.MoMLSimpleApplication@61099005
----------------- Done invoking toplevel() on ptolemy.moml.MoMLSimpleApplication@61099005
reloadAllAccessors: .matrixType2

===========================================================================================
----------------- testing Wed Mar 04 18:52:05 UTC 2020 /home/travis/build/icyphy/ptII/ptolemy/actor/lib/test/auto/matrixType3.xml
----------------- Instantiating /home/travis/build/icyphy/ptII/ptolemy/actor/lib/test/auto/matrixType3.xml
3 ms. Memory: 522240K Free: 331648K (64%)
----------------- Invoking toplevel() on ptolemy.moml.MoMLSimpleApplication@517a7bf3
----------------- Done invoking toplevel() on ptolemy.moml.MoMLSimpleApplication@517a7bf3
reloadAllAccessors: .matrixType3

===========================================================================================
----------------- testing Wed Mar 04 18:52:05 UTC 2020 /home/travis/build/icyphy/ptII/ptolemy/actor/lib/test/auto/matrixType4.xml
----------------- Instantiating /home/travis/build/icyphy/ptII/ptolemy/actor/lib/test/auto/matrixType4.xml
1 ms. Memory: 522240K Free: 326528K (63%)
----------------- Invoking toplevel() on ptolemy.moml.MoMLSimpleApplication@688f158d
----------------- Done invoking toplevel() on ptolemy.moml.MoMLSimpleApplication@688f158d
reloadAllAccessors: .matrixType4

===========================================================================================
----------------- testing Wed Mar 04 18:52:05 UTC 2020 /home/travis/build/icyphy/ptII/ptolemy/actor/lib/test/auto/matrixType5.xml
----------------- Instantiating /home/travis/build/icyphy/ptII/ptolemy/actor/lib/test/auto/matrixType5.xml
1 ms. Memory: 522240K Free: 321918K (62%)
----------------- Invoking toplevel() on ptolemy.moml.MoMLSimpleApplication@14e56a9f
----------------- Done invoking toplevel() on ptolemy.moml.MoMLSimpleApplication@14e56a9f
reloadAllAccessors: .matrixType5

===========================================================================================
----------------- testing Wed Mar 04 18:52:05 UTC 2020 /home/travis/build/icyphy/ptII/ptolemy/actor/lib/test/auto/matrixType6.xml
----------------- Instantiating /home/travis/build/icyphy/ptII/ptolemy/actor/lib/test/auto/matrixType6.xml
1 ms. Memory: 522240K Free: 316798K (61%)
----------------- Invoking toplevel() on ptolemy.moml.MoMLSimpleApplication@59115953
----------------- Done invoking toplevel() on ptolemy.moml.MoMLSimpleApplication@59115953
reloadAllAccessors: .matrixType6

===========================================================================================
----------------- testing Wed Mar 04 18:52:05 UTC 2020 /home/travis/build/icyphy/ptII/ptolemy/actor/lib/test/auto/matrixType7.xml
----------------- Instantiating /home/travis/build/icyphy/ptII/ptolemy/actor/lib/test/auto/matrixType7.xml
2 ms. Memory: 522240K Free: 312192K (60%)
----------------- Invoking toplevel() on ptolemy.moml.MoMLSimpleApplication@518c6325
----------------- Done invoking toplevel() on ptolemy.moml.MoMLSimpleApplication@518c6325
reloadAllAccessors: .matrixType7

===========================================================================================
----------------- testing Wed Mar 04 18:52:05 UTC 2020 /home/travis/build/icyphy/ptII/ptolemy/actor/lib/test/auto/matrixType8.xml
----------------- Instantiating /home/travis/build/icyphy/ptII/ptolemy/actor/lib/test/auto/matrixType8.xml
1 ms. Memory: 522240K Free: 307582K (59%)
----------------- Invoking toplevel() on ptolemy.moml.MoMLSimpleApplication@6e7cbc91
----------------- Done invoking toplevel() on ptolemy.moml.MoMLSimpleApplication@6e7cbc91
reloadAllAccessors: .matrixType8

===========================================================================================
----------------- testing Wed Mar 04 18:52:05 UTC 2020 /home/travis/build/icyphy/ptII/ptolemy/actor/lib/test/auto/matrixType9.xml
----------------- Instantiating /home/travis/build/icyphy/ptII/ptolemy/actor/lib/test/auto/matrixType9.xml
1 ms. Memory: 522240K Free: 302462K (58%)
----------------- Invoking toplevel() on ptolemy.moml.MoMLSimpleApplication@4ad31177
----------------- Done invoking toplevel() on ptolemy.moml.MoMLSimpleApplication@4ad31177
reloadAllAccessors: .matrixType9

===========================================================================================
----------------- testing Wed Mar 04 18:52:05 UTC 2020 /home/travis/build/icyphy/ptII/ptolemy/actor/lib/test/auto/paraFunctest.xml
----------------- Instantiating /home/travis/build/icyphy/ptII/ptolemy/actor/lib/test/auto/paraFunctest.xml
2 ms. Memory: 522240K Free: 298880K (57%)
----------------- Invoking toplevel() on ptolemy.moml.MoMLSimpleApplication@7b940099
----------------- Done invoking toplevel() on ptolemy.moml.MoMLSimpleApplication@7b940099
reloadAllAccessors: .paraFunctest

===========================================================================================
----------------- testing Wed Mar 04 18:52:05 UTC 2020 /home/travis/build/icyphy/ptII/ptolemy/actor/lib/test/auto/paraFunctest2.xml
----------------- Instantiating /home/travis/build/icyphy/ptII/ptolemy/actor/lib/test/auto/paraFunctest2.xml
1 ms. Memory: 522240K Free: 294784K (56%)
----------------- Invoking toplevel() on ptolemy.moml.MoMLSimpleApplication@4b2ea74c
----------------- Done invoking toplevel() on ptolemy.moml.MoMLSimpleApplication@4b2ea74c
reloadAllAccessors: .paraFunctest2

===========================================================================================
----------------- testing Wed Mar 04 18:52:05 UTC 2020 /home/travis/build/icyphy/ptII/ptolemy/actor/lib/test/auto/parameterPassing.xml
----------------- Instantiating /home/travis/build/icyphy/ptII/ptolemy/actor/lib/test/auto/parameterPassing.xml
1 ms. Memory: 522240K Free: 290688K (56%)
----------------- Invoking toplevel() on ptolemy.moml.MoMLSimpleApplication@64006c26
----------------- Done invoking toplevel() on ptolemy.moml.MoMLSimpleApplication@64006c26
reloadAllAccessors: .parameterPassing

===========================================================================================
----------------- testing Wed Mar 04 18:52:05 UTC 2020 /home/travis/build/icyphy/ptII/ptolemy/actor/lib/test/auto/record.xml
----------------- Instantiating /home/travis/build/icyphy/ptII/ptolemy/actor/lib/test/auto/record.xml
3 ms. Memory: 522240K Free: 286078K (55%)
----------------- Invoking toplevel() on ptolemy.moml.MoMLSimpleApplication@1beb4936
----------------- Done invoking toplevel() on ptolemy.moml.MoMLSimpleApplication@1beb4936
reloadAllAccessors: .record

===========================================================================================
----------------- testing Wed Mar 04 18:52:05 UTC 2020 /home/travis/build/icyphy/ptII/ptolemy/actor/lib/test/auto/sizedarray1.xml
----------------- Instantiating /home/travis/build/icyphy/ptII/ptolemy/actor/lib/test/auto/sizedarray1.xml
1 ms. Memory: 522240K Free: 280448K (54%)
----------------- Invoking toplevel() on ptolemy.moml.MoMLSimpleApplication@5bd2d8bb
----------------- Done invoking toplevel() on ptolemy.moml.MoMLSimpleApplication@5bd2d8bb
reloadAllAccessors: .sizedarray1

===========================================================================================
----------------- testing Wed Mar 04 18:52:05 UTC 2020 /home/travis/build/icyphy/ptII/ptolemy/actor/lib/test/auto/sizedarray2.xml
----------------- Instantiating /home/travis/build/icyphy/ptII/ptolemy/actor/lib/test/auto/sizedarray2.xml
2 ms. Memory: 522240K Free: 274814K (53%)
----------------- Invoking toplevel() on ptolemy.moml.MoMLSimpleApplication@6ad16004
----------------- Done invoking toplevel() on ptolemy.moml.MoMLSimpleApplication@6ad16004
reloadAllAccessors: .sizedarray2

===========================================================================================
----------------- testing Wed Mar 04 18:52:05 UTC 2020 /home/travis/build/icyphy/ptII/ptolemy/actor/lib/test/auto/twoPublishers.xml
----------------- Instantiating /home/travis/build/icyphy/ptII/ptolemy/actor/lib/test/auto/twoPublishers.xml
8 ms. Memory: 522240K Free: 263536K (50%)
----------------- Invoking toplevel() on ptolemy.moml.MoMLSimpleApplication@46df8afe
----------------- Done invoking toplevel() on ptolemy.moml.MoMLSimpleApplication@46df8afe
reloadAllAccessors: .twoPublishers
AutoTests.java: About to close Vertx.
AutoTests.java: Vertx closed.
]]></system-out>
  <system-err><![CDATA[java.lang.RuntimeException: Execution failed
	at ptolemy.moml.MoMLSimpleApplication$UnloadThread.run(MoMLSimpleApplication.java:402)
Caused by: java.lang.RuntimeException: StringUtilities.exit() was called. Normally, we would exit here because Manager.exitAfterWrapup() was called.  However, because the ptolemy.ptII.exitAfterWrapup property is set, we throw this exception instead.
	at ptolemy.util.StringUtilities.exit(StringUtilities.java:365)
	at ptolemy.actor.Manager.wrapup(Manager.java:1549)
	at ptolemy.actor.Manager.execute(Manager.java:407)
	at ptolemy.actor.Manager.run(Manager.java:1263)
	at ptolemy.actor.Manager$PtolemyRunThread.run(Manager.java:1933)
Warning: '.top.test' is in training mode, set the trainingMode parameter to false before checking in
Warning: '.top.test' is in training mode, set the trainingMode parameter to false before checking in
Warning: '.top.test' is in training mode, set the trainingMode parameter to false before checking in
Warning: '.BooleanSwitch_RegressionTest_WrongTrainingValues.Test' is in training mode, set the trainingMode parameter to false before checking in
Warning: '.BooleanSwitch_RegressionTest_WrongTrainingValues.Test2' is in training mode, set the trainingMode parameter to false before checking in
Warning: '.BooleanSwitch_RegressionTest_WrongTrainingValues.Test2' The test produced 0 tokens.
Warning: '.top.testExceptionHandler' is in training mode, set the trainingMode parameter to false before checking in
java.lang.RuntimeException: Execution failed
	at ptolemy.moml.MoMLSimpleApplication$UnloadThread.run(MoMLSimpleApplication.java:402)
Caused by: ptolemy.kernel.util.IllegalActionException: PublisherPorts cannot be used at the top level, use a Publisher actor instead.
  in .PublisherPortToplevelSubscriber.PublisherPort
	at ptolemy.actor.PublisherPort.preinitialize(PublisherPort.java:403)
	at ptolemy.actor.CompositeActor.preinitialize(CompositeActor.java:1769)
	at ptolemy.actor.Manager.preinitializeAndResolveTypes(Manager.java:1040)
	at ptolemy.actor.Manager.initialize(Manager.java:710)
	at ptolemy.actor.Manager.execute(Manager.java:356)
	at ptolemy.actor.Manager.run(Manager.java:1263)
	at ptolemy.actor.Manager$PtolemyRunThread.run(Manager.java:1933)
java.lang.reflect.InvocationTargetException
	at java.base/jdk.internal.reflect.NativeConstructorAccessorImpl.newInstance0(Native Method)
	at java.base/jdk.internal.reflect.NativeConstructorAccessorImpl.newInstance(NativeConstructorAccessorImpl.java:62)
	at java.base/jdk.internal.reflect.DelegatingConstructorAccessorImpl.newInstance(DelegatingConstructorAccessorImpl.java:45)
	at java.base/java.lang.reflect.Constructor.newInstance(Constructor.java:490)
	at ptolemy.util.test.junit.AutoKnownFailedTests.RunModel(AutoKnownFailedTests.java:105)
	at java.base/jdk.internal.reflect.NativeMethodAccessorImpl.invoke0(Native Method)
	at java.base/jdk.internal.reflect.NativeMethodAccessorImpl.invoke(NativeMethodAccessorImpl.java:62)
	at java.base/jdk.internal.reflect.DelegatingMethodAccessorImpl.invoke(DelegatingMethodAccessorImpl.java:43)
	at java.base/java.lang.reflect.Method.invoke(Method.java:566)
	at org.junit.runners.model.FrameworkMethod$1.runReflectiveCall(FrameworkMethod.java:44)
	at org.junit.internal.runners.model.ReflectiveCallable.run(ReflectiveCallable.java:15)
	at org.junit.runners.model.FrameworkMethod.invokeExplosively(FrameworkMethod.java:41)
	at junitparams.internal.InvokeParameterisedMethod.evaluate(InvokeParameterisedMethod.java:102)
	at org.junit.internal.runners.statements.FailOnTimeout$1.run(FailOnTimeout.java:28)
Caused by: ptolemy.kernel.util.IllegalActionException: PublisherPorts cannot be used at the top level, use a Publisher actor instead.
  in .PublisherPortToplevelSubscriber.PublisherPort
	at ptolemy.actor.PublisherPort.preinitialize(PublisherPort.java:403)
	at ptolemy.actor.CompositeActor.preinitialize(CompositeActor.java:1769)
	at ptolemy.actor.Manager.preinitializeAndResolveTypes(Manager.java:1040)
	at ptolemy.actor.Manager.initialize(Manager.java:710)
	at ptolemy.actor.Manager.execute(Manager.java:356)
	at ptolemy.actor.Manager.run(Manager.java:1263)
	at ptolemy.actor.Manager$PtolemyRunThread.run(Manager.java:1933)
java.lang.RuntimeException: Execution failed
	at ptolemy.moml.MoMLSimpleApplication$UnloadThread.run(MoMLSimpleApplication.java:402)
Caused by: ptolemy.kernel.util.IllegalActionException: SubscriberPorts cannot be used at the top level, use a Subscriber actor instead.
  in .PublisherSubscriberPortToplevel.SubscriberPort
	at ptolemy.actor.SubscriberPort.preinitialize(SubscriberPort.java:328)
	at ptolemy.actor.CompositeActor.preinitialize(CompositeActor.java:1769)
	at ptolemy.actor.Manager.preinitializeAndResolveTypes(Manager.java:1040)
	at ptolemy.actor.Manager.initialize(Manager.java:710)
	at ptolemy.actor.Manager.execute(Manager.java:356)
	at ptolemy.actor.Manager.run(Manager.java:1263)
	at ptolemy.actor.Manager$PtolemyRunThread.run(Manager.java:1933)
java.lang.reflect.InvocationTargetException
	at java.base/jdk.internal.reflect.NativeConstructorAccessorImpl.newInstance0(Native Method)
	at java.base/jdk.internal.reflect.NativeConstructorAccessorImpl.newInstance(NativeConstructorAccessorImpl.java:62)
	at java.base/jdk.internal.reflect.DelegatingConstructorAccessorImpl.newInstance(DelegatingConstructorAccessorImpl.java:45)
	at java.base/java.lang.reflect.Constructor.newInstance(Constructor.java:490)
	at ptolemy.util.test.junit.AutoKnownFailedTests.RunModel(AutoKnownFailedTests.java:105)
	at java.base/jdk.internal.reflect.NativeMethodAccessorImpl.invoke0(Native Method)
	at java.base/jdk.internal.reflect.NativeMethodAccessorImpl.invoke(NativeMethodAccessorImpl.java:62)
	at java.base/jdk.internal.reflect.DelegatingMethodAccessorImpl.invoke(DelegatingMethodAccessorImpl.java:43)
	at java.base/java.lang.reflect.Method.invoke(Method.java:566)
	at org.junit.runners.model.FrameworkMethod$1.runReflectiveCall(FrameworkMethod.java:44)
	at org.junit.internal.runners.model.ReflectiveCallable.run(ReflectiveCallable.java:15)
	at org.junit.runners.model.FrameworkMethod.invokeExplosively(FrameworkMethod.java:41)
	at junitparams.internal.InvokeParameterisedMethod.evaluate(InvokeParameterisedMethod.java:102)
	at org.junit.internal.runners.statements.FailOnTimeout$1.run(FailOnTimeout.java:28)
Caused by: ptolemy.kernel.util.IllegalActionException: SubscriberPorts cannot be used at the top level, use a Subscriber actor instead.
  in .PublisherSubscriberPortToplevel.SubscriberPort
	at ptolemy.actor.SubscriberPort.preinitialize(SubscriberPort.java:328)
	at ptolemy.actor.CompositeActor.preinitialize(CompositeActor.java:1769)
	at ptolemy.actor.Manager.preinitializeAndResolveTypes(Manager.java:1040)
	at ptolemy.actor.Manager.initialize(Manager.java:710)
	at ptolemy.actor.Manager.execute(Manager.java:356)
	at ptolemy.actor.Manager.run(Manager.java:1263)
	at ptolemy.actor.Manager$PtolemyRunThread.run(Manager.java:1933)
java.lang.RuntimeException: Execution failed
	at ptolemy.moml.MoMLSimpleApplication$UnloadThread.run(MoMLSimpleApplication.java:402)
Caused by: ptolemy.kernel.util.IllegalActionException: SubscriptionAggregatorPorts cannot be used at the top level, use a SubscriptionAggregator actor instead.
  in .PublisherSubscriptionAggregatorPort.SubscriptionAggregatorPort
	at ptolemy.actor.SubscriptionAggregatorPort.preinitialize(SubscriptionAggregatorPort.java:353)
	at ptolemy.actor.CompositeActor.preinitialize(CompositeActor.java:1769)
	at ptolemy.actor.Manager.preinitializeAndResolveTypes(Manager.java:1040)
	at ptolemy.actor.Manager.initialize(Manager.java:710)
	at ptolemy.actor.Manager.execute(Manager.java:356)
	at ptolemy.actor.Manager.run(Manager.java:1263)
	at ptolemy.actor.Manager$PtolemyRunThread.run(Manager.java:1933)
java.lang.reflect.InvocationTargetException
	at java.base/jdk.internal.reflect.NativeConstructorAccessorImpl.newInstance0(Native Method)
	at java.base/jdk.internal.reflect.NativeConstructorAccessorImpl.newInstance(NativeConstructorAccessorImpl.java:62)
	at java.base/jdk.internal.reflect.DelegatingConstructorAccessorImpl.newInstance(DelegatingConstructorAccessorImpl.java:45)
	at java.base/java.lang.reflect.Constructor.newInstance(Constructor.java:490)
	at ptolemy.util.test.junit.AutoKnownFailedTests.RunModel(AutoKnownFailedTests.java:105)
	at java.base/jdk.internal.reflect.NativeMethodAccessorImpl.invoke0(Native Method)
	at java.base/jdk.internal.reflect.NativeMethodAccessorImpl.invoke(NativeMethodAccessorImpl.java:62)
	at java.base/jdk.internal.reflect.DelegatingMethodAccessorImpl.invoke(DelegatingMethodAccessorImpl.java:43)
	at java.base/java.lang.reflect.Method.invoke(Method.java:566)
	at org.junit.runners.model.FrameworkMethod$1.runReflectiveCall(FrameworkMethod.java:44)
	at org.junit.internal.runners.model.ReflectiveCallable.run(ReflectiveCallable.java:15)
	at org.junit.runners.model.FrameworkMethod.invokeExplosively(FrameworkMethod.java:41)
	at junitparams.internal.InvokeParameterisedMethod.evaluate(InvokeParameterisedMethod.java:102)
	at org.junit.internal.runners.statements.FailOnTimeout$1.run(FailOnTimeout.java:28)
Caused by: ptolemy.kernel.util.IllegalActionException: SubscriptionAggregatorPorts cannot be used at the top level, use a SubscriptionAggregator actor instead.
  in .PublisherSubscriptionAggregatorPort.SubscriptionAggregatorPort
	at ptolemy.actor.SubscriptionAggregatorPort.preinitialize(SubscriptionAggregatorPort.java:353)
	at ptolemy.actor.CompositeActor.preinitialize(CompositeActor.java:1769)
	at ptolemy.actor.Manager.preinitializeAndResolveTypes(Manager.java:1040)
	at ptolemy.actor.Manager.initialize(Manager.java:710)
	at ptolemy.actor.Manager.execute(Manager.java:356)
	at ptolemy.actor.Manager.run(Manager.java:1263)
	at ptolemy.actor.Manager$PtolemyRunThread.run(Manager.java:1933)
java.lang.RuntimeException: Execution failed
	at ptolemy.moml.MoMLSimpleApplication$UnloadThread.run(MoMLSimpleApplication.java:402)
Caused by: ptolemy.kernel.util.IllegalActionException: TypeTest actor has no training data.
  in .sizedarray3.TypeTest
	at ptolemy.actor.lib.TypeTest.initialize(TypeTest.java:250)
	at ptolemy.actor.Director.initialize(Director.java:938)
	at ptolemy.actor.Director.initialize(Director.java:907)
	at ptolemy.actor.sched.StaticSchedulingDirector.initialize(StaticSchedulingDirector.java:159)
	at ptolemy.domains.sdf.kernel.SDFDirector.initialize(SDFDirector.java:544)
	at ptolemy.actor.CompositeActor.initialize(CompositeActor.java:935)
	at ptolemy.actor.Manager.initialize(Manager.java:724)
	at ptolemy.actor.Manager.execute(Manager.java:356)
	at ptolemy.actor.Manager.run(Manager.java:1263)
	at ptolemy.actor.Manager$PtolemyRunThread.run(Manager.java:1933)
java.lang.reflect.InvocationTargetException
	at java.base/jdk.internal.reflect.NativeConstructorAccessorImpl.newInstance0(Native Method)
	at java.base/jdk.internal.reflect.NativeConstructorAccessorImpl.newInstance(NativeConstructorAccessorImpl.java:62)
	at java.base/jdk.internal.reflect.DelegatingConstructorAccessorImpl.newInstance(DelegatingConstructorAccessorImpl.java:45)
	at java.base/java.lang.reflect.Constructor.newInstance(Constructor.java:490)
	at ptolemy.util.test.junit.AutoKnownFailedTests.RunModel(AutoKnownFailedTests.java:105)
	at java.base/jdk.internal.reflect.NativeMethodAccessorImpl.invoke0(Native Method)
	at java.base/jdk.internal.reflect.NativeMethodAccessorImpl.invoke(NativeMethodAccessorImpl.java:62)
	at java.base/jdk.internal.reflect.DelegatingMethodAccessorImpl.invoke(DelegatingMethodAccessorImpl.java:43)
	at java.base/java.lang.reflect.Method.invoke(Method.java:566)
	at org.junit.runners.model.FrameworkMethod$1.runReflectiveCall(FrameworkMethod.java:44)
	at org.junit.internal.runners.model.ReflectiveCallable.run(ReflectiveCallable.java:15)
	at org.junit.runners.model.FrameworkMethod.invokeExplosively(FrameworkMethod.java:41)
	at junitparams.internal.InvokeParameterisedMethod.evaluate(InvokeParameterisedMethod.java:102)
	at org.junit.internal.runners.statements.FailOnTimeout$1.run(FailOnTimeout.java:28)
Caused by: ptolemy.kernel.util.IllegalActionException: TypeTest actor has no training data.
  in .sizedarray3.TypeTest
	at ptolemy.actor.lib.TypeTest.initialize(TypeTest.java:250)
	at ptolemy.actor.Director.initialize(Director.java:938)
	at ptolemy.actor.Director.initialize(Director.java:907)
	at ptolemy.actor.sched.StaticSchedulingDirector.initialize(StaticSchedulingDirector.java:159)
	at ptolemy.domains.sdf.kernel.SDFDirector.initialize(SDFDirector.java:544)
	at ptolemy.actor.CompositeActor.initialize(CompositeActor.java:935)
	at ptolemy.actor.Manager.initialize(Manager.java:724)
	at ptolemy.actor.Manager.execute(Manager.java:356)
	at ptolemy.actor.Manager.run(Manager.java:1263)
	at ptolemy.actor.Manager$PtolemyRunThread.run(Manager.java:1933)
]]></system-err>
</testsuite>
