<?xml version="1.0" encoding="UTF-8" ?>
<testsuite errors="0" failures="1" hostname="travis-job-2b4310fb-2741-425e-809a-8ac3eb321c91" name="ptolemy.actor.lib.test.junit.JUnitTclTest" skipped="0" tests="517" time="63.953" timestamp="2019-09-10T05:42:18">
  <properties>
    <property name="npm.executable" value="npm" />
    <property name="env.TRAVIS_ROOT" value="/" />
    <property name="ptII.mk.exists" value="true" />
    <property name="env.TRAVIS_APP_HOST" value="build.travis-ci.org" />
    <property name="env.rvm_bin_path" value="/home/travis/.rvm/bin" />
    <property name="java.home" value="/usr/local/lib/jvm/openjdk11" />
    <property name="env.TRAVIS_JOB_NUMBER" value="1325.8" />
    <property name="env.TRAVIS_HOME" value="/home/travis" />
    <property name="env.DISPLAY" value=":99.0" />
    <property name="env.TRAVIS_INIT" value="systemd" />
    <property name="env.SSH_TTY" value="/dev/pts/0" />
    <property name="java.net.preferIPv4Stack" value="true" />
    <property name="env.RUN_TESTS" value="true" />
    <property name="timeout.short" value="1000000" />
    <property name="junit.formatter" value="xml" />
    <property name="env.TRAVIS_SUDO" value="true" />
    <property name="env.TRAVIS_JOB_NAME" value="" />
    <property name="env.TRAVIS_STACK_NODE_ATTRIBUTES" value="/.node-attributes.yml" />
    <property name="env.LOGNAME" value="travis" />
    <property name="env.PT_TRAVIS_TEST_CORE1_XML" value="true" />
    <property name="jsdoc.home" value="node_modules/@terraswarm/jsdoc" />
    <property name="debuglevel" value="source,lines,vars" />
    <property name="checkstyle.formatter" value="xml" />
    <property name="env._system_version" value="16.04" />
    <property name="bin.vergil.makeable" value="true" />
    <property name="sun.os.patch.level" value="unknown" />
    <property name="java.vendor.url" value="http://java.oracle.com/" />
    <property name="env.TRAVIS_BUILD_WEB_URL" value="https://travis-ci.org/icyphy/ptII/builds/583001175" />
    <property name="java.version" value="11.0.2" />
    <property name="env.TZ" value="UTC" />
    <property name="env.TRAVIS_PULL_REQUEST_SHA" value="" />
    <property name="env.PT_NO_NET" value="true" />
    <property name="env.TRAVIS_SECURE_ENV_VARS" value="true" />
    <property name="env._system_type" value="Linux" />
    <property name="java.vendor.url.bug" value="http://bugreport.java.com/bugreport/" />
    <property name="npmjs-org-is-up" value="true" />
    <property name="env.LANGUAGE" value="en_US.UTF-8" />
    <property name="env.SSH_CLIENT" value="10.24.12.21 53268 22" />
    <property name="env.GEM_HOME" value="/home/travis/.rvm/gems/ruby-2.5.3" />
    <property name="env.HAS_ANTARES_THREE_LITTLE_FRONZIES_BADGE" value="true" />
    <property name="java.version.date" value="2019-01-15" />
    <property name="env.PS4" value="+" />
    <property name="ant.project.invoked-targets" value="build,test.core1.xml" />
    <property name="env.TRAVIS_PULL_REQUEST_BRANCH" value="" />
    <property name="env.TRAVIS_REPO_SLUG" value="icyphy/ptII" />
    <property name="env.XDG_DATA_DIRS" value="/usr/local/share:/usr/share:/var/lib/snapd/desktop" />
    <property name="jdk.debug" value="release" />
    <property name="env.TRAVIS_APT_PROXY" value="http://apt.cache.travis-ci.com" />
    <property name="node.in.path" value="true" />
    <property name="user.name" value="travis" />
    <property name="java.maxmemory" value="1400m" />
    <property name="env.RUBY_VERSION" value="ruby-2.5.3" />
    <property name="env.LANG" value="en_US.UTF-8" />
    <property name="sun.io.unicode.encoding" value="UnicodeLittle" />
    <property name="sun.jnu.encoding" value="UTF-8" />
    <property name="java.runtime.name" value="OpenJDK Runtime Environment" />
    <property name="usefile" value="false" />
    <property name="return.code" value="0" />
    <property name="junit.single.formatter" value="plain" />
    <property name="env.DYLD_LIBRARY_PATH" value="/home/travis/pthla/certi-tools/lib:" />
    <property name="env.DEBIAN_FRONTEND" value="noninteractive" />
    <property name="env.SSH_CONNECTION" value="10.24.12.21 53268 10.20.1.10 22" />
    <property name="env.MYSQL_UNIX_PORT" value="/var/run/mysqld/mysqld.sock" />
    <property name="env.LC_ALL" value="en_US.UTF-8" />
    <property name="env.TRAVIS_ALLOW_FAILURE" value="false" />
    <property name="env.TRAVIS_JOB_WEB_URL" value="https://travis-ci.org/icyphy/ptII/jobs/583001183" />
    <property name="java.specification.name" value="Java Platform API Specification" />
    <property name="node.works" value="true" />
    <property name="user.timezone" value="" />
    <property name="path.separator" value=":" />
    <property name="env.TRAVIS_ENABLE_INFRA_DETECTION" value="true" />
    <property name="env.PYTHON_CFLAGS" value="-g -fstack-protector --param=ssp-buffer-size=4 -Wformat -Werror=format-security" />
    <property name="timeout.long" value="4000000" />
    <property name="env.CERTI_HOME" value="/home/travis/pthla/certi-tools" />
    <property name="ant.file.ptII" value="/home/travis/build/icyphy/ptII/build.xml" />
    <property name="javadoc.packagenames" value="com.*,diva.*,lbnl.*,org.hlacerti.*,org.json.*,org.ptolemy.*,org.terraswarm.*,ptolemy.*,ptserver.*" />
    <property name="file.encoding" value="UTF-8" />
    <property name="env.TRAVIS_PULL_REQUEST_SLUG" value="" />
    <property name="ant.project.default-target" value="build" />
    <property name="env.GIT_ASKPASS" value="echo" />
    <property name="env.HOME" value="/home/travis" />
    <property name="sun.java.command" value="org.apache.tools.ant.taskdefs.optional.junit.JUnitTestRunner ptolemy.actor.lib.test.junit.JUnitTclTest skipNonTests=false filtertrace=true haltOnError=false haltOnFailure=false formatter=org.apache.tools.ant.taskdefs.optional.junit.OutErrSummaryJUnitResultFormatter showoutput=true outputtoformatters=true logfailedtests=true threadid=0 logtestlistenerevents=false formatter=org.apache.tools.ant.taskdefs.optional.junit.XMLJUnitResultFormatter,/home/travis/build/icyphy/ptII/reports/junit/TEST-ptolemy.actor.lib.test.junit.JUnitTclTest.xml crashfile=/home/travis/build/icyphy/ptII/junitvmwatcher1622274336735691260.properties propsfile=/home/travis/build/icyphy/ptII/junit18438613123790590518.properties" />
    <property name="env.COMPOSER_NO_INTERACTION" value="1" />
    <property name="env.MANPATH" value="/home/travis/.nvm/versions/node/v7.10.1/share/man:/home/travis/.rvm/rubies/ruby-2.5.3/share/man:/usr/local/cmake-3.12.4/man:/usr/local/clang-7.0.0/share/man:/usr/local/man:/usr/local/share/man:/usr/share/man:/home/travis/.rvm/man" />
    <property name="env.TRAVIS_TIMER_ID" value="13c51092" />
    <property name="ant.file" value="/home/travis/build/icyphy/ptII/build.xml" />
    <property name="env.TRAVIS_COMMIT_RANGE" value="bc7bfed3151ace78f6177b95f8054c233d74f1bf...1691c4a63a7f6e8f7441362a7c71a7ee30ba8bb1" />
    <property name="env._system_name" value="Ubuntu" />
    <property name="ptII.classpath.optional.property" value="/home/travis/build/icyphy/ptII/lib/bsh-2.0b4.jar:/home/travis/build/icyphy/ptII/lib/ptCal.jar:/home/travis/build/icyphy/ptII/lib/java_cup.jar:/home/travis/build/icyphy/ptII/lib/saxon8.jar:/home/travis/build/icyphy/ptII/lib/saxon8-dom.jar:/home/travis/build/icyphy/ptII/lib/chic.jar:/home/travis/build/icyphy/ptII/lib/ptcolt.jar:/home/travis/build/icyphy/ptII/vendors/misc/itext/iText.jar:/home/travis/build/icyphy/ptII/lib/g4ltl.jar:/home/travis/build/icyphy/ptII/lib/StructuralCoder.jar:/home/travis/build/icyphy/ptII/lib/jcerti.jar:/home/travis/build/icyphy/ptII/lib/javax.mail.jar:/home/travis/build/icyphy/ptII/vendors/JMF-2.1.1e/lib/jmf.jar:/home/travis/build/icyphy/ptII/lib/jna-4.0.0-variadic.jar:/home/travis/build/icyphy/ptII/vendors/misc/joystick/Joystick.jar:/home/travis/build/icyphy/ptII/lib/ptjacl.jar:/home/travis/build/icyphy/ptII/lib/jsoup-1.8.2.jar:/home/travis/build/icyphy/ptII/lib/junit-4.8.2.jar:/home/travis/build/icyphy/ptII/lib/JUnitParams-0.4.0.jar:/home/travis/build/icyphy/ptII/ptolemy/actor/lib/excel/jxl.jar:/home/travis/build/icyphy/ptII/lib/jython.jar:/home/travis/build/icyphy/ptII/lib/kieler.jar:/home/travis/build/icyphy/ptII/vendors/opencv/share/OpenCV/java/opencv-341.jar:/home/travis/build/icyphy/ptII/lib/oscP5.jar:/home/travis/build/icyphy/ptII/lib/nrjavaserial-3.11.0.devel.jar:/home/travis/build/icyphy/ptII/vendors/j3d/lib/Linux/j3dcore.jar:/home/travis/build/icyphy/ptII/vendors/j3d/lib/Linux/j3dutils.jar:/home/travis/build/icyphy/ptII/vendors/j3d/lib/Linux/vecmath.jar:/home/travis/build/icyphy/ptII/vendors/jogl/lib/Linux/gluegen-rt-natives-linux-amd64.jar:/home/travis/build/icyphy/ptII/vendors/jogl/lib/Linux/gluegen-rt.jar:/home/travis/build/icyphy/ptII/vendors/jogl/lib/Linux/jogl-all-natives-linux-amd64.jar:/home/travis/build/icyphy/ptII/vendors/jogl/lib/Linux/jogl-all.jar:/home/travis/build/icyphy/ptII/ptolemy/distributed/jini/jar/jini-core.jar:/home/travis/build/icyphy/ptII/ptolemy/distributed/jini/jar/jini-ext.jar:/home/travis/build/icyphy/ptII/ptolemy/distributed/jini/jar/sun-util.jar:/home/travis/build/icyphy/ptII/lib/protobuf-java-2.4.1.jar:/home/travis/build/icyphy/ptII/lib/org.eclipse.paho.client.mqttv3.jar:/home/travis/build/icyphy/ptII/lib/mapss.jar:/home/travis/build/icyphy/ptII/ptolemy/actor/ptalon/antlr/antlr.jar:/home/travis/build/icyphy/ptII/lib/JRI.jar:/home/travis/build/icyphy/ptII/lib/commons-lang-2.6.jar:/home/travis/build/icyphy/ptII/lib/commons-logging-1.1.1.jar:/home/travis/build/icyphy/ptII/lib/sootclasses.jar:/home/travis/build/icyphy/ptII/ptolemy/actor/lib/database/mysql-connector-java-5.1.6-bin.jar:/home/travis/build/icyphy/ptII/vendors/misc/sphinx4/sphinx4-data-5prealpha.jar:/home/travis/build/icyphy/ptII/vendors/misc/sphinx4/sphinx4-core-5prealpha.jar:/home/travis/build/icyphy/ptII/lib/PDFRenderer.jar:/home/travis/build/icyphy/ptII/lib/svgSalamander.jar:/home/travis/build/icyphy/ptII/lib/rsyntaxtextarea-2.6.0-SNAPSHOT.jar:/home/travis/build/icyphy/ptII/lib/hazelcast-3.8.2.jar:/home/travis/build/icyphy/ptII/lib/jackson-annotations-2.9.0.jar:/home/travis/build/icyphy/ptII/lib/jackson-core-2.9.3.jar:/home/travis/build/icyphy/ptII/lib/jackson-databind-2.9.3.jar:/home/travis/build/icyphy/ptII/lib/netty-buffer-4.1.19.Final.jar:/home/travis/build/icyphy/ptII/lib/netty-codec-4.1.19.Final.jar:/home/travis/build/icyphy/ptII/lib/netty-codec-dns-4.1.19.Final.jar:/home/travis/build/icyphy/ptII/lib/netty-codec-http-4.1.19.Final.jar:/home/travis/build/icyphy/ptII/lib/netty-codec-http2-4.1.19.Final.jar:/home/travis/build/icyphy/ptII/lib/netty-common-4.1.19.Final.jar:/home/travis/build/icyphy/ptII/lib/netty-handler-4.1.19.Final.jar:/home/travis/build/icyphy/ptII/lib/netty-resolver-4.1.19.Final.jar:/home/travis/build/icyphy/ptII/lib/netty-resolver-dns-4.1.19.Final.jar:/home/travis/build/icyphy/ptII/lib/netty-transport-4.1.19.Final.jar:/home/travis/build/icyphy/ptII/lib/vertx-codegen-3.5.1.jar:/home/travis/build/icyphy/ptII/lib/vertx-core-3.5.2-SNAPSHOT.jar:/home/travis/build/icyphy/ptII/lib/vertx-hazelcast-3.5.1.jar:/home/travis/build/icyphy/ptII/lib/vertx-lang-js-3.5.1.jar:/home/travis/build/icyphy/ptII/lib/vertx-service-proxy-3.5.1.jar:/home/travis/build/icyphy/ptII/lib/vertx-web-3.5.1.jar:/home/travis/build/icyphy/ptII/lib/slf4j-api-1.7.13.jar:/home/travis/build/icyphy/ptII/lib/slf4j-simple-1.7.13.jar:/home/travis/build/icyphy/ptII/lib/webcam-capture-0.3.12.jar:/home/travis/build/icyphy/ptII/lib/bridj-0.7.0.jar:/home/travis/build/icyphy/ptII/lib/xbjlib-1.1.0.nrjavaserial.jar" />
    <property name="timeout" value="2400000" />
    <property name="test.batch" value="**/junit/*.java" />
    <property name="env._" value="/usr/bin/timeout" />
    <property name="java.io.tmpdir" value="/tmp" />
    <property name="user.language" value="en" />
    <property name="env.TRAVIS_INTERNAL_RUBY_REGEX" value="^ruby-(2\.[0-4]\.[0-9]|1\.9\.3)" />
    <property name="env.HISTCONTROL" value="ignoredups:ignorespace" />
    <property name="env.GOROOT" value="/home/travis/.gimme/versions/go1.11.1.linux.amd64" />
    <property name="line.separator" value="&#xa;" />
    <property name="target" value="11" />
    <property name="env.TRAVIS_BUILD_DIR" value="/home/travis/build/icyphy/ptII" />
    <property name="env.ANT_OPTS" value="-Xmx2048m" />
    <property name="ant.file.type" value="file" />
    <property name="ptolemy.ptII.batchMode" value="true" />
    <property name="env.HISTSIZE" value="1000" />
    <property name="env.MERB_ENV" value="test" />
    <property name="java.vm.info" value="mixed mode" />
    <property name="source" value="11" />
    <property name="java.vm.specification.name" value="Java Virtual Machine Specification" />
    <property name="env.TRAVIS_TEST_RESULT" value="0" />
    <property name="jsdoc.command" value="node_modules/@terraswarm/jsdoc/jsdoc.js" />
    <property name="npm.works" value="true" />
    <property name="cobertura.dir" value="/home/travis/build/icyphy/ptII/vendors/cobertura-2.0.3" />
    <property name="jsdoc.command.exists" value="true" />
    <property name="env.rvm_path" value="/home/travis/.rvm" />
    <property name="env.GEM_PATH" value="/home/travis/.rvm/gems/ruby-2.5.3:/home/travis/.rvm/gems/ruby-2.5.3@global" />
    <property name="env.LC_CTYPE" value="en_US.UTF-8" />
    <property name="env.TRAVIS_CMD" value="$PTII/bin/ptIITravisBuild.sh $SECONDS" />
    <property name="java.awt.printerjob" value="sun.print.PSPrinterJob" />
    <property name="env.TRAVIS_STACK_NAME" value="sardonyx" />
    <property name="env.TRAVIS_TIMER_START_TIME" value="1568093452416992394" />
    <property name="ant.version" value="Apache Ant(TM) version 1.10.1 compiled on February 2 2017" />
    <property name="ptII.reports" value="/home/travis/build/icyphy/ptII/reports" />
    <property name="env.TRAVIS_STACK_TIMESTAMP" value="2019-03-25 16:16:56 UTC" />
    <property name="ant.file.type.ptII" value="file" />
    <property name="env.RBENV_SHELL" value="bash" />
    <property name="os.name" value="Linux" />
    <property name="java.specification.vendor" value="Oracle Corporation" />
    <property name="env.rvm_version" value="1.29.7 (latest)" />
    <property name="env.TRAVIS_INFRA" value="gce" />
    <property name="env.TERM" value="xterm" />
    <property name="java.vm.name" value="OpenJDK 64-Bit Server VM" />
    <property name="env.TRAVIS_BUILD_NUMBER" value="1325" />
    <property name="env.CI" value="true" />
    <property name="java.library.path" value="/home/travis/pthla/certi-tools/lib:/usr/lib/jni:/usr/local/share/OpenCV/java/:/usr/share/OpenCV/java::/usr/java/packages/lib:/usr/lib64:/lib64:/lib:/usr/lib" />
    <property name="jdk.module.path" value="/home/travis/build/icyphy/ptII/vendors/javafx/javafx-sdk-11.0.2/lib:" />
    <property name="env.rvm_prefix" value="/home/travis" />
    <property name="env.PATH" value="/home/travis/pthla/certi-tools/share/scripts:/home/travis/.rvm/gems/ruby-2.5.3/bin:/home/travis/.rvm/gems/ruby-2.5.3@global/bin:/home/travis/.rvm/rubies/ruby-2.5.3/bin:/home/travis/.rvm/bin:/home/travis/.nvm/versions/node/v7.10.1/bin:./node_modules/.bin:/home/travis/build/icyphy/ptII/bin:/home/travis/pthla/certi-tools/bin:/home/travis/bin:/home/travis/.local/bin:/usr/local/lib/jvm/openjdk11/bin:/opt/pyenv/shims:/home/travis/.phpenv/shims:/home/travis/perl5/perlbrew/bin:/home/travis/gopath/bin:/home/travis/.gimme/versions/go1.11.1.linux.amd64/bin:/usr/local/maven-3.6.0/bin:/usr/local/cmake-3.12.4/bin:/usr/local/clang-7.0.0/bin:/usr/local/sbin:/usr/local/bin:/usr/sbin:/usr/bin:/sbin:/bin:/snap/bin:/home/travis/.phpenv/bin:/opt/pyenv/bin:/home/travis/.yarn/bin" />
    <property name="env.TRAVIS_OS_NAME" value="linux" />
    <property name="ant.java.version" value="9" />
    <property name="basedir" value="/home/travis/build/icyphy/ptII" />
    <property name="java.class.version" value="55.0" />
    <property name="env.SHLVL" value="3" />
    <property name="env.LD_LIBRARY_PATH" value="/home/travis/pthla/certi-tools/lib:/usr/lib/jni:/usr/local/share/OpenCV/java/:/usr/share/OpenCV/java:" />
    <property name="env.RACK_ENV" value="test" />
    <property name="ant.home" value="/home/travis/build/icyphy/ptII/ant" />
    <property name="env.NVM_DIR" value="/home/travis/.nvm" />
    <property name="env.CERTI_FOM_PATH" value="/home/travis/pthla/certi-tools/share/federations" />
    <property name="env.TRAVIS_BUILD_ID" value="583001175" />
    <property name="env.PYENV_ROOT" value="/opt/pyenv" />
    <property name="env.TRAVIS_UID" value="2000" />
    <property name="prism.verbose" value="true" />
    <property name="env.NVM_BIN" value="/home/travis/.nvm/versions/node/v7.10.1/bin" />
    <property name="env.TRAVIS_COMMIT" value="1691c4a63a7f6e8f7441362a7c71a7ee30ba8bb1" />
    <property name="env._system_arch" value="x86_64" />
    <property name="node.executable" value="node" />
    <property name="sun.boot.library.path" value="/usr/local/lib/jvm/openjdk11/lib" />
    <property name="sun.management.compiler" value="HotSpot 64-Bit Tiered Compilers" />
    <property name="java.awt.graphicsenv" value="sun.awt.X11GraphicsEnvironment" />
    <property name="env.GOPATH" value="/home/travis/gopath" />
    <property name="ptolemy.ptII.dir" value="/home/travis/build/icyphy/ptII" />
    <property name="env.USER" value="travis" />
    <property name="env.HISTFILESIZE" value="2000" />
    <property name="timeout.longest" value="19000000" />
    <property name="env.PERLBREW_SHELLRC_VERSION" value="0.86" />
    <property name="env.TRAVIS_STACK_FEATURES" value="basic couchdb disabled-ipv6 docker docker-compose elasticsearch firefox go-toolchain google-chrome jdk memcached mongodb mysql nodejs_interpreter perl_interpreter perlbrew phantomjs postgresql python_interpreter redis ruby_interpreter sqlite xserver" />
    <property name="env.TRAVIS_PULL_REQUEST" value="false" />
    <property name="env.PYENV_SHELL" value="bash" />
    <property name="ant.project.name" value="ptII" />
    <property name="env.ANSI_RESET" value="\033[0m" />
    <property name="java.vm.specification.version" value="11" />
    <property name="env.TRAVIS_DIST" value="xenial" />
    <property name="env.CERTI_VERSION" value="4.0.0" />
    <property name="env.CERTI_HOST" value="localhost" />
    <property name="awt.toolkit" value="sun.awt.X11.XToolkit" />
    <property name="env.MY_RUBY_HOME" value="/home/travis/.rvm/rubies/ruby-2.5.3" />
    <property name="sun.cpu.isalist" value="" />
    <property name="env.TRAVIS_TMPDIR" value="/tmp/tmp.sGZY9tGAGI" />
    <property name="java.vm.compressedOopsMode" value="Zero based" />
    <property name="os.version" value="4.15.0-1028-gcp" />
    <property name="user.home" value="/home/travis" />
    <property name="java.vm.vendor" value="Oracle Corporation" />
    <property name="env.TRAVIS_TAG" value="nightly" />
    <property name="env.ANSI_YELLOW" value="\033[33;1m" />
    <property name="env.TRAVIS_FILTERED" value="redirect_io" />
    <property name="env.ANSI_GREEN" value="\033[32;1m" />
    <property name="env.JAVA_HOME" value="/usr/local/lib/jvm/openjdk11" />
    <property name="javadoc.excludepackagenames" value="adm.cvs2svn.*,build.*,config.*,doc.coding.templates.*,jni.test.jni.meaningOfLife.*,jni.test.jni.testDeux.*,jni.test.jni.testTrois.*,org.terraswarm.accessor.accessors.web.node_modules.*,org.terraswarm.accessor.accessors.web.hosts.cordova.demo.*,org.terraswarm.accessor.accessors.web.hosts.cordova.plugins.*,org.terraswarm.accessor.accessors-svn.*,pt-modules.*,ptolemy.apps.agilent.*,ptolemy.apps.anytimecontrol.*,ptolemy.apps.apes.*,ptolemy.apps.charon.*,ptolemy.apps.crazyboard.*,ptolemy.apps.eclipse.*,ptolemy.apps.etherealSting.*,ptolemy.apps.fullscreen.*,ptolemy.apps.giotto.*,ptolemy.apps.ia.*,ptolemy.apps.interfaces.*,ptolemy.apps.jmf.*,ptolemy.apps.kurt.*,ptolemy.apps.kvm.*,ptolemy.apps.lego.*,ptolemy.apps.lejos.*,ptolemy.apps.midp.*,ptolemy.apps.mobileCoding.*,ptolemy.apps.pendulum.*,ptolemy.apps.rijndael.*,ptolemy.apps.robot.*,ptolemy.apps.security.*,ptolemy.apps.sobel.*,ptolemy.apps.soot.*,ptolemy.apps.throttle.*,ptolemy.apps.tini.*,ptolemy.apps.transmission.*,ptolemy.apps.vergil.*,ptolemy.apps.waba.*,ptolemy.apps.websensor.*,ptolemy.apps.webstart.*,ptolemy.apps.xsl.*,ptolemy.apps.zaurus.*,ptolemy.codegen.c.actor.lib.oldJavaFiles.*,ptolemy.codegen.dsp.lib.*,ptolemy.codegen.kernel.newInterfaces.*,ptolemy.codegen.lib.*,ptolemy.copernicus.kernel.fragment.*,ptolemy.copernicus.shallow.cg.*,ptolemy.domains.giotto.demo.Hierarchy.Hierarchy.*,ptolemy.domains.giotto.demo.Multimode.Multimode.*,ptolemy.domains.giotto.demo.Simple.Simple.*,ptolemy.domains.gr.lib.experimental.*,ptolemy.domains.gro.*,ptolemy.domains.pdf.*,ptolemy.domains.ptinyos.demo.Surge.output.*,ptolemy.moml.test.NoPackageActor.java*,ptolemy.plot.adm.*,ptolemy.plot.servlet.*,reports.*,signed.*,src.*,target.*,vendors.*,ptolemy.copernicus.applet.*,ptolemy.media.viewer.*,ptolemy.actor.corba.*,doc.doclets.*,ptolemy.apps.eclipse.awt.*,ptolemy.backtrack.*,ptolemy.backtrack.ast.*,ptolemy.cg.adapter.generic.program.procedural.c.mbed*,ptolemy.homer.*,ptolemy.actor.lib.jai.*,org.ptolemy.scala.*,diva.util.java2d.svg.*,ptolemy.domains.ptinyos.*,ptolemy.actor.lib.fmi.fmipp.*,,org.terraswarm.accessor.accessors.web.node_modules.*,org.terraswarm.accessor.accessors-svn,ptolemy.apps.*,ptolemy.actor.ptalon.demo.ptinyos.SendAndReceiveCnt.output,ptolemy.actor.ptalon.demo.ptinyos.SenseToLeds.output,ptolemy.domains.ptinyos.demo.CntToLedsAndRfm.output,ptolemy.domains.ptinyos.demo.RfmToLeds.output,ptolemy.domains.ptinyos.demo.SendAndReceiveCnt.output,ptolemy.domains.ptinyos.demo.SenseToLeds.output,ptolemy.actor.lib.jjs.modules.udpSocket.*" />
    <property name="env.PTII" value="/home/travis/build/icyphy/ptII" />
    <property name="env.XDG_SESSION_ID" value="2" />
    <property name="keystore" value="ptKeystore" />
    <property name="env.TRAVIS_COMMIT_MESSAGE" value="Use --release 8 instead of -target 8 -release 8 because --release 8 includes -target 8." />
    <property name="junit.output.dir" value="/home/travis/build/icyphy/ptII/reports/junit" />
    <property name="npm.return.code" value="0" />
    <property name="user.dir" value="/home/travis/build/icyphy/ptII/ptolemy/actor/lib/test" />
    <property name="env.TRAVIS_NODE_VERSION" value="7" />
    <property name="env.TRAVIS_EVENT_TYPE" value="cron" />
    <property name="env.MAIL" value="/var/mail/travis" />
    <property name="env.PERLBREW_ROOT" value="/home/travis/perl5/perlbrew" />
    <property name="env.PWD" value="/home/travis/build/icyphy/ptII" />
    <property name="timeout.npm" value="45000" />
    <property name="env.TRAVIS_ARCH" value="amd64" />
    <property name="sun.cpu.endian" value="little" />
    <property name="env.PAGER" value="cat" />
    <property name="env.TRAVIS_BUILD_STAGE_NAME" value="Test" />
    <property name="env.PERLBREW_HOME" value="/home/travis/.perlbrew" />
    <property name="java.vm.version" value="11.0.2+9" />
    <property name="env.RAILS_ENV" value="test" />
    <property name="java.class.path" value="/home/travis/.ptolemyII:/home/travis/.ptolemyII/*:/home/travis/build/icyphy/ptII:/home/travis/build/icyphy/ptII/lib/bsh-2.0b4.jar:/home/travis/build/icyphy/ptII/lib/ptCal.jar:/home/travis/build/icyphy/ptII/lib/java_cup.jar:/home/travis/build/icyphy/ptII/lib/saxon8.jar:/home/travis/build/icyphy/ptII/lib/saxon8-dom.jar:/home/travis/build/icyphy/ptII/lib/chic.jar:/home/travis/build/icyphy/ptII/lib/ptcolt.jar:/home/travis/build/icyphy/ptII/vendors/misc/itext/iText.jar:/home/travis/build/icyphy/ptII/lib/g4ltl.jar:/home/travis/build/icyphy/ptII/lib/StructuralCoder.jar:/home/travis/build/icyphy/ptII/lib/jcerti.jar:/home/travis/build/icyphy/ptII/lib/javax.mail.jar:/home/travis/build/icyphy/ptII/vendors/JMF-2.1.1e/lib/jmf.jar:/home/travis/build/icyphy/ptII/lib/jna-4.0.0-variadic.jar:/home/travis/build/icyphy/ptII/vendors/misc/joystick/Joystick.jar:/home/travis/build/icyphy/ptII/lib/ptjacl.jar:/home/travis/build/icyphy/ptII/lib/jsoup-1.8.2.jar:/home/travis/build/icyphy/ptII/lib/junit-4.8.2.jar:/home/travis/build/icyphy/ptII/lib/JUnitParams-0.4.0.jar:/home/travis/build/icyphy/ptII/ptolemy/actor/lib/excel/jxl.jar:/home/travis/build/icyphy/ptII/lib/jython.jar:/home/travis/build/icyphy/ptII/lib/kieler.jar:/home/travis/build/icyphy/ptII/vendors/opencv/share/OpenCV/java/opencv-341.jar:/home/travis/build/icyphy/ptII/lib/oscP5.jar:/home/travis/build/icyphy/ptII/lib/nrjavaserial-3.11.0.devel.jar:/home/travis/build/icyphy/ptII/vendors/j3d/lib/Linux/j3dcore.jar:/home/travis/build/icyphy/ptII/vendors/j3d/lib/Linux/j3dutils.jar:/home/travis/build/icyphy/ptII/vendors/j3d/lib/Linux/vecmath.jar:/home/travis/build/icyphy/ptII/vendors/jogl/lib/Linux/gluegen-rt-natives-linux-amd64.jar:/home/travis/build/icyphy/ptII/vendors/jogl/lib/Linux/gluegen-rt.jar:/home/travis/build/icyphy/ptII/vendors/jogl/lib/Linux/jogl-all-natives-linux-amd64.jar:/home/travis/build/icyphy/ptII/vendors/jogl/lib/Linux/jogl-all.jar:/home/travis/build/icyphy/ptII/ptolemy/distributed/jini/jar/jini-core.jar:/home/travis/build/icyphy/ptII/ptolemy/distributed/jini/jar/jini-ext.jar:/home/travis/build/icyphy/ptII/ptolemy/distributed/jini/jar/sun-util.jar:/home/travis/build/icyphy/ptII/lib/protobuf-java-2.4.1.jar:/home/travis/build/icyphy/ptII/lib/org.eclipse.paho.client.mqttv3.jar:/home/travis/build/icyphy/ptII/lib/mapss.jar:/home/travis/build/icyphy/ptII/ptolemy/actor/ptalon/antlr/antlr.jar:/home/travis/build/icyphy/ptII/lib/JRI.jar:/home/travis/build/icyphy/ptII/lib/commons-lang-2.6.jar:/home/travis/build/icyphy/ptII/lib/commons-logging-1.1.1.jar:/home/travis/build/icyphy/ptII/lib/sootclasses.jar:/home/travis/build/icyphy/ptII/ptolemy/actor/lib/database/mysql-connector-java-5.1.6-bin.jar:/home/travis/build/icyphy/ptII/vendors/misc/sphinx4/sphinx4-data-5prealpha.jar:/home/travis/build/icyphy/ptII/vendors/misc/sphinx4/sphinx4-core-5prealpha.jar:/home/travis/build/icyphy/ptII/lib/PDFRenderer.jar:/home/travis/build/icyphy/ptII/lib/svgSalamander.jar:/home/travis/build/icyphy/ptII/lib/rsyntaxtextarea-2.6.0-SNAPSHOT.jar:/home/travis/build/icyphy/ptII/lib/hazelcast-3.8.2.jar:/home/travis/build/icyphy/ptII/lib/jackson-annotations-2.9.0.jar:/home/travis/build/icyphy/ptII/lib/jackson-core-2.9.3.jar:/home/travis/build/icyphy/ptII/lib/jackson-databind-2.9.3.jar:/home/travis/build/icyphy/ptII/lib/netty-buffer-4.1.19.Final.jar:/home/travis/build/icyphy/ptII/lib/netty-codec-4.1.19.Final.jar:/home/travis/build/icyphy/ptII/lib/netty-codec-dns-4.1.19.Final.jar:/home/travis/build/icyphy/ptII/lib/netty-codec-http-4.1.19.Final.jar:/home/travis/build/icyphy/ptII/lib/netty-codec-http2-4.1.19.Final.jar:/home/travis/build/icyphy/ptII/lib/netty-common-4.1.19.Final.jar:/home/travis/build/icyphy/ptII/lib/netty-handler-4.1.19.Final.jar:/home/travis/build/icyphy/ptII/lib/netty-resolver-4.1.19.Final.jar:/home/travis/build/icyphy/ptII/lib/netty-resolver-dns-4.1.19.Final.jar:/home/travis/build/icyphy/ptII/lib/netty-transport-4.1.19.Final.jar:/home/travis/build/icyphy/ptII/lib/vertx-codegen-3.5.1.jar:/home/travis/build/icyphy/ptII/lib/vertx-core-3.5.2-SNAPSHOT.jar:/home/travis/build/icyphy/ptII/lib/vertx-hazelcast-3.5.1.jar:/home/travis/build/icyphy/ptII/lib/vertx-lang-js-3.5.1.jar:/home/travis/build/icyphy/ptII/lib/vertx-service-proxy-3.5.1.jar:/home/travis/build/icyphy/ptII/lib/vertx-web-3.5.1.jar:/home/travis/build/icyphy/ptII/lib/slf4j-api-1.7.13.jar:/home/travis/build/icyphy/ptII/lib/slf4j-simple-1.7.13.jar:/home/travis/build/icyphy/ptII/lib/webcam-capture-0.3.12.jar:/home/travis/build/icyphy/ptII/lib/bridj-0.7.0.jar:/home/travis/build/icyphy/ptII/lib/xbjlib-1.1.0.nrjavaserial.jar:/home/travis/build/icyphy/ptII/ptolemy/moml/test:/home/travis/build/icyphy/ptII/ant/lib/ant-launcher.jar:/home/travis/build/icyphy/ptII/ant/lib/ant.jar:/home/travis/build/icyphy/ptII/ant/lib/ant-junit.jar:/home/travis/build/icyphy/ptII/ant/lib/ant-junit4.jar" />
    <property name="ant.library.dir" value="/home/travis/build/icyphy/ptII/ant/lib" />
    <property name="os.arch" value="amd64" />
    <property name="env.CONTINUOUS_INTEGRATION" value="true" />
    <property name="env.TRAVIS_LANGUAGE" value="node_js" />
    <property name="env.TRAVIS_STACK_LANGUAGES" value="__sardonyx__ c c++ clojure cplusplus cpp default generic go groovy java node_js php pure_java python ruby scala" />
    <property name="test.name" value="ptolemy.actor.lib.test.junit.JUnitTclTest" />
    <property name="env.APT_KEY_DONT_WARN_ON_DANGEROUS_USAGE" value="1" />
    <property name="sun.java.launcher" value="SUN_STANDARD" />
    <property name="env.PYTHON_CONFIGURE_OPTS" value="--enable-unicode=ucs4 --with-wide-unicode --enable-shared --enable-ipv6 --enable-loadable-sqlite-extensions --with-computed-gotos" />
    <property name="ant.core.lib" value="/home/travis/build/icyphy/ptII/ant/lib/ant.jar" />
    <property name="java.vm.specification.vendor" value="Oracle Corporation" />
    <property name="env.BCVTB_HOME" value="/home/travis/build/icyphy/ptII/lbnl" />
    <property name="file.separator" value="/" />
    <property name="spotbugs.home" value="/home/travis/build/icyphy/ptII/vendors/spotbugs-3.1.1" />
    <property name="java.runtime.version" value="11.0.2+9" />
    <property name="env.ANSI_CLEAR" value="\033[0K" />
    <property name="javafx.verbose" value="true" />
    <property name="env.HAS_JOSH_K_SEAL_OF_APPROVAL" value="true" />
    <property name="env.XDG_RUNTIME_DIR" value="/run/user/2000" />
    <property name="env.TRAVIS_OSX_IMAGE" value="" />
    <property name="env.TRAVIS_JOB_ID" value="583001183" />
    <property name="env.TRAVIS_BRANCH" value="master" />
    <property name="user.country" value="US" />
    <property name="env.CERTI_HOME_TRAVIS" value="/home/travis/pthla/certi-tools" />
    <property name="env.SHELL" value="/bin/bash" />
    <property name="java.maxmemory.large" value="3200m" />
    <property name="model" value="" />
    <property name="env.CASHER_DIR" value="/home/travis/.casher" />
    <property name="env.NVM_CD_FLAGS" value="" />
    <property name="java.vendor.version" value="18.9" />
    <property name="jshint.executable" value="/home/travis/node_modules/jshint/bin/jshint" />
    <property name="env.JRUBY_OPTS" value=" --client -J-XX:+TieredCompilation -J-XX:TieredStopAtLevel=1 -J-Xss2m -Xcompile.invokedynamic=false" />
    <property name="java.vendor" value="Oracle Corporation" />
    <property name="env.TRAVIS_PRE_CHEF_BOOTSTRAP_TIME" value="2019-03-25T16:16:42" />
    <property name="env.TRAVIS_STACK_JOB_BOARD_REGISTER" value="/.job-board-register.yml" />
    <property name="env.ANSI_RED" value="\033[31;1m" />
    <property name="java.specification.version" value="11" />
    <property name="env.IRBRC" value="/home/travis/.rvm/rubies/ruby-2.5.3/.irbrc" />
    <property name="env.TRAVIS" value="true" />
    <property name="sun.arch.data.model" value="64" />
  </properties>
  <testcase classname="ptolemy.util.test.junit.TclTests" name="[0] /home/travis/build/icyphy/ptII/ptolemy/actor/lib/test/AbsoluteValue.tcl (RunTclFile)" time="0.619" />
  <testcase classname="ptolemy.util.test.junit.TclTests" name="[1] /home/travis/build/icyphy/ptII/ptolemy/actor/lib/test/AddSubtract.tcl (RunTclFile)" time="0.159" />
  <testcase classname="ptolemy.util.test.junit.TclTests" name="[2] /home/travis/build/icyphy/ptII/ptolemy/actor/lib/test/Average.tcl (RunTclFile)" time="0.06" />
  <testcase classname="ptolemy.util.test.junit.TclTests" name="[3] /home/travis/build/icyphy/ptII/ptolemy/actor/lib/test/Bernoulli.tcl (RunTclFile)" time="0.021" />
  <testcase classname="ptolemy.util.test.junit.TclTests" name="[4] /home/travis/build/icyphy/ptII/ptolemy/actor/lib/test/Clock.tcl (RunTclFile)" time="0.097" />
  <testcase classname="ptolemy.util.test.junit.TclTests" name="[5] /home/travis/build/icyphy/ptII/ptolemy/actor/lib/test/Commutator.tcl (RunTclFile)" time="0.178" />
  <testcase classname="ptolemy.util.test.junit.TclTests" name="[6] /home/travis/build/icyphy/ptII/ptolemy/actor/lib/test/Const.tcl (RunTclFile)" time="0.131" />
  <testcase classname="ptolemy.util.test.junit.TclTests" name="[7] /home/travis/build/icyphy/ptII/ptolemy/actor/lib/test/CurrentTime.tcl (RunTclFile)" time="0.06" />
  <testcase classname="ptolemy.util.test.junit.TclTests" name="[8] /home/travis/build/icyphy/ptII/ptolemy/actor/lib/test/DB.tcl (RunTclFile)" time="0.063" />
  <testcase classname="ptolemy.util.test.junit.TclTests" name="[9] /home/travis/build/icyphy/ptII/ptolemy/actor/lib/test/DiscreteRandomSource.tcl (RunTclFile)" time="0.044" />
  <testcase classname="ptolemy.util.test.junit.TclTests" name="[10] /home/travis/build/icyphy/ptII/ptolemy/actor/lib/test/Distributor.tcl (RunTclFile)" time="0.103" />
  <testcase classname="ptolemy.util.test.junit.TclTests" name="[11] /home/travis/build/icyphy/ptII/ptolemy/actor/lib/test/Exit.tcl (RunTclFile)" time="0.108" />
  <testcase classname="ptolemy.util.test.junit.TclTests" name="[12] /home/travis/build/icyphy/ptII/ptolemy/actor/lib/test/Expression.tcl (RunTclFile)" time="0.135" />
  <testcase classname="ptolemy.util.test.junit.TclTests" name="[13] /home/travis/build/icyphy/ptII/ptolemy/actor/lib/test/Gaussian.tcl (RunTclFile)" time="0.712" />
  <testcase classname="ptolemy.util.test.junit.TclTests" name="[14] /home/travis/build/icyphy/ptII/ptolemy/actor/lib/test/IIR.tcl (RunTclFile)" time="0.048" />
  <testcase classname="ptolemy.util.test.junit.TclTests" name="[15] /home/travis/build/icyphy/ptII/ptolemy/actor/lib/test/Interpolator.tcl (RunTclFile)" time="0.11" />
  <testcase classname="ptolemy.util.test.junit.TclTests" name="[16] /home/travis/build/icyphy/ptII/ptolemy/actor/lib/test/MathFunction.tcl (RunTclFile)" time="0.039" />
  <testcase classname="ptolemy.util.test.junit.TclTests" name="[17] /home/travis/build/icyphy/ptII/ptolemy/actor/lib/test/Maximum.tcl (RunTclFile)" time="0.027" />
  <testcase classname="ptolemy.util.test.junit.TclTests" name="[18] /home/travis/build/icyphy/ptII/ptolemy/actor/lib/test/Minimum.tcl (RunTclFile)" time="0.02" />
  <testcase classname="ptolemy.util.test.junit.TclTests" name="[19] /home/travis/build/icyphy/ptII/ptolemy/actor/lib/test/MultiplyDivide.tcl (RunTclFile)" time="0.022" />
  <testcase classname="ptolemy.util.test.junit.TclTests" name="[20] /home/travis/build/icyphy/ptII/ptolemy/actor/lib/test/OrderedMerge.tcl (RunTclFile)" time="0.119" />
  <testcase classname="ptolemy.util.test.junit.TclTests" name="[21] /home/travis/build/icyphy/ptII/ptolemy/actor/lib/test/Publisher.tcl (RunTclFile)" time="0.952" />
  <testcase classname="ptolemy.util.test.junit.TclTests" name="[22] /home/travis/build/icyphy/ptII/ptolemy/actor/lib/test/Pulse.tcl (RunTclFile)" time="0.052" />
  <testcase classname="ptolemy.util.test.junit.TclTests" name="[23] /home/travis/build/icyphy/ptII/ptolemy/actor/lib/test/Ramp.tcl (RunTclFile)" time="2.221" />
  <testcase classname="ptolemy.util.test.junit.TclTests" name="[24] /home/travis/build/icyphy/ptII/ptolemy/actor/lib/test/RampContinuous.tcl (RunTclFile)" time="0.023" />
  <testcase classname="ptolemy.util.test.junit.TclTests" name="[25] /home/travis/build/icyphy/ptII/ptolemy/actor/lib/test/RecordAssembler.tcl (RunTclFile)" time="0.016" />
  <testcase classname="ptolemy.util.test.junit.TclTests" name="[26] /home/travis/build/icyphy/ptII/ptolemy/actor/lib/test/RecordDisassembler.tcl (RunTclFile)" time="0.037" />
  <testcase classname="ptolemy.util.test.junit.TclTests" name="[27] /home/travis/build/icyphy/ptII/ptolemy/actor/lib/test/Scale.tcl (RunTclFile)" time="0.025" />
  <testcase classname="ptolemy.util.test.junit.TclTests" name="[28] /home/travis/build/icyphy/ptII/ptolemy/actor/lib/test/SequentialClock.tcl (RunTclFile)" time="0.014" />
  <testcase classname="ptolemy.util.test.junit.TclTests" name="[29] /home/travis/build/icyphy/ptII/ptolemy/actor/lib/test/SetVariable.tcl (RunTclFile)" time="0.04">
    <failure message="Number of failed tests is has increased. expected:&lt;0&gt; but was:&lt;1&gt;" type="junit.framework.AssertionFailedError">junit.framework.AssertionFailedError: Number of failed tests is has increased. expected:&lt;0&gt; but was:&lt;1&gt;
	at ptolemy.util.test.junit.TclTests.RunTclFile(TclTests.java:286)
	at jdk.internal.reflect.GeneratedMethodAccessor19.invoke(Unknown Source)
	at java.base/jdk.internal.reflect.DelegatingMethodAccessorImpl.invoke(DelegatingMethodAccessorImpl.java:43)
	at junitparams.internal.InvokeParameterisedMethod.evaluate(InvokeParameterisedMethod.java:102)
	at junitparams.internal.ParameterisedTestMethodRunner.runMethodInvoker(ParameterisedTestMethodRunner.java:47)
	at junitparams.internal.ParameterisedTestMethodRunner.runTestMethod(ParameterisedTestMethodRunner.java:41)
	at junitparams.internal.ParameterisedTestClassRunner.runParameterisedTest(ParameterisedTestClassRunner.java:143)
	at junitparams.JUnitParamsRunner.runChild(JUnitParamsRunner.java:237)
	at junitparams.JUnitParamsRunner.runChild(JUnitParamsRunner.java:215)
</failure>
  </testcase>
  <testcase classname="ptolemy.util.test.junit.TclTests" name="[30] /home/travis/build/icyphy/ptII/ptolemy/actor/lib/test/Sinewave.tcl (RunTclFile)" time="0.064" />
  <testcase classname="ptolemy.util.test.junit.TclTests" name="[31] /home/travis/build/icyphy/ptII/ptolemy/actor/lib/test/SubscriptionAggregator.tcl (RunTclFile)" time="2.245" />
  <testcase classname="ptolemy.util.test.junit.TclTests" name="[32] /home/travis/build/icyphy/ptII/ptolemy/actor/lib/test/Test.tcl (RunTclFile)" time="0.174" />
  <testcase classname="ptolemy.util.test.junit.TclTests" name="[33] /home/travis/build/icyphy/ptII/ptolemy/actor/lib/test/TestExceptionHandler.tcl (RunTclFile)" time="0.017" />
  <testcase classname="ptolemy.util.test.junit.TclTests" name="[34] /home/travis/build/icyphy/ptII/ptolemy/actor/lib/test/UnionDisassembler.tcl (RunTclFile)" time="0.072" />
  <testcase classname="ptolemy.util.test.junit.TclTests" name="[35] /home/travis/build/icyphy/ptII/ptolemy/actor/lib/test/VariableClock.tcl (RunTclFile)" time="0.028" />
  <testcase classname="ptolemy.util.test.junit.AutoKnownFailedTests" name="[0] /home/travis/build/icyphy/ptII/ptolemy/actor/lib/test/auto/knownFailedTests/PublisherPortToplevelSubscriber.xml (RunModel)" time="0.025" />
  <testcase classname="ptolemy.util.test.junit.AutoKnownFailedTests" name="[1] /home/travis/build/icyphy/ptII/ptolemy/actor/lib/test/auto/knownFailedTests/PublisherSubscriberPortToplevel.xml (RunModel)" time="0.028" />
  <testcase classname="ptolemy.util.test.junit.AutoKnownFailedTests" name="[2] /home/travis/build/icyphy/ptII/ptolemy/actor/lib/test/auto/knownFailedTests/PublisherSubscriptionAggregatorPort.xml (RunModel)" time="0.026" />
  <testcase classname="ptolemy.util.test.junit.AutoKnownFailedTests" name="[3] /home/travis/build/icyphy/ptII/ptolemy/actor/lib/test/auto/knownFailedTests/sizedarray3.xml (RunModel)" time="0.031" />
  <testcase classname="ptolemy.util.test.junit.AutoNameArchTests" name="[0] ThereAreNoAutoArchTests (RunModel)" time="0.001" />
  <testcase classname="ptolemy.util.test.junit.AutoTests" name="[0] /home/travis/build/icyphy/ptII/ptolemy/actor/lib/test/auto/AbsoluteValue.xml (RunModel)" time="0.093" />
  <testcase classname="ptolemy.util.test.junit.AutoTests" name="[1] /home/travis/build/icyphy/ptII/ptolemy/actor/lib/test/auto/AbsoluteValue2.xml (RunModel)" time="0.068" />
  <testcase classname="ptolemy.util.test.junit.AutoTests" name="[2] /home/travis/build/icyphy/ptII/ptolemy/actor/lib/test/auto/Accumulator.xml (RunModel)" time="0.059" />
  <testcase classname="ptolemy.util.test.junit.AutoTests" name="[3] /home/travis/build/icyphy/ptII/ptolemy/actor/lib/test/auto/Accumulator2.xml (RunModel)" time="0.051" />
  <testcase classname="ptolemy.util.test.junit.AutoTests" name="[4] /home/travis/build/icyphy/ptII/ptolemy/actor/lib/test/auto/Accumulator3.xml (RunModel)" time="0.023" />
  <testcase classname="ptolemy.util.test.junit.AutoTests" name="[5] /home/travis/build/icyphy/ptII/ptolemy/actor/lib/test/auto/ArrayAppend.xml (RunModel)" time="0.037" />
  <testcase classname="ptolemy.util.test.junit.AutoTests" name="[6] /home/travis/build/icyphy/ptII/ptolemy/actor/lib/test/auto/ArrayAppend2.xml (RunModel)" time="0.497" />
  <testcase classname="ptolemy.util.test.junit.AutoTests" name="[7] /home/travis/build/icyphy/ptII/ptolemy/actor/lib/test/auto/ArrayAppend3.xml (RunModel)" time="0.042" />
  <testcase classname="ptolemy.util.test.junit.AutoTests" name="[8] /home/travis/build/icyphy/ptII/ptolemy/actor/lib/test/auto/ArrayAppend4.xml (RunModel)" time="0.022" />
  <testcase classname="ptolemy.util.test.junit.AutoTests" name="[9] /home/travis/build/icyphy/ptII/ptolemy/actor/lib/test/auto/ArrayAppend5.xml (RunModel)" time="0.022" />
  <testcase classname="ptolemy.util.test.junit.AutoTests" name="[10] /home/travis/build/icyphy/ptII/ptolemy/actor/lib/test/auto/ArrayAppend6.xml (RunModel)" time="0.022" />
  <testcase classname="ptolemy.util.test.junit.AutoTests" name="[11] /home/travis/build/icyphy/ptII/ptolemy/actor/lib/test/auto/ArrayAppendPerformanceTest.xml (RunModel)" time="0.057" />
  <testcase classname="ptolemy.util.test.junit.AutoTests" name="[12] /home/travis/build/icyphy/ptII/ptolemy/actor/lib/test/auto/ArrayAppendWithEmptyInput.xml (RunModel)" time="0.032" />
  <testcase classname="ptolemy.util.test.junit.AutoTests" name="[13] /home/travis/build/icyphy/ptII/ptolemy/actor/lib/test/auto/ArrayAverage.xml (RunModel)" time="0.025" />
  <testcase classname="ptolemy.util.test.junit.AutoTests" name="[14] /home/travis/build/icyphy/ptII/ptolemy/actor/lib/test/auto/ArrayContains.xml (RunModel)" time="0.023" />
  <testcase classname="ptolemy.util.test.junit.AutoTests" name="[15] /home/travis/build/icyphy/ptII/ptolemy/actor/lib/test/auto/ArrayElement.xml (RunModel)" time="0.029" />
  <testcase classname="ptolemy.util.test.junit.AutoTests" name="[16] /home/travis/build/icyphy/ptII/ptolemy/actor/lib/test/auto/ArrayElementAsMatrix.xml (RunModel)" time="0.064" />
  <testcase classname="ptolemy.util.test.junit.AutoTests" name="[17] /home/travis/build/icyphy/ptII/ptolemy/actor/lib/test/auto/ArrayElementI.xml (RunModel)" time="0.037" />
  <testcase classname="ptolemy.util.test.junit.AutoTests" name="[18] /home/travis/build/icyphy/ptII/ptolemy/actor/lib/test/auto/ArrayExtract.xml (RunModel)" time="0.031" />
  <testcase classname="ptolemy.util.test.junit.AutoTests" name="[19] /home/travis/build/icyphy/ptII/ptolemy/actor/lib/test/auto/ArrayExtract2.xml (RunModel)" time="0.018" />
  <testcase classname="ptolemy.util.test.junit.AutoTests" name="[20] /home/travis/build/icyphy/ptII/ptolemy/actor/lib/test/auto/ArrayLength.xml (RunModel)" time="0.028" />
  <testcase classname="ptolemy.util.test.junit.AutoTests" name="[21] /home/travis/build/icyphy/ptII/ptolemy/actor/lib/test/auto/ArrayLevelCrossing.xml (RunModel)" time="0.03" />
  <testcase classname="ptolemy.util.test.junit.AutoTests" name="[22] /home/travis/build/icyphy/ptII/ptolemy/actor/lib/test/auto/ArrayLevelCrossing2.xml (RunModel)" time="0.027" />
  <testcase classname="ptolemy.util.test.junit.AutoTests" name="[23] /home/travis/build/icyphy/ptII/ptolemy/actor/lib/test/auto/ArrayPeakSearch.xml (RunModel)" time="0.047" />
  <testcase classname="ptolemy.util.test.junit.AutoTests" name="[24] /home/travis/build/icyphy/ptII/ptolemy/actor/lib/test/auto/ArrayPeakSearch2.xml (RunModel)" time="0.043" />
  <testcase classname="ptolemy.util.test.junit.AutoTests" name="[25] /home/travis/build/icyphy/ptII/ptolemy/actor/lib/test/auto/ArrayPeakSearch3.xml (RunModel)" time="0.039" />
  <testcase classname="ptolemy.util.test.junit.AutoTests" name="[26] /home/travis/build/icyphy/ptII/ptolemy/actor/lib/test/auto/ArrayRemoveElement.xml (RunModel)" time="0.037" />
  <testcase classname="ptolemy.util.test.junit.AutoTests" name="[27] /home/travis/build/icyphy/ptII/ptolemy/actor/lib/test/auto/ArraySort.xml (RunModel)" time="0.044" />
  <testcase classname="ptolemy.util.test.junit.AutoTests" name="[28] /home/travis/build/icyphy/ptII/ptolemy/actor/lib/test/auto/ArraySum.xml (RunModel)" time="0.023" />
  <testcase classname="ptolemy.util.test.junit.AutoTests" name="[29] /home/travis/build/icyphy/ptII/ptolemy/actor/lib/test/auto/ArrayToElements.xml (RunModel)" time="0.028" />
  <testcase classname="ptolemy.util.test.junit.AutoTests" name="[30] /home/travis/build/icyphy/ptII/ptolemy/actor/lib/test/auto/ArrayToMatrix.xml (RunModel)" time="0.078" />
  <testcase classname="ptolemy.util.test.junit.AutoTests" name="[31] /home/travis/build/icyphy/ptII/ptolemy/actor/lib/test/auto/ArrayUpdate1.xml (RunModel)" time="0.021" />
  <testcase classname="ptolemy.util.test.junit.AutoTests" name="[32] /home/travis/build/icyphy/ptII/ptolemy/actor/lib/test/auto/ArrayUpdate2.xml (RunModel)" time="0.021" />
  <testcase classname="ptolemy.util.test.junit.AutoTests" name="[33] /home/travis/build/icyphy/ptII/ptolemy/actor/lib/test/auto/ArrayUpdate3.xml (RunModel)" time="0.018" />
  <testcase classname="ptolemy.util.test.junit.AutoTests" name="[34] /home/travis/build/icyphy/ptII/ptolemy/actor/lib/test/auto/Assert1.xml (RunModel)" time="0.02" />
  <testcase classname="ptolemy.util.test.junit.AutoTests" name="[35] /home/travis/build/icyphy/ptII/ptolemy/actor/lib/test/auto/Assert2.xml (RunModel)" time="0.017" />
  <testcase classname="ptolemy.util.test.junit.AutoTests" name="[36] /home/travis/build/icyphy/ptII/ptolemy/actor/lib/test/auto/BooleanMultiplexor.xml (RunModel)" time="0.019" />
  <testcase classname="ptolemy.util.test.junit.AutoTests" name="[37] /home/travis/build/icyphy/ptII/ptolemy/actor/lib/test/auto/BooleanMultiplexor2.xml (RunModel)" time="0.033" />
  <testcase classname="ptolemy.util.test.junit.AutoTests" name="[38] /home/travis/build/icyphy/ptII/ptolemy/actor/lib/test/auto/BooleanMultiplexor3.xml (RunModel)" time="0.025" />
  <testcase classname="ptolemy.util.test.junit.AutoTests" name="[39] /home/travis/build/icyphy/ptII/ptolemy/actor/lib/test/auto/BooleanSelect.xml (RunModel)" time="0.024" />
  <testcase classname="ptolemy.util.test.junit.AutoTests" name="[40] /home/travis/build/icyphy/ptII/ptolemy/actor/lib/test/auto/BooleanSelect2.xml (RunModel)" time="0.019" />
  <testcase classname="ptolemy.util.test.junit.AutoTests" name="[41] /home/travis/build/icyphy/ptII/ptolemy/actor/lib/test/auto/BooleanSwitch.xml (RunModel)" time="0.025" />
  <testcase classname="ptolemy.util.test.junit.AutoTests" name="[42] /home/travis/build/icyphy/ptII/ptolemy/actor/lib/test/auto/BooleanSwitch2.xml (RunModel)" time="0.017" />
  <testcase classname="ptolemy.util.test.junit.AutoTests" name="[43] /home/travis/build/icyphy/ptII/ptolemy/actor/lib/test/auto/BooleanSwitchCloningBugWithClassRelationGroup.xml (RunModel)" time="0.028" />
  <testcase classname="ptolemy.util.test.junit.AutoTests" name="[44] /home/travis/build/icyphy/ptII/ptolemy/actor/lib/test/auto/BusActors.xml (RunModel)" time="0.049" />
  <testcase classname="ptolemy.util.test.junit.AutoTests" name="[45] /home/travis/build/icyphy/ptII/ptolemy/actor/lib/test/auto/ClassWrapper.xml (RunModel)" time="0.029" />
  <testcase classname="ptolemy.util.test.junit.AutoTests" name="[46] /home/travis/build/icyphy/ptII/ptolemy/actor/lib/test/auto/Clock.xml (RunModel)" time="0.015" />
  <testcase classname="ptolemy.util.test.junit.AutoTests" name="[47] /home/travis/build/icyphy/ptII/ptolemy/actor/lib/test/auto/Clock10.xml (RunModel)" time="0.022" />
  <testcase classname="ptolemy.util.test.junit.AutoTests" name="[48] /home/travis/build/icyphy/ptII/ptolemy/actor/lib/test/auto/Clock11.xml (RunModel)" time="0.02" />
  <testcase classname="ptolemy.util.test.junit.AutoTests" name="[49] /home/travis/build/icyphy/ptII/ptolemy/actor/lib/test/auto/Clock12.xml (RunModel)" time="0.025" />
  <testcase classname="ptolemy.util.test.junit.AutoTests" name="[50] /home/travis/build/icyphy/ptII/ptolemy/actor/lib/test/auto/Clock13.xml (RunModel)" time="0.024" />
  <testcase classname="ptolemy.util.test.junit.AutoTests" name="[51] /home/travis/build/icyphy/ptII/ptolemy/actor/lib/test/auto/Clock14.xml (RunModel)" time="0.021" />
  <testcase classname="ptolemy.util.test.junit.AutoTests" name="[52] /home/travis/build/icyphy/ptII/ptolemy/actor/lib/test/auto/Clock15.xml (RunModel)" time="0.015" />
  <testcase classname="ptolemy.util.test.junit.AutoTests" name="[53] /home/travis/build/icyphy/ptII/ptolemy/actor/lib/test/auto/Clock16.xml (RunModel)" time="0.107" />
  <testcase classname="ptolemy.util.test.junit.AutoTests" name="[54] /home/travis/build/icyphy/ptII/ptolemy/actor/lib/test/auto/Clock17.xml (RunModel)" time="0.074" />
  <testcase classname="ptolemy.util.test.junit.AutoTests" name="[55] /home/travis/build/icyphy/ptII/ptolemy/actor/lib/test/auto/Clock18.xml (RunModel)" time="0.053" />
  <testcase classname="ptolemy.util.test.junit.AutoTests" name="[56] /home/travis/build/icyphy/ptII/ptolemy/actor/lib/test/auto/Clock19.xml (RunModel)" time="0.043" />
  <testcase classname="ptolemy.util.test.junit.AutoTests" name="[57] /home/travis/build/icyphy/ptII/ptolemy/actor/lib/test/auto/Clock2.xml (RunModel)" time="0.014" />
  <testcase classname="ptolemy.util.test.junit.AutoTests" name="[58] /home/travis/build/icyphy/ptII/ptolemy/actor/lib/test/auto/Clock20.xml (RunModel)" time="0.022" />
  <testcase classname="ptolemy.util.test.junit.AutoTests" name="[59] /home/travis/build/icyphy/ptII/ptolemy/actor/lib/test/auto/Clock21.xml (RunModel)" time="0.015" />
  <testcase classname="ptolemy.util.test.junit.AutoTests" name="[60] /home/travis/build/icyphy/ptII/ptolemy/actor/lib/test/auto/Clock22.xml (RunModel)" time="0.014" />
  <testcase classname="ptolemy.util.test.junit.AutoTests" name="[61] /home/travis/build/icyphy/ptII/ptolemy/actor/lib/test/auto/Clock23.xml (RunModel)" time="0.018" />
  <testcase classname="ptolemy.util.test.junit.AutoTests" name="[62] /home/travis/build/icyphy/ptII/ptolemy/actor/lib/test/auto/Clock24.xml (RunModel)" time="0.025" />
  <testcase classname="ptolemy.util.test.junit.AutoTests" name="[63] /home/travis/build/icyphy/ptII/ptolemy/actor/lib/test/auto/Clock4.xml (RunModel)" time="0.012" />
  <testcase classname="ptolemy.util.test.junit.AutoTests" name="[64] /home/travis/build/icyphy/ptII/ptolemy/actor/lib/test/auto/Clock5.xml (RunModel)" time="0.018" />
  <testcase classname="ptolemy.util.test.junit.AutoTests" name="[65] /home/travis/build/icyphy/ptII/ptolemy/actor/lib/test/auto/Clock6.xml (RunModel)" time="0.008" />
  <testcase classname="ptolemy.util.test.junit.AutoTests" name="[66] /home/travis/build/icyphy/ptII/ptolemy/actor/lib/test/auto/Clock7.xml (RunModel)" time="0.009" />
  <testcase classname="ptolemy.util.test.junit.AutoTests" name="[67] /home/travis/build/icyphy/ptII/ptolemy/actor/lib/test/auto/Clock8.xml (RunModel)" time="0.015" />
  <testcase classname="ptolemy.util.test.junit.AutoTests" name="[68] /home/travis/build/icyphy/ptII/ptolemy/actor/lib/test/auto/Clock9.xml (RunModel)" time="0.016" />
  <testcase classname="ptolemy.util.test.junit.AutoTests" name="[69] /home/travis/build/icyphy/ptII/ptolemy/actor/lib/test/auto/CommDistDiscard.xml (RunModel)" time="0.023" />
  <testcase classname="ptolemy.util.test.junit.AutoTests" name="[70] /home/travis/build/icyphy/ptII/ptolemy/actor/lib/test/auto/Commutator.xml (RunModel)" time="0.013" />
  <testcase classname="ptolemy.util.test.junit.AutoTests" name="[71] /home/travis/build/icyphy/ptII/ptolemy/actor/lib/test/auto/Commutator2.xml (RunModel)" time="0.01" />
  <testcase classname="ptolemy.util.test.junit.AutoTests" name="[72] /home/travis/build/icyphy/ptII/ptolemy/actor/lib/test/auto/Commutator3.xml (RunModel)" time="0.013" />
  <testcase classname="ptolemy.util.test.junit.AutoTests" name="[73] /home/travis/build/icyphy/ptII/ptolemy/actor/lib/test/auto/Compare.xml (RunModel)" time="0.02" />
  <testcase classname="ptolemy.util.test.junit.AutoTests" name="[74] /home/travis/build/icyphy/ptII/ptolemy/actor/lib/test/auto/CompareDE.xml (RunModel)" time="0.017" />
  <testcase classname="ptolemy.util.test.junit.AutoTests" name="[75] /home/travis/build/icyphy/ptII/ptolemy/actor/lib/test/auto/ComplexDivide.xml (RunModel)" time="0.008" />
  <testcase classname="ptolemy.util.test.junit.AutoTests" name="[76] /home/travis/build/icyphy/ptII/ptolemy/actor/lib/test/auto/ComputeHistogram.xml (RunModel)" time="0.058" />
  <testcase classname="ptolemy.util.test.junit.AutoTests" name="[77] /home/travis/build/icyphy/ptII/ptolemy/actor/lib/test/auto/ConfigurationSelect.xml (RunModel)" time="0.02" />
  <testcase classname="ptolemy.util.test.junit.AutoTests" name="[78] /home/travis/build/icyphy/ptII/ptolemy/actor/lib/test/auto/ConfigurationSelect2.xml (RunModel)" time="0.022" />
  <testcase classname="ptolemy.util.test.junit.AutoTests" name="[79] /home/travis/build/icyphy/ptII/ptolemy/actor/lib/test/auto/ConfigurationSwitch.xml (RunModel)" time="0.021" />
  <testcase classname="ptolemy.util.test.junit.AutoTests" name="[80] /home/travis/build/icyphy/ptII/ptolemy/actor/lib/test/auto/ConfigurationSwitch2.xml (RunModel)" time="0.025" />
  <testcase classname="ptolemy.util.test.junit.AutoTests" name="[81] /home/travis/build/icyphy/ptII/ptolemy/actor/lib/test/auto/ConfigurationSwitchCloningBugWithClassRelationGroup.xml (RunModel)" time="0.021" />
  <testcase classname="ptolemy.util.test.junit.AutoTests" name="[82] /home/travis/build/icyphy/ptII/ptolemy/actor/lib/test/auto/ConfigurationSwitchSelectSDF.xml (RunModel)" time="0.013" />
  <testcase classname="ptolemy.util.test.junit.AutoTests" name="[83] /home/travis/build/icyphy/ptII/ptolemy/actor/lib/test/auto/ConfigurationSwitchSelectSDF2.xml (RunModel)" time="0.011" />
  <testcase classname="ptolemy.util.test.junit.AutoTests" name="[84] /home/travis/build/icyphy/ptII/ptolemy/actor/lib/test/auto/Const.xml (RunModel)" time="0.006" />
  <testcase classname="ptolemy.util.test.junit.AutoTests" name="[85] /home/travis/build/icyphy/ptII/ptolemy/actor/lib/test/auto/Const2.xml (RunModel)" time="0.01" />
  <testcase classname="ptolemy.util.test.junit.AutoTests" name="[86] /home/travis/build/icyphy/ptII/ptolemy/actor/lib/test/auto/Const3.xml (RunModel)" time="0.006" />
  <testcase classname="ptolemy.util.test.junit.AutoTests" name="[87] /home/travis/build/icyphy/ptII/ptolemy/actor/lib/test/auto/ConstantPublisherPort1.xml (RunModel)" time="0.019" />
  <testcase classname="ptolemy.util.test.junit.AutoTests" name="[88] /home/travis/build/icyphy/ptII/ptolemy/actor/lib/test/auto/ConstantPublisherPort2.xml (RunModel)" time="0.018" />
  <testcase classname="ptolemy.util.test.junit.AutoTests" name="[89] /home/travis/build/icyphy/ptII/ptolemy/actor/lib/test/auto/ConstantPublisherPort3.xml (RunModel)" time="0.016" />
  <testcase classname="ptolemy.util.test.junit.AutoTests" name="[90] /home/travis/build/icyphy/ptII/ptolemy/actor/lib/test/auto/ConstantPublisherPort4.xml (RunModel)" time="0.016" />
  <testcase classname="ptolemy.util.test.junit.AutoTests" name="[91] /home/travis/build/icyphy/ptII/ptolemy/actor/lib/test/auto/ConstantPublisherPort5.xml (RunModel)" time="0.052" />
  <testcase classname="ptolemy.util.test.junit.AutoTests" name="[92] /home/travis/build/icyphy/ptII/ptolemy/actor/lib/test/auto/ConstantPublisherPort6.xml (RunModel)" time="0.029" />
  <testcase classname="ptolemy.util.test.junit.AutoTests" name="[93] /home/travis/build/icyphy/ptII/ptolemy/actor/lib/test/auto/ConstantPublisherPort7.xml (RunModel)" time="0.028" />
  <testcase classname="ptolemy.util.test.junit.AutoTests" name="[94] /home/travis/build/icyphy/ptII/ptolemy/actor/lib/test/auto/ConstraintMonitor1.xml (RunModel)" time="0.039" />
  <testcase classname="ptolemy.util.test.junit.AutoTests" name="[95] /home/travis/build/icyphy/ptII/ptolemy/actor/lib/test/auto/ConstraintMonitor2.xml (RunModel)" time="0.01" />
  <testcase classname="ptolemy.util.test.junit.AutoTests" name="[96] /home/travis/build/icyphy/ptII/ptolemy/actor/lib/test/auto/ConstraintMonitor3.xml (RunModel)" time="0.009" />
  <testcase classname="ptolemy.util.test.junit.AutoTests" name="[97] /home/travis/build/icyphy/ptII/ptolemy/actor/lib/test/auto/ConstraintMonitor4.xml (RunModel)" time="0.01" />
  <testcase classname="ptolemy.util.test.junit.AutoTests" name="[98] /home/travis/build/icyphy/ptII/ptolemy/actor/lib/test/auto/ConstraintMonitor5.xml (RunModel)" time="0.015" />
  <testcase classname="ptolemy.util.test.junit.AutoTests" name="[99] /home/travis/build/icyphy/ptII/ptolemy/actor/lib/test/auto/ConstraintMonitor6.xml (RunModel)" time="0.013" />
  <testcase classname="ptolemy.util.test.junit.AutoTests" name="[100] /home/travis/build/icyphy/ptII/ptolemy/actor/lib/test/auto/ConstraintMonitor7.xml (RunModel)" time="0.023" />
  <testcase classname="ptolemy.util.test.junit.AutoTests" name="[101] /home/travis/build/icyphy/ptII/ptolemy/actor/lib/test/auto/ConstraintMonitor8.xml (RunModel)" time="0.022" />
  <testcase classname="ptolemy.util.test.junit.AutoTests" name="[102] /home/travis/build/icyphy/ptII/ptolemy/actor/lib/test/auto/Counter.xml (RunModel)" time="0.012" />
  <testcase classname="ptolemy.util.test.junit.AutoTests" name="[103] /home/travis/build/icyphy/ptII/ptolemy/actor/lib/test/auto/CurrentTimeSDF.xml (RunModel)" time="0.008" />
  <testcase classname="ptolemy.util.test.junit.AutoTests" name="[104] /home/travis/build/icyphy/ptII/ptolemy/actor/lib/test/auto/DB.xml (RunModel)" time="0.011" />
  <testcase classname="ptolemy.util.test.junit.AutoTests" name="[105] /home/travis/build/icyphy/ptII/ptolemy/actor/lib/test/auto/DBDE.xml (RunModel)" time="0.013" />
  <testcase classname="ptolemy.util.test.junit.AutoTests" name="[106] /home/travis/build/icyphy/ptII/ptolemy/actor/lib/test/auto/DateConstructor.xml (RunModel)" time="0.08" />
  <testcase classname="ptolemy.util.test.junit.AutoTests" name="[107] /home/travis/build/icyphy/ptII/ptolemy/actor/lib/test/auto/DelayTime.xml (RunModel)" time="0.015" />
  <testcase classname="ptolemy.util.test.junit.AutoTests" name="[108] /home/travis/build/icyphy/ptII/ptolemy/actor/lib/test/auto/Dictionary1.xml (RunModel)" time="0.02" />
  <testcase classname="ptolemy.util.test.junit.AutoTests" name="[109] /home/travis/build/icyphy/ptII/ptolemy/actor/lib/test/auto/Dictionary2.xml (RunModel)" time="0.018" />
  <testcase classname="ptolemy.util.test.junit.AutoTests" name="[110] /home/travis/build/icyphy/ptII/ptolemy/actor/lib/test/auto/Dictionary3.xml (RunModel)" time="0.011" />
  <testcase classname="ptolemy.util.test.junit.AutoTests" name="[111] /home/travis/build/icyphy/ptII/ptolemy/actor/lib/test/auto/Dictionary4.xml (RunModel)" time="0.021" />
  <testcase classname="ptolemy.util.test.junit.AutoTests" name="[112] /home/travis/build/icyphy/ptII/ptolemy/actor/lib/test/auto/Differential.xml (RunModel)" time="0.011" />
  <testcase classname="ptolemy.util.test.junit.AutoTests" name="[113] /home/travis/build/icyphy/ptII/ptolemy/actor/lib/test/auto/Director.xml (RunModel)" time="0.016" />
  <testcase classname="ptolemy.util.test.junit.AutoTests" name="[114] /home/travis/build/icyphy/ptII/ptolemy/actor/lib/test/auto/DiscreteClock.xml (RunModel)" time="0.008" />
  <testcase classname="ptolemy.util.test.junit.AutoTests" name="[115] /home/travis/build/icyphy/ptII/ptolemy/actor/lib/test/auto/DiscreteClock10.xml (RunModel)" time="0.012" />
  <testcase classname="ptolemy.util.test.junit.AutoTests" name="[116] /home/travis/build/icyphy/ptII/ptolemy/actor/lib/test/auto/DiscreteClock11.xml (RunModel)" time="0.011" />
  <testcase classname="ptolemy.util.test.junit.AutoTests" name="[117] /home/travis/build/icyphy/ptII/ptolemy/actor/lib/test/auto/DiscreteClock12.xml (RunModel)" time="0.015" />
  <testcase classname="ptolemy.util.test.junit.AutoTests" name="[118] /home/travis/build/icyphy/ptII/ptolemy/actor/lib/test/auto/DiscreteClock13.xml (RunModel)" time="0.016" />
  <testcase classname="ptolemy.util.test.junit.AutoTests" name="[119] /home/travis/build/icyphy/ptII/ptolemy/actor/lib/test/auto/DiscreteClock14.xml (RunModel)" time="0.015" />
  <testcase classname="ptolemy.util.test.junit.AutoTests" name="[120] /home/travis/build/icyphy/ptII/ptolemy/actor/lib/test/auto/DiscreteClock15.xml (RunModel)" time="0.013" />
  <testcase classname="ptolemy.util.test.junit.AutoTests" name="[121] /home/travis/build/icyphy/ptII/ptolemy/actor/lib/test/auto/DiscreteClock16.xml (RunModel)" time="0.037" />
  <testcase classname="ptolemy.util.test.junit.AutoTests" name="[122] /home/travis/build/icyphy/ptII/ptolemy/actor/lib/test/auto/DiscreteClock17.xml (RunModel)" time="0.041" />
  <testcase classname="ptolemy.util.test.junit.AutoTests" name="[123] /home/travis/build/icyphy/ptII/ptolemy/actor/lib/test/auto/DiscreteClock18.xml (RunModel)" time="0.047" />
  <testcase classname="ptolemy.util.test.junit.AutoTests" name="[124] /home/travis/build/icyphy/ptII/ptolemy/actor/lib/test/auto/DiscreteClock19.xml (RunModel)" time="0.049" />
  <testcase classname="ptolemy.util.test.junit.AutoTests" name="[125] /home/travis/build/icyphy/ptII/ptolemy/actor/lib/test/auto/DiscreteClock2.xml (RunModel)" time="0.008" />
  <testcase classname="ptolemy.util.test.junit.AutoTests" name="[126] /home/travis/build/icyphy/ptII/ptolemy/actor/lib/test/auto/DiscreteClock20.xml (RunModel)" time="0.022" />
  <testcase classname="ptolemy.util.test.junit.AutoTests" name="[127] /home/travis/build/icyphy/ptII/ptolemy/actor/lib/test/auto/DiscreteClock21.xml (RunModel)" time="0.021" />
  <testcase classname="ptolemy.util.test.junit.AutoTests" name="[128] /home/travis/build/icyphy/ptII/ptolemy/actor/lib/test/auto/DiscreteClock22.xml (RunModel)" time="0.015" />
  <testcase classname="ptolemy.util.test.junit.AutoTests" name="[129] /home/travis/build/icyphy/ptII/ptolemy/actor/lib/test/auto/DiscreteClock23.xml (RunModel)" time="0.027" />
  <testcase classname="ptolemy.util.test.junit.AutoTests" name="[130] /home/travis/build/icyphy/ptII/ptolemy/actor/lib/test/auto/DiscreteClock24.xml (RunModel)" time="0.015" />
  <testcase classname="ptolemy.util.test.junit.AutoTests" name="[131] /home/travis/build/icyphy/ptII/ptolemy/actor/lib/test/auto/DiscreteClock4.xml (RunModel)" time="0.015" />
  <testcase classname="ptolemy.util.test.junit.AutoTests" name="[132] /home/travis/build/icyphy/ptII/ptolemy/actor/lib/test/auto/DiscreteClock5.xml (RunModel)" time="0.01" />
  <testcase classname="ptolemy.util.test.junit.AutoTests" name="[133] /home/travis/build/icyphy/ptII/ptolemy/actor/lib/test/auto/DiscreteClock6.xml (RunModel)" time="0.013" />
  <testcase classname="ptolemy.util.test.junit.AutoTests" name="[134] /home/travis/build/icyphy/ptII/ptolemy/actor/lib/test/auto/DiscreteClock7.xml (RunModel)" time="0.011" />
  <testcase classname="ptolemy.util.test.junit.AutoTests" name="[135] /home/travis/build/icyphy/ptII/ptolemy/actor/lib/test/auto/DiscreteClock8.xml (RunModel)" time="0.022" />
  <testcase classname="ptolemy.util.test.junit.AutoTests" name="[136] /home/travis/build/icyphy/ptII/ptolemy/actor/lib/test/auto/DiscreteClock9.xml (RunModel)" time="0.019" />
  <testcase classname="ptolemy.util.test.junit.AutoTests" name="[137] /home/travis/build/icyphy/ptII/ptolemy/actor/lib/test/auto/DisplayArray.xml (RunModel)" time="0.02" />
  <testcase classname="ptolemy.util.test.junit.AutoTests" name="[138] /home/travis/build/icyphy/ptII/ptolemy/actor/lib/test/auto/Distributor.xml (RunModel)" time="0.009" />
  <testcase classname="ptolemy.util.test.junit.AutoTests" name="[139] /home/travis/build/icyphy/ptII/ptolemy/actor/lib/test/auto/Distributor2.xml (RunModel)" time="0.014" />
  <testcase classname="ptolemy.util.test.junit.AutoTests" name="[140] /home/travis/build/icyphy/ptII/ptolemy/actor/lib/test/auto/DownSample.xml (RunModel)" time="0.009" />
  <testcase classname="ptolemy.util.test.junit.AutoTests" name="[141] /home/travis/build/icyphy/ptII/ptolemy/actor/lib/test/auto/ElectronicUnitBase1.xml (RunModel)" time="0.06" />
  <testcase classname="ptolemy.util.test.junit.AutoTests" name="[142] /home/travis/build/icyphy/ptII/ptolemy/actor/lib/test/auto/ElementsToArray.xml (RunModel)" time="0.021" />
  <testcase classname="ptolemy.util.test.junit.AutoTests" name="[143] /home/travis/build/icyphy/ptII/ptolemy/actor/lib/test/auto/Equals.xml (RunModel)" time="0.014" />
  <testcase classname="ptolemy.util.test.junit.AutoTests" name="[144] /home/travis/build/icyphy/ptII/ptolemy/actor/lib/test/auto/Exec.xml (RunModel)" time="0.031" />
  <testcase classname="ptolemy.util.test.junit.AutoTests" name="[145] /home/travis/build/icyphy/ptII/ptolemy/actor/lib/test/auto/ExecEnvironment.xml (RunModel)" time="0.051" />
  <testcase classname="ptolemy.util.test.junit.AutoTests" name="[146] /home/travis/build/icyphy/ptII/ptolemy/actor/lib/test/auto/ExecNonZeroReturnOutput.xml (RunModel)" time="0.216" />
  <testcase classname="ptolemy.util.test.junit.AutoTests" name="[147] /home/travis/build/icyphy/ptII/ptolemy/actor/lib/test/auto/ExecRunDemos.xml (RunModel)" time="11.223" />
  <testcase classname="ptolemy.util.test.junit.AutoTests" name="[148] /home/travis/build/icyphy/ptII/ptolemy/actor/lib/test/auto/ExecStop.xml (RunModel)" time="5.033" />
  <testcase classname="ptolemy.util.test.junit.AutoTests" name="[149] /home/travis/build/icyphy/ptII/ptolemy/actor/lib/test/auto/ExecutionTimeSDF.xml (RunModel)" time="6.04" />
  <testcase classname="ptolemy.util.test.junit.AutoTests" name="[150] /home/travis/build/icyphy/ptII/ptolemy/actor/lib/test/auto/Expression1.xml (RunModel)" time="0.019" />
  <testcase classname="ptolemy.util.test.junit.AutoTests" name="[151] /home/travis/build/icyphy/ptII/ptolemy/actor/lib/test/auto/Expression10.xml (RunModel)" time="0.023" />
  <testcase classname="ptolemy.util.test.junit.AutoTests" name="[152] /home/travis/build/icyphy/ptII/ptolemy/actor/lib/test/auto/Expression11.xml (RunModel)" time="0.011" />
  <testcase classname="ptolemy.util.test.junit.AutoTests" name="[153] /home/travis/build/icyphy/ptII/ptolemy/actor/lib/test/auto/Expression12.xml (RunModel)" time="0.015" />
  <testcase classname="ptolemy.util.test.junit.AutoTests" name="[154] /home/travis/build/icyphy/ptII/ptolemy/actor/lib/test/auto/Expression13.xml (RunModel)" time="0.012" />
  <testcase classname="ptolemy.util.test.junit.AutoTests" name="[155] /home/travis/build/icyphy/ptII/ptolemy/actor/lib/test/auto/Expression14.xml (RunModel)" time="0.019" />
  <testcase classname="ptolemy.util.test.junit.AutoTests" name="[156] /home/travis/build/icyphy/ptII/ptolemy/actor/lib/test/auto/Expression15.xml (RunModel)" time="0.008" />
  <testcase classname="ptolemy.util.test.junit.AutoTests" name="[157] /home/travis/build/icyphy/ptII/ptolemy/actor/lib/test/auto/Expression16.xml (RunModel)" time="0.016" />
  <testcase classname="ptolemy.util.test.junit.AutoTests" name="[158] /home/travis/build/icyphy/ptII/ptolemy/actor/lib/test/auto/Expression17.xml (RunModel)" time="0.012" />
  <testcase classname="ptolemy.util.test.junit.AutoTests" name="[159] /home/travis/build/icyphy/ptII/ptolemy/actor/lib/test/auto/Expression18.xml (RunModel)" time="0.016" />
  <testcase classname="ptolemy.util.test.junit.AutoTests" name="[160] /home/travis/build/icyphy/ptII/ptolemy/actor/lib/test/auto/Expression2.xml (RunModel)" time="0.015" />
  <testcase classname="ptolemy.util.test.junit.AutoTests" name="[161] /home/travis/build/icyphy/ptII/ptolemy/actor/lib/test/auto/Expression3.xml (RunModel)" time="0.014" />
  <testcase classname="ptolemy.util.test.junit.AutoTests" name="[162] /home/travis/build/icyphy/ptII/ptolemy/actor/lib/test/auto/Expression4.xml (RunModel)" time="0.017" />
  <testcase classname="ptolemy.util.test.junit.AutoTests" name="[163] /home/travis/build/icyphy/ptII/ptolemy/actor/lib/test/auto/Expression5.xml (RunModel)" time="0.013" />
  <testcase classname="ptolemy.util.test.junit.AutoTests" name="[164] /home/travis/build/icyphy/ptII/ptolemy/actor/lib/test/auto/Expression6.xml (RunModel)" time="0.008" />
  <testcase classname="ptolemy.util.test.junit.AutoTests" name="[165] /home/travis/build/icyphy/ptII/ptolemy/actor/lib/test/auto/Expression7.xml (RunModel)" time="0.011" />
  <testcase classname="ptolemy.util.test.junit.AutoTests" name="[166] /home/travis/build/icyphy/ptII/ptolemy/actor/lib/test/auto/Expression8.xml (RunModel)" time="0.016" />
  <testcase classname="ptolemy.util.test.junit.AutoTests" name="[167] /home/travis/build/icyphy/ptII/ptolemy/actor/lib/test/auto/Expression9.xml (RunModel)" time="0.008" />
  <testcase classname="ptolemy.util.test.junit.AutoTests" name="[168] /home/travis/build/icyphy/ptII/ptolemy/actor/lib/test/auto/ExpressionConcatenateArrayType.xml (RunModel)" time="0.032" />
  <testcase classname="ptolemy.util.test.junit.AutoTests" name="[169] /home/travis/build/icyphy/ptII/ptolemy/actor/lib/test/auto/ExpressionConcatenateArrayType2.xml (RunModel)" time="0.02" />
  <testcase classname="ptolemy.util.test.junit.AutoTests" name="[170] /home/travis/build/icyphy/ptII/ptolemy/actor/lib/test/auto/ExpressionFix.xml (RunModel)" time="0.046" />
  <testcase classname="ptolemy.util.test.junit.AutoTests" name="[171] /home/travis/build/icyphy/ptII/ptolemy/actor/lib/test/auto/ExpressionFix2.xml (RunModel)" time="0.012" />
  <testcase classname="ptolemy.util.test.junit.AutoTests" name="[172] /home/travis/build/icyphy/ptII/ptolemy/actor/lib/test/auto/ExpressionFix3.xml (RunModel)" time="0.014" />
  <testcase classname="ptolemy.util.test.junit.AutoTests" name="[173] /home/travis/build/icyphy/ptII/ptolemy/actor/lib/test/auto/FileWriter1.xml (RunModel)" time="0.009" />
  <testcase classname="ptolemy.util.test.junit.AutoTests" name="[174] /home/travis/build/icyphy/ptII/ptolemy/actor/lib/test/auto/FileWriter2.xml (RunModel)" time="0.022" />
  <testcase classname="ptolemy.util.test.junit.AutoTests" name="[175] /home/travis/build/icyphy/ptII/ptolemy/actor/lib/test/auto/FileWriter3.xml (RunModel)" time="0.013" />
  <testcase classname="ptolemy.util.test.junit.AutoTests" name="[176] /home/travis/build/icyphy/ptII/ptolemy/actor/lib/test/auto/Gaussian.xml (RunModel)" time="0.01" />
  <testcase classname="ptolemy.util.test.junit.AutoTests" name="[177] /home/travis/build/icyphy/ptII/ptolemy/actor/lib/test/auto/Gaussian1.xml (RunModel)" time="0.012" />
  <testcase classname="ptolemy.util.test.junit.AutoTests" name="[178] /home/travis/build/icyphy/ptII/ptolemy/actor/lib/test/auto/Gaussian2.xml (RunModel)" time="0.025" />
  <testcase classname="ptolemy.util.test.junit.AutoTests" name="[179] /home/travis/build/icyphy/ptII/ptolemy/actor/lib/test/auto/GradientAdaptiveLattice.xml (RunModel)" time="0.018" />
  <testcase classname="ptolemy.util.test.junit.AutoTests" name="[180] /home/travis/build/icyphy/ptII/ptolemy/actor/lib/test/auto/IIR.xml (RunModel)" time="0.012" />
  <testcase classname="ptolemy.util.test.junit.AutoTests" name="[181] /home/travis/build/icyphy/ptII/ptolemy/actor/lib/test/auto/InputOutputTransparentPorts.xml (RunModel)" time="0.02" />
  <testcase classname="ptolemy.util.test.junit.AutoTests" name="[182] /home/travis/build/icyphy/ptII/ptolemy/actor/lib/test/auto/Interpolator.xml (RunModel)" time="0.013" />
  <testcase classname="ptolemy.util.test.junit.AutoTests" name="[183] /home/travis/build/icyphy/ptII/ptolemy/actor/lib/test/auto/InterpolatorFiringLimitDE.xml (RunModel)" time="0.014" />
  <testcase classname="ptolemy.util.test.junit.AutoTests" name="[184] /home/travis/build/icyphy/ptII/ptolemy/actor/lib/test/auto/Lattice.xml (RunModel)" time="0.008" />
  <testcase classname="ptolemy.util.test.junit.AutoTests" name="[185] /home/travis/build/icyphy/ptII/ptolemy/actor/lib/test/auto/LazyAOCTestLazy.xml (RunModel)" time="0.027" />
  <testcase classname="ptolemy.util.test.junit.AutoTests" name="[186] /home/travis/build/icyphy/ptII/ptolemy/actor/lib/test/auto/LazyAOCTestNonLazy.xml (RunModel)" time="0.054" />
  <testcase classname="ptolemy.util.test.junit.AutoTests" name="[187] /home/travis/build/icyphy/ptII/ptolemy/actor/lib/test/auto/LazyInnerClass.xml (RunModel)" time="0.05" />
  <testcase classname="ptolemy.util.test.junit.AutoTests" name="[188] /home/travis/build/icyphy/ptII/ptolemy/actor/lib/test/auto/LazyPubSub.xml (RunModel)" time="0.065" />
  <testcase classname="ptolemy.util.test.junit.AutoTests" name="[189] /home/travis/build/icyphy/ptII/ptolemy/actor/lib/test/auto/LazyPubSub2.xml (RunModel)" time="0.04" />
  <testcase classname="ptolemy.util.test.junit.AutoTests" name="[190] /home/travis/build/icyphy/ptII/ptolemy/actor/lib/test/auto/LazyPubSub3.xml (RunModel)" time="0.028" />
  <testcase classname="ptolemy.util.test.junit.AutoTests" name="[191] /home/travis/build/icyphy/ptII/ptolemy/actor/lib/test/auto/LazySubClassModel.xml (RunModel)" time="0.022" />
  <testcase classname="ptolemy.util.test.junit.AutoTests" name="[192] /home/travis/build/icyphy/ptII/ptolemy/actor/lib/test/auto/LevelCrossTest1.xml (RunModel)" time="0.012" />
  <testcase classname="ptolemy.util.test.junit.AutoTests" name="[193] /home/travis/build/icyphy/ptII/ptolemy/actor/lib/test/auto/LevelCrossTest10.xml (RunModel)" time="0.016" />
  <testcase classname="ptolemy.util.test.junit.AutoTests" name="[194] /home/travis/build/icyphy/ptII/ptolemy/actor/lib/test/auto/LevelCrossTest11.xml (RunModel)" time="0.016" />
  <testcase classname="ptolemy.util.test.junit.AutoTests" name="[195] /home/travis/build/icyphy/ptII/ptolemy/actor/lib/test/auto/LevelCrossTest12.xml (RunModel)" time="0.017" />
  <testcase classname="ptolemy.util.test.junit.AutoTests" name="[196] /home/travis/build/icyphy/ptII/ptolemy/actor/lib/test/auto/LevelCrossTest13.xml (RunModel)" time="0.014" />
  <testcase classname="ptolemy.util.test.junit.AutoTests" name="[197] /home/travis/build/icyphy/ptII/ptolemy/actor/lib/test/auto/LevelCrossTest2.xml (RunModel)" time="0.014" />
  <testcase classname="ptolemy.util.test.junit.AutoTests" name="[198] /home/travis/build/icyphy/ptII/ptolemy/actor/lib/test/auto/LevelCrossTest3.xml (RunModel)" time="0.012" />
  <testcase classname="ptolemy.util.test.junit.AutoTests" name="[199] /home/travis/build/icyphy/ptII/ptolemy/actor/lib/test/auto/LevelCrossTest4.xml (RunModel)" time="0.01" />
  <testcase classname="ptolemy.util.test.junit.AutoTests" name="[200] /home/travis/build/icyphy/ptII/ptolemy/actor/lib/test/auto/LevelCrossTest5.xml (RunModel)" time="0.011" />
  <testcase classname="ptolemy.util.test.junit.AutoTests" name="[201] /home/travis/build/icyphy/ptII/ptolemy/actor/lib/test/auto/LevelCrossTest6.xml (RunModel)" time="0.019" />
  <testcase classname="ptolemy.util.test.junit.AutoTests" name="[202] /home/travis/build/icyphy/ptII/ptolemy/actor/lib/test/auto/LevelCrossTest7.xml (RunModel)" time="0.023" />
  <testcase classname="ptolemy.util.test.junit.AutoTests" name="[203] /home/travis/build/icyphy/ptII/ptolemy/actor/lib/test/auto/LevelCrossTest8.xml (RunModel)" time="0.016" />
  <testcase classname="ptolemy.util.test.junit.AutoTests" name="[204] /home/travis/build/icyphy/ptII/ptolemy/actor/lib/test/auto/LevelCrossTest9.xml (RunModel)" time="0.014" />
  <testcase classname="ptolemy.util.test.junit.AutoTests" name="[205] /home/travis/build/icyphy/ptII/ptolemy/actor/lib/test/auto/LevinsonDurbin.xml (RunModel)" time="0.01" />
  <testcase classname="ptolemy.util.test.junit.AutoTests" name="[206] /home/travis/build/icyphy/ptII/ptolemy/actor/lib/test/auto/LevinsonDurbin2.xml (RunModel)" time="0.009" />
  <testcase classname="ptolemy.util.test.junit.AutoTests" name="[207] /home/travis/build/icyphy/ptII/ptolemy/actor/lib/test/auto/LevinsonDurbin3.xml (RunModel)" time="0.012" />
  <testcase classname="ptolemy.util.test.junit.AutoTests" name="[208] /home/travis/build/icyphy/ptII/ptolemy/actor/lib/test/auto/Limiter.xml (RunModel)" time="0.041" />
  <testcase classname="ptolemy.util.test.junit.AutoTests" name="[209] /home/travis/build/icyphy/ptII/ptolemy/actor/lib/test/auto/LinearDifferenceEquationSystem.xml (RunModel)" time="0.034" />
  <testcase classname="ptolemy.util.test.junit.AutoTests" name="[210] /home/travis/build/icyphy/ptII/ptolemy/actor/lib/test/auto/LookupTable.xml (RunModel)" time="0.011" />
  <testcase classname="ptolemy.util.test.junit.AutoTests" name="[211] /home/travis/build/icyphy/ptII/ptolemy/actor/lib/test/auto/MathFunction.xml (RunModel)" time="0.02" />
  <testcase classname="ptolemy.util.test.junit.AutoTests" name="[212] /home/travis/build/icyphy/ptII/ptolemy/actor/lib/test/auto/MathFunction2.xml (RunModel)" time="0.01" />
  <testcase classname="ptolemy.util.test.junit.AutoTests" name="[213] /home/travis/build/icyphy/ptII/ptolemy/actor/lib/test/auto/MathFunction3.xml (RunModel)" time="0.016" />
  <testcase classname="ptolemy.util.test.junit.AutoTests" name="[214] /home/travis/build/icyphy/ptII/ptolemy/actor/lib/test/auto/MatrixCropBoolean.xml (RunModel)" time="0.011" />
  <testcase classname="ptolemy.util.test.junit.AutoTests" name="[215] /home/travis/build/icyphy/ptII/ptolemy/actor/lib/test/auto/MatrixCropComplex.xml (RunModel)" time="0.009" />
  <testcase classname="ptolemy.util.test.junit.AutoTests" name="[216] /home/travis/build/icyphy/ptII/ptolemy/actor/lib/test/auto/MatrixCropDouble.xml (RunModel)" time="0.01" />
  <testcase classname="ptolemy.util.test.junit.AutoTests" name="[217] /home/travis/build/icyphy/ptII/ptolemy/actor/lib/test/auto/MatrixCropFix.xml (RunModel)" time="0.015" />
  <testcase classname="ptolemy.util.test.junit.AutoTests" name="[218] /home/travis/build/icyphy/ptII/ptolemy/actor/lib/test/auto/MatrixCropInt.xml (RunModel)" time="0.02" />
  <testcase classname="ptolemy.util.test.junit.AutoTests" name="[219] /home/travis/build/icyphy/ptII/ptolemy/actor/lib/test/auto/MatrixCropLong.xml (RunModel)" time="0.01" />
  <testcase classname="ptolemy.util.test.junit.AutoTests" name="[220] /home/travis/build/icyphy/ptII/ptolemy/actor/lib/test/auto/MatrixToArray.xml (RunModel)" time="0.056" />
  <testcase classname="ptolemy.util.test.junit.AutoTests" name="[221] /home/travis/build/icyphy/ptII/ptolemy/actor/lib/test/auto/MaxIndex.xml (RunModel)" time="0.018" />
  <testcase classname="ptolemy.util.test.junit.AutoTests" name="[222] /home/travis/build/icyphy/ptII/ptolemy/actor/lib/test/auto/Maximum.xml (RunModel)" time="0.016" />
  <testcase classname="ptolemy.util.test.junit.AutoTests" name="[223] /home/travis/build/icyphy/ptII/ptolemy/actor/lib/test/auto/MaximumComplex.xml (RunModel)" time="0.015" />
  <testcase classname="ptolemy.util.test.junit.AutoTests" name="[224] /home/travis/build/icyphy/ptII/ptolemy/actor/lib/test/auto/MethodCallTest.xml (RunModel)" time="0.026" />
  <testcase classname="ptolemy.util.test.junit.AutoTests" name="[225] /home/travis/build/icyphy/ptII/ptolemy/actor/lib/test/auto/Minimum.xml (RunModel)" time="0.012" />
  <testcase classname="ptolemy.util.test.junit.AutoTests" name="[226] /home/travis/build/icyphy/ptII/ptolemy/actor/lib/test/auto/MinimumComplex.xml (RunModel)" time="0.031" />
  <testcase classname="ptolemy.util.test.junit.AutoTests" name="[227] /home/travis/build/icyphy/ptII/ptolemy/actor/lib/test/auto/MinimumMultiports.xml (RunModel)" time="0.016" />
  <testcase classname="ptolemy.util.test.junit.AutoTests" name="[228] /home/travis/build/icyphy/ptII/ptolemy/actor/lib/test/auto/ModifyDate.xml (RunModel)" time="0.042" />
  <testcase classname="ptolemy.util.test.junit.AutoTests" name="[229] /home/travis/build/icyphy/ptII/ptolemy/actor/lib/test/auto/ModifyDate2.xml (RunModel)" time="0.03" />
  <testcase classname="ptolemy.util.test.junit.AutoTests" name="[230] /home/travis/build/icyphy/ptII/ptolemy/actor/lib/test/auto/MovingAverage.xml (RunModel)" time="0.012" />
  <testcase classname="ptolemy.util.test.junit.AutoTests" name="[231] /home/travis/build/icyphy/ptII/ptolemy/actor/lib/test/auto/MovingMaximum.xml (RunModel)" time="0.011" />
  <testcase classname="ptolemy.util.test.junit.AutoTests" name="[232] /home/travis/build/icyphy/ptII/ptolemy/actor/lib/test/auto/MultipleLinksToSameRelation.xml (RunModel)" time="0.007" />
  <testcase classname="ptolemy.util.test.junit.AutoTests" name="[233] /home/travis/build/icyphy/ptII/ptolemy/actor/lib/test/auto/MultipleLinksToSameRelationDE.xml (RunModel)" time="0.007" />
  <testcase classname="ptolemy.util.test.junit.AutoTests" name="[234] /home/travis/build/icyphy/ptII/ptolemy/actor/lib/test/auto/Multiplexor.xml (RunModel)" time="0.011" />
  <testcase classname="ptolemy.util.test.junit.AutoTests" name="[235] /home/travis/build/icyphy/ptII/ptolemy/actor/lib/test/auto/Multiplexor1.xml (RunModel)" time="0.011" />
  <testcase classname="ptolemy.util.test.junit.AutoTests" name="[236] /home/travis/build/icyphy/ptII/ptolemy/actor/lib/test/auto/Multiplexor2.xml (RunModel)" time="0.011" />
  <testcase classname="ptolemy.util.test.junit.AutoTests" name="[237] /home/travis/build/icyphy/ptII/ptolemy/actor/lib/test/auto/Multiplexor3.xml (RunModel)" time="0.008" />
  <testcase classname="ptolemy.util.test.junit.AutoTests" name="[238] /home/travis/build/icyphy/ptII/ptolemy/actor/lib/test/auto/MultiplexorDE.xml (RunModel)" time="0.02" />
  <testcase classname="ptolemy.util.test.junit.AutoTests" name="[239] /home/travis/build/icyphy/ptII/ptolemy/actor/lib/test/auto/MultiportBroadcastTest.xml (RunModel)" time="0.095" />
  <testcase classname="ptolemy.util.test.junit.AutoTests" name="[240] /home/travis/build/icyphy/ptII/ptolemy/actor/lib/test/auto/MultiportOutHangDuringGetWidth.xml (RunModel)" time="0.036" />
  <testcase classname="ptolemy.util.test.junit.AutoTests" name="[241] /home/travis/build/icyphy/ptII/ptolemy/actor/lib/test/auto/NilToken.xml (RunModel)" time="0.007" />
  <testcase classname="ptolemy.util.test.junit.AutoTests" name="[242] /home/travis/build/icyphy/ptII/ptolemy/actor/lib/test/auto/NilTokenNonStrictTest.xml (RunModel)" time="0.012" />
  <testcase classname="ptolemy.util.test.junit.AutoTests" name="[243] /home/travis/build/icyphy/ptII/ptolemy/actor/lib/test/auto/NilTokenRecord.xml (RunModel)" time="0.019" />
  <testcase classname="ptolemy.util.test.junit.AutoTests" name="[244] /home/travis/build/icyphy/ptII/ptolemy/actor/lib/test/auto/NilTokenTypeTest.xml (RunModel)" time="0.023" />
  <testcase classname="ptolemy.util.test.junit.AutoTests" name="[245] /home/travis/build/icyphy/ptII/ptolemy/actor/lib/test/auto/ObjectToken1.xml (RunModel)" time="0.007" />
  <testcase classname="ptolemy.util.test.junit.AutoTests" name="[246] /home/travis/build/icyphy/ptII/ptolemy/actor/lib/test/auto/OrderedMerge.xml (RunModel)" time="0.022" />
  <testcase classname="ptolemy.util.test.junit.AutoTests" name="[247] /home/travis/build/icyphy/ptII/ptolemy/actor/lib/test/auto/OrderedRecordDisassembler.xml (RunModel)" time="0.016" />
  <testcase classname="ptolemy.util.test.junit.AutoTests" name="[248] /home/travis/build/icyphy/ptII/ptolemy/actor/lib/test/auto/OrderedRecordDisassembler2.xml (RunModel)" time="0.018" />
  <testcase classname="ptolemy.util.test.junit.AutoTests" name="[249] /home/travis/build/icyphy/ptII/ptolemy/actor/lib/test/auto/OrderedRecordUpdater.xml (RunModel)" time="0.013" />
  <testcase classname="ptolemy.util.test.junit.AutoTests" name="[250] /home/travis/build/icyphy/ptII/ptolemy/actor/lib/test/auto/OrderedRecordUpdater2.xml (RunModel)" time="0.019" />
  <testcase classname="ptolemy.util.test.junit.AutoTests" name="[251] /home/travis/build/icyphy/ptII/ptolemy/actor/lib/test/auto/PhaseUnwrap.xml (RunModel)" time="0.012" />
  <testcase classname="ptolemy.util.test.junit.AutoTests" name="[252] /home/travis/build/icyphy/ptII/ptolemy/actor/lib/test/auto/PoissonClock.xml (RunModel)" time="0.01" />
  <testcase classname="ptolemy.util.test.junit.AutoTests" name="[253] /home/travis/build/icyphy/ptII/ptolemy/actor/lib/test/auto/PoissonClock2.xml (RunModel)" time="0.007" />
  <testcase classname="ptolemy.util.test.junit.AutoTests" name="[254] /home/travis/build/icyphy/ptII/ptolemy/actor/lib/test/auto/PoissonClock3.xml (RunModel)" time="0.024" />
  <testcase classname="ptolemy.util.test.junit.AutoTests" name="[255] /home/travis/build/icyphy/ptII/ptolemy/actor/lib/test/auto/PubSubWithInitialTokens.xml (RunModel)" time="0.018" />
  <testcase classname="ptolemy.util.test.junit.AutoTests" name="[256] /home/travis/build/icyphy/ptII/ptolemy/actor/lib/test/auto/PubSubWithInitialTokens2.xml (RunModel)" time="0.011" />
  <testcase classname="ptolemy.util.test.junit.AutoTests" name="[257] /home/travis/build/icyphy/ptII/ptolemy/actor/lib/test/auto/PublisherClassNoParameter.xml (RunModel)" time="0.023" />
  <testcase classname="ptolemy.util.test.junit.AutoTests" name="[258] /home/travis/build/icyphy/ptII/ptolemy/actor/lib/test/auto/PublisherClassParameter.xml (RunModel)" time="0.022" />
  <testcase classname="ptolemy.util.test.junit.AutoTests" name="[259] /home/travis/build/icyphy/ptII/ptolemy/actor/lib/test/auto/PublisherNonStrictTest.xml (RunModel)" time="0.014" />
  <testcase classname="ptolemy.util.test.junit.AutoTests" name="[260] /home/travis/build/icyphy/ptII/ptolemy/actor/lib/test/auto/PublisherPort1.xml (RunModel)" time="0.016" />
  <testcase classname="ptolemy.util.test.junit.AutoTests" name="[261] /home/travis/build/icyphy/ptII/ptolemy/actor/lib/test/auto/PublisherPort2.xml (RunModel)" time="0.027" />
  <testcase classname="ptolemy.util.test.junit.AutoTests" name="[262] /home/travis/build/icyphy/ptII/ptolemy/actor/lib/test/auto/PublisherPort3.xml (RunModel)" time="0.011" />
  <testcase classname="ptolemy.util.test.junit.AutoTests" name="[263] /home/travis/build/icyphy/ptII/ptolemy/actor/lib/test/auto/PublisherPort4.xml (RunModel)" time="0.011" />
  <testcase classname="ptolemy.util.test.junit.AutoTests" name="[264] /home/travis/build/icyphy/ptII/ptolemy/actor/lib/test/auto/PublisherPort5.xml (RunModel)" time="0.016" />
  <testcase classname="ptolemy.util.test.junit.AutoTests" name="[265] /home/travis/build/icyphy/ptII/ptolemy/actor/lib/test/auto/PublisherPort5LookAlike.xml (RunModel)" time="0.019" />
  <testcase classname="ptolemy.util.test.junit.AutoTests" name="[266] /home/travis/build/icyphy/ptII/ptolemy/actor/lib/test/auto/PublisherPort6.xml (RunModel)" time="0.012" />
  <testcase classname="ptolemy.util.test.junit.AutoTests" name="[267] /home/travis/build/icyphy/ptII/ptolemy/actor/lib/test/auto/PublisherPort7.xml (RunModel)" time="0.016" />
  <testcase classname="ptolemy.util.test.junit.AutoTests" name="[268] /home/travis/build/icyphy/ptII/ptolemy/actor/lib/test/auto/PublisherPort8.xml (RunModel)" time="0.031" />
  <testcase classname="ptolemy.util.test.junit.AutoTests" name="[269] /home/travis/build/icyphy/ptII/ptolemy/actor/lib/test/auto/PublisherPortSubscriberChannelVariablesAOC2.xml (RunModel)" time="0.035" />
  <testcase classname="ptolemy.util.test.junit.AutoTests" name="[270] /home/travis/build/icyphy/ptII/ptolemy/actor/lib/test/auto/PublisherPortSubscriberOpaqueWidthInference.xml (RunModel)" time="0.016" />
  <testcase classname="ptolemy.util.test.junit.AutoTests" name="[271] /home/travis/build/icyphy/ptII/ptolemy/actor/lib/test/auto/PublisherPortSubscriberPortAdjacent.xml (RunModel)" time="0.018" />
  <testcase classname="ptolemy.util.test.junit.AutoTests" name="[272] /home/travis/build/icyphy/ptII/ptolemy/actor/lib/test/auto/PublisherPortSubscriberPortExpression.xml (RunModel)" time="0.016" />
  <testcase classname="ptolemy.util.test.junit.AutoTests" name="[273] /home/travis/build/icyphy/ptII/ptolemy/actor/lib/test/auto/PublisherPortSubscriberPortOpaqueD3Reverse.xml (RunModel)" time="0.041" />
  <testcase classname="ptolemy.util.test.junit.AutoTests" name="[274] /home/travis/build/icyphy/ptII/ptolemy/actor/lib/test/auto/PublisherPortSubscriberPortOpaqueWidthInference.xml (RunModel)" time="0.019" />
  <testcase classname="ptolemy.util.test.junit.AutoTests" name="[275] /home/travis/build/icyphy/ptII/ptolemy/actor/lib/test/auto/PublisherPortToplevelSubscriberPortAOC.xml (RunModel)" time="0.011" />
  <testcase classname="ptolemy.util.test.junit.AutoTests" name="[276] /home/travis/build/icyphy/ptII/ptolemy/actor/lib/test/auto/PublisherSubscriber.xml (RunModel)" time="0.013" />
  <testcase classname="ptolemy.util.test.junit.AutoTests" name="[277] /home/travis/build/icyphy/ptII/ptolemy/actor/lib/test/auto/PublisherSubscriber10.xml (RunModel)" time="0.023" />
  <testcase classname="ptolemy.util.test.junit.AutoTests" name="[278] /home/travis/build/icyphy/ptII/ptolemy/actor/lib/test/auto/PublisherSubscriber10InitialOutputs.xml (RunModel)" time="0.03" />
  <testcase classname="ptolemy.util.test.junit.AutoTests" name="[279] /home/travis/build/icyphy/ptII/ptolemy/actor/lib/test/auto/PublisherSubscriber11.xml (RunModel)" time="0.017" />
  <testcase classname="ptolemy.util.test.junit.AutoTests" name="[280] /home/travis/build/icyphy/ptII/ptolemy/actor/lib/test/auto/PublisherSubscriber12.xml (RunModel)" time="0.015" />
  <testcase classname="ptolemy.util.test.junit.AutoTests" name="[281] /home/travis/build/icyphy/ptII/ptolemy/actor/lib/test/auto/PublisherSubscriber13.xml (RunModel)" time="0.01" />
  <testcase classname="ptolemy.util.test.junit.AutoTests" name="[282] /home/travis/build/icyphy/ptII/ptolemy/actor/lib/test/auto/PublisherSubscriber14.xml (RunModel)" time="0.017" />
  <testcase classname="ptolemy.util.test.junit.AutoTests" name="[283] /home/travis/build/icyphy/ptII/ptolemy/actor/lib/test/auto/PublisherSubscriber2.xml (RunModel)" time="0.01" />
  <testcase classname="ptolemy.util.test.junit.AutoTests" name="[284] /home/travis/build/icyphy/ptII/ptolemy/actor/lib/test/auto/PublisherSubscriber3.xml (RunModel)" time="0.009" />
  <testcase classname="ptolemy.util.test.junit.AutoTests" name="[285] /home/travis/build/icyphy/ptII/ptolemy/actor/lib/test/auto/PublisherSubscriber4.xml (RunModel)" time="0.008" />
  <testcase classname="ptolemy.util.test.junit.AutoTests" name="[286] /home/travis/build/icyphy/ptII/ptolemy/actor/lib/test/auto/PublisherSubscriber5.xml (RunModel)" time="0.011" />
  <testcase classname="ptolemy.util.test.junit.AutoTests" name="[287] /home/travis/build/icyphy/ptII/ptolemy/actor/lib/test/auto/PublisherSubscriber6.xml (RunModel)" time="0.016" />
  <testcase classname="ptolemy.util.test.junit.AutoTests" name="[288] /home/travis/build/icyphy/ptII/ptolemy/actor/lib/test/auto/PublisherSubscriber7.xml (RunModel)" time="0.013" />
  <testcase classname="ptolemy.util.test.junit.AutoTests" name="[289] /home/travis/build/icyphy/ptII/ptolemy/actor/lib/test/auto/PublisherSubscriber8.xml (RunModel)" time="0.029" />
  <testcase classname="ptolemy.util.test.junit.AutoTests" name="[290] /home/travis/build/icyphy/ptII/ptolemy/actor/lib/test/auto/PublisherSubscriber9.xml (RunModel)" time="0.018" />
  <testcase classname="ptolemy.util.test.junit.AutoTests" name="[291] /home/travis/build/icyphy/ptII/ptolemy/actor/lib/test/auto/PublisherSubscriberAdjacent.xml (RunModel)" time="0.015" />
  <testcase classname="ptolemy.util.test.junit.AutoTests" name="[292] /home/travis/build/icyphy/ptII/ptolemy/actor/lib/test/auto/PublisherSubscriberChannelVariablesAOC2.xml (RunModel)" time="0.026" />
  <testcase classname="ptolemy.util.test.junit.AutoTests" name="[293] /home/travis/build/icyphy/ptII/ptolemy/actor/lib/test/auto/PublisherSubscriberD3.xml (RunModel)" time="0.013" />
  <testcase classname="ptolemy.util.test.junit.AutoTests" name="[294] /home/travis/build/icyphy/ptII/ptolemy/actor/lib/test/auto/PublisherSubscriberD3Reverse.xml (RunModel)" time="0.013" />
  <testcase classname="ptolemy.util.test.junit.AutoTests" name="[295] /home/travis/build/icyphy/ptII/ptolemy/actor/lib/test/auto/PublisherSubscriberExpression.xml (RunModel)" time="0.018" />
  <testcase classname="ptolemy.util.test.junit.AutoTests" name="[296] /home/travis/build/icyphy/ptII/ptolemy/actor/lib/test/auto/PublisherSubscriberOpaque.xml (RunModel)" time="0.026" />
  <testcase classname="ptolemy.util.test.junit.AutoTests" name="[297] /home/travis/build/icyphy/ptII/ptolemy/actor/lib/test/auto/PublisherSubscriberOpaqueD3.xml (RunModel)" time="0.023" />
  <testcase classname="ptolemy.util.test.junit.AutoTests" name="[298] /home/travis/build/icyphy/ptII/ptolemy/actor/lib/test/auto/PublisherSubscriberOpaqueD3Reverse.xml (RunModel)" time="0.022" />
  <testcase classname="ptolemy.util.test.junit.AutoTests" name="[299] /home/travis/build/icyphy/ptII/ptolemy/actor/lib/test/auto/PublisherSubscriberOpaqueWidthInference.xml (RunModel)" time="0.015" />
  <testcase classname="ptolemy.util.test.junit.AutoTests" name="[300] /home/travis/build/icyphy/ptII/ptolemy/actor/lib/test/auto/PublisherTestSubscriber.xml (RunModel)" time="0.014" />
  <testcase classname="ptolemy.util.test.junit.AutoTests" name="[301] /home/travis/build/icyphy/ptII/ptolemy/actor/lib/test/auto/PublisherToplevelSubscriberPortAOC.xml (RunModel)" time="0.009" />
  <testcase classname="ptolemy.util.test.junit.AutoTests" name="[302] /home/travis/build/icyphy/ptII/ptolemy/actor/lib/test/auto/PulseFiringLimitDE.xml (RunModel)" time="0.017" />
  <testcase classname="ptolemy.util.test.junit.AutoTests" name="[303] /home/travis/build/icyphy/ptII/ptolemy/actor/lib/test/auto/Ramp1.xml (RunModel)" time="0.007" />
  <testcase classname="ptolemy.util.test.junit.AutoTests" name="[304] /home/travis/build/icyphy/ptII/ptolemy/actor/lib/test/auto/RampFiringLimitDE.xml (RunModel)" time="0.01" />
  <testcase classname="ptolemy.util.test.junit.AutoTests" name="[305] /home/travis/build/icyphy/ptII/ptolemy/actor/lib/test/auto/RampFiringLimitSDF.xml (RunModel)" time="0.01" />
  <testcase classname="ptolemy.util.test.junit.AutoTests" name="[306] /home/travis/build/icyphy/ptII/ptolemy/actor/lib/test/auto/RandomInteger.xml (RunModel)" time="0.008" />
  <testcase classname="ptolemy.util.test.junit.AutoTests" name="[307] /home/travis/build/icyphy/ptII/ptolemy/actor/lib/test/auto/ReadFile1.xml (RunModel)" time="0.008" />
  <testcase classname="ptolemy.util.test.junit.AutoTests" name="[308] /home/travis/build/icyphy/ptII/ptolemy/actor/lib/test/auto/ReadFile2.xml (RunModel)" time="0.01" />
  <testcase classname="ptolemy.util.test.junit.AutoTests" name="[309] /home/travis/build/icyphy/ptII/ptolemy/actor/lib/test/auto/Reader.xml (RunModel)" time="0.011" />
  <testcase classname="ptolemy.util.test.junit.AutoTests" name="[310] /home/travis/build/icyphy/ptII/ptolemy/actor/lib/test/auto/RecordAssemblerDisplayNameTest.xml (RunModel)" time="3.735" />
  <testcase classname="ptolemy.util.test.junit.AutoTests" name="[311] /home/travis/build/icyphy/ptII/ptolemy/actor/lib/test/auto/RecordAssemblerTypeError.xml (RunModel)" time="0.036" />
  <testcase classname="ptolemy.util.test.junit.AutoTests" name="[312] /home/travis/build/icyphy/ptII/ptolemy/actor/lib/test/auto/RecordDisassember.xml (RunModel)" time="0.013" />
  <testcase classname="ptolemy.util.test.junit.AutoTests" name="[313] /home/travis/build/icyphy/ptII/ptolemy/actor/lib/test/auto/RecordDisassemberDisplayNameTest.xml (RunModel)" time="0.029" />
  <testcase classname="ptolemy.util.test.junit.AutoTests" name="[314] /home/travis/build/icyphy/ptII/ptolemy/actor/lib/test/auto/RecordDisassembler.xml (RunModel)" time="0.013" />
  <testcase classname="ptolemy.util.test.junit.AutoTests" name="[315] /home/travis/build/icyphy/ptII/ptolemy/actor/lib/test/auto/RecordDisassembler2.xml (RunModel)" time="0.011" />
  <testcase classname="ptolemy.util.test.junit.AutoTests" name="[316] /home/travis/build/icyphy/ptII/ptolemy/actor/lib/test/auto/RecordUpdater.xml (RunModel)" time="0.009" />
  <testcase classname="ptolemy.util.test.junit.AutoTests" name="[317] /home/travis/build/icyphy/ptII/ptolemy/actor/lib/test/auto/RecordUpdater2.xml (RunModel)" time="0.011" />
  <testcase classname="ptolemy.util.test.junit.AutoTests" name="[318] /home/travis/build/icyphy/ptII/ptolemy/actor/lib/test/auto/RecursiveLattice.xml (RunModel)" time="0.008" />
  <testcase classname="ptolemy.util.test.junit.AutoTests" name="[319] /home/travis/build/icyphy/ptII/ptolemy/actor/lib/test/auto/Router.xml (RunModel)" time="3.026" />
  <testcase classname="ptolemy.util.test.junit.AutoTests" name="[320] /home/travis/build/icyphy/ptII/ptolemy/actor/lib/test/auto/Router2.xml (RunModel)" time="3.029" />
  <testcase classname="ptolemy.util.test.junit.AutoTests" name="[321] /home/travis/build/icyphy/ptII/ptolemy/actor/lib/test/auto/RunningMaximum.xml (RunModel)" time="0.028" />
  <testcase classname="ptolemy.util.test.junit.AutoTests" name="[322] /home/travis/build/icyphy/ptII/ptolemy/actor/lib/test/auto/RunningMinimum.xml (RunModel)" time="0.017" />
  <testcase classname="ptolemy.util.test.junit.AutoTests" name="[323] /home/travis/build/icyphy/ptII/ptolemy/actor/lib/test/auto/Scale.xml (RunModel)" time="0.01" />
  <testcase classname="ptolemy.util.test.junit.AutoTests" name="[324] /home/travis/build/icyphy/ptII/ptolemy/actor/lib/test/auto/Scale2.xml (RunModel)" time="0.009" />
  <testcase classname="ptolemy.util.test.junit.AutoTests" name="[325] /home/travis/build/icyphy/ptII/ptolemy/actor/lib/test/auto/Scale3.xml (RunModel)" time="0.013" />
  <testcase classname="ptolemy.util.test.junit.AutoTests" name="[326] /home/travis/build/icyphy/ptII/ptolemy/actor/lib/test/auto/ScaleArray.xml (RunModel)" time="0.008" />
  <testcase classname="ptolemy.util.test.junit.AutoTests" name="[327] /home/travis/build/icyphy/ptII/ptolemy/actor/lib/test/auto/ScaleArray2.xml (RunModel)" time="0.008" />
  <testcase classname="ptolemy.util.test.junit.AutoTests" name="[328] /home/travis/build/icyphy/ptII/ptolemy/actor/lib/test/auto/ScaleMatrix.xml (RunModel)" time="0.176" />
  <testcase classname="ptolemy.util.test.junit.AutoTests" name="[329] /home/travis/build/icyphy/ptII/ptolemy/actor/lib/test/auto/Select.xml (RunModel)" time="0.019" />
  <testcase classname="ptolemy.util.test.junit.AutoTests" name="[330] /home/travis/build/icyphy/ptII/ptolemy/actor/lib/test/auto/Select2.xml (RunModel)" time="0.009" />
  <testcase classname="ptolemy.util.test.junit.AutoTests" name="[331] /home/travis/build/icyphy/ptII/ptolemy/actor/lib/test/auto/SequenceToArray2.xml (RunModel)" time="0.153" />
  <testcase classname="ptolemy.util.test.junit.AutoTests" name="[332] /home/travis/build/icyphy/ptII/ptolemy/actor/lib/test/auto/SequentialClock.xml (RunModel)" time="0.008" />
  <testcase classname="ptolemy.util.test.junit.AutoTests" name="[333] /home/travis/build/icyphy/ptII/ptolemy/actor/lib/test/auto/SetVariable.xml (RunModel)" time="0.016" />
  <testcase classname="ptolemy.util.test.junit.AutoTests" name="[334] /home/travis/build/icyphy/ptII/ptolemy/actor/lib/test/auto/SetVariable2.xml (RunModel)" time="0.014" />
  <testcase classname="ptolemy.util.test.junit.AutoTests" name="[335] /home/travis/build/icyphy/ptII/ptolemy/actor/lib/test/auto/SetVariable3.xml (RunModel)" time="0.018" />
  <testcase classname="ptolemy.util.test.junit.AutoTests" name="[336] /home/travis/build/icyphy/ptII/ptolemy/actor/lib/test/auto/SetVariable4.xml (RunModel)" time="0.026" />
  <testcase classname="ptolemy.util.test.junit.AutoTests" name="[337] /home/travis/build/icyphy/ptII/ptolemy/actor/lib/test/auto/SetVariable5.xml (RunModel)" time="0.037" />
  <testcase classname="ptolemy.util.test.junit.AutoTests" name="[338] /home/travis/build/icyphy/ptII/ptolemy/actor/lib/test/auto/Sinewave.xml (RunModel)" time="0.027" />
  <testcase classname="ptolemy.util.test.junit.AutoTests" name="[339] /home/travis/build/icyphy/ptII/ptolemy/actor/lib/test/auto/Sinewave2.xml (RunModel)" time="0.021" />
  <testcase classname="ptolemy.util.test.junit.AutoTests" name="[340] /home/travis/build/icyphy/ptII/ptolemy/actor/lib/test/auto/Sinewave3.xml (RunModel)" time="0.021" />
  <testcase classname="ptolemy.util.test.junit.AutoTests" name="[341] /home/travis/build/icyphy/ptII/ptolemy/actor/lib/test/auto/SingleEvent.xml (RunModel)" time="0.007" />
  <testcase classname="ptolemy.util.test.junit.AutoTests" name="[342] /home/travis/build/icyphy/ptII/ptolemy/actor/lib/test/auto/Sleep.xml (RunModel)" time="6.016" />
  <testcase classname="ptolemy.util.test.junit.AutoTests" name="[343] /home/travis/build/icyphy/ptII/ptolemy/actor/lib/test/auto/SleepMultipleFire.xml (RunModel)" time="1.02" />
  <testcase classname="ptolemy.util.test.junit.AutoTests" name="[344] /home/travis/build/icyphy/ptII/ptolemy/actor/lib/test/auto/StopDE.xml (RunModel)" time="0.017" />
  <testcase classname="ptolemy.util.test.junit.AutoTests" name="[345] /home/travis/build/icyphy/ptII/ptolemy/actor/lib/test/auto/StopSDF.xml (RunModel)" time="0.011" />
  <testcase classname="ptolemy.util.test.junit.AutoTests" name="[346] /home/travis/build/icyphy/ptII/ptolemy/actor/lib/test/auto/StringConstant.xml (RunModel)" time="0.022" />
  <testcase classname="ptolemy.util.test.junit.AutoTests" name="[347] /home/travis/build/icyphy/ptII/ptolemy/actor/lib/test/auto/SubscriberPortInitialValues1.xml (RunModel)" time="0.021" />
  <testcase classname="ptolemy.util.test.junit.AutoTests" name="[348] /home/travis/build/icyphy/ptII/ptolemy/actor/lib/test/auto/SubscriberPortInitialValues13.xml (RunModel)" time="0.027" />
  <testcase classname="ptolemy.util.test.junit.AutoTests" name="[349] /home/travis/build/icyphy/ptII/ptolemy/actor/lib/test/auto/SubscriberPortInitialValues14.xml (RunModel)" time="0.016" />
  <testcase classname="ptolemy.util.test.junit.AutoTests" name="[350] /home/travis/build/icyphy/ptII/ptolemy/actor/lib/test/auto/SubscriberPortInitialValues2.xml (RunModel)" time="0.026" />
  <testcase classname="ptolemy.util.test.junit.AutoTests" name="[351] /home/travis/build/icyphy/ptII/ptolemy/actor/lib/test/auto/SubscriberPortInitialValues3.xml (RunModel)" time="0.031" />
  <testcase classname="ptolemy.util.test.junit.AutoTests" name="[352] /home/travis/build/icyphy/ptII/ptolemy/actor/lib/test/auto/SubscriptionAggregator.xml (RunModel)" time="0.012" />
  <testcase classname="ptolemy.util.test.junit.AutoTests" name="[353] /home/travis/build/icyphy/ptII/ptolemy/actor/lib/test/auto/SubscriptionAggregator2.xml (RunModel)" time="0.012" />
  <testcase classname="ptolemy.util.test.junit.AutoTests" name="[354] /home/travis/build/icyphy/ptII/ptolemy/actor/lib/test/auto/SubscriptionAggregator3.xml (RunModel)" time="0.016" />
  <testcase classname="ptolemy.util.test.junit.AutoTests" name="[355] /home/travis/build/icyphy/ptII/ptolemy/actor/lib/test/auto/SubscriptionAggregatorMultiply.xml (RunModel)" time="0.014" />
  <testcase classname="ptolemy.util.test.junit.AutoTests" name="[356] /home/travis/build/icyphy/ptII/ptolemy/actor/lib/test/auto/SubscriptionAggregatorPortMultiply1.xml (RunModel)" time="0.012" />
  <testcase classname="ptolemy.util.test.junit.AutoTests" name="[357] /home/travis/build/icyphy/ptII/ptolemy/actor/lib/test/auto/Switch.xml (RunModel)" time="0.019" />
  <testcase classname="ptolemy.util.test.junit.AutoTests" name="[358] /home/travis/build/icyphy/ptII/ptolemy/actor/lib/test/auto/Switch2.xml (RunModel)" time="0.01" />
  <testcase classname="ptolemy.util.test.junit.AutoTests" name="[359] /home/travis/build/icyphy/ptII/ptolemy/actor/lib/test/auto/SwitchDE.xml (RunModel)" time="0.015" />
  <testcase classname="ptolemy.util.test.junit.AutoTests" name="[360] /home/travis/build/icyphy/ptII/ptolemy/actor/lib/test/auto/SynchronizerDE.xml (RunModel)" time="0.021" />
  <testcase classname="ptolemy.util.test.junit.AutoTests" name="[361] /home/travis/build/icyphy/ptII/ptolemy/actor/lib/test/auto/Test.xml (RunModel)" time="0.01" />
  <testcase classname="ptolemy.util.test.junit.AutoTests" name="[362] /home/travis/build/icyphy/ptII/ptolemy/actor/lib/test/auto/TestExceptionAttribute1.xml (RunModel)" time="0.024" />
  <testcase classname="ptolemy.util.test.junit.AutoTests" name="[363] /home/travis/build/icyphy/ptII/ptolemy/actor/lib/test/auto/TestExceptionAttribute2.xml (RunModel)" time="0.011" />
  <testcase classname="ptolemy.util.test.junit.AutoTests" name="[364] /home/travis/build/icyphy/ptII/ptolemy/actor/lib/test/auto/TestExceptionAttribute3.xml (RunModel)" time="0.011" />
  <testcase classname="ptolemy.util.test.junit.AutoTests" name="[365] /home/travis/build/icyphy/ptII/ptolemy/actor/lib/test/auto/TestExceptionAttribute4.xml (RunModel)" time="0.008" />
  <testcase classname="ptolemy.util.test.junit.AutoTests" name="[366] /home/travis/build/icyphy/ptII/ptolemy/actor/lib/test/auto/TestExceptionHandler1.xml (RunModel)" time="0.007" />
  <testcase classname="ptolemy.util.test.junit.AutoTests" name="[367] /home/travis/build/icyphy/ptII/ptolemy/actor/lib/test/auto/TestExceptionHandler2.xml (RunModel)" time="0.008" />
  <testcase classname="ptolemy.util.test.junit.AutoTests" name="[368] /home/travis/build/icyphy/ptII/ptolemy/actor/lib/test/auto/TestExceptionHandler3.xml (RunModel)" time="0.008" />
  <testcase classname="ptolemy.util.test.junit.AutoTests" name="[369] /home/travis/build/icyphy/ptII/ptolemy/actor/lib/test/auto/TestExceptionHandler4.xml (RunModel)" time="0.006" />
  <testcase classname="ptolemy.util.test.junit.AutoTests" name="[370] /home/travis/build/icyphy/ptII/ptolemy/actor/lib/test/auto/TestRequireCorrectOrder.xml (RunModel)" time="0.016" />
  <testcase classname="ptolemy.util.test.junit.AutoTests" name="[371] /home/travis/build/icyphy/ptII/ptolemy/actor/lib/test/auto/TestSimple.xml (RunModel)" time="0.012" />
  <testcase classname="ptolemy.util.test.junit.AutoTests" name="[372] /home/travis/build/icyphy/ptII/ptolemy/actor/lib/test/auto/ThrowModelError.xml (RunModel)" time="0.01" />
  <testcase classname="ptolemy.util.test.junit.AutoTests" name="[373] /home/travis/build/icyphy/ptII/ptolemy/actor/lib/test/auto/TimeDelayMicrosteps.xml (RunModel)" time="0.016" />
  <testcase classname="ptolemy.util.test.junit.AutoTests" name="[374] /home/travis/build/icyphy/ptII/ptolemy/actor/lib/test/auto/TimeDelayMicrosteps2.xml (RunModel)" time="0.016" />
  <testcase classname="ptolemy.util.test.junit.AutoTests" name="[375] /home/travis/build/icyphy/ptII/ptolemy/actor/lib/test/auto/TimeDelayMicrosteps3.xml (RunModel)" time="0.012" />
  <testcase classname="ptolemy.util.test.junit.AutoTests" name="[376] /home/travis/build/icyphy/ptII/ptolemy/actor/lib/test/auto/TimeDelayVariableMicrosteps.xml (RunModel)" time="0.012" />
  <testcase classname="ptolemy.util.test.junit.AutoTests" name="[377] /home/travis/build/icyphy/ptII/ptolemy/actor/lib/test/auto/TimeGap.xml (RunModel)" time="0.014" />
  <testcase classname="ptolemy.util.test.junit.AutoTests" name="[378] /home/travis/build/icyphy/ptII/ptolemy/actor/lib/test/auto/TimeGap2.xml (RunModel)" time="0.011" />
  <testcase classname="ptolemy.util.test.junit.AutoTests" name="[379] /home/travis/build/icyphy/ptII/ptolemy/actor/lib/test/auto/TimedSinewave.xml (RunModel)" time="0.052" />
  <testcase classname="ptolemy.util.test.junit.AutoTests" name="[380] /home/travis/build/icyphy/ptII/ptolemy/actor/lib/test/auto/TimedSinewavePhase.xml (RunModel)" time="0.04" />
  <testcase classname="ptolemy.util.test.junit.AutoTests" name="[381] /home/travis/build/icyphy/ptII/ptolemy/actor/lib/test/auto/Timer.xml (RunModel)" time="0.021" />
  <testcase classname="ptolemy.util.test.junit.AutoTests" name="[382] /home/travis/build/icyphy/ptII/ptolemy/actor/lib/test/auto/TriangularDistTestModel.xml (RunModel)" time="0.017" />
  <testcase classname="ptolemy.util.test.junit.AutoTests" name="[383] /home/travis/build/icyphy/ptII/ptolemy/actor/lib/test/auto/TrigFunction.xml (RunModel)" time="0.008" />
  <testcase classname="ptolemy.util.test.junit.AutoTests" name="[384] /home/travis/build/icyphy/ptII/ptolemy/actor/lib/test/auto/TrigFunctionDE.xml (RunModel)" time="0.011" />
  <testcase classname="ptolemy.util.test.junit.AutoTests" name="[385] /home/travis/build/icyphy/ptII/ptolemy/actor/lib/test/auto/TrigFunctionInverse.xml (RunModel)" time="0.009" />
  <testcase classname="ptolemy.util.test.junit.AutoTests" name="[386] /home/travis/build/icyphy/ptII/ptolemy/actor/lib/test/auto/TrigFunctionTan.xml (RunModel)" time="0.007" />
  <testcase classname="ptolemy.util.test.junit.AutoTests" name="[387] /home/travis/build/icyphy/ptII/ptolemy/actor/lib/test/auto/TriggeredClock.xml (RunModel)" time="0.009" />
  <testcase classname="ptolemy.util.test.junit.AutoTests" name="[388] /home/travis/build/icyphy/ptII/ptolemy/actor/lib/test/auto/URLDirectoryReader.xml (RunModel)" time="0.102" />
  <testcase classname="ptolemy.util.test.junit.AutoTests" name="[389] /home/travis/build/icyphy/ptII/ptolemy/actor/lib/test/auto/URLDirectoryReader3.xml (RunModel)" time="1.308" />
  <testcase classname="ptolemy.util.test.junit.AutoTests" name="[390] /home/travis/build/icyphy/ptII/ptolemy/actor/lib/test/auto/UnaryMathFunction.xml (RunModel)" time="0.033" />
  <testcase classname="ptolemy.util.test.junit.AutoTests" name="[391] /home/travis/build/icyphy/ptII/ptolemy/actor/lib/test/auto/Uniform.xml (RunModel)" time="0.015" />
  <testcase classname="ptolemy.util.test.junit.AutoTests" name="[392] /home/travis/build/icyphy/ptII/ptolemy/actor/lib/test/auto/UnionDisassemblerTest.xml (RunModel)" time="0.009" />
  <testcase classname="ptolemy.util.test.junit.AutoTests" name="[393] /home/travis/build/icyphy/ptII/ptolemy/actor/lib/test/auto/UtilityFunctions.xml (RunModel)" time="0.007" />
  <testcase classname="ptolemy.util.test.junit.AutoTests" name="[394] /home/travis/build/icyphy/ptII/ptolemy/actor/lib/test/auto/VariableSleep.xml (RunModel)" time="0.512" />
  <testcase classname="ptolemy.util.test.junit.AutoTests" name="[395] /home/travis/build/icyphy/ptII/ptolemy/actor/lib/test/auto/VectorAssemblerDisassemblerCT.xml (RunModel)" time="0.124" />
  <testcase classname="ptolemy.util.test.junit.AutoTests" name="[396] /home/travis/build/icyphy/ptII/ptolemy/actor/lib/test/auto/VectorAssemblerDisassemblerDE.xml (RunModel)" time="0.012" />
  <testcase classname="ptolemy.util.test.junit.AutoTests" name="[397] /home/travis/build/icyphy/ptII/ptolemy/actor/lib/test/auto/VectorAssemblerDisassemblerSDF.xml (RunModel)" time="0.011" />
  <testcase classname="ptolemy.util.test.junit.AutoTests" name="[398] /home/travis/build/icyphy/ptII/ptolemy/actor/lib/test/auto/WallClockTime.xml (RunModel)" time="1.013" />
  <testcase classname="ptolemy.util.test.junit.AutoTests" name="[399] /home/travis/build/icyphy/ptII/ptolemy/actor/lib/test/auto/WidthTestWithSubscriberPublisher.xml (RunModel)" time="0.066" />
  <testcase classname="ptolemy.util.test.junit.AutoTests" name="[400] /home/travis/build/icyphy/ptII/ptolemy/actor/lib/test/auto/WidthTestWithSubscriberPublisher2.xml (RunModel)" time="0.013" />
  <testcase classname="ptolemy.util.test.junit.AutoTests" name="[401] /home/travis/build/icyphy/ptII/ptolemy/actor/lib/test/auto/WidthTestWithSubscriberPublisher3.xml (RunModel)" time="0.012" />
  <testcase classname="ptolemy.util.test.junit.AutoTests" name="[402] /home/travis/build/icyphy/ptII/ptolemy/actor/lib/test/auto/Writer.xml (RunModel)" time="0.007" />
  <testcase classname="ptolemy.util.test.junit.AutoTests" name="[403] /home/travis/build/icyphy/ptII/ptolemy/actor/lib/test/auto/array.xml (RunModel)" time="0.038" />
  <testcase classname="ptolemy.util.test.junit.AutoTests" name="[404] /home/travis/build/icyphy/ptII/ptolemy/actor/lib/test/auto/array2.xml (RunModel)" time="0.015" />
  <testcase classname="ptolemy.util.test.junit.AutoTests" name="[405] /home/travis/build/icyphy/ptII/ptolemy/actor/lib/test/auto/arrayType.xml (RunModel)" time="0.01" />
  <testcase classname="ptolemy.util.test.junit.AutoTests" name="[406] /home/travis/build/icyphy/ptII/ptolemy/actor/lib/test/auto/arrayType10.xml (RunModel)" time="0.008" />
  <testcase classname="ptolemy.util.test.junit.AutoTests" name="[407] /home/travis/build/icyphy/ptII/ptolemy/actor/lib/test/auto/arrayType11.xml (RunModel)" time="0.009" />
  <testcase classname="ptolemy.util.test.junit.AutoTests" name="[408] /home/travis/build/icyphy/ptII/ptolemy/actor/lib/test/auto/arrayType12.xml (RunModel)" time="0.009" />
  <testcase classname="ptolemy.util.test.junit.AutoTests" name="[409] /home/travis/build/icyphy/ptII/ptolemy/actor/lib/test/auto/arrayType13.xml (RunModel)" time="0.009" />
  <testcase classname="ptolemy.util.test.junit.AutoTests" name="[410] /home/travis/build/icyphy/ptII/ptolemy/actor/lib/test/auto/arrayType14.xml (RunModel)" time="0.009" />
  <testcase classname="ptolemy.util.test.junit.AutoTests" name="[411] /home/travis/build/icyphy/ptII/ptolemy/actor/lib/test/auto/arrayType15.xml (RunModel)" time="0.009" />
  <testcase classname="ptolemy.util.test.junit.AutoTests" name="[412] /home/travis/build/icyphy/ptII/ptolemy/actor/lib/test/auto/arrayType16.xml (RunModel)" time="0.009" />
  <testcase classname="ptolemy.util.test.junit.AutoTests" name="[413] /home/travis/build/icyphy/ptII/ptolemy/actor/lib/test/auto/arrayType17.xml (RunModel)" time="0.009" />
  <testcase classname="ptolemy.util.test.junit.AutoTests" name="[414] /home/travis/build/icyphy/ptII/ptolemy/actor/lib/test/auto/arrayType18.xml (RunModel)" time="0.008" />
  <testcase classname="ptolemy.util.test.junit.AutoTests" name="[415] /home/travis/build/icyphy/ptII/ptolemy/actor/lib/test/auto/arrayType19.xml (RunModel)" time="0.008" />
  <testcase classname="ptolemy.util.test.junit.AutoTests" name="[416] /home/travis/build/icyphy/ptII/ptolemy/actor/lib/test/auto/arrayType2.xml (RunModel)" time="0.008" />
  <testcase classname="ptolemy.util.test.junit.AutoTests" name="[417] /home/travis/build/icyphy/ptII/ptolemy/actor/lib/test/auto/arrayType20.xml (RunModel)" time="0.008" />
  <testcase classname="ptolemy.util.test.junit.AutoTests" name="[418] /home/travis/build/icyphy/ptII/ptolemy/actor/lib/test/auto/arrayType21.xml (RunModel)" time="0.008" />
  <testcase classname="ptolemy.util.test.junit.AutoTests" name="[419] /home/travis/build/icyphy/ptII/ptolemy/actor/lib/test/auto/arrayType22.xml (RunModel)" time="0.008" />
  <testcase classname="ptolemy.util.test.junit.AutoTests" name="[420] /home/travis/build/icyphy/ptII/ptolemy/actor/lib/test/auto/arrayType23.xml (RunModel)" time="0.008" />
  <testcase classname="ptolemy.util.test.junit.AutoTests" name="[421] /home/travis/build/icyphy/ptII/ptolemy/actor/lib/test/auto/arrayType24.xml (RunModel)" time="0.009" />
  <testcase classname="ptolemy.util.test.junit.AutoTests" name="[422] /home/travis/build/icyphy/ptII/ptolemy/actor/lib/test/auto/arrayType25.xml (RunModel)" time="0.008" />
  <testcase classname="ptolemy.util.test.junit.AutoTests" name="[423] /home/travis/build/icyphy/ptII/ptolemy/actor/lib/test/auto/arrayType26.xml (RunModel)" time="0.01" />
  <testcase classname="ptolemy.util.test.junit.AutoTests" name="[424] /home/travis/build/icyphy/ptII/ptolemy/actor/lib/test/auto/arrayType27.xml (RunModel)" time="0.009" />
  <testcase classname="ptolemy.util.test.junit.AutoTests" name="[425] /home/travis/build/icyphy/ptII/ptolemy/actor/lib/test/auto/arrayType28.xml (RunModel)" time="0.008" />
  <testcase classname="ptolemy.util.test.junit.AutoTests" name="[426] /home/travis/build/icyphy/ptII/ptolemy/actor/lib/test/auto/arrayType3.xml (RunModel)" time="0.008" />
  <testcase classname="ptolemy.util.test.junit.AutoTests" name="[427] /home/travis/build/icyphy/ptII/ptolemy/actor/lib/test/auto/arrayType4.xml (RunModel)" time="0.009" />
  <testcase classname="ptolemy.util.test.junit.AutoTests" name="[428] /home/travis/build/icyphy/ptII/ptolemy/actor/lib/test/auto/arrayType5.xml (RunModel)" time="0.008" />
  <testcase classname="ptolemy.util.test.junit.AutoTests" name="[429] /home/travis/build/icyphy/ptII/ptolemy/actor/lib/test/auto/arrayType6.xml (RunModel)" time="0.008" />
  <testcase classname="ptolemy.util.test.junit.AutoTests" name="[430] /home/travis/build/icyphy/ptII/ptolemy/actor/lib/test/auto/arrayType7.xml (RunModel)" time="0.021" />
  <testcase classname="ptolemy.util.test.junit.AutoTests" name="[431] /home/travis/build/icyphy/ptII/ptolemy/actor/lib/test/auto/arrayType8.xml (RunModel)" time="0.014" />
  <testcase classname="ptolemy.util.test.junit.AutoTests" name="[432] /home/travis/build/icyphy/ptII/ptolemy/actor/lib/test/auto/arrayType9.xml (RunModel)" time="0.008" />
  <testcase classname="ptolemy.util.test.junit.AutoTests" name="[433] /home/travis/build/icyphy/ptII/ptolemy/actor/lib/test/auto/cast.xml (RunModel)" time="0.008" />
  <testcase classname="ptolemy.util.test.junit.AutoTests" name="[434] /home/travis/build/icyphy/ptII/ptolemy/actor/lib/test/auto/compositeMultiPort.xml (RunModel)" time="0.017" />
  <testcase classname="ptolemy.util.test.junit.AutoTests" name="[435] /home/travis/build/icyphy/ptII/ptolemy/actor/lib/test/auto/expressionCastInference.xml (RunModel)" time="0.008" />
  <testcase classname="ptolemy.util.test.junit.AutoTests" name="[436] /home/travis/build/icyphy/ptII/ptolemy/actor/lib/test/auto/expressionCastInference2.xml (RunModel)" time="0.047" />
  <testcase classname="ptolemy.util.test.junit.AutoTests" name="[437] /home/travis/build/icyphy/ptII/ptolemy/actor/lib/test/auto/expressionInference.xml (RunModel)" time="0.022" />
  <testcase classname="ptolemy.util.test.junit.AutoTests" name="[438] /home/travis/build/icyphy/ptII/ptolemy/actor/lib/test/auto/expression_bug.xml (RunModel)" time="0.032" />
  <testcase classname="ptolemy.util.test.junit.AutoTests" name="[439] /home/travis/build/icyphy/ptII/ptolemy/actor/lib/test/auto/factorial.xml (RunModel)" time="0.092" />
  <testcase classname="ptolemy.util.test.junit.AutoTests" name="[440] /home/travis/build/icyphy/ptII/ptolemy/actor/lib/test/auto/filterTest1.xml (RunModel)" time="0.058" />
  <testcase classname="ptolemy.util.test.junit.AutoTests" name="[441] /home/travis/build/icyphy/ptII/ptolemy/actor/lib/test/auto/funcApplyInConst.xml (RunModel)" time="0.032" />
  <testcase classname="ptolemy.util.test.junit.AutoTests" name="[442] /home/travis/build/icyphy/ptII/ptolemy/actor/lib/test/auto/funcApplyInExpr.xml (RunModel)" time="0.028" />
  <testcase classname="ptolemy.util.test.junit.AutoTests" name="[443] /home/travis/build/icyphy/ptII/ptolemy/actor/lib/test/auto/function.xml (RunModel)" time="0.024" />
  <testcase classname="ptolemy.util.test.junit.AutoTests" name="[444] /home/travis/build/icyphy/ptII/ptolemy/actor/lib/test/auto/function2.xml (RunModel)" time="0.009" />
  <testcase classname="ptolemy.util.test.junit.AutoTests" name="[445] /home/travis/build/icyphy/ptII/ptolemy/actor/lib/test/auto/function3.xml (RunModel)" time="0.007" />
  <testcase classname="ptolemy.util.test.junit.AutoTests" name="[446] /home/travis/build/icyphy/ptII/ptolemy/actor/lib/test/auto/functionClosureTest1.xml (RunModel)" time="0.01" />
  <testcase classname="ptolemy.util.test.junit.AutoTests" name="[447] /home/travis/build/icyphy/ptII/ptolemy/actor/lib/test/auto/functionClosureTest2.xml (RunModel)" time="0.008" />
  <testcase classname="ptolemy.util.test.junit.AutoTests" name="[448] /home/travis/build/icyphy/ptII/ptolemy/actor/lib/test/auto/functionClosureTest3.xml (RunModel)" time="0.008" />
  <testcase classname="ptolemy.util.test.junit.AutoTests" name="[449] /home/travis/build/icyphy/ptII/ptolemy/actor/lib/test/auto/functionClosureTest4.xml (RunModel)" time="0.018" />
  <testcase classname="ptolemy.util.test.junit.AutoTests" name="[450] /home/travis/build/icyphy/ptII/ptolemy/actor/lib/test/auto/functionClosureTest5.xml (RunModel)" time="0.011" />
  <testcase classname="ptolemy.util.test.junit.AutoTests" name="[451] /home/travis/build/icyphy/ptII/ptolemy/actor/lib/test/auto/functionClosureTest6.xml (RunModel)" time="0.007" />
  <testcase classname="ptolemy.util.test.junit.AutoTests" name="[452] /home/travis/build/icyphy/ptII/ptolemy/actor/lib/test/auto/functionsOnArcs.xml (RunModel)" time="0.009" />
  <testcase classname="ptolemy.util.test.junit.AutoTests" name="[453] /home/travis/build/icyphy/ptII/ptolemy/actor/lib/test/auto/functionsOnArcsHOF.xml (RunModel)" time="0.014" />
  <testcase classname="ptolemy.util.test.junit.AutoTests" name="[454] /home/travis/build/icyphy/ptII/ptolemy/actor/lib/test/auto/logic.xml (RunModel)" time="0.016" />
  <testcase classname="ptolemy.util.test.junit.AutoTests" name="[455] /home/travis/build/icyphy/ptII/ptolemy/actor/lib/test/auto/matrixType.xml (RunModel)" time="0.008" />
  <testcase classname="ptolemy.util.test.junit.AutoTests" name="[456] /home/travis/build/icyphy/ptII/ptolemy/actor/lib/test/auto/matrixType10.xml (RunModel)" time="0.009" />
  <testcase classname="ptolemy.util.test.junit.AutoTests" name="[457] /home/travis/build/icyphy/ptII/ptolemy/actor/lib/test/auto/matrixType11.xml (RunModel)" time="0.009" />
  <testcase classname="ptolemy.util.test.junit.AutoTests" name="[458] /home/travis/build/icyphy/ptII/ptolemy/actor/lib/test/auto/matrixType12.xml (RunModel)" time="0.011" />
  <testcase classname="ptolemy.util.test.junit.AutoTests" name="[459] /home/travis/build/icyphy/ptII/ptolemy/actor/lib/test/auto/matrixType13.xml (RunModel)" time="0.008" />
  <testcase classname="ptolemy.util.test.junit.AutoTests" name="[460] /home/travis/build/icyphy/ptII/ptolemy/actor/lib/test/auto/matrixType14.xml (RunModel)" time="0.009" />
  <testcase classname="ptolemy.util.test.junit.AutoTests" name="[461] /home/travis/build/icyphy/ptII/ptolemy/actor/lib/test/auto/matrixType2.xml (RunModel)" time="0.009" />
  <testcase classname="ptolemy.util.test.junit.AutoTests" name="[462] /home/travis/build/icyphy/ptII/ptolemy/actor/lib/test/auto/matrixType3.xml (RunModel)" time="0.01" />
  <testcase classname="ptolemy.util.test.junit.AutoTests" name="[463] /home/travis/build/icyphy/ptII/ptolemy/actor/lib/test/auto/matrixType4.xml (RunModel)" time="0.007" />
  <testcase classname="ptolemy.util.test.junit.AutoTests" name="[464] /home/travis/build/icyphy/ptII/ptolemy/actor/lib/test/auto/matrixType5.xml (RunModel)" time="0.007" />
  <testcase classname="ptolemy.util.test.junit.AutoTests" name="[465] /home/travis/build/icyphy/ptII/ptolemy/actor/lib/test/auto/matrixType6.xml (RunModel)" time="0.007" />
  <testcase classname="ptolemy.util.test.junit.AutoTests" name="[466] /home/travis/build/icyphy/ptII/ptolemy/actor/lib/test/auto/matrixType7.xml (RunModel)" time="0.008" />
  <testcase classname="ptolemy.util.test.junit.AutoTests" name="[467] /home/travis/build/icyphy/ptII/ptolemy/actor/lib/test/auto/matrixType8.xml (RunModel)" time="0.008" />
  <testcase classname="ptolemy.util.test.junit.AutoTests" name="[468] /home/travis/build/icyphy/ptII/ptolemy/actor/lib/test/auto/matrixType9.xml (RunModel)" time="0.007" />
  <testcase classname="ptolemy.util.test.junit.AutoTests" name="[469] /home/travis/build/icyphy/ptII/ptolemy/actor/lib/test/auto/paraFunctest.xml (RunModel)" time="0.007" />
  <testcase classname="ptolemy.util.test.junit.AutoTests" name="[470] /home/travis/build/icyphy/ptII/ptolemy/actor/lib/test/auto/paraFunctest2.xml (RunModel)" time="0.008" />
  <testcase classname="ptolemy.util.test.junit.AutoTests" name="[471] /home/travis/build/icyphy/ptII/ptolemy/actor/lib/test/auto/parameterPassing.xml (RunModel)" time="0.008" />
  <testcase classname="ptolemy.util.test.junit.AutoTests" name="[472] /home/travis/build/icyphy/ptII/ptolemy/actor/lib/test/auto/record.xml (RunModel)" time="0.011" />
  <testcase classname="ptolemy.util.test.junit.AutoTests" name="[473] /home/travis/build/icyphy/ptII/ptolemy/actor/lib/test/auto/sizedarray1.xml (RunModel)" time="0.01" />
  <testcase classname="ptolemy.util.test.junit.AutoTests" name="[474] /home/travis/build/icyphy/ptII/ptolemy/actor/lib/test/auto/sizedarray2.xml (RunModel)" time="0.01" />
  <testcase classname="ptolemy.util.test.junit.AutoTests" name="[475] /home/travis/build/icyphy/ptII/ptolemy/actor/lib/test/auto/twoPublishers.xml (RunModel)" time="0.026" />
  <system-out><![CDATA[/home/travis/build/icyphy/ptII/ptolemy/actor/lib/test/AbsoluteValue.tcl
testDefs.tcl: setting time out to 9000 seconds at Tue Sep 10 05:42:18 UTC 2019
134 ms. Memory: 120832K Free: 85960K (71%)
10 ms. Memory: 120832K Free: 84407K (70%)
11 ms. Memory: 120832K Free: 83398K (69%)
9 ms. Memory: 120832K Free: 82888K (69%)
/home/travis/build/icyphy/ptII/ptolemy/actor/lib/test/AddSubtract.tcl
10 ms. Memory: 120832K Free: 80840K (67%)
6 ms. Memory: 120832K Free: 79816K (66%)
5 ms. Memory: 120832K Free: 79287K (66%)
8 ms. Memory: 120832K Free: 78263K (65%)
76 ms. Memory: 120832K Free: 75720K (63%)
13 ms. Memory: 120832K Free: 74696K (62%)
/home/travis/build/icyphy/ptII/ptolemy/actor/lib/test/Average.tcl
23 ms. Memory: 120832K Free: 73151K (61%)
7 ms. Memory: 120832K Free: 71624K (59%)
/home/travis/build/icyphy/ptII/ptolemy/actor/lib/test/Bernoulli.tcl
5 ms. Memory: 120832K Free: 70086K (58%)
3 ms. Memory: 120832K Free: 70086K (58%)
/home/travis/build/icyphy/ptII/ptolemy/actor/lib/test/Clock.tcl
preinitializing
resolving types
initializing
executing number 1
wrapping up
idle
29 ms. Memory: 120832K Free: 67014K (55%)
Completed execution with 5 iterations
preinitializing
resolving types
initializing
executing number 1
wrapping up
idle
5 ms. Memory: 120832K Free: 66504K (55%)
Completed execution with 5 iterations
preinitializing
resolving types
initializing
executing number 1
wrapping up
idle
3 ms. Memory: 120832K Free: 65990K (55%)
Completed execution with 5 iterations
/home/travis/build/icyphy/ptII/ptolemy/actor/lib/test/Commutator.tcl
7 ms. Memory: 120832K Free: 63927K (53%)
7 ms. Memory: 120832K Free: 62903K (52%)
27 ms. Memory: 120832K Free: 57288K (47%)
/home/travis/build/icyphy/ptII/ptolemy/actor/lib/test/Const.tcl
12 ms. Memory: 120832K Free: 55735K (46%)
2 ms. Memory: 120832K Free: 55240K (46%)
3 ms. Memory: 120832K Free: 54726K (45%)
2 ms. Memory: 120832K Free: 54216K (45%)
4 ms. Memory: 120832K Free: 53192K (44%)
28 ms. Memory: 120832K Free: 51654K (43%)
14 ms. Memory: 120832K Free: 50630K (42%)
11 ms. Memory: 120832K Free: 49575K (41%)
/home/travis/build/icyphy/ptII/ptolemy/actor/lib/test/CurrentTime.tcl
preinitializing
resolving types
initializing
executing number 1
wrapping up
idle
15 ms. Memory: 120832K Free: 48072K (40%)
Completed execution with 11 iterations
/home/travis/build/icyphy/ptII/ptolemy/actor/lib/test/DB.tcl
7 ms. Memory: 120832K Free: 46024K (38%)
26 ms. Memory: 120832K Free: 106727K (88%)
2 ms. Memory: 120832K Free: 106424K (88%)
/home/travis/build/icyphy/ptII/ptolemy/actor/lib/test/DiscreteRandomSource.tcl
preinitializing
resolving types
initializing
executing number 1
wrapping up
idle
10 ms. Memory: 120832K Free: 104856K (87%)
Completed execution with 4 iterations
preinitializing
resolving types
initializing
executing number 1
wrapping up
idle
3 ms. Memory: 120832K Free: 104376K (86%)
Completed execution with 4 iterations
preinitializing
resolving types
initializing
executing number 1
wrapping up
idle
2 ms. Memory: 120832K Free: 103848K (86%)
Completed execution with 4 iterations
preinitializing
resolving types
initializing
executing number 1
wrapping up
idle
8 ms. Memory: 120832K Free: 103848K (86%)
Completed execution with 4 iterations
preinitializing
resolving types
initializing
executing number 1
wrapping up
idle
3 ms. Memory: 120832K Free: 103352K (86%)
Completed execution with 4 iterations
/home/travis/build/icyphy/ptII/ptolemy/actor/lib/test/Distributor.tcl
27 ms. Memory: 120832K Free: 106242K (88%)
8 ms. Memory: 120832K Free: 105507K (87%)
StreamChangeRequest.changeExecuted(): <deleteEntity name="rec2"/> succeeded
StreamChangeRequest.changeExecuted(): <deleteRelation name="r2"/> succeeded
StreamChangeRequest.changeExecuted(): Record firings per iteration succeeded
11 ms. Memory: 120832K Free: 103162K (85%)
/home/travis/build/icyphy/ptII/ptolemy/actor/lib/test/Exit.tcl
Exit.tcl: this will print a message about Manager.exitAfterWrapup, which can be ignored.
6 ms. Memory: 120832K Free: 100055K (83%)
/home/travis/build/icyphy/ptII/ptolemy/actor/lib/test/Expression.tcl
21 ms. Memory: 120832K Free: 96746K (80%)
6 ms. Memory: 120832K Free: 95970K (79%)
8 ms. Memory: 120832K Free: 95360K (79%)
preinitializing
resolving types
initializing
executing number 1
wrapping up
idle
14 ms. Memory: 120832K Free: 93674K (78%)
Completed execution with 6 iterations
10 ms. Memory: 120832K Free: 92938K (77%)
7 ms. Memory: 120832K Free: 92288K (76%)
8 ms. Memory: 120832K Free: 90874K (75%)
6 ms. Memory: 120832K Free: 89578K (74%)
7 ms. Memory: 120832K Free: 88554K (73%)
/home/travis/build/icyphy/ptII/ptolemy/actor/lib/test/Gaussian.tcl
7 ms. Memory: 120832K Free: 104921K (87%)
sleeping 1 seconds: .............................................................................................................................................................................................................................................................................................................................................................................................................................................................................................................................................................................................................................................................................................................................................................................................................................................................................................................................................................................................................................................................................................................................................................................................................................................................................................................................................................................................................................................................................................................................................................................................................................................................................................................................................................................................................................................................................................................................................................................................................................................................................................................................................................................................................................................................................................................................................................................................................................................................................................................................................................................................................................................................................................................................................................................................................................................................................................................................................................................................................................................................................................................................................................................................................................................................................................................................................................................................................................................................................................................................................................................................................................................................................................................................................................................................................................................................................................................................................................................................................................................................................................................................................................................................................................................................................................................................................................................................................................................................................................................................................................................................................................................................................................................................................................................................................................................................................................................................................................................................................................................................................................................................................................................................................................................................................................................................................................................................................................................................................................................................................................................................................................................................................................................................................................................................................................................................................................................................................................................................................................................................................................................................................................................................................................................................................................................................................................................................................................................................................................................................................................................................................................................................................................................................................................................................................................................................................................................................................................................................................................................................................................................................................................................................................................................................................................................................................................................................................................................................................................................................................................................................................................................................................................................................................................................................................................................................................................................................................................................................................................................................................................................................................................................................................................................................................................................................................................................................................................................................................................................................................................................................................................................................................................................................................................................................................................................................................................................................................................................................................................................................................................................................................................................................................................................................................................................................................................................................................................................................................................................................................................................................................................................................................................................................................................................................................................................................................................................................................................................................................................................................................................................................................................................................................................................................................................................................................................................................................................................................................................................................................................................................................................................................................................................................................................................................................................................................................................................................................................................................................................................................................................................................................................................................................................................................................................................................................................................................................................................................................................................................................................................................................................................................................................................................................................................................................................................................................................................................................................................................................................................................................................................................................................................................................................................................................................................................................................................................................................................................................................................................................................................................................................................................................................................................................................................................................................................................................................................................................................................................................................................................................................................................................................................................................................................................................................................................................................................................................................................................................................................................................................................................................................................................................................................................................................................................................................................................................................................................................................................................................................................................................................................................................................................................................................................................................................................................................................................................................................................................................................................................................................................................................................................................................................................................................................................................................................................................................................................................................................................................................................................................................................................................................................................................................................................................................................................................................................................................................................................................................................................................................................................................................................................................................................................................................................................................................................................................................................................................................................................................................................................................................................................................................................................................................................................................................................................................................................................................................................................................................................................................................................................................................................................................................................................................................................................................................................................................................................................................................................................................................................................................................................................................................................................................................................................................................................................................................................................................................................................................................................................................................................................................................................................................................................................................................................................................................................................................................................................................................................................................................................................................................................................................................................................................................................................................................................................................................................................................................................................................................................................................................................................................................................................................................................................................................................................................................................................................................................................................................................................................................................................................................................................................................................................................................................................................................................................................................................................................................................................................................................................................................................................................................................................................................................................................................................................................................................................................................................................................................................................................................................................................................................................................................................................................................................................................................................................................................................................................................................................................................................................................................................................................................................................................................................................................................................................................................................................................................................................................................................................................................................................................................................................................................................................................................................................................................................................................................................................................................................................................................................................................................................................................................................................................................................................................................................................................................................................................................................................................................................................................................................................................................................................................................................................................................................................................................................................................................................................................................................................................................................................................................................................................................................................................................................................................................................................................................................................................................................................................................................................................................................................................................................................................................................................................................................................................................................................................................................................................................................................................................................................................................................................................................................................................................................................................................................................................................................................................................................................................................................................................................................................................................................................................................................................................................................................................................................................................................................................................................................................................................................................................................................................................................................................................................................................................................................................................................................................................................................................................................................................................................................................................................................................................................................................................................................................................................................................................................................................................................................................................................................................................................................................................................................................................................................................................................................................................................................................................................................................................................................................................................................................................................................................................................................................................................................................................................................................................................................................................................................................................................................................................................................................................................................................................................................................................................................................................................................................................................................................................................................................................................................................................................................................................................................................................................................................................................................................................................................................................................................................................................................................................................................................................................................................................................................................................................................................................................................................................................................................................................................................................................................................................................................................................................................................................................................................................................................................................................................................................................................................................................................................................................................................................................................................................................................................................................................................................................................................................................................................................................................................................................................................................................................................................................................................................................................................................................................................................................................................................................................................................................................................................................................................................................................................................................................................................................................................................................................................................................................................................................................................................................................................................................................................................................................................................................................................................................................................................................................................................................................................................................................................................................................................................................................................................................................................................................................................................................................................................................................................................................................................................................................................................................................................................................................................................................................................................................................................................................................................................................................................................................................................................................................................................................................................................................................................................................................................................................................................................................................................................................................................................................................................................................................................................................................................................................................................................................................................................................................................................................................................................................................................................................................................................................................................................................................................................................................................................................................................................................................................................................................................................................................................................................................................................................................................................................................................................................................................................................................................................................................................................................................................................................................................................................................................................................................................................................................................................................................................................................................................................................................................................................................................................................................................................................................................................................................................................................................................................................................................................................................................................................................................................................................................................................................................................................................................................................................................4 ms. Memory: 145408K Free: 118737K (82%)
2 ms. Memory: 145408K Free: 118241K (81%)
1 ms. Memory: 145408K Free: 117721K (81%)
7 ms. Memory: 145408K Free: 116588K (80%)
3 ms. Memory: 145408K Free: 116193K (80%)
/home/travis/build/icyphy/ptII/ptolemy/actor/lib/test/IIR.tcl
/home/travis/build/icyphy/ptII/ptolemy/actor/lib/test/Interpolator.tcl
4 ms. Memory: 145408K Free: 112593K (77%)
2 ms. Memory: 145408K Free: 111583K (77%)
2 ms. Memory: 145408K Free: 111073K (76%)
2 ms. Memory: 145408K Free: 110545K (76%)
3 ms. Memory: 145408K Free: 110049K (76%)
1 ms. Memory: 145408K Free: 109025K (75%)
10 ms. Memory: 145408K Free: 108001K (74%)
3 ms. Memory: 145408K Free: 106977K (74%)
4 ms. Memory: 145408K Free: 106449K (73%)
3 ms. Memory: 145408K Free: 105425K (73%)
/home/travis/build/icyphy/ptII/ptolemy/actor/lib/test/MathFunction.tcl
4 ms. Memory: 145408K Free: 103377K (71%)
2 ms. Memory: 145408K Free: 102353K (70%)
2 ms. Memory: 145408K Free: 101329K (70%)
2 ms. Memory: 145408K Free: 100289K (69%)
4 ms. Memory: 145408K Free: 99289K (68%)
5 ms. Memory: 145408K Free: 97217K (67%)
/home/travis/build/icyphy/ptII/ptolemy/actor/lib/test/Maximum.tcl
4 ms. Memory: 145408K Free: 95185K (65%)
2 ms. Memory: 145408K Free: 94689K (65%)
2 ms. Memory: 145408K Free: 94175K (65%)
2 ms. Memory: 145408K Free: 93137K (64%)
/home/travis/build/icyphy/ptII/ptolemy/actor/lib/test/Minimum.tcl
4 ms. Memory: 145408K Free: 91617K (63%)
2 ms. Memory: 145408K Free: 91073K (63%)
2 ms. Memory: 145408K Free: 90049K (62%)
2 ms. Memory: 145408K Free: 89569K (62%)
/home/travis/build/icyphy/ptII/ptolemy/actor/lib/test/MultiplyDivide.tcl
4 ms. Memory: 145408K Free: 87521K (60%)
2 ms. Memory: 145408K Free: 86993K (60%)
3 ms. Memory: 145408K Free: 85983K (59%)
3 ms. Memory: 145408K Free: 85473K (59%)
2 ms. Memory: 145408K Free: 84945K (58%)
/home/travis/build/icyphy/ptII/ptolemy/actor/lib/test/OrderedMerge.tcl
Connections changed on port: inputA
Connections changed on port: inputB
Connections changed on port: output
Connections changed on port: output
Connections changed on port: output
Connections changed on port: input
.top. Preinitializing ...
Invoking preinitialize():  .top.OrderedMerge
Called preinitialize()
Invoking preinitialize():  .top.Ramp
Called preinitialize()
Invoking preinitialize():  .top.Ramp2
Called preinitialize()
Invoking preinitialize():  .top.Test
Called preinitialize()
Connections changed on port: inputA
Connections changed on port: output
Connections changed on port: output
Connections changed on port: input
Connections changed on port: inputB
Connections changed on port: output
.top. Finished preinitialize().
Called initialize().
Invoking initialize():  .top.OrderedMerge
Initializing actor: .top.OrderedMerge
Adding a thread: .top.OrderedMerge
Invoking initialize():  .top.Ramp
Initializing actor: .top.Ramp
Adding a thread: .top.Ramp
Invoking initialize():  .top.Ramp2
Initializing actor: .top.Ramp2
Adding a thread: .top.Ramp2
Invoking initialize():  .top.Test
Initializing actor: .top.Test
Adding a thread: .top.Test
Called fire().
Checking for deadlock:
-- Starting thread.
Called initialize()
Called prefire()
Called fire()
-- Starting thread.
Called initialize()
-- Starting thread.
Called initialize()
Called prefire()
Called prefire()
There are 0 Blocked actors, 0 Stopped actors, and 4 active threads.
Waiting for actors to stop.
Checking for deadlock:
There are 1 Blocked actors, 0 Stopped actors, and 4 active threads.
Waiting for actors to stop.
-- Starting thread.
Called initialize()
Called fire()
Called fire()
Called prefire()
Called fire()
Checking for deadlock:
Called postfire()
Called prefire()
Called fire()
There are 2 Blocked actors, 0 Stopped actors, and 4 active threads.
Waiting for actors to stop.
Called postfire()
Called prefire()
Called fire()
Checking for deadlock:
There are 3 Blocked actors, 0 Stopped actors, and 4 active threads.
Waiting for actors to stop.
Called postfire()
Called prefire()
Called fire()
Checking for deadlock:
There are 3 Blocked actors, 0 Stopped actors, and 4 active threads.
Waiting for actors to stop.
Read input token from inputA with value 0.0
Next port to read input from is inputB
Called postfire()
Called prefire()
Called fire()
Checking for deadlock:
There are 2 Blocked actors, 0 Stopped actors, and 4 active threads.
Waiting for actors to stop.
Called postfire()
Called prefire()
Called fire()
Checking for deadlock:
There are 3 Blocked actors, 0 Stopped actors, and 4 active threads.
Waiting for actors to stop.
Read input token from inputB with value 0.0
Checking for deadlock:
There are 2 Blocked actors, 0 Stopped actors, and 4 active threads.
Waiting for actors to stop.
-- Read input: 0.0, which is expected to match: 0.0
Called prefire()
Called fire()
Checking for deadlock:
There are 3 Blocked actors, 0 Stopped actors, and 4 active threads.
Waiting for actors to stop.
Sent output token with value 0.0
Next port to read input from is inputA
Called postfire()
Called prefire()
Called fire()
Checking for deadlock:
There are 2 Blocked actors, 0 Stopped actors, and 4 active threads.
Waiting for actors to stop.
Called postfire()
Called prefire()
Called fire()
Checking for deadlock:
There are 3 Blocked actors, 0 Stopped actors, and 4 active threads.
Waiting for actors to stop.
Read input token from inputA with value 1.0
Checking for deadlock:
There are 2 Blocked actors, 0 Stopped actors, and 4 active threads.
Waiting for actors to stop.
-- Read input: 0.0, which is expected to match: 0.0
Called prefire()
Called fire()
Checking for deadlock:
There are 3 Blocked actors, 0 Stopped actors, and 4 active threads.
Waiting for actors to stop.
Sent output token with value 0.0
Next port to read input from is inputB
Called postfire()
Called prefire()
Called fire()
Called postfire()
Called prefire()
Called fire()
Checking for deadlock:
There are 3 Blocked actors, 0 Stopped actors, and 4 active threads.
Waiting for actors to stop.
Read input token from inputB with value 1.5
-- Read input: 1.0, which is expected to match: 1.0
Called prefire()
Called fire()
Checking for deadlock:
There are 3 Blocked actors, 0 Stopped actors, and 4 active threads.
Waiting for actors to stop.
Sent output token with value 1.0
Next port to read input from is inputA
Called postfire()
Called prefire()
Called fire()
Checking for deadlock:
There are 2 Blocked actors, 0 Stopped actors, and 4 active threads.
Waiting for actors to stop.
Called postfire()
Called prefire()
Called fire()
Checking for deadlock:
There are 3 Blocked actors, 0 Stopped actors, and 4 active threads.
Waiting for actors to stop.
Read input token from inputA with value 2.0
Checking for deadlock:
There are 2 Blocked actors, 0 Stopped actors, and 4 active threads.
Waiting for actors to stop.
-- Read input: 1.5, which is expected to match: 1.5
Called prefire()
Called fire()
Checking for deadlock:
There are 3 Blocked actors, 0 Stopped actors, and 4 active threads.
Waiting for actors to stop.
Sent output token with value 1.5
Next port to read input from is inputB
Called postfire()
Called prefire()
Called fire()
Called postfire()
Called prefire()
Called fire()
Checking for deadlock:
There are 3 Blocked actors, 0 Stopped actors, and 4 active threads.
Waiting for actors to stop.
Read input token from inputB with value 3.0
-- Read input: 2.0, which is expected to match: 2.0
Called prefire()
Called fire()
Checking for deadlock:
There are 3 Blocked actors, 0 Stopped actors, and 4 active threads.
Waiting for actors to stop.
Sent output token with value 2.0
Next port to read input from is inputA
Called postfire()
Called prefire()
Called fire()
Checking for deadlock:
There are 2 Blocked actors, 0 Stopped actors, and 4 active threads.
Waiting for actors to stop.
Called postfire()
Called prefire()
Called fire()
Checking for deadlock:
There are 3 Blocked actors, 0 Stopped actors, and 4 active threads.
Waiting for actors to stop.
Read input token from inputA with value 3.0
Checking for deadlock:
There are 2 Blocked actors, 0 Stopped actors, and 4 active threads.
Waiting for actors to stop.
-- Read input: 3.0, which is expected to match: 3.0
Called prefire()
Called fire()
Checking for deadlock:
There are 3 Blocked actors, 0 Stopped actors, and 4 active threads.
Waiting for actors to stop.
Sent output token with value 3.0
Next port to read input from is inputB
Called postfire()
Called prefire()
Called fire()
Called postfire()
Called prefire()
Called fire()
Checking for deadlock:
There are 3 Blocked actors, 0 Stopped actors, and 4 active threads.
Waiting for actors to stop.
Read input token from inputB with value 4.5
-- Read input: 3.0, which is expected to match: 3.0
Called prefire()
Called fire()
Checking for deadlock:
There are 3 Blocked actors, 0 Stopped actors, and 4 active threads.
Waiting for actors to stop.
Sent output token with value 3.0
Next port to read input from is inputA
Called postfire()
Called prefire()
Called fire()
Checking for deadlock:
There are 2 Blocked actors, 0 Stopped actors, and 4 active threads.
Waiting for actors to stop.
Called postfire()
Called prefire()
Called fire()
Checking for deadlock:
There are 3 Blocked actors, 0 Stopped actors, and 4 active threads.
Waiting for actors to stop.
Read input token from inputA with value 4.0
Checking for deadlock:
There are 2 Blocked actors, 0 Stopped actors, and 4 active threads.
Waiting for actors to stop.
-- Read input: 4.0, which is expected to match: 4.0
Called prefire()
Called fire()
Past the end of training data. Read and discard all inputs.
Checking for deadlock:
There are 3 Blocked actors, 0 Stopped actors, and 4 active threads.
Waiting for actors to stop.
Sent output token with value 4.0
Next port to read input from is inputA
Called postfire()
Called prefire()
Called fire()
Checking for deadlock:
There are 2 Blocked actors, 0 Stopped actors, and 4 active threads.
Waiting for actors to stop.
Called postfire()
Called prefire()
Called fire()
Checking for deadlock:
There are 3 Blocked actors, 0 Stopped actors, and 4 active threads.
Waiting for actors to stop.
Read input token from inputA with value 5.0
Checking for deadlock:
There are 2 Blocked actors, 0 Stopped actors, and 4 active threads.
Waiting for actors to stop.
Called prefire()
Called fire()
Past the end of training data. Read and discard all inputs.
Checking for deadlock:
There are 3 Blocked actors, 0 Stopped actors, and 4 active threads.
Waiting for actors to stop.
Sent output token with value 4.5
Next port to read input from is inputB
Called postfire()
Called prefire()
Called fire()
Called postfire()
Called prefire()
Called fire()
Checking for deadlock:
There are 3 Blocked actors, 0 Stopped actors, and 4 active threads.
Waiting for actors to stop.
Read input token from inputB with value 6.0
Called prefire()
Called fire()
Past the end of training data. Read and discard all inputs.
Checking for deadlock:
There are 3 Blocked actors, 0 Stopped actors, and 4 active threads.
Waiting for actors to stop.
Sent output token with value 5.0
Next port to read input from is inputA
Called postfire()
Called prefire()
Called fire()
Checking for deadlock:
There are 2 Blocked actors, 0 Stopped actors, and 4 active threads.
Waiting for actors to stop.
Called postfire()
Called prefire()
Called fire()
Checking for deadlock:
There are 3 Blocked actors, 0 Stopped actors, and 4 active threads.
Waiting for actors to stop.
Read input token from inputA with value 6.0
Checking for deadlock:
There are 2 Blocked actors, 0 Stopped actors, and 4 active threads.
Waiting for actors to stop.
Called prefire()
Called fire()
Past the end of training data. Read and discard all inputs.
Checking for deadlock:
There are 3 Blocked actors, 0 Stopped actors, and 4 active threads.
Waiting for actors to stop.
Sent output token with value 6.0
Next port to read input from is inputB
Called postfire()
Called prefire()
Called fire()
Called postfire()
Called prefire()
Called fire()
Checking for deadlock:
There are 3 Blocked actors, 0 Stopped actors, and 4 active threads.
Waiting for actors to stop.
Read input token from inputB with value 7.5
Called prefire()
Called fire()
Past the end of training data. Read and discard all inputs.
Checking for deadlock:
There are 3 Blocked actors, 0 Stopped actors, and 4 active threads.
Waiting for actors to stop.
Sent output token with value 6.0
Next port to read input from is inputA
Called postfire()
Called prefire()
Called fire()
Checking for deadlock:
There are 2 Blocked actors, 0 Stopped actors, and 4 active threads.
Waiting for actors to stop.
Called postfire()
Called prefire()
Called fire()
Checking for deadlock:
There are 3 Blocked actors, 0 Stopped actors, and 4 active threads.
Waiting for actors to stop.
Read input token from inputA with value 7.0
Checking for deadlock:
There are 2 Blocked actors, 0 Stopped actors, and 4 active threads.
Waiting for actors to stop.
Called prefire()
Called fire()
Past the end of training data. Read and discard all inputs.
Checking for deadlock:
There are 3 Blocked actors, 0 Stopped actors, and 4 active threads.
Waiting for actors to stop.
Sent output token with value 7.0
Next port to read input from is inputA
Called postfire()
Called prefire()
Called fire()
Checking for deadlock:
There are 2 Blocked actors, 0 Stopped actors, and 4 active threads.
Waiting for actors to stop.
-- Thread wrapup() called.
Called wrapup()
Thread .top.Ramp is exiting.
-- Thread stopped.
Read input token from inputA with value 8.0
Sent output token with value 7.5
Next port to read input from is inputB
Called postfire()
Called prefire()
Called fire()
Read input token from inputB with value 9.0
Checking for deadlock:
There are 1 Blocked actors, 0 Stopped actors, and 3 active threads.
Waiting for actors to stop.
Called postfire()
Called prefire()
Called fire()
Called prefire()
Called fire()
Past the end of training data. Read and discard all inputs.
Checking for deadlock:
There are 2 Blocked actors, 0 Stopped actors, and 3 active threads.
Waiting for actors to stop.
Called prefire()
Called fire()
Past the end of training data. Read and discard all inputs.
Checking for deadlock:
There are 2 Blocked actors, 0 Stopped actors, and 3 active threads.
Waiting for actors to stop.
Sent output token with value 8.0
Next port to read input from is inputA
Called postfire()
Called prefire()
Called fire()
Read input token from inputA with value 9.0
Called prefire()
Called fire()
Past the end of training data. Read and discard all inputs.
Checking for deadlock:
There are 2 Blocked actors, 0 Stopped actors, and 3 active threads.
Waiting for actors to stop.
Sent output token with value 9.0
Next port to read input from is inputB
Called postfire()
Called prefire()
Called fire()
Called postfire()
Called prefire()
Called fire()
Checking for deadlock:
There are 2 Blocked actors, 0 Stopped actors, and 3 active threads.
Waiting for actors to stop.
Read input token from inputB with value 10.5
Called prefire()
Called fire()
Past the end of training data. Read and discard all inputs.
Checking for deadlock:
There are 2 Blocked actors, 0 Stopped actors, and 3 active threads.
Waiting for actors to stop.
Sent output token with value 9.0
Next port to read input from is inputA
Called postfire()
Called prefire()
Called fire()
Checking for deadlock:
There are 3 Blocked actors, 0 Stopped actors, and 3 active threads.
Actors have stopped.
Checking for deadlock:
There are 3 Blocked actors, 0 Stopped actors, and 3 active threads.
Deadlock detected.
Resolving Deadlock
Checking for deadlock:
There are 3 Blocked actors, 0 Stopped actors, and 3 active threads.
Artificial Deadlock - increasing queue capacity.
increasing the capacity of receiver ptolemy.actor.TypedIOPort {.top.OrderedMerge.inputB} to 2
Director: Called postfire().
Called postfire().
_stopRequested = false
_stopFireRequested = false
Returning from postfire(): true
Called fire().
Checking for deadlock:
There are 2 Blocked actors, 0 Stopped actors, and 3 active threads.
Waiting for actors to stop.
-- Thread wrapup() called.
Called wrapup()
Thread .top.Ramp2 is exiting.
-- Thread stopped.
Checking for deadlock:
There are 2 Blocked actors, 0 Stopped actors, and 2 active threads.
Actors have stopped.
Checking for deadlock:
There are 2 Blocked actors, 0 Stopped actors, and 2 active threads.
Deadlock detected.
Resolving Deadlock
Checking for deadlock:
There are 2 Blocked actors, 0 Stopped actors, and 2 active threads.
Deadlock detected: no processes blocked on write, but some are blocked on read.
Called postfire().
_stopRequested = false
_stopFireRequested = false
Returning from postfire(): false
Finished deactivating branches.
Called wrapup().
-- Thread wrapup() called.
Called wrapup()
Thread .top.Test is exiting.
-- Thread stopped.
-- Blocked Receiver call threw TerminateProcessException.
-- Thread wrapup() called.
Called wrapup()
Thread .top.OrderedMerge is exiting.
-- Thread stopped.
-- Blocked Receiver call threw TerminateProcessException.
69 ms. Memory: 145408K Free: 79839K (55%)
.top. Preinitializing ...
Invoking preinitialize():  .top.OrderedMerge
Called preinitialize()
Invoking preinitialize():  .top.Ramp
Called preinitialize()
Invoking preinitialize():  .top.Ramp2
Called preinitialize()
Invoking preinitialize():  .top.Test
Called preinitialize()
.top. Finished preinitialize().
Called initialize().
Invoking initialize():  .top.OrderedMerge
Initializing actor: .top.OrderedMerge
Adding a thread: .top.OrderedMerge
Invoking initialize():  .top.Ramp
Initializing actor: .top.Ramp
Adding a thread: .top.Ramp
Invoking initialize():  .top.Ramp2
Initializing actor: .top.Ramp2
Adding a thread: .top.Ramp2
Invoking initialize():  .top.Test
Initializing actor: .top.Test
Adding a thread: .top.Test
-- Starting thread.
Called initialize()
Called prefire()
Called fire()
-- Starting thread.
Called initialize()
Called prefire()
Called fire()
Called postfire()
Called prefire()
Called fire()
-- Starting thread.
Called initialize()
Called prefire()
Called fire()
Called postfire()
Called prefire()
Called fire()
Called fire().
Checking for deadlock:
There are 3 Blocked actors, 0 Stopped actors, and 4 active threads.
Waiting for actors to stop.
-- Starting thread.
Called initialize()
Called prefire()
Called fire()
Checking for deadlock:
There are 2 Blocked actors, 0 Stopped actors, and 4 active threads.
Waiting for actors to stop.
Called postfire()
Called prefire()
Called fire()
Checking for deadlock:
There are 3 Blocked actors, 0 Stopped actors, and 4 active threads.
Waiting for actors to stop.
Read input token from inputA with value 0.0
Next port to read input from is inputB
Called postfire()
Called prefire()
Called fire()
Called postfire()
Called prefire()
Called fire()
Checking for deadlock:
There are 3 Blocked actors, 0 Stopped actors, and 4 active threads.
Waiting for actors to stop.
Read input token from inputB with value 0.0
Checking for deadlock:
There are 2 Blocked actors, 0 Stopped actors, and 4 active threads.
Waiting for actors to stop.
-- Read input: 0.0, which is expected to match: 0.0
Called prefire()
Called fire()
Checking for deadlock:
There are 3 Blocked actors, 0 Stopped actors, and 4 active threads.
Waiting for actors to stop.
Sent output token with value 0.0
Next port to read input from is inputA
Called postfire()
Called prefire()
Called fire()
Checking for deadlock:
There are 2 Blocked actors, 0 Stopped actors, and 4 active threads.
Waiting for actors to stop.
Called postfire()
Called prefire()
Called fire()
Checking for deadlock:
There are 3 Blocked actors, 0 Stopped actors, and 4 active threads.
Waiting for actors to stop.
Read input token from inputA with value 1.0
Checking for deadlock:
There are 2 Blocked actors, 0 Stopped actors, and 4 active threads.
Waiting for actors to stop.
-- Read input: 0.0, which is expected to match: 0.0
Called prefire()
Called fire()
Checking for deadlock:
There are 3 Blocked actors, 0 Stopped actors, and 4 active threads.
Waiting for actors to stop.
Sent output token with value 0.0
Next port to read input from is inputB
Called postfire()
Called prefire()
Called fire()
Called postfire()
Called prefire()
Called fire()
Checking for deadlock:
There are 3 Blocked actors, 0 Stopped actors, and 4 active threads.
Waiting for actors to stop.
Read input token from inputB with value 1.5
-- Read input: 1.0, which is expected to match: 1.0
Called prefire()
Called fire()
Checking for deadlock:
There are 3 Blocked actors, 0 Stopped actors, and 4 active threads.
Waiting for actors to stop.
Sent output token with value 1.0
Next port to read input from is inputA
Called postfire()
Called prefire()
Called fire()
Checking for deadlock:
There are 2 Blocked actors, 0 Stopped actors, and 4 active threads.
Waiting for actors to stop.
Called postfire()
Called prefire()
Called fire()
Checking for deadlock:
There are 3 Blocked actors, 0 Stopped actors, and 4 active threads.
Waiting for actors to stop.
Read input token from inputA with value 2.0
Checking for deadlock:
There are 2 Blocked actors, 0 Stopped actors, and 4 active threads.
Waiting for actors to stop.
-- Read input: 1.5, which is expected to match: 1.5
Called prefire()
Called fire()
Checking for deadlock:
There are 3 Blocked actors, 0 Stopped actors, and 4 active threads.
Waiting for actors to stop.
Sent output token with value 1.5
Next port to read input from is inputB
Called postfire()
Called prefire()
Called fire()
Checking for deadlock:
There are 2 Blocked actors, 0 Stopped actors, and 4 active threads.
Waiting for actors to stop.
Called postfire()
Called prefire()
Called fire()
Checking for deadlock:
There are 3 Blocked actors, 0 Stopped actors, and 4 active threads.
Waiting for actors to stop.
Read input token from inputB with value 3.0
Checking for deadlock:
There are 2 Blocked actors, 0 Stopped actors, and 4 active threads.
Waiting for actors to stop.
-- Read input: 2.0, which is expected to match: 2.0
Called prefire()
Called fire()
Checking for deadlock:
There are 3 Blocked actors, 0 Stopped actors, and 4 active threads.
Waiting for actors to stop.
Sent output token with value 2.0
Next port to read input from is inputA
Called postfire()
Called prefire()
Called fire()
Checking for deadlock:
There are 2 Blocked actors, 0 Stopped actors, and 4 active threads.
Waiting for actors to stop.
Called postfire()
Called prefire()
Called fire()
Checking for deadlock:
There are 3 Blocked actors, 0 Stopped actors, and 4 active threads.
Waiting for actors to stop.
Read input token from inputA with value 3.0
Checking for deadlock:
There are 2 Blocked actors, 0 Stopped actors, and 4 active threads.
Waiting for actors to stop.
-- Read input: 3.0, which is expected to match: 3.0
Called prefire()
Called fire()
Checking for deadlock:
There are 3 Blocked actors, 0 Stopped actors, and 4 active threads.
Waiting for actors to stop.
Sent output token with value 3.0
Next port to read input from is inputB
Called postfire()
Called prefire()
Called fire()
Called postfire()
Called prefire()
Called fire()
Checking for deadlock:
There are 3 Blocked actors, 0 Stopped actors, and 4 active threads.
Waiting for actors to stop.
Read input token from inputB with value 4.5
-- Read input: 3.0, which is expected to match: 3.0
Called prefire()
Called fire()
Checking for deadlock:
There are 3 Blocked actors, 0 Stopped actors, and 4 active threads.
Waiting for actors to stop.
Sent output token with value 3.0
Next port to read input from is inputA
Called postfire()
Called prefire()
Called fire()
Checking for deadlock:
There are 2 Blocked actors, 0 Stopped actors, and 4 active threads.
Waiting for actors to stop.
Called postfire()
Called prefire()
Called fire()
Checking for deadlock:
There are 3 Blocked actors, 0 Stopped actors, and 4 active threads.
Waiting for actors to stop.
Read input token from inputA with value 4.0
Checking for deadlock:
There are 2 Blocked actors, 0 Stopped actors, and 4 active threads.
Waiting for actors to stop.
-- Read input: 4.0, which is expected to match: 4.0
Called prefire()
Called fire()
Past the end of training data. Read and discard all inputs.
Checking for deadlock:
There are 3 Blocked actors, 0 Stopped actors, and 4 active threads.
Waiting for actors to stop.
Sent output token with value 4.0
Next port to read input from is inputA
Called postfire()
Called prefire()
Called fire()
Checking for deadlock:
There are 2 Blocked actors, 0 Stopped actors, and 4 active threads.
Waiting for actors to stop.
Called postfire()
Called prefire()
Called fire()
Checking for deadlock:
There are 3 Blocked actors, 0 Stopped actors, and 4 active threads.
Waiting for actors to stop.
Read input token from inputA with value 5.0
Checking for deadlock:
There are 2 Blocked actors, 0 Stopped actors, and 4 active threads.
Waiting for actors to stop.
Called prefire()
Called fire()
Past the end of training data. Read and discard all inputs.
Checking for deadlock:
There are 3 Blocked actors, 0 Stopped actors, and 4 active threads.
Waiting for actors to stop.
Sent output token with value 4.5
Next port to read input from is inputB
Called postfire()
Called prefire()
Called fire()
Called postfire()
Called prefire()
Called fire()
Checking for deadlock:
There are 3 Blocked actors, 0 Stopped actors, and 4 active threads.
Waiting for actors to stop.
Read input token from inputB with value 6.0
Called prefire()
Called fire()
Past the end of training data. Read and discard all inputs.
Checking for deadlock:
There are 3 Blocked actors, 0 Stopped actors, and 4 active threads.
Waiting for actors to stop.
Sent output token with value 5.0
Next port to read input from is inputA
Called postfire()
Called prefire()
Called fire()
Called postfire()
Called prefire()
Called fire()
Checking for deadlock:
There are 3 Blocked actors, 0 Stopped actors, and 4 active threads.
Waiting for actors to stop.
Read input token from inputA with value 6.0
Called prefire()
Called fire()
Past the end of training data. Read and discard all inputs.
Checking for deadlock:
There are 3 Blocked actors, 0 Stopped actors, and 4 active threads.
Waiting for actors to stop.
Sent output token with value 6.0
Next port to read input from is inputB
Called postfire()
Called prefire()
Called fire()
Called postfire()
Called prefire()
Called fire()
Checking for deadlock:
There are 3 Blocked actors, 0 Stopped actors, and 4 active threads.
Waiting for actors to stop.
Read input token from inputB with value 7.5
Called prefire()
Called fire()
Past the end of training data. Read and discard all inputs.
Checking for deadlock:
There are 3 Blocked actors, 0 Stopped actors, and 4 active threads.
Waiting for actors to stop.
Sent output token with value 6.0
Next port to read input from is inputA
Called postfire()
Called prefire()
Called fire()
Checking for deadlock:
There are 2 Blocked actors, 0 Stopped actors, and 4 active threads.
Waiting for actors to stop.
Called postfire()
Called prefire()
Called fire()
Checking for deadlock:
There are 3 Blocked actors, 0 Stopped actors, and 4 active threads.
Waiting for actors to stop.
Read input token from inputA with value 7.0
Checking for deadlock:
There are 2 Blocked actors, 0 Stopped actors, and 4 active threads.
Waiting for actors to stop.
Called prefire()
Called fire()
Past the end of training data. Read and discard all inputs.
Checking for deadlock:
There are 3 Blocked actors, 0 Stopped actors, and 4 active threads.
Waiting for actors to stop.
Sent output token with value 7.0
Next port to read input from is inputA
Called postfire()
Called prefire()
Called fire()
Checking for deadlock:
There are 2 Blocked actors, 0 Stopped actors, and 4 active threads.
Waiting for actors to stop.
-- Thread wrapup() called.
Called wrapup()
Thread .top.Ramp is exiting.
-- Thread stopped.
Checking for deadlock:
There are 2 Blocked actors, 0 Stopped actors, and 3 active threads.
Waiting for actors to stop.
Read input token from inputA with value 8.0
Called prefire()
Called fire()
Past the end of training data. Read and discard all inputs.
Checking for deadlock:
There are 2 Blocked actors, 0 Stopped actors, and 3 active threads.
Waiting for actors to stop.
Sent output token with value 7.5
Next port to read input from is inputB
Called postfire()
Called prefire()
Called fire()
Checking for deadlock:
There are 1 Blocked actors, 0 Stopped actors, and 3 active threads.
Waiting for actors to stop.
Called postfire()
Called prefire()
Called fire()
Checking for deadlock:
There are 2 Blocked actors, 0 Stopped actors, and 3 active threads.
Waiting for actors to stop.
Read input token from inputB with value 9.0
Checking for deadlock:
There are 1 Blocked actors, 0 Stopped actors, and 3 active threads.
Waiting for actors to stop.
Called prefire()
Called fire()
Past the end of training data. Read and discard all inputs.
Checking for deadlock:
There are 2 Blocked actors, 0 Stopped actors, and 3 active threads.
Waiting for actors to stop.
Sent output token with value 8.0
Next port to read input from is inputA
Called postfire()
Called prefire()
Called fire()
Read input token from inputA with value 9.0
Called prefire()
Called fire()
Past the end of training data. Read and discard all inputs.
Checking for deadlock:
There are 2 Blocked actors, 0 Stopped actors, and 3 active threads.
Waiting for actors to stop.
Sent output token with value 9.0
Next port to read input from is inputB
Called postfire()
Called prefire()
Called fire()
Called postfire()
Called prefire()
Called fire()
Checking for deadlock:
There are 2 Blocked actors, 0 Stopped actors, and 3 active threads.
Waiting for actors to stop.
Read input token from inputB with value 10.5
Called prefire()
Called fire()
Past the end of training data. Read and discard all inputs.
Checking for deadlock:
There are 2 Blocked actors, 0 Stopped actors, and 3 active threads.
Waiting for actors to stop.
Sent output token with value 9.0
Next port to read input from is inputA
Called postfire()
Called prefire()
Called fire()
Checking for deadlock:
There are 3 Blocked actors, 0 Stopped actors, and 3 active threads.
Actors have stopped.
Checking for deadlock:
There are 3 Blocked actors, 0 Stopped actors, and 3 active threads.
Deadlock detected.
Resolving Deadlock
Checking for deadlock:
There are 3 Blocked actors, 0 Stopped actors, and 3 active threads.
Artificial Deadlock - increasing queue capacity.
increasing the capacity of receiver ptolemy.actor.TypedIOPort {.top.OrderedMerge.inputB} to 2
Director: Called postfire().
Called postfire().
_stopRequested = false
_stopFireRequested = false
Returning from postfire(): true
Called fire().
Checking for deadlock:
There are 2 Blocked actors, 0 Stopped actors, and 3 active threads.
Waiting for actors to stop.
-- Thread wrapup() called.
Called wrapup()
Thread .top.Ramp2 is exiting.
-- Thread stopped.
Checking for deadlock:
There are 2 Blocked actors, 0 Stopped actors, and 2 active threads.
Actors have stopped.
Checking for deadlock:
There are 2 Blocked actors, 0 Stopped actors, and 2 active threads.
Deadlock detected.
Resolving Deadlock
Checking for deadlock:
There are 2 Blocked actors, 0 Stopped actors, and 2 active threads.
Deadlock detected: no processes blocked on write, but some are blocked on read.
Called postfire().
_stopRequested = false
_stopFireRequested = false
Returning from postfire(): false
Finished deactivating branches.
Called wrapup().
-- Thread wrapup() called.
Called wrapup()
-- Thread wrapup() called.
Called wrapup()
Thread .top.Test is exiting.
-- Thread stopped.
-- Blocked Receiver call threw TerminateProcessException.
Thread .top.OrderedMerge is exiting.
-- Thread stopped.
-- Blocked Receiver call threw TerminateProcessException.
34 ms. Memory: 145408K Free: 77281K (53%)
/home/travis/build/icyphy/ptII/ptolemy/actor/lib/test/Publisher.tcl
26 ms. Memory: 145408K Free: 129900K (89%)
20 ms. Memory: 145408K Free: 124764K (86%)
17 ms. Memory: 145408K Free: 121196K (83%)
12 ms. Memory: 145408K Free: 120172K (83%)
2 ms. Memory: 145408K Free: 119148K (82%)
11 ms. Memory: 145408K Free: 118620K (82%)
3 ms. Memory: 145408K Free: 117610K (81%)
11 ms. Memory: 145408K Free: 116572K (80%)
20 ms. Memory: 145408K Free: 106860K (73%)
3 ms. Memory: 145408K Free: 102764K (71%)
2 ms. Memory: 145408K Free: 102236K (70%)
4 ms. Memory: 145408K Free: 100188K (69%)
20 ms. Memory: 145408K Free: 92524K (64%)
13 ms. Memory: 145408K Free: 82780K (57%)
10 ms. Memory: 145408K Free: 72044K (50%)
/home/travis/build/icyphy/ptII/ptolemy/actor/lib/test/Pulse.tcl
5 ms. Memory: 145408K Free: 99785K (69%)
11 ms. Memory: 145408K Free: 99257K (68%)
1 ms. Memory: 145408K Free: 98761K (68%)
1 ms. Memory: 145408K Free: 98241K (68%)
1 ms. Memory: 145408K Free: 97737K (67%)
5 ms. Memory: 145408K Free: 96713K (67%)
1 ms. Memory: 145408K Free: 95689K (66%)
1 ms. Memory: 145408K Free: 94665K (65%)
1 ms. Memory: 145408K Free: 94145K (65%)
/home/travis/build/icyphy/ptII/ptolemy/actor/lib/test/Ramp.tcl
2 ms. Memory: 145408K Free: 92103K (63%)
2 ms. Memory: 145408K Free: 91593K (63%)
1 ms. Memory: 145408K Free: 90569K (62%)
1 ms. Memory: 145408K Free: 90041K (62%)
3 ms. Memory: 145408K Free: 89031K (61%)
4 ms. Memory: 145408K Free: 88521K (61%)
4 ms. Memory: 145408K Free: 87497K (60%)
5 actors
4000 microseconds per iteration to create
4 ms. Memory: 145408K Free: 84905K (58%)
2 ms. Memory: 145408K Free: 83905K (58%)
2 ms. Memory: 145408K Free: 83401K (57%)
1 ms. Memory: 145408K Free: 82873K (57%)
50 actors
29000 microseconds per iteration to create
23 ms. Memory: 145408K Free: 67527K (46%)
4 ms. Memory: 145408K Free: 66503K (46%)
5 ms. Memory: 145408K Free: 65479K (45%)
4 ms. Memory: 145408K Free: 63945K (44%)
500 actors
1718000 microseconds per iteration to create
242 ms. Memory: 175104K Free: 69417K (40%)
37 ms. Memory: 175104K Free: 64312K (37%)
65 ms. Memory: 175104K Free: 150820K (86%)
43 ms. Memory: 175104K Free: 145210K (83%)
/home/travis/build/icyphy/ptII/ptolemy/actor/lib/test/RampContinuous.tcl
10 ms. Memory: 175104K Free: 143672K (82%)
/home/travis/build/icyphy/ptII/ptolemy/actor/lib/test/RecordAssembler.tcl
6 ms. Memory: 175104K Free: 142138K (81%)
3 ms. Memory: 175104K Free: 141114K (81%)
/home/travis/build/icyphy/ptII/ptolemy/actor/lib/test/RecordDisassembler.tcl
12 ms. Memory: 175104K Free: 139561K (80%)
5 ms. Memory: 175104K Free: 139066K (79%)
4 ms. Memory: 175104K Free: 137528K (79%)
/home/travis/build/icyphy/ptII/ptolemy/actor/lib/test/Scale.tcl
2 ms. Memory: 175104K Free: 135994K (78%)
2 ms. Memory: 175104K Free: 134970K (77%)
2 ms. Memory: 175104K Free: 134449K (77%)
3 ms. Memory: 175104K Free: 133417K (76%)
2 ms. Memory: 175104K Free: 132408K (76%)
/home/travis/build/icyphy/ptII/ptolemy/actor/lib/test/SequentialClock.tcl
preinitializing
resolving types
initializing
executing number 1
wrapping up
idle
3 ms. Memory: 175104K Free: 131353K (75%)
Completed execution with 5 iterations
preinitializing
resolving types
initializing
executing number 1
wrapping up
idle
3 ms. Memory: 175104K Free: 130874K (75%)
Completed execution with 5 iterations
preinitializing
resolving types
initializing
executing number 1
wrapping up
idle
1 ms. Memory: 175104K Free: 130360K (74%)
Completed execution with 5 iterations
/home/travis/build/icyphy/ptII/ptolemy/actor/lib/test/SetVariable.tcl
4 ms. Memory: 175104K Free: 128281K (73%)


==== $PTII/ptolemy/actor/lib/test/SetVariable.tcl: SetVariable-3.1 changeFailed
==== Contents of test case:

    #Uses 2.1 above
    jdkCaptureErr {
        # This test was failing if we ran Exit.tcl and then this test.
        # MessageHandler.error() now actually throws the Exception.
	catch {$setVariable changeFailed [java::null]  [java::new Exception {Test exception for SetVariable.changeFailed()}]} errMsg
    } results
    list [string range $results 0 89] "\n" $errMsg

==== Result was:
{java.lang.Exception: Test exception for SetVariable.changeFailed()
	at java.base/jdk.inter} {
} {java.lang.RuntimeException: java.lang.Exception: Test exception for SetVariable.changeFailed()}
---- Result should have been:
{Failed to set variable.
java.lang.Exception: Test exception for SetVariable.changeFailed()} {
} {java.lang.RuntimeException: java.lang.Exception: Test exception for SetVariable.changeFailed()}
---- SetVariable-3.1 FAILED
/home/travis/build/icyphy/ptII/ptolemy/actor/lib/test/Sinewave.tcl
/home/travis/build/icyphy/ptII/ptolemy/actor/lib/test/SubscriptionAggregator.tcl
5 ms. Memory: 175104K Free: 116024K (66%)
2 ms. Memory: 175104K Free: 115514K (66%)
1 ms. Memory: 175104K Free: 114993K (66%)
0 ms. Memory: 175104K Free: 114490K (65%)
1 ms. Memory: 175104K Free: 111418K (64%)
8 ms. Memory: 175104K Free: 108856K (62%)
...............................................................1031 ms. Memory: 244736K Free: 75786K (31%)
/home/travis/build/icyphy/ptII/ptolemy/actor/lib/test/Test.tcl
 The next command will produce a warning about training mode,
   which may be ignored.
4 ms. Memory: 244736K Free: 73738K (30%)
3 ms. Memory: 244736K Free: 199469K (82%)
2 ms. Memory: 244736K Free: 198941K (81%)
1 ms. Memory: 244736K Free: 198447K (81%)
1 ms. Memory: 244736K Free: 197903K (81%)
3 ms. Memory: 244736K Free: 196399K (80%)
3 ms. Memory: 244736K Free: 195375K (80%)
 The next command will produce a warning about training mode,
   which may be ignored.
4 ms. Memory: 244736K Free: 192813K (79%)
 The next command will produce a warning about training mode,
   which may be ignored.
2 ms. Memory: 244736K Free: 191789K (78%)
1 ms. Memory: 244736K Free: 191279K (78%)
1 ms. Memory: 244736K Free: 190759K (78%)
1 ms. Memory: 244736K Free: 190255K (78%)
6 ms. Memory: 244736K Free: 189231K (77%)
2 ms. Memory: 244736K Free: 185135K (76%)
/home/travis/build/icyphy/ptII/ptolemy/actor/lib/test/TestExceptionHandler.tcl
 The next command will produce a warning about training mode,
   which may be ignored.
2 ms. Memory: 244736K Free: 184111K (75%)
7 ms. Memory: 244736K Free: 183583K (75%)
1 ms. Memory: 244736K Free: 183087K (75%)
/home/travis/build/icyphy/ptII/ptolemy/actor/lib/test/UnionDisassembler.tcl
27 ms. Memory: 244736K Free: 175919K (72%)
/home/travis/build/icyphy/ptII/ptolemy/actor/lib/test/VariableClock.tcl
preinitializing
resolving types
initializing
executing number 1
wrapping up
idle
11 ms. Memory: 244736K Free: 173871K (71%)
Completed execution with 11 iterations
preinitializing
resolving types
initializing
executing number 1
wrapping up
idle
5 ms. Memory: 244736K Free: 172333K (70%)
Completed execution with 10 iterations
09/10/19 05:42:27
Failed: 1  Total Tests: 234  ((Passed: 233, Newly Passed: 0)  Known Failed: 0) /home/travis/build/icyphy/ptII/ptolemy/actor/lib/test
----------------- testing (KnownFailure) /home/travis/build/icyphy/ptII/ptolemy/actor/lib/test/auto/knownFailedTests/PublisherPortToplevelSubscriber.xml
0 ms. Memory: 244736K Free: 169261K (69%)
Known Failure: java.lang.reflect.InvocationTargetException
----------------- testing (KnownFailure) /home/travis/build/icyphy/ptII/ptolemy/actor/lib/test/auto/knownFailedTests/PublisherSubscriberPortToplevel.xml
4 ms. Memory: 244736K Free: 165165K (67%)
Known Failure: java.lang.reflect.InvocationTargetException
----------------- testing (KnownFailure) /home/travis/build/icyphy/ptII/ptolemy/actor/lib/test/auto/knownFailedTests/PublisherSubscriptionAggregatorPort.xml
1 ms. Memory: 244736K Free: 160559K (66%)
Known Failure: java.lang.reflect.InvocationTargetException
----------------- testing (KnownFailure) /home/travis/build/icyphy/ptII/ptolemy/actor/lib/test/auto/knownFailedTests/sizedarray3.xml
14 ms. Memory: 244736K Free: 156463K (64%)
Known Failure: java.lang.reflect.InvocationTargetException
No auto/linux-amd64/*.xml tests in /home/travis/build/icyphy/ptII/ptolemy/actor/lib/test
AutoTests.java: About to close Vertx.
AutoTests.java: Vertx closed.

===========================================================================================
----------------- testing Tue Sep 10 05:42:27 UTC 2019 /home/travis/build/icyphy/ptII/ptolemy/actor/lib/test/auto/AbsoluteValue.xml
----------------- Instantiating /home/travis/build/icyphy/ptII/ptolemy/actor/lib/test/auto/AbsoluteValue.xml
16 ms. Memory: 244736K Free: 133935K (55%)
----------------- Invoking toplevel() on ptolemy.moml.MoMLSimpleApplication@214c8fc9
----------------- Done invoking toplevel() on ptolemy.moml.MoMLSimpleApplication@214c8fc9
reloadAllAccessors: .AbsoluteValue

===========================================================================================
----------------- testing Tue Sep 10 05:42:27 UTC 2019 /home/travis/build/icyphy/ptII/ptolemy/actor/lib/test/auto/AbsoluteValue2.xml
----------------- Instantiating /home/travis/build/icyphy/ptII/ptolemy/actor/lib/test/auto/AbsoluteValue2.xml
5 ms. Memory: 244736K Free: 127277K (52%)
----------------- Invoking toplevel() on ptolemy.moml.MoMLSimpleApplication@32348eba
----------------- Done invoking toplevel() on ptolemy.moml.MoMLSimpleApplication@32348eba
reloadAllAccessors: .AbsoluteValue2

===========================================================================================
----------------- testing Tue Sep 10 05:42:28 UTC 2019 /home/travis/build/icyphy/ptII/ptolemy/actor/lib/test/auto/Accumulator.xml
----------------- Instantiating /home/travis/build/icyphy/ptII/ptolemy/actor/lib/test/auto/Accumulator.xml
5 ms. Memory: 244736K Free: 120623K (49%)
----------------- Invoking toplevel() on ptolemy.moml.MoMLSimpleApplication@1a13a541
----------------- Done invoking toplevel() on ptolemy.moml.MoMLSimpleApplication@1a13a541
reloadAllAccessors: .Accumulator

===========================================================================================
----------------- testing Tue Sep 10 05:42:28 UTC 2019 /home/travis/build/icyphy/ptII/ptolemy/actor/lib/test/auto/Accumulator2.xml
----------------- Instantiating /home/travis/build/icyphy/ptII/ptolemy/actor/lib/test/auto/Accumulator2.xml
3 ms. Memory: 244736K Free: 115503K (47%)
----------------- Invoking toplevel() on ptolemy.moml.MoMLSimpleApplication@5dc20c9c
----------------- Done invoking toplevel() on ptolemy.moml.MoMLSimpleApplication@5dc20c9c
reloadAllAccessors: .Accumulator2

===========================================================================================
----------------- testing Tue Sep 10 05:42:28 UTC 2019 /home/travis/build/icyphy/ptII/ptolemy/actor/lib/test/auto/Accumulator3.xml
----------------- Instantiating /home/travis/build/icyphy/ptII/ptolemy/actor/lib/test/auto/Accumulator3.xml
2 ms. Memory: 244736K Free: 110893K (45%)
----------------- Invoking toplevel() on ptolemy.moml.MoMLSimpleApplication@7e58b703
----------------- Done invoking toplevel() on ptolemy.moml.MoMLSimpleApplication@7e58b703
reloadAllAccessors: .Accumulator3

===========================================================================================
----------------- testing Tue Sep 10 05:42:28 UTC 2019 /home/travis/build/icyphy/ptII/ptolemy/actor/lib/test/auto/ArrayAppend.xml
----------------- Instantiating /home/travis/build/icyphy/ptII/ptolemy/actor/lib/test/auto/ArrayAppend.xml
4 ms. Memory: 244736K Free: 105263K (43%)
----------------- Invoking toplevel() on ptolemy.moml.MoMLSimpleApplication@a82f860
----------------- Done invoking toplevel() on ptolemy.moml.MoMLSimpleApplication@a82f860
reloadAllAccessors: .ArrayAppend

===========================================================================================
----------------- testing Tue Sep 10 05:42:28 UTC 2019 /home/travis/build/icyphy/ptII/ptolemy/actor/lib/test/auto/ArrayAppend2.xml
----------------- Instantiating /home/travis/build/icyphy/ptII/ptolemy/actor/lib/test/auto/ArrayAppend2.xml
475 ms. Memory: 244736K Free: 148257K (61%)
----------------- Invoking toplevel() on ptolemy.moml.MoMLSimpleApplication@7b88764a
----------------- Done invoking toplevel() on ptolemy.moml.MoMLSimpleApplication@7b88764a
reloadAllAccessors: .ArrayAppend2

===========================================================================================
----------------- testing Tue Sep 10 05:42:28 UTC 2019 /home/travis/build/icyphy/ptII/ptolemy/actor/lib/test/auto/ArrayAppend3.xml
----------------- Instantiating /home/travis/build/icyphy/ptII/ptolemy/actor/lib/test/auto/ArrayAppend3.xml
5 ms. Memory: 244736K Free: 142113K (58%)
----------------- Invoking toplevel() on ptolemy.moml.MoMLSimpleApplication@2ade0b86
----------------- Done invoking toplevel() on ptolemy.moml.MoMLSimpleApplication@2ade0b86
reloadAllAccessors: .ArrayAppend3

===========================================================================================
----------------- testing Tue Sep 10 05:42:28 UTC 2019 /home/travis/build/icyphy/ptII/ptolemy/actor/lib/test/auto/ArrayAppend4.xml
----------------- Instantiating /home/travis/build/icyphy/ptII/ptolemy/actor/lib/test/auto/ArrayAppend4.xml
5 ms. Memory: 244736K Free: 136993K (56%)
----------------- Invoking toplevel() on ptolemy.moml.MoMLSimpleApplication@7410eafc
----------------- Done invoking toplevel() on ptolemy.moml.MoMLSimpleApplication@7410eafc
reloadAllAccessors: .ArrayAppend4

===========================================================================================
----------------- testing Tue Sep 10 05:42:28 UTC 2019 /home/travis/build/icyphy/ptII/ptolemy/actor/lib/test/auto/ArrayAppend5.xml
----------------- Instantiating /home/travis/build/icyphy/ptII/ptolemy/actor/lib/test/auto/ArrayAppend5.xml
3 ms. Memory: 244736K Free: 131873K (54%)
----------------- Invoking toplevel() on ptolemy.moml.MoMLSimpleApplication@1a4702f4
----------------- Done invoking toplevel() on ptolemy.moml.MoMLSimpleApplication@1a4702f4
reloadAllAccessors: .ArrayAppend5

===========================================================================================
----------------- testing Tue Sep 10 05:42:28 UTC 2019 /home/travis/build/icyphy/ptII/ptolemy/actor/lib/test/auto/ArrayAppend6.xml
----------------- Instantiating /home/travis/build/icyphy/ptII/ptolemy/actor/lib/test/auto/ArrayAppend6.xml
4 ms. Memory: 244736K Free: 126753K (52%)
----------------- Invoking toplevel() on ptolemy.moml.MoMLSimpleApplication@535d9c54
----------------- Done invoking toplevel() on ptolemy.moml.MoMLSimpleApplication@535d9c54
reloadAllAccessors: .ArrayAppend6

===========================================================================================
----------------- testing Tue Sep 10 05:42:28 UTC 2019 /home/travis/build/icyphy/ptII/ptolemy/actor/lib/test/auto/ArrayAppendPerformanceTest.xml
----------------- Instantiating /home/travis/build/icyphy/ptII/ptolemy/actor/lib/test/auto/ArrayAppendPerformanceTest.xml
25 ms. Memory: 244736K Free: 115489K (47%)
----------------- Invoking toplevel() on ptolemy.moml.MoMLSimpleApplication@53091a0b
----------------- Done invoking toplevel() on ptolemy.moml.MoMLSimpleApplication@53091a0b
reloadAllAccessors: .ArrayAppendPerformanceTest

===========================================================================================
----------------- testing Tue Sep 10 05:42:28 UTC 2019 /home/travis/build/icyphy/ptII/ptolemy/actor/lib/test/auto/ArrayAppendWithEmptyInput.xml
----------------- Instantiating /home/travis/build/icyphy/ptII/ptolemy/actor/lib/test/auto/ArrayAppendWithEmptyInput.xml
7 ms. Memory: 244736K Free: 107297K (44%)
----------------- Invoking toplevel() on ptolemy.moml.MoMLSimpleApplication@428d324
----------------- Done invoking toplevel() on ptolemy.moml.MoMLSimpleApplication@428d324
reloadAllAccessors: .ArrayAppendWithEmptyInput

===========================================================================================
----------------- testing Tue Sep 10 05:42:28 UTC 2019 /home/travis/build/icyphy/ptII/ptolemy/actor/lib/test/auto/ArrayAverage.xml
----------------- Instantiating /home/travis/build/icyphy/ptII/ptolemy/actor/lib/test/auto/ArrayAverage.xml
4 ms. Memory: 244736K Free: 99619K (41%)
----------------- Invoking toplevel() on ptolemy.moml.MoMLSimpleApplication@4f4789a5
----------------- Done invoking toplevel() on ptolemy.moml.MoMLSimpleApplication@4f4789a5
reloadAllAccessors: .ArrayAverage

===========================================================================================
----------------- testing Tue Sep 10 05:42:28 UTC 2019 /home/travis/build/icyphy/ptII/ptolemy/actor/lib/test/auto/ArrayContains.xml
----------------- Instantiating /home/travis/build/icyphy/ptII/ptolemy/actor/lib/test/auto/ArrayContains.xml
2 ms. Memory: 244736K Free: 93475K (38%)
----------------- Invoking toplevel() on ptolemy.moml.MoMLSimpleApplication@4a25088d
----------------- Done invoking toplevel() on ptolemy.moml.MoMLSimpleApplication@4a25088d
reloadAllAccessors: .ArrayContains

===========================================================================================
----------------- testing Tue Sep 10 05:42:29 UTC 2019 /home/travis/build/icyphy/ptII/ptolemy/actor/lib/test/auto/ArrayElement.xml
----------------- Instantiating /home/travis/build/icyphy/ptII/ptolemy/actor/lib/test/auto/ArrayElement.xml
4 ms. Memory: 244736K Free: 87841K (36%)
----------------- Invoking toplevel() on ptolemy.moml.MoMLSimpleApplication@1ab3b666
----------------- Done invoking toplevel() on ptolemy.moml.MoMLSimpleApplication@1ab3b666
reloadAllAccessors: .ArrayElement

===========================================================================================
----------------- testing Tue Sep 10 05:42:29 UTC 2019 /home/travis/build/icyphy/ptII/ptolemy/actor/lib/test/auto/ArrayElementAsMatrix.xml
----------------- Instantiating /home/travis/build/icyphy/ptII/ptolemy/actor/lib/test/auto/ArrayElementAsMatrix.xml
27 ms. Memory: 244736K Free: 78115K (32%)
----------------- Invoking toplevel() on ptolemy.moml.MoMLSimpleApplication@4ddc3989
----------------- Done invoking toplevel() on ptolemy.moml.MoMLSimpleApplication@4ddc3989
reloadAllAccessors: .ArrayElementAsMatrix

===========================================================================================
----------------- testing Tue Sep 10 05:42:29 UTC 2019 /home/travis/build/icyphy/ptII/ptolemy/actor/lib/test/auto/ArrayElementI.xml
----------------- Instantiating /home/travis/build/icyphy/ptII/ptolemy/actor/lib/test/auto/ArrayElementI.xml
3 ms. Memory: 244736K Free: 72995K (30%)
----------------- Invoking toplevel() on ptolemy.moml.MoMLSimpleApplication@53e20aa2
----------------- Done invoking toplevel() on ptolemy.moml.MoMLSimpleApplication@53e20aa2
reloadAllAccessors: .ArrayElementI

===========================================================================================
----------------- testing Tue Sep 10 05:42:29 UTC 2019 /home/travis/build/icyphy/ptII/ptolemy/actor/lib/test/auto/ArrayExtract.xml
----------------- Instantiating /home/travis/build/icyphy/ptII/ptolemy/actor/lib/test/auto/ArrayExtract.xml
5 ms. Memory: 244736K Free: 64803K (26%)
----------------- Invoking toplevel() on ptolemy.moml.MoMLSimpleApplication@569d25d6
----------------- Done invoking toplevel() on ptolemy.moml.MoMLSimpleApplication@569d25d6
reloadAllAccessors: .ArrayExtract

===========================================================================================
----------------- testing Tue Sep 10 05:42:29 UTC 2019 /home/travis/build/icyphy/ptII/ptolemy/actor/lib/test/auto/ArrayExtract2.xml
----------------- Instantiating /home/travis/build/icyphy/ptII/ptolemy/actor/lib/test/auto/ArrayExtract2.xml
2 ms. Memory: 244736K Free: 59162K (24%)
----------------- Invoking toplevel() on ptolemy.moml.MoMLSimpleApplication@4a5f6bb7
----------------- Done invoking toplevel() on ptolemy.moml.MoMLSimpleApplication@4a5f6bb7
reloadAllAccessors: .ArrayExtract2

===========================================================================================
----------------- testing Tue Sep 10 05:42:29 UTC 2019 /home/travis/build/icyphy/ptII/ptolemy/actor/lib/test/auto/ArrayLength.xml
----------------- Instantiating /home/travis/build/icyphy/ptII/ptolemy/actor/lib/test/auto/ArrayLength.xml
3 ms. Memory: 474112K Free: 424227K (89%)
----------------- Invoking toplevel() on ptolemy.moml.MoMLSimpleApplication@9bfea82
----------------- Done invoking toplevel() on ptolemy.moml.MoMLSimpleApplication@9bfea82
reloadAllAccessors: .ArrayLength

===========================================================================================
----------------- testing Tue Sep 10 05:42:29 UTC 2019 /home/travis/build/icyphy/ptII/ptolemy/actor/lib/test/auto/ArrayLevelCrossing.xml
----------------- Instantiating /home/travis/build/icyphy/ptII/ptolemy/actor/lib/test/auto/ArrayLevelCrossing.xml
5 ms. Memory: 474112K Free: 416035K (88%)
----------------- Invoking toplevel() on ptolemy.moml.MoMLSimpleApplication@3a315926
----------------- Done invoking toplevel() on ptolemy.moml.MoMLSimpleApplication@3a315926
reloadAllAccessors: .ArrayLevelCrossing

===========================================================================================
----------------- testing Tue Sep 10 05:42:29 UTC 2019 /home/travis/build/icyphy/ptII/ptolemy/actor/lib/test/auto/ArrayLevelCrossing2.xml
----------------- Instantiating /home/travis/build/icyphy/ptII/ptolemy/actor/lib/test/auto/ArrayLevelCrossing2.xml
3 ms. Memory: 474112K Free: 409362K (86%)
----------------- Invoking toplevel() on ptolemy.moml.MoMLSimpleApplication@8f7c20d
----------------- Done invoking toplevel() on ptolemy.moml.MoMLSimpleApplication@8f7c20d
reloadAllAccessors: .ArrayLevelCrossing2

===========================================================================================
----------------- testing Tue Sep 10 05:42:29 UTC 2019 /home/travis/build/icyphy/ptII/ptolemy/actor/lib/test/auto/ArrayPeakSearch.xml
----------------- Instantiating /home/travis/build/icyphy/ptII/ptolemy/actor/lib/test/auto/ArrayPeakSearch.xml
8 ms. Memory: 474112K Free: 400161K (84%)
----------------- Invoking toplevel() on ptolemy.moml.MoMLSimpleApplication@5920be56
----------------- Done invoking toplevel() on ptolemy.moml.MoMLSimpleApplication@5920be56
reloadAllAccessors: .ArrayPeakSearch

===========================================================================================
----------------- testing Tue Sep 10 05:42:29 UTC 2019 /home/travis/build/icyphy/ptII/ptolemy/actor/lib/test/auto/ArrayPeakSearch2.xml
----------------- Instantiating /home/travis/build/icyphy/ptII/ptolemy/actor/lib/test/auto/ArrayPeakSearch2.xml
8 ms. Memory: 474112K Free: 389890K (82%)
----------------- Invoking toplevel() on ptolemy.moml.MoMLSimpleApplication@648bae71
----------------- Done invoking toplevel() on ptolemy.moml.MoMLSimpleApplication@648bae71
reloadAllAccessors: .ArrayPeakSearch2

===========================================================================================
----------------- testing Tue Sep 10 05:42:29 UTC 2019 /home/travis/build/icyphy/ptII/ptolemy/actor/lib/test/auto/ArrayPeakSearch3.xml
----------------- Instantiating /home/travis/build/icyphy/ptII/ptolemy/actor/lib/test/auto/ArrayPeakSearch3.xml
6 ms. Memory: 474112K Free: 380705K (80%)
----------------- Invoking toplevel() on ptolemy.moml.MoMLSimpleApplication@6d46ce26
----------------- Done invoking toplevel() on ptolemy.moml.MoMLSimpleApplication@6d46ce26
reloadAllAccessors: .ArrayPeakSearch3

===========================================================================================
----------------- testing Tue Sep 10 05:42:29 UTC 2019 /home/travis/build/icyphy/ptII/ptolemy/actor/lib/test/auto/ArrayRemoveElement.xml
----------------- Instantiating /home/travis/build/icyphy/ptII/ptolemy/actor/lib/test/auto/ArrayRemoveElement.xml
6 ms. Memory: 474112K Free: 373027K (79%)
----------------- Invoking toplevel() on ptolemy.moml.MoMLSimpleApplication@355f892
----------------- Done invoking toplevel() on ptolemy.moml.MoMLSimpleApplication@355f892
reloadAllAccessors: .ArrayRemoveElement

===========================================================================================
----------------- testing Tue Sep 10 05:42:29 UTC 2019 /home/travis/build/icyphy/ptII/ptolemy/actor/lib/test/auto/ArraySort.xml
----------------- Instantiating /home/travis/build/icyphy/ptII/ptolemy/actor/lib/test/auto/ArraySort.xml
16 ms. Memory: 474112K Free: 363811K (77%)
----------------- Invoking toplevel() on ptolemy.moml.MoMLSimpleApplication@33f7453c
----------------- Done invoking toplevel() on ptolemy.moml.MoMLSimpleApplication@33f7453c
reloadAllAccessors: .ArraySort

===========================================================================================
----------------- testing Tue Sep 10 05:42:29 UTC 2019 /home/travis/build/icyphy/ptII/ptolemy/actor/lib/test/auto/ArraySum.xml
----------------- Instantiating /home/travis/build/icyphy/ptII/ptolemy/actor/lib/test/auto/ArraySum.xml
8 ms. Memory: 474112K Free: 358691K (76%)
----------------- Invoking toplevel() on ptolemy.moml.MoMLSimpleApplication@2624d019
----------------- Done invoking toplevel() on ptolemy.moml.MoMLSimpleApplication@2624d019
reloadAllAccessors: .ArraySum

===========================================================================================
----------------- testing Tue Sep 10 05:42:29 UTC 2019 /home/travis/build/icyphy/ptII/ptolemy/actor/lib/test/auto/ArrayToElements.xml
----------------- Instantiating /home/travis/build/icyphy/ptII/ptolemy/actor/lib/test/auto/ArrayToElements.xml
7 ms. Memory: 474112K Free: 353057K (74%)
----------------- Invoking toplevel() on ptolemy.moml.MoMLSimpleApplication@37c64f8c
----------------- Done invoking toplevel() on ptolemy.moml.MoMLSimpleApplication@37c64f8c
reloadAllAccessors: .ArrayToElements

===========================================================================================
----------------- testing Tue Sep 10 05:42:29 UTC 2019 /home/travis/build/icyphy/ptII/ptolemy/actor/lib/test/auto/ArrayToMatrix.xml
----------------- Instantiating /home/travis/build/icyphy/ptII/ptolemy/actor/lib/test/auto/ArrayToMatrix.xml
26 ms. Memory: 474112K Free: 339235K (72%)
----------------- Invoking toplevel() on ptolemy.moml.MoMLSimpleApplication@52d937a5
----------------- Done invoking toplevel() on ptolemy.moml.MoMLSimpleApplication@52d937a5
reloadAllAccessors: .ArrayToMatrix

===========================================================================================
----------------- testing Tue Sep 10 05:42:29 UTC 2019 /home/travis/build/icyphy/ptII/ptolemy/actor/lib/test/auto/ArrayUpdate1.xml
----------------- Instantiating /home/travis/build/icyphy/ptII/ptolemy/actor/lib/test/auto/ArrayUpdate1.xml
2 ms. Memory: 474112K Free: 334115K (70%)
----------------- Invoking toplevel() on ptolemy.moml.MoMLSimpleApplication@1e108fdd
----------------- Done invoking toplevel() on ptolemy.moml.MoMLSimpleApplication@1e108fdd
reloadAllAccessors: .ArrayUpdate1

===========================================================================================
----------------- testing Tue Sep 10 05:42:29 UTC 2019 /home/travis/build/icyphy/ptII/ptolemy/actor/lib/test/auto/ArrayUpdate2.xml
----------------- Instantiating /home/travis/build/icyphy/ptII/ptolemy/actor/lib/test/auto/ArrayUpdate2.xml
9 ms. Memory: 474112K Free: 328481K (69%)
----------------- Invoking toplevel() on ptolemy.moml.MoMLSimpleApplication@48592eb8
----------------- Done invoking toplevel() on ptolemy.moml.MoMLSimpleApplication@48592eb8
reloadAllAccessors: .ArrayUpdate2

===========================================================================================
----------------- testing Tue Sep 10 05:42:29 UTC 2019 /home/travis/build/icyphy/ptII/ptolemy/actor/lib/test/auto/ArrayUpdate3.xml
----------------- Instantiating /home/travis/build/icyphy/ptII/ptolemy/actor/lib/test/auto/ArrayUpdate3.xml
6 ms. Memory: 474112K Free: 323361K (68%)
----------------- Invoking toplevel() on ptolemy.moml.MoMLSimpleApplication@6f60f551
----------------- Done invoking toplevel() on ptolemy.moml.MoMLSimpleApplication@6f60f551
reloadAllAccessors: .ArrayUpdate3

===========================================================================================
----------------- testing Tue Sep 10 05:42:29 UTC 2019 /home/travis/build/icyphy/ptII/ptolemy/actor/lib/test/auto/Assert1.xml
----------------- Instantiating /home/travis/build/icyphy/ptII/ptolemy/actor/lib/test/auto/Assert1.xml
3 ms. Memory: 474112K Free: 319265K (67%)
----------------- Invoking toplevel() on ptolemy.moml.MoMLSimpleApplication@1a91f2f2
----------------- Done invoking toplevel() on ptolemy.moml.MoMLSimpleApplication@1a91f2f2
reloadAllAccessors: .Assert1

===========================================================================================
----------------- testing Tue Sep 10 05:42:29 UTC 2019 /home/travis/build/icyphy/ptII/ptolemy/actor/lib/test/auto/Assert2.xml
----------------- Instantiating /home/travis/build/icyphy/ptII/ptolemy/actor/lib/test/auto/Assert2.xml
2 ms. Memory: 474112K Free: 314145K (66%)
----------------- Invoking toplevel() on ptolemy.moml.MoMLSimpleApplication@4f940e68
----------------- Done invoking toplevel() on ptolemy.moml.MoMLSimpleApplication@4f940e68
reloadAllAccessors: .Assert2

===========================================================================================
----------------- testing Tue Sep 10 05:42:29 UTC 2019 /home/travis/build/icyphy/ptII/ptolemy/actor/lib/test/auto/BooleanMultiplexor.xml
----------------- Instantiating /home/travis/build/icyphy/ptII/ptolemy/actor/lib/test/auto/BooleanMultiplexor.xml
2 ms. Memory: 474112K Free: 308994K (65%)
----------------- Invoking toplevel() on ptolemy.moml.MoMLSimpleApplication@b67d5aa
----------------- Done invoking toplevel() on ptolemy.moml.MoMLSimpleApplication@b67d5aa
reloadAllAccessors: .BooleanMultiplexor

===========================================================================================
----------------- testing Tue Sep 10 05:42:29 UTC 2019 /home/travis/build/icyphy/ptII/ptolemy/actor/lib/test/auto/BooleanMultiplexor2.xml
----------------- Instantiating /home/travis/build/icyphy/ptII/ptolemy/actor/lib/test/auto/BooleanMultiplexor2.xml
11 ms. Memory: 474112K Free: 302371K (64%)
----------------- Invoking toplevel() on ptolemy.moml.MoMLSimpleApplication@46cbc5e1
----------------- Done invoking toplevel() on ptolemy.moml.MoMLSimpleApplication@46cbc5e1
reloadAllAccessors: .BooleanMultiplexor2

===========================================================================================
----------------- testing Tue Sep 10 05:42:29 UTC 2019 /home/travis/build/icyphy/ptII/ptolemy/actor/lib/test/auto/BooleanMultiplexor3.xml
----------------- Instantiating /home/travis/build/icyphy/ptII/ptolemy/actor/lib/test/auto/BooleanMultiplexor3.xml
4 ms. Memory: 474112K Free: 298785K (63%)
----------------- Invoking toplevel() on ptolemy.moml.MoMLSimpleApplication@28ff73f7
----------------- Done invoking toplevel() on ptolemy.moml.MoMLSimpleApplication@28ff73f7
reloadAllAccessors: .BooleanMultiplexor3

===========================================================================================
----------------- testing Tue Sep 10 05:42:29 UTC 2019 /home/travis/build/icyphy/ptII/ptolemy/actor/lib/test/auto/BooleanSelect.xml
----------------- Instantiating /home/travis/build/icyphy/ptII/ptolemy/actor/lib/test/auto/BooleanSelect.xml
8 ms. Memory: 474112K Free: 292610K (62%)
----------------- Invoking toplevel() on ptolemy.moml.MoMLSimpleApplication@b892da4
----------------- Done invoking toplevel() on ptolemy.moml.MoMLSimpleApplication@b892da4
reloadAllAccessors: .BooleanSelect

===========================================================================================
----------------- testing Tue Sep 10 05:42:29 UTC 2019 /home/travis/build/icyphy/ptII/ptolemy/actor/lib/test/auto/BooleanSelect2.xml
----------------- Instantiating /home/travis/build/icyphy/ptII/ptolemy/actor/lib/test/auto/BooleanSelect2.xml
2 ms. Memory: 474112K Free: 288545K (61%)
----------------- Invoking toplevel() on ptolemy.moml.MoMLSimpleApplication@24f5d9d6
----------------- Done invoking toplevel() on ptolemy.moml.MoMLSimpleApplication@24f5d9d6
reloadAllAccessors: .BooleanSelect2

===========================================================================================
----------------- testing Tue Sep 10 05:42:29 UTC 2019 /home/travis/build/icyphy/ptII/ptolemy/actor/lib/test/auto/BooleanSwitch.xml
----------------- Instantiating /home/travis/build/icyphy/ptII/ptolemy/actor/lib/test/auto/BooleanSwitch.xml
9 ms. Memory: 474112K Free: 282401K (60%)
----------------- Invoking toplevel() on ptolemy.moml.MoMLSimpleApplication@41d09b2e
----------------- Done invoking toplevel() on ptolemy.moml.MoMLSimpleApplication@41d09b2e
reloadAllAccessors: .BooleanSwitch

===========================================================================================
----------------- testing Tue Sep 10 05:42:30 UTC 2019 /home/travis/build/icyphy/ptII/ptolemy/actor/lib/test/auto/BooleanSwitch2.xml
----------------- Instantiating /home/travis/build/icyphy/ptII/ptolemy/actor/lib/test/auto/BooleanSwitch2.xml
2 ms. Memory: 474112K Free: 278305K (59%)
----------------- Invoking toplevel() on ptolemy.moml.MoMLSimpleApplication@18bf3b9c
----------------- Done invoking toplevel() on ptolemy.moml.MoMLSimpleApplication@18bf3b9c
reloadAllAccessors: .BooleanSwitch2

===========================================================================================
----------------- testing Tue Sep 10 05:42:30 UTC 2019 /home/travis/build/icyphy/ptII/ptolemy/actor/lib/test/auto/BooleanSwitchCloningBugWithClassRelationGroup.xml
----------------- Instantiating /home/travis/build/icyphy/ptII/ptolemy/actor/lib/test/auto/BooleanSwitchCloningBugWithClassRelationGroup.xml
4 ms. Memory: 474112K Free: 271651K (57%)
----------------- Invoking toplevel() on ptolemy.moml.MoMLSimpleApplication@3d2ff1a8
----------------- Done invoking toplevel() on ptolemy.moml.MoMLSimpleApplication@3d2ff1a8
reloadAllAccessors: .BooleanSwitchCloningBugWithClassRelationGroup

===========================================================================================
----------------- testing Tue Sep 10 05:42:30 UTC 2019 /home/travis/build/icyphy/ptII/ptolemy/actor/lib/test/auto/BusActors.xml
----------------- Instantiating /home/travis/build/icyphy/ptII/ptolemy/actor/lib/test/auto/BusActors.xml
7 ms. Memory: 474112K Free: 263969K (56%)
----------------- Invoking toplevel() on ptolemy.moml.MoMLSimpleApplication@5adfd937
----------------- Done invoking toplevel() on ptolemy.moml.MoMLSimpleApplication@5adfd937
reloadAllAccessors: .BusActors

===========================================================================================
----------------- testing Tue Sep 10 05:42:30 UTC 2019 /home/travis/build/icyphy/ptII/ptolemy/actor/lib/test/auto/ClassWrapper.xml
----------------- Instantiating /home/travis/build/icyphy/ptII/ptolemy/actor/lib/test/auto/ClassWrapper.xml
3 ms. Memory: 474112K Free: 259363K (55%)
----------------- Invoking toplevel() on ptolemy.moml.MoMLSimpleApplication@2d397a62
----------------- Done invoking toplevel() on ptolemy.moml.MoMLSimpleApplication@2d397a62
reloadAllAccessors: .ClassWrapper

===========================================================================================
----------------- testing Tue Sep 10 05:42:30 UTC 2019 /home/travis/build/icyphy/ptII/ptolemy/actor/lib/test/auto/Clock.xml
----------------- Instantiating /home/travis/build/icyphy/ptII/ptolemy/actor/lib/test/auto/Clock.xml
3 ms. Memory: 474112K Free: 255777K (54%)
----------------- Invoking toplevel() on ptolemy.moml.MoMLSimpleApplication@49316a7b
----------------- Done invoking toplevel() on ptolemy.moml.MoMLSimpleApplication@49316a7b
reloadAllAccessors: .Clock

===========================================================================================
----------------- testing Tue Sep 10 05:42:30 UTC 2019 /home/travis/build/icyphy/ptII/ptolemy/actor/lib/test/auto/Clock10.xml
----------------- Instantiating /home/travis/build/icyphy/ptII/ptolemy/actor/lib/test/auto/Clock10.xml
4 ms. Memory: 474112K Free: 249633K (53%)
----------------- Invoking toplevel() on ptolemy.moml.MoMLSimpleApplication@58c15353
----------------- Done invoking toplevel() on ptolemy.moml.MoMLSimpleApplication@58c15353
reloadAllAccessors: .Clock10

===========================================================================================
----------------- testing Tue Sep 10 05:42:30 UTC 2019 /home/travis/build/icyphy/ptII/ptolemy/actor/lib/test/auto/Clock11.xml
----------------- Instantiating /home/travis/build/icyphy/ptII/ptolemy/actor/lib/test/auto/Clock11.xml
5 ms. Memory: 474112K Free: 244003K (51%)
----------------- Invoking toplevel() on ptolemy.moml.MoMLSimpleApplication@27afd2bf
----------------- Done invoking toplevel() on ptolemy.moml.MoMLSimpleApplication@27afd2bf
reloadAllAccessors: .Clock11

===========================================================================================
----------------- testing Tue Sep 10 05:42:30 UTC 2019 /home/travis/build/icyphy/ptII/ptolemy/actor/lib/test/auto/Clock12.xml
----------------- Instantiating /home/travis/build/icyphy/ptII/ptolemy/actor/lib/test/auto/Clock12.xml
5 ms. Memory: 474112K Free: 237859K (50%)
----------------- Invoking toplevel() on ptolemy.moml.MoMLSimpleApplication@1d4aec74
----------------- Done invoking toplevel() on ptolemy.moml.MoMLSimpleApplication@1d4aec74
reloadAllAccessors: .Clock12

===========================================================================================
----------------- testing Tue Sep 10 05:42:30 UTC 2019 /home/travis/build/icyphy/ptII/ptolemy/actor/lib/test/auto/Clock13.xml
----------------- Instantiating /home/travis/build/icyphy/ptII/ptolemy/actor/lib/test/auto/Clock13.xml
8 ms. Memory: 474112K Free: 231715K (49%)
----------------- Invoking toplevel() on ptolemy.moml.MoMLSimpleApplication@193b7863
----------------- Done invoking toplevel() on ptolemy.moml.MoMLSimpleApplication@193b7863
reloadAllAccessors: .Clock13

===========================================================================================
----------------- testing Tue Sep 10 05:42:30 UTC 2019 /home/travis/build/icyphy/ptII/ptolemy/actor/lib/test/auto/Clock14.xml
----------------- Instantiating /home/travis/build/icyphy/ptII/ptolemy/actor/lib/test/auto/Clock14.xml
6 ms. Memory: 474112K Free: 226074K (48%)
----------------- Invoking toplevel() on ptolemy.moml.MoMLSimpleApplication@220496be
----------------- Done invoking toplevel() on ptolemy.moml.MoMLSimpleApplication@220496be
reloadAllAccessors: .Clock14

===========================================================================================
----------------- testing Tue Sep 10 05:42:30 UTC 2019 /home/travis/build/icyphy/ptII/ptolemy/actor/lib/test/auto/Clock15.xml
----------------- Instantiating /home/travis/build/icyphy/ptII/ptolemy/actor/lib/test/auto/Clock15.xml
3 ms. Memory: 474112K Free: 219930K (46%)
----------------- Invoking toplevel() on ptolemy.moml.MoMLSimpleApplication@4bb4df39
----------------- Done invoking toplevel() on ptolemy.moml.MoMLSimpleApplication@4bb4df39
reloadAllAccessors: .Clock15

===========================================================================================
----------------- testing Tue Sep 10 05:42:30 UTC 2019 /home/travis/build/icyphy/ptII/ptolemy/actor/lib/test/auto/Clock16.xml
----------------- Instantiating /home/travis/build/icyphy/ptII/ptolemy/actor/lib/test/auto/Clock16.xml
42 ms. Memory: 474112K Free: 205586K (43%)
----------------- Invoking toplevel() on ptolemy.moml.MoMLSimpleApplication@661151a9
----------------- Done invoking toplevel() on ptolemy.moml.MoMLSimpleApplication@661151a9
reloadAllAccessors: .Clock16

===========================================================================================
----------------- testing Tue Sep 10 05:42:30 UTC 2019 /home/travis/build/icyphy/ptII/ptolemy/actor/lib/test/auto/Clock17.xml
----------------- Instantiating /home/travis/build/icyphy/ptII/ptolemy/actor/lib/test/auto/Clock17.xml
24 ms. Memory: 474112K Free: 191250K (40%)
----------------- Invoking toplevel() on ptolemy.moml.MoMLSimpleApplication@144133ce
----------------- Done invoking toplevel() on ptolemy.moml.MoMLSimpleApplication@144133ce
reloadAllAccessors: .Clock17

===========================================================================================
----------------- testing Tue Sep 10 05:42:30 UTC 2019 /home/travis/build/icyphy/ptII/ptolemy/actor/lib/test/auto/Clock18.xml
----------------- Instantiating /home/travis/build/icyphy/ptII/ptolemy/actor/lib/test/auto/Clock18.xml
24 ms. Memory: 474112K Free: 414408K (87%)
----------------- Invoking toplevel() on ptolemy.moml.MoMLSimpleApplication@7f70a7c7
----------------- Done invoking toplevel() on ptolemy.moml.MoMLSimpleApplication@7f70a7c7
reloadAllAccessors: .Clock18

===========================================================================================
----------------- testing Tue Sep 10 05:42:30 UTC 2019 /home/travis/build/icyphy/ptII/ptolemy/actor/lib/test/auto/Clock19.xml
----------------- Instantiating /home/travis/build/icyphy/ptII/ptolemy/actor/lib/test/auto/Clock19.xml
15 ms. Memory: 474112K Free: 401126K (85%)
----------------- Invoking toplevel() on ptolemy.moml.MoMLSimpleApplication@31b3546d
----------------- Done invoking toplevel() on ptolemy.moml.MoMLSimpleApplication@31b3546d
reloadAllAccessors: .Clock19

===========================================================================================
----------------- testing Tue Sep 10 05:42:30 UTC 2019 /home/travis/build/icyphy/ptII/ptolemy/actor/lib/test/auto/Clock2.xml
----------------- Instantiating /home/travis/build/icyphy/ptII/ptolemy/actor/lib/test/auto/Clock2.xml
8 ms. Memory: 474112K Free: 396520K (84%)
----------------- Invoking toplevel() on ptolemy.moml.MoMLSimpleApplication@684d40aa
----------------- Done invoking toplevel() on ptolemy.moml.MoMLSimpleApplication@684d40aa
reloadAllAccessors: .Clock2

===========================================================================================
----------------- testing Tue Sep 10 05:42:30 UTC 2019 /home/travis/build/icyphy/ptII/ptolemy/actor/lib/test/auto/Clock20.xml
----------------- Instantiating /home/travis/build/icyphy/ptII/ptolemy/actor/lib/test/auto/Clock20.xml
11 ms. Memory: 474112K Free: 391400K (83%)
----------------- Invoking toplevel() on ptolemy.moml.MoMLSimpleApplication@64fda58a
----------------- Done invoking toplevel() on ptolemy.moml.MoMLSimpleApplication@64fda58a
reloadAllAccessors: .Clock20

===========================================================================================
----------------- testing Tue Sep 10 05:42:30 UTC 2019 /home/travis/build/icyphy/ptII/ptolemy/actor/lib/test/auto/Clock21.xml
----------------- Instantiating /home/travis/build/icyphy/ptII/ptolemy/actor/lib/test/auto/Clock21.xml
5 ms. Memory: 474112K Free: 385766K (81%)
----------------- Invoking toplevel() on ptolemy.moml.MoMLSimpleApplication@6e6f9b54
----------------- Done invoking toplevel() on ptolemy.moml.MoMLSimpleApplication@6e6f9b54
reloadAllAccessors: .Clock21

===========================================================================================
----------------- testing Tue Sep 10 05:42:30 UTC 2019 /home/travis/build/icyphy/ptII/ptolemy/actor/lib/test/auto/Clock22.xml
----------------- Instantiating /home/travis/build/icyphy/ptII/ptolemy/actor/lib/test/auto/Clock22.xml
6 ms. Memory: 474112K Free: 380646K (80%)
----------------- Invoking toplevel() on ptolemy.moml.MoMLSimpleApplication@7e210a2c
----------------- Done invoking toplevel() on ptolemy.moml.MoMLSimpleApplication@7e210a2c
reloadAllAccessors: .Clock22

===========================================================================================
----------------- testing Tue Sep 10 05:42:30 UTC 2019 /home/travis/build/icyphy/ptII/ptolemy/actor/lib/test/auto/Clock23.xml
----------------- Instantiating /home/travis/build/icyphy/ptII/ptolemy/actor/lib/test/auto/Clock23.xml
7 ms. Memory: 474112K Free: 375016K (79%)
----------------- Invoking toplevel() on ptolemy.moml.MoMLSimpleApplication@63f48746
----------------- Done invoking toplevel() on ptolemy.moml.MoMLSimpleApplication@63f48746
reloadAllAccessors: .Clock23

===========================================================================================
----------------- testing Tue Sep 10 05:42:30 UTC 2019 /home/travis/build/icyphy/ptII/ptolemy/actor/lib/test/auto/Clock24.xml
----------------- Instantiating /home/travis/build/icyphy/ptII/ptolemy/actor/lib/test/auto/Clock24.xml
7 ms. Memory: 474112K Free: 369896K (78%)
----------------- Invoking toplevel() on ptolemy.moml.MoMLSimpleApplication@6528fcca
----------------- Done invoking toplevel() on ptolemy.moml.MoMLSimpleApplication@6528fcca
reloadAllAccessors: .Clock24

===========================================================================================
----------------- testing Tue Sep 10 05:42:30 UTC 2019 /home/travis/build/icyphy/ptII/ptolemy/actor/lib/test/auto/Clock4.xml
----------------- Instantiating /home/travis/build/icyphy/ptII/ptolemy/actor/lib/test/auto/Clock4.xml
2 ms. Memory: 474112K Free: 364776K (77%)
----------------- Invoking toplevel() on ptolemy.moml.MoMLSimpleApplication@5e06374c
----------------- Done invoking toplevel() on ptolemy.moml.MoMLSimpleApplication@5e06374c
reloadAllAccessors: .Clock4

===========================================================================================
----------------- testing Tue Sep 10 05:42:30 UTC 2019 /home/travis/build/icyphy/ptII/ptolemy/actor/lib/test/auto/Clock5.xml
----------------- Instantiating /home/travis/build/icyphy/ptII/ptolemy/actor/lib/test/auto/Clock5.xml
2 ms. Memory: 474112K Free: 359136K (76%)
----------------- Invoking toplevel() on ptolemy.moml.MoMLSimpleApplication@58f2668c
----------------- Done invoking toplevel() on ptolemy.moml.MoMLSimpleApplication@58f2668c
reloadAllAccessors: .Clock5

===========================================================================================
----------------- testing Tue Sep 10 05:42:30 UTC 2019 /home/travis/build/icyphy/ptII/ptolemy/actor/lib/test/auto/Clock6.xml
----------------- Instantiating /home/travis/build/icyphy/ptII/ptolemy/actor/lib/test/auto/Clock6.xml
1 ms. Memory: 474112K Free: 355046K (75%)
----------------- Invoking toplevel() on ptolemy.moml.MoMLSimpleApplication@723eb660
----------------- Done invoking toplevel() on ptolemy.moml.MoMLSimpleApplication@723eb660
reloadAllAccessors: .Clock6

===========================================================================================
----------------- testing Tue Sep 10 05:42:30 UTC 2019 /home/travis/build/icyphy/ptII/ptolemy/actor/lib/test/auto/Clock7.xml
----------------- Instantiating /home/travis/build/icyphy/ptII/ptolemy/actor/lib/test/auto/Clock7.xml
3 ms. Memory: 474112K Free: 349926K (74%)
----------------- Invoking toplevel() on ptolemy.moml.MoMLSimpleApplication@627b115
----------------- Done invoking toplevel() on ptolemy.moml.MoMLSimpleApplication@627b115
reloadAllAccessors: .Clock7

===========================================================================================
----------------- testing Tue Sep 10 05:42:30 UTC 2019 /home/travis/build/icyphy/ptII/ptolemy/actor/lib/test/auto/Clock8.xml
----------------- Instantiating /home/travis/build/icyphy/ptII/ptolemy/actor/lib/test/auto/Clock8.xml
5 ms. Memory: 474112K Free: 344776K (73%)
----------------- Invoking toplevel() on ptolemy.moml.MoMLSimpleApplication@1e829ae7
----------------- Done invoking toplevel() on ptolemy.moml.MoMLSimpleApplication@1e829ae7
reloadAllAccessors: .Clock8

===========================================================================================
----------------- testing Tue Sep 10 05:42:30 UTC 2019 /home/travis/build/icyphy/ptII/ptolemy/actor/lib/test/auto/Clock9.xml
----------------- Instantiating /home/travis/build/icyphy/ptII/ptolemy/actor/lib/test/auto/Clock9.xml
7 ms. Memory: 474112K Free: 339176K (72%)
----------------- Invoking toplevel() on ptolemy.moml.MoMLSimpleApplication@5747cf80
----------------- Done invoking toplevel() on ptolemy.moml.MoMLSimpleApplication@5747cf80
reloadAllAccessors: .Clock9

===========================================================================================
----------------- testing Tue Sep 10 05:42:30 UTC 2019 /home/travis/build/icyphy/ptII/ptolemy/actor/lib/test/auto/CommDistDiscard.xml
----------------- Instantiating /home/travis/build/icyphy/ptII/ptolemy/actor/lib/test/auto/CommDistDiscard.xml
4 ms. Memory: 474112K Free: 333542K (70%)
----------------- Invoking toplevel() on ptolemy.moml.MoMLSimpleApplication@54471712
----------------- Done invoking toplevel() on ptolemy.moml.MoMLSimpleApplication@54471712
reloadAllAccessors: .CommDistDiscard

===========================================================================================
----------------- testing Tue Sep 10 05:42:30 UTC 2019 /home/travis/build/icyphy/ptII/ptolemy/actor/lib/test/auto/Commutator.xml
----------------- Instantiating /home/travis/build/icyphy/ptII/ptolemy/actor/lib/test/auto/Commutator.xml
2 ms. Memory: 474112K Free: 329446K (69%)
----------------- Invoking toplevel() on ptolemy.moml.MoMLSimpleApplication@68cb86d1
----------------- Done invoking toplevel() on ptolemy.moml.MoMLSimpleApplication@68cb86d1
reloadAllAccessors: .Commutator

===========================================================================================
----------------- testing Tue Sep 10 05:42:30 UTC 2019 /home/travis/build/icyphy/ptII/ptolemy/actor/lib/test/auto/Commutator2.xml
----------------- Instantiating /home/travis/build/icyphy/ptII/ptolemy/actor/lib/test/auto/Commutator2.xml
3 ms. Memory: 474112K Free: 324840K (69%)
----------------- Invoking toplevel() on ptolemy.moml.MoMLSimpleApplication@46912969
----------------- Done invoking toplevel() on ptolemy.moml.MoMLSimpleApplication@46912969
reloadAllAccessors: .Commutator2

===========================================================================================
----------------- testing Tue Sep 10 05:42:30 UTC 2019 /home/travis/build/icyphy/ptII/ptolemy/actor/lib/test/auto/Commutator3.xml
----------------- Instantiating /home/travis/build/icyphy/ptII/ptolemy/actor/lib/test/auto/Commutator3.xml
3 ms. Memory: 474112K Free: 320744K (68%)
----------------- Invoking toplevel() on ptolemy.moml.MoMLSimpleApplication@64fb71d4
----------------- Done invoking toplevel() on ptolemy.moml.MoMLSimpleApplication@64fb71d4
reloadAllAccessors: .Commutator3

===========================================================================================
----------------- testing Tue Sep 10 05:42:30 UTC 2019 /home/travis/build/icyphy/ptII/ptolemy/actor/lib/test/auto/Compare.xml
----------------- Instantiating /home/travis/build/icyphy/ptII/ptolemy/actor/lib/test/auto/Compare.xml
2 ms. Memory: 474112K Free: 314086K (66%)
----------------- Invoking toplevel() on ptolemy.moml.MoMLSimpleApplication@2b3e87e7
----------------- Done invoking toplevel() on ptolemy.moml.MoMLSimpleApplication@2b3e87e7
reloadAllAccessors: .Compare

===========================================================================================
----------------- testing Tue Sep 10 05:42:31 UTC 2019 /home/travis/build/icyphy/ptII/ptolemy/actor/lib/test/auto/CompareDE.xml
----------------- Instantiating /home/travis/build/icyphy/ptII/ptolemy/actor/lib/test/auto/CompareDE.xml
3 ms. Memory: 474112K Free: 306904K (65%)
----------------- Invoking toplevel() on ptolemy.moml.MoMLSimpleApplication@239f28c6
----------------- Done invoking toplevel() on ptolemy.moml.MoMLSimpleApplication@239f28c6
reloadAllAccessors: .CompareDE

===========================================================================================
----------------- testing Tue Sep 10 05:42:31 UTC 2019 /home/travis/build/icyphy/ptII/ptolemy/actor/lib/test/auto/ComplexDivide.xml
----------------- Instantiating /home/travis/build/icyphy/ptII/ptolemy/actor/lib/test/auto/ComplexDivide.xml
2 ms. Memory: 474112K Free: 303336K (64%)
----------------- Invoking toplevel() on ptolemy.moml.MoMLSimpleApplication@3b7de566
----------------- Done invoking toplevel() on ptolemy.moml.MoMLSimpleApplication@3b7de566
reloadAllAccessors: .ComplexDivide

===========================================================================================
----------------- testing Tue Sep 10 05:42:31 UTC 2019 /home/travis/build/icyphy/ptII/ptolemy/actor/lib/test/auto/ComputeHistogram.xml
----------------- Instantiating /home/travis/build/icyphy/ptII/ptolemy/actor/lib/test/auto/ComputeHistogram.xml
25 ms. Memory: 474112K Free: 290534K (61%)
----------------- Invoking toplevel() on ptolemy.moml.MoMLSimpleApplication@4cf83885
----------------- Done invoking toplevel() on ptolemy.moml.MoMLSimpleApplication@4cf83885
reloadAllAccessors: .ComputeHistogram

===========================================================================================
----------------- testing Tue Sep 10 05:42:31 UTC 2019 /home/travis/build/icyphy/ptII/ptolemy/actor/lib/test/auto/ConfigurationSelect.xml
----------------- Instantiating /home/travis/build/icyphy/ptII/ptolemy/actor/lib/test/auto/ConfigurationSelect.xml
4 ms. Memory: 474112K Free: 285408K (60%)
----------------- Invoking toplevel() on ptolemy.moml.MoMLSimpleApplication@79cf6e45
----------------- Done invoking toplevel() on ptolemy.moml.MoMLSimpleApplication@79cf6e45
reloadAllAccessors: .ConfigurationSelect

===========================================================================================
----------------- testing Tue Sep 10 05:42:31 UTC 2019 /home/travis/build/icyphy/ptII/ptolemy/actor/lib/test/auto/ConfigurationSelect2.xml
----------------- Instantiating /home/travis/build/icyphy/ptII/ptolemy/actor/lib/test/auto/ConfigurationSelect2.xml
2 ms. Memory: 474112K Free: 280808K (59%)
----------------- Invoking toplevel() on ptolemy.moml.MoMLSimpleApplication@1be2f8a7
----------------- Done invoking toplevel() on ptolemy.moml.MoMLSimpleApplication@1be2f8a7
reloadAllAccessors: .ConfigurationSelect2

===========================================================================================
----------------- testing Tue Sep 10 05:42:31 UTC 2019 /home/travis/build/icyphy/ptII/ptolemy/actor/lib/test/auto/ConfigurationSwitch.xml
----------------- Instantiating /home/travis/build/icyphy/ptII/ptolemy/actor/lib/test/auto/ConfigurationSwitch.xml
3 ms. Memory: 474112K Free: 275174K (58%)
----------------- Invoking toplevel() on ptolemy.moml.MoMLSimpleApplication@50d07bd1
----------------- Done invoking toplevel() on ptolemy.moml.MoMLSimpleApplication@50d07bd1
reloadAllAccessors: .ConfigurationSwitch

===========================================================================================
----------------- testing Tue Sep 10 05:42:31 UTC 2019 /home/travis/build/icyphy/ptII/ptolemy/actor/lib/test/auto/ConfigurationSwitch2.xml
----------------- Instantiating /home/travis/build/icyphy/ptII/ptolemy/actor/lib/test/auto/ConfigurationSwitch2.xml
1 ms. Memory: 474112K Free: 270054K (57%)
----------------- Invoking toplevel() on ptolemy.moml.MoMLSimpleApplication@2113be16
----------------- Done invoking toplevel() on ptolemy.moml.MoMLSimpleApplication@2113be16
reloadAllAccessors: .ConfigurationSwitch2

===========================================================================================
----------------- testing Tue Sep 10 05:42:31 UTC 2019 /home/travis/build/icyphy/ptII/ptolemy/actor/lib/test/auto/ConfigurationSwitchCloningBugWithClassRelationGroup.xml
----------------- Instantiating /home/travis/build/icyphy/ptII/ptolemy/actor/lib/test/auto/ConfigurationSwitchCloningBugWithClassRelationGroup.xml
1 ms. Memory: 474112K Free: 263400K (56%)
----------------- Invoking toplevel() on ptolemy.moml.MoMLSimpleApplication@50acc5ac
----------------- Done invoking toplevel() on ptolemy.moml.MoMLSimpleApplication@50acc5ac
reloadAllAccessors: .ConfigurationSwitchCloningBugWithClassRelationGroup

===========================================================================================
----------------- testing Tue Sep 10 05:42:31 UTC 2019 /home/travis/build/icyphy/ptII/ptolemy/actor/lib/test/auto/ConfigurationSwitchSelectSDF.xml
----------------- Instantiating /home/travis/build/icyphy/ptII/ptolemy/actor/lib/test/auto/ConfigurationSwitchSelectSDF.xml
3 ms. Memory: 474112K Free: 257256K (54%)
----------------- Invoking toplevel() on ptolemy.moml.MoMLSimpleApplication@6b44bdab
----------------- Done invoking toplevel() on ptolemy.moml.MoMLSimpleApplication@6b44bdab
reloadAllAccessors: .ConfigurationSwitchSelectSDF

===========================================================================================
----------------- testing Tue Sep 10 05:42:31 UTC 2019 /home/travis/build/icyphy/ptII/ptolemy/actor/lib/test/auto/ConfigurationSwitchSelectSDF2.xml
----------------- Instantiating /home/travis/build/icyphy/ptII/ptolemy/actor/lib/test/auto/ConfigurationSwitchSelectSDF2.xml
2 ms. Memory: 474112K Free: 251622K (53%)
----------------- Invoking toplevel() on ptolemy.moml.MoMLSimpleApplication@1fcbb751
----------------- Done invoking toplevel() on ptolemy.moml.MoMLSimpleApplication@1fcbb751
reloadAllAccessors: .ConfigurationSwitchSelectSDF2

===========================================================================================
----------------- testing Tue Sep 10 05:42:31 UTC 2019 /home/travis/build/icyphy/ptII/ptolemy/actor/lib/test/auto/Const.xml
----------------- Instantiating /home/travis/build/icyphy/ptII/ptolemy/actor/lib/test/auto/Const.xml
1 ms. Memory: 474112K Free: 248040K (52%)
----------------- Invoking toplevel() on ptolemy.moml.MoMLSimpleApplication@233d3b54
----------------- Done invoking toplevel() on ptolemy.moml.MoMLSimpleApplication@233d3b54
reloadAllAccessors: .Const

===========================================================================================
----------------- testing Tue Sep 10 05:42:31 UTC 2019 /home/travis/build/icyphy/ptII/ptolemy/actor/lib/test/auto/Const2.xml
----------------- Instantiating /home/travis/build/icyphy/ptII/ptolemy/actor/lib/test/auto/Const2.xml
2 ms. Memory: 474112K Free: 243944K (51%)
----------------- Invoking toplevel() on ptolemy.moml.MoMLSimpleApplication@27861da4
----------------- Done invoking toplevel() on ptolemy.moml.MoMLSimpleApplication@27861da4
reloadAllAccessors: .Const2

===========================================================================================
----------------- testing Tue Sep 10 05:42:31 UTC 2019 /home/travis/build/icyphy/ptII/ptolemy/actor/lib/test/auto/Const3.xml
----------------- Instantiating /home/travis/build/icyphy/ptII/ptolemy/actor/lib/test/auto/Const3.xml
1 ms. Memory: 474112K Free: 241382K (51%)
----------------- Invoking toplevel() on ptolemy.moml.MoMLSimpleApplication@34d82313
----------------- Done invoking toplevel() on ptolemy.moml.MoMLSimpleApplication@34d82313
reloadAllAccessors: .Const3

===========================================================================================
----------------- testing Tue Sep 10 05:42:31 UTC 2019 /home/travis/build/icyphy/ptII/ptolemy/actor/lib/test/auto/ConstantPublisherPort1.xml
----------------- Instantiating /home/travis/build/icyphy/ptII/ptolemy/actor/lib/test/auto/ConstantPublisherPort1.xml
5 ms. Memory: 474112K Free: 232680K (49%)
----------------- Invoking toplevel() on ptolemy.moml.MoMLSimpleApplication@5a436028
----------------- Done invoking toplevel() on ptolemy.moml.MoMLSimpleApplication@5a436028
reloadAllAccessors: .ConstantPublisherPort1

===========================================================================================
----------------- testing Tue Sep 10 05:42:31 UTC 2019 /home/travis/build/icyphy/ptII/ptolemy/actor/lib/test/auto/ConstantPublisherPort2.xml
----------------- Instantiating /home/travis/build/icyphy/ptII/ptolemy/actor/lib/test/auto/ConstantPublisherPort2.xml
5 ms. Memory: 474112K Free: 225512K (48%)
----------------- Invoking toplevel() on ptolemy.moml.MoMLSimpleApplication@4b139460
----------------- Done invoking toplevel() on ptolemy.moml.MoMLSimpleApplication@4b139460
reloadAllAccessors: .ConstantPublisherPort2

===========================================================================================
----------------- testing Tue Sep 10 05:42:31 UTC 2019 /home/travis/build/icyphy/ptII/ptolemy/actor/lib/test/auto/ConstantPublisherPort3.xml
----------------- Instantiating /home/travis/build/icyphy/ptII/ptolemy/actor/lib/test/auto/ConstantPublisherPort3.xml
4 ms. Memory: 474112K Free: 217320K (46%)
----------------- Invoking toplevel() on ptolemy.moml.MoMLSimpleApplication@5a9d3c59
----------------- Done invoking toplevel() on ptolemy.moml.MoMLSimpleApplication@5a9d3c59
reloadAllAccessors: .ConstantPublisherPort3

===========================================================================================
----------------- testing Tue Sep 10 05:42:31 UTC 2019 /home/travis/build/icyphy/ptII/ptolemy/actor/lib/test/auto/ConstantPublisherPort4.xml
----------------- Instantiating /home/travis/build/icyphy/ptII/ptolemy/actor/lib/test/auto/ConstantPublisherPort4.xml
3 ms. Memory: 474112K Free: 210152K (44%)
----------------- Invoking toplevel() on ptolemy.moml.MoMLSimpleApplication@31b21612
----------------- Done invoking toplevel() on ptolemy.moml.MoMLSimpleApplication@31b21612
reloadAllAccessors: .ConstantPublisherPort4

===========================================================================================
----------------- testing Tue Sep 10 05:42:31 UTC 2019 /home/travis/build/icyphy/ptII/ptolemy/actor/lib/test/auto/ConstantPublisherPort5.xml
----------------- Instantiating /home/travis/build/icyphy/ptII/ptolemy/actor/lib/test/auto/ConstantPublisherPort5.xml
35 ms. Memory: 474112K Free: 200936K (42%)
----------------- Invoking toplevel() on ptolemy.moml.MoMLSimpleApplication@53cb874
----------------- Done invoking toplevel() on ptolemy.moml.MoMLSimpleApplication@53cb874
reloadAllAccessors: .ConstantPublisherPort5

===========================================================================================
----------------- testing Tue Sep 10 05:42:31 UTC 2019 /home/travis/build/icyphy/ptII/ptolemy/actor/lib/test/auto/ConstantPublisherPort6.xml
----------------- Instantiating /home/travis/build/icyphy/ptII/ptolemy/actor/lib/test/auto/ConstantPublisherPort6.xml
18 ms. Memory: 474112K Free: 191206K (40%)
----------------- Invoking toplevel() on ptolemy.moml.MoMLSimpleApplication@46948978
----------------- Done invoking toplevel() on ptolemy.moml.MoMLSimpleApplication@46948978
reloadAllAccessors: .ConstantPublisherPort6

===========================================================================================
----------------- testing Tue Sep 10 05:42:31 UTC 2019 /home/travis/build/icyphy/ptII/ptolemy/actor/lib/test/auto/ConstantPublisherPort7.xml
----------------- Instantiating /home/travis/build/icyphy/ptII/ptolemy/actor/lib/test/auto/ConstantPublisherPort7.xml
14 ms. Memory: 474112K Free: 181990K (38%)
----------------- Invoking toplevel() on ptolemy.moml.MoMLSimpleApplication@768cf913
----------------- Done invoking toplevel() on ptolemy.moml.MoMLSimpleApplication@768cf913
reloadAllAccessors: .ConstantPublisherPort7

===========================================================================================
----------------- testing Tue Sep 10 05:42:31 UTC 2019 /home/travis/build/icyphy/ptII/ptolemy/actor/lib/test/auto/ConstraintMonitor1.xml
----------------- Instantiating /home/travis/build/icyphy/ptII/ptolemy/actor/lib/test/auto/ConstraintMonitor1.xml
9 ms. Memory: 474112K Free: 177384K (37%)
----------------- Invoking toplevel() on ptolemy.moml.MoMLSimpleApplication@467d4360
----------------- Done invoking toplevel() on ptolemy.moml.MoMLSimpleApplication@467d4360
reloadAllAccessors: .ConstraintMonitor1

===========================================================================================
----------------- testing Tue Sep 10 05:42:31 UTC 2019 /home/travis/build/icyphy/ptII/ptolemy/actor/lib/test/auto/ConstraintMonitor2.xml
----------------- Instantiating /home/travis/build/icyphy/ptII/ptolemy/actor/lib/test/auto/ConstraintMonitor2.xml
1 ms. Memory: 474112K Free: 172774K (36%)
----------------- Invoking toplevel() on ptolemy.moml.MoMLSimpleApplication@607f2d44
----------------- Done invoking toplevel() on ptolemy.moml.MoMLSimpleApplication@607f2d44
reloadAllAccessors: .ConstraintMonitor2

===========================================================================================
----------------- testing Tue Sep 10 05:42:31 UTC 2019 /home/travis/build/icyphy/ptII/ptolemy/actor/lib/test/auto/ConstraintMonitor3.xml
----------------- Instantiating /home/travis/build/icyphy/ptII/ptolemy/actor/lib/test/auto/ConstraintMonitor3.xml
2 ms. Memory: 474112K Free: 168168K (35%)
----------------- Invoking toplevel() on ptolemy.moml.MoMLSimpleApplication@55386074
----------------- Done invoking toplevel() on ptolemy.moml.MoMLSimpleApplication@55386074
reloadAllAccessors: .ConstraintMonitor3

===========================================================================================
----------------- testing Tue Sep 10 05:42:31 UTC 2019 /home/travis/build/icyphy/ptII/ptolemy/actor/lib/test/auto/ConstraintMonitor4.xml
----------------- Instantiating /home/travis/build/icyphy/ptII/ptolemy/actor/lib/test/auto/ConstraintMonitor4.xml
1 ms. Memory: 474112K Free: 163558K (34%)
----------------- Invoking toplevel() on ptolemy.moml.MoMLSimpleApplication@7f51faa9
----------------- Done invoking toplevel() on ptolemy.moml.MoMLSimpleApplication@7f51faa9
reloadAllAccessors: .ConstraintMonitor4

===========================================================================================
----------------- testing Tue Sep 10 05:42:31 UTC 2019 /home/travis/build/icyphy/ptII/ptolemy/actor/lib/test/auto/ConstraintMonitor5.xml
----------------- Instantiating /home/travis/build/icyphy/ptII/ptolemy/actor/lib/test/auto/ConstraintMonitor5.xml
4 ms. Memory: 474112K Free: 157928K (33%)
----------------- Invoking toplevel() on ptolemy.moml.MoMLSimpleApplication@e742f0
----------------- Done invoking toplevel() on ptolemy.moml.MoMLSimpleApplication@e742f0
reloadAllAccessors: .ConstraintMonitor5

===========================================================================================
----------------- testing Tue Sep 10 05:42:31 UTC 2019 /home/travis/build/icyphy/ptII/ptolemy/actor/lib/test/auto/ConstraintMonitor6.xml
----------------- Instantiating /home/travis/build/icyphy/ptII/ptolemy/actor/lib/test/auto/ConstraintMonitor6.xml
2 ms. Memory: 474112K Free: 151784K (32%)
----------------- Invoking toplevel() on ptolemy.moml.MoMLSimpleApplication@14ef6c65
----------------- Done invoking toplevel() on ptolemy.moml.MoMLSimpleApplication@14ef6c65
reloadAllAccessors: .ConstraintMonitor6

===========================================================================================
----------------- testing Tue Sep 10 05:42:31 UTC 2019 /home/travis/build/icyphy/ptII/ptolemy/actor/lib/test/auto/ConstraintMonitor7.xml
----------------- Instantiating /home/travis/build/icyphy/ptII/ptolemy/actor/lib/test/auto/ConstraintMonitor7.xml
12 ms. Memory: 474112K Free: 426033K (90%)
----------------- Invoking toplevel() on ptolemy.moml.MoMLSimpleApplication@68860fc2
----------------- Done invoking toplevel() on ptolemy.moml.MoMLSimpleApplication@68860fc2
reloadAllAccessors: .ConstraintMonitor7

===========================================================================================
----------------- testing Tue Sep 10 05:42:31 UTC 2019 /home/travis/build/icyphy/ptII/ptolemy/actor/lib/test/auto/ConstraintMonitor8.xml
----------------- Instantiating /home/travis/build/icyphy/ptII/ptolemy/actor/lib/test/auto/ConstraintMonitor8.xml
10 ms. Memory: 474112K Free: 417841K (88%)
----------------- Invoking toplevel() on ptolemy.moml.MoMLSimpleApplication@1a657e36
----------------- Done invoking toplevel() on ptolemy.moml.MoMLSimpleApplication@1a657e36
reloadAllAccessors: .ConstraintMonitor8

===========================================================================================
----------------- testing Tue Sep 10 05:42:31 UTC 2019 /home/travis/build/icyphy/ptII/ptolemy/actor/lib/test/auto/Counter.xml
----------------- Instantiating /home/travis/build/icyphy/ptII/ptolemy/actor/lib/test/auto/Counter.xml
2 ms. Memory: 474112K Free: 413231K (87%)
----------------- Invoking toplevel() on ptolemy.moml.MoMLSimpleApplication@2fd88637
----------------- Done invoking toplevel() on ptolemy.moml.MoMLSimpleApplication@2fd88637
reloadAllAccessors: .Counter

===========================================================================================
----------------- testing Tue Sep 10 05:42:31 UTC 2019 /home/travis/build/icyphy/ptII/ptolemy/actor/lib/test/auto/CurrentTimeSDF.xml
----------------- Instantiating /home/travis/build/icyphy/ptII/ptolemy/actor/lib/test/auto/CurrentTimeSDF.xml
1 ms. Memory: 474112K Free: 409135K (86%)
----------------- Invoking toplevel() on ptolemy.moml.MoMLSimpleApplication@1ff75301
----------------- Done invoking toplevel() on ptolemy.moml.MoMLSimpleApplication@1ff75301
reloadAllAccessors: .CurrentTimeSDF

===========================================================================================
----------------- testing Tue Sep 10 05:42:31 UTC 2019 /home/travis/build/icyphy/ptII/ptolemy/actor/lib/test/auto/DB.xml
----------------- Instantiating /home/travis/build/icyphy/ptII/ptolemy/actor/lib/test/auto/DB.xml
2 ms. Memory: 474112K Free: 404015K (85%)
----------------- Invoking toplevel() on ptolemy.moml.MoMLSimpleApplication@2f0d25a5
----------------- Done invoking toplevel() on ptolemy.moml.MoMLSimpleApplication@2f0d25a5
reloadAllAccessors: .DB

===========================================================================================
----------------- testing Tue Sep 10 05:42:31 UTC 2019 /home/travis/build/icyphy/ptII/ptolemy/actor/lib/test/auto/DBDE.xml
----------------- Instantiating /home/travis/build/icyphy/ptII/ptolemy/actor/lib/test/auto/DBDE.xml
3 ms. Memory: 474112K Free: 397865K (84%)
----------------- Invoking toplevel() on ptolemy.moml.MoMLSimpleApplication@52f8d199
----------------- Done invoking toplevel() on ptolemy.moml.MoMLSimpleApplication@52f8d199
reloadAllAccessors: .DBDE

===========================================================================================
----------------- testing Tue Sep 10 05:42:31 UTC 2019 /home/travis/build/icyphy/ptII/ptolemy/actor/lib/test/auto/DateConstructor.xml
----------------- Instantiating /home/travis/build/icyphy/ptII/ptolemy/actor/lib/test/auto/DateConstructor.xml
37 ms. Memory: 474112K Free: 380463K (80%)
----------------- Invoking toplevel() on ptolemy.moml.MoMLSimpleApplication@582b718b
----------------- Done invoking toplevel() on ptolemy.moml.MoMLSimpleApplication@582b718b
reloadAllAccessors: .DateConstructor

===========================================================================================
----------------- testing Tue Sep 10 05:42:31 UTC 2019 /home/travis/build/icyphy/ptII/ptolemy/actor/lib/test/auto/DelayTime.xml
----------------- Instantiating /home/travis/build/icyphy/ptII/ptolemy/actor/lib/test/auto/DelayTime.xml
6 ms. Memory: 474112K Free: 375343K (79%)
----------------- Invoking toplevel() on ptolemy.moml.MoMLSimpleApplication@61343827
----------------- Done invoking toplevel() on ptolemy.moml.MoMLSimpleApplication@61343827
reloadAllAccessors: .DelayTime

===========================================================================================
----------------- testing Tue Sep 10 05:42:31 UTC 2019 /home/travis/build/icyphy/ptII/ptolemy/actor/lib/test/auto/Dictionary1.xml
----------------- Instantiating /home/travis/build/icyphy/ptII/ptolemy/actor/lib/test/auto/Dictionary1.xml
2 ms. Memory: 474112K Free: 369713K (78%)
----------------- Invoking toplevel() on ptolemy.moml.MoMLSimpleApplication@6bf04aa8
----------------- Done invoking toplevel() on ptolemy.moml.MoMLSimpleApplication@6bf04aa8
reloadAllAccessors: .Dictionary1

===========================================================================================
----------------- testing Tue Sep 10 05:42:31 UTC 2019 /home/travis/build/icyphy/ptII/ptolemy/actor/lib/test/auto/Dictionary2.xml
----------------- Instantiating /home/travis/build/icyphy/ptII/ptolemy/actor/lib/test/auto/Dictionary2.xml
4 ms. Memory: 474112K Free: 364593K (77%)
----------------- Invoking toplevel() on ptolemy.moml.MoMLSimpleApplication@2d7ee722
----------------- Done invoking toplevel() on ptolemy.moml.MoMLSimpleApplication@2d7ee722
reloadAllAccessors: .Dictionary2

===========================================================================================
----------------- testing Tue Sep 10 05:42:31 UTC 2019 /home/travis/build/icyphy/ptII/ptolemy/actor/lib/test/auto/Dictionary3.xml
----------------- Instantiating /home/travis/build/icyphy/ptII/ptolemy/actor/lib/test/auto/Dictionary3.xml
1 ms. Memory: 474112K Free: 358959K (76%)
----------------- Invoking toplevel() on ptolemy.moml.MoMLSimpleApplication@79121788
----------------- Done invoking toplevel() on ptolemy.moml.MoMLSimpleApplication@79121788
reloadAllAccessors: .Dictionary3

===========================================================================================
----------------- testing Tue Sep 10 05:42:31 UTC 2019 /home/travis/build/icyphy/ptII/ptolemy/actor/lib/test/auto/Dictionary4.xml
----------------- Instantiating /home/travis/build/icyphy/ptII/ptolemy/actor/lib/test/auto/Dictionary4.xml
4 ms. Memory: 474112K Free: 351791K (74%)
----------------- Invoking toplevel() on ptolemy.moml.MoMLSimpleApplication@17db73be
----------------- Done invoking toplevel() on ptolemy.moml.MoMLSimpleApplication@17db73be
reloadAllAccessors: .Dictionary4

===========================================================================================
----------------- testing Tue Sep 10 05:42:31 UTC 2019 /home/travis/build/icyphy/ptII/ptolemy/actor/lib/test/auto/Differential.xml
----------------- Instantiating /home/travis/build/icyphy/ptII/ptolemy/actor/lib/test/auto/Differential.xml
3 ms. Memory: 474112K Free: 347185K (73%)
----------------- Invoking toplevel() on ptolemy.moml.MoMLSimpleApplication@603efe1
----------------- Done invoking toplevel() on ptolemy.moml.MoMLSimpleApplication@603efe1
reloadAllAccessors: .Differential

===========================================================================================
----------------- testing Tue Sep 10 05:42:32 UTC 2019 /home/travis/build/icyphy/ptII/ptolemy/actor/lib/test/auto/Director.xml
----------------- Instantiating /home/travis/build/icyphy/ptII/ptolemy/actor/lib/test/auto/Director.xml
3 ms. Memory: 474112K Free: 344113K (73%)
----------------- Invoking toplevel() on ptolemy.moml.MoMLSimpleApplication@24689c06
----------------- Done invoking toplevel() on ptolemy.moml.MoMLSimpleApplication@24689c06
reloadAllAccessors: .Director

===========================================================================================
----------------- testing Tue Sep 10 05:42:32 UTC 2019 /home/travis/build/icyphy/ptII/ptolemy/actor/lib/test/auto/DiscreteClock.xml
----------------- Instantiating /home/travis/build/icyphy/ptII/ptolemy/actor/lib/test/auto/DiscreteClock.xml
2 ms. Memory: 474112K Free: 340017K (72%)
----------------- Invoking toplevel() on ptolemy.moml.MoMLSimpleApplication@6827e1bf
----------------- Done invoking toplevel() on ptolemy.moml.MoMLSimpleApplication@6827e1bf
reloadAllAccessors: .DiscreteClock

===========================================================================================
----------------- testing Tue Sep 10 05:42:32 UTC 2019 /home/travis/build/icyphy/ptII/ptolemy/actor/lib/test/auto/DiscreteClock10.xml
----------------- Instantiating /home/travis/build/icyphy/ptII/ptolemy/actor/lib/test/auto/DiscreteClock10.xml
2 ms. Memory: 474112K Free: 333873K (70%)
----------------- Invoking toplevel() on ptolemy.moml.MoMLSimpleApplication@60347822
----------------- Done invoking toplevel() on ptolemy.moml.MoMLSimpleApplication@60347822
reloadAllAccessors: .DiscreteClock10

===========================================================================================
----------------- testing Tue Sep 10 05:42:32 UTC 2019 /home/travis/build/icyphy/ptII/ptolemy/actor/lib/test/auto/DiscreteClock11.xml
----------------- Instantiating /home/travis/build/icyphy/ptII/ptolemy/actor/lib/test/auto/DiscreteClock11.xml
2 ms. Memory: 474112K Free: 328239K (69%)
----------------- Invoking toplevel() on ptolemy.moml.MoMLSimpleApplication@335eb916
----------------- Done invoking toplevel() on ptolemy.moml.MoMLSimpleApplication@335eb916
reloadAllAccessors: .DiscreteClock11

===========================================================================================
----------------- testing Tue Sep 10 05:42:32 UTC 2019 /home/travis/build/icyphy/ptII/ptolemy/actor/lib/test/auto/DiscreteClock12.xml
----------------- Instantiating /home/travis/build/icyphy/ptII/ptolemy/actor/lib/test/auto/DiscreteClock12.xml
2 ms. Memory: 474112K Free: 322095K (68%)
----------------- Invoking toplevel() on ptolemy.moml.MoMLSimpleApplication@3efc2901
----------------- Done invoking toplevel() on ptolemy.moml.MoMLSimpleApplication@3efc2901
reloadAllAccessors: .DiscreteClock12

===========================================================================================
----------------- testing Tue Sep 10 05:42:32 UTC 2019 /home/travis/build/icyphy/ptII/ptolemy/actor/lib/test/auto/DiscreteClock13.xml
----------------- Instantiating /home/travis/build/icyphy/ptII/ptolemy/actor/lib/test/auto/DiscreteClock13.xml
6 ms. Memory: 474112K Free: 315921K (67%)
----------------- Invoking toplevel() on ptolemy.moml.MoMLSimpleApplication@63b6733a
----------------- Done invoking toplevel() on ptolemy.moml.MoMLSimpleApplication@63b6733a
reloadAllAccessors: .DiscreteClock13

===========================================================================================
----------------- testing Tue Sep 10 05:42:32 UTC 2019 /home/travis/build/icyphy/ptII/ptolemy/actor/lib/test/auto/DiscreteClock14.xml
----------------- Instantiating /home/travis/build/icyphy/ptII/ptolemy/actor/lib/test/auto/DiscreteClock14.xml
5 ms. Memory: 474112K Free: 309777K (65%)
----------------- Invoking toplevel() on ptolemy.moml.MoMLSimpleApplication@5529d6fb
----------------- Done invoking toplevel() on ptolemy.moml.MoMLSimpleApplication@5529d6fb
reloadAllAccessors: .DiscreteClock14

===========================================================================================
----------------- testing Tue Sep 10 05:42:32 UTC 2019 /home/travis/build/icyphy/ptII/ptolemy/actor/lib/test/auto/DiscreteClock15.xml
----------------- Instantiating /home/travis/build/icyphy/ptII/ptolemy/actor/lib/test/auto/DiscreteClock15.xml
4 ms. Memory: 474112K Free: 304177K (64%)
----------------- Invoking toplevel() on ptolemy.moml.MoMLSimpleApplication@47ed64f9
----------------- Done invoking toplevel() on ptolemy.moml.MoMLSimpleApplication@47ed64f9
reloadAllAccessors: .DiscreteClock15

===========================================================================================
----------------- testing Tue Sep 10 05:42:32 UTC 2019 /home/travis/build/icyphy/ptII/ptolemy/actor/lib/test/auto/DiscreteClock16.xml
----------------- Instantiating /home/travis/build/icyphy/ptII/ptolemy/actor/lib/test/auto/DiscreteClock16.xml
15 ms. Memory: 474112K Free: 290337K (61%)
----------------- Invoking toplevel() on ptolemy.moml.MoMLSimpleApplication@7d86fbb2
----------------- Done invoking toplevel() on ptolemy.moml.MoMLSimpleApplication@7d86fbb2
reloadAllAccessors: .DiscreteClock16

===========================================================================================
----------------- testing Tue Sep 10 05:42:32 UTC 2019 /home/travis/build/icyphy/ptII/ptolemy/actor/lib/test/auto/DiscreteClock17.xml
----------------- Instantiating /home/travis/build/icyphy/ptII/ptolemy/actor/lib/test/auto/DiscreteClock17.xml
14 ms. Memory: 474112K Free: 276009K (58%)
----------------- Invoking toplevel() on ptolemy.moml.MoMLSimpleApplication@1a1856d3
----------------- Done invoking toplevel() on ptolemy.moml.MoMLSimpleApplication@1a1856d3
reloadAllAccessors: .DiscreteClock17

===========================================================================================
----------------- testing Tue Sep 10 05:42:32 UTC 2019 /home/travis/build/icyphy/ptII/ptolemy/actor/lib/test/auto/DiscreteClock18.xml
----------------- Instantiating /home/travis/build/icyphy/ptII/ptolemy/actor/lib/test/auto/DiscreteClock18.xml
22 ms. Memory: 474112K Free: 261679K (55%)
----------------- Invoking toplevel() on ptolemy.moml.MoMLSimpleApplication@50990e9a
----------------- Done invoking toplevel() on ptolemy.moml.MoMLSimpleApplication@50990e9a
reloadAllAccessors: .DiscreteClock18

===========================================================================================
----------------- testing Tue Sep 10 05:42:32 UTC 2019 /home/travis/build/icyphy/ptII/ptolemy/actor/lib/test/auto/DiscreteClock19.xml
----------------- Instantiating /home/travis/build/icyphy/ptII/ptolemy/actor/lib/test/auto/DiscreteClock19.xml
17 ms. Memory: 474112K Free: 248367K (52%)
----------------- Invoking toplevel() on ptolemy.moml.MoMLSimpleApplication@54e1cd06
----------------- Done invoking toplevel() on ptolemy.moml.MoMLSimpleApplication@54e1cd06
reloadAllAccessors: .DiscreteClock19

===========================================================================================
----------------- testing Tue Sep 10 05:42:32 UTC 2019 /home/travis/build/icyphy/ptII/ptolemy/actor/lib/test/auto/DiscreteClock2.xml
----------------- Instantiating /home/travis/build/icyphy/ptII/ptolemy/actor/lib/test/auto/DiscreteClock2.xml
2 ms. Memory: 474112K Free: 243241K (51%)
----------------- Invoking toplevel() on ptolemy.moml.MoMLSimpleApplication@4e2717e6
----------------- Done invoking toplevel() on ptolemy.moml.MoMLSimpleApplication@4e2717e6
reloadAllAccessors: .DiscreteClock2

===========================================================================================
----------------- testing Tue Sep 10 05:42:32 UTC 2019 /home/travis/build/icyphy/ptII/ptolemy/actor/lib/test/auto/DiscreteClock20.xml
----------------- Instantiating /home/travis/build/icyphy/ptII/ptolemy/actor/lib/test/auto/DiscreteClock20.xml
12 ms. Memory: 474112K Free: 237615K (50%)
----------------- Invoking toplevel() on ptolemy.moml.MoMLSimpleApplication@6407369d
----------------- Done invoking toplevel() on ptolemy.moml.MoMLSimpleApplication@6407369d
reloadAllAccessors: .DiscreteClock20

===========================================================================================
----------------- testing Tue Sep 10 05:42:32 UTC 2019 /home/travis/build/icyphy/ptII/ptolemy/actor/lib/test/auto/DiscreteClock21.xml
----------------- Instantiating /home/travis/build/icyphy/ptII/ptolemy/actor/lib/test/auto/DiscreteClock21.xml
5 ms. Memory: 474112K Free: 231983K (49%)
----------------- Invoking toplevel() on ptolemy.moml.MoMLSimpleApplication@4588ff53
----------------- Done invoking toplevel() on ptolemy.moml.MoMLSimpleApplication@4588ff53
reloadAllAccessors: .DiscreteClock21

===========================================================================================
----------------- testing Tue Sep 10 05:42:32 UTC 2019 /home/travis/build/icyphy/ptII/ptolemy/actor/lib/test/auto/DiscreteClock22.xml
----------------- Instantiating /home/travis/build/icyphy/ptII/ptolemy/actor/lib/test/auto/DiscreteClock22.xml
2 ms. Memory: 474112K Free: 226863K (48%)
----------------- Invoking toplevel() on ptolemy.moml.MoMLSimpleApplication@7e131312
----------------- Done invoking toplevel() on ptolemy.moml.MoMLSimpleApplication@7e131312
reloadAllAccessors: .DiscreteClock22

===========================================================================================
----------------- testing Tue Sep 10 05:42:32 UTC 2019 /home/travis/build/icyphy/ptII/ptolemy/actor/lib/test/auto/DiscreteClock23.xml
----------------- Instantiating /home/travis/build/icyphy/ptII/ptolemy/actor/lib/test/auto/DiscreteClock23.xml
13 ms. Memory: 474112K Free: 221233K (47%)
----------------- Invoking toplevel() on ptolemy.moml.MoMLSimpleApplication@fe27e81
----------------- Done invoking toplevel() on ptolemy.moml.MoMLSimpleApplication@fe27e81
reloadAllAccessors: .DiscreteClock23

===========================================================================================
----------------- testing Tue Sep 10 05:42:32 UTC 2019 /home/travis/build/icyphy/ptII/ptolemy/actor/lib/test/auto/DiscreteClock24.xml
----------------- Instantiating /home/travis/build/icyphy/ptII/ptolemy/actor/lib/test/auto/DiscreteClock24.xml
4 ms. Memory: 474112K Free: 215599K (45%)
----------------- Invoking toplevel() on ptolemy.moml.MoMLSimpleApplication@d7eea3c
----------------- Done invoking toplevel() on ptolemy.moml.MoMLSimpleApplication@d7eea3c
reloadAllAccessors: .DiscreteClock24

===========================================================================================
----------------- testing Tue Sep 10 05:42:32 UTC 2019 /home/travis/build/icyphy/ptII/ptolemy/actor/lib/test/auto/DiscreteClock4.xml
----------------- Instantiating /home/travis/build/icyphy/ptII/ptolemy/actor/lib/test/auto/DiscreteClock4.xml
5 ms. Memory: 474112K Free: 209969K (44%)
----------------- Invoking toplevel() on ptolemy.moml.MoMLSimpleApplication@1a660411
----------------- Done invoking toplevel() on ptolemy.moml.MoMLSimpleApplication@1a660411
reloadAllAccessors: .DiscreteClock4

===========================================================================================
----------------- testing Tue Sep 10 05:42:32 UTC 2019 /home/travis/build/icyphy/ptII/ptolemy/actor/lib/test/auto/DiscreteClock5.xml
----------------- Instantiating /home/travis/build/icyphy/ptII/ptolemy/actor/lib/test/auto/DiscreteClock5.xml
1 ms. Memory: 474112K Free: 204329K (43%)
----------------- Invoking toplevel() on ptolemy.moml.MoMLSimpleApplication@25db7e10
----------------- Done invoking toplevel() on ptolemy.moml.MoMLSimpleApplication@25db7e10
reloadAllAccessors: .DiscreteClock5

===========================================================================================
----------------- testing Tue Sep 10 05:42:32 UTC 2019 /home/travis/build/icyphy/ptII/ptolemy/actor/lib/test/auto/DiscreteClock6.xml
----------------- Instantiating /home/travis/build/icyphy/ptII/ptolemy/actor/lib/test/auto/DiscreteClock6.xml
1 ms. Memory: 474112K Free: 200753K (42%)
----------------- Invoking toplevel() on ptolemy.moml.MoMLSimpleApplication@3fad76b6
----------------- Done invoking toplevel() on ptolemy.moml.MoMLSimpleApplication@3fad76b6
reloadAllAccessors: .DiscreteClock6

===========================================================================================
----------------- testing Tue Sep 10 05:42:32 UTC 2019 /home/travis/build/icyphy/ptII/ptolemy/actor/lib/test/auto/DiscreteClock7.xml
----------------- Instantiating /home/travis/build/icyphy/ptII/ptolemy/actor/lib/test/auto/DiscreteClock7.xml
1 ms. Memory: 474112K Free: 196143K (41%)
----------------- Invoking toplevel() on ptolemy.moml.MoMLSimpleApplication@64089f02
----------------- Done invoking toplevel() on ptolemy.moml.MoMLSimpleApplication@64089f02
reloadAllAccessors: .DiscreteClock7

===========================================================================================
----------------- testing Tue Sep 10 05:42:32 UTC 2019 /home/travis/build/icyphy/ptII/ptolemy/actor/lib/test/auto/DiscreteClock8.xml
----------------- Instantiating /home/travis/build/icyphy/ptII/ptolemy/actor/lib/test/auto/DiscreteClock8.xml
5 ms. Memory: 474112K Free: 190513K (40%)
----------------- Invoking toplevel() on ptolemy.moml.MoMLSimpleApplication@3aa67b09
----------------- Done invoking toplevel() on ptolemy.moml.MoMLSimpleApplication@3aa67b09
reloadAllAccessors: .DiscreteClock8

===========================================================================================
----------------- testing Tue Sep 10 05:42:32 UTC 2019 /home/travis/build/icyphy/ptII/ptolemy/actor/lib/test/auto/DiscreteClock9.xml
----------------- Instantiating /home/travis/build/icyphy/ptII/ptolemy/actor/lib/test/auto/DiscreteClock9.xml
5 ms. Memory: 474112K Free: 184369K (39%)
----------------- Invoking toplevel() on ptolemy.moml.MoMLSimpleApplication@44627f8c
----------------- Done invoking toplevel() on ptolemy.moml.MoMLSimpleApplication@44627f8c
reloadAllAccessors: .DiscreteClock9

===========================================================================================
----------------- testing Tue Sep 10 05:42:32 UTC 2019 /home/travis/build/icyphy/ptII/ptolemy/actor/lib/test/auto/DisplayArray.xml
----------------- Instantiating /home/travis/build/icyphy/ptII/ptolemy/actor/lib/test/auto/DisplayArray.xml
3 ms. Memory: 474112K Free: 181297K (38%)
----------------- Invoking toplevel() on ptolemy.moml.MoMLSimpleApplication@209c995b
----------------- Done invoking toplevel() on ptolemy.moml.MoMLSimpleApplication@209c995b
reloadAllAccessors: .DisplayArray

===========================================================================================
----------------- testing Tue Sep 10 05:42:32 UTC 2019 /home/travis/build/icyphy/ptII/ptolemy/actor/lib/test/auto/Distributor.xml
----------------- Instantiating /home/travis/build/icyphy/ptII/ptolemy/actor/lib/test/auto/Distributor.xml
2 ms. Memory: 474112K Free: 176687K (37%)
----------------- Invoking toplevel() on ptolemy.moml.MoMLSimpleApplication@5e11cf5
----------------- Done invoking toplevel() on ptolemy.moml.MoMLSimpleApplication@5e11cf5
reloadAllAccessors: .Distributor

===========================================================================================
----------------- testing Tue Sep 10 05:42:32 UTC 2019 /home/travis/build/icyphy/ptII/ptolemy/actor/lib/test/auto/Distributor2.xml
----------------- Instantiating /home/travis/build/icyphy/ptII/ptolemy/actor/lib/test/auto/Distributor2.xml
2 ms. Memory: 474112K Free: 171057K (36%)
----------------- Invoking toplevel() on ptolemy.moml.MoMLSimpleApplication@77bb5a6a
----------------- Done invoking toplevel() on ptolemy.moml.MoMLSimpleApplication@77bb5a6a
reloadAllAccessors: .Distributor2

===========================================================================================
----------------- testing Tue Sep 10 05:42:32 UTC 2019 /home/travis/build/icyphy/ptII/ptolemy/actor/lib/test/auto/DownSample.xml
----------------- Instantiating /home/travis/build/icyphy/ptII/ptolemy/actor/lib/test/auto/DownSample.xml
1 ms. Memory: 474112K Free: 166447K (35%)
----------------- Invoking toplevel() on ptolemy.moml.MoMLSimpleApplication@5242be27
----------------- Done invoking toplevel() on ptolemy.moml.MoMLSimpleApplication@5242be27
reloadAllAccessors: .DownSample

===========================================================================================
----------------- testing Tue Sep 10 05:42:32 UTC 2019 /home/travis/build/icyphy/ptII/ptolemy/actor/lib/test/auto/ElectronicUnitBase1.xml
----------------- Instantiating /home/travis/build/icyphy/ptII/ptolemy/actor/lib/test/auto/ElectronicUnitBase1.xml
18 ms. Memory: 474112K Free: 150063K (32%)
----------------- Invoking toplevel() on ptolemy.moml.MoMLSimpleApplication@549c6322
----------------- Done invoking toplevel() on ptolemy.moml.MoMLSimpleApplication@549c6322
reloadAllAccessors: .ElectronicUnitBase1

===========================================================================================
----------------- testing Tue Sep 10 05:42:32 UTC 2019 /home/travis/build/icyphy/ptII/ptolemy/actor/lib/test/auto/ElementsToArray.xml
----------------- Instantiating /home/travis/build/icyphy/ptII/ptolemy/actor/lib/test/auto/ElementsToArray.xml
13 ms. Memory: 474112K Free: 425228K (90%)
----------------- Invoking toplevel() on ptolemy.moml.MoMLSimpleApplication@54648189
----------------- Done invoking toplevel() on ptolemy.moml.MoMLSimpleApplication@54648189
reloadAllAccessors: .ElementsToArray

===========================================================================================
----------------- testing Tue Sep 10 05:42:32 UTC 2019 /home/travis/build/icyphy/ptII/ptolemy/actor/lib/test/auto/Equals.xml
----------------- Instantiating /home/travis/build/icyphy/ptII/ptolemy/actor/lib/test/auto/Equals.xml
3 ms. Memory: 474112K Free: 420106K (89%)
----------------- Invoking toplevel() on ptolemy.moml.MoMLSimpleApplication@658adbce
----------------- Done invoking toplevel() on ptolemy.moml.MoMLSimpleApplication@658adbce
reloadAllAccessors: .Equals

===========================================================================================
----------------- testing Tue Sep 10 05:42:32 UTC 2019 /home/travis/build/icyphy/ptII/ptolemy/actor/lib/test/auto/Exec.xml
----------------- Instantiating /home/travis/build/icyphy/ptII/ptolemy/actor/lib/test/auto/Exec.xml
22 ms. Memory: 474112K Free: 413962K (87%)
----------------- Invoking toplevel() on ptolemy.moml.MoMLSimpleApplication@67aacdd2
----------------- Done invoking toplevel() on ptolemy.moml.MoMLSimpleApplication@67aacdd2
reloadAllAccessors: .Exec

===========================================================================================
----------------- testing Tue Sep 10 05:42:32 UTC 2019 /home/travis/build/icyphy/ptII/ptolemy/actor/lib/test/auto/ExecEnvironment.xml
----------------- Instantiating /home/travis/build/icyphy/ptII/ptolemy/actor/lib/test/auto/ExecEnvironment.xml
38 ms. Memory: 474112K Free: 409338K (86%)
----------------- Invoking toplevel() on ptolemy.moml.MoMLSimpleApplication@2f5035da
----------------- Done invoking toplevel() on ptolemy.moml.MoMLSimpleApplication@2f5035da
reloadAllAccessors: .ExecEnvironment

===========================================================================================
----------------- testing Tue Sep 10 05:42:32 UTC 2019 /home/travis/build/icyphy/ptII/ptolemy/actor/lib/test/auto/ExecNonZeroReturnOutput.xml
----------------- Instantiating /home/travis/build/icyphy/ptII/ptolemy/actor/lib/test/auto/ExecNonZeroReturnOutput.xml
194 ms. Memory: 474112K Free: 398088K (84%)
----------------- Invoking toplevel() on ptolemy.moml.MoMLSimpleApplication@2e06314a
----------------- Done invoking toplevel() on ptolemy.moml.MoMLSimpleApplication@2e06314a
reloadAllAccessors: .ExecNonZeroReturnOutput

===========================================================================================
----------------- testing Tue Sep 10 05:42:33 UTC 2019 /home/travis/build/icyphy/ptII/ptolemy/actor/lib/test/auto/ExecRunDemos.xml
----------------- Instantiating /home/travis/build/icyphy/ptII/ptolemy/actor/lib/test/auto/ExecRunDemos.xml
Finished: 125 ms. Memory: 120832K Free: 104494K (86%)

Finished: 94 ms. Memory: 120832K Free: 110642K (92%)

Finished: 92 ms. Memory: 120832K Free: 110993K (92%)

Finished: 93 ms. Memory: 120832K Free: 103482K (86%)

Finished: 76 ms. Memory: 120832K Free: 104023K (86%)

11180 ms. Memory: 474112K Free: 377096K (80%)
----------------- Invoking toplevel() on ptolemy.moml.MoMLSimpleApplication@5237b0a7
----------------- Done invoking toplevel() on ptolemy.moml.MoMLSimpleApplication@5237b0a7
reloadAllAccessors: .ExecRunDemos

===========================================================================================
----------------- testing Tue Sep 10 05:42:44 UTC 2019 /home/travis/build/icyphy/ptII/ptolemy/actor/lib/test/auto/ExecStop.xml
----------------- Instantiating /home/travis/build/icyphy/ptII/ptolemy/actor/lib/test/auto/ExecStop.xml
5017 ms. Memory: 474112K Free: 283400K (60%)
----------------- Invoking toplevel() on ptolemy.moml.MoMLSimpleApplication@f854c8f
----------------- Done invoking toplevel() on ptolemy.moml.MoMLSimpleApplication@f854c8f
reloadAllAccessors: .ExecStop

===========================================================================================
----------------- testing Tue Sep 10 05:42:49 UTC 2019 /home/travis/build/icyphy/ptII/ptolemy/actor/lib/test/auto/ExecutionTimeSDF.xml
----------------- Instantiating /home/travis/build/icyphy/ptII/ptolemy/actor/lib/test/auto/ExecutionTimeSDF.xml
Fired ExecutionTime: -1818167296
Fired ExecutionTime: 1068000000
Fired ExecutionTime: -1641767296
6009 ms. Memory: 474112K Free: 271098K (57%)
----------------- Invoking toplevel() on ptolemy.moml.MoMLSimpleApplication@125d1746
----------------- Done invoking toplevel() on ptolemy.moml.MoMLSimpleApplication@125d1746
reloadAllAccessors: .ExecutionTimeSDF

===========================================================================================
----------------- testing Tue Sep 10 05:42:55 UTC 2019 /home/travis/build/icyphy/ptII/ptolemy/actor/lib/test/auto/Expression1.xml
----------------- Instantiating /home/travis/build/icyphy/ptII/ptolemy/actor/lib/test/auto/Expression1.xml
6 ms. Memory: 474112K Free: 268040K (57%)
----------------- Invoking toplevel() on ptolemy.moml.MoMLSimpleApplication@138d9934
----------------- Done invoking toplevel() on ptolemy.moml.MoMLSimpleApplication@138d9934
reloadAllAccessors: .Expression1

===========================================================================================
----------------- testing Tue Sep 10 05:42:55 UTC 2019 /home/travis/build/icyphy/ptII/ptolemy/actor/lib/test/auto/Expression10.xml
----------------- Instantiating /home/travis/build/icyphy/ptII/ptolemy/actor/lib/test/auto/Expression10.xml
8 ms. Memory: 474112K Free: 262410K (55%)
----------------- Invoking toplevel() on ptolemy.moml.MoMLSimpleApplication@6539b37c
----------------- Done invoking toplevel() on ptolemy.moml.MoMLSimpleApplication@6539b37c
reloadAllAccessors: .Expression10

===========================================================================================
----------------- testing Tue Sep 10 05:42:55 UTC 2019 /home/travis/build/icyphy/ptII/ptolemy/actor/lib/test/auto/Expression11.xml
----------------- Instantiating /home/travis/build/icyphy/ptII/ptolemy/actor/lib/test/auto/Expression11.xml
2 ms. Memory: 474112K Free: 257800K (54%)
----------------- Invoking toplevel() on ptolemy.moml.MoMLSimpleApplication@4567b0ae
----------------- Done invoking toplevel() on ptolemy.moml.MoMLSimpleApplication@4567b0ae
reloadAllAccessors: .Expression11

===========================================================================================
----------------- testing Tue Sep 10 05:42:55 UTC 2019 /home/travis/build/icyphy/ptII/ptolemy/actor/lib/test/auto/Expression12.xml
----------------- Instantiating /home/travis/build/icyphy/ptII/ptolemy/actor/lib/test/auto/Expression12.xml
4 ms. Memory: 474112K Free: 252170K (53%)
----------------- Invoking toplevel() on ptolemy.moml.MoMLSimpleApplication@5083d96c
----------------- Done invoking toplevel() on ptolemy.moml.MoMLSimpleApplication@5083d96c
reloadAllAccessors: .Expression12

===========================================================================================
----------------- testing Tue Sep 10 05:42:55 UTC 2019 /home/travis/build/icyphy/ptII/ptolemy/actor/lib/test/auto/Expression13.xml
----------------- Instantiating /home/travis/build/icyphy/ptII/ptolemy/actor/lib/test/auto/Expression13.xml
3 ms. Memory: 474112K Free: 247050K (52%)
----------------- Invoking toplevel() on ptolemy.moml.MoMLSimpleApplication@46f23bbb
----------------- Done invoking toplevel() on ptolemy.moml.MoMLSimpleApplication@46f23bbb
reloadAllAccessors: .Expression13

===========================================================================================
----------------- testing Tue Sep 10 05:42:55 UTC 2019 /home/travis/build/icyphy/ptII/ptolemy/actor/lib/test/auto/Expression14.xml
----------------- Instantiating /home/travis/build/icyphy/ptII/ptolemy/actor/lib/test/auto/Expression14.xml
8 ms. Memory: 474112K Free: 241416K (51%)
----------------- Invoking toplevel() on ptolemy.moml.MoMLSimpleApplication@4f695ec4
----------------- Done invoking toplevel() on ptolemy.moml.MoMLSimpleApplication@4f695ec4
reloadAllAccessors: .Expression14

===========================================================================================
----------------- testing Tue Sep 10 05:42:55 UTC 2019 /home/travis/build/icyphy/ptII/ptolemy/actor/lib/test/auto/Expression15.xml
----------------- Instantiating /home/travis/build/icyphy/ptII/ptolemy/actor/lib/test/auto/Expression15.xml
1 ms. Memory: 474112K Free: 237320K (50%)
----------------- Invoking toplevel() on ptolemy.moml.MoMLSimpleApplication@185de1ba
----------------- Done invoking toplevel() on ptolemy.moml.MoMLSimpleApplication@185de1ba
reloadAllAccessors: .Expression15

===========================================================================================
----------------- testing Tue Sep 10 05:42:55 UTC 2019 /home/travis/build/icyphy/ptII/ptolemy/actor/lib/test/auto/Expression16.xml
----------------- Instantiating /home/travis/build/icyphy/ptII/ptolemy/actor/lib/test/auto/Expression16.xml
4 ms. Memory: 474112K Free: 232200K (49%)
----------------- Invoking toplevel() on ptolemy.moml.MoMLSimpleApplication@416c7c7c
----------------- Done invoking toplevel() on ptolemy.moml.MoMLSimpleApplication@416c7c7c
reloadAllAccessors: .Expression16

===========================================================================================
----------------- testing Tue Sep 10 05:42:55 UTC 2019 /home/travis/build/icyphy/ptII/ptolemy/actor/lib/test/auto/Expression17.xml
----------------- Instantiating /home/travis/build/icyphy/ptII/ptolemy/actor/lib/test/auto/Expression17.xml
3 ms. Memory: 474112K Free: 227080K (48%)
----------------- Invoking toplevel() on ptolemy.moml.MoMLSimpleApplication@30cecdbb
----------------- Done invoking toplevel() on ptolemy.moml.MoMLSimpleApplication@30cecdbb
reloadAllAccessors: .Expression17

===========================================================================================
----------------- testing Tue Sep 10 05:42:55 UTC 2019 /home/travis/build/icyphy/ptII/ptolemy/actor/lib/test/auto/Expression18.xml
----------------- Instantiating /home/travis/build/icyphy/ptII/ptolemy/actor/lib/test/auto/Expression18.xml
5 ms. Memory: 474112K Free: 221960K (47%)
----------------- Invoking toplevel() on ptolemy.moml.MoMLSimpleApplication@55a1d020
----------------- Done invoking toplevel() on ptolemy.moml.MoMLSimpleApplication@55a1d020
reloadAllAccessors: .Expression18

===========================================================================================
----------------- testing Tue Sep 10 05:42:55 UTC 2019 /home/travis/build/icyphy/ptII/ptolemy/actor/lib/test/auto/Expression2.xml
----------------- Instantiating /home/travis/build/icyphy/ptII/ptolemy/actor/lib/test/auto/Expression2.xml
4 ms. Memory: 474112K Free: 217354K (46%)
----------------- Invoking toplevel() on ptolemy.moml.MoMLSimpleApplication@2dc430ef
----------------- Done invoking toplevel() on ptolemy.moml.MoMLSimpleApplication@2dc430ef
reloadAllAccessors: .Expression2

===========================================================================================
----------------- testing Tue Sep 10 05:42:55 UTC 2019 /home/travis/build/icyphy/ptII/ptolemy/actor/lib/test/auto/Expression3.xml
----------------- Instantiating /home/travis/build/icyphy/ptII/ptolemy/actor/lib/test/auto/Expression3.xml
6 ms. Memory: 474112K Free: 212234K (45%)
----------------- Invoking toplevel() on ptolemy.moml.MoMLSimpleApplication@284ced7b
----------------- Done invoking toplevel() on ptolemy.moml.MoMLSimpleApplication@284ced7b
reloadAllAccessors: .Expression3

===========================================================================================
----------------- testing Tue Sep 10 05:42:55 UTC 2019 /home/travis/build/icyphy/ptII/ptolemy/actor/lib/test/auto/Expression4.xml
----------------- Instantiating /home/travis/build/icyphy/ptII/ptolemy/actor/lib/test/auto/Expression4.xml
4 ms. Memory: 474112K Free: 204552K (43%)
----------------- Invoking toplevel() on ptolemy.moml.MoMLSimpleApplication@571173ee
----------------- Done invoking toplevel() on ptolemy.moml.MoMLSimpleApplication@571173ee
reloadAllAccessors: .Expression4

===========================================================================================
----------------- testing Tue Sep 10 05:42:55 UTC 2019 /home/travis/build/icyphy/ptII/ptolemy/actor/lib/test/auto/Expression5.xml
----------------- Instantiating /home/travis/build/icyphy/ptII/ptolemy/actor/lib/test/auto/Expression5.xml
5 ms. Memory: 474112K Free: 199432K (42%)
----------------- Invoking toplevel() on ptolemy.moml.MoMLSimpleApplication@3368a7e7
----------------- Done invoking toplevel() on ptolemy.moml.MoMLSimpleApplication@3368a7e7
reloadAllAccessors: .Expression5

===========================================================================================
----------------- testing Tue Sep 10 05:42:55 UTC 2019 /home/travis/build/icyphy/ptII/ptolemy/actor/lib/test/auto/Expression6.xml
----------------- Instantiating /home/travis/build/icyphy/ptII/ptolemy/actor/lib/test/auto/Expression6.xml
2 ms. Memory: 474112K Free: 194826K (41%)
----------------- Invoking toplevel() on ptolemy.moml.MoMLSimpleApplication@28934a73
----------------- Done invoking toplevel() on ptolemy.moml.MoMLSimpleApplication@28934a73
reloadAllAccessors: .Expression6

===========================================================================================
----------------- testing Tue Sep 10 05:42:55 UTC 2019 /home/travis/build/icyphy/ptII/ptolemy/actor/lib/test/auto/Expression7.xml
----------------- Instantiating /home/travis/build/icyphy/ptII/ptolemy/actor/lib/test/auto/Expression7.xml
3 ms. Memory: 474112K Free: 190216K (40%)
----------------- Invoking toplevel() on ptolemy.moml.MoMLSimpleApplication@506b9c31
----------------- Done invoking toplevel() on ptolemy.moml.MoMLSimpleApplication@506b9c31
reloadAllAccessors: .Expression7

===========================================================================================
----------------- testing Tue Sep 10 05:42:55 UTC 2019 /home/travis/build/icyphy/ptII/ptolemy/actor/lib/test/auto/Expression8.xml
----------------- Instantiating /home/travis/build/icyphy/ptII/ptolemy/actor/lib/test/auto/Expression8.xml
8 ms. Memory: 474112K Free: 185096K (39%)
----------------- Invoking toplevel() on ptolemy.moml.MoMLSimpleApplication@437ae79a
----------------- Done invoking toplevel() on ptolemy.moml.MoMLSimpleApplication@437ae79a
reloadAllAccessors: .Expression8

===========================================================================================
----------------- testing Tue Sep 10 05:42:55 UTC 2019 /home/travis/build/icyphy/ptII/ptolemy/actor/lib/test/auto/Expression9.xml
----------------- Instantiating /home/travis/build/icyphy/ptII/ptolemy/actor/lib/test/auto/Expression9.xml
1 ms. Memory: 474112K Free: 181000K (38%)
----------------- Invoking toplevel() on ptolemy.moml.MoMLSimpleApplication@10d2da7c
----------------- Done invoking toplevel() on ptolemy.moml.MoMLSimpleApplication@10d2da7c
reloadAllAccessors: .Expression9

===========================================================================================
----------------- testing Tue Sep 10 05:42:55 UTC 2019 /home/travis/build/icyphy/ptII/ptolemy/actor/lib/test/auto/ExpressionConcatenateArrayType.xml
----------------- Instantiating /home/travis/build/icyphy/ptII/ptolemy/actor/lib/test/auto/ExpressionConcatenateArrayType.xml
2 ms. Memory: 474112K Free: 174346K (37%)
----------------- Invoking toplevel() on ptolemy.moml.MoMLSimpleApplication@f67733
----------------- Done invoking toplevel() on ptolemy.moml.MoMLSimpleApplication@f67733
reloadAllAccessors: .ExpressionConcatenateArrayType

===========================================================================================
----------------- testing Tue Sep 10 05:42:55 UTC 2019 /home/travis/build/icyphy/ptII/ptolemy/actor/lib/test/auto/ExpressionConcatenateArrayType2.xml
----------------- Instantiating /home/travis/build/icyphy/ptII/ptolemy/actor/lib/test/auto/ExpressionConcatenateArrayType2.xml
3 ms. Memory: 474112K Free: 168712K (36%)
----------------- Invoking toplevel() on ptolemy.moml.MoMLSimpleApplication@58800b83
----------------- Done invoking toplevel() on ptolemy.moml.MoMLSimpleApplication@58800b83
reloadAllAccessors: .ExpressionConcatenateArrayType2

===========================================================================================
----------------- testing Tue Sep 10 05:42:55 UTC 2019 /home/travis/build/icyphy/ptII/ptolemy/actor/lib/test/auto/ExpressionFix.xml
----------------- Instantiating /home/travis/build/icyphy/ptII/ptolemy/actor/lib/test/auto/ExpressionFix.xml
22 ms. Memory: 474112K Free: 162568K (34%)
----------------- Invoking toplevel() on ptolemy.moml.MoMLSimpleApplication@3edfd3e9
----------------- Done invoking toplevel() on ptolemy.moml.MoMLSimpleApplication@3edfd3e9
reloadAllAccessors: .ExpressionFix

===========================================================================================
----------------- testing Tue Sep 10 05:42:55 UTC 2019 /home/travis/build/icyphy/ptII/ptolemy/actor/lib/test/auto/ExpressionFix2.xml
----------------- Instantiating /home/travis/build/icyphy/ptII/ptolemy/actor/lib/test/auto/ExpressionFix2.xml
3 ms. Memory: 474112K Free: 158472K (33%)
----------------- Invoking toplevel() on ptolemy.moml.MoMLSimpleApplication@b054c5b
----------------- Done invoking toplevel() on ptolemy.moml.MoMLSimpleApplication@b054c5b
reloadAllAccessors: .ExpressionFix2

===========================================================================================
----------------- testing Tue Sep 10 05:42:55 UTC 2019 /home/travis/build/icyphy/ptII/ptolemy/actor/lib/test/auto/ExpressionFix3.xml
----------------- Instantiating /home/travis/build/icyphy/ptII/ptolemy/actor/lib/test/auto/ExpressionFix3.xml
3 ms. Memory: 474112K Free: 153866K (32%)
----------------- Invoking toplevel() on ptolemy.moml.MoMLSimpleApplication@580db3bf
----------------- Done invoking toplevel() on ptolemy.moml.MoMLSimpleApplication@580db3bf
reloadAllAccessors: .ExpressionFix3

===========================================================================================
----------------- testing Tue Sep 10 05:42:55 UTC 2019 /home/travis/build/icyphy/ptII/ptolemy/actor/lib/test/auto/FileWriter1.xml
----------------- Instantiating /home/travis/build/icyphy/ptII/ptolemy/actor/lib/test/auto/FileWriter1.xml
2 ms. Memory: 474112K Free: 149770K (32%)
----------------- Invoking toplevel() on ptolemy.moml.MoMLSimpleApplication@46acc22b
----------------- Done invoking toplevel() on ptolemy.moml.MoMLSimpleApplication@46acc22b
reloadAllAccessors: .FileWriter1

===========================================================================================
----------------- testing Tue Sep 10 05:42:55 UTC 2019 /home/travis/build/icyphy/ptII/ptolemy/actor/lib/test/auto/FileWriter2.xml
----------------- Instantiating /home/travis/build/icyphy/ptII/ptolemy/actor/lib/test/auto/FileWriter2.xml
5 ms. Memory: 474112K Free: 424745K (90%)
----------------- Invoking toplevel() on ptolemy.moml.MoMLSimpleApplication@2ff2ecec
----------------- Done invoking toplevel() on ptolemy.moml.MoMLSimpleApplication@2ff2ecec
reloadAllAccessors: .FileWriter2

===========================================================================================
----------------- testing Tue Sep 10 05:42:55 UTC 2019 /home/travis/build/icyphy/ptII/ptolemy/actor/lib/test/auto/FileWriter3.xml
----------------- Instantiating /home/travis/build/icyphy/ptII/ptolemy/actor/lib/test/auto/FileWriter3.xml
4 ms. Memory: 474112K Free: 420655K (89%)
----------------- Invoking toplevel() on ptolemy.moml.MoMLSimpleApplication@501c20d2
----------------- Done invoking toplevel() on ptolemy.moml.MoMLSimpleApplication@501c20d2
reloadAllAccessors: .FileWriter3

===========================================================================================
----------------- testing Tue Sep 10 05:42:55 UTC 2019 /home/travis/build/icyphy/ptII/ptolemy/actor/lib/test/auto/Gaussian.xml
----------------- Instantiating /home/travis/build/icyphy/ptII/ptolemy/actor/lib/test/auto/Gaussian.xml
1 ms. Memory: 474112K Free: 416049K (88%)
----------------- Invoking toplevel() on ptolemy.moml.MoMLSimpleApplication@1fcbbd00
----------------- Done invoking toplevel() on ptolemy.moml.MoMLSimpleApplication@1fcbbd00
reloadAllAccessors: .Gaussian

===========================================================================================
----------------- testing Tue Sep 10 05:42:55 UTC 2019 /home/travis/build/icyphy/ptII/ptolemy/actor/lib/test/auto/Gaussian1.xml
----------------- Instantiating /home/travis/build/icyphy/ptII/ptolemy/actor/lib/test/auto/Gaussian1.xml
1 ms. Memory: 474112K Free: 410401K (87%)
----------------- Invoking toplevel() on ptolemy.moml.MoMLSimpleApplication@1600ad9d
----------------- Done invoking toplevel() on ptolemy.moml.MoMLSimpleApplication@1600ad9d
reloadAllAccessors: .Gaussian1

===========================================================================================
----------------- testing Tue Sep 10 05:42:56 UTC 2019 /home/travis/build/icyphy/ptII/ptolemy/actor/lib/test/auto/Gaussian2.xml
----------------- Instantiating /home/travis/build/icyphy/ptII/ptolemy/actor/lib/test/auto/Gaussian2.xml
8 ms. Memory: 474112K Free: 404785K (85%)
----------------- Invoking toplevel() on ptolemy.moml.MoMLSimpleApplication@30c15e57
----------------- Done invoking toplevel() on ptolemy.moml.MoMLSimpleApplication@30c15e57
reloadAllAccessors: .Gaussian2

===========================================================================================
----------------- testing Tue Sep 10 05:42:56 UTC 2019 /home/travis/build/icyphy/ptII/ptolemy/actor/lib/test/auto/GradientAdaptiveLattice.xml
----------------- Instantiating /home/travis/build/icyphy/ptII/ptolemy/actor/lib/test/auto/GradientAdaptiveLattice.xml
3 ms. Memory: 474112K Free: 399665K (84%)
----------------- Invoking toplevel() on ptolemy.moml.MoMLSimpleApplication@7441a9fe
----------------- Done invoking toplevel() on ptolemy.moml.MoMLSimpleApplication@7441a9fe
reloadAllAccessors: .GradientAdaptiveLattice

===========================================================================================
----------------- testing Tue Sep 10 05:42:56 UTC 2019 /home/travis/build/icyphy/ptII/ptolemy/actor/lib/test/auto/IIR.xml
----------------- Instantiating /home/travis/build/icyphy/ptII/ptolemy/actor/lib/test/auto/IIR.xml
2 ms. Memory: 474112K Free: 395055K (83%)
----------------- Invoking toplevel() on ptolemy.moml.MoMLSimpleApplication@7e6ceeab
----------------- Done invoking toplevel() on ptolemy.moml.MoMLSimpleApplication@7e6ceeab
reloadAllAccessors: .IIR

===========================================================================================
----------------- testing Tue Sep 10 05:42:56 UTC 2019 /home/travis/build/icyphy/ptII/ptolemy/actor/lib/test/auto/InputOutputTransparentPorts.xml
----------------- Instantiating /home/travis/build/icyphy/ptII/ptolemy/actor/lib/test/auto/InputOutputTransparentPorts.xml
3 ms. Memory: 474112K Free: 387887K (82%)
----------------- Invoking toplevel() on ptolemy.moml.MoMLSimpleApplication@7197fac1
----------------- Done invoking toplevel() on ptolemy.moml.MoMLSimpleApplication@7197fac1
reloadAllAccessors: .InputOutputTransparentPorts

===========================================================================================
----------------- testing Tue Sep 10 05:42:56 UTC 2019 /home/travis/build/icyphy/ptII/ptolemy/actor/lib/test/auto/Interpolator.xml
----------------- Instantiating /home/travis/build/icyphy/ptII/ptolemy/actor/lib/test/auto/Interpolator.xml
5 ms. Memory: 474112K Free: 383791K (81%)
----------------- Invoking toplevel() on ptolemy.moml.MoMLSimpleApplication@60a643de
----------------- Done invoking toplevel() on ptolemy.moml.MoMLSimpleApplication@60a643de
reloadAllAccessors: .Interpolator

===========================================================================================
----------------- testing Tue Sep 10 05:42:56 UTC 2019 /home/travis/build/icyphy/ptII/ptolemy/actor/lib/test/auto/InterpolatorFiringLimitDE.xml
----------------- Instantiating /home/travis/build/icyphy/ptII/ptolemy/actor/lib/test/auto/InterpolatorFiringLimitDE.xml
2 ms. Memory: 474112K Free: 377137K (80%)
----------------- Invoking toplevel() on ptolemy.moml.MoMLSimpleApplication@365c2439
----------------- Done invoking toplevel() on ptolemy.moml.MoMLSimpleApplication@365c2439
reloadAllAccessors: .InterpolatorFiringLimitDE

===========================================================================================
----------------- testing Tue Sep 10 05:42:56 UTC 2019 /home/travis/build/icyphy/ptII/ptolemy/actor/lib/test/auto/Lattice.xml
----------------- Instantiating /home/travis/build/icyphy/ptII/ptolemy/actor/lib/test/auto/Lattice.xml
1 ms. Memory: 474112K Free: 373041K (79%)
----------------- Invoking toplevel() on ptolemy.moml.MoMLSimpleApplication@2e4554b5
----------------- Done invoking toplevel() on ptolemy.moml.MoMLSimpleApplication@2e4554b5
reloadAllAccessors: .Lattice

===========================================================================================
----------------- testing Tue Sep 10 05:42:56 UTC 2019 /home/travis/build/icyphy/ptII/ptolemy/actor/lib/test/auto/LazyAOCTestLazy.xml
----------------- Instantiating /home/travis/build/icyphy/ptII/ptolemy/actor/lib/test/auto/LazyAOCTestLazy.xml
16 ms. Memory: 474112K Free: 366897K (77%)
----------------- Invoking toplevel() on ptolemy.moml.MoMLSimpleApplication@2320e88b
----------------- Done invoking toplevel() on ptolemy.moml.MoMLSimpleApplication@2320e88b
reloadAllAccessors: .LazyAOCTestLazy

===========================================================================================
----------------- testing Tue Sep 10 05:42:56 UTC 2019 /home/travis/build/icyphy/ptII/ptolemy/actor/lib/test/auto/LazyAOCTestNonLazy.xml
----------------- Instantiating /home/travis/build/icyphy/ptII/ptolemy/actor/lib/test/auto/LazyAOCTestNonLazy.xml
2 ms. Memory: 474112K Free: 360239K (76%)
----------------- Invoking toplevel() on ptolemy.moml.MoMLSimpleApplication@f410465
----------------- Done invoking toplevel() on ptolemy.moml.MoMLSimpleApplication@f410465
reloadAllAccessors: .LazyAOCTestNonLazy

===========================================================================================
----------------- testing Tue Sep 10 05:42:56 UTC 2019 /home/travis/build/icyphy/ptII/ptolemy/actor/lib/test/auto/LazyInnerClass.xml
----------------- Instantiating /home/travis/build/icyphy/ptII/ptolemy/actor/lib/test/auto/LazyInnerClass.xml
18 ms. Memory: 474112K Free: 352041K (74%)
----------------- Invoking toplevel() on ptolemy.moml.MoMLSimpleApplication@7a62e403
----------------- Done invoking toplevel() on ptolemy.moml.MoMLSimpleApplication@7a62e403
reloadAllAccessors: .LazyInnerClass

===========================================================================================
----------------- testing Tue Sep 10 05:42:56 UTC 2019 /home/travis/build/icyphy/ptII/ptolemy/actor/lib/test/auto/LazyPubSub.xml
----------------- Instantiating /home/travis/build/icyphy/ptII/ptolemy/actor/lib/test/auto/LazyPubSub.xml
23 ms. Memory: 474112K Free: 341807K (72%)
----------------- Invoking toplevel() on ptolemy.moml.MoMLSimpleApplication@13339984
----------------- Done invoking toplevel() on ptolemy.moml.MoMLSimpleApplication@13339984
reloadAllAccessors: .LazyPubSub

===========================================================================================
----------------- testing Tue Sep 10 05:42:56 UTC 2019 /home/travis/build/icyphy/ptII/ptolemy/actor/lib/test/auto/LazyPubSub2.xml
----------------- Instantiating /home/travis/build/icyphy/ptII/ptolemy/actor/lib/test/auto/LazyPubSub2.xml
21 ms. Memory: 474112K Free: 332081K (70%)
----------------- Invoking toplevel() on ptolemy.moml.MoMLSimpleApplication@4bf23cd9
----------------- Done invoking toplevel() on ptolemy.moml.MoMLSimpleApplication@4bf23cd9
reloadAllAccessors: .LazyPubSub2

===========================================================================================
----------------- testing Tue Sep 10 05:42:56 UTC 2019 /home/travis/build/icyphy/ptII/ptolemy/actor/lib/test/auto/LazyPubSub3.xml
----------------- Instantiating /home/travis/build/icyphy/ptII/ptolemy/actor/lib/test/auto/LazyPubSub3.xml
14 ms. Memory: 474112K Free: 321841K (68%)
----------------- Invoking toplevel() on ptolemy.moml.MoMLSimpleApplication@7cfaa5ba
----------------- Done invoking toplevel() on ptolemy.moml.MoMLSimpleApplication@7cfaa5ba
reloadAllAccessors: .LazyPubSub3

===========================================================================================
----------------- testing Tue Sep 10 05:42:56 UTC 2019 /home/travis/build/icyphy/ptII/ptolemy/actor/lib/test/auto/LazySubClassModel.xml
----------------- Instantiating /home/travis/build/icyphy/ptII/ptolemy/actor/lib/test/auto/LazySubClassModel.xml
3 ms. Memory: 474112K Free: 312625K (66%)
----------------- Invoking toplevel() on ptolemy.moml.MoMLSimpleApplication@2137b86a
----------------- Done invoking toplevel() on ptolemy.moml.MoMLSimpleApplication@2137b86a
reloadAllAccessors: .LazySubClassModel

===========================================================================================
----------------- testing Tue Sep 10 05:42:56 UTC 2019 /home/travis/build/icyphy/ptII/ptolemy/actor/lib/test/auto/LevelCrossTest1.xml
----------------- Instantiating /home/travis/build/icyphy/ptII/ptolemy/actor/lib/test/auto/LevelCrossTest1.xml
2 ms. Memory: 474112K Free: 306991K (65%)
----------------- Invoking toplevel() on ptolemy.moml.MoMLSimpleApplication@48234f0b
----------------- Done invoking toplevel() on ptolemy.moml.MoMLSimpleApplication@48234f0b
reloadAllAccessors: .broken

===========================================================================================
----------------- testing Tue Sep 10 05:42:56 UTC 2019 /home/travis/build/icyphy/ptII/ptolemy/actor/lib/test/auto/LevelCrossTest10.xml
----------------- Instantiating /home/travis/build/icyphy/ptII/ptolemy/actor/lib/test/auto/LevelCrossTest10.xml
1 ms. Memory: 474112K Free: 299313K (63%)
----------------- Invoking toplevel() on ptolemy.moml.MoMLSimpleApplication@1fdc656f
----------------- Done invoking toplevel() on ptolemy.moml.MoMLSimpleApplication@1fdc656f
reloadAllAccessors: .LevelCrossTest10

===========================================================================================
----------------- testing Tue Sep 10 05:42:56 UTC 2019 /home/travis/build/icyphy/ptII/ptolemy/actor/lib/test/auto/LevelCrossTest11.xml
----------------- Instantiating /home/travis/build/icyphy/ptII/ptolemy/actor/lib/test/auto/LevelCrossTest11.xml
1 ms. Memory: 474112K Free: 292145K (62%)
----------------- Invoking toplevel() on ptolemy.moml.MoMLSimpleApplication@291aa9f
----------------- Done invoking toplevel() on ptolemy.moml.MoMLSimpleApplication@291aa9f
reloadAllAccessors: .LevelCrossTest11

===========================================================================================
----------------- testing Tue Sep 10 05:42:56 UTC 2019 /home/travis/build/icyphy/ptII/ptolemy/actor/lib/test/auto/LevelCrossTest12.xml
----------------- Instantiating /home/travis/build/icyphy/ptII/ptolemy/actor/lib/test/auto/LevelCrossTest12.xml
1 ms. Memory: 474112K Free: 284977K (60%)
----------------- Invoking toplevel() on ptolemy.moml.MoMLSimpleApplication@36405
----------------- Done invoking toplevel() on ptolemy.moml.MoMLSimpleApplication@36405
reloadAllAccessors: .LevelCrossTest12

===========================================================================================
----------------- testing Tue Sep 10 05:42:56 UTC 2019 /home/travis/build/icyphy/ptII/ptolemy/actor/lib/test/auto/LevelCrossTest13.xml
----------------- Instantiating /home/travis/build/icyphy/ptII/ptolemy/actor/lib/test/auto/LevelCrossTest13.xml
1 ms. Memory: 474112K Free: 277295K (58%)
----------------- Invoking toplevel() on ptolemy.moml.MoMLSimpleApplication@9e7033e
----------------- Done invoking toplevel() on ptolemy.moml.MoMLSimpleApplication@9e7033e
reloadAllAccessors: .LevelCrossTest13

===========================================================================================
----------------- testing Tue Sep 10 05:42:56 UTC 2019 /home/travis/build/icyphy/ptII/ptolemy/actor/lib/test/auto/LevelCrossTest2.xml
----------------- Instantiating /home/travis/build/icyphy/ptII/ptolemy/actor/lib/test/auto/LevelCrossTest2.xml
6 ms. Memory: 474112K Free: 271665K (57%)
----------------- Invoking toplevel() on ptolemy.moml.MoMLSimpleApplication@4b9fa4b5
----------------- Done invoking toplevel() on ptolemy.moml.MoMLSimpleApplication@4b9fa4b5
reloadAllAccessors: .broken

===========================================================================================
----------------- testing Tue Sep 10 05:42:56 UTC 2019 /home/travis/build/icyphy/ptII/ptolemy/actor/lib/test/auto/LevelCrossTest3.xml
----------------- Instantiating /home/travis/build/icyphy/ptII/ptolemy/actor/lib/test/auto/LevelCrossTest3.xml
1 ms. Memory: 474112K Free: 265521K (56%)
----------------- Invoking toplevel() on ptolemy.moml.MoMLSimpleApplication@1063defb
----------------- Done invoking toplevel() on ptolemy.moml.MoMLSimpleApplication@1063defb
reloadAllAccessors: .LevelCrossTest3

===========================================================================================
----------------- testing Tue Sep 10 05:42:56 UTC 2019 /home/travis/build/icyphy/ptII/ptolemy/actor/lib/test/auto/LevelCrossTest4.xml
----------------- Instantiating /home/travis/build/icyphy/ptII/ptolemy/actor/lib/test/auto/LevelCrossTest4.xml
1 ms. Memory: 474112K Free: 259887K (55%)
----------------- Invoking toplevel() on ptolemy.moml.MoMLSimpleApplication@788c9f33
----------------- Done invoking toplevel() on ptolemy.moml.MoMLSimpleApplication@788c9f33
reloadAllAccessors: .broken

===========================================================================================
----------------- testing Tue Sep 10 05:42:56 UTC 2019 /home/travis/build/icyphy/ptII/ptolemy/actor/lib/test/auto/LevelCrossTest5.xml
----------------- Instantiating /home/travis/build/icyphy/ptII/ptolemy/actor/lib/test/auto/LevelCrossTest5.xml
1 ms. Memory: 474112K Free: 253233K (53%)
----------------- Invoking toplevel() on ptolemy.moml.MoMLSimpleApplication@6a00d97e
----------------- Done invoking toplevel() on ptolemy.moml.MoMLSimpleApplication@6a00d97e
reloadAllAccessors: .LevelCrossTest5

===========================================================================================
----------------- testing Tue Sep 10 05:42:56 UTC 2019 /home/travis/build/icyphy/ptII/ptolemy/actor/lib/test/auto/LevelCrossTest6.xml
----------------- Instantiating /home/travis/build/icyphy/ptII/ptolemy/actor/lib/test/auto/LevelCrossTest6.xml
1 ms. Memory: 474112K Free: 245551K (52%)
----------------- Invoking toplevel() on ptolemy.moml.MoMLSimpleApplication@21a9c922
----------------- Done invoking toplevel() on ptolemy.moml.MoMLSimpleApplication@21a9c922
reloadAllAccessors: .LevelCrossTest6

===========================================================================================
----------------- testing Tue Sep 10 05:42:56 UTC 2019 /home/travis/build/icyphy/ptII/ptolemy/actor/lib/test/auto/LevelCrossTest7.xml
----------------- Instantiating /home/travis/build/icyphy/ptII/ptolemy/actor/lib/test/auto/LevelCrossTest7.xml
9 ms. Memory: 474112K Free: 237359K (50%)
----------------- Invoking toplevel() on ptolemy.moml.MoMLSimpleApplication@5db27c49
----------------- Done invoking toplevel() on ptolemy.moml.MoMLSimpleApplication@5db27c49
reloadAllAccessors: .LevelCrossTest7

===========================================================================================
----------------- testing Tue Sep 10 05:42:56 UTC 2019 /home/travis/build/icyphy/ptII/ptolemy/actor/lib/test/auto/LevelCrossTest8.xml
----------------- Instantiating /home/travis/build/icyphy/ptII/ptolemy/actor/lib/test/auto/LevelCrossTest8.xml
1 ms. Memory: 474112K Free: 230191K (49%)
----------------- Invoking toplevel() on ptolemy.moml.MoMLSimpleApplication@4a32d2cc
----------------- Done invoking toplevel() on ptolemy.moml.MoMLSimpleApplication@4a32d2cc
reloadAllAccessors: .LevelCrossTest8

===========================================================================================
----------------- testing Tue Sep 10 05:42:56 UTC 2019 /home/travis/build/icyphy/ptII/ptolemy/actor/lib/test/auto/LevelCrossTest9.xml
----------------- Instantiating /home/travis/build/icyphy/ptII/ptolemy/actor/lib/test/auto/LevelCrossTest9.xml
2 ms. Memory: 474112K Free: 223023K (47%)
----------------- Invoking toplevel() on ptolemy.moml.MoMLSimpleApplication@49260a5
----------------- Done invoking toplevel() on ptolemy.moml.MoMLSimpleApplication@49260a5
reloadAllAccessors: .LevelCrossTest9

===========================================================================================
----------------- testing Tue Sep 10 05:42:56 UTC 2019 /home/travis/build/icyphy/ptII/ptolemy/actor/lib/test/auto/LevinsonDurbin.xml
----------------- Instantiating /home/travis/build/icyphy/ptII/ptolemy/actor/lib/test/auto/LevinsonDurbin.xml
1 ms. Memory: 474112K Free: 218927K (46%)
----------------- Invoking toplevel() on ptolemy.moml.MoMLSimpleApplication@6baba823
----------------- Done invoking toplevel() on ptolemy.moml.MoMLSimpleApplication@6baba823
reloadAllAccessors: .LevinsonDurbin

===========================================================================================
----------------- testing Tue Sep 10 05:42:56 UTC 2019 /home/travis/build/icyphy/ptII/ptolemy/actor/lib/test/auto/LevinsonDurbin2.xml
----------------- Instantiating /home/travis/build/icyphy/ptII/ptolemy/actor/lib/test/auto/LevinsonDurbin2.xml
1 ms. Memory: 474112K Free: 214831K (45%)
----------------- Invoking toplevel() on ptolemy.moml.MoMLSimpleApplication@f88d0eb
----------------- Done invoking toplevel() on ptolemy.moml.MoMLSimpleApplication@f88d0eb
reloadAllAccessors: .LevinsonDurbin2

===========================================================================================
----------------- testing Tue Sep 10 05:42:56 UTC 2019 /home/travis/build/icyphy/ptII/ptolemy/actor/lib/test/auto/LevinsonDurbin3.xml
----------------- Instantiating /home/travis/build/icyphy/ptII/ptolemy/actor/lib/test/auto/LevinsonDurbin3.xml
2 ms. Memory: 474112K Free: 210735K (44%)
----------------- Invoking toplevel() on ptolemy.moml.MoMLSimpleApplication@8ef455b
----------------- Done invoking toplevel() on ptolemy.moml.MoMLSimpleApplication@8ef455b
reloadAllAccessors: .LevinsonDurbin3

===========================================================================================
----------------- testing Tue Sep 10 05:42:56 UTC 2019 /home/travis/build/icyphy/ptII/ptolemy/actor/lib/test/auto/Limiter.xml
----------------- Instantiating /home/travis/build/icyphy/ptII/ptolemy/actor/lib/test/auto/Limiter.xml
6 ms. Memory: 474112K Free: 201505K (43%)
----------------- Invoking toplevel() on ptolemy.moml.MoMLSimpleApplication@3a5d184a
----------------- Done invoking toplevel() on ptolemy.moml.MoMLSimpleApplication@3a5d184a
reloadAllAccessors: .Limiter

===========================================================================================
----------------- testing Tue Sep 10 05:42:56 UTC 2019 /home/travis/build/icyphy/ptII/ptolemy/actor/lib/test/auto/LinearDifferenceEquationSystem.xml
----------------- Instantiating /home/travis/build/icyphy/ptII/ptolemy/actor/lib/test/auto/LinearDifferenceEquationSystem.xml
16 ms. Memory: 474112K Free: 193841K (41%)
----------------- Invoking toplevel() on ptolemy.moml.MoMLSimpleApplication@57bc4e82
----------------- Done invoking toplevel() on ptolemy.moml.MoMLSimpleApplication@57bc4e82
reloadAllAccessors: .LinearDifferenceEquationSystem

===========================================================================================
----------------- testing Tue Sep 10 05:42:56 UTC 2019 /home/travis/build/icyphy/ptII/ptolemy/actor/lib/test/auto/LookupTable.xml
----------------- Instantiating /home/travis/build/icyphy/ptII/ptolemy/actor/lib/test/auto/LookupTable.xml
2 ms. Memory: 474112K Free: 189231K (40%)
----------------- Invoking toplevel() on ptolemy.moml.MoMLSimpleApplication@295268b5
----------------- Done invoking toplevel() on ptolemy.moml.MoMLSimpleApplication@295268b5
reloadAllAccessors: .LookupTable

===========================================================================================
----------------- testing Tue Sep 10 05:42:56 UTC 2019 /home/travis/build/icyphy/ptII/ptolemy/actor/lib/test/auto/MathFunction.xml
----------------- Instantiating /home/travis/build/icyphy/ptII/ptolemy/actor/lib/test/auto/MathFunction.xml
2 ms. Memory: 474112K Free: 181553K (38%)
----------------- Invoking toplevel() on ptolemy.moml.MoMLSimpleApplication@9f79dae
----------------- Done invoking toplevel() on ptolemy.moml.MoMLSimpleApplication@9f79dae
reloadAllAccessors: .MathFunction

===========================================================================================
----------------- testing Tue Sep 10 05:42:56 UTC 2019 /home/travis/build/icyphy/ptII/ptolemy/actor/lib/test/auto/MathFunction2.xml
----------------- Instantiating /home/travis/build/icyphy/ptII/ptolemy/actor/lib/test/auto/MathFunction2.xml
2 ms. Memory: 474112K Free: 177457K (37%)
----------------- Invoking toplevel() on ptolemy.moml.MoMLSimpleApplication@2c447e09
----------------- Done invoking toplevel() on ptolemy.moml.MoMLSimpleApplication@2c447e09
reloadAllAccessors: .MathFunction2

===========================================================================================
----------------- testing Tue Sep 10 05:42:56 UTC 2019 /home/travis/build/icyphy/ptII/ptolemy/actor/lib/test/auto/MathFunction3.xml
----------------- Instantiating /home/travis/build/icyphy/ptII/ptolemy/actor/lib/test/auto/MathFunction3.xml
2 ms. Memory: 474112K Free: 170289K (36%)
----------------- Invoking toplevel() on ptolemy.moml.MoMLSimpleApplication@78abd5d7
----------------- Done invoking toplevel() on ptolemy.moml.MoMLSimpleApplication@78abd5d7
reloadAllAccessors: .MathFunction3

===========================================================================================
----------------- testing Tue Sep 10 05:42:56 UTC 2019 /home/travis/build/icyphy/ptII/ptolemy/actor/lib/test/auto/MatrixCropBoolean.xml
----------------- Instantiating /home/travis/build/icyphy/ptII/ptolemy/actor/lib/test/auto/MatrixCropBoolean.xml
2 ms. Memory: 474112K Free: 165679K (35%)
----------------- Invoking toplevel() on ptolemy.moml.MoMLSimpleApplication@7b457b84
----------------- Done invoking toplevel() on ptolemy.moml.MoMLSimpleApplication@7b457b84
reloadAllAccessors: .MatrixCropBoolean

===========================================================================================
----------------- testing Tue Sep 10 05:42:56 UTC 2019 /home/travis/build/icyphy/ptII/ptolemy/actor/lib/test/auto/MatrixCropComplex.xml
----------------- Instantiating /home/travis/build/icyphy/ptII/ptolemy/actor/lib/test/auto/MatrixCropComplex.xml
1 ms. Memory: 474112K Free: 161073K (34%)
----------------- Invoking toplevel() on ptolemy.moml.MoMLSimpleApplication@2637a57
----------------- Done invoking toplevel() on ptolemy.moml.MoMLSimpleApplication@2637a57
reloadAllAccessors: .MatrixCropComplex

===========================================================================================
----------------- testing Tue Sep 10 05:42:56 UTC 2019 /home/travis/build/icyphy/ptII/ptolemy/actor/lib/test/auto/MatrixCropDouble.xml
----------------- Instantiating /home/travis/build/icyphy/ptII/ptolemy/actor/lib/test/auto/MatrixCropDouble.xml
2 ms. Memory: 474112K Free: 155953K (33%)
----------------- Invoking toplevel() on ptolemy.moml.MoMLSimpleApplication@3c81d2e5
----------------- Done invoking toplevel() on ptolemy.moml.MoMLSimpleApplication@3c81d2e5
reloadAllAccessors: .MatrixCropDouble

===========================================================================================
----------------- testing Tue Sep 10 05:42:56 UTC 2019 /home/travis/build/icyphy/ptII/ptolemy/actor/lib/test/auto/MatrixCropFix.xml
----------------- Instantiating /home/travis/build/icyphy/ptII/ptolemy/actor/lib/test/auto/MatrixCropFix.xml
2 ms. Memory: 474112K Free: 150833K (32%)
----------------- Invoking toplevel() on ptolemy.moml.MoMLSimpleApplication@5e130584
----------------- Done invoking toplevel() on ptolemy.moml.MoMLSimpleApplication@5e130584
reloadAllAccessors: .MatrixCropFix

===========================================================================================
----------------- testing Tue Sep 10 05:42:56 UTC 2019 /home/travis/build/icyphy/ptII/ptolemy/actor/lib/test/auto/MatrixCropInt.xml
----------------- Instantiating /home/travis/build/icyphy/ptII/ptolemy/actor/lib/test/auto/MatrixCropInt.xml
13 ms. Memory: 474112K Free: 425185K (90%)
----------------- Invoking toplevel() on ptolemy.moml.MoMLSimpleApplication@638c0eb8
----------------- Done invoking toplevel() on ptolemy.moml.MoMLSimpleApplication@638c0eb8
reloadAllAccessors: .MatrixCropInt

===========================================================================================
----------------- testing Tue Sep 10 05:42:56 UTC 2019 /home/travis/build/icyphy/ptII/ptolemy/actor/lib/test/auto/MatrixCropLong.xml
----------------- Instantiating /home/travis/build/icyphy/ptII/ptolemy/actor/lib/test/auto/MatrixCropLong.xml
2 ms. Memory: 474112K Free: 419521K (88%)
----------------- Invoking toplevel() on ptolemy.moml.MoMLSimpleApplication@6d5e7849
----------------- Done invoking toplevel() on ptolemy.moml.MoMLSimpleApplication@6d5e7849
reloadAllAccessors: .MatrixCropLong

===========================================================================================
----------------- testing Tue Sep 10 05:42:57 UTC 2019 /home/travis/build/icyphy/ptII/ptolemy/actor/lib/test/auto/MatrixToArray.xml
----------------- Instantiating /home/travis/build/icyphy/ptII/ptolemy/actor/lib/test/auto/MatrixToArray.xml
11 ms. Memory: 474112K Free: 404191K (85%)
----------------- Invoking toplevel() on ptolemy.moml.MoMLSimpleApplication@358abb51
----------------- Done invoking toplevel() on ptolemy.moml.MoMLSimpleApplication@358abb51
reloadAllAccessors: .MatrixToArray

===========================================================================================
----------------- testing Tue Sep 10 05:42:57 UTC 2019 /home/travis/build/icyphy/ptII/ptolemy/actor/lib/test/auto/MaxIndex.xml
----------------- Instantiating /home/travis/build/icyphy/ptII/ptolemy/actor/lib/test/auto/MaxIndex.xml
2 ms. Memory: 474112K Free: 399071K (84%)
----------------- Invoking toplevel() on ptolemy.moml.MoMLSimpleApplication@3a0a5b60
----------------- Done invoking toplevel() on ptolemy.moml.MoMLSimpleApplication@3a0a5b60
reloadAllAccessors: .MaxIndex

===========================================================================================
----------------- testing Tue Sep 10 05:42:57 UTC 2019 /home/travis/build/icyphy/ptII/ptolemy/actor/lib/test/auto/Maximum.xml
----------------- Instantiating /home/travis/build/icyphy/ptII/ptolemy/actor/lib/test/auto/Maximum.xml
6 ms. Memory: 474112K Free: 392417K (83%)
----------------- Invoking toplevel() on ptolemy.moml.MoMLSimpleApplication@2ffbcf49
----------------- Done invoking toplevel() on ptolemy.moml.MoMLSimpleApplication@2ffbcf49
reloadAllAccessors: .Maximum

===========================================================================================
----------------- testing Tue Sep 10 05:42:57 UTC 2019 /home/travis/build/icyphy/ptII/ptolemy/actor/lib/test/auto/MaximumComplex.xml
----------------- Instantiating /home/travis/build/icyphy/ptII/ptolemy/actor/lib/test/auto/MaximumComplex.xml
4 ms. Memory: 474112K Free: 386273K (81%)
----------------- Invoking toplevel() on ptolemy.moml.MoMLSimpleApplication@117beaa3
----------------- Done invoking toplevel() on ptolemy.moml.MoMLSimpleApplication@117beaa3
reloadAllAccessors: .MaximumComplex

===========================================================================================
----------------- testing Tue Sep 10 05:42:57 UTC 2019 /home/travis/build/icyphy/ptII/ptolemy/actor/lib/test/auto/MethodCallTest.xml
----------------- Instantiating /home/travis/build/icyphy/ptII/ptolemy/actor/lib/test/auto/MethodCallTest.xml
3 ms. Memory: 474112K Free: 379615K (80%)
----------------- Invoking toplevel() on ptolemy.moml.MoMLSimpleApplication@36001a7d
----------------- Done invoking toplevel() on ptolemy.moml.MoMLSimpleApplication@36001a7d
reloadAllAccessors: .MethodCallTest

===========================================================================================
----------------- testing Tue Sep 10 05:42:57 UTC 2019 /home/travis/build/icyphy/ptII/ptolemy/actor/lib/test/auto/Minimum.xml
----------------- Instantiating /home/travis/build/icyphy/ptII/ptolemy/actor/lib/test/auto/Minimum.xml
2 ms. Memory: 474112K Free: 372961K (79%)
----------------- Invoking toplevel() on ptolemy.moml.MoMLSimpleApplication@29524754
----------------- Done invoking toplevel() on ptolemy.moml.MoMLSimpleApplication@29524754
reloadAllAccessors: .Minimum

===========================================================================================
----------------- testing Tue Sep 10 05:42:57 UTC 2019 /home/travis/build/icyphy/ptII/ptolemy/actor/lib/test/auto/MinimumComplex.xml
----------------- Instantiating /home/travis/build/icyphy/ptII/ptolemy/actor/lib/test/auto/MinimumComplex.xml
3 ms. Memory: 474112K Free: 366817K (77%)
----------------- Invoking toplevel() on ptolemy.moml.MoMLSimpleApplication@74c65795
----------------- Done invoking toplevel() on ptolemy.moml.MoMLSimpleApplication@74c65795
reloadAllAccessors: .MinimumComplex

===========================================================================================
----------------- testing Tue Sep 10 05:42:57 UTC 2019 /home/travis/build/icyphy/ptII/ptolemy/actor/lib/test/auto/MinimumMultiports.xml
----------------- Instantiating /home/travis/build/icyphy/ptII/ptolemy/actor/lib/test/auto/MinimumMultiports.xml
4 ms. Memory: 474112K Free: 358097K (76%)
----------------- Invoking toplevel() on ptolemy.moml.MoMLSimpleApplication@1bd3432e
----------------- Done invoking toplevel() on ptolemy.moml.MoMLSimpleApplication@1bd3432e
reloadAllAccessors: .MinimumMultiports

===========================================================================================
----------------- testing Tue Sep 10 05:42:57 UTC 2019 /home/travis/build/icyphy/ptII/ptolemy/actor/lib/test/auto/ModifyDate.xml
----------------- Instantiating /home/travis/build/icyphy/ptII/ptolemy/actor/lib/test/auto/ModifyDate.xml
8 ms. Memory: 474112K Free: 345313K (73%)
----------------- Invoking toplevel() on ptolemy.moml.MoMLSimpleApplication@63f542ea
----------------- Done invoking toplevel() on ptolemy.moml.MoMLSimpleApplication@63f542ea
reloadAllAccessors: .ModifyDate

===========================================================================================
----------------- testing Tue Sep 10 05:42:57 UTC 2019 /home/travis/build/icyphy/ptII/ptolemy/actor/lib/test/auto/ModifyDate2.xml
----------------- Instantiating /home/travis/build/icyphy/ptII/ptolemy/actor/lib/test/auto/ModifyDate2.xml
8 ms. Memory: 474112K Free: 336607K (71%)
----------------- Invoking toplevel() on ptolemy.moml.MoMLSimpleApplication@3ba052d0
----------------- Done invoking toplevel() on ptolemy.moml.MoMLSimpleApplication@3ba052d0
reloadAllAccessors: .ModifyDate2

===========================================================================================
----------------- testing Tue Sep 10 05:42:57 UTC 2019 /home/travis/build/icyphy/ptII/ptolemy/actor/lib/test/auto/MovingAverage.xml
----------------- Instantiating /home/travis/build/icyphy/ptII/ptolemy/actor/lib/test/auto/MovingAverage.xml
1 ms. Memory: 474112K Free: 331487K (70%)
----------------- Invoking toplevel() on ptolemy.moml.MoMLSimpleApplication@6108a2a1
----------------- Done invoking toplevel() on ptolemy.moml.MoMLSimpleApplication@6108a2a1
reloadAllAccessors: .MovingAverage

===========================================================================================
----------------- testing Tue Sep 10 05:42:57 UTC 2019 /home/travis/build/icyphy/ptII/ptolemy/actor/lib/test/auto/MovingMaximum.xml
----------------- Instantiating /home/travis/build/icyphy/ptII/ptolemy/actor/lib/test/auto/MovingMaximum.xml
1 ms. Memory: 474112K Free: 326881K (69%)
----------------- Invoking toplevel() on ptolemy.moml.MoMLSimpleApplication@661dc5f
----------------- Done invoking toplevel() on ptolemy.moml.MoMLSimpleApplication@661dc5f
reloadAllAccessors: .MovingMaximum

===========================================================================================
----------------- testing Tue Sep 10 05:42:57 UTC 2019 /home/travis/build/icyphy/ptII/ptolemy/actor/lib/test/auto/MultipleLinksToSameRelation.xml
----------------- Instantiating /home/travis/build/icyphy/ptII/ptolemy/actor/lib/test/auto/MultipleLinksToSameRelation.xml
1 ms. Memory: 474112K Free: 322785K (68%)
----------------- Invoking toplevel() on ptolemy.moml.MoMLSimpleApplication@6321f087
----------------- Done invoking toplevel() on ptolemy.moml.MoMLSimpleApplication@6321f087
reloadAllAccessors: .MultipleLinksToSameRelation

===========================================================================================
----------------- testing Tue Sep 10 05:42:57 UTC 2019 /home/travis/build/icyphy/ptII/ptolemy/actor/lib/test/auto/MultipleLinksToSameRelationDE.xml
----------------- Instantiating /home/travis/build/icyphy/ptII/ptolemy/actor/lib/test/auto/MultipleLinksToSameRelationDE.xml
2 ms. Memory: 474112K Free: 318161K (67%)
----------------- Invoking toplevel() on ptolemy.moml.MoMLSimpleApplication@a79d41b
----------------- Done invoking toplevel() on ptolemy.moml.MoMLSimpleApplication@a79d41b
reloadAllAccessors: .MultipleLinksToSameRelationDE

===========================================================================================
----------------- testing Tue Sep 10 05:42:57 UTC 2019 /home/travis/build/icyphy/ptII/ptolemy/actor/lib/test/auto/Multiplexor.xml
----------------- Instantiating /home/travis/build/icyphy/ptII/ptolemy/actor/lib/test/auto/Multiplexor.xml
2 ms. Memory: 474112K Free: 312545K (66%)
----------------- Invoking toplevel() on ptolemy.moml.MoMLSimpleApplication@665f502b
----------------- Done invoking toplevel() on ptolemy.moml.MoMLSimpleApplication@665f502b
reloadAllAccessors: .Multiplexor

===========================================================================================
----------------- testing Tue Sep 10 05:42:57 UTC 2019 /home/travis/build/icyphy/ptII/ptolemy/actor/lib/test/auto/Multiplexor1.xml
----------------- Instantiating /home/travis/build/icyphy/ptII/ptolemy/actor/lib/test/auto/Multiplexor1.xml
2 ms. Memory: 474112K Free: 306897K (65%)
----------------- Invoking toplevel() on ptolemy.moml.MoMLSimpleApplication@162f1d66
----------------- Done invoking toplevel() on ptolemy.moml.MoMLSimpleApplication@162f1d66
reloadAllAccessors: .Multiplexor1

===========================================================================================
----------------- testing Tue Sep 10 05:42:57 UTC 2019 /home/travis/build/icyphy/ptII/ptolemy/actor/lib/test/auto/Multiplexor2.xml
----------------- Instantiating /home/travis/build/icyphy/ptII/ptolemy/actor/lib/test/auto/Multiplexor2.xml
2 ms. Memory: 474112K Free: 300257K (63%)
----------------- Invoking toplevel() on ptolemy.moml.MoMLSimpleApplication@370ae4e9
----------------- Done invoking toplevel() on ptolemy.moml.MoMLSimpleApplication@370ae4e9
reloadAllAccessors: .Multiplexor2

===========================================================================================
----------------- testing Tue Sep 10 05:42:57 UTC 2019 /home/travis/build/icyphy/ptII/ptolemy/actor/lib/test/auto/Multiplexor3.xml
----------------- Instantiating /home/travis/build/icyphy/ptII/ptolemy/actor/lib/test/auto/Multiplexor3.xml
2 ms. Memory: 474112K Free: 296161K (62%)
----------------- Invoking toplevel() on ptolemy.moml.MoMLSimpleApplication@1371486e
----------------- Done invoking toplevel() on ptolemy.moml.MoMLSimpleApplication@1371486e
reloadAllAccessors: .Multiplexor3

===========================================================================================
----------------- testing Tue Sep 10 05:42:57 UTC 2019 /home/travis/build/icyphy/ptII/ptolemy/actor/lib/test/auto/MultiplexorDE.xml
----------------- Instantiating /home/travis/build/icyphy/ptII/ptolemy/actor/lib/test/auto/MultiplexorDE.xml
5 ms. Memory: 474112K Free: 288473K (61%)
----------------- Invoking toplevel() on ptolemy.moml.MoMLSimpleApplication@15008a37
----------------- Done invoking toplevel() on ptolemy.moml.MoMLSimpleApplication@15008a37
reloadAllAccessors: .MultiplexorDE

===========================================================================================
----------------- testing Tue Sep 10 05:42:57 UTC 2019 /home/travis/build/icyphy/ptII/ptolemy/actor/lib/test/auto/MultiportBroadcastTest.xml
----------------- Instantiating /home/travis/build/icyphy/ptII/ptolemy/actor/lib/test/auto/MultiportBroadcastTest.xml
86 ms. Memory: 474112K Free: 282329K (60%)
----------------- Invoking toplevel() on ptolemy.moml.MoMLSimpleApplication@6fefac70
----------------- Done invoking toplevel() on ptolemy.moml.MoMLSimpleApplication@6fefac70
reloadAllAccessors: .MultiportBroadcastTest

===========================================================================================
----------------- testing Tue Sep 10 05:42:57 UTC 2019 /home/travis/build/icyphy/ptII/ptolemy/actor/lib/test/auto/MultiportOutHangDuringGetWidth.xml
----------------- Instantiating /home/travis/build/icyphy/ptII/ptolemy/actor/lib/test/auto/MultiportOutHangDuringGetWidth.xml
5 ms. Memory: 474112K Free: 270047K (57%)
----------------- Invoking toplevel() on ptolemy.moml.MoMLSimpleApplication@2203edc8
----------------- Done invoking toplevel() on ptolemy.moml.MoMLSimpleApplication@2203edc8
reloadAllAccessors: .MultiportOutHangDuringGetWidth

===========================================================================================
----------------- testing Tue Sep 10 05:42:57 UTC 2019 /home/travis/build/icyphy/ptII/ptolemy/actor/lib/test/auto/NilToken.xml
----------------- Instantiating /home/travis/build/icyphy/ptII/ptolemy/actor/lib/test/auto/NilToken.xml
1 ms. Memory: 474112K Free: 265951K (56%)
----------------- Invoking toplevel() on ptolemy.moml.MoMLSimpleApplication@7f72703
----------------- Done invoking toplevel() on ptolemy.moml.MoMLSimpleApplication@7f72703
reloadAllAccessors: .NilToken

===========================================================================================
----------------- testing Tue Sep 10 05:42:57 UTC 2019 /home/travis/build/icyphy/ptII/ptolemy/actor/lib/test/auto/NilTokenNonStrictTest.xml
----------------- Instantiating /home/travis/build/icyphy/ptII/ptolemy/actor/lib/test/auto/NilTokenNonStrictTest.xml
1 ms. Memory: 474112K Free: 260831K (55%)
----------------- Invoking toplevel() on ptolemy.moml.MoMLSimpleApplication@4ed104a1
----------------- Done invoking toplevel() on ptolemy.moml.MoMLSimpleApplication@4ed104a1
reloadAllAccessors: .NilTokenNonStrictTest

===========================================================================================
----------------- testing Tue Sep 10 05:42:57 UTC 2019 /home/travis/build/icyphy/ptII/ptolemy/actor/lib/test/auto/NilTokenRecord.xml
----------------- Instantiating /home/travis/build/icyphy/ptII/ptolemy/actor/lib/test/auto/NilTokenRecord.xml
5 ms. Memory: 474112K Free: 254177K (54%)
----------------- Invoking toplevel() on ptolemy.moml.MoMLSimpleApplication@4ba264cb
----------------- Done invoking toplevel() on ptolemy.moml.MoMLSimpleApplication@4ba264cb
reloadAllAccessors: .NilTokenRecord

===========================================================================================
----------------- testing Tue Sep 10 05:42:57 UTC 2019 /home/travis/build/icyphy/ptII/ptolemy/actor/lib/test/auto/NilTokenTypeTest.xml
----------------- Instantiating /home/travis/build/icyphy/ptII/ptolemy/actor/lib/test/auto/NilTokenTypeTest.xml
4 ms. Memory: 474112K Free: 244447K (52%)
----------------- Invoking toplevel() on ptolemy.moml.MoMLSimpleApplication@30cbc64a
----------------- Done invoking toplevel() on ptolemy.moml.MoMLSimpleApplication@30cbc64a
reloadAllAccessors: .NilTokenTypeTest

===========================================================================================
----------------- testing Tue Sep 10 05:42:57 UTC 2019 /home/travis/build/icyphy/ptII/ptolemy/actor/lib/test/auto/ObjectToken1.xml
----------------- Instantiating /home/travis/build/icyphy/ptII/ptolemy/actor/lib/test/auto/ObjectToken1.xml
3 ms. Memory: 474112K Free: 240351K (51%)
----------------- Invoking toplevel() on ptolemy.moml.MoMLSimpleApplication@7846d5bd
----------------- Done invoking toplevel() on ptolemy.moml.MoMLSimpleApplication@7846d5bd
reloadAllAccessors: .ObjectToken1

===========================================================================================
----------------- testing Tue Sep 10 05:42:57 UTC 2019 /home/travis/build/icyphy/ptII/ptolemy/actor/lib/test/auto/OrderedMerge.xml
----------------- Instantiating /home/travis/build/icyphy/ptII/ptolemy/actor/lib/test/auto/OrderedMerge.xml
13 ms. Memory: 474112K Free: 234721K (50%)
----------------- Invoking toplevel() on ptolemy.moml.MoMLSimpleApplication@3e29f896
----------------- Done invoking toplevel() on ptolemy.moml.MoMLSimpleApplication@3e29f896
reloadAllAccessors: .OrderedMerge

===========================================================================================
----------------- testing Tue Sep 10 05:42:57 UTC 2019 /home/travis/build/icyphy/ptII/ptolemy/actor/lib/test/auto/OrderedRecordDisassembler.xml
----------------- Instantiating /home/travis/build/icyphy/ptII/ptolemy/actor/lib/test/auto/OrderedRecordDisassembler.xml
3 ms. Memory: 474112K Free: 229601K (48%)
----------------- Invoking toplevel() on ptolemy.moml.MoMLSimpleApplication@3f738c98
----------------- Done invoking toplevel() on ptolemy.moml.MoMLSimpleApplication@3f738c98
reloadAllAccessors: .OrderedRecordDisassembler

===========================================================================================
----------------- testing Tue Sep 10 05:42:57 UTC 2019 /home/travis/build/icyphy/ptII/ptolemy/actor/lib/test/auto/OrderedRecordDisassembler2.xml
----------------- Instantiating /home/travis/build/icyphy/ptII/ptolemy/actor/lib/test/auto/OrderedRecordDisassembler2.xml
4 ms. Memory: 474112K Free: 221889K (47%)
----------------- Invoking toplevel() on ptolemy.moml.MoMLSimpleApplication@78ea26df
----------------- Done invoking toplevel() on ptolemy.moml.MoMLSimpleApplication@78ea26df
reloadAllAccessors: .OrderedRecordDisassembler2

===========================================================================================
----------------- testing Tue Sep 10 05:42:57 UTC 2019 /home/travis/build/icyphy/ptII/ptolemy/actor/lib/test/auto/OrderedRecordUpdater.xml
----------------- Instantiating /home/travis/build/icyphy/ptII/ptolemy/actor/lib/test/auto/OrderedRecordUpdater.xml
2 ms. Memory: 474112K Free: 216799K (46%)
----------------- Invoking toplevel() on ptolemy.moml.MoMLSimpleApplication@47b3fd50
----------------- Done invoking toplevel() on ptolemy.moml.MoMLSimpleApplication@47b3fd50
reloadAllAccessors: .RecordUpdater

===========================================================================================
----------------- testing Tue Sep 10 05:42:57 UTC 2019 /home/travis/build/icyphy/ptII/ptolemy/actor/lib/test/auto/OrderedRecordUpdater2.xml
----------------- Instantiating /home/travis/build/icyphy/ptII/ptolemy/actor/lib/test/auto/OrderedRecordUpdater2.xml
4 ms. Memory: 474112K Free: 211679K (45%)
----------------- Invoking toplevel() on ptolemy.moml.MoMLSimpleApplication@4a070e35
----------------- Done invoking toplevel() on ptolemy.moml.MoMLSimpleApplication@4a070e35
reloadAllAccessors: .RecordUpdater2

===========================================================================================
----------------- testing Tue Sep 10 05:42:57 UTC 2019 /home/travis/build/icyphy/ptII/ptolemy/actor/lib/test/auto/PhaseUnwrap.xml
----------------- Instantiating /home/travis/build/icyphy/ptII/ptolemy/actor/lib/test/auto/PhaseUnwrap.xml
1 ms. Memory: 474112K Free: 206559K (44%)
----------------- Invoking toplevel() on ptolemy.moml.MoMLSimpleApplication@6d572da1
----------------- Done invoking toplevel() on ptolemy.moml.MoMLSimpleApplication@6d572da1
reloadAllAccessors: .PhaseUnwrap

===========================================================================================
----------------- testing Tue Sep 10 05:42:57 UTC 2019 /home/travis/build/icyphy/ptII/ptolemy/actor/lib/test/auto/PoissonClock.xml
----------------- Instantiating /home/travis/build/icyphy/ptII/ptolemy/actor/lib/test/auto/PoissonClock.xml
1 ms. Memory: 474112K Free: 202463K (43%)
----------------- Invoking toplevel() on ptolemy.moml.MoMLSimpleApplication@2d2bf4a5
----------------- Done invoking toplevel() on ptolemy.moml.MoMLSimpleApplication@2d2bf4a5
reloadAllAccessors: .PoissonClock

===========================================================================================
----------------- testing Tue Sep 10 05:42:57 UTC 2019 /home/travis/build/icyphy/ptII/ptolemy/actor/lib/test/auto/PoissonClock2.xml
----------------- Instantiating /home/travis/build/icyphy/ptII/ptolemy/actor/lib/test/auto/PoissonClock2.xml
1 ms. Memory: 474112K Free: 197857K (42%)
----------------- Invoking toplevel() on ptolemy.moml.MoMLSimpleApplication@6072b299
----------------- Done invoking toplevel() on ptolemy.moml.MoMLSimpleApplication@6072b299
reloadAllAccessors: .PoissonClock2

===========================================================================================
----------------- testing Tue Sep 10 05:42:57 UTC 2019 /home/travis/build/icyphy/ptII/ptolemy/actor/lib/test/auto/PoissonClock3.xml
----------------- Instantiating /home/travis/build/icyphy/ptII/ptolemy/actor/lib/test/auto/PoissonClock3.xml
1 ms. Memory: 474112K Free: 193247K (41%)
----------------- Invoking toplevel() on ptolemy.moml.MoMLSimpleApplication@349d9d97
----------------- Done invoking toplevel() on ptolemy.moml.MoMLSimpleApplication@349d9d97
reloadAllAccessors: .PoissonClock3

===========================================================================================
----------------- testing Tue Sep 10 05:42:57 UTC 2019 /home/travis/build/icyphy/ptII/ptolemy/actor/lib/test/auto/PubSubWithInitialTokens.xml
----------------- Instantiating /home/travis/build/icyphy/ptII/ptolemy/actor/lib/test/auto/PubSubWithInitialTokens.xml
2 ms. Memory: 474112K Free: 187617K (40%)
----------------- Invoking toplevel() on ptolemy.moml.MoMLSimpleApplication@74150e4e
----------------- Done invoking toplevel() on ptolemy.moml.MoMLSimpleApplication@74150e4e
reloadAllAccessors: .PubSubWithInitialTokens

===========================================================================================
----------------- testing Tue Sep 10 05:42:57 UTC 2019 /home/travis/build/icyphy/ptII/ptolemy/actor/lib/test/auto/PubSubWithInitialTokens2.xml
----------------- Instantiating /home/travis/build/icyphy/ptII/ptolemy/actor/lib/test/auto/PubSubWithInitialTokens2.xml
2 ms. Memory: 474112K Free: 181473K (38%)
----------------- Invoking toplevel() on ptolemy.moml.MoMLSimpleApplication@3791ecf2
----------------- Done invoking toplevel() on ptolemy.moml.MoMLSimpleApplication@3791ecf2
reloadAllAccessors: .PubSubWithInitialTokens2

===========================================================================================
----------------- testing Tue Sep 10 05:42:57 UTC 2019 /home/travis/build/icyphy/ptII/ptolemy/actor/lib/test/auto/PublisherClassNoParameter.xml
----------------- Instantiating /home/travis/build/icyphy/ptII/ptolemy/actor/lib/test/auto/PublisherClassNoParameter.xml
2 ms. Memory: 474112K Free: 171729K (36%)
----------------- Invoking toplevel() on ptolemy.moml.MoMLSimpleApplication@64f5a9c1
----------------- Done invoking toplevel() on ptolemy.moml.MoMLSimpleApplication@64f5a9c1
reloadAllAccessors: .PublisherClassNoParameter

===========================================================================================
----------------- testing Tue Sep 10 05:42:57 UTC 2019 /home/travis/build/icyphy/ptII/ptolemy/actor/lib/test/auto/PublisherClassParameter.xml
----------------- Instantiating /home/travis/build/icyphy/ptII/ptolemy/actor/lib/test/auto/PublisherClassParameter.xml
2 ms. Memory: 474112K Free: 161503K (34%)
----------------- Invoking toplevel() on ptolemy.moml.MoMLSimpleApplication@7f8e6cf1
----------------- Done invoking toplevel() on ptolemy.moml.MoMLSimpleApplication@7f8e6cf1
reloadAllAccessors: .PublisherClassParameter

===========================================================================================
----------------- testing Tue Sep 10 05:42:57 UTC 2019 /home/travis/build/icyphy/ptII/ptolemy/actor/lib/test/auto/PublisherNonStrictTest.xml
----------------- Instantiating /home/travis/build/icyphy/ptII/ptolemy/actor/lib/test/auto/PublisherNonStrictTest.xml
2 ms. Memory: 474112K Free: 153825K (32%)
----------------- Invoking toplevel() on ptolemy.moml.MoMLSimpleApplication@742b6e9a
----------------- Done invoking toplevel() on ptolemy.moml.MoMLSimpleApplication@742b6e9a
reloadAllAccessors: .PublisherNonStrictTest

===========================================================================================
----------------- testing Tue Sep 10 05:42:57 UTC 2019 /home/travis/build/icyphy/ptII/ptolemy/actor/lib/test/auto/PublisherPort1.xml
----------------- Instantiating /home/travis/build/icyphy/ptII/ptolemy/actor/lib/test/auto/PublisherPort1.xml
9 ms. Memory: 474112K Free: 148177K (31%)
----------------- Invoking toplevel() on ptolemy.moml.MoMLSimpleApplication@51a5226
----------------- Done invoking toplevel() on ptolemy.moml.MoMLSimpleApplication@51a5226
reloadAllAccessors: .PublisherPort1

===========================================================================================
----------------- testing Tue Sep 10 05:42:57 UTC 2019 /home/travis/build/icyphy/ptII/ptolemy/actor/lib/test/auto/PublisherPort2.xml
----------------- Instantiating /home/travis/build/icyphy/ptII/ptolemy/actor/lib/test/auto/PublisherPort2.xml
1 ms. Memory: 474112K Free: 422593K (89%)
----------------- Invoking toplevel() on ptolemy.moml.MoMLSimpleApplication@e7408a0
----------------- Done invoking toplevel() on ptolemy.moml.MoMLSimpleApplication@e7408a0
reloadAllAccessors: .PublisherPort2

===========================================================================================
----------------- testing Tue Sep 10 05:42:58 UTC 2019 /home/travis/build/icyphy/ptII/ptolemy/actor/lib/test/auto/PublisherPort3.xml
----------------- Instantiating /home/travis/build/icyphy/ptII/ptolemy/actor/lib/test/auto/PublisherPort3.xml
3 ms. Memory: 474112K Free: 415395K (88%)
----------------- Invoking toplevel() on ptolemy.moml.MoMLSimpleApplication@dd33ae5
----------------- Done invoking toplevel() on ptolemy.moml.MoMLSimpleApplication@dd33ae5
reloadAllAccessors: .PublisherPort3

===========================================================================================
----------------- testing Tue Sep 10 05:42:58 UTC 2019 /home/travis/build/icyphy/ptII/ptolemy/actor/lib/test/auto/PublisherPort4.xml
----------------- Instantiating /home/travis/build/icyphy/ptII/ptolemy/actor/lib/test/auto/PublisherPort4.xml
2 ms. Memory: 474112K Free: 409795K (86%)
----------------- Invoking toplevel() on ptolemy.moml.MoMLSimpleApplication@50f7ba9f
----------------- Done invoking toplevel() on ptolemy.moml.MoMLSimpleApplication@50f7ba9f
reloadAllAccessors: .PublisherPort4

===========================================================================================
----------------- testing Tue Sep 10 05:42:58 UTC 2019 /home/travis/build/icyphy/ptII/ptolemy/actor/lib/test/auto/PublisherPort5.xml
----------------- Instantiating /home/travis/build/icyphy/ptII/ptolemy/actor/lib/test/auto/PublisherPort5.xml
6 ms. Memory: 474112K Free: 402113K (85%)
----------------- Invoking toplevel() on ptolemy.moml.MoMLSimpleApplication@6c4431b4
----------------- Done invoking toplevel() on ptolemy.moml.MoMLSimpleApplication@6c4431b4
reloadAllAccessors: .PublisherPort5

===========================================================================================
----------------- testing Tue Sep 10 05:42:58 UTC 2019 /home/travis/build/icyphy/ptII/ptolemy/actor/lib/test/auto/PublisherPort5LookAlike.xml
----------------- Instantiating /home/travis/build/icyphy/ptII/ptolemy/actor/lib/test/auto/PublisherPort5LookAlike.xml
8 ms. Memory: 474112K Free: 394435K (83%)
----------------- Invoking toplevel() on ptolemy.moml.MoMLSimpleApplication@48554449
----------------- Done invoking toplevel() on ptolemy.moml.MoMLSimpleApplication@48554449
reloadAllAccessors: .PublisherPort5LookAlike

===========================================================================================
----------------- testing Tue Sep 10 05:42:58 UTC 2019 /home/travis/build/icyphy/ptII/ptolemy/actor/lib/test/auto/PublisherPort6.xml
----------------- Instantiating /home/travis/build/icyphy/ptII/ptolemy/actor/lib/test/auto/PublisherPort6.xml
3 ms. Memory: 474112K Free: 387777K (82%)
----------------- Invoking toplevel() on ptolemy.moml.MoMLSimpleApplication@d0ab2cf
----------------- Done invoking toplevel() on ptolemy.moml.MoMLSimpleApplication@d0ab2cf
reloadAllAccessors: .PublisherPort6

===========================================================================================
----------------- testing Tue Sep 10 05:42:58 UTC 2019 /home/travis/build/icyphy/ptII/ptolemy/actor/lib/test/auto/PublisherPort7.xml
----------------- Instantiating /home/travis/build/icyphy/ptII/ptolemy/actor/lib/test/auto/PublisherPort7.xml
4 ms. Memory: 474112K Free: 380099K (80%)
----------------- Invoking toplevel() on ptolemy.moml.MoMLSimpleApplication@c003447
----------------- Done invoking toplevel() on ptolemy.moml.MoMLSimpleApplication@c003447
reloadAllAccessors: .PublisherPort7

===========================================================================================
----------------- testing Tue Sep 10 05:42:58 UTC 2019 /home/travis/build/icyphy/ptII/ptolemy/actor/lib/test/auto/PublisherPort8.xml
----------------- Instantiating /home/travis/build/icyphy/ptII/ptolemy/actor/lib/test/auto/PublisherPort8.xml
4 ms. Memory: 474112K Free: 371393K (78%)
----------------- Invoking toplevel() on ptolemy.moml.MoMLSimpleApplication@2911d6ab
----------------- Done invoking toplevel() on ptolemy.moml.MoMLSimpleApplication@2911d6ab
reloadAllAccessors: .PublisherPort8

===========================================================================================
----------------- testing Tue Sep 10 05:42:58 UTC 2019 /home/travis/build/icyphy/ptII/ptolemy/actor/lib/test/auto/PublisherPortSubscriberChannelVariablesAOC2.xml
----------------- Instantiating /home/travis/build/icyphy/ptII/ptolemy/actor/lib/test/auto/PublisherPortSubscriberChannelVariablesAOC2.xml
3 ms. Memory: 474112K Free: 352961K (74%)
----------------- Invoking toplevel() on ptolemy.moml.MoMLSimpleApplication@1c9006d2
----------------- Done invoking toplevel() on ptolemy.moml.MoMLSimpleApplication@1c9006d2
reloadAllAccessors: .PublisherPortSubscriberChannelVariablesAOC2

===========================================================================================
----------------- testing Tue Sep 10 05:42:58 UTC 2019 /home/travis/build/icyphy/ptII/ptolemy/actor/lib/test/auto/PublisherPortSubscriberOpaqueWidthInference.xml
----------------- Instantiating /home/travis/build/icyphy/ptII/ptolemy/actor/lib/test/auto/PublisherPortSubscriberOpaqueWidthInference.xml
3 ms. Memory: 474112K Free: 344755K (73%)
----------------- Invoking toplevel() on ptolemy.moml.MoMLSimpleApplication@78d22e90
----------------- Done invoking toplevel() on ptolemy.moml.MoMLSimpleApplication@78d22e90
reloadAllAccessors: .PublisherPortSubscriberOpaqueWidthInference

===========================================================================================
----------------- testing Tue Sep 10 05:42:58 UTC 2019 /home/travis/build/icyphy/ptII/ptolemy/actor/lib/test/auto/PublisherPortSubscriberPortAdjacent.xml
----------------- Instantiating /home/travis/build/icyphy/ptII/ptolemy/actor/lib/test/auto/PublisherPortSubscriberPortAdjacent.xml
2 ms. Memory: 474112K Free: 336067K (71%)
----------------- Invoking toplevel() on ptolemy.moml.MoMLSimpleApplication@11497fc6
----------------- Done invoking toplevel() on ptolemy.moml.MoMLSimpleApplication@11497fc6
reloadAllAccessors: .PublisherPortSubscriberPortAdjacent

===========================================================================================
----------------- testing Tue Sep 10 05:42:58 UTC 2019 /home/travis/build/icyphy/ptII/ptolemy/actor/lib/test/auto/PublisherPortSubscriberPortExpression.xml
----------------- Instantiating /home/travis/build/icyphy/ptII/ptolemy/actor/lib/test/auto/PublisherPortSubscriberPortExpression.xml
4 ms. Memory: 474112K Free: 328371K (69%)
----------------- Invoking toplevel() on ptolemy.moml.MoMLSimpleApplication@74afb700
----------------- Done invoking toplevel() on ptolemy.moml.MoMLSimpleApplication@74afb700
reloadAllAccessors: .PublisherPortSubscriberPortExpression

===========================================================================================
----------------- testing Tue Sep 10 05:42:58 UTC 2019 /home/travis/build/icyphy/ptII/ptolemy/actor/lib/test/auto/PublisherPortSubscriberPortOpaqueD3Reverse.xml
----------------- Instantiating /home/travis/build/icyphy/ptII/ptolemy/actor/lib/test/auto/PublisherPortSubscriberPortOpaqueD3Reverse.xml
6 ms. Memory: 474112K Free: 318145K (67%)
----------------- Invoking toplevel() on ptolemy.moml.MoMLSimpleApplication@23334b18
----------------- Done invoking toplevel() on ptolemy.moml.MoMLSimpleApplication@23334b18
reloadAllAccessors: .PublisherPortSubscriberPortOpaqueD3Reverse

===========================================================================================
----------------- testing Tue Sep 10 05:42:58 UTC 2019 /home/travis/build/icyphy/ptII/ptolemy/actor/lib/test/auto/PublisherPortSubscriberPortOpaqueWidthInference.xml
----------------- Instantiating /home/travis/build/icyphy/ptII/ptolemy/actor/lib/test/auto/PublisherPortSubscriberPortOpaqueWidthInference.xml
3 ms. Memory: 474112K Free: 310467K (65%)
----------------- Invoking toplevel() on ptolemy.moml.MoMLSimpleApplication@4cad43ec
----------------- Done invoking toplevel() on ptolemy.moml.MoMLSimpleApplication@4cad43ec
reloadAllAccessors: .PublisherPortSubscriberPortOpaqueWidthInference

===========================================================================================
----------------- testing Tue Sep 10 05:42:58 UTC 2019 /home/travis/build/icyphy/ptII/ptolemy/actor/lib/test/auto/PublisherPortToplevelSubscriberPortAOC.xml
----------------- Instantiating /home/travis/build/icyphy/ptII/ptolemy/actor/lib/test/auto/PublisherPortToplevelSubscriberPortAOC.xml
.PublisherPortToplevelSubscriberPortAOC.TestExceptionAttribute: initialize() was not invoked, but wrapup() was.  This is unusual, but not always a problem.  For example, exporting JNLP will do this.
1 ms. Memory: 474112K Free: 304833K (64%)
----------------- Invoking toplevel() on ptolemy.moml.MoMLSimpleApplication@18ad7038
----------------- Done invoking toplevel() on ptolemy.moml.MoMLSimpleApplication@18ad7038
reloadAllAccessors: .PublisherPortToplevelSubscriberPortAOC

===========================================================================================
----------------- testing Tue Sep 10 05:42:58 UTC 2019 /home/travis/build/icyphy/ptII/ptolemy/actor/lib/test/auto/PublisherSubscriber.xml
----------------- Instantiating /home/travis/build/icyphy/ptII/ptolemy/actor/lib/test/auto/PublisherSubscriber.xml
3 ms. Memory: 474112K Free: 297659K (63%)
----------------- Invoking toplevel() on ptolemy.moml.MoMLSimpleApplication@61185b4a
----------------- Done invoking toplevel() on ptolemy.moml.MoMLSimpleApplication@61185b4a
reloadAllAccessors: .PublisherSubscriber

===========================================================================================
----------------- testing Tue Sep 10 05:42:58 UTC 2019 /home/travis/build/icyphy/ptII/ptolemy/actor/lib/test/auto/PublisherSubscriber10.xml
----------------- Instantiating /home/travis/build/icyphy/ptII/ptolemy/actor/lib/test/auto/PublisherSubscriber10.xml
7 ms. Memory: 474112K Free: 287939K (61%)
----------------- Invoking toplevel() on ptolemy.moml.MoMLSimpleApplication@6f4efc0c
----------------- Done invoking toplevel() on ptolemy.moml.MoMLSimpleApplication@6f4efc0c
reloadAllAccessors: .PublisherSubscriber10

===========================================================================================
----------------- testing Tue Sep 10 05:42:58 UTC 2019 /home/travis/build/icyphy/ptII/ptolemy/actor/lib/test/auto/PublisherSubscriber10InitialOutputs.xml
----------------- Instantiating /home/travis/build/icyphy/ptII/ptolemy/actor/lib/test/auto/PublisherSubscriber10InitialOutputs.xml
14 ms. Memory: 474112K Free: 278723K (59%)
----------------- Invoking toplevel() on ptolemy.moml.MoMLSimpleApplication@5de5c442
----------------- Done invoking toplevel() on ptolemy.moml.MoMLSimpleApplication@5de5c442
reloadAllAccessors: .PublisherSubscriber10InitialOutputs

===========================================================================================
----------------- testing Tue Sep 10 05:42:58 UTC 2019 /home/travis/build/icyphy/ptII/ptolemy/actor/lib/test/auto/PublisherSubscriber11.xml
----------------- Instantiating /home/travis/build/icyphy/ptII/ptolemy/actor/lib/test/auto/PublisherSubscriber11.xml
3 ms. Memory: 474112K Free: 272051K (57%)
----------------- Invoking toplevel() on ptolemy.moml.MoMLSimpleApplication@6736751f
----------------- Done invoking toplevel() on ptolemy.moml.MoMLSimpleApplication@6736751f
reloadAllAccessors: .PublisherSubscriber11

===========================================================================================
----------------- testing Tue Sep 10 05:42:58 UTC 2019 /home/travis/build/icyphy/ptII/ptolemy/actor/lib/test/auto/PublisherSubscriber12.xml
----------------- Instantiating /home/travis/build/icyphy/ptII/ptolemy/actor/lib/test/auto/PublisherSubscriber12.xml
5 ms. Memory: 474112K Free: 264897K (56%)
----------------- Invoking toplevel() on ptolemy.moml.MoMLSimpleApplication@4b0aaf92
----------------- Done invoking toplevel() on ptolemy.moml.MoMLSimpleApplication@4b0aaf92
reloadAllAccessors: .PublisherSubscriber12

===========================================================================================
----------------- testing Tue Sep 10 05:42:58 UTC 2019 /home/travis/build/icyphy/ptII/ptolemy/actor/lib/test/auto/PublisherSubscriber13.xml
----------------- Instantiating /home/travis/build/icyphy/ptII/ptolemy/actor/lib/test/auto/PublisherSubscriber13.xml
2 ms. Memory: 474112K Free: 259267K (55%)
----------------- Invoking toplevel() on ptolemy.moml.MoMLSimpleApplication@7b36f78
----------------- Done invoking toplevel() on ptolemy.moml.MoMLSimpleApplication@7b36f78
reloadAllAccessors: .PublisherSubscriber13

===========================================================================================
----------------- testing Tue Sep 10 05:42:58 UTC 2019 /home/travis/build/icyphy/ptII/ptolemy/actor/lib/test/auto/PublisherSubscriber14.xml
----------------- Instantiating /home/travis/build/icyphy/ptII/ptolemy/actor/lib/test/auto/PublisherSubscriber14.xml
2 ms. Memory: 474112K Free: 250547K (53%)
----------------- Invoking toplevel() on ptolemy.moml.MoMLSimpleApplication@284a6c62
----------------- Done invoking toplevel() on ptolemy.moml.MoMLSimpleApplication@284a6c62
reloadAllAccessors: .PublisherSubscriber14

===========================================================================================
----------------- testing Tue Sep 10 05:42:58 UTC 2019 /home/travis/build/icyphy/ptII/ptolemy/actor/lib/test/auto/PublisherSubscriber2.xml
----------------- Instantiating /home/travis/build/icyphy/ptII/ptolemy/actor/lib/test/auto/PublisherSubscriber2.xml
3 ms. Memory: 474112K Free: 244931K (52%)
----------------- Invoking toplevel() on ptolemy.moml.MoMLSimpleApplication@4bde6b62
----------------- Done invoking toplevel() on ptolemy.moml.MoMLSimpleApplication@4bde6b62
reloadAllAccessors: .PublisherSubscriber2

===========================================================================================
----------------- testing Tue Sep 10 05:42:58 UTC 2019 /home/travis/build/icyphy/ptII/ptolemy/actor/lib/test/auto/PublisherSubscriber3.xml
----------------- Instantiating /home/travis/build/icyphy/ptII/ptolemy/actor/lib/test/auto/PublisherSubscriber3.xml
1 ms. Memory: 474112K Free: 239267K (50%)
----------------- Invoking toplevel() on ptolemy.moml.MoMLSimpleApplication@fd84cc3
----------------- Done invoking toplevel() on ptolemy.moml.MoMLSimpleApplication@fd84cc3
reloadAllAccessors: .PublisherSubscriber3

===========================================================================================
----------------- testing Tue Sep 10 05:42:58 UTC 2019 /home/travis/build/icyphy/ptII/ptolemy/actor/lib/test/auto/PublisherSubscriber4.xml
----------------- Instantiating /home/travis/build/icyphy/ptII/ptolemy/actor/lib/test/auto/PublisherSubscriber4.xml
2 ms. Memory: 474112K Free: 233667K (49%)
----------------- Invoking toplevel() on ptolemy.moml.MoMLSimpleApplication@7786917b
----------------- Done invoking toplevel() on ptolemy.moml.MoMLSimpleApplication@7786917b
reloadAllAccessors: .PublisherSubscriber4

===========================================================================================
----------------- testing Tue Sep 10 05:42:58 UTC 2019 /home/travis/build/icyphy/ptII/ptolemy/actor/lib/test/auto/PublisherSubscriber5.xml
----------------- Instantiating /home/travis/build/icyphy/ptII/ptolemy/actor/lib/test/auto/PublisherSubscriber5.xml
2 ms. Memory: 474112K Free: 226995K (48%)
----------------- Invoking toplevel() on ptolemy.moml.MoMLSimpleApplication@7162a137
----------------- Done invoking toplevel() on ptolemy.moml.MoMLSimpleApplication@7162a137
reloadAllAccessors: .PublisherSubscriber5

===========================================================================================
----------------- testing Tue Sep 10 05:42:58 UTC 2019 /home/travis/build/icyphy/ptII/ptolemy/actor/lib/test/auto/PublisherSubscriber6.xml
----------------- Instantiating /home/travis/build/icyphy/ptII/ptolemy/actor/lib/test/auto/PublisherSubscriber6.xml
5 ms. Memory: 474112K Free: 220355K (46%)
----------------- Invoking toplevel() on ptolemy.moml.MoMLSimpleApplication@5919246f
----------------- Done invoking toplevel() on ptolemy.moml.MoMLSimpleApplication@5919246f
reloadAllAccessors: .PublisherSubscriber6

===========================================================================================
----------------- testing Tue Sep 10 05:42:58 UTC 2019 /home/travis/build/icyphy/ptII/ptolemy/actor/lib/test/auto/PublisherSubscriber7.xml
----------------- Instantiating /home/travis/build/icyphy/ptII/ptolemy/actor/lib/test/auto/PublisherSubscriber7.xml
2 ms. Memory: 474112K Free: 213187K (45%)
----------------- Invoking toplevel() on ptolemy.moml.MoMLSimpleApplication@5d7c3dd3
----------------- Done invoking toplevel() on ptolemy.moml.MoMLSimpleApplication@5d7c3dd3
reloadAllAccessors: .PublisherSubscriber7

===========================================================================================
----------------- testing Tue Sep 10 05:42:58 UTC 2019 /home/travis/build/icyphy/ptII/ptolemy/actor/lib/test/auto/PublisherSubscriber8.xml
----------------- Instantiating /home/travis/build/icyphy/ptII/ptolemy/actor/lib/test/auto/PublisherSubscriber8.xml
16 ms. Memory: 474112K Free: 201409K (42%)
----------------- Invoking toplevel() on ptolemy.moml.MoMLSimpleApplication@3f664f53
----------------- Done invoking toplevel() on ptolemy.moml.MoMLSimpleApplication@3f664f53
reloadAllAccessors: .PublisherSubscriber8

===========================================================================================
----------------- testing Tue Sep 10 05:42:58 UTC 2019 /home/travis/build/icyphy/ptII/ptolemy/actor/lib/test/auto/PublisherSubscriber9.xml
----------------- Instantiating /home/travis/build/icyphy/ptII/ptolemy/actor/lib/test/auto/PublisherSubscriber9.xml
4 ms. Memory: 474112K Free: 194235K (41%)
----------------- Invoking toplevel() on ptolemy.moml.MoMLSimpleApplication@386f0373
----------------- Done invoking toplevel() on ptolemy.moml.MoMLSimpleApplication@386f0373
reloadAllAccessors: .PublisherSubscriber9

===========================================================================================
----------------- testing Tue Sep 10 05:42:58 UTC 2019 /home/travis/build/icyphy/ptII/ptolemy/actor/lib/test/auto/PublisherSubscriberAdjacent.xml
----------------- Instantiating /home/travis/build/icyphy/ptII/ptolemy/actor/lib/test/auto/PublisherSubscriberAdjacent.xml
2 ms. Memory: 474112K Free: 186049K (39%)
----------------- Invoking toplevel() on ptolemy.moml.MoMLSimpleApplication@740b17b0
----------------- Done invoking toplevel() on ptolemy.moml.MoMLSimpleApplication@740b17b0
reloadAllAccessors: .PublisherSubscriberAdjacent

===========================================================================================
----------------- testing Tue Sep 10 05:42:58 UTC 2019 /home/travis/build/icyphy/ptII/ptolemy/actor/lib/test/auto/PublisherSubscriberChannelVariablesAOC2.xml
----------------- Instantiating /home/travis/build/icyphy/ptII/ptolemy/actor/lib/test/auto/PublisherSubscriberChannelVariablesAOC2.xml
3 ms. Memory: 474112K Free: 170689K (36%)
----------------- Invoking toplevel() on ptolemy.moml.MoMLSimpleApplication@2ab62f0f
----------------- Done invoking toplevel() on ptolemy.moml.MoMLSimpleApplication@2ab62f0f
reloadAllAccessors: .PublisherSubscriberChannelVariablesAOC2

===========================================================================================
----------------- testing Tue Sep 10 05:42:58 UTC 2019 /home/travis/build/icyphy/ptII/ptolemy/actor/lib/test/auto/PublisherSubscriberD3.xml
----------------- Instantiating /home/travis/build/icyphy/ptII/ptolemy/actor/lib/test/auto/PublisherSubscriberD3.xml
2 ms. Memory: 474112K Free: 163521K (34%)
----------------- Invoking toplevel() on ptolemy.moml.MoMLSimpleApplication@bd384a7
----------------- Done invoking toplevel() on ptolemy.moml.MoMLSimpleApplication@bd384a7
reloadAllAccessors: .PublisherSubscriberD3

===========================================================================================
----------------- testing Tue Sep 10 05:42:58 UTC 2019 /home/travis/build/icyphy/ptII/ptolemy/actor/lib/test/auto/PublisherSubscriberD3Reverse.xml
----------------- Instantiating /home/travis/build/icyphy/ptII/ptolemy/actor/lib/test/auto/PublisherSubscriberD3Reverse.xml
2 ms. Memory: 474112K Free: 157377K (33%)
----------------- Invoking toplevel() on ptolemy.moml.MoMLSimpleApplication@237736d4
----------------- Done invoking toplevel() on ptolemy.moml.MoMLSimpleApplication@237736d4
reloadAllAccessors: .PublisherSubscriberD3Reverse

===========================================================================================
----------------- testing Tue Sep 10 05:42:58 UTC 2019 /home/travis/build/icyphy/ptII/ptolemy/actor/lib/test/auto/PublisherSubscriberExpression.xml
----------------- Instantiating /home/travis/build/icyphy/ptII/ptolemy/actor/lib/test/auto/PublisherSubscriberExpression.xml
3 ms. Memory: 474112K Free: 148675K (31%)
----------------- Invoking toplevel() on ptolemy.moml.MoMLSimpleApplication@49a224df
----------------- Done invoking toplevel() on ptolemy.moml.MoMLSimpleApplication@49a224df
reloadAllAccessors: .PublisherSubscriberExpression

===========================================================================================
----------------- testing Tue Sep 10 05:42:58 UTC 2019 /home/travis/build/icyphy/ptII/ptolemy/actor/lib/test/auto/PublisherSubscriberOpaque.xml
----------------- Instantiating /home/travis/build/icyphy/ptII/ptolemy/actor/lib/test/auto/PublisherSubscriberOpaque.xml
3 ms. Memory: 474112K Free: 419678K (89%)
----------------- Invoking toplevel() on ptolemy.moml.MoMLSimpleApplication@14efcbce
----------------- Done invoking toplevel() on ptolemy.moml.MoMLSimpleApplication@14efcbce
reloadAllAccessors: .PublisherSubscriberOpaque

===========================================================================================
----------------- testing Tue Sep 10 05:42:58 UTC 2019 /home/travis/build/icyphy/ptII/ptolemy/actor/lib/test/auto/PublisherSubscriberOpaqueD3.xml
----------------- Instantiating /home/travis/build/icyphy/ptII/ptolemy/actor/lib/test/auto/PublisherSubscriberOpaqueD3.xml
5 ms. Memory: 474112K Free: 407900K (86%)
----------------- Invoking toplevel() on ptolemy.moml.MoMLSimpleApplication@71f86950
----------------- Done invoking toplevel() on ptolemy.moml.MoMLSimpleApplication@71f86950
reloadAllAccessors: .PublisherSubscriberOpaqueD3

===========================================================================================
----------------- testing Tue Sep 10 05:42:58 UTC 2019 /home/travis/build/icyphy/ptII/ptolemy/actor/lib/test/auto/PublisherSubscriberOpaqueD3Reverse.xml
----------------- Instantiating /home/travis/build/icyphy/ptII/ptolemy/actor/lib/test/auto/PublisherSubscriberOpaqueD3Reverse.xml
8 ms. Memory: 474112K Free: 397150K (84%)
----------------- Invoking toplevel() on ptolemy.moml.MoMLSimpleApplication@1e49c236
----------------- Done invoking toplevel() on ptolemy.moml.MoMLSimpleApplication@1e49c236
reloadAllAccessors: .PublisherSubscriberOpaqueD3Reverse

===========================================================================================
----------------- testing Tue Sep 10 05:42:58 UTC 2019 /home/travis/build/icyphy/ptII/ptolemy/actor/lib/test/auto/PublisherSubscriberOpaqueWidthInference.xml
----------------- Instantiating /home/travis/build/icyphy/ptII/ptolemy/actor/lib/test/auto/PublisherSubscriberOpaqueWidthInference.xml
3 ms. Memory: 474112K Free: 388958K (82%)
----------------- Invoking toplevel() on ptolemy.moml.MoMLSimpleApplication@43a2a921
----------------- Done invoking toplevel() on ptolemy.moml.MoMLSimpleApplication@43a2a921
reloadAllAccessors: .PublisherSubscriberOpaqueWidthInference

===========================================================================================
----------------- testing Tue Sep 10 05:42:58 UTC 2019 /home/travis/build/icyphy/ptII/ptolemy/actor/lib/test/auto/PublisherTestSubscriber.xml
----------------- Instantiating /home/travis/build/icyphy/ptII/ptolemy/actor/lib/test/auto/PublisherTestSubscriber.xml
2 ms. Memory: 474112K Free: 380766K (80%)
----------------- Invoking toplevel() on ptolemy.moml.MoMLSimpleApplication@7fc735d1
----------------- Done invoking toplevel() on ptolemy.moml.MoMLSimpleApplication@7fc735d1
reloadAllAccessors: .PublisherTestSubscriber

===========================================================================================
----------------- testing Tue Sep 10 05:42:58 UTC 2019 /home/travis/build/icyphy/ptII/ptolemy/actor/lib/test/auto/PublisherToplevelSubscriberPortAOC.xml
----------------- Instantiating /home/travis/build/icyphy/ptII/ptolemy/actor/lib/test/auto/PublisherToplevelSubscriberPortAOC.xml
2 ms. Memory: 474112K Free: 374622K (79%)
----------------- Invoking toplevel() on ptolemy.moml.MoMLSimpleApplication@21b1505e
----------------- Done invoking toplevel() on ptolemy.moml.MoMLSimpleApplication@21b1505e
reloadAllAccessors: .PublisherToplevelSubscriberPortAOC

===========================================================================================
----------------- testing Tue Sep 10 05:42:58 UTC 2019 /home/travis/build/icyphy/ptII/ptolemy/actor/lib/test/auto/PulseFiringLimitDE.xml
----------------- Instantiating /home/travis/build/icyphy/ptII/ptolemy/actor/lib/test/auto/PulseFiringLimitDE.xml
2 ms. Memory: 474112K Free: 367964K (78%)
----------------- Invoking toplevel() on ptolemy.moml.MoMLSimpleApplication@6eefa519
----------------- Done invoking toplevel() on ptolemy.moml.MoMLSimpleApplication@6eefa519
reloadAllAccessors: .PulseFiringLimitDE

===========================================================================================
----------------- testing Tue Sep 10 05:42:58 UTC 2019 /home/travis/build/icyphy/ptII/ptolemy/actor/lib/test/auto/Ramp1.xml
----------------- Instantiating /home/travis/build/icyphy/ptII/ptolemy/actor/lib/test/auto/Ramp1.xml
1 ms. Memory: 474112K Free: 363862K (77%)
----------------- Invoking toplevel() on ptolemy.moml.MoMLSimpleApplication@29171af9
----------------- Done invoking toplevel() on ptolemy.moml.MoMLSimpleApplication@29171af9
reloadAllAccessors: .Ramp1

===========================================================================================
----------------- testing Tue Sep 10 05:42:58 UTC 2019 /home/travis/build/icyphy/ptII/ptolemy/actor/lib/test/auto/RampFiringLimitDE.xml
----------------- Instantiating /home/travis/build/icyphy/ptII/ptolemy/actor/lib/test/auto/RampFiringLimitDE.xml
2 ms. Memory: 474112K Free: 357710K (75%)
----------------- Invoking toplevel() on ptolemy.moml.MoMLSimpleApplication@2178465a
----------------- Done invoking toplevel() on ptolemy.moml.MoMLSimpleApplication@2178465a
reloadAllAccessors: .RampFiringLimitDE

===========================================================================================
----------------- testing Tue Sep 10 05:42:58 UTC 2019 /home/travis/build/icyphy/ptII/ptolemy/actor/lib/test/auto/RampFiringLimitSDF.xml
----------------- Instantiating /home/travis/build/icyphy/ptII/ptolemy/actor/lib/test/auto/RampFiringLimitSDF.xml
2 ms. Memory: 474112K Free: 352590K (74%)
----------------- Invoking toplevel() on ptolemy.moml.MoMLSimpleApplication@6487ed7d
----------------- Done invoking toplevel() on ptolemy.moml.MoMLSimpleApplication@6487ed7d
reloadAllAccessors: .RampFiringLimitSDF

===========================================================================================
----------------- testing Tue Sep 10 05:42:58 UTC 2019 /home/travis/build/icyphy/ptII/ptolemy/actor/lib/test/auto/RandomInteger.xml
----------------- Instantiating /home/travis/build/icyphy/ptII/ptolemy/actor/lib/test/auto/RandomInteger.xml
1 ms. Memory: 474112K Free: 347998K (73%)
----------------- Invoking toplevel() on ptolemy.moml.MoMLSimpleApplication@2db8ee6
----------------- Done invoking toplevel() on ptolemy.moml.MoMLSimpleApplication@2db8ee6
reloadAllAccessors: .RandomInteger

===========================================================================================
----------------- testing Tue Sep 10 05:42:58 UTC 2019 /home/travis/build/icyphy/ptII/ptolemy/actor/lib/test/auto/ReadFile1.xml
----------------- Instantiating /home/travis/build/icyphy/ptII/ptolemy/actor/lib/test/auto/ReadFile1.xml
1 ms. Memory: 474112K Free: 343388K (72%)
----------------- Invoking toplevel() on ptolemy.moml.MoMLSimpleApplication@3084104c
----------------- Done invoking toplevel() on ptolemy.moml.MoMLSimpleApplication@3084104c
reloadAllAccessors: .ReadFile1

===========================================================================================
----------------- testing Tue Sep 10 05:42:58 UTC 2019 /home/travis/build/icyphy/ptII/ptolemy/actor/lib/test/auto/ReadFile2.xml
----------------- Instantiating /home/travis/build/icyphy/ptII/ptolemy/actor/lib/test/auto/ReadFile2.xml
1 ms. Memory: 474112K Free: 339292K (72%)
----------------- Invoking toplevel() on ptolemy.moml.MoMLSimpleApplication@d968ed6
----------------- Done invoking toplevel() on ptolemy.moml.MoMLSimpleApplication@d968ed6
reloadAllAccessors: .ReadFile2

===========================================================================================
----------------- testing Tue Sep 10 05:42:58 UTC 2019 /home/travis/build/icyphy/ptII/ptolemy/actor/lib/test/auto/Reader.xml
----------------- Instantiating /home/travis/build/icyphy/ptII/ptolemy/actor/lib/test/auto/Reader.xml
actor.lib.Reader is obsolete, use actor.lib.io.ExpressionReader instead
4 ms. Memory: 474112K Free: 335196K (71%)
----------------- Invoking toplevel() on ptolemy.moml.MoMLSimpleApplication@8c0d9df
----------------- Done invoking toplevel() on ptolemy.moml.MoMLSimpleApplication@8c0d9df
reloadAllAccessors: .Reader

===========================================================================================
----------------- testing Tue Sep 10 05:42:58 UTC 2019 /home/travis/build/icyphy/ptII/ptolemy/actor/lib/test/auto/RecordAssemblerDisplayNameTest.xml
----------------- Instantiating /home/travis/build/icyphy/ptII/ptolemy/actor/lib/test/auto/RecordAssemblerDisplayNameTest.xml
3725 ms. Memory: 474112K Free: 240419K (51%)
----------------- Invoking toplevel() on ptolemy.moml.MoMLSimpleApplication@36bd1df3
----------------- Done invoking toplevel() on ptolemy.moml.MoMLSimpleApplication@36bd1df3
reloadAllAccessors: .RecordAssemblerDisplayNameTest

===========================================================================================
----------------- testing Tue Sep 10 05:43:02 UTC 2019 /home/travis/build/icyphy/ptII/ptolemy/actor/lib/test/auto/RecordAssemblerTypeError.xml
----------------- Instantiating /home/travis/build/icyphy/ptII/ptolemy/actor/lib/test/auto/RecordAssemblerTypeError.xml
10 ms. Memory: 474112K Free: 230689K (49%)
----------------- Invoking toplevel() on ptolemy.moml.MoMLSimpleApplication@4eb8ed10
----------------- Done invoking toplevel() on ptolemy.moml.MoMLSimpleApplication@4eb8ed10
reloadAllAccessors: .RecordAssemblerTypeError

===========================================================================================
----------------- testing Tue Sep 10 05:43:02 UTC 2019 /home/travis/build/icyphy/ptII/ptolemy/actor/lib/test/auto/RecordDisassember.xml
----------------- Instantiating /home/travis/build/icyphy/ptII/ptolemy/actor/lib/test/auto/RecordDisassember.xml
5 ms. Memory: 474112K Free: 225538K (48%)
----------------- Invoking toplevel() on ptolemy.moml.MoMLSimpleApplication@48927550
----------------- Done invoking toplevel() on ptolemy.moml.MoMLSimpleApplication@48927550
reloadAllAccessors: .RecordDisassember

===========================================================================================
----------------- testing Tue Sep 10 05:43:02 UTC 2019 /home/travis/build/icyphy/ptII/ptolemy/actor/lib/test/auto/RecordDisassemberDisplayNameTest.xml
----------------- Instantiating /home/travis/build/icyphy/ptII/ptolemy/actor/lib/test/auto/RecordDisassemberDisplayNameTest.xml
17 ms. Memory: 474112K Free: 217891K (46%)
----------------- Invoking toplevel() on ptolemy.moml.MoMLSimpleApplication@310ec381
----------------- Done invoking toplevel() on ptolemy.moml.MoMLSimpleApplication@310ec381
reloadAllAccessors: .RecordDisassemberDisplayNameTest

===========================================================================================
----------------- testing Tue Sep 10 05:43:02 UTC 2019 /home/travis/build/icyphy/ptII/ptolemy/actor/lib/test/auto/RecordDisassembler.xml
----------------- Instantiating /home/travis/build/icyphy/ptII/ptolemy/actor/lib/test/auto/RecordDisassembler.xml
3 ms. Memory: 474112K Free: 212771K (45%)
----------------- Invoking toplevel() on ptolemy.moml.MoMLSimpleApplication@543c56f2
----------------- Done invoking toplevel() on ptolemy.moml.MoMLSimpleApplication@543c56f2
reloadAllAccessors: .RecordDisassembler

===========================================================================================
----------------- testing Tue Sep 10 05:43:02 UTC 2019 /home/travis/build/icyphy/ptII/ptolemy/actor/lib/test/auto/RecordDisassembler2.xml
----------------- Instantiating /home/travis/build/icyphy/ptII/ptolemy/actor/lib/test/auto/RecordDisassembler2.xml
3 ms. Memory: 474112K Free: 207651K (44%)
----------------- Invoking toplevel() on ptolemy.moml.MoMLSimpleApplication@5483c84a
----------------- Done invoking toplevel() on ptolemy.moml.MoMLSimpleApplication@5483c84a
reloadAllAccessors: .RecordDisassembler2

===========================================================================================
----------------- testing Tue Sep 10 05:43:02 UTC 2019 /home/travis/build/icyphy/ptII/ptolemy/actor/lib/test/auto/RecordUpdater.xml
----------------- Instantiating /home/travis/build/icyphy/ptII/ptolemy/actor/lib/test/auto/RecordUpdater.xml
2 ms. Memory: 474112K Free: 202531K (43%)
----------------- Invoking toplevel() on ptolemy.moml.MoMLSimpleApplication@497ec3ba
----------------- Done invoking toplevel() on ptolemy.moml.MoMLSimpleApplication@497ec3ba
reloadAllAccessors: .RecordUpdater

===========================================================================================
----------------- testing Tue Sep 10 05:43:02 UTC 2019 /home/travis/build/icyphy/ptII/ptolemy/actor/lib/test/auto/RecordUpdater2.xml
----------------- Instantiating /home/travis/build/icyphy/ptII/ptolemy/actor/lib/test/auto/RecordUpdater2.xml
3 ms. Memory: 474112K Free: 196897K (42%)
----------------- Invoking toplevel() on ptolemy.moml.MoMLSimpleApplication@5ddbfc0
----------------- Done invoking toplevel() on ptolemy.moml.MoMLSimpleApplication@5ddbfc0
reloadAllAccessors: .RecordUpdater2

===========================================================================================
----------------- testing Tue Sep 10 05:43:02 UTC 2019 /home/travis/build/icyphy/ptII/ptolemy/actor/lib/test/auto/RecursiveLattice.xml
----------------- Instantiating /home/travis/build/icyphy/ptII/ptolemy/actor/lib/test/auto/RecursiveLattice.xml
2 ms. Memory: 474112K Free: 192801K (41%)
----------------- Invoking toplevel() on ptolemy.moml.MoMLSimpleApplication@773649ed
----------------- Done invoking toplevel() on ptolemy.moml.MoMLSimpleApplication@773649ed
reloadAllAccessors: .RecursiveLattice

===========================================================================================
----------------- testing Tue Sep 10 05:43:02 UTC 2019 /home/travis/build/icyphy/ptII/ptolemy/actor/lib/test/auto/Router.xml
----------------- Instantiating /home/travis/build/icyphy/ptII/ptolemy/actor/lib/test/auto/Router.xml
3005 ms. Memory: 474112K Free: 182051K (38%)
----------------- Invoking toplevel() on ptolemy.moml.MoMLSimpleApplication@4eba339c
----------------- Done invoking toplevel() on ptolemy.moml.MoMLSimpleApplication@4eba339c
reloadAllAccessors: .Router

===========================================================================================
----------------- testing Tue Sep 10 05:43:05 UTC 2019 /home/travis/build/icyphy/ptII/ptolemy/actor/lib/test/auto/Router2.xml
----------------- Instantiating /home/travis/build/icyphy/ptII/ptolemy/actor/lib/test/auto/Router2.xml
3003 ms. Memory: 474112K Free: 171811K (36%)
----------------- Invoking toplevel() on ptolemy.moml.MoMLSimpleApplication@29cdb4a5
----------------- Done invoking toplevel() on ptolemy.moml.MoMLSimpleApplication@29cdb4a5
reloadAllAccessors: .Router2

===========================================================================================
----------------- testing Tue Sep 10 05:43:08 UTC 2019 /home/travis/build/icyphy/ptII/ptolemy/actor/lib/test/auto/RunningMaximum.xml
----------------- Instantiating /home/travis/build/icyphy/ptII/ptolemy/actor/lib/test/auto/RunningMaximum.xml
2 ms. Memory: 474112K Free: 166691K (35%)
----------------- Invoking toplevel() on ptolemy.moml.MoMLSimpleApplication@20eddb8a
----------------- Done invoking toplevel() on ptolemy.moml.MoMLSimpleApplication@20eddb8a
reloadAllAccessors: .RunningMaximum

===========================================================================================
----------------- testing Tue Sep 10 05:43:08 UTC 2019 /home/travis/build/icyphy/ptII/ptolemy/actor/lib/test/auto/RunningMinimum.xml
----------------- Instantiating /home/travis/build/icyphy/ptII/ptolemy/actor/lib/test/auto/RunningMinimum.xml
8 ms. Memory: 474112K Free: 162081K (34%)
----------------- Invoking toplevel() on ptolemy.moml.MoMLSimpleApplication@10f8e30e
----------------- Done invoking toplevel() on ptolemy.moml.MoMLSimpleApplication@10f8e30e
reloadAllAccessors: .RunningMinimum

===========================================================================================
----------------- testing Tue Sep 10 05:43:09 UTC 2019 /home/travis/build/icyphy/ptII/ptolemy/actor/lib/test/auto/Scale.xml
----------------- Instantiating /home/travis/build/icyphy/ptII/ptolemy/actor/lib/test/auto/Scale.xml
1 ms. Memory: 474112K Free: 157475K (33%)
----------------- Invoking toplevel() on ptolemy.moml.MoMLSimpleApplication@7be179fc
----------------- Done invoking toplevel() on ptolemy.moml.MoMLSimpleApplication@7be179fc
reloadAllAccessors: .Scale

===========================================================================================
----------------- testing Tue Sep 10 05:43:09 UTC 2019 /home/travis/build/icyphy/ptII/ptolemy/actor/lib/test/auto/Scale2.xml
----------------- Instantiating /home/travis/build/icyphy/ptII/ptolemy/actor/lib/test/auto/Scale2.xml
1 ms. Memory: 474112K Free: 152865K (32%)
----------------- Invoking toplevel() on ptolemy.moml.MoMLSimpleApplication@76132e87
----------------- Done invoking toplevel() on ptolemy.moml.MoMLSimpleApplication@76132e87
reloadAllAccessors: .Scale2

===========================================================================================
----------------- testing Tue Sep 10 05:43:09 UTC 2019 /home/travis/build/icyphy/ptII/ptolemy/actor/lib/test/auto/Scale3.xml
----------------- Instantiating /home/travis/build/icyphy/ptII/ptolemy/actor/lib/test/auto/Scale3.xml
3 ms. Memory: 474112K Free: 146211K (31%)
----------------- Invoking toplevel() on ptolemy.moml.MoMLSimpleApplication@5c2675cb
----------------- Done invoking toplevel() on ptolemy.moml.MoMLSimpleApplication@5c2675cb
reloadAllAccessors: .Scale3

===========================================================================================
----------------- testing Tue Sep 10 05:43:09 UTC 2019 /home/travis/build/icyphy/ptII/ptolemy/actor/lib/test/auto/ScaleArray.xml
----------------- Instantiating /home/travis/build/icyphy/ptII/ptolemy/actor/lib/test/auto/ScaleArray.xml
2 ms. Memory: 474112K Free: 421153K (89%)
----------------- Invoking toplevel() on ptolemy.moml.MoMLSimpleApplication@4282e5f3
----------------- Done invoking toplevel() on ptolemy.moml.MoMLSimpleApplication@4282e5f3
reloadAllAccessors: .ScaleArray

===========================================================================================
----------------- testing Tue Sep 10 05:43:09 UTC 2019 /home/travis/build/icyphy/ptII/ptolemy/actor/lib/test/auto/ScaleArray2.xml
----------------- Instantiating /home/travis/build/icyphy/ptII/ptolemy/actor/lib/test/auto/ScaleArray2.xml
1 ms. Memory: 474112K Free: 416547K (88%)
----------------- Invoking toplevel() on ptolemy.moml.MoMLSimpleApplication@78a1d2ff
----------------- Done invoking toplevel() on ptolemy.moml.MoMLSimpleApplication@78a1d2ff
reloadAllAccessors: .ScaleArray2

===========================================================================================
----------------- testing Tue Sep 10 05:43:09 UTC 2019 /home/travis/build/icyphy/ptII/ptolemy/actor/lib/test/auto/ScaleMatrix.xml
----------------- Instantiating /home/travis/build/icyphy/ptII/ptolemy/actor/lib/test/auto/ScaleMatrix.xml
169 ms. Memory: 474112K Free: 403235K (85%)
----------------- Invoking toplevel() on ptolemy.moml.MoMLSimpleApplication@5a87840d
----------------- Done invoking toplevel() on ptolemy.moml.MoMLSimpleApplication@5a87840d
reloadAllAccessors: .ScaleMatrix

===========================================================================================
----------------- testing Tue Sep 10 05:43:09 UTC 2019 /home/travis/build/icyphy/ptII/ptolemy/actor/lib/test/auto/Select.xml
----------------- Instantiating /home/travis/build/icyphy/ptII/ptolemy/actor/lib/test/auto/Select.xml
7 ms. Memory: 474112K Free: 396546K (84%)
----------------- Invoking toplevel() on ptolemy.moml.MoMLSimpleApplication@130acc15
----------------- Done invoking toplevel() on ptolemy.moml.MoMLSimpleApplication@130acc15
reloadAllAccessors: .Select

===========================================================================================
----------------- testing Tue Sep 10 05:43:09 UTC 2019 /home/travis/build/icyphy/ptII/ptolemy/actor/lib/test/auto/Select2.xml
----------------- Instantiating /home/travis/build/icyphy/ptII/ptolemy/actor/lib/test/auto/Select2.xml
1 ms. Memory: 474112K Free: 391971K (83%)
----------------- Invoking toplevel() on ptolemy.moml.MoMLSimpleApplication@3142c5b7
----------------- Done invoking toplevel() on ptolemy.moml.MoMLSimpleApplication@3142c5b7
reloadAllAccessors: .Select2

===========================================================================================
----------------- testing Tue Sep 10 05:43:09 UTC 2019 /home/travis/build/icyphy/ptII/ptolemy/actor/lib/test/auto/SequenceToArray2.xml
----------------- Instantiating /home/travis/build/icyphy/ptII/ptolemy/actor/lib/test/auto/SequenceToArray2.xml
117 ms. Memory: 474112K Free: 367890K (78%)
----------------- Invoking toplevel() on ptolemy.moml.MoMLSimpleApplication@1d44df2e
----------------- Done invoking toplevel() on ptolemy.moml.MoMLSimpleApplication@1d44df2e
reloadAllAccessors: .SequenceToArray2

===========================================================================================
----------------- testing Tue Sep 10 05:43:09 UTC 2019 /home/travis/build/icyphy/ptII/ptolemy/actor/lib/test/auto/SequentialClock.xml
----------------- Instantiating /home/travis/build/icyphy/ptII/ptolemy/actor/lib/test/auto/SequentialClock.xml
1 ms. Memory: 474112K Free: 363299K (77%)
----------------- Invoking toplevel() on ptolemy.moml.MoMLSimpleApplication@2cc88056
----------------- Done invoking toplevel() on ptolemy.moml.MoMLSimpleApplication@2cc88056
reloadAllAccessors: .SequentialClock

===========================================================================================
----------------- testing Tue Sep 10 05:43:09 UTC 2019 /home/travis/build/icyphy/ptII/ptolemy/actor/lib/test/auto/SetVariable.xml
----------------- Instantiating /home/travis/build/icyphy/ptII/ptolemy/actor/lib/test/auto/SetVariable.xml
9 ms. Memory: 474112K Free: 358689K (76%)
----------------- Invoking toplevel() on ptolemy.moml.MoMLSimpleApplication@908736
----------------- Done invoking toplevel() on ptolemy.moml.MoMLSimpleApplication@908736
reloadAllAccessors: .SetVariable

===========================================================================================
----------------- testing Tue Sep 10 05:43:09 UTC 2019 /home/travis/build/icyphy/ptII/ptolemy/actor/lib/test/auto/SetVariable2.xml
----------------- Instantiating /home/travis/build/icyphy/ptII/ptolemy/actor/lib/test/auto/SetVariable2.xml
4 ms. Memory: 474112K Free: 353569K (75%)
----------------- Invoking toplevel() on ptolemy.moml.MoMLSimpleApplication@6c328c12
----------------- Done invoking toplevel() on ptolemy.moml.MoMLSimpleApplication@6c328c12
reloadAllAccessors: .SetVariable2

===========================================================================================
----------------- testing Tue Sep 10 05:43:09 UTC 2019 /home/travis/build/icyphy/ptII/ptolemy/actor/lib/test/auto/SetVariable3.xml
----------------- Instantiating /home/travis/build/icyphy/ptII/ptolemy/actor/lib/test/auto/SetVariable3.xml
6 ms. Memory: 474112K Free: 347939K (73%)
----------------- Invoking toplevel() on ptolemy.moml.MoMLSimpleApplication@68c8225a
----------------- Done invoking toplevel() on ptolemy.moml.MoMLSimpleApplication@68c8225a
reloadAllAccessors: .SetVariable3

===========================================================================================
----------------- testing Tue Sep 10 05:43:09 UTC 2019 /home/travis/build/icyphy/ptII/ptolemy/actor/lib/test/auto/SetVariable4.xml
----------------- Instantiating /home/travis/build/icyphy/ptII/ptolemy/actor/lib/test/auto/SetVariable4.xml
16 ms. Memory: 474112K Free: 338723K (71%)
----------------- Invoking toplevel() on ptolemy.moml.MoMLSimpleApplication@5f399ee1
----------------- Done invoking toplevel() on ptolemy.moml.MoMLSimpleApplication@5f399ee1
reloadAllAccessors: .SetVariable4

===========================================================================================
----------------- testing Tue Sep 10 05:43:09 UTC 2019 /home/travis/build/icyphy/ptII/ptolemy/actor/lib/test/auto/SetVariable5.xml
----------------- Instantiating /home/travis/build/icyphy/ptII/ptolemy/actor/lib/test/auto/SetVariable5.xml
18 ms. Memory: 474112K Free: 329507K (69%)
----------------- Invoking toplevel() on ptolemy.moml.MoMLSimpleApplication@776acaed
----------------- Done invoking toplevel() on ptolemy.moml.MoMLSimpleApplication@776acaed
reloadAllAccessors: .SetVariable5

===========================================================================================
----------------- testing Tue Sep 10 05:43:09 UTC 2019 /home/travis/build/icyphy/ptII/ptolemy/actor/lib/test/auto/Sinewave.xml
----------------- Instantiating /home/travis/build/icyphy/ptII/ptolemy/actor/lib/test/auto/Sinewave.xml
6 ms. Memory: 474112K Free: 319267K (67%)
----------------- Invoking toplevel() on ptolemy.moml.MoMLSimpleApplication@587e6bc1
----------------- Done invoking toplevel() on ptolemy.moml.MoMLSimpleApplication@587e6bc1
reloadAllAccessors: .Sinewave

===========================================================================================
----------------- testing Tue Sep 10 05:43:09 UTC 2019 /home/travis/build/icyphy/ptII/ptolemy/actor/lib/test/auto/Sinewave2.xml
----------------- Instantiating /home/travis/build/icyphy/ptII/ptolemy/actor/lib/test/auto/Sinewave2.xml
11 ms. Memory: 474112K Free: 310561K (66%)
----------------- Invoking toplevel() on ptolemy.moml.MoMLSimpleApplication@5a1780fd
----------------- Done invoking toplevel() on ptolemy.moml.MoMLSimpleApplication@5a1780fd
reloadAllAccessors: .Sinewave2

===========================================================================================
----------------- testing Tue Sep 10 05:43:09 UTC 2019 /home/travis/build/icyphy/ptII/ptolemy/actor/lib/test/auto/Sinewave3.xml
----------------- Instantiating /home/travis/build/icyphy/ptII/ptolemy/actor/lib/test/auto/Sinewave3.xml
9 ms. Memory: 474112K Free: 302354K (64%)
----------------- Invoking toplevel() on ptolemy.moml.MoMLSimpleApplication@493ab615
----------------- Done invoking toplevel() on ptolemy.moml.MoMLSimpleApplication@493ab615
reloadAllAccessors: .Sinewave3

===========================================================================================
----------------- testing Tue Sep 10 05:43:09 UTC 2019 /home/travis/build/icyphy/ptII/ptolemy/actor/lib/test/auto/SingleEvent.xml
----------------- Instantiating /home/travis/build/icyphy/ptII/ptolemy/actor/lib/test/auto/SingleEvent.xml
1 ms. Memory: 474112K Free: 298273K (63%)
----------------- Invoking toplevel() on ptolemy.moml.MoMLSimpleApplication@6f676456
----------------- Done invoking toplevel() on ptolemy.moml.MoMLSimpleApplication@6f676456
reloadAllAccessors: .SingleEvent

===========================================================================================
----------------- testing Tue Sep 10 05:43:09 UTC 2019 /home/travis/build/icyphy/ptII/ptolemy/actor/lib/test/auto/Sleep.xml
----------------- Instantiating /home/travis/build/icyphy/ptII/ptolemy/actor/lib/test/auto/Sleep.xml
6003 ms. Memory: 474112K Free: 292129K (62%)
----------------- Invoking toplevel() on ptolemy.moml.MoMLSimpleApplication@5a020df5
----------------- Done invoking toplevel() on ptolemy.moml.MoMLSimpleApplication@5a020df5
reloadAllAccessors: .Sleep

===========================================================================================
----------------- testing Tue Sep 10 05:43:15 UTC 2019 /home/travis/build/icyphy/ptII/ptolemy/actor/lib/test/auto/SleepMultipleFire.xml
----------------- Instantiating /home/travis/build/icyphy/ptII/ptolemy/actor/lib/test/auto/SleepMultipleFire.xml
1005 ms. Memory: 474112K Free: 286499K (60%)
----------------- Invoking toplevel() on ptolemy.moml.MoMLSimpleApplication@482b986d
----------------- Done invoking toplevel() on ptolemy.moml.MoMLSimpleApplication@482b986d
reloadAllAccessors: .SleepMultipleFire

===========================================================================================
----------------- testing Tue Sep 10 05:43:16 UTC 2019 /home/travis/build/icyphy/ptII/ptolemy/actor/lib/test/auto/StopDE.xml
----------------- Instantiating /home/travis/build/icyphy/ptII/ptolemy/actor/lib/test/auto/StopDE.xml
5 ms. Memory: 474112K Free: 280865K (59%)
----------------- Invoking toplevel() on ptolemy.moml.MoMLSimpleApplication@6760093
----------------- Done invoking toplevel() on ptolemy.moml.MoMLSimpleApplication@6760093
reloadAllAccessors: .StopDE

===========================================================================================
----------------- testing Tue Sep 10 05:43:16 UTC 2019 /home/travis/build/icyphy/ptII/ptolemy/actor/lib/test/auto/StopSDF.xml
----------------- Instantiating /home/travis/build/icyphy/ptII/ptolemy/actor/lib/test/auto/StopSDF.xml
3 ms. Memory: 474112K Free: 275235K (58%)
----------------- Invoking toplevel() on ptolemy.moml.MoMLSimpleApplication@31133111
----------------- Done invoking toplevel() on ptolemy.moml.MoMLSimpleApplication@31133111
reloadAllAccessors: .StopSDF

===========================================================================================
----------------- testing Tue Sep 10 05:43:16 UTC 2019 /home/travis/build/icyphy/ptII/ptolemy/actor/lib/test/auto/StringConstant.xml
----------------- Instantiating /home/travis/build/icyphy/ptII/ptolemy/actor/lib/test/auto/StringConstant.xml
7 ms. Memory: 474112K Free: 271139K (57%)
----------------- Invoking toplevel() on ptolemy.moml.MoMLSimpleApplication@645c0192
----------------- Done invoking toplevel() on ptolemy.moml.MoMLSimpleApplication@645c0192
reloadAllAccessors: .StringConstant

===========================================================================================
----------------- testing Tue Sep 10 05:43:16 UTC 2019 /home/travis/build/icyphy/ptII/ptolemy/actor/lib/test/auto/SubscriberPortInitialValues1.xml
----------------- Instantiating /home/travis/build/icyphy/ptII/ptolemy/actor/lib/test/auto/SubscriberPortInitialValues1.xml
9 ms. Memory: 474112K Free: 262433K (55%)
----------------- Invoking toplevel() on ptolemy.moml.MoMLSimpleApplication@6c566730
----------------- Done invoking toplevel() on ptolemy.moml.MoMLSimpleApplication@6c566730
reloadAllAccessors: .SubscriberPortInitialValues1

===========================================================================================
----------------- testing Tue Sep 10 05:43:16 UTC 2019 /home/travis/build/icyphy/ptII/ptolemy/actor/lib/test/auto/SubscriberPortInitialValues13.xml
----------------- Instantiating /home/travis/build/icyphy/ptII/ptolemy/actor/lib/test/auto/SubscriberPortInitialValues13.xml
5 ms. Memory: 474112K Free: 249121K (53%)
----------------- Invoking toplevel() on ptolemy.moml.MoMLSimpleApplication@617f781
----------------- Done invoking toplevel() on ptolemy.moml.MoMLSimpleApplication@617f781
reloadAllAccessors: .SubscriberPortInitialValues13

===========================================================================================
----------------- testing Tue Sep 10 05:43:16 UTC 2019 /home/travis/build/icyphy/ptII/ptolemy/actor/lib/test/auto/SubscriberPortInitialValues14.xml
----------------- Instantiating /home/travis/build/icyphy/ptII/ptolemy/actor/lib/test/auto/SubscriberPortInitialValues14.xml
4 ms. Memory: 474112K Free: 240929K (51%)
----------------- Invoking toplevel() on ptolemy.moml.MoMLSimpleApplication@589fbeed
----------------- Done invoking toplevel() on ptolemy.moml.MoMLSimpleApplication@589fbeed
reloadAllAccessors: .SubscriberPortInitialValues14

===========================================================================================
----------------- testing Tue Sep 10 05:43:16 UTC 2019 /home/travis/build/icyphy/ptII/ptolemy/actor/lib/test/auto/SubscriberPortInitialValues2.xml
----------------- Instantiating /home/travis/build/icyphy/ptII/ptolemy/actor/lib/test/auto/SubscriberPortInitialValues2.xml
13 ms. Memory: 474112K Free: 233251K (49%)
----------------- Invoking toplevel() on ptolemy.moml.MoMLSimpleApplication@5f45b310
----------------- Done invoking toplevel() on ptolemy.moml.MoMLSimpleApplication@5f45b310
reloadAllAccessors: .SubscriberPortInitialValues2

===========================================================================================
----------------- testing Tue Sep 10 05:43:16 UTC 2019 /home/travis/build/icyphy/ptII/ptolemy/actor/lib/test/auto/SubscriberPortInitialValues3.xml
----------------- Instantiating /home/travis/build/icyphy/ptII/ptolemy/actor/lib/test/auto/SubscriberPortInitialValues3.xml
5 ms. Memory: 474112K Free: 222497K (47%)
----------------- Invoking toplevel() on ptolemy.moml.MoMLSimpleApplication@62167824
----------------- Done invoking toplevel() on ptolemy.moml.MoMLSimpleApplication@62167824
reloadAllAccessors: .SubscriberPortInitialValues3

===========================================================================================
----------------- testing Tue Sep 10 05:43:16 UTC 2019 /home/travis/build/icyphy/ptII/ptolemy/actor/lib/test/auto/SubscriptionAggregator.xml
----------------- Instantiating /home/travis/build/icyphy/ptII/ptolemy/actor/lib/test/auto/SubscriptionAggregator.xml
2 ms. Memory: 474112K Free: 214819K (45%)
----------------- Invoking toplevel() on ptolemy.moml.MoMLSimpleApplication@623a6a68
----------------- Done invoking toplevel() on ptolemy.moml.MoMLSimpleApplication@623a6a68
reloadAllAccessors: .SubscriptionAggregator

===========================================================================================
----------------- testing Tue Sep 10 05:43:16 UTC 2019 /home/travis/build/icyphy/ptII/ptolemy/actor/lib/test/auto/SubscriptionAggregator2.xml
----------------- Instantiating /home/travis/build/icyphy/ptII/ptolemy/actor/lib/test/auto/SubscriptionAggregator2.xml
3 ms. Memory: 474112K Free: 208146K (44%)
----------------- Invoking toplevel() on ptolemy.moml.MoMLSimpleApplication@162e8b54
----------------- Done invoking toplevel() on ptolemy.moml.MoMLSimpleApplication@162e8b54
reloadAllAccessors: .SubscriptionAggregator2

===========================================================================================
----------------- testing Tue Sep 10 05:43:16 UTC 2019 /home/travis/build/icyphy/ptII/ptolemy/actor/lib/test/auto/SubscriptionAggregator3.xml
----------------- Instantiating /home/travis/build/icyphy/ptII/ptolemy/actor/lib/test/auto/SubscriptionAggregator3.xml
3 ms. Memory: 474112K Free: 198938K (42%)
----------------- Invoking toplevel() on ptolemy.moml.MoMLSimpleApplication@2de3a6eb
----------------- Done invoking toplevel() on ptolemy.moml.MoMLSimpleApplication@2de3a6eb
reloadAllAccessors: .SubscriptionAggregator3

===========================================================================================
----------------- testing Tue Sep 10 05:43:17 UTC 2019 /home/travis/build/icyphy/ptII/ptolemy/actor/lib/test/auto/SubscriptionAggregatorMultiply.xml
----------------- Instantiating /home/travis/build/icyphy/ptII/ptolemy/actor/lib/test/auto/SubscriptionAggregatorMultiply.xml
3 ms. Memory: 474112K Free: 190746K (40%)
----------------- Invoking toplevel() on ptolemy.moml.MoMLSimpleApplication@37469e4f
----------------- Done invoking toplevel() on ptolemy.moml.MoMLSimpleApplication@37469e4f
reloadAllAccessors: .SubscriptionAggregatorMultiply

===========================================================================================
----------------- testing Tue Sep 10 05:43:17 UTC 2019 /home/travis/build/icyphy/ptII/ptolemy/actor/lib/test/auto/SubscriptionAggregatorPortMultiply1.xml
----------------- Instantiating /home/travis/build/icyphy/ptII/ptolemy/actor/lib/test/auto/SubscriptionAggregatorPortMultiply1.xml
3 ms. Memory: 474112K Free: 182561K (39%)
----------------- Invoking toplevel() on ptolemy.moml.MoMLSimpleApplication@36c7368a
----------------- Done invoking toplevel() on ptolemy.moml.MoMLSimpleApplication@36c7368a
reloadAllAccessors: .SubscriptionAggregatorPortMultiply1

===========================================================================================
----------------- testing Tue Sep 10 05:43:17 UTC 2019 /home/travis/build/icyphy/ptII/ptolemy/actor/lib/test/auto/Switch.xml
----------------- Instantiating /home/travis/build/icyphy/ptII/ptolemy/actor/lib/test/auto/Switch.xml
9 ms. Memory: 474112K Free: 173859K (37%)
----------------- Invoking toplevel() on ptolemy.moml.MoMLSimpleApplication@4a691838
----------------- Done invoking toplevel() on ptolemy.moml.MoMLSimpleApplication@4a691838
reloadAllAccessors: .Switch

===========================================================================================
----------------- testing Tue Sep 10 05:43:17 UTC 2019 /home/travis/build/icyphy/ptII/ptolemy/actor/lib/test/auto/Switch2.xml
----------------- Instantiating /home/travis/build/icyphy/ptII/ptolemy/actor/lib/test/auto/Switch2.xml
1 ms. Memory: 474112K Free: 168225K (35%)
----------------- Invoking toplevel() on ptolemy.moml.MoMLSimpleApplication@53a7643a
----------------- Done invoking toplevel() on ptolemy.moml.MoMLSimpleApplication@53a7643a
reloadAllAccessors: .Switch2

===========================================================================================
----------------- testing Tue Sep 10 05:43:17 UTC 2019 /home/travis/build/icyphy/ptII/ptolemy/actor/lib/test/auto/SwitchDE.xml
----------------- Instantiating /home/travis/build/icyphy/ptII/ptolemy/actor/lib/test/auto/SwitchDE.xml
4 ms. Memory: 474112K Free: 162050K (34%)
----------------- Invoking toplevel() on ptolemy.moml.MoMLSimpleApplication@36898bb3
----------------- Done invoking toplevel() on ptolemy.moml.MoMLSimpleApplication@36898bb3
reloadAllAccessors: .SwitchDE

===========================================================================================
----------------- testing Tue Sep 10 05:43:17 UTC 2019 /home/travis/build/icyphy/ptII/ptolemy/actor/lib/test/auto/SynchronizerDE.xml
----------------- Instantiating /home/travis/build/icyphy/ptII/ptolemy/actor/lib/test/auto/SynchronizerDE.xml
8 ms. Memory: 474112K Free: 153379K (32%)
----------------- Invoking toplevel() on ptolemy.moml.MoMLSimpleApplication@7bcdc69c
----------------- Done invoking toplevel() on ptolemy.moml.MoMLSimpleApplication@7bcdc69c
reloadAllAccessors: .SynchronizerDE

===========================================================================================
----------------- testing Tue Sep 10 05:43:17 UTC 2019 /home/travis/build/icyphy/ptII/ptolemy/actor/lib/test/auto/Test.xml
----------------- Instantiating /home/travis/build/icyphy/ptII/ptolemy/actor/lib/test/auto/Test.xml
3 ms. Memory: 474112K Free: 148259K (31%)
----------------- Invoking toplevel() on ptolemy.moml.MoMLSimpleApplication@6b663e9
----------------- Done invoking toplevel() on ptolemy.moml.MoMLSimpleApplication@6b663e9
reloadAllAccessors: .Test

===========================================================================================
----------------- testing Tue Sep 10 05:43:17 UTC 2019 /home/travis/build/icyphy/ptII/ptolemy/actor/lib/test/auto/TestExceptionAttribute1.xml
----------------- Instantiating /home/travis/build/icyphy/ptII/ptolemy/actor/lib/test/auto/TestExceptionAttribute1.xml
19 ms. Memory: 474112K Free: 424225K (89%)
----------------- Invoking toplevel() on ptolemy.moml.MoMLSimpleApplication@4725a107
----------------- Done invoking toplevel() on ptolemy.moml.MoMLSimpleApplication@4725a107
reloadAllAccessors: .TestExceptionAttribute1

===========================================================================================
----------------- testing Tue Sep 10 05:43:17 UTC 2019 /home/travis/build/icyphy/ptII/ptolemy/actor/lib/test/auto/TestExceptionAttribute2.xml
----------------- Instantiating /home/travis/build/icyphy/ptII/ptolemy/actor/lib/test/auto/TestExceptionAttribute2.xml
2 ms. Memory: 474112K Free: 420129K (89%)
----------------- Invoking toplevel() on ptolemy.moml.MoMLSimpleApplication@1b6d4054
----------------- Done invoking toplevel() on ptolemy.moml.MoMLSimpleApplication@1b6d4054
reloadAllAccessors: .TestExceptionAttribute2

===========================================================================================
----------------- testing Tue Sep 10 05:43:17 UTC 2019 /home/travis/build/icyphy/ptII/ptolemy/actor/lib/test/auto/TestExceptionAttribute3.xml
----------------- Instantiating /home/travis/build/icyphy/ptII/ptolemy/actor/lib/test/auto/TestExceptionAttribute3.xml
.TestExceptionAttribute3.TestExceptionAttribute: initialize() was not invoked, but wrapup() was.  This is unusual, but not always a problem.  For example, exporting JNLP will do this.
1 ms. Memory: 474112K Free: 416033K (88%)
----------------- Invoking toplevel() on ptolemy.moml.MoMLSimpleApplication@333fe754
----------------- Done invoking toplevel() on ptolemy.moml.MoMLSimpleApplication@333fe754
reloadAllAccessors: .TestExceptionAttribute3

===========================================================================================
----------------- testing Tue Sep 10 05:43:17 UTC 2019 /home/travis/build/icyphy/ptII/ptolemy/actor/lib/test/auto/TestExceptionAttribute4.xml
----------------- Instantiating /home/travis/build/icyphy/ptII/ptolemy/actor/lib/test/auto/TestExceptionAttribute4.xml
.TestExceptionAttribute4.TestExceptionAttribute: initialize() was not invoked, but wrapup() was.  This is unusual, but not always a problem.  For example, exporting JNLP will do this.
.TestExceptionAttribute4.TestExceptionAttribute2: initialize() was not invoked, but wrapup() was.  This is unusual, but not always a problem.  For example, exporting JNLP will do this.
0 ms. Memory: 474112K Free: 411937K (87%)
----------------- Invoking toplevel() on ptolemy.moml.MoMLSimpleApplication@7e66e0d3
----------------- Done invoking toplevel() on ptolemy.moml.MoMLSimpleApplication@7e66e0d3
reloadAllAccessors: .TestExceptionAttribute4

===========================================================================================
----------------- testing Tue Sep 10 05:43:17 UTC 2019 /home/travis/build/icyphy/ptII/ptolemy/actor/lib/test/auto/TestExceptionHandler1.xml
----------------- Instantiating /home/travis/build/icyphy/ptII/ptolemy/actor/lib/test/auto/TestExceptionHandler1.xml
1 ms. Memory: 474112K Free: 408355K (86%)
----------------- Invoking toplevel() on ptolemy.moml.MoMLSimpleApplication@7aeeea7c
----------------- Done invoking toplevel() on ptolemy.moml.MoMLSimpleApplication@7aeeea7c
reloadAllAccessors: .TestExceptionHandler1

===========================================================================================
----------------- testing Tue Sep 10 05:43:17 UTC 2019 /home/travis/build/icyphy/ptII/ptolemy/actor/lib/test/auto/TestExceptionHandler2.xml
----------------- Instantiating /home/travis/build/icyphy/ptII/ptolemy/actor/lib/test/auto/TestExceptionHandler2.xml
2 ms. Memory: 474112K Free: 404259K (85%)
----------------- Invoking toplevel() on ptolemy.moml.MoMLSimpleApplication@53d1a81f
----------------- Done invoking toplevel() on ptolemy.moml.MoMLSimpleApplication@53d1a81f
reloadAllAccessors: .TestExceptionHandler2

===========================================================================================
----------------- testing Tue Sep 10 05:43:17 UTC 2019 /home/travis/build/icyphy/ptII/ptolemy/actor/lib/test/auto/TestExceptionHandler3.xml
----------------- Instantiating /home/travis/build/icyphy/ptII/ptolemy/actor/lib/test/auto/TestExceptionHandler3.xml
1 ms. Memory: 474112K Free: 400673K (85%)
----------------- Invoking toplevel() on ptolemy.moml.MoMLSimpleApplication@525eb37a
----------------- Done invoking toplevel() on ptolemy.moml.MoMLSimpleApplication@525eb37a
reloadAllAccessors: .TestExceptionHandler3

===========================================================================================
----------------- testing Tue Sep 10 05:43:17 UTC 2019 /home/travis/build/icyphy/ptII/ptolemy/actor/lib/test/auto/TestExceptionHandler4.xml
----------------- Instantiating /home/travis/build/icyphy/ptII/ptolemy/actor/lib/test/auto/TestExceptionHandler4.xml
0 ms. Memory: 474112K Free: 396067K (84%)
----------------- Invoking toplevel() on ptolemy.moml.MoMLSimpleApplication@1f77ee70
----------------- Done invoking toplevel() on ptolemy.moml.MoMLSimpleApplication@1f77ee70
reloadAllAccessors: .TestExceptionHandler4

===========================================================================================
----------------- testing Tue Sep 10 05:43:17 UTC 2019 /home/travis/build/icyphy/ptII/ptolemy/actor/lib/test/auto/TestRequireCorrectOrder.xml
----------------- Instantiating /home/travis/build/icyphy/ptII/ptolemy/actor/lib/test/auto/TestRequireCorrectOrder.xml
8 ms. Memory: 474112K Free: 390947K (82%)
----------------- Invoking toplevel() on ptolemy.moml.MoMLSimpleApplication@78aa52c
----------------- Done invoking toplevel() on ptolemy.moml.MoMLSimpleApplication@78aa52c
reloadAllAccessors: .TestRequireCorrectOrder

===========================================================================================
----------------- testing Tue Sep 10 05:43:17 UTC 2019 /home/travis/build/icyphy/ptII/ptolemy/actor/lib/test/auto/TestSimple.xml
----------------- Instantiating /home/travis/build/icyphy/ptII/ptolemy/actor/lib/test/auto/TestSimple.xml
2 ms. Memory: 474112K Free: 386337K (81%)
----------------- Invoking toplevel() on ptolemy.moml.MoMLSimpleApplication@6ec1e30f
----------------- Done invoking toplevel() on ptolemy.moml.MoMLSimpleApplication@6ec1e30f
reloadAllAccessors: .TestSimple

===========================================================================================
----------------- testing Tue Sep 10 05:43:17 UTC 2019 /home/travis/build/icyphy/ptII/ptolemy/actor/lib/test/auto/ThrowModelError.xml
----------------- Instantiating /home/travis/build/icyphy/ptII/ptolemy/actor/lib/test/auto/ThrowModelError.xml
2 ms. Memory: 474112K Free: 381217K (80%)
----------------- Invoking toplevel() on ptolemy.moml.MoMLSimpleApplication@570365c6
----------------- Done invoking toplevel() on ptolemy.moml.MoMLSimpleApplication@570365c6
reloadAllAccessors: .ThrowModelError

===========================================================================================
----------------- testing Tue Sep 10 05:43:17 UTC 2019 /home/travis/build/icyphy/ptII/ptolemy/actor/lib/test/auto/TimeDelayMicrosteps.xml
----------------- Instantiating /home/travis/build/icyphy/ptII/ptolemy/actor/lib/test/auto/TimeDelayMicrosteps.xml
4 ms. Memory: 474112K Free: 374563K (79%)
----------------- Invoking toplevel() on ptolemy.moml.MoMLSimpleApplication@33defa4b
----------------- Done invoking toplevel() on ptolemy.moml.MoMLSimpleApplication@33defa4b
reloadAllAccessors: .TimeDelayMicrosteps

===========================================================================================
----------------- testing Tue Sep 10 05:43:17 UTC 2019 /home/travis/build/icyphy/ptII/ptolemy/actor/lib/test/auto/TimeDelayMicrosteps2.xml
----------------- Instantiating /home/travis/build/icyphy/ptII/ptolemy/actor/lib/test/auto/TimeDelayMicrosteps2.xml
4 ms. Memory: 474112K Free: 366866K (77%)
----------------- Invoking toplevel() on ptolemy.moml.MoMLSimpleApplication@4e0390bc
----------------- Done invoking toplevel() on ptolemy.moml.MoMLSimpleApplication@4e0390bc
reloadAllAccessors: .TimeDelayMicrosteps2

===========================================================================================
----------------- testing Tue Sep 10 05:43:17 UTC 2019 /home/travis/build/icyphy/ptII/ptolemy/actor/lib/test/auto/TimeDelayMicrosteps3.xml
----------------- Instantiating /home/travis/build/icyphy/ptII/ptolemy/actor/lib/test/auto/TimeDelayMicrosteps3.xml
3 ms. Memory: 474112K Free: 360227K (76%)
----------------- Invoking toplevel() on ptolemy.moml.MoMLSimpleApplication@2c0a6aca
----------------- Done invoking toplevel() on ptolemy.moml.MoMLSimpleApplication@2c0a6aca
reloadAllAccessors: .TimeDelayMicrosteps3

===========================================================================================
----------------- testing Tue Sep 10 05:43:17 UTC 2019 /home/travis/build/icyphy/ptII/ptolemy/actor/lib/test/auto/TimeDelayVariableMicrosteps.xml
----------------- Instantiating /home/travis/build/icyphy/ptII/ptolemy/actor/lib/test/auto/TimeDelayVariableMicrosteps.xml
2 ms. Memory: 474112K Free: 353569K (75%)
----------------- Invoking toplevel() on ptolemy.moml.MoMLSimpleApplication@6cb79044
----------------- Done invoking toplevel() on ptolemy.moml.MoMLSimpleApplication@6cb79044
reloadAllAccessors: .TimeDelayVariableMicrosteps

===========================================================================================
----------------- testing Tue Sep 10 05:43:17 UTC 2019 /home/travis/build/icyphy/ptII/ptolemy/actor/lib/test/auto/TimeGap.xml
----------------- Instantiating /home/travis/build/icyphy/ptII/ptolemy/actor/lib/test/auto/TimeGap.xml
3 ms. Memory: 474112K Free: 347939K (73%)
----------------- Invoking toplevel() on ptolemy.moml.MoMLSimpleApplication@37af6ba3
----------------- Done invoking toplevel() on ptolemy.moml.MoMLSimpleApplication@37af6ba3
reloadAllAccessors: .TimeGap

===========================================================================================
----------------- testing Tue Sep 10 05:43:17 UTC 2019 /home/travis/build/icyphy/ptII/ptolemy/actor/lib/test/auto/TimeGap2.xml
----------------- Instantiating /home/travis/build/icyphy/ptII/ptolemy/actor/lib/test/auto/TimeGap2.xml
2 ms. Memory: 474112K Free: 342274K (72%)
----------------- Invoking toplevel() on ptolemy.moml.MoMLSimpleApplication@270a6c0b
----------------- Done invoking toplevel() on ptolemy.moml.MoMLSimpleApplication@270a6c0b
reloadAllAccessors: .TimeGap2

===========================================================================================
----------------- testing Tue Sep 10 05:43:17 UTC 2019 /home/travis/build/icyphy/ptII/ptolemy/actor/lib/test/auto/TimedSinewave.xml
----------------- Instantiating /home/travis/build/icyphy/ptII/ptolemy/actor/lib/test/auto/TimedSinewave.xml
24 ms. Memory: 474112K Free: 327459K (69%)
----------------- Invoking toplevel() on ptolemy.moml.MoMLSimpleApplication@1404bc40
----------------- Done invoking toplevel() on ptolemy.moml.MoMLSimpleApplication@1404bc40
reloadAllAccessors: .TimedSinewave

===========================================================================================
----------------- testing Tue Sep 10 05:43:17 UTC 2019 /home/travis/build/icyphy/ptII/ptolemy/actor/lib/test/auto/TimedSinewavePhase.xml
----------------- Instantiating /home/travis/build/icyphy/ptII/ptolemy/actor/lib/test/auto/TimedSinewavePhase.xml
9 ms. Memory: 474112K Free: 317729K (67%)
----------------- Invoking toplevel() on ptolemy.moml.MoMLSimpleApplication@3bd7df84
----------------- Done invoking toplevel() on ptolemy.moml.MoMLSimpleApplication@3bd7df84
reloadAllAccessors: .TimedSinewavePhase

===========================================================================================
----------------- testing Tue Sep 10 05:43:17 UTC 2019 /home/travis/build/icyphy/ptII/ptolemy/actor/lib/test/auto/Timer.xml
----------------- Instantiating /home/travis/build/icyphy/ptII/ptolemy/actor/lib/test/auto/Timer.xml
4 ms. Memory: 474112K Free: 312099K (66%)
----------------- Invoking toplevel() on ptolemy.moml.MoMLSimpleApplication@5b2393e2
----------------- Done invoking toplevel() on ptolemy.moml.MoMLSimpleApplication@5b2393e2
reloadAllAccessors: .Timer

===========================================================================================
----------------- testing Tue Sep 10 05:43:17 UTC 2019 /home/travis/build/icyphy/ptII/ptolemy/actor/lib/test/auto/TriangularDistTestModel.xml
----------------- Instantiating /home/travis/build/icyphy/ptII/ptolemy/actor/lib/test/auto/TriangularDistTestModel.xml
1 ms. Memory: 474112K Free: 305955K (65%)
----------------- Invoking toplevel() on ptolemy.moml.MoMLSimpleApplication@6ca1841f
----------------- Done invoking toplevel() on ptolemy.moml.MoMLSimpleApplication@6ca1841f
reloadAllAccessors: .TriangularDistTestModel

===========================================================================================
----------------- testing Tue Sep 10 05:43:17 UTC 2019 /home/travis/build/icyphy/ptII/ptolemy/actor/lib/test/auto/TrigFunction.xml
----------------- Instantiating /home/travis/build/icyphy/ptII/ptolemy/actor/lib/test/auto/TrigFunction.xml
1 ms. Memory: 474112K Free: 300835K (63%)
----------------- Invoking toplevel() on ptolemy.moml.MoMLSimpleApplication@3beb92c4
----------------- Done invoking toplevel() on ptolemy.moml.MoMLSimpleApplication@3beb92c4
reloadAllAccessors: .TrigFunction

===========================================================================================
----------------- testing Tue Sep 10 05:43:17 UTC 2019 /home/travis/build/icyphy/ptII/ptolemy/actor/lib/test/auto/TrigFunctionDE.xml
----------------- Instantiating /home/travis/build/icyphy/ptII/ptolemy/actor/lib/test/auto/TrigFunctionDE.xml
2 ms. Memory: 474112K Free: 294691K (62%)
----------------- Invoking toplevel() on ptolemy.moml.MoMLSimpleApplication@19b4ad56
----------------- Done invoking toplevel() on ptolemy.moml.MoMLSimpleApplication@19b4ad56
reloadAllAccessors: .TrigFunctionDE

===========================================================================================
----------------- testing Tue Sep 10 05:43:17 UTC 2019 /home/travis/build/icyphy/ptII/ptolemy/actor/lib/test/auto/TrigFunctionInverse.xml
----------------- Instantiating /home/travis/build/icyphy/ptII/ptolemy/actor/lib/test/auto/TrigFunctionInverse.xml
1 ms. Memory: 474112K Free: 289571K (61%)
----------------- Invoking toplevel() on ptolemy.moml.MoMLSimpleApplication@29c8fec4
----------------- Done invoking toplevel() on ptolemy.moml.MoMLSimpleApplication@29c8fec4
reloadAllAccessors: .TrigFunctionInverse

===========================================================================================
----------------- testing Tue Sep 10 05:43:17 UTC 2019 /home/travis/build/icyphy/ptII/ptolemy/actor/lib/test/auto/TrigFunctionTan.xml
----------------- Instantiating /home/travis/build/icyphy/ptII/ptolemy/actor/lib/test/auto/TrigFunctionTan.xml
1 ms. Memory: 474112K Free: 284961K (60%)
----------------- Invoking toplevel() on ptolemy.moml.MoMLSimpleApplication@3e44b634
----------------- Done invoking toplevel() on ptolemy.moml.MoMLSimpleApplication@3e44b634
reloadAllAccessors: .TrigFunctionTan

===========================================================================================
----------------- testing Tue Sep 10 05:43:17 UTC 2019 /home/travis/build/icyphy/ptII/ptolemy/actor/lib/test/auto/TriggeredClock.xml
----------------- Instantiating /home/travis/build/icyphy/ptII/ptolemy/actor/lib/test/auto/TriggeredClock.xml
1 ms. Memory: 474112K Free: 279826K (59%)
----------------- Invoking toplevel() on ptolemy.moml.MoMLSimpleApplication@4796abe2
----------------- Done invoking toplevel() on ptolemy.moml.MoMLSimpleApplication@4796abe2
reloadAllAccessors: .TriggeredClock

===========================================================================================
----------------- testing Tue Sep 10 05:43:17 UTC 2019 /home/travis/build/icyphy/ptII/ptolemy/actor/lib/test/auto/URLDirectoryReader.xml
----------------- Instantiating /home/travis/build/icyphy/ptII/ptolemy/actor/lib/test/auto/URLDirectoryReader.xml
33 ms. Memory: 474112K Free: 271649K (57%)
----------------- Invoking toplevel() on ptolemy.moml.MoMLSimpleApplication@32686d86
----------------- Done invoking toplevel() on ptolemy.moml.MoMLSimpleApplication@32686d86
reloadAllAccessors: .URLDirectoryReader

===========================================================================================
----------------- testing Tue Sep 10 05:43:17 UTC 2019 /home/travis/build/icyphy/ptII/ptolemy/actor/lib/test/auto/URLDirectoryReader3.xml
----------------- Instantiating /home/travis/build/icyphy/ptII/ptolemy/actor/lib/test/auto/URLDirectoryReader3.xml
1091 ms. Memory: 474112K Free: 415880K (88%)
----------------- Invoking toplevel() on ptolemy.moml.MoMLSimpleApplication@cce0329
----------------- Done invoking toplevel() on ptolemy.moml.MoMLSimpleApplication@cce0329
reloadAllAccessors: .URLDirectoryReader3

===========================================================================================
----------------- testing Tue Sep 10 05:43:19 UTC 2019 /home/travis/build/icyphy/ptII/ptolemy/actor/lib/test/auto/UnaryMathFunction.xml
----------------- Instantiating /home/travis/build/icyphy/ptII/ptolemy/actor/lib/test/auto/UnaryMathFunction.xml
7 ms. Memory: 474112K Free: 407688K (86%)
----------------- Invoking toplevel() on ptolemy.moml.MoMLSimpleApplication@5f439646
----------------- Done invoking toplevel() on ptolemy.moml.MoMLSimpleApplication@5f439646
reloadAllAccessors: .UnaryMathFunction

===========================================================================================
----------------- testing Tue Sep 10 05:43:19 UTC 2019 /home/travis/build/icyphy/ptII/ptolemy/actor/lib/test/auto/Uniform.xml
----------------- Instantiating /home/travis/build/icyphy/ptII/ptolemy/actor/lib/test/auto/Uniform.xml
2 ms. Memory: 474112K Free: 403078K (85%)
----------------- Invoking toplevel() on ptolemy.moml.MoMLSimpleApplication@76cbbf00
----------------- Done invoking toplevel() on ptolemy.moml.MoMLSimpleApplication@76cbbf00
reloadAllAccessors: .Uniform

===========================================================================================
----------------- testing Tue Sep 10 05:43:19 UTC 2019 /home/travis/build/icyphy/ptII/ptolemy/actor/lib/test/auto/UnionDisassemblerTest.xml
----------------- Instantiating /home/travis/build/icyphy/ptII/ptolemy/actor/lib/test/auto/UnionDisassemblerTest.xml
8 ms. Memory: 474112K Free: 399496K (84%)
----------------- Invoking toplevel() on ptolemy.moml.MoMLSimpleApplication@6ef55383
----------------- Done invoking toplevel() on ptolemy.moml.MoMLSimpleApplication@6ef55383
reloadAllAccessors: .UnionDisassemblerTest

===========================================================================================
----------------- testing Tue Sep 10 05:43:19 UTC 2019 /home/travis/build/icyphy/ptII/ptolemy/actor/lib/test/auto/UtilityFunctions.xml
----------------- Instantiating /home/travis/build/icyphy/ptII/ptolemy/actor/lib/test/auto/UtilityFunctions.xml
1 ms. Memory: 474112K Free: 394886K (83%)
----------------- Invoking toplevel() on ptolemy.moml.MoMLSimpleApplication@174002d1
----------------- Done invoking toplevel() on ptolemy.moml.MoMLSimpleApplication@174002d1
reloadAllAccessors: .UtilityFunctions

===========================================================================================
----------------- testing Tue Sep 10 05:43:19 UTC 2019 /home/travis/build/icyphy/ptII/ptolemy/actor/lib/test/auto/VariableSleep.xml
----------------- Instantiating /home/travis/build/icyphy/ptII/ptolemy/actor/lib/test/auto/VariableSleep.xml
503 ms. Memory: 474112K Free: 389766K (82%)
----------------- Invoking toplevel() on ptolemy.moml.MoMLSimpleApplication@4b7ca0e5
----------------- Done invoking toplevel() on ptolemy.moml.MoMLSimpleApplication@4b7ca0e5
reloadAllAccessors: .VariableSleep

===========================================================================================
----------------- testing Tue Sep 10 05:43:19 UTC 2019 /home/travis/build/icyphy/ptII/ptolemy/actor/lib/test/auto/VectorAssemblerDisassemblerCT.xml
----------------- Instantiating /home/travis/build/icyphy/ptII/ptolemy/actor/lib/test/auto/VectorAssemblerDisassemblerCT.xml
84 ms. Memory: 474112K Free: 369286K (78%)
----------------- Invoking toplevel() on ptolemy.moml.MoMLSimpleApplication@50f4fbed
----------------- Done invoking toplevel() on ptolemy.moml.MoMLSimpleApplication@50f4fbed
reloadAllAccessors: .VectorAssemblerDisassemblerCT

===========================================================================================
----------------- testing Tue Sep 10 05:43:19 UTC 2019 /home/travis/build/icyphy/ptII/ptolemy/actor/lib/test/auto/VectorAssemblerDisassemblerDE.xml
----------------- Instantiating /home/travis/build/icyphy/ptII/ptolemy/actor/lib/test/auto/VectorAssemblerDisassemblerDE.xml
3 ms. Memory: 474112K Free: 362118K (76%)
----------------- Invoking toplevel() on ptolemy.moml.MoMLSimpleApplication@2edeae4
----------------- Done invoking toplevel() on ptolemy.moml.MoMLSimpleApplication@2edeae4
reloadAllAccessors: .VectorAssemblerDisassemblerDE

===========================================================================================
----------------- testing Tue Sep 10 05:43:19 UTC 2019 /home/travis/build/icyphy/ptII/ptolemy/actor/lib/test/auto/VectorAssemblerDisassemblerSDF.xml
----------------- Instantiating /home/travis/build/icyphy/ptII/ptolemy/actor/lib/test/auto/VectorAssemblerDisassemblerSDF.xml
3 ms. Memory: 474112K Free: 354950K (75%)
----------------- Invoking toplevel() on ptolemy.moml.MoMLSimpleApplication@e52761a
----------------- Done invoking toplevel() on ptolemy.moml.MoMLSimpleApplication@e52761a
reloadAllAccessors: .VectorAssemblerDisassemblerSDF

===========================================================================================
----------------- testing Tue Sep 10 05:43:19 UTC 2019 /home/travis/build/icyphy/ptII/ptolemy/actor/lib/test/auto/WallClockTime.xml
----------------- Instantiating /home/travis/build/icyphy/ptII/ptolemy/actor/lib/test/auto/WallClockTime.xml
1005 ms. Memory: 474112K Free: 349830K (74%)
----------------- Invoking toplevel() on ptolemy.moml.MoMLSimpleApplication@227f885a
----------------- Done invoking toplevel() on ptolemy.moml.MoMLSimpleApplication@227f885a
reloadAllAccessors: .WallClockTime

===========================================================================================
----------------- testing Tue Sep 10 05:43:20 UTC 2019 /home/travis/build/icyphy/ptII/ptolemy/actor/lib/test/auto/WidthTestWithSubscriberPublisher.xml
----------------- Instantiating /home/travis/build/icyphy/ptII/ptolemy/actor/lib/test/auto/WidthTestWithSubscriberPublisher.xml
7 ms. Memory: 474112K Free: 331912K (70%)
----------------- Invoking toplevel() on ptolemy.moml.MoMLSimpleApplication@e640c05
----------------- Done invoking toplevel() on ptolemy.moml.MoMLSimpleApplication@e640c05
reloadAllAccessors: .WidthTestWithSubscriberPublisher

===========================================================================================
----------------- testing Tue Sep 10 05:43:20 UTC 2019 /home/travis/build/icyphy/ptII/ptolemy/actor/lib/test/auto/WidthTestWithSubscriberPublisher2.xml
----------------- Instantiating /home/travis/build/icyphy/ptII/ptolemy/actor/lib/test/auto/WidthTestWithSubscriberPublisher2.xml
2 ms. Memory: 474112K Free: 325254K (69%)
----------------- Invoking toplevel() on ptolemy.moml.MoMLSimpleApplication@38e12d74
----------------- Done invoking toplevel() on ptolemy.moml.MoMLSimpleApplication@38e12d74
reloadAllAccessors: .WidthTestWithSubscriberPublisher2

===========================================================================================
----------------- testing Tue Sep 10 05:43:20 UTC 2019 /home/travis/build/icyphy/ptII/ptolemy/actor/lib/test/auto/WidthTestWithSubscriberPublisher3.xml
----------------- Instantiating /home/travis/build/icyphy/ptII/ptolemy/actor/lib/test/auto/WidthTestWithSubscriberPublisher3.xml
2 ms. Memory: 474112K Free: 319624K (67%)
----------------- Invoking toplevel() on ptolemy.moml.MoMLSimpleApplication@197d474b
----------------- Done invoking toplevel() on ptolemy.moml.MoMLSimpleApplication@197d474b
reloadAllAccessors: .WidthTestWithSubscriberPublisher3

===========================================================================================
----------------- testing Tue Sep 10 05:43:20 UTC 2019 /home/travis/build/icyphy/ptII/ptolemy/actor/lib/test/auto/Writer.xml
----------------- Instantiating /home/travis/build/icyphy/ptII/ptolemy/actor/lib/test/auto/Writer.xml
0
1
2
3
4
2 ms. Memory: 474112K Free: 315528K (67%)
----------------- Invoking toplevel() on ptolemy.moml.MoMLSimpleApplication@7e0175a1
----------------- Done invoking toplevel() on ptolemy.moml.MoMLSimpleApplication@7e0175a1
reloadAllAccessors: .Writer

===========================================================================================
----------------- testing Tue Sep 10 05:43:20 UTC 2019 /home/travis/build/icyphy/ptII/ptolemy/actor/lib/test/auto/array.xml
----------------- Instantiating /home/travis/build/icyphy/ptII/ptolemy/actor/lib/test/auto/array.xml
6 ms. Memory: 474112K Free: 310408K (65%)
----------------- Invoking toplevel() on ptolemy.moml.MoMLSimpleApplication@5f9c0f52
----------------- Done invoking toplevel() on ptolemy.moml.MoMLSimpleApplication@5f9c0f52
reloadAllAccessors: .array

===========================================================================================
----------------- testing Tue Sep 10 05:43:20 UTC 2019 /home/travis/build/icyphy/ptII/ptolemy/actor/lib/test/auto/array2.xml
----------------- Instantiating /home/travis/build/icyphy/ptII/ptolemy/actor/lib/test/auto/array2.xml
5 ms. Memory: 474112K Free: 305784K (64%)
----------------- Invoking toplevel() on ptolemy.moml.MoMLSimpleApplication@1ee04524
----------------- Done invoking toplevel() on ptolemy.moml.MoMLSimpleApplication@1ee04524
reloadAllAccessors: .array2

===========================================================================================
----------------- testing Tue Sep 10 05:43:20 UTC 2019 /home/travis/build/icyphy/ptII/ptolemy/actor/lib/test/auto/arrayType.xml
----------------- Instantiating /home/travis/build/icyphy/ptII/ptolemy/actor/lib/test/auto/arrayType.xml
2 ms. Memory: 474112K Free: 300678K (63%)
----------------- Invoking toplevel() on ptolemy.moml.MoMLSimpleApplication@cc6b01
----------------- Done invoking toplevel() on ptolemy.moml.MoMLSimpleApplication@cc6b01
reloadAllAccessors: .arrayType

===========================================================================================
----------------- testing Tue Sep 10 05:43:21 UTC 2019 /home/travis/build/icyphy/ptII/ptolemy/actor/lib/test/auto/arrayType10.xml
----------------- Instantiating /home/travis/build/icyphy/ptII/ptolemy/actor/lib/test/auto/arrayType10.xml
1 ms. Memory: 474112K Free: 295558K (62%)
----------------- Invoking toplevel() on ptolemy.moml.MoMLSimpleApplication@273de7a1
----------------- Done invoking toplevel() on ptolemy.moml.MoMLSimpleApplication@273de7a1
reloadAllAccessors: .arrayType10

===========================================================================================
----------------- testing Tue Sep 10 05:43:21 UTC 2019 /home/travis/build/icyphy/ptII/ptolemy/actor/lib/test/auto/arrayType11.xml
----------------- Instantiating /home/travis/build/icyphy/ptII/ptolemy/actor/lib/test/auto/arrayType11.xml
1 ms. Memory: 474112K Free: 290952K (61%)
----------------- Invoking toplevel() on ptolemy.moml.MoMLSimpleApplication@2c382b9d
----------------- Done invoking toplevel() on ptolemy.moml.MoMLSimpleApplication@2c382b9d
reloadAllAccessors: .arrayType11

===========================================================================================
----------------- testing Tue Sep 10 05:43:21 UTC 2019 /home/travis/build/icyphy/ptII/ptolemy/actor/lib/test/auto/arrayType12.xml
----------------- Instantiating /home/travis/build/icyphy/ptII/ptolemy/actor/lib/test/auto/arrayType12.xml
2 ms. Memory: 474112K Free: 286342K (60%)
----------------- Invoking toplevel() on ptolemy.moml.MoMLSimpleApplication@44399be3
----------------- Done invoking toplevel() on ptolemy.moml.MoMLSimpleApplication@44399be3
reloadAllAccessors: .arrayType12

===========================================================================================
----------------- testing Tue Sep 10 05:43:21 UTC 2019 /home/travis/build/icyphy/ptII/ptolemy/actor/lib/test/auto/arrayType13.xml
----------------- Instantiating /home/travis/build/icyphy/ptII/ptolemy/actor/lib/test/auto/arrayType13.xml
2 ms. Memory: 474112K Free: 280712K (59%)
----------------- Invoking toplevel() on ptolemy.moml.MoMLSimpleApplication@2ad0ddb4
----------------- Done invoking toplevel() on ptolemy.moml.MoMLSimpleApplication@2ad0ddb4
reloadAllAccessors: .arrayType13

===========================================================================================
----------------- testing Tue Sep 10 05:43:21 UTC 2019 /home/travis/build/icyphy/ptII/ptolemy/actor/lib/test/auto/arrayType14.xml
----------------- Instantiating /home/travis/build/icyphy/ptII/ptolemy/actor/lib/test/auto/arrayType14.xml
2 ms. Memory: 474112K Free: 275592K (58%)
----------------- Invoking toplevel() on ptolemy.moml.MoMLSimpleApplication@2a08f088
----------------- Done invoking toplevel() on ptolemy.moml.MoMLSimpleApplication@2a08f088
reloadAllAccessors: .arrayType14

===========================================================================================
----------------- testing Tue Sep 10 05:43:21 UTC 2019 /home/travis/build/icyphy/ptII/ptolemy/actor/lib/test/auto/arrayType15.xml
----------------- Instantiating /home/travis/build/icyphy/ptII/ptolemy/actor/lib/test/auto/arrayType15.xml
3 ms. Memory: 474112K Free: 270472K (57%)
----------------- Invoking toplevel() on ptolemy.moml.MoMLSimpleApplication@3aea7944
----------------- Done invoking toplevel() on ptolemy.moml.MoMLSimpleApplication@3aea7944
reloadAllAccessors: .arrayType15

===========================================================================================
----------------- testing Tue Sep 10 05:43:21 UTC 2019 /home/travis/build/icyphy/ptII/ptolemy/actor/lib/test/auto/arrayType16.xml
----------------- Instantiating /home/travis/build/icyphy/ptII/ptolemy/actor/lib/test/auto/arrayType16.xml
1 ms. Memory: 474112K Free: 264838K (56%)
----------------- Invoking toplevel() on ptolemy.moml.MoMLSimpleApplication@45c8b8a6
----------------- Done invoking toplevel() on ptolemy.moml.MoMLSimpleApplication@45c8b8a6
reloadAllAccessors: .arrayType16

===========================================================================================
----------------- testing Tue Sep 10 05:43:21 UTC 2019 /home/travis/build/icyphy/ptII/ptolemy/actor/lib/test/auto/arrayType17.xml
----------------- Instantiating /home/travis/build/icyphy/ptII/ptolemy/actor/lib/test/auto/arrayType17.xml
1 ms. Memory: 474112K Free: 259718K (55%)
----------------- Invoking toplevel() on ptolemy.moml.MoMLSimpleApplication@559d8a2f
----------------- Done invoking toplevel() on ptolemy.moml.MoMLSimpleApplication@559d8a2f
reloadAllAccessors: .arrayType17

===========================================================================================
----------------- testing Tue Sep 10 05:43:21 UTC 2019 /home/travis/build/icyphy/ptII/ptolemy/actor/lib/test/auto/arrayType18.xml
----------------- Instantiating /home/travis/build/icyphy/ptII/ptolemy/actor/lib/test/auto/arrayType18.xml
1 ms. Memory: 474112K Free: 255112K (54%)
----------------- Invoking toplevel() on ptolemy.moml.MoMLSimpleApplication@4eada9f1
----------------- Done invoking toplevel() on ptolemy.moml.MoMLSimpleApplication@4eada9f1
reloadAllAccessors: .arrayType18

===========================================================================================
----------------- testing Tue Sep 10 05:43:21 UTC 2019 /home/travis/build/icyphy/ptII/ptolemy/actor/lib/test/auto/arrayType19.xml
----------------- Instantiating /home/travis/build/icyphy/ptII/ptolemy/actor/lib/test/auto/arrayType19.xml
1 ms. Memory: 474112K Free: 249992K (53%)
----------------- Invoking toplevel() on ptolemy.moml.MoMLSimpleApplication@c6e152b
----------------- Done invoking toplevel() on ptolemy.moml.MoMLSimpleApplication@c6e152b
reloadAllAccessors: .arrayType19

===========================================================================================
----------------- testing Tue Sep 10 05:43:21 UTC 2019 /home/travis/build/icyphy/ptII/ptolemy/actor/lib/test/auto/arrayType2.xml
----------------- Instantiating /home/travis/build/icyphy/ptII/ptolemy/actor/lib/test/auto/arrayType2.xml
1 ms. Memory: 474112K Free: 244872K (52%)
----------------- Invoking toplevel() on ptolemy.moml.MoMLSimpleApplication@3c0700c9
----------------- Done invoking toplevel() on ptolemy.moml.MoMLSimpleApplication@3c0700c9
reloadAllAccessors: .arrayType2

===========================================================================================
----------------- testing Tue Sep 10 05:43:21 UTC 2019 /home/travis/build/icyphy/ptII/ptolemy/actor/lib/test/auto/arrayType20.xml
----------------- Instantiating /home/travis/build/icyphy/ptII/ptolemy/actor/lib/test/auto/arrayType20.xml
2 ms. Memory: 474112K Free: 239752K (51%)
----------------- Invoking toplevel() on ptolemy.moml.MoMLSimpleApplication@6b720ca9
----------------- Done invoking toplevel() on ptolemy.moml.MoMLSimpleApplication@6b720ca9
reloadAllAccessors: .arrayType20

===========================================================================================
----------------- testing Tue Sep 10 05:43:21 UTC 2019 /home/travis/build/icyphy/ptII/ptolemy/actor/lib/test/auto/arrayType21.xml
----------------- Instantiating /home/travis/build/icyphy/ptII/ptolemy/actor/lib/test/auto/arrayType21.xml
2 ms. Memory: 474112K Free: 235142K (50%)
----------------- Invoking toplevel() on ptolemy.moml.MoMLSimpleApplication@1222e093
----------------- Done invoking toplevel() on ptolemy.moml.MoMLSimpleApplication@1222e093
reloadAllAccessors: .arrayType21

===========================================================================================
----------------- testing Tue Sep 10 05:43:21 UTC 2019 /home/travis/build/icyphy/ptII/ptolemy/actor/lib/test/auto/arrayType22.xml
----------------- Instantiating /home/travis/build/icyphy/ptII/ptolemy/actor/lib/test/auto/arrayType22.xml
1 ms. Memory: 474112K Free: 230536K (49%)
----------------- Invoking toplevel() on ptolemy.moml.MoMLSimpleApplication@6eee8196
----------------- Done invoking toplevel() on ptolemy.moml.MoMLSimpleApplication@6eee8196
reloadAllAccessors: .arrayType22

===========================================================================================
----------------- testing Tue Sep 10 05:43:21 UTC 2019 /home/travis/build/icyphy/ptII/ptolemy/actor/lib/test/auto/arrayType23.xml
----------------- Instantiating /home/travis/build/icyphy/ptII/ptolemy/actor/lib/test/auto/arrayType23.xml
1 ms. Memory: 474112K Free: 225416K (48%)
----------------- Invoking toplevel() on ptolemy.moml.MoMLSimpleApplication@3a2c4012
----------------- Done invoking toplevel() on ptolemy.moml.MoMLSimpleApplication@3a2c4012
reloadAllAccessors: .arrayType23

===========================================================================================
----------------- testing Tue Sep 10 05:43:21 UTC 2019 /home/travis/build/icyphy/ptII/ptolemy/actor/lib/test/auto/arrayType24.xml
----------------- Instantiating /home/travis/build/icyphy/ptII/ptolemy/actor/lib/test/auto/arrayType24.xml
3 ms. Memory: 474112K Free: 220296K (46%)
----------------- Invoking toplevel() on ptolemy.moml.MoMLSimpleApplication@40ae1773
----------------- Done invoking toplevel() on ptolemy.moml.MoMLSimpleApplication@40ae1773
reloadAllAccessors: .arrayType24

===========================================================================================
----------------- testing Tue Sep 10 05:43:21 UTC 2019 /home/travis/build/icyphy/ptII/ptolemy/actor/lib/test/auto/arrayType25.xml
----------------- Instantiating /home/travis/build/icyphy/ptII/ptolemy/actor/lib/test/auto/arrayType25.xml
2 ms. Memory: 474112K Free: 215176K (45%)
----------------- Invoking toplevel() on ptolemy.moml.MoMLSimpleApplication@72376bb9
----------------- Done invoking toplevel() on ptolemy.moml.MoMLSimpleApplication@72376bb9
reloadAllAccessors: .arrayType25

===========================================================================================
----------------- testing Tue Sep 10 05:43:21 UTC 2019 /home/travis/build/icyphy/ptII/ptolemy/actor/lib/test/auto/arrayType26.xml
----------------- Instantiating /home/travis/build/icyphy/ptII/ptolemy/actor/lib/test/auto/arrayType26.xml
1 ms. Memory: 474112K Free: 209542K (44%)
----------------- Invoking toplevel() on ptolemy.moml.MoMLSimpleApplication@5312749a
----------------- Done invoking toplevel() on ptolemy.moml.MoMLSimpleApplication@5312749a
reloadAllAccessors: .arrayType26

===========================================================================================
----------------- testing Tue Sep 10 05:43:21 UTC 2019 /home/travis/build/icyphy/ptII/ptolemy/actor/lib/test/auto/arrayType27.xml
----------------- Instantiating /home/travis/build/icyphy/ptII/ptolemy/actor/lib/test/auto/arrayType27.xml
1 ms. Memory: 474112K Free: 204422K (43%)
----------------- Invoking toplevel() on ptolemy.moml.MoMLSimpleApplication@4d5be002
----------------- Done invoking toplevel() on ptolemy.moml.MoMLSimpleApplication@4d5be002
reloadAllAccessors: .arrayType27

===========================================================================================
----------------- testing Tue Sep 10 05:43:21 UTC 2019 /home/travis/build/icyphy/ptII/ptolemy/actor/lib/test/auto/arrayType28.xml
----------------- Instantiating /home/travis/build/icyphy/ptII/ptolemy/actor/lib/test/auto/arrayType28.xml
2 ms. Memory: 474112K Free: 198792K (42%)
----------------- Invoking toplevel() on ptolemy.moml.MoMLSimpleApplication@55cfae3e
----------------- Done invoking toplevel() on ptolemy.moml.MoMLSimpleApplication@55cfae3e
reloadAllAccessors: .arrayType28

===========================================================================================
----------------- testing Tue Sep 10 05:43:21 UTC 2019 /home/travis/build/icyphy/ptII/ptolemy/actor/lib/test/auto/arrayType3.xml
----------------- Instantiating /home/travis/build/icyphy/ptII/ptolemy/actor/lib/test/auto/arrayType3.xml
2 ms. Memory: 474112K Free: 193672K (41%)
----------------- Invoking toplevel() on ptolemy.moml.MoMLSimpleApplication@76e95c06
----------------- Done invoking toplevel() on ptolemy.moml.MoMLSimpleApplication@76e95c06
reloadAllAccessors: .arrayType3

===========================================================================================
----------------- testing Tue Sep 10 05:43:21 UTC 2019 /home/travis/build/icyphy/ptII/ptolemy/actor/lib/test/auto/arrayType4.xml
----------------- Instantiating /home/travis/build/icyphy/ptII/ptolemy/actor/lib/test/auto/arrayType4.xml
1 ms. Memory: 474112K Free: 188552K (40%)
----------------- Invoking toplevel() on ptolemy.moml.MoMLSimpleApplication@69c22a93
----------------- Done invoking toplevel() on ptolemy.moml.MoMLSimpleApplication@69c22a93
reloadAllAccessors: .arrayType4

===========================================================================================
----------------- testing Tue Sep 10 05:43:21 UTC 2019 /home/travis/build/icyphy/ptII/ptolemy/actor/lib/test/auto/arrayType5.xml
----------------- Instantiating /home/travis/build/icyphy/ptII/ptolemy/actor/lib/test/auto/arrayType5.xml
2 ms. Memory: 474112K Free: 182918K (39%)
----------------- Invoking toplevel() on ptolemy.moml.MoMLSimpleApplication@6996b160
----------------- Done invoking toplevel() on ptolemy.moml.MoMLSimpleApplication@6996b160
reloadAllAccessors: .arrayType5

===========================================================================================
----------------- testing Tue Sep 10 05:43:21 UTC 2019 /home/travis/build/icyphy/ptII/ptolemy/actor/lib/test/auto/arrayType6.xml
----------------- Instantiating /home/travis/build/icyphy/ptII/ptolemy/actor/lib/test/auto/arrayType6.xml
1 ms. Memory: 474112K Free: 178312K (38%)
----------------- Invoking toplevel() on ptolemy.moml.MoMLSimpleApplication@71b6cc39
----------------- Done invoking toplevel() on ptolemy.moml.MoMLSimpleApplication@71b6cc39
reloadAllAccessors: .arrayType6

===========================================================================================
----------------- testing Tue Sep 10 05:43:21 UTC 2019 /home/travis/build/icyphy/ptII/ptolemy/actor/lib/test/auto/arrayType7.xml
----------------- Instantiating /home/travis/build/icyphy/ptII/ptolemy/actor/lib/test/auto/arrayType7.xml
2 ms. Memory: 474112K Free: 173702K (37%)
----------------- Invoking toplevel() on ptolemy.moml.MoMLSimpleApplication@6641d647
----------------- Done invoking toplevel() on ptolemy.moml.MoMLSimpleApplication@6641d647
reloadAllAccessors: .arrayType7

===========================================================================================
----------------- testing Tue Sep 10 05:43:21 UTC 2019 /home/travis/build/icyphy/ptII/ptolemy/actor/lib/test/auto/arrayType8.xml
----------------- Instantiating /home/travis/build/icyphy/ptII/ptolemy/actor/lib/test/auto/arrayType8.xml
6 ms. Memory: 474112K Free: 168582K (36%)
----------------- Invoking toplevel() on ptolemy.moml.MoMLSimpleApplication@38fd1798
----------------- Done invoking toplevel() on ptolemy.moml.MoMLSimpleApplication@38fd1798
reloadAllAccessors: .arrayType8

===========================================================================================
----------------- testing Tue Sep 10 05:43:21 UTC 2019 /home/travis/build/icyphy/ptII/ptolemy/actor/lib/test/auto/arrayType9.xml
----------------- Instantiating /home/travis/build/icyphy/ptII/ptolemy/actor/lib/test/auto/arrayType9.xml
1 ms. Memory: 474112K Free: 163976K (35%)
----------------- Invoking toplevel() on ptolemy.moml.MoMLSimpleApplication@2ad053c4
----------------- Done invoking toplevel() on ptolemy.moml.MoMLSimpleApplication@2ad053c4
reloadAllAccessors: .arrayType9

===========================================================================================
----------------- testing Tue Sep 10 05:43:21 UTC 2019 /home/travis/build/icyphy/ptII/ptolemy/actor/lib/test/auto/cast.xml
----------------- Instantiating /home/travis/build/icyphy/ptII/ptolemy/actor/lib/test/auto/cast.xml
2 ms. Memory: 474112K Free: 158856K (34%)
----------------- Invoking toplevel() on ptolemy.moml.MoMLSimpleApplication@22f91e04
----------------- Done invoking toplevel() on ptolemy.moml.MoMLSimpleApplication@22f91e04
reloadAllAccessors: .cast

===========================================================================================
----------------- testing Tue Sep 10 05:43:21 UTC 2019 /home/travis/build/icyphy/ptII/ptolemy/actor/lib/test/auto/compositeMultiPort.xml
----------------- Instantiating /home/travis/build/icyphy/ptII/ptolemy/actor/lib/test/auto/compositeMultiPort.xml
4 ms. Memory: 474112K Free: 150150K (32%)
----------------- Invoking toplevel() on ptolemy.moml.MoMLSimpleApplication@57c9bd1e
----------------- Done invoking toplevel() on ptolemy.moml.MoMLSimpleApplication@57c9bd1e
reloadAllAccessors: .compositeMultiPort

===========================================================================================
----------------- testing Tue Sep 10 05:43:21 UTC 2019 /home/travis/build/icyphy/ptII/ptolemy/actor/lib/test/auto/expressionCastInference.xml
----------------- Instantiating /home/travis/build/icyphy/ptII/ptolemy/actor/lib/test/auto/expressionCastInference.xml
2 ms. Memory: 474112K Free: 145030K (31%)
----------------- Invoking toplevel() on ptolemy.moml.MoMLSimpleApplication@397a8a14
----------------- Done invoking toplevel() on ptolemy.moml.MoMLSimpleApplication@397a8a14
reloadAllAccessors: .expressionCastInference

===========================================================================================
----------------- testing Tue Sep 10 05:43:21 UTC 2019 /home/travis/build/icyphy/ptII/ptolemy/actor/lib/test/auto/expressionCastInference2.xml
----------------- Instantiating /home/travis/build/icyphy/ptII/ptolemy/actor/lib/test/auto/expressionCastInference2.xml
9 ms. Memory: 474112K Free: 418427K (88%)
----------------- Invoking toplevel() on ptolemy.moml.MoMLSimpleApplication@3a5b774f
----------------- Done invoking toplevel() on ptolemy.moml.MoMLSimpleApplication@3a5b774f
reloadAllAccessors: .expressionCastInference2

===========================================================================================
----------------- testing Tue Sep 10 05:43:21 UTC 2019 /home/travis/build/icyphy/ptII/ptolemy/actor/lib/test/auto/expressionInference.xml
----------------- Instantiating /home/travis/build/icyphy/ptII/ptolemy/actor/lib/test/auto/expressionInference.xml
1 ms. Memory: 474112K Free: 413821K (87%)
----------------- Invoking toplevel() on ptolemy.moml.MoMLSimpleApplication@28ce0e69
----------------- Done invoking toplevel() on ptolemy.moml.MoMLSimpleApplication@28ce0e69
reloadAllAccessors: .expressionInference

===========================================================================================
----------------- testing Tue Sep 10 05:43:21 UTC 2019 /home/travis/build/icyphy/ptII/ptolemy/actor/lib/test/auto/expression_bug.xml
----------------- Instantiating /home/travis/build/icyphy/ptII/ptolemy/actor/lib/test/auto/expression_bug.xml
1 ms. Memory: 474112K Free: 409725K (86%)
----------------- Invoking toplevel() on ptolemy.moml.MoMLSimpleApplication@5dad119c
----------------- Done invoking toplevel() on ptolemy.moml.MoMLSimpleApplication@5dad119c
reloadAllAccessors: .expression_bug

===========================================================================================
----------------- testing Tue Sep 10 05:43:21 UTC 2019 /home/travis/build/icyphy/ptII/ptolemy/actor/lib/test/auto/factorial.xml
----------------- Instantiating /home/travis/build/icyphy/ptII/ptolemy/actor/lib/test/auto/factorial.xml
52 ms. Memory: 474112K Free: 401019K (85%)
----------------- Invoking toplevel() on ptolemy.moml.MoMLSimpleApplication@58c44e28
----------------- Done invoking toplevel() on ptolemy.moml.MoMLSimpleApplication@58c44e28
reloadAllAccessors: .factorial

===========================================================================================
----------------- testing Tue Sep 10 05:43:21 UTC 2019 /home/travis/build/icyphy/ptII/ptolemy/actor/lib/test/auto/filterTest1.xml
----------------- Instantiating /home/travis/build/icyphy/ptII/ptolemy/actor/lib/test/auto/filterTest1.xml
4 ms. Memory: 474112K Free: 395389K (83%)
----------------- Invoking toplevel() on ptolemy.moml.MoMLSimpleApplication@307187a7
----------------- Done invoking toplevel() on ptolemy.moml.MoMLSimpleApplication@307187a7
reloadAllAccessors: .filterTest1

===========================================================================================
----------------- testing Tue Sep 10 05:43:21 UTC 2019 /home/travis/build/icyphy/ptII/ptolemy/actor/lib/test/auto/funcApplyInConst.xml
----------------- Instantiating /home/travis/build/icyphy/ptII/ptolemy/actor/lib/test/auto/funcApplyInConst.xml
1 ms. Memory: 474112K Free: 391293K (83%)
----------------- Invoking toplevel() on ptolemy.moml.MoMLSimpleApplication@5ecd82d9
----------------- Done invoking toplevel() on ptolemy.moml.MoMLSimpleApplication@5ecd82d9
reloadAllAccessors: .funcApplyInConst

===========================================================================================
----------------- testing Tue Sep 10 05:43:21 UTC 2019 /home/travis/build/icyphy/ptII/ptolemy/actor/lib/test/auto/funcApplyInExpr.xml
----------------- Instantiating /home/travis/build/icyphy/ptII/ptolemy/actor/lib/test/auto/funcApplyInExpr.xml
2 ms. Memory: 474112K Free: 387707K (82%)
----------------- Invoking toplevel() on ptolemy.moml.MoMLSimpleApplication@57090eb3
----------------- Done invoking toplevel() on ptolemy.moml.MoMLSimpleApplication@57090eb3
reloadAllAccessors: .funcApplyInExpr

===========================================================================================
----------------- testing Tue Sep 10 05:43:21 UTC 2019 /home/travis/build/icyphy/ptII/ptolemy/actor/lib/test/auto/function.xml
----------------- Instantiating /home/travis/build/icyphy/ptII/ptolemy/actor/lib/test/auto/function.xml
2 ms. Memory: 474112K Free: 383101K (81%)
----------------- Invoking toplevel() on ptolemy.moml.MoMLSimpleApplication@22202916
----------------- Done invoking toplevel() on ptolemy.moml.MoMLSimpleApplication@22202916
reloadAllAccessors: .function

===========================================================================================
----------------- testing Tue Sep 10 05:43:21 UTC 2019 /home/travis/build/icyphy/ptII/ptolemy/actor/lib/test/auto/function2.xml
----------------- Instantiating /home/travis/build/icyphy/ptII/ptolemy/actor/lib/test/auto/function2.xml
1 ms. Memory: 474112K Free: 377981K (80%)
----------------- Invoking toplevel() on ptolemy.moml.MoMLSimpleApplication@59909880
----------------- Done invoking toplevel() on ptolemy.moml.MoMLSimpleApplication@59909880
reloadAllAccessors: .function2

===========================================================================================
----------------- testing Tue Sep 10 05:43:21 UTC 2019 /home/travis/build/icyphy/ptII/ptolemy/actor/lib/test/auto/function3.xml
----------------- Instantiating /home/travis/build/icyphy/ptII/ptolemy/actor/lib/test/auto/function3.xml
2 ms. Memory: 474112K Free: 374395K (79%)
----------------- Invoking toplevel() on ptolemy.moml.MoMLSimpleApplication@70af1e15
----------------- Done invoking toplevel() on ptolemy.moml.MoMLSimpleApplication@70af1e15
reloadAllAccessors: .function3

===========================================================================================
----------------- testing Tue Sep 10 05:43:21 UTC 2019 /home/travis/build/icyphy/ptII/ptolemy/actor/lib/test/auto/functionClosureTest1.xml
----------------- Instantiating /home/travis/build/icyphy/ptII/ptolemy/actor/lib/test/auto/functionClosureTest1.xml
2 ms. Memory: 474112K Free: 368251K (78%)
----------------- Invoking toplevel() on ptolemy.moml.MoMLSimpleApplication@52374ca8
----------------- Done invoking toplevel() on ptolemy.moml.MoMLSimpleApplication@52374ca8
reloadAllAccessors: .functionClosureTest1

===========================================================================================
----------------- testing Tue Sep 10 05:43:21 UTC 2019 /home/travis/build/icyphy/ptII/ptolemy/actor/lib/test/auto/functionClosureTest2.xml
----------------- Instantiating /home/travis/build/icyphy/ptII/ptolemy/actor/lib/test/auto/functionClosureTest2.xml
1 ms. Memory: 474112K Free: 364669K (77%)
----------------- Invoking toplevel() on ptolemy.moml.MoMLSimpleApplication@7996a4dd
----------------- Done invoking toplevel() on ptolemy.moml.MoMLSimpleApplication@7996a4dd
reloadAllAccessors: .functionClosureTest2

===========================================================================================
----------------- testing Tue Sep 10 05:43:21 UTC 2019 /home/travis/build/icyphy/ptII/ptolemy/actor/lib/test/auto/functionClosureTest3.xml
----------------- Instantiating /home/travis/build/icyphy/ptII/ptolemy/actor/lib/test/auto/functionClosureTest3.xml
2 ms. Memory: 474112K Free: 359021K (76%)
----------------- Invoking toplevel() on ptolemy.moml.MoMLSimpleApplication@695ede26
----------------- Done invoking toplevel() on ptolemy.moml.MoMLSimpleApplication@695ede26
reloadAllAccessors: .functionClosureTest3

===========================================================================================
----------------- testing Tue Sep 10 05:43:21 UTC 2019 /home/travis/build/icyphy/ptII/ptolemy/actor/lib/test/auto/functionClosureTest4.xml
----------------- Instantiating /home/travis/build/icyphy/ptII/ptolemy/actor/lib/test/auto/functionClosureTest4.xml
8 ms. Memory: 474112K Free: 352891K (74%)
----------------- Invoking toplevel() on ptolemy.moml.MoMLSimpleApplication@55f3373d
----------------- Done invoking toplevel() on ptolemy.moml.MoMLSimpleApplication@55f3373d
reloadAllAccessors: .functionClosureTest4

===========================================================================================
----------------- testing Tue Sep 10 05:43:21 UTC 2019 /home/travis/build/icyphy/ptII/ptolemy/actor/lib/test/auto/functionClosureTest5.xml
----------------- Instantiating /home/travis/build/icyphy/ptII/ptolemy/actor/lib/test/auto/functionClosureTest5.xml
3 ms. Memory: 474112K Free: 347261K (73%)
----------------- Invoking toplevel() on ptolemy.moml.MoMLSimpleApplication@1c536f00
----------------- Done invoking toplevel() on ptolemy.moml.MoMLSimpleApplication@1c536f00
reloadAllAccessors: .functionClosureTest5

===========================================================================================
----------------- testing Tue Sep 10 05:43:21 UTC 2019 /home/travis/build/icyphy/ptII/ptolemy/actor/lib/test/auto/functionClosureTest6.xml
----------------- Instantiating /home/travis/build/icyphy/ptII/ptolemy/actor/lib/test/auto/functionClosureTest6.xml
2 ms. Memory: 474112K Free: 342637K (72%)
----------------- Invoking toplevel() on ptolemy.moml.MoMLSimpleApplication@6aa48d16
----------------- Done invoking toplevel() on ptolemy.moml.MoMLSimpleApplication@6aa48d16
reloadAllAccessors: .functionClosureTest6

===========================================================================================
----------------- testing Tue Sep 10 05:43:21 UTC 2019 /home/travis/build/icyphy/ptII/ptolemy/actor/lib/test/auto/functionsOnArcs.xml
----------------- Instantiating /home/travis/build/icyphy/ptII/ptolemy/actor/lib/test/auto/functionsOnArcs.xml
2 ms. Memory: 474112K Free: 337021K (71%)
----------------- Invoking toplevel() on ptolemy.moml.MoMLSimpleApplication@3682be6d
----------------- Done invoking toplevel() on ptolemy.moml.MoMLSimpleApplication@3682be6d
reloadAllAccessors: .functionsOnArcs

===========================================================================================
----------------- testing Tue Sep 10 05:43:21 UTC 2019 /home/travis/build/icyphy/ptII/ptolemy/actor/lib/test/auto/functionsOnArcsHOF.xml
----------------- Instantiating /home/travis/build/icyphy/ptII/ptolemy/actor/lib/test/auto/functionsOnArcsHOF.xml
5 ms. Memory: 474112K Free: 331387K (70%)
----------------- Invoking toplevel() on ptolemy.moml.MoMLSimpleApplication@432544fa
----------------- Done invoking toplevel() on ptolemy.moml.MoMLSimpleApplication@432544fa
reloadAllAccessors: .functionsOnArcsHOF

===========================================================================================
----------------- testing Tue Sep 10 05:43:21 UTC 2019 /home/travis/build/icyphy/ptII/ptolemy/actor/lib/test/auto/logic.xml
----------------- Instantiating /home/travis/build/icyphy/ptII/ptolemy/actor/lib/test/auto/logic.xml
2 ms. Memory: 474112K Free: 324219K (68%)
----------------- Invoking toplevel() on ptolemy.moml.MoMLSimpleApplication@67314a6a
----------------- Done invoking toplevel() on ptolemy.moml.MoMLSimpleApplication@67314a6a
reloadAllAccessors: .logic

===========================================================================================
----------------- testing Tue Sep 10 05:43:21 UTC 2019 /home/travis/build/icyphy/ptII/ptolemy/actor/lib/test/auto/matrixType.xml
----------------- Instantiating /home/travis/build/icyphy/ptII/ptolemy/actor/lib/test/auto/matrixType.xml
2 ms. Memory: 474112K Free: 319099K (67%)
----------------- Invoking toplevel() on ptolemy.moml.MoMLSimpleApplication@4c85e471
----------------- Done invoking toplevel() on ptolemy.moml.MoMLSimpleApplication@4c85e471
reloadAllAccessors: .matrixType

===========================================================================================
----------------- testing Tue Sep 10 05:43:21 UTC 2019 /home/travis/build/icyphy/ptII/ptolemy/actor/lib/test/auto/matrixType10.xml
----------------- Instantiating /home/travis/build/icyphy/ptII/ptolemy/actor/lib/test/auto/matrixType10.xml
2 ms. Memory: 474112K Free: 314493K (66%)
----------------- Invoking toplevel() on ptolemy.moml.MoMLSimpleApplication@150c136c
----------------- Done invoking toplevel() on ptolemy.moml.MoMLSimpleApplication@150c136c
reloadAllAccessors: .matrixType10

===========================================================================================
----------------- testing Tue Sep 10 05:43:21 UTC 2019 /home/travis/build/icyphy/ptII/ptolemy/actor/lib/test/auto/matrixType11.xml
----------------- Instantiating /home/travis/build/icyphy/ptII/ptolemy/actor/lib/test/auto/matrixType11.xml
1 ms. Memory: 474112K Free: 309373K (65%)
----------------- Invoking toplevel() on ptolemy.moml.MoMLSimpleApplication@60e41d5b
----------------- Done invoking toplevel() on ptolemy.moml.MoMLSimpleApplication@60e41d5b
reloadAllAccessors: .matrixType11

===========================================================================================
----------------- testing Tue Sep 10 05:43:21 UTC 2019 /home/travis/build/icyphy/ptII/ptolemy/actor/lib/test/auto/matrixType12.xml
----------------- Instantiating /home/travis/build/icyphy/ptII/ptolemy/actor/lib/test/auto/matrixType12.xml
1 ms. Memory: 474112K Free: 304763K (64%)
----------------- Invoking toplevel() on ptolemy.moml.MoMLSimpleApplication@cb94a7b
----------------- Done invoking toplevel() on ptolemy.moml.MoMLSimpleApplication@cb94a7b
reloadAllAccessors: .matrixType12

===========================================================================================
----------------- testing Tue Sep 10 05:43:22 UTC 2019 /home/travis/build/icyphy/ptII/ptolemy/actor/lib/test/auto/matrixType13.xml
----------------- Instantiating /home/travis/build/icyphy/ptII/ptolemy/actor/lib/test/auto/matrixType13.xml
1 ms. Memory: 474112K Free: 299643K (63%)
----------------- Invoking toplevel() on ptolemy.moml.MoMLSimpleApplication@57c2d794
----------------- Done invoking toplevel() on ptolemy.moml.MoMLSimpleApplication@57c2d794
reloadAllAccessors: .matrixType13

===========================================================================================
----------------- testing Tue Sep 10 05:43:22 UTC 2019 /home/travis/build/icyphy/ptII/ptolemy/actor/lib/test/auto/matrixType14.xml
----------------- Instantiating /home/travis/build/icyphy/ptII/ptolemy/actor/lib/test/auto/matrixType14.xml
2 ms. Memory: 474112K Free: 294509K (62%)
----------------- Invoking toplevel() on ptolemy.moml.MoMLSimpleApplication@466fd930
----------------- Done invoking toplevel() on ptolemy.moml.MoMLSimpleApplication@466fd930
reloadAllAccessors: .matrixType14

===========================================================================================
----------------- testing Tue Sep 10 05:43:22 UTC 2019 /home/travis/build/icyphy/ptII/ptolemy/actor/lib/test/auto/matrixType2.xml
----------------- Instantiating /home/travis/build/icyphy/ptII/ptolemy/actor/lib/test/auto/matrixType2.xml
1 ms. Memory: 474112K Free: 289403K (61%)
----------------- Invoking toplevel() on ptolemy.moml.MoMLSimpleApplication@6947b1e2
----------------- Done invoking toplevel() on ptolemy.moml.MoMLSimpleApplication@6947b1e2
reloadAllAccessors: .matrixType2

===========================================================================================
----------------- testing Tue Sep 10 05:43:22 UTC 2019 /home/travis/build/icyphy/ptII/ptolemy/actor/lib/test/auto/matrixType3.xml
----------------- Instantiating /home/travis/build/icyphy/ptII/ptolemy/actor/lib/test/auto/matrixType3.xml
3 ms. Memory: 474112K Free: 284797K (60%)
----------------- Invoking toplevel() on ptolemy.moml.MoMLSimpleApplication@4fea5c88
----------------- Done invoking toplevel() on ptolemy.moml.MoMLSimpleApplication@4fea5c88
reloadAllAccessors: .matrixType3

===========================================================================================
----------------- testing Tue Sep 10 05:43:22 UTC 2019 /home/travis/build/icyphy/ptII/ptolemy/actor/lib/test/auto/matrixType4.xml
----------------- Instantiating /home/travis/build/icyphy/ptII/ptolemy/actor/lib/test/auto/matrixType4.xml
1 ms. Memory: 474112K Free: 279677K (59%)
----------------- Invoking toplevel() on ptolemy.moml.MoMLSimpleApplication@3af79758
----------------- Done invoking toplevel() on ptolemy.moml.MoMLSimpleApplication@3af79758
reloadAllAccessors: .matrixType4

===========================================================================================
----------------- testing Tue Sep 10 05:43:22 UTC 2019 /home/travis/build/icyphy/ptII/ptolemy/actor/lib/test/auto/matrixType5.xml
----------------- Instantiating /home/travis/build/icyphy/ptII/ptolemy/actor/lib/test/auto/matrixType5.xml
1 ms. Memory: 474112K Free: 275067K (58%)
----------------- Invoking toplevel() on ptolemy.moml.MoMLSimpleApplication@741a51b0
----------------- Done invoking toplevel() on ptolemy.moml.MoMLSimpleApplication@741a51b0
reloadAllAccessors: .matrixType5

===========================================================================================
----------------- testing Tue Sep 10 05:43:22 UTC 2019 /home/travis/build/icyphy/ptII/ptolemy/actor/lib/test/auto/matrixType6.xml
----------------- Instantiating /home/travis/build/icyphy/ptII/ptolemy/actor/lib/test/auto/matrixType6.xml
1 ms. Memory: 474112K Free: 269947K (57%)
----------------- Invoking toplevel() on ptolemy.moml.MoMLSimpleApplication@6a3f2105
----------------- Done invoking toplevel() on ptolemy.moml.MoMLSimpleApplication@6a3f2105
reloadAllAccessors: .matrixType6

===========================================================================================
----------------- testing Tue Sep 10 05:43:22 UTC 2019 /home/travis/build/icyphy/ptII/ptolemy/actor/lib/test/auto/matrixType7.xml
----------------- Instantiating /home/travis/build/icyphy/ptII/ptolemy/actor/lib/test/auto/matrixType7.xml
2 ms. Memory: 474112K Free: 265341K (56%)
----------------- Invoking toplevel() on ptolemy.moml.MoMLSimpleApplication@6256c091
----------------- Done invoking toplevel() on ptolemy.moml.MoMLSimpleApplication@6256c091
reloadAllAccessors: .matrixType7

===========================================================================================
----------------- testing Tue Sep 10 05:43:22 UTC 2019 /home/travis/build/icyphy/ptII/ptolemy/actor/lib/test/auto/matrixType8.xml
----------------- Instantiating /home/travis/build/icyphy/ptII/ptolemy/actor/lib/test/auto/matrixType8.xml
2 ms. Memory: 474112K Free: 260221K (55%)
----------------- Invoking toplevel() on ptolemy.moml.MoMLSimpleApplication@2f37a8be
----------------- Done invoking toplevel() on ptolemy.moml.MoMLSimpleApplication@2f37a8be
reloadAllAccessors: .matrixType8

===========================================================================================
----------------- testing Tue Sep 10 05:43:22 UTC 2019 /home/travis/build/icyphy/ptII/ptolemy/actor/lib/test/auto/matrixType9.xml
----------------- Instantiating /home/travis/build/icyphy/ptII/ptolemy/actor/lib/test/auto/matrixType9.xml
1 ms. Memory: 474112K Free: 255611K (54%)
----------------- Invoking toplevel() on ptolemy.moml.MoMLSimpleApplication@3951aa5a
----------------- Done invoking toplevel() on ptolemy.moml.MoMLSimpleApplication@3951aa5a
reloadAllAccessors: .matrixType9

===========================================================================================
----------------- testing Tue Sep 10 05:43:22 UTC 2019 /home/travis/build/icyphy/ptII/ptolemy/actor/lib/test/auto/paraFunctest.xml
----------------- Instantiating /home/travis/build/icyphy/ptII/ptolemy/actor/lib/test/auto/paraFunctest.xml
2 ms. Memory: 474112K Free: 251515K (53%)
----------------- Invoking toplevel() on ptolemy.moml.MoMLSimpleApplication@35b81641
----------------- Done invoking toplevel() on ptolemy.moml.MoMLSimpleApplication@35b81641
reloadAllAccessors: .paraFunctest

===========================================================================================
----------------- testing Tue Sep 10 05:43:22 UTC 2019 /home/travis/build/icyphy/ptII/ptolemy/actor/lib/test/auto/paraFunctest2.xml
----------------- Instantiating /home/travis/build/icyphy/ptII/ptolemy/actor/lib/test/auto/paraFunctest2.xml
2 ms. Memory: 474112K Free: 247419K (52%)
----------------- Invoking toplevel() on ptolemy.moml.MoMLSimpleApplication@4b9085be
----------------- Done invoking toplevel() on ptolemy.moml.MoMLSimpleApplication@4b9085be
reloadAllAccessors: .paraFunctest2

===========================================================================================
----------------- testing Tue Sep 10 05:43:22 UTC 2019 /home/travis/build/icyphy/ptII/ptolemy/actor/lib/test/auto/parameterPassing.xml
----------------- Instantiating /home/travis/build/icyphy/ptII/ptolemy/actor/lib/test/auto/parameterPassing.xml
1 ms. Memory: 474112K Free: 242813K (51%)
----------------- Invoking toplevel() on ptolemy.moml.MoMLSimpleApplication@3c70fce9
----------------- Done invoking toplevel() on ptolemy.moml.MoMLSimpleApplication@3c70fce9
reloadAllAccessors: .parameterPassing

===========================================================================================
----------------- testing Tue Sep 10 05:43:22 UTC 2019 /home/travis/build/icyphy/ptII/ptolemy/actor/lib/test/auto/record.xml
----------------- Instantiating /home/travis/build/icyphy/ptII/ptolemy/actor/lib/test/auto/record.xml
3 ms. Memory: 474112K Free: 238203K (50%)
----------------- Invoking toplevel() on ptolemy.moml.MoMLSimpleApplication@12256cce
----------------- Done invoking toplevel() on ptolemy.moml.MoMLSimpleApplication@12256cce
reloadAllAccessors: .record

===========================================================================================
----------------- testing Tue Sep 10 05:43:22 UTC 2019 /home/travis/build/icyphy/ptII/ptolemy/actor/lib/test/auto/sizedarray1.xml
----------------- Instantiating /home/travis/build/icyphy/ptII/ptolemy/actor/lib/test/auto/sizedarray1.xml
2 ms. Memory: 474112K Free: 232573K (49%)
----------------- Invoking toplevel() on ptolemy.moml.MoMLSimpleApplication@18259370
----------------- Done invoking toplevel() on ptolemy.moml.MoMLSimpleApplication@18259370
reloadAllAccessors: .sizedarray1

===========================================================================================
----------------- testing Tue Sep 10 05:43:22 UTC 2019 /home/travis/build/icyphy/ptII/ptolemy/actor/lib/test/auto/sizedarray2.xml
----------------- Instantiating /home/travis/build/icyphy/ptII/ptolemy/actor/lib/test/auto/sizedarray2.xml
3 ms. Memory: 474112K Free: 226939K (48%)
----------------- Invoking toplevel() on ptolemy.moml.MoMLSimpleApplication@27f64ebd
----------------- Done invoking toplevel() on ptolemy.moml.MoMLSimpleApplication@27f64ebd
reloadAllAccessors: .sizedarray2

===========================================================================================
----------------- testing Tue Sep 10 05:43:22 UTC 2019 /home/travis/build/icyphy/ptII/ptolemy/actor/lib/test/auto/twoPublishers.xml
----------------- Instantiating /home/travis/build/icyphy/ptII/ptolemy/actor/lib/test/auto/twoPublishers.xml
6 ms. Memory: 474112K Free: 216189K (46%)
----------------- Invoking toplevel() on ptolemy.moml.MoMLSimpleApplication@7e815ec3
----------------- Done invoking toplevel() on ptolemy.moml.MoMLSimpleApplication@7e815ec3
reloadAllAccessors: .twoPublishers
AutoTests.java: About to close Vertx.
AutoTests.java: Vertx closed.
]]></system-out>
  <system-err><![CDATA[java.lang.RuntimeException: Execution failed
	at ptolemy.moml.MoMLSimpleApplication$UnloadThread.run(MoMLSimpleApplication.java:402)
Caused by: java.lang.RuntimeException: StringUtilities.exit() was called. Normally, we would exit here because Manager.exitAfterWrapup() was called.  However, because the ptolemy.ptII.exitAfterWrapup property is set, we throw this exception instead.
	at ptolemy.util.StringUtilities.exit(StringUtilities.java:365)
	at ptolemy.actor.Manager.wrapup(Manager.java:1549)
	at ptolemy.actor.Manager.execute(Manager.java:407)
	at ptolemy.actor.Manager.run(Manager.java:1263)
	at ptolemy.actor.Manager$PtolemyRunThread.run(Manager.java:1933)
Warning: '.top.test' is in training mode, set the trainingMode parameter to false before checking in
Warning: '.top.test' is in training mode, set the trainingMode parameter to false before checking in
Warning: '.top.test' is in training mode, set the trainingMode parameter to false before checking in
Warning: '.BooleanSwitch_RegressionTest_WrongTrainingValues.Test' is in training mode, set the trainingMode parameter to false before checking in
Warning: '.BooleanSwitch_RegressionTest_WrongTrainingValues.Test2' is in training mode, set the trainingMode parameter to false before checking in
Warning: '.BooleanSwitch_RegressionTest_WrongTrainingValues.Test2' The test produced 0 tokens.
Warning: '.top.testExceptionHandler' is in training mode, set the trainingMode parameter to false before checking in
java.lang.RuntimeException: Execution failed
	at ptolemy.moml.MoMLSimpleApplication$UnloadThread.run(MoMLSimpleApplication.java:402)
Caused by: ptolemy.kernel.util.IllegalActionException: PublisherPorts cannot be used at the top level, use a Publisher actor instead.
  in .PublisherPortToplevelSubscriber.PublisherPort
	at ptolemy.actor.PublisherPort.preinitialize(PublisherPort.java:403)
	at ptolemy.actor.CompositeActor.preinitialize(CompositeActor.java:1769)
	at ptolemy.actor.Manager.preinitializeAndResolveTypes(Manager.java:1040)
	at ptolemy.actor.Manager.initialize(Manager.java:710)
	at ptolemy.actor.Manager.execute(Manager.java:356)
	at ptolemy.actor.Manager.run(Manager.java:1263)
	at ptolemy.actor.Manager$PtolemyRunThread.run(Manager.java:1933)
java.lang.reflect.InvocationTargetException
	at java.base/jdk.internal.reflect.NativeConstructorAccessorImpl.newInstance0(Native Method)
	at java.base/jdk.internal.reflect.NativeConstructorAccessorImpl.newInstance(NativeConstructorAccessorImpl.java:62)
	at java.base/jdk.internal.reflect.DelegatingConstructorAccessorImpl.newInstance(DelegatingConstructorAccessorImpl.java:45)
	at java.base/java.lang.reflect.Constructor.newInstance(Constructor.java:490)
	at ptolemy.util.test.junit.AutoKnownFailedTests.RunModel(AutoKnownFailedTests.java:105)
	at java.base/jdk.internal.reflect.NativeMethodAccessorImpl.invoke0(Native Method)
	at java.base/jdk.internal.reflect.NativeMethodAccessorImpl.invoke(NativeMethodAccessorImpl.java:62)
	at java.base/jdk.internal.reflect.DelegatingMethodAccessorImpl.invoke(DelegatingMethodAccessorImpl.java:43)
	at java.base/java.lang.reflect.Method.invoke(Method.java:566)
	at org.junit.runners.model.FrameworkMethod$1.runReflectiveCall(FrameworkMethod.java:44)
	at org.junit.internal.runners.model.ReflectiveCallable.run(ReflectiveCallable.java:15)
	at org.junit.runners.model.FrameworkMethod.invokeExplosively(FrameworkMethod.java:41)
	at junitparams.internal.InvokeParameterisedMethod.evaluate(InvokeParameterisedMethod.java:102)
	at org.junit.internal.runners.statements.FailOnTimeout$1.run(FailOnTimeout.java:28)
Caused by: ptolemy.kernel.util.IllegalActionException: PublisherPorts cannot be used at the top level, use a Publisher actor instead.
  in .PublisherPortToplevelSubscriber.PublisherPort
	at ptolemy.actor.PublisherPort.preinitialize(PublisherPort.java:403)
	at ptolemy.actor.CompositeActor.preinitialize(CompositeActor.java:1769)
	at ptolemy.actor.Manager.preinitializeAndResolveTypes(Manager.java:1040)
	at ptolemy.actor.Manager.initialize(Manager.java:710)
	at ptolemy.actor.Manager.execute(Manager.java:356)
	at ptolemy.actor.Manager.run(Manager.java:1263)
	at ptolemy.actor.Manager$PtolemyRunThread.run(Manager.java:1933)
java.lang.RuntimeException: Execution failed
	at ptolemy.moml.MoMLSimpleApplication$UnloadThread.run(MoMLSimpleApplication.java:402)
Caused by: ptolemy.kernel.util.IllegalActionException: SubscriberPorts cannot be used at the top level, use a Subscriber actor instead.
  in .PublisherSubscriberPortToplevel.SubscriberPort
	at ptolemy.actor.SubscriberPort.preinitialize(SubscriberPort.java:328)
	at ptolemy.actor.CompositeActor.preinitialize(CompositeActor.java:1769)
	at ptolemy.actor.Manager.preinitializeAndResolveTypes(Manager.java:1040)
	at ptolemy.actor.Manager.initialize(Manager.java:710)
	at ptolemy.actor.Manager.execute(Manager.java:356)
	at ptolemy.actor.Manager.run(Manager.java:1263)
	at ptolemy.actor.Manager$PtolemyRunThread.run(Manager.java:1933)
java.lang.reflect.InvocationTargetException
	at java.base/jdk.internal.reflect.NativeConstructorAccessorImpl.newInstance0(Native Method)
	at java.base/jdk.internal.reflect.NativeConstructorAccessorImpl.newInstance(NativeConstructorAccessorImpl.java:62)
	at java.base/jdk.internal.reflect.DelegatingConstructorAccessorImpl.newInstance(DelegatingConstructorAccessorImpl.java:45)
	at java.base/java.lang.reflect.Constructor.newInstance(Constructor.java:490)
	at ptolemy.util.test.junit.AutoKnownFailedTests.RunModel(AutoKnownFailedTests.java:105)
	at java.base/jdk.internal.reflect.NativeMethodAccessorImpl.invoke0(Native Method)
	at java.base/jdk.internal.reflect.NativeMethodAccessorImpl.invoke(NativeMethodAccessorImpl.java:62)
	at java.base/jdk.internal.reflect.DelegatingMethodAccessorImpl.invoke(DelegatingMethodAccessorImpl.java:43)
	at java.base/java.lang.reflect.Method.invoke(Method.java:566)
	at org.junit.runners.model.FrameworkMethod$1.runReflectiveCall(FrameworkMethod.java:44)
	at org.junit.internal.runners.model.ReflectiveCallable.run(ReflectiveCallable.java:15)
	at org.junit.runners.model.FrameworkMethod.invokeExplosively(FrameworkMethod.java:41)
	at junitparams.internal.InvokeParameterisedMethod.evaluate(InvokeParameterisedMethod.java:102)
	at org.junit.internal.runners.statements.FailOnTimeout$1.run(FailOnTimeout.java:28)
Caused by: ptolemy.kernel.util.IllegalActionException: SubscriberPorts cannot be used at the top level, use a Subscriber actor instead.
  in .PublisherSubscriberPortToplevel.SubscriberPort
	at ptolemy.actor.SubscriberPort.preinitialize(SubscriberPort.java:328)
	at ptolemy.actor.CompositeActor.preinitialize(CompositeActor.java:1769)
	at ptolemy.actor.Manager.preinitializeAndResolveTypes(Manager.java:1040)
	at ptolemy.actor.Manager.initialize(Manager.java:710)
	at ptolemy.actor.Manager.execute(Manager.java:356)
	at ptolemy.actor.Manager.run(Manager.java:1263)
	at ptolemy.actor.Manager$PtolemyRunThread.run(Manager.java:1933)
java.lang.RuntimeException: Execution failed
	at ptolemy.moml.MoMLSimpleApplication$UnloadThread.run(MoMLSimpleApplication.java:402)
Caused by: ptolemy.kernel.util.IllegalActionException: SubscriptionAggregatorPorts cannot be used at the top level, use a SubscriptionAggregator actor instead.
  in .PublisherSubscriptionAggregatorPort.SubscriptionAggregatorPort
	at ptolemy.actor.SubscriptionAggregatorPort.preinitialize(SubscriptionAggregatorPort.java:353)
	at ptolemy.actor.CompositeActor.preinitialize(CompositeActor.java:1769)
	at ptolemy.actor.Manager.preinitializeAndResolveTypes(Manager.java:1040)
	at ptolemy.actor.Manager.initialize(Manager.java:710)
	at ptolemy.actor.Manager.execute(Manager.java:356)
	at ptolemy.actor.Manager.run(Manager.java:1263)
	at ptolemy.actor.Manager$PtolemyRunThread.run(Manager.java:1933)
java.lang.reflect.InvocationTargetException
	at java.base/jdk.internal.reflect.NativeConstructorAccessorImpl.newInstance0(Native Method)
	at java.base/jdk.internal.reflect.NativeConstructorAccessorImpl.newInstance(NativeConstructorAccessorImpl.java:62)
	at java.base/jdk.internal.reflect.DelegatingConstructorAccessorImpl.newInstance(DelegatingConstructorAccessorImpl.java:45)
	at java.base/java.lang.reflect.Constructor.newInstance(Constructor.java:490)
	at ptolemy.util.test.junit.AutoKnownFailedTests.RunModel(AutoKnownFailedTests.java:105)
	at java.base/jdk.internal.reflect.NativeMethodAccessorImpl.invoke0(Native Method)
	at java.base/jdk.internal.reflect.NativeMethodAccessorImpl.invoke(NativeMethodAccessorImpl.java:62)
	at java.base/jdk.internal.reflect.DelegatingMethodAccessorImpl.invoke(DelegatingMethodAccessorImpl.java:43)
	at java.base/java.lang.reflect.Method.invoke(Method.java:566)
	at org.junit.runners.model.FrameworkMethod$1.runReflectiveCall(FrameworkMethod.java:44)
	at org.junit.internal.runners.model.ReflectiveCallable.run(ReflectiveCallable.java:15)
	at org.junit.runners.model.FrameworkMethod.invokeExplosively(FrameworkMethod.java:41)
	at junitparams.internal.InvokeParameterisedMethod.evaluate(InvokeParameterisedMethod.java:102)
	at org.junit.internal.runners.statements.FailOnTimeout$1.run(FailOnTimeout.java:28)
Caused by: ptolemy.kernel.util.IllegalActionException: SubscriptionAggregatorPorts cannot be used at the top level, use a SubscriptionAggregator actor instead.
  in .PublisherSubscriptionAggregatorPort.SubscriptionAggregatorPort
	at ptolemy.actor.SubscriptionAggregatorPort.preinitialize(SubscriptionAggregatorPort.java:353)
	at ptolemy.actor.CompositeActor.preinitialize(CompositeActor.java:1769)
	at ptolemy.actor.Manager.preinitializeAndResolveTypes(Manager.java:1040)
	at ptolemy.actor.Manager.initialize(Manager.java:710)
	at ptolemy.actor.Manager.execute(Manager.java:356)
	at ptolemy.actor.Manager.run(Manager.java:1263)
	at ptolemy.actor.Manager$PtolemyRunThread.run(Manager.java:1933)
java.lang.RuntimeException: Execution failed
	at ptolemy.moml.MoMLSimpleApplication$UnloadThread.run(MoMLSimpleApplication.java:402)
Caused by: ptolemy.kernel.util.IllegalActionException: TypeTest actor has no training data.
  in .sizedarray3.TypeTest
	at ptolemy.actor.lib.TypeTest.initialize(TypeTest.java:250)
	at ptolemy.actor.Director.initialize(Director.java:938)
	at ptolemy.actor.Director.initialize(Director.java:907)
	at ptolemy.actor.sched.StaticSchedulingDirector.initialize(StaticSchedulingDirector.java:159)
	at ptolemy.domains.sdf.kernel.SDFDirector.initialize(SDFDirector.java:544)
	at ptolemy.actor.CompositeActor.initialize(CompositeActor.java:935)
	at ptolemy.actor.Manager.initialize(Manager.java:724)
	at ptolemy.actor.Manager.execute(Manager.java:356)
	at ptolemy.actor.Manager.run(Manager.java:1263)
	at ptolemy.actor.Manager$PtolemyRunThread.run(Manager.java:1933)
java.lang.reflect.InvocationTargetException
	at java.base/jdk.internal.reflect.NativeConstructorAccessorImpl.newInstance0(Native Method)
	at java.base/jdk.internal.reflect.NativeConstructorAccessorImpl.newInstance(NativeConstructorAccessorImpl.java:62)
	at java.base/jdk.internal.reflect.DelegatingConstructorAccessorImpl.newInstance(DelegatingConstructorAccessorImpl.java:45)
	at java.base/java.lang.reflect.Constructor.newInstance(Constructor.java:490)
	at ptolemy.util.test.junit.AutoKnownFailedTests.RunModel(AutoKnownFailedTests.java:105)
	at java.base/jdk.internal.reflect.NativeMethodAccessorImpl.invoke0(Native Method)
	at java.base/jdk.internal.reflect.NativeMethodAccessorImpl.invoke(NativeMethodAccessorImpl.java:62)
	at java.base/jdk.internal.reflect.DelegatingMethodAccessorImpl.invoke(DelegatingMethodAccessorImpl.java:43)
	at java.base/java.lang.reflect.Method.invoke(Method.java:566)
	at org.junit.runners.model.FrameworkMethod$1.runReflectiveCall(FrameworkMethod.java:44)
	at org.junit.internal.runners.model.ReflectiveCallable.run(ReflectiveCallable.java:15)
	at org.junit.runners.model.FrameworkMethod.invokeExplosively(FrameworkMethod.java:41)
	at junitparams.internal.InvokeParameterisedMethod.evaluate(InvokeParameterisedMethod.java:102)
	at org.junit.internal.runners.statements.FailOnTimeout$1.run(FailOnTimeout.java:28)
Caused by: ptolemy.kernel.util.IllegalActionException: TypeTest actor has no training data.
  in .sizedarray3.TypeTest
	at ptolemy.actor.lib.TypeTest.initialize(TypeTest.java:250)
	at ptolemy.actor.Director.initialize(Director.java:938)
	at ptolemy.actor.Director.initialize(Director.java:907)
	at ptolemy.actor.sched.StaticSchedulingDirector.initialize(StaticSchedulingDirector.java:159)
	at ptolemy.domains.sdf.kernel.SDFDirector.initialize(SDFDirector.java:544)
	at ptolemy.actor.CompositeActor.initialize(CompositeActor.java:935)
	at ptolemy.actor.Manager.initialize(Manager.java:724)
	at ptolemy.actor.Manager.execute(Manager.java:356)
	at ptolemy.actor.Manager.run(Manager.java:1263)
	at ptolemy.actor.Manager$PtolemyRunThread.run(Manager.java:1933)
]]></system-err>
</testsuite>
