<?xml version="1.0" encoding="UTF-8" ?>
<testsuite errors="0" failures="0" hostname="travis-job-b7a5c697-b03d-4272-86d7-a1e858dc3ca7" name="ptolemy.configs.test.junit.JUnitTclTest" skipped="0" tests="9" time="555.805" timestamp="2021-12-06T02:03:32">
  <properties>
    <property name="env.OLDPWD" value="/home/travis/build" />
    <property name="npm.executable" value="npm" />
    <property name="env.TRAVIS_ROOT" value="/" />
    <property name="ptII.mk.exists" value="true" />
    <property name="env.TRAVIS_APP_HOST" value="build.travis-ci.com" />
    <property name="env.rvm_bin_path" value="/home/travis/.rvm/bin" />
    <property name="java.home" value="/usr/local/lib/jvm/openjdk11" />
    <property name="env.TRAVIS_JOB_NUMBER" value="1851.12" />
    <property name="env.TRAVIS_HOME" value="/home/travis" />
    <property name="env.DISPLAY" value=":99.0" />
    <property name="env.TRAVIS_INIT" value="systemd" />
    <property name="env.SSH_TTY" value="/dev/pts/0" />
    <property name="java.net.preferIPv4Stack" value="true" />
    <property name="env.RUN_TESTS" value="true" />
    <property name="timeout.short" value="1000000" />
    <property name="junit.formatter" value="xml" />
    <property name="env.TRAVIS_SUDO" value="true" />
    <property name="env.TRAVIS_JOB_NAME" value="" />
    <property name="env.TRAVIS_STACK_NODE_ATTRIBUTES" value="/.node-attributes.yml" />
    <property name="env.LOGNAME" value="travis" />
    <property name="jsdoc.home" value="node_modules/@terraswarm/jsdoc" />
    <property name="debuglevel" value="source,lines,vars" />
    <property name="checkstyle.formatter" value="xml" />
    <property name="bin.vergil.makeable" value="true" />
    <property name="sun.os.patch.level" value="unknown" />
    <property name="java.vendor.url" value="http://java.oracle.com/" />
    <property name="env.TRAVIS_BUILD_WEB_URL" value="https://app.travis-ci.com/icyphy/ptII/builds/242938139" />
    <property name="java.version" value="11.0.2" />
    <property name="env.TZ" value="UTC" />
    <property name="env.TRAVIS_PULL_REQUEST_SHA" value="" />
    <property name="env.PT_NO_NET" value="true" />
    <property name="env.TRAVIS_SECURE_ENV_VARS" value="true" />
    <property name="java.vendor.url.bug" value="http://bugreport.java.com/bugreport/" />
    <property name="npmjs-org-is-up" value="true" />
    <property name="env.LANGUAGE" value="en_US.UTF-8" />
    <property name="env.SSH_CLIENT" value="10.16.1.16 43322 22" />
    <property name="env.GEM_HOME" value="/home/travis/.rvm/gems/ruby-2.6.5" />
    <property name="env.HAS_ANTARES_THREE_LITTLE_FRONZIES_BADGE" value="true" />
    <property name="java.version.date" value="2019-01-15" />
    <property name="env.PS4" value="+" />
    <property name="ant.project.invoked-targets" value="build,test.core5.xml" />
    <property name="env.TRAVIS_PULL_REQUEST_BRANCH" value="" />
    <property name="env.TRAVIS_REPO_SLUG" value="icyphy/ptII" />
    <property name="env.XDG_DATA_DIRS" value="/usr/local/share:/usr/share:/var/lib/snapd/desktop" />
    <property name="jdk.debug" value="release" />
    <property name="env.TRAVIS_APT_PROXY" value="http://build-cache.travisci.net" />
    <property name="env.TRAVIS_CPU_ARCH" value="amd64" />
    <property name="node.in.path" value="true" />
    <property name="user.name" value="travis" />
    <property name="java.maxmemory" value="1400m" />
    <property name="env.RUBY_VERSION" value="ruby-2.6.5" />
    <property name="env.LANG" value="en_US.UTF-8" />
    <property name="sun.io.unicode.encoding" value="UnicodeLittle" />
    <property name="sun.jnu.encoding" value="UTF-8" />
    <property name="java.runtime.name" value="OpenJDK Runtime Environment" />
    <property name="usefile" value="false" />
    <property name="return.code" value="0" />
    <property name="junit.single.formatter" value="plain" />
    <property name="env.DYLD_LIBRARY_PATH" value="/home/travis/pthla/certi-tools/lib:" />
    <property name="env.DEBIAN_FRONTEND" value="noninteractive" />
    <property name="env.SSH_CONNECTION" value="10.16.1.16 43322 10.30.0.121 22" />
    <property name="env.MYSQL_UNIX_PORT" value="/var/run/mysqld/mysqld.sock" />
    <property name="env.LC_ALL" value="en_US.UTF-8" />
    <property name="env.TRAVIS_ALLOW_FAILURE" value="" />
    <property name="env.TRAVIS_JOB_WEB_URL" value="https://app.travis-ci.com/icyphy/ptII/jobs/550934790" />
    <property name="java.specification.name" value="Java Platform API Specification" />
    <property name="node.works" value="true" />
    <property name="user.timezone" value="" />
    <property name="path.separator" value=":" />
    <property name="env.TRAVIS_ENABLE_INFRA_DETECTION" value="true" />
    <property name="env.PYTHON_CFLAGS" value="-g -fstack-protector --param=ssp-buffer-size=4 -Wformat -Werror=format-security" />
    <property name="timeout.long" value="4000000" />
    <property name="env.CERTI_HOME" value="/home/travis/pthla/certi-tools" />
    <property name="ant.file.ptII" value="/home/travis/build/icyphy/ptII/build.xml" />
    <property name="javadoc.packagenames" value="com.*,diva.*,lbnl.*,org.hlacerti.*,org.json.*,org.ptolemy.*,org.terraswarm.*,ptolemy.*,ptserver.*" />
    <property name="file.encoding" value="UTF-8" />
    <property name="env.TRAVIS_PULL_REQUEST_SLUG" value="" />
    <property name="ant.project.default-target" value="build" />
    <property name="env.GIT_ASKPASS" value="echo" />
    <property name="env.HOME" value="/home/travis" />
    <property name="sun.java.command" value="org.apache.tools.ant.taskdefs.optional.junit.JUnitTestRunner ptolemy.configs.test.junit.JUnitTclTest skipNonTests=false filtertrace=true haltOnError=false haltOnFailure=false formatter=org.apache.tools.ant.taskdefs.optional.junit.OutErrSummaryJUnitResultFormatter showoutput=true outputtoformatters=true logfailedtests=true threadid=0 logtestlistenerevents=false formatter=org.apache.tools.ant.taskdefs.optional.junit.XMLJUnitResultFormatter,/home/travis/build/icyphy/ptII/reports/junit/TEST-ptolemy.configs.test.junit.JUnitTclTest.xml crashfile=/home/travis/build/icyphy/ptII/junitvmwatcher5775290651537240922.properties propsfile=/home/travis/build/icyphy/ptII/junit1982908533448539289.properties" />
    <property name="env.COMPOSER_NO_INTERACTION" value="1" />
    <property name="env.MANPATH" value="/home/travis/.nvm/versions/node/v7.10.1/share/man:/home/travis/.kiex/elixirs/elixir-1.7.4/man:/home/travis/.rvm/rubies/ruby-2.6.5/share/man:/usr/local/cmake-3.12.4/man:/usr/local/clang-7.0.0/share/man:/usr/local/man:/usr/local/share/man:/usr/share/man:/home/travis/.rvm/man" />
    <property name="env.TRAVIS_TIMER_ID" value="0101b722" />
    <property name="ant.file" value="/home/travis/build/icyphy/ptII/build.xml" />
    <property name="env.TRAVIS_COMMIT_RANGE" value="83d15f2bbc5e0bff50436e0e1a8e0dccbb2bf6c8...60786cc645dd63c18f4a4ea4f3a4f5584eec1f5d" />
    <property name="ptII.classpath.optional.property" value="/home/travis/build/icyphy/ptII/lib/asm-all-5.2.jar:/home/travis/build/icyphy/ptII/lib/nashorn-core-15.3.jar:/home/travis/build/icyphy/ptII/lib/bsh-2.0b4.jar:/home/travis/build/icyphy/ptII/lib/ptCal.jar:/home/travis/build/icyphy/ptII/lib/java_cup.jar:/home/travis/build/icyphy/ptII/lib/saxon8.jar:/home/travis/build/icyphy/ptII/lib/saxon8-dom.jar:/home/travis/build/icyphy/ptII/lib/chic.jar:/home/travis/build/icyphy/ptII/lib/ptcolt.jar:/home/travis/build/icyphy/ptII/vendors/misc/itext/iText.jar:/home/travis/build/icyphy/ptII/lib/g4ltl.jar:/home/travis/build/icyphy/ptII/lib/StructuralCoder.jar:/home/travis/build/icyphy/ptII/lib/jcerti.jar:/home/travis/build/icyphy/ptII/lib/javax.mail.jar:/home/travis/build/icyphy/ptII/vendors/JMF-2.1.1e/lib/jmf.jar:/home/travis/build/icyphy/ptII/lib/jna-4.0.0-variadic.jar:/home/travis/build/icyphy/ptII/vendors/misc/joystick/Joystick.jar:/home/travis/build/icyphy/ptII/lib/ptjacl.jar:/home/travis/build/icyphy/ptII/lib/jsoup-1.14.2.jar:/home/travis/build/icyphy/ptII/lib/junit-4.8.2.jar:/home/travis/build/icyphy/ptII/lib/JUnitParams-0.4.0.jar:/home/travis/build/icyphy/ptII/ptolemy/actor/lib/excel/jxl.jar:/home/travis/build/icyphy/ptII/lib/jython.jar:/home/travis/build/icyphy/ptII/lib/kieler.jar:/home/travis/build/icyphy/ptII/vendors/opencv/share/OpenCV/java/opencv-341.jar:/home/travis/build/icyphy/ptII/lib/oscP5.jar:/home/travis/build/icyphy/ptII/lib/nrjavaserial-3.11.0.devel.jar:/home/travis/build/icyphy/ptII/vendors/j3d/lib/Linux/j3dcore.jar:/home/travis/build/icyphy/ptII/vendors/j3d/lib/Linux/j3dutils.jar:/home/travis/build/icyphy/ptII/vendors/j3d/lib/Linux/vecmath.jar:/home/travis/build/icyphy/ptII/vendors/jogl/lib/Linux/gluegen-rt-natives-linux-amd64.jar:/home/travis/build/icyphy/ptII/vendors/jogl/lib/Linux/gluegen-rt.jar:/home/travis/build/icyphy/ptII/vendors/jogl/lib/Linux/jogl-all-natives-linux-amd64.jar:/home/travis/build/icyphy/ptII/vendors/jogl/lib/Linux/jogl-all.jar:/home/travis/build/icyphy/ptII/ptolemy/distributed/jini/jar/jini-core.jar:/home/travis/build/icyphy/ptII/ptolemy/distributed/jini/jar/jini-ext.jar:/home/travis/build/icyphy/ptII/ptolemy/distributed/jini/jar/sun-util.jar:/home/travis/build/icyphy/ptII/lib/protobuf-java-2.4.1.jar:/home/travis/build/icyphy/ptII/lib/org.eclipse.paho.client.mqttv3.jar:/home/travis/build/icyphy/ptII/lib/mapss.jar:/home/travis/build/icyphy/ptII/ptolemy/actor/ptalon/antlr/antlr.jar:/home/travis/build/icyphy/ptII/lib/JRI.jar:/home/travis/build/icyphy/ptII/lib/commons-lang-2.6.jar:/home/travis/build/icyphy/ptII/lib/commons-logging-1.1.1.jar:/home/travis/build/icyphy/ptII/lib/sootclasses.jar:/home/travis/build/icyphy/ptII/ptolemy/actor/lib/database/mysql-connector-java-8.0.26.jar:/home/travis/build/icyphy/ptII/vendors/misc/sphinx4/sphinx4-data-5prealpha.jar:/home/travis/build/icyphy/ptII/vendors/misc/sphinx4/sphinx4-core-5prealpha.jar:/home/travis/build/icyphy/ptII/lib/PDFRenderer.jar:/home/travis/build/icyphy/ptII/lib/svgSalamander.jar:/home/travis/build/icyphy/ptII/lib/rsyntaxtextarea-2.6.0-SNAPSHOT.jar:/home/travis/build/icyphy/ptII/lib/hazelcast-3.8.2.jar:/home/travis/build/icyphy/ptII/lib/jackson-annotations-2.9.0.jar:/home/travis/build/icyphy/ptII/lib/jackson-core-2.9.3.jar:/home/travis/build/icyphy/ptII/lib/jackson-databind-2.9.3.jar:/home/travis/build/icyphy/ptII/lib/netty-buffer-4.1.19.Final.jar:/home/travis/build/icyphy/ptII/lib/netty-codec-4.1.19.Final.jar:/home/travis/build/icyphy/ptII/lib/netty-codec-dns-4.1.19.Final.jar:/home/travis/build/icyphy/ptII/lib/netty-codec-http-4.1.19.Final.jar:/home/travis/build/icyphy/ptII/lib/netty-codec-http2-4.1.19.Final.jar:/home/travis/build/icyphy/ptII/lib/netty-common-4.1.19.Final.jar:/home/travis/build/icyphy/ptII/lib/netty-handler-4.1.19.Final.jar:/home/travis/build/icyphy/ptII/lib/netty-resolver-4.1.19.Final.jar:/home/travis/build/icyphy/ptII/lib/netty-resolver-dns-4.1.19.Final.jar:/home/travis/build/icyphy/ptII/lib/netty-transport-4.1.19.Final.jar:/home/travis/build/icyphy/ptII/lib/vertx-codegen-3.5.1.jar:/home/travis/build/icyphy/ptII/lib/vertx-core-3.5.2-SNAPSHOT.jar:/home/travis/build/icyphy/ptII/lib/vertx-hazelcast-3.5.1.jar:/home/travis/build/icyphy/ptII/lib/vertx-lang-js-3.5.1.jar:/home/travis/build/icyphy/ptII/lib/vertx-service-proxy-3.5.1.jar:/home/travis/build/icyphy/ptII/lib/vertx-web-3.5.1.jar:/home/travis/build/icyphy/ptII/lib/slf4j-api-1.7.13.jar:/home/travis/build/icyphy/ptII/lib/slf4j-simple-1.7.13.jar:/home/travis/build/icyphy/ptII/lib/webcam-capture-0.3.12.jar:/home/travis/build/icyphy/ptII/lib/bridj-0.7.0.jar:/home/travis/build/icyphy/ptII/lib/xbjlib-1.1.0.nrjavaserial.jar" />
    <property name="timeout" value="2400000" />
    <property name="test.batch" value="**/junit/*.java" />
    <property name="env._" value="/usr/bin/timeout" />
    <property name="java.io.tmpdir" value="/tmp" />
    <property name="user.language" value="en" />
    <property name="env.TRAVIS_INTERNAL_RUBY_REGEX" value="^ruby-(2\.[0-4]\.[0-9]|1\.9\.3)" />
    <property name="env.HISTCONTROL" value="ignoredups:ignorespace" />
    <property name="env.GOROOT" value="/home/travis/.gimme/versions/go1.11.1.linux.amd64" />
    <property name="line.separator" value="&#xa;" />
    <property name="target" value="11" />
    <property name="env.TRAVIS_BUILD_DIR" value="/home/travis/build/icyphy/ptII" />
    <property name="env.ANT_OPTS" value="-Xmx2048m" />
    <property name="ant.file.type" value="file" />
    <property name="ptolemy.ptII.batchMode" value="true" />
    <property name="env.HISTSIZE" value="1000" />
    <property name="env.MERB_ENV" value="test" />
    <property name="java.vm.info" value="mixed mode" />
    <property name="source" value="11" />
    <property name="java.vm.specification.name" value="Java Virtual Machine Specification" />
    <property name="env.TRAVIS_TEST_RESULT" value="0" />
    <property name="jsdoc.command" value="node_modules/@terraswarm/jsdoc/jsdoc.js" />
    <property name="npm.works" value="true" />
    <property name="cobertura.dir" value="/home/travis/build/icyphy/ptII/vendors/cobertura-2.0.3" />
    <property name="jsdoc.command.exists" value="true" />
    <property name="env.rvm_path" value="/home/travis/.rvm" />
    <property name="env.GEM_PATH" value="/home/travis/.rvm/gems/ruby-2.6.5:/home/travis/.rvm/gems/ruby-2.6.5@global" />
    <property name="env.LC_CTYPE" value="en_US.UTF-8" />
    <property name="env.TRAVIS_CMD" value="$PTII/bin/ptIITravisBuild.sh $SECONDS" />
    <property name="java.awt.printerjob" value="sun.print.PSPrinterJob" />
    <property name="env.TRAVIS_STACK_NAME" value="ubuntu_1804" />
    <property name="env.TRAVIS_TIMER_START_TIME" value="1638756140155761811" />
    <property name="ant.version" value="Apache Ant(TM) version 1.10.1 compiled on February 2 2017" />
    <property name="ptII.reports" value="/home/travis/build/icyphy/ptII/reports" />
    <property name="env.TRAVIS_STACK_TIMESTAMP" value="2021-12-02 09:53:20 UTC" />
    <property name="ant.file.type.ptII" value="file" />
    <property name="env.RBENV_SHELL" value="bash" />
    <property name="os.name" value="Linux" />
    <property name="java.specification.vendor" value="Oracle Corporation" />
    <property name="env.rvm_version" value="1.29.12 (latest)" />
    <property name="env.TRAVIS_INFRA" value="unknown" />
    <property name="env.TERM" value="xterm" />
    <property name="java.vm.name" value="OpenJDK 64-Bit Server VM" />
    <property name="env.TRAVIS_BUILD_NUMBER" value="1851" />
    <property name="env.CI" value="true" />
    <property name="java.library.path" value="/home/travis/pthla/certi-tools/lib:/usr/lib/jni:/usr/local/share/OpenCV/java/:/usr/share/OpenCV/java::/usr/java/packages/lib:/usr/lib64:/lib64:/lib:/usr/lib" />
    <property name="jdk.module.path" value="/home/travis/build/icyphy/ptII/vendors/javafx/javafx-sdk-11.0.2/lib:" />
    <property name="env.rvm_prefix" value="/home/travis" />
    <property name="env.PATH" value="/home/travis/pthla/certi-tools/share/scripts:/home/travis/.rvm/gems/ruby-2.6.5/bin:/home/travis/.rvm/gems/ruby-2.6.5@global/bin:/home/travis/.rvm/rubies/ruby-2.6.5/bin:/home/travis/.rvm/bin:./node_modules/.bin:/home/travis/build/icyphy/ptII/bin:/home/travis/pthla/certi-tools/bin:/home/travis/bin:/home/travis/.local/bin:/usr/local/lib/jvm/openjdk11/bin:/opt/pyenv/shims:/home/travis/.phpenv/shims:/home/travis/perl5/perlbrew/bin:/home/travis/.nvm/versions/node/v7.10.1/bin:/home/travis/.kiex/elixirs/elixir-1.7.4/bin:/home/travis/.kiex/bin:/home/travis/gopath/bin:/home/travis/.gimme/versions/go1.11.1.linux.amd64/bin:/usr/local/maven-3.6.3/bin:/usr/local/cmake-3.12.4/bin:/usr/local/clang-7.0.0/bin:/usr/local/sbin:/usr/local/bin:/usr/sbin:/usr/bin:/sbin:/bin:/snap/bin:/home/travis/.phpenv/bin:/opt/pyenv/bin:/home/travis/.yarn/bin" />
    <property name="env.TRAVIS_OS_NAME" value="linux" />
    <property name="ant.java.version" value="9" />
    <property name="basedir" value="/home/travis/build/icyphy/ptII" />
    <property name="java.class.version" value="55.0" />
    <property name="env.SHLVL" value="3" />
    <property name="env.LD_LIBRARY_PATH" value="/home/travis/pthla/certi-tools/lib:/usr/lib/jni:/usr/local/share/OpenCV/java/:/usr/share/OpenCV/java:" />
    <property name="env.RACK_ENV" value="test" />
    <property name="ant.home" value="/home/travis/build/icyphy/ptII/ant" />
    <property name="env.NVM_DIR" value="/home/travis/.nvm" />
    <property name="env.CERTI_FOM_PATH" value="/home/travis/pthla/certi-tools/share/federations" />
    <property name="env.TRAVIS_BUILD_ID" value="242938139" />
    <property name="env.PYENV_ROOT" value="/opt/pyenv" />
    <property name="env.TRAVIS_UID" value="2000" />
    <property name="prism.verbose" value="true" />
    <property name="env.NVM_BIN" value="/home/travis/.nvm/versions/node/v7.10.1/bin" />
    <property name="env.TRAVIS_COMMIT" value="60786cc645dd63c18f4a4ea4f3a4f5584eec1f5d" />
    <property name="node.executable" value="node" />
    <property name="sun.boot.library.path" value="/usr/local/lib/jvm/openjdk11/lib" />
    <property name="sun.management.compiler" value="HotSpot 64-Bit Tiered Compilers" />
    <property name="java.awt.graphicsenv" value="sun.awt.X11GraphicsEnvironment" />
    <property name="env.GOPATH" value="/home/travis/gopath" />
    <property name="ptolemy.ptII.dir" value="/home/travis/build/icyphy/ptII" />
    <property name="env.USER" value="travis" />
    <property name="env.HISTFILESIZE" value="2000" />
    <property name="env.NVM_INC" value="/home/travis/.nvm/versions/node/v7.10.1/include/node" />
    <property name="timeout.longest" value="19000000" />
    <property name="env.PERLBREW_SHELLRC_VERSION" value="0.93" />
    <property name="env.TRAVIS_STACK_FEATURES" value="basic couchdb disabled-ipv6 docker docker-compose elasticsearch firefox go-toolchain google-chrome jdk memcached mongodb mysql nodejs_interpreter perl_interpreter perlbrew phantomjs postgresql python_interpreter redis ruby_interpreter sqlite xserver" />
    <property name="env.TRAVIS_PULL_REQUEST" value="false" />
    <property name="env.PYENV_SHELL" value="bash" />
    <property name="ant.project.name" value="ptII" />
    <property name="env.ANSI_RESET" value="\033[0m" />
    <property name="java.vm.specification.version" value="11" />
    <property name="env.TRAVIS_DIST" value="bionic" />
    <property name="env.CERTI_VERSION" value="4.0.0" />
    <property name="env.CERTI_HOST" value="localhost" />
    <property name="awt.toolkit" value="sun.awt.X11.XToolkit" />
    <property name="env.MY_RUBY_HOME" value="/home/travis/.rvm/rubies/ruby-2.6.5" />
    <property name="sun.cpu.isalist" value="" />
    <property name="env.TRAVIS_TMPDIR" value="/tmp/tmp.xjzTlzMqfb" />
    <property name="java.vm.compressedOopsMode" value="Zero based" />
    <property name="os.version" value="5.4.0-1058-gcp" />
    <property name="user.home" value="/home/travis" />
    <property name="env.MIX_ARCHIVES" value="/home/travis/.kiex/mix/elixir-1.7.4" />
    <property name="java.vm.vendor" value="Oracle Corporation" />
    <property name="env.TRAVIS_TAG" value="nightly" />
    <property name="env.ANSI_YELLOW" value="\033[33;1m" />
    <property name="env.TRAVIS_FILTERED" value="redirect_io" />
    <property name="env.ANSI_GREEN" value="\033[32;1m" />
    <property name="env.JAVA_HOME" value="/usr/local/lib/jvm/openjdk11" />
    <property name="javadoc.excludepackagenames" value="adm.cvs2svn.*,build.*,config.*,doc.coding.templates.*,jni.test.jni.meaningOfLife.*,jni.test.jni.testDeux.*,jni.test.jni.testTrois.*,org.terraswarm.accessor.accessors.web.node_modules.*,org.terraswarm.accessor.accessors.web.hosts.cordova.demo.*,org.terraswarm.accessor.accessors.web.hosts.cordova.plugins.*,org.terraswarm.accessor.accessors-svn.*,pt-modules.*,ptolemy.apps.agilent.*,ptolemy.apps.anytimecontrol.*,ptolemy.apps.apes.*,ptolemy.apps.charon.*,ptolemy.apps.crazyboard.*,ptolemy.apps.eclipse.*,ptolemy.apps.etherealSting.*,ptolemy.apps.fullscreen.*,ptolemy.apps.giotto.*,ptolemy.apps.ia.*,ptolemy.apps.interfaces.*,ptolemy.apps.jmf.*,ptolemy.apps.kurt.*,ptolemy.apps.kvm.*,ptolemy.apps.lego.*,ptolemy.apps.lejos.*,ptolemy.apps.midp.*,ptolemy.apps.mobileCoding.*,ptolemy.apps.pendulum.*,ptolemy.apps.rijndael.*,ptolemy.apps.robot.*,ptolemy.apps.security.*,ptolemy.apps.sobel.*,ptolemy.apps.soot.*,ptolemy.apps.throttle.*,ptolemy.apps.tini.*,ptolemy.apps.transmission.*,ptolemy.apps.vergil.*,ptolemy.apps.waba.*,ptolemy.apps.websensor.*,ptolemy.apps.webstart.*,ptolemy.apps.xsl.*,ptolemy.apps.zaurus.*,ptolemy.codegen.c.actor.lib.oldJavaFiles.*,ptolemy.codegen.dsp.lib.*,ptolemy.codegen.kernel.newInterfaces.*,ptolemy.codegen.lib.*,ptolemy.copernicus.kernel.fragment.*,ptolemy.copernicus.shallow.cg.*,ptolemy.domains.giotto.demo.Hierarchy.Hierarchy.*,ptolemy.domains.giotto.demo.Multimode.Multimode.*,ptolemy.domains.giotto.demo.Simple.Simple.*,ptolemy.domains.gr.lib.experimental.*,ptolemy.domains.gro.*,ptolemy.domains.pdf.*,ptolemy.domains.ptinyos.demo.Surge.output.*,ptolemy.moml.test.NoPackageActor.java*,ptolemy.plot.adm.*,ptolemy.plot.servlet.*,reports.*,signed.*,src.*,target.*,vendors.*,ptolemy.copernicus.applet.*,ptolemy.media.viewer.*,ptolemy.actor.corba.*,doc.doclets.*,ptolemy.apps.eclipse.awt.*,ptolemy.backtrack.*,ptolemy.backtrack.ast.*,ptolemy.cg.adapter.generic.program.procedural.c.mbed*,ptolemy.homer.*,ptolemy.actor.lib.jai.*,org.ptolemy.scala.*,diva.util.java2d.svg.*,ptolemy.domains.ptinyos.*,ptolemy.actor.lib.fmi.fmipp.*,,org.terraswarm.accessor.accessors.web.node_modules.*,org.terraswarm.accessor.accessors-svn,ptolemy.apps.*,ptolemy.actor.ptalon.demo.ptinyos.SendAndReceiveCnt.output,ptolemy.actor.ptalon.demo.ptinyos.SenseToLeds.output,ptolemy.domains.ptinyos.demo.CntToLedsAndRfm.output,ptolemy.domains.ptinyos.demo.RfmToLeds.output,ptolemy.domains.ptinyos.demo.SendAndReceiveCnt.output,ptolemy.domains.ptinyos.demo.SenseToLeds.output,ptolemy.actor.lib.jjs.modules.udpSocket.*" />
    <property name="env.PTII" value="/home/travis/build/icyphy/ptII" />
    <property name="env.XDG_SESSION_ID" value="3" />
    <property name="keystore" value="ptKeystore" />
    <property name="env.TRAVIS_COMMIT_MESSAGE" value="CERTI_SRC is a directory, not a file." />
    <property name="junit.output.dir" value="/home/travis/build/icyphy/ptII/reports/junit" />
    <property name="npm.return.code" value="0" />
    <property name="user.dir" value="/home/travis/build/icyphy/ptII/ptolemy/configs/test" />
    <property name="env.TRAVIS_NODE_VERSION" value="7" />
    <property name="env.TRAVIS_EVENT_TYPE" value="cron" />
    <property name="env.MAIL" value="/var/mail/travis" />
    <property name="env.PERLBREW_ROOT" value="/home/travis/perl5/perlbrew" />
    <property name="env.PWD" value="/home/travis/build/icyphy/ptII" />
    <property name="timeout.npm" value="45000" />
    <property name="env.TRAVIS_ARCH" value="amd64" />
    <property name="sun.cpu.endian" value="little" />
    <property name="env.PAGER" value="cat" />
    <property name="env.TRAVIS_BUILD_STAGE_NAME" value="test" />
    <property name="env.PERLBREW_HOME" value="/home/travis/.perlbrew" />
    <property name="java.vm.version" value="11.0.2+9" />
    <property name="env.RAILS_ENV" value="test" />
    <property name="java.class.path" value="/home/travis/build/icyphy/ptII:/home/travis/build/icyphy/ptII/lib/asm-all-5.2.jar:/home/travis/build/icyphy/ptII/lib/nashorn-core-15.3.jar:/home/travis/build/icyphy/ptII/lib/bsh-2.0b4.jar:/home/travis/build/icyphy/ptII/lib/ptCal.jar:/home/travis/build/icyphy/ptII/lib/java_cup.jar:/home/travis/build/icyphy/ptII/lib/saxon8.jar:/home/travis/build/icyphy/ptII/lib/saxon8-dom.jar:/home/travis/build/icyphy/ptII/lib/chic.jar:/home/travis/build/icyphy/ptII/lib/ptcolt.jar:/home/travis/build/icyphy/ptII/vendors/misc/itext/iText.jar:/home/travis/build/icyphy/ptII/lib/g4ltl.jar:/home/travis/build/icyphy/ptII/lib/StructuralCoder.jar:/home/travis/build/icyphy/ptII/lib/jcerti.jar:/home/travis/build/icyphy/ptII/lib/javax.mail.jar:/home/travis/build/icyphy/ptII/vendors/JMF-2.1.1e/lib/jmf.jar:/home/travis/build/icyphy/ptII/lib/jna-4.0.0-variadic.jar:/home/travis/build/icyphy/ptII/vendors/misc/joystick/Joystick.jar:/home/travis/build/icyphy/ptII/lib/ptjacl.jar:/home/travis/build/icyphy/ptII/lib/jsoup-1.14.2.jar:/home/travis/build/icyphy/ptII/lib/junit-4.8.2.jar:/home/travis/build/icyphy/ptII/lib/JUnitParams-0.4.0.jar:/home/travis/build/icyphy/ptII/ptolemy/actor/lib/excel/jxl.jar:/home/travis/build/icyphy/ptII/lib/jython.jar:/home/travis/build/icyphy/ptII/lib/kieler.jar:/home/travis/build/icyphy/ptII/vendors/opencv/share/OpenCV/java/opencv-341.jar:/home/travis/build/icyphy/ptII/lib/oscP5.jar:/home/travis/build/icyphy/ptII/lib/nrjavaserial-3.11.0.devel.jar:/home/travis/build/icyphy/ptII/vendors/j3d/lib/Linux/j3dcore.jar:/home/travis/build/icyphy/ptII/vendors/j3d/lib/Linux/j3dutils.jar:/home/travis/build/icyphy/ptII/vendors/j3d/lib/Linux/vecmath.jar:/home/travis/build/icyphy/ptII/vendors/jogl/lib/Linux/gluegen-rt-natives-linux-amd64.jar:/home/travis/build/icyphy/ptII/vendors/jogl/lib/Linux/gluegen-rt.jar:/home/travis/build/icyphy/ptII/vendors/jogl/lib/Linux/jogl-all-natives-linux-amd64.jar:/home/travis/build/icyphy/ptII/vendors/jogl/lib/Linux/jogl-all.jar:/home/travis/build/icyphy/ptII/ptolemy/distributed/jini/jar/jini-core.jar:/home/travis/build/icyphy/ptII/ptolemy/distributed/jini/jar/jini-ext.jar:/home/travis/build/icyphy/ptII/ptolemy/distributed/jini/jar/sun-util.jar:/home/travis/build/icyphy/ptII/lib/protobuf-java-2.4.1.jar:/home/travis/build/icyphy/ptII/lib/org.eclipse.paho.client.mqttv3.jar:/home/travis/build/icyphy/ptII/lib/mapss.jar:/home/travis/build/icyphy/ptII/ptolemy/actor/ptalon/antlr/antlr.jar:/home/travis/build/icyphy/ptII/lib/JRI.jar:/home/travis/build/icyphy/ptII/lib/commons-lang-2.6.jar:/home/travis/build/icyphy/ptII/lib/commons-logging-1.1.1.jar:/home/travis/build/icyphy/ptII/lib/sootclasses.jar:/home/travis/build/icyphy/ptII/ptolemy/actor/lib/database/mysql-connector-java-8.0.26.jar:/home/travis/build/icyphy/ptII/vendors/misc/sphinx4/sphinx4-data-5prealpha.jar:/home/travis/build/icyphy/ptII/vendors/misc/sphinx4/sphinx4-core-5prealpha.jar:/home/travis/build/icyphy/ptII/lib/PDFRenderer.jar:/home/travis/build/icyphy/ptII/lib/svgSalamander.jar:/home/travis/build/icyphy/ptII/lib/rsyntaxtextarea-2.6.0-SNAPSHOT.jar:/home/travis/build/icyphy/ptII/lib/hazelcast-3.8.2.jar:/home/travis/build/icyphy/ptII/lib/jackson-annotations-2.9.0.jar:/home/travis/build/icyphy/ptII/lib/jackson-core-2.9.3.jar:/home/travis/build/icyphy/ptII/lib/jackson-databind-2.9.3.jar:/home/travis/build/icyphy/ptII/lib/netty-buffer-4.1.19.Final.jar:/home/travis/build/icyphy/ptII/lib/netty-codec-4.1.19.Final.jar:/home/travis/build/icyphy/ptII/lib/netty-codec-dns-4.1.19.Final.jar:/home/travis/build/icyphy/ptII/lib/netty-codec-http-4.1.19.Final.jar:/home/travis/build/icyphy/ptII/lib/netty-codec-http2-4.1.19.Final.jar:/home/travis/build/icyphy/ptII/lib/netty-common-4.1.19.Final.jar:/home/travis/build/icyphy/ptII/lib/netty-handler-4.1.19.Final.jar:/home/travis/build/icyphy/ptII/lib/netty-resolver-4.1.19.Final.jar:/home/travis/build/icyphy/ptII/lib/netty-resolver-dns-4.1.19.Final.jar:/home/travis/build/icyphy/ptII/lib/netty-transport-4.1.19.Final.jar:/home/travis/build/icyphy/ptII/lib/vertx-codegen-3.5.1.jar:/home/travis/build/icyphy/ptII/lib/vertx-core-3.5.2-SNAPSHOT.jar:/home/travis/build/icyphy/ptII/lib/vertx-hazelcast-3.5.1.jar:/home/travis/build/icyphy/ptII/lib/vertx-lang-js-3.5.1.jar:/home/travis/build/icyphy/ptII/lib/vertx-service-proxy-3.5.1.jar:/home/travis/build/icyphy/ptII/lib/vertx-web-3.5.1.jar:/home/travis/build/icyphy/ptII/lib/slf4j-api-1.7.13.jar:/home/travis/build/icyphy/ptII/lib/slf4j-simple-1.7.13.jar:/home/travis/build/icyphy/ptII/lib/webcam-capture-0.3.12.jar:/home/travis/build/icyphy/ptII/lib/bridj-0.7.0.jar:/home/travis/build/icyphy/ptII/lib/xbjlib-1.1.0.nrjavaserial.jar:/home/travis/build/icyphy/ptII/ptolemy/moml/test:/home/travis/build/icyphy/ptII/ant/lib/ant-launcher.jar:/home/travis/build/icyphy/ptII/ant/lib/ant.jar:/home/travis/build/icyphy/ptII/ant/lib/ant-junit.jar:/home/travis/build/icyphy/ptII/ant/lib/ant-junit4.jar" />
    <property name="ant.library.dir" value="/home/travis/build/icyphy/ptII/ant/lib" />
    <property name="os.arch" value="amd64" />
    <property name="env.CONTINUOUS_INTEGRATION" value="true" />
    <property name="env.TRAVIS_LANGUAGE" value="node_js" />
    <property name="env.TRAVIS_STACK_LANGUAGES" value="__ubuntu_1804__ c c++ clojure cplusplus cpp crystal default generic go groovy java node_js php pure_java python r ruby scala julia perl perl6 elixir erlang" />
    <property name="test.name" value="ptolemy.actor.lib.test.junit.JUnitTclTest" />
    <property name="env.APT_KEY_DONT_WARN_ON_DANGEROUS_USAGE" value="1" />
    <property name="sun.java.launcher" value="SUN_STANDARD" />
    <property name="env.PYTHON_CONFIGURE_OPTS" value="--enable-unicode=ucs4 --with-wide-unicode --enable-shared --enable-ipv6 --enable-loadable-sqlite-extensions --with-computed-gotos" />
    <property name="ant.core.lib" value="/home/travis/build/icyphy/ptII/ant/lib/ant.jar" />
    <property name="java.vm.specification.vendor" value="Oracle Corporation" />
    <property name="env.BCVTB_HOME" value="/home/travis/build/icyphy/ptII/lbnl" />
    <property name="file.separator" value="/" />
    <property name="spotbugs.home" value="/home/travis/build/icyphy/ptII/vendors/spotbugs-3.1.1" />
    <property name="java.runtime.version" value="11.0.2+9" />
    <property name="env.ANSI_CLEAR" value="\033[0K" />
    <property name="javafx.verbose" value="true" />
    <property name="env.HAS_JOSH_K_SEAL_OF_APPROVAL" value="true" />
    <property name="env.XDG_RUNTIME_DIR" value="/run/user/2000" />
    <property name="env.TRAVIS_OSX_IMAGE" value="" />
    <property name="env.TRAVIS_JOB_ID" value="550934790" />
    <property name="env.TRAVIS_BRANCH" value="master" />
    <property name="user.country" value="US" />
    <property name="env.CERTI_HOME_TRAVIS" value="/home/travis/pthla/certi-tools" />
    <property name="env.SHELL" value="/bin/bash" />
    <property name="java.maxmemory.large" value="3200m" />
    <property name="model" value="" />
    <property name="env.PT_TRAVIS_TEST_CORE5_XML" value="true" />
    <property name="env.CASHER_DIR" value="/home/travis/.casher" />
    <property name="env.NVM_CD_FLAGS" value="" />
    <property name="java.vendor.version" value="18.9" />
    <property name="jshint.executable" value="/home/travis/node_modules/jshint/bin/jshint" />
    <property name="env.JRUBY_OPTS" value=" --client -J-XX:+TieredCompilation -J-XX:TieredStopAtLevel=1 -J-Xss2m -Xcompile.invokedynamic=false" />
    <property name="java.vendor" value="Oracle Corporation" />
    <property name="env.TRAVIS_PRE_CHEF_BOOTSTRAP_TIME" value="2021-12-02T09:53:11" />
    <property name="env.ELIXIR_VERSION" value="1.7.4" />
    <property name="env.TRAVIS_STACK_JOB_BOARD_REGISTER" value="/.job-board-register.yml" />
    <property name="env.ANSI_RED" value="\033[31;1m" />
    <property name="java.specification.version" value="11" />
    <property name="env.IRBRC" value="/home/travis/.rvm/rubies/ruby-2.6.5/.irbrc" />
    <property name="env.TRAVIS" value="true" />
    <property name="sun.arch.data.model" value="64" />
  </properties>
  <testcase classname="ptolemy.util.test.junit.TclTests" name="[0] /home/travis/build/icyphy/ptII/ptolemy/configs/test/allConfigs.tcl (RunTclFile)" time="276.285" />
  <testcase classname="ptolemy.util.test.junit.TclTests" name="[1] /home/travis/build/icyphy/ptII/ptolemy/configs/test/allDemos.tcl (RunTclFile)" time="0.013" />
  <testcase classname="ptolemy.util.test.junit.TclTests" name="[2] /home/travis/build/icyphy/ptII/ptolemy/configs/test/cloneTest.tcl (RunTclFile)" time="0.022" />
  <testcase classname="ptolemy.util.test.junit.TclTests" name="[3] /home/travis/build/icyphy/ptII/ptolemy/configs/test/configurationTools.tcl (RunTclFile)" time="0.003" />
  <testcase classname="ptolemy.util.test.junit.TclTests" name="[4] /home/travis/build/icyphy/ptII/ptolemy/configs/test/missingDemos.tcl (RunTclFile)" time="254.373" />
  <testcase classname="ptolemy.util.test.junit.TclTests" name="[5] /home/travis/build/icyphy/ptII/ptolemy/configs/test/validDemos.tcl (RunTclFile)" time="24.92" />
  <testcase classname="ptolemy.util.test.junit.AutoKnownFailedTests" name="[0] ThereAreNoKnowFailedTests (RunModel)" time="0.0" />
  <testcase classname="ptolemy.util.test.junit.AutoNameArchTests" name="[0] ThereAreNoAutoArchTests (RunModel)" time="0.0" />
  <testcase classname="ptolemy.util.test.junit.AutoTests" name="[0] ThereAreNoAutoTests (RunModel)" time="0.008" />
  <system-out><![CDATA[/home/travis/build/icyphy/ptII/ptolemy/configs/test/allConfigs.tcl
testDefs.tcl: setting time out to 9000 seconds at Mon Dec 06 02:03:32 UTC 2021
19 ms. Memory: 129024K Free: 102776K (80%)
 Force everything to get expanded ptolemy/configs/ptserver/configuration.xml
    (Skipping certain optional packages, jxta and viptos)
-------> Before clone
-------> after clone

Warning: In 'ptolemy.actor.lib.io.FileReader'
  The getName() method returns
   'fileOrURL' but the  field is named
   'fileOrURLPort'
   This is technically a violation  of the coding standard,
   but permissible because the name  ends in 'Port'
-------> Before clone
-------> after clone
15065 ms. Memory: 553984K Free: 353944K (64%)
The time is 02:03:47
Setting containers of atomic entities to null
15211 ms. Memory: 219136K Free: 153600K (70%)
 Force everything to get expanded ptolemy/configs/ptinyViewer/configuration.xml
    (Skipping certain optional packages, jxta and viptos)
-------> Before clone
-------> after clone
Warning: ptinyViewer/configuration.xml has no 'actor library'?  (this is ok for ptinyViewer)
-------> Before clone
-------> after clone
15251 ms. Memory: 219136K Free: 148478K (68%)
The time is 02:03:47
Setting containers of atomic entities to null
15373 ms. Memory: 215040K Free: 151469K (70%)
 Force everything to get expanded ptolemy/configs/pn/configuration.xml
    (Skipping certain optional packages, jxta and viptos)
-------> Before clone
-------> after clone

Warning: In 'ptolemy.actor.lib.io.FileReader'
  The getName() method returns
   'fileOrURL' but the  field is named
   'fileOrURLPort'
   This is technically a violation  of the coding standard,
   but permissible because the name  ends in 'Port'
Warning: pn/configuration.xml has no 'actor library.Directors'? (this is ok for dsp, viptos)
-------> Before clone
-------> after clone
21039 ms. Memory: 456704K Free: 314737K (69%)
The time is 02:03:53
Setting containers of atomic entities to null
21211 ms. Memory: 293888K Free: 206422K (70%)
 Force everything to get expanded ptolemy/configs/bcvtb/configuration.xml
    (Skipping certain optional packages, jxta and viptos)
-------> Before clone
-------> after clone

Warning: In 'ptolemy.actor.lib.io.FileReader'
  The getName() method returns
   'fileOrURL' but the  field is named
   'fileOrURLPort'
   This is technically a violation  of the coding standard,
   but permissible because the name  ends in 'Port'
-------> Before clone
-------> after clone
29581 ms. Memory: 589824K Free: 371423K (63%)
The time is 02:04:02
Setting containers of atomic entities to null
29841 ms. Memory: 447488K Free: 313604K (70%)
 Force everything to get expanded ptolemy/configs/cyphysim/configuration.xml
    (Skipping certain optional packages, jxta and viptos)
HLA version is 1.3.
HLA version is 1.3.
-------> Before clone
HLA version is 1.3.
-------> after clone

Warning: In 'ptolemy.actor.lib.io.FileReader'
  The getName() method returns
   'fileOrURL' but the  field is named
   'fileOrURLPort'
   This is technically a violation  of the coding standard,
   but permissible because the name  ends in 'Port'
HLA version is 1.3.
Skipping StateSpaceModel as this test iterates through the attributes and calls attributeChanged, which triggers a ConcurrentModificationException.  See org/ptolemy/ssm/test/SSMTest.java
Skipping StateSpaceModel as this test iterates through the attributes and calls attributeChanged, which triggers a ConcurrentModificationException.  See org/ptolemy/ssm/test/SSMTest.java
Skipping StateSpaceModel as this test iterates through the attributes and calls attributeChanged, which triggers a ConcurrentModificationException.  See org/ptolemy/ssm/test/SSMTest.java
HLA version is 1.3.
HLA version is 1.3.
Warning: cyphysim/configuration.xml has no 'actor library.Directors'? (this is ok for dsp, viptos)
-------> Before clone
HLA version is 1.3.
-------> after clone
40961 ms. Memory: 861184K Free: 519222K (60%)
The time is 02:04:13
Setting containers of atomic entities to null
41327 ms. Memory: 655360K Free: 460191K (70%)
 Force everything to get expanded ptolemy/configs/ptinyKepler/configuration.xml
    (Skipping certain optional packages, jxta and viptos)
-------> Before clone
-------> after clone

Warning: In 'ptolemy.actor.lib.io.FileReader'
  The getName() method returns
   'fileOrURL' but the  field is named
   'fileOrURLPort'
   This is technically a violation  of the coding standard,
   but permissible because the name  ends in 'Port'
-------> Before clone
-------> after clone
48269 ms. Memory: 930816K Free: 510058K (55%)
The time is 02:04:20
Setting containers of atomic entities to null
48729 ms. Memory: 785408K Free: 550463K (70%)
 Force everything to get expanded ptolemy/configs/full/configuration.xml
    (Skipping certain optional packages, jxta and viptos)
JSAccessor: PT_NO_NET environment variable is set, so git pull and ptdoc are not being run.
Retrieving library from file:/home/travis/build/icyphy/ptII/org/terraswarm/accessor/accessors/web/index.json
Retrieving library from file:/home/travis/build/icyphy/ptII/org/terraswarm/accessor/accessors/web/adapters/index.json
Retrieving library from file:/home/travis/build/icyphy/ptII/org/terraswarm/accessor/accessors/web/audio/index.json
Prism pipeline init order: es2 sw 
Using Double Precision Marlin Rasterizer
Using dirty region optimizations
Not using texture mask for primitives
Not forcing power of 2 sizes for textures
Using hardware CLAMP_TO_ZERO mode
Opting in for HiDPI pixel scaling
Prism pipeline name = com.sun.prism.es2.ES2Pipeline
Loading ES2 native library ... prism_es2
	succeeded.
GLFactory using com.sun.prism.es2.X11GLFactory
(X) Got class = class com.sun.prism.es2.ES2Pipeline
Prism pipeline name = com.sun.prism.sw.SWPipeline
(X) Got class = class com.sun.prism.sw.SWPipeline
Initialized prism pipeline: com.sun.prism.sw.SWPipeline
Retrieving library from file:/home/travis/build/icyphy/ptII/org/terraswarm/accessor/accessors/web/cameras/index.json
No physical cameras found, using WebcamDummyDriver.
Retrieving library from file:/home/travis/build/icyphy/ptII/org/terraswarm/accessor/accessors/web/dashboard/index.json
Retrieving library from file:/home/travis/build/icyphy/ptII/org/terraswarm/accessor/accessors/web/devices/index.json
Retrieving library from file:/home/travis/build/icyphy/ptII/org/terraswarm/accessor/accessors/web/image/index.json
CharacterRecognition: The tesseract module was not present.  The CharacterRecognition accessor is not supported on this accessor host. (Thread[main,5,main])
CharacterRecognition: The tesseract module was not present.  The CharacterRecognition accessor is not supported on this accessor host. (Thread[main,5,main])
Retrieving library from file:/home/travis/build/icyphy/ptII/org/terraswarm/accessor/accessors/web/net/index.json
Retrieving library from file:/home/travis/build/icyphy/ptII/org/terraswarm/accessor/accessors/web/robotics/index.json
Retrieving library from file:/home/travis/build/icyphy/ptII/org/terraswarm/accessor/accessors/web/geodesy/index.json
Retrieving library from file:/home/travis/build/icyphy/ptII/org/terraswarm/accessor/accessors/web/services/index.json
Retrieving library from file:/home/travis/build/icyphy/ptII/org/terraswarm/accessor/accessors/web/signals/index.json
Retrieving library from file:/home/travis/build/icyphy/ptII/org/terraswarm/accessor/accessors/web/test/index.json
Retrieving library from file:/home/travis/build/icyphy/ptII/org/terraswarm/accessor/accessors/web/utilities/index.json
The Mutable accessor original file has no documentation, so we are not running jsdoc on https://accessors.org/utilities/Mutable.js
HLA version is 1.3.
HLA version is 1.3.
-------> Before clone
HLA version is 1.3.
-------> after clone

Warning: In 'ptolemy.actor.lib.io.FileReader'
  The getName() method returns
   'fileOrURL' but the  field is named
   'fileOrURLPort'
   This is technically a violation  of the coding standard,
   but permissible because the name  ends in 'Port'
HLA version is 1.3.
Skipping StateSpaceModel as this test iterates through the attributes and calls attributeChanged, which triggers a ConcurrentModificationException.  See org/ptolemy/ssm/test/SSMTest.java
Skipping StateSpaceModel as this test iterates through the attributes and calls attributeChanged, which triggers a ConcurrentModificationException.  See org/ptolemy/ssm/test/SSMTest.java
Skipping StateSpaceModel as this test iterates through the attributes and calls attributeChanged, which triggers a ConcurrentModificationException.  See org/ptolemy/ssm/test/SSMTest.java
HLA version is 1.3.
HLA version is 1.3.
Skipping drop test of tm.kernel.SchedulePlotter because it must be dropped into a container that has a TMDirector
-------> Before clone
HLA version is 1.3.
-------> after clone
160308 ms. Memory: 2061312K Free: 367167K (18%)
The time is 02:06:12
Setting containers of atomic entities to null
161674 ms. Memory: 2061312K Free: 1300946K (63%)
 Force everything to get expanded ptolemy/configs/space/configuration.xml
    (Skipping certain optional packages, jxta and viptos)
-------> Before clone
-------> after clone
Warning: space/configuration.xml has no 'actor library.Directors'? (this is ok for dsp, viptos)
-------> Before clone
-------> after clone
161984 ms. Memory: 2061312K Free: 1235920K (60%)
The time is 02:06:14
Setting containers of atomic entities to null
163105 ms. Memory: 2061312K Free: 1318442K (64%)
Skipping viptos/configuration.xml, PtinyOS is not typically installed.
 Force everything to get expanded ptolemy/configs/dsp/configuration.xml
    (Skipping certain optional packages, jxta and viptos)
-------> Before clone
-------> after clone

Warning: In 'ptolemy.actor.lib.io.FileReader'
  The getName() method returns
   'fileOrURL' but the  field is named
   'fileOrURLPort'
   This is technically a violation  of the coding standard,
   but permissible because the name  ends in 'Port'
Warning: dsp/configuration.xml has no 'actor library.Directors'? (this is ok for dsp, viptos)
-------> Before clone
-------> after clone
165585 ms. Memory: 2061312K Free: 904232K (44%)
The time is 02:06:18
Setting containers of atomic entities to null
166739 ms. Memory: 2061312K Free: 1299458K (63%)
 Force everything to get expanded ptolemy/configs/fullViewer/configuration.xml
    (Skipping certain optional packages, jxta and viptos)
-------> Before clone
-------> after clone
Warning: fullViewer/configuration.xml has no 'actor library'?  (this is ok for ptinyViewer)
-------> Before clone
-------> after clone
166801 ms. Memory: 2061312K Free: 1262594K (61%)
The time is 02:06:19
Setting containers of atomic entities to null
167934 ms. Memory: 2061312K Free: 1299306K (63%)
Skipping jxta/configuration.xml, running vergil -jxta brings up a window
 Force everything to get expanded ptolemy/configs/visualsense/configuration.xml
    (Skipping certain optional packages, jxta and viptos)
-------> Before clone
-------> after clone

Warning: In 'ptolemy.actor.lib.io.FileReader'
  The getName() method returns
   'fileOrURL' but the  field is named
   'fileOrURLPort'
   This is technically a violation  of the coding standard,
   but permissible because the name  ends in 'Port'
-------> Before clone
-------> after clone
173864 ms. Memory: 2061312K Free: 763242K (37%)
The time is 02:06:26
Setting containers of atomic entities to null
175129 ms. Memory: 2061312K Free: 1257445K (61%)
 Force everything to get expanded ptolemy/configs/ptiny/configuration.xml
    (Skipping certain optional packages, jxta and viptos)
-------> Before clone
-------> after clone

Warning: In 'ptolemy.actor.lib.io.FileReader'
  The getName() method returns
   'fileOrURL' but the  field is named
   'fileOrURLPort'
   This is technically a violation  of the coding standard,
   but permissible because the name  ends in 'Port'
-------> Before clone
-------> after clone
181470 ms. Memory: 2061312K Free: 902117K (44%)
The time is 02:06:33
Setting containers of atomic entities to null
182760 ms. Memory: 2061312K Free: 1223243K (59%)
 Force everything to get expanded ptolemy/configs/hyvisual/configuration.xml
    (Skipping certain optional packages, jxta and viptos)
-------> Before clone
-------> after clone
-------> Before clone
-------> after clone
185698 ms. Memory: 2061312K Free: 999499K (48%)
The time is 02:06:38
Setting containers of atomic entities to null
187080 ms. Memory: 2061312K Free: 1204069K (58%)
 Force everything to get expanded ptolemy/configs/capecode/configuration.xml
    (Skipping certain optional packages, jxta and viptos)
Retrieving library from file:/home/travis/build/icyphy/ptII/org/terraswarm/accessor/accessors/web/index.json
Retrieving library from file:/home/travis/build/icyphy/ptII/org/terraswarm/accessor/accessors/web/adapters/index.json
Retrieving library from file:/home/travis/build/icyphy/ptII/org/terraswarm/accessor/accessors/web/audio/index.json
Retrieving library from file:/home/travis/build/icyphy/ptII/org/terraswarm/accessor/accessors/web/cameras/index.json
Retrieving library from file:/home/travis/build/icyphy/ptII/org/terraswarm/accessor/accessors/web/dashboard/index.json
Retrieving library from file:/home/travis/build/icyphy/ptII/org/terraswarm/accessor/accessors/web/devices/index.json
Retrieving library from file:/home/travis/build/icyphy/ptII/org/terraswarm/accessor/accessors/web/image/index.json
CharacterRecognition: The tesseract module was not present.  The CharacterRecognition accessor is not supported on this accessor host. (Thread[main,5,main])
CharacterRecognition: The tesseract module was not present.  The CharacterRecognition accessor is not supported on this accessor host. (Thread[main,5,main])
Retrieving library from file:/home/travis/build/icyphy/ptII/org/terraswarm/accessor/accessors/web/net/index.json
Retrieving library from file:/home/travis/build/icyphy/ptII/org/terraswarm/accessor/accessors/web/robotics/index.json
Retrieving library from file:/home/travis/build/icyphy/ptII/org/terraswarm/accessor/accessors/web/geodesy/index.json
Retrieving library from file:/home/travis/build/icyphy/ptII/org/terraswarm/accessor/accessors/web/services/index.json
Retrieving library from file:/home/travis/build/icyphy/ptII/org/terraswarm/accessor/accessors/web/signals/index.json
Retrieving library from file:/home/travis/build/icyphy/ptII/org/terraswarm/accessor/accessors/web/test/index.json
Retrieving library from file:/home/travis/build/icyphy/ptII/org/terraswarm/accessor/accessors/web/utilities/index.json
The Mutable accessor original file has no documentation, so we are not running jsdoc on https://accessors.org/utilities/Mutable.js
-------> Before clone
-------> after clone

Warning: In 'ptolemy.actor.lib.io.FileReader'
  The getName() method returns
   'fileOrURL' but the  field is named
   'fileOrURLPort'
   This is technically a violation  of the coding standard,
   but permissible because the name  ends in 'Port'
Skipping StateSpaceModel as this test iterates through the attributes and calls attributeChanged, which triggers a ConcurrentModificationException.  See org/ptolemy/ssm/test/SSMTest.java
Skipping StateSpaceModel as this test iterates through the attributes and calls attributeChanged, which triggers a ConcurrentModificationException.  See org/ptolemy/ssm/test/SSMTest.java
Skipping StateSpaceModel as this test iterates through the attributes and calls attributeChanged, which triggers a ConcurrentModificationException.  See org/ptolemy/ssm/test/SSMTest.java
Warning: capecode/configuration.xml has no 'actor library.Directors'? (this is ok for dsp, viptos)
-------> Before clone
-------> after clone
274160 ms. Memory: 2492416K Free: 322518K (13%)
The time is 02:08:06
Setting containers of atomic entities to null
276188 ms. Memory: 2492416K Free: 1178788K (47%)
allConfigs.tcl done!
/home/travis/build/icyphy/ptII/ptolemy/configs/test/allDemos.tcl
Skipping allDemos-1.0, use cd /home/travis/build/icyphy/ptII/ptolemy/configs/test/../../..; ant test.single -Dtest.name=ptolemy.vergil.basic.export.test.junit.ExportModelJUnitTest
/home/travis/build/icyphy/ptII/ptolemy/configs/test/cloneTest.tcl
Simple standalone clone test
The constraints of the master:
  1. (TypeConstant, arrayType(double,2)) <= (variable .Top.Map.origin: arrayType(double))
  2. (TypeConstant, double) <= (variable .Top.Map.resolution: double)
  3. (TypeConstant, {grid = arrayType(int,2), height = int, width = int}) <= (variable .Top.Map.map: {grid = arrayType(int), height = int, width = int})
  4. (port .Top.Map.map: unknown) <= (variable .Top.Map.map: {grid = arrayType(int), height = int, width = int})
  5. (variable .Top.Map.map: {grid = arrayType(int), height = int, width = int}) <= (port .Top.Map.map: unknown)
The constraints of the clone:
  1. (TypeConstant, arrayType(double,2)) <= (variable .Top.Map.origin: arrayType(double))
  2. (TypeConstant, double) <= (variable .Top.Map.resolution: double)
  3. (TypeConstant, {grid = arrayType(int,2), height = int, width = int}) <= (variable .Top.Map.map: {grid = arrayType(int), height = int, width = int})
  4. (port .Top.Map.map: unknown) <= (variable .Top.Map.map: {grid = arrayType(int), height = int, width = int})
  5. (variable .Top.Map.map: {grid = arrayType(int), height = int, width = int}) <= (port .Top.Map.map: unknown)
Congrats, the constraints are the same.
/home/travis/build/icyphy/ptII/ptolemy/configs/test/configurationTools.tcl
/home/travis/build/icyphy/ptII/ptolemy/configs/test/missingDemos.tcl
Updating /home/travis/build/icyphy/ptII/ptolemy/configs/test/../../../ptolemy/configs/doc/models.txt.  This could take a minute.
Done updating /home/travis/build/icyphy/ptII/ptolemy/configs/test/../../../ptolemy/configs/doc/models.txt
Stderr for 'make -C ../doc missingDemos' was
--start--

--end--
Stderr for '/home/travis/build/icyphy/ptII/ptolemy/configs/test/../../../ptolemy/configs/test/missingDemos' was
--start--

--end--
/home/travis/build/icyphy/ptII/ptolemy/configs/test/validDemos.tcl
Validating the xml in /auto/ xml files after removing the configure blocks
Skipping /home/travis/build/icyphy/ptII/ptolemy/configs/test/../../../org/hlacerti/test/auto/1ProdTAR1ConsNER_1516.xml because there are HLA FED files checked in under org/hlacerti/test/auto
Skipping /home/travis/build/icyphy/ptII/ptolemy/configs/test/../../../org/hlacerti/test/auto/2Values2Instances_1516.xml because there are HLA FED files checked in under org/hlacerti/test/auto
Skipping /home/travis/build/icyphy/ptII/ptolemy/configs/test/../../../org/hlacerti/test/auto/FederatesDifferentTimeManagement_1516/1ProdTAR1ConsNER/Signal.xml because there are HLA FED files checked in under org/hlacerti/test/auto
Skipping /home/travis/build/icyphy/ptII/ptolemy/configs/test/../../../org/hlacerti/test/auto/FederatesDifferentTimeManagement_1516/1ProdTAR1ConsNER/prod1Signal.xml because there are HLA FED files checked in under org/hlacerti/test/auto
Skipping /home/travis/build/icyphy/ptII/ptolemy/configs/test/../../../org/hlacerti/test/auto/FederatesDifferentTimeManagement_1516/1ProdTAR1ConsNER/cons1Signal.xml because there are HLA FED files checked in under org/hlacerti/test/auto
Skipping /home/travis/build/icyphy/ptII/ptolemy/configs/test/../../../org/hlacerti/test/auto/FederatesDifferentTimeManagement_1516/1ProdNER1ConsTAR/Signal.xml because there are HLA FED files checked in under org/hlacerti/test/auto
Skipping /home/travis/build/icyphy/ptII/ptolemy/configs/test/../../../org/hlacerti/test/auto/FederatesDifferentTimeManagement_1516/1ProdNER1ConsTAR/prod1Signal.xml because there are HLA FED files checked in under org/hlacerti/test/auto
Skipping /home/travis/build/icyphy/ptII/ptolemy/configs/test/../../../org/hlacerti/test/auto/FederatesDifferentTimeManagement_1516/1ProdNER1ConsTAR/cons1Signal.xml because there are HLA FED files checked in under org/hlacerti/test/auto
Skipping /home/travis/build/icyphy/ptII/ptolemy/configs/test/../../../org/hlacerti/test/auto/FederatesDifferentTimeManagement_1516/1ProdTAR1ConsTAR/Signal.xml because there are HLA FED files checked in under org/hlacerti/test/auto
Skipping /home/travis/build/icyphy/ptII/ptolemy/configs/test/../../../org/hlacerti/test/auto/FederatesDifferentTimeManagement_1516/1ProdTAR1ConsTAR/prod1Signal.xml because there are HLA FED files checked in under org/hlacerti/test/auto
Skipping /home/travis/build/icyphy/ptII/ptolemy/configs/test/../../../org/hlacerti/test/auto/FederatesDifferentTimeManagement_1516/1ProdTAR1ConsTAR/cons1Signal.xml because there are HLA FED files checked in under org/hlacerti/test/auto
Skipping /home/travis/build/icyphy/ptII/ptolemy/configs/test/../../../org/hlacerti/test/auto/FederatesDifferentTimeManagement_1516/1ProdNER1ConsNER/Signal.xml because there are HLA FED files checked in under org/hlacerti/test/auto
Skipping /home/travis/build/icyphy/ptII/ptolemy/configs/test/../../../org/hlacerti/test/auto/FederatesDifferentTimeManagement_1516/1ProdNER1ConsNER/prod1Signal.xml because there are HLA FED files checked in under org/hlacerti/test/auto
Skipping /home/travis/build/icyphy/ptII/ptolemy/configs/test/../../../org/hlacerti/test/auto/FederatesDifferentTimeManagement_1516/1ProdNER1ConsNER/cons1Signal.xml because there are HLA FED files checked in under org/hlacerti/test/auto
Skipping /home/travis/build/icyphy/ptII/ptolemy/configs/test/../../../org/hlacerti/test/auto/1SubscriberBadAttributeN.xml because there are HLA FED files checked in under org/hlacerti/test/auto
Skipping /home/travis/build/icyphy/ptII/ptolemy/configs/test/../../../org/hlacerti/test/auto/2Classes2Values2Instances.xml because there are HLA FED files checked in under org/hlacerti/test/auto
Skipping /home/travis/build/icyphy/ptII/ptolemy/configs/test/../../../org/hlacerti/test/auto/1ProdTAR1ConsNER.xml because there are HLA FED files checked in under org/hlacerti/test/auto
Skipping /home/travis/build/icyphy/ptII/ptolemy/configs/test/../../../org/hlacerti/test/auto/1SubscriberBadAttributeN_1516.xml because there are HLA FED files checked in under org/hlacerti/test/auto
Skipping /home/travis/build/icyphy/ptII/ptolemy/configs/test/../../../org/hlacerti/test/auto/1Value2Instances.xml because there are HLA FED files checked in under org/hlacerti/test/auto
Skipping /home/travis/build/icyphy/ptII/ptolemy/configs/test/../../../org/hlacerti/test/auto/DuplicatedInstanceNameReceiver_1516.xml because there are HLA FED files checked in under org/hlacerti/test/auto
Skipping /home/travis/build/icyphy/ptII/ptolemy/configs/test/../../../org/hlacerti/test/auto/1PublisherBadAttributeN_1516.xml because there are HLA FED files checked in under org/hlacerti/test/auto
Skipping /home/travis/build/icyphy/ptII/ptolemy/configs/test/../../../org/hlacerti/test/auto/1PublisherBadClassN.xml because there are HLA FED files checked in under org/hlacerti/test/auto
Skipping /home/travis/build/icyphy/ptII/ptolemy/configs/test/../../../org/hlacerti/test/auto/1ProdTAR1ConsTAR_1516.xml because there are HLA FED files checked in under org/hlacerti/test/auto
Skipping /home/travis/build/icyphy/ptII/ptolemy/configs/test/../../../org/hlacerti/test/auto/1PublisherBadClassN_1516.xml because there are HLA FED files checked in under org/hlacerti/test/auto
Skipping /home/travis/build/icyphy/ptII/ptolemy/configs/test/../../../org/hlacerti/test/auto/1SubscriberBadClassN.xml because there are HLA FED files checked in under org/hlacerti/test/auto
Skipping /home/travis/build/icyphy/ptII/ptolemy/configs/test/../../../org/hlacerti/test/auto/2Values1Instance_1516.xml because there are HLA FED files checked in under org/hlacerti/test/auto
Skipping /home/travis/build/icyphy/ptII/ptolemy/configs/test/../../../org/hlacerti/test/auto/1SubscriberBadClassN_1516.xml because there are HLA FED files checked in under org/hlacerti/test/auto
Skipping /home/travis/build/icyphy/ptII/ptolemy/configs/test/../../../org/hlacerti/test/auto/2Values2Instances.xml because there are HLA FED files checked in under org/hlacerti/test/auto
Skipping /home/travis/build/icyphy/ptII/ptolemy/configs/test/../../../org/hlacerti/test/auto/1ProdNER1ConsNER_1516.xml because there are HLA FED files checked in under org/hlacerti/test/auto
Skipping /home/travis/build/icyphy/ptII/ptolemy/configs/test/../../../org/hlacerti/test/auto/1ProdNER1ConsTAR_1516.xml because there are HLA FED files checked in under org/hlacerti/test/auto
Skipping /home/travis/build/icyphy/ptII/ptolemy/configs/test/../../../org/hlacerti/test/auto/1ProdTAR1ConsTAR.xml because there are HLA FED files checked in under org/hlacerti/test/auto
Skipping /home/travis/build/icyphy/ptII/ptolemy/configs/test/../../../org/hlacerti/test/auto/MultiDataTypes.xml because there are HLA FED files checked in under org/hlacerti/test/auto
Skipping /home/travis/build/icyphy/ptII/ptolemy/configs/test/../../../org/hlacerti/test/auto/1ProdNER1ConsNER.xml because there are HLA FED files checked in under org/hlacerti/test/auto
Skipping /home/travis/build/icyphy/ptII/ptolemy/configs/test/../../../org/hlacerti/test/auto/FEDfiles/1SubscriberBadAttributeName.xml because there are HLA FED files checked in under org/hlacerti/test/auto
Skipping /home/travis/build/icyphy/ptII/ptolemy/configs/test/../../../org/hlacerti/test/auto/FEDfiles/uav_array.xml because there are HLA FED files checked in under org/hlacerti/test/auto
Skipping /home/travis/build/icyphy/ptII/ptolemy/configs/test/../../../org/hlacerti/test/auto/FEDfiles/NoData.xml because there are HLA FED files checked in under org/hlacerti/test/auto
Skipping /home/travis/build/icyphy/ptII/ptolemy/configs/test/../../../org/hlacerti/test/auto/FEDfiles/Signal.xml because there are HLA FED files checked in under org/hlacerti/test/auto
Skipping /home/travis/build/icyphy/ptII/ptolemy/configs/test/../../../org/hlacerti/test/auto/FEDfiles/StaticMultiInstance22.xml because there are HLA FED files checked in under org/hlacerti/test/auto
Skipping /home/travis/build/icyphy/ptII/ptolemy/configs/test/../../../org/hlacerti/test/auto/FEDfiles/FDDarray.xml because there are HLA FED files checked in under org/hlacerti/test/auto
Skipping /home/travis/build/icyphy/ptII/ptolemy/configs/test/../../../org/hlacerti/test/auto/FEDfiles/aircraftFleet.xml because there are HLA FED files checked in under org/hlacerti/test/auto
Skipping /home/travis/build/icyphy/ptII/ptolemy/configs/test/../../../org/hlacerti/test/auto/FEDfiles/FDDpositionArray.xml because there are HLA FED files checked in under org/hlacerti/test/auto
Skipping /home/travis/build/icyphy/ptII/ptolemy/configs/test/../../../org/hlacerti/test/auto/FEDfiles/1PublisherBadAttributeName.xml because there are HLA FED files checked in under org/hlacerti/test/auto
Skipping /home/travis/build/icyphy/ptII/ptolemy/configs/test/../../../org/hlacerti/test/auto/FEDfiles/1PublisherBadClassName.xml because there are HLA FED files checked in under org/hlacerti/test/auto
Skipping /home/travis/build/icyphy/ptII/ptolemy/configs/test/../../../org/hlacerti/test/auto/FEDfiles/StaticMultiInstance1516e.xml because there are HLA FED files checked in under org/hlacerti/test/auto
Skipping /home/travis/build/icyphy/ptII/ptolemy/configs/test/../../../org/hlacerti/test/auto/FEDfiles/MultiDataTypes.xml because there are HLA FED files checked in under org/hlacerti/test/auto
Skipping /home/travis/build/icyphy/ptII/ptolemy/configs/test/../../../org/hlacerti/test/auto/FEDfiles/1SubscriberBadClassName.xml because there are HLA FED files checked in under org/hlacerti/test/auto
Skipping /home/travis/build/icyphy/ptII/ptolemy/configs/test/../../../org/hlacerti/test/auto/FEDfiles/Test1516e.xml because there are HLA FED files checked in under org/hlacerti/test/auto
Skipping /home/travis/build/icyphy/ptII/ptolemy/configs/test/../../../org/hlacerti/test/auto/FEDfiles/StaticMultiInstance12.xml because there are HLA FED files checked in under org/hlacerti/test/auto
Skipping /home/travis/build/icyphy/ptII/ptolemy/configs/test/../../../org/hlacerti/test/auto/FEDfiles/StaticMultiInstance21.xml because there are HLA FED files checked in under org/hlacerti/test/auto
Skipping /home/travis/build/icyphy/ptII/ptolemy/configs/test/../../../org/hlacerti/test/auto/FEDfiles/OneClassVehicle.xml because there are HLA FED files checked in under org/hlacerti/test/auto
Skipping /home/travis/build/icyphy/ptII/ptolemy/configs/test/../../../org/hlacerti/test/auto/FEDfiles/StaticMultiInstance222.xml because there are HLA FED files checked in under org/hlacerti/test/auto
Skipping /home/travis/build/icyphy/ptII/ptolemy/configs/test/../../../org/hlacerti/test/auto/1Value2Instances_1516.xml because there are HLA FED files checked in under org/hlacerti/test/auto
Skipping /home/travis/build/icyphy/ptII/ptolemy/configs/test/../../../org/hlacerti/test/auto/1ProdNER1ConsTAR.xml because there are HLA FED files checked in under org/hlacerti/test/auto
Skipping /home/travis/build/icyphy/ptII/ptolemy/configs/test/../../../org/hlacerti/test/auto/FederatesDifferentTimeManagement/1ProdTAR1ConsNER/prod1Signal.xml because there are HLA FED files checked in under org/hlacerti/test/auto
Skipping /home/travis/build/icyphy/ptII/ptolemy/configs/test/../../../org/hlacerti/test/auto/FederatesDifferentTimeManagement/1ProdTAR1ConsNER/cons1Signal.xml because there are HLA FED files checked in under org/hlacerti/test/auto
Skipping /home/travis/build/icyphy/ptII/ptolemy/configs/test/../../../org/hlacerti/test/auto/FederatesDifferentTimeManagement/1ProdNER1ConsTAR/prod1Signal.xml because there are HLA FED files checked in under org/hlacerti/test/auto
Skipping /home/travis/build/icyphy/ptII/ptolemy/configs/test/../../../org/hlacerti/test/auto/FederatesDifferentTimeManagement/1ProdNER1ConsTAR/cons1Signal.xml because there are HLA FED files checked in under org/hlacerti/test/auto
Skipping /home/travis/build/icyphy/ptII/ptolemy/configs/test/../../../org/hlacerti/test/auto/FederatesDifferentTimeManagement/1ProdTAR1ConsTAR/prod1Signal.xml because there are HLA FED files checked in under org/hlacerti/test/auto
Skipping /home/travis/build/icyphy/ptII/ptolemy/configs/test/../../../org/hlacerti/test/auto/FederatesDifferentTimeManagement/1ProdTAR1ConsTAR/cons1Signal.xml because there are HLA FED files checked in under org/hlacerti/test/auto
Skipping /home/travis/build/icyphy/ptII/ptolemy/configs/test/../../../org/hlacerti/test/auto/FederatesDifferentTimeManagement/1ProdNER1ConsNER/prod1Signal.xml because there are HLA FED files checked in under org/hlacerti/test/auto
Skipping /home/travis/build/icyphy/ptII/ptolemy/configs/test/../../../org/hlacerti/test/auto/FederatesDifferentTimeManagement/1ProdNER1ConsNER/cons1Signal.xml because there are HLA FED files checked in under org/hlacerti/test/auto
Skipping /home/travis/build/icyphy/ptII/ptolemy/configs/test/../../../org/hlacerti/test/auto/StaticMultiInstance_1516/2Values1Instance/DistributedReceiver1.xml because there are HLA FED files checked in under org/hlacerti/test/auto
Skipping /home/travis/build/icyphy/ptII/ptolemy/configs/test/../../../org/hlacerti/test/auto/StaticMultiInstance_1516/2Values1Instance/DistributedSender1.xml because there are HLA FED files checked in under org/hlacerti/test/auto
Skipping /home/travis/build/icyphy/ptII/ptolemy/configs/test/../../../org/hlacerti/test/auto/StaticMultiInstance_1516/2Values2Instances/DistributedReceiver1.xml because there are HLA FED files checked in under org/hlacerti/test/auto
Skipping /home/travis/build/icyphy/ptII/ptolemy/configs/test/../../../org/hlacerti/test/auto/StaticMultiInstance_1516/2Values2Instances/DistributedSender1.xml because there are HLA FED files checked in under org/hlacerti/test/auto
Skipping /home/travis/build/icyphy/ptII/ptolemy/configs/test/../../../org/hlacerti/test/auto/StaticMultiInstance_1516/StaticMultiInstance.xml because there are HLA FED files checked in under org/hlacerti/test/auto
Skipping /home/travis/build/icyphy/ptII/ptolemy/configs/test/../../../org/hlacerti/test/auto/StaticMultiInstance_1516/1Value2Instances/DistributedReceiver1.xml because there are HLA FED files checked in under org/hlacerti/test/auto
Skipping /home/travis/build/icyphy/ptII/ptolemy/configs/test/../../../org/hlacerti/test/auto/StaticMultiInstance_1516/1Value2Instances/DistributedSender1.xml because there are HLA FED files checked in under org/hlacerti/test/auto
Skipping /home/travis/build/icyphy/ptII/ptolemy/configs/test/../../../org/hlacerti/test/auto/StaticMultiInstance_1516/2Classes2Values2Instances/DistributedReceiver1.xml because there are HLA FED files checked in under org/hlacerti/test/auto
Skipping /home/travis/build/icyphy/ptII/ptolemy/configs/test/../../../org/hlacerti/test/auto/StaticMultiInstance_1516/2Classes2Values2Instances/DistributedSender1.xml because there are HLA FED files checked in under org/hlacerti/test/auto
Skipping /home/travis/build/icyphy/ptII/ptolemy/configs/test/../../../org/hlacerti/test/auto/StaticMultiInstance_1516/MultiDataTypes/MultiDataTypesProducer.xml because there are HLA FED files checked in under org/hlacerti/test/auto
Skipping /home/travis/build/icyphy/ptII/ptolemy/configs/test/../../../org/hlacerti/test/auto/StaticMultiInstance_1516/MultiDataTypes/MultiDataTypesConsumer.xml because there are HLA FED files checked in under org/hlacerti/test/auto
Skipping /home/travis/build/icyphy/ptII/ptolemy/configs/test/../../../org/hlacerti/test/auto/StaticMultiInstance_1516/MultiDataTypes/MultiDataTypes.xml because there are HLA FED files checked in under org/hlacerti/test/auto
Skipping /home/travis/build/icyphy/ptII/ptolemy/configs/test/../../../org/hlacerti/test/auto/1PublisherBadAttributeN.xml because there are HLA FED files checked in under org/hlacerti/test/auto
Skipping /home/travis/build/icyphy/ptII/ptolemy/configs/test/../../../org/hlacerti/test/auto/MultiDataTypes_1516.xml because there are HLA FED files checked in under org/hlacerti/test/auto
Skipping /home/travis/build/icyphy/ptII/ptolemy/configs/test/../../../org/hlacerti/test/auto/DuplicatedInstanceNameSender_1516.xml because there are HLA FED files checked in under org/hlacerti/test/auto
Skipping /home/travis/build/icyphy/ptII/ptolemy/configs/test/../../../org/hlacerti/test/auto/2Values1Instance.xml because there are HLA FED files checked in under org/hlacerti/test/auto
Skipping /home/travis/build/icyphy/ptII/ptolemy/configs/test/../../../org/hlacerti/test/auto/2Classes2Values2Instances_1516.xml because there are HLA FED files checked in under org/hlacerti/test/auto
Skipping /home/travis/build/icyphy/ptII/ptolemy/configs/test/../../../org/hlacerti/test/auto/StaticMultiInstance/2Values1Instance/DistributedReceiver1.xml because there are HLA FED files checked in under org/hlacerti/test/auto
Skipping /home/travis/build/icyphy/ptII/ptolemy/configs/test/../../../org/hlacerti/test/auto/StaticMultiInstance/2Values1Instance/DistributedSender1.xml because there are HLA FED files checked in under org/hlacerti/test/auto
Skipping /home/travis/build/icyphy/ptII/ptolemy/configs/test/../../../org/hlacerti/test/auto/StaticMultiInstance/2Values2Instances/DistributedReceiver1.xml because there are HLA FED files checked in under org/hlacerti/test/auto
Skipping /home/travis/build/icyphy/ptII/ptolemy/configs/test/../../../org/hlacerti/test/auto/StaticMultiInstance/2Values2Instances/DistributedSender1.xml because there are HLA FED files checked in under org/hlacerti/test/auto
Skipping /home/travis/build/icyphy/ptII/ptolemy/configs/test/../../../org/hlacerti/test/auto/StaticMultiInstance/StaticMultiInstance.xml because there are HLA FED files checked in under org/hlacerti/test/auto
Skipping /home/travis/build/icyphy/ptII/ptolemy/configs/test/../../../org/hlacerti/test/auto/StaticMultiInstance/1Value2Instances/DistributedReceiver1.xml because there are HLA FED files checked in under org/hlacerti/test/auto
Skipping /home/travis/build/icyphy/ptII/ptolemy/configs/test/../../../org/hlacerti/test/auto/StaticMultiInstance/1Value2Instances/DistributedSender1.xml because there are HLA FED files checked in under org/hlacerti/test/auto
Skipping /home/travis/build/icyphy/ptII/ptolemy/configs/test/../../../org/hlacerti/test/auto/StaticMultiInstance/2Classes2Values2Instances/DistributedReceiver1.xml because there are HLA FED files checked in under org/hlacerti/test/auto
Skipping /home/travis/build/icyphy/ptII/ptolemy/configs/test/../../../org/hlacerti/test/auto/StaticMultiInstance/2Classes2Values2Instances/DistributedSender1.xml because there are HLA FED files checked in under org/hlacerti/test/auto
Skipping /home/travis/build/icyphy/ptII/ptolemy/configs/test/../../../org/hlacerti/test/auto/StaticMultiInstance/MultiDataTypes/MultiDataTypesProducer.xml because there are HLA FED files checked in under org/hlacerti/test/auto
Skipping /home/travis/build/icyphy/ptII/ptolemy/configs/test/../../../org/hlacerti/test/auto/StaticMultiInstance/MultiDataTypes/MultiDataTypesConsumer.xml because there are HLA FED files checked in under org/hlacerti/test/auto
Skipping /home/travis/build/icyphy/ptII/ptolemy/configs/test/../../../org/hlacerti/test/auto/DuplicatedInstanceNameSender.xml because there are HLA FED files checked in under org/hlacerti/test/auto
Skipping /home/travis/build/icyphy/ptII/ptolemy/configs/test/../../../org/hlacerti/test/auto/DuplicatedInstanceNameReceiver.xml because there are HLA FED files checked in under org/hlacerti/test/auto
.................................................................................................................................................................................................................................................................................................................................................................................................................................................................................................................................................................................................................................................................................................................................................................................................................................................................................................................................................................................................................................................................................................................................................................................................................................................................................................................................................................................................................................................................................................................................................................................................................................................................................................................................................................................................................................................................................................................................................................................................................................................................................................................................................................................................................................................................................................................................................................................................................................................................................................................................................................................................................................................................................................................................................................................................................................................................................................................................................................................................Checked 2881 demos from configs/doc/models.txt
Validating the xml in demo xml files after removing the configure blocks
..............................................................................................................................................................................................................................................................................................................................................................................................................................................................................................................................................................................................................................................................................................................................................................................Checked 750 demos from configs/doc/models.txt
12/06/21 02:12:48
Failed: 0  Total Tests: 3719  ((Passed: 3719, Newly Passed: 0)  Known Failed: 0) /home/travis/build/icyphy/ptII/ptolemy/configs/test
No auto/knownFailedTests/*.xml tests in /home/travis/build/icyphy/ptII/ptolemy/configs/test
No auto/linux-amd64/*.xml tests in /home/travis/build/icyphy/ptII/ptolemy/configs/test
AutoTests.java: About to close Vertx.
AutoTests.java: Vertx closed.
No auto/*.xml tests in /home/travis/build/icyphy/ptII/ptolemy/configs/test
AutoTests.java: About to close Vertx.
AutoTests.java: Vertx closed.
]]></system-out>
  <system-err><![CDATA[Loaded /home/travis/build/icyphy/ptII/vendors/javafx/javafx-sdk-11.0.2/lib/./libprism_es2.so from relative path
Failed Graphics Hardware Qualifier check.
System GPU doesn't meet the es2 pipe requirement
GraphicsPipeline.createPipeline: error initializing pipeline com.sun.prism.es2.ES2Pipeline
*** Fallback to Prism SW pipeline
Loaded /home/travis/build/icyphy/ptII/vendors/javafx/javafx-sdk-11.0.2/lib/./libprism_sw.so from relative path
JavaFX: using com.sun.javafx.tk.quantum.QuantumToolkit
Loaded /home/travis/build/icyphy/ptII/vendors/javafx/javafx-sdk-11.0.2/lib/./libglass.so from relative path
Loaded /home/travis/build/icyphy/ptII/vendors/javafx/javafx-sdk-11.0.2/lib/./libglassgtk3.so from relative path
 vsync: true vpipe: false
[main] INFO com.github.sarxos.webcam.Webcam - WebcamDefaultDriver capture driver will be used
]]></system-err>
</testsuite>
