<?xml version="1.0" encoding="UTF-8" ?>
<testsuite errors="0" failures="1" hostname="travis-job-89941562-d490-4d65-b876-5fd3e998c7bf" name="ptolemy.actor.lib.test.junit.JUnitTclTest" skipped="0" tests="517" time="64.892" timestamp="2019-08-02T05:20:15">
  <properties>
    <property name="npm.executable" value="npm" />
    <property name="env.TRAVIS_ROOT" value="/" />
    <property name="ptII.mk.exists" value="true" />
    <property name="env.TRAVIS_APP_HOST" value="build.travis-ci.org" />
    <property name="env.rvm_bin_path" value="/home/travis/.rvm/bin" />
    <property name="java.home" value="/usr/local/lib/jvm/openjdk11" />
    <property name="env.TRAVIS_JOB_NUMBER" value="1279.8" />
    <property name="env.TRAVIS_HOME" value="/home/travis" />
    <property name="env.DISPLAY" value=":99.0" />
    <property name="env.TRAVIS_INIT" value="systemd" />
    <property name="env.SSH_TTY" value="/dev/pts/0" />
    <property name="java.net.preferIPv4Stack" value="true" />
    <property name="env.RUN_TESTS" value="true" />
    <property name="timeout.short" value="1000000" />
    <property name="junit.formatter" value="xml" />
    <property name="env.TRAVIS_SUDO" value="true" />
    <property name="env.TRAVIS_JOB_NAME" value="" />
    <property name="env.TRAVIS_STACK_NODE_ATTRIBUTES" value="/.node-attributes.yml" />
    <property name="env.LOGNAME" value="travis" />
    <property name="env.PT_TRAVIS_TEST_CORE1_XML" value="true" />
    <property name="jsdoc.home" value="node_modules/@terraswarm/jsdoc" />
    <property name="debuglevel" value="source,lines,vars" />
    <property name="checkstyle.formatter" value="xml" />
    <property name="env._system_version" value="16.04" />
    <property name="bin.vergil.makeable" value="true" />
    <property name="sun.os.patch.level" value="unknown" />
    <property name="java.vendor.url" value="http://java.oracle.com/" />
    <property name="env.TRAVIS_BUILD_WEB_URL" value="https://travis-ci.org/icyphy/ptII/builds/566788831" />
    <property name="java.version" value="11.0.2" />
    <property name="env.TZ" value="UTC" />
    <property name="env.TRAVIS_PULL_REQUEST_SHA" value="" />
    <property name="env.PT_NO_NET" value="true" />
    <property name="env.TRAVIS_SECURE_ENV_VARS" value="true" />
    <property name="env._system_type" value="Linux" />
    <property name="java.vendor.url.bug" value="http://bugreport.java.com/bugreport/" />
    <property name="npmjs-org-is-up" value="true" />
    <property name="env.LANGUAGE" value="en_US.UTF-8" />
    <property name="env.SSH_CLIENT" value="10.24.5.13 42456 22" />
    <property name="env.GEM_HOME" value="/home/travis/.rvm/gems/ruby-2.5.3" />
    <property name="env.HAS_ANTARES_THREE_LITTLE_FRONZIES_BADGE" value="true" />
    <property name="java.version.date" value="2019-01-15" />
    <property name="env.PS4" value="+" />
    <property name="ant.project.invoked-targets" value="build,test.core1.xml" />
    <property name="env.TRAVIS_PULL_REQUEST_BRANCH" value="" />
    <property name="env.TRAVIS_REPO_SLUG" value="icyphy/ptII" />
    <property name="env.XDG_DATA_DIRS" value="/usr/local/share:/usr/share:/var/lib/snapd/desktop" />
    <property name="jdk.debug" value="release" />
    <property name="env.TRAVIS_APT_PROXY" value="http://apt.cache.travis-ci.com" />
    <property name="node.in.path" value="true" />
    <property name="user.name" value="travis" />
    <property name="java.maxmemory" value="1400m" />
    <property name="env.RUBY_VERSION" value="ruby-2.5.3" />
    <property name="env.LANG" value="en_US.UTF-8" />
    <property name="sun.io.unicode.encoding" value="UnicodeLittle" />
    <property name="sun.jnu.encoding" value="UTF-8" />
    <property name="java.runtime.name" value="OpenJDK Runtime Environment" />
    <property name="usefile" value="false" />
    <property name="return.code" value="0" />
    <property name="junit.single.formatter" value="plain" />
    <property name="env.DYLD_LIBRARY_PATH" value="/home/travis/pthla/certi-tools/lib:" />
    <property name="env.DEBIAN_FRONTEND" value="noninteractive" />
    <property name="env.SSH_CONNECTION" value="10.24.5.13 42456 10.20.0.91 22" />
    <property name="env.MYSQL_UNIX_PORT" value="/var/run/mysqld/mysqld.sock" />
    <property name="env.LC_ALL" value="en_US.UTF-8" />
    <property name="env.TRAVIS_ALLOW_FAILURE" value="false" />
    <property name="env.TRAVIS_JOB_WEB_URL" value="https://travis-ci.org/icyphy/ptII/jobs/566788839" />
    <property name="java.specification.name" value="Java Platform API Specification" />
    <property name="node.works" value="true" />
    <property name="user.timezone" value="" />
    <property name="path.separator" value=":" />
    <property name="env.TRAVIS_ENABLE_INFRA_DETECTION" value="true" />
    <property name="env.PYTHON_CFLAGS" value="-g -fstack-protector --param=ssp-buffer-size=4 -Wformat -Werror=format-security" />
    <property name="timeout.long" value="4000000" />
    <property name="env.CERTI_HOME" value="/home/travis/pthla/certi-tools" />
    <property name="ant.file.ptII" value="/home/travis/build/icyphy/ptII/build.xml" />
    <property name="javadoc.packagenames" value="com.*,diva.*,lbnl.*,org.hlacerti.*,org.json.*,org.ptolemy.*,org.terraswarm.*,ptolemy.*,ptserver.*" />
    <property name="file.encoding" value="UTF-8" />
    <property name="env.TRAVIS_PULL_REQUEST_SLUG" value="" />
    <property name="ant.project.default-target" value="build" />
    <property name="env.GIT_ASKPASS" value="echo" />
    <property name="env.HOME" value="/home/travis" />
    <property name="sun.java.command" value="org.apache.tools.ant.taskdefs.optional.junit.JUnitTestRunner ptolemy.actor.lib.test.junit.JUnitTclTest skipNonTests=false filtertrace=true haltOnError=false haltOnFailure=false formatter=org.apache.tools.ant.taskdefs.optional.junit.OutErrSummaryJUnitResultFormatter showoutput=true outputtoformatters=true logfailedtests=true threadid=0 logtestlistenerevents=false formatter=org.apache.tools.ant.taskdefs.optional.junit.XMLJUnitResultFormatter,/home/travis/build/icyphy/ptII/reports/junit/TEST-ptolemy.actor.lib.test.junit.JUnitTclTest.xml crashfile=/home/travis/build/icyphy/ptII/junitvmwatcher16040978140548218938.properties propsfile=/home/travis/build/icyphy/ptII/junit3382325881810399886.properties" />
    <property name="env.COMPOSER_NO_INTERACTION" value="1" />
    <property name="env.MANPATH" value="/home/travis/.nvm/versions/node/v7.10.1/share/man:/home/travis/.rvm/rubies/ruby-2.5.3/share/man:/usr/local/cmake-3.12.4/man:/usr/local/clang-7.0.0/share/man:/usr/local/man:/usr/local/share/man:/usr/share/man:/home/travis/.rvm/man" />
    <property name="env.TRAVIS_TIMER_ID" value="077bae62" />
    <property name="ant.file" value="/home/travis/build/icyphy/ptII/build.xml" />
    <property name="env.TRAVIS_COMMIT_RANGE" value="2e04c9d28f10421f6cf81bc894a35b8065757641...153fae525c03c2cc53a3ce8809572d573e8a4c4a" />
    <property name="env._system_name" value="Ubuntu" />
    <property name="ptII.classpath.optional.property" value="/home/travis/build/icyphy/ptII/lib/bsh-2.0b4.jar:/home/travis/build/icyphy/ptII/lib/ptCal.jar:/home/travis/build/icyphy/ptII/lib/java_cup.jar:/home/travis/build/icyphy/ptII/lib/saxon8.jar:/home/travis/build/icyphy/ptII/lib/saxon8-dom.jar:/home/travis/build/icyphy/ptII/lib/chic.jar:/home/travis/build/icyphy/ptII/lib/ptcolt.jar:/home/travis/build/icyphy/ptII/vendors/misc/itext/iText.jar:/home/travis/build/icyphy/ptII/lib/g4ltl.jar:/home/travis/build/icyphy/ptII/lib/StructuralCoder.jar:/home/travis/build/icyphy/ptII/lib/jcerti.jar:/home/travis/build/icyphy/ptII/lib/javax.mail.jar:/home/travis/build/icyphy/ptII/vendors/JMF-2.1.1e/lib/jmf.jar:/home/travis/build/icyphy/ptII/lib/jna-4.0.0-variadic.jar:/home/travis/build/icyphy/ptII/vendors/misc/joystick/Joystick.jar:/home/travis/build/icyphy/ptII/lib/ptjacl.jar:/home/travis/build/icyphy/ptII/lib/jsoup-1.8.2.jar:/home/travis/build/icyphy/ptII/lib/junit-4.8.2.jar:/home/travis/build/icyphy/ptII/lib/JUnitParams-0.4.0.jar:/home/travis/build/icyphy/ptII/ptolemy/actor/lib/excel/jxl.jar:/home/travis/build/icyphy/ptII/lib/jython.jar:/home/travis/build/icyphy/ptII/lib/kieler.jar:/home/travis/build/icyphy/ptII/vendors/opencv/share/OpenCV/java/opencv-341.jar:/home/travis/build/icyphy/ptII/lib/oscP5.jar:/home/travis/build/icyphy/ptII/lib/nrjavaserial-3.11.0.devel.jar:/home/travis/build/icyphy/ptII/vendors/j3d/lib/Linux/j3dcore.jar:/home/travis/build/icyphy/ptII/vendors/j3d/lib/Linux/j3dutils.jar:/home/travis/build/icyphy/ptII/vendors/j3d/lib/Linux/vecmath.jar:/home/travis/build/icyphy/ptII/vendors/jogl/lib/Linux/gluegen-rt-natives-linux-amd64.jar:/home/travis/build/icyphy/ptII/vendors/jogl/lib/Linux/gluegen-rt.jar:/home/travis/build/icyphy/ptII/vendors/jogl/lib/Linux/jogl-all-natives-linux-amd64.jar:/home/travis/build/icyphy/ptII/vendors/jogl/lib/Linux/jogl-all.jar:/home/travis/build/icyphy/ptII/ptolemy/distributed/jini/jar/jini-core.jar:/home/travis/build/icyphy/ptII/ptolemy/distributed/jini/jar/jini-ext.jar:/home/travis/build/icyphy/ptII/ptolemy/distributed/jini/jar/sun-util.jar:/home/travis/build/icyphy/ptII/lib/protobuf-java-2.4.1.jar:/home/travis/build/icyphy/ptII/lib/org.eclipse.paho.client.mqttv3.jar:/home/travis/build/icyphy/ptII/lib/mapss.jar:/home/travis/build/icyphy/ptII/ptolemy/actor/ptalon/antlr/antlr.jar:/home/travis/build/icyphy/ptII/lib/JRI.jar:/home/travis/build/icyphy/ptII/lib/commons-lang-2.6.jar:/home/travis/build/icyphy/ptII/lib/commons-logging-1.1.1.jar:/home/travis/build/icyphy/ptII/lib/sootclasses.jar:/home/travis/build/icyphy/ptII/ptolemy/actor/lib/database/mysql-connector-java-5.1.6-bin.jar:/home/travis/build/icyphy/ptII/vendors/misc/sphinx4/sphinx4-data-5prealpha.jar:/home/travis/build/icyphy/ptII/vendors/misc/sphinx4/sphinx4-core-5prealpha.jar:/home/travis/build/icyphy/ptII/lib/PDFRenderer.jar:/home/travis/build/icyphy/ptII/lib/svgSalamander.jar:/home/travis/build/icyphy/ptII/lib/rsyntaxtextarea-2.6.0-SNAPSHOT.jar:/home/travis/build/icyphy/ptII/lib/hazelcast-3.8.2.jar:/home/travis/build/icyphy/ptII/lib/jackson-annotations-2.9.0.jar:/home/travis/build/icyphy/ptII/lib/jackson-core-2.9.3.jar:/home/travis/build/icyphy/ptII/lib/jackson-databind-2.9.3.jar:/home/travis/build/icyphy/ptII/lib/netty-buffer-4.1.19.Final.jar:/home/travis/build/icyphy/ptII/lib/netty-codec-4.1.19.Final.jar:/home/travis/build/icyphy/ptII/lib/netty-codec-dns-4.1.19.Final.jar:/home/travis/build/icyphy/ptII/lib/netty-codec-http-4.1.19.Final.jar:/home/travis/build/icyphy/ptII/lib/netty-codec-http2-4.1.19.Final.jar:/home/travis/build/icyphy/ptII/lib/netty-common-4.1.19.Final.jar:/home/travis/build/icyphy/ptII/lib/netty-handler-4.1.19.Final.jar:/home/travis/build/icyphy/ptII/lib/netty-resolver-4.1.19.Final.jar:/home/travis/build/icyphy/ptII/lib/netty-resolver-dns-4.1.19.Final.jar:/home/travis/build/icyphy/ptII/lib/netty-transport-4.1.19.Final.jar:/home/travis/build/icyphy/ptII/lib/vertx-codegen-3.5.1.jar:/home/travis/build/icyphy/ptII/lib/vertx-core-3.5.2-SNAPSHOT.jar:/home/travis/build/icyphy/ptII/lib/vertx-hazelcast-3.5.1.jar:/home/travis/build/icyphy/ptII/lib/vertx-lang-js-3.5.1.jar:/home/travis/build/icyphy/ptII/lib/vertx-service-proxy-3.5.1.jar:/home/travis/build/icyphy/ptII/lib/vertx-web-3.5.1.jar:/home/travis/build/icyphy/ptII/lib/slf4j-api-1.7.13.jar:/home/travis/build/icyphy/ptII/lib/slf4j-simple-1.7.13.jar:/home/travis/build/icyphy/ptII/lib/webcam-capture-0.3.12.jar:/home/travis/build/icyphy/ptII/lib/bridj-0.7.0.jar:/home/travis/build/icyphy/ptII/lib/xbjlib-1.1.0.nrjavaserial.jar" />
    <property name="timeout" value="2400000" />
    <property name="test.batch" value="**/junit/*.java" />
    <property name="env._" value="/usr/bin/timeout" />
    <property name="java.io.tmpdir" value="/tmp" />
    <property name="user.language" value="en" />
    <property name="env.TRAVIS_INTERNAL_RUBY_REGEX" value="^ruby-(2\.[0-4]\.[0-9]|1\.9\.3)" />
    <property name="env.HISTCONTROL" value="ignoredups:ignorespace" />
    <property name="env.GOROOT" value="/home/travis/.gimme/versions/go1.11.1.linux.amd64" />
    <property name="line.separator" value="&#xa;" />
    <property name="target" value="11" />
    <property name="env.TRAVIS_BUILD_DIR" value="/home/travis/build/icyphy/ptII" />
    <property name="env.ANT_OPTS" value="-Xmx2048m" />
    <property name="ant.file.type" value="file" />
    <property name="ptolemy.ptII.batchMode" value="true" />
    <property name="env.HISTSIZE" value="1000" />
    <property name="env.MERB_ENV" value="test" />
    <property name="java.vm.info" value="mixed mode" />
    <property name="source" value="11" />
    <property name="java.vm.specification.name" value="Java Virtual Machine Specification" />
    <property name="env.TRAVIS_TEST_RESULT" value="0" />
    <property name="jsdoc.command" value="node_modules/@terraswarm/jsdoc/jsdoc.js" />
    <property name="npm.works" value="true" />
    <property name="cobertura.dir" value="/home/travis/build/icyphy/ptII/vendors/cobertura-2.0.3" />
    <property name="jsdoc.command.exists" value="true" />
    <property name="env.rvm_path" value="/home/travis/.rvm" />
    <property name="env.GEM_PATH" value="/home/travis/.rvm/gems/ruby-2.5.3:/home/travis/.rvm/gems/ruby-2.5.3@global" />
    <property name="env.LC_CTYPE" value="en_US.UTF-8" />
    <property name="env.TRAVIS_CMD" value="$PTII/bin/ptIITravisBuild.sh $SECONDS" />
    <property name="java.awt.printerjob" value="sun.print.PSPrinterJob" />
    <property name="env.TRAVIS_STACK_NAME" value="sardonyx" />
    <property name="env.TRAVIS_TIMER_START_TIME" value="1564722525058913476" />
    <property name="ant.version" value="Apache Ant(TM) version 1.10.1 compiled on February 2 2017" />
    <property name="ptII.reports" value="/home/travis/build/icyphy/ptII/reports" />
    <property name="env.TRAVIS_STACK_TIMESTAMP" value="2019-03-25 16:16:56 UTC" />
    <property name="ant.file.type.ptII" value="file" />
    <property name="env.RBENV_SHELL" value="bash" />
    <property name="os.name" value="Linux" />
    <property name="java.specification.vendor" value="Oracle Corporation" />
    <property name="env.rvm_version" value="1.29.7 (latest)" />
    <property name="env.TRAVIS_INFRA" value="gce" />
    <property name="env.TERM" value="xterm" />
    <property name="java.vm.name" value="OpenJDK 64-Bit Server VM" />
    <property name="env.TRAVIS_BUILD_NUMBER" value="1279" />
    <property name="env.CI" value="true" />
    <property name="java.library.path" value="/home/travis/pthla/certi-tools/lib:/usr/lib/jni:/usr/local/share/OpenCV/java/:/usr/share/OpenCV/java::/usr/java/packages/lib:/usr/lib64:/lib64:/lib:/usr/lib" />
    <property name="jdk.module.path" value="/home/travis/build/icyphy/ptII/vendors/javafx/javafx-sdk-11.0.2/lib:" />
    <property name="env.rvm_prefix" value="/home/travis" />
    <property name="env.PATH" value="/home/travis/pthla/certi-tools/share/scripts:/home/travis/.rvm/gems/ruby-2.5.3/bin:/home/travis/.rvm/gems/ruby-2.5.3@global/bin:/home/travis/.rvm/rubies/ruby-2.5.3/bin:/home/travis/.rvm/bin:/home/travis/.nvm/versions/node/v7.10.1/bin:./node_modules/.bin:/home/travis/build/icyphy/ptII/bin:/home/travis/pthla/certi-tools/bin:/home/travis/bin:/home/travis/.local/bin:/usr/local/lib/jvm/openjdk11/bin:/opt/pyenv/shims:/home/travis/.phpenv/shims:/home/travis/perl5/perlbrew/bin:/home/travis/gopath/bin:/home/travis/.gimme/versions/go1.11.1.linux.amd64/bin:/usr/local/maven-3.6.0/bin:/usr/local/cmake-3.12.4/bin:/usr/local/clang-7.0.0/bin:/usr/local/sbin:/usr/local/bin:/usr/sbin:/usr/bin:/sbin:/bin:/snap/bin:/home/travis/.phpenv/bin:/opt/pyenv/bin:/home/travis/.yarn/bin" />
    <property name="env.TRAVIS_OS_NAME" value="linux" />
    <property name="ant.java.version" value="9" />
    <property name="basedir" value="/home/travis/build/icyphy/ptII" />
    <property name="java.class.version" value="55.0" />
    <property name="env.SHLVL" value="3" />
    <property name="env.LD_LIBRARY_PATH" value="/home/travis/pthla/certi-tools/lib:/usr/lib/jni:/usr/local/share/OpenCV/java/:/usr/share/OpenCV/java:" />
    <property name="env.RACK_ENV" value="test" />
    <property name="ant.home" value="/home/travis/build/icyphy/ptII/ant" />
    <property name="env.NVM_DIR" value="/home/travis/.nvm" />
    <property name="env.CERTI_FOM_PATH" value="/home/travis/pthla/certi-tools/share/federations" />
    <property name="env.TRAVIS_BUILD_ID" value="566788831" />
    <property name="env.PYENV_ROOT" value="/opt/pyenv" />
    <property name="env.TRAVIS_UID" value="2000" />
    <property name="prism.verbose" value="true" />
    <property name="env.NVM_BIN" value="/home/travis/.nvm/versions/node/v7.10.1/bin" />
    <property name="env.TRAVIS_COMMIT" value="153fae525c03c2cc53a3ce8809572d573e8a4c4a" />
    <property name="env._system_arch" value="x86_64" />
    <property name="node.executable" value="node" />
    <property name="sun.boot.library.path" value="/usr/local/lib/jvm/openjdk11/lib" />
    <property name="sun.management.compiler" value="HotSpot 64-Bit Tiered Compilers" />
    <property name="java.awt.graphicsenv" value="sun.awt.X11GraphicsEnvironment" />
    <property name="env.GOPATH" value="/home/travis/gopath" />
    <property name="ptolemy.ptII.dir" value="/home/travis/build/icyphy/ptII" />
    <property name="env.USER" value="travis" />
    <property name="env.HISTFILESIZE" value="2000" />
    <property name="timeout.longest" value="19000000" />
    <property name="env.PERLBREW_SHELLRC_VERSION" value="0.86" />
    <property name="env.TRAVIS_STACK_FEATURES" value="basic couchdb disabled-ipv6 docker docker-compose elasticsearch firefox go-toolchain google-chrome jdk memcached mongodb mysql nodejs_interpreter perl_interpreter perlbrew phantomjs postgresql python_interpreter redis ruby_interpreter sqlite xserver" />
    <property name="env.TRAVIS_PULL_REQUEST" value="false" />
    <property name="env.PYENV_SHELL" value="bash" />
    <property name="ant.project.name" value="ptII" />
    <property name="env.ANSI_RESET" value="\033[0m" />
    <property name="java.vm.specification.version" value="11" />
    <property name="env.TRAVIS_DIST" value="xenial" />
    <property name="env.CERTI_VERSION" value="4.0.0" />
    <property name="env.CERTI_HOST" value="localhost" />
    <property name="awt.toolkit" value="sun.awt.X11.XToolkit" />
    <property name="env.MY_RUBY_HOME" value="/home/travis/.rvm/rubies/ruby-2.5.3" />
    <property name="sun.cpu.isalist" value="" />
    <property name="env.TRAVIS_TMPDIR" value="/tmp/tmp.2KeFKbtbj7" />
    <property name="java.vm.compressedOopsMode" value="Zero based" />
    <property name="os.version" value="4.15.0-1028-gcp" />
    <property name="user.home" value="/home/travis" />
    <property name="java.vm.vendor" value="Oracle Corporation" />
    <property name="env.TRAVIS_TAG" value="nightly" />
    <property name="env.ANSI_YELLOW" value="\033[33;1m" />
    <property name="env.TRAVIS_FILTERED" value="redirect_io" />
    <property name="env.ANSI_GREEN" value="\033[32;1m" />
    <property name="env.JAVA_HOME" value="/usr/local/lib/jvm/openjdk11" />
    <property name="javadoc.excludepackagenames" value="adm.cvs2svn.*,build.*,config.*,doc.coding.templates.*,jni.test.jni.meaningOfLife.*,jni.test.jni.testDeux.*,jni.test.jni.testTrois.*,org.terraswarm.accessor.accessors.web.node_modules.*,org.terraswarm.accessor.accessors.web.hosts.cordova.demo.*,org.terraswarm.accessor.accessors.web.hosts.cordova.plugins.*,org.terraswarm.accessor.accessors-svn.*,pt-modules.*,ptolemy.apps.agilent.*,ptolemy.apps.anytimecontrol.*,ptolemy.apps.apes.*,ptolemy.apps.charon.*,ptolemy.apps.crazyboard.*,ptolemy.apps.eclipse.*,ptolemy.apps.etherealSting.*,ptolemy.apps.fullscreen.*,ptolemy.apps.giotto.*,ptolemy.apps.ia.*,ptolemy.apps.interfaces.*,ptolemy.apps.jmf.*,ptolemy.apps.kurt.*,ptolemy.apps.kvm.*,ptolemy.apps.lego.*,ptolemy.apps.lejos.*,ptolemy.apps.midp.*,ptolemy.apps.mobileCoding.*,ptolemy.apps.pendulum.*,ptolemy.apps.rijndael.*,ptolemy.apps.robot.*,ptolemy.apps.security.*,ptolemy.apps.sobel.*,ptolemy.apps.soot.*,ptolemy.apps.throttle.*,ptolemy.apps.tini.*,ptolemy.apps.transmission.*,ptolemy.apps.vergil.*,ptolemy.apps.waba.*,ptolemy.apps.websensor.*,ptolemy.apps.webstart.*,ptolemy.apps.xsl.*,ptolemy.apps.zaurus.*,ptolemy.codegen.c.actor.lib.oldJavaFiles.*,ptolemy.codegen.dsp.lib.*,ptolemy.codegen.kernel.newInterfaces.*,ptolemy.codegen.lib.*,ptolemy.copernicus.kernel.fragment.*,ptolemy.copernicus.shallow.cg.*,ptolemy.domains.giotto.demo.Hierarchy.Hierarchy.*,ptolemy.domains.giotto.demo.Multimode.Multimode.*,ptolemy.domains.giotto.demo.Simple.Simple.*,ptolemy.domains.gr.lib.experimental.*,ptolemy.domains.gro.*,ptolemy.domains.pdf.*,ptolemy.domains.ptinyos.demo.Surge.output.*,ptolemy.moml.test.NoPackageActor.java*,ptolemy.plot.adm.*,ptolemy.plot.servlet.*,reports.*,signed.*,src.*,target.*,vendors.*,ptolemy.copernicus.applet.*,ptolemy.media.viewer.*,ptolemy.actor.corba.*,doc.doclets.*,ptolemy.apps.eclipse.awt.*,ptolemy.backtrack.*,ptolemy.backtrack.ast.*,ptolemy.cg.adapter.generic.program.procedural.c.mbed*,ptolemy.homer.*,ptolemy.actor.lib.jai.*,org.ptolemy.scala.*,diva.util.java2d.svg.*,ptolemy.domains.ptinyos.*,ptolemy.actor.lib.fmi.fmipp.*,,org.terraswarm.accessor.accessors.web.node_modules.*,org.terraswarm.accessor.accessors-svn,ptolemy.apps.*,ptolemy.actor.ptalon.demo.ptinyos.SendAndReceiveCnt.output,ptolemy.actor.ptalon.demo.ptinyos.SenseToLeds.output,ptolemy.domains.ptinyos.demo.CntToLedsAndRfm.output,ptolemy.domains.ptinyos.demo.RfmToLeds.output,ptolemy.domains.ptinyos.demo.SendAndReceiveCnt.output,ptolemy.domains.ptinyos.demo.SenseToLeds.output,ptolemy.actor.lib.jjs.modules.udpSocket.*" />
    <property name="env.PTII" value="/home/travis/build/icyphy/ptII" />
    <property name="env.XDG_SESSION_ID" value="2" />
    <property name="keystore" value="ptKeystore" />
    <property name="env.TRAVIS_COMMIT_MESSAGE" value="No longer display top output." />
    <property name="junit.output.dir" value="/home/travis/build/icyphy/ptII/reports/junit" />
    <property name="npm.return.code" value="0" />
    <property name="user.dir" value="/home/travis/build/icyphy/ptII/ptolemy/actor/lib/test" />
    <property name="env.TRAVIS_NODE_VERSION" value="7" />
    <property name="env.TRAVIS_EVENT_TYPE" value="cron" />
    <property name="env.MAIL" value="/var/mail/travis" />
    <property name="env.PERLBREW_ROOT" value="/home/travis/perl5/perlbrew" />
    <property name="env.PWD" value="/home/travis/build/icyphy/ptII" />
    <property name="timeout.npm" value="45000" />
    <property name="env.TRAVIS_ARCH" value="amd64" />
    <property name="sun.cpu.endian" value="little" />
    <property name="env.PAGER" value="cat" />
    <property name="env.TRAVIS_BUILD_STAGE_NAME" value="Test" />
    <property name="env.PERLBREW_HOME" value="/home/travis/.perlbrew" />
    <property name="java.vm.version" value="11.0.2+9" />
    <property name="env.RAILS_ENV" value="test" />
    <property name="java.class.path" value="/home/travis/.ptolemyII:/home/travis/.ptolemyII/*:/home/travis/build/icyphy/ptII:/home/travis/build/icyphy/ptII/lib/bsh-2.0b4.jar:/home/travis/build/icyphy/ptII/lib/ptCal.jar:/home/travis/build/icyphy/ptII/lib/java_cup.jar:/home/travis/build/icyphy/ptII/lib/saxon8.jar:/home/travis/build/icyphy/ptII/lib/saxon8-dom.jar:/home/travis/build/icyphy/ptII/lib/chic.jar:/home/travis/build/icyphy/ptII/lib/ptcolt.jar:/home/travis/build/icyphy/ptII/vendors/misc/itext/iText.jar:/home/travis/build/icyphy/ptII/lib/g4ltl.jar:/home/travis/build/icyphy/ptII/lib/StructuralCoder.jar:/home/travis/build/icyphy/ptII/lib/jcerti.jar:/home/travis/build/icyphy/ptII/lib/javax.mail.jar:/home/travis/build/icyphy/ptII/vendors/JMF-2.1.1e/lib/jmf.jar:/home/travis/build/icyphy/ptII/lib/jna-4.0.0-variadic.jar:/home/travis/build/icyphy/ptII/vendors/misc/joystick/Joystick.jar:/home/travis/build/icyphy/ptII/lib/ptjacl.jar:/home/travis/build/icyphy/ptII/lib/jsoup-1.8.2.jar:/home/travis/build/icyphy/ptII/lib/junit-4.8.2.jar:/home/travis/build/icyphy/ptII/lib/JUnitParams-0.4.0.jar:/home/travis/build/icyphy/ptII/ptolemy/actor/lib/excel/jxl.jar:/home/travis/build/icyphy/ptII/lib/jython.jar:/home/travis/build/icyphy/ptII/lib/kieler.jar:/home/travis/build/icyphy/ptII/vendors/opencv/share/OpenCV/java/opencv-341.jar:/home/travis/build/icyphy/ptII/lib/oscP5.jar:/home/travis/build/icyphy/ptII/lib/nrjavaserial-3.11.0.devel.jar:/home/travis/build/icyphy/ptII/vendors/j3d/lib/Linux/j3dcore.jar:/home/travis/build/icyphy/ptII/vendors/j3d/lib/Linux/j3dutils.jar:/home/travis/build/icyphy/ptII/vendors/j3d/lib/Linux/vecmath.jar:/home/travis/build/icyphy/ptII/vendors/jogl/lib/Linux/gluegen-rt-natives-linux-amd64.jar:/home/travis/build/icyphy/ptII/vendors/jogl/lib/Linux/gluegen-rt.jar:/home/travis/build/icyphy/ptII/vendors/jogl/lib/Linux/jogl-all-natives-linux-amd64.jar:/home/travis/build/icyphy/ptII/vendors/jogl/lib/Linux/jogl-all.jar:/home/travis/build/icyphy/ptII/ptolemy/distributed/jini/jar/jini-core.jar:/home/travis/build/icyphy/ptII/ptolemy/distributed/jini/jar/jini-ext.jar:/home/travis/build/icyphy/ptII/ptolemy/distributed/jini/jar/sun-util.jar:/home/travis/build/icyphy/ptII/lib/protobuf-java-2.4.1.jar:/home/travis/build/icyphy/ptII/lib/org.eclipse.paho.client.mqttv3.jar:/home/travis/build/icyphy/ptII/lib/mapss.jar:/home/travis/build/icyphy/ptII/ptolemy/actor/ptalon/antlr/antlr.jar:/home/travis/build/icyphy/ptII/lib/JRI.jar:/home/travis/build/icyphy/ptII/lib/commons-lang-2.6.jar:/home/travis/build/icyphy/ptII/lib/commons-logging-1.1.1.jar:/home/travis/build/icyphy/ptII/lib/sootclasses.jar:/home/travis/build/icyphy/ptII/ptolemy/actor/lib/database/mysql-connector-java-5.1.6-bin.jar:/home/travis/build/icyphy/ptII/vendors/misc/sphinx4/sphinx4-data-5prealpha.jar:/home/travis/build/icyphy/ptII/vendors/misc/sphinx4/sphinx4-core-5prealpha.jar:/home/travis/build/icyphy/ptII/lib/PDFRenderer.jar:/home/travis/build/icyphy/ptII/lib/svgSalamander.jar:/home/travis/build/icyphy/ptII/lib/rsyntaxtextarea-2.6.0-SNAPSHOT.jar:/home/travis/build/icyphy/ptII/lib/hazelcast-3.8.2.jar:/home/travis/build/icyphy/ptII/lib/jackson-annotations-2.9.0.jar:/home/travis/build/icyphy/ptII/lib/jackson-core-2.9.3.jar:/home/travis/build/icyphy/ptII/lib/jackson-databind-2.9.3.jar:/home/travis/build/icyphy/ptII/lib/netty-buffer-4.1.19.Final.jar:/home/travis/build/icyphy/ptII/lib/netty-codec-4.1.19.Final.jar:/home/travis/build/icyphy/ptII/lib/netty-codec-dns-4.1.19.Final.jar:/home/travis/build/icyphy/ptII/lib/netty-codec-http-4.1.19.Final.jar:/home/travis/build/icyphy/ptII/lib/netty-codec-http2-4.1.19.Final.jar:/home/travis/build/icyphy/ptII/lib/netty-common-4.1.19.Final.jar:/home/travis/build/icyphy/ptII/lib/netty-handler-4.1.19.Final.jar:/home/travis/build/icyphy/ptII/lib/netty-resolver-4.1.19.Final.jar:/home/travis/build/icyphy/ptII/lib/netty-resolver-dns-4.1.19.Final.jar:/home/travis/build/icyphy/ptII/lib/netty-transport-4.1.19.Final.jar:/home/travis/build/icyphy/ptII/lib/vertx-codegen-3.5.1.jar:/home/travis/build/icyphy/ptII/lib/vertx-core-3.5.2-SNAPSHOT.jar:/home/travis/build/icyphy/ptII/lib/vertx-hazelcast-3.5.1.jar:/home/travis/build/icyphy/ptII/lib/vertx-lang-js-3.5.1.jar:/home/travis/build/icyphy/ptII/lib/vertx-service-proxy-3.5.1.jar:/home/travis/build/icyphy/ptII/lib/vertx-web-3.5.1.jar:/home/travis/build/icyphy/ptII/lib/slf4j-api-1.7.13.jar:/home/travis/build/icyphy/ptII/lib/slf4j-simple-1.7.13.jar:/home/travis/build/icyphy/ptII/lib/webcam-capture-0.3.12.jar:/home/travis/build/icyphy/ptII/lib/bridj-0.7.0.jar:/home/travis/build/icyphy/ptII/lib/xbjlib-1.1.0.nrjavaserial.jar:/home/travis/build/icyphy/ptII/ptolemy/moml/test:/home/travis/build/icyphy/ptII/ant/lib/ant-launcher.jar:/home/travis/build/icyphy/ptII/ant/lib/ant.jar:/home/travis/build/icyphy/ptII/ant/lib/ant-junit.jar:/home/travis/build/icyphy/ptII/ant/lib/ant-junit4.jar" />
    <property name="ant.library.dir" value="/home/travis/build/icyphy/ptII/ant/lib" />
    <property name="os.arch" value="amd64" />
    <property name="env.CONTINUOUS_INTEGRATION" value="true" />
    <property name="env.TRAVIS_LANGUAGE" value="node_js" />
    <property name="env.TRAVIS_STACK_LANGUAGES" value="__sardonyx__ c c++ clojure cplusplus cpp default generic go groovy java node_js php pure_java python ruby scala" />
    <property name="test.name" value="ptolemy.actor.lib.test.junit.JUnitTclTest" />
    <property name="env.APT_KEY_DONT_WARN_ON_DANGEROUS_USAGE" value="1" />
    <property name="sun.java.launcher" value="SUN_STANDARD" />
    <property name="env.PYTHON_CONFIGURE_OPTS" value="--enable-unicode=ucs4 --with-wide-unicode --enable-shared --enable-ipv6 --enable-loadable-sqlite-extensions --with-computed-gotos" />
    <property name="ant.core.lib" value="/home/travis/build/icyphy/ptII/ant/lib/ant.jar" />
    <property name="java.vm.specification.vendor" value="Oracle Corporation" />
    <property name="env.BCVTB_HOME" value="/home/travis/build/icyphy/ptII/lbnl" />
    <property name="file.separator" value="/" />
    <property name="spotbugs.home" value="/home/travis/build/icyphy/ptII/vendors/spotbugs-3.1.1" />
    <property name="java.runtime.version" value="11.0.2+9" />
    <property name="env.ANSI_CLEAR" value="\033[0K" />
    <property name="javafx.verbose" value="true" />
    <property name="env.HAS_JOSH_K_SEAL_OF_APPROVAL" value="true" />
    <property name="env.XDG_RUNTIME_DIR" value="/run/user/2000" />
    <property name="env.TRAVIS_OSX_IMAGE" value="" />
    <property name="env.TRAVIS_JOB_ID" value="566788839" />
    <property name="env.TRAVIS_BRANCH" value="master" />
    <property name="user.country" value="US" />
    <property name="env.CERTI_HOME_TRAVIS" value="/home/travis/pthla/certi-tools" />
    <property name="env.SHELL" value="/bin/bash" />
    <property name="java.maxmemory.large" value="3200m" />
    <property name="model" value="" />
    <property name="env.CASHER_DIR" value="/home/travis/.casher" />
    <property name="env.NVM_CD_FLAGS" value="" />
    <property name="java.vendor.version" value="18.9" />
    <property name="jshint.executable" value="/home/travis/node_modules/jshint/bin/jshint" />
    <property name="env.JRUBY_OPTS" value=" --client -J-XX:+TieredCompilation -J-XX:TieredStopAtLevel=1 -J-Xss2m -Xcompile.invokedynamic=false" />
    <property name="java.vendor" value="Oracle Corporation" />
    <property name="env.TRAVIS_PRE_CHEF_BOOTSTRAP_TIME" value="2019-03-25T16:16:42" />
    <property name="env.TRAVIS_STACK_JOB_BOARD_REGISTER" value="/.job-board-register.yml" />
    <property name="env.ANSI_RED" value="\033[31;1m" />
    <property name="java.specification.version" value="11" />
    <property name="env.IRBRC" value="/home/travis/.rvm/rubies/ruby-2.5.3/.irbrc" />
    <property name="env.TRAVIS" value="true" />
    <property name="sun.arch.data.model" value="64" />
  </properties>
  <testcase classname="ptolemy.util.test.junit.TclTests" name="[0] /home/travis/build/icyphy/ptII/ptolemy/actor/lib/test/AbsoluteValue.tcl (RunTclFile)" time="0.618" />
  <testcase classname="ptolemy.util.test.junit.TclTests" name="[1] /home/travis/build/icyphy/ptII/ptolemy/actor/lib/test/AddSubtract.tcl (RunTclFile)" time="0.179" />
  <testcase classname="ptolemy.util.test.junit.TclTests" name="[2] /home/travis/build/icyphy/ptII/ptolemy/actor/lib/test/Average.tcl (RunTclFile)" time="0.081" />
  <testcase classname="ptolemy.util.test.junit.TclTests" name="[3] /home/travis/build/icyphy/ptII/ptolemy/actor/lib/test/Bernoulli.tcl (RunTclFile)" time="0.054" />
  <testcase classname="ptolemy.util.test.junit.TclTests" name="[4] /home/travis/build/icyphy/ptII/ptolemy/actor/lib/test/Clock.tcl (RunTclFile)" time="0.122" />
  <testcase classname="ptolemy.util.test.junit.TclTests" name="[5] /home/travis/build/icyphy/ptII/ptolemy/actor/lib/test/Commutator.tcl (RunTclFile)" time="0.191" />
  <testcase classname="ptolemy.util.test.junit.TclTests" name="[6] /home/travis/build/icyphy/ptII/ptolemy/actor/lib/test/Const.tcl (RunTclFile)" time="0.111" />
  <testcase classname="ptolemy.util.test.junit.TclTests" name="[7] /home/travis/build/icyphy/ptII/ptolemy/actor/lib/test/CurrentTime.tcl (RunTclFile)" time="0.051" />
  <testcase classname="ptolemy.util.test.junit.TclTests" name="[8] /home/travis/build/icyphy/ptII/ptolemy/actor/lib/test/DB.tcl (RunTclFile)" time="0.075" />
  <testcase classname="ptolemy.util.test.junit.TclTests" name="[9] /home/travis/build/icyphy/ptII/ptolemy/actor/lib/test/DiscreteRandomSource.tcl (RunTclFile)" time="0.024" />
  <testcase classname="ptolemy.util.test.junit.TclTests" name="[10] /home/travis/build/icyphy/ptII/ptolemy/actor/lib/test/Distributor.tcl (RunTclFile)" time="0.045" />
  <testcase classname="ptolemy.util.test.junit.TclTests" name="[11] /home/travis/build/icyphy/ptII/ptolemy/actor/lib/test/Exit.tcl (RunTclFile)" time="0.093" />
  <testcase classname="ptolemy.util.test.junit.TclTests" name="[12] /home/travis/build/icyphy/ptII/ptolemy/actor/lib/test/Expression.tcl (RunTclFile)" time="0.151" />
  <testcase classname="ptolemy.util.test.junit.TclTests" name="[13] /home/travis/build/icyphy/ptII/ptolemy/actor/lib/test/Gaussian.tcl (RunTclFile)" time="0.708" />
  <testcase classname="ptolemy.util.test.junit.TclTests" name="[14] /home/travis/build/icyphy/ptII/ptolemy/actor/lib/test/IIR.tcl (RunTclFile)" time="0.03" />
  <testcase classname="ptolemy.util.test.junit.TclTests" name="[15] /home/travis/build/icyphy/ptII/ptolemy/actor/lib/test/Interpolator.tcl (RunTclFile)" time="0.124" />
  <testcase classname="ptolemy.util.test.junit.TclTests" name="[16] /home/travis/build/icyphy/ptII/ptolemy/actor/lib/test/MathFunction.tcl (RunTclFile)" time="0.052" />
  <testcase classname="ptolemy.util.test.junit.TclTests" name="[17] /home/travis/build/icyphy/ptII/ptolemy/actor/lib/test/Maximum.tcl (RunTclFile)" time="0.048" />
  <testcase classname="ptolemy.util.test.junit.TclTests" name="[18] /home/travis/build/icyphy/ptII/ptolemy/actor/lib/test/Minimum.tcl (RunTclFile)" time="0.032" />
  <testcase classname="ptolemy.util.test.junit.TclTests" name="[19] /home/travis/build/icyphy/ptII/ptolemy/actor/lib/test/MultiplyDivide.tcl (RunTclFile)" time="0.048" />
  <testcase classname="ptolemy.util.test.junit.TclTests" name="[20] /home/travis/build/icyphy/ptII/ptolemy/actor/lib/test/OrderedMerge.tcl (RunTclFile)" time="0.161" />
  <testcase classname="ptolemy.util.test.junit.TclTests" name="[21] /home/travis/build/icyphy/ptII/ptolemy/actor/lib/test/Publisher.tcl (RunTclFile)" time="0.908" />
  <testcase classname="ptolemy.util.test.junit.TclTests" name="[22] /home/travis/build/icyphy/ptII/ptolemy/actor/lib/test/Pulse.tcl (RunTclFile)" time="0.04" />
  <testcase classname="ptolemy.util.test.junit.TclTests" name="[23] /home/travis/build/icyphy/ptII/ptolemy/actor/lib/test/Ramp.tcl (RunTclFile)" time="2.465" />
  <testcase classname="ptolemy.util.test.junit.TclTests" name="[24] /home/travis/build/icyphy/ptII/ptolemy/actor/lib/test/RampContinuous.tcl (RunTclFile)" time="0.018" />
  <testcase classname="ptolemy.util.test.junit.TclTests" name="[25] /home/travis/build/icyphy/ptII/ptolemy/actor/lib/test/RecordAssembler.tcl (RunTclFile)" time="0.02" />
  <testcase classname="ptolemy.util.test.junit.TclTests" name="[26] /home/travis/build/icyphy/ptII/ptolemy/actor/lib/test/RecordDisassembler.tcl (RunTclFile)" time="0.048" />
  <testcase classname="ptolemy.util.test.junit.TclTests" name="[27] /home/travis/build/icyphy/ptII/ptolemy/actor/lib/test/Scale.tcl (RunTclFile)" time="0.049" />
  <testcase classname="ptolemy.util.test.junit.TclTests" name="[28] /home/travis/build/icyphy/ptII/ptolemy/actor/lib/test/SequentialClock.tcl (RunTclFile)" time="0.018" />
  <testcase classname="ptolemy.util.test.junit.TclTests" name="[29] /home/travis/build/icyphy/ptII/ptolemy/actor/lib/test/SetVariable.tcl (RunTclFile)" time="0.04">
    <failure message="Number of failed tests is has increased. expected:&lt;0&gt; but was:&lt;1&gt;" type="junit.framework.AssertionFailedError">junit.framework.AssertionFailedError: Number of failed tests is has increased. expected:&lt;0&gt; but was:&lt;1&gt;
	at ptolemy.util.test.junit.TclTests.RunTclFile(TclTests.java:286)
	at jdk.internal.reflect.GeneratedMethodAccessor19.invoke(Unknown Source)
	at java.base/jdk.internal.reflect.DelegatingMethodAccessorImpl.invoke(DelegatingMethodAccessorImpl.java:43)
	at junitparams.internal.InvokeParameterisedMethod.evaluate(InvokeParameterisedMethod.java:102)
	at junitparams.internal.ParameterisedTestMethodRunner.runMethodInvoker(ParameterisedTestMethodRunner.java:47)
	at junitparams.internal.ParameterisedTestMethodRunner.runTestMethod(ParameterisedTestMethodRunner.java:41)
	at junitparams.internal.ParameterisedTestClassRunner.runParameterisedTest(ParameterisedTestClassRunner.java:143)
	at junitparams.JUnitParamsRunner.runChild(JUnitParamsRunner.java:237)
	at junitparams.JUnitParamsRunner.runChild(JUnitParamsRunner.java:215)
</failure>
  </testcase>
  <testcase classname="ptolemy.util.test.junit.TclTests" name="[30] /home/travis/build/icyphy/ptII/ptolemy/actor/lib/test/Sinewave.tcl (RunTclFile)" time="0.057" />
  <testcase classname="ptolemy.util.test.junit.TclTests" name="[31] /home/travis/build/icyphy/ptII/ptolemy/actor/lib/test/SubscriptionAggregator.tcl (RunTclFile)" time="2.401" />
  <testcase classname="ptolemy.util.test.junit.TclTests" name="[32] /home/travis/build/icyphy/ptII/ptolemy/actor/lib/test/Test.tcl (RunTclFile)" time="0.143" />
  <testcase classname="ptolemy.util.test.junit.TclTests" name="[33] /home/travis/build/icyphy/ptII/ptolemy/actor/lib/test/TestExceptionHandler.tcl (RunTclFile)" time="0.015" />
  <testcase classname="ptolemy.util.test.junit.TclTests" name="[34] /home/travis/build/icyphy/ptII/ptolemy/actor/lib/test/UnionDisassembler.tcl (RunTclFile)" time="0.081" />
  <testcase classname="ptolemy.util.test.junit.TclTests" name="[35] /home/travis/build/icyphy/ptII/ptolemy/actor/lib/test/VariableClock.tcl (RunTclFile)" time="0.033" />
  <testcase classname="ptolemy.util.test.junit.AutoKnownFailedTests" name="[0] /home/travis/build/icyphy/ptII/ptolemy/actor/lib/test/auto/knownFailedTests/PublisherPortToplevelSubscriber.xml (RunModel)" time="0.031" />
  <testcase classname="ptolemy.util.test.junit.AutoKnownFailedTests" name="[1] /home/travis/build/icyphy/ptII/ptolemy/actor/lib/test/auto/knownFailedTests/PublisherSubscriberPortToplevel.xml (RunModel)" time="0.021" />
  <testcase classname="ptolemy.util.test.junit.AutoKnownFailedTests" name="[2] /home/travis/build/icyphy/ptII/ptolemy/actor/lib/test/auto/knownFailedTests/PublisherSubscriptionAggregatorPort.xml (RunModel)" time="0.022" />
  <testcase classname="ptolemy.util.test.junit.AutoKnownFailedTests" name="[3] /home/travis/build/icyphy/ptII/ptolemy/actor/lib/test/auto/knownFailedTests/sizedarray3.xml (RunModel)" time="0.025" />
  <testcase classname="ptolemy.util.test.junit.AutoNameArchTests" name="[0] ThereAreNoAutoArchTests (RunModel)" time="0.005" />
  <testcase classname="ptolemy.util.test.junit.AutoTests" name="[0] /home/travis/build/icyphy/ptII/ptolemy/actor/lib/test/auto/AbsoluteValue.xml (RunModel)" time="0.115" />
  <testcase classname="ptolemy.util.test.junit.AutoTests" name="[1] /home/travis/build/icyphy/ptII/ptolemy/actor/lib/test/auto/AbsoluteValue2.xml (RunModel)" time="0.075" />
  <testcase classname="ptolemy.util.test.junit.AutoTests" name="[2] /home/travis/build/icyphy/ptII/ptolemy/actor/lib/test/auto/Accumulator.xml (RunModel)" time="0.063" />
  <testcase classname="ptolemy.util.test.junit.AutoTests" name="[3] /home/travis/build/icyphy/ptII/ptolemy/actor/lib/test/auto/Accumulator2.xml (RunModel)" time="0.053" />
  <testcase classname="ptolemy.util.test.junit.AutoTests" name="[4] /home/travis/build/icyphy/ptII/ptolemy/actor/lib/test/auto/Accumulator3.xml (RunModel)" time="0.042" />
  <testcase classname="ptolemy.util.test.junit.AutoTests" name="[5] /home/travis/build/icyphy/ptII/ptolemy/actor/lib/test/auto/ArrayAppend.xml (RunModel)" time="0.042" />
  <testcase classname="ptolemy.util.test.junit.AutoTests" name="[6] /home/travis/build/icyphy/ptII/ptolemy/actor/lib/test/auto/ArrayAppend2.xml (RunModel)" time="0.506" />
  <testcase classname="ptolemy.util.test.junit.AutoTests" name="[7] /home/travis/build/icyphy/ptII/ptolemy/actor/lib/test/auto/ArrayAppend3.xml (RunModel)" time="0.036" />
  <testcase classname="ptolemy.util.test.junit.AutoTests" name="[8] /home/travis/build/icyphy/ptII/ptolemy/actor/lib/test/auto/ArrayAppend4.xml (RunModel)" time="0.017" />
  <testcase classname="ptolemy.util.test.junit.AutoTests" name="[9] /home/travis/build/icyphy/ptII/ptolemy/actor/lib/test/auto/ArrayAppend5.xml (RunModel)" time="0.016" />
  <testcase classname="ptolemy.util.test.junit.AutoTests" name="[10] /home/travis/build/icyphy/ptII/ptolemy/actor/lib/test/auto/ArrayAppend6.xml (RunModel)" time="0.017" />
  <testcase classname="ptolemy.util.test.junit.AutoTests" name="[11] /home/travis/build/icyphy/ptII/ptolemy/actor/lib/test/auto/ArrayAppendPerformanceTest.xml (RunModel)" time="0.051" />
  <testcase classname="ptolemy.util.test.junit.AutoTests" name="[12] /home/travis/build/icyphy/ptII/ptolemy/actor/lib/test/auto/ArrayAppendWithEmptyInput.xml (RunModel)" time="0.044" />
  <testcase classname="ptolemy.util.test.junit.AutoTests" name="[13] /home/travis/build/icyphy/ptII/ptolemy/actor/lib/test/auto/ArrayAverage.xml (RunModel)" time="0.047" />
  <testcase classname="ptolemy.util.test.junit.AutoTests" name="[14] /home/travis/build/icyphy/ptII/ptolemy/actor/lib/test/auto/ArrayContains.xml (RunModel)" time="0.04" />
  <testcase classname="ptolemy.util.test.junit.AutoTests" name="[15] /home/travis/build/icyphy/ptII/ptolemy/actor/lib/test/auto/ArrayElement.xml (RunModel)" time="0.026" />
  <testcase classname="ptolemy.util.test.junit.AutoTests" name="[16] /home/travis/build/icyphy/ptII/ptolemy/actor/lib/test/auto/ArrayElementAsMatrix.xml (RunModel)" time="0.077" />
  <testcase classname="ptolemy.util.test.junit.AutoTests" name="[17] /home/travis/build/icyphy/ptII/ptolemy/actor/lib/test/auto/ArrayElementI.xml (RunModel)" time="0.025" />
  <testcase classname="ptolemy.util.test.junit.AutoTests" name="[18] /home/travis/build/icyphy/ptII/ptolemy/actor/lib/test/auto/ArrayExtract.xml (RunModel)" time="0.056" />
  <testcase classname="ptolemy.util.test.junit.AutoTests" name="[19] /home/travis/build/icyphy/ptII/ptolemy/actor/lib/test/auto/ArrayExtract2.xml (RunModel)" time="0.021" />
  <testcase classname="ptolemy.util.test.junit.AutoTests" name="[20] /home/travis/build/icyphy/ptII/ptolemy/actor/lib/test/auto/ArrayLength.xml (RunModel)" time="0.029" />
  <testcase classname="ptolemy.util.test.junit.AutoTests" name="[21] /home/travis/build/icyphy/ptII/ptolemy/actor/lib/test/auto/ArrayLevelCrossing.xml (RunModel)" time="0.035" />
  <testcase classname="ptolemy.util.test.junit.AutoTests" name="[22] /home/travis/build/icyphy/ptII/ptolemy/actor/lib/test/auto/ArrayLevelCrossing2.xml (RunModel)" time="0.031" />
  <testcase classname="ptolemy.util.test.junit.AutoTests" name="[23] /home/travis/build/icyphy/ptII/ptolemy/actor/lib/test/auto/ArrayPeakSearch.xml (RunModel)" time="0.05" />
  <testcase classname="ptolemy.util.test.junit.AutoTests" name="[24] /home/travis/build/icyphy/ptII/ptolemy/actor/lib/test/auto/ArrayPeakSearch2.xml (RunModel)" time="0.049" />
  <testcase classname="ptolemy.util.test.junit.AutoTests" name="[25] /home/travis/build/icyphy/ptII/ptolemy/actor/lib/test/auto/ArrayPeakSearch3.xml (RunModel)" time="0.044" />
  <testcase classname="ptolemy.util.test.junit.AutoTests" name="[26] /home/travis/build/icyphy/ptII/ptolemy/actor/lib/test/auto/ArrayRemoveElement.xml (RunModel)" time="0.041" />
  <testcase classname="ptolemy.util.test.junit.AutoTests" name="[27] /home/travis/build/icyphy/ptII/ptolemy/actor/lib/test/auto/ArraySort.xml (RunModel)" time="0.043" />
  <testcase classname="ptolemy.util.test.junit.AutoTests" name="[28] /home/travis/build/icyphy/ptII/ptolemy/actor/lib/test/auto/ArraySum.xml (RunModel)" time="0.022" />
  <testcase classname="ptolemy.util.test.junit.AutoTests" name="[29] /home/travis/build/icyphy/ptII/ptolemy/actor/lib/test/auto/ArrayToElements.xml (RunModel)" time="0.025" />
  <testcase classname="ptolemy.util.test.junit.AutoTests" name="[30] /home/travis/build/icyphy/ptII/ptolemy/actor/lib/test/auto/ArrayToMatrix.xml (RunModel)" time="0.078" />
  <testcase classname="ptolemy.util.test.junit.AutoTests" name="[31] /home/travis/build/icyphy/ptII/ptolemy/actor/lib/test/auto/ArrayUpdate1.xml (RunModel)" time="0.021" />
  <testcase classname="ptolemy.util.test.junit.AutoTests" name="[32] /home/travis/build/icyphy/ptII/ptolemy/actor/lib/test/auto/ArrayUpdate2.xml (RunModel)" time="0.029" />
  <testcase classname="ptolemy.util.test.junit.AutoTests" name="[33] /home/travis/build/icyphy/ptII/ptolemy/actor/lib/test/auto/ArrayUpdate3.xml (RunModel)" time="0.018" />
  <testcase classname="ptolemy.util.test.junit.AutoTests" name="[34] /home/travis/build/icyphy/ptII/ptolemy/actor/lib/test/auto/Assert1.xml (RunModel)" time="0.029" />
  <testcase classname="ptolemy.util.test.junit.AutoTests" name="[35] /home/travis/build/icyphy/ptII/ptolemy/actor/lib/test/auto/Assert2.xml (RunModel)" time="0.029" />
  <testcase classname="ptolemy.util.test.junit.AutoTests" name="[36] /home/travis/build/icyphy/ptII/ptolemy/actor/lib/test/auto/BooleanMultiplexor.xml (RunModel)" time="0.025" />
  <testcase classname="ptolemy.util.test.junit.AutoTests" name="[37] /home/travis/build/icyphy/ptII/ptolemy/actor/lib/test/auto/BooleanMultiplexor2.xml (RunModel)" time="0.02" />
  <testcase classname="ptolemy.util.test.junit.AutoTests" name="[38] /home/travis/build/icyphy/ptII/ptolemy/actor/lib/test/auto/BooleanMultiplexor3.xml (RunModel)" time="0.025" />
  <testcase classname="ptolemy.util.test.junit.AutoTests" name="[39] /home/travis/build/icyphy/ptII/ptolemy/actor/lib/test/auto/BooleanSelect.xml (RunModel)" time="0.03" />
  <testcase classname="ptolemy.util.test.junit.AutoTests" name="[40] /home/travis/build/icyphy/ptII/ptolemy/actor/lib/test/auto/BooleanSelect2.xml (RunModel)" time="0.018" />
  <testcase classname="ptolemy.util.test.junit.AutoTests" name="[41] /home/travis/build/icyphy/ptII/ptolemy/actor/lib/test/auto/BooleanSwitch.xml (RunModel)" time="0.023" />
  <testcase classname="ptolemy.util.test.junit.AutoTests" name="[42] /home/travis/build/icyphy/ptII/ptolemy/actor/lib/test/auto/BooleanSwitch2.xml (RunModel)" time="0.016" />
  <testcase classname="ptolemy.util.test.junit.AutoTests" name="[43] /home/travis/build/icyphy/ptII/ptolemy/actor/lib/test/auto/BooleanSwitchCloningBugWithClassRelationGroup.xml (RunModel)" time="0.035" />
  <testcase classname="ptolemy.util.test.junit.AutoTests" name="[44] /home/travis/build/icyphy/ptII/ptolemy/actor/lib/test/auto/BusActors.xml (RunModel)" time="0.04" />
  <testcase classname="ptolemy.util.test.junit.AutoTests" name="[45] /home/travis/build/icyphy/ptII/ptolemy/actor/lib/test/auto/ClassWrapper.xml (RunModel)" time="0.026" />
  <testcase classname="ptolemy.util.test.junit.AutoTests" name="[46] /home/travis/build/icyphy/ptII/ptolemy/actor/lib/test/auto/Clock.xml (RunModel)" time="0.01" />
  <testcase classname="ptolemy.util.test.junit.AutoTests" name="[47] /home/travis/build/icyphy/ptII/ptolemy/actor/lib/test/auto/Clock10.xml (RunModel)" time="0.03" />
  <testcase classname="ptolemy.util.test.junit.AutoTests" name="[48] /home/travis/build/icyphy/ptII/ptolemy/actor/lib/test/auto/Clock11.xml (RunModel)" time="0.023" />
  <testcase classname="ptolemy.util.test.junit.AutoTests" name="[49] /home/travis/build/icyphy/ptII/ptolemy/actor/lib/test/auto/Clock12.xml (RunModel)" time="0.021" />
  <testcase classname="ptolemy.util.test.junit.AutoTests" name="[50] /home/travis/build/icyphy/ptII/ptolemy/actor/lib/test/auto/Clock13.xml (RunModel)" time="0.02" />
  <testcase classname="ptolemy.util.test.junit.AutoTests" name="[51] /home/travis/build/icyphy/ptII/ptolemy/actor/lib/test/auto/Clock14.xml (RunModel)" time="0.019" />
  <testcase classname="ptolemy.util.test.junit.AutoTests" name="[52] /home/travis/build/icyphy/ptII/ptolemy/actor/lib/test/auto/Clock15.xml (RunModel)" time="0.015" />
  <testcase classname="ptolemy.util.test.junit.AutoTests" name="[53] /home/travis/build/icyphy/ptII/ptolemy/actor/lib/test/auto/Clock16.xml (RunModel)" time="0.114" />
  <testcase classname="ptolemy.util.test.junit.AutoTests" name="[54] /home/travis/build/icyphy/ptII/ptolemy/actor/lib/test/auto/Clock17.xml (RunModel)" time="0.075" />
  <testcase classname="ptolemy.util.test.junit.AutoTests" name="[55] /home/travis/build/icyphy/ptII/ptolemy/actor/lib/test/auto/Clock18.xml (RunModel)" time="0.037" />
  <testcase classname="ptolemy.util.test.junit.AutoTests" name="[56] /home/travis/build/icyphy/ptII/ptolemy/actor/lib/test/auto/Clock19.xml (RunModel)" time="0.036" />
  <testcase classname="ptolemy.util.test.junit.AutoTests" name="[57] /home/travis/build/icyphy/ptII/ptolemy/actor/lib/test/auto/Clock2.xml (RunModel)" time="0.011" />
  <testcase classname="ptolemy.util.test.junit.AutoTests" name="[58] /home/travis/build/icyphy/ptII/ptolemy/actor/lib/test/auto/Clock20.xml (RunModel)" time="0.017" />
  <testcase classname="ptolemy.util.test.junit.AutoTests" name="[59] /home/travis/build/icyphy/ptII/ptolemy/actor/lib/test/auto/Clock21.xml (RunModel)" time="0.014" />
  <testcase classname="ptolemy.util.test.junit.AutoTests" name="[60] /home/travis/build/icyphy/ptII/ptolemy/actor/lib/test/auto/Clock22.xml (RunModel)" time="0.017" />
  <testcase classname="ptolemy.util.test.junit.AutoTests" name="[61] /home/travis/build/icyphy/ptII/ptolemy/actor/lib/test/auto/Clock23.xml (RunModel)" time="0.014" />
  <testcase classname="ptolemy.util.test.junit.AutoTests" name="[62] /home/travis/build/icyphy/ptII/ptolemy/actor/lib/test/auto/Clock24.xml (RunModel)" time="0.017" />
  <testcase classname="ptolemy.util.test.junit.AutoTests" name="[63] /home/travis/build/icyphy/ptII/ptolemy/actor/lib/test/auto/Clock4.xml (RunModel)" time="0.01" />
  <testcase classname="ptolemy.util.test.junit.AutoTests" name="[64] /home/travis/build/icyphy/ptII/ptolemy/actor/lib/test/auto/Clock5.xml (RunModel)" time="0.011" />
  <testcase classname="ptolemy.util.test.junit.AutoTests" name="[65] /home/travis/build/icyphy/ptII/ptolemy/actor/lib/test/auto/Clock6.xml (RunModel)" time="0.014" />
  <testcase classname="ptolemy.util.test.junit.AutoTests" name="[66] /home/travis/build/icyphy/ptII/ptolemy/actor/lib/test/auto/Clock7.xml (RunModel)" time="0.009" />
  <testcase classname="ptolemy.util.test.junit.AutoTests" name="[67] /home/travis/build/icyphy/ptII/ptolemy/actor/lib/test/auto/Clock8.xml (RunModel)" time="0.014" />
  <testcase classname="ptolemy.util.test.junit.AutoTests" name="[68] /home/travis/build/icyphy/ptII/ptolemy/actor/lib/test/auto/Clock9.xml (RunModel)" time="0.015" />
  <testcase classname="ptolemy.util.test.junit.AutoTests" name="[69] /home/travis/build/icyphy/ptII/ptolemy/actor/lib/test/auto/CommDistDiscard.xml (RunModel)" time="0.022" />
  <testcase classname="ptolemy.util.test.junit.AutoTests" name="[70] /home/travis/build/icyphy/ptII/ptolemy/actor/lib/test/auto/Commutator.xml (RunModel)" time="0.015" />
  <testcase classname="ptolemy.util.test.junit.AutoTests" name="[71] /home/travis/build/icyphy/ptII/ptolemy/actor/lib/test/auto/Commutator2.xml (RunModel)" time="0.009" />
  <testcase classname="ptolemy.util.test.junit.AutoTests" name="[72] /home/travis/build/icyphy/ptII/ptolemy/actor/lib/test/auto/Commutator3.xml (RunModel)" time="0.012" />
  <testcase classname="ptolemy.util.test.junit.AutoTests" name="[73] /home/travis/build/icyphy/ptII/ptolemy/actor/lib/test/auto/Compare.xml (RunModel)" time="0.019" />
  <testcase classname="ptolemy.util.test.junit.AutoTests" name="[74] /home/travis/build/icyphy/ptII/ptolemy/actor/lib/test/auto/CompareDE.xml (RunModel)" time="0.019" />
  <testcase classname="ptolemy.util.test.junit.AutoTests" name="[75] /home/travis/build/icyphy/ptII/ptolemy/actor/lib/test/auto/ComplexDivide.xml (RunModel)" time="0.008" />
  <testcase classname="ptolemy.util.test.junit.AutoTests" name="[76] /home/travis/build/icyphy/ptII/ptolemy/actor/lib/test/auto/ComputeHistogram.xml (RunModel)" time="0.07" />
  <testcase classname="ptolemy.util.test.junit.AutoTests" name="[77] /home/travis/build/icyphy/ptII/ptolemy/actor/lib/test/auto/ConfigurationSelect.xml (RunModel)" time="0.022" />
  <testcase classname="ptolemy.util.test.junit.AutoTests" name="[78] /home/travis/build/icyphy/ptII/ptolemy/actor/lib/test/auto/ConfigurationSelect2.xml (RunModel)" time="0.015" />
  <testcase classname="ptolemy.util.test.junit.AutoTests" name="[79] /home/travis/build/icyphy/ptII/ptolemy/actor/lib/test/auto/ConfigurationSwitch.xml (RunModel)" time="0.021" />
  <testcase classname="ptolemy.util.test.junit.AutoTests" name="[80] /home/travis/build/icyphy/ptII/ptolemy/actor/lib/test/auto/ConfigurationSwitch2.xml (RunModel)" time="0.026" />
  <testcase classname="ptolemy.util.test.junit.AutoTests" name="[81] /home/travis/build/icyphy/ptII/ptolemy/actor/lib/test/auto/ConfigurationSwitchCloningBugWithClassRelationGroup.xml (RunModel)" time="0.033" />
  <testcase classname="ptolemy.util.test.junit.AutoTests" name="[82] /home/travis/build/icyphy/ptII/ptolemy/actor/lib/test/auto/ConfigurationSwitchSelectSDF.xml (RunModel)" time="0.016" />
  <testcase classname="ptolemy.util.test.junit.AutoTests" name="[83] /home/travis/build/icyphy/ptII/ptolemy/actor/lib/test/auto/ConfigurationSwitchSelectSDF2.xml (RunModel)" time="0.016" />
  <testcase classname="ptolemy.util.test.junit.AutoTests" name="[84] /home/travis/build/icyphy/ptII/ptolemy/actor/lib/test/auto/Const.xml (RunModel)" time="0.008" />
  <testcase classname="ptolemy.util.test.junit.AutoTests" name="[85] /home/travis/build/icyphy/ptII/ptolemy/actor/lib/test/auto/Const2.xml (RunModel)" time="0.009" />
  <testcase classname="ptolemy.util.test.junit.AutoTests" name="[86] /home/travis/build/icyphy/ptII/ptolemy/actor/lib/test/auto/Const3.xml (RunModel)" time="0.006" />
  <testcase classname="ptolemy.util.test.junit.AutoTests" name="[87] /home/travis/build/icyphy/ptII/ptolemy/actor/lib/test/auto/ConstantPublisherPort1.xml (RunModel)" time="0.019" />
  <testcase classname="ptolemy.util.test.junit.AutoTests" name="[88] /home/travis/build/icyphy/ptII/ptolemy/actor/lib/test/auto/ConstantPublisherPort2.xml (RunModel)" time="0.023" />
  <testcase classname="ptolemy.util.test.junit.AutoTests" name="[89] /home/travis/build/icyphy/ptII/ptolemy/actor/lib/test/auto/ConstantPublisherPort3.xml (RunModel)" time="0.021" />
  <testcase classname="ptolemy.util.test.junit.AutoTests" name="[90] /home/travis/build/icyphy/ptII/ptolemy/actor/lib/test/auto/ConstantPublisherPort4.xml (RunModel)" time="0.019" />
  <testcase classname="ptolemy.util.test.junit.AutoTests" name="[91] /home/travis/build/icyphy/ptII/ptolemy/actor/lib/test/auto/ConstantPublisherPort5.xml (RunModel)" time="0.048" />
  <testcase classname="ptolemy.util.test.junit.AutoTests" name="[92] /home/travis/build/icyphy/ptII/ptolemy/actor/lib/test/auto/ConstantPublisherPort6.xml (RunModel)" time="0.03" />
  <testcase classname="ptolemy.util.test.junit.AutoTests" name="[93] /home/travis/build/icyphy/ptII/ptolemy/actor/lib/test/auto/ConstantPublisherPort7.xml (RunModel)" time="0.031" />
  <testcase classname="ptolemy.util.test.junit.AutoTests" name="[94] /home/travis/build/icyphy/ptII/ptolemy/actor/lib/test/auto/ConstraintMonitor1.xml (RunModel)" time="0.044" />
  <testcase classname="ptolemy.util.test.junit.AutoTests" name="[95] /home/travis/build/icyphy/ptII/ptolemy/actor/lib/test/auto/ConstraintMonitor2.xml (RunModel)" time="0.011" />
  <testcase classname="ptolemy.util.test.junit.AutoTests" name="[96] /home/travis/build/icyphy/ptII/ptolemy/actor/lib/test/auto/ConstraintMonitor3.xml (RunModel)" time="0.014" />
  <testcase classname="ptolemy.util.test.junit.AutoTests" name="[97] /home/travis/build/icyphy/ptII/ptolemy/actor/lib/test/auto/ConstraintMonitor4.xml (RunModel)" time="0.01" />
  <testcase classname="ptolemy.util.test.junit.AutoTests" name="[98] /home/travis/build/icyphy/ptII/ptolemy/actor/lib/test/auto/ConstraintMonitor5.xml (RunModel)" time="0.011" />
  <testcase classname="ptolemy.util.test.junit.AutoTests" name="[99] /home/travis/build/icyphy/ptII/ptolemy/actor/lib/test/auto/ConstraintMonitor6.xml (RunModel)" time="0.013" />
  <testcase classname="ptolemy.util.test.junit.AutoTests" name="[100] /home/travis/build/icyphy/ptII/ptolemy/actor/lib/test/auto/ConstraintMonitor7.xml (RunModel)" time="0.016" />
  <testcase classname="ptolemy.util.test.junit.AutoTests" name="[101] /home/travis/build/icyphy/ptII/ptolemy/actor/lib/test/auto/ConstraintMonitor8.xml (RunModel)" time="0.02" />
  <testcase classname="ptolemy.util.test.junit.AutoTests" name="[102] /home/travis/build/icyphy/ptII/ptolemy/actor/lib/test/auto/Counter.xml (RunModel)" time="0.014" />
  <testcase classname="ptolemy.util.test.junit.AutoTests" name="[103] /home/travis/build/icyphy/ptII/ptolemy/actor/lib/test/auto/CurrentTimeSDF.xml (RunModel)" time="0.009" />
  <testcase classname="ptolemy.util.test.junit.AutoTests" name="[104] /home/travis/build/icyphy/ptII/ptolemy/actor/lib/test/auto/DB.xml (RunModel)" time="0.012" />
  <testcase classname="ptolemy.util.test.junit.AutoTests" name="[105] /home/travis/build/icyphy/ptII/ptolemy/actor/lib/test/auto/DBDE.xml (RunModel)" time="0.012" />
  <testcase classname="ptolemy.util.test.junit.AutoTests" name="[106] /home/travis/build/icyphy/ptII/ptolemy/actor/lib/test/auto/DateConstructor.xml (RunModel)" time="0.061" />
  <testcase classname="ptolemy.util.test.junit.AutoTests" name="[107] /home/travis/build/icyphy/ptII/ptolemy/actor/lib/test/auto/DelayTime.xml (RunModel)" time="0.018" />
  <testcase classname="ptolemy.util.test.junit.AutoTests" name="[108] /home/travis/build/icyphy/ptII/ptolemy/actor/lib/test/auto/Dictionary1.xml (RunModel)" time="0.017" />
  <testcase classname="ptolemy.util.test.junit.AutoTests" name="[109] /home/travis/build/icyphy/ptII/ptolemy/actor/lib/test/auto/Dictionary2.xml (RunModel)" time="0.015" />
  <testcase classname="ptolemy.util.test.junit.AutoTests" name="[110] /home/travis/build/icyphy/ptII/ptolemy/actor/lib/test/auto/Dictionary3.xml (RunModel)" time="0.012" />
  <testcase classname="ptolemy.util.test.junit.AutoTests" name="[111] /home/travis/build/icyphy/ptII/ptolemy/actor/lib/test/auto/Dictionary4.xml (RunModel)" time="0.019" />
  <testcase classname="ptolemy.util.test.junit.AutoTests" name="[112] /home/travis/build/icyphy/ptII/ptolemy/actor/lib/test/auto/Differential.xml (RunModel)" time="0.014" />
  <testcase classname="ptolemy.util.test.junit.AutoTests" name="[113] /home/travis/build/icyphy/ptII/ptolemy/actor/lib/test/auto/Director.xml (RunModel)" time="0.013" />
  <testcase classname="ptolemy.util.test.junit.AutoTests" name="[114] /home/travis/build/icyphy/ptII/ptolemy/actor/lib/test/auto/DiscreteClock.xml (RunModel)" time="0.01" />
  <testcase classname="ptolemy.util.test.junit.AutoTests" name="[115] /home/travis/build/icyphy/ptII/ptolemy/actor/lib/test/auto/DiscreteClock10.xml (RunModel)" time="0.012" />
  <testcase classname="ptolemy.util.test.junit.AutoTests" name="[116] /home/travis/build/icyphy/ptII/ptolemy/actor/lib/test/auto/DiscreteClock11.xml (RunModel)" time="0.013" />
  <testcase classname="ptolemy.util.test.junit.AutoTests" name="[117] /home/travis/build/icyphy/ptII/ptolemy/actor/lib/test/auto/DiscreteClock12.xml (RunModel)" time="0.016" />
  <testcase classname="ptolemy.util.test.junit.AutoTests" name="[118] /home/travis/build/icyphy/ptII/ptolemy/actor/lib/test/auto/DiscreteClock13.xml (RunModel)" time="0.018" />
  <testcase classname="ptolemy.util.test.junit.AutoTests" name="[119] /home/travis/build/icyphy/ptII/ptolemy/actor/lib/test/auto/DiscreteClock14.xml (RunModel)" time="0.017" />
  <testcase classname="ptolemy.util.test.junit.AutoTests" name="[120] /home/travis/build/icyphy/ptII/ptolemy/actor/lib/test/auto/DiscreteClock15.xml (RunModel)" time="0.013" />
  <testcase classname="ptolemy.util.test.junit.AutoTests" name="[121] /home/travis/build/icyphy/ptII/ptolemy/actor/lib/test/auto/DiscreteClock16.xml (RunModel)" time="0.051" />
  <testcase classname="ptolemy.util.test.junit.AutoTests" name="[122] /home/travis/build/icyphy/ptII/ptolemy/actor/lib/test/auto/DiscreteClock17.xml (RunModel)" time="0.051" />
  <testcase classname="ptolemy.util.test.junit.AutoTests" name="[123] /home/travis/build/icyphy/ptII/ptolemy/actor/lib/test/auto/DiscreteClock18.xml (RunModel)" time="0.049" />
  <testcase classname="ptolemy.util.test.junit.AutoTests" name="[124] /home/travis/build/icyphy/ptII/ptolemy/actor/lib/test/auto/DiscreteClock19.xml (RunModel)" time="0.051" />
  <testcase classname="ptolemy.util.test.junit.AutoTests" name="[125] /home/travis/build/icyphy/ptII/ptolemy/actor/lib/test/auto/DiscreteClock2.xml (RunModel)" time="0.011" />
  <testcase classname="ptolemy.util.test.junit.AutoTests" name="[126] /home/travis/build/icyphy/ptII/ptolemy/actor/lib/test/auto/DiscreteClock20.xml (RunModel)" time="0.02" />
  <testcase classname="ptolemy.util.test.junit.AutoTests" name="[127] /home/travis/build/icyphy/ptII/ptolemy/actor/lib/test/auto/DiscreteClock21.xml (RunModel)" time="0.018" />
  <testcase classname="ptolemy.util.test.junit.AutoTests" name="[128] /home/travis/build/icyphy/ptII/ptolemy/actor/lib/test/auto/DiscreteClock22.xml (RunModel)" time="0.016" />
  <testcase classname="ptolemy.util.test.junit.AutoTests" name="[129] /home/travis/build/icyphy/ptII/ptolemy/actor/lib/test/auto/DiscreteClock23.xml (RunModel)" time="0.022" />
  <testcase classname="ptolemy.util.test.junit.AutoTests" name="[130] /home/travis/build/icyphy/ptII/ptolemy/actor/lib/test/auto/DiscreteClock24.xml (RunModel)" time="0.015" />
  <testcase classname="ptolemy.util.test.junit.AutoTests" name="[131] /home/travis/build/icyphy/ptII/ptolemy/actor/lib/test/auto/DiscreteClock4.xml (RunModel)" time="0.013" />
  <testcase classname="ptolemy.util.test.junit.AutoTests" name="[132] /home/travis/build/icyphy/ptII/ptolemy/actor/lib/test/auto/DiscreteClock5.xml (RunModel)" time="0.01" />
  <testcase classname="ptolemy.util.test.junit.AutoTests" name="[133] /home/travis/build/icyphy/ptII/ptolemy/actor/lib/test/auto/DiscreteClock6.xml (RunModel)" time="0.012" />
  <testcase classname="ptolemy.util.test.junit.AutoTests" name="[134] /home/travis/build/icyphy/ptII/ptolemy/actor/lib/test/auto/DiscreteClock7.xml (RunModel)" time="0.011" />
  <testcase classname="ptolemy.util.test.junit.AutoTests" name="[135] /home/travis/build/icyphy/ptII/ptolemy/actor/lib/test/auto/DiscreteClock8.xml (RunModel)" time="0.024" />
  <testcase classname="ptolemy.util.test.junit.AutoTests" name="[136] /home/travis/build/icyphy/ptII/ptolemy/actor/lib/test/auto/DiscreteClock9.xml (RunModel)" time="0.015" />
  <testcase classname="ptolemy.util.test.junit.AutoTests" name="[137] /home/travis/build/icyphy/ptII/ptolemy/actor/lib/test/auto/DisplayArray.xml (RunModel)" time="0.009" />
  <testcase classname="ptolemy.util.test.junit.AutoTests" name="[138] /home/travis/build/icyphy/ptII/ptolemy/actor/lib/test/auto/Distributor.xml (RunModel)" time="0.01" />
  <testcase classname="ptolemy.util.test.junit.AutoTests" name="[139] /home/travis/build/icyphy/ptII/ptolemy/actor/lib/test/auto/Distributor2.xml (RunModel)" time="0.012" />
  <testcase classname="ptolemy.util.test.junit.AutoTests" name="[140] /home/travis/build/icyphy/ptII/ptolemy/actor/lib/test/auto/DownSample.xml (RunModel)" time="0.011" />
  <testcase classname="ptolemy.util.test.junit.AutoTests" name="[141] /home/travis/build/icyphy/ptII/ptolemy/actor/lib/test/auto/ElectronicUnitBase1.xml (RunModel)" time="0.099" />
  <testcase classname="ptolemy.util.test.junit.AutoTests" name="[142] /home/travis/build/icyphy/ptII/ptolemy/actor/lib/test/auto/ElementsToArray.xml (RunModel)" time="0.013" />
  <testcase classname="ptolemy.util.test.junit.AutoTests" name="[143] /home/travis/build/icyphy/ptII/ptolemy/actor/lib/test/auto/Equals.xml (RunModel)" time="0.016" />
  <testcase classname="ptolemy.util.test.junit.AutoTests" name="[144] /home/travis/build/icyphy/ptII/ptolemy/actor/lib/test/auto/Exec.xml (RunModel)" time="0.029" />
  <testcase classname="ptolemy.util.test.junit.AutoTests" name="[145] /home/travis/build/icyphy/ptII/ptolemy/actor/lib/test/auto/ExecEnvironment.xml (RunModel)" time="0.07" />
  <testcase classname="ptolemy.util.test.junit.AutoTests" name="[146] /home/travis/build/icyphy/ptII/ptolemy/actor/lib/test/auto/ExecNonZeroReturnOutput.xml (RunModel)" time="0.212" />
  <testcase classname="ptolemy.util.test.junit.AutoTests" name="[147] /home/travis/build/icyphy/ptII/ptolemy/actor/lib/test/auto/ExecRunDemos.xml (RunModel)" time="10.971" />
  <testcase classname="ptolemy.util.test.junit.AutoTests" name="[148] /home/travis/build/icyphy/ptII/ptolemy/actor/lib/test/auto/ExecStop.xml (RunModel)" time="5.036" />
  <testcase classname="ptolemy.util.test.junit.AutoTests" name="[149] /home/travis/build/icyphy/ptII/ptolemy/actor/lib/test/auto/ExecutionTimeSDF.xml (RunModel)" time="6.045" />
  <testcase classname="ptolemy.util.test.junit.AutoTests" name="[150] /home/travis/build/icyphy/ptII/ptolemy/actor/lib/test/auto/Expression1.xml (RunModel)" time="0.011" />
  <testcase classname="ptolemy.util.test.junit.AutoTests" name="[151] /home/travis/build/icyphy/ptII/ptolemy/actor/lib/test/auto/Expression10.xml (RunModel)" time="0.019" />
  <testcase classname="ptolemy.util.test.junit.AutoTests" name="[152] /home/travis/build/icyphy/ptII/ptolemy/actor/lib/test/auto/Expression11.xml (RunModel)" time="0.012" />
  <testcase classname="ptolemy.util.test.junit.AutoTests" name="[153] /home/travis/build/icyphy/ptII/ptolemy/actor/lib/test/auto/Expression12.xml (RunModel)" time="0.015" />
  <testcase classname="ptolemy.util.test.junit.AutoTests" name="[154] /home/travis/build/icyphy/ptII/ptolemy/actor/lib/test/auto/Expression13.xml (RunModel)" time="0.013" />
  <testcase classname="ptolemy.util.test.junit.AutoTests" name="[155] /home/travis/build/icyphy/ptII/ptolemy/actor/lib/test/auto/Expression14.xml (RunModel)" time="0.021" />
  <testcase classname="ptolemy.util.test.junit.AutoTests" name="[156] /home/travis/build/icyphy/ptII/ptolemy/actor/lib/test/auto/Expression15.xml (RunModel)" time="0.008" />
  <testcase classname="ptolemy.util.test.junit.AutoTests" name="[157] /home/travis/build/icyphy/ptII/ptolemy/actor/lib/test/auto/Expression16.xml (RunModel)" time="0.019" />
  <testcase classname="ptolemy.util.test.junit.AutoTests" name="[158] /home/travis/build/icyphy/ptII/ptolemy/actor/lib/test/auto/Expression17.xml (RunModel)" time="0.013" />
  <testcase classname="ptolemy.util.test.junit.AutoTests" name="[159] /home/travis/build/icyphy/ptII/ptolemy/actor/lib/test/auto/Expression18.xml (RunModel)" time="0.014" />
  <testcase classname="ptolemy.util.test.junit.AutoTests" name="[160] /home/travis/build/icyphy/ptII/ptolemy/actor/lib/test/auto/Expression2.xml (RunModel)" time="0.023" />
  <testcase classname="ptolemy.util.test.junit.AutoTests" name="[161] /home/travis/build/icyphy/ptII/ptolemy/actor/lib/test/auto/Expression3.xml (RunModel)" time="0.014" />
  <testcase classname="ptolemy.util.test.junit.AutoTests" name="[162] /home/travis/build/icyphy/ptII/ptolemy/actor/lib/test/auto/Expression4.xml (RunModel)" time="0.019" />
  <testcase classname="ptolemy.util.test.junit.AutoTests" name="[163] /home/travis/build/icyphy/ptII/ptolemy/actor/lib/test/auto/Expression5.xml (RunModel)" time="0.013" />
  <testcase classname="ptolemy.util.test.junit.AutoTests" name="[164] /home/travis/build/icyphy/ptII/ptolemy/actor/lib/test/auto/Expression6.xml (RunModel)" time="0.009" />
  <testcase classname="ptolemy.util.test.junit.AutoTests" name="[165] /home/travis/build/icyphy/ptII/ptolemy/actor/lib/test/auto/Expression7.xml (RunModel)" time="0.011" />
  <testcase classname="ptolemy.util.test.junit.AutoTests" name="[166] /home/travis/build/icyphy/ptII/ptolemy/actor/lib/test/auto/Expression8.xml (RunModel)" time="0.016" />
  <testcase classname="ptolemy.util.test.junit.AutoTests" name="[167] /home/travis/build/icyphy/ptII/ptolemy/actor/lib/test/auto/Expression9.xml (RunModel)" time="0.01" />
  <testcase classname="ptolemy.util.test.junit.AutoTests" name="[168] /home/travis/build/icyphy/ptII/ptolemy/actor/lib/test/auto/ExpressionConcatenateArrayType.xml (RunModel)" time="0.039" />
  <testcase classname="ptolemy.util.test.junit.AutoTests" name="[169] /home/travis/build/icyphy/ptII/ptolemy/actor/lib/test/auto/ExpressionConcatenateArrayType2.xml (RunModel)" time="0.023" />
  <testcase classname="ptolemy.util.test.junit.AutoTests" name="[170] /home/travis/build/icyphy/ptII/ptolemy/actor/lib/test/auto/ExpressionFix.xml (RunModel)" time="0.045" />
  <testcase classname="ptolemy.util.test.junit.AutoTests" name="[171] /home/travis/build/icyphy/ptII/ptolemy/actor/lib/test/auto/ExpressionFix2.xml (RunModel)" time="0.01" />
  <testcase classname="ptolemy.util.test.junit.AutoTests" name="[172] /home/travis/build/icyphy/ptII/ptolemy/actor/lib/test/auto/ExpressionFix3.xml (RunModel)" time="0.011" />
  <testcase classname="ptolemy.util.test.junit.AutoTests" name="[173] /home/travis/build/icyphy/ptII/ptolemy/actor/lib/test/auto/FileWriter1.xml (RunModel)" time="0.014" />
  <testcase classname="ptolemy.util.test.junit.AutoTests" name="[174] /home/travis/build/icyphy/ptII/ptolemy/actor/lib/test/auto/FileWriter2.xml (RunModel)" time="0.011" />
  <testcase classname="ptolemy.util.test.junit.AutoTests" name="[175] /home/travis/build/icyphy/ptII/ptolemy/actor/lib/test/auto/FileWriter3.xml (RunModel)" time="0.017" />
  <testcase classname="ptolemy.util.test.junit.AutoTests" name="[176] /home/travis/build/icyphy/ptII/ptolemy/actor/lib/test/auto/Gaussian.xml (RunModel)" time="0.013" />
  <testcase classname="ptolemy.util.test.junit.AutoTests" name="[177] /home/travis/build/icyphy/ptII/ptolemy/actor/lib/test/auto/Gaussian1.xml (RunModel)" time="0.013" />
  <testcase classname="ptolemy.util.test.junit.AutoTests" name="[178] /home/travis/build/icyphy/ptII/ptolemy/actor/lib/test/auto/Gaussian2.xml (RunModel)" time="0.026" />
  <testcase classname="ptolemy.util.test.junit.AutoTests" name="[179] /home/travis/build/icyphy/ptII/ptolemy/actor/lib/test/auto/GradientAdaptiveLattice.xml (RunModel)" time="0.016" />
  <testcase classname="ptolemy.util.test.junit.AutoTests" name="[180] /home/travis/build/icyphy/ptII/ptolemy/actor/lib/test/auto/IIR.xml (RunModel)" time="0.01" />
  <testcase classname="ptolemy.util.test.junit.AutoTests" name="[181] /home/travis/build/icyphy/ptII/ptolemy/actor/lib/test/auto/InputOutputTransparentPorts.xml (RunModel)" time="0.018" />
  <testcase classname="ptolemy.util.test.junit.AutoTests" name="[182] /home/travis/build/icyphy/ptII/ptolemy/actor/lib/test/auto/Interpolator.xml (RunModel)" time="0.012" />
  <testcase classname="ptolemy.util.test.junit.AutoTests" name="[183] /home/travis/build/icyphy/ptII/ptolemy/actor/lib/test/auto/InterpolatorFiringLimitDE.xml (RunModel)" time="0.013" />
  <testcase classname="ptolemy.util.test.junit.AutoTests" name="[184] /home/travis/build/icyphy/ptII/ptolemy/actor/lib/test/auto/Lattice.xml (RunModel)" time="0.011" />
  <testcase classname="ptolemy.util.test.junit.AutoTests" name="[185] /home/travis/build/icyphy/ptII/ptolemy/actor/lib/test/auto/LazyAOCTestLazy.xml (RunModel)" time="0.023" />
  <testcase classname="ptolemy.util.test.junit.AutoTests" name="[186] /home/travis/build/icyphy/ptII/ptolemy/actor/lib/test/auto/LazyAOCTestNonLazy.xml (RunModel)" time="0.03" />
  <testcase classname="ptolemy.util.test.junit.AutoTests" name="[187] /home/travis/build/icyphy/ptII/ptolemy/actor/lib/test/auto/LazyInnerClass.xml (RunModel)" time="0.049" />
  <testcase classname="ptolemy.util.test.junit.AutoTests" name="[188] /home/travis/build/icyphy/ptII/ptolemy/actor/lib/test/auto/LazyPubSub.xml (RunModel)" time="0.072" />
  <testcase classname="ptolemy.util.test.junit.AutoTests" name="[189] /home/travis/build/icyphy/ptII/ptolemy/actor/lib/test/auto/LazyPubSub2.xml (RunModel)" time="0.072" />
  <testcase classname="ptolemy.util.test.junit.AutoTests" name="[190] /home/travis/build/icyphy/ptII/ptolemy/actor/lib/test/auto/LazyPubSub3.xml (RunModel)" time="0.03" />
  <testcase classname="ptolemy.util.test.junit.AutoTests" name="[191] /home/travis/build/icyphy/ptII/ptolemy/actor/lib/test/auto/LazySubClassModel.xml (RunModel)" time="0.028" />
  <testcase classname="ptolemy.util.test.junit.AutoTests" name="[192] /home/travis/build/icyphy/ptII/ptolemy/actor/lib/test/auto/LevelCrossTest1.xml (RunModel)" time="0.017" />
  <testcase classname="ptolemy.util.test.junit.AutoTests" name="[193] /home/travis/build/icyphy/ptII/ptolemy/actor/lib/test/auto/LevelCrossTest10.xml (RunModel)" time="0.02" />
  <testcase classname="ptolemy.util.test.junit.AutoTests" name="[194] /home/travis/build/icyphy/ptII/ptolemy/actor/lib/test/auto/LevelCrossTest11.xml (RunModel)" time="0.018" />
  <testcase classname="ptolemy.util.test.junit.AutoTests" name="[195] /home/travis/build/icyphy/ptII/ptolemy/actor/lib/test/auto/LevelCrossTest12.xml (RunModel)" time="0.024" />
  <testcase classname="ptolemy.util.test.junit.AutoTests" name="[196] /home/travis/build/icyphy/ptII/ptolemy/actor/lib/test/auto/LevelCrossTest13.xml (RunModel)" time="0.013" />
  <testcase classname="ptolemy.util.test.junit.AutoTests" name="[197] /home/travis/build/icyphy/ptII/ptolemy/actor/lib/test/auto/LevelCrossTest2.xml (RunModel)" time="0.011" />
  <testcase classname="ptolemy.util.test.junit.AutoTests" name="[198] /home/travis/build/icyphy/ptII/ptolemy/actor/lib/test/auto/LevelCrossTest3.xml (RunModel)" time="0.013" />
  <testcase classname="ptolemy.util.test.junit.AutoTests" name="[199] /home/travis/build/icyphy/ptII/ptolemy/actor/lib/test/auto/LevelCrossTest4.xml (RunModel)" time="0.013" />
  <testcase classname="ptolemy.util.test.junit.AutoTests" name="[200] /home/travis/build/icyphy/ptII/ptolemy/actor/lib/test/auto/LevelCrossTest5.xml (RunModel)" time="0.022" />
  <testcase classname="ptolemy.util.test.junit.AutoTests" name="[201] /home/travis/build/icyphy/ptII/ptolemy/actor/lib/test/auto/LevelCrossTest6.xml (RunModel)" time="0.022" />
  <testcase classname="ptolemy.util.test.junit.AutoTests" name="[202] /home/travis/build/icyphy/ptII/ptolemy/actor/lib/test/auto/LevelCrossTest7.xml (RunModel)" time="0.016" />
  <testcase classname="ptolemy.util.test.junit.AutoTests" name="[203] /home/travis/build/icyphy/ptII/ptolemy/actor/lib/test/auto/LevelCrossTest8.xml (RunModel)" time="0.035" />
  <testcase classname="ptolemy.util.test.junit.AutoTests" name="[204] /home/travis/build/icyphy/ptII/ptolemy/actor/lib/test/auto/LevelCrossTest9.xml (RunModel)" time="0.023" />
  <testcase classname="ptolemy.util.test.junit.AutoTests" name="[205] /home/travis/build/icyphy/ptII/ptolemy/actor/lib/test/auto/LevinsonDurbin.xml (RunModel)" time="0.019" />
  <testcase classname="ptolemy.util.test.junit.AutoTests" name="[206] /home/travis/build/icyphy/ptII/ptolemy/actor/lib/test/auto/LevinsonDurbin2.xml (RunModel)" time="0.014" />
  <testcase classname="ptolemy.util.test.junit.AutoTests" name="[207] /home/travis/build/icyphy/ptII/ptolemy/actor/lib/test/auto/LevinsonDurbin3.xml (RunModel)" time="0.013" />
  <testcase classname="ptolemy.util.test.junit.AutoTests" name="[208] /home/travis/build/icyphy/ptII/ptolemy/actor/lib/test/auto/Limiter.xml (RunModel)" time="0.066" />
  <testcase classname="ptolemy.util.test.junit.AutoTests" name="[209] /home/travis/build/icyphy/ptII/ptolemy/actor/lib/test/auto/LinearDifferenceEquationSystem.xml (RunModel)" time="0.031" />
  <testcase classname="ptolemy.util.test.junit.AutoTests" name="[210] /home/travis/build/icyphy/ptII/ptolemy/actor/lib/test/auto/LookupTable.xml (RunModel)" time="0.011" />
  <testcase classname="ptolemy.util.test.junit.AutoTests" name="[211] /home/travis/build/icyphy/ptII/ptolemy/actor/lib/test/auto/MathFunction.xml (RunModel)" time="0.029" />
  <testcase classname="ptolemy.util.test.junit.AutoTests" name="[212] /home/travis/build/icyphy/ptII/ptolemy/actor/lib/test/auto/MathFunction2.xml (RunModel)" time="0.021" />
  <testcase classname="ptolemy.util.test.junit.AutoTests" name="[213] /home/travis/build/icyphy/ptII/ptolemy/actor/lib/test/auto/MathFunction3.xml (RunModel)" time="0.017" />
  <testcase classname="ptolemy.util.test.junit.AutoTests" name="[214] /home/travis/build/icyphy/ptII/ptolemy/actor/lib/test/auto/MatrixCropBoolean.xml (RunModel)" time="0.016" />
  <testcase classname="ptolemy.util.test.junit.AutoTests" name="[215] /home/travis/build/icyphy/ptII/ptolemy/actor/lib/test/auto/MatrixCropComplex.xml (RunModel)" time="0.015" />
  <testcase classname="ptolemy.util.test.junit.AutoTests" name="[216] /home/travis/build/icyphy/ptII/ptolemy/actor/lib/test/auto/MatrixCropDouble.xml (RunModel)" time="0.01" />
  <testcase classname="ptolemy.util.test.junit.AutoTests" name="[217] /home/travis/build/icyphy/ptII/ptolemy/actor/lib/test/auto/MatrixCropFix.xml (RunModel)" time="0.02" />
  <testcase classname="ptolemy.util.test.junit.AutoTests" name="[218] /home/travis/build/icyphy/ptII/ptolemy/actor/lib/test/auto/MatrixCropInt.xml (RunModel)" time="0.014" />
  <testcase classname="ptolemy.util.test.junit.AutoTests" name="[219] /home/travis/build/icyphy/ptII/ptolemy/actor/lib/test/auto/MatrixCropLong.xml (RunModel)" time="0.01" />
  <testcase classname="ptolemy.util.test.junit.AutoTests" name="[220] /home/travis/build/icyphy/ptII/ptolemy/actor/lib/test/auto/MatrixToArray.xml (RunModel)" time="0.059" />
  <testcase classname="ptolemy.util.test.junit.AutoTests" name="[221] /home/travis/build/icyphy/ptII/ptolemy/actor/lib/test/auto/MaxIndex.xml (RunModel)" time="0.013" />
  <testcase classname="ptolemy.util.test.junit.AutoTests" name="[222] /home/travis/build/icyphy/ptII/ptolemy/actor/lib/test/auto/Maximum.xml (RunModel)" time="0.02" />
  <testcase classname="ptolemy.util.test.junit.AutoTests" name="[223] /home/travis/build/icyphy/ptII/ptolemy/actor/lib/test/auto/MaximumComplex.xml (RunModel)" time="0.019" />
  <testcase classname="ptolemy.util.test.junit.AutoTests" name="[224] /home/travis/build/icyphy/ptII/ptolemy/actor/lib/test/auto/MethodCallTest.xml (RunModel)" time="0.03" />
  <testcase classname="ptolemy.util.test.junit.AutoTests" name="[225] /home/travis/build/icyphy/ptII/ptolemy/actor/lib/test/auto/Minimum.xml (RunModel)" time="0.018" />
  <testcase classname="ptolemy.util.test.junit.AutoTests" name="[226] /home/travis/build/icyphy/ptII/ptolemy/actor/lib/test/auto/MinimumComplex.xml (RunModel)" time="0.029" />
  <testcase classname="ptolemy.util.test.junit.AutoTests" name="[227] /home/travis/build/icyphy/ptII/ptolemy/actor/lib/test/auto/MinimumMultiports.xml (RunModel)" time="0.02" />
  <testcase classname="ptolemy.util.test.junit.AutoTests" name="[228] /home/travis/build/icyphy/ptII/ptolemy/actor/lib/test/auto/ModifyDate.xml (RunModel)" time="0.047" />
  <testcase classname="ptolemy.util.test.junit.AutoTests" name="[229] /home/travis/build/icyphy/ptII/ptolemy/actor/lib/test/auto/ModifyDate2.xml (RunModel)" time="0.038" />
  <testcase classname="ptolemy.util.test.junit.AutoTests" name="[230] /home/travis/build/icyphy/ptII/ptolemy/actor/lib/test/auto/MovingAverage.xml (RunModel)" time="0.013" />
  <testcase classname="ptolemy.util.test.junit.AutoTests" name="[231] /home/travis/build/icyphy/ptII/ptolemy/actor/lib/test/auto/MovingMaximum.xml (RunModel)" time="0.013" />
  <testcase classname="ptolemy.util.test.junit.AutoTests" name="[232] /home/travis/build/icyphy/ptII/ptolemy/actor/lib/test/auto/MultipleLinksToSameRelation.xml (RunModel)" time="0.009" />
  <testcase classname="ptolemy.util.test.junit.AutoTests" name="[233] /home/travis/build/icyphy/ptII/ptolemy/actor/lib/test/auto/MultipleLinksToSameRelationDE.xml (RunModel)" time="0.008" />
  <testcase classname="ptolemy.util.test.junit.AutoTests" name="[234] /home/travis/build/icyphy/ptII/ptolemy/actor/lib/test/auto/Multiplexor.xml (RunModel)" time="0.013" />
  <testcase classname="ptolemy.util.test.junit.AutoTests" name="[235] /home/travis/build/icyphy/ptII/ptolemy/actor/lib/test/auto/Multiplexor1.xml (RunModel)" time="0.013" />
  <testcase classname="ptolemy.util.test.junit.AutoTests" name="[236] /home/travis/build/icyphy/ptII/ptolemy/actor/lib/test/auto/Multiplexor2.xml (RunModel)" time="0.015" />
  <testcase classname="ptolemy.util.test.junit.AutoTests" name="[237] /home/travis/build/icyphy/ptII/ptolemy/actor/lib/test/auto/Multiplexor3.xml (RunModel)" time="0.011" />
  <testcase classname="ptolemy.util.test.junit.AutoTests" name="[238] /home/travis/build/icyphy/ptII/ptolemy/actor/lib/test/auto/MultiplexorDE.xml (RunModel)" time="0.04" />
  <testcase classname="ptolemy.util.test.junit.AutoTests" name="[239] /home/travis/build/icyphy/ptII/ptolemy/actor/lib/test/auto/MultiportBroadcastTest.xml (RunModel)" time="0.1" />
  <testcase classname="ptolemy.util.test.junit.AutoTests" name="[240] /home/travis/build/icyphy/ptII/ptolemy/actor/lib/test/auto/MultiportOutHangDuringGetWidth.xml (RunModel)" time="0.034" />
  <testcase classname="ptolemy.util.test.junit.AutoTests" name="[241] /home/travis/build/icyphy/ptII/ptolemy/actor/lib/test/auto/NilToken.xml (RunModel)" time="0.012" />
  <testcase classname="ptolemy.util.test.junit.AutoTests" name="[242] /home/travis/build/icyphy/ptII/ptolemy/actor/lib/test/auto/NilTokenNonStrictTest.xml (RunModel)" time="0.011" />
  <testcase classname="ptolemy.util.test.junit.AutoTests" name="[243] /home/travis/build/icyphy/ptII/ptolemy/actor/lib/test/auto/NilTokenRecord.xml (RunModel)" time="0.023" />
  <testcase classname="ptolemy.util.test.junit.AutoTests" name="[244] /home/travis/build/icyphy/ptII/ptolemy/actor/lib/test/auto/NilTokenTypeTest.xml (RunModel)" time="0.036" />
  <testcase classname="ptolemy.util.test.junit.AutoTests" name="[245] /home/travis/build/icyphy/ptII/ptolemy/actor/lib/test/auto/ObjectToken1.xml (RunModel)" time="0.009" />
  <testcase classname="ptolemy.util.test.junit.AutoTests" name="[246] /home/travis/build/icyphy/ptII/ptolemy/actor/lib/test/auto/OrderedMerge.xml (RunModel)" time="0.017" />
  <testcase classname="ptolemy.util.test.junit.AutoTests" name="[247] /home/travis/build/icyphy/ptII/ptolemy/actor/lib/test/auto/OrderedRecordDisassembler.xml (RunModel)" time="0.02" />
  <testcase classname="ptolemy.util.test.junit.AutoTests" name="[248] /home/travis/build/icyphy/ptII/ptolemy/actor/lib/test/auto/OrderedRecordDisassembler2.xml (RunModel)" time="0.019" />
  <testcase classname="ptolemy.util.test.junit.AutoTests" name="[249] /home/travis/build/icyphy/ptII/ptolemy/actor/lib/test/auto/OrderedRecordUpdater.xml (RunModel)" time="0.012" />
  <testcase classname="ptolemy.util.test.junit.AutoTests" name="[250] /home/travis/build/icyphy/ptII/ptolemy/actor/lib/test/auto/OrderedRecordUpdater2.xml (RunModel)" time="0.022" />
  <testcase classname="ptolemy.util.test.junit.AutoTests" name="[251] /home/travis/build/icyphy/ptII/ptolemy/actor/lib/test/auto/PhaseUnwrap.xml (RunModel)" time="0.013" />
  <testcase classname="ptolemy.util.test.junit.AutoTests" name="[252] /home/travis/build/icyphy/ptII/ptolemy/actor/lib/test/auto/PoissonClock.xml (RunModel)" time="0.011" />
  <testcase classname="ptolemy.util.test.junit.AutoTests" name="[253] /home/travis/build/icyphy/ptII/ptolemy/actor/lib/test/auto/PoissonClock2.xml (RunModel)" time="0.008" />
  <testcase classname="ptolemy.util.test.junit.AutoTests" name="[254] /home/travis/build/icyphy/ptII/ptolemy/actor/lib/test/auto/PoissonClock3.xml (RunModel)" time="0.029" />
  <testcase classname="ptolemy.util.test.junit.AutoTests" name="[255] /home/travis/build/icyphy/ptII/ptolemy/actor/lib/test/auto/PubSubWithInitialTokens.xml (RunModel)" time="0.017" />
  <testcase classname="ptolemy.util.test.junit.AutoTests" name="[256] /home/travis/build/icyphy/ptII/ptolemy/actor/lib/test/auto/PubSubWithInitialTokens2.xml (RunModel)" time="0.015" />
  <testcase classname="ptolemy.util.test.junit.AutoTests" name="[257] /home/travis/build/icyphy/ptII/ptolemy/actor/lib/test/auto/PublisherClassNoParameter.xml (RunModel)" time="0.027" />
  <testcase classname="ptolemy.util.test.junit.AutoTests" name="[258] /home/travis/build/icyphy/ptII/ptolemy/actor/lib/test/auto/PublisherClassParameter.xml (RunModel)" time="0.026" />
  <testcase classname="ptolemy.util.test.junit.AutoTests" name="[259] /home/travis/build/icyphy/ptII/ptolemy/actor/lib/test/auto/PublisherNonStrictTest.xml (RunModel)" time="0.015" />
  <testcase classname="ptolemy.util.test.junit.AutoTests" name="[260] /home/travis/build/icyphy/ptII/ptolemy/actor/lib/test/auto/PublisherPort1.xml (RunModel)" time="0.011" />
  <testcase classname="ptolemy.util.test.junit.AutoTests" name="[261] /home/travis/build/icyphy/ptII/ptolemy/actor/lib/test/auto/PublisherPort2.xml (RunModel)" time="0.009" />
  <testcase classname="ptolemy.util.test.junit.AutoTests" name="[262] /home/travis/build/icyphy/ptII/ptolemy/actor/lib/test/auto/PublisherPort3.xml (RunModel)" time="0.025" />
  <testcase classname="ptolemy.util.test.junit.AutoTests" name="[263] /home/travis/build/icyphy/ptII/ptolemy/actor/lib/test/auto/PublisherPort4.xml (RunModel)" time="0.014" />
  <testcase classname="ptolemy.util.test.junit.AutoTests" name="[264] /home/travis/build/icyphy/ptII/ptolemy/actor/lib/test/auto/PublisherPort5.xml (RunModel)" time="0.017" />
  <testcase classname="ptolemy.util.test.junit.AutoTests" name="[265] /home/travis/build/icyphy/ptII/ptolemy/actor/lib/test/auto/PublisherPort5LookAlike.xml (RunModel)" time="0.018" />
  <testcase classname="ptolemy.util.test.junit.AutoTests" name="[266] /home/travis/build/icyphy/ptII/ptolemy/actor/lib/test/auto/PublisherPort6.xml (RunModel)" time="0.013" />
  <testcase classname="ptolemy.util.test.junit.AutoTests" name="[267] /home/travis/build/icyphy/ptII/ptolemy/actor/lib/test/auto/PublisherPort7.xml (RunModel)" time="0.016" />
  <testcase classname="ptolemy.util.test.junit.AutoTests" name="[268] /home/travis/build/icyphy/ptII/ptolemy/actor/lib/test/auto/PublisherPort8.xml (RunModel)" time="0.016" />
  <testcase classname="ptolemy.util.test.junit.AutoTests" name="[269] /home/travis/build/icyphy/ptII/ptolemy/actor/lib/test/auto/PublisherPortSubscriberChannelVariablesAOC2.xml (RunModel)" time="0.033" />
  <testcase classname="ptolemy.util.test.junit.AutoTests" name="[270] /home/travis/build/icyphy/ptII/ptolemy/actor/lib/test/auto/PublisherPortSubscriberOpaqueWidthInference.xml (RunModel)" time="0.026" />
  <testcase classname="ptolemy.util.test.junit.AutoTests" name="[271] /home/travis/build/icyphy/ptII/ptolemy/actor/lib/test/auto/PublisherPortSubscriberPortAdjacent.xml (RunModel)" time="0.025" />
  <testcase classname="ptolemy.util.test.junit.AutoTests" name="[272] /home/travis/build/icyphy/ptII/ptolemy/actor/lib/test/auto/PublisherPortSubscriberPortExpression.xml (RunModel)" time="0.023" />
  <testcase classname="ptolemy.util.test.junit.AutoTests" name="[273] /home/travis/build/icyphy/ptII/ptolemy/actor/lib/test/auto/PublisherPortSubscriberPortOpaqueD3Reverse.xml (RunModel)" time="0.048" />
  <testcase classname="ptolemy.util.test.junit.AutoTests" name="[274] /home/travis/build/icyphy/ptII/ptolemy/actor/lib/test/auto/PublisherPortSubscriberPortOpaqueWidthInference.xml (RunModel)" time="0.015" />
  <testcase classname="ptolemy.util.test.junit.AutoTests" name="[275] /home/travis/build/icyphy/ptII/ptolemy/actor/lib/test/auto/PublisherPortToplevelSubscriberPortAOC.xml (RunModel)" time="0.011" />
  <testcase classname="ptolemy.util.test.junit.AutoTests" name="[276] /home/travis/build/icyphy/ptII/ptolemy/actor/lib/test/auto/PublisherSubscriber.xml (RunModel)" time="0.013" />
  <testcase classname="ptolemy.util.test.junit.AutoTests" name="[277] /home/travis/build/icyphy/ptII/ptolemy/actor/lib/test/auto/PublisherSubscriber10.xml (RunModel)" time="0.022" />
  <testcase classname="ptolemy.util.test.junit.AutoTests" name="[278] /home/travis/build/icyphy/ptII/ptolemy/actor/lib/test/auto/PublisherSubscriber10InitialOutputs.xml (RunModel)" time="0.03" />
  <testcase classname="ptolemy.util.test.junit.AutoTests" name="[279] /home/travis/build/icyphy/ptII/ptolemy/actor/lib/test/auto/PublisherSubscriber11.xml (RunModel)" time="0.018" />
  <testcase classname="ptolemy.util.test.junit.AutoTests" name="[280] /home/travis/build/icyphy/ptII/ptolemy/actor/lib/test/auto/PublisherSubscriber12.xml (RunModel)" time="0.03" />
  <testcase classname="ptolemy.util.test.junit.AutoTests" name="[281] /home/travis/build/icyphy/ptII/ptolemy/actor/lib/test/auto/PublisherSubscriber13.xml (RunModel)" time="0.011" />
  <testcase classname="ptolemy.util.test.junit.AutoTests" name="[282] /home/travis/build/icyphy/ptII/ptolemy/actor/lib/test/auto/PublisherSubscriber14.xml (RunModel)" time="0.019" />
  <testcase classname="ptolemy.util.test.junit.AutoTests" name="[283] /home/travis/build/icyphy/ptII/ptolemy/actor/lib/test/auto/PublisherSubscriber2.xml (RunModel)" time="0.01" />
  <testcase classname="ptolemy.util.test.junit.AutoTests" name="[284] /home/travis/build/icyphy/ptII/ptolemy/actor/lib/test/auto/PublisherSubscriber3.xml (RunModel)" time="0.008" />
  <testcase classname="ptolemy.util.test.junit.AutoTests" name="[285] /home/travis/build/icyphy/ptII/ptolemy/actor/lib/test/auto/PublisherSubscriber4.xml (RunModel)" time="0.01" />
  <testcase classname="ptolemy.util.test.junit.AutoTests" name="[286] /home/travis/build/icyphy/ptII/ptolemy/actor/lib/test/auto/PublisherSubscriber5.xml (RunModel)" time="0.012" />
  <testcase classname="ptolemy.util.test.junit.AutoTests" name="[287] /home/travis/build/icyphy/ptII/ptolemy/actor/lib/test/auto/PublisherSubscriber6.xml (RunModel)" time="0.015" />
  <testcase classname="ptolemy.util.test.junit.AutoTests" name="[288] /home/travis/build/icyphy/ptII/ptolemy/actor/lib/test/auto/PublisherSubscriber7.xml (RunModel)" time="0.017" />
  <testcase classname="ptolemy.util.test.junit.AutoTests" name="[289] /home/travis/build/icyphy/ptII/ptolemy/actor/lib/test/auto/PublisherSubscriber8.xml (RunModel)" time="0.034" />
  <testcase classname="ptolemy.util.test.junit.AutoTests" name="[290] /home/travis/build/icyphy/ptII/ptolemy/actor/lib/test/auto/PublisherSubscriber9.xml (RunModel)" time="0.021" />
  <testcase classname="ptolemy.util.test.junit.AutoTests" name="[291] /home/travis/build/icyphy/ptII/ptolemy/actor/lib/test/auto/PublisherSubscriberAdjacent.xml (RunModel)" time="0.017" />
  <testcase classname="ptolemy.util.test.junit.AutoTests" name="[292] /home/travis/build/icyphy/ptII/ptolemy/actor/lib/test/auto/PublisherSubscriberChannelVariablesAOC2.xml (RunModel)" time="0.027" />
  <testcase classname="ptolemy.util.test.junit.AutoTests" name="[293] /home/travis/build/icyphy/ptII/ptolemy/actor/lib/test/auto/PublisherSubscriberD3.xml (RunModel)" time="0.012" />
  <testcase classname="ptolemy.util.test.junit.AutoTests" name="[294] /home/travis/build/icyphy/ptII/ptolemy/actor/lib/test/auto/PublisherSubscriberD3Reverse.xml (RunModel)" time="0.01" />
  <testcase classname="ptolemy.util.test.junit.AutoTests" name="[295] /home/travis/build/icyphy/ptII/ptolemy/actor/lib/test/auto/PublisherSubscriberExpression.xml (RunModel)" time="0.021" />
  <testcase classname="ptolemy.util.test.junit.AutoTests" name="[296] /home/travis/build/icyphy/ptII/ptolemy/actor/lib/test/auto/PublisherSubscriberOpaque.xml (RunModel)" time="0.017" />
  <testcase classname="ptolemy.util.test.junit.AutoTests" name="[297] /home/travis/build/icyphy/ptII/ptolemy/actor/lib/test/auto/PublisherSubscriberOpaqueD3.xml (RunModel)" time="0.036" />
  <testcase classname="ptolemy.util.test.junit.AutoTests" name="[298] /home/travis/build/icyphy/ptII/ptolemy/actor/lib/test/auto/PublisherSubscriberOpaqueD3Reverse.xml (RunModel)" time="0.023" />
  <testcase classname="ptolemy.util.test.junit.AutoTests" name="[299] /home/travis/build/icyphy/ptII/ptolemy/actor/lib/test/auto/PublisherSubscriberOpaqueWidthInference.xml (RunModel)" time="0.025" />
  <testcase classname="ptolemy.util.test.junit.AutoTests" name="[300] /home/travis/build/icyphy/ptII/ptolemy/actor/lib/test/auto/PublisherTestSubscriber.xml (RunModel)" time="0.018" />
  <testcase classname="ptolemy.util.test.junit.AutoTests" name="[301] /home/travis/build/icyphy/ptII/ptolemy/actor/lib/test/auto/PublisherToplevelSubscriberPortAOC.xml (RunModel)" time="0.011" />
  <testcase classname="ptolemy.util.test.junit.AutoTests" name="[302] /home/travis/build/icyphy/ptII/ptolemy/actor/lib/test/auto/PulseFiringLimitDE.xml (RunModel)" time="0.019" />
  <testcase classname="ptolemy.util.test.junit.AutoTests" name="[303] /home/travis/build/icyphy/ptII/ptolemy/actor/lib/test/auto/Ramp1.xml (RunModel)" time="0.007" />
  <testcase classname="ptolemy.util.test.junit.AutoTests" name="[304] /home/travis/build/icyphy/ptII/ptolemy/actor/lib/test/auto/RampFiringLimitDE.xml (RunModel)" time="0.011" />
  <testcase classname="ptolemy.util.test.junit.AutoTests" name="[305] /home/travis/build/icyphy/ptII/ptolemy/actor/lib/test/auto/RampFiringLimitSDF.xml (RunModel)" time="0.011" />
  <testcase classname="ptolemy.util.test.junit.AutoTests" name="[306] /home/travis/build/icyphy/ptII/ptolemy/actor/lib/test/auto/RandomInteger.xml (RunModel)" time="0.009" />
  <testcase classname="ptolemy.util.test.junit.AutoTests" name="[307] /home/travis/build/icyphy/ptII/ptolemy/actor/lib/test/auto/ReadFile1.xml (RunModel)" time="0.008" />
  <testcase classname="ptolemy.util.test.junit.AutoTests" name="[308] /home/travis/build/icyphy/ptII/ptolemy/actor/lib/test/auto/ReadFile2.xml (RunModel)" time="0.008" />
  <testcase classname="ptolemy.util.test.junit.AutoTests" name="[309] /home/travis/build/icyphy/ptII/ptolemy/actor/lib/test/auto/Reader.xml (RunModel)" time="0.012" />
  <testcase classname="ptolemy.util.test.junit.AutoTests" name="[310] /home/travis/build/icyphy/ptII/ptolemy/actor/lib/test/auto/RecordAssemblerDisplayNameTest.xml (RunModel)" time="3.735" />
  <testcase classname="ptolemy.util.test.junit.AutoTests" name="[311] /home/travis/build/icyphy/ptII/ptolemy/actor/lib/test/auto/RecordAssemblerTypeError.xml (RunModel)" time="0.05" />
  <testcase classname="ptolemy.util.test.junit.AutoTests" name="[312] /home/travis/build/icyphy/ptII/ptolemy/actor/lib/test/auto/RecordDisassember.xml (RunModel)" time="0.016" />
  <testcase classname="ptolemy.util.test.junit.AutoTests" name="[313] /home/travis/build/icyphy/ptII/ptolemy/actor/lib/test/auto/RecordDisassemberDisplayNameTest.xml (RunModel)" time="0.03" />
  <testcase classname="ptolemy.util.test.junit.AutoTests" name="[314] /home/travis/build/icyphy/ptII/ptolemy/actor/lib/test/auto/RecordDisassembler.xml (RunModel)" time="0.013" />
  <testcase classname="ptolemy.util.test.junit.AutoTests" name="[315] /home/travis/build/icyphy/ptII/ptolemy/actor/lib/test/auto/RecordDisassembler2.xml (RunModel)" time="0.023" />
  <testcase classname="ptolemy.util.test.junit.AutoTests" name="[316] /home/travis/build/icyphy/ptII/ptolemy/actor/lib/test/auto/RecordUpdater.xml (RunModel)" time="0.009" />
  <testcase classname="ptolemy.util.test.junit.AutoTests" name="[317] /home/travis/build/icyphy/ptII/ptolemy/actor/lib/test/auto/RecordUpdater2.xml (RunModel)" time="0.009" />
  <testcase classname="ptolemy.util.test.junit.AutoTests" name="[318] /home/travis/build/icyphy/ptII/ptolemy/actor/lib/test/auto/RecursiveLattice.xml (RunModel)" time="0.01" />
  <testcase classname="ptolemy.util.test.junit.AutoTests" name="[319] /home/travis/build/icyphy/ptII/ptolemy/actor/lib/test/auto/Router.xml (RunModel)" time="3.028" />
  <testcase classname="ptolemy.util.test.junit.AutoTests" name="[320] /home/travis/build/icyphy/ptII/ptolemy/actor/lib/test/auto/Router2.xml (RunModel)" time="3.03" />
  <testcase classname="ptolemy.util.test.junit.AutoTests" name="[321] /home/travis/build/icyphy/ptII/ptolemy/actor/lib/test/auto/RunningMaximum.xml (RunModel)" time="0.015" />
  <testcase classname="ptolemy.util.test.junit.AutoTests" name="[322] /home/travis/build/icyphy/ptII/ptolemy/actor/lib/test/auto/RunningMinimum.xml (RunModel)" time="0.023" />
  <testcase classname="ptolemy.util.test.junit.AutoTests" name="[323] /home/travis/build/icyphy/ptII/ptolemy/actor/lib/test/auto/Scale.xml (RunModel)" time="0.015" />
  <testcase classname="ptolemy.util.test.junit.AutoTests" name="[324] /home/travis/build/icyphy/ptII/ptolemy/actor/lib/test/auto/Scale2.xml (RunModel)" time="0.009" />
  <testcase classname="ptolemy.util.test.junit.AutoTests" name="[325] /home/travis/build/icyphy/ptII/ptolemy/actor/lib/test/auto/Scale3.xml (RunModel)" time="0.015" />
  <testcase classname="ptolemy.util.test.junit.AutoTests" name="[326] /home/travis/build/icyphy/ptII/ptolemy/actor/lib/test/auto/ScaleArray.xml (RunModel)" time="0.008" />
  <testcase classname="ptolemy.util.test.junit.AutoTests" name="[327] /home/travis/build/icyphy/ptII/ptolemy/actor/lib/test/auto/ScaleArray2.xml (RunModel)" time="0.008" />
  <testcase classname="ptolemy.util.test.junit.AutoTests" name="[328] /home/travis/build/icyphy/ptII/ptolemy/actor/lib/test/auto/ScaleMatrix.xml (RunModel)" time="0.181" />
  <testcase classname="ptolemy.util.test.junit.AutoTests" name="[329] /home/travis/build/icyphy/ptII/ptolemy/actor/lib/test/auto/Select.xml (RunModel)" time="0.014" />
  <testcase classname="ptolemy.util.test.junit.AutoTests" name="[330] /home/travis/build/icyphy/ptII/ptolemy/actor/lib/test/auto/Select2.xml (RunModel)" time="0.008" />
  <testcase classname="ptolemy.util.test.junit.AutoTests" name="[331] /home/travis/build/icyphy/ptII/ptolemy/actor/lib/test/auto/SequenceToArray2.xml (RunModel)" time="0.159" />
  <testcase classname="ptolemy.util.test.junit.AutoTests" name="[332] /home/travis/build/icyphy/ptII/ptolemy/actor/lib/test/auto/SequentialClock.xml (RunModel)" time="0.01" />
  <testcase classname="ptolemy.util.test.junit.AutoTests" name="[333] /home/travis/build/icyphy/ptII/ptolemy/actor/lib/test/auto/SetVariable.xml (RunModel)" time="0.011" />
  <testcase classname="ptolemy.util.test.junit.AutoTests" name="[334] /home/travis/build/icyphy/ptII/ptolemy/actor/lib/test/auto/SetVariable2.xml (RunModel)" time="0.012" />
  <testcase classname="ptolemy.util.test.junit.AutoTests" name="[335] /home/travis/build/icyphy/ptII/ptolemy/actor/lib/test/auto/SetVariable3.xml (RunModel)" time="0.015" />
  <testcase classname="ptolemy.util.test.junit.AutoTests" name="[336] /home/travis/build/icyphy/ptII/ptolemy/actor/lib/test/auto/SetVariable4.xml (RunModel)" time="0.03" />
  <testcase classname="ptolemy.util.test.junit.AutoTests" name="[337] /home/travis/build/icyphy/ptII/ptolemy/actor/lib/test/auto/SetVariable5.xml (RunModel)" time="0.04" />
  <testcase classname="ptolemy.util.test.junit.AutoTests" name="[338] /home/travis/build/icyphy/ptII/ptolemy/actor/lib/test/auto/Sinewave.xml (RunModel)" time="0.029" />
  <testcase classname="ptolemy.util.test.junit.AutoTests" name="[339] /home/travis/build/icyphy/ptII/ptolemy/actor/lib/test/auto/Sinewave2.xml (RunModel)" time="0.023" />
  <testcase classname="ptolemy.util.test.junit.AutoTests" name="[340] /home/travis/build/icyphy/ptII/ptolemy/actor/lib/test/auto/Sinewave3.xml (RunModel)" time="0.022" />
  <testcase classname="ptolemy.util.test.junit.AutoTests" name="[341] /home/travis/build/icyphy/ptII/ptolemy/actor/lib/test/auto/SingleEvent.xml (RunModel)" time="0.008" />
  <testcase classname="ptolemy.util.test.junit.AutoTests" name="[342] /home/travis/build/icyphy/ptII/ptolemy/actor/lib/test/auto/Sleep.xml (RunModel)" time="6.014" />
  <testcase classname="ptolemy.util.test.junit.AutoTests" name="[343] /home/travis/build/icyphy/ptII/ptolemy/actor/lib/test/auto/SleepMultipleFire.xml (RunModel)" time="1.021" />
  <testcase classname="ptolemy.util.test.junit.AutoTests" name="[344] /home/travis/build/icyphy/ptII/ptolemy/actor/lib/test/auto/StopDE.xml (RunModel)" time="0.015" />
  <testcase classname="ptolemy.util.test.junit.AutoTests" name="[345] /home/travis/build/icyphy/ptII/ptolemy/actor/lib/test/auto/StopSDF.xml (RunModel)" time="0.012" />
  <testcase classname="ptolemy.util.test.junit.AutoTests" name="[346] /home/travis/build/icyphy/ptII/ptolemy/actor/lib/test/auto/StringConstant.xml (RunModel)" time="0.017" />
  <testcase classname="ptolemy.util.test.junit.AutoTests" name="[347] /home/travis/build/icyphy/ptII/ptolemy/actor/lib/test/auto/SubscriberPortInitialValues1.xml (RunModel)" time="0.036" />
  <testcase classname="ptolemy.util.test.junit.AutoTests" name="[348] /home/travis/build/icyphy/ptII/ptolemy/actor/lib/test/auto/SubscriberPortInitialValues13.xml (RunModel)" time="0.028" />
  <testcase classname="ptolemy.util.test.junit.AutoTests" name="[349] /home/travis/build/icyphy/ptII/ptolemy/actor/lib/test/auto/SubscriberPortInitialValues14.xml (RunModel)" time="0.019" />
  <testcase classname="ptolemy.util.test.junit.AutoTests" name="[350] /home/travis/build/icyphy/ptII/ptolemy/actor/lib/test/auto/SubscriberPortInitialValues2.xml (RunModel)" time="0.017" />
  <testcase classname="ptolemy.util.test.junit.AutoTests" name="[351] /home/travis/build/icyphy/ptII/ptolemy/actor/lib/test/auto/SubscriberPortInitialValues3.xml (RunModel)" time="0.02" />
  <testcase classname="ptolemy.util.test.junit.AutoTests" name="[352] /home/travis/build/icyphy/ptII/ptolemy/actor/lib/test/auto/SubscriptionAggregator.xml (RunModel)" time="0.011" />
  <testcase classname="ptolemy.util.test.junit.AutoTests" name="[353] /home/travis/build/icyphy/ptII/ptolemy/actor/lib/test/auto/SubscriptionAggregator2.xml (RunModel)" time="0.013" />
  <testcase classname="ptolemy.util.test.junit.AutoTests" name="[354] /home/travis/build/icyphy/ptII/ptolemy/actor/lib/test/auto/SubscriptionAggregator3.xml (RunModel)" time="0.016" />
  <testcase classname="ptolemy.util.test.junit.AutoTests" name="[355] /home/travis/build/icyphy/ptII/ptolemy/actor/lib/test/auto/SubscriptionAggregatorMultiply.xml (RunModel)" time="0.028" />
  <testcase classname="ptolemy.util.test.junit.AutoTests" name="[356] /home/travis/build/icyphy/ptII/ptolemy/actor/lib/test/auto/SubscriptionAggregatorPortMultiply1.xml (RunModel)" time="0.014" />
  <testcase classname="ptolemy.util.test.junit.AutoTests" name="[357] /home/travis/build/icyphy/ptII/ptolemy/actor/lib/test/auto/Switch.xml (RunModel)" time="0.018" />
  <testcase classname="ptolemy.util.test.junit.AutoTests" name="[358] /home/travis/build/icyphy/ptII/ptolemy/actor/lib/test/auto/Switch2.xml (RunModel)" time="0.011" />
  <testcase classname="ptolemy.util.test.junit.AutoTests" name="[359] /home/travis/build/icyphy/ptII/ptolemy/actor/lib/test/auto/SwitchDE.xml (RunModel)" time="0.014" />
  <testcase classname="ptolemy.util.test.junit.AutoTests" name="[360] /home/travis/build/icyphy/ptII/ptolemy/actor/lib/test/auto/SynchronizerDE.xml (RunModel)" time="0.023" />
  <testcase classname="ptolemy.util.test.junit.AutoTests" name="[361] /home/travis/build/icyphy/ptII/ptolemy/actor/lib/test/auto/Test.xml (RunModel)" time="0.01" />
  <testcase classname="ptolemy.util.test.junit.AutoTests" name="[362] /home/travis/build/icyphy/ptII/ptolemy/actor/lib/test/auto/TestExceptionAttribute1.xml (RunModel)" time="0.006" />
  <testcase classname="ptolemy.util.test.junit.AutoTests" name="[363] /home/travis/build/icyphy/ptII/ptolemy/actor/lib/test/auto/TestExceptionAttribute2.xml (RunModel)" time="0.011" />
  <testcase classname="ptolemy.util.test.junit.AutoTests" name="[364] /home/travis/build/icyphy/ptII/ptolemy/actor/lib/test/auto/TestExceptionAttribute3.xml (RunModel)" time="0.011" />
  <testcase classname="ptolemy.util.test.junit.AutoTests" name="[365] /home/travis/build/icyphy/ptII/ptolemy/actor/lib/test/auto/TestExceptionAttribute4.xml (RunModel)" time="0.008" />
  <testcase classname="ptolemy.util.test.junit.AutoTests" name="[366] /home/travis/build/icyphy/ptII/ptolemy/actor/lib/test/auto/TestExceptionHandler1.xml (RunModel)" time="0.006" />
  <testcase classname="ptolemy.util.test.junit.AutoTests" name="[367] /home/travis/build/icyphy/ptII/ptolemy/actor/lib/test/auto/TestExceptionHandler2.xml (RunModel)" time="0.014" />
  <testcase classname="ptolemy.util.test.junit.AutoTests" name="[368] /home/travis/build/icyphy/ptII/ptolemy/actor/lib/test/auto/TestExceptionHandler3.xml (RunModel)" time="0.006" />
  <testcase classname="ptolemy.util.test.junit.AutoTests" name="[369] /home/travis/build/icyphy/ptII/ptolemy/actor/lib/test/auto/TestExceptionHandler4.xml (RunModel)" time="0.005" />
  <testcase classname="ptolemy.util.test.junit.AutoTests" name="[370] /home/travis/build/icyphy/ptII/ptolemy/actor/lib/test/auto/TestRequireCorrectOrder.xml (RunModel)" time="0.018" />
  <testcase classname="ptolemy.util.test.junit.AutoTests" name="[371] /home/travis/build/icyphy/ptII/ptolemy/actor/lib/test/auto/TestSimple.xml (RunModel)" time="0.009" />
  <testcase classname="ptolemy.util.test.junit.AutoTests" name="[372] /home/travis/build/icyphy/ptII/ptolemy/actor/lib/test/auto/ThrowModelError.xml (RunModel)" time="0.011" />
  <testcase classname="ptolemy.util.test.junit.AutoTests" name="[373] /home/travis/build/icyphy/ptII/ptolemy/actor/lib/test/auto/TimeDelayMicrosteps.xml (RunModel)" time="0.015" />
  <testcase classname="ptolemy.util.test.junit.AutoTests" name="[374] /home/travis/build/icyphy/ptII/ptolemy/actor/lib/test/auto/TimeDelayMicrosteps2.xml (RunModel)" time="0.016" />
  <testcase classname="ptolemy.util.test.junit.AutoTests" name="[375] /home/travis/build/icyphy/ptII/ptolemy/actor/lib/test/auto/TimeDelayMicrosteps3.xml (RunModel)" time="0.012" />
  <testcase classname="ptolemy.util.test.junit.AutoTests" name="[376] /home/travis/build/icyphy/ptII/ptolemy/actor/lib/test/auto/TimeDelayVariableMicrosteps.xml (RunModel)" time="0.012" />
  <testcase classname="ptolemy.util.test.junit.AutoTests" name="[377] /home/travis/build/icyphy/ptII/ptolemy/actor/lib/test/auto/TimeGap.xml (RunModel)" time="0.016" />
  <testcase classname="ptolemy.util.test.junit.AutoTests" name="[378] /home/travis/build/icyphy/ptII/ptolemy/actor/lib/test/auto/TimeGap2.xml (RunModel)" time="0.011" />
  <testcase classname="ptolemy.util.test.junit.AutoTests" name="[379] /home/travis/build/icyphy/ptII/ptolemy/actor/lib/test/auto/TimedSinewave.xml (RunModel)" time="0.06" />
  <testcase classname="ptolemy.util.test.junit.AutoTests" name="[380] /home/travis/build/icyphy/ptII/ptolemy/actor/lib/test/auto/TimedSinewavePhase.xml (RunModel)" time="0.043" />
  <testcase classname="ptolemy.util.test.junit.AutoTests" name="[381] /home/travis/build/icyphy/ptII/ptolemy/actor/lib/test/auto/Timer.xml (RunModel)" time="0.014" />
  <testcase classname="ptolemy.util.test.junit.AutoTests" name="[382] /home/travis/build/icyphy/ptII/ptolemy/actor/lib/test/auto/TriangularDistTestModel.xml (RunModel)" time="0.022" />
  <testcase classname="ptolemy.util.test.junit.AutoTests" name="[383] /home/travis/build/icyphy/ptII/ptolemy/actor/lib/test/auto/TrigFunction.xml (RunModel)" time="0.008" />
  <testcase classname="ptolemy.util.test.junit.AutoTests" name="[384] /home/travis/build/icyphy/ptII/ptolemy/actor/lib/test/auto/TrigFunctionDE.xml (RunModel)" time="0.011" />
  <testcase classname="ptolemy.util.test.junit.AutoTests" name="[385] /home/travis/build/icyphy/ptII/ptolemy/actor/lib/test/auto/TrigFunctionInverse.xml (RunModel)" time="0.009" />
  <testcase classname="ptolemy.util.test.junit.AutoTests" name="[386] /home/travis/build/icyphy/ptII/ptolemy/actor/lib/test/auto/TrigFunctionTan.xml (RunModel)" time="0.008" />
  <testcase classname="ptolemy.util.test.junit.AutoTests" name="[387] /home/travis/build/icyphy/ptII/ptolemy/actor/lib/test/auto/TriggeredClock.xml (RunModel)" time="0.007" />
  <testcase classname="ptolemy.util.test.junit.AutoTests" name="[388] /home/travis/build/icyphy/ptII/ptolemy/actor/lib/test/auto/URLDirectoryReader.xml (RunModel)" time="0.134" />
  <testcase classname="ptolemy.util.test.junit.AutoTests" name="[389] /home/travis/build/icyphy/ptII/ptolemy/actor/lib/test/auto/URLDirectoryReader3.xml (RunModel)" time="1.377" />
  <testcase classname="ptolemy.util.test.junit.AutoTests" name="[390] /home/travis/build/icyphy/ptII/ptolemy/actor/lib/test/auto/UnaryMathFunction.xml (RunModel)" time="0.034" />
  <testcase classname="ptolemy.util.test.junit.AutoTests" name="[391] /home/travis/build/icyphy/ptII/ptolemy/actor/lib/test/auto/Uniform.xml (RunModel)" time="0.018" />
  <testcase classname="ptolemy.util.test.junit.AutoTests" name="[392] /home/travis/build/icyphy/ptII/ptolemy/actor/lib/test/auto/UnionDisassemblerTest.xml (RunModel)" time="0.012" />
  <testcase classname="ptolemy.util.test.junit.AutoTests" name="[393] /home/travis/build/icyphy/ptII/ptolemy/actor/lib/test/auto/UtilityFunctions.xml (RunModel)" time="0.008" />
  <testcase classname="ptolemy.util.test.junit.AutoTests" name="[394] /home/travis/build/icyphy/ptII/ptolemy/actor/lib/test/auto/VariableSleep.xml (RunModel)" time="0.512" />
  <testcase classname="ptolemy.util.test.junit.AutoTests" name="[395] /home/travis/build/icyphy/ptII/ptolemy/actor/lib/test/auto/VectorAssemblerDisassemblerCT.xml (RunModel)" time="0.111" />
  <testcase classname="ptolemy.util.test.junit.AutoTests" name="[396] /home/travis/build/icyphy/ptII/ptolemy/actor/lib/test/auto/VectorAssemblerDisassemblerDE.xml (RunModel)" time="0.013" />
  <testcase classname="ptolemy.util.test.junit.AutoTests" name="[397] /home/travis/build/icyphy/ptII/ptolemy/actor/lib/test/auto/VectorAssemblerDisassemblerSDF.xml (RunModel)" time="0.013" />
  <testcase classname="ptolemy.util.test.junit.AutoTests" name="[398] /home/travis/build/icyphy/ptII/ptolemy/actor/lib/test/auto/WallClockTime.xml (RunModel)" time="1.013" />
  <testcase classname="ptolemy.util.test.junit.AutoTests" name="[399] /home/travis/build/icyphy/ptII/ptolemy/actor/lib/test/auto/WidthTestWithSubscriberPublisher.xml (RunModel)" time="0.04" />
  <testcase classname="ptolemy.util.test.junit.AutoTests" name="[400] /home/travis/build/icyphy/ptII/ptolemy/actor/lib/test/auto/WidthTestWithSubscriberPublisher2.xml (RunModel)" time="0.014" />
  <testcase classname="ptolemy.util.test.junit.AutoTests" name="[401] /home/travis/build/icyphy/ptII/ptolemy/actor/lib/test/auto/WidthTestWithSubscriberPublisher3.xml (RunModel)" time="0.013" />
  <testcase classname="ptolemy.util.test.junit.AutoTests" name="[402] /home/travis/build/icyphy/ptII/ptolemy/actor/lib/test/auto/Writer.xml (RunModel)" time="0.008" />
  <testcase classname="ptolemy.util.test.junit.AutoTests" name="[403] /home/travis/build/icyphy/ptII/ptolemy/actor/lib/test/auto/array.xml (RunModel)" time="0.01" />
  <testcase classname="ptolemy.util.test.junit.AutoTests" name="[404] /home/travis/build/icyphy/ptII/ptolemy/actor/lib/test/auto/array2.xml (RunModel)" time="0.021" />
  <testcase classname="ptolemy.util.test.junit.AutoTests" name="[405] /home/travis/build/icyphy/ptII/ptolemy/actor/lib/test/auto/arrayType.xml (RunModel)" time="0.016" />
  <testcase classname="ptolemy.util.test.junit.AutoTests" name="[406] /home/travis/build/icyphy/ptII/ptolemy/actor/lib/test/auto/arrayType10.xml (RunModel)" time="0.008" />
  <testcase classname="ptolemy.util.test.junit.AutoTests" name="[407] /home/travis/build/icyphy/ptII/ptolemy/actor/lib/test/auto/arrayType11.xml (RunModel)" time="0.009" />
  <testcase classname="ptolemy.util.test.junit.AutoTests" name="[408] /home/travis/build/icyphy/ptII/ptolemy/actor/lib/test/auto/arrayType12.xml (RunModel)" time="0.009" />
  <testcase classname="ptolemy.util.test.junit.AutoTests" name="[409] /home/travis/build/icyphy/ptII/ptolemy/actor/lib/test/auto/arrayType13.xml (RunModel)" time="0.008" />
  <testcase classname="ptolemy.util.test.junit.AutoTests" name="[410] /home/travis/build/icyphy/ptII/ptolemy/actor/lib/test/auto/arrayType14.xml (RunModel)" time="0.009" />
  <testcase classname="ptolemy.util.test.junit.AutoTests" name="[411] /home/travis/build/icyphy/ptII/ptolemy/actor/lib/test/auto/arrayType15.xml (RunModel)" time="0.01" />
  <testcase classname="ptolemy.util.test.junit.AutoTests" name="[412] /home/travis/build/icyphy/ptII/ptolemy/actor/lib/test/auto/arrayType16.xml (RunModel)" time="0.009" />
  <testcase classname="ptolemy.util.test.junit.AutoTests" name="[413] /home/travis/build/icyphy/ptII/ptolemy/actor/lib/test/auto/arrayType17.xml (RunModel)" time="0.009" />
  <testcase classname="ptolemy.util.test.junit.AutoTests" name="[414] /home/travis/build/icyphy/ptII/ptolemy/actor/lib/test/auto/arrayType18.xml (RunModel)" time="0.009" />
  <testcase classname="ptolemy.util.test.junit.AutoTests" name="[415] /home/travis/build/icyphy/ptII/ptolemy/actor/lib/test/auto/arrayType19.xml (RunModel)" time="0.008" />
  <testcase classname="ptolemy.util.test.junit.AutoTests" name="[416] /home/travis/build/icyphy/ptII/ptolemy/actor/lib/test/auto/arrayType2.xml (RunModel)" time="0.009" />
  <testcase classname="ptolemy.util.test.junit.AutoTests" name="[417] /home/travis/build/icyphy/ptII/ptolemy/actor/lib/test/auto/arrayType20.xml (RunModel)" time="0.009" />
  <testcase classname="ptolemy.util.test.junit.AutoTests" name="[418] /home/travis/build/icyphy/ptII/ptolemy/actor/lib/test/auto/arrayType21.xml (RunModel)" time="0.008" />
  <testcase classname="ptolemy.util.test.junit.AutoTests" name="[419] /home/travis/build/icyphy/ptII/ptolemy/actor/lib/test/auto/arrayType22.xml (RunModel)" time="0.008" />
  <testcase classname="ptolemy.util.test.junit.AutoTests" name="[420] /home/travis/build/icyphy/ptII/ptolemy/actor/lib/test/auto/arrayType23.xml (RunModel)" time="0.008" />
  <testcase classname="ptolemy.util.test.junit.AutoTests" name="[421] /home/travis/build/icyphy/ptII/ptolemy/actor/lib/test/auto/arrayType24.xml (RunModel)" time="0.009" />
  <testcase classname="ptolemy.util.test.junit.AutoTests" name="[422] /home/travis/build/icyphy/ptII/ptolemy/actor/lib/test/auto/arrayType25.xml (RunModel)" time="0.01" />
  <testcase classname="ptolemy.util.test.junit.AutoTests" name="[423] /home/travis/build/icyphy/ptII/ptolemy/actor/lib/test/auto/arrayType26.xml (RunModel)" time="0.008" />
  <testcase classname="ptolemy.util.test.junit.AutoTests" name="[424] /home/travis/build/icyphy/ptII/ptolemy/actor/lib/test/auto/arrayType27.xml (RunModel)" time="0.008" />
  <testcase classname="ptolemy.util.test.junit.AutoTests" name="[425] /home/travis/build/icyphy/ptII/ptolemy/actor/lib/test/auto/arrayType28.xml (RunModel)" time="0.049" />
  <testcase classname="ptolemy.util.test.junit.AutoTests" name="[426] /home/travis/build/icyphy/ptII/ptolemy/actor/lib/test/auto/arrayType3.xml (RunModel)" time="0.044" />
  <testcase classname="ptolemy.util.test.junit.AutoTests" name="[427] /home/travis/build/icyphy/ptII/ptolemy/actor/lib/test/auto/arrayType4.xml (RunModel)" time="0.031" />
  <testcase classname="ptolemy.util.test.junit.AutoTests" name="[428] /home/travis/build/icyphy/ptII/ptolemy/actor/lib/test/auto/arrayType5.xml (RunModel)" time="0.035" />
  <testcase classname="ptolemy.util.test.junit.AutoTests" name="[429] /home/travis/build/icyphy/ptII/ptolemy/actor/lib/test/auto/arrayType6.xml (RunModel)" time="0.039" />
  <testcase classname="ptolemy.util.test.junit.AutoTests" name="[430] /home/travis/build/icyphy/ptII/ptolemy/actor/lib/test/auto/arrayType7.xml (RunModel)" time="0.007" />
  <testcase classname="ptolemy.util.test.junit.AutoTests" name="[431] /home/travis/build/icyphy/ptII/ptolemy/actor/lib/test/auto/arrayType8.xml (RunModel)" time="0.012" />
  <testcase classname="ptolemy.util.test.junit.AutoTests" name="[432] /home/travis/build/icyphy/ptII/ptolemy/actor/lib/test/auto/arrayType9.xml (RunModel)" time="0.029" />
  <testcase classname="ptolemy.util.test.junit.AutoTests" name="[433] /home/travis/build/icyphy/ptII/ptolemy/actor/lib/test/auto/cast.xml (RunModel)" time="0.031" />
  <testcase classname="ptolemy.util.test.junit.AutoTests" name="[434] /home/travis/build/icyphy/ptII/ptolemy/actor/lib/test/auto/compositeMultiPort.xml (RunModel)" time="0.03" />
  <testcase classname="ptolemy.util.test.junit.AutoTests" name="[435] /home/travis/build/icyphy/ptII/ptolemy/actor/lib/test/auto/expressionCastInference.xml (RunModel)" time="0.008" />
  <testcase classname="ptolemy.util.test.junit.AutoTests" name="[436] /home/travis/build/icyphy/ptII/ptolemy/actor/lib/test/auto/expressionCastInference2.xml (RunModel)" time="0.008" />
  <testcase classname="ptolemy.util.test.junit.AutoTests" name="[437] /home/travis/build/icyphy/ptII/ptolemy/actor/lib/test/auto/expressionInference.xml (RunModel)" time="0.008" />
  <testcase classname="ptolemy.util.test.junit.AutoTests" name="[438] /home/travis/build/icyphy/ptII/ptolemy/actor/lib/test/auto/expression_bug.xml (RunModel)" time="0.008" />
  <testcase classname="ptolemy.util.test.junit.AutoTests" name="[439] /home/travis/build/icyphy/ptII/ptolemy/actor/lib/test/auto/factorial.xml (RunModel)" time="0.064" />
  <testcase classname="ptolemy.util.test.junit.AutoTests" name="[440] /home/travis/build/icyphy/ptII/ptolemy/actor/lib/test/auto/filterTest1.xml (RunModel)" time="0.012" />
  <testcase classname="ptolemy.util.test.junit.AutoTests" name="[441] /home/travis/build/icyphy/ptII/ptolemy/actor/lib/test/auto/funcApplyInConst.xml (RunModel)" time="0.006" />
  <testcase classname="ptolemy.util.test.junit.AutoTests" name="[442] /home/travis/build/icyphy/ptII/ptolemy/actor/lib/test/auto/funcApplyInExpr.xml (RunModel)" time="0.008" />
  <testcase classname="ptolemy.util.test.junit.AutoTests" name="[443] /home/travis/build/icyphy/ptII/ptolemy/actor/lib/test/auto/function.xml (RunModel)" time="0.011" />
  <testcase classname="ptolemy.util.test.junit.AutoTests" name="[444] /home/travis/build/icyphy/ptII/ptolemy/actor/lib/test/auto/function2.xml (RunModel)" time="0.012" />
  <testcase classname="ptolemy.util.test.junit.AutoTests" name="[445] /home/travis/build/icyphy/ptII/ptolemy/actor/lib/test/auto/function3.xml (RunModel)" time="0.007" />
  <testcase classname="ptolemy.util.test.junit.AutoTests" name="[446] /home/travis/build/icyphy/ptII/ptolemy/actor/lib/test/auto/functionClosureTest1.xml (RunModel)" time="0.011" />
  <testcase classname="ptolemy.util.test.junit.AutoTests" name="[447] /home/travis/build/icyphy/ptII/ptolemy/actor/lib/test/auto/functionClosureTest2.xml (RunModel)" time="0.007" />
  <testcase classname="ptolemy.util.test.junit.AutoTests" name="[448] /home/travis/build/icyphy/ptII/ptolemy/actor/lib/test/auto/functionClosureTest3.xml (RunModel)" time="0.01" />
  <testcase classname="ptolemy.util.test.junit.AutoTests" name="[449] /home/travis/build/icyphy/ptII/ptolemy/actor/lib/test/auto/functionClosureTest4.xml (RunModel)" time="0.016" />
  <testcase classname="ptolemy.util.test.junit.AutoTests" name="[450] /home/travis/build/icyphy/ptII/ptolemy/actor/lib/test/auto/functionClosureTest5.xml (RunModel)" time="0.013" />
  <testcase classname="ptolemy.util.test.junit.AutoTests" name="[451] /home/travis/build/icyphy/ptII/ptolemy/actor/lib/test/auto/functionClosureTest6.xml (RunModel)" time="0.008" />
  <testcase classname="ptolemy.util.test.junit.AutoTests" name="[452] /home/travis/build/icyphy/ptII/ptolemy/actor/lib/test/auto/functionsOnArcs.xml (RunModel)" time="0.01" />
  <testcase classname="ptolemy.util.test.junit.AutoTests" name="[453] /home/travis/build/icyphy/ptII/ptolemy/actor/lib/test/auto/functionsOnArcsHOF.xml (RunModel)" time="0.012" />
  <testcase classname="ptolemy.util.test.junit.AutoTests" name="[454] /home/travis/build/icyphy/ptII/ptolemy/actor/lib/test/auto/logic.xml (RunModel)" time="0.018" />
  <testcase classname="ptolemy.util.test.junit.AutoTests" name="[455] /home/travis/build/icyphy/ptII/ptolemy/actor/lib/test/auto/matrixType.xml (RunModel)" time="0.01" />
  <testcase classname="ptolemy.util.test.junit.AutoTests" name="[456] /home/travis/build/icyphy/ptII/ptolemy/actor/lib/test/auto/matrixType10.xml (RunModel)" time="0.009" />
  <testcase classname="ptolemy.util.test.junit.AutoTests" name="[457] /home/travis/build/icyphy/ptII/ptolemy/actor/lib/test/auto/matrixType11.xml (RunModel)" time="0.008" />
  <testcase classname="ptolemy.util.test.junit.AutoTests" name="[458] /home/travis/build/icyphy/ptII/ptolemy/actor/lib/test/auto/matrixType12.xml (RunModel)" time="0.011" />
  <testcase classname="ptolemy.util.test.junit.AutoTests" name="[459] /home/travis/build/icyphy/ptII/ptolemy/actor/lib/test/auto/matrixType13.xml (RunModel)" time="0.009" />
  <testcase classname="ptolemy.util.test.junit.AutoTests" name="[460] /home/travis/build/icyphy/ptII/ptolemy/actor/lib/test/auto/matrixType14.xml (RunModel)" time="0.013" />
  <testcase classname="ptolemy.util.test.junit.AutoTests" name="[461] /home/travis/build/icyphy/ptII/ptolemy/actor/lib/test/auto/matrixType2.xml (RunModel)" time="0.009" />
  <testcase classname="ptolemy.util.test.junit.AutoTests" name="[462] /home/travis/build/icyphy/ptII/ptolemy/actor/lib/test/auto/matrixType3.xml (RunModel)" time="0.011" />
  <testcase classname="ptolemy.util.test.junit.AutoTests" name="[463] /home/travis/build/icyphy/ptII/ptolemy/actor/lib/test/auto/matrixType4.xml (RunModel)" time="0.008" />
  <testcase classname="ptolemy.util.test.junit.AutoTests" name="[464] /home/travis/build/icyphy/ptII/ptolemy/actor/lib/test/auto/matrixType5.xml (RunModel)" time="0.008" />
  <testcase classname="ptolemy.util.test.junit.AutoTests" name="[465] /home/travis/build/icyphy/ptII/ptolemy/actor/lib/test/auto/matrixType6.xml (RunModel)" time="0.008" />
  <testcase classname="ptolemy.util.test.junit.AutoTests" name="[466] /home/travis/build/icyphy/ptII/ptolemy/actor/lib/test/auto/matrixType7.xml (RunModel)" time="0.009" />
  <testcase classname="ptolemy.util.test.junit.AutoTests" name="[467] /home/travis/build/icyphy/ptII/ptolemy/actor/lib/test/auto/matrixType8.xml (RunModel)" time="0.009" />
  <testcase classname="ptolemy.util.test.junit.AutoTests" name="[468] /home/travis/build/icyphy/ptII/ptolemy/actor/lib/test/auto/matrixType9.xml (RunModel)" time="0.008" />
  <testcase classname="ptolemy.util.test.junit.AutoTests" name="[469] /home/travis/build/icyphy/ptII/ptolemy/actor/lib/test/auto/paraFunctest.xml (RunModel)" time="0.008" />
  <testcase classname="ptolemy.util.test.junit.AutoTests" name="[470] /home/travis/build/icyphy/ptII/ptolemy/actor/lib/test/auto/paraFunctest2.xml (RunModel)" time="0.008" />
  <testcase classname="ptolemy.util.test.junit.AutoTests" name="[471] /home/travis/build/icyphy/ptII/ptolemy/actor/lib/test/auto/parameterPassing.xml (RunModel)" time="0.007" />
  <testcase classname="ptolemy.util.test.junit.AutoTests" name="[472] /home/travis/build/icyphy/ptII/ptolemy/actor/lib/test/auto/record.xml (RunModel)" time="0.01" />
  <testcase classname="ptolemy.util.test.junit.AutoTests" name="[473] /home/travis/build/icyphy/ptII/ptolemy/actor/lib/test/auto/sizedarray1.xml (RunModel)" time="0.009" />
  <testcase classname="ptolemy.util.test.junit.AutoTests" name="[474] /home/travis/build/icyphy/ptII/ptolemy/actor/lib/test/auto/sizedarray2.xml (RunModel)" time="0.009" />
  <testcase classname="ptolemy.util.test.junit.AutoTests" name="[475] /home/travis/build/icyphy/ptII/ptolemy/actor/lib/test/auto/twoPublishers.xml (RunModel)" time="0.019" />
  <system-out><![CDATA[/home/travis/build/icyphy/ptII/ptolemy/actor/lib/test/AbsoluteValue.tcl
testDefs.tcl: setting time out to 9000 seconds at Fri Aug 02 05:20:15 UTC 2019
135 ms. Memory: 120832K Free: 85444K (71%)
11 ms. Memory: 120832K Free: 83910K (69%)
11 ms. Memory: 120832K Free: 82886K (69%)
8 ms. Memory: 120832K Free: 82372K (68%)
/home/travis/build/icyphy/ptII/ptolemy/actor/lib/test/AddSubtract.tcl
16 ms. Memory: 120832K Free: 80324K (66%)
16 ms. Memory: 120832K Free: 79300K (66%)
12 ms. Memory: 120832K Free: 78790K (65%)
8 ms. Memory: 120832K Free: 77766K (64%)
61 ms. Memory: 120832K Free: 75204K (62%)
14 ms. Memory: 120832K Free: 74180K (61%)
/home/travis/build/icyphy/ptII/ptolemy/actor/lib/test/Average.tcl
12 ms. Memory: 120832K Free: 72646K (60%)
18 ms. Memory: 120832K Free: 71108K (59%)
/home/travis/build/icyphy/ptII/ptolemy/actor/lib/test/Bernoulli.tcl
16 ms. Memory: 120832K Free: 69574K (58%)
6 ms. Memory: 120832K Free: 69574K (58%)
/home/travis/build/icyphy/ptII/ptolemy/actor/lib/test/Clock.tcl
preinitializing
resolving types
initializing
executing number 1
wrapping up
idle
36 ms. Memory: 120832K Free: 66502K (55%)
Completed execution with 5 iterations
preinitializing
resolving types
initializing
executing number 1
wrapping up
idle
14 ms. Memory: 120832K Free: 65988K (55%)
Completed execution with 5 iterations
preinitializing
resolving types
initializing
executing number 1
wrapping up
idle
12 ms. Memory: 120832K Free: 65478K (54%)
Completed execution with 5 iterations
/home/travis/build/icyphy/ptII/ptolemy/actor/lib/test/Commutator.tcl
18 ms. Memory: 120832K Free: 63430K (52%)
12 ms. Memory: 120832K Free: 62406K (52%)
19 ms. Memory: 120832K Free: 56758K (47%)
/home/travis/build/icyphy/ptII/ptolemy/actor/lib/test/Const.tcl
5 ms. Memory: 120832K Free: 55238K (46%)
2 ms. Memory: 120832K Free: 54724K (45%)
3 ms. Memory: 120832K Free: 54214K (45%)
3 ms. Memory: 120832K Free: 53700K (44%)
2 ms. Memory: 120832K Free: 52646K (44%)
25 ms. Memory: 120832K Free: 51142K (42%)
5 ms. Memory: 120832K Free: 50118K (41%)
3 ms. Memory: 120832K Free: 49094K (41%)
/home/travis/build/icyphy/ptII/ptolemy/actor/lib/test/CurrentTime.tcl
preinitializing
resolving types
initializing
executing number 1
wrapping up
idle
12 ms. Memory: 120832K Free: 47556K (39%)
Completed execution with 11 iterations
/home/travis/build/icyphy/ptII/ptolemy/actor/lib/test/DB.tcl
29 ms. Memory: 120832K Free: 107135K (89%)
11 ms. Memory: 120832K Free: 106639K (88%)
2 ms. Memory: 120832K Free: 106125K (88%)
/home/travis/build/icyphy/ptII/ptolemy/actor/lib/test/DiscreteRandomSource.tcl
preinitializing
resolving types
initializing
executing number 1
wrapping up
idle
5 ms. Memory: 120832K Free: 104591K (87%)
Completed execution with 4 iterations
preinitializing
resolving types
initializing
executing number 1
wrapping up
idle
3 ms. Memory: 120832K Free: 104077K (86%)
Completed execution with 4 iterations
preinitializing
resolving types
initializing
executing number 1
wrapping up
idle
2 ms. Memory: 120832K Free: 103567K (86%)
Completed execution with 4 iterations
preinitializing
resolving types
initializing
executing number 1
wrapping up
idle
2 ms. Memory: 120832K Free: 103567K (86%)
Completed execution with 4 iterations
preinitializing
resolving types
initializing
executing number 1
wrapping up
idle
3 ms. Memory: 120832K Free: 103053K (85%)
Completed execution with 4 iterations
/home/travis/build/icyphy/ptII/ptolemy/actor/lib/test/Distributor.tcl
4 ms. Memory: 120832K Free: 101519K (84%)
10 ms. Memory: 120832K Free: 100495K (83%)
StreamChangeRequest.changeExecuted(): <deleteEntity name="rec2"/> succeeded
StreamChangeRequest.changeExecuted(): <deleteRelation name="r2"/> succeeded
StreamChangeRequest.changeExecuted(): Record firings per iteration succeeded
5 ms. Memory: 120832K Free: 97933K (81%)
/home/travis/build/icyphy/ptII/ptolemy/actor/lib/test/Exit.tcl
Exit.tcl: this will print a message about Manager.exitAfterWrapup, which can be ignored.
7 ms. Memory: 120832K Free: 94799K (78%)
/home/travis/build/icyphy/ptII/ptolemy/actor/lib/test/Expression.tcl
23 ms. Memory: 120832K Free: 91789K (76%)
12 ms. Memory: 120832K Free: 91279K (76%)
12 ms. Memory: 120832K Free: 105966K (88%)
preinitializing
resolving types
initializing
executing number 1
wrapping up
idle
14 ms. Memory: 120832K Free: 104414K (86%)
Completed execution with 6 iterations
12 ms. Memory: 120832K Free: 103404K (86%)
3 ms. Memory: 120832K Free: 102894K (85%)
5 ms. Memory: 120832K Free: 101342K (84%)
4 ms. Memory: 120832K Free: 100332K (83%)
4 ms. Memory: 120832K Free: 99308K (82%)
/home/travis/build/icyphy/ptII/ptolemy/actor/lib/test/Gaussian.tcl
5 ms. Memory: 120832K Free: 97260K (80%)
sleeping 1 seconds: .........................................................................................................................................................................................................................................................................................................................................................................................................................................................................................................................................................................................................................................................................................................................................................................................................................................................................................................................................................................................................................................................................................................................................................................................................................................................................................................................................................................................................................................................................................................................................................................................................................................................................................................................................................................................................................................................................................................................................................................................................................................................................................................................................................................................................................................................................................................................................................................................................................................................................................................................................................................................................................................................................................................................................................................................................................................................................................................................................................................................................................................................................................................................................................................................................................................................................................................................................................................................................................................................................................................................................................................................................................................................................................................................................................................................................................................................................................................................................................................................................................................................................................................................................................................................................................................................................................................................................................................................................................................................................................................................................................................................................................................................................................................................................................................................................................................................................................................................................................................................................................................................................................................................................................................................................................................................................................................................................................................................................................................................................................................................................................................................................................................................................................................................................................................................................................................................................................................................................................................................................................................................................................................................................................................................................................................................................................................................................................................................................................................................................................................................................................................................................................................................................................................................................................................................................................................................................................................................................................................................................................................................................................................................................................................................................................................................................................................................................................................................................................................................................................................................................................................................................................................................................................................................................................................................................................................................................................................................................................................................................................................................................................................................................................................................................................................................................................................................................................................................................................................................................................................................................................................................................................................................................................................................................................................................................................................................................................................................................................................................................................................................................................................................................................................................................................................................................................................................................................................................................................................................................................................................................................................................................................................................................................................................................................................................................................................................................................................................................................................................................................................................................................................................................................................................................................................................................................................................................................................................................................................................................................................................................................................................................................................................................................................................................................................................................................................................................................................................................................................................................................................................................................................................................................................................................................................................................................................................................................................................................................................................................................................................................................................................................................................................................................................................................................................................................................................................................................................................................................................................................................................................................................................................................................................................................................................................................................................................................................................................................................................................................................................................................................................................................................................................................................................................................................................................................................................................................................................................................................................................................................................................................................................................................................................................................................................................................................................................................................................................................................................................................................................................................................................................................................................................................................................................................................................................................................................................................................................................................................................................................................................................................................................................................................................................................................................................................................................................................................................................................................................................................................................................................................................................................................................................................................................................................................................................................................................................................................................................................................................................................................................................................................................................................................................................................................................................................................................................................................................................................................................................................................................................................................................................................................................................................................................................................................................................................................................................................................................................................................................................................................................................................................................................................................................................................................................................................................................................................................................................................................................................................................................................................................................................................................................................................................................................................................................................................................................................................................................................................................................................................................................................................................................................................................................................................................................................................................................................................................................................................................................................................................................................................................................................................................................................................................................................................................................................................................................................................................................................................................................................................................................................................................................................................................................................................................................................................................................................................................................................................................................................................................................................................................................................................................................................................................................................................................................................................................................................................................................................................................................................................................................................................................................................................................................................................................................................................................................................................................................................................................................................................................................................................................................................................................................................................................................................................................................................................................................................................................................................................................................................................................................................................................................................................................................................................................................................................................................................................................................................................................................................................................................................................................................................................................................................................................................................................................................................................................................................................................................................................................................................................................................................................................................................................................................................................................................................................................................................................................................................................................................................................................................................................................................................................................................................................................................................................................................................................................................................................................................................................................................................................................................................................................................................................................................................................................................................................................................................................................................................................................................................................................................................................................................................................................................................................................................................................................................................................................................................................................................................................................................................................................................................................................................................................................................................................................................................................................................................................................................................................................................................................................................................................................................................................................................................................................................................................................................................................................................................................................................................................................................................................................................................................................................................................................................................................................................................................................................................................................................................................................................................................................................................................................................................................................................................................................................................................................................................................................................................................................................................................................................................................................................................................................................................................................................................................................................................................................................................................................................................................................................................................................................................................................................................................................................................................................................................................................................................................................................................................................................................................................................................................................................................................................................................................................................................................................................................................................................................................................................................................................................................................................................................................................................................................................................................................................................................................................................................................................................................................................................................................................................................................................................................................................................................................................................................................................................................................................................................................................................................................................................................................................................................................................................................................................................................................................................................................................................................................................................................................................................................................................................................................................................................................................................................................................................................................................................................................................................................................................................................................................................................................................................................................................................................................................................................................................................................................................................................................................................................................................................................................................................................................................................................................................................................................................................................................................................................................................................................................................................................................................................................................................................................................................................................................................................................................................................................................................................................................................................................................................................................................................................................................................................................................................................................................................................................................................................................................................................................................................................................................................................................................................................................................................................................................................................................................................................................................................................................................................................................................................................................................................................................................................................................................................................................................................................................................................................................................................................................................................................................................................................................................................................................................................................................................................................................................................................................................................................................................................................................................................................................................................................................................................................................................................................................................................................................................................................................................................................................................................................................................................................................................................................................................................................................................................................................................................................................................................................................................................................................................................................................................................................................................................................................................................................................................................................................................................................................................................................................................................................................................................................................................................................................................................................................................................................................................................................................................................................................................................................................................................................................................................................................................................................................................................................................................................................................................................................................................................................................................................................................................................................................................................................................................................................................................................................................................................................................................................................................................................................................................................................................................................................................................................................................................................................................................................................................................................................................................................................................................................................................................................................................................................................................................................................................................................................................................................................................................................................................................................................................................................................................................................................................................................................................................................................................................................................................................................................................................................................................................................................................................................................................................................................................................................................................................................................................................................................................................................................................................................................................................................................................................................................................................................................................................................................................................................................................................................................................................................................................................................................................................................................................................................................................................................................................................................................................................................................................................................................................................................................................................................................................................................................................................................................................................................................................................................................................................................................................................................................................................................................................................................................................................................................................................................................................................................................................................................................................................................................................................................................................................................................................................................................................................................................................................................................................................................................................................................................................................................................................................................................................................................................................................................................................................................................................................................................................................................................................................................................................................................................................................................................................................................................................................................................2 ms. Memory: 120832K Free: 52646K (44%)
2 ms. Memory: 120832K Free: 51622K (43%)
7 ms. Memory: 145408K Free: 131015K (90%)
3 ms. Memory: 145408K Free: 130519K (90%)
2 ms. Memory: 145408K Free: 129999K (89%)
/home/travis/build/icyphy/ptII/ptolemy/actor/lib/test/IIR.tcl
/home/travis/build/icyphy/ptII/ptolemy/actor/lib/test/Interpolator.tcl
15 ms. Memory: 145408K Free: 125909K (87%)
2 ms. Memory: 145408K Free: 125399K (86%)
2 ms. Memory: 145408K Free: 124879K (86%)
3 ms. Memory: 145408K Free: 124375K (86%)
3 ms. Memory: 145408K Free: 123351K (85%)
6 ms. Memory: 145408K Free: 122837K (84%)
3 ms. Memory: 145408K Free: 121813K (84%)
3 ms. Memory: 145408K Free: 120775K (83%)
11 ms. Memory: 145408K Free: 119751K (82%)
7 ms. Memory: 145408K Free: 119255K (82%)
/home/travis/build/icyphy/ptII/ptolemy/actor/lib/test/MathFunction.tcl
5 ms. Memory: 145408K Free: 117207K (81%)
2 ms. Memory: 145408K Free: 115663K (80%)
3 ms. Memory: 145408K Free: 114631K (79%)
3 ms. Memory: 145408K Free: 114135K (78%)
4 ms. Memory: 145408K Free: 112583K (77%)
7 ms. Memory: 145408K Free: 110549K (76%)
/home/travis/build/icyphy/ptII/ptolemy/actor/lib/test/Maximum.tcl
10 ms. Memory: 145408K Free: 109015K (75%)
7 ms. Memory: 145408K Free: 107991K (74%)
7 ms. Memory: 145408K Free: 107463K (74%)
4 ms. Memory: 145408K Free: 106967K (74%)
/home/travis/build/icyphy/ptII/ptolemy/actor/lib/test/Minimum.tcl
7 ms. Memory: 145408K Free: 104919K (72%)
4 ms. Memory: 145408K Free: 104391K (72%)
3 ms. Memory: 145408K Free: 103895K (71%)
2 ms. Memory: 145408K Free: 103381K (71%)
/home/travis/build/icyphy/ptII/ptolemy/actor/lib/test/MultiplyDivide.tcl
10 ms. Memory: 145408K Free: 101333K (70%)
9 ms. Memory: 145408K Free: 100295K (69%)
2 ms. Memory: 145408K Free: 99799K (69%)
4 ms. Memory: 145408K Free: 99271K (68%)
5 ms. Memory: 145408K Free: 98247K (68%)
/home/travis/build/icyphy/ptII/ptolemy/actor/lib/test/OrderedMerge.tcl
Connections changed on port: inputA
Connections changed on port: inputB
Connections changed on port: output
Connections changed on port: output
Connections changed on port: output
Connections changed on port: input
.top. Preinitializing ...
Invoking preinitialize():  .top.OrderedMerge
Called preinitialize()
Invoking preinitialize():  .top.Ramp
Called preinitialize()
Invoking preinitialize():  .top.Ramp2
Called preinitialize()
Invoking preinitialize():  .top.Test
Called preinitialize()
Connections changed on port: inputA
Connections changed on port: output
Connections changed on port: output
Connections changed on port: input
Connections changed on port: inputB
Connections changed on port: output
.top. Finished preinitialize().
Called initialize().
Invoking initialize():  .top.OrderedMerge
Initializing actor: .top.OrderedMerge
Adding a thread: .top.OrderedMerge
Invoking initialize():  .top.Ramp
Initializing actor: .top.Ramp
Adding a thread: .top.Ramp
Invoking initialize():  .top.Ramp2
Initializing actor: .top.Ramp2
Adding a thread: .top.Ramp2
Invoking initialize():  .top.Test
Initializing actor: .top.Test
Adding a thread: .top.Test
Called fire().
Checking for deadlock:
-- Starting thread.
Called initialize()
Called prefire()
Called fire()
-- Starting thread.
Called initialize()
Called prefire()
Called fire()
-- Starting thread.
Called initialize()
Called prefire()
Called fire()
There are 0 Blocked actors, 0 Stopped actors, and 4 active threads.
-- Starting thread.
Called initialize()
Waiting for actors to stop.
Called prefire()
Called fire()
Called postfire()
Called prefire()
Called fire()
Called postfire()
Called prefire()
Called fire()
Called postfire()
Called prefire()
Called fire()
Checking for deadlock:
There are 3 Blocked actors, 0 Stopped actors, and 4 active threads.
Waiting for actors to stop.
Read input token from inputA with value 0.0
Next port to read input from is inputB
Called postfire()
Called prefire()
Called fire()
Read input token from inputB with value 0.0
Sent output token with value 0.0
Next port to read input from is inputA
Called postfire()
Called prefire()
Called fire()
Read input token from inputA with value 1.0
Called postfire()
Called prefire()
Called fire()
-- Read input: 0.0, which is expected to match: 0.0
Called prefire()
Called fire()
Checking for deadlock:
There are 2 Blocked actors, 0 Stopped actors, and 4 active threads.
Waiting for actors to stop.
Called postfire()
Called prefire()
Called fire()
Sent output token with value 0.0
Next port to read input from is inputB
Called postfire()
Called prefire()
Called fire()
Read input token from inputB with value 1.5
Checking for deadlock:
There are 2 Blocked actors, 0 Stopped actors, and 4 active threads.
Waiting for actors to stop.
-- Read input: 0.0, which is expected to match: 0.0
Called prefire()
Called fire()
Checking for deadlock:
Called postfire()
There are 2 Blocked actors, 0 Stopped actors, and 4 active threads.
Called prefire()
Waiting for actors to stop.
Called fire()
Checking for deadlock:
There are 3 Blocked actors, 0 Stopped actors, and 4 active threads.
Waiting for actors to stop.
Checking for deadlock:
There are 2 Blocked actors, 0 Stopped actors, and 4 active threads.
Waiting for actors to stop.
-- Read input: 1.0, which is expected to match: 1.0
Called prefire()
Called fire()
Checking for deadlock:
There are 3 Blocked actors, 0 Stopped actors, and 4 active threads.
Waiting for actors to stop.
Sent output token with value 1.0
Next port to read input from is inputA
Called postfire()
Called prefire()
Called fire()
Called postfire()
Called prefire()
Called fire()
Checking for deadlock:
There are 3 Blocked actors, 0 Stopped actors, and 4 active threads.
Waiting for actors to stop.
Read input token from inputA with value 2.0
-- Read input: 1.5, which is expected to match: 1.5
Called prefire()
Called fire()
Checking for deadlock:
There are 3 Blocked actors, 0 Stopped actors, and 4 active threads.
Waiting for actors to stop.
Sent output token with value 1.5
Next port to read input from is inputB
Called postfire()
Called prefire()
Called fire()
Checking for deadlock:
There are 2 Blocked actors, 0 Stopped actors, and 4 active threads.
Waiting for actors to stop.
Called postfire()
Called prefire()
Called fire()
Checking for deadlock:
There are 3 Blocked actors, 0 Stopped actors, and 4 active threads.
Waiting for actors to stop.
Read input token from inputB with value 3.0
Checking for deadlock:
There are 2 Blocked actors, 0 Stopped actors, and 4 active threads.
Waiting for actors to stop.
-- Read input: 2.0, which is expected to match: 2.0
Called prefire()
Called fire()
Checking for deadlock:
There are 3 Blocked actors, 0 Stopped actors, and 4 active threads.
Waiting for actors to stop.
Sent output token with value 2.0
Next port to read input from is inputA
Called postfire()
Called prefire()
Called fire()
Checking for deadlock:
There are 2 Blocked actors, 0 Stopped actors, and 4 active threads.
Waiting for actors to stop.
Called postfire()
Called prefire()
Called fire()
Checking for deadlock:
There are 3 Blocked actors, 0 Stopped actors, and 4 active threads.
Waiting for actors to stop.
Read input token from inputA with value 3.0
Checking for deadlock:
There are 2 Blocked actors, 0 Stopped actors, and 4 active threads.
Waiting for actors to stop.
-- Read input: 3.0, which is expected to match: 3.0
Called prefire()
Called fire()
Checking for deadlock:
There are 3 Blocked actors, 0 Stopped actors, and 4 active threads.
Waiting for actors to stop.
Sent output token with value 3.0
Next port to read input from is inputB
Called postfire()
Called prefire()
Called fire()
Called postfire()
Called prefire()
Called fire()
Checking for deadlock:
There are 3 Blocked actors, 0 Stopped actors, and 4 active threads.
Waiting for actors to stop.
Read input token from inputB with value 4.5
-- Read input: 3.0, which is expected to match: 3.0
Called prefire()
Called fire()
Checking for deadlock:
There are 3 Blocked actors, 0 Stopped actors, and 4 active threads.
Waiting for actors to stop.
Sent output token with value 3.0
Next port to read input from is inputA
Called postfire()
Called prefire()
Called fire()
Checking for deadlock:
There are 2 Blocked actors, 0 Stopped actors, and 4 active threads.
Waiting for actors to stop.
Called postfire()
Called prefire()
Called fire()
Checking for deadlock:
Read input token from inputA with value 4.0
There are 3 Blocked actors, 0 Stopped actors, and 4 active threads.
Waiting for actors to stop.
Checking for deadlock:
There are 2 Blocked actors, 0 Stopped actors, and 4 active threads.
Waiting for actors to stop.
-- Read input: 4.0, which is expected to match: 4.0
Called prefire()
Called fire()
Past the end of training data. Read and discard all inputs.
Checking for deadlock:
There are 3 Blocked actors, 0 Stopped actors, and 4 active threads.
Waiting for actors to stop.
Sent output token with value 4.0
Next port to read input from is inputA
Called postfire()
Called prefire()
Called fire()
Called postfire()
Called prefire()
Called fire()
Checking for deadlock:
There are 3 Blocked actors, 0 Stopped actors, and 4 active threads.
Waiting for actors to stop.
Read input token from inputA with value 5.0
Called prefire()
Called fire()
Past the end of training data. Read and discard all inputs.
Checking for deadlock:
There are 3 Blocked actors, 0 Stopped actors, and 4 active threads.
Waiting for actors to stop.
Sent output token with value 4.5
Next port to read input from is inputB
Called postfire()
Called prefire()
Called fire()
Checking for deadlock:
There are 2 Blocked actors, 0 Stopped actors, and 4 active threads.
Waiting for actors to stop.
Called postfire()
Called prefire()
Called fire()
Checking for deadlock:
Read input token from inputB with value 6.0
There are 3 Blocked actors, 0 Stopped actors, and 4 active threads.
Waiting for actors to stop.
Checking for deadlock:
There are 2 Blocked actors, 0 Stopped actors, and 4 active threads.
Waiting for actors to stop.
Called prefire()
Called fire()
Past the end of training data. Read and discard all inputs.
Checking for deadlock:
There are 3 Blocked actors, 0 Stopped actors, and 4 active threads.
Waiting for actors to stop.
Sent output token with value 5.0
Next port to read input from is inputA
Called postfire()
Called prefire()
Called fire()
Checking for deadlock:
There are 2 Blocked actors, 0 Stopped actors, and 4 active threads.
Waiting for actors to stop.
Called postfire()
Called prefire()
Called fire()
Checking for deadlock:
Read input token from inputA with value 6.0
There are 3 Blocked actors, 0 Stopped actors, and 4 active threads.
Waiting for actors to stop.
Checking for deadlock:
There are 2 Blocked actors, 0 Stopped actors, and 4 active threads.
Waiting for actors to stop.
Called prefire()
Called fire()
Past the end of training data. Read and discard all inputs.
Checking for deadlock:
There are 3 Blocked actors, 0 Stopped actors, and 4 active threads.
Waiting for actors to stop.
Sent output token with value 6.0
Next port to read input from is inputB
Called postfire()
Called prefire()
Called fire()
Called postfire()
Called prefire()
Called fire()
Checking for deadlock:
There are 3 Blocked actors, 0 Stopped actors, and 4 active threads.
Waiting for actors to stop.
Read input token from inputB with value 7.5
Called prefire()
Called fire()
Past the end of training data. Read and discard all inputs.
Checking for deadlock:
There are 3 Blocked actors, 0 Stopped actors, and 4 active threads.
Waiting for actors to stop.
Sent output token with value 6.0
Next port to read input from is inputA
Called postfire()
Called prefire()
Called fire()
Checking for deadlock:
There are 2 Blocked actors, 0 Stopped actors, and 4 active threads.
Waiting for actors to stop.
Called postfire()
Called prefire()
Called fire()
Checking for deadlock:
Read input token from inputA with value 7.0
There are 3 Blocked actors, 0 Stopped actors, and 4 active threads.
Waiting for actors to stop.
Checking for deadlock:
There are 2 Blocked actors, 0 Stopped actors, and 4 active threads.
Waiting for actors to stop.
Called prefire()
Called fire()
Past the end of training data. Read and discard all inputs.
Checking for deadlock:
There are 3 Blocked actors, 0 Stopped actors, and 4 active threads.
Waiting for actors to stop.
Sent output token with value 7.0
Next port to read input from is inputA
Called postfire()
Called prefire()
Called fire()
-- Thread wrapup() called.
Called wrapup()
Thread .top.Ramp is exiting.
-- Thread stopped.
Checking for deadlock:
There are 2 Blocked actors, 0 Stopped actors, and 3 active threads.
Waiting for actors to stop.
Read input token from inputA with value 8.0
Checking for deadlock:
There are 1 Blocked actors, 0 Stopped actors, and 3 active threads.
Sent output token with value 7.5
Waiting for actors to stop.
Called prefire()
Called fire()
Past the end of training data. Read and discard all inputs.
Checking for deadlock:
There are 2 Blocked actors, 0 Stopped actors, and 3 active threads.
Waiting for actors to stop.
Next port to read input from is inputB
Called postfire()
Called prefire()
Called fire()
Checking for deadlock:
There are 1 Blocked actors, 0 Stopped actors, and 3 active threads.
Waiting for actors to stop.
Called postfire()
Called prefire()
Called fire()
Checking for deadlock:
Read input token from inputB with value 9.0
There are 2 Blocked actors, 0 Stopped actors, and 3 active threads.
Waiting for actors to stop.
Checking for deadlock:
There are 1 Blocked actors, 0 Stopped actors, and 3 active threads.
Waiting for actors to stop.
Called prefire()
Called fire()
Past the end of training data. Read and discard all inputs.
Checking for deadlock:
There are 2 Blocked actors, 0 Stopped actors, and 3 active threads.
Waiting for actors to stop.
Sent output token with value 8.0
Next port to read input from is inputA
Called postfire()
Called prefire()
Called fire()
Read input token from inputA with value 9.0
Checking for deadlock:
Called prefire()
Called fire()
There are 1 Blocked actors, 0 Stopped actors, and 3 active threads.
Past the end of training data. Read and discard all inputs.
Waiting for actors to stop.
Checking for deadlock:
There are 2 Blocked actors, 0 Stopped actors, and 3 active threads.
Waiting for actors to stop.
Sent output token with value 9.0
Next port to read input from is inputB
Called postfire()
Called prefire()
Called fire()
Checking for deadlock:
There are 1 Blocked actors, 0 Stopped actors, and 3 active threads.
Waiting for actors to stop.
Called postfire()
Called prefire()
Called fire()
Checking for deadlock:
There are 2 Blocked actors, 0 Stopped actors, and 3 active threads.
Waiting for actors to stop.
Read input token from inputB with value 10.5
Checking for deadlock:
There are 1 Blocked actors, 0 Stopped actors, and 3 active threads.
Waiting for actors to stop.
Sent output token with value 9.0
Called prefire()
Called fire()
Past the end of training data. Read and discard all inputs.
Checking for deadlock:
There are 2 Blocked actors, 0 Stopped actors, and 3 active threads.
Waiting for actors to stop.
Next port to read input from is inputA
Called postfire()
Called prefire()
Called fire()
Checking for deadlock:
There are 3 Blocked actors, 0 Stopped actors, and 3 active threads.
Actors have stopped.
Checking for deadlock:
There are 3 Blocked actors, 0 Stopped actors, and 3 active threads.
Deadlock detected.
Resolving Deadlock
Checking for deadlock:
There are 3 Blocked actors, 0 Stopped actors, and 3 active threads.
Artificial Deadlock - increasing queue capacity.
increasing the capacity of receiver ptolemy.actor.TypedIOPort {.top.OrderedMerge.inputB} to 2
Director: Called postfire().
Called postfire().
-- Thread wrapup() called.
Called wrapup()
_stopRequested = false
_stopFireRequested = false
Returning from postfire(): true
Thread .top.Ramp2 is exiting.
-- Thread stopped.
Called fire().
Checking for deadlock:
There are 2 Blocked actors, 0 Stopped actors, and 2 active threads.
Actors have stopped.
Checking for deadlock:
There are 2 Blocked actors, 0 Stopped actors, and 2 active threads.
Deadlock detected.
Resolving Deadlock
Checking for deadlock:
There are 2 Blocked actors, 0 Stopped actors, and 2 active threads.
Deadlock detected: no processes blocked on write, but some are blocked on read.
Called postfire().
_stopRequested = false
_stopFireRequested = false
Returning from postfire(): false
Finished deactivating branches.
Called wrapup().
-- Thread wrapup() called.
Called wrapup()
Thread .top.OrderedMerge is exiting.
-- Thread stopped.
-- Blocked Receiver call threw TerminateProcessException.
-- Thread wrapup() called.
Called wrapup()
Thread .top.Test is exiting.
-- Thread stopped.
-- Blocked Receiver call threw TerminateProcessException.
69 ms. Memory: 145408K Free: 93141K (64%)
.top. Preinitializing ...
Invoking preinitialize():  .top.OrderedMerge
Called preinitialize()
Invoking preinitialize():  .top.Ramp
Called preinitialize()
Invoking preinitialize():  .top.Ramp2
Called preinitialize()
Invoking preinitialize():  .top.Test
Called preinitialize()
.top. Finished preinitialize().
Called initialize().
Invoking initialize():  .top.OrderedMerge
Initializing actor: .top.OrderedMerge
Adding a thread: .top.OrderedMerge
Invoking initialize():  .top.Ramp
Initializing actor: .top.Ramp
Adding a thread: .top.Ramp
Invoking initialize():  .top.Ramp2
Initializing actor: .top.Ramp2
Adding a thread: .top.Ramp2
Invoking initialize():  .top.Test
Initializing actor: .top.Test
Adding a thread: .top.Test
-- Starting thread.
Called initialize()
Called prefire()
Called fire()
-- Starting thread.
Called initialize()
Called prefire()
Called fire()
Called postfire()
Called prefire()
Called fire()
-- Starting thread.
Called initialize()
Called prefire()
Called fire()
Called postfire()
Called prefire()
Called fire()
Called fire().
Checking for deadlock:
There are 3 Blocked actors, 0 Stopped actors, and 4 active threads.
Waiting for actors to stop.
-- Starting thread.
Called initialize()
Called prefire()
Called fire()
Checking for deadlock:
There are 2 Blocked actors, 0 Stopped actors, and 4 active threads.
Waiting for actors to stop.
Called postfire()
Called prefire()
Called fire()
Checking for deadlock:
There are 3 Blocked actors, 0 Stopped actors, and 4 active threads.
Waiting for actors to stop.
Read input token from inputA with value 0.0
Next port to read input from is inputB
Called postfire()
Called prefire()
Called fire()
Checking for deadlock:
There are 2 Blocked actors, 0 Stopped actors, and 4 active threads.
Waiting for actors to stop.
Called postfire()
Called prefire()
Called fire()
Checking for deadlock:
There are 3 Blocked actors, 0 Stopped actors, and 4 active threads.
Waiting for actors to stop.
Read input token from inputB with value 0.0
Checking for deadlock:
There are 2 Blocked actors, 0 Stopped actors, and 4 active threads.
Waiting for actors to stop.
-- Read input: 0.0, which is expected to match: 0.0
Called prefire()
Sent output token with value 0.0
Called fire()
Next port to read input from is inputA
Called postfire()
Called prefire()
Called fire()
Read input token from inputA with value 1.0
Sent output token with value 0.0
Next port to read input from is inputB
Called postfire()
Called prefire()
Called fire()
Read input token from inputB with value 1.5
Checking for deadlock:
There are 1 Blocked actors, 0 Stopped actors, and 4 active threads.
Waiting for actors to stop.
Called postfire()
Called prefire()
Called fire()
Called postfire()
Called prefire()
Called fire()
-- Read input: 0.0, which is expected to match: 0.0
Called prefire()
Called fire()
Checking for deadlock:
There are 3 Blocked actors, 0 Stopped actors, and 4 active threads.
Waiting for actors to stop.
Sent output token with value 1.0
Next port to read input from is inputA
Called postfire()
Called prefire()
Called fire()
Read input token from inputA with value 2.0
Checking for deadlock:
There are 2 Blocked actors, 0 Stopped actors, and 4 active threads.
Waiting for actors to stop.
Called postfire()
Called prefire()
Called fire()
Checking for deadlock:
There are 2 Blocked actors, 0 Stopped actors, and 4 active threads.
Waiting for actors to stop.
-- Read input: 1.0, which is expected to match: 1.0
Called prefire()
Called fire()
Sent output token with value 1.5
Next port to read input from is inputB
Called postfire()
Called prefire()
Called fire()
Read input token from inputB with value 3.0
Called postfire()
Called prefire()
Called fire()
-- Read input: 1.5, which is expected to match: 1.5
Called prefire()
Called fire()
Checking for deadlock:
There are 3 Blocked actors, 0 Stopped actors, and 4 active threads.
Waiting for actors to stop.
Sent output token with value 2.0
Next port to read input from is inputA
Called postfire()
Called prefire()
Called fire()
Read input token from inputA with value 3.0
-- Read input: 2.0, which is expected to match: 2.0
Called prefire()
Called fire()
Checking for deadlock:
There are 2 Blocked actors, 0 Stopped actors, and 4 active threads.
Waiting for actors to stop.
Called postfire()
Called prefire()
Called fire()
Checking for deadlock:
There are 3 Blocked actors, 0 Stopped actors, and 4 active threads.
Waiting for actors to stop.
Sent output token with value 3.0
Next port to read input from is inputB
Called postfire()
Called prefire()
Called fire()
Read input token from inputB with value 4.5
-- Read input: 3.0, which is expected to match: 3.0
Called prefire()
Called fire()
Checking for deadlock:
There are 2 Blocked actors, 0 Stopped actors, and 4 active threads.
Waiting for actors to stop.
Called postfire()
Called prefire()
Called fire()
Checking for deadlock:
There are 3 Blocked actors, 0 Stopped actors, and 4 active threads.
Waiting for actors to stop.
Sent output token with value 3.0
Next port to read input from is inputA
Called postfire()
Called prefire()
Called fire()
Read input token from inputA with value 4.0
Checking for deadlock:
There are 1 Blocked actors, 0 Stopped actors, and 4 active threads.
Waiting for actors to stop.
-- Read input: 3.0, which is expected to match: 3.0
Called prefire()
Called fire()
Checking for deadlock:
There are 2 Blocked actors, 0 Stopped actors, and 4 active threads.
Waiting for actors to stop.
Sent output token with value 4.0
Next port to read input from is inputA
Called postfire()
Called prefire()
Called fire()
Called postfire()
Called prefire()
Called fire()
Read input token from inputA with value 5.0
Checking for deadlock:
There are 2 Blocked actors, 0 Stopped actors, and 4 active threads.
Waiting for actors to stop.
-- Read input: 4.0, which is expected to match: 4.0
Called prefire()
Called fire()
Past the end of training data. Read and discard all inputs.
Checking for deadlock:
There are 2 Blocked actors, 0 Stopped actors, and 4 active threads.
Waiting for actors to stop.
Sent output token with value 4.5
Next port to read input from is inputB
Called postfire()
Called prefire()
Called fire()
Called postfire()
Called prefire()
Called fire()
Checking for deadlock:
There are 1 Blocked actors, 0 Stopped actors, and 4 active threads.
Waiting for actors to stop.
Read input token from inputB with value 6.0
Checking for deadlock:
Called prefire()
Called fire()
There are 1 Blocked actors, 0 Stopped actors, and 4 active threads.
Past the end of training data. Read and discard all inputs.
Waiting for actors to stop.
Checking for deadlock:
Called postfire()
There are 2 Blocked actors, 0 Stopped actors, and 4 active threads.
Called prefire()
Waiting for actors to stop.
Called fire()
Checking for deadlock:
There are 3 Blocked actors, 0 Stopped actors, and 4 active threads.
Waiting for actors to stop.
Sent output token with value 5.0
Next port to read input from is inputA
Called postfire()
Called prefire()
Called fire()
Read input token from inputA with value 6.0
Called prefire()
Called fire()
Past the end of training data. Read and discard all inputs.
Checking for deadlock:
There are 2 Blocked actors, 0 Stopped actors, and 4 active threads.
Waiting for actors to stop.
Called postfire()
Called prefire()
Called fire()
Sent output token with value 6.0
Next port to read input from is inputB
Called postfire()
Called prefire()
Called fire()
Read input token from inputB with value 7.5
Checking for deadlock:
There are 2 Blocked actors, 0 Stopped actors, and 4 active threads.
Waiting for actors to stop.
Called prefire()
Called fire()
Past the end of training data. Read and discard all inputs.
Called postfire()
Called prefire()
Called fire()
Checking for deadlock:
There are 3 Blocked actors, 0 Stopped actors, and 4 active threads.
Waiting for actors to stop.
Sent output token with value 6.0
Next port to read input from is inputA
Called postfire()
Called prefire()
Called fire()
Read input token from inputA with value 7.0
Checking for deadlock:
There are 2 Blocked actors, 0 Stopped actors, and 4 active threads.
Waiting for actors to stop.
Called prefire()
Called fire()
Past the end of training data. Read and discard all inputs.
Checking for deadlock:
There are 2 Blocked actors, 0 Stopped actors, and 4 active threads.
Waiting for actors to stop.
Sent output token with value 7.0
Next port to read input from is inputA
Called postfire()
Called prefire()
Called fire()
Checking for deadlock:
There are 2 Blocked actors, 0 Stopped actors, and 4 active threads.
Waiting for actors to stop.
Called prefire()
Called fire()
Past the end of training data. Read and discard all inputs.
Called postfire()
Called prefire()
Called fire()
Checking for deadlock:
There are 3 Blocked actors, 0 Stopped actors, and 4 active threads.
Waiting for actors to stop.
Read input token from inputA with value 8.0
Sent output token with value 7.5
Next port to read input from is inputB
Called postfire()
Called prefire()
Called fire()
Read input token from inputB with value 9.0
-- Thread wrapup() called.
Called wrapup()
Thread .top.Ramp is exiting.
-- Thread stopped.
Checking for deadlock:
There are 1 Blocked actors, 0 Stopped actors, and 3 active threads.
Waiting for actors to stop.
Called prefire()
Called fire()
Past the end of training data. Read and discard all inputs.
Called postfire()
Called prefire()
Called fire()
Sent output token with value 8.0
Next port to read input from is inputA
Called postfire()
Called prefire()
Called fire()
Read input token from inputA with value 9.0
Checking for deadlock:
Called prefire()
There are 1 Blocked actors, 0 Stopped actors, and 3 active threads.
Called fire()
Waiting for actors to stop.
Past the end of training data. Read and discard all inputs.
Sent output token with value 9.0
Next port to read input from is inputB
Called postfire()
Called prefire()
Called fire()
Read input token from inputB with value 10.5
Called postfire()
Called prefire()
Called fire()
Checking for deadlock:
Called prefire()
Called fire()
There are 1 Blocked actors, 0 Stopped actors, and 3 active threads.
Past the end of training data. Read and discard all inputs.
Waiting for actors to stop.
Checking for deadlock:
There are 2 Blocked actors, 0 Stopped actors, and 3 active threads.
Waiting for actors to stop.
Sent output token with value 9.0
Next port to read input from is inputA
Called postfire()
Called prefire()
Called fire()
Checking for deadlock:
Called prefire()
Called fire()
There are 2 Blocked actors, 0 Stopped actors, and 3 active threads.
Past the end of training data. Read and discard all inputs.
Waiting for actors to stop.
Checking for deadlock:
There are 3 Blocked actors, 0 Stopped actors, and 3 active threads.
Actors have stopped.
Checking for deadlock:
There are 3 Blocked actors, 0 Stopped actors, and 3 active threads.
Deadlock detected.
Resolving Deadlock
Checking for deadlock:
There are 3 Blocked actors, 0 Stopped actors, and 3 active threads.
Artificial Deadlock - increasing queue capacity.
increasing the capacity of receiver ptolemy.actor.TypedIOPort {.top.OrderedMerge.inputB} to 2
Director: Called postfire().
Called postfire().
_stopRequested = false
_stopFireRequested = false
Returning from postfire(): true
-- Thread wrapup() called.
Called fire().
Called wrapup()
Checking for deadlock:
There are 2 Blocked actors, 0 Stopped actors, and 3 active threads.
Waiting for actors to stop.
Thread .top.Ramp2 is exiting.
-- Thread stopped.
Checking for deadlock:
There are 2 Blocked actors, 0 Stopped actors, and 2 active threads.
Actors have stopped.
Checking for deadlock:
There are 2 Blocked actors, 0 Stopped actors, and 2 active threads.
Deadlock detected.
Resolving Deadlock
Checking for deadlock:
There are 2 Blocked actors, 0 Stopped actors, and 2 active threads.
Deadlock detected: no processes blocked on write, but some are blocked on read.
Called postfire().
_stopRequested = false
_stopFireRequested = false
Returning from postfire(): false
Finished deactivating branches.
Called wrapup().
-- Thread wrapup() called.
Called wrapup()
Thread .top.Test is exiting.
-- Thread stopped.
-- Blocked Receiver call threw TerminateProcessException.
-- Thread wrapup() called.
Called wrapup()
Thread .top.OrderedMerge is exiting.
-- Thread stopped.
-- Blocked Receiver call threw TerminateProcessException.
67 ms. Memory: 145408K Free: 91093K (63%)
/home/travis/build/icyphy/ptII/ptolemy/actor/lib/test/Publisher.tcl
19 ms. Memory: 145408K Free: 84949K (58%)
12 ms. Memory: 145408K Free: 79319K (55%)
3 ms. Memory: 145408K Free: 75733K (52%)
4 ms. Memory: 145408K Free: 74678K (51%)
7 ms. Memory: 145408K Free: 74199K (51%)
29 ms. Memory: 145408K Free: 129951K (89%)
4 ms. Memory: 145408K Free: 129439K (89%)
4 ms. Memory: 145408K Free: 128415K (88%)
17 ms. Memory: 145408K Free: 118685K (82%)
5 ms. Memory: 145408K Free: 114589K (79%)
3 ms. Memory: 145408K Free: 114079K (78%)
4 ms. Memory: 145408K Free: 112031K (77%)
6 ms. Memory: 145408K Free: 104349K (72%)
12 ms. Memory: 145408K Free: 94623K (65%)
16 ms. Memory: 145408K Free: 83359K (57%)
/home/travis/build/icyphy/ptII/ptolemy/actor/lib/test/Pulse.tcl
2 ms. Memory: 145408K Free: 112299K (77%)
1 ms. Memory: 145408K Free: 111305K (77%)
1 ms. Memory: 145408K Free: 110795K (76%)
2 ms. Memory: 145408K Free: 110267K (76%)
1 ms. Memory: 145408K Free: 109771K (75%)
6 ms. Memory: 145408K Free: 108747K (75%)
2 ms. Memory: 145408K Free: 107723K (74%)
2 ms. Memory: 145408K Free: 107195K (74%)
1 ms. Memory: 145408K Free: 106185K (73%)
/home/travis/build/icyphy/ptII/ptolemy/actor/lib/test/Ramp.tcl
3 ms. Memory: 145408K Free: 104651K (72%)
2 ms. Memory: 145408K Free: 103627K (71%)
2 ms. Memory: 145408K Free: 103099K (71%)
2 ms. Memory: 145408K Free: 102059K (70%)
4 ms. Memory: 145408K Free: 101579K (70%)
4 ms. Memory: 145408K Free: 100555K (69%)
5 ms. Memory: 145408K Free: 99531K (68%)
5 actors
5000 microseconds per iteration to create
5 ms. Memory: 145408K Free: 96969K (67%)
2 ms. Memory: 145408K Free: 96459K (66%)
2 ms. Memory: 145408K Free: 95435K (66%)
2 ms. Memory: 145408K Free: 94921K (65%)
50 actors
29000 microseconds per iteration to create
36 ms. Memory: 145408K Free: 79561K (55%)
10 ms. Memory: 145408K Free: 78537K (54%)
10 ms. Memory: 145408K Free: 77513K (53%)
5 ms. Memory: 145408K Free: 76489K (53%)
500 actors
1886000 microseconds per iteration to create
284 ms. Memory: 175104K Free: 83942K (48%)
45 ms. Memory: 175104K Free: 78836K (45%)
48 ms. Memory: 175104K Free: 73206K (42%)
41 ms. Memory: 175104K Free: 68086K (39%)
/home/travis/build/icyphy/ptII/ptolemy/actor/lib/test/RampContinuous.tcl
8 ms. Memory: 175104K Free: 66534K (38%)
/home/travis/build/icyphy/ptII/ptolemy/actor/lib/test/RecordAssembler.tcl
6 ms. Memory: 175104K Free: 65014K (37%)
5 ms. Memory: 175104K Free: 63990K (37%)
/home/travis/build/icyphy/ptII/ptolemy/actor/lib/test/RecordDisassembler.tcl
13 ms. Memory: 175104K Free: 62422K (36%)
3 ms. Memory: 175104K Free: 61942K (35%)
19 ms. Memory: 175104K Free: 60404K (34%)
/home/travis/build/icyphy/ptII/ptolemy/actor/lib/test/Scale.tcl
2 ms. Memory: 175104K Free: 58870K (34%)
1 ms. Memory: 175104K Free: 57846K (33%)
19 ms. Memory: 175104K Free: 152913K (87%)
2 ms. Memory: 175104K Free: 151897K (87%)
12 ms. Memory: 175104K Free: 150865K (86%)
/home/travis/build/icyphy/ptII/ptolemy/actor/lib/test/SequentialClock.tcl
preinitializing
resolving types
initializing
executing number 1
wrapping up
idle
3 ms. Memory: 175104K Free: 149839K (86%)
Completed execution with 5 iterations
preinitializing
resolving types
initializing
executing number 1
wrapping up
idle
1 ms. Memory: 175104K Free: 149345K (85%)
Completed execution with 5 iterations
preinitializing
resolving types
initializing
executing number 1
wrapping up
idle
1 ms. Memory: 175104K Free: 148831K (85%)
Completed execution with 5 iterations
/home/travis/build/icyphy/ptII/ptolemy/actor/lib/test/SetVariable.tcl
11 ms. Memory: 175104K Free: 146753K (84%)


==== $PTII/ptolemy/actor/lib/test/SetVariable.tcl: SetVariable-3.1 changeFailed
==== Contents of test case:

    #Uses 2.1 above
    jdkCaptureErr {
        # This test was failing if we ran Exit.tcl and then this test.
        # MessageHandler.error() now actually throws the Exception.
	catch {$setVariable changeFailed [java::null]  [java::new Exception {Test exception for SetVariable.changeFailed()}]} errMsg
    } results
    list [string range $results 0 89] "\n" $errMsg

==== Result was:
{java.lang.Exception: Test exception for SetVariable.changeFailed()
	at java.base/jdk.inter} {
} {java.lang.RuntimeException: java.lang.Exception: Test exception for SetVariable.changeFailed()}
---- Result should have been:
{Failed to set variable.
java.lang.Exception: Test exception for SetVariable.changeFailed()} {
} {java.lang.RuntimeException: java.lang.Exception: Test exception for SetVariable.changeFailed()}
---- SetVariable-3.1 FAILED
/home/travis/build/icyphy/ptII/ptolemy/actor/lib/test/Sinewave.tcl
/home/travis/build/icyphy/ptII/ptolemy/actor/lib/test/SubscriptionAggregator.tcl
10 ms. Memory: 175104K Free: 134495K (77%)
2 ms. Memory: 175104K Free: 133985K (77%)
1 ms. Memory: 175104K Free: 133457K (76%)
0 ms. Memory: 175104K Free: 133457K (76%)
2 ms. Memory: 175104K Free: 129889K (74%)
8 ms. Memory: 175104K Free: 127327K (73%)
...............................................................1078 ms. Memory: 241664K Free: 196986K (82%)
/home/travis/build/icyphy/ptII/ptolemy/actor/lib/test/Test.tcl
 The next command will produce a warning about training mode,
   which may be ignored.
5 ms. Memory: 241664K Free: 194931K (81%)
7 ms. Memory: 241664K Free: 193907K (80%)
2 ms. Memory: 241664K Free: 193412K (80%)
2 ms. Memory: 241664K Free: 192898K (80%)
7 ms. Memory: 241664K Free: 192386K (80%)
6 ms. Memory: 241664K Free: 190835K (79%)
3 ms. Memory: 241664K Free: 189826K (79%)
 The next command will produce a warning about training mode,
   which may be ignored.
4 ms. Memory: 241664K Free: 187268K (77%)
 The next command will produce a warning about training mode,
   which may be ignored.
3 ms. Memory: 241664K Free: 186244K (77%)
2 ms. Memory: 241664K Free: 185715K (77%)
1 ms. Memory: 241664K Free: 185220K (77%)
3 ms. Memory: 241664K Free: 184706K (76%)
9 ms. Memory: 241664K Free: 183682K (76%)
5 ms. Memory: 241664K Free: 179571K (74%)
/home/travis/build/icyphy/ptII/ptolemy/actor/lib/test/TestExceptionHandler.tcl
 The next command will produce a warning about training mode,
   which may be ignored.
3 ms. Memory: 241664K Free: 178547K (74%)
0 ms. Memory: 241664K Free: 178052K (74%)
2 ms. Memory: 241664K Free: 177523K (73%)
/home/travis/build/icyphy/ptII/ptolemy/actor/lib/test/UnionDisassembler.tcl
28 ms. Memory: 241664K Free: 170370K (70%)
/home/travis/build/icyphy/ptII/ptolemy/actor/lib/test/VariableClock.tcl
preinitializing
resolving types
initializing
executing number 1
wrapping up
idle
14 ms. Memory: 241664K Free: 168322K (70%)
Completed execution with 11 iterations
preinitializing
resolving types
initializing
executing number 1
wrapping up
idle
6 ms. Memory: 241664K Free: 166788K (69%)
Completed execution with 10 iterations
08/02/19 05:20:24
Failed: 1  Total Tests: 234  ((Passed: 233, Newly Passed: 0)  Known Failed: 0) /home/travis/build/icyphy/ptII/ptolemy/actor/lib/test
----------------- testing (KnownFailure) /home/travis/build/icyphy/ptII/ptolemy/actor/lib/test/auto/knownFailedTests/PublisherPortToplevelSubscriber.xml
1 ms. Memory: 241664K Free: 163202K (68%)
Known Failure: java.lang.reflect.InvocationTargetException
----------------- testing (KnownFailure) /home/travis/build/icyphy/ptII/ptolemy/actor/lib/test/auto/knownFailedTests/PublisherSubscriberPortToplevel.xml
0 ms. Memory: 241664K Free: 159106K (66%)
Known Failure: java.lang.reflect.InvocationTargetException
----------------- testing (KnownFailure) /home/travis/build/icyphy/ptII/ptolemy/actor/lib/test/auto/knownFailedTests/PublisherSubscriptionAggregatorPort.xml
0 ms. Memory: 241664K Free: 154500K (64%)
Known Failure: java.lang.reflect.InvocationTargetException
----------------- testing (KnownFailure) /home/travis/build/icyphy/ptII/ptolemy/actor/lib/test/auto/knownFailedTests/sizedarray3.xml
5 ms. Memory: 241664K Free: 150404K (62%)
Known Failure: java.lang.reflect.InvocationTargetException
No auto/linux-amd64/*.xml tests in /home/travis/build/icyphy/ptII/ptolemy/actor/lib/test
AutoTests.java: About to close Vertx.
AutoTests.java: Vertx closed.

===========================================================================================
----------------- testing Fri Aug 02 05:20:25 UTC 2019 /home/travis/build/icyphy/ptII/ptolemy/actor/lib/test/auto/AbsoluteValue.xml
----------------- Instantiating /home/travis/build/icyphy/ptII/ptolemy/actor/lib/test/auto/AbsoluteValue.xml
5 ms. Memory: 241664K Free: 127876K (53%)
----------------- Invoking toplevel() on ptolemy.moml.MoMLSimpleApplication@4a20c395
----------------- Done invoking toplevel() on ptolemy.moml.MoMLSimpleApplication@4a20c395
reloadAllAccessors: .AbsoluteValue

===========================================================================================
----------------- testing Fri Aug 02 05:20:25 UTC 2019 /home/travis/build/icyphy/ptII/ptolemy/actor/lib/test/auto/AbsoluteValue2.xml
----------------- Instantiating /home/travis/build/icyphy/ptII/ptolemy/actor/lib/test/auto/AbsoluteValue2.xml
5 ms. Memory: 241664K Free: 121218K (50%)
----------------- Invoking toplevel() on ptolemy.moml.MoMLSimpleApplication@5570c36f
----------------- Done invoking toplevel() on ptolemy.moml.MoMLSimpleApplication@5570c36f
reloadAllAccessors: .AbsoluteValue2

===========================================================================================
----------------- testing Fri Aug 02 05:20:25 UTC 2019 /home/travis/build/icyphy/ptII/ptolemy/actor/lib/test/auto/Accumulator.xml
----------------- Instantiating /home/travis/build/icyphy/ptII/ptolemy/actor/lib/test/auto/Accumulator.xml
7 ms. Memory: 241664K Free: 114564K (47%)
----------------- Invoking toplevel() on ptolemy.moml.MoMLSimpleApplication@1364cee4
----------------- Done invoking toplevel() on ptolemy.moml.MoMLSimpleApplication@1364cee4
reloadAllAccessors: .Accumulator

===========================================================================================
----------------- testing Fri Aug 02 05:20:25 UTC 2019 /home/travis/build/icyphy/ptII/ptolemy/actor/lib/test/auto/Accumulator2.xml
----------------- Instantiating /home/travis/build/icyphy/ptII/ptolemy/actor/lib/test/auto/Accumulator2.xml
4 ms. Memory: 241664K Free: 109444K (45%)
----------------- Invoking toplevel() on ptolemy.moml.MoMLSimpleApplication@62ff423f
----------------- Done invoking toplevel() on ptolemy.moml.MoMLSimpleApplication@62ff423f
reloadAllAccessors: .Accumulator2

===========================================================================================
----------------- testing Fri Aug 02 05:20:25 UTC 2019 /home/travis/build/icyphy/ptII/ptolemy/actor/lib/test/auto/Accumulator3.xml
----------------- Instantiating /home/travis/build/icyphy/ptII/ptolemy/actor/lib/test/auto/Accumulator3.xml
3 ms. Memory: 241664K Free: 104834K (43%)
----------------- Invoking toplevel() on ptolemy.moml.MoMLSimpleApplication@58f628c0
----------------- Done invoking toplevel() on ptolemy.moml.MoMLSimpleApplication@58f628c0
reloadAllAccessors: .Accumulator3

===========================================================================================
----------------- testing Fri Aug 02 05:20:25 UTC 2019 /home/travis/build/icyphy/ptII/ptolemy/actor/lib/test/auto/ArrayAppend.xml
----------------- Instantiating /home/travis/build/icyphy/ptII/ptolemy/actor/lib/test/auto/ArrayAppend.xml
4 ms. Memory: 241664K Free: 98690K (41%)
----------------- Invoking toplevel() on ptolemy.moml.MoMLSimpleApplication@5f522434
----------------- Done invoking toplevel() on ptolemy.moml.MoMLSimpleApplication@5f522434
reloadAllAccessors: .ArrayAppend

===========================================================================================
----------------- testing Fri Aug 02 05:20:25 UTC 2019 /home/travis/build/icyphy/ptII/ptolemy/actor/lib/test/auto/ArrayAppend2.xml
----------------- Instantiating /home/travis/build/icyphy/ptII/ptolemy/actor/lib/test/auto/ArrayAppend2.xml
469 ms. Memory: 241664K Free: 138752K (57%)
----------------- Invoking toplevel() on ptolemy.moml.MoMLSimpleApplication@29153a5
----------------- Done invoking toplevel() on ptolemy.moml.MoMLSimpleApplication@29153a5
reloadAllAccessors: .ArrayAppend2

===========================================================================================
----------------- testing Fri Aug 02 05:20:26 UTC 2019 /home/travis/build/icyphy/ptII/ptolemy/actor/lib/test/auto/ArrayAppend3.xml
----------------- Instantiating /home/travis/build/icyphy/ptII/ptolemy/actor/lib/test/auto/ArrayAppend3.xml
3 ms. Memory: 241664K Free: 132608K (55%)
----------------- Invoking toplevel() on ptolemy.moml.MoMLSimpleApplication@72f1b1c3
----------------- Done invoking toplevel() on ptolemy.moml.MoMLSimpleApplication@72f1b1c3
reloadAllAccessors: .ArrayAppend3

===========================================================================================
----------------- testing Fri Aug 02 05:20:26 UTC 2019 /home/travis/build/icyphy/ptII/ptolemy/actor/lib/test/auto/ArrayAppend4.xml
----------------- Instantiating /home/travis/build/icyphy/ptII/ptolemy/actor/lib/test/auto/ArrayAppend4.xml
2 ms. Memory: 241664K Free: 127998K (53%)
----------------- Invoking toplevel() on ptolemy.moml.MoMLSimpleApplication@78a11d9a
----------------- Done invoking toplevel() on ptolemy.moml.MoMLSimpleApplication@78a11d9a
reloadAllAccessors: .ArrayAppend4

===========================================================================================
----------------- testing Fri Aug 02 05:20:26 UTC 2019 /home/travis/build/icyphy/ptII/ptolemy/actor/lib/test/auto/ArrayAppend5.xml
----------------- Instantiating /home/travis/build/icyphy/ptII/ptolemy/actor/lib/test/auto/ArrayAppend5.xml
2 ms. Memory: 241664K Free: 122878K (51%)
----------------- Invoking toplevel() on ptolemy.moml.MoMLSimpleApplication@6cf1c8cf
----------------- Done invoking toplevel() on ptolemy.moml.MoMLSimpleApplication@6cf1c8cf
reloadAllAccessors: .ArrayAppend5

===========================================================================================
----------------- testing Fri Aug 02 05:20:26 UTC 2019 /home/travis/build/icyphy/ptII/ptolemy/actor/lib/test/auto/ArrayAppend6.xml
----------------- Instantiating /home/travis/build/icyphy/ptII/ptolemy/actor/lib/test/auto/ArrayAppend6.xml
2 ms. Memory: 241664K Free: 117248K (49%)
----------------- Invoking toplevel() on ptolemy.moml.MoMLSimpleApplication@48be771a
----------------- Done invoking toplevel() on ptolemy.moml.MoMLSimpleApplication@48be771a
reloadAllAccessors: .ArrayAppend6

===========================================================================================
----------------- testing Fri Aug 02 05:20:26 UTC 2019 /home/travis/build/icyphy/ptII/ptolemy/actor/lib/test/auto/ArrayAppendPerformanceTest.xml
----------------- Instantiating /home/travis/build/icyphy/ptII/ptolemy/actor/lib/test/auto/ArrayAppendPerformanceTest.xml
29 ms. Memory: 241664K Free: 106494K (44%)
----------------- Invoking toplevel() on ptolemy.moml.MoMLSimpleApplication@773c6224
----------------- Done invoking toplevel() on ptolemy.moml.MoMLSimpleApplication@773c6224
reloadAllAccessors: .ArrayAppendPerformanceTest

===========================================================================================
----------------- testing Fri Aug 02 05:20:26 UTC 2019 /home/travis/build/icyphy/ptII/ptolemy/actor/lib/test/auto/ArrayAppendWithEmptyInput.xml
----------------- Instantiating /home/travis/build/icyphy/ptII/ptolemy/actor/lib/test/auto/ArrayAppendWithEmptyInput.xml
8 ms. Memory: 241664K Free: 98302K (41%)
----------------- Invoking toplevel() on ptolemy.moml.MoMLSimpleApplication@711b4100
----------------- Done invoking toplevel() on ptolemy.moml.MoMLSimpleApplication@711b4100
reloadAllAccessors: .ArrayAppendWithEmptyInput

===========================================================================================
----------------- testing Fri Aug 02 05:20:26 UTC 2019 /home/travis/build/icyphy/ptII/ptolemy/actor/lib/test/auto/ArrayAverage.xml
----------------- Instantiating /home/travis/build/icyphy/ptII/ptolemy/actor/lib/test/auto/ArrayAverage.xml
7 ms. Memory: 241664K Free: 90624K (38%)
----------------- Invoking toplevel() on ptolemy.moml.MoMLSimpleApplication@2c75b0af
----------------- Done invoking toplevel() on ptolemy.moml.MoMLSimpleApplication@2c75b0af
reloadAllAccessors: .ArrayAverage

===========================================================================================
----------------- testing Fri Aug 02 05:20:26 UTC 2019 /home/travis/build/icyphy/ptII/ptolemy/actor/lib/test/auto/ArrayContains.xml
----------------- Instantiating /home/travis/build/icyphy/ptII/ptolemy/actor/lib/test/auto/ArrayContains.xml
7 ms. Memory: 241664K Free: 84480K (35%)
----------------- Invoking toplevel() on ptolemy.moml.MoMLSimpleApplication@56e7e363
----------------- Done invoking toplevel() on ptolemy.moml.MoMLSimpleApplication@56e7e363
reloadAllAccessors: .ArrayContains

===========================================================================================
----------------- testing Fri Aug 02 05:20:26 UTC 2019 /home/travis/build/icyphy/ptII/ptolemy/actor/lib/test/auto/ArrayElement.xml
----------------- Instantiating /home/travis/build/icyphy/ptII/ptolemy/actor/lib/test/auto/ArrayElement.xml
4 ms. Memory: 241664K Free: 78846K (33%)
----------------- Invoking toplevel() on ptolemy.moml.MoMLSimpleApplication@1d5c122e
----------------- Done invoking toplevel() on ptolemy.moml.MoMLSimpleApplication@1d5c122e
reloadAllAccessors: .ArrayElement

===========================================================================================
----------------- testing Fri Aug 02 05:20:26 UTC 2019 /home/travis/build/icyphy/ptII/ptolemy/actor/lib/test/auto/ArrayElementAsMatrix.xml
----------------- Instantiating /home/travis/build/icyphy/ptII/ptolemy/actor/lib/test/auto/ArrayElementAsMatrix.xml
31 ms. Memory: 241664K Free: 69120K (29%)
----------------- Invoking toplevel() on ptolemy.moml.MoMLSimpleApplication@1c13b497
----------------- Done invoking toplevel() on ptolemy.moml.MoMLSimpleApplication@1c13b497
reloadAllAccessors: .ArrayElementAsMatrix

===========================================================================================
----------------- testing Fri Aug 02 05:20:26 UTC 2019 /home/travis/build/icyphy/ptII/ptolemy/actor/lib/test/auto/ArrayElementI.xml
----------------- Instantiating /home/travis/build/icyphy/ptII/ptolemy/actor/lib/test/auto/ArrayElementI.xml
4 ms. Memory: 241664K Free: 63486K (26%)
----------------- Invoking toplevel() on ptolemy.moml.MoMLSimpleApplication@cef549c
----------------- Done invoking toplevel() on ptolemy.moml.MoMLSimpleApplication@cef549c
reloadAllAccessors: .ArrayElementI

===========================================================================================
----------------- testing Fri Aug 02 05:20:26 UTC 2019 /home/travis/build/icyphy/ptII/ptolemy/actor/lib/test/auto/ArrayExtract.xml
----------------- Instantiating /home/travis/build/icyphy/ptII/ptolemy/actor/lib/test/auto/ArrayExtract.xml
6 ms. Memory: 376832K Free: 326656K (87%)
----------------- Invoking toplevel() on ptolemy.moml.MoMLSimpleApplication@13bf0df6
----------------- Done invoking toplevel() on ptolemy.moml.MoMLSimpleApplication@13bf0df6
reloadAllAccessors: .ArrayExtract

===========================================================================================
----------------- testing Fri Aug 02 05:20:26 UTC 2019 /home/travis/build/icyphy/ptII/ptolemy/actor/lib/test/auto/ArrayExtract2.xml
----------------- Instantiating /home/travis/build/icyphy/ptII/ptolemy/actor/lib/test/auto/ArrayExtract2.xml
3 ms. Memory: 376832K Free: 321007K (85%)
----------------- Invoking toplevel() on ptolemy.moml.MoMLSimpleApplication@4008c112
----------------- Done invoking toplevel() on ptolemy.moml.MoMLSimpleApplication@4008c112
reloadAllAccessors: .ArrayExtract2

===========================================================================================
----------------- testing Fri Aug 02 05:20:26 UTC 2019 /home/travis/build/icyphy/ptII/ptolemy/actor/lib/test/auto/ArrayLength.xml
----------------- Instantiating /home/travis/build/icyphy/ptII/ptolemy/actor/lib/test/auto/ArrayLength.xml
3 ms. Memory: 376832K Free: 317440K (84%)
----------------- Invoking toplevel() on ptolemy.moml.MoMLSimpleApplication@61805a08
----------------- Done invoking toplevel() on ptolemy.moml.MoMLSimpleApplication@61805a08
reloadAllAccessors: .ArrayLength

===========================================================================================
----------------- testing Fri Aug 02 05:20:26 UTC 2019 /home/travis/build/icyphy/ptII/ptolemy/actor/lib/test/auto/ArrayLevelCrossing.xml
----------------- Instantiating /home/travis/build/icyphy/ptII/ptolemy/actor/lib/test/auto/ArrayLevelCrossing.xml
5 ms. Memory: 376832K Free: 309248K (82%)
----------------- Invoking toplevel() on ptolemy.moml.MoMLSimpleApplication@646ee0d5
----------------- Done invoking toplevel() on ptolemy.moml.MoMLSimpleApplication@646ee0d5
reloadAllAccessors: .ArrayLevelCrossing

===========================================================================================
----------------- testing Fri Aug 02 05:20:26 UTC 2019 /home/travis/build/icyphy/ptII/ptolemy/actor/lib/test/auto/ArrayLevelCrossing2.xml
----------------- Instantiating /home/travis/build/icyphy/ptII/ptolemy/actor/lib/test/auto/ArrayLevelCrossing2.xml
4 ms. Memory: 376832K Free: 302080K (80%)
----------------- Invoking toplevel() on ptolemy.moml.MoMLSimpleApplication@7c7acdcf
----------------- Done invoking toplevel() on ptolemy.moml.MoMLSimpleApplication@7c7acdcf
reloadAllAccessors: .ArrayLevelCrossing2

===========================================================================================
----------------- testing Fri Aug 02 05:20:26 UTC 2019 /home/travis/build/icyphy/ptII/ptolemy/actor/lib/test/auto/ArrayPeakSearch.xml
----------------- Instantiating /home/travis/build/icyphy/ptII/ptolemy/actor/lib/test/auto/ArrayPeakSearch.xml
7 ms. Memory: 376832K Free: 292864K (78%)
----------------- Invoking toplevel() on ptolemy.moml.MoMLSimpleApplication@28c5048f
----------------- Done invoking toplevel() on ptolemy.moml.MoMLSimpleApplication@28c5048f
reloadAllAccessors: .ArrayPeakSearch

===========================================================================================
----------------- testing Fri Aug 02 05:20:27 UTC 2019 /home/travis/build/icyphy/ptII/ptolemy/actor/lib/test/auto/ArrayPeakSearch2.xml
----------------- Instantiating /home/travis/build/icyphy/ptII/ptolemy/actor/lib/test/auto/ArrayPeakSearch2.xml
6 ms. Memory: 376832K Free: 282624K (75%)
----------------- Invoking toplevel() on ptolemy.moml.MoMLSimpleApplication@1a0d6ce
----------------- Done invoking toplevel() on ptolemy.moml.MoMLSimpleApplication@1a0d6ce
reloadAllAccessors: .ArrayPeakSearch2

===========================================================================================
----------------- testing Fri Aug 02 05:20:27 UTC 2019 /home/travis/build/icyphy/ptII/ptolemy/actor/lib/test/auto/ArrayPeakSearch3.xml
----------------- Instantiating /home/travis/build/icyphy/ptII/ptolemy/actor/lib/test/auto/ArrayPeakSearch3.xml
7 ms. Memory: 376832K Free: 273408K (73%)
----------------- Invoking toplevel() on ptolemy.moml.MoMLSimpleApplication@5bc082c3
----------------- Done invoking toplevel() on ptolemy.moml.MoMLSimpleApplication@5bc082c3
reloadAllAccessors: .ArrayPeakSearch3

===========================================================================================
----------------- testing Fri Aug 02 05:20:27 UTC 2019 /home/travis/build/icyphy/ptII/ptolemy/actor/lib/test/auto/ArrayRemoveElement.xml
----------------- Instantiating /home/travis/build/icyphy/ptII/ptolemy/actor/lib/test/auto/ArrayRemoveElement.xml
4 ms. Memory: 376832K Free: 265726K (71%)
----------------- Invoking toplevel() on ptolemy.moml.MoMLSimpleApplication@49917f8e
----------------- Done invoking toplevel() on ptolemy.moml.MoMLSimpleApplication@49917f8e
reloadAllAccessors: .ArrayRemoveElement

===========================================================================================
----------------- testing Fri Aug 02 05:20:27 UTC 2019 /home/travis/build/icyphy/ptII/ptolemy/actor/lib/test/auto/ArraySort.xml
----------------- Instantiating /home/travis/build/icyphy/ptII/ptolemy/actor/lib/test/auto/ArraySort.xml
8 ms. Memory: 376832K Free: 256510K (68%)
----------------- Invoking toplevel() on ptolemy.moml.MoMLSimpleApplication@52de95d8
----------------- Done invoking toplevel() on ptolemy.moml.MoMLSimpleApplication@52de95d8
reloadAllAccessors: .ArraySort

===========================================================================================
----------------- testing Fri Aug 02 05:20:27 UTC 2019 /home/travis/build/icyphy/ptII/ptolemy/actor/lib/test/auto/ArraySum.xml
----------------- Instantiating /home/travis/build/icyphy/ptII/ptolemy/actor/lib/test/auto/ArraySum.xml
6 ms. Memory: 376832K Free: 251390K (67%)
----------------- Invoking toplevel() on ptolemy.moml.MoMLSimpleApplication@7cc876d9
----------------- Done invoking toplevel() on ptolemy.moml.MoMLSimpleApplication@7cc876d9
reloadAllAccessors: .ArraySum

===========================================================================================
----------------- testing Fri Aug 02 05:20:27 UTC 2019 /home/travis/build/icyphy/ptII/ptolemy/actor/lib/test/auto/ArrayToElements.xml
----------------- Instantiating /home/travis/build/icyphy/ptII/ptolemy/actor/lib/test/auto/ArrayToElements.xml
7 ms. Memory: 376832K Free: 245760K (65%)
----------------- Invoking toplevel() on ptolemy.moml.MoMLSimpleApplication@3599ac60
----------------- Done invoking toplevel() on ptolemy.moml.MoMLSimpleApplication@3599ac60
reloadAllAccessors: .ArrayToElements

===========================================================================================
----------------- testing Fri Aug 02 05:20:27 UTC 2019 /home/travis/build/icyphy/ptII/ptolemy/actor/lib/test/auto/ArrayToMatrix.xml
----------------- Instantiating /home/travis/build/icyphy/ptII/ptolemy/actor/lib/test/auto/ArrayToMatrix.xml
16 ms. Memory: 376832K Free: 231934K (62%)
----------------- Invoking toplevel() on ptolemy.moml.MoMLSimpleApplication@12fad0e3
----------------- Done invoking toplevel() on ptolemy.moml.MoMLSimpleApplication@12fad0e3
reloadAllAccessors: .ArrayToMatrix

===========================================================================================
----------------- testing Fri Aug 02 05:20:27 UTC 2019 /home/travis/build/icyphy/ptII/ptolemy/actor/lib/test/auto/ArrayUpdate1.xml
----------------- Instantiating /home/travis/build/icyphy/ptII/ptolemy/actor/lib/test/auto/ArrayUpdate1.xml
2 ms. Memory: 376832K Free: 226814K (60%)
----------------- Invoking toplevel() on ptolemy.moml.MoMLSimpleApplication@4704dcb2
----------------- Done invoking toplevel() on ptolemy.moml.MoMLSimpleApplication@4704dcb2
reloadAllAccessors: .ArrayUpdate1

===========================================================================================
----------------- testing Fri Aug 02 05:20:27 UTC 2019 /home/travis/build/icyphy/ptII/ptolemy/actor/lib/test/auto/ArrayUpdate2.xml
----------------- Instantiating /home/travis/build/icyphy/ptII/ptolemy/actor/lib/test/auto/ArrayUpdate2.xml
8 ms. Memory: 376832K Free: 220670K (59%)
----------------- Invoking toplevel() on ptolemy.moml.MoMLSimpleApplication@53971930
----------------- Done invoking toplevel() on ptolemy.moml.MoMLSimpleApplication@53971930
reloadAllAccessors: .ArrayUpdate2

===========================================================================================
----------------- testing Fri Aug 02 05:20:27 UTC 2019 /home/travis/build/icyphy/ptII/ptolemy/actor/lib/test/auto/ArrayUpdate3.xml
----------------- Instantiating /home/travis/build/icyphy/ptII/ptolemy/actor/lib/test/auto/ArrayUpdate3.xml
2 ms. Memory: 376832K Free: 215550K (57%)
----------------- Invoking toplevel() on ptolemy.moml.MoMLSimpleApplication@60ee9127
----------------- Done invoking toplevel() on ptolemy.moml.MoMLSimpleApplication@60ee9127
reloadAllAccessors: .ArrayUpdate3

===========================================================================================
----------------- testing Fri Aug 02 05:20:27 UTC 2019 /home/travis/build/icyphy/ptII/ptolemy/actor/lib/test/auto/Assert1.xml
----------------- Instantiating /home/travis/build/icyphy/ptII/ptolemy/actor/lib/test/auto/Assert1.xml
4 ms. Memory: 376832K Free: 211454K (56%)
----------------- Invoking toplevel() on ptolemy.moml.MoMLSimpleApplication@28539707
----------------- Done invoking toplevel() on ptolemy.moml.MoMLSimpleApplication@28539707
reloadAllAccessors: .Assert1

===========================================================================================
----------------- testing Fri Aug 02 05:20:27 UTC 2019 /home/travis/build/icyphy/ptII/ptolemy/actor/lib/test/auto/Assert2.xml
----------------- Instantiating /home/travis/build/icyphy/ptII/ptolemy/actor/lib/test/auto/Assert2.xml
14 ms. Memory: 376832K Free: 206334K (55%)
----------------- Invoking toplevel() on ptolemy.moml.MoMLSimpleApplication@4b4e59f8
----------------- Done invoking toplevel() on ptolemy.moml.MoMLSimpleApplication@4b4e59f8
reloadAllAccessors: .Assert2

===========================================================================================
----------------- testing Fri Aug 02 05:20:27 UTC 2019 /home/travis/build/icyphy/ptII/ptolemy/actor/lib/test/auto/BooleanMultiplexor.xml
----------------- Instantiating /home/travis/build/icyphy/ptII/ptolemy/actor/lib/test/auto/BooleanMultiplexor.xml
3 ms. Memory: 376832K Free: 201199K (53%)
----------------- Invoking toplevel() on ptolemy.moml.MoMLSimpleApplication@2e2768a
----------------- Done invoking toplevel() on ptolemy.moml.MoMLSimpleApplication@2e2768a
reloadAllAccessors: .BooleanMultiplexor

===========================================================================================
----------------- testing Fri Aug 02 05:20:27 UTC 2019 /home/travis/build/icyphy/ptII/ptolemy/actor/lib/test/auto/BooleanMultiplexor2.xml
----------------- Instantiating /home/travis/build/icyphy/ptII/ptolemy/actor/lib/test/auto/BooleanMultiplexor2.xml
5 ms. Memory: 376832K Free: 194560K (52%)
----------------- Invoking toplevel() on ptolemy.moml.MoMLSimpleApplication@426f7e1a
----------------- Done invoking toplevel() on ptolemy.moml.MoMLSimpleApplication@426f7e1a
reloadAllAccessors: .BooleanMultiplexor2

===========================================================================================
----------------- testing Fri Aug 02 05:20:27 UTC 2019 /home/travis/build/icyphy/ptII/ptolemy/actor/lib/test/auto/BooleanMultiplexor3.xml
----------------- Instantiating /home/travis/build/icyphy/ptII/ptolemy/actor/lib/test/auto/BooleanMultiplexor3.xml
4 ms. Memory: 376832K Free: 190974K (51%)
----------------- Invoking toplevel() on ptolemy.moml.MoMLSimpleApplication@70c75dfd
----------------- Done invoking toplevel() on ptolemy.moml.MoMLSimpleApplication@70c75dfd
reloadAllAccessors: .BooleanMultiplexor3

===========================================================================================
----------------- testing Fri Aug 02 05:20:27 UTC 2019 /home/travis/build/icyphy/ptII/ptolemy/actor/lib/test/auto/BooleanSelect.xml
----------------- Instantiating /home/travis/build/icyphy/ptII/ptolemy/actor/lib/test/auto/BooleanSelect.xml
9 ms. Memory: 376832K Free: 184799K (49%)
----------------- Invoking toplevel() on ptolemy.moml.MoMLSimpleApplication@6f532634
----------------- Done invoking toplevel() on ptolemy.moml.MoMLSimpleApplication@6f532634
reloadAllAccessors: .BooleanSelect

===========================================================================================
----------------- testing Fri Aug 02 05:20:27 UTC 2019 /home/travis/build/icyphy/ptII/ptolemy/actor/lib/test/auto/BooleanSelect2.xml
----------------- Instantiating /home/travis/build/icyphy/ptII/ptolemy/actor/lib/test/auto/BooleanSelect2.xml
2 ms. Memory: 376832K Free: 180734K (48%)
----------------- Invoking toplevel() on ptolemy.moml.MoMLSimpleApplication@7c7e6676
----------------- Done invoking toplevel() on ptolemy.moml.MoMLSimpleApplication@7c7e6676
reloadAllAccessors: .BooleanSelect2

===========================================================================================
----------------- testing Fri Aug 02 05:20:27 UTC 2019 /home/travis/build/icyphy/ptII/ptolemy/actor/lib/test/auto/BooleanSwitch.xml
----------------- Instantiating /home/travis/build/icyphy/ptII/ptolemy/actor/lib/test/auto/BooleanSwitch.xml
7 ms. Memory: 376832K Free: 174590K (46%)
----------------- Invoking toplevel() on ptolemy.moml.MoMLSimpleApplication@5c249d3f
----------------- Done invoking toplevel() on ptolemy.moml.MoMLSimpleApplication@5c249d3f
reloadAllAccessors: .BooleanSwitch

===========================================================================================
----------------- testing Fri Aug 02 05:20:27 UTC 2019 /home/travis/build/icyphy/ptII/ptolemy/actor/lib/test/auto/BooleanSwitch2.xml
----------------- Instantiating /home/travis/build/icyphy/ptII/ptolemy/actor/lib/test/auto/BooleanSwitch2.xml
2 ms. Memory: 376832K Free: 170494K (45%)
----------------- Invoking toplevel() on ptolemy.moml.MoMLSimpleApplication@17a5ca1f
----------------- Done invoking toplevel() on ptolemy.moml.MoMLSimpleApplication@17a5ca1f
reloadAllAccessors: .BooleanSwitch2

===========================================================================================
----------------- testing Fri Aug 02 05:20:27 UTC 2019 /home/travis/build/icyphy/ptII/ptolemy/actor/lib/test/auto/BooleanSwitchCloningBugWithClassRelationGroup.xml
----------------- Instantiating /home/travis/build/icyphy/ptII/ptolemy/actor/lib/test/auto/BooleanSwitchCloningBugWithClassRelationGroup.xml
5 ms. Memory: 376832K Free: 163840K (43%)
----------------- Invoking toplevel() on ptolemy.moml.MoMLSimpleApplication@5b8423d
----------------- Done invoking toplevel() on ptolemy.moml.MoMLSimpleApplication@5b8423d
reloadAllAccessors: .BooleanSwitchCloningBugWithClassRelationGroup

===========================================================================================
----------------- testing Fri Aug 02 05:20:27 UTC 2019 /home/travis/build/icyphy/ptII/ptolemy/actor/lib/test/auto/BusActors.xml
----------------- Instantiating /home/travis/build/icyphy/ptII/ptolemy/actor/lib/test/auto/BusActors.xml
5 ms. Memory: 376832K Free: 156158K (41%)
----------------- Invoking toplevel() on ptolemy.moml.MoMLSimpleApplication@2ad344ea
----------------- Done invoking toplevel() on ptolemy.moml.MoMLSimpleApplication@2ad344ea
reloadAllAccessors: .BusActors

===========================================================================================
----------------- testing Fri Aug 02 05:20:27 UTC 2019 /home/travis/build/icyphy/ptII/ptolemy/actor/lib/test/auto/ClassWrapper.xml
----------------- Instantiating /home/travis/build/icyphy/ptII/ptolemy/actor/lib/test/auto/ClassWrapper.xml
5 ms. Memory: 376832K Free: 151552K (40%)
----------------- Invoking toplevel() on ptolemy.moml.MoMLSimpleApplication@2392b174
----------------- Done invoking toplevel() on ptolemy.moml.MoMLSimpleApplication@2392b174
reloadAllAccessors: .ClassWrapper

===========================================================================================
----------------- testing Fri Aug 02 05:20:27 UTC 2019 /home/travis/build/icyphy/ptII/ptolemy/actor/lib/test/auto/Clock.xml
----------------- Instantiating /home/travis/build/icyphy/ptII/ptolemy/actor/lib/test/auto/Clock.xml
1 ms. Memory: 376832K Free: 147966K (39%)
----------------- Invoking toplevel() on ptolemy.moml.MoMLSimpleApplication@79cb5c6
----------------- Done invoking toplevel() on ptolemy.moml.MoMLSimpleApplication@79cb5c6
reloadAllAccessors: .Clock

===========================================================================================
----------------- testing Fri Aug 02 05:20:27 UTC 2019 /home/travis/build/icyphy/ptII/ptolemy/actor/lib/test/auto/Clock10.xml
----------------- Instantiating /home/travis/build/icyphy/ptII/ptolemy/actor/lib/test/auto/Clock10.xml
14 ms. Memory: 376832K Free: 330147K (88%)
----------------- Invoking toplevel() on ptolemy.moml.MoMLSimpleApplication@397425c3
----------------- Done invoking toplevel() on ptolemy.moml.MoMLSimpleApplication@397425c3
reloadAllAccessors: .Clock10

===========================================================================================
----------------- testing Fri Aug 02 05:20:27 UTC 2019 /home/travis/build/icyphy/ptII/ptolemy/actor/lib/test/auto/Clock11.xml
----------------- Instantiating /home/travis/build/icyphy/ptII/ptolemy/actor/lib/test/auto/Clock11.xml
5 ms. Memory: 376832K Free: 323797K (86%)
----------------- Invoking toplevel() on ptolemy.moml.MoMLSimpleApplication@4e2b1bd3
----------------- Done invoking toplevel() on ptolemy.moml.MoMLSimpleApplication@4e2b1bd3
reloadAllAccessors: .Clock11

===========================================================================================
----------------- testing Fri Aug 02 05:20:27 UTC 2019 /home/travis/build/icyphy/ptII/ptolemy/actor/lib/test/auto/Clock12.xml
----------------- Instantiating /home/travis/build/icyphy/ptII/ptolemy/actor/lib/test/auto/Clock12.xml
5 ms. Memory: 376832K Free: 317657K (84%)
----------------- Invoking toplevel() on ptolemy.moml.MoMLSimpleApplication@150a1ba0
----------------- Done invoking toplevel() on ptolemy.moml.MoMLSimpleApplication@150a1ba0
reloadAllAccessors: .Clock12

===========================================================================================
----------------- testing Fri Aug 02 05:20:27 UTC 2019 /home/travis/build/icyphy/ptII/ptolemy/actor/lib/test/auto/Clock13.xml
----------------- Instantiating /home/travis/build/icyphy/ptII/ptolemy/actor/lib/test/auto/Clock13.xml
8 ms. Memory: 376832K Free: 312027K (83%)
----------------- Invoking toplevel() on ptolemy.moml.MoMLSimpleApplication@34759050
----------------- Done invoking toplevel() on ptolemy.moml.MoMLSimpleApplication@34759050
reloadAllAccessors: .Clock13

===========================================================================================
----------------- testing Fri Aug 02 05:20:27 UTC 2019 /home/travis/build/icyphy/ptII/ptolemy/actor/lib/test/auto/Clock14.xml
----------------- Instantiating /home/travis/build/icyphy/ptII/ptolemy/actor/lib/test/auto/Clock14.xml
6 ms. Memory: 376832K Free: 305883K (81%)
----------------- Invoking toplevel() on ptolemy.moml.MoMLSimpleApplication@54634bd3
----------------- Done invoking toplevel() on ptolemy.moml.MoMLSimpleApplication@54634bd3
reloadAllAccessors: .Clock14

===========================================================================================
----------------- testing Fri Aug 02 05:20:28 UTC 2019 /home/travis/build/icyphy/ptII/ptolemy/actor/lib/test/auto/Clock15.xml
----------------- Instantiating /home/travis/build/icyphy/ptII/ptolemy/actor/lib/test/auto/Clock15.xml
5 ms. Memory: 376832K Free: 300219K (80%)
----------------- Invoking toplevel() on ptolemy.moml.MoMLSimpleApplication@6a942cee
----------------- Done invoking toplevel() on ptolemy.moml.MoMLSimpleApplication@6a942cee
reloadAllAccessors: .Clock15

===========================================================================================
----------------- testing Fri Aug 02 05:20:28 UTC 2019 /home/travis/build/icyphy/ptII/ptolemy/actor/lib/test/auto/Clock16.xml
----------------- Instantiating /home/travis/build/icyphy/ptII/ptolemy/actor/lib/test/auto/Clock16.xml
31 ms. Memory: 376832K Free: 285403K (76%)
----------------- Invoking toplevel() on ptolemy.moml.MoMLSimpleApplication@101d207b
----------------- Done invoking toplevel() on ptolemy.moml.MoMLSimpleApplication@101d207b
reloadAllAccessors: .Clock16

===========================================================================================
----------------- testing Fri Aug 02 05:20:28 UTC 2019 /home/travis/build/icyphy/ptII/ptolemy/actor/lib/test/auto/Clock17.xml
----------------- Instantiating /home/travis/build/icyphy/ptII/ptolemy/actor/lib/test/auto/Clock17.xml
30 ms. Memory: 376832K Free: 271067K (72%)
----------------- Invoking toplevel() on ptolemy.moml.MoMLSimpleApplication@13042738
----------------- Done invoking toplevel() on ptolemy.moml.MoMLSimpleApplication@13042738
reloadAllAccessors: .Clock17

===========================================================================================
----------------- testing Fri Aug 02 05:20:28 UTC 2019 /home/travis/build/icyphy/ptII/ptolemy/actor/lib/test/auto/Clock18.xml
----------------- Instantiating /home/travis/build/icyphy/ptII/ptolemy/actor/lib/test/auto/Clock18.xml
12 ms. Memory: 376832K Free: 258251K (69%)
----------------- Invoking toplevel() on ptolemy.moml.MoMLSimpleApplication@296dece3
----------------- Done invoking toplevel() on ptolemy.moml.MoMLSimpleApplication@296dece3
reloadAllAccessors: .Clock18

===========================================================================================
----------------- testing Fri Aug 02 05:20:28 UTC 2019 /home/travis/build/icyphy/ptII/ptolemy/actor/lib/test/auto/Clock19.xml
----------------- Instantiating /home/travis/build/icyphy/ptII/ptolemy/actor/lib/test/auto/Clock19.xml
14 ms. Memory: 376832K Free: 244939K (65%)
----------------- Invoking toplevel() on ptolemy.moml.MoMLSimpleApplication@2966c8fa
----------------- Done invoking toplevel() on ptolemy.moml.MoMLSimpleApplication@2966c8fa
reloadAllAccessors: .Clock19

===========================================================================================
----------------- testing Fri Aug 02 05:20:28 UTC 2019 /home/travis/build/icyphy/ptII/ptolemy/actor/lib/test/auto/Clock2.xml
----------------- Instantiating /home/travis/build/icyphy/ptII/ptolemy/actor/lib/test/auto/Clock2.xml
4 ms. Memory: 376832K Free: 240347K (64%)
----------------- Invoking toplevel() on ptolemy.moml.MoMLSimpleApplication@1f24e89b
----------------- Done invoking toplevel() on ptolemy.moml.MoMLSimpleApplication@1f24e89b
reloadAllAccessors: .Clock2

===========================================================================================
----------------- testing Fri Aug 02 05:20:28 UTC 2019 /home/travis/build/icyphy/ptII/ptolemy/actor/lib/test/auto/Clock20.xml
----------------- Instantiating /home/travis/build/icyphy/ptII/ptolemy/actor/lib/test/auto/Clock20.xml
5 ms. Memory: 376832K Free: 234713K (62%)
----------------- Invoking toplevel() on ptolemy.moml.MoMLSimpleApplication@7d106d23
----------------- Done invoking toplevel() on ptolemy.moml.MoMLSimpleApplication@7d106d23
reloadAllAccessors: .Clock20

===========================================================================================
----------------- testing Fri Aug 02 05:20:28 UTC 2019 /home/travis/build/icyphy/ptII/ptolemy/actor/lib/test/auto/Clock21.xml
----------------- Instantiating /home/travis/build/icyphy/ptII/ptolemy/actor/lib/test/auto/Clock21.xml
4 ms. Memory: 376832K Free: 229593K (61%)
----------------- Invoking toplevel() on ptolemy.moml.MoMLSimpleApplication@273bc677
----------------- Done invoking toplevel() on ptolemy.moml.MoMLSimpleApplication@273bc677
reloadAllAccessors: .Clock21

===========================================================================================
----------------- testing Fri Aug 02 05:20:28 UTC 2019 /home/travis/build/icyphy/ptII/ptolemy/actor/lib/test/auto/Clock22.xml
----------------- Instantiating /home/travis/build/icyphy/ptII/ptolemy/actor/lib/test/auto/Clock22.xml
2 ms. Memory: 376832K Free: 223963K (59%)
----------------- Invoking toplevel() on ptolemy.moml.MoMLSimpleApplication@4782dbce
----------------- Done invoking toplevel() on ptolemy.moml.MoMLSimpleApplication@4782dbce
reloadAllAccessors: .Clock22

===========================================================================================
----------------- testing Fri Aug 02 05:20:28 UTC 2019 /home/travis/build/icyphy/ptII/ptolemy/actor/lib/test/auto/Clock23.xml
----------------- Instantiating /home/travis/build/icyphy/ptII/ptolemy/actor/lib/test/auto/Clock23.xml
3 ms. Memory: 376832K Free: 218329K (58%)
----------------- Invoking toplevel() on ptolemy.moml.MoMLSimpleApplication@552b2603
----------------- Done invoking toplevel() on ptolemy.moml.MoMLSimpleApplication@552b2603
reloadAllAccessors: .Clock23

===========================================================================================
----------------- testing Fri Aug 02 05:20:28 UTC 2019 /home/travis/build/icyphy/ptII/ptolemy/actor/lib/test/auto/Clock24.xml
----------------- Instantiating /home/travis/build/icyphy/ptII/ptolemy/actor/lib/test/auto/Clock24.xml
2 ms. Memory: 376832K Free: 213209K (57%)
----------------- Invoking toplevel() on ptolemy.moml.MoMLSimpleApplication@18047b09
----------------- Done invoking toplevel() on ptolemy.moml.MoMLSimpleApplication@18047b09
reloadAllAccessors: .Clock24

===========================================================================================
----------------- testing Fri Aug 02 05:20:28 UTC 2019 /home/travis/build/icyphy/ptII/ptolemy/actor/lib/test/auto/Clock4.xml
----------------- Instantiating /home/travis/build/icyphy/ptII/ptolemy/actor/lib/test/auto/Clock4.xml
1 ms. Memory: 376832K Free: 208059K (55%)
----------------- Invoking toplevel() on ptolemy.moml.MoMLSimpleApplication@4ad40fcf
----------------- Done invoking toplevel() on ptolemy.moml.MoMLSimpleApplication@4ad40fcf
reloadAllAccessors: .Clock4

===========================================================================================
----------------- testing Fri Aug 02 05:20:28 UTC 2019 /home/travis/build/icyphy/ptII/ptolemy/actor/lib/test/auto/Clock5.xml
----------------- Instantiating /home/travis/build/icyphy/ptII/ptolemy/actor/lib/test/auto/Clock5.xml
2 ms. Memory: 376832K Free: 202969K (54%)
----------------- Invoking toplevel() on ptolemy.moml.MoMLSimpleApplication@28d45675
----------------- Done invoking toplevel() on ptolemy.moml.MoMLSimpleApplication@28d45675
reloadAllAccessors: .Clock5

===========================================================================================
----------------- testing Fri Aug 02 05:20:28 UTC 2019 /home/travis/build/icyphy/ptII/ptolemy/actor/lib/test/auto/Clock6.xml
----------------- Instantiating /home/travis/build/icyphy/ptII/ptolemy/actor/lib/test/auto/Clock6.xml
1 ms. Memory: 376832K Free: 198859K (53%)
----------------- Invoking toplevel() on ptolemy.moml.MoMLSimpleApplication@6e894c13
----------------- Done invoking toplevel() on ptolemy.moml.MoMLSimpleApplication@6e894c13
reloadAllAccessors: .Clock6

===========================================================================================
----------------- testing Fri Aug 02 05:20:28 UTC 2019 /home/travis/build/icyphy/ptII/ptolemy/actor/lib/test/auto/Clock7.xml
----------------- Instantiating /home/travis/build/icyphy/ptII/ptolemy/actor/lib/test/auto/Clock7.xml
1 ms. Memory: 376832K Free: 193753K (51%)
----------------- Invoking toplevel() on ptolemy.moml.MoMLSimpleApplication@4c60a7c6
----------------- Done invoking toplevel() on ptolemy.moml.MoMLSimpleApplication@4c60a7c6
reloadAllAccessors: .Clock7

===========================================================================================
----------------- testing Fri Aug 02 05:20:28 UTC 2019 /home/travis/build/icyphy/ptII/ptolemy/actor/lib/test/auto/Clock8.xml
----------------- Instantiating /home/travis/build/icyphy/ptII/ptolemy/actor/lib/test/auto/Clock8.xml
6 ms. Memory: 376832K Free: 188603K (50%)
----------------- Invoking toplevel() on ptolemy.moml.MoMLSimpleApplication@6f141c2d
----------------- Done invoking toplevel() on ptolemy.moml.MoMLSimpleApplication@6f141c2d
reloadAllAccessors: .Clock8

===========================================================================================
----------------- testing Fri Aug 02 05:20:28 UTC 2019 /home/travis/build/icyphy/ptII/ptolemy/actor/lib/test/auto/Clock9.xml
----------------- Instantiating /home/travis/build/icyphy/ptII/ptolemy/actor/lib/test/auto/Clock9.xml
6 ms. Memory: 376832K Free: 183003K (49%)
----------------- Invoking toplevel() on ptolemy.moml.MoMLSimpleApplication@72f0ec02
----------------- Done invoking toplevel() on ptolemy.moml.MoMLSimpleApplication@72f0ec02
reloadAllAccessors: .Clock9

===========================================================================================
----------------- testing Fri Aug 02 05:20:28 UTC 2019 /home/travis/build/icyphy/ptII/ptolemy/actor/lib/test/auto/CommDistDiscard.xml
----------------- Instantiating /home/travis/build/icyphy/ptII/ptolemy/actor/lib/test/auto/CommDistDiscard.xml
4 ms. Memory: 376832K Free: 177883K (47%)
----------------- Invoking toplevel() on ptolemy.moml.MoMLSimpleApplication@327bb37a
----------------- Done invoking toplevel() on ptolemy.moml.MoMLSimpleApplication@327bb37a
reloadAllAccessors: .CommDistDiscard

===========================================================================================
----------------- testing Fri Aug 02 05:20:28 UTC 2019 /home/travis/build/icyphy/ptII/ptolemy/actor/lib/test/auto/Commutator.xml
----------------- Instantiating /home/travis/build/icyphy/ptII/ptolemy/actor/lib/test/auto/Commutator.xml
3 ms. Memory: 376832K Free: 173273K (46%)
----------------- Invoking toplevel() on ptolemy.moml.MoMLSimpleApplication@2e8056b
----------------- Done invoking toplevel() on ptolemy.moml.MoMLSimpleApplication@2e8056b
reloadAllAccessors: .Commutator

===========================================================================================
----------------- testing Fri Aug 02 05:20:28 UTC 2019 /home/travis/build/icyphy/ptII/ptolemy/actor/lib/test/auto/Commutator2.xml
----------------- Instantiating /home/travis/build/icyphy/ptII/ptolemy/actor/lib/test/auto/Commutator2.xml
1 ms. Memory: 376832K Free: 168667K (45%)
----------------- Invoking toplevel() on ptolemy.moml.MoMLSimpleApplication@f9e8c56
----------------- Done invoking toplevel() on ptolemy.moml.MoMLSimpleApplication@f9e8c56
reloadAllAccessors: .Commutator2

===========================================================================================
----------------- testing Fri Aug 02 05:20:28 UTC 2019 /home/travis/build/icyphy/ptII/ptolemy/actor/lib/test/auto/Commutator3.xml
----------------- Instantiating /home/travis/build/icyphy/ptII/ptolemy/actor/lib/test/auto/Commutator3.xml
1 ms. Memory: 376832K Free: 164571K (44%)
----------------- Invoking toplevel() on ptolemy.moml.MoMLSimpleApplication@5e451198
----------------- Done invoking toplevel() on ptolemy.moml.MoMLSimpleApplication@5e451198
reloadAllAccessors: .Commutator3

===========================================================================================
----------------- testing Fri Aug 02 05:20:28 UTC 2019 /home/travis/build/icyphy/ptII/ptolemy/actor/lib/test/auto/Compare.xml
----------------- Instantiating /home/travis/build/icyphy/ptII/ptolemy/actor/lib/test/auto/Compare.xml
2 ms. Memory: 376832K Free: 157913K (42%)
----------------- Invoking toplevel() on ptolemy.moml.MoMLSimpleApplication@44f3ce30
----------------- Done invoking toplevel() on ptolemy.moml.MoMLSimpleApplication@44f3ce30
reloadAllAccessors: .Compare

===========================================================================================
----------------- testing Fri Aug 02 05:20:28 UTC 2019 /home/travis/build/icyphy/ptII/ptolemy/actor/lib/test/auto/CompareDE.xml
----------------- Instantiating /home/travis/build/icyphy/ptII/ptolemy/actor/lib/test/auto/CompareDE.xml
5 ms. Memory: 376832K Free: 151259K (40%)
----------------- Invoking toplevel() on ptolemy.moml.MoMLSimpleApplication@77c806ef
----------------- Done invoking toplevel() on ptolemy.moml.MoMLSimpleApplication@77c806ef
reloadAllAccessors: .CompareDE

===========================================================================================
----------------- testing Fri Aug 02 05:20:28 UTC 2019 /home/travis/build/icyphy/ptII/ptolemy/actor/lib/test/auto/ComplexDivide.xml
----------------- Instantiating /home/travis/build/icyphy/ptII/ptolemy/actor/lib/test/auto/ComplexDivide.xml
2 ms. Memory: 376832K Free: 147163K (39%)
----------------- Invoking toplevel() on ptolemy.moml.MoMLSimpleApplication@668e4a27
----------------- Done invoking toplevel() on ptolemy.moml.MoMLSimpleApplication@668e4a27
reloadAllAccessors: .ComplexDivide

===========================================================================================
----------------- testing Fri Aug 02 05:20:28 UTC 2019 /home/travis/build/icyphy/ptII/ptolemy/actor/lib/test/auto/ComputeHistogram.xml
----------------- Instantiating /home/travis/build/icyphy/ptII/ptolemy/actor/lib/test/auto/ComputeHistogram.xml
37 ms. Memory: 376832K Free: 134361K (36%)
----------------- Invoking toplevel() on ptolemy.moml.MoMLSimpleApplication@ed31d4e
----------------- Done invoking toplevel() on ptolemy.moml.MoMLSimpleApplication@ed31d4e
reloadAllAccessors: .ComputeHistogram

===========================================================================================
----------------- testing Fri Aug 02 05:20:28 UTC 2019 /home/travis/build/icyphy/ptII/ptolemy/actor/lib/test/auto/ConfigurationSelect.xml
----------------- Instantiating /home/travis/build/icyphy/ptII/ptolemy/actor/lib/test/auto/ConfigurationSelect.xml
10 ms. Memory: 376832K Free: 129227K (34%)
----------------- Invoking toplevel() on ptolemy.moml.MoMLSimpleApplication@51cab9ab
----------------- Done invoking toplevel() on ptolemy.moml.MoMLSimpleApplication@51cab9ab
reloadAllAccessors: .ConfigurationSelect

===========================================================================================
----------------- testing Fri Aug 02 05:20:28 UTC 2019 /home/travis/build/icyphy/ptII/ptolemy/actor/lib/test/auto/ConfigurationSelect2.xml
----------------- Instantiating /home/travis/build/icyphy/ptII/ptolemy/actor/lib/test/auto/ConfigurationSelect2.xml
2 ms. Memory: 376832K Free: 124635K (33%)
----------------- Invoking toplevel() on ptolemy.moml.MoMLSimpleApplication@3ee5e255
----------------- Done invoking toplevel() on ptolemy.moml.MoMLSimpleApplication@3ee5e255
reloadAllAccessors: .ConfigurationSelect2

===========================================================================================
----------------- testing Fri Aug 02 05:20:28 UTC 2019 /home/travis/build/icyphy/ptII/ptolemy/actor/lib/test/auto/ConfigurationSwitch.xml
----------------- Instantiating /home/travis/build/icyphy/ptII/ptolemy/actor/lib/test/auto/ConfigurationSwitch.xml
2 ms. Memory: 376832K Free: 119515K (32%)
----------------- Invoking toplevel() on ptolemy.moml.MoMLSimpleApplication@61c653c8
----------------- Done invoking toplevel() on ptolemy.moml.MoMLSimpleApplication@61c653c8
reloadAllAccessors: .ConfigurationSwitch

===========================================================================================
----------------- testing Fri Aug 02 05:20:28 UTC 2019 /home/travis/build/icyphy/ptII/ptolemy/actor/lib/test/auto/ConfigurationSwitch2.xml
----------------- Instantiating /home/travis/build/icyphy/ptII/ptolemy/actor/lib/test/auto/ConfigurationSwitch2.xml
3 ms. Memory: 376832K Free: 113881K (30%)
----------------- Invoking toplevel() on ptolemy.moml.MoMLSimpleApplication@4d5912fc
----------------- Done invoking toplevel() on ptolemy.moml.MoMLSimpleApplication@4d5912fc
reloadAllAccessors: .ConfigurationSwitch2

===========================================================================================
----------------- testing Fri Aug 02 05:20:28 UTC 2019 /home/travis/build/icyphy/ptII/ptolemy/actor/lib/test/auto/ConfigurationSwitchCloningBugWithClassRelationGroup.xml
----------------- Instantiating /home/travis/build/icyphy/ptII/ptolemy/actor/lib/test/auto/ConfigurationSwitchCloningBugWithClassRelationGroup.xml
1 ms. Memory: 376832K Free: 329029K (87%)
----------------- Invoking toplevel() on ptolemy.moml.MoMLSimpleApplication@38afcc78
----------------- Done invoking toplevel() on ptolemy.moml.MoMLSimpleApplication@38afcc78
reloadAllAccessors: .ConfigurationSwitchCloningBugWithClassRelationGroup

===========================================================================================
----------------- testing Fri Aug 02 05:20:28 UTC 2019 /home/travis/build/icyphy/ptII/ptolemy/actor/lib/test/auto/ConfigurationSwitchSelectSDF.xml
----------------- Instantiating /home/travis/build/icyphy/ptII/ptolemy/actor/lib/test/auto/ConfigurationSwitchSelectSDF.xml
3 ms. Memory: 376832K Free: 323395K (86%)
----------------- Invoking toplevel() on ptolemy.moml.MoMLSimpleApplication@1ac9b0c3
----------------- Done invoking toplevel() on ptolemy.moml.MoMLSimpleApplication@1ac9b0c3
reloadAllAccessors: .ConfigurationSwitchSelectSDF

===========================================================================================
----------------- testing Fri Aug 02 05:20:28 UTC 2019 /home/travis/build/icyphy/ptII/ptolemy/actor/lib/test/auto/ConfigurationSwitchSelectSDF2.xml
----------------- Instantiating /home/travis/build/icyphy/ptII/ptolemy/actor/lib/test/auto/ConfigurationSwitchSelectSDF2.xml
2 ms. Memory: 376832K Free: 317251K (84%)
----------------- Invoking toplevel() on ptolemy.moml.MoMLSimpleApplication@7521deb8
----------------- Done invoking toplevel() on ptolemy.moml.MoMLSimpleApplication@7521deb8
reloadAllAccessors: .ConfigurationSwitchSelectSDF2

===========================================================================================
----------------- testing Fri Aug 02 05:20:28 UTC 2019 /home/travis/build/icyphy/ptII/ptolemy/actor/lib/test/auto/Const.xml
----------------- Instantiating /home/travis/build/icyphy/ptII/ptolemy/actor/lib/test/auto/Const.xml
1 ms. Memory: 376832K Free: 314179K (83%)
----------------- Invoking toplevel() on ptolemy.moml.MoMLSimpleApplication@272f1208
----------------- Done invoking toplevel() on ptolemy.moml.MoMLSimpleApplication@272f1208
reloadAllAccessors: .Const

===========================================================================================
----------------- testing Fri Aug 02 05:20:28 UTC 2019 /home/travis/build/icyphy/ptII/ptolemy/actor/lib/test/auto/Const2.xml
----------------- Instantiating /home/travis/build/icyphy/ptII/ptolemy/actor/lib/test/auto/Const2.xml
2 ms. Memory: 376832K Free: 310083K (82%)
----------------- Invoking toplevel() on ptolemy.moml.MoMLSimpleApplication@74238b57
----------------- Done invoking toplevel() on ptolemy.moml.MoMLSimpleApplication@74238b57
reloadAllAccessors: .Const2

===========================================================================================
----------------- testing Fri Aug 02 05:20:28 UTC 2019 /home/travis/build/icyphy/ptII/ptolemy/actor/lib/test/auto/Const3.xml
----------------- Instantiating /home/travis/build/icyphy/ptII/ptolemy/actor/lib/test/auto/Const3.xml
1 ms. Memory: 376832K Free: 307011K (81%)
----------------- Invoking toplevel() on ptolemy.moml.MoMLSimpleApplication@67c820ce
----------------- Done invoking toplevel() on ptolemy.moml.MoMLSimpleApplication@67c820ce
reloadAllAccessors: .Const3

===========================================================================================
----------------- testing Fri Aug 02 05:20:28 UTC 2019 /home/travis/build/icyphy/ptII/ptolemy/actor/lib/test/auto/ConstantPublisherPort1.xml
----------------- Instantiating /home/travis/build/icyphy/ptII/ptolemy/actor/lib/test/auto/ConstantPublisherPort1.xml
5 ms. Memory: 376832K Free: 298819K (79%)
----------------- Invoking toplevel() on ptolemy.moml.MoMLSimpleApplication@6fd06e59
----------------- Done invoking toplevel() on ptolemy.moml.MoMLSimpleApplication@6fd06e59
reloadAllAccessors: .ConstantPublisherPort1

===========================================================================================
----------------- testing Fri Aug 02 05:20:28 UTC 2019 /home/travis/build/icyphy/ptII/ptolemy/actor/lib/test/auto/ConstantPublisherPort2.xml
----------------- Instantiating /home/travis/build/icyphy/ptII/ptolemy/actor/lib/test/auto/ConstantPublisherPort2.xml
4 ms. Memory: 376832K Free: 291141K (77%)
----------------- Invoking toplevel() on ptolemy.moml.MoMLSimpleApplication@6beae4c7
----------------- Done invoking toplevel() on ptolemy.moml.MoMLSimpleApplication@6beae4c7
reloadAllAccessors: .ConstantPublisherPort2

===========================================================================================
----------------- testing Fri Aug 02 05:20:29 UTC 2019 /home/travis/build/icyphy/ptII/ptolemy/actor/lib/test/auto/ConstantPublisherPort3.xml
----------------- Instantiating /home/travis/build/icyphy/ptII/ptolemy/actor/lib/test/auto/ConstantPublisherPort3.xml
7 ms. Memory: 376832K Free: 283459K (75%)
----------------- Invoking toplevel() on ptolemy.moml.MoMLSimpleApplication@20884a2b
----------------- Done invoking toplevel() on ptolemy.moml.MoMLSimpleApplication@20884a2b
reloadAllAccessors: .ConstantPublisherPort3

===========================================================================================
----------------- testing Fri Aug 02 05:20:29 UTC 2019 /home/travis/build/icyphy/ptII/ptolemy/actor/lib/test/auto/ConstantPublisherPort4.xml
----------------- Instantiating /home/travis/build/icyphy/ptII/ptolemy/actor/lib/test/auto/ConstantPublisherPort4.xml
3 ms. Memory: 376832K Free: 276805K (73%)
----------------- Invoking toplevel() on ptolemy.moml.MoMLSimpleApplication@2cb544db
----------------- Done invoking toplevel() on ptolemy.moml.MoMLSimpleApplication@2cb544db
reloadAllAccessors: .ConstantPublisherPort4

===========================================================================================
----------------- testing Fri Aug 02 05:20:29 UTC 2019 /home/travis/build/icyphy/ptII/ptolemy/actor/lib/test/auto/ConstantPublisherPort5.xml
----------------- Instantiating /home/travis/build/icyphy/ptII/ptolemy/actor/lib/test/auto/ConstantPublisherPort5.xml
33 ms. Memory: 376832K Free: 267075K (71%)
----------------- Invoking toplevel() on ptolemy.moml.MoMLSimpleApplication@6dd31985
----------------- Done invoking toplevel() on ptolemy.moml.MoMLSimpleApplication@6dd31985
reloadAllAccessors: .ConstantPublisherPort5

===========================================================================================
----------------- testing Fri Aug 02 05:20:29 UTC 2019 /home/travis/build/icyphy/ptII/ptolemy/actor/lib/test/auto/ConstantPublisherPort6.xml
----------------- Instantiating /home/travis/build/icyphy/ptII/ptolemy/actor/lib/test/auto/ConstantPublisherPort6.xml
14 ms. Memory: 376832K Free: 257859K (68%)
----------------- Invoking toplevel() on ptolemy.moml.MoMLSimpleApplication@3bc63c15
----------------- Done invoking toplevel() on ptolemy.moml.MoMLSimpleApplication@3bc63c15
reloadAllAccessors: .ConstantPublisherPort6

===========================================================================================
----------------- testing Fri Aug 02 05:20:29 UTC 2019 /home/travis/build/icyphy/ptII/ptolemy/actor/lib/test/auto/ConstantPublisherPort7.xml
----------------- Instantiating /home/travis/build/icyphy/ptII/ptolemy/actor/lib/test/auto/ConstantPublisherPort7.xml
19 ms. Memory: 376832K Free: 248643K (66%)
----------------- Invoking toplevel() on ptolemy.moml.MoMLSimpleApplication@2d8bf135
----------------- Done invoking toplevel() on ptolemy.moml.MoMLSimpleApplication@2d8bf135
reloadAllAccessors: .ConstantPublisherPort7

===========================================================================================
----------------- testing Fri Aug 02 05:20:29 UTC 2019 /home/travis/build/icyphy/ptII/ptolemy/actor/lib/test/auto/ConstraintMonitor1.xml
----------------- Instantiating /home/travis/build/icyphy/ptII/ptolemy/actor/lib/test/auto/ConstraintMonitor1.xml
8 ms. Memory: 376832K Free: 243523K (65%)
----------------- Invoking toplevel() on ptolemy.moml.MoMLSimpleApplication@1d6cc7bd
----------------- Done invoking toplevel() on ptolemy.moml.MoMLSimpleApplication@1d6cc7bd
reloadAllAccessors: .ConstraintMonitor1

===========================================================================================
----------------- testing Fri Aug 02 05:20:29 UTC 2019 /home/travis/build/icyphy/ptII/ptolemy/actor/lib/test/auto/ConstraintMonitor2.xml
----------------- Instantiating /home/travis/build/icyphy/ptII/ptolemy/actor/lib/test/auto/ConstraintMonitor2.xml
2 ms. Memory: 376832K Free: 238917K (63%)
----------------- Invoking toplevel() on ptolemy.moml.MoMLSimpleApplication@a8fb6aa
----------------- Done invoking toplevel() on ptolemy.moml.MoMLSimpleApplication@a8fb6aa
reloadAllAccessors: .ConstraintMonitor2

===========================================================================================
----------------- testing Fri Aug 02 05:20:29 UTC 2019 /home/travis/build/icyphy/ptII/ptolemy/actor/lib/test/auto/ConstraintMonitor3.xml
----------------- Instantiating /home/travis/build/icyphy/ptII/ptolemy/actor/lib/test/auto/ConstraintMonitor3.xml
2 ms. Memory: 376832K Free: 234821K (62%)
----------------- Invoking toplevel() on ptolemy.moml.MoMLSimpleApplication@4f83ba56
----------------- Done invoking toplevel() on ptolemy.moml.MoMLSimpleApplication@4f83ba56
reloadAllAccessors: .ConstraintMonitor3

===========================================================================================
----------------- testing Fri Aug 02 05:20:29 UTC 2019 /home/travis/build/icyphy/ptII/ptolemy/actor/lib/test/auto/ConstraintMonitor4.xml
----------------- Instantiating /home/travis/build/icyphy/ptII/ptolemy/actor/lib/test/auto/ConstraintMonitor4.xml
1 ms. Memory: 376832K Free: 229701K (61%)
----------------- Invoking toplevel() on ptolemy.moml.MoMLSimpleApplication@61edac6
----------------- Done invoking toplevel() on ptolemy.moml.MoMLSimpleApplication@61edac6
reloadAllAccessors: .ConstraintMonitor4

===========================================================================================
----------------- testing Fri Aug 02 05:20:29 UTC 2019 /home/travis/build/icyphy/ptII/ptolemy/actor/lib/test/auto/ConstraintMonitor5.xml
----------------- Instantiating /home/travis/build/icyphy/ptII/ptolemy/actor/lib/test/auto/ConstraintMonitor5.xml
2 ms. Memory: 376832K Free: 224067K (59%)
----------------- Invoking toplevel() on ptolemy.moml.MoMLSimpleApplication@53caf4d
----------------- Done invoking toplevel() on ptolemy.moml.MoMLSimpleApplication@53caf4d
reloadAllAccessors: .ConstraintMonitor5

===========================================================================================
----------------- testing Fri Aug 02 05:20:29 UTC 2019 /home/travis/build/icyphy/ptII/ptolemy/actor/lib/test/auto/ConstraintMonitor6.xml
----------------- Instantiating /home/travis/build/icyphy/ptII/ptolemy/actor/lib/test/auto/ConstraintMonitor6.xml
3 ms. Memory: 376832K Free: 217909K (58%)
----------------- Invoking toplevel() on ptolemy.moml.MoMLSimpleApplication@5b9e3e09
----------------- Done invoking toplevel() on ptolemy.moml.MoMLSimpleApplication@5b9e3e09
reloadAllAccessors: .ConstraintMonitor6

===========================================================================================
----------------- testing Fri Aug 02 05:20:29 UTC 2019 /home/travis/build/icyphy/ptII/ptolemy/actor/lib/test/auto/ConstraintMonitor7.xml
----------------- Instantiating /home/travis/build/icyphy/ptII/ptolemy/actor/lib/test/auto/ConstraintMonitor7.xml
4 ms. Memory: 376832K Free: 211773K (56%)
----------------- Invoking toplevel() on ptolemy.moml.MoMLSimpleApplication@41d5675e
----------------- Done invoking toplevel() on ptolemy.moml.MoMLSimpleApplication@41d5675e
reloadAllAccessors: .ConstraintMonitor7

===========================================================================================
----------------- testing Fri Aug 02 05:20:29 UTC 2019 /home/travis/build/icyphy/ptII/ptolemy/actor/lib/test/auto/ConstraintMonitor8.xml
----------------- Instantiating /home/travis/build/icyphy/ptII/ptolemy/actor/lib/test/auto/ConstraintMonitor8.xml
6 ms. Memory: 376832K Free: 204101K (54%)
----------------- Invoking toplevel() on ptolemy.moml.MoMLSimpleApplication@69931f72
----------------- Done invoking toplevel() on ptolemy.moml.MoMLSimpleApplication@69931f72
reloadAllAccessors: .ConstraintMonitor8

===========================================================================================
----------------- testing Fri Aug 02 05:20:29 UTC 2019 /home/travis/build/icyphy/ptII/ptolemy/actor/lib/test/auto/Counter.xml
----------------- Instantiating /home/travis/build/icyphy/ptII/ptolemy/actor/lib/test/auto/Counter.xml
2 ms. Memory: 376832K Free: 199491K (53%)
----------------- Invoking toplevel() on ptolemy.moml.MoMLSimpleApplication@437c3f6c
----------------- Done invoking toplevel() on ptolemy.moml.MoMLSimpleApplication@437c3f6c
reloadAllAccessors: .Counter

===========================================================================================
----------------- testing Fri Aug 02 05:20:29 UTC 2019 /home/travis/build/icyphy/ptII/ptolemy/actor/lib/test/auto/CurrentTimeSDF.xml
----------------- Instantiating /home/travis/build/icyphy/ptII/ptolemy/actor/lib/test/auto/CurrentTimeSDF.xml
2 ms. Memory: 376832K Free: 195395K (52%)
----------------- Invoking toplevel() on ptolemy.moml.MoMLSimpleApplication@8f14355
----------------- Done invoking toplevel() on ptolemy.moml.MoMLSimpleApplication@8f14355
reloadAllAccessors: .CurrentTimeSDF

===========================================================================================
----------------- testing Fri Aug 02 05:20:29 UTC 2019 /home/travis/build/icyphy/ptII/ptolemy/actor/lib/test/auto/DB.xml
----------------- Instantiating /home/travis/build/icyphy/ptII/ptolemy/actor/lib/test/auto/DB.xml
2 ms. Memory: 376832K Free: 189765K (50%)
----------------- Invoking toplevel() on ptolemy.moml.MoMLSimpleApplication@426b3e87
----------------- Done invoking toplevel() on ptolemy.moml.MoMLSimpleApplication@426b3e87
reloadAllAccessors: .DB

===========================================================================================
----------------- testing Fri Aug 02 05:20:29 UTC 2019 /home/travis/build/icyphy/ptII/ptolemy/actor/lib/test/auto/DBDE.xml
----------------- Instantiating /home/travis/build/icyphy/ptII/ptolemy/actor/lib/test/auto/DBDE.xml
2 ms. Memory: 376832K Free: 184101K (49%)
----------------- Invoking toplevel() on ptolemy.moml.MoMLSimpleApplication@7b4a3a27
----------------- Done invoking toplevel() on ptolemy.moml.MoMLSimpleApplication@7b4a3a27
reloadAllAccessors: .DBDE

===========================================================================================
----------------- testing Fri Aug 02 05:20:29 UTC 2019 /home/travis/build/icyphy/ptII/ptolemy/actor/lib/test/auto/DateConstructor.xml
----------------- Instantiating /home/travis/build/icyphy/ptII/ptolemy/actor/lib/test/auto/DateConstructor.xml
26 ms. Memory: 376832K Free: 166723K (44%)
----------------- Invoking toplevel() on ptolemy.moml.MoMLSimpleApplication@4c8ebc11
----------------- Done invoking toplevel() on ptolemy.moml.MoMLSimpleApplication@4c8ebc11
reloadAllAccessors: .DateConstructor

===========================================================================================
----------------- testing Fri Aug 02 05:20:29 UTC 2019 /home/travis/build/icyphy/ptII/ptolemy/actor/lib/test/auto/DelayTime.xml
----------------- Instantiating /home/travis/build/icyphy/ptII/ptolemy/actor/lib/test/auto/DelayTime.xml
6 ms. Memory: 376832K Free: 161603K (43%)
----------------- Invoking toplevel() on ptolemy.moml.MoMLSimpleApplication@2f8b1a89
----------------- Done invoking toplevel() on ptolemy.moml.MoMLSimpleApplication@2f8b1a89
reloadAllAccessors: .DelayTime

===========================================================================================
----------------- testing Fri Aug 02 05:20:29 UTC 2019 /home/travis/build/icyphy/ptII/ptolemy/actor/lib/test/auto/Dictionary1.xml
----------------- Instantiating /home/travis/build/icyphy/ptII/ptolemy/actor/lib/test/auto/Dictionary1.xml
2 ms. Memory: 376832K Free: 156483K (42%)
----------------- Invoking toplevel() on ptolemy.moml.MoMLSimpleApplication@16860c55
----------------- Done invoking toplevel() on ptolemy.moml.MoMLSimpleApplication@16860c55
reloadAllAccessors: .Dictionary1

===========================================================================================
----------------- testing Fri Aug 02 05:20:29 UTC 2019 /home/travis/build/icyphy/ptII/ptolemy/actor/lib/test/auto/Dictionary2.xml
----------------- Instantiating /home/travis/build/icyphy/ptII/ptolemy/actor/lib/test/auto/Dictionary2.xml
2 ms. Memory: 376832K Free: 150853K (40%)
----------------- Invoking toplevel() on ptolemy.moml.MoMLSimpleApplication@6996bd56
----------------- Done invoking toplevel() on ptolemy.moml.MoMLSimpleApplication@6996bd56
reloadAllAccessors: .Dictionary2

===========================================================================================
----------------- testing Fri Aug 02 05:20:29 UTC 2019 /home/travis/build/icyphy/ptII/ptolemy/actor/lib/test/auto/Dictionary3.xml
----------------- Instantiating /home/travis/build/icyphy/ptII/ptolemy/actor/lib/test/auto/Dictionary3.xml
2 ms. Memory: 376832K Free: 145219K (39%)
----------------- Invoking toplevel() on ptolemy.moml.MoMLSimpleApplication@4cf43e9f
----------------- Done invoking toplevel() on ptolemy.moml.MoMLSimpleApplication@4cf43e9f
reloadAllAccessors: .Dictionary3

===========================================================================================
----------------- testing Fri Aug 02 05:20:29 UTC 2019 /home/travis/build/icyphy/ptII/ptolemy/actor/lib/test/auto/Dictionary4.xml
----------------- Instantiating /home/travis/build/icyphy/ptII/ptolemy/actor/lib/test/auto/Dictionary4.xml
5 ms. Memory: 376832K Free: 138051K (37%)
----------------- Invoking toplevel() on ptolemy.moml.MoMLSimpleApplication@733c78e7
----------------- Done invoking toplevel() on ptolemy.moml.MoMLSimpleApplication@733c78e7
reloadAllAccessors: .Dictionary4

===========================================================================================
----------------- testing Fri Aug 02 05:20:29 UTC 2019 /home/travis/build/icyphy/ptII/ptolemy/actor/lib/test/auto/Differential.xml
----------------- Instantiating /home/travis/build/icyphy/ptII/ptolemy/actor/lib/test/auto/Differential.xml
4 ms. Memory: 376832K Free: 133445K (35%)
----------------- Invoking toplevel() on ptolemy.moml.MoMLSimpleApplication@29290e0a
----------------- Done invoking toplevel() on ptolemy.moml.MoMLSimpleApplication@29290e0a
reloadAllAccessors: .Differential

===========================================================================================
----------------- testing Fri Aug 02 05:20:29 UTC 2019 /home/travis/build/icyphy/ptII/ptolemy/actor/lib/test/auto/Director.xml
----------------- Instantiating /home/travis/build/icyphy/ptII/ptolemy/actor/lib/test/auto/Director.xml
2 ms. Memory: 376832K Free: 129859K (34%)
----------------- Invoking toplevel() on ptolemy.moml.MoMLSimpleApplication@38e345d1
----------------- Done invoking toplevel() on ptolemy.moml.MoMLSimpleApplication@38e345d1
reloadAllAccessors: .Director

===========================================================================================
----------------- testing Fri Aug 02 05:20:29 UTC 2019 /home/travis/build/icyphy/ptII/ptolemy/actor/lib/test/auto/DiscreteClock.xml
----------------- Instantiating /home/travis/build/icyphy/ptII/ptolemy/actor/lib/test/auto/DiscreteClock.xml
1 ms. Memory: 376832K Free: 126277K (34%)
----------------- Invoking toplevel() on ptolemy.moml.MoMLSimpleApplication@61e00320
----------------- Done invoking toplevel() on ptolemy.moml.MoMLSimpleApplication@61e00320
reloadAllAccessors: .DiscreteClock

===========================================================================================
----------------- testing Fri Aug 02 05:20:29 UTC 2019 /home/travis/build/icyphy/ptII/ptolemy/actor/lib/test/auto/DiscreteClock10.xml
----------------- Instantiating /home/travis/build/icyphy/ptII/ptolemy/actor/lib/test/auto/DiscreteClock10.xml
2 ms. Memory: 376832K Free: 120133K (32%)
----------------- Invoking toplevel() on ptolemy.moml.MoMLSimpleApplication@7120dc1d
----------------- Done invoking toplevel() on ptolemy.moml.MoMLSimpleApplication@7120dc1d
reloadAllAccessors: .DiscreteClock10

===========================================================================================
----------------- testing Fri Aug 02 05:20:29 UTC 2019 /home/travis/build/icyphy/ptII/ptolemy/actor/lib/test/auto/DiscreteClock11.xml
----------------- Instantiating /home/travis/build/icyphy/ptII/ptolemy/actor/lib/test/auto/DiscreteClock11.xml
2 ms. Memory: 376832K Free: 113989K (30%)
----------------- Invoking toplevel() on ptolemy.moml.MoMLSimpleApplication@5f607765
----------------- Done invoking toplevel() on ptolemy.moml.MoMLSimpleApplication@5f607765
reloadAllAccessors: .DiscreteClock11

===========================================================================================
----------------- testing Fri Aug 02 05:20:29 UTC 2019 /home/travis/build/icyphy/ptII/ptolemy/actor/lib/test/auto/DiscreteClock12.xml
----------------- Instantiating /home/travis/build/icyphy/ptII/ptolemy/actor/lib/test/auto/DiscreteClock12.xml
3 ms. Memory: 376832K Free: 108355K (29%)
----------------- Invoking toplevel() on ptolemy.moml.MoMLSimpleApplication@694de0b0
----------------- Done invoking toplevel() on ptolemy.moml.MoMLSimpleApplication@694de0b0
reloadAllAccessors: .DiscreteClock12

===========================================================================================
----------------- testing Fri Aug 02 05:20:29 UTC 2019 /home/travis/build/icyphy/ptII/ptolemy/actor/lib/test/auto/DiscreteClock13.xml
----------------- Instantiating /home/travis/build/icyphy/ptII/ptolemy/actor/lib/test/auto/DiscreteClock13.xml
4 ms. Memory: 376832K Free: 324066K (86%)
----------------- Invoking toplevel() on ptolemy.moml.MoMLSimpleApplication@1a16d69d
----------------- Done invoking toplevel() on ptolemy.moml.MoMLSimpleApplication@1a16d69d
reloadAllAccessors: .DiscreteClock13

===========================================================================================
----------------- testing Fri Aug 02 05:20:29 UTC 2019 /home/travis/build/icyphy/ptII/ptolemy/actor/lib/test/auto/DiscreteClock14.xml
----------------- Instantiating /home/travis/build/icyphy/ptII/ptolemy/actor/lib/test/auto/DiscreteClock14.xml
3 ms. Memory: 376832K Free: 317920K (84%)
----------------- Invoking toplevel() on ptolemy.moml.MoMLSimpleApplication@2c77efa9
----------------- Done invoking toplevel() on ptolemy.moml.MoMLSimpleApplication@2c77efa9
reloadAllAccessors: .DiscreteClock14

===========================================================================================
----------------- testing Fri Aug 02 05:20:29 UTC 2019 /home/travis/build/icyphy/ptII/ptolemy/actor/lib/test/auto/DiscreteClock15.xml
----------------- Instantiating /home/travis/build/icyphy/ptII/ptolemy/actor/lib/test/auto/DiscreteClock15.xml
2 ms. Memory: 376832K Free: 311778K (83%)
----------------- Invoking toplevel() on ptolemy.moml.MoMLSimpleApplication@37b1bf80
----------------- Done invoking toplevel() on ptolemy.moml.MoMLSimpleApplication@37b1bf80
reloadAllAccessors: .DiscreteClock15

===========================================================================================
----------------- testing Fri Aug 02 05:20:29 UTC 2019 /home/travis/build/icyphy/ptII/ptolemy/actor/lib/test/auto/DiscreteClock16.xml
----------------- Instantiating /home/travis/build/icyphy/ptII/ptolemy/actor/lib/test/auto/DiscreteClock16.xml
20 ms. Memory: 376832K Free: 297986K (79%)
----------------- Invoking toplevel() on ptolemy.moml.MoMLSimpleApplication@7b6aea92
----------------- Done invoking toplevel() on ptolemy.moml.MoMLSimpleApplication@7b6aea92
reloadAllAccessors: .DiscreteClock16

===========================================================================================
----------------- testing Fri Aug 02 05:20:29 UTC 2019 /home/travis/build/icyphy/ptII/ptolemy/actor/lib/test/auto/DiscreteClock17.xml
----------------- Instantiating /home/travis/build/icyphy/ptII/ptolemy/actor/lib/test/auto/DiscreteClock17.xml
20 ms. Memory: 376832K Free: 283650K (75%)
----------------- Invoking toplevel() on ptolemy.moml.MoMLSimpleApplication@56ccf805
----------------- Done invoking toplevel() on ptolemy.moml.MoMLSimpleApplication@56ccf805
reloadAllAccessors: .DiscreteClock17

===========================================================================================
----------------- testing Fri Aug 02 05:20:29 UTC 2019 /home/travis/build/icyphy/ptII/ptolemy/actor/lib/test/auto/DiscreteClock18.xml
----------------- Instantiating /home/travis/build/icyphy/ptII/ptolemy/actor/lib/test/auto/DiscreteClock18.xml
25 ms. Memory: 376832K Free: 269824K (72%)
----------------- Invoking toplevel() on ptolemy.moml.MoMLSimpleApplication@215326ee
----------------- Done invoking toplevel() on ptolemy.moml.MoMLSimpleApplication@215326ee
reloadAllAccessors: .DiscreteClock18

===========================================================================================
----------------- testing Fri Aug 02 05:20:29 UTC 2019 /home/travis/build/icyphy/ptII/ptolemy/actor/lib/test/auto/DiscreteClock19.xml
----------------- Instantiating /home/travis/build/icyphy/ptII/ptolemy/actor/lib/test/auto/DiscreteClock19.xml
22 ms. Memory: 376832K Free: 256002K (68%)
----------------- Invoking toplevel() on ptolemy.moml.MoMLSimpleApplication@745f596d
----------------- Done invoking toplevel() on ptolemy.moml.MoMLSimpleApplication@745f596d
reloadAllAccessors: .DiscreteClock19

===========================================================================================
----------------- testing Fri Aug 02 05:20:30 UTC 2019 /home/travis/build/icyphy/ptII/ptolemy/actor/lib/test/auto/DiscreteClock2.xml
----------------- Instantiating /home/travis/build/icyphy/ptII/ptolemy/actor/lib/test/auto/DiscreteClock2.xml
5 ms. Memory: 376832K Free: 251362K (67%)
----------------- Invoking toplevel() on ptolemy.moml.MoMLSimpleApplication@4878478c
----------------- Done invoking toplevel() on ptolemy.moml.MoMLSimpleApplication@4878478c
reloadAllAccessors: .DiscreteClock2

===========================================================================================
----------------- testing Fri Aug 02 05:20:30 UTC 2019 /home/travis/build/icyphy/ptII/ptolemy/actor/lib/test/auto/DiscreteClock20.xml
----------------- Instantiating /home/travis/build/icyphy/ptII/ptolemy/actor/lib/test/auto/DiscreteClock20.xml
9 ms. Memory: 376832K Free: 245762K (65%)
----------------- Invoking toplevel() on ptolemy.moml.MoMLSimpleApplication@59da2f67
----------------- Done invoking toplevel() on ptolemy.moml.MoMLSimpleApplication@59da2f67
reloadAllAccessors: .DiscreteClock20

===========================================================================================
----------------- testing Fri Aug 02 05:20:30 UTC 2019 /home/travis/build/icyphy/ptII/ptolemy/actor/lib/test/auto/DiscreteClock21.xml
----------------- Instantiating /home/travis/build/icyphy/ptII/ptolemy/actor/lib/test/auto/DiscreteClock21.xml
6 ms. Memory: 376832K Free: 240128K (64%)
----------------- Invoking toplevel() on ptolemy.moml.MoMLSimpleApplication@44eb8499
----------------- Done invoking toplevel() on ptolemy.moml.MoMLSimpleApplication@44eb8499
reloadAllAccessors: .DiscreteClock21

===========================================================================================
----------------- testing Fri Aug 02 05:20:30 UTC 2019 /home/travis/build/icyphy/ptII/ptolemy/actor/lib/test/auto/DiscreteClock22.xml
----------------- Instantiating /home/travis/build/icyphy/ptII/ptolemy/actor/lib/test/auto/DiscreteClock22.xml
6 ms. Memory: 376832K Free: 234498K (62%)
----------------- Invoking toplevel() on ptolemy.moml.MoMLSimpleApplication@6f3bded3
----------------- Done invoking toplevel() on ptolemy.moml.MoMLSimpleApplication@6f3bded3
reloadAllAccessors: .DiscreteClock22

===========================================================================================
----------------- testing Fri Aug 02 05:20:30 UTC 2019 /home/travis/build/icyphy/ptII/ptolemy/actor/lib/test/auto/DiscreteClock23.xml
----------------- Instantiating /home/travis/build/icyphy/ptII/ptolemy/actor/lib/test/auto/DiscreteClock23.xml
10 ms. Memory: 376832K Free: 228864K (61%)
----------------- Invoking toplevel() on ptolemy.moml.MoMLSimpleApplication@3a0fdce3
----------------- Done invoking toplevel() on ptolemy.moml.MoMLSimpleApplication@3a0fdce3
reloadAllAccessors: .DiscreteClock23

===========================================================================================
----------------- testing Fri Aug 02 05:20:30 UTC 2019 /home/travis/build/icyphy/ptII/ptolemy/actor/lib/test/auto/DiscreteClock24.xml
----------------- Instantiating /home/travis/build/icyphy/ptII/ptolemy/actor/lib/test/auto/DiscreteClock24.xml
5 ms. Memory: 376832K Free: 223744K (59%)
----------------- Invoking toplevel() on ptolemy.moml.MoMLSimpleApplication@5c6b9b59
----------------- Done invoking toplevel() on ptolemy.moml.MoMLSimpleApplication@5c6b9b59
reloadAllAccessors: .DiscreteClock24

===========================================================================================
----------------- testing Fri Aug 02 05:20:30 UTC 2019 /home/travis/build/icyphy/ptII/ptolemy/actor/lib/test/auto/DiscreteClock4.xml
----------------- Instantiating /home/travis/build/icyphy/ptII/ptolemy/actor/lib/test/auto/DiscreteClock4.xml
5 ms. Memory: 376832K Free: 218114K (58%)
----------------- Invoking toplevel() on ptolemy.moml.MoMLSimpleApplication@69a97814
----------------- Done invoking toplevel() on ptolemy.moml.MoMLSimpleApplication@69a97814
reloadAllAccessors: .DiscreteClock4

===========================================================================================
----------------- testing Fri Aug 02 05:20:30 UTC 2019 /home/travis/build/icyphy/ptII/ptolemy/actor/lib/test/auto/DiscreteClock5.xml
----------------- Instantiating /home/travis/build/icyphy/ptII/ptolemy/actor/lib/test/auto/DiscreteClock5.xml
1 ms. Memory: 376832K Free: 212466K (56%)
----------------- Invoking toplevel() on ptolemy.moml.MoMLSimpleApplication@2918fc7
----------------- Done invoking toplevel() on ptolemy.moml.MoMLSimpleApplication@2918fc7
reloadAllAccessors: .DiscreteClock5

===========================================================================================
----------------- testing Fri Aug 02 05:20:30 UTC 2019 /home/travis/build/icyphy/ptII/ptolemy/actor/lib/test/auto/DiscreteClock6.xml
----------------- Instantiating /home/travis/build/icyphy/ptII/ptolemy/actor/lib/test/auto/DiscreteClock6.xml
2 ms. Memory: 376832K Free: 208370K (55%)
----------------- Invoking toplevel() on ptolemy.moml.MoMLSimpleApplication@57bf9162
----------------- Done invoking toplevel() on ptolemy.moml.MoMLSimpleApplication@57bf9162
reloadAllAccessors: .DiscreteClock6

===========================================================================================
----------------- testing Fri Aug 02 05:20:30 UTC 2019 /home/travis/build/icyphy/ptII/ptolemy/actor/lib/test/auto/DiscreteClock7.xml
----------------- Instantiating /home/travis/build/icyphy/ptII/ptolemy/actor/lib/test/auto/DiscreteClock7.xml
1 ms. Memory: 376832K Free: 203264K (54%)
----------------- Invoking toplevel() on ptolemy.moml.MoMLSimpleApplication@7020146d
----------------- Done invoking toplevel() on ptolemy.moml.MoMLSimpleApplication@7020146d
reloadAllAccessors: .DiscreteClock7

===========================================================================================
----------------- testing Fri Aug 02 05:20:30 UTC 2019 /home/travis/build/icyphy/ptII/ptolemy/actor/lib/test/auto/DiscreteClock8.xml
----------------- Instantiating /home/travis/build/icyphy/ptII/ptolemy/actor/lib/test/auto/DiscreteClock8.xml
5 ms. Memory: 376832K Free: 197634K (52%)
----------------- Invoking toplevel() on ptolemy.moml.MoMLSimpleApplication@37a03203
----------------- Done invoking toplevel() on ptolemy.moml.MoMLSimpleApplication@37a03203
reloadAllAccessors: .DiscreteClock8

===========================================================================================
----------------- testing Fri Aug 02 05:20:30 UTC 2019 /home/travis/build/icyphy/ptII/ptolemy/actor/lib/test/auto/DiscreteClock9.xml
----------------- Instantiating /home/travis/build/icyphy/ptII/ptolemy/actor/lib/test/auto/DiscreteClock9.xml
5 ms. Memory: 376832K Free: 191490K (51%)
----------------- Invoking toplevel() on ptolemy.moml.MoMLSimpleApplication@5815f842
----------------- Done invoking toplevel() on ptolemy.moml.MoMLSimpleApplication@5815f842
reloadAllAccessors: .DiscreteClock9

===========================================================================================
----------------- testing Fri Aug 02 05:20:30 UTC 2019 /home/travis/build/icyphy/ptII/ptolemy/actor/lib/test/auto/DisplayArray.xml
----------------- Instantiating /home/travis/build/icyphy/ptII/ptolemy/actor/lib/test/auto/DisplayArray.xml
1 ms. Memory: 376832K Free: 187904K (50%)
----------------- Invoking toplevel() on ptolemy.moml.MoMLSimpleApplication@664cbb5a
----------------- Done invoking toplevel() on ptolemy.moml.MoMLSimpleApplication@664cbb5a
reloadAllAccessors: .DisplayArray

===========================================================================================
----------------- testing Fri Aug 02 05:20:30 UTC 2019 /home/travis/build/icyphy/ptII/ptolemy/actor/lib/test/auto/Distributor.xml
----------------- Instantiating /home/travis/build/icyphy/ptII/ptolemy/actor/lib/test/auto/Distributor.xml
1 ms. Memory: 376832K Free: 183298K (49%)
----------------- Invoking toplevel() on ptolemy.moml.MoMLSimpleApplication@40e6d50a
----------------- Done invoking toplevel() on ptolemy.moml.MoMLSimpleApplication@40e6d50a
reloadAllAccessors: .Distributor

===========================================================================================
----------------- testing Fri Aug 02 05:20:30 UTC 2019 /home/travis/build/icyphy/ptII/ptolemy/actor/lib/test/auto/Distributor2.xml
----------------- Instantiating /home/travis/build/icyphy/ptII/ptolemy/actor/lib/test/auto/Distributor2.xml
1 ms. Memory: 376832K Free: 178178K (47%)
----------------- Invoking toplevel() on ptolemy.moml.MoMLSimpleApplication@4a6f1708
----------------- Done invoking toplevel() on ptolemy.moml.MoMLSimpleApplication@4a6f1708
reloadAllAccessors: .Distributor2

===========================================================================================
----------------- testing Fri Aug 02 05:20:30 UTC 2019 /home/travis/build/icyphy/ptII/ptolemy/actor/lib/test/auto/DownSample.xml
----------------- Instantiating /home/travis/build/icyphy/ptII/ptolemy/actor/lib/test/auto/DownSample.xml
2 ms. Memory: 376832K Free: 173568K (46%)
----------------- Invoking toplevel() on ptolemy.moml.MoMLSimpleApplication@56aa9e36
----------------- Done invoking toplevel() on ptolemy.moml.MoMLSimpleApplication@56aa9e36
reloadAllAccessors: .DownSample

===========================================================================================
----------------- testing Fri Aug 02 05:20:30 UTC 2019 /home/travis/build/icyphy/ptII/ptolemy/actor/lib/test/auto/ElectronicUnitBase1.xml
----------------- Instantiating /home/travis/build/icyphy/ptII/ptolemy/actor/lib/test/auto/ElectronicUnitBase1.xml
31 ms. Memory: 376832K Free: 157184K (42%)
----------------- Invoking toplevel() on ptolemy.moml.MoMLSimpleApplication@19a7107b
----------------- Done invoking toplevel() on ptolemy.moml.MoMLSimpleApplication@19a7107b
reloadAllAccessors: .ElectronicUnitBase1

===========================================================================================
----------------- testing Fri Aug 02 05:20:30 UTC 2019 /home/travis/build/icyphy/ptII/ptolemy/actor/lib/test/auto/ElementsToArray.xml
----------------- Instantiating /home/travis/build/icyphy/ptII/ptolemy/actor/lib/test/auto/ElementsToArray.xml
3 ms. Memory: 376832K Free: 152064K (40%)
----------------- Invoking toplevel() on ptolemy.moml.MoMLSimpleApplication@5aa81953
----------------- Done invoking toplevel() on ptolemy.moml.MoMLSimpleApplication@5aa81953
reloadAllAccessors: .ElementsToArray

===========================================================================================
----------------- testing Fri Aug 02 05:20:30 UTC 2019 /home/travis/build/icyphy/ptII/ptolemy/actor/lib/test/auto/Equals.xml
----------------- Instantiating /home/travis/build/icyphy/ptII/ptolemy/actor/lib/test/auto/Equals.xml
3 ms. Memory: 376832K Free: 147968K (39%)
----------------- Invoking toplevel() on ptolemy.moml.MoMLSimpleApplication@589d6998
----------------- Done invoking toplevel() on ptolemy.moml.MoMLSimpleApplication@589d6998
reloadAllAccessors: .Equals

===========================================================================================
----------------- testing Fri Aug 02 05:20:30 UTC 2019 /home/travis/build/icyphy/ptII/ptolemy/actor/lib/test/auto/Exec.xml
----------------- Instantiating /home/travis/build/icyphy/ptII/ptolemy/actor/lib/test/auto/Exec.xml
18 ms. Memory: 376832K Free: 142848K (38%)
----------------- Invoking toplevel() on ptolemy.moml.MoMLSimpleApplication@27514abf
----------------- Done invoking toplevel() on ptolemy.moml.MoMLSimpleApplication@27514abf
reloadAllAccessors: .Exec

===========================================================================================
----------------- testing Fri Aug 02 05:20:30 UTC 2019 /home/travis/build/icyphy/ptII/ptolemy/actor/lib/test/auto/ExecEnvironment.xml
----------------- Instantiating /home/travis/build/icyphy/ptII/ptolemy/actor/lib/test/auto/ExecEnvironment.xml
54 ms. Memory: 376832K Free: 137218K (36%)
----------------- Invoking toplevel() on ptolemy.moml.MoMLSimpleApplication@5581df28
----------------- Done invoking toplevel() on ptolemy.moml.MoMLSimpleApplication@5581df28
reloadAllAccessors: .ExecEnvironment

===========================================================================================
----------------- testing Fri Aug 02 05:20:30 UTC 2019 /home/travis/build/icyphy/ptII/ptolemy/actor/lib/test/auto/ExecNonZeroReturnOutput.xml
----------------- Instantiating /home/travis/build/icyphy/ptII/ptolemy/actor/lib/test/auto/ExecNonZeroReturnOutput.xml
190 ms. Memory: 376832K Free: 125440K (33%)
----------------- Invoking toplevel() on ptolemy.moml.MoMLSimpleApplication@76baac8c
----------------- Done invoking toplevel() on ptolemy.moml.MoMLSimpleApplication@76baac8c
reloadAllAccessors: .ExecNonZeroReturnOutput

===========================================================================================
----------------- testing Fri Aug 02 05:20:30 UTC 2019 /home/travis/build/icyphy/ptII/ptolemy/actor/lib/test/auto/ExecRunDemos.xml
----------------- Instantiating /home/travis/build/icyphy/ptII/ptolemy/actor/lib/test/auto/ExecRunDemos.xml
Finished: 54 ms. Memory: 120832K Free: 104505K (86%)

Finished: 99 ms. Memory: 120832K Free: 110724K (92%)

Finished: 109 ms. Memory: 120832K Free: 110834K (92%)

Finished: 104 ms. Memory: 120832K Free: 103224K (85%)

Finished: 89 ms. Memory: 120832K Free: 103980K (86%)

10927 ms. Memory: 376832K Free: 325108K (86%)
----------------- Invoking toplevel() on ptolemy.moml.MoMLSimpleApplication@419a8659
----------------- Done invoking toplevel() on ptolemy.moml.MoMLSimpleApplication@419a8659
reloadAllAccessors: .ExecRunDemos

===========================================================================================
----------------- testing Fri Aug 02 05:20:41 UTC 2019 /home/travis/build/icyphy/ptII/ptolemy/actor/lib/test/auto/ExecStop.xml
----------------- Instantiating /home/travis/build/icyphy/ptII/ptolemy/actor/lib/test/auto/ExecStop.xml
5019 ms. Memory: 376832K Free: 212978K (57%)
----------------- Invoking toplevel() on ptolemy.moml.MoMLSimpleApplication@ad8a30b
----------------- Done invoking toplevel() on ptolemy.moml.MoMLSimpleApplication@ad8a30b
reloadAllAccessors: .ExecStop

===========================================================================================
----------------- testing Fri Aug 02 05:20:46 UTC 2019 /home/travis/build/icyphy/ptII/ptolemy/actor/lib/test/auto/ExecutionTimeSDF.xml
----------------- Instantiating /home/travis/build/icyphy/ptII/ptolemy/actor/lib/test/auto/ExecutionTimeSDF.xml
Fired ExecutionTime: 1884000000
Fired ExecutionTime: 1060800000
Fired ExecutionTime: -1066567296
6007 ms. Memory: 376832K Free: 200676K (53%)
----------------- Invoking toplevel() on ptolemy.moml.MoMLSimpleApplication@456e7c27
----------------- Done invoking toplevel() on ptolemy.moml.MoMLSimpleApplication@456e7c27
reloadAllAccessors: .ExecutionTimeSDF

===========================================================================================
----------------- testing Fri Aug 02 05:20:52 UTC 2019 /home/travis/build/icyphy/ptII/ptolemy/actor/lib/test/auto/Expression1.xml
----------------- Instantiating /home/travis/build/icyphy/ptII/ptolemy/actor/lib/test/auto/Expression1.xml
1 ms. Memory: 376832K Free: 197108K (52%)
----------------- Invoking toplevel() on ptolemy.moml.MoMLSimpleApplication@75c8b255
----------------- Done invoking toplevel() on ptolemy.moml.MoMLSimpleApplication@75c8b255
reloadAllAccessors: .Expression1

===========================================================================================
----------------- testing Fri Aug 02 05:20:52 UTC 2019 /home/travis/build/icyphy/ptII/ptolemy/actor/lib/test/auto/Expression10.xml
----------------- Instantiating /home/travis/build/icyphy/ptII/ptolemy/actor/lib/test/auto/Expression10.xml
9 ms. Memory: 376832K Free: 191988K (51%)
----------------- Invoking toplevel() on ptolemy.moml.MoMLSimpleApplication@423f0e05
----------------- Done invoking toplevel() on ptolemy.moml.MoMLSimpleApplication@423f0e05
reloadAllAccessors: .Expression10

===========================================================================================
----------------- testing Fri Aug 02 05:20:52 UTC 2019 /home/travis/build/icyphy/ptII/ptolemy/actor/lib/test/auto/Expression11.xml
----------------- Instantiating /home/travis/build/icyphy/ptII/ptolemy/actor/lib/test/auto/Expression11.xml
2 ms. Memory: 376832K Free: 187378K (50%)
----------------- Invoking toplevel() on ptolemy.moml.MoMLSimpleApplication@634eaa9c
----------------- Done invoking toplevel() on ptolemy.moml.MoMLSimpleApplication@634eaa9c
reloadAllAccessors: .Expression11

===========================================================================================
----------------- testing Fri Aug 02 05:20:52 UTC 2019 /home/travis/build/icyphy/ptII/ptolemy/actor/lib/test/auto/Expression12.xml
----------------- Instantiating /home/travis/build/icyphy/ptII/ptolemy/actor/lib/test/auto/Expression12.xml
3 ms. Memory: 376832K Free: 181748K (48%)
----------------- Invoking toplevel() on ptolemy.moml.MoMLSimpleApplication@267dc6e6
----------------- Done invoking toplevel() on ptolemy.moml.MoMLSimpleApplication@267dc6e6
reloadAllAccessors: .Expression12

===========================================================================================
----------------- testing Fri Aug 02 05:20:52 UTC 2019 /home/travis/build/icyphy/ptII/ptolemy/actor/lib/test/auto/Expression13.xml
----------------- Instantiating /home/travis/build/icyphy/ptII/ptolemy/actor/lib/test/auto/Expression13.xml
3 ms. Memory: 376832K Free: 176628K (47%)
----------------- Invoking toplevel() on ptolemy.moml.MoMLSimpleApplication@57d63f60
----------------- Done invoking toplevel() on ptolemy.moml.MoMLSimpleApplication@57d63f60
reloadAllAccessors: .Expression13

===========================================================================================
----------------- testing Fri Aug 02 05:20:52 UTC 2019 /home/travis/build/icyphy/ptII/ptolemy/actor/lib/test/auto/Expression14.xml
----------------- Instantiating /home/travis/build/icyphy/ptII/ptolemy/actor/lib/test/auto/Expression14.xml
8 ms. Memory: 376832K Free: 170484K (45%)
----------------- Invoking toplevel() on ptolemy.moml.MoMLSimpleApplication@77c1da23
----------------- Done invoking toplevel() on ptolemy.moml.MoMLSimpleApplication@77c1da23
reloadAllAccessors: .Expression14

===========================================================================================
----------------- testing Fri Aug 02 05:20:52 UTC 2019 /home/travis/build/icyphy/ptII/ptolemy/actor/lib/test/auto/Expression15.xml
----------------- Instantiating /home/travis/build/icyphy/ptII/ptolemy/actor/lib/test/auto/Expression15.xml
2 ms. Memory: 376832K Free: 167412K (44%)
----------------- Invoking toplevel() on ptolemy.moml.MoMLSimpleApplication@4ef82c2a
----------------- Done invoking toplevel() on ptolemy.moml.MoMLSimpleApplication@4ef82c2a
reloadAllAccessors: .Expression15

===========================================================================================
----------------- testing Fri Aug 02 05:20:52 UTC 2019 /home/travis/build/icyphy/ptII/ptolemy/actor/lib/test/auto/Expression16.xml
----------------- Instantiating /home/travis/build/icyphy/ptII/ptolemy/actor/lib/test/auto/Expression16.xml
3 ms. Memory: 376832K Free: 162292K (43%)
----------------- Invoking toplevel() on ptolemy.moml.MoMLSimpleApplication@31c2851b
----------------- Done invoking toplevel() on ptolemy.moml.MoMLSimpleApplication@31c2851b
reloadAllAccessors: .Expression16

===========================================================================================
----------------- testing Fri Aug 02 05:20:53 UTC 2019 /home/travis/build/icyphy/ptII/ptolemy/actor/lib/test/auto/Expression17.xml
----------------- Instantiating /home/travis/build/icyphy/ptII/ptolemy/actor/lib/test/auto/Expression17.xml
3 ms. Memory: 376832K Free: 157172K (42%)
----------------- Invoking toplevel() on ptolemy.moml.MoMLSimpleApplication@357c4498
----------------- Done invoking toplevel() on ptolemy.moml.MoMLSimpleApplication@357c4498
reloadAllAccessors: .Expression17

===========================================================================================
----------------- testing Fri Aug 02 05:20:53 UTC 2019 /home/travis/build/icyphy/ptII/ptolemy/actor/lib/test/auto/Expression18.xml
----------------- Instantiating /home/travis/build/icyphy/ptII/ptolemy/actor/lib/test/auto/Expression18.xml
4 ms. Memory: 376832K Free: 152050K (40%)
----------------- Invoking toplevel() on ptolemy.moml.MoMLSimpleApplication@775960c7
----------------- Done invoking toplevel() on ptolemy.moml.MoMLSimpleApplication@775960c7
reloadAllAccessors: .Expression18

===========================================================================================
----------------- testing Fri Aug 02 05:20:53 UTC 2019 /home/travis/build/icyphy/ptII/ptolemy/actor/lib/test/auto/Expression2.xml
----------------- Instantiating /home/travis/build/icyphy/ptII/ptolemy/actor/lib/test/auto/Expression2.xml
3 ms. Memory: 376832K Free: 146418K (39%)
----------------- Invoking toplevel() on ptolemy.moml.MoMLSimpleApplication@52436459
----------------- Done invoking toplevel() on ptolemy.moml.MoMLSimpleApplication@52436459
reloadAllAccessors: .Expression2

===========================================================================================
----------------- testing Fri Aug 02 05:20:53 UTC 2019 /home/travis/build/icyphy/ptII/ptolemy/actor/lib/test/auto/Expression3.xml
----------------- Instantiating /home/travis/build/icyphy/ptII/ptolemy/actor/lib/test/auto/Expression3.xml
7 ms. Memory: 376832K Free: 141298K (37%)
----------------- Invoking toplevel() on ptolemy.moml.MoMLSimpleApplication@3063a661
----------------- Done invoking toplevel() on ptolemy.moml.MoMLSimpleApplication@3063a661
reloadAllAccessors: .Expression3

===========================================================================================
----------------- testing Fri Aug 02 05:20:53 UTC 2019 /home/travis/build/icyphy/ptII/ptolemy/actor/lib/test/auto/Expression4.xml
----------------- Instantiating /home/travis/build/icyphy/ptII/ptolemy/actor/lib/test/auto/Expression4.xml
3 ms. Memory: 376832K Free: 134130K (36%)
----------------- Invoking toplevel() on ptolemy.moml.MoMLSimpleApplication@3c0459a1
----------------- Done invoking toplevel() on ptolemy.moml.MoMLSimpleApplication@3c0459a1
reloadAllAccessors: .Expression4

===========================================================================================
----------------- testing Fri Aug 02 05:20:53 UTC 2019 /home/travis/build/icyphy/ptII/ptolemy/actor/lib/test/auto/Expression5.xml
----------------- Instantiating /home/travis/build/icyphy/ptII/ptolemy/actor/lib/test/auto/Expression5.xml
6 ms. Memory: 376832K Free: 129010K (34%)
----------------- Invoking toplevel() on ptolemy.moml.MoMLSimpleApplication@17c228dc
----------------- Done invoking toplevel() on ptolemy.moml.MoMLSimpleApplication@17c228dc
reloadAllAccessors: .Expression5

===========================================================================================
----------------- testing Fri Aug 02 05:20:53 UTC 2019 /home/travis/build/icyphy/ptII/ptolemy/actor/lib/test/auto/Expression6.xml
----------------- Instantiating /home/travis/build/icyphy/ptII/ptolemy/actor/lib/test/auto/Expression6.xml
2 ms. Memory: 376832K Free: 124404K (33%)
----------------- Invoking toplevel() on ptolemy.moml.MoMLSimpleApplication@984aec2
----------------- Done invoking toplevel() on ptolemy.moml.MoMLSimpleApplication@984aec2
reloadAllAccessors: .Expression6

===========================================================================================
----------------- testing Fri Aug 02 05:20:53 UTC 2019 /home/travis/build/icyphy/ptII/ptolemy/actor/lib/test/auto/Expression7.xml
----------------- Instantiating /home/travis/build/icyphy/ptII/ptolemy/actor/lib/test/auto/Expression7.xml
3 ms. Memory: 376832K Free: 119284K (32%)
----------------- Invoking toplevel() on ptolemy.moml.MoMLSimpleApplication@1de42405
----------------- Done invoking toplevel() on ptolemy.moml.MoMLSimpleApplication@1de42405
reloadAllAccessors: .Expression7

===========================================================================================
----------------- testing Fri Aug 02 05:20:53 UTC 2019 /home/travis/build/icyphy/ptII/ptolemy/actor/lib/test/auto/Expression8.xml
----------------- Instantiating /home/travis/build/icyphy/ptII/ptolemy/actor/lib/test/auto/Expression8.xml
9 ms. Memory: 376832K Free: 114164K (30%)
----------------- Invoking toplevel() on ptolemy.moml.MoMLSimpleApplication@42db6e8b
----------------- Done invoking toplevel() on ptolemy.moml.MoMLSimpleApplication@42db6e8b
reloadAllAccessors: .Expression8

===========================================================================================
----------------- testing Fri Aug 02 05:20:53 UTC 2019 /home/travis/build/icyphy/ptII/ptolemy/actor/lib/test/auto/Expression9.xml
----------------- Instantiating /home/travis/build/icyphy/ptII/ptolemy/actor/lib/test/auto/Expression9.xml
1 ms. Memory: 376832K Free: 110068K (29%)
----------------- Invoking toplevel() on ptolemy.moml.MoMLSimpleApplication@52d057d0
----------------- Done invoking toplevel() on ptolemy.moml.MoMLSimpleApplication@52d057d0
reloadAllAccessors: .Expression9

===========================================================================================
----------------- testing Fri Aug 02 05:20:53 UTC 2019 /home/travis/build/icyphy/ptII/ptolemy/actor/lib/test/auto/ExpressionConcatenateArrayType.xml
----------------- Instantiating /home/travis/build/icyphy/ptII/ptolemy/actor/lib/test/auto/ExpressionConcatenateArrayType.xml
4 ms. Memory: 376832K Free: 325232K (86%)
----------------- Invoking toplevel() on ptolemy.moml.MoMLSimpleApplication@7bd3a473
----------------- Done invoking toplevel() on ptolemy.moml.MoMLSimpleApplication@7bd3a473
reloadAllAccessors: .ExpressionConcatenateArrayType

===========================================================================================
----------------- testing Fri Aug 02 05:20:53 UTC 2019 /home/travis/build/icyphy/ptII/ptolemy/actor/lib/test/auto/ExpressionConcatenateArrayType2.xml
----------------- Instantiating /home/travis/build/icyphy/ptII/ptolemy/actor/lib/test/auto/ExpressionConcatenateArrayType2.xml
2 ms. Memory: 376832K Free: 319102K (85%)
----------------- Invoking toplevel() on ptolemy.moml.MoMLSimpleApplication@5695a21f
----------------- Done invoking toplevel() on ptolemy.moml.MoMLSimpleApplication@5695a21f
reloadAllAccessors: .ExpressionConcatenateArrayType2

===========================================================================================
----------------- testing Fri Aug 02 05:20:53 UTC 2019 /home/travis/build/icyphy/ptII/ptolemy/actor/lib/test/auto/ExpressionFix.xml
----------------- Instantiating /home/travis/build/icyphy/ptII/ptolemy/actor/lib/test/auto/ExpressionFix.xml
22 ms. Memory: 376832K Free: 312446K (83%)
----------------- Invoking toplevel() on ptolemy.moml.MoMLSimpleApplication@2ef59e5a
----------------- Done invoking toplevel() on ptolemy.moml.MoMLSimpleApplication@2ef59e5a
reloadAllAccessors: .ExpressionFix

===========================================================================================
----------------- testing Fri Aug 02 05:20:53 UTC 2019 /home/travis/build/icyphy/ptII/ptolemy/actor/lib/test/auto/ExpressionFix2.xml
----------------- Instantiating /home/travis/build/icyphy/ptII/ptolemy/actor/lib/test/auto/ExpressionFix2.xml
2 ms. Memory: 376832K Free: 307838K (82%)
----------------- Invoking toplevel() on ptolemy.moml.MoMLSimpleApplication@74cd86f
----------------- Done invoking toplevel() on ptolemy.moml.MoMLSimpleApplication@74cd86f
reloadAllAccessors: .ExpressionFix2

===========================================================================================
----------------- testing Fri Aug 02 05:20:53 UTC 2019 /home/travis/build/icyphy/ptII/ptolemy/actor/lib/test/auto/ExpressionFix3.xml
----------------- Instantiating /home/travis/build/icyphy/ptII/ptolemy/actor/lib/test/auto/ExpressionFix3.xml
2 ms. Memory: 376832K Free: 303232K (80%)
----------------- Invoking toplevel() on ptolemy.moml.MoMLSimpleApplication@31963a78
----------------- Done invoking toplevel() on ptolemy.moml.MoMLSimpleApplication@31963a78
reloadAllAccessors: .ExpressionFix3

===========================================================================================
----------------- testing Fri Aug 02 05:20:53 UTC 2019 /home/travis/build/icyphy/ptII/ptolemy/actor/lib/test/auto/FileWriter1.xml
----------------- Instantiating /home/travis/build/icyphy/ptII/ptolemy/actor/lib/test/auto/FileWriter1.xml
3 ms. Memory: 376832K Free: 299136K (79%)
----------------- Invoking toplevel() on ptolemy.moml.MoMLSimpleApplication@3f462d09
----------------- Done invoking toplevel() on ptolemy.moml.MoMLSimpleApplication@3f462d09
reloadAllAccessors: .FileWriter1

===========================================================================================
----------------- testing Fri Aug 02 05:20:53 UTC 2019 /home/travis/build/icyphy/ptII/ptolemy/actor/lib/test/auto/FileWriter2.xml
----------------- Instantiating /home/travis/build/icyphy/ptII/ptolemy/actor/lib/test/auto/FileWriter2.xml
2 ms. Memory: 376832K Free: 294526K (78%)
----------------- Invoking toplevel() on ptolemy.moml.MoMLSimpleApplication@5fb66860
----------------- Done invoking toplevel() on ptolemy.moml.MoMLSimpleApplication@5fb66860
reloadAllAccessors: .FileWriter2

===========================================================================================
----------------- testing Fri Aug 02 05:20:53 UTC 2019 /home/travis/build/icyphy/ptII/ptolemy/actor/lib/test/auto/FileWriter3.xml
----------------- Instantiating /home/travis/build/icyphy/ptII/ptolemy/actor/lib/test/auto/FileWriter3.xml
3 ms. Memory: 376832K Free: 290944K (77%)
----------------- Invoking toplevel() on ptolemy.moml.MoMLSimpleApplication@55483220
----------------- Done invoking toplevel() on ptolemy.moml.MoMLSimpleApplication@55483220
reloadAllAccessors: .FileWriter3

===========================================================================================
----------------- testing Fri Aug 02 05:20:53 UTC 2019 /home/travis/build/icyphy/ptII/ptolemy/actor/lib/test/auto/Gaussian.xml
----------------- Instantiating /home/travis/build/icyphy/ptII/ptolemy/actor/lib/test/auto/Gaussian.xml
2 ms. Memory: 376832K Free: 286334K (76%)
----------------- Invoking toplevel() on ptolemy.moml.MoMLSimpleApplication@2d4b0672
----------------- Done invoking toplevel() on ptolemy.moml.MoMLSimpleApplication@2d4b0672
reloadAllAccessors: .Gaussian

===========================================================================================
----------------- testing Fri Aug 02 05:20:53 UTC 2019 /home/travis/build/icyphy/ptII/ptolemy/actor/lib/test/auto/Gaussian1.xml
----------------- Instantiating /home/travis/build/icyphy/ptII/ptolemy/actor/lib/test/auto/Gaussian1.xml
1 ms. Memory: 376832K Free: 281200K (75%)
----------------- Invoking toplevel() on ptolemy.moml.MoMLSimpleApplication@32e2e5ae
----------------- Done invoking toplevel() on ptolemy.moml.MoMLSimpleApplication@32e2e5ae
reloadAllAccessors: .Gaussian1

===========================================================================================
----------------- testing Fri Aug 02 05:20:53 UTC 2019 /home/travis/build/icyphy/ptII/ptolemy/actor/lib/test/auto/Gaussian2.xml
----------------- Instantiating /home/travis/build/icyphy/ptII/ptolemy/actor/lib/test/auto/Gaussian2.xml
11 ms. Memory: 376832K Free: 275584K (73%)
----------------- Invoking toplevel() on ptolemy.moml.MoMLSimpleApplication@5fe28fa4
----------------- Done invoking toplevel() on ptolemy.moml.MoMLSimpleApplication@5fe28fa4
reloadAllAccessors: .Gaussian2

===========================================================================================
----------------- testing Fri Aug 02 05:20:53 UTC 2019 /home/travis/build/icyphy/ptII/ptolemy/actor/lib/test/auto/GradientAdaptiveLattice.xml
----------------- Instantiating /home/travis/build/icyphy/ptII/ptolemy/actor/lib/test/auto/GradientAdaptiveLattice.xml
2 ms. Memory: 376832K Free: 270464K (72%)
----------------- Invoking toplevel() on ptolemy.moml.MoMLSimpleApplication@792ba153
----------------- Done invoking toplevel() on ptolemy.moml.MoMLSimpleApplication@792ba153
reloadAllAccessors: .GradientAdaptiveLattice

===========================================================================================
----------------- testing Fri Aug 02 05:20:53 UTC 2019 /home/travis/build/icyphy/ptII/ptolemy/actor/lib/test/auto/IIR.xml
----------------- Instantiating /home/travis/build/icyphy/ptII/ptolemy/actor/lib/test/auto/IIR.xml
1 ms. Memory: 376832K Free: 265854K (71%)
----------------- Invoking toplevel() on ptolemy.moml.MoMLSimpleApplication@3f275ad2
----------------- Done invoking toplevel() on ptolemy.moml.MoMLSimpleApplication@3f275ad2
reloadAllAccessors: .IIR

===========================================================================================
----------------- testing Fri Aug 02 05:20:53 UTC 2019 /home/travis/build/icyphy/ptII/ptolemy/actor/lib/test/auto/InputOutputTransparentPorts.xml
----------------- Instantiating /home/travis/build/icyphy/ptII/ptolemy/actor/lib/test/auto/InputOutputTransparentPorts.xml
1 ms. Memory: 376832K Free: 258686K (69%)
----------------- Invoking toplevel() on ptolemy.moml.MoMLSimpleApplication@b36e23a
----------------- Done invoking toplevel() on ptolemy.moml.MoMLSimpleApplication@b36e23a
reloadAllAccessors: .InputOutputTransparentPorts

===========================================================================================
----------------- testing Fri Aug 02 05:20:53 UTC 2019 /home/travis/build/icyphy/ptII/ptolemy/actor/lib/test/auto/Interpolator.xml
----------------- Instantiating /home/travis/build/icyphy/ptII/ptolemy/actor/lib/test/auto/Interpolator.xml
4 ms. Memory: 376832K Free: 254590K (68%)
----------------- Invoking toplevel() on ptolemy.moml.MoMLSimpleApplication@4f22c28d
----------------- Done invoking toplevel() on ptolemy.moml.MoMLSimpleApplication@4f22c28d
reloadAllAccessors: .Interpolator

===========================================================================================
----------------- testing Fri Aug 02 05:20:53 UTC 2019 /home/travis/build/icyphy/ptII/ptolemy/actor/lib/test/auto/InterpolatorFiringLimitDE.xml
----------------- Instantiating /home/travis/build/icyphy/ptII/ptolemy/actor/lib/test/auto/InterpolatorFiringLimitDE.xml
2 ms. Memory: 376832K Free: 248446K (66%)
----------------- Invoking toplevel() on ptolemy.moml.MoMLSimpleApplication@42ff7083
----------------- Done invoking toplevel() on ptolemy.moml.MoMLSimpleApplication@42ff7083
reloadAllAccessors: .InterpolatorFiringLimitDE

===========================================================================================
----------------- testing Fri Aug 02 05:20:53 UTC 2019 /home/travis/build/icyphy/ptII/ptolemy/actor/lib/test/auto/Lattice.xml
----------------- Instantiating /home/travis/build/icyphy/ptII/ptolemy/actor/lib/test/auto/Lattice.xml
1 ms. Memory: 376832K Free: 244864K (65%)
----------------- Invoking toplevel() on ptolemy.moml.MoMLSimpleApplication@3308903c
----------------- Done invoking toplevel() on ptolemy.moml.MoMLSimpleApplication@3308903c
reloadAllAccessors: .Lattice

===========================================================================================
----------------- testing Fri Aug 02 05:20:53 UTC 2019 /home/travis/build/icyphy/ptII/ptolemy/actor/lib/test/auto/LazyAOCTestLazy.xml
----------------- Instantiating /home/travis/build/icyphy/ptII/ptolemy/actor/lib/test/auto/LazyAOCTestLazy.xml
9 ms. Memory: 376832K Free: 238720K (63%)
----------------- Invoking toplevel() on ptolemy.moml.MoMLSimpleApplication@671ad872
----------------- Done invoking toplevel() on ptolemy.moml.MoMLSimpleApplication@671ad872
reloadAllAccessors: .LazyAOCTestLazy

===========================================================================================
----------------- testing Fri Aug 02 05:20:53 UTC 2019 /home/travis/build/icyphy/ptII/ptolemy/actor/lib/test/auto/LazyAOCTestNonLazy.xml
----------------- Instantiating /home/travis/build/icyphy/ptII/ptolemy/actor/lib/test/auto/LazyAOCTestNonLazy.xml
2 ms. Memory: 376832K Free: 232062K (62%)
----------------- Invoking toplevel() on ptolemy.moml.MoMLSimpleApplication@344b0c5
----------------- Done invoking toplevel() on ptolemy.moml.MoMLSimpleApplication@344b0c5
reloadAllAccessors: .LazyAOCTestNonLazy

===========================================================================================
----------------- testing Fri Aug 02 05:20:53 UTC 2019 /home/travis/build/icyphy/ptII/ptolemy/actor/lib/test/auto/LazyInnerClass.xml
----------------- Instantiating /home/travis/build/icyphy/ptII/ptolemy/actor/lib/test/auto/LazyInnerClass.xml
20 ms. Memory: 376832K Free: 223360K (59%)
----------------- Invoking toplevel() on ptolemy.moml.MoMLSimpleApplication@42d510db
----------------- Done invoking toplevel() on ptolemy.moml.MoMLSimpleApplication@42d510db
reloadAllAccessors: .LazyInnerClass

===========================================================================================
----------------- testing Fri Aug 02 05:20:53 UTC 2019 /home/travis/build/icyphy/ptII/ptolemy/actor/lib/test/auto/LazyPubSub.xml
----------------- Instantiating /home/travis/build/icyphy/ptII/ptolemy/actor/lib/test/auto/LazyPubSub.xml
34 ms. Memory: 376832K Free: 213120K (57%)
----------------- Invoking toplevel() on ptolemy.moml.MoMLSimpleApplication@5700fa0d
----------------- Done invoking toplevel() on ptolemy.moml.MoMLSimpleApplication@5700fa0d
reloadAllAccessors: .LazyPubSub

===========================================================================================
----------------- testing Fri Aug 02 05:20:53 UTC 2019 /home/travis/build/icyphy/ptII/ptolemy/actor/lib/test/auto/LazyPubSub2.xml
----------------- Instantiating /home/travis/build/icyphy/ptII/ptolemy/actor/lib/test/auto/LazyPubSub2.xml
29 ms. Memory: 376832K Free: 202880K (54%)
----------------- Invoking toplevel() on ptolemy.moml.MoMLSimpleApplication@1b471638
----------------- Done invoking toplevel() on ptolemy.moml.MoMLSimpleApplication@1b471638
reloadAllAccessors: .LazyPubSub2

===========================================================================================
----------------- testing Fri Aug 02 05:20:53 UTC 2019 /home/travis/build/icyphy/ptII/ptolemy/actor/lib/test/auto/LazyPubSub3.xml
----------------- Instantiating /home/travis/build/icyphy/ptII/ptolemy/actor/lib/test/auto/LazyPubSub3.xml
16 ms. Memory: 376832K Free: 192640K (51%)
----------------- Invoking toplevel() on ptolemy.moml.MoMLSimpleApplication@464e1bb4
----------------- Done invoking toplevel() on ptolemy.moml.MoMLSimpleApplication@464e1bb4
reloadAllAccessors: .LazyPubSub3

===========================================================================================
----------------- testing Fri Aug 02 05:20:53 UTC 2019 /home/travis/build/icyphy/ptII/ptolemy/actor/lib/test/auto/LazySubClassModel.xml
----------------- Instantiating /home/travis/build/icyphy/ptII/ptolemy/actor/lib/test/auto/LazySubClassModel.xml
4 ms. Memory: 376832K Free: 183424K (49%)
----------------- Invoking toplevel() on ptolemy.moml.MoMLSimpleApplication@678b3cfe
----------------- Done invoking toplevel() on ptolemy.moml.MoMLSimpleApplication@678b3cfe
reloadAllAccessors: .LazySubClassModel

===========================================================================================
----------------- testing Fri Aug 02 05:20:53 UTC 2019 /home/travis/build/icyphy/ptII/ptolemy/actor/lib/test/auto/LevelCrossTest1.xml
----------------- Instantiating /home/travis/build/icyphy/ptII/ptolemy/actor/lib/test/auto/LevelCrossTest1.xml
5 ms. Memory: 376832K Free: 177790K (47%)
----------------- Invoking toplevel() on ptolemy.moml.MoMLSimpleApplication@5b158efa
----------------- Done invoking toplevel() on ptolemy.moml.MoMLSimpleApplication@5b158efa
reloadAllAccessors: .broken

===========================================================================================
----------------- testing Fri Aug 02 05:20:53 UTC 2019 /home/travis/build/icyphy/ptII/ptolemy/actor/lib/test/auto/LevelCrossTest10.xml
----------------- Instantiating /home/travis/build/icyphy/ptII/ptolemy/actor/lib/test/auto/LevelCrossTest10.xml
2 ms. Memory: 376832K Free: 170112K (45%)
----------------- Invoking toplevel() on ptolemy.moml.MoMLSimpleApplication@5d4cc622
----------------- Done invoking toplevel() on ptolemy.moml.MoMLSimpleApplication@5d4cc622
reloadAllAccessors: .LevelCrossTest10

===========================================================================================
----------------- testing Fri Aug 02 05:20:53 UTC 2019 /home/travis/build/icyphy/ptII/ptolemy/actor/lib/test/auto/LevelCrossTest11.xml
----------------- Instantiating /home/travis/build/icyphy/ptII/ptolemy/actor/lib/test/auto/LevelCrossTest11.xml
1 ms. Memory: 376832K Free: 161920K (43%)
----------------- Invoking toplevel() on ptolemy.moml.MoMLSimpleApplication@108ae9cf
----------------- Done invoking toplevel() on ptolemy.moml.MoMLSimpleApplication@108ae9cf
reloadAllAccessors: .LevelCrossTest11

===========================================================================================
----------------- testing Fri Aug 02 05:20:53 UTC 2019 /home/travis/build/icyphy/ptII/ptolemy/actor/lib/test/auto/LevelCrossTest12.xml
----------------- Instantiating /home/travis/build/icyphy/ptII/ptolemy/actor/lib/test/auto/LevelCrossTest12.xml
2 ms. Memory: 376832K Free: 155262K (41%)
----------------- Invoking toplevel() on ptolemy.moml.MoMLSimpleApplication@73e37f32
----------------- Done invoking toplevel() on ptolemy.moml.MoMLSimpleApplication@73e37f32
reloadAllAccessors: .LevelCrossTest12

===========================================================================================
----------------- testing Fri Aug 02 05:20:54 UTC 2019 /home/travis/build/icyphy/ptII/ptolemy/actor/lib/test/auto/LevelCrossTest13.xml
----------------- Instantiating /home/travis/build/icyphy/ptII/ptolemy/actor/lib/test/auto/LevelCrossTest13.xml
1 ms. Memory: 376832K Free: 148094K (39%)
----------------- Invoking toplevel() on ptolemy.moml.MoMLSimpleApplication@71bcafb7
----------------- Done invoking toplevel() on ptolemy.moml.MoMLSimpleApplication@71bcafb7
reloadAllAccessors: .LevelCrossTest13

===========================================================================================
----------------- testing Fri Aug 02 05:20:54 UTC 2019 /home/travis/build/icyphy/ptII/ptolemy/actor/lib/test/auto/LevelCrossTest2.xml
----------------- Instantiating /home/travis/build/icyphy/ptII/ptolemy/actor/lib/test/auto/LevelCrossTest2.xml
1 ms. Memory: 376832K Free: 142464K (38%)
----------------- Invoking toplevel() on ptolemy.moml.MoMLSimpleApplication@52ab1601
----------------- Done invoking toplevel() on ptolemy.moml.MoMLSimpleApplication@52ab1601
reloadAllAccessors: .broken

===========================================================================================
----------------- testing Fri Aug 02 05:20:54 UTC 2019 /home/travis/build/icyphy/ptII/ptolemy/actor/lib/test/auto/LevelCrossTest3.xml
----------------- Instantiating /home/travis/build/icyphy/ptII/ptolemy/actor/lib/test/auto/LevelCrossTest3.xml
1 ms. Memory: 376832K Free: 135806K (36%)
----------------- Invoking toplevel() on ptolemy.moml.MoMLSimpleApplication@1bb36876
----------------- Done invoking toplevel() on ptolemy.moml.MoMLSimpleApplication@1bb36876
reloadAllAccessors: .LevelCrossTest3

===========================================================================================
----------------- testing Fri Aug 02 05:20:54 UTC 2019 /home/travis/build/icyphy/ptII/ptolemy/actor/lib/test/auto/LevelCrossTest4.xml
----------------- Instantiating /home/travis/build/icyphy/ptII/ptolemy/actor/lib/test/auto/LevelCrossTest4.xml
1 ms. Memory: 376832K Free: 130176K (35%)
----------------- Invoking toplevel() on ptolemy.moml.MoMLSimpleApplication@4f5feccd
----------------- Done invoking toplevel() on ptolemy.moml.MoMLSimpleApplication@4f5feccd
reloadAllAccessors: .broken

===========================================================================================
----------------- testing Fri Aug 02 05:20:54 UTC 2019 /home/travis/build/icyphy/ptII/ptolemy/actor/lib/test/auto/LevelCrossTest5.xml
----------------- Instantiating /home/travis/build/icyphy/ptII/ptolemy/actor/lib/test/auto/LevelCrossTest5.xml
7 ms. Memory: 376832K Free: 123518K (33%)
----------------- Invoking toplevel() on ptolemy.moml.MoMLSimpleApplication@1c9d892d
----------------- Done invoking toplevel() on ptolemy.moml.MoMLSimpleApplication@1c9d892d
reloadAllAccessors: .LevelCrossTest5

===========================================================================================
----------------- testing Fri Aug 02 05:20:54 UTC 2019 /home/travis/build/icyphy/ptII/ptolemy/actor/lib/test/auto/LevelCrossTest6.xml
----------------- Instantiating /home/travis/build/icyphy/ptII/ptolemy/actor/lib/test/auto/LevelCrossTest6.xml
1 ms. Memory: 376832K Free: 117374K (31%)
----------------- Invoking toplevel() on ptolemy.moml.MoMLSimpleApplication@5e43de8d
----------------- Done invoking toplevel() on ptolemy.moml.MoMLSimpleApplication@5e43de8d
reloadAllAccessors: .LevelCrossTest6

===========================================================================================
----------------- testing Fri Aug 02 05:20:54 UTC 2019 /home/travis/build/icyphy/ptII/ptolemy/actor/lib/test/auto/LevelCrossTest7.xml
----------------- Instantiating /home/travis/build/icyphy/ptII/ptolemy/actor/lib/test/auto/LevelCrossTest7.xml
1 ms. Memory: 376832K Free: 110206K (29%)
----------------- Invoking toplevel() on ptolemy.moml.MoMLSimpleApplication@25cff78a
----------------- Done invoking toplevel() on ptolemy.moml.MoMLSimpleApplication@25cff78a
reloadAllAccessors: .LevelCrossTest7

===========================================================================================
----------------- testing Fri Aug 02 05:20:54 UTC 2019 /home/travis/build/icyphy/ptII/ptolemy/actor/lib/test/auto/LevelCrossTest8.xml
----------------- Instantiating /home/travis/build/icyphy/ptII/ptolemy/actor/lib/test/auto/LevelCrossTest8.xml
1 ms. Memory: 376832K Free: 324094K (86%)
----------------- Invoking toplevel() on ptolemy.moml.MoMLSimpleApplication@1972d5da
----------------- Done invoking toplevel() on ptolemy.moml.MoMLSimpleApplication@1972d5da
reloadAllAccessors: .LevelCrossTest8

===========================================================================================
----------------- testing Fri Aug 02 05:20:54 UTC 2019 /home/travis/build/icyphy/ptII/ptolemy/actor/lib/test/auto/LevelCrossTest9.xml
----------------- Instantiating /home/travis/build/icyphy/ptII/ptolemy/actor/lib/test/auto/LevelCrossTest9.xml
2 ms. Memory: 376832K Free: 317438K (84%)
----------------- Invoking toplevel() on ptolemy.moml.MoMLSimpleApplication@13a2d5a5
----------------- Done invoking toplevel() on ptolemy.moml.MoMLSimpleApplication@13a2d5a5
reloadAllAccessors: .LevelCrossTest9

===========================================================================================
----------------- testing Fri Aug 02 05:20:54 UTC 2019 /home/travis/build/icyphy/ptII/ptolemy/actor/lib/test/auto/LevinsonDurbin.xml
----------------- Instantiating /home/travis/build/icyphy/ptII/ptolemy/actor/lib/test/auto/LevinsonDurbin.xml
10 ms. Memory: 376832K Free: 313344K (83%)
----------------- Invoking toplevel() on ptolemy.moml.MoMLSimpleApplication@1d829a8a
----------------- Done invoking toplevel() on ptolemy.moml.MoMLSimpleApplication@1d829a8a
reloadAllAccessors: .LevinsonDurbin

===========================================================================================
----------------- testing Fri Aug 02 05:20:54 UTC 2019 /home/travis/build/icyphy/ptII/ptolemy/actor/lib/test/auto/LevinsonDurbin2.xml
----------------- Instantiating /home/travis/build/icyphy/ptII/ptolemy/actor/lib/test/auto/LevinsonDurbin2.xml
1 ms. Memory: 376832K Free: 309248K (82%)
----------------- Invoking toplevel() on ptolemy.moml.MoMLSimpleApplication@2d772b8a
----------------- Done invoking toplevel() on ptolemy.moml.MoMLSimpleApplication@2d772b8a
reloadAllAccessors: .LevinsonDurbin2

===========================================================================================
----------------- testing Fri Aug 02 05:20:54 UTC 2019 /home/travis/build/icyphy/ptII/ptolemy/actor/lib/test/auto/LevinsonDurbin3.xml
----------------- Instantiating /home/travis/build/icyphy/ptII/ptolemy/actor/lib/test/auto/LevinsonDurbin3.xml
2 ms. Memory: 376832K Free: 305152K (81%)
----------------- Invoking toplevel() on ptolemy.moml.MoMLSimpleApplication@4f2f7984
----------------- Done invoking toplevel() on ptolemy.moml.MoMLSimpleApplication@4f2f7984
reloadAllAccessors: .LevinsonDurbin3

===========================================================================================
----------------- testing Fri Aug 02 05:20:54 UTC 2019 /home/travis/build/icyphy/ptII/ptolemy/actor/lib/test/auto/Limiter.xml
----------------- Instantiating /home/travis/build/icyphy/ptII/ptolemy/actor/lib/test/auto/Limiter.xml
15 ms. Memory: 376832K Free: 295936K (79%)
----------------- Invoking toplevel() on ptolemy.moml.MoMLSimpleApplication@57c5534e
----------------- Done invoking toplevel() on ptolemy.moml.MoMLSimpleApplication@57c5534e
reloadAllAccessors: .Limiter

===========================================================================================
----------------- testing Fri Aug 02 05:20:54 UTC 2019 /home/travis/build/icyphy/ptII/ptolemy/actor/lib/test/auto/LinearDifferenceEquationSystem.xml
----------------- Instantiating /home/travis/build/icyphy/ptII/ptolemy/actor/lib/test/auto/LinearDifferenceEquationSystem.xml
4 ms. Memory: 376832K Free: 288768K (77%)
----------------- Invoking toplevel() on ptolemy.moml.MoMLSimpleApplication@2e2608fa
----------------- Done invoking toplevel() on ptolemy.moml.MoMLSimpleApplication@2e2608fa
reloadAllAccessors: .LinearDifferenceEquationSystem

===========================================================================================
----------------- testing Fri Aug 02 05:20:54 UTC 2019 /home/travis/build/icyphy/ptII/ptolemy/actor/lib/test/auto/LookupTable.xml
----------------- Instantiating /home/travis/build/icyphy/ptII/ptolemy/actor/lib/test/auto/LookupTable.xml
2 ms. Memory: 376832K Free: 284158K (75%)
----------------- Invoking toplevel() on ptolemy.moml.MoMLSimpleApplication@60650800
----------------- Done invoking toplevel() on ptolemy.moml.MoMLSimpleApplication@60650800
reloadAllAccessors: .LookupTable

===========================================================================================
----------------- testing Fri Aug 02 05:20:54 UTC 2019 /home/travis/build/icyphy/ptII/ptolemy/actor/lib/test/auto/MathFunction.xml
----------------- Instantiating /home/travis/build/icyphy/ptII/ptolemy/actor/lib/test/auto/MathFunction.xml
10 ms. Memory: 376832K Free: 275966K (73%)
----------------- Invoking toplevel() on ptolemy.moml.MoMLSimpleApplication@ea556ec
----------------- Done invoking toplevel() on ptolemy.moml.MoMLSimpleApplication@ea556ec
reloadAllAccessors: .MathFunction

===========================================================================================
----------------- testing Fri Aug 02 05:20:54 UTC 2019 /home/travis/build/icyphy/ptII/ptolemy/actor/lib/test/auto/MathFunction2.xml
----------------- Instantiating /home/travis/build/icyphy/ptII/ptolemy/actor/lib/test/auto/MathFunction2.xml
1 ms. Memory: 376832K Free: 271870K (72%)
----------------- Invoking toplevel() on ptolemy.moml.MoMLSimpleApplication@3943dac5
----------------- Done invoking toplevel() on ptolemy.moml.MoMLSimpleApplication@3943dac5
reloadAllAccessors: .MathFunction2

===========================================================================================
----------------- testing Fri Aug 02 05:20:54 UTC 2019 /home/travis/build/icyphy/ptII/ptolemy/actor/lib/test/auto/MathFunction3.xml
----------------- Instantiating /home/travis/build/icyphy/ptII/ptolemy/actor/lib/test/auto/MathFunction3.xml
3 ms. Memory: 376832K Free: 264702K (70%)
----------------- Invoking toplevel() on ptolemy.moml.MoMLSimpleApplication@455abf88
----------------- Done invoking toplevel() on ptolemy.moml.MoMLSimpleApplication@455abf88
reloadAllAccessors: .MathFunction3

===========================================================================================
----------------- testing Fri Aug 02 05:20:54 UTC 2019 /home/travis/build/icyphy/ptII/ptolemy/actor/lib/test/auto/MatrixCropBoolean.xml
----------------- Instantiating /home/travis/build/icyphy/ptII/ptolemy/actor/lib/test/auto/MatrixCropBoolean.xml
2 ms. Memory: 376832K Free: 259575K (69%)
----------------- Invoking toplevel() on ptolemy.moml.MoMLSimpleApplication@19110ef9
----------------- Done invoking toplevel() on ptolemy.moml.MoMLSimpleApplication@19110ef9
reloadAllAccessors: .MatrixCropBoolean

===========================================================================================
----------------- testing Fri Aug 02 05:20:54 UTC 2019 /home/travis/build/icyphy/ptII/ptolemy/actor/lib/test/auto/MatrixCropComplex.xml
----------------- Instantiating /home/travis/build/icyphy/ptII/ptolemy/actor/lib/test/auto/MatrixCropComplex.xml
6 ms. Memory: 376832K Free: 254431K (68%)
----------------- Invoking toplevel() on ptolemy.moml.MoMLSimpleApplication@531ca303
----------------- Done invoking toplevel() on ptolemy.moml.MoMLSimpleApplication@531ca303
reloadAllAccessors: .MatrixCropComplex

===========================================================================================
----------------- testing Fri Aug 02 05:20:54 UTC 2019 /home/travis/build/icyphy/ptII/ptolemy/actor/lib/test/auto/MatrixCropDouble.xml
----------------- Instantiating /home/travis/build/icyphy/ptII/ptolemy/actor/lib/test/auto/MatrixCropDouble.xml
2 ms. Memory: 376832K Free: 249311K (66%)
----------------- Invoking toplevel() on ptolemy.moml.MoMLSimpleApplication@630b3f5e
----------------- Done invoking toplevel() on ptolemy.moml.MoMLSimpleApplication@630b3f5e
reloadAllAccessors: .MatrixCropDouble

===========================================================================================
----------------- testing Fri Aug 02 05:20:54 UTC 2019 /home/travis/build/icyphy/ptII/ptolemy/actor/lib/test/auto/MatrixCropFix.xml
----------------- Instantiating /home/travis/build/icyphy/ptII/ptolemy/actor/lib/test/auto/MatrixCropFix.xml
2 ms. Memory: 376832K Free: 244207K (65%)
----------------- Invoking toplevel() on ptolemy.moml.MoMLSimpleApplication@7afefcf0
----------------- Done invoking toplevel() on ptolemy.moml.MoMLSimpleApplication@7afefcf0
reloadAllAccessors: .MatrixCropFix

===========================================================================================
----------------- testing Fri Aug 02 05:20:54 UTC 2019 /home/travis/build/icyphy/ptII/ptolemy/actor/lib/test/auto/MatrixCropInt.xml
----------------- Instantiating /home/travis/build/icyphy/ptII/ptolemy/actor/lib/test/auto/MatrixCropInt.xml
1 ms. Memory: 376832K Free: 239616K (64%)
----------------- Invoking toplevel() on ptolemy.moml.MoMLSimpleApplication@44369852
----------------- Done invoking toplevel() on ptolemy.moml.MoMLSimpleApplication@44369852
reloadAllAccessors: .MatrixCropInt

===========================================================================================
----------------- testing Fri Aug 02 05:20:54 UTC 2019 /home/travis/build/icyphy/ptII/ptolemy/actor/lib/test/auto/MatrixCropLong.xml
----------------- Instantiating /home/travis/build/icyphy/ptII/ptolemy/actor/lib/test/auto/MatrixCropLong.xml
2 ms. Memory: 376832K Free: 234999K (62%)
----------------- Invoking toplevel() on ptolemy.moml.MoMLSimpleApplication@152c86a1
----------------- Done invoking toplevel() on ptolemy.moml.MoMLSimpleApplication@152c86a1
reloadAllAccessors: .MatrixCropLong

===========================================================================================
----------------- testing Fri Aug 02 05:20:54 UTC 2019 /home/travis/build/icyphy/ptII/ptolemy/actor/lib/test/auto/MatrixToArray.xml
----------------- Instantiating /home/travis/build/icyphy/ptII/ptolemy/actor/lib/test/auto/MatrixToArray.xml
6 ms. Memory: 376832K Free: 220160K (58%)
----------------- Invoking toplevel() on ptolemy.moml.MoMLSimpleApplication@4c792d56
----------------- Done invoking toplevel() on ptolemy.moml.MoMLSimpleApplication@4c792d56
reloadAllAccessors: .MatrixToArray

===========================================================================================
----------------- testing Fri Aug 02 05:20:54 UTC 2019 /home/travis/build/icyphy/ptII/ptolemy/actor/lib/test/auto/MaxIndex.xml
----------------- Instantiating /home/travis/build/icyphy/ptII/ptolemy/actor/lib/test/auto/MaxIndex.xml
2 ms. Memory: 376832K Free: 215040K (57%)
----------------- Invoking toplevel() on ptolemy.moml.MoMLSimpleApplication@750d582c
----------------- Done invoking toplevel() on ptolemy.moml.MoMLSimpleApplication@750d582c
reloadAllAccessors: .MaxIndex

===========================================================================================
----------------- testing Fri Aug 02 05:20:54 UTC 2019 /home/travis/build/icyphy/ptII/ptolemy/actor/lib/test/auto/Maximum.xml
----------------- Instantiating /home/travis/build/icyphy/ptII/ptolemy/actor/lib/test/auto/Maximum.xml
7 ms. Memory: 376832K Free: 208351K (55%)
----------------- Invoking toplevel() on ptolemy.moml.MoMLSimpleApplication@28978584
----------------- Done invoking toplevel() on ptolemy.moml.MoMLSimpleApplication@28978584
reloadAllAccessors: .Maximum

===========================================================================================
----------------- testing Fri Aug 02 05:20:54 UTC 2019 /home/travis/build/icyphy/ptII/ptolemy/actor/lib/test/auto/MaximumComplex.xml
----------------- Instantiating /home/travis/build/icyphy/ptII/ptolemy/actor/lib/test/auto/MaximumComplex.xml
5 ms. Memory: 376832K Free: 202223K (54%)
----------------- Invoking toplevel() on ptolemy.moml.MoMLSimpleApplication@44f20c99
----------------- Done invoking toplevel() on ptolemy.moml.MoMLSimpleApplication@44f20c99
reloadAllAccessors: .MaximumComplex

===========================================================================================
----------------- testing Fri Aug 02 05:20:54 UTC 2019 /home/travis/build/icyphy/ptII/ptolemy/actor/lib/test/auto/MethodCallTest.xml
----------------- Instantiating /home/travis/build/icyphy/ptII/ptolemy/actor/lib/test/auto/MethodCallTest.xml
3 ms. Memory: 376832K Free: 195584K (52%)
----------------- Invoking toplevel() on ptolemy.moml.MoMLSimpleApplication@45693edd
----------------- Done invoking toplevel() on ptolemy.moml.MoMLSimpleApplication@45693edd
reloadAllAccessors: .MethodCallTest

===========================================================================================
----------------- testing Fri Aug 02 05:20:54 UTC 2019 /home/travis/build/icyphy/ptII/ptolemy/actor/lib/test/auto/Minimum.xml
----------------- Instantiating /home/travis/build/icyphy/ptII/ptolemy/actor/lib/test/auto/Minimum.xml
3 ms. Memory: 376832K Free: 188911K (50%)
----------------- Invoking toplevel() on ptolemy.moml.MoMLSimpleApplication@2e5b8df3
----------------- Done invoking toplevel() on ptolemy.moml.MoMLSimpleApplication@2e5b8df3
reloadAllAccessors: .Minimum

===========================================================================================
----------------- testing Fri Aug 02 05:20:54 UTC 2019 /home/travis/build/icyphy/ptII/ptolemy/actor/lib/test/auto/MinimumComplex.xml
----------------- Instantiating /home/travis/build/icyphy/ptII/ptolemy/actor/lib/test/auto/MinimumComplex.xml
3 ms. Memory: 376832K Free: 182767K (49%)
----------------- Invoking toplevel() on ptolemy.moml.MoMLSimpleApplication@210d8e17
----------------- Done invoking toplevel() on ptolemy.moml.MoMLSimpleApplication@210d8e17
reloadAllAccessors: .MinimumComplex

===========================================================================================
----------------- testing Fri Aug 02 05:20:54 UTC 2019 /home/travis/build/icyphy/ptII/ptolemy/actor/lib/test/auto/MinimumMultiports.xml
----------------- Instantiating /home/travis/build/icyphy/ptII/ptolemy/actor/lib/test/auto/MinimumMultiports.xml
4 ms. Memory: 376832K Free: 174080K (46%)
----------------- Invoking toplevel() on ptolemy.moml.MoMLSimpleApplication@4b0c13c
----------------- Done invoking toplevel() on ptolemy.moml.MoMLSimpleApplication@4b0c13c
reloadAllAccessors: .MinimumMultiports

===========================================================================================
----------------- testing Fri Aug 02 05:20:54 UTC 2019 /home/travis/build/icyphy/ptII/ptolemy/actor/lib/test/auto/ModifyDate.xml
----------------- Instantiating /home/travis/build/icyphy/ptII/ptolemy/actor/lib/test/auto/ModifyDate.xml
10 ms. Memory: 376832K Free: 161278K (43%)
----------------- Invoking toplevel() on ptolemy.moml.MoMLSimpleApplication@61db49ee
----------------- Done invoking toplevel() on ptolemy.moml.MoMLSimpleApplication@61db49ee
reloadAllAccessors: .ModifyDate

===========================================================================================
----------------- testing Fri Aug 02 05:20:54 UTC 2019 /home/travis/build/icyphy/ptII/ptolemy/actor/lib/test/auto/ModifyDate2.xml
----------------- Instantiating /home/travis/build/icyphy/ptII/ptolemy/actor/lib/test/auto/ModifyDate2.xml
6 ms. Memory: 376832K Free: 152576K (40%)
----------------- Invoking toplevel() on ptolemy.moml.MoMLSimpleApplication@124fd059
----------------- Done invoking toplevel() on ptolemy.moml.MoMLSimpleApplication@124fd059
reloadAllAccessors: .ModifyDate2

===========================================================================================
----------------- testing Fri Aug 02 05:20:54 UTC 2019 /home/travis/build/icyphy/ptII/ptolemy/actor/lib/test/auto/MovingAverage.xml
----------------- Instantiating /home/travis/build/icyphy/ptII/ptolemy/actor/lib/test/auto/MovingAverage.xml
3 ms. Memory: 376832K Free: 147456K (39%)
----------------- Invoking toplevel() on ptolemy.moml.MoMLSimpleApplication@6c6e0bf2
----------------- Done invoking toplevel() on ptolemy.moml.MoMLSimpleApplication@6c6e0bf2
reloadAllAccessors: .MovingAverage

===========================================================================================
----------------- testing Fri Aug 02 05:20:54 UTC 2019 /home/travis/build/icyphy/ptII/ptolemy/actor/lib/test/auto/MovingMaximum.xml
----------------- Instantiating /home/travis/build/icyphy/ptII/ptolemy/actor/lib/test/auto/MovingMaximum.xml
1 ms. Memory: 376832K Free: 142846K (38%)
----------------- Invoking toplevel() on ptolemy.moml.MoMLSimpleApplication@634b29ee
----------------- Done invoking toplevel() on ptolemy.moml.MoMLSimpleApplication@634b29ee
reloadAllAccessors: .MovingMaximum

===========================================================================================
----------------- testing Fri Aug 02 05:20:54 UTC 2019 /home/travis/build/icyphy/ptII/ptolemy/actor/lib/test/auto/MultipleLinksToSameRelation.xml
----------------- Instantiating /home/travis/build/icyphy/ptII/ptolemy/actor/lib/test/auto/MultipleLinksToSameRelation.xml
3 ms. Memory: 376832K Free: 138750K (37%)
----------------- Invoking toplevel() on ptolemy.moml.MoMLSimpleApplication@31d89643
----------------- Done invoking toplevel() on ptolemy.moml.MoMLSimpleApplication@31d89643
reloadAllAccessors: .MultipleLinksToSameRelation

===========================================================================================
----------------- testing Fri Aug 02 05:20:54 UTC 2019 /home/travis/build/icyphy/ptII/ptolemy/actor/lib/test/auto/MultipleLinksToSameRelationDE.xml
----------------- Instantiating /home/travis/build/icyphy/ptII/ptolemy/actor/lib/test/auto/MultipleLinksToSameRelationDE.xml
2 ms. Memory: 376832K Free: 134144K (36%)
----------------- Invoking toplevel() on ptolemy.moml.MoMLSimpleApplication@63342129
----------------- Done invoking toplevel() on ptolemy.moml.MoMLSimpleApplication@63342129
reloadAllAccessors: .MultipleLinksToSameRelationDE

===========================================================================================
----------------- testing Fri Aug 02 05:20:54 UTC 2019 /home/travis/build/icyphy/ptII/ptolemy/actor/lib/test/auto/Multiplexor.xml
----------------- Instantiating /home/travis/build/icyphy/ptII/ptolemy/actor/lib/test/auto/Multiplexor.xml
2 ms. Memory: 376832K Free: 128510K (34%)
----------------- Invoking toplevel() on ptolemy.moml.MoMLSimpleApplication@46d9e59
----------------- Done invoking toplevel() on ptolemy.moml.MoMLSimpleApplication@46d9e59
reloadAllAccessors: .Multiplexor

===========================================================================================
----------------- testing Fri Aug 02 05:20:55 UTC 2019 /home/travis/build/icyphy/ptII/ptolemy/actor/lib/test/auto/Multiplexor1.xml
----------------- Instantiating /home/travis/build/icyphy/ptII/ptolemy/actor/lib/test/auto/Multiplexor1.xml
2 ms. Memory: 376832K Free: 122335K (32%)
----------------- Invoking toplevel() on ptolemy.moml.MoMLSimpleApplication@59d1fae4
----------------- Done invoking toplevel() on ptolemy.moml.MoMLSimpleApplication@59d1fae4
reloadAllAccessors: .Multiplexor1

===========================================================================================
----------------- testing Fri Aug 02 05:20:55 UTC 2019 /home/travis/build/icyphy/ptII/ptolemy/actor/lib/test/auto/Multiplexor2.xml
----------------- Instantiating /home/travis/build/icyphy/ptII/ptolemy/actor/lib/test/auto/Multiplexor2.xml
3 ms. Memory: 376832K Free: 115712K (31%)
----------------- Invoking toplevel() on ptolemy.moml.MoMLSimpleApplication@1c17152d
----------------- Done invoking toplevel() on ptolemy.moml.MoMLSimpleApplication@1c17152d
reloadAllAccessors: .Multiplexor2

===========================================================================================
----------------- testing Fri Aug 02 05:20:55 UTC 2019 /home/travis/build/icyphy/ptII/ptolemy/actor/lib/test/auto/Multiplexor3.xml
----------------- Instantiating /home/travis/build/icyphy/ptII/ptolemy/actor/lib/test/auto/Multiplexor3.xml
2 ms. Memory: 376832K Free: 111616K (30%)
----------------- Invoking toplevel() on ptolemy.moml.MoMLSimpleApplication@3e690135
----------------- Done invoking toplevel() on ptolemy.moml.MoMLSimpleApplication@3e690135
reloadAllAccessors: .Multiplexor3

===========================================================================================
----------------- testing Fri Aug 02 05:20:55 UTC 2019 /home/travis/build/icyphy/ptII/ptolemy/actor/lib/test/auto/MultiplexorDE.xml
----------------- Instantiating /home/travis/build/icyphy/ptII/ptolemy/actor/lib/test/auto/MultiplexorDE.xml
4 ms. Memory: 376832K Free: 325141K (86%)
----------------- Invoking toplevel() on ptolemy.moml.MoMLSimpleApplication@185b1dfc
----------------- Done invoking toplevel() on ptolemy.moml.MoMLSimpleApplication@185b1dfc
reloadAllAccessors: .MultiplexorDE

===========================================================================================
----------------- testing Fri Aug 02 05:20:55 UTC 2019 /home/travis/build/icyphy/ptII/ptolemy/actor/lib/test/auto/MultiportBroadcastTest.xml
----------------- Instantiating /home/travis/build/icyphy/ptII/ptolemy/actor/lib/test/auto/MultiportBroadcastTest.xml
90 ms. Memory: 376832K Free: 318501K (85%)
----------------- Invoking toplevel() on ptolemy.moml.MoMLSimpleApplication@541ff861
----------------- Done invoking toplevel() on ptolemy.moml.MoMLSimpleApplication@541ff861
reloadAllAccessors: .MultiportBroadcastTest

===========================================================================================
----------------- testing Fri Aug 02 05:20:55 UTC 2019 /home/travis/build/icyphy/ptII/ptolemy/actor/lib/test/auto/MultiportOutHangDuringGetWidth.xml
----------------- Instantiating /home/travis/build/icyphy/ptII/ptolemy/actor/lib/test/auto/MultiportOutHangDuringGetWidth.xml
4 ms. Memory: 376832K Free: 306213K (81%)
----------------- Invoking toplevel() on ptolemy.moml.MoMLSimpleApplication@3843bbb
----------------- Done invoking toplevel() on ptolemy.moml.MoMLSimpleApplication@3843bbb
reloadAllAccessors: .MultiportOutHangDuringGetWidth

===========================================================================================
----------------- testing Fri Aug 02 05:20:55 UTC 2019 /home/travis/build/icyphy/ptII/ptolemy/actor/lib/test/auto/NilToken.xml
----------------- Instantiating /home/travis/build/icyphy/ptII/ptolemy/actor/lib/test/auto/NilToken.xml
2 ms. Memory: 376832K Free: 302117K (80%)
----------------- Invoking toplevel() on ptolemy.moml.MoMLSimpleApplication@209d1fbf
----------------- Done invoking toplevel() on ptolemy.moml.MoMLSimpleApplication@209d1fbf
reloadAllAccessors: .NilToken

===========================================================================================
----------------- testing Fri Aug 02 05:20:55 UTC 2019 /home/travis/build/icyphy/ptII/ptolemy/actor/lib/test/auto/NilTokenNonStrictTest.xml
----------------- Instantiating /home/travis/build/icyphy/ptII/ptolemy/actor/lib/test/auto/NilTokenNonStrictTest.xml
1 ms. Memory: 376832K Free: 297507K (79%)
----------------- Invoking toplevel() on ptolemy.moml.MoMLSimpleApplication@7133530a
----------------- Done invoking toplevel() on ptolemy.moml.MoMLSimpleApplication@7133530a
reloadAllAccessors: .NilTokenNonStrictTest

===========================================================================================
----------------- testing Fri Aug 02 05:20:55 UTC 2019 /home/travis/build/icyphy/ptII/ptolemy/actor/lib/test/auto/NilTokenRecord.xml
----------------- Instantiating /home/travis/build/icyphy/ptII/ptolemy/actor/lib/test/auto/NilTokenRecord.xml
7 ms. Memory: 376832K Free: 290853K (77%)
----------------- Invoking toplevel() on ptolemy.moml.MoMLSimpleApplication@7a0b5fc5
----------------- Done invoking toplevel() on ptolemy.moml.MoMLSimpleApplication@7a0b5fc5
reloadAllAccessors: .NilTokenRecord

===========================================================================================
----------------- testing Fri Aug 02 05:20:55 UTC 2019 /home/travis/build/icyphy/ptII/ptolemy/actor/lib/test/auto/NilTokenTypeTest.xml
----------------- Instantiating /home/travis/build/icyphy/ptII/ptolemy/actor/lib/test/auto/NilTokenTypeTest.xml
10 ms. Memory: 376832K Free: 281123K (75%)
----------------- Invoking toplevel() on ptolemy.moml.MoMLSimpleApplication@4b4d875c
----------------- Done invoking toplevel() on ptolemy.moml.MoMLSimpleApplication@4b4d875c
reloadAllAccessors: .NilTokenTypeTest

===========================================================================================
----------------- testing Fri Aug 02 05:20:55 UTC 2019 /home/travis/build/icyphy/ptII/ptolemy/actor/lib/test/auto/ObjectToken1.xml
----------------- Instantiating /home/travis/build/icyphy/ptII/ptolemy/actor/lib/test/auto/ObjectToken1.xml
3 ms. Memory: 376832K Free: 277027K (74%)
----------------- Invoking toplevel() on ptolemy.moml.MoMLSimpleApplication@fb47423
----------------- Done invoking toplevel() on ptolemy.moml.MoMLSimpleApplication@fb47423
reloadAllAccessors: .ObjectToken1

===========================================================================================
----------------- testing Fri Aug 02 05:20:55 UTC 2019 /home/travis/build/icyphy/ptII/ptolemy/actor/lib/test/auto/OrderedMerge.xml
----------------- Instantiating /home/travis/build/icyphy/ptII/ptolemy/actor/lib/test/auto/OrderedMerge.xml
9 ms. Memory: 376832K Free: 271397K (72%)
----------------- Invoking toplevel() on ptolemy.moml.MoMLSimpleApplication@6280993
----------------- Done invoking toplevel() on ptolemy.moml.MoMLSimpleApplication@6280993
reloadAllAccessors: .OrderedMerge

===========================================================================================
----------------- testing Fri Aug 02 05:20:55 UTC 2019 /home/travis/build/icyphy/ptII/ptolemy/actor/lib/test/auto/OrderedRecordDisassembler.xml
----------------- Instantiating /home/travis/build/icyphy/ptII/ptolemy/actor/lib/test/auto/OrderedRecordDisassembler.xml
3 ms. Memory: 376832K Free: 266277K (71%)
----------------- Invoking toplevel() on ptolemy.moml.MoMLSimpleApplication@303a9d92
----------------- Done invoking toplevel() on ptolemy.moml.MoMLSimpleApplication@303a9d92
reloadAllAccessors: .OrderedRecordDisassembler

===========================================================================================
----------------- testing Fri Aug 02 05:20:55 UTC 2019 /home/travis/build/icyphy/ptII/ptolemy/actor/lib/test/auto/OrderedRecordDisassembler2.xml
----------------- Instantiating /home/travis/build/icyphy/ptII/ptolemy/actor/lib/test/auto/OrderedRecordDisassembler2.xml
4 ms. Memory: 376832K Free: 258581K (69%)
----------------- Invoking toplevel() on ptolemy.moml.MoMLSimpleApplication@1e3ae260
----------------- Done invoking toplevel() on ptolemy.moml.MoMLSimpleApplication@1e3ae260
reloadAllAccessors: .OrderedRecordDisassembler2

===========================================================================================
----------------- testing Fri Aug 02 05:20:55 UTC 2019 /home/travis/build/icyphy/ptII/ptolemy/actor/lib/test/auto/OrderedRecordUpdater.xml
----------------- Instantiating /home/travis/build/icyphy/ptII/ptolemy/actor/lib/test/auto/OrderedRecordUpdater.xml
2 ms. Memory: 376832K Free: 253475K (67%)
----------------- Invoking toplevel() on ptolemy.moml.MoMLSimpleApplication@70426d76
----------------- Done invoking toplevel() on ptolemy.moml.MoMLSimpleApplication@70426d76
reloadAllAccessors: .RecordUpdater

===========================================================================================
----------------- testing Fri Aug 02 05:20:55 UTC 2019 /home/travis/build/icyphy/ptII/ptolemy/actor/lib/test/auto/OrderedRecordUpdater2.xml
----------------- Instantiating /home/travis/build/icyphy/ptII/ptolemy/actor/lib/test/auto/OrderedRecordUpdater2.xml
2 ms. Memory: 376832K Free: 248355K (66%)
----------------- Invoking toplevel() on ptolemy.moml.MoMLSimpleApplication@12ba1a2e
----------------- Done invoking toplevel() on ptolemy.moml.MoMLSimpleApplication@12ba1a2e
reloadAllAccessors: .RecordUpdater2

===========================================================================================
----------------- testing Fri Aug 02 05:20:55 UTC 2019 /home/travis/build/icyphy/ptII/ptolemy/actor/lib/test/auto/PhaseUnwrap.xml
----------------- Instantiating /home/travis/build/icyphy/ptII/ptolemy/actor/lib/test/auto/PhaseUnwrap.xml
2 ms. Memory: 376832K Free: 243749K (65%)
----------------- Invoking toplevel() on ptolemy.moml.MoMLSimpleApplication@26e8308f
----------------- Done invoking toplevel() on ptolemy.moml.MoMLSimpleApplication@26e8308f
reloadAllAccessors: .PhaseUnwrap

===========================================================================================
----------------- testing Fri Aug 02 05:20:55 UTC 2019 /home/travis/build/icyphy/ptII/ptolemy/actor/lib/test/auto/PoissonClock.xml
----------------- Instantiating /home/travis/build/icyphy/ptII/ptolemy/actor/lib/test/auto/PoissonClock.xml
2 ms. Memory: 376832K Free: 239653K (64%)
----------------- Invoking toplevel() on ptolemy.moml.MoMLSimpleApplication@6d02874b
----------------- Done invoking toplevel() on ptolemy.moml.MoMLSimpleApplication@6d02874b
reloadAllAccessors: .PoissonClock

===========================================================================================
----------------- testing Fri Aug 02 05:20:55 UTC 2019 /home/travis/build/icyphy/ptII/ptolemy/actor/lib/test/auto/PoissonClock2.xml
----------------- Instantiating /home/travis/build/icyphy/ptII/ptolemy/actor/lib/test/auto/PoissonClock2.xml
1 ms. Memory: 376832K Free: 235557K (63%)
----------------- Invoking toplevel() on ptolemy.moml.MoMLSimpleApplication@51b9a3d
----------------- Done invoking toplevel() on ptolemy.moml.MoMLSimpleApplication@51b9a3d
reloadAllAccessors: .PoissonClock2

===========================================================================================
----------------- testing Fri Aug 02 05:20:55 UTC 2019 /home/travis/build/icyphy/ptII/ptolemy/actor/lib/test/auto/PoissonClock3.xml
----------------- Instantiating /home/travis/build/icyphy/ptII/ptolemy/actor/lib/test/auto/PoissonClock3.xml
2 ms. Memory: 376832K Free: 230437K (61%)
----------------- Invoking toplevel() on ptolemy.moml.MoMLSimpleApplication@35631ad7
----------------- Done invoking toplevel() on ptolemy.moml.MoMLSimpleApplication@35631ad7
reloadAllAccessors: .PoissonClock3

===========================================================================================
----------------- testing Fri Aug 02 05:20:55 UTC 2019 /home/travis/build/icyphy/ptII/ptolemy/actor/lib/test/auto/PubSubWithInitialTokens.xml
----------------- Instantiating /home/travis/build/icyphy/ptII/ptolemy/actor/lib/test/auto/PubSubWithInitialTokens.xml
2 ms. Memory: 376832K Free: 224773K (60%)
----------------- Invoking toplevel() on ptolemy.moml.MoMLSimpleApplication@72edc6c9
----------------- Done invoking toplevel() on ptolemy.moml.MoMLSimpleApplication@72edc6c9
reloadAllAccessors: .PubSubWithInitialTokens

===========================================================================================
----------------- testing Fri Aug 02 05:20:55 UTC 2019 /home/travis/build/icyphy/ptII/ptolemy/actor/lib/test/auto/PubSubWithInitialTokens2.xml
----------------- Instantiating /home/travis/build/icyphy/ptII/ptolemy/actor/lib/test/auto/PubSubWithInitialTokens2.xml
3 ms. Memory: 376832K Free: 218653K (58%)
----------------- Invoking toplevel() on ptolemy.moml.MoMLSimpleApplication@3e67e47b
----------------- Done invoking toplevel() on ptolemy.moml.MoMLSimpleApplication@3e67e47b
reloadAllAccessors: .PubSubWithInitialTokens2

===========================================================================================
----------------- testing Fri Aug 02 05:20:55 UTC 2019 /home/travis/build/icyphy/ptII/ptolemy/actor/lib/test/auto/PublisherClassNoParameter.xml
----------------- Instantiating /home/travis/build/icyphy/ptII/ptolemy/actor/lib/test/auto/PublisherClassNoParameter.xml
2 ms. Memory: 376832K Free: 208405K (55%)
----------------- Invoking toplevel() on ptolemy.moml.MoMLSimpleApplication@3f96ecdc
----------------- Done invoking toplevel() on ptolemy.moml.MoMLSimpleApplication@3f96ecdc
reloadAllAccessors: .PublisherClassNoParameter

===========================================================================================
----------------- testing Fri Aug 02 05:20:55 UTC 2019 /home/travis/build/icyphy/ptII/ptolemy/actor/lib/test/auto/PublisherClassParameter.xml
----------------- Instantiating /home/travis/build/icyphy/ptII/ptolemy/actor/lib/test/auto/PublisherClassParameter.xml
2 ms. Memory: 376832K Free: 198179K (53%)
----------------- Invoking toplevel() on ptolemy.moml.MoMLSimpleApplication@5bf61dad
----------------- Done invoking toplevel() on ptolemy.moml.MoMLSimpleApplication@5bf61dad
reloadAllAccessors: .PublisherClassParameter

===========================================================================================
----------------- testing Fri Aug 02 05:20:55 UTC 2019 /home/travis/build/icyphy/ptII/ptolemy/actor/lib/test/auto/PublisherNonStrictTest.xml
----------------- Instantiating /home/travis/build/icyphy/ptII/ptolemy/actor/lib/test/auto/PublisherNonStrictTest.xml
3 ms. Memory: 376832K Free: 190501K (51%)
----------------- Invoking toplevel() on ptolemy.moml.MoMLSimpleApplication@5a1b7864
----------------- Done invoking toplevel() on ptolemy.moml.MoMLSimpleApplication@5a1b7864
reloadAllAccessors: .PublisherNonStrictTest

===========================================================================================
----------------- testing Fri Aug 02 05:20:55 UTC 2019 /home/travis/build/icyphy/ptII/ptolemy/actor/lib/test/auto/PublisherPort1.xml
----------------- Instantiating /home/travis/build/icyphy/ptII/ptolemy/actor/lib/test/auto/PublisherPort1.xml
3 ms. Memory: 376832K Free: 184861K (49%)
----------------- Invoking toplevel() on ptolemy.moml.MoMLSimpleApplication@ffbf4f0
----------------- Done invoking toplevel() on ptolemy.moml.MoMLSimpleApplication@ffbf4f0
reloadAllAccessors: .PublisherPort1

===========================================================================================
----------------- testing Fri Aug 02 05:20:55 UTC 2019 /home/travis/build/icyphy/ptII/ptolemy/actor/lib/test/auto/PublisherPort2.xml
----------------- Instantiating /home/travis/build/icyphy/ptII/ptolemy/actor/lib/test/auto/PublisherPort2.xml
2 ms. Memory: 376832K Free: 179747K (48%)
----------------- Invoking toplevel() on ptolemy.moml.MoMLSimpleApplication@6f37a9f9
----------------- Done invoking toplevel() on ptolemy.moml.MoMLSimpleApplication@6f37a9f9
reloadAllAccessors: .PublisherPort2

===========================================================================================
----------------- testing Fri Aug 02 05:20:55 UTC 2019 /home/travis/build/icyphy/ptII/ptolemy/actor/lib/test/auto/PublisherPort3.xml
----------------- Instantiating /home/travis/build/icyphy/ptII/ptolemy/actor/lib/test/auto/PublisherPort3.xml
11 ms. Memory: 376832K Free: 173093K (46%)
----------------- Invoking toplevel() on ptolemy.moml.MoMLSimpleApplication@1cf2ff7a
----------------- Done invoking toplevel() on ptolemy.moml.MoMLSimpleApplication@1cf2ff7a
reloadAllAccessors: .PublisherPort3

===========================================================================================
----------------- testing Fri Aug 02 05:20:55 UTC 2019 /home/travis/build/icyphy/ptII/ptolemy/actor/lib/test/auto/PublisherPort4.xml
----------------- Instantiating /home/travis/build/icyphy/ptII/ptolemy/actor/lib/test/auto/PublisherPort4.xml
2 ms. Memory: 376832K Free: 166949K (44%)
----------------- Invoking toplevel() on ptolemy.moml.MoMLSimpleApplication@6466ec84
----------------- Done invoking toplevel() on ptolemy.moml.MoMLSimpleApplication@6466ec84
reloadAllAccessors: .PublisherPort4

===========================================================================================
----------------- testing Fri Aug 02 05:20:55 UTC 2019 /home/travis/build/icyphy/ptII/ptolemy/actor/lib/test/auto/PublisherPort5.xml
----------------- Instantiating /home/travis/build/icyphy/ptII/ptolemy/actor/lib/test/auto/PublisherPort5.xml
4 ms. Memory: 376832K Free: 159267K (42%)
----------------- Invoking toplevel() on ptolemy.moml.MoMLSimpleApplication@53ff57e9
----------------- Done invoking toplevel() on ptolemy.moml.MoMLSimpleApplication@53ff57e9
reloadAllAccessors: .PublisherPort5

===========================================================================================
----------------- testing Fri Aug 02 05:20:55 UTC 2019 /home/travis/build/icyphy/ptII/ptolemy/actor/lib/test/auto/PublisherPort5LookAlike.xml
----------------- Instantiating /home/travis/build/icyphy/ptII/ptolemy/actor/lib/test/auto/PublisherPort5LookAlike.xml
8 ms. Memory: 376832K Free: 151589K (40%)
----------------- Invoking toplevel() on ptolemy.moml.MoMLSimpleApplication@4b575f22
----------------- Done invoking toplevel() on ptolemy.moml.MoMLSimpleApplication@4b575f22
reloadAllAccessors: .PublisherPort5LookAlike

===========================================================================================
----------------- testing Fri Aug 02 05:20:55 UTC 2019 /home/travis/build/icyphy/ptII/ptolemy/actor/lib/test/auto/PublisherPort6.xml
----------------- Instantiating /home/travis/build/icyphy/ptII/ptolemy/actor/lib/test/auto/PublisherPort6.xml
2 ms. Memory: 376832K Free: 144931K (38%)
----------------- Invoking toplevel() on ptolemy.moml.MoMLSimpleApplication@40ce8c2
----------------- Done invoking toplevel() on ptolemy.moml.MoMLSimpleApplication@40ce8c2
reloadAllAccessors: .PublisherPort6

===========================================================================================
----------------- testing Fri Aug 02 05:20:55 UTC 2019 /home/travis/build/icyphy/ptII/ptolemy/actor/lib/test/auto/PublisherPort7.xml
----------------- Instantiating /home/travis/build/icyphy/ptII/ptolemy/actor/lib/test/auto/PublisherPort7.xml
3 ms. Memory: 376832K Free: 137253K (36%)
----------------- Invoking toplevel() on ptolemy.moml.MoMLSimpleApplication@762f1749
----------------- Done invoking toplevel() on ptolemy.moml.MoMLSimpleApplication@762f1749
reloadAllAccessors: .PublisherPort7

===========================================================================================
----------------- testing Fri Aug 02 05:20:55 UTC 2019 /home/travis/build/icyphy/ptII/ptolemy/actor/lib/test/auto/PublisherPort8.xml
----------------- Instantiating /home/travis/build/icyphy/ptII/ptolemy/actor/lib/test/auto/PublisherPort8.xml
4 ms. Memory: 376832K Free: 128547K (34%)
----------------- Invoking toplevel() on ptolemy.moml.MoMLSimpleApplication@7ee23e66
----------------- Done invoking toplevel() on ptolemy.moml.MoMLSimpleApplication@7ee23e66
reloadAllAccessors: .PublisherPort8

===========================================================================================
----------------- testing Fri Aug 02 05:20:55 UTC 2019 /home/travis/build/icyphy/ptII/ptolemy/actor/lib/test/auto/PublisherPortSubscriberChannelVariablesAOC2.xml
----------------- Instantiating /home/travis/build/icyphy/ptII/ptolemy/actor/lib/test/auto/PublisherPortSubscriberChannelVariablesAOC2.xml
3 ms. Memory: 376832K Free: 110629K (29%)
----------------- Invoking toplevel() on ptolemy.moml.MoMLSimpleApplication@5ab2d22d
----------------- Done invoking toplevel() on ptolemy.moml.MoMLSimpleApplication@5ab2d22d
reloadAllAccessors: .PublisherPortSubscriberChannelVariablesAOC2

===========================================================================================
----------------- testing Fri Aug 02 05:20:55 UTC 2019 /home/travis/build/icyphy/ptII/ptolemy/actor/lib/test/auto/PublisherPortSubscriberOpaqueWidthInference.xml
----------------- Instantiating /home/travis/build/icyphy/ptII/ptolemy/actor/lib/test/auto/PublisherPortSubscriberOpaqueWidthInference.xml
4 ms. Memory: 376832K Free: 323716K (86%)
----------------- Invoking toplevel() on ptolemy.moml.MoMLSimpleApplication@4918afe1
----------------- Done invoking toplevel() on ptolemy.moml.MoMLSimpleApplication@4918afe1
reloadAllAccessors: .PublisherPortSubscriberOpaqueWidthInference

===========================================================================================
----------------- testing Fri Aug 02 05:20:55 UTC 2019 /home/travis/build/icyphy/ptII/ptolemy/actor/lib/test/auto/PublisherPortSubscriberPortAdjacent.xml
----------------- Instantiating /home/travis/build/icyphy/ptII/ptolemy/actor/lib/test/auto/PublisherPortSubscriberPortAdjacent.xml
2 ms. Memory: 376832K Free: 315028K (84%)
----------------- Invoking toplevel() on ptolemy.moml.MoMLSimpleApplication@135f077a
----------------- Done invoking toplevel() on ptolemy.moml.MoMLSimpleApplication@135f077a
reloadAllAccessors: .PublisherPortSubscriberPortAdjacent

===========================================================================================
----------------- testing Fri Aug 02 05:20:55 UTC 2019 /home/travis/build/icyphy/ptII/ptolemy/actor/lib/test/auto/PublisherPortSubscriberPortExpression.xml
----------------- Instantiating /home/travis/build/icyphy/ptII/ptolemy/actor/lib/test/auto/PublisherPortSubscriberPortExpression.xml
8 ms. Memory: 376832K Free: 306836K (81%)
----------------- Invoking toplevel() on ptolemy.moml.MoMLSimpleApplication@2ce45206
----------------- Done invoking toplevel() on ptolemy.moml.MoMLSimpleApplication@2ce45206
reloadAllAccessors: .PublisherPortSubscriberPortExpression

===========================================================================================
----------------- testing Fri Aug 02 05:20:55 UTC 2019 /home/travis/build/icyphy/ptII/ptolemy/actor/lib/test/auto/PublisherPortSubscriberPortOpaqueD3Reverse.xml
----------------- Instantiating /home/travis/build/icyphy/ptII/ptolemy/actor/lib/test/auto/PublisherPortSubscriberPortOpaqueD3Reverse.xml
16 ms. Memory: 376832K Free: 296596K (79%)
----------------- Invoking toplevel() on ptolemy.moml.MoMLSimpleApplication@b433f99
----------------- Done invoking toplevel() on ptolemy.moml.MoMLSimpleApplication@b433f99
reloadAllAccessors: .PublisherPortSubscriberPortOpaqueD3Reverse

===========================================================================================
----------------- testing Fri Aug 02 05:20:56 UTC 2019 /home/travis/build/icyphy/ptII/ptolemy/actor/lib/test/auto/PublisherPortSubscriberPortOpaqueWidthInference.xml
----------------- Instantiating /home/travis/build/icyphy/ptII/ptolemy/actor/lib/test/auto/PublisherPortSubscriberPortOpaqueWidthInference.xml
4 ms. Memory: 376832K Free: 288900K (77%)
----------------- Invoking toplevel() on ptolemy.moml.MoMLSimpleApplication@18053574
----------------- Done invoking toplevel() on ptolemy.moml.MoMLSimpleApplication@18053574
reloadAllAccessors: .PublisherPortSubscriberPortOpaqueWidthInference

===========================================================================================
----------------- testing Fri Aug 02 05:20:56 UTC 2019 /home/travis/build/icyphy/ptII/ptolemy/actor/lib/test/auto/PublisherPortToplevelSubscriberPortAOC.xml
----------------- Instantiating /home/travis/build/icyphy/ptII/ptolemy/actor/lib/test/auto/PublisherPortToplevelSubscriberPortAOC.xml
.PublisherPortToplevelSubscriberPortAOC.TestExceptionAttribute: initialize() was not invoked, but wrapup() was.  This is unusual, but not always a problem.  For example, exporting JNLP will do this.
1 ms. Memory: 376832K Free: 283284K (75%)
----------------- Invoking toplevel() on ptolemy.moml.MoMLSimpleApplication@e6e7250
----------------- Done invoking toplevel() on ptolemy.moml.MoMLSimpleApplication@e6e7250
reloadAllAccessors: .PublisherPortToplevelSubscriberPortAOC

===========================================================================================
----------------- testing Fri Aug 02 05:20:56 UTC 2019 /home/travis/build/icyphy/ptII/ptolemy/actor/lib/test/auto/PublisherSubscriber.xml
----------------- Instantiating /home/travis/build/icyphy/ptII/ptolemy/actor/lib/test/auto/PublisherSubscriber.xml
2 ms. Memory: 376832K Free: 275572K (73%)
----------------- Invoking toplevel() on ptolemy.moml.MoMLSimpleApplication@387dfc08
----------------- Done invoking toplevel() on ptolemy.moml.MoMLSimpleApplication@387dfc08
reloadAllAccessors: .PublisherSubscriber

===========================================================================================
----------------- testing Fri Aug 02 05:20:56 UTC 2019 /home/travis/build/icyphy/ptII/ptolemy/actor/lib/test/auto/PublisherSubscriber10.xml
----------------- Instantiating /home/travis/build/icyphy/ptII/ptolemy/actor/lib/test/auto/PublisherSubscriber10.xml
8 ms. Memory: 376832K Free: 265362K (70%)
----------------- Invoking toplevel() on ptolemy.moml.MoMLSimpleApplication@41602632
----------------- Done invoking toplevel() on ptolemy.moml.MoMLSimpleApplication@41602632
reloadAllAccessors: .PublisherSubscriber10

===========================================================================================
----------------- testing Fri Aug 02 05:20:56 UTC 2019 /home/travis/build/icyphy/ptII/ptolemy/actor/lib/test/auto/PublisherSubscriber10InitialOutputs.xml
----------------- Instantiating /home/travis/build/icyphy/ptII/ptolemy/actor/lib/test/auto/PublisherSubscriber10InitialOutputs.xml
14 ms. Memory: 376832K Free: 256146K (68%)
----------------- Invoking toplevel() on ptolemy.moml.MoMLSimpleApplication@346cb0cb
----------------- Done invoking toplevel() on ptolemy.moml.MoMLSimpleApplication@346cb0cb
reloadAllAccessors: .PublisherSubscriber10InitialOutputs

===========================================================================================
----------------- testing Fri Aug 02 05:20:56 UTC 2019 /home/travis/build/icyphy/ptII/ptolemy/actor/lib/test/auto/PublisherSubscriber11.xml
----------------- Instantiating /home/travis/build/icyphy/ptII/ptolemy/actor/lib/test/auto/PublisherSubscriber11.xml
3 ms. Memory: 376832K Free: 249972K (66%)
----------------- Invoking toplevel() on ptolemy.moml.MoMLSimpleApplication@49ee0f25
----------------- Done invoking toplevel() on ptolemy.moml.MoMLSimpleApplication@49ee0f25
reloadAllAccessors: .PublisherSubscriber11

===========================================================================================
----------------- testing Fri Aug 02 05:20:56 UTC 2019 /home/travis/build/icyphy/ptII/ptolemy/actor/lib/test/auto/PublisherSubscriber12.xml
----------------- Instantiating /home/travis/build/icyphy/ptII/ptolemy/actor/lib/test/auto/PublisherSubscriber12.xml
5 ms. Memory: 376832K Free: 242834K (64%)
----------------- Invoking toplevel() on ptolemy.moml.MoMLSimpleApplication@5e365396
----------------- Done invoking toplevel() on ptolemy.moml.MoMLSimpleApplication@5e365396
reloadAllAccessors: .PublisherSubscriber12

===========================================================================================
----------------- testing Fri Aug 02 05:20:56 UTC 2019 /home/travis/build/icyphy/ptII/ptolemy/actor/lib/test/auto/PublisherSubscriber13.xml
----------------- Instantiating /home/travis/build/icyphy/ptII/ptolemy/actor/lib/test/auto/PublisherSubscriber13.xml
2 ms. Memory: 376832K Free: 237204K (63%)
----------------- Invoking toplevel() on ptolemy.moml.MoMLSimpleApplication@96872df
----------------- Done invoking toplevel() on ptolemy.moml.MoMLSimpleApplication@96872df
reloadAllAccessors: .PublisherSubscriber13

===========================================================================================
----------------- testing Fri Aug 02 05:20:56 UTC 2019 /home/travis/build/icyphy/ptII/ptolemy/actor/lib/test/auto/PublisherSubscriber14.xml
----------------- Instantiating /home/travis/build/icyphy/ptII/ptolemy/actor/lib/test/auto/PublisherSubscriber14.xml
1 ms. Memory: 376832K Free: 228484K (61%)
----------------- Invoking toplevel() on ptolemy.moml.MoMLSimpleApplication@78ef01ac
----------------- Done invoking toplevel() on ptolemy.moml.MoMLSimpleApplication@78ef01ac
reloadAllAccessors: .PublisherSubscriber14

===========================================================================================
----------------- testing Fri Aug 02 05:20:56 UTC 2019 /home/travis/build/icyphy/ptII/ptolemy/actor/lib/test/auto/PublisherSubscriber2.xml
----------------- Instantiating /home/travis/build/icyphy/ptII/ptolemy/actor/lib/test/auto/PublisherSubscriber2.xml
3 ms. Memory: 376832K Free: 222324K (59%)
----------------- Invoking toplevel() on ptolemy.moml.MoMLSimpleApplication@1e821d0b
----------------- Done invoking toplevel() on ptolemy.moml.MoMLSimpleApplication@1e821d0b
reloadAllAccessors: .PublisherSubscriber2

===========================================================================================
----------------- testing Fri Aug 02 05:20:56 UTC 2019 /home/travis/build/icyphy/ptII/ptolemy/actor/lib/test/auto/PublisherSubscriber3.xml
----------------- Instantiating /home/travis/build/icyphy/ptII/ptolemy/actor/lib/test/auto/PublisherSubscriber3.xml
2 ms. Memory: 376832K Free: 216724K (58%)
----------------- Invoking toplevel() on ptolemy.moml.MoMLSimpleApplication@3dd18961
----------------- Done invoking toplevel() on ptolemy.moml.MoMLSimpleApplication@3dd18961
reloadAllAccessors: .PublisherSubscriber3

===========================================================================================
----------------- testing Fri Aug 02 05:20:56 UTC 2019 /home/travis/build/icyphy/ptII/ptolemy/actor/lib/test/auto/PublisherSubscriber4.xml
----------------- Instantiating /home/travis/build/icyphy/ptII/ptolemy/actor/lib/test/auto/PublisherSubscriber4.xml
1 ms. Memory: 376832K Free: 211060K (56%)
----------------- Invoking toplevel() on ptolemy.moml.MoMLSimpleApplication@175693e9
----------------- Done invoking toplevel() on ptolemy.moml.MoMLSimpleApplication@175693e9
reloadAllAccessors: .PublisherSubscriber4

===========================================================================================
----------------- testing Fri Aug 02 05:20:56 UTC 2019 /home/travis/build/icyphy/ptII/ptolemy/actor/lib/test/auto/PublisherSubscriber5.xml
----------------- Instantiating /home/travis/build/icyphy/ptII/ptolemy/actor/lib/test/auto/PublisherSubscriber5.xml
2 ms. Memory: 376832K Free: 204436K (54%)
----------------- Invoking toplevel() on ptolemy.moml.MoMLSimpleApplication@26bdd629
----------------- Done invoking toplevel() on ptolemy.moml.MoMLSimpleApplication@26bdd629
reloadAllAccessors: .PublisherSubscriber5

===========================================================================================
----------------- testing Fri Aug 02 05:20:56 UTC 2019 /home/travis/build/icyphy/ptII/ptolemy/actor/lib/test/auto/PublisherSubscriber6.xml
----------------- Instantiating /home/travis/build/icyphy/ptII/ptolemy/actor/lib/test/auto/PublisherSubscriber6.xml
4 ms. Memory: 376832K Free: 197764K (52%)
----------------- Invoking toplevel() on ptolemy.moml.MoMLSimpleApplication@363c51c6
----------------- Done invoking toplevel() on ptolemy.moml.MoMLSimpleApplication@363c51c6
reloadAllAccessors: .PublisherSubscriber6

===========================================================================================
----------------- testing Fri Aug 02 05:20:56 UTC 2019 /home/travis/build/icyphy/ptII/ptolemy/actor/lib/test/auto/PublisherSubscriber7.xml
----------------- Instantiating /home/travis/build/icyphy/ptII/ptolemy/actor/lib/test/auto/PublisherSubscriber7.xml
6 ms. Memory: 376832K Free: 190596K (51%)
----------------- Invoking toplevel() on ptolemy.moml.MoMLSimpleApplication@723deb7a
----------------- Done invoking toplevel() on ptolemy.moml.MoMLSimpleApplication@723deb7a
reloadAllAccessors: .PublisherSubscriber7

===========================================================================================
----------------- testing Fri Aug 02 05:20:56 UTC 2019 /home/travis/build/icyphy/ptII/ptolemy/actor/lib/test/auto/PublisherSubscriber8.xml
----------------- Instantiating /home/travis/build/icyphy/ptII/ptolemy/actor/lib/test/auto/PublisherSubscriber8.xml
21 ms. Memory: 376832K Free: 178322K (47%)
----------------- Invoking toplevel() on ptolemy.moml.MoMLSimpleApplication@688ed876
----------------- Done invoking toplevel() on ptolemy.moml.MoMLSimpleApplication@688ed876
reloadAllAccessors: .PublisherSubscriber8

===========================================================================================
----------------- testing Fri Aug 02 05:20:56 UTC 2019 /home/travis/build/icyphy/ptII/ptolemy/actor/lib/test/auto/PublisherSubscriber9.xml
----------------- Instantiating /home/travis/build/icyphy/ptII/ptolemy/actor/lib/test/auto/PublisherSubscriber9.xml
3 ms. Memory: 376832K Free: 171154K (45%)
----------------- Invoking toplevel() on ptolemy.moml.MoMLSimpleApplication@1645c6e8
----------------- Done invoking toplevel() on ptolemy.moml.MoMLSimpleApplication@1645c6e8
reloadAllAccessors: .PublisherSubscriber9

===========================================================================================
----------------- testing Fri Aug 02 05:20:56 UTC 2019 /home/travis/build/icyphy/ptII/ptolemy/actor/lib/test/auto/PublisherSubscriberAdjacent.xml
----------------- Instantiating /home/travis/build/icyphy/ptII/ptolemy/actor/lib/test/auto/PublisherSubscriberAdjacent.xml
2 ms. Memory: 376832K Free: 162452K (43%)
----------------- Invoking toplevel() on ptolemy.moml.MoMLSimpleApplication@47c356db
----------------- Done invoking toplevel() on ptolemy.moml.MoMLSimpleApplication@47c356db
reloadAllAccessors: .PublisherSubscriberAdjacent

===========================================================================================
----------------- testing Fri Aug 02 05:20:56 UTC 2019 /home/travis/build/icyphy/ptII/ptolemy/actor/lib/test/auto/PublisherSubscriberChannelVariablesAOC2.xml
----------------- Instantiating /home/travis/build/icyphy/ptII/ptolemy/actor/lib/test/auto/PublisherSubscriberChannelVariablesAOC2.xml
3 ms. Memory: 376832K Free: 147588K (39%)
----------------- Invoking toplevel() on ptolemy.moml.MoMLSimpleApplication@5cfd4b7a
----------------- Done invoking toplevel() on ptolemy.moml.MoMLSimpleApplication@5cfd4b7a
reloadAllAccessors: .PublisherSubscriberChannelVariablesAOC2

===========================================================================================
----------------- testing Fri Aug 02 05:20:56 UTC 2019 /home/travis/build/icyphy/ptII/ptolemy/actor/lib/test/auto/PublisherSubscriberD3.xml
----------------- Instantiating /home/travis/build/icyphy/ptII/ptolemy/actor/lib/test/auto/PublisherSubscriberD3.xml
2 ms. Memory: 376832K Free: 139924K (37%)
----------------- Invoking toplevel() on ptolemy.moml.MoMLSimpleApplication@61a9f7ab
----------------- Done invoking toplevel() on ptolemy.moml.MoMLSimpleApplication@61a9f7ab
reloadAllAccessors: .PublisherSubscriberD3

===========================================================================================
----------------- testing Fri Aug 02 05:20:56 UTC 2019 /home/travis/build/icyphy/ptII/ptolemy/actor/lib/test/auto/PublisherSubscriberD3Reverse.xml
----------------- Instantiating /home/travis/build/icyphy/ptII/ptolemy/actor/lib/test/auto/PublisherSubscriberD3Reverse.xml
2 ms. Memory: 376832K Free: 133780K (36%)
----------------- Invoking toplevel() on ptolemy.moml.MoMLSimpleApplication@3c0089cc
----------------- Done invoking toplevel() on ptolemy.moml.MoMLSimpleApplication@3c0089cc
reloadAllAccessors: .PublisherSubscriberD3Reverse

===========================================================================================
----------------- testing Fri Aug 02 05:20:56 UTC 2019 /home/travis/build/icyphy/ptII/ptolemy/actor/lib/test/auto/PublisherSubscriberExpression.xml
----------------- Instantiating /home/travis/build/icyphy/ptII/ptolemy/actor/lib/test/auto/PublisherSubscriberExpression.xml
4 ms. Memory: 376832K Free: 125588K (33%)
----------------- Invoking toplevel() on ptolemy.moml.MoMLSimpleApplication@28a1c5b3
----------------- Done invoking toplevel() on ptolemy.moml.MoMLSimpleApplication@28a1c5b3
reloadAllAccessors: .PublisherSubscriberExpression

===========================================================================================
----------------- testing Fri Aug 02 05:20:56 UTC 2019 /home/travis/build/icyphy/ptII/ptolemy/actor/lib/test/auto/PublisherSubscriberOpaque.xml
----------------- Instantiating /home/travis/build/icyphy/ptII/ptolemy/actor/lib/test/auto/PublisherSubscriberOpaque.xml
3 ms. Memory: 376832K Free: 117396K (31%)
----------------- Invoking toplevel() on ptolemy.moml.MoMLSimpleApplication@29ae77af
----------------- Done invoking toplevel() on ptolemy.moml.MoMLSimpleApplication@29ae77af
reloadAllAccessors: .PublisherSubscriberOpaque

===========================================================================================
----------------- testing Fri Aug 02 05:20:56 UTC 2019 /home/travis/build/icyphy/ptII/ptolemy/actor/lib/test/auto/PublisherSubscriberOpaqueD3.xml
----------------- Instantiating /home/travis/build/icyphy/ptII/ptolemy/actor/lib/test/auto/PublisherSubscriberOpaqueD3.xml
17 ms. Memory: 376832K Free: 326656K (87%)
----------------- Invoking toplevel() on ptolemy.moml.MoMLSimpleApplication@63509c8f
----------------- Done invoking toplevel() on ptolemy.moml.MoMLSimpleApplication@63509c8f
reloadAllAccessors: .PublisherSubscriberOpaqueD3

===========================================================================================
----------------- testing Fri Aug 02 05:20:56 UTC 2019 /home/travis/build/icyphy/ptII/ptolemy/actor/lib/test/auto/PublisherSubscriberOpaqueD3Reverse.xml
----------------- Instantiating /home/travis/build/icyphy/ptII/ptolemy/actor/lib/test/auto/PublisherSubscriberOpaqueD3Reverse.xml
8 ms. Memory: 376832K Free: 315902K (84%)
----------------- Invoking toplevel() on ptolemy.moml.MoMLSimpleApplication@631cfda6
----------------- Done invoking toplevel() on ptolemy.moml.MoMLSimpleApplication@631cfda6
reloadAllAccessors: .PublisherSubscriberOpaqueD3Reverse

===========================================================================================
----------------- testing Fri Aug 02 05:20:56 UTC 2019 /home/travis/build/icyphy/ptII/ptolemy/actor/lib/test/auto/PublisherSubscriberOpaqueWidthInference.xml
----------------- Instantiating /home/travis/build/icyphy/ptII/ptolemy/actor/lib/test/auto/PublisherSubscriberOpaqueWidthInference.xml
12 ms. Memory: 376832K Free: 307200K (82%)
----------------- Invoking toplevel() on ptolemy.moml.MoMLSimpleApplication@6b4bbddc
----------------- Done invoking toplevel() on ptolemy.moml.MoMLSimpleApplication@6b4bbddc
reloadAllAccessors: .PublisherSubscriberOpaqueWidthInference

===========================================================================================
----------------- testing Fri Aug 02 05:20:56 UTC 2019 /home/travis/build/icyphy/ptII/ptolemy/actor/lib/test/auto/PublisherTestSubscriber.xml
----------------- Instantiating /home/travis/build/icyphy/ptII/ptolemy/actor/lib/test/auto/PublisherTestSubscriber.xml
3 ms. Memory: 376832K Free: 299511K (79%)
----------------- Invoking toplevel() on ptolemy.moml.MoMLSimpleApplication@68dcdf18
----------------- Done invoking toplevel() on ptolemy.moml.MoMLSimpleApplication@68dcdf18
reloadAllAccessors: .PublisherTestSubscriber

===========================================================================================
----------------- testing Fri Aug 02 05:20:56 UTC 2019 /home/travis/build/icyphy/ptII/ptolemy/actor/lib/test/auto/PublisherToplevelSubscriberPortAOC.xml
----------------- Instantiating /home/travis/build/icyphy/ptII/ptolemy/actor/lib/test/auto/PublisherToplevelSubscriberPortAOC.xml
2 ms. Memory: 376832K Free: 292864K (78%)
----------------- Invoking toplevel() on ptolemy.moml.MoMLSimpleApplication@18094473
----------------- Done invoking toplevel() on ptolemy.moml.MoMLSimpleApplication@18094473
reloadAllAccessors: .PublisherToplevelSubscriberPortAOC

===========================================================================================
----------------- testing Fri Aug 02 05:20:56 UTC 2019 /home/travis/build/icyphy/ptII/ptolemy/actor/lib/test/auto/PulseFiringLimitDE.xml
----------------- Instantiating /home/travis/build/icyphy/ptII/ptolemy/actor/lib/test/auto/PulseFiringLimitDE.xml
2 ms. Memory: 376832K Free: 286720K (76%)
----------------- Invoking toplevel() on ptolemy.moml.MoMLSimpleApplication@e85356b
----------------- Done invoking toplevel() on ptolemy.moml.MoMLSimpleApplication@e85356b
reloadAllAccessors: .PulseFiringLimitDE

===========================================================================================
----------------- testing Fri Aug 02 05:20:56 UTC 2019 /home/travis/build/icyphy/ptII/ptolemy/actor/lib/test/auto/Ramp1.xml
----------------- Instantiating /home/travis/build/icyphy/ptII/ptolemy/actor/lib/test/auto/Ramp1.xml
1 ms. Memory: 376832K Free: 282624K (75%)
----------------- Invoking toplevel() on ptolemy.moml.MoMLSimpleApplication@5d93ab05
----------------- Done invoking toplevel() on ptolemy.moml.MoMLSimpleApplication@5d93ab05
reloadAllAccessors: .Ramp1

===========================================================================================
----------------- testing Fri Aug 02 05:20:56 UTC 2019 /home/travis/build/icyphy/ptII/ptolemy/actor/lib/test/auto/RampFiringLimitDE.xml
----------------- Instantiating /home/travis/build/icyphy/ptII/ptolemy/actor/lib/test/auto/RampFiringLimitDE.xml
3 ms. Memory: 376832K Free: 276480K (73%)
----------------- Invoking toplevel() on ptolemy.moml.MoMLSimpleApplication@640200d0
----------------- Done invoking toplevel() on ptolemy.moml.MoMLSimpleApplication@640200d0
reloadAllAccessors: .RampFiringLimitDE

===========================================================================================
----------------- testing Fri Aug 02 05:20:56 UTC 2019 /home/travis/build/icyphy/ptII/ptolemy/actor/lib/test/auto/RampFiringLimitSDF.xml
----------------- Instantiating /home/travis/build/icyphy/ptII/ptolemy/actor/lib/test/auto/RampFiringLimitSDF.xml
2 ms. Memory: 376832K Free: 271360K (72%)
----------------- Invoking toplevel() on ptolemy.moml.MoMLSimpleApplication@750e1b31
----------------- Done invoking toplevel() on ptolemy.moml.MoMLSimpleApplication@750e1b31
reloadAllAccessors: .RampFiringLimitSDF

===========================================================================================
----------------- testing Fri Aug 02 05:20:56 UTC 2019 /home/travis/build/icyphy/ptII/ptolemy/actor/lib/test/auto/RandomInteger.xml
----------------- Instantiating /home/travis/build/icyphy/ptII/ptolemy/actor/lib/test/auto/RandomInteger.xml
2 ms. Memory: 376832K Free: 266750K (71%)
----------------- Invoking toplevel() on ptolemy.moml.MoMLSimpleApplication@2a581ec9
----------------- Done invoking toplevel() on ptolemy.moml.MoMLSimpleApplication@2a581ec9
reloadAllAccessors: .RandomInteger

===========================================================================================
----------------- testing Fri Aug 02 05:20:56 UTC 2019 /home/travis/build/icyphy/ptII/ptolemy/actor/lib/test/auto/ReadFile1.xml
----------------- Instantiating /home/travis/build/icyphy/ptII/ptolemy/actor/lib/test/auto/ReadFile1.xml
2 ms. Memory: 376832K Free: 262144K (70%)
----------------- Invoking toplevel() on ptolemy.moml.MoMLSimpleApplication@ae25664
----------------- Done invoking toplevel() on ptolemy.moml.MoMLSimpleApplication@ae25664
reloadAllAccessors: .ReadFile1

===========================================================================================
----------------- testing Fri Aug 02 05:20:56 UTC 2019 /home/travis/build/icyphy/ptII/ptolemy/actor/lib/test/auto/ReadFile2.xml
----------------- Instantiating /home/travis/build/icyphy/ptII/ptolemy/actor/lib/test/auto/ReadFile2.xml
1 ms. Memory: 376832K Free: 258048K (68%)
----------------- Invoking toplevel() on ptolemy.moml.MoMLSimpleApplication@6f27190
----------------- Done invoking toplevel() on ptolemy.moml.MoMLSimpleApplication@6f27190
reloadAllAccessors: .ReadFile2

===========================================================================================
----------------- testing Fri Aug 02 05:20:56 UTC 2019 /home/travis/build/icyphy/ptII/ptolemy/actor/lib/test/auto/Reader.xml
----------------- Instantiating /home/travis/build/icyphy/ptII/ptolemy/actor/lib/test/auto/Reader.xml
actor.lib.Reader is obsolete, use actor.lib.io.ExpressionReader instead
2 ms. Memory: 376832K Free: 253952K (67%)
----------------- Invoking toplevel() on ptolemy.moml.MoMLSimpleApplication@7ef0796c
----------------- Done invoking toplevel() on ptolemy.moml.MoMLSimpleApplication@7ef0796c
reloadAllAccessors: .Reader

===========================================================================================
----------------- testing Fri Aug 02 05:20:56 UTC 2019 /home/travis/build/icyphy/ptII/ptolemy/actor/lib/test/auto/RecordAssemblerDisplayNameTest.xml
----------------- Instantiating /home/travis/build/icyphy/ptII/ptolemy/actor/lib/test/auto/RecordAssemblerDisplayNameTest.xml
3720 ms. Memory: 376832K Free: 138484K (37%)
----------------- Invoking toplevel() on ptolemy.moml.MoMLSimpleApplication@1208b1f1
----------------- Done invoking toplevel() on ptolemy.moml.MoMLSimpleApplication@1208b1f1
reloadAllAccessors: .RecordAssemblerDisplayNameTest

===========================================================================================
----------------- testing Fri Aug 02 05:21:00 UTC 2019 /home/travis/build/icyphy/ptII/ptolemy/actor/lib/test/auto/RecordAssemblerTypeError.xml
----------------- Instantiating /home/travis/build/icyphy/ptII/ptolemy/actor/lib/test/auto/RecordAssemblerTypeError.xml
24 ms. Memory: 376832K Free: 128758K (34%)
----------------- Invoking toplevel() on ptolemy.moml.MoMLSimpleApplication@44bfc275
----------------- Done invoking toplevel() on ptolemy.moml.MoMLSimpleApplication@44bfc275
reloadAllAccessors: .RecordAssemblerTypeError

===========================================================================================
----------------- testing Fri Aug 02 05:21:00 UTC 2019 /home/travis/build/icyphy/ptII/ptolemy/actor/lib/test/auto/RecordDisassember.xml
----------------- Instantiating /home/travis/build/icyphy/ptII/ptolemy/actor/lib/test/auto/RecordDisassember.xml
3 ms. Memory: 376832K Free: 124118K (33%)
----------------- Invoking toplevel() on ptolemy.moml.MoMLSimpleApplication@35d44598
----------------- Done invoking toplevel() on ptolemy.moml.MoMLSimpleApplication@35d44598
reloadAllAccessors: .RecordDisassember

===========================================================================================
----------------- testing Fri Aug 02 05:21:00 UTC 2019 /home/travis/build/icyphy/ptII/ptolemy/actor/lib/test/auto/RecordDisassemberDisplayNameTest.xml
----------------- Instantiating /home/travis/build/icyphy/ptII/ptolemy/actor/lib/test/auto/RecordDisassemberDisplayNameTest.xml
15 ms. Memory: 376832K Free: 115446K (31%)
----------------- Invoking toplevel() on ptolemy.moml.MoMLSimpleApplication@4308e0e2
----------------- Done invoking toplevel() on ptolemy.moml.MoMLSimpleApplication@4308e0e2
reloadAllAccessors: .RecordDisassemberDisplayNameTest

===========================================================================================
----------------- testing Fri Aug 02 05:21:00 UTC 2019 /home/travis/build/icyphy/ptII/ptolemy/actor/lib/test/auto/RecordDisassembler.xml
----------------- Instantiating /home/travis/build/icyphy/ptII/ptolemy/actor/lib/test/auto/RecordDisassembler.xml
2 ms. Memory: 376832K Free: 110326K (29%)
----------------- Invoking toplevel() on ptolemy.moml.MoMLSimpleApplication@392714cf
----------------- Done invoking toplevel() on ptolemy.moml.MoMLSimpleApplication@392714cf
reloadAllAccessors: .RecordDisassembler

===========================================================================================
----------------- testing Fri Aug 02 05:21:00 UTC 2019 /home/travis/build/icyphy/ptII/ptolemy/actor/lib/test/auto/RecordDisassembler2.xml
----------------- Instantiating /home/travis/build/icyphy/ptII/ptolemy/actor/lib/test/auto/RecordDisassembler2.xml
15 ms. Memory: 376832K Free: 327503K (87%)
----------------- Invoking toplevel() on ptolemy.moml.MoMLSimpleApplication@785a333a
----------------- Done invoking toplevel() on ptolemy.moml.MoMLSimpleApplication@785a333a
reloadAllAccessors: .RecordDisassembler2

===========================================================================================
----------------- testing Fri Aug 02 05:21:00 UTC 2019 /home/travis/build/icyphy/ptII/ptolemy/actor/lib/test/auto/RecordUpdater.xml
----------------- Instantiating /home/travis/build/icyphy/ptII/ptolemy/actor/lib/test/auto/RecordUpdater.xml
2 ms. Memory: 376832K Free: 321869K (85%)
----------------- Invoking toplevel() on ptolemy.moml.MoMLSimpleApplication@61d25613
----------------- Done invoking toplevel() on ptolemy.moml.MoMLSimpleApplication@61d25613
reloadAllAccessors: .RecordUpdater

===========================================================================================
----------------- testing Fri Aug 02 05:21:00 UTC 2019 /home/travis/build/icyphy/ptII/ptolemy/actor/lib/test/auto/RecordUpdater2.xml
----------------- Instantiating /home/travis/build/icyphy/ptII/ptolemy/actor/lib/test/auto/RecordUpdater2.xml
2 ms. Memory: 376832K Free: 317263K (84%)
----------------- Invoking toplevel() on ptolemy.moml.MoMLSimpleApplication@4dbef27d
----------------- Done invoking toplevel() on ptolemy.moml.MoMLSimpleApplication@4dbef27d
reloadAllAccessors: .RecordUpdater2

===========================================================================================
----------------- testing Fri Aug 02 05:21:00 UTC 2019 /home/travis/build/icyphy/ptII/ptolemy/actor/lib/test/auto/RecursiveLattice.xml
----------------- Instantiating /home/travis/build/icyphy/ptII/ptolemy/actor/lib/test/auto/RecursiveLattice.xml
3 ms. Memory: 376832K Free: 312623K (83%)
----------------- Invoking toplevel() on ptolemy.moml.MoMLSimpleApplication@7776ab0f
----------------- Done invoking toplevel() on ptolemy.moml.MoMLSimpleApplication@7776ab0f
reloadAllAccessors: .RecursiveLattice

===========================================================================================
----------------- testing Fri Aug 02 05:21:00 UTC 2019 /home/travis/build/icyphy/ptII/ptolemy/actor/lib/test/auto/Router.xml
----------------- Instantiating /home/travis/build/icyphy/ptII/ptolemy/actor/lib/test/auto/Router.xml
3004 ms. Memory: 376832K Free: 302413K (80%)
----------------- Invoking toplevel() on ptolemy.moml.MoMLSimpleApplication@1d65fc0e
----------------- Done invoking toplevel() on ptolemy.moml.MoMLSimpleApplication@1d65fc0e
reloadAllAccessors: .Router

===========================================================================================
----------------- testing Fri Aug 02 05:21:03 UTC 2019 /home/travis/build/icyphy/ptII/ptolemy/actor/lib/test/auto/Router2.xml
----------------- Instantiating /home/travis/build/icyphy/ptII/ptolemy/actor/lib/test/auto/Router2.xml
3007 ms. Memory: 376832K Free: 291663K (77%)
----------------- Invoking toplevel() on ptolemy.moml.MoMLSimpleApplication@23150f13
----------------- Done invoking toplevel() on ptolemy.moml.MoMLSimpleApplication@23150f13
reloadAllAccessors: .Router2

===========================================================================================
----------------- testing Fri Aug 02 05:21:06 UTC 2019 /home/travis/build/icyphy/ptII/ptolemy/actor/lib/test/auto/RunningMaximum.xml
----------------- Instantiating /home/travis/build/icyphy/ptII/ptolemy/actor/lib/test/auto/RunningMaximum.xml
2 ms. Memory: 376832K Free: 287053K (76%)
----------------- Invoking toplevel() on ptolemy.moml.MoMLSimpleApplication@65b71445
----------------- Done invoking toplevel() on ptolemy.moml.MoMLSimpleApplication@65b71445
reloadAllAccessors: .RunningMaximum

===========================================================================================
----------------- testing Fri Aug 02 05:21:06 UTC 2019 /home/travis/build/icyphy/ptII/ptolemy/actor/lib/test/auto/RunningMinimum.xml
----------------- Instantiating /home/travis/build/icyphy/ptII/ptolemy/actor/lib/test/auto/RunningMinimum.xml
10 ms. Memory: 376832K Free: 282447K (75%)
----------------- Invoking toplevel() on ptolemy.moml.MoMLSimpleApplication@38156e2e
----------------- Done invoking toplevel() on ptolemy.moml.MoMLSimpleApplication@38156e2e
reloadAllAccessors: .RunningMinimum

===========================================================================================
----------------- testing Fri Aug 02 05:21:06 UTC 2019 /home/travis/build/icyphy/ptII/ptolemy/actor/lib/test/auto/Scale.xml
----------------- Instantiating /home/travis/build/icyphy/ptII/ptolemy/actor/lib/test/auto/Scale.xml
2 ms. Memory: 376832K Free: 277327K (74%)
----------------- Invoking toplevel() on ptolemy.moml.MoMLSimpleApplication@32ae94d6
----------------- Done invoking toplevel() on ptolemy.moml.MoMLSimpleApplication@32ae94d6
reloadAllAccessors: .Scale

===========================================================================================
----------------- testing Fri Aug 02 05:21:06 UTC 2019 /home/travis/build/icyphy/ptII/ptolemy/actor/lib/test/auto/Scale2.xml
----------------- Instantiating /home/travis/build/icyphy/ptII/ptolemy/actor/lib/test/auto/Scale2.xml
1 ms. Memory: 376832K Free: 272717K (72%)
----------------- Invoking toplevel() on ptolemy.moml.MoMLSimpleApplication@469d903d
----------------- Done invoking toplevel() on ptolemy.moml.MoMLSimpleApplication@469d903d
reloadAllAccessors: .Scale2

===========================================================================================
----------------- testing Fri Aug 02 05:21:06 UTC 2019 /home/travis/build/icyphy/ptII/ptolemy/actor/lib/test/auto/Scale3.xml
----------------- Instantiating /home/travis/build/icyphy/ptII/ptolemy/actor/lib/test/auto/Scale3.xml
3 ms. Memory: 376832K Free: 266573K (71%)
----------------- Invoking toplevel() on ptolemy.moml.MoMLSimpleApplication@460c5120
----------------- Done invoking toplevel() on ptolemy.moml.MoMLSimpleApplication@460c5120
reloadAllAccessors: .Scale3

===========================================================================================
----------------- testing Fri Aug 02 05:21:06 UTC 2019 /home/travis/build/icyphy/ptII/ptolemy/actor/lib/test/auto/ScaleArray.xml
----------------- Instantiating /home/travis/build/icyphy/ptII/ptolemy/actor/lib/test/auto/ScaleArray.xml
1 ms. Memory: 376832K Free: 261967K (70%)
----------------- Invoking toplevel() on ptolemy.moml.MoMLSimpleApplication@67eab713
----------------- Done invoking toplevel() on ptolemy.moml.MoMLSimpleApplication@67eab713
reloadAllAccessors: .ScaleArray

===========================================================================================
----------------- testing Fri Aug 02 05:21:06 UTC 2019 /home/travis/build/icyphy/ptII/ptolemy/actor/lib/test/auto/ScaleArray2.xml
----------------- Instantiating /home/travis/build/icyphy/ptII/ptolemy/actor/lib/test/auto/ScaleArray2.xml
2 ms. Memory: 376832K Free: 257357K (68%)
----------------- Invoking toplevel() on ptolemy.moml.MoMLSimpleApplication@ee8edae
----------------- Done invoking toplevel() on ptolemy.moml.MoMLSimpleApplication@ee8edae
reloadAllAccessors: .ScaleArray2

===========================================================================================
----------------- testing Fri Aug 02 05:21:06 UTC 2019 /home/travis/build/icyphy/ptII/ptolemy/actor/lib/test/auto/ScaleMatrix.xml
----------------- Instantiating /home/travis/build/icyphy/ptII/ptolemy/actor/lib/test/auto/ScaleMatrix.xml
173 ms. Memory: 376832K Free: 243535K (65%)
----------------- Invoking toplevel() on ptolemy.moml.MoMLSimpleApplication@75186c25
----------------- Done invoking toplevel() on ptolemy.moml.MoMLSimpleApplication@75186c25
reloadAllAccessors: .ScaleMatrix

===========================================================================================
----------------- testing Fri Aug 02 05:21:07 UTC 2019 /home/travis/build/icyphy/ptII/ptolemy/actor/lib/test/auto/Select.xml
----------------- Instantiating /home/travis/build/icyphy/ptII/ptolemy/actor/lib/test/auto/Select.xml
2 ms. Memory: 376832K Free: 237391K (63%)
----------------- Invoking toplevel() on ptolemy.moml.MoMLSimpleApplication@cffde8c
----------------- Done invoking toplevel() on ptolemy.moml.MoMLSimpleApplication@cffde8c
reloadAllAccessors: .Select

===========================================================================================
----------------- testing Fri Aug 02 05:21:07 UTC 2019 /home/travis/build/icyphy/ptII/ptolemy/actor/lib/test/auto/Select2.xml
----------------- Instantiating /home/travis/build/icyphy/ptII/ptolemy/actor/lib/test/auto/Select2.xml
1 ms. Memory: 376832K Free: 232781K (62%)
----------------- Invoking toplevel() on ptolemy.moml.MoMLSimpleApplication@214ffe66
----------------- Done invoking toplevel() on ptolemy.moml.MoMLSimpleApplication@214ffe66
reloadAllAccessors: .Select2

===========================================================================================
----------------- testing Fri Aug 02 05:21:07 UTC 2019 /home/travis/build/icyphy/ptII/ptolemy/actor/lib/test/auto/SequenceToArray2.xml
----------------- Instantiating /home/travis/build/icyphy/ptII/ptolemy/actor/lib/test/auto/SequenceToArray2.xml
123 ms. Memory: 376832K Free: 208719K (55%)
----------------- Invoking toplevel() on ptolemy.moml.MoMLSimpleApplication@7b5bf72a
----------------- Done invoking toplevel() on ptolemy.moml.MoMLSimpleApplication@7b5bf72a
reloadAllAccessors: .SequenceToArray2

===========================================================================================
----------------- testing Fri Aug 02 05:21:07 UTC 2019 /home/travis/build/icyphy/ptII/ptolemy/actor/lib/test/auto/SequentialClock.xml
----------------- Instantiating /home/travis/build/icyphy/ptII/ptolemy/actor/lib/test/auto/SequentialClock.xml
1 ms. Memory: 376832K Free: 204623K (54%)
----------------- Invoking toplevel() on ptolemy.moml.MoMLSimpleApplication@264e038e
----------------- Done invoking toplevel() on ptolemy.moml.MoMLSimpleApplication@264e038e
reloadAllAccessors: .SequentialClock

===========================================================================================
----------------- testing Fri Aug 02 05:21:07 UTC 2019 /home/travis/build/icyphy/ptII/ptolemy/actor/lib/test/auto/SetVariable.xml
----------------- Instantiating /home/travis/build/icyphy/ptII/ptolemy/actor/lib/test/auto/SetVariable.xml
4 ms. Memory: 376832K Free: 198989K (53%)
----------------- Invoking toplevel() on ptolemy.moml.MoMLSimpleApplication@2aaca003
----------------- Done invoking toplevel() on ptolemy.moml.MoMLSimpleApplication@2aaca003
reloadAllAccessors: .SetVariable

===========================================================================================
----------------- testing Fri Aug 02 05:21:07 UTC 2019 /home/travis/build/icyphy/ptII/ptolemy/actor/lib/test/auto/SetVariable2.xml
----------------- Instantiating /home/travis/build/icyphy/ptII/ptolemy/actor/lib/test/auto/SetVariable2.xml
4 ms. Memory: 376832K Free: 193869K (51%)
----------------- Invoking toplevel() on ptolemy.moml.MoMLSimpleApplication@5eaeb324
----------------- Done invoking toplevel() on ptolemy.moml.MoMLSimpleApplication@5eaeb324
reloadAllAccessors: .SetVariable2

===========================================================================================
----------------- testing Fri Aug 02 05:21:07 UTC 2019 /home/travis/build/icyphy/ptII/ptolemy/actor/lib/test/auto/SetVariable3.xml
----------------- Instantiating /home/travis/build/icyphy/ptII/ptolemy/actor/lib/test/auto/SetVariable3.xml
7 ms. Memory: 376832K Free: 188749K (50%)
----------------- Invoking toplevel() on ptolemy.moml.MoMLSimpleApplication@7eecdd44
----------------- Done invoking toplevel() on ptolemy.moml.MoMLSimpleApplication@7eecdd44
reloadAllAccessors: .SetVariable3

===========================================================================================
----------------- testing Fri Aug 02 05:21:07 UTC 2019 /home/travis/build/icyphy/ptII/ptolemy/actor/lib/test/auto/SetVariable4.xml
----------------- Instantiating /home/travis/build/icyphy/ptII/ptolemy/actor/lib/test/auto/SetVariable4.xml
16 ms. Memory: 376832K Free: 179023K (48%)
----------------- Invoking toplevel() on ptolemy.moml.MoMLSimpleApplication@13027379
----------------- Done invoking toplevel() on ptolemy.moml.MoMLSimpleApplication@13027379
reloadAllAccessors: .SetVariable4

===========================================================================================
----------------- testing Fri Aug 02 05:21:07 UTC 2019 /home/travis/build/icyphy/ptII/ptolemy/actor/lib/test/auto/SetVariable5.xml
----------------- Instantiating /home/travis/build/icyphy/ptII/ptolemy/actor/lib/test/auto/SetVariable5.xml
20 ms. Memory: 376832K Free: 169293K (45%)
----------------- Invoking toplevel() on ptolemy.moml.MoMLSimpleApplication@43dd2acb
----------------- Done invoking toplevel() on ptolemy.moml.MoMLSimpleApplication@43dd2acb
reloadAllAccessors: .SetVariable5

===========================================================================================
----------------- testing Fri Aug 02 05:21:07 UTC 2019 /home/travis/build/icyphy/ptII/ptolemy/actor/lib/test/auto/Sinewave.xml
----------------- Instantiating /home/travis/build/icyphy/ptII/ptolemy/actor/lib/test/auto/Sinewave.xml
6 ms. Memory: 376832K Free: 159053K (42%)
----------------- Invoking toplevel() on ptolemy.moml.MoMLSimpleApplication@217d1ad3
----------------- Done invoking toplevel() on ptolemy.moml.MoMLSimpleApplication@217d1ad3
reloadAllAccessors: .Sinewave

===========================================================================================
----------------- testing Fri Aug 02 05:21:07 UTC 2019 /home/travis/build/icyphy/ptII/ptolemy/actor/lib/test/auto/Sinewave2.xml
----------------- Instantiating /home/travis/build/icyphy/ptII/ptolemy/actor/lib/test/auto/Sinewave2.xml
6 ms. Memory: 376832K Free: 150351K (40%)
----------------- Invoking toplevel() on ptolemy.moml.MoMLSimpleApplication@4973fdc7
----------------- Done invoking toplevel() on ptolemy.moml.MoMLSimpleApplication@4973fdc7
reloadAllAccessors: .Sinewave2

===========================================================================================
----------------- testing Fri Aug 02 05:21:07 UTC 2019 /home/travis/build/icyphy/ptII/ptolemy/actor/lib/test/auto/Sinewave3.xml
----------------- Instantiating /home/travis/build/icyphy/ptII/ptolemy/actor/lib/test/auto/Sinewave3.xml
10 ms. Memory: 376832K Free: 142159K (38%)
----------------- Invoking toplevel() on ptolemy.moml.MoMLSimpleApplication@41f45392
----------------- Done invoking toplevel() on ptolemy.moml.MoMLSimpleApplication@41f45392
reloadAllAccessors: .Sinewave3

===========================================================================================
----------------- testing Fri Aug 02 05:21:07 UTC 2019 /home/travis/build/icyphy/ptII/ptolemy/actor/lib/test/auto/SingleEvent.xml
----------------- Instantiating /home/travis/build/icyphy/ptII/ptolemy/actor/lib/test/auto/SingleEvent.xml
1 ms. Memory: 376832K Free: 137549K (37%)
----------------- Invoking toplevel() on ptolemy.moml.MoMLSimpleApplication@3f9ea97
----------------- Done invoking toplevel() on ptolemy.moml.MoMLSimpleApplication@3f9ea97
reloadAllAccessors: .SingleEvent

===========================================================================================
----------------- testing Fri Aug 02 05:21:07 UTC 2019 /home/travis/build/icyphy/ptII/ptolemy/actor/lib/test/auto/Sleep.xml
----------------- Instantiating /home/travis/build/icyphy/ptII/ptolemy/actor/lib/test/auto/Sleep.xml
6003 ms. Memory: 376832K Free: 132399K (35%)
----------------- Invoking toplevel() on ptolemy.moml.MoMLSimpleApplication@6bcc4b48
----------------- Done invoking toplevel() on ptolemy.moml.MoMLSimpleApplication@6bcc4b48
reloadAllAccessors: .Sleep

===========================================================================================
----------------- testing Fri Aug 02 05:21:13 UTC 2019 /home/travis/build/icyphy/ptII/ptolemy/actor/lib/test/auto/SleepMultipleFire.xml
----------------- Instantiating /home/travis/build/icyphy/ptII/ptolemy/actor/lib/test/auto/SleepMultipleFire.xml
1007 ms. Memory: 376832K Free: 126799K (34%)
----------------- Invoking toplevel() on ptolemy.moml.MoMLSimpleApplication@7b8deffc
----------------- Done invoking toplevel() on ptolemy.moml.MoMLSimpleApplication@7b8deffc
reloadAllAccessors: .SleepMultipleFire

===========================================================================================
----------------- testing Fri Aug 02 05:21:14 UTC 2019 /home/travis/build/icyphy/ptII/ptolemy/actor/lib/test/auto/StopDE.xml
----------------- Instantiating /home/travis/build/icyphy/ptII/ptolemy/actor/lib/test/auto/StopDE.xml
4 ms. Memory: 376832K Free: 121165K (32%)
----------------- Invoking toplevel() on ptolemy.moml.MoMLSimpleApplication@2325895c
----------------- Done invoking toplevel() on ptolemy.moml.MoMLSimpleApplication@2325895c
reloadAllAccessors: .StopDE

===========================================================================================
----------------- testing Fri Aug 02 05:21:14 UTC 2019 /home/travis/build/icyphy/ptII/ptolemy/actor/lib/test/auto/StopSDF.xml
----------------- Instantiating /home/travis/build/icyphy/ptII/ptolemy/actor/lib/test/auto/StopSDF.xml
2 ms. Memory: 376832K Free: 116045K (31%)
----------------- Invoking toplevel() on ptolemy.moml.MoMLSimpleApplication@186cd096
----------------- Done invoking toplevel() on ptolemy.moml.MoMLSimpleApplication@186cd096
reloadAllAccessors: .StopSDF

===========================================================================================
----------------- testing Fri Aug 02 05:21:14 UTC 2019 /home/travis/build/icyphy/ptII/ptolemy/actor/lib/test/auto/StringConstant.xml
----------------- Instantiating /home/travis/build/icyphy/ptII/ptolemy/actor/lib/test/auto/StringConstant.xml
10 ms. Memory: 376832K Free: 111439K (30%)
----------------- Invoking toplevel() on ptolemy.moml.MoMLSimpleApplication@4c3f6452
----------------- Done invoking toplevel() on ptolemy.moml.MoMLSimpleApplication@4c3f6452
reloadAllAccessors: .StringConstant

===========================================================================================
----------------- testing Fri Aug 02 05:21:14 UTC 2019 /home/travis/build/icyphy/ptII/ptolemy/actor/lib/test/auto/SubscriberPortInitialValues1.xml
----------------- Instantiating /home/travis/build/icyphy/ptII/ptolemy/actor/lib/test/auto/SubscriberPortInitialValues1.xml
9 ms. Memory: 376832K Free: 324484K (86%)
----------------- Invoking toplevel() on ptolemy.moml.MoMLSimpleApplication@72b11bcf
----------------- Done invoking toplevel() on ptolemy.moml.MoMLSimpleApplication@72b11bcf
reloadAllAccessors: .SubscriberPortInitialValues1

===========================================================================================
----------------- testing Fri Aug 02 05:21:14 UTC 2019 /home/travis/build/icyphy/ptII/ptolemy/actor/lib/test/auto/SubscriberPortInitialValues13.xml
----------------- Instantiating /home/travis/build/icyphy/ptII/ptolemy/actor/lib/test/auto/SubscriberPortInitialValues13.xml
6 ms. Memory: 376832K Free: 310692K (82%)
----------------- Invoking toplevel() on ptolemy.moml.MoMLSimpleApplication@230df878
----------------- Done invoking toplevel() on ptolemy.moml.MoMLSimpleApplication@230df878
reloadAllAccessors: .SubscriberPortInitialValues13

===========================================================================================
----------------- testing Fri Aug 02 05:21:14 UTC 2019 /home/travis/build/icyphy/ptII/ptolemy/actor/lib/test/auto/SubscriberPortInitialValues14.xml
----------------- Instantiating /home/travis/build/icyphy/ptII/ptolemy/actor/lib/test/auto/SubscriberPortInitialValues14.xml
6 ms. Memory: 376832K Free: 303010K (80%)
----------------- Invoking toplevel() on ptolemy.moml.MoMLSimpleApplication@47a2a85f
----------------- Done invoking toplevel() on ptolemy.moml.MoMLSimpleApplication@47a2a85f
reloadAllAccessors: .SubscriberPortInitialValues14

===========================================================================================
----------------- testing Fri Aug 02 05:21:14 UTC 2019 /home/travis/build/icyphy/ptII/ptolemy/actor/lib/test/auto/SubscriberPortInitialValues2.xml
----------------- Instantiating /home/travis/build/icyphy/ptII/ptolemy/actor/lib/test/auto/SubscriberPortInitialValues2.xml
4 ms. Memory: 376832K Free: 295332K (78%)
----------------- Invoking toplevel() on ptolemy.moml.MoMLSimpleApplication@23dbd6f1
----------------- Done invoking toplevel() on ptolemy.moml.MoMLSimpleApplication@23dbd6f1
reloadAllAccessors: .SubscriberPortInitialValues2

===========================================================================================
----------------- testing Fri Aug 02 05:21:14 UTC 2019 /home/travis/build/icyphy/ptII/ptolemy/actor/lib/test/auto/SubscriberPortInitialValues3.xml
----------------- Instantiating /home/travis/build/icyphy/ptII/ptolemy/actor/lib/test/auto/SubscriberPortInitialValues3.xml
4 ms. Memory: 376832K Free: 284578K (76%)
----------------- Invoking toplevel() on ptolemy.moml.MoMLSimpleApplication@6ffb0dc5
----------------- Done invoking toplevel() on ptolemy.moml.MoMLSimpleApplication@6ffb0dc5
reloadAllAccessors: .SubscriberPortInitialValues3

===========================================================================================
----------------- testing Fri Aug 02 05:21:14 UTC 2019 /home/travis/build/icyphy/ptII/ptolemy/actor/lib/test/auto/SubscriptionAggregator.xml
----------------- Instantiating /home/travis/build/icyphy/ptII/ptolemy/actor/lib/test/auto/SubscriptionAggregator.xml
2 ms. Memory: 376832K Free: 277396K (74%)
----------------- Invoking toplevel() on ptolemy.moml.MoMLSimpleApplication@6dca983f
----------------- Done invoking toplevel() on ptolemy.moml.MoMLSimpleApplication@6dca983f
reloadAllAccessors: .SubscriptionAggregator

===========================================================================================
----------------- testing Fri Aug 02 05:21:14 UTC 2019 /home/travis/build/icyphy/ptII/ptolemy/actor/lib/test/auto/SubscriptionAggregator2.xml
----------------- Instantiating /home/travis/build/icyphy/ptII/ptolemy/actor/lib/test/auto/SubscriptionAggregator2.xml
4 ms. Memory: 376832K Free: 270756K (72%)
----------------- Invoking toplevel() on ptolemy.moml.MoMLSimpleApplication@4297a51d
----------------- Done invoking toplevel() on ptolemy.moml.MoMLSimpleApplication@4297a51d
reloadAllAccessors: .SubscriptionAggregator2

===========================================================================================
----------------- testing Fri Aug 02 05:21:14 UTC 2019 /home/travis/build/icyphy/ptII/ptolemy/actor/lib/test/auto/SubscriptionAggregator3.xml
----------------- Instantiating /home/travis/build/icyphy/ptII/ptolemy/actor/lib/test/auto/SubscriptionAggregator3.xml
4 ms. Memory: 376832K Free: 261540K (69%)
----------------- Invoking toplevel() on ptolemy.moml.MoMLSimpleApplication@75f3d9aa
----------------- Done invoking toplevel() on ptolemy.moml.MoMLSimpleApplication@75f3d9aa
reloadAllAccessors: .SubscriptionAggregator3

===========================================================================================
----------------- testing Fri Aug 02 05:21:14 UTC 2019 /home/travis/build/icyphy/ptII/ptolemy/actor/lib/test/auto/SubscriptionAggregatorMultiply.xml
----------------- Instantiating /home/travis/build/icyphy/ptII/ptolemy/actor/lib/test/auto/SubscriptionAggregatorMultiply.xml
16 ms. Memory: 376832K Free: 253348K (67%)
----------------- Invoking toplevel() on ptolemy.moml.MoMLSimpleApplication@26ea7381
----------------- Done invoking toplevel() on ptolemy.moml.MoMLSimpleApplication@26ea7381
reloadAllAccessors: .SubscriptionAggregatorMultiply

===========================================================================================
----------------- testing Fri Aug 02 05:21:14 UTC 2019 /home/travis/build/icyphy/ptII/ptolemy/actor/lib/test/auto/SubscriptionAggregatorPortMultiply1.xml
----------------- Instantiating /home/travis/build/icyphy/ptII/ptolemy/actor/lib/test/auto/SubscriptionAggregatorPortMultiply1.xml
3 ms. Memory: 376832K Free: 245156K (65%)
----------------- Invoking toplevel() on ptolemy.moml.MoMLSimpleApplication@60bbd708
----------------- Done invoking toplevel() on ptolemy.moml.MoMLSimpleApplication@60bbd708
reloadAllAccessors: .SubscriptionAggregatorPortMultiply1

===========================================================================================
----------------- testing Fri Aug 02 05:21:14 UTC 2019 /home/travis/build/icyphy/ptII/ptolemy/actor/lib/test/auto/Switch.xml
----------------- Instantiating /home/travis/build/icyphy/ptII/ptolemy/actor/lib/test/auto/Switch.xml
7 ms. Memory: 376832K Free: 236450K (63%)
----------------- Invoking toplevel() on ptolemy.moml.MoMLSimpleApplication@354cdbcc
----------------- Done invoking toplevel() on ptolemy.moml.MoMLSimpleApplication@354cdbcc
reloadAllAccessors: .Switch

===========================================================================================
----------------- testing Fri Aug 02 05:21:14 UTC 2019 /home/travis/build/icyphy/ptII/ptolemy/actor/lib/test/auto/Switch2.xml
----------------- Instantiating /home/travis/build/icyphy/ptII/ptolemy/actor/lib/test/auto/Switch2.xml
1 ms. Memory: 376832K Free: 231844K (62%)
----------------- Invoking toplevel() on ptolemy.moml.MoMLSimpleApplication@442431b9
----------------- Done invoking toplevel() on ptolemy.moml.MoMLSimpleApplication@442431b9
reloadAllAccessors: .Switch2

===========================================================================================
----------------- testing Fri Aug 02 05:21:14 UTC 2019 /home/travis/build/icyphy/ptII/ptolemy/actor/lib/test/auto/SwitchDE.xml
----------------- Instantiating /home/travis/build/icyphy/ptII/ptolemy/actor/lib/test/auto/SwitchDE.xml
4 ms. Memory: 376832K Free: 225700K (60%)
----------------- Invoking toplevel() on ptolemy.moml.MoMLSimpleApplication@7070355f
----------------- Done invoking toplevel() on ptolemy.moml.MoMLSimpleApplication@7070355f
reloadAllAccessors: .SwitchDE

===========================================================================================
----------------- testing Fri Aug 02 05:21:14 UTC 2019 /home/travis/build/icyphy/ptII/ptolemy/actor/lib/test/auto/SynchronizerDE.xml
----------------- Instantiating /home/travis/build/icyphy/ptII/ptolemy/actor/lib/test/auto/SynchronizerDE.xml
8 ms. Memory: 376832K Free: 217508K (58%)
----------------- Invoking toplevel() on ptolemy.moml.MoMLSimpleApplication@7ad6fec1
----------------- Done invoking toplevel() on ptolemy.moml.MoMLSimpleApplication@7ad6fec1
reloadAllAccessors: .SynchronizerDE

===========================================================================================
----------------- testing Fri Aug 02 05:21:14 UTC 2019 /home/travis/build/icyphy/ptII/ptolemy/actor/lib/test/auto/Test.xml
----------------- Instantiating /home/travis/build/icyphy/ptII/ptolemy/actor/lib/test/auto/Test.xml
2 ms. Memory: 376832K Free: 212388K (56%)
----------------- Invoking toplevel() on ptolemy.moml.MoMLSimpleApplication@fadf90f
----------------- Done invoking toplevel() on ptolemy.moml.MoMLSimpleApplication@fadf90f
reloadAllAccessors: .Test

===========================================================================================
----------------- testing Fri Aug 02 05:21:14 UTC 2019 /home/travis/build/icyphy/ptII/ptolemy/actor/lib/test/auto/TestExceptionAttribute1.xml
----------------- Instantiating /home/travis/build/icyphy/ptII/ptolemy/actor/lib/test/auto/TestExceptionAttribute1.xml
1 ms. Memory: 376832K Free: 208292K (55%)
----------------- Invoking toplevel() on ptolemy.moml.MoMLSimpleApplication@154a7155
----------------- Done invoking toplevel() on ptolemy.moml.MoMLSimpleApplication@154a7155
reloadAllAccessors: .TestExceptionAttribute1

===========================================================================================
----------------- testing Fri Aug 02 05:21:14 UTC 2019 /home/travis/build/icyphy/ptII/ptolemy/actor/lib/test/auto/TestExceptionAttribute2.xml
----------------- Instantiating /home/travis/build/icyphy/ptII/ptolemy/actor/lib/test/auto/TestExceptionAttribute2.xml
1 ms. Memory: 376832K Free: 204706K (54%)
----------------- Invoking toplevel() on ptolemy.moml.MoMLSimpleApplication@471c888
----------------- Done invoking toplevel() on ptolemy.moml.MoMLSimpleApplication@471c888
reloadAllAccessors: .TestExceptionAttribute2

===========================================================================================
----------------- testing Fri Aug 02 05:21:14 UTC 2019 /home/travis/build/icyphy/ptII/ptolemy/actor/lib/test/auto/TestExceptionAttribute3.xml
----------------- Instantiating /home/travis/build/icyphy/ptII/ptolemy/actor/lib/test/auto/TestExceptionAttribute3.xml
.TestExceptionAttribute3.TestExceptionAttribute: initialize() was not invoked, but wrapup() was.  This is unusual, but not always a problem.  For example, exporting JNLP will do this.
1 ms. Memory: 376832K Free: 201124K (53%)
----------------- Invoking toplevel() on ptolemy.moml.MoMLSimpleApplication@5bc7d50b
----------------- Done invoking toplevel() on ptolemy.moml.MoMLSimpleApplication@5bc7d50b
reloadAllAccessors: .TestExceptionAttribute3

===========================================================================================
----------------- testing Fri Aug 02 05:21:14 UTC 2019 /home/travis/build/icyphy/ptII/ptolemy/actor/lib/test/auto/TestExceptionAttribute4.xml
----------------- Instantiating /home/travis/build/icyphy/ptII/ptolemy/actor/lib/test/auto/TestExceptionAttribute4.xml
.TestExceptionAttribute4.TestExceptionAttribute: initialize() was not invoked, but wrapup() was.  This is unusual, but not always a problem.  For example, exporting JNLP will do this.
.TestExceptionAttribute4.TestExceptionAttribute2: initialize() was not invoked, but wrapup() was.  This is unusual, but not always a problem.  For example, exporting JNLP will do this.
1 ms. Memory: 376832K Free: 197028K (52%)
----------------- Invoking toplevel() on ptolemy.moml.MoMLSimpleApplication@5d51cf84
----------------- Done invoking toplevel() on ptolemy.moml.MoMLSimpleApplication@5d51cf84
reloadAllAccessors: .TestExceptionAttribute4

===========================================================================================
----------------- testing Fri Aug 02 05:21:15 UTC 2019 /home/travis/build/icyphy/ptII/ptolemy/actor/lib/test/auto/TestExceptionHandler1.xml
----------------- Instantiating /home/travis/build/icyphy/ptII/ptolemy/actor/lib/test/auto/TestExceptionHandler1.xml
1 ms. Memory: 376832K Free: 192932K (51%)
----------------- Invoking toplevel() on ptolemy.moml.MoMLSimpleApplication@439fae3e
----------------- Done invoking toplevel() on ptolemy.moml.MoMLSimpleApplication@439fae3e
reloadAllAccessors: .TestExceptionHandler1

===========================================================================================
----------------- testing Fri Aug 02 05:21:15 UTC 2019 /home/travis/build/icyphy/ptII/ptolemy/actor/lib/test/auto/TestExceptionHandler2.xml
----------------- Instantiating /home/travis/build/icyphy/ptII/ptolemy/actor/lib/test/auto/TestExceptionHandler2.xml
2 ms. Memory: 376832K Free: 189346K (50%)
----------------- Invoking toplevel() on ptolemy.moml.MoMLSimpleApplication@4eb80479
----------------- Done invoking toplevel() on ptolemy.moml.MoMLSimpleApplication@4eb80479
reloadAllAccessors: .TestExceptionHandler2

===========================================================================================
----------------- testing Fri Aug 02 05:21:15 UTC 2019 /home/travis/build/icyphy/ptII/ptolemy/actor/lib/test/auto/TestExceptionHandler3.xml
----------------- Instantiating /home/travis/build/icyphy/ptII/ptolemy/actor/lib/test/auto/TestExceptionHandler3.xml
1 ms. Memory: 376832K Free: 185764K (49%)
----------------- Invoking toplevel() on ptolemy.moml.MoMLSimpleApplication@340b32fa
----------------- Done invoking toplevel() on ptolemy.moml.MoMLSimpleApplication@340b32fa
reloadAllAccessors: .TestExceptionHandler3

===========================================================================================
----------------- testing Fri Aug 02 05:21:15 UTC 2019 /home/travis/build/icyphy/ptII/ptolemy/actor/lib/test/auto/TestExceptionHandler4.xml
----------------- Instantiating /home/travis/build/icyphy/ptII/ptolemy/actor/lib/test/auto/TestExceptionHandler4.xml
1 ms. Memory: 376832K Free: 181668K (48%)
----------------- Invoking toplevel() on ptolemy.moml.MoMLSimpleApplication@3cedf626
----------------- Done invoking toplevel() on ptolemy.moml.MoMLSimpleApplication@3cedf626
reloadAllAccessors: .TestExceptionHandler4

===========================================================================================
----------------- testing Fri Aug 02 05:21:15 UTC 2019 /home/travis/build/icyphy/ptII/ptolemy/actor/lib/test/auto/TestRequireCorrectOrder.xml
----------------- Instantiating /home/travis/build/icyphy/ptII/ptolemy/actor/lib/test/auto/TestRequireCorrectOrder.xml
11 ms. Memory: 376832K Free: 176004K (47%)
----------------- Invoking toplevel() on ptolemy.moml.MoMLSimpleApplication@15a57a45
----------------- Done invoking toplevel() on ptolemy.moml.MoMLSimpleApplication@15a57a45
reloadAllAccessors: .TestRequireCorrectOrder

===========================================================================================
----------------- testing Fri Aug 02 05:21:15 UTC 2019 /home/travis/build/icyphy/ptII/ptolemy/actor/lib/test/auto/TestSimple.xml
----------------- Instantiating /home/travis/build/icyphy/ptII/ptolemy/actor/lib/test/auto/TestSimple.xml
2 ms. Memory: 376832K Free: 171428K (45%)
----------------- Invoking toplevel() on ptolemy.moml.MoMLSimpleApplication@1f69692
----------------- Done invoking toplevel() on ptolemy.moml.MoMLSimpleApplication@1f69692
reloadAllAccessors: .TestSimple

===========================================================================================
----------------- testing Fri Aug 02 05:21:15 UTC 2019 /home/travis/build/icyphy/ptII/ptolemy/actor/lib/test/auto/ThrowModelError.xml
----------------- Instantiating /home/travis/build/icyphy/ptII/ptolemy/actor/lib/test/auto/ThrowModelError.xml
2 ms. Memory: 376832K Free: 166818K (44%)
----------------- Invoking toplevel() on ptolemy.moml.MoMLSimpleApplication@c84c0a9
----------------- Done invoking toplevel() on ptolemy.moml.MoMLSimpleApplication@c84c0a9
reloadAllAccessors: .ThrowModelError

===========================================================================================
----------------- testing Fri Aug 02 05:21:15 UTC 2019 /home/travis/build/icyphy/ptII/ptolemy/actor/lib/test/auto/TimeDelayMicrosteps.xml
----------------- Instantiating /home/travis/build/icyphy/ptII/ptolemy/actor/lib/test/auto/TimeDelayMicrosteps.xml
3 ms. Memory: 376832K Free: 160164K (43%)
----------------- Invoking toplevel() on ptolemy.moml.MoMLSimpleApplication@75f9fb28
----------------- Done invoking toplevel() on ptolemy.moml.MoMLSimpleApplication@75f9fb28
reloadAllAccessors: .TimeDelayMicrosteps

===========================================================================================
----------------- testing Fri Aug 02 05:21:15 UTC 2019 /home/travis/build/icyphy/ptII/ptolemy/actor/lib/test/auto/TimeDelayMicrosteps2.xml
----------------- Instantiating /home/travis/build/icyphy/ptII/ptolemy/actor/lib/test/auto/TimeDelayMicrosteps2.xml
3 ms. Memory: 376832K Free: 152468K (40%)
----------------- Invoking toplevel() on ptolemy.moml.MoMLSimpleApplication@3024467a
----------------- Done invoking toplevel() on ptolemy.moml.MoMLSimpleApplication@3024467a
reloadAllAccessors: .TimeDelayMicrosteps2

===========================================================================================
----------------- testing Fri Aug 02 05:21:15 UTC 2019 /home/travis/build/icyphy/ptII/ptolemy/actor/lib/test/auto/TimeDelayMicrosteps3.xml
----------------- Instantiating /home/travis/build/icyphy/ptII/ptolemy/actor/lib/test/auto/TimeDelayMicrosteps3.xml
3 ms. Memory: 376832K Free: 145828K (39%)
----------------- Invoking toplevel() on ptolemy.moml.MoMLSimpleApplication@7b53b0c3
----------------- Done invoking toplevel() on ptolemy.moml.MoMLSimpleApplication@7b53b0c3
reloadAllAccessors: .TimeDelayMicrosteps3

===========================================================================================
----------------- testing Fri Aug 02 05:21:15 UTC 2019 /home/travis/build/icyphy/ptII/ptolemy/actor/lib/test/auto/TimeDelayVariableMicrosteps.xml
----------------- Instantiating /home/travis/build/icyphy/ptII/ptolemy/actor/lib/test/auto/TimeDelayVariableMicrosteps.xml
4 ms. Memory: 376832K Free: 139682K (37%)
----------------- Invoking toplevel() on ptolemy.moml.MoMLSimpleApplication@5279e638
----------------- Done invoking toplevel() on ptolemy.moml.MoMLSimpleApplication@5279e638
reloadAllAccessors: .TimeDelayVariableMicrosteps

===========================================================================================
----------------- testing Fri Aug 02 05:21:15 UTC 2019 /home/travis/build/icyphy/ptII/ptolemy/actor/lib/test/auto/TimeGap.xml
----------------- Instantiating /home/travis/build/icyphy/ptII/ptolemy/actor/lib/test/auto/TimeGap.xml
4 ms. Memory: 376832K Free: 133540K (35%)
----------------- Invoking toplevel() on ptolemy.moml.MoMLSimpleApplication@1a708cec
----------------- Done invoking toplevel() on ptolemy.moml.MoMLSimpleApplication@1a708cec
reloadAllAccessors: .TimeGap

===========================================================================================
----------------- testing Fri Aug 02 05:21:15 UTC 2019 /home/travis/build/icyphy/ptII/ptolemy/actor/lib/test/auto/TimeGap2.xml
----------------- Instantiating /home/travis/build/icyphy/ptII/ptolemy/actor/lib/test/auto/TimeGap2.xml
2 ms. Memory: 376832K Free: 127900K (34%)
----------------- Invoking toplevel() on ptolemy.moml.MoMLSimpleApplication@472ca2da
----------------- Done invoking toplevel() on ptolemy.moml.MoMLSimpleApplication@472ca2da
reloadAllAccessors: .TimeGap2

===========================================================================================
----------------- testing Fri Aug 02 05:21:15 UTC 2019 /home/travis/build/icyphy/ptII/ptolemy/actor/lib/test/auto/TimedSinewave.xml
----------------- Instantiating /home/travis/build/icyphy/ptII/ptolemy/actor/lib/test/auto/TimedSinewave.xml
27 ms. Memory: 376832K Free: 113570K (30%)
----------------- Invoking toplevel() on ptolemy.moml.MoMLSimpleApplication@54168646
----------------- Done invoking toplevel() on ptolemy.moml.MoMLSimpleApplication@54168646
reloadAllAccessors: .TimedSinewave

===========================================================================================
----------------- testing Fri Aug 02 05:21:15 UTC 2019 /home/travis/build/icyphy/ptII/ptolemy/actor/lib/test/auto/TimedSinewavePhase.xml
----------------- Instantiating /home/travis/build/icyphy/ptII/ptolemy/actor/lib/test/auto/TimedSinewavePhase.xml
16 ms. Memory: 376832K Free: 325834K (86%)
----------------- Invoking toplevel() on ptolemy.moml.MoMLSimpleApplication@62da6b26
----------------- Done invoking toplevel() on ptolemy.moml.MoMLSimpleApplication@62da6b26
reloadAllAccessors: .TimedSinewavePhase

===========================================================================================
----------------- testing Fri Aug 02 05:21:15 UTC 2019 /home/travis/build/icyphy/ptII/ptolemy/actor/lib/test/auto/Timer.xml
----------------- Instantiating /home/travis/build/icyphy/ptII/ptolemy/actor/lib/test/auto/Timer.xml
3 ms. Memory: 376832K Free: 319690K (85%)
----------------- Invoking toplevel() on ptolemy.moml.MoMLSimpleApplication@5f5e9535
----------------- Done invoking toplevel() on ptolemy.moml.MoMLSimpleApplication@5f5e9535
reloadAllAccessors: .Timer

===========================================================================================
----------------- testing Fri Aug 02 05:21:15 UTC 2019 /home/travis/build/icyphy/ptII/ptolemy/actor/lib/test/auto/TriangularDistTestModel.xml
----------------- Instantiating /home/travis/build/icyphy/ptII/ptolemy/actor/lib/test/auto/TriangularDistTestModel.xml
2 ms. Memory: 376832K Free: 313546K (83%)
----------------- Invoking toplevel() on ptolemy.moml.MoMLSimpleApplication@20d3721f
----------------- Done invoking toplevel() on ptolemy.moml.MoMLSimpleApplication@20d3721f
reloadAllAccessors: .TriangularDistTestModel

===========================================================================================
----------------- testing Fri Aug 02 05:21:15 UTC 2019 /home/travis/build/icyphy/ptII/ptolemy/actor/lib/test/auto/TrigFunction.xml
----------------- Instantiating /home/travis/build/icyphy/ptII/ptolemy/actor/lib/test/auto/TrigFunction.xml
2 ms. Memory: 376832K Free: 308936K (82%)
----------------- Invoking toplevel() on ptolemy.moml.MoMLSimpleApplication@43e02b55
----------------- Done invoking toplevel() on ptolemy.moml.MoMLSimpleApplication@43e02b55
reloadAllAccessors: .TrigFunction

===========================================================================================
----------------- testing Fri Aug 02 05:21:15 UTC 2019 /home/travis/build/icyphy/ptII/ptolemy/actor/lib/test/auto/TrigFunctionDE.xml
----------------- Instantiating /home/travis/build/icyphy/ptII/ptolemy/actor/lib/test/auto/TrigFunctionDE.xml
2 ms. Memory: 376832K Free: 303306K (80%)
----------------- Invoking toplevel() on ptolemy.moml.MoMLSimpleApplication@67ef0d2
----------------- Done invoking toplevel() on ptolemy.moml.MoMLSimpleApplication@67ef0d2
reloadAllAccessors: .TrigFunctionDE

===========================================================================================
----------------- testing Fri Aug 02 05:21:15 UTC 2019 /home/travis/build/icyphy/ptII/ptolemy/actor/lib/test/auto/TrigFunctionInverse.xml
----------------- Instantiating /home/travis/build/icyphy/ptII/ptolemy/actor/lib/test/auto/TrigFunctionInverse.xml
2 ms. Memory: 376832K Free: 297672K (79%)
----------------- Invoking toplevel() on ptolemy.moml.MoMLSimpleApplication@63498d89
----------------- Done invoking toplevel() on ptolemy.moml.MoMLSimpleApplication@63498d89
reloadAllAccessors: .TrigFunctionInverse

===========================================================================================
----------------- testing Fri Aug 02 05:21:15 UTC 2019 /home/travis/build/icyphy/ptII/ptolemy/actor/lib/test/auto/TrigFunctionTan.xml
----------------- Instantiating /home/travis/build/icyphy/ptII/ptolemy/actor/lib/test/auto/TrigFunctionTan.xml
2 ms. Memory: 376832K Free: 293576K (78%)
----------------- Invoking toplevel() on ptolemy.moml.MoMLSimpleApplication@18568678
----------------- Done invoking toplevel() on ptolemy.moml.MoMLSimpleApplication@18568678
reloadAllAccessors: .TrigFunctionTan

===========================================================================================
----------------- testing Fri Aug 02 05:21:15 UTC 2019 /home/travis/build/icyphy/ptII/ptolemy/actor/lib/test/auto/TriggeredClock.xml
----------------- Instantiating /home/travis/build/icyphy/ptII/ptolemy/actor/lib/test/auto/TriggeredClock.xml
1 ms. Memory: 376832K Free: 288450K (77%)
----------------- Invoking toplevel() on ptolemy.moml.MoMLSimpleApplication@74876e26
----------------- Done invoking toplevel() on ptolemy.moml.MoMLSimpleApplication@74876e26
reloadAllAccessors: .TriggeredClock

===========================================================================================
----------------- testing Fri Aug 02 05:21:15 UTC 2019 /home/travis/build/icyphy/ptII/ptolemy/actor/lib/test/auto/URLDirectoryReader.xml
----------------- Instantiating /home/travis/build/icyphy/ptII/ptolemy/actor/lib/test/auto/URLDirectoryReader.xml
39 ms. Memory: 376832K Free: 280264K (74%)
----------------- Invoking toplevel() on ptolemy.moml.MoMLSimpleApplication@5682384a
----------------- Done invoking toplevel() on ptolemy.moml.MoMLSimpleApplication@5682384a
reloadAllAccessors: .URLDirectoryReader

===========================================================================================
----------------- testing Fri Aug 02 05:21:15 UTC 2019 /home/travis/build/icyphy/ptII/ptolemy/actor/lib/test/auto/URLDirectoryReader3.xml
----------------- Instantiating /home/travis/build/icyphy/ptII/ptolemy/actor/lib/test/auto/URLDirectoryReader3.xml
1150 ms. Memory: 376832K Free: 317659K (84%)
----------------- Invoking toplevel() on ptolemy.moml.MoMLSimpleApplication@2c854845
----------------- Done invoking toplevel() on ptolemy.moml.MoMLSimpleApplication@2c854845
reloadAllAccessors: .URLDirectoryReader3

===========================================================================================
----------------- testing Fri Aug 02 05:21:16 UTC 2019 /home/travis/build/icyphy/ptII/ptolemy/actor/lib/test/auto/UnaryMathFunction.xml
----------------- Instantiating /home/travis/build/icyphy/ptII/ptolemy/actor/lib/test/auto/UnaryMathFunction.xml
2 ms. Memory: 376832K Free: 309465K (82%)
----------------- Invoking toplevel() on ptolemy.moml.MoMLSimpleApplication@3022e4fb
----------------- Done invoking toplevel() on ptolemy.moml.MoMLSimpleApplication@3022e4fb
reloadAllAccessors: .UnaryMathFunction

===========================================================================================
----------------- testing Fri Aug 02 05:21:17 UTC 2019 /home/travis/build/icyphy/ptII/ptolemy/actor/lib/test/auto/Uniform.xml
----------------- Instantiating /home/travis/build/icyphy/ptII/ptolemy/actor/lib/test/auto/Uniform.xml
4 ms. Memory: 376832K Free: 304859K (81%)
----------------- Invoking toplevel() on ptolemy.moml.MoMLSimpleApplication@610b656e
----------------- Done invoking toplevel() on ptolemy.moml.MoMLSimpleApplication@610b656e
reloadAllAccessors: .Uniform

===========================================================================================
----------------- testing Fri Aug 02 05:21:17 UTC 2019 /home/travis/build/icyphy/ptII/ptolemy/actor/lib/test/auto/UnionDisassemblerTest.xml
----------------- Instantiating /home/travis/build/icyphy/ptII/ptolemy/actor/lib/test/auto/UnionDisassemblerTest.xml
10 ms. Memory: 376832K Free: 301267K (80%)
----------------- Invoking toplevel() on ptolemy.moml.MoMLSimpleApplication@576859b7
----------------- Done invoking toplevel() on ptolemy.moml.MoMLSimpleApplication@576859b7
reloadAllAccessors: .UnionDisassemblerTest

===========================================================================================
----------------- testing Fri Aug 02 05:21:17 UTC 2019 /home/travis/build/icyphy/ptII/ptolemy/actor/lib/test/auto/UtilityFunctions.xml
----------------- Instantiating /home/travis/build/icyphy/ptII/ptolemy/actor/lib/test/auto/UtilityFunctions.xml
1 ms. Memory: 376832K Free: 296667K (79%)
----------------- Invoking toplevel() on ptolemy.moml.MoMLSimpleApplication@473b547
----------------- Done invoking toplevel() on ptolemy.moml.MoMLSimpleApplication@473b547
reloadAllAccessors: .UtilityFunctions

===========================================================================================
----------------- testing Fri Aug 02 05:21:17 UTC 2019 /home/travis/build/icyphy/ptII/ptolemy/actor/lib/test/auto/VariableSleep.xml
----------------- Instantiating /home/travis/build/icyphy/ptII/ptolemy/actor/lib/test/auto/VariableSleep.xml
503 ms. Memory: 376832K Free: 291547K (77%)
----------------- Invoking toplevel() on ptolemy.moml.MoMLSimpleApplication@4981757d
----------------- Done invoking toplevel() on ptolemy.moml.MoMLSimpleApplication@4981757d
reloadAllAccessors: .VariableSleep

===========================================================================================
----------------- testing Fri Aug 02 05:21:17 UTC 2019 /home/travis/build/icyphy/ptII/ptolemy/actor/lib/test/auto/VectorAssemblerDisassemblerCT.xml
----------------- Instantiating /home/travis/build/icyphy/ptII/ptolemy/actor/lib/test/auto/VectorAssemblerDisassemblerCT.xml
71 ms. Memory: 376832K Free: 271067K (72%)
----------------- Invoking toplevel() on ptolemy.moml.MoMLSimpleApplication@451e3a54
----------------- Done invoking toplevel() on ptolemy.moml.MoMLSimpleApplication@451e3a54
reloadAllAccessors: .VectorAssemblerDisassemblerCT

===========================================================================================
----------------- testing Fri Aug 02 05:21:17 UTC 2019 /home/travis/build/icyphy/ptII/ptolemy/actor/lib/test/auto/VectorAssemblerDisassemblerDE.xml
----------------- Instantiating /home/travis/build/icyphy/ptII/ptolemy/actor/lib/test/auto/VectorAssemblerDisassemblerDE.xml
2 ms. Memory: 376832K Free: 263385K (70%)
----------------- Invoking toplevel() on ptolemy.moml.MoMLSimpleApplication@2021e575
----------------- Done invoking toplevel() on ptolemy.moml.MoMLSimpleApplication@2021e575
reloadAllAccessors: .VectorAssemblerDisassemblerDE

===========================================================================================
----------------- testing Fri Aug 02 05:21:17 UTC 2019 /home/travis/build/icyphy/ptII/ptolemy/actor/lib/test/auto/VectorAssemblerDisassemblerSDF.xml
----------------- Instantiating /home/travis/build/icyphy/ptII/ptolemy/actor/lib/test/auto/VectorAssemblerDisassemblerSDF.xml
3 ms. Memory: 376832K Free: 256731K (68%)
----------------- Invoking toplevel() on ptolemy.moml.MoMLSimpleApplication@3db195bd
----------------- Done invoking toplevel() on ptolemy.moml.MoMLSimpleApplication@3db195bd
reloadAllAccessors: .VectorAssemblerDisassemblerSDF

===========================================================================================
----------------- testing Fri Aug 02 05:21:17 UTC 2019 /home/travis/build/icyphy/ptII/ptolemy/actor/lib/test/auto/WallClockTime.xml
----------------- Instantiating /home/travis/build/icyphy/ptII/ptolemy/actor/lib/test/auto/WallClockTime.xml
1005 ms. Memory: 376832K Free: 251611K (67%)
----------------- Invoking toplevel() on ptolemy.moml.MoMLSimpleApplication@6ef26660
----------------- Done invoking toplevel() on ptolemy.moml.MoMLSimpleApplication@6ef26660
reloadAllAccessors: .WallClockTime

===========================================================================================
----------------- testing Fri Aug 02 05:21:18 UTC 2019 /home/travis/build/icyphy/ptII/ptolemy/actor/lib/test/auto/WidthTestWithSubscriberPublisher.xml
----------------- Instantiating /home/travis/build/icyphy/ptII/ptolemy/actor/lib/test/auto/WidthTestWithSubscriberPublisher.xml
8 ms. Memory: 376832K Free: 233179K (62%)
----------------- Invoking toplevel() on ptolemy.moml.MoMLSimpleApplication@666e7628
----------------- Done invoking toplevel() on ptolemy.moml.MoMLSimpleApplication@666e7628
reloadAllAccessors: .WidthTestWithSubscriberPublisher

===========================================================================================
----------------- testing Fri Aug 02 05:21:18 UTC 2019 /home/travis/build/icyphy/ptII/ptolemy/actor/lib/test/auto/WidthTestWithSubscriberPublisher2.xml
----------------- Instantiating /home/travis/build/icyphy/ptII/ptolemy/actor/lib/test/auto/WidthTestWithSubscriberPublisher2.xml
3 ms. Memory: 376832K Free: 227035K (60%)
----------------- Invoking toplevel() on ptolemy.moml.MoMLSimpleApplication@6604b82b
----------------- Done invoking toplevel() on ptolemy.moml.MoMLSimpleApplication@6604b82b
reloadAllAccessors: .WidthTestWithSubscriberPublisher2

===========================================================================================
----------------- testing Fri Aug 02 05:21:18 UTC 2019 /home/travis/build/icyphy/ptII/ptolemy/actor/lib/test/auto/WidthTestWithSubscriberPublisher3.xml
----------------- Instantiating /home/travis/build/icyphy/ptII/ptolemy/actor/lib/test/auto/WidthTestWithSubscriberPublisher3.xml
1 ms. Memory: 376832K Free: 221401K (59%)
----------------- Invoking toplevel() on ptolemy.moml.MoMLSimpleApplication@5c88552
----------------- Done invoking toplevel() on ptolemy.moml.MoMLSimpleApplication@5c88552
reloadAllAccessors: .WidthTestWithSubscriberPublisher3

===========================================================================================
----------------- testing Fri Aug 02 05:21:18 UTC 2019 /home/travis/build/icyphy/ptII/ptolemy/actor/lib/test/auto/Writer.xml
----------------- Instantiating /home/travis/build/icyphy/ptII/ptolemy/actor/lib/test/auto/Writer.xml
0
1
2
3
4
1 ms. Memory: 376832K Free: 216795K (58%)
----------------- Invoking toplevel() on ptolemy.moml.MoMLSimpleApplication@793af61a
----------------- Done invoking toplevel() on ptolemy.moml.MoMLSimpleApplication@793af61a
reloadAllAccessors: .Writer

===========================================================================================
----------------- testing Fri Aug 02 05:21:18 UTC 2019 /home/travis/build/icyphy/ptII/ptolemy/actor/lib/test/auto/array.xml
----------------- Instantiating /home/travis/build/icyphy/ptII/ptolemy/actor/lib/test/auto/array.xml
2 ms. Memory: 376832K Free: 212185K (56%)
----------------- Invoking toplevel() on ptolemy.moml.MoMLSimpleApplication@2724667b
----------------- Done invoking toplevel() on ptolemy.moml.MoMLSimpleApplication@2724667b
reloadAllAccessors: .array

===========================================================================================
----------------- testing Fri Aug 02 05:21:18 UTC 2019 /home/travis/build/icyphy/ptII/ptolemy/actor/lib/test/auto/array2.xml
----------------- Instantiating /home/travis/build/icyphy/ptII/ptolemy/actor/lib/test/auto/array2.xml
14 ms. Memory: 376832K Free: 207051K (55%)
----------------- Invoking toplevel() on ptolemy.moml.MoMLSimpleApplication@1d0ab359
----------------- Done invoking toplevel() on ptolemy.moml.MoMLSimpleApplication@1d0ab359
reloadAllAccessors: .array2

===========================================================================================
----------------- testing Fri Aug 02 05:21:18 UTC 2019 /home/travis/build/icyphy/ptII/ptolemy/actor/lib/test/auto/arrayType.xml
----------------- Instantiating /home/travis/build/icyphy/ptII/ptolemy/actor/lib/test/auto/arrayType.xml
2 ms. Memory: 376832K Free: 201435K (53%)
----------------- Invoking toplevel() on ptolemy.moml.MoMLSimpleApplication@112d663e
----------------- Done invoking toplevel() on ptolemy.moml.MoMLSimpleApplication@112d663e
reloadAllAccessors: .arrayType

===========================================================================================
----------------- testing Fri Aug 02 05:21:18 UTC 2019 /home/travis/build/icyphy/ptII/ptolemy/actor/lib/test/auto/arrayType10.xml
----------------- Instantiating /home/travis/build/icyphy/ptII/ptolemy/actor/lib/test/auto/arrayType10.xml
1 ms. Memory: 376832K Free: 196825K (52%)
----------------- Invoking toplevel() on ptolemy.moml.MoMLSimpleApplication@497ab86b
----------------- Done invoking toplevel() on ptolemy.moml.MoMLSimpleApplication@497ab86b
reloadAllAccessors: .arrayType10

===========================================================================================
----------------- testing Fri Aug 02 05:21:18 UTC 2019 /home/travis/build/icyphy/ptII/ptolemy/actor/lib/test/auto/arrayType11.xml
----------------- Instantiating /home/travis/build/icyphy/ptII/ptolemy/actor/lib/test/auto/arrayType11.xml
2 ms. Memory: 376832K Free: 192219K (51%)
----------------- Invoking toplevel() on ptolemy.moml.MoMLSimpleApplication@6f3aed2e
----------------- Done invoking toplevel() on ptolemy.moml.MoMLSimpleApplication@6f3aed2e
reloadAllAccessors: .arrayType11

===========================================================================================
----------------- testing Fri Aug 02 05:21:18 UTC 2019 /home/travis/build/icyphy/ptII/ptolemy/actor/lib/test/auto/arrayType12.xml
----------------- Instantiating /home/travis/build/icyphy/ptII/ptolemy/actor/lib/test/auto/arrayType12.xml
1 ms. Memory: 376832K Free: 187099K (50%)
----------------- Invoking toplevel() on ptolemy.moml.MoMLSimpleApplication@2963d12d
----------------- Done invoking toplevel() on ptolemy.moml.MoMLSimpleApplication@2963d12d
reloadAllAccessors: .arrayType12

===========================================================================================
----------------- testing Fri Aug 02 05:21:18 UTC 2019 /home/travis/build/icyphy/ptII/ptolemy/actor/lib/test/auto/arrayType13.xml
----------------- Instantiating /home/travis/build/icyphy/ptII/ptolemy/actor/lib/test/auto/arrayType13.xml
2 ms. Memory: 376832K Free: 181979K (48%)
----------------- Invoking toplevel() on ptolemy.moml.MoMLSimpleApplication@49396cdf
----------------- Done invoking toplevel() on ptolemy.moml.MoMLSimpleApplication@49396cdf
reloadAllAccessors: .arrayType13

===========================================================================================
----------------- testing Fri Aug 02 05:21:18 UTC 2019 /home/travis/build/icyphy/ptII/ptolemy/actor/lib/test/auto/arrayType14.xml
----------------- Instantiating /home/travis/build/icyphy/ptII/ptolemy/actor/lib/test/auto/arrayType14.xml
1 ms. Memory: 376832K Free: 176345K (47%)
----------------- Invoking toplevel() on ptolemy.moml.MoMLSimpleApplication@40526a89
----------------- Done invoking toplevel() on ptolemy.moml.MoMLSimpleApplication@40526a89
reloadAllAccessors: .arrayType14

===========================================================================================
----------------- testing Fri Aug 02 05:21:18 UTC 2019 /home/travis/build/icyphy/ptII/ptolemy/actor/lib/test/auto/arrayType15.xml
----------------- Instantiating /home/travis/build/icyphy/ptII/ptolemy/actor/lib/test/auto/arrayType15.xml
3 ms. Memory: 376832K Free: 171225K (45%)
----------------- Invoking toplevel() on ptolemy.moml.MoMLSimpleApplication@195e25e1
----------------- Done invoking toplevel() on ptolemy.moml.MoMLSimpleApplication@195e25e1
reloadAllAccessors: .arrayType15

===========================================================================================
----------------- testing Fri Aug 02 05:21:18 UTC 2019 /home/travis/build/icyphy/ptII/ptolemy/actor/lib/test/auto/arrayType16.xml
----------------- Instantiating /home/travis/build/icyphy/ptII/ptolemy/actor/lib/test/auto/arrayType16.xml
1 ms. Memory: 376832K Free: 166105K (44%)
----------------- Invoking toplevel() on ptolemy.moml.MoMLSimpleApplication@5e766eba
----------------- Done invoking toplevel() on ptolemy.moml.MoMLSimpleApplication@5e766eba
reloadAllAccessors: .arrayType16

===========================================================================================
----------------- testing Fri Aug 02 05:21:18 UTC 2019 /home/travis/build/icyphy/ptII/ptolemy/actor/lib/test/auto/arrayType17.xml
----------------- Instantiating /home/travis/build/icyphy/ptII/ptolemy/actor/lib/test/auto/arrayType17.xml
2 ms. Memory: 376832K Free: 160475K (43%)
----------------- Invoking toplevel() on ptolemy.moml.MoMLSimpleApplication@c95e396
----------------- Done invoking toplevel() on ptolemy.moml.MoMLSimpleApplication@c95e396
reloadAllAccessors: .arrayType17

===========================================================================================
----------------- testing Fri Aug 02 05:21:19 UTC 2019 /home/travis/build/icyphy/ptII/ptolemy/actor/lib/test/auto/arrayType18.xml
----------------- Instantiating /home/travis/build/icyphy/ptII/ptolemy/actor/lib/test/auto/arrayType18.xml
2 ms. Memory: 376832K Free: 155865K (41%)
----------------- Invoking toplevel() on ptolemy.moml.MoMLSimpleApplication@6b7f7ba1
----------------- Done invoking toplevel() on ptolemy.moml.MoMLSimpleApplication@6b7f7ba1
reloadAllAccessors: .arrayType18

===========================================================================================
----------------- testing Fri Aug 02 05:21:19 UTC 2019 /home/travis/build/icyphy/ptII/ptolemy/actor/lib/test/auto/arrayType19.xml
----------------- Instantiating /home/travis/build/icyphy/ptII/ptolemy/actor/lib/test/auto/arrayType19.xml
2 ms. Memory: 376832K Free: 151259K (40%)
----------------- Invoking toplevel() on ptolemy.moml.MoMLSimpleApplication@71b6cc39
----------------- Done invoking toplevel() on ptolemy.moml.MoMLSimpleApplication@71b6cc39
reloadAllAccessors: .arrayType19

===========================================================================================
----------------- testing Fri Aug 02 05:21:19 UTC 2019 /home/travis/build/icyphy/ptII/ptolemy/actor/lib/test/auto/arrayType2.xml
----------------- Instantiating /home/travis/build/icyphy/ptII/ptolemy/actor/lib/test/auto/arrayType2.xml
1 ms. Memory: 376832K Free: 145611K (39%)
----------------- Invoking toplevel() on ptolemy.moml.MoMLSimpleApplication@6a81fd09
----------------- Done invoking toplevel() on ptolemy.moml.MoMLSimpleApplication@6a81fd09
reloadAllAccessors: .arrayType2

===========================================================================================
----------------- testing Fri Aug 02 05:21:19 UTC 2019 /home/travis/build/icyphy/ptII/ptolemy/actor/lib/test/auto/arrayType20.xml
----------------- Instantiating /home/travis/build/icyphy/ptII/ptolemy/actor/lib/test/auto/arrayType20.xml
2 ms. Memory: 376832K Free: 141019K (37%)
----------------- Invoking toplevel() on ptolemy.moml.MoMLSimpleApplication@23fa875c
----------------- Done invoking toplevel() on ptolemy.moml.MoMLSimpleApplication@23fa875c
reloadAllAccessors: .arrayType20

===========================================================================================
----------------- testing Fri Aug 02 05:21:19 UTC 2019 /home/travis/build/icyphy/ptII/ptolemy/actor/lib/test/auto/arrayType21.xml
----------------- Instantiating /home/travis/build/icyphy/ptII/ptolemy/actor/lib/test/auto/arrayType21.xml
2 ms. Memory: 376832K Free: 135899K (36%)
----------------- Invoking toplevel() on ptolemy.moml.MoMLSimpleApplication@2368579e
----------------- Done invoking toplevel() on ptolemy.moml.MoMLSimpleApplication@2368579e
reloadAllAccessors: .arrayType21

===========================================================================================
----------------- testing Fri Aug 02 05:21:19 UTC 2019 /home/travis/build/icyphy/ptII/ptolemy/actor/lib/test/auto/arrayType22.xml
----------------- Instantiating /home/travis/build/icyphy/ptII/ptolemy/actor/lib/test/auto/arrayType22.xml
1 ms. Memory: 376832K Free: 131289K (35%)
----------------- Invoking toplevel() on ptolemy.moml.MoMLSimpleApplication@2ad053c4
----------------- Done invoking toplevel() on ptolemy.moml.MoMLSimpleApplication@2ad053c4
reloadAllAccessors: .arrayType22

===========================================================================================
----------------- testing Fri Aug 02 05:21:19 UTC 2019 /home/travis/build/icyphy/ptII/ptolemy/actor/lib/test/auto/arrayType23.xml
----------------- Instantiating /home/travis/build/icyphy/ptII/ptolemy/actor/lib/test/auto/arrayType23.xml
2 ms. Memory: 376832K Free: 126683K (34%)
----------------- Invoking toplevel() on ptolemy.moml.MoMLSimpleApplication@8393d69
----------------- Done invoking toplevel() on ptolemy.moml.MoMLSimpleApplication@8393d69
reloadAllAccessors: .arrayType23

===========================================================================================
----------------- testing Fri Aug 02 05:21:19 UTC 2019 /home/travis/build/icyphy/ptII/ptolemy/actor/lib/test/auto/arrayType24.xml
----------------- Instantiating /home/travis/build/icyphy/ptII/ptolemy/actor/lib/test/auto/arrayType24.xml
1 ms. Memory: 376832K Free: 121563K (32%)
----------------- Invoking toplevel() on ptolemy.moml.MoMLSimpleApplication@6f76e514
----------------- Done invoking toplevel() on ptolemy.moml.MoMLSimpleApplication@6f76e514
reloadAllAccessors: .arrayType24

===========================================================================================
----------------- testing Fri Aug 02 05:21:19 UTC 2019 /home/travis/build/icyphy/ptII/ptolemy/actor/lib/test/auto/arrayType25.xml
----------------- Instantiating /home/travis/build/icyphy/ptII/ptolemy/actor/lib/test/auto/arrayType25.xml
2 ms. Memory: 376832K Free: 116443K (31%)
----------------- Invoking toplevel() on ptolemy.moml.MoMLSimpleApplication@49bf1728
----------------- Done invoking toplevel() on ptolemy.moml.MoMLSimpleApplication@49bf1728
reloadAllAccessors: .arrayType25

===========================================================================================
----------------- testing Fri Aug 02 05:21:19 UTC 2019 /home/travis/build/icyphy/ptII/ptolemy/actor/lib/test/auto/arrayType26.xml
----------------- Instantiating /home/travis/build/icyphy/ptII/ptolemy/actor/lib/test/auto/arrayType26.xml
1 ms. Memory: 376832K Free: 110809K (29%)
----------------- Invoking toplevel() on ptolemy.moml.MoMLSimpleApplication@55b2381a
----------------- Done invoking toplevel() on ptolemy.moml.MoMLSimpleApplication@55b2381a
reloadAllAccessors: .arrayType26

===========================================================================================
----------------- testing Fri Aug 02 05:21:19 UTC 2019 /home/travis/build/icyphy/ptII/ptolemy/actor/lib/test/auto/arrayType27.xml
----------------- Instantiating /home/travis/build/icyphy/ptII/ptolemy/actor/lib/test/auto/arrayType27.xml
1 ms. Memory: 376832K Free: 105689K (28%)
----------------- Invoking toplevel() on ptolemy.moml.MoMLSimpleApplication@6f264dc4
----------------- Done invoking toplevel() on ptolemy.moml.MoMLSimpleApplication@6f264dc4
reloadAllAccessors: .arrayType27

===========================================================================================
----------------- testing Fri Aug 02 05:21:19 UTC 2019 /home/travis/build/icyphy/ptII/ptolemy/actor/lib/test/auto/arrayType28.xml
----------------- Instantiating /home/travis/build/icyphy/ptII/ptolemy/actor/lib/test/auto/arrayType28.xml
2 ms. Memory: 376832K Free: 321260K (85%)
----------------- Invoking toplevel() on ptolemy.moml.MoMLSimpleApplication@7231b342
----------------- Done invoking toplevel() on ptolemy.moml.MoMLSimpleApplication@7231b342
reloadAllAccessors: .arrayType28

===========================================================================================
----------------- testing Fri Aug 02 05:21:19 UTC 2019 /home/travis/build/icyphy/ptII/ptolemy/actor/lib/test/auto/arrayType3.xml
----------------- Instantiating /home/travis/build/icyphy/ptII/ptolemy/actor/lib/test/auto/arrayType3.xml
2 ms. Memory: 376832K Free: 315630K (84%)
----------------- Invoking toplevel() on ptolemy.moml.MoMLSimpleApplication@2a0d48d0
----------------- Done invoking toplevel() on ptolemy.moml.MoMLSimpleApplication@2a0d48d0
reloadAllAccessors: .arrayType3

===========================================================================================
----------------- testing Fri Aug 02 05:21:19 UTC 2019 /home/travis/build/icyphy/ptII/ptolemy/actor/lib/test/auto/arrayType4.xml
----------------- Instantiating /home/travis/build/icyphy/ptII/ptolemy/actor/lib/test/auto/arrayType4.xml
1 ms. Memory: 376832K Free: 310510K (82%)
----------------- Invoking toplevel() on ptolemy.moml.MoMLSimpleApplication@6a405f06
----------------- Done invoking toplevel() on ptolemy.moml.MoMLSimpleApplication@6a405f06
reloadAllAccessors: .arrayType4

===========================================================================================
----------------- testing Fri Aug 02 05:21:19 UTC 2019 /home/travis/build/icyphy/ptII/ptolemy/actor/lib/test/auto/arrayType5.xml
----------------- Instantiating /home/travis/build/icyphy/ptII/ptolemy/actor/lib/test/auto/arrayType5.xml
2 ms. Memory: 376832K Free: 304876K (81%)
----------------- Invoking toplevel() on ptolemy.moml.MoMLSimpleApplication@54ea0357
----------------- Done invoking toplevel() on ptolemy.moml.MoMLSimpleApplication@54ea0357
reloadAllAccessors: .arrayType5

===========================================================================================
----------------- testing Fri Aug 02 05:21:19 UTC 2019 /home/travis/build/icyphy/ptII/ptolemy/actor/lib/test/auto/arrayType6.xml
----------------- Instantiating /home/travis/build/icyphy/ptII/ptolemy/actor/lib/test/auto/arrayType6.xml
1 ms. Memory: 376832K Free: 300270K (80%)
----------------- Invoking toplevel() on ptolemy.moml.MoMLSimpleApplication@20a59289
----------------- Done invoking toplevel() on ptolemy.moml.MoMLSimpleApplication@20a59289
reloadAllAccessors: .arrayType6

===========================================================================================
----------------- testing Fri Aug 02 05:21:19 UTC 2019 /home/travis/build/icyphy/ptII/ptolemy/actor/lib/test/auto/arrayType7.xml
----------------- Instantiating /home/travis/build/icyphy/ptII/ptolemy/actor/lib/test/auto/arrayType7.xml
2 ms. Memory: 376832K Free: 295150K (78%)
----------------- Invoking toplevel() on ptolemy.moml.MoMLSimpleApplication@17f5ba5a
----------------- Done invoking toplevel() on ptolemy.moml.MoMLSimpleApplication@17f5ba5a
reloadAllAccessors: .arrayType7

===========================================================================================
----------------- testing Fri Aug 02 05:21:19 UTC 2019 /home/travis/build/icyphy/ptII/ptolemy/actor/lib/test/auto/arrayType8.xml
----------------- Instantiating /home/travis/build/icyphy/ptII/ptolemy/actor/lib/test/auto/arrayType8.xml
7 ms. Memory: 376832K Free: 290540K (77%)
----------------- Invoking toplevel() on ptolemy.moml.MoMLSimpleApplication@2b029ba8
----------------- Done invoking toplevel() on ptolemy.moml.MoMLSimpleApplication@2b029ba8
reloadAllAccessors: .arrayType8

===========================================================================================
----------------- testing Fri Aug 02 05:21:19 UTC 2019 /home/travis/build/icyphy/ptII/ptolemy/actor/lib/test/auto/arrayType9.xml
----------------- Instantiating /home/travis/build/icyphy/ptII/ptolemy/actor/lib/test/auto/arrayType9.xml
1 ms. Memory: 376832K Free: 285934K (76%)
----------------- Invoking toplevel() on ptolemy.moml.MoMLSimpleApplication@79f09b3
----------------- Done invoking toplevel() on ptolemy.moml.MoMLSimpleApplication@79f09b3
reloadAllAccessors: .arrayType9

===========================================================================================
----------------- testing Fri Aug 02 05:21:19 UTC 2019 /home/travis/build/icyphy/ptII/ptolemy/actor/lib/test/auto/cast.xml
----------------- Instantiating /home/travis/build/icyphy/ptII/ptolemy/actor/lib/test/auto/cast.xml
2 ms. Memory: 376832K Free: 280814K (75%)
----------------- Invoking toplevel() on ptolemy.moml.MoMLSimpleApplication@6b9e6a84
----------------- Done invoking toplevel() on ptolemy.moml.MoMLSimpleApplication@6b9e6a84
reloadAllAccessors: .cast

===========================================================================================
----------------- testing Fri Aug 02 05:21:19 UTC 2019 /home/travis/build/icyphy/ptII/ptolemy/actor/lib/test/auto/compositeMultiPort.xml
----------------- Instantiating /home/travis/build/icyphy/ptII/ptolemy/actor/lib/test/auto/compositeMultiPort.xml
3 ms. Memory: 376832K Free: 272093K (72%)
----------------- Invoking toplevel() on ptolemy.moml.MoMLSimpleApplication@624d04eb
----------------- Done invoking toplevel() on ptolemy.moml.MoMLSimpleApplication@624d04eb
reloadAllAccessors: .compositeMultiPort

===========================================================================================
----------------- testing Fri Aug 02 05:21:19 UTC 2019 /home/travis/build/icyphy/ptII/ptolemy/actor/lib/test/auto/expressionCastInference.xml
----------------- Instantiating /home/travis/build/icyphy/ptII/ptolemy/actor/lib/test/auto/expressionCastInference.xml
3 ms. Memory: 376832K Free: 266988K (71%)
----------------- Invoking toplevel() on ptolemy.moml.MoMLSimpleApplication@40f6f113
----------------- Done invoking toplevel() on ptolemy.moml.MoMLSimpleApplication@40f6f113
reloadAllAccessors: .expressionCastInference

===========================================================================================
----------------- testing Fri Aug 02 05:21:19 UTC 2019 /home/travis/build/icyphy/ptII/ptolemy/actor/lib/test/auto/expressionCastInference2.xml
----------------- Instantiating /home/travis/build/icyphy/ptII/ptolemy/actor/lib/test/auto/expressionCastInference2.xml
2 ms. Memory: 376832K Free: 262382K (70%)
----------------- Invoking toplevel() on ptolemy.moml.MoMLSimpleApplication@77ebedb1
----------------- Done invoking toplevel() on ptolemy.moml.MoMLSimpleApplication@77ebedb1
reloadAllAccessors: .expressionCastInference2

===========================================================================================
----------------- testing Fri Aug 02 05:21:19 UTC 2019 /home/travis/build/icyphy/ptII/ptolemy/actor/lib/test/auto/expressionInference.xml
----------------- Instantiating /home/travis/build/icyphy/ptII/ptolemy/actor/lib/test/auto/expressionInference.xml
1 ms. Memory: 376832K Free: 257772K (68%)
----------------- Invoking toplevel() on ptolemy.moml.MoMLSimpleApplication@64de0bb4
----------------- Done invoking toplevel() on ptolemy.moml.MoMLSimpleApplication@64de0bb4
reloadAllAccessors: .expressionInference

===========================================================================================
----------------- testing Fri Aug 02 05:21:19 UTC 2019 /home/travis/build/icyphy/ptII/ptolemy/actor/lib/test/auto/expression_bug.xml
----------------- Instantiating /home/travis/build/icyphy/ptII/ptolemy/actor/lib/test/auto/expression_bug.xml
1 ms. Memory: 376832K Free: 253676K (67%)
----------------- Invoking toplevel() on ptolemy.moml.MoMLSimpleApplication@7c8f909f
----------------- Done invoking toplevel() on ptolemy.moml.MoMLSimpleApplication@7c8f909f
reloadAllAccessors: .expression_bug

===========================================================================================
----------------- testing Fri Aug 02 05:21:19 UTC 2019 /home/travis/build/icyphy/ptII/ptolemy/actor/lib/test/auto/factorial.xml
----------------- Instantiating /home/travis/build/icyphy/ptII/ptolemy/actor/lib/test/auto/factorial.xml
51 ms. Memory: 376832K Free: 244974K (65%)
----------------- Invoking toplevel() on ptolemy.moml.MoMLSimpleApplication@2a79c10b
----------------- Done invoking toplevel() on ptolemy.moml.MoMLSimpleApplication@2a79c10b
reloadAllAccessors: .factorial

===========================================================================================
----------------- testing Fri Aug 02 05:21:19 UTC 2019 /home/travis/build/icyphy/ptII/ptolemy/actor/lib/test/auto/filterTest1.xml
----------------- Instantiating /home/travis/build/icyphy/ptII/ptolemy/actor/lib/test/auto/filterTest1.xml
3 ms. Memory: 376832K Free: 238830K (63%)
----------------- Invoking toplevel() on ptolemy.moml.MoMLSimpleApplication@592aaecd
----------------- Done invoking toplevel() on ptolemy.moml.MoMLSimpleApplication@592aaecd
reloadAllAccessors: .filterTest1

===========================================================================================
----------------- testing Fri Aug 02 05:21:19 UTC 2019 /home/travis/build/icyphy/ptII/ptolemy/actor/lib/test/auto/funcApplyInConst.xml
----------------- Instantiating /home/travis/build/icyphy/ptII/ptolemy/actor/lib/test/auto/funcApplyInConst.xml
1 ms. Memory: 376832K Free: 235244K (62%)
----------------- Invoking toplevel() on ptolemy.moml.MoMLSimpleApplication@5df914a6
----------------- Done invoking toplevel() on ptolemy.moml.MoMLSimpleApplication@5df914a6
reloadAllAccessors: .funcApplyInConst

===========================================================================================
----------------- testing Fri Aug 02 05:21:19 UTC 2019 /home/travis/build/icyphy/ptII/ptolemy/actor/lib/test/auto/funcApplyInExpr.xml
----------------- Instantiating /home/travis/build/icyphy/ptII/ptolemy/actor/lib/test/auto/funcApplyInExpr.xml
4 ms. Memory: 376832K Free: 231148K (61%)
----------------- Invoking toplevel() on ptolemy.moml.MoMLSimpleApplication@78ff0e7c
----------------- Done invoking toplevel() on ptolemy.moml.MoMLSimpleApplication@78ff0e7c
reloadAllAccessors: .funcApplyInExpr

===========================================================================================
----------------- testing Fri Aug 02 05:21:19 UTC 2019 /home/travis/build/icyphy/ptII/ptolemy/actor/lib/test/auto/function.xml
----------------- Instantiating /home/travis/build/icyphy/ptII/ptolemy/actor/lib/test/auto/function.xml
2 ms. Memory: 376832K Free: 226542K (60%)
----------------- Invoking toplevel() on ptolemy.moml.MoMLSimpleApplication@6718b5a2
----------------- Done invoking toplevel() on ptolemy.moml.MoMLSimpleApplication@6718b5a2
reloadAllAccessors: .function

===========================================================================================
----------------- testing Fri Aug 02 05:21:19 UTC 2019 /home/travis/build/icyphy/ptII/ptolemy/actor/lib/test/auto/function2.xml
----------------- Instantiating /home/travis/build/icyphy/ptII/ptolemy/actor/lib/test/auto/function2.xml
2 ms. Memory: 376832K Free: 221422K (59%)
----------------- Invoking toplevel() on ptolemy.moml.MoMLSimpleApplication@7a1d4965
----------------- Done invoking toplevel() on ptolemy.moml.MoMLSimpleApplication@7a1d4965
reloadAllAccessors: .function2

===========================================================================================
----------------- testing Fri Aug 02 05:21:19 UTC 2019 /home/travis/build/icyphy/ptII/ptolemy/actor/lib/test/auto/function3.xml
----------------- Instantiating /home/travis/build/icyphy/ptII/ptolemy/actor/lib/test/auto/function3.xml
1 ms. Memory: 376832K Free: 217836K (58%)
----------------- Invoking toplevel() on ptolemy.moml.MoMLSimpleApplication@348f00d6
----------------- Done invoking toplevel() on ptolemy.moml.MoMLSimpleApplication@348f00d6
reloadAllAccessors: .function3

===========================================================================================
----------------- testing Fri Aug 02 05:21:19 UTC 2019 /home/travis/build/icyphy/ptII/ptolemy/actor/lib/test/auto/functionClosureTest1.xml
----------------- Instantiating /home/travis/build/icyphy/ptII/ptolemy/actor/lib/test/auto/functionClosureTest1.xml
2 ms. Memory: 376832K Free: 211692K (56%)
----------------- Invoking toplevel() on ptolemy.moml.MoMLSimpleApplication@6dac069a
----------------- Done invoking toplevel() on ptolemy.moml.MoMLSimpleApplication@6dac069a
reloadAllAccessors: .functionClosureTest1

===========================================================================================
----------------- testing Fri Aug 02 05:21:19 UTC 2019 /home/travis/build/icyphy/ptII/ptolemy/actor/lib/test/auto/functionClosureTest2.xml
----------------- Instantiating /home/travis/build/icyphy/ptII/ptolemy/actor/lib/test/auto/functionClosureTest2.xml
1 ms. Memory: 376832K Free: 208110K (55%)
----------------- Invoking toplevel() on ptolemy.moml.MoMLSimpleApplication@2e8fb981
----------------- Done invoking toplevel() on ptolemy.moml.MoMLSimpleApplication@2e8fb981
reloadAllAccessors: .functionClosureTest2

===========================================================================================
----------------- testing Fri Aug 02 05:21:19 UTC 2019 /home/travis/build/icyphy/ptII/ptolemy/actor/lib/test/auto/functionClosureTest3.xml
----------------- Instantiating /home/travis/build/icyphy/ptII/ptolemy/actor/lib/test/auto/functionClosureTest3.xml
3 ms. Memory: 376832K Free: 202476K (54%)
----------------- Invoking toplevel() on ptolemy.moml.MoMLSimpleApplication@6f037aba
----------------- Done invoking toplevel() on ptolemy.moml.MoMLSimpleApplication@6f037aba
reloadAllAccessors: .functionClosureTest3

===========================================================================================
----------------- testing Fri Aug 02 05:21:19 UTC 2019 /home/travis/build/icyphy/ptII/ptolemy/actor/lib/test/auto/functionClosureTest4.xml
----------------- Instantiating /home/travis/build/icyphy/ptII/ptolemy/actor/lib/test/auto/functionClosureTest4.xml
7 ms. Memory: 376832K Free: 196332K (52%)
----------------- Invoking toplevel() on ptolemy.moml.MoMLSimpleApplication@77133560
----------------- Done invoking toplevel() on ptolemy.moml.MoMLSimpleApplication@77133560
reloadAllAccessors: .functionClosureTest4

===========================================================================================
----------------- testing Fri Aug 02 05:21:19 UTC 2019 /home/travis/build/icyphy/ptII/ptolemy/actor/lib/test/auto/functionClosureTest5.xml
----------------- Instantiating /home/travis/build/icyphy/ptII/ptolemy/actor/lib/test/auto/functionClosureTest5.xml
4 ms. Memory: 376832K Free: 190702K (51%)
----------------- Invoking toplevel() on ptolemy.moml.MoMLSimpleApplication@35e28154
----------------- Done invoking toplevel() on ptolemy.moml.MoMLSimpleApplication@35e28154
reloadAllAccessors: .functionClosureTest5

===========================================================================================
----------------- testing Fri Aug 02 05:21:19 UTC 2019 /home/travis/build/icyphy/ptII/ptolemy/actor/lib/test/auto/functionClosureTest6.xml
----------------- Instantiating /home/travis/build/icyphy/ptII/ptolemy/actor/lib/test/auto/functionClosureTest6.xml
2 ms. Memory: 376832K Free: 186085K (49%)
----------------- Invoking toplevel() on ptolemy.moml.MoMLSimpleApplication@61478654
----------------- Done invoking toplevel() on ptolemy.moml.MoMLSimpleApplication@61478654
reloadAllAccessors: .functionClosureTest6

===========================================================================================
----------------- testing Fri Aug 02 05:21:19 UTC 2019 /home/travis/build/icyphy/ptII/ptolemy/actor/lib/test/auto/functionsOnArcs.xml
----------------- Instantiating /home/travis/build/icyphy/ptII/ptolemy/actor/lib/test/auto/functionsOnArcs.xml
2 ms. Memory: 376832K Free: 180462K (48%)
----------------- Invoking toplevel() on ptolemy.moml.MoMLSimpleApplication@39798349
----------------- Done invoking toplevel() on ptolemy.moml.MoMLSimpleApplication@39798349
reloadAllAccessors: .functionsOnArcs

===========================================================================================
----------------- testing Fri Aug 02 05:21:19 UTC 2019 /home/travis/build/icyphy/ptII/ptolemy/actor/lib/test/auto/functionsOnArcsHOF.xml
----------------- Instantiating /home/travis/build/icyphy/ptII/ptolemy/actor/lib/test/auto/functionsOnArcsHOF.xml
4 ms. Memory: 376832K Free: 174828K (46%)
----------------- Invoking toplevel() on ptolemy.moml.MoMLSimpleApplication@31c38c9d
----------------- Done invoking toplevel() on ptolemy.moml.MoMLSimpleApplication@31c38c9d
reloadAllAccessors: .functionsOnArcsHOF

===========================================================================================
----------------- testing Fri Aug 02 05:21:19 UTC 2019 /home/travis/build/icyphy/ptII/ptolemy/actor/lib/test/auto/logic.xml
----------------- Instantiating /home/travis/build/icyphy/ptII/ptolemy/actor/lib/test/auto/logic.xml
2 ms. Memory: 376832K Free: 167150K (44%)
----------------- Invoking toplevel() on ptolemy.moml.MoMLSimpleApplication@75ac8912
----------------- Done invoking toplevel() on ptolemy.moml.MoMLSimpleApplication@75ac8912
reloadAllAccessors: .logic

===========================================================================================
----------------- testing Fri Aug 02 05:21:19 UTC 2019 /home/travis/build/icyphy/ptII/ptolemy/actor/lib/test/auto/matrixType.xml
----------------- Instantiating /home/travis/build/icyphy/ptII/ptolemy/actor/lib/test/auto/matrixType.xml
2 ms. Memory: 376832K Free: 162540K (43%)
----------------- Invoking toplevel() on ptolemy.moml.MoMLSimpleApplication@63cbeaa6
----------------- Done invoking toplevel() on ptolemy.moml.MoMLSimpleApplication@63cbeaa6
reloadAllAccessors: .matrixType

===========================================================================================
----------------- testing Fri Aug 02 05:21:19 UTC 2019 /home/travis/build/icyphy/ptII/ptolemy/actor/lib/test/auto/matrixType10.xml
----------------- Instantiating /home/travis/build/icyphy/ptII/ptolemy/actor/lib/test/auto/matrixType10.xml
2 ms. Memory: 376832K Free: 157934K (42%)
----------------- Invoking toplevel() on ptolemy.moml.MoMLSimpleApplication@40f7fc14
----------------- Done invoking toplevel() on ptolemy.moml.MoMLSimpleApplication@40f7fc14
reloadAllAccessors: .matrixType10

===========================================================================================
----------------- testing Fri Aug 02 05:21:19 UTC 2019 /home/travis/build/icyphy/ptII/ptolemy/actor/lib/test/auto/matrixType11.xml
----------------- Instantiating /home/travis/build/icyphy/ptII/ptolemy/actor/lib/test/auto/matrixType11.xml
1 ms. Memory: 376832K Free: 152814K (41%)
----------------- Invoking toplevel() on ptolemy.moml.MoMLSimpleApplication@6256c091
----------------- Done invoking toplevel() on ptolemy.moml.MoMLSimpleApplication@6256c091
reloadAllAccessors: .matrixType11

===========================================================================================
----------------- testing Fri Aug 02 05:21:19 UTC 2019 /home/travis/build/icyphy/ptII/ptolemy/actor/lib/test/auto/matrixType12.xml
----------------- Instantiating /home/travis/build/icyphy/ptII/ptolemy/actor/lib/test/auto/matrixType12.xml
2 ms. Memory: 376832K Free: 148204K (39%)
----------------- Invoking toplevel() on ptolemy.moml.MoMLSimpleApplication@4e453475
----------------- Done invoking toplevel() on ptolemy.moml.MoMLSimpleApplication@4e453475
reloadAllAccessors: .matrixType12

===========================================================================================
----------------- testing Fri Aug 02 05:21:19 UTC 2019 /home/travis/build/icyphy/ptII/ptolemy/actor/lib/test/auto/matrixType13.xml
----------------- Instantiating /home/travis/build/icyphy/ptII/ptolemy/actor/lib/test/auto/matrixType13.xml
2 ms. Memory: 376832K Free: 143084K (38%)
----------------- Invoking toplevel() on ptolemy.moml.MoMLSimpleApplication@1fbbaf1e
----------------- Done invoking toplevel() on ptolemy.moml.MoMLSimpleApplication@1fbbaf1e
reloadAllAccessors: .matrixType13

===========================================================================================
----------------- testing Fri Aug 02 05:21:19 UTC 2019 /home/travis/build/icyphy/ptII/ptolemy/actor/lib/test/auto/matrixType14.xml
----------------- Instantiating /home/travis/build/icyphy/ptII/ptolemy/actor/lib/test/auto/matrixType14.xml
1 ms. Memory: 376832K Free: 137949K (37%)
----------------- Invoking toplevel() on ptolemy.moml.MoMLSimpleApplication@7aaa5e82
----------------- Done invoking toplevel() on ptolemy.moml.MoMLSimpleApplication@7aaa5e82
reloadAllAccessors: .matrixType14

===========================================================================================
----------------- testing Fri Aug 02 05:21:19 UTC 2019 /home/travis/build/icyphy/ptII/ptolemy/actor/lib/test/auto/matrixType2.xml
----------------- Instantiating /home/travis/build/icyphy/ptII/ptolemy/actor/lib/test/auto/matrixType2.xml
1 ms. Memory: 376832K Free: 132844K (35%)
----------------- Invoking toplevel() on ptolemy.moml.MoMLSimpleApplication@5c72dd63
----------------- Done invoking toplevel() on ptolemy.moml.MoMLSimpleApplication@5c72dd63
reloadAllAccessors: .matrixType2

===========================================================================================
----------------- testing Fri Aug 02 05:21:19 UTC 2019 /home/travis/build/icyphy/ptII/ptolemy/actor/lib/test/auto/matrixType3.xml
----------------- Instantiating /home/travis/build/icyphy/ptII/ptolemy/actor/lib/test/auto/matrixType3.xml
4 ms. Memory: 376832K Free: 127724K (34%)
----------------- Invoking toplevel() on ptolemy.moml.MoMLSimpleApplication@36748460
----------------- Done invoking toplevel() on ptolemy.moml.MoMLSimpleApplication@36748460
reloadAllAccessors: .matrixType3

===========================================================================================
----------------- testing Fri Aug 02 05:21:19 UTC 2019 /home/travis/build/icyphy/ptII/ptolemy/actor/lib/test/auto/matrixType4.xml
----------------- Instantiating /home/travis/build/icyphy/ptII/ptolemy/actor/lib/test/auto/matrixType4.xml
1 ms. Memory: 376832K Free: 123118K (33%)
----------------- Invoking toplevel() on ptolemy.moml.MoMLSimpleApplication@7590f345
----------------- Done invoking toplevel() on ptolemy.moml.MoMLSimpleApplication@7590f345
reloadAllAccessors: .matrixType4

===========================================================================================
----------------- testing Fri Aug 02 05:21:19 UTC 2019 /home/travis/build/icyphy/ptII/ptolemy/actor/lib/test/auto/matrixType5.xml
----------------- Instantiating /home/travis/build/icyphy/ptII/ptolemy/actor/lib/test/auto/matrixType5.xml
2 ms. Memory: 376832K Free: 117998K (31%)
----------------- Invoking toplevel() on ptolemy.moml.MoMLSimpleApplication@1e6d4455
----------------- Done invoking toplevel() on ptolemy.moml.MoMLSimpleApplication@1e6d4455
reloadAllAccessors: .matrixType5

===========================================================================================
----------------- testing Fri Aug 02 05:21:19 UTC 2019 /home/travis/build/icyphy/ptII/ptolemy/actor/lib/test/auto/matrixType6.xml
----------------- Instantiating /home/travis/build/icyphy/ptII/ptolemy/actor/lib/test/auto/matrixType6.xml
1 ms. Memory: 376832K Free: 113388K (30%)
----------------- Invoking toplevel() on ptolemy.moml.MoMLSimpleApplication@530a007a
----------------- Done invoking toplevel() on ptolemy.moml.MoMLSimpleApplication@530a007a
reloadAllAccessors: .matrixType6

===========================================================================================
----------------- testing Fri Aug 02 05:21:20 UTC 2019 /home/travis/build/icyphy/ptII/ptolemy/actor/lib/test/auto/matrixType7.xml
----------------- Instantiating /home/travis/build/icyphy/ptII/ptolemy/actor/lib/test/auto/matrixType7.xml
1 ms. Memory: 376832K Free: 108268K (29%)
----------------- Invoking toplevel() on ptolemy.moml.MoMLSimpleApplication@28c1bda4
----------------- Done invoking toplevel() on ptolemy.moml.MoMLSimpleApplication@28c1bda4
reloadAllAccessors: .matrixType7

===========================================================================================
----------------- testing Fri Aug 02 05:21:20 UTC 2019 /home/travis/build/icyphy/ptII/ptolemy/actor/lib/test/auto/matrixType8.xml
----------------- Instantiating /home/travis/build/icyphy/ptII/ptolemy/actor/lib/test/auto/matrixType8.xml
2 ms. Memory: 376832K Free: 103662K (28%)
----------------- Invoking toplevel() on ptolemy.moml.MoMLSimpleApplication@50bda341
----------------- Done invoking toplevel() on ptolemy.moml.MoMLSimpleApplication@50bda341
reloadAllAccessors: .matrixType8

===========================================================================================
----------------- testing Fri Aug 02 05:21:20 UTC 2019 /home/travis/build/icyphy/ptII/ptolemy/actor/lib/test/auto/matrixType9.xml
----------------- Instantiating /home/travis/build/icyphy/ptII/ptolemy/actor/lib/test/auto/matrixType9.xml
1 ms. Memory: 376832K Free: 319583K (85%)
----------------- Invoking toplevel() on ptolemy.moml.MoMLSimpleApplication@3dc06231
----------------- Done invoking toplevel() on ptolemy.moml.MoMLSimpleApplication@3dc06231
reloadAllAccessors: .matrixType9

===========================================================================================
----------------- testing Fri Aug 02 05:21:20 UTC 2019 /home/travis/build/icyphy/ptII/ptolemy/actor/lib/test/auto/paraFunctest.xml
----------------- Instantiating /home/travis/build/icyphy/ptII/ptolemy/actor/lib/test/auto/paraFunctest.xml
1 ms. Memory: 376832K Free: 315966K (84%)
----------------- Invoking toplevel() on ptolemy.moml.MoMLSimpleApplication@75c6a218
----------------- Done invoking toplevel() on ptolemy.moml.MoMLSimpleApplication@75c6a218
reloadAllAccessors: .paraFunctest

===========================================================================================
----------------- testing Fri Aug 02 05:21:20 UTC 2019 /home/travis/build/icyphy/ptII/ptolemy/actor/lib/test/auto/paraFunctest2.xml
----------------- Instantiating /home/travis/build/icyphy/ptII/ptolemy/actor/lib/test/auto/paraFunctest2.xml
1 ms. Memory: 376832K Free: 311391K (83%)
----------------- Invoking toplevel() on ptolemy.moml.MoMLSimpleApplication@278563cd
----------------- Done invoking toplevel() on ptolemy.moml.MoMLSimpleApplication@278563cd
reloadAllAccessors: .paraFunctest2

===========================================================================================
----------------- testing Fri Aug 02 05:21:20 UTC 2019 /home/travis/build/icyphy/ptII/ptolemy/actor/lib/test/auto/parameterPassing.xml
----------------- Instantiating /home/travis/build/icyphy/ptII/ptolemy/actor/lib/test/auto/parameterPassing.xml
1 ms. Memory: 376832K Free: 307295K (82%)
----------------- Invoking toplevel() on ptolemy.moml.MoMLSimpleApplication@46aba1e1
----------------- Done invoking toplevel() on ptolemy.moml.MoMLSimpleApplication@46aba1e1
reloadAllAccessors: .parameterPassing

===========================================================================================
----------------- testing Fri Aug 02 05:21:20 UTC 2019 /home/travis/build/icyphy/ptII/ptolemy/actor/lib/test/auto/record.xml
----------------- Instantiating /home/travis/build/icyphy/ptII/ptolemy/actor/lib/test/auto/record.xml
2 ms. Memory: 376832K Free: 302175K (80%)
----------------- Invoking toplevel() on ptolemy.moml.MoMLSimpleApplication@718b25ae
----------------- Done invoking toplevel() on ptolemy.moml.MoMLSimpleApplication@718b25ae
reloadAllAccessors: .record

===========================================================================================
----------------- testing Fri Aug 02 05:21:20 UTC 2019 /home/travis/build/icyphy/ptII/ptolemy/actor/lib/test/auto/sizedarray1.xml
----------------- Instantiating /home/travis/build/icyphy/ptII/ptolemy/actor/lib/test/auto/sizedarray1.xml
2 ms. Memory: 376832K Free: 297055K (79%)
----------------- Invoking toplevel() on ptolemy.moml.MoMLSimpleApplication@98a8b80
----------------- Done invoking toplevel() on ptolemy.moml.MoMLSimpleApplication@98a8b80
reloadAllAccessors: .sizedarray1

===========================================================================================
----------------- testing Fri Aug 02 05:21:20 UTC 2019 /home/travis/build/icyphy/ptII/ptolemy/actor/lib/test/auto/sizedarray2.xml
----------------- Instantiating /home/travis/build/icyphy/ptII/ptolemy/actor/lib/test/auto/sizedarray2.xml
2 ms. Memory: 376832K Free: 290911K (77%)
----------------- Invoking toplevel() on ptolemy.moml.MoMLSimpleApplication@738523e2
----------------- Done invoking toplevel() on ptolemy.moml.MoMLSimpleApplication@738523e2
reloadAllAccessors: .sizedarray2

===========================================================================================
----------------- testing Fri Aug 02 05:21:20 UTC 2019 /home/travis/build/icyphy/ptII/ptolemy/actor/lib/test/auto/twoPublishers.xml
----------------- Instantiating /home/travis/build/icyphy/ptII/ptolemy/actor/lib/test/auto/twoPublishers.xml
2 ms. Memory: 376832K Free: 280671K (74%)
----------------- Invoking toplevel() on ptolemy.moml.MoMLSimpleApplication@7bd93fca
----------------- Done invoking toplevel() on ptolemy.moml.MoMLSimpleApplication@7bd93fca
reloadAllAccessors: .twoPublishers
AutoTests.java: About to close Vertx.
AutoTests.java: Vertx closed.
]]></system-out>
  <system-err><![CDATA[java.lang.RuntimeException: Execution failed
	at ptolemy.moml.MoMLSimpleApplication$UnloadThread.run(MoMLSimpleApplication.java:402)
Caused by: java.lang.RuntimeException: StringUtilities.exit() was called. Normally, we would exit here because Manager.exitAfterWrapup() was called.  However, because the ptolemy.ptII.exitAfterWrapup property is set, we throw this exception instead.
	at ptolemy.util.StringUtilities.exit(StringUtilities.java:365)
	at ptolemy.actor.Manager.wrapup(Manager.java:1549)
	at ptolemy.actor.Manager.execute(Manager.java:407)
	at ptolemy.actor.Manager.run(Manager.java:1263)
	at ptolemy.actor.Manager$PtolemyRunThread.run(Manager.java:1933)
Warning: '.top.test' is in training mode, set the trainingMode parameter to false before checking in
Warning: '.top.test' is in training mode, set the trainingMode parameter to false before checking in
Warning: '.top.test' is in training mode, set the trainingMode parameter to false before checking in
Warning: '.BooleanSwitch_RegressionTest_WrongTrainingValues.Test' is in training mode, set the trainingMode parameter to false before checking in
Warning: '.BooleanSwitch_RegressionTest_WrongTrainingValues.Test2' is in training mode, set the trainingMode parameter to false before checking in
Warning: '.BooleanSwitch_RegressionTest_WrongTrainingValues.Test2' The test produced 0 tokens.
Warning: '.top.testExceptionHandler' is in training mode, set the trainingMode parameter to false before checking in
java.lang.RuntimeException: Execution failed
	at ptolemy.moml.MoMLSimpleApplication$UnloadThread.run(MoMLSimpleApplication.java:402)
Caused by: ptolemy.kernel.util.IllegalActionException: PublisherPorts cannot be used at the top level, use a Publisher actor instead.
  in .PublisherPortToplevelSubscriber.PublisherPort
	at ptolemy.actor.PublisherPort.preinitialize(PublisherPort.java:403)
	at ptolemy.actor.CompositeActor.preinitialize(CompositeActor.java:1769)
	at ptolemy.actor.Manager.preinitializeAndResolveTypes(Manager.java:1040)
	at ptolemy.actor.Manager.initialize(Manager.java:710)
	at ptolemy.actor.Manager.execute(Manager.java:356)
	at ptolemy.actor.Manager.run(Manager.java:1263)
	at ptolemy.actor.Manager$PtolemyRunThread.run(Manager.java:1933)
java.lang.reflect.InvocationTargetException
	at java.base/jdk.internal.reflect.NativeConstructorAccessorImpl.newInstance0(Native Method)
	at java.base/jdk.internal.reflect.NativeConstructorAccessorImpl.newInstance(NativeConstructorAccessorImpl.java:62)
	at java.base/jdk.internal.reflect.DelegatingConstructorAccessorImpl.newInstance(DelegatingConstructorAccessorImpl.java:45)
	at java.base/java.lang.reflect.Constructor.newInstance(Constructor.java:490)
	at ptolemy.util.test.junit.AutoKnownFailedTests.RunModel(AutoKnownFailedTests.java:105)
	at java.base/jdk.internal.reflect.NativeMethodAccessorImpl.invoke0(Native Method)
	at java.base/jdk.internal.reflect.NativeMethodAccessorImpl.invoke(NativeMethodAccessorImpl.java:62)
	at java.base/jdk.internal.reflect.DelegatingMethodAccessorImpl.invoke(DelegatingMethodAccessorImpl.java:43)
	at java.base/java.lang.reflect.Method.invoke(Method.java:566)
	at org.junit.runners.model.FrameworkMethod$1.runReflectiveCall(FrameworkMethod.java:44)
	at org.junit.internal.runners.model.ReflectiveCallable.run(ReflectiveCallable.java:15)
	at org.junit.runners.model.FrameworkMethod.invokeExplosively(FrameworkMethod.java:41)
	at junitparams.internal.InvokeParameterisedMethod.evaluate(InvokeParameterisedMethod.java:102)
	at org.junit.internal.runners.statements.FailOnTimeout$1.run(FailOnTimeout.java:28)
Caused by: ptolemy.kernel.util.IllegalActionException: PublisherPorts cannot be used at the top level, use a Publisher actor instead.
  in .PublisherPortToplevelSubscriber.PublisherPort
	at ptolemy.actor.PublisherPort.preinitialize(PublisherPort.java:403)
	at ptolemy.actor.CompositeActor.preinitialize(CompositeActor.java:1769)
	at ptolemy.actor.Manager.preinitializeAndResolveTypes(Manager.java:1040)
	at ptolemy.actor.Manager.initialize(Manager.java:710)
	at ptolemy.actor.Manager.execute(Manager.java:356)
	at ptolemy.actor.Manager.run(Manager.java:1263)
	at ptolemy.actor.Manager$PtolemyRunThread.run(Manager.java:1933)
java.lang.RuntimeException: Execution failed
	at ptolemy.moml.MoMLSimpleApplication$UnloadThread.run(MoMLSimpleApplication.java:402)
Caused by: ptolemy.kernel.util.IllegalActionException: SubscriberPorts cannot be used at the top level, use a Subscriber actor instead.
  in .PublisherSubscriberPortToplevel.SubscriberPort
	at ptolemy.actor.SubscriberPort.preinitialize(SubscriberPort.java:328)
	at ptolemy.actor.CompositeActor.preinitialize(CompositeActor.java:1769)
	at ptolemy.actor.Manager.preinitializeAndResolveTypes(Manager.java:1040)
	at ptolemy.actor.Manager.initialize(Manager.java:710)
	at ptolemy.actor.Manager.execute(Manager.java:356)
	at ptolemy.actor.Manager.run(Manager.java:1263)
	at ptolemy.actor.Manager$PtolemyRunThread.run(Manager.java:1933)
java.lang.reflect.InvocationTargetException
	at java.base/jdk.internal.reflect.NativeConstructorAccessorImpl.newInstance0(Native Method)
	at java.base/jdk.internal.reflect.NativeConstructorAccessorImpl.newInstance(NativeConstructorAccessorImpl.java:62)
	at java.base/jdk.internal.reflect.DelegatingConstructorAccessorImpl.newInstance(DelegatingConstructorAccessorImpl.java:45)
	at java.base/java.lang.reflect.Constructor.newInstance(Constructor.java:490)
	at ptolemy.util.test.junit.AutoKnownFailedTests.RunModel(AutoKnownFailedTests.java:105)
	at java.base/jdk.internal.reflect.NativeMethodAccessorImpl.invoke0(Native Method)
	at java.base/jdk.internal.reflect.NativeMethodAccessorImpl.invoke(NativeMethodAccessorImpl.java:62)
	at java.base/jdk.internal.reflect.DelegatingMethodAccessorImpl.invoke(DelegatingMethodAccessorImpl.java:43)
	at java.base/java.lang.reflect.Method.invoke(Method.java:566)
	at org.junit.runners.model.FrameworkMethod$1.runReflectiveCall(FrameworkMethod.java:44)
	at org.junit.internal.runners.model.ReflectiveCallable.run(ReflectiveCallable.java:15)
	at org.junit.runners.model.FrameworkMethod.invokeExplosively(FrameworkMethod.java:41)
	at junitparams.internal.InvokeParameterisedMethod.evaluate(InvokeParameterisedMethod.java:102)
	at org.junit.internal.runners.statements.FailOnTimeout$1.run(FailOnTimeout.java:28)
Caused by: ptolemy.kernel.util.IllegalActionException: SubscriberPorts cannot be used at the top level, use a Subscriber actor instead.
  in .PublisherSubscriberPortToplevel.SubscriberPort
	at ptolemy.actor.SubscriberPort.preinitialize(SubscriberPort.java:328)
	at ptolemy.actor.CompositeActor.preinitialize(CompositeActor.java:1769)
	at ptolemy.actor.Manager.preinitializeAndResolveTypes(Manager.java:1040)
	at ptolemy.actor.Manager.initialize(Manager.java:710)
	at ptolemy.actor.Manager.execute(Manager.java:356)
	at ptolemy.actor.Manager.run(Manager.java:1263)
	at ptolemy.actor.Manager$PtolemyRunThread.run(Manager.java:1933)
java.lang.RuntimeException: Execution failed
	at ptolemy.moml.MoMLSimpleApplication$UnloadThread.run(MoMLSimpleApplication.java:402)
Caused by: ptolemy.kernel.util.IllegalActionException: SubscriptionAggregatorPorts cannot be used at the top level, use a SubscriptionAggregator actor instead.
  in .PublisherSubscriptionAggregatorPort.SubscriptionAggregatorPort
	at ptolemy.actor.SubscriptionAggregatorPort.preinitialize(SubscriptionAggregatorPort.java:353)
	at ptolemy.actor.CompositeActor.preinitialize(CompositeActor.java:1769)
	at ptolemy.actor.Manager.preinitializeAndResolveTypes(Manager.java:1040)
	at ptolemy.actor.Manager.initialize(Manager.java:710)
	at ptolemy.actor.Manager.execute(Manager.java:356)
	at ptolemy.actor.Manager.run(Manager.java:1263)
	at ptolemy.actor.Manager$PtolemyRunThread.run(Manager.java:1933)
java.lang.reflect.InvocationTargetException
	at java.base/jdk.internal.reflect.NativeConstructorAccessorImpl.newInstance0(Native Method)
	at java.base/jdk.internal.reflect.NativeConstructorAccessorImpl.newInstance(NativeConstructorAccessorImpl.java:62)
	at java.base/jdk.internal.reflect.DelegatingConstructorAccessorImpl.newInstance(DelegatingConstructorAccessorImpl.java:45)
	at java.base/java.lang.reflect.Constructor.newInstance(Constructor.java:490)
	at ptolemy.util.test.junit.AutoKnownFailedTests.RunModel(AutoKnownFailedTests.java:105)
	at java.base/jdk.internal.reflect.NativeMethodAccessorImpl.invoke0(Native Method)
	at java.base/jdk.internal.reflect.NativeMethodAccessorImpl.invoke(NativeMethodAccessorImpl.java:62)
	at java.base/jdk.internal.reflect.DelegatingMethodAccessorImpl.invoke(DelegatingMethodAccessorImpl.java:43)
	at java.base/java.lang.reflect.Method.invoke(Method.java:566)
	at org.junit.runners.model.FrameworkMethod$1.runReflectiveCall(FrameworkMethod.java:44)
	at org.junit.internal.runners.model.ReflectiveCallable.run(ReflectiveCallable.java:15)
	at org.junit.runners.model.FrameworkMethod.invokeExplosively(FrameworkMethod.java:41)
	at junitparams.internal.InvokeParameterisedMethod.evaluate(InvokeParameterisedMethod.java:102)
	at org.junit.internal.runners.statements.FailOnTimeout$1.run(FailOnTimeout.java:28)
Caused by: ptolemy.kernel.util.IllegalActionException: SubscriptionAggregatorPorts cannot be used at the top level, use a SubscriptionAggregator actor instead.
  in .PublisherSubscriptionAggregatorPort.SubscriptionAggregatorPort
	at ptolemy.actor.SubscriptionAggregatorPort.preinitialize(SubscriptionAggregatorPort.java:353)
	at ptolemy.actor.CompositeActor.preinitialize(CompositeActor.java:1769)
	at ptolemy.actor.Manager.preinitializeAndResolveTypes(Manager.java:1040)
	at ptolemy.actor.Manager.initialize(Manager.java:710)
	at ptolemy.actor.Manager.execute(Manager.java:356)
	at ptolemy.actor.Manager.run(Manager.java:1263)
	at ptolemy.actor.Manager$PtolemyRunThread.run(Manager.java:1933)
java.lang.RuntimeException: Execution failed
	at ptolemy.moml.MoMLSimpleApplication$UnloadThread.run(MoMLSimpleApplication.java:402)
Caused by: ptolemy.kernel.util.IllegalActionException: TypeTest actor has no training data.
  in .sizedarray3.TypeTest
	at ptolemy.actor.lib.TypeTest.initialize(TypeTest.java:250)
	at ptolemy.actor.Director.initialize(Director.java:938)
	at ptolemy.actor.Director.initialize(Director.java:907)
	at ptolemy.actor.sched.StaticSchedulingDirector.initialize(StaticSchedulingDirector.java:159)
	at ptolemy.domains.sdf.kernel.SDFDirector.initialize(SDFDirector.java:544)
	at ptolemy.actor.CompositeActor.initialize(CompositeActor.java:935)
	at ptolemy.actor.Manager.initialize(Manager.java:724)
	at ptolemy.actor.Manager.execute(Manager.java:356)
	at ptolemy.actor.Manager.run(Manager.java:1263)
	at ptolemy.actor.Manager$PtolemyRunThread.run(Manager.java:1933)
java.lang.reflect.InvocationTargetException
	at java.base/jdk.internal.reflect.NativeConstructorAccessorImpl.newInstance0(Native Method)
	at java.base/jdk.internal.reflect.NativeConstructorAccessorImpl.newInstance(NativeConstructorAccessorImpl.java:62)
	at java.base/jdk.internal.reflect.DelegatingConstructorAccessorImpl.newInstance(DelegatingConstructorAccessorImpl.java:45)
	at java.base/java.lang.reflect.Constructor.newInstance(Constructor.java:490)
	at ptolemy.util.test.junit.AutoKnownFailedTests.RunModel(AutoKnownFailedTests.java:105)
	at java.base/jdk.internal.reflect.NativeMethodAccessorImpl.invoke0(Native Method)
	at java.base/jdk.internal.reflect.NativeMethodAccessorImpl.invoke(NativeMethodAccessorImpl.java:62)
	at java.base/jdk.internal.reflect.DelegatingMethodAccessorImpl.invoke(DelegatingMethodAccessorImpl.java:43)
	at java.base/java.lang.reflect.Method.invoke(Method.java:566)
	at org.junit.runners.model.FrameworkMethod$1.runReflectiveCall(FrameworkMethod.java:44)
	at org.junit.internal.runners.model.ReflectiveCallable.run(ReflectiveCallable.java:15)
	at org.junit.runners.model.FrameworkMethod.invokeExplosively(FrameworkMethod.java:41)
	at junitparams.internal.InvokeParameterisedMethod.evaluate(InvokeParameterisedMethod.java:102)
	at org.junit.internal.runners.statements.FailOnTimeout$1.run(FailOnTimeout.java:28)
Caused by: ptolemy.kernel.util.IllegalActionException: TypeTest actor has no training data.
  in .sizedarray3.TypeTest
	at ptolemy.actor.lib.TypeTest.initialize(TypeTest.java:250)
	at ptolemy.actor.Director.initialize(Director.java:938)
	at ptolemy.actor.Director.initialize(Director.java:907)
	at ptolemy.actor.sched.StaticSchedulingDirector.initialize(StaticSchedulingDirector.java:159)
	at ptolemy.domains.sdf.kernel.SDFDirector.initialize(SDFDirector.java:544)
	at ptolemy.actor.CompositeActor.initialize(CompositeActor.java:935)
	at ptolemy.actor.Manager.initialize(Manager.java:724)
	at ptolemy.actor.Manager.execute(Manager.java:356)
	at ptolemy.actor.Manager.run(Manager.java:1263)
	at ptolemy.actor.Manager$PtolemyRunThread.run(Manager.java:1933)
]]></system-err>
</testsuite>
