<?xml version="1.0" encoding="UTF-8" ?>
<testsuite errors="0" failures="0" hostname="travis-job-ead28e89-b6f2-440a-998a-f3988a993908" name="ptolemy.domains.de.test.junit.JUnitTclTest" skipped="0" tests="101" time="126.583" timestamp="2019-05-11T04:17:00">
  <properties>
    <property name="npm.executable" value="npm" />
    <property name="file.encoding.pkg" value="sun.io" />
    <property name="env.TRAVIS_ROOT" value="/" />
    <property name="ptII.mk.exists" value="true" />
    <property name="env.TRAVIS_APP_HOST" value="build.travis-ci.org" />
    <property name="env.rvm_bin_path" value="/home/travis/.rvm/bin" />
    <property name="java.home" value="/usr/lib/jvm/java-8-oracle/jre" />
    <property name="env.TRAVIS_JOB_NUMBER" value="1127.9" />
    <property name="env.TRAVIS_HOME" value="/home/travis" />
    <property name="env.DISPLAY" value=":99.0" />
    <property name="java.net.preferIPv4Stack" value="true" />
    <property name="env.TRAVIS_INIT" value="upstart" />
    <property name="env.SSH_TTY" value="/dev/pts/0" />
    <property name="env.RUN_TESTS" value="true" />
    <property name="timeout.short" value="1000000" />
    <property name="env.TRAVIS_JOB_NAME" value="" />
    <property name="env.TRAVIS_STACK_NODE_ATTRIBUTES" value="/.node-attributes.yml" />
    <property name="junit.formatter" value="xml" />
    <property name="java.endorsed.dirs" value="/usr/lib/jvm/java-8-oracle/jre/lib/endorsed" />
    <property name="env.TRAVIS_SUDO" value="true" />
    <property name="env.LOGNAME" value="travis" />
    <property name="jsdoc.home" value="node_modules/@terraswarm/jsdoc" />
    <property name="debuglevel" value="source,lines,vars" />
    <property name="checkstyle.formatter" value="xml" />
    <property name="bin.vergil.makeable" value="true" />
    <property name="env._system_version" value="14.04" />
    <property name="sun.os.patch.level" value="unknown" />
    <property name="java.vendor.url" value="http://java.oracle.com/" />
    <property name="env.TRAVIS_BUILD_WEB_URL" value="https://travis-ci.org/icyphy/ptII/builds/531026943" />
    <property name="java.version" value="1.8.0_151" />
    <property name="env.TZ" value="UTC" />
    <property name="env.PT_NO_NET" value="true" />
    <property name="env.TRAVIS_PULL_REQUEST_SHA" value="" />
    <property name="env.TRAVIS_SECURE_ENV_VARS" value="true" />
    <property name="env._system_type" value="Linux" />
    <property name="java.vendor.url.bug" value="http://bugreport.sun.com/bugreport/" />
    <property name="env.SSH_CLIENT" value="10.10.19.219 34516 22" />
    <property name="npmjs-org-is-up" value="true" />
    <property name="env.GEM_HOME" value="/home/travis/.rvm/gems/ruby-2.4.1" />
    <property name="env.HAS_ANTARES_THREE_LITTLE_FRONZIES_BADGE" value="true" />
    <property name="env.PS4" value="+" />
    <property name="ant.project.invoked-targets" value="build,test.core2.xml" />
    <property name="env.TRAVIS_PULL_REQUEST_BRANCH" value="" />
    <property name="env.TRAVIS_REPO_SLUG" value="icyphy/ptII" />
    <property name="env.TRAVIS_APT_PROXY" value="http://build-cache.travisci.net" />
    <property name="node.in.path" value="true" />
    <property name="java.maxmemory" value="1400m" />
    <property name="env.RUBY_VERSION" value="ruby-2.4.1" />
    <property name="user.name" value="travis" />
    <property name="env.LANG" value="en_US.UTF-8" />
    <property name="sun.io.unicode.encoding" value="UnicodeLittle" />
    <property name="sun.jnu.encoding" value="UTF-8" />
    <property name="java.runtime.name" value="Java(TM) SE Runtime Environment" />
    <property name="usefile" value="false" />
    <property name="return.code" value="0" />
    <property name="junit.single.formatter" value="plain" />
    <property name="env.DYLD_LIBRARY_PATH" value="/home/travis/pthla/certi-tools/lib:" />
    <property name="env.DEBIAN_FRONTEND" value="noninteractive" />
    <property name="env.SSH_CONNECTION" value="10.10.19.219 34516 10.20.0.195 22" />
    <property name="env.MYSQL_UNIX_PORT" value="/var/run/mysqld/mysqld.sock" />
    <property name="env.TRAVIS_ALLOW_FAILURE" value="false" />
    <property name="env.LC_ALL" value="en_US.UTF-8" />
    <property name="env.TRAVIS_JOB_WEB_URL" value="https://travis-ci.org/icyphy/ptII/jobs/531026952" />
    <property name="java.specification.name" value="Java Platform API Specification" />
    <property name="node.works" value="true" />
    <property name="user.timezone" value="" />
    <property name="path.separator" value=":" />
    <property name="env.TRAVIS_ENABLE_INFRA_DETECTION" value="true" />
    <property name="env.PYTHON_CFLAGS" value="-g -fstack-protector --param=ssp-buffer-size=4 -Wformat -Werror=format-security" />
    <property name="timeout.long" value="4000000" />
    <property name="env.CERTI_HOME" value="/home/travis/pthla/certi-tools" />
    <property name="file.encoding" value="UTF-8" />
    <property name="ant.file.ptII" value="/home/travis/build/icyphy/ptII/build.xml" />
    <property name="javadoc.packagenames" value="com.*,diva.*,lbnl.*,org.hlacerti.*,org.json.*,org.ptolemy.*,org.terraswarm.*,ptolemy.*,ptserver.*" />
    <property name="env.TRAVIS_PULL_REQUEST_SLUG" value="" />
    <property name="ant.project.default-target" value="build" />
    <property name="env.GIT_ASKPASS" value="echo" />
    <property name="env.HOME" value="/home/travis" />
    <property name="sun.java.command" value="org.apache.tools.ant.taskdefs.optional.junit.JUnitTestRunner ptolemy.domains.de.test.junit.JUnitTclTest skipNonTests=false filtertrace=true haltOnError=false haltOnFailure=false formatter=org.apache.tools.ant.taskdefs.optional.junit.OutErrSummaryJUnitResultFormatter showoutput=true outputtoformatters=true logfailedtests=true threadid=0 logtestlistenerevents=false formatter=org.apache.tools.ant.taskdefs.optional.junit.XMLJUnitResultFormatter,/home/travis/build/icyphy/ptII/reports/junit/TEST-ptolemy.domains.de.test.junit.JUnitTclTest.xml crashfile=/home/travis/build/icyphy/ptII/junitvmwatcher4495239536595236772.properties propsfile=/home/travis/build/icyphy/ptII/junit5101491586631984491.properties" />
    <property name="env.MANPATH" value="/home/travis/.nvm/versions/node/v7.10.1/share/man:/home/travis/.kiex/elixirs/elixir-1.4.5/man:/home/travis/.rvm/rubies/ruby-2.4.1/share/man:/usr/local/man:/usr/local/cmake-3.9.2/man:/usr/local/clang-5.0.0/share/man:/usr/local/share/man:/usr/share/man:/home/travis/.rvm/man" />
    <property name="env.COMPOSER_NO_INTERACTION" value="1" />
    <property name="env.JDK_SWITCHER_DEFAULT" value="oraclejdk8" />
    <property name="env.TRAVIS_TIMER_ID" value="04e810f0" />
    <property name="ant.file" value="/home/travis/build/icyphy/ptII/build.xml" />
    <property name="env.TRAVIS_COMMIT_RANGE" value="1588380d5a0cb681557566111709d60c983d08cd...25358e19e906f8e9155807d44808777cd5710b63" />
    <property name="env._system_name" value="Ubuntu" />
    <property name="timeout" value="2400000" />
    <property name="ptII.classpath.optional.property" value="/home/travis/build/icyphy/ptII/lib/bsh-2.0b4.jar:/home/travis/build/icyphy/ptII/lib/ptCal.jar:/home/travis/build/icyphy/ptII/lib/java_cup.jar:/home/travis/build/icyphy/ptII/lib/saxon8.jar:/home/travis/build/icyphy/ptII/lib/saxon8-dom.jar:/home/travis/build/icyphy/ptII/lib/chic.jar:/home/travis/build/icyphy/ptII/lib/ptcolt.jar:/usr/lib/jvm/java-8-oracle/lib/tools.jar:/home/travis/build/icyphy/ptII/vendors/misc/itext/iText.jar:/home/travis/build/icyphy/ptII/lib/g4ltl.jar:/home/travis/build/icyphy/ptII/lib/StructuralCoder.jar:/home/travis/build/icyphy/ptII/vendors/jai-1_1_2_01/lib/jai_core.jar:/home/travis/build/icyphy/ptII/vendors/jai-1_1_2_01/lib/jai_codec.jar:/home/travis/build/icyphy/ptII/lib/jcerti.jar:/home/travis/build/icyphy/ptII/lib/javax.mail.jar:/home/travis/build/icyphy/ptII/vendors/JMF-2.1.1e/lib/jmf.jar:/home/travis/build/icyphy/ptII/lib/jna-4.0.0-variadic.jar:/home/travis/build/icyphy/ptII/vendors/misc/joystick/Joystick.jar:/home/travis/build/icyphy/ptII/lib/ptjacl.jar:/home/travis/build/icyphy/ptII/lib/jsoup-1.8.2.jar:/home/travis/build/icyphy/ptII/lib/junit-4.8.2.jar:/home/travis/build/icyphy/ptII/lib/JUnitParams-0.4.0.jar:/home/travis/build/icyphy/ptII/ptolemy/actor/lib/excel/jxl.jar:/home/travis/build/icyphy/ptII/lib/jython.jar:/home/travis/build/icyphy/ptII/lib/kieler.jar:/home/travis/build/icyphy/ptII/vendors/opencv/share/OpenCV/java/opencv-341.jar:/home/travis/build/icyphy/ptII/lib/oscP5.jar:/home/travis/build/icyphy/ptII/lib/nrjavaserial-3.11.0.devel.jar:/home/travis/build/icyphy/ptII/vendors/j3d/lib/j3dcore.jar:/home/travis/build/icyphy/ptII/vendors/j3d/lib/j3dutils.jar:/home/travis/build/icyphy/ptII/vendors/j3d/lib/vecmath.jar:/home/travis/build/icyphy/ptII/ptolemy/distributed/jini/jar/jini-core.jar:/home/travis/build/icyphy/ptII/ptolemy/distributed/jini/jar/jini-ext.jar:/home/travis/build/icyphy/ptII/ptolemy/distributed/jini/jar/sun-util.jar:/home/travis/build/icyphy/ptII/lib/protobuf-java-2.4.1.jar:/home/travis/build/icyphy/ptII/lib/org.eclipse.paho.client.mqttv3.jar:/home/travis/build/icyphy/ptII/lib/mapss.jar:/home/travis/build/icyphy/ptII/ptolemy/actor/ptalon/antlr/antlr.jar:/home/travis/build/icyphy/ptII/lib/JRI.jar:/home/travis/build/icyphy/ptII/lib/commons-lang-2.6.jar:/home/travis/build/icyphy/ptII/lib/commons-logging-1.1.1.jar:/home/travis/build/icyphy/ptII/lib/sootclasses.jar:/home/travis/build/icyphy/ptII/ptolemy/actor/lib/database/mysql-connector-java-5.1.6-bin.jar:/home/travis/build/icyphy/ptII/vendors/misc/sphinx4/sphinx4-data-5prealpha.jar:/home/travis/build/icyphy/ptII/vendors/misc/sphinx4/sphinx4-core-5prealpha.jar:/home/travis/build/icyphy/ptII/lib/PDFRenderer.jar:/home/travis/build/icyphy/ptII/lib/svgSalamander.jar:/home/travis/build/icyphy/ptII/lib/rsyntaxtextarea-2.6.0-SNAPSHOT.jar:/home/travis/build/icyphy/ptII/lib/hazelcast-3.8.2.jar:/home/travis/build/icyphy/ptII/lib/jackson-annotations-2.9.0.jar:/home/travis/build/icyphy/ptII/lib/jackson-core-2.9.3.jar:/home/travis/build/icyphy/ptII/lib/jackson-databind-2.9.3.jar:/home/travis/build/icyphy/ptII/lib/netty-buffer-4.1.19.Final.jar:/home/travis/build/icyphy/ptII/lib/netty-codec-4.1.19.Final.jar:/home/travis/build/icyphy/ptII/lib/netty-codec-dns-4.1.19.Final.jar:/home/travis/build/icyphy/ptII/lib/netty-codec-http-4.1.19.Final.jar:/home/travis/build/icyphy/ptII/lib/netty-codec-http2-4.1.19.Final.jar:/home/travis/build/icyphy/ptII/lib/netty-common-4.1.19.Final.jar:/home/travis/build/icyphy/ptII/lib/netty-handler-4.1.19.Final.jar:/home/travis/build/icyphy/ptII/lib/netty-resolver-4.1.19.Final.jar:/home/travis/build/icyphy/ptII/lib/netty-resolver-dns-4.1.19.Final.jar:/home/travis/build/icyphy/ptII/lib/netty-transport-4.1.19.Final.jar:/home/travis/build/icyphy/ptII/lib/vertx-codegen-3.5.1.jar:/home/travis/build/icyphy/ptII/lib/vertx-core-3.5.2-SNAPSHOT.jar:/home/travis/build/icyphy/ptII/lib/vertx-hazelcast-3.5.1.jar:/home/travis/build/icyphy/ptII/lib/vertx-lang-js-3.5.1.jar:/home/travis/build/icyphy/ptII/lib/vertx-service-proxy-3.5.1.jar:/home/travis/build/icyphy/ptII/lib/vertx-web-3.5.1.jar:/home/travis/build/icyphy/ptII/lib/slf4j-api-1.7.13.jar:/home/travis/build/icyphy/ptII/lib/slf4j-simple-1.7.13.jar:/home/travis/build/icyphy/ptII/lib/webcam-capture-0.3.12.jar:/home/travis/build/icyphy/ptII/lib/bridj-0.7.0.jar:/home/travis/build/icyphy/ptII/lib/xbjlib-1.1.0.nrjavaserial.jar" />
    <property name="test.batch" value="**/junit/*.java" />
    <property name="env._" value="/usr/bin/timeout" />
    <property name="java.io.tmpdir" value="/tmp" />
    <property name="env.TRAVIS_INTERNAL_RUBY_REGEX" value="^ruby-(2\.[0-4]\.[0-9]|1\.9\.3)" />
    <property name="user.language" value="en" />
    <property name="env.HISTCONTROL" value="ignoredups:ignorespace" />
    <property name="env.GOROOT" value="/home/travis/.gimme/versions/go1.7.4.linux.amd64" />
    <property name="line.separator" value="&#xa;" />
    <property name="target" value="1.8" />
    <property name="env.TRAVIS_BUILD_DIR" value="/home/travis/build/icyphy/ptII" />
    <property name="env.ANT_OPTS" value="-Xmx2048m" />
    <property name="ant.file.type" value="file" />
    <property name="ptolemy.ptII.batchMode" value="true" />
    <property name="env.HISTSIZE" value="1000" />
    <property name="env.MERB_ENV" value="test" />
    <property name="java.vm.info" value="mixed mode" />
    <property name="source" value="1.8" />
    <property name="java.vm.specification.name" value="Java Virtual Machine Specification" />
    <property name="env.TRAVIS_TEST_RESULT" value="0" />
    <property name="jsdoc.command" value="node_modules/@terraswarm/jsdoc/jsdoc.js" />
    <property name="npm.works" value="true" />
    <property name="cobertura.dir" value="/home/travis/build/icyphy/ptII/vendors/cobertura-2.0.3" />
    <property name="env.rvm_path" value="/home/travis/.rvm" />
    <property name="env.GEM_PATH" value="/home/travis/.rvm/gems/ruby-2.4.1:/home/travis/.rvm/gems/ruby-2.4.1@global" />
    <property name="env.LC_CTYPE" value="en_US.UTF-8" />
    <property name="java.awt.printerjob" value="sun.print.PSPrinterJob" />
    <property name="env.TRAVIS_CMD" value="$PTII/bin/ptIITravisBuild.sh $SECONDS" />
    <property name="env.TRAVIS_STACK_NAME" value="garnet" />
    <property name="env.TRAVIS_TIMER_START_TIME" value="1557547714555493908" />
    <property name="ant.version" value="Apache Ant(TM) version 1.10.1 compiled on February 2 2017" />
    <property name="ptII.reports" value="/home/travis/build/icyphy/ptII/reports" />
    <property name="env.TRAVIS_STACK_TIMESTAMP" value="2017-12-05 19:33:09 UTC" />
    <property name="ant.file.type.ptII" value="file" />
    <property name="env.RBENV_SHELL" value="bash" />
    <property name="os.name" value="Linux" />
    <property name="java.specification.vendor" value="Oracle Corporation" />
    <property name="env.rvm_version" value="1.29.3 (latest)" />
    <property name="env.TRAVIS_INFRA" value="gce" />
    <property name="env.TERM" value="xterm" />
    <property name="java.vm.name" value="Java HotSpot(TM) 64-Bit Server VM" />
    <property name="env.TRAVIS_BUILD_NUMBER" value="1127" />
    <property name="env.CI" value="true" />
    <property name="java.library.path" value="/home/travis/pthla/certi-tools/lib:/usr/lib/jni:/usr/local/share/OpenCV/java/:/usr/share/OpenCV/java::/usr/java/packages/lib/amd64:/usr/lib64:/lib64:/lib:/usr/lib" />
    <property name="env.rvm_prefix" value="/home/travis" />
    <property name="env.PATH" value="/home/travis/pthla/certi-tools/share/scripts:/home/travis/.rvm/gems/ruby-2.4.1/bin:/home/travis/.rvm/gems/ruby-2.4.1@global/bin:/home/travis/.rvm/rubies/ruby-2.4.1/bin:/home/travis/.rvm/bin:/home/travis/.nvm/versions/node/v7.10.1/bin:./node_modules/.bin:/home/travis/build/icyphy/ptII/bin:/home/travis/pthla/certi-tools/bin:/home/travis/bin:/home/travis/.local/bin:/opt/pyenv/shims:/home/travis/.phpenv/shims:/home/travis/perl5/perlbrew/bin:/home/travis/.kiex/elixirs/elixir-1.4.5/bin:/home/travis/.kiex/bin:/home/travis/gopath/bin:/home/travis/.gimme/versions/go1.7.4.linux.amd64/bin:/usr/local/phantomjs/bin:/usr/local/phantomjs:/usr/local/neo4j-3.2.7/bin:/usr/local/maven-3.5.2/bin:/usr/local/cmake-3.9.2/bin:/usr/local/clang-5.0.0/bin:/usr/local/sbin:/usr/local/bin:/usr/sbin:/usr/bin:/sbin:/bin:/home/travis/.phpenv/bin:/opt/pyenv/bin:/home/travis/.yarn/bin" />
    <property name="env.TRAVIS_OS_NAME" value="linux" />
    <property name="ant.java.version" value="1.8" />
    <property name="basedir" value="/home/travis/build/icyphy/ptII" />
    <property name="java.class.version" value="52.0" />
    <property name="env.SHLVL" value="3" />
    <property name="env.LD_LIBRARY_PATH" value="/home/travis/pthla/certi-tools/lib:/usr/lib/jni:/usr/local/share/OpenCV/java/:/usr/share/OpenCV/java:" />
    <property name="env.RACK_ENV" value="test" />
    <property name="ant.home" value="/home/travis/build/icyphy/ptII/ant" />
    <property name="env.PERLBREW_BASHRC_VERSION" value="0.80" />
    <property name="env.NVM_DIR" value="/home/travis/.nvm" />
    <property name="env.TRAVIS_BUILD_ID" value="531026943" />
    <property name="env.CERTI_FOM_PATH" value="/home/travis/pthla/certi-tools/share/federations" />
    <property name="env.PYENV_ROOT" value="/opt/pyenv" />
    <property name="env.TRAVIS_UID" value="2000" />
    <property name="env.rvm_pretty_print_flag" value="auto" />
    <property name="env.NVM_BIN" value="/home/travis/.nvm/versions/node/v7.10.1/bin" />
    <property name="env.TRAVIS_COMMIT" value="25358e19e906f8e9155807d44808777cd5710b63" />
    <property name="env._system_arch" value="x86_64" />
    <property name="node.executable" value="node" />
    <property name="sun.boot.library.path" value="/usr/lib/jvm/java-8-oracle/jre/lib/amd64" />
    <property name="sun.management.compiler" value="HotSpot 64-Bit Tiered Compilers" />
    <property name="env.GOPATH" value="/home/travis/gopath" />
    <property name="java.awt.graphicsenv" value="sun.awt.X11GraphicsEnvironment" />
    <property name="ptolemy.ptII.dir" value="/home/travis/build/icyphy/ptII" />
    <property name="env.USER" value="travis" />
    <property name="env.HISTFILESIZE" value="2000" />
    <property name="timeout.longest" value="19000000" />
    <property name="env.TRAVIS_STACK_FEATURES" value="basic cassandra chromium couchdb disabled-ipv6 docker docker-compose elasticsearch firefox go-toolchain google-chrome jdk memcached mongodb mysql neo4j nodejs_interpreter perl_interpreter perlbrew phantomjs postgresql python_interpreter rabbitmq redis riak ruby_interpreter sqlite xserver" />
    <property name="env.TRAVIS_PULL_REQUEST" value="false" />
    <property name="env.PYENV_SHELL" value="bash" />
    <property name="ant.project.name" value="ptII" />
    <property name="java.vm.specification.version" value="1.8" />
    <property name="env.ANSI_RESET" value="\033[0m" />
    <property name="env.TRAVIS_DIST" value="trusty" />
    <property name="env.CERTI_VERSION" value="4.0.0" />
    <property name="env.NLSPATH" value="/usr/dt/lib/nls/msg/%L/%N.cat" />
    <property name="awt.toolkit" value="sun.awt.X11.XToolkit" />
    <property name="env.CERTI_HOST" value="localhost" />
    <property name="env.MY_RUBY_HOME" value="/home/travis/.rvm/rubies/ruby-2.4.1" />
    <property name="sun.cpu.isalist" value="" />
    <property name="env.TRAVIS_TMPDIR" value="/tmp/tmp.YTHmTHPe6b" />
    <property name="java.ext.dirs" value="/usr/lib/jvm/java-8-oracle/jre/lib/ext:/usr/java/packages/lib/ext" />
    <property name="os.version" value="4.4.0-101-generic" />
    <property name="user.home" value="/home/travis" />
    <property name="env.MIX_ARCHIVES" value="/home/travis/.kiex/mix/elixir-1.4.5" />
    <property name="java.vm.vendor" value="Oracle Corporation" />
    <property name="env.TRAVIS_TAG" value="nightly" />
    <property name="env.ANSI_YELLOW" value="\033[33;1m" />
    <property name="env.TRAVIS_FILTERED" value="redirect_io" />
    <property name="env.ANSI_GREEN" value="\033[32;1m" />
    <property name="env.JAVA_HOME" value="/usr/lib/jvm/java-8-oracle" />
    <property name="env.PTII" value="/home/travis/build/icyphy/ptII" />
    <property name="javadoc.excludepackagenames" value="adm.cvs2svn.*,build.*,config.*,doc.coding.templates.*,jni.test.jni.meaningOfLife.*,jni.test.jni.testDeux.*,jni.test.jni.testTrois.*,org.terraswarm.accessor.accessors.web.node_modules.*,org.terraswarm.accessor.accessors.web.hosts.cordova.demo.*,org.terraswarm.accessor.accessors.web.hosts.cordova.plugins.*,org.terraswarm.accessor.accessors-svn.*,pt-modules.*,ptolemy.apps.agilent.*,ptolemy.apps.anytimecontrol.*,ptolemy.apps.apes.*,ptolemy.apps.charon.*,ptolemy.apps.crazyboard.*,ptolemy.apps.eclipse.*,ptolemy.apps.etherealSting.*,ptolemy.apps.fullscreen.*,ptolemy.apps.giotto.*,ptolemy.apps.ia.*,ptolemy.apps.interfaces.*,ptolemy.apps.jmf.*,ptolemy.apps.kurt.*,ptolemy.apps.kvm.*,ptolemy.apps.lego.*,ptolemy.apps.lejos.*,ptolemy.apps.midp.*,ptolemy.apps.mobileCoding.*,ptolemy.apps.pendulum.*,ptolemy.apps.rijndael.*,ptolemy.apps.robot.*,ptolemy.apps.security.*,ptolemy.apps.sobel.*,ptolemy.apps.soot.*,ptolemy.apps.throttle.*,ptolemy.apps.tini.*,ptolemy.apps.transmission.*,ptolemy.apps.vergil.*,ptolemy.apps.waba.*,ptolemy.apps.websensor.*,ptolemy.apps.webstart.*,ptolemy.apps.xsl.*,ptolemy.apps.zaurus.*,ptolemy.codegen.c.actor.lib.oldJavaFiles.*,ptolemy.codegen.dsp.lib.*,ptolemy.codegen.kernel.newInterfaces.*,ptolemy.codegen.lib.*,ptolemy.copernicus.kernel.fragment.*,ptolemy.copernicus.shallow.cg.*,ptolemy.domains.giotto.demo.Hierarchy.Hierarchy.*,ptolemy.domains.giotto.demo.Multimode.Multimode.*,ptolemy.domains.giotto.demo.Simple.Simple.*,ptolemy.domains.gr.lib.experimental.*,ptolemy.domains.gro.*,ptolemy.domains.pdf.*,ptolemy.domains.ptinyos.demo.Surge.output.*,ptolemy.moml.test.NoPackageActor.java*,ptolemy.plot.adm.*,ptolemy.plot.servlet.*,reports.*,signed.*,src.*,target.*,vendors.*,ptolemy.apps.eclipse.awt.*,ptolemy.backtrack.*,ptolemy.backtrack.ast.*,ptolemy.cg.adapter.generic.program.procedural.c.mbed*,ptolemy.homer.*,org.ptolemy.scala.*,diva.util.java2d.svg.*,ptolemy.domains.ptinyos.*,ptolemy.actor.lib.fmi.fmipp.*,,org.terraswarm.accessor.accessors.web.node_modules.*,org.terraswarm.accessor.accessors-svn,ptolemy.apps.*,ptolemy.actor.ptalon.demo.ptinyos.SendAndReceiveCnt.output,ptolemy.actor.ptalon.demo.ptinyos.SenseToLeds.output,ptolemy.domains.ptinyos.demo.CntToLedsAndRfm.output,ptolemy.domains.ptinyos.demo.RfmToLeds.output,ptolemy.domains.ptinyos.demo.SendAndReceiveCnt.output,ptolemy.domains.ptinyos.demo.SenseToLeds.output,ptolemy.actor.lib.jjs.modules.udpSocket.*" />
    <property name="env.TRAVIS_COMMIT_MESSAGE" value="Used undocumented tick(min, max) function" />
    <property name="keystore" value="ptKeystore" />
    <property name="env.XDG_SESSION_ID" value="2" />
    <property name="junit.output.dir" value="/home/travis/build/icyphy/ptII/reports/junit" />
    <property name="npm.return.code" value="0" />
    <property name="user.dir" value="/home/travis/build/icyphy/ptII/ptolemy/domains/de/test" />
    <property name="env.TRAVIS_NODE_VERSION" value="7" />
    <property name="env.XFILESEARCHPATH" value="/usr/dt/app-defaults/%L/Dt" />
    <property name="env.TRAVIS_EVENT_TYPE" value="cron" />
    <property name="env.MAIL" value="/var/mail/travis" />
    <property name="env.PWD" value="/home/travis/build/icyphy/ptII" />
    <property name="env.PERLBREW_ROOT" value="/home/travis/perl5/perlbrew" />
    <property name="timeout.npm" value="45000" />
    <property name="env.PT_TRAVIS_TEST_CORE2_XML" value="true" />
    <property name="env.TRAVIS_ARCH" value="amd64" />
    <property name="env.PAGER" value="cat" />
    <property name="sun.cpu.endian" value="little" />
    <property name="env.TRAVIS_BUILD_STAGE_NAME" value="Test" />
    <property name="env.PERLBREW_HOME" value="/home/travis/.perlbrew" />
    <property name="env.RAILS_ENV" value="test" />
    <property name="java.vm.version" value="25.151-b12" />
    <property name="java.class.path" value="/home/travis/build/icyphy/ptII:/home/travis/build/icyphy/ptII/lib/bsh-2.0b4.jar:/home/travis/build/icyphy/ptII/lib/ptCal.jar:/home/travis/build/icyphy/ptII/lib/java_cup.jar:/home/travis/build/icyphy/ptII/lib/saxon8.jar:/home/travis/build/icyphy/ptII/lib/saxon8-dom.jar:/home/travis/build/icyphy/ptII/lib/chic.jar:/home/travis/build/icyphy/ptII/lib/ptcolt.jar:/usr/lib/jvm/java-8-oracle/lib/tools.jar:/home/travis/build/icyphy/ptII/vendors/misc/itext/iText.jar:/home/travis/build/icyphy/ptII/lib/g4ltl.jar:/home/travis/build/icyphy/ptII/lib/StructuralCoder.jar:/home/travis/build/icyphy/ptII/vendors/jai-1_1_2_01/lib/jai_core.jar:/home/travis/build/icyphy/ptII/vendors/jai-1_1_2_01/lib/jai_codec.jar:/home/travis/build/icyphy/ptII/lib/jcerti.jar:/home/travis/build/icyphy/ptII/lib/javax.mail.jar:/home/travis/build/icyphy/ptII/vendors/JMF-2.1.1e/lib/jmf.jar:/home/travis/build/icyphy/ptII/lib/jna-4.0.0-variadic.jar:/home/travis/build/icyphy/ptII/vendors/misc/joystick/Joystick.jar:/home/travis/build/icyphy/ptII/lib/ptjacl.jar:/home/travis/build/icyphy/ptII/lib/jsoup-1.8.2.jar:/home/travis/build/icyphy/ptII/lib/junit-4.8.2.jar:/home/travis/build/icyphy/ptII/lib/JUnitParams-0.4.0.jar:/home/travis/build/icyphy/ptII/ptolemy/actor/lib/excel/jxl.jar:/home/travis/build/icyphy/ptII/lib/jython.jar:/home/travis/build/icyphy/ptII/lib/kieler.jar:/home/travis/build/icyphy/ptII/vendors/opencv/share/OpenCV/java/opencv-341.jar:/home/travis/build/icyphy/ptII/lib/oscP5.jar:/home/travis/build/icyphy/ptII/lib/nrjavaserial-3.11.0.devel.jar:/home/travis/build/icyphy/ptII/vendors/j3d/lib/j3dcore.jar:/home/travis/build/icyphy/ptII/vendors/j3d/lib/j3dutils.jar:/home/travis/build/icyphy/ptII/vendors/j3d/lib/vecmath.jar:/home/travis/build/icyphy/ptII/ptolemy/distributed/jini/jar/jini-core.jar:/home/travis/build/icyphy/ptII/ptolemy/distributed/jini/jar/jini-ext.jar:/home/travis/build/icyphy/ptII/ptolemy/distributed/jini/jar/sun-util.jar:/home/travis/build/icyphy/ptII/lib/protobuf-java-2.4.1.jar:/home/travis/build/icyphy/ptII/lib/org.eclipse.paho.client.mqttv3.jar:/home/travis/build/icyphy/ptII/lib/mapss.jar:/home/travis/build/icyphy/ptII/ptolemy/actor/ptalon/antlr/antlr.jar:/home/travis/build/icyphy/ptII/lib/JRI.jar:/home/travis/build/icyphy/ptII/lib/commons-lang-2.6.jar:/home/travis/build/icyphy/ptII/lib/commons-logging-1.1.1.jar:/home/travis/build/icyphy/ptII/lib/sootclasses.jar:/home/travis/build/icyphy/ptII/ptolemy/actor/lib/database/mysql-connector-java-5.1.6-bin.jar:/home/travis/build/icyphy/ptII/vendors/misc/sphinx4/sphinx4-data-5prealpha.jar:/home/travis/build/icyphy/ptII/vendors/misc/sphinx4/sphinx4-core-5prealpha.jar:/home/travis/build/icyphy/ptII/lib/PDFRenderer.jar:/home/travis/build/icyphy/ptII/lib/svgSalamander.jar:/home/travis/build/icyphy/ptII/lib/rsyntaxtextarea-2.6.0-SNAPSHOT.jar:/home/travis/build/icyphy/ptII/lib/hazelcast-3.8.2.jar:/home/travis/build/icyphy/ptII/lib/jackson-annotations-2.9.0.jar:/home/travis/build/icyphy/ptII/lib/jackson-core-2.9.3.jar:/home/travis/build/icyphy/ptII/lib/jackson-databind-2.9.3.jar:/home/travis/build/icyphy/ptII/lib/netty-buffer-4.1.19.Final.jar:/home/travis/build/icyphy/ptII/lib/netty-codec-4.1.19.Final.jar:/home/travis/build/icyphy/ptII/lib/netty-codec-dns-4.1.19.Final.jar:/home/travis/build/icyphy/ptII/lib/netty-codec-http-4.1.19.Final.jar:/home/travis/build/icyphy/ptII/lib/netty-codec-http2-4.1.19.Final.jar:/home/travis/build/icyphy/ptII/lib/netty-common-4.1.19.Final.jar:/home/travis/build/icyphy/ptII/lib/netty-handler-4.1.19.Final.jar:/home/travis/build/icyphy/ptII/lib/netty-resolver-4.1.19.Final.jar:/home/travis/build/icyphy/ptII/lib/netty-resolver-dns-4.1.19.Final.jar:/home/travis/build/icyphy/ptII/lib/netty-transport-4.1.19.Final.jar:/home/travis/build/icyphy/ptII/lib/vertx-codegen-3.5.1.jar:/home/travis/build/icyphy/ptII/lib/vertx-core-3.5.2-SNAPSHOT.jar:/home/travis/build/icyphy/ptII/lib/vertx-hazelcast-3.5.1.jar:/home/travis/build/icyphy/ptII/lib/vertx-lang-js-3.5.1.jar:/home/travis/build/icyphy/ptII/lib/vertx-service-proxy-3.5.1.jar:/home/travis/build/icyphy/ptII/lib/vertx-web-3.5.1.jar:/home/travis/build/icyphy/ptII/lib/slf4j-api-1.7.13.jar:/home/travis/build/icyphy/ptII/lib/slf4j-simple-1.7.13.jar:/home/travis/build/icyphy/ptII/lib/webcam-capture-0.3.12.jar:/home/travis/build/icyphy/ptII/lib/bridj-0.7.0.jar:/home/travis/build/icyphy/ptII/lib/xbjlib-1.1.0.nrjavaserial.jar:/home/travis/build/icyphy/ptII/ptolemy/moml/test:/home/travis/build/icyphy/ptII/ant/lib/ant-launcher.jar:/home/travis/build/icyphy/ptII/ant/lib/ant.jar:/home/travis/build/icyphy/ptII/ant/lib/ant-junit.jar:/home/travis/build/icyphy/ptII/ant/lib/ant-junit4.jar" />
    <property name="ant.library.dir" value="/home/travis/build/icyphy/ptII/ant/lib" />
    <property name="os.arch" value="amd64" />
    <property name="env.TRAVIS_LANGUAGE" value="node_js" />
    <property name="env.CONTINUOUS_INTEGRATION" value="true" />
    <property name="env.TRAVIS_STACK_LANGUAGES" value="__garnet__ c c++ clojure cplusplus cpp default go groovy java node_js php pure_java python ruby scala" />
    <property name="test.name" value="ptolemy.actor.lib.test.junit.JUnitTclTest" />
    <property name="sun.java.launcher" value="SUN_STANDARD" />
    <property name="env.PYTHON_CONFIGURE_OPTS" value="--enable-unicode=ucs4 --with-wide-unicode --enable-shared --enable-ipv6 --enable-loadable-sqlite-extensions --with-computed-gotos" />
    <property name="ant.core.lib" value="/home/travis/build/icyphy/ptII/ant/lib/ant.jar" />
    <property name="java.vm.specification.vendor" value="Oracle Corporation" />
    <property name="env.BCVTB_HOME" value="/home/travis/build/icyphy/ptII/lbnl" />
    <property name="file.separator" value="/" />
    <property name="spotbugs.home" value="/home/travis/build/icyphy/ptII/vendors/spotbugs-3.1.1" />
    <property name="java.runtime.version" value="1.8.0_151-b12" />
    <property name="sun.boot.class.path" value="/usr/lib/jvm/java-8-oracle/jre/lib/resources.jar:/usr/lib/jvm/java-8-oracle/jre/lib/rt.jar:/usr/lib/jvm/java-8-oracle/jre/lib/sunrsasign.jar:/usr/lib/jvm/java-8-oracle/jre/lib/jsse.jar:/usr/lib/jvm/java-8-oracle/jre/lib/jce.jar:/usr/lib/jvm/java-8-oracle/jre/lib/charsets.jar:/usr/lib/jvm/java-8-oracle/jre/lib/jfr.jar:/usr/lib/jvm/java-8-oracle/jre/classes" />
    <property name="env.ANSI_CLEAR" value="\033[0K" />
    <property name="env.HAS_JOSH_K_SEAL_OF_APPROVAL" value="true" />
    <property name="env.XDG_RUNTIME_DIR" value="/run/user/2000" />
    <property name="env.TRAVIS_OSX_IMAGE" value="" />
    <property name="env.TRAVIS_BRANCH" value="master" />
    <property name="env.TRAVIS_JOB_ID" value="531026952" />
    <property name="user.country" value="US" />
    <property name="env.CERTI_HOME_TRAVIS" value="/home/travis/pthla/certi-tools" />
    <property name="env.SHELL" value="/bin/bash" />
    <property name="java.maxmemory.large" value="5000m" />
    <property name="model" value="" />
    <property name="env.CASHER_DIR" value="/home/travis/.casher" />
    <property name="env.NVM_CD_FLAGS" value="" />
    <property name="jshint.executable" value="/home/travis/node_modules/jshint/bin/jshint" />
    <property name="java.vendor" value="Oracle Corporation" />
    <property name="env.JRUBY_OPTS" value=" --client -J-XX:+TieredCompilation -J-XX:TieredStopAtLevel=1 -J-Xss2m -Xcompile.invokedynamic=false" />
    <property name="env.TRAVIS_PRE_CHEF_BOOTSTRAP_TIME" value="2017-12-05T19:32:55" />
    <property name="env.TRAVIS_STACK_JOB_BOARD_REGISTER" value="/.job-board-register.yml" />
    <property name="env.ELIXIR_VERSION" value="1.4.5" />
    <property name="env.ANSI_RED" value="\033[31;1m" />
    <property name="java.specification.version" value="1.8" />
    <property name="env.TRAVIS" value="true" />
    <property name="env.IRBRC" value="/home/travis/.rvm/rubies/ruby-2.4.1/.irbrc" />
    <property name="sun.arch.data.model" value="64" />
  </properties>
  <testcase classname="ptolemy.util.test.junit.TclTests" name="[0] /home/travis/build/icyphy/ptII/ptolemy/domains/de/test/DependencyLoop.tcl (RunTclFile)" time="0.744" />
  <testcase classname="ptolemy.util.test.junit.TclTests" name="[1] /home/travis/build/icyphy/ptII/ptolemy/domains/de/test/RunDETestsAsQSS.tcl (RunTclFile)" time="86.417" />
  <testcase classname="ptolemy.util.test.junit.AutoKnownFailedTests" name="[0] /home/travis/build/icyphy/ptII/ptolemy/domains/de/test/auto/knownFailedTests/DESDFClockTest.xml (RunModel)" time="2.036" />
  <testcase classname="ptolemy.util.test.junit.AutoKnownFailedTests" name="[1] /home/travis/build/icyphy/ptII/ptolemy/domains/de/test/auto/knownFailedTests/DirectFeedback.xml (RunModel)" time="0.016" />
  <testcase classname="ptolemy.util.test.junit.AutoKnownFailedTests" name="[2] /home/travis/build/icyphy/ptII/ptolemy/domains/de/test/auto/knownFailedTests/FSMSource.xml (RunModel)" time="0.044" />
  <testcase classname="ptolemy.util.test.junit.AutoKnownFailedTests" name="[3] /home/travis/build/icyphy/ptII/ptolemy/domains/de/test/auto/knownFailedTests/HierarchicalModel.xml (RunModel)" time="0.056" />
  <testcase classname="ptolemy.util.test.junit.AutoKnownFailedTests" name="[4] /home/travis/build/icyphy/ptII/ptolemy/domains/de/test/auto/knownFailedTests/dependencyLoop.xml (RunModel)" time="0.037" />
  <testcase classname="ptolemy.util.test.junit.AutoKnownFailedTests" name="[5] /home/travis/build/icyphy/ptII/ptolemy/domains/de/test/auto/knownFailedTests/dependencyLoop2.xml (RunModel)" time="0.051" />
  <testcase classname="ptolemy.util.test.junit.AutoNameArchTests" name="[0] ThereAreNoAutoArchTests (RunModel)" time="0.0" />
  <testcase classname="ptolemy.util.test.junit.AutoTests" name="[0] /home/travis/build/icyphy/ptII/ptolemy/domains/de/test/auto/ActorDepthCalculation_actorWithoutPorts.xml (RunModel)" time="0.02" />
  <testcase classname="ptolemy.util.test.junit.AutoTests" name="[1] /home/travis/build/icyphy/ptII/ptolemy/domains/de/test/auto/AssemblyLine.xml (RunModel)" time="0.018" />
  <testcase classname="ptolemy.util.test.junit.AutoTests" name="[2] /home/travis/build/icyphy/ptII/ptolemy/domains/de/test/auto/CQBug1.xml (RunModel)" time="0.01" />
  <testcase classname="ptolemy.util.test.junit.AutoTests" name="[3] /home/travis/build/icyphy/ptII/ptolemy/domains/de/test/auto/CancelFireAt.xml (RunModel)" time="0.015" />
  <testcase classname="ptolemy.util.test.junit.AutoTests" name="[4] /home/travis/build/icyphy/ptII/ptolemy/domains/de/test/auto/CausalityAndComposabilityAnalysis.xml (RunModel)" time="0.01" />
  <testcase classname="ptolemy.util.test.junit.AutoTests" name="[5] /home/travis/build/icyphy/ptII/ptolemy/domains/de/test/auto/CausalityInterface1.xml (RunModel)" time="0.013" />
  <testcase classname="ptolemy.util.test.junit.AutoTests" name="[6] /home/travis/build/icyphy/ptII/ptolemy/domains/de/test/auto/CausalityInterface15.xml (RunModel)" time="0.012" />
  <testcase classname="ptolemy.util.test.junit.AutoTests" name="[7] /home/travis/build/icyphy/ptII/ptolemy/domains/de/test/auto/CausalityInterface2.xml (RunModel)" time="0.009" />
  <testcase classname="ptolemy.util.test.junit.AutoTests" name="[8] /home/travis/build/icyphy/ptII/ptolemy/domains/de/test/auto/CausalityInterface3.xml (RunModel)" time="0.01" />
  <testcase classname="ptolemy.util.test.junit.AutoTests" name="[9] /home/travis/build/icyphy/ptII/ptolemy/domains/de/test/auto/ClockDrift.xml (RunModel)" time="0.032" />
  <testcase classname="ptolemy.util.test.junit.AutoTests" name="[10] /home/travis/build/icyphy/ptII/ptolemy/domains/de/test/auto/ClockDriftAndValueChange.xml (RunModel)" time="0.03" />
  <testcase classname="ptolemy.util.test.junit.AutoTests" name="[11] /home/travis/build/icyphy/ptII/ptolemy/domains/de/test/auto/ClockDriftChange.xml (RunModel)" time="0.027" />
  <testcase classname="ptolemy.util.test.junit.AutoTests" name="[12] /home/travis/build/icyphy/ptII/ptolemy/domains/de/test/auto/ComposableCausalityAnalysis.xml (RunModel)" time="0.015" />
  <testcase classname="ptolemy.util.test.junit.AutoTests" name="[13] /home/travis/build/icyphy/ptII/ptolemy/domains/de/test/auto/DEFixedPointLimitation.xml (RunModel)" time="0.012" />
  <testcase classname="ptolemy.util.test.junit.AutoTests" name="[14] /home/travis/build/icyphy/ptII/ptolemy/domains/de/test/auto/DEScheduleTest.xml (RunModel)" time="0.01" />
  <testcase classname="ptolemy.util.test.junit.AutoTests" name="[15] /home/travis/build/icyphy/ptII/ptolemy/domains/de/test/auto/DEinDEwithStartTimes.xml (RunModel)" time="0.013" />
  <testcase classname="ptolemy.util.test.junit.AutoTests" name="[16] /home/travis/build/icyphy/ptII/ptolemy/domains/de/test/auto/DEinDEwithStartTimes2.xml (RunModel)" time="0.026" />
  <testcase classname="ptolemy.util.test.junit.AutoTests" name="[17] /home/travis/build/icyphy/ptII/ptolemy/domains/de/test/auto/DateDemo.xml (RunModel)" time="0.031" />
  <testcase classname="ptolemy.util.test.junit.AutoTests" name="[18] /home/travis/build/icyphy/ptII/ptolemy/domains/de/test/auto/DateToEvent.xml (RunModel)" time="2.04" />
  <testcase classname="ptolemy.util.test.junit.AutoTests" name="[19] /home/travis/build/icyphy/ptII/ptolemy/domains/de/test/auto/DepthTest1.xml (RunModel)" time="0.009" />
  <testcase classname="ptolemy.util.test.junit.AutoTests" name="[20] /home/travis/build/icyphy/ptII/ptolemy/domains/de/test/auto/DepthTest2.xml (RunModel)" time="0.018" />
  <testcase classname="ptolemy.util.test.junit.AutoTests" name="[21] /home/travis/build/icyphy/ptII/ptolemy/domains/de/test/auto/DepthTest3.xml (RunModel)" time="0.006" />
  <testcase classname="ptolemy.util.test.junit.AutoTests" name="[22] /home/travis/build/icyphy/ptII/ptolemy/domains/de/test/auto/DepthTest4.xml (RunModel)" time="0.012" />
  <testcase classname="ptolemy.util.test.junit.AutoTests" name="[23] /home/travis/build/icyphy/ptII/ptolemy/domains/de/test/auto/DepthTest5.xml (RunModel)" time="0.012" />
  <testcase classname="ptolemy.util.test.junit.AutoTests" name="[24] /home/travis/build/icyphy/ptII/ptolemy/domains/de/test/auto/DepthTest6.xml (RunModel)" time="0.012" />
  <testcase classname="ptolemy.util.test.junit.AutoTests" name="[25] /home/travis/build/icyphy/ptII/ptolemy/domains/de/test/auto/DepthTest7.xml (RunModel)" time="0.01" />
  <testcase classname="ptolemy.util.test.junit.AutoTests" name="[26] /home/travis/build/icyphy/ptII/ptolemy/domains/de/test/auto/EventToDate.xml (RunModel)" time="3.032" />
  <testcase classname="ptolemy.util.test.junit.AutoTests" name="[27] /home/travis/build/icyphy/ptII/ptolemy/domains/de/test/auto/FSM1.xml (RunModel)" time="0.035" />
  <testcase classname="ptolemy.util.test.junit.AutoTests" name="[28] /home/travis/build/icyphy/ptII/ptolemy/domains/de/test/auto/FSM7.xml (RunModel)" time="0.041" />
  <testcase classname="ptolemy.util.test.junit.AutoTests" name="[29] /home/travis/build/icyphy/ptII/ptolemy/domains/de/test/auto/Inspection.xml (RunModel)" time="0.047" />
  <testcase classname="ptolemy.util.test.junit.AutoTests" name="[30] /home/travis/build/icyphy/ptII/ptolemy/domains/de/test/auto/Iteration.xml (RunModel)" time="0.027" />
  <testcase classname="ptolemy.util.test.junit.AutoTests" name="[31] /home/travis/build/icyphy/ptII/ptolemy/domains/de/test/auto/LineFault.xml (RunModel)" time="0.535" />
  <testcase classname="ptolemy.util.test.junit.AutoTests" name="[32] /home/travis/build/icyphy/ptII/ptolemy/domains/de/test/auto/MergeModel1Add.xml (RunModel)" time="0.041" />
  <testcase classname="ptolemy.util.test.junit.AutoTests" name="[33] /home/travis/build/icyphy/ptII/ptolemy/domains/de/test/auto/MergeModel2Add.xml (RunModel)" time="0.037" />
  <testcase classname="ptolemy.util.test.junit.AutoTests" name="[34] /home/travis/build/icyphy/ptII/ptolemy/domains/de/test/auto/MergeModel3Add.xml (RunModel)" time="0.032" />
  <testcase classname="ptolemy.util.test.junit.AutoTests" name="[35] /home/travis/build/icyphy/ptII/ptolemy/domains/de/test/auto/MergeWithoutDiscard.xml (RunModel)" time="0.01" />
  <testcase classname="ptolemy.util.test.junit.AutoTests" name="[36] /home/travis/build/icyphy/ptII/ptolemy/domains/de/test/auto/Modal1.xml (RunModel)" time="0.037" />
  <testcase classname="ptolemy.util.test.junit.AutoTests" name="[37] /home/travis/build/icyphy/ptII/ptolemy/domains/de/test/auto/Modal2.xml (RunModel)" time="0.03" />
  <testcase classname="ptolemy.util.test.junit.AutoTests" name="[38] /home/travis/build/icyphy/ptII/ptolemy/domains/de/test/auto/Modal3.xml (RunModel)" time="0.027" />
  <testcase classname="ptolemy.util.test.junit.AutoTests" name="[39] /home/travis/build/icyphy/ptII/ptolemy/domains/de/test/auto/Modal4.xml (RunModel)" time="0.029" />
  <testcase classname="ptolemy.util.test.junit.AutoTests" name="[40] /home/travis/build/icyphy/ptII/ptolemy/domains/de/test/auto/Modal5.xml (RunModel)" time="0.026" />
  <testcase classname="ptolemy.util.test.junit.AutoTests" name="[41] /home/travis/build/icyphy/ptII/ptolemy/domains/de/test/auto/Modal6.xml (RunModel)" time="0.026" />
  <testcase classname="ptolemy.util.test.junit.AutoTests" name="[42] /home/travis/build/icyphy/ptII/ptolemy/domains/de/test/auto/Modal7.xml (RunModel)" time="0.026" />
  <testcase classname="ptolemy.util.test.junit.AutoTests" name="[43] /home/travis/build/icyphy/ptII/ptolemy/domains/de/test/auto/ModalModel.xml (RunModel)" time="0.143" />
  <testcase classname="ptolemy.util.test.junit.AutoTests" name="[44] /home/travis/build/icyphy/ptII/ptolemy/domains/de/test/auto/ModalSource.xml (RunModel)" time="0.017" />
  <testcase classname="ptolemy.util.test.junit.AutoTests" name="[45] /home/travis/build/icyphy/ptII/ptolemy/domains/de/test/auto/NonInterruptibleTimerZeroDelay.xml (RunModel)" time="0.008" />
  <testcase classname="ptolemy.util.test.junit.AutoTests" name="[46] /home/travis/build/icyphy/ptII/ptolemy/domains/de/test/auto/OpenQueueingNetwork.xml (RunModel)" time="2.243" />
  <testcase classname="ptolemy.util.test.junit.AutoTests" name="[47] /home/travis/build/icyphy/ptII/ptolemy/domains/de/test/auto/OpenQueuingNetwork.xml (RunModel)" time="0.255" />
  <testcase classname="ptolemy.util.test.junit.AutoTests" name="[48] /home/travis/build/icyphy/ptII/ptolemy/domains/de/test/auto/PeriodicSampler.xml (RunModel)" time="0.011" />
  <testcase classname="ptolemy.util.test.junit.AutoTests" name="[49] /home/travis/build/icyphy/ptII/ptolemy/domains/de/test/auto/PersistentIO.xml (RunModel)" time="0.021" />
  <testcase classname="ptolemy.util.test.junit.AutoTests" name="[50] /home/travis/build/icyphy/ptII/ptolemy/domains/de/test/auto/PortParameterResetOnInitialize.xml (RunModel)" time="0.01" />
  <testcase classname="ptolemy.util.test.junit.AutoTests" name="[51] /home/travis/build/icyphy/ptII/ptolemy/domains/de/test/auto/PortParameterUpdates.xml (RunModel)" time="0.014" />
  <testcase classname="ptolemy.util.test.junit.AutoTests" name="[52] /home/travis/build/icyphy/ptII/ptolemy/domains/de/test/auto/QueueAndServer.xml (RunModel)" time="0.022" />
  <testcase classname="ptolemy.util.test.junit.AutoTests" name="[53] /home/travis/build/icyphy/ptII/ptolemy/domains/de/test/auto/Records.xml (RunModel)" time="0.018" />
  <testcase classname="ptolemy.util.test.junit.AutoTests" name="[54] /home/travis/build/icyphy/ptII/ptolemy/domains/de/test/auto/ResetTransitionWithStartTime1.xml (RunModel)" time="0.018" />
  <testcase classname="ptolemy.util.test.junit.AutoTests" name="[55] /home/travis/build/icyphy/ptII/ptolemy/domains/de/test/auto/ResetTransitionWithStartTime2.xml (RunModel)" time="0.017" />
  <testcase classname="ptolemy.util.test.junit.AutoTests" name="[56] /home/travis/build/icyphy/ptII/ptolemy/domains/de/test/auto/ResetTransitionWithStartTime3.xml (RunModel)" time="0.02" />
  <testcase classname="ptolemy.util.test.junit.AutoTests" name="[57] /home/travis/build/icyphy/ptII/ptolemy/domains/de/test/auto/ResetTransitionWithStartTime4.xml (RunModel)" time="0.018" />
  <testcase classname="ptolemy.util.test.junit.AutoTests" name="[58] /home/travis/build/icyphy/ptII/ptolemy/domains/de/test/auto/ResettableTimer1.xml (RunModel)" time="0.009" />
  <testcase classname="ptolemy.util.test.junit.AutoTests" name="[59] /home/travis/build/icyphy/ptII/ptolemy/domains/de/test/auto/ResettableTimer2.xml (RunModel)" time="0.008" />
  <testcase classname="ptolemy.util.test.junit.AutoTests" name="[60] /home/travis/build/icyphy/ptII/ptolemy/domains/de/test/auto/ResettableTimer3.xml (RunModel)" time="0.009" />
  <testcase classname="ptolemy.util.test.junit.AutoTests" name="[61] /home/travis/build/icyphy/ptII/ptolemy/domains/de/test/auto/ResettableTimer4.xml (RunModel)" time="0.01" />
  <testcase classname="ptolemy.util.test.junit.AutoTests" name="[62] /home/travis/build/icyphy/ptII/ptolemy/domains/de/test/auto/ResettableTimer5.xml (RunModel)" time="0.009" />
  <testcase classname="ptolemy.util.test.junit.AutoTests" name="[63] /home/travis/build/icyphy/ptII/ptolemy/domains/de/test/auto/ResettableTimer6.xml (RunModel)" time="0.017" />
  <testcase classname="ptolemy.util.test.junit.AutoTests" name="[64] /home/travis/build/icyphy/ptII/ptolemy/domains/de/test/auto/ServerZeroDelay.xml (RunModel)" time="0.011" />
  <testcase classname="ptolemy.util.test.junit.AutoTests" name="[65] /home/travis/build/icyphy/ptII/ptolemy/domains/de/test/auto/SmartSender.xml (RunModel)" time="3.008" />
  <testcase classname="ptolemy.util.test.junit.AutoTests" name="[66] /home/travis/build/icyphy/ptII/ptolemy/domains/de/test/auto/ThreadedComposite.xml (RunModel)" time="0.132" />
  <testcase classname="ptolemy.util.test.junit.AutoTests" name="[67] /home/travis/build/icyphy/ptII/ptolemy/domains/de/test/auto/Time.xml (RunModel)" time="0.406" />
  <testcase classname="ptolemy.util.test.junit.AutoTests" name="[68] /home/travis/build/icyphy/ptII/ptolemy/domains/de/test/auto/TimeDelayZeroDelay.xml (RunModel)" time="0.011" />
  <testcase classname="ptolemy.util.test.junit.AutoTests" name="[69] /home/travis/build/icyphy/ptII/ptolemy/domains/de/test/auto/TimerZeroDelay.xml (RunModel)" time="0.014" />
  <testcase classname="ptolemy.util.test.junit.AutoTests" name="[70] /home/travis/build/icyphy/ptII/ptolemy/domains/de/test/auto/TimingParadox.xml (RunModel)" time="0.342" />
  <testcase classname="ptolemy.util.test.junit.AutoTests" name="[71] /home/travis/build/icyphy/ptII/ptolemy/domains/de/test/auto/TransferInputs.xml (RunModel)" time="0.009" />
  <testcase classname="ptolemy.util.test.junit.AutoTests" name="[72] /home/travis/build/icyphy/ptII/ptolemy/domains/de/test/auto/TransferOutputs2.xml (RunModel)" time="0.017" />
  <testcase classname="ptolemy.util.test.junit.AutoTests" name="[73] /home/travis/build/icyphy/ptII/ptolemy/domains/de/test/auto/Trilateration.xml (RunModel)" time="11.326" />
  <testcase classname="ptolemy.util.test.junit.AutoTests" name="[74] /home/travis/build/icyphy/ptII/ptolemy/domains/de/test/auto/TwoSigmaDelta.xml (RunModel)" time="2.032" />
  <testcase classname="ptolemy.util.test.junit.AutoTests" name="[75] /home/travis/build/icyphy/ptII/ptolemy/domains/de/test/auto/VariableDelay.xml (RunModel)" time="0.017" />
  <testcase classname="ptolemy.util.test.junit.AutoTests" name="[76] /home/travis/build/icyphy/ptII/ptolemy/domains/de/test/auto/VariableDelay2.xml (RunModel)" time="0.008" />
  <testcase classname="ptolemy.util.test.junit.AutoTests" name="[77] /home/travis/build/icyphy/ptII/ptolemy/domains/de/test/auto/VariableDelayZeroDelay.xml (RunModel)" time="0.01" />
  <testcase classname="ptolemy.util.test.junit.AutoTests" name="[78] /home/travis/build/icyphy/ptII/ptolemy/domains/de/test/auto/VariableDelayZeroDelay2.xml (RunModel)" time="0.024" />
  <testcase classname="ptolemy.util.test.junit.AutoTests" name="[79] /home/travis/build/icyphy/ptII/ptolemy/domains/de/test/auto/deInCt.xml (RunModel)" time="0.016" />
  <testcase classname="ptolemy.util.test.junit.AutoTests" name="[80] /home/travis/build/icyphy/ptII/ptolemy/domains/de/test/auto/deInCt2.xml (RunModel)" time="0.021" />
  <testcase classname="ptolemy.util.test.junit.AutoTests" name="[81] /home/travis/build/icyphy/ptII/ptolemy/domains/de/test/auto/dynamicCausalityInterface1.xml (RunModel)" time="0.017" />
  <testcase classname="ptolemy.util.test.junit.AutoTests" name="[82] /home/travis/build/icyphy/ptII/ptolemy/domains/de/test/auto/fsm_de_test.xml (RunModel)" time="0.027" />
  <testcase classname="ptolemy.util.test.junit.AutoTests" name="[83] /home/travis/build/icyphy/ptII/ptolemy/domains/de/test/auto/functionDependencyReconstruction.xml (RunModel)" time="0.029" />
  <testcase classname="ptolemy.util.test.junit.AutoTests" name="[84] /home/travis/build/icyphy/ptII/ptolemy/domains/de/test/auto/multirate.xml (RunModel)" time="0.017" />
  <testcase classname="ptolemy.util.test.junit.AutoTests" name="[85] /home/travis/build/icyphy/ptII/ptolemy/domains/de/test/auto/multirate2.xml (RunModel)" time="0.014" />
  <testcase classname="ptolemy.util.test.junit.AutoTests" name="[86] /home/travis/build/icyphy/ptII/ptolemy/domains/de/test/auto/realtime.xml (RunModel)" time="10.01" />
  <testcase classname="ptolemy.util.test.junit.AutoTests" name="[87] /home/travis/build/icyphy/ptII/ptolemy/domains/de/test/auto/relationGroup.xml (RunModel)" time="0.007" />
  <testcase classname="ptolemy.util.test.junit.AutoTests" name="[88] /home/travis/build/icyphy/ptII/ptolemy/domains/de/test/auto/relationGroup2.xml (RunModel)" time="0.006" />
  <testcase classname="ptolemy.util.test.junit.AutoTests" name="[89] /home/travis/build/icyphy/ptII/ptolemy/domains/de/test/auto/sortWithOpaquePorts.xml (RunModel)" time="0.006" />
  <testcase classname="ptolemy.util.test.junit.AutoTests" name="[90] /home/travis/build/icyphy/ptII/ptolemy/domains/de/test/auto/transferInputsandOutputs.xml (RunModel)" time="0.011" />
  <testcase classname="ptolemy.util.test.junit.AutoTests" name="[91] /home/travis/build/icyphy/ptII/ptolemy/domains/de/test/auto/triggerType.xml (RunModel)" time="0.006" />
  <system-out><![CDATA[/home/travis/build/icyphy/ptII/ptolemy/domains/de/test/DependencyLoop.tcl
testDefs.tcl: setting time out to 9000 seconds at Sat May 11 04:17:00 UTC 2019
15 ms. Memory: 116224K Free: 97654K (84%)
28 ms. Memory: 146944K Free: 142435K (97%)
/home/travis/build/icyphy/ptII/ptolemy/domains/de/test/RunDETestsAsQSS.tcl
Run the DE tests using ptolemy.domains.qss.test.QSSDirectorTest, which extends QSSDirector and prints a message in the constructors.
------------------ testing $PTII/ptolemy/domains/de/test/auto/knownFailedTests/dependencyLoop.xml (Known Failure) 
7 ms. Memory: 146944K Free: 136962K (93%)


==== $PTIIhome/travis/build/icyphy/ptII/ptolemy/domains/de/test/../../../../: Auto Automatic test in file $PTII/ptolemy/domains/de/test/auto/knownFailedTests/dependencyLoop.xml
==== Contents of test case:

	    # FIXME: we should use $relativeFilename here, but it
	    # might have backslashes under Windows, which causes no end
	    # of trouble.
	    createAndExecute $file
	    list {}
	
.... Test generated KNOWN error:
    while executing
ptolemy.kernel.util.IllegalActionException: Found a zero delay loop containing .dependencyLoop.original
  in .dependencyLoop and .dependencyLoop.original
	at ptolemy.actor.util.CausalityInterfaceForComposites._computeOutputPortDepth(CausalityInterfaceForComposites.java:759)
	at ptolemy.actor.util.CausalityInterfaceForComposites._computeInputDepth(CausalityInterfaceForComposites.java:696)
	at ptolemy.actor.util.CausalityInterfaceForComposites._computeOutputPortDepth(CausalityInterfaceForComposites.java:765)
	at ptolemy.actor.util.CausalityInterfaceForComposites._computeInputDepth(CausalityInterfaceForComposites.java:696)
	at ptolemy.actor.util.CausalityInterfaceForComposites._computeOutputPortDepth(CausalityInterfaceForComposites.java:765)
	at ptolemy.actor.util.CausalityInterfaceForComposites._computeInputDepth(CausalityInterfaceForComposites.java:696)
	at ptolemy.actor.util.CausalityInterfaceForComposites._computeActorDepth(CausalityInterfaceForComposites.java:532)
	at ptolemy.actor.util.CausalityInterfaceForComposites.checkForCycles(CausalityInterfaceForComposites.java:96)
	at ptolemy.domains.de.kernel.DEDirector.preinitialize(DEDirector.java:1338)
	at ptolemy.actor.CompositeActor.preinitialize(CompositeActor.java:1828)
	at ptolemy.actor.Manager.preinitializeAndResolveTypes(Manager.java:1040)
	at ptolemy.actor.Manager.initialize(Manager.java:710)
	at ptolemy.actor.Manager.execute(Manager.java:356)
	at ptolemy.actor.Manager.run(Manager.java:1263)
	at ptolemy.actor.Manager$PtolemyRunThread.run(Manager.java:1915)

    while executing
ptolemy.kernel.util.IllegalActionException: Found a zero delay loop containing .dependencyLoop.original
  in .dependencyLoop and .dependencyLoop.original
    while executing
"java::new ptolemy.moml.MoMLSimpleApplication $file
"
    (procedure "createAndExecute" line 2)
    invoked from within
"createAndExecute $file"
    ("uplevel" body line 5)
    invoked from within
"uplevel $contents_of_test"
------------------ testing $PTII/ptolemy/domains/de/test/auto/knownFailedTests/DESDFClockTest.xml (Known Failure) 
2073 ms. Memory: 146944K Free: 121403K (83%)


==== $PTIIhome/travis/build/icyphy/ptII/ptolemy/domains/de/test/../../../../: Auto Automatic test in file $PTII/ptolemy/domains/de/test/auto/knownFailedTests/DESDFClockTest.xml
==== Contents of test case:

	    # FIXME: we should use $relativeFilename here, but it
	    # might have backslashes under Windows, which causes no end
	    # of trouble.
	    createAndExecute $file
	    list {}
	
.... Test generated KNOWN error:
    while executing
ptolemy.kernel.util.IllegalActionException: Actor is not ready to fire.  Perhaps UpSample.prefire() returned false? Try debugging the actor by selecting "Listen to Actor".  Also, for SDF check moml for tokenConsumptionRate on input.
  in .DESDFClockTest.Play Bell.Copy1:SDF Director and .DESDFClockTest.Play Bell.UpSample
	at ptolemy.actor.sched.StaticSchedulingDirector.fire(StaticSchedulingDirector.java:227)
	at ptolemy.domains.sdf.kernel.SDFDirector.fire(SDFDirector.java:500)
	at ptolemy.actor.CompositeActor.fire(CompositeActor.java:455)
	at ptolemy.domains.de.kernel.DEDirector._fire(DEDirector.java:1949)
	at ptolemy.domains.de.kernel.DEDirector.fire(DEDirector.java:502)
	at ptolemy.actor.CompositeActor.fire(CompositeActor.java:455)
	at ptolemy.actor.Manager.iterate(Manager.java:851)
	at ptolemy.actor.Manager.execute(Manager.java:369)
	at ptolemy.actor.Manager.run(Manager.java:1263)
	at ptolemy.actor.Manager$PtolemyRunThread.run(Manager.java:1915)

    while executing
ptolemy.kernel.util.IllegalActionException: Actor is not ready to fire.  Perhaps UpSample.prefire() returned false? Try debugging the actor by selecting "Listen to Actor".  Also, for SDF check moml for tokenConsumptionRate on input.
  in .DESDFClockTest.Play Bell.Copy1:SDF Director and .DESDFClockTest.Play Bell.UpSample
    while executing
"java::new ptolemy.moml.MoMLSimpleApplication $file
"
    (procedure "createAndExecute" line 2)
    invoked from within
"createAndExecute $file"
    ("uplevel" body line 5)
    invoked from within
"uplevel $contents_of_test"
------------------ testing $PTII/ptolemy/domains/de/test/auto/knownFailedTests/FSMSource.xml (Known Failure) 
21 ms. Memory: 146944K Free: 112555K (77%)
!!!! Auto was marked as failing, but now passes
------------------ testing $PTII/ptolemy/domains/de/test/auto/knownFailedTests/dependencyLoop2.xml (Known Failure) 
6 ms. Memory: 146944K Free: 110672K (75%)


==== $PTIIhome/travis/build/icyphy/ptII/ptolemy/domains/de/test/../../../../: Auto Automatic test in file $PTII/ptolemy/domains/de/test/auto/knownFailedTests/dependencyLoop2.xml
==== Contents of test case:

	    # FIXME: we should use $relativeFilename here, but it
	    # might have backslashes under Windows, which causes no end
	    # of trouble.
	    createAndExecute $file
	    list {}
	
.... Test generated KNOWN error:
    while executing
ptolemy.kernel.util.IllegalActionException: Found a zero delay loop containing .dependencyLoop2.original
  in .dependencyLoop2 and .dependencyLoop2.original
	at ptolemy.actor.util.CausalityInterfaceForComposites._computeOutputPortDepth(CausalityInterfaceForComposites.java:759)
	at ptolemy.actor.util.CausalityInterfaceForComposites._computeInputDepth(CausalityInterfaceForComposites.java:696)
	at ptolemy.actor.util.CausalityInterfaceForComposites._computeOutputPortDepth(CausalityInterfaceForComposites.java:765)
	at ptolemy.actor.util.CausalityInterfaceForComposites._computeInputDepth(CausalityInterfaceForComposites.java:696)
	at ptolemy.actor.util.CausalityInterfaceForComposites._computeOutputPortDepth(CausalityInterfaceForComposites.java:765)
	at ptolemy.actor.util.CausalityInterfaceForComposites._computeInputDepth(CausalityInterfaceForComposites.java:696)
	at ptolemy.actor.util.CausalityInterfaceForComposites._computeActorDepth(CausalityInterfaceForComposites.java:532)
	at ptolemy.actor.util.CausalityInterfaceForComposites.checkForCycles(CausalityInterfaceForComposites.java:96)
	at ptolemy.domains.de.kernel.DEDirector.preinitialize(DEDirector.java:1338)
	at ptolemy.actor.CompositeActor.preinitialize(CompositeActor.java:1828)
	at ptolemy.actor.Manager.preinitializeAndResolveTypes(Manager.java:1040)
	at ptolemy.actor.Manager.initialize(Manager.java:710)
	at ptolemy.actor.Manager.execute(Manager.java:356)
	at ptolemy.actor.Manager.run(Manager.java:1263)
	at ptolemy.actor.Manager$PtolemyRunThread.run(Manager.java:1915)

    while executing
ptolemy.kernel.util.IllegalActionException: Found a zero delay loop containing .dependencyLoop2.original
  in .dependencyLoop2 and .dependencyLoop2.original
    while executing
"java::new ptolemy.moml.MoMLSimpleApplication $file
"
    (procedure "createAndExecute" line 2)
    invoked from within
"createAndExecute $file"
    ("uplevel" body line 5)
    invoked from within
"uplevel $contents_of_test"
------------------ testing $PTII/ptolemy/domains/de/test/auto/knownFailedTests/HierarchicalModel.xml (Known Failure) 
9 ms. Memory: 146944K Free: 90569K (62%)


==== $PTIIhome/travis/build/icyphy/ptII/ptolemy/domains/de/test/../../../../: Auto Automatic test in file $PTII/ptolemy/domains/de/test/auto/knownFailedTests/HierarchicalModel.xml
==== Contents of test case:

	    # FIXME: we should use $relativeFilename here, but it
	    # might have backslashes under Windows, which causes no end
	    # of trouble.
	    createAndExecute $file
	    list {}
	
.... Test generated KNOWN error:
    while executing
ptolemy.kernel.util.IllegalActionException: Found a zero delay loop containing .HierarchicalModel.A
  in .HierarchicalModel and .HierarchicalModel.A
	at ptolemy.actor.util.CausalityInterfaceForComposites._computeOutputPortDepth(CausalityInterfaceForComposites.java:759)
	at ptolemy.actor.util.CausalityInterfaceForComposites._computeInputDepth(CausalityInterfaceForComposites.java:696)
	at ptolemy.actor.util.CausalityInterfaceForComposites._computeOutputPortDepth(CausalityInterfaceForComposites.java:765)
	at ptolemy.actor.util.CausalityInterfaceForComposites._computeInputDepth(CausalityInterfaceForComposites.java:696)
	at ptolemy.actor.util.CausalityInterfaceForComposites._computeOutputPortDepth(CausalityInterfaceForComposites.java:765)
	at ptolemy.actor.util.CausalityInterfaceForComposites._computeInputDepth(CausalityInterfaceForComposites.java:696)
	at ptolemy.actor.util.CausalityInterfaceForComposites._computeActorDepth(CausalityInterfaceForComposites.java:532)
	at ptolemy.actor.util.CausalityInterfaceForComposites.checkForCycles(CausalityInterfaceForComposites.java:96)
	at ptolemy.domains.de.kernel.DEDirector.preinitialize(DEDirector.java:1338)
	at ptolemy.actor.CompositeActor.preinitialize(CompositeActor.java:1828)
	at ptolemy.actor.Manager.preinitializeAndResolveTypes(Manager.java:1040)
	at ptolemy.actor.Manager.initialize(Manager.java:710)
	at ptolemy.actor.Manager.execute(Manager.java:356)
	at ptolemy.actor.Manager.run(Manager.java:1263)
	at ptolemy.actor.Manager$PtolemyRunThread.run(Manager.java:1915)

    while executing
ptolemy.kernel.util.IllegalActionException: Found a zero delay loop containing .HierarchicalModel.A
  in .HierarchicalModel and .HierarchicalModel.A
    while executing
"java::new ptolemy.moml.MoMLSimpleApplication $file
"
    (procedure "createAndExecute" line 2)
    invoked from within
"createAndExecute $file"
    ("uplevel" body line 5)
    invoked from within
"uplevel $contents_of_test"
------------------ testing $PTII/ptolemy/domains/de/test/auto/knownFailedTests/DirectFeedback.xml (Known Failure) 
5 ms. Memory: 146944K Free: 86463K (59%)


==== $PTIIhome/travis/build/icyphy/ptII/ptolemy/domains/de/test/../../../../: Auto Automatic test in file $PTII/ptolemy/domains/de/test/auto/knownFailedTests/DirectFeedback.xml
==== Contents of test case:

	    # FIXME: we should use $relativeFilename here, but it
	    # might have backslashes under Windows, which causes no end
	    # of trouble.
	    createAndExecute $file
	    list {}
	
.... Test generated KNOWN error:
    while executing
ptolemy.kernel.util.IllegalActionException: Test fails in iteration 1.
Value was: 1.0. Should have been: 2.0
  in .DirectFeedback.Test
	at ptolemy.actor.lib.Test.fire(Test.java:268)
	at ptolemy.domains.de.kernel.DEDirector._fire(DEDirector.java:1949)
	at ptolemy.domains.de.kernel.DEDirector.fire(DEDirector.java:502)
	at ptolemy.actor.CompositeActor.fire(CompositeActor.java:455)
	at ptolemy.actor.Manager.iterate(Manager.java:851)
	at ptolemy.actor.Manager.execute(Manager.java:369)
	at ptolemy.actor.Manager.run(Manager.java:1263)
	at ptolemy.actor.Manager$PtolemyRunThread.run(Manager.java:1915)

    while executing
ptolemy.kernel.util.IllegalActionException: Test fails in iteration 1.
Value was: 1.0. Should have been: 2.0
  in .DirectFeedback.Test
    while executing
"java::new ptolemy.moml.MoMLSimpleApplication $file
"
    (procedure "createAndExecute" line 2)
    invoked from within
"createAndExecute $file"
    ("uplevel" body line 5)
    invoked from within
"uplevel $contents_of_test"
------------------ testing $PTII/ptolemy/domains/de/test/auto/ActorDepthCalculation_actorWithoutPorts.xml
auto.tcl: Setting watchdog for 200 seconds at Sat May 11 04:17:04 UTC 2019
8 ms. Memory: 146944K Free: 138680K (94%)
ptolemy.util.test.WatchDog.cancel(): canceling Sat May 11 04:17:04 UTC 2019
auto.tcl: Setting watchdog for 200 seconds at Sat May 11 04:17:04 UTC 2019
6 ms. Memory: 146944K Free: 137660K (94%)
ptolemy.util.test.WatchDog.cancel(): canceling Sat May 11 04:17:04 UTC 2019
------------------ testing $PTII/ptolemy/domains/de/test/auto/AssemblyLine.xml
auto.tcl: Setting watchdog for 200 seconds at Sat May 11 04:17:04 UTC 2019
19 ms. Memory: 208384K Free: 183395K (88%)
ptolemy.util.test.WatchDog.cancel(): canceling Sat May 11 04:17:04 UTC 2019
auto.tcl: Setting watchdog for 200 seconds at Sat May 11 04:17:04 UTC 2019
8 ms. Memory: 208384K Free: 183395K (88%)
ptolemy.util.test.WatchDog.cancel(): canceling Sat May 11 04:17:04 UTC 2019
------------------ testing $PTII/ptolemy/domains/de/test/auto/CQBug1.xml
auto.tcl: Setting watchdog for 200 seconds at Sat May 11 04:17:04 UTC 2019
3 ms. Memory: 208384K Free: 197901K (95%)
ptolemy.util.test.WatchDog.cancel(): canceling Sat May 11 04:17:04 UTC 2019
auto.tcl: Setting watchdog for 200 seconds at Sat May 11 04:17:04 UTC 2019
1 ms. Memory: 208384K Free: 197901K (95%)
ptolemy.util.test.WatchDog.cancel(): canceling Sat May 11 04:17:04 UTC 2019
------------------ testing $PTII/ptolemy/domains/de/test/auto/CancelFireAt.xml
auto.tcl: Setting watchdog for 200 seconds at Sat May 11 04:17:04 UTC 2019
4 ms. Memory: 208384K Free: 201561K (97%)
ptolemy.util.test.WatchDog.cancel(): canceling Sat May 11 04:17:04 UTC 2019
auto.tcl: Setting watchdog for 200 seconds at Sat May 11 04:17:04 UTC 2019
3 ms. Memory: 208384K Free: 199519K (96%)
ptolemy.util.test.WatchDog.cancel(): canceling Sat May 11 04:17:04 UTC 2019
------------------ testing $PTII/ptolemy/domains/de/test/auto/CausalityAndComposabilityAnalysis.xml
auto.tcl: Setting watchdog for 200 seconds at Sat May 11 04:17:04 UTC 2019
8 ms. Memory: 208384K Free: 199116K (96%)
ptolemy.util.test.WatchDog.cancel(): canceling Sat May 11 04:17:04 UTC 2019
auto.tcl: Setting watchdog for 200 seconds at Sat May 11 04:17:04 UTC 2019
9 ms. Memory: 208384K Free: 196555K (94%)
ptolemy.util.test.WatchDog.cancel(): canceling Sat May 11 04:17:04 UTC 2019
------------------ testing $PTII/ptolemy/domains/de/test/auto/CausalityInterface1.xml
auto.tcl: Setting watchdog for 200 seconds at Sat May 11 04:17:05 UTC 2019
18 ms. Memory: 208384K Free: 196493K (94%)
ptolemy.util.test.WatchDog.cancel(): canceling Sat May 11 04:17:05 UTC 2019
auto.tcl: Setting watchdog for 200 seconds at Sat May 11 04:17:05 UTC 2019
4 ms. Memory: 208384K Free: 196493K (94%)
ptolemy.util.test.WatchDog.cancel(): canceling Sat May 11 04:17:05 UTC 2019
------------------ testing $PTII/ptolemy/domains/de/test/auto/CausalityInterface15.xml
auto.tcl: Setting watchdog for 200 seconds at Sat May 11 04:17:05 UTC 2019
8 ms. Memory: 208384K Free: 196451K (94%)
ptolemy.util.test.WatchDog.cancel(): canceling Sat May 11 04:17:05 UTC 2019
auto.tcl: Setting watchdog for 200 seconds at Sat May 11 04:17:05 UTC 2019
6 ms. Memory: 208384K Free: 196451K (94%)
ptolemy.util.test.WatchDog.cancel(): canceling Sat May 11 04:17:05 UTC 2019
------------------ testing $PTII/ptolemy/domains/de/test/auto/CausalityInterface2.xml
auto.tcl: Setting watchdog for 200 seconds at Sat May 11 04:17:05 UTC 2019
4 ms. Memory: 208384K Free: 196466K (94%)
ptolemy.util.test.WatchDog.cancel(): canceling Sat May 11 04:17:05 UTC 2019
auto.tcl: Setting watchdog for 200 seconds at Sat May 11 04:17:05 UTC 2019
3 ms. Memory: 208384K Free: 196466K (94%)
ptolemy.util.test.WatchDog.cancel(): canceling Sat May 11 04:17:05 UTC 2019
------------------ testing $PTII/ptolemy/domains/de/test/auto/CausalityInterface3.xml
auto.tcl: Setting watchdog for 200 seconds at Sat May 11 04:17:05 UTC 2019
3 ms. Memory: 208384K Free: 196997K (95%)
ptolemy.util.test.WatchDog.cancel(): canceling Sat May 11 04:17:05 UTC 2019
auto.tcl: Setting watchdog for 200 seconds at Sat May 11 04:17:05 UTC 2019
3 ms. Memory: 208384K Free: 196478K (94%)
ptolemy.util.test.WatchDog.cancel(): canceling Sat May 11 04:17:05 UTC 2019
------------------ testing $PTII/ptolemy/domains/de/test/auto/ClockDrift.xml
auto.tcl: Setting watchdog for 200 seconds at Sat May 11 04:17:05 UTC 2019
60 ms. Memory: 208384K Free: 187885K (90%)
ptolemy.util.test.WatchDog.cancel(): canceling Sat May 11 04:17:05 UTC 2019
auto.tcl: Setting watchdog for 200 seconds at Sat May 11 04:17:05 UTC 2019
55 ms. Memory: 208384K Free: 185843K (89%)
ptolemy.util.test.WatchDog.cancel(): canceling Sat May 11 04:17:05 UTC 2019
------------------ testing $PTII/ptolemy/domains/de/test/auto/ClockDriftAndValueChange.xml
auto.tcl: Setting watchdog for 200 seconds at Sat May 11 04:17:05 UTC 2019
34 ms. Memory: 208384K Free: 189760K (91%)
ptolemy.util.test.WatchDog.cancel(): canceling Sat May 11 04:17:05 UTC 2019
auto.tcl: Setting watchdog for 200 seconds at Sat May 11 04:17:05 UTC 2019
35 ms. Memory: 208384K Free: 185677K (89%)
ptolemy.util.test.WatchDog.cancel(): canceling Sat May 11 04:17:05 UTC 2019
------------------ testing $PTII/ptolemy/domains/de/test/auto/ClockDriftChange.xml
auto.tcl: Setting watchdog for 200 seconds at Sat May 11 04:17:05 UTC 2019
35 ms. Memory: 208384K Free: 190985K (92%)
ptolemy.util.test.WatchDog.cancel(): canceling Sat May 11 04:17:05 UTC 2019
auto.tcl: Setting watchdog for 200 seconds at Sat May 11 04:17:05 UTC 2019
28 ms. Memory: 208384K Free: 188943K (91%)
ptolemy.util.test.WatchDog.cancel(): canceling Sat May 11 04:17:05 UTC 2019
------------------ testing $PTII/ptolemy/domains/de/test/auto/ComposableCausalityAnalysis.xml
auto.tcl: Setting watchdog for 200 seconds at Sat May 11 04:17:06 UTC 2019
3 ms. Memory: 208384K Free: 196335K (94%)
ptolemy.util.test.WatchDog.cancel(): canceling Sat May 11 04:17:06 UTC 2019
auto.tcl: Setting watchdog for 200 seconds at Sat May 11 04:17:06 UTC 2019
1 ms. Memory: 208384K Free: 194293K (93%)
ptolemy.util.test.WatchDog.cancel(): canceling Sat May 11 04:17:06 UTC 2019
------------------ testing $PTII/ptolemy/domains/de/test/auto/DEFixedPointLimitation.xml
auto.tcl: Setting watchdog for 200 seconds at Sat May 11 04:17:06 UTC 2019
3 ms. Memory: 208384K Free: 198457K (95%)
ptolemy.util.test.WatchDog.cancel(): canceling Sat May 11 04:17:06 UTC 2019
auto.tcl: Setting watchdog for 200 seconds at Sat May 11 04:17:06 UTC 2019
2 ms. Memory: 208384K Free: 196415K (94%)
ptolemy.util.test.WatchDog.cancel(): canceling Sat May 11 04:17:06 UTC 2019
------------------ testing $PTII/ptolemy/domains/de/test/auto/DEScheduleTest.xml
auto.tcl: Setting watchdog for 200 seconds at Sat May 11 04:17:06 UTC 2019
3 ms. Memory: 208384K Free: 198493K (95%)
ptolemy.util.test.WatchDog.cancel(): canceling Sat May 11 04:17:06 UTC 2019
auto.tcl: Setting watchdog for 200 seconds at Sat May 11 04:17:06 UTC 2019
6 ms. Memory: 208384K Free: 196451K (94%)
ptolemy.util.test.WatchDog.cancel(): canceling Sat May 11 04:17:06 UTC 2019
------------------ testing $PTII/ptolemy/domains/de/test/auto/DEinDEwithStartTimes.xml
auto.tcl: Setting watchdog for 200 seconds at Sat May 11 04:17:06 UTC 2019
3 ms. Memory: 208384K Free: 196420K (94%)
ptolemy.util.test.WatchDog.cancel(): canceling Sat May 11 04:17:06 UTC 2019
auto.tcl: Setting watchdog for 200 seconds at Sat May 11 04:17:06 UTC 2019
3 ms. Memory: 208384K Free: 196420K (94%)
ptolemy.util.test.WatchDog.cancel(): canceling Sat May 11 04:17:06 UTC 2019
------------------ testing $PTII/ptolemy/domains/de/test/auto/DEinDEwithStartTimes2.xml
auto.tcl: Setting watchdog for 200 seconds at Sat May 11 04:17:06 UTC 2019
5 ms. Memory: 208384K Free: 196400K (94%)
ptolemy.util.test.WatchDog.cancel(): canceling Sat May 11 04:17:06 UTC 2019
auto.tcl: Setting watchdog for 200 seconds at Sat May 11 04:17:06 UTC 2019
4 ms. Memory: 208384K Free: 194358K (93%)
ptolemy.util.test.WatchDog.cancel(): canceling Sat May 11 04:17:06 UTC 2019
------------------ testing $PTII/ptolemy/domains/de/test/auto/DateDemo.xml
auto.tcl: Setting watchdog for 200 seconds at Sat May 11 04:17:06 UTC 2019
12 ms. Memory: 208384K Free: 189019K (91%)
ptolemy.util.test.WatchDog.cancel(): canceling Sat May 11 04:17:06 UTC 2019
auto.tcl: Setting watchdog for 200 seconds at Sat May 11 04:17:06 UTC 2019
10 ms. Memory: 208384K Free: 186977K (90%)
ptolemy.util.test.WatchDog.cancel(): canceling Sat May 11 04:17:06 UTC 2019
------------------ testing $PTII/ptolemy/domains/de/test/auto/DateToEvent.xml
auto.tcl: Setting watchdog for 200 seconds at Sat May 11 04:17:06 UTC 2019
2010 ms. Memory: 208384K Free: 183884K (88%)
ptolemy.util.test.WatchDog.cancel(): canceling Sat May 11 04:17:08 UTC 2019
auto.tcl: Setting watchdog for 200 seconds at Sat May 11 04:17:08 UTC 2019
2004 ms. Memory: 208384K Free: 183884K (88%)
ptolemy.util.test.WatchDog.cancel(): canceling Sat May 11 04:17:10 UTC 2019
------------------ testing $PTII/ptolemy/domains/de/test/auto/DepthTest1.xml
auto.tcl: Setting watchdog for 200 seconds at Sat May 11 04:17:10 UTC 2019
3 ms. Memory: 208384K Free: 198540K (95%)
ptolemy.util.test.WatchDog.cancel(): canceling Sat May 11 04:17:10 UTC 2019
auto.tcl: Setting watchdog for 200 seconds at Sat May 11 04:17:10 UTC 2019
1 ms. Memory: 208384K Free: 198540K (95%)
ptolemy.util.test.WatchDog.cancel(): canceling Sat May 11 04:17:10 UTC 2019
------------------ testing $PTII/ptolemy/domains/de/test/auto/DepthTest2.xml
auto.tcl: Setting watchdog for 200 seconds at Sat May 11 04:17:10 UTC 2019
4 ms. Memory: 208384K Free: 194370K (93%)
ptolemy.util.test.WatchDog.cancel(): canceling Sat May 11 04:17:10 UTC 2019
auto.tcl: Setting watchdog for 200 seconds at Sat May 11 04:17:10 UTC 2019
3 ms. Memory: 208384K Free: 194370K (93%)
ptolemy.util.test.WatchDog.cancel(): canceling Sat May 11 04:17:10 UTC 2019
------------------ testing $PTII/ptolemy/domains/de/test/auto/DepthTest3.xml
auto.tcl: Setting watchdog for 200 seconds at Sat May 11 04:17:10 UTC 2019
6 ms. Memory: 208384K Free: 198355K (95%)
ptolemy.util.test.WatchDog.cancel(): canceling Sat May 11 04:17:10 UTC 2019
auto.tcl: Setting watchdog for 200 seconds at Sat May 11 04:17:10 UTC 2019
2 ms. Memory: 208384K Free: 198355K (95%)
ptolemy.util.test.WatchDog.cancel(): canceling Sat May 11 04:17:10 UTC 2019
------------------ testing $PTII/ptolemy/domains/de/test/auto/DepthTest4.xml
auto.tcl: Setting watchdog for 200 seconds at Sat May 11 04:17:10 UTC 2019
5 ms. Memory: 208384K Free: 196400K (94%)
ptolemy.util.test.WatchDog.cancel(): canceling Sat May 11 04:17:10 UTC 2019
auto.tcl: Setting watchdog for 200 seconds at Sat May 11 04:17:10 UTC 2019
5 ms. Memory: 208384K Free: 196400K (94%)
ptolemy.util.test.WatchDog.cancel(): canceling Sat May 11 04:17:10 UTC 2019
------------------ testing $PTII/ptolemy/domains/de/test/auto/DepthTest5.xml
auto.tcl: Setting watchdog for 200 seconds at Sat May 11 04:17:10 UTC 2019
3 ms. Memory: 208384K Free: 196867K (94%)
ptolemy.util.test.WatchDog.cancel(): canceling Sat May 11 04:17:11 UTC 2019
auto.tcl: Setting watchdog for 200 seconds at Sat May 11 04:17:11 UTC 2019
2 ms. Memory: 208384K Free: 196867K (94%)
ptolemy.util.test.WatchDog.cancel(): canceling Sat May 11 04:17:11 UTC 2019
------------------ testing $PTII/ptolemy/domains/de/test/auto/DepthTest6.xml
auto.tcl: Setting watchdog for 200 seconds at Sat May 11 04:17:11 UTC 2019
6 ms. Memory: 208384K Free: 196324K (94%)
ptolemy.util.test.WatchDog.cancel(): canceling Sat May 11 04:17:11 UTC 2019
auto.tcl: Setting watchdog for 200 seconds at Sat May 11 04:17:11 UTC 2019
3 ms. Memory: 208384K Free: 196324K (94%)
ptolemy.util.test.WatchDog.cancel(): canceling Sat May 11 04:17:11 UTC 2019
------------------ testing $PTII/ptolemy/domains/de/test/auto/DepthTest7.xml
auto.tcl: Setting watchdog for 200 seconds at Sat May 11 04:17:11 UTC 2019
3 ms. Memory: 208384K Free: 196305K (94%)
ptolemy.util.test.WatchDog.cancel(): canceling Sat May 11 04:17:11 UTC 2019
auto.tcl: Setting watchdog for 200 seconds at Sat May 11 04:17:11 UTC 2019
3 ms. Memory: 208384K Free: 196305K (94%)
ptolemy.util.test.WatchDog.cancel(): canceling Sat May 11 04:17:11 UTC 2019
------------------ testing $PTII/ptolemy/domains/de/test/auto/EventToDate.xml
auto.tcl: Setting watchdog for 200 seconds at Sat May 11 04:17:11 UTC 2019
3008 ms. Memory: 208384K Free: 183659K (88%)
ptolemy.util.test.WatchDog.cancel(): canceling Sat May 11 04:17:14 UTC 2019
auto.tcl: Setting watchdog for 200 seconds at Sat May 11 04:17:14 UTC 2019
3003 ms. Memory: 208384K Free: 183659K (88%)
ptolemy.util.test.WatchDog.cancel(): canceling Sat May 11 04:17:17 UTC 2019
------------------ testing $PTII/ptolemy/domains/de/test/auto/FSM1.xml
auto.tcl: Setting watchdog for 200 seconds at Sat May 11 04:17:17 UTC 2019
28 ms. Memory: 208384K Free: 189474K (91%)
ptolemy.util.test.WatchDog.cancel(): canceling Sat May 11 04:17:17 UTC 2019
auto.tcl: Setting watchdog for 200 seconds at Sat May 11 04:17:17 UTC 2019
23 ms. Memory: 208384K Free: 185390K (89%)
ptolemy.util.test.WatchDog.cancel(): canceling Sat May 11 04:17:17 UTC 2019
------------------ testing $PTII/ptolemy/domains/de/test/auto/FSM7.xml
auto.tcl: Setting watchdog for 200 seconds at Sat May 11 04:17:17 UTC 2019
23 ms. Memory: 208384K Free: 189677K (91%)
ptolemy.util.test.WatchDog.cancel(): canceling Sat May 11 04:17:17 UTC 2019
auto.tcl: Setting watchdog for 200 seconds at Sat May 11 04:17:17 UTC 2019
17 ms. Memory: 208384K Free: 185593K (89%)
ptolemy.util.test.WatchDog.cancel(): canceling Sat May 11 04:17:17 UTC 2019
------------------ testing $PTII/ptolemy/domains/de/test/auto/Inspection.xml
auto.tcl: Setting watchdog for 200 seconds at Sat May 11 04:17:17 UTC 2019
46 ms. Memory: 208384K Free: 188849K (91%)
ptolemy.util.test.WatchDog.cancel(): canceling Sat May 11 04:17:17 UTC 2019
auto.tcl: Setting watchdog for 200 seconds at Sat May 11 04:17:17 UTC 2019
17 ms. Memory: 208384K Free: 186807K (90%)
ptolemy.util.test.WatchDog.cancel(): canceling Sat May 11 04:17:17 UTC 2019
------------------ testing $PTII/ptolemy/domains/de/test/auto/Iteration.xml
auto.tcl: Setting watchdog for 200 seconds at Sat May 11 04:17:17 UTC 2019
8 ms. Memory: 208384K Free: 196112K (94%)
ptolemy.util.test.WatchDog.cancel(): canceling Sat May 11 04:17:17 UTC 2019
auto.tcl: Setting watchdog for 200 seconds at Sat May 11 04:17:17 UTC 2019
6 ms. Memory: 208384K Free: 194070K (93%)
ptolemy.util.test.WatchDog.cancel(): canceling Sat May 11 04:17:17 UTC 2019
------------------ testing $PTII/ptolemy/domains/de/test/auto/LineFault.xml
auto.tcl: Setting watchdog for 200 seconds at Sat May 11 04:17:17 UTC 2019
770 ms. Memory: 208384K Free: 199871K (96%)
ptolemy.util.test.WatchDog.cancel(): canceling Sat May 11 04:17:18 UTC 2019
auto.tcl: Setting watchdog for 200 seconds at Sat May 11 04:17:18 UTC 2019
564 ms. Memory: 208384K Free: 142433K (68%)
ptolemy.util.test.WatchDog.cancel(): canceling Sat May 11 04:17:19 UTC 2019
------------------ testing $PTII/ptolemy/domains/de/test/auto/MergeModel1Add.xml
auto.tcl: Setting watchdog for 200 seconds at Sat May 11 04:17:19 UTC 2019
18 ms. Memory: 331264K Free: 300783K (91%)
ptolemy.util.test.WatchDog.cancel(): canceling Sat May 11 04:17:19 UTC 2019
auto.tcl: Setting watchdog for 200 seconds at Sat May 11 04:17:19 UTC 2019
14 ms. Memory: 331264K Free: 300783K (91%)
ptolemy.util.test.WatchDog.cancel(): canceling Sat May 11 04:17:19 UTC 2019
------------------ testing $PTII/ptolemy/domains/de/test/auto/MergeModel2Add.xml
auto.tcl: Setting watchdog for 200 seconds at Sat May 11 04:17:19 UTC 2019
10 ms. Memory: 331264K Free: 305722K (92%)
ptolemy.util.test.WatchDog.cancel(): canceling Sat May 11 04:17:19 UTC 2019
auto.tcl: Setting watchdog for 200 seconds at Sat May 11 04:17:19 UTC 2019
11 ms. Memory: 331264K Free: 302154K (91%)
ptolemy.util.test.WatchDog.cancel(): canceling Sat May 11 04:17:19 UTC 2019
------------------ testing $PTII/ptolemy/domains/de/test/auto/MergeModel3Add.xml
auto.tcl: Setting watchdog for 200 seconds at Sat May 11 04:17:19 UTC 2019
11 ms. Memory: 331264K Free: 305701K (92%)
ptolemy.util.test.WatchDog.cancel(): canceling Sat May 11 04:17:19 UTC 2019
auto.tcl: Setting watchdog for 200 seconds at Sat May 11 04:17:19 UTC 2019
9 ms. Memory: 331264K Free: 302132K (91%)
ptolemy.util.test.WatchDog.cancel(): canceling Sat May 11 04:17:19 UTC 2019
------------------ testing $PTII/ptolemy/domains/de/test/auto/MergeWithoutDiscard.xml
auto.tcl: Setting watchdog for 200 seconds at Sat May 11 04:17:20 UTC 2019
2 ms. Memory: 331264K Free: 317111K (96%)
ptolemy.util.test.WatchDog.cancel(): canceling Sat May 11 04:17:20 UTC 2019
auto.tcl: Setting watchdog for 200 seconds at Sat May 11 04:17:20 UTC 2019
1 ms. Memory: 331264K Free: 317111K (96%)
ptolemy.util.test.WatchDog.cancel(): canceling Sat May 11 04:17:20 UTC 2019
------------------ testing $PTII/ptolemy/domains/de/test/auto/Modal1.xml
auto.tcl: Setting watchdog for 200 seconds at Sat May 11 04:17:20 UTC 2019
20 ms. Memory: 331264K Free: 310707K (94%)
ptolemy.util.test.WatchDog.cancel(): canceling Sat May 11 04:17:20 UTC 2019
auto.tcl: Setting watchdog for 200 seconds at Sat May 11 04:17:20 UTC 2019
23 ms. Memory: 331264K Free: 307138K (93%)
ptolemy.util.test.WatchDog.cancel(): canceling Sat May 11 04:17:20 UTC 2019
------------------ testing $PTII/ptolemy/domains/de/test/auto/Modal2.xml
auto.tcl: Setting watchdog for 200 seconds at Sat May 11 04:17:20 UTC 2019
19 ms. Memory: 331264K Free: 305677K (92%)
ptolemy.util.test.WatchDog.cancel(): canceling Sat May 11 04:17:20 UTC 2019
auto.tcl: Setting watchdog for 200 seconds at Sat May 11 04:17:20 UTC 2019
23 ms. Memory: 331264K Free: 302108K (91%)
ptolemy.util.test.WatchDog.cancel(): canceling Sat May 11 04:17:20 UTC 2019
------------------ testing $PTII/ptolemy/domains/de/test/auto/Modal3.xml
auto.tcl: Setting watchdog for 200 seconds at Sat May 11 04:17:20 UTC 2019
16 ms. Memory: 331264K Free: 311254K (94%)
ptolemy.util.test.WatchDog.cancel(): canceling Sat May 11 04:17:20 UTC 2019
auto.tcl: Setting watchdog for 200 seconds at Sat May 11 04:17:20 UTC 2019
12 ms. Memory: 331264K Free: 307010K (93%)
ptolemy.util.test.WatchDog.cancel(): canceling Sat May 11 04:17:20 UTC 2019
------------------ testing $PTII/ptolemy/domains/de/test/auto/Modal4.xml
auto.tcl: Setting watchdog for 200 seconds at Sat May 11 04:17:20 UTC 2019
25 ms. Memory: 331264K Free: 310592K (94%)
ptolemy.util.test.WatchDog.cancel(): canceling Sat May 11 04:17:20 UTC 2019
auto.tcl: Setting watchdog for 200 seconds at Sat May 11 04:17:20 UTC 2019
16 ms. Memory: 331264K Free: 307024K (93%)
ptolemy.util.test.WatchDog.cancel(): canceling Sat May 11 04:17:20 UTC 2019
------------------ testing $PTII/ptolemy/domains/de/test/auto/Modal5.xml
auto.tcl: Setting watchdog for 200 seconds at Sat May 11 04:17:20 UTC 2019
17 ms. Memory: 331264K Free: 310580K (94%)
ptolemy.util.test.WatchDog.cancel(): canceling Sat May 11 04:17:20 UTC 2019
auto.tcl: Setting watchdog for 200 seconds at Sat May 11 04:17:20 UTC 2019
12 ms. Memory: 331264K Free: 307011K (93%)
ptolemy.util.test.WatchDog.cancel(): canceling Sat May 11 04:17:20 UTC 2019
------------------ testing $PTII/ptolemy/domains/de/test/auto/Modal6.xml
auto.tcl: Setting watchdog for 200 seconds at Sat May 11 04:17:20 UTC 2019
13 ms. Memory: 331264K Free: 310577K (94%)
ptolemy.util.test.WatchDog.cancel(): canceling Sat May 11 04:17:20 UTC 2019
auto.tcl: Setting watchdog for 200 seconds at Sat May 11 04:17:20 UTC 2019
15 ms. Memory: 331264K Free: 307008K (93%)
ptolemy.util.test.WatchDog.cancel(): canceling Sat May 11 04:17:20 UTC 2019
------------------ testing $PTII/ptolemy/domains/de/test/auto/Modal7.xml
auto.tcl: Setting watchdog for 200 seconds at Sat May 11 04:17:20 UTC 2019
14 ms. Memory: 331264K Free: 307009K (93%)
ptolemy.util.test.WatchDog.cancel(): canceling Sat May 11 04:17:20 UTC 2019
auto.tcl: Setting watchdog for 200 seconds at Sat May 11 04:17:20 UTC 2019
10 ms. Memory: 331264K Free: 303440K (92%)
ptolemy.util.test.WatchDog.cancel(): canceling Sat May 11 04:17:20 UTC 2019
------------------ testing $PTII/ptolemy/domains/de/test/auto/ModalModel.xml
auto.tcl: Setting watchdog for 200 seconds at Sat May 11 04:17:20 UTC 2019
169 ms. Memory: 331264K Free: 248229K (75%)
ptolemy.util.test.WatchDog.cancel(): canceling Sat May 11 04:17:21 UTC 2019
auto.tcl: Setting watchdog for 200 seconds at Sat May 11 04:17:21 UTC 2019
176 ms. Memory: 331264K Free: 191129K (58%)
ptolemy.util.test.WatchDog.cancel(): canceling Sat May 11 04:17:21 UTC 2019
------------------ testing $PTII/ptolemy/domains/de/test/auto/ModalSource.xml
auto.tcl: Setting watchdog for 200 seconds at Sat May 11 04:17:21 UTC 2019
6 ms. Memory: 331264K Free: 316842K (96%)
ptolemy.util.test.WatchDog.cancel(): canceling Sat May 11 04:17:21 UTC 2019
auto.tcl: Setting watchdog for 200 seconds at Sat May 11 04:17:21 UTC 2019
6 ms. Memory: 331264K Free: 313566K (95%)
ptolemy.util.test.WatchDog.cancel(): canceling Sat May 11 04:17:21 UTC 2019
------------------ testing $PTII/ptolemy/domains/de/test/auto/NonInterruptibleTimerZeroDelay.xml
auto.tcl: Setting watchdog for 200 seconds at Sat May 11 04:17:21 UTC 2019
3 ms. Memory: 331264K Free: 321218K (97%)
ptolemy.util.test.WatchDog.cancel(): canceling Sat May 11 04:17:21 UTC 2019
auto.tcl: Setting watchdog for 200 seconds at Sat May 11 04:17:21 UTC 2019
2 ms. Memory: 331264K Free: 317934K (96%)
ptolemy.util.test.WatchDog.cancel(): canceling Sat May 11 04:17:21 UTC 2019
------------------ testing $PTII/ptolemy/domains/de/test/auto/OpenQueueingNetwork.xml
auto.tcl: Setting watchdog for 200 seconds at Sat May 11 04:17:21 UTC 2019
2712 ms. Memory: 573952K Free: 437496K (76%)
ptolemy.util.test.WatchDog.cancel(): canceling Sat May 11 04:17:24 UTC 2019
auto.tcl: Setting watchdog for 200 seconds at Sat May 11 04:17:24 UTC 2019
2002 ms. Memory: 574464K Free: 382110K (67%)
ptolemy.util.test.WatchDog.cancel(): canceling Sat May 11 04:17:26 UTC 2019
------------------ testing $PTII/ptolemy/domains/de/test/auto/OpenQueuingNetwork.xml
auto.tcl: Setting watchdog for 200 seconds at Sat May 11 04:17:26 UTC 2019
218 ms. Memory: 1064960K Free: 965094K (91%)
ptolemy.util.test.WatchDog.cancel(): canceling Sat May 11 04:17:26 UTC 2019
auto.tcl: Setting watchdog for 200 seconds at Sat May 11 04:17:26 UTC 2019
214 ms. Memory: 1064960K Free: 908716K (85%)
ptolemy.util.test.WatchDog.cancel(): canceling Sat May 11 04:17:26 UTC 2019
------------------ testing $PTII/ptolemy/domains/de/test/auto/PeriodicSampler.xml
auto.tcl: Setting watchdog for 200 seconds at Sat May 11 04:17:26 UTC 2019
3 ms. Memory: 1065472K Free: 1039446K (98%)
ptolemy.util.test.WatchDog.cancel(): canceling Sat May 11 04:17:26 UTC 2019
auto.tcl: Setting watchdog for 200 seconds at Sat May 11 04:17:26 UTC 2019
2 ms. Memory: 1065472K Free: 1039446K (98%)
ptolemy.util.test.WatchDog.cancel(): canceling Sat May 11 04:17:26 UTC 2019
------------------ testing $PTII/ptolemy/domains/de/test/auto/PersistentIO.xml
auto.tcl: Setting watchdog for 200 seconds at Sat May 11 04:17:27 UTC 2019
5 ms. Memory: 1065472K Free: 1030215K (97%)
ptolemy.util.test.WatchDog.cancel(): canceling Sat May 11 04:17:27 UTC 2019
auto.tcl: Setting watchdog for 200 seconds at Sat May 11 04:17:27 UTC 2019
3 ms. Memory: 1065472K Free: 1030215K (97%)
ptolemy.util.test.WatchDog.cancel(): canceling Sat May 11 04:17:27 UTC 2019
------------------ testing $PTII/ptolemy/domains/de/test/auto/PortParameterResetOnInitialize.xml
auto.tcl: Setting watchdog for 200 seconds at Sat May 11 04:17:27 UTC 2019
2 ms. Memory: 1065472K Free: 1030076K (97%)
ptolemy.util.test.WatchDog.cancel(): canceling Sat May 11 04:17:27 UTC 2019
auto.tcl: Setting watchdog for 200 seconds at Sat May 11 04:17:27 UTC 2019
1 ms. Memory: 1065472K Free: 1030076K (97%)
ptolemy.util.test.WatchDog.cancel(): canceling Sat May 11 04:17:27 UTC 2019
------------------ testing $PTII/ptolemy/domains/de/test/auto/PortParameterUpdates.xml
auto.tcl: Setting watchdog for 200 seconds at Sat May 11 04:17:27 UTC 2019
10 ms. Memory: 1065472K Free: 1029070K (97%)
ptolemy.util.test.WatchDog.cancel(): canceling Sat May 11 04:17:27 UTC 2019
auto.tcl: Setting watchdog for 200 seconds at Sat May 11 04:17:27 UTC 2019
3 ms. Memory: 1065472K Free: 1029070K (97%)
ptolemy.util.test.WatchDog.cancel(): canceling Sat May 11 04:17:27 UTC 2019
------------------ testing $PTII/ptolemy/domains/de/test/auto/QueueAndServer.xml
auto.tcl: Setting watchdog for 200 seconds at Sat May 11 04:17:27 UTC 2019
10 ms. Memory: 1065472K Free: 1029033K (97%)
ptolemy.util.test.WatchDog.cancel(): canceling Sat May 11 04:17:27 UTC 2019
auto.tcl: Setting watchdog for 200 seconds at Sat May 11 04:17:27 UTC 2019
6 ms. Memory: 1065472K Free: 1029033K (97%)
ptolemy.util.test.WatchDog.cancel(): canceling Sat May 11 04:17:27 UTC 2019
------------------ testing $PTII/ptolemy/domains/de/test/auto/Records.xml
auto.tcl: Setting watchdog for 200 seconds at Sat May 11 04:17:27 UTC 2019
12 ms. Memory: 1065472K Free: 1038796K (97%)
ptolemy.util.test.WatchDog.cancel(): canceling Sat May 11 04:17:27 UTC 2019
auto.tcl: Setting watchdog for 200 seconds at Sat May 11 04:17:27 UTC 2019
2 ms. Memory: 1065472K Free: 1038796K (97%)
ptolemy.util.test.WatchDog.cancel(): canceling Sat May 11 04:17:27 UTC 2019
------------------ testing $PTII/ptolemy/domains/de/test/auto/ResetTransitionWithStartTime1.xml
auto.tcl: Setting watchdog for 200 seconds at Sat May 11 04:17:27 UTC 2019
9 ms. Memory: 1065472K Free: 1039961K (98%)
ptolemy.util.test.WatchDog.cancel(): canceling Sat May 11 04:17:27 UTC 2019
auto.tcl: Setting watchdog for 200 seconds at Sat May 11 04:17:27 UTC 2019
5 ms. Memory: 1065472K Free: 1038821K (97%)
ptolemy.util.test.WatchDog.cancel(): canceling Sat May 11 04:17:27 UTC 2019
------------------ testing $PTII/ptolemy/domains/de/test/auto/ResetTransitionWithStartTime2.xml
auto.tcl: Setting watchdog for 200 seconds at Sat May 11 04:17:27 UTC 2019
4 ms. Memory: 1064448K Free: 1038928K (98%)
ptolemy.util.test.WatchDog.cancel(): canceling Sat May 11 04:17:27 UTC 2019
auto.tcl: Setting watchdog for 200 seconds at Sat May 11 04:17:27 UTC 2019
6 ms. Memory: 1064448K Free: 1038928K (98%)
ptolemy.util.test.WatchDog.cancel(): canceling Sat May 11 04:17:27 UTC 2019
------------------ testing $PTII/ptolemy/domains/de/test/auto/ResetTransitionWithStartTime3.xml
auto.tcl: Setting watchdog for 200 seconds at Sat May 11 04:17:27 UTC 2019
6 ms. Memory: 1064960K Free: 1038299K (97%)
ptolemy.util.test.WatchDog.cancel(): canceling Sat May 11 04:17:27 UTC 2019
auto.tcl: Setting watchdog for 200 seconds at Sat May 11 04:17:27 UTC 2019
5 ms. Memory: 1064960K Free: 1038299K (97%)
ptolemy.util.test.WatchDog.cancel(): canceling Sat May 11 04:17:27 UTC 2019
------------------ testing $PTII/ptolemy/domains/de/test/auto/ResetTransitionWithStartTime4.xml
auto.tcl: Setting watchdog for 200 seconds at Sat May 11 04:17:27 UTC 2019
3 ms. Memory: 1064960K Free: 1038298K (97%)
ptolemy.util.test.WatchDog.cancel(): canceling Sat May 11 04:17:27 UTC 2019
auto.tcl: Setting watchdog for 200 seconds at Sat May 11 04:17:27 UTC 2019
3 ms. Memory: 1064960K Free: 1038298K (97%)
ptolemy.util.test.WatchDog.cancel(): canceling Sat May 11 04:17:27 UTC 2019
------------------ testing $PTII/ptolemy/domains/de/test/auto/ResettableTimer1.xml
auto.tcl: Setting watchdog for 200 seconds at Sat May 11 04:17:27 UTC 2019
3 ms. Memory: 1064960K Free: 1038294K (97%)
ptolemy.util.test.WatchDog.cancel(): canceling Sat May 11 04:17:27 UTC 2019
auto.tcl: Setting watchdog for 200 seconds at Sat May 11 04:17:27 UTC 2019
2 ms. Memory: 1064960K Free: 1038294K (97%)
ptolemy.util.test.WatchDog.cancel(): canceling Sat May 11 04:17:27 UTC 2019
------------------ testing $PTII/ptolemy/domains/de/test/auto/ResettableTimer2.xml
auto.tcl: Setting watchdog for 200 seconds at Sat May 11 04:17:27 UTC 2019
2 ms. Memory: 1064960K Free: 1039492K (98%)
ptolemy.util.test.WatchDog.cancel(): canceling Sat May 11 04:17:27 UTC 2019
auto.tcl: Setting watchdog for 200 seconds at Sat May 11 04:17:27 UTC 2019
2 ms. Memory: 1064960K Free: 1039492K (98%)
ptolemy.util.test.WatchDog.cancel(): canceling Sat May 11 04:17:27 UTC 2019
------------------ testing $PTII/ptolemy/domains/de/test/auto/ResettableTimer3.xml
auto.tcl: Setting watchdog for 200 seconds at Sat May 11 04:17:27 UTC 2019
1 ms. Memory: 1064960K Free: 1038351K (98%)
ptolemy.util.test.WatchDog.cancel(): canceling Sat May 11 04:17:27 UTC 2019
auto.tcl: Setting watchdog for 200 seconds at Sat May 11 04:17:27 UTC 2019
1 ms. Memory: 1064960K Free: 1038351K (98%)
ptolemy.util.test.WatchDog.cancel(): canceling Sat May 11 04:17:27 UTC 2019
------------------ testing $PTII/ptolemy/domains/de/test/auto/ResettableTimer4.xml
auto.tcl: Setting watchdog for 200 seconds at Sat May 11 04:17:27 UTC 2019
1 ms. Memory: 1063936K Free: 1037340K (98%)
ptolemy.util.test.WatchDog.cancel(): canceling Sat May 11 04:17:27 UTC 2019
auto.tcl: Setting watchdog for 200 seconds at Sat May 11 04:17:27 UTC 2019
1 ms. Memory: 1063936K Free: 1037340K (98%)
ptolemy.util.test.WatchDog.cancel(): canceling Sat May 11 04:17:27 UTC 2019
------------------ testing $PTII/ptolemy/domains/de/test/auto/ResettableTimer5.xml
auto.tcl: Setting watchdog for 200 seconds at Sat May 11 04:17:27 UTC 2019
1 ms. Memory: 1064448K Free: 1037850K (98%)
ptolemy.util.test.WatchDog.cancel(): canceling Sat May 11 04:17:27 UTC 2019
auto.tcl: Setting watchdog for 200 seconds at Sat May 11 04:17:27 UTC 2019
1 ms. Memory: 1064448K Free: 1037850K (98%)
ptolemy.util.test.WatchDog.cancel(): canceling Sat May 11 04:17:27 UTC 2019
------------------ testing $PTII/ptolemy/domains/de/test/auto/ResettableTimer6.xml
auto.tcl: Setting watchdog for 200 seconds at Sat May 11 04:17:27 UTC 2019
1 ms. Memory: 1064448K Free: 1037799K (97%)
ptolemy.util.test.WatchDog.cancel(): canceling Sat May 11 04:17:28 UTC 2019
auto.tcl: Setting watchdog for 200 seconds at Sat May 11 04:17:28 UTC 2019
1 ms. Memory: 1064448K Free: 1037799K (97%)
ptolemy.util.test.WatchDog.cancel(): canceling Sat May 11 04:17:28 UTC 2019
------------------ testing $PTII/ptolemy/domains/de/test/auto/ServerZeroDelay.xml
auto.tcl: Setting watchdog for 200 seconds at Sat May 11 04:17:28 UTC 2019
3 ms. Memory: 1064448K Free: 1038930K (98%)
ptolemy.util.test.WatchDog.cancel(): canceling Sat May 11 04:17:28 UTC 2019
auto.tcl: Setting watchdog for 200 seconds at Sat May 11 04:17:28 UTC 2019
2 ms. Memory: 1064448K Free: 1038930K (98%)
ptolemy.util.test.WatchDog.cancel(): canceling Sat May 11 04:17:28 UTC 2019
------------------ testing $PTII/ptolemy/domains/de/test/auto/SmartSender.xml
auto.tcl: Setting watchdog for 200 seconds at Sat May 11 04:17:28 UTC 2019
3002 ms. Memory: 1064448K Free: 1038925K (98%)
ptolemy.util.test.WatchDog.cancel(): canceling Sat May 11 04:17:31 UTC 2019
auto.tcl: Setting watchdog for 200 seconds at Sat May 11 04:17:31 UTC 2019
3001 ms. Memory: 1064448K Free: 1038925K (98%)
ptolemy.util.test.WatchDog.cancel(): canceling Sat May 11 04:17:34 UTC 2019
------------------ testing $PTII/ptolemy/domains/de/test/auto/ThreadedComposite.xml
auto.tcl: Setting watchdog for 200 seconds at Sat May 11 04:17:34 UTC 2019
196 ms. Memory: 1064448K Free: 997056K (94%)
ptolemy.util.test.WatchDog.cancel(): canceling Sat May 11 04:17:34 UTC 2019
auto.tcl: Setting watchdog for 200 seconds at Sat May 11 04:17:34 UTC 2019
97 ms. Memory: 1064448K Free: 977416K (92%)
ptolemy.util.test.WatchDog.cancel(): canceling Sat May 11 04:17:34 UTC 2019
------------------ testing $PTII/ptolemy/domains/de/test/auto/Time.xml
auto.tcl: Setting watchdog for 200 seconds at Sat May 11 04:17:34 UTC 2019
501 ms. Memory: 1064448K Free: 988410K (93%)
ptolemy.util.test.WatchDog.cancel(): canceling Sat May 11 04:17:35 UTC 2019
auto.tcl: Setting watchdog for 200 seconds at Sat May 11 04:17:35 UTC 2019
476 ms. Memory: 1064448K Free: 943283K (89%)
ptolemy.util.test.WatchDog.cancel(): canceling Sat May 11 04:17:35 UTC 2019
------------------ testing $PTII/ptolemy/domains/de/test/auto/TimeDelayZeroDelay.xml
auto.tcl: Setting watchdog for 200 seconds at Sat May 11 04:17:35 UTC 2019
2 ms. Memory: 1064448K Free: 1037708K (97%)
ptolemy.util.test.WatchDog.cancel(): canceling Sat May 11 04:17:35 UTC 2019
auto.tcl: Setting watchdog for 200 seconds at Sat May 11 04:17:35 UTC 2019
2 ms. Memory: 1064448K Free: 1037708K (97%)
ptolemy.util.test.WatchDog.cancel(): canceling Sat May 11 04:17:35 UTC 2019
------------------ testing $PTII/ptolemy/domains/de/test/auto/TimerZeroDelay.xml
auto.tcl: Setting watchdog for 200 seconds at Sat May 11 04:17:35 UTC 2019
2 ms. Memory: 1063424K Free: 1037867K (98%)
ptolemy.util.test.WatchDog.cancel(): canceling Sat May 11 04:17:35 UTC 2019
auto.tcl: Setting watchdog for 200 seconds at Sat May 11 04:17:35 UTC 2019
1 ms. Memory: 1063424K Free: 1037867K (98%)
ptolemy.util.test.WatchDog.cancel(): canceling Sat May 11 04:17:35 UTC 2019
------------------ testing $PTII/ptolemy/domains/de/test/auto/TimingParadox.xml
auto.tcl: Setting watchdog for 200 seconds at Sat May 11 04:17:35 UTC 2019
394 ms. Memory: 1063936K Free: 973910K (92%)
ptolemy.util.test.WatchDog.cancel(): canceling Sat May 11 04:17:36 UTC 2019
auto.tcl: Setting watchdog for 200 seconds at Sat May 11 04:17:36 UTC 2019
346 ms. Memory: 1063936K Free: 940066K (88%)
ptolemy.util.test.WatchDog.cancel(): canceling Sat May 11 04:17:36 UTC 2019
------------------ testing $PTII/ptolemy/domains/de/test/auto/TransferInputs.xml
auto.tcl: Setting watchdog for 200 seconds at Sat May 11 04:17:36 UTC 2019
1 ms. Memory: 1063424K Free: 1036840K (98%)
ptolemy.util.test.WatchDog.cancel(): canceling Sat May 11 04:17:36 UTC 2019
auto.tcl: Setting watchdog for 200 seconds at Sat May 11 04:17:36 UTC 2019
2 ms. Memory: 1063424K Free: 1036840K (98%)
ptolemy.util.test.WatchDog.cancel(): canceling Sat May 11 04:17:36 UTC 2019
------------------ testing $PTII/ptolemy/domains/de/test/auto/TransferOutputs2.xml
auto.tcl: Setting watchdog for 200 seconds at Sat May 11 04:17:36 UTC 2019
3 ms. Memory: 1063936K Free: 1038453K (98%)
ptolemy.util.test.WatchDog.cancel(): canceling Sat May 11 04:17:36 UTC 2019
auto.tcl: Setting watchdog for 200 seconds at Sat May 11 04:17:36 UTC 2019
3 ms. Memory: 1063936K Free: 1038453K (98%)
ptolemy.util.test.WatchDog.cancel(): canceling Sat May 11 04:17:36 UTC 2019
------------------ testing $PTII/ptolemy/domains/de/test/auto/Trilateration.xml
auto.tcl: Setting watchdog for 200 seconds at Sat May 11 04:17:36 UTC 2019
13719 ms. Memory: 976384K Free: 943217K (97%)
ptolemy.util.test.WatchDog.cancel(): canceling Sat May 11 04:17:51 UTC 2019
auto.tcl: Setting watchdog for 200 seconds at Sat May 11 04:17:51 UTC 2019
10401 ms. Memory: 849408K Free: 779523K (92%)
ptolemy.util.test.WatchDog.cancel(): canceling Sat May 11 04:18:01 UTC 2019
------------------ testing $PTII/ptolemy/domains/de/test/auto/TwoSigmaDelta.xml
auto.tcl: Setting watchdog for 200 seconds at Sat May 11 04:18:01 UTC 2019
2714 ms. Memory: 853504K Free: 533977K (63%)
ptolemy.util.test.WatchDog.cancel(): canceling Sat May 11 04:18:04 UTC 2019
auto.tcl: Setting watchdog for 200 seconds at Sat May 11 04:18:04 UTC 2019
2045 ms. Memory: 853504K Free: 296151K (35%)
ptolemy.util.test.WatchDog.cancel(): canceling Sat May 11 04:18:06 UTC 2019
------------------ testing $PTII/ptolemy/domains/de/test/auto/VariableDelay.xml
auto.tcl: Setting watchdog for 200 seconds at Sat May 11 04:18:06 UTC 2019
2 ms. Memory: 849920K Free: 826114K (97%)
ptolemy.util.test.WatchDog.cancel(): canceling Sat May 11 04:18:06 UTC 2019
auto.tcl: Setting watchdog for 200 seconds at Sat May 11 04:18:06 UTC 2019
1 ms. Memory: 849920K Free: 826114K (97%)
ptolemy.util.test.WatchDog.cancel(): canceling Sat May 11 04:18:06 UTC 2019
------------------ testing $PTII/ptolemy/domains/de/test/auto/VariableDelay2.xml
auto.tcl: Setting watchdog for 200 seconds at Sat May 11 04:18:06 UTC 2019
1 ms. Memory: 849408K Free: 826119K (97%)
ptolemy.util.test.WatchDog.cancel(): canceling Sat May 11 04:18:06 UTC 2019
auto.tcl: Setting watchdog for 200 seconds at Sat May 11 04:18:06 UTC 2019
1 ms. Memory: 849408K Free: 826119K (97%)
ptolemy.util.test.WatchDog.cancel(): canceling Sat May 11 04:18:06 UTC 2019
------------------ testing $PTII/ptolemy/domains/de/test/auto/VariableDelayZeroDelay.xml
auto.tcl: Setting watchdog for 200 seconds at Sat May 11 04:18:06 UTC 2019
2 ms. Memory: 849408K Free: 826118K (97%)
ptolemy.util.test.WatchDog.cancel(): canceling Sat May 11 04:18:06 UTC 2019
auto.tcl: Setting watchdog for 200 seconds at Sat May 11 04:18:06 UTC 2019
2 ms. Memory: 849408K Free: 826118K (97%)
ptolemy.util.test.WatchDog.cancel(): canceling Sat May 11 04:18:06 UTC 2019
------------------ testing $PTII/ptolemy/domains/de/test/auto/VariableDelayZeroDelay2.xml
auto.tcl: Setting watchdog for 200 seconds at Sat May 11 04:18:07 UTC 2019
2 ms. Memory: 852480K Free: 821508K (96%)
ptolemy.util.test.WatchDog.cancel(): canceling Sat May 11 04:18:07 UTC 2019
auto.tcl: Setting watchdog for 200 seconds at Sat May 11 04:18:07 UTC 2019
2 ms. Memory: 852480K Free: 821508K (96%)
ptolemy.util.test.WatchDog.cancel(): canceling Sat May 11 04:18:07 UTC 2019
------------------ testing $PTII/ptolemy/domains/de/test/auto/deInCt.xml
auto.tcl: Setting watchdog for 200 seconds at Sat May 11 04:18:07 UTC 2019
0
1
1
1
0
0
0
1
1
1
1
0
0
0
1
1
1
1
1
1
0
0
0
0
0
1
1
1
1
12 ms. Memory: 849408K Free: 818329K (96%)
ptolemy.util.test.WatchDog.cancel(): canceling Sat May 11 04:18:07 UTC 2019
auto.tcl: Setting watchdog for 200 seconds at Sat May 11 04:18:07 UTC 2019
0
1
1
1
1
0
0
0
1
1
1
0
0
0
0
1
1
1
1
1
0
0
0
0
1
1
1
1
1
1
8 ms. Memory: 849408K Free: 818329K (96%)
ptolemy.util.test.WatchDog.cancel(): canceling Sat May 11 04:18:07 UTC 2019
------------------ testing $PTII/ptolemy/domains/de/test/auto/deInCt2.xml
auto.tcl: Setting watchdog for 200 seconds at Sat May 11 04:18:07 UTC 2019
0
1
1
1
0
0
1
1
1
0
0
1
1
1
0
0
1
1
1
0
0
1
1
1
0
0
1
1
1
0
0
1
1
1
0
0
1
1
1
0
0
0
14 ms. Memory: 852480K Free: 821401K (96%)
ptolemy.util.test.WatchDog.cancel(): canceling Sat May 11 04:18:07 UTC 2019
auto.tcl: Setting watchdog for 200 seconds at Sat May 11 04:18:07 UTC 2019
0
1
1
1
0
0
1
1
1
0
0
1
1
1
0
0
1
1
1
0
0
1
1
1
0
0
1
1
1
0
0
1
1
1
0
0
1
1
1
0
0
0
8 ms. Memory: 852480K Free: 821401K (96%)
ptolemy.util.test.WatchDog.cancel(): canceling Sat May 11 04:18:07 UTC 2019
------------------ testing $PTII/ptolemy/domains/de/test/auto/dynamicCausalityInterface1.xml
auto.tcl: Setting watchdog for 200 seconds at Sat May 11 04:18:07 UTC 2019
1 ms. Memory: 849408K Free: 826108K (97%)
ptolemy.util.test.WatchDog.cancel(): canceling Sat May 11 04:18:07 UTC 2019
auto.tcl: Setting watchdog for 200 seconds at Sat May 11 04:18:07 UTC 2019
0 ms. Memory: 849408K Free: 826108K (97%)
ptolemy.util.test.WatchDog.cancel(): canceling Sat May 11 04:18:07 UTC 2019
------------------ testing $PTII/ptolemy/domains/de/test/auto/fsm_de_test.xml
auto.tcl: Setting watchdog for 200 seconds at Sat May 11 04:18:07 UTC 2019
5 ms. Memory: 851968K Free: 820882K (96%)
ptolemy.util.test.WatchDog.cancel(): canceling Sat May 11 04:18:07 UTC 2019
auto.tcl: Setting watchdog for 200 seconds at Sat May 11 04:18:07 UTC 2019
4 ms. Memory: 851968K Free: 820882K (96%)
ptolemy.util.test.WatchDog.cancel(): canceling Sat May 11 04:18:07 UTC 2019
------------------ testing $PTII/ptolemy/domains/de/test/auto/functionDependencyReconstruction.xml
auto.tcl: Setting watchdog for 200 seconds at Sat May 11 04:18:07 UTC 2019
4 ms. Memory: 849408K Free: 807214K (95%)
ptolemy.util.test.WatchDog.cancel(): canceling Sat May 11 04:18:07 UTC 2019
auto.tcl: Setting watchdog for 200 seconds at Sat May 11 04:18:07 UTC 2019
3 ms. Memory: 849408K Free: 807214K (95%)
ptolemy.util.test.WatchDog.cancel(): canceling Sat May 11 04:18:07 UTC 2019
------------------ testing $PTII/ptolemy/domains/de/test/auto/multirate.xml
auto.tcl: Setting watchdog for 200 seconds at Sat May 11 04:18:07 UTC 2019
7 ms. Memory: 851456K Free: 820133K (96%)
ptolemy.util.test.WatchDog.cancel(): canceling Sat May 11 04:18:07 UTC 2019
auto.tcl: Setting watchdog for 200 seconds at Sat May 11 04:18:07 UTC 2019
3 ms. Memory: 851456K Free: 820133K (96%)
ptolemy.util.test.WatchDog.cancel(): canceling Sat May 11 04:18:07 UTC 2019
------------------ testing $PTII/ptolemy/domains/de/test/auto/multirate2.xml
auto.tcl: Setting watchdog for 200 seconds at Sat May 11 04:18:07 UTC 2019
3 ms. Memory: 849408K Free: 818272K (96%)
ptolemy.util.test.WatchDog.cancel(): canceling Sat May 11 04:18:07 UTC 2019
auto.tcl: Setting watchdog for 200 seconds at Sat May 11 04:18:07 UTC 2019
2 ms. Memory: 849408K Free: 818272K (96%)
ptolemy.util.test.WatchDog.cancel(): canceling Sat May 11 04:18:07 UTC 2019
------------------ testing $PTII/ptolemy/domains/de/test/auto/realtime.xml
auto.tcl: Setting watchdog for 200 seconds at Sat May 11 04:18:07 UTC 2019
10001 ms. Memory: 851456K Free: 827999K (97%)
ptolemy.util.test.WatchDog.cancel(): canceling Sat May 11 04:18:17 UTC 2019
auto.tcl: Setting watchdog for 200 seconds at Sat May 11 04:18:17 UTC 2019
10001 ms. Memory: 851456K Free: 827999K (97%)
ptolemy.util.test.WatchDog.cancel(): canceling Sat May 11 04:18:27 UTC 2019
------------------ testing $PTII/ptolemy/domains/de/test/auto/relationGroup.xml
auto.tcl: Setting watchdog for 200 seconds at Sat May 11 04:18:27 UTC 2019
1 ms. Memory: 849408K Free: 826080K (97%)
ptolemy.util.test.WatchDog.cancel(): canceling Sat May 11 04:18:27 UTC 2019
auto.tcl: Setting watchdog for 200 seconds at Sat May 11 04:18:27 UTC 2019
1 ms. Memory: 849408K Free: 826080K (97%)
ptolemy.util.test.WatchDog.cancel(): canceling Sat May 11 04:18:27 UTC 2019
------------------ testing $PTII/ptolemy/domains/de/test/auto/relationGroup2.xml
auto.tcl: Setting watchdog for 200 seconds at Sat May 11 04:18:27 UTC 2019
1 ms. Memory: 850944K Free: 827643K (97%)
ptolemy.util.test.WatchDog.cancel(): canceling Sat May 11 04:18:27 UTC 2019
auto.tcl: Setting watchdog for 200 seconds at Sat May 11 04:18:27 UTC 2019
1 ms. Memory: 850944K Free: 827643K (97%)
ptolemy.util.test.WatchDog.cancel(): canceling Sat May 11 04:18:27 UTC 2019
------------------ testing $PTII/ptolemy/domains/de/test/auto/sortWithOpaquePorts.xml
auto.tcl: Setting watchdog for 200 seconds at Sat May 11 04:18:27 UTC 2019
1 ms. Memory: 849408K Free: 818428K (96%)
ptolemy.util.test.WatchDog.cancel(): canceling Sat May 11 04:18:27 UTC 2019
auto.tcl: Setting watchdog for 200 seconds at Sat May 11 04:18:27 UTC 2019
1 ms. Memory: 849408K Free: 818428K (96%)
ptolemy.util.test.WatchDog.cancel(): canceling Sat May 11 04:18:27 UTC 2019
------------------ testing $PTII/ptolemy/domains/de/test/auto/transferInputsandOutputs.xml
auto.tcl: Setting watchdog for 200 seconds at Sat May 11 04:18:27 UTC 2019
2 ms. Memory: 850944K Free: 819950K (96%)
ptolemy.util.test.WatchDog.cancel(): canceling Sat May 11 04:18:27 UTC 2019
auto.tcl: Setting watchdog for 200 seconds at Sat May 11 04:18:27 UTC 2019
1 ms. Memory: 850944K Free: 819950K (96%)
ptolemy.util.test.WatchDog.cancel(): canceling Sat May 11 04:18:27 UTC 2019
------------------ testing $PTII/ptolemy/domains/de/test/auto/triggerType.xml
auto.tcl: Setting watchdog for 200 seconds at Sat May 11 04:18:27 UTC 2019
4 ms. Memory: 849408K Free: 818365K (96%)
ptolemy.util.test.WatchDog.cancel(): canceling Sat May 11 04:18:27 UTC 2019
auto.tcl: Setting watchdog for 200 seconds at Sat May 11 04:18:27 UTC 2019
1 ms. Memory: 849408K Free: 818365K (96%)
ptolemy.util.test.WatchDog.cancel(): canceling Sat May 11 04:18:27 UTC 2019
05/11/19 04:18:27
Failed: 0  Total Tests: 192  ((Passed: 187, Newly Passed: 1)  Known Failed: 5) /home/travis/build/icyphy/ptII/ptolemy/domains/de/test
05/11/19 04:18:27
Failed: 0  Total Tests: 192  ((Passed: 187, Newly Passed: 1)  Known Failed: 5) /home/travis/build/icyphy/ptII/ptolemy/domains/de/test
----------------- testing (KnownFailure) /home/travis/build/icyphy/ptII/ptolemy/domains/de/test/auto/knownFailedTests/DESDFClockTest.xml
2010 ms. Memory: 850432K Free: 803979K (95%)
Known Failure: java.lang.reflect.InvocationTargetException
----------------- testing (KnownFailure) /home/travis/build/icyphy/ptII/ptolemy/domains/de/test/auto/knownFailedTests/DirectFeedback.xml
1 ms. Memory: 850432K Free: 742538K (87%)
Known Failure: java.lang.reflect.InvocationTargetException
----------------- testing (KnownFailure) /home/travis/build/icyphy/ptII/ptolemy/domains/de/test/auto/knownFailedTests/FSMSource.xml
15 ms. Memory: 850432K Free: 681098K (80%)
----------------- testing (KnownFailure) /home/travis/build/icyphy/ptII/ptolemy/domains/de/test/auto/knownFailedTests/HierarchicalModel.xml
3 ms. Memory: 850432K Free: 635002K (75%)
Known Failure: java.lang.reflect.InvocationTargetException
----------------- testing (KnownFailure) /home/travis/build/icyphy/ptII/ptolemy/domains/de/test/auto/knownFailedTests/dependencyLoop.xml
2 ms. Memory: 850432K Free: 573562K (67%)
Known Failure: java.lang.reflect.InvocationTargetException
----------------- testing (KnownFailure) /home/travis/build/icyphy/ptII/ptolemy/domains/de/test/auto/knownFailedTests/dependencyLoop2.xml
5 ms. Memory: 850432K Free: 512121K (60%)
Known Failure: java.lang.reflect.InvocationTargetException
No auto/linux-amd64/*.xml tests in /home/travis/build/icyphy/ptII/ptolemy/domains/de/test
AutoTests.java: About to close Vertx.
AutoTests.java: Vertx closed.

===========================================================================================
----------------- testing Sat May 11 04:18:30 UTC 2019 /home/travis/build/icyphy/ptII/ptolemy/domains/de/test/auto/ActorDepthCalculation_actorWithoutPorts.xml
----------------- Instantiating /home/travis/build/icyphy/ptII/ptolemy/domains/de/test/auto/ActorDepthCalculation_actorWithoutPorts.xml
2 ms. Memory: 850432K Free: 435321K (51%)
----------------- Invoking toplevel() on ptolemy.moml.MoMLSimpleApplication@5b53d38c
----------------- Done invoking toplevel() on ptolemy.moml.MoMLSimpleApplication@5b53d38c
reloadAllAccessors: .ActorDepthCalculation_actorWithoutPorts

===========================================================================================
----------------- testing Sat May 11 04:18:30 UTC 2019 /home/travis/build/icyphy/ptII/ptolemy/domains/de/test/auto/AssemblyLine.xml
----------------- Instantiating /home/travis/build/icyphy/ptII/ptolemy/domains/de/test/auto/AssemblyLine.xml
2 ms. Memory: 850432K Free: 404601K (48%)
----------------- Invoking toplevel() on ptolemy.moml.MoMLSimpleApplication@108608de
----------------- Done invoking toplevel() on ptolemy.moml.MoMLSimpleApplication@108608de
reloadAllAccessors: .AssemblyLine

===========================================================================================
----------------- testing Sat May 11 04:18:30 UTC 2019 /home/travis/build/icyphy/ptII/ptolemy/domains/de/test/auto/CQBug1.xml
----------------- Instantiating /home/travis/build/icyphy/ptII/ptolemy/domains/de/test/auto/CQBug1.xml
1 ms. Memory: 850432K Free: 373881K (44%)
----------------- Invoking toplevel() on ptolemy.moml.MoMLSimpleApplication@77af451c
----------------- Done invoking toplevel() on ptolemy.moml.MoMLSimpleApplication@77af451c
reloadAllAccessors: .CQBug1

===========================================================================================
----------------- testing Sat May 11 04:18:30 UTC 2019 /home/travis/build/icyphy/ptII/ptolemy/domains/de/test/auto/CancelFireAt.xml
----------------- Instantiating /home/travis/build/icyphy/ptII/ptolemy/domains/de/test/auto/CancelFireAt.xml
2 ms. Memory: 850432K Free: 343161K (40%)
----------------- Invoking toplevel() on ptolemy.moml.MoMLSimpleApplication@25281066
----------------- Done invoking toplevel() on ptolemy.moml.MoMLSimpleApplication@25281066
reloadAllAccessors: .CancelFireAt

===========================================================================================
----------------- testing Sat May 11 04:18:30 UTC 2019 /home/travis/build/icyphy/ptII/ptolemy/domains/de/test/auto/CausalityAndComposabilityAnalysis.xml
----------------- Instantiating /home/travis/build/icyphy/ptII/ptolemy/domains/de/test/auto/CausalityAndComposabilityAnalysis.xml
1 ms. Memory: 850432K Free: 312441K (37%)
----------------- Invoking toplevel() on ptolemy.moml.MoMLSimpleApplication@22fc828d
----------------- Done invoking toplevel() on ptolemy.moml.MoMLSimpleApplication@22fc828d
reloadAllAccessors: .CausalityAndComposabilityAnalysis

===========================================================================================
----------------- testing Sat May 11 04:18:30 UTC 2019 /home/travis/build/icyphy/ptII/ptolemy/domains/de/test/auto/CausalityInterface1.xml
----------------- Instantiating /home/travis/build/icyphy/ptII/ptolemy/domains/de/test/auto/CausalityInterface1.xml
3 ms. Memory: 850432K Free: 281721K (33%)
----------------- Invoking toplevel() on ptolemy.moml.MoMLSimpleApplication@38ddd1a2
----------------- Done invoking toplevel() on ptolemy.moml.MoMLSimpleApplication@38ddd1a2
reloadAllAccessors: .CausalityInterface1

===========================================================================================
----------------- testing Sat May 11 04:18:30 UTC 2019 /home/travis/build/icyphy/ptII/ptolemy/domains/de/test/auto/CausalityInterface15.xml
----------------- Instantiating /home/travis/build/icyphy/ptII/ptolemy/domains/de/test/auto/CausalityInterface15.xml
1 ms. Memory: 850432K Free: 251001K (30%)
----------------- Invoking toplevel() on ptolemy.moml.MoMLSimpleApplication@177a0a94
----------------- Done invoking toplevel() on ptolemy.moml.MoMLSimpleApplication@177a0a94
reloadAllAccessors: .CausalityInterface15

===========================================================================================
----------------- testing Sat May 11 04:18:30 UTC 2019 /home/travis/build/icyphy/ptII/ptolemy/domains/de/test/auto/CausalityInterface2.xml
----------------- Instantiating /home/travis/build/icyphy/ptII/ptolemy/domains/de/test/auto/CausalityInterface2.xml
1 ms. Memory: 850432K Free: 220281K (26%)
----------------- Invoking toplevel() on ptolemy.moml.MoMLSimpleApplication@6dee81dd
----------------- Done invoking toplevel() on ptolemy.moml.MoMLSimpleApplication@6dee81dd
reloadAllAccessors: .CausalityInterface2

===========================================================================================
----------------- testing Sat May 11 04:18:30 UTC 2019 /home/travis/build/icyphy/ptII/ptolemy/domains/de/test/auto/CausalityInterface3.xml
----------------- Instantiating /home/travis/build/icyphy/ptII/ptolemy/domains/de/test/auto/CausalityInterface3.xml
2 ms. Memory: 850432K Free: 189561K (22%)
----------------- Invoking toplevel() on ptolemy.moml.MoMLSimpleApplication@21588f41
----------------- Done invoking toplevel() on ptolemy.moml.MoMLSimpleApplication@21588f41
reloadAllAccessors: .CausalityInterface3

===========================================================================================
----------------- testing Sat May 11 04:18:30 UTC 2019 /home/travis/build/icyphy/ptII/ptolemy/domains/de/test/auto/ClockDrift.xml
----------------- Instantiating /home/travis/build/icyphy/ptII/ptolemy/domains/de/test/auto/ClockDrift.xml
12 ms. Memory: 850432K Free: 158841K (19%)
----------------- Invoking toplevel() on ptolemy.moml.MoMLSimpleApplication@72404a99
----------------- Done invoking toplevel() on ptolemy.moml.MoMLSimpleApplication@72404a99
reloadAllAccessors: .ClockDrift

===========================================================================================
----------------- testing Sat May 11 04:18:30 UTC 2019 /home/travis/build/icyphy/ptII/ptolemy/domains/de/test/auto/ClockDriftAndValueChange.xml
----------------- Instantiating /home/travis/build/icyphy/ptII/ptolemy/domains/de/test/auto/ClockDriftAndValueChange.xml
12 ms. Memory: 850432K Free: 128121K (15%)
----------------- Invoking toplevel() on ptolemy.moml.MoMLSimpleApplication@13b81eb3
----------------- Done invoking toplevel() on ptolemy.moml.MoMLSimpleApplication@13b81eb3
reloadAllAccessors: .ClockDriftAndValueChange

===========================================================================================
----------------- testing Sat May 11 04:18:30 UTC 2019 /home/travis/build/icyphy/ptII/ptolemy/domains/de/test/auto/ClockDriftChange.xml
----------------- Instantiating /home/travis/build/icyphy/ptII/ptolemy/domains/de/test/auto/ClockDriftChange.xml
10 ms. Memory: 850432K Free: 97401K (11%)
----------------- Invoking toplevel() on ptolemy.moml.MoMLSimpleApplication@1910b2e8
----------------- Done invoking toplevel() on ptolemy.moml.MoMLSimpleApplication@1910b2e8
reloadAllAccessors: .ClockDriftChange

===========================================================================================
----------------- testing Sat May 11 04:18:30 UTC 2019 /home/travis/build/icyphy/ptII/ptolemy/domains/de/test/auto/ComposableCausalityAnalysis.xml
----------------- Instantiating /home/travis/build/icyphy/ptII/ptolemy/domains/de/test/auto/ComposableCausalityAnalysis.xml
1 ms. Memory: 850432K Free: 77885K (9%)
----------------- Invoking toplevel() on ptolemy.moml.MoMLSimpleApplication@3805b096
----------------- Done invoking toplevel() on ptolemy.moml.MoMLSimpleApplication@3805b096
reloadAllAccessors: .ComposableCausalityAnalysis

===========================================================================================
----------------- testing Sat May 11 04:18:30 UTC 2019 /home/travis/build/icyphy/ptII/ptolemy/domains/de/test/auto/DEFixedPointLimitation.xml
----------------- Instantiating /home/travis/build/icyphy/ptII/ptolemy/domains/de/test/auto/DEFixedPointLimitation.xml
1 ms. Memory: 812544K Free: 778495K (96%)
----------------- Invoking toplevel() on ptolemy.moml.MoMLSimpleApplication@3c91e568
----------------- Done invoking toplevel() on ptolemy.moml.MoMLSimpleApplication@3c91e568
reloadAllAccessors: .DEFixedPointLimitation

===========================================================================================
----------------- testing Sat May 11 04:18:30 UTC 2019 /home/travis/build/icyphy/ptII/ptolemy/domains/de/test/auto/DEScheduleTest.xml
----------------- Instantiating /home/travis/build/icyphy/ptII/ptolemy/domains/de/test/auto/DEScheduleTest.xml
2 ms. Memory: 812544K Free: 742391K (91%)
----------------- Invoking toplevel() on ptolemy.moml.MoMLSimpleApplication@3271f833
----------------- Done invoking toplevel() on ptolemy.moml.MoMLSimpleApplication@3271f833
reloadAllAccessors: .DEScheduleTest

===========================================================================================
----------------- testing Sat May 11 04:18:30 UTC 2019 /home/travis/build/icyphy/ptII/ptolemy/domains/de/test/auto/DEinDEwithStartTimes.xml
----------------- Instantiating /home/travis/build/icyphy/ptII/ptolemy/domains/de/test/auto/DEinDEwithStartTimes.xml
2 ms. Memory: 812544K Free: 713145K (88%)
----------------- Invoking toplevel() on ptolemy.moml.MoMLSimpleApplication@172fd049
----------------- Done invoking toplevel() on ptolemy.moml.MoMLSimpleApplication@172fd049
reloadAllAccessors: .DEinDEwithStartTimes

===========================================================================================
----------------- testing Sat May 11 04:18:30 UTC 2019 /home/travis/build/icyphy/ptII/ptolemy/domains/de/test/auto/DEinDEwithStartTimes2.xml
----------------- Instantiating /home/travis/build/icyphy/ptII/ptolemy/domains/de/test/auto/DEinDEwithStartTimes2.xml
3 ms. Memory: 812544K Free: 683900K (84%)
----------------- Invoking toplevel() on ptolemy.moml.MoMLSimpleApplication@493ab6d
----------------- Done invoking toplevel() on ptolemy.moml.MoMLSimpleApplication@493ab6d
reloadAllAccessors: .DEinDEwithStartTimes2

===========================================================================================
----------------- testing Sat May 11 04:18:30 UTC 2019 /home/travis/build/icyphy/ptII/ptolemy/domains/de/test/auto/DateDemo.xml
----------------- Instantiating /home/travis/build/icyphy/ptII/ptolemy/domains/de/test/auto/DateDemo.xml
4 ms. Memory: 812544K Free: 654590K (81%)
----------------- Invoking toplevel() on ptolemy.moml.MoMLSimpleApplication@3b25a6d3
----------------- Done invoking toplevel() on ptolemy.moml.MoMLSimpleApplication@3b25a6d3
reloadAllAccessors: .DateDemo

===========================================================================================
----------------- testing Sat May 11 04:18:30 UTC 2019 /home/travis/build/icyphy/ptII/ptolemy/domains/de/test/auto/DateToEvent.xml
----------------- Instantiating /home/travis/build/icyphy/ptII/ptolemy/domains/de/test/auto/DateToEvent.xml
2005 ms. Memory: 812544K Free: 610722K (75%)
----------------- Invoking toplevel() on ptolemy.moml.MoMLSimpleApplication@2aa87423
----------------- Done invoking toplevel() on ptolemy.moml.MoMLSimpleApplication@2aa87423
reloadAllAccessors: .DateToEvent

===========================================================================================
----------------- testing Sat May 11 04:18:32 UTC 2019 /home/travis/build/icyphy/ptII/ptolemy/domains/de/test/auto/DepthTest1.xml
----------------- Instantiating /home/travis/build/icyphy/ptII/ptolemy/domains/de/test/auto/DepthTest1.xml
1 ms. Memory: 812544K Free: 581477K (72%)
----------------- Invoking toplevel() on ptolemy.moml.MoMLSimpleApplication@6260b734
----------------- Done invoking toplevel() on ptolemy.moml.MoMLSimpleApplication@6260b734
reloadAllAccessors: .DepthTest1

===========================================================================================
----------------- testing Sat May 11 04:18:32 UTC 2019 /home/travis/build/icyphy/ptII/ptolemy/domains/de/test/auto/DepthTest2.xml
----------------- Instantiating /home/travis/build/icyphy/ptII/ptolemy/domains/de/test/auto/DepthTest2.xml
1 ms. Memory: 812544K Free: 552231K (68%)
----------------- Invoking toplevel() on ptolemy.moml.MoMLSimpleApplication@6ef80cfa
----------------- Done invoking toplevel() on ptolemy.moml.MoMLSimpleApplication@6ef80cfa
reloadAllAccessors: .DepthTest2

===========================================================================================
----------------- testing Sat May 11 04:18:32 UTC 2019 /home/travis/build/icyphy/ptII/ptolemy/domains/de/test/auto/DepthTest3.xml
----------------- Instantiating /home/travis/build/icyphy/ptII/ptolemy/domains/de/test/auto/DepthTest3.xml
1 ms. Memory: 812544K Free: 522986K (64%)
----------------- Invoking toplevel() on ptolemy.moml.MoMLSimpleApplication@4c6ff3ac
----------------- Done invoking toplevel() on ptolemy.moml.MoMLSimpleApplication@4c6ff3ac
reloadAllAccessors: .DepthTest3

===========================================================================================
----------------- testing Sat May 11 04:18:32 UTC 2019 /home/travis/build/icyphy/ptII/ptolemy/domains/de/test/auto/DepthTest4.xml
----------------- Instantiating /home/travis/build/icyphy/ptII/ptolemy/domains/de/test/auto/DepthTest4.xml
1 ms. Memory: 812544K Free: 493740K (61%)
----------------- Invoking toplevel() on ptolemy.moml.MoMLSimpleApplication@6c6a60ff
----------------- Done invoking toplevel() on ptolemy.moml.MoMLSimpleApplication@6c6a60ff
reloadAllAccessors: .DepthTest4

===========================================================================================
----------------- testing Sat May 11 04:18:32 UTC 2019 /home/travis/build/icyphy/ptII/ptolemy/domains/de/test/auto/DepthTest5.xml
----------------- Instantiating /home/travis/build/icyphy/ptII/ptolemy/domains/de/test/auto/DepthTest5.xml
1 ms. Memory: 812544K Free: 464495K (57%)
----------------- Invoking toplevel() on ptolemy.moml.MoMLSimpleApplication@49fe703c
----------------- Done invoking toplevel() on ptolemy.moml.MoMLSimpleApplication@49fe703c
reloadAllAccessors: .DepthTest5

===========================================================================================
----------------- testing Sat May 11 04:18:32 UTC 2019 /home/travis/build/icyphy/ptII/ptolemy/domains/de/test/auto/DepthTest6.xml
----------------- Instantiating /home/travis/build/icyphy/ptII/ptolemy/domains/de/test/auto/DepthTest6.xml
1 ms. Memory: 812544K Free: 435249K (54%)
----------------- Invoking toplevel() on ptolemy.moml.MoMLSimpleApplication@5f565188
----------------- Done invoking toplevel() on ptolemy.moml.MoMLSimpleApplication@5f565188
reloadAllAccessors: .DepthTest6

===========================================================================================
----------------- testing Sat May 11 04:18:32 UTC 2019 /home/travis/build/icyphy/ptII/ptolemy/domains/de/test/auto/DepthTest7.xml
----------------- Instantiating /home/travis/build/icyphy/ptII/ptolemy/domains/de/test/auto/DepthTest7.xml
2 ms. Memory: 812544K Free: 406004K (50%)
----------------- Invoking toplevel() on ptolemy.moml.MoMLSimpleApplication@6c80827f
----------------- Done invoking toplevel() on ptolemy.moml.MoMLSimpleApplication@6c80827f
reloadAllAccessors: .DepthTest7

===========================================================================================
----------------- testing Sat May 11 04:18:32 UTC 2019 /home/travis/build/icyphy/ptII/ptolemy/domains/de/test/auto/EventToDate.xml
----------------- Instantiating /home/travis/build/icyphy/ptII/ptolemy/domains/de/test/auto/EventToDate.xml
3004 ms. Memory: 812544K Free: 376758K (46%)
----------------- Invoking toplevel() on ptolemy.moml.MoMLSimpleApplication@9ca1de2
----------------- Done invoking toplevel() on ptolemy.moml.MoMLSimpleApplication@9ca1de2
reloadAllAccessors: .EventToDate

===========================================================================================
----------------- testing Sat May 11 04:18:35 UTC 2019 /home/travis/build/icyphy/ptII/ptolemy/domains/de/test/auto/FSM1.xml
----------------- Instantiating /home/travis/build/icyphy/ptII/ptolemy/domains/de/test/auto/FSM1.xml
12 ms. Memory: 812544K Free: 347513K (43%)
----------------- Invoking toplevel() on ptolemy.moml.MoMLSimpleApplication@be3613b
----------------- Done invoking toplevel() on ptolemy.moml.MoMLSimpleApplication@be3613b
reloadAllAccessors: .FSM1

===========================================================================================
----------------- testing Sat May 11 04:18:35 UTC 2019 /home/travis/build/icyphy/ptII/ptolemy/domains/de/test/auto/FSM7.xml
----------------- Instantiating /home/travis/build/icyphy/ptII/ptolemy/domains/de/test/auto/FSM7.xml
14 ms. Memory: 812544K Free: 311409K (38%)
----------------- Invoking toplevel() on ptolemy.moml.MoMLSimpleApplication@5a411c1a
----------------- Done invoking toplevel() on ptolemy.moml.MoMLSimpleApplication@5a411c1a
reloadAllAccessors: .FSM7

===========================================================================================
----------------- testing Sat May 11 04:18:35 UTC 2019 /home/travis/build/icyphy/ptII/ptolemy/domains/de/test/auto/Inspection.xml
----------------- Instantiating /home/travis/build/icyphy/ptII/ptolemy/domains/de/test/auto/Inspection.xml
15 ms. Memory: 812544K Free: 282163K (35%)
----------------- Invoking toplevel() on ptolemy.moml.MoMLSimpleApplication@1d4e1b3
----------------- Done invoking toplevel() on ptolemy.moml.MoMLSimpleApplication@1d4e1b3
reloadAllAccessors: .Inspection

===========================================================================================
----------------- testing Sat May 11 04:18:35 UTC 2019 /home/travis/build/icyphy/ptII/ptolemy/domains/de/test/auto/Iteration.xml
----------------- Instantiating /home/travis/build/icyphy/ptII/ptolemy/domains/de/test/auto/Iteration.xml
9 ms. Memory: 812544K Free: 252918K (31%)
----------------- Invoking toplevel() on ptolemy.moml.MoMLSimpleApplication@18ead3de
----------------- Done invoking toplevel() on ptolemy.moml.MoMLSimpleApplication@18ead3de
reloadAllAccessors: .Iteration

===========================================================================================
----------------- testing Sat May 11 04:18:35 UTC 2019 /home/travis/build/icyphy/ptII/ptolemy/domains/de/test/auto/LineFault.xml
----------------- Instantiating /home/travis/build/icyphy/ptII/ptolemy/domains/de/test/auto/LineFault.xml
415 ms. Memory: 812544K Free: 121313K (15%)
----------------- Invoking toplevel() on ptolemy.moml.MoMLSimpleApplication@d3420cb
----------------- Done invoking toplevel() on ptolemy.moml.MoMLSimpleApplication@d3420cb
reloadAllAccessors: .LineFault

===========================================================================================
----------------- testing Sat May 11 04:18:36 UTC 2019 /home/travis/build/icyphy/ptII/ptolemy/domains/de/test/auto/MergeModel1Add.xml
----------------- Instantiating /home/travis/build/icyphy/ptII/ptolemy/domains/de/test/auto/MergeModel1Add.xml
5 ms. Memory: 812544K Free: 77429K (10%)
----------------- Invoking toplevel() on ptolemy.moml.MoMLSimpleApplication@14856811
----------------- Done invoking toplevel() on ptolemy.moml.MoMLSimpleApplication@14856811
reloadAllAccessors: .MergeModel1Add

===========================================================================================
----------------- testing Sat May 11 04:18:36 UTC 2019 /home/travis/build/icyphy/ptII/ptolemy/domains/de/test/auto/MergeModel2Add.xml
----------------- Instantiating /home/travis/build/icyphy/ptII/ptolemy/domains/de/test/auto/MergeModel2Add.xml
5 ms. Memory: 778752K Free: 745663K (96%)
----------------- Invoking toplevel() on ptolemy.moml.MoMLSimpleApplication@64fd42a3
----------------- Done invoking toplevel() on ptolemy.moml.MoMLSimpleApplication@64fd42a3
reloadAllAccessors: .MergeModel2Add

===========================================================================================
----------------- testing Sat May 11 04:18:36 UTC 2019 /home/travis/build/icyphy/ptII/ptolemy/domains/de/test/auto/MergeModel3Add.xml
----------------- Instantiating /home/travis/build/icyphy/ptII/ptolemy/domains/de/test/auto/MergeModel3Add.xml
5 ms. Memory: 778752K Free: 713399K (92%)
----------------- Invoking toplevel() on ptolemy.moml.MoMLSimpleApplication@3c0c1616
----------------- Done invoking toplevel() on ptolemy.moml.MoMLSimpleApplication@3c0c1616
reloadAllAccessors: .MergeModel3Add

===========================================================================================
----------------- testing Sat May 11 04:18:36 UTC 2019 /home/travis/build/icyphy/ptII/ptolemy/domains/de/test/auto/MergeWithoutDiscard.xml
----------------- Instantiating /home/travis/build/icyphy/ptII/ptolemy/domains/de/test/auto/MergeWithoutDiscard.xml
1 ms. Memory: 778752K Free: 699473K (90%)
----------------- Invoking toplevel() on ptolemy.moml.MoMLSimpleApplication@44be0fcb
----------------- Done invoking toplevel() on ptolemy.moml.MoMLSimpleApplication@44be0fcb
reloadAllAccessors: .MergeWithoutDiscard

===========================================================================================
----------------- testing Sat May 11 04:18:36 UTC 2019 /home/travis/build/icyphy/ptII/ptolemy/domains/de/test/auto/Modal1.xml
----------------- Instantiating /home/travis/build/icyphy/ptII/ptolemy/domains/de/test/auto/Modal1.xml
13 ms. Memory: 778752K Free: 678567K (87%)
----------------- Invoking toplevel() on ptolemy.moml.MoMLSimpleApplication@207d0faa
----------------- Done invoking toplevel() on ptolemy.moml.MoMLSimpleApplication@207d0faa
reloadAllAccessors: .Modal1

===========================================================================================
----------------- testing Sat May 11 04:18:36 UTC 2019 /home/travis/build/icyphy/ptII/ptolemy/domains/de/test/auto/Modal2.xml
----------------- Instantiating /home/travis/build/icyphy/ptII/ptolemy/domains/de/test/auto/Modal2.xml
8 ms. Memory: 778752K Free: 657661K (84%)
----------------- Invoking toplevel() on ptolemy.moml.MoMLSimpleApplication@7082e1e9
----------------- Done invoking toplevel() on ptolemy.moml.MoMLSimpleApplication@7082e1e9
reloadAllAccessors: .Modal2

===========================================================================================
----------------- testing Sat May 11 04:18:36 UTC 2019 /home/travis/build/icyphy/ptII/ptolemy/domains/de/test/auto/Modal3.xml
----------------- Instantiating /home/travis/build/icyphy/ptII/ptolemy/domains/de/test/auto/Modal3.xml
5 ms. Memory: 778752K Free: 636772K (82%)
----------------- Invoking toplevel() on ptolemy.moml.MoMLSimpleApplication@337a9ad7
----------------- Done invoking toplevel() on ptolemy.moml.MoMLSimpleApplication@337a9ad7
reloadAllAccessors: .Modal3

===========================================================================================
----------------- testing Sat May 11 04:18:36 UTC 2019 /home/travis/build/icyphy/ptII/ptolemy/domains/de/test/auto/Modal4.xml
----------------- Instantiating /home/travis/build/icyphy/ptII/ptolemy/domains/de/test/auto/Modal4.xml
10 ms. Memory: 778752K Free: 615866K (79%)
----------------- Invoking toplevel() on ptolemy.moml.MoMLSimpleApplication@3e1e06a2
----------------- Done invoking toplevel() on ptolemy.moml.MoMLSimpleApplication@3e1e06a2
reloadAllAccessors: .Modal4

===========================================================================================
----------------- testing Sat May 11 04:18:36 UTC 2019 /home/travis/build/icyphy/ptII/ptolemy/domains/de/test/auto/Modal5.xml
----------------- Instantiating /home/travis/build/icyphy/ptII/ptolemy/domains/de/test/auto/Modal5.xml
7 ms. Memory: 778752K Free: 594960K (76%)
----------------- Invoking toplevel() on ptolemy.moml.MoMLSimpleApplication@5baf17ec
----------------- Done invoking toplevel() on ptolemy.moml.MoMLSimpleApplication@5baf17ec
reloadAllAccessors: .Modal5

===========================================================================================
----------------- testing Sat May 11 04:18:36 UTC 2019 /home/travis/build/icyphy/ptII/ptolemy/domains/de/test/auto/Modal6.xml
----------------- Instantiating /home/travis/build/icyphy/ptII/ptolemy/domains/de/test/auto/Modal6.xml
8 ms. Memory: 778752K Free: 574055K (74%)
----------------- Invoking toplevel() on ptolemy.moml.MoMLSimpleApplication@6001fb8a
----------------- Done invoking toplevel() on ptolemy.moml.MoMLSimpleApplication@6001fb8a
reloadAllAccessors: .Modal6

===========================================================================================
----------------- testing Sat May 11 04:18:36 UTC 2019 /home/travis/build/icyphy/ptII/ptolemy/domains/de/test/auto/Modal7.xml
----------------- Instantiating /home/travis/build/icyphy/ptII/ptolemy/domains/de/test/auto/Modal7.xml
6 ms. Memory: 778752K Free: 548825K (70%)
----------------- Invoking toplevel() on ptolemy.moml.MoMLSimpleApplication@2c3dd34b
----------------- Done invoking toplevel() on ptolemy.moml.MoMLSimpleApplication@2c3dd34b
reloadAllAccessors: .Modal7

===========================================================================================
----------------- testing Sat May 11 04:18:36 UTC 2019 /home/travis/build/icyphy/ptII/ptolemy/domains/de/test/auto/ModalModel.xml
----------------- Instantiating /home/travis/build/icyphy/ptII/ptolemy/domains/de/test/auto/ModalModel.xml
104 ms. Memory: 778752K Free: 472166K (61%)
----------------- Invoking toplevel() on ptolemy.moml.MoMLSimpleApplication@1571da5a
----------------- Done invoking toplevel() on ptolemy.moml.MoMLSimpleApplication@1571da5a
reloadAllAccessors: .ModalModel

===========================================================================================
----------------- testing Sat May 11 04:18:36 UTC 2019 /home/travis/build/icyphy/ptII/ptolemy/domains/de/test/auto/ModalSource.xml
----------------- Instantiating /home/travis/build/icyphy/ptII/ptolemy/domains/de/test/auto/ModalSource.xml
4 ms. Memory: 778752K Free: 458239K (59%)
----------------- Invoking toplevel() on ptolemy.moml.MoMLSimpleApplication@6d894e01
----------------- Done invoking toplevel() on ptolemy.moml.MoMLSimpleApplication@6d894e01
reloadAllAccessors: .ModalSource

===========================================================================================
----------------- testing Sat May 11 04:18:36 UTC 2019 /home/travis/build/icyphy/ptII/ptolemy/domains/de/test/auto/NonInterruptibleTimerZeroDelay.xml
----------------- Instantiating /home/travis/build/icyphy/ptII/ptolemy/domains/de/test/auto/NonInterruptibleTimerZeroDelay.xml
2 ms. Memory: 778752K Free: 444313K (57%)
----------------- Invoking toplevel() on ptolemy.moml.MoMLSimpleApplication@6cc5a9f
----------------- Done invoking toplevel() on ptolemy.moml.MoMLSimpleApplication@6cc5a9f
reloadAllAccessors: .NonInterruptibleTimerZeroDelay

===========================================================================================
----------------- testing Sat May 11 04:18:36 UTC 2019 /home/travis/build/icyphy/ptII/ptolemy/domains/de/test/auto/OpenQueueingNetwork.xml
----------------- Instantiating /home/travis/build/icyphy/ptII/ptolemy/domains/de/test/auto/OpenQueueingNetwork.xml
2153 ms. Memory: 745472K Free: 466916K (63%)
----------------- Invoking toplevel() on ptolemy.moml.MoMLSimpleApplication@675250a7
----------------- Done invoking toplevel() on ptolemy.moml.MoMLSimpleApplication@675250a7
reloadAllAccessors: .OpenQueueingNetwork

===========================================================================================
----------------- testing Sat May 11 04:18:39 UTC 2019 /home/travis/build/icyphy/ptII/ptolemy/domains/de/test/auto/OpenQueuingNetwork.xml
----------------- Instantiating /home/travis/build/icyphy/ptII/ptolemy/domains/de/test/auto/OpenQueuingNetwork.xml
208 ms. Memory: 745472K Free: 367640K (49%)
----------------- Invoking toplevel() on ptolemy.moml.MoMLSimpleApplication@6b9fa9cd
----------------- Done invoking toplevel() on ptolemy.moml.MoMLSimpleApplication@6b9fa9cd
reloadAllAccessors: .OpenQueuingNetwork

===========================================================================================
----------------- testing Sat May 11 04:18:39 UTC 2019 /home/travis/build/icyphy/ptII/ptolemy/domains/de/test/auto/PeriodicSampler.xml
----------------- Instantiating /home/travis/build/icyphy/ptII/ptolemy/domains/de/test/auto/PeriodicSampler.xml
6 ms. Memory: 745472K Free: 358799K (48%)
----------------- Invoking toplevel() on ptolemy.moml.MoMLSimpleApplication@34054a31
----------------- Done invoking toplevel() on ptolemy.moml.MoMLSimpleApplication@34054a31
reloadAllAccessors: .PeriodicSampler

===========================================================================================
----------------- testing Sat May 11 04:18:39 UTC 2019 /home/travis/build/icyphy/ptII/ptolemy/domains/de/test/auto/PersistentIO.xml
----------------- Instantiating /home/travis/build/icyphy/ptII/ptolemy/domains/de/test/auto/PersistentIO.xml
7 ms. Memory: 745472K Free: 345530K (46%)
----------------- Invoking toplevel() on ptolemy.moml.MoMLSimpleApplication@7f3a8f89
----------------- Done invoking toplevel() on ptolemy.moml.MoMLSimpleApplication@7f3a8f89
reloadAllAccessors: .PersistentIO

===========================================================================================
----------------- testing Sat May 11 04:18:39 UTC 2019 /home/travis/build/icyphy/ptII/ptolemy/domains/de/test/auto/PortParameterResetOnInitialize.xml
----------------- Instantiating /home/travis/build/icyphy/ptII/ptolemy/domains/de/test/auto/PortParameterResetOnInitialize.xml
1 ms. Memory: 745472K Free: 336690K (45%)
----------------- Invoking toplevel() on ptolemy.moml.MoMLSimpleApplication@5e21288e
----------------- Done invoking toplevel() on ptolemy.moml.MoMLSimpleApplication@5e21288e
reloadAllAccessors: .PortParameterResetOnInitialize

===========================================================================================
----------------- testing Sat May 11 04:18:39 UTC 2019 /home/travis/build/icyphy/ptII/ptolemy/domains/de/test/auto/PortParameterUpdates.xml
----------------- Instantiating /home/travis/build/icyphy/ptII/ptolemy/domains/de/test/auto/PortParameterUpdates.xml
4 ms. Memory: 745472K Free: 323413K (43%)
----------------- Invoking toplevel() on ptolemy.moml.MoMLSimpleApplication@33b9242e
----------------- Done invoking toplevel() on ptolemy.moml.MoMLSimpleApplication@33b9242e
reloadAllAccessors: .PortParameterUpdates

===========================================================================================
----------------- testing Sat May 11 04:18:39 UTC 2019 /home/travis/build/icyphy/ptII/ptolemy/domains/de/test/auto/QueueAndServer.xml
----------------- Instantiating /home/travis/build/icyphy/ptII/ptolemy/domains/de/test/auto/QueueAndServer.xml
5 ms. Memory: 745472K Free: 307380K (41%)
----------------- Invoking toplevel() on ptolemy.moml.MoMLSimpleApplication@7325ac3c
----------------- Done invoking toplevel() on ptolemy.moml.MoMLSimpleApplication@7325ac3c
reloadAllAccessors: .QueueAndServer

===========================================================================================
----------------- testing Sat May 11 04:18:39 UTC 2019 /home/travis/build/icyphy/ptII/ptolemy/domains/de/test/auto/Records.xml
----------------- Instantiating /home/travis/build/icyphy/ptII/ptolemy/domains/de/test/auto/Records.xml
6 ms. Memory: 745472K Free: 298539K (40%)
----------------- Invoking toplevel() on ptolemy.moml.MoMLSimpleApplication@4f869654
----------------- Done invoking toplevel() on ptolemy.moml.MoMLSimpleApplication@4f869654
reloadAllAccessors: .Records

===========================================================================================
----------------- testing Sat May 11 04:18:39 UTC 2019 /home/travis/build/icyphy/ptII/ptolemy/domains/de/test/auto/ResetTransitionWithStartTime1.xml
----------------- Instantiating /home/travis/build/icyphy/ptII/ptolemy/domains/de/test/auto/ResetTransitionWithStartTime1.xml
4 ms. Memory: 745472K Free: 285262K (38%)
----------------- Invoking toplevel() on ptolemy.moml.MoMLSimpleApplication@45bea4af
----------------- Done invoking toplevel() on ptolemy.moml.MoMLSimpleApplication@45bea4af
reloadAllAccessors: .ResetTransitionWithStartTime1

===========================================================================================
----------------- testing Sat May 11 04:18:39 UTC 2019 /home/travis/build/icyphy/ptII/ptolemy/domains/de/test/auto/ResetTransitionWithStartTime2.xml
----------------- Instantiating /home/travis/build/icyphy/ptII/ptolemy/domains/de/test/auto/ResetTransitionWithStartTime2.xml
3 ms. Memory: 745472K Free: 271985K (36%)
----------------- Invoking toplevel() on ptolemy.moml.MoMLSimpleApplication@6cc44fa0
----------------- Done invoking toplevel() on ptolemy.moml.MoMLSimpleApplication@6cc44fa0
reloadAllAccessors: .ResetTransitionWithStartTime2

===========================================================================================
----------------- testing Sat May 11 04:18:39 UTC 2019 /home/travis/build/icyphy/ptII/ptolemy/domains/de/test/auto/ResetTransitionWithStartTime3.xml
----------------- Instantiating /home/travis/build/icyphy/ptII/ptolemy/domains/de/test/auto/ResetTransitionWithStartTime3.xml
4 ms. Memory: 745472K Free: 258709K (35%)
----------------- Invoking toplevel() on ptolemy.moml.MoMLSimpleApplication@6e0062fc
----------------- Done invoking toplevel() on ptolemy.moml.MoMLSimpleApplication@6e0062fc
reloadAllAccessors: .ResetTransitionWithStartTime3

===========================================================================================
----------------- testing Sat May 11 04:18:39 UTC 2019 /home/travis/build/icyphy/ptII/ptolemy/domains/de/test/auto/ResetTransitionWithStartTime4.xml
----------------- Instantiating /home/travis/build/icyphy/ptII/ptolemy/domains/de/test/auto/ResetTransitionWithStartTime4.xml
3 ms. Memory: 745472K Free: 242716K (33%)
----------------- Invoking toplevel() on ptolemy.moml.MoMLSimpleApplication@6cfd97d8
----------------- Done invoking toplevel() on ptolemy.moml.MoMLSimpleApplication@6cfd97d8
reloadAllAccessors: .ResetTransitionWithStartTime4

===========================================================================================
----------------- testing Sat May 11 04:18:39 UTC 2019 /home/travis/build/icyphy/ptII/ptolemy/domains/de/test/auto/ResettableTimer1.xml
----------------- Instantiating /home/travis/build/icyphy/ptII/ptolemy/domains/de/test/auto/ResettableTimer1.xml
1 ms. Memory: 745472K Free: 233875K (31%)
----------------- Invoking toplevel() on ptolemy.moml.MoMLSimpleApplication@74b477fb
----------------- Done invoking toplevel() on ptolemy.moml.MoMLSimpleApplication@74b477fb
reloadAllAccessors: .ResettableTimer1

===========================================================================================
----------------- testing Sat May 11 04:18:39 UTC 2019 /home/travis/build/icyphy/ptII/ptolemy/domains/de/test/auto/ResettableTimer2.xml
----------------- Instantiating /home/travis/build/icyphy/ptII/ptolemy/domains/de/test/auto/ResettableTimer2.xml
1 ms. Memory: 745472K Free: 225035K (30%)
----------------- Invoking toplevel() on ptolemy.moml.MoMLSimpleApplication@726b8a99
----------------- Done invoking toplevel() on ptolemy.moml.MoMLSimpleApplication@726b8a99
reloadAllAccessors: .ResettableTimer2

===========================================================================================
----------------- testing Sat May 11 04:18:39 UTC 2019 /home/travis/build/icyphy/ptII/ptolemy/domains/de/test/auto/ResettableTimer3.xml
----------------- Instantiating /home/travis/build/icyphy/ptII/ptolemy/domains/de/test/auto/ResettableTimer3.xml
1 ms. Memory: 745472K Free: 216194K (29%)
----------------- Invoking toplevel() on ptolemy.moml.MoMLSimpleApplication@5823a97c
----------------- Done invoking toplevel() on ptolemy.moml.MoMLSimpleApplication@5823a97c
reloadAllAccessors: .ResettableTimer3

===========================================================================================
----------------- testing Sat May 11 04:18:39 UTC 2019 /home/travis/build/icyphy/ptII/ptolemy/domains/de/test/auto/ResettableTimer4.xml
----------------- Instantiating /home/travis/build/icyphy/ptII/ptolemy/domains/de/test/auto/ResettableTimer4.xml
0 ms. Memory: 745472K Free: 207354K (28%)
----------------- Invoking toplevel() on ptolemy.moml.MoMLSimpleApplication@230e1ea5
----------------- Done invoking toplevel() on ptolemy.moml.MoMLSimpleApplication@230e1ea5
reloadAllAccessors: .ResettableTimer4

===========================================================================================
----------------- testing Sat May 11 04:18:39 UTC 2019 /home/travis/build/icyphy/ptII/ptolemy/domains/de/test/auto/ResettableTimer5.xml
----------------- Instantiating /home/travis/build/icyphy/ptII/ptolemy/domains/de/test/auto/ResettableTimer5.xml
1 ms. Memory: 745472K Free: 198513K (27%)
----------------- Invoking toplevel() on ptolemy.moml.MoMLSimpleApplication@5bdb9d5d
----------------- Done invoking toplevel() on ptolemy.moml.MoMLSimpleApplication@5bdb9d5d
reloadAllAccessors: .ResettableTimer5

===========================================================================================
----------------- testing Sat May 11 04:18:39 UTC 2019 /home/travis/build/icyphy/ptII/ptolemy/domains/de/test/auto/ResettableTimer6.xml
----------------- Instantiating /home/travis/build/icyphy/ptII/ptolemy/domains/de/test/auto/ResettableTimer6.xml
4 ms. Memory: 745472K Free: 186940K (25%)
----------------- Invoking toplevel() on ptolemy.moml.MoMLSimpleApplication@50a2e0f7
----------------- Done invoking toplevel() on ptolemy.moml.MoMLSimpleApplication@50a2e0f7
reloadAllAccessors: .ResettableTimer6

===========================================================================================
----------------- testing Sat May 11 04:18:39 UTC 2019 /home/travis/build/icyphy/ptII/ptolemy/domains/de/test/auto/ServerZeroDelay.xml
----------------- Instantiating /home/travis/build/icyphy/ptII/ptolemy/domains/de/test/auto/ServerZeroDelay.xml
2 ms. Memory: 745472K Free: 178100K (24%)
----------------- Invoking toplevel() on ptolemy.moml.MoMLSimpleApplication@5955b1fd
----------------- Done invoking toplevel() on ptolemy.moml.MoMLSimpleApplication@5955b1fd
reloadAllAccessors: .ServerZeroDelay

===========================================================================================
----------------- testing Sat May 11 04:18:39 UTC 2019 /home/travis/build/icyphy/ptII/ptolemy/domains/de/test/auto/SmartSender.xml
----------------- Instantiating /home/travis/build/icyphy/ptII/ptolemy/domains/de/test/auto/SmartSender.xml
3001 ms. Memory: 745472K Free: 169259K (23%)
----------------- Invoking toplevel() on ptolemy.moml.MoMLSimpleApplication@65d86918
----------------- Done invoking toplevel() on ptolemy.moml.MoMLSimpleApplication@65d86918
reloadAllAccessors: .SmartSender

===========================================================================================
----------------- testing Sat May 11 04:18:42 UTC 2019 /home/travis/build/icyphy/ptII/ptolemy/domains/de/test/auto/ThreadedComposite.xml
----------------- Instantiating /home/travis/build/icyphy/ptII/ptolemy/domains/de/test/auto/ThreadedComposite.xml
102 ms. Memory: 745472K Free: 142721K (19%)
----------------- Invoking toplevel() on ptolemy.moml.MoMLSimpleApplication@466c19e4
----------------- Done invoking toplevel() on ptolemy.moml.MoMLSimpleApplication@466c19e4
reloadAllAccessors: .ThreadedComposite

===========================================================================================
----------------- testing Sat May 11 04:18:42 UTC 2019 /home/travis/build/icyphy/ptII/ptolemy/domains/de/test/auto/Time.xml
----------------- Instantiating /home/travis/build/icyphy/ptII/ptolemy/domains/de/test/auto/Time.xml
398 ms. Memory: 745472K Free: 85257K (11%)
----------------- Invoking toplevel() on ptolemy.moml.MoMLSimpleApplication@398362a4
----------------- Done invoking toplevel() on ptolemy.moml.MoMLSimpleApplication@398362a4
reloadAllAccessors: .Time

===========================================================================================
----------------- testing Sat May 11 04:18:43 UTC 2019 /home/travis/build/icyphy/ptII/ptolemy/domains/de/test/auto/TimeDelayZeroDelay.xml
----------------- Instantiating /home/travis/build/icyphy/ptII/ptolemy/domains/de/test/auto/TimeDelayZeroDelay.xml
2 ms. Memory: 745472K Free: 75167K (10%)
----------------- Invoking toplevel() on ptolemy.moml.MoMLSimpleApplication@74c14b96
----------------- Done invoking toplevel() on ptolemy.moml.MoMLSimpleApplication@74c14b96
reloadAllAccessors: .TimeDelayZeroDelay

===========================================================================================
----------------- testing Sat May 11 04:18:43 UTC 2019 /home/travis/build/icyphy/ptII/ptolemy/domains/de/test/auto/TimerZeroDelay.xml
----------------- Instantiating /home/travis/build/icyphy/ptII/ptolemy/domains/de/test/auto/TimerZeroDelay.xml
2 ms. Memory: 713216K Free: 695263K (97%)
----------------- Invoking toplevel() on ptolemy.moml.MoMLSimpleApplication@273ac790
----------------- Done invoking toplevel() on ptolemy.moml.MoMLSimpleApplication@273ac790
reloadAllAccessors: .TimerZeroDelay

===========================================================================================
----------------- testing Sat May 11 04:18:43 UTC 2019 /home/travis/build/icyphy/ptII/ptolemy/domains/de/test/auto/TimingParadox.xml
----------------- Instantiating /home/travis/build/icyphy/ptII/ptolemy/domains/de/test/auto/TimingParadox.xml
283 ms. Memory: 713216K Free: 617619K (87%)
----------------- Invoking toplevel() on ptolemy.moml.MoMLSimpleApplication@32404565
----------------- Done invoking toplevel() on ptolemy.moml.MoMLSimpleApplication@32404565
reloadAllAccessors: .TimingParadox

===========================================================================================
----------------- testing Sat May 11 04:18:43 UTC 2019 /home/travis/build/icyphy/ptII/ptolemy/domains/de/test/auto/TransferInputs.xml
----------------- Instantiating /home/travis/build/icyphy/ptII/ptolemy/domains/de/test/auto/TransferInputs.xml
1 ms. Memory: 713216K Free: 604983K (85%)
----------------- Invoking toplevel() on ptolemy.moml.MoMLSimpleApplication@7825e798
----------------- Done invoking toplevel() on ptolemy.moml.MoMLSimpleApplication@7825e798
reloadAllAccessors: .TransferInputs

===========================================================================================
----------------- testing Sat May 11 04:18:43 UTC 2019 /home/travis/build/icyphy/ptII/ptolemy/domains/de/test/auto/TransferOutputs2.xml
----------------- Instantiating /home/travis/build/icyphy/ptII/ptolemy/domains/de/test/auto/TransferOutputs2.xml
5 ms. Memory: 713216K Free: 586013K (82%)
----------------- Invoking toplevel() on ptolemy.moml.MoMLSimpleApplication@44836c5d
----------------- Done invoking toplevel() on ptolemy.moml.MoMLSimpleApplication@44836c5d
reloadAllAccessors: .TransferOutputs2

===========================================================================================
----------------- testing Sat May 11 04:18:43 UTC 2019 /home/travis/build/icyphy/ptII/ptolemy/domains/de/test/auto/Trilateration.xml
----------------- Instantiating /home/travis/build/icyphy/ptII/ptolemy/domains/de/test/auto/Trilateration.xml
10653 ms. Memory: 578048K Free: 461464K (80%)
----------------- Invoking toplevel() on ptolemy.moml.MoMLSimpleApplication@468cc599
----------------- Done invoking toplevel() on ptolemy.moml.MoMLSimpleApplication@468cc599
reloadAllAccessors: .Trilateration

===========================================================================================
----------------- testing Sat May 11 04:18:54 UTC 2019 /home/travis/build/icyphy/ptII/ptolemy/domains/de/test/auto/TwoSigmaDelta.xml
----------------- Instantiating /home/travis/build/icyphy/ptII/ptolemy/domains/de/test/auto/TwoSigmaDelta.xml
1985 ms. Memory: 578048K Free: 167204K (29%)
----------------- Invoking toplevel() on ptolemy.moml.MoMLSimpleApplication@2f940c67
----------------- Done invoking toplevel() on ptolemy.moml.MoMLSimpleApplication@2f940c67
reloadAllAccessors: .TwoSigmaDelta

===========================================================================================
----------------- testing Sat May 11 04:18:57 UTC 2019 /home/travis/build/icyphy/ptII/ptolemy/domains/de/test/auto/VariableDelay.xml
----------------- Instantiating /home/travis/build/icyphy/ptII/ptolemy/domains/de/test/auto/VariableDelay.xml
3 ms. Memory: 578048K Free: 146414K (25%)
----------------- Invoking toplevel() on ptolemy.moml.MoMLSimpleApplication@7ac649df
----------------- Done invoking toplevel() on ptolemy.moml.MoMLSimpleApplication@7ac649df
reloadAllAccessors: .VariableDelay

===========================================================================================
----------------- testing Sat May 11 04:18:57 UTC 2019 /home/travis/build/icyphy/ptII/ptolemy/domains/de/test/auto/VariableDelay2.xml
----------------- Instantiating /home/travis/build/icyphy/ptII/ptolemy/domains/de/test/auto/VariableDelay2.xml
1 ms. Memory: 578048K Free: 126549K (22%)
----------------- Invoking toplevel() on ptolemy.moml.MoMLSimpleApplication@71a3bc2d
----------------- Done invoking toplevel() on ptolemy.moml.MoMLSimpleApplication@71a3bc2d
reloadAllAccessors: .VariableDelay2

===========================================================================================
----------------- testing Sat May 11 04:18:57 UTC 2019 /home/travis/build/icyphy/ptII/ptolemy/domains/de/test/auto/VariableDelayZeroDelay.xml
----------------- Instantiating /home/travis/build/icyphy/ptII/ptolemy/domains/de/test/auto/VariableDelayZeroDelay.xml
2 ms. Memory: 578048K Free: 105759K (18%)
----------------- Invoking toplevel() on ptolemy.moml.MoMLSimpleApplication@d71ab19
----------------- Done invoking toplevel() on ptolemy.moml.MoMLSimpleApplication@d71ab19
reloadAllAccessors: .VariableDelayZeroDelay

===========================================================================================
----------------- testing Sat May 11 04:18:57 UTC 2019 /home/travis/build/icyphy/ptII/ptolemy/domains/de/test/auto/VariableDelayZeroDelay2.xml
----------------- Instantiating /home/travis/build/icyphy/ptII/ptolemy/domains/de/test/auto/VariableDelayZeroDelay2.xml
2 ms. Memory: 578048K Free: 85894K (15%)
----------------- Invoking toplevel() on ptolemy.moml.MoMLSimpleApplication@7bb65383
----------------- Done invoking toplevel() on ptolemy.moml.MoMLSimpleApplication@7bb65383
reloadAllAccessors: .VariableDelayZeroDelay2

===========================================================================================
----------------- testing Sat May 11 04:18:57 UTC 2019 /home/travis/build/icyphy/ptII/ptolemy/domains/de/test/auto/deInCt.xml
----------------- Instantiating /home/travis/build/icyphy/ptII/ptolemy/domains/de/test/auto/deInCt.xml
0
1
1
1
1
0
0
0
1
1
1
0
0
1
1
1
0
0
0
1
1
1
0
0
1
1
1
0
0
1
1
1
0
0
0
0
1
1
1
1
1
0
0
0
1
1
1
1
0
0
0
0
7 ms. Memory: 578048K Free: 65104K (11%)
----------------- Invoking toplevel() on ptolemy.moml.MoMLSimpleApplication@7dc22ec9
----------------- Done invoking toplevel() on ptolemy.moml.MoMLSimpleApplication@7dc22ec9
reloadAllAccessors: .deInCt

===========================================================================================
----------------- testing Sat May 11 04:18:57 UTC 2019 /home/travis/build/icyphy/ptII/ptolemy/domains/de/test/auto/deInCt2.xml
----------------- Instantiating /home/travis/build/icyphy/ptII/ptolemy/domains/de/test/auto/deInCt2.xml
0
1
1
1
0
0
1
1
1
0
0
1
1
1
0
0
1
1
1
0
0
1
1
1
0
0
1
1
1
0
0
1
1
1
0
0
1
1
1
0
0
0
6 ms. Memory: 560128K Free: 530630K (95%)
----------------- Invoking toplevel() on ptolemy.moml.MoMLSimpleApplication@655d4d9e
----------------- Done invoking toplevel() on ptolemy.moml.MoMLSimpleApplication@655d4d9e
reloadAllAccessors: .deInCt2

===========================================================================================
----------------- testing Sat May 11 04:18:57 UTC 2019 /home/travis/build/icyphy/ptII/ptolemy/domains/de/test/auto/dynamicCausalityInterface1.xml
----------------- Instantiating /home/travis/build/icyphy/ptII/ptolemy/domains/de/test/auto/dynamicCausalityInterface1.xml
1 ms. Memory: 560128K Free: 515824K (92%)
----------------- Invoking toplevel() on ptolemy.moml.MoMLSimpleApplication@48a164d0
----------------- Done invoking toplevel() on ptolemy.moml.MoMLSimpleApplication@48a164d0
reloadAllAccessors: .dynamicCausalityInterface1

===========================================================================================
----------------- testing Sat May 11 04:18:57 UTC 2019 /home/travis/build/icyphy/ptII/ptolemy/domains/de/test/auto/fsm_de_test.xml
----------------- Instantiating /home/travis/build/icyphy/ptII/ptolemy/domains/de/test/auto/fsm_de_test.xml
6 ms. Memory: 560128K Free: 501003K (89%)
----------------- Invoking toplevel() on ptolemy.moml.MoMLSimpleApplication@35269d12
----------------- Done invoking toplevel() on ptolemy.moml.MoMLSimpleApplication@35269d12
reloadAllAccessors: .fsm_de_test

===========================================================================================
----------------- testing Sat May 11 04:18:57 UTC 2019 /home/travis/build/icyphy/ptII/ptolemy/domains/de/test/auto/functionDependencyReconstruction.xml
----------------- Instantiating /home/travis/build/icyphy/ptII/ptolemy/domains/de/test/auto/functionDependencyReconstruction.xml
2 ms. Memory: 560128K Free: 481446K (86%)
----------------- Invoking toplevel() on ptolemy.moml.MoMLSimpleApplication@265c55b8
----------------- Done invoking toplevel() on ptolemy.moml.MoMLSimpleApplication@265c55b8
reloadAllAccessors: .functionDependencyReconstruction

===========================================================================================
----------------- testing Sat May 11 04:18:57 UTC 2019 /home/travis/build/icyphy/ptII/ptolemy/domains/de/test/auto/multirate.xml
----------------- Instantiating /home/travis/build/icyphy/ptII/ptolemy/domains/de/test/auto/multirate.xml
2 ms. Memory: 560128K Free: 466625K (83%)
----------------- Invoking toplevel() on ptolemy.moml.MoMLSimpleApplication@1a08b48
----------------- Done invoking toplevel() on ptolemy.moml.MoMLSimpleApplication@1a08b48
reloadAllAccessors: .multirate

===========================================================================================
----------------- testing Sat May 11 04:18:57 UTC 2019 /home/travis/build/icyphy/ptII/ptolemy/domains/de/test/auto/multirate2.xml
----------------- Instantiating /home/travis/build/icyphy/ptII/ptolemy/domains/de/test/auto/multirate2.xml
2 ms. Memory: 560128K Free: 451803K (81%)
----------------- Invoking toplevel() on ptolemy.moml.MoMLSimpleApplication@4ae31dc8
----------------- Done invoking toplevel() on ptolemy.moml.MoMLSimpleApplication@4ae31dc8
reloadAllAccessors: .multirate2

===========================================================================================
----------------- testing Sat May 11 04:18:57 UTC 2019 /home/travis/build/icyphy/ptII/ptolemy/domains/de/test/auto/realtime.xml
----------------- Instantiating /home/travis/build/icyphy/ptII/ptolemy/domains/de/test/auto/realtime.xml
10001 ms. Memory: 560128K Free: 441734K (79%)
----------------- Invoking toplevel() on ptolemy.moml.MoMLSimpleApplication@50ae52cf
----------------- Done invoking toplevel() on ptolemy.moml.MoMLSimpleApplication@50ae52cf
reloadAllAccessors: .realtime

===========================================================================================
----------------- testing Sat May 11 04:19:07 UTC 2019 /home/travis/build/icyphy/ptII/ptolemy/domains/de/test/auto/relationGroup.xml
----------------- Instantiating /home/travis/build/icyphy/ptII/ptolemy/domains/de/test/auto/relationGroup.xml
2 ms. Memory: 560128K Free: 431665K (77%)
----------------- Invoking toplevel() on ptolemy.moml.MoMLSimpleApplication@286eb743
----------------- Done invoking toplevel() on ptolemy.moml.MoMLSimpleApplication@286eb743
reloadAllAccessors: .relationGroup

===========================================================================================
----------------- testing Sat May 11 04:19:07 UTC 2019 /home/travis/build/icyphy/ptII/ptolemy/domains/de/test/auto/relationGroup2.xml
----------------- Instantiating /home/travis/build/icyphy/ptII/ptolemy/domains/de/test/auto/relationGroup2.xml
0 ms. Memory: 560128K Free: 421595K (75%)
----------------- Invoking toplevel() on ptolemy.moml.MoMLSimpleApplication@3897281c
----------------- Done invoking toplevel() on ptolemy.moml.MoMLSimpleApplication@3897281c
reloadAllAccessors: .relationGroup2

===========================================================================================
----------------- testing Sat May 11 04:19:07 UTC 2019 /home/travis/build/icyphy/ptII/ptolemy/domains/de/test/auto/sortWithOpaquePorts.xml
----------------- Instantiating /home/travis/build/icyphy/ptII/ptolemy/domains/de/test/auto/sortWithOpaquePorts.xml
1 ms. Memory: 560128K Free: 411526K (73%)
----------------- Invoking toplevel() on ptolemy.moml.MoMLSimpleApplication@48f7091f
----------------- Done invoking toplevel() on ptolemy.moml.MoMLSimpleApplication@48f7091f
reloadAllAccessors: .sortWithOpaquePorts

===========================================================================================
----------------- testing Sat May 11 04:19:07 UTC 2019 /home/travis/build/icyphy/ptII/ptolemy/domains/de/test/auto/transferInputsandOutputs.xml
----------------- Instantiating /home/travis/build/icyphy/ptII/ptolemy/domains/de/test/auto/transferInputsandOutputs.xml
1 ms. Memory: 560128K Free: 396704K (71%)
----------------- Invoking toplevel() on ptolemy.moml.MoMLSimpleApplication@4ff63de7
----------------- Done invoking toplevel() on ptolemy.moml.MoMLSimpleApplication@4ff63de7
reloadAllAccessors: .transferInputsandOutputs

===========================================================================================
----------------- testing Sat May 11 04:19:07 UTC 2019 /home/travis/build/icyphy/ptII/ptolemy/domains/de/test/auto/triggerType.xml
----------------- Instantiating /home/travis/build/icyphy/ptII/ptolemy/domains/de/test/auto/triggerType.xml
1 ms. Memory: 560128K Free: 386635K (69%)
----------------- Invoking toplevel() on ptolemy.moml.MoMLSimpleApplication@58f68eb1
----------------- Done invoking toplevel() on ptolemy.moml.MoMLSimpleApplication@58f68eb1
reloadAllAccessors: .triggerType
AutoTests.java: About to close Vertx.
AutoTests.java: Vertx closed.
]]></system-out>
  <system-err><![CDATA[java.lang.RuntimeException: Execution failed
	at ptolemy.moml.MoMLSimpleApplication$UnloadThread.run(MoMLSimpleApplication.java:402)
Caused by: ptolemy.kernel.util.IllegalActionException: Found a zero delay loop containing .dependencyLoop.original
  in .dependencyLoop and .dependencyLoop.original
	at ptolemy.actor.util.CausalityInterfaceForComposites._computeOutputPortDepth(CausalityInterfaceForComposites.java:759)
	at ptolemy.actor.util.CausalityInterfaceForComposites._computeInputDepth(CausalityInterfaceForComposites.java:696)
	at ptolemy.actor.util.CausalityInterfaceForComposites._computeOutputPortDepth(CausalityInterfaceForComposites.java:765)
	at ptolemy.actor.util.CausalityInterfaceForComposites._computeInputDepth(CausalityInterfaceForComposites.java:696)
	at ptolemy.actor.util.CausalityInterfaceForComposites._computeOutputPortDepth(CausalityInterfaceForComposites.java:765)
	at ptolemy.actor.util.CausalityInterfaceForComposites._computeInputDepth(CausalityInterfaceForComposites.java:696)
	at ptolemy.actor.util.CausalityInterfaceForComposites._computeActorDepth(CausalityInterfaceForComposites.java:532)
	at ptolemy.actor.util.CausalityInterfaceForComposites.checkForCycles(CausalityInterfaceForComposites.java:96)
	at ptolemy.domains.de.kernel.DEDirector.preinitialize(DEDirector.java:1338)
	at ptolemy.actor.CompositeActor.preinitialize(CompositeActor.java:1828)
	at ptolemy.actor.Manager.preinitializeAndResolveTypes(Manager.java:1040)
	at ptolemy.actor.Manager.initialize(Manager.java:710)
	at ptolemy.actor.Manager.execute(Manager.java:356)
	at ptolemy.actor.Manager.run(Manager.java:1263)
	at ptolemy.actor.Manager$PtolemyRunThread.run(Manager.java:1915)
java.lang.RuntimeException: Execution failed
	at ptolemy.moml.MoMLSimpleApplication$UnloadThread.run(MoMLSimpleApplication.java:402)
Caused by: ptolemy.kernel.util.IllegalActionException: Found a zero delay loop containing .dependencyLoop2.original
  in .dependencyLoop2 and .dependencyLoop2.original
	at ptolemy.actor.util.CausalityInterfaceForComposites._computeOutputPortDepth(CausalityInterfaceForComposites.java:759)
	at ptolemy.actor.util.CausalityInterfaceForComposites._computeInputDepth(CausalityInterfaceForComposites.java:696)
	at ptolemy.actor.util.CausalityInterfaceForComposites._computeOutputPortDepth(CausalityInterfaceForComposites.java:765)
	at ptolemy.actor.util.CausalityInterfaceForComposites._computeInputDepth(CausalityInterfaceForComposites.java:696)
	at ptolemy.actor.util.CausalityInterfaceForComposites._computeOutputPortDepth(CausalityInterfaceForComposites.java:765)
	at ptolemy.actor.util.CausalityInterfaceForComposites._computeInputDepth(CausalityInterfaceForComposites.java:696)
	at ptolemy.actor.util.CausalityInterfaceForComposites._computeActorDepth(CausalityInterfaceForComposites.java:532)
	at ptolemy.actor.util.CausalityInterfaceForComposites.checkForCycles(CausalityInterfaceForComposites.java:96)
	at ptolemy.domains.de.kernel.DEDirector.preinitialize(DEDirector.java:1338)
	at ptolemy.actor.CompositeActor.preinitialize(CompositeActor.java:1828)
	at ptolemy.actor.Manager.preinitializeAndResolveTypes(Manager.java:1040)
	at ptolemy.actor.Manager.initialize(Manager.java:710)
	at ptolemy.actor.Manager.execute(Manager.java:356)
	at ptolemy.actor.Manager.run(Manager.java:1263)
	at ptolemy.actor.Manager$PtolemyRunThread.run(Manager.java:1915)
java.lang.RuntimeException: Execution failed
	at ptolemy.moml.MoMLSimpleApplication$UnloadThread.run(MoMLSimpleApplication.java:402)
Caused by: ptolemy.kernel.util.IllegalActionException: Found a zero delay loop containing .dependencyLoop.original
  in .dependencyLoop and .dependencyLoop.original
	at ptolemy.actor.util.CausalityInterfaceForComposites._computeOutputPortDepth(CausalityInterfaceForComposites.java:759)
	at ptolemy.actor.util.CausalityInterfaceForComposites._computeInputDepth(CausalityInterfaceForComposites.java:696)
	at ptolemy.actor.util.CausalityInterfaceForComposites._computeOutputPortDepth(CausalityInterfaceForComposites.java:765)
	at ptolemy.actor.util.CausalityInterfaceForComposites._computeInputDepth(CausalityInterfaceForComposites.java:696)
	at ptolemy.actor.util.CausalityInterfaceForComposites._computeOutputPortDepth(CausalityInterfaceForComposites.java:765)
	at ptolemy.actor.util.CausalityInterfaceForComposites._computeInputDepth(CausalityInterfaceForComposites.java:696)
	at ptolemy.actor.util.CausalityInterfaceForComposites._computeActorDepth(CausalityInterfaceForComposites.java:532)
	at ptolemy.actor.util.CausalityInterfaceForComposites.checkForCycles(CausalityInterfaceForComposites.java:96)
	at ptolemy.domains.de.kernel.DEDirector.preinitialize(DEDirector.java:1338)
	at ptolemy.actor.CompositeActor.preinitialize(CompositeActor.java:1828)
	at ptolemy.actor.Manager.preinitializeAndResolveTypes(Manager.java:1040)
	at ptolemy.actor.Manager.initialize(Manager.java:710)
	at ptolemy.actor.Manager.execute(Manager.java:356)
	at ptolemy.actor.Manager.run(Manager.java:1263)
	at ptolemy.actor.Manager$PtolemyRunThread.run(Manager.java:1915)
java.lang.RuntimeException: Execution failed
	at ptolemy.moml.MoMLSimpleApplication$UnloadThread.run(MoMLSimpleApplication.java:402)
Caused by: ptolemy.kernel.util.IllegalActionException: Actor is not ready to fire.  Perhaps UpSample.prefire() returned false? Try debugging the actor by selecting "Listen to Actor".  Also, for SDF check moml for tokenConsumptionRate on input.
  in .DESDFClockTest.Play Bell.Copy1:SDF Director and .DESDFClockTest.Play Bell.UpSample
	at ptolemy.actor.sched.StaticSchedulingDirector.fire(StaticSchedulingDirector.java:227)
	at ptolemy.domains.sdf.kernel.SDFDirector.fire(SDFDirector.java:500)
	at ptolemy.actor.CompositeActor.fire(CompositeActor.java:455)
	at ptolemy.domains.de.kernel.DEDirector._fire(DEDirector.java:1949)
	at ptolemy.domains.de.kernel.DEDirector.fire(DEDirector.java:502)
	at ptolemy.actor.CompositeActor.fire(CompositeActor.java:455)
	at ptolemy.actor.Manager.iterate(Manager.java:851)
	at ptolemy.actor.Manager.execute(Manager.java:369)
	at ptolemy.actor.Manager.run(Manager.java:1263)
	at ptolemy.actor.Manager$PtolemyRunThread.run(Manager.java:1915)
java.lang.RuntimeException: Execution failed
	at ptolemy.moml.MoMLSimpleApplication$UnloadThread.run(MoMLSimpleApplication.java:402)
Caused by: ptolemy.kernel.util.IllegalActionException: Found a zero delay loop containing .dependencyLoop2.original
  in .dependencyLoop2 and .dependencyLoop2.original
	at ptolemy.actor.util.CausalityInterfaceForComposites._computeOutputPortDepth(CausalityInterfaceForComposites.java:759)
	at ptolemy.actor.util.CausalityInterfaceForComposites._computeInputDepth(CausalityInterfaceForComposites.java:696)
	at ptolemy.actor.util.CausalityInterfaceForComposites._computeOutputPortDepth(CausalityInterfaceForComposites.java:765)
	at ptolemy.actor.util.CausalityInterfaceForComposites._computeInputDepth(CausalityInterfaceForComposites.java:696)
	at ptolemy.actor.util.CausalityInterfaceForComposites._computeOutputPortDepth(CausalityInterfaceForComposites.java:765)
	at ptolemy.actor.util.CausalityInterfaceForComposites._computeInputDepth(CausalityInterfaceForComposites.java:696)
	at ptolemy.actor.util.CausalityInterfaceForComposites._computeActorDepth(CausalityInterfaceForComposites.java:532)
	at ptolemy.actor.util.CausalityInterfaceForComposites.checkForCycles(CausalityInterfaceForComposites.java:96)
	at ptolemy.domains.de.kernel.DEDirector.preinitialize(DEDirector.java:1338)
	at ptolemy.actor.CompositeActor.preinitialize(CompositeActor.java:1828)
	at ptolemy.actor.Manager.preinitializeAndResolveTypes(Manager.java:1040)
	at ptolemy.actor.Manager.initialize(Manager.java:710)
	at ptolemy.actor.Manager.execute(Manager.java:356)
	at ptolemy.actor.Manager.run(Manager.java:1263)
	at ptolemy.actor.Manager$PtolemyRunThread.run(Manager.java:1915)
java.lang.RuntimeException: Execution failed
	at ptolemy.moml.MoMLSimpleApplication$UnloadThread.run(MoMLSimpleApplication.java:402)
Caused by: ptolemy.kernel.util.IllegalActionException: Found a zero delay loop containing .HierarchicalModel.A
  in .HierarchicalModel and .HierarchicalModel.A
	at ptolemy.actor.util.CausalityInterfaceForComposites._computeOutputPortDepth(CausalityInterfaceForComposites.java:759)
	at ptolemy.actor.util.CausalityInterfaceForComposites._computeInputDepth(CausalityInterfaceForComposites.java:696)
	at ptolemy.actor.util.CausalityInterfaceForComposites._computeOutputPortDepth(CausalityInterfaceForComposites.java:765)
	at ptolemy.actor.util.CausalityInterfaceForComposites._computeInputDepth(CausalityInterfaceForComposites.java:696)
	at ptolemy.actor.util.CausalityInterfaceForComposites._computeOutputPortDepth(CausalityInterfaceForComposites.java:765)
	at ptolemy.actor.util.CausalityInterfaceForComposites._computeInputDepth(CausalityInterfaceForComposites.java:696)
	at ptolemy.actor.util.CausalityInterfaceForComposites._computeActorDepth(CausalityInterfaceForComposites.java:532)
	at ptolemy.actor.util.CausalityInterfaceForComposites.checkForCycles(CausalityInterfaceForComposites.java:96)
	at ptolemy.domains.de.kernel.DEDirector.preinitialize(DEDirector.java:1338)
	at ptolemy.actor.CompositeActor.preinitialize(CompositeActor.java:1828)
	at ptolemy.actor.Manager.preinitializeAndResolveTypes(Manager.java:1040)
	at ptolemy.actor.Manager.initialize(Manager.java:710)
	at ptolemy.actor.Manager.execute(Manager.java:356)
	at ptolemy.actor.Manager.run(Manager.java:1263)
	at ptolemy.actor.Manager$PtolemyRunThread.run(Manager.java:1915)
java.lang.RuntimeException: Execution failed
	at ptolemy.moml.MoMLSimpleApplication$UnloadThread.run(MoMLSimpleApplication.java:402)
Caused by: ptolemy.kernel.util.IllegalActionException: Test fails in iteration 1.
Value was: 1.0. Should have been: 2.0
  in .DirectFeedback.Test
	at ptolemy.actor.lib.Test.fire(Test.java:268)
	at ptolemy.domains.de.kernel.DEDirector._fire(DEDirector.java:1949)
	at ptolemy.domains.de.kernel.DEDirector.fire(DEDirector.java:502)
	at ptolemy.actor.CompositeActor.fire(CompositeActor.java:455)
	at ptolemy.actor.Manager.iterate(Manager.java:851)
	at ptolemy.actor.Manager.execute(Manager.java:369)
	at ptolemy.actor.Manager.run(Manager.java:1263)
	at ptolemy.actor.Manager$PtolemyRunThread.run(Manager.java:1915)
java.lang.RuntimeException: Execution failed
	at ptolemy.moml.MoMLSimpleApplication$UnloadThread.run(MoMLSimpleApplication.java:402)
Caused by: ptolemy.kernel.util.IllegalActionException: Actor is not ready to fire.  Perhaps UpSample.prefire() returned false? Try debugging the actor by selecting "Listen to Actor".  Also, for SDF check moml for tokenConsumptionRate on input.
  in .DESDFClockTest.Play Bell.Copy1:SDF Director and .DESDFClockTest.Play Bell.UpSample
	at ptolemy.actor.sched.StaticSchedulingDirector.fire(StaticSchedulingDirector.java:227)
	at ptolemy.domains.sdf.kernel.SDFDirector.fire(SDFDirector.java:500)
	at ptolemy.actor.CompositeActor.fire(CompositeActor.java:455)
	at ptolemy.domains.de.kernel.DEDirector._fire(DEDirector.java:1949)
	at ptolemy.domains.de.kernel.DEDirector.fire(DEDirector.java:502)
	at ptolemy.actor.CompositeActor.fire(CompositeActor.java:455)
	at ptolemy.actor.Manager.iterate(Manager.java:851)
	at ptolemy.actor.Manager.execute(Manager.java:369)
	at ptolemy.actor.Manager.run(Manager.java:1263)
	at ptolemy.actor.Manager$PtolemyRunThread.run(Manager.java:1915)
java.lang.reflect.InvocationTargetException
	at sun.reflect.NativeConstructorAccessorImpl.newInstance0(Native Method)
	at sun.reflect.NativeConstructorAccessorImpl.newInstance(NativeConstructorAccessorImpl.java:62)
	at sun.reflect.DelegatingConstructorAccessorImpl.newInstance(DelegatingConstructorAccessorImpl.java:45)
	at java.lang.reflect.Constructor.newInstance(Constructor.java:423)
	at ptolemy.util.test.junit.AutoKnownFailedTests.RunModel(AutoKnownFailedTests.java:105)
	at sun.reflect.NativeMethodAccessorImpl.invoke0(Native Method)
	at sun.reflect.NativeMethodAccessorImpl.invoke(NativeMethodAccessorImpl.java:62)
	at sun.reflect.DelegatingMethodAccessorImpl.invoke(DelegatingMethodAccessorImpl.java:43)
	at java.lang.reflect.Method.invoke(Method.java:498)
	at org.junit.runners.model.FrameworkMethod$1.runReflectiveCall(FrameworkMethod.java:44)
	at org.junit.internal.runners.model.ReflectiveCallable.run(ReflectiveCallable.java:15)
	at org.junit.runners.model.FrameworkMethod.invokeExplosively(FrameworkMethod.java:41)
	at junitparams.internal.InvokeParameterisedMethod.evaluate(InvokeParameterisedMethod.java:102)
	at org.junit.internal.runners.statements.FailOnTimeout$1.run(FailOnTimeout.java:28)
Caused by: ptolemy.kernel.util.IllegalActionException: Actor is not ready to fire.  Perhaps UpSample.prefire() returned false? Try debugging the actor by selecting "Listen to Actor".  Also, for SDF check moml for tokenConsumptionRate on input.
  in .DESDFClockTest.Play Bell.Copy1:SDF Director and .DESDFClockTest.Play Bell.UpSample
	at ptolemy.actor.sched.StaticSchedulingDirector.fire(StaticSchedulingDirector.java:227)
	at ptolemy.domains.sdf.kernel.SDFDirector.fire(SDFDirector.java:500)
	at ptolemy.actor.CompositeActor.fire(CompositeActor.java:455)
	at ptolemy.domains.de.kernel.DEDirector._fire(DEDirector.java:1949)
	at ptolemy.domains.de.kernel.DEDirector.fire(DEDirector.java:502)
	at ptolemy.actor.CompositeActor.fire(CompositeActor.java:455)
	at ptolemy.actor.Manager.iterate(Manager.java:851)
	at ptolemy.actor.Manager.execute(Manager.java:369)
	at ptolemy.actor.Manager.run(Manager.java:1263)
	at ptolemy.actor.Manager$PtolemyRunThread.run(Manager.java:1915)
java.lang.RuntimeException: Execution failed
	at ptolemy.moml.MoMLSimpleApplication$UnloadThread.run(MoMLSimpleApplication.java:402)
Caused by: ptolemy.kernel.util.IllegalActionException: Test fails in iteration 1.
Value was: 1.0. Should have been: 2.0
  in .DirectFeedback.Test
	at ptolemy.actor.lib.Test.fire(Test.java:268)
	at ptolemy.domains.de.kernel.DEDirector._fire(DEDirector.java:1949)
	at ptolemy.domains.de.kernel.DEDirector.fire(DEDirector.java:502)
	at ptolemy.actor.CompositeActor.fire(CompositeActor.java:455)
	at ptolemy.actor.Manager.iterate(Manager.java:851)
	at ptolemy.actor.Manager.execute(Manager.java:369)
	at ptolemy.actor.Manager.run(Manager.java:1263)
	at ptolemy.actor.Manager$PtolemyRunThread.run(Manager.java:1915)
java.lang.reflect.InvocationTargetException
	at sun.reflect.NativeConstructorAccessorImpl.newInstance0(Native Method)
	at sun.reflect.NativeConstructorAccessorImpl.newInstance(NativeConstructorAccessorImpl.java:62)
	at sun.reflect.DelegatingConstructorAccessorImpl.newInstance(DelegatingConstructorAccessorImpl.java:45)
	at java.lang.reflect.Constructor.newInstance(Constructor.java:423)
	at ptolemy.util.test.junit.AutoKnownFailedTests.RunModel(AutoKnownFailedTests.java:105)
	at sun.reflect.NativeMethodAccessorImpl.invoke0(Native Method)
	at sun.reflect.NativeMethodAccessorImpl.invoke(NativeMethodAccessorImpl.java:62)
	at sun.reflect.DelegatingMethodAccessorImpl.invoke(DelegatingMethodAccessorImpl.java:43)
	at java.lang.reflect.Method.invoke(Method.java:498)
	at org.junit.runners.model.FrameworkMethod$1.runReflectiveCall(FrameworkMethod.java:44)
	at org.junit.internal.runners.model.ReflectiveCallable.run(ReflectiveCallable.java:15)
	at org.junit.runners.model.FrameworkMethod.invokeExplosively(FrameworkMethod.java:41)
	at junitparams.internal.InvokeParameterisedMethod.evaluate(InvokeParameterisedMethod.java:102)
	at org.junit.internal.runners.statements.FailOnTimeout$1.run(FailOnTimeout.java:28)
Caused by: ptolemy.kernel.util.IllegalActionException: Test fails in iteration 1.
Value was: 1.0. Should have been: 2.0
  in .DirectFeedback.Test
	at ptolemy.actor.lib.Test.fire(Test.java:268)
	at ptolemy.domains.de.kernel.DEDirector._fire(DEDirector.java:1949)
	at ptolemy.domains.de.kernel.DEDirector.fire(DEDirector.java:502)
	at ptolemy.actor.CompositeActor.fire(CompositeActor.java:455)
	at ptolemy.actor.Manager.iterate(Manager.java:851)
	at ptolemy.actor.Manager.execute(Manager.java:369)
	at ptolemy.actor.Manager.run(Manager.java:1263)
	at ptolemy.actor.Manager$PtolemyRunThread.run(Manager.java:1915)
java.lang.RuntimeException: Execution failed
	at ptolemy.moml.MoMLSimpleApplication$UnloadThread.run(MoMLSimpleApplication.java:402)
Caused by: ptolemy.kernel.util.IllegalActionException: Found a zero delay loop containing .HierarchicalModel.A
  in .HierarchicalModel and .HierarchicalModel.A
	at ptolemy.actor.util.CausalityInterfaceForComposites._computeOutputPortDepth(CausalityInterfaceForComposites.java:759)
	at ptolemy.actor.util.CausalityInterfaceForComposites._computeInputDepth(CausalityInterfaceForComposites.java:696)
	at ptolemy.actor.util.CausalityInterfaceForComposites._computeOutputPortDepth(CausalityInterfaceForComposites.java:765)
	at ptolemy.actor.util.CausalityInterfaceForComposites._computeInputDepth(CausalityInterfaceForComposites.java:696)
	at ptolemy.actor.util.CausalityInterfaceForComposites._computeOutputPortDepth(CausalityInterfaceForComposites.java:765)
	at ptolemy.actor.util.CausalityInterfaceForComposites._computeInputDepth(CausalityInterfaceForComposites.java:696)
	at ptolemy.actor.util.CausalityInterfaceForComposites._computeActorDepth(CausalityInterfaceForComposites.java:532)
	at ptolemy.actor.util.CausalityInterfaceForComposites.checkForCycles(CausalityInterfaceForComposites.java:96)
	at ptolemy.domains.de.kernel.DEDirector.preinitialize(DEDirector.java:1338)
	at ptolemy.actor.CompositeActor.preinitialize(CompositeActor.java:1828)
	at ptolemy.actor.Manager.preinitializeAndResolveTypes(Manager.java:1040)
	at ptolemy.actor.Manager.initialize(Manager.java:710)
	at ptolemy.actor.Manager.execute(Manager.java:356)
	at ptolemy.actor.Manager.run(Manager.java:1263)
	at ptolemy.actor.Manager$PtolemyRunThread.run(Manager.java:1915)
java.lang.reflect.InvocationTargetException
	at sun.reflect.NativeConstructorAccessorImpl.newInstance0(Native Method)
	at sun.reflect.NativeConstructorAccessorImpl.newInstance(NativeConstructorAccessorImpl.java:62)
	at sun.reflect.DelegatingConstructorAccessorImpl.newInstance(DelegatingConstructorAccessorImpl.java:45)
	at java.lang.reflect.Constructor.newInstance(Constructor.java:423)
	at ptolemy.util.test.junit.AutoKnownFailedTests.RunModel(AutoKnownFailedTests.java:105)
	at sun.reflect.NativeMethodAccessorImpl.invoke0(Native Method)
	at sun.reflect.NativeMethodAccessorImpl.invoke(NativeMethodAccessorImpl.java:62)
	at sun.reflect.DelegatingMethodAccessorImpl.invoke(DelegatingMethodAccessorImpl.java:43)
	at java.lang.reflect.Method.invoke(Method.java:498)
	at org.junit.runners.model.FrameworkMethod$1.runReflectiveCall(FrameworkMethod.java:44)
	at org.junit.internal.runners.model.ReflectiveCallable.run(ReflectiveCallable.java:15)
	at org.junit.runners.model.FrameworkMethod.invokeExplosively(FrameworkMethod.java:41)
	at junitparams.internal.InvokeParameterisedMethod.evaluate(InvokeParameterisedMethod.java:102)
	at org.junit.internal.runners.statements.FailOnTimeout$1.run(FailOnTimeout.java:28)
Caused by: ptolemy.kernel.util.IllegalActionException: Found a zero delay loop containing .HierarchicalModel.A
  in .HierarchicalModel and .HierarchicalModel.A
	at ptolemy.actor.util.CausalityInterfaceForComposites._computeOutputPortDepth(CausalityInterfaceForComposites.java:759)
	at ptolemy.actor.util.CausalityInterfaceForComposites._computeInputDepth(CausalityInterfaceForComposites.java:696)
	at ptolemy.actor.util.CausalityInterfaceForComposites._computeOutputPortDepth(CausalityInterfaceForComposites.java:765)
	at ptolemy.actor.util.CausalityInterfaceForComposites._computeInputDepth(CausalityInterfaceForComposites.java:696)
	at ptolemy.actor.util.CausalityInterfaceForComposites._computeOutputPortDepth(CausalityInterfaceForComposites.java:765)
	at ptolemy.actor.util.CausalityInterfaceForComposites._computeInputDepth(CausalityInterfaceForComposites.java:696)
	at ptolemy.actor.util.CausalityInterfaceForComposites._computeActorDepth(CausalityInterfaceForComposites.java:532)
	at ptolemy.actor.util.CausalityInterfaceForComposites.checkForCycles(CausalityInterfaceForComposites.java:96)
	at ptolemy.domains.de.kernel.DEDirector.preinitialize(DEDirector.java:1338)
	at ptolemy.actor.CompositeActor.preinitialize(CompositeActor.java:1828)
	at ptolemy.actor.Manager.preinitializeAndResolveTypes(Manager.java:1040)
	at ptolemy.actor.Manager.initialize(Manager.java:710)
	at ptolemy.actor.Manager.execute(Manager.java:356)
	at ptolemy.actor.Manager.run(Manager.java:1263)
	at ptolemy.actor.Manager$PtolemyRunThread.run(Manager.java:1915)
java.lang.RuntimeException: Execution failed
	at ptolemy.moml.MoMLSimpleApplication$UnloadThread.run(MoMLSimpleApplication.java:402)
Caused by: ptolemy.kernel.util.IllegalActionException: Found a zero delay loop containing .dependencyLoop.original
  in .dependencyLoop and .dependencyLoop.original
	at ptolemy.actor.util.CausalityInterfaceForComposites._computeOutputPortDepth(CausalityInterfaceForComposites.java:759)
	at ptolemy.actor.util.CausalityInterfaceForComposites._computeInputDepth(CausalityInterfaceForComposites.java:696)
	at ptolemy.actor.util.CausalityInterfaceForComposites._computeOutputPortDepth(CausalityInterfaceForComposites.java:765)
	at ptolemy.actor.util.CausalityInterfaceForComposites._computeInputDepth(CausalityInterfaceForComposites.java:696)
	at ptolemy.actor.util.CausalityInterfaceForComposites._computeOutputPortDepth(CausalityInterfaceForComposites.java:765)
	at ptolemy.actor.util.CausalityInterfaceForComposites._computeInputDepth(CausalityInterfaceForComposites.java:696)
	at ptolemy.actor.util.CausalityInterfaceForComposites._computeActorDepth(CausalityInterfaceForComposites.java:532)
	at ptolemy.actor.util.CausalityInterfaceForComposites.checkForCycles(CausalityInterfaceForComposites.java:96)
	at ptolemy.domains.de.kernel.DEDirector.preinitialize(DEDirector.java:1338)
	at ptolemy.actor.CompositeActor.preinitialize(CompositeActor.java:1828)
	at ptolemy.actor.Manager.preinitializeAndResolveTypes(Manager.java:1040)
	at ptolemy.actor.Manager.initialize(Manager.java:710)
	at ptolemy.actor.Manager.execute(Manager.java:356)
	at ptolemy.actor.Manager.run(Manager.java:1263)
	at ptolemy.actor.Manager$PtolemyRunThread.run(Manager.java:1915)
java.lang.reflect.InvocationTargetException
	at sun.reflect.NativeConstructorAccessorImpl.newInstance0(Native Method)
	at sun.reflect.NativeConstructorAccessorImpl.newInstance(NativeConstructorAccessorImpl.java:62)
	at sun.reflect.DelegatingConstructorAccessorImpl.newInstance(DelegatingConstructorAccessorImpl.java:45)
	at java.lang.reflect.Constructor.newInstance(Constructor.java:423)
	at ptolemy.util.test.junit.AutoKnownFailedTests.RunModel(AutoKnownFailedTests.java:105)
	at sun.reflect.NativeMethodAccessorImpl.invoke0(Native Method)
	at sun.reflect.NativeMethodAccessorImpl.invoke(NativeMethodAccessorImpl.java:62)
	at sun.reflect.DelegatingMethodAccessorImpl.invoke(DelegatingMethodAccessorImpl.java:43)
	at java.lang.reflect.Method.invoke(Method.java:498)
	at org.junit.runners.model.FrameworkMethod$1.runReflectiveCall(FrameworkMethod.java:44)
	at org.junit.internal.runners.model.ReflectiveCallable.run(ReflectiveCallable.java:15)
	at org.junit.runners.model.FrameworkMethod.invokeExplosively(FrameworkMethod.java:41)
	at junitparams.internal.InvokeParameterisedMethod.evaluate(InvokeParameterisedMethod.java:102)
	at org.junit.internal.runners.statements.FailOnTimeout$1.run(FailOnTimeout.java:28)
Caused by: ptolemy.kernel.util.IllegalActionException: Found a zero delay loop containing .dependencyLoop.original
  in .dependencyLoop and .dependencyLoop.original
	at ptolemy.actor.util.CausalityInterfaceForComposites._computeOutputPortDepth(CausalityInterfaceForComposites.java:759)
	at ptolemy.actor.util.CausalityInterfaceForComposites._computeInputDepth(CausalityInterfaceForComposites.java:696)
	at ptolemy.actor.util.CausalityInterfaceForComposites._computeOutputPortDepth(CausalityInterfaceForComposites.java:765)
	at ptolemy.actor.util.CausalityInterfaceForComposites._computeInputDepth(CausalityInterfaceForComposites.java:696)
	at ptolemy.actor.util.CausalityInterfaceForComposites._computeOutputPortDepth(CausalityInterfaceForComposites.java:765)
	at ptolemy.actor.util.CausalityInterfaceForComposites._computeInputDepth(CausalityInterfaceForComposites.java:696)
	at ptolemy.actor.util.CausalityInterfaceForComposites._computeActorDepth(CausalityInterfaceForComposites.java:532)
	at ptolemy.actor.util.CausalityInterfaceForComposites.checkForCycles(CausalityInterfaceForComposites.java:96)
	at ptolemy.domains.de.kernel.DEDirector.preinitialize(DEDirector.java:1338)
	at ptolemy.actor.CompositeActor.preinitialize(CompositeActor.java:1828)
	at ptolemy.actor.Manager.preinitializeAndResolveTypes(Manager.java:1040)
	at ptolemy.actor.Manager.initialize(Manager.java:710)
	at ptolemy.actor.Manager.execute(Manager.java:356)
	at ptolemy.actor.Manager.run(Manager.java:1263)
	at ptolemy.actor.Manager$PtolemyRunThread.run(Manager.java:1915)
java.lang.RuntimeException: Execution failed
	at ptolemy.moml.MoMLSimpleApplication$UnloadThread.run(MoMLSimpleApplication.java:402)
Caused by: ptolemy.kernel.util.IllegalActionException: Found a zero delay loop containing .dependencyLoop2.original
  in .dependencyLoop2 and .dependencyLoop2.original
	at ptolemy.actor.util.CausalityInterfaceForComposites._computeOutputPortDepth(CausalityInterfaceForComposites.java:759)
	at ptolemy.actor.util.CausalityInterfaceForComposites._computeInputDepth(CausalityInterfaceForComposites.java:696)
	at ptolemy.actor.util.CausalityInterfaceForComposites._computeOutputPortDepth(CausalityInterfaceForComposites.java:765)
	at ptolemy.actor.util.CausalityInterfaceForComposites._computeInputDepth(CausalityInterfaceForComposites.java:696)
	at ptolemy.actor.util.CausalityInterfaceForComposites._computeOutputPortDepth(CausalityInterfaceForComposites.java:765)
	at ptolemy.actor.util.CausalityInterfaceForComposites._computeInputDepth(CausalityInterfaceForComposites.java:696)
	at ptolemy.actor.util.CausalityInterfaceForComposites._computeActorDepth(CausalityInterfaceForComposites.java:532)
	at ptolemy.actor.util.CausalityInterfaceForComposites.checkForCycles(CausalityInterfaceForComposites.java:96)
	at ptolemy.domains.de.kernel.DEDirector.preinitialize(DEDirector.java:1338)
	at ptolemy.actor.CompositeActor.preinitialize(CompositeActor.java:1828)
	at ptolemy.actor.Manager.preinitializeAndResolveTypes(Manager.java:1040)
	at ptolemy.actor.Manager.initialize(Manager.java:710)
	at ptolemy.actor.Manager.execute(Manager.java:356)
	at ptolemy.actor.Manager.run(Manager.java:1263)
	at ptolemy.actor.Manager$PtolemyRunThread.run(Manager.java:1915)
java.lang.reflect.InvocationTargetException
	at sun.reflect.NativeConstructorAccessorImpl.newInstance0(Native Method)
	at sun.reflect.NativeConstructorAccessorImpl.newInstance(NativeConstructorAccessorImpl.java:62)
	at sun.reflect.DelegatingConstructorAccessorImpl.newInstance(DelegatingConstructorAccessorImpl.java:45)
	at java.lang.reflect.Constructor.newInstance(Constructor.java:423)
	at ptolemy.util.test.junit.AutoKnownFailedTests.RunModel(AutoKnownFailedTests.java:105)
	at sun.reflect.NativeMethodAccessorImpl.invoke0(Native Method)
	at sun.reflect.NativeMethodAccessorImpl.invoke(NativeMethodAccessorImpl.java:62)
	at sun.reflect.DelegatingMethodAccessorImpl.invoke(DelegatingMethodAccessorImpl.java:43)
	at java.lang.reflect.Method.invoke(Method.java:498)
	at org.junit.runners.model.FrameworkMethod$1.runReflectiveCall(FrameworkMethod.java:44)
	at org.junit.internal.runners.model.ReflectiveCallable.run(ReflectiveCallable.java:15)
	at org.junit.runners.model.FrameworkMethod.invokeExplosively(FrameworkMethod.java:41)
	at junitparams.internal.InvokeParameterisedMethod.evaluate(InvokeParameterisedMethod.java:102)
	at org.junit.internal.runners.statements.FailOnTimeout$1.run(FailOnTimeout.java:28)
Caused by: ptolemy.kernel.util.IllegalActionException: Found a zero delay loop containing .dependencyLoop2.original
  in .dependencyLoop2 and .dependencyLoop2.original
	at ptolemy.actor.util.CausalityInterfaceForComposites._computeOutputPortDepth(CausalityInterfaceForComposites.java:759)
	at ptolemy.actor.util.CausalityInterfaceForComposites._computeInputDepth(CausalityInterfaceForComposites.java:696)
	at ptolemy.actor.util.CausalityInterfaceForComposites._computeOutputPortDepth(CausalityInterfaceForComposites.java:765)
	at ptolemy.actor.util.CausalityInterfaceForComposites._computeInputDepth(CausalityInterfaceForComposites.java:696)
	at ptolemy.actor.util.CausalityInterfaceForComposites._computeOutputPortDepth(CausalityInterfaceForComposites.java:765)
	at ptolemy.actor.util.CausalityInterfaceForComposites._computeInputDepth(CausalityInterfaceForComposites.java:696)
	at ptolemy.actor.util.CausalityInterfaceForComposites._computeActorDepth(CausalityInterfaceForComposites.java:532)
	at ptolemy.actor.util.CausalityInterfaceForComposites.checkForCycles(CausalityInterfaceForComposites.java:96)
	at ptolemy.domains.de.kernel.DEDirector.preinitialize(DEDirector.java:1338)
	at ptolemy.actor.CompositeActor.preinitialize(CompositeActor.java:1828)
	at ptolemy.actor.Manager.preinitializeAndResolveTypes(Manager.java:1040)
	at ptolemy.actor.Manager.initialize(Manager.java:710)
	at ptolemy.actor.Manager.execute(Manager.java:356)
	at ptolemy.actor.Manager.run(Manager.java:1263)
	at ptolemy.actor.Manager$PtolemyRunThread.run(Manager.java:1915)
]]></system-err>
</testsuite>
