<?xml version="1.0" encoding="UTF-8" ?>
<testsuite errors="0" failures="0" hostname="travis-job-4f838a71-e461-466a-974a-8ddcacdebadd" name="ptolemy.actor.lib.test.junit.JUnitTclTest" skipped="0" tests="517" time="60.251" timestamp="2020-06-06T14:38:08">
  <properties>
    <property name="npm.executable" value="npm" />
    <property name="env.TRAVIS_ROOT" value="/" />
    <property name="ptII.mk.exists" value="true" />
    <property name="env.TRAVIS_APP_HOST" value="build.travis-ci.org" />
    <property name="env.rvm_bin_path" value="/home/travis/.rvm/bin" />
    <property name="java.home" value="/usr/local/lib/jvm/openjdk11" />
    <property name="env.TRAVIS_JOB_NUMBER" value="1654.8" />
    <property name="env.TRAVIS_HOME" value="/home/travis" />
    <property name="env.DISPLAY" value=":99.0" />
    <property name="env.TRAVIS_INIT" value="systemd" />
    <property name="env.SSH_TTY" value="/dev/pts/0" />
    <property name="java.net.preferIPv4Stack" value="true" />
    <property name="env.RUN_TESTS" value="true" />
    <property name="timeout.short" value="1000000" />
    <property name="junit.formatter" value="xml" />
    <property name="env.TRAVIS_SUDO" value="true" />
    <property name="env.TRAVIS_JOB_NAME" value="" />
    <property name="env.TRAVIS_STACK_NODE_ATTRIBUTES" value="/.node-attributes.yml" />
    <property name="env.LOGNAME" value="travis" />
    <property name="env.PT_TRAVIS_TEST_CORE1_XML" value="true" />
    <property name="jsdoc.home" value="node_modules/@terraswarm/jsdoc" />
    <property name="debuglevel" value="source,lines,vars" />
    <property name="checkstyle.formatter" value="xml" />
    <property name="env._system_version" value="16.04" />
    <property name="bin.vergil.makeable" value="true" />
    <property name="sun.os.patch.level" value="unknown" />
    <property name="java.vendor.url" value="http://java.oracle.com/" />
    <property name="env.TRAVIS_BUILD_WEB_URL" value="https://travis-ci.org/icyphy/ptII/builds/695403886" />
    <property name="java.version" value="11.0.2" />
    <property name="env.TZ" value="UTC" />
    <property name="env.TRAVIS_PULL_REQUEST_SHA" value="" />
    <property name="env.PT_NO_NET" value="true" />
    <property name="env.TRAVIS_SECURE_ENV_VARS" value="true" />
    <property name="env._system_type" value="Linux" />
    <property name="java.vendor.url.bug" value="http://bugreport.java.com/bugreport/" />
    <property name="npmjs-org-is-up" value="true" />
    <property name="env.LANGUAGE" value="en_US.UTF-8" />
    <property name="env.SSH_CLIENT" value="10.44.2.85 47374 22" />
    <property name="env.GEM_HOME" value="/home/travis/.rvm/gems/ruby-2.5.3" />
    <property name="env.HAS_ANTARES_THREE_LITTLE_FRONZIES_BADGE" value="true" />
    <property name="java.version.date" value="2019-01-15" />
    <property name="env.PS4" value="+" />
    <property name="ant.project.invoked-targets" value="build,test.core1.xml" />
    <property name="env.TRAVIS_PULL_REQUEST_BRANCH" value="" />
    <property name="env.TRAVIS_REPO_SLUG" value="icyphy/ptII" />
    <property name="env.XDG_DATA_DIRS" value="/usr/local/share:/usr/share:/var/lib/snapd/desktop" />
    <property name="jdk.debug" value="release" />
    <property name="env.TRAVIS_APT_PROXY" value="http://build-cache.travisci.net" />
    <property name="env.TRAVIS_CPU_ARCH" value="amd64" />
    <property name="node.in.path" value="true" />
    <property name="user.name" value="travis" />
    <property name="java.maxmemory" value="1400m" />
    <property name="env.RUBY_VERSION" value="ruby-2.5.3" />
    <property name="env.LANG" value="en_US.UTF-8" />
    <property name="sun.io.unicode.encoding" value="UnicodeLittle" />
    <property name="sun.jnu.encoding" value="UTF-8" />
    <property name="java.runtime.name" value="OpenJDK Runtime Environment" />
    <property name="usefile" value="false" />
    <property name="return.code" value="0" />
    <property name="junit.single.formatter" value="plain" />
    <property name="env.DYLD_LIBRARY_PATH" value="/home/travis/pthla/certi-tools/lib:" />
    <property name="env.DEBIAN_FRONTEND" value="noninteractive" />
    <property name="env.SSH_CONNECTION" value="10.44.2.85 47374 10.20.0.107 22" />
    <property name="env.MYSQL_UNIX_PORT" value="/var/run/mysqld/mysqld.sock" />
    <property name="env.LC_ALL" value="en_US.UTF-8" />
    <property name="env.TRAVIS_ALLOW_FAILURE" value="" />
    <property name="env.TRAVIS_JOB_WEB_URL" value="https://travis-ci.org/icyphy/ptII/jobs/695403898" />
    <property name="java.specification.name" value="Java Platform API Specification" />
    <property name="node.works" value="true" />
    <property name="user.timezone" value="" />
    <property name="path.separator" value=":" />
    <property name="env.TRAVIS_ENABLE_INFRA_DETECTION" value="true" />
    <property name="env.PYTHON_CFLAGS" value="-g -fstack-protector --param=ssp-buffer-size=4 -Wformat -Werror=format-security" />
    <property name="timeout.long" value="4000000" />
    <property name="env.CERTI_HOME" value="/home/travis/pthla/certi-tools" />
    <property name="ant.file.ptII" value="/home/travis/build/icyphy/ptII/build.xml" />
    <property name="javadoc.packagenames" value="com.*,diva.*,lbnl.*,org.hlacerti.*,org.json.*,org.ptolemy.*,org.terraswarm.*,ptolemy.*,ptserver.*" />
    <property name="file.encoding" value="UTF-8" />
    <property name="env.TRAVIS_PULL_REQUEST_SLUG" value="" />
    <property name="ant.project.default-target" value="build" />
    <property name="env.GIT_ASKPASS" value="echo" />
    <property name="env.HOME" value="/home/travis" />
    <property name="sun.java.command" value="org.apache.tools.ant.taskdefs.optional.junit.JUnitTestRunner ptolemy.actor.lib.test.junit.JUnitTclTest skipNonTests=false filtertrace=true haltOnError=false haltOnFailure=false formatter=org.apache.tools.ant.taskdefs.optional.junit.OutErrSummaryJUnitResultFormatter showoutput=true outputtoformatters=true logfailedtests=true threadid=0 logtestlistenerevents=false formatter=org.apache.tools.ant.taskdefs.optional.junit.XMLJUnitResultFormatter,/home/travis/build/icyphy/ptII/reports/junit/TEST-ptolemy.actor.lib.test.junit.JUnitTclTest.xml crashfile=/home/travis/build/icyphy/ptII/junitvmwatcher12843035921533023824.properties propsfile=/home/travis/build/icyphy/ptII/junit11979352750149557664.properties" />
    <property name="env.COMPOSER_NO_INTERACTION" value="1" />
    <property name="env.MANPATH" value="/home/travis/.nvm/versions/node/v7.10.1/share/man:/home/travis/.rvm/rubies/ruby-2.5.3/share/man:/usr/local/cmake-3.12.4/man:/usr/local/clang-7.0.0/share/man:/usr/local/man:/usr/local/share/man:/usr/share/man:/home/travis/.rvm/man" />
    <property name="env.TRAVIS_TIMER_ID" value="0af34904" />
    <property name="ant.file" value="/home/travis/build/icyphy/ptII/build.xml" />
    <property name="env.TRAVIS_COMMIT_RANGE" value="3e950cfe0f3c004454147d0a7dfedd7f8d8e77cc...52bfcaaec950ad6b43d11ffdb9cd3f924b0c1f76" />
    <property name="env._system_name" value="Ubuntu" />
    <property name="ptII.classpath.optional.property" value="/home/travis/build/icyphy/ptII/lib/bsh-2.0b4.jar:/home/travis/build/icyphy/ptII/lib/ptCal.jar:/home/travis/build/icyphy/ptII/lib/java_cup.jar:/home/travis/build/icyphy/ptII/lib/saxon8.jar:/home/travis/build/icyphy/ptII/lib/saxon8-dom.jar:/home/travis/build/icyphy/ptII/lib/chic.jar:/home/travis/build/icyphy/ptII/lib/ptcolt.jar:/home/travis/build/icyphy/ptII/vendors/misc/itext/iText.jar:/home/travis/build/icyphy/ptII/lib/g4ltl.jar:/home/travis/build/icyphy/ptII/lib/StructuralCoder.jar:/home/travis/build/icyphy/ptII/lib/jcerti.jar:/home/travis/build/icyphy/ptII/lib/javax.mail.jar:/home/travis/build/icyphy/ptII/vendors/JMF-2.1.1e/lib/jmf.jar:/home/travis/build/icyphy/ptII/lib/jna-4.0.0-variadic.jar:/home/travis/build/icyphy/ptII/vendors/misc/joystick/Joystick.jar:/home/travis/build/icyphy/ptII/lib/ptjacl.jar:/home/travis/build/icyphy/ptII/lib/jsoup-1.8.2.jar:/home/travis/build/icyphy/ptII/lib/junit-4.8.2.jar:/home/travis/build/icyphy/ptII/lib/JUnitParams-0.4.0.jar:/home/travis/build/icyphy/ptII/ptolemy/actor/lib/excel/jxl.jar:/home/travis/build/icyphy/ptII/lib/jython.jar:/home/travis/build/icyphy/ptII/lib/kieler.jar:/home/travis/build/icyphy/ptII/vendors/opencv/share/OpenCV/java/opencv-341.jar:/home/travis/build/icyphy/ptII/lib/oscP5.jar:/home/travis/build/icyphy/ptII/lib/nrjavaserial-3.11.0.devel.jar:/home/travis/build/icyphy/ptII/vendors/j3d/lib/Linux/j3dcore.jar:/home/travis/build/icyphy/ptII/vendors/j3d/lib/Linux/j3dutils.jar:/home/travis/build/icyphy/ptII/vendors/j3d/lib/Linux/vecmath.jar:/home/travis/build/icyphy/ptII/vendors/jogl/lib/Linux/gluegen-rt-natives-linux-amd64.jar:/home/travis/build/icyphy/ptII/vendors/jogl/lib/Linux/gluegen-rt.jar:/home/travis/build/icyphy/ptII/vendors/jogl/lib/Linux/jogl-all-natives-linux-amd64.jar:/home/travis/build/icyphy/ptII/vendors/jogl/lib/Linux/jogl-all.jar:/home/travis/build/icyphy/ptII/ptolemy/distributed/jini/jar/jini-core.jar:/home/travis/build/icyphy/ptII/ptolemy/distributed/jini/jar/jini-ext.jar:/home/travis/build/icyphy/ptII/ptolemy/distributed/jini/jar/sun-util.jar:/home/travis/build/icyphy/ptII/lib/protobuf-java-2.4.1.jar:/home/travis/build/icyphy/ptII/lib/org.eclipse.paho.client.mqttv3.jar:/home/travis/build/icyphy/ptII/lib/mapss.jar:/home/travis/build/icyphy/ptII/ptolemy/actor/ptalon/antlr/antlr.jar:/home/travis/build/icyphy/ptII/lib/JRI.jar:/home/travis/build/icyphy/ptII/lib/commons-lang-2.6.jar:/home/travis/build/icyphy/ptII/lib/commons-logging-1.1.1.jar:/home/travis/build/icyphy/ptII/lib/sootclasses.jar:/home/travis/build/icyphy/ptII/ptolemy/actor/lib/database/mysql-connector-java-5.1.6-bin.jar:/home/travis/build/icyphy/ptII/vendors/misc/sphinx4/sphinx4-data-5prealpha.jar:/home/travis/build/icyphy/ptII/vendors/misc/sphinx4/sphinx4-core-5prealpha.jar:/home/travis/build/icyphy/ptII/lib/PDFRenderer.jar:/home/travis/build/icyphy/ptII/lib/svgSalamander.jar:/home/travis/build/icyphy/ptII/lib/rsyntaxtextarea-2.6.0-SNAPSHOT.jar:/home/travis/build/icyphy/ptII/lib/hazelcast-3.8.2.jar:/home/travis/build/icyphy/ptII/lib/jackson-annotations-2.9.0.jar:/home/travis/build/icyphy/ptII/lib/jackson-core-2.9.3.jar:/home/travis/build/icyphy/ptII/lib/jackson-databind-2.9.3.jar:/home/travis/build/icyphy/ptII/lib/netty-buffer-4.1.19.Final.jar:/home/travis/build/icyphy/ptII/lib/netty-codec-4.1.19.Final.jar:/home/travis/build/icyphy/ptII/lib/netty-codec-dns-4.1.19.Final.jar:/home/travis/build/icyphy/ptII/lib/netty-codec-http-4.1.19.Final.jar:/home/travis/build/icyphy/ptII/lib/netty-codec-http2-4.1.19.Final.jar:/home/travis/build/icyphy/ptII/lib/netty-common-4.1.19.Final.jar:/home/travis/build/icyphy/ptII/lib/netty-handler-4.1.19.Final.jar:/home/travis/build/icyphy/ptII/lib/netty-resolver-4.1.19.Final.jar:/home/travis/build/icyphy/ptII/lib/netty-resolver-dns-4.1.19.Final.jar:/home/travis/build/icyphy/ptII/lib/netty-transport-4.1.19.Final.jar:/home/travis/build/icyphy/ptII/lib/vertx-codegen-3.5.1.jar:/home/travis/build/icyphy/ptII/lib/vertx-core-3.5.2-SNAPSHOT.jar:/home/travis/build/icyphy/ptII/lib/vertx-hazelcast-3.5.1.jar:/home/travis/build/icyphy/ptII/lib/vertx-lang-js-3.5.1.jar:/home/travis/build/icyphy/ptII/lib/vertx-service-proxy-3.5.1.jar:/home/travis/build/icyphy/ptII/lib/vertx-web-3.5.1.jar:/home/travis/build/icyphy/ptII/lib/slf4j-api-1.7.13.jar:/home/travis/build/icyphy/ptII/lib/slf4j-simple-1.7.13.jar:/home/travis/build/icyphy/ptII/lib/webcam-capture-0.3.12.jar:/home/travis/build/icyphy/ptII/lib/bridj-0.7.0.jar:/home/travis/build/icyphy/ptII/lib/xbjlib-1.1.0.nrjavaserial.jar" />
    <property name="timeout" value="2400000" />
    <property name="test.batch" value="**/junit/*.java" />
    <property name="env._" value="/usr/bin/timeout" />
    <property name="java.io.tmpdir" value="/tmp" />
    <property name="user.language" value="en" />
    <property name="env.TRAVIS_INTERNAL_RUBY_REGEX" value="^ruby-(2\.[0-4]\.[0-9]|1\.9\.3)" />
    <property name="env.HISTCONTROL" value="ignoredups:ignorespace" />
    <property name="env.GOROOT" value="/home/travis/.gimme/versions/go1.11.1.linux.amd64" />
    <property name="line.separator" value="&#xa;" />
    <property name="target" value="11" />
    <property name="env.TRAVIS_BUILD_DIR" value="/home/travis/build/icyphy/ptII" />
    <property name="env.ANT_OPTS" value="-Xmx2048m" />
    <property name="ant.file.type" value="file" />
    <property name="ptolemy.ptII.batchMode" value="true" />
    <property name="env.HISTSIZE" value="1000" />
    <property name="env.MERB_ENV" value="test" />
    <property name="java.vm.info" value="mixed mode" />
    <property name="source" value="11" />
    <property name="java.vm.specification.name" value="Java Virtual Machine Specification" />
    <property name="env.TRAVIS_TEST_RESULT" value="0" />
    <property name="jsdoc.command" value="node_modules/@terraswarm/jsdoc/jsdoc.js" />
    <property name="npm.works" value="true" />
    <property name="cobertura.dir" value="/home/travis/build/icyphy/ptII/vendors/cobertura-2.0.3" />
    <property name="jsdoc.command.exists" value="true" />
    <property name="env.rvm_path" value="/home/travis/.rvm" />
    <property name="env.GEM_PATH" value="/home/travis/.rvm/gems/ruby-2.5.3:/home/travis/.rvm/gems/ruby-2.5.3@global" />
    <property name="env.LC_CTYPE" value="en_US.UTF-8" />
    <property name="env.TRAVIS_CMD" value="$PTII/bin/ptIITravisBuild.sh $SECONDS" />
    <property name="java.awt.printerjob" value="sun.print.PSPrinterJob" />
    <property name="env.TRAVIS_STACK_NAME" value="sardonyx" />
    <property name="env.TRAVIS_TIMER_START_TIME" value="1591453695624197898" />
    <property name="ant.version" value="Apache Ant(TM) version 1.10.1 compiled on February 2 2017" />
    <property name="ptII.reports" value="/home/travis/build/icyphy/ptII/reports" />
    <property name="env.TRAVIS_STACK_TIMESTAMP" value="2019-03-25 16:16:56 UTC" />
    <property name="ant.file.type.ptII" value="file" />
    <property name="env.RBENV_SHELL" value="bash" />
    <property name="os.name" value="Linux" />
    <property name="java.specification.vendor" value="Oracle Corporation" />
    <property name="env.rvm_version" value="1.29.7 (latest)" />
    <property name="env.TRAVIS_INFRA" value="unknown" />
    <property name="env.TERM" value="xterm" />
    <property name="java.vm.name" value="OpenJDK 64-Bit Server VM" />
    <property name="env.TRAVIS_BUILD_NUMBER" value="1654" />
    <property name="env.CI" value="true" />
    <property name="java.library.path" value="/home/travis/pthla/certi-tools/lib:/usr/lib/jni:/usr/local/share/OpenCV/java/:/usr/share/OpenCV/java::/usr/java/packages/lib:/usr/lib64:/lib64:/lib:/usr/lib" />
    <property name="jdk.module.path" value="/home/travis/build/icyphy/ptII/vendors/javafx/javafx-sdk-11.0.2/lib:" />
    <property name="env.rvm_prefix" value="/home/travis" />
    <property name="env.PATH" value="/home/travis/pthla/certi-tools/share/scripts:/home/travis/.rvm/gems/ruby-2.5.3/bin:/home/travis/.rvm/gems/ruby-2.5.3@global/bin:/home/travis/.rvm/rubies/ruby-2.5.3/bin:/home/travis/.rvm/bin:/home/travis/.nvm/versions/node/v7.10.1/bin:./node_modules/.bin:/home/travis/build/icyphy/ptII/bin:/home/travis/pthla/certi-tools/bin:/home/travis/bin:/home/travis/.local/bin:/usr/local/lib/jvm/openjdk11/bin:/opt/pyenv/shims:/home/travis/.phpenv/shims:/home/travis/perl5/perlbrew/bin:/home/travis/gopath/bin:/home/travis/.gimme/versions/go1.11.1.linux.amd64/bin:/usr/local/maven-3.6.0/bin:/usr/local/cmake-3.12.4/bin:/usr/local/clang-7.0.0/bin:/usr/local/sbin:/usr/local/bin:/usr/sbin:/usr/bin:/sbin:/bin:/snap/bin:/home/travis/.phpenv/bin:/opt/pyenv/bin:/home/travis/.yarn/bin" />
    <property name="env.TRAVIS_OS_NAME" value="linux" />
    <property name="ant.java.version" value="9" />
    <property name="basedir" value="/home/travis/build/icyphy/ptII" />
    <property name="java.class.version" value="55.0" />
    <property name="env.SHLVL" value="3" />
    <property name="env.LD_LIBRARY_PATH" value="/home/travis/pthla/certi-tools/lib:/usr/lib/jni:/usr/local/share/OpenCV/java/:/usr/share/OpenCV/java:" />
    <property name="env.RACK_ENV" value="test" />
    <property name="ant.home" value="/home/travis/build/icyphy/ptII/ant" />
    <property name="env.NVM_DIR" value="/home/travis/.nvm" />
    <property name="env.CERTI_FOM_PATH" value="/home/travis/pthla/certi-tools/share/federations" />
    <property name="env.TRAVIS_BUILD_ID" value="695403886" />
    <property name="env.PYENV_ROOT" value="/opt/pyenv" />
    <property name="env.TRAVIS_UID" value="2000" />
    <property name="prism.verbose" value="true" />
    <property name="env.NVM_BIN" value="/home/travis/.nvm/versions/node/v7.10.1/bin" />
    <property name="env.TRAVIS_COMMIT" value="52bfcaaec950ad6b43d11ffdb9cd3f924b0c1f76" />
    <property name="env._system_arch" value="x86_64" />
    <property name="node.executable" value="node" />
    <property name="sun.boot.library.path" value="/usr/local/lib/jvm/openjdk11/lib" />
    <property name="sun.management.compiler" value="HotSpot 64-Bit Tiered Compilers" />
    <property name="java.awt.graphicsenv" value="sun.awt.X11GraphicsEnvironment" />
    <property name="env.GOPATH" value="/home/travis/gopath" />
    <property name="ptolemy.ptII.dir" value="/home/travis/build/icyphy/ptII" />
    <property name="env.USER" value="travis" />
    <property name="env.HISTFILESIZE" value="2000" />
    <property name="env.NVM_INC" value="/home/travis/.nvm/versions/node/v7.10.1/include/node" />
    <property name="timeout.longest" value="19000000" />
    <property name="env.PERLBREW_SHELLRC_VERSION" value="0.86" />
    <property name="env.TRAVIS_STACK_FEATURES" value="basic couchdb disabled-ipv6 docker docker-compose elasticsearch firefox go-toolchain google-chrome jdk memcached mongodb mysql nodejs_interpreter perl_interpreter perlbrew phantomjs postgresql python_interpreter redis ruby_interpreter sqlite xserver" />
    <property name="env.TRAVIS_PULL_REQUEST" value="false" />
    <property name="env.PYENV_SHELL" value="bash" />
    <property name="ant.project.name" value="ptII" />
    <property name="env.ANSI_RESET" value="\033[0m" />
    <property name="java.vm.specification.version" value="11" />
    <property name="env.TRAVIS_DIST" value="xenial" />
    <property name="env.CERTI_VERSION" value="4.0.0" />
    <property name="env.CERTI_HOST" value="localhost" />
    <property name="awt.toolkit" value="sun.awt.X11.XToolkit" />
    <property name="env.MY_RUBY_HOME" value="/home/travis/.rvm/rubies/ruby-2.5.3" />
    <property name="sun.cpu.isalist" value="" />
    <property name="env.TRAVIS_TMPDIR" value="/tmp/tmp.WMnyG4CICu" />
    <property name="java.vm.compressedOopsMode" value="Zero based" />
    <property name="os.version" value="4.15.0-1028-gcp" />
    <property name="user.home" value="/home/travis" />
    <property name="java.vm.vendor" value="Oracle Corporation" />
    <property name="env.TRAVIS_TAG" value="nightly" />
    <property name="env.ANSI_YELLOW" value="\033[33;1m" />
    <property name="env.TRAVIS_FILTERED" value="redirect_io" />
    <property name="env.ANSI_GREEN" value="\033[32;1m" />
    <property name="env.JAVA_HOME" value="/usr/local/lib/jvm/openjdk11" />
    <property name="javadoc.excludepackagenames" value="adm.cvs2svn.*,build.*,config.*,doc.coding.templates.*,jni.test.jni.meaningOfLife.*,jni.test.jni.testDeux.*,jni.test.jni.testTrois.*,org.terraswarm.accessor.accessors.web.node_modules.*,org.terraswarm.accessor.accessors.web.hosts.cordova.demo.*,org.terraswarm.accessor.accessors.web.hosts.cordova.plugins.*,org.terraswarm.accessor.accessors-svn.*,pt-modules.*,ptolemy.apps.agilent.*,ptolemy.apps.anytimecontrol.*,ptolemy.apps.apes.*,ptolemy.apps.charon.*,ptolemy.apps.crazyboard.*,ptolemy.apps.eclipse.*,ptolemy.apps.etherealSting.*,ptolemy.apps.fullscreen.*,ptolemy.apps.giotto.*,ptolemy.apps.ia.*,ptolemy.apps.interfaces.*,ptolemy.apps.jmf.*,ptolemy.apps.kurt.*,ptolemy.apps.kvm.*,ptolemy.apps.lego.*,ptolemy.apps.lejos.*,ptolemy.apps.midp.*,ptolemy.apps.mobileCoding.*,ptolemy.apps.pendulum.*,ptolemy.apps.rijndael.*,ptolemy.apps.robot.*,ptolemy.apps.security.*,ptolemy.apps.sobel.*,ptolemy.apps.soot.*,ptolemy.apps.throttle.*,ptolemy.apps.tini.*,ptolemy.apps.transmission.*,ptolemy.apps.vergil.*,ptolemy.apps.waba.*,ptolemy.apps.websensor.*,ptolemy.apps.webstart.*,ptolemy.apps.xsl.*,ptolemy.apps.zaurus.*,ptolemy.codegen.c.actor.lib.oldJavaFiles.*,ptolemy.codegen.dsp.lib.*,ptolemy.codegen.kernel.newInterfaces.*,ptolemy.codegen.lib.*,ptolemy.copernicus.kernel.fragment.*,ptolemy.copernicus.shallow.cg.*,ptolemy.domains.giotto.demo.Hierarchy.Hierarchy.*,ptolemy.domains.giotto.demo.Multimode.Multimode.*,ptolemy.domains.giotto.demo.Simple.Simple.*,ptolemy.domains.gr.lib.experimental.*,ptolemy.domains.gro.*,ptolemy.domains.pdf.*,ptolemy.domains.ptinyos.demo.Surge.output.*,ptolemy.moml.test.NoPackageActor.java*,ptolemy.plot.adm.*,ptolemy.plot.servlet.*,reports.*,signed.*,src.*,target.*,vendors.*,ptolemy.copernicus.applet.*,ptolemy.media.viewer.*,ptolemy.actor.corba.*,doc.doclets.*,ptolemy.apps.eclipse.awt.*,ptolemy.backtrack.*,ptolemy.backtrack.ast.*,ptolemy.cg.adapter.generic.program.procedural.c.mbed*,ptolemy.homer.*,ptolemy.actor.lib.jai.*,org.ptolemy.scala.*,diva.util.java2d.svg.*,ptolemy.domains.ptinyos.*,ptolemy.actor.lib.fmi.fmipp.*,,org.terraswarm.accessor.accessors.web.node_modules.*,org.terraswarm.accessor.accessors-svn,ptolemy.apps.*,ptolemy.actor.ptalon.demo.ptinyos.SendAndReceiveCnt.output,ptolemy.actor.ptalon.demo.ptinyos.SenseToLeds.output,ptolemy.domains.ptinyos.demo.CntToLedsAndRfm.output,ptolemy.domains.ptinyos.demo.RfmToLeds.output,ptolemy.domains.ptinyos.demo.SendAndReceiveCnt.output,ptolemy.domains.ptinyos.demo.SenseToLeds.output,ptolemy.actor.lib.jjs.modules.udpSocket.*" />
    <property name="env.PTII" value="/home/travis/build/icyphy/ptII" />
    <property name="env.XDG_SESSION_ID" value="2" />
    <property name="keystore" value="ptKeystore" />
    <property name="env.TRAVIS_COMMIT_MESSAGE" value="Updating models using array data type." />
    <property name="junit.output.dir" value="/home/travis/build/icyphy/ptII/reports/junit" />
    <property name="npm.return.code" value="0" />
    <property name="user.dir" value="/home/travis/build/icyphy/ptII/ptolemy/actor/lib/test" />
    <property name="env.TRAVIS_NODE_VERSION" value="7" />
    <property name="env.TRAVIS_EVENT_TYPE" value="cron" />
    <property name="env.MAIL" value="/var/mail/travis" />
    <property name="env.PERLBREW_ROOT" value="/home/travis/perl5/perlbrew" />
    <property name="env.PWD" value="/home/travis/build/icyphy/ptII" />
    <property name="timeout.npm" value="45000" />
    <property name="env.TRAVIS_ARCH" value="amd64" />
    <property name="sun.cpu.endian" value="little" />
    <property name="env.PAGER" value="cat" />
    <property name="env.TRAVIS_BUILD_STAGE_NAME" value="test" />
    <property name="env.PERLBREW_HOME" value="/home/travis/.perlbrew" />
    <property name="java.vm.version" value="11.0.2+9" />
    <property name="env.RAILS_ENV" value="test" />
    <property name="java.class.path" value="/home/travis/.ptolemyII:/home/travis/.ptolemyII/*:/home/travis/build/icyphy/ptII:/home/travis/build/icyphy/ptII/lib/bsh-2.0b4.jar:/home/travis/build/icyphy/ptII/lib/ptCal.jar:/home/travis/build/icyphy/ptII/lib/java_cup.jar:/home/travis/build/icyphy/ptII/lib/saxon8.jar:/home/travis/build/icyphy/ptII/lib/saxon8-dom.jar:/home/travis/build/icyphy/ptII/lib/chic.jar:/home/travis/build/icyphy/ptII/lib/ptcolt.jar:/home/travis/build/icyphy/ptII/vendors/misc/itext/iText.jar:/home/travis/build/icyphy/ptII/lib/g4ltl.jar:/home/travis/build/icyphy/ptII/lib/StructuralCoder.jar:/home/travis/build/icyphy/ptII/lib/jcerti.jar:/home/travis/build/icyphy/ptII/lib/javax.mail.jar:/home/travis/build/icyphy/ptII/vendors/JMF-2.1.1e/lib/jmf.jar:/home/travis/build/icyphy/ptII/lib/jna-4.0.0-variadic.jar:/home/travis/build/icyphy/ptII/vendors/misc/joystick/Joystick.jar:/home/travis/build/icyphy/ptII/lib/ptjacl.jar:/home/travis/build/icyphy/ptII/lib/jsoup-1.8.2.jar:/home/travis/build/icyphy/ptII/lib/junit-4.8.2.jar:/home/travis/build/icyphy/ptII/lib/JUnitParams-0.4.0.jar:/home/travis/build/icyphy/ptII/ptolemy/actor/lib/excel/jxl.jar:/home/travis/build/icyphy/ptII/lib/jython.jar:/home/travis/build/icyphy/ptII/lib/kieler.jar:/home/travis/build/icyphy/ptII/vendors/opencv/share/OpenCV/java/opencv-341.jar:/home/travis/build/icyphy/ptII/lib/oscP5.jar:/home/travis/build/icyphy/ptII/lib/nrjavaserial-3.11.0.devel.jar:/home/travis/build/icyphy/ptII/vendors/j3d/lib/Linux/j3dcore.jar:/home/travis/build/icyphy/ptII/vendors/j3d/lib/Linux/j3dutils.jar:/home/travis/build/icyphy/ptII/vendors/j3d/lib/Linux/vecmath.jar:/home/travis/build/icyphy/ptII/vendors/jogl/lib/Linux/gluegen-rt-natives-linux-amd64.jar:/home/travis/build/icyphy/ptII/vendors/jogl/lib/Linux/gluegen-rt.jar:/home/travis/build/icyphy/ptII/vendors/jogl/lib/Linux/jogl-all-natives-linux-amd64.jar:/home/travis/build/icyphy/ptII/vendors/jogl/lib/Linux/jogl-all.jar:/home/travis/build/icyphy/ptII/ptolemy/distributed/jini/jar/jini-core.jar:/home/travis/build/icyphy/ptII/ptolemy/distributed/jini/jar/jini-ext.jar:/home/travis/build/icyphy/ptII/ptolemy/distributed/jini/jar/sun-util.jar:/home/travis/build/icyphy/ptII/lib/protobuf-java-2.4.1.jar:/home/travis/build/icyphy/ptII/lib/org.eclipse.paho.client.mqttv3.jar:/home/travis/build/icyphy/ptII/lib/mapss.jar:/home/travis/build/icyphy/ptII/ptolemy/actor/ptalon/antlr/antlr.jar:/home/travis/build/icyphy/ptII/lib/JRI.jar:/home/travis/build/icyphy/ptII/lib/commons-lang-2.6.jar:/home/travis/build/icyphy/ptII/lib/commons-logging-1.1.1.jar:/home/travis/build/icyphy/ptII/lib/sootclasses.jar:/home/travis/build/icyphy/ptII/ptolemy/actor/lib/database/mysql-connector-java-5.1.6-bin.jar:/home/travis/build/icyphy/ptII/vendors/misc/sphinx4/sphinx4-data-5prealpha.jar:/home/travis/build/icyphy/ptII/vendors/misc/sphinx4/sphinx4-core-5prealpha.jar:/home/travis/build/icyphy/ptII/lib/PDFRenderer.jar:/home/travis/build/icyphy/ptII/lib/svgSalamander.jar:/home/travis/build/icyphy/ptII/lib/rsyntaxtextarea-2.6.0-SNAPSHOT.jar:/home/travis/build/icyphy/ptII/lib/hazelcast-3.8.2.jar:/home/travis/build/icyphy/ptII/lib/jackson-annotations-2.9.0.jar:/home/travis/build/icyphy/ptII/lib/jackson-core-2.9.3.jar:/home/travis/build/icyphy/ptII/lib/jackson-databind-2.9.3.jar:/home/travis/build/icyphy/ptII/lib/netty-buffer-4.1.19.Final.jar:/home/travis/build/icyphy/ptII/lib/netty-codec-4.1.19.Final.jar:/home/travis/build/icyphy/ptII/lib/netty-codec-dns-4.1.19.Final.jar:/home/travis/build/icyphy/ptII/lib/netty-codec-http-4.1.19.Final.jar:/home/travis/build/icyphy/ptII/lib/netty-codec-http2-4.1.19.Final.jar:/home/travis/build/icyphy/ptII/lib/netty-common-4.1.19.Final.jar:/home/travis/build/icyphy/ptII/lib/netty-handler-4.1.19.Final.jar:/home/travis/build/icyphy/ptII/lib/netty-resolver-4.1.19.Final.jar:/home/travis/build/icyphy/ptII/lib/netty-resolver-dns-4.1.19.Final.jar:/home/travis/build/icyphy/ptII/lib/netty-transport-4.1.19.Final.jar:/home/travis/build/icyphy/ptII/lib/vertx-codegen-3.5.1.jar:/home/travis/build/icyphy/ptII/lib/vertx-core-3.5.2-SNAPSHOT.jar:/home/travis/build/icyphy/ptII/lib/vertx-hazelcast-3.5.1.jar:/home/travis/build/icyphy/ptII/lib/vertx-lang-js-3.5.1.jar:/home/travis/build/icyphy/ptII/lib/vertx-service-proxy-3.5.1.jar:/home/travis/build/icyphy/ptII/lib/vertx-web-3.5.1.jar:/home/travis/build/icyphy/ptII/lib/slf4j-api-1.7.13.jar:/home/travis/build/icyphy/ptII/lib/slf4j-simple-1.7.13.jar:/home/travis/build/icyphy/ptII/lib/webcam-capture-0.3.12.jar:/home/travis/build/icyphy/ptII/lib/bridj-0.7.0.jar:/home/travis/build/icyphy/ptII/lib/xbjlib-1.1.0.nrjavaserial.jar:/home/travis/build/icyphy/ptII/ptolemy/moml/test:/home/travis/build/icyphy/ptII/ant/lib/ant-launcher.jar:/home/travis/build/icyphy/ptII/ant/lib/ant.jar:/home/travis/build/icyphy/ptII/ant/lib/ant-junit.jar:/home/travis/build/icyphy/ptII/ant/lib/ant-junit4.jar" />
    <property name="ant.library.dir" value="/home/travis/build/icyphy/ptII/ant/lib" />
    <property name="os.arch" value="amd64" />
    <property name="env.CONTINUOUS_INTEGRATION" value="true" />
    <property name="env.TRAVIS_LANGUAGE" value="node_js" />
    <property name="env.TRAVIS_STACK_LANGUAGES" value="__sardonyx__ c c++ clojure cplusplus cpp default generic go groovy java node_js php pure_java python ruby scala" />
    <property name="test.name" value="ptolemy.actor.lib.test.junit.JUnitTclTest" />
    <property name="env.APT_KEY_DONT_WARN_ON_DANGEROUS_USAGE" value="1" />
    <property name="sun.java.launcher" value="SUN_STANDARD" />
    <property name="env.PYTHON_CONFIGURE_OPTS" value="--enable-unicode=ucs4 --with-wide-unicode --enable-shared --enable-ipv6 --enable-loadable-sqlite-extensions --with-computed-gotos" />
    <property name="ant.core.lib" value="/home/travis/build/icyphy/ptII/ant/lib/ant.jar" />
    <property name="java.vm.specification.vendor" value="Oracle Corporation" />
    <property name="env.BCVTB_HOME" value="/home/travis/build/icyphy/ptII/lbnl" />
    <property name="file.separator" value="/" />
    <property name="spotbugs.home" value="/home/travis/build/icyphy/ptII/vendors/spotbugs-3.1.1" />
    <property name="java.runtime.version" value="11.0.2+9" />
    <property name="env.ANSI_CLEAR" value="\033[0K" />
    <property name="javafx.verbose" value="true" />
    <property name="env.HAS_JOSH_K_SEAL_OF_APPROVAL" value="true" />
    <property name="env.XDG_RUNTIME_DIR" value="/run/user/2000" />
    <property name="env.TRAVIS_OSX_IMAGE" value="" />
    <property name="env.TRAVIS_JOB_ID" value="695403898" />
    <property name="env.TRAVIS_BRANCH" value="master" />
    <property name="user.country" value="US" />
    <property name="env.CERTI_HOME_TRAVIS" value="/home/travis/pthla/certi-tools" />
    <property name="env.SHELL" value="/bin/bash" />
    <property name="java.maxmemory.large" value="3200m" />
    <property name="model" value="" />
    <property name="env.CASHER_DIR" value="/home/travis/.casher" />
    <property name="env.NVM_CD_FLAGS" value="" />
    <property name="java.vendor.version" value="18.9" />
    <property name="jshint.executable" value="/home/travis/node_modules/jshint/bin/jshint" />
    <property name="env.JRUBY_OPTS" value=" --client -J-XX:+TieredCompilation -J-XX:TieredStopAtLevel=1 -J-Xss2m -Xcompile.invokedynamic=false" />
    <property name="java.vendor" value="Oracle Corporation" />
    <property name="env.TRAVIS_PRE_CHEF_BOOTSTRAP_TIME" value="2019-03-25T16:16:42" />
    <property name="env.TRAVIS_STACK_JOB_BOARD_REGISTER" value="/.job-board-register.yml" />
    <property name="env.ANSI_RED" value="\033[31;1m" />
    <property name="java.specification.version" value="11" />
    <property name="env.IRBRC" value="/home/travis/.rvm/rubies/ruby-2.5.3/.irbrc" />
    <property name="env.TRAVIS" value="true" />
    <property name="sun.arch.data.model" value="64" />
  </properties>
  <testcase classname="ptolemy.util.test.junit.TclTests" name="[0] /home/travis/build/icyphy/ptII/ptolemy/actor/lib/test/AbsoluteValue.tcl (RunTclFile)" time="0.548" />
  <testcase classname="ptolemy.util.test.junit.TclTests" name="[1] /home/travis/build/icyphy/ptII/ptolemy/actor/lib/test/AddSubtract.tcl (RunTclFile)" time="0.169" />
  <testcase classname="ptolemy.util.test.junit.TclTests" name="[2] /home/travis/build/icyphy/ptII/ptolemy/actor/lib/test/Average.tcl (RunTclFile)" time="0.06" />
  <testcase classname="ptolemy.util.test.junit.TclTests" name="[3] /home/travis/build/icyphy/ptII/ptolemy/actor/lib/test/Bernoulli.tcl (RunTclFile)" time="0.023" />
  <testcase classname="ptolemy.util.test.junit.TclTests" name="[4] /home/travis/build/icyphy/ptII/ptolemy/actor/lib/test/Clock.tcl (RunTclFile)" time="0.059" />
  <testcase classname="ptolemy.util.test.junit.TclTests" name="[5] /home/travis/build/icyphy/ptII/ptolemy/actor/lib/test/Commutator.tcl (RunTclFile)" time="0.138" />
  <testcase classname="ptolemy.util.test.junit.TclTests" name="[6] /home/travis/build/icyphy/ptII/ptolemy/actor/lib/test/Const.tcl (RunTclFile)" time="0.063" />
  <testcase classname="ptolemy.util.test.junit.TclTests" name="[7] /home/travis/build/icyphy/ptII/ptolemy/actor/lib/test/CurrentTime.tcl (RunTclFile)" time="0.036" />
  <testcase classname="ptolemy.util.test.junit.TclTests" name="[8] /home/travis/build/icyphy/ptII/ptolemy/actor/lib/test/DB.tcl (RunTclFile)" time="0.02" />
  <testcase classname="ptolemy.util.test.junit.TclTests" name="[9] /home/travis/build/icyphy/ptII/ptolemy/actor/lib/test/DiscreteRandomSource.tcl (RunTclFile)" time="0.053" />
  <testcase classname="ptolemy.util.test.junit.TclTests" name="[10] /home/travis/build/icyphy/ptII/ptolemy/actor/lib/test/Distributor.tcl (RunTclFile)" time="0.088" />
  <testcase classname="ptolemy.util.test.junit.TclTests" name="[11] /home/travis/build/icyphy/ptII/ptolemy/actor/lib/test/Exit.tcl (RunTclFile)" time="0.103" />
  <testcase classname="ptolemy.util.test.junit.TclTests" name="[12] /home/travis/build/icyphy/ptII/ptolemy/actor/lib/test/Expression.tcl (RunTclFile)" time="0.071" />
  <testcase classname="ptolemy.util.test.junit.TclTests" name="[13] /home/travis/build/icyphy/ptII/ptolemy/actor/lib/test/Gaussian.tcl (RunTclFile)" time="0.502" />
  <testcase classname="ptolemy.util.test.junit.TclTests" name="[14] /home/travis/build/icyphy/ptII/ptolemy/actor/lib/test/IIR.tcl (RunTclFile)" time="0.022" />
  <testcase classname="ptolemy.util.test.junit.TclTests" name="[15] /home/travis/build/icyphy/ptII/ptolemy/actor/lib/test/Interpolator.tcl (RunTclFile)" time="0.065" />
  <testcase classname="ptolemy.util.test.junit.TclTests" name="[16] /home/travis/build/icyphy/ptII/ptolemy/actor/lib/test/MathFunction.tcl (RunTclFile)" time="0.06" />
  <testcase classname="ptolemy.util.test.junit.TclTests" name="[17] /home/travis/build/icyphy/ptII/ptolemy/actor/lib/test/Maximum.tcl (RunTclFile)" time="0.043" />
  <testcase classname="ptolemy.util.test.junit.TclTests" name="[18] /home/travis/build/icyphy/ptII/ptolemy/actor/lib/test/Minimum.tcl (RunTclFile)" time="0.039" />
  <testcase classname="ptolemy.util.test.junit.TclTests" name="[19] /home/travis/build/icyphy/ptII/ptolemy/actor/lib/test/MultiplyDivide.tcl (RunTclFile)" time="0.046" />
  <testcase classname="ptolemy.util.test.junit.TclTests" name="[20] /home/travis/build/icyphy/ptII/ptolemy/actor/lib/test/OrderedMerge.tcl (RunTclFile)" time="0.122" />
  <testcase classname="ptolemy.util.test.junit.TclTests" name="[21] /home/travis/build/icyphy/ptII/ptolemy/actor/lib/test/Publisher.tcl (RunTclFile)" time="0.912" />
  <testcase classname="ptolemy.util.test.junit.TclTests" name="[22] /home/travis/build/icyphy/ptII/ptolemy/actor/lib/test/Pulse.tcl (RunTclFile)" time="0.064" />
  <testcase classname="ptolemy.util.test.junit.TclTests" name="[23] /home/travis/build/icyphy/ptII/ptolemy/actor/lib/test/Ramp.tcl (RunTclFile)" time="1.926" />
  <testcase classname="ptolemy.util.test.junit.TclTests" name="[24] /home/travis/build/icyphy/ptII/ptolemy/actor/lib/test/RampContinuous.tcl (RunTclFile)" time="0.019" />
  <testcase classname="ptolemy.util.test.junit.TclTests" name="[25] /home/travis/build/icyphy/ptII/ptolemy/actor/lib/test/RecordAssembler.tcl (RunTclFile)" time="0.016" />
  <testcase classname="ptolemy.util.test.junit.TclTests" name="[26] /home/travis/build/icyphy/ptII/ptolemy/actor/lib/test/RecordDisassembler.tcl (RunTclFile)" time="0.034" />
  <testcase classname="ptolemy.util.test.junit.TclTests" name="[27] /home/travis/build/icyphy/ptII/ptolemy/actor/lib/test/Scale.tcl (RunTclFile)" time="0.028" />
  <testcase classname="ptolemy.util.test.junit.TclTests" name="[28] /home/travis/build/icyphy/ptII/ptolemy/actor/lib/test/SequentialClock.tcl (RunTclFile)" time="0.017" />
  <testcase classname="ptolemy.util.test.junit.TclTests" name="[29] /home/travis/build/icyphy/ptII/ptolemy/actor/lib/test/SetVariable.tcl (RunTclFile)" time="0.01" />
  <testcase classname="ptolemy.util.test.junit.TclTests" name="[30] /home/travis/build/icyphy/ptII/ptolemy/actor/lib/test/Sinewave.tcl (RunTclFile)" time="0.063" />
  <testcase classname="ptolemy.util.test.junit.TclTests" name="[31] /home/travis/build/icyphy/ptII/ptolemy/actor/lib/test/SubscriptionAggregator.tcl (RunTclFile)" time="2.206" />
  <testcase classname="ptolemy.util.test.junit.TclTests" name="[32] /home/travis/build/icyphy/ptII/ptolemy/actor/lib/test/Test.tcl (RunTclFile)" time="0.092" />
  <testcase classname="ptolemy.util.test.junit.TclTests" name="[33] /home/travis/build/icyphy/ptII/ptolemy/actor/lib/test/TestExceptionHandler.tcl (RunTclFile)" time="0.014" />
  <testcase classname="ptolemy.util.test.junit.TclTests" name="[34] /home/travis/build/icyphy/ptII/ptolemy/actor/lib/test/UnionDisassembler.tcl (RunTclFile)" time="0.061" />
  <testcase classname="ptolemy.util.test.junit.TclTests" name="[35] /home/travis/build/icyphy/ptII/ptolemy/actor/lib/test/VariableClock.tcl (RunTclFile)" time="0.025" />
  <testcase classname="ptolemy.util.test.junit.AutoKnownFailedTests" name="[0] /home/travis/build/icyphy/ptII/ptolemy/actor/lib/test/auto/knownFailedTests/PublisherPortToplevelSubscriber.xml (RunModel)" time="0.019" />
  <testcase classname="ptolemy.util.test.junit.AutoKnownFailedTests" name="[1] /home/travis/build/icyphy/ptII/ptolemy/actor/lib/test/auto/knownFailedTests/PublisherSubscriberPortToplevel.xml (RunModel)" time="0.02" />
  <testcase classname="ptolemy.util.test.junit.AutoKnownFailedTests" name="[2] /home/travis/build/icyphy/ptII/ptolemy/actor/lib/test/auto/knownFailedTests/PublisherSubscriptionAggregatorPort.xml (RunModel)" time="0.013" />
  <testcase classname="ptolemy.util.test.junit.AutoKnownFailedTests" name="[3] /home/travis/build/icyphy/ptII/ptolemy/actor/lib/test/auto/knownFailedTests/sizedarray3.xml (RunModel)" time="0.023" />
  <testcase classname="ptolemy.util.test.junit.AutoNameArchTests" name="[0] ThereAreNoAutoArchTests (RunModel)" time="0.004" />
  <testcase classname="ptolemy.util.test.junit.AutoTests" name="[0] /home/travis/build/icyphy/ptII/ptolemy/actor/lib/test/auto/AbsoluteValue.xml (RunModel)" time="0.099" />
  <testcase classname="ptolemy.util.test.junit.AutoTests" name="[1] /home/travis/build/icyphy/ptII/ptolemy/actor/lib/test/auto/AbsoluteValue2.xml (RunModel)" time="0.072" />
  <testcase classname="ptolemy.util.test.junit.AutoTests" name="[2] /home/travis/build/icyphy/ptII/ptolemy/actor/lib/test/auto/Accumulator.xml (RunModel)" time="0.069" />
  <testcase classname="ptolemy.util.test.junit.AutoTests" name="[3] /home/travis/build/icyphy/ptII/ptolemy/actor/lib/test/auto/Accumulator2.xml (RunModel)" time="0.029" />
  <testcase classname="ptolemy.util.test.junit.AutoTests" name="[4] /home/travis/build/icyphy/ptII/ptolemy/actor/lib/test/auto/Accumulator3.xml (RunModel)" time="0.031" />
  <testcase classname="ptolemy.util.test.junit.AutoTests" name="[5] /home/travis/build/icyphy/ptII/ptolemy/actor/lib/test/auto/ArrayAppend.xml (RunModel)" time="0.116" />
  <testcase classname="ptolemy.util.test.junit.AutoTests" name="[6] /home/travis/build/icyphy/ptII/ptolemy/actor/lib/test/auto/ArrayAppend2.xml (RunModel)" time="0.286" />
  <testcase classname="ptolemy.util.test.junit.AutoTests" name="[7] /home/travis/build/icyphy/ptII/ptolemy/actor/lib/test/auto/ArrayAppend3.xml (RunModel)" time="0.028" />
  <testcase classname="ptolemy.util.test.junit.AutoTests" name="[8] /home/travis/build/icyphy/ptII/ptolemy/actor/lib/test/auto/ArrayAppend4.xml (RunModel)" time="0.019" />
  <testcase classname="ptolemy.util.test.junit.AutoTests" name="[9] /home/travis/build/icyphy/ptII/ptolemy/actor/lib/test/auto/ArrayAppend5.xml (RunModel)" time="0.014" />
  <testcase classname="ptolemy.util.test.junit.AutoTests" name="[10] /home/travis/build/icyphy/ptII/ptolemy/actor/lib/test/auto/ArrayAppend6.xml (RunModel)" time="0.017" />
  <testcase classname="ptolemy.util.test.junit.AutoTests" name="[11] /home/travis/build/icyphy/ptII/ptolemy/actor/lib/test/auto/ArrayAppendPerformanceTest.xml (RunModel)" time="0.053" />
  <testcase classname="ptolemy.util.test.junit.AutoTests" name="[12] /home/travis/build/icyphy/ptII/ptolemy/actor/lib/test/auto/ArrayAppendWithEmptyInput.xml (RunModel)" time="0.045" />
  <testcase classname="ptolemy.util.test.junit.AutoTests" name="[13] /home/travis/build/icyphy/ptII/ptolemy/actor/lib/test/auto/ArrayAverage.xml (RunModel)" time="0.032" />
  <testcase classname="ptolemy.util.test.junit.AutoTests" name="[14] /home/travis/build/icyphy/ptII/ptolemy/actor/lib/test/auto/ArrayContains.xml (RunModel)" time="0.035" />
  <testcase classname="ptolemy.util.test.junit.AutoTests" name="[15] /home/travis/build/icyphy/ptII/ptolemy/actor/lib/test/auto/ArrayElement.xml (RunModel)" time="0.026" />
  <testcase classname="ptolemy.util.test.junit.AutoTests" name="[16] /home/travis/build/icyphy/ptII/ptolemy/actor/lib/test/auto/ArrayElementAsMatrix.xml (RunModel)" time="0.054" />
  <testcase classname="ptolemy.util.test.junit.AutoTests" name="[17] /home/travis/build/icyphy/ptII/ptolemy/actor/lib/test/auto/ArrayElementI.xml (RunModel)" time="0.031" />
  <testcase classname="ptolemy.util.test.junit.AutoTests" name="[18] /home/travis/build/icyphy/ptII/ptolemy/actor/lib/test/auto/ArrayExtract.xml (RunModel)" time="0.038" />
  <testcase classname="ptolemy.util.test.junit.AutoTests" name="[19] /home/travis/build/icyphy/ptII/ptolemy/actor/lib/test/auto/ArrayExtract2.xml (RunModel)" time="0.017" />
  <testcase classname="ptolemy.util.test.junit.AutoTests" name="[20] /home/travis/build/icyphy/ptII/ptolemy/actor/lib/test/auto/ArrayLength.xml (RunModel)" time="0.02" />
  <testcase classname="ptolemy.util.test.junit.AutoTests" name="[21] /home/travis/build/icyphy/ptII/ptolemy/actor/lib/test/auto/ArrayLevelCrossing.xml (RunModel)" time="0.025" />
  <testcase classname="ptolemy.util.test.junit.AutoTests" name="[22] /home/travis/build/icyphy/ptII/ptolemy/actor/lib/test/auto/ArrayLevelCrossing2.xml (RunModel)" time="0.034" />
  <testcase classname="ptolemy.util.test.junit.AutoTests" name="[23] /home/travis/build/icyphy/ptII/ptolemy/actor/lib/test/auto/ArrayPeakSearch.xml (RunModel)" time="0.036" />
  <testcase classname="ptolemy.util.test.junit.AutoTests" name="[24] /home/travis/build/icyphy/ptII/ptolemy/actor/lib/test/auto/ArrayPeakSearch2.xml (RunModel)" time="0.039" />
  <testcase classname="ptolemy.util.test.junit.AutoTests" name="[25] /home/travis/build/icyphy/ptII/ptolemy/actor/lib/test/auto/ArrayPeakSearch3.xml (RunModel)" time="0.029" />
  <testcase classname="ptolemy.util.test.junit.AutoTests" name="[26] /home/travis/build/icyphy/ptII/ptolemy/actor/lib/test/auto/ArrayRemoveElement.xml (RunModel)" time="0.025" />
  <testcase classname="ptolemy.util.test.junit.AutoTests" name="[27] /home/travis/build/icyphy/ptII/ptolemy/actor/lib/test/auto/ArraySort.xml (RunModel)" time="0.027" />
  <testcase classname="ptolemy.util.test.junit.AutoTests" name="[28] /home/travis/build/icyphy/ptII/ptolemy/actor/lib/test/auto/ArraySum.xml (RunModel)" time="0.018" />
  <testcase classname="ptolemy.util.test.junit.AutoTests" name="[29] /home/travis/build/icyphy/ptII/ptolemy/actor/lib/test/auto/ArrayToElements.xml (RunModel)" time="0.02" />
  <testcase classname="ptolemy.util.test.junit.AutoTests" name="[30] /home/travis/build/icyphy/ptII/ptolemy/actor/lib/test/auto/ArrayToMatrix.xml (RunModel)" time="0.043" />
  <testcase classname="ptolemy.util.test.junit.AutoTests" name="[31] /home/travis/build/icyphy/ptII/ptolemy/actor/lib/test/auto/ArrayUpdate1.xml (RunModel)" time="0.016" />
  <testcase classname="ptolemy.util.test.junit.AutoTests" name="[32] /home/travis/build/icyphy/ptII/ptolemy/actor/lib/test/auto/ArrayUpdate2.xml (RunModel)" time="0.028" />
  <testcase classname="ptolemy.util.test.junit.AutoTests" name="[33] /home/travis/build/icyphy/ptII/ptolemy/actor/lib/test/auto/ArrayUpdate3.xml (RunModel)" time="0.019" />
  <testcase classname="ptolemy.util.test.junit.AutoTests" name="[34] /home/travis/build/icyphy/ptII/ptolemy/actor/lib/test/auto/Assert1.xml (RunModel)" time="0.021" />
  <testcase classname="ptolemy.util.test.junit.AutoTests" name="[35] /home/travis/build/icyphy/ptII/ptolemy/actor/lib/test/auto/Assert2.xml (RunModel)" time="0.009" />
  <testcase classname="ptolemy.util.test.junit.AutoTests" name="[36] /home/travis/build/icyphy/ptII/ptolemy/actor/lib/test/auto/BooleanMultiplexor.xml (RunModel)" time="0.012" />
  <testcase classname="ptolemy.util.test.junit.AutoTests" name="[37] /home/travis/build/icyphy/ptII/ptolemy/actor/lib/test/auto/BooleanMultiplexor2.xml (RunModel)" time="0.023" />
  <testcase classname="ptolemy.util.test.junit.AutoTests" name="[38] /home/travis/build/icyphy/ptII/ptolemy/actor/lib/test/auto/BooleanMultiplexor3.xml (RunModel)" time="0.015" />
  <testcase classname="ptolemy.util.test.junit.AutoTests" name="[39] /home/travis/build/icyphy/ptII/ptolemy/actor/lib/test/auto/BooleanSelect.xml (RunModel)" time="0.018" />
  <testcase classname="ptolemy.util.test.junit.AutoTests" name="[40] /home/travis/build/icyphy/ptII/ptolemy/actor/lib/test/auto/BooleanSelect2.xml (RunModel)" time="0.012" />
  <testcase classname="ptolemy.util.test.junit.AutoTests" name="[41] /home/travis/build/icyphy/ptII/ptolemy/actor/lib/test/auto/BooleanSwitch.xml (RunModel)" time="0.053" />
  <testcase classname="ptolemy.util.test.junit.AutoTests" name="[42] /home/travis/build/icyphy/ptII/ptolemy/actor/lib/test/auto/BooleanSwitch2.xml (RunModel)" time="0.016" />
  <testcase classname="ptolemy.util.test.junit.AutoTests" name="[43] /home/travis/build/icyphy/ptII/ptolemy/actor/lib/test/auto/BooleanSwitchCloningBugWithClassRelationGroup.xml (RunModel)" time="0.031" />
  <testcase classname="ptolemy.util.test.junit.AutoTests" name="[44] /home/travis/build/icyphy/ptII/ptolemy/actor/lib/test/auto/BusActors.xml (RunModel)" time="0.03" />
  <testcase classname="ptolemy.util.test.junit.AutoTests" name="[45] /home/travis/build/icyphy/ptII/ptolemy/actor/lib/test/auto/ClassWrapper.xml (RunModel)" time="0.031" />
  <testcase classname="ptolemy.util.test.junit.AutoTests" name="[46] /home/travis/build/icyphy/ptII/ptolemy/actor/lib/test/auto/Clock.xml (RunModel)" time="0.008" />
  <testcase classname="ptolemy.util.test.junit.AutoTests" name="[47] /home/travis/build/icyphy/ptII/ptolemy/actor/lib/test/auto/Clock10.xml (RunModel)" time="0.026" />
  <testcase classname="ptolemy.util.test.junit.AutoTests" name="[48] /home/travis/build/icyphy/ptII/ptolemy/actor/lib/test/auto/Clock11.xml (RunModel)" time="0.016" />
  <testcase classname="ptolemy.util.test.junit.AutoTests" name="[49] /home/travis/build/icyphy/ptII/ptolemy/actor/lib/test/auto/Clock12.xml (RunModel)" time="0.016" />
  <testcase classname="ptolemy.util.test.junit.AutoTests" name="[50] /home/travis/build/icyphy/ptII/ptolemy/actor/lib/test/auto/Clock13.xml (RunModel)" time="0.017" />
  <testcase classname="ptolemy.util.test.junit.AutoTests" name="[51] /home/travis/build/icyphy/ptII/ptolemy/actor/lib/test/auto/Clock14.xml (RunModel)" time="0.017" />
  <testcase classname="ptolemy.util.test.junit.AutoTests" name="[52] /home/travis/build/icyphy/ptII/ptolemy/actor/lib/test/auto/Clock15.xml (RunModel)" time="0.013" />
  <testcase classname="ptolemy.util.test.junit.AutoTests" name="[53] /home/travis/build/icyphy/ptII/ptolemy/actor/lib/test/auto/Clock16.xml (RunModel)" time="0.088" />
  <testcase classname="ptolemy.util.test.junit.AutoTests" name="[54] /home/travis/build/icyphy/ptII/ptolemy/actor/lib/test/auto/Clock17.xml (RunModel)" time="0.07" />
  <testcase classname="ptolemy.util.test.junit.AutoTests" name="[55] /home/travis/build/icyphy/ptII/ptolemy/actor/lib/test/auto/Clock18.xml (RunModel)" time="0.056" />
  <testcase classname="ptolemy.util.test.junit.AutoTests" name="[56] /home/travis/build/icyphy/ptII/ptolemy/actor/lib/test/auto/Clock19.xml (RunModel)" time="0.041" />
  <testcase classname="ptolemy.util.test.junit.AutoTests" name="[57] /home/travis/build/icyphy/ptII/ptolemy/actor/lib/test/auto/Clock2.xml (RunModel)" time="0.015" />
  <testcase classname="ptolemy.util.test.junit.AutoTests" name="[58] /home/travis/build/icyphy/ptII/ptolemy/actor/lib/test/auto/Clock20.xml (RunModel)" time="0.022" />
  <testcase classname="ptolemy.util.test.junit.AutoTests" name="[59] /home/travis/build/icyphy/ptII/ptolemy/actor/lib/test/auto/Clock21.xml (RunModel)" time="0.015" />
  <testcase classname="ptolemy.util.test.junit.AutoTests" name="[60] /home/travis/build/icyphy/ptII/ptolemy/actor/lib/test/auto/Clock22.xml (RunModel)" time="0.014" />
  <testcase classname="ptolemy.util.test.junit.AutoTests" name="[61] /home/travis/build/icyphy/ptII/ptolemy/actor/lib/test/auto/Clock23.xml (RunModel)" time="0.016" />
  <testcase classname="ptolemy.util.test.junit.AutoTests" name="[62] /home/travis/build/icyphy/ptII/ptolemy/actor/lib/test/auto/Clock24.xml (RunModel)" time="0.018" />
  <testcase classname="ptolemy.util.test.junit.AutoTests" name="[63] /home/travis/build/icyphy/ptII/ptolemy/actor/lib/test/auto/Clock4.xml (RunModel)" time="0.016" />
  <testcase classname="ptolemy.util.test.junit.AutoTests" name="[64] /home/travis/build/icyphy/ptII/ptolemy/actor/lib/test/auto/Clock5.xml (RunModel)" time="0.011" />
  <testcase classname="ptolemy.util.test.junit.AutoTests" name="[65] /home/travis/build/icyphy/ptII/ptolemy/actor/lib/test/auto/Clock6.xml (RunModel)" time="0.015" />
  <testcase classname="ptolemy.util.test.junit.AutoTests" name="[66] /home/travis/build/icyphy/ptII/ptolemy/actor/lib/test/auto/Clock7.xml (RunModel)" time="0.01" />
  <testcase classname="ptolemy.util.test.junit.AutoTests" name="[67] /home/travis/build/icyphy/ptII/ptolemy/actor/lib/test/auto/Clock8.xml (RunModel)" time="0.014" />
  <testcase classname="ptolemy.util.test.junit.AutoTests" name="[68] /home/travis/build/icyphy/ptII/ptolemy/actor/lib/test/auto/Clock9.xml (RunModel)" time="0.014" />
  <testcase classname="ptolemy.util.test.junit.AutoTests" name="[69] /home/travis/build/icyphy/ptII/ptolemy/actor/lib/test/auto/CommDistDiscard.xml (RunModel)" time="0.027" />
  <testcase classname="ptolemy.util.test.junit.AutoTests" name="[70] /home/travis/build/icyphy/ptII/ptolemy/actor/lib/test/auto/Commutator.xml (RunModel)" time="0.018" />
  <testcase classname="ptolemy.util.test.junit.AutoTests" name="[71] /home/travis/build/icyphy/ptII/ptolemy/actor/lib/test/auto/Commutator2.xml (RunModel)" time="0.01" />
  <testcase classname="ptolemy.util.test.junit.AutoTests" name="[72] /home/travis/build/icyphy/ptII/ptolemy/actor/lib/test/auto/Commutator3.xml (RunModel)" time="0.012" />
  <testcase classname="ptolemy.util.test.junit.AutoTests" name="[73] /home/travis/build/icyphy/ptII/ptolemy/actor/lib/test/auto/Compare.xml (RunModel)" time="0.058" />
  <testcase classname="ptolemy.util.test.junit.AutoTests" name="[74] /home/travis/build/icyphy/ptII/ptolemy/actor/lib/test/auto/CompareDE.xml (RunModel)" time="0.015" />
  <testcase classname="ptolemy.util.test.junit.AutoTests" name="[75] /home/travis/build/icyphy/ptII/ptolemy/actor/lib/test/auto/ComplexDivide.xml (RunModel)" time="0.008" />
  <testcase classname="ptolemy.util.test.junit.AutoTests" name="[76] /home/travis/build/icyphy/ptII/ptolemy/actor/lib/test/auto/ComputeHistogram.xml (RunModel)" time="0.045" />
  <testcase classname="ptolemy.util.test.junit.AutoTests" name="[77] /home/travis/build/icyphy/ptII/ptolemy/actor/lib/test/auto/ConfigurationSelect.xml (RunModel)" time="0.019" />
  <testcase classname="ptolemy.util.test.junit.AutoTests" name="[78] /home/travis/build/icyphy/ptII/ptolemy/actor/lib/test/auto/ConfigurationSelect2.xml (RunModel)" time="0.016" />
  <testcase classname="ptolemy.util.test.junit.AutoTests" name="[79] /home/travis/build/icyphy/ptII/ptolemy/actor/lib/test/auto/ConfigurationSwitch.xml (RunModel)" time="0.024" />
  <testcase classname="ptolemy.util.test.junit.AutoTests" name="[80] /home/travis/build/icyphy/ptII/ptolemy/actor/lib/test/auto/ConfigurationSwitch2.xml (RunModel)" time="0.022" />
  <testcase classname="ptolemy.util.test.junit.AutoTests" name="[81] /home/travis/build/icyphy/ptII/ptolemy/actor/lib/test/auto/ConfigurationSwitchCloningBugWithClassRelationGroup.xml (RunModel)" time="0.018" />
  <testcase classname="ptolemy.util.test.junit.AutoTests" name="[82] /home/travis/build/icyphy/ptII/ptolemy/actor/lib/test/auto/ConfigurationSwitchSelectSDF.xml (RunModel)" time="0.012" />
  <testcase classname="ptolemy.util.test.junit.AutoTests" name="[83] /home/travis/build/icyphy/ptII/ptolemy/actor/lib/test/auto/ConfigurationSwitchSelectSDF2.xml (RunModel)" time="0.016" />
  <testcase classname="ptolemy.util.test.junit.AutoTests" name="[84] /home/travis/build/icyphy/ptII/ptolemy/actor/lib/test/auto/Const.xml (RunModel)" time="0.006" />
  <testcase classname="ptolemy.util.test.junit.AutoTests" name="[85] /home/travis/build/icyphy/ptII/ptolemy/actor/lib/test/auto/Const2.xml (RunModel)" time="0.009" />
  <testcase classname="ptolemy.util.test.junit.AutoTests" name="[86] /home/travis/build/icyphy/ptII/ptolemy/actor/lib/test/auto/Const3.xml (RunModel)" time="0.006" />
  <testcase classname="ptolemy.util.test.junit.AutoTests" name="[87] /home/travis/build/icyphy/ptII/ptolemy/actor/lib/test/auto/ConstantPublisherPort1.xml (RunModel)" time="0.022" />
  <testcase classname="ptolemy.util.test.junit.AutoTests" name="[88] /home/travis/build/icyphy/ptII/ptolemy/actor/lib/test/auto/ConstantPublisherPort2.xml (RunModel)" time="0.021" />
  <testcase classname="ptolemy.util.test.junit.AutoTests" name="[89] /home/travis/build/icyphy/ptII/ptolemy/actor/lib/test/auto/ConstantPublisherPort3.xml (RunModel)" time="0.017" />
  <testcase classname="ptolemy.util.test.junit.AutoTests" name="[90] /home/travis/build/icyphy/ptII/ptolemy/actor/lib/test/auto/ConstantPublisherPort4.xml (RunModel)" time="0.012" />
  <testcase classname="ptolemy.util.test.junit.AutoTests" name="[91] /home/travis/build/icyphy/ptII/ptolemy/actor/lib/test/auto/ConstantPublisherPort5.xml (RunModel)" time="0.034" />
  <testcase classname="ptolemy.util.test.junit.AutoTests" name="[92] /home/travis/build/icyphy/ptII/ptolemy/actor/lib/test/auto/ConstantPublisherPort6.xml (RunModel)" time="0.035" />
  <testcase classname="ptolemy.util.test.junit.AutoTests" name="[93] /home/travis/build/icyphy/ptII/ptolemy/actor/lib/test/auto/ConstantPublisherPort7.xml (RunModel)" time="0.035" />
  <testcase classname="ptolemy.util.test.junit.AutoTests" name="[94] /home/travis/build/icyphy/ptII/ptolemy/actor/lib/test/auto/ConstraintMonitor1.xml (RunModel)" time="0.039" />
  <testcase classname="ptolemy.util.test.junit.AutoTests" name="[95] /home/travis/build/icyphy/ptII/ptolemy/actor/lib/test/auto/ConstraintMonitor2.xml (RunModel)" time="0.014" />
  <testcase classname="ptolemy.util.test.junit.AutoTests" name="[96] /home/travis/build/icyphy/ptII/ptolemy/actor/lib/test/auto/ConstraintMonitor3.xml (RunModel)" time="0.017" />
  <testcase classname="ptolemy.util.test.junit.AutoTests" name="[97] /home/travis/build/icyphy/ptII/ptolemy/actor/lib/test/auto/ConstraintMonitor4.xml (RunModel)" time="0.01" />
  <testcase classname="ptolemy.util.test.junit.AutoTests" name="[98] /home/travis/build/icyphy/ptII/ptolemy/actor/lib/test/auto/ConstraintMonitor5.xml (RunModel)" time="0.016" />
  <testcase classname="ptolemy.util.test.junit.AutoTests" name="[99] /home/travis/build/icyphy/ptII/ptolemy/actor/lib/test/auto/ConstraintMonitor6.xml (RunModel)" time="0.015" />
  <testcase classname="ptolemy.util.test.junit.AutoTests" name="[100] /home/travis/build/icyphy/ptII/ptolemy/actor/lib/test/auto/ConstraintMonitor7.xml (RunModel)" time="0.011" />
  <testcase classname="ptolemy.util.test.junit.AutoTests" name="[101] /home/travis/build/icyphy/ptII/ptolemy/actor/lib/test/auto/ConstraintMonitor8.xml (RunModel)" time="0.017" />
  <testcase classname="ptolemy.util.test.junit.AutoTests" name="[102] /home/travis/build/icyphy/ptII/ptolemy/actor/lib/test/auto/Counter.xml (RunModel)" time="0.009" />
  <testcase classname="ptolemy.util.test.junit.AutoTests" name="[103] /home/travis/build/icyphy/ptII/ptolemy/actor/lib/test/auto/CurrentTimeSDF.xml (RunModel)" time="0.007" />
  <testcase classname="ptolemy.util.test.junit.AutoTests" name="[104] /home/travis/build/icyphy/ptII/ptolemy/actor/lib/test/auto/DB.xml (RunModel)" time="0.009" />
  <testcase classname="ptolemy.util.test.junit.AutoTests" name="[105] /home/travis/build/icyphy/ptII/ptolemy/actor/lib/test/auto/DBDE.xml (RunModel)" time="0.01" />
  <testcase classname="ptolemy.util.test.junit.AutoTests" name="[106] /home/travis/build/icyphy/ptII/ptolemy/actor/lib/test/auto/DateConstructor.xml (RunModel)" time="0.056" />
  <testcase classname="ptolemy.util.test.junit.AutoTests" name="[107] /home/travis/build/icyphy/ptII/ptolemy/actor/lib/test/auto/DelayTime.xml (RunModel)" time="0.012" />
  <testcase classname="ptolemy.util.test.junit.AutoTests" name="[108] /home/travis/build/icyphy/ptII/ptolemy/actor/lib/test/auto/Dictionary1.xml (RunModel)" time="0.014" />
  <testcase classname="ptolemy.util.test.junit.AutoTests" name="[109] /home/travis/build/icyphy/ptII/ptolemy/actor/lib/test/auto/Dictionary2.xml (RunModel)" time="0.01" />
  <testcase classname="ptolemy.util.test.junit.AutoTests" name="[110] /home/travis/build/icyphy/ptII/ptolemy/actor/lib/test/auto/Dictionary3.xml (RunModel)" time="0.009" />
  <testcase classname="ptolemy.util.test.junit.AutoTests" name="[111] /home/travis/build/icyphy/ptII/ptolemy/actor/lib/test/auto/Dictionary4.xml (RunModel)" time="0.012" />
  <testcase classname="ptolemy.util.test.junit.AutoTests" name="[112] /home/travis/build/icyphy/ptII/ptolemy/actor/lib/test/auto/Differential.xml (RunModel)" time="0.009" />
  <testcase classname="ptolemy.util.test.junit.AutoTests" name="[113] /home/travis/build/icyphy/ptII/ptolemy/actor/lib/test/auto/Director.xml (RunModel)" time="0.014" />
  <testcase classname="ptolemy.util.test.junit.AutoTests" name="[114] /home/travis/build/icyphy/ptII/ptolemy/actor/lib/test/auto/DiscreteClock.xml (RunModel)" time="0.006" />
  <testcase classname="ptolemy.util.test.junit.AutoTests" name="[115] /home/travis/build/icyphy/ptII/ptolemy/actor/lib/test/auto/DiscreteClock10.xml (RunModel)" time="0.068" />
  <testcase classname="ptolemy.util.test.junit.AutoTests" name="[116] /home/travis/build/icyphy/ptII/ptolemy/actor/lib/test/auto/DiscreteClock11.xml (RunModel)" time="0.01" />
  <testcase classname="ptolemy.util.test.junit.AutoTests" name="[117] /home/travis/build/icyphy/ptII/ptolemy/actor/lib/test/auto/DiscreteClock12.xml (RunModel)" time="0.012" />
  <testcase classname="ptolemy.util.test.junit.AutoTests" name="[118] /home/travis/build/icyphy/ptII/ptolemy/actor/lib/test/auto/DiscreteClock13.xml (RunModel)" time="0.013" />
  <testcase classname="ptolemy.util.test.junit.AutoTests" name="[119] /home/travis/build/icyphy/ptII/ptolemy/actor/lib/test/auto/DiscreteClock14.xml (RunModel)" time="0.009" />
  <testcase classname="ptolemy.util.test.junit.AutoTests" name="[120] /home/travis/build/icyphy/ptII/ptolemy/actor/lib/test/auto/DiscreteClock15.xml (RunModel)" time="0.011" />
  <testcase classname="ptolemy.util.test.junit.AutoTests" name="[121] /home/travis/build/icyphy/ptII/ptolemy/actor/lib/test/auto/DiscreteClock16.xml (RunModel)" time="0.042" />
  <testcase classname="ptolemy.util.test.junit.AutoTests" name="[122] /home/travis/build/icyphy/ptII/ptolemy/actor/lib/test/auto/DiscreteClock17.xml (RunModel)" time="0.033" />
  <testcase classname="ptolemy.util.test.junit.AutoTests" name="[123] /home/travis/build/icyphy/ptII/ptolemy/actor/lib/test/auto/DiscreteClock18.xml (RunModel)" time="0.038" />
  <testcase classname="ptolemy.util.test.junit.AutoTests" name="[124] /home/travis/build/icyphy/ptII/ptolemy/actor/lib/test/auto/DiscreteClock19.xml (RunModel)" time="0.042" />
  <testcase classname="ptolemy.util.test.junit.AutoTests" name="[125] /home/travis/build/icyphy/ptII/ptolemy/actor/lib/test/auto/DiscreteClock2.xml (RunModel)" time="0.009" />
  <testcase classname="ptolemy.util.test.junit.AutoTests" name="[126] /home/travis/build/icyphy/ptII/ptolemy/actor/lib/test/auto/DiscreteClock20.xml (RunModel)" time="0.017" />
  <testcase classname="ptolemy.util.test.junit.AutoTests" name="[127] /home/travis/build/icyphy/ptII/ptolemy/actor/lib/test/auto/DiscreteClock21.xml (RunModel)" time="0.02" />
  <testcase classname="ptolemy.util.test.junit.AutoTests" name="[128] /home/travis/build/icyphy/ptII/ptolemy/actor/lib/test/auto/DiscreteClock22.xml (RunModel)" time="0.014" />
  <testcase classname="ptolemy.util.test.junit.AutoTests" name="[129] /home/travis/build/icyphy/ptII/ptolemy/actor/lib/test/auto/DiscreteClock23.xml (RunModel)" time="0.023" />
  <testcase classname="ptolemy.util.test.junit.AutoTests" name="[130] /home/travis/build/icyphy/ptII/ptolemy/actor/lib/test/auto/DiscreteClock24.xml (RunModel)" time="0.014" />
  <testcase classname="ptolemy.util.test.junit.AutoTests" name="[131] /home/travis/build/icyphy/ptII/ptolemy/actor/lib/test/auto/DiscreteClock4.xml (RunModel)" time="0.011" />
  <testcase classname="ptolemy.util.test.junit.AutoTests" name="[132] /home/travis/build/icyphy/ptII/ptolemy/actor/lib/test/auto/DiscreteClock5.xml (RunModel)" time="0.009" />
  <testcase classname="ptolemy.util.test.junit.AutoTests" name="[133] /home/travis/build/icyphy/ptII/ptolemy/actor/lib/test/auto/DiscreteClock6.xml (RunModel)" time="0.009" />
  <testcase classname="ptolemy.util.test.junit.AutoTests" name="[134] /home/travis/build/icyphy/ptII/ptolemy/actor/lib/test/auto/DiscreteClock7.xml (RunModel)" time="0.008" />
  <testcase classname="ptolemy.util.test.junit.AutoTests" name="[135] /home/travis/build/icyphy/ptII/ptolemy/actor/lib/test/auto/DiscreteClock8.xml (RunModel)" time="0.017" />
  <testcase classname="ptolemy.util.test.junit.AutoTests" name="[136] /home/travis/build/icyphy/ptII/ptolemy/actor/lib/test/auto/DiscreteClock9.xml (RunModel)" time="0.011" />
  <testcase classname="ptolemy.util.test.junit.AutoTests" name="[137] /home/travis/build/icyphy/ptII/ptolemy/actor/lib/test/auto/DisplayArray.xml (RunModel)" time="0.007" />
  <testcase classname="ptolemy.util.test.junit.AutoTests" name="[138] /home/travis/build/icyphy/ptII/ptolemy/actor/lib/test/auto/Distributor.xml (RunModel)" time="0.007" />
  <testcase classname="ptolemy.util.test.junit.AutoTests" name="[139] /home/travis/build/icyphy/ptII/ptolemy/actor/lib/test/auto/Distributor2.xml (RunModel)" time="0.007" />
  <testcase classname="ptolemy.util.test.junit.AutoTests" name="[140] /home/travis/build/icyphy/ptII/ptolemy/actor/lib/test/auto/DownSample.xml (RunModel)" time="0.01" />
  <testcase classname="ptolemy.util.test.junit.AutoTests" name="[141] /home/travis/build/icyphy/ptII/ptolemy/actor/lib/test/auto/ElectronicUnitBase1.xml (RunModel)" time="0.06" />
  <testcase classname="ptolemy.util.test.junit.AutoTests" name="[142] /home/travis/build/icyphy/ptII/ptolemy/actor/lib/test/auto/ElementsToArray.xml (RunModel)" time="0.01" />
  <testcase classname="ptolemy.util.test.junit.AutoTests" name="[143] /home/travis/build/icyphy/ptII/ptolemy/actor/lib/test/auto/Equals.xml (RunModel)" time="0.014" />
  <testcase classname="ptolemy.util.test.junit.AutoTests" name="[144] /home/travis/build/icyphy/ptII/ptolemy/actor/lib/test/auto/Exec.xml (RunModel)" time="0.024" />
  <testcase classname="ptolemy.util.test.junit.AutoTests" name="[145] /home/travis/build/icyphy/ptII/ptolemy/actor/lib/test/auto/ExecEnvironment.xml (RunModel)" time="0.029" />
  <testcase classname="ptolemy.util.test.junit.AutoTests" name="[146] /home/travis/build/icyphy/ptII/ptolemy/actor/lib/test/auto/ExecNonZeroReturnOutput.xml (RunModel)" time="0.172" />
  <testcase classname="ptolemy.util.test.junit.AutoTests" name="[147] /home/travis/build/icyphy/ptII/ptolemy/actor/lib/test/auto/ExecRunDemos.xml (RunModel)" time="10.317" />
  <testcase classname="ptolemy.util.test.junit.AutoTests" name="[148] /home/travis/build/icyphy/ptII/ptolemy/actor/lib/test/auto/ExecStop.xml (RunModel)" time="5.028" />
  <testcase classname="ptolemy.util.test.junit.AutoTests" name="[149] /home/travis/build/icyphy/ptII/ptolemy/actor/lib/test/auto/ExecutionTimeSDF.xml (RunModel)" time="6.034" />
  <testcase classname="ptolemy.util.test.junit.AutoTests" name="[150] /home/travis/build/icyphy/ptII/ptolemy/actor/lib/test/auto/Expression1.xml (RunModel)" time="0.006" />
  <testcase classname="ptolemy.util.test.junit.AutoTests" name="[151] /home/travis/build/icyphy/ptII/ptolemy/actor/lib/test/auto/Expression10.xml (RunModel)" time="0.012" />
  <testcase classname="ptolemy.util.test.junit.AutoTests" name="[152] /home/travis/build/icyphy/ptII/ptolemy/actor/lib/test/auto/Expression11.xml (RunModel)" time="0.009" />
  <testcase classname="ptolemy.util.test.junit.AutoTests" name="[153] /home/travis/build/icyphy/ptII/ptolemy/actor/lib/test/auto/Expression12.xml (RunModel)" time="0.011" />
  <testcase classname="ptolemy.util.test.junit.AutoTests" name="[154] /home/travis/build/icyphy/ptII/ptolemy/actor/lib/test/auto/Expression13.xml (RunModel)" time="0.01" />
  <testcase classname="ptolemy.util.test.junit.AutoTests" name="[155] /home/travis/build/icyphy/ptII/ptolemy/actor/lib/test/auto/Expression14.xml (RunModel)" time="0.013" />
  <testcase classname="ptolemy.util.test.junit.AutoTests" name="[156] /home/travis/build/icyphy/ptII/ptolemy/actor/lib/test/auto/Expression15.xml (RunModel)" time="0.006" />
  <testcase classname="ptolemy.util.test.junit.AutoTests" name="[157] /home/travis/build/icyphy/ptII/ptolemy/actor/lib/test/auto/Expression16.xml (RunModel)" time="0.012" />
  <testcase classname="ptolemy.util.test.junit.AutoTests" name="[158] /home/travis/build/icyphy/ptII/ptolemy/actor/lib/test/auto/Expression17.xml (RunModel)" time="0.009" />
  <testcase classname="ptolemy.util.test.junit.AutoTests" name="[159] /home/travis/build/icyphy/ptII/ptolemy/actor/lib/test/auto/Expression18.xml (RunModel)" time="0.009" />
  <testcase classname="ptolemy.util.test.junit.AutoTests" name="[160] /home/travis/build/icyphy/ptII/ptolemy/actor/lib/test/auto/Expression2.xml (RunModel)" time="0.008" />
  <testcase classname="ptolemy.util.test.junit.AutoTests" name="[161] /home/travis/build/icyphy/ptII/ptolemy/actor/lib/test/auto/Expression3.xml (RunModel)" time="0.01" />
  <testcase classname="ptolemy.util.test.junit.AutoTests" name="[162] /home/travis/build/icyphy/ptII/ptolemy/actor/lib/test/auto/Expression4.xml (RunModel)" time="0.014" />
  <testcase classname="ptolemy.util.test.junit.AutoTests" name="[163] /home/travis/build/icyphy/ptII/ptolemy/actor/lib/test/auto/Expression5.xml (RunModel)" time="0.01" />
  <testcase classname="ptolemy.util.test.junit.AutoTests" name="[164] /home/travis/build/icyphy/ptII/ptolemy/actor/lib/test/auto/Expression6.xml (RunModel)" time="0.007" />
  <testcase classname="ptolemy.util.test.junit.AutoTests" name="[165] /home/travis/build/icyphy/ptII/ptolemy/actor/lib/test/auto/Expression7.xml (RunModel)" time="0.01" />
  <testcase classname="ptolemy.util.test.junit.AutoTests" name="[166] /home/travis/build/icyphy/ptII/ptolemy/actor/lib/test/auto/Expression8.xml (RunModel)" time="0.013" />
  <testcase classname="ptolemy.util.test.junit.AutoTests" name="[167] /home/travis/build/icyphy/ptII/ptolemy/actor/lib/test/auto/Expression9.xml (RunModel)" time="0.008" />
  <testcase classname="ptolemy.util.test.junit.AutoTests" name="[168] /home/travis/build/icyphy/ptII/ptolemy/actor/lib/test/auto/ExpressionConcatenateArrayType.xml (RunModel)" time="0.022" />
  <testcase classname="ptolemy.util.test.junit.AutoTests" name="[169] /home/travis/build/icyphy/ptII/ptolemy/actor/lib/test/auto/ExpressionConcatenateArrayType2.xml (RunModel)" time="0.018" />
  <testcase classname="ptolemy.util.test.junit.AutoTests" name="[170] /home/travis/build/icyphy/ptII/ptolemy/actor/lib/test/auto/ExpressionFix.xml (RunModel)" time="0.041" />
  <testcase classname="ptolemy.util.test.junit.AutoTests" name="[171] /home/travis/build/icyphy/ptII/ptolemy/actor/lib/test/auto/ExpressionFix2.xml (RunModel)" time="0.01" />
  <testcase classname="ptolemy.util.test.junit.AutoTests" name="[172] /home/travis/build/icyphy/ptII/ptolemy/actor/lib/test/auto/ExpressionFix3.xml (RunModel)" time="0.01" />
  <testcase classname="ptolemy.util.test.junit.AutoTests" name="[173] /home/travis/build/icyphy/ptII/ptolemy/actor/lib/test/auto/FileWriter1.xml (RunModel)" time="0.008" />
  <testcase classname="ptolemy.util.test.junit.AutoTests" name="[174] /home/travis/build/icyphy/ptII/ptolemy/actor/lib/test/auto/FileWriter2.xml (RunModel)" time="0.013" />
  <testcase classname="ptolemy.util.test.junit.AutoTests" name="[175] /home/travis/build/icyphy/ptII/ptolemy/actor/lib/test/auto/FileWriter3.xml (RunModel)" time="0.008" />
  <testcase classname="ptolemy.util.test.junit.AutoTests" name="[176] /home/travis/build/icyphy/ptII/ptolemy/actor/lib/test/auto/Gaussian.xml (RunModel)" time="0.009" />
  <testcase classname="ptolemy.util.test.junit.AutoTests" name="[177] /home/travis/build/icyphy/ptII/ptolemy/actor/lib/test/auto/Gaussian1.xml (RunModel)" time="0.017" />
  <testcase classname="ptolemy.util.test.junit.AutoTests" name="[178] /home/travis/build/icyphy/ptII/ptolemy/actor/lib/test/auto/Gaussian2.xml (RunModel)" time="0.014" />
  <testcase classname="ptolemy.util.test.junit.AutoTests" name="[179] /home/travis/build/icyphy/ptII/ptolemy/actor/lib/test/auto/GradientAdaptiveLattice.xml (RunModel)" time="0.012" />
  <testcase classname="ptolemy.util.test.junit.AutoTests" name="[180] /home/travis/build/icyphy/ptII/ptolemy/actor/lib/test/auto/IIR.xml (RunModel)" time="0.008" />
  <testcase classname="ptolemy.util.test.junit.AutoTests" name="[181] /home/travis/build/icyphy/ptII/ptolemy/actor/lib/test/auto/InputOutputTransparentPorts.xml (RunModel)" time="0.019" />
  <testcase classname="ptolemy.util.test.junit.AutoTests" name="[182] /home/travis/build/icyphy/ptII/ptolemy/actor/lib/test/auto/Interpolator.xml (RunModel)" time="0.056" />
  <testcase classname="ptolemy.util.test.junit.AutoTests" name="[183] /home/travis/build/icyphy/ptII/ptolemy/actor/lib/test/auto/InterpolatorFiringLimitDE.xml (RunModel)" time="0.015" />
  <testcase classname="ptolemy.util.test.junit.AutoTests" name="[184] /home/travis/build/icyphy/ptII/ptolemy/actor/lib/test/auto/Lattice.xml (RunModel)" time="0.008" />
  <testcase classname="ptolemy.util.test.junit.AutoTests" name="[185] /home/travis/build/icyphy/ptII/ptolemy/actor/lib/test/auto/LazyAOCTestLazy.xml (RunModel)" time="0.053" />
  <testcase classname="ptolemy.util.test.junit.AutoTests" name="[186] /home/travis/build/icyphy/ptII/ptolemy/actor/lib/test/auto/LazyAOCTestNonLazy.xml (RunModel)" time="0.047" />
  <testcase classname="ptolemy.util.test.junit.AutoTests" name="[187] /home/travis/build/icyphy/ptII/ptolemy/actor/lib/test/auto/LazyInnerClass.xml (RunModel)" time="0.048" />
  <testcase classname="ptolemy.util.test.junit.AutoTests" name="[188] /home/travis/build/icyphy/ptII/ptolemy/actor/lib/test/auto/LazyPubSub.xml (RunModel)" time="0.055" />
  <testcase classname="ptolemy.util.test.junit.AutoTests" name="[189] /home/travis/build/icyphy/ptII/ptolemy/actor/lib/test/auto/LazyPubSub2.xml (RunModel)" time="0.034" />
  <testcase classname="ptolemy.util.test.junit.AutoTests" name="[190] /home/travis/build/icyphy/ptII/ptolemy/actor/lib/test/auto/LazyPubSub3.xml (RunModel)" time="0.027" />
  <testcase classname="ptolemy.util.test.junit.AutoTests" name="[191] /home/travis/build/icyphy/ptII/ptolemy/actor/lib/test/auto/LazySubClassModel.xml (RunModel)" time="0.021" />
  <testcase classname="ptolemy.util.test.junit.AutoTests" name="[192] /home/travis/build/icyphy/ptII/ptolemy/actor/lib/test/auto/LevelCrossTest1.xml (RunModel)" time="0.01" />
  <testcase classname="ptolemy.util.test.junit.AutoTests" name="[193] /home/travis/build/icyphy/ptII/ptolemy/actor/lib/test/auto/LevelCrossTest10.xml (RunModel)" time="0.014" />
  <testcase classname="ptolemy.util.test.junit.AutoTests" name="[194] /home/travis/build/icyphy/ptII/ptolemy/actor/lib/test/auto/LevelCrossTest11.xml (RunModel)" time="0.016" />
  <testcase classname="ptolemy.util.test.junit.AutoTests" name="[195] /home/travis/build/icyphy/ptII/ptolemy/actor/lib/test/auto/LevelCrossTest12.xml (RunModel)" time="0.018" />
  <testcase classname="ptolemy.util.test.junit.AutoTests" name="[196] /home/travis/build/icyphy/ptII/ptolemy/actor/lib/test/auto/LevelCrossTest13.xml (RunModel)" time="0.013" />
  <testcase classname="ptolemy.util.test.junit.AutoTests" name="[197] /home/travis/build/icyphy/ptII/ptolemy/actor/lib/test/auto/LevelCrossTest2.xml (RunModel)" time="0.012" />
  <testcase classname="ptolemy.util.test.junit.AutoTests" name="[198] /home/travis/build/icyphy/ptII/ptolemy/actor/lib/test/auto/LevelCrossTest3.xml (RunModel)" time="0.011" />
  <testcase classname="ptolemy.util.test.junit.AutoTests" name="[199] /home/travis/build/icyphy/ptII/ptolemy/actor/lib/test/auto/LevelCrossTest4.xml (RunModel)" time="0.015" />
  <testcase classname="ptolemy.util.test.junit.AutoTests" name="[200] /home/travis/build/icyphy/ptII/ptolemy/actor/lib/test/auto/LevelCrossTest5.xml (RunModel)" time="0.019" />
  <testcase classname="ptolemy.util.test.junit.AutoTests" name="[201] /home/travis/build/icyphy/ptII/ptolemy/actor/lib/test/auto/LevelCrossTest6.xml (RunModel)" time="0.014" />
  <testcase classname="ptolemy.util.test.junit.AutoTests" name="[202] /home/travis/build/icyphy/ptII/ptolemy/actor/lib/test/auto/LevelCrossTest7.xml (RunModel)" time="0.019" />
  <testcase classname="ptolemy.util.test.junit.AutoTests" name="[203] /home/travis/build/icyphy/ptII/ptolemy/actor/lib/test/auto/LevelCrossTest8.xml (RunModel)" time="0.014" />
  <testcase classname="ptolemy.util.test.junit.AutoTests" name="[204] /home/travis/build/icyphy/ptII/ptolemy/actor/lib/test/auto/LevelCrossTest9.xml (RunModel)" time="0.015" />
  <testcase classname="ptolemy.util.test.junit.AutoTests" name="[205] /home/travis/build/icyphy/ptII/ptolemy/actor/lib/test/auto/LevinsonDurbin.xml (RunModel)" time="0.009" />
  <testcase classname="ptolemy.util.test.junit.AutoTests" name="[206] /home/travis/build/icyphy/ptII/ptolemy/actor/lib/test/auto/LevinsonDurbin2.xml (RunModel)" time="0.008" />
  <testcase classname="ptolemy.util.test.junit.AutoTests" name="[207] /home/travis/build/icyphy/ptII/ptolemy/actor/lib/test/auto/LevinsonDurbin3.xml (RunModel)" time="0.007" />
  <testcase classname="ptolemy.util.test.junit.AutoTests" name="[208] /home/travis/build/icyphy/ptII/ptolemy/actor/lib/test/auto/Limiter.xml (RunModel)" time="0.043" />
  <testcase classname="ptolemy.util.test.junit.AutoTests" name="[209] /home/travis/build/icyphy/ptII/ptolemy/actor/lib/test/auto/LinearDifferenceEquationSystem.xml (RunModel)" time="0.023" />
  <testcase classname="ptolemy.util.test.junit.AutoTests" name="[210] /home/travis/build/icyphy/ptII/ptolemy/actor/lib/test/auto/LookupTable.xml (RunModel)" time="0.009" />
  <testcase classname="ptolemy.util.test.junit.AutoTests" name="[211] /home/travis/build/icyphy/ptII/ptolemy/actor/lib/test/auto/MathFunction.xml (RunModel)" time="0.015" />
  <testcase classname="ptolemy.util.test.junit.AutoTests" name="[212] /home/travis/build/icyphy/ptII/ptolemy/actor/lib/test/auto/MathFunction2.xml (RunModel)" time="0.017" />
  <testcase classname="ptolemy.util.test.junit.AutoTests" name="[213] /home/travis/build/icyphy/ptII/ptolemy/actor/lib/test/auto/MathFunction3.xml (RunModel)" time="0.027" />
  <testcase classname="ptolemy.util.test.junit.AutoTests" name="[214] /home/travis/build/icyphy/ptII/ptolemy/actor/lib/test/auto/MatrixCropBoolean.xml (RunModel)" time="0.012" />
  <testcase classname="ptolemy.util.test.junit.AutoTests" name="[215] /home/travis/build/icyphy/ptII/ptolemy/actor/lib/test/auto/MatrixCropComplex.xml (RunModel)" time="0.008" />
  <testcase classname="ptolemy.util.test.junit.AutoTests" name="[216] /home/travis/build/icyphy/ptII/ptolemy/actor/lib/test/auto/MatrixCropDouble.xml (RunModel)" time="0.008" />
  <testcase classname="ptolemy.util.test.junit.AutoTests" name="[217] /home/travis/build/icyphy/ptII/ptolemy/actor/lib/test/auto/MatrixCropFix.xml (RunModel)" time="0.011" />
  <testcase classname="ptolemy.util.test.junit.AutoTests" name="[218] /home/travis/build/icyphy/ptII/ptolemy/actor/lib/test/auto/MatrixCropInt.xml (RunModel)" time="0.008" />
  <testcase classname="ptolemy.util.test.junit.AutoTests" name="[219] /home/travis/build/icyphy/ptII/ptolemy/actor/lib/test/auto/MatrixCropLong.xml (RunModel)" time="0.008" />
  <testcase classname="ptolemy.util.test.junit.AutoTests" name="[220] /home/travis/build/icyphy/ptII/ptolemy/actor/lib/test/auto/MatrixToArray.xml (RunModel)" time="0.05" />
  <testcase classname="ptolemy.util.test.junit.AutoTests" name="[221] /home/travis/build/icyphy/ptII/ptolemy/actor/lib/test/auto/MaxIndex.xml (RunModel)" time="0.016" />
  <testcase classname="ptolemy.util.test.junit.AutoTests" name="[222] /home/travis/build/icyphy/ptII/ptolemy/actor/lib/test/auto/Maximum.xml (RunModel)" time="0.016" />
  <testcase classname="ptolemy.util.test.junit.AutoTests" name="[223] /home/travis/build/icyphy/ptII/ptolemy/actor/lib/test/auto/MaximumComplex.xml (RunModel)" time="0.011" />
  <testcase classname="ptolemy.util.test.junit.AutoTests" name="[224] /home/travis/build/icyphy/ptII/ptolemy/actor/lib/test/auto/MethodCallTest.xml (RunModel)" time="0.02" />
  <testcase classname="ptolemy.util.test.junit.AutoTests" name="[225] /home/travis/build/icyphy/ptII/ptolemy/actor/lib/test/auto/Minimum.xml (RunModel)" time="0.012" />
  <testcase classname="ptolemy.util.test.junit.AutoTests" name="[226] /home/travis/build/icyphy/ptII/ptolemy/actor/lib/test/auto/MinimumComplex.xml (RunModel)" time="0.019" />
  <testcase classname="ptolemy.util.test.junit.AutoTests" name="[227] /home/travis/build/icyphy/ptII/ptolemy/actor/lib/test/auto/MinimumMultiports.xml (RunModel)" time="0.015" />
  <testcase classname="ptolemy.util.test.junit.AutoTests" name="[228] /home/travis/build/icyphy/ptII/ptolemy/actor/lib/test/auto/ModifyDate.xml (RunModel)" time="0.042" />
  <testcase classname="ptolemy.util.test.junit.AutoTests" name="[229] /home/travis/build/icyphy/ptII/ptolemy/actor/lib/test/auto/ModifyDate2.xml (RunModel)" time="0.02" />
  <testcase classname="ptolemy.util.test.junit.AutoTests" name="[230] /home/travis/build/icyphy/ptII/ptolemy/actor/lib/test/auto/MovingAverage.xml (RunModel)" time="0.009" />
  <testcase classname="ptolemy.util.test.junit.AutoTests" name="[231] /home/travis/build/icyphy/ptII/ptolemy/actor/lib/test/auto/MovingMaximum.xml (RunModel)" time="0.008" />
  <testcase classname="ptolemy.util.test.junit.AutoTests" name="[232] /home/travis/build/icyphy/ptII/ptolemy/actor/lib/test/auto/MultipleLinksToSameRelation.xml (RunModel)" time="0.007" />
  <testcase classname="ptolemy.util.test.junit.AutoTests" name="[233] /home/travis/build/icyphy/ptII/ptolemy/actor/lib/test/auto/MultipleLinksToSameRelationDE.xml (RunModel)" time="0.013" />
  <testcase classname="ptolemy.util.test.junit.AutoTests" name="[234] /home/travis/build/icyphy/ptII/ptolemy/actor/lib/test/auto/Multiplexor.xml (RunModel)" time="0.076" />
  <testcase classname="ptolemy.util.test.junit.AutoTests" name="[235] /home/travis/build/icyphy/ptII/ptolemy/actor/lib/test/auto/Multiplexor1.xml (RunModel)" time="0.013" />
  <testcase classname="ptolemy.util.test.junit.AutoTests" name="[236] /home/travis/build/icyphy/ptII/ptolemy/actor/lib/test/auto/Multiplexor2.xml (RunModel)" time="0.011" />
  <testcase classname="ptolemy.util.test.junit.AutoTests" name="[237] /home/travis/build/icyphy/ptII/ptolemy/actor/lib/test/auto/Multiplexor3.xml (RunModel)" time="0.007" />
  <testcase classname="ptolemy.util.test.junit.AutoTests" name="[238] /home/travis/build/icyphy/ptII/ptolemy/actor/lib/test/auto/MultiplexorDE.xml (RunModel)" time="0.015" />
  <testcase classname="ptolemy.util.test.junit.AutoTests" name="[239] /home/travis/build/icyphy/ptII/ptolemy/actor/lib/test/auto/MultiportBroadcastTest.xml (RunModel)" time="0.083" />
  <testcase classname="ptolemy.util.test.junit.AutoTests" name="[240] /home/travis/build/icyphy/ptII/ptolemy/actor/lib/test/auto/MultiportOutHangDuringGetWidth.xml (RunModel)" time="0.031" />
  <testcase classname="ptolemy.util.test.junit.AutoTests" name="[241] /home/travis/build/icyphy/ptII/ptolemy/actor/lib/test/auto/NilToken.xml (RunModel)" time="0.009" />
  <testcase classname="ptolemy.util.test.junit.AutoTests" name="[242] /home/travis/build/icyphy/ptII/ptolemy/actor/lib/test/auto/NilTokenNonStrictTest.xml (RunModel)" time="0.008" />
  <testcase classname="ptolemy.util.test.junit.AutoTests" name="[243] /home/travis/build/icyphy/ptII/ptolemy/actor/lib/test/auto/NilTokenRecord.xml (RunModel)" time="0.019" />
  <testcase classname="ptolemy.util.test.junit.AutoTests" name="[244] /home/travis/build/icyphy/ptII/ptolemy/actor/lib/test/auto/NilTokenTypeTest.xml (RunModel)" time="0.029" />
  <testcase classname="ptolemy.util.test.junit.AutoTests" name="[245] /home/travis/build/icyphy/ptII/ptolemy/actor/lib/test/auto/ObjectToken1.xml (RunModel)" time="0.009" />
  <testcase classname="ptolemy.util.test.junit.AutoTests" name="[246] /home/travis/build/icyphy/ptII/ptolemy/actor/lib/test/auto/OrderedMerge.xml (RunModel)" time="0.016" />
  <testcase classname="ptolemy.util.test.junit.AutoTests" name="[247] /home/travis/build/icyphy/ptII/ptolemy/actor/lib/test/auto/OrderedRecordDisassembler.xml (RunModel)" time="0.015" />
  <testcase classname="ptolemy.util.test.junit.AutoTests" name="[248] /home/travis/build/icyphy/ptII/ptolemy/actor/lib/test/auto/OrderedRecordDisassembler2.xml (RunModel)" time="0.015" />
  <testcase classname="ptolemy.util.test.junit.AutoTests" name="[249] /home/travis/build/icyphy/ptII/ptolemy/actor/lib/test/auto/OrderedRecordUpdater.xml (RunModel)" time="0.008" />
  <testcase classname="ptolemy.util.test.junit.AutoTests" name="[250] /home/travis/build/icyphy/ptII/ptolemy/actor/lib/test/auto/OrderedRecordUpdater2.xml (RunModel)" time="0.014" />
  <testcase classname="ptolemy.util.test.junit.AutoTests" name="[251] /home/travis/build/icyphy/ptII/ptolemy/actor/lib/test/auto/PhaseUnwrap.xml (RunModel)" time="0.01" />
  <testcase classname="ptolemy.util.test.junit.AutoTests" name="[252] /home/travis/build/icyphy/ptII/ptolemy/actor/lib/test/auto/PoissonClock.xml (RunModel)" time="0.009" />
  <testcase classname="ptolemy.util.test.junit.AutoTests" name="[253] /home/travis/build/icyphy/ptII/ptolemy/actor/lib/test/auto/PoissonClock2.xml (RunModel)" time="0.006" />
  <testcase classname="ptolemy.util.test.junit.AutoTests" name="[254] /home/travis/build/icyphy/ptII/ptolemy/actor/lib/test/auto/PoissonClock3.xml (RunModel)" time="0.021" />
  <testcase classname="ptolemy.util.test.junit.AutoTests" name="[255] /home/travis/build/icyphy/ptII/ptolemy/actor/lib/test/auto/PubSubWithInitialTokens.xml (RunModel)" time="0.013" />
  <testcase classname="ptolemy.util.test.junit.AutoTests" name="[256] /home/travis/build/icyphy/ptII/ptolemy/actor/lib/test/auto/PubSubWithInitialTokens2.xml (RunModel)" time="0.011" />
  <testcase classname="ptolemy.util.test.junit.AutoTests" name="[257] /home/travis/build/icyphy/ptII/ptolemy/actor/lib/test/auto/PublisherClassNoParameter.xml (RunModel)" time="0.019" />
  <testcase classname="ptolemy.util.test.junit.AutoTests" name="[258] /home/travis/build/icyphy/ptII/ptolemy/actor/lib/test/auto/PublisherClassParameter.xml (RunModel)" time="0.018" />
  <testcase classname="ptolemy.util.test.junit.AutoTests" name="[259] /home/travis/build/icyphy/ptII/ptolemy/actor/lib/test/auto/PublisherNonStrictTest.xml (RunModel)" time="0.012" />
  <testcase classname="ptolemy.util.test.junit.AutoTests" name="[260] /home/travis/build/icyphy/ptII/ptolemy/actor/lib/test/auto/PublisherPort1.xml (RunModel)" time="0.008" />
  <testcase classname="ptolemy.util.test.junit.AutoTests" name="[261] /home/travis/build/icyphy/ptII/ptolemy/actor/lib/test/auto/PublisherPort2.xml (RunModel)" time="0.007" />
  <testcase classname="ptolemy.util.test.junit.AutoTests" name="[262] /home/travis/build/icyphy/ptII/ptolemy/actor/lib/test/auto/PublisherPort3.xml (RunModel)" time="0.019" />
  <testcase classname="ptolemy.util.test.junit.AutoTests" name="[263] /home/travis/build/icyphy/ptII/ptolemy/actor/lib/test/auto/PublisherPort4.xml (RunModel)" time="0.02" />
  <testcase classname="ptolemy.util.test.junit.AutoTests" name="[264] /home/travis/build/icyphy/ptII/ptolemy/actor/lib/test/auto/PublisherPort5.xml (RunModel)" time="0.012" />
  <testcase classname="ptolemy.util.test.junit.AutoTests" name="[265] /home/travis/build/icyphy/ptII/ptolemy/actor/lib/test/auto/PublisherPort5LookAlike.xml (RunModel)" time="0.012" />
  <testcase classname="ptolemy.util.test.junit.AutoTests" name="[266] /home/travis/build/icyphy/ptII/ptolemy/actor/lib/test/auto/PublisherPort6.xml (RunModel)" time="0.01" />
  <testcase classname="ptolemy.util.test.junit.AutoTests" name="[267] /home/travis/build/icyphy/ptII/ptolemy/actor/lib/test/auto/PublisherPort7.xml (RunModel)" time="0.011" />
  <testcase classname="ptolemy.util.test.junit.AutoTests" name="[268] /home/travis/build/icyphy/ptII/ptolemy/actor/lib/test/auto/PublisherPort8.xml (RunModel)" time="0.013" />
  <testcase classname="ptolemy.util.test.junit.AutoTests" name="[269] /home/travis/build/icyphy/ptII/ptolemy/actor/lib/test/auto/PublisherPortSubscriberChannelVariablesAOC2.xml (RunModel)" time="0.025" />
  <testcase classname="ptolemy.util.test.junit.AutoTests" name="[270] /home/travis/build/icyphy/ptII/ptolemy/actor/lib/test/auto/PublisherPortSubscriberOpaqueWidthInference.xml (RunModel)" time="0.012" />
  <testcase classname="ptolemy.util.test.junit.AutoTests" name="[271] /home/travis/build/icyphy/ptII/ptolemy/actor/lib/test/auto/PublisherPortSubscriberPortAdjacent.xml (RunModel)" time="0.017" />
  <testcase classname="ptolemy.util.test.junit.AutoTests" name="[272] /home/travis/build/icyphy/ptII/ptolemy/actor/lib/test/auto/PublisherPortSubscriberPortExpression.xml (RunModel)" time="0.019" />
  <testcase classname="ptolemy.util.test.junit.AutoTests" name="[273] /home/travis/build/icyphy/ptII/ptolemy/actor/lib/test/auto/PublisherPortSubscriberPortOpaqueD3Reverse.xml (RunModel)" time="0.031" />
  <testcase classname="ptolemy.util.test.junit.AutoTests" name="[274] /home/travis/build/icyphy/ptII/ptolemy/actor/lib/test/auto/PublisherPortSubscriberPortOpaqueWidthInference.xml (RunModel)" time="0.012" />
  <testcase classname="ptolemy.util.test.junit.AutoTests" name="[275] /home/travis/build/icyphy/ptII/ptolemy/actor/lib/test/auto/PublisherPortToplevelSubscriberPortAOC.xml (RunModel)" time="0.009" />
  <testcase classname="ptolemy.util.test.junit.AutoTests" name="[276] /home/travis/build/icyphy/ptII/ptolemy/actor/lib/test/auto/PublisherSubscriber.xml (RunModel)" time="0.011" />
  <testcase classname="ptolemy.util.test.junit.AutoTests" name="[277] /home/travis/build/icyphy/ptII/ptolemy/actor/lib/test/auto/PublisherSubscriber10.xml (RunModel)" time="0.018" />
  <testcase classname="ptolemy.util.test.junit.AutoTests" name="[278] /home/travis/build/icyphy/ptII/ptolemy/actor/lib/test/auto/PublisherSubscriber10InitialOutputs.xml (RunModel)" time="0.033" />
  <testcase classname="ptolemy.util.test.junit.AutoTests" name="[279] /home/travis/build/icyphy/ptII/ptolemy/actor/lib/test/auto/PublisherSubscriber11.xml (RunModel)" time="0.022" />
  <testcase classname="ptolemy.util.test.junit.AutoTests" name="[280] /home/travis/build/icyphy/ptII/ptolemy/actor/lib/test/auto/PublisherSubscriber12.xml (RunModel)" time="0.017" />
  <testcase classname="ptolemy.util.test.junit.AutoTests" name="[281] /home/travis/build/icyphy/ptII/ptolemy/actor/lib/test/auto/PublisherSubscriber13.xml (RunModel)" time="0.009" />
  <testcase classname="ptolemy.util.test.junit.AutoTests" name="[282] /home/travis/build/icyphy/ptII/ptolemy/actor/lib/test/auto/PublisherSubscriber14.xml (RunModel)" time="0.019" />
  <testcase classname="ptolemy.util.test.junit.AutoTests" name="[283] /home/travis/build/icyphy/ptII/ptolemy/actor/lib/test/auto/PublisherSubscriber2.xml (RunModel)" time="0.009" />
  <testcase classname="ptolemy.util.test.junit.AutoTests" name="[284] /home/travis/build/icyphy/ptII/ptolemy/actor/lib/test/auto/PublisherSubscriber3.xml (RunModel)" time="0.008" />
  <testcase classname="ptolemy.util.test.junit.AutoTests" name="[285] /home/travis/build/icyphy/ptII/ptolemy/actor/lib/test/auto/PublisherSubscriber4.xml (RunModel)" time="0.007" />
  <testcase classname="ptolemy.util.test.junit.AutoTests" name="[286] /home/travis/build/icyphy/ptII/ptolemy/actor/lib/test/auto/PublisherSubscriber5.xml (RunModel)" time="0.011" />
  <testcase classname="ptolemy.util.test.junit.AutoTests" name="[287] /home/travis/build/icyphy/ptII/ptolemy/actor/lib/test/auto/PublisherSubscriber6.xml (RunModel)" time="0.012" />
  <testcase classname="ptolemy.util.test.junit.AutoTests" name="[288] /home/travis/build/icyphy/ptII/ptolemy/actor/lib/test/auto/PublisherSubscriber7.xml (RunModel)" time="0.015" />
  <testcase classname="ptolemy.util.test.junit.AutoTests" name="[289] /home/travis/build/icyphy/ptII/ptolemy/actor/lib/test/auto/PublisherSubscriber8.xml (RunModel)" time="0.03" />
  <testcase classname="ptolemy.util.test.junit.AutoTests" name="[290] /home/travis/build/icyphy/ptII/ptolemy/actor/lib/test/auto/PublisherSubscriber9.xml (RunModel)" time="0.015" />
  <testcase classname="ptolemy.util.test.junit.AutoTests" name="[291] /home/travis/build/icyphy/ptII/ptolemy/actor/lib/test/auto/PublisherSubscriberAdjacent.xml (RunModel)" time="0.062" />
  <testcase classname="ptolemy.util.test.junit.AutoTests" name="[292] /home/travis/build/icyphy/ptII/ptolemy/actor/lib/test/auto/PublisherSubscriberChannelVariablesAOC2.xml (RunModel)" time="0.024" />
  <testcase classname="ptolemy.util.test.junit.AutoTests" name="[293] /home/travis/build/icyphy/ptII/ptolemy/actor/lib/test/auto/PublisherSubscriberD3.xml (RunModel)" time="0.011" />
  <testcase classname="ptolemy.util.test.junit.AutoTests" name="[294] /home/travis/build/icyphy/ptII/ptolemy/actor/lib/test/auto/PublisherSubscriberD3Reverse.xml (RunModel)" time="0.01" />
  <testcase classname="ptolemy.util.test.junit.AutoTests" name="[295] /home/travis/build/icyphy/ptII/ptolemy/actor/lib/test/auto/PublisherSubscriberExpression.xml (RunModel)" time="0.014" />
  <testcase classname="ptolemy.util.test.junit.AutoTests" name="[296] /home/travis/build/icyphy/ptII/ptolemy/actor/lib/test/auto/PublisherSubscriberOpaque.xml (RunModel)" time="0.013" />
  <testcase classname="ptolemy.util.test.junit.AutoTests" name="[297] /home/travis/build/icyphy/ptII/ptolemy/actor/lib/test/auto/PublisherSubscriberOpaqueD3.xml (RunModel)" time="0.02" />
  <testcase classname="ptolemy.util.test.junit.AutoTests" name="[298] /home/travis/build/icyphy/ptII/ptolemy/actor/lib/test/auto/PublisherSubscriberOpaqueD3Reverse.xml (RunModel)" time="0.02" />
  <testcase classname="ptolemy.util.test.junit.AutoTests" name="[299] /home/travis/build/icyphy/ptII/ptolemy/actor/lib/test/auto/PublisherSubscriberOpaqueWidthInference.xml (RunModel)" time="0.013" />
  <testcase classname="ptolemy.util.test.junit.AutoTests" name="[300] /home/travis/build/icyphy/ptII/ptolemy/actor/lib/test/auto/PublisherTestSubscriber.xml (RunModel)" time="0.012" />
  <testcase classname="ptolemy.util.test.junit.AutoTests" name="[301] /home/travis/build/icyphy/ptII/ptolemy/actor/lib/test/auto/PublisherToplevelSubscriberPortAOC.xml (RunModel)" time="0.008" />
  <testcase classname="ptolemy.util.test.junit.AutoTests" name="[302] /home/travis/build/icyphy/ptII/ptolemy/actor/lib/test/auto/PulseFiringLimitDE.xml (RunModel)" time="0.012" />
  <testcase classname="ptolemy.util.test.junit.AutoTests" name="[303] /home/travis/build/icyphy/ptII/ptolemy/actor/lib/test/auto/Ramp1.xml (RunModel)" time="0.005" />
  <testcase classname="ptolemy.util.test.junit.AutoTests" name="[304] /home/travis/build/icyphy/ptII/ptolemy/actor/lib/test/auto/RampFiringLimitDE.xml (RunModel)" time="0.01" />
  <testcase classname="ptolemy.util.test.junit.AutoTests" name="[305] /home/travis/build/icyphy/ptII/ptolemy/actor/lib/test/auto/RampFiringLimitSDF.xml (RunModel)" time="0.007" />
  <testcase classname="ptolemy.util.test.junit.AutoTests" name="[306] /home/travis/build/icyphy/ptII/ptolemy/actor/lib/test/auto/RandomInteger.xml (RunModel)" time="0.007" />
  <testcase classname="ptolemy.util.test.junit.AutoTests" name="[307] /home/travis/build/icyphy/ptII/ptolemy/actor/lib/test/auto/ReadFile1.xml (RunModel)" time="0.007" />
  <testcase classname="ptolemy.util.test.junit.AutoTests" name="[308] /home/travis/build/icyphy/ptII/ptolemy/actor/lib/test/auto/ReadFile2.xml (RunModel)" time="0.006" />
  <testcase classname="ptolemy.util.test.junit.AutoTests" name="[309] /home/travis/build/icyphy/ptII/ptolemy/actor/lib/test/auto/Reader.xml (RunModel)" time="0.011" />
  <testcase classname="ptolemy.util.test.junit.AutoTests" name="[310] /home/travis/build/icyphy/ptII/ptolemy/actor/lib/test/auto/RecordAssemblerDisplayNameTest.xml (RunModel)" time="3.076" />
  <testcase classname="ptolemy.util.test.junit.AutoTests" name="[311] /home/travis/build/icyphy/ptII/ptolemy/actor/lib/test/auto/RecordAssemblerTypeError.xml (RunModel)" time="0.038" />
  <testcase classname="ptolemy.util.test.junit.AutoTests" name="[312] /home/travis/build/icyphy/ptII/ptolemy/actor/lib/test/auto/RecordDisassember.xml (RunModel)" time="0.009" />
  <testcase classname="ptolemy.util.test.junit.AutoTests" name="[313] /home/travis/build/icyphy/ptII/ptolemy/actor/lib/test/auto/RecordDisassemberDisplayNameTest.xml (RunModel)" time="0.018" />
  <testcase classname="ptolemy.util.test.junit.AutoTests" name="[314] /home/travis/build/icyphy/ptII/ptolemy/actor/lib/test/auto/RecordDisassembler.xml (RunModel)" time="0.011" />
  <testcase classname="ptolemy.util.test.junit.AutoTests" name="[315] /home/travis/build/icyphy/ptII/ptolemy/actor/lib/test/auto/RecordDisassembler2.xml (RunModel)" time="0.009" />
  <testcase classname="ptolemy.util.test.junit.AutoTests" name="[316] /home/travis/build/icyphy/ptII/ptolemy/actor/lib/test/auto/RecordUpdater.xml (RunModel)" time="0.007" />
  <testcase classname="ptolemy.util.test.junit.AutoTests" name="[317] /home/travis/build/icyphy/ptII/ptolemy/actor/lib/test/auto/RecordUpdater2.xml (RunModel)" time="0.006" />
  <testcase classname="ptolemy.util.test.junit.AutoTests" name="[318] /home/travis/build/icyphy/ptII/ptolemy/actor/lib/test/auto/RecursiveLattice.xml (RunModel)" time="0.006" />
  <testcase classname="ptolemy.util.test.junit.AutoTests" name="[319] /home/travis/build/icyphy/ptII/ptolemy/actor/lib/test/auto/Router.xml (RunModel)" time="3.021" />
  <testcase classname="ptolemy.util.test.junit.AutoTests" name="[320] /home/travis/build/icyphy/ptII/ptolemy/actor/lib/test/auto/Router2.xml (RunModel)" time="3.026" />
  <testcase classname="ptolemy.util.test.junit.AutoTests" name="[321] /home/travis/build/icyphy/ptII/ptolemy/actor/lib/test/auto/RunningMaximum.xml (RunModel)" time="0.018" />
  <testcase classname="ptolemy.util.test.junit.AutoTests" name="[322] /home/travis/build/icyphy/ptII/ptolemy/actor/lib/test/auto/RunningMinimum.xml (RunModel)" time="0.022" />
  <testcase classname="ptolemy.util.test.junit.AutoTests" name="[323] /home/travis/build/icyphy/ptII/ptolemy/actor/lib/test/auto/Scale.xml (RunModel)" time="0.008" />
  <testcase classname="ptolemy.util.test.junit.AutoTests" name="[324] /home/travis/build/icyphy/ptII/ptolemy/actor/lib/test/auto/Scale2.xml (RunModel)" time="0.007" />
  <testcase classname="ptolemy.util.test.junit.AutoTests" name="[325] /home/travis/build/icyphy/ptII/ptolemy/actor/lib/test/auto/Scale3.xml (RunModel)" time="0.01" />
  <testcase classname="ptolemy.util.test.junit.AutoTests" name="[326] /home/travis/build/icyphy/ptII/ptolemy/actor/lib/test/auto/ScaleArray.xml (RunModel)" time="0.005" />
  <testcase classname="ptolemy.util.test.junit.AutoTests" name="[327] /home/travis/build/icyphy/ptII/ptolemy/actor/lib/test/auto/ScaleArray2.xml (RunModel)" time="0.006" />
  <testcase classname="ptolemy.util.test.junit.AutoTests" name="[328] /home/travis/build/icyphy/ptII/ptolemy/actor/lib/test/auto/ScaleMatrix.xml (RunModel)" time="0.097" />
  <testcase classname="ptolemy.util.test.junit.AutoTests" name="[329] /home/travis/build/icyphy/ptII/ptolemy/actor/lib/test/auto/Select.xml (RunModel)" time="0.013" />
  <testcase classname="ptolemy.util.test.junit.AutoTests" name="[330] /home/travis/build/icyphy/ptII/ptolemy/actor/lib/test/auto/Select2.xml (RunModel)" time="0.007" />
  <testcase classname="ptolemy.util.test.junit.AutoTests" name="[331] /home/travis/build/icyphy/ptII/ptolemy/actor/lib/test/auto/SequenceToArray2.xml (RunModel)" time="0.116" />
  <testcase classname="ptolemy.util.test.junit.AutoTests" name="[332] /home/travis/build/icyphy/ptII/ptolemy/actor/lib/test/auto/SequentialClock.xml (RunModel)" time="0.008" />
  <testcase classname="ptolemy.util.test.junit.AutoTests" name="[333] /home/travis/build/icyphy/ptII/ptolemy/actor/lib/test/auto/SetVariable.xml (RunModel)" time="0.008" />
  <testcase classname="ptolemy.util.test.junit.AutoTests" name="[334] /home/travis/build/icyphy/ptII/ptolemy/actor/lib/test/auto/SetVariable2.xml (RunModel)" time="0.009" />
  <testcase classname="ptolemy.util.test.junit.AutoTests" name="[335] /home/travis/build/icyphy/ptII/ptolemy/actor/lib/test/auto/SetVariable3.xml (RunModel)" time="0.011" />
  <testcase classname="ptolemy.util.test.junit.AutoTests" name="[336] /home/travis/build/icyphy/ptII/ptolemy/actor/lib/test/auto/SetVariable4.xml (RunModel)" time="0.021" />
  <testcase classname="ptolemy.util.test.junit.AutoTests" name="[337] /home/travis/build/icyphy/ptII/ptolemy/actor/lib/test/auto/SetVariable5.xml (RunModel)" time="0.03" />
  <testcase classname="ptolemy.util.test.junit.AutoTests" name="[338] /home/travis/build/icyphy/ptII/ptolemy/actor/lib/test/auto/Sinewave.xml (RunModel)" time="0.027" />
  <testcase classname="ptolemy.util.test.junit.AutoTests" name="[339] /home/travis/build/icyphy/ptII/ptolemy/actor/lib/test/auto/Sinewave2.xml (RunModel)" time="0.014" />
  <testcase classname="ptolemy.util.test.junit.AutoTests" name="[340] /home/travis/build/icyphy/ptII/ptolemy/actor/lib/test/auto/Sinewave3.xml (RunModel)" time="0.017" />
  <testcase classname="ptolemy.util.test.junit.AutoTests" name="[341] /home/travis/build/icyphy/ptII/ptolemy/actor/lib/test/auto/SingleEvent.xml (RunModel)" time="0.006" />
  <testcase classname="ptolemy.util.test.junit.AutoTests" name="[342] /home/travis/build/icyphy/ptII/ptolemy/actor/lib/test/auto/Sleep.xml (RunModel)" time="6.012" />
  <testcase classname="ptolemy.util.test.junit.AutoTests" name="[343] /home/travis/build/icyphy/ptII/ptolemy/actor/lib/test/auto/SleepMultipleFire.xml (RunModel)" time="1.024" />
  <testcase classname="ptolemy.util.test.junit.AutoTests" name="[344] /home/travis/build/icyphy/ptII/ptolemy/actor/lib/test/auto/StopDE.xml (RunModel)" time="0.012" />
  <testcase classname="ptolemy.util.test.junit.AutoTests" name="[345] /home/travis/build/icyphy/ptII/ptolemy/actor/lib/test/auto/StopSDF.xml (RunModel)" time="0.056" />
  <testcase classname="ptolemy.util.test.junit.AutoTests" name="[346] /home/travis/build/icyphy/ptII/ptolemy/actor/lib/test/auto/StringConstant.xml (RunModel)" time="0.013" />
  <testcase classname="ptolemy.util.test.junit.AutoTests" name="[347] /home/travis/build/icyphy/ptII/ptolemy/actor/lib/test/auto/SubscriberPortInitialValues1.xml (RunModel)" time="0.019" />
  <testcase classname="ptolemy.util.test.junit.AutoTests" name="[348] /home/travis/build/icyphy/ptII/ptolemy/actor/lib/test/auto/SubscriberPortInitialValues13.xml (RunModel)" time="0.024" />
  <testcase classname="ptolemy.util.test.junit.AutoTests" name="[349] /home/travis/build/icyphy/ptII/ptolemy/actor/lib/test/auto/SubscriberPortInitialValues14.xml (RunModel)" time="0.012" />
  <testcase classname="ptolemy.util.test.junit.AutoTests" name="[350] /home/travis/build/icyphy/ptII/ptolemy/actor/lib/test/auto/SubscriberPortInitialValues2.xml (RunModel)" time="0.012" />
  <testcase classname="ptolemy.util.test.junit.AutoTests" name="[351] /home/travis/build/icyphy/ptII/ptolemy/actor/lib/test/auto/SubscriberPortInitialValues3.xml (RunModel)" time="0.015" />
  <testcase classname="ptolemy.util.test.junit.AutoTests" name="[352] /home/travis/build/icyphy/ptII/ptolemy/actor/lib/test/auto/SubscriptionAggregator.xml (RunModel)" time="0.009" />
  <testcase classname="ptolemy.util.test.junit.AutoTests" name="[353] /home/travis/build/icyphy/ptII/ptolemy/actor/lib/test/auto/SubscriptionAggregator2.xml (RunModel)" time="0.009" />
  <testcase classname="ptolemy.util.test.junit.AutoTests" name="[354] /home/travis/build/icyphy/ptII/ptolemy/actor/lib/test/auto/SubscriptionAggregator3.xml (RunModel)" time="0.012" />
  <testcase classname="ptolemy.util.test.junit.AutoTests" name="[355] /home/travis/build/icyphy/ptII/ptolemy/actor/lib/test/auto/SubscriptionAggregatorMultiply.xml (RunModel)" time="0.011" />
  <testcase classname="ptolemy.util.test.junit.AutoTests" name="[356] /home/travis/build/icyphy/ptII/ptolemy/actor/lib/test/auto/SubscriptionAggregatorPortMultiply1.xml (RunModel)" time="0.01" />
  <testcase classname="ptolemy.util.test.junit.AutoTests" name="[357] /home/travis/build/icyphy/ptII/ptolemy/actor/lib/test/auto/Switch.xml (RunModel)" time="0.015" />
  <testcase classname="ptolemy.util.test.junit.AutoTests" name="[358] /home/travis/build/icyphy/ptII/ptolemy/actor/lib/test/auto/Switch2.xml (RunModel)" time="0.01" />
  <testcase classname="ptolemy.util.test.junit.AutoTests" name="[359] /home/travis/build/icyphy/ptII/ptolemy/actor/lib/test/auto/SwitchDE.xml (RunModel)" time="0.011" />
  <testcase classname="ptolemy.util.test.junit.AutoTests" name="[360] /home/travis/build/icyphy/ptII/ptolemy/actor/lib/test/auto/SynchronizerDE.xml (RunModel)" time="0.02" />
  <testcase classname="ptolemy.util.test.junit.AutoTests" name="[361] /home/travis/build/icyphy/ptII/ptolemy/actor/lib/test/auto/Test.xml (RunModel)" time="0.007" />
  <testcase classname="ptolemy.util.test.junit.AutoTests" name="[362] /home/travis/build/icyphy/ptII/ptolemy/actor/lib/test/auto/TestExceptionAttribute1.xml (RunModel)" time="0.005" />
  <testcase classname="ptolemy.util.test.junit.AutoTests" name="[363] /home/travis/build/icyphy/ptII/ptolemy/actor/lib/test/auto/TestExceptionAttribute2.xml (RunModel)" time="0.007" />
  <testcase classname="ptolemy.util.test.junit.AutoTests" name="[364] /home/travis/build/icyphy/ptII/ptolemy/actor/lib/test/auto/TestExceptionAttribute3.xml (RunModel)" time="0.009" />
  <testcase classname="ptolemy.util.test.junit.AutoTests" name="[365] /home/travis/build/icyphy/ptII/ptolemy/actor/lib/test/auto/TestExceptionAttribute4.xml (RunModel)" time="0.006" />
  <testcase classname="ptolemy.util.test.junit.AutoTests" name="[366] /home/travis/build/icyphy/ptII/ptolemy/actor/lib/test/auto/TestExceptionHandler1.xml (RunModel)" time="0.005" />
  <testcase classname="ptolemy.util.test.junit.AutoTests" name="[367] /home/travis/build/icyphy/ptII/ptolemy/actor/lib/test/auto/TestExceptionHandler2.xml (RunModel)" time="0.009" />
  <testcase classname="ptolemy.util.test.junit.AutoTests" name="[368] /home/travis/build/icyphy/ptII/ptolemy/actor/lib/test/auto/TestExceptionHandler3.xml (RunModel)" time="0.004" />
  <testcase classname="ptolemy.util.test.junit.AutoTests" name="[369] /home/travis/build/icyphy/ptII/ptolemy/actor/lib/test/auto/TestExceptionHandler4.xml (RunModel)" time="0.004" />
  <testcase classname="ptolemy.util.test.junit.AutoTests" name="[370] /home/travis/build/icyphy/ptII/ptolemy/actor/lib/test/auto/TestRequireCorrectOrder.xml (RunModel)" time="0.01" />
  <testcase classname="ptolemy.util.test.junit.AutoTests" name="[371] /home/travis/build/icyphy/ptII/ptolemy/actor/lib/test/auto/TestSimple.xml (RunModel)" time="0.005" />
  <testcase classname="ptolemy.util.test.junit.AutoTests" name="[372] /home/travis/build/icyphy/ptII/ptolemy/actor/lib/test/auto/ThrowModelError.xml (RunModel)" time="0.008" />
  <testcase classname="ptolemy.util.test.junit.AutoTests" name="[373] /home/travis/build/icyphy/ptII/ptolemy/actor/lib/test/auto/TimeDelayMicrosteps.xml (RunModel)" time="0.01" />
  <testcase classname="ptolemy.util.test.junit.AutoTests" name="[374] /home/travis/build/icyphy/ptII/ptolemy/actor/lib/test/auto/TimeDelayMicrosteps2.xml (RunModel)" time="0.012" />
  <testcase classname="ptolemy.util.test.junit.AutoTests" name="[375] /home/travis/build/icyphy/ptII/ptolemy/actor/lib/test/auto/TimeDelayMicrosteps3.xml (RunModel)" time="0.009" />
  <testcase classname="ptolemy.util.test.junit.AutoTests" name="[376] /home/travis/build/icyphy/ptII/ptolemy/actor/lib/test/auto/TimeDelayVariableMicrosteps.xml (RunModel)" time="0.009" />
  <testcase classname="ptolemy.util.test.junit.AutoTests" name="[377] /home/travis/build/icyphy/ptII/ptolemy/actor/lib/test/auto/TimeGap.xml (RunModel)" time="0.012" />
  <testcase classname="ptolemy.util.test.junit.AutoTests" name="[378] /home/travis/build/icyphy/ptII/ptolemy/actor/lib/test/auto/TimeGap2.xml (RunModel)" time="0.008" />
  <testcase classname="ptolemy.util.test.junit.AutoTests" name="[379] /home/travis/build/icyphy/ptII/ptolemy/actor/lib/test/auto/TimedSinewave.xml (RunModel)" time="0.05" />
  <testcase classname="ptolemy.util.test.junit.AutoTests" name="[380] /home/travis/build/icyphy/ptII/ptolemy/actor/lib/test/auto/TimedSinewavePhase.xml (RunModel)" time="0.029" />
  <testcase classname="ptolemy.util.test.junit.AutoTests" name="[381] /home/travis/build/icyphy/ptII/ptolemy/actor/lib/test/auto/Timer.xml (RunModel)" time="0.012" />
  <testcase classname="ptolemy.util.test.junit.AutoTests" name="[382] /home/travis/build/icyphy/ptII/ptolemy/actor/lib/test/auto/TriangularDistTestModel.xml (RunModel)" time="0.013" />
  <testcase classname="ptolemy.util.test.junit.AutoTests" name="[383] /home/travis/build/icyphy/ptII/ptolemy/actor/lib/test/auto/TrigFunction.xml (RunModel)" time="0.007" />
  <testcase classname="ptolemy.util.test.junit.AutoTests" name="[384] /home/travis/build/icyphy/ptII/ptolemy/actor/lib/test/auto/TrigFunctionDE.xml (RunModel)" time="0.012" />
  <testcase classname="ptolemy.util.test.junit.AutoTests" name="[385] /home/travis/build/icyphy/ptII/ptolemy/actor/lib/test/auto/TrigFunctionInverse.xml (RunModel)" time="0.007" />
  <testcase classname="ptolemy.util.test.junit.AutoTests" name="[386] /home/travis/build/icyphy/ptII/ptolemy/actor/lib/test/auto/TrigFunctionTan.xml (RunModel)" time="0.005" />
  <testcase classname="ptolemy.util.test.junit.AutoTests" name="[387] /home/travis/build/icyphy/ptII/ptolemy/actor/lib/test/auto/TriggeredClock.xml (RunModel)" time="0.008" />
  <testcase classname="ptolemy.util.test.junit.AutoTests" name="[388] /home/travis/build/icyphy/ptII/ptolemy/actor/lib/test/auto/URLDirectoryReader.xml (RunModel)" time="0.109" />
  <testcase classname="ptolemy.util.test.junit.AutoTests" name="[389] /home/travis/build/icyphy/ptII/ptolemy/actor/lib/test/auto/URLDirectoryReader3.xml (RunModel)" time="1.791" />
  <testcase classname="ptolemy.util.test.junit.AutoTests" name="[390] /home/travis/build/icyphy/ptII/ptolemy/actor/lib/test/auto/UnaryMathFunction.xml (RunModel)" time="0.026" />
  <testcase classname="ptolemy.util.test.junit.AutoTests" name="[391] /home/travis/build/icyphy/ptII/ptolemy/actor/lib/test/auto/Uniform.xml (RunModel)" time="0.021" />
  <testcase classname="ptolemy.util.test.junit.AutoTests" name="[392] /home/travis/build/icyphy/ptII/ptolemy/actor/lib/test/auto/UnionDisassemblerTest.xml (RunModel)" time="0.014" />
  <testcase classname="ptolemy.util.test.junit.AutoTests" name="[393] /home/travis/build/icyphy/ptII/ptolemy/actor/lib/test/auto/UtilityFunctions.xml (RunModel)" time="0.006" />
  <testcase classname="ptolemy.util.test.junit.AutoTests" name="[394] /home/travis/build/icyphy/ptII/ptolemy/actor/lib/test/auto/VariableSleep.xml (RunModel)" time="0.509" />
  <testcase classname="ptolemy.util.test.junit.AutoTests" name="[395] /home/travis/build/icyphy/ptII/ptolemy/actor/lib/test/auto/VectorAssemblerDisassemblerCT.xml (RunModel)" time="0.096" />
  <testcase classname="ptolemy.util.test.junit.AutoTests" name="[396] /home/travis/build/icyphy/ptII/ptolemy/actor/lib/test/auto/VectorAssemblerDisassemblerDE.xml (RunModel)" time="0.014" />
  <testcase classname="ptolemy.util.test.junit.AutoTests" name="[397] /home/travis/build/icyphy/ptII/ptolemy/actor/lib/test/auto/VectorAssemblerDisassemblerSDF.xml (RunModel)" time="0.01" />
  <testcase classname="ptolemy.util.test.junit.AutoTests" name="[398] /home/travis/build/icyphy/ptII/ptolemy/actor/lib/test/auto/WallClockTime.xml (RunModel)" time="1.01" />
  <testcase classname="ptolemy.util.test.junit.AutoTests" name="[399] /home/travis/build/icyphy/ptII/ptolemy/actor/lib/test/auto/WidthTestWithSubscriberPublisher.xml (RunModel)" time="0.069" />
  <testcase classname="ptolemy.util.test.junit.AutoTests" name="[400] /home/travis/build/icyphy/ptII/ptolemy/actor/lib/test/auto/WidthTestWithSubscriberPublisher2.xml (RunModel)" time="0.03" />
  <testcase classname="ptolemy.util.test.junit.AutoTests" name="[401] /home/travis/build/icyphy/ptII/ptolemy/actor/lib/test/auto/WidthTestWithSubscriberPublisher3.xml (RunModel)" time="0.03" />
  <testcase classname="ptolemy.util.test.junit.AutoTests" name="[402] /home/travis/build/icyphy/ptII/ptolemy/actor/lib/test/auto/Writer.xml (RunModel)" time="0.038" />
  <testcase classname="ptolemy.util.test.junit.AutoTests" name="[403] /home/travis/build/icyphy/ptII/ptolemy/actor/lib/test/auto/array.xml (RunModel)" time="0.036" />
  <testcase classname="ptolemy.util.test.junit.AutoTests" name="[404] /home/travis/build/icyphy/ptII/ptolemy/actor/lib/test/auto/array2.xml (RunModel)" time="0.024" />
  <testcase classname="ptolemy.util.test.junit.AutoTests" name="[405] /home/travis/build/icyphy/ptII/ptolemy/actor/lib/test/auto/arrayType.xml (RunModel)" time="0.009" />
  <testcase classname="ptolemy.util.test.junit.AutoTests" name="[406] /home/travis/build/icyphy/ptII/ptolemy/actor/lib/test/auto/arrayType10.xml (RunModel)" time="0.007" />
  <testcase classname="ptolemy.util.test.junit.AutoTests" name="[407] /home/travis/build/icyphy/ptII/ptolemy/actor/lib/test/auto/arrayType11.xml (RunModel)" time="0.006" />
  <testcase classname="ptolemy.util.test.junit.AutoTests" name="[408] /home/travis/build/icyphy/ptII/ptolemy/actor/lib/test/auto/arrayType12.xml (RunModel)" time="0.007" />
  <testcase classname="ptolemy.util.test.junit.AutoTests" name="[409] /home/travis/build/icyphy/ptII/ptolemy/actor/lib/test/auto/arrayType13.xml (RunModel)" time="0.006" />
  <testcase classname="ptolemy.util.test.junit.AutoTests" name="[410] /home/travis/build/icyphy/ptII/ptolemy/actor/lib/test/auto/arrayType14.xml (RunModel)" time="0.006" />
  <testcase classname="ptolemy.util.test.junit.AutoTests" name="[411] /home/travis/build/icyphy/ptII/ptolemy/actor/lib/test/auto/arrayType15.xml (RunModel)" time="0.008" />
  <testcase classname="ptolemy.util.test.junit.AutoTests" name="[412] /home/travis/build/icyphy/ptII/ptolemy/actor/lib/test/auto/arrayType16.xml (RunModel)" time="0.007" />
  <testcase classname="ptolemy.util.test.junit.AutoTests" name="[413] /home/travis/build/icyphy/ptII/ptolemy/actor/lib/test/auto/arrayType17.xml (RunModel)" time="0.007" />
  <testcase classname="ptolemy.util.test.junit.AutoTests" name="[414] /home/travis/build/icyphy/ptII/ptolemy/actor/lib/test/auto/arrayType18.xml (RunModel)" time="0.006" />
  <testcase classname="ptolemy.util.test.junit.AutoTests" name="[415] /home/travis/build/icyphy/ptII/ptolemy/actor/lib/test/auto/arrayType19.xml (RunModel)" time="0.006" />
  <testcase classname="ptolemy.util.test.junit.AutoTests" name="[416] /home/travis/build/icyphy/ptII/ptolemy/actor/lib/test/auto/arrayType2.xml (RunModel)" time="0.007" />
  <testcase classname="ptolemy.util.test.junit.AutoTests" name="[417] /home/travis/build/icyphy/ptII/ptolemy/actor/lib/test/auto/arrayType20.xml (RunModel)" time="0.007" />
  <testcase classname="ptolemy.util.test.junit.AutoTests" name="[418] /home/travis/build/icyphy/ptII/ptolemy/actor/lib/test/auto/arrayType21.xml (RunModel)" time="0.005" />
  <testcase classname="ptolemy.util.test.junit.AutoTests" name="[419] /home/travis/build/icyphy/ptII/ptolemy/actor/lib/test/auto/arrayType22.xml (RunModel)" time="0.006" />
  <testcase classname="ptolemy.util.test.junit.AutoTests" name="[420] /home/travis/build/icyphy/ptII/ptolemy/actor/lib/test/auto/arrayType23.xml (RunModel)" time="0.007" />
  <testcase classname="ptolemy.util.test.junit.AutoTests" name="[421] /home/travis/build/icyphy/ptII/ptolemy/actor/lib/test/auto/arrayType24.xml (RunModel)" time="0.006" />
  <testcase classname="ptolemy.util.test.junit.AutoTests" name="[422] /home/travis/build/icyphy/ptII/ptolemy/actor/lib/test/auto/arrayType25.xml (RunModel)" time="0.006" />
  <testcase classname="ptolemy.util.test.junit.AutoTests" name="[423] /home/travis/build/icyphy/ptII/ptolemy/actor/lib/test/auto/arrayType26.xml (RunModel)" time="0.008" />
  <testcase classname="ptolemy.util.test.junit.AutoTests" name="[424] /home/travis/build/icyphy/ptII/ptolemy/actor/lib/test/auto/arrayType27.xml (RunModel)" time="0.007" />
  <testcase classname="ptolemy.util.test.junit.AutoTests" name="[425] /home/travis/build/icyphy/ptII/ptolemy/actor/lib/test/auto/arrayType28.xml (RunModel)" time="0.008" />
  <testcase classname="ptolemy.util.test.junit.AutoTests" name="[426] /home/travis/build/icyphy/ptII/ptolemy/actor/lib/test/auto/arrayType3.xml (RunModel)" time="0.009" />
  <testcase classname="ptolemy.util.test.junit.AutoTests" name="[427] /home/travis/build/icyphy/ptII/ptolemy/actor/lib/test/auto/arrayType4.xml (RunModel)" time="0.007" />
  <testcase classname="ptolemy.util.test.junit.AutoTests" name="[428] /home/travis/build/icyphy/ptII/ptolemy/actor/lib/test/auto/arrayType5.xml (RunModel)" time="0.008" />
  <testcase classname="ptolemy.util.test.junit.AutoTests" name="[429] /home/travis/build/icyphy/ptII/ptolemy/actor/lib/test/auto/arrayType6.xml (RunModel)" time="0.005" />
  <testcase classname="ptolemy.util.test.junit.AutoTests" name="[430] /home/travis/build/icyphy/ptII/ptolemy/actor/lib/test/auto/arrayType7.xml (RunModel)" time="0.009" />
  <testcase classname="ptolemy.util.test.junit.AutoTests" name="[431] /home/travis/build/icyphy/ptII/ptolemy/actor/lib/test/auto/arrayType8.xml (RunModel)" time="0.009" />
  <testcase classname="ptolemy.util.test.junit.AutoTests" name="[432] /home/travis/build/icyphy/ptII/ptolemy/actor/lib/test/auto/arrayType9.xml (RunModel)" time="0.006" />
  <testcase classname="ptolemy.util.test.junit.AutoTests" name="[433] /home/travis/build/icyphy/ptII/ptolemy/actor/lib/test/auto/cast.xml (RunModel)" time="0.014" />
  <testcase classname="ptolemy.util.test.junit.AutoTests" name="[434] /home/travis/build/icyphy/ptII/ptolemy/actor/lib/test/auto/compositeMultiPort.xml (RunModel)" time="0.02" />
  <testcase classname="ptolemy.util.test.junit.AutoTests" name="[435] /home/travis/build/icyphy/ptII/ptolemy/actor/lib/test/auto/expressionCastInference.xml (RunModel)" time="0.006" />
  <testcase classname="ptolemy.util.test.junit.AutoTests" name="[436] /home/travis/build/icyphy/ptII/ptolemy/actor/lib/test/auto/expressionCastInference2.xml (RunModel)" time="0.006" />
  <testcase classname="ptolemy.util.test.junit.AutoTests" name="[437] /home/travis/build/icyphy/ptII/ptolemy/actor/lib/test/auto/expressionInference.xml (RunModel)" time="0.005" />
  <testcase classname="ptolemy.util.test.junit.AutoTests" name="[438] /home/travis/build/icyphy/ptII/ptolemy/actor/lib/test/auto/expression_bug.xml (RunModel)" time="0.005" />
  <testcase classname="ptolemy.util.test.junit.AutoTests" name="[439] /home/travis/build/icyphy/ptII/ptolemy/actor/lib/test/auto/factorial.xml (RunModel)" time="0.041" />
  <testcase classname="ptolemy.util.test.junit.AutoTests" name="[440] /home/travis/build/icyphy/ptII/ptolemy/actor/lib/test/auto/filterTest1.xml (RunModel)" time="0.01" />
  <testcase classname="ptolemy.util.test.junit.AutoTests" name="[441] /home/travis/build/icyphy/ptII/ptolemy/actor/lib/test/auto/funcApplyInConst.xml (RunModel)" time="0.005" />
  <testcase classname="ptolemy.util.test.junit.AutoTests" name="[442] /home/travis/build/icyphy/ptII/ptolemy/actor/lib/test/auto/funcApplyInExpr.xml (RunModel)" time="0.007" />
  <testcase classname="ptolemy.util.test.junit.AutoTests" name="[443] /home/travis/build/icyphy/ptII/ptolemy/actor/lib/test/auto/function.xml (RunModel)" time="0.008" />
  <testcase classname="ptolemy.util.test.junit.AutoTests" name="[444] /home/travis/build/icyphy/ptII/ptolemy/actor/lib/test/auto/function2.xml (RunModel)" time="0.008" />
  <testcase classname="ptolemy.util.test.junit.AutoTests" name="[445] /home/travis/build/icyphy/ptII/ptolemy/actor/lib/test/auto/function3.xml (RunModel)" time="0.005" />
  <testcase classname="ptolemy.util.test.junit.AutoTests" name="[446] /home/travis/build/icyphy/ptII/ptolemy/actor/lib/test/auto/functionClosureTest1.xml (RunModel)" time="0.008" />
  <testcase classname="ptolemy.util.test.junit.AutoTests" name="[447] /home/travis/build/icyphy/ptII/ptolemy/actor/lib/test/auto/functionClosureTest2.xml (RunModel)" time="0.005" />
  <testcase classname="ptolemy.util.test.junit.AutoTests" name="[448] /home/travis/build/icyphy/ptII/ptolemy/actor/lib/test/auto/functionClosureTest3.xml (RunModel)" time="0.007" />
  <testcase classname="ptolemy.util.test.junit.AutoTests" name="[449] /home/travis/build/icyphy/ptII/ptolemy/actor/lib/test/auto/functionClosureTest4.xml (RunModel)" time="0.013" />
  <testcase classname="ptolemy.util.test.junit.AutoTests" name="[450] /home/travis/build/icyphy/ptII/ptolemy/actor/lib/test/auto/functionClosureTest5.xml (RunModel)" time="0.009" />
  <testcase classname="ptolemy.util.test.junit.AutoTests" name="[451] /home/travis/build/icyphy/ptII/ptolemy/actor/lib/test/auto/functionClosureTest6.xml (RunModel)" time="0.006" />
  <testcase classname="ptolemy.util.test.junit.AutoTests" name="[452] /home/travis/build/icyphy/ptII/ptolemy/actor/lib/test/auto/functionsOnArcs.xml (RunModel)" time="0.008" />
  <testcase classname="ptolemy.util.test.junit.AutoTests" name="[453] /home/travis/build/icyphy/ptII/ptolemy/actor/lib/test/auto/functionsOnArcsHOF.xml (RunModel)" time="0.009" />
  <testcase classname="ptolemy.util.test.junit.AutoTests" name="[454] /home/travis/build/icyphy/ptII/ptolemy/actor/lib/test/auto/logic.xml (RunModel)" time="0.015" />
  <testcase classname="ptolemy.util.test.junit.AutoTests" name="[455] /home/travis/build/icyphy/ptII/ptolemy/actor/lib/test/auto/matrixType.xml (RunModel)" time="0.006" />
  <testcase classname="ptolemy.util.test.junit.AutoTests" name="[456] /home/travis/build/icyphy/ptII/ptolemy/actor/lib/test/auto/matrixType10.xml (RunModel)" time="0.007" />
  <testcase classname="ptolemy.util.test.junit.AutoTests" name="[457] /home/travis/build/icyphy/ptII/ptolemy/actor/lib/test/auto/matrixType11.xml (RunModel)" time="0.006" />
  <testcase classname="ptolemy.util.test.junit.AutoTests" name="[458] /home/travis/build/icyphy/ptII/ptolemy/actor/lib/test/auto/matrixType12.xml (RunModel)" time="0.008" />
  <testcase classname="ptolemy.util.test.junit.AutoTests" name="[459] /home/travis/build/icyphy/ptII/ptolemy/actor/lib/test/auto/matrixType13.xml (RunModel)" time="0.073" />
  <testcase classname="ptolemy.util.test.junit.AutoTests" name="[460] /home/travis/build/icyphy/ptII/ptolemy/actor/lib/test/auto/matrixType14.xml (RunModel)" time="0.032" />
  <testcase classname="ptolemy.util.test.junit.AutoTests" name="[461] /home/travis/build/icyphy/ptII/ptolemy/actor/lib/test/auto/matrixType2.xml (RunModel)" time="0.028" />
  <testcase classname="ptolemy.util.test.junit.AutoTests" name="[462] /home/travis/build/icyphy/ptII/ptolemy/actor/lib/test/auto/matrixType3.xml (RunModel)" time="0.048" />
  <testcase classname="ptolemy.util.test.junit.AutoTests" name="[463] /home/travis/build/icyphy/ptII/ptolemy/actor/lib/test/auto/matrixType4.xml (RunModel)" time="0.029" />
  <testcase classname="ptolemy.util.test.junit.AutoTests" name="[464] /home/travis/build/icyphy/ptII/ptolemy/actor/lib/test/auto/matrixType5.xml (RunModel)" time="0.029" />
  <testcase classname="ptolemy.util.test.junit.AutoTests" name="[465] /home/travis/build/icyphy/ptII/ptolemy/actor/lib/test/auto/matrixType6.xml (RunModel)" time="0.009" />
  <testcase classname="ptolemy.util.test.junit.AutoTests" name="[466] /home/travis/build/icyphy/ptII/ptolemy/actor/lib/test/auto/matrixType7.xml (RunModel)" time="0.006" />
  <testcase classname="ptolemy.util.test.junit.AutoTests" name="[467] /home/travis/build/icyphy/ptII/ptolemy/actor/lib/test/auto/matrixType8.xml (RunModel)" time="0.006" />
  <testcase classname="ptolemy.util.test.junit.AutoTests" name="[468] /home/travis/build/icyphy/ptII/ptolemy/actor/lib/test/auto/matrixType9.xml (RunModel)" time="0.007" />
  <testcase classname="ptolemy.util.test.junit.AutoTests" name="[469] /home/travis/build/icyphy/ptII/ptolemy/actor/lib/test/auto/paraFunctest.xml (RunModel)" time="0.006" />
  <testcase classname="ptolemy.util.test.junit.AutoTests" name="[470] /home/travis/build/icyphy/ptII/ptolemy/actor/lib/test/auto/paraFunctest2.xml (RunModel)" time="0.007" />
  <testcase classname="ptolemy.util.test.junit.AutoTests" name="[471] /home/travis/build/icyphy/ptII/ptolemy/actor/lib/test/auto/parameterPassing.xml (RunModel)" time="0.01" />
  <testcase classname="ptolemy.util.test.junit.AutoTests" name="[472] /home/travis/build/icyphy/ptII/ptolemy/actor/lib/test/auto/record.xml (RunModel)" time="0.007" />
  <testcase classname="ptolemy.util.test.junit.AutoTests" name="[473] /home/travis/build/icyphy/ptII/ptolemy/actor/lib/test/auto/sizedarray1.xml (RunModel)" time="0.007" />
  <testcase classname="ptolemy.util.test.junit.AutoTests" name="[474] /home/travis/build/icyphy/ptII/ptolemy/actor/lib/test/auto/sizedarray2.xml (RunModel)" time="0.008" />
  <testcase classname="ptolemy.util.test.junit.AutoTests" name="[475] /home/travis/build/icyphy/ptII/ptolemy/actor/lib/test/auto/twoPublishers.xml (RunModel)" time="0.021" />
  <system-out><![CDATA[/home/travis/build/icyphy/ptII/ptolemy/actor/lib/test/AbsoluteValue.tcl
testDefs.tcl: setting time out to 9000 seconds at Sat Jun 06 14:38:09 UTC 2020
102 ms. Memory: 129024K Free: 93126K (72%)
4 ms. Memory: 129024K Free: 91078K (71%)
4 ms. Memory: 129024K Free: 90564K (70%)
10 ms. Memory: 129024K Free: 89534K (69%)
/home/travis/build/icyphy/ptII/ptolemy/actor/lib/test/AddSubtract.tcl
21 ms. Memory: 129024K Free: 87478K (68%)
5 ms. Memory: 129024K Free: 86982K (67%)
10 ms. Memory: 129024K Free: 85958K (67%)
16 ms. Memory: 129024K Free: 85430K (66%)
69 ms. Memory: 129024K Free: 82372K (64%)
4 ms. Memory: 129024K Free: 81862K (63%)
/home/travis/build/icyphy/ptII/ptolemy/actor/lib/test/Average.tcl
9 ms. Memory: 129024K Free: 79814K (62%)
5 ms. Memory: 129024K Free: 78790K (61%)
/home/travis/build/icyphy/ptII/ptolemy/actor/lib/test/Bernoulli.tcl
4 ms. Memory: 129024K Free: 77252K (60%)
1 ms. Memory: 129024K Free: 76742K (59%)
/home/travis/build/icyphy/ptII/ptolemy/actor/lib/test/Clock.tcl
preinitializing
resolving types
initializing
executing number 1
wrapping up
idle
25 ms. Memory: 129024K Free: 74180K (57%)
Completed execution with 5 iterations
preinitializing
resolving types
initializing
executing number 1
wrapping up
idle
3 ms. Memory: 129024K Free: 73142K (57%)
Completed execution with 5 iterations
preinitializing
resolving types
initializing
executing number 1
wrapping up
idle
3 ms. Memory: 129024K Free: 72646K (56%)
Completed execution with 5 iterations
/home/travis/build/icyphy/ptII/ptolemy/actor/lib/test/Commutator.tcl
12 ms. Memory: 129024K Free: 70598K (55%)
5 ms. Memory: 129024K Free: 69574K (54%)
13 ms. Memory: 129024K Free: 63926K (50%)
/home/travis/build/icyphy/ptII/ptolemy/actor/lib/test/Const.tcl
3 ms. Memory: 129024K Free: 62406K (48%)
2 ms. Memory: 129024K Free: 61862K (48%)
3 ms. Memory: 129024K Free: 61382K (48%)
2 ms. Memory: 129024K Free: 60854K (47%)
2 ms. Memory: 129024K Free: 60358K (47%)
11 ms. Memory: 129024K Free: 58820K (46%)
4 ms. Memory: 129024K Free: 57286K (44%)
3 ms. Memory: 129024K Free: 56758K (44%)
/home/travis/build/icyphy/ptII/ptolemy/actor/lib/test/CurrentTime.tcl
preinitializing
resolving types
initializing
executing number 1
wrapping up
idle
14 ms. Memory: 129024K Free: 54710K (42%)
Completed execution with 11 iterations
/home/travis/build/icyphy/ptII/ptolemy/actor/lib/test/DB.tcl
4 ms. Memory: 129024K Free: 53190K (41%)
2 ms. Memory: 129024K Free: 52673K (41%)
2 ms. Memory: 129024K Free: 52166K (40%)
/home/travis/build/icyphy/ptII/ptolemy/actor/lib/test/DiscreteRandomSource.tcl
preinitializing
resolving types
initializing
executing number 1
wrapping up
idle
13 ms. Memory: 129024K Free: 50614K (39%)
Completed execution with 4 iterations
preinitializing
resolving types
initializing
executing number 1
wrapping up
idle
2 ms. Memory: 129024K Free: 50118K (39%)
Completed execution with 4 iterations
preinitializing
resolving types
initializing
executing number 1
wrapping up
idle
11 ms. Memory: 129024K Free: 49598K (38%)
Completed execution with 4 iterations
preinitializing
resolving types
initializing
executing number 1
wrapping up
idle
3 ms. Memory: 129024K Free: 49094K (38%)
Completed execution with 4 iterations
preinitializing
resolving types
initializing
executing number 1
wrapping up
idle
16 ms. Memory: 129024K Free: 48070K (37%)
Completed execution with 4 iterations
/home/travis/build/icyphy/ptII/ptolemy/actor/lib/test/Distributor.tcl
11 ms. Memory: 129024K Free: 113167K (88%)
14 ms. Memory: 129024K Free: 112603K (87%)
StreamChangeRequest.changeExecuted(): <deleteEntity name="rec2"/> succeeded
StreamChangeRequest.changeExecuted(): <deleteRelation name="r2"/> succeeded
StreamChangeRequest.changeExecuted(): Record firings per iteration succeeded
9 ms. Memory: 129024K Free: 110087K (85%)
/home/travis/build/icyphy/ptII/ptolemy/actor/lib/test/Exit.tcl
Exit.tcl: this will print a message about Manager.exitAfterWrapup, which can be ignored.
13 ms. Memory: 129024K Free: 107126K (83%)
/home/travis/build/icyphy/ptII/ptolemy/actor/lib/test/Expression.tcl
11 ms. Memory: 129024K Free: 103513K (80%)
3 ms. Memory: 129024K Free: 102941K (80%)
2 ms. Memory: 129024K Free: 102481K (79%)
preinitializing
resolving types
initializing
executing number 1
wrapping up
idle
5 ms. Memory: 129024K Free: 100871K (78%)
Completed execution with 6 iterations
2 ms. Memory: 129024K Free: 99869K (77%)
3 ms. Memory: 129024K Free: 99409K (77%)
4 ms. Memory: 129024K Free: 97791K (76%)
3 ms. Memory: 129024K Free: 96783K (75%)
8 ms. Memory: 129024K Free: 95259K (74%)
/home/travis/build/icyphy/ptII/ptolemy/actor/lib/test/Gaussian.tcl
9 ms. Memory: 129024K Free: 93703K (73%)
sleeping 1 seconds: ....................................................................................................................................................................................................................................................................................................................................................................................................................................................................................................................................................................................................................................................................................................................................................................................................................................................................................................................................................................................................................................................................................................................................................................................................................................................................................................................................................................................................................................................................................................................................................................................................................................................................................................................................................................................................................................................................................................................................................................................................................................................................................................................................................................................................................................................................................................................................................................................................................................................................................................................................................................................................................................................................................................................................................................................................................................................................................................................................................................................................................................................................................................................................................................................................................................................................................................................................................................................................................................................................................................................................................................................................................................................................................................................................................................................................................................................................................................................................................................................................................................................................................................................................................................................................................................................................................................................................................................................................................................................................................................................................................................................................................................................................................................................................................................................................................................................................................................................................................................................................................................................................................................................................................................................................................................................................................................................................................................................................................................................................................................................................................................................................................................................................................................................................................................................................................................................................................................................................................................................................................................................................................................................................................................................................................................................................................................................................................................................................................................................................................................................................................................................................................................................................................................................................................................................................................................................................................................................................................................................................................................................................................................................................................................................................................................................................................................................................................................................................................................................................................................................................................................................................................................................................................................................................................................................................................................................................................................................................................................................................................................................................................................................................................................................................................................................................................................................................................................................................................................................................................................................................................................................................................................................................................................................................................................................................................................................................................................................................................................................................................................................................................................................................................................................................................................................................................................................................................................................................................................................................................................................................................................................................................................................................................................................................................................................................................................................................................................................................................................................................................................................................................................................................................................................................................................................................................................................................................................................................................................................................................................................................................................................................................................................................................................................................................................................................................................................................................................................................................................................................................................................................................................................................................................................................................................................................................................................................................................................................................................................................................................................................................................................................................................................................................................................................................................................................................................................................................................................................................................................................................................................................................................................................................................................................................................................................................................................................................................................................................................................................................................................................................................................................................................................................................................................................................................................................................................................................................................................................................................................................................................................................................................................................................................................................................................................................................................................................................................................................................................................................................................................................................................................................................................................................................................................................................................................................................................................................................................................................................................................................................................................................................................................................................................................................................................................................................................................................................................................................................................................................................................................................................................................................................................................................................................................................................................................................................................................................................................................................................................................................................................................................................................................................................................................................................................................................................................................................................................................................................................................................................................................................................................................................................................................................................................................................................................................................................................................................................................................................................................................................................................................................................................................................................................................................................................................................................................................................................................................................................................................................................................................................................................................................................................................................................................................................................................................................................................................................................................................................................................................................................................................................................................................................................................................................................................................................................................................................................................................................................................................................................................................................................................................................................................................................................................................................................................................................................................................................................................................................................................................................................................................................................................................................................................................................................................................................................................................................................................................................................................................................................................................................................................................................................................................................................................................................................................................................................................................................................................................................................................................................................................................................................................................................................................................................................................................................................................................................................................................................................................................................................................................................................................................................................................................................................................................................................................................................................................................................................................................................................................................................................................................................................................................................................................................................................................................................................................................................................................................................................................................................................................................................................................................................................................................................................................................................................................................................................................................................................................................................................................................................................................................................................................................................................................................................................................................................................................................................................................................................................................................................................................................................................................................................................................................................................................................................................................................................................................................................................................................................................2 ms. Memory: 129024K Free: 109939K (85%)
2 ms. Memory: 129024K Free: 109411K (85%)
2 ms. Memory: 129024K Free: 108915K (84%)
1 ms. Memory: 129024K Free: 107891K (84%)
1 ms. Memory: 129024K Free: 107363K (83%)
/home/travis/build/icyphy/ptII/ptolemy/actor/lib/test/IIR.tcl
/home/travis/build/icyphy/ptII/ptolemy/actor/lib/test/Interpolator.tcl
3 ms. Memory: 129024K Free: 103795K (80%)
1 ms. Memory: 129024K Free: 102771K (80%)
1 ms. Memory: 129024K Free: 102243K (79%)
1 ms. Memory: 129024K Free: 101747K (79%)
13 ms. Memory: 129024K Free: 100723K (78%)
2 ms. Memory: 129024K Free: 100203K (78%)
2 ms. Memory: 129024K Free: 99171K (77%)
3 ms. Memory: 129024K Free: 98155K (76%)
2 ms. Memory: 129024K Free: 97651K (76%)
2 ms. Memory: 129024K Free: 96627K (75%)
/home/travis/build/icyphy/ptII/ptolemy/actor/lib/test/MathFunction.tcl
4 ms. Memory: 129024K Free: 94579K (73%)
2 ms. Memory: 129024K Free: 93555K (73%)
2 ms. Memory: 129024K Free: 92531K (72%)
2 ms. Memory: 129024K Free: 91507K (71%)
6 ms. Memory: 129024K Free: 90483K (70%)
11 ms. Memory: 129024K Free: 88435K (69%)
/home/travis/build/icyphy/ptII/ptolemy/actor/lib/test/Maximum.tcl
5 ms. Memory: 129024K Free: 86387K (67%)
8 ms. Memory: 129024K Free: 85859K (67%)
2 ms. Memory: 129024K Free: 84849K (66%)
8 ms. Memory: 129024K Free: 84339K (65%)
/home/travis/build/icyphy/ptII/ptolemy/actor/lib/test/Minimum.tcl
7 ms. Memory: 129024K Free: 82771K (64%)
4 ms. Memory: 129024K Free: 82291K (64%)
3 ms. Memory: 129024K Free: 81265K (63%)
3 ms. Memory: 129024K Free: 80721K (63%)
/home/travis/build/icyphy/ptII/ptolemy/actor/lib/test/MultiplyDivide.tcl
11 ms. Memory: 129024K Free: 78705K (61%)
7 ms. Memory: 129024K Free: 78195K (61%)
2 ms. Memory: 129024K Free: 77171K (60%)
10 ms. Memory: 129024K Free: 76651K (59%)
2 ms. Memory: 129024K Free: 76147K (59%)
/home/travis/build/icyphy/ptII/ptolemy/actor/lib/test/OrderedMerge.tcl
Connections changed on port: inputA
Connections changed on port: inputB
Connections changed on port: output
Connections changed on port: output
Connections changed on port: output
Connections changed on port: input
.top. Preinitializing ...
Invoking preinitialize():  .top.OrderedMerge
Called preinitialize()
Invoking preinitialize():  .top.Ramp
Called preinitialize()
Invoking preinitialize():  .top.Ramp2
Called preinitialize()
Invoking preinitialize():  .top.Test
Called preinitialize()
Connections changed on port: inputA
Connections changed on port: output
Connections changed on port: output
Connections changed on port: input
Connections changed on port: inputB
Connections changed on port: output
.top. Finished preinitialize().
Called initialize().
Invoking initialize():  .top.OrderedMerge
Initializing actor: .top.OrderedMerge
Adding a thread: .top.OrderedMerge
Invoking initialize():  .top.Ramp
Initializing actor: .top.Ramp
Adding a thread: .top.Ramp
Invoking initialize():  .top.Ramp2
Initializing actor: .top.Ramp2
Adding a thread: .top.Ramp2
Invoking initialize():  .top.Test
Initializing actor: .top.Test
Adding a thread: .top.Test
Called fire().
Checking for deadlock:
-- Starting thread.
Called initialize()
Called prefire()
Called fire()
-- Starting thread.
Called initialize()
Called prefire()
Called fire()
-- Starting thread.
Called initialize()
Called prefire()
Called fire()
There are 0 Blocked actors, 0 Stopped actors, and 4 active threads.
Waiting for actors to stop.
Called postfire()
Called prefire()
Called fire()
Called postfire()
Called prefire()
Called fire()
Checking for deadlock:
There are 3 Blocked actors, 0 Stopped actors, and 4 active threads.
Waiting for actors to stop.
-- Starting thread.
Called initialize()
Called prefire()
Called fire()
Called postfire()
Called prefire()
Called fire()
Read input token from inputA with value 0.0
Next port to read input from is inputB
Called postfire()
Called prefire()
Called fire()
Read input token from inputB with value 0.0
Sent output token with value 0.0
Next port to read input from is inputA
Called postfire()
Called prefire()
Called fire()
Read input token from inputA with value 1.0
Checking for deadlock:
There are 1 Blocked actors, 0 Stopped actors, and 4 active threads.
Waiting for actors to stop.
Called postfire()
Called prefire()
Called fire()
-- Read input: 0.0, which is expected to match: 0.0
Called prefire()
Called fire()
Called postfire()
Called prefire()
Called fire()
Checking for deadlock:
There are 3 Blocked actors, 0 Stopped actors, and 4 active threads.
Waiting for actors to stop.
-- Read input: 0.0, which is expected to match: 0.0
Called prefire()
Called fire()
Sent output token with value 0.0
Next port to read input from is inputB
Called postfire()
Called prefire()
Called fire()
Read input token from inputB with value 1.5
Sent output token with value 1.0
Next port to read input from is inputA
Called postfire()
Called prefire()
Called fire()
Read input token from inputA with value 2.0
Checking for deadlock:
There are 1 Blocked actors, 0 Stopped actors, and 4 active threads.
Waiting for actors to stop.
-- Read input: 1.0, which is expected to match: 1.0
Called prefire()
Called fire()
Called postfire()
Called prefire()
Called fire()
Called postfire()
Called prefire()
Called fire()
Checking for deadlock:
There are 3 Blocked actors, 0 Stopped actors, and 4 active threads.
Waiting for actors to stop.
-- Read input: 1.5, which is expected to match: 1.5
Called prefire()
Called fire()
Sent output token with value 1.5
Next port to read input from is inputB
Called postfire()
Called prefire()
Called fire()
Read input token from inputB with value 3.0
Sent output token with value 2.0
Next port to read input from is inputA
Called postfire()
Called prefire()
Called fire()
Read input token from inputA with value 3.0
Checking for deadlock:
There are 1 Blocked actors, 0 Stopped actors, and 4 active threads.
Waiting for actors to stop.
Called postfire()
Called prefire()
Called fire()
-- Read input: 2.0, which is expected to match: 2.0
Called prefire()
Called fire()
Called postfire()
Called prefire()
Called fire()
Checking for deadlock:
There are 3 Blocked actors, 0 Stopped actors, and 4 active threads.
Waiting for actors to stop.
-- Read input: 3.0, which is expected to match: 3.0
Called prefire()
Called fire()
Checking for deadlock:
There are 3 Blocked actors, 0 Stopped actors, and 4 active threads.
Waiting for actors to stop.
Sent output token with value 3.0
Next port to read input from is inputB
Called postfire()
Called prefire()
Called fire()
Called postfire()
Called prefire()
Called fire()
Checking for deadlock:
There are 3 Blocked actors, 0 Stopped actors, and 4 active threads.
Waiting for actors to stop.
Read input token from inputB with value 4.5
-- Read input: 3.0, which is expected to match: 3.0
Called prefire()
Called fire()
Checking for deadlock:
There are 3 Blocked actors, 0 Stopped actors, and 4 active threads.
Waiting for actors to stop.
Sent output token with value 3.0
Next port to read input from is inputA
Called postfire()
Called prefire()
Called fire()
Checking for deadlock:
There are 2 Blocked actors, 0 Stopped actors, and 4 active threads.
Waiting for actors to stop.
Called postfire()
Called prefire()
Called fire()
Checking for deadlock:
There are 3 Blocked actors, 0 Stopped actors, and 4 active threads.
Waiting for actors to stop.
Read input token from inputA with value 4.0
Checking for deadlock:
There are 2 Blocked actors, 0 Stopped actors, and 4 active threads.
Waiting for actors to stop.
-- Read input: 4.0, which is expected to match: 4.0
Called prefire()
Called fire()
Past the end of training data. Read and discard all inputs.
Checking for deadlock:
There are 3 Blocked actors, 0 Stopped actors, and 4 active threads.
Waiting for actors to stop.
Sent output token with value 4.0
Next port to read input from is inputA
Called postfire()
Called prefire()
Called fire()
Called postfire()
Called prefire()
Called fire()
Checking for deadlock:
There are 3 Blocked actors, 0 Stopped actors, and 4 active threads.
Waiting for actors to stop.
Read input token from inputA with value 5.0
Called prefire()
Called fire()
Past the end of training data. Read and discard all inputs.
Checking for deadlock:
There are 3 Blocked actors, 0 Stopped actors, and 4 active threads.
Waiting for actors to stop.
Sent output token with value 4.5
Next port to read input from is inputB
Called postfire()
Called prefire()
Called fire()
Checking for deadlock:
There are 2 Blocked actors, 0 Stopped actors, and 4 active threads.
Waiting for actors to stop.
Called postfire()
Called prefire()
Called fire()
Checking for deadlock:
There are 3 Blocked actors, 0 Stopped actors, and 4 active threads.
Waiting for actors to stop.
Read input token from inputB with value 6.0
Checking for deadlock:
There are 2 Blocked actors, 0 Stopped actors, and 4 active threads.
Waiting for actors to stop.
Called prefire()
Called fire()
Past the end of training data. Read and discard all inputs.
Checking for deadlock:
There are 3 Blocked actors, 0 Stopped actors, and 4 active threads.
Waiting for actors to stop.
Sent output token with value 5.0
Next port to read input from is inputA
Called postfire()
Called prefire()
Called fire()
Called postfire()
Called prefire()
Called fire()
Checking for deadlock:
There are 3 Blocked actors, 0 Stopped actors, and 4 active threads.
Waiting for actors to stop.
Read input token from inputA with value 6.0
Called prefire()
Called fire()
Past the end of training data. Read and discard all inputs.
Checking for deadlock:
There are 3 Blocked actors, 0 Stopped actors, and 4 active threads.
Waiting for actors to stop.
Sent output token with value 6.0
Next port to read input from is inputB
Called postfire()
Called prefire()
Called fire()
Checking for deadlock:
There are 2 Blocked actors, 0 Stopped actors, and 4 active threads.
Waiting for actors to stop.
Called postfire()
Called prefire()
Called fire()
Checking for deadlock:
There are 3 Blocked actors, 0 Stopped actors, and 4 active threads.
Waiting for actors to stop.
Read input token from inputB with value 7.5
Checking for deadlock:
There are 2 Blocked actors, 0 Stopped actors, and 4 active threads.
Waiting for actors to stop.
Called prefire()
Called fire()
Past the end of training data. Read and discard all inputs.
Checking for deadlock:
There are 3 Blocked actors, 0 Stopped actors, and 4 active threads.
Waiting for actors to stop.
Sent output token with value 6.0
Next port to read input from is inputA
Called postfire()
Called prefire()
Called fire()
Called postfire()
Called prefire()
Called fire()
Checking for deadlock:
There are 3 Blocked actors, 0 Stopped actors, and 4 active threads.
Waiting for actors to stop.
Read input token from inputA with value 7.0
Called prefire()
Called fire()
Past the end of training data. Read and discard all inputs.
Checking for deadlock:
There are 3 Blocked actors, 0 Stopped actors, and 4 active threads.
Waiting for actors to stop.
Sent output token with value 7.0
Next port to read input from is inputA
Called postfire()
Called prefire()
Called fire()
-- Thread wrapup() called.
Called wrapup()
Thread .top.Ramp is exiting.
-- Thread stopped.
Read input token from inputA with value 8.0
Sent output token with value 7.5
Next port to read input from is inputB
Called postfire()
Called prefire()
Called fire()
Read input token from inputB with value 9.0
Checking for deadlock:
There are 1 Blocked actors, 0 Stopped actors, and 3 active threads.
Waiting for actors to stop.
Called postfire()
Called prefire()
Called fire()
Called prefire()
Called fire()
Past the end of training data. Read and discard all inputs.
Checking for deadlock:
There are 2 Blocked actors, 0 Stopped actors, and 3 active threads.
Waiting for actors to stop.
Sent output token with value 8.0
Called prefire()
Called fire()
Past the end of training data. Read and discard all inputs.
Checking for deadlock:
Next port to read input from is inputA
There are 2 Blocked actors, 0 Stopped actors, and 3 active threads.
Waiting for actors to stop.
Called postfire()
Called prefire()
Called fire()
Read input token from inputA with value 9.0
Called prefire()
Called fire()
Past the end of training data. Read and discard all inputs.
Checking for deadlock:
There are 2 Blocked actors, 0 Stopped actors, and 3 active threads.
Waiting for actors to stop.
Sent output token with value 9.0
Next port to read input from is inputB
Called postfire()
Called prefire()
Called fire()
Checking for deadlock:
There are 1 Blocked actors, 0 Stopped actors, and 3 active threads.
Waiting for actors to stop.
Called postfire()
Called prefire()
Called fire()
Checking for deadlock:
There are 2 Blocked actors, 0 Stopped actors, and 3 active threads.
Waiting for actors to stop.
Read input token from inputB with value 10.5
Checking for deadlock:
There are 1 Blocked actors, 0 Stopped actors, and 3 active threads.
Waiting for actors to stop.
Called prefire()
Called fire()
Past the end of training data. Read and discard all inputs.
Checking for deadlock:
There are 2 Blocked actors, 0 Stopped actors, and 3 active threads.
Waiting for actors to stop.
Sent output token with value 9.0
Next port to read input from is inputA
Called postfire()
Called prefire()
Called fire()
Checking for deadlock:
There are 3 Blocked actors, 0 Stopped actors, and 3 active threads.
Actors have stopped.
Checking for deadlock:
There are 3 Blocked actors, 0 Stopped actors, and 3 active threads.
Deadlock detected.
Resolving Deadlock
Checking for deadlock:
There are 3 Blocked actors, 0 Stopped actors, and 3 active threads.
Artificial Deadlock - increasing queue capacity.
increasing the capacity of receiver ptolemy.actor.TypedIOPort {.top.OrderedMerge.inputB} to 2
-- Thread wrapup() called.
Called wrapup()
Thread .top.Ramp2 is exiting.
-- Thread stopped.
Director: Called postfire().
Called postfire().
_stopRequested = false
_stopFireRequested = false
Returning from postfire(): true
Called fire().
Checking for deadlock:
There are 2 Blocked actors, 0 Stopped actors, and 2 active threads.
Actors have stopped.
Checking for deadlock:
There are 2 Blocked actors, 0 Stopped actors, and 2 active threads.
Deadlock detected.
Resolving Deadlock
Checking for deadlock:
There are 2 Blocked actors, 0 Stopped actors, and 2 active threads.
Deadlock detected: no processes blocked on write, but some are blocked on read.
Called postfire().
_stopRequested = false
_stopFireRequested = false
Returning from postfire(): false
Finished deactivating branches.
Called wrapup().
-- Thread wrapup() called.
Called wrapup()
-- Thread wrapup() called.
Thread .top.OrderedMerge is exiting.
Called wrapup()
-- Thread stopped.
-- Blocked Receiver call threw TerminateProcessException.
Thread .top.Test is exiting.
-- Thread stopped.
-- Blocked Receiver call threw TerminateProcessException.
64 ms. Memory: 129024K Free: 71027K (55%)
.top. Preinitializing ...
Invoking preinitialize():  .top.OrderedMerge
Called preinitialize()
Invoking preinitialize():  .top.Ramp
Called preinitialize()
Invoking preinitialize():  .top.Ramp2
Called preinitialize()
Invoking preinitialize():  .top.Test
Called preinitialize()
.top. Finished preinitialize().
Called initialize().
Invoking initialize():  .top.OrderedMerge
Initializing actor: .top.OrderedMerge
Adding a thread: .top.OrderedMerge
Invoking initialize():  .top.Ramp
Initializing actor: .top.Ramp
Adding a thread: .top.Ramp
Invoking initialize():  .top.Ramp2
Initializing actor: .top.Ramp2
Adding a thread: .top.Ramp2
Invoking initialize():  .top.Test
Initializing actor: .top.Test
Adding a thread: .top.Test
-- Starting thread.
Called initialize()
Called prefire()
Called fire()
-- Starting thread.
Called initialize()
Called prefire()
Called fire()
Called postfire()
Called prefire()
Called fire()
-- Starting thread.
Called initialize()
Called prefire()
Called fire()
Called postfire()
Called prefire()
Called fire()
Called fire().
Checking for deadlock:
There are 3 Blocked actors, 0 Stopped actors, and 4 active threads.
Waiting for actors to stop.
-- Starting thread.
Called initialize()
Called prefire()
Called fire()
Checking for deadlock:
There are 2 Blocked actors, 0 Stopped actors, and 4 active threads.
Waiting for actors to stop.
Called postfire()
Called prefire()
Called fire()
Checking for deadlock:
There are 3 Blocked actors, 0 Stopped actors, and 4 active threads.
Waiting for actors to stop.
Read input token from inputA with value 0.0
Next port to read input from is inputB
Called postfire()
Called prefire()
Called fire()
Checking for deadlock:
There are 2 Blocked actors, 0 Stopped actors, and 4 active threads.
Waiting for actors to stop.
Called postfire()
Called prefire()
Called fire()
Checking for deadlock:
There are 3 Blocked actors, 0 Stopped actors, and 4 active threads.
Waiting for actors to stop.
Read input token from inputB with value 0.0
-- Read input: 0.0, which is expected to match: 0.0
Called prefire()
Called fire()
Checking for deadlock:
There are 3 Blocked actors, 0 Stopped actors, and 4 active threads.
Waiting for actors to stop.
Sent output token with value 0.0
Next port to read input from is inputA
Called postfire()
Called prefire()
Called fire()
Checking for deadlock:
There are 2 Blocked actors, 0 Stopped actors, and 4 active threads.
Waiting for actors to stop.
Called postfire()
Called prefire()
Called fire()
Checking for deadlock:
There are 3 Blocked actors, 0 Stopped actors, and 4 active threads.
Waiting for actors to stop.
Read input token from inputA with value 1.0
Checking for deadlock:
There are 2 Blocked actors, 0 Stopped actors, and 4 active threads.
Waiting for actors to stop.
-- Read input: 0.0, which is expected to match: 0.0
Called prefire()
Called fire()
Checking for deadlock:
There are 3 Blocked actors, 0 Stopped actors, and 4 active threads.
Waiting for actors to stop.
Sent output token with value 0.0
Next port to read input from is inputB
Called postfire()
Called prefire()
Called fire()
Checking for deadlock:
There are 2 Blocked actors, 0 Stopped actors, and 4 active threads.
Waiting for actors to stop.
Called postfire()
Called prefire()
Called fire()
Checking for deadlock:
There are 3 Blocked actors, 0 Stopped actors, and 4 active threads.
Waiting for actors to stop.
Read input token from inputB with value 1.5
Checking for deadlock:
There are 2 Blocked actors, 0 Stopped actors, and 4 active threads.
Waiting for actors to stop.
-- Read input: 1.0, which is expected to match: 1.0
Called prefire()
Called fire()
Checking for deadlock:
There are 3 Blocked actors, 0 Stopped actors, and 4 active threads.
Waiting for actors to stop.
Sent output token with value 1.0
Next port to read input from is inputA
Called postfire()
Called prefire()
Called fire()
Called postfire()
Called prefire()
Called fire()
Checking for deadlock:
There are 3 Blocked actors, 0 Stopped actors, and 4 active threads.
Waiting for actors to stop.
Read input token from inputA with value 2.0
-- Read input: 1.5, which is expected to match: 1.5
Called prefire()
Called fire()
Checking for deadlock:
There are 3 Blocked actors, 0 Stopped actors, and 4 active threads.
Waiting for actors to stop.
Sent output token with value 1.5
Next port to read input from is inputB
Called postfire()
Called prefire()
Called fire()
Called postfire()
Called prefire()
Called fire()
Checking for deadlock:
There are 3 Blocked actors, 0 Stopped actors, and 4 active threads.
Waiting for actors to stop.
Read input token from inputB with value 3.0
-- Read input: 2.0, which is expected to match: 2.0
Called prefire()
Called fire()
Checking for deadlock:
There are 3 Blocked actors, 0 Stopped actors, and 4 active threads.
Waiting for actors to stop.
Sent output token with value 2.0
Next port to read input from is inputA
Called postfire()
Called prefire()
Called fire()
Called postfire()
Called prefire()
Called fire()
Checking for deadlock:
There are 3 Blocked actors, 0 Stopped actors, and 4 active threads.
Waiting for actors to stop.
Read input token from inputA with value 3.0
-- Read input: 3.0, which is expected to match: 3.0
Called prefire()
Called fire()
Checking for deadlock:
There are 3 Blocked actors, 0 Stopped actors, and 4 active threads.
Waiting for actors to stop.
Sent output token with value 3.0
Next port to read input from is inputB
Called postfire()
Called prefire()
Called fire()
Called postfire()
Called prefire()
Called fire()
Checking for deadlock:
There are 3 Blocked actors, 0 Stopped actors, and 4 active threads.
Waiting for actors to stop.
Read input token from inputB with value 4.5
-- Read input: 3.0, which is expected to match: 3.0
Called prefire()
Called fire()
Checking for deadlock:
There are 3 Blocked actors, 0 Stopped actors, and 4 active threads.
Waiting for actors to stop.
Sent output token with value 3.0
Next port to read input from is inputA
Called postfire()
Called prefire()
Called fire()
Called postfire()
Called prefire()
Called fire()
Checking for deadlock:
There are 3 Blocked actors, 0 Stopped actors, and 4 active threads.
Waiting for actors to stop.
Read input token from inputA with value 4.0
-- Read input: 4.0, which is expected to match: 4.0
Called prefire()
Called fire()
Past the end of training data. Read and discard all inputs.
Checking for deadlock:
There are 3 Blocked actors, 0 Stopped actors, and 4 active threads.
Waiting for actors to stop.
Sent output token with value 4.0
Next port to read input from is inputA
Called postfire()
Called prefire()
Called fire()
Called postfire()
Called prefire()
Called fire()
Checking for deadlock:
There are 3 Blocked actors, 0 Stopped actors, and 4 active threads.
Waiting for actors to stop.
Read input token from inputA with value 5.0
Called prefire()
Called fire()
Past the end of training data. Read and discard all inputs.
Checking for deadlock:
There are 3 Blocked actors, 0 Stopped actors, and 4 active threads.
Waiting for actors to stop.
Sent output token with value 4.5
Next port to read input from is inputB
Called postfire()
Called prefire()
Called fire()
Called postfire()
Called prefire()
Called fire()
Checking for deadlock:
There are 3 Blocked actors, 0 Stopped actors, and 4 active threads.
Waiting for actors to stop.
Read input token from inputB with value 6.0
Called prefire()
Called fire()
Past the end of training data. Read and discard all inputs.
Checking for deadlock:
There are 3 Blocked actors, 0 Stopped actors, and 4 active threads.
Waiting for actors to stop.
Sent output token with value 5.0
Next port to read input from is inputA
Called postfire()
Called prefire()
Called fire()
Called postfire()
Called prefire()
Called fire()
Checking for deadlock:
There are 3 Blocked actors, 0 Stopped actors, and 4 active threads.
Waiting for actors to stop.
Read input token from inputA with value 6.0
Called prefire()
Called fire()
Past the end of training data. Read and discard all inputs.
Checking for deadlock:
There are 3 Blocked actors, 0 Stopped actors, and 4 active threads.
Waiting for actors to stop.
Sent output token with value 6.0
Next port to read input from is inputB
Called postfire()
Called prefire()
Called fire()
Called postfire()
Called prefire()
Called fire()
Checking for deadlock:
There are 3 Blocked actors, 0 Stopped actors, and 4 active threads.
Waiting for actors to stop.
Read input token from inputB with value 7.5
Called prefire()
Called fire()
Past the end of training data. Read and discard all inputs.
Checking for deadlock:
There are 3 Blocked actors, 0 Stopped actors, and 4 active threads.
Waiting for actors to stop.
Sent output token with value 6.0
Next port to read input from is inputA
Called postfire()
Called prefire()
Called fire()
Checking for deadlock:
There are 2 Blocked actors, 0 Stopped actors, and 4 active threads.
Waiting for actors to stop.
Called postfire()
Called prefire()
Called fire()
Checking for deadlock:
There are 3 Blocked actors, 0 Stopped actors, and 4 active threads.
Waiting for actors to stop.
Read input token from inputA with value 7.0
Checking for deadlock:
There are 2 Blocked actors, 0 Stopped actors, and 4 active threads.
Waiting for actors to stop.
Called prefire()
Called fire()
Past the end of training data. Read and discard all inputs.
Checking for deadlock:
There are 3 Blocked actors, 0 Stopped actors, and 4 active threads.
Waiting for actors to stop.
Sent output token with value 7.0
Next port to read input from is inputA
Called postfire()
Called prefire()
Called fire()
Checking for deadlock:
There are 2 Blocked actors, 0 Stopped actors, and 4 active threads.
Waiting for actors to stop.
-- Thread wrapup() called.
Called wrapup()
Thread .top.Ramp is exiting.
-- Thread stopped.
Checking for deadlock:
There are 2 Blocked actors, 0 Stopped actors, and 3 active threads.
Waiting for actors to stop.
Read input token from inputA with value 8.0
Called prefire()
Called fire()
Past the end of training data. Read and discard all inputs.
Checking for deadlock:
There are 2 Blocked actors, 0 Stopped actors, and 3 active threads.
Waiting for actors to stop.
Sent output token with value 7.5
Next port to read input from is inputB
Called postfire()
Called prefire()
Called fire()
Checking for deadlock:
There are 1 Blocked actors, 0 Stopped actors, and 3 active threads.
Waiting for actors to stop.
Called postfire()
Called prefire()
Called fire()
Checking for deadlock:
There are 2 Blocked actors, 0 Stopped actors, and 3 active threads.
Waiting for actors to stop.
Read input token from inputB with value 9.0
Checking for deadlock:
There are 1 Blocked actors, 0 Stopped actors, and 3 active threads.
Waiting for actors to stop.
Called prefire()
Called fire()
Past the end of training data. Read and discard all inputs.
Checking for deadlock:
There are 2 Blocked actors, 0 Stopped actors, and 3 active threads.
Waiting for actors to stop.
Sent output token with value 8.0
Next port to read input from is inputA
Called postfire()
Called prefire()
Called fire()
Read input token from inputA with value 9.0
Called prefire()
Called fire()
Past the end of training data. Read and discard all inputs.
Checking for deadlock:
There are 2 Blocked actors, 0 Stopped actors, and 3 active threads.
Waiting for actors to stop.
Sent output token with value 9.0
Next port to read input from is inputB
Called postfire()
Called prefire()
Called fire()
Called postfire()
Called prefire()
Called fire()
Checking for deadlock:
There are 2 Blocked actors, 0 Stopped actors, and 3 active threads.
Waiting for actors to stop.
Read input token from inputB with value 10.5
Called prefire()
Called fire()
Past the end of training data. Read and discard all inputs.
Checking for deadlock:
There are 2 Blocked actors, 0 Stopped actors, and 3 active threads.
Waiting for actors to stop.
Sent output token with value 9.0
Next port to read input from is inputA
Called postfire()
Called prefire()
Called fire()
Checking for deadlock:
There are 3 Blocked actors, 0 Stopped actors, and 3 active threads.
Actors have stopped.
Checking for deadlock:
There are 3 Blocked actors, 0 Stopped actors, and 3 active threads.
Deadlock detected.
Resolving Deadlock
Checking for deadlock:
There are 3 Blocked actors, 0 Stopped actors, and 3 active threads.
Artificial Deadlock - increasing queue capacity.
increasing the capacity of receiver ptolemy.actor.TypedIOPort {.top.OrderedMerge.inputB} to 2
Director: Called postfire().
Called postfire().
_stopRequested = false
_stopFireRequested = false
Returning from postfire(): true
Called fire().
Checking for deadlock:
There are 2 Blocked actors, 0 Stopped actors, and 3 active threads.
Waiting for actors to stop.
-- Thread wrapup() called.
Called wrapup()
Thread .top.Ramp2 is exiting.
-- Thread stopped.
Checking for deadlock:
There are 2 Blocked actors, 0 Stopped actors, and 2 active threads.
Actors have stopped.
Checking for deadlock:
There are 2 Blocked actors, 0 Stopped actors, and 2 active threads.
Deadlock detected.
Resolving Deadlock
Checking for deadlock:
There are 2 Blocked actors, 0 Stopped actors, and 2 active threads.
Deadlock detected: no processes blocked on write, but some are blocked on read.
Called postfire().
_stopRequested = false
_stopFireRequested = false
Returning from postfire(): false
Finished deactivating branches.
Called wrapup().
-- Thread wrapup() called.
Called wrapup()
-- Thread wrapup() called.
Called wrapup()
Thread .top.Test is exiting.
-- Thread stopped.
-- Blocked Receiver call threw TerminateProcessException.
Thread .top.OrderedMerge is exiting.
-- Thread stopped.
-- Blocked Receiver call threw TerminateProcessException.
36 ms. Memory: 129024K Free: 68465K (53%)
/home/travis/build/icyphy/ptII/ptolemy/actor/lib/test/Publisher.tcl
21 ms. Memory: 129024K Free: 62321K (48%)
15 ms. Memory: 129024K Free: 112393K (87%)
2 ms. Memory: 129024K Free: 108281K (84%)
12 ms. Memory: 129024K Free: 107801K (84%)
3 ms. Memory: 155648K Free: 138463K (89%)
4 ms. Memory: 155648K Free: 137439K (88%)
3 ms. Memory: 155648K Free: 136925K (88%)
5 ms. Memory: 155648K Free: 135901K (87%)
18 ms. Memory: 155648K Free: 126175K (81%)
5 ms. Memory: 155648K Free: 122079K (78%)
2 ms. Memory: 155648K Free: 121559K (78%)
9 ms. Memory: 155648K Free: 119517K (77%)
14 ms. Memory: 155648K Free: 111311K (72%)
12 ms. Memory: 155648K Free: 102109K (66%)
6 ms. Memory: 155648K Free: 90845K (58%)
/home/travis/build/icyphy/ptII/ptolemy/actor/lib/test/Pulse.tcl
5 ms. Memory: 155648K Free: 107875K (69%)
8 ms. Memory: 155648K Free: 107331K (69%)
1 ms. Memory: 155648K Free: 106851K (69%)
1 ms. Memory: 155648K Free: 106337K (68%)
3 ms. Memory: 155648K Free: 105827K (68%)
6 ms. Memory: 155648K Free: 104803K (67%)
5 ms. Memory: 155648K Free: 103779K (67%)
2 ms. Memory: 155648K Free: 102755K (66%)
4 ms. Memory: 155648K Free: 102235K (66%)
/home/travis/build/icyphy/ptII/ptolemy/actor/lib/test/Ramp.tcl
4 ms. Memory: 155648K Free: 100179K (64%)
3 ms. Memory: 155648K Free: 99683K (64%)
4 ms. Memory: 155648K Free: 98659K (63%)
1 ms. Memory: 155648K Free: 98131K (63%)
4 ms. Memory: 155648K Free: 97121K (62%)
7 ms. Memory: 155648K Free: 96097K (62%)
6 ms. Memory: 155648K Free: 95587K (61%)
5 actors
5000 microseconds per iteration to create
8 ms. Memory: 155648K Free: 92515K (59%)
1 ms. Memory: 155648K Free: 91987K (59%)
2 ms. Memory: 155648K Free: 91491K (59%)
2 ms. Memory: 155648K Free: 90963K (58%)
50 actors
42000 microseconds per iteration to create
37 ms. Memory: 155648K Free: 75107K (48%)
26 ms. Memory: 155648K Free: 136664K (88%)
4 ms. Memory: 155648K Free: 135640K (87%)
12 ms. Memory: 155648K Free: 134616K (86%)
500 actors
1412000 microseconds per iteration to create
223 ms. Memory: 187392K Free: 138301K (74%)
30 ms. Memory: 187392K Free: 133187K (71%)
33 ms. Memory: 187392K Free: 127557K (68%)
37 ms. Memory: 187392K Free: 122437K (65%)
/home/travis/build/icyphy/ptII/ptolemy/actor/lib/test/RampContinuous.tcl
8 ms. Memory: 187392K Free: 120899K (65%)
/home/travis/build/icyphy/ptII/ptolemy/actor/lib/test/RecordAssembler.tcl
5 ms. Memory: 187392K Free: 119365K (64%)
3 ms. Memory: 187392K Free: 118341K (63%)
/home/travis/build/icyphy/ptII/ptolemy/actor/lib/test/RecordDisassembler.tcl
12 ms. Memory: 187392K Free: 116789K (62%)
4 ms. Memory: 187392K Free: 116293K (62%)
5 ms. Memory: 187392K Free: 114755K (61%)
/home/travis/build/icyphy/ptII/ptolemy/actor/lib/test/Scale.tcl
3 ms. Memory: 187392K Free: 113221K (60%)
2 ms. Memory: 187392K Free: 112197K (60%)
2 ms. Memory: 187392K Free: 111677K (60%)
2 ms. Memory: 187392K Free: 110645K (59%)
3 ms. Memory: 187392K Free: 109635K (59%)
/home/travis/build/icyphy/ptII/ptolemy/actor/lib/test/SequentialClock.tcl
preinitializing
resolving types
initializing
executing number 1
wrapping up
idle
4 ms. Memory: 187392K Free: 108581K (58%)
Completed execution with 5 iterations
preinitializing
resolving types
initializing
executing number 1
wrapping up
idle
2 ms. Memory: 187392K Free: 108101K (58%)
Completed execution with 5 iterations
preinitializing
resolving types
initializing
executing number 1
wrapping up
idle
2 ms. Memory: 187392K Free: 107573K (57%)
Completed execution with 5 iterations
/home/travis/build/icyphy/ptII/ptolemy/actor/lib/test/SetVariable.tcl
4 ms. Memory: 187392K Free: 105539K (56%)
/home/travis/build/icyphy/ptII/ptolemy/actor/lib/test/Sinewave.tcl
/home/travis/build/icyphy/ptII/ptolemy/actor/lib/test/SubscriptionAggregator.tcl
4 ms. Memory: 187392K Free: 94275K (50%)
3 ms. Memory: 187392K Free: 93765K (50%)
1 ms. Memory: 187392K Free: 93251K (50%)
0 ms. Memory: 187392K Free: 92741K (49%)
2 ms. Memory: 187392K Free: 89125K (48%)
8 ms. Memory: 187392K Free: 87107K (46%)
...............................................................982 ms. Memory: 291840K Free: 186068K (64%)
/home/travis/build/icyphy/ptII/ptolemy/actor/lib/test/Test.tcl
 The next command will produce a warning about training mode,
   which may be ignored.
4 ms. Memory: 291840K Free: 184020K (63%)
3 ms. Memory: 291840K Free: 183010K (63%)
1 ms. Memory: 291840K Free: 182500K (63%)
1 ms. Memory: 291840K Free: 181956K (62%)
3 ms. Memory: 291840K Free: 181476K (62%)
2 ms. Memory: 291840K Free: 179924K (62%)
3 ms. Memory: 291840K Free: 178884K (61%)
 The next command will produce a warning about training mode,
   which may be ignored.
3 ms. Memory: 291840K Free: 176356K (60%)
 The next command will produce a warning about training mode,
   which may be ignored.
2 ms. Memory: 291840K Free: 175332K (60%)
3 ms. Memory: 291840K Free: 174804K (60%)
1 ms. Memory: 291840K Free: 174308K (60%)
2 ms. Memory: 291840K Free: 173780K (60%)
7 ms. Memory: 291840K Free: 172770K (59%)
3 ms. Memory: 291840K Free: 169188K (58%)
/home/travis/build/icyphy/ptII/ptolemy/actor/lib/test/TestExceptionHandler.tcl
 The next command will produce a warning about training mode,
   which may be ignored.
5 ms. Memory: 291840K Free: 167644K (57%)
1 ms. Memory: 291840K Free: 167140K (57%)
1 ms. Memory: 291840K Free: 166612K (57%)
/home/travis/build/icyphy/ptII/ptolemy/actor/lib/test/UnionDisassembler.tcl
25 ms. Memory: 291840K Free: 159444K (55%)
/home/travis/build/icyphy/ptII/ptolemy/actor/lib/test/VariableClock.tcl
preinitializing
resolving types
initializing
executing number 1
wrapping up
idle
7 ms. Memory: 291840K Free: 157396K (54%)
Completed execution with 11 iterations
preinitializing
resolving types
initializing
executing number 1
wrapping up
idle
6 ms. Memory: 291840K Free: 155876K (53%)
Completed execution with 10 iterations
06/06/20 02:38:16
Failed: 0  Total Tests: 233  ((Passed: 233, Newly Passed: 0)  Known Failed: 0) /home/travis/build/icyphy/ptII/ptolemy/actor/lib/test
----------------- testing (KnownFailure) /home/travis/build/icyphy/ptII/ptolemy/actor/lib/test/auto/knownFailedTests/PublisherPortToplevelSubscriber.xml
0 ms. Memory: 291840K Free: 152804K (52%)
Known Failure: java.lang.reflect.InvocationTargetException
----------------- testing (KnownFailure) /home/travis/build/icyphy/ptII/ptolemy/actor/lib/test/auto/knownFailedTests/PublisherSubscriberPortToplevel.xml
3 ms. Memory: 291840K Free: 149218K (51%)
Known Failure: java.lang.reflect.InvocationTargetException
----------------- testing (KnownFailure) /home/travis/build/icyphy/ptII/ptolemy/actor/lib/test/auto/knownFailedTests/PublisherSubscriptionAggregatorPort.xml
0 ms. Memory: 291840K Free: 145122K (50%)
Known Failure: java.lang.reflect.InvocationTargetException
----------------- testing (KnownFailure) /home/travis/build/icyphy/ptII/ptolemy/actor/lib/test/auto/knownFailedTests/sizedarray3.xml
3 ms. Memory: 291840K Free: 141026K (48%)
Known Failure: java.lang.reflect.InvocationTargetException
No auto/linux-amd64/*.xml tests in /home/travis/build/icyphy/ptII/ptolemy/actor/lib/test
AutoTests.java: About to close Vertx.
AutoTests.java: Vertx closed.

===========================================================================================
----------------- testing Sat Jun 06 14:38:17 UTC 2020 /home/travis/build/icyphy/ptII/ptolemy/actor/lib/test/auto/AbsoluteValue.xml
----------------- Instantiating /home/travis/build/icyphy/ptII/ptolemy/actor/lib/test/auto/AbsoluteValue.xml
9 ms. Memory: 291840K Free: 117474K (40%)
----------------- Invoking toplevel() on ptolemy.moml.MoMLSimpleApplication@3906c12c
----------------- Done invoking toplevel() on ptolemy.moml.MoMLSimpleApplication@3906c12c
reloadAllAccessors: .AbsoluteValue

===========================================================================================
----------------- testing Sat Jun 06 14:38:17 UTC 2020 /home/travis/build/icyphy/ptII/ptolemy/actor/lib/test/auto/AbsoluteValue2.xml
----------------- Instantiating /home/travis/build/icyphy/ptII/ptolemy/actor/lib/test/auto/AbsoluteValue2.xml
4 ms. Memory: 291840K Free: 110820K (38%)
----------------- Invoking toplevel() on ptolemy.moml.MoMLSimpleApplication@1745baea
----------------- Done invoking toplevel() on ptolemy.moml.MoMLSimpleApplication@1745baea
reloadAllAccessors: .AbsoluteValue2

===========================================================================================
----------------- testing Sat Jun 06 14:38:17 UTC 2020 /home/travis/build/icyphy/ptII/ptolemy/actor/lib/test/auto/Accumulator.xml
----------------- Instantiating /home/travis/build/icyphy/ptII/ptolemy/actor/lib/test/auto/Accumulator.xml
5 ms. Memory: 291840K Free: 104162K (36%)
----------------- Invoking toplevel() on ptolemy.moml.MoMLSimpleApplication@6df7dcb6
----------------- Done invoking toplevel() on ptolemy.moml.MoMLSimpleApplication@6df7dcb6
reloadAllAccessors: .Accumulator

===========================================================================================
----------------- testing Sat Jun 06 14:38:17 UTC 2020 /home/travis/build/icyphy/ptII/ptolemy/actor/lib/test/auto/Accumulator2.xml
----------------- Instantiating /home/travis/build/icyphy/ptII/ptolemy/actor/lib/test/auto/Accumulator2.xml
2 ms. Memory: 291840K Free: 99042K (34%)
----------------- Invoking toplevel() on ptolemy.moml.MoMLSimpleApplication@10b549f9
----------------- Done invoking toplevel() on ptolemy.moml.MoMLSimpleApplication@10b549f9
reloadAllAccessors: .Accumulator2

===========================================================================================
----------------- testing Sat Jun 06 14:38:17 UTC 2020 /home/travis/build/icyphy/ptII/ptolemy/actor/lib/test/auto/Accumulator3.xml
----------------- Instantiating /home/travis/build/icyphy/ptII/ptolemy/actor/lib/test/auto/Accumulator3.xml
4 ms. Memory: 291840K Free: 94946K (33%)
----------------- Invoking toplevel() on ptolemy.moml.MoMLSimpleApplication@2e7dcb84
----------------- Done invoking toplevel() on ptolemy.moml.MoMLSimpleApplication@2e7dcb84
reloadAllAccessors: .Accumulator3

===========================================================================================
----------------- testing Sat Jun 06 14:38:17 UTC 2020 /home/travis/build/icyphy/ptII/ptolemy/actor/lib/test/auto/ArrayAppend.xml
----------------- Instantiating /home/travis/build/icyphy/ptII/ptolemy/actor/lib/test/auto/ArrayAppend.xml
7 ms. Memory: 291840K Free: 239239K (82%)
----------------- Invoking toplevel() on ptolemy.moml.MoMLSimpleApplication@c28d1f5
----------------- Done invoking toplevel() on ptolemy.moml.MoMLSimpleApplication@c28d1f5
reloadAllAccessors: .ArrayAppend

===========================================================================================
----------------- testing Sat Jun 06 14:38:17 UTC 2020 /home/travis/build/icyphy/ptII/ptolemy/actor/lib/test/auto/ArrayAppend2.xml
----------------- Instantiating /home/travis/build/icyphy/ptII/ptolemy/actor/lib/test/auto/ArrayAppend2.xml
264 ms. Memory: 291840K Free: 156805K (54%)
----------------- Invoking toplevel() on ptolemy.moml.MoMLSimpleApplication@3eee31e4
----------------- Done invoking toplevel() on ptolemy.moml.MoMLSimpleApplication@3eee31e4
reloadAllAccessors: .ArrayAppend2

===========================================================================================
----------------- testing Sat Jun 06 14:38:18 UTC 2020 /home/travis/build/icyphy/ptII/ptolemy/actor/lib/test/auto/ArrayAppend3.xml
----------------- Instantiating /home/travis/build/icyphy/ptII/ptolemy/actor/lib/test/auto/ArrayAppend3.xml
3 ms. Memory: 291840K Free: 151685K (52%)
----------------- Invoking toplevel() on ptolemy.moml.MoMLSimpleApplication@5b20db68
----------------- Done invoking toplevel() on ptolemy.moml.MoMLSimpleApplication@5b20db68
reloadAllAccessors: .ArrayAppend3

===========================================================================================
----------------- testing Sat Jun 06 14:38:18 UTC 2020 /home/travis/build/icyphy/ptII/ptolemy/actor/lib/test/auto/ArrayAppend4.xml
----------------- Instantiating /home/travis/build/icyphy/ptII/ptolemy/actor/lib/test/auto/ArrayAppend4.xml
2 ms. Memory: 291840K Free: 146565K (50%)
----------------- Invoking toplevel() on ptolemy.moml.MoMLSimpleApplication@698e4892
----------------- Done invoking toplevel() on ptolemy.moml.MoMLSimpleApplication@698e4892
reloadAllAccessors: .ArrayAppend4

===========================================================================================
----------------- testing Sat Jun 06 14:38:18 UTC 2020 /home/travis/build/icyphy/ptII/ptolemy/actor/lib/test/auto/ArrayAppend5.xml
----------------- Instantiating /home/travis/build/icyphy/ptII/ptolemy/actor/lib/test/auto/ArrayAppend5.xml
3 ms. Memory: 291840K Free: 141445K (48%)
----------------- Invoking toplevel() on ptolemy.moml.MoMLSimpleApplication@11b0ca9f
----------------- Done invoking toplevel() on ptolemy.moml.MoMLSimpleApplication@11b0ca9f
reloadAllAccessors: .ArrayAppend5

===========================================================================================
----------------- testing Sat Jun 06 14:38:18 UTC 2020 /home/travis/build/icyphy/ptII/ptolemy/actor/lib/test/auto/ArrayAppend6.xml
----------------- Instantiating /home/travis/build/icyphy/ptII/ptolemy/actor/lib/test/auto/ArrayAppend6.xml
2 ms. Memory: 291840K Free: 135815K (47%)
----------------- Invoking toplevel() on ptolemy.moml.MoMLSimpleApplication@458cd38f
----------------- Done invoking toplevel() on ptolemy.moml.MoMLSimpleApplication@458cd38f
reloadAllAccessors: .ArrayAppend6

===========================================================================================
----------------- testing Sat Jun 06 14:38:18 UTC 2020 /home/travis/build/icyphy/ptII/ptolemy/actor/lib/test/auto/ArrayAppendPerformanceTest.xml
----------------- Instantiating /home/travis/build/icyphy/ptII/ptolemy/actor/lib/test/auto/ArrayAppendPerformanceTest.xml
30 ms. Memory: 291840K Free: 125061K (43%)
----------------- Invoking toplevel() on ptolemy.moml.MoMLSimpleApplication@5f85d933
----------------- Done invoking toplevel() on ptolemy.moml.MoMLSimpleApplication@5f85d933
reloadAllAccessors: .ArrayAppendPerformanceTest

===========================================================================================
----------------- testing Sat Jun 06 14:38:18 UTC 2020 /home/travis/build/icyphy/ptII/ptolemy/actor/lib/test/auto/ArrayAppendWithEmptyInput.xml
----------------- Instantiating /home/travis/build/icyphy/ptII/ptolemy/actor/lib/test/auto/ArrayAppendWithEmptyInput.xml
13 ms. Memory: 291840K Free: 116869K (40%)
----------------- Invoking toplevel() on ptolemy.moml.MoMLSimpleApplication@453cf20c
----------------- Done invoking toplevel() on ptolemy.moml.MoMLSimpleApplication@453cf20c
reloadAllAccessors: .ArrayAppendWithEmptyInput

===========================================================================================
----------------- testing Sat Jun 06 14:38:18 UTC 2020 /home/travis/build/icyphy/ptII/ptolemy/actor/lib/test/auto/ArrayAverage.xml
----------------- Instantiating /home/travis/build/icyphy/ptII/ptolemy/actor/lib/test/auto/ArrayAverage.xml
4 ms. Memory: 291840K Free: 109701K (38%)
----------------- Invoking toplevel() on ptolemy.moml.MoMLSimpleApplication@701d70d2
----------------- Done invoking toplevel() on ptolemy.moml.MoMLSimpleApplication@701d70d2
reloadAllAccessors: .ArrayAverage

===========================================================================================
----------------- testing Sat Jun 06 14:38:18 UTC 2020 /home/travis/build/icyphy/ptII/ptolemy/actor/lib/test/auto/ArrayContains.xml
----------------- Instantiating /home/travis/build/icyphy/ptII/ptolemy/actor/lib/test/auto/ArrayContains.xml
9 ms. Memory: 291840K Free: 103557K (35%)
----------------- Invoking toplevel() on ptolemy.moml.MoMLSimpleApplication@30764edf
----------------- Done invoking toplevel() on ptolemy.moml.MoMLSimpleApplication@30764edf
reloadAllAccessors: .ArrayContains

===========================================================================================
----------------- testing Sat Jun 06 14:38:18 UTC 2020 /home/travis/build/icyphy/ptII/ptolemy/actor/lib/test/auto/ArrayElement.xml
----------------- Instantiating /home/travis/build/icyphy/ptII/ptolemy/actor/lib/test/auto/ArrayElement.xml
6 ms. Memory: 291840K Free: 97413K (33%)
----------------- Invoking toplevel() on ptolemy.moml.MoMLSimpleApplication@7b3299fa
----------------- Done invoking toplevel() on ptolemy.moml.MoMLSimpleApplication@7b3299fa
reloadAllAccessors: .ArrayElement

===========================================================================================
----------------- testing Sat Jun 06 14:38:18 UTC 2020 /home/travis/build/icyphy/ptII/ptolemy/actor/lib/test/auto/ArrayElementAsMatrix.xml
----------------- Instantiating /home/travis/build/icyphy/ptII/ptolemy/actor/lib/test/auto/ArrayElementAsMatrix.xml
15 ms. Memory: 291840K Free: 87687K (30%)
----------------- Invoking toplevel() on ptolemy.moml.MoMLSimpleApplication@40eb3d2a
----------------- Done invoking toplevel() on ptolemy.moml.MoMLSimpleApplication@40eb3d2a
reloadAllAccessors: .ArrayElementAsMatrix

===========================================================================================
----------------- testing Sat Jun 06 14:38:18 UTC 2020 /home/travis/build/icyphy/ptII/ptolemy/actor/lib/test/auto/ArrayElementI.xml
----------------- Instantiating /home/travis/build/icyphy/ptII/ptolemy/actor/lib/test/auto/ArrayElementI.xml
2 ms. Memory: 291840K Free: 239102K (82%)
----------------- Invoking toplevel() on ptolemy.moml.MoMLSimpleApplication@386346b5
----------------- Done invoking toplevel() on ptolemy.moml.MoMLSimpleApplication@386346b5
reloadAllAccessors: .ArrayElementI

===========================================================================================
----------------- testing Sat Jun 06 14:38:18 UTC 2020 /home/travis/build/icyphy/ptII/ptolemy/actor/lib/test/auto/ArrayExtract.xml
----------------- Instantiating /home/travis/build/icyphy/ptII/ptolemy/actor/lib/test/auto/ArrayExtract.xml
4 ms. Memory: 291840K Free: 230910K (79%)
----------------- Invoking toplevel() on ptolemy.moml.MoMLSimpleApplication@2694262
----------------- Done invoking toplevel() on ptolemy.moml.MoMLSimpleApplication@2694262
reloadAllAccessors: .ArrayExtract

===========================================================================================
----------------- testing Sat Jun 06 14:38:18 UTC 2020 /home/travis/build/icyphy/ptII/ptolemy/actor/lib/test/auto/ArrayExtract2.xml
----------------- Instantiating /home/travis/build/icyphy/ptII/ptolemy/actor/lib/test/auto/ArrayExtract2.xml
1 ms. Memory: 291840K Free: 225280K (77%)
----------------- Invoking toplevel() on ptolemy.moml.MoMLSimpleApplication@a55e3d3
----------------- Done invoking toplevel() on ptolemy.moml.MoMLSimpleApplication@a55e3d3
reloadAllAccessors: .ArrayExtract2

===========================================================================================
----------------- testing Sat Jun 06 14:38:18 UTC 2020 /home/travis/build/icyphy/ptII/ptolemy/actor/lib/test/auto/ArrayLength.xml
----------------- Instantiating /home/travis/build/icyphy/ptII/ptolemy/actor/lib/test/auto/ArrayLength.xml
2 ms. Memory: 291840K Free: 221694K (76%)
----------------- Invoking toplevel() on ptolemy.moml.MoMLSimpleApplication@45b636fb
----------------- Done invoking toplevel() on ptolemy.moml.MoMLSimpleApplication@45b636fb
reloadAllAccessors: .ArrayLength

===========================================================================================
----------------- testing Sat Jun 06 14:38:18 UTC 2020 /home/travis/build/icyphy/ptII/ptolemy/actor/lib/test/auto/ArrayLevelCrossing.xml
----------------- Instantiating /home/travis/build/icyphy/ptII/ptolemy/actor/lib/test/auto/ArrayLevelCrossing.xml
4 ms. Memory: 291840K Free: 212992K (73%)
----------------- Invoking toplevel() on ptolemy.moml.MoMLSimpleApplication@28c5ee69
----------------- Done invoking toplevel() on ptolemy.moml.MoMLSimpleApplication@28c5ee69
reloadAllAccessors: .ArrayLevelCrossing

===========================================================================================
----------------- testing Sat Jun 06 14:38:18 UTC 2020 /home/travis/build/icyphy/ptII/ptolemy/actor/lib/test/auto/ArrayLevelCrossing2.xml
----------------- Instantiating /home/travis/build/icyphy/ptII/ptolemy/actor/lib/test/auto/ArrayLevelCrossing2.xml
2 ms. Memory: 291840K Free: 205824K (71%)
----------------- Invoking toplevel() on ptolemy.moml.MoMLSimpleApplication@32a1a551
----------------- Done invoking toplevel() on ptolemy.moml.MoMLSimpleApplication@32a1a551
reloadAllAccessors: .ArrayLevelCrossing2

===========================================================================================
----------------- testing Sat Jun 06 14:38:18 UTC 2020 /home/travis/build/icyphy/ptII/ptolemy/actor/lib/test/auto/ArrayPeakSearch.xml
----------------- Instantiating /home/travis/build/icyphy/ptII/ptolemy/actor/lib/test/auto/ArrayPeakSearch.xml
6 ms. Memory: 291840K Free: 196608K (67%)
----------------- Invoking toplevel() on ptolemy.moml.MoMLSimpleApplication@728120c4
----------------- Done invoking toplevel() on ptolemy.moml.MoMLSimpleApplication@728120c4
reloadAllAccessors: .ArrayPeakSearch

===========================================================================================
----------------- testing Sat Jun 06 14:38:18 UTC 2020 /home/travis/build/icyphy/ptII/ptolemy/actor/lib/test/auto/ArrayPeakSearch2.xml
----------------- Instantiating /home/travis/build/icyphy/ptII/ptolemy/actor/lib/test/auto/ArrayPeakSearch2.xml
6 ms. Memory: 291840K Free: 186368K (64%)
----------------- Invoking toplevel() on ptolemy.moml.MoMLSimpleApplication@79970016
----------------- Done invoking toplevel() on ptolemy.moml.MoMLSimpleApplication@79970016
reloadAllAccessors: .ArrayPeakSearch2

===========================================================================================
----------------- testing Sat Jun 06 14:38:18 UTC 2020 /home/travis/build/icyphy/ptII/ptolemy/actor/lib/test/auto/ArrayPeakSearch3.xml
----------------- Instantiating /home/travis/build/icyphy/ptII/ptolemy/actor/lib/test/auto/ArrayPeakSearch3.xml
4 ms. Memory: 291840K Free: 177662K (61%)
----------------- Invoking toplevel() on ptolemy.moml.MoMLSimpleApplication@476e957d
----------------- Done invoking toplevel() on ptolemy.moml.MoMLSimpleApplication@476e957d
reloadAllAccessors: .ArrayPeakSearch3

===========================================================================================
----------------- testing Sat Jun 06 14:38:18 UTC 2020 /home/travis/build/icyphy/ptII/ptolemy/actor/lib/test/auto/ArrayRemoveElement.xml
----------------- Instantiating /home/travis/build/icyphy/ptII/ptolemy/actor/lib/test/auto/ArrayRemoveElement.xml
3 ms. Memory: 291840K Free: 169470K (58%)
----------------- Invoking toplevel() on ptolemy.moml.MoMLSimpleApplication@106d1a25
----------------- Done invoking toplevel() on ptolemy.moml.MoMLSimpleApplication@106d1a25
reloadAllAccessors: .ArrayRemoveElement

===========================================================================================
----------------- testing Sat Jun 06 14:38:18 UTC 2020 /home/travis/build/icyphy/ptII/ptolemy/actor/lib/test/auto/ArraySort.xml
----------------- Instantiating /home/travis/build/icyphy/ptII/ptolemy/actor/lib/test/auto/ArraySort.xml
3 ms. Memory: 291840K Free: 160768K (55%)
----------------- Invoking toplevel() on ptolemy.moml.MoMLSimpleApplication@e709900
----------------- Done invoking toplevel() on ptolemy.moml.MoMLSimpleApplication@e709900
reloadAllAccessors: .ArraySort

===========================================================================================
----------------- testing Sat Jun 06 14:38:18 UTC 2020 /home/travis/build/icyphy/ptII/ptolemy/actor/lib/test/auto/ArraySum.xml
----------------- Instantiating /home/travis/build/icyphy/ptII/ptolemy/actor/lib/test/auto/ArraySum.xml
5 ms. Memory: 291840K Free: 155134K (53%)
----------------- Invoking toplevel() on ptolemy.moml.MoMLSimpleApplication@29d95fe8
----------------- Done invoking toplevel() on ptolemy.moml.MoMLSimpleApplication@29d95fe8
reloadAllAccessors: .ArraySum

===========================================================================================
----------------- testing Sat Jun 06 14:38:18 UTC 2020 /home/travis/build/icyphy/ptII/ptolemy/actor/lib/test/auto/ArrayToElements.xml
----------------- Instantiating /home/travis/build/icyphy/ptII/ptolemy/actor/lib/test/auto/ArrayToElements.xml
9 ms. Memory: 291840K Free: 150014K (51%)
----------------- Invoking toplevel() on ptolemy.moml.MoMLSimpleApplication@1e82a0e
----------------- Done invoking toplevel() on ptolemy.moml.MoMLSimpleApplication@1e82a0e
reloadAllAccessors: .ArrayToElements

===========================================================================================
----------------- testing Sat Jun 06 14:38:18 UTC 2020 /home/travis/build/icyphy/ptII/ptolemy/actor/lib/test/auto/ArrayToMatrix.xml
----------------- Instantiating /home/travis/build/icyphy/ptII/ptolemy/actor/lib/test/auto/ArrayToMatrix.xml
7 ms. Memory: 291840K Free: 135678K (46%)
----------------- Invoking toplevel() on ptolemy.moml.MoMLSimpleApplication@3fe56337
----------------- Done invoking toplevel() on ptolemy.moml.MoMLSimpleApplication@3fe56337
reloadAllAccessors: .ArrayToMatrix

===========================================================================================
----------------- testing Sat Jun 06 14:38:18 UTC 2020 /home/travis/build/icyphy/ptII/ptolemy/actor/lib/test/auto/ArrayUpdate1.xml
----------------- Instantiating /home/travis/build/icyphy/ptII/ptolemy/actor/lib/test/auto/ArrayUpdate1.xml
3 ms. Memory: 291840K Free: 131072K (45%)
----------------- Invoking toplevel() on ptolemy.moml.MoMLSimpleApplication@4d2fa6e5
----------------- Done invoking toplevel() on ptolemy.moml.MoMLSimpleApplication@4d2fa6e5
reloadAllAccessors: .ArrayUpdate1

===========================================================================================
----------------- testing Sat Jun 06 14:38:18 UTC 2020 /home/travis/build/icyphy/ptII/ptolemy/actor/lib/test/auto/ArrayUpdate2.xml
----------------- Instantiating /home/travis/build/icyphy/ptII/ptolemy/actor/lib/test/auto/ArrayUpdate2.xml
6 ms. Memory: 291840K Free: 124928K (43%)
----------------- Invoking toplevel() on ptolemy.moml.MoMLSimpleApplication@25e68fde
----------------- Done invoking toplevel() on ptolemy.moml.MoMLSimpleApplication@25e68fde
reloadAllAccessors: .ArrayUpdate2

===========================================================================================
----------------- testing Sat Jun 06 14:38:18 UTC 2020 /home/travis/build/icyphy/ptII/ptolemy/actor/lib/test/auto/ArrayUpdate3.xml
----------------- Instantiating /home/travis/build/icyphy/ptII/ptolemy/actor/lib/test/auto/ArrayUpdate3.xml
5 ms. Memory: 291840K Free: 120318K (41%)
----------------- Invoking toplevel() on ptolemy.moml.MoMLSimpleApplication@356fa863
----------------- Done invoking toplevel() on ptolemy.moml.MoMLSimpleApplication@356fa863
reloadAllAccessors: .ArrayUpdate3

===========================================================================================
----------------- testing Sat Jun 06 14:38:18 UTC 2020 /home/travis/build/icyphy/ptII/ptolemy/actor/lib/test/auto/Assert1.xml
----------------- Instantiating /home/travis/build/icyphy/ptII/ptolemy/actor/lib/test/auto/Assert1.xml
5 ms. Memory: 291840K Free: 115712K (40%)
----------------- Invoking toplevel() on ptolemy.moml.MoMLSimpleApplication@755538e7
----------------- Done invoking toplevel() on ptolemy.moml.MoMLSimpleApplication@755538e7
reloadAllAccessors: .Assert1

===========================================================================================
----------------- testing Sat Jun 06 14:38:18 UTC 2020 /home/travis/build/icyphy/ptII/ptolemy/actor/lib/test/auto/Assert2.xml
----------------- Instantiating /home/travis/build/icyphy/ptII/ptolemy/actor/lib/test/auto/Assert2.xml
2 ms. Memory: 291840K Free: 111102K (38%)
----------------- Invoking toplevel() on ptolemy.moml.MoMLSimpleApplication@192c403
----------------- Done invoking toplevel() on ptolemy.moml.MoMLSimpleApplication@192c403
reloadAllAccessors: .Assert2

===========================================================================================
----------------- testing Sat Jun 06 14:38:19 UTC 2020 /home/travis/build/icyphy/ptII/ptolemy/actor/lib/test/auto/BooleanMultiplexor.xml
----------------- Instantiating /home/travis/build/icyphy/ptII/ptolemy/actor/lib/test/auto/BooleanMultiplexor.xml
2 ms. Memory: 291840K Free: 104943K (36%)
----------------- Invoking toplevel() on ptolemy.moml.MoMLSimpleApplication@5869c58d
----------------- Done invoking toplevel() on ptolemy.moml.MoMLSimpleApplication@5869c58d
reloadAllAccessors: .BooleanMultiplexor

===========================================================================================
----------------- testing Sat Jun 06 14:38:19 UTC 2020 /home/travis/build/icyphy/ptII/ptolemy/actor/lib/test/auto/BooleanMultiplexor2.xml
----------------- Instantiating /home/travis/build/icyphy/ptII/ptolemy/actor/lib/test/auto/BooleanMultiplexor2.xml
10 ms. Memory: 291840K Free: 98814K (34%)
----------------- Invoking toplevel() on ptolemy.moml.MoMLSimpleApplication@4d516b50
----------------- Done invoking toplevel() on ptolemy.moml.MoMLSimpleApplication@4d516b50
reloadAllAccessors: .BooleanMultiplexor2

===========================================================================================
----------------- testing Sat Jun 06 14:38:19 UTC 2020 /home/travis/build/icyphy/ptII/ptolemy/actor/lib/test/auto/BooleanMultiplexor3.xml
----------------- Instantiating /home/travis/build/icyphy/ptII/ptolemy/actor/lib/test/auto/BooleanMultiplexor3.xml
3 ms. Memory: 291840K Free: 94718K (32%)
----------------- Invoking toplevel() on ptolemy.moml.MoMLSimpleApplication@61cc655c
----------------- Done invoking toplevel() on ptolemy.moml.MoMLSimpleApplication@61cc655c
reloadAllAccessors: .BooleanMultiplexor3

===========================================================================================
----------------- testing Sat Jun 06 14:38:19 UTC 2020 /home/travis/build/icyphy/ptII/ptolemy/actor/lib/test/auto/BooleanSelect.xml
----------------- Instantiating /home/travis/build/icyphy/ptII/ptolemy/actor/lib/test/auto/BooleanSelect.xml
7 ms. Memory: 291840K Free: 89086K (31%)
----------------- Invoking toplevel() on ptolemy.moml.MoMLSimpleApplication@10c905f9
----------------- Done invoking toplevel() on ptolemy.moml.MoMLSimpleApplication@10c905f9
reloadAllAccessors: .BooleanSelect

===========================================================================================
----------------- testing Sat Jun 06 14:38:19 UTC 2020 /home/travis/build/icyphy/ptII/ptolemy/actor/lib/test/auto/BooleanSelect2.xml
----------------- Instantiating /home/travis/build/icyphy/ptII/ptolemy/actor/lib/test/auto/BooleanSelect2.xml
1 ms. Memory: 291840K Free: 84478K (29%)
----------------- Invoking toplevel() on ptolemy.moml.MoMLSimpleApplication@b94f902
----------------- Done invoking toplevel() on ptolemy.moml.MoMLSimpleApplication@b94f902
reloadAllAccessors: .BooleanSelect2

===========================================================================================
----------------- testing Sat Jun 06 14:38:19 UTC 2020 /home/travis/build/icyphy/ptII/ptolemy/actor/lib/test/auto/BooleanSwitch.xml
----------------- Instantiating /home/travis/build/icyphy/ptII/ptolemy/actor/lib/test/auto/BooleanSwitch.xml
40 ms. Memory: 493568K Free: 444416K (90%)
----------------- Invoking toplevel() on ptolemy.moml.MoMLSimpleApplication@4299a238
----------------- Done invoking toplevel() on ptolemy.moml.MoMLSimpleApplication@4299a238
reloadAllAccessors: .BooleanSwitch

===========================================================================================
----------------- testing Sat Jun 06 14:38:19 UTC 2020 /home/travis/build/icyphy/ptII/ptolemy/actor/lib/test/auto/BooleanSwitch2.xml
----------------- Instantiating /home/travis/build/icyphy/ptII/ptolemy/actor/lib/test/auto/BooleanSwitch2.xml
1 ms. Memory: 493568K Free: 439296K (89%)
----------------- Invoking toplevel() on ptolemy.moml.MoMLSimpleApplication@7fd581cc
----------------- Done invoking toplevel() on ptolemy.moml.MoMLSimpleApplication@7fd581cc
reloadAllAccessors: .BooleanSwitch2

===========================================================================================
----------------- testing Sat Jun 06 14:38:19 UTC 2020 /home/travis/build/icyphy/ptII/ptolemy/actor/lib/test/auto/BooleanSwitchCloningBugWithClassRelationGroup.xml
----------------- Instantiating /home/travis/build/icyphy/ptII/ptolemy/actor/lib/test/auto/BooleanSwitchCloningBugWithClassRelationGroup.xml
2 ms. Memory: 493568K Free: 433152K (88%)
----------------- Invoking toplevel() on ptolemy.moml.MoMLSimpleApplication@53971930
----------------- Done invoking toplevel() on ptolemy.moml.MoMLSimpleApplication@53971930
reloadAllAccessors: .BooleanSwitchCloningBugWithClassRelationGroup

===========================================================================================
----------------- testing Sat Jun 06 14:38:19 UTC 2020 /home/travis/build/icyphy/ptII/ptolemy/actor/lib/test/auto/BusActors.xml
----------------- Instantiating /home/travis/build/icyphy/ptII/ptolemy/actor/lib/test/auto/BusActors.xml
6 ms. Memory: 493568K Free: 425470K (86%)
----------------- Invoking toplevel() on ptolemy.moml.MoMLSimpleApplication@6316d77
----------------- Done invoking toplevel() on ptolemy.moml.MoMLSimpleApplication@6316d77
reloadAllAccessors: .BusActors

===========================================================================================
----------------- testing Sat Jun 06 14:38:19 UTC 2020 /home/travis/build/icyphy/ptII/ptolemy/actor/lib/test/auto/ClassWrapper.xml
----------------- Instantiating /home/travis/build/icyphy/ptII/ptolemy/actor/lib/test/auto/ClassWrapper.xml
4 ms. Memory: 493568K Free: 420864K (85%)
----------------- Invoking toplevel() on ptolemy.moml.MoMLSimpleApplication@126b51ae
----------------- Done invoking toplevel() on ptolemy.moml.MoMLSimpleApplication@126b51ae
reloadAllAccessors: .ClassWrapper

===========================================================================================
----------------- testing Sat Jun 06 14:38:19 UTC 2020 /home/travis/build/icyphy/ptII/ptolemy/actor/lib/test/auto/Clock.xml
----------------- Instantiating /home/travis/build/icyphy/ptII/ptolemy/actor/lib/test/auto/Clock.xml
1 ms. Memory: 493568K Free: 416768K (84%)
----------------- Invoking toplevel() on ptolemy.moml.MoMLSimpleApplication@59eea89d
----------------- Done invoking toplevel() on ptolemy.moml.MoMLSimpleApplication@59eea89d
reloadAllAccessors: .Clock

===========================================================================================
----------------- testing Sat Jun 06 14:38:19 UTC 2020 /home/travis/build/icyphy/ptII/ptolemy/actor/lib/test/auto/Clock10.xml
----------------- Instantiating /home/travis/build/icyphy/ptII/ptolemy/actor/lib/test/auto/Clock10.xml
4 ms. Memory: 493568K Free: 411134K (83%)
----------------- Invoking toplevel() on ptolemy.moml.MoMLSimpleApplication@193ab8ec
----------------- Done invoking toplevel() on ptolemy.moml.MoMLSimpleApplication@193ab8ec
reloadAllAccessors: .Clock10

===========================================================================================
----------------- testing Sat Jun 06 14:38:19 UTC 2020 /home/travis/build/icyphy/ptII/ptolemy/actor/lib/test/auto/Clock11.xml
----------------- Instantiating /home/travis/build/icyphy/ptII/ptolemy/actor/lib/test/auto/Clock11.xml
4 ms. Memory: 493568K Free: 404990K (82%)
----------------- Invoking toplevel() on ptolemy.moml.MoMLSimpleApplication@48a22976
----------------- Done invoking toplevel() on ptolemy.moml.MoMLSimpleApplication@48a22976
reloadAllAccessors: .Clock11

===========================================================================================
----------------- testing Sat Jun 06 14:38:19 UTC 2020 /home/travis/build/icyphy/ptII/ptolemy/actor/lib/test/auto/Clock12.xml
----------------- Instantiating /home/travis/build/icyphy/ptII/ptolemy/actor/lib/test/auto/Clock12.xml
4 ms. Memory: 493568K Free: 399360K (81%)
----------------- Invoking toplevel() on ptolemy.moml.MoMLSimpleApplication@5020570f
----------------- Done invoking toplevel() on ptolemy.moml.MoMLSimpleApplication@5020570f
reloadAllAccessors: .Clock12

===========================================================================================
----------------- testing Sat Jun 06 14:38:19 UTC 2020 /home/travis/build/icyphy/ptII/ptolemy/actor/lib/test/auto/Clock13.xml
----------------- Instantiating /home/travis/build/icyphy/ptII/ptolemy/actor/lib/test/auto/Clock13.xml
5 ms. Memory: 493568K Free: 393216K (80%)
----------------- Invoking toplevel() on ptolemy.moml.MoMLSimpleApplication@3d07fbec
----------------- Done invoking toplevel() on ptolemy.moml.MoMLSimpleApplication@3d07fbec
reloadAllAccessors: .Clock13

===========================================================================================
----------------- testing Sat Jun 06 14:38:19 UTC 2020 /home/travis/build/icyphy/ptII/ptolemy/actor/lib/test/auto/Clock14.xml
----------------- Instantiating /home/travis/build/icyphy/ptII/ptolemy/actor/lib/test/auto/Clock14.xml
5 ms. Memory: 493568K Free: 387072K (78%)
----------------- Invoking toplevel() on ptolemy.moml.MoMLSimpleApplication@605d660
----------------- Done invoking toplevel() on ptolemy.moml.MoMLSimpleApplication@605d660
reloadAllAccessors: .Clock14

===========================================================================================
----------------- testing Sat Jun 06 14:38:19 UTC 2020 /home/travis/build/icyphy/ptII/ptolemy/actor/lib/test/auto/Clock15.xml
----------------- Instantiating /home/travis/build/icyphy/ptII/ptolemy/actor/lib/test/auto/Clock15.xml
5 ms. Memory: 493568K Free: 381407K (77%)
----------------- Invoking toplevel() on ptolemy.moml.MoMLSimpleApplication@2f41192e
----------------- Done invoking toplevel() on ptolemy.moml.MoMLSimpleApplication@2f41192e
reloadAllAccessors: .Clock15

===========================================================================================
----------------- testing Sat Jun 06 14:38:19 UTC 2020 /home/travis/build/icyphy/ptII/ptolemy/actor/lib/test/auto/Clock16.xml
----------------- Instantiating /home/travis/build/icyphy/ptII/ptolemy/actor/lib/test/auto/Clock16.xml
34 ms. Memory: 493568K Free: 367095K (74%)
----------------- Invoking toplevel() on ptolemy.moml.MoMLSimpleApplication@77ddc30
----------------- Done invoking toplevel() on ptolemy.moml.MoMLSimpleApplication@77ddc30
reloadAllAccessors: .Clock16

===========================================================================================
----------------- testing Sat Jun 06 14:38:19 UTC 2020 /home/travis/build/icyphy/ptII/ptolemy/actor/lib/test/auto/Clock17.xml
----------------- Instantiating /home/travis/build/icyphy/ptII/ptolemy/actor/lib/test/auto/Clock17.xml
30 ms. Memory: 493568K Free: 353280K (72%)
----------------- Invoking toplevel() on ptolemy.moml.MoMLSimpleApplication@5c013b23
----------------- Done invoking toplevel() on ptolemy.moml.MoMLSimpleApplication@5c013b23
reloadAllAccessors: .Clock17

===========================================================================================
----------------- testing Sat Jun 06 14:38:19 UTC 2020 /home/travis/build/icyphy/ptII/ptolemy/actor/lib/test/auto/Clock18.xml
----------------- Instantiating /home/travis/build/icyphy/ptII/ptolemy/actor/lib/test/auto/Clock18.xml
21 ms. Memory: 493568K Free: 339968K (69%)
----------------- Invoking toplevel() on ptolemy.moml.MoMLSimpleApplication@2a198b7b
----------------- Done invoking toplevel() on ptolemy.moml.MoMLSimpleApplication@2a198b7b
reloadAllAccessors: .Clock18

===========================================================================================
----------------- testing Sat Jun 06 14:38:19 UTC 2020 /home/travis/build/icyphy/ptII/ptolemy/actor/lib/test/auto/Clock19.xml
----------------- Instantiating /home/travis/build/icyphy/ptII/ptolemy/actor/lib/test/auto/Clock19.xml
13 ms. Memory: 493568K Free: 327146K (66%)
----------------- Invoking toplevel() on ptolemy.moml.MoMLSimpleApplication@b67e86c
----------------- Done invoking toplevel() on ptolemy.moml.MoMLSimpleApplication@b67e86c
reloadAllAccessors: .Clock19

===========================================================================================
----------------- testing Sat Jun 06 14:38:19 UTC 2020 /home/travis/build/icyphy/ptII/ptolemy/actor/lib/test/auto/Clock2.xml
----------------- Instantiating /home/travis/build/icyphy/ptII/ptolemy/actor/lib/test/auto/Clock2.xml
7 ms. Memory: 493568K Free: 322015K (65%)
----------------- Invoking toplevel() on ptolemy.moml.MoMLSimpleApplication@3814ddce
----------------- Done invoking toplevel() on ptolemy.moml.MoMLSimpleApplication@3814ddce
reloadAllAccessors: .Clock2

===========================================================================================
----------------- testing Sat Jun 06 14:38:19 UTC 2020 /home/travis/build/icyphy/ptII/ptolemy/actor/lib/test/auto/Clock20.xml
----------------- Instantiating /home/travis/build/icyphy/ptII/ptolemy/actor/lib/test/auto/Clock20.xml
8 ms. Memory: 493568K Free: 316416K (64%)
----------------- Invoking toplevel() on ptolemy.moml.MoMLSimpleApplication@29984d8d
----------------- Done invoking toplevel() on ptolemy.moml.MoMLSimpleApplication@29984d8d
reloadAllAccessors: .Clock20

===========================================================================================
----------------- testing Sat Jun 06 14:38:19 UTC 2020 /home/travis/build/icyphy/ptII/ptolemy/actor/lib/test/auto/Clock21.xml
----------------- Instantiating /home/travis/build/icyphy/ptII/ptolemy/actor/lib/test/auto/Clock21.xml
5 ms. Memory: 493568K Free: 311296K (63%)
----------------- Invoking toplevel() on ptolemy.moml.MoMLSimpleApplication@56dd7de9
----------------- Done invoking toplevel() on ptolemy.moml.MoMLSimpleApplication@56dd7de9
reloadAllAccessors: .Clock21

===========================================================================================
----------------- testing Sat Jun 06 14:38:19 UTC 2020 /home/travis/build/icyphy/ptII/ptolemy/actor/lib/test/auto/Clock22.xml
----------------- Instantiating /home/travis/build/icyphy/ptII/ptolemy/actor/lib/test/auto/Clock22.xml
5 ms. Memory: 493568K Free: 305662K (62%)
----------------- Invoking toplevel() on ptolemy.moml.MoMLSimpleApplication@2e766dba
----------------- Done invoking toplevel() on ptolemy.moml.MoMLSimpleApplication@2e766dba
reloadAllAccessors: .Clock22

===========================================================================================
----------------- testing Sat Jun 06 14:38:19 UTC 2020 /home/travis/build/icyphy/ptII/ptolemy/actor/lib/test/auto/Clock23.xml
----------------- Instantiating /home/travis/build/icyphy/ptII/ptolemy/actor/lib/test/auto/Clock23.xml
5 ms. Memory: 493568K Free: 300542K (61%)
----------------- Invoking toplevel() on ptolemy.moml.MoMLSimpleApplication@3013a3ea
----------------- Done invoking toplevel() on ptolemy.moml.MoMLSimpleApplication@3013a3ea
reloadAllAccessors: .Clock23

===========================================================================================
----------------- testing Sat Jun 06 14:38:19 UTC 2020 /home/travis/build/icyphy/ptII/ptolemy/actor/lib/test/auto/Clock24.xml
----------------- Instantiating /home/travis/build/icyphy/ptII/ptolemy/actor/lib/test/auto/Clock24.xml
4 ms. Memory: 493568K Free: 294912K (60%)
----------------- Invoking toplevel() on ptolemy.moml.MoMLSimpleApplication@843f8be
----------------- Done invoking toplevel() on ptolemy.moml.MoMLSimpleApplication@843f8be
reloadAllAccessors: .Clock24

===========================================================================================
----------------- testing Sat Jun 06 14:38:19 UTC 2020 /home/travis/build/icyphy/ptII/ptolemy/actor/lib/test/auto/Clock4.xml
----------------- Instantiating /home/travis/build/icyphy/ptII/ptolemy/actor/lib/test/auto/Clock4.xml
1 ms. Memory: 493568K Free: 290271K (59%)
----------------- Invoking toplevel() on ptolemy.moml.MoMLSimpleApplication@11db1ed7
----------------- Done invoking toplevel() on ptolemy.moml.MoMLSimpleApplication@11db1ed7
reloadAllAccessors: .Clock4

===========================================================================================
----------------- testing Sat Jun 06 14:38:19 UTC 2020 /home/travis/build/icyphy/ptII/ptolemy/actor/lib/test/auto/Clock5.xml
----------------- Instantiating /home/travis/build/icyphy/ptII/ptolemy/actor/lib/test/auto/Clock5.xml
2 ms. Memory: 493568K Free: 284672K (58%)
----------------- Invoking toplevel() on ptolemy.moml.MoMLSimpleApplication@7c7afe70
----------------- Done invoking toplevel() on ptolemy.moml.MoMLSimpleApplication@7c7afe70
reloadAllAccessors: .Clock5

===========================================================================================
----------------- testing Sat Jun 06 14:38:19 UTC 2020 /home/travis/build/icyphy/ptII/ptolemy/actor/lib/test/auto/Clock6.xml
----------------- Instantiating /home/travis/build/icyphy/ptII/ptolemy/actor/lib/test/auto/Clock6.xml
2 ms. Memory: 493568K Free: 280062K (57%)
----------------- Invoking toplevel() on ptolemy.moml.MoMLSimpleApplication@63f8f606
----------------- Done invoking toplevel() on ptolemy.moml.MoMLSimpleApplication@63f8f606
reloadAllAccessors: .Clock6

===========================================================================================
----------------- testing Sat Jun 06 14:38:19 UTC 2020 /home/travis/build/icyphy/ptII/ptolemy/actor/lib/test/auto/Clock7.xml
----------------- Instantiating /home/travis/build/icyphy/ptII/ptolemy/actor/lib/test/auto/Clock7.xml
2 ms. Memory: 493568K Free: 275966K (56%)
----------------- Invoking toplevel() on ptolemy.moml.MoMLSimpleApplication@266cf0e5
----------------- Done invoking toplevel() on ptolemy.moml.MoMLSimpleApplication@266cf0e5
reloadAllAccessors: .Clock7

===========================================================================================
----------------- testing Sat Jun 06 14:38:19 UTC 2020 /home/travis/build/icyphy/ptII/ptolemy/actor/lib/test/auto/Clock8.xml
----------------- Instantiating /home/travis/build/icyphy/ptII/ptolemy/actor/lib/test/auto/Clock8.xml
6 ms. Memory: 493568K Free: 270336K (55%)
----------------- Invoking toplevel() on ptolemy.moml.MoMLSimpleApplication@7aad9982
----------------- Done invoking toplevel() on ptolemy.moml.MoMLSimpleApplication@7aad9982
reloadAllAccessors: .Clock8

===========================================================================================
----------------- testing Sat Jun 06 14:38:19 UTC 2020 /home/travis/build/icyphy/ptII/ptolemy/actor/lib/test/auto/Clock9.xml
----------------- Instantiating /home/travis/build/icyphy/ptII/ptolemy/actor/lib/test/auto/Clock9.xml
5 ms. Memory: 493568K Free: 265216K (54%)
----------------- Invoking toplevel() on ptolemy.moml.MoMLSimpleApplication@2c951fff
----------------- Done invoking toplevel() on ptolemy.moml.MoMLSimpleApplication@2c951fff
reloadAllAccessors: .Clock9

===========================================================================================
----------------- testing Sat Jun 06 14:38:19 UTC 2020 /home/travis/build/icyphy/ptII/ptolemy/actor/lib/test/auto/CommDistDiscard.xml
----------------- Instantiating /home/travis/build/icyphy/ptII/ptolemy/actor/lib/test/auto/CommDistDiscard.xml
4 ms. Memory: 493568K Free: 259582K (53%)
----------------- Invoking toplevel() on ptolemy.moml.MoMLSimpleApplication@4254f6aa
----------------- Done invoking toplevel() on ptolemy.moml.MoMLSimpleApplication@4254f6aa
reloadAllAccessors: .CommDistDiscard

===========================================================================================
----------------- testing Sat Jun 06 14:38:19 UTC 2020 /home/travis/build/icyphy/ptII/ptolemy/actor/lib/test/auto/Commutator.xml
----------------- Instantiating /home/travis/build/icyphy/ptII/ptolemy/actor/lib/test/auto/Commutator.xml
3 ms. Memory: 493568K Free: 254976K (52%)
----------------- Invoking toplevel() on ptolemy.moml.MoMLSimpleApplication@33c437c6
----------------- Done invoking toplevel() on ptolemy.moml.MoMLSimpleApplication@33c437c6
reloadAllAccessors: .Commutator

===========================================================================================
----------------- testing Sat Jun 06 14:38:20 UTC 2020 /home/travis/build/icyphy/ptII/ptolemy/actor/lib/test/auto/Commutator2.xml
----------------- Instantiating /home/travis/build/icyphy/ptII/ptolemy/actor/lib/test/auto/Commutator2.xml
2 ms. Memory: 493568K Free: 250880K (51%)
----------------- Invoking toplevel() on ptolemy.moml.MoMLSimpleApplication@2e505fec
----------------- Done invoking toplevel() on ptolemy.moml.MoMLSimpleApplication@2e505fec
reloadAllAccessors: .Commutator2

===========================================================================================
----------------- testing Sat Jun 06 14:38:20 UTC 2020 /home/travis/build/icyphy/ptII/ptolemy/actor/lib/test/auto/Commutator3.xml
----------------- Instantiating /home/travis/build/icyphy/ptII/ptolemy/actor/lib/test/auto/Commutator3.xml
2 ms. Memory: 493568K Free: 246270K (50%)
----------------- Invoking toplevel() on ptolemy.moml.MoMLSimpleApplication@2a85c21a
----------------- Done invoking toplevel() on ptolemy.moml.MoMLSimpleApplication@2a85c21a
reloadAllAccessors: .Commutator3

===========================================================================================
----------------- testing Sat Jun 06 14:38:20 UTC 2020 /home/travis/build/icyphy/ptII/ptolemy/actor/lib/test/auto/Compare.xml
----------------- Instantiating /home/travis/build/icyphy/ptII/ptolemy/actor/lib/test/auto/Compare.xml
44 ms. Memory: 493568K Free: 444595K (90%)
----------------- Invoking toplevel() on ptolemy.moml.MoMLSimpleApplication@160a33d3
----------------- Done invoking toplevel() on ptolemy.moml.MoMLSimpleApplication@160a33d3
reloadAllAccessors: .Compare

===========================================================================================
----------------- testing Sat Jun 06 14:38:20 UTC 2020 /home/travis/build/icyphy/ptII/ptolemy/actor/lib/test/auto/CompareDE.xml
----------------- Instantiating /home/travis/build/icyphy/ptII/ptolemy/actor/lib/test/auto/CompareDE.xml
3 ms. Memory: 493568K Free: 437231K (89%)
----------------- Invoking toplevel() on ptolemy.moml.MoMLSimpleApplication@4dbe5bd5
----------------- Done invoking toplevel() on ptolemy.moml.MoMLSimpleApplication@4dbe5bd5
reloadAllAccessors: .CompareDE

===========================================================================================
----------------- testing Sat Jun 06 14:38:20 UTC 2020 /home/travis/build/icyphy/ptII/ptolemy/actor/lib/test/auto/ComplexDivide.xml
----------------- Instantiating /home/travis/build/icyphy/ptII/ptolemy/actor/lib/test/auto/ComplexDivide.xml
2 ms. Memory: 493568K Free: 433150K (88%)
----------------- Invoking toplevel() on ptolemy.moml.MoMLSimpleApplication@3c6d4e0a
----------------- Done invoking toplevel() on ptolemy.moml.MoMLSimpleApplication@3c6d4e0a
reloadAllAccessors: .ComplexDivide

===========================================================================================
----------------- testing Sat Jun 06 14:38:20 UTC 2020 /home/travis/build/icyphy/ptII/ptolemy/actor/lib/test/auto/ComputeHistogram.xml
----------------- Instantiating /home/travis/build/icyphy/ptII/ptolemy/actor/lib/test/auto/ComputeHistogram.xml
21 ms. Memory: 493568K Free: 420352K (85%)
----------------- Invoking toplevel() on ptolemy.moml.MoMLSimpleApplication@7e822034
----------------- Done invoking toplevel() on ptolemy.moml.MoMLSimpleApplication@7e822034
reloadAllAccessors: .ComputeHistogram

===========================================================================================
----------------- testing Sat Jun 06 14:38:20 UTC 2020 /home/travis/build/icyphy/ptII/ptolemy/actor/lib/test/auto/ConfigurationSelect.xml
----------------- Instantiating /home/travis/build/icyphy/ptII/ptolemy/actor/lib/test/auto/ConfigurationSelect.xml
7 ms. Memory: 493568K Free: 415232K (84%)
----------------- Invoking toplevel() on ptolemy.moml.MoMLSimpleApplication@11699f9f
----------------- Done invoking toplevel() on ptolemy.moml.MoMLSimpleApplication@11699f9f
reloadAllAccessors: .ConfigurationSelect

===========================================================================================
----------------- testing Sat Jun 06 14:38:20 UTC 2020 /home/travis/build/icyphy/ptII/ptolemy/actor/lib/test/auto/ConfigurationSelect2.xml
----------------- Instantiating /home/travis/build/icyphy/ptII/ptolemy/actor/lib/test/auto/ConfigurationSelect2.xml
2 ms. Memory: 493568K Free: 410622K (83%)
----------------- Invoking toplevel() on ptolemy.moml.MoMLSimpleApplication@541d6620
----------------- Done invoking toplevel() on ptolemy.moml.MoMLSimpleApplication@541d6620
reloadAllAccessors: .ConfigurationSelect2

===========================================================================================
----------------- testing Sat Jun 06 14:38:20 UTC 2020 /home/travis/build/icyphy/ptII/ptolemy/actor/lib/test/auto/ConfigurationSwitch.xml
----------------- Instantiating /home/travis/build/icyphy/ptII/ptolemy/actor/lib/test/auto/ConfigurationSwitch.xml
2 ms. Memory: 493568K Free: 404992K (82%)
----------------- Invoking toplevel() on ptolemy.moml.MoMLSimpleApplication@687064a2
----------------- Done invoking toplevel() on ptolemy.moml.MoMLSimpleApplication@687064a2
reloadAllAccessors: .ConfigurationSwitch

===========================================================================================
----------------- testing Sat Jun 06 14:38:20 UTC 2020 /home/travis/build/icyphy/ptII/ptolemy/actor/lib/test/auto/ConfigurationSwitch2.xml
----------------- Instantiating /home/travis/build/icyphy/ptII/ptolemy/actor/lib/test/auto/ConfigurationSwitch2.xml
3 ms. Memory: 493568K Free: 399872K (81%)
----------------- Invoking toplevel() on ptolemy.moml.MoMLSimpleApplication@36b152c5
----------------- Done invoking toplevel() on ptolemy.moml.MoMLSimpleApplication@36b152c5
reloadAllAccessors: .ConfigurationSwitch2

===========================================================================================
----------------- testing Sat Jun 06 14:38:20 UTC 2020 /home/travis/build/icyphy/ptII/ptolemy/actor/lib/test/auto/ConfigurationSwitchCloningBugWithClassRelationGroup.xml
----------------- Instantiating /home/travis/build/icyphy/ptII/ptolemy/actor/lib/test/auto/ConfigurationSwitchCloningBugWithClassRelationGroup.xml
1 ms. Memory: 493568K Free: 392704K (80%)
----------------- Invoking toplevel() on ptolemy.moml.MoMLSimpleApplication@3e7f20c7
----------------- Done invoking toplevel() on ptolemy.moml.MoMLSimpleApplication@3e7f20c7
reloadAllAccessors: .ConfigurationSwitchCloningBugWithClassRelationGroup

===========================================================================================
----------------- testing Sat Jun 06 14:38:20 UTC 2020 /home/travis/build/icyphy/ptII/ptolemy/actor/lib/test/auto/ConfigurationSwitchSelectSDF.xml
----------------- Instantiating /home/travis/build/icyphy/ptII/ptolemy/actor/lib/test/auto/ConfigurationSwitchSelectSDF.xml
3 ms. Memory: 493568K Free: 387070K (78%)
----------------- Invoking toplevel() on ptolemy.moml.MoMLSimpleApplication@5247942f
----------------- Done invoking toplevel() on ptolemy.moml.MoMLSimpleApplication@5247942f
reloadAllAccessors: .ConfigurationSwitchSelectSDF

===========================================================================================
----------------- testing Sat Jun 06 14:38:20 UTC 2020 /home/travis/build/icyphy/ptII/ptolemy/actor/lib/test/auto/ConfigurationSwitchSelectSDF2.xml
----------------- Instantiating /home/travis/build/icyphy/ptII/ptolemy/actor/lib/test/auto/ConfigurationSwitchSelectSDF2.xml
2 ms. Memory: 493568K Free: 380926K (77%)
----------------- Invoking toplevel() on ptolemy.moml.MoMLSimpleApplication@7ff85b80
----------------- Done invoking toplevel() on ptolemy.moml.MoMLSimpleApplication@7ff85b80
reloadAllAccessors: .ConfigurationSwitchSelectSDF2

===========================================================================================
----------------- testing Sat Jun 06 14:38:20 UTC 2020 /home/travis/build/icyphy/ptII/ptolemy/actor/lib/test/auto/Const.xml
----------------- Instantiating /home/travis/build/icyphy/ptII/ptolemy/actor/lib/test/auto/Const.xml
1 ms. Memory: 493568K Free: 377344K (76%)
----------------- Invoking toplevel() on ptolemy.moml.MoMLSimpleApplication@4e688b58
----------------- Done invoking toplevel() on ptolemy.moml.MoMLSimpleApplication@4e688b58
reloadAllAccessors: .Const

===========================================================================================
----------------- testing Sat Jun 06 14:38:20 UTC 2020 /home/travis/build/icyphy/ptII/ptolemy/actor/lib/test/auto/Const2.xml
----------------- Instantiating /home/travis/build/icyphy/ptII/ptolemy/actor/lib/test/auto/Const2.xml
1 ms. Memory: 493568K Free: 373758K (76%)
----------------- Invoking toplevel() on ptolemy.moml.MoMLSimpleApplication@59932e6c
----------------- Done invoking toplevel() on ptolemy.moml.MoMLSimpleApplication@59932e6c
reloadAllAccessors: .Const2

===========================================================================================
----------------- testing Sat Jun 06 14:38:20 UTC 2020 /home/travis/build/icyphy/ptII/ptolemy/actor/lib/test/auto/Const3.xml
----------------- Instantiating /home/travis/build/icyphy/ptII/ptolemy/actor/lib/test/auto/Const3.xml
1 ms. Memory: 493568K Free: 370686K (75%)
----------------- Invoking toplevel() on ptolemy.moml.MoMLSimpleApplication@4799f6d8
----------------- Done invoking toplevel() on ptolemy.moml.MoMLSimpleApplication@4799f6d8
reloadAllAccessors: .Const3

===========================================================================================
----------------- testing Sat Jun 06 14:38:20 UTC 2020 /home/travis/build/icyphy/ptII/ptolemy/actor/lib/test/auto/ConstantPublisherPort1.xml
----------------- Instantiating /home/travis/build/icyphy/ptII/ptolemy/actor/lib/test/auto/ConstantPublisherPort1.xml
9 ms. Memory: 493568K Free: 361984K (73%)
----------------- Invoking toplevel() on ptolemy.moml.MoMLSimpleApplication@4c9900eb
----------------- Done invoking toplevel() on ptolemy.moml.MoMLSimpleApplication@4c9900eb
reloadAllAccessors: .ConstantPublisherPort1

===========================================================================================
----------------- testing Sat Jun 06 14:38:20 UTC 2020 /home/travis/build/icyphy/ptII/ptolemy/actor/lib/test/auto/ConstantPublisherPort2.xml
----------------- Instantiating /home/travis/build/icyphy/ptII/ptolemy/actor/lib/test/auto/ConstantPublisherPort2.xml
9 ms. Memory: 493568K Free: 354816K (72%)
----------------- Invoking toplevel() on ptolemy.moml.MoMLSimpleApplication@60137f5
----------------- Done invoking toplevel() on ptolemy.moml.MoMLSimpleApplication@60137f5
reloadAllAccessors: .ConstantPublisherPort2

===========================================================================================
----------------- testing Sat Jun 06 14:38:20 UTC 2020 /home/travis/build/icyphy/ptII/ptolemy/actor/lib/test/auto/ConstantPublisherPort3.xml
----------------- Instantiating /home/travis/build/icyphy/ptII/ptolemy/actor/lib/test/auto/ConstantPublisherPort3.xml
5 ms. Memory: 493568K Free: 346624K (70%)
----------------- Invoking toplevel() on ptolemy.moml.MoMLSimpleApplication@6866093a
----------------- Done invoking toplevel() on ptolemy.moml.MoMLSimpleApplication@6866093a
reloadAllAccessors: .ConstantPublisherPort3

===========================================================================================
----------------- testing Sat Jun 06 14:38:20 UTC 2020 /home/travis/build/icyphy/ptII/ptolemy/actor/lib/test/auto/ConstantPublisherPort4.xml
----------------- Instantiating /home/travis/build/icyphy/ptII/ptolemy/actor/lib/test/auto/ConstantPublisherPort4.xml
2 ms. Memory: 493568K Free: 339456K (69%)
----------------- Invoking toplevel() on ptolemy.moml.MoMLSimpleApplication@4bc60e1d
----------------- Done invoking toplevel() on ptolemy.moml.MoMLSimpleApplication@4bc60e1d
reloadAllAccessors: .ConstantPublisherPort4

===========================================================================================
----------------- testing Sat Jun 06 14:38:20 UTC 2020 /home/travis/build/icyphy/ptII/ptolemy/actor/lib/test/auto/ConstantPublisherPort5.xml
----------------- Instantiating /home/travis/build/icyphy/ptII/ptolemy/actor/lib/test/auto/ConstantPublisherPort5.xml
22 ms. Memory: 493568K Free: 330240K (67%)
----------------- Invoking toplevel() on ptolemy.moml.MoMLSimpleApplication@1be5bcf8
----------------- Done invoking toplevel() on ptolemy.moml.MoMLSimpleApplication@1be5bcf8
reloadAllAccessors: .ConstantPublisherPort5

===========================================================================================
----------------- testing Sat Jun 06 14:38:20 UTC 2020 /home/travis/build/icyphy/ptII/ptolemy/actor/lib/test/auto/ConstantPublisherPort6.xml
----------------- Instantiating /home/travis/build/icyphy/ptII/ptolemy/actor/lib/test/auto/ConstantPublisherPort6.xml
21 ms. Memory: 493568K Free: 320510K (65%)
----------------- Invoking toplevel() on ptolemy.moml.MoMLSimpleApplication@6cc12f49
----------------- Done invoking toplevel() on ptolemy.moml.MoMLSimpleApplication@6cc12f49
reloadAllAccessors: .ConstantPublisherPort6

===========================================================================================
----------------- testing Sat Jun 06 14:38:20 UTC 2020 /home/travis/build/icyphy/ptII/ptolemy/actor/lib/test/auto/ConstantPublisherPort7.xml
----------------- Instantiating /home/travis/build/icyphy/ptII/ptolemy/actor/lib/test/auto/ConstantPublisherPort7.xml
21 ms. Memory: 493568K Free: 310784K (63%)
----------------- Invoking toplevel() on ptolemy.moml.MoMLSimpleApplication@55c759b8
----------------- Done invoking toplevel() on ptolemy.moml.MoMLSimpleApplication@55c759b8
reloadAllAccessors: .ConstantPublisherPort7

===========================================================================================
----------------- testing Sat Jun 06 14:38:20 UTC 2020 /home/travis/build/icyphy/ptII/ptolemy/actor/lib/test/auto/ConstraintMonitor1.xml
----------------- Instantiating /home/travis/build/icyphy/ptII/ptolemy/actor/lib/test/auto/ConstraintMonitor1.xml
9 ms. Memory: 493568K Free: 305664K (62%)
----------------- Invoking toplevel() on ptolemy.moml.MoMLSimpleApplication@3f07b5ad
----------------- Done invoking toplevel() on ptolemy.moml.MoMLSimpleApplication@3f07b5ad
reloadAllAccessors: .ConstraintMonitor1

===========================================================================================
----------------- testing Sat Jun 06 14:38:20 UTC 2020 /home/travis/build/icyphy/ptII/ptolemy/actor/lib/test/auto/ConstraintMonitor2.xml
----------------- Instantiating /home/travis/build/icyphy/ptII/ptolemy/actor/lib/test/auto/ConstraintMonitor2.xml
5 ms. Memory: 493568K Free: 301054K (61%)
----------------- Invoking toplevel() on ptolemy.moml.MoMLSimpleApplication@1a3f3922
----------------- Done invoking toplevel() on ptolemy.moml.MoMLSimpleApplication@1a3f3922
reloadAllAccessors: .ConstraintMonitor2

===========================================================================================
----------------- testing Sat Jun 06 14:38:20 UTC 2020 /home/travis/build/icyphy/ptII/ptolemy/actor/lib/test/auto/ConstraintMonitor3.xml
----------------- Instantiating /home/travis/build/icyphy/ptII/ptolemy/actor/lib/test/auto/ConstraintMonitor3.xml
5 ms. Memory: 493568K Free: 296448K (60%)
----------------- Invoking toplevel() on ptolemy.moml.MoMLSimpleApplication@7a386e59
----------------- Done invoking toplevel() on ptolemy.moml.MoMLSimpleApplication@7a386e59
reloadAllAccessors: .ConstraintMonitor3

===========================================================================================
----------------- testing Sat Jun 06 14:38:20 UTC 2020 /home/travis/build/icyphy/ptII/ptolemy/actor/lib/test/auto/ConstraintMonitor4.xml
----------------- Instantiating /home/travis/build/icyphy/ptII/ptolemy/actor/lib/test/auto/ConstraintMonitor4.xml
1 ms. Memory: 493568K Free: 291838K (59%)
----------------- Invoking toplevel() on ptolemy.moml.MoMLSimpleApplication@49343be3
----------------- Done invoking toplevel() on ptolemy.moml.MoMLSimpleApplication@49343be3
reloadAllAccessors: .ConstraintMonitor4

===========================================================================================
----------------- testing Sat Jun 06 14:38:20 UTC 2020 /home/travis/build/icyphy/ptII/ptolemy/actor/lib/test/auto/ConstraintMonitor5.xml
----------------- Instantiating /home/travis/build/icyphy/ptII/ptolemy/actor/lib/test/auto/ConstraintMonitor5.xml
3 ms. Memory: 493568K Free: 286208K (58%)
----------------- Invoking toplevel() on ptolemy.moml.MoMLSimpleApplication@6c72d17c
----------------- Done invoking toplevel() on ptolemy.moml.MoMLSimpleApplication@6c72d17c
reloadAllAccessors: .ConstraintMonitor5

===========================================================================================
----------------- testing Sat Jun 06 14:38:20 UTC 2020 /home/travis/build/icyphy/ptII/ptolemy/actor/lib/test/auto/ConstraintMonitor6.xml
----------------- Instantiating /home/travis/build/icyphy/ptII/ptolemy/actor/lib/test/auto/ConstraintMonitor6.xml
2 ms. Memory: 493568K Free: 280559K (57%)
----------------- Invoking toplevel() on ptolemy.moml.MoMLSimpleApplication@14ef6c65
----------------- Done invoking toplevel() on ptolemy.moml.MoMLSimpleApplication@14ef6c65
reloadAllAccessors: .ConstraintMonitor6

===========================================================================================
----------------- testing Sat Jun 06 14:38:20 UTC 2020 /home/travis/build/icyphy/ptII/ptolemy/actor/lib/test/auto/ConstraintMonitor7.xml
----------------- Instantiating /home/travis/build/icyphy/ptII/ptolemy/actor/lib/test/auto/ConstraintMonitor7.xml
2 ms. Memory: 493568K Free: 274415K (56%)
----------------- Invoking toplevel() on ptolemy.moml.MoMLSimpleApplication@16be1ed1
----------------- Done invoking toplevel() on ptolemy.moml.MoMLSimpleApplication@16be1ed1
reloadAllAccessors: .ConstraintMonitor7

===========================================================================================
----------------- testing Sat Jun 06 14:38:20 UTC 2020 /home/travis/build/icyphy/ptII/ptolemy/actor/lib/test/auto/ConstraintMonitor8.xml
----------------- Instantiating /home/travis/build/icyphy/ptII/ptolemy/actor/lib/test/auto/ConstraintMonitor8.xml
7 ms. Memory: 493568K Free: 266752K (54%)
----------------- Invoking toplevel() on ptolemy.moml.MoMLSimpleApplication@4f2c320c
----------------- Done invoking toplevel() on ptolemy.moml.MoMLSimpleApplication@4f2c320c
reloadAllAccessors: .ConstraintMonitor8

===========================================================================================
----------------- testing Sat Jun 06 14:38:20 UTC 2020 /home/travis/build/icyphy/ptII/ptolemy/actor/lib/test/auto/Counter.xml
----------------- Instantiating /home/travis/build/icyphy/ptII/ptolemy/actor/lib/test/auto/Counter.xml
2 ms. Memory: 493568K Free: 262137K (53%)
----------------- Invoking toplevel() on ptolemy.moml.MoMLSimpleApplication@2fd88637
----------------- Done invoking toplevel() on ptolemy.moml.MoMLSimpleApplication@2fd88637
reloadAllAccessors: .Counter

===========================================================================================
----------------- testing Sat Jun 06 14:38:20 UTC 2020 /home/travis/build/icyphy/ptII/ptolemy/actor/lib/test/auto/CurrentTimeSDF.xml
----------------- Instantiating /home/travis/build/icyphy/ptII/ptolemy/actor/lib/test/auto/CurrentTimeSDF.xml
1 ms. Memory: 493568K Free: 258046K (52%)
----------------- Invoking toplevel() on ptolemy.moml.MoMLSimpleApplication@b4e5a7d
----------------- Done invoking toplevel() on ptolemy.moml.MoMLSimpleApplication@b4e5a7d
reloadAllAccessors: .CurrentTimeSDF

===========================================================================================
----------------- testing Sat Jun 06 14:38:20 UTC 2020 /home/travis/build/icyphy/ptII/ptolemy/actor/lib/test/auto/DB.xml
----------------- Instantiating /home/travis/build/icyphy/ptII/ptolemy/actor/lib/test/auto/DB.xml
2 ms. Memory: 493568K Free: 252416K (51%)
----------------- Invoking toplevel() on ptolemy.moml.MoMLSimpleApplication@a53bf80
----------------- Done invoking toplevel() on ptolemy.moml.MoMLSimpleApplication@a53bf80
reloadAllAccessors: .DB

===========================================================================================
----------------- testing Sat Jun 06 14:38:20 UTC 2020 /home/travis/build/icyphy/ptII/ptolemy/actor/lib/test/auto/DBDE.xml
----------------- Instantiating /home/travis/build/icyphy/ptII/ptolemy/actor/lib/test/auto/DBDE.xml
2 ms. Memory: 493568K Free: 246751K (50%)
----------------- Invoking toplevel() on ptolemy.moml.MoMLSimpleApplication@488f7855
----------------- Done invoking toplevel() on ptolemy.moml.MoMLSimpleApplication@488f7855
reloadAllAccessors: .DBDE

===========================================================================================
----------------- testing Sat Jun 06 14:38:20 UTC 2020 /home/travis/build/icyphy/ptII/ptolemy/actor/lib/test/auto/DateConstructor.xml
----------------- Instantiating /home/travis/build/icyphy/ptII/ptolemy/actor/lib/test/auto/DateConstructor.xml
22 ms. Memory: 493568K Free: 229374K (46%)
----------------- Invoking toplevel() on ptolemy.moml.MoMLSimpleApplication@582b718b
----------------- Done invoking toplevel() on ptolemy.moml.MoMLSimpleApplication@582b718b
reloadAllAccessors: .DateConstructor

===========================================================================================
----------------- testing Sat Jun 06 14:38:20 UTC 2020 /home/travis/build/icyphy/ptII/ptolemy/actor/lib/test/auto/DelayTime.xml
----------------- Instantiating /home/travis/build/icyphy/ptII/ptolemy/actor/lib/test/auto/DelayTime.xml
5 ms. Memory: 493568K Free: 224254K (45%)
----------------- Invoking toplevel() on ptolemy.moml.MoMLSimpleApplication@61343827
----------------- Done invoking toplevel() on ptolemy.moml.MoMLSimpleApplication@61343827
reloadAllAccessors: .DelayTime

===========================================================================================
----------------- testing Sat Jun 06 14:38:20 UTC 2020 /home/travis/build/icyphy/ptII/ptolemy/actor/lib/test/auto/Dictionary1.xml
----------------- Instantiating /home/travis/build/icyphy/ptII/ptolemy/actor/lib/test/auto/Dictionary1.xml
2 ms. Memory: 493568K Free: 218624K (44%)
----------------- Invoking toplevel() on ptolemy.moml.MoMLSimpleApplication@6bf04aa8
----------------- Done invoking toplevel() on ptolemy.moml.MoMLSimpleApplication@6bf04aa8
reloadAllAccessors: .Dictionary1

===========================================================================================
----------------- testing Sat Jun 06 14:38:20 UTC 2020 /home/travis/build/icyphy/ptII/ptolemy/actor/lib/test/auto/Dictionary2.xml
----------------- Instantiating /home/travis/build/icyphy/ptII/ptolemy/actor/lib/test/auto/Dictionary2.xml
1 ms. Memory: 493568K Free: 213504K (43%)
----------------- Invoking toplevel() on ptolemy.moml.MoMLSimpleApplication@378f84fb
----------------- Done invoking toplevel() on ptolemy.moml.MoMLSimpleApplication@378f84fb
reloadAllAccessors: .Dictionary2

===========================================================================================
----------------- testing Sat Jun 06 14:38:20 UTC 2020 /home/travis/build/icyphy/ptII/ptolemy/actor/lib/test/auto/Dictionary3.xml
----------------- Instantiating /home/travis/build/icyphy/ptII/ptolemy/actor/lib/test/auto/Dictionary3.xml
1 ms. Memory: 493568K Free: 207870K (42%)
----------------- Invoking toplevel() on ptolemy.moml.MoMLSimpleApplication@4aae4ec0
----------------- Done invoking toplevel() on ptolemy.moml.MoMLSimpleApplication@4aae4ec0
reloadAllAccessors: .Dictionary3

===========================================================================================
----------------- testing Sat Jun 06 14:38:20 UTC 2020 /home/travis/build/icyphy/ptII/ptolemy/actor/lib/test/auto/Dictionary4.xml
----------------- Instantiating /home/travis/build/icyphy/ptII/ptolemy/actor/lib/test/auto/Dictionary4.xml
3 ms. Memory: 493568K Free: 200702K (41%)
----------------- Invoking toplevel() on ptolemy.moml.MoMLSimpleApplication@14f25b93
----------------- Done invoking toplevel() on ptolemy.moml.MoMLSimpleApplication@14f25b93
reloadAllAccessors: .Dictionary4

===========================================================================================
----------------- testing Sat Jun 06 14:38:20 UTC 2020 /home/travis/build/icyphy/ptII/ptolemy/actor/lib/test/auto/Differential.xml
----------------- Instantiating /home/travis/build/icyphy/ptII/ptolemy/actor/lib/test/auto/Differential.xml
1 ms. Memory: 493568K Free: 196606K (40%)
----------------- Invoking toplevel() on ptolemy.moml.MoMLSimpleApplication@58b2fc61
----------------- Done invoking toplevel() on ptolemy.moml.MoMLSimpleApplication@58b2fc61
reloadAllAccessors: .Differential

===========================================================================================
----------------- testing Sat Jun 06 14:38:20 UTC 2020 /home/travis/build/icyphy/ptII/ptolemy/actor/lib/test/auto/Director.xml
----------------- Instantiating /home/travis/build/icyphy/ptII/ptolemy/actor/lib/test/auto/Director.xml
1 ms. Memory: 493568K Free: 193024K (39%)
----------------- Invoking toplevel() on ptolemy.moml.MoMLSimpleApplication@24689c06
----------------- Done invoking toplevel() on ptolemy.moml.MoMLSimpleApplication@24689c06
reloadAllAccessors: .Director

===========================================================================================
----------------- testing Sat Jun 06 14:38:20 UTC 2020 /home/travis/build/icyphy/ptII/ptolemy/actor/lib/test/auto/DiscreteClock.xml
----------------- Instantiating /home/travis/build/icyphy/ptII/ptolemy/actor/lib/test/auto/DiscreteClock.xml
1 ms. Memory: 493568K Free: 188928K (38%)
----------------- Invoking toplevel() on ptolemy.moml.MoMLSimpleApplication@6827e1bf
----------------- Done invoking toplevel() on ptolemy.moml.MoMLSimpleApplication@6827e1bf
reloadAllAccessors: .DiscreteClock

===========================================================================================
----------------- testing Sat Jun 06 14:38:20 UTC 2020 /home/travis/build/icyphy/ptII/ptolemy/actor/lib/test/auto/DiscreteClock10.xml
----------------- Instantiating /home/travis/build/icyphy/ptII/ptolemy/actor/lib/test/auto/DiscreteClock10.xml
3 ms. Memory: 493568K Free: 441344K (89%)
----------------- Invoking toplevel() on ptolemy.moml.MoMLSimpleApplication@178ffb77
----------------- Done invoking toplevel() on ptolemy.moml.MoMLSimpleApplication@178ffb77
reloadAllAccessors: .DiscreteClock10

===========================================================================================
----------------- testing Sat Jun 06 14:38:21 UTC 2020 /home/travis/build/icyphy/ptII/ptolemy/actor/lib/test/auto/DiscreteClock11.xml
----------------- Instantiating /home/travis/build/icyphy/ptII/ptolemy/actor/lib/test/auto/DiscreteClock11.xml
2 ms. Memory: 493568K Free: 435200K (88%)
----------------- Invoking toplevel() on ptolemy.moml.MoMLSimpleApplication@335eb916
----------------- Done invoking toplevel() on ptolemy.moml.MoMLSimpleApplication@335eb916
reloadAllAccessors: .DiscreteClock11

===========================================================================================
----------------- testing Sat Jun 06 14:38:21 UTC 2020 /home/travis/build/icyphy/ptII/ptolemy/actor/lib/test/auto/DiscreteClock12.xml
----------------- Instantiating /home/travis/build/icyphy/ptII/ptolemy/actor/lib/test/auto/DiscreteClock12.xml
2 ms. Memory: 493568K Free: 429056K (87%)
----------------- Invoking toplevel() on ptolemy.moml.MoMLSimpleApplication@2a3ccf0b
----------------- Done invoking toplevel() on ptolemy.moml.MoMLSimpleApplication@2a3ccf0b
reloadAllAccessors: .DiscreteClock12

===========================================================================================
----------------- testing Sat Jun 06 14:38:21 UTC 2020 /home/travis/build/icyphy/ptII/ptolemy/actor/lib/test/auto/DiscreteClock13.xml
----------------- Instantiating /home/travis/build/icyphy/ptII/ptolemy/actor/lib/test/auto/DiscreteClock13.xml
2 ms. Memory: 493568K Free: 422912K (86%)
----------------- Invoking toplevel() on ptolemy.moml.MoMLSimpleApplication@20e6957f
----------------- Done invoking toplevel() on ptolemy.moml.MoMLSimpleApplication@20e6957f
reloadAllAccessors: .DiscreteClock13

===========================================================================================
----------------- testing Sat Jun 06 14:38:21 UTC 2020 /home/travis/build/icyphy/ptII/ptolemy/actor/lib/test/auto/DiscreteClock14.xml
----------------- Instantiating /home/travis/build/icyphy/ptII/ptolemy/actor/lib/test/auto/DiscreteClock14.xml
2 ms. Memory: 493568K Free: 417245K (85%)
----------------- Invoking toplevel() on ptolemy.moml.MoMLSimpleApplication@3b46cbc4
----------------- Done invoking toplevel() on ptolemy.moml.MoMLSimpleApplication@3b46cbc4
reloadAllAccessors: .DiscreteClock14

===========================================================================================
----------------- testing Sat Jun 06 14:38:21 UTC 2020 /home/travis/build/icyphy/ptII/ptolemy/actor/lib/test/auto/DiscreteClock15.xml
----------------- Instantiating /home/travis/build/icyphy/ptII/ptolemy/actor/lib/test/auto/DiscreteClock15.xml
2 ms. Memory: 493568K Free: 411127K (83%)
----------------- Invoking toplevel() on ptolemy.moml.MoMLSimpleApplication@6f930a2e
----------------- Done invoking toplevel() on ptolemy.moml.MoMLSimpleApplication@6f930a2e
reloadAllAccessors: .DiscreteClock15

===========================================================================================
----------------- testing Sat Jun 06 14:38:21 UTC 2020 /home/travis/build/icyphy/ptII/ptolemy/actor/lib/test/auto/DiscreteClock16.xml
----------------- Instantiating /home/travis/build/icyphy/ptII/ptolemy/actor/lib/test/auto/DiscreteClock16.xml
15 ms. Memory: 493568K Free: 397312K (80%)
----------------- Invoking toplevel() on ptolemy.moml.MoMLSimpleApplication@67ac12ff
----------------- Done invoking toplevel() on ptolemy.moml.MoMLSimpleApplication@67ac12ff
reloadAllAccessors: .DiscreteClock16

===========================================================================================
----------------- testing Sat Jun 06 14:38:21 UTC 2020 /home/travis/build/icyphy/ptII/ptolemy/actor/lib/test/auto/DiscreteClock17.xml
----------------- Instantiating /home/travis/build/icyphy/ptII/ptolemy/actor/lib/test/auto/DiscreteClock17.xml
13 ms. Memory: 493568K Free: 382455K (77%)
----------------- Invoking toplevel() on ptolemy.moml.MoMLSimpleApplication@7e22d7d3
----------------- Done invoking toplevel() on ptolemy.moml.MoMLSimpleApplication@7e22d7d3
reloadAllAccessors: .DiscreteClock17

===========================================================================================
----------------- testing Sat Jun 06 14:38:21 UTC 2020 /home/travis/build/icyphy/ptII/ptolemy/actor/lib/test/auto/DiscreteClock18.xml
----------------- Instantiating /home/travis/build/icyphy/ptII/ptolemy/actor/lib/test/auto/DiscreteClock18.xml
20 ms. Memory: 493568K Free: 369150K (75%)
----------------- Invoking toplevel() on ptolemy.moml.MoMLSimpleApplication@50990e9a
----------------- Done invoking toplevel() on ptolemy.moml.MoMLSimpleApplication@50990e9a
reloadAllAccessors: .DiscreteClock18

===========================================================================================
----------------- testing Sat Jun 06 14:38:21 UTC 2020 /home/travis/build/icyphy/ptII/ptolemy/actor/lib/test/auto/DiscreteClock19.xml
----------------- Instantiating /home/travis/build/icyphy/ptII/ptolemy/actor/lib/test/auto/DiscreteClock19.xml
17 ms. Memory: 493568K Free: 355328K (72%)
----------------- Invoking toplevel() on ptolemy.moml.MoMLSimpleApplication@7bf10e98
----------------- Done invoking toplevel() on ptolemy.moml.MoMLSimpleApplication@7bf10e98
reloadAllAccessors: .DiscreteClock19

===========================================================================================
----------------- testing Sat Jun 06 14:38:21 UTC 2020 /home/travis/build/icyphy/ptII/ptolemy/actor/lib/test/auto/DiscreteClock2.xml
----------------- Instantiating /home/travis/build/icyphy/ptII/ptolemy/actor/lib/test/auto/DiscreteClock2.xml
4 ms. Memory: 493568K Free: 350208K (71%)
----------------- Invoking toplevel() on ptolemy.moml.MoMLSimpleApplication@7e0942a8
----------------- Done invoking toplevel() on ptolemy.moml.MoMLSimpleApplication@7e0942a8
reloadAllAccessors: .DiscreteClock2

===========================================================================================
----------------- testing Sat Jun 06 14:38:21 UTC 2020 /home/travis/build/icyphy/ptII/ptolemy/actor/lib/test/auto/DiscreteClock20.xml
----------------- Instantiating /home/travis/build/icyphy/ptII/ptolemy/actor/lib/test/auto/DiscreteClock20.xml
9 ms. Memory: 493568K Free: 344574K (70%)
----------------- Invoking toplevel() on ptolemy.moml.MoMLSimpleApplication@8a96bdb
----------------- Done invoking toplevel() on ptolemy.moml.MoMLSimpleApplication@8a96bdb
reloadAllAccessors: .DiscreteClock20

===========================================================================================
----------------- testing Sat Jun 06 14:38:21 UTC 2020 /home/travis/build/icyphy/ptII/ptolemy/actor/lib/test/auto/DiscreteClock21.xml
----------------- Instantiating /home/travis/build/icyphy/ptII/ptolemy/actor/lib/test/auto/DiscreteClock21.xml
9 ms. Memory: 493568K Free: 339454K (69%)
----------------- Invoking toplevel() on ptolemy.moml.MoMLSimpleApplication@330aaf8a
----------------- Done invoking toplevel() on ptolemy.moml.MoMLSimpleApplication@330aaf8a
reloadAllAccessors: .DiscreteClock21

===========================================================================================
----------------- testing Sat Jun 06 14:38:21 UTC 2020 /home/travis/build/icyphy/ptII/ptolemy/actor/lib/test/auto/DiscreteClock22.xml
----------------- Instantiating /home/travis/build/icyphy/ptII/ptolemy/actor/lib/test/auto/DiscreteClock22.xml
4 ms. Memory: 493568K Free: 333824K (68%)
----------------- Invoking toplevel() on ptolemy.moml.MoMLSimpleApplication@2667806e
----------------- Done invoking toplevel() on ptolemy.moml.MoMLSimpleApplication@2667806e
reloadAllAccessors: .DiscreteClock22

===========================================================================================
----------------- testing Sat Jun 06 14:38:21 UTC 2020 /home/travis/build/icyphy/ptII/ptolemy/actor/lib/test/auto/DiscreteClock23.xml
----------------- Instantiating /home/travis/build/icyphy/ptII/ptolemy/actor/lib/test/auto/DiscreteClock23.xml
9 ms. Memory: 493568K Free: 328190K (66%)
----------------- Invoking toplevel() on ptolemy.moml.MoMLSimpleApplication@58292cc0
----------------- Done invoking toplevel() on ptolemy.moml.MoMLSimpleApplication@58292cc0
reloadAllAccessors: .DiscreteClock23

===========================================================================================
----------------- testing Sat Jun 06 14:38:21 UTC 2020 /home/travis/build/icyphy/ptII/ptolemy/actor/lib/test/auto/DiscreteClock24.xml
----------------- Instantiating /home/travis/build/icyphy/ptII/ptolemy/actor/lib/test/auto/DiscreteClock24.xml
4 ms. Memory: 493568K Free: 322560K (65%)
----------------- Invoking toplevel() on ptolemy.moml.MoMLSimpleApplication@fe27e81
----------------- Done invoking toplevel() on ptolemy.moml.MoMLSimpleApplication@fe27e81
reloadAllAccessors: .DiscreteClock24

===========================================================================================
----------------- testing Sat Jun 06 14:38:21 UTC 2020 /home/travis/build/icyphy/ptII/ptolemy/actor/lib/test/auto/DiscreteClock4.xml
----------------- Instantiating /home/travis/build/icyphy/ptII/ptolemy/actor/lib/test/auto/DiscreteClock4.xml
4 ms. Memory: 493568K Free: 316927K (64%)
----------------- Invoking toplevel() on ptolemy.moml.MoMLSimpleApplication@1506e6
----------------- Done invoking toplevel() on ptolemy.moml.MoMLSimpleApplication@1506e6
reloadAllAccessors: .DiscreteClock4

===========================================================================================
----------------- testing Sat Jun 06 14:38:21 UTC 2020 /home/travis/build/icyphy/ptII/ptolemy/actor/lib/test/auto/DiscreteClock5.xml
----------------- Instantiating /home/travis/build/icyphy/ptII/ptolemy/actor/lib/test/auto/DiscreteClock5.xml
1 ms. Memory: 493568K Free: 311806K (63%)
----------------- Invoking toplevel() on ptolemy.moml.MoMLSimpleApplication@4689fdf9
----------------- Done invoking toplevel() on ptolemy.moml.MoMLSimpleApplication@4689fdf9
reloadAllAccessors: .DiscreteClock5

===========================================================================================
----------------- testing Sat Jun 06 14:38:21 UTC 2020 /home/travis/build/icyphy/ptII/ptolemy/actor/lib/test/auto/DiscreteClock6.xml
----------------- Instantiating /home/travis/build/icyphy/ptII/ptolemy/actor/lib/test/auto/DiscreteClock6.xml
1 ms. Memory: 493568K Free: 307679K (62%)
----------------- Invoking toplevel() on ptolemy.moml.MoMLSimpleApplication@4f009ab3
----------------- Done invoking toplevel() on ptolemy.moml.MoMLSimpleApplication@4f009ab3
reloadAllAccessors: .DiscreteClock6

===========================================================================================
----------------- testing Sat Jun 06 14:38:21 UTC 2020 /home/travis/build/icyphy/ptII/ptolemy/actor/lib/test/auto/DiscreteClock7.xml
----------------- Instantiating /home/travis/build/icyphy/ptII/ptolemy/actor/lib/test/auto/DiscreteClock7.xml
2 ms. Memory: 493568K Free: 302590K (61%)
----------------- Invoking toplevel() on ptolemy.moml.MoMLSimpleApplication@5dfcf603
----------------- Done invoking toplevel() on ptolemy.moml.MoMLSimpleApplication@5dfcf603
reloadAllAccessors: .DiscreteClock7

===========================================================================================
----------------- testing Sat Jun 06 14:38:21 UTC 2020 /home/travis/build/icyphy/ptII/ptolemy/actor/lib/test/auto/DiscreteClock8.xml
----------------- Instantiating /home/travis/build/icyphy/ptII/ptolemy/actor/lib/test/auto/DiscreteClock8.xml
4 ms. Memory: 493568K Free: 296960K (60%)
----------------- Invoking toplevel() on ptolemy.moml.MoMLSimpleApplication@fcaff41
----------------- Done invoking toplevel() on ptolemy.moml.MoMLSimpleApplication@fcaff41
reloadAllAccessors: .DiscreteClock8

===========================================================================================
----------------- testing Sat Jun 06 14:38:21 UTC 2020 /home/travis/build/icyphy/ptII/ptolemy/actor/lib/test/auto/DiscreteClock9.xml
----------------- Instantiating /home/travis/build/icyphy/ptII/ptolemy/actor/lib/test/auto/DiscreteClock9.xml
3 ms. Memory: 493568K Free: 291311K (59%)
----------------- Invoking toplevel() on ptolemy.moml.MoMLSimpleApplication@3dac6043
----------------- Done invoking toplevel() on ptolemy.moml.MoMLSimpleApplication@3dac6043
reloadAllAccessors: .DiscreteClock9

===========================================================================================
----------------- testing Sat Jun 06 14:38:21 UTC 2020 /home/travis/build/icyphy/ptII/ptolemy/actor/lib/test/auto/DisplayArray.xml
----------------- Instantiating /home/travis/build/icyphy/ptII/ptolemy/actor/lib/test/auto/DisplayArray.xml
0 ms. Memory: 493568K Free: 287744K (58%)
----------------- Invoking toplevel() on ptolemy.moml.MoMLSimpleApplication@73dbbeb
----------------- Done invoking toplevel() on ptolemy.moml.MoMLSimpleApplication@73dbbeb
reloadAllAccessors: .DisplayArray

===========================================================================================
----------------- testing Sat Jun 06 14:38:21 UTC 2020 /home/travis/build/icyphy/ptII/ptolemy/actor/lib/test/auto/Distributor.xml
----------------- Instantiating /home/travis/build/icyphy/ptII/ptolemy/actor/lib/test/auto/Distributor.xml
1 ms. Memory: 493568K Free: 282624K (57%)
----------------- Invoking toplevel() on ptolemy.moml.MoMLSimpleApplication@310f9ff
----------------- Done invoking toplevel() on ptolemy.moml.MoMLSimpleApplication@310f9ff
reloadAllAccessors: .Distributor

===========================================================================================
----------------- testing Sat Jun 06 14:38:21 UTC 2020 /home/travis/build/icyphy/ptII/ptolemy/actor/lib/test/auto/Distributor2.xml
----------------- Instantiating /home/travis/build/icyphy/ptII/ptolemy/actor/lib/test/auto/Distributor2.xml
1 ms. Memory: 493568K Free: 278014K (56%)
----------------- Invoking toplevel() on ptolemy.moml.MoMLSimpleApplication@154f0e50
----------------- Done invoking toplevel() on ptolemy.moml.MoMLSimpleApplication@154f0e50
reloadAllAccessors: .Distributor2

===========================================================================================
----------------- testing Sat Jun 06 14:38:21 UTC 2020 /home/travis/build/icyphy/ptII/ptolemy/actor/lib/test/auto/DownSample.xml
----------------- Instantiating /home/travis/build/icyphy/ptII/ptolemy/actor/lib/test/auto/DownSample.xml
1 ms. Memory: 493568K Free: 273408K (55%)
----------------- Invoking toplevel() on ptolemy.moml.MoMLSimpleApplication@2d68d397
----------------- Done invoking toplevel() on ptolemy.moml.MoMLSimpleApplication@2d68d397
reloadAllAccessors: .DownSample

===========================================================================================
----------------- testing Sat Jun 06 14:38:21 UTC 2020 /home/travis/build/icyphy/ptII/ptolemy/actor/lib/test/auto/ElectronicUnitBase1.xml
----------------- Instantiating /home/travis/build/icyphy/ptII/ptolemy/actor/lib/test/auto/ElectronicUnitBase1.xml
18 ms. Memory: 493568K Free: 257534K (52%)
----------------- Invoking toplevel() on ptolemy.moml.MoMLSimpleApplication@1f118c85
----------------- Done invoking toplevel() on ptolemy.moml.MoMLSimpleApplication@1f118c85
reloadAllAccessors: .ElectronicUnitBase1

===========================================================================================
----------------- testing Sat Jun 06 14:38:21 UTC 2020 /home/travis/build/icyphy/ptII/ptolemy/actor/lib/test/auto/ElementsToArray.xml
----------------- Instantiating /home/travis/build/icyphy/ptII/ptolemy/actor/lib/test/auto/ElementsToArray.xml
3 ms. Memory: 493568K Free: 252414K (51%)
----------------- Invoking toplevel() on ptolemy.moml.MoMLSimpleApplication@44416a0d
----------------- Done invoking toplevel() on ptolemy.moml.MoMLSimpleApplication@44416a0d
reloadAllAccessors: .ElementsToArray

===========================================================================================
----------------- testing Sat Jun 06 14:38:21 UTC 2020 /home/travis/build/icyphy/ptII/ptolemy/actor/lib/test/auto/Equals.xml
----------------- Instantiating /home/travis/build/icyphy/ptII/ptolemy/actor/lib/test/auto/Equals.xml
3 ms. Memory: 493568K Free: 247294K (50%)
----------------- Invoking toplevel() on ptolemy.moml.MoMLSimpleApplication@2b1c500
----------------- Done invoking toplevel() on ptolemy.moml.MoMLSimpleApplication@2b1c500
reloadAllAccessors: .Equals

===========================================================================================
----------------- testing Sat Jun 06 14:38:21 UTC 2020 /home/travis/build/icyphy/ptII/ptolemy/actor/lib/test/auto/Exec.xml
----------------- Instantiating /home/travis/build/icyphy/ptII/ptolemy/actor/lib/test/auto/Exec.xml
15 ms. Memory: 493568K Free: 241150K (49%)
----------------- Invoking toplevel() on ptolemy.moml.MoMLSimpleApplication@3e15c31c
----------------- Done invoking toplevel() on ptolemy.moml.MoMLSimpleApplication@3e15c31c
reloadAllAccessors: .Exec

===========================================================================================
----------------- testing Sat Jun 06 14:38:21 UTC 2020 /home/travis/build/icyphy/ptII/ptolemy/actor/lib/test/auto/ExecEnvironment.xml
----------------- Instantiating /home/travis/build/icyphy/ptII/ptolemy/actor/lib/test/auto/ExecEnvironment.xml
17 ms. Memory: 493568K Free: 236015K (48%)
----------------- Invoking toplevel() on ptolemy.moml.MoMLSimpleApplication@7d5aaf63
----------------- Done invoking toplevel() on ptolemy.moml.MoMLSimpleApplication@7d5aaf63
reloadAllAccessors: .ExecEnvironment

===========================================================================================
----------------- testing Sat Jun 06 14:38:21 UTC 2020 /home/travis/build/icyphy/ptII/ptolemy/actor/lib/test/auto/ExecNonZeroReturnOutput.xml
----------------- Instantiating /home/travis/build/icyphy/ptII/ptolemy/actor/lib/test/auto/ExecNonZeroReturnOutput.xml
150 ms. Memory: 493568K Free: 224766K (46%)
----------------- Invoking toplevel() on ptolemy.moml.MoMLSimpleApplication@7d7697d4
----------------- Done invoking toplevel() on ptolemy.moml.MoMLSimpleApplication@7d7697d4
reloadAllAccessors: .ExecNonZeroReturnOutput

===========================================================================================
----------------- testing Sat Jun 06 14:38:21 UTC 2020 /home/travis/build/icyphy/ptII/ptolemy/actor/lib/test/auto/ExecRunDemos.xml
----------------- Instantiating /home/travis/build/icyphy/ptII/ptolemy/actor/lib/test/auto/ExecRunDemos.xml
Finished: 58 ms. Memory: 129024K Free: 112415K (87%)

Finished: 76 ms. Memory: 129024K Free: 109489K (85%)

Finished: 95 ms. Memory: 129024K Free: 109484K (85%)

Finished: 74 ms. Memory: 129024K Free: 111088K (86%)

Finished: 56 ms. Memory: 129024K Free: 111963K (87%)

10278 ms. Memory: 493568K Free: 203776K (41%)
----------------- Invoking toplevel() on ptolemy.moml.MoMLSimpleApplication@6e6c535
----------------- Done invoking toplevel() on ptolemy.moml.MoMLSimpleApplication@6e6c535
reloadAllAccessors: .ExecRunDemos

===========================================================================================
----------------- testing Sat Jun 06 14:38:32 UTC 2020 /home/travis/build/icyphy/ptII/ptolemy/actor/lib/test/auto/ExecStop.xml
----------------- Instantiating /home/travis/build/icyphy/ptII/ptolemy/actor/lib/test/auto/ExecStop.xml
5012 ms. Memory: 493568K Free: 335102K (68%)
----------------- Invoking toplevel() on ptolemy.moml.MoMLSimpleApplication@711c6dff
----------------- Done invoking toplevel() on ptolemy.moml.MoMLSimpleApplication@711c6dff
reloadAllAccessors: .ExecStop

===========================================================================================
----------------- testing Sat Jun 06 14:38:37 UTC 2020 /home/travis/build/icyphy/ptII/ptolemy/actor/lib/test/auto/ExecutionTimeSDF.xml
----------------- Instantiating /home/travis/build/icyphy/ptII/ptolemy/actor/lib/test/auto/ExecutionTimeSDF.xml
Fired ExecutionTime: -470967296
Fired ExecutionTime: 1333600000
Fired ExecutionTime: 1360400000
6005 ms. Memory: 493568K Free: 322543K (65%)
----------------- Invoking toplevel() on ptolemy.moml.MoMLSimpleApplication@4d17cab0
----------------- Done invoking toplevel() on ptolemy.moml.MoMLSimpleApplication@4d17cab0
reloadAllAccessors: .ExecutionTimeSDF

===========================================================================================
----------------- testing Sat Jun 06 14:38:43 UTC 2020 /home/travis/build/icyphy/ptII/ptolemy/actor/lib/test/auto/Expression1.xml
----------------- Instantiating /home/travis/build/icyphy/ptII/ptolemy/actor/lib/test/auto/Expression1.xml
1 ms. Memory: 493568K Free: 318976K (65%)
----------------- Invoking toplevel() on ptolemy.moml.MoMLSimpleApplication@49ce073c
----------------- Done invoking toplevel() on ptolemy.moml.MoMLSimpleApplication@49ce073c
reloadAllAccessors: .Expression1

===========================================================================================
----------------- testing Sat Jun 06 14:38:43 UTC 2020 /home/travis/build/icyphy/ptII/ptolemy/actor/lib/test/auto/Expression10.xml
----------------- Instantiating /home/travis/build/icyphy/ptII/ptolemy/actor/lib/test/auto/Expression10.xml
4 ms. Memory: 493568K Free: 313856K (64%)
----------------- Invoking toplevel() on ptolemy.moml.MoMLSimpleApplication@7969ecc2
----------------- Done invoking toplevel() on ptolemy.moml.MoMLSimpleApplication@7969ecc2
reloadAllAccessors: .Expression10

===========================================================================================
----------------- testing Sat Jun 06 14:38:43 UTC 2020 /home/travis/build/icyphy/ptII/ptolemy/actor/lib/test/auto/Expression11.xml
----------------- Instantiating /home/travis/build/icyphy/ptII/ptolemy/actor/lib/test/auto/Expression11.xml
1 ms. Memory: 493568K Free: 309246K (63%)
----------------- Invoking toplevel() on ptolemy.moml.MoMLSimpleApplication@73540113
----------------- Done invoking toplevel() on ptolemy.moml.MoMLSimpleApplication@73540113
reloadAllAccessors: .Expression11

===========================================================================================
----------------- testing Sat Jun 06 14:38:43 UTC 2020 /home/travis/build/icyphy/ptII/ptolemy/actor/lib/test/auto/Expression12.xml
----------------- Instantiating /home/travis/build/icyphy/ptII/ptolemy/actor/lib/test/auto/Expression12.xml
2 ms. Memory: 493568K Free: 303616K (62%)
----------------- Invoking toplevel() on ptolemy.moml.MoMLSimpleApplication@6d9ed467
----------------- Done invoking toplevel() on ptolemy.moml.MoMLSimpleApplication@6d9ed467
reloadAllAccessors: .Expression12

===========================================================================================
----------------- testing Sat Jun 06 14:38:43 UTC 2020 /home/travis/build/icyphy/ptII/ptolemy/actor/lib/test/auto/Expression13.xml
----------------- Instantiating /home/travis/build/icyphy/ptII/ptolemy/actor/lib/test/auto/Expression13.xml
3 ms. Memory: 493568K Free: 299006K (61%)
----------------- Invoking toplevel() on ptolemy.moml.MoMLSimpleApplication@629a5003
----------------- Done invoking toplevel() on ptolemy.moml.MoMLSimpleApplication@629a5003
reloadAllAccessors: .Expression13

===========================================================================================
----------------- testing Sat Jun 06 14:38:43 UTC 2020 /home/travis/build/icyphy/ptII/ptolemy/actor/lib/test/auto/Expression14.xml
----------------- Instantiating /home/travis/build/icyphy/ptII/ptolemy/actor/lib/test/auto/Expression14.xml
4 ms. Memory: 493568K Free: 292862K (59%)
----------------- Invoking toplevel() on ptolemy.moml.MoMLSimpleApplication@2ccc8367
----------------- Done invoking toplevel() on ptolemy.moml.MoMLSimpleApplication@2ccc8367
reloadAllAccessors: .Expression14

===========================================================================================
----------------- testing Sat Jun 06 14:38:43 UTC 2020 /home/travis/build/icyphy/ptII/ptolemy/actor/lib/test/auto/Expression15.xml
----------------- Instantiating /home/travis/build/icyphy/ptII/ptolemy/actor/lib/test/auto/Expression15.xml
1 ms. Memory: 493568K Free: 289280K (59%)
----------------- Invoking toplevel() on ptolemy.moml.MoMLSimpleApplication@2304cdae
----------------- Done invoking toplevel() on ptolemy.moml.MoMLSimpleApplication@2304cdae
reloadAllAccessors: .Expression15

===========================================================================================
----------------- testing Sat Jun 06 14:38:43 UTC 2020 /home/travis/build/icyphy/ptII/ptolemy/actor/lib/test/auto/Expression16.xml
----------------- Instantiating /home/travis/build/icyphy/ptII/ptolemy/actor/lib/test/auto/Expression16.xml
2 ms. Memory: 493568K Free: 284160K (58%)
----------------- Invoking toplevel() on ptolemy.moml.MoMLSimpleApplication@2f854b8b
----------------- Done invoking toplevel() on ptolemy.moml.MoMLSimpleApplication@2f854b8b
reloadAllAccessors: .Expression16

===========================================================================================
----------------- testing Sat Jun 06 14:38:43 UTC 2020 /home/travis/build/icyphy/ptII/ptolemy/actor/lib/test/auto/Expression17.xml
----------------- Instantiating /home/travis/build/icyphy/ptII/ptolemy/actor/lib/test/auto/Expression17.xml
2 ms. Memory: 493568K Free: 279550K (57%)
----------------- Invoking toplevel() on ptolemy.moml.MoMLSimpleApplication@295b4992
----------------- Done invoking toplevel() on ptolemy.moml.MoMLSimpleApplication@295b4992
reloadAllAccessors: .Expression17

===========================================================================================
----------------- testing Sat Jun 06 14:38:43 UTC 2020 /home/travis/build/icyphy/ptII/ptolemy/actor/lib/test/auto/Expression18.xml
----------------- Instantiating /home/travis/build/icyphy/ptII/ptolemy/actor/lib/test/auto/Expression18.xml
1 ms. Memory: 493568K Free: 274430K (56%)
----------------- Invoking toplevel() on ptolemy.moml.MoMLSimpleApplication@742d5cd5
----------------- Done invoking toplevel() on ptolemy.moml.MoMLSimpleApplication@742d5cd5
reloadAllAccessors: .Expression18

===========================================================================================
----------------- testing Sat Jun 06 14:38:43 UTC 2020 /home/travis/build/icyphy/ptII/ptolemy/actor/lib/test/auto/Expression2.xml
----------------- Instantiating /home/travis/build/icyphy/ptII/ptolemy/actor/lib/test/auto/Expression2.xml
2 ms. Memory: 493568K Free: 269310K (55%)
----------------- Invoking toplevel() on ptolemy.moml.MoMLSimpleApplication@6a09fba0
----------------- Done invoking toplevel() on ptolemy.moml.MoMLSimpleApplication@6a09fba0
reloadAllAccessors: .Expression2

===========================================================================================
----------------- testing Sat Jun 06 14:38:43 UTC 2020 /home/travis/build/icyphy/ptII/ptolemy/actor/lib/test/auto/Expression3.xml
----------------- Instantiating /home/travis/build/icyphy/ptII/ptolemy/actor/lib/test/auto/Expression3.xml
2 ms. Memory: 493568K Free: 264704K (54%)
----------------- Invoking toplevel() on ptolemy.moml.MoMLSimpleApplication@de7e92e
----------------- Done invoking toplevel() on ptolemy.moml.MoMLSimpleApplication@de7e92e
reloadAllAccessors: .Expression3

===========================================================================================
----------------- testing Sat Jun 06 14:38:43 UTC 2020 /home/travis/build/icyphy/ptII/ptolemy/actor/lib/test/auto/Expression4.xml
----------------- Instantiating /home/travis/build/icyphy/ptII/ptolemy/actor/lib/test/auto/Expression4.xml
3 ms. Memory: 493568K Free: 257022K (52%)
----------------- Invoking toplevel() on ptolemy.moml.MoMLSimpleApplication@4ee3470f
----------------- Done invoking toplevel() on ptolemy.moml.MoMLSimpleApplication@4ee3470f
reloadAllAccessors: .Expression4

===========================================================================================
----------------- testing Sat Jun 06 14:38:43 UTC 2020 /home/travis/build/icyphy/ptII/ptolemy/actor/lib/test/auto/Expression5.xml
----------------- Instantiating /home/travis/build/icyphy/ptII/ptolemy/actor/lib/test/auto/Expression5.xml
4 ms. Memory: 493568K Free: 252416K (51%)
----------------- Invoking toplevel() on ptolemy.moml.MoMLSimpleApplication@73544995
----------------- Done invoking toplevel() on ptolemy.moml.MoMLSimpleApplication@73544995
reloadAllAccessors: .Expression5

===========================================================================================
----------------- testing Sat Jun 06 14:38:43 UTC 2020 /home/travis/build/icyphy/ptII/ptolemy/actor/lib/test/auto/Expression6.xml
----------------- Instantiating /home/travis/build/icyphy/ptII/ptolemy/actor/lib/test/auto/Expression6.xml
2 ms. Memory: 493568K Free: 247806K (50%)
----------------- Invoking toplevel() on ptolemy.moml.MoMLSimpleApplication@3fe853f9
----------------- Done invoking toplevel() on ptolemy.moml.MoMLSimpleApplication@3fe853f9
reloadAllAccessors: .Expression6

===========================================================================================
----------------- testing Sat Jun 06 14:38:43 UTC 2020 /home/travis/build/icyphy/ptII/ptolemy/actor/lib/test/auto/Expression7.xml
----------------- Instantiating /home/travis/build/icyphy/ptII/ptolemy/actor/lib/test/auto/Expression7.xml
2 ms. Memory: 493568K Free: 243200K (49%)
----------------- Invoking toplevel() on ptolemy.moml.MoMLSimpleApplication@19d256bb
----------------- Done invoking toplevel() on ptolemy.moml.MoMLSimpleApplication@19d256bb
reloadAllAccessors: .Expression7

===========================================================================================
----------------- testing Sat Jun 06 14:38:43 UTC 2020 /home/travis/build/icyphy/ptII/ptolemy/actor/lib/test/auto/Expression8.xml
----------------- Instantiating /home/travis/build/icyphy/ptII/ptolemy/actor/lib/test/auto/Expression8.xml
7 ms. Memory: 493568K Free: 238080K (48%)
----------------- Invoking toplevel() on ptolemy.moml.MoMLSimpleApplication@23621759
----------------- Done invoking toplevel() on ptolemy.moml.MoMLSimpleApplication@23621759
reloadAllAccessors: .Expression8

===========================================================================================
----------------- testing Sat Jun 06 14:38:43 UTC 2020 /home/travis/build/icyphy/ptII/ptolemy/actor/lib/test/auto/Expression9.xml
----------------- Instantiating /home/travis/build/icyphy/ptII/ptolemy/actor/lib/test/auto/Expression9.xml
2 ms. Memory: 493568K Free: 233984K (47%)
----------------- Invoking toplevel() on ptolemy.moml.MoMLSimpleApplication@443851dc
----------------- Done invoking toplevel() on ptolemy.moml.MoMLSimpleApplication@443851dc
reloadAllAccessors: .Expression9

===========================================================================================
----------------- testing Sat Jun 06 14:38:43 UTC 2020 /home/travis/build/icyphy/ptII/ptolemy/actor/lib/test/auto/ExpressionConcatenateArrayType.xml
----------------- Instantiating /home/travis/build/icyphy/ptII/ptolemy/actor/lib/test/auto/ExpressionConcatenateArrayType.xml
3 ms. Memory: 493568K Free: 227840K (46%)
----------------- Invoking toplevel() on ptolemy.moml.MoMLSimpleApplication@29e98ad4
----------------- Done invoking toplevel() on ptolemy.moml.MoMLSimpleApplication@29e98ad4
reloadAllAccessors: .ExpressionConcatenateArrayType

===========================================================================================
----------------- testing Sat Jun 06 14:38:43 UTC 2020 /home/travis/build/icyphy/ptII/ptolemy/actor/lib/test/auto/ExpressionConcatenateArrayType2.xml
----------------- Instantiating /home/travis/build/icyphy/ptII/ptolemy/actor/lib/test/auto/ExpressionConcatenateArrayType2.xml
2 ms. Memory: 493568K Free: 222206K (45%)
----------------- Invoking toplevel() on ptolemy.moml.MoMLSimpleApplication@56f7c7d
----------------- Done invoking toplevel() on ptolemy.moml.MoMLSimpleApplication@56f7c7d
reloadAllAccessors: .ExpressionConcatenateArrayType2

===========================================================================================
----------------- testing Sat Jun 06 14:38:43 UTC 2020 /home/travis/build/icyphy/ptII/ptolemy/actor/lib/test/auto/ExpressionFix.xml
----------------- Instantiating /home/travis/build/icyphy/ptII/ptolemy/actor/lib/test/auto/ExpressionFix.xml
20 ms. Memory: 493568K Free: 216062K (44%)
----------------- Invoking toplevel() on ptolemy.moml.MoMLSimpleApplication@33804ce3
----------------- Done invoking toplevel() on ptolemy.moml.MoMLSimpleApplication@33804ce3
reloadAllAccessors: .ExpressionFix

===========================================================================================
----------------- testing Sat Jun 06 14:38:43 UTC 2020 /home/travis/build/icyphy/ptII/ptolemy/actor/lib/test/auto/ExpressionFix2.xml
----------------- Instantiating /home/travis/build/icyphy/ptII/ptolemy/actor/lib/test/auto/ExpressionFix2.xml
4 ms. Memory: 493568K Free: 211966K (43%)
----------------- Invoking toplevel() on ptolemy.moml.MoMLSimpleApplication@1bbc5234
----------------- Done invoking toplevel() on ptolemy.moml.MoMLSimpleApplication@1bbc5234
reloadAllAccessors: .ExpressionFix2

===========================================================================================
----------------- testing Sat Jun 06 14:38:43 UTC 2020 /home/travis/build/icyphy/ptII/ptolemy/actor/lib/test/auto/ExpressionFix3.xml
----------------- Instantiating /home/travis/build/icyphy/ptII/ptolemy/actor/lib/test/auto/ExpressionFix3.xml
2 ms. Memory: 493568K Free: 207360K (42%)
----------------- Invoking toplevel() on ptolemy.moml.MoMLSimpleApplication@3922160d
----------------- Done invoking toplevel() on ptolemy.moml.MoMLSimpleApplication@3922160d
reloadAllAccessors: .ExpressionFix3

===========================================================================================
----------------- testing Sat Jun 06 14:38:43 UTC 2020 /home/travis/build/icyphy/ptII/ptolemy/actor/lib/test/auto/FileWriter1.xml
----------------- Instantiating /home/travis/build/icyphy/ptII/ptolemy/actor/lib/test/auto/FileWriter1.xml
2 ms. Memory: 493568K Free: 203774K (41%)
----------------- Invoking toplevel() on ptolemy.moml.MoMLSimpleApplication@71ee314d
----------------- Done invoking toplevel() on ptolemy.moml.MoMLSimpleApplication@71ee314d
reloadAllAccessors: .FileWriter1

===========================================================================================
----------------- testing Sat Jun 06 14:38:43 UTC 2020 /home/travis/build/icyphy/ptII/ptolemy/actor/lib/test/auto/FileWriter2.xml
----------------- Instantiating /home/travis/build/icyphy/ptII/ptolemy/actor/lib/test/auto/FileWriter2.xml
6 ms. Memory: 493568K Free: 199168K (40%)
----------------- Invoking toplevel() on ptolemy.moml.MoMLSimpleApplication@5cf72134
----------------- Done invoking toplevel() on ptolemy.moml.MoMLSimpleApplication@5cf72134
reloadAllAccessors: .FileWriter2

===========================================================================================
----------------- testing Sat Jun 06 14:38:43 UTC 2020 /home/travis/build/icyphy/ptII/ptolemy/actor/lib/test/auto/FileWriter3.xml
----------------- Instantiating /home/travis/build/icyphy/ptII/ptolemy/actor/lib/test/auto/FileWriter3.xml
2 ms. Memory: 493568K Free: 195072K (40%)
----------------- Invoking toplevel() on ptolemy.moml.MoMLSimpleApplication@69d8756
----------------- Done invoking toplevel() on ptolemy.moml.MoMLSimpleApplication@69d8756
reloadAllAccessors: .FileWriter3

===========================================================================================
----------------- testing Sat Jun 06 14:38:43 UTC 2020 /home/travis/build/icyphy/ptII/ptolemy/actor/lib/test/auto/Gaussian.xml
----------------- Instantiating /home/travis/build/icyphy/ptII/ptolemy/actor/lib/test/auto/Gaussian.xml
2 ms. Memory: 493568K Free: 190976K (39%)
----------------- Invoking toplevel() on ptolemy.moml.MoMLSimpleApplication@5a9611b7
----------------- Done invoking toplevel() on ptolemy.moml.MoMLSimpleApplication@5a9611b7
reloadAllAccessors: .Gaussian

===========================================================================================
----------------- testing Sat Jun 06 14:38:43 UTC 2020 /home/travis/build/icyphy/ptII/ptolemy/actor/lib/test/auto/Gaussian1.xml
----------------- Instantiating /home/travis/build/icyphy/ptII/ptolemy/actor/lib/test/auto/Gaussian1.xml
9 ms. Memory: 493568K Free: 185335K (38%)
----------------- Invoking toplevel() on ptolemy.moml.MoMLSimpleApplication@596f4e42
----------------- Done invoking toplevel() on ptolemy.moml.MoMLSimpleApplication@596f4e42
reloadAllAccessors: .Gaussian1

===========================================================================================
----------------- testing Sat Jun 06 14:38:43 UTC 2020 /home/travis/build/icyphy/ptII/ptolemy/actor/lib/test/auto/Gaussian2.xml
----------------- Instantiating /home/travis/build/icyphy/ptII/ptolemy/actor/lib/test/auto/Gaussian2.xml
2 ms. Memory: 493568K Free: 180191K (37%)
----------------- Invoking toplevel() on ptolemy.moml.MoMLSimpleApplication@268c6552
----------------- Done invoking toplevel() on ptolemy.moml.MoMLSimpleApplication@268c6552
reloadAllAccessors: .Gaussian2

===========================================================================================
----------------- testing Sat Jun 06 14:38:43 UTC 2020 /home/travis/build/icyphy/ptII/ptolemy/actor/lib/test/auto/GradientAdaptiveLattice.xml
----------------- Instantiating /home/travis/build/icyphy/ptII/ptolemy/actor/lib/test/auto/GradientAdaptiveLattice.xml
2 ms. Memory: 493568K Free: 175102K (35%)
----------------- Invoking toplevel() on ptolemy.moml.MoMLSimpleApplication@737f797f
----------------- Done invoking toplevel() on ptolemy.moml.MoMLSimpleApplication@737f797f
reloadAllAccessors: .GradientAdaptiveLattice

===========================================================================================
----------------- testing Sat Jun 06 14:38:43 UTC 2020 /home/travis/build/icyphy/ptII/ptolemy/actor/lib/test/auto/IIR.xml
----------------- Instantiating /home/travis/build/icyphy/ptII/ptolemy/actor/lib/test/auto/IIR.xml
1 ms. Memory: 493568K Free: 170496K (35%)
----------------- Invoking toplevel() on ptolemy.moml.MoMLSimpleApplication@4c95fa9f
----------------- Done invoking toplevel() on ptolemy.moml.MoMLSimpleApplication@4c95fa9f
reloadAllAccessors: .IIR

===========================================================================================
----------------- testing Sat Jun 06 14:38:43 UTC 2020 /home/travis/build/icyphy/ptII/ptolemy/actor/lib/test/auto/InputOutputTransparentPorts.xml
----------------- Instantiating /home/travis/build/icyphy/ptII/ptolemy/actor/lib/test/auto/InputOutputTransparentPorts.xml
4 ms. Memory: 493568K Free: 163838K (33%)
----------------- Invoking toplevel() on ptolemy.moml.MoMLSimpleApplication@4b6bd620
----------------- Done invoking toplevel() on ptolemy.moml.MoMLSimpleApplication@4b6bd620
reloadAllAccessors: .InputOutputTransparentPorts

===========================================================================================
----------------- testing Sat Jun 06 14:38:43 UTC 2020 /home/travis/build/icyphy/ptII/ptolemy/actor/lib/test/auto/Interpolator.xml
----------------- Instantiating /home/travis/build/icyphy/ptII/ptolemy/actor/lib/test/auto/Interpolator.xml
5 ms. Memory: 683008K Free: 631791K (93%)
----------------- Invoking toplevel() on ptolemy.moml.MoMLSimpleApplication@1fceac00
----------------- Done invoking toplevel() on ptolemy.moml.MoMLSimpleApplication@1fceac00
reloadAllAccessors: .Interpolator

===========================================================================================
----------------- testing Sat Jun 06 14:38:43 UTC 2020 /home/travis/build/icyphy/ptII/ptolemy/actor/lib/test/auto/InterpolatorFiringLimitDE.xml
----------------- Instantiating /home/travis/build/icyphy/ptII/ptolemy/actor/lib/test/auto/InterpolatorFiringLimitDE.xml
3 ms. Memory: 683008K Free: 625662K (92%)
----------------- Invoking toplevel() on ptolemy.moml.MoMLSimpleApplication@1290ba27
----------------- Done invoking toplevel() on ptolemy.moml.MoMLSimpleApplication@1290ba27
reloadAllAccessors: .InterpolatorFiringLimitDE

===========================================================================================
----------------- testing Sat Jun 06 14:38:43 UTC 2020 /home/travis/build/icyphy/ptII/ptolemy/actor/lib/test/auto/Lattice.xml
----------------- Instantiating /home/travis/build/icyphy/ptII/ptolemy/actor/lib/test/auto/Lattice.xml
1 ms. Memory: 683008K Free: 621566K (91%)
----------------- Invoking toplevel() on ptolemy.moml.MoMLSimpleApplication@535c1763
----------------- Done invoking toplevel() on ptolemy.moml.MoMLSimpleApplication@535c1763
reloadAllAccessors: .Lattice

===========================================================================================
----------------- testing Sat Jun 06 14:38:43 UTC 2020 /home/travis/build/icyphy/ptII/ptolemy/actor/lib/test/auto/LazyAOCTestLazy.xml
----------------- Instantiating /home/travis/build/icyphy/ptII/ptolemy/actor/lib/test/auto/LazyAOCTestLazy.xml
13 ms. Memory: 683008K Free: 615936K (90%)
----------------- Invoking toplevel() on ptolemy.moml.MoMLSimpleApplication@2dd59986
----------------- Done invoking toplevel() on ptolemy.moml.MoMLSimpleApplication@2dd59986
reloadAllAccessors: .LazyAOCTestLazy

===========================================================================================
----------------- testing Sat Jun 06 14:38:44 UTC 2020 /home/travis/build/icyphy/ptII/ptolemy/actor/lib/test/auto/LazyAOCTestNonLazy.xml
----------------- Instantiating /home/travis/build/icyphy/ptII/ptolemy/actor/lib/test/auto/LazyAOCTestNonLazy.xml
2 ms. Memory: 683008K Free: 609278K (89%)
----------------- Invoking toplevel() on ptolemy.moml.MoMLSimpleApplication@77d7d8ad
----------------- Done invoking toplevel() on ptolemy.moml.MoMLSimpleApplication@77d7d8ad
reloadAllAccessors: .LazyAOCTestNonLazy

===========================================================================================
----------------- testing Sat Jun 06 14:38:44 UTC 2020 /home/travis/build/icyphy/ptII/ptolemy/actor/lib/test/auto/LazyInnerClass.xml
----------------- Instantiating /home/travis/build/icyphy/ptII/ptolemy/actor/lib/test/auto/LazyInnerClass.xml
19 ms. Memory: 683008K Free: 600576K (88%)
----------------- Invoking toplevel() on ptolemy.moml.MoMLSimpleApplication@17b51c09
----------------- Done invoking toplevel() on ptolemy.moml.MoMLSimpleApplication@17b51c09
reloadAllAccessors: .LazyInnerClass

===========================================================================================
----------------- testing Sat Jun 06 14:38:44 UTC 2020 /home/travis/build/icyphy/ptII/ptolemy/actor/lib/test/auto/LazyPubSub.xml
----------------- Instantiating /home/travis/build/icyphy/ptII/ptolemy/actor/lib/test/auto/LazyPubSub.xml
29 ms. Memory: 683008K Free: 590846K (87%)
----------------- Invoking toplevel() on ptolemy.moml.MoMLSimpleApplication@1697875b
----------------- Done invoking toplevel() on ptolemy.moml.MoMLSimpleApplication@1697875b
reloadAllAccessors: .LazyPubSub

===========================================================================================
----------------- testing Sat Jun 06 14:38:44 UTC 2020 /home/travis/build/icyphy/ptII/ptolemy/actor/lib/test/auto/LazyPubSub2.xml
----------------- Instantiating /home/travis/build/icyphy/ptII/ptolemy/actor/lib/test/auto/LazyPubSub2.xml
16 ms. Memory: 683008K Free: 580606K (85%)
----------------- Invoking toplevel() on ptolemy.moml.MoMLSimpleApplication@19865c27
----------------- Done invoking toplevel() on ptolemy.moml.MoMLSimpleApplication@19865c27
reloadAllAccessors: .LazyPubSub2

===========================================================================================
----------------- testing Sat Jun 06 14:38:44 UTC 2020 /home/travis/build/icyphy/ptII/ptolemy/actor/lib/test/auto/LazyPubSub3.xml
----------------- Instantiating /home/travis/build/icyphy/ptII/ptolemy/actor/lib/test/auto/LazyPubSub3.xml
15 ms. Memory: 683008K Free: 570366K (84%)
----------------- Invoking toplevel() on ptolemy.moml.MoMLSimpleApplication@3e39c071
----------------- Done invoking toplevel() on ptolemy.moml.MoMLSimpleApplication@3e39c071
reloadAllAccessors: .LazyPubSub3

===========================================================================================
----------------- testing Sat Jun 06 14:38:44 UTC 2020 /home/travis/build/icyphy/ptII/ptolemy/actor/lib/test/auto/LazySubClassModel.xml
----------------- Instantiating /home/travis/build/icyphy/ptII/ptolemy/actor/lib/test/auto/LazySubClassModel.xml
2 ms. Memory: 683008K Free: 561664K (82%)
----------------- Invoking toplevel() on ptolemy.moml.MoMLSimpleApplication@6177acff
----------------- Done invoking toplevel() on ptolemy.moml.MoMLSimpleApplication@6177acff
reloadAllAccessors: .LazySubClassModel

===========================================================================================
----------------- testing Sat Jun 06 14:38:44 UTC 2020 /home/travis/build/icyphy/ptII/ptolemy/actor/lib/test/auto/LevelCrossTest1.xml
----------------- Instantiating /home/travis/build/icyphy/ptII/ptolemy/actor/lib/test/auto/LevelCrossTest1.xml
1 ms. Memory: 683008K Free: 556544K (81%)
----------------- Invoking toplevel() on ptolemy.moml.MoMLSimpleApplication@dcc8425
----------------- Done invoking toplevel() on ptolemy.moml.MoMLSimpleApplication@dcc8425
reloadAllAccessors: .broken

===========================================================================================
----------------- testing Sat Jun 06 14:38:44 UTC 2020 /home/travis/build/icyphy/ptII/ptolemy/actor/lib/test/auto/LevelCrossTest10.xml
----------------- Instantiating /home/travis/build/icyphy/ptII/ptolemy/actor/lib/test/auto/LevelCrossTest10.xml
1 ms. Memory: 683008K Free: 549376K (80%)
----------------- Invoking toplevel() on ptolemy.moml.MoMLSimpleApplication@2793c399
----------------- Done invoking toplevel() on ptolemy.moml.MoMLSimpleApplication@2793c399
reloadAllAccessors: .LevelCrossTest10

===========================================================================================
----------------- testing Sat Jun 06 14:38:44 UTC 2020 /home/travis/build/icyphy/ptII/ptolemy/actor/lib/test/auto/LevelCrossTest11.xml
----------------- Instantiating /home/travis/build/icyphy/ptII/ptolemy/actor/lib/test/auto/LevelCrossTest11.xml
2 ms. Memory: 683008K Free: 543232K (80%)
----------------- Invoking toplevel() on ptolemy.moml.MoMLSimpleApplication@1a9c360c
----------------- Done invoking toplevel() on ptolemy.moml.MoMLSimpleApplication@1a9c360c
reloadAllAccessors: .LevelCrossTest11

===========================================================================================
----------------- testing Sat Jun 06 14:38:44 UTC 2020 /home/travis/build/icyphy/ptII/ptolemy/actor/lib/test/auto/LevelCrossTest12.xml
----------------- Instantiating /home/travis/build/icyphy/ptII/ptolemy/actor/lib/test/auto/LevelCrossTest12.xml
2 ms. Memory: 683008K Free: 536064K (78%)
----------------- Invoking toplevel() on ptolemy.moml.MoMLSimpleApplication@7f773f85
----------------- Done invoking toplevel() on ptolemy.moml.MoMLSimpleApplication@7f773f85
reloadAllAccessors: .LevelCrossTest12

===========================================================================================
----------------- testing Sat Jun 06 14:38:44 UTC 2020 /home/travis/build/icyphy/ptII/ptolemy/actor/lib/test/auto/LevelCrossTest13.xml
----------------- Instantiating /home/travis/build/icyphy/ptII/ptolemy/actor/lib/test/auto/LevelCrossTest13.xml
1 ms. Memory: 683008K Free: 528896K (77%)
----------------- Invoking toplevel() on ptolemy.moml.MoMLSimpleApplication@60ac7ff9
----------------- Done invoking toplevel() on ptolemy.moml.MoMLSimpleApplication@60ac7ff9
reloadAllAccessors: .LevelCrossTest13

===========================================================================================
----------------- testing Sat Jun 06 14:38:44 UTC 2020 /home/travis/build/icyphy/ptII/ptolemy/actor/lib/test/auto/LevelCrossTest2.xml
----------------- Instantiating /home/travis/build/icyphy/ptII/ptolemy/actor/lib/test/auto/LevelCrossTest2.xml
2 ms. Memory: 683008K Free: 523776K (77%)
----------------- Invoking toplevel() on ptolemy.moml.MoMLSimpleApplication@5afd6103
----------------- Done invoking toplevel() on ptolemy.moml.MoMLSimpleApplication@5afd6103
reloadAllAccessors: .broken

===========================================================================================
----------------- testing Sat Jun 06 14:38:44 UTC 2020 /home/travis/build/icyphy/ptII/ptolemy/actor/lib/test/auto/LevelCrossTest3.xml
----------------- Instantiating /home/travis/build/icyphy/ptII/ptolemy/actor/lib/test/auto/LevelCrossTest3.xml
1 ms. Memory: 683008K Free: 517632K (76%)
----------------- Invoking toplevel() on ptolemy.moml.MoMLSimpleApplication@719a4965
----------------- Done invoking toplevel() on ptolemy.moml.MoMLSimpleApplication@719a4965
reloadAllAccessors: .LevelCrossTest3

===========================================================================================
----------------- testing Sat Jun 06 14:38:44 UTC 2020 /home/travis/build/icyphy/ptII/ptolemy/actor/lib/test/auto/LevelCrossTest4.xml
----------------- Instantiating /home/travis/build/icyphy/ptII/ptolemy/actor/lib/test/auto/LevelCrossTest4.xml
1 ms. Memory: 683008K Free: 511998K (75%)
----------------- Invoking toplevel() on ptolemy.moml.MoMLSimpleApplication@734793f
----------------- Done invoking toplevel() on ptolemy.moml.MoMLSimpleApplication@734793f
reloadAllAccessors: .broken

===========================================================================================
----------------- testing Sat Jun 06 14:38:44 UTC 2020 /home/travis/build/icyphy/ptII/ptolemy/actor/lib/test/auto/LevelCrossTest5.xml
----------------- Instantiating /home/travis/build/icyphy/ptII/ptolemy/actor/lib/test/auto/LevelCrossTest5.xml
5 ms. Memory: 683008K Free: 505344K (74%)
----------------- Invoking toplevel() on ptolemy.moml.MoMLSimpleApplication@4b00eb62
----------------- Done invoking toplevel() on ptolemy.moml.MoMLSimpleApplication@4b00eb62
reloadAllAccessors: .LevelCrossTest5

===========================================================================================
----------------- testing Sat Jun 06 14:38:44 UTC 2020 /home/travis/build/icyphy/ptII/ptolemy/actor/lib/test/auto/LevelCrossTest6.xml
----------------- Instantiating /home/travis/build/icyphy/ptII/ptolemy/actor/lib/test/auto/LevelCrossTest6.xml
1 ms. Memory: 683008K Free: 498686K (73%)
----------------- Invoking toplevel() on ptolemy.moml.MoMLSimpleApplication@39a77feb
----------------- Done invoking toplevel() on ptolemy.moml.MoMLSimpleApplication@39a77feb
reloadAllAccessors: .LevelCrossTest6

===========================================================================================
----------------- testing Sat Jun 06 14:38:44 UTC 2020 /home/travis/build/icyphy/ptII/ptolemy/actor/lib/test/auto/LevelCrossTest7.xml
----------------- Instantiating /home/travis/build/icyphy/ptII/ptolemy/actor/lib/test/auto/LevelCrossTest7.xml
2 ms. Memory: 683008K Free: 491008K (72%)
----------------- Invoking toplevel() on ptolemy.moml.MoMLSimpleApplication@2824f0
----------------- Done invoking toplevel() on ptolemy.moml.MoMLSimpleApplication@2824f0
reloadAllAccessors: .LevelCrossTest7

===========================================================================================
----------------- testing Sat Jun 06 14:38:44 UTC 2020 /home/travis/build/icyphy/ptII/ptolemy/actor/lib/test/auto/LevelCrossTest8.xml
----------------- Instantiating /home/travis/build/icyphy/ptII/ptolemy/actor/lib/test/auto/LevelCrossTest8.xml
2 ms. Memory: 683008K Free: 483840K (71%)
----------------- Invoking toplevel() on ptolemy.moml.MoMLSimpleApplication@7184e33e
----------------- Done invoking toplevel() on ptolemy.moml.MoMLSimpleApplication@7184e33e
reloadAllAccessors: .LevelCrossTest8

===========================================================================================
----------------- testing Sat Jun 06 14:38:44 UTC 2020 /home/travis/build/icyphy/ptII/ptolemy/actor/lib/test/auto/LevelCrossTest9.xml
----------------- Instantiating /home/travis/build/icyphy/ptII/ptolemy/actor/lib/test/auto/LevelCrossTest9.xml
2 ms. Memory: 683008K Free: 477696K (70%)
----------------- Invoking toplevel() on ptolemy.moml.MoMLSimpleApplication@3a401da1
----------------- Done invoking toplevel() on ptolemy.moml.MoMLSimpleApplication@3a401da1
reloadAllAccessors: .LevelCrossTest9

===========================================================================================
----------------- testing Sat Jun 06 14:38:44 UTC 2020 /home/travis/build/icyphy/ptII/ptolemy/actor/lib/test/auto/LevinsonDurbin.xml
----------------- Instantiating /home/travis/build/icyphy/ptII/ptolemy/actor/lib/test/auto/LevinsonDurbin.xml
2 ms. Memory: 683008K Free: 473600K (69%)
----------------- Invoking toplevel() on ptolemy.moml.MoMLSimpleApplication@79a9e392
----------------- Done invoking toplevel() on ptolemy.moml.MoMLSimpleApplication@79a9e392
reloadAllAccessors: .LevinsonDurbin

===========================================================================================
----------------- testing Sat Jun 06 14:38:44 UTC 2020 /home/travis/build/icyphy/ptII/ptolemy/actor/lib/test/auto/LevinsonDurbin2.xml
----------------- Instantiating /home/travis/build/icyphy/ptII/ptolemy/actor/lib/test/auto/LevinsonDurbin2.xml
1 ms. Memory: 683008K Free: 469504K (69%)
----------------- Invoking toplevel() on ptolemy.moml.MoMLSimpleApplication@6f12110d
----------------- Done invoking toplevel() on ptolemy.moml.MoMLSimpleApplication@6f12110d
reloadAllAccessors: .LevinsonDurbin2

===========================================================================================
----------------- testing Sat Jun 06 14:38:44 UTC 2020 /home/travis/build/icyphy/ptII/ptolemy/actor/lib/test/auto/LevinsonDurbin3.xml
----------------- Instantiating /home/travis/build/icyphy/ptII/ptolemy/actor/lib/test/auto/LevinsonDurbin3.xml
2 ms. Memory: 683008K Free: 465918K (68%)
----------------- Invoking toplevel() on ptolemy.moml.MoMLSimpleApplication@70699720
----------------- Done invoking toplevel() on ptolemy.moml.MoMLSimpleApplication@70699720
reloadAllAccessors: .LevinsonDurbin3

===========================================================================================
----------------- testing Sat Jun 06 14:38:44 UTC 2020 /home/travis/build/icyphy/ptII/ptolemy/actor/lib/test/auto/Limiter.xml
----------------- Instantiating /home/travis/build/icyphy/ptII/ptolemy/actor/lib/test/auto/Limiter.xml
11 ms. Memory: 683008K Free: 456702K (67%)
----------------- Invoking toplevel() on ptolemy.moml.MoMLSimpleApplication@57866711
----------------- Done invoking toplevel() on ptolemy.moml.MoMLSimpleApplication@57866711
reloadAllAccessors: .Limiter

===========================================================================================
----------------- testing Sat Jun 06 14:38:44 UTC 2020 /home/travis/build/icyphy/ptII/ptolemy/actor/lib/test/auto/LinearDifferenceEquationSystem.xml
----------------- Instantiating /home/travis/build/icyphy/ptII/ptolemy/actor/lib/test/auto/LinearDifferenceEquationSystem.xml
4 ms. Memory: 683008K Free: 449534K (66%)
----------------- Invoking toplevel() on ptolemy.moml.MoMLSimpleApplication@627b4d75
----------------- Done invoking toplevel() on ptolemy.moml.MoMLSimpleApplication@627b4d75
reloadAllAccessors: .LinearDifferenceEquationSystem

===========================================================================================
----------------- testing Sat Jun 06 14:38:44 UTC 2020 /home/travis/build/icyphy/ptII/ptolemy/actor/lib/test/auto/LookupTable.xml
----------------- Instantiating /home/travis/build/icyphy/ptII/ptolemy/actor/lib/test/auto/LookupTable.xml
1 ms. Memory: 683008K Free: 444928K (65%)
----------------- Invoking toplevel() on ptolemy.moml.MoMLSimpleApplication@79e171cb
----------------- Done invoking toplevel() on ptolemy.moml.MoMLSimpleApplication@79e171cb
reloadAllAccessors: .LookupTable

===========================================================================================
----------------- testing Sat Jun 06 14:38:44 UTC 2020 /home/travis/build/icyphy/ptII/ptolemy/actor/lib/test/auto/MathFunction.xml
----------------- Instantiating /home/travis/build/icyphy/ptII/ptolemy/actor/lib/test/auto/MathFunction.xml
2 ms. Memory: 683008K Free: 437246K (64%)
----------------- Invoking toplevel() on ptolemy.moml.MoMLSimpleApplication@4a4d45bb
----------------- Done invoking toplevel() on ptolemy.moml.MoMLSimpleApplication@4a4d45bb
reloadAllAccessors: .MathFunction

===========================================================================================
----------------- testing Sat Jun 06 14:38:44 UTC 2020 /home/travis/build/icyphy/ptII/ptolemy/actor/lib/test/auto/MathFunction2.xml
----------------- Instantiating /home/travis/build/icyphy/ptII/ptolemy/actor/lib/test/auto/MathFunction2.xml
10 ms. Memory: 683008K Free: 433150K (63%)
----------------- Invoking toplevel() on ptolemy.moml.MoMLSimpleApplication@435038f5
----------------- Done invoking toplevel() on ptolemy.moml.MoMLSimpleApplication@435038f5
reloadAllAccessors: .MathFunction2

===========================================================================================
----------------- testing Sat Jun 06 14:38:44 UTC 2020 /home/travis/build/icyphy/ptII/ptolemy/actor/lib/test/auto/MathFunction3.xml
----------------- Instantiating /home/travis/build/icyphy/ptII/ptolemy/actor/lib/test/auto/MathFunction3.xml
2 ms. Memory: 683008K Free: 425982K (62%)
----------------- Invoking toplevel() on ptolemy.moml.MoMLSimpleApplication@58e2534
----------------- Done invoking toplevel() on ptolemy.moml.MoMLSimpleApplication@58e2534
reloadAllAccessors: .MathFunction3

===========================================================================================
----------------- testing Sat Jun 06 14:38:44 UTC 2020 /home/travis/build/icyphy/ptII/ptolemy/actor/lib/test/auto/MatrixCropBoolean.xml
----------------- Instantiating /home/travis/build/icyphy/ptII/ptolemy/actor/lib/test/auto/MatrixCropBoolean.xml
2 ms. Memory: 683008K Free: 421376K (62%)
----------------- Invoking toplevel() on ptolemy.moml.MoMLSimpleApplication@6068eba7
----------------- Done invoking toplevel() on ptolemy.moml.MoMLSimpleApplication@6068eba7
reloadAllAccessors: .MatrixCropBoolean

===========================================================================================
----------------- testing Sat Jun 06 14:38:44 UTC 2020 /home/travis/build/icyphy/ptII/ptolemy/actor/lib/test/auto/MatrixCropComplex.xml
----------------- Instantiating /home/travis/build/icyphy/ptII/ptolemy/actor/lib/test/auto/MatrixCropComplex.xml
2 ms. Memory: 683008K Free: 416256K (61%)
----------------- Invoking toplevel() on ptolemy.moml.MoMLSimpleApplication@58df4dcf
----------------- Done invoking toplevel() on ptolemy.moml.MoMLSimpleApplication@58df4dcf
reloadAllAccessors: .MatrixCropComplex

===========================================================================================
----------------- testing Sat Jun 06 14:38:44 UTC 2020 /home/travis/build/icyphy/ptII/ptolemy/actor/lib/test/auto/MatrixCropDouble.xml
----------------- Instantiating /home/travis/build/icyphy/ptII/ptolemy/actor/lib/test/auto/MatrixCropDouble.xml
1 ms. Memory: 683008K Free: 411615K (60%)
----------------- Invoking toplevel() on ptolemy.moml.MoMLSimpleApplication@6bf5406a
----------------- Done invoking toplevel() on ptolemy.moml.MoMLSimpleApplication@6bf5406a
reloadAllAccessors: .MatrixCropDouble

===========================================================================================
----------------- testing Sat Jun 06 14:38:44 UTC 2020 /home/travis/build/icyphy/ptII/ptolemy/actor/lib/test/auto/MatrixCropFix.xml
----------------- Instantiating /home/travis/build/icyphy/ptII/ptolemy/actor/lib/test/auto/MatrixCropFix.xml
1 ms. Memory: 683008K Free: 406511K (60%)
----------------- Invoking toplevel() on ptolemy.moml.MoMLSimpleApplication@1b13d435
----------------- Done invoking toplevel() on ptolemy.moml.MoMLSimpleApplication@1b13d435
reloadAllAccessors: .MatrixCropFix

===========================================================================================
----------------- testing Sat Jun 06 14:38:44 UTC 2020 /home/travis/build/icyphy/ptII/ptolemy/actor/lib/test/auto/MatrixCropInt.xml
----------------- Instantiating /home/travis/build/icyphy/ptII/ptolemy/actor/lib/test/auto/MatrixCropInt.xml
2 ms. Memory: 683008K Free: 402399K (59%)
----------------- Invoking toplevel() on ptolemy.moml.MoMLSimpleApplication@32632908
----------------- Done invoking toplevel() on ptolemy.moml.MoMLSimpleApplication@32632908
reloadAllAccessors: .MatrixCropInt

===========================================================================================
----------------- testing Sat Jun 06 14:38:44 UTC 2020 /home/travis/build/icyphy/ptII/ptolemy/actor/lib/test/auto/MatrixCropLong.xml
----------------- Instantiating /home/travis/build/icyphy/ptII/ptolemy/actor/lib/test/auto/MatrixCropLong.xml
3 ms. Memory: 683008K Free: 397303K (58%)
----------------- Invoking toplevel() on ptolemy.moml.MoMLSimpleApplication@12a9ded0
----------------- Done invoking toplevel() on ptolemy.moml.MoMLSimpleApplication@12a9ded0
reloadAllAccessors: .MatrixCropLong

===========================================================================================
----------------- testing Sat Jun 06 14:38:44 UTC 2020 /home/travis/build/icyphy/ptII/ptolemy/actor/lib/test/auto/MatrixToArray.xml
----------------- Instantiating /home/travis/build/icyphy/ptII/ptolemy/actor/lib/test/auto/MatrixToArray.xml
6 ms. Memory: 683008K Free: 381950K (56%)
----------------- Invoking toplevel() on ptolemy.moml.MoMLSimpleApplication@7522c5aa
----------------- Done invoking toplevel() on ptolemy.moml.MoMLSimpleApplication@7522c5aa
reloadAllAccessors: .MatrixToArray

===========================================================================================
----------------- testing Sat Jun 06 14:38:44 UTC 2020 /home/travis/build/icyphy/ptII/ptolemy/actor/lib/test/auto/MaxIndex.xml
----------------- Instantiating /home/travis/build/icyphy/ptII/ptolemy/actor/lib/test/auto/MaxIndex.xml
6 ms. Memory: 683008K Free: 376830K (55%)
----------------- Invoking toplevel() on ptolemy.moml.MoMLSimpleApplication@73339c4f
----------------- Done invoking toplevel() on ptolemy.moml.MoMLSimpleApplication@73339c4f
reloadAllAccessors: .MaxIndex

===========================================================================================
----------------- testing Sat Jun 06 14:38:44 UTC 2020 /home/travis/build/icyphy/ptII/ptolemy/actor/lib/test/auto/Maximum.xml
----------------- Instantiating /home/travis/build/icyphy/ptII/ptolemy/actor/lib/test/auto/Maximum.xml
2 ms. Memory: 683008K Free: 370655K (54%)
----------------- Invoking toplevel() on ptolemy.moml.MoMLSimpleApplication@2be906ba
----------------- Done invoking toplevel() on ptolemy.moml.MoMLSimpleApplication@2be906ba
reloadAllAccessors: .Maximum

===========================================================================================
----------------- testing Sat Jun 06 14:38:44 UTC 2020 /home/travis/build/icyphy/ptII/ptolemy/actor/lib/test/auto/MaximumComplex.xml
----------------- Instantiating /home/travis/build/icyphy/ptII/ptolemy/actor/lib/test/auto/MaximumComplex.xml
4 ms. Memory: 683008K Free: 364527K (53%)
----------------- Invoking toplevel() on ptolemy.moml.MoMLSimpleApplication@74814aa3
----------------- Done invoking toplevel() on ptolemy.moml.MoMLSimpleApplication@74814aa3
reloadAllAccessors: .MaximumComplex

===========================================================================================
----------------- testing Sat Jun 06 14:38:44 UTC 2020 /home/travis/build/icyphy/ptII/ptolemy/actor/lib/test/auto/MethodCallTest.xml
----------------- Instantiating /home/travis/build/icyphy/ptII/ptolemy/actor/lib/test/auto/MethodCallTest.xml
2 ms. Memory: 683008K Free: 357888K (52%)
----------------- Invoking toplevel() on ptolemy.moml.MoMLSimpleApplication@428b230c
----------------- Done invoking toplevel() on ptolemy.moml.MoMLSimpleApplication@428b230c
reloadAllAccessors: .MethodCallTest

===========================================================================================
----------------- testing Sat Jun 06 14:38:44 UTC 2020 /home/travis/build/icyphy/ptII/ptolemy/actor/lib/test/auto/Minimum.xml
----------------- Instantiating /home/travis/build/icyphy/ptII/ptolemy/actor/lib/test/auto/Minimum.xml
2 ms. Memory: 683008K Free: 351744K (51%)
----------------- Invoking toplevel() on ptolemy.moml.MoMLSimpleApplication@4de6eb47
----------------- Done invoking toplevel() on ptolemy.moml.MoMLSimpleApplication@4de6eb47
reloadAllAccessors: .Minimum

===========================================================================================
----------------- testing Sat Jun 06 14:38:44 UTC 2020 /home/travis/build/icyphy/ptII/ptolemy/actor/lib/test/auto/MinimumComplex.xml
----------------- Instantiating /home/travis/build/icyphy/ptII/ptolemy/actor/lib/test/auto/MinimumComplex.xml
2 ms. Memory: 683008K Free: 345600K (51%)
----------------- Invoking toplevel() on ptolemy.moml.MoMLSimpleApplication@79f10375
----------------- Done invoking toplevel() on ptolemy.moml.MoMLSimpleApplication@79f10375
reloadAllAccessors: .MinimumComplex

===========================================================================================
----------------- testing Sat Jun 06 14:38:44 UTC 2020 /home/travis/build/icyphy/ptII/ptolemy/actor/lib/test/auto/MinimumMultiports.xml
----------------- Instantiating /home/travis/build/icyphy/ptII/ptolemy/actor/lib/test/auto/MinimumMultiports.xml
3 ms. Memory: 683008K Free: 337408K (49%)
----------------- Invoking toplevel() on ptolemy.moml.MoMLSimpleApplication@6dbe0d74
----------------- Done invoking toplevel() on ptolemy.moml.MoMLSimpleApplication@6dbe0d74
reloadAllAccessors: .MinimumMultiports

===========================================================================================
----------------- testing Sat Jun 06 14:38:44 UTC 2020 /home/travis/build/icyphy/ptII/ptolemy/actor/lib/test/auto/ModifyDate.xml
----------------- Instantiating /home/travis/build/icyphy/ptII/ptolemy/actor/lib/test/auto/ModifyDate.xml
8 ms. Memory: 683008K Free: 324606K (48%)
----------------- Invoking toplevel() on ptolemy.moml.MoMLSimpleApplication@1d0d31
----------------- Done invoking toplevel() on ptolemy.moml.MoMLSimpleApplication@1d0d31
reloadAllAccessors: .ModifyDate

===========================================================================================
----------------- testing Sat Jun 06 14:38:45 UTC 2020 /home/travis/build/icyphy/ptII/ptolemy/actor/lib/test/auto/ModifyDate2.xml
----------------- Instantiating /home/travis/build/icyphy/ptII/ptolemy/actor/lib/test/auto/ModifyDate2.xml
2 ms. Memory: 683008K Free: 315904K (46%)
----------------- Invoking toplevel() on ptolemy.moml.MoMLSimpleApplication@4ad3e5a8
----------------- Done invoking toplevel() on ptolemy.moml.MoMLSimpleApplication@4ad3e5a8
reloadAllAccessors: .ModifyDate2

===========================================================================================
----------------- testing Sat Jun 06 14:38:45 UTC 2020 /home/travis/build/icyphy/ptII/ptolemy/actor/lib/test/auto/MovingAverage.xml
----------------- Instantiating /home/travis/build/icyphy/ptII/ptolemy/actor/lib/test/auto/MovingAverage.xml
2 ms. Memory: 683008K Free: 310784K (46%)
----------------- Invoking toplevel() on ptolemy.moml.MoMLSimpleApplication@3ef42132
----------------- Done invoking toplevel() on ptolemy.moml.MoMLSimpleApplication@3ef42132
reloadAllAccessors: .MovingAverage

===========================================================================================
----------------- testing Sat Jun 06 14:38:45 UTC 2020 /home/travis/build/icyphy/ptII/ptolemy/actor/lib/test/auto/MovingMaximum.xml
----------------- Instantiating /home/travis/build/icyphy/ptII/ptolemy/actor/lib/test/auto/MovingMaximum.xml
1 ms. Memory: 683008K Free: 306688K (45%)
----------------- Invoking toplevel() on ptolemy.moml.MoMLSimpleApplication@2cdcdba3
----------------- Done invoking toplevel() on ptolemy.moml.MoMLSimpleApplication@2cdcdba3
reloadAllAccessors: .MovingMaximum

===========================================================================================
----------------- testing Sat Jun 06 14:38:45 UTC 2020 /home/travis/build/icyphy/ptII/ptolemy/actor/lib/test/auto/MultipleLinksToSameRelation.xml
----------------- Instantiating /home/travis/build/icyphy/ptII/ptolemy/actor/lib/test/auto/MultipleLinksToSameRelation.xml
3 ms. Memory: 683008K Free: 302592K (44%)
----------------- Invoking toplevel() on ptolemy.moml.MoMLSimpleApplication@14d910f
----------------- Done invoking toplevel() on ptolemy.moml.MoMLSimpleApplication@14d910f
reloadAllAccessors: .MultipleLinksToSameRelation

===========================================================================================
----------------- testing Sat Jun 06 14:38:45 UTC 2020 /home/travis/build/icyphy/ptII/ptolemy/actor/lib/test/auto/MultipleLinksToSameRelationDE.xml
----------------- Instantiating /home/travis/build/icyphy/ptII/ptolemy/actor/lib/test/auto/MultipleLinksToSameRelationDE.xml
8 ms. Memory: 683008K Free: 297951K (44%)
----------------- Invoking toplevel() on ptolemy.moml.MoMLSimpleApplication@12b6471c
----------------- Done invoking toplevel() on ptolemy.moml.MoMLSimpleApplication@12b6471c
reloadAllAccessors: .MultipleLinksToSameRelationDE

===========================================================================================
----------------- testing Sat Jun 06 14:38:45 UTC 2020 /home/travis/build/icyphy/ptII/ptolemy/actor/lib/test/auto/Multiplexor.xml
----------------- Instantiating /home/travis/build/icyphy/ptII/ptolemy/actor/lib/test/auto/Multiplexor.xml
1 ms. Memory: 683008K Free: 630767K (92%)
----------------- Invoking toplevel() on ptolemy.moml.MoMLSimpleApplication@7572deb7
----------------- Done invoking toplevel() on ptolemy.moml.MoMLSimpleApplication@7572deb7
reloadAllAccessors: .Multiplexor

===========================================================================================
----------------- testing Sat Jun 06 14:38:45 UTC 2020 /home/travis/build/icyphy/ptII/ptolemy/actor/lib/test/auto/Multiplexor1.xml
----------------- Instantiating /home/travis/build/icyphy/ptII/ptolemy/actor/lib/test/auto/Multiplexor1.xml
2 ms. Memory: 683008K Free: 624607K (91%)
----------------- Invoking toplevel() on ptolemy.moml.MoMLSimpleApplication@5baf9714
----------------- Done invoking toplevel() on ptolemy.moml.MoMLSimpleApplication@5baf9714
reloadAllAccessors: .Multiplexor1

===========================================================================================
----------------- testing Sat Jun 06 14:38:45 UTC 2020 /home/travis/build/icyphy/ptII/ptolemy/actor/lib/test/auto/Multiplexor2.xml
----------------- Instantiating /home/travis/build/icyphy/ptII/ptolemy/actor/lib/test/auto/Multiplexor2.xml
2 ms. Memory: 683008K Free: 617984K (90%)
----------------- Invoking toplevel() on ptolemy.moml.MoMLSimpleApplication@1f603d78
----------------- Done invoking toplevel() on ptolemy.moml.MoMLSimpleApplication@1f603d78
reloadAllAccessors: .Multiplexor2

===========================================================================================
----------------- testing Sat Jun 06 14:38:45 UTC 2020 /home/travis/build/icyphy/ptII/ptolemy/actor/lib/test/auto/Multiplexor3.xml
----------------- Instantiating /home/travis/build/icyphy/ptII/ptolemy/actor/lib/test/auto/Multiplexor3.xml
1 ms. Memory: 683008K Free: 613888K (90%)
----------------- Invoking toplevel() on ptolemy.moml.MoMLSimpleApplication@48784c8d
----------------- Done invoking toplevel() on ptolemy.moml.MoMLSimpleApplication@48784c8d
reloadAllAccessors: .Multiplexor3

===========================================================================================
----------------- testing Sat Jun 06 14:38:45 UTC 2020 /home/travis/build/icyphy/ptII/ptolemy/actor/lib/test/auto/MultiplexorDE.xml
----------------- Instantiating /home/travis/build/icyphy/ptII/ptolemy/actor/lib/test/auto/MultiplexorDE.xml
2 ms. Memory: 683008K Free: 606191K (89%)
----------------- Invoking toplevel() on ptolemy.moml.MoMLSimpleApplication@ebc32d6
----------------- Done invoking toplevel() on ptolemy.moml.MoMLSimpleApplication@ebc32d6
reloadAllAccessors: .MultiplexorDE

===========================================================================================
----------------- testing Sat Jun 06 14:38:45 UTC 2020 /home/travis/build/icyphy/ptII/ptolemy/actor/lib/test/auto/MultiportBroadcastTest.xml
----------------- Instantiating /home/travis/build/icyphy/ptII/ptolemy/actor/lib/test/auto/MultiportBroadcastTest.xml
74 ms. Memory: 683008K Free: 600062K (88%)
----------------- Invoking toplevel() on ptolemy.moml.MoMLSimpleApplication@5603b559
----------------- Done invoking toplevel() on ptolemy.moml.MoMLSimpleApplication@5603b559
reloadAllAccessors: .MultiportBroadcastTest

===========================================================================================
----------------- testing Sat Jun 06 14:38:45 UTC 2020 /home/travis/build/icyphy/ptII/ptolemy/actor/lib/test/auto/MultiportOutHangDuringGetWidth.xml
----------------- Instantiating /home/travis/build/icyphy/ptII/ptolemy/actor/lib/test/auto/MultiportOutHangDuringGetWidth.xml
5 ms. Memory: 683008K Free: 588288K (86%)
----------------- Invoking toplevel() on ptolemy.moml.MoMLSimpleApplication@580ffc8e
----------------- Done invoking toplevel() on ptolemy.moml.MoMLSimpleApplication@580ffc8e
reloadAllAccessors: .MultiportOutHangDuringGetWidth

===========================================================================================
----------------- testing Sat Jun 06 14:38:45 UTC 2020 /home/travis/build/icyphy/ptII/ptolemy/actor/lib/test/auto/NilToken.xml
----------------- Instantiating /home/travis/build/icyphy/ptII/ptolemy/actor/lib/test/auto/NilToken.xml
1 ms. Memory: 683008K Free: 584192K (86%)
----------------- Invoking toplevel() on ptolemy.moml.MoMLSimpleApplication@5afcef90
----------------- Done invoking toplevel() on ptolemy.moml.MoMLSimpleApplication@5afcef90
reloadAllAccessors: .NilToken

===========================================================================================
----------------- testing Sat Jun 06 14:38:45 UTC 2020 /home/travis/build/icyphy/ptII/ptolemy/actor/lib/test/auto/NilTokenNonStrictTest.xml
----------------- Instantiating /home/travis/build/icyphy/ptII/ptolemy/actor/lib/test/auto/NilTokenNonStrictTest.xml
1 ms. Memory: 683008K Free: 579582K (85%)
----------------- Invoking toplevel() on ptolemy.moml.MoMLSimpleApplication@7b4302cf
----------------- Done invoking toplevel() on ptolemy.moml.MoMLSimpleApplication@7b4302cf
reloadAllAccessors: .NilTokenNonStrictTest

===========================================================================================
----------------- testing Sat Jun 06 14:38:45 UTC 2020 /home/travis/build/icyphy/ptII/ptolemy/actor/lib/test/auto/NilTokenRecord.xml
----------------- Instantiating /home/travis/build/icyphy/ptII/ptolemy/actor/lib/test/auto/NilTokenRecord.xml
5 ms. Memory: 683008K Free: 572928K (84%)
----------------- Invoking toplevel() on ptolemy.moml.MoMLSimpleApplication@346bed28
----------------- Done invoking toplevel() on ptolemy.moml.MoMLSimpleApplication@346bed28
reloadAllAccessors: .NilTokenRecord

===========================================================================================
----------------- testing Sat Jun 06 14:38:45 UTC 2020 /home/travis/build/icyphy/ptII/ptolemy/actor/lib/test/auto/NilTokenTypeTest.xml
----------------- Instantiating /home/travis/build/icyphy/ptII/ptolemy/actor/lib/test/auto/NilTokenTypeTest.xml
8 ms. Memory: 683008K Free: 563198K (82%)
----------------- Invoking toplevel() on ptolemy.moml.MoMLSimpleApplication@312f41ed
----------------- Done invoking toplevel() on ptolemy.moml.MoMLSimpleApplication@312f41ed
reloadAllAccessors: .NilTokenTypeTest

===========================================================================================
----------------- testing Sat Jun 06 14:38:45 UTC 2020 /home/travis/build/icyphy/ptII/ptolemy/actor/lib/test/auto/ObjectToken1.xml
----------------- Instantiating /home/travis/build/icyphy/ptII/ptolemy/actor/lib/test/auto/ObjectToken1.xml
2 ms. Memory: 683008K Free: 559616K (82%)
----------------- Invoking toplevel() on ptolemy.moml.MoMLSimpleApplication@3012c131
----------------- Done invoking toplevel() on ptolemy.moml.MoMLSimpleApplication@3012c131
reloadAllAccessors: .ObjectToken1

===========================================================================================
----------------- testing Sat Jun 06 14:38:45 UTC 2020 /home/travis/build/icyphy/ptII/ptolemy/actor/lib/test/auto/OrderedMerge.xml
----------------- Instantiating /home/travis/build/icyphy/ptII/ptolemy/actor/lib/test/auto/OrderedMerge.xml
7 ms. Memory: 683008K Free: 553982K (81%)
----------------- Invoking toplevel() on ptolemy.moml.MoMLSimpleApplication@575b253
----------------- Done invoking toplevel() on ptolemy.moml.MoMLSimpleApplication@575b253
reloadAllAccessors: .OrderedMerge

===========================================================================================
----------------- testing Sat Jun 06 14:38:45 UTC 2020 /home/travis/build/icyphy/ptII/ptolemy/actor/lib/test/auto/OrderedRecordDisassembler.xml
----------------- Instantiating /home/travis/build/icyphy/ptII/ptolemy/actor/lib/test/auto/OrderedRecordDisassembler.xml
3 ms. Memory: 683008K Free: 548831K (80%)
----------------- Invoking toplevel() on ptolemy.moml.MoMLSimpleApplication@7b7a242e
----------------- Done invoking toplevel() on ptolemy.moml.MoMLSimpleApplication@7b7a242e
reloadAllAccessors: .OrderedRecordDisassembler

===========================================================================================
----------------- testing Sat Jun 06 14:38:45 UTC 2020 /home/travis/build/icyphy/ptII/ptolemy/actor/lib/test/auto/OrderedRecordDisassembler2.xml
----------------- Instantiating /home/travis/build/icyphy/ptII/ptolemy/actor/lib/test/auto/OrderedRecordDisassembler2.xml
3 ms. Memory: 683008K Free: 541184K (79%)
----------------- Invoking toplevel() on ptolemy.moml.MoMLSimpleApplication@3f272052
----------------- Done invoking toplevel() on ptolemy.moml.MoMLSimpleApplication@3f272052
reloadAllAccessors: .OrderedRecordDisassembler2

===========================================================================================
----------------- testing Sat Jun 06 14:38:45 UTC 2020 /home/travis/build/icyphy/ptII/ptolemy/actor/lib/test/auto/OrderedRecordUpdater.xml
----------------- Instantiating /home/travis/build/icyphy/ptII/ptolemy/actor/lib/test/auto/OrderedRecordUpdater.xml
2 ms. Memory: 683008K Free: 536574K (79%)
----------------- Invoking toplevel() on ptolemy.moml.MoMLSimpleApplication@7092464e
----------------- Done invoking toplevel() on ptolemy.moml.MoMLSimpleApplication@7092464e
reloadAllAccessors: .RecordUpdater

===========================================================================================
----------------- testing Sat Jun 06 14:38:45 UTC 2020 /home/travis/build/icyphy/ptII/ptolemy/actor/lib/test/auto/OrderedRecordUpdater2.xml
----------------- Instantiating /home/travis/build/icyphy/ptII/ptolemy/actor/lib/test/auto/OrderedRecordUpdater2.xml
3 ms. Memory: 683008K Free: 531454K (78%)
----------------- Invoking toplevel() on ptolemy.moml.MoMLSimpleApplication@4e34a2c3
----------------- Done invoking toplevel() on ptolemy.moml.MoMLSimpleApplication@4e34a2c3
reloadAllAccessors: .RecordUpdater2

===========================================================================================
----------------- testing Sat Jun 06 14:38:45 UTC 2020 /home/travis/build/icyphy/ptII/ptolemy/actor/lib/test/auto/PhaseUnwrap.xml
----------------- Instantiating /home/travis/build/icyphy/ptII/ptolemy/actor/lib/test/auto/PhaseUnwrap.xml
2 ms. Memory: 683008K Free: 527358K (77%)
----------------- Invoking toplevel() on ptolemy.moml.MoMLSimpleApplication@482307f2
----------------- Done invoking toplevel() on ptolemy.moml.MoMLSimpleApplication@482307f2
reloadAllAccessors: .PhaseUnwrap

===========================================================================================
----------------- testing Sat Jun 06 14:38:45 UTC 2020 /home/travis/build/icyphy/ptII/ptolemy/actor/lib/test/auto/PoissonClock.xml
----------------- Instantiating /home/travis/build/icyphy/ptII/ptolemy/actor/lib/test/auto/PoissonClock.xml
1 ms. Memory: 683008K Free: 523262K (77%)
----------------- Invoking toplevel() on ptolemy.moml.MoMLSimpleApplication@5a340ba8
----------------- Done invoking toplevel() on ptolemy.moml.MoMLSimpleApplication@5a340ba8
reloadAllAccessors: .PoissonClock

===========================================================================================
----------------- testing Sat Jun 06 14:38:45 UTC 2020 /home/travis/build/icyphy/ptII/ptolemy/actor/lib/test/auto/PoissonClock2.xml
----------------- Instantiating /home/travis/build/icyphy/ptII/ptolemy/actor/lib/test/auto/PoissonClock2.xml
1 ms. Memory: 683008K Free: 518656K (76%)
----------------- Invoking toplevel() on ptolemy.moml.MoMLSimpleApplication@31afc0d
----------------- Done invoking toplevel() on ptolemy.moml.MoMLSimpleApplication@31afc0d
reloadAllAccessors: .PoissonClock2

===========================================================================================
----------------- testing Sat Jun 06 14:38:45 UTC 2020 /home/travis/build/icyphy/ptII/ptolemy/actor/lib/test/auto/PoissonClock3.xml
----------------- Instantiating /home/travis/build/icyphy/ptII/ptolemy/actor/lib/test/auto/PoissonClock3.xml
1 ms. Memory: 683008K Free: 514046K (75%)
----------------- Invoking toplevel() on ptolemy.moml.MoMLSimpleApplication@c1cc708
----------------- Done invoking toplevel() on ptolemy.moml.MoMLSimpleApplication@c1cc708
reloadAllAccessors: .PoissonClock3

===========================================================================================
----------------- testing Sat Jun 06 14:38:45 UTC 2020 /home/travis/build/icyphy/ptII/ptolemy/actor/lib/test/auto/PubSubWithInitialTokens.xml
----------------- Instantiating /home/travis/build/icyphy/ptII/ptolemy/actor/lib/test/auto/PubSubWithInitialTokens.xml
1 ms. Memory: 683008K Free: 508416K (74%)
----------------- Invoking toplevel() on ptolemy.moml.MoMLSimpleApplication@2fd83270
----------------- Done invoking toplevel() on ptolemy.moml.MoMLSimpleApplication@2fd83270
reloadAllAccessors: .PubSubWithInitialTokens

===========================================================================================
----------------- testing Sat Jun 06 14:38:45 UTC 2020 /home/travis/build/icyphy/ptII/ptolemy/actor/lib/test/auto/PubSubWithInitialTokens2.xml
----------------- Instantiating /home/travis/build/icyphy/ptII/ptolemy/actor/lib/test/auto/PubSubWithInitialTokens2.xml
3 ms. Memory: 683008K Free: 502272K (74%)
----------------- Invoking toplevel() on ptolemy.moml.MoMLSimpleApplication@38b5ebac
----------------- Done invoking toplevel() on ptolemy.moml.MoMLSimpleApplication@38b5ebac
reloadAllAccessors: .PubSubWithInitialTokens2

===========================================================================================
----------------- testing Sat Jun 06 14:38:45 UTC 2020 /home/travis/build/icyphy/ptII/ptolemy/actor/lib/test/auto/PublisherClassNoParameter.xml
----------------- Instantiating /home/travis/build/icyphy/ptII/ptolemy/actor/lib/test/auto/PublisherClassNoParameter.xml
1 ms. Memory: 683008K Free: 493056K (72%)
----------------- Invoking toplevel() on ptolemy.moml.MoMLSimpleApplication@1210f250
----------------- Done invoking toplevel() on ptolemy.moml.MoMLSimpleApplication@1210f250
reloadAllAccessors: .PublisherClassNoParameter

===========================================================================================
----------------- testing Sat Jun 06 14:38:45 UTC 2020 /home/travis/build/icyphy/ptII/ptolemy/actor/lib/test/auto/PublisherClassParameter.xml
----------------- Instantiating /home/travis/build/icyphy/ptII/ptolemy/actor/lib/test/auto/PublisherClassParameter.xml
2 ms. Memory: 683008K Free: 482302K (71%)
----------------- Invoking toplevel() on ptolemy.moml.MoMLSimpleApplication@63e8a1bc
----------------- Done invoking toplevel() on ptolemy.moml.MoMLSimpleApplication@63e8a1bc
reloadAllAccessors: .PublisherClassParameter

===========================================================================================
----------------- testing Sat Jun 06 14:38:45 UTC 2020 /home/travis/build/icyphy/ptII/ptolemy/actor/lib/test/auto/PublisherNonStrictTest.xml
----------------- Instantiating /home/travis/build/icyphy/ptII/ptolemy/actor/lib/test/auto/PublisherNonStrictTest.xml
3 ms. Memory: 683008K Free: 474624K (69%)
----------------- Invoking toplevel() on ptolemy.moml.MoMLSimpleApplication@6aa00886
----------------- Done invoking toplevel() on ptolemy.moml.MoMLSimpleApplication@6aa00886
reloadAllAccessors: .PublisherNonStrictTest

===========================================================================================
----------------- testing Sat Jun 06 14:38:45 UTC 2020 /home/travis/build/icyphy/ptII/ptolemy/actor/lib/test/auto/PublisherPort1.xml
----------------- Instantiating /home/travis/build/icyphy/ptII/ptolemy/actor/lib/test/auto/PublisherPort1.xml
2 ms. Memory: 683008K Free: 468959K (69%)
----------------- Invoking toplevel() on ptolemy.moml.MoMLSimpleApplication@352fb8eb
----------------- Done invoking toplevel() on ptolemy.moml.MoMLSimpleApplication@352fb8eb
reloadAllAccessors: .PublisherPort1

===========================================================================================
----------------- testing Sat Jun 06 14:38:45 UTC 2020 /home/travis/build/icyphy/ptII/ptolemy/actor/lib/test/auto/PublisherPort2.xml
----------------- Instantiating /home/travis/build/icyphy/ptII/ptolemy/actor/lib/test/auto/PublisherPort2.xml
1 ms. Memory: 683008K Free: 463870K (68%)
----------------- Invoking toplevel() on ptolemy.moml.MoMLSimpleApplication@1afebb0
----------------- Done invoking toplevel() on ptolemy.moml.MoMLSimpleApplication@1afebb0
reloadAllAccessors: .PublisherPort2

===========================================================================================
----------------- testing Sat Jun 06 14:38:45 UTC 2020 /home/travis/build/icyphy/ptII/ptolemy/actor/lib/test/auto/PublisherPort3.xml
----------------- Instantiating /home/travis/build/icyphy/ptII/ptolemy/actor/lib/test/auto/PublisherPort3.xml
13 ms. Memory: 683008K Free: 457216K (67%)
----------------- Invoking toplevel() on ptolemy.moml.MoMLSimpleApplication@6bf2f162
----------------- Done invoking toplevel() on ptolemy.moml.MoMLSimpleApplication@6bf2f162
reloadAllAccessors: .PublisherPort3

===========================================================================================
----------------- testing Sat Jun 06 14:38:45 UTC 2020 /home/travis/build/icyphy/ptII/ptolemy/actor/lib/test/auto/PublisherPort4.xml
----------------- Instantiating /home/travis/build/icyphy/ptII/ptolemy/actor/lib/test/auto/PublisherPort4.xml
2 ms. Memory: 683008K Free: 451567K (66%)
----------------- Invoking toplevel() on ptolemy.moml.MoMLSimpleApplication@4e4bd5d6
----------------- Done invoking toplevel() on ptolemy.moml.MoMLSimpleApplication@4e4bd5d6
reloadAllAccessors: .PublisherPort4

===========================================================================================
----------------- testing Sat Jun 06 14:38:45 UTC 2020 /home/travis/build/icyphy/ptII/ptolemy/actor/lib/test/auto/PublisherPort5.xml
----------------- Instantiating /home/travis/build/icyphy/ptII/ptolemy/actor/lib/test/auto/PublisherPort5.xml
3 ms. Memory: 683008K Free: 443904K (65%)
----------------- Invoking toplevel() on ptolemy.moml.MoMLSimpleApplication@232e2
----------------- Done invoking toplevel() on ptolemy.moml.MoMLSimpleApplication@232e2
reloadAllAccessors: .PublisherPort5

===========================================================================================
----------------- testing Sat Jun 06 14:38:45 UTC 2020 /home/travis/build/icyphy/ptII/ptolemy/actor/lib/test/auto/PublisherPort5LookAlike.xml
----------------- Instantiating /home/travis/build/icyphy/ptII/ptolemy/actor/lib/test/auto/PublisherPort5LookAlike.xml
3 ms. Memory: 683008K Free: 436736K (64%)
----------------- Invoking toplevel() on ptolemy.moml.MoMLSimpleApplication@2fecd3bb
----------------- Done invoking toplevel() on ptolemy.moml.MoMLSimpleApplication@2fecd3bb
reloadAllAccessors: .PublisherPort5LookAlike

===========================================================================================
----------------- testing Sat Jun 06 14:38:45 UTC 2020 /home/travis/build/icyphy/ptII/ptolemy/actor/lib/test/auto/PublisherPort6.xml
----------------- Instantiating /home/travis/build/icyphy/ptII/ptolemy/actor/lib/test/auto/PublisherPort6.xml
2 ms. Memory: 683008K Free: 430078K (63%)
----------------- Invoking toplevel() on ptolemy.moml.MoMLSimpleApplication@d40f882
----------------- Done invoking toplevel() on ptolemy.moml.MoMLSimpleApplication@d40f882
reloadAllAccessors: .PublisherPort6

===========================================================================================
----------------- testing Sat Jun 06 14:38:45 UTC 2020 /home/travis/build/icyphy/ptII/ptolemy/actor/lib/test/auto/PublisherPort7.xml
----------------- Instantiating /home/travis/build/icyphy/ptII/ptolemy/actor/lib/test/auto/PublisherPort7.xml
3 ms. Memory: 683008K Free: 422400K (62%)
----------------- Invoking toplevel() on ptolemy.moml.MoMLSimpleApplication@6829eedd
----------------- Done invoking toplevel() on ptolemy.moml.MoMLSimpleApplication@6829eedd
reloadAllAccessors: .PublisherPort7

===========================================================================================
----------------- testing Sat Jun 06 14:38:45 UTC 2020 /home/travis/build/icyphy/ptII/ptolemy/actor/lib/test/auto/PublisherPort8.xml
----------------- Instantiating /home/travis/build/icyphy/ptII/ptolemy/actor/lib/test/auto/PublisherPort8.xml
4 ms. Memory: 683008K Free: 413694K (61%)
----------------- Invoking toplevel() on ptolemy.moml.MoMLSimpleApplication@1816dea0
----------------- Done invoking toplevel() on ptolemy.moml.MoMLSimpleApplication@1816dea0
reloadAllAccessors: .PublisherPort8

===========================================================================================
----------------- testing Sat Jun 06 14:38:45 UTC 2020 /home/travis/build/icyphy/ptII/ptolemy/actor/lib/test/auto/PublisherPortSubscriberChannelVariablesAOC2.xml
----------------- Instantiating /home/travis/build/icyphy/ptII/ptolemy/actor/lib/test/auto/PublisherPortSubscriberChannelVariablesAOC2.xml
3 ms. Memory: 683008K Free: 396800K (58%)
----------------- Invoking toplevel() on ptolemy.moml.MoMLSimpleApplication@6864e022
----------------- Done invoking toplevel() on ptolemy.moml.MoMLSimpleApplication@6864e022
reloadAllAccessors: .PublisherPortSubscriberChannelVariablesAOC2

===========================================================================================
----------------- testing Sat Jun 06 14:38:45 UTC 2020 /home/travis/build/icyphy/ptII/ptolemy/actor/lib/test/auto/PublisherPortSubscriberOpaqueWidthInference.xml
----------------- Instantiating /home/travis/build/icyphy/ptII/ptolemy/actor/lib/test/auto/PublisherPortSubscriberOpaqueWidthInference.xml
3 ms. Memory: 683008K Free: 388608K (57%)
----------------- Invoking toplevel() on ptolemy.moml.MoMLSimpleApplication@7f462d57
----------------- Done invoking toplevel() on ptolemy.moml.MoMLSimpleApplication@7f462d57
reloadAllAccessors: .PublisherPortSubscriberOpaqueWidthInference

===========================================================================================
----------------- testing Sat Jun 06 14:38:45 UTC 2020 /home/travis/build/icyphy/ptII/ptolemy/actor/lib/test/auto/PublisherPortSubscriberPortAdjacent.xml
----------------- Instantiating /home/travis/build/icyphy/ptII/ptolemy/actor/lib/test/auto/PublisherPortSubscriberPortAdjacent.xml
1 ms. Memory: 683008K Free: 380416K (56%)
----------------- Invoking toplevel() on ptolemy.moml.MoMLSimpleApplication@47a928fb
----------------- Done invoking toplevel() on ptolemy.moml.MoMLSimpleApplication@47a928fb
reloadAllAccessors: .PublisherPortSubscriberPortAdjacent

===========================================================================================
----------------- testing Sat Jun 06 14:38:45 UTC 2020 /home/travis/build/icyphy/ptII/ptolemy/actor/lib/test/auto/PublisherPortSubscriberPortExpression.xml
----------------- Instantiating /home/travis/build/icyphy/ptII/ptolemy/actor/lib/test/auto/PublisherPortSubscriberPortExpression.xml
8 ms. Memory: 683008K Free: 372727K (55%)
----------------- Invoking toplevel() on ptolemy.moml.MoMLSimpleApplication@69d111d3
----------------- Done invoking toplevel() on ptolemy.moml.MoMLSimpleApplication@69d111d3
reloadAllAccessors: .PublisherPortSubscriberPortExpression

===========================================================================================
----------------- testing Sat Jun 06 14:38:45 UTC 2020 /home/travis/build/icyphy/ptII/ptolemy/actor/lib/test/auto/PublisherPortSubscriberPortOpaqueD3Reverse.xml
----------------- Instantiating /home/travis/build/icyphy/ptII/ptolemy/actor/lib/test/auto/PublisherPortSubscriberPortOpaqueD3Reverse.xml
5 ms. Memory: 683008K Free: 363008K (53%)
----------------- Invoking toplevel() on ptolemy.moml.MoMLSimpleApplication@161217e7
----------------- Done invoking toplevel() on ptolemy.moml.MoMLSimpleApplication@161217e7
reloadAllAccessors: .PublisherPortSubscriberPortOpaqueD3Reverse

===========================================================================================
----------------- testing Sat Jun 06 14:38:45 UTC 2020 /home/travis/build/icyphy/ptII/ptolemy/actor/lib/test/auto/PublisherPortSubscriberPortOpaqueWidthInference.xml
----------------- Instantiating /home/travis/build/icyphy/ptII/ptolemy/actor/lib/test/auto/PublisherPortSubscriberPortOpaqueWidthInference.xml
3 ms. Memory: 683008K Free: 355311K (52%)
----------------- Invoking toplevel() on ptolemy.moml.MoMLSimpleApplication@6b9bab75
----------------- Done invoking toplevel() on ptolemy.moml.MoMLSimpleApplication@6b9bab75
reloadAllAccessors: .PublisherPortSubscriberPortOpaqueWidthInference

===========================================================================================
----------------- testing Sat Jun 06 14:38:45 UTC 2020 /home/travis/build/icyphy/ptII/ptolemy/actor/lib/test/auto/PublisherPortToplevelSubscriberPortAOC.xml
----------------- Instantiating /home/travis/build/icyphy/ptII/ptolemy/actor/lib/test/auto/PublisherPortToplevelSubscriberPortAOC.xml
.PublisherPortToplevelSubscriberPortAOC.TestExceptionAttribute: initialize() was not invoked, but wrapup() was.  This is unusual, but not always a problem.  For example, exporting JNLP will do this.
1 ms. Memory: 683008K Free: 349696K (51%)
----------------- Invoking toplevel() on ptolemy.moml.MoMLSimpleApplication@765698d
----------------- Done invoking toplevel() on ptolemy.moml.MoMLSimpleApplication@765698d
reloadAllAccessors: .PublisherPortToplevelSubscriberPortAOC

===========================================================================================
----------------- testing Sat Jun 06 14:38:45 UTC 2020 /home/travis/build/icyphy/ptII/ptolemy/actor/lib/test/auto/PublisherSubscriber.xml
----------------- Instantiating /home/travis/build/icyphy/ptII/ptolemy/actor/lib/test/auto/PublisherSubscriber.xml
2 ms. Memory: 683008K Free: 342528K (50%)
----------------- Invoking toplevel() on ptolemy.moml.MoMLSimpleApplication@34878e98
----------------- Done invoking toplevel() on ptolemy.moml.MoMLSimpleApplication@34878e98
reloadAllAccessors: .PublisherSubscriber

===========================================================================================
----------------- testing Sat Jun 06 14:38:45 UTC 2020 /home/travis/build/icyphy/ptII/ptolemy/actor/lib/test/auto/PublisherSubscriber10.xml
----------------- Instantiating /home/travis/build/icyphy/ptII/ptolemy/actor/lib/test/auto/PublisherSubscriber10.xml
5 ms. Memory: 683008K Free: 332798K (49%)
----------------- Invoking toplevel() on ptolemy.moml.MoMLSimpleApplication@644fb487
----------------- Done invoking toplevel() on ptolemy.moml.MoMLSimpleApplication@644fb487
reloadAllAccessors: .PublisherSubscriber10

===========================================================================================
----------------- testing Sat Jun 06 14:38:46 UTC 2020 /home/travis/build/icyphy/ptII/ptolemy/actor/lib/test/auto/PublisherSubscriber10InitialOutputs.xml
----------------- Instantiating /home/travis/build/icyphy/ptII/ptolemy/actor/lib/test/auto/PublisherSubscriber10InitialOutputs.xml
14 ms. Memory: 683008K Free: 323582K (47%)
----------------- Invoking toplevel() on ptolemy.moml.MoMLSimpleApplication@33fb4f6e
----------------- Done invoking toplevel() on ptolemy.moml.MoMLSimpleApplication@33fb4f6e
reloadAllAccessors: .PublisherSubscriber10InitialOutputs

===========================================================================================
----------------- testing Sat Jun 06 14:38:46 UTC 2020 /home/travis/build/icyphy/ptII/ptolemy/actor/lib/test/auto/PublisherSubscriber11.xml
----------------- Instantiating /home/travis/build/icyphy/ptII/ptolemy/actor/lib/test/auto/PublisherSubscriber11.xml
4 ms. Memory: 683008K Free: 317407K (46%)
----------------- Invoking toplevel() on ptolemy.moml.MoMLSimpleApplication@271a20bb
----------------- Done invoking toplevel() on ptolemy.moml.MoMLSimpleApplication@271a20bb
reloadAllAccessors: .PublisherSubscriber11

===========================================================================================
----------------- testing Sat Jun 06 14:38:46 UTC 2020 /home/travis/build/icyphy/ptII/ptolemy/actor/lib/test/auto/PublisherSubscriber12.xml
----------------- Instantiating /home/travis/build/icyphy/ptII/ptolemy/actor/lib/test/auto/PublisherSubscriber12.xml
4 ms. Memory: 683008K Free: 310784K (46%)
----------------- Invoking toplevel() on ptolemy.moml.MoMLSimpleApplication@12934b05
----------------- Done invoking toplevel() on ptolemy.moml.MoMLSimpleApplication@12934b05
reloadAllAccessors: .PublisherSubscriber12

===========================================================================================
----------------- testing Sat Jun 06 14:38:46 UTC 2020 /home/travis/build/icyphy/ptII/ptolemy/actor/lib/test/auto/PublisherSubscriber13.xml
----------------- Instantiating /home/travis/build/icyphy/ptII/ptolemy/actor/lib/test/auto/PublisherSubscriber13.xml
1 ms. Memory: 683008K Free: 305135K (45%)
----------------- Invoking toplevel() on ptolemy.moml.MoMLSimpleApplication@2baed47
----------------- Done invoking toplevel() on ptolemy.moml.MoMLSimpleApplication@2baed47
reloadAllAccessors: .PublisherSubscriber13

===========================================================================================
----------------- testing Sat Jun 06 14:38:46 UTC 2020 /home/travis/build/icyphy/ptII/ptolemy/actor/lib/test/auto/PublisherSubscriber14.xml
----------------- Instantiating /home/travis/build/icyphy/ptII/ptolemy/actor/lib/test/auto/PublisherSubscriber14.xml
2 ms. Memory: 683008K Free: 296448K (43%)
----------------- Invoking toplevel() on ptolemy.moml.MoMLSimpleApplication@5af84062
----------------- Done invoking toplevel() on ptolemy.moml.MoMLSimpleApplication@5af84062
reloadAllAccessors: .PublisherSubscriber14

===========================================================================================
----------------- testing Sat Jun 06 14:38:46 UTC 2020 /home/travis/build/icyphy/ptII/ptolemy/actor/lib/test/auto/PublisherSubscriber2.xml
----------------- Instantiating /home/travis/build/icyphy/ptII/ptolemy/actor/lib/test/auto/PublisherSubscriber2.xml
2 ms. Memory: 683008K Free: 290799K (43%)
----------------- Invoking toplevel() on ptolemy.moml.MoMLSimpleApplication@18d0a731
----------------- Done invoking toplevel() on ptolemy.moml.MoMLSimpleApplication@18d0a731
reloadAllAccessors: .PublisherSubscriber2

===========================================================================================
----------------- testing Sat Jun 06 14:38:46 UTC 2020 /home/travis/build/icyphy/ptII/ptolemy/actor/lib/test/auto/PublisherSubscriber3.xml
----------------- Instantiating /home/travis/build/icyphy/ptII/ptolemy/actor/lib/test/auto/PublisherSubscriber3.xml
1 ms. Memory: 683008K Free: 285184K (42%)
----------------- Invoking toplevel() on ptolemy.moml.MoMLSimpleApplication@b5fa48a
----------------- Done invoking toplevel() on ptolemy.moml.MoMLSimpleApplication@b5fa48a
reloadAllAccessors: .PublisherSubscriber3

===========================================================================================
----------------- testing Sat Jun 06 14:38:46 UTC 2020 /home/travis/build/icyphy/ptII/ptolemy/actor/lib/test/auto/PublisherSubscriber4.xml
----------------- Instantiating /home/travis/build/icyphy/ptII/ptolemy/actor/lib/test/auto/PublisherSubscriber4.xml
2 ms. Memory: 683008K Free: 280064K (41%)
----------------- Invoking toplevel() on ptolemy.moml.MoMLSimpleApplication@70355f58
----------------- Done invoking toplevel() on ptolemy.moml.MoMLSimpleApplication@70355f58
reloadAllAccessors: .PublisherSubscriber4

===========================================================================================
----------------- testing Sat Jun 06 14:38:46 UTC 2020 /home/travis/build/icyphy/ptII/ptolemy/actor/lib/test/auto/PublisherSubscriber5.xml
----------------- Instantiating /home/travis/build/icyphy/ptII/ptolemy/actor/lib/test/auto/PublisherSubscriber5.xml
2 ms. Memory: 683008K Free: 273920K (40%)
----------------- Invoking toplevel() on ptolemy.moml.MoMLSimpleApplication@3dd6b556
----------------- Done invoking toplevel() on ptolemy.moml.MoMLSimpleApplication@3dd6b556
reloadAllAccessors: .PublisherSubscriber5

===========================================================================================
----------------- testing Sat Jun 06 14:38:46 UTC 2020 /home/travis/build/icyphy/ptII/ptolemy/actor/lib/test/auto/PublisherSubscriber6.xml
----------------- Instantiating /home/travis/build/icyphy/ptII/ptolemy/actor/lib/test/auto/PublisherSubscriber6.xml
4 ms. Memory: 683008K Free: 267247K (39%)
----------------- Invoking toplevel() on ptolemy.moml.MoMLSimpleApplication@53c65c42
----------------- Done invoking toplevel() on ptolemy.moml.MoMLSimpleApplication@53c65c42
reloadAllAccessors: .PublisherSubscriber6

===========================================================================================
----------------- testing Sat Jun 06 14:38:46 UTC 2020 /home/travis/build/icyphy/ptII/ptolemy/actor/lib/test/auto/PublisherSubscriber7.xml
----------------- Instantiating /home/travis/build/icyphy/ptII/ptolemy/actor/lib/test/auto/PublisherSubscriber7.xml
6 ms. Memory: 683008K Free: 260608K (38%)
----------------- Invoking toplevel() on ptolemy.moml.MoMLSimpleApplication@41d99558
----------------- Done invoking toplevel() on ptolemy.moml.MoMLSimpleApplication@41d99558
reloadAllAccessors: .PublisherSubscriber7

===========================================================================================
----------------- testing Sat Jun 06 14:38:46 UTC 2020 /home/travis/build/icyphy/ptII/ptolemy/actor/lib/test/auto/PublisherSubscriber8.xml
----------------- Instantiating /home/travis/build/icyphy/ptII/ptolemy/actor/lib/test/auto/PublisherSubscriber8.xml
19 ms. Memory: 683008K Free: 248830K (36%)
----------------- Invoking toplevel() on ptolemy.moml.MoMLSimpleApplication@603901aa
----------------- Done invoking toplevel() on ptolemy.moml.MoMLSimpleApplication@603901aa
reloadAllAccessors: .PublisherSubscriber8

===========================================================================================
----------------- testing Sat Jun 06 14:38:46 UTC 2020 /home/travis/build/icyphy/ptII/ptolemy/actor/lib/test/auto/PublisherSubscriber9.xml
----------------- Instantiating /home/travis/build/icyphy/ptII/ptolemy/actor/lib/test/auto/PublisherSubscriber9.xml
2 ms. Memory: 683008K Free: 241655K (35%)
----------------- Invoking toplevel() on ptolemy.moml.MoMLSimpleApplication@e70ab8
----------------- Done invoking toplevel() on ptolemy.moml.MoMLSimpleApplication@e70ab8
reloadAllAccessors: .PublisherSubscriber9

===========================================================================================
----------------- testing Sat Jun 06 14:38:46 UTC 2020 /home/travis/build/icyphy/ptII/ptolemy/actor/lib/test/auto/PublisherSubscriberAdjacent.xml
----------------- Instantiating /home/travis/build/icyphy/ptII/ptolemy/actor/lib/test/auto/PublisherSubscriberAdjacent.xml
1 ms. Memory: 683008K Free: 630272K (92%)
----------------- Invoking toplevel() on ptolemy.moml.MoMLSimpleApplication@69cf5b80
----------------- Done invoking toplevel() on ptolemy.moml.MoMLSimpleApplication@69cf5b80
reloadAllAccessors: .PublisherSubscriberAdjacent

===========================================================================================
----------------- testing Sat Jun 06 14:38:46 UTC 2020 /home/travis/build/icyphy/ptII/ptolemy/actor/lib/test/auto/PublisherSubscriberChannelVariablesAOC2.xml
----------------- Instantiating /home/travis/build/icyphy/ptII/ptolemy/actor/lib/test/auto/PublisherSubscriberChannelVariablesAOC2.xml
2 ms. Memory: 683008K Free: 615936K (90%)
----------------- Invoking toplevel() on ptolemy.moml.MoMLSimpleApplication@477db2ce
----------------- Done invoking toplevel() on ptolemy.moml.MoMLSimpleApplication@477db2ce
reloadAllAccessors: .PublisherSubscriberChannelVariablesAOC2

===========================================================================================
----------------- testing Sat Jun 06 14:38:46 UTC 2020 /home/travis/build/icyphy/ptII/ptolemy/actor/lib/test/auto/PublisherSubscriberD3.xml
----------------- Instantiating /home/travis/build/icyphy/ptII/ptolemy/actor/lib/test/auto/PublisherSubscriberD3.xml
2 ms. Memory: 683008K Free: 608768K (89%)
----------------- Invoking toplevel() on ptolemy.moml.MoMLSimpleApplication@291e39e7
----------------- Done invoking toplevel() on ptolemy.moml.MoMLSimpleApplication@291e39e7
reloadAllAccessors: .PublisherSubscriberD3

===========================================================================================
----------------- testing Sat Jun 06 14:38:46 UTC 2020 /home/travis/build/icyphy/ptII/ptolemy/actor/lib/test/auto/PublisherSubscriberD3Reverse.xml
----------------- Instantiating /home/travis/build/icyphy/ptII/ptolemy/actor/lib/test/auto/PublisherSubscriberD3Reverse.xml
2 ms. Memory: 683008K Free: 602624K (88%)
----------------- Invoking toplevel() on ptolemy.moml.MoMLSimpleApplication@669afce4
----------------- Done invoking toplevel() on ptolemy.moml.MoMLSimpleApplication@669afce4
reloadAllAccessors: .PublisherSubscriberD3Reverse

===========================================================================================
----------------- testing Sat Jun 06 14:38:46 UTC 2020 /home/travis/build/icyphy/ptII/ptolemy/actor/lib/test/auto/PublisherSubscriberExpression.xml
----------------- Instantiating /home/travis/build/icyphy/ptII/ptolemy/actor/lib/test/auto/PublisherSubscriberExpression.xml
3 ms. Memory: 683008K Free: 594432K (87%)
----------------- Invoking toplevel() on ptolemy.moml.MoMLSimpleApplication@35a89df
----------------- Done invoking toplevel() on ptolemy.moml.MoMLSimpleApplication@35a89df
reloadAllAccessors: .PublisherSubscriberExpression

===========================================================================================
----------------- testing Sat Jun 06 14:38:46 UTC 2020 /home/travis/build/icyphy/ptII/ptolemy/actor/lib/test/auto/PublisherSubscriberOpaque.xml
----------------- Instantiating /home/travis/build/icyphy/ptII/ptolemy/actor/lib/test/auto/PublisherSubscriberOpaque.xml
3 ms. Memory: 683008K Free: 586240K (86%)
----------------- Invoking toplevel() on ptolemy.moml.MoMLSimpleApplication@6c72eb85
----------------- Done invoking toplevel() on ptolemy.moml.MoMLSimpleApplication@6c72eb85
reloadAllAccessors: .PublisherSubscriberOpaque

===========================================================================================
----------------- testing Sat Jun 06 14:38:46 UTC 2020 /home/travis/build/icyphy/ptII/ptolemy/actor/lib/test/auto/PublisherSubscriberOpaqueD3.xml
----------------- Instantiating /home/travis/build/icyphy/ptII/ptolemy/actor/lib/test/auto/PublisherSubscriberOpaqueD3.xml
4 ms. Memory: 683008K Free: 574462K (84%)
----------------- Invoking toplevel() on ptolemy.moml.MoMLSimpleApplication@80a3e20
----------------- Done invoking toplevel() on ptolemy.moml.MoMLSimpleApplication@80a3e20
reloadAllAccessors: .PublisherSubscriberOpaqueD3

===========================================================================================
----------------- testing Sat Jun 06 14:38:46 UTC 2020 /home/travis/build/icyphy/ptII/ptolemy/actor/lib/test/auto/PublisherSubscriberOpaqueD3Reverse.xml
----------------- Instantiating /home/travis/build/icyphy/ptII/ptolemy/actor/lib/test/auto/PublisherSubscriberOpaqueD3Reverse.xml
6 ms. Memory: 683008K Free: 563712K (83%)
----------------- Invoking toplevel() on ptolemy.moml.MoMLSimpleApplication@354ced12
----------------- Done invoking toplevel() on ptolemy.moml.MoMLSimpleApplication@354ced12
reloadAllAccessors: .PublisherSubscriberOpaqueD3Reverse

===========================================================================================
----------------- testing Sat Jun 06 14:38:46 UTC 2020 /home/travis/build/icyphy/ptII/ptolemy/actor/lib/test/auto/PublisherSubscriberOpaqueWidthInference.xml
----------------- Instantiating /home/travis/build/icyphy/ptII/ptolemy/actor/lib/test/auto/PublisherSubscriberOpaqueWidthInference.xml
3 ms. Memory: 683008K Free: 555520K (81%)
----------------- Invoking toplevel() on ptolemy.moml.MoMLSimpleApplication@6cdcdcd6
----------------- Done invoking toplevel() on ptolemy.moml.MoMLSimpleApplication@6cdcdcd6
reloadAllAccessors: .PublisherSubscriberOpaqueWidthInference

===========================================================================================
----------------- testing Sat Jun 06 14:38:46 UTC 2020 /home/travis/build/icyphy/ptII/ptolemy/actor/lib/test/auto/PublisherTestSubscriber.xml
----------------- Instantiating /home/travis/build/icyphy/ptII/ptolemy/actor/lib/test/auto/PublisherTestSubscriber.xml
3 ms. Memory: 683008K Free: 547831K (80%)
----------------- Invoking toplevel() on ptolemy.moml.MoMLSimpleApplication@418d02cd
----------------- Done invoking toplevel() on ptolemy.moml.MoMLSimpleApplication@418d02cd
reloadAllAccessors: .PublisherTestSubscriber

===========================================================================================
----------------- testing Sat Jun 06 14:38:46 UTC 2020 /home/travis/build/icyphy/ptII/ptolemy/actor/lib/test/auto/PublisherToplevelSubscriberPortAOC.xml
----------------- Instantiating /home/travis/build/icyphy/ptII/ptolemy/actor/lib/test/auto/PublisherToplevelSubscriberPortAOC.xml
1 ms. Memory: 683008K Free: 541184K (79%)
----------------- Invoking toplevel() on ptolemy.moml.MoMLSimpleApplication@236a4d0b
----------------- Done invoking toplevel() on ptolemy.moml.MoMLSimpleApplication@236a4d0b
reloadAllAccessors: .PublisherToplevelSubscriberPortAOC

===========================================================================================
----------------- testing Sat Jun 06 14:38:46 UTC 2020 /home/travis/build/icyphy/ptII/ptolemy/actor/lib/test/auto/PulseFiringLimitDE.xml
----------------- Instantiating /home/travis/build/icyphy/ptII/ptolemy/actor/lib/test/auto/PulseFiringLimitDE.xml
2 ms. Memory: 683008K Free: 535040K (78%)
----------------- Invoking toplevel() on ptolemy.moml.MoMLSimpleApplication@39e3bc54
----------------- Done invoking toplevel() on ptolemy.moml.MoMLSimpleApplication@39e3bc54
reloadAllAccessors: .PulseFiringLimitDE

===========================================================================================
----------------- testing Sat Jun 06 14:38:46 UTC 2020 /home/travis/build/icyphy/ptII/ptolemy/actor/lib/test/auto/Ramp1.xml
----------------- Instantiating /home/travis/build/icyphy/ptII/ptolemy/actor/lib/test/auto/Ramp1.xml
1 ms. Memory: 683008K Free: 530944K (78%)
----------------- Invoking toplevel() on ptolemy.moml.MoMLSimpleApplication@a30d22f
----------------- Done invoking toplevel() on ptolemy.moml.MoMLSimpleApplication@a30d22f
reloadAllAccessors: .Ramp1

===========================================================================================
----------------- testing Sat Jun 06 14:38:46 UTC 2020 /home/travis/build/icyphy/ptII/ptolemy/actor/lib/test/auto/RampFiringLimitDE.xml
----------------- Instantiating /home/travis/build/icyphy/ptII/ptolemy/actor/lib/test/auto/RampFiringLimitDE.xml
3 ms. Memory: 683008K Free: 524800K (77%)
----------------- Invoking toplevel() on ptolemy.moml.MoMLSimpleApplication@4a15db9f
----------------- Done invoking toplevel() on ptolemy.moml.MoMLSimpleApplication@4a15db9f
reloadAllAccessors: .RampFiringLimitDE

===========================================================================================
----------------- testing Sat Jun 06 14:38:46 UTC 2020 /home/travis/build/icyphy/ptII/ptolemy/actor/lib/test/auto/RampFiringLimitSDF.xml
----------------- Instantiating /home/travis/build/icyphy/ptII/ptolemy/actor/lib/test/auto/RampFiringLimitSDF.xml
2 ms. Memory: 683008K Free: 519680K (76%)
----------------- Invoking toplevel() on ptolemy.moml.MoMLSimpleApplication@5f4181c6
----------------- Done invoking toplevel() on ptolemy.moml.MoMLSimpleApplication@5f4181c6
reloadAllAccessors: .RampFiringLimitSDF

===========================================================================================
----------------- testing Sat Jun 06 14:38:46 UTC 2020 /home/travis/build/icyphy/ptII/ptolemy/actor/lib/test/auto/RandomInteger.xml
----------------- Instantiating /home/travis/build/icyphy/ptII/ptolemy/actor/lib/test/auto/RandomInteger.xml
1 ms. Memory: 683008K Free: 515584K (75%)
----------------- Invoking toplevel() on ptolemy.moml.MoMLSimpleApplication@245ec722
----------------- Done invoking toplevel() on ptolemy.moml.MoMLSimpleApplication@245ec722
reloadAllAccessors: .RandomInteger

===========================================================================================
----------------- testing Sat Jun 06 14:38:46 UTC 2020 /home/travis/build/icyphy/ptII/ptolemy/actor/lib/test/auto/ReadFile1.xml
----------------- Instantiating /home/travis/build/icyphy/ptII/ptolemy/actor/lib/test/auto/ReadFile1.xml
1 ms. Memory: 683008K Free: 510974K (75%)
----------------- Invoking toplevel() on ptolemy.moml.MoMLSimpleApplication@2d5f4384
----------------- Done invoking toplevel() on ptolemy.moml.MoMLSimpleApplication@2d5f4384
reloadAllAccessors: .ReadFile1

===========================================================================================
----------------- testing Sat Jun 06 14:38:46 UTC 2020 /home/travis/build/icyphy/ptII/ptolemy/actor/lib/test/auto/ReadFile2.xml
----------------- Instantiating /home/travis/build/icyphy/ptII/ptolemy/actor/lib/test/auto/ReadFile2.xml
1 ms. Memory: 683008K Free: 506878K (74%)
----------------- Invoking toplevel() on ptolemy.moml.MoMLSimpleApplication@477eb215
----------------- Done invoking toplevel() on ptolemy.moml.MoMLSimpleApplication@477eb215
reloadAllAccessors: .ReadFile2

===========================================================================================
----------------- testing Sat Jun 06 14:38:46 UTC 2020 /home/travis/build/icyphy/ptII/ptolemy/actor/lib/test/auto/Reader.xml
----------------- Instantiating /home/travis/build/icyphy/ptII/ptolemy/actor/lib/test/auto/Reader.xml
actor.lib.Reader is obsolete, use actor.lib.io.ExpressionReader instead
3 ms. Memory: 683008K Free: 502782K (74%)
----------------- Invoking toplevel() on ptolemy.moml.MoMLSimpleApplication@59fa3c5
----------------- Done invoking toplevel() on ptolemy.moml.MoMLSimpleApplication@59fa3c5
reloadAllAccessors: .Reader

===========================================================================================
----------------- testing Sat Jun 06 14:38:46 UTC 2020 /home/travis/build/icyphy/ptII/ptolemy/actor/lib/test/auto/RecordAssemblerDisplayNameTest.xml
----------------- Instantiating /home/travis/build/icyphy/ptII/ptolemy/actor/lib/test/auto/RecordAssemblerDisplayNameTest.xml
3068 ms. Memory: 683008K Free: 477184K (70%)
----------------- Invoking toplevel() on ptolemy.moml.MoMLSimpleApplication@16e4cd06
----------------- Done invoking toplevel() on ptolemy.moml.MoMLSimpleApplication@16e4cd06
reloadAllAccessors: .RecordAssemblerDisplayNameTest

===========================================================================================
----------------- testing Sat Jun 06 14:38:49 UTC 2020 /home/travis/build/icyphy/ptII/ptolemy/actor/lib/test/auto/RecordAssemblerTypeError.xml
----------------- Instantiating /home/travis/build/icyphy/ptII/ptolemy/actor/lib/test/auto/RecordAssemblerTypeError.xml
14 ms. Memory: 683008K Free: 467454K (68%)
----------------- Invoking toplevel() on ptolemy.moml.MoMLSimpleApplication@7732681c
----------------- Done invoking toplevel() on ptolemy.moml.MoMLSimpleApplication@7732681c
reloadAllAccessors: .RecordAssemblerTypeError

===========================================================================================
----------------- testing Sat Jun 06 14:38:49 UTC 2020 /home/travis/build/icyphy/ptII/ptolemy/actor/lib/test/auto/RecordDisassember.xml
----------------- Instantiating /home/travis/build/icyphy/ptII/ptolemy/actor/lib/test/auto/RecordDisassember.xml
3 ms. Memory: 683008K Free: 462848K (68%)
----------------- Invoking toplevel() on ptolemy.moml.MoMLSimpleApplication@2ecc67da
----------------- Done invoking toplevel() on ptolemy.moml.MoMLSimpleApplication@2ecc67da
reloadAllAccessors: .RecordDisassember

===========================================================================================
----------------- testing Sat Jun 06 14:38:49 UTC 2020 /home/travis/build/icyphy/ptII/ptolemy/actor/lib/test/auto/RecordDisassemberDisplayNameTest.xml
----------------- Instantiating /home/travis/build/icyphy/ptII/ptolemy/actor/lib/test/auto/RecordDisassemberDisplayNameTest.xml
5 ms. Memory: 683008K Free: 455166K (67%)
----------------- Invoking toplevel() on ptolemy.moml.MoMLSimpleApplication@449cc0d8
----------------- Done invoking toplevel() on ptolemy.moml.MoMLSimpleApplication@449cc0d8
reloadAllAccessors: .RecordDisassemberDisplayNameTest

===========================================================================================
----------------- testing Sat Jun 06 14:38:49 UTC 2020 /home/travis/build/icyphy/ptII/ptolemy/actor/lib/test/auto/RecordDisassembler.xml
----------------- Instantiating /home/travis/build/icyphy/ptII/ptolemy/actor/lib/test/auto/RecordDisassembler.xml
6 ms. Memory: 683008K Free: 450015K (66%)
----------------- Invoking toplevel() on ptolemy.moml.MoMLSimpleApplication@5dae894f
----------------- Done invoking toplevel() on ptolemy.moml.MoMLSimpleApplication@5dae894f
reloadAllAccessors: .RecordDisassembler

===========================================================================================
----------------- testing Sat Jun 06 14:38:49 UTC 2020 /home/travis/build/icyphy/ptII/ptolemy/actor/lib/test/auto/RecordDisassembler2.xml
----------------- Instantiating /home/travis/build/icyphy/ptII/ptolemy/actor/lib/test/auto/RecordDisassembler2.xml
2 ms. Memory: 683008K Free: 444911K (65%)
----------------- Invoking toplevel() on ptolemy.moml.MoMLSimpleApplication@1fe6c341
----------------- Done invoking toplevel() on ptolemy.moml.MoMLSimpleApplication@1fe6c341
reloadAllAccessors: .RecordDisassembler2

===========================================================================================
----------------- testing Sat Jun 06 14:38:49 UTC 2020 /home/travis/build/icyphy/ptII/ptolemy/actor/lib/test/auto/RecordUpdater.xml
----------------- Instantiating /home/travis/build/icyphy/ptII/ptolemy/actor/lib/test/auto/RecordUpdater.xml
1 ms. Memory: 683008K Free: 439806K (64%)
----------------- Invoking toplevel() on ptolemy.moml.MoMLSimpleApplication@b7df21c
----------------- Done invoking toplevel() on ptolemy.moml.MoMLSimpleApplication@b7df21c
reloadAllAccessors: .RecordUpdater

===========================================================================================
----------------- testing Sat Jun 06 14:38:49 UTC 2020 /home/travis/build/icyphy/ptII/ptolemy/actor/lib/test/auto/RecordUpdater2.xml
----------------- Instantiating /home/travis/build/icyphy/ptII/ptolemy/actor/lib/test/auto/RecordUpdater2.xml
1 ms. Memory: 683008K Free: 435200K (64%)
----------------- Invoking toplevel() on ptolemy.moml.MoMLSimpleApplication@5cab561
----------------- Done invoking toplevel() on ptolemy.moml.MoMLSimpleApplication@5cab561
reloadAllAccessors: .RecordUpdater2

===========================================================================================
----------------- testing Sat Jun 06 14:38:49 UTC 2020 /home/travis/build/icyphy/ptII/ptolemy/actor/lib/test/auto/RecursiveLattice.xml
----------------- Instantiating /home/travis/build/icyphy/ptII/ptolemy/actor/lib/test/auto/RecursiveLattice.xml
1 ms. Memory: 683008K Free: 431104K (63%)
----------------- Invoking toplevel() on ptolemy.moml.MoMLSimpleApplication@5299ae77
----------------- Done invoking toplevel() on ptolemy.moml.MoMLSimpleApplication@5299ae77
reloadAllAccessors: .RecursiveLattice

===========================================================================================
----------------- testing Sat Jun 06 14:38:49 UTC 2020 /home/travis/build/icyphy/ptII/ptolemy/actor/lib/test/auto/Router.xml
----------------- Instantiating /home/travis/build/icyphy/ptII/ptolemy/actor/lib/test/auto/Router.xml
3004 ms. Memory: 683008K Free: 420350K (62%)
----------------- Invoking toplevel() on ptolemy.moml.MoMLSimpleApplication@d549068
----------------- Done invoking toplevel() on ptolemy.moml.MoMLSimpleApplication@d549068
reloadAllAccessors: .Router

===========================================================================================
----------------- testing Sat Jun 06 14:38:52 UTC 2020 /home/travis/build/icyphy/ptII/ptolemy/actor/lib/test/auto/Router2.xml
----------------- Instantiating /home/travis/build/icyphy/ptII/ptolemy/actor/lib/test/auto/Router2.xml
3003 ms. Memory: 683008K Free: 409600K (60%)
----------------- Invoking toplevel() on ptolemy.moml.MoMLSimpleApplication@d830db5
----------------- Done invoking toplevel() on ptolemy.moml.MoMLSimpleApplication@d830db5
reloadAllAccessors: .Router2

===========================================================================================
----------------- testing Sat Jun 06 14:38:55 UTC 2020 /home/travis/build/icyphy/ptII/ptolemy/actor/lib/test/auto/RunningMaximum.xml
----------------- Instantiating /home/travis/build/icyphy/ptII/ptolemy/actor/lib/test/auto/RunningMaximum.xml
2 ms. Memory: 683008K Free: 404990K (59%)
----------------- Invoking toplevel() on ptolemy.moml.MoMLSimpleApplication@2dbd0dae
----------------- Done invoking toplevel() on ptolemy.moml.MoMLSimpleApplication@2dbd0dae
reloadAllAccessors: .RunningMaximum

===========================================================================================
----------------- testing Sat Jun 06 14:38:55 UTC 2020 /home/travis/build/icyphy/ptII/ptolemy/actor/lib/test/auto/RunningMinimum.xml
----------------- Instantiating /home/travis/build/icyphy/ptII/ptolemy/actor/lib/test/auto/RunningMinimum.xml
2 ms. Memory: 683008K Free: 400384K (59%)
----------------- Invoking toplevel() on ptolemy.moml.MoMLSimpleApplication@64f290bf
----------------- Done invoking toplevel() on ptolemy.moml.MoMLSimpleApplication@64f290bf
reloadAllAccessors: .RunningMinimum

===========================================================================================
----------------- testing Sat Jun 06 14:38:55 UTC 2020 /home/travis/build/icyphy/ptII/ptolemy/actor/lib/test/auto/Scale.xml
----------------- Instantiating /home/travis/build/icyphy/ptII/ptolemy/actor/lib/test/auto/Scale.xml
3 ms. Memory: 683008K Free: 395774K (58%)
----------------- Invoking toplevel() on ptolemy.moml.MoMLSimpleApplication@26acc453
----------------- Done invoking toplevel() on ptolemy.moml.MoMLSimpleApplication@26acc453
reloadAllAccessors: .Scale

===========================================================================================
----------------- testing Sat Jun 06 14:38:55 UTC 2020 /home/travis/build/icyphy/ptII/ptolemy/actor/lib/test/auto/Scale2.xml
----------------- Instantiating /home/travis/build/icyphy/ptII/ptolemy/actor/lib/test/auto/Scale2.xml
1 ms. Memory: 683008K Free: 391168K (57%)
----------------- Invoking toplevel() on ptolemy.moml.MoMLSimpleApplication@9d3e867
----------------- Done invoking toplevel() on ptolemy.moml.MoMLSimpleApplication@9d3e867
reloadAllAccessors: .Scale2

===========================================================================================
----------------- testing Sat Jun 06 14:38:55 UTC 2020 /home/travis/build/icyphy/ptII/ptolemy/actor/lib/test/auto/Scale3.xml
----------------- Instantiating /home/travis/build/icyphy/ptII/ptolemy/actor/lib/test/auto/Scale3.xml
3 ms. Memory: 683008K Free: 385024K (56%)
----------------- Invoking toplevel() on ptolemy.moml.MoMLSimpleApplication@4d12970d
----------------- Done invoking toplevel() on ptolemy.moml.MoMLSimpleApplication@4d12970d
reloadAllAccessors: .Scale3

===========================================================================================
----------------- testing Sat Jun 06 14:38:55 UTC 2020 /home/travis/build/icyphy/ptII/ptolemy/actor/lib/test/auto/ScaleArray.xml
----------------- Instantiating /home/travis/build/icyphy/ptII/ptolemy/actor/lib/test/auto/ScaleArray.xml
1 ms. Memory: 683008K Free: 380414K (56%)
----------------- Invoking toplevel() on ptolemy.moml.MoMLSimpleApplication@6fe5dafb
----------------- Done invoking toplevel() on ptolemy.moml.MoMLSimpleApplication@6fe5dafb
reloadAllAccessors: .ScaleArray

===========================================================================================
----------------- testing Sat Jun 06 14:38:55 UTC 2020 /home/travis/build/icyphy/ptII/ptolemy/actor/lib/test/auto/ScaleArray2.xml
----------------- Instantiating /home/travis/build/icyphy/ptII/ptolemy/actor/lib/test/auto/ScaleArray2.xml
0 ms. Memory: 683008K Free: 375808K (55%)
----------------- Invoking toplevel() on ptolemy.moml.MoMLSimpleApplication@6e08dea3
----------------- Done invoking toplevel() on ptolemy.moml.MoMLSimpleApplication@6e08dea3
reloadAllAccessors: .ScaleArray2

===========================================================================================
----------------- testing Sat Jun 06 14:38:55 UTC 2020 /home/travis/build/icyphy/ptII/ptolemy/actor/lib/test/auto/ScaleMatrix.xml
----------------- Instantiating /home/travis/build/icyphy/ptII/ptolemy/actor/lib/test/auto/ScaleMatrix.xml
93 ms. Memory: 683008K Free: 360448K (53%)
----------------- Invoking toplevel() on ptolemy.moml.MoMLSimpleApplication@20b75275
----------------- Done invoking toplevel() on ptolemy.moml.MoMLSimpleApplication@20b75275
reloadAllAccessors: .ScaleMatrix

===========================================================================================
----------------- testing Sat Jun 06 14:38:56 UTC 2020 /home/travis/build/icyphy/ptII/ptolemy/actor/lib/test/auto/Select.xml
----------------- Instantiating /home/travis/build/icyphy/ptII/ptolemy/actor/lib/test/auto/Select.xml
2 ms. Memory: 683008K Free: 354304K (52%)
----------------- Invoking toplevel() on ptolemy.moml.MoMLSimpleApplication@1a7b9c56
----------------- Done invoking toplevel() on ptolemy.moml.MoMLSimpleApplication@1a7b9c56
reloadAllAccessors: .Select

===========================================================================================
----------------- testing Sat Jun 06 14:38:56 UTC 2020 /home/travis/build/icyphy/ptII/ptolemy/actor/lib/test/auto/Select2.xml
----------------- Instantiating /home/travis/build/icyphy/ptII/ptolemy/actor/lib/test/auto/Select2.xml
1 ms. Memory: 683008K Free: 349694K (51%)
----------------- Invoking toplevel() on ptolemy.moml.MoMLSimpleApplication@77df7cfa
----------------- Done invoking toplevel() on ptolemy.moml.MoMLSimpleApplication@77df7cfa
reloadAllAccessors: .Select2

===========================================================================================
----------------- testing Sat Jun 06 14:38:56 UTC 2020 /home/travis/build/icyphy/ptII/ptolemy/actor/lib/test/auto/SequenceToArray2.xml
----------------- Instantiating /home/travis/build/icyphy/ptII/ptolemy/actor/lib/test/auto/SequenceToArray2.xml
86 ms. Memory: 683008K Free: 325103K (48%)
----------------- Invoking toplevel() on ptolemy.moml.MoMLSimpleApplication@554e2bbc
----------------- Done invoking toplevel() on ptolemy.moml.MoMLSimpleApplication@554e2bbc
reloadAllAccessors: .SequenceToArray2

===========================================================================================
----------------- testing Sat Jun 06 14:38:56 UTC 2020 /home/travis/build/icyphy/ptII/ptolemy/actor/lib/test/auto/SequentialClock.xml
----------------- Instantiating /home/travis/build/icyphy/ptII/ptolemy/actor/lib/test/auto/SequentialClock.xml
1 ms. Memory: 683008K Free: 321022K (47%)
----------------- Invoking toplevel() on ptolemy.moml.MoMLSimpleApplication@1cd49131
----------------- Done invoking toplevel() on ptolemy.moml.MoMLSimpleApplication@1cd49131
reloadAllAccessors: .SequentialClock

===========================================================================================
----------------- testing Sat Jun 06 14:38:56 UTC 2020 /home/travis/build/icyphy/ptII/ptolemy/actor/lib/test/auto/SetVariable.xml
----------------- Instantiating /home/travis/build/icyphy/ptII/ptolemy/actor/lib/test/auto/SetVariable.xml
2 ms. Memory: 683008K Free: 316416K (46%)
----------------- Invoking toplevel() on ptolemy.moml.MoMLSimpleApplication@f121da0
----------------- Done invoking toplevel() on ptolemy.moml.MoMLSimpleApplication@f121da0
reloadAllAccessors: .SetVariable

===========================================================================================
----------------- testing Sat Jun 06 14:38:56 UTC 2020 /home/travis/build/icyphy/ptII/ptolemy/actor/lib/test/auto/SetVariable2.xml
----------------- Instantiating /home/travis/build/icyphy/ptII/ptolemy/actor/lib/test/auto/SetVariable2.xml
4 ms. Memory: 683008K Free: 311296K (46%)
----------------- Invoking toplevel() on ptolemy.moml.MoMLSimpleApplication@2691f05
----------------- Done invoking toplevel() on ptolemy.moml.MoMLSimpleApplication@2691f05
reloadAllAccessors: .SetVariable2

===========================================================================================
----------------- testing Sat Jun 06 14:38:56 UTC 2020 /home/travis/build/icyphy/ptII/ptolemy/actor/lib/test/auto/SetVariable3.xml
----------------- Instantiating /home/travis/build/icyphy/ptII/ptolemy/actor/lib/test/auto/SetVariable3.xml
5 ms. Memory: 683008K Free: 306176K (45%)
----------------- Invoking toplevel() on ptolemy.moml.MoMLSimpleApplication@17215ea2
----------------- Done invoking toplevel() on ptolemy.moml.MoMLSimpleApplication@17215ea2
reloadAllAccessors: .SetVariable3

===========================================================================================
----------------- testing Sat Jun 06 14:38:56 UTC 2020 /home/travis/build/icyphy/ptII/ptolemy/actor/lib/test/auto/SetVariable4.xml
----------------- Instantiating /home/travis/build/icyphy/ptII/ptolemy/actor/lib/test/auto/SetVariable4.xml
12 ms. Memory: 683008K Free: 296958K (43%)
----------------- Invoking toplevel() on ptolemy.moml.MoMLSimpleApplication@72567781
----------------- Done invoking toplevel() on ptolemy.moml.MoMLSimpleApplication@72567781
reloadAllAccessors: .SetVariable4

===========================================================================================
----------------- testing Sat Jun 06 14:38:56 UTC 2020 /home/travis/build/icyphy/ptII/ptolemy/actor/lib/test/auto/SetVariable5.xml
----------------- Instantiating /home/travis/build/icyphy/ptII/ptolemy/actor/lib/test/auto/SetVariable5.xml
15 ms. Memory: 683008K Free: 287744K (42%)
----------------- Invoking toplevel() on ptolemy.moml.MoMLSimpleApplication@2ffb8a83
----------------- Done invoking toplevel() on ptolemy.moml.MoMLSimpleApplication@2ffb8a83
reloadAllAccessors: .SetVariable5

===========================================================================================
----------------- testing Sat Jun 06 14:38:56 UTC 2020 /home/travis/build/icyphy/ptII/ptolemy/actor/lib/test/auto/Sinewave.xml
----------------- Instantiating /home/travis/build/icyphy/ptII/ptolemy/actor/lib/test/auto/Sinewave.xml
10 ms. Memory: 683008K Free: 277504K (41%)
----------------- Invoking toplevel() on ptolemy.moml.MoMLSimpleApplication@223b3669
----------------- Done invoking toplevel() on ptolemy.moml.MoMLSimpleApplication@223b3669
reloadAllAccessors: .Sinewave

===========================================================================================
----------------- testing Sat Jun 06 14:38:56 UTC 2020 /home/travis/build/icyphy/ptII/ptolemy/actor/lib/test/auto/Sinewave2.xml
----------------- Instantiating /home/travis/build/icyphy/ptII/ptolemy/actor/lib/test/auto/Sinewave2.xml
6 ms. Memory: 683008K Free: 269312K (39%)
----------------- Invoking toplevel() on ptolemy.moml.MoMLSimpleApplication@7ae41bb3
----------------- Done invoking toplevel() on ptolemy.moml.MoMLSimpleApplication@7ae41bb3
reloadAllAccessors: .Sinewave2

===========================================================================================
----------------- testing Sat Jun 06 14:38:56 UTC 2020 /home/travis/build/icyphy/ptII/ptolemy/actor/lib/test/auto/Sinewave3.xml
----------------- Instantiating /home/travis/build/icyphy/ptII/ptolemy/actor/lib/test/auto/Sinewave3.xml
8 ms. Memory: 683008K Free: 261120K (38%)
----------------- Invoking toplevel() on ptolemy.moml.MoMLSimpleApplication@371cbfcb
----------------- Done invoking toplevel() on ptolemy.moml.MoMLSimpleApplication@371cbfcb
reloadAllAccessors: .Sinewave3

===========================================================================================
----------------- testing Sat Jun 06 14:38:56 UTC 2020 /home/travis/build/icyphy/ptII/ptolemy/actor/lib/test/auto/SingleEvent.xml
----------------- Instantiating /home/travis/build/icyphy/ptII/ptolemy/actor/lib/test/auto/SingleEvent.xml
1 ms. Memory: 683008K Free: 257024K (38%)
----------------- Invoking toplevel() on ptolemy.moml.MoMLSimpleApplication@3a34191a
----------------- Done invoking toplevel() on ptolemy.moml.MoMLSimpleApplication@3a34191a
reloadAllAccessors: .SingleEvent

===========================================================================================
----------------- testing Sat Jun 06 14:38:56 UTC 2020 /home/travis/build/icyphy/ptII/ptolemy/actor/lib/test/auto/Sleep.xml
----------------- Instantiating /home/travis/build/icyphy/ptII/ptolemy/actor/lib/test/auto/Sleep.xml
6003 ms. Memory: 683008K Free: 251390K (37%)
----------------- Invoking toplevel() on ptolemy.moml.MoMLSimpleApplication@26df2773
----------------- Done invoking toplevel() on ptolemy.moml.MoMLSimpleApplication@26df2773
reloadAllAccessors: .Sleep

===========================================================================================
----------------- testing Sat Jun 06 14:39:02 UTC 2020 /home/travis/build/icyphy/ptII/ptolemy/actor/lib/test/auto/SleepMultipleFire.xml
----------------- Instantiating /home/travis/build/icyphy/ptII/ptolemy/actor/lib/test/auto/SleepMultipleFire.xml
1011 ms. Memory: 683008K Free: 245246K (36%)
----------------- Invoking toplevel() on ptolemy.moml.MoMLSimpleApplication@51fa315e
----------------- Done invoking toplevel() on ptolemy.moml.MoMLSimpleApplication@51fa315e
reloadAllAccessors: .SleepMultipleFire

===========================================================================================
----------------- testing Sat Jun 06 14:39:03 UTC 2020 /home/travis/build/icyphy/ptII/ptolemy/actor/lib/test/auto/StopDE.xml
----------------- Instantiating /home/travis/build/icyphy/ptII/ptolemy/actor/lib/test/auto/StopDE.xml
2 ms. Memory: 683008K Free: 239616K (35%)
----------------- Invoking toplevel() on ptolemy.moml.MoMLSimpleApplication@6c6c7b54
----------------- Done invoking toplevel() on ptolemy.moml.MoMLSimpleApplication@6c6c7b54
reloadAllAccessors: .StopDE

===========================================================================================
----------------- testing Sat Jun 06 14:39:03 UTC 2020 /home/travis/build/icyphy/ptII/ptolemy/actor/lib/test/auto/StopSDF.xml
----------------- Instantiating /home/travis/build/icyphy/ptII/ptolemy/actor/lib/test/auto/StopSDF.xml
3 ms. Memory: 683008K Free: 630272K (92%)
----------------- Invoking toplevel() on ptolemy.moml.MoMLSimpleApplication@3146846e
----------------- Done invoking toplevel() on ptolemy.moml.MoMLSimpleApplication@3146846e
reloadAllAccessors: .StopSDF

===========================================================================================
----------------- testing Sat Jun 06 14:39:03 UTC 2020 /home/travis/build/icyphy/ptII/ptolemy/actor/lib/test/auto/StringConstant.xml
----------------- Instantiating /home/travis/build/icyphy/ptII/ptolemy/actor/lib/test/auto/StringConstant.xml
8 ms. Memory: 683008K Free: 625662K (92%)
----------------- Invoking toplevel() on ptolemy.moml.MoMLSimpleApplication@62d3f9a8
----------------- Done invoking toplevel() on ptolemy.moml.MoMLSimpleApplication@62d3f9a8
reloadAllAccessors: .StringConstant

===========================================================================================
----------------- testing Sat Jun 06 14:39:03 UTC 2020 /home/travis/build/icyphy/ptII/ptolemy/actor/lib/test/auto/SubscriberPortInitialValues1.xml
----------------- Instantiating /home/travis/build/icyphy/ptII/ptolemy/actor/lib/test/auto/SubscriberPortInitialValues1.xml
8 ms. Memory: 683008K Free: 616446K (90%)
----------------- Invoking toplevel() on ptolemy.moml.MoMLSimpleApplication@4e2401f9
----------------- Done invoking toplevel() on ptolemy.moml.MoMLSimpleApplication@4e2401f9
reloadAllAccessors: .SubscriberPortInitialValues1

===========================================================================================
----------------- testing Sat Jun 06 14:39:03 UTC 2020 /home/travis/build/icyphy/ptII/ptolemy/actor/lib/test/auto/SubscriberPortInitialValues13.xml
----------------- Instantiating /home/travis/build/icyphy/ptII/ptolemy/actor/lib/test/auto/SubscriberPortInitialValues13.xml
4 ms. Memory: 683008K Free: 604158K (88%)
----------------- Invoking toplevel() on ptolemy.moml.MoMLSimpleApplication@7ae32246
----------------- Done invoking toplevel() on ptolemy.moml.MoMLSimpleApplication@7ae32246
reloadAllAccessors: .SubscriberPortInitialValues13

===========================================================================================
----------------- testing Sat Jun 06 14:39:03 UTC 2020 /home/travis/build/icyphy/ptII/ptolemy/actor/lib/test/auto/SubscriberPortInitialValues14.xml
----------------- Instantiating /home/travis/build/icyphy/ptII/ptolemy/actor/lib/test/auto/SubscriberPortInitialValues14.xml
3 ms. Memory: 683008K Free: 596480K (87%)
----------------- Invoking toplevel() on ptolemy.moml.MoMLSimpleApplication@9fc1e09
----------------- Done invoking toplevel() on ptolemy.moml.MoMLSimpleApplication@9fc1e09
reloadAllAccessors: .SubscriberPortInitialValues14

===========================================================================================
----------------- testing Sat Jun 06 14:39:03 UTC 2020 /home/travis/build/icyphy/ptII/ptolemy/actor/lib/test/auto/SubscriberPortInitialValues2.xml
----------------- Instantiating /home/travis/build/icyphy/ptII/ptolemy/actor/lib/test/auto/SubscriberPortInitialValues2.xml
3 ms. Memory: 683008K Free: 588798K (86%)
----------------- Invoking toplevel() on ptolemy.moml.MoMLSimpleApplication@5155c7a7
----------------- Done invoking toplevel() on ptolemy.moml.MoMLSimpleApplication@5155c7a7
reloadAllAccessors: .SubscriberPortInitialValues2

===========================================================================================
----------------- testing Sat Jun 06 14:39:03 UTC 2020 /home/travis/build/icyphy/ptII/ptolemy/actor/lib/test/auto/SubscriberPortInitialValues3.xml
----------------- Instantiating /home/travis/build/icyphy/ptII/ptolemy/actor/lib/test/auto/SubscriberPortInitialValues3.xml
3 ms. Memory: 683008K Free: 578048K (85%)
----------------- Invoking toplevel() on ptolemy.moml.MoMLSimpleApplication@646e7d4a
----------------- Done invoking toplevel() on ptolemy.moml.MoMLSimpleApplication@646e7d4a
reloadAllAccessors: .SubscriberPortInitialValues3

===========================================================================================
----------------- testing Sat Jun 06 14:39:03 UTC 2020 /home/travis/build/icyphy/ptII/ptolemy/actor/lib/test/auto/SubscriptionAggregator.xml
----------------- Instantiating /home/travis/build/icyphy/ptII/ptolemy/actor/lib/test/auto/SubscriptionAggregator.xml
2 ms. Memory: 683008K Free: 571390K (84%)
----------------- Invoking toplevel() on ptolemy.moml.MoMLSimpleApplication@76c5a9a4
----------------- Done invoking toplevel() on ptolemy.moml.MoMLSimpleApplication@76c5a9a4
reloadAllAccessors: .SubscriptionAggregator

===========================================================================================
----------------- testing Sat Jun 06 14:39:03 UTC 2020 /home/travis/build/icyphy/ptII/ptolemy/actor/lib/test/auto/SubscriptionAggregator2.xml
----------------- Instantiating /home/travis/build/icyphy/ptII/ptolemy/actor/lib/test/auto/SubscriptionAggregator2.xml
2 ms. Memory: 683008K Free: 564215K (83%)
----------------- Invoking toplevel() on ptolemy.moml.MoMLSimpleApplication@7e51cc97
----------------- Done invoking toplevel() on ptolemy.moml.MoMLSimpleApplication@7e51cc97
reloadAllAccessors: .SubscriptionAggregator2

===========================================================================================
----------------- testing Sat Jun 06 14:39:03 UTC 2020 /home/travis/build/icyphy/ptII/ptolemy/actor/lib/test/auto/SubscriptionAggregator3.xml
----------------- Instantiating /home/travis/build/icyphy/ptII/ptolemy/actor/lib/test/auto/SubscriptionAggregator3.xml
3 ms. Memory: 683008K Free: 556015K (81%)
----------------- Invoking toplevel() on ptolemy.moml.MoMLSimpleApplication@46833662
----------------- Done invoking toplevel() on ptolemy.moml.MoMLSimpleApplication@46833662
reloadAllAccessors: .SubscriptionAggregator3

===========================================================================================
----------------- testing Sat Jun 06 14:39:03 UTC 2020 /home/travis/build/icyphy/ptII/ptolemy/actor/lib/test/auto/SubscriptionAggregatorMultiply.xml
----------------- Instantiating /home/travis/build/icyphy/ptII/ptolemy/actor/lib/test/auto/SubscriptionAggregatorMultiply.xml
3 ms. Memory: 683008K Free: 547328K (80%)
----------------- Invoking toplevel() on ptolemy.moml.MoMLSimpleApplication@27391ca2
----------------- Done invoking toplevel() on ptolemy.moml.MoMLSimpleApplication@27391ca2
reloadAllAccessors: .SubscriptionAggregatorMultiply

===========================================================================================
----------------- testing Sat Jun 06 14:39:03 UTC 2020 /home/travis/build/icyphy/ptII/ptolemy/actor/lib/test/auto/SubscriptionAggregatorPortMultiply1.xml
----------------- Instantiating /home/travis/build/icyphy/ptII/ptolemy/actor/lib/test/auto/SubscriptionAggregatorPortMultiply1.xml
3 ms. Memory: 683008K Free: 539136K (79%)
----------------- Invoking toplevel() on ptolemy.moml.MoMLSimpleApplication@e5162c3
----------------- Done invoking toplevel() on ptolemy.moml.MoMLSimpleApplication@e5162c3
reloadAllAccessors: .SubscriptionAggregatorPortMultiply1

===========================================================================================
----------------- testing Sat Jun 06 14:39:03 UTC 2020 /home/travis/build/icyphy/ptII/ptolemy/actor/lib/test/auto/Switch.xml
----------------- Instantiating /home/travis/build/icyphy/ptII/ptolemy/actor/lib/test/auto/Switch.xml
7 ms. Memory: 683008K Free: 530944K (78%)
----------------- Invoking toplevel() on ptolemy.moml.MoMLSimpleApplication@446381cf
----------------- Done invoking toplevel() on ptolemy.moml.MoMLSimpleApplication@446381cf
reloadAllAccessors: .Switch

===========================================================================================
----------------- testing Sat Jun 06 14:39:03 UTC 2020 /home/travis/build/icyphy/ptII/ptolemy/actor/lib/test/auto/Switch2.xml
----------------- Instantiating /home/travis/build/icyphy/ptII/ptolemy/actor/lib/test/auto/Switch2.xml
0 ms. Memory: 683008K Free: 526334K (77%)
----------------- Invoking toplevel() on ptolemy.moml.MoMLSimpleApplication@50a6de5f
----------------- Done invoking toplevel() on ptolemy.moml.MoMLSimpleApplication@50a6de5f
reloadAllAccessors: .Switch2

===========================================================================================
----------------- testing Sat Jun 06 14:39:03 UTC 2020 /home/travis/build/icyphy/ptII/ptolemy/actor/lib/test/auto/SwitchDE.xml
----------------- Instantiating /home/travis/build/icyphy/ptII/ptolemy/actor/lib/test/auto/SwitchDE.xml
3 ms. Memory: 683008K Free: 520159K (76%)
----------------- Invoking toplevel() on ptolemy.moml.MoMLSimpleApplication@7a407197
----------------- Done invoking toplevel() on ptolemy.moml.MoMLSimpleApplication@7a407197
reloadAllAccessors: .SwitchDE

===========================================================================================
----------------- testing Sat Jun 06 14:39:03 UTC 2020 /home/travis/build/icyphy/ptII/ptolemy/actor/lib/test/auto/SynchronizerDE.xml
----------------- Instantiating /home/travis/build/icyphy/ptII/ptolemy/actor/lib/test/auto/SynchronizerDE.xml
6 ms. Memory: 683008K Free: 511983K (75%)
----------------- Invoking toplevel() on ptolemy.moml.MoMLSimpleApplication@144ce42c
----------------- Done invoking toplevel() on ptolemy.moml.MoMLSimpleApplication@144ce42c
reloadAllAccessors: .SynchronizerDE

===========================================================================================
----------------- testing Sat Jun 06 14:39:03 UTC 2020 /home/travis/build/icyphy/ptII/ptolemy/actor/lib/test/auto/Test.xml
----------------- Instantiating /home/travis/build/icyphy/ptII/ptolemy/actor/lib/test/auto/Test.xml
1 ms. Memory: 683008K Free: 506368K (74%)
----------------- Invoking toplevel() on ptolemy.moml.MoMLSimpleApplication@1f546d49
----------------- Done invoking toplevel() on ptolemy.moml.MoMLSimpleApplication@1f546d49
reloadAllAccessors: .Test

===========================================================================================
----------------- testing Sat Jun 06 14:39:03 UTC 2020 /home/travis/build/icyphy/ptII/ptolemy/actor/lib/test/auto/TestExceptionAttribute1.xml
----------------- Instantiating /home/travis/build/icyphy/ptII/ptolemy/actor/lib/test/auto/TestExceptionAttribute1.xml
1 ms. Memory: 683008K Free: 502782K (74%)
----------------- Invoking toplevel() on ptolemy.moml.MoMLSimpleApplication@2f2e3b46
----------------- Done invoking toplevel() on ptolemy.moml.MoMLSimpleApplication@2f2e3b46
reloadAllAccessors: .TestExceptionAttribute1

===========================================================================================
----------------- testing Sat Jun 06 14:39:03 UTC 2020 /home/travis/build/icyphy/ptII/ptolemy/actor/lib/test/auto/TestExceptionAttribute2.xml
----------------- Instantiating /home/travis/build/icyphy/ptII/ptolemy/actor/lib/test/auto/TestExceptionAttribute2.xml
1 ms. Memory: 683008K Free: 499200K (73%)
----------------- Invoking toplevel() on ptolemy.moml.MoMLSimpleApplication@5aaf1249
----------------- Done invoking toplevel() on ptolemy.moml.MoMLSimpleApplication@5aaf1249
reloadAllAccessors: .TestExceptionAttribute2

===========================================================================================
----------------- testing Sat Jun 06 14:39:03 UTC 2020 /home/travis/build/icyphy/ptII/ptolemy/actor/lib/test/auto/TestExceptionAttribute3.xml
----------------- Instantiating /home/travis/build/icyphy/ptII/ptolemy/actor/lib/test/auto/TestExceptionAttribute3.xml
.TestExceptionAttribute3.TestExceptionAttribute: initialize() was not invoked, but wrapup() was.  This is unusual, but not always a problem.  For example, exporting JNLP will do this.
0 ms. Memory: 683008K Free: 495614K (73%)
----------------- Invoking toplevel() on ptolemy.moml.MoMLSimpleApplication@4876dcf0
----------------- Done invoking toplevel() on ptolemy.moml.MoMLSimpleApplication@4876dcf0
reloadAllAccessors: .TestExceptionAttribute3

===========================================================================================
----------------- testing Sat Jun 06 14:39:03 UTC 2020 /home/travis/build/icyphy/ptII/ptolemy/actor/lib/test/auto/TestExceptionAttribute4.xml
----------------- Instantiating /home/travis/build/icyphy/ptII/ptolemy/actor/lib/test/auto/TestExceptionAttribute4.xml
.TestExceptionAttribute4.TestExceptionAttribute: initialize() was not invoked, but wrapup() was.  This is unusual, but not always a problem.  For example, exporting JNLP will do this.
.TestExceptionAttribute4.TestExceptionAttribute2: initialize() was not invoked, but wrapup() was.  This is unusual, but not always a problem.  For example, exporting JNLP will do this.
0 ms. Memory: 683008K Free: 491518K (72%)
----------------- Invoking toplevel() on ptolemy.moml.MoMLSimpleApplication@458ee1b9
----------------- Done invoking toplevel() on ptolemy.moml.MoMLSimpleApplication@458ee1b9
reloadAllAccessors: .TestExceptionAttribute4

===========================================================================================
----------------- testing Sat Jun 06 14:39:03 UTC 2020 /home/travis/build/icyphy/ptII/ptolemy/actor/lib/test/auto/TestExceptionHandler1.xml
----------------- Instantiating /home/travis/build/icyphy/ptII/ptolemy/actor/lib/test/auto/TestExceptionHandler1.xml
1 ms. Memory: 683008K Free: 487936K (71%)
----------------- Invoking toplevel() on ptolemy.moml.MoMLSimpleApplication@45c66f31
----------------- Done invoking toplevel() on ptolemy.moml.MoMLSimpleApplication@45c66f31
reloadAllAccessors: .TestExceptionHandler1

===========================================================================================
----------------- testing Sat Jun 06 14:39:03 UTC 2020 /home/travis/build/icyphy/ptII/ptolemy/actor/lib/test/auto/TestExceptionHandler2.xml
----------------- Instantiating /home/travis/build/icyphy/ptII/ptolemy/actor/lib/test/auto/TestExceptionHandler2.xml
1 ms. Memory: 683008K Free: 484350K (71%)
----------------- Invoking toplevel() on ptolemy.moml.MoMLSimpleApplication@3b5fbe04
----------------- Done invoking toplevel() on ptolemy.moml.MoMLSimpleApplication@3b5fbe04
reloadAllAccessors: .TestExceptionHandler2

===========================================================================================
----------------- testing Sat Jun 06 14:39:03 UTC 2020 /home/travis/build/icyphy/ptII/ptolemy/actor/lib/test/auto/TestExceptionHandler3.xml
----------------- Instantiating /home/travis/build/icyphy/ptII/ptolemy/actor/lib/test/auto/TestExceptionHandler3.xml
1 ms. Memory: 683008K Free: 480768K (70%)
----------------- Invoking toplevel() on ptolemy.moml.MoMLSimpleApplication@40195df0
----------------- Done invoking toplevel() on ptolemy.moml.MoMLSimpleApplication@40195df0
reloadAllAccessors: .TestExceptionHandler3

===========================================================================================
----------------- testing Sat Jun 06 14:39:03 UTC 2020 /home/travis/build/icyphy/ptII/ptolemy/actor/lib/test/auto/TestExceptionHandler4.xml
----------------- Instantiating /home/travis/build/icyphy/ptII/ptolemy/actor/lib/test/auto/TestExceptionHandler4.xml
0 ms. Memory: 683008K Free: 476672K (70%)
----------------- Invoking toplevel() on ptolemy.moml.MoMLSimpleApplication@55c89852
----------------- Done invoking toplevel() on ptolemy.moml.MoMLSimpleApplication@55c89852
reloadAllAccessors: .TestExceptionHandler4

===========================================================================================
----------------- testing Sat Jun 06 14:39:03 UTC 2020 /home/travis/build/icyphy/ptII/ptolemy/actor/lib/test/auto/TestRequireCorrectOrder.xml
----------------- Instantiating /home/travis/build/icyphy/ptII/ptolemy/actor/lib/test/auto/TestRequireCorrectOrder.xml
5 ms. Memory: 683008K Free: 471552K (69%)
----------------- Invoking toplevel() on ptolemy.moml.MoMLSimpleApplication@62a20be1
----------------- Done invoking toplevel() on ptolemy.moml.MoMLSimpleApplication@62a20be1
reloadAllAccessors: .TestRequireCorrectOrder

===========================================================================================
----------------- testing Sat Jun 06 14:39:03 UTC 2020 /home/travis/build/icyphy/ptII/ptolemy/actor/lib/test/auto/TestSimple.xml
----------------- Instantiating /home/travis/build/icyphy/ptII/ptolemy/actor/lib/test/auto/TestSimple.xml
1 ms. Memory: 683008K Free: 466942K (68%)
----------------- Invoking toplevel() on ptolemy.moml.MoMLSimpleApplication@f7aef90
----------------- Done invoking toplevel() on ptolemy.moml.MoMLSimpleApplication@f7aef90
reloadAllAccessors: .TestSimple

===========================================================================================
----------------- testing Sat Jun 06 14:39:03 UTC 2020 /home/travis/build/icyphy/ptII/ptolemy/actor/lib/test/auto/ThrowModelError.xml
----------------- Instantiating /home/travis/build/icyphy/ptII/ptolemy/actor/lib/test/auto/ThrowModelError.xml
1 ms. Memory: 683008K Free: 462336K (68%)
----------------- Invoking toplevel() on ptolemy.moml.MoMLSimpleApplication@53647bde
----------------- Done invoking toplevel() on ptolemy.moml.MoMLSimpleApplication@53647bde
reloadAllAccessors: .ThrowModelError

===========================================================================================
----------------- testing Sat Jun 06 14:39:03 UTC 2020 /home/travis/build/icyphy/ptII/ptolemy/actor/lib/test/auto/TimeDelayMicrosteps.xml
----------------- Instantiating /home/travis/build/icyphy/ptII/ptolemy/actor/lib/test/auto/TimeDelayMicrosteps.xml
2 ms. Memory: 683008K Free: 455671K (67%)
----------------- Invoking toplevel() on ptolemy.moml.MoMLSimpleApplication@18cabc09
----------------- Done invoking toplevel() on ptolemy.moml.MoMLSimpleApplication@18cabc09
reloadAllAccessors: .TimeDelayMicrosteps

===========================================================================================
----------------- testing Sat Jun 06 14:39:03 UTC 2020 /home/travis/build/icyphy/ptII/ptolemy/actor/lib/test/auto/TimeDelayMicrosteps2.xml
----------------- Instantiating /home/travis/build/icyphy/ptII/ptolemy/actor/lib/test/auto/TimeDelayMicrosteps2.xml
3 ms. Memory: 683008K Free: 448000K (66%)
----------------- Invoking toplevel() on ptolemy.moml.MoMLSimpleApplication@695fbd15
----------------- Done invoking toplevel() on ptolemy.moml.MoMLSimpleApplication@695fbd15
reloadAllAccessors: .TimeDelayMicrosteps2

===========================================================================================
----------------- testing Sat Jun 06 14:39:03 UTC 2020 /home/travis/build/icyphy/ptII/ptolemy/actor/lib/test/auto/TimeDelayMicrosteps3.xml
----------------- Instantiating /home/travis/build/icyphy/ptII/ptolemy/actor/lib/test/auto/TimeDelayMicrosteps3.xml
3 ms. Memory: 683008K Free: 441327K (65%)
----------------- Invoking toplevel() on ptolemy.moml.MoMLSimpleApplication@54653119
----------------- Done invoking toplevel() on ptolemy.moml.MoMLSimpleApplication@54653119
reloadAllAccessors: .TimeDelayMicrosteps3

===========================================================================================
----------------- testing Sat Jun 06 14:39:03 UTC 2020 /home/travis/build/icyphy/ptII/ptolemy/actor/lib/test/auto/TimeDelayVariableMicrosteps.xml
----------------- Instantiating /home/travis/build/icyphy/ptII/ptolemy/actor/lib/test/auto/TimeDelayVariableMicrosteps.xml
2 ms. Memory: 683008K Free: 435198K (64%)
----------------- Invoking toplevel() on ptolemy.moml.MoMLSimpleApplication@6c34f4d9
----------------- Done invoking toplevel() on ptolemy.moml.MoMLSimpleApplication@6c34f4d9
reloadAllAccessors: .TimeDelayVariableMicrosteps

===========================================================================================
----------------- testing Sat Jun 06 14:39:03 UTC 2020 /home/travis/build/icyphy/ptII/ptolemy/actor/lib/test/auto/TimeGap.xml
----------------- Instantiating /home/travis/build/icyphy/ptII/ptolemy/actor/lib/test/auto/TimeGap.xml
2 ms. Memory: 683008K Free: 430063K (63%)
----------------- Invoking toplevel() on ptolemy.moml.MoMLSimpleApplication@119deb6d
----------------- Done invoking toplevel() on ptolemy.moml.MoMLSimpleApplication@119deb6d
reloadAllAccessors: .TimeGap

===========================================================================================
----------------- testing Sat Jun 06 14:39:03 UTC 2020 /home/travis/build/icyphy/ptII/ptolemy/actor/lib/test/auto/TimeGap2.xml
----------------- Instantiating /home/travis/build/icyphy/ptII/ptolemy/actor/lib/test/auto/TimeGap2.xml
2 ms. Memory: 683008K Free: 424448K (62%)
----------------- Invoking toplevel() on ptolemy.moml.MoMLSimpleApplication@18918547
----------------- Done invoking toplevel() on ptolemy.moml.MoMLSimpleApplication@18918547
reloadAllAccessors: .TimeGap2

===========================================================================================
----------------- testing Sat Jun 06 14:39:03 UTC 2020 /home/travis/build/icyphy/ptII/ptolemy/actor/lib/test/auto/TimedSinewave.xml
----------------- Instantiating /home/travis/build/icyphy/ptII/ptolemy/actor/lib/test/auto/TimedSinewave.xml
25 ms. Memory: 683008K Free: 410112K (60%)
----------------- Invoking toplevel() on ptolemy.moml.MoMLSimpleApplication@36482cd7
----------------- Done invoking toplevel() on ptolemy.moml.MoMLSimpleApplication@36482cd7
reloadAllAccessors: .TimedSinewave

===========================================================================================
----------------- testing Sat Jun 06 14:39:04 UTC 2020 /home/travis/build/icyphy/ptII/ptolemy/actor/lib/test/auto/TimedSinewavePhase.xml
----------------- Instantiating /home/travis/build/icyphy/ptII/ptolemy/actor/lib/test/auto/TimedSinewavePhase.xml
8 ms. Memory: 683008K Free: 400382K (59%)
----------------- Invoking toplevel() on ptolemy.moml.MoMLSimpleApplication@18897ac7
----------------- Done invoking toplevel() on ptolemy.moml.MoMLSimpleApplication@18897ac7
reloadAllAccessors: .TimedSinewavePhase

===========================================================================================
----------------- testing Sat Jun 06 14:39:04 UTC 2020 /home/travis/build/icyphy/ptII/ptolemy/actor/lib/test/auto/Timer.xml
----------------- Instantiating /home/travis/build/icyphy/ptII/ptolemy/actor/lib/test/auto/Timer.xml
1 ms. Memory: 683008K Free: 394752K (58%)
----------------- Invoking toplevel() on ptolemy.moml.MoMLSimpleApplication@45946bf4
----------------- Done invoking toplevel() on ptolemy.moml.MoMLSimpleApplication@45946bf4
reloadAllAccessors: .Timer

===========================================================================================
----------------- testing Sat Jun 06 14:39:04 UTC 2020 /home/travis/build/icyphy/ptII/ptolemy/actor/lib/test/auto/TriangularDistTestModel.xml
----------------- Instantiating /home/travis/build/icyphy/ptII/ptolemy/actor/lib/test/auto/TriangularDistTestModel.xml
1 ms. Memory: 683008K Free: 388608K (57%)
----------------- Invoking toplevel() on ptolemy.moml.MoMLSimpleApplication@62ec14af
----------------- Done invoking toplevel() on ptolemy.moml.MoMLSimpleApplication@62ec14af
reloadAllAccessors: .TriangularDistTestModel

===========================================================================================
----------------- testing Sat Jun 06 14:39:04 UTC 2020 /home/travis/build/icyphy/ptII/ptolemy/actor/lib/test/auto/TrigFunction.xml
----------------- Instantiating /home/travis/build/icyphy/ptII/ptolemy/actor/lib/test/auto/TrigFunction.xml
1 ms. Memory: 683008K Free: 383998K (56%)
----------------- Invoking toplevel() on ptolemy.moml.MoMLSimpleApplication@8507f15
----------------- Done invoking toplevel() on ptolemy.moml.MoMLSimpleApplication@8507f15
reloadAllAccessors: .TrigFunction

===========================================================================================
----------------- testing Sat Jun 06 14:39:04 UTC 2020 /home/travis/build/icyphy/ptII/ptolemy/actor/lib/test/auto/TrigFunctionDE.xml
----------------- Instantiating /home/travis/build/icyphy/ptII/ptolemy/actor/lib/test/auto/TrigFunctionDE.xml
1 ms. Memory: 683008K Free: 377854K (55%)
----------------- Invoking toplevel() on ptolemy.moml.MoMLSimpleApplication@590732ad
----------------- Done invoking toplevel() on ptolemy.moml.MoMLSimpleApplication@590732ad
reloadAllAccessors: .TrigFunctionDE

===========================================================================================
----------------- testing Sat Jun 06 14:39:04 UTC 2020 /home/travis/build/icyphy/ptII/ptolemy/actor/lib/test/auto/TrigFunctionInverse.xml
----------------- Instantiating /home/travis/build/icyphy/ptII/ptolemy/actor/lib/test/auto/TrigFunctionInverse.xml
2 ms. Memory: 683008K Free: 371710K (54%)
----------------- Invoking toplevel() on ptolemy.moml.MoMLSimpleApplication@38f048af
----------------- Done invoking toplevel() on ptolemy.moml.MoMLSimpleApplication@38f048af
reloadAllAccessors: .TrigFunctionInverse

===========================================================================================
----------------- testing Sat Jun 06 14:39:04 UTC 2020 /home/travis/build/icyphy/ptII/ptolemy/actor/lib/test/auto/TrigFunctionTan.xml
----------------- Instantiating /home/travis/build/icyphy/ptII/ptolemy/actor/lib/test/auto/TrigFunctionTan.xml
1 ms. Memory: 683008K Free: 367104K (54%)
----------------- Invoking toplevel() on ptolemy.moml.MoMLSimpleApplication@4b5feb84
----------------- Done invoking toplevel() on ptolemy.moml.MoMLSimpleApplication@4b5feb84
reloadAllAccessors: .TrigFunctionTan

===========================================================================================
----------------- testing Sat Jun 06 14:39:04 UTC 2020 /home/travis/build/icyphy/ptII/ptolemy/actor/lib/test/auto/TriggeredClock.xml
----------------- Instantiating /home/travis/build/icyphy/ptII/ptolemy/actor/lib/test/auto/TriggeredClock.xml
1 ms. Memory: 683008K Free: 361984K (53%)
----------------- Invoking toplevel() on ptolemy.moml.MoMLSimpleApplication@437e52e1
----------------- Done invoking toplevel() on ptolemy.moml.MoMLSimpleApplication@437e52e1
reloadAllAccessors: .TriggeredClock

===========================================================================================
----------------- testing Sat Jun 06 14:39:04 UTC 2020 /home/travis/build/icyphy/ptII/ptolemy/actor/lib/test/auto/URLDirectoryReader.xml
----------------- Instantiating /home/travis/build/icyphy/ptII/ptolemy/actor/lib/test/auto/URLDirectoryReader.xml
38 ms. Memory: 683008K Free: 352254K (52%)
----------------- Invoking toplevel() on ptolemy.moml.MoMLSimpleApplication@52edc337
----------------- Done invoking toplevel() on ptolemy.moml.MoMLSimpleApplication@52edc337
reloadAllAccessors: .URLDirectoryReader

===========================================================================================
----------------- testing Sat Jun 06 14:39:04 UTC 2020 /home/travis/build/icyphy/ptII/ptolemy/actor/lib/test/auto/URLDirectoryReader3.xml
----------------- Instantiating /home/travis/build/icyphy/ptII/ptolemy/actor/lib/test/auto/URLDirectoryReader3.xml
1441 ms. Memory: 683008K Free: 623222K (91%)
----------------- Invoking toplevel() on ptolemy.moml.MoMLSimpleApplication@3153988e
----------------- Done invoking toplevel() on ptolemy.moml.MoMLSimpleApplication@3153988e
reloadAllAccessors: .URLDirectoryReader3

===========================================================================================
----------------- testing Sat Jun 06 14:39:06 UTC 2020 /home/travis/build/icyphy/ptII/ptolemy/actor/lib/test/auto/UnaryMathFunction.xml
----------------- Instantiating /home/travis/build/icyphy/ptII/ptolemy/actor/lib/test/auto/UnaryMathFunction.xml
3 ms. Memory: 683008K Free: 615424K (90%)
----------------- Invoking toplevel() on ptolemy.moml.MoMLSimpleApplication@1347d6d5
----------------- Done invoking toplevel() on ptolemy.moml.MoMLSimpleApplication@1347d6d5
reloadAllAccessors: .UnaryMathFunction

===========================================================================================
----------------- testing Sat Jun 06 14:39:06 UTC 2020 /home/travis/build/icyphy/ptII/ptolemy/actor/lib/test/auto/Uniform.xml
----------------- Instantiating /home/travis/build/icyphy/ptII/ptolemy/actor/lib/test/auto/Uniform.xml
3 ms. Memory: 683008K Free: 610815K (89%)
----------------- Invoking toplevel() on ptolemy.moml.MoMLSimpleApplication@27423583
----------------- Done invoking toplevel() on ptolemy.moml.MoMLSimpleApplication@27423583
reloadAllAccessors: .Uniform

===========================================================================================
----------------- testing Sat Jun 06 14:39:06 UTC 2020 /home/travis/build/icyphy/ptII/ptolemy/actor/lib/test/auto/UnionDisassemblerTest.xml
----------------- Instantiating /home/travis/build/icyphy/ptII/ptolemy/actor/lib/test/auto/UnionDisassemblerTest.xml
13 ms. Memory: 683008K Free: 607232K (89%)
----------------- Invoking toplevel() on ptolemy.moml.MoMLSimpleApplication@6a69c12b
----------------- Done invoking toplevel() on ptolemy.moml.MoMLSimpleApplication@6a69c12b
reloadAllAccessors: .UnionDisassemblerTest

===========================================================================================
----------------- testing Sat Jun 06 14:39:06 UTC 2020 /home/travis/build/icyphy/ptII/ptolemy/actor/lib/test/auto/UtilityFunctions.xml
----------------- Instantiating /home/travis/build/icyphy/ptII/ptolemy/actor/lib/test/auto/UtilityFunctions.xml
1 ms. Memory: 683008K Free: 603631K (88%)
----------------- Invoking toplevel() on ptolemy.moml.MoMLSimpleApplication@31baf1f7
----------------- Done invoking toplevel() on ptolemy.moml.MoMLSimpleApplication@31baf1f7
reloadAllAccessors: .UtilityFunctions

===========================================================================================
----------------- testing Sat Jun 06 14:39:06 UTC 2020 /home/travis/build/icyphy/ptII/ptolemy/actor/lib/test/auto/VariableSleep.xml
----------------- Instantiating /home/travis/build/icyphy/ptII/ptolemy/actor/lib/test/auto/VariableSleep.xml
503 ms. Memory: 683008K Free: 598016K (88%)
----------------- Invoking toplevel() on ptolemy.moml.MoMLSimpleApplication@25ffa4ff
----------------- Done invoking toplevel() on ptolemy.moml.MoMLSimpleApplication@25ffa4ff
reloadAllAccessors: .VariableSleep

===========================================================================================
----------------- testing Sat Jun 06 14:39:06 UTC 2020 /home/travis/build/icyphy/ptII/ptolemy/actor/lib/test/auto/VectorAssemblerDisassemblerCT.xml
----------------- Instantiating /home/travis/build/icyphy/ptII/ptolemy/actor/lib/test/auto/VectorAssemblerDisassemblerCT.xml
61 ms. Memory: 683008K Free: 578046K (85%)
----------------- Invoking toplevel() on ptolemy.moml.MoMLSimpleApplication@14a5768a
----------------- Done invoking toplevel() on ptolemy.moml.MoMLSimpleApplication@14a5768a
reloadAllAccessors: .VectorAssemblerDisassemblerCT

===========================================================================================
----------------- testing Sat Jun 06 14:39:06 UTC 2020 /home/travis/build/icyphy/ptII/ptolemy/actor/lib/test/auto/VectorAssemblerDisassemblerDE.xml
----------------- Instantiating /home/travis/build/icyphy/ptII/ptolemy/actor/lib/test/auto/VectorAssemblerDisassemblerDE.xml
4 ms. Memory: 683008K Free: 570878K (84%)
----------------- Invoking toplevel() on ptolemy.moml.MoMLSimpleApplication@6ba5f2d4
----------------- Done invoking toplevel() on ptolemy.moml.MoMLSimpleApplication@6ba5f2d4
reloadAllAccessors: .VectorAssemblerDisassemblerDE

===========================================================================================
----------------- testing Sat Jun 06 14:39:06 UTC 2020 /home/travis/build/icyphy/ptII/ptolemy/actor/lib/test/auto/VectorAssemblerDisassemblerSDF.xml
----------------- Instantiating /home/travis/build/icyphy/ptII/ptolemy/actor/lib/test/auto/VectorAssemblerDisassemblerSDF.xml
2 ms. Memory: 683008K Free: 564224K (83%)
----------------- Invoking toplevel() on ptolemy.moml.MoMLSimpleApplication@49fc2473
----------------- Done invoking toplevel() on ptolemy.moml.MoMLSimpleApplication@49fc2473
reloadAllAccessors: .VectorAssemblerDisassemblerSDF

===========================================================================================
----------------- testing Sat Jun 06 14:39:06 UTC 2020 /home/travis/build/icyphy/ptII/ptolemy/actor/lib/test/auto/WallClockTime.xml
----------------- Instantiating /home/travis/build/icyphy/ptII/ptolemy/actor/lib/test/auto/WallClockTime.xml
1004 ms. Memory: 683008K Free: 559104K (82%)
----------------- Invoking toplevel() on ptolemy.moml.MoMLSimpleApplication@63f8883d
----------------- Done invoking toplevel() on ptolemy.moml.MoMLSimpleApplication@63f8883d
reloadAllAccessors: .WallClockTime

===========================================================================================
----------------- testing Sat Jun 06 14:39:07 UTC 2020 /home/travis/build/icyphy/ptII/ptolemy/actor/lib/test/auto/WidthTestWithSubscriberPublisher.xml
----------------- Instantiating /home/travis/build/icyphy/ptII/ptolemy/actor/lib/test/auto/WidthTestWithSubscriberPublisher.xml
6 ms. Memory: 683008K Free: 541182K (79%)
----------------- Invoking toplevel() on ptolemy.moml.MoMLSimpleApplication@3f83e6d7
----------------- Done invoking toplevel() on ptolemy.moml.MoMLSimpleApplication@3f83e6d7
reloadAllAccessors: .WidthTestWithSubscriberPublisher

===========================================================================================
----------------- testing Sat Jun 06 14:39:07 UTC 2020 /home/travis/build/icyphy/ptII/ptolemy/actor/lib/test/auto/WidthTestWithSubscriberPublisher2.xml
----------------- Instantiating /home/travis/build/icyphy/ptII/ptolemy/actor/lib/test/auto/WidthTestWithSubscriberPublisher2.xml
2 ms. Memory: 683008K Free: 534014K (78%)
----------------- Invoking toplevel() on ptolemy.moml.MoMLSimpleApplication@4e7c00fc
----------------- Done invoking toplevel() on ptolemy.moml.MoMLSimpleApplication@4e7c00fc
reloadAllAccessors: .WidthTestWithSubscriberPublisher2

===========================================================================================
----------------- testing Sat Jun 06 14:39:07 UTC 2020 /home/travis/build/icyphy/ptII/ptolemy/actor/lib/test/auto/WidthTestWithSubscriberPublisher3.xml
----------------- Instantiating /home/travis/build/icyphy/ptII/ptolemy/actor/lib/test/auto/WidthTestWithSubscriberPublisher3.xml
1 ms. Memory: 683008K Free: 528384K (77%)
----------------- Invoking toplevel() on ptolemy.moml.MoMLSimpleApplication@15860407
----------------- Done invoking toplevel() on ptolemy.moml.MoMLSimpleApplication@15860407
reloadAllAccessors: .WidthTestWithSubscriberPublisher3

===========================================================================================
----------------- testing Sat Jun 06 14:39:07 UTC 2020 /home/travis/build/icyphy/ptII/ptolemy/actor/lib/test/auto/Writer.xml
----------------- Instantiating /home/travis/build/icyphy/ptII/ptolemy/actor/lib/test/auto/Writer.xml
0
1
2
3
4
1 ms. Memory: 683008K Free: 524288K (77%)
----------------- Invoking toplevel() on ptolemy.moml.MoMLSimpleApplication@51672dca
----------------- Done invoking toplevel() on ptolemy.moml.MoMLSimpleApplication@51672dca
reloadAllAccessors: .Writer

===========================================================================================
----------------- testing Sat Jun 06 14:39:07 UTC 2020 /home/travis/build/icyphy/ptII/ptolemy/actor/lib/test/auto/array.xml
----------------- Instantiating /home/travis/build/icyphy/ptII/ptolemy/actor/lib/test/auto/array.xml
2 ms. Memory: 683008K Free: 519678K (76%)
----------------- Invoking toplevel() on ptolemy.moml.MoMLSimpleApplication@3e4104e5
----------------- Done invoking toplevel() on ptolemy.moml.MoMLSimpleApplication@3e4104e5
reloadAllAccessors: .array

===========================================================================================
----------------- testing Sat Jun 06 14:39:08 UTC 2020 /home/travis/build/icyphy/ptII/ptolemy/actor/lib/test/auto/array2.xml
----------------- Instantiating /home/travis/build/icyphy/ptII/ptolemy/actor/lib/test/auto/array2.xml
5 ms. Memory: 683008K Free: 514543K (75%)
----------------- Invoking toplevel() on ptolemy.moml.MoMLSimpleApplication@2ca212e8
----------------- Done invoking toplevel() on ptolemy.moml.MoMLSimpleApplication@2ca212e8
reloadAllAccessors: .array2

===========================================================================================
----------------- testing Sat Jun 06 14:39:08 UTC 2020 /home/travis/build/icyphy/ptII/ptolemy/actor/lib/test/auto/arrayType.xml
----------------- Instantiating /home/travis/build/icyphy/ptII/ptolemy/actor/lib/test/auto/arrayType.xml
1 ms. Memory: 683008K Free: 508928K (75%)
----------------- Invoking toplevel() on ptolemy.moml.MoMLSimpleApplication@6ce06cc
----------------- Done invoking toplevel() on ptolemy.moml.MoMLSimpleApplication@6ce06cc
reloadAllAccessors: .arrayType

===========================================================================================
----------------- testing Sat Jun 06 14:39:08 UTC 2020 /home/travis/build/icyphy/ptII/ptolemy/actor/lib/test/auto/arrayType10.xml
----------------- Instantiating /home/travis/build/icyphy/ptII/ptolemy/actor/lib/test/auto/arrayType10.xml
1 ms. Memory: 683008K Free: 504318K (74%)
----------------- Invoking toplevel() on ptolemy.moml.MoMLSimpleApplication@35db0646
----------------- Done invoking toplevel() on ptolemy.moml.MoMLSimpleApplication@35db0646
reloadAllAccessors: .arrayType10

===========================================================================================
----------------- testing Sat Jun 06 14:39:08 UTC 2020 /home/travis/build/icyphy/ptII/ptolemy/actor/lib/test/auto/arrayType11.xml
----------------- Instantiating /home/travis/build/icyphy/ptII/ptolemy/actor/lib/test/auto/arrayType11.xml
1 ms. Memory: 683008K Free: 499712K (73%)
----------------- Invoking toplevel() on ptolemy.moml.MoMLSimpleApplication@4e815cd
----------------- Done invoking toplevel() on ptolemy.moml.MoMLSimpleApplication@4e815cd
reloadAllAccessors: .arrayType11

===========================================================================================
----------------- testing Sat Jun 06 14:39:08 UTC 2020 /home/travis/build/icyphy/ptII/ptolemy/actor/lib/test/auto/arrayType12.xml
----------------- Instantiating /home/travis/build/icyphy/ptII/ptolemy/actor/lib/test/auto/arrayType12.xml
1 ms. Memory: 683008K Free: 495102K (72%)
----------------- Invoking toplevel() on ptolemy.moml.MoMLSimpleApplication@95f09df
----------------- Done invoking toplevel() on ptolemy.moml.MoMLSimpleApplication@95f09df
reloadAllAccessors: .arrayType12

===========================================================================================
----------------- testing Sat Jun 06 14:39:08 UTC 2020 /home/travis/build/icyphy/ptII/ptolemy/actor/lib/test/auto/arrayType13.xml
----------------- Instantiating /home/travis/build/icyphy/ptII/ptolemy/actor/lib/test/auto/arrayType13.xml
1 ms. Memory: 683008K Free: 489982K (72%)
----------------- Invoking toplevel() on ptolemy.moml.MoMLSimpleApplication@64a96d7b
----------------- Done invoking toplevel() on ptolemy.moml.MoMLSimpleApplication@64a96d7b
reloadAllAccessors: .arrayType13

===========================================================================================
----------------- testing Sat Jun 06 14:39:08 UTC 2020 /home/travis/build/icyphy/ptII/ptolemy/actor/lib/test/auto/arrayType14.xml
----------------- Instantiating /home/travis/build/icyphy/ptII/ptolemy/actor/lib/test/auto/arrayType14.xml
1 ms. Memory: 683008K Free: 484352K (71%)
----------------- Invoking toplevel() on ptolemy.moml.MoMLSimpleApplication@315e7e24
----------------- Done invoking toplevel() on ptolemy.moml.MoMLSimpleApplication@315e7e24
reloadAllAccessors: .arrayType14

===========================================================================================
----------------- testing Sat Jun 06 14:39:08 UTC 2020 /home/travis/build/icyphy/ptII/ptolemy/actor/lib/test/auto/arrayType15.xml
----------------- Instantiating /home/travis/build/icyphy/ptII/ptolemy/actor/lib/test/auto/arrayType15.xml
2 ms. Memory: 683008K Free: 479232K (70%)
----------------- Invoking toplevel() on ptolemy.moml.MoMLSimpleApplication@279703aa
----------------- Done invoking toplevel() on ptolemy.moml.MoMLSimpleApplication@279703aa
reloadAllAccessors: .arrayType15

===========================================================================================
----------------- testing Sat Jun 06 14:39:08 UTC 2020 /home/travis/build/icyphy/ptII/ptolemy/actor/lib/test/auto/arrayType16.xml
----------------- Instantiating /home/travis/build/icyphy/ptII/ptolemy/actor/lib/test/auto/arrayType16.xml
1 ms. Memory: 683008K Free: 474112K (69%)
----------------- Invoking toplevel() on ptolemy.moml.MoMLSimpleApplication@7b21fd25
----------------- Done invoking toplevel() on ptolemy.moml.MoMLSimpleApplication@7b21fd25
reloadAllAccessors: .arrayType16

===========================================================================================
----------------- testing Sat Jun 06 14:39:08 UTC 2020 /home/travis/build/icyphy/ptII/ptolemy/actor/lib/test/auto/arrayType17.xml
----------------- Instantiating /home/travis/build/icyphy/ptII/ptolemy/actor/lib/test/auto/arrayType17.xml
1 ms. Memory: 683008K Free: 468992K (69%)
----------------- Invoking toplevel() on ptolemy.moml.MoMLSimpleApplication@46de0a37
----------------- Done invoking toplevel() on ptolemy.moml.MoMLSimpleApplication@46de0a37
reloadAllAccessors: .arrayType17

===========================================================================================
----------------- testing Sat Jun 06 14:39:08 UTC 2020 /home/travis/build/icyphy/ptII/ptolemy/actor/lib/test/auto/arrayType18.xml
----------------- Instantiating /home/travis/build/icyphy/ptII/ptolemy/actor/lib/test/auto/arrayType18.xml
1 ms. Memory: 683008K Free: 464382K (68%)
----------------- Invoking toplevel() on ptolemy.moml.MoMLSimpleApplication@273de7a1
----------------- Done invoking toplevel() on ptolemy.moml.MoMLSimpleApplication@273de7a1
reloadAllAccessors: .arrayType18

===========================================================================================
----------------- testing Sat Jun 06 14:39:08 UTC 2020 /home/travis/build/icyphy/ptII/ptolemy/actor/lib/test/auto/arrayType19.xml
----------------- Instantiating /home/travis/build/icyphy/ptII/ptolemy/actor/lib/test/auto/arrayType19.xml
1 ms. Memory: 683008K Free: 459262K (67%)
----------------- Invoking toplevel() on ptolemy.moml.MoMLSimpleApplication@2879e8f3
----------------- Done invoking toplevel() on ptolemy.moml.MoMLSimpleApplication@2879e8f3
reloadAllAccessors: .arrayType19

===========================================================================================
----------------- testing Sat Jun 06 14:39:08 UTC 2020 /home/travis/build/icyphy/ptII/ptolemy/actor/lib/test/auto/arrayType2.xml
----------------- Instantiating /home/travis/build/icyphy/ptII/ptolemy/actor/lib/test/auto/arrayType2.xml
2 ms. Memory: 683008K Free: 454142K (66%)
----------------- Invoking toplevel() on ptolemy.moml.MoMLSimpleApplication@8ab7fd2
----------------- Done invoking toplevel() on ptolemy.moml.MoMLSimpleApplication@8ab7fd2
reloadAllAccessors: .arrayType2

===========================================================================================
----------------- testing Sat Jun 06 14:39:08 UTC 2020 /home/travis/build/icyphy/ptII/ptolemy/actor/lib/test/auto/arrayType20.xml
----------------- Instantiating /home/travis/build/icyphy/ptII/ptolemy/actor/lib/test/auto/arrayType20.xml
2 ms. Memory: 683008K Free: 449536K (66%)
----------------- Invoking toplevel() on ptolemy.moml.MoMLSimpleApplication@134d05f9
----------------- Done invoking toplevel() on ptolemy.moml.MoMLSimpleApplication@134d05f9
reloadAllAccessors: .arrayType20

===========================================================================================
----------------- testing Sat Jun 06 14:39:08 UTC 2020 /home/travis/build/icyphy/ptII/ptolemy/actor/lib/test/auto/arrayType21.xml
----------------- Instantiating /home/travis/build/icyphy/ptII/ptolemy/actor/lib/test/auto/arrayType21.xml
1 ms. Memory: 683008K Free: 444926K (65%)
----------------- Invoking toplevel() on ptolemy.moml.MoMLSimpleApplication@25cf49a4
----------------- Done invoking toplevel() on ptolemy.moml.MoMLSimpleApplication@25cf49a4
reloadAllAccessors: .arrayType21

===========================================================================================
----------------- testing Sat Jun 06 14:39:08 UTC 2020 /home/travis/build/icyphy/ptII/ptolemy/actor/lib/test/auto/arrayType22.xml
----------------- Instantiating /home/travis/build/icyphy/ptII/ptolemy/actor/lib/test/auto/arrayType22.xml
1 ms. Memory: 683008K Free: 440320K (64%)
----------------- Invoking toplevel() on ptolemy.moml.MoMLSimpleApplication@49735db8
----------------- Done invoking toplevel() on ptolemy.moml.MoMLSimpleApplication@49735db8
reloadAllAccessors: .arrayType22

===========================================================================================
----------------- testing Sat Jun 06 14:39:08 UTC 2020 /home/travis/build/icyphy/ptII/ptolemy/actor/lib/test/auto/arrayType23.xml
----------------- Instantiating /home/travis/build/icyphy/ptII/ptolemy/actor/lib/test/auto/arrayType23.xml
2 ms. Memory: 683008K Free: 435200K (64%)
----------------- Invoking toplevel() on ptolemy.moml.MoMLSimpleApplication@4eada9f1
----------------- Done invoking toplevel() on ptolemy.moml.MoMLSimpleApplication@4eada9f1
reloadAllAccessors: .arrayType23

===========================================================================================
----------------- testing Sat Jun 06 14:39:08 UTC 2020 /home/travis/build/icyphy/ptII/ptolemy/actor/lib/test/auto/arrayType24.xml
----------------- Instantiating /home/travis/build/icyphy/ptII/ptolemy/actor/lib/test/auto/arrayType24.xml
2 ms. Memory: 683008K Free: 430590K (63%)
----------------- Invoking toplevel() on ptolemy.moml.MoMLSimpleApplication@7a060725
----------------- Done invoking toplevel() on ptolemy.moml.MoMLSimpleApplication@7a060725
reloadAllAccessors: .arrayType24

===========================================================================================
----------------- testing Sat Jun 06 14:39:08 UTC 2020 /home/travis/build/icyphy/ptII/ptolemy/actor/lib/test/auto/arrayType25.xml
----------------- Instantiating /home/travis/build/icyphy/ptII/ptolemy/actor/lib/test/auto/arrayType25.xml
1 ms. Memory: 683008K Free: 425470K (62%)
----------------- Invoking toplevel() on ptolemy.moml.MoMLSimpleApplication@70cd5370
----------------- Done invoking toplevel() on ptolemy.moml.MoMLSimpleApplication@70cd5370
reloadAllAccessors: .arrayType25

===========================================================================================
----------------- testing Sat Jun 06 14:39:08 UTC 2020 /home/travis/build/icyphy/ptII/ptolemy/actor/lib/test/auto/arrayType26.xml
----------------- Instantiating /home/travis/build/icyphy/ptII/ptolemy/actor/lib/test/auto/arrayType26.xml
2 ms. Memory: 683008K Free: 420350K (62%)
----------------- Invoking toplevel() on ptolemy.moml.MoMLSimpleApplication@5851408e
----------------- Done invoking toplevel() on ptolemy.moml.MoMLSimpleApplication@5851408e
reloadAllAccessors: .arrayType26

===========================================================================================
----------------- testing Sat Jun 06 14:39:08 UTC 2020 /home/travis/build/icyphy/ptII/ptolemy/actor/lib/test/auto/arrayType27.xml
----------------- Instantiating /home/travis/build/icyphy/ptII/ptolemy/actor/lib/test/auto/arrayType27.xml
2 ms. Memory: 683008K Free: 414720K (61%)
----------------- Invoking toplevel() on ptolemy.moml.MoMLSimpleApplication@3a8da35b
----------------- Done invoking toplevel() on ptolemy.moml.MoMLSimpleApplication@3a8da35b
reloadAllAccessors: .arrayType27

===========================================================================================
----------------- testing Sat Jun 06 14:39:08 UTC 2020 /home/travis/build/icyphy/ptII/ptolemy/actor/lib/test/auto/arrayType28.xml
----------------- Instantiating /home/travis/build/icyphy/ptII/ptolemy/actor/lib/test/auto/arrayType28.xml
1 ms. Memory: 683008K Free: 409600K (60%)
----------------- Invoking toplevel() on ptolemy.moml.MoMLSimpleApplication@44cfaa3d
----------------- Done invoking toplevel() on ptolemy.moml.MoMLSimpleApplication@44cfaa3d
reloadAllAccessors: .arrayType28

===========================================================================================
----------------- testing Sat Jun 06 14:39:08 UTC 2020 /home/travis/build/icyphy/ptII/ptolemy/actor/lib/test/auto/arrayType3.xml
----------------- Instantiating /home/travis/build/icyphy/ptII/ptolemy/actor/lib/test/auto/arrayType3.xml
1 ms. Memory: 683008K Free: 404480K (59%)
----------------- Invoking toplevel() on ptolemy.moml.MoMLSimpleApplication@1e85b71d
----------------- Done invoking toplevel() on ptolemy.moml.MoMLSimpleApplication@1e85b71d
reloadAllAccessors: .arrayType3

===========================================================================================
----------------- testing Sat Jun 06 14:39:08 UTC 2020 /home/travis/build/icyphy/ptII/ptolemy/actor/lib/test/auto/arrayType4.xml
----------------- Instantiating /home/travis/build/icyphy/ptII/ptolemy/actor/lib/test/auto/arrayType4.xml
2 ms. Memory: 683008K Free: 399360K (58%)
----------------- Invoking toplevel() on ptolemy.moml.MoMLSimpleApplication@485bdf9b
----------------- Done invoking toplevel() on ptolemy.moml.MoMLSimpleApplication@485bdf9b
reloadAllAccessors: .arrayType4

===========================================================================================
----------------- testing Sat Jun 06 14:39:08 UTC 2020 /home/travis/build/icyphy/ptII/ptolemy/actor/lib/test/auto/arrayType5.xml
----------------- Instantiating /home/travis/build/icyphy/ptII/ptolemy/actor/lib/test/auto/arrayType5.xml
3 ms. Memory: 683008K Free: 393711K (58%)
----------------- Invoking toplevel() on ptolemy.moml.MoMLSimpleApplication@73fcaf08
----------------- Done invoking toplevel() on ptolemy.moml.MoMLSimpleApplication@73fcaf08
reloadAllAccessors: .arrayType5

===========================================================================================
----------------- testing Sat Jun 06 14:39:08 UTC 2020 /home/travis/build/icyphy/ptII/ptolemy/actor/lib/test/auto/arrayType6.xml
----------------- Instantiating /home/travis/build/icyphy/ptII/ptolemy/actor/lib/test/auto/arrayType6.xml
1 ms. Memory: 683008K Free: 389120K (57%)
----------------- Invoking toplevel() on ptolemy.moml.MoMLSimpleApplication@8f0d1f9
----------------- Done invoking toplevel() on ptolemy.moml.MoMLSimpleApplication@8f0d1f9
reloadAllAccessors: .arrayType6

===========================================================================================
----------------- testing Sat Jun 06 14:39:08 UTC 2020 /home/travis/build/icyphy/ptII/ptolemy/actor/lib/test/auto/arrayType7.xml
----------------- Instantiating /home/travis/build/icyphy/ptII/ptolemy/actor/lib/test/auto/arrayType7.xml
5 ms. Memory: 683008K Free: 384510K (56%)
----------------- Invoking toplevel() on ptolemy.moml.MoMLSimpleApplication@4044adbb
----------------- Done invoking toplevel() on ptolemy.moml.MoMLSimpleApplication@4044adbb
reloadAllAccessors: .arrayType7

===========================================================================================
----------------- testing Sat Jun 06 14:39:08 UTC 2020 /home/travis/build/icyphy/ptII/ptolemy/actor/lib/test/auto/arrayType8.xml
----------------- Instantiating /home/travis/build/icyphy/ptII/ptolemy/actor/lib/test/auto/arrayType8.xml
2 ms. Memory: 683008K Free: 379904K (56%)
----------------- Invoking toplevel() on ptolemy.moml.MoMLSimpleApplication@fe44f98
----------------- Done invoking toplevel() on ptolemy.moml.MoMLSimpleApplication@fe44f98
reloadAllAccessors: .arrayType8

===========================================================================================
----------------- testing Sat Jun 06 14:39:08 UTC 2020 /home/travis/build/icyphy/ptII/ptolemy/actor/lib/test/auto/arrayType9.xml
----------------- Instantiating /home/travis/build/icyphy/ptII/ptolemy/actor/lib/test/auto/arrayType9.xml
1 ms. Memory: 683008K Free: 374784K (55%)
----------------- Invoking toplevel() on ptolemy.moml.MoMLSimpleApplication@6c4b17e8
----------------- Done invoking toplevel() on ptolemy.moml.MoMLSimpleApplication@6c4b17e8
reloadAllAccessors: .arrayType9

===========================================================================================
----------------- testing Sat Jun 06 14:39:08 UTC 2020 /home/travis/build/icyphy/ptII/ptolemy/actor/lib/test/auto/cast.xml
----------------- Instantiating /home/travis/build/icyphy/ptII/ptolemy/actor/lib/test/auto/cast.xml
9 ms. Memory: 683008K Free: 370174K (54%)
----------------- Invoking toplevel() on ptolemy.moml.MoMLSimpleApplication@7c2e19a4
----------------- Done invoking toplevel() on ptolemy.moml.MoMLSimpleApplication@7c2e19a4
reloadAllAccessors: .cast

===========================================================================================
----------------- testing Sat Jun 06 14:39:08 UTC 2020 /home/travis/build/icyphy/ptII/ptolemy/actor/lib/test/auto/compositeMultiPort.xml
----------------- Instantiating /home/travis/build/icyphy/ptII/ptolemy/actor/lib/test/auto/compositeMultiPort.xml
3 ms. Memory: 683008K Free: 361472K (53%)
----------------- Invoking toplevel() on ptolemy.moml.MoMLSimpleApplication@19abdf94
----------------- Done invoking toplevel() on ptolemy.moml.MoMLSimpleApplication@19abdf94
reloadAllAccessors: .compositeMultiPort

===========================================================================================
----------------- testing Sat Jun 06 14:39:08 UTC 2020 /home/travis/build/icyphy/ptII/ptolemy/actor/lib/test/auto/expressionCastInference.xml
----------------- Instantiating /home/travis/build/icyphy/ptII/ptolemy/actor/lib/test/auto/expressionCastInference.xml
2 ms. Memory: 683008K Free: 356862K (52%)
----------------- Invoking toplevel() on ptolemy.moml.MoMLSimpleApplication@318bf22c
----------------- Done invoking toplevel() on ptolemy.moml.MoMLSimpleApplication@318bf22c
reloadAllAccessors: .expressionCastInference

===========================================================================================
----------------- testing Sat Jun 06 14:39:08 UTC 2020 /home/travis/build/icyphy/ptII/ptolemy/actor/lib/test/auto/expressionCastInference2.xml
----------------- Instantiating /home/travis/build/icyphy/ptII/ptolemy/actor/lib/test/auto/expressionCastInference2.xml
2 ms. Memory: 683008K Free: 351742K (51%)
----------------- Invoking toplevel() on ptolemy.moml.MoMLSimpleApplication@9bd5c5e
----------------- Done invoking toplevel() on ptolemy.moml.MoMLSimpleApplication@9bd5c5e
reloadAllAccessors: .expressionCastInference2

===========================================================================================
----------------- testing Sat Jun 06 14:39:08 UTC 2020 /home/travis/build/icyphy/ptII/ptolemy/actor/lib/test/auto/expressionInference.xml
----------------- Instantiating /home/travis/build/icyphy/ptII/ptolemy/actor/lib/test/auto/expressionInference.xml
1 ms. Memory: 683008K Free: 347646K (51%)
----------------- Invoking toplevel() on ptolemy.moml.MoMLSimpleApplication@33df295a
----------------- Done invoking toplevel() on ptolemy.moml.MoMLSimpleApplication@33df295a
reloadAllAccessors: .expressionInference

===========================================================================================
----------------- testing Sat Jun 06 14:39:08 UTC 2020 /home/travis/build/icyphy/ptII/ptolemy/actor/lib/test/auto/expression_bug.xml
----------------- Instantiating /home/travis/build/icyphy/ptII/ptolemy/actor/lib/test/auto/expression_bug.xml
1 ms. Memory: 683008K Free: 343550K (50%)
----------------- Invoking toplevel() on ptolemy.moml.MoMLSimpleApplication@7dc936b5
----------------- Done invoking toplevel() on ptolemy.moml.MoMLSimpleApplication@7dc936b5
reloadAllAccessors: .expression_bug

===========================================================================================
----------------- testing Sat Jun 06 14:39:08 UTC 2020 /home/travis/build/icyphy/ptII/ptolemy/actor/lib/test/auto/factorial.xml
----------------- Instantiating /home/travis/build/icyphy/ptII/ptolemy/actor/lib/test/auto/factorial.xml
24 ms. Memory: 683008K Free: 334334K (49%)
----------------- Invoking toplevel() on ptolemy.moml.MoMLSimpleApplication@4db4fa99
----------------- Done invoking toplevel() on ptolemy.moml.MoMLSimpleApplication@4db4fa99
reloadAllAccessors: .factorial

===========================================================================================
----------------- testing Sat Jun 06 14:39:08 UTC 2020 /home/travis/build/icyphy/ptII/ptolemy/actor/lib/test/auto/filterTest1.xml
----------------- Instantiating /home/travis/build/icyphy/ptII/ptolemy/actor/lib/test/auto/filterTest1.xml
3 ms. Memory: 683008K Free: 328704K (48%)
----------------- Invoking toplevel() on ptolemy.moml.MoMLSimpleApplication@5cff995c
----------------- Done invoking toplevel() on ptolemy.moml.MoMLSimpleApplication@5cff995c
reloadAllAccessors: .filterTest1

===========================================================================================
----------------- testing Sat Jun 06 14:39:08 UTC 2020 /home/travis/build/icyphy/ptII/ptolemy/actor/lib/test/auto/funcApplyInConst.xml
----------------- Instantiating /home/travis/build/icyphy/ptII/ptolemy/actor/lib/test/auto/funcApplyInConst.xml
0 ms. Memory: 683008K Free: 325118K (48%)
----------------- Invoking toplevel() on ptolemy.moml.MoMLSimpleApplication@3dcb45e
----------------- Done invoking toplevel() on ptolemy.moml.MoMLSimpleApplication@3dcb45e
reloadAllAccessors: .funcApplyInConst

===========================================================================================
----------------- testing Sat Jun 06 14:39:08 UTC 2020 /home/travis/build/icyphy/ptII/ptolemy/actor/lib/test/auto/funcApplyInExpr.xml
----------------- Instantiating /home/travis/build/icyphy/ptII/ptolemy/actor/lib/test/auto/funcApplyInExpr.xml
1 ms. Memory: 683008K Free: 321536K (47%)
----------------- Invoking toplevel() on ptolemy.moml.MoMLSimpleApplication@4bf91ae4
----------------- Done invoking toplevel() on ptolemy.moml.MoMLSimpleApplication@4bf91ae4
reloadAllAccessors: .funcApplyInExpr

===========================================================================================
----------------- testing Sat Jun 06 14:39:08 UTC 2020 /home/travis/build/icyphy/ptII/ptolemy/actor/lib/test/auto/function.xml
----------------- Instantiating /home/travis/build/icyphy/ptII/ptolemy/actor/lib/test/auto/function.xml
2 ms. Memory: 683008K Free: 316416K (46%)
----------------- Invoking toplevel() on ptolemy.moml.MoMLSimpleApplication@4b463215
----------------- Done invoking toplevel() on ptolemy.moml.MoMLSimpleApplication@4b463215
reloadAllAccessors: .function

===========================================================================================
----------------- testing Sat Jun 06 14:39:08 UTC 2020 /home/travis/build/icyphy/ptII/ptolemy/actor/lib/test/auto/function2.xml
----------------- Instantiating /home/travis/build/icyphy/ptII/ptolemy/actor/lib/test/auto/function2.xml
2 ms. Memory: 683008K Free: 311806K (46%)
----------------- Invoking toplevel() on ptolemy.moml.MoMLSimpleApplication@17f5ba5a
----------------- Done invoking toplevel() on ptolemy.moml.MoMLSimpleApplication@17f5ba5a
reloadAllAccessors: .function2

===========================================================================================
----------------- testing Sat Jun 06 14:39:08 UTC 2020 /home/travis/build/icyphy/ptII/ptolemy/actor/lib/test/auto/function3.xml
----------------- Instantiating /home/travis/build/icyphy/ptII/ptolemy/actor/lib/test/auto/function3.xml
2 ms. Memory: 683008K Free: 308224K (45%)
----------------- Invoking toplevel() on ptolemy.moml.MoMLSimpleApplication@53778a2
----------------- Done invoking toplevel() on ptolemy.moml.MoMLSimpleApplication@53778a2
reloadAllAccessors: .function3

===========================================================================================
----------------- testing Sat Jun 06 14:39:08 UTC 2020 /home/travis/build/icyphy/ptII/ptolemy/actor/lib/test/auto/functionClosureTest1.xml
----------------- Instantiating /home/travis/build/icyphy/ptII/ptolemy/actor/lib/test/auto/functionClosureTest1.xml
1 ms. Memory: 683008K Free: 302080K (44%)
----------------- Invoking toplevel() on ptolemy.moml.MoMLSimpleApplication@59ad9762
----------------- Done invoking toplevel() on ptolemy.moml.MoMLSimpleApplication@59ad9762
reloadAllAccessors: .functionClosureTest1

===========================================================================================
----------------- testing Sat Jun 06 14:39:08 UTC 2020 /home/travis/build/icyphy/ptII/ptolemy/actor/lib/test/auto/functionClosureTest2.xml
----------------- Instantiating /home/travis/build/icyphy/ptII/ptolemy/actor/lib/test/auto/functionClosureTest2.xml
1 ms. Memory: 683008K Free: 298494K (44%)
----------------- Invoking toplevel() on ptolemy.moml.MoMLSimpleApplication@49d924c4
----------------- Done invoking toplevel() on ptolemy.moml.MoMLSimpleApplication@49d924c4
reloadAllAccessors: .functionClosureTest2

===========================================================================================
----------------- testing Sat Jun 06 14:39:08 UTC 2020 /home/travis/build/icyphy/ptII/ptolemy/actor/lib/test/auto/functionClosureTest3.xml
----------------- Instantiating /home/travis/build/icyphy/ptII/ptolemy/actor/lib/test/auto/functionClosureTest3.xml
2 ms. Memory: 683008K Free: 293359K (43%)
----------------- Invoking toplevel() on ptolemy.moml.MoMLSimpleApplication@4b9a764c
----------------- Done invoking toplevel() on ptolemy.moml.MoMLSimpleApplication@4b9a764c
reloadAllAccessors: .functionClosureTest3

===========================================================================================
----------------- testing Sat Jun 06 14:39:08 UTC 2020 /home/travis/build/icyphy/ptII/ptolemy/actor/lib/test/auto/functionClosureTest4.xml
----------------- Instantiating /home/travis/build/icyphy/ptII/ptolemy/actor/lib/test/auto/functionClosureTest4.xml
3 ms. Memory: 683008K Free: 286720K (42%)
----------------- Invoking toplevel() on ptolemy.moml.MoMLSimpleApplication@1a1e12d
----------------- Done invoking toplevel() on ptolemy.moml.MoMLSimpleApplication@1a1e12d
reloadAllAccessors: .functionClosureTest4

===========================================================================================
----------------- testing Sat Jun 06 14:39:08 UTC 2020 /home/travis/build/icyphy/ptII/ptolemy/actor/lib/test/auto/functionClosureTest5.xml
----------------- Instantiating /home/travis/build/icyphy/ptII/ptolemy/actor/lib/test/auto/functionClosureTest5.xml
3 ms. Memory: 683008K Free: 281600K (41%)
----------------- Invoking toplevel() on ptolemy.moml.MoMLSimpleApplication@69da99a6
----------------- Done invoking toplevel() on ptolemy.moml.MoMLSimpleApplication@69da99a6
reloadAllAccessors: .functionClosureTest5

===========================================================================================
----------------- testing Sat Jun 06 14:39:08 UTC 2020 /home/travis/build/icyphy/ptII/ptolemy/actor/lib/test/auto/functionClosureTest6.xml
----------------- Instantiating /home/travis/build/icyphy/ptII/ptolemy/actor/lib/test/auto/functionClosureTest6.xml
2 ms. Memory: 683008K Free: 276975K (41%)
----------------- Invoking toplevel() on ptolemy.moml.MoMLSimpleApplication@366d78db
----------------- Done invoking toplevel() on ptolemy.moml.MoMLSimpleApplication@366d78db
reloadAllAccessors: .functionClosureTest6

===========================================================================================
----------------- testing Sat Jun 06 14:39:08 UTC 2020 /home/travis/build/icyphy/ptII/ptolemy/actor/lib/test/auto/functionsOnArcs.xml
----------------- Instantiating /home/travis/build/icyphy/ptII/ptolemy/actor/lib/test/auto/functionsOnArcs.xml
2 ms. Memory: 683008K Free: 271360K (40%)
----------------- Invoking toplevel() on ptolemy.moml.MoMLSimpleApplication@5efe554e
----------------- Done invoking toplevel() on ptolemy.moml.MoMLSimpleApplication@5efe554e
reloadAllAccessors: .functionsOnArcs

===========================================================================================
----------------- testing Sat Jun 06 14:39:08 UTC 2020 /home/travis/build/icyphy/ptII/ptolemy/actor/lib/test/auto/functionsOnArcsHOF.xml
----------------- Instantiating /home/travis/build/icyphy/ptII/ptolemy/actor/lib/test/auto/functionsOnArcsHOF.xml
3 ms. Memory: 683008K Free: 265726K (39%)
----------------- Invoking toplevel() on ptolemy.moml.MoMLSimpleApplication@3c3713a6
----------------- Done invoking toplevel() on ptolemy.moml.MoMLSimpleApplication@3c3713a6
reloadAllAccessors: .functionsOnArcsHOF

===========================================================================================
----------------- testing Sat Jun 06 14:39:08 UTC 2020 /home/travis/build/icyphy/ptII/ptolemy/actor/lib/test/auto/logic.xml
----------------- Instantiating /home/travis/build/icyphy/ptII/ptolemy/actor/lib/test/auto/logic.xml
1 ms. Memory: 683008K Free: 258558K (38%)
----------------- Invoking toplevel() on ptolemy.moml.MoMLSimpleApplication@51c20874
----------------- Done invoking toplevel() on ptolemy.moml.MoMLSimpleApplication@51c20874
reloadAllAccessors: .logic

===========================================================================================
----------------- testing Sat Jun 06 14:39:08 UTC 2020 /home/travis/build/icyphy/ptII/ptolemy/actor/lib/test/auto/matrixType.xml
----------------- Instantiating /home/travis/build/icyphy/ptII/ptolemy/actor/lib/test/auto/matrixType.xml
1 ms. Memory: 683008K Free: 253438K (37%)
----------------- Invoking toplevel() on ptolemy.moml.MoMLSimpleApplication@7b3ac2b5
----------------- Done invoking toplevel() on ptolemy.moml.MoMLSimpleApplication@7b3ac2b5
reloadAllAccessors: .matrixType

===========================================================================================
----------------- testing Sat Jun 06 14:39:08 UTC 2020 /home/travis/build/icyphy/ptII/ptolemy/actor/lib/test/auto/matrixType10.xml
----------------- Instantiating /home/travis/build/icyphy/ptII/ptolemy/actor/lib/test/auto/matrixType10.xml
1 ms. Memory: 683008K Free: 248832K (36%)
----------------- Invoking toplevel() on ptolemy.moml.MoMLSimpleApplication@3efa37b5
----------------- Done invoking toplevel() on ptolemy.moml.MoMLSimpleApplication@3efa37b5
reloadAllAccessors: .matrixType10

===========================================================================================
----------------- testing Sat Jun 06 14:39:08 UTC 2020 /home/travis/build/icyphy/ptII/ptolemy/actor/lib/test/auto/matrixType11.xml
----------------- Instantiating /home/travis/build/icyphy/ptII/ptolemy/actor/lib/test/auto/matrixType11.xml
1 ms. Memory: 683008K Free: 244222K (36%)
----------------- Invoking toplevel() on ptolemy.moml.MoMLSimpleApplication@7a1d4965
----------------- Done invoking toplevel() on ptolemy.moml.MoMLSimpleApplication@7a1d4965
reloadAllAccessors: .matrixType11

===========================================================================================
----------------- testing Sat Jun 06 14:39:08 UTC 2020 /home/travis/build/icyphy/ptII/ptolemy/actor/lib/test/auto/matrixType12.xml
----------------- Instantiating /home/travis/build/icyphy/ptII/ptolemy/actor/lib/test/auto/matrixType12.xml
1 ms. Memory: 683008K Free: 239102K (35%)
----------------- Invoking toplevel() on ptolemy.moml.MoMLSimpleApplication@1c91b6d8
----------------- Done invoking toplevel() on ptolemy.moml.MoMLSimpleApplication@1c91b6d8
reloadAllAccessors: .matrixType12

===========================================================================================
----------------- testing Sat Jun 06 14:39:08 UTC 2020 /home/travis/build/icyphy/ptII/ptolemy/actor/lib/test/auto/matrixType13.xml
----------------- Instantiating /home/travis/build/icyphy/ptII/ptolemy/actor/lib/test/auto/matrixType13.xml
1 ms. Memory: 683008K Free: 628432K (92%)
----------------- Invoking toplevel() on ptolemy.moml.MoMLSimpleApplication@59115953
----------------- Done invoking toplevel() on ptolemy.moml.MoMLSimpleApplication@59115953
reloadAllAccessors: .matrixType13

===========================================================================================
----------------- testing Sat Jun 06 14:39:08 UTC 2020 /home/travis/build/icyphy/ptII/ptolemy/actor/lib/test/auto/matrixType14.xml
----------------- Instantiating /home/travis/build/icyphy/ptII/ptolemy/actor/lib/test/auto/matrixType14.xml
1 ms. Memory: 683008K Free: 622590K (91%)
----------------- Invoking toplevel() on ptolemy.moml.MoMLSimpleApplication@15738f67
----------------- Done invoking toplevel() on ptolemy.moml.MoMLSimpleApplication@15738f67
reloadAllAccessors: .matrixType14

===========================================================================================
----------------- testing Sat Jun 06 14:39:08 UTC 2020 /home/travis/build/icyphy/ptII/ptolemy/actor/lib/test/auto/matrixType2.xml
----------------- Instantiating /home/travis/build/icyphy/ptII/ptolemy/actor/lib/test/auto/matrixType2.xml
1 ms. Memory: 683008K Free: 617455K (90%)
----------------- Invoking toplevel() on ptolemy.moml.MoMLSimpleApplication@79a5f6b
----------------- Done invoking toplevel() on ptolemy.moml.MoMLSimpleApplication@79a5f6b
reloadAllAccessors: .matrixType2

===========================================================================================
----------------- testing Sat Jun 06 14:39:08 UTC 2020 /home/travis/build/icyphy/ptII/ptolemy/actor/lib/test/auto/matrixType3.xml
----------------- Instantiating /home/travis/build/icyphy/ptII/ptolemy/actor/lib/test/auto/matrixType3.xml
1 ms. Memory: 683008K Free: 612350K (90%)
----------------- Invoking toplevel() on ptolemy.moml.MoMLSimpleApplication@7c1fefd3
----------------- Done invoking toplevel() on ptolemy.moml.MoMLSimpleApplication@7c1fefd3
reloadAllAccessors: .matrixType3

===========================================================================================
----------------- testing Sat Jun 06 14:39:08 UTC 2020 /home/travis/build/icyphy/ptII/ptolemy/actor/lib/test/auto/matrixType4.xml
----------------- Instantiating /home/travis/build/icyphy/ptII/ptolemy/actor/lib/test/auto/matrixType4.xml
1 ms. Memory: 683008K Free: 607744K (89%)
----------------- Invoking toplevel() on ptolemy.moml.MoMLSimpleApplication@60e41d5b
----------------- Done invoking toplevel() on ptolemy.moml.MoMLSimpleApplication@60e41d5b
reloadAllAccessors: .matrixType4

===========================================================================================
----------------- testing Sat Jun 06 14:39:08 UTC 2020 /home/travis/build/icyphy/ptII/ptolemy/actor/lib/test/auto/matrixType5.xml
----------------- Instantiating /home/travis/build/icyphy/ptII/ptolemy/actor/lib/test/auto/matrixType5.xml
3 ms. Memory: 683008K Free: 603134K (88%)
----------------- Invoking toplevel() on ptolemy.moml.MoMLSimpleApplication@71826e3f
----------------- Done invoking toplevel() on ptolemy.moml.MoMLSimpleApplication@71826e3f
reloadAllAccessors: .matrixType5

===========================================================================================
----------------- testing Sat Jun 06 14:39:08 UTC 2020 /home/travis/build/icyphy/ptII/ptolemy/actor/lib/test/auto/matrixType6.xml
----------------- Instantiating /home/travis/build/icyphy/ptII/ptolemy/actor/lib/test/auto/matrixType6.xml
1 ms. Memory: 683008K Free: 598014K (88%)
----------------- Invoking toplevel() on ptolemy.moml.MoMLSimpleApplication@4f22d59a
----------------- Done invoking toplevel() on ptolemy.moml.MoMLSimpleApplication@4f22d59a
reloadAllAccessors: .matrixType6

===========================================================================================
----------------- testing Sat Jun 06 14:39:08 UTC 2020 /home/travis/build/icyphy/ptII/ptolemy/actor/lib/test/auto/matrixType7.xml
----------------- Instantiating /home/travis/build/icyphy/ptII/ptolemy/actor/lib/test/auto/matrixType7.xml
1 ms. Memory: 683008K Free: 593408K (87%)
----------------- Invoking toplevel() on ptolemy.moml.MoMLSimpleApplication@680b3adb
----------------- Done invoking toplevel() on ptolemy.moml.MoMLSimpleApplication@680b3adb
reloadAllAccessors: .matrixType7

===========================================================================================
----------------- testing Sat Jun 06 14:39:08 UTC 2020 /home/travis/build/icyphy/ptII/ptolemy/actor/lib/test/auto/matrixType8.xml
----------------- Instantiating /home/travis/build/icyphy/ptII/ptolemy/actor/lib/test/auto/matrixType8.xml
1 ms. Memory: 683008K Free: 588798K (86%)
----------------- Invoking toplevel() on ptolemy.moml.MoMLSimpleApplication@4614dca9
----------------- Done invoking toplevel() on ptolemy.moml.MoMLSimpleApplication@4614dca9
reloadAllAccessors: .matrixType8

===========================================================================================
----------------- testing Sat Jun 06 14:39:08 UTC 2020 /home/travis/build/icyphy/ptII/ptolemy/actor/lib/test/auto/matrixType9.xml
----------------- Instantiating /home/travis/build/icyphy/ptII/ptolemy/actor/lib/test/auto/matrixType9.xml
1 ms. Memory: 683008K Free: 583678K (85%)
----------------- Invoking toplevel() on ptolemy.moml.MoMLSimpleApplication@7debdfc9
----------------- Done invoking toplevel() on ptolemy.moml.MoMLSimpleApplication@7debdfc9
reloadAllAccessors: .matrixType9

===========================================================================================
----------------- testing Sat Jun 06 14:39:09 UTC 2020 /home/travis/build/icyphy/ptII/ptolemy/actor/lib/test/auto/paraFunctest.xml
----------------- Instantiating /home/travis/build/icyphy/ptII/ptolemy/actor/lib/test/auto/paraFunctest.xml
1 ms. Memory: 683008K Free: 579582K (85%)
----------------- Invoking toplevel() on ptolemy.moml.MoMLSimpleApplication@196b019a
----------------- Done invoking toplevel() on ptolemy.moml.MoMLSimpleApplication@196b019a
reloadAllAccessors: .paraFunctest

===========================================================================================
----------------- testing Sat Jun 06 14:39:09 UTC 2020 /home/travis/build/icyphy/ptII/ptolemy/actor/lib/test/auto/paraFunctest2.xml
----------------- Instantiating /home/travis/build/icyphy/ptII/ptolemy/actor/lib/test/auto/paraFunctest2.xml
1 ms. Memory: 683008K Free: 575486K (84%)
----------------- Invoking toplevel() on ptolemy.moml.MoMLSimpleApplication@61ca5aac
----------------- Done invoking toplevel() on ptolemy.moml.MoMLSimpleApplication@61ca5aac
reloadAllAccessors: .paraFunctest2

===========================================================================================
----------------- testing Sat Jun 06 14:39:09 UTC 2020 /home/travis/build/icyphy/ptII/ptolemy/actor/lib/test/auto/parameterPassing.xml
----------------- Instantiating /home/travis/build/icyphy/ptII/ptolemy/actor/lib/test/auto/parameterPassing.xml
1 ms. Memory: 683008K Free: 570880K (84%)
----------------- Invoking toplevel() on ptolemy.moml.MoMLSimpleApplication@4a8344b4
----------------- Done invoking toplevel() on ptolemy.moml.MoMLSimpleApplication@4a8344b4
reloadAllAccessors: .parameterPassing

===========================================================================================
----------------- testing Sat Jun 06 14:39:09 UTC 2020 /home/travis/build/icyphy/ptII/ptolemy/actor/lib/test/auto/record.xml
----------------- Instantiating /home/travis/build/icyphy/ptII/ptolemy/actor/lib/test/auto/record.xml
1 ms. Memory: 683008K Free: 566270K (83%)
----------------- Invoking toplevel() on ptolemy.moml.MoMLSimpleApplication@3d320c8e
----------------- Done invoking toplevel() on ptolemy.moml.MoMLSimpleApplication@3d320c8e
reloadAllAccessors: .record

===========================================================================================
----------------- testing Sat Jun 06 14:39:09 UTC 2020 /home/travis/build/icyphy/ptII/ptolemy/actor/lib/test/auto/sizedarray1.xml
----------------- Instantiating /home/travis/build/icyphy/ptII/ptolemy/actor/lib/test/auto/sizedarray1.xml
1 ms. Memory: 683008K Free: 560640K (82%)
----------------- Invoking toplevel() on ptolemy.moml.MoMLSimpleApplication@54a3924e
----------------- Done invoking toplevel() on ptolemy.moml.MoMLSimpleApplication@54a3924e
reloadAllAccessors: .sizedarray1

===========================================================================================
----------------- testing Sat Jun 06 14:39:09 UTC 2020 /home/travis/build/icyphy/ptII/ptolemy/actor/lib/test/auto/sizedarray2.xml
----------------- Instantiating /home/travis/build/icyphy/ptII/ptolemy/actor/lib/test/auto/sizedarray2.xml
2 ms. Memory: 683008K Free: 555006K (81%)
----------------- Invoking toplevel() on ptolemy.moml.MoMLSimpleApplication@6114fe58
----------------- Done invoking toplevel() on ptolemy.moml.MoMLSimpleApplication@6114fe58
reloadAllAccessors: .sizedarray2

===========================================================================================
----------------- testing Sat Jun 06 14:39:09 UTC 2020 /home/travis/build/icyphy/ptII/ptolemy/actor/lib/test/auto/twoPublishers.xml
----------------- Instantiating /home/travis/build/icyphy/ptII/ptolemy/actor/lib/test/auto/twoPublishers.xml
5 ms. Memory: 683008K Free: 544766K (80%)
----------------- Invoking toplevel() on ptolemy.moml.MoMLSimpleApplication@4ab4b69f
----------------- Done invoking toplevel() on ptolemy.moml.MoMLSimpleApplication@4ab4b69f
reloadAllAccessors: .twoPublishers
AutoTests.java: About to close Vertx.
AutoTests.java: Vertx closed.
]]></system-out>
  <system-err><![CDATA[java.lang.RuntimeException: Execution failed
	at ptolemy.moml.MoMLSimpleApplication$UnloadThread.run(MoMLSimpleApplication.java:402)
Caused by: java.lang.RuntimeException: StringUtilities.exit() was called. Normally, we would exit here because Manager.exitAfterWrapup() was called.  However, because the ptolemy.ptII.exitAfterWrapup property is set, we throw this exception instead.
	at ptolemy.util.StringUtilities.exit(StringUtilities.java:365)
	at ptolemy.actor.Manager.wrapup(Manager.java:1549)
	at ptolemy.actor.Manager.execute(Manager.java:407)
	at ptolemy.actor.Manager.run(Manager.java:1263)
	at ptolemy.actor.Manager$PtolemyRunThread.run(Manager.java:1933)
Warning: '.top.test' is in training mode, set the trainingMode parameter to false before checking in
Warning: '.top.test' is in training mode, set the trainingMode parameter to false before checking in
Warning: '.top.test' is in training mode, set the trainingMode parameter to false before checking in
Warning: '.BooleanSwitch_RegressionTest_WrongTrainingValues.Test' is in training mode, set the trainingMode parameter to false before checking in
Warning: '.BooleanSwitch_RegressionTest_WrongTrainingValues.Test2' is in training mode, set the trainingMode parameter to false before checking in
Warning: '.BooleanSwitch_RegressionTest_WrongTrainingValues.Test2' The test produced 0 tokens.
Warning: '.top.testExceptionHandler' is in training mode, set the trainingMode parameter to false before checking in
java.lang.RuntimeException: Execution failed
	at ptolemy.moml.MoMLSimpleApplication$UnloadThread.run(MoMLSimpleApplication.java:402)
Caused by: ptolemy.kernel.util.IllegalActionException: PublisherPorts cannot be used at the top level, use a Publisher actor instead.
  in .PublisherPortToplevelSubscriber.PublisherPort
	at ptolemy.actor.PublisherPort.preinitialize(PublisherPort.java:403)
	at ptolemy.actor.CompositeActor.preinitialize(CompositeActor.java:1769)
	at ptolemy.actor.Manager.preinitializeAndResolveTypes(Manager.java:1040)
	at ptolemy.actor.Manager.initialize(Manager.java:710)
	at ptolemy.actor.Manager.execute(Manager.java:356)
	at ptolemy.actor.Manager.run(Manager.java:1263)
	at ptolemy.actor.Manager$PtolemyRunThread.run(Manager.java:1933)
java.lang.reflect.InvocationTargetException
	at java.base/jdk.internal.reflect.NativeConstructorAccessorImpl.newInstance0(Native Method)
	at java.base/jdk.internal.reflect.NativeConstructorAccessorImpl.newInstance(NativeConstructorAccessorImpl.java:62)
	at java.base/jdk.internal.reflect.DelegatingConstructorAccessorImpl.newInstance(DelegatingConstructorAccessorImpl.java:45)
	at java.base/java.lang.reflect.Constructor.newInstance(Constructor.java:490)
	at ptolemy.util.test.junit.AutoKnownFailedTests.RunModel(AutoKnownFailedTests.java:105)
	at java.base/jdk.internal.reflect.NativeMethodAccessorImpl.invoke0(Native Method)
	at java.base/jdk.internal.reflect.NativeMethodAccessorImpl.invoke(NativeMethodAccessorImpl.java:62)
	at java.base/jdk.internal.reflect.DelegatingMethodAccessorImpl.invoke(DelegatingMethodAccessorImpl.java:43)
	at java.base/java.lang.reflect.Method.invoke(Method.java:566)
	at org.junit.runners.model.FrameworkMethod$1.runReflectiveCall(FrameworkMethod.java:44)
	at org.junit.internal.runners.model.ReflectiveCallable.run(ReflectiveCallable.java:15)
	at org.junit.runners.model.FrameworkMethod.invokeExplosively(FrameworkMethod.java:41)
	at junitparams.internal.InvokeParameterisedMethod.evaluate(InvokeParameterisedMethod.java:102)
	at org.junit.internal.runners.statements.FailOnTimeout$1.run(FailOnTimeout.java:28)
Caused by: ptolemy.kernel.util.IllegalActionException: PublisherPorts cannot be used at the top level, use a Publisher actor instead.
  in .PublisherPortToplevelSubscriber.PublisherPort
	at ptolemy.actor.PublisherPort.preinitialize(PublisherPort.java:403)
	at ptolemy.actor.CompositeActor.preinitialize(CompositeActor.java:1769)
	at ptolemy.actor.Manager.preinitializeAndResolveTypes(Manager.java:1040)
	at ptolemy.actor.Manager.initialize(Manager.java:710)
	at ptolemy.actor.Manager.execute(Manager.java:356)
	at ptolemy.actor.Manager.run(Manager.java:1263)
	at ptolemy.actor.Manager$PtolemyRunThread.run(Manager.java:1933)
java.lang.RuntimeException: Execution failed
	at ptolemy.moml.MoMLSimpleApplication$UnloadThread.run(MoMLSimpleApplication.java:402)
Caused by: ptolemy.kernel.util.IllegalActionException: SubscriberPorts cannot be used at the top level, use a Subscriber actor instead.
  in .PublisherSubscriberPortToplevel.SubscriberPort
	at ptolemy.actor.SubscriberPort.preinitialize(SubscriberPort.java:328)
	at ptolemy.actor.CompositeActor.preinitialize(CompositeActor.java:1769)
	at ptolemy.actor.Manager.preinitializeAndResolveTypes(Manager.java:1040)
	at ptolemy.actor.Manager.initialize(Manager.java:710)
	at ptolemy.actor.Manager.execute(Manager.java:356)
	at ptolemy.actor.Manager.run(Manager.java:1263)
	at ptolemy.actor.Manager$PtolemyRunThread.run(Manager.java:1933)
java.lang.reflect.InvocationTargetException
	at java.base/jdk.internal.reflect.NativeConstructorAccessorImpl.newInstance0(Native Method)
	at java.base/jdk.internal.reflect.NativeConstructorAccessorImpl.newInstance(NativeConstructorAccessorImpl.java:62)
	at java.base/jdk.internal.reflect.DelegatingConstructorAccessorImpl.newInstance(DelegatingConstructorAccessorImpl.java:45)
	at java.base/java.lang.reflect.Constructor.newInstance(Constructor.java:490)
	at ptolemy.util.test.junit.AutoKnownFailedTests.RunModel(AutoKnownFailedTests.java:105)
	at java.base/jdk.internal.reflect.NativeMethodAccessorImpl.invoke0(Native Method)
	at java.base/jdk.internal.reflect.NativeMethodAccessorImpl.invoke(NativeMethodAccessorImpl.java:62)
	at java.base/jdk.internal.reflect.DelegatingMethodAccessorImpl.invoke(DelegatingMethodAccessorImpl.java:43)
	at java.base/java.lang.reflect.Method.invoke(Method.java:566)
	at org.junit.runners.model.FrameworkMethod$1.runReflectiveCall(FrameworkMethod.java:44)
	at org.junit.internal.runners.model.ReflectiveCallable.run(ReflectiveCallable.java:15)
	at org.junit.runners.model.FrameworkMethod.invokeExplosively(FrameworkMethod.java:41)
	at junitparams.internal.InvokeParameterisedMethod.evaluate(InvokeParameterisedMethod.java:102)
	at org.junit.internal.runners.statements.FailOnTimeout$1.run(FailOnTimeout.java:28)
Caused by: ptolemy.kernel.util.IllegalActionException: SubscriberPorts cannot be used at the top level, use a Subscriber actor instead.
  in .PublisherSubscriberPortToplevel.SubscriberPort
	at ptolemy.actor.SubscriberPort.preinitialize(SubscriberPort.java:328)
	at ptolemy.actor.CompositeActor.preinitialize(CompositeActor.java:1769)
	at ptolemy.actor.Manager.preinitializeAndResolveTypes(Manager.java:1040)
	at ptolemy.actor.Manager.initialize(Manager.java:710)
	at ptolemy.actor.Manager.execute(Manager.java:356)
	at ptolemy.actor.Manager.run(Manager.java:1263)
	at ptolemy.actor.Manager$PtolemyRunThread.run(Manager.java:1933)
java.lang.RuntimeException: Execution failed
	at ptolemy.moml.MoMLSimpleApplication$UnloadThread.run(MoMLSimpleApplication.java:402)
Caused by: ptolemy.kernel.util.IllegalActionException: SubscriptionAggregatorPorts cannot be used at the top level, use a SubscriptionAggregator actor instead.
  in .PublisherSubscriptionAggregatorPort.SubscriptionAggregatorPort
	at ptolemy.actor.SubscriptionAggregatorPort.preinitialize(SubscriptionAggregatorPort.java:353)
	at ptolemy.actor.CompositeActor.preinitialize(CompositeActor.java:1769)
	at ptolemy.actor.Manager.preinitializeAndResolveTypes(Manager.java:1040)
	at ptolemy.actor.Manager.initialize(Manager.java:710)
	at ptolemy.actor.Manager.execute(Manager.java:356)
	at ptolemy.actor.Manager.run(Manager.java:1263)
	at ptolemy.actor.Manager$PtolemyRunThread.run(Manager.java:1933)
java.lang.reflect.InvocationTargetException
	at java.base/jdk.internal.reflect.NativeConstructorAccessorImpl.newInstance0(Native Method)
	at java.base/jdk.internal.reflect.NativeConstructorAccessorImpl.newInstance(NativeConstructorAccessorImpl.java:62)
	at java.base/jdk.internal.reflect.DelegatingConstructorAccessorImpl.newInstance(DelegatingConstructorAccessorImpl.java:45)
	at java.base/java.lang.reflect.Constructor.newInstance(Constructor.java:490)
	at ptolemy.util.test.junit.AutoKnownFailedTests.RunModel(AutoKnownFailedTests.java:105)
	at java.base/jdk.internal.reflect.NativeMethodAccessorImpl.invoke0(Native Method)
	at java.base/jdk.internal.reflect.NativeMethodAccessorImpl.invoke(NativeMethodAccessorImpl.java:62)
	at java.base/jdk.internal.reflect.DelegatingMethodAccessorImpl.invoke(DelegatingMethodAccessorImpl.java:43)
	at java.base/java.lang.reflect.Method.invoke(Method.java:566)
	at org.junit.runners.model.FrameworkMethod$1.runReflectiveCall(FrameworkMethod.java:44)
	at org.junit.internal.runners.model.ReflectiveCallable.run(ReflectiveCallable.java:15)
	at org.junit.runners.model.FrameworkMethod.invokeExplosively(FrameworkMethod.java:41)
	at junitparams.internal.InvokeParameterisedMethod.evaluate(InvokeParameterisedMethod.java:102)
	at org.junit.internal.runners.statements.FailOnTimeout$1.run(FailOnTimeout.java:28)
Caused by: ptolemy.kernel.util.IllegalActionException: SubscriptionAggregatorPorts cannot be used at the top level, use a SubscriptionAggregator actor instead.
  in .PublisherSubscriptionAggregatorPort.SubscriptionAggregatorPort
	at ptolemy.actor.SubscriptionAggregatorPort.preinitialize(SubscriptionAggregatorPort.java:353)
	at ptolemy.actor.CompositeActor.preinitialize(CompositeActor.java:1769)
	at ptolemy.actor.Manager.preinitializeAndResolveTypes(Manager.java:1040)
	at ptolemy.actor.Manager.initialize(Manager.java:710)
	at ptolemy.actor.Manager.execute(Manager.java:356)
	at ptolemy.actor.Manager.run(Manager.java:1263)
	at ptolemy.actor.Manager$PtolemyRunThread.run(Manager.java:1933)
java.lang.RuntimeException: Execution failed
	at ptolemy.moml.MoMLSimpleApplication$UnloadThread.run(MoMLSimpleApplication.java:402)
Caused by: ptolemy.kernel.util.IllegalActionException: TypeTest actor has no training data.
  in .sizedarray3.TypeTest
	at ptolemy.actor.lib.TypeTest.initialize(TypeTest.java:250)
	at ptolemy.actor.Director.initialize(Director.java:938)
	at ptolemy.actor.Director.initialize(Director.java:907)
	at ptolemy.actor.sched.StaticSchedulingDirector.initialize(StaticSchedulingDirector.java:159)
	at ptolemy.domains.sdf.kernel.SDFDirector.initialize(SDFDirector.java:544)
	at ptolemy.actor.CompositeActor.initialize(CompositeActor.java:935)
	at ptolemy.actor.Manager.initialize(Manager.java:724)
	at ptolemy.actor.Manager.execute(Manager.java:356)
	at ptolemy.actor.Manager.run(Manager.java:1263)
	at ptolemy.actor.Manager$PtolemyRunThread.run(Manager.java:1933)
java.lang.reflect.InvocationTargetException
	at java.base/jdk.internal.reflect.NativeConstructorAccessorImpl.newInstance0(Native Method)
	at java.base/jdk.internal.reflect.NativeConstructorAccessorImpl.newInstance(NativeConstructorAccessorImpl.java:62)
	at java.base/jdk.internal.reflect.DelegatingConstructorAccessorImpl.newInstance(DelegatingConstructorAccessorImpl.java:45)
	at java.base/java.lang.reflect.Constructor.newInstance(Constructor.java:490)
	at ptolemy.util.test.junit.AutoKnownFailedTests.RunModel(AutoKnownFailedTests.java:105)
	at java.base/jdk.internal.reflect.NativeMethodAccessorImpl.invoke0(Native Method)
	at java.base/jdk.internal.reflect.NativeMethodAccessorImpl.invoke(NativeMethodAccessorImpl.java:62)
	at java.base/jdk.internal.reflect.DelegatingMethodAccessorImpl.invoke(DelegatingMethodAccessorImpl.java:43)
	at java.base/java.lang.reflect.Method.invoke(Method.java:566)
	at org.junit.runners.model.FrameworkMethod$1.runReflectiveCall(FrameworkMethod.java:44)
	at org.junit.internal.runners.model.ReflectiveCallable.run(ReflectiveCallable.java:15)
	at org.junit.runners.model.FrameworkMethod.invokeExplosively(FrameworkMethod.java:41)
	at junitparams.internal.InvokeParameterisedMethod.evaluate(InvokeParameterisedMethod.java:102)
	at org.junit.internal.runners.statements.FailOnTimeout$1.run(FailOnTimeout.java:28)
Caused by: ptolemy.kernel.util.IllegalActionException: TypeTest actor has no training data.
  in .sizedarray3.TypeTest
	at ptolemy.actor.lib.TypeTest.initialize(TypeTest.java:250)
	at ptolemy.actor.Director.initialize(Director.java:938)
	at ptolemy.actor.Director.initialize(Director.java:907)
	at ptolemy.actor.sched.StaticSchedulingDirector.initialize(StaticSchedulingDirector.java:159)
	at ptolemy.domains.sdf.kernel.SDFDirector.initialize(SDFDirector.java:544)
	at ptolemy.actor.CompositeActor.initialize(CompositeActor.java:935)
	at ptolemy.actor.Manager.initialize(Manager.java:724)
	at ptolemy.actor.Manager.execute(Manager.java:356)
	at ptolemy.actor.Manager.run(Manager.java:1263)
	at ptolemy.actor.Manager$PtolemyRunThread.run(Manager.java:1933)
]]></system-err>
</testsuite>
