<?xml version="1.0" encoding="UTF-8" ?>
<testsuite errors="0" failures="0" hostname="travis-job-0668f4a7-68a1-4219-8e13-3a73c6fe03cc" name="ptolemy.actor.lib.test.junit.JUnitTclTest" skipped="0" tests="517" time="64.211" timestamp="2020-10-16T13:49:03">
  <properties>
    <property name="npm.executable" value="npm" />
    <property name="env.TRAVIS_ROOT" value="/" />
    <property name="ptII.mk.exists" value="true" />
    <property name="env.TRAVIS_APP_HOST" value="build.travis-ci.com" />
    <property name="env.rvm_bin_path" value="/home/travis/.rvm/bin" />
    <property name="java.home" value="/usr/local/lib/jvm/openjdk11" />
    <property name="env.TRAVIS_JOB_NUMBER" value="1800.8" />
    <property name="env.TRAVIS_HOME" value="/home/travis" />
    <property name="env.DISPLAY" value=":99.0" />
    <property name="env.TRAVIS_INIT" value="systemd" />
    <property name="env.SSH_TTY" value="/dev/pts/0" />
    <property name="java.net.preferIPv4Stack" value="true" />
    <property name="env.RUN_TESTS" value="true" />
    <property name="timeout.short" value="1000000" />
    <property name="junit.formatter" value="xml" />
    <property name="env.TRAVIS_SUDO" value="true" />
    <property name="env.TRAVIS_JOB_NAME" value="" />
    <property name="env.TRAVIS_STACK_NODE_ATTRIBUTES" value="/.node-attributes.yml" />
    <property name="env.LOGNAME" value="travis" />
    <property name="env.PT_TRAVIS_TEST_CORE1_XML" value="true" />
    <property name="jsdoc.home" value="node_modules/@terraswarm/jsdoc" />
    <property name="debuglevel" value="source,lines,vars" />
    <property name="checkstyle.formatter" value="xml" />
    <property name="bin.vergil.makeable" value="true" />
    <property name="sun.os.patch.level" value="unknown" />
    <property name="java.vendor.url" value="http://java.oracle.com/" />
    <property name="env.TRAVIS_BUILD_WEB_URL" value="https://travis-ci.com/icyphy/ptII/builds/190474763" />
    <property name="java.version" value="11.0.2" />
    <property name="env.TZ" value="UTC" />
    <property name="env.TRAVIS_PULL_REQUEST_SHA" value="" />
    <property name="env.PT_NO_NET" value="true" />
    <property name="env.TRAVIS_SECURE_ENV_VARS" value="true" />
    <property name="java.vendor.url.bug" value="http://bugreport.java.com/bugreport/" />
    <property name="npmjs-org-is-up" value="true" />
    <property name="env.LANGUAGE" value="en_US.UTF-8" />
    <property name="env.SSH_CLIENT" value="10.16.0.21 40098 22" />
    <property name="env.GEM_HOME" value="/home/travis/.rvm/gems/ruby-2.5.3" />
    <property name="env.HAS_ANTARES_THREE_LITTLE_FRONZIES_BADGE" value="true" />
    <property name="java.version.date" value="2019-01-15" />
    <property name="env.PS4" value="+" />
    <property name="ant.project.invoked-targets" value="build,test.core1.xml" />
    <property name="env.TRAVIS_PULL_REQUEST_BRANCH" value="" />
    <property name="env.TRAVIS_REPO_SLUG" value="icyphy/ptII" />
    <property name="env.XDG_DATA_DIRS" value="/usr/local/share:/usr/share:/var/lib/snapd/desktop" />
    <property name="jdk.debug" value="release" />
    <property name="env.TRAVIS_APT_PROXY" value="http://build-cache.travisci.net" />
    <property name="env.TRAVIS_CPU_ARCH" value="amd64" />
    <property name="node.in.path" value="true" />
    <property name="user.name" value="travis" />
    <property name="java.maxmemory" value="1400m" />
    <property name="env.RUBY_VERSION" value="ruby-2.5.3" />
    <property name="env.LANG" value="en_US.UTF-8" />
    <property name="sun.io.unicode.encoding" value="UnicodeLittle" />
    <property name="sun.jnu.encoding" value="UTF-8" />
    <property name="java.runtime.name" value="OpenJDK Runtime Environment" />
    <property name="usefile" value="false" />
    <property name="return.code" value="0" />
    <property name="junit.single.formatter" value="plain" />
    <property name="env.DYLD_LIBRARY_PATH" value="/home/travis/pthla/certi-tools/lib:" />
    <property name="env.DEBIAN_FRONTEND" value="noninteractive" />
    <property name="env.SSH_CONNECTION" value="10.16.0.21 40098 10.30.3.136 22" />
    <property name="env.MYSQL_UNIX_PORT" value="/var/run/mysqld/mysqld.sock" />
    <property name="env.LC_ALL" value="en_US.UTF-8" />
    <property name="env.TRAVIS_ALLOW_FAILURE" value="" />
    <property name="env.TRAVIS_JOB_WEB_URL" value="https://travis-ci.com/icyphy/ptII/jobs/400651236" />
    <property name="java.specification.name" value="Java Platform API Specification" />
    <property name="node.works" value="true" />
    <property name="user.timezone" value="" />
    <property name="path.separator" value=":" />
    <property name="env.TRAVIS_ENABLE_INFRA_DETECTION" value="true" />
    <property name="env.PYTHON_CFLAGS" value="-g -fstack-protector --param=ssp-buffer-size=4 -Wformat -Werror=format-security" />
    <property name="timeout.long" value="4000000" />
    <property name="env.CERTI_HOME" value="/home/travis/pthla/certi-tools" />
    <property name="ant.file.ptII" value="/home/travis/build/icyphy/ptII/build.xml" />
    <property name="javadoc.packagenames" value="com.*,diva.*,lbnl.*,org.hlacerti.*,org.json.*,org.ptolemy.*,org.terraswarm.*,ptolemy.*,ptserver.*" />
    <property name="file.encoding" value="UTF-8" />
    <property name="env.TRAVIS_PULL_REQUEST_SLUG" value="" />
    <property name="ant.project.default-target" value="build" />
    <property name="env.GIT_ASKPASS" value="echo" />
    <property name="env.HOME" value="/home/travis" />
    <property name="sun.java.command" value="org.apache.tools.ant.taskdefs.optional.junit.JUnitTestRunner ptolemy.actor.lib.test.junit.JUnitTclTest skipNonTests=false filtertrace=true haltOnError=false haltOnFailure=false formatter=org.apache.tools.ant.taskdefs.optional.junit.OutErrSummaryJUnitResultFormatter showoutput=true outputtoformatters=true logfailedtests=true threadid=0 logtestlistenerevents=false formatter=org.apache.tools.ant.taskdefs.optional.junit.XMLJUnitResultFormatter,/home/travis/build/icyphy/ptII/reports/junit/TEST-ptolemy.actor.lib.test.junit.JUnitTclTest.xml crashfile=/home/travis/build/icyphy/ptII/junitvmwatcher8422208609043142605.properties propsfile=/home/travis/build/icyphy/ptII/junit2751340516045068931.properties" />
    <property name="env.COMPOSER_NO_INTERACTION" value="1" />
    <property name="env.MANPATH" value="/home/travis/.nvm/versions/node/v7.10.1/share/man:/home/travis/.rvm/rubies/ruby-2.5.3/share/man:/usr/local/cmake-3.12.4/man:/usr/local/clang-7.0.0/share/man:/usr/local/man:/usr/local/share/man:/usr/share/man:/home/travis/.rvm/man" />
    <property name="env.TRAVIS_TIMER_ID" value="09782e50" />
    <property name="ant.file" value="/home/travis/build/icyphy/ptII/build.xml" />
    <property name="env.TRAVIS_COMMIT_RANGE" value="742482002550...8f4ad28aa53c" />
    <property name="ptII.classpath.optional.property" value="/home/travis/build/icyphy/ptII/lib/bsh-2.0b4.jar:/home/travis/build/icyphy/ptII/lib/ptCal.jar:/home/travis/build/icyphy/ptII/lib/java_cup.jar:/home/travis/build/icyphy/ptII/lib/saxon8.jar:/home/travis/build/icyphy/ptII/lib/saxon8-dom.jar:/home/travis/build/icyphy/ptII/lib/chic.jar:/home/travis/build/icyphy/ptII/lib/ptcolt.jar:/home/travis/build/icyphy/ptII/vendors/misc/itext/iText.jar:/home/travis/build/icyphy/ptII/lib/g4ltl.jar:/home/travis/build/icyphy/ptII/lib/StructuralCoder.jar:/home/travis/build/icyphy/ptII/lib/jcerti.jar:/home/travis/build/icyphy/ptII/lib/javax.mail.jar:/home/travis/build/icyphy/ptII/vendors/JMF-2.1.1e/lib/jmf.jar:/home/travis/build/icyphy/ptII/lib/jna-4.0.0-variadic.jar:/home/travis/build/icyphy/ptII/vendors/misc/joystick/Joystick.jar:/home/travis/build/icyphy/ptII/lib/ptjacl.jar:/home/travis/build/icyphy/ptII/lib/jsoup-1.8.2.jar:/home/travis/build/icyphy/ptII/lib/junit-4.8.2.jar:/home/travis/build/icyphy/ptII/lib/JUnitParams-0.4.0.jar:/home/travis/build/icyphy/ptII/ptolemy/actor/lib/excel/jxl.jar:/home/travis/build/icyphy/ptII/lib/jython.jar:/home/travis/build/icyphy/ptII/lib/kieler.jar:/home/travis/build/icyphy/ptII/vendors/opencv/share/OpenCV/java/opencv-341.jar:/home/travis/build/icyphy/ptII/lib/oscP5.jar:/home/travis/build/icyphy/ptII/lib/nrjavaserial-3.11.0.devel.jar:/home/travis/build/icyphy/ptII/vendors/j3d/lib/Linux/j3dcore.jar:/home/travis/build/icyphy/ptII/vendors/j3d/lib/Linux/j3dutils.jar:/home/travis/build/icyphy/ptII/vendors/j3d/lib/Linux/vecmath.jar:/home/travis/build/icyphy/ptII/vendors/jogl/lib/Linux/gluegen-rt-natives-linux-amd64.jar:/home/travis/build/icyphy/ptII/vendors/jogl/lib/Linux/gluegen-rt.jar:/home/travis/build/icyphy/ptII/vendors/jogl/lib/Linux/jogl-all-natives-linux-amd64.jar:/home/travis/build/icyphy/ptII/vendors/jogl/lib/Linux/jogl-all.jar:/home/travis/build/icyphy/ptII/ptolemy/distributed/jini/jar/jini-core.jar:/home/travis/build/icyphy/ptII/ptolemy/distributed/jini/jar/jini-ext.jar:/home/travis/build/icyphy/ptII/ptolemy/distributed/jini/jar/sun-util.jar:/home/travis/build/icyphy/ptII/lib/protobuf-java-2.4.1.jar:/home/travis/build/icyphy/ptII/lib/org.eclipse.paho.client.mqttv3.jar:/home/travis/build/icyphy/ptII/lib/mapss.jar:/home/travis/build/icyphy/ptII/ptolemy/actor/ptalon/antlr/antlr.jar:/home/travis/build/icyphy/ptII/lib/JRI.jar:/home/travis/build/icyphy/ptII/lib/commons-lang-2.6.jar:/home/travis/build/icyphy/ptII/lib/commons-logging-1.1.1.jar:/home/travis/build/icyphy/ptII/lib/sootclasses.jar:/home/travis/build/icyphy/ptII/ptolemy/actor/lib/database/mysql-connector-java-5.1.6-bin.jar:/home/travis/build/icyphy/ptII/vendors/misc/sphinx4/sphinx4-data-5prealpha.jar:/home/travis/build/icyphy/ptII/vendors/misc/sphinx4/sphinx4-core-5prealpha.jar:/home/travis/build/icyphy/ptII/lib/PDFRenderer.jar:/home/travis/build/icyphy/ptII/lib/svgSalamander.jar:/home/travis/build/icyphy/ptII/lib/rsyntaxtextarea-2.6.0-SNAPSHOT.jar:/home/travis/build/icyphy/ptII/lib/hazelcast-3.8.2.jar:/home/travis/build/icyphy/ptII/lib/jackson-annotations-2.9.0.jar:/home/travis/build/icyphy/ptII/lib/jackson-core-2.9.3.jar:/home/travis/build/icyphy/ptII/lib/jackson-databind-2.9.3.jar:/home/travis/build/icyphy/ptII/lib/netty-buffer-4.1.19.Final.jar:/home/travis/build/icyphy/ptII/lib/netty-codec-4.1.19.Final.jar:/home/travis/build/icyphy/ptII/lib/netty-codec-dns-4.1.19.Final.jar:/home/travis/build/icyphy/ptII/lib/netty-codec-http-4.1.19.Final.jar:/home/travis/build/icyphy/ptII/lib/netty-codec-http2-4.1.19.Final.jar:/home/travis/build/icyphy/ptII/lib/netty-common-4.1.19.Final.jar:/home/travis/build/icyphy/ptII/lib/netty-handler-4.1.19.Final.jar:/home/travis/build/icyphy/ptII/lib/netty-resolver-4.1.19.Final.jar:/home/travis/build/icyphy/ptII/lib/netty-resolver-dns-4.1.19.Final.jar:/home/travis/build/icyphy/ptII/lib/netty-transport-4.1.19.Final.jar:/home/travis/build/icyphy/ptII/lib/vertx-codegen-3.5.1.jar:/home/travis/build/icyphy/ptII/lib/vertx-core-3.5.2-SNAPSHOT.jar:/home/travis/build/icyphy/ptII/lib/vertx-hazelcast-3.5.1.jar:/home/travis/build/icyphy/ptII/lib/vertx-lang-js-3.5.1.jar:/home/travis/build/icyphy/ptII/lib/vertx-service-proxy-3.5.1.jar:/home/travis/build/icyphy/ptII/lib/vertx-web-3.5.1.jar:/home/travis/build/icyphy/ptII/lib/slf4j-api-1.7.13.jar:/home/travis/build/icyphy/ptII/lib/slf4j-simple-1.7.13.jar:/home/travis/build/icyphy/ptII/lib/webcam-capture-0.3.12.jar:/home/travis/build/icyphy/ptII/lib/bridj-0.7.0.jar:/home/travis/build/icyphy/ptII/lib/xbjlib-1.1.0.nrjavaserial.jar" />
    <property name="timeout" value="2400000" />
    <property name="test.batch" value="**/junit/*.java" />
    <property name="env._" value="/usr/bin/timeout" />
    <property name="java.io.tmpdir" value="/tmp" />
    <property name="user.language" value="en" />
    <property name="env.TRAVIS_INTERNAL_RUBY_REGEX" value="^ruby-(2\.[0-4]\.[0-9]|1\.9\.3)" />
    <property name="env.HISTCONTROL" value="ignoredups:ignorespace" />
    <property name="env.GOROOT" value="/home/travis/.gimme/versions/go1.11.1.linux.amd64" />
    <property name="line.separator" value="&#xa;" />
    <property name="target" value="11" />
    <property name="env.TRAVIS_BUILD_DIR" value="/home/travis/build/icyphy/ptII" />
    <property name="env.ANT_OPTS" value="-Xmx2048m" />
    <property name="ant.file.type" value="file" />
    <property name="ptolemy.ptII.batchMode" value="true" />
    <property name="env.HISTSIZE" value="1000" />
    <property name="env.MERB_ENV" value="test" />
    <property name="java.vm.info" value="mixed mode" />
    <property name="source" value="11" />
    <property name="java.vm.specification.name" value="Java Virtual Machine Specification" />
    <property name="env.TRAVIS_TEST_RESULT" value="0" />
    <property name="jsdoc.command" value="node_modules/@terraswarm/jsdoc/jsdoc.js" />
    <property name="npm.works" value="true" />
    <property name="cobertura.dir" value="/home/travis/build/icyphy/ptII/vendors/cobertura-2.0.3" />
    <property name="jsdoc.command.exists" value="true" />
    <property name="env.rvm_path" value="/home/travis/.rvm" />
    <property name="env.GEM_PATH" value="/home/travis/.rvm/gems/ruby-2.5.3:/home/travis/.rvm/gems/ruby-2.5.3@global" />
    <property name="env.LC_CTYPE" value="en_US.UTF-8" />
    <property name="env.TRAVIS_CMD" value="$PTII/bin/ptIITravisBuild.sh $SECONDS" />
    <property name="java.awt.printerjob" value="sun.print.PSPrinterJob" />
    <property name="env.TRAVIS_STACK_NAME" value="sardonyx" />
    <property name="env.TRAVIS_TIMER_START_TIME" value="1602855423967603650" />
    <property name="ant.version" value="Apache Ant(TM) version 1.10.1 compiled on February 2 2017" />
    <property name="ptII.reports" value="/home/travis/build/icyphy/ptII/reports" />
    <property name="env.TRAVIS_STACK_TIMESTAMP" value="2020-06-24 13:13:18 UTC" />
    <property name="ant.file.type.ptII" value="file" />
    <property name="env.RBENV_SHELL" value="bash" />
    <property name="os.name" value="Linux" />
    <property name="java.specification.vendor" value="Oracle Corporation" />
    <property name="env.rvm_version" value="1.29.10 (latest)" />
    <property name="env.TRAVIS_INFRA" value="unknown" />
    <property name="env.TERM" value="xterm" />
    <property name="java.vm.name" value="OpenJDK 64-Bit Server VM" />
    <property name="env.TRAVIS_BUILD_NUMBER" value="1800" />
    <property name="env.CI" value="true" />
    <property name="java.library.path" value="/home/travis/pthla/certi-tools/lib:/usr/lib/jni:/usr/local/share/OpenCV/java/:/usr/share/OpenCV/java::/usr/java/packages/lib:/usr/lib64:/lib64:/lib:/usr/lib" />
    <property name="jdk.module.path" value="/home/travis/build/icyphy/ptII/vendors/javafx/javafx-sdk-11.0.2/lib:" />
    <property name="env.rvm_prefix" value="/home/travis" />
    <property name="env.PATH" value="/home/travis/pthla/certi-tools/share/scripts:/home/travis/.rvm/gems/ruby-2.5.3/bin:/home/travis/.rvm/gems/ruby-2.5.3@global/bin:/home/travis/.rvm/rubies/ruby-2.5.3/bin:/home/travis/.rvm/bin:/home/travis/.nvm/versions/node/v7.10.1/bin:./node_modules/.bin:/home/travis/build/icyphy/ptII/bin:/home/travis/pthla/certi-tools/bin:/home/travis/bin:/home/travis/.local/bin:/usr/local/lib/jvm/openjdk11/bin:/opt/pyenv/shims:/home/travis/.phpenv/shims:/home/travis/perl5/perlbrew/bin:/home/travis/gopath/bin:/home/travis/.gimme/versions/go1.11.1.linux.amd64/bin:/usr/local/maven-3.6.3/bin:/usr/local/cmake-3.12.4/bin:/usr/local/clang-7.0.0/bin:/usr/local/sbin:/usr/local/bin:/usr/sbin:/usr/bin:/sbin:/bin:/snap/bin:/home/travis/.phpenv/bin:/opt/pyenv/bin:/home/travis/.yarn/bin" />
    <property name="env.TRAVIS_OS_NAME" value="linux" />
    <property name="ant.java.version" value="9" />
    <property name="basedir" value="/home/travis/build/icyphy/ptII" />
    <property name="java.class.version" value="55.0" />
    <property name="env.SHLVL" value="3" />
    <property name="env.LD_LIBRARY_PATH" value="/home/travis/pthla/certi-tools/lib:/usr/lib/jni:/usr/local/share/OpenCV/java/:/usr/share/OpenCV/java:" />
    <property name="env.RACK_ENV" value="test" />
    <property name="ant.home" value="/home/travis/build/icyphy/ptII/ant" />
    <property name="env.NVM_DIR" value="/home/travis/.nvm" />
    <property name="env.CERTI_FOM_PATH" value="/home/travis/pthla/certi-tools/share/federations" />
    <property name="env.TRAVIS_BUILD_ID" value="190474763" />
    <property name="env.PYENV_ROOT" value="/opt/pyenv" />
    <property name="env.TRAVIS_UID" value="2000" />
    <property name="prism.verbose" value="true" />
    <property name="env.NVM_BIN" value="/home/travis/.nvm/versions/node/v7.10.1/bin" />
    <property name="env.TRAVIS_COMMIT" value="8f4ad28aa53cc81362f26fdbf8d406fb619899a6" />
    <property name="node.executable" value="node" />
    <property name="sun.boot.library.path" value="/usr/local/lib/jvm/openjdk11/lib" />
    <property name="sun.management.compiler" value="HotSpot 64-Bit Tiered Compilers" />
    <property name="java.awt.graphicsenv" value="sun.awt.X11GraphicsEnvironment" />
    <property name="env.GOPATH" value="/home/travis/gopath" />
    <property name="ptolemy.ptII.dir" value="/home/travis/build/icyphy/ptII" />
    <property name="env.USER" value="travis" />
    <property name="env.HISTFILESIZE" value="2000" />
    <property name="env.NVM_INC" value="/home/travis/.nvm/versions/node/v7.10.1/include/node" />
    <property name="timeout.longest" value="19000000" />
    <property name="env.PERLBREW_SHELLRC_VERSION" value="0.88" />
    <property name="env.TRAVIS_STACK_FEATURES" value="basic couchdb disabled-ipv6 docker docker-compose elasticsearch firefox go-toolchain google-chrome jdk memcached mongodb mysql nodejs_interpreter perl_interpreter perlbrew phantomjs postgresql python_interpreter redis ruby_interpreter sqlite xserver" />
    <property name="env.TRAVIS_PULL_REQUEST" value="false" />
    <property name="env.PYENV_SHELL" value="bash" />
    <property name="ant.project.name" value="ptII" />
    <property name="env.ANSI_RESET" value="\033[0m" />
    <property name="java.vm.specification.version" value="11" />
    <property name="env.TRAVIS_DIST" value="xenial" />
    <property name="env.CERTI_VERSION" value="4.0.0" />
    <property name="env.CERTI_HOST" value="localhost" />
    <property name="awt.toolkit" value="sun.awt.X11.XToolkit" />
    <property name="env.MY_RUBY_HOME" value="/home/travis/.rvm/rubies/ruby-2.5.3" />
    <property name="sun.cpu.isalist" value="" />
    <property name="env.TRAVIS_TMPDIR" value="/tmp/tmp.j9kOipjKsE" />
    <property name="java.vm.compressedOopsMode" value="Zero based" />
    <property name="os.version" value="4.15.0-1077-gcp" />
    <property name="user.home" value="/home/travis" />
    <property name="java.vm.vendor" value="Oracle Corporation" />
    <property name="env.TRAVIS_TAG" value="nightly" />
    <property name="env.ANSI_YELLOW" value="\033[33;1m" />
    <property name="env.TRAVIS_FILTERED" value="redirect_io" />
    <property name="env.ANSI_GREEN" value="\033[32;1m" />
    <property name="env.JAVA_HOME" value="/usr/local/lib/jvm/openjdk11" />
    <property name="javadoc.excludepackagenames" value="adm.cvs2svn.*,build.*,config.*,doc.coding.templates.*,jni.test.jni.meaningOfLife.*,jni.test.jni.testDeux.*,jni.test.jni.testTrois.*,org.terraswarm.accessor.accessors.web.node_modules.*,org.terraswarm.accessor.accessors.web.hosts.cordova.demo.*,org.terraswarm.accessor.accessors.web.hosts.cordova.plugins.*,org.terraswarm.accessor.accessors-svn.*,pt-modules.*,ptolemy.apps.agilent.*,ptolemy.apps.anytimecontrol.*,ptolemy.apps.apes.*,ptolemy.apps.charon.*,ptolemy.apps.crazyboard.*,ptolemy.apps.eclipse.*,ptolemy.apps.etherealSting.*,ptolemy.apps.fullscreen.*,ptolemy.apps.giotto.*,ptolemy.apps.ia.*,ptolemy.apps.interfaces.*,ptolemy.apps.jmf.*,ptolemy.apps.kurt.*,ptolemy.apps.kvm.*,ptolemy.apps.lego.*,ptolemy.apps.lejos.*,ptolemy.apps.midp.*,ptolemy.apps.mobileCoding.*,ptolemy.apps.pendulum.*,ptolemy.apps.rijndael.*,ptolemy.apps.robot.*,ptolemy.apps.security.*,ptolemy.apps.sobel.*,ptolemy.apps.soot.*,ptolemy.apps.throttle.*,ptolemy.apps.tini.*,ptolemy.apps.transmission.*,ptolemy.apps.vergil.*,ptolemy.apps.waba.*,ptolemy.apps.websensor.*,ptolemy.apps.webstart.*,ptolemy.apps.xsl.*,ptolemy.apps.zaurus.*,ptolemy.codegen.c.actor.lib.oldJavaFiles.*,ptolemy.codegen.dsp.lib.*,ptolemy.codegen.kernel.newInterfaces.*,ptolemy.codegen.lib.*,ptolemy.copernicus.kernel.fragment.*,ptolemy.copernicus.shallow.cg.*,ptolemy.domains.giotto.demo.Hierarchy.Hierarchy.*,ptolemy.domains.giotto.demo.Multimode.Multimode.*,ptolemy.domains.giotto.demo.Simple.Simple.*,ptolemy.domains.gr.lib.experimental.*,ptolemy.domains.gro.*,ptolemy.domains.pdf.*,ptolemy.domains.ptinyos.demo.Surge.output.*,ptolemy.moml.test.NoPackageActor.java*,ptolemy.plot.adm.*,ptolemy.plot.servlet.*,reports.*,signed.*,src.*,target.*,vendors.*,ptolemy.copernicus.applet.*,ptolemy.media.viewer.*,ptolemy.actor.corba.*,doc.doclets.*,ptolemy.apps.eclipse.awt.*,ptolemy.backtrack.*,ptolemy.backtrack.ast.*,ptolemy.cg.adapter.generic.program.procedural.c.mbed*,ptolemy.homer.*,ptolemy.actor.lib.jai.*,org.ptolemy.scala.*,diva.util.java2d.svg.*,ptolemy.domains.ptinyos.*,ptolemy.actor.lib.fmi.fmipp.*,,org.terraswarm.accessor.accessors.web.node_modules.*,org.terraswarm.accessor.accessors-svn,ptolemy.apps.*,ptolemy.actor.ptalon.demo.ptinyos.SendAndReceiveCnt.output,ptolemy.actor.ptalon.demo.ptinyos.SenseToLeds.output,ptolemy.domains.ptinyos.demo.CntToLedsAndRfm.output,ptolemy.domains.ptinyos.demo.RfmToLeds.output,ptolemy.domains.ptinyos.demo.SendAndReceiveCnt.output,ptolemy.domains.ptinyos.demo.SenseToLeds.output,ptolemy.actor.lib.jjs.modules.udpSocket.*" />
    <property name="env.PTII" value="/home/travis/build/icyphy/ptII" />
    <property name="env.XDG_SESSION_ID" value="2" />
    <property name="keystore" value="ptKeystore" />
    <property name="env.TRAVIS_COMMIT_MESSAGE" value="Fixing federation name in some FED files and data types in some FDD files." />
    <property name="junit.output.dir" value="/home/travis/build/icyphy/ptII/reports/junit" />
    <property name="npm.return.code" value="0" />
    <property name="user.dir" value="/home/travis/build/icyphy/ptII/ptolemy/actor/lib/test" />
    <property name="env.TRAVIS_NODE_VERSION" value="7" />
    <property name="env.TRAVIS_EVENT_TYPE" value="push" />
    <property name="env.MAIL" value="/var/mail/travis" />
    <property name="env.PERLBREW_ROOT" value="/home/travis/perl5/perlbrew" />
    <property name="env.PWD" value="/home/travis/build/icyphy/ptII" />
    <property name="timeout.npm" value="45000" />
    <property name="env.TRAVIS_ARCH" value="amd64" />
    <property name="sun.cpu.endian" value="little" />
    <property name="env.PAGER" value="cat" />
    <property name="env.TRAVIS_BUILD_STAGE_NAME" value="test" />
    <property name="env.PERLBREW_HOME" value="/home/travis/.perlbrew" />
    <property name="java.vm.version" value="11.0.2+9" />
    <property name="env.RAILS_ENV" value="test" />
    <property name="java.class.path" value="/home/travis/.ptolemyII:/home/travis/.ptolemyII/*:/home/travis/build/icyphy/ptII:/home/travis/build/icyphy/ptII/lib/bsh-2.0b4.jar:/home/travis/build/icyphy/ptII/lib/ptCal.jar:/home/travis/build/icyphy/ptII/lib/java_cup.jar:/home/travis/build/icyphy/ptII/lib/saxon8.jar:/home/travis/build/icyphy/ptII/lib/saxon8-dom.jar:/home/travis/build/icyphy/ptII/lib/chic.jar:/home/travis/build/icyphy/ptII/lib/ptcolt.jar:/home/travis/build/icyphy/ptII/vendors/misc/itext/iText.jar:/home/travis/build/icyphy/ptII/lib/g4ltl.jar:/home/travis/build/icyphy/ptII/lib/StructuralCoder.jar:/home/travis/build/icyphy/ptII/lib/jcerti.jar:/home/travis/build/icyphy/ptII/lib/javax.mail.jar:/home/travis/build/icyphy/ptII/vendors/JMF-2.1.1e/lib/jmf.jar:/home/travis/build/icyphy/ptII/lib/jna-4.0.0-variadic.jar:/home/travis/build/icyphy/ptII/vendors/misc/joystick/Joystick.jar:/home/travis/build/icyphy/ptII/lib/ptjacl.jar:/home/travis/build/icyphy/ptII/lib/jsoup-1.8.2.jar:/home/travis/build/icyphy/ptII/lib/junit-4.8.2.jar:/home/travis/build/icyphy/ptII/lib/JUnitParams-0.4.0.jar:/home/travis/build/icyphy/ptII/ptolemy/actor/lib/excel/jxl.jar:/home/travis/build/icyphy/ptII/lib/jython.jar:/home/travis/build/icyphy/ptII/lib/kieler.jar:/home/travis/build/icyphy/ptII/vendors/opencv/share/OpenCV/java/opencv-341.jar:/home/travis/build/icyphy/ptII/lib/oscP5.jar:/home/travis/build/icyphy/ptII/lib/nrjavaserial-3.11.0.devel.jar:/home/travis/build/icyphy/ptII/vendors/j3d/lib/Linux/j3dcore.jar:/home/travis/build/icyphy/ptII/vendors/j3d/lib/Linux/j3dutils.jar:/home/travis/build/icyphy/ptII/vendors/j3d/lib/Linux/vecmath.jar:/home/travis/build/icyphy/ptII/vendors/jogl/lib/Linux/gluegen-rt-natives-linux-amd64.jar:/home/travis/build/icyphy/ptII/vendors/jogl/lib/Linux/gluegen-rt.jar:/home/travis/build/icyphy/ptII/vendors/jogl/lib/Linux/jogl-all-natives-linux-amd64.jar:/home/travis/build/icyphy/ptII/vendors/jogl/lib/Linux/jogl-all.jar:/home/travis/build/icyphy/ptII/ptolemy/distributed/jini/jar/jini-core.jar:/home/travis/build/icyphy/ptII/ptolemy/distributed/jini/jar/jini-ext.jar:/home/travis/build/icyphy/ptII/ptolemy/distributed/jini/jar/sun-util.jar:/home/travis/build/icyphy/ptII/lib/protobuf-java-2.4.1.jar:/home/travis/build/icyphy/ptII/lib/org.eclipse.paho.client.mqttv3.jar:/home/travis/build/icyphy/ptII/lib/mapss.jar:/home/travis/build/icyphy/ptII/ptolemy/actor/ptalon/antlr/antlr.jar:/home/travis/build/icyphy/ptII/lib/JRI.jar:/home/travis/build/icyphy/ptII/lib/commons-lang-2.6.jar:/home/travis/build/icyphy/ptII/lib/commons-logging-1.1.1.jar:/home/travis/build/icyphy/ptII/lib/sootclasses.jar:/home/travis/build/icyphy/ptII/ptolemy/actor/lib/database/mysql-connector-java-5.1.6-bin.jar:/home/travis/build/icyphy/ptII/vendors/misc/sphinx4/sphinx4-data-5prealpha.jar:/home/travis/build/icyphy/ptII/vendors/misc/sphinx4/sphinx4-core-5prealpha.jar:/home/travis/build/icyphy/ptII/lib/PDFRenderer.jar:/home/travis/build/icyphy/ptII/lib/svgSalamander.jar:/home/travis/build/icyphy/ptII/lib/rsyntaxtextarea-2.6.0-SNAPSHOT.jar:/home/travis/build/icyphy/ptII/lib/hazelcast-3.8.2.jar:/home/travis/build/icyphy/ptII/lib/jackson-annotations-2.9.0.jar:/home/travis/build/icyphy/ptII/lib/jackson-core-2.9.3.jar:/home/travis/build/icyphy/ptII/lib/jackson-databind-2.9.3.jar:/home/travis/build/icyphy/ptII/lib/netty-buffer-4.1.19.Final.jar:/home/travis/build/icyphy/ptII/lib/netty-codec-4.1.19.Final.jar:/home/travis/build/icyphy/ptII/lib/netty-codec-dns-4.1.19.Final.jar:/home/travis/build/icyphy/ptII/lib/netty-codec-http-4.1.19.Final.jar:/home/travis/build/icyphy/ptII/lib/netty-codec-http2-4.1.19.Final.jar:/home/travis/build/icyphy/ptII/lib/netty-common-4.1.19.Final.jar:/home/travis/build/icyphy/ptII/lib/netty-handler-4.1.19.Final.jar:/home/travis/build/icyphy/ptII/lib/netty-resolver-4.1.19.Final.jar:/home/travis/build/icyphy/ptII/lib/netty-resolver-dns-4.1.19.Final.jar:/home/travis/build/icyphy/ptII/lib/netty-transport-4.1.19.Final.jar:/home/travis/build/icyphy/ptII/lib/vertx-codegen-3.5.1.jar:/home/travis/build/icyphy/ptII/lib/vertx-core-3.5.2-SNAPSHOT.jar:/home/travis/build/icyphy/ptII/lib/vertx-hazelcast-3.5.1.jar:/home/travis/build/icyphy/ptII/lib/vertx-lang-js-3.5.1.jar:/home/travis/build/icyphy/ptII/lib/vertx-service-proxy-3.5.1.jar:/home/travis/build/icyphy/ptII/lib/vertx-web-3.5.1.jar:/home/travis/build/icyphy/ptII/lib/slf4j-api-1.7.13.jar:/home/travis/build/icyphy/ptII/lib/slf4j-simple-1.7.13.jar:/home/travis/build/icyphy/ptII/lib/webcam-capture-0.3.12.jar:/home/travis/build/icyphy/ptII/lib/bridj-0.7.0.jar:/home/travis/build/icyphy/ptII/lib/xbjlib-1.1.0.nrjavaserial.jar:/home/travis/build/icyphy/ptII/ptolemy/moml/test:/home/travis/build/icyphy/ptII/ant/lib/ant-launcher.jar:/home/travis/build/icyphy/ptII/ant/lib/ant.jar:/home/travis/build/icyphy/ptII/ant/lib/ant-junit.jar:/home/travis/build/icyphy/ptII/ant/lib/ant-junit4.jar" />
    <property name="ant.library.dir" value="/home/travis/build/icyphy/ptII/ant/lib" />
    <property name="os.arch" value="amd64" />
    <property name="env.CONTINUOUS_INTEGRATION" value="true" />
    <property name="env.TRAVIS_LANGUAGE" value="node_js" />
    <property name="env.TRAVIS_STACK_LANGUAGES" value="__sardonyx__ c c++ clojure cplusplus cpp default generic go groovy java node_js php pure_java python ruby scala" />
    <property name="test.name" value="ptolemy.actor.lib.test.junit.JUnitTclTest" />
    <property name="env.APT_KEY_DONT_WARN_ON_DANGEROUS_USAGE" value="1" />
    <property name="sun.java.launcher" value="SUN_STANDARD" />
    <property name="env.PYTHON_CONFIGURE_OPTS" value="--enable-unicode=ucs4 --with-wide-unicode --enable-shared --enable-ipv6 --enable-loadable-sqlite-extensions --with-computed-gotos" />
    <property name="ant.core.lib" value="/home/travis/build/icyphy/ptII/ant/lib/ant.jar" />
    <property name="java.vm.specification.vendor" value="Oracle Corporation" />
    <property name="env.BCVTB_HOME" value="/home/travis/build/icyphy/ptII/lbnl" />
    <property name="file.separator" value="/" />
    <property name="spotbugs.home" value="/home/travis/build/icyphy/ptII/vendors/spotbugs-3.1.1" />
    <property name="java.runtime.version" value="11.0.2+9" />
    <property name="env.ANSI_CLEAR" value="\033[0K" />
    <property name="javafx.verbose" value="true" />
    <property name="env.HAS_JOSH_K_SEAL_OF_APPROVAL" value="true" />
    <property name="env.XDG_RUNTIME_DIR" value="/run/user/2000" />
    <property name="env.TRAVIS_OSX_IMAGE" value="" />
    <property name="env.TRAVIS_JOB_ID" value="400651236" />
    <property name="env.TRAVIS_BRANCH" value="master" />
    <property name="user.country" value="US" />
    <property name="env.CERTI_HOME_TRAVIS" value="/home/travis/pthla/certi-tools" />
    <property name="env.SHELL" value="/bin/bash" />
    <property name="java.maxmemory.large" value="3200m" />
    <property name="model" value="" />
    <property name="env.CASHER_DIR" value="/home/travis/.casher" />
    <property name="env.NVM_CD_FLAGS" value="" />
    <property name="java.vendor.version" value="18.9" />
    <property name="jshint.executable" value="/home/travis/node_modules/jshint/bin/jshint" />
    <property name="env.JRUBY_OPTS" value=" --client -J-XX:+TieredCompilation -J-XX:TieredStopAtLevel=1 -J-Xss2m -Xcompile.invokedynamic=false" />
    <property name="java.vendor" value="Oracle Corporation" />
    <property name="env.TRAVIS_PRE_CHEF_BOOTSTRAP_TIME" value="2020-06-24T13:13:03" />
    <property name="env.TRAVIS_STACK_JOB_BOARD_REGISTER" value="/.job-board-register.yml" />
    <property name="env.ANSI_RED" value="\033[31;1m" />
    <property name="java.specification.version" value="11" />
    <property name="env.IRBRC" value="/home/travis/.rvm/rubies/ruby-2.5.3/.irbrc" />
    <property name="env.TRAVIS" value="true" />
    <property name="sun.arch.data.model" value="64" />
  </properties>
  <testcase classname="ptolemy.util.test.junit.TclTests" name="[0] /home/travis/build/icyphy/ptII/ptolemy/actor/lib/test/AbsoluteValue.tcl (RunTclFile)" time="0.652" />
  <testcase classname="ptolemy.util.test.junit.TclTests" name="[1] /home/travis/build/icyphy/ptII/ptolemy/actor/lib/test/AddSubtract.tcl (RunTclFile)" time="0.17" />
  <testcase classname="ptolemy.util.test.junit.TclTests" name="[2] /home/travis/build/icyphy/ptII/ptolemy/actor/lib/test/Average.tcl (RunTclFile)" time="0.076" />
  <testcase classname="ptolemy.util.test.junit.TclTests" name="[3] /home/travis/build/icyphy/ptII/ptolemy/actor/lib/test/Bernoulli.tcl (RunTclFile)" time="0.022" />
  <testcase classname="ptolemy.util.test.junit.TclTests" name="[4] /home/travis/build/icyphy/ptII/ptolemy/actor/lib/test/Clock.tcl (RunTclFile)" time="0.11" />
  <testcase classname="ptolemy.util.test.junit.TclTests" name="[5] /home/travis/build/icyphy/ptII/ptolemy/actor/lib/test/Commutator.tcl (RunTclFile)" time="0.211" />
  <testcase classname="ptolemy.util.test.junit.TclTests" name="[6] /home/travis/build/icyphy/ptII/ptolemy/actor/lib/test/Const.tcl (RunTclFile)" time="0.153" />
  <testcase classname="ptolemy.util.test.junit.TclTests" name="[7] /home/travis/build/icyphy/ptII/ptolemy/actor/lib/test/CurrentTime.tcl (RunTclFile)" time="0.049" />
  <testcase classname="ptolemy.util.test.junit.TclTests" name="[8] /home/travis/build/icyphy/ptII/ptolemy/actor/lib/test/DB.tcl (RunTclFile)" time="0.054" />
  <testcase classname="ptolemy.util.test.junit.TclTests" name="[9] /home/travis/build/icyphy/ptII/ptolemy/actor/lib/test/DiscreteRandomSource.tcl (RunTclFile)" time="0.066" />
  <testcase classname="ptolemy.util.test.junit.TclTests" name="[10] /home/travis/build/icyphy/ptII/ptolemy/actor/lib/test/Distributor.tcl (RunTclFile)" time="0.081" />
  <testcase classname="ptolemy.util.test.junit.TclTests" name="[11] /home/travis/build/icyphy/ptII/ptolemy/actor/lib/test/Exit.tcl (RunTclFile)" time="0.097" />
  <testcase classname="ptolemy.util.test.junit.TclTests" name="[12] /home/travis/build/icyphy/ptII/ptolemy/actor/lib/test/Expression.tcl (RunTclFile)" time="0.134" />
  <testcase classname="ptolemy.util.test.junit.TclTests" name="[13] /home/travis/build/icyphy/ptII/ptolemy/actor/lib/test/Gaussian.tcl (RunTclFile)" time="0.388" />
  <testcase classname="ptolemy.util.test.junit.TclTests" name="[14] /home/travis/build/icyphy/ptII/ptolemy/actor/lib/test/IIR.tcl (RunTclFile)" time="0.063" />
  <testcase classname="ptolemy.util.test.junit.TclTests" name="[15] /home/travis/build/icyphy/ptII/ptolemy/actor/lib/test/Interpolator.tcl (RunTclFile)" time="0.117" />
  <testcase classname="ptolemy.util.test.junit.TclTests" name="[16] /home/travis/build/icyphy/ptII/ptolemy/actor/lib/test/MathFunction.tcl (RunTclFile)" time="0.067" />
  <testcase classname="ptolemy.util.test.junit.TclTests" name="[17] /home/travis/build/icyphy/ptII/ptolemy/actor/lib/test/Maximum.tcl (RunTclFile)" time="0.049" />
  <testcase classname="ptolemy.util.test.junit.TclTests" name="[18] /home/travis/build/icyphy/ptII/ptolemy/actor/lib/test/Minimum.tcl (RunTclFile)" time="0.041" />
  <testcase classname="ptolemy.util.test.junit.TclTests" name="[19] /home/travis/build/icyphy/ptII/ptolemy/actor/lib/test/MultiplyDivide.tcl (RunTclFile)" time="0.053" />
  <testcase classname="ptolemy.util.test.junit.TclTests" name="[20] /home/travis/build/icyphy/ptII/ptolemy/actor/lib/test/OrderedMerge.tcl (RunTclFile)" time="0.133" />
  <testcase classname="ptolemy.util.test.junit.TclTests" name="[21] /home/travis/build/icyphy/ptII/ptolemy/actor/lib/test/Publisher.tcl (RunTclFile)" time="1.073" />
  <testcase classname="ptolemy.util.test.junit.TclTests" name="[22] /home/travis/build/icyphy/ptII/ptolemy/actor/lib/test/Pulse.tcl (RunTclFile)" time="0.042" />
  <testcase classname="ptolemy.util.test.junit.TclTests" name="[23] /home/travis/build/icyphy/ptII/ptolemy/actor/lib/test/Ramp.tcl (RunTclFile)" time="2.132" />
  <testcase classname="ptolemy.util.test.junit.TclTests" name="[24] /home/travis/build/icyphy/ptII/ptolemy/actor/lib/test/RampContinuous.tcl (RunTclFile)" time="0.019" />
  <testcase classname="ptolemy.util.test.junit.TclTests" name="[25] /home/travis/build/icyphy/ptII/ptolemy/actor/lib/test/RecordAssembler.tcl (RunTclFile)" time="0.02" />
  <testcase classname="ptolemy.util.test.junit.TclTests" name="[26] /home/travis/build/icyphy/ptII/ptolemy/actor/lib/test/RecordDisassembler.tcl (RunTclFile)" time="0.025" />
  <testcase classname="ptolemy.util.test.junit.TclTests" name="[27] /home/travis/build/icyphy/ptII/ptolemy/actor/lib/test/Scale.tcl (RunTclFile)" time="0.021" />
  <testcase classname="ptolemy.util.test.junit.TclTests" name="[28] /home/travis/build/icyphy/ptII/ptolemy/actor/lib/test/SequentialClock.tcl (RunTclFile)" time="0.014" />
  <testcase classname="ptolemy.util.test.junit.TclTests" name="[29] /home/travis/build/icyphy/ptII/ptolemy/actor/lib/test/SetVariable.tcl (RunTclFile)" time="0.011" />
  <testcase classname="ptolemy.util.test.junit.TclTests" name="[30] /home/travis/build/icyphy/ptII/ptolemy/actor/lib/test/Sinewave.tcl (RunTclFile)" time="0.032" />
  <testcase classname="ptolemy.util.test.junit.TclTests" name="[31] /home/travis/build/icyphy/ptII/ptolemy/actor/lib/test/SubscriptionAggregator.tcl (RunTclFile)" time="2.132" />
  <testcase classname="ptolemy.util.test.junit.TclTests" name="[32] /home/travis/build/icyphy/ptII/ptolemy/actor/lib/test/Test.tcl (RunTclFile)" time="0.133" />
  <testcase classname="ptolemy.util.test.junit.TclTests" name="[33] /home/travis/build/icyphy/ptII/ptolemy/actor/lib/test/TestExceptionHandler.tcl (RunTclFile)" time="0.015" />
  <testcase classname="ptolemy.util.test.junit.TclTests" name="[34] /home/travis/build/icyphy/ptII/ptolemy/actor/lib/test/UnionDisassembler.tcl (RunTclFile)" time="0.074" />
  <testcase classname="ptolemy.util.test.junit.TclTests" name="[35] /home/travis/build/icyphy/ptII/ptolemy/actor/lib/test/VariableClock.tcl (RunTclFile)" time="0.03" />
  <testcase classname="ptolemy.util.test.junit.AutoKnownFailedTests" name="[0] /home/travis/build/icyphy/ptII/ptolemy/actor/lib/test/auto/knownFailedTests/PublisherPortToplevelSubscriber.xml (RunModel)" time="0.034" />
  <testcase classname="ptolemy.util.test.junit.AutoKnownFailedTests" name="[1] /home/travis/build/icyphy/ptII/ptolemy/actor/lib/test/auto/knownFailedTests/PublisherSubscriberPortToplevel.xml (RunModel)" time="0.024" />
  <testcase classname="ptolemy.util.test.junit.AutoKnownFailedTests" name="[2] /home/travis/build/icyphy/ptII/ptolemy/actor/lib/test/auto/knownFailedTests/PublisherSubscriptionAggregatorPort.xml (RunModel)" time="0.035" />
  <testcase classname="ptolemy.util.test.junit.AutoKnownFailedTests" name="[3] /home/travis/build/icyphy/ptII/ptolemy/actor/lib/test/auto/knownFailedTests/sizedarray3.xml (RunModel)" time="0.035" />
  <testcase classname="ptolemy.util.test.junit.AutoNameArchTests" name="[0] ThereAreNoAutoArchTests (RunModel)" time="0.002" />
  <testcase classname="ptolemy.util.test.junit.AutoTests" name="[0] /home/travis/build/icyphy/ptII/ptolemy/actor/lib/test/auto/AbsoluteValue.xml (RunModel)" time="0.127" />
  <testcase classname="ptolemy.util.test.junit.AutoTests" name="[1] /home/travis/build/icyphy/ptII/ptolemy/actor/lib/test/auto/AbsoluteValue2.xml (RunModel)" time="0.083" />
  <testcase classname="ptolemy.util.test.junit.AutoTests" name="[2] /home/travis/build/icyphy/ptII/ptolemy/actor/lib/test/auto/Accumulator.xml (RunModel)" time="0.075" />
  <testcase classname="ptolemy.util.test.junit.AutoTests" name="[3] /home/travis/build/icyphy/ptII/ptolemy/actor/lib/test/auto/Accumulator2.xml (RunModel)" time="0.035" />
  <testcase classname="ptolemy.util.test.junit.AutoTests" name="[4] /home/travis/build/icyphy/ptII/ptolemy/actor/lib/test/auto/Accumulator3.xml (RunModel)" time="0.043" />
  <testcase classname="ptolemy.util.test.junit.AutoTests" name="[5] /home/travis/build/icyphy/ptII/ptolemy/actor/lib/test/auto/ArrayAppend.xml (RunModel)" time="0.041" />
  <testcase classname="ptolemy.util.test.junit.AutoTests" name="[6] /home/travis/build/icyphy/ptII/ptolemy/actor/lib/test/auto/ArrayAppend2.xml (RunModel)" time="0.399" />
  <testcase classname="ptolemy.util.test.junit.AutoTests" name="[7] /home/travis/build/icyphy/ptII/ptolemy/actor/lib/test/auto/ArrayAppend3.xml (RunModel)" time="0.045" />
  <testcase classname="ptolemy.util.test.junit.AutoTests" name="[8] /home/travis/build/icyphy/ptII/ptolemy/actor/lib/test/auto/ArrayAppend4.xml (RunModel)" time="0.02" />
  <testcase classname="ptolemy.util.test.junit.AutoTests" name="[9] /home/travis/build/icyphy/ptII/ptolemy/actor/lib/test/auto/ArrayAppend5.xml (RunModel)" time="0.019" />
  <testcase classname="ptolemy.util.test.junit.AutoTests" name="[10] /home/travis/build/icyphy/ptII/ptolemy/actor/lib/test/auto/ArrayAppend6.xml (RunModel)" time="0.029" />
  <testcase classname="ptolemy.util.test.junit.AutoTests" name="[11] /home/travis/build/icyphy/ptII/ptolemy/actor/lib/test/auto/ArrayAppendPerformanceTest.xml (RunModel)" time="0.066" />
  <testcase classname="ptolemy.util.test.junit.AutoTests" name="[12] /home/travis/build/icyphy/ptII/ptolemy/actor/lib/test/auto/ArrayAppendWithEmptyInput.xml (RunModel)" time="0.055" />
  <testcase classname="ptolemy.util.test.junit.AutoTests" name="[13] /home/travis/build/icyphy/ptII/ptolemy/actor/lib/test/auto/ArrayAverage.xml (RunModel)" time="0.073" />
  <testcase classname="ptolemy.util.test.junit.AutoTests" name="[14] /home/travis/build/icyphy/ptII/ptolemy/actor/lib/test/auto/ArrayContains.xml (RunModel)" time="0.046" />
  <testcase classname="ptolemy.util.test.junit.AutoTests" name="[15] /home/travis/build/icyphy/ptII/ptolemy/actor/lib/test/auto/ArrayElement.xml (RunModel)" time="0.029" />
  <testcase classname="ptolemy.util.test.junit.AutoTests" name="[16] /home/travis/build/icyphy/ptII/ptolemy/actor/lib/test/auto/ArrayElementAsMatrix.xml (RunModel)" time="0.069" />
  <testcase classname="ptolemy.util.test.junit.AutoTests" name="[17] /home/travis/build/icyphy/ptII/ptolemy/actor/lib/test/auto/ArrayElementI.xml (RunModel)" time="0.027" />
  <testcase classname="ptolemy.util.test.junit.AutoTests" name="[18] /home/travis/build/icyphy/ptII/ptolemy/actor/lib/test/auto/ArrayExtract.xml (RunModel)" time="0.028" />
  <testcase classname="ptolemy.util.test.junit.AutoTests" name="[19] /home/travis/build/icyphy/ptII/ptolemy/actor/lib/test/auto/ArrayExtract2.xml (RunModel)" time="0.019" />
  <testcase classname="ptolemy.util.test.junit.AutoTests" name="[20] /home/travis/build/icyphy/ptII/ptolemy/actor/lib/test/auto/ArrayLength.xml (RunModel)" time="0.019" />
  <testcase classname="ptolemy.util.test.junit.AutoTests" name="[21] /home/travis/build/icyphy/ptII/ptolemy/actor/lib/test/auto/ArrayLevelCrossing.xml (RunModel)" time="0.057" />
  <testcase classname="ptolemy.util.test.junit.AutoTests" name="[22] /home/travis/build/icyphy/ptII/ptolemy/actor/lib/test/auto/ArrayLevelCrossing2.xml (RunModel)" time="0.033" />
  <testcase classname="ptolemy.util.test.junit.AutoTests" name="[23] /home/travis/build/icyphy/ptII/ptolemy/actor/lib/test/auto/ArrayPeakSearch.xml (RunModel)" time="0.045" />
  <testcase classname="ptolemy.util.test.junit.AutoTests" name="[24] /home/travis/build/icyphy/ptII/ptolemy/actor/lib/test/auto/ArrayPeakSearch2.xml (RunModel)" time="0.039" />
  <testcase classname="ptolemy.util.test.junit.AutoTests" name="[25] /home/travis/build/icyphy/ptII/ptolemy/actor/lib/test/auto/ArrayPeakSearch3.xml (RunModel)" time="0.035" />
  <testcase classname="ptolemy.util.test.junit.AutoTests" name="[26] /home/travis/build/icyphy/ptII/ptolemy/actor/lib/test/auto/ArrayRemoveElement.xml (RunModel)" time="0.035" />
  <testcase classname="ptolemy.util.test.junit.AutoTests" name="[27] /home/travis/build/icyphy/ptII/ptolemy/actor/lib/test/auto/ArraySort.xml (RunModel)" time="0.036" />
  <testcase classname="ptolemy.util.test.junit.AutoTests" name="[28] /home/travis/build/icyphy/ptII/ptolemy/actor/lib/test/auto/ArraySum.xml (RunModel)" time="0.021" />
  <testcase classname="ptolemy.util.test.junit.AutoTests" name="[29] /home/travis/build/icyphy/ptII/ptolemy/actor/lib/test/auto/ArrayToElements.xml (RunModel)" time="0.024" />
  <testcase classname="ptolemy.util.test.junit.AutoTests" name="[30] /home/travis/build/icyphy/ptII/ptolemy/actor/lib/test/auto/ArrayToMatrix.xml (RunModel)" time="0.069" />
  <testcase classname="ptolemy.util.test.junit.AutoTests" name="[31] /home/travis/build/icyphy/ptII/ptolemy/actor/lib/test/auto/ArrayUpdate1.xml (RunModel)" time="0.023" />
  <testcase classname="ptolemy.util.test.junit.AutoTests" name="[32] /home/travis/build/icyphy/ptII/ptolemy/actor/lib/test/auto/ArrayUpdate2.xml (RunModel)" time="0.02" />
  <testcase classname="ptolemy.util.test.junit.AutoTests" name="[33] /home/travis/build/icyphy/ptII/ptolemy/actor/lib/test/auto/ArrayUpdate3.xml (RunModel)" time="0.018" />
  <testcase classname="ptolemy.util.test.junit.AutoTests" name="[34] /home/travis/build/icyphy/ptII/ptolemy/actor/lib/test/auto/Assert1.xml (RunModel)" time="0.025" />
  <testcase classname="ptolemy.util.test.junit.AutoTests" name="[35] /home/travis/build/icyphy/ptII/ptolemy/actor/lib/test/auto/Assert2.xml (RunModel)" time="0.011" />
  <testcase classname="ptolemy.util.test.junit.AutoTests" name="[36] /home/travis/build/icyphy/ptII/ptolemy/actor/lib/test/auto/BooleanMultiplexor.xml (RunModel)" time="0.018" />
  <testcase classname="ptolemy.util.test.junit.AutoTests" name="[37] /home/travis/build/icyphy/ptII/ptolemy/actor/lib/test/auto/BooleanMultiplexor2.xml (RunModel)" time="0.028" />
  <testcase classname="ptolemy.util.test.junit.AutoTests" name="[38] /home/travis/build/icyphy/ptII/ptolemy/actor/lib/test/auto/BooleanMultiplexor3.xml (RunModel)" time="0.023" />
  <testcase classname="ptolemy.util.test.junit.AutoTests" name="[39] /home/travis/build/icyphy/ptII/ptolemy/actor/lib/test/auto/BooleanSelect.xml (RunModel)" time="0.033" />
  <testcase classname="ptolemy.util.test.junit.AutoTests" name="[40] /home/travis/build/icyphy/ptII/ptolemy/actor/lib/test/auto/BooleanSelect2.xml (RunModel)" time="0.021" />
  <testcase classname="ptolemy.util.test.junit.AutoTests" name="[41] /home/travis/build/icyphy/ptII/ptolemy/actor/lib/test/auto/BooleanSwitch.xml (RunModel)" time="0.021" />
  <testcase classname="ptolemy.util.test.junit.AutoTests" name="[42] /home/travis/build/icyphy/ptII/ptolemy/actor/lib/test/auto/BooleanSwitch2.xml (RunModel)" time="0.015" />
  <testcase classname="ptolemy.util.test.junit.AutoTests" name="[43] /home/travis/build/icyphy/ptII/ptolemy/actor/lib/test/auto/BooleanSwitchCloningBugWithClassRelationGroup.xml (RunModel)" time="0.025" />
  <testcase classname="ptolemy.util.test.junit.AutoTests" name="[44] /home/travis/build/icyphy/ptII/ptolemy/actor/lib/test/auto/BusActors.xml (RunModel)" time="0.029" />
  <testcase classname="ptolemy.util.test.junit.AutoTests" name="[45] /home/travis/build/icyphy/ptII/ptolemy/actor/lib/test/auto/ClassWrapper.xml (RunModel)" time="0.018" />
  <testcase classname="ptolemy.util.test.junit.AutoTests" name="[46] /home/travis/build/icyphy/ptII/ptolemy/actor/lib/test/auto/Clock.xml (RunModel)" time="0.016" />
  <testcase classname="ptolemy.util.test.junit.AutoTests" name="[47] /home/travis/build/icyphy/ptII/ptolemy/actor/lib/test/auto/Clock10.xml (RunModel)" time="0.025" />
  <testcase classname="ptolemy.util.test.junit.AutoTests" name="[48] /home/travis/build/icyphy/ptII/ptolemy/actor/lib/test/auto/Clock11.xml (RunModel)" time="0.022" />
  <testcase classname="ptolemy.util.test.junit.AutoTests" name="[49] /home/travis/build/icyphy/ptII/ptolemy/actor/lib/test/auto/Clock12.xml (RunModel)" time="0.024" />
  <testcase classname="ptolemy.util.test.junit.AutoTests" name="[50] /home/travis/build/icyphy/ptII/ptolemy/actor/lib/test/auto/Clock13.xml (RunModel)" time="0.021" />
  <testcase classname="ptolemy.util.test.junit.AutoTests" name="[51] /home/travis/build/icyphy/ptII/ptolemy/actor/lib/test/auto/Clock14.xml (RunModel)" time="0.019" />
  <testcase classname="ptolemy.util.test.junit.AutoTests" name="[52] /home/travis/build/icyphy/ptII/ptolemy/actor/lib/test/auto/Clock15.xml (RunModel)" time="0.016" />
  <testcase classname="ptolemy.util.test.junit.AutoTests" name="[53] /home/travis/build/icyphy/ptII/ptolemy/actor/lib/test/auto/Clock16.xml (RunModel)" time="0.129" />
  <testcase classname="ptolemy.util.test.junit.AutoTests" name="[54] /home/travis/build/icyphy/ptII/ptolemy/actor/lib/test/auto/Clock17.xml (RunModel)" time="0.094" />
  <testcase classname="ptolemy.util.test.junit.AutoTests" name="[55] /home/travis/build/icyphy/ptII/ptolemy/actor/lib/test/auto/Clock18.xml (RunModel)" time="0.068" />
  <testcase classname="ptolemy.util.test.junit.AutoTests" name="[56] /home/travis/build/icyphy/ptII/ptolemy/actor/lib/test/auto/Clock19.xml (RunModel)" time="0.055" />
  <testcase classname="ptolemy.util.test.junit.AutoTests" name="[57] /home/travis/build/icyphy/ptII/ptolemy/actor/lib/test/auto/Clock2.xml (RunModel)" time="0.019" />
  <testcase classname="ptolemy.util.test.junit.AutoTests" name="[58] /home/travis/build/icyphy/ptII/ptolemy/actor/lib/test/auto/Clock20.xml (RunModel)" time="0.031" />
  <testcase classname="ptolemy.util.test.junit.AutoTests" name="[59] /home/travis/build/icyphy/ptII/ptolemy/actor/lib/test/auto/Clock21.xml (RunModel)" time="0.017" />
  <testcase classname="ptolemy.util.test.junit.AutoTests" name="[60] /home/travis/build/icyphy/ptII/ptolemy/actor/lib/test/auto/Clock22.xml (RunModel)" time="0.022" />
  <testcase classname="ptolemy.util.test.junit.AutoTests" name="[61] /home/travis/build/icyphy/ptII/ptolemy/actor/lib/test/auto/Clock23.xml (RunModel)" time="0.019" />
  <testcase classname="ptolemy.util.test.junit.AutoTests" name="[62] /home/travis/build/icyphy/ptII/ptolemy/actor/lib/test/auto/Clock24.xml (RunModel)" time="0.026" />
  <testcase classname="ptolemy.util.test.junit.AutoTests" name="[63] /home/travis/build/icyphy/ptII/ptolemy/actor/lib/test/auto/Clock4.xml (RunModel)" time="0.018" />
  <testcase classname="ptolemy.util.test.junit.AutoTests" name="[64] /home/travis/build/icyphy/ptII/ptolemy/actor/lib/test/auto/Clock5.xml (RunModel)" time="0.018" />
  <testcase classname="ptolemy.util.test.junit.AutoTests" name="[65] /home/travis/build/icyphy/ptII/ptolemy/actor/lib/test/auto/Clock6.xml (RunModel)" time="0.012" />
  <testcase classname="ptolemy.util.test.junit.AutoTests" name="[66] /home/travis/build/icyphy/ptII/ptolemy/actor/lib/test/auto/Clock7.xml (RunModel)" time="0.013" />
  <testcase classname="ptolemy.util.test.junit.AutoTests" name="[67] /home/travis/build/icyphy/ptII/ptolemy/actor/lib/test/auto/Clock8.xml (RunModel)" time="0.017" />
  <testcase classname="ptolemy.util.test.junit.AutoTests" name="[68] /home/travis/build/icyphy/ptII/ptolemy/actor/lib/test/auto/Clock9.xml (RunModel)" time="0.022" />
  <testcase classname="ptolemy.util.test.junit.AutoTests" name="[69] /home/travis/build/icyphy/ptII/ptolemy/actor/lib/test/auto/CommDistDiscard.xml (RunModel)" time="0.033" />
  <testcase classname="ptolemy.util.test.junit.AutoTests" name="[70] /home/travis/build/icyphy/ptII/ptolemy/actor/lib/test/auto/Commutator.xml (RunModel)" time="0.018" />
  <testcase classname="ptolemy.util.test.junit.AutoTests" name="[71] /home/travis/build/icyphy/ptII/ptolemy/actor/lib/test/auto/Commutator2.xml (RunModel)" time="0.014" />
  <testcase classname="ptolemy.util.test.junit.AutoTests" name="[72] /home/travis/build/icyphy/ptII/ptolemy/actor/lib/test/auto/Commutator3.xml (RunModel)" time="0.016" />
  <testcase classname="ptolemy.util.test.junit.AutoTests" name="[73] /home/travis/build/icyphy/ptII/ptolemy/actor/lib/test/auto/Compare.xml (RunModel)" time="0.027" />
  <testcase classname="ptolemy.util.test.junit.AutoTests" name="[74] /home/travis/build/icyphy/ptII/ptolemy/actor/lib/test/auto/CompareDE.xml (RunModel)" time="0.023" />
  <testcase classname="ptolemy.util.test.junit.AutoTests" name="[75] /home/travis/build/icyphy/ptII/ptolemy/actor/lib/test/auto/ComplexDivide.xml (RunModel)" time="0.015" />
  <testcase classname="ptolemy.util.test.junit.AutoTests" name="[76] /home/travis/build/icyphy/ptII/ptolemy/actor/lib/test/auto/ComputeHistogram.xml (RunModel)" time="0.078" />
  <testcase classname="ptolemy.util.test.junit.AutoTests" name="[77] /home/travis/build/icyphy/ptII/ptolemy/actor/lib/test/auto/ConfigurationSelect.xml (RunModel)" time="0.024" />
  <testcase classname="ptolemy.util.test.junit.AutoTests" name="[78] /home/travis/build/icyphy/ptII/ptolemy/actor/lib/test/auto/ConfigurationSelect2.xml (RunModel)" time="0.021" />
  <testcase classname="ptolemy.util.test.junit.AutoTests" name="[79] /home/travis/build/icyphy/ptII/ptolemy/actor/lib/test/auto/ConfigurationSwitch.xml (RunModel)" time="0.03" />
  <testcase classname="ptolemy.util.test.junit.AutoTests" name="[80] /home/travis/build/icyphy/ptII/ptolemy/actor/lib/test/auto/ConfigurationSwitch2.xml (RunModel)" time="0.026" />
  <testcase classname="ptolemy.util.test.junit.AutoTests" name="[81] /home/travis/build/icyphy/ptII/ptolemy/actor/lib/test/auto/ConfigurationSwitchCloningBugWithClassRelationGroup.xml (RunModel)" time="0.03" />
  <testcase classname="ptolemy.util.test.junit.AutoTests" name="[82] /home/travis/build/icyphy/ptII/ptolemy/actor/lib/test/auto/ConfigurationSwitchSelectSDF.xml (RunModel)" time="0.016" />
  <testcase classname="ptolemy.util.test.junit.AutoTests" name="[83] /home/travis/build/icyphy/ptII/ptolemy/actor/lib/test/auto/ConfigurationSwitchSelectSDF2.xml (RunModel)" time="0.019" />
  <testcase classname="ptolemy.util.test.junit.AutoTests" name="[84] /home/travis/build/icyphy/ptII/ptolemy/actor/lib/test/auto/Const.xml (RunModel)" time="0.008" />
  <testcase classname="ptolemy.util.test.junit.AutoTests" name="[85] /home/travis/build/icyphy/ptII/ptolemy/actor/lib/test/auto/Const2.xml (RunModel)" time="0.017" />
  <testcase classname="ptolemy.util.test.junit.AutoTests" name="[86] /home/travis/build/icyphy/ptII/ptolemy/actor/lib/test/auto/Const3.xml (RunModel)" time="0.008" />
  <testcase classname="ptolemy.util.test.junit.AutoTests" name="[87] /home/travis/build/icyphy/ptII/ptolemy/actor/lib/test/auto/ConstantPublisherPort1.xml (RunModel)" time="0.024" />
  <testcase classname="ptolemy.util.test.junit.AutoTests" name="[88] /home/travis/build/icyphy/ptII/ptolemy/actor/lib/test/auto/ConstantPublisherPort2.xml (RunModel)" time="0.027" />
  <testcase classname="ptolemy.util.test.junit.AutoTests" name="[89] /home/travis/build/icyphy/ptII/ptolemy/actor/lib/test/auto/ConstantPublisherPort3.xml (RunModel)" time="0.065" />
  <testcase classname="ptolemy.util.test.junit.AutoTests" name="[90] /home/travis/build/icyphy/ptII/ptolemy/actor/lib/test/auto/ConstantPublisherPort4.xml (RunModel)" time="0.019" />
  <testcase classname="ptolemy.util.test.junit.AutoTests" name="[91] /home/travis/build/icyphy/ptII/ptolemy/actor/lib/test/auto/ConstantPublisherPort5.xml (RunModel)" time="0.042" />
  <testcase classname="ptolemy.util.test.junit.AutoTests" name="[92] /home/travis/build/icyphy/ptII/ptolemy/actor/lib/test/auto/ConstantPublisherPort6.xml (RunModel)" time="0.028" />
  <testcase classname="ptolemy.util.test.junit.AutoTests" name="[93] /home/travis/build/icyphy/ptII/ptolemy/actor/lib/test/auto/ConstantPublisherPort7.xml (RunModel)" time="0.037" />
  <testcase classname="ptolemy.util.test.junit.AutoTests" name="[94] /home/travis/build/icyphy/ptII/ptolemy/actor/lib/test/auto/ConstraintMonitor1.xml (RunModel)" time="0.043" />
  <testcase classname="ptolemy.util.test.junit.AutoTests" name="[95] /home/travis/build/icyphy/ptII/ptolemy/actor/lib/test/auto/ConstraintMonitor2.xml (RunModel)" time="0.013" />
  <testcase classname="ptolemy.util.test.junit.AutoTests" name="[96] /home/travis/build/icyphy/ptII/ptolemy/actor/lib/test/auto/ConstraintMonitor3.xml (RunModel)" time="0.014" />
  <testcase classname="ptolemy.util.test.junit.AutoTests" name="[97] /home/travis/build/icyphy/ptII/ptolemy/actor/lib/test/auto/ConstraintMonitor4.xml (RunModel)" time="0.015" />
  <testcase classname="ptolemy.util.test.junit.AutoTests" name="[98] /home/travis/build/icyphy/ptII/ptolemy/actor/lib/test/auto/ConstraintMonitor5.xml (RunModel)" time="0.014" />
  <testcase classname="ptolemy.util.test.junit.AutoTests" name="[99] /home/travis/build/icyphy/ptII/ptolemy/actor/lib/test/auto/ConstraintMonitor6.xml (RunModel)" time="0.018" />
  <testcase classname="ptolemy.util.test.junit.AutoTests" name="[100] /home/travis/build/icyphy/ptII/ptolemy/actor/lib/test/auto/ConstraintMonitor7.xml (RunModel)" time="0.017" />
  <testcase classname="ptolemy.util.test.junit.AutoTests" name="[101] /home/travis/build/icyphy/ptII/ptolemy/actor/lib/test/auto/ConstraintMonitor8.xml (RunModel)" time="0.018" />
  <testcase classname="ptolemy.util.test.junit.AutoTests" name="[102] /home/travis/build/icyphy/ptII/ptolemy/actor/lib/test/auto/Counter.xml (RunModel)" time="0.016" />
  <testcase classname="ptolemy.util.test.junit.AutoTests" name="[103] /home/travis/build/icyphy/ptII/ptolemy/actor/lib/test/auto/CurrentTimeSDF.xml (RunModel)" time="0.01" />
  <testcase classname="ptolemy.util.test.junit.AutoTests" name="[104] /home/travis/build/icyphy/ptII/ptolemy/actor/lib/test/auto/DB.xml (RunModel)" time="0.014" />
  <testcase classname="ptolemy.util.test.junit.AutoTests" name="[105] /home/travis/build/icyphy/ptII/ptolemy/actor/lib/test/auto/DBDE.xml (RunModel)" time="0.014" />
  <testcase classname="ptolemy.util.test.junit.AutoTests" name="[106] /home/travis/build/icyphy/ptII/ptolemy/actor/lib/test/auto/DateConstructor.xml (RunModel)" time="0.092" />
  <testcase classname="ptolemy.util.test.junit.AutoTests" name="[107] /home/travis/build/icyphy/ptII/ptolemy/actor/lib/test/auto/DelayTime.xml (RunModel)" time="0.018" />
  <testcase classname="ptolemy.util.test.junit.AutoTests" name="[108] /home/travis/build/icyphy/ptII/ptolemy/actor/lib/test/auto/Dictionary1.xml (RunModel)" time="0.021" />
  <testcase classname="ptolemy.util.test.junit.AutoTests" name="[109] /home/travis/build/icyphy/ptII/ptolemy/actor/lib/test/auto/Dictionary2.xml (RunModel)" time="0.02" />
  <testcase classname="ptolemy.util.test.junit.AutoTests" name="[110] /home/travis/build/icyphy/ptII/ptolemy/actor/lib/test/auto/Dictionary3.xml (RunModel)" time="0.016" />
  <testcase classname="ptolemy.util.test.junit.AutoTests" name="[111] /home/travis/build/icyphy/ptII/ptolemy/actor/lib/test/auto/Dictionary4.xml (RunModel)" time="0.022" />
  <testcase classname="ptolemy.util.test.junit.AutoTests" name="[112] /home/travis/build/icyphy/ptII/ptolemy/actor/lib/test/auto/Differential.xml (RunModel)" time="0.015" />
  <testcase classname="ptolemy.util.test.junit.AutoTests" name="[113] /home/travis/build/icyphy/ptII/ptolemy/actor/lib/test/auto/Director.xml (RunModel)" time="0.024" />
  <testcase classname="ptolemy.util.test.junit.AutoTests" name="[114] /home/travis/build/icyphy/ptII/ptolemy/actor/lib/test/auto/DiscreteClock.xml (RunModel)" time="0.01" />
  <testcase classname="ptolemy.util.test.junit.AutoTests" name="[115] /home/travis/build/icyphy/ptII/ptolemy/actor/lib/test/auto/DiscreteClock10.xml (RunModel)" time="0.018" />
  <testcase classname="ptolemy.util.test.junit.AutoTests" name="[116] /home/travis/build/icyphy/ptII/ptolemy/actor/lib/test/auto/DiscreteClock11.xml (RunModel)" time="0.017" />
  <testcase classname="ptolemy.util.test.junit.AutoTests" name="[117] /home/travis/build/icyphy/ptII/ptolemy/actor/lib/test/auto/DiscreteClock12.xml (RunModel)" time="0.018" />
  <testcase classname="ptolemy.util.test.junit.AutoTests" name="[118] /home/travis/build/icyphy/ptII/ptolemy/actor/lib/test/auto/DiscreteClock13.xml (RunModel)" time="0.018" />
  <testcase classname="ptolemy.util.test.junit.AutoTests" name="[119] /home/travis/build/icyphy/ptII/ptolemy/actor/lib/test/auto/DiscreteClock14.xml (RunModel)" time="0.016" />
  <testcase classname="ptolemy.util.test.junit.AutoTests" name="[120] /home/travis/build/icyphy/ptII/ptolemy/actor/lib/test/auto/DiscreteClock15.xml (RunModel)" time="0.019" />
  <testcase classname="ptolemy.util.test.junit.AutoTests" name="[121] /home/travis/build/icyphy/ptII/ptolemy/actor/lib/test/auto/DiscreteClock16.xml (RunModel)" time="0.05" />
  <testcase classname="ptolemy.util.test.junit.AutoTests" name="[122] /home/travis/build/icyphy/ptII/ptolemy/actor/lib/test/auto/DiscreteClock17.xml (RunModel)" time="0.053" />
  <testcase classname="ptolemy.util.test.junit.AutoTests" name="[123] /home/travis/build/icyphy/ptII/ptolemy/actor/lib/test/auto/DiscreteClock18.xml (RunModel)" time="0.052" />
  <testcase classname="ptolemy.util.test.junit.AutoTests" name="[124] /home/travis/build/icyphy/ptII/ptolemy/actor/lib/test/auto/DiscreteClock19.xml (RunModel)" time="0.049" />
  <testcase classname="ptolemy.util.test.junit.AutoTests" name="[125] /home/travis/build/icyphy/ptII/ptolemy/actor/lib/test/auto/DiscreteClock2.xml (RunModel)" time="0.011" />
  <testcase classname="ptolemy.util.test.junit.AutoTests" name="[126] /home/travis/build/icyphy/ptII/ptolemy/actor/lib/test/auto/DiscreteClock20.xml (RunModel)" time="0.019" />
  <testcase classname="ptolemy.util.test.junit.AutoTests" name="[127] /home/travis/build/icyphy/ptII/ptolemy/actor/lib/test/auto/DiscreteClock21.xml (RunModel)" time="0.022" />
  <testcase classname="ptolemy.util.test.junit.AutoTests" name="[128] /home/travis/build/icyphy/ptII/ptolemy/actor/lib/test/auto/DiscreteClock22.xml (RunModel)" time="0.06" />
  <testcase classname="ptolemy.util.test.junit.AutoTests" name="[129] /home/travis/build/icyphy/ptII/ptolemy/actor/lib/test/auto/DiscreteClock23.xml (RunModel)" time="0.024" />
  <testcase classname="ptolemy.util.test.junit.AutoTests" name="[130] /home/travis/build/icyphy/ptII/ptolemy/actor/lib/test/auto/DiscreteClock24.xml (RunModel)" time="0.016" />
  <testcase classname="ptolemy.util.test.junit.AutoTests" name="[131] /home/travis/build/icyphy/ptII/ptolemy/actor/lib/test/auto/DiscreteClock4.xml (RunModel)" time="0.013" />
  <testcase classname="ptolemy.util.test.junit.AutoTests" name="[132] /home/travis/build/icyphy/ptII/ptolemy/actor/lib/test/auto/DiscreteClock5.xml (RunModel)" time="0.017" />
  <testcase classname="ptolemy.util.test.junit.AutoTests" name="[133] /home/travis/build/icyphy/ptII/ptolemy/actor/lib/test/auto/DiscreteClock6.xml (RunModel)" time="0.013" />
  <testcase classname="ptolemy.util.test.junit.AutoTests" name="[134] /home/travis/build/icyphy/ptII/ptolemy/actor/lib/test/auto/DiscreteClock7.xml (RunModel)" time="0.013" />
  <testcase classname="ptolemy.util.test.junit.AutoTests" name="[135] /home/travis/build/icyphy/ptII/ptolemy/actor/lib/test/auto/DiscreteClock8.xml (RunModel)" time="0.029" />
  <testcase classname="ptolemy.util.test.junit.AutoTests" name="[136] /home/travis/build/icyphy/ptII/ptolemy/actor/lib/test/auto/DiscreteClock9.xml (RunModel)" time="0.015" />
  <testcase classname="ptolemy.util.test.junit.AutoTests" name="[137] /home/travis/build/icyphy/ptII/ptolemy/actor/lib/test/auto/DisplayArray.xml (RunModel)" time="0.026" />
  <testcase classname="ptolemy.util.test.junit.AutoTests" name="[138] /home/travis/build/icyphy/ptII/ptolemy/actor/lib/test/auto/Distributor.xml (RunModel)" time="0.017" />
  <testcase classname="ptolemy.util.test.junit.AutoTests" name="[139] /home/travis/build/icyphy/ptII/ptolemy/actor/lib/test/auto/Distributor2.xml (RunModel)" time="0.014" />
  <testcase classname="ptolemy.util.test.junit.AutoTests" name="[140] /home/travis/build/icyphy/ptII/ptolemy/actor/lib/test/auto/DownSample.xml (RunModel)" time="0.014" />
  <testcase classname="ptolemy.util.test.junit.AutoTests" name="[141] /home/travis/build/icyphy/ptII/ptolemy/actor/lib/test/auto/ElectronicUnitBase1.xml (RunModel)" time="0.087" />
  <testcase classname="ptolemy.util.test.junit.AutoTests" name="[142] /home/travis/build/icyphy/ptII/ptolemy/actor/lib/test/auto/ElementsToArray.xml (RunModel)" time="0.017" />
  <testcase classname="ptolemy.util.test.junit.AutoTests" name="[143] /home/travis/build/icyphy/ptII/ptolemy/actor/lib/test/auto/Equals.xml (RunModel)" time="0.016" />
  <testcase classname="ptolemy.util.test.junit.AutoTests" name="[144] /home/travis/build/icyphy/ptII/ptolemy/actor/lib/test/auto/Exec.xml (RunModel)" time="0.037" />
  <testcase classname="ptolemy.util.test.junit.AutoTests" name="[145] /home/travis/build/icyphy/ptII/ptolemy/actor/lib/test/auto/ExecEnvironment.xml (RunModel)" time="0.046" />
  <testcase classname="ptolemy.util.test.junit.AutoTests" name="[146] /home/travis/build/icyphy/ptII/ptolemy/actor/lib/test/auto/ExecNonZeroReturnOutput.xml (RunModel)" time="0.208" />
  <testcase classname="ptolemy.util.test.junit.AutoTests" name="[147] /home/travis/build/icyphy/ptII/ptolemy/actor/lib/test/auto/ExecRunDemos.xml (RunModel)" time="10.797" />
  <testcase classname="ptolemy.util.test.junit.AutoTests" name="[148] /home/travis/build/icyphy/ptII/ptolemy/actor/lib/test/auto/ExecStop.xml (RunModel)" time="5.027" />
  <testcase classname="ptolemy.util.test.junit.AutoTests" name="[149] /home/travis/build/icyphy/ptII/ptolemy/actor/lib/test/auto/ExecutionTimeSDF.xml (RunModel)" time="6.045" />
  <testcase classname="ptolemy.util.test.junit.AutoTests" name="[150] /home/travis/build/icyphy/ptII/ptolemy/actor/lib/test/auto/Expression1.xml (RunModel)" time="0.055" />
  <testcase classname="ptolemy.util.test.junit.AutoTests" name="[151] /home/travis/build/icyphy/ptII/ptolemy/actor/lib/test/auto/Expression10.xml (RunModel)" time="0.03" />
  <testcase classname="ptolemy.util.test.junit.AutoTests" name="[152] /home/travis/build/icyphy/ptII/ptolemy/actor/lib/test/auto/Expression11.xml (RunModel)" time="0.016" />
  <testcase classname="ptolemy.util.test.junit.AutoTests" name="[153] /home/travis/build/icyphy/ptII/ptolemy/actor/lib/test/auto/Expression12.xml (RunModel)" time="0.02" />
  <testcase classname="ptolemy.util.test.junit.AutoTests" name="[154] /home/travis/build/icyphy/ptII/ptolemy/actor/lib/test/auto/Expression13.xml (RunModel)" time="0.016" />
  <testcase classname="ptolemy.util.test.junit.AutoTests" name="[155] /home/travis/build/icyphy/ptII/ptolemy/actor/lib/test/auto/Expression14.xml (RunModel)" time="0.023" />
  <testcase classname="ptolemy.util.test.junit.AutoTests" name="[156] /home/travis/build/icyphy/ptII/ptolemy/actor/lib/test/auto/Expression15.xml (RunModel)" time="0.012" />
  <testcase classname="ptolemy.util.test.junit.AutoTests" name="[157] /home/travis/build/icyphy/ptII/ptolemy/actor/lib/test/auto/Expression16.xml (RunModel)" time="0.015" />
  <testcase classname="ptolemy.util.test.junit.AutoTests" name="[158] /home/travis/build/icyphy/ptII/ptolemy/actor/lib/test/auto/Expression17.xml (RunModel)" time="0.012" />
  <testcase classname="ptolemy.util.test.junit.AutoTests" name="[159] /home/travis/build/icyphy/ptII/ptolemy/actor/lib/test/auto/Expression18.xml (RunModel)" time="0.016" />
  <testcase classname="ptolemy.util.test.junit.AutoTests" name="[160] /home/travis/build/icyphy/ptII/ptolemy/actor/lib/test/auto/Expression2.xml (RunModel)" time="0.015" />
  <testcase classname="ptolemy.util.test.junit.AutoTests" name="[161] /home/travis/build/icyphy/ptII/ptolemy/actor/lib/test/auto/Expression3.xml (RunModel)" time="0.017" />
  <testcase classname="ptolemy.util.test.junit.AutoTests" name="[162] /home/travis/build/icyphy/ptII/ptolemy/actor/lib/test/auto/Expression4.xml (RunModel)" time="0.027" />
  <testcase classname="ptolemy.util.test.junit.AutoTests" name="[163] /home/travis/build/icyphy/ptII/ptolemy/actor/lib/test/auto/Expression5.xml (RunModel)" time="0.014" />
  <testcase classname="ptolemy.util.test.junit.AutoTests" name="[164] /home/travis/build/icyphy/ptII/ptolemy/actor/lib/test/auto/Expression6.xml (RunModel)" time="0.01" />
  <testcase classname="ptolemy.util.test.junit.AutoTests" name="[165] /home/travis/build/icyphy/ptII/ptolemy/actor/lib/test/auto/Expression7.xml (RunModel)" time="0.014" />
  <testcase classname="ptolemy.util.test.junit.AutoTests" name="[166] /home/travis/build/icyphy/ptII/ptolemy/actor/lib/test/auto/Expression8.xml (RunModel)" time="0.018" />
  <testcase classname="ptolemy.util.test.junit.AutoTests" name="[167] /home/travis/build/icyphy/ptII/ptolemy/actor/lib/test/auto/Expression9.xml (RunModel)" time="0.01" />
  <testcase classname="ptolemy.util.test.junit.AutoTests" name="[168] /home/travis/build/icyphy/ptII/ptolemy/actor/lib/test/auto/ExpressionConcatenateArrayType.xml (RunModel)" time="0.032" />
  <testcase classname="ptolemy.util.test.junit.AutoTests" name="[169] /home/travis/build/icyphy/ptII/ptolemy/actor/lib/test/auto/ExpressionConcatenateArrayType2.xml (RunModel)" time="0.016" />
  <testcase classname="ptolemy.util.test.junit.AutoTests" name="[170] /home/travis/build/icyphy/ptII/ptolemy/actor/lib/test/auto/ExpressionFix.xml (RunModel)" time="0.042" />
  <testcase classname="ptolemy.util.test.junit.AutoTests" name="[171] /home/travis/build/icyphy/ptII/ptolemy/actor/lib/test/auto/ExpressionFix2.xml (RunModel)" time="0.016" />
  <testcase classname="ptolemy.util.test.junit.AutoTests" name="[172] /home/travis/build/icyphy/ptII/ptolemy/actor/lib/test/auto/ExpressionFix3.xml (RunModel)" time="0.016" />
  <testcase classname="ptolemy.util.test.junit.AutoTests" name="[173] /home/travis/build/icyphy/ptII/ptolemy/actor/lib/test/auto/FileWriter1.xml (RunModel)" time="0.01" />
  <testcase classname="ptolemy.util.test.junit.AutoTests" name="[174] /home/travis/build/icyphy/ptII/ptolemy/actor/lib/test/auto/FileWriter2.xml (RunModel)" time="0.014" />
  <testcase classname="ptolemy.util.test.junit.AutoTests" name="[175] /home/travis/build/icyphy/ptII/ptolemy/actor/lib/test/auto/FileWriter3.xml (RunModel)" time="0.017" />
  <testcase classname="ptolemy.util.test.junit.AutoTests" name="[176] /home/travis/build/icyphy/ptII/ptolemy/actor/lib/test/auto/Gaussian.xml (RunModel)" time="0.017" />
  <testcase classname="ptolemy.util.test.junit.AutoTests" name="[177] /home/travis/build/icyphy/ptII/ptolemy/actor/lib/test/auto/Gaussian1.xml (RunModel)" time="0.015" />
  <testcase classname="ptolemy.util.test.junit.AutoTests" name="[178] /home/travis/build/icyphy/ptII/ptolemy/actor/lib/test/auto/Gaussian2.xml (RunModel)" time="0.027" />
  <testcase classname="ptolemy.util.test.junit.AutoTests" name="[179] /home/travis/build/icyphy/ptII/ptolemy/actor/lib/test/auto/GradientAdaptiveLattice.xml (RunModel)" time="0.02" />
  <testcase classname="ptolemy.util.test.junit.AutoTests" name="[180] /home/travis/build/icyphy/ptII/ptolemy/actor/lib/test/auto/IIR.xml (RunModel)" time="0.013" />
  <testcase classname="ptolemy.util.test.junit.AutoTests" name="[181] /home/travis/build/icyphy/ptII/ptolemy/actor/lib/test/auto/InputOutputTransparentPorts.xml (RunModel)" time="0.02" />
  <testcase classname="ptolemy.util.test.junit.AutoTests" name="[182] /home/travis/build/icyphy/ptII/ptolemy/actor/lib/test/auto/Interpolator.xml (RunModel)" time="0.016" />
  <testcase classname="ptolemy.util.test.junit.AutoTests" name="[183] /home/travis/build/icyphy/ptII/ptolemy/actor/lib/test/auto/InterpolatorFiringLimitDE.xml (RunModel)" time="0.017" />
  <testcase classname="ptolemy.util.test.junit.AutoTests" name="[184] /home/travis/build/icyphy/ptII/ptolemy/actor/lib/test/auto/Lattice.xml (RunModel)" time="0.011" />
  <testcase classname="ptolemy.util.test.junit.AutoTests" name="[185] /home/travis/build/icyphy/ptII/ptolemy/actor/lib/test/auto/LazyAOCTestLazy.xml (RunModel)" time="0.057" />
  <testcase classname="ptolemy.util.test.junit.AutoTests" name="[186] /home/travis/build/icyphy/ptII/ptolemy/actor/lib/test/auto/LazyAOCTestNonLazy.xml (RunModel)" time="0.046" />
  <testcase classname="ptolemy.util.test.junit.AutoTests" name="[187] /home/travis/build/icyphy/ptII/ptolemy/actor/lib/test/auto/LazyInnerClass.xml (RunModel)" time="0.051" />
  <testcase classname="ptolemy.util.test.junit.AutoTests" name="[188] /home/travis/build/icyphy/ptII/ptolemy/actor/lib/test/auto/LazyPubSub.xml (RunModel)" time="0.075" />
  <testcase classname="ptolemy.util.test.junit.AutoTests" name="[189] /home/travis/build/icyphy/ptII/ptolemy/actor/lib/test/auto/LazyPubSub2.xml (RunModel)" time="0.04" />
  <testcase classname="ptolemy.util.test.junit.AutoTests" name="[190] /home/travis/build/icyphy/ptII/ptolemy/actor/lib/test/auto/LazyPubSub3.xml (RunModel)" time="0.038" />
  <testcase classname="ptolemy.util.test.junit.AutoTests" name="[191] /home/travis/build/icyphy/ptII/ptolemy/actor/lib/test/auto/LazySubClassModel.xml (RunModel)" time="0.023" />
  <testcase classname="ptolemy.util.test.junit.AutoTests" name="[192] /home/travis/build/icyphy/ptII/ptolemy/actor/lib/test/auto/LevelCrossTest1.xml (RunModel)" time="0.013" />
  <testcase classname="ptolemy.util.test.junit.AutoTests" name="[193] /home/travis/build/icyphy/ptII/ptolemy/actor/lib/test/auto/LevelCrossTest10.xml (RunModel)" time="0.017" />
  <testcase classname="ptolemy.util.test.junit.AutoTests" name="[194] /home/travis/build/icyphy/ptII/ptolemy/actor/lib/test/auto/LevelCrossTest11.xml (RunModel)" time="0.019" />
  <testcase classname="ptolemy.util.test.junit.AutoTests" name="[195] /home/travis/build/icyphy/ptII/ptolemy/actor/lib/test/auto/LevelCrossTest12.xml (RunModel)" time="0.019" />
  <testcase classname="ptolemy.util.test.junit.AutoTests" name="[196] /home/travis/build/icyphy/ptII/ptolemy/actor/lib/test/auto/LevelCrossTest13.xml (RunModel)" time="0.016" />
  <testcase classname="ptolemy.util.test.junit.AutoTests" name="[197] /home/travis/build/icyphy/ptII/ptolemy/actor/lib/test/auto/LevelCrossTest2.xml (RunModel)" time="0.011" />
  <testcase classname="ptolemy.util.test.junit.AutoTests" name="[198] /home/travis/build/icyphy/ptII/ptolemy/actor/lib/test/auto/LevelCrossTest3.xml (RunModel)" time="0.017" />
  <testcase classname="ptolemy.util.test.junit.AutoTests" name="[199] /home/travis/build/icyphy/ptII/ptolemy/actor/lib/test/auto/LevelCrossTest4.xml (RunModel)" time="0.012" />
  <testcase classname="ptolemy.util.test.junit.AutoTests" name="[200] /home/travis/build/icyphy/ptII/ptolemy/actor/lib/test/auto/LevelCrossTest5.xml (RunModel)" time="0.014" />
  <testcase classname="ptolemy.util.test.junit.AutoTests" name="[201] /home/travis/build/icyphy/ptII/ptolemy/actor/lib/test/auto/LevelCrossTest6.xml (RunModel)" time="0.021" />
  <testcase classname="ptolemy.util.test.junit.AutoTests" name="[202] /home/travis/build/icyphy/ptII/ptolemy/actor/lib/test/auto/LevelCrossTest7.xml (RunModel)" time="0.016" />
  <testcase classname="ptolemy.util.test.junit.AutoTests" name="[203] /home/travis/build/icyphy/ptII/ptolemy/actor/lib/test/auto/LevelCrossTest8.xml (RunModel)" time="0.016" />
  <testcase classname="ptolemy.util.test.junit.AutoTests" name="[204] /home/travis/build/icyphy/ptII/ptolemy/actor/lib/test/auto/LevelCrossTest9.xml (RunModel)" time="0.016" />
  <testcase classname="ptolemy.util.test.junit.AutoTests" name="[205] /home/travis/build/icyphy/ptII/ptolemy/actor/lib/test/auto/LevinsonDurbin.xml (RunModel)" time="0.012" />
  <testcase classname="ptolemy.util.test.junit.AutoTests" name="[206] /home/travis/build/icyphy/ptII/ptolemy/actor/lib/test/auto/LevinsonDurbin2.xml (RunModel)" time="0.01" />
  <testcase classname="ptolemy.util.test.junit.AutoTests" name="[207] /home/travis/build/icyphy/ptII/ptolemy/actor/lib/test/auto/LevinsonDurbin3.xml (RunModel)" time="0.014" />
  <testcase classname="ptolemy.util.test.junit.AutoTests" name="[208] /home/travis/build/icyphy/ptII/ptolemy/actor/lib/test/auto/Limiter.xml (RunModel)" time="0.041" />
  <testcase classname="ptolemy.util.test.junit.AutoTests" name="[209] /home/travis/build/icyphy/ptII/ptolemy/actor/lib/test/auto/LinearDifferenceEquationSystem.xml (RunModel)" time="0.023" />
  <testcase classname="ptolemy.util.test.junit.AutoTests" name="[210] /home/travis/build/icyphy/ptII/ptolemy/actor/lib/test/auto/LookupTable.xml (RunModel)" time="0.01" />
  <testcase classname="ptolemy.util.test.junit.AutoTests" name="[211] /home/travis/build/icyphy/ptII/ptolemy/actor/lib/test/auto/MathFunction.xml (RunModel)" time="0.018" />
  <testcase classname="ptolemy.util.test.junit.AutoTests" name="[212] /home/travis/build/icyphy/ptII/ptolemy/actor/lib/test/auto/MathFunction2.xml (RunModel)" time="0.011" />
  <testcase classname="ptolemy.util.test.junit.AutoTests" name="[213] /home/travis/build/icyphy/ptII/ptolemy/actor/lib/test/auto/MathFunction3.xml (RunModel)" time="0.021" />
  <testcase classname="ptolemy.util.test.junit.AutoTests" name="[214] /home/travis/build/icyphy/ptII/ptolemy/actor/lib/test/auto/MatrixCropBoolean.xml (RunModel)" time="0.017" />
  <testcase classname="ptolemy.util.test.junit.AutoTests" name="[215] /home/travis/build/icyphy/ptII/ptolemy/actor/lib/test/auto/MatrixCropComplex.xml (RunModel)" time="0.01" />
  <testcase classname="ptolemy.util.test.junit.AutoTests" name="[216] /home/travis/build/icyphy/ptII/ptolemy/actor/lib/test/auto/MatrixCropDouble.xml (RunModel)" time="0.012" />
  <testcase classname="ptolemy.util.test.junit.AutoTests" name="[217] /home/travis/build/icyphy/ptII/ptolemy/actor/lib/test/auto/MatrixCropFix.xml (RunModel)" time="0.013" />
  <testcase classname="ptolemy.util.test.junit.AutoTests" name="[218] /home/travis/build/icyphy/ptII/ptolemy/actor/lib/test/auto/MatrixCropInt.xml (RunModel)" time="0.011" />
  <testcase classname="ptolemy.util.test.junit.AutoTests" name="[219] /home/travis/build/icyphy/ptII/ptolemy/actor/lib/test/auto/MatrixCropLong.xml (RunModel)" time="0.013" />
  <testcase classname="ptolemy.util.test.junit.AutoTests" name="[220] /home/travis/build/icyphy/ptII/ptolemy/actor/lib/test/auto/MatrixToArray.xml (RunModel)" time="0.064" />
  <testcase classname="ptolemy.util.test.junit.AutoTests" name="[221] /home/travis/build/icyphy/ptII/ptolemy/actor/lib/test/auto/MaxIndex.xml (RunModel)" time="0.016" />
  <testcase classname="ptolemy.util.test.junit.AutoTests" name="[222] /home/travis/build/icyphy/ptII/ptolemy/actor/lib/test/auto/Maximum.xml (RunModel)" time="0.02" />
  <testcase classname="ptolemy.util.test.junit.AutoTests" name="[223] /home/travis/build/icyphy/ptII/ptolemy/actor/lib/test/auto/MaximumComplex.xml (RunModel)" time="0.017" />
  <testcase classname="ptolemy.util.test.junit.AutoTests" name="[224] /home/travis/build/icyphy/ptII/ptolemy/actor/lib/test/auto/MethodCallTest.xml (RunModel)" time="0.023" />
  <testcase classname="ptolemy.util.test.junit.AutoTests" name="[225] /home/travis/build/icyphy/ptII/ptolemy/actor/lib/test/auto/Minimum.xml (RunModel)" time="0.015" />
  <testcase classname="ptolemy.util.test.junit.AutoTests" name="[226] /home/travis/build/icyphy/ptII/ptolemy/actor/lib/test/auto/MinimumComplex.xml (RunModel)" time="0.029" />
  <testcase classname="ptolemy.util.test.junit.AutoTests" name="[227] /home/travis/build/icyphy/ptII/ptolemy/actor/lib/test/auto/MinimumMultiports.xml (RunModel)" time="0.019" />
  <testcase classname="ptolemy.util.test.junit.AutoTests" name="[228] /home/travis/build/icyphy/ptII/ptolemy/actor/lib/test/auto/ModifyDate.xml (RunModel)" time="0.045" />
  <testcase classname="ptolemy.util.test.junit.AutoTests" name="[229] /home/travis/build/icyphy/ptII/ptolemy/actor/lib/test/auto/ModifyDate2.xml (RunModel)" time="0.03" />
  <testcase classname="ptolemy.util.test.junit.AutoTests" name="[230] /home/travis/build/icyphy/ptII/ptolemy/actor/lib/test/auto/MovingAverage.xml (RunModel)" time="0.023" />
  <testcase classname="ptolemy.util.test.junit.AutoTests" name="[231] /home/travis/build/icyphy/ptII/ptolemy/actor/lib/test/auto/MovingMaximum.xml (RunModel)" time="0.014" />
  <testcase classname="ptolemy.util.test.junit.AutoTests" name="[232] /home/travis/build/icyphy/ptII/ptolemy/actor/lib/test/auto/MultipleLinksToSameRelation.xml (RunModel)" time="0.008" />
  <testcase classname="ptolemy.util.test.junit.AutoTests" name="[233] /home/travis/build/icyphy/ptII/ptolemy/actor/lib/test/auto/MultipleLinksToSameRelationDE.xml (RunModel)" time="0.009" />
  <testcase classname="ptolemy.util.test.junit.AutoTests" name="[234] /home/travis/build/icyphy/ptII/ptolemy/actor/lib/test/auto/Multiplexor.xml (RunModel)" time="0.013" />
  <testcase classname="ptolemy.util.test.junit.AutoTests" name="[235] /home/travis/build/icyphy/ptII/ptolemy/actor/lib/test/auto/Multiplexor1.xml (RunModel)" time="0.014" />
  <testcase classname="ptolemy.util.test.junit.AutoTests" name="[236] /home/travis/build/icyphy/ptII/ptolemy/actor/lib/test/auto/Multiplexor2.xml (RunModel)" time="0.018" />
  <testcase classname="ptolemy.util.test.junit.AutoTests" name="[237] /home/travis/build/icyphy/ptII/ptolemy/actor/lib/test/auto/Multiplexor3.xml (RunModel)" time="0.011" />
  <testcase classname="ptolemy.util.test.junit.AutoTests" name="[238] /home/travis/build/icyphy/ptII/ptolemy/actor/lib/test/auto/MultiplexorDE.xml (RunModel)" time="0.021" />
  <testcase classname="ptolemy.util.test.junit.AutoTests" name="[239] /home/travis/build/icyphy/ptII/ptolemy/actor/lib/test/auto/MultiportBroadcastTest.xml (RunModel)" time="0.098" />
  <testcase classname="ptolemy.util.test.junit.AutoTests" name="[240] /home/travis/build/icyphy/ptII/ptolemy/actor/lib/test/auto/MultiportOutHangDuringGetWidth.xml (RunModel)" time="0.057" />
  <testcase classname="ptolemy.util.test.junit.AutoTests" name="[241] /home/travis/build/icyphy/ptII/ptolemy/actor/lib/test/auto/NilToken.xml (RunModel)" time="0.011" />
  <testcase classname="ptolemy.util.test.junit.AutoTests" name="[242] /home/travis/build/icyphy/ptII/ptolemy/actor/lib/test/auto/NilTokenNonStrictTest.xml (RunModel)" time="0.01" />
  <testcase classname="ptolemy.util.test.junit.AutoTests" name="[243] /home/travis/build/icyphy/ptII/ptolemy/actor/lib/test/auto/NilTokenRecord.xml (RunModel)" time="0.021" />
  <testcase classname="ptolemy.util.test.junit.AutoTests" name="[244] /home/travis/build/icyphy/ptII/ptolemy/actor/lib/test/auto/NilTokenTypeTest.xml (RunModel)" time="0.024" />
  <testcase classname="ptolemy.util.test.junit.AutoTests" name="[245] /home/travis/build/icyphy/ptII/ptolemy/actor/lib/test/auto/ObjectToken1.xml (RunModel)" time="0.008" />
  <testcase classname="ptolemy.util.test.junit.AutoTests" name="[246] /home/travis/build/icyphy/ptII/ptolemy/actor/lib/test/auto/OrderedMerge.xml (RunModel)" time="0.017" />
  <testcase classname="ptolemy.util.test.junit.AutoTests" name="[247] /home/travis/build/icyphy/ptII/ptolemy/actor/lib/test/auto/OrderedRecordDisassembler.xml (RunModel)" time="0.012" />
  <testcase classname="ptolemy.util.test.junit.AutoTests" name="[248] /home/travis/build/icyphy/ptII/ptolemy/actor/lib/test/auto/OrderedRecordDisassembler2.xml (RunModel)" time="0.019" />
  <testcase classname="ptolemy.util.test.junit.AutoTests" name="[249] /home/travis/build/icyphy/ptII/ptolemy/actor/lib/test/auto/OrderedRecordUpdater.xml (RunModel)" time="0.012" />
  <testcase classname="ptolemy.util.test.junit.AutoTests" name="[250] /home/travis/build/icyphy/ptII/ptolemy/actor/lib/test/auto/OrderedRecordUpdater2.xml (RunModel)" time="0.019" />
  <testcase classname="ptolemy.util.test.junit.AutoTests" name="[251] /home/travis/build/icyphy/ptII/ptolemy/actor/lib/test/auto/PhaseUnwrap.xml (RunModel)" time="0.013" />
  <testcase classname="ptolemy.util.test.junit.AutoTests" name="[252] /home/travis/build/icyphy/ptII/ptolemy/actor/lib/test/auto/PoissonClock.xml (RunModel)" time="0.01" />
  <testcase classname="ptolemy.util.test.junit.AutoTests" name="[253] /home/travis/build/icyphy/ptII/ptolemy/actor/lib/test/auto/PoissonClock2.xml (RunModel)" time="0.008" />
  <testcase classname="ptolemy.util.test.junit.AutoTests" name="[254] /home/travis/build/icyphy/ptII/ptolemy/actor/lib/test/auto/PoissonClock3.xml (RunModel)" time="0.025" />
  <testcase classname="ptolemy.util.test.junit.AutoTests" name="[255] /home/travis/build/icyphy/ptII/ptolemy/actor/lib/test/auto/PubSubWithInitialTokens.xml (RunModel)" time="0.015" />
  <testcase classname="ptolemy.util.test.junit.AutoTests" name="[256] /home/travis/build/icyphy/ptII/ptolemy/actor/lib/test/auto/PubSubWithInitialTokens2.xml (RunModel)" time="0.015" />
  <testcase classname="ptolemy.util.test.junit.AutoTests" name="[257] /home/travis/build/icyphy/ptII/ptolemy/actor/lib/test/auto/PublisherClassNoParameter.xml (RunModel)" time="0.024" />
  <testcase classname="ptolemy.util.test.junit.AutoTests" name="[258] /home/travis/build/icyphy/ptII/ptolemy/actor/lib/test/auto/PublisherClassParameter.xml (RunModel)" time="0.022" />
  <testcase classname="ptolemy.util.test.junit.AutoTests" name="[259] /home/travis/build/icyphy/ptII/ptolemy/actor/lib/test/auto/PublisherNonStrictTest.xml (RunModel)" time="0.017" />
  <testcase classname="ptolemy.util.test.junit.AutoTests" name="[260] /home/travis/build/icyphy/ptII/ptolemy/actor/lib/test/auto/PublisherPort1.xml (RunModel)" time="0.022" />
  <testcase classname="ptolemy.util.test.junit.AutoTests" name="[261] /home/travis/build/icyphy/ptII/ptolemy/actor/lib/test/auto/PublisherPort2.xml (RunModel)" time="0.012" />
  <testcase classname="ptolemy.util.test.junit.AutoTests" name="[262] /home/travis/build/icyphy/ptII/ptolemy/actor/lib/test/auto/PublisherPort3.xml (RunModel)" time="0.012" />
  <testcase classname="ptolemy.util.test.junit.AutoTests" name="[263] /home/travis/build/icyphy/ptII/ptolemy/actor/lib/test/auto/PublisherPort4.xml (RunModel)" time="0.017" />
  <testcase classname="ptolemy.util.test.junit.AutoTests" name="[264] /home/travis/build/icyphy/ptII/ptolemy/actor/lib/test/auto/PublisherPort5.xml (RunModel)" time="0.028" />
  <testcase classname="ptolemy.util.test.junit.AutoTests" name="[265] /home/travis/build/icyphy/ptII/ptolemy/actor/lib/test/auto/PublisherPort5LookAlike.xml (RunModel)" time="0.023" />
  <testcase classname="ptolemy.util.test.junit.AutoTests" name="[266] /home/travis/build/icyphy/ptII/ptolemy/actor/lib/test/auto/PublisherPort6.xml (RunModel)" time="0.013" />
  <testcase classname="ptolemy.util.test.junit.AutoTests" name="[267] /home/travis/build/icyphy/ptII/ptolemy/actor/lib/test/auto/PublisherPort7.xml (RunModel)" time="0.016" />
  <testcase classname="ptolemy.util.test.junit.AutoTests" name="[268] /home/travis/build/icyphy/ptII/ptolemy/actor/lib/test/auto/PublisherPort8.xml (RunModel)" time="0.03" />
  <testcase classname="ptolemy.util.test.junit.AutoTests" name="[269] /home/travis/build/icyphy/ptII/ptolemy/actor/lib/test/auto/PublisherPortSubscriberChannelVariablesAOC2.xml (RunModel)" time="0.035" />
  <testcase classname="ptolemy.util.test.junit.AutoTests" name="[270] /home/travis/build/icyphy/ptII/ptolemy/actor/lib/test/auto/PublisherPortSubscriberOpaqueWidthInference.xml (RunModel)" time="0.016" />
  <testcase classname="ptolemy.util.test.junit.AutoTests" name="[271] /home/travis/build/icyphy/ptII/ptolemy/actor/lib/test/auto/PublisherPortSubscriberPortAdjacent.xml (RunModel)" time="0.019" />
  <testcase classname="ptolemy.util.test.junit.AutoTests" name="[272] /home/travis/build/icyphy/ptII/ptolemy/actor/lib/test/auto/PublisherPortSubscriberPortExpression.xml (RunModel)" time="0.019" />
  <testcase classname="ptolemy.util.test.junit.AutoTests" name="[273] /home/travis/build/icyphy/ptII/ptolemy/actor/lib/test/auto/PublisherPortSubscriberPortOpaqueD3Reverse.xml (RunModel)" time="0.049" />
  <testcase classname="ptolemy.util.test.junit.AutoTests" name="[274] /home/travis/build/icyphy/ptII/ptolemy/actor/lib/test/auto/PublisherPortSubscriberPortOpaqueWidthInference.xml (RunModel)" time="0.026" />
  <testcase classname="ptolemy.util.test.junit.AutoTests" name="[275] /home/travis/build/icyphy/ptII/ptolemy/actor/lib/test/auto/PublisherPortToplevelSubscriberPortAOC.xml (RunModel)" time="0.012" />
  <testcase classname="ptolemy.util.test.junit.AutoTests" name="[276] /home/travis/build/icyphy/ptII/ptolemy/actor/lib/test/auto/PublisherSubscriber.xml (RunModel)" time="0.013" />
  <testcase classname="ptolemy.util.test.junit.AutoTests" name="[277] /home/travis/build/icyphy/ptII/ptolemy/actor/lib/test/auto/PublisherSubscriber10.xml (RunModel)" time="0.02" />
  <testcase classname="ptolemy.util.test.junit.AutoTests" name="[278] /home/travis/build/icyphy/ptII/ptolemy/actor/lib/test/auto/PublisherSubscriber10InitialOutputs.xml (RunModel)" time="0.063" />
  <testcase classname="ptolemy.util.test.junit.AutoTests" name="[279] /home/travis/build/icyphy/ptII/ptolemy/actor/lib/test/auto/PublisherSubscriber11.xml (RunModel)" time="0.014" />
  <testcase classname="ptolemy.util.test.junit.AutoTests" name="[280] /home/travis/build/icyphy/ptII/ptolemy/actor/lib/test/auto/PublisherSubscriber12.xml (RunModel)" time="0.012" />
  <testcase classname="ptolemy.util.test.junit.AutoTests" name="[281] /home/travis/build/icyphy/ptII/ptolemy/actor/lib/test/auto/PublisherSubscriber13.xml (RunModel)" time="0.011" />
  <testcase classname="ptolemy.util.test.junit.AutoTests" name="[282] /home/travis/build/icyphy/ptII/ptolemy/actor/lib/test/auto/PublisherSubscriber14.xml (RunModel)" time="0.025" />
  <testcase classname="ptolemy.util.test.junit.AutoTests" name="[283] /home/travis/build/icyphy/ptII/ptolemy/actor/lib/test/auto/PublisherSubscriber2.xml (RunModel)" time="0.011" />
  <testcase classname="ptolemy.util.test.junit.AutoTests" name="[284] /home/travis/build/icyphy/ptII/ptolemy/actor/lib/test/auto/PublisherSubscriber3.xml (RunModel)" time="0.01" />
  <testcase classname="ptolemy.util.test.junit.AutoTests" name="[285] /home/travis/build/icyphy/ptII/ptolemy/actor/lib/test/auto/PublisherSubscriber4.xml (RunModel)" time="0.02" />
  <testcase classname="ptolemy.util.test.junit.AutoTests" name="[286] /home/travis/build/icyphy/ptII/ptolemy/actor/lib/test/auto/PublisherSubscriber5.xml (RunModel)" time="0.013" />
  <testcase classname="ptolemy.util.test.junit.AutoTests" name="[287] /home/travis/build/icyphy/ptII/ptolemy/actor/lib/test/auto/PublisherSubscriber6.xml (RunModel)" time="0.015" />
  <testcase classname="ptolemy.util.test.junit.AutoTests" name="[288] /home/travis/build/icyphy/ptII/ptolemy/actor/lib/test/auto/PublisherSubscriber7.xml (RunModel)" time="0.019" />
  <testcase classname="ptolemy.util.test.junit.AutoTests" name="[289] /home/travis/build/icyphy/ptII/ptolemy/actor/lib/test/auto/PublisherSubscriber8.xml (RunModel)" time="0.041" />
  <testcase classname="ptolemy.util.test.junit.AutoTests" name="[290] /home/travis/build/icyphy/ptII/ptolemy/actor/lib/test/auto/PublisherSubscriber9.xml (RunModel)" time="0.019" />
  <testcase classname="ptolemy.util.test.junit.AutoTests" name="[291] /home/travis/build/icyphy/ptII/ptolemy/actor/lib/test/auto/PublisherSubscriberAdjacent.xml (RunModel)" time="0.023" />
  <testcase classname="ptolemy.util.test.junit.AutoTests" name="[292] /home/travis/build/icyphy/ptII/ptolemy/actor/lib/test/auto/PublisherSubscriberChannelVariablesAOC2.xml (RunModel)" time="0.027" />
  <testcase classname="ptolemy.util.test.junit.AutoTests" name="[293] /home/travis/build/icyphy/ptII/ptolemy/actor/lib/test/auto/PublisherSubscriberD3.xml (RunModel)" time="0.011" />
  <testcase classname="ptolemy.util.test.junit.AutoTests" name="[294] /home/travis/build/icyphy/ptII/ptolemy/actor/lib/test/auto/PublisherSubscriberD3Reverse.xml (RunModel)" time="0.011" />
  <testcase classname="ptolemy.util.test.junit.AutoTests" name="[295] /home/travis/build/icyphy/ptII/ptolemy/actor/lib/test/auto/PublisherSubscriberExpression.xml (RunModel)" time="0.019" />
  <testcase classname="ptolemy.util.test.junit.AutoTests" name="[296] /home/travis/build/icyphy/ptII/ptolemy/actor/lib/test/auto/PublisherSubscriberOpaque.xml (RunModel)" time="0.017" />
  <testcase classname="ptolemy.util.test.junit.AutoTests" name="[297] /home/travis/build/icyphy/ptII/ptolemy/actor/lib/test/auto/PublisherSubscriberOpaqueD3.xml (RunModel)" time="0.026" />
  <testcase classname="ptolemy.util.test.junit.AutoTests" name="[298] /home/travis/build/icyphy/ptII/ptolemy/actor/lib/test/auto/PublisherSubscriberOpaqueD3Reverse.xml (RunModel)" time="0.023" />
  <testcase classname="ptolemy.util.test.junit.AutoTests" name="[299] /home/travis/build/icyphy/ptII/ptolemy/actor/lib/test/auto/PublisherSubscriberOpaqueWidthInference.xml (RunModel)" time="0.016" />
  <testcase classname="ptolemy.util.test.junit.AutoTests" name="[300] /home/travis/build/icyphy/ptII/ptolemy/actor/lib/test/auto/PublisherTestSubscriber.xml (RunModel)" time="0.016" />
  <testcase classname="ptolemy.util.test.junit.AutoTests" name="[301] /home/travis/build/icyphy/ptII/ptolemy/actor/lib/test/auto/PublisherToplevelSubscriberPortAOC.xml (RunModel)" time="0.013" />
  <testcase classname="ptolemy.util.test.junit.AutoTests" name="[302] /home/travis/build/icyphy/ptII/ptolemy/actor/lib/test/auto/PulseFiringLimitDE.xml (RunModel)" time="0.014" />
  <testcase classname="ptolemy.util.test.junit.AutoTests" name="[303] /home/travis/build/icyphy/ptII/ptolemy/actor/lib/test/auto/Ramp1.xml (RunModel)" time="0.007" />
  <testcase classname="ptolemy.util.test.junit.AutoTests" name="[304] /home/travis/build/icyphy/ptII/ptolemy/actor/lib/test/auto/RampFiringLimitDE.xml (RunModel)" time="0.015" />
  <testcase classname="ptolemy.util.test.junit.AutoTests" name="[305] /home/travis/build/icyphy/ptII/ptolemy/actor/lib/test/auto/RampFiringLimitSDF.xml (RunModel)" time="0.01" />
  <testcase classname="ptolemy.util.test.junit.AutoTests" name="[306] /home/travis/build/icyphy/ptII/ptolemy/actor/lib/test/auto/RandomInteger.xml (RunModel)" time="0.011" />
  <testcase classname="ptolemy.util.test.junit.AutoTests" name="[307] /home/travis/build/icyphy/ptII/ptolemy/actor/lib/test/auto/ReadFile1.xml (RunModel)" time="0.011" />
  <testcase classname="ptolemy.util.test.junit.AutoTests" name="[308] /home/travis/build/icyphy/ptII/ptolemy/actor/lib/test/auto/ReadFile2.xml (RunModel)" time="0.009" />
  <testcase classname="ptolemy.util.test.junit.AutoTests" name="[309] /home/travis/build/icyphy/ptII/ptolemy/actor/lib/test/auto/Reader.xml (RunModel)" time="0.017" />
  <testcase classname="ptolemy.util.test.junit.AutoTests" name="[310] /home/travis/build/icyphy/ptII/ptolemy/actor/lib/test/auto/RecordAssemblerDisplayNameTest.xml (RunModel)" time="3.399" />
  <testcase classname="ptolemy.util.test.junit.AutoTests" name="[311] /home/travis/build/icyphy/ptII/ptolemy/actor/lib/test/auto/RecordAssemblerTypeError.xml (RunModel)" time="0.033" />
  <testcase classname="ptolemy.util.test.junit.AutoTests" name="[312] /home/travis/build/icyphy/ptII/ptolemy/actor/lib/test/auto/RecordDisassember.xml (RunModel)" time="0.024" />
  <testcase classname="ptolemy.util.test.junit.AutoTests" name="[313] /home/travis/build/icyphy/ptII/ptolemy/actor/lib/test/auto/RecordDisassemberDisplayNameTest.xml (RunModel)" time="0.025" />
  <testcase classname="ptolemy.util.test.junit.AutoTests" name="[314] /home/travis/build/icyphy/ptII/ptolemy/actor/lib/test/auto/RecordDisassembler.xml (RunModel)" time="0.024" />
  <testcase classname="ptolemy.util.test.junit.AutoTests" name="[315] /home/travis/build/icyphy/ptII/ptolemy/actor/lib/test/auto/RecordDisassembler2.xml (RunModel)" time="0.013" />
  <testcase classname="ptolemy.util.test.junit.AutoTests" name="[316] /home/travis/build/icyphy/ptII/ptolemy/actor/lib/test/auto/RecordUpdater.xml (RunModel)" time="0.011" />
  <testcase classname="ptolemy.util.test.junit.AutoTests" name="[317] /home/travis/build/icyphy/ptII/ptolemy/actor/lib/test/auto/RecordUpdater2.xml (RunModel)" time="0.01" />
  <testcase classname="ptolemy.util.test.junit.AutoTests" name="[318] /home/travis/build/icyphy/ptII/ptolemy/actor/lib/test/auto/RecursiveLattice.xml (RunModel)" time="0.01" />
  <testcase classname="ptolemy.util.test.junit.AutoTests" name="[319] /home/travis/build/icyphy/ptII/ptolemy/actor/lib/test/auto/Router.xml (RunModel)" time="3.028" />
  <testcase classname="ptolemy.util.test.junit.AutoTests" name="[320] /home/travis/build/icyphy/ptII/ptolemy/actor/lib/test/auto/Router2.xml (RunModel)" time="3.029" />
  <testcase classname="ptolemy.util.test.junit.AutoTests" name="[321] /home/travis/build/icyphy/ptII/ptolemy/actor/lib/test/auto/RunningMaximum.xml (RunModel)" time="0.016" />
  <testcase classname="ptolemy.util.test.junit.AutoTests" name="[322] /home/travis/build/icyphy/ptII/ptolemy/actor/lib/test/auto/RunningMinimum.xml (RunModel)" time="0.019" />
  <testcase classname="ptolemy.util.test.junit.AutoTests" name="[323] /home/travis/build/icyphy/ptII/ptolemy/actor/lib/test/auto/Scale.xml (RunModel)" time="0.008" />
  <testcase classname="ptolemy.util.test.junit.AutoTests" name="[324] /home/travis/build/icyphy/ptII/ptolemy/actor/lib/test/auto/Scale2.xml (RunModel)" time="0.008" />
  <testcase classname="ptolemy.util.test.junit.AutoTests" name="[325] /home/travis/build/icyphy/ptII/ptolemy/actor/lib/test/auto/Scale3.xml (RunModel)" time="0.016" />
  <testcase classname="ptolemy.util.test.junit.AutoTests" name="[326] /home/travis/build/icyphy/ptII/ptolemy/actor/lib/test/auto/ScaleArray.xml (RunModel)" time="0.008" />
  <testcase classname="ptolemy.util.test.junit.AutoTests" name="[327] /home/travis/build/icyphy/ptII/ptolemy/actor/lib/test/auto/ScaleArray2.xml (RunModel)" time="0.008" />
  <testcase classname="ptolemy.util.test.junit.AutoTests" name="[328] /home/travis/build/icyphy/ptII/ptolemy/actor/lib/test/auto/ScaleMatrix.xml (RunModel)" time="0.15" />
  <testcase classname="ptolemy.util.test.junit.AutoTests" name="[329] /home/travis/build/icyphy/ptII/ptolemy/actor/lib/test/auto/Select.xml (RunModel)" time="0.022" />
  <testcase classname="ptolemy.util.test.junit.AutoTests" name="[330] /home/travis/build/icyphy/ptII/ptolemy/actor/lib/test/auto/Select2.xml (RunModel)" time="0.009" />
  <testcase classname="ptolemy.util.test.junit.AutoTests" name="[331] /home/travis/build/icyphy/ptII/ptolemy/actor/lib/test/auto/SequenceToArray2.xml (RunModel)" time="0.147" />
  <testcase classname="ptolemy.util.test.junit.AutoTests" name="[332] /home/travis/build/icyphy/ptII/ptolemy/actor/lib/test/auto/SequentialClock.xml (RunModel)" time="0.015" />
  <testcase classname="ptolemy.util.test.junit.AutoTests" name="[333] /home/travis/build/icyphy/ptII/ptolemy/actor/lib/test/auto/SetVariable.xml (RunModel)" time="0.01" />
  <testcase classname="ptolemy.util.test.junit.AutoTests" name="[334] /home/travis/build/icyphy/ptII/ptolemy/actor/lib/test/auto/SetVariable2.xml (RunModel)" time="0.01" />
  <testcase classname="ptolemy.util.test.junit.AutoTests" name="[335] /home/travis/build/icyphy/ptII/ptolemy/actor/lib/test/auto/SetVariable3.xml (RunModel)" time="0.016" />
  <testcase classname="ptolemy.util.test.junit.AutoTests" name="[336] /home/travis/build/icyphy/ptII/ptolemy/actor/lib/test/auto/SetVariable4.xml (RunModel)" time="0.025" />
  <testcase classname="ptolemy.util.test.junit.AutoTests" name="[337] /home/travis/build/icyphy/ptII/ptolemy/actor/lib/test/auto/SetVariable5.xml (RunModel)" time="0.039" />
  <testcase classname="ptolemy.util.test.junit.AutoTests" name="[338] /home/travis/build/icyphy/ptII/ptolemy/actor/lib/test/auto/Sinewave.xml (RunModel)" time="0.067" />
  <testcase classname="ptolemy.util.test.junit.AutoTests" name="[339] /home/travis/build/icyphy/ptII/ptolemy/actor/lib/test/auto/Sinewave2.xml (RunModel)" time="0.016" />
  <testcase classname="ptolemy.util.test.junit.AutoTests" name="[340] /home/travis/build/icyphy/ptII/ptolemy/actor/lib/test/auto/Sinewave3.xml (RunModel)" time="0.024" />
  <testcase classname="ptolemy.util.test.junit.AutoTests" name="[341] /home/travis/build/icyphy/ptII/ptolemy/actor/lib/test/auto/SingleEvent.xml (RunModel)" time="0.008" />
  <testcase classname="ptolemy.util.test.junit.AutoTests" name="[342] /home/travis/build/icyphy/ptII/ptolemy/actor/lib/test/auto/Sleep.xml (RunModel)" time="6.025" />
  <testcase classname="ptolemy.util.test.junit.AutoTests" name="[343] /home/travis/build/icyphy/ptII/ptolemy/actor/lib/test/auto/SleepMultipleFire.xml (RunModel)" time="1.027" />
  <testcase classname="ptolemy.util.test.junit.AutoTests" name="[344] /home/travis/build/icyphy/ptII/ptolemy/actor/lib/test/auto/StopDE.xml (RunModel)" time="0.016" />
  <testcase classname="ptolemy.util.test.junit.AutoTests" name="[345] /home/travis/build/icyphy/ptII/ptolemy/actor/lib/test/auto/StopSDF.xml (RunModel)" time="0.014" />
  <testcase classname="ptolemy.util.test.junit.AutoTests" name="[346] /home/travis/build/icyphy/ptII/ptolemy/actor/lib/test/auto/StringConstant.xml (RunModel)" time="0.017" />
  <testcase classname="ptolemy.util.test.junit.AutoTests" name="[347] /home/travis/build/icyphy/ptII/ptolemy/actor/lib/test/auto/SubscriberPortInitialValues1.xml (RunModel)" time="0.023" />
  <testcase classname="ptolemy.util.test.junit.AutoTests" name="[348] /home/travis/build/icyphy/ptII/ptolemy/actor/lib/test/auto/SubscriberPortInitialValues13.xml (RunModel)" time="0.026" />
  <testcase classname="ptolemy.util.test.junit.AutoTests" name="[349] /home/travis/build/icyphy/ptII/ptolemy/actor/lib/test/auto/SubscriberPortInitialValues14.xml (RunModel)" time="0.021" />
  <testcase classname="ptolemy.util.test.junit.AutoTests" name="[350] /home/travis/build/icyphy/ptII/ptolemy/actor/lib/test/auto/SubscriberPortInitialValues2.xml (RunModel)" time="0.014" />
  <testcase classname="ptolemy.util.test.junit.AutoTests" name="[351] /home/travis/build/icyphy/ptII/ptolemy/actor/lib/test/auto/SubscriberPortInitialValues3.xml (RunModel)" time="0.021" />
  <testcase classname="ptolemy.util.test.junit.AutoTests" name="[352] /home/travis/build/icyphy/ptII/ptolemy/actor/lib/test/auto/SubscriptionAggregator.xml (RunModel)" time="0.011" />
  <testcase classname="ptolemy.util.test.junit.AutoTests" name="[353] /home/travis/build/icyphy/ptII/ptolemy/actor/lib/test/auto/SubscriptionAggregator2.xml (RunModel)" time="0.012" />
  <testcase classname="ptolemy.util.test.junit.AutoTests" name="[354] /home/travis/build/icyphy/ptII/ptolemy/actor/lib/test/auto/SubscriptionAggregator3.xml (RunModel)" time="0.018" />
  <testcase classname="ptolemy.util.test.junit.AutoTests" name="[355] /home/travis/build/icyphy/ptII/ptolemy/actor/lib/test/auto/SubscriptionAggregatorMultiply.xml (RunModel)" time="0.015" />
  <testcase classname="ptolemy.util.test.junit.AutoTests" name="[356] /home/travis/build/icyphy/ptII/ptolemy/actor/lib/test/auto/SubscriptionAggregatorPortMultiply1.xml (RunModel)" time="0.016" />
  <testcase classname="ptolemy.util.test.junit.AutoTests" name="[357] /home/travis/build/icyphy/ptII/ptolemy/actor/lib/test/auto/Switch.xml (RunModel)" time="0.017" />
  <testcase classname="ptolemy.util.test.junit.AutoTests" name="[358] /home/travis/build/icyphy/ptII/ptolemy/actor/lib/test/auto/Switch2.xml (RunModel)" time="0.013" />
  <testcase classname="ptolemy.util.test.junit.AutoTests" name="[359] /home/travis/build/icyphy/ptII/ptolemy/actor/lib/test/auto/SwitchDE.xml (RunModel)" time="0.017" />
  <testcase classname="ptolemy.util.test.junit.AutoTests" name="[360] /home/travis/build/icyphy/ptII/ptolemy/actor/lib/test/auto/SynchronizerDE.xml (RunModel)" time="0.022" />
  <testcase classname="ptolemy.util.test.junit.AutoTests" name="[361] /home/travis/build/icyphy/ptII/ptolemy/actor/lib/test/auto/Test.xml (RunModel)" time="0.009" />
  <testcase classname="ptolemy.util.test.junit.AutoTests" name="[362] /home/travis/build/icyphy/ptII/ptolemy/actor/lib/test/auto/TestExceptionAttribute1.xml (RunModel)" time="0.008" />
  <testcase classname="ptolemy.util.test.junit.AutoTests" name="[363] /home/travis/build/icyphy/ptII/ptolemy/actor/lib/test/auto/TestExceptionAttribute2.xml (RunModel)" time="0.01" />
  <testcase classname="ptolemy.util.test.junit.AutoTests" name="[364] /home/travis/build/icyphy/ptII/ptolemy/actor/lib/test/auto/TestExceptionAttribute3.xml (RunModel)" time="0.012" />
  <testcase classname="ptolemy.util.test.junit.AutoTests" name="[365] /home/travis/build/icyphy/ptII/ptolemy/actor/lib/test/auto/TestExceptionAttribute4.xml (RunModel)" time="0.007" />
  <testcase classname="ptolemy.util.test.junit.AutoTests" name="[366] /home/travis/build/icyphy/ptII/ptolemy/actor/lib/test/auto/TestExceptionHandler1.xml (RunModel)" time="0.006" />
  <testcase classname="ptolemy.util.test.junit.AutoTests" name="[367] /home/travis/build/icyphy/ptII/ptolemy/actor/lib/test/auto/TestExceptionHandler2.xml (RunModel)" time="0.008" />
  <testcase classname="ptolemy.util.test.junit.AutoTests" name="[368] /home/travis/build/icyphy/ptII/ptolemy/actor/lib/test/auto/TestExceptionHandler3.xml (RunModel)" time="0.009" />
  <testcase classname="ptolemy.util.test.junit.AutoTests" name="[369] /home/travis/build/icyphy/ptII/ptolemy/actor/lib/test/auto/TestExceptionHandler4.xml (RunModel)" time="0.008" />
  <testcase classname="ptolemy.util.test.junit.AutoTests" name="[370] /home/travis/build/icyphy/ptII/ptolemy/actor/lib/test/auto/TestRequireCorrectOrder.xml (RunModel)" time="0.017" />
  <testcase classname="ptolemy.util.test.junit.AutoTests" name="[371] /home/travis/build/icyphy/ptII/ptolemy/actor/lib/test/auto/TestSimple.xml (RunModel)" time="0.009" />
  <testcase classname="ptolemy.util.test.junit.AutoTests" name="[372] /home/travis/build/icyphy/ptII/ptolemy/actor/lib/test/auto/ThrowModelError.xml (RunModel)" time="0.012" />
  <testcase classname="ptolemy.util.test.junit.AutoTests" name="[373] /home/travis/build/icyphy/ptII/ptolemy/actor/lib/test/auto/TimeDelayMicrosteps.xml (RunModel)" time="0.018" />
  <testcase classname="ptolemy.util.test.junit.AutoTests" name="[374] /home/travis/build/icyphy/ptII/ptolemy/actor/lib/test/auto/TimeDelayMicrosteps2.xml (RunModel)" time="0.015" />
  <testcase classname="ptolemy.util.test.junit.AutoTests" name="[375] /home/travis/build/icyphy/ptII/ptolemy/actor/lib/test/auto/TimeDelayMicrosteps3.xml (RunModel)" time="0.012" />
  <testcase classname="ptolemy.util.test.junit.AutoTests" name="[376] /home/travis/build/icyphy/ptII/ptolemy/actor/lib/test/auto/TimeDelayVariableMicrosteps.xml (RunModel)" time="0.013" />
  <testcase classname="ptolemy.util.test.junit.AutoTests" name="[377] /home/travis/build/icyphy/ptII/ptolemy/actor/lib/test/auto/TimeGap.xml (RunModel)" time="0.017" />
  <testcase classname="ptolemy.util.test.junit.AutoTests" name="[378] /home/travis/build/icyphy/ptII/ptolemy/actor/lib/test/auto/TimeGap2.xml (RunModel)" time="0.012" />
  <testcase classname="ptolemy.util.test.junit.AutoTests" name="[379] /home/travis/build/icyphy/ptII/ptolemy/actor/lib/test/auto/TimedSinewave.xml (RunModel)" time="0.062" />
  <testcase classname="ptolemy.util.test.junit.AutoTests" name="[380] /home/travis/build/icyphy/ptII/ptolemy/actor/lib/test/auto/TimedSinewavePhase.xml (RunModel)" time="0.038" />
  <testcase classname="ptolemy.util.test.junit.AutoTests" name="[381] /home/travis/build/icyphy/ptII/ptolemy/actor/lib/test/auto/Timer.xml (RunModel)" time="0.018" />
  <testcase classname="ptolemy.util.test.junit.AutoTests" name="[382] /home/travis/build/icyphy/ptII/ptolemy/actor/lib/test/auto/TriangularDistTestModel.xml (RunModel)" time="0.018" />
  <testcase classname="ptolemy.util.test.junit.AutoTests" name="[383] /home/travis/build/icyphy/ptII/ptolemy/actor/lib/test/auto/TrigFunction.xml (RunModel)" time="0.009" />
  <testcase classname="ptolemy.util.test.junit.AutoTests" name="[384] /home/travis/build/icyphy/ptII/ptolemy/actor/lib/test/auto/TrigFunctionDE.xml (RunModel)" time="0.012" />
  <testcase classname="ptolemy.util.test.junit.AutoTests" name="[385] /home/travis/build/icyphy/ptII/ptolemy/actor/lib/test/auto/TrigFunctionInverse.xml (RunModel)" time="0.01" />
  <testcase classname="ptolemy.util.test.junit.AutoTests" name="[386] /home/travis/build/icyphy/ptII/ptolemy/actor/lib/test/auto/TrigFunctionTan.xml (RunModel)" time="0.007" />
  <testcase classname="ptolemy.util.test.junit.AutoTests" name="[387] /home/travis/build/icyphy/ptII/ptolemy/actor/lib/test/auto/TriggeredClock.xml (RunModel)" time="0.011" />
  <testcase classname="ptolemy.util.test.junit.AutoTests" name="[388] /home/travis/build/icyphy/ptII/ptolemy/actor/lib/test/auto/URLDirectoryReader.xml (RunModel)" time="0.127" />
  <testcase classname="ptolemy.util.test.junit.AutoTests" name="[389] /home/travis/build/icyphy/ptII/ptolemy/actor/lib/test/auto/URLDirectoryReader3.xml (RunModel)" time="1.826" />
  <testcase classname="ptolemy.util.test.junit.AutoTests" name="[390] /home/travis/build/icyphy/ptII/ptolemy/actor/lib/test/auto/UnaryMathFunction.xml (RunModel)" time="0.024" />
  <testcase classname="ptolemy.util.test.junit.AutoTests" name="[391] /home/travis/build/icyphy/ptII/ptolemy/actor/lib/test/auto/Uniform.xml (RunModel)" time="0.014" />
  <testcase classname="ptolemy.util.test.junit.AutoTests" name="[392] /home/travis/build/icyphy/ptII/ptolemy/actor/lib/test/auto/UnionDisassemblerTest.xml (RunModel)" time="0.02" />
  <testcase classname="ptolemy.util.test.junit.AutoTests" name="[393] /home/travis/build/icyphy/ptII/ptolemy/actor/lib/test/auto/UtilityFunctions.xml (RunModel)" time="0.009" />
  <testcase classname="ptolemy.util.test.junit.AutoTests" name="[394] /home/travis/build/icyphy/ptII/ptolemy/actor/lib/test/auto/VariableSleep.xml (RunModel)" time="0.512" />
  <testcase classname="ptolemy.util.test.junit.AutoTests" name="[395] /home/travis/build/icyphy/ptII/ptolemy/actor/lib/test/auto/VectorAssemblerDisassemblerCT.xml (RunModel)" time="0.132" />
  <testcase classname="ptolemy.util.test.junit.AutoTests" name="[396] /home/travis/build/icyphy/ptII/ptolemy/actor/lib/test/auto/VectorAssemblerDisassemblerDE.xml (RunModel)" time="0.045" />
  <testcase classname="ptolemy.util.test.junit.AutoTests" name="[397] /home/travis/build/icyphy/ptII/ptolemy/actor/lib/test/auto/VectorAssemblerDisassemblerSDF.xml (RunModel)" time="0.034" />
  <testcase classname="ptolemy.util.test.junit.AutoTests" name="[398] /home/travis/build/icyphy/ptII/ptolemy/actor/lib/test/auto/WallClockTime.xml (RunModel)" time="1.014" />
  <testcase classname="ptolemy.util.test.junit.AutoTests" name="[399] /home/travis/build/icyphy/ptII/ptolemy/actor/lib/test/auto/WidthTestWithSubscriberPublisher.xml (RunModel)" time="0.048" />
  <testcase classname="ptolemy.util.test.junit.AutoTests" name="[400] /home/travis/build/icyphy/ptII/ptolemy/actor/lib/test/auto/WidthTestWithSubscriberPublisher2.xml (RunModel)" time="0.019" />
  <testcase classname="ptolemy.util.test.junit.AutoTests" name="[401] /home/travis/build/icyphy/ptII/ptolemy/actor/lib/test/auto/WidthTestWithSubscriberPublisher3.xml (RunModel)" time="0.012" />
  <testcase classname="ptolemy.util.test.junit.AutoTests" name="[402] /home/travis/build/icyphy/ptII/ptolemy/actor/lib/test/auto/Writer.xml (RunModel)" time="0.009" />
  <testcase classname="ptolemy.util.test.junit.AutoTests" name="[403] /home/travis/build/icyphy/ptII/ptolemy/actor/lib/test/auto/array.xml (RunModel)" time="0.027" />
  <testcase classname="ptolemy.util.test.junit.AutoTests" name="[404] /home/travis/build/icyphy/ptII/ptolemy/actor/lib/test/auto/array2.xml (RunModel)" time="0.012" />
  <testcase classname="ptolemy.util.test.junit.AutoTests" name="[405] /home/travis/build/icyphy/ptII/ptolemy/actor/lib/test/auto/arrayType.xml (RunModel)" time="0.011" />
  <testcase classname="ptolemy.util.test.junit.AutoTests" name="[406] /home/travis/build/icyphy/ptII/ptolemy/actor/lib/test/auto/arrayType10.xml (RunModel)" time="0.01" />
  <testcase classname="ptolemy.util.test.junit.AutoTests" name="[407] /home/travis/build/icyphy/ptII/ptolemy/actor/lib/test/auto/arrayType11.xml (RunModel)" time="0.011" />
  <testcase classname="ptolemy.util.test.junit.AutoTests" name="[408] /home/travis/build/icyphy/ptII/ptolemy/actor/lib/test/auto/arrayType12.xml (RunModel)" time="0.011" />
  <testcase classname="ptolemy.util.test.junit.AutoTests" name="[409] /home/travis/build/icyphy/ptII/ptolemy/actor/lib/test/auto/arrayType13.xml (RunModel)" time="0.01" />
  <testcase classname="ptolemy.util.test.junit.AutoTests" name="[410] /home/travis/build/icyphy/ptII/ptolemy/actor/lib/test/auto/arrayType14.xml (RunModel)" time="0.01" />
  <testcase classname="ptolemy.util.test.junit.AutoTests" name="[411] /home/travis/build/icyphy/ptII/ptolemy/actor/lib/test/auto/arrayType15.xml (RunModel)" time="0.012" />
  <testcase classname="ptolemy.util.test.junit.AutoTests" name="[412] /home/travis/build/icyphy/ptII/ptolemy/actor/lib/test/auto/arrayType16.xml (RunModel)" time="0.01" />
  <testcase classname="ptolemy.util.test.junit.AutoTests" name="[413] /home/travis/build/icyphy/ptII/ptolemy/actor/lib/test/auto/arrayType17.xml (RunModel)" time="0.01" />
  <testcase classname="ptolemy.util.test.junit.AutoTests" name="[414] /home/travis/build/icyphy/ptII/ptolemy/actor/lib/test/auto/arrayType18.xml (RunModel)" time="0.01" />
  <testcase classname="ptolemy.util.test.junit.AutoTests" name="[415] /home/travis/build/icyphy/ptII/ptolemy/actor/lib/test/auto/arrayType19.xml (RunModel)" time="0.009" />
  <testcase classname="ptolemy.util.test.junit.AutoTests" name="[416] /home/travis/build/icyphy/ptII/ptolemy/actor/lib/test/auto/arrayType2.xml (RunModel)" time="0.01" />
  <testcase classname="ptolemy.util.test.junit.AutoTests" name="[417] /home/travis/build/icyphy/ptII/ptolemy/actor/lib/test/auto/arrayType20.xml (RunModel)" time="0.01" />
  <testcase classname="ptolemy.util.test.junit.AutoTests" name="[418] /home/travis/build/icyphy/ptII/ptolemy/actor/lib/test/auto/arrayType21.xml (RunModel)" time="0.009" />
  <testcase classname="ptolemy.util.test.junit.AutoTests" name="[419] /home/travis/build/icyphy/ptII/ptolemy/actor/lib/test/auto/arrayType22.xml (RunModel)" time="0.009" />
  <testcase classname="ptolemy.util.test.junit.AutoTests" name="[420] /home/travis/build/icyphy/ptII/ptolemy/actor/lib/test/auto/arrayType23.xml (RunModel)" time="0.008" />
  <testcase classname="ptolemy.util.test.junit.AutoTests" name="[421] /home/travis/build/icyphy/ptII/ptolemy/actor/lib/test/auto/arrayType24.xml (RunModel)" time="0.009" />
  <testcase classname="ptolemy.util.test.junit.AutoTests" name="[422] /home/travis/build/icyphy/ptII/ptolemy/actor/lib/test/auto/arrayType25.xml (RunModel)" time="0.01" />
  <testcase classname="ptolemy.util.test.junit.AutoTests" name="[423] /home/travis/build/icyphy/ptII/ptolemy/actor/lib/test/auto/arrayType26.xml (RunModel)" time="0.009" />
  <testcase classname="ptolemy.util.test.junit.AutoTests" name="[424] /home/travis/build/icyphy/ptII/ptolemy/actor/lib/test/auto/arrayType27.xml (RunModel)" time="0.009" />
  <testcase classname="ptolemy.util.test.junit.AutoTests" name="[425] /home/travis/build/icyphy/ptII/ptolemy/actor/lib/test/auto/arrayType28.xml (RunModel)" time="0.012" />
  <testcase classname="ptolemy.util.test.junit.AutoTests" name="[426] /home/travis/build/icyphy/ptII/ptolemy/actor/lib/test/auto/arrayType3.xml (RunModel)" time="0.01" />
  <testcase classname="ptolemy.util.test.junit.AutoTests" name="[427] /home/travis/build/icyphy/ptII/ptolemy/actor/lib/test/auto/arrayType4.xml (RunModel)" time="0.009" />
  <testcase classname="ptolemy.util.test.junit.AutoTests" name="[428] /home/travis/build/icyphy/ptII/ptolemy/actor/lib/test/auto/arrayType5.xml (RunModel)" time="0.009" />
  <testcase classname="ptolemy.util.test.junit.AutoTests" name="[429] /home/travis/build/icyphy/ptII/ptolemy/actor/lib/test/auto/arrayType6.xml (RunModel)" time="0.01" />
  <testcase classname="ptolemy.util.test.junit.AutoTests" name="[430] /home/travis/build/icyphy/ptII/ptolemy/actor/lib/test/auto/arrayType7.xml (RunModel)" time="0.014" />
  <testcase classname="ptolemy.util.test.junit.AutoTests" name="[431] /home/travis/build/icyphy/ptII/ptolemy/actor/lib/test/auto/arrayType8.xml (RunModel)" time="0.009" />
  <testcase classname="ptolemy.util.test.junit.AutoTests" name="[432] /home/travis/build/icyphy/ptII/ptolemy/actor/lib/test/auto/arrayType9.xml (RunModel)" time="0.008" />
  <testcase classname="ptolemy.util.test.junit.AutoTests" name="[433] /home/travis/build/icyphy/ptII/ptolemy/actor/lib/test/auto/cast.xml (RunModel)" time="0.019" />
  <testcase classname="ptolemy.util.test.junit.AutoTests" name="[434] /home/travis/build/icyphy/ptII/ptolemy/actor/lib/test/auto/compositeMultiPort.xml (RunModel)" time="0.02" />
  <testcase classname="ptolemy.util.test.junit.AutoTests" name="[435] /home/travis/build/icyphy/ptII/ptolemy/actor/lib/test/auto/expressionCastInference.xml (RunModel)" time="0.013" />
  <testcase classname="ptolemy.util.test.junit.AutoTests" name="[436] /home/travis/build/icyphy/ptII/ptolemy/actor/lib/test/auto/expressionCastInference2.xml (RunModel)" time="0.01" />
  <testcase classname="ptolemy.util.test.junit.AutoTests" name="[437] /home/travis/build/icyphy/ptII/ptolemy/actor/lib/test/auto/expressionInference.xml (RunModel)" time="0.011" />
  <testcase classname="ptolemy.util.test.junit.AutoTests" name="[438] /home/travis/build/icyphy/ptII/ptolemy/actor/lib/test/auto/expression_bug.xml (RunModel)" time="0.007" />
  <testcase classname="ptolemy.util.test.junit.AutoTests" name="[439] /home/travis/build/icyphy/ptII/ptolemy/actor/lib/test/auto/factorial.xml (RunModel)" time="0.045" />
  <testcase classname="ptolemy.util.test.junit.AutoTests" name="[440] /home/travis/build/icyphy/ptII/ptolemy/actor/lib/test/auto/filterTest1.xml (RunModel)" time="0.013" />
  <testcase classname="ptolemy.util.test.junit.AutoTests" name="[441] /home/travis/build/icyphy/ptII/ptolemy/actor/lib/test/auto/funcApplyInConst.xml (RunModel)" time="0.006" />
  <testcase classname="ptolemy.util.test.junit.AutoTests" name="[442] /home/travis/build/icyphy/ptII/ptolemy/actor/lib/test/auto/funcApplyInExpr.xml (RunModel)" time="0.006" />
  <testcase classname="ptolemy.util.test.junit.AutoTests" name="[443] /home/travis/build/icyphy/ptII/ptolemy/actor/lib/test/auto/function.xml (RunModel)" time="0.009" />
  <testcase classname="ptolemy.util.test.junit.AutoTests" name="[444] /home/travis/build/icyphy/ptII/ptolemy/actor/lib/test/auto/function2.xml (RunModel)" time="0.009" />
  <testcase classname="ptolemy.util.test.junit.AutoTests" name="[445] /home/travis/build/icyphy/ptII/ptolemy/actor/lib/test/auto/function3.xml (RunModel)" time="0.008" />
  <testcase classname="ptolemy.util.test.junit.AutoTests" name="[446] /home/travis/build/icyphy/ptII/ptolemy/actor/lib/test/auto/functionClosureTest1.xml (RunModel)" time="0.011" />
  <testcase classname="ptolemy.util.test.junit.AutoTests" name="[447] /home/travis/build/icyphy/ptII/ptolemy/actor/lib/test/auto/functionClosureTest2.xml (RunModel)" time="0.007" />
  <testcase classname="ptolemy.util.test.junit.AutoTests" name="[448] /home/travis/build/icyphy/ptII/ptolemy/actor/lib/test/auto/functionClosureTest3.xml (RunModel)" time="0.011" />
  <testcase classname="ptolemy.util.test.junit.AutoTests" name="[449] /home/travis/build/icyphy/ptII/ptolemy/actor/lib/test/auto/functionClosureTest4.xml (RunModel)" time="0.016" />
  <testcase classname="ptolemy.util.test.junit.AutoTests" name="[450] /home/travis/build/icyphy/ptII/ptolemy/actor/lib/test/auto/functionClosureTest5.xml (RunModel)" time="0.012" />
  <testcase classname="ptolemy.util.test.junit.AutoTests" name="[451] /home/travis/build/icyphy/ptII/ptolemy/actor/lib/test/auto/functionClosureTest6.xml (RunModel)" time="0.008" />
  <testcase classname="ptolemy.util.test.junit.AutoTests" name="[452] /home/travis/build/icyphy/ptII/ptolemy/actor/lib/test/auto/functionsOnArcs.xml (RunModel)" time="0.011" />
  <testcase classname="ptolemy.util.test.junit.AutoTests" name="[453] /home/travis/build/icyphy/ptII/ptolemy/actor/lib/test/auto/functionsOnArcsHOF.xml (RunModel)" time="0.015" />
  <testcase classname="ptolemy.util.test.junit.AutoTests" name="[454] /home/travis/build/icyphy/ptII/ptolemy/actor/lib/test/auto/logic.xml (RunModel)" time="0.021" />
  <testcase classname="ptolemy.util.test.junit.AutoTests" name="[455] /home/travis/build/icyphy/ptII/ptolemy/actor/lib/test/auto/matrixType.xml (RunModel)" time="0.01" />
  <testcase classname="ptolemy.util.test.junit.AutoTests" name="[456] /home/travis/build/icyphy/ptII/ptolemy/actor/lib/test/auto/matrixType10.xml (RunModel)" time="0.011" />
  <testcase classname="ptolemy.util.test.junit.AutoTests" name="[457] /home/travis/build/icyphy/ptII/ptolemy/actor/lib/test/auto/matrixType11.xml (RunModel)" time="0.009" />
  <testcase classname="ptolemy.util.test.junit.AutoTests" name="[458] /home/travis/build/icyphy/ptII/ptolemy/actor/lib/test/auto/matrixType12.xml (RunModel)" time="0.013" />
  <testcase classname="ptolemy.util.test.junit.AutoTests" name="[459] /home/travis/build/icyphy/ptII/ptolemy/actor/lib/test/auto/matrixType13.xml (RunModel)" time="0.01" />
  <testcase classname="ptolemy.util.test.junit.AutoTests" name="[460] /home/travis/build/icyphy/ptII/ptolemy/actor/lib/test/auto/matrixType14.xml (RunModel)" time="0.011" />
  <testcase classname="ptolemy.util.test.junit.AutoTests" name="[461] /home/travis/build/icyphy/ptII/ptolemy/actor/lib/test/auto/matrixType2.xml (RunModel)" time="0.01" />
  <testcase classname="ptolemy.util.test.junit.AutoTests" name="[462] /home/travis/build/icyphy/ptII/ptolemy/actor/lib/test/auto/matrixType3.xml (RunModel)" time="0.011" />
  <testcase classname="ptolemy.util.test.junit.AutoTests" name="[463] /home/travis/build/icyphy/ptII/ptolemy/actor/lib/test/auto/matrixType4.xml (RunModel)" time="0.01" />
  <testcase classname="ptolemy.util.test.junit.AutoTests" name="[464] /home/travis/build/icyphy/ptII/ptolemy/actor/lib/test/auto/matrixType5.xml (RunModel)" time="0.01" />
  <testcase classname="ptolemy.util.test.junit.AutoTests" name="[465] /home/travis/build/icyphy/ptII/ptolemy/actor/lib/test/auto/matrixType6.xml (RunModel)" time="0.009" />
  <testcase classname="ptolemy.util.test.junit.AutoTests" name="[466] /home/travis/build/icyphy/ptII/ptolemy/actor/lib/test/auto/matrixType7.xml (RunModel)" time="0.012" />
  <testcase classname="ptolemy.util.test.junit.AutoTests" name="[467] /home/travis/build/icyphy/ptII/ptolemy/actor/lib/test/auto/matrixType8.xml (RunModel)" time="0.012" />
  <testcase classname="ptolemy.util.test.junit.AutoTests" name="[468] /home/travis/build/icyphy/ptII/ptolemy/actor/lib/test/auto/matrixType9.xml (RunModel)" time="0.01" />
  <testcase classname="ptolemy.util.test.junit.AutoTests" name="[469] /home/travis/build/icyphy/ptII/ptolemy/actor/lib/test/auto/paraFunctest.xml (RunModel)" time="0.008" />
  <testcase classname="ptolemy.util.test.junit.AutoTests" name="[470] /home/travis/build/icyphy/ptII/ptolemy/actor/lib/test/auto/paraFunctest2.xml (RunModel)" time="0.013" />
  <testcase classname="ptolemy.util.test.junit.AutoTests" name="[471] /home/travis/build/icyphy/ptII/ptolemy/actor/lib/test/auto/parameterPassing.xml (RunModel)" time="0.016" />
  <testcase classname="ptolemy.util.test.junit.AutoTests" name="[472] /home/travis/build/icyphy/ptII/ptolemy/actor/lib/test/auto/record.xml (RunModel)" time="0.012" />
  <testcase classname="ptolemy.util.test.junit.AutoTests" name="[473] /home/travis/build/icyphy/ptII/ptolemy/actor/lib/test/auto/sizedarray1.xml (RunModel)" time="0.012" />
  <testcase classname="ptolemy.util.test.junit.AutoTests" name="[474] /home/travis/build/icyphy/ptII/ptolemy/actor/lib/test/auto/sizedarray2.xml (RunModel)" time="0.012" />
  <testcase classname="ptolemy.util.test.junit.AutoTests" name="[475] /home/travis/build/icyphy/ptII/ptolemy/actor/lib/test/auto/twoPublishers.xml (RunModel)" time="0.029" />
  <system-out><![CDATA[/home/travis/build/icyphy/ptII/ptolemy/actor/lib/test/AbsoluteValue.tcl
testDefs.tcl: setting time out to 9000 seconds at Fri Oct 16 13:49:03 UTC 2020
105 ms. Memory: 129024K Free: 92611K (72%)
11 ms. Memory: 129024K Free: 90550K (70%)
6 ms. Memory: 129024K Free: 90055K (70%)
24 ms. Memory: 129024K Free: 89031K (69%)
/home/travis/build/icyphy/ptII/ptolemy/actor/lib/test/AddSubtract.tcl
14 ms. Memory: 129024K Free: 86983K (67%)
6 ms. Memory: 129024K Free: 86469K (67%)
6 ms. Memory: 129024K Free: 85445K (66%)
9 ms. Memory: 129024K Free: 84935K (66%)
88 ms. Memory: 129024K Free: 81863K (63%)
9 ms. Memory: 129024K Free: 81334K (63%)
/home/travis/build/icyphy/ptII/ptolemy/actor/lib/test/Average.tcl
22 ms. Memory: 129024K Free: 79286K (61%)
6 ms. Memory: 129024K Free: 78270K (61%)
/home/travis/build/icyphy/ptII/ptolemy/actor/lib/test/Bernoulli.tcl
5 ms. Memory: 129024K Free: 76743K (59%)
2 ms. Memory: 129024K Free: 76229K (59%)
/home/travis/build/icyphy/ptII/ptolemy/actor/lib/test/Clock.tcl
preinitializing
resolving types
initializing
executing number 1
wrapping up
idle
37 ms. Memory: 129024K Free: 73671K (57%)
Completed execution with 5 iterations
preinitializing
resolving types
initializing
executing number 1
wrapping up
idle
9 ms. Memory: 129024K Free: 72647K (56%)
Completed execution with 5 iterations
preinitializing
resolving types
initializing
executing number 1
wrapping up
idle
11 ms. Memory: 129024K Free: 72118K (56%)
Completed execution with 5 iterations
/home/travis/build/icyphy/ptII/ptolemy/actor/lib/test/Commutator.tcl
19 ms. Memory: 129024K Free: 70085K (54%)
7 ms. Memory: 129024K Free: 69061K (54%)
21 ms. Memory: 129024K Free: 63431K (49%)
/home/travis/build/icyphy/ptII/ptolemy/actor/lib/test/Const.tcl
3 ms. Memory: 129024K Free: 61893K (48%)
3 ms. Memory: 129024K Free: 61383K (48%)
4 ms. Memory: 129024K Free: 60854K (47%)
3 ms. Memory: 129024K Free: 60359K (47%)
3 ms. Memory: 129024K Free: 59845K (46%)
22 ms. Memory: 129024K Free: 58311K (45%)
7 ms. Memory: 129024K Free: 56758K (44%)
12 ms. Memory: 129024K Free: 56263K (44%)
/home/travis/build/icyphy/ptII/ptolemy/actor/lib/test/CurrentTime.tcl
preinitializing
resolving types
initializing
executing number 1
wrapping up
idle
17 ms. Memory: 129024K Free: 54215K (42%)
Completed execution with 11 iterations
/home/travis/build/icyphy/ptII/ptolemy/actor/lib/test/DB.tcl
8 ms. Memory: 129024K Free: 52662K (41%)
4 ms. Memory: 129024K Free: 52167K (40%)
5 ms. Memory: 129024K Free: 51653K (40%)
/home/travis/build/icyphy/ptII/ptolemy/actor/lib/test/DiscreteRandomSource.tcl
preinitializing
resolving types
initializing
executing number 1
wrapping up
idle
12 ms. Memory: 129024K Free: 50119K (39%)
Completed execution with 4 iterations
preinitializing
resolving types
initializing
executing number 1
wrapping up
idle
5 ms. Memory: 129024K Free: 49598K (38%)
Completed execution with 4 iterations
preinitializing
resolving types
initializing
executing number 1
wrapping up
idle
9 ms. Memory: 129024K Free: 49095K (38%)
Completed execution with 4 iterations
preinitializing
resolving types
initializing
executing number 1
wrapping up
idle
9 ms. Memory: 129024K Free: 48566K (38%)
Completed execution with 4 iterations
preinitializing
resolving types
initializing
executing number 1
wrapping up
idle
8 ms. Memory: 129024K Free: 48071K (37%)
Completed execution with 4 iterations
/home/travis/build/icyphy/ptII/ptolemy/actor/lib/test/Distributor.tcl
5 ms. Memory: 129024K Free: 113147K (88%)
8 ms. Memory: 129024K Free: 112137K (87%)
StreamChangeRequest.changeExecuted(): <deleteEntity name="rec2"/> succeeded
StreamChangeRequest.changeExecuted(): <deleteRelation name="r2"/> succeeded
StreamChangeRequest.changeExecuted(): Record firings per iteration succeeded
4 ms. Memory: 129024K Free: 109644K (85%)
/home/travis/build/icyphy/ptII/ptolemy/actor/lib/test/Exit.tcl
Exit.tcl: this will print a message about Manager.exitAfterWrapup, which can be ignored.
7 ms. Memory: 129024K Free: 106970K (83%)
/home/travis/build/icyphy/ptII/ptolemy/actor/lib/test/Expression.tcl
18 ms. Memory: 129024K Free: 103493K (80%)
10 ms. Memory: 129024K Free: 102883K (80%)
4 ms. Memory: 129024K Free: 101866K (79%)
preinitializing
resolving types
initializing
executing number 1
wrapping up
idle
14 ms. Memory: 129024K Free: 100399K (78%)
Completed execution with 6 iterations
10 ms. Memory: 129024K Free: 99827K (77%)
3 ms. Memory: 129024K Free: 98794K (77%)
10 ms. Memory: 129024K Free: 97786K (76%)
7 ms. Memory: 129024K Free: 96325K (75%)
6 ms. Memory: 129024K Free: 95271K (74%)
/home/travis/build/icyphy/ptII/ptolemy/actor/lib/test/Gaussian.tcl
6 ms. Memory: 129024K Free: 93704K (73%)
sleeping 1 seconds: ...........................................................................................................................................................................................................................................................................................................................................................................................................................................................................................................................................................................................................................................................................................................................................................................................................................................................................................................................................................................................................................................................................................................................................................................................................................................................................................................................................................................................................................................................................................................................................................................................................................................................................................................................................................................................................................................................................................................................................................................................................................................................................................................................................................................................................................................................................................................................................................................................................................................................................................................................................................................................................................................................................................................................................................................................................................................................................................................................................................................................................................................................................................................................................................................................................................................................................................................................................................................................................................................................................................................................................................................................................................................................................................................................................................................................................................................................................................................................................................................................................................................................................................................................................................................................................................................................................................................................................................................................................................................................................................................................................................................................................................................................................................................................................................................................................................................................................................................................................................................................................................................................................................................................................................................................................................................................................................................................................................................................................................................................................................................................................................................................................................................................................................................................................................................................................................................................................................................................................................................................................................................................................................................................................................................................................................................................................................................................................................................................................................................................................................................................................................................................................................................................................................................................................................................................................................................................................................................................................................................................................................................................................................................................................................................................................................................................................................................................................................................................................................................................................................................................................................................................................................................................................................................................................................................................................................................................................................................................................................................................................................................................................................................................................................................................................................................................................................................................................................................................................................................................................................................................................................................................................................................................................................................................................................................................................................................................................................................................................................................................................................................................................................................................................................................................................................................................................................................................................................................................................................................................................................................................................................................................................................................................................................................................................................................................................................................................................................................................................................................................................................................................................................................................................................................................................................................................................................................................................................................................................................................................................................................................................................................................................................................................................................................................................................................................................................................................................................................................................................................................................................................................................................................................................................................................................................................................................................................................................................................................................................................................................................................................................................................................................................................................................................................................................................................................................................................................................................................................................................................................................................................................................................................................................................................................................................................................................................................................................................................................................................................................................................................................................................................................................................................................................................................................................................................................................................................................................................................................................................................................................................................................................................................................................................................................................................................................................................................................................................................................................................................................................................................................................................................................................................................................................................................................................................................................................................................................................................................................................................................................................................................................................................................................................................................................................................................................................................................................................................................................................................................................................................................................................................................................................................................................................................................................................................................................................................................................................................................................................................................................................................................................................................................................................................................................................................................................................................................................................................................................................................................................................................................................................................3 ms. Memory: 129024K Free: 86468K (67%)
3 ms. Memory: 129024K Free: 85924K (67%)
2 ms. Memory: 129024K Free: 85444K (66%)
3 ms. Memory: 129024K Free: 84900K (66%)
7 ms. Memory: 129024K Free: 83906K (65%)
/home/travis/build/icyphy/ptII/ptolemy/actor/lib/test/IIR.tcl
/home/travis/build/icyphy/ptII/ptolemy/actor/lib/test/Interpolator.tcl
5 ms. Memory: 129024K Free: 80324K (62%)
3 ms. Memory: 129024K Free: 79796K (62%)
3 ms. Memory: 129024K Free: 79300K (61%)
2 ms. Memory: 129024K Free: 78662K (61%)
9 ms. Memory: 129024K Free: 77748K (60%)
2 ms. Memory: 129024K Free: 76708K (59%)
3 ms. Memory: 129024K Free: 75700K (59%)
2 ms. Memory: 129024K Free: 75204K (58%)
5 ms. Memory: 129024K Free: 74180K (57%)
6 ms. Memory: 129024K Free: 73156K (57%)
/home/travis/build/icyphy/ptII/ptolemy/actor/lib/test/MathFunction.tcl
5 ms. Memory: 129024K Free: 71108K (55%)
3 ms. Memory: 129024K Free: 70084K (54%)
2 ms. Memory: 129024K Free: 69060K (54%)
9 ms. Memory: 129024K Free: 112666K (87%)
3 ms. Memory: 129024K Free: 111642K (87%)
6 ms. Memory: 129024K Free: 109594K (85%)
/home/travis/build/icyphy/ptII/ptolemy/actor/lib/test/Maximum.tcl
7 ms. Memory: 129024K Free: 107546K (83%)
3 ms. Memory: 129024K Free: 106522K (83%)
7 ms. Memory: 129024K Free: 105994K (82%)
3 ms. Memory: 129024K Free: 105498K (82%)
/home/travis/build/icyphy/ptII/ptolemy/actor/lib/test/Minimum.tcl
9 ms. Memory: 129024K Free: 103450K (80%)
4 ms. Memory: 129024K Free: 102906K (80%)
3 ms. Memory: 129024K Free: 102426K (79%)
6 ms. Memory: 129024K Free: 101906K (79%)
/home/travis/build/icyphy/ptII/ptolemy/actor/lib/test/MultiplyDivide.tcl
13 ms. Memory: 129024K Free: 99864K (77%)
8 ms. Memory: 129024K Free: 98826K (77%)
7 ms. Memory: 129024K Free: 98330K (76%)
4 ms. Memory: 129024K Free: 97802K (76%)
6 ms. Memory: 129024K Free: 96778K (75%)
/home/travis/build/icyphy/ptII/ptolemy/actor/lib/test/OrderedMerge.tcl
Connections changed on port: inputA
Connections changed on port: inputB
Connections changed on port: output
Connections changed on port: output
Connections changed on port: output
Connections changed on port: input
.top. Preinitializing ...
Invoking preinitialize():  .top.OrderedMerge
Called preinitialize()
Invoking preinitialize():  .top.Ramp
Called preinitialize()
Invoking preinitialize():  .top.Ramp2
Called preinitialize()
Invoking preinitialize():  .top.Test
Called preinitialize()
Connections changed on port: inputA
Connections changed on port: output
Connections changed on port: output
Connections changed on port: input
Connections changed on port: inputB
Connections changed on port: output
.top. Finished preinitialize().
Called initialize().
Invoking initialize():  .top.OrderedMerge
Initializing actor: .top.OrderedMerge
Adding a thread: .top.OrderedMerge
Invoking initialize():  .top.Ramp
Initializing actor: .top.Ramp
Adding a thread: .top.Ramp
Invoking initialize():  .top.Ramp2
Initializing actor: .top.Ramp2
Adding a thread: .top.Ramp2
Invoking initialize():  .top.Test
Initializing actor: .top.Test
Adding a thread: .top.Test
Called fire().
Checking for deadlock:
-- Starting thread.
Called initialize()
Called prefire()
Called fire()
-- Starting thread.
Called initialize()
Called prefire()
Called fire()
There are 0 Blocked actors, 0 Stopped actors, and 4 active threads.
Waiting for actors to stop.
Called postfire()
Called prefire()
Called fire()
Checking for deadlock:
There are 2 Blocked actors, 0 Stopped actors, and 4 active threads.
Waiting for actors to stop.
-- Starting thread.
Called initialize()
Called prefire()
Called fire()
Called postfire()
Called prefire()
Called fire()
Checking for deadlock:
There are 3 Blocked actors, 0 Stopped actors, and 4 active threads.
Waiting for actors to stop.
-- Starting thread.
Called initialize()
Called prefire()
Called fire()
Called postfire()
Called prefire()
Called fire()
Checking for deadlock:
There are 3 Blocked actors, 0 Stopped actors, and 4 active threads.
Waiting for actors to stop.
Read input token from inputA with value 0.0
Next port to read input from is inputB
Called postfire()
Called prefire()
Called fire()
Called postfire()
Called prefire()
Called fire()
Checking for deadlock:
There are 3 Blocked actors, 0 Stopped actors, and 4 active threads.
Waiting for actors to stop.
Read input token from inputB with value 0.0
Checking for deadlock:
There are 2 Blocked actors, 0 Stopped actors, and 4 active threads.
Waiting for actors to stop.
-- Read input: 0.0, which is expected to match: 0.0
Called prefire()
Called fire()
Checking for deadlock:
There are 3 Blocked actors, 0 Stopped actors, and 4 active threads.
Waiting for actors to stop.
Sent output token with value 0.0
Next port to read input from is inputA
Called postfire()
Called prefire()
Called fire()
Called postfire()
Called prefire()
Called fire()
Checking for deadlock:
There are 3 Blocked actors, 0 Stopped actors, and 4 active threads.
Waiting for actors to stop.
Read input token from inputA with value 1.0
-- Read input: 0.0, which is expected to match: 0.0
Called prefire()
Called fire()
Checking for deadlock:
There are 3 Blocked actors, 0 Stopped actors, and 4 active threads.
Waiting for actors to stop.
Sent output token with value 0.0
Next port to read input from is inputB
Called postfire()
Called prefire()
Called fire()
Checking for deadlock:
There are 2 Blocked actors, 0 Stopped actors, and 4 active threads.
Waiting for actors to stop.
Called postfire()
Called prefire()
Called fire()
Checking for deadlock:
There are 3 Blocked actors, 0 Stopped actors, and 4 active threads.
Waiting for actors to stop.
Read input token from inputB with value 1.5
Checking for deadlock:
There are 2 Blocked actors, 0 Stopped actors, and 4 active threads.
Waiting for actors to stop.
-- Read input: 1.0, which is expected to match: 1.0
Called prefire()
Called fire()
Checking for deadlock:
There are 3 Blocked actors, 0 Stopped actors, and 4 active threads.
Waiting for actors to stop.
Sent output token with value 1.0
Next port to read input from is inputA
Called postfire()
Called prefire()
Called fire()
Called postfire()
Called prefire()
Called fire()
Checking for deadlock:
There are 3 Blocked actors, 0 Stopped actors, and 4 active threads.
Waiting for actors to stop.
Read input token from inputA with value 2.0
-- Read input: 1.5, which is expected to match: 1.5
Called prefire()
Called fire()
Checking for deadlock:
There are 3 Blocked actors, 0 Stopped actors, and 4 active threads.
Waiting for actors to stop.
Sent output token with value 1.5
Next port to read input from is inputB
Called postfire()
Called prefire()
Called fire()
Checking for deadlock:
There are 2 Blocked actors, 0 Stopped actors, and 4 active threads.
Waiting for actors to stop.
Called postfire()
Called prefire()
Called fire()
Checking for deadlock:
There are 3 Blocked actors, 0 Stopped actors, and 4 active threads.
Waiting for actors to stop.
Read input token from inputB with value 3.0
Checking for deadlock:
There are 2 Blocked actors, 0 Stopped actors, and 4 active threads.
Waiting for actors to stop.
-- Read input: 2.0, which is expected to match: 2.0
Called prefire()
Called fire()
Checking for deadlock:
There are 3 Blocked actors, 0 Stopped actors, and 4 active threads.
Waiting for actors to stop.
Sent output token with value 2.0
Next port to read input from is inputA
Called postfire()
Called prefire()
Called fire()
Called postfire()
Called prefire()
Called fire()
Checking for deadlock:
There are 3 Blocked actors, 0 Stopped actors, and 4 active threads.
Waiting for actors to stop.
Read input token from inputA with value 3.0
-- Read input: 3.0, which is expected to match: 3.0
Called prefire()
Called fire()
Checking for deadlock:
There are 3 Blocked actors, 0 Stopped actors, and 4 active threads.
Waiting for actors to stop.
Sent output token with value 3.0
Next port to read input from is inputB
Called postfire()
Called prefire()
Called fire()
Checking for deadlock:
There are 2 Blocked actors, 0 Stopped actors, and 4 active threads.
Waiting for actors to stop.
Called postfire()
Called prefire()
Called fire()
Checking for deadlock:
There are 3 Blocked actors, 0 Stopped actors, and 4 active threads.
Waiting for actors to stop.
Read input token from inputB with value 4.5
Checking for deadlock:
There are 2 Blocked actors, 0 Stopped actors, and 4 active threads.
Waiting for actors to stop.
-- Read input: 3.0, which is expected to match: 3.0
Called prefire()
Called fire()
Checking for deadlock:
There are 3 Blocked actors, 0 Stopped actors, and 4 active threads.
Waiting for actors to stop.
Sent output token with value 3.0
Next port to read input from is inputA
Called postfire()
Called prefire()
Called fire()
Called postfire()
Called prefire()
Called fire()
Checking for deadlock:
There are 3 Blocked actors, 0 Stopped actors, and 4 active threads.
Waiting for actors to stop.
Read input token from inputA with value 4.0
-- Read input: 4.0, which is expected to match: 4.0
Called prefire()
Called fire()
Past the end of training data. Read and discard all inputs.
Checking for deadlock:
There are 3 Blocked actors, 0 Stopped actors, and 4 active threads.
Waiting for actors to stop.
Sent output token with value 4.0
Next port to read input from is inputA
Called postfire()
Called prefire()
Called fire()
Called postfire()
Called prefire()
Called fire()
Checking for deadlock:
There are 3 Blocked actors, 0 Stopped actors, and 4 active threads.
Waiting for actors to stop.
Read input token from inputA with value 5.0
Called prefire()
Called fire()
Past the end of training data. Read and discard all inputs.
Checking for deadlock:
There are 3 Blocked actors, 0 Stopped actors, and 4 active threads.
Waiting for actors to stop.
Sent output token with value 4.5
Next port to read input from is inputB
Called postfire()
Called prefire()
Called fire()
Checking for deadlock:
There are 2 Blocked actors, 0 Stopped actors, and 4 active threads.
Waiting for actors to stop.
Called postfire()
Called prefire()
Called fire()
Checking for deadlock:
There are 3 Blocked actors, 0 Stopped actors, and 4 active threads.
Waiting for actors to stop.
Read input token from inputB with value 6.0
Checking for deadlock:
There are 2 Blocked actors, 0 Stopped actors, and 4 active threads.
Waiting for actors to stop.
Called prefire()
Called fire()
Past the end of training data. Read and discard all inputs.
Checking for deadlock:
There are 3 Blocked actors, 0 Stopped actors, and 4 active threads.
Waiting for actors to stop.
Sent output token with value 5.0
Next port to read input from is inputA
Called postfire()
Called prefire()
Called fire()
Called postfire()
Called prefire()
Called fire()
Checking for deadlock:
There are 3 Blocked actors, 0 Stopped actors, and 4 active threads.
Waiting for actors to stop.
Read input token from inputA with value 6.0
Called prefire()
Called fire()
Past the end of training data. Read and discard all inputs.
Checking for deadlock:
There are 3 Blocked actors, 0 Stopped actors, and 4 active threads.
Waiting for actors to stop.
Sent output token with value 6.0
Next port to read input from is inputB
Called postfire()
Called prefire()
Called fire()
Checking for deadlock:
There are 2 Blocked actors, 0 Stopped actors, and 4 active threads.
Waiting for actors to stop.
Called postfire()
Called prefire()
Called fire()
Checking for deadlock:
There are 3 Blocked actors, 0 Stopped actors, and 4 active threads.
Waiting for actors to stop.
Read input token from inputB with value 7.5
Checking for deadlock:
There are 2 Blocked actors, 0 Stopped actors, and 4 active threads.
Waiting for actors to stop.
Called prefire()
Called fire()
Past the end of training data. Read and discard all inputs.
Checking for deadlock:
There are 3 Blocked actors, 0 Stopped actors, and 4 active threads.
Waiting for actors to stop.
Sent output token with value 6.0
Next port to read input from is inputA
Called postfire()
Called prefire()
Called fire()
Called postfire()
Called prefire()
Called fire()
Checking for deadlock:
There are 3 Blocked actors, 0 Stopped actors, and 4 active threads.
Waiting for actors to stop.
Read input token from inputA with value 7.0
Called prefire()
Called fire()
Past the end of training data. Read and discard all inputs.
Checking for deadlock:
There are 3 Blocked actors, 0 Stopped actors, and 4 active threads.
Waiting for actors to stop.
Sent output token with value 7.0
Next port to read input from is inputA
Called postfire()
Called prefire()
Called fire()
-- Thread wrapup() called.
Called wrapup()
Thread .top.Ramp is exiting.
-- Thread stopped.
Checking for deadlock:
There are 2 Blocked actors, 0 Stopped actors, and 3 active threads.
Waiting for actors to stop.
Read input token from inputA with value 8.0
Checking for deadlock:
There are 1 Blocked actors, 0 Stopped actors, and 3 active threads.
Waiting for actors to stop.
Called prefire()
Called fire()
Past the end of training data. Read and discard all inputs.
Checking for deadlock:
There are 2 Blocked actors, 0 Stopped actors, and 3 active threads.
Waiting for actors to stop.
Sent output token with value 7.5
Next port to read input from is inputB
Called postfire()
Called prefire()
Called fire()
Checking for deadlock:
There are 1 Blocked actors, 0 Stopped actors, and 3 active threads.
Waiting for actors to stop.
Called postfire()
Called prefire()
Called fire()
Checking for deadlock:
There are 2 Blocked actors, 0 Stopped actors, and 3 active threads.
Waiting for actors to stop.
Read input token from inputB with value 9.0
Checking for deadlock:
There are 1 Blocked actors, 0 Stopped actors, and 3 active threads.
Waiting for actors to stop.
Called prefire()
Called fire()
Past the end of training data. Read and discard all inputs.
Checking for deadlock:
There are 2 Blocked actors, 0 Stopped actors, and 3 active threads.
Waiting for actors to stop.
Sent output token with value 8.0
Next port to read input from is inputA
Called postfire()
Called prefire()
Called fire()
Read input token from inputA with value 9.0
Called prefire()
Called fire()
Past the end of training data. Read and discard all inputs.
Checking for deadlock:
There are 2 Blocked actors, 0 Stopped actors, and 3 active threads.
Waiting for actors to stop.
Sent output token with value 9.0
Next port to read input from is inputB
Called postfire()
Called prefire()
Called fire()
Called postfire()
Called prefire()
Called fire()
Checking for deadlock:
There are 2 Blocked actors, 0 Stopped actors, and 3 active threads.
Waiting for actors to stop.
Read input token from inputB with value 10.5
Called prefire()
Called fire()
Past the end of training data. Read and discard all inputs.
Checking for deadlock:
There are 2 Blocked actors, 0 Stopped actors, and 3 active threads.
Waiting for actors to stop.
Sent output token with value 9.0
Next port to read input from is inputA
Called postfire()
Called prefire()
Called fire()
Checking for deadlock:
There are 3 Blocked actors, 0 Stopped actors, and 3 active threads.
Actors have stopped.
Checking for deadlock:
There are 3 Blocked actors, 0 Stopped actors, and 3 active threads.
Deadlock detected.
Resolving Deadlock
Checking for deadlock:
There are 3 Blocked actors, 0 Stopped actors, and 3 active threads.
Artificial Deadlock - increasing queue capacity.
increasing the capacity of receiver ptolemy.actor.TypedIOPort {.top.OrderedMerge.inputB} to 2
Director: Called postfire().
Called postfire().
_stopRequested = false
_stopFireRequested = false
Returning from postfire(): true
Called fire().
Checking for deadlock:
There are 2 Blocked actors, 0 Stopped actors, and 3 active threads.
Waiting for actors to stop.
-- Thread wrapup() called.
Called wrapup()
Thread .top.Ramp2 is exiting.
-- Thread stopped.
Checking for deadlock:
There are 2 Blocked actors, 0 Stopped actors, and 2 active threads.
Actors have stopped.
Checking for deadlock:
There are 2 Blocked actors, 0 Stopped actors, and 2 active threads.
Deadlock detected.
Resolving Deadlock
Checking for deadlock:
There are 2 Blocked actors, 0 Stopped actors, and 2 active threads.
Deadlock detected: no processes blocked on write, but some are blocked on read.
Called postfire().
_stopRequested = false
_stopFireRequested = false
Returning from postfire(): false
Finished deactivating branches.
Called wrapup().
-- Thread wrapup() called.
Called wrapup()
Thread .top.Test is exiting.
-- Thread stopped.
-- Blocked Receiver call threw TerminateProcessException.
-- Thread wrapup() called.
Called wrapup()
Thread .top.OrderedMerge is exiting.
-- Thread stopped.
-- Blocked Receiver call threw TerminateProcessException.
72 ms. Memory: 129024K Free: 91672K (71%)
.top. Preinitializing ...
Invoking preinitialize():  .top.OrderedMerge
Called preinitialize()
Invoking preinitialize():  .top.Ramp
Called preinitialize()
Invoking preinitialize():  .top.Ramp2
Called preinitialize()
Invoking preinitialize():  .top.Test
Called preinitialize()
.top. Finished preinitialize().
Called initialize().
Invoking initialize():  .top.OrderedMerge
Initializing actor: .top.OrderedMerge
Adding a thread: .top.OrderedMerge
Invoking initialize():  .top.Ramp
Initializing actor: .top.Ramp
Adding a thread: .top.Ramp
Invoking initialize():  .top.Ramp2
Initializing actor: .top.Ramp2
Adding a thread: .top.Ramp2
Invoking initialize():  .top.Test
Initializing actor: .top.Test
Adding a thread: .top.Test
-- Starting thread.
Called initialize()
Called prefire()
Called fire()
-- Starting thread.
Called initialize()
Called prefire()
Called fire()
Called postfire()
Called prefire()
Called fire()
-- Starting thread.
Called initialize()
Called prefire()
Called fire()
Called postfire()
Called prefire()
Called fire()
Called fire().
Checking for deadlock:
There are 3 Blocked actors, 0 Stopped actors, and 4 active threads.
Waiting for actors to stop.
-- Starting thread.
Called initialize()
Called prefire()
Called fire()
Checking for deadlock:
There are 2 Blocked actors, 0 Stopped actors, and 4 active threads.
Waiting for actors to stop.
Called postfire()
Called prefire()
Called fire()
Checking for deadlock:
There are 3 Blocked actors, 0 Stopped actors, and 4 active threads.
Waiting for actors to stop.
Read input token from inputA with value 0.0
Next port to read input from is inputB
Called postfire()
Called prefire()
Called fire()
Called postfire()
Called prefire()
Called fire()
Checking for deadlock:
There are 3 Blocked actors, 0 Stopped actors, and 4 active threads.
Waiting for actors to stop.
Read input token from inputB with value 0.0
Checking for deadlock:
There are 2 Blocked actors, 0 Stopped actors, and 4 active threads.
Waiting for actors to stop.
-- Read input: 0.0, which is expected to match: 0.0
Called prefire()
Called fire()
Checking for deadlock:
There are 3 Blocked actors, 0 Stopped actors, and 4 active threads.
Waiting for actors to stop.
Sent output token with value 0.0
Next port to read input from is inputA
Called postfire()
Called prefire()
Called fire()
Checking for deadlock:
There are 2 Blocked actors, 0 Stopped actors, and 4 active threads.
Waiting for actors to stop.
Called postfire()
Called prefire()
Called fire()
Checking for deadlock:
There are 3 Blocked actors, 0 Stopped actors, and 4 active threads.
Waiting for actors to stop.
Read input token from inputA with value 1.0
Checking for deadlock:
There are 2 Blocked actors, 0 Stopped actors, and 4 active threads.
Waiting for actors to stop.
-- Read input: 0.0, which is expected to match: 0.0
Called prefire()
Called fire()
Checking for deadlock:
There are 3 Blocked actors, 0 Stopped actors, and 4 active threads.
Waiting for actors to stop.
Sent output token with value 0.0
Next port to read input from is inputB
Called postfire()
Called prefire()
Called fire()
Called postfire()
Called prefire()
Called fire()
Checking for deadlock:
There are 3 Blocked actors, 0 Stopped actors, and 4 active threads.
Waiting for actors to stop.
Read input token from inputB with value 1.5
-- Read input: 1.0, which is expected to match: 1.0
Called prefire()
Called fire()
Checking for deadlock:
There are 3 Blocked actors, 0 Stopped actors, and 4 active threads.
Waiting for actors to stop.
Sent output token with value 1.0
Next port to read input from is inputA
Called postfire()
Called prefire()
Called fire()
Checking for deadlock:
There are 2 Blocked actors, 0 Stopped actors, and 4 active threads.
Waiting for actors to stop.
Called postfire()
Called prefire()
Called fire()
Checking for deadlock:
There are 3 Blocked actors, 0 Stopped actors, and 4 active threads.
Waiting for actors to stop.
Read input token from inputA with value 2.0
Checking for deadlock:
There are 2 Blocked actors, 0 Stopped actors, and 4 active threads.
Waiting for actors to stop.
-- Read input: 1.5, which is expected to match: 1.5
Called prefire()
Called fire()
Checking for deadlock:
There are 3 Blocked actors, 0 Stopped actors, and 4 active threads.
Waiting for actors to stop.
Sent output token with value 1.5
Next port to read input from is inputB
Called postfire()
Called prefire()
Called fire()
Checking for deadlock:
There are 2 Blocked actors, 0 Stopped actors, and 4 active threads.
Waiting for actors to stop.
Called postfire()
Called prefire()
Called fire()
Checking for deadlock:
There are 3 Blocked actors, 0 Stopped actors, and 4 active threads.
Waiting for actors to stop.
Read input token from inputB with value 3.0
Checking for deadlock:
There are 2 Blocked actors, 0 Stopped actors, and 4 active threads.
Waiting for actors to stop.
-- Read input: 2.0, which is expected to match: 2.0
Called prefire()
Called fire()
Checking for deadlock:
There are 3 Blocked actors, 0 Stopped actors, and 4 active threads.
Waiting for actors to stop.
Sent output token with value 2.0
Next port to read input from is inputA
Called postfire()
Called prefire()
Called fire()
Checking for deadlock:
There are 2 Blocked actors, 0 Stopped actors, and 4 active threads.
Waiting for actors to stop.
Called postfire()
Called prefire()
Called fire()
Checking for deadlock:
There are 3 Blocked actors, 0 Stopped actors, and 4 active threads.
Waiting for actors to stop.
Read input token from inputA with value 3.0
Checking for deadlock:
There are 2 Blocked actors, 0 Stopped actors, and 4 active threads.
Waiting for actors to stop.
-- Read input: 3.0, which is expected to match: 3.0
Called prefire()
Called fire()
Checking for deadlock:
There are 3 Blocked actors, 0 Stopped actors, and 4 active threads.
Waiting for actors to stop.
Sent output token with value 3.0
Next port to read input from is inputB
Called postfire()
Called prefire()
Called fire()
Called postfire()
Called prefire()
Called fire()
Checking for deadlock:
There are 3 Blocked actors, 0 Stopped actors, and 4 active threads.
Waiting for actors to stop.
Read input token from inputB with value 4.5
-- Read input: 3.0, which is expected to match: 3.0
Called prefire()
Called fire()
Checking for deadlock:
There are 3 Blocked actors, 0 Stopped actors, and 4 active threads.
Waiting for actors to stop.
Sent output token with value 3.0
Next port to read input from is inputA
Called postfire()
Called prefire()
Called fire()
Checking for deadlock:
There are 2 Blocked actors, 0 Stopped actors, and 4 active threads.
Waiting for actors to stop.
Called postfire()
Called prefire()
Called fire()
Checking for deadlock:
There are 3 Blocked actors, 0 Stopped actors, and 4 active threads.
Waiting for actors to stop.
Read input token from inputA with value 4.0
Checking for deadlock:
There are 2 Blocked actors, 0 Stopped actors, and 4 active threads.
Waiting for actors to stop.
-- Read input: 4.0, which is expected to match: 4.0
Called prefire()
Called fire()
Past the end of training data. Read and discard all inputs.
Checking for deadlock:
There are 3 Blocked actors, 0 Stopped actors, and 4 active threads.
Waiting for actors to stop.
Sent output token with value 4.0
Next port to read input from is inputA
Called postfire()
Called prefire()
Called fire()
Checking for deadlock:
There are 2 Blocked actors, 0 Stopped actors, and 4 active threads.
Waiting for actors to stop.
Called postfire()
Called prefire()
Called fire()
Checking for deadlock:
There are 3 Blocked actors, 0 Stopped actors, and 4 active threads.
Waiting for actors to stop.
Read input token from inputA with value 5.0
Checking for deadlock:
There are 2 Blocked actors, 0 Stopped actors, and 4 active threads.
Waiting for actors to stop.
Called prefire()
Called fire()
Past the end of training data. Read and discard all inputs.
Checking for deadlock:
There are 3 Blocked actors, 0 Stopped actors, and 4 active threads.
Waiting for actors to stop.
Sent output token with value 4.5
Next port to read input from is inputB
Called postfire()
Called prefire()
Called fire()
Called postfire()
Called prefire()
Called fire()
Checking for deadlock:
There are 3 Blocked actors, 0 Stopped actors, and 4 active threads.
Waiting for actors to stop.
Read input token from inputB with value 6.0
Called prefire()
Called fire()
Past the end of training data. Read and discard all inputs.
Checking for deadlock:
There are 3 Blocked actors, 0 Stopped actors, and 4 active threads.
Waiting for actors to stop.
Sent output token with value 5.0
Next port to read input from is inputA
Called postfire()
Called prefire()
Called fire()
Checking for deadlock:
There are 2 Blocked actors, 0 Stopped actors, and 4 active threads.
Waiting for actors to stop.
Called postfire()
Called prefire()
Called fire()
Checking for deadlock:
There are 3 Blocked actors, 0 Stopped actors, and 4 active threads.
Waiting for actors to stop.
Read input token from inputA with value 6.0
Checking for deadlock:
There are 2 Blocked actors, 0 Stopped actors, and 4 active threads.
Waiting for actors to stop.
Called prefire()
Called fire()
Past the end of training data. Read and discard all inputs.
Checking for deadlock:
There are 3 Blocked actors, 0 Stopped actors, and 4 active threads.
Waiting for actors to stop.
Sent output token with value 6.0
Next port to read input from is inputB
Called postfire()
Called prefire()
Called fire()
Called postfire()
Called prefire()
Called fire()
Checking for deadlock:
There are 3 Blocked actors, 0 Stopped actors, and 4 active threads.
Waiting for actors to stop.
Read input token from inputB with value 7.5
Called prefire()
Called fire()
Past the end of training data. Read and discard all inputs.
Checking for deadlock:
There are 3 Blocked actors, 0 Stopped actors, and 4 active threads.
Waiting for actors to stop.
Sent output token with value 6.0
Next port to read input from is inputA
Called postfire()
Called prefire()
Called fire()
Checking for deadlock:
There are 2 Blocked actors, 0 Stopped actors, and 4 active threads.
Waiting for actors to stop.
Called postfire()
Called prefire()
Called fire()
Checking for deadlock:
There are 3 Blocked actors, 0 Stopped actors, and 4 active threads.
Waiting for actors to stop.
Read input token from inputA with value 7.0
Checking for deadlock:
There are 2 Blocked actors, 0 Stopped actors, and 4 active threads.
Waiting for actors to stop.
Called prefire()
Called fire()
Past the end of training data. Read and discard all inputs.
Checking for deadlock:
There are 3 Blocked actors, 0 Stopped actors, and 4 active threads.
Waiting for actors to stop.
Sent output token with value 7.0
Next port to read input from is inputA
Called postfire()
Called prefire()
Called fire()
Checking for deadlock:
There are 2 Blocked actors, 0 Stopped actors, and 4 active threads.
Waiting for actors to stop.
-- Thread wrapup() called.
Called wrapup()
Thread .top.Ramp is exiting.
-- Thread stopped.
Checking for deadlock:
There are 2 Blocked actors, 0 Stopped actors, and 3 active threads.
Waiting for actors to stop.
Read input token from inputA with value 8.0
Called prefire()
Called fire()
Past the end of training data. Read and discard all inputs.
Checking for deadlock:
There are 2 Blocked actors, 0 Stopped actors, and 3 active threads.
Waiting for actors to stop.
Sent output token with value 7.5
Next port to read input from is inputB
Called postfire()
Called prefire()
Called fire()
Checking for deadlock:
There are 1 Blocked actors, 0 Stopped actors, and 3 active threads.
Waiting for actors to stop.
Called postfire()
Called prefire()
Called fire()
Checking for deadlock:
There are 2 Blocked actors, 0 Stopped actors, and 3 active threads.
Waiting for actors to stop.
Read input token from inputB with value 9.0
Checking for deadlock:
There are 1 Blocked actors, 0 Stopped actors, and 3 active threads.
Waiting for actors to stop.
Called prefire()
Called fire()
Past the end of training data. Read and discard all inputs.
Checking for deadlock:
There are 2 Blocked actors, 0 Stopped actors, and 3 active threads.
Waiting for actors to stop.
Sent output token with value 8.0
Next port to read input from is inputA
Called postfire()
Called prefire()
Called fire()
Read input token from inputA with value 9.0
Called prefire()
Called fire()
Past the end of training data. Read and discard all inputs.
Checking for deadlock:
There are 2 Blocked actors, 0 Stopped actors, and 3 active threads.
Waiting for actors to stop.
Sent output token with value 9.0
Next port to read input from is inputB
Called postfire()
Called prefire()
Called fire()
Called postfire()
Called prefire()
Called fire()
Checking for deadlock:
There are 2 Blocked actors, 0 Stopped actors, and 3 active threads.
Waiting for actors to stop.
Read input token from inputB with value 10.5
Called prefire()
Called fire()
Past the end of training data. Read and discard all inputs.
Checking for deadlock:
There are 2 Blocked actors, 0 Stopped actors, and 3 active threads.
Waiting for actors to stop.
Sent output token with value 9.0
Next port to read input from is inputA
Called postfire()
Called prefire()
Called fire()
Checking for deadlock:
There are 3 Blocked actors, 0 Stopped actors, and 3 active threads.
Actors have stopped.
Checking for deadlock:
There are 3 Blocked actors, 0 Stopped actors, and 3 active threads.
Deadlock detected.
Resolving Deadlock
Checking for deadlock:
There are 3 Blocked actors, 0 Stopped actors, and 3 active threads.
Artificial Deadlock - increasing queue capacity.
increasing the capacity of receiver ptolemy.actor.TypedIOPort {.top.OrderedMerge.inputB} to 2
Director: Called postfire().
Called postfire().
_stopRequested = false
_stopFireRequested = false
Returning from postfire(): true
Called fire().
Checking for deadlock:
There are 2 Blocked actors, 0 Stopped actors, and 3 active threads.
Waiting for actors to stop.
-- Thread wrapup() called.
Called wrapup()
Thread .top.Ramp2 is exiting.
-- Thread stopped.
Checking for deadlock:
There are 2 Blocked actors, 0 Stopped actors, and 2 active threads.
Actors have stopped.
Checking for deadlock:
There are 2 Blocked actors, 0 Stopped actors, and 2 active threads.
Deadlock detected.
Resolving Deadlock
Checking for deadlock:
There are 2 Blocked actors, 0 Stopped actors, and 2 active threads.
Deadlock detected: no processes blocked on write, but some are blocked on read.
Called postfire().
_stopRequested = false
_stopFireRequested = false
Returning from postfire(): false
Finished deactivating branches.
Called wrapup().
-- Thread wrapup() called.
Called wrapup()
-- Thread wrapup() called.
Called wrapup()
Thread .top.Test is exiting.
-- Thread stopped.
-- Blocked Receiver call threw TerminateProcessException.
Thread .top.OrderedMerge is exiting.
-- Thread stopped.
-- Blocked Receiver call threw TerminateProcessException.
38 ms. Memory: 129024K Free: 89624K (69%)
/home/travis/build/icyphy/ptII/ptolemy/actor/lib/test/Publisher.tcl
42 ms. Memory: 155648K Free: 139021K (89%)
13 ms. Memory: 155648K Free: 133389K (86%)
10 ms. Memory: 155648K Free: 129803K (83%)
7 ms. Memory: 155648K Free: 128773K (83%)
5 ms. Memory: 155648K Free: 128269K (82%)
5 ms. Memory: 155648K Free: 127245K (82%)
3 ms. Memory: 155648K Free: 126717K (81%)
9 ms. Memory: 155648K Free: 125701K (81%)
52 ms. Memory: 155648K Free: 115467K (74%)
5 ms. Memory: 155648K Free: 111885K (72%)
9 ms. Memory: 155648K Free: 111357K (72%)
4 ms. Memory: 155648K Free: 108813K (70%)
23 ms. Memory: 155648K Free: 101131K (65%)
8 ms. Memory: 155648K Free: 91915K (59%)
8 ms. Memory: 155648K Free: 80651K (52%)
/home/travis/build/icyphy/ptII/ptolemy/actor/lib/test/Pulse.tcl
3 ms. Memory: 155648K Free: 108079K (69%)
2 ms. Memory: 155648K Free: 107551K (69%)
1 ms. Memory: 155648K Free: 107055K (69%)
2 ms. Memory: 155648K Free: 106541K (68%)
1 ms. Memory: 155648K Free: 106031K (68%)
6 ms. Memory: 155648K Free: 105007K (67%)
2 ms. Memory: 155648K Free: 103983K (67%)
1 ms. Memory: 155648K Free: 102959K (66%)
1 ms. Memory: 155648K Free: 102375K (66%)
/home/travis/build/icyphy/ptII/ptolemy/actor/lib/test/Ramp.tcl
3 ms. Memory: 155648K Free: 100367K (64%)
1 ms. Memory: 155648K Free: 99887K (64%)
1 ms. Memory: 155648K Free: 98863K (64%)
2 ms. Memory: 155648K Free: 98335K (63%)
4 ms. Memory: 155648K Free: 97325K (63%)
4 ms. Memory: 155648K Free: 96301K (62%)
8 ms. Memory: 155648K Free: 95791K (62%)
5 actors
4000 microseconds per iteration to create
7 ms. Memory: 155648K Free: 92719K (60%)
2 ms. Memory: 155648K Free: 92205K (59%)
2 ms. Memory: 155648K Free: 91695K (59%)
2 ms. Memory: 155648K Free: 91181K (59%)
50 actors
27000 microseconds per iteration to create
23 ms. Memory: 155648K Free: 75821K (49%)
5 ms. Memory: 155648K Free: 74797K (48%)
5 ms. Memory: 155648K Free: 73263K (47%)
5 ms. Memory: 155648K Free: 72239K (46%)
500 actors
1638000 microseconds per iteration to create
224 ms. Memory: 155648K Free: 60325K (39%)
41 ms. Memory: 155648K Free: 54695K (35%)
58 ms. Memory: 187392K Free: 159808K (85%)
39 ms. Memory: 187392K Free: 154688K (83%)
/home/travis/build/icyphy/ptII/ptolemy/actor/lib/test/RampContinuous.tcl
9 ms. Memory: 187392K Free: 153143K (82%)
/home/travis/build/icyphy/ptII/ptolemy/actor/lib/test/RecordAssembler.tcl
6 ms. Memory: 187392K Free: 151616K (81%)
3 ms. Memory: 187392K Free: 150592K (80%)
/home/travis/build/icyphy/ptII/ptolemy/actor/lib/test/RecordDisassembler.tcl
8 ms. Memory: 187392K Free: 149047K (80%)
4 ms. Memory: 187392K Free: 148015K (79%)
4 ms. Memory: 187392K Free: 146991K (78%)
/home/travis/build/icyphy/ptII/ptolemy/actor/lib/test/Scale.tcl
4 ms. Memory: 187392K Free: 144943K (77%)
1 ms. Memory: 187392K Free: 144448K (77%)
2 ms. Memory: 187392K Free: 143424K (77%)
2 ms. Memory: 187392K Free: 142895K (76%)
3 ms. Memory: 187392K Free: 141886K (76%)
/home/travis/build/icyphy/ptII/ptolemy/actor/lib/test/SequentialClock.tcl
preinitializing
resolving types
initializing
executing number 1
wrapping up
idle
3 ms. Memory: 187392K Free: 140847K (75%)
Completed execution with 5 iterations
preinitializing
resolving types
initializing
executing number 1
wrapping up
idle
2 ms. Memory: 187392K Free: 140352K (75%)
Completed execution with 5 iterations
preinitializing
resolving types
initializing
executing number 1
wrapping up
idle
2 ms. Memory: 187392K Free: 139838K (75%)
Completed execution with 5 iterations
/home/travis/build/icyphy/ptII/ptolemy/actor/lib/test/SetVariable.tcl
5 ms. Memory: 187392K Free: 137790K (74%)
/home/travis/build/icyphy/ptII/ptolemy/actor/lib/test/Sinewave.tcl
/home/travis/build/icyphy/ptII/ptolemy/actor/lib/test/SubscriptionAggregator.tcl
4 ms. Memory: 187392K Free: 126526K (68%)
2 ms. Memory: 187392K Free: 126016K (67%)
1 ms. Memory: 187392K Free: 125502K (67%)
0 ms. Memory: 187392K Free: 124992K (67%)
2 ms. Memory: 187392K Free: 121391K (65%)
8 ms. Memory: 187392K Free: 118848K (63%)
...............................................................1016 ms. Memory: 272384K Free: 194288K (71%)
/home/travis/build/icyphy/ptII/ptolemy/actor/lib/test/Test.tcl
 The next command will produce a warning about training mode,
   which may be ignored.
10 ms. Memory: 272384K Free: 192242K (71%)
8 ms. Memory: 272384K Free: 191218K (70%)
1 ms. Memory: 272384K Free: 190704K (70%)
2 ms. Memory: 272384K Free: 190194K (70%)
3 ms. Memory: 272384K Free: 189666K (70%)
3 ms. Memory: 272384K Free: 188146K (69%)
4 ms. Memory: 272384K Free: 187122K (69%)
 The next command will produce a warning about training mode,
   which may be ignored.
8 ms. Memory: 272384K Free: 184560K (68%)
 The next command will produce a warning about training mode,
   which may be ignored.
3 ms. Memory: 272384K Free: 183536K (67%)
1 ms. Memory: 272384K Free: 183026K (67%)
1 ms. Memory: 272384K Free: 182506K (67%)
4 ms. Memory: 272384K Free: 182002K (67%)
12 ms. Memory: 272384K Free: 180978K (66%)
4 ms. Memory: 272384K Free: 176882K (65%)
/home/travis/build/icyphy/ptII/ptolemy/actor/lib/test/TestExceptionHandler.tcl
 The next command will produce a warning about training mode,
   which may be ignored.
4 ms. Memory: 272384K Free: 175858K (65%)
1 ms. Memory: 272384K Free: 175330K (64%)
1 ms. Memory: 272384K Free: 174834K (64%)
/home/travis/build/icyphy/ptII/ptolemy/actor/lib/test/UnionDisassembler.tcl
25 ms. Memory: 272384K Free: 167666K (62%)
/home/travis/build/icyphy/ptII/ptolemy/actor/lib/test/VariableClock.tcl
preinitializing
resolving types
initializing
executing number 1
wrapping up
idle
10 ms. Memory: 272384K Free: 165616K (61%)
Completed execution with 11 iterations
preinitializing
resolving types
initializing
executing number 1
wrapping up
idle
7 ms. Memory: 272384K Free: 164066K (60%)
Completed execution with 10 iterations
10/16/20 01:49:12
Failed: 0  Total Tests: 233  ((Passed: 233, Newly Passed: 0)  Known Failed: 0) /home/travis/build/icyphy/ptII/ptolemy/actor/lib/test
----------------- testing (KnownFailure) /home/travis/build/icyphy/ptII/ptolemy/actor/lib/test/auto/knownFailedTests/PublisherPortToplevelSubscriber.xml
1 ms. Memory: 272384K Free: 160498K (59%)
Known Failure: java.lang.reflect.InvocationTargetException
----------------- testing (KnownFailure) /home/travis/build/icyphy/ptII/ptolemy/actor/lib/test/auto/knownFailedTests/PublisherSubscriberPortToplevel.xml
1 ms. Memory: 272384K Free: 156912K (58%)
Known Failure: java.lang.reflect.InvocationTargetException
----------------- testing (KnownFailure) /home/travis/build/icyphy/ptII/ptolemy/actor/lib/test/auto/knownFailedTests/PublisherSubscriptionAggregatorPort.xml
1 ms. Memory: 272384K Free: 152816K (56%)
Known Failure: java.lang.reflect.InvocationTargetException
----------------- testing (KnownFailure) /home/travis/build/icyphy/ptII/ptolemy/actor/lib/test/auto/knownFailedTests/sizedarray3.xml
8 ms. Memory: 272384K Free: 148720K (55%)
Known Failure: java.lang.reflect.InvocationTargetException
No auto/linux-amd64/*.xml tests in /home/travis/build/icyphy/ptII/ptolemy/actor/lib/test
AutoTests.java: About to close Vertx.
AutoTests.java: Vertx closed.

===========================================================================================
----------------- testing Fri Oct 16 13:49:12 UTC 2020 /home/travis/build/icyphy/ptII/ptolemy/actor/lib/test/auto/AbsoluteValue.xml
----------------- Instantiating /home/travis/build/icyphy/ptII/ptolemy/actor/lib/test/auto/AbsoluteValue.xml
4 ms. Memory: 272384K Free: 125682K (46%)
----------------- Invoking toplevel() on ptolemy.moml.MoMLSimpleApplication@42740893
----------------- Done invoking toplevel() on ptolemy.moml.MoMLSimpleApplication@42740893
reloadAllAccessors: .AbsoluteValue

===========================================================================================
----------------- testing Fri Oct 16 13:49:12 UTC 2020 /home/travis/build/icyphy/ptII/ptolemy/actor/lib/test/auto/AbsoluteValue2.xml
----------------- Instantiating /home/travis/build/icyphy/ptII/ptolemy/actor/lib/test/auto/AbsoluteValue2.xml
6 ms. Memory: 272384K Free: 119024K (44%)
----------------- Invoking toplevel() on ptolemy.moml.MoMLSimpleApplication@5b228083
----------------- Done invoking toplevel() on ptolemy.moml.MoMLSimpleApplication@5b228083
reloadAllAccessors: .AbsoluteValue2

===========================================================================================
----------------- testing Fri Oct 16 13:49:13 UTC 2020 /home/travis/build/icyphy/ptII/ptolemy/actor/lib/test/auto/Accumulator.xml
----------------- Instantiating /home/travis/build/icyphy/ptII/ptolemy/actor/lib/test/auto/Accumulator.xml
13 ms. Memory: 272384K Free: 112370K (41%)
----------------- Invoking toplevel() on ptolemy.moml.MoMLSimpleApplication@b652128
----------------- Done invoking toplevel() on ptolemy.moml.MoMLSimpleApplication@b652128
reloadAllAccessors: .Accumulator

===========================================================================================
----------------- testing Fri Oct 16 13:49:13 UTC 2020 /home/travis/build/icyphy/ptII/ptolemy/actor/lib/test/auto/Accumulator2.xml
----------------- Instantiating /home/travis/build/icyphy/ptII/ptolemy/actor/lib/test/auto/Accumulator2.xml
3 ms. Memory: 272384K Free: 107250K (39%)
----------------- Invoking toplevel() on ptolemy.moml.MoMLSimpleApplication@607046db
----------------- Done invoking toplevel() on ptolemy.moml.MoMLSimpleApplication@607046db
reloadAllAccessors: .Accumulator2

===========================================================================================
----------------- testing Fri Oct 16 13:49:13 UTC 2020 /home/travis/build/icyphy/ptII/ptolemy/actor/lib/test/auto/Accumulator3.xml
----------------- Instantiating /home/travis/build/icyphy/ptII/ptolemy/actor/lib/test/auto/Accumulator3.xml
2 ms. Memory: 272384K Free: 102640K (38%)
----------------- Invoking toplevel() on ptolemy.moml.MoMLSimpleApplication@32eba648
----------------- Done invoking toplevel() on ptolemy.moml.MoMLSimpleApplication@32eba648
reloadAllAccessors: .Accumulator3

===========================================================================================
----------------- testing Fri Oct 16 13:49:13 UTC 2020 /home/travis/build/icyphy/ptII/ptolemy/actor/lib/test/auto/ArrayAppend.xml
----------------- Instantiating /home/travis/build/icyphy/ptII/ptolemy/actor/lib/test/auto/ArrayAppend.xml
7 ms. Memory: 272384K Free: 97010K (36%)
----------------- Invoking toplevel() on ptolemy.moml.MoMLSimpleApplication@719a6452
----------------- Done invoking toplevel() on ptolemy.moml.MoMLSimpleApplication@719a6452
reloadAllAccessors: .ArrayAppend

===========================================================================================
----------------- testing Fri Oct 16 13:49:13 UTC 2020 /home/travis/build/icyphy/ptII/ptolemy/actor/lib/test/auto/ArrayAppend2.xml
----------------- Instantiating /home/travis/build/icyphy/ptII/ptolemy/actor/lib/test/auto/ArrayAppend2.xml
372 ms. Memory: 272384K Free: 168406K (62%)
----------------- Invoking toplevel() on ptolemy.moml.MoMLSimpleApplication@6f6dd470
----------------- Done invoking toplevel() on ptolemy.moml.MoMLSimpleApplication@6f6dd470
reloadAllAccessors: .ArrayAppend2

===========================================================================================
----------------- testing Fri Oct 16 13:49:13 UTC 2020 /home/travis/build/icyphy/ptII/ptolemy/actor/lib/test/auto/ArrayAppend3.xml
----------------- Instantiating /home/travis/build/icyphy/ptII/ptolemy/actor/lib/test/auto/ArrayAppend3.xml
8 ms. Memory: 272384K Free: 163067K (60%)
----------------- Invoking toplevel() on ptolemy.moml.MoMLSimpleApplication@440241f0
----------------- Done invoking toplevel() on ptolemy.moml.MoMLSimpleApplication@440241f0
reloadAllAccessors: .ArrayAppend3

===========================================================================================
----------------- testing Fri Oct 16 13:49:13 UTC 2020 /home/travis/build/icyphy/ptII/ptolemy/actor/lib/test/auto/ArrayAppend4.xml
----------------- Instantiating /home/travis/build/icyphy/ptII/ptolemy/actor/lib/test/auto/ArrayAppend4.xml
2 ms. Memory: 272384K Free: 157947K (58%)
----------------- Invoking toplevel() on ptolemy.moml.MoMLSimpleApplication@433377e5
----------------- Done invoking toplevel() on ptolemy.moml.MoMLSimpleApplication@433377e5
reloadAllAccessors: .ArrayAppend4

===========================================================================================
----------------- testing Fri Oct 16 13:49:13 UTC 2020 /home/travis/build/icyphy/ptII/ptolemy/actor/lib/test/auto/ArrayAppend5.xml
----------------- Instantiating /home/travis/build/icyphy/ptII/ptolemy/actor/lib/test/auto/ArrayAppend5.xml
2 ms. Memory: 272384K Free: 153339K (56%)
----------------- Invoking toplevel() on ptolemy.moml.MoMLSimpleApplication@2d98d5e5
----------------- Done invoking toplevel() on ptolemy.moml.MoMLSimpleApplication@2d98d5e5
reloadAllAccessors: .ArrayAppend5

===========================================================================================
----------------- testing Fri Oct 16 13:49:13 UTC 2020 /home/travis/build/icyphy/ptII/ptolemy/actor/lib/test/auto/ArrayAppend6.xml
----------------- Instantiating /home/travis/build/icyphy/ptII/ptolemy/actor/lib/test/auto/ArrayAppend6.xml
4 ms. Memory: 272384K Free: 148219K (54%)
----------------- Invoking toplevel() on ptolemy.moml.MoMLSimpleApplication@7bdb1c54
----------------- Done invoking toplevel() on ptolemy.moml.MoMLSimpleApplication@7bdb1c54
reloadAllAccessors: .ArrayAppend6

===========================================================================================
----------------- testing Fri Oct 16 13:49:13 UTC 2020 /home/travis/build/icyphy/ptII/ptolemy/actor/lib/test/auto/ArrayAppendPerformanceTest.xml
----------------- Instantiating /home/travis/build/icyphy/ptII/ptolemy/actor/lib/test/auto/ArrayAppendPerformanceTest.xml
32 ms. Memory: 272384K Free: 136957K (50%)
----------------- Invoking toplevel() on ptolemy.moml.MoMLSimpleApplication@1d162fa8
----------------- Done invoking toplevel() on ptolemy.moml.MoMLSimpleApplication@1d162fa8
reloadAllAccessors: .ArrayAppendPerformanceTest

===========================================================================================
----------------- testing Fri Oct 16 13:49:13 UTC 2020 /home/travis/build/icyphy/ptII/ptolemy/actor/lib/test/auto/ArrayAppendWithEmptyInput.xml
----------------- Instantiating /home/travis/build/icyphy/ptII/ptolemy/actor/lib/test/auto/ArrayAppendWithEmptyInput.xml
12 ms. Memory: 272384K Free: 129275K (47%)
----------------- Invoking toplevel() on ptolemy.moml.MoMLSimpleApplication@3eeccf78
----------------- Done invoking toplevel() on ptolemy.moml.MoMLSimpleApplication@3eeccf78
reloadAllAccessors: .ArrayAppendWithEmptyInput

===========================================================================================
----------------- testing Fri Oct 16 13:49:13 UTC 2020 /home/travis/build/icyphy/ptII/ptolemy/actor/lib/test/auto/ArrayAverage.xml
----------------- Instantiating /home/travis/build/icyphy/ptII/ptolemy/actor/lib/test/auto/ArrayAverage.xml
12 ms. Memory: 272384K Free: 121083K (44%)
----------------- Invoking toplevel() on ptolemy.moml.MoMLSimpleApplication@4648cb95
----------------- Done invoking toplevel() on ptolemy.moml.MoMLSimpleApplication@4648cb95
reloadAllAccessors: .ArrayAverage

===========================================================================================
----------------- testing Fri Oct 16 13:49:14 UTC 2020 /home/travis/build/icyphy/ptII/ptolemy/actor/lib/test/auto/ArrayContains.xml
----------------- Instantiating /home/travis/build/icyphy/ptII/ptolemy/actor/lib/test/auto/ArrayContains.xml
3 ms. Memory: 272384K Free: 115453K (42%)
----------------- Invoking toplevel() on ptolemy.moml.MoMLSimpleApplication@370b7b98
----------------- Done invoking toplevel() on ptolemy.moml.MoMLSimpleApplication@370b7b98
reloadAllAccessors: .ArrayContains

===========================================================================================
----------------- testing Fri Oct 16 13:49:14 UTC 2020 /home/travis/build/icyphy/ptII/ptolemy/actor/lib/test/auto/ArrayElement.xml
----------------- Instantiating /home/travis/build/icyphy/ptII/ptolemy/actor/lib/test/auto/ArrayElement.xml
4 ms. Memory: 272384K Free: 109788K (40%)
----------------- Invoking toplevel() on ptolemy.moml.MoMLSimpleApplication@6f04392d
----------------- Done invoking toplevel() on ptolemy.moml.MoMLSimpleApplication@6f04392d
reloadAllAccessors: .ArrayElement

===========================================================================================
----------------- testing Fri Oct 16 13:49:14 UTC 2020 /home/travis/build/icyphy/ptII/ptolemy/actor/lib/test/auto/ArrayElementAsMatrix.xml
----------------- Instantiating /home/travis/build/icyphy/ptII/ptolemy/actor/lib/test/auto/ArrayElementAsMatrix.xml
24 ms. Memory: 272384K Free: 100093K (37%)
----------------- Invoking toplevel() on ptolemy.moml.MoMLSimpleApplication@38018cb9
----------------- Done invoking toplevel() on ptolemy.moml.MoMLSimpleApplication@38018cb9
reloadAllAccessors: .ArrayElementAsMatrix

===========================================================================================
----------------- testing Fri Oct 16 13:49:14 UTC 2020 /home/travis/build/icyphy/ptII/ptolemy/actor/lib/test/auto/ArrayElementI.xml
----------------- Instantiating /home/travis/build/icyphy/ptII/ptolemy/actor/lib/test/auto/ArrayElementI.xml
5 ms. Memory: 272384K Free: 94452K (35%)
----------------- Invoking toplevel() on ptolemy.moml.MoMLSimpleApplication@3da434c8
----------------- Done invoking toplevel() on ptolemy.moml.MoMLSimpleApplication@3da434c8
reloadAllAccessors: .ArrayElementI

===========================================================================================
----------------- testing Fri Oct 16 13:49:14 UTC 2020 /home/travis/build/icyphy/ptII/ptolemy/actor/lib/test/auto/ArrayExtract.xml
----------------- Instantiating /home/travis/build/icyphy/ptII/ptolemy/actor/lib/test/auto/ArrayExtract.xml
6 ms. Memory: 272384K Free: 86267K (32%)
----------------- Invoking toplevel() on ptolemy.moml.MoMLSimpleApplication@2cd49888
----------------- Done invoking toplevel() on ptolemy.moml.MoMLSimpleApplication@2cd49888
reloadAllAccessors: .ArrayExtract

===========================================================================================
----------------- testing Fri Oct 16 13:49:14 UTC 2020 /home/travis/build/icyphy/ptII/ptolemy/actor/lib/test/auto/ArrayExtract2.xml
----------------- Instantiating /home/travis/build/icyphy/ptII/ptolemy/actor/lib/test/auto/ArrayExtract2.xml
3 ms. Memory: 272384K Free: 81132K (30%)
----------------- Invoking toplevel() on ptolemy.moml.MoMLSimpleApplication@4bdc4342
----------------- Done invoking toplevel() on ptolemy.moml.MoMLSimpleApplication@4bdc4342
reloadAllAccessors: .ArrayExtract2

===========================================================================================
----------------- testing Fri Oct 16 13:49:14 UTC 2020 /home/travis/build/icyphy/ptII/ptolemy/actor/lib/test/auto/ArrayLength.xml
----------------- Instantiating /home/travis/build/icyphy/ptII/ptolemy/actor/lib/test/auto/ArrayLength.xml
4 ms. Memory: 272384K Free: 77051K (28%)
----------------- Invoking toplevel() on ptolemy.moml.MoMLSimpleApplication@4599c863
----------------- Done invoking toplevel() on ptolemy.moml.MoMLSimpleApplication@4599c863
reloadAllAccessors: .ArrayLength

===========================================================================================
----------------- testing Fri Oct 16 13:49:14 UTC 2020 /home/travis/build/icyphy/ptII/ptolemy/actor/lib/test/auto/ArrayLevelCrossing.xml
----------------- Instantiating /home/travis/build/icyphy/ptII/ptolemy/actor/lib/test/auto/ArrayLevelCrossing.xml
31 ms. Memory: 272384K Free: 221435K (81%)
----------------- Invoking toplevel() on ptolemy.moml.MoMLSimpleApplication@405cea1d
----------------- Done invoking toplevel() on ptolemy.moml.MoMLSimpleApplication@405cea1d
reloadAllAccessors: .ArrayLevelCrossing

===========================================================================================
----------------- testing Fri Oct 16 13:49:14 UTC 2020 /home/travis/build/icyphy/ptII/ptolemy/actor/lib/test/auto/ArrayLevelCrossing2.xml
----------------- Instantiating /home/travis/build/icyphy/ptII/ptolemy/actor/lib/test/auto/ArrayLevelCrossing2.xml
8 ms. Memory: 272384K Free: 213228K (78%)
----------------- Invoking toplevel() on ptolemy.moml.MoMLSimpleApplication@5f55e66f
----------------- Done invoking toplevel() on ptolemy.moml.MoMLSimpleApplication@5f55e66f
reloadAllAccessors: .ArrayLevelCrossing2

===========================================================================================
----------------- testing Fri Oct 16 13:49:14 UTC 2020 /home/travis/build/icyphy/ptII/ptolemy/actor/lib/test/auto/ArrayPeakSearch.xml
----------------- Instantiating /home/travis/build/icyphy/ptII/ptolemy/actor/lib/test/auto/ArrayPeakSearch.xml
6 ms. Memory: 272384K Free: 204541K (75%)
----------------- Invoking toplevel() on ptolemy.moml.MoMLSimpleApplication@477c4a03
----------------- Done invoking toplevel() on ptolemy.moml.MoMLSimpleApplication@477c4a03
reloadAllAccessors: .ArrayPeakSearch

===========================================================================================
----------------- testing Fri Oct 16 13:49:14 UTC 2020 /home/travis/build/icyphy/ptII/ptolemy/actor/lib/test/auto/ArrayPeakSearch2.xml
----------------- Instantiating /home/travis/build/icyphy/ptII/ptolemy/actor/lib/test/auto/ArrayPeakSearch2.xml
5 ms. Memory: 272384K Free: 193772K (71%)
----------------- Invoking toplevel() on ptolemy.moml.MoMLSimpleApplication@5289eccc
----------------- Done invoking toplevel() on ptolemy.moml.MoMLSimpleApplication@5289eccc
reloadAllAccessors: .ArrayPeakSearch2

===========================================================================================
----------------- testing Fri Oct 16 13:49:14 UTC 2020 /home/travis/build/icyphy/ptII/ptolemy/actor/lib/test/auto/ArrayPeakSearch3.xml
----------------- Instantiating /home/travis/build/icyphy/ptII/ptolemy/actor/lib/test/auto/ArrayPeakSearch3.xml
5 ms. Memory: 272384K Free: 185085K (68%)
----------------- Invoking toplevel() on ptolemy.moml.MoMLSimpleApplication@1afbc898
----------------- Done invoking toplevel() on ptolemy.moml.MoMLSimpleApplication@1afbc898
reloadAllAccessors: .ArrayPeakSearch3

===========================================================================================
----------------- testing Fri Oct 16 13:49:14 UTC 2020 /home/travis/build/icyphy/ptII/ptolemy/actor/lib/test/auto/ArrayRemoveElement.xml
----------------- Instantiating /home/travis/build/icyphy/ptII/ptolemy/actor/lib/test/auto/ArrayRemoveElement.xml
3 ms. Memory: 272384K Free: 176893K (65%)
----------------- Invoking toplevel() on ptolemy.moml.MoMLSimpleApplication@414cf91f
----------------- Done invoking toplevel() on ptolemy.moml.MoMLSimpleApplication@414cf91f
reloadAllAccessors: .ArrayRemoveElement

===========================================================================================
----------------- testing Fri Oct 16 13:49:14 UTC 2020 /home/travis/build/icyphy/ptII/ptolemy/actor/lib/test/auto/ArraySort.xml
----------------- Instantiating /home/travis/build/icyphy/ptII/ptolemy/actor/lib/test/auto/ArraySort.xml
7 ms. Memory: 272384K Free: 168187K (62%)
----------------- Invoking toplevel() on ptolemy.moml.MoMLSimpleApplication@57f6fd24
----------------- Done invoking toplevel() on ptolemy.moml.MoMLSimpleApplication@57f6fd24
reloadAllAccessors: .ArraySort

===========================================================================================
----------------- testing Fri Oct 16 13:49:14 UTC 2020 /home/travis/build/icyphy/ptII/ptolemy/actor/lib/test/auto/ArraySum.xml
----------------- Instantiating /home/travis/build/icyphy/ptII/ptolemy/actor/lib/test/auto/ArraySum.xml
3 ms. Memory: 272384K Free: 163067K (60%)
----------------- Invoking toplevel() on ptolemy.moml.MoMLSimpleApplication@2745311
----------------- Done invoking toplevel() on ptolemy.moml.MoMLSimpleApplication@2745311
reloadAllAccessors: .ArraySum

===========================================================================================
----------------- testing Fri Oct 16 13:49:14 UTC 2020 /home/travis/build/icyphy/ptII/ptolemy/actor/lib/test/auto/ArrayToElements.xml
----------------- Instantiating /home/travis/build/icyphy/ptII/ptolemy/actor/lib/test/auto/ArrayToElements.xml
4 ms. Memory: 272384K Free: 157437K (58%)
----------------- Invoking toplevel() on ptolemy.moml.MoMLSimpleApplication@6b46c5c1
----------------- Done invoking toplevel() on ptolemy.moml.MoMLSimpleApplication@6b46c5c1
reloadAllAccessors: .ArrayToElements

===========================================================================================
----------------- testing Fri Oct 16 13:49:14 UTC 2020 /home/travis/build/icyphy/ptII/ptolemy/actor/lib/test/auto/ArrayToMatrix.xml
----------------- Instantiating /home/travis/build/icyphy/ptII/ptolemy/actor/lib/test/auto/ArrayToMatrix.xml
11 ms. Memory: 272384K Free: 143101K (53%)
----------------- Invoking toplevel() on ptolemy.moml.MoMLSimpleApplication@6a57d6e8
----------------- Done invoking toplevel() on ptolemy.moml.MoMLSimpleApplication@6a57d6e8
reloadAllAccessors: .ArrayToMatrix

===========================================================================================
----------------- testing Fri Oct 16 13:49:14 UTC 2020 /home/travis/build/icyphy/ptII/ptolemy/actor/lib/test/auto/ArrayUpdate1.xml
----------------- Instantiating /home/travis/build/icyphy/ptII/ptolemy/actor/lib/test/auto/ArrayUpdate1.xml
5 ms. Memory: 272384K Free: 137981K (51%)
----------------- Invoking toplevel() on ptolemy.moml.MoMLSimpleApplication@5c4d505a
----------------- Done invoking toplevel() on ptolemy.moml.MoMLSimpleApplication@5c4d505a
reloadAllAccessors: .ArrayUpdate1

===========================================================================================
----------------- testing Fri Oct 16 13:49:14 UTC 2020 /home/travis/build/icyphy/ptII/ptolemy/actor/lib/test/auto/ArrayUpdate2.xml
----------------- Instantiating /home/travis/build/icyphy/ptII/ptolemy/actor/lib/test/auto/ArrayUpdate2.xml
9 ms. Memory: 272384K Free: 132347K (49%)
----------------- Invoking toplevel() on ptolemy.moml.MoMLSimpleApplication@60e3da8e
----------------- Done invoking toplevel() on ptolemy.moml.MoMLSimpleApplication@60e3da8e
reloadAllAccessors: .ArrayUpdate2

===========================================================================================
----------------- testing Fri Oct 16 13:49:14 UTC 2020 /home/travis/build/icyphy/ptII/ptolemy/actor/lib/test/auto/ArrayUpdate3.xml
----------------- Instantiating /home/travis/build/icyphy/ptII/ptolemy/actor/lib/test/auto/ArrayUpdate3.xml
5 ms. Memory: 272384K Free: 127227K (47%)
----------------- Invoking toplevel() on ptolemy.moml.MoMLSimpleApplication@6c6f05cc
----------------- Done invoking toplevel() on ptolemy.moml.MoMLSimpleApplication@6c6f05cc
reloadAllAccessors: .ArrayUpdate3

===========================================================================================
----------------- testing Fri Oct 16 13:49:14 UTC 2020 /home/travis/build/icyphy/ptII/ptolemy/actor/lib/test/auto/Assert1.xml
----------------- Instantiating /home/travis/build/icyphy/ptII/ptolemy/actor/lib/test/auto/Assert1.xml
6 ms. Memory: 272384K Free: 123131K (45%)
----------------- Invoking toplevel() on ptolemy.moml.MoMLSimpleApplication@7daa8d9d
----------------- Done invoking toplevel() on ptolemy.moml.MoMLSimpleApplication@7daa8d9d
reloadAllAccessors: .Assert1

===========================================================================================
----------------- testing Fri Oct 16 13:49:14 UTC 2020 /home/travis/build/icyphy/ptII/ptolemy/actor/lib/test/auto/Assert2.xml
----------------- Instantiating /home/travis/build/icyphy/ptII/ptolemy/actor/lib/test/auto/Assert2.xml
2 ms. Memory: 272384K Free: 118011K (43%)
----------------- Invoking toplevel() on ptolemy.moml.MoMLSimpleApplication@7b8c0fbc
----------------- Done invoking toplevel() on ptolemy.moml.MoMLSimpleApplication@7b8c0fbc
reloadAllAccessors: .Assert2

===========================================================================================
----------------- testing Fri Oct 16 13:49:14 UTC 2020 /home/travis/build/icyphy/ptII/ptolemy/actor/lib/test/auto/BooleanMultiplexor.xml
----------------- Instantiating /home/travis/build/icyphy/ptII/ptolemy/actor/lib/test/auto/BooleanMultiplexor.xml
3 ms. Memory: 272384K Free: 112876K (41%)
----------------- Invoking toplevel() on ptolemy.moml.MoMLSimpleApplication@59f3fc95
----------------- Done invoking toplevel() on ptolemy.moml.MoMLSimpleApplication@59f3fc95
reloadAllAccessors: .BooleanMultiplexor

===========================================================================================
----------------- testing Fri Oct 16 13:49:14 UTC 2020 /home/travis/build/icyphy/ptII/ptolemy/actor/lib/test/auto/BooleanMultiplexor2.xml
----------------- Instantiating /home/travis/build/icyphy/ptII/ptolemy/actor/lib/test/auto/BooleanMultiplexor2.xml
12 ms. Memory: 272384K Free: 106237K (39%)
----------------- Invoking toplevel() on ptolemy.moml.MoMLSimpleApplication@b9b0df7
----------------- Done invoking toplevel() on ptolemy.moml.MoMLSimpleApplication@b9b0df7
reloadAllAccessors: .BooleanMultiplexor2

===========================================================================================
----------------- testing Fri Oct 16 13:49:14 UTC 2020 /home/travis/build/icyphy/ptII/ptolemy/actor/lib/test/auto/BooleanMultiplexor3.xml
----------------- Instantiating /home/travis/build/icyphy/ptII/ptolemy/actor/lib/test/auto/BooleanMultiplexor3.xml
4 ms. Memory: 272384K Free: 102651K (38%)
----------------- Invoking toplevel() on ptolemy.moml.MoMLSimpleApplication@461f1066
----------------- Done invoking toplevel() on ptolemy.moml.MoMLSimpleApplication@461f1066
reloadAllAccessors: .BooleanMultiplexor3

===========================================================================================
----------------- testing Fri Oct 16 13:49:14 UTC 2020 /home/travis/build/icyphy/ptII/ptolemy/actor/lib/test/auto/BooleanSelect.xml
----------------- Instantiating /home/travis/build/icyphy/ptII/ptolemy/actor/lib/test/auto/BooleanSelect.xml
18 ms. Memory: 272384K Free: 96492K (35%)
----------------- Invoking toplevel() on ptolemy.moml.MoMLSimpleApplication@41d7506e
----------------- Done invoking toplevel() on ptolemy.moml.MoMLSimpleApplication@41d7506e
reloadAllAccessors: .BooleanSelect

===========================================================================================
----------------- testing Fri Oct 16 13:49:14 UTC 2020 /home/travis/build/icyphy/ptII/ptolemy/actor/lib/test/auto/BooleanSelect2.xml
----------------- Instantiating /home/travis/build/icyphy/ptII/ptolemy/actor/lib/test/auto/BooleanSelect2.xml
2 ms. Memory: 272384K Free: 91901K (34%)
----------------- Invoking toplevel() on ptolemy.moml.MoMLSimpleApplication@3efd3ed4
----------------- Done invoking toplevel() on ptolemy.moml.MoMLSimpleApplication@3efd3ed4
reloadAllAccessors: .BooleanSelect2

===========================================================================================
----------------- testing Fri Oct 16 13:49:14 UTC 2020 /home/travis/build/icyphy/ptII/ptolemy/actor/lib/test/auto/BooleanSwitch.xml
----------------- Instantiating /home/travis/build/icyphy/ptII/ptolemy/actor/lib/test/auto/BooleanSwitch.xml
4 ms. Memory: 272384K Free: 86267K (32%)
----------------- Invoking toplevel() on ptolemy.moml.MoMLSimpleApplication@76ff51ec
----------------- Done invoking toplevel() on ptolemy.moml.MoMLSimpleApplication@76ff51ec
reloadAllAccessors: .BooleanSwitch

===========================================================================================
----------------- testing Fri Oct 16 13:49:14 UTC 2020 /home/travis/build/icyphy/ptII/ptolemy/actor/lib/test/auto/BooleanSwitch2.xml
----------------- Instantiating /home/travis/build/icyphy/ptII/ptolemy/actor/lib/test/auto/BooleanSwitch2.xml
2 ms. Memory: 272384K Free: 81661K (30%)
----------------- Invoking toplevel() on ptolemy.moml.MoMLSimpleApplication@1adafb69
----------------- Done invoking toplevel() on ptolemy.moml.MoMLSimpleApplication@1adafb69
reloadAllAccessors: .BooleanSwitch2

===========================================================================================
----------------- testing Fri Oct 16 13:49:15 UTC 2020 /home/travis/build/icyphy/ptII/ptolemy/actor/lib/test/auto/BooleanSwitchCloningBugWithClassRelationGroup.xml
----------------- Instantiating /home/travis/build/icyphy/ptII/ptolemy/actor/lib/test/auto/BooleanSwitchCloningBugWithClassRelationGroup.xml
2 ms. Memory: 272384K Free: 75517K (28%)
----------------- Invoking toplevel() on ptolemy.moml.MoMLSimpleApplication@1fd30ce6
----------------- Done invoking toplevel() on ptolemy.moml.MoMLSimpleApplication@1fd30ce6
reloadAllAccessors: .BooleanSwitchCloningBugWithClassRelationGroup

===========================================================================================
----------------- testing Fri Oct 16 13:49:15 UTC 2020 /home/travis/build/icyphy/ptII/ptolemy/actor/lib/test/auto/BusActors.xml
----------------- Instantiating /home/travis/build/icyphy/ptII/ptolemy/actor/lib/test/auto/BusActors.xml
5 ms. Memory: 272384K Free: 67325K (25%)
----------------- Invoking toplevel() on ptolemy.moml.MoMLSimpleApplication@61ac1836
----------------- Done invoking toplevel() on ptolemy.moml.MoMLSimpleApplication@61ac1836
reloadAllAccessors: .BusActors

===========================================================================================
----------------- testing Fri Oct 16 13:49:15 UTC 2020 /home/travis/build/icyphy/ptII/ptolemy/actor/lib/test/auto/ClassWrapper.xml
----------------- Instantiating /home/travis/build/icyphy/ptII/ptolemy/actor/lib/test/auto/ClassWrapper.xml
4 ms. Memory: 473088K Free: 419069K (89%)
----------------- Invoking toplevel() on ptolemy.moml.MoMLSimpleApplication@1504889a
----------------- Done invoking toplevel() on ptolemy.moml.MoMLSimpleApplication@1504889a
reloadAllAccessors: .ClassWrapper

===========================================================================================
----------------- testing Fri Oct 16 13:49:15 UTC 2020 /home/travis/build/icyphy/ptII/ptolemy/actor/lib/test/auto/Clock.xml
----------------- Instantiating /home/travis/build/icyphy/ptII/ptolemy/actor/lib/test/auto/Clock.xml
4 ms. Memory: 473088K Free: 414971K (88%)
----------------- Invoking toplevel() on ptolemy.moml.MoMLSimpleApplication@667a55e4
----------------- Done invoking toplevel() on ptolemy.moml.MoMLSimpleApplication@667a55e4
reloadAllAccessors: .Clock

===========================================================================================
----------------- testing Fri Oct 16 13:49:15 UTC 2020 /home/travis/build/icyphy/ptII/ptolemy/actor/lib/test/auto/Clock10.xml
----------------- Instantiating /home/travis/build/icyphy/ptII/ptolemy/actor/lib/test/auto/Clock10.xml
5 ms. Memory: 473088K Free: 409339K (87%)
----------------- Invoking toplevel() on ptolemy.moml.MoMLSimpleApplication@36bab6dd
----------------- Done invoking toplevel() on ptolemy.moml.MoMLSimpleApplication@36bab6dd
reloadAllAccessors: .Clock10

===========================================================================================
----------------- testing Fri Oct 16 13:49:15 UTC 2020 /home/travis/build/icyphy/ptII/ptolemy/actor/lib/test/auto/Clock11.xml
----------------- Instantiating /home/travis/build/icyphy/ptII/ptolemy/actor/lib/test/auto/Clock11.xml
5 ms. Memory: 473088K Free: 403195K (85%)
----------------- Invoking toplevel() on ptolemy.moml.MoMLSimpleApplication@70595116
----------------- Done invoking toplevel() on ptolemy.moml.MoMLSimpleApplication@70595116
reloadAllAccessors: .Clock11

===========================================================================================
----------------- testing Fri Oct 16 13:49:15 UTC 2020 /home/travis/build/icyphy/ptII/ptolemy/actor/lib/test/auto/Clock12.xml
----------------- Instantiating /home/travis/build/icyphy/ptII/ptolemy/actor/lib/test/auto/Clock12.xml
11 ms. Memory: 473088K Free: 397565K (84%)
----------------- Invoking toplevel() on ptolemy.moml.MoMLSimpleApplication@89855d5
----------------- Done invoking toplevel() on ptolemy.moml.MoMLSimpleApplication@89855d5
reloadAllAccessors: .Clock12

===========================================================================================
----------------- testing Fri Oct 16 13:49:15 UTC 2020 /home/travis/build/icyphy/ptII/ptolemy/actor/lib/test/auto/Clock13.xml
----------------- Instantiating /home/travis/build/icyphy/ptII/ptolemy/actor/lib/test/auto/Clock13.xml
4 ms. Memory: 473088K Free: 391421K (83%)
----------------- Invoking toplevel() on ptolemy.moml.MoMLSimpleApplication@f9c95ea
----------------- Done invoking toplevel() on ptolemy.moml.MoMLSimpleApplication@f9c95ea
reloadAllAccessors: .Clock13

===========================================================================================
----------------- testing Fri Oct 16 13:49:15 UTC 2020 /home/travis/build/icyphy/ptII/ptolemy/actor/lib/test/auto/Clock14.xml
----------------- Instantiating /home/travis/build/icyphy/ptII/ptolemy/actor/lib/test/auto/Clock14.xml
3 ms. Memory: 473088K Free: 385756K (82%)
----------------- Invoking toplevel() on ptolemy.moml.MoMLSimpleApplication@533b544c
----------------- Done invoking toplevel() on ptolemy.moml.MoMLSimpleApplication@533b544c
reloadAllAccessors: .Clock14

===========================================================================================
----------------- testing Fri Oct 16 13:49:15 UTC 2020 /home/travis/build/icyphy/ptII/ptolemy/actor/lib/test/auto/Clock15.xml
----------------- Instantiating /home/travis/build/icyphy/ptII/ptolemy/actor/lib/test/auto/Clock15.xml
3 ms. Memory: 473088K Free: 379612K (80%)
----------------- Invoking toplevel() on ptolemy.moml.MoMLSimpleApplication@1d77d04e
----------------- Done invoking toplevel() on ptolemy.moml.MoMLSimpleApplication@1d77d04e
reloadAllAccessors: .Clock15

===========================================================================================
----------------- testing Fri Oct 16 13:49:15 UTC 2020 /home/travis/build/icyphy/ptII/ptolemy/actor/lib/test/auto/Clock16.xml
----------------- Instantiating /home/travis/build/icyphy/ptII/ptolemy/actor/lib/test/auto/Clock16.xml
52 ms. Memory: 473088K Free: 365300K (77%)
----------------- Invoking toplevel() on ptolemy.moml.MoMLSimpleApplication@6729a566
----------------- Done invoking toplevel() on ptolemy.moml.MoMLSimpleApplication@6729a566
reloadAllAccessors: .Clock16

===========================================================================================
----------------- testing Fri Oct 16 13:49:15 UTC 2020 /home/travis/build/icyphy/ptII/ptolemy/actor/lib/test/auto/Clock17.xml
----------------- Instantiating /home/travis/build/icyphy/ptII/ptolemy/actor/lib/test/auto/Clock17.xml
37 ms. Memory: 473088K Free: 351485K (74%)
----------------- Invoking toplevel() on ptolemy.moml.MoMLSimpleApplication@19737a6e
----------------- Done invoking toplevel() on ptolemy.moml.MoMLSimpleApplication@19737a6e
reloadAllAccessors: .Clock17

===========================================================================================
----------------- testing Fri Oct 16 13:49:15 UTC 2020 /home/travis/build/icyphy/ptII/ptolemy/actor/lib/test/auto/Clock18.xml
----------------- Instantiating /home/travis/build/icyphy/ptII/ptolemy/actor/lib/test/auto/Clock18.xml
30 ms. Memory: 473088K Free: 338173K (71%)
----------------- Invoking toplevel() on ptolemy.moml.MoMLSimpleApplication@2455cfe7
----------------- Done invoking toplevel() on ptolemy.moml.MoMLSimpleApplication@2455cfe7
reloadAllAccessors: .Clock18

===========================================================================================
----------------- testing Fri Oct 16 13:49:15 UTC 2020 /home/travis/build/icyphy/ptII/ptolemy/actor/lib/test/auto/Clock19.xml
----------------- Instantiating /home/travis/build/icyphy/ptII/ptolemy/actor/lib/test/auto/Clock19.xml
17 ms. Memory: 473088K Free: 325364K (69%)
----------------- Invoking toplevel() on ptolemy.moml.MoMLSimpleApplication@604c1b91
----------------- Done invoking toplevel() on ptolemy.moml.MoMLSimpleApplication@604c1b91
reloadAllAccessors: .Clock19

===========================================================================================
----------------- testing Fri Oct 16 13:49:15 UTC 2020 /home/travis/build/icyphy/ptII/ptolemy/actor/lib/test/auto/Clock2.xml
----------------- Instantiating /home/travis/build/icyphy/ptII/ptolemy/actor/lib/test/auto/Clock2.xml
5 ms. Memory: 473088K Free: 320765K (68%)
----------------- Invoking toplevel() on ptolemy.moml.MoMLSimpleApplication@1ad45366
----------------- Done invoking toplevel() on ptolemy.moml.MoMLSimpleApplication@1ad45366
reloadAllAccessors: .Clock2

===========================================================================================
----------------- testing Fri Oct 16 13:49:15 UTC 2020 /home/travis/build/icyphy/ptII/ptolemy/actor/lib/test/auto/Clock20.xml
----------------- Instantiating /home/travis/build/icyphy/ptII/ptolemy/actor/lib/test/auto/Clock20.xml
13 ms. Memory: 473088K Free: 315645K (67%)
----------------- Invoking toplevel() on ptolemy.moml.MoMLSimpleApplication@35fac912
----------------- Done invoking toplevel() on ptolemy.moml.MoMLSimpleApplication@35fac912
reloadAllAccessors: .Clock20

===========================================================================================
----------------- testing Fri Oct 16 13:49:15 UTC 2020 /home/travis/build/icyphy/ptII/ptolemy/actor/lib/test/auto/Clock21.xml
----------------- Instantiating /home/travis/build/icyphy/ptII/ptolemy/actor/lib/test/auto/Clock21.xml
3 ms. Memory: 473088K Free: 310011K (66%)
----------------- Invoking toplevel() on ptolemy.moml.MoMLSimpleApplication@4858f963
----------------- Done invoking toplevel() on ptolemy.moml.MoMLSimpleApplication@4858f963
reloadAllAccessors: .Clock21

===========================================================================================
----------------- testing Fri Oct 16 13:49:15 UTC 2020 /home/travis/build/icyphy/ptII/ptolemy/actor/lib/test/auto/Clock22.xml
----------------- Instantiating /home/travis/build/icyphy/ptII/ptolemy/actor/lib/test/auto/Clock22.xml
4 ms. Memory: 473088K Free: 304891K (64%)
----------------- Invoking toplevel() on ptolemy.moml.MoMLSimpleApplication@4641bc62
----------------- Done invoking toplevel() on ptolemy.moml.MoMLSimpleApplication@4641bc62
reloadAllAccessors: .Clock22

===========================================================================================
----------------- testing Fri Oct 16 13:49:15 UTC 2020 /home/travis/build/icyphy/ptII/ptolemy/actor/lib/test/auto/Clock23.xml
----------------- Instantiating /home/travis/build/icyphy/ptII/ptolemy/actor/lib/test/auto/Clock23.xml
5 ms. Memory: 473088K Free: 299261K (63%)
----------------- Invoking toplevel() on ptolemy.moml.MoMLSimpleApplication@d1d6c31
----------------- Done invoking toplevel() on ptolemy.moml.MoMLSimpleApplication@d1d6c31
reloadAllAccessors: .Clock23

===========================================================================================
----------------- testing Fri Oct 16 13:49:15 UTC 2020 /home/travis/build/icyphy/ptII/ptolemy/actor/lib/test/auto/Clock24.xml
----------------- Instantiating /home/travis/build/icyphy/ptII/ptolemy/actor/lib/test/auto/Clock24.xml
8 ms. Memory: 473088K Free: 294141K (62%)
----------------- Invoking toplevel() on ptolemy.moml.MoMLSimpleApplication@55ec30f2
----------------- Done invoking toplevel() on ptolemy.moml.MoMLSimpleApplication@55ec30f2
reloadAllAccessors: .Clock24

===========================================================================================
----------------- testing Fri Oct 16 13:49:15 UTC 2020 /home/travis/build/icyphy/ptII/ptolemy/actor/lib/test/auto/Clock4.xml
----------------- Instantiating /home/travis/build/icyphy/ptII/ptolemy/actor/lib/test/auto/Clock4.xml
3 ms. Memory: 473088K Free: 289021K (61%)
----------------- Invoking toplevel() on ptolemy.moml.MoMLSimpleApplication@7f237bdf
----------------- Done invoking toplevel() on ptolemy.moml.MoMLSimpleApplication@7f237bdf
reloadAllAccessors: .Clock4

===========================================================================================
----------------- testing Fri Oct 16 13:49:15 UTC 2020 /home/travis/build/icyphy/ptII/ptolemy/actor/lib/test/auto/Clock5.xml
----------------- Instantiating /home/travis/build/icyphy/ptII/ptolemy/actor/lib/test/auto/Clock5.xml
5 ms. Memory: 473088K Free: 283901K (60%)
----------------- Invoking toplevel() on ptolemy.moml.MoMLSimpleApplication@73f36c9f
----------------- Done invoking toplevel() on ptolemy.moml.MoMLSimpleApplication@73f36c9f
reloadAllAccessors: .Clock5

===========================================================================================
----------------- testing Fri Oct 16 13:49:15 UTC 2020 /home/travis/build/icyphy/ptII/ptolemy/actor/lib/test/auto/Clock6.xml
----------------- Instantiating /home/travis/build/icyphy/ptII/ptolemy/actor/lib/test/auto/Clock6.xml
2 ms. Memory: 473088K Free: 279291K (59%)
----------------- Invoking toplevel() on ptolemy.moml.MoMLSimpleApplication@c45eddb
----------------- Done invoking toplevel() on ptolemy.moml.MoMLSimpleApplication@c45eddb
reloadAllAccessors: .Clock6

===========================================================================================
----------------- testing Fri Oct 16 13:49:15 UTC 2020 /home/travis/build/icyphy/ptII/ptolemy/actor/lib/test/auto/Clock7.xml
----------------- Instantiating /home/travis/build/icyphy/ptII/ptolemy/actor/lib/test/auto/Clock7.xml
2 ms. Memory: 473088K Free: 275195K (58%)
----------------- Invoking toplevel() on ptolemy.moml.MoMLSimpleApplication@2d3cd7b9
----------------- Done invoking toplevel() on ptolemy.moml.MoMLSimpleApplication@2d3cd7b9
reloadAllAccessors: .Clock7

===========================================================================================
----------------- testing Fri Oct 16 13:49:15 UTC 2020 /home/travis/build/icyphy/ptII/ptolemy/actor/lib/test/auto/Clock8.xml
----------------- Instantiating /home/travis/build/icyphy/ptII/ptolemy/actor/lib/test/auto/Clock8.xml
3 ms. Memory: 473088K Free: 269565K (57%)
----------------- Invoking toplevel() on ptolemy.moml.MoMLSimpleApplication@ecf2ede
----------------- Done invoking toplevel() on ptolemy.moml.MoMLSimpleApplication@ecf2ede
reloadAllAccessors: .Clock8

===========================================================================================
----------------- testing Fri Oct 16 13:49:15 UTC 2020 /home/travis/build/icyphy/ptII/ptolemy/actor/lib/test/auto/Clock9.xml
----------------- Instantiating /home/travis/build/icyphy/ptII/ptolemy/actor/lib/test/auto/Clock9.xml
7 ms. Memory: 473088K Free: 264445K (56%)
----------------- Invoking toplevel() on ptolemy.moml.MoMLSimpleApplication@5747cf80
----------------- Done invoking toplevel() on ptolemy.moml.MoMLSimpleApplication@5747cf80
reloadAllAccessors: .Clock9

===========================================================================================
----------------- testing Fri Oct 16 13:49:15 UTC 2020 /home/travis/build/icyphy/ptII/ptolemy/actor/lib/test/auto/CommDistDiscard.xml
----------------- Instantiating /home/travis/build/icyphy/ptII/ptolemy/actor/lib/test/auto/CommDistDiscard.xml
5 ms. Memory: 473088K Free: 258811K (55%)
----------------- Invoking toplevel() on ptolemy.moml.MoMLSimpleApplication@37ae7d7d
----------------- Done invoking toplevel() on ptolemy.moml.MoMLSimpleApplication@37ae7d7d
reloadAllAccessors: .CommDistDiscard

===========================================================================================
----------------- testing Fri Oct 16 13:49:16 UTC 2020 /home/travis/build/icyphy/ptII/ptolemy/actor/lib/test/auto/Commutator.xml
----------------- Instantiating /home/travis/build/icyphy/ptII/ptolemy/actor/lib/test/auto/Commutator.xml
2 ms. Memory: 473088K Free: 254205K (54%)
----------------- Invoking toplevel() on ptolemy.moml.MoMLSimpleApplication@68cb86d1
----------------- Done invoking toplevel() on ptolemy.moml.MoMLSimpleApplication@68cb86d1
reloadAllAccessors: .Commutator

===========================================================================================
----------------- testing Fri Oct 16 13:49:16 UTC 2020 /home/travis/build/icyphy/ptII/ptolemy/actor/lib/test/auto/Commutator2.xml
----------------- Instantiating /home/travis/build/icyphy/ptII/ptolemy/actor/lib/test/auto/Commutator2.xml
3 ms. Memory: 473088K Free: 250109K (53%)
----------------- Invoking toplevel() on ptolemy.moml.MoMLSimpleApplication@b594945
----------------- Done invoking toplevel() on ptolemy.moml.MoMLSimpleApplication@b594945
reloadAllAccessors: .Commutator2

===========================================================================================
----------------- testing Fri Oct 16 13:49:16 UTC 2020 /home/travis/build/icyphy/ptII/ptolemy/actor/lib/test/auto/Commutator3.xml
----------------- Instantiating /home/travis/build/icyphy/ptII/ptolemy/actor/lib/test/auto/Commutator3.xml
3 ms. Memory: 473088K Free: 245499K (52%)
----------------- Invoking toplevel() on ptolemy.moml.MoMLSimpleApplication@64fb71d4
----------------- Done invoking toplevel() on ptolemy.moml.MoMLSimpleApplication@64fb71d4
reloadAllAccessors: .Commutator3

===========================================================================================
----------------- testing Fri Oct 16 13:49:16 UTC 2020 /home/travis/build/icyphy/ptII/ptolemy/actor/lib/test/auto/Compare.xml
----------------- Instantiating /home/travis/build/icyphy/ptII/ptolemy/actor/lib/test/auto/Compare.xml
3 ms. Memory: 473088K Free: 239355K (51%)
----------------- Invoking toplevel() on ptolemy.moml.MoMLSimpleApplication@19baaad8
----------------- Done invoking toplevel() on ptolemy.moml.MoMLSimpleApplication@19baaad8
reloadAllAccessors: .Compare

===========================================================================================
----------------- testing Fri Oct 16 13:49:16 UTC 2020 /home/travis/build/icyphy/ptII/ptolemy/actor/lib/test/auto/CompareDE.xml
----------------- Instantiating /home/travis/build/icyphy/ptII/ptolemy/actor/lib/test/auto/CompareDE.xml
6 ms. Memory: 473088K Free: 232172K (49%)
----------------- Invoking toplevel() on ptolemy.moml.MoMLSimpleApplication@239f28c6
----------------- Done invoking toplevel() on ptolemy.moml.MoMLSimpleApplication@239f28c6
reloadAllAccessors: .CompareDE

===========================================================================================
----------------- testing Fri Oct 16 13:49:16 UTC 2020 /home/travis/build/icyphy/ptII/ptolemy/actor/lib/test/auto/ComplexDivide.xml
----------------- Instantiating /home/travis/build/icyphy/ptII/ptolemy/actor/lib/test/auto/ComplexDivide.xml
1 ms. Memory: 473088K Free: 228605K (48%)
----------------- Invoking toplevel() on ptolemy.moml.MoMLSimpleApplication@3b7de566
----------------- Done invoking toplevel() on ptolemy.moml.MoMLSimpleApplication@3b7de566
reloadAllAccessors: .ComplexDivide

===========================================================================================
----------------- testing Fri Oct 16 13:49:16 UTC 2020 /home/travis/build/icyphy/ptII/ptolemy/actor/lib/test/auto/ComputeHistogram.xml
----------------- Instantiating /home/travis/build/icyphy/ptII/ptolemy/actor/lib/test/auto/ComputeHistogram.xml
35 ms. Memory: 473088K Free: 215803K (46%)
----------------- Invoking toplevel() on ptolemy.moml.MoMLSimpleApplication@7d7834af
----------------- Done invoking toplevel() on ptolemy.moml.MoMLSimpleApplication@7d7834af
reloadAllAccessors: .ComputeHistogram

===========================================================================================
----------------- testing Fri Oct 16 13:49:16 UTC 2020 /home/travis/build/icyphy/ptII/ptolemy/actor/lib/test/auto/ConfigurationSelect.xml
----------------- Instantiating /home/travis/build/icyphy/ptII/ptolemy/actor/lib/test/auto/ConfigurationSelect.xml
9 ms. Memory: 473088K Free: 210652K (45%)
----------------- Invoking toplevel() on ptolemy.moml.MoMLSimpleApplication@53ddc923
----------------- Done invoking toplevel() on ptolemy.moml.MoMLSimpleApplication@53ddc923
reloadAllAccessors: .ConfigurationSelect

===========================================================================================
----------------- testing Fri Oct 16 13:49:16 UTC 2020 /home/travis/build/icyphy/ptII/ptolemy/actor/lib/test/auto/ConfigurationSelect2.xml
----------------- Instantiating /home/travis/build/icyphy/ptII/ptolemy/actor/lib/test/auto/ConfigurationSelect2.xml
2 ms. Memory: 473088K Free: 206077K (44%)
----------------- Invoking toplevel() on ptolemy.moml.MoMLSimpleApplication@170586d6
----------------- Done invoking toplevel() on ptolemy.moml.MoMLSimpleApplication@170586d6
reloadAllAccessors: .ConfigurationSelect2

===========================================================================================
----------------- testing Fri Oct 16 13:49:16 UTC 2020 /home/travis/build/icyphy/ptII/ptolemy/actor/lib/test/auto/ConfigurationSwitch.xml
----------------- Instantiating /home/travis/build/icyphy/ptII/ptolemy/actor/lib/test/auto/ConfigurationSwitch.xml
11 ms. Memory: 473088K Free: 200443K (42%)
----------------- Invoking toplevel() on ptolemy.moml.MoMLSimpleApplication@7f20809f
----------------- Done invoking toplevel() on ptolemy.moml.MoMLSimpleApplication@7f20809f
reloadAllAccessors: .ConfigurationSwitch

===========================================================================================
----------------- testing Fri Oct 16 13:49:16 UTC 2020 /home/travis/build/icyphy/ptII/ptolemy/actor/lib/test/auto/ConfigurationSwitch2.xml
----------------- Instantiating /home/travis/build/icyphy/ptII/ptolemy/actor/lib/test/auto/ConfigurationSwitch2.xml
4 ms. Memory: 473088K Free: 195323K (41%)
----------------- Invoking toplevel() on ptolemy.moml.MoMLSimpleApplication@961a58a
----------------- Done invoking toplevel() on ptolemy.moml.MoMLSimpleApplication@961a58a
reloadAllAccessors: .ConfigurationSwitch2

===========================================================================================
----------------- testing Fri Oct 16 13:49:16 UTC 2020 /home/travis/build/icyphy/ptII/ptolemy/actor/lib/test/auto/ConfigurationSwitchCloningBugWithClassRelationGroup.xml
----------------- Instantiating /home/travis/build/icyphy/ptII/ptolemy/actor/lib/test/auto/ConfigurationSwitchCloningBugWithClassRelationGroup.xml
2 ms. Memory: 473088K Free: 188155K (40%)
----------------- Invoking toplevel() on ptolemy.moml.MoMLSimpleApplication@445adf32
----------------- Done invoking toplevel() on ptolemy.moml.MoMLSimpleApplication@445adf32
reloadAllAccessors: .ConfigurationSwitchCloningBugWithClassRelationGroup

===========================================================================================
----------------- testing Fri Oct 16 13:49:16 UTC 2020 /home/travis/build/icyphy/ptII/ptolemy/actor/lib/test/auto/ConfigurationSwitchSelectSDF.xml
----------------- Instantiating /home/travis/build/icyphy/ptII/ptolemy/actor/lib/test/auto/ConfigurationSwitchSelectSDF.xml
2 ms. Memory: 473088K Free: 182525K (39%)
----------------- Invoking toplevel() on ptolemy.moml.MoMLSimpleApplication@690e198a
----------------- Done invoking toplevel() on ptolemy.moml.MoMLSimpleApplication@690e198a
reloadAllAccessors: .ConfigurationSwitchSelectSDF

===========================================================================================
----------------- testing Fri Oct 16 13:49:16 UTC 2020 /home/travis/build/icyphy/ptII/ptolemy/actor/lib/test/auto/ConfigurationSwitchSelectSDF2.xml
----------------- Instantiating /home/travis/build/icyphy/ptII/ptolemy/actor/lib/test/auto/ConfigurationSwitchSelectSDF2.xml
2 ms. Memory: 473088K Free: 176381K (37%)
----------------- Invoking toplevel() on ptolemy.moml.MoMLSimpleApplication@4a58f452
----------------- Done invoking toplevel() on ptolemy.moml.MoMLSimpleApplication@4a58f452
reloadAllAccessors: .ConfigurationSwitchSelectSDF2

===========================================================================================
----------------- testing Fri Oct 16 13:49:16 UTC 2020 /home/travis/build/icyphy/ptII/ptolemy/actor/lib/test/auto/Const.xml
----------------- Instantiating /home/travis/build/icyphy/ptII/ptolemy/actor/lib/test/auto/Const.xml
2 ms. Memory: 473088K Free: 172795K (37%)
----------------- Invoking toplevel() on ptolemy.moml.MoMLSimpleApplication@6a646716
----------------- Done invoking toplevel() on ptolemy.moml.MoMLSimpleApplication@6a646716
reloadAllAccessors: .Const

===========================================================================================
----------------- testing Fri Oct 16 13:49:16 UTC 2020 /home/travis/build/icyphy/ptII/ptolemy/actor/lib/test/auto/Const2.xml
----------------- Instantiating /home/travis/build/icyphy/ptII/ptolemy/actor/lib/test/auto/Const2.xml
1 ms. Memory: 473088K Free: 169213K (36%)
----------------- Invoking toplevel() on ptolemy.moml.MoMLSimpleApplication@755219f9
----------------- Done invoking toplevel() on ptolemy.moml.MoMLSimpleApplication@755219f9
reloadAllAccessors: .Const2

===========================================================================================
----------------- testing Fri Oct 16 13:49:16 UTC 2020 /home/travis/build/icyphy/ptII/ptolemy/actor/lib/test/auto/Const3.xml
----------------- Instantiating /home/travis/build/icyphy/ptII/ptolemy/actor/lib/test/auto/Const3.xml
1 ms. Memory: 473088K Free: 166141K (35%)
----------------- Invoking toplevel() on ptolemy.moml.MoMLSimpleApplication@7849e11e
----------------- Done invoking toplevel() on ptolemy.moml.MoMLSimpleApplication@7849e11e
reloadAllAccessors: .Const3

===========================================================================================
----------------- testing Fri Oct 16 13:49:16 UTC 2020 /home/travis/build/icyphy/ptII/ptolemy/actor/lib/test/auto/ConstantPublisherPort1.xml
----------------- Instantiating /home/travis/build/icyphy/ptII/ptolemy/actor/lib/test/auto/ConstantPublisherPort1.xml
8 ms. Memory: 473088K Free: 157435K (33%)
----------------- Invoking toplevel() on ptolemy.moml.MoMLSimpleApplication@7f001369
----------------- Done invoking toplevel() on ptolemy.moml.MoMLSimpleApplication@7f001369
reloadAllAccessors: .ConstantPublisherPort1

===========================================================================================
----------------- testing Fri Oct 16 13:49:16 UTC 2020 /home/travis/build/icyphy/ptII/ptolemy/actor/lib/test/auto/ConstantPublisherPort2.xml
----------------- Instantiating /home/travis/build/icyphy/ptII/ptolemy/actor/lib/test/auto/ConstantPublisherPort2.xml
14 ms. Memory: 473088K Free: 149243K (32%)
----------------- Invoking toplevel() on ptolemy.moml.MoMLSimpleApplication@27dca911
----------------- Done invoking toplevel() on ptolemy.moml.MoMLSimpleApplication@27dca911
reloadAllAccessors: .ConstantPublisherPort2

===========================================================================================
----------------- testing Fri Oct 16 13:49:16 UTC 2020 /home/travis/build/icyphy/ptII/ptolemy/actor/lib/test/auto/ConstantPublisherPort3.xml
----------------- Instantiating /home/travis/build/icyphy/ptII/ptolemy/actor/lib/test/auto/ConstantPublisherPort3.xml
5 ms. Memory: 473088K Free: 418045K (88%)
----------------- Invoking toplevel() on ptolemy.moml.MoMLSimpleApplication@10e7bccf
----------------- Done invoking toplevel() on ptolemy.moml.MoMLSimpleApplication@10e7bccf
reloadAllAccessors: .ConstantPublisherPort3

===========================================================================================
----------------- testing Fri Oct 16 13:49:16 UTC 2020 /home/travis/build/icyphy/ptII/ptolemy/actor/lib/test/auto/ConstantPublisherPort4.xml
----------------- Instantiating /home/travis/build/icyphy/ptII/ptolemy/actor/lib/test/auto/ConstantPublisherPort4.xml
3 ms. Memory: 473088K Free: 410877K (87%)
----------------- Invoking toplevel() on ptolemy.moml.MoMLSimpleApplication@254a74e0
----------------- Done invoking toplevel() on ptolemy.moml.MoMLSimpleApplication@254a74e0
reloadAllAccessors: .ConstantPublisherPort4

===========================================================================================
----------------- testing Fri Oct 16 13:49:16 UTC 2020 /home/travis/build/icyphy/ptII/ptolemy/actor/lib/test/auto/ConstantPublisherPort5.xml
----------------- Instantiating /home/travis/build/icyphy/ptII/ptolemy/actor/lib/test/auto/ConstantPublisherPort5.xml
25 ms. Memory: 473088K Free: 400637K (85%)
----------------- Invoking toplevel() on ptolemy.moml.MoMLSimpleApplication@5bdcfe06
----------------- Done invoking toplevel() on ptolemy.moml.MoMLSimpleApplication@5bdcfe06
reloadAllAccessors: .ConstantPublisherPort5

===========================================================================================
----------------- testing Fri Oct 16 13:49:16 UTC 2020 /home/travis/build/icyphy/ptII/ptolemy/actor/lib/test/auto/ConstantPublisherPort6.xml
----------------- Instantiating /home/travis/build/icyphy/ptII/ptolemy/actor/lib/test/auto/ConstantPublisherPort6.xml
14 ms. Memory: 473088K Free: 391931K (83%)
----------------- Invoking toplevel() on ptolemy.moml.MoMLSimpleApplication@74bef89d
----------------- Done invoking toplevel() on ptolemy.moml.MoMLSimpleApplication@74bef89d
reloadAllAccessors: .ConstantPublisherPort6

===========================================================================================
----------------- testing Fri Oct 16 13:49:16 UTC 2020 /home/travis/build/icyphy/ptII/ptolemy/actor/lib/test/auto/ConstantPublisherPort7.xml
----------------- Instantiating /home/travis/build/icyphy/ptII/ptolemy/actor/lib/test/auto/ConstantPublisherPort7.xml
21 ms. Memory: 473088K Free: 382205K (81%)
----------------- Invoking toplevel() on ptolemy.moml.MoMLSimpleApplication@486a4b28
----------------- Done invoking toplevel() on ptolemy.moml.MoMLSimpleApplication@486a4b28
reloadAllAccessors: .ConstantPublisherPort7

===========================================================================================
----------------- testing Fri Oct 16 13:49:16 UTC 2020 /home/travis/build/icyphy/ptII/ptolemy/actor/lib/test/auto/ConstraintMonitor1.xml
----------------- Instantiating /home/travis/build/icyphy/ptII/ptolemy/actor/lib/test/auto/ConstraintMonitor1.xml
3 ms. Memory: 473088K Free: 377083K (80%)
----------------- Invoking toplevel() on ptolemy.moml.MoMLSimpleApplication@3b90bbbf
----------------- Done invoking toplevel() on ptolemy.moml.MoMLSimpleApplication@3b90bbbf
reloadAllAccessors: .ConstraintMonitor1

===========================================================================================
----------------- testing Fri Oct 16 13:49:16 UTC 2020 /home/travis/build/icyphy/ptII/ptolemy/actor/lib/test/auto/ConstraintMonitor2.xml
----------------- Instantiating /home/travis/build/icyphy/ptII/ptolemy/actor/lib/test/auto/ConstraintMonitor2.xml
4 ms. Memory: 473088K Free: 372475K (79%)
----------------- Invoking toplevel() on ptolemy.moml.MoMLSimpleApplication@5d3eb9fa
----------------- Done invoking toplevel() on ptolemy.moml.MoMLSimpleApplication@5d3eb9fa
reloadAllAccessors: .ConstraintMonitor2

===========================================================================================
----------------- testing Fri Oct 16 13:49:16 UTC 2020 /home/travis/build/icyphy/ptII/ptolemy/actor/lib/test/auto/ConstraintMonitor3.xml
----------------- Instantiating /home/travis/build/icyphy/ptII/ptolemy/actor/lib/test/auto/ConstraintMonitor3.xml
5 ms. Memory: 473088K Free: 367869K (78%)
----------------- Invoking toplevel() on ptolemy.moml.MoMLSimpleApplication@2d652997
----------------- Done invoking toplevel() on ptolemy.moml.MoMLSimpleApplication@2d652997
reloadAllAccessors: .ConstraintMonitor3

===========================================================================================
----------------- testing Fri Oct 16 13:49:16 UTC 2020 /home/travis/build/icyphy/ptII/ptolemy/actor/lib/test/auto/ConstraintMonitor4.xml
----------------- Instantiating /home/travis/build/icyphy/ptII/ptolemy/actor/lib/test/auto/ConstraintMonitor4.xml
5 ms. Memory: 473088K Free: 363259K (77%)
----------------- Invoking toplevel() on ptolemy.moml.MoMLSimpleApplication@9d83060
----------------- Done invoking toplevel() on ptolemy.moml.MoMLSimpleApplication@9d83060
reloadAllAccessors: .ConstraintMonitor4

===========================================================================================
----------------- testing Fri Oct 16 13:49:16 UTC 2020 /home/travis/build/icyphy/ptII/ptolemy/actor/lib/test/auto/ConstraintMonitor5.xml
----------------- Instantiating /home/travis/build/icyphy/ptII/ptolemy/actor/lib/test/auto/ConstraintMonitor5.xml
4 ms. Memory: 473088K Free: 357629K (76%)
----------------- Invoking toplevel() on ptolemy.moml.MoMLSimpleApplication@2a84f027
----------------- Done invoking toplevel() on ptolemy.moml.MoMLSimpleApplication@2a84f027
reloadAllAccessors: .ConstraintMonitor5

===========================================================================================
----------------- testing Fri Oct 16 13:49:16 UTC 2020 /home/travis/build/icyphy/ptII/ptolemy/actor/lib/test/auto/ConstraintMonitor6.xml
----------------- Instantiating /home/travis/build/icyphy/ptII/ptolemy/actor/lib/test/auto/ConstraintMonitor6.xml
7 ms. Memory: 473088K Free: 350964K (74%)
----------------- Invoking toplevel() on ptolemy.moml.MoMLSimpleApplication@6d879fd3
----------------- Done invoking toplevel() on ptolemy.moml.MoMLSimpleApplication@6d879fd3
reloadAllAccessors: .ConstraintMonitor6

===========================================================================================
----------------- testing Fri Oct 16 13:49:16 UTC 2020 /home/travis/build/icyphy/ptII/ptolemy/actor/lib/test/auto/ConstraintMonitor7.xml
----------------- Instantiating /home/travis/build/icyphy/ptII/ptolemy/actor/lib/test/auto/ConstraintMonitor7.xml
5 ms. Memory: 473088K Free: 344820K (73%)
----------------- Invoking toplevel() on ptolemy.moml.MoMLSimpleApplication@3b814d82
----------------- Done invoking toplevel() on ptolemy.moml.MoMLSimpleApplication@3b814d82
reloadAllAccessors: .ConstraintMonitor7

===========================================================================================
----------------- testing Fri Oct 16 13:49:16 UTC 2020 /home/travis/build/icyphy/ptII/ptolemy/actor/lib/test/auto/ConstraintMonitor8.xml
----------------- Instantiating /home/travis/build/icyphy/ptII/ptolemy/actor/lib/test/auto/ConstraintMonitor8.xml
6 ms. Memory: 473088K Free: 337149K (71%)
----------------- Invoking toplevel() on ptolemy.moml.MoMLSimpleApplication@239b3a24
----------------- Done invoking toplevel() on ptolemy.moml.MoMLSimpleApplication@239b3a24
reloadAllAccessors: .ConstraintMonitor8

===========================================================================================
----------------- testing Fri Oct 16 13:49:16 UTC 2020 /home/travis/build/icyphy/ptII/ptolemy/actor/lib/test/auto/Counter.xml
----------------- Instantiating /home/travis/build/icyphy/ptII/ptolemy/actor/lib/test/auto/Counter.xml
3 ms. Memory: 473088K Free: 331515K (70%)
----------------- Invoking toplevel() on ptolemy.moml.MoMLSimpleApplication@59a8c4ba
----------------- Done invoking toplevel() on ptolemy.moml.MoMLSimpleApplication@59a8c4ba
reloadAllAccessors: .Counter

===========================================================================================
----------------- testing Fri Oct 16 13:49:16 UTC 2020 /home/travis/build/icyphy/ptII/ptolemy/actor/lib/test/auto/CurrentTimeSDF.xml
----------------- Instantiating /home/travis/build/icyphy/ptII/ptolemy/actor/lib/test/auto/CurrentTimeSDF.xml
2 ms. Memory: 473088K Free: 327933K (69%)
----------------- Invoking toplevel() on ptolemy.moml.MoMLSimpleApplication@4c021640
----------------- Done invoking toplevel() on ptolemy.moml.MoMLSimpleApplication@4c021640
reloadAllAccessors: .CurrentTimeSDF

===========================================================================================
----------------- testing Fri Oct 16 13:49:16 UTC 2020 /home/travis/build/icyphy/ptII/ptolemy/actor/lib/test/auto/DB.xml
----------------- Instantiating /home/travis/build/icyphy/ptII/ptolemy/actor/lib/test/auto/DB.xml
1 ms. Memory: 473088K Free: 322813K (68%)
----------------- Invoking toplevel() on ptolemy.moml.MoMLSimpleApplication@4f14a111
----------------- Done invoking toplevel() on ptolemy.moml.MoMLSimpleApplication@4f14a111
reloadAllAccessors: .DB

===========================================================================================
----------------- testing Fri Oct 16 13:49:17 UTC 2020 /home/travis/build/icyphy/ptII/ptolemy/actor/lib/test/auto/DBDE.xml
----------------- Instantiating /home/travis/build/icyphy/ptII/ptolemy/actor/lib/test/auto/DBDE.xml
3 ms. Memory: 473088K Free: 316669K (67%)
----------------- Invoking toplevel() on ptolemy.moml.MoMLSimpleApplication@6167cbd1
----------------- Done invoking toplevel() on ptolemy.moml.MoMLSimpleApplication@6167cbd1
reloadAllAccessors: .DBDE

===========================================================================================
----------------- testing Fri Oct 16 13:49:17 UTC 2020 /home/travis/build/icyphy/ptII/ptolemy/actor/lib/test/auto/DateConstructor.xml
----------------- Instantiating /home/travis/build/icyphy/ptII/ptolemy/actor/lib/test/auto/DateConstructor.xml
48 ms. Memory: 473088K Free: 299261K (63%)
----------------- Invoking toplevel() on ptolemy.moml.MoMLSimpleApplication@7a55338c
----------------- Done invoking toplevel() on ptolemy.moml.MoMLSimpleApplication@7a55338c
reloadAllAccessors: .DateConstructor

===========================================================================================
----------------- testing Fri Oct 16 13:49:17 UTC 2020 /home/travis/build/icyphy/ptII/ptolemy/actor/lib/test/auto/DelayTime.xml
----------------- Instantiating /home/travis/build/icyphy/ptII/ptolemy/actor/lib/test/auto/DelayTime.xml
7 ms. Memory: 473088K Free: 294141K (62%)
----------------- Invoking toplevel() on ptolemy.moml.MoMLSimpleApplication@b725b70
----------------- Done invoking toplevel() on ptolemy.moml.MoMLSimpleApplication@b725b70
reloadAllAccessors: .DelayTime

===========================================================================================
----------------- testing Fri Oct 16 13:49:17 UTC 2020 /home/travis/build/icyphy/ptII/ptolemy/actor/lib/test/auto/Dictionary1.xml
----------------- Instantiating /home/travis/build/icyphy/ptII/ptolemy/actor/lib/test/auto/Dictionary1.xml
2 ms. Memory: 473088K Free: 288507K (61%)
----------------- Invoking toplevel() on ptolemy.moml.MoMLSimpleApplication@2ca0800c
----------------- Done invoking toplevel() on ptolemy.moml.MoMLSimpleApplication@2ca0800c
reloadAllAccessors: .Dictionary1

===========================================================================================
----------------- testing Fri Oct 16 13:49:17 UTC 2020 /home/travis/build/icyphy/ptII/ptolemy/actor/lib/test/auto/Dictionary2.xml
----------------- Instantiating /home/travis/build/icyphy/ptII/ptolemy/actor/lib/test/auto/Dictionary2.xml
5 ms. Memory: 473088K Free: 283387K (60%)
----------------- Invoking toplevel() on ptolemy.moml.MoMLSimpleApplication@27225133
----------------- Done invoking toplevel() on ptolemy.moml.MoMLSimpleApplication@27225133
reloadAllAccessors: .Dictionary2

===========================================================================================
----------------- testing Fri Oct 16 13:49:17 UTC 2020 /home/travis/build/icyphy/ptII/ptolemy/actor/lib/test/auto/Dictionary3.xml
----------------- Instantiating /home/travis/build/icyphy/ptII/ptolemy/actor/lib/test/auto/Dictionary3.xml
1 ms. Memory: 473088K Free: 277757K (59%)
----------------- Invoking toplevel() on ptolemy.moml.MoMLSimpleApplication@b7f6fa5
----------------- Done invoking toplevel() on ptolemy.moml.MoMLSimpleApplication@b7f6fa5
reloadAllAccessors: .Dictionary3

===========================================================================================
----------------- testing Fri Oct 16 13:49:17 UTC 2020 /home/travis/build/icyphy/ptII/ptolemy/actor/lib/test/auto/Dictionary4.xml
----------------- Instantiating /home/travis/build/icyphy/ptII/ptolemy/actor/lib/test/auto/Dictionary4.xml
3 ms. Memory: 473088K Free: 270589K (57%)
----------------- Invoking toplevel() on ptolemy.moml.MoMLSimpleApplication@2c1d90aa
----------------- Done invoking toplevel() on ptolemy.moml.MoMLSimpleApplication@2c1d90aa
reloadAllAccessors: .Dictionary4

===========================================================================================
----------------- testing Fri Oct 16 13:49:17 UTC 2020 /home/travis/build/icyphy/ptII/ptolemy/actor/lib/test/auto/Differential.xml
----------------- Instantiating /home/travis/build/icyphy/ptII/ptolemy/actor/lib/test/auto/Differential.xml
2 ms. Memory: 473088K Free: 266493K (56%)
----------------- Invoking toplevel() on ptolemy.moml.MoMLSimpleApplication@c07ac0
----------------- Done invoking toplevel() on ptolemy.moml.MoMLSimpleApplication@c07ac0
reloadAllAccessors: .Differential

===========================================================================================
----------------- testing Fri Oct 16 13:49:17 UTC 2020 /home/travis/build/icyphy/ptII/ptolemy/actor/lib/test/auto/Director.xml
----------------- Instantiating /home/travis/build/icyphy/ptII/ptolemy/actor/lib/test/auto/Director.xml
4 ms. Memory: 473088K Free: 262907K (56%)
----------------- Invoking toplevel() on ptolemy.moml.MoMLSimpleApplication@5c177f8f
----------------- Done invoking toplevel() on ptolemy.moml.MoMLSimpleApplication@5c177f8f
reloadAllAccessors: .Director

===========================================================================================
----------------- testing Fri Oct 16 13:49:17 UTC 2020 /home/travis/build/icyphy/ptII/ptolemy/actor/lib/test/auto/DiscreteClock.xml
----------------- Instantiating /home/travis/build/icyphy/ptII/ptolemy/actor/lib/test/auto/DiscreteClock.xml
2 ms. Memory: 473088K Free: 258811K (55%)
----------------- Invoking toplevel() on ptolemy.moml.MoMLSimpleApplication@3912d049
----------------- Done invoking toplevel() on ptolemy.moml.MoMLSimpleApplication@3912d049
reloadAllAccessors: .DiscreteClock

===========================================================================================
----------------- testing Fri Oct 16 13:49:17 UTC 2020 /home/travis/build/icyphy/ptII/ptolemy/actor/lib/test/auto/DiscreteClock10.xml
----------------- Instantiating /home/travis/build/icyphy/ptII/ptolemy/actor/lib/test/auto/DiscreteClock10.xml
5 ms. Memory: 473088K Free: 252667K (53%)
----------------- Invoking toplevel() on ptolemy.moml.MoMLSimpleApplication@355fa287
----------------- Done invoking toplevel() on ptolemy.moml.MoMLSimpleApplication@355fa287
reloadAllAccessors: .DiscreteClock10

===========================================================================================
----------------- testing Fri Oct 16 13:49:17 UTC 2020 /home/travis/build/icyphy/ptII/ptolemy/actor/lib/test/auto/DiscreteClock11.xml
----------------- Instantiating /home/travis/build/icyphy/ptII/ptolemy/actor/lib/test/auto/DiscreteClock11.xml
3 ms. Memory: 473088K Free: 247037K (52%)
----------------- Invoking toplevel() on ptolemy.moml.MoMLSimpleApplication@208f2f24
----------------- Done invoking toplevel() on ptolemy.moml.MoMLSimpleApplication@208f2f24
reloadAllAccessors: .DiscreteClock11

===========================================================================================
----------------- testing Fri Oct 16 13:49:17 UTC 2020 /home/travis/build/icyphy/ptII/ptolemy/actor/lib/test/auto/DiscreteClock12.xml
----------------- Instantiating /home/travis/build/icyphy/ptII/ptolemy/actor/lib/test/auto/DiscreteClock12.xml
3 ms. Memory: 473088K Free: 240893K (51%)
----------------- Invoking toplevel() on ptolemy.moml.MoMLSimpleApplication@dd42b30
----------------- Done invoking toplevel() on ptolemy.moml.MoMLSimpleApplication@dd42b30
reloadAllAccessors: .DiscreteClock12

===========================================================================================
----------------- testing Fri Oct 16 13:49:17 UTC 2020 /home/travis/build/icyphy/ptII/ptolemy/actor/lib/test/auto/DiscreteClock13.xml
----------------- Instantiating /home/travis/build/icyphy/ptII/ptolemy/actor/lib/test/auto/DiscreteClock13.xml
7 ms. Memory: 473088K Free: 234749K (50%)
----------------- Invoking toplevel() on ptolemy.moml.MoMLSimpleApplication@2aa2d240
----------------- Done invoking toplevel() on ptolemy.moml.MoMLSimpleApplication@2aa2d240
reloadAllAccessors: .DiscreteClock13

===========================================================================================
----------------- testing Fri Oct 16 13:49:17 UTC 2020 /home/travis/build/icyphy/ptII/ptolemy/actor/lib/test/auto/DiscreteClock14.xml
----------------- Instantiating /home/travis/build/icyphy/ptII/ptolemy/actor/lib/test/auto/DiscreteClock14.xml
6 ms. Memory: 473088K Free: 229084K (48%)
----------------- Invoking toplevel() on ptolemy.moml.MoMLSimpleApplication@331dbaa6
----------------- Done invoking toplevel() on ptolemy.moml.MoMLSimpleApplication@331dbaa6
reloadAllAccessors: .DiscreteClock14

===========================================================================================
----------------- testing Fri Oct 16 13:49:17 UTC 2020 /home/travis/build/icyphy/ptII/ptolemy/actor/lib/test/auto/DiscreteClock15.xml
----------------- Instantiating /home/travis/build/icyphy/ptII/ptolemy/actor/lib/test/auto/DiscreteClock15.xml
5 ms. Memory: 473088K Free: 222940K (47%)
----------------- Invoking toplevel() on ptolemy.moml.MoMLSimpleApplication@1ce1a236
----------------- Done invoking toplevel() on ptolemy.moml.MoMLSimpleApplication@1ce1a236
reloadAllAccessors: .DiscreteClock15

===========================================================================================
----------------- testing Fri Oct 16 13:49:17 UTC 2020 /home/travis/build/icyphy/ptII/ptolemy/actor/lib/test/auto/DiscreteClock16.xml
----------------- Instantiating /home/travis/build/icyphy/ptII/ptolemy/actor/lib/test/auto/DiscreteClock16.xml
21 ms. Memory: 473088K Free: 209149K (44%)
----------------- Invoking toplevel() on ptolemy.moml.MoMLSimpleApplication@33560414
----------------- Done invoking toplevel() on ptolemy.moml.MoMLSimpleApplication@33560414
reloadAllAccessors: .DiscreteClock16

===========================================================================================
----------------- testing Fri Oct 16 13:49:17 UTC 2020 /home/travis/build/icyphy/ptII/ptolemy/actor/lib/test/auto/DiscreteClock17.xml
----------------- Instantiating /home/travis/build/icyphy/ptII/ptolemy/actor/lib/test/auto/DiscreteClock17.xml
20 ms. Memory: 473088K Free: 194813K (41%)
----------------- Invoking toplevel() on ptolemy.moml.MoMLSimpleApplication@fc84b89
----------------- Done invoking toplevel() on ptolemy.moml.MoMLSimpleApplication@fc84b89
reloadAllAccessors: .DiscreteClock17

===========================================================================================
----------------- testing Fri Oct 16 13:49:17 UTC 2020 /home/travis/build/icyphy/ptII/ptolemy/actor/lib/test/auto/DiscreteClock18.xml
----------------- Instantiating /home/travis/build/icyphy/ptII/ptolemy/actor/lib/test/auto/DiscreteClock18.xml
27 ms. Memory: 473088K Free: 180987K (38%)
----------------- Invoking toplevel() on ptolemy.moml.MoMLSimpleApplication@6f97e1c2
----------------- Done invoking toplevel() on ptolemy.moml.MoMLSimpleApplication@6f97e1c2
reloadAllAccessors: .DiscreteClock18

===========================================================================================
----------------- testing Fri Oct 16 13:49:17 UTC 2020 /home/travis/build/icyphy/ptII/ptolemy/actor/lib/test/auto/DiscreteClock19.xml
----------------- Instantiating /home/travis/build/icyphy/ptII/ptolemy/actor/lib/test/auto/DiscreteClock19.xml
13 ms. Memory: 473088K Free: 167660K (35%)
----------------- Invoking toplevel() on ptolemy.moml.MoMLSimpleApplication@1e8ec5be
----------------- Done invoking toplevel() on ptolemy.moml.MoMLSimpleApplication@1e8ec5be
reloadAllAccessors: .DiscreteClock19

===========================================================================================
----------------- testing Fri Oct 16 13:49:17 UTC 2020 /home/travis/build/icyphy/ptII/ptolemy/actor/lib/test/auto/DiscreteClock2.xml
----------------- Instantiating /home/travis/build/icyphy/ptII/ptolemy/actor/lib/test/auto/DiscreteClock2.xml
3 ms. Memory: 473088K Free: 162548K (34%)
----------------- Invoking toplevel() on ptolemy.moml.MoMLSimpleApplication@7e167dc6
----------------- Done invoking toplevel() on ptolemy.moml.MoMLSimpleApplication@7e167dc6
reloadAllAccessors: .DiscreteClock2

===========================================================================================
----------------- testing Fri Oct 16 13:49:17 UTC 2020 /home/travis/build/icyphy/ptII/ptolemy/actor/lib/test/auto/DiscreteClock20.xml
----------------- Instantiating /home/travis/build/icyphy/ptII/ptolemy/actor/lib/test/auto/DiscreteClock20.xml
5 ms. Memory: 473088K Free: 156925K (33%)
----------------- Invoking toplevel() on ptolemy.moml.MoMLSimpleApplication@7409da14
----------------- Done invoking toplevel() on ptolemy.moml.MoMLSimpleApplication@7409da14
reloadAllAccessors: .DiscreteClock20

===========================================================================================
----------------- testing Fri Oct 16 13:49:17 UTC 2020 /home/travis/build/icyphy/ptII/ptolemy/actor/lib/test/auto/DiscreteClock21.xml
----------------- Instantiating /home/travis/build/icyphy/ptII/ptolemy/actor/lib/test/auto/DiscreteClock21.xml
4 ms. Memory: 473088K Free: 151291K (32%)
----------------- Invoking toplevel() on ptolemy.moml.MoMLSimpleApplication@21042b4f
----------------- Done invoking toplevel() on ptolemy.moml.MoMLSimpleApplication@21042b4f
reloadAllAccessors: .DiscreteClock21

===========================================================================================
----------------- testing Fri Oct 16 13:49:17 UTC 2020 /home/travis/build/icyphy/ptII/ptolemy/actor/lib/test/auto/DiscreteClock22.xml
----------------- Instantiating /home/travis/build/icyphy/ptII/ptolemy/actor/lib/test/auto/DiscreteClock22.xml
46 ms. Memory: 473088K Free: 422390K (89%)
----------------- Invoking toplevel() on ptolemy.moml.MoMLSimpleApplication@1c6ac398
----------------- Done invoking toplevel() on ptolemy.moml.MoMLSimpleApplication@1c6ac398
reloadAllAccessors: .DiscreteClock22

===========================================================================================
----------------- testing Fri Oct 16 13:49:17 UTC 2020 /home/travis/build/icyphy/ptII/ptolemy/actor/lib/test/auto/DiscreteClock23.xml
----------------- Instantiating /home/travis/build/icyphy/ptII/ptolemy/actor/lib/test/auto/DiscreteClock23.xml
5 ms. Memory: 473088K Free: 416509K (88%)
----------------- Invoking toplevel() on ptolemy.moml.MoMLSimpleApplication@3656c3a3
----------------- Done invoking toplevel() on ptolemy.moml.MoMLSimpleApplication@3656c3a3
reloadAllAccessors: .DiscreteClock23

===========================================================================================
----------------- testing Fri Oct 16 13:49:17 UTC 2020 /home/travis/build/icyphy/ptII/ptolemy/actor/lib/test/auto/DiscreteClock24.xml
----------------- Instantiating /home/travis/build/icyphy/ptII/ptolemy/actor/lib/test/auto/DiscreteClock24.xml
6 ms. Memory: 473088K Free: 410875K (87%)
----------------- Invoking toplevel() on ptolemy.moml.MoMLSimpleApplication@1c2a8e00
----------------- Done invoking toplevel() on ptolemy.moml.MoMLSimpleApplication@1c2a8e00
reloadAllAccessors: .DiscreteClock24

===========================================================================================
----------------- testing Fri Oct 16 13:49:17 UTC 2020 /home/travis/build/icyphy/ptII/ptolemy/actor/lib/test/auto/DiscreteClock4.xml
----------------- Instantiating /home/travis/build/icyphy/ptII/ptolemy/actor/lib/test/auto/DiscreteClock4.xml
2 ms. Memory: 473088K Free: 405245K (86%)
----------------- Invoking toplevel() on ptolemy.moml.MoMLSimpleApplication@317ff655
----------------- Done invoking toplevel() on ptolemy.moml.MoMLSimpleApplication@317ff655
reloadAllAccessors: .DiscreteClock4

===========================================================================================
----------------- testing Fri Oct 16 13:49:17 UTC 2020 /home/travis/build/icyphy/ptII/ptolemy/actor/lib/test/auto/DiscreteClock5.xml
----------------- Instantiating /home/travis/build/icyphy/ptII/ptolemy/actor/lib/test/auto/DiscreteClock5.xml
1 ms. Memory: 473088K Free: 399596K (84%)
----------------- Invoking toplevel() on ptolemy.moml.MoMLSimpleApplication@25b8caf7
----------------- Done invoking toplevel() on ptolemy.moml.MoMLSimpleApplication@25b8caf7
reloadAllAccessors: .DiscreteClock5

===========================================================================================
----------------- testing Fri Oct 16 13:49:17 UTC 2020 /home/travis/build/icyphy/ptII/ptolemy/actor/lib/test/auto/DiscreteClock6.xml
----------------- Instantiating /home/travis/build/icyphy/ptII/ptolemy/actor/lib/test/auto/DiscreteClock6.xml
1 ms. Memory: 473088K Free: 396029K (84%)
----------------- Invoking toplevel() on ptolemy.moml.MoMLSimpleApplication@2a6bf1df
----------------- Done invoking toplevel() on ptolemy.moml.MoMLSimpleApplication@2a6bf1df
reloadAllAccessors: .DiscreteClock6

===========================================================================================
----------------- testing Fri Oct 16 13:49:17 UTC 2020 /home/travis/build/icyphy/ptII/ptolemy/actor/lib/test/auto/DiscreteClock7.xml
----------------- Instantiating /home/travis/build/icyphy/ptII/ptolemy/actor/lib/test/auto/DiscreteClock7.xml
2 ms. Memory: 473088K Free: 391419K (83%)
----------------- Invoking toplevel() on ptolemy.moml.MoMLSimpleApplication@1bcf0f4
----------------- Done invoking toplevel() on ptolemy.moml.MoMLSimpleApplication@1bcf0f4
reloadAllAccessors: .DiscreteClock7

===========================================================================================
----------------- testing Fri Oct 16 13:49:17 UTC 2020 /home/travis/build/icyphy/ptII/ptolemy/actor/lib/test/auto/DiscreteClock8.xml
----------------- Instantiating /home/travis/build/icyphy/ptII/ptolemy/actor/lib/test/auto/DiscreteClock8.xml
3 ms. Memory: 473088K Free: 385789K (82%)
----------------- Invoking toplevel() on ptolemy.moml.MoMLSimpleApplication@371beade
----------------- Done invoking toplevel() on ptolemy.moml.MoMLSimpleApplication@371beade
reloadAllAccessors: .DiscreteClock8

===========================================================================================
----------------- testing Fri Oct 16 13:49:18 UTC 2020 /home/travis/build/icyphy/ptII/ptolemy/actor/lib/test/auto/DiscreteClock9.xml
----------------- Instantiating /home/travis/build/icyphy/ptII/ptolemy/actor/lib/test/auto/DiscreteClock9.xml
2 ms. Memory: 473088K Free: 379645K (80%)
----------------- Invoking toplevel() on ptolemy.moml.MoMLSimpleApplication@32e79089
----------------- Done invoking toplevel() on ptolemy.moml.MoMLSimpleApplication@32e79089
reloadAllAccessors: .DiscreteClock9

===========================================================================================
----------------- testing Fri Oct 16 13:49:18 UTC 2020 /home/travis/build/icyphy/ptII/ptolemy/actor/lib/test/auto/DisplayArray.xml
----------------- Instantiating /home/travis/build/icyphy/ptII/ptolemy/actor/lib/test/auto/DisplayArray.xml
2 ms. Memory: 473088K Free: 376059K (79%)
----------------- Invoking toplevel() on ptolemy.moml.MoMLSimpleApplication@7ef4e288
----------------- Done invoking toplevel() on ptolemy.moml.MoMLSimpleApplication@7ef4e288
reloadAllAccessors: .DisplayArray

===========================================================================================
----------------- testing Fri Oct 16 13:49:18 UTC 2020 /home/travis/build/icyphy/ptII/ptolemy/actor/lib/test/auto/Distributor.xml
----------------- Instantiating /home/travis/build/icyphy/ptII/ptolemy/actor/lib/test/auto/Distributor.xml
2 ms. Memory: 473088K Free: 371963K (79%)
----------------- Invoking toplevel() on ptolemy.moml.MoMLSimpleApplication@5ca024b2
----------------- Done invoking toplevel() on ptolemy.moml.MoMLSimpleApplication@5ca024b2
reloadAllAccessors: .Distributor

===========================================================================================
----------------- testing Fri Oct 16 13:49:18 UTC 2020 /home/travis/build/icyphy/ptII/ptolemy/actor/lib/test/auto/Distributor2.xml
----------------- Instantiating /home/travis/build/icyphy/ptII/ptolemy/actor/lib/test/auto/Distributor2.xml
1 ms. Memory: 473088K Free: 367357K (78%)
----------------- Invoking toplevel() on ptolemy.moml.MoMLSimpleApplication@b04aba
----------------- Done invoking toplevel() on ptolemy.moml.MoMLSimpleApplication@b04aba
reloadAllAccessors: .Distributor2

===========================================================================================
----------------- testing Fri Oct 16 13:49:18 UTC 2020 /home/travis/build/icyphy/ptII/ptolemy/actor/lib/test/auto/DownSample.xml
----------------- Instantiating /home/travis/build/icyphy/ptII/ptolemy/actor/lib/test/auto/DownSample.xml
2 ms. Memory: 473088K Free: 362747K (77%)
----------------- Invoking toplevel() on ptolemy.moml.MoMLSimpleApplication@66958a04
----------------- Done invoking toplevel() on ptolemy.moml.MoMLSimpleApplication@66958a04
reloadAllAccessors: .DownSample

===========================================================================================
----------------- testing Fri Oct 16 13:49:18 UTC 2020 /home/travis/build/icyphy/ptII/ptolemy/actor/lib/test/auto/ElectronicUnitBase1.xml
----------------- Instantiating /home/travis/build/icyphy/ptII/ptolemy/actor/lib/test/auto/ElectronicUnitBase1.xml
18 ms. Memory: 473088K Free: 346363K (73%)
----------------- Invoking toplevel() on ptolemy.moml.MoMLSimpleApplication@5c8813a1
----------------- Done invoking toplevel() on ptolemy.moml.MoMLSimpleApplication@5c8813a1
reloadAllAccessors: .ElectronicUnitBase1

===========================================================================================
----------------- testing Fri Oct 16 13:49:18 UTC 2020 /home/travis/build/icyphy/ptII/ptolemy/actor/lib/test/auto/ElementsToArray.xml
----------------- Instantiating /home/travis/build/icyphy/ptII/ptolemy/actor/lib/test/auto/ElementsToArray.xml
2 ms. Memory: 473088K Free: 341243K (72%)
----------------- Invoking toplevel() on ptolemy.moml.MoMLSimpleApplication@16fd6ac2
----------------- Done invoking toplevel() on ptolemy.moml.MoMLSimpleApplication@16fd6ac2
reloadAllAccessors: .ElementsToArray

===========================================================================================
----------------- testing Fri Oct 16 13:49:18 UTC 2020 /home/travis/build/icyphy/ptII/ptolemy/actor/lib/test/auto/Equals.xml
----------------- Instantiating /home/travis/build/icyphy/ptII/ptolemy/actor/lib/test/auto/Equals.xml
4 ms. Memory: 473088K Free: 337147K (71%)
----------------- Invoking toplevel() on ptolemy.moml.MoMLSimpleApplication@7012df55
----------------- Done invoking toplevel() on ptolemy.moml.MoMLSimpleApplication@7012df55
reloadAllAccessors: .Equals

===========================================================================================
----------------- testing Fri Oct 16 13:49:18 UTC 2020 /home/travis/build/icyphy/ptII/ptolemy/actor/lib/test/auto/Exec.xml
----------------- Instantiating /home/travis/build/icyphy/ptII/ptolemy/actor/lib/test/auto/Exec.xml
21 ms. Memory: 473088K Free: 332027K (70%)
----------------- Invoking toplevel() on ptolemy.moml.MoMLSimpleApplication@1b3585a9
----------------- Done invoking toplevel() on ptolemy.moml.MoMLSimpleApplication@1b3585a9
reloadAllAccessors: .Exec

===========================================================================================
----------------- testing Fri Oct 16 13:49:18 UTC 2020 /home/travis/build/icyphy/ptII/ptolemy/actor/lib/test/auto/ExecEnvironment.xml
----------------- Instantiating /home/travis/build/icyphy/ptII/ptolemy/actor/lib/test/auto/ExecEnvironment.xml
33 ms. Memory: 473088K Free: 325371K (69%)
----------------- Invoking toplevel() on ptolemy.moml.MoMLSimpleApplication@4128aa3f
----------------- Done invoking toplevel() on ptolemy.moml.MoMLSimpleApplication@4128aa3f
reloadAllAccessors: .ExecEnvironment

===========================================================================================
----------------- testing Fri Oct 16 13:49:18 UTC 2020 /home/travis/build/icyphy/ptII/ptolemy/actor/lib/test/auto/ExecNonZeroReturnOutput.xml
----------------- Instantiating /home/travis/build/icyphy/ptII/ptolemy/actor/lib/test/auto/ExecNonZeroReturnOutput.xml
181 ms. Memory: 473088K Free: 314109K (66%)
----------------- Invoking toplevel() on ptolemy.moml.MoMLSimpleApplication@32785eba
----------------- Done invoking toplevel() on ptolemy.moml.MoMLSimpleApplication@32785eba
reloadAllAccessors: .ExecNonZeroReturnOutput

===========================================================================================
----------------- testing Fri Oct 16 13:49:18 UTC 2020 /home/travis/build/icyphy/ptII/ptolemy/actor/lib/test/auto/ExecRunDemos.xml
----------------- Instantiating /home/travis/build/icyphy/ptII/ptolemy/actor/lib/test/auto/ExecRunDemos.xml
Finished: 109 ms. Memory: 129024K Free: 112392K (87%)

Finished: 101 ms. Memory: 129024K Free: 109447K (85%)

Finished: 98 ms. Memory: 129024K Free: 109496K (85%)

Finished: 77 ms. Memory: 129024K Free: 111041K (86%)

Finished: 62 ms. Memory: 129024K Free: 112038K (87%)

10760 ms. Memory: 473088K Free: 293115K (62%)
----------------- Invoking toplevel() on ptolemy.moml.MoMLSimpleApplication@42b82da6
----------------- Done invoking toplevel() on ptolemy.moml.MoMLSimpleApplication@42b82da6
reloadAllAccessors: .ExecRunDemos

===========================================================================================
----------------- testing Fri Oct 16 13:49:29 UTC 2020 /home/travis/build/icyphy/ptII/ptolemy/actor/lib/test/auto/ExecStop.xml
----------------- Instantiating /home/travis/build/icyphy/ptII/ptolemy/actor/lib/test/auto/ExecStop.xml
5011 ms. Memory: 473088K Free: 163067K (34%)
----------------- Invoking toplevel() on ptolemy.moml.MoMLSimpleApplication@2ec0f469
----------------- Done invoking toplevel() on ptolemy.moml.MoMLSimpleApplication@2ec0f469
reloadAllAccessors: .ExecStop

===========================================================================================
----------------- testing Fri Oct 16 13:49:34 UTC 2020 /home/travis/build/icyphy/ptII/ptolemy/actor/lib/test/auto/ExecutionTimeSDF.xml
----------------- Instantiating /home/travis/build/icyphy/ptII/ptolemy/actor/lib/test/auto/ExecutionTimeSDF.xml
Fired ExecutionTime: -1120167296
Fired ExecutionTime: 1335600000
Fired ExecutionTime: 1346800000
6008 ms. Memory: 473088K Free: 150269K (32%)
----------------- Invoking toplevel() on ptolemy.moml.MoMLSimpleApplication@6c8cb430
----------------- Done invoking toplevel() on ptolemy.moml.MoMLSimpleApplication@6c8cb430
reloadAllAccessors: .ExecutionTimeSDF

===========================================================================================
----------------- testing Fri Oct 16 13:49:40 UTC 2020 /home/travis/build/icyphy/ptII/ptolemy/actor/lib/test/auto/Expression1.xml
----------------- Instantiating /home/travis/build/icyphy/ptII/ptolemy/actor/lib/test/auto/Expression1.xml
27 ms. Memory: 473088K Free: 421627K (89%)
----------------- Invoking toplevel() on ptolemy.moml.MoMLSimpleApplication@4dad8a70
----------------- Done invoking toplevel() on ptolemy.moml.MoMLSimpleApplication@4dad8a70
reloadAllAccessors: .Expression1

===========================================================================================
----------------- testing Fri Oct 16 13:49:40 UTC 2020 /home/travis/build/icyphy/ptII/ptolemy/actor/lib/test/auto/Expression10.xml
----------------- Instantiating /home/travis/build/icyphy/ptII/ptolemy/actor/lib/test/auto/Expression10.xml
10 ms. Memory: 473088K Free: 415483K (88%)
----------------- Invoking toplevel() on ptolemy.moml.MoMLSimpleApplication@2182c0cc
----------------- Done invoking toplevel() on ptolemy.moml.MoMLSimpleApplication@2182c0cc
reloadAllAccessors: .Expression10

===========================================================================================
----------------- testing Fri Oct 16 13:49:40 UTC 2020 /home/travis/build/icyphy/ptII/ptolemy/actor/lib/test/auto/Expression11.xml
----------------- Instantiating /home/travis/build/icyphy/ptII/ptolemy/actor/lib/test/auto/Expression11.xml
3 ms. Memory: 473088K Free: 410877K (87%)
----------------- Invoking toplevel() on ptolemy.moml.MoMLSimpleApplication@249b3f41
----------------- Done invoking toplevel() on ptolemy.moml.MoMLSimpleApplication@249b3f41
reloadAllAccessors: .Expression11

===========================================================================================
----------------- testing Fri Oct 16 13:49:40 UTC 2020 /home/travis/build/icyphy/ptII/ptolemy/actor/lib/test/auto/Expression12.xml
----------------- Instantiating /home/travis/build/icyphy/ptII/ptolemy/actor/lib/test/auto/Expression12.xml
4 ms. Memory: 473088K Free: 405757K (86%)
----------------- Invoking toplevel() on ptolemy.moml.MoMLSimpleApplication@178af0a4
----------------- Done invoking toplevel() on ptolemy.moml.MoMLSimpleApplication@178af0a4
reloadAllAccessors: .Expression12

===========================================================================================
----------------- testing Fri Oct 16 13:49:40 UTC 2020 /home/travis/build/icyphy/ptII/ptolemy/actor/lib/test/auto/Expression13.xml
----------------- Instantiating /home/travis/build/icyphy/ptII/ptolemy/actor/lib/test/auto/Expression13.xml
3 ms. Memory: 473088K Free: 400637K (85%)
----------------- Invoking toplevel() on ptolemy.moml.MoMLSimpleApplication@4399e45f
----------------- Done invoking toplevel() on ptolemy.moml.MoMLSimpleApplication@4399e45f
reloadAllAccessors: .Expression13

===========================================================================================
----------------- testing Fri Oct 16 13:49:40 UTC 2020 /home/travis/build/icyphy/ptII/ptolemy/actor/lib/test/auto/Expression14.xml
----------------- Instantiating /home/travis/build/icyphy/ptII/ptolemy/actor/lib/test/auto/Expression14.xml
8 ms. Memory: 473088K Free: 394493K (83%)
----------------- Invoking toplevel() on ptolemy.moml.MoMLSimpleApplication@42d3380d
----------------- Done invoking toplevel() on ptolemy.moml.MoMLSimpleApplication@42d3380d
reloadAllAccessors: .Expression14

===========================================================================================
----------------- testing Fri Oct 16 13:49:40 UTC 2020 /home/travis/build/icyphy/ptII/ptolemy/actor/lib/test/auto/Expression15.xml
----------------- Instantiating /home/travis/build/icyphy/ptII/ptolemy/actor/lib/test/auto/Expression15.xml
1 ms. Memory: 473088K Free: 390397K (83%)
----------------- Invoking toplevel() on ptolemy.moml.MoMLSimpleApplication@7ad25808
----------------- Done invoking toplevel() on ptolemy.moml.MoMLSimpleApplication@7ad25808
reloadAllAccessors: .Expression15

===========================================================================================
----------------- testing Fri Oct 16 13:49:40 UTC 2020 /home/travis/build/icyphy/ptII/ptolemy/actor/lib/test/auto/Expression16.xml
----------------- Instantiating /home/travis/build/icyphy/ptII/ptolemy/actor/lib/test/auto/Expression16.xml
4 ms. Memory: 473088K Free: 385277K (81%)
----------------- Invoking toplevel() on ptolemy.moml.MoMLSimpleApplication@5afa9169
----------------- Done invoking toplevel() on ptolemy.moml.MoMLSimpleApplication@5afa9169
reloadAllAccessors: .Expression16

===========================================================================================
----------------- testing Fri Oct 16 13:49:40 UTC 2020 /home/travis/build/icyphy/ptII/ptolemy/actor/lib/test/auto/Expression17.xml
----------------- Instantiating /home/travis/build/icyphy/ptII/ptolemy/actor/lib/test/auto/Expression17.xml
4 ms. Memory: 473088K Free: 380667K (80%)
----------------- Invoking toplevel() on ptolemy.moml.MoMLSimpleApplication@1dc5b4df
----------------- Done invoking toplevel() on ptolemy.moml.MoMLSimpleApplication@1dc5b4df
reloadAllAccessors: .Expression17

===========================================================================================
----------------- testing Fri Oct 16 13:49:40 UTC 2020 /home/travis/build/icyphy/ptII/ptolemy/actor/lib/test/auto/Expression18.xml
----------------- Instantiating /home/travis/build/icyphy/ptII/ptolemy/actor/lib/test/auto/Expression18.xml
6 ms. Memory: 473088K Free: 375547K (79%)
----------------- Invoking toplevel() on ptolemy.moml.MoMLSimpleApplication@7f60501b
----------------- Done invoking toplevel() on ptolemy.moml.MoMLSimpleApplication@7f60501b
reloadAllAccessors: .Expression18

===========================================================================================
----------------- testing Fri Oct 16 13:49:40 UTC 2020 /home/travis/build/icyphy/ptII/ptolemy/actor/lib/test/auto/Expression2.xml
----------------- Instantiating /home/travis/build/icyphy/ptII/ptolemy/actor/lib/test/auto/Expression2.xml
4 ms. Memory: 473088K Free: 370427K (78%)
----------------- Invoking toplevel() on ptolemy.moml.MoMLSimpleApplication@5919eac
----------------- Done invoking toplevel() on ptolemy.moml.MoMLSimpleApplication@5919eac
reloadAllAccessors: .Expression2

===========================================================================================
----------------- testing Fri Oct 16 13:49:40 UTC 2020 /home/travis/build/icyphy/ptII/ptolemy/actor/lib/test/auto/Expression3.xml
----------------- Instantiating /home/travis/build/icyphy/ptII/ptolemy/actor/lib/test/auto/Expression3.xml
5 ms. Memory: 473088K Free: 365307K (77%)
----------------- Invoking toplevel() on ptolemy.moml.MoMLSimpleApplication@154927f5
----------------- Done invoking toplevel() on ptolemy.moml.MoMLSimpleApplication@154927f5
reloadAllAccessors: .Expression3

===========================================================================================
----------------- testing Fri Oct 16 13:49:40 UTC 2020 /home/travis/build/icyphy/ptII/ptolemy/actor/lib/test/auto/Expression4.xml
----------------- Instantiating /home/travis/build/icyphy/ptII/ptolemy/actor/lib/test/auto/Expression4.xml
4 ms. Memory: 473088K Free: 357629K (76%)
----------------- Invoking toplevel() on ptolemy.moml.MoMLSimpleApplication@42a9d2e9
----------------- Done invoking toplevel() on ptolemy.moml.MoMLSimpleApplication@42a9d2e9
reloadAllAccessors: .Expression4

===========================================================================================
----------------- testing Fri Oct 16 13:49:40 UTC 2020 /home/travis/build/icyphy/ptII/ptolemy/actor/lib/test/auto/Expression5.xml
----------------- Instantiating /home/travis/build/icyphy/ptII/ptolemy/actor/lib/test/auto/Expression5.xml
6 ms. Memory: 473088K Free: 352509K (75%)
----------------- Invoking toplevel() on ptolemy.moml.MoMLSimpleApplication@110baa97
----------------- Done invoking toplevel() on ptolemy.moml.MoMLSimpleApplication@110baa97
reloadAllAccessors: .Expression5

===========================================================================================
----------------- testing Fri Oct 16 13:49:40 UTC 2020 /home/travis/build/icyphy/ptII/ptolemy/actor/lib/test/auto/Expression6.xml
----------------- Instantiating /home/travis/build/icyphy/ptII/ptolemy/actor/lib/test/auto/Expression6.xml
2 ms. Memory: 473088K Free: 348413K (74%)
----------------- Invoking toplevel() on ptolemy.moml.MoMLSimpleApplication@4d0594b6
----------------- Done invoking toplevel() on ptolemy.moml.MoMLSimpleApplication@4d0594b6
reloadAllAccessors: .Expression6

===========================================================================================
----------------- testing Fri Oct 16 13:49:40 UTC 2020 /home/travis/build/icyphy/ptII/ptolemy/actor/lib/test/auto/Expression7.xml
----------------- Instantiating /home/travis/build/icyphy/ptII/ptolemy/actor/lib/test/auto/Expression7.xml
2 ms. Memory: 473088K Free: 343293K (73%)
----------------- Invoking toplevel() on ptolemy.moml.MoMLSimpleApplication@f9cc81f
----------------- Done invoking toplevel() on ptolemy.moml.MoMLSimpleApplication@f9cc81f
reloadAllAccessors: .Expression7

===========================================================================================
----------------- testing Fri Oct 16 13:49:40 UTC 2020 /home/travis/build/icyphy/ptII/ptolemy/actor/lib/test/auto/Expression8.xml
----------------- Instantiating /home/travis/build/icyphy/ptII/ptolemy/actor/lib/test/auto/Expression8.xml
10 ms. Memory: 473088K Free: 338173K (71%)
----------------- Invoking toplevel() on ptolemy.moml.MoMLSimpleApplication@4de073b5
----------------- Done invoking toplevel() on ptolemy.moml.MoMLSimpleApplication@4de073b5
reloadAllAccessors: .Expression8

===========================================================================================
----------------- testing Fri Oct 16 13:49:40 UTC 2020 /home/travis/build/icyphy/ptII/ptolemy/actor/lib/test/auto/Expression9.xml
----------------- Instantiating /home/travis/build/icyphy/ptII/ptolemy/actor/lib/test/auto/Expression9.xml
1 ms. Memory: 473088K Free: 334077K (71%)
----------------- Invoking toplevel() on ptolemy.moml.MoMLSimpleApplication@10d2da7c
----------------- Done invoking toplevel() on ptolemy.moml.MoMLSimpleApplication@10d2da7c
reloadAllAccessors: .Expression9

===========================================================================================
----------------- testing Fri Oct 16 13:49:40 UTC 2020 /home/travis/build/icyphy/ptII/ptolemy/actor/lib/test/auto/ExpressionConcatenateArrayType.xml
----------------- Instantiating /home/travis/build/icyphy/ptII/ptolemy/actor/lib/test/auto/ExpressionConcatenateArrayType.xml
6 ms. Memory: 473088K Free: 327419K (69%)
----------------- Invoking toplevel() on ptolemy.moml.MoMLSimpleApplication@6a1dd47f
----------------- Done invoking toplevel() on ptolemy.moml.MoMLSimpleApplication@6a1dd47f
reloadAllAccessors: .ExpressionConcatenateArrayType

===========================================================================================
----------------- testing Fri Oct 16 13:49:40 UTC 2020 /home/travis/build/icyphy/ptII/ptolemy/actor/lib/test/auto/ExpressionConcatenateArrayType2.xml
----------------- Instantiating /home/travis/build/icyphy/ptII/ptolemy/actor/lib/test/auto/ExpressionConcatenateArrayType2.xml
2 ms. Memory: 473088K Free: 321789K (68%)
----------------- Invoking toplevel() on ptolemy.moml.MoMLSimpleApplication@58800b83
----------------- Done invoking toplevel() on ptolemy.moml.MoMLSimpleApplication@58800b83
reloadAllAccessors: .ExpressionConcatenateArrayType2

===========================================================================================
----------------- testing Fri Oct 16 13:49:40 UTC 2020 /home/travis/build/icyphy/ptII/ptolemy/actor/lib/test/auto/ExpressionFix.xml
----------------- Instantiating /home/travis/build/icyphy/ptII/ptolemy/actor/lib/test/auto/ExpressionFix.xml
21 ms. Memory: 473088K Free: 315643K (67%)
----------------- Invoking toplevel() on ptolemy.moml.MoMLSimpleApplication@fa513ae
----------------- Done invoking toplevel() on ptolemy.moml.MoMLSimpleApplication@fa513ae
reloadAllAccessors: .ExpressionFix

===========================================================================================
----------------- testing Fri Oct 16 13:49:40 UTC 2020 /home/travis/build/icyphy/ptII/ptolemy/actor/lib/test/auto/ExpressionFix2.xml
----------------- Instantiating /home/travis/build/icyphy/ptII/ptolemy/actor/lib/test/auto/ExpressionFix2.xml
10 ms. Memory: 473088K Free: 311549K (66%)
----------------- Invoking toplevel() on ptolemy.moml.MoMLSimpleApplication@12a1bc18
----------------- Done invoking toplevel() on ptolemy.moml.MoMLSimpleApplication@12a1bc18
reloadAllAccessors: .ExpressionFix2

===========================================================================================
----------------- testing Fri Oct 16 13:49:40 UTC 2020 /home/travis/build/icyphy/ptII/ptolemy/actor/lib/test/auto/ExpressionFix3.xml
----------------- Instantiating /home/travis/build/icyphy/ptII/ptolemy/actor/lib/test/auto/ExpressionFix3.xml
5 ms. Memory: 473088K Free: 306939K (65%)
----------------- Invoking toplevel() on ptolemy.moml.MoMLSimpleApplication@e164e97
----------------- Done invoking toplevel() on ptolemy.moml.MoMLSimpleApplication@e164e97
reloadAllAccessors: .ExpressionFix3

===========================================================================================
----------------- testing Fri Oct 16 13:49:40 UTC 2020 /home/travis/build/icyphy/ptII/ptolemy/actor/lib/test/auto/FileWriter1.xml
----------------- Instantiating /home/travis/build/icyphy/ptII/ptolemy/actor/lib/test/auto/FileWriter1.xml
2 ms. Memory: 473088K Free: 302843K (64%)
----------------- Invoking toplevel() on ptolemy.moml.MoMLSimpleApplication@133f59e3
----------------- Done invoking toplevel() on ptolemy.moml.MoMLSimpleApplication@133f59e3
reloadAllAccessors: .FileWriter1

===========================================================================================
----------------- testing Fri Oct 16 13:49:41 UTC 2020 /home/travis/build/icyphy/ptII/ptolemy/actor/lib/test/auto/FileWriter2.xml
----------------- Instantiating /home/travis/build/icyphy/ptII/ptolemy/actor/lib/test/auto/FileWriter2.xml
7 ms. Memory: 473088K Free: 298237K (63%)
----------------- Invoking toplevel() on ptolemy.moml.MoMLSimpleApplication@5814e9b9
----------------- Done invoking toplevel() on ptolemy.moml.MoMLSimpleApplication@5814e9b9
reloadAllAccessors: .FileWriter2

===========================================================================================
----------------- testing Fri Oct 16 13:49:41 UTC 2020 /home/travis/build/icyphy/ptII/ptolemy/actor/lib/test/auto/FileWriter3.xml
----------------- Instantiating /home/travis/build/icyphy/ptII/ptolemy/actor/lib/test/auto/FileWriter3.xml
5 ms. Memory: 473088K Free: 294141K (62%)
----------------- Invoking toplevel() on ptolemy.moml.MoMLSimpleApplication@20580a94
----------------- Done invoking toplevel() on ptolemy.moml.MoMLSimpleApplication@20580a94
reloadAllAccessors: .FileWriter3

===========================================================================================
----------------- testing Fri Oct 16 13:49:41 UTC 2020 /home/travis/build/icyphy/ptII/ptolemy/actor/lib/test/auto/Gaussian.xml
----------------- Instantiating /home/travis/build/icyphy/ptII/ptolemy/actor/lib/test/auto/Gaussian.xml
2 ms. Memory: 473088K Free: 289531K (61%)
----------------- Invoking toplevel() on ptolemy.moml.MoMLSimpleApplication@24be6e5b
----------------- Done invoking toplevel() on ptolemy.moml.MoMLSimpleApplication@24be6e5b
reloadAllAccessors: .Gaussian

===========================================================================================
----------------- testing Fri Oct 16 13:49:41 UTC 2020 /home/travis/build/icyphy/ptII/ptolemy/actor/lib/test/auto/Gaussian1.xml
----------------- Instantiating /home/travis/build/icyphy/ptII/ptolemy/actor/lib/test/auto/Gaussian1.xml
2 ms. Memory: 473088K Free: 284396K (60%)
----------------- Invoking toplevel() on ptolemy.moml.MoMLSimpleApplication@3bde3ae1
----------------- Done invoking toplevel() on ptolemy.moml.MoMLSimpleApplication@3bde3ae1
reloadAllAccessors: .Gaussian1

===========================================================================================
----------------- testing Fri Oct 16 13:49:41 UTC 2020 /home/travis/build/icyphy/ptII/ptolemy/actor/lib/test/auto/Gaussian2.xml
----------------- Instantiating /home/travis/build/icyphy/ptII/ptolemy/actor/lib/test/auto/Gaussian2.xml
10 ms. Memory: 473088K Free: 278781K (59%)
----------------- Invoking toplevel() on ptolemy.moml.MoMLSimpleApplication@577d41aa
----------------- Done invoking toplevel() on ptolemy.moml.MoMLSimpleApplication@577d41aa
reloadAllAccessors: .Gaussian2

===========================================================================================
----------------- testing Fri Oct 16 13:49:41 UTC 2020 /home/travis/build/icyphy/ptII/ptolemy/actor/lib/test/auto/GradientAdaptiveLattice.xml
----------------- Instantiating /home/travis/build/icyphy/ptII/ptolemy/actor/lib/test/auto/GradientAdaptiveLattice.xml
3 ms. Memory: 473088K Free: 273661K (58%)
----------------- Invoking toplevel() on ptolemy.moml.MoMLSimpleApplication@73c9155a
----------------- Done invoking toplevel() on ptolemy.moml.MoMLSimpleApplication@73c9155a
reloadAllAccessors: .GradientAdaptiveLattice

===========================================================================================
----------------- testing Fri Oct 16 13:49:41 UTC 2020 /home/travis/build/icyphy/ptII/ptolemy/actor/lib/test/auto/IIR.xml
----------------- Instantiating /home/travis/build/icyphy/ptII/ptolemy/actor/lib/test/auto/IIR.xml
2 ms. Memory: 473088K Free: 269051K (57%)
----------------- Invoking toplevel() on ptolemy.moml.MoMLSimpleApplication@4356d22f
----------------- Done invoking toplevel() on ptolemy.moml.MoMLSimpleApplication@4356d22f
reloadAllAccessors: .IIR

===========================================================================================
----------------- testing Fri Oct 16 13:49:41 UTC 2020 /home/travis/build/icyphy/ptII/ptolemy/actor/lib/test/auto/InputOutputTransparentPorts.xml
----------------- Instantiating /home/travis/build/icyphy/ptII/ptolemy/actor/lib/test/auto/InputOutputTransparentPorts.xml
2 ms. Memory: 473088K Free: 261883K (55%)
----------------- Invoking toplevel() on ptolemy.moml.MoMLSimpleApplication@23ded57c
----------------- Done invoking toplevel() on ptolemy.moml.MoMLSimpleApplication@23ded57c
reloadAllAccessors: .InputOutputTransparentPorts

===========================================================================================
----------------- testing Fri Oct 16 13:49:41 UTC 2020 /home/travis/build/icyphy/ptII/ptolemy/actor/lib/test/auto/Interpolator.xml
----------------- Instantiating /home/travis/build/icyphy/ptII/ptolemy/actor/lib/test/auto/Interpolator.xml
4 ms. Memory: 473088K Free: 257787K (54%)
----------------- Invoking toplevel() on ptolemy.moml.MoMLSimpleApplication@5984ce5d
----------------- Done invoking toplevel() on ptolemy.moml.MoMLSimpleApplication@5984ce5d
reloadAllAccessors: .Interpolator

===========================================================================================
----------------- testing Fri Oct 16 13:49:41 UTC 2020 /home/travis/build/icyphy/ptII/ptolemy/actor/lib/test/auto/InterpolatorFiringLimitDE.xml
----------------- Instantiating /home/travis/build/icyphy/ptII/ptolemy/actor/lib/test/auto/InterpolatorFiringLimitDE.xml
2 ms. Memory: 473088K Free: 251643K (53%)
----------------- Invoking toplevel() on ptolemy.moml.MoMLSimpleApplication@1b9dddb5
----------------- Done invoking toplevel() on ptolemy.moml.MoMLSimpleApplication@1b9dddb5
reloadAllAccessors: .InterpolatorFiringLimitDE

===========================================================================================
----------------- testing Fri Oct 16 13:49:41 UTC 2020 /home/travis/build/icyphy/ptII/ptolemy/actor/lib/test/auto/Lattice.xml
----------------- Instantiating /home/travis/build/icyphy/ptII/ptolemy/actor/lib/test/auto/Lattice.xml
1 ms. Memory: 473088K Free: 247547K (52%)
----------------- Invoking toplevel() on ptolemy.moml.MoMLSimpleApplication@5f4be929
----------------- Done invoking toplevel() on ptolemy.moml.MoMLSimpleApplication@5f4be929
reloadAllAccessors: .Lattice

===========================================================================================
----------------- testing Fri Oct 16 13:49:41 UTC 2020 /home/travis/build/icyphy/ptII/ptolemy/actor/lib/test/auto/LazyAOCTestLazy.xml
----------------- Instantiating /home/travis/build/icyphy/ptII/ptolemy/actor/lib/test/auto/LazyAOCTestLazy.xml
16 ms. Memory: 473088K Free: 241917K (51%)
----------------- Invoking toplevel() on ptolemy.moml.MoMLSimpleApplication@40aa115c
----------------- Done invoking toplevel() on ptolemy.moml.MoMLSimpleApplication@40aa115c
reloadAllAccessors: .LazyAOCTestLazy

===========================================================================================
----------------- testing Fri Oct 16 13:49:41 UTC 2020 /home/travis/build/icyphy/ptII/ptolemy/actor/lib/test/auto/LazyAOCTestNonLazy.xml
----------------- Instantiating /home/travis/build/icyphy/ptII/ptolemy/actor/lib/test/auto/LazyAOCTestNonLazy.xml
3 ms. Memory: 473088K Free: 235259K (50%)
----------------- Invoking toplevel() on ptolemy.moml.MoMLSimpleApplication@f410465
----------------- Done invoking toplevel() on ptolemy.moml.MoMLSimpleApplication@f410465
reloadAllAccessors: .LazyAOCTestNonLazy

===========================================================================================
----------------- testing Fri Oct 16 13:49:41 UTC 2020 /home/travis/build/icyphy/ptII/ptolemy/actor/lib/test/auto/LazyInnerClass.xml
----------------- Instantiating /home/travis/build/icyphy/ptII/ptolemy/actor/lib/test/auto/LazyInnerClass.xml
20 ms. Memory: 473088K Free: 226557K (48%)
----------------- Invoking toplevel() on ptolemy.moml.MoMLSimpleApplication@4c98803
----------------- Done invoking toplevel() on ptolemy.moml.MoMLSimpleApplication@4c98803
reloadAllAccessors: .LazyInnerClass

===========================================================================================
----------------- testing Fri Oct 16 13:49:41 UTC 2020 /home/travis/build/icyphy/ptII/ptolemy/actor/lib/test/auto/LazyPubSub.xml
----------------- Instantiating /home/travis/build/icyphy/ptII/ptolemy/actor/lib/test/auto/LazyPubSub.xml
36 ms. Memory: 473088K Free: 215803K (46%)
----------------- Invoking toplevel() on ptolemy.moml.MoMLSimpleApplication@24b4c563
----------------- Done invoking toplevel() on ptolemy.moml.MoMLSimpleApplication@24b4c563
reloadAllAccessors: .LazyPubSub

===========================================================================================
----------------- testing Fri Oct 16 13:49:41 UTC 2020 /home/travis/build/icyphy/ptII/ptolemy/actor/lib/test/auto/LazyPubSub2.xml
----------------- Instantiating /home/travis/build/icyphy/ptII/ptolemy/actor/lib/test/auto/LazyPubSub2.xml
21 ms. Memory: 473088K Free: 205563K (43%)
----------------- Invoking toplevel() on ptolemy.moml.MoMLSimpleApplication@2bad61f2
----------------- Done invoking toplevel() on ptolemy.moml.MoMLSimpleApplication@2bad61f2
reloadAllAccessors: .LazyPubSub2

===========================================================================================
----------------- testing Fri Oct 16 13:49:41 UTC 2020 /home/travis/build/icyphy/ptII/ptolemy/actor/lib/test/auto/LazyPubSub3.xml
----------------- Instantiating /home/travis/build/icyphy/ptII/ptolemy/actor/lib/test/auto/LazyPubSub3.xml
23 ms. Memory: 473088K Free: 195323K (41%)
----------------- Invoking toplevel() on ptolemy.moml.MoMLSimpleApplication@ce91690
----------------- Done invoking toplevel() on ptolemy.moml.MoMLSimpleApplication@ce91690
reloadAllAccessors: .LazyPubSub3

===========================================================================================
----------------- testing Fri Oct 16 13:49:41 UTC 2020 /home/travis/build/icyphy/ptII/ptolemy/actor/lib/test/auto/LazySubClassModel.xml
----------------- Instantiating /home/travis/build/icyphy/ptII/ptolemy/actor/lib/test/auto/LazySubClassModel.xml
2 ms. Memory: 473088K Free: 186107K (39%)
----------------- Invoking toplevel() on ptolemy.moml.MoMLSimpleApplication@1db0baf1
----------------- Done invoking toplevel() on ptolemy.moml.MoMLSimpleApplication@1db0baf1
reloadAllAccessors: .LazySubClassModel

===========================================================================================
----------------- testing Fri Oct 16 13:49:41 UTC 2020 /home/travis/build/icyphy/ptII/ptolemy/actor/lib/test/auto/LevelCrossTest1.xml
----------------- Instantiating /home/travis/build/icyphy/ptII/ptolemy/actor/lib/test/auto/LevelCrossTest1.xml
1 ms. Memory: 473088K Free: 180477K (38%)
----------------- Invoking toplevel() on ptolemy.moml.MoMLSimpleApplication@427a2317
----------------- Done invoking toplevel() on ptolemy.moml.MoMLSimpleApplication@427a2317
reloadAllAccessors: .broken

===========================================================================================
----------------- testing Fri Oct 16 13:49:41 UTC 2020 /home/travis/build/icyphy/ptII/ptolemy/actor/lib/test/auto/LevelCrossTest10.xml
----------------- Instantiating /home/travis/build/icyphy/ptII/ptolemy/actor/lib/test/auto/LevelCrossTest10.xml
1 ms. Memory: 473088K Free: 172795K (37%)
----------------- Invoking toplevel() on ptolemy.moml.MoMLSimpleApplication@77ffc3a7
----------------- Done invoking toplevel() on ptolemy.moml.MoMLSimpleApplication@77ffc3a7
reloadAllAccessors: .LevelCrossTest10

===========================================================================================
----------------- testing Fri Oct 16 13:49:41 UTC 2020 /home/travis/build/icyphy/ptII/ptolemy/actor/lib/test/auto/LevelCrossTest11.xml
----------------- Instantiating /home/travis/build/icyphy/ptII/ptolemy/actor/lib/test/auto/LevelCrossTest11.xml
1 ms. Memory: 473088K Free: 165117K (35%)
----------------- Invoking toplevel() on ptolemy.moml.MoMLSimpleApplication@3c4c73a3
----------------- Done invoking toplevel() on ptolemy.moml.MoMLSimpleApplication@3c4c73a3
reloadAllAccessors: .LevelCrossTest11

===========================================================================================
----------------- testing Fri Oct 16 13:49:41 UTC 2020 /home/travis/build/icyphy/ptII/ptolemy/actor/lib/test/auto/LevelCrossTest12.xml
----------------- Instantiating /home/travis/build/icyphy/ptII/ptolemy/actor/lib/test/auto/LevelCrossTest12.xml
1 ms. Memory: 473088K Free: 158973K (34%)
----------------- Invoking toplevel() on ptolemy.moml.MoMLSimpleApplication@515c7944
----------------- Done invoking toplevel() on ptolemy.moml.MoMLSimpleApplication@515c7944
reloadAllAccessors: .LevelCrossTest12

===========================================================================================
----------------- testing Fri Oct 16 13:49:41 UTC 2020 /home/travis/build/icyphy/ptII/ptolemy/actor/lib/test/auto/LevelCrossTest13.xml
----------------- Instantiating /home/travis/build/icyphy/ptII/ptolemy/actor/lib/test/auto/LevelCrossTest13.xml
1 ms. Memory: 473088K Free: 152315K (32%)
----------------- Invoking toplevel() on ptolemy.moml.MoMLSimpleApplication@5d98bbe7
----------------- Done invoking toplevel() on ptolemy.moml.MoMLSimpleApplication@5d98bbe7
reloadAllAccessors: .LevelCrossTest13

===========================================================================================
----------------- testing Fri Oct 16 13:49:41 UTC 2020 /home/travis/build/icyphy/ptII/ptolemy/actor/lib/test/auto/LevelCrossTest2.xml
----------------- Instantiating /home/travis/build/icyphy/ptII/ptolemy/actor/lib/test/auto/LevelCrossTest2.xml
2 ms. Memory: 473088K Free: 146685K (31%)
----------------- Invoking toplevel() on ptolemy.moml.MoMLSimpleApplication@b4b9a12
----------------- Done invoking toplevel() on ptolemy.moml.MoMLSimpleApplication@b4b9a12
reloadAllAccessors: .broken

===========================================================================================
----------------- testing Fri Oct 16 13:49:41 UTC 2020 /home/travis/build/icyphy/ptII/ptolemy/actor/lib/test/auto/LevelCrossTest3.xml
----------------- Instantiating /home/travis/build/icyphy/ptII/ptolemy/actor/lib/test/auto/LevelCrossTest3.xml
1 ms. Memory: 473088K Free: 416509K (88%)
----------------- Invoking toplevel() on ptolemy.moml.MoMLSimpleApplication@6f8f5e2b
----------------- Done invoking toplevel() on ptolemy.moml.MoMLSimpleApplication@6f8f5e2b
reloadAllAccessors: .LevelCrossTest3

===========================================================================================
----------------- testing Fri Oct 16 13:49:41 UTC 2020 /home/travis/build/icyphy/ptII/ptolemy/actor/lib/test/auto/LevelCrossTest4.xml
----------------- Instantiating /home/travis/build/icyphy/ptII/ptolemy/actor/lib/test/auto/LevelCrossTest4.xml
1 ms. Memory: 473088K Free: 410875K (87%)
----------------- Invoking toplevel() on ptolemy.moml.MoMLSimpleApplication@205ff2bd
----------------- Done invoking toplevel() on ptolemy.moml.MoMLSimpleApplication@205ff2bd
reloadAllAccessors: .broken

===========================================================================================
----------------- testing Fri Oct 16 13:49:41 UTC 2020 /home/travis/build/icyphy/ptII/ptolemy/actor/lib/test/auto/LevelCrossTest5.xml
----------------- Instantiating /home/travis/build/icyphy/ptII/ptolemy/actor/lib/test/auto/LevelCrossTest5.xml
1 ms. Memory: 473088K Free: 404221K (85%)
----------------- Invoking toplevel() on ptolemy.moml.MoMLSimpleApplication@7d85a217
----------------- Done invoking toplevel() on ptolemy.moml.MoMLSimpleApplication@7d85a217
reloadAllAccessors: .LevelCrossTest5

===========================================================================================
----------------- testing Fri Oct 16 13:49:41 UTC 2020 /home/travis/build/icyphy/ptII/ptolemy/actor/lib/test/auto/LevelCrossTest6.xml
----------------- Instantiating /home/travis/build/icyphy/ptII/ptolemy/actor/lib/test/auto/LevelCrossTest6.xml
1 ms. Memory: 473088K Free: 397053K (84%)
----------------- Invoking toplevel() on ptolemy.moml.MoMLSimpleApplication@6a00d97e
----------------- Done invoking toplevel() on ptolemy.moml.MoMLSimpleApplication@6a00d97e
reloadAllAccessors: .LevelCrossTest6

===========================================================================================
----------------- testing Fri Oct 16 13:49:41 UTC 2020 /home/travis/build/icyphy/ptII/ptolemy/actor/lib/test/auto/LevelCrossTest7.xml
----------------- Instantiating /home/travis/build/icyphy/ptII/ptolemy/actor/lib/test/auto/LevelCrossTest7.xml
1 ms. Memory: 473088K Free: 389371K (82%)
----------------- Invoking toplevel() on ptolemy.moml.MoMLSimpleApplication@a89ca23
----------------- Done invoking toplevel() on ptolemy.moml.MoMLSimpleApplication@a89ca23
reloadAllAccessors: .LevelCrossTest7

===========================================================================================
----------------- testing Fri Oct 16 13:49:41 UTC 2020 /home/travis/build/icyphy/ptII/ptolemy/actor/lib/test/auto/LevelCrossTest8.xml
----------------- Instantiating /home/travis/build/icyphy/ptII/ptolemy/actor/lib/test/auto/LevelCrossTest8.xml
1 ms. Memory: 473088K Free: 382203K (81%)
----------------- Invoking toplevel() on ptolemy.moml.MoMLSimpleApplication@4a32d2cc
----------------- Done invoking toplevel() on ptolemy.moml.MoMLSimpleApplication@4a32d2cc
reloadAllAccessors: .LevelCrossTest8

===========================================================================================
----------------- testing Fri Oct 16 13:49:41 UTC 2020 /home/travis/build/icyphy/ptII/ptolemy/actor/lib/test/auto/LevelCrossTest9.xml
----------------- Instantiating /home/travis/build/icyphy/ptII/ptolemy/actor/lib/test/auto/LevelCrossTest9.xml
2 ms. Memory: 473088K Free: 375035K (79%)
----------------- Invoking toplevel() on ptolemy.moml.MoMLSimpleApplication@3fadc48e
----------------- Done invoking toplevel() on ptolemy.moml.MoMLSimpleApplication@3fadc48e
reloadAllAccessors: .LevelCrossTest9

===========================================================================================
----------------- testing Fri Oct 16 13:49:41 UTC 2020 /home/travis/build/icyphy/ptII/ptolemy/actor/lib/test/auto/LevinsonDurbin.xml
----------------- Instantiating /home/travis/build/icyphy/ptII/ptolemy/actor/lib/test/auto/LevinsonDurbin.xml
2 ms. Memory: 473088K Free: 370939K (78%)
----------------- Invoking toplevel() on ptolemy.moml.MoMLSimpleApplication@32789d0
----------------- Done invoking toplevel() on ptolemy.moml.MoMLSimpleApplication@32789d0
reloadAllAccessors: .LevinsonDurbin

===========================================================================================
----------------- testing Fri Oct 16 13:49:41 UTC 2020 /home/travis/build/icyphy/ptII/ptolemy/actor/lib/test/auto/LevinsonDurbin2.xml
----------------- Instantiating /home/travis/build/icyphy/ptII/ptolemy/actor/lib/test/auto/LevinsonDurbin2.xml
1 ms. Memory: 473088K Free: 366843K (78%)
----------------- Invoking toplevel() on ptolemy.moml.MoMLSimpleApplication@11d85c92
----------------- Done invoking toplevel() on ptolemy.moml.MoMLSimpleApplication@11d85c92
reloadAllAccessors: .LevinsonDurbin2

===========================================================================================
----------------- testing Fri Oct 16 13:49:41 UTC 2020 /home/travis/build/icyphy/ptII/ptolemy/actor/lib/test/auto/LevinsonDurbin3.xml
----------------- Instantiating /home/travis/build/icyphy/ptII/ptolemy/actor/lib/test/auto/LevinsonDurbin3.xml
3 ms. Memory: 473088K Free: 362747K (77%)
----------------- Invoking toplevel() on ptolemy.moml.MoMLSimpleApplication@271c34fb
----------------- Done invoking toplevel() on ptolemy.moml.MoMLSimpleApplication@271c34fb
reloadAllAccessors: .LevinsonDurbin3

===========================================================================================
----------------- testing Fri Oct 16 13:49:41 UTC 2020 /home/travis/build/icyphy/ptII/ptolemy/actor/lib/test/auto/Limiter.xml
----------------- Instantiating /home/travis/build/icyphy/ptII/ptolemy/actor/lib/test/auto/Limiter.xml
4 ms. Memory: 473088K Free: 353516K (75%)
----------------- Invoking toplevel() on ptolemy.moml.MoMLSimpleApplication@2e986360
----------------- Done invoking toplevel() on ptolemy.moml.MoMLSimpleApplication@2e986360
reloadAllAccessors: .Limiter

===========================================================================================
----------------- testing Fri Oct 16 13:49:41 UTC 2020 /home/travis/build/icyphy/ptII/ptolemy/actor/lib/test/auto/LinearDifferenceEquationSystem.xml
----------------- Instantiating /home/travis/build/icyphy/ptII/ptolemy/actor/lib/test/auto/LinearDifferenceEquationSystem.xml
2 ms. Memory: 473088K Free: 345853K (73%)
----------------- Invoking toplevel() on ptolemy.moml.MoMLSimpleApplication@30770354
----------------- Done invoking toplevel() on ptolemy.moml.MoMLSimpleApplication@30770354
reloadAllAccessors: .LinearDifferenceEquationSystem

===========================================================================================
----------------- testing Fri Oct 16 13:49:42 UTC 2020 /home/travis/build/icyphy/ptII/ptolemy/actor/lib/test/auto/LookupTable.xml
----------------- Instantiating /home/travis/build/icyphy/ptII/ptolemy/actor/lib/test/auto/LookupTable.xml
2 ms. Memory: 473088K Free: 341243K (72%)
----------------- Invoking toplevel() on ptolemy.moml.MoMLSimpleApplication@6d07972
----------------- Done invoking toplevel() on ptolemy.moml.MoMLSimpleApplication@6d07972
reloadAllAccessors: .LookupTable

===========================================================================================
----------------- testing Fri Oct 16 13:49:42 UTC 2020 /home/travis/build/icyphy/ptII/ptolemy/actor/lib/test/auto/MathFunction.xml
----------------- Instantiating /home/travis/build/icyphy/ptII/ptolemy/actor/lib/test/auto/MathFunction.xml
3 ms. Memory: 473088K Free: 333051K (70%)
----------------- Invoking toplevel() on ptolemy.moml.MoMLSimpleApplication@679c4ad7
----------------- Done invoking toplevel() on ptolemy.moml.MoMLSimpleApplication@679c4ad7
reloadAllAccessors: .MathFunction

===========================================================================================
----------------- testing Fri Oct 16 13:49:42 UTC 2020 /home/travis/build/icyphy/ptII/ptolemy/actor/lib/test/auto/MathFunction2.xml
----------------- Instantiating /home/travis/build/icyphy/ptII/ptolemy/actor/lib/test/auto/MathFunction2.xml
1 ms. Memory: 473088K Free: 328955K (70%)
----------------- Invoking toplevel() on ptolemy.moml.MoMLSimpleApplication@2c447e09
----------------- Done invoking toplevel() on ptolemy.moml.MoMLSimpleApplication@2c447e09
reloadAllAccessors: .MathFunction2

===========================================================================================
----------------- testing Fri Oct 16 13:49:42 UTC 2020 /home/travis/build/icyphy/ptII/ptolemy/actor/lib/test/auto/MathFunction3.xml
----------------- Instantiating /home/travis/build/icyphy/ptII/ptolemy/actor/lib/test/auto/MathFunction3.xml
2 ms. Memory: 473088K Free: 321787K (68%)
----------------- Invoking toplevel() on ptolemy.moml.MoMLSimpleApplication@76b696dd
----------------- Done invoking toplevel() on ptolemy.moml.MoMLSimpleApplication@76b696dd
reloadAllAccessors: .MathFunction3

===========================================================================================
----------------- testing Fri Oct 16 13:49:42 UTC 2020 /home/travis/build/icyphy/ptII/ptolemy/actor/lib/test/auto/MatrixCropBoolean.xml
----------------- Instantiating /home/travis/build/icyphy/ptII/ptolemy/actor/lib/test/auto/MatrixCropBoolean.xml
3 ms. Memory: 473088K Free: 316652K (67%)
----------------- Invoking toplevel() on ptolemy.moml.MoMLSimpleApplication@7b457b84
----------------- Done invoking toplevel() on ptolemy.moml.MoMLSimpleApplication@7b457b84
reloadAllAccessors: .MatrixCropBoolean

===========================================================================================
----------------- testing Fri Oct 16 13:49:42 UTC 2020 /home/travis/build/icyphy/ptII/ptolemy/actor/lib/test/auto/MatrixCropComplex.xml
----------------- Instantiating /home/travis/build/icyphy/ptII/ptolemy/actor/lib/test/auto/MatrixCropComplex.xml
2 ms. Memory: 473088K Free: 312061K (66%)
----------------- Invoking toplevel() on ptolemy.moml.MoMLSimpleApplication@2637a57
----------------- Done invoking toplevel() on ptolemy.moml.MoMLSimpleApplication@2637a57
reloadAllAccessors: .MatrixCropComplex

===========================================================================================
----------------- testing Fri Oct 16 13:49:42 UTC 2020 /home/travis/build/icyphy/ptII/ptolemy/actor/lib/test/auto/MatrixCropDouble.xml
----------------- Instantiating /home/travis/build/icyphy/ptII/ptolemy/actor/lib/test/auto/MatrixCropDouble.xml
4 ms. Memory: 473088K Free: 306396K (65%)
----------------- Invoking toplevel() on ptolemy.moml.MoMLSimpleApplication@3c81d2e5
----------------- Done invoking toplevel() on ptolemy.moml.MoMLSimpleApplication@3c81d2e5
reloadAllAccessors: .MatrixCropDouble

===========================================================================================
----------------- testing Fri Oct 16 13:49:42 UTC 2020 /home/travis/build/icyphy/ptII/ptolemy/actor/lib/test/auto/MatrixCropFix.xml
----------------- Instantiating /home/travis/build/icyphy/ptII/ptolemy/actor/lib/test/auto/MatrixCropFix.xml
2 ms. Memory: 473088K Free: 301276K (64%)
----------------- Invoking toplevel() on ptolemy.moml.MoMLSimpleApplication@5e130584
----------------- Done invoking toplevel() on ptolemy.moml.MoMLSimpleApplication@5e130584
reloadAllAccessors: .MatrixCropFix

===========================================================================================
----------------- testing Fri Oct 16 13:49:42 UTC 2020 /home/travis/build/icyphy/ptII/ptolemy/actor/lib/test/auto/MatrixCropInt.xml
----------------- Instantiating /home/travis/build/icyphy/ptII/ptolemy/actor/lib/test/auto/MatrixCropInt.xml
2 ms. Memory: 473088K Free: 296156K (63%)
----------------- Invoking toplevel() on ptolemy.moml.MoMLSimpleApplication@638c0eb8
----------------- Done invoking toplevel() on ptolemy.moml.MoMLSimpleApplication@638c0eb8
reloadAllAccessors: .MatrixCropInt

===========================================================================================
----------------- testing Fri Oct 16 13:49:42 UTC 2020 /home/travis/build/icyphy/ptII/ptolemy/actor/lib/test/auto/MatrixCropLong.xml
----------------- Instantiating /home/travis/build/icyphy/ptII/ptolemy/actor/lib/test/auto/MatrixCropLong.xml
2 ms. Memory: 473088K Free: 291036K (62%)
----------------- Invoking toplevel() on ptolemy.moml.MoMLSimpleApplication@6d5e7849
----------------- Done invoking toplevel() on ptolemy.moml.MoMLSimpleApplication@6d5e7849
reloadAllAccessors: .MatrixCropLong

===========================================================================================
----------------- testing Fri Oct 16 13:49:42 UTC 2020 /home/travis/build/icyphy/ptII/ptolemy/actor/lib/test/auto/MatrixToArray.xml
----------------- Instantiating /home/travis/build/icyphy/ptII/ptolemy/actor/lib/test/auto/MatrixToArray.xml
6 ms. Memory: 473088K Free: 275707K (58%)
----------------- Invoking toplevel() on ptolemy.moml.MoMLSimpleApplication@219a6f61
----------------- Done invoking toplevel() on ptolemy.moml.MoMLSimpleApplication@219a6f61
reloadAllAccessors: .MatrixToArray

===========================================================================================
----------------- testing Fri Oct 16 13:49:42 UTC 2020 /home/travis/build/icyphy/ptII/ptolemy/actor/lib/test/auto/MaxIndex.xml
----------------- Instantiating /home/travis/build/icyphy/ptII/ptolemy/actor/lib/test/auto/MaxIndex.xml
3 ms. Memory: 473088K Free: 270587K (57%)
----------------- Invoking toplevel() on ptolemy.moml.MoMLSimpleApplication@7fdff830
----------------- Done invoking toplevel() on ptolemy.moml.MoMLSimpleApplication@7fdff830
reloadAllAccessors: .MaxIndex

===========================================================================================
----------------- testing Fri Oct 16 13:49:42 UTC 2020 /home/travis/build/icyphy/ptII/ptolemy/actor/lib/test/auto/Maximum.xml
----------------- Instantiating /home/travis/build/icyphy/ptII/ptolemy/actor/lib/test/auto/Maximum.xml
9 ms. Memory: 473088K Free: 263933K (56%)
----------------- Invoking toplevel() on ptolemy.moml.MoMLSimpleApplication@34380e81
----------------- Done invoking toplevel() on ptolemy.moml.MoMLSimpleApplication@34380e81
reloadAllAccessors: .Maximum

===========================================================================================
----------------- testing Fri Oct 16 13:49:42 UTC 2020 /home/travis/build/icyphy/ptII/ptolemy/actor/lib/test/auto/MaximumComplex.xml
----------------- Instantiating /home/travis/build/icyphy/ptII/ptolemy/actor/lib/test/auto/MaximumComplex.xml
5 ms. Memory: 473088K Free: 257789K (54%)
----------------- Invoking toplevel() on ptolemy.moml.MoMLSimpleApplication@22a64086
----------------- Done invoking toplevel() on ptolemy.moml.MoMLSimpleApplication@22a64086
reloadAllAccessors: .MaximumComplex

===========================================================================================
----------------- testing Fri Oct 16 13:49:42 UTC 2020 /home/travis/build/icyphy/ptII/ptolemy/actor/lib/test/auto/MethodCallTest.xml
----------------- Instantiating /home/travis/build/icyphy/ptII/ptolemy/actor/lib/test/auto/MethodCallTest.xml
3 ms. Memory: 473088K Free: 251131K (53%)
----------------- Invoking toplevel() on ptolemy.moml.MoMLSimpleApplication@36001a7d
----------------- Done invoking toplevel() on ptolemy.moml.MoMLSimpleApplication@36001a7d
reloadAllAccessors: .MethodCallTest

===========================================================================================
----------------- testing Fri Oct 16 13:49:42 UTC 2020 /home/travis/build/icyphy/ptII/ptolemy/actor/lib/test/auto/Minimum.xml
----------------- Instantiating /home/travis/build/icyphy/ptII/ptolemy/actor/lib/test/auto/Minimum.xml
2 ms. Memory: 473088K Free: 244477K (52%)
----------------- Invoking toplevel() on ptolemy.moml.MoMLSimpleApplication@8ffcba8
----------------- Done invoking toplevel() on ptolemy.moml.MoMLSimpleApplication@8ffcba8
reloadAllAccessors: .Minimum

===========================================================================================
----------------- testing Fri Oct 16 13:49:42 UTC 2020 /home/travis/build/icyphy/ptII/ptolemy/actor/lib/test/auto/MinimumComplex.xml
----------------- Instantiating /home/travis/build/icyphy/ptII/ptolemy/actor/lib/test/auto/MinimumComplex.xml
4 ms. Memory: 473088K Free: 238333K (50%)
----------------- Invoking toplevel() on ptolemy.moml.MoMLSimpleApplication@71aa4446
----------------- Done invoking toplevel() on ptolemy.moml.MoMLSimpleApplication@71aa4446
reloadAllAccessors: .MinimumComplex

===========================================================================================
----------------- testing Fri Oct 16 13:49:42 UTC 2020 /home/travis/build/icyphy/ptII/ptolemy/actor/lib/test/auto/MinimumMultiports.xml
----------------- Instantiating /home/travis/build/icyphy/ptII/ptolemy/actor/lib/test/auto/MinimumMultiports.xml
4 ms. Memory: 473088K Free: 229596K (49%)
----------------- Invoking toplevel() on ptolemy.moml.MoMLSimpleApplication@6d3e04ec
----------------- Done invoking toplevel() on ptolemy.moml.MoMLSimpleApplication@6d3e04ec
reloadAllAccessors: .MinimumMultiports

===========================================================================================
----------------- testing Fri Oct 16 13:49:42 UTC 2020 /home/travis/build/icyphy/ptII/ptolemy/actor/lib/test/auto/ModifyDate.xml
----------------- Instantiating /home/travis/build/icyphy/ptII/ptolemy/actor/lib/test/auto/ModifyDate.xml
9 ms. Memory: 473088K Free: 216829K (46%)
----------------- Invoking toplevel() on ptolemy.moml.MoMLSimpleApplication@62d5a173
----------------- Done invoking toplevel() on ptolemy.moml.MoMLSimpleApplication@62d5a173
reloadAllAccessors: .ModifyDate

===========================================================================================
----------------- testing Fri Oct 16 13:49:42 UTC 2020 /home/travis/build/icyphy/ptII/ptolemy/actor/lib/test/auto/ModifyDate2.xml
----------------- Instantiating /home/travis/build/icyphy/ptII/ptolemy/actor/lib/test/auto/ModifyDate2.xml
3 ms. Memory: 473088K Free: 208123K (44%)
----------------- Invoking toplevel() on ptolemy.moml.MoMLSimpleApplication@3ba052d0
----------------- Done invoking toplevel() on ptolemy.moml.MoMLSimpleApplication@3ba052d0
reloadAllAccessors: .ModifyDate2

===========================================================================================
----------------- testing Fri Oct 16 13:49:42 UTC 2020 /home/travis/build/icyphy/ptII/ptolemy/actor/lib/test/auto/MovingAverage.xml
----------------- Instantiating /home/travis/build/icyphy/ptII/ptolemy/actor/lib/test/auto/MovingAverage.xml
11 ms. Memory: 473088K Free: 203003K (43%)
----------------- Invoking toplevel() on ptolemy.moml.MoMLSimpleApplication@1f3ddec2
----------------- Done invoking toplevel() on ptolemy.moml.MoMLSimpleApplication@1f3ddec2
reloadAllAccessors: .MovingAverage

===========================================================================================
----------------- testing Fri Oct 16 13:49:42 UTC 2020 /home/travis/build/icyphy/ptII/ptolemy/actor/lib/test/auto/MovingMaximum.xml
----------------- Instantiating /home/travis/build/icyphy/ptII/ptolemy/actor/lib/test/auto/MovingMaximum.xml
2 ms. Memory: 473088K Free: 198397K (42%)
----------------- Invoking toplevel() on ptolemy.moml.MoMLSimpleApplication@46dafe30
----------------- Done invoking toplevel() on ptolemy.moml.MoMLSimpleApplication@46dafe30
reloadAllAccessors: .MovingMaximum

===========================================================================================
----------------- testing Fri Oct 16 13:49:42 UTC 2020 /home/travis/build/icyphy/ptII/ptolemy/actor/lib/test/auto/MultipleLinksToSameRelation.xml
----------------- Instantiating /home/travis/build/icyphy/ptII/ptolemy/actor/lib/test/auto/MultipleLinksToSameRelation.xml
3 ms. Memory: 473088K Free: 194301K (41%)
----------------- Invoking toplevel() on ptolemy.moml.MoMLSimpleApplication@4807fac
----------------- Done invoking toplevel() on ptolemy.moml.MoMLSimpleApplication@4807fac
reloadAllAccessors: .MultipleLinksToSameRelation

===========================================================================================
----------------- testing Fri Oct 16 13:49:42 UTC 2020 /home/travis/build/icyphy/ptII/ptolemy/actor/lib/test/auto/MultipleLinksToSameRelationDE.xml
----------------- Instantiating /home/travis/build/icyphy/ptII/ptolemy/actor/lib/test/auto/MultipleLinksToSameRelationDE.xml
2 ms. Memory: 473088K Free: 189676K (40%)
----------------- Invoking toplevel() on ptolemy.moml.MoMLSimpleApplication@15b2d01c
----------------- Done invoking toplevel() on ptolemy.moml.MoMLSimpleApplication@15b2d01c
reloadAllAccessors: .MultipleLinksToSameRelationDE

===========================================================================================
----------------- testing Fri Oct 16 13:49:42 UTC 2020 /home/travis/build/icyphy/ptII/ptolemy/actor/lib/test/auto/Multiplexor.xml
----------------- Instantiating /home/travis/build/icyphy/ptII/ptolemy/actor/lib/test/auto/Multiplexor.xml
1 ms. Memory: 473088K Free: 184061K (39%)
----------------- Invoking toplevel() on ptolemy.moml.MoMLSimpleApplication@64e4c539
----------------- Done invoking toplevel() on ptolemy.moml.MoMLSimpleApplication@64e4c539
reloadAllAccessors: .Multiplexor

===========================================================================================
----------------- testing Fri Oct 16 13:49:42 UTC 2020 /home/travis/build/icyphy/ptII/ptolemy/actor/lib/test/auto/Multiplexor1.xml
----------------- Instantiating /home/travis/build/icyphy/ptII/ptolemy/actor/lib/test/auto/Multiplexor1.xml
2 ms. Memory: 473088K Free: 177917K (38%)
----------------- Invoking toplevel() on ptolemy.moml.MoMLSimpleApplication@6f6c9a37
----------------- Done invoking toplevel() on ptolemy.moml.MoMLSimpleApplication@6f6c9a37
reloadAllAccessors: .Multiplexor1

===========================================================================================
----------------- testing Fri Oct 16 13:49:42 UTC 2020 /home/travis/build/icyphy/ptII/ptolemy/actor/lib/test/auto/Multiplexor2.xml
----------------- Instantiating /home/travis/build/icyphy/ptII/ptolemy/actor/lib/test/auto/Multiplexor2.xml
7 ms. Memory: 473088K Free: 171259K (36%)
----------------- Invoking toplevel() on ptolemy.moml.MoMLSimpleApplication@499a381c
----------------- Done invoking toplevel() on ptolemy.moml.MoMLSimpleApplication@499a381c
reloadAllAccessors: .Multiplexor2

===========================================================================================
----------------- testing Fri Oct 16 13:49:42 UTC 2020 /home/travis/build/icyphy/ptII/ptolemy/actor/lib/test/auto/Multiplexor3.xml
----------------- Instantiating /home/travis/build/icyphy/ptII/ptolemy/actor/lib/test/auto/Multiplexor3.xml
3 ms. Memory: 473088K Free: 167163K (35%)
----------------- Invoking toplevel() on ptolemy.moml.MoMLSimpleApplication@6292907e
----------------- Done invoking toplevel() on ptolemy.moml.MoMLSimpleApplication@6292907e
reloadAllAccessors: .Multiplexor3

===========================================================================================
----------------- testing Fri Oct 16 13:49:42 UTC 2020 /home/travis/build/icyphy/ptII/ptolemy/actor/lib/test/auto/MultiplexorDE.xml
----------------- Instantiating /home/travis/build/icyphy/ptII/ptolemy/actor/lib/test/auto/MultiplexorDE.xml
3 ms. Memory: 473088K Free: 159485K (34%)
----------------- Invoking toplevel() on ptolemy.moml.MoMLSimpleApplication@77d7a623
----------------- Done invoking toplevel() on ptolemy.moml.MoMLSimpleApplication@77d7a623
reloadAllAccessors: .MultiplexorDE

===========================================================================================
----------------- testing Fri Oct 16 13:49:42 UTC 2020 /home/travis/build/icyphy/ptII/ptolemy/actor/lib/test/auto/MultiportBroadcastTest.xml
----------------- Instantiating /home/travis/build/icyphy/ptII/ptolemy/actor/lib/test/auto/MultiportBroadcastTest.xml
85 ms. Memory: 473088K Free: 153341K (32%)
----------------- Invoking toplevel() on ptolemy.moml.MoMLSimpleApplication@69847fdb
----------------- Done invoking toplevel() on ptolemy.moml.MoMLSimpleApplication@69847fdb
reloadAllAccessors: .MultiportBroadcastTest

===========================================================================================
----------------- testing Fri Oct 16 13:49:42 UTC 2020 /home/travis/build/icyphy/ptII/ptolemy/actor/lib/test/auto/MultiportOutHangDuringGetWidth.xml
----------------- Instantiating /home/travis/build/icyphy/ptII/ptolemy/actor/lib/test/auto/MultiportOutHangDuringGetWidth.xml
4 ms. Memory: 473088K Free: 415997K (88%)
----------------- Invoking toplevel() on ptolemy.moml.MoMLSimpleApplication@7eb4ac6a
----------------- Done invoking toplevel() on ptolemy.moml.MoMLSimpleApplication@7eb4ac6a
reloadAllAccessors: .MultiportOutHangDuringGetWidth

===========================================================================================
----------------- testing Fri Oct 16 13:49:42 UTC 2020 /home/travis/build/icyphy/ptII/ptolemy/actor/lib/test/auto/NilToken.xml
----------------- Instantiating /home/travis/build/icyphy/ptII/ptolemy/actor/lib/test/auto/NilToken.xml
1 ms. Memory: 473088K Free: 411387K (87%)
----------------- Invoking toplevel() on ptolemy.moml.MoMLSimpleApplication@61093bac
----------------- Done invoking toplevel() on ptolemy.moml.MoMLSimpleApplication@61093bac
reloadAllAccessors: .NilToken

===========================================================================================
----------------- testing Fri Oct 16 13:49:42 UTC 2020 /home/travis/build/icyphy/ptII/ptolemy/actor/lib/test/auto/NilTokenNonStrictTest.xml
----------------- Instantiating /home/travis/build/icyphy/ptII/ptolemy/actor/lib/test/auto/NilTokenNonStrictTest.xml
1 ms. Memory: 473088K Free: 406781K (86%)
----------------- Invoking toplevel() on ptolemy.moml.MoMLSimpleApplication@5f007cb
----------------- Done invoking toplevel() on ptolemy.moml.MoMLSimpleApplication@5f007cb
reloadAllAccessors: .NilTokenNonStrictTest

===========================================================================================
----------------- testing Fri Oct 16 13:49:42 UTC 2020 /home/travis/build/icyphy/ptII/ptolemy/actor/lib/test/auto/NilTokenRecord.xml
----------------- Instantiating /home/travis/build/icyphy/ptII/ptolemy/actor/lib/test/auto/NilTokenRecord.xml
5 ms. Memory: 473088K Free: 400123K (85%)
----------------- Invoking toplevel() on ptolemy.moml.MoMLSimpleApplication@6587bb4
----------------- Done invoking toplevel() on ptolemy.moml.MoMLSimpleApplication@6587bb4
reloadAllAccessors: .NilTokenRecord

===========================================================================================
----------------- testing Fri Oct 16 13:49:42 UTC 2020 /home/travis/build/icyphy/ptII/ptolemy/actor/lib/test/auto/NilTokenTypeTest.xml
----------------- Instantiating /home/travis/build/icyphy/ptII/ptolemy/actor/lib/test/auto/NilTokenTypeTest.xml
3 ms. Memory: 473088K Free: 390397K (83%)
----------------- Invoking toplevel() on ptolemy.moml.MoMLSimpleApplication@29d361ca
----------------- Done invoking toplevel() on ptolemy.moml.MoMLSimpleApplication@29d361ca
reloadAllAccessors: .NilTokenTypeTest

===========================================================================================
----------------- testing Fri Oct 16 13:49:42 UTC 2020 /home/travis/build/icyphy/ptII/ptolemy/actor/lib/test/auto/ObjectToken1.xml
----------------- Instantiating /home/travis/build/icyphy/ptII/ptolemy/actor/lib/test/auto/ObjectToken1.xml
2 ms. Memory: 473088K Free: 386301K (82%)
----------------- Invoking toplevel() on ptolemy.moml.MoMLSimpleApplication@5e94f5f3
----------------- Done invoking toplevel() on ptolemy.moml.MoMLSimpleApplication@5e94f5f3
reloadAllAccessors: .ObjectToken1

===========================================================================================
----------------- testing Fri Oct 16 13:49:42 UTC 2020 /home/travis/build/icyphy/ptII/ptolemy/actor/lib/test/auto/OrderedMerge.xml
----------------- Instantiating /home/travis/build/icyphy/ptII/ptolemy/actor/lib/test/auto/OrderedMerge.xml
10 ms. Memory: 473088K Free: 380667K (80%)
----------------- Invoking toplevel() on ptolemy.moml.MoMLSimpleApplication@543c7531
----------------- Done invoking toplevel() on ptolemy.moml.MoMLSimpleApplication@543c7531
reloadAllAccessors: .OrderedMerge

===========================================================================================
----------------- testing Fri Oct 16 13:49:42 UTC 2020 /home/travis/build/icyphy/ptII/ptolemy/actor/lib/test/auto/OrderedRecordDisassembler.xml
----------------- Instantiating /home/travis/build/icyphy/ptII/ptolemy/actor/lib/test/auto/OrderedRecordDisassembler.xml
2 ms. Memory: 473088K Free: 375516K (79%)
----------------- Invoking toplevel() on ptolemy.moml.MoMLSimpleApplication@ddc8e8b
----------------- Done invoking toplevel() on ptolemy.moml.MoMLSimpleApplication@ddc8e8b
reloadAllAccessors: .OrderedRecordDisassembler

===========================================================================================
----------------- testing Fri Oct 16 13:49:42 UTC 2020 /home/travis/build/icyphy/ptII/ptolemy/actor/lib/test/auto/OrderedRecordDisassembler2.xml
----------------- Instantiating /home/travis/build/icyphy/ptII/ptolemy/actor/lib/test/auto/OrderedRecordDisassembler2.xml
5 ms. Memory: 473088K Free: 367869K (78%)
----------------- Invoking toplevel() on ptolemy.moml.MoMLSimpleApplication@db7e729
----------------- Done invoking toplevel() on ptolemy.moml.MoMLSimpleApplication@db7e729
reloadAllAccessors: .OrderedRecordDisassembler2

===========================================================================================
----------------- testing Fri Oct 16 13:49:42 UTC 2020 /home/travis/build/icyphy/ptII/ptolemy/actor/lib/test/auto/OrderedRecordUpdater.xml
----------------- Instantiating /home/travis/build/icyphy/ptII/ptolemy/actor/lib/test/auto/OrderedRecordUpdater.xml
1 ms. Memory: 473088K Free: 362749K (77%)
----------------- Invoking toplevel() on ptolemy.moml.MoMLSimpleApplication@318424a4
----------------- Done invoking toplevel() on ptolemy.moml.MoMLSimpleApplication@318424a4
reloadAllAccessors: .RecordUpdater

===========================================================================================
----------------- testing Fri Oct 16 13:49:42 UTC 2020 /home/travis/build/icyphy/ptII/ptolemy/actor/lib/test/auto/OrderedRecordUpdater2.xml
----------------- Instantiating /home/travis/build/icyphy/ptII/ptolemy/actor/lib/test/auto/OrderedRecordUpdater2.xml
3 ms. Memory: 473088K Free: 358139K (76%)
----------------- Invoking toplevel() on ptolemy.moml.MoMLSimpleApplication@2ac96d56
----------------- Done invoking toplevel() on ptolemy.moml.MoMLSimpleApplication@2ac96d56
reloadAllAccessors: .RecordUpdater2

===========================================================================================
----------------- testing Fri Oct 16 13:49:43 UTC 2020 /home/travis/build/icyphy/ptII/ptolemy/actor/lib/test/auto/PhaseUnwrap.xml
----------------- Instantiating /home/travis/build/icyphy/ptII/ptolemy/actor/lib/test/auto/PhaseUnwrap.xml
2 ms. Memory: 473088K Free: 353533K (75%)
----------------- Invoking toplevel() on ptolemy.moml.MoMLSimpleApplication@1f98a745
----------------- Done invoking toplevel() on ptolemy.moml.MoMLSimpleApplication@1f98a745
reloadAllAccessors: .PhaseUnwrap

===========================================================================================
----------------- testing Fri Oct 16 13:49:43 UTC 2020 /home/travis/build/icyphy/ptII/ptolemy/actor/lib/test/auto/PoissonClock.xml
----------------- Instantiating /home/travis/build/icyphy/ptII/ptolemy/actor/lib/test/auto/PoissonClock.xml
1 ms. Memory: 473088K Free: 349437K (74%)
----------------- Invoking toplevel() on ptolemy.moml.MoMLSimpleApplication@98e68f1
----------------- Done invoking toplevel() on ptolemy.moml.MoMLSimpleApplication@98e68f1
reloadAllAccessors: .PoissonClock

===========================================================================================
----------------- testing Fri Oct 16 13:49:43 UTC 2020 /home/travis/build/icyphy/ptII/ptolemy/actor/lib/test/auto/PoissonClock2.xml
----------------- Instantiating /home/travis/build/icyphy/ptII/ptolemy/actor/lib/test/auto/PoissonClock2.xml
1 ms. Memory: 473088K Free: 344827K (73%)
----------------- Invoking toplevel() on ptolemy.moml.MoMLSimpleApplication@3b7fc0e5
----------------- Done invoking toplevel() on ptolemy.moml.MoMLSimpleApplication@3b7fc0e5
reloadAllAccessors: .PoissonClock2

===========================================================================================
----------------- testing Fri Oct 16 13:49:43 UTC 2020 /home/travis/build/icyphy/ptII/ptolemy/actor/lib/test/auto/PoissonClock3.xml
----------------- Instantiating /home/travis/build/icyphy/ptII/ptolemy/actor/lib/test/auto/PoissonClock3.xml
1 ms. Memory: 473088K Free: 340221K (72%)
----------------- Invoking toplevel() on ptolemy.moml.MoMLSimpleApplication@64beeb6a
----------------- Done invoking toplevel() on ptolemy.moml.MoMLSimpleApplication@64beeb6a
reloadAllAccessors: .PoissonClock3

===========================================================================================
----------------- testing Fri Oct 16 13:49:43 UTC 2020 /home/travis/build/icyphy/ptII/ptolemy/actor/lib/test/auto/PubSubWithInitialTokens.xml
----------------- Instantiating /home/travis/build/icyphy/ptII/ptolemy/actor/lib/test/auto/PubSubWithInitialTokens.xml
3 ms. Memory: 473088K Free: 334077K (71%)
----------------- Invoking toplevel() on ptolemy.moml.MoMLSimpleApplication@65f328ba
----------------- Done invoking toplevel() on ptolemy.moml.MoMLSimpleApplication@65f328ba
reloadAllAccessors: .PubSubWithInitialTokens

===========================================================================================
----------------- testing Fri Oct 16 13:49:43 UTC 2020 /home/travis/build/icyphy/ptII/ptolemy/actor/lib/test/auto/PubSubWithInitialTokens2.xml
----------------- Instantiating /home/travis/build/icyphy/ptII/ptolemy/actor/lib/test/auto/PubSubWithInitialTokens2.xml
2 ms. Memory: 473088K Free: 327933K (69%)
----------------- Invoking toplevel() on ptolemy.moml.MoMLSimpleApplication@3519f45f
----------------- Done invoking toplevel() on ptolemy.moml.MoMLSimpleApplication@3519f45f
reloadAllAccessors: .PubSubWithInitialTokens2

===========================================================================================
----------------- testing Fri Oct 16 13:49:43 UTC 2020 /home/travis/build/icyphy/ptII/ptolemy/actor/lib/test/auto/PublisherClassNoParameter.xml
----------------- Instantiating /home/travis/build/icyphy/ptII/ptolemy/actor/lib/test/auto/PublisherClassNoParameter.xml
2 ms. Memory: 473088K Free: 318196K (67%)
----------------- Invoking toplevel() on ptolemy.moml.MoMLSimpleApplication@54206b12
----------------- Done invoking toplevel() on ptolemy.moml.MoMLSimpleApplication@54206b12
reloadAllAccessors: .PublisherClassNoParameter

===========================================================================================
----------------- testing Fri Oct 16 13:49:43 UTC 2020 /home/travis/build/icyphy/ptII/ptolemy/actor/lib/test/auto/PublisherClassParameter.xml
----------------- Instantiating /home/travis/build/icyphy/ptII/ptolemy/actor/lib/test/auto/PublisherClassParameter.xml
3 ms. Memory: 473088K Free: 307963K (65%)
----------------- Invoking toplevel() on ptolemy.moml.MoMLSimpleApplication@aaa866a
----------------- Done invoking toplevel() on ptolemy.moml.MoMLSimpleApplication@aaa866a
reloadAllAccessors: .PublisherClassParameter

===========================================================================================
----------------- testing Fri Oct 16 13:49:43 UTC 2020 /home/travis/build/icyphy/ptII/ptolemy/actor/lib/test/auto/PublisherNonStrictTest.xml
----------------- Instantiating /home/travis/build/icyphy/ptII/ptolemy/actor/lib/test/auto/PublisherNonStrictTest.xml
3 ms. Memory: 473088K Free: 300285K (63%)
----------------- Invoking toplevel() on ptolemy.moml.MoMLSimpleApplication@694aa4f5
----------------- Done invoking toplevel() on ptolemy.moml.MoMLSimpleApplication@694aa4f5
reloadAllAccessors: .PublisherNonStrictTest

===========================================================================================
----------------- testing Fri Oct 16 13:49:43 UTC 2020 /home/travis/build/icyphy/ptII/ptolemy/actor/lib/test/auto/PublisherPort1.xml
----------------- Instantiating /home/travis/build/icyphy/ptII/ptolemy/actor/lib/test/auto/PublisherPort1.xml
10 ms. Memory: 473088K Free: 294636K (62%)
----------------- Invoking toplevel() on ptolemy.moml.MoMLSimpleApplication@3663f181
----------------- Done invoking toplevel() on ptolemy.moml.MoMLSimpleApplication@3663f181
reloadAllAccessors: .PublisherPort1

===========================================================================================
----------------- testing Fri Oct 16 13:49:43 UTC 2020 /home/travis/build/icyphy/ptII/ptolemy/actor/lib/test/auto/PublisherPort2.xml
----------------- Instantiating /home/travis/build/icyphy/ptII/ptolemy/actor/lib/test/auto/PublisherPort2.xml
1 ms. Memory: 473088K Free: 289531K (61%)
----------------- Invoking toplevel() on ptolemy.moml.MoMLSimpleApplication@64bd8cb7
----------------- Done invoking toplevel() on ptolemy.moml.MoMLSimpleApplication@64bd8cb7
reloadAllAccessors: .PublisherPort2

===========================================================================================
----------------- testing Fri Oct 16 13:49:43 UTC 2020 /home/travis/build/icyphy/ptII/ptolemy/actor/lib/test/auto/PublisherPort3.xml
----------------- Instantiating /home/travis/build/icyphy/ptII/ptolemy/actor/lib/test/auto/PublisherPort3.xml
3 ms. Memory: 473088K Free: 282877K (60%)
----------------- Invoking toplevel() on ptolemy.moml.MoMLSimpleApplication@747a7b54
----------------- Done invoking toplevel() on ptolemy.moml.MoMLSimpleApplication@747a7b54
reloadAllAccessors: .PublisherPort3

===========================================================================================
----------------- testing Fri Oct 16 13:49:43 UTC 2020 /home/travis/build/icyphy/ptII/ptolemy/actor/lib/test/auto/PublisherPort4.xml
----------------- Instantiating /home/travis/build/icyphy/ptII/ptolemy/actor/lib/test/auto/PublisherPort4.xml
2 ms. Memory: 473088K Free: 277236K (59%)
----------------- Invoking toplevel() on ptolemy.moml.MoMLSimpleApplication@9d75677
----------------- Done invoking toplevel() on ptolemy.moml.MoMLSimpleApplication@9d75677
reloadAllAccessors: .PublisherPort4

===========================================================================================
----------------- testing Fri Oct 16 13:49:43 UTC 2020 /home/travis/build/icyphy/ptII/ptolemy/actor/lib/test/auto/PublisherPort5.xml
----------------- Instantiating /home/travis/build/icyphy/ptII/ptolemy/actor/lib/test/auto/PublisherPort5.xml
15 ms. Memory: 473088K Free: 269565K (57%)
----------------- Invoking toplevel() on ptolemy.moml.MoMLSimpleApplication@1fb573d0
----------------- Done invoking toplevel() on ptolemy.moml.MoMLSimpleApplication@1fb573d0
reloadAllAccessors: .PublisherPort5

===========================================================================================
----------------- testing Fri Oct 16 13:49:43 UTC 2020 /home/travis/build/icyphy/ptII/ptolemy/actor/lib/test/auto/PublisherPort5LookAlike.xml
----------------- Instantiating /home/travis/build/icyphy/ptII/ptolemy/actor/lib/test/auto/PublisherPort5LookAlike.xml
9 ms. Memory: 473088K Free: 261373K (55%)
----------------- Invoking toplevel() on ptolemy.moml.MoMLSimpleApplication@2385eafd
----------------- Done invoking toplevel() on ptolemy.moml.MoMLSimpleApplication@2385eafd
reloadAllAccessors: .PublisherPort5LookAlike

===========================================================================================
----------------- testing Fri Oct 16 13:49:43 UTC 2020 /home/travis/build/icyphy/ptII/ptolemy/actor/lib/test/auto/PublisherPort6.xml
----------------- Instantiating /home/travis/build/icyphy/ptII/ptolemy/actor/lib/test/auto/PublisherPort6.xml
2 ms. Memory: 473088K Free: 254715K (54%)
----------------- Invoking toplevel() on ptolemy.moml.MoMLSimpleApplication@2cbf7ae8
----------------- Done invoking toplevel() on ptolemy.moml.MoMLSimpleApplication@2cbf7ae8
reloadAllAccessors: .PublisherPort6

===========================================================================================
----------------- testing Fri Oct 16 13:49:43 UTC 2020 /home/travis/build/icyphy/ptII/ptolemy/actor/lib/test/auto/PublisherPort7.xml
----------------- Instantiating /home/travis/build/icyphy/ptII/ptolemy/actor/lib/test/auto/PublisherPort7.xml
4 ms. Memory: 473088K Free: 247037K (52%)
----------------- Invoking toplevel() on ptolemy.moml.MoMLSimpleApplication@2ead5294
----------------- Done invoking toplevel() on ptolemy.moml.MoMLSimpleApplication@2ead5294
reloadAllAccessors: .PublisherPort7

===========================================================================================
----------------- testing Fri Oct 16 13:49:43 UTC 2020 /home/travis/build/icyphy/ptII/ptolemy/actor/lib/test/auto/PublisherPort8.xml
----------------- Instantiating /home/travis/build/icyphy/ptII/ptolemy/actor/lib/test/auto/PublisherPort8.xml
6 ms. Memory: 473088K Free: 238331K (50%)
----------------- Invoking toplevel() on ptolemy.moml.MoMLSimpleApplication@33f060e8
----------------- Done invoking toplevel() on ptolemy.moml.MoMLSimpleApplication@33f060e8
reloadAllAccessors: .PublisherPort8

===========================================================================================
----------------- testing Fri Oct 16 13:49:43 UTC 2020 /home/travis/build/icyphy/ptII/ptolemy/actor/lib/test/auto/PublisherPortSubscriberChannelVariablesAOC2.xml
----------------- Instantiating /home/travis/build/icyphy/ptII/ptolemy/actor/lib/test/auto/PublisherPortSubscriberChannelVariablesAOC2.xml
3 ms. Memory: 473088K Free: 220413K (47%)
----------------- Invoking toplevel() on ptolemy.moml.MoMLSimpleApplication@2cb0cb34
----------------- Done invoking toplevel() on ptolemy.moml.MoMLSimpleApplication@2cb0cb34
reloadAllAccessors: .PublisherPortSubscriberChannelVariablesAOC2

===========================================================================================
----------------- testing Fri Oct 16 13:49:43 UTC 2020 /home/travis/build/icyphy/ptII/ptolemy/actor/lib/test/auto/PublisherPortSubscriberOpaqueWidthInference.xml
----------------- Instantiating /home/travis/build/icyphy/ptII/ptolemy/actor/lib/test/auto/PublisherPortSubscriberOpaqueWidthInference.xml
4 ms. Memory: 473088K Free: 212716K (45%)
----------------- Invoking toplevel() on ptolemy.moml.MoMLSimpleApplication@6c92afb
----------------- Done invoking toplevel() on ptolemy.moml.MoMLSimpleApplication@6c92afb
reloadAllAccessors: .PublisherPortSubscriberOpaqueWidthInference

===========================================================================================
----------------- testing Fri Oct 16 13:49:43 UTC 2020 /home/travis/build/icyphy/ptII/ptolemy/actor/lib/test/auto/PublisherPortSubscriberPortAdjacent.xml
----------------- Instantiating /home/travis/build/icyphy/ptII/ptolemy/actor/lib/test/auto/PublisherPortSubscriberPortAdjacent.xml
1 ms. Memory: 473088K Free: 204539K (43%)
----------------- Invoking toplevel() on ptolemy.moml.MoMLSimpleApplication@e0e5f52
----------------- Done invoking toplevel() on ptolemy.moml.MoMLSimpleApplication@e0e5f52
reloadAllAccessors: .PublisherPortSubscriberPortAdjacent

===========================================================================================
----------------- testing Fri Oct 16 13:49:43 UTC 2020 /home/travis/build/icyphy/ptII/ptolemy/actor/lib/test/auto/PublisherPortSubscriberPortExpression.xml
----------------- Instantiating /home/travis/build/icyphy/ptII/ptolemy/actor/lib/test/auto/PublisherPortSubscriberPortExpression.xml
4 ms. Memory: 473088K Free: 196861K (42%)
----------------- Invoking toplevel() on ptolemy.moml.MoMLSimpleApplication@596bfa0c
----------------- Done invoking toplevel() on ptolemy.moml.MoMLSimpleApplication@596bfa0c
reloadAllAccessors: .PublisherPortSubscriberPortExpression

===========================================================================================
----------------- testing Fri Oct 16 13:49:43 UTC 2020 /home/travis/build/icyphy/ptII/ptolemy/actor/lib/test/auto/PublisherPortSubscriberPortOpaqueD3Reverse.xml
----------------- Instantiating /home/travis/build/icyphy/ptII/ptolemy/actor/lib/test/auto/PublisherPortSubscriberPortOpaqueD3Reverse.xml
14 ms. Memory: 473088K Free: 186107K (39%)
----------------- Invoking toplevel() on ptolemy.moml.MoMLSimpleApplication@75d66566
----------------- Done invoking toplevel() on ptolemy.moml.MoMLSimpleApplication@75d66566
reloadAllAccessors: .PublisherPortSubscriberPortOpaqueD3Reverse

===========================================================================================
----------------- testing Fri Oct 16 13:49:43 UTC 2020 /home/travis/build/icyphy/ptII/ptolemy/actor/lib/test/auto/PublisherPortSubscriberPortOpaqueWidthInference.xml
----------------- Instantiating /home/travis/build/icyphy/ptII/ptolemy/actor/lib/test/auto/PublisherPortSubscriberPortOpaqueWidthInference.xml
3 ms. Memory: 473088K Free: 178429K (38%)
----------------- Invoking toplevel() on ptolemy.moml.MoMLSimpleApplication@18a2213e
----------------- Done invoking toplevel() on ptolemy.moml.MoMLSimpleApplication@18a2213e
reloadAllAccessors: .PublisherPortSubscriberPortOpaqueWidthInference

===========================================================================================
----------------- testing Fri Oct 16 13:49:43 UTC 2020 /home/travis/build/icyphy/ptII/ptolemy/actor/lib/test/auto/PublisherPortToplevelSubscriberPortAOC.xml
----------------- Instantiating /home/travis/build/icyphy/ptII/ptolemy/actor/lib/test/auto/PublisherPortToplevelSubscriberPortAOC.xml
.PublisherPortToplevelSubscriberPortAOC.TestExceptionAttribute: initialize() was not invoked, but wrapup() was.  This is unusual, but not always a problem.  For example, exporting JNLP will do this.
1 ms. Memory: 473088K Free: 172795K (37%)
----------------- Invoking toplevel() on ptolemy.moml.MoMLSimpleApplication@19997fc5
----------------- Done invoking toplevel() on ptolemy.moml.MoMLSimpleApplication@19997fc5
reloadAllAccessors: .PublisherPortToplevelSubscriberPortAOC

===========================================================================================
----------------- testing Fri Oct 16 13:49:43 UTC 2020 /home/travis/build/icyphy/ptII/ptolemy/actor/lib/test/auto/PublisherSubscriber.xml
----------------- Instantiating /home/travis/build/icyphy/ptII/ptolemy/actor/lib/test/auto/PublisherSubscriber.xml
3 ms. Memory: 473088K Free: 165596K (35%)
----------------- Invoking toplevel() on ptolemy.moml.MoMLSimpleApplication@4e697501
----------------- Done invoking toplevel() on ptolemy.moml.MoMLSimpleApplication@4e697501
reloadAllAccessors: .PublisherSubscriber

===========================================================================================
----------------- testing Fri Oct 16 13:49:43 UTC 2020 /home/travis/build/icyphy/ptII/ptolemy/actor/lib/test/auto/PublisherSubscriber10.xml
----------------- Instantiating /home/travis/build/icyphy/ptII/ptolemy/actor/lib/test/auto/PublisherSubscriber10.xml
5 ms. Memory: 473088K Free: 155387K (33%)
----------------- Invoking toplevel() on ptolemy.moml.MoMLSimpleApplication@189b5072
----------------- Done invoking toplevel() on ptolemy.moml.MoMLSimpleApplication@189b5072
reloadAllAccessors: .PublisherSubscriber10

===========================================================================================
----------------- testing Fri Oct 16 13:49:43 UTC 2020 /home/travis/build/icyphy/ptII/ptolemy/actor/lib/test/auto/PublisherSubscriber10InitialOutputs.xml
----------------- Instantiating /home/travis/build/icyphy/ptII/ptolemy/actor/lib/test/auto/PublisherSubscriber10InitialOutputs.xml
48 ms. Memory: 473088K Free: 421596K (89%)
----------------- Invoking toplevel() on ptolemy.moml.MoMLSimpleApplication@762e746f
----------------- Done invoking toplevel() on ptolemy.moml.MoMLSimpleApplication@762e746f
reloadAllAccessors: .PublisherSubscriber10InitialOutputs

===========================================================================================
----------------- testing Fri Oct 16 13:49:43 UTC 2020 /home/travis/build/icyphy/ptII/ptolemy/actor/lib/test/auto/PublisherSubscriber11.xml
----------------- Instantiating /home/travis/build/icyphy/ptII/ptolemy/actor/lib/test/auto/PublisherSubscriber11.xml
2 ms. Memory: 473088K Free: 414973K (88%)
----------------- Invoking toplevel() on ptolemy.moml.MoMLSimpleApplication@143da818
----------------- Done invoking toplevel() on ptolemy.moml.MoMLSimpleApplication@143da818
reloadAllAccessors: .PublisherSubscriber11

===========================================================================================
----------------- testing Fri Oct 16 13:49:43 UTC 2020 /home/travis/build/icyphy/ptII/ptolemy/actor/lib/test/auto/PublisherSubscriber12.xml
----------------- Instantiating /home/travis/build/icyphy/ptII/ptolemy/actor/lib/test/auto/PublisherSubscriber12.xml
3 ms. Memory: 473088K Free: 408300K (86%)
----------------- Invoking toplevel() on ptolemy.moml.MoMLSimpleApplication@3a0772c4
----------------- Done invoking toplevel() on ptolemy.moml.MoMLSimpleApplication@3a0772c4
reloadAllAccessors: .PublisherSubscriber12

===========================================================================================
----------------- testing Fri Oct 16 13:49:43 UTC 2020 /home/travis/build/icyphy/ptII/ptolemy/actor/lib/test/auto/PublisherSubscriber13.xml
----------------- Instantiating /home/travis/build/icyphy/ptII/ptolemy/actor/lib/test/auto/PublisherSubscriber13.xml
2 ms. Memory: 473088K Free: 402140K (85%)
----------------- Invoking toplevel() on ptolemy.moml.MoMLSimpleApplication@79482ef4
----------------- Done invoking toplevel() on ptolemy.moml.MoMLSimpleApplication@79482ef4
reloadAllAccessors: .PublisherSubscriber13

===========================================================================================
----------------- testing Fri Oct 16 13:49:43 UTC 2020 /home/travis/build/icyphy/ptII/ptolemy/actor/lib/test/auto/PublisherSubscriber14.xml
----------------- Instantiating /home/travis/build/icyphy/ptII/ptolemy/actor/lib/test/auto/PublisherSubscriber14.xml
2 ms. Memory: 473088K Free: 393469K (83%)
----------------- Invoking toplevel() on ptolemy.moml.MoMLSimpleApplication@2954a6bc
----------------- Done invoking toplevel() on ptolemy.moml.MoMLSimpleApplication@2954a6bc
reloadAllAccessors: .PublisherSubscriber14

===========================================================================================
----------------- testing Fri Oct 16 13:49:43 UTC 2020 /home/travis/build/icyphy/ptII/ptolemy/actor/lib/test/auto/PublisherSubscriber2.xml
----------------- Instantiating /home/travis/build/icyphy/ptII/ptolemy/actor/lib/test/auto/PublisherSubscriber2.xml
4 ms. Memory: 473088K Free: 387804K (82%)
----------------- Invoking toplevel() on ptolemy.moml.MoMLSimpleApplication@1c81d4af
----------------- Done invoking toplevel() on ptolemy.moml.MoMLSimpleApplication@1c81d4af
reloadAllAccessors: .PublisherSubscriber2

===========================================================================================
----------------- testing Fri Oct 16 13:49:43 UTC 2020 /home/travis/build/icyphy/ptII/ptolemy/actor/lib/test/auto/PublisherSubscriber3.xml
----------------- Instantiating /home/travis/build/icyphy/ptII/ptolemy/actor/lib/test/auto/PublisherSubscriber3.xml
1 ms. Memory: 473088K Free: 382205K (81%)
----------------- Invoking toplevel() on ptolemy.moml.MoMLSimpleApplication@388232a3
----------------- Done invoking toplevel() on ptolemy.moml.MoMLSimpleApplication@388232a3
reloadAllAccessors: .PublisherSubscriber3

===========================================================================================
----------------- testing Fri Oct 16 13:49:43 UTC 2020 /home/travis/build/icyphy/ptII/ptolemy/actor/lib/test/auto/PublisherSubscriber4.xml
----------------- Instantiating /home/travis/build/icyphy/ptII/ptolemy/actor/lib/test/auto/PublisherSubscriber4.xml
3 ms. Memory: 473088K Free: 377085K (80%)
----------------- Invoking toplevel() on ptolemy.moml.MoMLSimpleApplication@3a33de19
----------------- Done invoking toplevel() on ptolemy.moml.MoMLSimpleApplication@3a33de19
reloadAllAccessors: .PublisherSubscriber4

===========================================================================================
----------------- testing Fri Oct 16 13:49:43 UTC 2020 /home/travis/build/icyphy/ptII/ptolemy/actor/lib/test/auto/PublisherSubscriber5.xml
----------------- Instantiating /home/travis/build/icyphy/ptII/ptolemy/actor/lib/test/auto/PublisherSubscriber5.xml
2 ms. Memory: 473088K Free: 369917K (78%)
----------------- Invoking toplevel() on ptolemy.moml.MoMLSimpleApplication@7682efec
----------------- Done invoking toplevel() on ptolemy.moml.MoMLSimpleApplication@7682efec
reloadAllAccessors: .PublisherSubscriber5

===========================================================================================
----------------- testing Fri Oct 16 13:49:43 UTC 2020 /home/travis/build/icyphy/ptII/ptolemy/actor/lib/test/auto/PublisherSubscriber6.xml
----------------- Instantiating /home/travis/build/icyphy/ptII/ptolemy/actor/lib/test/auto/PublisherSubscriber6.xml
3 ms. Memory: 473088K Free: 363259K (77%)
----------------- Invoking toplevel() on ptolemy.moml.MoMLSimpleApplication@4d31aacf
----------------- Done invoking toplevel() on ptolemy.moml.MoMLSimpleApplication@4d31aacf
reloadAllAccessors: .PublisherSubscriber6

===========================================================================================
----------------- testing Fri Oct 16 13:49:43 UTC 2020 /home/travis/build/icyphy/ptII/ptolemy/actor/lib/test/auto/PublisherSubscriber7.xml
----------------- Instantiating /home/travis/build/icyphy/ptII/ptolemy/actor/lib/test/auto/PublisherSubscriber7.xml
6 ms. Memory: 473088K Free: 356076K (75%)
----------------- Invoking toplevel() on ptolemy.moml.MoMLSimpleApplication@1614c33f
----------------- Done invoking toplevel() on ptolemy.moml.MoMLSimpleApplication@1614c33f
reloadAllAccessors: .PublisherSubscriber7

===========================================================================================
----------------- testing Fri Oct 16 13:49:43 UTC 2020 /home/travis/build/icyphy/ptII/ptolemy/actor/lib/test/auto/PublisherSubscriber8.xml
----------------- Instantiating /home/travis/build/icyphy/ptII/ptolemy/actor/lib/test/auto/PublisherSubscriber8.xml
24 ms. Memory: 473088K Free: 344317K (73%)
----------------- Invoking toplevel() on ptolemy.moml.MoMLSimpleApplication@2e24ff14
----------------- Done invoking toplevel() on ptolemy.moml.MoMLSimpleApplication@2e24ff14
reloadAllAccessors: .PublisherSubscriber8

===========================================================================================
----------------- testing Fri Oct 16 13:49:43 UTC 2020 /home/travis/build/icyphy/ptII/ptolemy/actor/lib/test/auto/PublisherSubscriber9.xml
----------------- Instantiating /home/travis/build/icyphy/ptII/ptolemy/actor/lib/test/auto/PublisherSubscriber9.xml
3 ms. Memory: 473088K Free: 337149K (71%)
----------------- Invoking toplevel() on ptolemy.moml.MoMLSimpleApplication@707b3d33
----------------- Done invoking toplevel() on ptolemy.moml.MoMLSimpleApplication@707b3d33
reloadAllAccessors: .PublisherSubscriber9

===========================================================================================
----------------- testing Fri Oct 16 13:49:43 UTC 2020 /home/travis/build/icyphy/ptII/ptolemy/actor/lib/test/auto/PublisherSubscriberAdjacent.xml
----------------- Instantiating /home/travis/build/icyphy/ptII/ptolemy/actor/lib/test/auto/PublisherSubscriberAdjacent.xml
1 ms. Memory: 473088K Free: 328443K (69%)
----------------- Invoking toplevel() on ptolemy.moml.MoMLSimpleApplication@7864fc26
----------------- Done invoking toplevel() on ptolemy.moml.MoMLSimpleApplication@7864fc26
reloadAllAccessors: .PublisherSubscriberAdjacent

===========================================================================================
----------------- testing Fri Oct 16 13:49:44 UTC 2020 /home/travis/build/icyphy/ptII/ptolemy/actor/lib/test/auto/PublisherSubscriberChannelVariablesAOC2.xml
----------------- Instantiating /home/travis/build/icyphy/ptII/ptolemy/actor/lib/test/auto/PublisherSubscriberChannelVariablesAOC2.xml
2 ms. Memory: 473088K Free: 313068K (66%)
----------------- Invoking toplevel() on ptolemy.moml.MoMLSimpleApplication@c972661
----------------- Done invoking toplevel() on ptolemy.moml.MoMLSimpleApplication@c972661
reloadAllAccessors: .PublisherSubscriberChannelVariablesAOC2

===========================================================================================
----------------- testing Fri Oct 16 13:49:44 UTC 2020 /home/travis/build/icyphy/ptII/ptolemy/actor/lib/test/auto/PublisherSubscriberD3.xml
----------------- Instantiating /home/travis/build/icyphy/ptII/ptolemy/actor/lib/test/auto/PublisherSubscriberD3.xml
2 ms. Memory: 473088K Free: 305915K (65%)
----------------- Invoking toplevel() on ptolemy.moml.MoMLSimpleApplication@36fc26fd
----------------- Done invoking toplevel() on ptolemy.moml.MoMLSimpleApplication@36fc26fd
reloadAllAccessors: .PublisherSubscriberD3

===========================================================================================
----------------- testing Fri Oct 16 13:49:44 UTC 2020 /home/travis/build/icyphy/ptII/ptolemy/actor/lib/test/auto/PublisherSubscriberD3Reverse.xml
----------------- Instantiating /home/travis/build/icyphy/ptII/ptolemy/actor/lib/test/auto/PublisherSubscriberD3Reverse.xml
2 ms. Memory: 473088K Free: 299771K (63%)
----------------- Invoking toplevel() on ptolemy.moml.MoMLSimpleApplication@53a1affe
----------------- Done invoking toplevel() on ptolemy.moml.MoMLSimpleApplication@53a1affe
reloadAllAccessors: .PublisherSubscriberD3Reverse

===========================================================================================
----------------- testing Fri Oct 16 13:49:44 UTC 2020 /home/travis/build/icyphy/ptII/ptolemy/actor/lib/test/auto/PublisherSubscriberExpression.xml
----------------- Instantiating /home/travis/build/icyphy/ptII/ptolemy/actor/lib/test/auto/PublisherSubscriberExpression.xml
4 ms. Memory: 473088K Free: 291069K (62%)
----------------- Invoking toplevel() on ptolemy.moml.MoMLSimpleApplication@2e010091
----------------- Done invoking toplevel() on ptolemy.moml.MoMLSimpleApplication@2e010091
reloadAllAccessors: .PublisherSubscriberExpression

===========================================================================================
----------------- testing Fri Oct 16 13:49:44 UTC 2020 /home/travis/build/icyphy/ptII/ptolemy/actor/lib/test/auto/PublisherSubscriberOpaque.xml
----------------- Instantiating /home/travis/build/icyphy/ptII/ptolemy/actor/lib/test/auto/PublisherSubscriberOpaque.xml
4 ms. Memory: 473088K Free: 282363K (60%)
----------------- Invoking toplevel() on ptolemy.moml.MoMLSimpleApplication@ecc79d2
----------------- Done invoking toplevel() on ptolemy.moml.MoMLSimpleApplication@ecc79d2
reloadAllAccessors: .PublisherSubscriberOpaque

===========================================================================================
----------------- testing Fri Oct 16 13:49:44 UTC 2020 /home/travis/build/icyphy/ptII/ptolemy/actor/lib/test/auto/PublisherSubscriberOpaqueD3.xml
----------------- Instantiating /home/travis/build/icyphy/ptII/ptolemy/actor/lib/test/auto/PublisherSubscriberOpaqueD3.xml
5 ms. Memory: 473088K Free: 270589K (57%)
----------------- Invoking toplevel() on ptolemy.moml.MoMLSimpleApplication@3fc7e52e
----------------- Done invoking toplevel() on ptolemy.moml.MoMLSimpleApplication@3fc7e52e
reloadAllAccessors: .PublisherSubscriberOpaqueD3

===========================================================================================
----------------- testing Fri Oct 16 13:49:44 UTC 2020 /home/travis/build/icyphy/ptII/ptolemy/actor/lib/test/auto/PublisherSubscriberOpaqueD3Reverse.xml
----------------- Instantiating /home/travis/build/icyphy/ptII/ptolemy/actor/lib/test/auto/PublisherSubscriberOpaqueD3Reverse.xml
9 ms. Memory: 473088K Free: 259835K (55%)
----------------- Invoking toplevel() on ptolemy.moml.MoMLSimpleApplication@5da7ee42
----------------- Done invoking toplevel() on ptolemy.moml.MoMLSimpleApplication@5da7ee42
reloadAllAccessors: .PublisherSubscriberOpaqueD3Reverse

===========================================================================================
----------------- testing Fri Oct 16 13:49:44 UTC 2020 /home/travis/build/icyphy/ptII/ptolemy/actor/lib/test/auto/PublisherSubscriberOpaqueWidthInference.xml
----------------- Instantiating /home/travis/build/icyphy/ptII/ptolemy/actor/lib/test/auto/PublisherSubscriberOpaqueWidthInference.xml
3 ms. Memory: 473088K Free: 251628K (53%)
----------------- Invoking toplevel() on ptolemy.moml.MoMLSimpleApplication@59db98c1
----------------- Done invoking toplevel() on ptolemy.moml.MoMLSimpleApplication@59db98c1
reloadAllAccessors: .PublisherSubscriberOpaqueWidthInference

===========================================================================================
----------------- testing Fri Oct 16 13:49:44 UTC 2020 /home/travis/build/icyphy/ptII/ptolemy/actor/lib/test/auto/PublisherTestSubscriber.xml
----------------- Instantiating /home/travis/build/icyphy/ptII/ptolemy/actor/lib/test/auto/PublisherTestSubscriber.xml
3 ms. Memory: 473088K Free: 243965K (52%)
----------------- Invoking toplevel() on ptolemy.moml.MoMLSimpleApplication@718c86d0
----------------- Done invoking toplevel() on ptolemy.moml.MoMLSimpleApplication@718c86d0
reloadAllAccessors: .PublisherTestSubscriber

===========================================================================================
----------------- testing Fri Oct 16 13:49:44 UTC 2020 /home/travis/build/icyphy/ptII/ptolemy/actor/lib/test/auto/PublisherToplevelSubscriberPortAOC.xml
----------------- Instantiating /home/travis/build/icyphy/ptII/ptolemy/actor/lib/test/auto/PublisherToplevelSubscriberPortAOC.xml
2 ms. Memory: 473088K Free: 237292K (50%)
----------------- Invoking toplevel() on ptolemy.moml.MoMLSimpleApplication@295f30a7
----------------- Done invoking toplevel() on ptolemy.moml.MoMLSimpleApplication@295f30a7
reloadAllAccessors: .PublisherToplevelSubscriberPortAOC

===========================================================================================
----------------- testing Fri Oct 16 13:49:44 UTC 2020 /home/travis/build/icyphy/ptII/ptolemy/actor/lib/test/auto/PulseFiringLimitDE.xml
----------------- Instantiating /home/travis/build/icyphy/ptII/ptolemy/actor/lib/test/auto/PulseFiringLimitDE.xml
3 ms. Memory: 473088K Free: 231163K (49%)
----------------- Invoking toplevel() on ptolemy.moml.MoMLSimpleApplication@4a9ffaf2
----------------- Done invoking toplevel() on ptolemy.moml.MoMLSimpleApplication@4a9ffaf2
reloadAllAccessors: .PulseFiringLimitDE

===========================================================================================
----------------- testing Fri Oct 16 13:49:44 UTC 2020 /home/travis/build/icyphy/ptII/ptolemy/actor/lib/test/auto/Ramp1.xml
----------------- Instantiating /home/travis/build/icyphy/ptII/ptolemy/actor/lib/test/auto/Ramp1.xml
1 ms. Memory: 473088K Free: 227052K (48%)
----------------- Invoking toplevel() on ptolemy.moml.MoMLSimpleApplication@4bc020e9
----------------- Done invoking toplevel() on ptolemy.moml.MoMLSimpleApplication@4bc020e9
reloadAllAccessors: .Ramp1

===========================================================================================
----------------- testing Fri Oct 16 13:49:44 UTC 2020 /home/travis/build/icyphy/ptII/ptolemy/actor/lib/test/auto/RampFiringLimitDE.xml
----------------- Instantiating /home/travis/build/icyphy/ptII/ptolemy/actor/lib/test/auto/RampFiringLimitDE.xml
4 ms. Memory: 473088K Free: 220908K (47%)
----------------- Invoking toplevel() on ptolemy.moml.MoMLSimpleApplication@e827b1d
----------------- Done invoking toplevel() on ptolemy.moml.MoMLSimpleApplication@e827b1d
reloadAllAccessors: .RampFiringLimitDE

===========================================================================================
----------------- testing Fri Oct 16 13:49:44 UTC 2020 /home/travis/build/icyphy/ptII/ptolemy/actor/lib/test/auto/RampFiringLimitSDF.xml
----------------- Instantiating /home/travis/build/icyphy/ptII/ptolemy/actor/lib/test/auto/RampFiringLimitSDF.xml
3 ms. Memory: 473088K Free: 215293K (46%)
----------------- Invoking toplevel() on ptolemy.moml.MoMLSimpleApplication@dde2001
----------------- Done invoking toplevel() on ptolemy.moml.MoMLSimpleApplication@dde2001
reloadAllAccessors: .RampFiringLimitSDF

===========================================================================================
----------------- testing Fri Oct 16 13:49:44 UTC 2020 /home/travis/build/icyphy/ptII/ptolemy/actor/lib/test/auto/RandomInteger.xml
----------------- Instantiating /home/travis/build/icyphy/ptII/ptolemy/actor/lib/test/auto/RandomInteger.xml
1 ms. Memory: 473088K Free: 211197K (45%)
----------------- Invoking toplevel() on ptolemy.moml.MoMLSimpleApplication@baafe8e
----------------- Done invoking toplevel() on ptolemy.moml.MoMLSimpleApplication@baafe8e
reloadAllAccessors: .RandomInteger

===========================================================================================
----------------- testing Fri Oct 16 13:49:44 UTC 2020 /home/travis/build/icyphy/ptII/ptolemy/actor/lib/test/auto/ReadFile1.xml
----------------- Instantiating /home/travis/build/icyphy/ptII/ptolemy/actor/lib/test/auto/ReadFile1.xml
2 ms. Memory: 473088K Free: 206587K (44%)
----------------- Invoking toplevel() on ptolemy.moml.MoMLSimpleApplication@56649077
----------------- Done invoking toplevel() on ptolemy.moml.MoMLSimpleApplication@56649077
reloadAllAccessors: .ReadFile1

===========================================================================================
----------------- testing Fri Oct 16 13:49:44 UTC 2020 /home/travis/build/icyphy/ptII/ptolemy/actor/lib/test/auto/ReadFile2.xml
----------------- Instantiating /home/travis/build/icyphy/ptII/ptolemy/actor/lib/test/auto/ReadFile2.xml
2 ms. Memory: 473088K Free: 202491K (43%)
----------------- Invoking toplevel() on ptolemy.moml.MoMLSimpleApplication@5b5e10fe
----------------- Done invoking toplevel() on ptolemy.moml.MoMLSimpleApplication@5b5e10fe
reloadAllAccessors: .ReadFile2

===========================================================================================
----------------- testing Fri Oct 16 13:49:44 UTC 2020 /home/travis/build/icyphy/ptII/ptolemy/actor/lib/test/auto/Reader.xml
----------------- Instantiating /home/travis/build/icyphy/ptII/ptolemy/actor/lib/test/auto/Reader.xml
actor.lib.Reader is obsolete, use actor.lib.io.ExpressionReader instead
4 ms. Memory: 473088K Free: 198395K (42%)
----------------- Invoking toplevel() on ptolemy.moml.MoMLSimpleApplication@474ab111
----------------- Done invoking toplevel() on ptolemy.moml.MoMLSimpleApplication@474ab111
reloadAllAccessors: .Reader

===========================================================================================
----------------- testing Fri Oct 16 13:49:44 UTC 2020 /home/travis/build/icyphy/ptII/ptolemy/actor/lib/test/auto/RecordAssemblerDisplayNameTest.xml
----------------- Instantiating /home/travis/build/icyphy/ptII/ptolemy/actor/lib/test/auto/RecordAssemblerDisplayNameTest.xml
3388 ms. Memory: 473088K Free: 341245K (72%)
----------------- Invoking toplevel() on ptolemy.moml.MoMLSimpleApplication@57b89bec
----------------- Done invoking toplevel() on ptolemy.moml.MoMLSimpleApplication@57b89bec
reloadAllAccessors: .RecordAssemblerDisplayNameTest

===========================================================================================
----------------- testing Fri Oct 16 13:49:47 UTC 2020 /home/travis/build/icyphy/ptII/ptolemy/actor/lib/test/auto/RecordAssemblerTypeError.xml
----------------- Instantiating /home/travis/build/icyphy/ptII/ptolemy/actor/lib/test/auto/RecordAssemblerTypeError.xml
6 ms. Memory: 473088K Free: 331515K (70%)
----------------- Invoking toplevel() on ptolemy.moml.MoMLSimpleApplication@7f5ab93b
----------------- Done invoking toplevel() on ptolemy.moml.MoMLSimpleApplication@7f5ab93b
reloadAllAccessors: .RecordAssemblerTypeError

===========================================================================================
----------------- testing Fri Oct 16 13:49:47 UTC 2020 /home/travis/build/icyphy/ptII/ptolemy/actor/lib/test/auto/RecordDisassember.xml
----------------- Instantiating /home/travis/build/icyphy/ptII/ptolemy/actor/lib/test/auto/RecordDisassember.xml
13 ms. Memory: 473088K Free: 326909K (69%)
----------------- Invoking toplevel() on ptolemy.moml.MoMLSimpleApplication@72056e21
----------------- Done invoking toplevel() on ptolemy.moml.MoMLSimpleApplication@72056e21
reloadAllAccessors: .RecordDisassember

===========================================================================================
----------------- testing Fri Oct 16 13:49:47 UTC 2020 /home/travis/build/icyphy/ptII/ptolemy/actor/lib/test/auto/RecordDisassemberDisplayNameTest.xml
----------------- Instantiating /home/travis/build/icyphy/ptII/ptolemy/actor/lib/test/auto/RecordDisassemberDisplayNameTest.xml
7 ms. Memory: 473088K Free: 319227K (67%)
----------------- Invoking toplevel() on ptolemy.moml.MoMLSimpleApplication@f3c4806
----------------- Done invoking toplevel() on ptolemy.moml.MoMLSimpleApplication@f3c4806
reloadAllAccessors: .RecordDisassemberDisplayNameTest

===========================================================================================
----------------- testing Fri Oct 16 13:49:47 UTC 2020 /home/travis/build/icyphy/ptII/ptolemy/actor/lib/test/auto/RecordDisassembler.xml
----------------- Instantiating /home/travis/build/icyphy/ptII/ptolemy/actor/lib/test/auto/RecordDisassembler.xml
3 ms. Memory: 473088K Free: 314621K (67%)
----------------- Invoking toplevel() on ptolemy.moml.MoMLSimpleApplication@1207263a
----------------- Done invoking toplevel() on ptolemy.moml.MoMLSimpleApplication@1207263a
reloadAllAccessors: .RecordDisassembler

===========================================================================================
----------------- testing Fri Oct 16 13:49:47 UTC 2020 /home/travis/build/icyphy/ptII/ptolemy/actor/lib/test/auto/RecordDisassembler2.xml
----------------- Instantiating /home/travis/build/icyphy/ptII/ptolemy/actor/lib/test/auto/RecordDisassembler2.xml
2 ms. Memory: 473088K Free: 309501K (65%)
----------------- Invoking toplevel() on ptolemy.moml.MoMLSimpleApplication@4d8dd8fe
----------------- Done invoking toplevel() on ptolemy.moml.MoMLSimpleApplication@4d8dd8fe
reloadAllAccessors: .RecordDisassembler2

===========================================================================================
----------------- testing Fri Oct 16 13:49:47 UTC 2020 /home/travis/build/icyphy/ptII/ptolemy/actor/lib/test/auto/RecordUpdater.xml
----------------- Instantiating /home/travis/build/icyphy/ptII/ptolemy/actor/lib/test/auto/RecordUpdater.xml
2 ms. Memory: 473088K Free: 303867K (64%)
----------------- Invoking toplevel() on ptolemy.moml.MoMLSimpleApplication@1e3242e7
----------------- Done invoking toplevel() on ptolemy.moml.MoMLSimpleApplication@1e3242e7
reloadAllAccessors: .RecordUpdater

===========================================================================================
----------------- testing Fri Oct 16 13:49:47 UTC 2020 /home/travis/build/icyphy/ptII/ptolemy/actor/lib/test/auto/RecordUpdater2.xml
----------------- Instantiating /home/travis/build/icyphy/ptII/ptolemy/actor/lib/test/auto/RecordUpdater2.xml
2 ms. Memory: 473088K Free: 298747K (63%)
----------------- Invoking toplevel() on ptolemy.moml.MoMLSimpleApplication@18c114e1
----------------- Done invoking toplevel() on ptolemy.moml.MoMLSimpleApplication@18c114e1
reloadAllAccessors: .RecordUpdater2

===========================================================================================
----------------- testing Fri Oct 16 13:49:47 UTC 2020 /home/travis/build/icyphy/ptII/ptolemy/actor/lib/test/auto/RecursiveLattice.xml
----------------- Instantiating /home/travis/build/icyphy/ptII/ptolemy/actor/lib/test/auto/RecursiveLattice.xml
1 ms. Memory: 473088K Free: 294636K (62%)
----------------- Invoking toplevel() on ptolemy.moml.MoMLSimpleApplication@7bda64f2
----------------- Done invoking toplevel() on ptolemy.moml.MoMLSimpleApplication@7bda64f2
reloadAllAccessors: .RecursiveLattice

===========================================================================================
----------------- testing Fri Oct 16 13:49:47 UTC 2020 /home/travis/build/icyphy/ptII/ptolemy/actor/lib/test/auto/Router.xml
----------------- Instantiating /home/travis/build/icyphy/ptII/ptolemy/actor/lib/test/auto/Router.xml
3005 ms. Memory: 473088K Free: 282877K (60%)
----------------- Invoking toplevel() on ptolemy.moml.MoMLSimpleApplication@aad7fb0
----------------- Done invoking toplevel() on ptolemy.moml.MoMLSimpleApplication@aad7fb0
reloadAllAccessors: .Router

===========================================================================================
----------------- testing Fri Oct 16 13:49:50 UTC 2020 /home/travis/build/icyphy/ptII/ptolemy/actor/lib/test/auto/Router2.xml
----------------- Instantiating /home/travis/build/icyphy/ptII/ptolemy/actor/lib/test/auto/Router2.xml
3003 ms. Memory: 473088K Free: 271613K (57%)
----------------- Invoking toplevel() on ptolemy.moml.MoMLSimpleApplication@67b9c8bd
----------------- Done invoking toplevel() on ptolemy.moml.MoMLSimpleApplication@67b9c8bd
reloadAllAccessors: .Router2

===========================================================================================
----------------- testing Fri Oct 16 13:49:53 UTC 2020 /home/travis/build/icyphy/ptII/ptolemy/actor/lib/test/auto/RunningMaximum.xml
----------------- Instantiating /home/travis/build/icyphy/ptII/ptolemy/actor/lib/test/auto/RunningMaximum.xml
2 ms. Memory: 473088K Free: 267003K (56%)
----------------- Invoking toplevel() on ptolemy.moml.MoMLSimpleApplication@45c176d0
----------------- Done invoking toplevel() on ptolemy.moml.MoMLSimpleApplication@45c176d0
reloadAllAccessors: .RunningMaximum

===========================================================================================
----------------- testing Fri Oct 16 13:49:54 UTC 2020 /home/travis/build/icyphy/ptII/ptolemy/actor/lib/test/auto/RunningMinimum.xml
----------------- Instantiating /home/travis/build/icyphy/ptII/ptolemy/actor/lib/test/auto/RunningMinimum.xml
9 ms. Memory: 473088K Free: 262397K (55%)
----------------- Invoking toplevel() on ptolemy.moml.MoMLSimpleApplication@353671f7
----------------- Done invoking toplevel() on ptolemy.moml.MoMLSimpleApplication@353671f7
reloadAllAccessors: .RunningMinimum

===========================================================================================
----------------- testing Fri Oct 16 13:49:54 UTC 2020 /home/travis/build/icyphy/ptII/ptolemy/actor/lib/test/auto/Scale.xml
----------------- Instantiating /home/travis/build/icyphy/ptII/ptolemy/actor/lib/test/auto/Scale.xml
1 ms. Memory: 473088K Free: 257787K (54%)
----------------- Invoking toplevel() on ptolemy.moml.MoMLSimpleApplication@5c0586b2
----------------- Done invoking toplevel() on ptolemy.moml.MoMLSimpleApplication@5c0586b2
reloadAllAccessors: .Scale

===========================================================================================
----------------- testing Fri Oct 16 13:49:54 UTC 2020 /home/travis/build/icyphy/ptII/ptolemy/actor/lib/test/auto/Scale2.xml
----------------- Instantiating /home/travis/build/icyphy/ptII/ptolemy/actor/lib/test/auto/Scale2.xml
2 ms. Memory: 473088K Free: 253181K (54%)
----------------- Invoking toplevel() on ptolemy.moml.MoMLSimpleApplication@34bdf70
----------------- Done invoking toplevel() on ptolemy.moml.MoMLSimpleApplication@34bdf70
reloadAllAccessors: .Scale2

===========================================================================================
----------------- testing Fri Oct 16 13:49:54 UTC 2020 /home/travis/build/icyphy/ptII/ptolemy/actor/lib/test/auto/Scale3.xml
----------------- Instantiating /home/travis/build/icyphy/ptII/ptolemy/actor/lib/test/auto/Scale3.xml
5 ms. Memory: 473088K Free: 246523K (52%)
----------------- Invoking toplevel() on ptolemy.moml.MoMLSimpleApplication@6e8103a4
----------------- Done invoking toplevel() on ptolemy.moml.MoMLSimpleApplication@6e8103a4
reloadAllAccessors: .Scale3

===========================================================================================
----------------- testing Fri Oct 16 13:49:54 UTC 2020 /home/travis/build/icyphy/ptII/ptolemy/actor/lib/test/auto/ScaleArray.xml
----------------- Instantiating /home/travis/build/icyphy/ptII/ptolemy/actor/lib/test/auto/ScaleArray.xml
1 ms. Memory: 473088K Free: 241917K (51%)
----------------- Invoking toplevel() on ptolemy.moml.MoMLSimpleApplication@3edd70cf
----------------- Done invoking toplevel() on ptolemy.moml.MoMLSimpleApplication@3edd70cf
reloadAllAccessors: .ScaleArray

===========================================================================================
----------------- testing Fri Oct 16 13:49:54 UTC 2020 /home/travis/build/icyphy/ptII/ptolemy/actor/lib/test/auto/ScaleArray2.xml
----------------- Instantiating /home/travis/build/icyphy/ptII/ptolemy/actor/lib/test/auto/ScaleArray2.xml
2 ms. Memory: 473088K Free: 236797K (50%)
----------------- Invoking toplevel() on ptolemy.moml.MoMLSimpleApplication@2ffd2158
----------------- Done invoking toplevel() on ptolemy.moml.MoMLSimpleApplication@2ffd2158
reloadAllAccessors: .ScaleArray2

===========================================================================================
----------------- testing Fri Oct 16 13:49:54 UTC 2020 /home/travis/build/icyphy/ptII/ptolemy/actor/lib/test/auto/ScaleMatrix.xml
----------------- Instantiating /home/travis/build/icyphy/ptII/ptolemy/actor/lib/test/auto/ScaleMatrix.xml
143 ms. Memory: 473088K Free: 222971K (47%)
----------------- Invoking toplevel() on ptolemy.moml.MoMLSimpleApplication@21449a3e
----------------- Done invoking toplevel() on ptolemy.moml.MoMLSimpleApplication@21449a3e
reloadAllAccessors: .ScaleMatrix

===========================================================================================
----------------- testing Fri Oct 16 13:49:54 UTC 2020 /home/travis/build/icyphy/ptII/ptolemy/actor/lib/test/auto/Select.xml
----------------- Instantiating /home/travis/build/icyphy/ptII/ptolemy/actor/lib/test/auto/Select.xml
2 ms. Memory: 473088K Free: 216820K (46%)
----------------- Invoking toplevel() on ptolemy.moml.MoMLSimpleApplication@44643c5b
----------------- Done invoking toplevel() on ptolemy.moml.MoMLSimpleApplication@44643c5b
reloadAllAccessors: .Select

===========================================================================================
----------------- testing Fri Oct 16 13:49:54 UTC 2020 /home/travis/build/icyphy/ptII/ptolemy/actor/lib/test/auto/Select2.xml
----------------- Instantiating /home/travis/build/icyphy/ptII/ptolemy/actor/lib/test/auto/Select2.xml
1 ms. Memory: 473088K Free: 212221K (45%)
----------------- Invoking toplevel() on ptolemy.moml.MoMLSimpleApplication@2c7a99ea
----------------- Done invoking toplevel() on ptolemy.moml.MoMLSimpleApplication@2c7a99ea
reloadAllAccessors: .Select2

===========================================================================================
----------------- testing Fri Oct 16 13:49:54 UTC 2020 /home/travis/build/icyphy/ptII/ptolemy/actor/lib/test/auto/SequenceToArray2.xml
----------------- Instantiating /home/travis/build/icyphy/ptII/ptolemy/actor/lib/test/auto/SequenceToArray2.xml
112 ms. Memory: 473088K Free: 188140K (40%)
----------------- Invoking toplevel() on ptolemy.moml.MoMLSimpleApplication@25fba0c5
----------------- Done invoking toplevel() on ptolemy.moml.MoMLSimpleApplication@25fba0c5
reloadAllAccessors: .SequenceToArray2

===========================================================================================
----------------- testing Fri Oct 16 13:49:54 UTC 2020 /home/travis/build/icyphy/ptII/ptolemy/actor/lib/test/auto/SequentialClock.xml
----------------- Instantiating /home/travis/build/icyphy/ptII/ptolemy/actor/lib/test/auto/SequentialClock.xml
1 ms. Memory: 473088K Free: 184059K (39%)
----------------- Invoking toplevel() on ptolemy.moml.MoMLSimpleApplication@2d7aa40
----------------- Done invoking toplevel() on ptolemy.moml.MoMLSimpleApplication@2d7aa40
reloadAllAccessors: .SequentialClock

===========================================================================================
----------------- testing Fri Oct 16 13:49:54 UTC 2020 /home/travis/build/icyphy/ptII/ptolemy/actor/lib/test/auto/SetVariable.xml
----------------- Instantiating /home/travis/build/icyphy/ptII/ptolemy/actor/lib/test/auto/SetVariable.xml
3 ms. Memory: 473088K Free: 179453K (38%)
----------------- Invoking toplevel() on ptolemy.moml.MoMLSimpleApplication@60ca01a4
----------------- Done invoking toplevel() on ptolemy.moml.MoMLSimpleApplication@60ca01a4
reloadAllAccessors: .SetVariable

===========================================================================================
----------------- testing Fri Oct 16 13:49:54 UTC 2020 /home/travis/build/icyphy/ptII/ptolemy/actor/lib/test/auto/SetVariable2.xml
----------------- Instantiating /home/travis/build/icyphy/ptII/ptolemy/actor/lib/test/auto/SetVariable2.xml
3 ms. Memory: 473088K Free: 174333K (37%)
----------------- Invoking toplevel() on ptolemy.moml.MoMLSimpleApplication@1be3da34
----------------- Done invoking toplevel() on ptolemy.moml.MoMLSimpleApplication@1be3da34
reloadAllAccessors: .SetVariable2

===========================================================================================
----------------- testing Fri Oct 16 13:49:54 UTC 2020 /home/travis/build/icyphy/ptII/ptolemy/actor/lib/test/auto/SetVariable3.xml
----------------- Instantiating /home/travis/build/icyphy/ptII/ptolemy/actor/lib/test/auto/SetVariable3.xml
8 ms. Memory: 473088K Free: 168699K (36%)
----------------- Invoking toplevel() on ptolemy.moml.MoMLSimpleApplication@25e12ede
----------------- Done invoking toplevel() on ptolemy.moml.MoMLSimpleApplication@25e12ede
reloadAllAccessors: .SetVariable3

===========================================================================================
----------------- testing Fri Oct 16 13:49:54 UTC 2020 /home/travis/build/icyphy/ptII/ptolemy/actor/lib/test/auto/SetVariable4.xml
----------------- Instantiating /home/travis/build/icyphy/ptII/ptolemy/actor/lib/test/auto/SetVariable4.xml
13 ms. Memory: 473088K Free: 158971K (34%)
----------------- Invoking toplevel() on ptolemy.moml.MoMLSimpleApplication@6d17861d
----------------- Done invoking toplevel() on ptolemy.moml.MoMLSimpleApplication@6d17861d
reloadAllAccessors: .SetVariable4

===========================================================================================
----------------- testing Fri Oct 16 13:49:54 UTC 2020 /home/travis/build/icyphy/ptII/ptolemy/actor/lib/test/auto/SetVariable5.xml
----------------- Instantiating /home/travis/build/icyphy/ptII/ptolemy/actor/lib/test/auto/SetVariable5.xml
21 ms. Memory: 473088K Free: 149757K (32%)
----------------- Invoking toplevel() on ptolemy.moml.MoMLSimpleApplication@111adb41
----------------- Done invoking toplevel() on ptolemy.moml.MoMLSimpleApplication@111adb41
reloadAllAccessors: .SetVariable5

===========================================================================================
----------------- testing Fri Oct 16 13:49:54 UTC 2020 /home/travis/build/icyphy/ptII/ptolemy/actor/lib/test/auto/Sinewave.xml
----------------- Instantiating /home/travis/build/icyphy/ptII/ptolemy/actor/lib/test/auto/Sinewave.xml
4 ms. Memory: 473088K Free: 414461K (88%)
----------------- Invoking toplevel() on ptolemy.moml.MoMLSimpleApplication@1b144ccc
----------------- Done invoking toplevel() on ptolemy.moml.MoMLSimpleApplication@1b144ccc
reloadAllAccessors: .Sinewave

===========================================================================================
----------------- testing Fri Oct 16 13:49:54 UTC 2020 /home/travis/build/icyphy/ptII/ptolemy/actor/lib/test/auto/Sinewave2.xml
----------------- Instantiating /home/travis/build/icyphy/ptII/ptolemy/actor/lib/test/auto/Sinewave2.xml
5 ms. Memory: 473088K Free: 405755K (86%)
----------------- Invoking toplevel() on ptolemy.moml.MoMLSimpleApplication@674c2c1a
----------------- Done invoking toplevel() on ptolemy.moml.MoMLSimpleApplication@674c2c1a
reloadAllAccessors: .Sinewave2

===========================================================================================
----------------- testing Fri Oct 16 13:49:54 UTC 2020 /home/travis/build/icyphy/ptII/ptolemy/actor/lib/test/auto/Sinewave3.xml
----------------- Instantiating /home/travis/build/icyphy/ptII/ptolemy/actor/lib/test/auto/Sinewave3.xml
11 ms. Memory: 473088K Free: 397548K (84%)
----------------- Invoking toplevel() on ptolemy.moml.MoMLSimpleApplication@73cfbbb5
----------------- Done invoking toplevel() on ptolemy.moml.MoMLSimpleApplication@73cfbbb5
reloadAllAccessors: .Sinewave3

===========================================================================================
----------------- testing Fri Oct 16 13:49:54 UTC 2020 /home/travis/build/icyphy/ptII/ptolemy/actor/lib/test/auto/SingleEvent.xml
----------------- Instantiating /home/travis/build/icyphy/ptII/ptolemy/actor/lib/test/auto/SingleEvent.xml
1 ms. Memory: 473088K Free: 393467K (83%)
----------------- Invoking toplevel() on ptolemy.moml.MoMLSimpleApplication@2ec6d284
----------------- Done invoking toplevel() on ptolemy.moml.MoMLSimpleApplication@2ec6d284
reloadAllAccessors: .SingleEvent

===========================================================================================
----------------- testing Fri Oct 16 13:49:54 UTC 2020 /home/travis/build/icyphy/ptII/ptolemy/actor/lib/test/auto/Sleep.xml
----------------- Instantiating /home/travis/build/icyphy/ptII/ptolemy/actor/lib/test/auto/Sleep.xml
6004 ms. Memory: 473088K Free: 387837K (82%)
----------------- Invoking toplevel() on ptolemy.moml.MoMLSimpleApplication@646de57d
----------------- Done invoking toplevel() on ptolemy.moml.MoMLSimpleApplication@646de57d
reloadAllAccessors: .Sleep

===========================================================================================
----------------- testing Fri Oct 16 13:50:00 UTC 2020 /home/travis/build/icyphy/ptII/ptolemy/actor/lib/test/auto/SleepMultipleFire.xml
----------------- Instantiating /home/travis/build/icyphy/ptII/ptolemy/actor/lib/test/auto/SleepMultipleFire.xml
1006 ms. Memory: 473088K Free: 382203K (81%)
----------------- Invoking toplevel() on ptolemy.moml.MoMLSimpleApplication@3f5dc81f
----------------- Done invoking toplevel() on ptolemy.moml.MoMLSimpleApplication@3f5dc81f
reloadAllAccessors: .SleepMultipleFire

===========================================================================================
----------------- testing Fri Oct 16 13:50:01 UTC 2020 /home/travis/build/icyphy/ptII/ptolemy/actor/lib/test/auto/StopDE.xml
----------------- Instantiating /home/travis/build/icyphy/ptII/ptolemy/actor/lib/test/auto/StopDE.xml
5 ms. Memory: 473088K Free: 376573K (80%)
----------------- Invoking toplevel() on ptolemy.moml.MoMLSimpleApplication@648621af
----------------- Done invoking toplevel() on ptolemy.moml.MoMLSimpleApplication@648621af
reloadAllAccessors: .StopDE

===========================================================================================
----------------- testing Fri Oct 16 13:50:01 UTC 2020 /home/travis/build/icyphy/ptII/ptolemy/actor/lib/test/auto/StopSDF.xml
----------------- Instantiating /home/travis/build/icyphy/ptII/ptolemy/actor/lib/test/auto/StopSDF.xml
4 ms. Memory: 473088K Free: 370939K (78%)
----------------- Invoking toplevel() on ptolemy.moml.MoMLSimpleApplication@7d642392
----------------- Done invoking toplevel() on ptolemy.moml.MoMLSimpleApplication@7d642392
reloadAllAccessors: .StopSDF

===========================================================================================
----------------- testing Fri Oct 16 13:50:01 UTC 2020 /home/travis/build/icyphy/ptII/ptolemy/actor/lib/test/auto/StringConstant.xml
----------------- Instantiating /home/travis/build/icyphy/ptII/ptolemy/actor/lib/test/auto/StringConstant.xml
10 ms. Memory: 473088K Free: 366333K (77%)
----------------- Invoking toplevel() on ptolemy.moml.MoMLSimpleApplication@3acd2604
----------------- Done invoking toplevel() on ptolemy.moml.MoMLSimpleApplication@3acd2604
reloadAllAccessors: .StringConstant

===========================================================================================
----------------- testing Fri Oct 16 13:50:01 UTC 2020 /home/travis/build/icyphy/ptII/ptolemy/actor/lib/test/auto/SubscriberPortInitialValues1.xml
----------------- Instantiating /home/travis/build/icyphy/ptII/ptolemy/actor/lib/test/auto/SubscriberPortInitialValues1.xml
8 ms. Memory: 473088K Free: 357627K (76%)
----------------- Invoking toplevel() on ptolemy.moml.MoMLSimpleApplication@6dd7da94
----------------- Done invoking toplevel() on ptolemy.moml.MoMLSimpleApplication@6dd7da94
reloadAllAccessors: .SubscriberPortInitialValues1

===========================================================================================
----------------- testing Fri Oct 16 13:50:01 UTC 2020 /home/travis/build/icyphy/ptII/ptolemy/actor/lib/test/auto/SubscriberPortInitialValues13.xml
----------------- Instantiating /home/travis/build/icyphy/ptII/ptolemy/actor/lib/test/auto/SubscriberPortInitialValues13.xml
6 ms. Memory: 473088K Free: 344829K (73%)
----------------- Invoking toplevel() on ptolemy.moml.MoMLSimpleApplication@347c858b
----------------- Done invoking toplevel() on ptolemy.moml.MoMLSimpleApplication@347c858b
reloadAllAccessors: .SubscriberPortInitialValues13

===========================================================================================
----------------- testing Fri Oct 16 13:50:01 UTC 2020 /home/travis/build/icyphy/ptII/ptolemy/actor/lib/test/auto/SubscriberPortInitialValues14.xml
----------------- Instantiating /home/travis/build/icyphy/ptII/ptolemy/actor/lib/test/auto/SubscriberPortInitialValues14.xml
11 ms. Memory: 473088K Free: 337147K (71%)
----------------- Invoking toplevel() on ptolemy.moml.MoMLSimpleApplication@3d3f26b9
----------------- Done invoking toplevel() on ptolemy.moml.MoMLSimpleApplication@3d3f26b9
reloadAllAccessors: .SubscriberPortInitialValues14

===========================================================================================
----------------- testing Fri Oct 16 13:50:01 UTC 2020 /home/travis/build/icyphy/ptII/ptolemy/actor/lib/test/auto/SubscriberPortInitialValues2.xml
----------------- Instantiating /home/travis/build/icyphy/ptII/ptolemy/actor/lib/test/auto/SubscriberPortInitialValues2.xml
4 ms. Memory: 473088K Free: 329469K (70%)
----------------- Invoking toplevel() on ptolemy.moml.MoMLSimpleApplication@151a94f0
----------------- Done invoking toplevel() on ptolemy.moml.MoMLSimpleApplication@151a94f0
reloadAllAccessors: .SubscriberPortInitialValues2

===========================================================================================
----------------- testing Fri Oct 16 13:50:01 UTC 2020 /home/travis/build/icyphy/ptII/ptolemy/actor/lib/test/auto/SubscriberPortInitialValues3.xml
----------------- Instantiating /home/travis/build/icyphy/ptII/ptolemy/actor/lib/test/auto/SubscriberPortInitialValues3.xml
3 ms. Memory: 473088K Free: 317691K (67%)
----------------- Invoking toplevel() on ptolemy.moml.MoMLSimpleApplication@38a3232
----------------- Done invoking toplevel() on ptolemy.moml.MoMLSimpleApplication@38a3232
reloadAllAccessors: .SubscriberPortInitialValues3

===========================================================================================
----------------- testing Fri Oct 16 13:50:01 UTC 2020 /home/travis/build/icyphy/ptII/ptolemy/actor/lib/test/auto/SubscriptionAggregator.xml
----------------- Instantiating /home/travis/build/icyphy/ptII/ptolemy/actor/lib/test/auto/SubscriptionAggregator.xml
2 ms. Memory: 473088K Free: 311037K (66%)
----------------- Invoking toplevel() on ptolemy.moml.MoMLSimpleApplication@1451072e
----------------- Done invoking toplevel() on ptolemy.moml.MoMLSimpleApplication@1451072e
reloadAllAccessors: .SubscriptionAggregator

===========================================================================================
----------------- testing Fri Oct 16 13:50:01 UTC 2020 /home/travis/build/icyphy/ptII/ptolemy/actor/lib/test/auto/SubscriptionAggregator2.xml
----------------- Instantiating /home/travis/build/icyphy/ptII/ptolemy/actor/lib/test/auto/SubscriptionAggregator2.xml
3 ms. Memory: 473088K Free: 303869K (64%)
----------------- Invoking toplevel() on ptolemy.moml.MoMLSimpleApplication@4003c692
----------------- Done invoking toplevel() on ptolemy.moml.MoMLSimpleApplication@4003c692
reloadAllAccessors: .SubscriptionAggregator2

===========================================================================================
----------------- testing Fri Oct 16 13:50:01 UTC 2020 /home/travis/build/icyphy/ptII/ptolemy/actor/lib/test/auto/SubscriptionAggregator3.xml
----------------- Instantiating /home/travis/build/icyphy/ptII/ptolemy/actor/lib/test/auto/SubscriptionAggregator3.xml
4 ms. Memory: 473088K Free: 295163K (62%)
----------------- Invoking toplevel() on ptolemy.moml.MoMLSimpleApplication@2b384230
----------------- Done invoking toplevel() on ptolemy.moml.MoMLSimpleApplication@2b384230
reloadAllAccessors: .SubscriptionAggregator3

===========================================================================================
----------------- testing Fri Oct 16 13:50:02 UTC 2020 /home/travis/build/icyphy/ptII/ptolemy/actor/lib/test/auto/SubscriptionAggregatorMultiply.xml
----------------- Instantiating /home/travis/build/icyphy/ptII/ptolemy/actor/lib/test/auto/SubscriptionAggregatorMultiply.xml
4 ms. Memory: 473088K Free: 286956K (61%)
----------------- Invoking toplevel() on ptolemy.moml.MoMLSimpleApplication@20ca42b6
----------------- Done invoking toplevel() on ptolemy.moml.MoMLSimpleApplication@20ca42b6
reloadAllAccessors: .SubscriptionAggregatorMultiply

===========================================================================================
----------------- testing Fri Oct 16 13:50:02 UTC 2020 /home/travis/build/icyphy/ptII/ptolemy/actor/lib/test/auto/SubscriptionAggregatorPortMultiply1.xml
----------------- Instantiating /home/travis/build/icyphy/ptII/ptolemy/actor/lib/test/auto/SubscriptionAggregatorPortMultiply1.xml
4 ms. Memory: 473088K Free: 278269K (59%)
----------------- Invoking toplevel() on ptolemy.moml.MoMLSimpleApplication@6931860f
----------------- Done invoking toplevel() on ptolemy.moml.MoMLSimpleApplication@6931860f
reloadAllAccessors: .SubscriptionAggregatorPortMultiply1

===========================================================================================
----------------- testing Fri Oct 16 13:50:02 UTC 2020 /home/travis/build/icyphy/ptII/ptolemy/actor/lib/test/auto/Switch.xml
----------------- Instantiating /home/travis/build/icyphy/ptII/ptolemy/actor/lib/test/auto/Switch.xml
6 ms. Memory: 473088K Free: 270077K (57%)
----------------- Invoking toplevel() on ptolemy.moml.MoMLSimpleApplication@234eef1
----------------- Done invoking toplevel() on ptolemy.moml.MoMLSimpleApplication@234eef1
reloadAllAccessors: .Switch

===========================================================================================
----------------- testing Fri Oct 16 13:50:02 UTC 2020 /home/travis/build/icyphy/ptII/ptolemy/actor/lib/test/auto/Switch2.xml
----------------- Instantiating /home/travis/build/icyphy/ptII/ptolemy/actor/lib/test/auto/Switch2.xml
1 ms. Memory: 473088K Free: 265467K (56%)
----------------- Invoking toplevel() on ptolemy.moml.MoMLSimpleApplication@4dc91c59
----------------- Done invoking toplevel() on ptolemy.moml.MoMLSimpleApplication@4dc91c59
reloadAllAccessors: .Switch2

===========================================================================================
----------------- testing Fri Oct 16 13:50:02 UTC 2020 /home/travis/build/icyphy/ptII/ptolemy/actor/lib/test/auto/SwitchDE.xml
----------------- Instantiating /home/travis/build/icyphy/ptII/ptolemy/actor/lib/test/auto/SwitchDE.xml
4 ms. Memory: 473088K Free: 259308K (55%)
----------------- Invoking toplevel() on ptolemy.moml.MoMLSimpleApplication@13c43705
----------------- Done invoking toplevel() on ptolemy.moml.MoMLSimpleApplication@13c43705
reloadAllAccessors: .SwitchDE

===========================================================================================
----------------- testing Fri Oct 16 13:50:02 UTC 2020 /home/travis/build/icyphy/ptII/ptolemy/actor/lib/test/auto/SynchronizerDE.xml
----------------- Instantiating /home/travis/build/icyphy/ptII/ptolemy/actor/lib/test/auto/SynchronizerDE.xml
8 ms. Memory: 473088K Free: 251116K (53%)
----------------- Invoking toplevel() on ptolemy.moml.MoMLSimpleApplication@6ca98718
----------------- Done invoking toplevel() on ptolemy.moml.MoMLSimpleApplication@6ca98718
reloadAllAccessors: .SynchronizerDE

===========================================================================================
----------------- testing Fri Oct 16 13:50:02 UTC 2020 /home/travis/build/icyphy/ptII/ptolemy/actor/lib/test/auto/Test.xml
----------------- Instantiating /home/travis/build/icyphy/ptII/ptolemy/actor/lib/test/auto/Test.xml
2 ms. Memory: 473088K Free: 245501K (52%)
----------------- Invoking toplevel() on ptolemy.moml.MoMLSimpleApplication@6cb43088
----------------- Done invoking toplevel() on ptolemy.moml.MoMLSimpleApplication@6cb43088
reloadAllAccessors: .Test

===========================================================================================
----------------- testing Fri Oct 16 13:50:02 UTC 2020 /home/travis/build/icyphy/ptII/ptolemy/actor/lib/test/auto/TestExceptionAttribute1.xml
----------------- Instantiating /home/travis/build/icyphy/ptII/ptolemy/actor/lib/test/auto/TestExceptionAttribute1.xml
1 ms. Memory: 473088K Free: 241915K (51%)
----------------- Invoking toplevel() on ptolemy.moml.MoMLSimpleApplication@46f812fd
----------------- Done invoking toplevel() on ptolemy.moml.MoMLSimpleApplication@46f812fd
reloadAllAccessors: .TestExceptionAttribute1

===========================================================================================
----------------- testing Fri Oct 16 13:50:02 UTC 2020 /home/travis/build/icyphy/ptII/ptolemy/actor/lib/test/auto/TestExceptionAttribute2.xml
----------------- Instantiating /home/travis/build/icyphy/ptII/ptolemy/actor/lib/test/auto/TestExceptionAttribute2.xml
1 ms. Memory: 473088K Free: 238333K (50%)
----------------- Invoking toplevel() on ptolemy.moml.MoMLSimpleApplication@14397e2d
----------------- Done invoking toplevel() on ptolemy.moml.MoMLSimpleApplication@14397e2d
reloadAllAccessors: .TestExceptionAttribute2

===========================================================================================
----------------- testing Fri Oct 16 13:50:02 UTC 2020 /home/travis/build/icyphy/ptII/ptolemy/actor/lib/test/auto/TestExceptionAttribute3.xml
----------------- Instantiating /home/travis/build/icyphy/ptII/ptolemy/actor/lib/test/auto/TestExceptionAttribute3.xml
.TestExceptionAttribute3.TestExceptionAttribute: initialize() was not invoked, but wrapup() was.  This is unusual, but not always a problem.  For example, exporting JNLP will do this.
1 ms. Memory: 473088K Free: 234747K (50%)
----------------- Invoking toplevel() on ptolemy.moml.MoMLSimpleApplication@17da2a94
----------------- Done invoking toplevel() on ptolemy.moml.MoMLSimpleApplication@17da2a94
reloadAllAccessors: .TestExceptionAttribute3

===========================================================================================
----------------- testing Fri Oct 16 13:50:02 UTC 2020 /home/travis/build/icyphy/ptII/ptolemy/actor/lib/test/auto/TestExceptionAttribute4.xml
----------------- Instantiating /home/travis/build/icyphy/ptII/ptolemy/actor/lib/test/auto/TestExceptionAttribute4.xml
.TestExceptionAttribute4.TestExceptionAttribute: initialize() was not invoked, but wrapup() was.  This is unusual, but not always a problem.  For example, exporting JNLP will do this.
.TestExceptionAttribute4.TestExceptionAttribute2: initialize() was not invoked, but wrapup() was.  This is unusual, but not always a problem.  For example, exporting JNLP will do this.
0 ms. Memory: 473088K Free: 230651K (49%)
----------------- Invoking toplevel() on ptolemy.moml.MoMLSimpleApplication@6563a95c
----------------- Done invoking toplevel() on ptolemy.moml.MoMLSimpleApplication@6563a95c
reloadAllAccessors: .TestExceptionAttribute4

===========================================================================================
----------------- testing Fri Oct 16 13:50:02 UTC 2020 /home/travis/build/icyphy/ptII/ptolemy/actor/lib/test/auto/TestExceptionHandler1.xml
----------------- Instantiating /home/travis/build/icyphy/ptII/ptolemy/actor/lib/test/auto/TestExceptionHandler1.xml
1 ms. Memory: 473088K Free: 226555K (48%)
----------------- Invoking toplevel() on ptolemy.moml.MoMLSimpleApplication@56c728fe
----------------- Done invoking toplevel() on ptolemy.moml.MoMLSimpleApplication@56c728fe
reloadAllAccessors: .TestExceptionHandler1

===========================================================================================
----------------- testing Fri Oct 16 13:50:02 UTC 2020 /home/travis/build/icyphy/ptII/ptolemy/actor/lib/test/auto/TestExceptionHandler2.xml
----------------- Instantiating /home/travis/build/icyphy/ptII/ptolemy/actor/lib/test/auto/TestExceptionHandler2.xml
2 ms. Memory: 473088K Free: 222973K (47%)
----------------- Invoking toplevel() on ptolemy.moml.MoMLSimpleApplication@4dd1acc0
----------------- Done invoking toplevel() on ptolemy.moml.MoMLSimpleApplication@4dd1acc0
reloadAllAccessors: .TestExceptionHandler2

===========================================================================================
----------------- testing Fri Oct 16 13:50:02 UTC 2020 /home/travis/build/icyphy/ptII/ptolemy/actor/lib/test/auto/TestExceptionHandler3.xml
----------------- Instantiating /home/travis/build/icyphy/ptII/ptolemy/actor/lib/test/auto/TestExceptionHandler3.xml
0 ms. Memory: 473088K Free: 219387K (46%)
----------------- Invoking toplevel() on ptolemy.moml.MoMLSimpleApplication@785e2004
----------------- Done invoking toplevel() on ptolemy.moml.MoMLSimpleApplication@785e2004
reloadAllAccessors: .TestExceptionHandler3

===========================================================================================
----------------- testing Fri Oct 16 13:50:02 UTC 2020 /home/travis/build/icyphy/ptII/ptolemy/actor/lib/test/auto/TestExceptionHandler4.xml
----------------- Instantiating /home/travis/build/icyphy/ptII/ptolemy/actor/lib/test/auto/TestExceptionHandler4.xml
1 ms. Memory: 473088K Free: 215291K (46%)
----------------- Invoking toplevel() on ptolemy.moml.MoMLSimpleApplication@212081d5
----------------- Done invoking toplevel() on ptolemy.moml.MoMLSimpleApplication@212081d5
reloadAllAccessors: .TestExceptionHandler4

===========================================================================================
----------------- testing Fri Oct 16 13:50:02 UTC 2020 /home/travis/build/icyphy/ptII/ptolemy/actor/lib/test/auto/TestRequireCorrectOrder.xml
----------------- Instantiating /home/travis/build/icyphy/ptII/ptolemy/actor/lib/test/auto/TestRequireCorrectOrder.xml
5 ms. Memory: 473088K Free: 209661K (44%)
----------------- Invoking toplevel() on ptolemy.moml.MoMLSimpleApplication@196147d5
----------------- Done invoking toplevel() on ptolemy.moml.MoMLSimpleApplication@196147d5
reloadAllAccessors: .TestRequireCorrectOrder

===========================================================================================
----------------- testing Fri Oct 16 13:50:02 UTC 2020 /home/travis/build/icyphy/ptII/ptolemy/actor/lib/test/auto/TestSimple.xml
----------------- Instantiating /home/travis/build/icyphy/ptII/ptolemy/actor/lib/test/auto/TestSimple.xml
2 ms. Memory: 473088K Free: 205051K (43%)
----------------- Invoking toplevel() on ptolemy.moml.MoMLSimpleApplication@7d4a7d97
----------------- Done invoking toplevel() on ptolemy.moml.MoMLSimpleApplication@7d4a7d97
reloadAllAccessors: .TestSimple

===========================================================================================
----------------- testing Fri Oct 16 13:50:02 UTC 2020 /home/travis/build/icyphy/ptII/ptolemy/actor/lib/test/auto/ThrowModelError.xml
----------------- Instantiating /home/travis/build/icyphy/ptII/ptolemy/actor/lib/test/auto/ThrowModelError.xml
1 ms. Memory: 473088K Free: 200445K (42%)
----------------- Invoking toplevel() on ptolemy.moml.MoMLSimpleApplication@256ad274
----------------- Done invoking toplevel() on ptolemy.moml.MoMLSimpleApplication@256ad274
reloadAllAccessors: .ThrowModelError

===========================================================================================
----------------- testing Fri Oct 16 13:50:02 UTC 2020 /home/travis/build/icyphy/ptII/ptolemy/actor/lib/test/auto/TimeDelayMicrosteps.xml
----------------- Instantiating /home/travis/build/icyphy/ptII/ptolemy/actor/lib/test/auto/TimeDelayMicrosteps.xml
5 ms. Memory: 473088K Free: 193780K (41%)
----------------- Invoking toplevel() on ptolemy.moml.MoMLSimpleApplication@13f17ee8
----------------- Done invoking toplevel() on ptolemy.moml.MoMLSimpleApplication@13f17ee8
reloadAllAccessors: .TimeDelayMicrosteps

===========================================================================================
----------------- testing Fri Oct 16 13:50:02 UTC 2020 /home/travis/build/icyphy/ptII/ptolemy/actor/lib/test/auto/TimeDelayMicrosteps2.xml
----------------- Instantiating /home/travis/build/icyphy/ptII/ptolemy/actor/lib/test/auto/TimeDelayMicrosteps2.xml
3 ms. Memory: 473088K Free: 186109K (39%)
----------------- Invoking toplevel() on ptolemy.moml.MoMLSimpleApplication@661d54f1
----------------- Done invoking toplevel() on ptolemy.moml.MoMLSimpleApplication@661d54f1
reloadAllAccessors: .TimeDelayMicrosteps2

===========================================================================================
----------------- testing Fri Oct 16 13:50:02 UTC 2020 /home/travis/build/icyphy/ptII/ptolemy/actor/lib/test/auto/TimeDelayMicrosteps3.xml
----------------- Instantiating /home/travis/build/icyphy/ptII/ptolemy/actor/lib/test/auto/TimeDelayMicrosteps3.xml
3 ms. Memory: 473088K Free: 179436K (38%)
----------------- Invoking toplevel() on ptolemy.moml.MoMLSimpleApplication@5e0086d8
----------------- Done invoking toplevel() on ptolemy.moml.MoMLSimpleApplication@5e0086d8
reloadAllAccessors: .TimeDelayMicrosteps3

===========================================================================================
----------------- testing Fri Oct 16 13:50:02 UTC 2020 /home/travis/build/icyphy/ptII/ptolemy/actor/lib/test/auto/TimeDelayVariableMicrosteps.xml
----------------- Instantiating /home/travis/build/icyphy/ptII/ptolemy/actor/lib/test/auto/TimeDelayVariableMicrosteps.xml
3 ms. Memory: 473088K Free: 173307K (37%)
----------------- Invoking toplevel() on ptolemy.moml.MoMLSimpleApplication@752a6b76
----------------- Done invoking toplevel() on ptolemy.moml.MoMLSimpleApplication@752a6b76
reloadAllAccessors: .TimeDelayVariableMicrosteps

===========================================================================================
----------------- testing Fri Oct 16 13:50:02 UTC 2020 /home/travis/build/icyphy/ptII/ptolemy/actor/lib/test/auto/TimeGap.xml
----------------- Instantiating /home/travis/build/icyphy/ptII/ptolemy/actor/lib/test/auto/TimeGap.xml
4 ms. Memory: 473088K Free: 168180K (36%)
----------------- Invoking toplevel() on ptolemy.moml.MoMLSimpleApplication@44355926
----------------- Done invoking toplevel() on ptolemy.moml.MoMLSimpleApplication@44355926
reloadAllAccessors: .TimeGap

===========================================================================================
----------------- testing Fri Oct 16 13:50:02 UTC 2020 /home/travis/build/icyphy/ptII/ptolemy/actor/lib/test/auto/TimeGap2.xml
----------------- Instantiating /home/travis/build/icyphy/ptII/ptolemy/actor/lib/test/auto/TimeGap2.xml
3 ms. Memory: 473088K Free: 162036K (34%)
----------------- Invoking toplevel() on ptolemy.moml.MoMLSimpleApplication@575b8e12
----------------- Done invoking toplevel() on ptolemy.moml.MoMLSimpleApplication@575b8e12
reloadAllAccessors: .TimeGap2

===========================================================================================
----------------- testing Fri Oct 16 13:50:02 UTC 2020 /home/travis/build/icyphy/ptII/ptolemy/actor/lib/test/auto/TimedSinewave.xml
----------------- Instantiating /home/travis/build/icyphy/ptII/ptolemy/actor/lib/test/auto/TimedSinewave.xml
26 ms. Memory: 473088K Free: 147707K (31%)
----------------- Invoking toplevel() on ptolemy.moml.MoMLSimpleApplication@4b5f5b64
----------------- Done invoking toplevel() on ptolemy.moml.MoMLSimpleApplication@4b5f5b64
reloadAllAccessors: .TimedSinewave

===========================================================================================
----------------- testing Fri Oct 16 13:50:02 UTC 2020 /home/travis/build/icyphy/ptII/ptolemy/actor/lib/test/auto/TimedSinewavePhase.xml
----------------- Instantiating /home/travis/build/icyphy/ptII/ptolemy/actor/lib/test/auto/TimedSinewavePhase.xml
9 ms. Memory: 473088K Free: 412405K (87%)
----------------- Invoking toplevel() on ptolemy.moml.MoMLSimpleApplication@3d4ffd0d
----------------- Done invoking toplevel() on ptolemy.moml.MoMLSimpleApplication@3d4ffd0d
reloadAllAccessors: .TimedSinewavePhase

===========================================================================================
----------------- testing Fri Oct 16 13:50:02 UTC 2020 /home/travis/build/icyphy/ptII/ptolemy/actor/lib/test/auto/Timer.xml
----------------- Instantiating /home/travis/build/icyphy/ptII/ptolemy/actor/lib/test/auto/Timer.xml
5 ms. Memory: 473088K Free: 406764K (86%)
----------------- Invoking toplevel() on ptolemy.moml.MoMLSimpleApplication@357016dd
----------------- Done invoking toplevel() on ptolemy.moml.MoMLSimpleApplication@357016dd
reloadAllAccessors: .Timer

===========================================================================================
----------------- testing Fri Oct 16 13:50:02 UTC 2020 /home/travis/build/icyphy/ptII/ptolemy/actor/lib/test/auto/TriangularDistTestModel.xml
----------------- Instantiating /home/travis/build/icyphy/ptII/ptolemy/actor/lib/test/auto/TriangularDistTestModel.xml
3 ms. Memory: 473088K Free: 400596K (85%)
----------------- Invoking toplevel() on ptolemy.moml.MoMLSimpleApplication@435c0729
----------------- Done invoking toplevel() on ptolemy.moml.MoMLSimpleApplication@435c0729
reloadAllAccessors: .TriangularDistTestModel

===========================================================================================
----------------- testing Fri Oct 16 13:50:02 UTC 2020 /home/travis/build/icyphy/ptII/ptolemy/actor/lib/test/auto/TrigFunction.xml
----------------- Instantiating /home/travis/build/icyphy/ptII/ptolemy/actor/lib/test/auto/TrigFunction.xml
2 ms. Memory: 473088K Free: 396021K (84%)
----------------- Invoking toplevel() on ptolemy.moml.MoMLSimpleApplication@7b1e1a2f
----------------- Done invoking toplevel() on ptolemy.moml.MoMLSimpleApplication@7b1e1a2f
reloadAllAccessors: .TrigFunction

===========================================================================================
----------------- testing Fri Oct 16 13:50:02 UTC 2020 /home/travis/build/icyphy/ptII/ptolemy/actor/lib/test/auto/TrigFunctionDE.xml
----------------- Instantiating /home/travis/build/icyphy/ptII/ptolemy/actor/lib/test/auto/TrigFunctionDE.xml
2 ms. Memory: 473088K Free: 390380K (83%)
----------------- Invoking toplevel() on ptolemy.moml.MoMLSimpleApplication@54b569b2
----------------- Done invoking toplevel() on ptolemy.moml.MoMLSimpleApplication@54b569b2
reloadAllAccessors: .TrigFunctionDE

===========================================================================================
----------------- testing Fri Oct 16 13:50:02 UTC 2020 /home/travis/build/icyphy/ptII/ptolemy/actor/lib/test/auto/TrigFunctionInverse.xml
----------------- Instantiating /home/travis/build/icyphy/ptII/ptolemy/actor/lib/test/auto/TrigFunctionInverse.xml
2 ms. Memory: 473088K Free: 384757K (81%)
----------------- Invoking toplevel() on ptolemy.moml.MoMLSimpleApplication@18334596
----------------- Done invoking toplevel() on ptolemy.moml.MoMLSimpleApplication@18334596
reloadAllAccessors: .TrigFunctionInverse

===========================================================================================
----------------- testing Fri Oct 16 13:50:02 UTC 2020 /home/travis/build/icyphy/ptII/ptolemy/actor/lib/test/auto/TrigFunctionTan.xml
----------------- Instantiating /home/travis/build/icyphy/ptII/ptolemy/actor/lib/test/auto/TrigFunctionTan.xml
2 ms. Memory: 473088K Free: 380661K (80%)
----------------- Invoking toplevel() on ptolemy.moml.MoMLSimpleApplication@635ad737
----------------- Done invoking toplevel() on ptolemy.moml.MoMLSimpleApplication@635ad737
reloadAllAccessors: .TrigFunctionTan

===========================================================================================
----------------- testing Fri Oct 16 13:50:02 UTC 2020 /home/travis/build/icyphy/ptII/ptolemy/actor/lib/test/auto/TriggeredClock.xml
----------------- Instantiating /home/travis/build/icyphy/ptII/ptolemy/actor/lib/test/auto/TriggeredClock.xml
1 ms. Memory: 473088K Free: 375541K (79%)
----------------- Invoking toplevel() on ptolemy.moml.MoMLSimpleApplication@5f86e4c0
----------------- Done invoking toplevel() on ptolemy.moml.MoMLSimpleApplication@5f86e4c0
reloadAllAccessors: .TriggeredClock

===========================================================================================
----------------- testing Fri Oct 16 13:50:02 UTC 2020 /home/travis/build/icyphy/ptII/ptolemy/actor/lib/test/auto/URLDirectoryReader.xml
----------------- Instantiating /home/travis/build/icyphy/ptII/ptolemy/actor/lib/test/auto/URLDirectoryReader.xml
44 ms. Memory: 473088K Free: 366325K (77%)
----------------- Invoking toplevel() on ptolemy.moml.MoMLSimpleApplication@629305ca
----------------- Done invoking toplevel() on ptolemy.moml.MoMLSimpleApplication@629305ca
reloadAllAccessors: .URLDirectoryReader

===========================================================================================
----------------- testing Fri Oct 16 13:50:02 UTC 2020 /home/travis/build/icyphy/ptII/ptolemy/actor/lib/test/auto/URLDirectoryReader3.xml
----------------- Instantiating /home/travis/build/icyphy/ptII/ptolemy/actor/lib/test/auto/URLDirectoryReader3.xml
1482 ms. Memory: 473088K Free: 413011K (87%)
----------------- Invoking toplevel() on ptolemy.moml.MoMLSimpleApplication@5ebb9373
----------------- Done invoking toplevel() on ptolemy.moml.MoMLSimpleApplication@5ebb9373
reloadAllAccessors: .URLDirectoryReader3

===========================================================================================
----------------- testing Fri Oct 16 13:50:04 UTC 2020 /home/travis/build/icyphy/ptII/ptolemy/actor/lib/test/auto/UnaryMathFunction.xml
----------------- Instantiating /home/travis/build/icyphy/ptII/ptolemy/actor/lib/test/auto/UnaryMathFunction.xml
3 ms. Memory: 473088K Free: 403795K (85%)
----------------- Invoking toplevel() on ptolemy.moml.MoMLSimpleApplication@76f19dae
----------------- Done invoking toplevel() on ptolemy.moml.MoMLSimpleApplication@76f19dae
reloadAllAccessors: .UnaryMathFunction

===========================================================================================
----------------- testing Fri Oct 16 13:50:04 UTC 2020 /home/travis/build/icyphy/ptII/ptolemy/actor/lib/test/auto/Uniform.xml
----------------- Instantiating /home/travis/build/icyphy/ptII/ptolemy/actor/lib/test/auto/Uniform.xml
3 ms. Memory: 473088K Free: 399185K (84%)
----------------- Invoking toplevel() on ptolemy.moml.MoMLSimpleApplication@53aa3422
----------------- Done invoking toplevel() on ptolemy.moml.MoMLSimpleApplication@53aa3422
reloadAllAccessors: .Uniform

===========================================================================================
----------------- testing Fri Oct 16 13:50:04 UTC 2020 /home/travis/build/icyphy/ptII/ptolemy/actor/lib/test/auto/UnionDisassemblerTest.xml
----------------- Instantiating /home/travis/build/icyphy/ptII/ptolemy/actor/lib/test/auto/UnionDisassemblerTest.xml
19 ms. Memory: 473088K Free: 395603K (84%)
----------------- Invoking toplevel() on ptolemy.moml.MoMLSimpleApplication@2982a572
----------------- Done invoking toplevel() on ptolemy.moml.MoMLSimpleApplication@2982a572
reloadAllAccessors: .UnionDisassemblerTest

===========================================================================================
----------------- testing Fri Oct 16 13:50:04 UTC 2020 /home/travis/build/icyphy/ptII/ptolemy/actor/lib/test/auto/UtilityFunctions.xml
----------------- Instantiating /home/travis/build/icyphy/ptII/ptolemy/actor/lib/test/auto/UtilityFunctions.xml
1 ms. Memory: 473088K Free: 391507K (83%)
----------------- Invoking toplevel() on ptolemy.moml.MoMLSimpleApplication@24765799
----------------- Done invoking toplevel() on ptolemy.moml.MoMLSimpleApplication@24765799
reloadAllAccessors: .UtilityFunctions

===========================================================================================
----------------- testing Fri Oct 16 13:50:04 UTC 2020 /home/travis/build/icyphy/ptII/ptolemy/actor/lib/test/auto/VariableSleep.xml
----------------- Instantiating /home/travis/build/icyphy/ptII/ptolemy/actor/lib/test/auto/VariableSleep.xml
503 ms. Memory: 473088K Free: 385873K (82%)
----------------- Invoking toplevel() on ptolemy.moml.MoMLSimpleApplication@60eb5267
----------------- Done invoking toplevel() on ptolemy.moml.MoMLSimpleApplication@60eb5267
reloadAllAccessors: .VariableSleep

===========================================================================================
----------------- testing Fri Oct 16 13:50:05 UTC 2020 /home/travis/build/icyphy/ptII/ptolemy/actor/lib/test/auto/VectorAssemblerDisassemblerCT.xml
----------------- Instantiating /home/travis/build/icyphy/ptII/ptolemy/actor/lib/test/auto/VectorAssemblerDisassemblerCT.xml
87 ms. Memory: 473088K Free: 365907K (77%)
----------------- Invoking toplevel() on ptolemy.moml.MoMLSimpleApplication@338da8cb
----------------- Done invoking toplevel() on ptolemy.moml.MoMLSimpleApplication@338da8cb
reloadAllAccessors: .VectorAssemblerDisassemblerCT

===========================================================================================
----------------- testing Fri Oct 16 13:50:05 UTC 2020 /home/travis/build/icyphy/ptII/ptolemy/actor/lib/test/auto/VectorAssemblerDisassemblerDE.xml
----------------- Instantiating /home/travis/build/icyphy/ptII/ptolemy/actor/lib/test/auto/VectorAssemblerDisassemblerDE.xml
4 ms. Memory: 473088K Free: 358225K (76%)
----------------- Invoking toplevel() on ptolemy.moml.MoMLSimpleApplication@63e3957c
----------------- Done invoking toplevel() on ptolemy.moml.MoMLSimpleApplication@63e3957c
reloadAllAccessors: .VectorAssemblerDisassemblerDE

===========================================================================================
----------------- testing Fri Oct 16 13:50:05 UTC 2020 /home/travis/build/icyphy/ptII/ptolemy/actor/lib/test/auto/VectorAssemblerDisassemblerSDF.xml
----------------- Instantiating /home/travis/build/icyphy/ptII/ptolemy/actor/lib/test/auto/VectorAssemblerDisassemblerSDF.xml
3 ms. Memory: 473088K Free: 351571K (74%)
----------------- Invoking toplevel() on ptolemy.moml.MoMLSimpleApplication@39860f
----------------- Done invoking toplevel() on ptolemy.moml.MoMLSimpleApplication@39860f
reloadAllAccessors: .VectorAssemblerDisassemblerSDF

===========================================================================================
----------------- testing Fri Oct 16 13:50:05 UTC 2020 /home/travis/build/icyphy/ptII/ptolemy/actor/lib/test/auto/WallClockTime.xml
----------------- Instantiating /home/travis/build/icyphy/ptII/ptolemy/actor/lib/test/auto/WallClockTime.xml
1004 ms. Memory: 473088K Free: 346451K (73%)
----------------- Invoking toplevel() on ptolemy.moml.MoMLSimpleApplication@275ecd8c
----------------- Done invoking toplevel() on ptolemy.moml.MoMLSimpleApplication@275ecd8c
reloadAllAccessors: .WallClockTime

===========================================================================================
----------------- testing Fri Oct 16 13:50:06 UTC 2020 /home/travis/build/icyphy/ptII/ptolemy/actor/lib/test/auto/WidthTestWithSubscriberPublisher.xml
----------------- Instantiating /home/travis/build/icyphy/ptII/ptolemy/actor/lib/test/auto/WidthTestWithSubscriberPublisher.xml
7 ms. Memory: 473088K Free: 328529K (69%)
----------------- Invoking toplevel() on ptolemy.moml.MoMLSimpleApplication@67787331
----------------- Done invoking toplevel() on ptolemy.moml.MoMLSimpleApplication@67787331
reloadAllAccessors: .WidthTestWithSubscriberPublisher

===========================================================================================
----------------- testing Fri Oct 16 13:50:06 UTC 2020 /home/travis/build/icyphy/ptII/ptolemy/actor/lib/test/auto/WidthTestWithSubscriberPublisher2.xml
----------------- Instantiating /home/travis/build/icyphy/ptII/ptolemy/actor/lib/test/auto/WidthTestWithSubscriberPublisher2.xml
3 ms. Memory: 473088K Free: 321875K (68%)
----------------- Invoking toplevel() on ptolemy.moml.MoMLSimpleApplication@5577b009
----------------- Done invoking toplevel() on ptolemy.moml.MoMLSimpleApplication@5577b009
reloadAllAccessors: .WidthTestWithSubscriberPublisher2

===========================================================================================
----------------- testing Fri Oct 16 13:50:06 UTC 2020 /home/travis/build/icyphy/ptII/ptolemy/actor/lib/test/auto/WidthTestWithSubscriberPublisher3.xml
----------------- Instantiating /home/travis/build/icyphy/ptII/ptolemy/actor/lib/test/auto/WidthTestWithSubscriberPublisher3.xml
1 ms. Memory: 473088K Free: 316241K (67%)
----------------- Invoking toplevel() on ptolemy.moml.MoMLSimpleApplication@a69c282
----------------- Done invoking toplevel() on ptolemy.moml.MoMLSimpleApplication@a69c282
reloadAllAccessors: .WidthTestWithSubscriberPublisher3

===========================================================================================
----------------- testing Fri Oct 16 13:50:06 UTC 2020 /home/travis/build/icyphy/ptII/ptolemy/actor/lib/test/auto/Writer.xml
----------------- Instantiating /home/travis/build/icyphy/ptII/ptolemy/actor/lib/test/auto/Writer.xml
0
1
2
3
4
2 ms. Memory: 473088K Free: 312131K (66%)
----------------- Invoking toplevel() on ptolemy.moml.MoMLSimpleApplication@321e6373
----------------- Done invoking toplevel() on ptolemy.moml.MoMLSimpleApplication@321e6373
reloadAllAccessors: .Writer

===========================================================================================
----------------- testing Fri Oct 16 13:50:06 UTC 2020 /home/travis/build/icyphy/ptII/ptolemy/actor/lib/test/auto/array.xml
----------------- Instantiating /home/travis/build/icyphy/ptII/ptolemy/actor/lib/test/auto/array.xml
3 ms. Memory: 473088K Free: 307025K (65%)
----------------- Invoking toplevel() on ptolemy.moml.MoMLSimpleApplication@b97e76f
----------------- Done invoking toplevel() on ptolemy.moml.MoMLSimpleApplication@b97e76f
reloadAllAccessors: .array

===========================================================================================
----------------- testing Fri Oct 16 13:50:06 UTC 2020 /home/travis/build/icyphy/ptII/ptolemy/actor/lib/test/auto/array2.xml
----------------- Instantiating /home/travis/build/icyphy/ptII/ptolemy/actor/lib/test/auto/array2.xml
4 ms. Memory: 473088K Free: 301891K (64%)
----------------- Invoking toplevel() on ptolemy.moml.MoMLSimpleApplication@27f953d6
----------------- Done invoking toplevel() on ptolemy.moml.MoMLSimpleApplication@27f953d6
reloadAllAccessors: .array2

===========================================================================================
----------------- testing Fri Oct 16 13:50:06 UTC 2020 /home/travis/build/icyphy/ptII/ptolemy/actor/lib/test/auto/arrayType.xml
----------------- Instantiating /home/travis/build/icyphy/ptII/ptolemy/actor/lib/test/auto/arrayType.xml
1 ms. Memory: 473088K Free: 296785K (63%)
----------------- Invoking toplevel() on ptolemy.moml.MoMLSimpleApplication@c11593c
----------------- Done invoking toplevel() on ptolemy.moml.MoMLSimpleApplication@c11593c
reloadAllAccessors: .arrayType

===========================================================================================
----------------- testing Fri Oct 16 13:50:06 UTC 2020 /home/travis/build/icyphy/ptII/ptolemy/actor/lib/test/auto/arrayType10.xml
----------------- Instantiating /home/travis/build/icyphy/ptII/ptolemy/actor/lib/test/auto/arrayType10.xml
2 ms. Memory: 473088K Free: 291665K (62%)
----------------- Invoking toplevel() on ptolemy.moml.MoMLSimpleApplication@71b74e1a
----------------- Done invoking toplevel() on ptolemy.moml.MoMLSimpleApplication@71b74e1a
reloadAllAccessors: .arrayType10

===========================================================================================
----------------- testing Fri Oct 16 13:50:06 UTC 2020 /home/travis/build/icyphy/ptII/ptolemy/actor/lib/test/auto/arrayType11.xml
----------------- Instantiating /home/travis/build/icyphy/ptII/ptolemy/actor/lib/test/auto/arrayType11.xml
1 ms. Memory: 473088K Free: 287059K (61%)
----------------- Invoking toplevel() on ptolemy.moml.MoMLSimpleApplication@40e28968
----------------- Done invoking toplevel() on ptolemy.moml.MoMLSimpleApplication@40e28968
reloadAllAccessors: .arrayType11

===========================================================================================
----------------- testing Fri Oct 16 13:50:06 UTC 2020 /home/travis/build/icyphy/ptII/ptolemy/actor/lib/test/auto/arrayType12.xml
----------------- Instantiating /home/travis/build/icyphy/ptII/ptolemy/actor/lib/test/auto/arrayType12.xml
1 ms. Memory: 473088K Free: 282449K (60%)
----------------- Invoking toplevel() on ptolemy.moml.MoMLSimpleApplication@1f65baf4
----------------- Done invoking toplevel() on ptolemy.moml.MoMLSimpleApplication@1f65baf4
reloadAllAccessors: .arrayType12

===========================================================================================
----------------- testing Fri Oct 16 13:50:06 UTC 2020 /home/travis/build/icyphy/ptII/ptolemy/actor/lib/test/auto/arrayType13.xml
----------------- Instantiating /home/travis/build/icyphy/ptII/ptolemy/actor/lib/test/auto/arrayType13.xml
2 ms. Memory: 473088K Free: 277329K (59%)
----------------- Invoking toplevel() on ptolemy.moml.MoMLSimpleApplication@23e4c230
----------------- Done invoking toplevel() on ptolemy.moml.MoMLSimpleApplication@23e4c230
reloadAllAccessors: .arrayType13

===========================================================================================
----------------- testing Fri Oct 16 13:50:06 UTC 2020 /home/travis/build/icyphy/ptII/ptolemy/actor/lib/test/auto/arrayType14.xml
----------------- Instantiating /home/travis/build/icyphy/ptII/ptolemy/actor/lib/test/auto/arrayType14.xml
2 ms. Memory: 473088K Free: 272209K (58%)
----------------- Invoking toplevel() on ptolemy.moml.MoMLSimpleApplication@5b20b114
----------------- Done invoking toplevel() on ptolemy.moml.MoMLSimpleApplication@5b20b114
reloadAllAccessors: .arrayType14

===========================================================================================
----------------- testing Fri Oct 16 13:50:06 UTC 2020 /home/travis/build/icyphy/ptII/ptolemy/actor/lib/test/auto/arrayType15.xml
----------------- Instantiating /home/travis/build/icyphy/ptII/ptolemy/actor/lib/test/auto/arrayType15.xml
3 ms. Memory: 473088K Free: 267089K (56%)
----------------- Invoking toplevel() on ptolemy.moml.MoMLSimpleApplication@4a313f40
----------------- Done invoking toplevel() on ptolemy.moml.MoMLSimpleApplication@4a313f40
reloadAllAccessors: .arrayType15

===========================================================================================
----------------- testing Fri Oct 16 13:50:06 UTC 2020 /home/travis/build/icyphy/ptII/ptolemy/actor/lib/test/auto/arrayType16.xml
----------------- Instantiating /home/travis/build/icyphy/ptII/ptolemy/actor/lib/test/auto/arrayType16.xml
1 ms. Memory: 473088K Free: 261969K (55%)
----------------- Invoking toplevel() on ptolemy.moml.MoMLSimpleApplication@75ec623
----------------- Done invoking toplevel() on ptolemy.moml.MoMLSimpleApplication@75ec623
reloadAllAccessors: .arrayType16

===========================================================================================
----------------- testing Fri Oct 16 13:50:06 UTC 2020 /home/travis/build/icyphy/ptII/ptolemy/actor/lib/test/auto/arrayType17.xml
----------------- Instantiating /home/travis/build/icyphy/ptII/ptolemy/actor/lib/test/auto/arrayType17.xml
1 ms. Memory: 473088K Free: 256339K (54%)
----------------- Invoking toplevel() on ptolemy.moml.MoMLSimpleApplication@5abdcc62
----------------- Done invoking toplevel() on ptolemy.moml.MoMLSimpleApplication@5abdcc62
reloadAllAccessors: .arrayType17

===========================================================================================
----------------- testing Fri Oct 16 13:50:06 UTC 2020 /home/travis/build/icyphy/ptII/ptolemy/actor/lib/test/auto/arrayType18.xml
----------------- Instantiating /home/travis/build/icyphy/ptII/ptolemy/actor/lib/test/auto/arrayType18.xml
1 ms. Memory: 473088K Free: 251729K (53%)
----------------- Invoking toplevel() on ptolemy.moml.MoMLSimpleApplication@1ddc1360
----------------- Done invoking toplevel() on ptolemy.moml.MoMLSimpleApplication@1ddc1360
reloadAllAccessors: .arrayType18

===========================================================================================
----------------- testing Fri Oct 16 13:50:06 UTC 2020 /home/travis/build/icyphy/ptII/ptolemy/actor/lib/test/auto/arrayType19.xml
----------------- Instantiating /home/travis/build/icyphy/ptII/ptolemy/actor/lib/test/auto/arrayType19.xml
1 ms. Memory: 473088K Free: 246609K (52%)
----------------- Invoking toplevel() on ptolemy.moml.MoMLSimpleApplication@276d45c7
----------------- Done invoking toplevel() on ptolemy.moml.MoMLSimpleApplication@276d45c7
reloadAllAccessors: .arrayType19

===========================================================================================
----------------- testing Fri Oct 16 13:50:06 UTC 2020 /home/travis/build/icyphy/ptII/ptolemy/actor/lib/test/auto/arrayType2.xml
----------------- Instantiating /home/travis/build/icyphy/ptII/ptolemy/actor/lib/test/auto/arrayType2.xml
1 ms. Memory: 473088K Free: 241489K (51%)
----------------- Invoking toplevel() on ptolemy.moml.MoMLSimpleApplication@323b4b86
----------------- Done invoking toplevel() on ptolemy.moml.MoMLSimpleApplication@323b4b86
reloadAllAccessors: .arrayType2

===========================================================================================
----------------- testing Fri Oct 16 13:50:06 UTC 2020 /home/travis/build/icyphy/ptII/ptolemy/actor/lib/test/auto/arrayType20.xml
----------------- Instantiating /home/travis/build/icyphy/ptII/ptolemy/actor/lib/test/auto/arrayType20.xml
2 ms. Memory: 473088K Free: 236369K (50%)
----------------- Invoking toplevel() on ptolemy.moml.MoMLSimpleApplication@4709325f
----------------- Done invoking toplevel() on ptolemy.moml.MoMLSimpleApplication@4709325f
reloadAllAccessors: .arrayType20

===========================================================================================
----------------- testing Fri Oct 16 13:50:06 UTC 2020 /home/travis/build/icyphy/ptII/ptolemy/actor/lib/test/auto/arrayType21.xml
----------------- Instantiating /home/travis/build/icyphy/ptII/ptolemy/actor/lib/test/auto/arrayType21.xml
1 ms. Memory: 473088K Free: 231763K (49%)
----------------- Invoking toplevel() on ptolemy.moml.MoMLSimpleApplication@6becc5ef
----------------- Done invoking toplevel() on ptolemy.moml.MoMLSimpleApplication@6becc5ef
reloadAllAccessors: .arrayType21

===========================================================================================
----------------- testing Fri Oct 16 13:50:06 UTC 2020 /home/travis/build/icyphy/ptII/ptolemy/actor/lib/test/auto/arrayType22.xml
----------------- Instantiating /home/travis/build/icyphy/ptII/ptolemy/actor/lib/test/auto/arrayType22.xml
1 ms. Memory: 473088K Free: 227153K (48%)
----------------- Invoking toplevel() on ptolemy.moml.MoMLSimpleApplication@2261e
----------------- Done invoking toplevel() on ptolemy.moml.MoMLSimpleApplication@2261e
reloadAllAccessors: .arrayType22

===========================================================================================
----------------- testing Fri Oct 16 13:50:06 UTC 2020 /home/travis/build/icyphy/ptII/ptolemy/actor/lib/test/auto/arrayType23.xml
----------------- Instantiating /home/travis/build/icyphy/ptII/ptolemy/actor/lib/test/auto/arrayType23.xml
1 ms. Memory: 473088K Free: 222033K (47%)
----------------- Invoking toplevel() on ptolemy.moml.MoMLSimpleApplication@57b87405
----------------- Done invoking toplevel() on ptolemy.moml.MoMLSimpleApplication@57b87405
reloadAllAccessors: .arrayType23

===========================================================================================
----------------- testing Fri Oct 16 13:50:06 UTC 2020 /home/travis/build/icyphy/ptII/ptolemy/actor/lib/test/auto/arrayType24.xml
----------------- Instantiating /home/travis/build/icyphy/ptII/ptolemy/actor/lib/test/auto/arrayType24.xml
2 ms. Memory: 473088K Free: 217427K (46%)
----------------- Invoking toplevel() on ptolemy.moml.MoMLSimpleApplication@1e387649
----------------- Done invoking toplevel() on ptolemy.moml.MoMLSimpleApplication@1e387649
reloadAllAccessors: .arrayType24

===========================================================================================
----------------- testing Fri Oct 16 13:50:06 UTC 2020 /home/travis/build/icyphy/ptII/ptolemy/actor/lib/test/auto/arrayType25.xml
----------------- Instantiating /home/travis/build/icyphy/ptII/ptolemy/actor/lib/test/auto/arrayType25.xml
3 ms. Memory: 473088K Free: 212817K (45%)
----------------- Invoking toplevel() on ptolemy.moml.MoMLSimpleApplication@279703aa
----------------- Done invoking toplevel() on ptolemy.moml.MoMLSimpleApplication@279703aa
reloadAllAccessors: .arrayType25

===========================================================================================
----------------- testing Fri Oct 16 13:50:06 UTC 2020 /home/travis/build/icyphy/ptII/ptolemy/actor/lib/test/auto/arrayType26.xml
----------------- Instantiating /home/travis/build/icyphy/ptII/ptolemy/actor/lib/test/auto/arrayType26.xml
2 ms. Memory: 473088K Free: 206673K (44%)
----------------- Invoking toplevel() on ptolemy.moml.MoMLSimpleApplication@6070bebe
----------------- Done invoking toplevel() on ptolemy.moml.MoMLSimpleApplication@6070bebe
reloadAllAccessors: .arrayType26

===========================================================================================
----------------- testing Fri Oct 16 13:50:06 UTC 2020 /home/travis/build/icyphy/ptII/ptolemy/actor/lib/test/auto/arrayType27.xml
----------------- Instantiating /home/travis/build/icyphy/ptII/ptolemy/actor/lib/test/auto/arrayType27.xml
2 ms. Memory: 473088K Free: 201553K (43%)
----------------- Invoking toplevel() on ptolemy.moml.MoMLSimpleApplication@721f42c4
----------------- Done invoking toplevel() on ptolemy.moml.MoMLSimpleApplication@721f42c4
reloadAllAccessors: .arrayType27

===========================================================================================
----------------- testing Fri Oct 16 13:50:06 UTC 2020 /home/travis/build/icyphy/ptII/ptolemy/actor/lib/test/auto/arrayType28.xml
----------------- Instantiating /home/travis/build/icyphy/ptII/ptolemy/actor/lib/test/auto/arrayType28.xml
3 ms. Memory: 473088K Free: 195923K (41%)
----------------- Invoking toplevel() on ptolemy.moml.MoMLSimpleApplication@13cb6eaa
----------------- Done invoking toplevel() on ptolemy.moml.MoMLSimpleApplication@13cb6eaa
reloadAllAccessors: .arrayType28

===========================================================================================
----------------- testing Fri Oct 16 13:50:06 UTC 2020 /home/travis/build/icyphy/ptII/ptolemy/actor/lib/test/auto/arrayType3.xml
----------------- Instantiating /home/travis/build/icyphy/ptII/ptolemy/actor/lib/test/auto/arrayType3.xml
1 ms. Memory: 473088K Free: 191313K (40%)
----------------- Invoking toplevel() on ptolemy.moml.MoMLSimpleApplication@2c1ae056
----------------- Done invoking toplevel() on ptolemy.moml.MoMLSimpleApplication@2c1ae056
reloadAllAccessors: .arrayType3

===========================================================================================
----------------- testing Fri Oct 16 13:50:06 UTC 2020 /home/travis/build/icyphy/ptII/ptolemy/actor/lib/test/auto/arrayType4.xml
----------------- Instantiating /home/travis/build/icyphy/ptII/ptolemy/actor/lib/test/auto/arrayType4.xml
2 ms. Memory: 473088K Free: 186193K (39%)
----------------- Invoking toplevel() on ptolemy.moml.MoMLSimpleApplication@1e5643ed
----------------- Done invoking toplevel() on ptolemy.moml.MoMLSimpleApplication@1e5643ed
reloadAllAccessors: .arrayType4

===========================================================================================
----------------- testing Fri Oct 16 13:50:06 UTC 2020 /home/travis/build/icyphy/ptII/ptolemy/actor/lib/test/auto/arrayType5.xml
----------------- Instantiating /home/travis/build/icyphy/ptII/ptolemy/actor/lib/test/auto/arrayType5.xml
1 ms. Memory: 473088K Free: 180563K (38%)
----------------- Invoking toplevel() on ptolemy.moml.MoMLSimpleApplication@2ada5d3c
----------------- Done invoking toplevel() on ptolemy.moml.MoMLSimpleApplication@2ada5d3c
reloadAllAccessors: .arrayType5

===========================================================================================
----------------- testing Fri Oct 16 13:50:06 UTC 2020 /home/travis/build/icyphy/ptII/ptolemy/actor/lib/test/auto/arrayType6.xml
----------------- Instantiating /home/travis/build/icyphy/ptII/ptolemy/actor/lib/test/auto/arrayType6.xml
2 ms. Memory: 473088K Free: 175953K (37%)
----------------- Invoking toplevel() on ptolemy.moml.MoMLSimpleApplication@315d9bcc
----------------- Done invoking toplevel() on ptolemy.moml.MoMLSimpleApplication@315d9bcc
reloadAllAccessors: .arrayType6

===========================================================================================
----------------- testing Fri Oct 16 13:50:06 UTC 2020 /home/travis/build/icyphy/ptII/ptolemy/actor/lib/test/auto/arrayType7.xml
----------------- Instantiating /home/travis/build/icyphy/ptII/ptolemy/actor/lib/test/auto/arrayType7.xml
7 ms. Memory: 473088K Free: 170833K (36%)
----------------- Invoking toplevel() on ptolemy.moml.MoMLSimpleApplication@5e3e7fa5
----------------- Done invoking toplevel() on ptolemy.moml.MoMLSimpleApplication@5e3e7fa5
reloadAllAccessors: .arrayType7

===========================================================================================
----------------- testing Fri Oct 16 13:50:06 UTC 2020 /home/travis/build/icyphy/ptII/ptolemy/actor/lib/test/auto/arrayType8.xml
----------------- Instantiating /home/travis/build/icyphy/ptII/ptolemy/actor/lib/test/auto/arrayType8.xml
2 ms. Memory: 473088K Free: 166227K (35%)
----------------- Invoking toplevel() on ptolemy.moml.MoMLSimpleApplication@5a289e16
----------------- Done invoking toplevel() on ptolemy.moml.MoMLSimpleApplication@5a289e16
reloadAllAccessors: .arrayType8

===========================================================================================
----------------- testing Fri Oct 16 13:50:06 UTC 2020 /home/travis/build/icyphy/ptII/ptolemy/actor/lib/test/auto/arrayType9.xml
----------------- Instantiating /home/travis/build/icyphy/ptII/ptolemy/actor/lib/test/auto/arrayType9.xml
2 ms. Memory: 473088K Free: 161617K (34%)
----------------- Invoking toplevel() on ptolemy.moml.MoMLSimpleApplication@4161b41a
----------------- Done invoking toplevel() on ptolemy.moml.MoMLSimpleApplication@4161b41a
reloadAllAccessors: .arrayType9

===========================================================================================
----------------- testing Fri Oct 16 13:50:07 UTC 2020 /home/travis/build/icyphy/ptII/ptolemy/actor/lib/test/auto/cast.xml
----------------- Instantiating /home/travis/build/icyphy/ptII/ptolemy/actor/lib/test/auto/cast.xml
9 ms. Memory: 473088K Free: 156497K (33%)
----------------- Invoking toplevel() on ptolemy.moml.MoMLSimpleApplication@28ac2b77
----------------- Done invoking toplevel() on ptolemy.moml.MoMLSimpleApplication@28ac2b77
reloadAllAccessors: .cast

===========================================================================================
----------------- testing Fri Oct 16 13:50:07 UTC 2020 /home/travis/build/icyphy/ptII/ptolemy/actor/lib/test/auto/compositeMultiPort.xml
----------------- Instantiating /home/travis/build/icyphy/ptII/ptolemy/actor/lib/test/auto/compositeMultiPort.xml
3 ms. Memory: 473088K Free: 410507K (87%)
----------------- Invoking toplevel() on ptolemy.moml.MoMLSimpleApplication@3424c44a
----------------- Done invoking toplevel() on ptolemy.moml.MoMLSimpleApplication@3424c44a
reloadAllAccessors: .compositeMultiPort

===========================================================================================
----------------- testing Fri Oct 16 13:50:07 UTC 2020 /home/travis/build/icyphy/ptII/ptolemy/actor/lib/test/auto/expressionCastInference.xml
----------------- Instantiating /home/travis/build/icyphy/ptII/ptolemy/actor/lib/test/auto/expressionCastInference.xml
3 ms. Memory: 473088K Free: 405393K (86%)
----------------- Invoking toplevel() on ptolemy.moml.MoMLSimpleApplication@5b422048
----------------- Done invoking toplevel() on ptolemy.moml.MoMLSimpleApplication@5b422048
reloadAllAccessors: .expressionCastInference

===========================================================================================
----------------- testing Fri Oct 16 13:50:07 UTC 2020 /home/travis/build/icyphy/ptII/ptolemy/actor/lib/test/auto/expressionCastInference2.xml
----------------- Instantiating /home/travis/build/icyphy/ptII/ptolemy/actor/lib/test/auto/expressionCastInference2.xml
3 ms. Memory: 473088K Free: 400787K (85%)
----------------- Invoking toplevel() on ptolemy.moml.MoMLSimpleApplication@573d554c
----------------- Done invoking toplevel() on ptolemy.moml.MoMLSimpleApplication@573d554c
reloadAllAccessors: .expressionCastInference2

===========================================================================================
----------------- testing Fri Oct 16 13:50:07 UTC 2020 /home/travis/build/icyphy/ptII/ptolemy/actor/lib/test/auto/expressionInference.xml
----------------- Instantiating /home/travis/build/icyphy/ptII/ptolemy/actor/lib/test/auto/expressionInference.xml
4 ms. Memory: 473088K Free: 396691K (84%)
----------------- Invoking toplevel() on ptolemy.moml.MoMLSimpleApplication@5be3d355
----------------- Done invoking toplevel() on ptolemy.moml.MoMLSimpleApplication@5be3d355
reloadAllAccessors: .expressionInference

===========================================================================================
----------------- testing Fri Oct 16 13:50:07 UTC 2020 /home/travis/build/icyphy/ptII/ptolemy/actor/lib/test/auto/expression_bug.xml
----------------- Instantiating /home/travis/build/icyphy/ptII/ptolemy/actor/lib/test/auto/expression_bug.xml
2 ms. Memory: 473088K Free: 392081K (83%)
----------------- Invoking toplevel() on ptolemy.moml.MoMLSimpleApplication@4d22b846
----------------- Done invoking toplevel() on ptolemy.moml.MoMLSimpleApplication@4d22b846
reloadAllAccessors: .expression_bug

===========================================================================================
----------------- testing Fri Oct 16 13:50:07 UTC 2020 /home/travis/build/icyphy/ptII/ptolemy/actor/lib/test/auto/factorial.xml
----------------- Instantiating /home/travis/build/icyphy/ptII/ptolemy/actor/lib/test/auto/factorial.xml
32 ms. Memory: 473088K Free: 383889K (81%)
----------------- Invoking toplevel() on ptolemy.moml.MoMLSimpleApplication@49d63308
----------------- Done invoking toplevel() on ptolemy.moml.MoMLSimpleApplication@49d63308
reloadAllAccessors: .factorial

===========================================================================================
----------------- testing Fri Oct 16 13:50:07 UTC 2020 /home/travis/build/icyphy/ptII/ptolemy/actor/lib/test/auto/filterTest1.xml
----------------- Instantiating /home/travis/build/icyphy/ptII/ptolemy/actor/lib/test/auto/filterTest1.xml
3 ms. Memory: 473088K Free: 377745K (80%)
----------------- Invoking toplevel() on ptolemy.moml.MoMLSimpleApplication@69e37798
----------------- Done invoking toplevel() on ptolemy.moml.MoMLSimpleApplication@69e37798
reloadAllAccessors: .filterTest1

===========================================================================================
----------------- testing Fri Oct 16 13:50:07 UTC 2020 /home/travis/build/icyphy/ptII/ptolemy/actor/lib/test/auto/funcApplyInConst.xml
----------------- Instantiating /home/travis/build/icyphy/ptII/ptolemy/actor/lib/test/auto/funcApplyInConst.xml
1 ms. Memory: 473088K Free: 374163K (79%)
----------------- Invoking toplevel() on ptolemy.moml.MoMLSimpleApplication@3716fcd1
----------------- Done invoking toplevel() on ptolemy.moml.MoMLSimpleApplication@3716fcd1
reloadAllAccessors: .funcApplyInConst

===========================================================================================
----------------- testing Fri Oct 16 13:50:07 UTC 2020 /home/travis/build/icyphy/ptII/ptolemy/actor/lib/test/auto/funcApplyInExpr.xml
----------------- Instantiating /home/travis/build/icyphy/ptII/ptolemy/actor/lib/test/auto/funcApplyInExpr.xml
2 ms. Memory: 473088K Free: 370067K (78%)
----------------- Invoking toplevel() on ptolemy.moml.MoMLSimpleApplication@5e890970
----------------- Done invoking toplevel() on ptolemy.moml.MoMLSimpleApplication@5e890970
reloadAllAccessors: .funcApplyInExpr

===========================================================================================
----------------- testing Fri Oct 16 13:50:07 UTC 2020 /home/travis/build/icyphy/ptII/ptolemy/actor/lib/test/auto/function.xml
----------------- Instantiating /home/travis/build/icyphy/ptII/ptolemy/actor/lib/test/auto/function.xml
2 ms. Memory: 473088K Free: 365457K (77%)
----------------- Invoking toplevel() on ptolemy.moml.MoMLSimpleApplication@3674d8bb
----------------- Done invoking toplevel() on ptolemy.moml.MoMLSimpleApplication@3674d8bb
reloadAllAccessors: .function

===========================================================================================
----------------- testing Fri Oct 16 13:50:07 UTC 2020 /home/travis/build/icyphy/ptII/ptolemy/actor/lib/test/auto/function2.xml
----------------- Instantiating /home/travis/build/icyphy/ptII/ptolemy/actor/lib/test/auto/function2.xml
2 ms. Memory: 473088K Free: 360851K (76%)
----------------- Invoking toplevel() on ptolemy.moml.MoMLSimpleApplication@2368579e
----------------- Done invoking toplevel() on ptolemy.moml.MoMLSimpleApplication@2368579e
reloadAllAccessors: .function2

===========================================================================================
----------------- testing Fri Oct 16 13:50:07 UTC 2020 /home/travis/build/icyphy/ptII/ptolemy/actor/lib/test/auto/function3.xml
----------------- Instantiating /home/travis/build/icyphy/ptII/ptolemy/actor/lib/test/auto/function3.xml
2 ms. Memory: 473088K Free: 356755K (75%)
----------------- Invoking toplevel() on ptolemy.moml.MoMLSimpleApplication@5d2bae32
----------------- Done invoking toplevel() on ptolemy.moml.MoMLSimpleApplication@5d2bae32
reloadAllAccessors: .function3

===========================================================================================
----------------- testing Fri Oct 16 13:50:07 UTC 2020 /home/travis/build/icyphy/ptII/ptolemy/actor/lib/test/auto/functionClosureTest1.xml
----------------- Instantiating /home/travis/build/icyphy/ptII/ptolemy/actor/lib/test/auto/functionClosureTest1.xml
2 ms. Memory: 473088K Free: 351121K (74%)
----------------- Invoking toplevel() on ptolemy.moml.MoMLSimpleApplication@10ad2b9d
----------------- Done invoking toplevel() on ptolemy.moml.MoMLSimpleApplication@10ad2b9d
reloadAllAccessors: .functionClosureTest1

===========================================================================================
----------------- testing Fri Oct 16 13:50:07 UTC 2020 /home/travis/build/icyphy/ptII/ptolemy/actor/lib/test/auto/functionClosureTest2.xml
----------------- Instantiating /home/travis/build/icyphy/ptII/ptolemy/actor/lib/test/auto/functionClosureTest2.xml
2 ms. Memory: 473088K Free: 347025K (73%)
----------------- Invoking toplevel() on ptolemy.moml.MoMLSimpleApplication@1de8cc4a
----------------- Done invoking toplevel() on ptolemy.moml.MoMLSimpleApplication@1de8cc4a
reloadAllAccessors: .functionClosureTest2

===========================================================================================
----------------- testing Fri Oct 16 13:50:07 UTC 2020 /home/travis/build/icyphy/ptII/ptolemy/actor/lib/test/auto/functionClosureTest3.xml
----------------- Instantiating /home/travis/build/icyphy/ptII/ptolemy/actor/lib/test/auto/functionClosureTest3.xml
2 ms. Memory: 473088K Free: 341905K (72%)
----------------- Invoking toplevel() on ptolemy.moml.MoMLSimpleApplication@71950b0d
----------------- Done invoking toplevel() on ptolemy.moml.MoMLSimpleApplication@71950b0d
reloadAllAccessors: .functionClosureTest3

===========================================================================================
----------------- testing Fri Oct 16 13:50:07 UTC 2020 /home/travis/build/icyphy/ptII/ptolemy/actor/lib/test/auto/functionClosureTest4.xml
----------------- Instantiating /home/travis/build/icyphy/ptII/ptolemy/actor/lib/test/auto/functionClosureTest4.xml
5 ms. Memory: 473088K Free: 335251K (71%)
----------------- Invoking toplevel() on ptolemy.moml.MoMLSimpleApplication@41ea32d0
----------------- Done invoking toplevel() on ptolemy.moml.MoMLSimpleApplication@41ea32d0
reloadAllAccessors: .functionClosureTest4

===========================================================================================
----------------- testing Fri Oct 16 13:50:07 UTC 2020 /home/travis/build/icyphy/ptII/ptolemy/actor/lib/test/auto/functionClosureTest5.xml
----------------- Instantiating /home/travis/build/icyphy/ptII/ptolemy/actor/lib/test/auto/functionClosureTest5.xml
4 ms. Memory: 473088K Free: 330131K (70%)
----------------- Invoking toplevel() on ptolemy.moml.MoMLSimpleApplication@740b711e
----------------- Done invoking toplevel() on ptolemy.moml.MoMLSimpleApplication@740b711e
reloadAllAccessors: .functionClosureTest5

===========================================================================================
----------------- testing Fri Oct 16 13:50:07 UTC 2020 /home/travis/build/icyphy/ptII/ptolemy/actor/lib/test/auto/functionClosureTest6.xml
----------------- Instantiating /home/travis/build/icyphy/ptII/ptolemy/actor/lib/test/auto/functionClosureTest6.xml
2 ms. Memory: 473088K Free: 325011K (69%)
----------------- Invoking toplevel() on ptolemy.moml.MoMLSimpleApplication@70c36774
----------------- Done invoking toplevel() on ptolemy.moml.MoMLSimpleApplication@70c36774
reloadAllAccessors: .functionClosureTest6

===========================================================================================
----------------- testing Fri Oct 16 13:50:07 UTC 2020 /home/travis/build/icyphy/ptII/ptolemy/actor/lib/test/auto/functionsOnArcs.xml
----------------- Instantiating /home/travis/build/icyphy/ptII/ptolemy/actor/lib/test/auto/functionsOnArcs.xml
2 ms. Memory: 473088K Free: 319891K (68%)
----------------- Invoking toplevel() on ptolemy.moml.MoMLSimpleApplication@4fcf382e
----------------- Done invoking toplevel() on ptolemy.moml.MoMLSimpleApplication@4fcf382e
reloadAllAccessors: .functionsOnArcs

===========================================================================================
----------------- testing Fri Oct 16 13:50:07 UTC 2020 /home/travis/build/icyphy/ptII/ptolemy/actor/lib/test/auto/functionsOnArcsHOF.xml
----------------- Instantiating /home/travis/build/icyphy/ptII/ptolemy/actor/lib/test/auto/functionsOnArcsHOF.xml
3 ms. Memory: 473088K Free: 314257K (66%)
----------------- Invoking toplevel() on ptolemy.moml.MoMLSimpleApplication@545702fb
----------------- Done invoking toplevel() on ptolemy.moml.MoMLSimpleApplication@545702fb
reloadAllAccessors: .functionsOnArcsHOF

===========================================================================================
----------------- testing Fri Oct 16 13:50:07 UTC 2020 /home/travis/build/icyphy/ptII/ptolemy/actor/lib/test/auto/logic.xml
----------------- Instantiating /home/travis/build/icyphy/ptII/ptolemy/actor/lib/test/auto/logic.xml
2 ms. Memory: 473088K Free: 306579K (65%)
----------------- Invoking toplevel() on ptolemy.moml.MoMLSimpleApplication@47a9cc78
----------------- Done invoking toplevel() on ptolemy.moml.MoMLSimpleApplication@47a9cc78
reloadAllAccessors: .logic

===========================================================================================
----------------- testing Fri Oct 16 13:50:07 UTC 2020 /home/travis/build/icyphy/ptII/ptolemy/actor/lib/test/auto/matrixType.xml
----------------- Instantiating /home/travis/build/icyphy/ptII/ptolemy/actor/lib/test/auto/matrixType.xml
1 ms. Memory: 473088K Free: 301969K (64%)
----------------- Invoking toplevel() on ptolemy.moml.MoMLSimpleApplication@199ba44e
----------------- Done invoking toplevel() on ptolemy.moml.MoMLSimpleApplication@199ba44e
reloadAllAccessors: .matrixType

===========================================================================================
----------------- testing Fri Oct 16 13:50:07 UTC 2020 /home/travis/build/icyphy/ptII/ptolemy/actor/lib/test/auto/matrixType10.xml
----------------- Instantiating /home/travis/build/icyphy/ptII/ptolemy/actor/lib/test/auto/matrixType10.xml
2 ms. Memory: 473088K Free: 296849K (63%)
----------------- Invoking toplevel() on ptolemy.moml.MoMLSimpleApplication@dd27cb2
----------------- Done invoking toplevel() on ptolemy.moml.MoMLSimpleApplication@dd27cb2
reloadAllAccessors: .matrixType10

===========================================================================================
----------------- testing Fri Oct 16 13:50:07 UTC 2020 /home/travis/build/icyphy/ptII/ptolemy/actor/lib/test/auto/matrixType11.xml
----------------- Instantiating /home/travis/build/icyphy/ptII/ptolemy/actor/lib/test/auto/matrixType11.xml
2 ms. Memory: 473088K Free: 292243K (62%)
----------------- Invoking toplevel() on ptolemy.moml.MoMLSimpleApplication@13e390f
----------------- Done invoking toplevel() on ptolemy.moml.MoMLSimpleApplication@13e390f
reloadAllAccessors: .matrixType11

===========================================================================================
----------------- testing Fri Oct 16 13:50:07 UTC 2020 /home/travis/build/icyphy/ptII/ptolemy/actor/lib/test/auto/matrixType12.xml
----------------- Instantiating /home/travis/build/icyphy/ptII/ptolemy/actor/lib/test/auto/matrixType12.xml
1 ms. Memory: 473088K Free: 287123K (61%)
----------------- Invoking toplevel() on ptolemy.moml.MoMLSimpleApplication@7ef29960
----------------- Done invoking toplevel() on ptolemy.moml.MoMLSimpleApplication@7ef29960
reloadAllAccessors: .matrixType12

===========================================================================================
----------------- testing Fri Oct 16 13:50:07 UTC 2020 /home/travis/build/icyphy/ptII/ptolemy/actor/lib/test/auto/matrixType13.xml
----------------- Instantiating /home/travis/build/icyphy/ptII/ptolemy/actor/lib/test/auto/matrixType13.xml
1 ms. Memory: 473088K Free: 282513K (60%)
----------------- Invoking toplevel() on ptolemy.moml.MoMLSimpleApplication@6743fb6b
----------------- Done invoking toplevel() on ptolemy.moml.MoMLSimpleApplication@6743fb6b
reloadAllAccessors: .matrixType13

===========================================================================================
----------------- testing Fri Oct 16 13:50:07 UTC 2020 /home/travis/build/icyphy/ptII/ptolemy/actor/lib/test/auto/matrixType14.xml
----------------- Instantiating /home/travis/build/icyphy/ptII/ptolemy/actor/lib/test/auto/matrixType14.xml
2 ms. Memory: 473088K Free: 277393K (59%)
----------------- Invoking toplevel() on ptolemy.moml.MoMLSimpleApplication@5b1876b2
----------------- Done invoking toplevel() on ptolemy.moml.MoMLSimpleApplication@5b1876b2
reloadAllAccessors: .matrixType14

===========================================================================================
----------------- testing Fri Oct 16 13:50:07 UTC 2020 /home/travis/build/icyphy/ptII/ptolemy/actor/lib/test/auto/matrixType2.xml
----------------- Instantiating /home/travis/build/icyphy/ptII/ptolemy/actor/lib/test/auto/matrixType2.xml
1 ms. Memory: 473088K Free: 272273K (58%)
----------------- Invoking toplevel() on ptolemy.moml.MoMLSimpleApplication@1d90921a
----------------- Done invoking toplevel() on ptolemy.moml.MoMLSimpleApplication@1d90921a
reloadAllAccessors: .matrixType2

===========================================================================================
----------------- testing Fri Oct 16 13:50:07 UTC 2020 /home/travis/build/icyphy/ptII/ptolemy/actor/lib/test/auto/matrixType3.xml
----------------- Instantiating /home/travis/build/icyphy/ptII/ptolemy/actor/lib/test/auto/matrixType3.xml
4 ms. Memory: 473088K Free: 267153K (56%)
----------------- Invoking toplevel() on ptolemy.moml.MoMLSimpleApplication@648cf2e3
----------------- Done invoking toplevel() on ptolemy.moml.MoMLSimpleApplication@648cf2e3
reloadAllAccessors: .matrixType3

===========================================================================================
----------------- testing Fri Oct 16 13:50:07 UTC 2020 /home/travis/build/icyphy/ptII/ptolemy/actor/lib/test/auto/matrixType4.xml
----------------- Instantiating /home/travis/build/icyphy/ptII/ptolemy/actor/lib/test/auto/matrixType4.xml
1 ms. Memory: 473088K Free: 262547K (55%)
----------------- Invoking toplevel() on ptolemy.moml.MoMLSimpleApplication@2a0ab595
----------------- Done invoking toplevel() on ptolemy.moml.MoMLSimpleApplication@2a0ab595
reloadAllAccessors: .matrixType4

===========================================================================================
----------------- testing Fri Oct 16 13:50:07 UTC 2020 /home/travis/build/icyphy/ptII/ptolemy/actor/lib/test/auto/matrixType5.xml
----------------- Instantiating /home/travis/build/icyphy/ptII/ptolemy/actor/lib/test/auto/matrixType5.xml
1 ms. Memory: 473088K Free: 257427K (54%)
----------------- Invoking toplevel() on ptolemy.moml.MoMLSimpleApplication@5c2f4ab1
----------------- Done invoking toplevel() on ptolemy.moml.MoMLSimpleApplication@5c2f4ab1
reloadAllAccessors: .matrixType5

===========================================================================================
----------------- testing Fri Oct 16 13:50:07 UTC 2020 /home/travis/build/icyphy/ptII/ptolemy/actor/lib/test/auto/matrixType6.xml
----------------- Instantiating /home/travis/build/icyphy/ptII/ptolemy/actor/lib/test/auto/matrixType6.xml
1 ms. Memory: 473088K Free: 252817K (53%)
----------------- Invoking toplevel() on ptolemy.moml.MoMLSimpleApplication@2f337514
----------------- Done invoking toplevel() on ptolemy.moml.MoMLSimpleApplication@2f337514
reloadAllAccessors: .matrixType6

===========================================================================================
----------------- testing Fri Oct 16 13:50:07 UTC 2020 /home/travis/build/icyphy/ptII/ptolemy/actor/lib/test/auto/matrixType7.xml
----------------- Instantiating /home/travis/build/icyphy/ptII/ptolemy/actor/lib/test/auto/matrixType7.xml
2 ms. Memory: 473088K Free: 247697K (52%)
----------------- Invoking toplevel() on ptolemy.moml.MoMLSimpleApplication@25afda99
----------------- Done invoking toplevel() on ptolemy.moml.MoMLSimpleApplication@25afda99
reloadAllAccessors: .matrixType7

===========================================================================================
----------------- testing Fri Oct 16 13:50:07 UTC 2020 /home/travis/build/icyphy/ptII/ptolemy/actor/lib/test/auto/matrixType8.xml
----------------- Instantiating /home/travis/build/icyphy/ptII/ptolemy/actor/lib/test/auto/matrixType8.xml
2 ms. Memory: 473088K Free: 243091K (51%)
----------------- Invoking toplevel() on ptolemy.moml.MoMLSimpleApplication@51cfc053
----------------- Done invoking toplevel() on ptolemy.moml.MoMLSimpleApplication@51cfc053
reloadAllAccessors: .matrixType8

===========================================================================================
----------------- testing Fri Oct 16 13:50:07 UTC 2020 /home/travis/build/icyphy/ptII/ptolemy/actor/lib/test/auto/matrixType9.xml
----------------- Instantiating /home/travis/build/icyphy/ptII/ptolemy/actor/lib/test/auto/matrixType9.xml
2 ms. Memory: 473088K Free: 237971K (50%)
----------------- Invoking toplevel() on ptolemy.moml.MoMLSimpleApplication@640cb23d
----------------- Done invoking toplevel() on ptolemy.moml.MoMLSimpleApplication@640cb23d
reloadAllAccessors: .matrixType9

===========================================================================================
----------------- testing Fri Oct 16 13:50:07 UTC 2020 /home/travis/build/icyphy/ptII/ptolemy/actor/lib/test/auto/paraFunctest.xml
----------------- Instantiating /home/travis/build/icyphy/ptII/ptolemy/actor/lib/test/auto/paraFunctest.xml
3 ms. Memory: 473088K Free: 233875K (49%)
----------------- Invoking toplevel() on ptolemy.moml.MoMLSimpleApplication@dd4d91a
----------------- Done invoking toplevel() on ptolemy.moml.MoMLSimpleApplication@dd4d91a
reloadAllAccessors: .paraFunctest

===========================================================================================
----------------- testing Fri Oct 16 13:50:07 UTC 2020 /home/travis/build/icyphy/ptII/ptolemy/actor/lib/test/auto/paraFunctest2.xml
----------------- Instantiating /home/travis/build/icyphy/ptII/ptolemy/actor/lib/test/auto/paraFunctest2.xml
2 ms. Memory: 473088K Free: 229265K (48%)
----------------- Invoking toplevel() on ptolemy.moml.MoMLSimpleApplication@60ef2843
----------------- Done invoking toplevel() on ptolemy.moml.MoMLSimpleApplication@60ef2843
reloadAllAccessors: .paraFunctest2

===========================================================================================
----------------- testing Fri Oct 16 13:50:07 UTC 2020 /home/travis/build/icyphy/ptII/ptolemy/actor/lib/test/auto/parameterPassing.xml
----------------- Instantiating /home/travis/build/icyphy/ptII/ptolemy/actor/lib/test/auto/parameterPassing.xml
1 ms. Memory: 473088K Free: 225169K (48%)
----------------- Invoking toplevel() on ptolemy.moml.MoMLSimpleApplication@26595d7f
----------------- Done invoking toplevel() on ptolemy.moml.MoMLSimpleApplication@26595d7f
reloadAllAccessors: .parameterPassing

===========================================================================================
----------------- testing Fri Oct 16 13:50:07 UTC 2020 /home/travis/build/icyphy/ptII/ptolemy/actor/lib/test/auto/record.xml
----------------- Instantiating /home/travis/build/icyphy/ptII/ptolemy/actor/lib/test/auto/record.xml
2 ms. Memory: 473088K Free: 220049K (47%)
----------------- Invoking toplevel() on ptolemy.moml.MoMLSimpleApplication@41bbb949
----------------- Done invoking toplevel() on ptolemy.moml.MoMLSimpleApplication@41bbb949
reloadAllAccessors: .record

===========================================================================================
----------------- testing Fri Oct 16 13:50:07 UTC 2020 /home/travis/build/icyphy/ptII/ptolemy/actor/lib/test/auto/sizedarray1.xml
----------------- Instantiating /home/travis/build/icyphy/ptII/ptolemy/actor/lib/test/auto/sizedarray1.xml
2 ms. Memory: 473088K Free: 214929K (45%)
----------------- Invoking toplevel() on ptolemy.moml.MoMLSimpleApplication@243d56f0
----------------- Done invoking toplevel() on ptolemy.moml.MoMLSimpleApplication@243d56f0
reloadAllAccessors: .sizedarray1

===========================================================================================
----------------- testing Fri Oct 16 13:50:07 UTC 2020 /home/travis/build/icyphy/ptII/ptolemy/actor/lib/test/auto/sizedarray2.xml
----------------- Instantiating /home/travis/build/icyphy/ptII/ptolemy/actor/lib/test/auto/sizedarray2.xml
2 ms. Memory: 473088K Free: 209299K (44%)
----------------- Invoking toplevel() on ptolemy.moml.MoMLSimpleApplication@7bca11bc
----------------- Done invoking toplevel() on ptolemy.moml.MoMLSimpleApplication@7bca11bc
reloadAllAccessors: .sizedarray2

===========================================================================================
----------------- testing Fri Oct 16 13:50:07 UTC 2020 /home/travis/build/icyphy/ptII/ptolemy/actor/lib/test/auto/twoPublishers.xml
----------------- Instantiating /home/travis/build/icyphy/ptII/ptolemy/actor/lib/test/auto/twoPublishers.xml
6 ms. Memory: 473088K Free: 198545K (42%)
----------------- Invoking toplevel() on ptolemy.moml.MoMLSimpleApplication@35de53df
----------------- Done invoking toplevel() on ptolemy.moml.MoMLSimpleApplication@35de53df
reloadAllAccessors: .twoPublishers
AutoTests.java: About to close Vertx.
AutoTests.java: Vertx closed.
]]></system-out>
  <system-err><![CDATA[java.lang.RuntimeException: Execution failed
	at ptolemy.moml.MoMLSimpleApplication$UnloadThread.run(MoMLSimpleApplication.java:402)
Caused by: java.lang.RuntimeException: StringUtilities.exit() was called. Normally, we would exit here because Manager.exitAfterWrapup() was called.  However, because the ptolemy.ptII.exitAfterWrapup property is set, we throw this exception instead.
	at ptolemy.util.StringUtilities.exit(StringUtilities.java:365)
	at ptolemy.actor.Manager.wrapup(Manager.java:1549)
	at ptolemy.actor.Manager.execute(Manager.java:407)
	at ptolemy.actor.Manager.run(Manager.java:1263)
	at ptolemy.actor.Manager$PtolemyRunThread.run(Manager.java:1933)
Warning: '.top.test' is in training mode, set the trainingMode parameter to false before checking in
Warning: '.top.test' is in training mode, set the trainingMode parameter to false before checking in
Warning: '.top.test' is in training mode, set the trainingMode parameter to false before checking in
Warning: '.BooleanSwitch_RegressionTest_WrongTrainingValues.Test' is in training mode, set the trainingMode parameter to false before checking in
Warning: '.BooleanSwitch_RegressionTest_WrongTrainingValues.Test2' is in training mode, set the trainingMode parameter to false before checking in
Warning: '.BooleanSwitch_RegressionTest_WrongTrainingValues.Test2' The test produced 0 tokens.
Warning: '.top.testExceptionHandler' is in training mode, set the trainingMode parameter to false before checking in
java.lang.RuntimeException: Execution failed
	at ptolemy.moml.MoMLSimpleApplication$UnloadThread.run(MoMLSimpleApplication.java:402)
Caused by: ptolemy.kernel.util.IllegalActionException: PublisherPorts cannot be used at the top level, use a Publisher actor instead.
  in .PublisherPortToplevelSubscriber.PublisherPort
	at ptolemy.actor.PublisherPort.preinitialize(PublisherPort.java:403)
	at ptolemy.actor.CompositeActor.preinitialize(CompositeActor.java:1769)
	at ptolemy.actor.Manager.preinitializeAndResolveTypes(Manager.java:1040)
	at ptolemy.actor.Manager.initialize(Manager.java:710)
	at ptolemy.actor.Manager.execute(Manager.java:356)
	at ptolemy.actor.Manager.run(Manager.java:1263)
	at ptolemy.actor.Manager$PtolemyRunThread.run(Manager.java:1933)
java.lang.reflect.InvocationTargetException
	at java.base/jdk.internal.reflect.NativeConstructorAccessorImpl.newInstance0(Native Method)
	at java.base/jdk.internal.reflect.NativeConstructorAccessorImpl.newInstance(NativeConstructorAccessorImpl.java:62)
	at java.base/jdk.internal.reflect.DelegatingConstructorAccessorImpl.newInstance(DelegatingConstructorAccessorImpl.java:45)
	at java.base/java.lang.reflect.Constructor.newInstance(Constructor.java:490)
	at ptolemy.util.test.junit.AutoKnownFailedTests.RunModel(AutoKnownFailedTests.java:105)
	at java.base/jdk.internal.reflect.NativeMethodAccessorImpl.invoke0(Native Method)
	at java.base/jdk.internal.reflect.NativeMethodAccessorImpl.invoke(NativeMethodAccessorImpl.java:62)
	at java.base/jdk.internal.reflect.DelegatingMethodAccessorImpl.invoke(DelegatingMethodAccessorImpl.java:43)
	at java.base/java.lang.reflect.Method.invoke(Method.java:566)
	at org.junit.runners.model.FrameworkMethod$1.runReflectiveCall(FrameworkMethod.java:44)
	at org.junit.internal.runners.model.ReflectiveCallable.run(ReflectiveCallable.java:15)
	at org.junit.runners.model.FrameworkMethod.invokeExplosively(FrameworkMethod.java:41)
	at junitparams.internal.InvokeParameterisedMethod.evaluate(InvokeParameterisedMethod.java:102)
	at org.junit.internal.runners.statements.FailOnTimeout$1.run(FailOnTimeout.java:28)
Caused by: ptolemy.kernel.util.IllegalActionException: PublisherPorts cannot be used at the top level, use a Publisher actor instead.
  in .PublisherPortToplevelSubscriber.PublisherPort
	at ptolemy.actor.PublisherPort.preinitialize(PublisherPort.java:403)
	at ptolemy.actor.CompositeActor.preinitialize(CompositeActor.java:1769)
	at ptolemy.actor.Manager.preinitializeAndResolveTypes(Manager.java:1040)
	at ptolemy.actor.Manager.initialize(Manager.java:710)
	at ptolemy.actor.Manager.execute(Manager.java:356)
	at ptolemy.actor.Manager.run(Manager.java:1263)
	at ptolemy.actor.Manager$PtolemyRunThread.run(Manager.java:1933)
java.lang.RuntimeException: Execution failed
	at ptolemy.moml.MoMLSimpleApplication$UnloadThread.run(MoMLSimpleApplication.java:402)
Caused by: ptolemy.kernel.util.IllegalActionException: SubscriberPorts cannot be used at the top level, use a Subscriber actor instead.
  in .PublisherSubscriberPortToplevel.SubscriberPort
	at ptolemy.actor.SubscriberPort.preinitialize(SubscriberPort.java:328)
	at ptolemy.actor.CompositeActor.preinitialize(CompositeActor.java:1769)
	at ptolemy.actor.Manager.preinitializeAndResolveTypes(Manager.java:1040)
	at ptolemy.actor.Manager.initialize(Manager.java:710)
	at ptolemy.actor.Manager.execute(Manager.java:356)
	at ptolemy.actor.Manager.run(Manager.java:1263)
	at ptolemy.actor.Manager$PtolemyRunThread.run(Manager.java:1933)
java.lang.reflect.InvocationTargetException
	at java.base/jdk.internal.reflect.NativeConstructorAccessorImpl.newInstance0(Native Method)
	at java.base/jdk.internal.reflect.NativeConstructorAccessorImpl.newInstance(NativeConstructorAccessorImpl.java:62)
	at java.base/jdk.internal.reflect.DelegatingConstructorAccessorImpl.newInstance(DelegatingConstructorAccessorImpl.java:45)
	at java.base/java.lang.reflect.Constructor.newInstance(Constructor.java:490)
	at ptolemy.util.test.junit.AutoKnownFailedTests.RunModel(AutoKnownFailedTests.java:105)
	at java.base/jdk.internal.reflect.NativeMethodAccessorImpl.invoke0(Native Method)
	at java.base/jdk.internal.reflect.NativeMethodAccessorImpl.invoke(NativeMethodAccessorImpl.java:62)
	at java.base/jdk.internal.reflect.DelegatingMethodAccessorImpl.invoke(DelegatingMethodAccessorImpl.java:43)
	at java.base/java.lang.reflect.Method.invoke(Method.java:566)
	at org.junit.runners.model.FrameworkMethod$1.runReflectiveCall(FrameworkMethod.java:44)
	at org.junit.internal.runners.model.ReflectiveCallable.run(ReflectiveCallable.java:15)
	at org.junit.runners.model.FrameworkMethod.invokeExplosively(FrameworkMethod.java:41)
	at junitparams.internal.InvokeParameterisedMethod.evaluate(InvokeParameterisedMethod.java:102)
	at org.junit.internal.runners.statements.FailOnTimeout$1.run(FailOnTimeout.java:28)
Caused by: ptolemy.kernel.util.IllegalActionException: SubscriberPorts cannot be used at the top level, use a Subscriber actor instead.
  in .PublisherSubscriberPortToplevel.SubscriberPort
	at ptolemy.actor.SubscriberPort.preinitialize(SubscriberPort.java:328)
	at ptolemy.actor.CompositeActor.preinitialize(CompositeActor.java:1769)
	at ptolemy.actor.Manager.preinitializeAndResolveTypes(Manager.java:1040)
	at ptolemy.actor.Manager.initialize(Manager.java:710)
	at ptolemy.actor.Manager.execute(Manager.java:356)
	at ptolemy.actor.Manager.run(Manager.java:1263)
	at ptolemy.actor.Manager$PtolemyRunThread.run(Manager.java:1933)
java.lang.RuntimeException: Execution failed
	at ptolemy.moml.MoMLSimpleApplication$UnloadThread.run(MoMLSimpleApplication.java:402)
Caused by: ptolemy.kernel.util.IllegalActionException: SubscriptionAggregatorPorts cannot be used at the top level, use a SubscriptionAggregator actor instead.
  in .PublisherSubscriptionAggregatorPort.SubscriptionAggregatorPort
	at ptolemy.actor.SubscriptionAggregatorPort.preinitialize(SubscriptionAggregatorPort.java:353)
	at ptolemy.actor.CompositeActor.preinitialize(CompositeActor.java:1769)
	at ptolemy.actor.Manager.preinitializeAndResolveTypes(Manager.java:1040)
	at ptolemy.actor.Manager.initialize(Manager.java:710)
	at ptolemy.actor.Manager.execute(Manager.java:356)
	at ptolemy.actor.Manager.run(Manager.java:1263)
	at ptolemy.actor.Manager$PtolemyRunThread.run(Manager.java:1933)
java.lang.reflect.InvocationTargetException
	at java.base/jdk.internal.reflect.NativeConstructorAccessorImpl.newInstance0(Native Method)
	at java.base/jdk.internal.reflect.NativeConstructorAccessorImpl.newInstance(NativeConstructorAccessorImpl.java:62)
	at java.base/jdk.internal.reflect.DelegatingConstructorAccessorImpl.newInstance(DelegatingConstructorAccessorImpl.java:45)
	at java.base/java.lang.reflect.Constructor.newInstance(Constructor.java:490)
	at ptolemy.util.test.junit.AutoKnownFailedTests.RunModel(AutoKnownFailedTests.java:105)
	at java.base/jdk.internal.reflect.NativeMethodAccessorImpl.invoke0(Native Method)
	at java.base/jdk.internal.reflect.NativeMethodAccessorImpl.invoke(NativeMethodAccessorImpl.java:62)
	at java.base/jdk.internal.reflect.DelegatingMethodAccessorImpl.invoke(DelegatingMethodAccessorImpl.java:43)
	at java.base/java.lang.reflect.Method.invoke(Method.java:566)
	at org.junit.runners.model.FrameworkMethod$1.runReflectiveCall(FrameworkMethod.java:44)
	at org.junit.internal.runners.model.ReflectiveCallable.run(ReflectiveCallable.java:15)
	at org.junit.runners.model.FrameworkMethod.invokeExplosively(FrameworkMethod.java:41)
	at junitparams.internal.InvokeParameterisedMethod.evaluate(InvokeParameterisedMethod.java:102)
	at org.junit.internal.runners.statements.FailOnTimeout$1.run(FailOnTimeout.java:28)
Caused by: ptolemy.kernel.util.IllegalActionException: SubscriptionAggregatorPorts cannot be used at the top level, use a SubscriptionAggregator actor instead.
  in .PublisherSubscriptionAggregatorPort.SubscriptionAggregatorPort
	at ptolemy.actor.SubscriptionAggregatorPort.preinitialize(SubscriptionAggregatorPort.java:353)
	at ptolemy.actor.CompositeActor.preinitialize(CompositeActor.java:1769)
	at ptolemy.actor.Manager.preinitializeAndResolveTypes(Manager.java:1040)
	at ptolemy.actor.Manager.initialize(Manager.java:710)
	at ptolemy.actor.Manager.execute(Manager.java:356)
	at ptolemy.actor.Manager.run(Manager.java:1263)
	at ptolemy.actor.Manager$PtolemyRunThread.run(Manager.java:1933)
java.lang.RuntimeException: Execution failed
	at ptolemy.moml.MoMLSimpleApplication$UnloadThread.run(MoMLSimpleApplication.java:402)
Caused by: ptolemy.kernel.util.IllegalActionException: TypeTest actor has no training data.
  in .sizedarray3.TypeTest
	at ptolemy.actor.lib.TypeTest.initialize(TypeTest.java:250)
	at ptolemy.actor.Director.initialize(Director.java:938)
	at ptolemy.actor.Director.initialize(Director.java:907)
	at ptolemy.actor.sched.StaticSchedulingDirector.initialize(StaticSchedulingDirector.java:159)
	at ptolemy.domains.sdf.kernel.SDFDirector.initialize(SDFDirector.java:544)
	at ptolemy.actor.CompositeActor.initialize(CompositeActor.java:935)
	at ptolemy.actor.Manager.initialize(Manager.java:724)
	at ptolemy.actor.Manager.execute(Manager.java:356)
	at ptolemy.actor.Manager.run(Manager.java:1263)
	at ptolemy.actor.Manager$PtolemyRunThread.run(Manager.java:1933)
java.lang.reflect.InvocationTargetException
	at java.base/jdk.internal.reflect.NativeConstructorAccessorImpl.newInstance0(Native Method)
	at java.base/jdk.internal.reflect.NativeConstructorAccessorImpl.newInstance(NativeConstructorAccessorImpl.java:62)
	at java.base/jdk.internal.reflect.DelegatingConstructorAccessorImpl.newInstance(DelegatingConstructorAccessorImpl.java:45)
	at java.base/java.lang.reflect.Constructor.newInstance(Constructor.java:490)
	at ptolemy.util.test.junit.AutoKnownFailedTests.RunModel(AutoKnownFailedTests.java:105)
	at java.base/jdk.internal.reflect.NativeMethodAccessorImpl.invoke0(Native Method)
	at java.base/jdk.internal.reflect.NativeMethodAccessorImpl.invoke(NativeMethodAccessorImpl.java:62)
	at java.base/jdk.internal.reflect.DelegatingMethodAccessorImpl.invoke(DelegatingMethodAccessorImpl.java:43)
	at java.base/java.lang.reflect.Method.invoke(Method.java:566)
	at org.junit.runners.model.FrameworkMethod$1.runReflectiveCall(FrameworkMethod.java:44)
	at org.junit.internal.runners.model.ReflectiveCallable.run(ReflectiveCallable.java:15)
	at org.junit.runners.model.FrameworkMethod.invokeExplosively(FrameworkMethod.java:41)
	at junitparams.internal.InvokeParameterisedMethod.evaluate(InvokeParameterisedMethod.java:102)
	at org.junit.internal.runners.statements.FailOnTimeout$1.run(FailOnTimeout.java:28)
Caused by: ptolemy.kernel.util.IllegalActionException: TypeTest actor has no training data.
  in .sizedarray3.TypeTest
	at ptolemy.actor.lib.TypeTest.initialize(TypeTest.java:250)
	at ptolemy.actor.Director.initialize(Director.java:938)
	at ptolemy.actor.Director.initialize(Director.java:907)
	at ptolemy.actor.sched.StaticSchedulingDirector.initialize(StaticSchedulingDirector.java:159)
	at ptolemy.domains.sdf.kernel.SDFDirector.initialize(SDFDirector.java:544)
	at ptolemy.actor.CompositeActor.initialize(CompositeActor.java:935)
	at ptolemy.actor.Manager.initialize(Manager.java:724)
	at ptolemy.actor.Manager.execute(Manager.java:356)
	at ptolemy.actor.Manager.run(Manager.java:1263)
	at ptolemy.actor.Manager$PtolemyRunThread.run(Manager.java:1933)
]]></system-err>
</testsuite>
