<?xml version="1.0" encoding="UTF-8" ?>
<testsuite errors="0" failures="0" hostname="travis-job-b629224e-b107-41e8-bb15-4bb0b2c38bdf" name="ptolemy.actor.lib.test.junit.JUnitTclTest" skipped="0" tests="517" time="60.463" timestamp="2020-06-25T14:56:13">
  <properties>
    <property name="npm.executable" value="npm" />
    <property name="env.TRAVIS_ROOT" value="/" />
    <property name="ptII.mk.exists" value="true" />
    <property name="env.TRAVIS_APP_HOST" value="build.travis-ci.org" />
    <property name="env.rvm_bin_path" value="/home/travis/.rvm/bin" />
    <property name="java.home" value="/usr/local/lib/jvm/openjdk11" />
    <property name="env.TRAVIS_JOB_NUMBER" value="1673.8" />
    <property name="env.TRAVIS_HOME" value="/home/travis" />
    <property name="env.DISPLAY" value=":99.0" />
    <property name="env.TRAVIS_INIT" value="systemd" />
    <property name="env.SSH_TTY" value="/dev/pts/0" />
    <property name="java.net.preferIPv4Stack" value="true" />
    <property name="env.RUN_TESTS" value="true" />
    <property name="timeout.short" value="1000000" />
    <property name="junit.formatter" value="xml" />
    <property name="env.TRAVIS_SUDO" value="true" />
    <property name="env.TRAVIS_JOB_NAME" value="" />
    <property name="env.TRAVIS_STACK_NODE_ATTRIBUTES" value="/.node-attributes.yml" />
    <property name="env.LOGNAME" value="travis" />
    <property name="env.PT_TRAVIS_TEST_CORE1_XML" value="true" />
    <property name="jsdoc.home" value="node_modules/@terraswarm/jsdoc" />
    <property name="debuglevel" value="source,lines,vars" />
    <property name="checkstyle.formatter" value="xml" />
    <property name="env._system_version" value="16.04" />
    <property name="bin.vergil.makeable" value="true" />
    <property name="sun.os.patch.level" value="unknown" />
    <property name="java.vendor.url" value="http://java.oracle.com/" />
    <property name="env.TRAVIS_BUILD_WEB_URL" value="https://travis-ci.org/icyphy/ptII/builds/702055502" />
    <property name="java.version" value="11.0.2" />
    <property name="env.TZ" value="UTC" />
    <property name="env.TRAVIS_PULL_REQUEST_SHA" value="" />
    <property name="env.PT_NO_NET" value="true" />
    <property name="env.TRAVIS_SECURE_ENV_VARS" value="true" />
    <property name="env._system_type" value="Linux" />
    <property name="java.vendor.url.bug" value="http://bugreport.java.com/bugreport/" />
    <property name="npmjs-org-is-up" value="true" />
    <property name="env.LANGUAGE" value="en_US.UTF-8" />
    <property name="env.SSH_CLIENT" value="10.16.4.106 55712 22" />
    <property name="env.GEM_HOME" value="/home/travis/.rvm/gems/ruby-2.5.3" />
    <property name="env.HAS_ANTARES_THREE_LITTLE_FRONZIES_BADGE" value="true" />
    <property name="java.version.date" value="2019-01-15" />
    <property name="env.PS4" value="+" />
    <property name="ant.project.invoked-targets" value="build,test.core1.xml" />
    <property name="env.TRAVIS_PULL_REQUEST_BRANCH" value="" />
    <property name="env.TRAVIS_REPO_SLUG" value="icyphy/ptII" />
    <property name="env.XDG_DATA_DIRS" value="/usr/local/share:/usr/share:/var/lib/snapd/desktop" />
    <property name="jdk.debug" value="release" />
    <property name="env.TRAVIS_APT_PROXY" value="http://build-cache.travisci.net" />
    <property name="env.TRAVIS_CPU_ARCH" value="amd64" />
    <property name="node.in.path" value="true" />
    <property name="user.name" value="travis" />
    <property name="java.maxmemory" value="1400m" />
    <property name="env.RUBY_VERSION" value="ruby-2.5.3" />
    <property name="env.LANG" value="en_US.UTF-8" />
    <property name="sun.io.unicode.encoding" value="UnicodeLittle" />
    <property name="sun.jnu.encoding" value="UTF-8" />
    <property name="java.runtime.name" value="OpenJDK Runtime Environment" />
    <property name="usefile" value="false" />
    <property name="return.code" value="0" />
    <property name="junit.single.formatter" value="plain" />
    <property name="env.DYLD_LIBRARY_PATH" value="/home/travis/pthla/certi-tools/lib:" />
    <property name="env.DEBIAN_FRONTEND" value="noninteractive" />
    <property name="env.SSH_CONNECTION" value="10.16.4.106 55712 10.20.0.44 22" />
    <property name="env.MYSQL_UNIX_PORT" value="/var/run/mysqld/mysqld.sock" />
    <property name="env.LC_ALL" value="en_US.UTF-8" />
    <property name="env.TRAVIS_ALLOW_FAILURE" value="" />
    <property name="env.TRAVIS_JOB_WEB_URL" value="https://travis-ci.org/icyphy/ptII/jobs/702055552" />
    <property name="java.specification.name" value="Java Platform API Specification" />
    <property name="node.works" value="true" />
    <property name="user.timezone" value="" />
    <property name="path.separator" value=":" />
    <property name="env.TRAVIS_ENABLE_INFRA_DETECTION" value="true" />
    <property name="env.PYTHON_CFLAGS" value="-g -fstack-protector --param=ssp-buffer-size=4 -Wformat -Werror=format-security" />
    <property name="timeout.long" value="4000000" />
    <property name="env.CERTI_HOME" value="/home/travis/pthla/certi-tools" />
    <property name="ant.file.ptII" value="/home/travis/build/icyphy/ptII/build.xml" />
    <property name="javadoc.packagenames" value="com.*,diva.*,lbnl.*,org.hlacerti.*,org.json.*,org.ptolemy.*,org.terraswarm.*,ptolemy.*,ptserver.*" />
    <property name="file.encoding" value="UTF-8" />
    <property name="env.TRAVIS_PULL_REQUEST_SLUG" value="" />
    <property name="ant.project.default-target" value="build" />
    <property name="env.GIT_ASKPASS" value="echo" />
    <property name="env.HOME" value="/home/travis" />
    <property name="sun.java.command" value="org.apache.tools.ant.taskdefs.optional.junit.JUnitTestRunner ptolemy.actor.lib.test.junit.JUnitTclTest skipNonTests=false filtertrace=true haltOnError=false haltOnFailure=false formatter=org.apache.tools.ant.taskdefs.optional.junit.OutErrSummaryJUnitResultFormatter showoutput=true outputtoformatters=true logfailedtests=true threadid=0 logtestlistenerevents=false formatter=org.apache.tools.ant.taskdefs.optional.junit.XMLJUnitResultFormatter,/home/travis/build/icyphy/ptII/reports/junit/TEST-ptolemy.actor.lib.test.junit.JUnitTclTest.xml crashfile=/home/travis/build/icyphy/ptII/junitvmwatcher15216978924838866252.properties propsfile=/home/travis/build/icyphy/ptII/junit4010496090347646084.properties" />
    <property name="env.COMPOSER_NO_INTERACTION" value="1" />
    <property name="env.MANPATH" value="/home/travis/.nvm/versions/node/v7.10.1/share/man:/home/travis/.rvm/rubies/ruby-2.5.3/share/man:/usr/local/cmake-3.12.4/man:/usr/local/clang-7.0.0/share/man:/usr/local/man:/usr/local/share/man:/usr/share/man:/home/travis/.rvm/man" />
    <property name="env.TRAVIS_TIMER_ID" value="02a7b88c" />
    <property name="ant.file" value="/home/travis/build/icyphy/ptII/build.xml" />
    <property name="env.TRAVIS_COMMIT_RANGE" value="3e950cfe0f3c004454147d0a7dfedd7f8d8e77cc...52bfcaaec950ad6b43d11ffdb9cd3f924b0c1f76" />
    <property name="env._system_name" value="Ubuntu" />
    <property name="ptII.classpath.optional.property" value="/home/travis/build/icyphy/ptII/lib/bsh-2.0b4.jar:/home/travis/build/icyphy/ptII/lib/ptCal.jar:/home/travis/build/icyphy/ptII/lib/java_cup.jar:/home/travis/build/icyphy/ptII/lib/saxon8.jar:/home/travis/build/icyphy/ptII/lib/saxon8-dom.jar:/home/travis/build/icyphy/ptII/lib/chic.jar:/home/travis/build/icyphy/ptII/lib/ptcolt.jar:/home/travis/build/icyphy/ptII/vendors/misc/itext/iText.jar:/home/travis/build/icyphy/ptII/lib/g4ltl.jar:/home/travis/build/icyphy/ptII/lib/StructuralCoder.jar:/home/travis/build/icyphy/ptII/lib/jcerti.jar:/home/travis/build/icyphy/ptII/lib/javax.mail.jar:/home/travis/build/icyphy/ptII/vendors/JMF-2.1.1e/lib/jmf.jar:/home/travis/build/icyphy/ptII/lib/jna-4.0.0-variadic.jar:/home/travis/build/icyphy/ptII/vendors/misc/joystick/Joystick.jar:/home/travis/build/icyphy/ptII/lib/ptjacl.jar:/home/travis/build/icyphy/ptII/lib/jsoup-1.8.2.jar:/home/travis/build/icyphy/ptII/lib/junit-4.8.2.jar:/home/travis/build/icyphy/ptII/lib/JUnitParams-0.4.0.jar:/home/travis/build/icyphy/ptII/ptolemy/actor/lib/excel/jxl.jar:/home/travis/build/icyphy/ptII/lib/jython.jar:/home/travis/build/icyphy/ptII/lib/kieler.jar:/home/travis/build/icyphy/ptII/vendors/opencv/share/OpenCV/java/opencv-341.jar:/home/travis/build/icyphy/ptII/lib/oscP5.jar:/home/travis/build/icyphy/ptII/lib/nrjavaserial-3.11.0.devel.jar:/home/travis/build/icyphy/ptII/vendors/j3d/lib/Linux/j3dcore.jar:/home/travis/build/icyphy/ptII/vendors/j3d/lib/Linux/j3dutils.jar:/home/travis/build/icyphy/ptII/vendors/j3d/lib/Linux/vecmath.jar:/home/travis/build/icyphy/ptII/vendors/jogl/lib/Linux/gluegen-rt-natives-linux-amd64.jar:/home/travis/build/icyphy/ptII/vendors/jogl/lib/Linux/gluegen-rt.jar:/home/travis/build/icyphy/ptII/vendors/jogl/lib/Linux/jogl-all-natives-linux-amd64.jar:/home/travis/build/icyphy/ptII/vendors/jogl/lib/Linux/jogl-all.jar:/home/travis/build/icyphy/ptII/ptolemy/distributed/jini/jar/jini-core.jar:/home/travis/build/icyphy/ptII/ptolemy/distributed/jini/jar/jini-ext.jar:/home/travis/build/icyphy/ptII/ptolemy/distributed/jini/jar/sun-util.jar:/home/travis/build/icyphy/ptII/lib/protobuf-java-2.4.1.jar:/home/travis/build/icyphy/ptII/lib/org.eclipse.paho.client.mqttv3.jar:/home/travis/build/icyphy/ptII/lib/mapss.jar:/home/travis/build/icyphy/ptII/ptolemy/actor/ptalon/antlr/antlr.jar:/home/travis/build/icyphy/ptII/lib/JRI.jar:/home/travis/build/icyphy/ptII/lib/commons-lang-2.6.jar:/home/travis/build/icyphy/ptII/lib/commons-logging-1.1.1.jar:/home/travis/build/icyphy/ptII/lib/sootclasses.jar:/home/travis/build/icyphy/ptII/ptolemy/actor/lib/database/mysql-connector-java-5.1.6-bin.jar:/home/travis/build/icyphy/ptII/vendors/misc/sphinx4/sphinx4-data-5prealpha.jar:/home/travis/build/icyphy/ptII/vendors/misc/sphinx4/sphinx4-core-5prealpha.jar:/home/travis/build/icyphy/ptII/lib/PDFRenderer.jar:/home/travis/build/icyphy/ptII/lib/svgSalamander.jar:/home/travis/build/icyphy/ptII/lib/rsyntaxtextarea-2.6.0-SNAPSHOT.jar:/home/travis/build/icyphy/ptII/lib/hazelcast-3.8.2.jar:/home/travis/build/icyphy/ptII/lib/jackson-annotations-2.9.0.jar:/home/travis/build/icyphy/ptII/lib/jackson-core-2.9.3.jar:/home/travis/build/icyphy/ptII/lib/jackson-databind-2.9.3.jar:/home/travis/build/icyphy/ptII/lib/netty-buffer-4.1.19.Final.jar:/home/travis/build/icyphy/ptII/lib/netty-codec-4.1.19.Final.jar:/home/travis/build/icyphy/ptII/lib/netty-codec-dns-4.1.19.Final.jar:/home/travis/build/icyphy/ptII/lib/netty-codec-http-4.1.19.Final.jar:/home/travis/build/icyphy/ptII/lib/netty-codec-http2-4.1.19.Final.jar:/home/travis/build/icyphy/ptII/lib/netty-common-4.1.19.Final.jar:/home/travis/build/icyphy/ptII/lib/netty-handler-4.1.19.Final.jar:/home/travis/build/icyphy/ptII/lib/netty-resolver-4.1.19.Final.jar:/home/travis/build/icyphy/ptII/lib/netty-resolver-dns-4.1.19.Final.jar:/home/travis/build/icyphy/ptII/lib/netty-transport-4.1.19.Final.jar:/home/travis/build/icyphy/ptII/lib/vertx-codegen-3.5.1.jar:/home/travis/build/icyphy/ptII/lib/vertx-core-3.5.2-SNAPSHOT.jar:/home/travis/build/icyphy/ptII/lib/vertx-hazelcast-3.5.1.jar:/home/travis/build/icyphy/ptII/lib/vertx-lang-js-3.5.1.jar:/home/travis/build/icyphy/ptII/lib/vertx-service-proxy-3.5.1.jar:/home/travis/build/icyphy/ptII/lib/vertx-web-3.5.1.jar:/home/travis/build/icyphy/ptII/lib/slf4j-api-1.7.13.jar:/home/travis/build/icyphy/ptII/lib/slf4j-simple-1.7.13.jar:/home/travis/build/icyphy/ptII/lib/webcam-capture-0.3.12.jar:/home/travis/build/icyphy/ptII/lib/bridj-0.7.0.jar:/home/travis/build/icyphy/ptII/lib/xbjlib-1.1.0.nrjavaserial.jar" />
    <property name="timeout" value="2400000" />
    <property name="test.batch" value="**/junit/*.java" />
    <property name="env._" value="/usr/bin/timeout" />
    <property name="java.io.tmpdir" value="/tmp" />
    <property name="user.language" value="en" />
    <property name="env.TRAVIS_INTERNAL_RUBY_REGEX" value="^ruby-(2\.[0-4]\.[0-9]|1\.9\.3)" />
    <property name="env.HISTCONTROL" value="ignoredups:ignorespace" />
    <property name="env.GOROOT" value="/home/travis/.gimme/versions/go1.11.1.linux.amd64" />
    <property name="line.separator" value="&#xa;" />
    <property name="target" value="11" />
    <property name="env.TRAVIS_BUILD_DIR" value="/home/travis/build/icyphy/ptII" />
    <property name="env.ANT_OPTS" value="-Xmx2048m" />
    <property name="ant.file.type" value="file" />
    <property name="ptolemy.ptII.batchMode" value="true" />
    <property name="env.HISTSIZE" value="1000" />
    <property name="env.MERB_ENV" value="test" />
    <property name="java.vm.info" value="mixed mode" />
    <property name="source" value="11" />
    <property name="java.vm.specification.name" value="Java Virtual Machine Specification" />
    <property name="env.TRAVIS_TEST_RESULT" value="0" />
    <property name="jsdoc.command" value="node_modules/@terraswarm/jsdoc/jsdoc.js" />
    <property name="npm.works" value="true" />
    <property name="cobertura.dir" value="/home/travis/build/icyphy/ptII/vendors/cobertura-2.0.3" />
    <property name="jsdoc.command.exists" value="true" />
    <property name="env.rvm_path" value="/home/travis/.rvm" />
    <property name="env.GEM_PATH" value="/home/travis/.rvm/gems/ruby-2.5.3:/home/travis/.rvm/gems/ruby-2.5.3@global" />
    <property name="env.LC_CTYPE" value="en_US.UTF-8" />
    <property name="env.TRAVIS_CMD" value="$PTII/bin/ptIITravisBuild.sh $SECONDS" />
    <property name="java.awt.printerjob" value="sun.print.PSPrinterJob" />
    <property name="env.TRAVIS_STACK_NAME" value="sardonyx" />
    <property name="env.TRAVIS_TIMER_START_TIME" value="1593096359217941581" />
    <property name="ant.version" value="Apache Ant(TM) version 1.10.1 compiled on February 2 2017" />
    <property name="ptII.reports" value="/home/travis/build/icyphy/ptII/reports" />
    <property name="env.TRAVIS_STACK_TIMESTAMP" value="2019-03-25 16:16:56 UTC" />
    <property name="ant.file.type.ptII" value="file" />
    <property name="env.RBENV_SHELL" value="bash" />
    <property name="os.name" value="Linux" />
    <property name="java.specification.vendor" value="Oracle Corporation" />
    <property name="env.rvm_version" value="1.29.7 (latest)" />
    <property name="env.TRAVIS_INFRA" value="unknown" />
    <property name="env.TERM" value="xterm" />
    <property name="java.vm.name" value="OpenJDK 64-Bit Server VM" />
    <property name="env.TRAVIS_BUILD_NUMBER" value="1673" />
    <property name="env.CI" value="true" />
    <property name="java.library.path" value="/home/travis/pthla/certi-tools/lib:/usr/lib/jni:/usr/local/share/OpenCV/java/:/usr/share/OpenCV/java::/usr/java/packages/lib:/usr/lib64:/lib64:/lib:/usr/lib" />
    <property name="jdk.module.path" value="/home/travis/build/icyphy/ptII/vendors/javafx/javafx-sdk-11.0.2/lib:" />
    <property name="env.rvm_prefix" value="/home/travis" />
    <property name="env.PATH" value="/home/travis/pthla/certi-tools/share/scripts:/home/travis/.rvm/gems/ruby-2.5.3/bin:/home/travis/.rvm/gems/ruby-2.5.3@global/bin:/home/travis/.rvm/rubies/ruby-2.5.3/bin:/home/travis/.rvm/bin:/home/travis/.nvm/versions/node/v7.10.1/bin:./node_modules/.bin:/home/travis/build/icyphy/ptII/bin:/home/travis/pthla/certi-tools/bin:/home/travis/bin:/home/travis/.local/bin:/usr/local/lib/jvm/openjdk11/bin:/opt/pyenv/shims:/home/travis/.phpenv/shims:/home/travis/perl5/perlbrew/bin:/home/travis/gopath/bin:/home/travis/.gimme/versions/go1.11.1.linux.amd64/bin:/usr/local/maven-3.6.0/bin:/usr/local/cmake-3.12.4/bin:/usr/local/clang-7.0.0/bin:/usr/local/sbin:/usr/local/bin:/usr/sbin:/usr/bin:/sbin:/bin:/snap/bin:/home/travis/.phpenv/bin:/opt/pyenv/bin:/home/travis/.yarn/bin" />
    <property name="env.TRAVIS_OS_NAME" value="linux" />
    <property name="ant.java.version" value="9" />
    <property name="basedir" value="/home/travis/build/icyphy/ptII" />
    <property name="java.class.version" value="55.0" />
    <property name="env.SHLVL" value="3" />
    <property name="env.LD_LIBRARY_PATH" value="/home/travis/pthla/certi-tools/lib:/usr/lib/jni:/usr/local/share/OpenCV/java/:/usr/share/OpenCV/java:" />
    <property name="env.RACK_ENV" value="test" />
    <property name="ant.home" value="/home/travis/build/icyphy/ptII/ant" />
    <property name="env.NVM_DIR" value="/home/travis/.nvm" />
    <property name="env.CERTI_FOM_PATH" value="/home/travis/pthla/certi-tools/share/federations" />
    <property name="env.TRAVIS_BUILD_ID" value="702055502" />
    <property name="env.PYENV_ROOT" value="/opt/pyenv" />
    <property name="env.TRAVIS_UID" value="2000" />
    <property name="prism.verbose" value="true" />
    <property name="env.NVM_BIN" value="/home/travis/.nvm/versions/node/v7.10.1/bin" />
    <property name="env.TRAVIS_COMMIT" value="52bfcaaec950ad6b43d11ffdb9cd3f924b0c1f76" />
    <property name="env._system_arch" value="x86_64" />
    <property name="node.executable" value="node" />
    <property name="sun.boot.library.path" value="/usr/local/lib/jvm/openjdk11/lib" />
    <property name="sun.management.compiler" value="HotSpot 64-Bit Tiered Compilers" />
    <property name="java.awt.graphicsenv" value="sun.awt.X11GraphicsEnvironment" />
    <property name="env.GOPATH" value="/home/travis/gopath" />
    <property name="ptolemy.ptII.dir" value="/home/travis/build/icyphy/ptII" />
    <property name="env.USER" value="travis" />
    <property name="env.HISTFILESIZE" value="2000" />
    <property name="env.NVM_INC" value="/home/travis/.nvm/versions/node/v7.10.1/include/node" />
    <property name="timeout.longest" value="19000000" />
    <property name="env.PERLBREW_SHELLRC_VERSION" value="0.86" />
    <property name="env.TRAVIS_STACK_FEATURES" value="basic couchdb disabled-ipv6 docker docker-compose elasticsearch firefox go-toolchain google-chrome jdk memcached mongodb mysql nodejs_interpreter perl_interpreter perlbrew phantomjs postgresql python_interpreter redis ruby_interpreter sqlite xserver" />
    <property name="env.TRAVIS_PULL_REQUEST" value="false" />
    <property name="env.PYENV_SHELL" value="bash" />
    <property name="ant.project.name" value="ptII" />
    <property name="env.ANSI_RESET" value="\033[0m" />
    <property name="java.vm.specification.version" value="11" />
    <property name="env.TRAVIS_DIST" value="xenial" />
    <property name="env.CERTI_VERSION" value="4.0.0" />
    <property name="env.CERTI_HOST" value="localhost" />
    <property name="awt.toolkit" value="sun.awt.X11.XToolkit" />
    <property name="env.MY_RUBY_HOME" value="/home/travis/.rvm/rubies/ruby-2.5.3" />
    <property name="sun.cpu.isalist" value="" />
    <property name="env.TRAVIS_TMPDIR" value="/tmp/tmp.VRLaeQeVe4" />
    <property name="java.vm.compressedOopsMode" value="Zero based" />
    <property name="os.version" value="4.15.0-1028-gcp" />
    <property name="user.home" value="/home/travis" />
    <property name="java.vm.vendor" value="Oracle Corporation" />
    <property name="env.TRAVIS_TAG" value="nightly" />
    <property name="env.ANSI_YELLOW" value="\033[33;1m" />
    <property name="env.TRAVIS_FILTERED" value="redirect_io" />
    <property name="env.ANSI_GREEN" value="\033[32;1m" />
    <property name="env.JAVA_HOME" value="/usr/local/lib/jvm/openjdk11" />
    <property name="javadoc.excludepackagenames" value="adm.cvs2svn.*,build.*,config.*,doc.coding.templates.*,jni.test.jni.meaningOfLife.*,jni.test.jni.testDeux.*,jni.test.jni.testTrois.*,org.terraswarm.accessor.accessors.web.node_modules.*,org.terraswarm.accessor.accessors.web.hosts.cordova.demo.*,org.terraswarm.accessor.accessors.web.hosts.cordova.plugins.*,org.terraswarm.accessor.accessors-svn.*,pt-modules.*,ptolemy.apps.agilent.*,ptolemy.apps.anytimecontrol.*,ptolemy.apps.apes.*,ptolemy.apps.charon.*,ptolemy.apps.crazyboard.*,ptolemy.apps.eclipse.*,ptolemy.apps.etherealSting.*,ptolemy.apps.fullscreen.*,ptolemy.apps.giotto.*,ptolemy.apps.ia.*,ptolemy.apps.interfaces.*,ptolemy.apps.jmf.*,ptolemy.apps.kurt.*,ptolemy.apps.kvm.*,ptolemy.apps.lego.*,ptolemy.apps.lejos.*,ptolemy.apps.midp.*,ptolemy.apps.mobileCoding.*,ptolemy.apps.pendulum.*,ptolemy.apps.rijndael.*,ptolemy.apps.robot.*,ptolemy.apps.security.*,ptolemy.apps.sobel.*,ptolemy.apps.soot.*,ptolemy.apps.throttle.*,ptolemy.apps.tini.*,ptolemy.apps.transmission.*,ptolemy.apps.vergil.*,ptolemy.apps.waba.*,ptolemy.apps.websensor.*,ptolemy.apps.webstart.*,ptolemy.apps.xsl.*,ptolemy.apps.zaurus.*,ptolemy.codegen.c.actor.lib.oldJavaFiles.*,ptolemy.codegen.dsp.lib.*,ptolemy.codegen.kernel.newInterfaces.*,ptolemy.codegen.lib.*,ptolemy.copernicus.kernel.fragment.*,ptolemy.copernicus.shallow.cg.*,ptolemy.domains.giotto.demo.Hierarchy.Hierarchy.*,ptolemy.domains.giotto.demo.Multimode.Multimode.*,ptolemy.domains.giotto.demo.Simple.Simple.*,ptolemy.domains.gr.lib.experimental.*,ptolemy.domains.gro.*,ptolemy.domains.pdf.*,ptolemy.domains.ptinyos.demo.Surge.output.*,ptolemy.moml.test.NoPackageActor.java*,ptolemy.plot.adm.*,ptolemy.plot.servlet.*,reports.*,signed.*,src.*,target.*,vendors.*,ptolemy.copernicus.applet.*,ptolemy.media.viewer.*,ptolemy.actor.corba.*,doc.doclets.*,ptolemy.apps.eclipse.awt.*,ptolemy.backtrack.*,ptolemy.backtrack.ast.*,ptolemy.cg.adapter.generic.program.procedural.c.mbed*,ptolemy.homer.*,ptolemy.actor.lib.jai.*,org.ptolemy.scala.*,diva.util.java2d.svg.*,ptolemy.domains.ptinyos.*,ptolemy.actor.lib.fmi.fmipp.*,,org.terraswarm.accessor.accessors.web.node_modules.*,org.terraswarm.accessor.accessors-svn,ptolemy.apps.*,ptolemy.actor.ptalon.demo.ptinyos.SendAndReceiveCnt.output,ptolemy.actor.ptalon.demo.ptinyos.SenseToLeds.output,ptolemy.domains.ptinyos.demo.CntToLedsAndRfm.output,ptolemy.domains.ptinyos.demo.RfmToLeds.output,ptolemy.domains.ptinyos.demo.SendAndReceiveCnt.output,ptolemy.domains.ptinyos.demo.SenseToLeds.output,ptolemy.actor.lib.jjs.modules.udpSocket.*" />
    <property name="env.PTII" value="/home/travis/build/icyphy/ptII" />
    <property name="env.XDG_SESSION_ID" value="2" />
    <property name="keystore" value="ptKeystore" />
    <property name="env.TRAVIS_COMMIT_MESSAGE" value="Updating models using array data type." />
    <property name="junit.output.dir" value="/home/travis/build/icyphy/ptII/reports/junit" />
    <property name="npm.return.code" value="0" />
    <property name="user.dir" value="/home/travis/build/icyphy/ptII/ptolemy/actor/lib/test" />
    <property name="env.TRAVIS_NODE_VERSION" value="7" />
    <property name="env.TRAVIS_EVENT_TYPE" value="cron" />
    <property name="env.MAIL" value="/var/mail/travis" />
    <property name="env.PERLBREW_ROOT" value="/home/travis/perl5/perlbrew" />
    <property name="env.PWD" value="/home/travis/build/icyphy/ptII" />
    <property name="timeout.npm" value="45000" />
    <property name="env.TRAVIS_ARCH" value="amd64" />
    <property name="sun.cpu.endian" value="little" />
    <property name="env.PAGER" value="cat" />
    <property name="env.TRAVIS_BUILD_STAGE_NAME" value="test" />
    <property name="env.PERLBREW_HOME" value="/home/travis/.perlbrew" />
    <property name="java.vm.version" value="11.0.2+9" />
    <property name="env.RAILS_ENV" value="test" />
    <property name="java.class.path" value="/home/travis/.ptolemyII:/home/travis/.ptolemyII/*:/home/travis/build/icyphy/ptII:/home/travis/build/icyphy/ptII/lib/bsh-2.0b4.jar:/home/travis/build/icyphy/ptII/lib/ptCal.jar:/home/travis/build/icyphy/ptII/lib/java_cup.jar:/home/travis/build/icyphy/ptII/lib/saxon8.jar:/home/travis/build/icyphy/ptII/lib/saxon8-dom.jar:/home/travis/build/icyphy/ptII/lib/chic.jar:/home/travis/build/icyphy/ptII/lib/ptcolt.jar:/home/travis/build/icyphy/ptII/vendors/misc/itext/iText.jar:/home/travis/build/icyphy/ptII/lib/g4ltl.jar:/home/travis/build/icyphy/ptII/lib/StructuralCoder.jar:/home/travis/build/icyphy/ptII/lib/jcerti.jar:/home/travis/build/icyphy/ptII/lib/javax.mail.jar:/home/travis/build/icyphy/ptII/vendors/JMF-2.1.1e/lib/jmf.jar:/home/travis/build/icyphy/ptII/lib/jna-4.0.0-variadic.jar:/home/travis/build/icyphy/ptII/vendors/misc/joystick/Joystick.jar:/home/travis/build/icyphy/ptII/lib/ptjacl.jar:/home/travis/build/icyphy/ptII/lib/jsoup-1.8.2.jar:/home/travis/build/icyphy/ptII/lib/junit-4.8.2.jar:/home/travis/build/icyphy/ptII/lib/JUnitParams-0.4.0.jar:/home/travis/build/icyphy/ptII/ptolemy/actor/lib/excel/jxl.jar:/home/travis/build/icyphy/ptII/lib/jython.jar:/home/travis/build/icyphy/ptII/lib/kieler.jar:/home/travis/build/icyphy/ptII/vendors/opencv/share/OpenCV/java/opencv-341.jar:/home/travis/build/icyphy/ptII/lib/oscP5.jar:/home/travis/build/icyphy/ptII/lib/nrjavaserial-3.11.0.devel.jar:/home/travis/build/icyphy/ptII/vendors/j3d/lib/Linux/j3dcore.jar:/home/travis/build/icyphy/ptII/vendors/j3d/lib/Linux/j3dutils.jar:/home/travis/build/icyphy/ptII/vendors/j3d/lib/Linux/vecmath.jar:/home/travis/build/icyphy/ptII/vendors/jogl/lib/Linux/gluegen-rt-natives-linux-amd64.jar:/home/travis/build/icyphy/ptII/vendors/jogl/lib/Linux/gluegen-rt.jar:/home/travis/build/icyphy/ptII/vendors/jogl/lib/Linux/jogl-all-natives-linux-amd64.jar:/home/travis/build/icyphy/ptII/vendors/jogl/lib/Linux/jogl-all.jar:/home/travis/build/icyphy/ptII/ptolemy/distributed/jini/jar/jini-core.jar:/home/travis/build/icyphy/ptII/ptolemy/distributed/jini/jar/jini-ext.jar:/home/travis/build/icyphy/ptII/ptolemy/distributed/jini/jar/sun-util.jar:/home/travis/build/icyphy/ptII/lib/protobuf-java-2.4.1.jar:/home/travis/build/icyphy/ptII/lib/org.eclipse.paho.client.mqttv3.jar:/home/travis/build/icyphy/ptII/lib/mapss.jar:/home/travis/build/icyphy/ptII/ptolemy/actor/ptalon/antlr/antlr.jar:/home/travis/build/icyphy/ptII/lib/JRI.jar:/home/travis/build/icyphy/ptII/lib/commons-lang-2.6.jar:/home/travis/build/icyphy/ptII/lib/commons-logging-1.1.1.jar:/home/travis/build/icyphy/ptII/lib/sootclasses.jar:/home/travis/build/icyphy/ptII/ptolemy/actor/lib/database/mysql-connector-java-5.1.6-bin.jar:/home/travis/build/icyphy/ptII/vendors/misc/sphinx4/sphinx4-data-5prealpha.jar:/home/travis/build/icyphy/ptII/vendors/misc/sphinx4/sphinx4-core-5prealpha.jar:/home/travis/build/icyphy/ptII/lib/PDFRenderer.jar:/home/travis/build/icyphy/ptII/lib/svgSalamander.jar:/home/travis/build/icyphy/ptII/lib/rsyntaxtextarea-2.6.0-SNAPSHOT.jar:/home/travis/build/icyphy/ptII/lib/hazelcast-3.8.2.jar:/home/travis/build/icyphy/ptII/lib/jackson-annotations-2.9.0.jar:/home/travis/build/icyphy/ptII/lib/jackson-core-2.9.3.jar:/home/travis/build/icyphy/ptII/lib/jackson-databind-2.9.3.jar:/home/travis/build/icyphy/ptII/lib/netty-buffer-4.1.19.Final.jar:/home/travis/build/icyphy/ptII/lib/netty-codec-4.1.19.Final.jar:/home/travis/build/icyphy/ptII/lib/netty-codec-dns-4.1.19.Final.jar:/home/travis/build/icyphy/ptII/lib/netty-codec-http-4.1.19.Final.jar:/home/travis/build/icyphy/ptII/lib/netty-codec-http2-4.1.19.Final.jar:/home/travis/build/icyphy/ptII/lib/netty-common-4.1.19.Final.jar:/home/travis/build/icyphy/ptII/lib/netty-handler-4.1.19.Final.jar:/home/travis/build/icyphy/ptII/lib/netty-resolver-4.1.19.Final.jar:/home/travis/build/icyphy/ptII/lib/netty-resolver-dns-4.1.19.Final.jar:/home/travis/build/icyphy/ptII/lib/netty-transport-4.1.19.Final.jar:/home/travis/build/icyphy/ptII/lib/vertx-codegen-3.5.1.jar:/home/travis/build/icyphy/ptII/lib/vertx-core-3.5.2-SNAPSHOT.jar:/home/travis/build/icyphy/ptII/lib/vertx-hazelcast-3.5.1.jar:/home/travis/build/icyphy/ptII/lib/vertx-lang-js-3.5.1.jar:/home/travis/build/icyphy/ptII/lib/vertx-service-proxy-3.5.1.jar:/home/travis/build/icyphy/ptII/lib/vertx-web-3.5.1.jar:/home/travis/build/icyphy/ptII/lib/slf4j-api-1.7.13.jar:/home/travis/build/icyphy/ptII/lib/slf4j-simple-1.7.13.jar:/home/travis/build/icyphy/ptII/lib/webcam-capture-0.3.12.jar:/home/travis/build/icyphy/ptII/lib/bridj-0.7.0.jar:/home/travis/build/icyphy/ptII/lib/xbjlib-1.1.0.nrjavaserial.jar:/home/travis/build/icyphy/ptII/ptolemy/moml/test:/home/travis/build/icyphy/ptII/ant/lib/ant-launcher.jar:/home/travis/build/icyphy/ptII/ant/lib/ant.jar:/home/travis/build/icyphy/ptII/ant/lib/ant-junit.jar:/home/travis/build/icyphy/ptII/ant/lib/ant-junit4.jar" />
    <property name="ant.library.dir" value="/home/travis/build/icyphy/ptII/ant/lib" />
    <property name="os.arch" value="amd64" />
    <property name="env.CONTINUOUS_INTEGRATION" value="true" />
    <property name="env.TRAVIS_LANGUAGE" value="node_js" />
    <property name="env.TRAVIS_STACK_LANGUAGES" value="__sardonyx__ c c++ clojure cplusplus cpp default generic go groovy java node_js php pure_java python ruby scala" />
    <property name="test.name" value="ptolemy.actor.lib.test.junit.JUnitTclTest" />
    <property name="env.APT_KEY_DONT_WARN_ON_DANGEROUS_USAGE" value="1" />
    <property name="sun.java.launcher" value="SUN_STANDARD" />
    <property name="env.PYTHON_CONFIGURE_OPTS" value="--enable-unicode=ucs4 --with-wide-unicode --enable-shared --enable-ipv6 --enable-loadable-sqlite-extensions --with-computed-gotos" />
    <property name="ant.core.lib" value="/home/travis/build/icyphy/ptII/ant/lib/ant.jar" />
    <property name="java.vm.specification.vendor" value="Oracle Corporation" />
    <property name="env.BCVTB_HOME" value="/home/travis/build/icyphy/ptII/lbnl" />
    <property name="file.separator" value="/" />
    <property name="spotbugs.home" value="/home/travis/build/icyphy/ptII/vendors/spotbugs-3.1.1" />
    <property name="java.runtime.version" value="11.0.2+9" />
    <property name="env.ANSI_CLEAR" value="\033[0K" />
    <property name="javafx.verbose" value="true" />
    <property name="env.HAS_JOSH_K_SEAL_OF_APPROVAL" value="true" />
    <property name="env.XDG_RUNTIME_DIR" value="/run/user/2000" />
    <property name="env.TRAVIS_OSX_IMAGE" value="" />
    <property name="env.TRAVIS_JOB_ID" value="702055552" />
    <property name="env.TRAVIS_BRANCH" value="master" />
    <property name="user.country" value="US" />
    <property name="env.CERTI_HOME_TRAVIS" value="/home/travis/pthla/certi-tools" />
    <property name="env.SHELL" value="/bin/bash" />
    <property name="java.maxmemory.large" value="3200m" />
    <property name="model" value="" />
    <property name="env.CASHER_DIR" value="/home/travis/.casher" />
    <property name="env.NVM_CD_FLAGS" value="" />
    <property name="java.vendor.version" value="18.9" />
    <property name="jshint.executable" value="/home/travis/node_modules/jshint/bin/jshint" />
    <property name="env.JRUBY_OPTS" value=" --client -J-XX:+TieredCompilation -J-XX:TieredStopAtLevel=1 -J-Xss2m -Xcompile.invokedynamic=false" />
    <property name="java.vendor" value="Oracle Corporation" />
    <property name="env.TRAVIS_PRE_CHEF_BOOTSTRAP_TIME" value="2019-03-25T16:16:42" />
    <property name="env.TRAVIS_STACK_JOB_BOARD_REGISTER" value="/.job-board-register.yml" />
    <property name="env.ANSI_RED" value="\033[31;1m" />
    <property name="java.specification.version" value="11" />
    <property name="env.IRBRC" value="/home/travis/.rvm/rubies/ruby-2.5.3/.irbrc" />
    <property name="env.TRAVIS" value="true" />
    <property name="sun.arch.data.model" value="64" />
  </properties>
  <testcase classname="ptolemy.util.test.junit.TclTests" name="[0] /home/travis/build/icyphy/ptII/ptolemy/actor/lib/test/AbsoluteValue.tcl (RunTclFile)" time="0.532" />
  <testcase classname="ptolemy.util.test.junit.TclTests" name="[1] /home/travis/build/icyphy/ptII/ptolemy/actor/lib/test/AddSubtract.tcl (RunTclFile)" time="0.1" />
  <testcase classname="ptolemy.util.test.junit.TclTests" name="[2] /home/travis/build/icyphy/ptII/ptolemy/actor/lib/test/Average.tcl (RunTclFile)" time="0.064" />
  <testcase classname="ptolemy.util.test.junit.TclTests" name="[3] /home/travis/build/icyphy/ptII/ptolemy/actor/lib/test/Bernoulli.tcl (RunTclFile)" time="0.046" />
  <testcase classname="ptolemy.util.test.junit.TclTests" name="[4] /home/travis/build/icyphy/ptII/ptolemy/actor/lib/test/Clock.tcl (RunTclFile)" time="0.086" />
  <testcase classname="ptolemy.util.test.junit.TclTests" name="[5] /home/travis/build/icyphy/ptII/ptolemy/actor/lib/test/Commutator.tcl (RunTclFile)" time="0.105" />
  <testcase classname="ptolemy.util.test.junit.TclTests" name="[6] /home/travis/build/icyphy/ptII/ptolemy/actor/lib/test/Const.tcl (RunTclFile)" time="0.089" />
  <testcase classname="ptolemy.util.test.junit.TclTests" name="[7] /home/travis/build/icyphy/ptII/ptolemy/actor/lib/test/CurrentTime.tcl (RunTclFile)" time="0.051" />
  <testcase classname="ptolemy.util.test.junit.TclTests" name="[8] /home/travis/build/icyphy/ptII/ptolemy/actor/lib/test/DB.tcl (RunTclFile)" time="0.046" />
  <testcase classname="ptolemy.util.test.junit.TclTests" name="[9] /home/travis/build/icyphy/ptII/ptolemy/actor/lib/test/DiscreteRandomSource.tcl (RunTclFile)" time="0.044" />
  <testcase classname="ptolemy.util.test.junit.TclTests" name="[10] /home/travis/build/icyphy/ptII/ptolemy/actor/lib/test/Distributor.tcl (RunTclFile)" time="0.101" />
  <testcase classname="ptolemy.util.test.junit.TclTests" name="[11] /home/travis/build/icyphy/ptII/ptolemy/actor/lib/test/Exit.tcl (RunTclFile)" time="0.111" />
  <testcase classname="ptolemy.util.test.junit.TclTests" name="[12] /home/travis/build/icyphy/ptII/ptolemy/actor/lib/test/Expression.tcl (RunTclFile)" time="0.132" />
  <testcase classname="ptolemy.util.test.junit.TclTests" name="[13] /home/travis/build/icyphy/ptII/ptolemy/actor/lib/test/Gaussian.tcl (RunTclFile)" time="0.442" />
  <testcase classname="ptolemy.util.test.junit.TclTests" name="[14] /home/travis/build/icyphy/ptII/ptolemy/actor/lib/test/IIR.tcl (RunTclFile)" time="0.04" />
  <testcase classname="ptolemy.util.test.junit.TclTests" name="[15] /home/travis/build/icyphy/ptII/ptolemy/actor/lib/test/Interpolator.tcl (RunTclFile)" time="0.069" />
  <testcase classname="ptolemy.util.test.junit.TclTests" name="[16] /home/travis/build/icyphy/ptII/ptolemy/actor/lib/test/MathFunction.tcl (RunTclFile)" time="0.056" />
  <testcase classname="ptolemy.util.test.junit.TclTests" name="[17] /home/travis/build/icyphy/ptII/ptolemy/actor/lib/test/Maximum.tcl (RunTclFile)" time="0.023" />
  <testcase classname="ptolemy.util.test.junit.TclTests" name="[18] /home/travis/build/icyphy/ptII/ptolemy/actor/lib/test/Minimum.tcl (RunTclFile)" time="0.019" />
  <testcase classname="ptolemy.util.test.junit.TclTests" name="[19] /home/travis/build/icyphy/ptII/ptolemy/actor/lib/test/MultiplyDivide.tcl (RunTclFile)" time="0.032" />
  <testcase classname="ptolemy.util.test.junit.TclTests" name="[20] /home/travis/build/icyphy/ptII/ptolemy/actor/lib/test/OrderedMerge.tcl (RunTclFile)" time="0.129" />
  <testcase classname="ptolemy.util.test.junit.TclTests" name="[21] /home/travis/build/icyphy/ptII/ptolemy/actor/lib/test/Publisher.tcl (RunTclFile)" time="0.931" />
  <testcase classname="ptolemy.util.test.junit.TclTests" name="[22] /home/travis/build/icyphy/ptII/ptolemy/actor/lib/test/Pulse.tcl (RunTclFile)" time="0.077" />
  <testcase classname="ptolemy.util.test.junit.TclTests" name="[23] /home/travis/build/icyphy/ptII/ptolemy/actor/lib/test/Ramp.tcl (RunTclFile)" time="2.047" />
  <testcase classname="ptolemy.util.test.junit.TclTests" name="[24] /home/travis/build/icyphy/ptII/ptolemy/actor/lib/test/RampContinuous.tcl (RunTclFile)" time="0.019" />
  <testcase classname="ptolemy.util.test.junit.TclTests" name="[25] /home/travis/build/icyphy/ptII/ptolemy/actor/lib/test/RecordAssembler.tcl (RunTclFile)" time="0.018" />
  <testcase classname="ptolemy.util.test.junit.TclTests" name="[26] /home/travis/build/icyphy/ptII/ptolemy/actor/lib/test/RecordDisassembler.tcl (RunTclFile)" time="0.034" />
  <testcase classname="ptolemy.util.test.junit.TclTests" name="[27] /home/travis/build/icyphy/ptII/ptolemy/actor/lib/test/Scale.tcl (RunTclFile)" time="0.024" />
  <testcase classname="ptolemy.util.test.junit.TclTests" name="[28] /home/travis/build/icyphy/ptII/ptolemy/actor/lib/test/SequentialClock.tcl (RunTclFile)" time="0.015" />
  <testcase classname="ptolemy.util.test.junit.TclTests" name="[29] /home/travis/build/icyphy/ptII/ptolemy/actor/lib/test/SetVariable.tcl (RunTclFile)" time="0.01" />
  <testcase classname="ptolemy.util.test.junit.TclTests" name="[30] /home/travis/build/icyphy/ptII/ptolemy/actor/lib/test/Sinewave.tcl (RunTclFile)" time="0.034" />
  <testcase classname="ptolemy.util.test.junit.TclTests" name="[31] /home/travis/build/icyphy/ptII/ptolemy/actor/lib/test/SubscriptionAggregator.tcl (RunTclFile)" time="2.098" />
  <testcase classname="ptolemy.util.test.junit.TclTests" name="[32] /home/travis/build/icyphy/ptII/ptolemy/actor/lib/test/Test.tcl (RunTclFile)" time="0.111" />
  <testcase classname="ptolemy.util.test.junit.TclTests" name="[33] /home/travis/build/icyphy/ptII/ptolemy/actor/lib/test/TestExceptionHandler.tcl (RunTclFile)" time="0.013" />
  <testcase classname="ptolemy.util.test.junit.TclTests" name="[34] /home/travis/build/icyphy/ptII/ptolemy/actor/lib/test/UnionDisassembler.tcl (RunTclFile)" time="0.069" />
  <testcase classname="ptolemy.util.test.junit.TclTests" name="[35] /home/travis/build/icyphy/ptII/ptolemy/actor/lib/test/VariableClock.tcl (RunTclFile)" time="0.03" />
  <testcase classname="ptolemy.util.test.junit.AutoKnownFailedTests" name="[0] /home/travis/build/icyphy/ptII/ptolemy/actor/lib/test/auto/knownFailedTests/PublisherPortToplevelSubscriber.xml (RunModel)" time="0.033" />
  <testcase classname="ptolemy.util.test.junit.AutoKnownFailedTests" name="[1] /home/travis/build/icyphy/ptII/ptolemy/actor/lib/test/auto/knownFailedTests/PublisherSubscriberPortToplevel.xml (RunModel)" time="0.017" />
  <testcase classname="ptolemy.util.test.junit.AutoKnownFailedTests" name="[2] /home/travis/build/icyphy/ptII/ptolemy/actor/lib/test/auto/knownFailedTests/PublisherSubscriptionAggregatorPort.xml (RunModel)" time="0.018" />
  <testcase classname="ptolemy.util.test.junit.AutoKnownFailedTests" name="[3] /home/travis/build/icyphy/ptII/ptolemy/actor/lib/test/auto/knownFailedTests/sizedarray3.xml (RunModel)" time="0.025" />
  <testcase classname="ptolemy.util.test.junit.AutoNameArchTests" name="[0] ThereAreNoAutoArchTests (RunModel)" time="0.005" />
  <testcase classname="ptolemy.util.test.junit.AutoTests" name="[0] /home/travis/build/icyphy/ptII/ptolemy/actor/lib/test/auto/AbsoluteValue.xml (RunModel)" time="0.128" />
  <testcase classname="ptolemy.util.test.junit.AutoTests" name="[1] /home/travis/build/icyphy/ptII/ptolemy/actor/lib/test/auto/AbsoluteValue2.xml (RunModel)" time="0.073" />
  <testcase classname="ptolemy.util.test.junit.AutoTests" name="[2] /home/travis/build/icyphy/ptII/ptolemy/actor/lib/test/auto/Accumulator.xml (RunModel)" time="0.064" />
  <testcase classname="ptolemy.util.test.junit.AutoTests" name="[3] /home/travis/build/icyphy/ptII/ptolemy/actor/lib/test/auto/Accumulator2.xml (RunModel)" time="0.032" />
  <testcase classname="ptolemy.util.test.junit.AutoTests" name="[4] /home/travis/build/icyphy/ptII/ptolemy/actor/lib/test/auto/Accumulator3.xml (RunModel)" time="0.022" />
  <testcase classname="ptolemy.util.test.junit.AutoTests" name="[5] /home/travis/build/icyphy/ptII/ptolemy/actor/lib/test/auto/ArrayAppend.xml (RunModel)" time="0.05" />
  <testcase classname="ptolemy.util.test.junit.AutoTests" name="[6] /home/travis/build/icyphy/ptII/ptolemy/actor/lib/test/auto/ArrayAppend2.xml (RunModel)" time="0.295" />
  <testcase classname="ptolemy.util.test.junit.AutoTests" name="[7] /home/travis/build/icyphy/ptII/ptolemy/actor/lib/test/auto/ArrayAppend3.xml (RunModel)" time="0.04" />
  <testcase classname="ptolemy.util.test.junit.AutoTests" name="[8] /home/travis/build/icyphy/ptII/ptolemy/actor/lib/test/auto/ArrayAppend4.xml (RunModel)" time="0.017" />
  <testcase classname="ptolemy.util.test.junit.AutoTests" name="[9] /home/travis/build/icyphy/ptII/ptolemy/actor/lib/test/auto/ArrayAppend5.xml (RunModel)" time="0.015" />
  <testcase classname="ptolemy.util.test.junit.AutoTests" name="[10] /home/travis/build/icyphy/ptII/ptolemy/actor/lib/test/auto/ArrayAppend6.xml (RunModel)" time="0.017" />
  <testcase classname="ptolemy.util.test.junit.AutoTests" name="[11] /home/travis/build/icyphy/ptII/ptolemy/actor/lib/test/auto/ArrayAppendPerformanceTest.xml (RunModel)" time="0.051" />
  <testcase classname="ptolemy.util.test.junit.AutoTests" name="[12] /home/travis/build/icyphy/ptII/ptolemy/actor/lib/test/auto/ArrayAppendWithEmptyInput.xml (RunModel)" time="0.032" />
  <testcase classname="ptolemy.util.test.junit.AutoTests" name="[13] /home/travis/build/icyphy/ptII/ptolemy/actor/lib/test/auto/ArrayAverage.xml (RunModel)" time="0.037" />
  <testcase classname="ptolemy.util.test.junit.AutoTests" name="[14] /home/travis/build/icyphy/ptII/ptolemy/actor/lib/test/auto/ArrayContains.xml (RunModel)" time="0.022" />
  <testcase classname="ptolemy.util.test.junit.AutoTests" name="[15] /home/travis/build/icyphy/ptII/ptolemy/actor/lib/test/auto/ArrayElement.xml (RunModel)" time="0.046" />
  <testcase classname="ptolemy.util.test.junit.AutoTests" name="[16] /home/travis/build/icyphy/ptII/ptolemy/actor/lib/test/auto/ArrayElementAsMatrix.xml (RunModel)" time="0.066" />
  <testcase classname="ptolemy.util.test.junit.AutoTests" name="[17] /home/travis/build/icyphy/ptII/ptolemy/actor/lib/test/auto/ArrayElementI.xml (RunModel)" time="0.026" />
  <testcase classname="ptolemy.util.test.junit.AutoTests" name="[18] /home/travis/build/icyphy/ptII/ptolemy/actor/lib/test/auto/ArrayExtract.xml (RunModel)" time="0.031" />
  <testcase classname="ptolemy.util.test.junit.AutoTests" name="[19] /home/travis/build/icyphy/ptII/ptolemy/actor/lib/test/auto/ArrayExtract2.xml (RunModel)" time="0.019" />
  <testcase classname="ptolemy.util.test.junit.AutoTests" name="[20] /home/travis/build/icyphy/ptII/ptolemy/actor/lib/test/auto/ArrayLength.xml (RunModel)" time="0.018" />
  <testcase classname="ptolemy.util.test.junit.AutoTests" name="[21] /home/travis/build/icyphy/ptII/ptolemy/actor/lib/test/auto/ArrayLevelCrossing.xml (RunModel)" time="0.032" />
  <testcase classname="ptolemy.util.test.junit.AutoTests" name="[22] /home/travis/build/icyphy/ptII/ptolemy/actor/lib/test/auto/ArrayLevelCrossing2.xml (RunModel)" time="0.025" />
  <testcase classname="ptolemy.util.test.junit.AutoTests" name="[23] /home/travis/build/icyphy/ptII/ptolemy/actor/lib/test/auto/ArrayPeakSearch.xml (RunModel)" time="0.04" />
  <testcase classname="ptolemy.util.test.junit.AutoTests" name="[24] /home/travis/build/icyphy/ptII/ptolemy/actor/lib/test/auto/ArrayPeakSearch2.xml (RunModel)" time="0.041" />
  <testcase classname="ptolemy.util.test.junit.AutoTests" name="[25] /home/travis/build/icyphy/ptII/ptolemy/actor/lib/test/auto/ArrayPeakSearch3.xml (RunModel)" time="0.031" />
  <testcase classname="ptolemy.util.test.junit.AutoTests" name="[26] /home/travis/build/icyphy/ptII/ptolemy/actor/lib/test/auto/ArrayRemoveElement.xml (RunModel)" time="0.026" />
  <testcase classname="ptolemy.util.test.junit.AutoTests" name="[27] /home/travis/build/icyphy/ptII/ptolemy/actor/lib/test/auto/ArraySort.xml (RunModel)" time="0.039" />
  <testcase classname="ptolemy.util.test.junit.AutoTests" name="[28] /home/travis/build/icyphy/ptII/ptolemy/actor/lib/test/auto/ArraySum.xml (RunModel)" time="0.019" />
  <testcase classname="ptolemy.util.test.junit.AutoTests" name="[29] /home/travis/build/icyphy/ptII/ptolemy/actor/lib/test/auto/ArrayToElements.xml (RunModel)" time="0.017" />
  <testcase classname="ptolemy.util.test.junit.AutoTests" name="[30] /home/travis/build/icyphy/ptII/ptolemy/actor/lib/test/auto/ArrayToMatrix.xml (RunModel)" time="0.059" />
  <testcase classname="ptolemy.util.test.junit.AutoTests" name="[31] /home/travis/build/icyphy/ptII/ptolemy/actor/lib/test/auto/ArrayUpdate1.xml (RunModel)" time="0.023" />
  <testcase classname="ptolemy.util.test.junit.AutoTests" name="[32] /home/travis/build/icyphy/ptII/ptolemy/actor/lib/test/auto/ArrayUpdate2.xml (RunModel)" time="0.021" />
  <testcase classname="ptolemy.util.test.junit.AutoTests" name="[33] /home/travis/build/icyphy/ptII/ptolemy/actor/lib/test/auto/ArrayUpdate3.xml (RunModel)" time="0.015" />
  <testcase classname="ptolemy.util.test.junit.AutoTests" name="[34] /home/travis/build/icyphy/ptII/ptolemy/actor/lib/test/auto/Assert1.xml (RunModel)" time="0.026" />
  <testcase classname="ptolemy.util.test.junit.AutoTests" name="[35] /home/travis/build/icyphy/ptII/ptolemy/actor/lib/test/auto/Assert2.xml (RunModel)" time="0.014" />
  <testcase classname="ptolemy.util.test.junit.AutoTests" name="[36] /home/travis/build/icyphy/ptII/ptolemy/actor/lib/test/auto/BooleanMultiplexor.xml (RunModel)" time="0.016" />
  <testcase classname="ptolemy.util.test.junit.AutoTests" name="[37] /home/travis/build/icyphy/ptII/ptolemy/actor/lib/test/auto/BooleanMultiplexor2.xml (RunModel)" time="0.041" />
  <testcase classname="ptolemy.util.test.junit.AutoTests" name="[38] /home/travis/build/icyphy/ptII/ptolemy/actor/lib/test/auto/BooleanMultiplexor3.xml (RunModel)" time="0.023" />
  <testcase classname="ptolemy.util.test.junit.AutoTests" name="[39] /home/travis/build/icyphy/ptII/ptolemy/actor/lib/test/auto/BooleanSelect.xml (RunModel)" time="0.027" />
  <testcase classname="ptolemy.util.test.junit.AutoTests" name="[40] /home/travis/build/icyphy/ptII/ptolemy/actor/lib/test/auto/BooleanSelect2.xml (RunModel)" time="0.018" />
  <testcase classname="ptolemy.util.test.junit.AutoTests" name="[41] /home/travis/build/icyphy/ptII/ptolemy/actor/lib/test/auto/BooleanSwitch.xml (RunModel)" time="0.025" />
  <testcase classname="ptolemy.util.test.junit.AutoTests" name="[42] /home/travis/build/icyphy/ptII/ptolemy/actor/lib/test/auto/BooleanSwitch2.xml (RunModel)" time="0.016" />
  <testcase classname="ptolemy.util.test.junit.AutoTests" name="[43] /home/travis/build/icyphy/ptII/ptolemy/actor/lib/test/auto/BooleanSwitchCloningBugWithClassRelationGroup.xml (RunModel)" time="0.031" />
  <testcase classname="ptolemy.util.test.junit.AutoTests" name="[44] /home/travis/build/icyphy/ptII/ptolemy/actor/lib/test/auto/BusActors.xml (RunModel)" time="0.053" />
  <testcase classname="ptolemy.util.test.junit.AutoTests" name="[45] /home/travis/build/icyphy/ptII/ptolemy/actor/lib/test/auto/ClassWrapper.xml (RunModel)" time="0.022" />
  <testcase classname="ptolemy.util.test.junit.AutoTests" name="[46] /home/travis/build/icyphy/ptII/ptolemy/actor/lib/test/auto/Clock.xml (RunModel)" time="0.01" />
  <testcase classname="ptolemy.util.test.junit.AutoTests" name="[47] /home/travis/build/icyphy/ptII/ptolemy/actor/lib/test/auto/Clock10.xml (RunModel)" time="0.02" />
  <testcase classname="ptolemy.util.test.junit.AutoTests" name="[48] /home/travis/build/icyphy/ptII/ptolemy/actor/lib/test/auto/Clock11.xml (RunModel)" time="0.018" />
  <testcase classname="ptolemy.util.test.junit.AutoTests" name="[49] /home/travis/build/icyphy/ptII/ptolemy/actor/lib/test/auto/Clock12.xml (RunModel)" time="0.021" />
  <testcase classname="ptolemy.util.test.junit.AutoTests" name="[50] /home/travis/build/icyphy/ptII/ptolemy/actor/lib/test/auto/Clock13.xml (RunModel)" time="0.02" />
  <testcase classname="ptolemy.util.test.junit.AutoTests" name="[51] /home/travis/build/icyphy/ptII/ptolemy/actor/lib/test/auto/Clock14.xml (RunModel)" time="0.019" />
  <testcase classname="ptolemy.util.test.junit.AutoTests" name="[52] /home/travis/build/icyphy/ptII/ptolemy/actor/lib/test/auto/Clock15.xml (RunModel)" time="0.016" />
  <testcase classname="ptolemy.util.test.junit.AutoTests" name="[53] /home/travis/build/icyphy/ptII/ptolemy/actor/lib/test/auto/Clock16.xml (RunModel)" time="0.098" />
  <testcase classname="ptolemy.util.test.junit.AutoTests" name="[54] /home/travis/build/icyphy/ptII/ptolemy/actor/lib/test/auto/Clock17.xml (RunModel)" time="0.063" />
  <testcase classname="ptolemy.util.test.junit.AutoTests" name="[55] /home/travis/build/icyphy/ptII/ptolemy/actor/lib/test/auto/Clock18.xml (RunModel)" time="0.043" />
  <testcase classname="ptolemy.util.test.junit.AutoTests" name="[56] /home/travis/build/icyphy/ptII/ptolemy/actor/lib/test/auto/Clock19.xml (RunModel)" time="0.04" />
  <testcase classname="ptolemy.util.test.junit.AutoTests" name="[57] /home/travis/build/icyphy/ptII/ptolemy/actor/lib/test/auto/Clock2.xml (RunModel)" time="0.011" />
  <testcase classname="ptolemy.util.test.junit.AutoTests" name="[58] /home/travis/build/icyphy/ptII/ptolemy/actor/lib/test/auto/Clock20.xml (RunModel)" time="0.019" />
  <testcase classname="ptolemy.util.test.junit.AutoTests" name="[59] /home/travis/build/icyphy/ptII/ptolemy/actor/lib/test/auto/Clock21.xml (RunModel)" time="0.015" />
  <testcase classname="ptolemy.util.test.junit.AutoTests" name="[60] /home/travis/build/icyphy/ptII/ptolemy/actor/lib/test/auto/Clock22.xml (RunModel)" time="0.014" />
  <testcase classname="ptolemy.util.test.junit.AutoTests" name="[61] /home/travis/build/icyphy/ptII/ptolemy/actor/lib/test/auto/Clock23.xml (RunModel)" time="0.016" />
  <testcase classname="ptolemy.util.test.junit.AutoTests" name="[62] /home/travis/build/icyphy/ptII/ptolemy/actor/lib/test/auto/Clock24.xml (RunModel)" time="0.013" />
  <testcase classname="ptolemy.util.test.junit.AutoTests" name="[63] /home/travis/build/icyphy/ptII/ptolemy/actor/lib/test/auto/Clock4.xml (RunModel)" time="0.01" />
  <testcase classname="ptolemy.util.test.junit.AutoTests" name="[64] /home/travis/build/icyphy/ptII/ptolemy/actor/lib/test/auto/Clock5.xml (RunModel)" time="0.011" />
  <testcase classname="ptolemy.util.test.junit.AutoTests" name="[65] /home/travis/build/icyphy/ptII/ptolemy/actor/lib/test/auto/Clock6.xml (RunModel)" time="0.018" />
  <testcase classname="ptolemy.util.test.junit.AutoTests" name="[66] /home/travis/build/icyphy/ptII/ptolemy/actor/lib/test/auto/Clock7.xml (RunModel)" time="0.009" />
  <testcase classname="ptolemy.util.test.junit.AutoTests" name="[67] /home/travis/build/icyphy/ptII/ptolemy/actor/lib/test/auto/Clock8.xml (RunModel)" time="0.013" />
  <testcase classname="ptolemy.util.test.junit.AutoTests" name="[68] /home/travis/build/icyphy/ptII/ptolemy/actor/lib/test/auto/Clock9.xml (RunModel)" time="0.012" />
  <testcase classname="ptolemy.util.test.junit.AutoTests" name="[69] /home/travis/build/icyphy/ptII/ptolemy/actor/lib/test/auto/CommDistDiscard.xml (RunModel)" time="0.018" />
  <testcase classname="ptolemy.util.test.junit.AutoTests" name="[70] /home/travis/build/icyphy/ptII/ptolemy/actor/lib/test/auto/Commutator.xml (RunModel)" time="0.014" />
  <testcase classname="ptolemy.util.test.junit.AutoTests" name="[71] /home/travis/build/icyphy/ptII/ptolemy/actor/lib/test/auto/Commutator2.xml (RunModel)" time="0.01" />
  <testcase classname="ptolemy.util.test.junit.AutoTests" name="[72] /home/travis/build/icyphy/ptII/ptolemy/actor/lib/test/auto/Commutator3.xml (RunModel)" time="0.021" />
  <testcase classname="ptolemy.util.test.junit.AutoTests" name="[73] /home/travis/build/icyphy/ptII/ptolemy/actor/lib/test/auto/Compare.xml (RunModel)" time="0.019" />
  <testcase classname="ptolemy.util.test.junit.AutoTests" name="[74] /home/travis/build/icyphy/ptII/ptolemy/actor/lib/test/auto/CompareDE.xml (RunModel)" time="0.016" />
  <testcase classname="ptolemy.util.test.junit.AutoTests" name="[75] /home/travis/build/icyphy/ptII/ptolemy/actor/lib/test/auto/ComplexDivide.xml (RunModel)" time="0.013" />
  <testcase classname="ptolemy.util.test.junit.AutoTests" name="[76] /home/travis/build/icyphy/ptII/ptolemy/actor/lib/test/auto/ComputeHistogram.xml (RunModel)" time="0.048" />
  <testcase classname="ptolemy.util.test.junit.AutoTests" name="[77] /home/travis/build/icyphy/ptII/ptolemy/actor/lib/test/auto/ConfigurationSelect.xml (RunModel)" time="0.019" />
  <testcase classname="ptolemy.util.test.junit.AutoTests" name="[78] /home/travis/build/icyphy/ptII/ptolemy/actor/lib/test/auto/ConfigurationSelect2.xml (RunModel)" time="0.015" />
  <testcase classname="ptolemy.util.test.junit.AutoTests" name="[79] /home/travis/build/icyphy/ptII/ptolemy/actor/lib/test/auto/ConfigurationSwitch.xml (RunModel)" time="0.023" />
  <testcase classname="ptolemy.util.test.junit.AutoTests" name="[80] /home/travis/build/icyphy/ptII/ptolemy/actor/lib/test/auto/ConfigurationSwitch2.xml (RunModel)" time="0.012" />
  <testcase classname="ptolemy.util.test.junit.AutoTests" name="[81] /home/travis/build/icyphy/ptII/ptolemy/actor/lib/test/auto/ConfigurationSwitchCloningBugWithClassRelationGroup.xml (RunModel)" time="0.026" />
  <testcase classname="ptolemy.util.test.junit.AutoTests" name="[82] /home/travis/build/icyphy/ptII/ptolemy/actor/lib/test/auto/ConfigurationSwitchSelectSDF.xml (RunModel)" time="0.012" />
  <testcase classname="ptolemy.util.test.junit.AutoTests" name="[83] /home/travis/build/icyphy/ptII/ptolemy/actor/lib/test/auto/ConfigurationSwitchSelectSDF2.xml (RunModel)" time="0.012" />
  <testcase classname="ptolemy.util.test.junit.AutoTests" name="[84] /home/travis/build/icyphy/ptII/ptolemy/actor/lib/test/auto/Const.xml (RunModel)" time="0.007" />
  <testcase classname="ptolemy.util.test.junit.AutoTests" name="[85] /home/travis/build/icyphy/ptII/ptolemy/actor/lib/test/auto/Const2.xml (RunModel)" time="0.009" />
  <testcase classname="ptolemy.util.test.junit.AutoTests" name="[86] /home/travis/build/icyphy/ptII/ptolemy/actor/lib/test/auto/Const3.xml (RunModel)" time="0.007" />
  <testcase classname="ptolemy.util.test.junit.AutoTests" name="[87] /home/travis/build/icyphy/ptII/ptolemy/actor/lib/test/auto/ConstantPublisherPort1.xml (RunModel)" time="0.018" />
  <testcase classname="ptolemy.util.test.junit.AutoTests" name="[88] /home/travis/build/icyphy/ptII/ptolemy/actor/lib/test/auto/ConstantPublisherPort2.xml (RunModel)" time="0.021" />
  <testcase classname="ptolemy.util.test.junit.AutoTests" name="[89] /home/travis/build/icyphy/ptII/ptolemy/actor/lib/test/auto/ConstantPublisherPort3.xml (RunModel)" time="0.024" />
  <testcase classname="ptolemy.util.test.junit.AutoTests" name="[90] /home/travis/build/icyphy/ptII/ptolemy/actor/lib/test/auto/ConstantPublisherPort4.xml (RunModel)" time="0.026" />
  <testcase classname="ptolemy.util.test.junit.AutoTests" name="[91] /home/travis/build/icyphy/ptII/ptolemy/actor/lib/test/auto/ConstantPublisherPort5.xml (RunModel)" time="0.037" />
  <testcase classname="ptolemy.util.test.junit.AutoTests" name="[92] /home/travis/build/icyphy/ptII/ptolemy/actor/lib/test/auto/ConstantPublisherPort6.xml (RunModel)" time="0.026" />
  <testcase classname="ptolemy.util.test.junit.AutoTests" name="[93] /home/travis/build/icyphy/ptII/ptolemy/actor/lib/test/auto/ConstantPublisherPort7.xml (RunModel)" time="0.037" />
  <testcase classname="ptolemy.util.test.junit.AutoTests" name="[94] /home/travis/build/icyphy/ptII/ptolemy/actor/lib/test/auto/ConstraintMonitor1.xml (RunModel)" time="0.043" />
  <testcase classname="ptolemy.util.test.junit.AutoTests" name="[95] /home/travis/build/icyphy/ptII/ptolemy/actor/lib/test/auto/ConstraintMonitor2.xml (RunModel)" time="0.018" />
  <testcase classname="ptolemy.util.test.junit.AutoTests" name="[96] /home/travis/build/icyphy/ptII/ptolemy/actor/lib/test/auto/ConstraintMonitor3.xml (RunModel)" time="0.015" />
  <testcase classname="ptolemy.util.test.junit.AutoTests" name="[97] /home/travis/build/icyphy/ptII/ptolemy/actor/lib/test/auto/ConstraintMonitor4.xml (RunModel)" time="0.016" />
  <testcase classname="ptolemy.util.test.junit.AutoTests" name="[98] /home/travis/build/icyphy/ptII/ptolemy/actor/lib/test/auto/ConstraintMonitor5.xml (RunModel)" time="0.012" />
  <testcase classname="ptolemy.util.test.junit.AutoTests" name="[99] /home/travis/build/icyphy/ptII/ptolemy/actor/lib/test/auto/ConstraintMonitor6.xml (RunModel)" time="0.015" />
  <testcase classname="ptolemy.util.test.junit.AutoTests" name="[100] /home/travis/build/icyphy/ptII/ptolemy/actor/lib/test/auto/ConstraintMonitor7.xml (RunModel)" time="0.024" />
  <testcase classname="ptolemy.util.test.junit.AutoTests" name="[101] /home/travis/build/icyphy/ptII/ptolemy/actor/lib/test/auto/ConstraintMonitor8.xml (RunModel)" time="0.019" />
  <testcase classname="ptolemy.util.test.junit.AutoTests" name="[102] /home/travis/build/icyphy/ptII/ptolemy/actor/lib/test/auto/Counter.xml (RunModel)" time="0.017" />
  <testcase classname="ptolemy.util.test.junit.AutoTests" name="[103] /home/travis/build/icyphy/ptII/ptolemy/actor/lib/test/auto/CurrentTimeSDF.xml (RunModel)" time="0.011" />
  <testcase classname="ptolemy.util.test.junit.AutoTests" name="[104] /home/travis/build/icyphy/ptII/ptolemy/actor/lib/test/auto/DB.xml (RunModel)" time="0.014" />
  <testcase classname="ptolemy.util.test.junit.AutoTests" name="[105] /home/travis/build/icyphy/ptII/ptolemy/actor/lib/test/auto/DBDE.xml (RunModel)" time="0.017" />
  <testcase classname="ptolemy.util.test.junit.AutoTests" name="[106] /home/travis/build/icyphy/ptII/ptolemy/actor/lib/test/auto/DateConstructor.xml (RunModel)" time="0.091" />
  <testcase classname="ptolemy.util.test.junit.AutoTests" name="[107] /home/travis/build/icyphy/ptII/ptolemy/actor/lib/test/auto/DelayTime.xml (RunModel)" time="0.023" />
  <testcase classname="ptolemy.util.test.junit.AutoTests" name="[108] /home/travis/build/icyphy/ptII/ptolemy/actor/lib/test/auto/Dictionary1.xml (RunModel)" time="0.021" />
  <testcase classname="ptolemy.util.test.junit.AutoTests" name="[109] /home/travis/build/icyphy/ptII/ptolemy/actor/lib/test/auto/Dictionary2.xml (RunModel)" time="0.02" />
  <testcase classname="ptolemy.util.test.junit.AutoTests" name="[110] /home/travis/build/icyphy/ptII/ptolemy/actor/lib/test/auto/Dictionary3.xml (RunModel)" time="0.016" />
  <testcase classname="ptolemy.util.test.junit.AutoTests" name="[111] /home/travis/build/icyphy/ptII/ptolemy/actor/lib/test/auto/Dictionary4.xml (RunModel)" time="0.027" />
  <testcase classname="ptolemy.util.test.junit.AutoTests" name="[112] /home/travis/build/icyphy/ptII/ptolemy/actor/lib/test/auto/Differential.xml (RunModel)" time="0.014" />
  <testcase classname="ptolemy.util.test.junit.AutoTests" name="[113] /home/travis/build/icyphy/ptII/ptolemy/actor/lib/test/auto/Director.xml (RunModel)" time="0.012" />
  <testcase classname="ptolemy.util.test.junit.AutoTests" name="[114] /home/travis/build/icyphy/ptII/ptolemy/actor/lib/test/auto/DiscreteClock.xml (RunModel)" time="0.008" />
  <testcase classname="ptolemy.util.test.junit.AutoTests" name="[115] /home/travis/build/icyphy/ptII/ptolemy/actor/lib/test/auto/DiscreteClock10.xml (RunModel)" time="0.013" />
  <testcase classname="ptolemy.util.test.junit.AutoTests" name="[116] /home/travis/build/icyphy/ptII/ptolemy/actor/lib/test/auto/DiscreteClock11.xml (RunModel)" time="0.013" />
  <testcase classname="ptolemy.util.test.junit.AutoTests" name="[117] /home/travis/build/icyphy/ptII/ptolemy/actor/lib/test/auto/DiscreteClock12.xml (RunModel)" time="0.015" />
  <testcase classname="ptolemy.util.test.junit.AutoTests" name="[118] /home/travis/build/icyphy/ptII/ptolemy/actor/lib/test/auto/DiscreteClock13.xml (RunModel)" time="0.016" />
  <testcase classname="ptolemy.util.test.junit.AutoTests" name="[119] /home/travis/build/icyphy/ptII/ptolemy/actor/lib/test/auto/DiscreteClock14.xml (RunModel)" time="0.015" />
  <testcase classname="ptolemy.util.test.junit.AutoTests" name="[120] /home/travis/build/icyphy/ptII/ptolemy/actor/lib/test/auto/DiscreteClock15.xml (RunModel)" time="0.016" />
  <testcase classname="ptolemy.util.test.junit.AutoTests" name="[121] /home/travis/build/icyphy/ptII/ptolemy/actor/lib/test/auto/DiscreteClock16.xml (RunModel)" time="0.056" />
  <testcase classname="ptolemy.util.test.junit.AutoTests" name="[122] /home/travis/build/icyphy/ptII/ptolemy/actor/lib/test/auto/DiscreteClock17.xml (RunModel)" time="0.041" />
  <testcase classname="ptolemy.util.test.junit.AutoTests" name="[123] /home/travis/build/icyphy/ptII/ptolemy/actor/lib/test/auto/DiscreteClock18.xml (RunModel)" time="0.047" />
  <testcase classname="ptolemy.util.test.junit.AutoTests" name="[124] /home/travis/build/icyphy/ptII/ptolemy/actor/lib/test/auto/DiscreteClock19.xml (RunModel)" time="0.044" />
  <testcase classname="ptolemy.util.test.junit.AutoTests" name="[125] /home/travis/build/icyphy/ptII/ptolemy/actor/lib/test/auto/DiscreteClock2.xml (RunModel)" time="0.012" />
  <testcase classname="ptolemy.util.test.junit.AutoTests" name="[126] /home/travis/build/icyphy/ptII/ptolemy/actor/lib/test/auto/DiscreteClock20.xml (RunModel)" time="0.017" />
  <testcase classname="ptolemy.util.test.junit.AutoTests" name="[127] /home/travis/build/icyphy/ptII/ptolemy/actor/lib/test/auto/DiscreteClock21.xml (RunModel)" time="0.018" />
  <testcase classname="ptolemy.util.test.junit.AutoTests" name="[128] /home/travis/build/icyphy/ptII/ptolemy/actor/lib/test/auto/DiscreteClock22.xml (RunModel)" time="0.013" />
  <testcase classname="ptolemy.util.test.junit.AutoTests" name="[129] /home/travis/build/icyphy/ptII/ptolemy/actor/lib/test/auto/DiscreteClock23.xml (RunModel)" time="0.02" />
  <testcase classname="ptolemy.util.test.junit.AutoTests" name="[130] /home/travis/build/icyphy/ptII/ptolemy/actor/lib/test/auto/DiscreteClock24.xml (RunModel)" time="0.01" />
  <testcase classname="ptolemy.util.test.junit.AutoTests" name="[131] /home/travis/build/icyphy/ptII/ptolemy/actor/lib/test/auto/DiscreteClock4.xml (RunModel)" time="0.016" />
  <testcase classname="ptolemy.util.test.junit.AutoTests" name="[132] /home/travis/build/icyphy/ptII/ptolemy/actor/lib/test/auto/DiscreteClock5.xml (RunModel)" time="0.009" />
  <testcase classname="ptolemy.util.test.junit.AutoTests" name="[133] /home/travis/build/icyphy/ptII/ptolemy/actor/lib/test/auto/DiscreteClock6.xml (RunModel)" time="0.007" />
  <testcase classname="ptolemy.util.test.junit.AutoTests" name="[134] /home/travis/build/icyphy/ptII/ptolemy/actor/lib/test/auto/DiscreteClock7.xml (RunModel)" time="0.016" />
  <testcase classname="ptolemy.util.test.junit.AutoTests" name="[135] /home/travis/build/icyphy/ptII/ptolemy/actor/lib/test/auto/DiscreteClock8.xml (RunModel)" time="0.018" />
  <testcase classname="ptolemy.util.test.junit.AutoTests" name="[136] /home/travis/build/icyphy/ptII/ptolemy/actor/lib/test/auto/DiscreteClock9.xml (RunModel)" time="0.013" />
  <testcase classname="ptolemy.util.test.junit.AutoTests" name="[137] /home/travis/build/icyphy/ptII/ptolemy/actor/lib/test/auto/DisplayArray.xml (RunModel)" time="0.008" />
  <testcase classname="ptolemy.util.test.junit.AutoTests" name="[138] /home/travis/build/icyphy/ptII/ptolemy/actor/lib/test/auto/Distributor.xml (RunModel)" time="0.009" />
  <testcase classname="ptolemy.util.test.junit.AutoTests" name="[139] /home/travis/build/icyphy/ptII/ptolemy/actor/lib/test/auto/Distributor2.xml (RunModel)" time="0.009" />
  <testcase classname="ptolemy.util.test.junit.AutoTests" name="[140] /home/travis/build/icyphy/ptII/ptolemy/actor/lib/test/auto/DownSample.xml (RunModel)" time="0.009" />
  <testcase classname="ptolemy.util.test.junit.AutoTests" name="[141] /home/travis/build/icyphy/ptII/ptolemy/actor/lib/test/auto/ElectronicUnitBase1.xml (RunModel)" time="0.051" />
  <testcase classname="ptolemy.util.test.junit.AutoTests" name="[142] /home/travis/build/icyphy/ptII/ptolemy/actor/lib/test/auto/ElementsToArray.xml (RunModel)" time="0.025" />
  <testcase classname="ptolemy.util.test.junit.AutoTests" name="[143] /home/travis/build/icyphy/ptII/ptolemy/actor/lib/test/auto/Equals.xml (RunModel)" time="0.015" />
  <testcase classname="ptolemy.util.test.junit.AutoTests" name="[144] /home/travis/build/icyphy/ptII/ptolemy/actor/lib/test/auto/Exec.xml (RunModel)" time="0.028" />
  <testcase classname="ptolemy.util.test.junit.AutoTests" name="[145] /home/travis/build/icyphy/ptII/ptolemy/actor/lib/test/auto/ExecEnvironment.xml (RunModel)" time="0.034" />
  <testcase classname="ptolemy.util.test.junit.AutoTests" name="[146] /home/travis/build/icyphy/ptII/ptolemy/actor/lib/test/auto/ExecNonZeroReturnOutput.xml (RunModel)" time="0.184" />
  <testcase classname="ptolemy.util.test.junit.AutoTests" name="[147] /home/travis/build/icyphy/ptII/ptolemy/actor/lib/test/auto/ExecRunDemos.xml (RunModel)" time="10.368" />
  <testcase classname="ptolemy.util.test.junit.AutoTests" name="[148] /home/travis/build/icyphy/ptII/ptolemy/actor/lib/test/auto/ExecStop.xml (RunModel)" time="5.04" />
  <testcase classname="ptolemy.util.test.junit.AutoTests" name="[149] /home/travis/build/icyphy/ptII/ptolemy/actor/lib/test/auto/ExecutionTimeSDF.xml (RunModel)" time="6.039" />
  <testcase classname="ptolemy.util.test.junit.AutoTests" name="[150] /home/travis/build/icyphy/ptII/ptolemy/actor/lib/test/auto/Expression1.xml (RunModel)" time="0.016" />
  <testcase classname="ptolemy.util.test.junit.AutoTests" name="[151] /home/travis/build/icyphy/ptII/ptolemy/actor/lib/test/auto/Expression10.xml (RunModel)" time="0.021" />
  <testcase classname="ptolemy.util.test.junit.AutoTests" name="[152] /home/travis/build/icyphy/ptII/ptolemy/actor/lib/test/auto/Expression11.xml (RunModel)" time="0.01" />
  <testcase classname="ptolemy.util.test.junit.AutoTests" name="[153] /home/travis/build/icyphy/ptII/ptolemy/actor/lib/test/auto/Expression12.xml (RunModel)" time="0.014" />
  <testcase classname="ptolemy.util.test.junit.AutoTests" name="[154] /home/travis/build/icyphy/ptII/ptolemy/actor/lib/test/auto/Expression13.xml (RunModel)" time="0.011" />
  <testcase classname="ptolemy.util.test.junit.AutoTests" name="[155] /home/travis/build/icyphy/ptII/ptolemy/actor/lib/test/auto/Expression14.xml (RunModel)" time="0.017" />
  <testcase classname="ptolemy.util.test.junit.AutoTests" name="[156] /home/travis/build/icyphy/ptII/ptolemy/actor/lib/test/auto/Expression15.xml (RunModel)" time="0.007" />
  <testcase classname="ptolemy.util.test.junit.AutoTests" name="[157] /home/travis/build/icyphy/ptII/ptolemy/actor/lib/test/auto/Expression16.xml (RunModel)" time="0.013" />
  <testcase classname="ptolemy.util.test.junit.AutoTests" name="[158] /home/travis/build/icyphy/ptII/ptolemy/actor/lib/test/auto/Expression17.xml (RunModel)" time="0.013" />
  <testcase classname="ptolemy.util.test.junit.AutoTests" name="[159] /home/travis/build/icyphy/ptII/ptolemy/actor/lib/test/auto/Expression18.xml (RunModel)" time="0.012" />
  <testcase classname="ptolemy.util.test.junit.AutoTests" name="[160] /home/travis/build/icyphy/ptII/ptolemy/actor/lib/test/auto/Expression2.xml (RunModel)" time="0.019" />
  <testcase classname="ptolemy.util.test.junit.AutoTests" name="[161] /home/travis/build/icyphy/ptII/ptolemy/actor/lib/test/auto/Expression3.xml (RunModel)" time="0.013" />
  <testcase classname="ptolemy.util.test.junit.AutoTests" name="[162] /home/travis/build/icyphy/ptII/ptolemy/actor/lib/test/auto/Expression4.xml (RunModel)" time="0.015" />
  <testcase classname="ptolemy.util.test.junit.AutoTests" name="[163] /home/travis/build/icyphy/ptII/ptolemy/actor/lib/test/auto/Expression5.xml (RunModel)" time="0.012" />
  <testcase classname="ptolemy.util.test.junit.AutoTests" name="[164] /home/travis/build/icyphy/ptII/ptolemy/actor/lib/test/auto/Expression6.xml (RunModel)" time="0.01" />
  <testcase classname="ptolemy.util.test.junit.AutoTests" name="[165] /home/travis/build/icyphy/ptII/ptolemy/actor/lib/test/auto/Expression7.xml (RunModel)" time="0.011" />
  <testcase classname="ptolemy.util.test.junit.AutoTests" name="[166] /home/travis/build/icyphy/ptII/ptolemy/actor/lib/test/auto/Expression8.xml (RunModel)" time="0.015" />
  <testcase classname="ptolemy.util.test.junit.AutoTests" name="[167] /home/travis/build/icyphy/ptII/ptolemy/actor/lib/test/auto/Expression9.xml (RunModel)" time="0.009" />
  <testcase classname="ptolemy.util.test.junit.AutoTests" name="[168] /home/travis/build/icyphy/ptII/ptolemy/actor/lib/test/auto/ExpressionConcatenateArrayType.xml (RunModel)" time="0.033" />
  <testcase classname="ptolemy.util.test.junit.AutoTests" name="[169] /home/travis/build/icyphy/ptII/ptolemy/actor/lib/test/auto/ExpressionConcatenateArrayType2.xml (RunModel)" time="0.013" />
  <testcase classname="ptolemy.util.test.junit.AutoTests" name="[170] /home/travis/build/icyphy/ptII/ptolemy/actor/lib/test/auto/ExpressionFix.xml (RunModel)" time="0.027" />
  <testcase classname="ptolemy.util.test.junit.AutoTests" name="[171] /home/travis/build/icyphy/ptII/ptolemy/actor/lib/test/auto/ExpressionFix2.xml (RunModel)" time="0.014" />
  <testcase classname="ptolemy.util.test.junit.AutoTests" name="[172] /home/travis/build/icyphy/ptII/ptolemy/actor/lib/test/auto/ExpressionFix3.xml (RunModel)" time="0.028" />
  <testcase classname="ptolemy.util.test.junit.AutoTests" name="[173] /home/travis/build/icyphy/ptII/ptolemy/actor/lib/test/auto/FileWriter1.xml (RunModel)" time="0.015" />
  <testcase classname="ptolemy.util.test.junit.AutoTests" name="[174] /home/travis/build/icyphy/ptII/ptolemy/actor/lib/test/auto/FileWriter2.xml (RunModel)" time="0.01" />
  <testcase classname="ptolemy.util.test.junit.AutoTests" name="[175] /home/travis/build/icyphy/ptII/ptolemy/actor/lib/test/auto/FileWriter3.xml (RunModel)" time="0.017" />
  <testcase classname="ptolemy.util.test.junit.AutoTests" name="[176] /home/travis/build/icyphy/ptII/ptolemy/actor/lib/test/auto/Gaussian.xml (RunModel)" time="0.012" />
  <testcase classname="ptolemy.util.test.junit.AutoTests" name="[177] /home/travis/build/icyphy/ptII/ptolemy/actor/lib/test/auto/Gaussian1.xml (RunModel)" time="0.012" />
  <testcase classname="ptolemy.util.test.junit.AutoTests" name="[178] /home/travis/build/icyphy/ptII/ptolemy/actor/lib/test/auto/Gaussian2.xml (RunModel)" time="0.025" />
  <testcase classname="ptolemy.util.test.junit.AutoTests" name="[179] /home/travis/build/icyphy/ptII/ptolemy/actor/lib/test/auto/GradientAdaptiveLattice.xml (RunModel)" time="0.017" />
  <testcase classname="ptolemy.util.test.junit.AutoTests" name="[180] /home/travis/build/icyphy/ptII/ptolemy/actor/lib/test/auto/IIR.xml (RunModel)" time="0.011" />
  <testcase classname="ptolemy.util.test.junit.AutoTests" name="[181] /home/travis/build/icyphy/ptII/ptolemy/actor/lib/test/auto/InputOutputTransparentPorts.xml (RunModel)" time="0.018" />
  <testcase classname="ptolemy.util.test.junit.AutoTests" name="[182] /home/travis/build/icyphy/ptII/ptolemy/actor/lib/test/auto/Interpolator.xml (RunModel)" time="0.012" />
  <testcase classname="ptolemy.util.test.junit.AutoTests" name="[183] /home/travis/build/icyphy/ptII/ptolemy/actor/lib/test/auto/InterpolatorFiringLimitDE.xml (RunModel)" time="0.013" />
  <testcase classname="ptolemy.util.test.junit.AutoTests" name="[184] /home/travis/build/icyphy/ptII/ptolemy/actor/lib/test/auto/Lattice.xml (RunModel)" time="0.014" />
  <testcase classname="ptolemy.util.test.junit.AutoTests" name="[185] /home/travis/build/icyphy/ptII/ptolemy/actor/lib/test/auto/LazyAOCTestLazy.xml (RunModel)" time="0.019" />
  <testcase classname="ptolemy.util.test.junit.AutoTests" name="[186] /home/travis/build/icyphy/ptII/ptolemy/actor/lib/test/auto/LazyAOCTestNonLazy.xml (RunModel)" time="0.055" />
  <testcase classname="ptolemy.util.test.junit.AutoTests" name="[187] /home/travis/build/icyphy/ptII/ptolemy/actor/lib/test/auto/LazyInnerClass.xml (RunModel)" time="0.052" />
  <testcase classname="ptolemy.util.test.junit.AutoTests" name="[188] /home/travis/build/icyphy/ptII/ptolemy/actor/lib/test/auto/LazyPubSub.xml (RunModel)" time="0.058" />
  <testcase classname="ptolemy.util.test.junit.AutoTests" name="[189] /home/travis/build/icyphy/ptII/ptolemy/actor/lib/test/auto/LazyPubSub2.xml (RunModel)" time="0.035" />
  <testcase classname="ptolemy.util.test.junit.AutoTests" name="[190] /home/travis/build/icyphy/ptII/ptolemy/actor/lib/test/auto/LazyPubSub3.xml (RunModel)" time="0.027" />
  <testcase classname="ptolemy.util.test.junit.AutoTests" name="[191] /home/travis/build/icyphy/ptII/ptolemy/actor/lib/test/auto/LazySubClassModel.xml (RunModel)" time="0.022" />
  <testcase classname="ptolemy.util.test.junit.AutoTests" name="[192] /home/travis/build/icyphy/ptII/ptolemy/actor/lib/test/auto/LevelCrossTest1.xml (RunModel)" time="0.012" />
  <testcase classname="ptolemy.util.test.junit.AutoTests" name="[193] /home/travis/build/icyphy/ptII/ptolemy/actor/lib/test/auto/LevelCrossTest10.xml (RunModel)" time="0.015" />
  <testcase classname="ptolemy.util.test.junit.AutoTests" name="[194] /home/travis/build/icyphy/ptII/ptolemy/actor/lib/test/auto/LevelCrossTest11.xml (RunModel)" time="0.017" />
  <testcase classname="ptolemy.util.test.junit.AutoTests" name="[195] /home/travis/build/icyphy/ptII/ptolemy/actor/lib/test/auto/LevelCrossTest12.xml (RunModel)" time="0.018" />
  <testcase classname="ptolemy.util.test.junit.AutoTests" name="[196] /home/travis/build/icyphy/ptII/ptolemy/actor/lib/test/auto/LevelCrossTest13.xml (RunModel)" time="0.013" />
  <testcase classname="ptolemy.util.test.junit.AutoTests" name="[197] /home/travis/build/icyphy/ptII/ptolemy/actor/lib/test/auto/LevelCrossTest2.xml (RunModel)" time="0.011" />
  <testcase classname="ptolemy.util.test.junit.AutoTests" name="[198] /home/travis/build/icyphy/ptII/ptolemy/actor/lib/test/auto/LevelCrossTest3.xml (RunModel)" time="0.014" />
  <testcase classname="ptolemy.util.test.junit.AutoTests" name="[199] /home/travis/build/icyphy/ptII/ptolemy/actor/lib/test/auto/LevelCrossTest4.xml (RunModel)" time="0.011" />
  <testcase classname="ptolemy.util.test.junit.AutoTests" name="[200] /home/travis/build/icyphy/ptII/ptolemy/actor/lib/test/auto/LevelCrossTest5.xml (RunModel)" time="0.014" />
  <testcase classname="ptolemy.util.test.junit.AutoTests" name="[201] /home/travis/build/icyphy/ptII/ptolemy/actor/lib/test/auto/LevelCrossTest6.xml (RunModel)" time="0.012" />
  <testcase classname="ptolemy.util.test.junit.AutoTests" name="[202] /home/travis/build/icyphy/ptII/ptolemy/actor/lib/test/auto/LevelCrossTest7.xml (RunModel)" time="0.019" />
  <testcase classname="ptolemy.util.test.junit.AutoTests" name="[203] /home/travis/build/icyphy/ptII/ptolemy/actor/lib/test/auto/LevelCrossTest8.xml (RunModel)" time="0.014" />
  <testcase classname="ptolemy.util.test.junit.AutoTests" name="[204] /home/travis/build/icyphy/ptII/ptolemy/actor/lib/test/auto/LevelCrossTest9.xml (RunModel)" time="0.024" />
  <testcase classname="ptolemy.util.test.junit.AutoTests" name="[205] /home/travis/build/icyphy/ptII/ptolemy/actor/lib/test/auto/LevinsonDurbin.xml (RunModel)" time="0.018" />
  <testcase classname="ptolemy.util.test.junit.AutoTests" name="[206] /home/travis/build/icyphy/ptII/ptolemy/actor/lib/test/auto/LevinsonDurbin2.xml (RunModel)" time="0.01" />
  <testcase classname="ptolemy.util.test.junit.AutoTests" name="[207] /home/travis/build/icyphy/ptII/ptolemy/actor/lib/test/auto/LevinsonDurbin3.xml (RunModel)" time="0.012" />
  <testcase classname="ptolemy.util.test.junit.AutoTests" name="[208] /home/travis/build/icyphy/ptII/ptolemy/actor/lib/test/auto/Limiter.xml (RunModel)" time="0.042" />
  <testcase classname="ptolemy.util.test.junit.AutoTests" name="[209] /home/travis/build/icyphy/ptII/ptolemy/actor/lib/test/auto/LinearDifferenceEquationSystem.xml (RunModel)" time="0.022" />
  <testcase classname="ptolemy.util.test.junit.AutoTests" name="[210] /home/travis/build/icyphy/ptII/ptolemy/actor/lib/test/auto/LookupTable.xml (RunModel)" time="0.011" />
  <testcase classname="ptolemy.util.test.junit.AutoTests" name="[211] /home/travis/build/icyphy/ptII/ptolemy/actor/lib/test/auto/MathFunction.xml (RunModel)" time="0.018" />
  <testcase classname="ptolemy.util.test.junit.AutoTests" name="[212] /home/travis/build/icyphy/ptII/ptolemy/actor/lib/test/auto/MathFunction2.xml (RunModel)" time="0.013" />
  <testcase classname="ptolemy.util.test.junit.AutoTests" name="[213] /home/travis/build/icyphy/ptII/ptolemy/actor/lib/test/auto/MathFunction3.xml (RunModel)" time="0.019" />
  <testcase classname="ptolemy.util.test.junit.AutoTests" name="[214] /home/travis/build/icyphy/ptII/ptolemy/actor/lib/test/auto/MatrixCropBoolean.xml (RunModel)" time="0.014" />
  <testcase classname="ptolemy.util.test.junit.AutoTests" name="[215] /home/travis/build/icyphy/ptII/ptolemy/actor/lib/test/auto/MatrixCropComplex.xml (RunModel)" time="0.014" />
  <testcase classname="ptolemy.util.test.junit.AutoTests" name="[216] /home/travis/build/icyphy/ptII/ptolemy/actor/lib/test/auto/MatrixCropDouble.xml (RunModel)" time="0.009" />
  <testcase classname="ptolemy.util.test.junit.AutoTests" name="[217] /home/travis/build/icyphy/ptII/ptolemy/actor/lib/test/auto/MatrixCropFix.xml (RunModel)" time="0.013" />
  <testcase classname="ptolemy.util.test.junit.AutoTests" name="[218] /home/travis/build/icyphy/ptII/ptolemy/actor/lib/test/auto/MatrixCropInt.xml (RunModel)" time="0.011" />
  <testcase classname="ptolemy.util.test.junit.AutoTests" name="[219] /home/travis/build/icyphy/ptII/ptolemy/actor/lib/test/auto/MatrixCropLong.xml (RunModel)" time="0.009" />
  <testcase classname="ptolemy.util.test.junit.AutoTests" name="[220] /home/travis/build/icyphy/ptII/ptolemy/actor/lib/test/auto/MatrixToArray.xml (RunModel)" time="0.059" />
  <testcase classname="ptolemy.util.test.junit.AutoTests" name="[221] /home/travis/build/icyphy/ptII/ptolemy/actor/lib/test/auto/MaxIndex.xml (RunModel)" time="0.019" />
  <testcase classname="ptolemy.util.test.junit.AutoTests" name="[222] /home/travis/build/icyphy/ptII/ptolemy/actor/lib/test/auto/Maximum.xml (RunModel)" time="0.015" />
  <testcase classname="ptolemy.util.test.junit.AutoTests" name="[223] /home/travis/build/icyphy/ptII/ptolemy/actor/lib/test/auto/MaximumComplex.xml (RunModel)" time="0.017" />
  <testcase classname="ptolemy.util.test.junit.AutoTests" name="[224] /home/travis/build/icyphy/ptII/ptolemy/actor/lib/test/auto/MethodCallTest.xml (RunModel)" time="0.026" />
  <testcase classname="ptolemy.util.test.junit.AutoTests" name="[225] /home/travis/build/icyphy/ptII/ptolemy/actor/lib/test/auto/Minimum.xml (RunModel)" time="0.017" />
  <testcase classname="ptolemy.util.test.junit.AutoTests" name="[226] /home/travis/build/icyphy/ptII/ptolemy/actor/lib/test/auto/MinimumComplex.xml (RunModel)" time="0.021" />
  <testcase classname="ptolemy.util.test.junit.AutoTests" name="[227] /home/travis/build/icyphy/ptII/ptolemy/actor/lib/test/auto/MinimumMultiports.xml (RunModel)" time="0.02" />
  <testcase classname="ptolemy.util.test.junit.AutoTests" name="[228] /home/travis/build/icyphy/ptII/ptolemy/actor/lib/test/auto/ModifyDate.xml (RunModel)" time="0.048" />
  <testcase classname="ptolemy.util.test.junit.AutoTests" name="[229] /home/travis/build/icyphy/ptII/ptolemy/actor/lib/test/auto/ModifyDate2.xml (RunModel)" time="0.028" />
  <testcase classname="ptolemy.util.test.junit.AutoTests" name="[230] /home/travis/build/icyphy/ptII/ptolemy/actor/lib/test/auto/MovingAverage.xml (RunModel)" time="0.01" />
  <testcase classname="ptolemy.util.test.junit.AutoTests" name="[231] /home/travis/build/icyphy/ptII/ptolemy/actor/lib/test/auto/MovingMaximum.xml (RunModel)" time="0.01" />
  <testcase classname="ptolemy.util.test.junit.AutoTests" name="[232] /home/travis/build/icyphy/ptII/ptolemy/actor/lib/test/auto/MultipleLinksToSameRelation.xml (RunModel)" time="0.014" />
  <testcase classname="ptolemy.util.test.junit.AutoTests" name="[233] /home/travis/build/icyphy/ptII/ptolemy/actor/lib/test/auto/MultipleLinksToSameRelationDE.xml (RunModel)" time="0.012" />
  <testcase classname="ptolemy.util.test.junit.AutoTests" name="[234] /home/travis/build/icyphy/ptII/ptolemy/actor/lib/test/auto/Multiplexor.xml (RunModel)" time="0.013" />
  <testcase classname="ptolemy.util.test.junit.AutoTests" name="[235] /home/travis/build/icyphy/ptII/ptolemy/actor/lib/test/auto/Multiplexor1.xml (RunModel)" time="0.013" />
  <testcase classname="ptolemy.util.test.junit.AutoTests" name="[236] /home/travis/build/icyphy/ptII/ptolemy/actor/lib/test/auto/Multiplexor2.xml (RunModel)" time="0.015" />
  <testcase classname="ptolemy.util.test.junit.AutoTests" name="[237] /home/travis/build/icyphy/ptII/ptolemy/actor/lib/test/auto/Multiplexor3.xml (RunModel)" time="0.009" />
  <testcase classname="ptolemy.util.test.junit.AutoTests" name="[238] /home/travis/build/icyphy/ptII/ptolemy/actor/lib/test/auto/MultiplexorDE.xml (RunModel)" time="0.017" />
  <testcase classname="ptolemy.util.test.junit.AutoTests" name="[239] /home/travis/build/icyphy/ptII/ptolemy/actor/lib/test/auto/MultiportBroadcastTest.xml (RunModel)" time="0.079" />
  <testcase classname="ptolemy.util.test.junit.AutoTests" name="[240] /home/travis/build/icyphy/ptII/ptolemy/actor/lib/test/auto/MultiportOutHangDuringGetWidth.xml (RunModel)" time="0.029" />
  <testcase classname="ptolemy.util.test.junit.AutoTests" name="[241] /home/travis/build/icyphy/ptII/ptolemy/actor/lib/test/auto/NilToken.xml (RunModel)" time="0.011" />
  <testcase classname="ptolemy.util.test.junit.AutoTests" name="[242] /home/travis/build/icyphy/ptII/ptolemy/actor/lib/test/auto/NilTokenNonStrictTest.xml (RunModel)" time="0.01" />
  <testcase classname="ptolemy.util.test.junit.AutoTests" name="[243] /home/travis/build/icyphy/ptII/ptolemy/actor/lib/test/auto/NilTokenRecord.xml (RunModel)" time="0.02" />
  <testcase classname="ptolemy.util.test.junit.AutoTests" name="[244] /home/travis/build/icyphy/ptII/ptolemy/actor/lib/test/auto/NilTokenTypeTest.xml (RunModel)" time="0.03" />
  <testcase classname="ptolemy.util.test.junit.AutoTests" name="[245] /home/travis/build/icyphy/ptII/ptolemy/actor/lib/test/auto/ObjectToken1.xml (RunModel)" time="0.008" />
  <testcase classname="ptolemy.util.test.junit.AutoTests" name="[246] /home/travis/build/icyphy/ptII/ptolemy/actor/lib/test/auto/OrderedMerge.xml (RunModel)" time="0.018" />
  <testcase classname="ptolemy.util.test.junit.AutoTests" name="[247] /home/travis/build/icyphy/ptII/ptolemy/actor/lib/test/auto/OrderedRecordDisassembler.xml (RunModel)" time="0.018" />
  <testcase classname="ptolemy.util.test.junit.AutoTests" name="[248] /home/travis/build/icyphy/ptII/ptolemy/actor/lib/test/auto/OrderedRecordDisassembler2.xml (RunModel)" time="0.018" />
  <testcase classname="ptolemy.util.test.junit.AutoTests" name="[249] /home/travis/build/icyphy/ptII/ptolemy/actor/lib/test/auto/OrderedRecordUpdater.xml (RunModel)" time="0.01" />
  <testcase classname="ptolemy.util.test.junit.AutoTests" name="[250] /home/travis/build/icyphy/ptII/ptolemy/actor/lib/test/auto/OrderedRecordUpdater2.xml (RunModel)" time="0.017" />
  <testcase classname="ptolemy.util.test.junit.AutoTests" name="[251] /home/travis/build/icyphy/ptII/ptolemy/actor/lib/test/auto/PhaseUnwrap.xml (RunModel)" time="0.012" />
  <testcase classname="ptolemy.util.test.junit.AutoTests" name="[252] /home/travis/build/icyphy/ptII/ptolemy/actor/lib/test/auto/PoissonClock.xml (RunModel)" time="0.01" />
  <testcase classname="ptolemy.util.test.junit.AutoTests" name="[253] /home/travis/build/icyphy/ptII/ptolemy/actor/lib/test/auto/PoissonClock2.xml (RunModel)" time="0.008" />
  <testcase classname="ptolemy.util.test.junit.AutoTests" name="[254] /home/travis/build/icyphy/ptII/ptolemy/actor/lib/test/auto/PoissonClock3.xml (RunModel)" time="0.025" />
  <testcase classname="ptolemy.util.test.junit.AutoTests" name="[255] /home/travis/build/icyphy/ptII/ptolemy/actor/lib/test/auto/PubSubWithInitialTokens.xml (RunModel)" time="0.016" />
  <testcase classname="ptolemy.util.test.junit.AutoTests" name="[256] /home/travis/build/icyphy/ptII/ptolemy/actor/lib/test/auto/PubSubWithInitialTokens2.xml (RunModel)" time="0.012" />
  <testcase classname="ptolemy.util.test.junit.AutoTests" name="[257] /home/travis/build/icyphy/ptII/ptolemy/actor/lib/test/auto/PublisherClassNoParameter.xml (RunModel)" time="0.023" />
  <testcase classname="ptolemy.util.test.junit.AutoTests" name="[258] /home/travis/build/icyphy/ptII/ptolemy/actor/lib/test/auto/PublisherClassParameter.xml (RunModel)" time="0.019" />
  <testcase classname="ptolemy.util.test.junit.AutoTests" name="[259] /home/travis/build/icyphy/ptII/ptolemy/actor/lib/test/auto/PublisherNonStrictTest.xml (RunModel)" time="0.014" />
  <testcase classname="ptolemy.util.test.junit.AutoTests" name="[260] /home/travis/build/icyphy/ptII/ptolemy/actor/lib/test/auto/PublisherPort1.xml (RunModel)" time="0.02" />
  <testcase classname="ptolemy.util.test.junit.AutoTests" name="[261] /home/travis/build/icyphy/ptII/ptolemy/actor/lib/test/auto/PublisherPort2.xml (RunModel)" time="0.009" />
  <testcase classname="ptolemy.util.test.junit.AutoTests" name="[262] /home/travis/build/icyphy/ptII/ptolemy/actor/lib/test/auto/PublisherPort3.xml (RunModel)" time="0.011" />
  <testcase classname="ptolemy.util.test.junit.AutoTests" name="[263] /home/travis/build/icyphy/ptII/ptolemy/actor/lib/test/auto/PublisherPort4.xml (RunModel)" time="0.015" />
  <testcase classname="ptolemy.util.test.junit.AutoTests" name="[264] /home/travis/build/icyphy/ptII/ptolemy/actor/lib/test/auto/PublisherPort5.xml (RunModel)" time="0.019" />
  <testcase classname="ptolemy.util.test.junit.AutoTests" name="[265] /home/travis/build/icyphy/ptII/ptolemy/actor/lib/test/auto/PublisherPort5LookAlike.xml (RunModel)" time="0.02" />
  <testcase classname="ptolemy.util.test.junit.AutoTests" name="[266] /home/travis/build/icyphy/ptII/ptolemy/actor/lib/test/auto/PublisherPort6.xml (RunModel)" time="0.011" />
  <testcase classname="ptolemy.util.test.junit.AutoTests" name="[267] /home/travis/build/icyphy/ptII/ptolemy/actor/lib/test/auto/PublisherPort7.xml (RunModel)" time="0.014" />
  <testcase classname="ptolemy.util.test.junit.AutoTests" name="[268] /home/travis/build/icyphy/ptII/ptolemy/actor/lib/test/auto/PublisherPort8.xml (RunModel)" time="0.02" />
  <testcase classname="ptolemy.util.test.junit.AutoTests" name="[269] /home/travis/build/icyphy/ptII/ptolemy/actor/lib/test/auto/PublisherPortSubscriberChannelVariablesAOC2.xml (RunModel)" time="0.037" />
  <testcase classname="ptolemy.util.test.junit.AutoTests" name="[270] /home/travis/build/icyphy/ptII/ptolemy/actor/lib/test/auto/PublisherPortSubscriberOpaqueWidthInference.xml (RunModel)" time="0.016" />
  <testcase classname="ptolemy.util.test.junit.AutoTests" name="[271] /home/travis/build/icyphy/ptII/ptolemy/actor/lib/test/auto/PublisherPortSubscriberPortAdjacent.xml (RunModel)" time="0.016" />
  <testcase classname="ptolemy.util.test.junit.AutoTests" name="[272] /home/travis/build/icyphy/ptII/ptolemy/actor/lib/test/auto/PublisherPortSubscriberPortExpression.xml (RunModel)" time="0.014" />
  <testcase classname="ptolemy.util.test.junit.AutoTests" name="[273] /home/travis/build/icyphy/ptII/ptolemy/actor/lib/test/auto/PublisherPortSubscriberPortOpaqueD3Reverse.xml (RunModel)" time="0.032" />
  <testcase classname="ptolemy.util.test.junit.AutoTests" name="[274] /home/travis/build/icyphy/ptII/ptolemy/actor/lib/test/auto/PublisherPortSubscriberPortOpaqueWidthInference.xml (RunModel)" time="0.014" />
  <testcase classname="ptolemy.util.test.junit.AutoTests" name="[275] /home/travis/build/icyphy/ptII/ptolemy/actor/lib/test/auto/PublisherPortToplevelSubscriberPortAOC.xml (RunModel)" time="0.01" />
  <testcase classname="ptolemy.util.test.junit.AutoTests" name="[276] /home/travis/build/icyphy/ptII/ptolemy/actor/lib/test/auto/PublisherSubscriber.xml (RunModel)" time="0.015" />
  <testcase classname="ptolemy.util.test.junit.AutoTests" name="[277] /home/travis/build/icyphy/ptII/ptolemy/actor/lib/test/auto/PublisherSubscriber10.xml (RunModel)" time="0.021" />
  <testcase classname="ptolemy.util.test.junit.AutoTests" name="[278] /home/travis/build/icyphy/ptII/ptolemy/actor/lib/test/auto/PublisherSubscriber10InitialOutputs.xml (RunModel)" time="0.031" />
  <testcase classname="ptolemy.util.test.junit.AutoTests" name="[279] /home/travis/build/icyphy/ptII/ptolemy/actor/lib/test/auto/PublisherSubscriber11.xml (RunModel)" time="0.012" />
  <testcase classname="ptolemy.util.test.junit.AutoTests" name="[280] /home/travis/build/icyphy/ptII/ptolemy/actor/lib/test/auto/PublisherSubscriber12.xml (RunModel)" time="0.026" />
  <testcase classname="ptolemy.util.test.junit.AutoTests" name="[281] /home/travis/build/icyphy/ptII/ptolemy/actor/lib/test/auto/PublisherSubscriber13.xml (RunModel)" time="0.01" />
  <testcase classname="ptolemy.util.test.junit.AutoTests" name="[282] /home/travis/build/icyphy/ptII/ptolemy/actor/lib/test/auto/PublisherSubscriber14.xml (RunModel)" time="0.019" />
  <testcase classname="ptolemy.util.test.junit.AutoTests" name="[283] /home/travis/build/icyphy/ptII/ptolemy/actor/lib/test/auto/PublisherSubscriber2.xml (RunModel)" time="0.01" />
  <testcase classname="ptolemy.util.test.junit.AutoTests" name="[284] /home/travis/build/icyphy/ptII/ptolemy/actor/lib/test/auto/PublisherSubscriber3.xml (RunModel)" time="0.009" />
  <testcase classname="ptolemy.util.test.junit.AutoTests" name="[285] /home/travis/build/icyphy/ptII/ptolemy/actor/lib/test/auto/PublisherSubscriber4.xml (RunModel)" time="0.009" />
  <testcase classname="ptolemy.util.test.junit.AutoTests" name="[286] /home/travis/build/icyphy/ptII/ptolemy/actor/lib/test/auto/PublisherSubscriber5.xml (RunModel)" time="0.012" />
  <testcase classname="ptolemy.util.test.junit.AutoTests" name="[287] /home/travis/build/icyphy/ptII/ptolemy/actor/lib/test/auto/PublisherSubscriber6.xml (RunModel)" time="0.013" />
  <testcase classname="ptolemy.util.test.junit.AutoTests" name="[288] /home/travis/build/icyphy/ptII/ptolemy/actor/lib/test/auto/PublisherSubscriber7.xml (RunModel)" time="0.026" />
  <testcase classname="ptolemy.util.test.junit.AutoTests" name="[289] /home/travis/build/icyphy/ptII/ptolemy/actor/lib/test/auto/PublisherSubscriber8.xml (RunModel)" time="0.029" />
  <testcase classname="ptolemy.util.test.junit.AutoTests" name="[290] /home/travis/build/icyphy/ptII/ptolemy/actor/lib/test/auto/PublisherSubscriber9.xml (RunModel)" time="0.014" />
  <testcase classname="ptolemy.util.test.junit.AutoTests" name="[291] /home/travis/build/icyphy/ptII/ptolemy/actor/lib/test/auto/PublisherSubscriberAdjacent.xml (RunModel)" time="0.013" />
  <testcase classname="ptolemy.util.test.junit.AutoTests" name="[292] /home/travis/build/icyphy/ptII/ptolemy/actor/lib/test/auto/PublisherSubscriberChannelVariablesAOC2.xml (RunModel)" time="0.025" />
  <testcase classname="ptolemy.util.test.junit.AutoTests" name="[293] /home/travis/build/icyphy/ptII/ptolemy/actor/lib/test/auto/PublisherSubscriberD3.xml (RunModel)" time="0.013" />
  <testcase classname="ptolemy.util.test.junit.AutoTests" name="[294] /home/travis/build/icyphy/ptII/ptolemy/actor/lib/test/auto/PublisherSubscriberD3Reverse.xml (RunModel)" time="0.01" />
  <testcase classname="ptolemy.util.test.junit.AutoTests" name="[295] /home/travis/build/icyphy/ptII/ptolemy/actor/lib/test/auto/PublisherSubscriberExpression.xml (RunModel)" time="0.017" />
  <testcase classname="ptolemy.util.test.junit.AutoTests" name="[296] /home/travis/build/icyphy/ptII/ptolemy/actor/lib/test/auto/PublisherSubscriberOpaque.xml (RunModel)" time="0.014" />
  <testcase classname="ptolemy.util.test.junit.AutoTests" name="[297] /home/travis/build/icyphy/ptII/ptolemy/actor/lib/test/auto/PublisherSubscriberOpaqueD3.xml (RunModel)" time="0.02" />
  <testcase classname="ptolemy.util.test.junit.AutoTests" name="[298] /home/travis/build/icyphy/ptII/ptolemy/actor/lib/test/auto/PublisherSubscriberOpaqueD3Reverse.xml (RunModel)" time="0.018" />
  <testcase classname="ptolemy.util.test.junit.AutoTests" name="[299] /home/travis/build/icyphy/ptII/ptolemy/actor/lib/test/auto/PublisherSubscriberOpaqueWidthInference.xml (RunModel)" time="0.014" />
  <testcase classname="ptolemy.util.test.junit.AutoTests" name="[300] /home/travis/build/icyphy/ptII/ptolemy/actor/lib/test/auto/PublisherTestSubscriber.xml (RunModel)" time="0.014" />
  <testcase classname="ptolemy.util.test.junit.AutoTests" name="[301] /home/travis/build/icyphy/ptII/ptolemy/actor/lib/test/auto/PublisherToplevelSubscriberPortAOC.xml (RunModel)" time="0.023" />
  <testcase classname="ptolemy.util.test.junit.AutoTests" name="[302] /home/travis/build/icyphy/ptII/ptolemy/actor/lib/test/auto/PulseFiringLimitDE.xml (RunModel)" time="0.015" />
  <testcase classname="ptolemy.util.test.junit.AutoTests" name="[303] /home/travis/build/icyphy/ptII/ptolemy/actor/lib/test/auto/Ramp1.xml (RunModel)" time="0.007" />
  <testcase classname="ptolemy.util.test.junit.AutoTests" name="[304] /home/travis/build/icyphy/ptII/ptolemy/actor/lib/test/auto/RampFiringLimitDE.xml (RunModel)" time="0.009" />
  <testcase classname="ptolemy.util.test.junit.AutoTests" name="[305] /home/travis/build/icyphy/ptII/ptolemy/actor/lib/test/auto/RampFiringLimitSDF.xml (RunModel)" time="0.008" />
  <testcase classname="ptolemy.util.test.junit.AutoTests" name="[306] /home/travis/build/icyphy/ptII/ptolemy/actor/lib/test/auto/RandomInteger.xml (RunModel)" time="0.008" />
  <testcase classname="ptolemy.util.test.junit.AutoTests" name="[307] /home/travis/build/icyphy/ptII/ptolemy/actor/lib/test/auto/ReadFile1.xml (RunModel)" time="0.007" />
  <testcase classname="ptolemy.util.test.junit.AutoTests" name="[308] /home/travis/build/icyphy/ptII/ptolemy/actor/lib/test/auto/ReadFile2.xml (RunModel)" time="0.006" />
  <testcase classname="ptolemy.util.test.junit.AutoTests" name="[309] /home/travis/build/icyphy/ptII/ptolemy/actor/lib/test/auto/Reader.xml (RunModel)" time="0.014" />
  <testcase classname="ptolemy.util.test.junit.AutoTests" name="[310] /home/travis/build/icyphy/ptII/ptolemy/actor/lib/test/auto/RecordAssemblerDisplayNameTest.xml (RunModel)" time="2.943" />
  <testcase classname="ptolemy.util.test.junit.AutoTests" name="[311] /home/travis/build/icyphy/ptII/ptolemy/actor/lib/test/auto/RecordAssemblerTypeError.xml (RunModel)" time="0.039" />
  <testcase classname="ptolemy.util.test.junit.AutoTests" name="[312] /home/travis/build/icyphy/ptII/ptolemy/actor/lib/test/auto/RecordDisassember.xml (RunModel)" time="0.018" />
  <testcase classname="ptolemy.util.test.junit.AutoTests" name="[313] /home/travis/build/icyphy/ptII/ptolemy/actor/lib/test/auto/RecordDisassemberDisplayNameTest.xml (RunModel)" time="0.032" />
  <testcase classname="ptolemy.util.test.junit.AutoTests" name="[314] /home/travis/build/icyphy/ptII/ptolemy/actor/lib/test/auto/RecordDisassembler.xml (RunModel)" time="0.011" />
  <testcase classname="ptolemy.util.test.junit.AutoTests" name="[315] /home/travis/build/icyphy/ptII/ptolemy/actor/lib/test/auto/RecordDisassembler2.xml (RunModel)" time="0.013" />
  <testcase classname="ptolemy.util.test.junit.AutoTests" name="[316] /home/travis/build/icyphy/ptII/ptolemy/actor/lib/test/auto/RecordUpdater.xml (RunModel)" time="0.011" />
  <testcase classname="ptolemy.util.test.junit.AutoTests" name="[317] /home/travis/build/icyphy/ptII/ptolemy/actor/lib/test/auto/RecordUpdater2.xml (RunModel)" time="0.011" />
  <testcase classname="ptolemy.util.test.junit.AutoTests" name="[318] /home/travis/build/icyphy/ptII/ptolemy/actor/lib/test/auto/RecursiveLattice.xml (RunModel)" time="0.008" />
  <testcase classname="ptolemy.util.test.junit.AutoTests" name="[319] /home/travis/build/icyphy/ptII/ptolemy/actor/lib/test/auto/Router.xml (RunModel)" time="3.026" />
  <testcase classname="ptolemy.util.test.junit.AutoTests" name="[320] /home/travis/build/icyphy/ptII/ptolemy/actor/lib/test/auto/Router2.xml (RunModel)" time="3.031" />
  <testcase classname="ptolemy.util.test.junit.AutoTests" name="[321] /home/travis/build/icyphy/ptII/ptolemy/actor/lib/test/auto/RunningMaximum.xml (RunModel)" time="0.022" />
  <testcase classname="ptolemy.util.test.junit.AutoTests" name="[322] /home/travis/build/icyphy/ptII/ptolemy/actor/lib/test/auto/RunningMinimum.xml (RunModel)" time="0.016" />
  <testcase classname="ptolemy.util.test.junit.AutoTests" name="[323] /home/travis/build/icyphy/ptII/ptolemy/actor/lib/test/auto/Scale.xml (RunModel)" time="0.019" />
  <testcase classname="ptolemy.util.test.junit.AutoTests" name="[324] /home/travis/build/icyphy/ptII/ptolemy/actor/lib/test/auto/Scale2.xml (RunModel)" time="0.01" />
  <testcase classname="ptolemy.util.test.junit.AutoTests" name="[325] /home/travis/build/icyphy/ptII/ptolemy/actor/lib/test/auto/Scale3.xml (RunModel)" time="0.017" />
  <testcase classname="ptolemy.util.test.junit.AutoTests" name="[326] /home/travis/build/icyphy/ptII/ptolemy/actor/lib/test/auto/ScaleArray.xml (RunModel)" time="0.008" />
  <testcase classname="ptolemy.util.test.junit.AutoTests" name="[327] /home/travis/build/icyphy/ptII/ptolemy/actor/lib/test/auto/ScaleArray2.xml (RunModel)" time="0.015" />
  <testcase classname="ptolemy.util.test.junit.AutoTests" name="[328] /home/travis/build/icyphy/ptII/ptolemy/actor/lib/test/auto/ScaleMatrix.xml (RunModel)" time="0.144" />
  <testcase classname="ptolemy.util.test.junit.AutoTests" name="[329] /home/travis/build/icyphy/ptII/ptolemy/actor/lib/test/auto/Select.xml (RunModel)" time="0.017" />
  <testcase classname="ptolemy.util.test.junit.AutoTests" name="[330] /home/travis/build/icyphy/ptII/ptolemy/actor/lib/test/auto/Select2.xml (RunModel)" time="0.009" />
  <testcase classname="ptolemy.util.test.junit.AutoTests" name="[331] /home/travis/build/icyphy/ptII/ptolemy/actor/lib/test/auto/SequenceToArray2.xml (RunModel)" time="0.142" />
  <testcase classname="ptolemy.util.test.junit.AutoTests" name="[332] /home/travis/build/icyphy/ptII/ptolemy/actor/lib/test/auto/SequentialClock.xml (RunModel)" time="0.007" />
  <testcase classname="ptolemy.util.test.junit.AutoTests" name="[333] /home/travis/build/icyphy/ptII/ptolemy/actor/lib/test/auto/SetVariable.xml (RunModel)" time="0.011" />
  <testcase classname="ptolemy.util.test.junit.AutoTests" name="[334] /home/travis/build/icyphy/ptII/ptolemy/actor/lib/test/auto/SetVariable2.xml (RunModel)" time="0.009" />
  <testcase classname="ptolemy.util.test.junit.AutoTests" name="[335] /home/travis/build/icyphy/ptII/ptolemy/actor/lib/test/auto/SetVariable3.xml (RunModel)" time="0.015" />
  <testcase classname="ptolemy.util.test.junit.AutoTests" name="[336] /home/travis/build/icyphy/ptII/ptolemy/actor/lib/test/auto/SetVariable4.xml (RunModel)" time="0.018" />
  <testcase classname="ptolemy.util.test.junit.AutoTests" name="[337] /home/travis/build/icyphy/ptII/ptolemy/actor/lib/test/auto/SetVariable5.xml (RunModel)" time="0.032" />
  <testcase classname="ptolemy.util.test.junit.AutoTests" name="[338] /home/travis/build/icyphy/ptII/ptolemy/actor/lib/test/auto/Sinewave.xml (RunModel)" time="0.025" />
  <testcase classname="ptolemy.util.test.junit.AutoTests" name="[339] /home/travis/build/icyphy/ptII/ptolemy/actor/lib/test/auto/Sinewave2.xml (RunModel)" time="0.017" />
  <testcase classname="ptolemy.util.test.junit.AutoTests" name="[340] /home/travis/build/icyphy/ptII/ptolemy/actor/lib/test/auto/Sinewave3.xml (RunModel)" time="0.017" />
  <testcase classname="ptolemy.util.test.junit.AutoTests" name="[341] /home/travis/build/icyphy/ptII/ptolemy/actor/lib/test/auto/SingleEvent.xml (RunModel)" time="0.006" />
  <testcase classname="ptolemy.util.test.junit.AutoTests" name="[342] /home/travis/build/icyphy/ptII/ptolemy/actor/lib/test/auto/Sleep.xml (RunModel)" time="6.02" />
  <testcase classname="ptolemy.util.test.junit.AutoTests" name="[343] /home/travis/build/icyphy/ptII/ptolemy/actor/lib/test/auto/SleepMultipleFire.xml (RunModel)" time="1.014" />
  <testcase classname="ptolemy.util.test.junit.AutoTests" name="[344] /home/travis/build/icyphy/ptII/ptolemy/actor/lib/test/auto/StopDE.xml (RunModel)" time="0.011" />
  <testcase classname="ptolemy.util.test.junit.AutoTests" name="[345] /home/travis/build/icyphy/ptII/ptolemy/actor/lib/test/auto/StopSDF.xml (RunModel)" time="0.01" />
  <testcase classname="ptolemy.util.test.junit.AutoTests" name="[346] /home/travis/build/icyphy/ptII/ptolemy/actor/lib/test/auto/StringConstant.xml (RunModel)" time="0.016" />
  <testcase classname="ptolemy.util.test.junit.AutoTests" name="[347] /home/travis/build/icyphy/ptII/ptolemy/actor/lib/test/auto/SubscriberPortInitialValues1.xml (RunModel)" time="0.021" />
  <testcase classname="ptolemy.util.test.junit.AutoTests" name="[348] /home/travis/build/icyphy/ptII/ptolemy/actor/lib/test/auto/SubscriberPortInitialValues13.xml (RunModel)" time="0.024" />
  <testcase classname="ptolemy.util.test.junit.AutoTests" name="[349] /home/travis/build/icyphy/ptII/ptolemy/actor/lib/test/auto/SubscriberPortInitialValues14.xml (RunModel)" time="0.014" />
  <testcase classname="ptolemy.util.test.junit.AutoTests" name="[350] /home/travis/build/icyphy/ptII/ptolemy/actor/lib/test/auto/SubscriberPortInitialValues2.xml (RunModel)" time="0.014" />
  <testcase classname="ptolemy.util.test.junit.AutoTests" name="[351] /home/travis/build/icyphy/ptII/ptolemy/actor/lib/test/auto/SubscriberPortInitialValues3.xml (RunModel)" time="0.019" />
  <testcase classname="ptolemy.util.test.junit.AutoTests" name="[352] /home/travis/build/icyphy/ptII/ptolemy/actor/lib/test/auto/SubscriptionAggregator.xml (RunModel)" time="0.01" />
  <testcase classname="ptolemy.util.test.junit.AutoTests" name="[353] /home/travis/build/icyphy/ptII/ptolemy/actor/lib/test/auto/SubscriptionAggregator2.xml (RunModel)" time="0.011" />
  <testcase classname="ptolemy.util.test.junit.AutoTests" name="[354] /home/travis/build/icyphy/ptII/ptolemy/actor/lib/test/auto/SubscriptionAggregator3.xml (RunModel)" time="0.014" />
  <testcase classname="ptolemy.util.test.junit.AutoTests" name="[355] /home/travis/build/icyphy/ptII/ptolemy/actor/lib/test/auto/SubscriptionAggregatorMultiply.xml (RunModel)" time="0.011" />
  <testcase classname="ptolemy.util.test.junit.AutoTests" name="[356] /home/travis/build/icyphy/ptII/ptolemy/actor/lib/test/auto/SubscriptionAggregatorPortMultiply1.xml (RunModel)" time="0.011" />
  <testcase classname="ptolemy.util.test.junit.AutoTests" name="[357] /home/travis/build/icyphy/ptII/ptolemy/actor/lib/test/auto/Switch.xml (RunModel)" time="0.015" />
  <testcase classname="ptolemy.util.test.junit.AutoTests" name="[358] /home/travis/build/icyphy/ptII/ptolemy/actor/lib/test/auto/Switch2.xml (RunModel)" time="0.011" />
  <testcase classname="ptolemy.util.test.junit.AutoTests" name="[359] /home/travis/build/icyphy/ptII/ptolemy/actor/lib/test/auto/SwitchDE.xml (RunModel)" time="0.011" />
  <testcase classname="ptolemy.util.test.junit.AutoTests" name="[360] /home/travis/build/icyphy/ptII/ptolemy/actor/lib/test/auto/SynchronizerDE.xml (RunModel)" time="0.019" />
  <testcase classname="ptolemy.util.test.junit.AutoTests" name="[361] /home/travis/build/icyphy/ptII/ptolemy/actor/lib/test/auto/Test.xml (RunModel)" time="0.009" />
  <testcase classname="ptolemy.util.test.junit.AutoTests" name="[362] /home/travis/build/icyphy/ptII/ptolemy/actor/lib/test/auto/TestExceptionAttribute1.xml (RunModel)" time="0.006" />
  <testcase classname="ptolemy.util.test.junit.AutoTests" name="[363] /home/travis/build/icyphy/ptII/ptolemy/actor/lib/test/auto/TestExceptionAttribute2.xml (RunModel)" time="0.006" />
  <testcase classname="ptolemy.util.test.junit.AutoTests" name="[364] /home/travis/build/icyphy/ptII/ptolemy/actor/lib/test/auto/TestExceptionAttribute3.xml (RunModel)" time="0.009" />
  <testcase classname="ptolemy.util.test.junit.AutoTests" name="[365] /home/travis/build/icyphy/ptII/ptolemy/actor/lib/test/auto/TestExceptionAttribute4.xml (RunModel)" time="0.007" />
  <testcase classname="ptolemy.util.test.junit.AutoTests" name="[366] /home/travis/build/icyphy/ptII/ptolemy/actor/lib/test/auto/TestExceptionHandler1.xml (RunModel)" time="0.005" />
  <testcase classname="ptolemy.util.test.junit.AutoTests" name="[367] /home/travis/build/icyphy/ptII/ptolemy/actor/lib/test/auto/TestExceptionHandler2.xml (RunModel)" time="0.008" />
  <testcase classname="ptolemy.util.test.junit.AutoTests" name="[368] /home/travis/build/icyphy/ptII/ptolemy/actor/lib/test/auto/TestExceptionHandler3.xml (RunModel)" time="0.004" />
  <testcase classname="ptolemy.util.test.junit.AutoTests" name="[369] /home/travis/build/icyphy/ptII/ptolemy/actor/lib/test/auto/TestExceptionHandler4.xml (RunModel)" time="0.005" />
  <testcase classname="ptolemy.util.test.junit.AutoTests" name="[370] /home/travis/build/icyphy/ptII/ptolemy/actor/lib/test/auto/TestRequireCorrectOrder.xml (RunModel)" time="0.014" />
  <testcase classname="ptolemy.util.test.junit.AutoTests" name="[371] /home/travis/build/icyphy/ptII/ptolemy/actor/lib/test/auto/TestSimple.xml (RunModel)" time="0.009" />
  <testcase classname="ptolemy.util.test.junit.AutoTests" name="[372] /home/travis/build/icyphy/ptII/ptolemy/actor/lib/test/auto/ThrowModelError.xml (RunModel)" time="0.01" />
  <testcase classname="ptolemy.util.test.junit.AutoTests" name="[373] /home/travis/build/icyphy/ptII/ptolemy/actor/lib/test/auto/TimeDelayMicrosteps.xml (RunModel)" time="0.013" />
  <testcase classname="ptolemy.util.test.junit.AutoTests" name="[374] /home/travis/build/icyphy/ptII/ptolemy/actor/lib/test/auto/TimeDelayMicrosteps2.xml (RunModel)" time="0.014" />
  <testcase classname="ptolemy.util.test.junit.AutoTests" name="[375] /home/travis/build/icyphy/ptII/ptolemy/actor/lib/test/auto/TimeDelayMicrosteps3.xml (RunModel)" time="0.011" />
  <testcase classname="ptolemy.util.test.junit.AutoTests" name="[376] /home/travis/build/icyphy/ptII/ptolemy/actor/lib/test/auto/TimeDelayVariableMicrosteps.xml (RunModel)" time="0.01" />
  <testcase classname="ptolemy.util.test.junit.AutoTests" name="[377] /home/travis/build/icyphy/ptII/ptolemy/actor/lib/test/auto/TimeGap.xml (RunModel)" time="0.014" />
  <testcase classname="ptolemy.util.test.junit.AutoTests" name="[378] /home/travis/build/icyphy/ptII/ptolemy/actor/lib/test/auto/TimeGap2.xml (RunModel)" time="0.009" />
  <testcase classname="ptolemy.util.test.junit.AutoTests" name="[379] /home/travis/build/icyphy/ptII/ptolemy/actor/lib/test/auto/TimedSinewave.xml (RunModel)" time="0.051" />
  <testcase classname="ptolemy.util.test.junit.AutoTests" name="[380] /home/travis/build/icyphy/ptII/ptolemy/actor/lib/test/auto/TimedSinewavePhase.xml (RunModel)" time="0.036" />
  <testcase classname="ptolemy.util.test.junit.AutoTests" name="[381] /home/travis/build/icyphy/ptII/ptolemy/actor/lib/test/auto/Timer.xml (RunModel)" time="0.018" />
  <testcase classname="ptolemy.util.test.junit.AutoTests" name="[382] /home/travis/build/icyphy/ptII/ptolemy/actor/lib/test/auto/TriangularDistTestModel.xml (RunModel)" time="0.015" />
  <testcase classname="ptolemy.util.test.junit.AutoTests" name="[383] /home/travis/build/icyphy/ptII/ptolemy/actor/lib/test/auto/TrigFunction.xml (RunModel)" time="0.007" />
  <testcase classname="ptolemy.util.test.junit.AutoTests" name="[384] /home/travis/build/icyphy/ptII/ptolemy/actor/lib/test/auto/TrigFunctionDE.xml (RunModel)" time="0.009" />
  <testcase classname="ptolemy.util.test.junit.AutoTests" name="[385] /home/travis/build/icyphy/ptII/ptolemy/actor/lib/test/auto/TrigFunctionInverse.xml (RunModel)" time="0.008" />
  <testcase classname="ptolemy.util.test.junit.AutoTests" name="[386] /home/travis/build/icyphy/ptII/ptolemy/actor/lib/test/auto/TrigFunctionTan.xml (RunModel)" time="0.006" />
  <testcase classname="ptolemy.util.test.junit.AutoTests" name="[387] /home/travis/build/icyphy/ptII/ptolemy/actor/lib/test/auto/TriggeredClock.xml (RunModel)" time="0.007" />
  <testcase classname="ptolemy.util.test.junit.AutoTests" name="[388] /home/travis/build/icyphy/ptII/ptolemy/actor/lib/test/auto/URLDirectoryReader.xml (RunModel)" time="0.09" />
  <testcase classname="ptolemy.util.test.junit.AutoTests" name="[389] /home/travis/build/icyphy/ptII/ptolemy/actor/lib/test/auto/URLDirectoryReader3.xml (RunModel)" time="1.364" />
  <testcase classname="ptolemy.util.test.junit.AutoTests" name="[390] /home/travis/build/icyphy/ptII/ptolemy/actor/lib/test/auto/UnaryMathFunction.xml (RunModel)" time="0.019" />
  <testcase classname="ptolemy.util.test.junit.AutoTests" name="[391] /home/travis/build/icyphy/ptII/ptolemy/actor/lib/test/auto/Uniform.xml (RunModel)" time="0.016" />
  <testcase classname="ptolemy.util.test.junit.AutoTests" name="[392] /home/travis/build/icyphy/ptII/ptolemy/actor/lib/test/auto/UnionDisassemblerTest.xml (RunModel)" time="0.009" />
  <testcase classname="ptolemy.util.test.junit.AutoTests" name="[393] /home/travis/build/icyphy/ptII/ptolemy/actor/lib/test/auto/UtilityFunctions.xml (RunModel)" time="0.008" />
  <testcase classname="ptolemy.util.test.junit.AutoTests" name="[394] /home/travis/build/icyphy/ptII/ptolemy/actor/lib/test/auto/VariableSleep.xml (RunModel)" time="0.511" />
  <testcase classname="ptolemy.util.test.junit.AutoTests" name="[395] /home/travis/build/icyphy/ptII/ptolemy/actor/lib/test/auto/VectorAssemblerDisassemblerCT.xml (RunModel)" time="0.082" />
  <testcase classname="ptolemy.util.test.junit.AutoTests" name="[396] /home/travis/build/icyphy/ptII/ptolemy/actor/lib/test/auto/VectorAssemblerDisassemblerDE.xml (RunModel)" time="0.013" />
  <testcase classname="ptolemy.util.test.junit.AutoTests" name="[397] /home/travis/build/icyphy/ptII/ptolemy/actor/lib/test/auto/VectorAssemblerDisassemblerSDF.xml (RunModel)" time="0.011" />
  <testcase classname="ptolemy.util.test.junit.AutoTests" name="[398] /home/travis/build/icyphy/ptII/ptolemy/actor/lib/test/auto/WallClockTime.xml (RunModel)" time="1.012" />
  <testcase classname="ptolemy.util.test.junit.AutoTests" name="[399] /home/travis/build/icyphy/ptII/ptolemy/actor/lib/test/auto/WidthTestWithSubscriberPublisher.xml (RunModel)" time="0.038" />
  <testcase classname="ptolemy.util.test.junit.AutoTests" name="[400] /home/travis/build/icyphy/ptII/ptolemy/actor/lib/test/auto/WidthTestWithSubscriberPublisher2.xml (RunModel)" time="0.015" />
  <testcase classname="ptolemy.util.test.junit.AutoTests" name="[401] /home/travis/build/icyphy/ptII/ptolemy/actor/lib/test/auto/WidthTestWithSubscriberPublisher3.xml (RunModel)" time="0.012" />
  <testcase classname="ptolemy.util.test.junit.AutoTests" name="[402] /home/travis/build/icyphy/ptII/ptolemy/actor/lib/test/auto/Writer.xml (RunModel)" time="0.007" />
  <testcase classname="ptolemy.util.test.junit.AutoTests" name="[403] /home/travis/build/icyphy/ptII/ptolemy/actor/lib/test/auto/array.xml (RunModel)" time="0.023" />
  <testcase classname="ptolemy.util.test.junit.AutoTests" name="[404] /home/travis/build/icyphy/ptII/ptolemy/actor/lib/test/auto/array2.xml (RunModel)" time="0.011" />
  <testcase classname="ptolemy.util.test.junit.AutoTests" name="[405] /home/travis/build/icyphy/ptII/ptolemy/actor/lib/test/auto/arrayType.xml (RunModel)" time="0.011" />
  <testcase classname="ptolemy.util.test.junit.AutoTests" name="[406] /home/travis/build/icyphy/ptII/ptolemy/actor/lib/test/auto/arrayType10.xml (RunModel)" time="0.013" />
  <testcase classname="ptolemy.util.test.junit.AutoTests" name="[407] /home/travis/build/icyphy/ptII/ptolemy/actor/lib/test/auto/arrayType11.xml (RunModel)" time="0.009" />
  <testcase classname="ptolemy.util.test.junit.AutoTests" name="[408] /home/travis/build/icyphy/ptII/ptolemy/actor/lib/test/auto/arrayType12.xml (RunModel)" time="0.008" />
  <testcase classname="ptolemy.util.test.junit.AutoTests" name="[409] /home/travis/build/icyphy/ptII/ptolemy/actor/lib/test/auto/arrayType13.xml (RunModel)" time="0.009" />
  <testcase classname="ptolemy.util.test.junit.AutoTests" name="[410] /home/travis/build/icyphy/ptII/ptolemy/actor/lib/test/auto/arrayType14.xml (RunModel)" time="0.009" />
  <testcase classname="ptolemy.util.test.junit.AutoTests" name="[411] /home/travis/build/icyphy/ptII/ptolemy/actor/lib/test/auto/arrayType15.xml (RunModel)" time="0.009" />
  <testcase classname="ptolemy.util.test.junit.AutoTests" name="[412] /home/travis/build/icyphy/ptII/ptolemy/actor/lib/test/auto/arrayType16.xml (RunModel)" time="0.011" />
  <testcase classname="ptolemy.util.test.junit.AutoTests" name="[413] /home/travis/build/icyphy/ptII/ptolemy/actor/lib/test/auto/arrayType17.xml (RunModel)" time="0.009" />
  <testcase classname="ptolemy.util.test.junit.AutoTests" name="[414] /home/travis/build/icyphy/ptII/ptolemy/actor/lib/test/auto/arrayType18.xml (RunModel)" time="0.008" />
  <testcase classname="ptolemy.util.test.junit.AutoTests" name="[415] /home/travis/build/icyphy/ptII/ptolemy/actor/lib/test/auto/arrayType19.xml (RunModel)" time="0.007" />
  <testcase classname="ptolemy.util.test.junit.AutoTests" name="[416] /home/travis/build/icyphy/ptII/ptolemy/actor/lib/test/auto/arrayType2.xml (RunModel)" time="0.008" />
  <testcase classname="ptolemy.util.test.junit.AutoTests" name="[417] /home/travis/build/icyphy/ptII/ptolemy/actor/lib/test/auto/arrayType20.xml (RunModel)" time="0.009" />
  <testcase classname="ptolemy.util.test.junit.AutoTests" name="[418] /home/travis/build/icyphy/ptII/ptolemy/actor/lib/test/auto/arrayType21.xml (RunModel)" time="0.008" />
  <testcase classname="ptolemy.util.test.junit.AutoTests" name="[419] /home/travis/build/icyphy/ptII/ptolemy/actor/lib/test/auto/arrayType22.xml (RunModel)" time="0.008" />
  <testcase classname="ptolemy.util.test.junit.AutoTests" name="[420] /home/travis/build/icyphy/ptII/ptolemy/actor/lib/test/auto/arrayType23.xml (RunModel)" time="0.008" />
  <testcase classname="ptolemy.util.test.junit.AutoTests" name="[421] /home/travis/build/icyphy/ptII/ptolemy/actor/lib/test/auto/arrayType24.xml (RunModel)" time="0.008" />
  <testcase classname="ptolemy.util.test.junit.AutoTests" name="[422] /home/travis/build/icyphy/ptII/ptolemy/actor/lib/test/auto/arrayType25.xml (RunModel)" time="0.008" />
  <testcase classname="ptolemy.util.test.junit.AutoTests" name="[423] /home/travis/build/icyphy/ptII/ptolemy/actor/lib/test/auto/arrayType26.xml (RunModel)" time="0.008" />
  <testcase classname="ptolemy.util.test.junit.AutoTests" name="[424] /home/travis/build/icyphy/ptII/ptolemy/actor/lib/test/auto/arrayType27.xml (RunModel)" time="0.008" />
  <testcase classname="ptolemy.util.test.junit.AutoTests" name="[425] /home/travis/build/icyphy/ptII/ptolemy/actor/lib/test/auto/arrayType28.xml (RunModel)" time="0.009" />
  <testcase classname="ptolemy.util.test.junit.AutoTests" name="[426] /home/travis/build/icyphy/ptII/ptolemy/actor/lib/test/auto/arrayType3.xml (RunModel)" time="0.008" />
  <testcase classname="ptolemy.util.test.junit.AutoTests" name="[427] /home/travis/build/icyphy/ptII/ptolemy/actor/lib/test/auto/arrayType4.xml (RunModel)" time="0.008" />
  <testcase classname="ptolemy.util.test.junit.AutoTests" name="[428] /home/travis/build/icyphy/ptII/ptolemy/actor/lib/test/auto/arrayType5.xml (RunModel)" time="0.008" />
  <testcase classname="ptolemy.util.test.junit.AutoTests" name="[429] /home/travis/build/icyphy/ptII/ptolemy/actor/lib/test/auto/arrayType6.xml (RunModel)" time="0.009" />
  <testcase classname="ptolemy.util.test.junit.AutoTests" name="[430] /home/travis/build/icyphy/ptII/ptolemy/actor/lib/test/auto/arrayType7.xml (RunModel)" time="0.011" />
  <testcase classname="ptolemy.util.test.junit.AutoTests" name="[431] /home/travis/build/icyphy/ptII/ptolemy/actor/lib/test/auto/arrayType8.xml (RunModel)" time="0.008" />
  <testcase classname="ptolemy.util.test.junit.AutoTests" name="[432] /home/travis/build/icyphy/ptII/ptolemy/actor/lib/test/auto/arrayType9.xml (RunModel)" time="0.008" />
  <testcase classname="ptolemy.util.test.junit.AutoTests" name="[433] /home/travis/build/icyphy/ptII/ptolemy/actor/lib/test/auto/cast.xml (RunModel)" time="0.008" />
  <testcase classname="ptolemy.util.test.junit.AutoTests" name="[434] /home/travis/build/icyphy/ptII/ptolemy/actor/lib/test/auto/compositeMultiPort.xml (RunModel)" time="0.016" />
  <testcase classname="ptolemy.util.test.junit.AutoTests" name="[435] /home/travis/build/icyphy/ptII/ptolemy/actor/lib/test/auto/expressionCastInference.xml (RunModel)" time="0.043" />
  <testcase classname="ptolemy.util.test.junit.AutoTests" name="[436] /home/travis/build/icyphy/ptII/ptolemy/actor/lib/test/auto/expressionCastInference2.xml (RunModel)" time="0.032" />
  <testcase classname="ptolemy.util.test.junit.AutoTests" name="[437] /home/travis/build/icyphy/ptII/ptolemy/actor/lib/test/auto/expressionInference.xml (RunModel)" time="0.033" />
  <testcase classname="ptolemy.util.test.junit.AutoTests" name="[438] /home/travis/build/icyphy/ptII/ptolemy/actor/lib/test/auto/expression_bug.xml (RunModel)" time="0.031" />
  <testcase classname="ptolemy.util.test.junit.AutoTests" name="[439] /home/travis/build/icyphy/ptII/ptolemy/actor/lib/test/auto/factorial.xml (RunModel)" time="0.101" />
  <testcase classname="ptolemy.util.test.junit.AutoTests" name="[440] /home/travis/build/icyphy/ptII/ptolemy/actor/lib/test/auto/filterTest1.xml (RunModel)" time="0.044" />
  <testcase classname="ptolemy.util.test.junit.AutoTests" name="[441] /home/travis/build/icyphy/ptII/ptolemy/actor/lib/test/auto/funcApplyInConst.xml (RunModel)" time="0.014" />
  <testcase classname="ptolemy.util.test.junit.AutoTests" name="[442] /home/travis/build/icyphy/ptII/ptolemy/actor/lib/test/auto/funcApplyInExpr.xml (RunModel)" time="0.005" />
  <testcase classname="ptolemy.util.test.junit.AutoTests" name="[443] /home/travis/build/icyphy/ptII/ptolemy/actor/lib/test/auto/function.xml (RunModel)" time="0.012" />
  <testcase classname="ptolemy.util.test.junit.AutoTests" name="[444] /home/travis/build/icyphy/ptII/ptolemy/actor/lib/test/auto/function2.xml (RunModel)" time="0.009" />
  <testcase classname="ptolemy.util.test.junit.AutoTests" name="[445] /home/travis/build/icyphy/ptII/ptolemy/actor/lib/test/auto/function3.xml (RunModel)" time="0.006" />
  <testcase classname="ptolemy.util.test.junit.AutoTests" name="[446] /home/travis/build/icyphy/ptII/ptolemy/actor/lib/test/auto/functionClosureTest1.xml (RunModel)" time="0.015" />
  <testcase classname="ptolemy.util.test.junit.AutoTests" name="[447] /home/travis/build/icyphy/ptII/ptolemy/actor/lib/test/auto/functionClosureTest2.xml (RunModel)" time="0.006" />
  <testcase classname="ptolemy.util.test.junit.AutoTests" name="[448] /home/travis/build/icyphy/ptII/ptolemy/actor/lib/test/auto/functionClosureTest3.xml (RunModel)" time="0.011" />
  <testcase classname="ptolemy.util.test.junit.AutoTests" name="[449] /home/travis/build/icyphy/ptII/ptolemy/actor/lib/test/auto/functionClosureTest4.xml (RunModel)" time="0.016" />
  <testcase classname="ptolemy.util.test.junit.AutoTests" name="[450] /home/travis/build/icyphy/ptII/ptolemy/actor/lib/test/auto/functionClosureTest5.xml (RunModel)" time="0.011" />
  <testcase classname="ptolemy.util.test.junit.AutoTests" name="[451] /home/travis/build/icyphy/ptII/ptolemy/actor/lib/test/auto/functionClosureTest6.xml (RunModel)" time="0.008" />
  <testcase classname="ptolemy.util.test.junit.AutoTests" name="[452] /home/travis/build/icyphy/ptII/ptolemy/actor/lib/test/auto/functionsOnArcs.xml (RunModel)" time="0.009" />
  <testcase classname="ptolemy.util.test.junit.AutoTests" name="[453] /home/travis/build/icyphy/ptII/ptolemy/actor/lib/test/auto/functionsOnArcsHOF.xml (RunModel)" time="0.01" />
  <testcase classname="ptolemy.util.test.junit.AutoTests" name="[454] /home/travis/build/icyphy/ptII/ptolemy/actor/lib/test/auto/logic.xml (RunModel)" time="0.016" />
  <testcase classname="ptolemy.util.test.junit.AutoTests" name="[455] /home/travis/build/icyphy/ptII/ptolemy/actor/lib/test/auto/matrixType.xml (RunModel)" time="0.009" />
  <testcase classname="ptolemy.util.test.junit.AutoTests" name="[456] /home/travis/build/icyphy/ptII/ptolemy/actor/lib/test/auto/matrixType10.xml (RunModel)" time="0.009" />
  <testcase classname="ptolemy.util.test.junit.AutoTests" name="[457] /home/travis/build/icyphy/ptII/ptolemy/actor/lib/test/auto/matrixType11.xml (RunModel)" time="0.008" />
  <testcase classname="ptolemy.util.test.junit.AutoTests" name="[458] /home/travis/build/icyphy/ptII/ptolemy/actor/lib/test/auto/matrixType12.xml (RunModel)" time="0.011" />
  <testcase classname="ptolemy.util.test.junit.AutoTests" name="[459] /home/travis/build/icyphy/ptII/ptolemy/actor/lib/test/auto/matrixType13.xml (RunModel)" time="0.008" />
  <testcase classname="ptolemy.util.test.junit.AutoTests" name="[460] /home/travis/build/icyphy/ptII/ptolemy/actor/lib/test/auto/matrixType14.xml (RunModel)" time="0.01" />
  <testcase classname="ptolemy.util.test.junit.AutoTests" name="[461] /home/travis/build/icyphy/ptII/ptolemy/actor/lib/test/auto/matrixType2.xml (RunModel)" time="0.008" />
  <testcase classname="ptolemy.util.test.junit.AutoTests" name="[462] /home/travis/build/icyphy/ptII/ptolemy/actor/lib/test/auto/matrixType3.xml (RunModel)" time="0.01" />
  <testcase classname="ptolemy.util.test.junit.AutoTests" name="[463] /home/travis/build/icyphy/ptII/ptolemy/actor/lib/test/auto/matrixType4.xml (RunModel)" time="0.008" />
  <testcase classname="ptolemy.util.test.junit.AutoTests" name="[464] /home/travis/build/icyphy/ptII/ptolemy/actor/lib/test/auto/matrixType5.xml (RunModel)" time="0.008" />
  <testcase classname="ptolemy.util.test.junit.AutoTests" name="[465] /home/travis/build/icyphy/ptII/ptolemy/actor/lib/test/auto/matrixType6.xml (RunModel)" time="0.008" />
  <testcase classname="ptolemy.util.test.junit.AutoTests" name="[466] /home/travis/build/icyphy/ptII/ptolemy/actor/lib/test/auto/matrixType7.xml (RunModel)" time="0.009" />
  <testcase classname="ptolemy.util.test.junit.AutoTests" name="[467] /home/travis/build/icyphy/ptII/ptolemy/actor/lib/test/auto/matrixType8.xml (RunModel)" time="0.009" />
  <testcase classname="ptolemy.util.test.junit.AutoTests" name="[468] /home/travis/build/icyphy/ptII/ptolemy/actor/lib/test/auto/matrixType9.xml (RunModel)" time="0.007" />
  <testcase classname="ptolemy.util.test.junit.AutoTests" name="[469] /home/travis/build/icyphy/ptII/ptolemy/actor/lib/test/auto/paraFunctest.xml (RunModel)" time="0.007" />
  <testcase classname="ptolemy.util.test.junit.AutoTests" name="[470] /home/travis/build/icyphy/ptII/ptolemy/actor/lib/test/auto/paraFunctest2.xml (RunModel)" time="0.012" />
  <testcase classname="ptolemy.util.test.junit.AutoTests" name="[471] /home/travis/build/icyphy/ptII/ptolemy/actor/lib/test/auto/parameterPassing.xml (RunModel)" time="0.012" />
  <testcase classname="ptolemy.util.test.junit.AutoTests" name="[472] /home/travis/build/icyphy/ptII/ptolemy/actor/lib/test/auto/record.xml (RunModel)" time="0.008" />
  <testcase classname="ptolemy.util.test.junit.AutoTests" name="[473] /home/travis/build/icyphy/ptII/ptolemy/actor/lib/test/auto/sizedarray1.xml (RunModel)" time="0.009" />
  <testcase classname="ptolemy.util.test.junit.AutoTests" name="[474] /home/travis/build/icyphy/ptII/ptolemy/actor/lib/test/auto/sizedarray2.xml (RunModel)" time="0.009" />
  <testcase classname="ptolemy.util.test.junit.AutoTests" name="[475] /home/travis/build/icyphy/ptII/ptolemy/actor/lib/test/auto/twoPublishers.xml (RunModel)" time="0.024" />
  <system-out><![CDATA[/home/travis/build/icyphy/ptII/ptolemy/actor/lib/test/AbsoluteValue.tcl
testDefs.tcl: setting time out to 9000 seconds at Thu Jun 25 14:56:14 UTC 2020
108 ms. Memory: 129024K Free: 93128K (72%)
10 ms. Memory: 129024K Free: 91080K (71%)
8 ms. Memory: 129024K Free: 90056K (70%)
11 ms. Memory: 129024K Free: 89527K (69%)
/home/travis/build/icyphy/ptII/ptolemy/actor/lib/test/AddSubtract.tcl
9 ms. Memory: 129024K Free: 87494K (68%)
6 ms. Memory: 129024K Free: 86984K (67%)
6 ms. Memory: 129024K Free: 85960K (67%)
9 ms. Memory: 129024K Free: 85439K (66%)
39 ms. Memory: 129024K Free: 82374K (64%)
6 ms. Memory: 129024K Free: 81350K (63%)
/home/travis/build/icyphy/ptII/ptolemy/actor/lib/test/Average.tcl
7 ms. Memory: 129024K Free: 79816K (62%)
20 ms. Memory: 129024K Free: 78792K (61%)
/home/travis/build/icyphy/ptII/ptolemy/actor/lib/test/Bernoulli.tcl
9 ms. Memory: 129024K Free: 77239K (60%)
2 ms. Memory: 129024K Free: 76744K (59%)
/home/travis/build/icyphy/ptII/ptolemy/actor/lib/test/Clock.tcl
preinitializing
resolving types
initializing
executing number 1
wrapping up
idle
19 ms. Memory: 129024K Free: 74182K (57%)
Completed execution with 5 iterations
preinitializing
resolving types
initializing
executing number 1
wrapping up
idle
3 ms. Memory: 129024K Free: 73127K (57%)
Completed execution with 5 iterations
preinitializing
resolving types
initializing
executing number 1
wrapping up
idle
4 ms. Memory: 129024K Free: 72648K (56%)
Completed execution with 5 iterations
/home/travis/build/icyphy/ptII/ptolemy/actor/lib/test/Commutator.tcl
6 ms. Memory: 129024K Free: 70600K (55%)
6 ms. Memory: 129024K Free: 69576K (54%)
8 ms. Memory: 129024K Free: 63911K (50%)
/home/travis/build/icyphy/ptII/ptolemy/actor/lib/test/Const.tcl
4 ms. Memory: 129024K Free: 62408K (48%)
5 ms. Memory: 129024K Free: 61879K (48%)
4 ms. Memory: 129024K Free: 61384K (48%)
3 ms. Memory: 129024K Free: 60863K (47%)
3 ms. Memory: 129024K Free: 60360K (47%)
14 ms. Memory: 129024K Free: 58822K (46%)
5 ms. Memory: 129024K Free: 57288K (44%)
4 ms. Memory: 129024K Free: 56767K (44%)
/home/travis/build/icyphy/ptII/ptolemy/actor/lib/test/CurrentTime.tcl
preinitializing
resolving types
initializing
executing number 1
wrapping up
idle
27 ms. Memory: 129024K Free: 54711K (42%)
Completed execution with 11 iterations
/home/travis/build/icyphy/ptII/ptolemy/actor/lib/test/DB.tcl
9 ms. Memory: 129024K Free: 53192K (41%)
5 ms. Memory: 129024K Free: 52677K (41%)
3 ms. Memory: 129024K Free: 52168K (40%)
/home/travis/build/icyphy/ptII/ptolemy/actor/lib/test/DiscreteRandomSource.tcl
preinitializing
resolving types
initializing
executing number 1
wrapping up
idle
4 ms. Memory: 129024K Free: 50615K (39%)
Completed execution with 4 iterations
preinitializing
resolving types
initializing
executing number 1
wrapping up
idle
3 ms. Memory: 129024K Free: 50120K (39%)
Completed execution with 4 iterations
preinitializing
resolving types
initializing
executing number 1
wrapping up
idle
4 ms. Memory: 129024K Free: 49606K (38%)
Completed execution with 4 iterations
preinitializing
resolving types
initializing
executing number 1
wrapping up
idle
3 ms. Memory: 129024K Free: 49096K (38%)
Completed execution with 4 iterations
preinitializing
resolving types
initializing
executing number 1
wrapping up
idle
12 ms. Memory: 129024K Free: 48582K (38%)
Completed execution with 4 iterations
/home/travis/build/icyphy/ptII/ptolemy/actor/lib/test/Distributor.tcl
34 ms. Memory: 129024K Free: 113484K (88%)
10 ms. Memory: 129024K Free: 112787K (87%)
StreamChangeRequest.changeExecuted(): <deleteEntity name="rec2"/> succeeded
StreamChangeRequest.changeExecuted(): <deleteRelation name="r2"/> succeeded
StreamChangeRequest.changeExecuted(): Record firings per iteration succeeded
12 ms. Memory: 129024K Free: 110349K (86%)
/home/travis/build/icyphy/ptII/ptolemy/actor/lib/test/Exit.tcl
Exit.tcl: this will print a message about Manager.exitAfterWrapup, which can be ignored.
11 ms. Memory: 129024K Free: 107325K (83%)
/home/travis/build/icyphy/ptII/ptolemy/actor/lib/test/Expression.tcl
27 ms. Memory: 129024K Free: 103716K (80%)
10 ms. Memory: 129024K Free: 103228K (80%)
3 ms. Memory: 129024K Free: 102220K (79%)
preinitializing
resolving types
initializing
executing number 1
wrapping up
idle
11 ms. Memory: 129024K Free: 101180K (78%)
Completed execution with 6 iterations
9 ms. Memory: 129024K Free: 100202K (78%)
3 ms. Memory: 129024K Free: 99148K (77%)
8 ms. Memory: 129024K Free: 98132K (76%)
7 ms. Memory: 129024K Free: 97076K (75%)
6 ms. Memory: 129024K Free: 95546K (74%)
/home/travis/build/icyphy/ptII/ptolemy/actor/lib/test/Gaussian.tcl
10 ms. Memory: 129024K Free: 94044K (73%)
sleeping 1 seconds: .......................................................................................................................................................................................................................................................................................................................................................................................................................................................................................................................................................................................................................................................................................................................................................................................................................................................................................................................................................................................................................................................................................................................................................................................................................................................................................................................................................................................................................................................................................................................................................................................................................................................................................................................................................................................................................................................................................................................................................................................................................................................................................................................................................................................................................................................................................................................................................................................................................................................................................................................................................................................................................................................................................................................................................................................................................................................................................................................................................................................................................................................................................................................................................................................................................................................................................................................................................................................................................................................................................................................................................................................................................................................................................................................................................................................................................................................................................................................................................................................................................................................................................................................................................................................................................................................................................................................................................................................................................................................................................................................................................................................................................................................................................................................................................................................................................................................................................................................................................................................................................................................................................................................................................................................................................................................................................................................................................................................................................................................................................................................................................................................................................................................................................................................................................................................................................................................................................................................................................................................................................................................................................................................................................................................................................................................................................................................................................................................................................................................................................................................................................................................................................................................................................................................................................................................................................................................................................................................................................................................................................................................................................................................................................................................................................................................................................................................................................................................................................................................................................................................................................................................................................................................................................................................................................................................................................................................................................................................................................................................................................................................................................................................................................................................................................................................................................................................................................................................................................................................................................................................................................................................................................................................................................................................................................................................................................................................................................................................................................................................................................................................................................................................................................................................................................................................................................................................................................................................................................................................................................................................................................................................................................................................................................................................................................................................................................................................................................................................................................................................................................................................................................................................................................................................................................................................................................................................................................................................................................................................................................................................................................................................................................................................................................................................................................................................................................................................................................................................................................................................................................................................................................................................................................................................................................................................................................................................................................................................................................................................................................................................................................................................................................................................................................................................................................................................................................................................................................................................................................................................................................................................................................................................................................................................................................................................................................................................................................................................................................................................................................................................................................................................................................................................................................................................................................................................................................................................................................................................................................................................................................................................................................................................................................................................................................................................................................................................................................................................................................................................................................................................................................................................................................................................................................................................................................................................................................................................................................................................................................................................................................................................................................................................................................................................................................................................................................................................................................................................................................................................................................................................................................................................................................................................................................................................................................................................................................................................................................................................................................................................................................................................................................................................................................................................................................................................................................................................................................................................................................................................................................................................................................................................................................................................................................................................................................................................................................................................................................................................................................................................................................................................................................................................................................................................................................................................................................................................................................................................................................................................................................................................................................................................................................................................................................................................................................................................................................................................................................................................................................................................................................................................................................................................................................................................................................................................................................................................................................................................................................................................................................................................................................................................................................................................................................................................................................................................................................................................................................................................................................................................................................................................................................................................................................................................................................................................................................................................................................................................................................................................................................................................................................................................................................................................................................................................................................................................................................................................................................................................................................................................................................................................................................................................................................................................................................................................................................................................................................................................................................................................................................................................................................................................................................................................................................................................................................................................................................................................................................................................................................................................................................................................................................................................................................................................................................................................................................................................................................................................................................................................................................................................................................................................................................................................................................................................................................................................................................................................................................................................................................................................................................................................................................................................................................................................................................................................................................................................................................................................................................................................................................................................................................................................................................................................................................................................................................................................................................................................................2 ms. Memory: 129024K Free: 112122K (87%)
2 ms. Memory: 129024K Free: 111098K (86%)
2 ms. Memory: 129024K Free: 110570K (86%)
3 ms. Memory: 129024K Free: 110072K (85%)
2 ms. Memory: 129024K Free: 109560K (85%)
/home/travis/build/icyphy/ptII/ptolemy/actor/lib/test/IIR.tcl
/home/travis/build/icyphy/ptII/ptolemy/actor/lib/test/Interpolator.tcl
3 ms. Memory: 129024K Free: 105464K (82%)
2 ms. Memory: 129024K Free: 104954K (81%)
2 ms. Memory: 129024K Free: 104410K (81%)
2 ms. Memory: 129024K Free: 103930K (81%)
2 ms. Memory: 129024K Free: 102906K (80%)
1 ms. Memory: 129024K Free: 101882K (79%)
2 ms. Memory: 129024K Free: 101368K (79%)
2 ms. Memory: 129024K Free: 100344K (78%)
2 ms. Memory: 129024K Free: 99306K (77%)
4 ms. Memory: 129024K Free: 98296K (76%)
/home/travis/build/icyphy/ptII/ptolemy/actor/lib/test/MathFunction.tcl
7 ms. Memory: 129024K Free: 96248K (75%)
2 ms. Memory: 129024K Free: 95224K (74%)
2 ms. Memory: 129024K Free: 94186K (73%)
1 ms. Memory: 129024K Free: 93690K (73%)
3 ms. Memory: 129024K Free: 92138K (71%)
6 ms. Memory: 129024K Free: 90090K (70%)
/home/travis/build/icyphy/ptII/ptolemy/actor/lib/test/Maximum.tcl
4 ms. Memory: 129024K Free: 88056K (68%)
2 ms. Memory: 129024K Free: 87546K (68%)
2 ms. Memory: 129024K Free: 87002K (67%)
2 ms. Memory: 129024K Free: 86522K (67%)
/home/travis/build/icyphy/ptII/ptolemy/actor/lib/test/Minimum.tcl
3 ms. Memory: 129024K Free: 84474K (65%)
2 ms. Memory: 129024K Free: 83960K (65%)
2 ms. Memory: 129024K Free: 83450K (65%)
2 ms. Memory: 129024K Free: 82426K (64%)
/home/travis/build/icyphy/ptII/ptolemy/actor/lib/test/MultiplyDivide.tcl
4 ms. Memory: 129024K Free: 80874K (63%)
2 ms. Memory: 129024K Free: 79864K (62%)
3 ms. Memory: 129024K Free: 79354K (62%)
8 ms. Memory: 129024K Free: 78330K (61%)
5 ms. Memory: 129024K Free: 77816K (60%)
/home/travis/build/icyphy/ptII/ptolemy/actor/lib/test/OrderedMerge.tcl
Connections changed on port: inputA
Connections changed on port: inputB
Connections changed on port: output
Connections changed on port: output
Connections changed on port: output
Connections changed on port: input
.top. Preinitializing ...
Invoking preinitialize():  .top.OrderedMerge
Called preinitialize()
Invoking preinitialize():  .top.Ramp
Called preinitialize()
Invoking preinitialize():  .top.Ramp2
Called preinitialize()
Invoking preinitialize():  .top.Test
Called preinitialize()
Connections changed on port: inputA
Connections changed on port: output
Connections changed on port: output
Connections changed on port: input
Connections changed on port: inputB
Connections changed on port: output
.top. Finished preinitialize().
Called initialize().
Invoking initialize():  .top.OrderedMerge
Initializing actor: .top.OrderedMerge
Adding a thread: .top.OrderedMerge
Invoking initialize():  .top.Ramp
Initializing actor: .top.Ramp
Adding a thread: .top.Ramp
Invoking initialize():  .top.Ramp2
Initializing actor: .top.Ramp2
Adding a thread: .top.Ramp2
Invoking initialize():  .top.Test
Initializing actor: .top.Test
Adding a thread: .top.Test
Called fire().
Checking for deadlock:
-- Starting thread.
Called initialize()
Called prefire()
Called fire()
-- Starting thread.
Called initialize()
Called prefire()
Called fire()
-- Starting thread.
Called initialize()
Called prefire()
-- Starting thread.
Called fire()
Called initialize()
Called prefire()
Called fire()
There are 0 Blocked actors, 0 Stopped actors, and 4 active threads.
Waiting for actors to stop.
Called postfire()
Called prefire()
Called fire()
Called postfire()
Called prefire()
Called fire()
Called postfire()
Called prefire()
Called fire()
Checking for deadlock:
There are 3 Blocked actors, 0 Stopped actors, and 4 active threads.
Read input token from inputA with value 0.0
Waiting for actors to stop.
Next port to read input from is inputB
Called postfire()
Called prefire()
Called fire()
Read input token from inputB with value 0.0
Called postfire()
Called prefire()
Called fire()
Sent output token with value 0.0
Next port to read input from is inputA
Called postfire()
Called prefire()
Called fire()
Read input token from inputA with value 1.0
-- Read input: 0.0, which is expected to match: 0.0
Sent output token with value 0.0
Next port to read input from is inputB
Called postfire()
Called prefire()
Called fire()
Called prefire()
Called fire()
Read input token from inputB with value 1.5
-- Read input: 0.0, which is expected to match: 0.0
Sent output token with value 1.0
Called prefire()
Called fire()
Next port to read input from is inputA
Called postfire()
Called prefire()
Called fire()
-- Read input: 1.0, which is expected to match: 1.0
Called prefire()
Called fire()
Called postfire()
Called prefire()
Called fire()
Checking for deadlock:
There are 2 Blocked actors, 0 Stopped actors, and 4 active threads.
Waiting for actors to stop.
Read input token from inputA with value 2.0
Called postfire()
Called prefire()
Called fire()
Sent output token with value 1.5
Checking for deadlock:
Next port to read input from is inputB
Called postfire()
Called prefire()
Called fire()
There are 1 Blocked actors, 0 Stopped actors, and 4 active threads.
Waiting for actors to stop.
Called postfire()
Called prefire()
Read input token from inputB with value 3.0
-- Read input: 1.5, which is expected to match: 1.5
Sent output token with value 2.0
Called prefire()
Called fire()
Next port to read input from is inputA
Called postfire()
Called prefire()
Called fire()
-- Read input: 2.0, which is expected to match: 2.0
Called prefire()
Called fire()
Called fire()
Called postfire()
Called prefire()
Called fire()
Read input token from inputA with value 3.0
Sent output token with value 3.0
Next port to read input from is inputB
Called postfire()
Called prefire()
Called fire()
Checking for deadlock:
There are 2 Blocked actors, 0 Stopped actors, and 4 active threads.
Waiting for actors to stop.
Called postfire()
Called prefire()
Called fire()
-- Read input: 3.0, which is expected to match: 3.0
Called prefire()
Called fire()
Checking for deadlock:
There are 3 Blocked actors, 0 Stopped actors, and 4 active threads.
Waiting for actors to stop.
Read input token from inputB with value 4.5
Called postfire()
Called prefire()
Called fire()
Checking for deadlock:
Sent output token with value 3.0
There are 2 Blocked actors, 0 Stopped actors, and 4 active threads.
Waiting for actors to stop.
Next port to read input from is inputA
Called postfire()
Called prefire()
Called fire()
-- Read input: 3.0, which is expected to match: 3.0
Called prefire()
Read input token from inputA with value 4.0
Called fire()
-- Read input: 4.0, which is expected to match: 4.0
Called prefire()
Called fire()
Past the end of training data. Read and discard all inputs.
Called postfire()
Called prefire()
Called fire()
Checking for deadlock:
There are 3 Blocked actors, 0 Stopped actors, and 4 active threads.
Waiting for actors to stop.
Sent output token with value 4.0
Next port to read input from is inputA
Called postfire()
Called prefire()
Called fire()
Read input token from inputA with value 5.0
Called postfire()
Called prefire()
Called fire()
Sent output token with value 4.5
Next port to read input from is inputB
Called postfire()
Called prefire()
Called prefire()
Called fire()
Called fire()
Past the end of training data. Read and discard all inputs.
Read input token from inputB with value 6.0
Called postfire()
Called prefire()
Called fire()
Sent output token with value 5.0
Next port to read input from is inputA
Called postfire()
Called prefire()
Called fire()
Read input token from inputA with value 6.0
Checking for deadlock:
There are 2 Blocked actors, 0 Stopped actors, and 4 active threads.
Waiting for actors to stop.
Called prefire()
Called fire()
Past the end of training data. Read and discard all inputs.
Called postfire()
Called prefire()
Called fire()
Checking for deadlock:
There are 3 Blocked actors, 0 Stopped actors, and 4 active threads.
Waiting for actors to stop.
Sent output token with value 6.0
Called prefire()
Called fire()
Next port to read input from is inputB
Checking for deadlock:
Past the end of training data. Read and discard all inputs.
Called postfire()
Called prefire()
Called fire()
There are 2 Blocked actors, 0 Stopped actors, and 4 active threads.
Waiting for actors to stop.
Called postfire()
Called prefire()
Read input token from inputB with value 7.5
Called fire()
Sent output token with value 6.0
Called prefire()
Called fire()
Next port to read input from is inputA
Called postfire()
Checking for deadlock:
Past the end of training data. Read and discard all inputs.
Called prefire()
Called fire()
There are 2 Blocked actors, 0 Stopped actors, and 4 active threads.
Waiting for actors to stop.
Called postfire()
Read input token from inputA with value 7.0
Called prefire()
Called fire()
Sent output token with value 7.0
Called prefire()
Next port to read input from is inputA
Called fire()
Called postfire()
Called prefire()
Past the end of training data. Read and discard all inputs.
Called fire()
Read input token from inputA with value 8.0
Sent output token with value 7.5
Next port to read input from is inputB
Called postfire()
Called prefire()
Called fire()
Read input token from inputB with value 9.0
Checking for deadlock:
There are 1 Blocked actors, 0 Stopped actors, and 4 active threads.
Waiting for actors to stop.
Called postfire()
Called prefire()
Called fire()
Called prefire()
Called fire()
Past the end of training data. Read and discard all inputs.
-- Thread wrapup() called.
Called wrapup()
Thread .top.Ramp is exiting.
-- Thread stopped.
Checking for deadlock:
There are 2 Blocked actors, 0 Stopped actors, and 3 active threads.
Waiting for actors to stop.
Sent output token with value 8.0
Called prefire()
Called fire()
Past the end of training data. Read and discard all inputs.
Next port to read input from is inputA
Called postfire()
Called prefire()
Called fire()
Read input token from inputA with value 9.0
Sent output token with value 9.0
Next port to read input from is inputB
Called postfire()
Called prefire()
Called fire()
Read input token from inputB with value 10.5
Checking for deadlock:
There are 1 Blocked actors, 0 Stopped actors, and 3 active threads.
Waiting for actors to stop.
Called prefire()
Called fire()
Past the end of training data. Read and discard all inputs.
Called postfire()
Called prefire()
Called fire()
Checking for deadlock:
There are 2 Blocked actors, 0 Stopped actors, and 3 active threads.
Waiting for actors to stop.
Called prefire()
Called fire()
Sent output token with value 9.0
Checking for deadlock:
Past the end of training data. Read and discard all inputs.
Next port to read input from is inputA
Called postfire()
Called prefire()
Called fire()
There are 1 Blocked actors, 0 Stopped actors, and 3 active threads.
Waiting for actors to stop.
Checking for deadlock:
There are 3 Blocked actors, 0 Stopped actors, and 3 active threads.
Actors have stopped.
Checking for deadlock:
There are 3 Blocked actors, 0 Stopped actors, and 3 active threads.
Deadlock detected.
Resolving Deadlock
Checking for deadlock:
There are 3 Blocked actors, 0 Stopped actors, and 3 active threads.
Artificial Deadlock - increasing queue capacity.
increasing the capacity of receiver ptolemy.actor.TypedIOPort {.top.OrderedMerge.inputB} to 2
-- Thread wrapup() called.
Called wrapup()
Thread .top.Ramp2 is exiting.
-- Thread stopped.
Director: Called postfire().
Called postfire().
_stopRequested = false
_stopFireRequested = false
Returning from postfire(): true
Called fire().
Checking for deadlock:
There are 2 Blocked actors, 0 Stopped actors, and 2 active threads.
Actors have stopped.
Checking for deadlock:
There are 2 Blocked actors, 0 Stopped actors, and 2 active threads.
Deadlock detected.
Resolving Deadlock
Checking for deadlock:
There are 2 Blocked actors, 0 Stopped actors, and 2 active threads.
Deadlock detected: no processes blocked on write, but some are blocked on read.
Called postfire().
_stopRequested = false
_stopFireRequested = false
Returning from postfire(): false
Finished deactivating branches.
Called wrapup().
-- Thread wrapup() called.
Called wrapup()
-- Thread wrapup() called.
Called wrapup()
Thread .top.OrderedMerge is exiting.
-- Thread stopped.
Thread .top.Test is exiting.
-- Blocked Receiver call threw TerminateProcessException.
-- Thread stopped.
-- Blocked Receiver call threw TerminateProcessException.
59 ms. Memory: 129024K Free: 72696K (56%)
.top. Preinitializing ...
Invoking preinitialize():  .top.OrderedMerge
Called preinitialize()
Invoking preinitialize():  .top.Ramp
Called preinitialize()
Invoking preinitialize():  .top.Ramp2
Called preinitialize()
Invoking preinitialize():  .top.Test
Called preinitialize()
.top. Finished preinitialize().
Called initialize().
Invoking initialize():  .top.OrderedMerge
Initializing actor: .top.OrderedMerge
Adding a thread: .top.OrderedMerge
Invoking initialize():  .top.Ramp
Initializing actor: .top.Ramp
Adding a thread: .top.Ramp
Invoking initialize():  .top.Ramp2
Initializing actor: .top.Ramp2
Adding a thread: .top.Ramp2
Invoking initialize():  .top.Test
Initializing actor: .top.Test
Adding a thread: .top.Test
-- Starting thread.
Called initialize()
Called prefire()
Called fire()
-- Starting thread.
Called initialize()
Called prefire()
Called fire()
Called postfire()
Called prefire()
Called fire()
-- Starting thread.
Called initialize()
-- Starting thread.
Called fire().
Checking for deadlock:
There are 2 Blocked actors, 0 Stopped actors, and 4 active threads.
Waiting for actors to stop.
Called prefire()
Called fire()
Called postfire()
Called prefire()
Called fire()
Called initialize()
Called prefire()
Called fire()
Read input token from inputA with value 0.0
Next port to read input from is inputB
Called postfire()
Called prefire()
Called fire()
Read input token from inputB with value 0.0
Sent output token with value 0.0
Next port to read input from is inputA
Called postfire()
Called prefire()
Called fire()
Called postfire()
Called postfire()
Called prefire()
Checking for deadlock:
There are 0 Blocked actors, 0 Stopped actors, and 4 active threads.
Waiting for actors to stop.
Called prefire()
Called fire()
Called postfire()
Called prefire()
Called fire()
Read input token from inputA with value 1.0
Sent output token with value 0.0
Next port to read input from is inputB
Called postfire()
Called prefire()
Called fire()
Read input token from inputB with value 1.5
-- Read input: 0.0, which is expected to match: 0.0
Called prefire()
Called fire()
-- Read input: 0.0, which is expected to match: 0.0
Called prefire()
Called fire()
Checking for deadlock:
There are 2 Blocked actors, 0 Stopped actors, and 4 active threads.
Waiting for actors to stop.
Called fire()
Called postfire()
Called prefire()
Called fire()
Sent output token with value 1.0
Next port to read input from is inputA
Called postfire()
Called prefire()
Called fire()
Read input token from inputA with value 2.0
Checking for deadlock:
There are 1 Blocked actors, 0 Stopped actors, and 4 active threads.
Waiting for actors to stop.
-- Read input: 1.0, which is expected to match: 1.0
Sent output token with value 1.5
Called postfire()
Called prefire()
Called fire()
Checking for deadlock:
There are 2 Blocked actors, 0 Stopped actors, and 4 active threads.
Waiting for actors to stop.
Next port to read input from is inputB
Called postfire()
Called prefire()
Called fire()
Read input token from inputB with value 3.0
Called prefire()
Called fire()
-- Read input: 1.5, which is expected to match: 1.5
Called prefire()
Called fire()
Checking for deadlock:
There are 2 Blocked actors, 0 Stopped actors, and 4 active threads.
Waiting for actors to stop.
Called postfire()
Called prefire()
Called fire()
Sent output token with value 2.0
Next port to read input from is inputA
Called postfire()
Called prefire()
Called fire()
Read input token from inputA with value 3.0
Called postfire()
Called prefire()
Called fire()
Checking for deadlock:
There are 2 Blocked actors, 0 Stopped actors, and 4 active threads.
Waiting for actors to stop.
-- Read input: 2.0, which is expected to match: 2.0
Called prefire()
Called fire()
Sent output token with value 3.0
Next port to read input from is inputB
Called postfire()
Called prefire()
Called fire()
Read input token from inputB with value 4.5
Checking for deadlock:
There are 2 Blocked actors, 0 Stopped actors, and 4 active threads.
Waiting for actors to stop.
Called postfire()
Called prefire()
Called fire()
Checking for deadlock:
There are 2 Blocked actors, 0 Stopped actors, and 4 active threads.
Waiting for actors to stop.
Sent output token with value 3.0
Next port to read input from is inputA
Called postfire()
Called prefire()
Called fire()
Read input token from inputA with value 4.0
Checking for deadlock:
There are 2 Blocked actors, 0 Stopped actors, and 4 active threads.
Waiting for actors to stop.
-- Read input: 3.0, which is expected to match: 3.0
Called postfire()
Called prefire()
Called prefire()
Called fire()
Called fire()
-- Read input: 3.0, which is expected to match: 3.0
Called prefire()
Called fire()
Sent output token with value 4.0
Next port to read input from is inputA
Called postfire()
Called prefire()
Called fire()
Read input token from inputA with value 5.0
Checking for deadlock:
There are 2 Blocked actors, 0 Stopped actors, and 4 active threads.
Waiting for actors to stop.
Called postfire()
Called prefire()
Called fire()
Checking for deadlock:
There are 3 Blocked actors, 0 Stopped actors, and 4 active threads.
Waiting for actors to stop.
-- Read input: 4.0, which is expected to match: 4.0
Called prefire()
Called fire()
Past the end of training data. Read and discard all inputs.
Sent output token with value 4.5
Next port to read input from is inputB
Called postfire()
Called prefire()
Called fire()
Read input token from inputB with value 6.0
Checking for deadlock:
There are 2 Blocked actors, 0 Stopped actors, and 4 active threads.
Waiting for actors to stop.
Called postfire()
Called prefire()
Called fire()
Called prefire()
Checking for deadlock:
There are 2 Blocked actors, 0 Stopped actors, and 4 active threads.
Waiting for actors to stop.
Sent output token with value 5.0
Next port to read input from is inputA
Called postfire()
Called prefire()
Called fire()
Called postfire()
Read input token from inputA with value 6.0
Called prefire()
Called fire()
Called fire()
Past the end of training data. Read and discard all inputs.
Checking for deadlock:
There are 3 Blocked actors, 0 Stopped actors, and 4 active threads.
Waiting for actors to stop.
Called prefire()
Called fire()
Past the end of training data. Read and discard all inputs.
Checking for deadlock:
There are 2 Blocked actors, 0 Stopped actors, and 4 active threads.
Waiting for actors to stop.
Sent output token with value 6.0
Next port to read input from is inputB
Called postfire()
Called prefire()
Called fire()
Read input token from inputB with value 7.5
Called prefire()
Called fire()
Past the end of training data. Read and discard all inputs.
Checking for deadlock:
There are 2 Blocked actors, 0 Stopped actors, and 4 active threads.
Waiting for actors to stop.
Sent output token with value 6.0
Called postfire()
Called prefire()
Called fire()
Next port to read input from is inputA
Called postfire()
Called prefire()
Called fire()
Read input token from inputA with value 7.0
Checking for deadlock:
There are 1 Blocked actors, 0 Stopped actors, and 4 active threads.
Waiting for actors to stop.
Called prefire()
Called fire()
Past the end of training data. Read and discard all inputs.
Called postfire()
Called prefire()
Called fire()
Sent output token with value 7.0
Next port to read input from is inputA
Checking for deadlock:
There are 2 Blocked actors, 0 Stopped actors, and 4 active threads.
Waiting for actors to stop.
Called postfire()
Called prefire()
Called fire()
Read input token from inputA with value 8.0
Checking for deadlock:
There are 1 Blocked actors, 0 Stopped actors, and 4 active threads.
Waiting for actors to stop.
Called prefire()
Called fire()
Past the end of training data. Read and discard all inputs.
-- Thread wrapup() called.
Called wrapup()
Thread .top.Ramp is exiting.
-- Thread stopped.
Sent output token with value 7.5
Next port to read input from is inputB
Called postfire()
Called prefire()
Called fire()
Read input token from inputB with value 9.0
Checking for deadlock:
There are 1 Blocked actors, 0 Stopped actors, and 3 active threads.
Waiting for actors to stop.
Checking for deadlock:
There are 0 Blocked actors, 0 Stopped actors, and 3 active threads.
Waiting for actors to stop.
Called prefire()
Called fire()
Past the end of training data. Read and discard all inputs.
Checking for deadlock:
There are 1 Blocked actors, 0 Stopped actors, and 3 active threads.
Waiting for actors to stop.
Sent output token with value 8.0
Called postfire()
Called prefire()
Called fire()
Next port to read input from is inputA
Called postfire()
Called prefire()
Called fire()
Read input token from inputA with value 9.0
Checking for deadlock:
There are 1 Blocked actors, 0 Stopped actors, and 3 active threads.
Waiting for actors to stop.
Called prefire()
Called fire()
Past the end of training data. Read and discard all inputs.
Checking for deadlock:
There are 2 Blocked actors, 0 Stopped actors, and 3 active threads.
Waiting for actors to stop.
Sent output token with value 9.0
Next port to read input from is inputB
Called postfire()
Called prefire()
Called fire()
Read input token from inputB with value 10.5
Checking for deadlock:
There are 0 Blocked actors, 0 Stopped actors, and 3 active threads.
Waiting for actors to stop.
Called prefire()
Called fire()
Past the end of training data. Read and discard all inputs.
Checking for deadlock:
There are 1 Blocked actors, 0 Stopped actors, and 3 active threads.
Waiting for actors to stop.
Sent output token with value 9.0
Called postfire()
Next port to read input from is inputA
Called prefire()
Called fire()
Checking for deadlock:
There are 0 Blocked actors, 0 Stopped actors, and 3 active threads.
Waiting for actors to stop.
Called postfire()
Called prefire()
Called fire()
Checking for deadlock:
There are 1 Blocked actors, 0 Stopped actors, and 3 active threads.
Waiting for actors to stop.
Checking for deadlock:
There are 2 Blocked actors, 0 Stopped actors, and 3 active threads.
Waiting for actors to stop.
Called prefire()
Called fire()
Past the end of training data. Read and discard all inputs.
Checking for deadlock:
There are 3 Blocked actors, 0 Stopped actors, and 3 active threads.
Actors have stopped.
Checking for deadlock:
There are 3 Blocked actors, 0 Stopped actors, and 3 active threads.
Deadlock detected.
Resolving Deadlock
Checking for deadlock:
There are 3 Blocked actors, 0 Stopped actors, and 3 active threads.
Artificial Deadlock - increasing queue capacity.
increasing the capacity of receiver ptolemy.actor.TypedIOPort {.top.OrderedMerge.inputB} to 2
Director: Called postfire().
Called postfire().
_stopRequested = false
_stopFireRequested = false
Returning from postfire(): true
Called fire().
Checking for deadlock:
There are 2 Blocked actors, 0 Stopped actors, and 3 active threads.
Waiting for actors to stop.
-- Thread wrapup() called.
Called wrapup()
Thread .top.Ramp2 is exiting.
-- Thread stopped.
Checking for deadlock:
There are 2 Blocked actors, 0 Stopped actors, and 2 active threads.
Actors have stopped.
Checking for deadlock:
There are 2 Blocked actors, 0 Stopped actors, and 2 active threads.
Deadlock detected.
Resolving Deadlock
Checking for deadlock:
There are 2 Blocked actors, 0 Stopped actors, and 2 active threads.
Deadlock detected: no processes blocked on write, but some are blocked on read.
Called postfire().
_stopRequested = false
_stopFireRequested = false
Returning from postfire(): false
Finished deactivating branches.
Called wrapup().
-- Thread wrapup() called.
Called wrapup()
Thread .top.OrderedMerge is exiting.
-- Thread stopped.
-- Blocked Receiver call threw TerminateProcessException.
-- Thread wrapup() called.
Called wrapup()
Thread .top.Test is exiting.
-- Thread stopped.
-- Blocked Receiver call threw TerminateProcessException.
49 ms. Memory: 129024K Free: 70648K (55%)
/home/travis/build/icyphy/ptII/ptolemy/actor/lib/test/Publisher.tcl
13 ms. Memory: 129024K Free: 63994K (50%)
8 ms. Memory: 129024K Free: 58360K (45%)
7 ms. Memory: 129024K Free: 111875K (87%)
6 ms. Memory: 129024K Free: 110853K (86%)
14 ms. Memory: 155648K Free: 139031K (89%)
10 ms. Memory: 155648K Free: 138663K (89%)
8 ms. Memory: 155648K Free: 137639K (88%)
8 ms. Memory: 155648K Free: 136615K (88%)
32 ms. Memory: 155648K Free: 126885K (82%)
8 ms. Memory: 155648K Free: 122789K (79%)
3 ms. Memory: 155648K Free: 122279K (79%)
3 ms. Memory: 155648K Free: 120231K (77%)
6 ms. Memory: 155648K Free: 112549K (72%)
5 ms. Memory: 155648K Free: 102823K (66%)
19 ms. Memory: 155648K Free: 91559K (59%)
/home/travis/build/icyphy/ptII/ptolemy/actor/lib/test/Pulse.tcl
5 ms. Memory: 155648K Free: 107600K (69%)
8 ms. Memory: 155648K Free: 107090K (69%)
3 ms. Memory: 155648K Free: 106576K (68%)
5 ms. Memory: 155648K Free: 106066K (68%)
1 ms. Memory: 155648K Free: 105552K (68%)
6 ms. Memory: 155648K Free: 104018K (67%)
9 ms. Memory: 155648K Free: 102994K (66%)
5 ms. Memory: 155648K Free: 102466K (66%)
1 ms. Memory: 155648K Free: 101970K (66%)
/home/travis/build/icyphy/ptII/ptolemy/actor/lib/test/Ramp.tcl
2 ms. Memory: 155648K Free: 99922K (64%)
1 ms. Memory: 155648K Free: 98898K (64%)
2 ms. Memory: 155648K Free: 98370K (63%)
1 ms. Memory: 155648K Free: 97346K (63%)
3 ms. Memory: 155648K Free: 96850K (62%)
3 ms. Memory: 155648K Free: 95826K (62%)
4 ms. Memory: 155648K Free: 94802K (61%)
5 actors
4000 microseconds per iteration to create
5 ms. Memory: 155648K Free: 92240K (59%)
1 ms. Memory: 155648K Free: 91730K (59%)
2 ms. Memory: 155648K Free: 91202K (59%)
2 ms. Memory: 155648K Free: 90178K (58%)
50 actors
27000 microseconds per iteration to create
22 ms. Memory: 155648K Free: 74832K (48%)
13 ms. Memory: 155648K Free: 136979K (88%)
4 ms. Memory: 155648K Free: 135955K (87%)
4 ms. Memory: 155648K Free: 134931K (87%)
500 actors
1533000 microseconds per iteration to create
262 ms. Memory: 187392K Free: 141477K (75%)
47 ms. Memory: 187392K Free: 136343K (73%)
44 ms. Memory: 187392K Free: 131237K (70%)
38 ms. Memory: 187392K Free: 126117K (67%)
/home/travis/build/icyphy/ptII/ptolemy/actor/lib/test/RampContinuous.tcl
8 ms. Memory: 187392K Free: 124583K (66%)
/home/travis/build/icyphy/ptII/ptolemy/actor/lib/test/RecordAssembler.tcl
6 ms. Memory: 187392K Free: 123015K (66%)
3 ms. Memory: 187392K Free: 122007K (65%)
/home/travis/build/icyphy/ptII/ptolemy/actor/lib/test/RecordDisassembler.tcl
16 ms. Memory: 187392K Free: 119973K (64%)
2 ms. Memory: 187392K Free: 119463K (64%)
4 ms. Memory: 187392K Free: 118439K (63%)
/home/travis/build/icyphy/ptII/ptolemy/actor/lib/test/Scale.tcl
2 ms. Memory: 187392K Free: 116391K (62%)
2 ms. Memory: 187392K Free: 115877K (62%)
1 ms. Memory: 187392K Free: 114839K (61%)
2 ms. Memory: 187392K Free: 113829K (61%)
3 ms. Memory: 187392K Free: 113319K (60%)
/home/travis/build/icyphy/ptII/ptolemy/actor/lib/test/SequentialClock.tcl
preinitializing
resolving types
initializing
executing number 1
wrapping up
idle
4 ms. Memory: 187392K Free: 111724K (60%)
Completed execution with 5 iterations
preinitializing
resolving types
initializing
executing number 1
wrapping up
idle
1 ms. Memory: 187392K Free: 111271K (59%)
Completed execution with 5 iterations
preinitializing
resolving types
initializing
executing number 1
wrapping up
idle
1 ms. Memory: 187392K Free: 110757K (59%)
Completed execution with 5 iterations
/home/travis/build/icyphy/ptII/ptolemy/actor/lib/test/SetVariable.tcl
5 ms. Memory: 187392K Free: 109223K (58%)
/home/travis/build/icyphy/ptII/ptolemy/actor/lib/test/Sinewave.tcl
/home/travis/build/icyphy/ptII/ptolemy/actor/lib/test/SubscriptionAggregator.tcl
4 ms. Memory: 187392K Free: 97445K (52%)
2 ms. Memory: 187392K Free: 96935K (52%)
1 ms. Memory: 187392K Free: 96407K (51%)
1 ms. Memory: 187392K Free: 95911K (51%)
2 ms. Memory: 187392K Free: 92325K (49%)
9 ms. Memory: 187392K Free: 90277K (48%)
...............................................................949 ms. Memory: 279552K Free: 149729K (54%)
/home/travis/build/icyphy/ptII/ptolemy/actor/lib/test/Test.tcl
 The next command will produce a warning about training mode,
   which may be ignored.
9 ms. Memory: 279552K Free: 147667K (53%)
3 ms. Memory: 279552K Free: 147171K (53%)
1 ms. Memory: 279552K Free: 146147K (52%)
1 ms. Memory: 279552K Free: 145633K (52%)
3 ms. Memory: 279552K Free: 145123K (52%)
2 ms. Memory: 279552K Free: 144099K (52%)
3 ms. Memory: 279552K Free: 142547K (51%)
 The next command will produce a warning about training mode,
   which may be ignored.
7 ms. Memory: 279552K Free: 140499K (50%)
 The next command will produce a warning about training mode,
   which may be ignored.
2 ms. Memory: 279552K Free: 138979K (50%)
2 ms. Memory: 279552K Free: 138459K (50%)
1 ms. Memory: 279552K Free: 137955K (49%)
2 ms. Memory: 279552K Free: 137435K (49%)
8 ms. Memory: 279552K Free: 136417K (49%)
3 ms. Memory: 279552K Free: 132835K (48%)
/home/travis/build/icyphy/ptII/ptolemy/actor/lib/test/TestExceptionHandler.tcl
 The next command will produce a warning about training mode,
   which may be ignored.
3 ms. Memory: 279552K Free: 131811K (47%)
1 ms. Memory: 279552K Free: 131297K (47%)
0 ms. Memory: 279552K Free: 130785K (47%)
/home/travis/build/icyphy/ptII/ptolemy/actor/lib/test/UnionDisassembler.tcl
23 ms. Memory: 279552K Free: 123105K (44%)
/home/travis/build/icyphy/ptII/ptolemy/actor/lib/test/VariableClock.tcl
preinitializing
resolving types
initializing
executing number 1
wrapping up
idle
9 ms. Memory: 279552K Free: 121571K (43%)
Completed execution with 11 iterations
preinitializing
resolving types
initializing
executing number 1
wrapping up
idle
3 ms. Memory: 279552K Free: 120019K (43%)
Completed execution with 10 iterations
06/25/20 02:56:21
Failed: 0  Total Tests: 233  ((Passed: 233, Newly Passed: 0)  Known Failed: 0) /home/travis/build/icyphy/ptII/ptolemy/actor/lib/test
----------------- testing (KnownFailure) /home/travis/build/icyphy/ptII/ptolemy/actor/lib/test/auto/knownFailedTests/PublisherPortToplevelSubscriber.xml
2 ms. Memory: 279552K Free: 116451K (42%)
Known Failure: java.lang.reflect.InvocationTargetException
----------------- testing (KnownFailure) /home/travis/build/icyphy/ptII/ptolemy/actor/lib/test/auto/knownFailedTests/PublisherSubscriberPortToplevel.xml
1 ms. Memory: 279552K Free: 112865K (40%)
Known Failure: java.lang.reflect.InvocationTargetException
----------------- testing (KnownFailure) /home/travis/build/icyphy/ptII/ptolemy/actor/lib/test/auto/knownFailedTests/PublisherSubscriptionAggregatorPort.xml
0 ms. Memory: 279552K Free: 108769K (39%)
Known Failure: java.lang.reflect.InvocationTargetException
----------------- testing (KnownFailure) /home/travis/build/icyphy/ptII/ptolemy/actor/lib/test/auto/knownFailedTests/sizedarray3.xml
7 ms. Memory: 279552K Free: 104163K (37%)
Known Failure: java.lang.reflect.InvocationTargetException
No auto/linux-amd64/*.xml tests in /home/travis/build/icyphy/ptII/ptolemy/actor/lib/test
AutoTests.java: About to close Vertx.
AutoTests.java: Vertx closed.

===========================================================================================
----------------- testing Thu Jun 25 14:56:22 UTC 2020 /home/travis/build/icyphy/ptII/ptolemy/actor/lib/test/auto/AbsoluteValue.xml
----------------- Instantiating /home/travis/build/icyphy/ptII/ptolemy/actor/lib/test/auto/AbsoluteValue.xml
43 ms. Memory: 279552K Free: 224578K (80%)
----------------- Invoking toplevel() on ptolemy.moml.MoMLSimpleApplication@53a2f71b
----------------- Done invoking toplevel() on ptolemy.moml.MoMLSimpleApplication@53a2f71b
reloadAllAccessors: .AbsoluteValue

===========================================================================================
----------------- testing Thu Jun 25 14:56:22 UTC 2020 /home/travis/build/icyphy/ptII/ptolemy/actor/lib/test/auto/AbsoluteValue2.xml
----------------- Instantiating /home/travis/build/icyphy/ptII/ptolemy/actor/lib/test/auto/AbsoluteValue2.xml
5 ms. Memory: 279552K Free: 217924K (78%)
----------------- Invoking toplevel() on ptolemy.moml.MoMLSimpleApplication@29ffa34
----------------- Done invoking toplevel() on ptolemy.moml.MoMLSimpleApplication@29ffa34
reloadAllAccessors: .AbsoluteValue2

===========================================================================================
----------------- testing Thu Jun 25 14:56:22 UTC 2020 /home/travis/build/icyphy/ptII/ptolemy/actor/lib/test/auto/Accumulator.xml
----------------- Instantiating /home/travis/build/icyphy/ptII/ptolemy/actor/lib/test/auto/Accumulator.xml
10 ms. Memory: 279552K Free: 211266K (76%)
----------------- Invoking toplevel() on ptolemy.moml.MoMLSimpleApplication@525f9839
----------------- Done invoking toplevel() on ptolemy.moml.MoMLSimpleApplication@525f9839
reloadAllAccessors: .Accumulator

===========================================================================================
----------------- testing Thu Jun 25 14:56:22 UTC 2020 /home/travis/build/icyphy/ptII/ptolemy/actor/lib/test/auto/Accumulator2.xml
----------------- Instantiating /home/travis/build/icyphy/ptII/ptolemy/actor/lib/test/auto/Accumulator2.xml
6 ms. Memory: 279552K Free: 206146K (74%)
----------------- Invoking toplevel() on ptolemy.moml.MoMLSimpleApplication@1a662a7c
----------------- Done invoking toplevel() on ptolemy.moml.MoMLSimpleApplication@1a662a7c
reloadAllAccessors: .Accumulator2

===========================================================================================
----------------- testing Thu Jun 25 14:56:22 UTC 2020 /home/travis/build/icyphy/ptII/ptolemy/actor/lib/test/auto/Accumulator3.xml
----------------- Instantiating /home/travis/build/icyphy/ptII/ptolemy/actor/lib/test/auto/Accumulator3.xml
7 ms. Memory: 279552K Free: 202050K (72%)
----------------- Invoking toplevel() on ptolemy.moml.MoMLSimpleApplication@a9ce0
----------------- Done invoking toplevel() on ptolemy.moml.MoMLSimpleApplication@a9ce0
reloadAllAccessors: .Accumulator3

===========================================================================================
----------------- testing Thu Jun 25 14:56:22 UTC 2020 /home/travis/build/icyphy/ptII/ptolemy/actor/lib/test/auto/ArrayAppend.xml
----------------- Instantiating /home/travis/build/icyphy/ptII/ptolemy/actor/lib/test/auto/ArrayAppend.xml
3 ms. Memory: 279552K Free: 195892K (70%)
----------------- Invoking toplevel() on ptolemy.moml.MoMLSimpleApplication@2bf2b97c
----------------- Done invoking toplevel() on ptolemy.moml.MoMLSimpleApplication@2bf2b97c
reloadAllAccessors: .ArrayAppend

===========================================================================================
----------------- testing Thu Jun 25 14:56:22 UTC 2020 /home/travis/build/icyphy/ptII/ptolemy/actor/lib/test/auto/ArrayAppend2.xml
----------------- Instantiating /home/travis/build/icyphy/ptII/ptolemy/actor/lib/test/auto/ArrayAppend2.xml
278 ms. Memory: 279552K Free: 116548K (42%)
----------------- Invoking toplevel() on ptolemy.moml.MoMLSimpleApplication@6d836fa0
----------------- Done invoking toplevel() on ptolemy.moml.MoMLSimpleApplication@6d836fa0
reloadAllAccessors: .ArrayAppend2

===========================================================================================
----------------- testing Thu Jun 25 14:56:23 UTC 2020 /home/travis/build/icyphy/ptII/ptolemy/actor/lib/test/auto/ArrayAppend3.xml
----------------- Instantiating /home/travis/build/icyphy/ptII/ptolemy/actor/lib/test/auto/ArrayAppend3.xml
6 ms. Memory: 279552K Free: 110914K (40%)
----------------- Invoking toplevel() on ptolemy.moml.MoMLSimpleApplication@53b44af5
----------------- Done invoking toplevel() on ptolemy.moml.MoMLSimpleApplication@53b44af5
reloadAllAccessors: .ArrayAppend3

===========================================================================================
----------------- testing Thu Jun 25 14:56:23 UTC 2020 /home/travis/build/icyphy/ptII/ptolemy/actor/lib/test/auto/ArrayAppend4.xml
----------------- Instantiating /home/travis/build/icyphy/ptII/ptolemy/actor/lib/test/auto/ArrayAppend4.xml
2 ms. Memory: 279552K Free: 105794K (38%)
----------------- Invoking toplevel() on ptolemy.moml.MoMLSimpleApplication@50fadc9d
----------------- Done invoking toplevel() on ptolemy.moml.MoMLSimpleApplication@50fadc9d
reloadAllAccessors: .ArrayAppend4

===========================================================================================
----------------- testing Thu Jun 25 14:56:23 UTC 2020 /home/travis/build/icyphy/ptII/ptolemy/actor/lib/test/auto/ArrayAppend5.xml
----------------- Instantiating /home/travis/build/icyphy/ptII/ptolemy/actor/lib/test/auto/ArrayAppend5.xml
4 ms. Memory: 279552K Free: 100164K (36%)
----------------- Invoking toplevel() on ptolemy.moml.MoMLSimpleApplication@5ecc8d47
----------------- Done invoking toplevel() on ptolemy.moml.MoMLSimpleApplication@5ecc8d47
reloadAllAccessors: .ArrayAppend5

===========================================================================================
----------------- testing Thu Jun 25 14:56:23 UTC 2020 /home/travis/build/icyphy/ptII/ptolemy/actor/lib/test/auto/ArrayAppend6.xml
----------------- Instantiating /home/travis/build/icyphy/ptII/ptolemy/actor/lib/test/auto/ArrayAppend6.xml
4 ms. Memory: 279552K Free: 95554K (34%)
----------------- Invoking toplevel() on ptolemy.moml.MoMLSimpleApplication@425940fd
----------------- Done invoking toplevel() on ptolemy.moml.MoMLSimpleApplication@425940fd
reloadAllAccessors: .ArrayAppend6

===========================================================================================
----------------- testing Thu Jun 25 14:56:23 UTC 2020 /home/travis/build/icyphy/ptII/ptolemy/actor/lib/test/auto/ArrayAppendPerformanceTest.xml
----------------- Instantiating /home/travis/build/icyphy/ptII/ptolemy/actor/lib/test/auto/ArrayAppendPerformanceTest.xml
28 ms. Memory: 279552K Free: 84804K (30%)
----------------- Invoking toplevel() on ptolemy.moml.MoMLSimpleApplication@6bb6e377
----------------- Done invoking toplevel() on ptolemy.moml.MoMLSimpleApplication@6bb6e377
reloadAllAccessors: .ArrayAppendPerformanceTest

===========================================================================================
----------------- testing Thu Jun 25 14:56:23 UTC 2020 /home/travis/build/icyphy/ptII/ptolemy/actor/lib/test/auto/ArrayAppendWithEmptyInput.xml
----------------- Instantiating /home/travis/build/icyphy/ptII/ptolemy/actor/lib/test/auto/ArrayAppendWithEmptyInput.xml
12 ms. Memory: 279552K Free: 223629K (80%)
----------------- Invoking toplevel() on ptolemy.moml.MoMLSimpleApplication@5e68575d
----------------- Done invoking toplevel() on ptolemy.moml.MoMLSimpleApplication@5e68575d
reloadAllAccessors: .ArrayAppendWithEmptyInput

===========================================================================================
----------------- testing Thu Jun 25 14:56:23 UTC 2020 /home/travis/build/icyphy/ptII/ptolemy/actor/lib/test/auto/ArrayAverage.xml
----------------- Instantiating /home/travis/build/icyphy/ptII/ptolemy/actor/lib/test/auto/ArrayAverage.xml
10 ms. Memory: 279552K Free: 215947K (77%)
----------------- Invoking toplevel() on ptolemy.moml.MoMLSimpleApplication@1698ba31
----------------- Done invoking toplevel() on ptolemy.moml.MoMLSimpleApplication@1698ba31
reloadAllAccessors: .ArrayAverage

===========================================================================================
----------------- testing Thu Jun 25 14:56:23 UTC 2020 /home/travis/build/icyphy/ptII/ptolemy/actor/lib/test/auto/ArrayContains.xml
----------------- Instantiating /home/travis/build/icyphy/ptII/ptolemy/actor/lib/test/auto/ArrayContains.xml
2 ms. Memory: 279552K Free: 209803K (75%)
----------------- Invoking toplevel() on ptolemy.moml.MoMLSimpleApplication@194e6228
----------------- Done invoking toplevel() on ptolemy.moml.MoMLSimpleApplication@194e6228
reloadAllAccessors: .ArrayContains

===========================================================================================
----------------- testing Thu Jun 25 14:56:23 UTC 2020 /home/travis/build/icyphy/ptII/ptolemy/actor/lib/test/auto/ArrayElement.xml
----------------- Instantiating /home/travis/build/icyphy/ptII/ptolemy/actor/lib/test/auto/ArrayElement.xml
15 ms. Memory: 279552K Free: 204652K (73%)
----------------- Invoking toplevel() on ptolemy.moml.MoMLSimpleApplication@5ed46c21
----------------- Done invoking toplevel() on ptolemy.moml.MoMLSimpleApplication@5ed46c21
reloadAllAccessors: .ArrayElement

===========================================================================================
----------------- testing Thu Jun 25 14:56:23 UTC 2020 /home/travis/build/icyphy/ptII/ptolemy/actor/lib/test/auto/ArrayElementAsMatrix.xml
----------------- Instantiating /home/travis/build/icyphy/ptII/ptolemy/actor/lib/test/auto/ArrayElementAsMatrix.xml
28 ms. Memory: 279552K Free: 194443K (70%)
----------------- Invoking toplevel() on ptolemy.moml.MoMLSimpleApplication@13cb1f6b
----------------- Done invoking toplevel() on ptolemy.moml.MoMLSimpleApplication@13cb1f6b
reloadAllAccessors: .ArrayElementAsMatrix

===========================================================================================
----------------- testing Thu Jun 25 14:56:23 UTC 2020 /home/travis/build/icyphy/ptII/ptolemy/actor/lib/test/auto/ArrayElementI.xml
----------------- Instantiating /home/travis/build/icyphy/ptII/ptolemy/actor/lib/test/auto/ArrayElementI.xml
4 ms. Memory: 279552K Free: 189316K (68%)
----------------- Invoking toplevel() on ptolemy.moml.MoMLSimpleApplication@3da434c8
----------------- Done invoking toplevel() on ptolemy.moml.MoMLSimpleApplication@3da434c8
reloadAllAccessors: .ArrayElementI

===========================================================================================
----------------- testing Thu Jun 25 14:56:23 UTC 2020 /home/travis/build/icyphy/ptII/ptolemy/actor/lib/test/auto/ArrayExtract.xml
----------------- Instantiating /home/travis/build/icyphy/ptII/ptolemy/actor/lib/test/auto/ArrayExtract.xml
4 ms. Memory: 279552K Free: 180621K (65%)
----------------- Invoking toplevel() on ptolemy.moml.MoMLSimpleApplication@37a01936
----------------- Done invoking toplevel() on ptolemy.moml.MoMLSimpleApplication@37a01936
reloadAllAccessors: .ArrayExtract

===========================================================================================
----------------- testing Thu Jun 25 14:56:23 UTC 2020 /home/travis/build/icyphy/ptII/ptolemy/actor/lib/test/auto/ArrayExtract2.xml
----------------- Instantiating /home/travis/build/icyphy/ptII/ptolemy/actor/lib/test/auto/ArrayExtract2.xml
2 ms. Memory: 279552K Free: 175501K (63%)
----------------- Invoking toplevel() on ptolemy.moml.MoMLSimpleApplication@21464f58
----------------- Done invoking toplevel() on ptolemy.moml.MoMLSimpleApplication@21464f58
reloadAllAccessors: .ArrayExtract2

===========================================================================================
----------------- testing Thu Jun 25 14:56:23 UTC 2020 /home/travis/build/icyphy/ptII/ptolemy/actor/lib/test/auto/ArrayLength.xml
----------------- Instantiating /home/travis/build/icyphy/ptII/ptolemy/actor/lib/test/auto/ArrayLength.xml
2 ms. Memory: 279552K Free: 171405K (61%)
----------------- Invoking toplevel() on ptolemy.moml.MoMLSimpleApplication@44a1971
----------------- Done invoking toplevel() on ptolemy.moml.MoMLSimpleApplication@44a1971
reloadAllAccessors: .ArrayLength

===========================================================================================
----------------- testing Thu Jun 25 14:56:23 UTC 2020 /home/travis/build/icyphy/ptII/ptolemy/actor/lib/test/auto/ArrayLevelCrossing.xml
----------------- Instantiating /home/travis/build/icyphy/ptII/ptolemy/actor/lib/test/auto/ArrayLevelCrossing.xml
4 ms. Memory: 279552K Free: 163723K (59%)
----------------- Invoking toplevel() on ptolemy.moml.MoMLSimpleApplication@136c6111
----------------- Done invoking toplevel() on ptolemy.moml.MoMLSimpleApplication@136c6111
reloadAllAccessors: .ArrayLevelCrossing

===========================================================================================
----------------- testing Thu Jun 25 14:56:23 UTC 2020 /home/travis/build/icyphy/ptII/ptolemy/actor/lib/test/auto/ArrayLevelCrossing2.xml
----------------- Instantiating /home/travis/build/icyphy/ptII/ptolemy/actor/lib/test/auto/ArrayLevelCrossing2.xml
2 ms. Memory: 279552K Free: 156540K (56%)
----------------- Invoking toplevel() on ptolemy.moml.MoMLSimpleApplication@2a3c30c7
----------------- Done invoking toplevel() on ptolemy.moml.MoMLSimpleApplication@2a3c30c7
reloadAllAccessors: .ArrayLevelCrossing2

===========================================================================================
----------------- testing Thu Jun 25 14:56:23 UTC 2020 /home/travis/build/icyphy/ptII/ptolemy/actor/lib/test/auto/ArrayPeakSearch.xml
----------------- Instantiating /home/travis/build/icyphy/ptII/ptolemy/actor/lib/test/auto/ArrayPeakSearch.xml
6 ms. Memory: 279552K Free: 147339K (53%)
----------------- Invoking toplevel() on ptolemy.moml.MoMLSimpleApplication@3ca80fe1
----------------- Done invoking toplevel() on ptolemy.moml.MoMLSimpleApplication@3ca80fe1
reloadAllAccessors: .ArrayPeakSearch

===========================================================================================
----------------- testing Thu Jun 25 14:56:23 UTC 2020 /home/travis/build/icyphy/ptII/ptolemy/actor/lib/test/auto/ArrayPeakSearch2.xml
----------------- Instantiating /home/travis/build/icyphy/ptII/ptolemy/actor/lib/test/auto/ArrayPeakSearch2.xml
11 ms. Memory: 279552K Free: 137068K (49%)
----------------- Invoking toplevel() on ptolemy.moml.MoMLSimpleApplication@514e51b6
----------------- Done invoking toplevel() on ptolemy.moml.MoMLSimpleApplication@514e51b6
reloadAllAccessors: .ArrayPeakSearch2

===========================================================================================
----------------- testing Thu Jun 25 14:56:23 UTC 2020 /home/travis/build/icyphy/ptII/ptolemy/actor/lib/test/auto/ArrayPeakSearch3.xml
----------------- Instantiating /home/travis/build/icyphy/ptII/ptolemy/actor/lib/test/auto/ArrayPeakSearch3.xml
3 ms. Memory: 279552K Free: 127883K (46%)
----------------- Invoking toplevel() on ptolemy.moml.MoMLSimpleApplication@50008bf
----------------- Done invoking toplevel() on ptolemy.moml.MoMLSimpleApplication@50008bf
reloadAllAccessors: .ArrayPeakSearch3

===========================================================================================
----------------- testing Thu Jun 25 14:56:23 UTC 2020 /home/travis/build/icyphy/ptII/ptolemy/actor/lib/test/auto/ArrayRemoveElement.xml
----------------- Instantiating /home/travis/build/icyphy/ptII/ptolemy/actor/lib/test/auto/ArrayRemoveElement.xml
5 ms. Memory: 279552K Free: 120205K (43%)
----------------- Invoking toplevel() on ptolemy.moml.MoMLSimpleApplication@7a0a5115
----------------- Done invoking toplevel() on ptolemy.moml.MoMLSimpleApplication@7a0a5115
reloadAllAccessors: .ArrayRemoveElement

===========================================================================================
----------------- testing Thu Jun 25 14:56:23 UTC 2020 /home/travis/build/icyphy/ptII/ptolemy/actor/lib/test/auto/ArraySort.xml
----------------- Instantiating /home/travis/build/icyphy/ptII/ptolemy/actor/lib/test/auto/ArraySort.xml
7 ms. Memory: 279552K Free: 110989K (40%)
----------------- Invoking toplevel() on ptolemy.moml.MoMLSimpleApplication@860fc3
----------------- Done invoking toplevel() on ptolemy.moml.MoMLSimpleApplication@860fc3
reloadAllAccessors: .ArraySort

===========================================================================================
----------------- testing Thu Jun 25 14:56:23 UTC 2020 /home/travis/build/icyphy/ptII/ptolemy/actor/lib/test/auto/ArraySum.xml
----------------- Instantiating /home/travis/build/icyphy/ptII/ptolemy/actor/lib/test/auto/ArraySum.xml
3 ms. Memory: 279552K Free: 105869K (38%)
----------------- Invoking toplevel() on ptolemy.moml.MoMLSimpleApplication@32796d9e
----------------- Done invoking toplevel() on ptolemy.moml.MoMLSimpleApplication@32796d9e
reloadAllAccessors: .ArraySum

===========================================================================================
----------------- testing Thu Jun 25 14:56:23 UTC 2020 /home/travis/build/icyphy/ptII/ptolemy/actor/lib/test/auto/ArrayToElements.xml
----------------- Instantiating /home/travis/build/icyphy/ptII/ptolemy/actor/lib/test/auto/ArrayToElements.xml
4 ms. Memory: 279552K Free: 100235K (36%)
----------------- Invoking toplevel() on ptolemy.moml.MoMLSimpleApplication@7e050ad3
----------------- Done invoking toplevel() on ptolemy.moml.MoMLSimpleApplication@7e050ad3
reloadAllAccessors: .ArrayToElements

===========================================================================================
----------------- testing Thu Jun 25 14:56:23 UTC 2020 /home/travis/build/icyphy/ptII/ptolemy/actor/lib/test/auto/ArrayToMatrix.xml
----------------- Instantiating /home/travis/build/icyphy/ptII/ptolemy/actor/lib/test/auto/ArrayToMatrix.xml
11 ms. Memory: 279552K Free: 86413K (31%)
----------------- Invoking toplevel() on ptolemy.moml.MoMLSimpleApplication@5bf4136d
----------------- Done invoking toplevel() on ptolemy.moml.MoMLSimpleApplication@5bf4136d
reloadAllAccessors: .ArrayToMatrix

===========================================================================================
----------------- testing Thu Jun 25 14:56:24 UTC 2020 /home/travis/build/icyphy/ptII/ptolemy/actor/lib/test/auto/ArrayUpdate1.xml
----------------- Instantiating /home/travis/build/icyphy/ptII/ptolemy/actor/lib/test/auto/ArrayUpdate1.xml
2 ms. Memory: 279552K Free: 81293K (29%)
----------------- Invoking toplevel() on ptolemy.moml.MoMLSimpleApplication@e89434e
----------------- Done invoking toplevel() on ptolemy.moml.MoMLSimpleApplication@e89434e
reloadAllAccessors: .ArrayUpdate1

===========================================================================================
----------------- testing Thu Jun 25 14:56:24 UTC 2020 /home/travis/build/icyphy/ptII/ptolemy/actor/lib/test/auto/ArrayUpdate2.xml
----------------- Instantiating /home/travis/build/icyphy/ptII/ptolemy/actor/lib/test/auto/ArrayUpdate2.xml
4 ms. Memory: 279552K Free: 75149K (27%)
----------------- Invoking toplevel() on ptolemy.moml.MoMLSimpleApplication@315ff9da
----------------- Done invoking toplevel() on ptolemy.moml.MoMLSimpleApplication@315ff9da
reloadAllAccessors: .ArrayUpdate2

===========================================================================================
----------------- testing Thu Jun 25 14:56:24 UTC 2020 /home/travis/build/icyphy/ptII/ptolemy/actor/lib/test/auto/ArrayUpdate3.xml
----------------- Instantiating /home/travis/build/icyphy/ptII/ptolemy/actor/lib/test/auto/ArrayUpdate3.xml
2 ms. Memory: 279552K Free: 70029K (25%)
----------------- Invoking toplevel() on ptolemy.moml.MoMLSimpleApplication@1062a3ac
----------------- Done invoking toplevel() on ptolemy.moml.MoMLSimpleApplication@1062a3ac
reloadAllAccessors: .ArrayUpdate3

===========================================================================================
----------------- testing Thu Jun 25 14:56:24 UTC 2020 /home/travis/build/icyphy/ptII/ptolemy/actor/lib/test/auto/Assert1.xml
----------------- Instantiating /home/travis/build/icyphy/ptII/ptolemy/actor/lib/test/auto/Assert1.xml
11 ms. Memory: 279552K Free: 65933K (24%)
----------------- Invoking toplevel() on ptolemy.moml.MoMLSimpleApplication@664ddddd
----------------- Done invoking toplevel() on ptolemy.moml.MoMLSimpleApplication@664ddddd
reloadAllAccessors: .Assert1

===========================================================================================
----------------- testing Thu Jun 25 14:56:24 UTC 2020 /home/travis/build/icyphy/ptII/ptolemy/actor/lib/test/auto/Assert2.xml
----------------- Instantiating /home/travis/build/icyphy/ptII/ptolemy/actor/lib/test/auto/Assert2.xml
2 ms. Memory: 468992K Free: 416272K (89%)
----------------- Invoking toplevel() on ptolemy.moml.MoMLSimpleApplication@7a3433aa
----------------- Done invoking toplevel() on ptolemy.moml.MoMLSimpleApplication@7a3433aa
reloadAllAccessors: .Assert2

===========================================================================================
----------------- testing Thu Jun 25 14:56:24 UTC 2020 /home/travis/build/icyphy/ptII/ptolemy/actor/lib/test/auto/BooleanMultiplexor.xml
----------------- Instantiating /home/travis/build/icyphy/ptII/ptolemy/actor/lib/test/auto/BooleanMultiplexor.xml
2 ms. Memory: 468992K Free: 411154K (88%)
----------------- Invoking toplevel() on ptolemy.moml.MoMLSimpleApplication@65ebcc79
----------------- Done invoking toplevel() on ptolemy.moml.MoMLSimpleApplication@65ebcc79
reloadAllAccessors: .BooleanMultiplexor

===========================================================================================
----------------- testing Thu Jun 25 14:56:24 UTC 2020 /home/travis/build/icyphy/ptII/ptolemy/actor/lib/test/auto/BooleanMultiplexor2.xml
----------------- Instantiating /home/travis/build/icyphy/ptII/ptolemy/actor/lib/test/auto/BooleanMultiplexor2.xml
16 ms. Memory: 468992K Free: 404488K (86%)
----------------- Invoking toplevel() on ptolemy.moml.MoMLSimpleApplication@ac3fd76
----------------- Done invoking toplevel() on ptolemy.moml.MoMLSimpleApplication@ac3fd76
reloadAllAccessors: .BooleanMultiplexor2

===========================================================================================
----------------- testing Thu Jun 25 14:56:24 UTC 2020 /home/travis/build/icyphy/ptII/ptolemy/actor/lib/test/auto/BooleanMultiplexor3.xml
----------------- Instantiating /home/travis/build/icyphy/ptII/ptolemy/actor/lib/test/auto/BooleanMultiplexor3.xml
7 ms. Memory: 468992K Free: 400914K (85%)
----------------- Invoking toplevel() on ptolemy.moml.MoMLSimpleApplication@561e9fa2
----------------- Done invoking toplevel() on ptolemy.moml.MoMLSimpleApplication@561e9fa2
reloadAllAccessors: .BooleanMultiplexor3

===========================================================================================
----------------- testing Thu Jun 25 14:56:24 UTC 2020 /home/travis/build/icyphy/ptII/ptolemy/actor/lib/test/auto/BooleanSelect.xml
----------------- Instantiating /home/travis/build/icyphy/ptII/ptolemy/actor/lib/test/auto/BooleanSelect.xml
8 ms. Memory: 468992K Free: 394770K (84%)
----------------- Invoking toplevel() on ptolemy.moml.MoMLSimpleApplication@7ae7ccb0
----------------- Done invoking toplevel() on ptolemy.moml.MoMLSimpleApplication@7ae7ccb0
reloadAllAccessors: .BooleanSelect

===========================================================================================
----------------- testing Thu Jun 25 14:56:24 UTC 2020 /home/travis/build/icyphy/ptII/ptolemy/actor/lib/test/auto/BooleanSelect2.xml
----------------- Instantiating /home/travis/build/icyphy/ptII/ptolemy/actor/lib/test/auto/BooleanSelect2.xml
2 ms. Memory: 468992K Free: 390674K (83%)
----------------- Invoking toplevel() on ptolemy.moml.MoMLSimpleApplication@6ecb435e
----------------- Done invoking toplevel() on ptolemy.moml.MoMLSimpleApplication@6ecb435e
reloadAllAccessors: .BooleanSelect2

===========================================================================================
----------------- testing Thu Jun 25 14:56:24 UTC 2020 /home/travis/build/icyphy/ptII/ptolemy/actor/lib/test/auto/BooleanSwitch.xml
----------------- Instantiating /home/travis/build/icyphy/ptII/ptolemy/actor/lib/test/auto/BooleanSwitch.xml
2 ms. Memory: 468992K Free: 384016K (82%)
----------------- Invoking toplevel() on ptolemy.moml.MoMLSimpleApplication@6f0cb2b
----------------- Done invoking toplevel() on ptolemy.moml.MoMLSimpleApplication@6f0cb2b
reloadAllAccessors: .BooleanSwitch

===========================================================================================
----------------- testing Thu Jun 25 14:56:24 UTC 2020 /home/travis/build/icyphy/ptII/ptolemy/actor/lib/test/auto/BooleanSwitch2.xml
----------------- Instantiating /home/travis/build/icyphy/ptII/ptolemy/actor/lib/test/auto/BooleanSwitch2.xml
2 ms. Memory: 468992K Free: 379920K (81%)
----------------- Invoking toplevel() on ptolemy.moml.MoMLSimpleApplication@13167be9
----------------- Done invoking toplevel() on ptolemy.moml.MoMLSimpleApplication@13167be9
reloadAllAccessors: .BooleanSwitch2

===========================================================================================
----------------- testing Thu Jun 25 14:56:24 UTC 2020 /home/travis/build/icyphy/ptII/ptolemy/actor/lib/test/auto/BooleanSwitchCloningBugWithClassRelationGroup.xml
----------------- Instantiating /home/travis/build/icyphy/ptII/ptolemy/actor/lib/test/auto/BooleanSwitchCloningBugWithClassRelationGroup.xml
3 ms. Memory: 468992K Free: 373266K (80%)
----------------- Invoking toplevel() on ptolemy.moml.MoMLSimpleApplication@635b29e0
----------------- Done invoking toplevel() on ptolemy.moml.MoMLSimpleApplication@635b29e0
reloadAllAccessors: .BooleanSwitchCloningBugWithClassRelationGroup

===========================================================================================
----------------- testing Thu Jun 25 14:56:24 UTC 2020 /home/travis/build/icyphy/ptII/ptolemy/actor/lib/test/auto/BusActors.xml
----------------- Instantiating /home/travis/build/icyphy/ptII/ptolemy/actor/lib/test/auto/BusActors.xml
8 ms. Memory: 468992K Free: 365074K (78%)
----------------- Invoking toplevel() on ptolemy.moml.MoMLSimpleApplication@392d6267
----------------- Done invoking toplevel() on ptolemy.moml.MoMLSimpleApplication@392d6267
reloadAllAccessors: .BusActors

===========================================================================================
----------------- testing Thu Jun 25 14:56:24 UTC 2020 /home/travis/build/icyphy/ptII/ptolemy/actor/lib/test/auto/ClassWrapper.xml
----------------- Instantiating /home/travis/build/icyphy/ptII/ptolemy/actor/lib/test/auto/ClassWrapper.xml
4 ms. Memory: 468992K Free: 360978K (77%)
----------------- Invoking toplevel() on ptolemy.moml.MoMLSimpleApplication@2d72673d
----------------- Done invoking toplevel() on ptolemy.moml.MoMLSimpleApplication@2d72673d
reloadAllAccessors: .ClassWrapper

===========================================================================================
----------------- testing Thu Jun 25 14:56:24 UTC 2020 /home/travis/build/icyphy/ptII/ptolemy/actor/lib/test/auto/Clock.xml
----------------- Instantiating /home/travis/build/icyphy/ptII/ptolemy/actor/lib/test/auto/Clock.xml
3 ms. Memory: 468992K Free: 356882K (76%)
----------------- Invoking toplevel() on ptolemy.moml.MoMLSimpleApplication@16519c38
----------------- Done invoking toplevel() on ptolemy.moml.MoMLSimpleApplication@16519c38
reloadAllAccessors: .Clock

===========================================================================================
----------------- testing Thu Jun 25 14:56:24 UTC 2020 /home/travis/build/icyphy/ptII/ptolemy/actor/lib/test/auto/Clock10.xml
----------------- Instantiating /home/travis/build/icyphy/ptII/ptolemy/actor/lib/test/auto/Clock10.xml
5 ms. Memory: 468992K Free: 351248K (75%)
----------------- Invoking toplevel() on ptolemy.moml.MoMLSimpleApplication@3238b4cb
----------------- Done invoking toplevel() on ptolemy.moml.MoMLSimpleApplication@3238b4cb
reloadAllAccessors: .Clock10

===========================================================================================
----------------- testing Thu Jun 25 14:56:24 UTC 2020 /home/travis/build/icyphy/ptII/ptolemy/actor/lib/test/auto/Clock11.xml
----------------- Instantiating /home/travis/build/icyphy/ptII/ptolemy/actor/lib/test/auto/Clock11.xml
4 ms. Memory: 468992K Free: 345104K (74%)
----------------- Invoking toplevel() on ptolemy.moml.MoMLSimpleApplication@2adc3a56
----------------- Done invoking toplevel() on ptolemy.moml.MoMLSimpleApplication@2adc3a56
reloadAllAccessors: .Clock11

===========================================================================================
----------------- testing Thu Jun 25 14:56:24 UTC 2020 /home/travis/build/icyphy/ptII/ptolemy/actor/lib/test/auto/Clock12.xml
----------------- Instantiating /home/travis/build/icyphy/ptII/ptolemy/actor/lib/test/auto/Clock12.xml
5 ms. Memory: 468992K Free: 339474K (72%)
----------------- Invoking toplevel() on ptolemy.moml.MoMLSimpleApplication@276441e3
----------------- Done invoking toplevel() on ptolemy.moml.MoMLSimpleApplication@276441e3
reloadAllAccessors: .Clock12

===========================================================================================
----------------- testing Thu Jun 25 14:56:24 UTC 2020 /home/travis/build/icyphy/ptII/ptolemy/actor/lib/test/auto/Clock13.xml
----------------- Instantiating /home/travis/build/icyphy/ptII/ptolemy/actor/lib/test/auto/Clock13.xml
7 ms. Memory: 468992K Free: 333330K (71%)
----------------- Invoking toplevel() on ptolemy.moml.MoMLSimpleApplication@557547de
----------------- Done invoking toplevel() on ptolemy.moml.MoMLSimpleApplication@557547de
reloadAllAccessors: .Clock13

===========================================================================================
----------------- testing Thu Jun 25 14:56:24 UTC 2020 /home/travis/build/icyphy/ptII/ptolemy/actor/lib/test/auto/Clock14.xml
----------------- Instantiating /home/travis/build/icyphy/ptII/ptolemy/actor/lib/test/auto/Clock14.xml
6 ms. Memory: 468992K Free: 327690K (70%)
----------------- Invoking toplevel() on ptolemy.moml.MoMLSimpleApplication@c196cf0
----------------- Done invoking toplevel() on ptolemy.moml.MoMLSimpleApplication@c196cf0
reloadAllAccessors: .Clock14

===========================================================================================
----------------- testing Thu Jun 25 14:56:24 UTC 2020 /home/travis/build/icyphy/ptII/ptolemy/actor/lib/test/auto/Clock15.xml
----------------- Instantiating /home/travis/build/icyphy/ptII/ptolemy/actor/lib/test/auto/Clock15.xml
4 ms. Memory: 468992K Free: 321546K (69%)
----------------- Invoking toplevel() on ptolemy.moml.MoMLSimpleApplication@f9c95ea
----------------- Done invoking toplevel() on ptolemy.moml.MoMLSimpleApplication@f9c95ea
reloadAllAccessors: .Clock15

===========================================================================================
----------------- testing Thu Jun 25 14:56:24 UTC 2020 /home/travis/build/icyphy/ptII/ptolemy/actor/lib/test/auto/Clock16.xml
----------------- Instantiating /home/travis/build/icyphy/ptII/ptolemy/actor/lib/test/auto/Clock16.xml
37 ms. Memory: 468992K Free: 307210K (66%)
----------------- Invoking toplevel() on ptolemy.moml.MoMLSimpleApplication@49cd8588
----------------- Done invoking toplevel() on ptolemy.moml.MoMLSimpleApplication@49cd8588
reloadAllAccessors: .Clock16

===========================================================================================
----------------- testing Thu Jun 25 14:56:24 UTC 2020 /home/travis/build/icyphy/ptII/ptolemy/actor/lib/test/auto/Clock17.xml
----------------- Instantiating /home/travis/build/icyphy/ptII/ptolemy/actor/lib/test/auto/Clock17.xml
16 ms. Memory: 468992K Free: 292866K (62%)
----------------- Invoking toplevel() on ptolemy.moml.MoMLSimpleApplication@396bb1f9
----------------- Done invoking toplevel() on ptolemy.moml.MoMLSimpleApplication@396bb1f9
reloadAllAccessors: .Clock17

===========================================================================================
----------------- testing Thu Jun 25 14:56:24 UTC 2020 /home/travis/build/icyphy/ptII/ptolemy/actor/lib/test/auto/Clock18.xml
----------------- Instantiating /home/travis/build/icyphy/ptII/ptolemy/actor/lib/test/auto/Clock18.xml
14 ms. Memory: 468992K Free: 279538K (60%)
----------------- Invoking toplevel() on ptolemy.moml.MoMLSimpleApplication@5b81b456
----------------- Done invoking toplevel() on ptolemy.moml.MoMLSimpleApplication@5b81b456
reloadAllAccessors: .Clock18

===========================================================================================
----------------- testing Thu Jun 25 14:56:24 UTC 2020 /home/travis/build/icyphy/ptII/ptolemy/actor/lib/test/auto/Clock19.xml
----------------- Instantiating /home/travis/build/icyphy/ptII/ptolemy/actor/lib/test/auto/Clock19.xml
13 ms. Memory: 468992K Free: 266770K (57%)
----------------- Invoking toplevel() on ptolemy.moml.MoMLSimpleApplication@72fd3447
----------------- Done invoking toplevel() on ptolemy.moml.MoMLSimpleApplication@72fd3447
reloadAllAccessors: .Clock19

===========================================================================================
----------------- testing Thu Jun 25 14:56:24 UTC 2020 /home/travis/build/icyphy/ptII/ptolemy/actor/lib/test/auto/Clock2.xml
----------------- Instantiating /home/travis/build/icyphy/ptII/ptolemy/actor/lib/test/auto/Clock2.xml
4 ms. Memory: 468992K Free: 262130K (56%)
----------------- Invoking toplevel() on ptolemy.moml.MoMLSimpleApplication@9588cad
----------------- Done invoking toplevel() on ptolemy.moml.MoMLSimpleApplication@9588cad
reloadAllAccessors: .Clock2

===========================================================================================
----------------- testing Thu Jun 25 14:56:24 UTC 2020 /home/travis/build/icyphy/ptII/ptolemy/actor/lib/test/auto/Clock20.xml
----------------- Instantiating /home/travis/build/icyphy/ptII/ptolemy/actor/lib/test/auto/Clock20.xml
6 ms. Memory: 468992K Free: 257040K (55%)
----------------- Invoking toplevel() on ptolemy.moml.MoMLSimpleApplication@4537f3ba
----------------- Done invoking toplevel() on ptolemy.moml.MoMLSimpleApplication@4537f3ba
reloadAllAccessors: .Clock20

===========================================================================================
----------------- testing Thu Jun 25 14:56:24 UTC 2020 /home/travis/build/icyphy/ptII/ptolemy/actor/lib/test/auto/Clock21.xml
----------------- Instantiating /home/travis/build/icyphy/ptII/ptolemy/actor/lib/test/auto/Clock21.xml
5 ms. Memory: 468992K Free: 251410K (54%)
----------------- Invoking toplevel() on ptolemy.moml.MoMLSimpleApplication@2ef21ad0
----------------- Done invoking toplevel() on ptolemy.moml.MoMLSimpleApplication@2ef21ad0
reloadAllAccessors: .Clock21

===========================================================================================
----------------- testing Thu Jun 25 14:56:24 UTC 2020 /home/travis/build/icyphy/ptII/ptolemy/actor/lib/test/auto/Clock22.xml
----------------- Instantiating /home/travis/build/icyphy/ptII/ptolemy/actor/lib/test/auto/Clock22.xml
4 ms. Memory: 468992K Free: 246290K (53%)
----------------- Invoking toplevel() on ptolemy.moml.MoMLSimpleApplication@5f745a9c
----------------- Done invoking toplevel() on ptolemy.moml.MoMLSimpleApplication@5f745a9c
reloadAllAccessors: .Clock22

===========================================================================================
----------------- testing Thu Jun 25 14:56:24 UTC 2020 /home/travis/build/icyphy/ptII/ptolemy/actor/lib/test/auto/Clock23.xml
----------------- Instantiating /home/travis/build/icyphy/ptII/ptolemy/actor/lib/test/auto/Clock23.xml
4 ms. Memory: 468992K Free: 240656K (51%)
----------------- Invoking toplevel() on ptolemy.moml.MoMLSimpleApplication@6fd1f69c
----------------- Done invoking toplevel() on ptolemy.moml.MoMLSimpleApplication@6fd1f69c
reloadAllAccessors: .Clock23

===========================================================================================
----------------- testing Thu Jun 25 14:56:25 UTC 2020 /home/travis/build/icyphy/ptII/ptolemy/actor/lib/test/auto/Clock24.xml
----------------- Instantiating /home/travis/build/icyphy/ptII/ptolemy/actor/lib/test/auto/Clock24.xml
3 ms. Memory: 468992K Free: 235026K (50%)
----------------- Invoking toplevel() on ptolemy.moml.MoMLSimpleApplication@586c70b8
----------------- Done invoking toplevel() on ptolemy.moml.MoMLSimpleApplication@586c70b8
reloadAllAccessors: .Clock24

===========================================================================================
----------------- testing Thu Jun 25 14:56:25 UTC 2020 /home/travis/build/icyphy/ptII/ptolemy/actor/lib/test/auto/Clock4.xml
----------------- Instantiating /home/travis/build/icyphy/ptII/ptolemy/actor/lib/test/auto/Clock4.xml
1 ms. Memory: 468992K Free: 230410K (49%)
----------------- Invoking toplevel() on ptolemy.moml.MoMLSimpleApplication@793f5224
----------------- Done invoking toplevel() on ptolemy.moml.MoMLSimpleApplication@793f5224
reloadAllAccessors: .Clock4

===========================================================================================
----------------- testing Thu Jun 25 14:56:25 UTC 2020 /home/travis/build/icyphy/ptII/ptolemy/actor/lib/test/auto/Clock5.xml
----------------- Instantiating /home/travis/build/icyphy/ptII/ptolemy/actor/lib/test/auto/Clock5.xml
2 ms. Memory: 468992K Free: 224786K (48%)
----------------- Invoking toplevel() on ptolemy.moml.MoMLSimpleApplication@bb765c0
----------------- Done invoking toplevel() on ptolemy.moml.MoMLSimpleApplication@bb765c0
reloadAllAccessors: .Clock5

===========================================================================================
----------------- testing Thu Jun 25 14:56:25 UTC 2020 /home/travis/build/icyphy/ptII/ptolemy/actor/lib/test/auto/Clock6.xml
----------------- Instantiating /home/travis/build/icyphy/ptII/ptolemy/actor/lib/test/auto/Clock6.xml
1 ms. Memory: 468992K Free: 220690K (47%)
----------------- Invoking toplevel() on ptolemy.moml.MoMLSimpleApplication@59dff755
----------------- Done invoking toplevel() on ptolemy.moml.MoMLSimpleApplication@59dff755
reloadAllAccessors: .Clock6

===========================================================================================
----------------- testing Thu Jun 25 14:56:25 UTC 2020 /home/travis/build/icyphy/ptII/ptolemy/actor/lib/test/auto/Clock7.xml
----------------- Instantiating /home/travis/build/icyphy/ptII/ptolemy/actor/lib/test/auto/Clock7.xml
1 ms. Memory: 468992K Free: 216080K (46%)
----------------- Invoking toplevel() on ptolemy.moml.MoMLSimpleApplication@276caf2f
----------------- Done invoking toplevel() on ptolemy.moml.MoMLSimpleApplication@276caf2f
reloadAllAccessors: .Clock7

===========================================================================================
----------------- testing Thu Jun 25 14:56:25 UTC 2020 /home/travis/build/icyphy/ptII/ptolemy/actor/lib/test/auto/Clock8.xml
----------------- Instantiating /home/travis/build/icyphy/ptII/ptolemy/actor/lib/test/auto/Clock8.xml
4 ms. Memory: 468992K Free: 210450K (45%)
----------------- Invoking toplevel() on ptolemy.moml.MoMLSimpleApplication@47fce5d
----------------- Done invoking toplevel() on ptolemy.moml.MoMLSimpleApplication@47fce5d
reloadAllAccessors: .Clock8

===========================================================================================
----------------- testing Thu Jun 25 14:56:25 UTC 2020 /home/travis/build/icyphy/ptII/ptolemy/actor/lib/test/auto/Clock9.xml
----------------- Instantiating /home/travis/build/icyphy/ptII/ptolemy/actor/lib/test/auto/Clock9.xml
4 ms. Memory: 468992K Free: 205330K (44%)
----------------- Invoking toplevel() on ptolemy.moml.MoMLSimpleApplication@1c8b0254
----------------- Done invoking toplevel() on ptolemy.moml.MoMLSimpleApplication@1c8b0254
reloadAllAccessors: .Clock9

===========================================================================================
----------------- testing Thu Jun 25 14:56:25 UTC 2020 /home/travis/build/icyphy/ptII/ptolemy/actor/lib/test/auto/CommDistDiscard.xml
----------------- Instantiating /home/travis/build/icyphy/ptII/ptolemy/actor/lib/test/auto/CommDistDiscard.xml
1 ms. Memory: 468992K Free: 199696K (43%)
----------------- Invoking toplevel() on ptolemy.moml.MoMLSimpleApplication@2289b88f
----------------- Done invoking toplevel() on ptolemy.moml.MoMLSimpleApplication@2289b88f
reloadAllAccessors: .CommDistDiscard

===========================================================================================
----------------- testing Thu Jun 25 14:56:25 UTC 2020 /home/travis/build/icyphy/ptII/ptolemy/actor/lib/test/auto/Commutator.xml
----------------- Instantiating /home/travis/build/icyphy/ptII/ptolemy/actor/lib/test/auto/Commutator.xml
2 ms. Memory: 468992K Free: 195600K (42%)
----------------- Invoking toplevel() on ptolemy.moml.MoMLSimpleApplication@21ac9477
----------------- Done invoking toplevel() on ptolemy.moml.MoMLSimpleApplication@21ac9477
reloadAllAccessors: .Commutator

===========================================================================================
----------------- testing Thu Jun 25 14:56:25 UTC 2020 /home/travis/build/icyphy/ptII/ptolemy/actor/lib/test/auto/Commutator2.xml
----------------- Instantiating /home/travis/build/icyphy/ptII/ptolemy/actor/lib/test/auto/Commutator2.xml
1 ms. Memory: 468992K Free: 190994K (41%)
----------------- Invoking toplevel() on ptolemy.moml.MoMLSimpleApplication@29aafe11
----------------- Done invoking toplevel() on ptolemy.moml.MoMLSimpleApplication@29aafe11
reloadAllAccessors: .Commutator2

===========================================================================================
----------------- testing Thu Jun 25 14:56:25 UTC 2020 /home/travis/build/icyphy/ptII/ptolemy/actor/lib/test/auto/Commutator3.xml
----------------- Instantiating /home/travis/build/icyphy/ptII/ptolemy/actor/lib/test/auto/Commutator3.xml
3 ms. Memory: 468992K Free: 418359K (89%)
----------------- Invoking toplevel() on ptolemy.moml.MoMLSimpleApplication@63a126f5
----------------- Done invoking toplevel() on ptolemy.moml.MoMLSimpleApplication@63a126f5
reloadAllAccessors: .Commutator3

===========================================================================================
----------------- testing Thu Jun 25 14:56:25 UTC 2020 /home/travis/build/icyphy/ptII/ptolemy/actor/lib/test/auto/Compare.xml
----------------- Instantiating /home/travis/build/icyphy/ptII/ptolemy/actor/lib/test/auto/Compare.xml
2 ms. Memory: 468992K Free: 411719K (88%)
----------------- Invoking toplevel() on ptolemy.moml.MoMLSimpleApplication@51c99924
----------------- Done invoking toplevel() on ptolemy.moml.MoMLSimpleApplication@51c99924
reloadAllAccessors: .Compare

===========================================================================================
----------------- testing Thu Jun 25 14:56:25 UTC 2020 /home/travis/build/icyphy/ptII/ptolemy/actor/lib/test/auto/CompareDE.xml
----------------- Instantiating /home/travis/build/icyphy/ptII/ptolemy/actor/lib/test/auto/CompareDE.xml
3 ms. Memory: 468992K Free: 404551K (86%)
----------------- Invoking toplevel() on ptolemy.moml.MoMLSimpleApplication@294b9d61
----------------- Done invoking toplevel() on ptolemy.moml.MoMLSimpleApplication@294b9d61
reloadAllAccessors: .CompareDE

===========================================================================================
----------------- testing Thu Jun 25 14:56:25 UTC 2020 /home/travis/build/icyphy/ptII/ptolemy/actor/lib/test/auto/ComplexDivide.xml
----------------- Instantiating /home/travis/build/icyphy/ptII/ptolemy/actor/lib/test/auto/ComplexDivide.xml
1 ms. Memory: 468992K Free: 400965K (85%)
----------------- Invoking toplevel() on ptolemy.moml.MoMLSimpleApplication@fec4297
----------------- Done invoking toplevel() on ptolemy.moml.MoMLSimpleApplication@fec4297
reloadAllAccessors: .ComplexDivide

===========================================================================================
----------------- testing Thu Jun 25 14:56:25 UTC 2020 /home/travis/build/icyphy/ptII/ptolemy/actor/lib/test/auto/ComputeHistogram.xml
----------------- Instantiating /home/travis/build/icyphy/ptII/ptolemy/actor/lib/test/auto/ComputeHistogram.xml
20 ms. Memory: 468992K Free: 388167K (83%)
----------------- Invoking toplevel() on ptolemy.moml.MoMLSimpleApplication@136b37cf
----------------- Done invoking toplevel() on ptolemy.moml.MoMLSimpleApplication@136b37cf
reloadAllAccessors: .ComputeHistogram

===========================================================================================
----------------- testing Thu Jun 25 14:56:25 UTC 2020 /home/travis/build/icyphy/ptII/ptolemy/actor/lib/test/auto/ConfigurationSelect.xml
----------------- Instantiating /home/travis/build/icyphy/ptII/ptolemy/actor/lib/test/auto/ConfigurationSelect.xml
2 ms. Memory: 468992K Free: 382503K (82%)
----------------- Invoking toplevel() on ptolemy.moml.MoMLSimpleApplication@6b89367a
----------------- Done invoking toplevel() on ptolemy.moml.MoMLSimpleApplication@6b89367a
reloadAllAccessors: .ConfigurationSelect

===========================================================================================
----------------- testing Thu Jun 25 14:56:25 UTC 2020 /home/travis/build/icyphy/ptII/ptolemy/actor/lib/test/auto/ConfigurationSelect2.xml
----------------- Instantiating /home/travis/build/icyphy/ptII/ptolemy/actor/lib/test/auto/ConfigurationSelect2.xml
2 ms. Memory: 468992K Free: 378437K (81%)
----------------- Invoking toplevel() on ptolemy.moml.MoMLSimpleApplication@5512ebb1
----------------- Done invoking toplevel() on ptolemy.moml.MoMLSimpleApplication@5512ebb1
reloadAllAccessors: .ConfigurationSelect2

===========================================================================================
----------------- testing Thu Jun 25 14:56:25 UTC 2020 /home/travis/build/icyphy/ptII/ptolemy/actor/lib/test/auto/ConfigurationSwitch.xml
----------------- Instantiating /home/travis/build/icyphy/ptII/ptolemy/actor/lib/test/auto/ConfigurationSwitch.xml
2 ms. Memory: 468992K Free: 372807K (79%)
----------------- Invoking toplevel() on ptolemy.moml.MoMLSimpleApplication@6aad8c63
----------------- Done invoking toplevel() on ptolemy.moml.MoMLSimpleApplication@6aad8c63
reloadAllAccessors: .ConfigurationSwitch

===========================================================================================
----------------- testing Thu Jun 25 14:56:25 UTC 2020 /home/travis/build/icyphy/ptII/ptolemy/actor/lib/test/auto/ConfigurationSwitch2.xml
----------------- Instantiating /home/travis/build/icyphy/ptII/ptolemy/actor/lib/test/auto/ConfigurationSwitch2.xml
1 ms. Memory: 468992K Free: 367173K (78%)
----------------- Invoking toplevel() on ptolemy.moml.MoMLSimpleApplication@6d174433
----------------- Done invoking toplevel() on ptolemy.moml.MoMLSimpleApplication@6d174433
reloadAllAccessors: .ConfigurationSwitch2

===========================================================================================
----------------- testing Thu Jun 25 14:56:25 UTC 2020 /home/travis/build/icyphy/ptII/ptolemy/actor/lib/test/auto/ConfigurationSwitchCloningBugWithClassRelationGroup.xml
----------------- Instantiating /home/travis/build/icyphy/ptII/ptolemy/actor/lib/test/auto/ConfigurationSwitchCloningBugWithClassRelationGroup.xml
2 ms. Memory: 468992K Free: 361029K (77%)
----------------- Invoking toplevel() on ptolemy.moml.MoMLSimpleApplication@7e1502a5
----------------- Done invoking toplevel() on ptolemy.moml.MoMLSimpleApplication@7e1502a5
reloadAllAccessors: .ConfigurationSwitchCloningBugWithClassRelationGroup

===========================================================================================
----------------- testing Thu Jun 25 14:56:25 UTC 2020 /home/travis/build/icyphy/ptII/ptolemy/actor/lib/test/auto/ConfigurationSwitchSelectSDF.xml
----------------- Instantiating /home/travis/build/icyphy/ptII/ptolemy/actor/lib/test/auto/ConfigurationSwitchSelectSDF.xml
3 ms. Memory: 468992K Free: 354885K (76%)
----------------- Invoking toplevel() on ptolemy.moml.MoMLSimpleApplication@5247942f
----------------- Done invoking toplevel() on ptolemy.moml.MoMLSimpleApplication@5247942f
reloadAllAccessors: .ConfigurationSwitchSelectSDF

===========================================================================================
----------------- testing Thu Jun 25 14:56:25 UTC 2020 /home/travis/build/icyphy/ptII/ptolemy/actor/lib/test/auto/ConfigurationSwitchSelectSDF2.xml
----------------- Instantiating /home/travis/build/icyphy/ptII/ptolemy/actor/lib/test/auto/ConfigurationSwitchSelectSDF2.xml
2 ms. Memory: 468992K Free: 349255K (74%)
----------------- Invoking toplevel() on ptolemy.moml.MoMLSimpleApplication@1a7f4b5c
----------------- Done invoking toplevel() on ptolemy.moml.MoMLSimpleApplication@1a7f4b5c
reloadAllAccessors: .ConfigurationSwitchSelectSDF2

===========================================================================================
----------------- testing Thu Jun 25 14:56:25 UTC 2020 /home/travis/build/icyphy/ptII/ptolemy/actor/lib/test/auto/Const.xml
----------------- Instantiating /home/travis/build/icyphy/ptII/ptolemy/actor/lib/test/auto/Const.xml
1 ms. Memory: 468992K Free: 345669K (74%)
----------------- Invoking toplevel() on ptolemy.moml.MoMLSimpleApplication@6335bb21
----------------- Done invoking toplevel() on ptolemy.moml.MoMLSimpleApplication@6335bb21
reloadAllAccessors: .Const

===========================================================================================
----------------- testing Thu Jun 25 14:56:25 UTC 2020 /home/travis/build/icyphy/ptII/ptolemy/actor/lib/test/auto/Const2.xml
----------------- Instantiating /home/travis/build/icyphy/ptII/ptolemy/actor/lib/test/auto/Const2.xml
1 ms. Memory: 468992K Free: 341573K (73%)
----------------- Invoking toplevel() on ptolemy.moml.MoMLSimpleApplication@45634981
----------------- Done invoking toplevel() on ptolemy.moml.MoMLSimpleApplication@45634981
reloadAllAccessors: .Const2

===========================================================================================
----------------- testing Thu Jun 25 14:56:25 UTC 2020 /home/travis/build/icyphy/ptII/ptolemy/actor/lib/test/auto/Const3.xml
----------------- Instantiating /home/travis/build/icyphy/ptII/ptolemy/actor/lib/test/auto/Const3.xml
1 ms. Memory: 468992K Free: 339015K (72%)
----------------- Invoking toplevel() on ptolemy.moml.MoMLSimpleApplication@18ef60cd
----------------- Done invoking toplevel() on ptolemy.moml.MoMLSimpleApplication@18ef60cd
reloadAllAccessors: .Const3

===========================================================================================
----------------- testing Thu Jun 25 14:56:25 UTC 2020 /home/travis/build/icyphy/ptII/ptolemy/actor/lib/test/auto/ConstantPublisherPort1.xml
----------------- Instantiating /home/travis/build/icyphy/ptII/ptolemy/actor/lib/test/auto/ConstantPublisherPort1.xml
5 ms. Memory: 468992K Free: 329799K (70%)
----------------- Invoking toplevel() on ptolemy.moml.MoMLSimpleApplication@49f4a559
----------------- Done invoking toplevel() on ptolemy.moml.MoMLSimpleApplication@49f4a559
reloadAllAccessors: .ConstantPublisherPort1

===========================================================================================
----------------- testing Thu Jun 25 14:56:25 UTC 2020 /home/travis/build/icyphy/ptII/ptolemy/actor/lib/test/auto/ConstantPublisherPort2.xml
----------------- Instantiating /home/travis/build/icyphy/ptII/ptolemy/actor/lib/test/auto/ConstantPublisherPort2.xml
3 ms. Memory: 468992K Free: 322117K (69%)
----------------- Invoking toplevel() on ptolemy.moml.MoMLSimpleApplication@3bc26b28
----------------- Done invoking toplevel() on ptolemy.moml.MoMLSimpleApplication@3bc26b28
reloadAllAccessors: .ConstantPublisherPort2

===========================================================================================
----------------- testing Thu Jun 25 14:56:25 UTC 2020 /home/travis/build/icyphy/ptII/ptolemy/actor/lib/test/auto/ConstantPublisherPort3.xml
----------------- Instantiating /home/travis/build/icyphy/ptII/ptolemy/actor/lib/test/auto/ConstantPublisherPort3.xml
7 ms. Memory: 468992K Free: 314949K (67%)
----------------- Invoking toplevel() on ptolemy.moml.MoMLSimpleApplication@b8eb290
----------------- Done invoking toplevel() on ptolemy.moml.MoMLSimpleApplication@b8eb290
reloadAllAccessors: .ConstantPublisherPort3

===========================================================================================
----------------- testing Thu Jun 25 14:56:25 UTC 2020 /home/travis/build/icyphy/ptII/ptolemy/actor/lib/test/auto/ConstantPublisherPort4.xml
----------------- Instantiating /home/travis/build/icyphy/ptII/ptolemy/actor/lib/test/auto/ConstantPublisherPort4.xml
2 ms. Memory: 468992K Free: 307781K (66%)
----------------- Invoking toplevel() on ptolemy.moml.MoMLSimpleApplication@6fa6cdde
----------------- Done invoking toplevel() on ptolemy.moml.MoMLSimpleApplication@6fa6cdde
reloadAllAccessors: .ConstantPublisherPort4

===========================================================================================
----------------- testing Thu Jun 25 14:56:25 UTC 2020 /home/travis/build/icyphy/ptII/ptolemy/actor/lib/test/auto/ConstantPublisherPort5.xml
----------------- Instantiating /home/travis/build/icyphy/ptII/ptolemy/actor/lib/test/auto/ConstantPublisherPort5.xml
23 ms. Memory: 468992K Free: 298565K (64%)
----------------- Invoking toplevel() on ptolemy.moml.MoMLSimpleApplication@6e1d8427
----------------- Done invoking toplevel() on ptolemy.moml.MoMLSimpleApplication@6e1d8427
reloadAllAccessors: .ConstantPublisherPort5

===========================================================================================
----------------- testing Thu Jun 25 14:56:25 UTC 2020 /home/travis/build/icyphy/ptII/ptolemy/actor/lib/test/auto/ConstantPublisherPort6.xml
----------------- Instantiating /home/travis/build/icyphy/ptII/ptolemy/actor/lib/test/auto/ConstantPublisherPort6.xml
13 ms. Memory: 468992K Free: 289863K (62%)
----------------- Invoking toplevel() on ptolemy.moml.MoMLSimpleApplication@72823b1a
----------------- Done invoking toplevel() on ptolemy.moml.MoMLSimpleApplication@72823b1a
reloadAllAccessors: .ConstantPublisherPort6

===========================================================================================
----------------- testing Thu Jun 25 14:56:25 UTC 2020 /home/travis/build/icyphy/ptII/ptolemy/actor/lib/test/auto/ConstantPublisherPort7.xml
----------------- Instantiating /home/travis/build/icyphy/ptII/ptolemy/actor/lib/test/auto/ConstantPublisherPort7.xml
20 ms. Memory: 468992K Free: 280133K (60%)
----------------- Invoking toplevel() on ptolemy.moml.MoMLSimpleApplication@3e98a21e
----------------- Done invoking toplevel() on ptolemy.moml.MoMLSimpleApplication@3e98a21e
reloadAllAccessors: .ConstantPublisherPort7

===========================================================================================
----------------- testing Thu Jun 25 14:56:25 UTC 2020 /home/travis/build/icyphy/ptII/ptolemy/actor/lib/test/auto/ConstraintMonitor1.xml
----------------- Instantiating /home/travis/build/icyphy/ptII/ptolemy/actor/lib/test/auto/ConstraintMonitor1.xml
5 ms. Memory: 468992K Free: 275013K (59%)
----------------- Invoking toplevel() on ptolemy.moml.MoMLSimpleApplication@4db3ee2f
----------------- Done invoking toplevel() on ptolemy.moml.MoMLSimpleApplication@4db3ee2f
reloadAllAccessors: .ConstraintMonitor1

===========================================================================================
----------------- testing Thu Jun 25 14:56:25 UTC 2020 /home/travis/build/icyphy/ptII/ptolemy/actor/lib/test/auto/ConstraintMonitor2.xml
----------------- Instantiating /home/travis/build/icyphy/ptII/ptolemy/actor/lib/test/auto/ConstraintMonitor2.xml
3 ms. Memory: 468992K Free: 270917K (58%)
----------------- Invoking toplevel() on ptolemy.moml.MoMLSimpleApplication@6de2d820
----------------- Done invoking toplevel() on ptolemy.moml.MoMLSimpleApplication@6de2d820
reloadAllAccessors: .ConstraintMonitor2

===========================================================================================
----------------- testing Thu Jun 25 14:56:25 UTC 2020 /home/travis/build/icyphy/ptII/ptolemy/actor/lib/test/auto/ConstraintMonitor3.xml
----------------- Instantiating /home/travis/build/icyphy/ptII/ptolemy/actor/lib/test/auto/ConstraintMonitor3.xml
2 ms. Memory: 468992K Free: 266311K (57%)
----------------- Invoking toplevel() on ptolemy.moml.MoMLSimpleApplication@b3d8aa2
----------------- Done invoking toplevel() on ptolemy.moml.MoMLSimpleApplication@b3d8aa2
reloadAllAccessors: .ConstraintMonitor3

===========================================================================================
----------------- testing Thu Jun 25 14:56:25 UTC 2020 /home/travis/build/icyphy/ptII/ptolemy/actor/lib/test/auto/ConstraintMonitor4.xml
----------------- Instantiating /home/travis/build/icyphy/ptII/ptolemy/actor/lib/test/auto/ConstraintMonitor4.xml
4 ms. Memory: 468992K Free: 261701K (56%)
----------------- Invoking toplevel() on ptolemy.moml.MoMLSimpleApplication@781768e8
----------------- Done invoking toplevel() on ptolemy.moml.MoMLSimpleApplication@781768e8
reloadAllAccessors: .ConstraintMonitor4

===========================================================================================
----------------- testing Thu Jun 25 14:56:25 UTC 2020 /home/travis/build/icyphy/ptII/ptolemy/actor/lib/test/auto/ConstraintMonitor5.xml
----------------- Instantiating /home/travis/build/icyphy/ptII/ptolemy/actor/lib/test/auto/ConstraintMonitor5.xml
2 ms. Memory: 468992K Free: 256567K (55%)
----------------- Invoking toplevel() on ptolemy.moml.MoMLSimpleApplication@6a02b6c
----------------- Done invoking toplevel() on ptolemy.moml.MoMLSimpleApplication@6a02b6c
reloadAllAccessors: .ConstraintMonitor5

===========================================================================================
----------------- testing Thu Jun 25 14:56:25 UTC 2020 /home/travis/build/icyphy/ptII/ptolemy/actor/lib/test/auto/ConstraintMonitor6.xml
----------------- Instantiating /home/travis/build/icyphy/ptII/ptolemy/actor/lib/test/auto/ConstraintMonitor6.xml
3 ms. Memory: 468992K Free: 249927K (53%)
----------------- Invoking toplevel() on ptolemy.moml.MoMLSimpleApplication@6f6dc62c
----------------- Done invoking toplevel() on ptolemy.moml.MoMLSimpleApplication@6f6dc62c
reloadAllAccessors: .ConstraintMonitor6

===========================================================================================
----------------- testing Thu Jun 25 14:56:25 UTC 2020 /home/travis/build/icyphy/ptII/ptolemy/actor/lib/test/auto/ConstraintMonitor7.xml
----------------- Instantiating /home/travis/build/icyphy/ptII/ptolemy/actor/lib/test/auto/ConstraintMonitor7.xml
8 ms. Memory: 468992K Free: 243783K (52%)
----------------- Invoking toplevel() on ptolemy.moml.MoMLSimpleApplication@410a5e4c
----------------- Done invoking toplevel() on ptolemy.moml.MoMLSimpleApplication@410a5e4c
reloadAllAccessors: .ConstraintMonitor7

===========================================================================================
----------------- testing Thu Jun 25 14:56:25 UTC 2020 /home/travis/build/icyphy/ptII/ptolemy/actor/lib/test/auto/ConstraintMonitor8.xml
----------------- Instantiating /home/travis/build/icyphy/ptII/ptolemy/actor/lib/test/auto/ConstraintMonitor8.xml
3 ms. Memory: 468992K Free: 236095K (50%)
----------------- Invoking toplevel() on ptolemy.moml.MoMLSimpleApplication@1219e81c
----------------- Done invoking toplevel() on ptolemy.moml.MoMLSimpleApplication@1219e81c
reloadAllAccessors: .ConstraintMonitor8

===========================================================================================
----------------- testing Thu Jun 25 14:56:25 UTC 2020 /home/travis/build/icyphy/ptII/ptolemy/actor/lib/test/auto/Counter.xml
----------------- Instantiating /home/travis/build/icyphy/ptII/ptolemy/actor/lib/test/auto/Counter.xml
4 ms. Memory: 468992K Free: 230981K (49%)
----------------- Invoking toplevel() on ptolemy.moml.MoMLSimpleApplication@9d32fc3
----------------- Done invoking toplevel() on ptolemy.moml.MoMLSimpleApplication@9d32fc3
reloadAllAccessors: .Counter

===========================================================================================
----------------- testing Thu Jun 25 14:56:25 UTC 2020 /home/travis/build/icyphy/ptII/ptolemy/actor/lib/test/auto/CurrentTimeSDF.xml
----------------- Instantiating /home/travis/build/icyphy/ptII/ptolemy/actor/lib/test/auto/CurrentTimeSDF.xml
1 ms. Memory: 468992K Free: 227399K (48%)
----------------- Invoking toplevel() on ptolemy.moml.MoMLSimpleApplication@44d7b105
----------------- Done invoking toplevel() on ptolemy.moml.MoMLSimpleApplication@44d7b105
reloadAllAccessors: .CurrentTimeSDF

===========================================================================================
----------------- testing Thu Jun 25 14:56:25 UTC 2020 /home/travis/build/icyphy/ptII/ptolemy/actor/lib/test/auto/DB.xml
----------------- Instantiating /home/travis/build/icyphy/ptII/ptolemy/actor/lib/test/auto/DB.xml
2 ms. Memory: 468992K Free: 221765K (47%)
----------------- Invoking toplevel() on ptolemy.moml.MoMLSimpleApplication@6701e200
----------------- Done invoking toplevel() on ptolemy.moml.MoMLSimpleApplication@6701e200
reloadAllAccessors: .DB

===========================================================================================
----------------- testing Thu Jun 25 14:56:25 UTC 2020 /home/travis/build/icyphy/ptII/ptolemy/actor/lib/test/auto/DBDE.xml
----------------- Instantiating /home/travis/build/icyphy/ptII/ptolemy/actor/lib/test/auto/DBDE.xml
3 ms. Memory: 468992K Free: 216135K (46%)
----------------- Invoking toplevel() on ptolemy.moml.MoMLSimpleApplication@1be5ed60
----------------- Done invoking toplevel() on ptolemy.moml.MoMLSimpleApplication@1be5ed60
reloadAllAccessors: .DBDE

===========================================================================================
----------------- testing Thu Jun 25 14:56:26 UTC 2020 /home/travis/build/icyphy/ptII/ptolemy/actor/lib/test/auto/DateConstructor.xml
----------------- Instantiating /home/travis/build/icyphy/ptII/ptolemy/actor/lib/test/auto/DateConstructor.xml
31 ms. Memory: 468992K Free: 198213K (42%)
----------------- Invoking toplevel() on ptolemy.moml.MoMLSimpleApplication@7e614896
----------------- Done invoking toplevel() on ptolemy.moml.MoMLSimpleApplication@7e614896
reloadAllAccessors: .DateConstructor

===========================================================================================
----------------- testing Thu Jun 25 14:56:26 UTC 2020 /home/travis/build/icyphy/ptII/ptolemy/actor/lib/test/auto/DelayTime.xml
----------------- Instantiating /home/travis/build/icyphy/ptII/ptolemy/actor/lib/test/auto/DelayTime.xml
6 ms. Memory: 468992K Free: 193093K (41%)
----------------- Invoking toplevel() on ptolemy.moml.MoMLSimpleApplication@5b3d22b5
----------------- Done invoking toplevel() on ptolemy.moml.MoMLSimpleApplication@5b3d22b5
reloadAllAccessors: .DelayTime

===========================================================================================
----------------- testing Thu Jun 25 14:56:26 UTC 2020 /home/travis/build/icyphy/ptII/ptolemy/actor/lib/test/auto/Dictionary1.xml
----------------- Instantiating /home/travis/build/icyphy/ptII/ptolemy/actor/lib/test/auto/Dictionary1.xml
1 ms. Memory: 468992K Free: 187463K (40%)
----------------- Invoking toplevel() on ptolemy.moml.MoMLSimpleApplication@732f7be2
----------------- Done invoking toplevel() on ptolemy.moml.MoMLSimpleApplication@732f7be2
reloadAllAccessors: .Dictionary1

===========================================================================================
----------------- testing Thu Jun 25 14:56:26 UTC 2020 /home/travis/build/icyphy/ptII/ptolemy/actor/lib/test/auto/Dictionary2.xml
----------------- Instantiating /home/travis/build/icyphy/ptII/ptolemy/actor/lib/test/auto/Dictionary2.xml
5 ms. Memory: 468992K Free: 182343K (39%)
----------------- Invoking toplevel() on ptolemy.moml.MoMLSimpleApplication@43853c9f
----------------- Done invoking toplevel() on ptolemy.moml.MoMLSimpleApplication@43853c9f
reloadAllAccessors: .Dictionary2

===========================================================================================
----------------- testing Thu Jun 25 14:56:26 UTC 2020 /home/travis/build/icyphy/ptII/ptolemy/actor/lib/test/auto/Dictionary3.xml
----------------- Instantiating /home/travis/build/icyphy/ptII/ptolemy/actor/lib/test/auto/Dictionary3.xml
2 ms. Memory: 468992K Free: 176709K (38%)
----------------- Invoking toplevel() on ptolemy.moml.MoMLSimpleApplication@1b541689
----------------- Done invoking toplevel() on ptolemy.moml.MoMLSimpleApplication@1b541689
reloadAllAccessors: .Dictionary3

===========================================================================================
----------------- testing Thu Jun 25 14:56:26 UTC 2020 /home/travis/build/icyphy/ptII/ptolemy/actor/lib/test/auto/Dictionary4.xml
----------------- Instantiating /home/travis/build/icyphy/ptII/ptolemy/actor/lib/test/auto/Dictionary4.xml
6 ms. Memory: 468992K Free: 169535K (36%)
----------------- Invoking toplevel() on ptolemy.moml.MoMLSimpleApplication@4a85fcc3
----------------- Done invoking toplevel() on ptolemy.moml.MoMLSimpleApplication@4a85fcc3
reloadAllAccessors: .Dictionary4

===========================================================================================
----------------- testing Thu Jun 25 14:56:26 UTC 2020 /home/travis/build/icyphy/ptII/ptolemy/actor/lib/test/auto/Differential.xml
----------------- Instantiating /home/travis/build/icyphy/ptII/ptolemy/actor/lib/test/auto/Differential.xml
3 ms. Memory: 468992K Free: 165445K (35%)
----------------- Invoking toplevel() on ptolemy.moml.MoMLSimpleApplication@2e95bfd
----------------- Done invoking toplevel() on ptolemy.moml.MoMLSimpleApplication@2e95bfd
reloadAllAccessors: .Differential

===========================================================================================
----------------- testing Thu Jun 25 14:56:26 UTC 2020 /home/travis/build/icyphy/ptII/ptolemy/actor/lib/test/auto/Director.xml
----------------- Instantiating /home/travis/build/icyphy/ptII/ptolemy/actor/lib/test/auto/Director.xml
3 ms. Memory: 468992K Free: 161863K (35%)
----------------- Invoking toplevel() on ptolemy.moml.MoMLSimpleApplication@72680e74
----------------- Done invoking toplevel() on ptolemy.moml.MoMLSimpleApplication@72680e74
reloadAllAccessors: .Director

===========================================================================================
----------------- testing Thu Jun 25 14:56:26 UTC 2020 /home/travis/build/icyphy/ptII/ptolemy/actor/lib/test/auto/DiscreteClock.xml
----------------- Instantiating /home/travis/build/icyphy/ptII/ptolemy/actor/lib/test/auto/DiscreteClock.xml
2 ms. Memory: 468992K Free: 157767K (34%)
----------------- Invoking toplevel() on ptolemy.moml.MoMLSimpleApplication@61fb363f
----------------- Done invoking toplevel() on ptolemy.moml.MoMLSimpleApplication@61fb363f
reloadAllAccessors: .DiscreteClock

===========================================================================================
----------------- testing Thu Jun 25 14:56:26 UTC 2020 /home/travis/build/icyphy/ptII/ptolemy/actor/lib/test/auto/DiscreteClock10.xml
----------------- Instantiating /home/travis/build/icyphy/ptII/ptolemy/actor/lib/test/auto/DiscreteClock10.xml
3 ms. Memory: 468992K Free: 151623K (32%)
----------------- Invoking toplevel() on ptolemy.moml.MoMLSimpleApplication@6d640d20
----------------- Done invoking toplevel() on ptolemy.moml.MoMLSimpleApplication@6d640d20
reloadAllAccessors: .DiscreteClock10

===========================================================================================
----------------- testing Thu Jun 25 14:56:26 UTC 2020 /home/travis/build/icyphy/ptII/ptolemy/actor/lib/test/auto/DiscreteClock11.xml
----------------- Instantiating /home/travis/build/icyphy/ptII/ptolemy/actor/lib/test/auto/DiscreteClock11.xml
2 ms. Memory: 468992K Free: 415248K (89%)
----------------- Invoking toplevel() on ptolemy.moml.MoMLSimpleApplication@428562b1
----------------- Done invoking toplevel() on ptolemy.moml.MoMLSimpleApplication@428562b1
reloadAllAccessors: .DiscreteClock11

===========================================================================================
----------------- testing Thu Jun 25 14:56:26 UTC 2020 /home/travis/build/icyphy/ptII/ptolemy/actor/lib/test/auto/DiscreteClock12.xml
----------------- Instantiating /home/travis/build/icyphy/ptII/ptolemy/actor/lib/test/auto/DiscreteClock12.xml
3 ms. Memory: 468992K Free: 409104K (87%)
----------------- Invoking toplevel() on ptolemy.moml.MoMLSimpleApplication@7ce3b0eb
----------------- Done invoking toplevel() on ptolemy.moml.MoMLSimpleApplication@7ce3b0eb
reloadAllAccessors: .DiscreteClock12

===========================================================================================
----------------- testing Thu Jun 25 14:56:26 UTC 2020 /home/travis/build/icyphy/ptII/ptolemy/actor/lib/test/auto/DiscreteClock13.xml
----------------- Instantiating /home/travis/build/icyphy/ptII/ptolemy/actor/lib/test/auto/DiscreteClock13.xml
4 ms. Memory: 468992K Free: 402930K (86%)
----------------- Invoking toplevel() on ptolemy.moml.MoMLSimpleApplication@352436da
----------------- Done invoking toplevel() on ptolemy.moml.MoMLSimpleApplication@352436da
reloadAllAccessors: .DiscreteClock13

===========================================================================================
----------------- testing Thu Jun 25 14:56:26 UTC 2020 /home/travis/build/icyphy/ptII/ptolemy/actor/lib/test/auto/DiscreteClock14.xml
----------------- Instantiating /home/travis/build/icyphy/ptII/ptolemy/actor/lib/test/auto/DiscreteClock14.xml
4 ms. Memory: 468992K Free: 396798K (85%)
----------------- Invoking toplevel() on ptolemy.moml.MoMLSimpleApplication@e56541
----------------- Done invoking toplevel() on ptolemy.moml.MoMLSimpleApplication@e56541
reloadAllAccessors: .DiscreteClock14

===========================================================================================
----------------- testing Thu Jun 25 14:56:26 UTC 2020 /home/travis/build/icyphy/ptII/ptolemy/actor/lib/test/auto/DiscreteClock15.xml
----------------- Instantiating /home/travis/build/icyphy/ptII/ptolemy/actor/lib/test/auto/DiscreteClock15.xml
5 ms. Memory: 468992K Free: 391186K (83%)
----------------- Invoking toplevel() on ptolemy.moml.MoMLSimpleApplication@4b302ef1
----------------- Done invoking toplevel() on ptolemy.moml.MoMLSimpleApplication@4b302ef1
reloadAllAccessors: .DiscreteClock15

===========================================================================================
----------------- testing Thu Jun 25 14:56:26 UTC 2020 /home/travis/build/icyphy/ptII/ptolemy/actor/lib/test/auto/DiscreteClock16.xml
----------------- Instantiating /home/travis/build/icyphy/ptII/ptolemy/actor/lib/test/auto/DiscreteClock16.xml
16 ms. Memory: 468992K Free: 377360K (80%)
----------------- Invoking toplevel() on ptolemy.moml.MoMLSimpleApplication@7d44aeb6
----------------- Done invoking toplevel() on ptolemy.moml.MoMLSimpleApplication@7d44aeb6
reloadAllAccessors: .DiscreteClock16

===========================================================================================
----------------- testing Thu Jun 25 14:56:26 UTC 2020 /home/travis/build/icyphy/ptII/ptolemy/actor/lib/test/auto/DiscreteClock17.xml
----------------- Instantiating /home/travis/build/icyphy/ptII/ptolemy/actor/lib/test/auto/DiscreteClock17.xml
14 ms. Memory: 468992K Free: 363010K (77%)
----------------- Invoking toplevel() on ptolemy.moml.MoMLSimpleApplication@73bffcec
----------------- Done invoking toplevel() on ptolemy.moml.MoMLSimpleApplication@73bffcec
reloadAllAccessors: .DiscreteClock17

===========================================================================================
----------------- testing Thu Jun 25 14:56:26 UTC 2020 /home/travis/build/icyphy/ptII/ptolemy/actor/lib/test/auto/DiscreteClock18.xml
----------------- Instantiating /home/travis/build/icyphy/ptII/ptolemy/actor/lib/test/auto/DiscreteClock18.xml
22 ms. Memory: 468992K Free: 349202K (74%)
----------------- Invoking toplevel() on ptolemy.moml.MoMLSimpleApplication@42033719
----------------- Done invoking toplevel() on ptolemy.moml.MoMLSimpleApplication@42033719
reloadAllAccessors: .DiscreteClock18

===========================================================================================
----------------- testing Thu Jun 25 14:56:26 UTC 2020 /home/travis/build/icyphy/ptII/ptolemy/actor/lib/test/auto/DiscreteClock19.xml
----------------- Instantiating /home/travis/build/icyphy/ptII/ptolemy/actor/lib/test/auto/DiscreteClock19.xml
16 ms. Memory: 468992K Free: 335890K (72%)
----------------- Invoking toplevel() on ptolemy.moml.MoMLSimpleApplication@24b9edde
----------------- Done invoking toplevel() on ptolemy.moml.MoMLSimpleApplication@24b9edde
reloadAllAccessors: .DiscreteClock19

===========================================================================================
----------------- testing Thu Jun 25 14:56:26 UTC 2020 /home/travis/build/icyphy/ptII/ptolemy/actor/lib/test/auto/DiscreteClock2.xml
----------------- Instantiating /home/travis/build/icyphy/ptII/ptolemy/actor/lib/test/auto/DiscreteClock2.xml
2 ms. Memory: 468992K Free: 330770K (71%)
----------------- Invoking toplevel() on ptolemy.moml.MoMLSimpleApplication@2fcd59f2
----------------- Done invoking toplevel() on ptolemy.moml.MoMLSimpleApplication@2fcd59f2
reloadAllAccessors: .DiscreteClock2

===========================================================================================
----------------- testing Thu Jun 25 14:56:26 UTC 2020 /home/travis/build/icyphy/ptII/ptolemy/actor/lib/test/auto/DiscreteClock20.xml
----------------- Instantiating /home/travis/build/icyphy/ptII/ptolemy/actor/lib/test/auto/DiscreteClock20.xml
4 ms. Memory: 468992K Free: 325136K (69%)
----------------- Invoking toplevel() on ptolemy.moml.MoMLSimpleApplication@53c0a6bb
----------------- Done invoking toplevel() on ptolemy.moml.MoMLSimpleApplication@53c0a6bb
reloadAllAccessors: .DiscreteClock20

===========================================================================================
----------------- testing Thu Jun 25 14:56:26 UTC 2020 /home/travis/build/icyphy/ptII/ptolemy/actor/lib/test/auto/DiscreteClock21.xml
----------------- Instantiating /home/travis/build/icyphy/ptII/ptolemy/actor/lib/test/auto/DiscreteClock21.xml
4 ms. Memory: 468992K Free: 319506K (68%)
----------------- Invoking toplevel() on ptolemy.moml.MoMLSimpleApplication@7457746b
----------------- Done invoking toplevel() on ptolemy.moml.MoMLSimpleApplication@7457746b
reloadAllAccessors: .DiscreteClock21

===========================================================================================
----------------- testing Thu Jun 25 14:56:26 UTC 2020 /home/travis/build/icyphy/ptII/ptolemy/actor/lib/test/auto/DiscreteClock22.xml
----------------- Instantiating /home/travis/build/icyphy/ptII/ptolemy/actor/lib/test/auto/DiscreteClock22.xml
3 ms. Memory: 468992K Free: 314386K (67%)
----------------- Invoking toplevel() on ptolemy.moml.MoMLSimpleApplication@655e17d0
----------------- Done invoking toplevel() on ptolemy.moml.MoMLSimpleApplication@655e17d0
reloadAllAccessors: .DiscreteClock22

===========================================================================================
----------------- testing Thu Jun 25 14:56:26 UTC 2020 /home/travis/build/icyphy/ptII/ptolemy/actor/lib/test/auto/DiscreteClock23.xml
----------------- Instantiating /home/travis/build/icyphy/ptII/ptolemy/actor/lib/test/auto/DiscreteClock23.xml
7 ms. Memory: 468992K Free: 308752K (66%)
----------------- Invoking toplevel() on ptolemy.moml.MoMLSimpleApplication@77ecb0e2
----------------- Done invoking toplevel() on ptolemy.moml.MoMLSimpleApplication@77ecb0e2
reloadAllAccessors: .DiscreteClock23

===========================================================================================
----------------- testing Thu Jun 25 14:56:26 UTC 2020 /home/travis/build/icyphy/ptII/ptolemy/actor/lib/test/auto/DiscreteClock24.xml
----------------- Instantiating /home/travis/build/icyphy/ptII/ptolemy/actor/lib/test/auto/DiscreteClock24.xml
2 ms. Memory: 468992K Free: 303122K (65%)
----------------- Invoking toplevel() on ptolemy.moml.MoMLSimpleApplication@2d266b86
----------------- Done invoking toplevel() on ptolemy.moml.MoMLSimpleApplication@2d266b86
reloadAllAccessors: .DiscreteClock24

===========================================================================================
----------------- testing Thu Jun 25 14:56:26 UTC 2020 /home/travis/build/icyphy/ptII/ptolemy/actor/lib/test/auto/DiscreteClock4.xml
----------------- Instantiating /home/travis/build/icyphy/ptII/ptolemy/actor/lib/test/auto/DiscreteClock4.xml
4 ms. Memory: 468992K Free: 297488K (63%)
----------------- Invoking toplevel() on ptolemy.moml.MoMLSimpleApplication@77534657
----------------- Done invoking toplevel() on ptolemy.moml.MoMLSimpleApplication@77534657
reloadAllAccessors: .DiscreteClock4

===========================================================================================
----------------- testing Thu Jun 25 14:56:26 UTC 2020 /home/travis/build/icyphy/ptII/ptolemy/actor/lib/test/auto/DiscreteClock5.xml
----------------- Instantiating /home/travis/build/icyphy/ptII/ptolemy/actor/lib/test/auto/DiscreteClock5.xml
1 ms. Memory: 468992K Free: 292354K (62%)
----------------- Invoking toplevel() on ptolemy.moml.MoMLSimpleApplication@58f52dc7
----------------- Done invoking toplevel() on ptolemy.moml.MoMLSimpleApplication@58f52dc7
reloadAllAccessors: .DiscreteClock5

===========================================================================================
----------------- testing Thu Jun 25 14:56:26 UTC 2020 /home/travis/build/icyphy/ptII/ptolemy/actor/lib/test/auto/DiscreteClock6.xml
----------------- Instantiating /home/travis/build/icyphy/ptII/ptolemy/actor/lib/test/auto/DiscreteClock6.xml
1 ms. Memory: 468992K Free: 288258K (61%)
----------------- Invoking toplevel() on ptolemy.moml.MoMLSimpleApplication@1bcd55e6
----------------- Done invoking toplevel() on ptolemy.moml.MoMLSimpleApplication@1bcd55e6
reloadAllAccessors: .DiscreteClock6

===========================================================================================
----------------- testing Thu Jun 25 14:56:26 UTC 2020 /home/travis/build/icyphy/ptII/ptolemy/actor/lib/test/auto/DiscreteClock7.xml
----------------- Instantiating /home/travis/build/icyphy/ptII/ptolemy/actor/lib/test/auto/DiscreteClock7.xml
1 ms. Memory: 468992K Free: 283152K (60%)
----------------- Invoking toplevel() on ptolemy.moml.MoMLSimpleApplication@31998165
----------------- Done invoking toplevel() on ptolemy.moml.MoMLSimpleApplication@31998165
reloadAllAccessors: .DiscreteClock7

===========================================================================================
----------------- testing Thu Jun 25 14:56:26 UTC 2020 /home/travis/build/icyphy/ptII/ptolemy/actor/lib/test/auto/DiscreteClock8.xml
----------------- Instantiating /home/travis/build/icyphy/ptII/ptolemy/actor/lib/test/auto/DiscreteClock8.xml
1 ms. Memory: 468992K Free: 277522K (59%)
----------------- Invoking toplevel() on ptolemy.moml.MoMLSimpleApplication@2cff293d
----------------- Done invoking toplevel() on ptolemy.moml.MoMLSimpleApplication@2cff293d
reloadAllAccessors: .DiscreteClock8

===========================================================================================
----------------- testing Thu Jun 25 14:56:26 UTC 2020 /home/travis/build/icyphy/ptII/ptolemy/actor/lib/test/auto/DiscreteClock9.xml
----------------- Instantiating /home/travis/build/icyphy/ptII/ptolemy/actor/lib/test/auto/DiscreteClock9.xml
3 ms. Memory: 468992K Free: 271378K (58%)
----------------- Invoking toplevel() on ptolemy.moml.MoMLSimpleApplication@4e731eb9
----------------- Done invoking toplevel() on ptolemy.moml.MoMLSimpleApplication@4e731eb9
reloadAllAccessors: .DiscreteClock9

===========================================================================================
----------------- testing Thu Jun 25 14:56:26 UTC 2020 /home/travis/build/icyphy/ptII/ptolemy/actor/lib/test/auto/DisplayArray.xml
----------------- Instantiating /home/travis/build/icyphy/ptII/ptolemy/actor/lib/test/auto/DisplayArray.xml
1 ms. Memory: 468992K Free: 268306K (57%)
----------------- Invoking toplevel() on ptolemy.moml.MoMLSimpleApplication@1646b65f
----------------- Done invoking toplevel() on ptolemy.moml.MoMLSimpleApplication@1646b65f
reloadAllAccessors: .DisplayArray

===========================================================================================
----------------- testing Thu Jun 25 14:56:26 UTC 2020 /home/travis/build/icyphy/ptII/ptolemy/actor/lib/test/auto/Distributor.xml
----------------- Instantiating /home/travis/build/icyphy/ptII/ptolemy/actor/lib/test/auto/Distributor.xml
2 ms. Memory: 468992K Free: 263186K (56%)
----------------- Invoking toplevel() on ptolemy.moml.MoMLSimpleApplication@29d110f1
----------------- Done invoking toplevel() on ptolemy.moml.MoMLSimpleApplication@29d110f1
reloadAllAccessors: .Distributor

===========================================================================================
----------------- testing Thu Jun 25 14:56:26 UTC 2020 /home/travis/build/icyphy/ptII/ptolemy/actor/lib/test/auto/Distributor2.xml
----------------- Instantiating /home/travis/build/icyphy/ptII/ptolemy/actor/lib/test/auto/Distributor2.xml
1 ms. Memory: 468992K Free: 258066K (55%)
----------------- Invoking toplevel() on ptolemy.moml.MoMLSimpleApplication@279a91e
----------------- Done invoking toplevel() on ptolemy.moml.MoMLSimpleApplication@279a91e
reloadAllAccessors: .Distributor2

===========================================================================================
----------------- testing Thu Jun 25 14:56:26 UTC 2020 /home/travis/build/icyphy/ptII/ptolemy/actor/lib/test/auto/DownSample.xml
----------------- Instantiating /home/travis/build/icyphy/ptII/ptolemy/actor/lib/test/auto/DownSample.xml
1 ms. Memory: 468992K Free: 253456K (54%)
----------------- Invoking toplevel() on ptolemy.moml.MoMLSimpleApplication@24d5b986
----------------- Done invoking toplevel() on ptolemy.moml.MoMLSimpleApplication@24d5b986
reloadAllAccessors: .DownSample

===========================================================================================
----------------- testing Thu Jun 25 14:56:26 UTC 2020 /home/travis/build/icyphy/ptII/ptolemy/actor/lib/test/auto/ElectronicUnitBase1.xml
----------------- Instantiating /home/travis/build/icyphy/ptII/ptolemy/actor/lib/test/auto/ElectronicUnitBase1.xml
18 ms. Memory: 468992K Free: 238096K (51%)
----------------- Invoking toplevel() on ptolemy.moml.MoMLSimpleApplication@5e5fab5d
----------------- Done invoking toplevel() on ptolemy.moml.MoMLSimpleApplication@5e5fab5d
reloadAllAccessors: .ElectronicUnitBase1

===========================================================================================
----------------- testing Thu Jun 25 14:56:27 UTC 2020 /home/travis/build/icyphy/ptII/ptolemy/actor/lib/test/auto/ElementsToArray.xml
----------------- Instantiating /home/travis/build/icyphy/ptII/ptolemy/actor/lib/test/auto/ElementsToArray.xml
2 ms. Memory: 468992K Free: 232976K (50%)
----------------- Invoking toplevel() on ptolemy.moml.MoMLSimpleApplication@186fc1b7
----------------- Done invoking toplevel() on ptolemy.moml.MoMLSimpleApplication@186fc1b7
reloadAllAccessors: .ElementsToArray

===========================================================================================
----------------- testing Thu Jun 25 14:56:27 UTC 2020 /home/travis/build/icyphy/ptII/ptolemy/actor/lib/test/auto/Equals.xml
----------------- Instantiating /home/travis/build/icyphy/ptII/ptolemy/actor/lib/test/auto/Equals.xml
3 ms. Memory: 468992K Free: 228370K (49%)
----------------- Invoking toplevel() on ptolemy.moml.MoMLSimpleApplication@17a23cc
----------------- Done invoking toplevel() on ptolemy.moml.MoMLSimpleApplication@17a23cc
reloadAllAccessors: .Equals

===========================================================================================
----------------- testing Thu Jun 25 14:56:27 UTC 2020 /home/travis/build/icyphy/ptII/ptolemy/actor/lib/test/auto/Exec.xml
----------------- Instantiating /home/travis/build/icyphy/ptII/ptolemy/actor/lib/test/auto/Exec.xml
16 ms. Memory: 468992K Free: 222736K (47%)
----------------- Invoking toplevel() on ptolemy.moml.MoMLSimpleApplication@12f2c64c
----------------- Done invoking toplevel() on ptolemy.moml.MoMLSimpleApplication@12f2c64c
reloadAllAccessors: .Exec

===========================================================================================
----------------- testing Thu Jun 25 14:56:27 UTC 2020 /home/travis/build/icyphy/ptII/ptolemy/actor/lib/test/auto/ExecEnvironment.xml
----------------- Instantiating /home/travis/build/icyphy/ptII/ptolemy/actor/lib/test/auto/ExecEnvironment.xml
24 ms. Memory: 468992K Free: 216592K (46%)
----------------- Invoking toplevel() on ptolemy.moml.MoMLSimpleApplication@7d5aaf63
----------------- Done invoking toplevel() on ptolemy.moml.MoMLSimpleApplication@7d5aaf63
reloadAllAccessors: .ExecEnvironment

===========================================================================================
----------------- testing Thu Jun 25 14:56:27 UTC 2020 /home/travis/build/icyphy/ptII/ptolemy/actor/lib/test/auto/ExecNonZeroReturnOutput.xml
----------------- Instantiating /home/travis/build/icyphy/ptII/ptolemy/actor/lib/test/auto/ExecNonZeroReturnOutput.xml
158 ms. Memory: 468992K Free: 205328K (44%)
----------------- Invoking toplevel() on ptolemy.moml.MoMLSimpleApplication@73987a6d
----------------- Done invoking toplevel() on ptolemy.moml.MoMLSimpleApplication@73987a6d
reloadAllAccessors: .ExecNonZeroReturnOutput

===========================================================================================
----------------- testing Thu Jun 25 14:56:27 UTC 2020 /home/travis/build/icyphy/ptII/ptolemy/actor/lib/test/auto/ExecRunDemos.xml
----------------- Instantiating /home/travis/build/icyphy/ptII/ptolemy/actor/lib/test/auto/ExecRunDemos.xml
Finished: 87 ms. Memory: 129024K Free: 111964K (87%)

Finished: 81 ms. Memory: 129024K Free: 109508K (85%)

Finished: 75 ms. Memory: 129024K Free: 109611K (85%)

Finished: 76 ms. Memory: 129024K Free: 111074K (86%)

Finished: 102 ms. Memory: 129024K Free: 112082K (87%)

10327 ms. Memory: 468992K Free: 184336K (39%)
----------------- Invoking toplevel() on ptolemy.moml.MoMLSimpleApplication@6e6c535
----------------- Done invoking toplevel() on ptolemy.moml.MoMLSimpleApplication@6e6c535
reloadAllAccessors: .ExecRunDemos

===========================================================================================
----------------- testing Thu Jun 25 14:56:37 UTC 2020 /home/travis/build/icyphy/ptII/ptolemy/actor/lib/test/auto/ExecStop.xml
----------------- Instantiating /home/travis/build/icyphy/ptII/ptolemy/actor/lib/test/auto/ExecStop.xml
5018 ms. Memory: 468992K Free: 328123K (70%)
----------------- Invoking toplevel() on ptolemy.moml.MoMLSimpleApplication@1ec6e618
----------------- Done invoking toplevel() on ptolemy.moml.MoMLSimpleApplication@1ec6e618
reloadAllAccessors: .ExecStop

===========================================================================================
----------------- testing Thu Jun 25 14:56:42 UTC 2020 /home/travis/build/icyphy/ptII/ptolemy/actor/lib/test/auto/ExecutionTimeSDF.xml
----------------- Instantiating /home/travis/build/icyphy/ptII/ptolemy/actor/lib/test/auto/ExecutionTimeSDF.xml
Fired ExecutionTime: -408967296
Fired ExecutionTime: 1342800000
Fired ExecutionTime: -314967296
6010 ms. Memory: 468992K Free: 315069K (67%)
----------------- Invoking toplevel() on ptolemy.moml.MoMLSimpleApplication@6c8cb430
----------------- Done invoking toplevel() on ptolemy.moml.MoMLSimpleApplication@6c8cb430
reloadAllAccessors: .ExecutionTimeSDF

===========================================================================================
----------------- testing Thu Jun 25 14:56:48 UTC 2020 /home/travis/build/icyphy/ptII/ptolemy/actor/lib/test/auto/Expression1.xml
----------------- Instantiating /home/travis/build/icyphy/ptII/ptolemy/actor/lib/test/auto/Expression1.xml
1 ms. Memory: 468992K Free: 310973K (66%)
----------------- Invoking toplevel() on ptolemy.moml.MoMLSimpleApplication@7fe42b5b
----------------- Done invoking toplevel() on ptolemy.moml.MoMLSimpleApplication@7fe42b5b
reloadAllAccessors: .Expression1

===========================================================================================
----------------- testing Thu Jun 25 14:56:48 UTC 2020 /home/travis/build/icyphy/ptII/ptolemy/actor/lib/test/auto/Expression10.xml
----------------- Instantiating /home/travis/build/icyphy/ptII/ptolemy/actor/lib/test/auto/Expression10.xml
7 ms. Memory: 468992K Free: 305853K (65%)
----------------- Invoking toplevel() on ptolemy.moml.MoMLSimpleApplication@54f1c0ff
----------------- Done invoking toplevel() on ptolemy.moml.MoMLSimpleApplication@54f1c0ff
reloadAllAccessors: .Expression10

===========================================================================================
----------------- testing Thu Jun 25 14:56:48 UTC 2020 /home/travis/build/icyphy/ptII/ptolemy/actor/lib/test/auto/Expression11.xml
----------------- Instantiating /home/travis/build/icyphy/ptII/ptolemy/actor/lib/test/auto/Expression11.xml
2 ms. Memory: 468992K Free: 301243K (64%)
----------------- Invoking toplevel() on ptolemy.moml.MoMLSimpleApplication@5a355c4d
----------------- Done invoking toplevel() on ptolemy.moml.MoMLSimpleApplication@5a355c4d
reloadAllAccessors: .Expression11

===========================================================================================
----------------- testing Thu Jun 25 14:56:48 UTC 2020 /home/travis/build/icyphy/ptII/ptolemy/actor/lib/test/auto/Expression12.xml
----------------- Instantiating /home/travis/build/icyphy/ptII/ptolemy/actor/lib/test/auto/Expression12.xml
2 ms. Memory: 468992K Free: 295613K (63%)
----------------- Invoking toplevel() on ptolemy.moml.MoMLSimpleApplication@59b04e03
----------------- Done invoking toplevel() on ptolemy.moml.MoMLSimpleApplication@59b04e03
reloadAllAccessors: .Expression12

===========================================================================================
----------------- testing Thu Jun 25 14:56:48 UTC 2020 /home/travis/build/icyphy/ptII/ptolemy/actor/lib/test/auto/Expression13.xml
----------------- Instantiating /home/travis/build/icyphy/ptII/ptolemy/actor/lib/test/auto/Expression13.xml
3 ms. Memory: 468992K Free: 290493K (62%)
----------------- Invoking toplevel() on ptolemy.moml.MoMLSimpleApplication@6eeaa8d3
----------------- Done invoking toplevel() on ptolemy.moml.MoMLSimpleApplication@6eeaa8d3
reloadAllAccessors: .Expression13

===========================================================================================
----------------- testing Thu Jun 25 14:56:48 UTC 2020 /home/travis/build/icyphy/ptII/ptolemy/actor/lib/test/auto/Expression14.xml
----------------- Instantiating /home/travis/build/icyphy/ptII/ptolemy/actor/lib/test/auto/Expression14.xml
7 ms. Memory: 468992K Free: 284349K (61%)
----------------- Invoking toplevel() on ptolemy.moml.MoMLSimpleApplication@7379ac39
----------------- Done invoking toplevel() on ptolemy.moml.MoMLSimpleApplication@7379ac39
reloadAllAccessors: .Expression14

===========================================================================================
----------------- testing Thu Jun 25 14:56:48 UTC 2020 /home/travis/build/icyphy/ptII/ptolemy/actor/lib/test/auto/Expression15.xml
----------------- Instantiating /home/travis/build/icyphy/ptII/ptolemy/actor/lib/test/auto/Expression15.xml
2 ms. Memory: 468992K Free: 280763K (60%)
----------------- Invoking toplevel() on ptolemy.moml.MoMLSimpleApplication@32567a35
----------------- Done invoking toplevel() on ptolemy.moml.MoMLSimpleApplication@32567a35
reloadAllAccessors: .Expression15

===========================================================================================
----------------- testing Thu Jun 25 14:56:48 UTC 2020 /home/travis/build/icyphy/ptII/ptolemy/actor/lib/test/auto/Expression16.xml
----------------- Instantiating /home/travis/build/icyphy/ptII/ptolemy/actor/lib/test/auto/Expression16.xml
3 ms. Memory: 468992K Free: 275643K (59%)
----------------- Invoking toplevel() on ptolemy.moml.MoMLSimpleApplication@2daa0ce1
----------------- Done invoking toplevel() on ptolemy.moml.MoMLSimpleApplication@2daa0ce1
reloadAllAccessors: .Expression16

===========================================================================================
----------------- testing Thu Jun 25 14:56:48 UTC 2020 /home/travis/build/icyphy/ptII/ptolemy/actor/lib/test/auto/Expression17.xml
----------------- Instantiating /home/travis/build/icyphy/ptII/ptolemy/actor/lib/test/auto/Expression17.xml
3 ms. Memory: 468992K Free: 270523K (58%)
----------------- Invoking toplevel() on ptolemy.moml.MoMLSimpleApplication@77d9c5ea
----------------- Done invoking toplevel() on ptolemy.moml.MoMLSimpleApplication@77d9c5ea
reloadAllAccessors: .Expression17

===========================================================================================
----------------- testing Thu Jun 25 14:56:48 UTC 2020 /home/travis/build/icyphy/ptII/ptolemy/actor/lib/test/auto/Expression18.xml
----------------- Instantiating /home/travis/build/icyphy/ptII/ptolemy/actor/lib/test/auto/Expression18.xml
2 ms. Memory: 468992K Free: 265403K (57%)
----------------- Invoking toplevel() on ptolemy.moml.MoMLSimpleApplication@68437359
----------------- Done invoking toplevel() on ptolemy.moml.MoMLSimpleApplication@68437359
reloadAllAccessors: .Expression18

===========================================================================================
----------------- testing Thu Jun 25 14:56:48 UTC 2020 /home/travis/build/icyphy/ptII/ptolemy/actor/lib/test/auto/Expression2.xml
----------------- Instantiating /home/travis/build/icyphy/ptII/ptolemy/actor/lib/test/auto/Expression2.xml
5 ms. Memory: 468992K Free: 260797K (56%)
----------------- Invoking toplevel() on ptolemy.moml.MoMLSimpleApplication@4715d2cd
----------------- Done invoking toplevel() on ptolemy.moml.MoMLSimpleApplication@4715d2cd
reloadAllAccessors: .Expression2

===========================================================================================
----------------- testing Thu Jun 25 14:56:48 UTC 2020 /home/travis/build/icyphy/ptII/ptolemy/actor/lib/test/auto/Expression3.xml
----------------- Instantiating /home/travis/build/icyphy/ptII/ptolemy/actor/lib/test/auto/Expression3.xml
6 ms. Memory: 468992K Free: 255677K (55%)
----------------- Invoking toplevel() on ptolemy.moml.MoMLSimpleApplication@7c1870ca
----------------- Done invoking toplevel() on ptolemy.moml.MoMLSimpleApplication@7c1870ca
reloadAllAccessors: .Expression3

===========================================================================================
----------------- testing Thu Jun 25 14:56:48 UTC 2020 /home/travis/build/icyphy/ptII/ptolemy/actor/lib/test/auto/Expression4.xml
----------------- Instantiating /home/travis/build/icyphy/ptII/ptolemy/actor/lib/test/auto/Expression4.xml
3 ms. Memory: 468992K Free: 247995K (53%)
----------------- Invoking toplevel() on ptolemy.moml.MoMLSimpleApplication@7c7fa1f0
----------------- Done invoking toplevel() on ptolemy.moml.MoMLSimpleApplication@7c7fa1f0
reloadAllAccessors: .Expression4

===========================================================================================
----------------- testing Thu Jun 25 14:56:49 UTC 2020 /home/travis/build/icyphy/ptII/ptolemy/actor/lib/test/auto/Expression5.xml
----------------- Instantiating /home/travis/build/icyphy/ptII/ptolemy/actor/lib/test/auto/Expression5.xml
5 ms. Memory: 468992K Free: 242875K (52%)
----------------- Invoking toplevel() on ptolemy.moml.MoMLSimpleApplication@23c503ff
----------------- Done invoking toplevel() on ptolemy.moml.MoMLSimpleApplication@23c503ff
reloadAllAccessors: .Expression5

===========================================================================================
----------------- testing Thu Jun 25 14:56:49 UTC 2020 /home/travis/build/icyphy/ptII/ptolemy/actor/lib/test/auto/Expression6.xml
----------------- Instantiating /home/travis/build/icyphy/ptII/ptolemy/actor/lib/test/auto/Expression6.xml
2 ms. Memory: 468992K Free: 238269K (51%)
----------------- Invoking toplevel() on ptolemy.moml.MoMLSimpleApplication@badcaa2
----------------- Done invoking toplevel() on ptolemy.moml.MoMLSimpleApplication@badcaa2
reloadAllAccessors: .Expression6

===========================================================================================
----------------- testing Thu Jun 25 14:56:49 UTC 2020 /home/travis/build/icyphy/ptII/ptolemy/actor/lib/test/auto/Expression7.xml
----------------- Instantiating /home/travis/build/icyphy/ptII/ptolemy/actor/lib/test/auto/Expression7.xml
2 ms. Memory: 468992K Free: 233149K (50%)
----------------- Invoking toplevel() on ptolemy.moml.MoMLSimpleApplication@466461bf
----------------- Done invoking toplevel() on ptolemy.moml.MoMLSimpleApplication@466461bf
reloadAllAccessors: .Expression7

===========================================================================================
----------------- testing Thu Jun 25 14:56:49 UTC 2020 /home/travis/build/icyphy/ptII/ptolemy/actor/lib/test/auto/Expression8.xml
----------------- Instantiating /home/travis/build/icyphy/ptII/ptolemy/actor/lib/test/auto/Expression8.xml
8 ms. Memory: 468992K Free: 228539K (49%)
----------------- Invoking toplevel() on ptolemy.moml.MoMLSimpleApplication@18799e89
----------------- Done invoking toplevel() on ptolemy.moml.MoMLSimpleApplication@18799e89
reloadAllAccessors: .Expression8

===========================================================================================
----------------- testing Thu Jun 25 14:56:49 UTC 2020 /home/travis/build/icyphy/ptII/ptolemy/actor/lib/test/auto/Expression9.xml
----------------- Instantiating /home/travis/build/icyphy/ptII/ptolemy/actor/lib/test/auto/Expression9.xml
1 ms. Memory: 468992K Free: 224443K (48%)
----------------- Invoking toplevel() on ptolemy.moml.MoMLSimpleApplication@27439803
----------------- Done invoking toplevel() on ptolemy.moml.MoMLSimpleApplication@27439803
reloadAllAccessors: .Expression9

===========================================================================================
----------------- testing Thu Jun 25 14:56:49 UTC 2020 /home/travis/build/icyphy/ptII/ptolemy/actor/lib/test/auto/ExpressionConcatenateArrayType.xml
----------------- Instantiating /home/travis/build/icyphy/ptII/ptolemy/actor/lib/test/auto/ExpressionConcatenateArrayType.xml
3 ms. Memory: 468992K Free: 217789K (46%)
----------------- Invoking toplevel() on ptolemy.moml.MoMLSimpleApplication@8ad8d9a
----------------- Done invoking toplevel() on ptolemy.moml.MoMLSimpleApplication@8ad8d9a
reloadAllAccessors: .ExpressionConcatenateArrayType

===========================================================================================
----------------- testing Thu Jun 25 14:56:49 UTC 2020 /home/travis/build/icyphy/ptII/ptolemy/actor/lib/test/auto/ExpressionConcatenateArrayType2.xml
----------------- Instantiating /home/travis/build/icyphy/ptII/ptolemy/actor/lib/test/auto/ExpressionConcatenateArrayType2.xml
2 ms. Memory: 468992K Free: 212155K (45%)
----------------- Invoking toplevel() on ptolemy.moml.MoMLSimpleApplication@3e99ee69
----------------- Done invoking toplevel() on ptolemy.moml.MoMLSimpleApplication@3e99ee69
reloadAllAccessors: .ExpressionConcatenateArrayType2

===========================================================================================
----------------- testing Thu Jun 25 14:56:49 UTC 2020 /home/travis/build/icyphy/ptII/ptolemy/actor/lib/test/auto/ExpressionFix.xml
----------------- Instantiating /home/travis/build/icyphy/ptII/ptolemy/actor/lib/test/auto/ExpressionFix.xml
10 ms. Memory: 468992K Free: 205501K (44%)
----------------- Invoking toplevel() on ptolemy.moml.MoMLSimpleApplication@75bdf588
----------------- Done invoking toplevel() on ptolemy.moml.MoMLSimpleApplication@75bdf588
reloadAllAccessors: .ExpressionFix

===========================================================================================
----------------- testing Thu Jun 25 14:56:49 UTC 2020 /home/travis/build/icyphy/ptII/ptolemy/actor/lib/test/auto/ExpressionFix2.xml
----------------- Instantiating /home/travis/build/icyphy/ptII/ptolemy/actor/lib/test/auto/ExpressionFix2.xml
7 ms. Memory: 468992K Free: 201915K (43%)
----------------- Invoking toplevel() on ptolemy.moml.MoMLSimpleApplication@b9d3abc
----------------- Done invoking toplevel() on ptolemy.moml.MoMLSimpleApplication@b9d3abc
reloadAllAccessors: .ExpressionFix2

===========================================================================================
----------------- testing Thu Jun 25 14:56:49 UTC 2020 /home/travis/build/icyphy/ptII/ptolemy/actor/lib/test/auto/ExpressionFix3.xml
----------------- Instantiating /home/travis/build/icyphy/ptII/ptolemy/actor/lib/test/auto/ExpressionFix3.xml
4 ms. Memory: 468992K Free: 197309K (42%)
----------------- Invoking toplevel() on ptolemy.moml.MoMLSimpleApplication@4e32da2d
----------------- Done invoking toplevel() on ptolemy.moml.MoMLSimpleApplication@4e32da2d
reloadAllAccessors: .ExpressionFix3

===========================================================================================
----------------- testing Thu Jun 25 14:56:49 UTC 2020 /home/travis/build/icyphy/ptII/ptolemy/actor/lib/test/auto/FileWriter1.xml
----------------- Instantiating /home/travis/build/icyphy/ptII/ptolemy/actor/lib/test/auto/FileWriter1.xml
4 ms. Memory: 468992K Free: 193213K (41%)
----------------- Invoking toplevel() on ptolemy.moml.MoMLSimpleApplication@40159d98
----------------- Done invoking toplevel() on ptolemy.moml.MoMLSimpleApplication@40159d98
reloadAllAccessors: .FileWriter1

===========================================================================================
----------------- testing Thu Jun 25 14:56:49 UTC 2020 /home/travis/build/icyphy/ptII/ptolemy/actor/lib/test/auto/FileWriter2.xml
----------------- Instantiating /home/travis/build/icyphy/ptII/ptolemy/actor/lib/test/auto/FileWriter2.xml
3 ms. Memory: 468992K Free: 188603K (40%)
----------------- Invoking toplevel() on ptolemy.moml.MoMLSimpleApplication@67bb7124
----------------- Done invoking toplevel() on ptolemy.moml.MoMLSimpleApplication@67bb7124
reloadAllAccessors: .FileWriter2

===========================================================================================
----------------- testing Thu Jun 25 14:56:49 UTC 2020 /home/travis/build/icyphy/ptII/ptolemy/actor/lib/test/auto/FileWriter3.xml
----------------- Instantiating /home/travis/build/icyphy/ptII/ptolemy/actor/lib/test/auto/FileWriter3.xml
4 ms. Memory: 468992K Free: 184507K (39%)
----------------- Invoking toplevel() on ptolemy.moml.MoMLSimpleApplication@1bfe4a5c
----------------- Done invoking toplevel() on ptolemy.moml.MoMLSimpleApplication@1bfe4a5c
reloadAllAccessors: .FileWriter3

===========================================================================================
----------------- testing Thu Jun 25 14:56:49 UTC 2020 /home/travis/build/icyphy/ptII/ptolemy/actor/lib/test/auto/Gaussian.xml
----------------- Instantiating /home/travis/build/icyphy/ptII/ptolemy/actor/lib/test/auto/Gaussian.xml
3 ms. Memory: 468992K Free: 179901K (38%)
----------------- Invoking toplevel() on ptolemy.moml.MoMLSimpleApplication@2fa779a3
----------------- Done invoking toplevel() on ptolemy.moml.MoMLSimpleApplication@2fa779a3
reloadAllAccessors: .Gaussian

===========================================================================================
----------------- testing Thu Jun 25 14:56:49 UTC 2020 /home/travis/build/icyphy/ptII/ptolemy/actor/lib/test/auto/Gaussian1.xml
----------------- Instantiating /home/travis/build/icyphy/ptII/ptolemy/actor/lib/test/auto/Gaussian1.xml
2 ms. Memory: 468992K Free: 175277K (37%)
----------------- Invoking toplevel() on ptolemy.moml.MoMLSimpleApplication@1478d4f3
----------------- Done invoking toplevel() on ptolemy.moml.MoMLSimpleApplication@1478d4f3
reloadAllAccessors: .Gaussian1

===========================================================================================
----------------- testing Thu Jun 25 14:56:49 UTC 2020 /home/travis/build/icyphy/ptII/ptolemy/actor/lib/test/auto/Gaussian2.xml
----------------- Instantiating /home/travis/build/icyphy/ptII/ptolemy/actor/lib/test/auto/Gaussian2.xml
10 ms. Memory: 468992K Free: 169661K (36%)
----------------- Invoking toplevel() on ptolemy.moml.MoMLSimpleApplication@2f23514d
----------------- Done invoking toplevel() on ptolemy.moml.MoMLSimpleApplication@2f23514d
reloadAllAccessors: .Gaussian2

===========================================================================================
----------------- testing Thu Jun 25 14:56:49 UTC 2020 /home/travis/build/icyphy/ptII/ptolemy/actor/lib/test/auto/GradientAdaptiveLattice.xml
----------------- Instantiating /home/travis/build/icyphy/ptII/ptolemy/actor/lib/test/auto/GradientAdaptiveLattice.xml
3 ms. Memory: 468992K Free: 164541K (35%)
----------------- Invoking toplevel() on ptolemy.moml.MoMLSimpleApplication@fdafaa0
----------------- Done invoking toplevel() on ptolemy.moml.MoMLSimpleApplication@fdafaa0
reloadAllAccessors: .GradientAdaptiveLattice

===========================================================================================
----------------- testing Thu Jun 25 14:56:49 UTC 2020 /home/travis/build/icyphy/ptII/ptolemy/actor/lib/test/auto/IIR.xml
----------------- Instantiating /home/travis/build/icyphy/ptII/ptolemy/actor/lib/test/auto/IIR.xml
1 ms. Memory: 468992K Free: 159931K (34%)
----------------- Invoking toplevel() on ptolemy.moml.MoMLSimpleApplication@1d942006
----------------- Done invoking toplevel() on ptolemy.moml.MoMLSimpleApplication@1d942006
reloadAllAccessors: .IIR

===========================================================================================
----------------- testing Thu Jun 25 14:56:49 UTC 2020 /home/travis/build/icyphy/ptII/ptolemy/actor/lib/test/auto/InputOutputTransparentPorts.xml
----------------- Instantiating /home/travis/build/icyphy/ptII/ptolemy/actor/lib/test/auto/InputOutputTransparentPorts.xml
3 ms. Memory: 468992K Free: 152763K (33%)
----------------- Invoking toplevel() on ptolemy.moml.MoMLSimpleApplication@10f11060
----------------- Done invoking toplevel() on ptolemy.moml.MoMLSimpleApplication@10f11060
reloadAllAccessors: .InputOutputTransparentPorts

===========================================================================================
----------------- testing Thu Jun 25 14:56:49 UTC 2020 /home/travis/build/icyphy/ptII/ptolemy/actor/lib/test/auto/Interpolator.xml
----------------- Instantiating /home/travis/build/icyphy/ptII/ptolemy/actor/lib/test/auto/Interpolator.xml
3 ms. Memory: 468992K Free: 148155K (32%)
----------------- Invoking toplevel() on ptolemy.moml.MoMLSimpleApplication@1f3154d
----------------- Done invoking toplevel() on ptolemy.moml.MoMLSimpleApplication@1f3154d
reloadAllAccessors: .Interpolator

===========================================================================================
----------------- testing Thu Jun 25 14:56:49 UTC 2020 /home/travis/build/icyphy/ptII/ptolemy/actor/lib/test/auto/InterpolatorFiringLimitDE.xml
----------------- Instantiating /home/travis/build/icyphy/ptII/ptolemy/actor/lib/test/auto/InterpolatorFiringLimitDE.xml
2 ms. Memory: 468992K Free: 142013K (30%)
----------------- Invoking toplevel() on ptolemy.moml.MoMLSimpleApplication@18d6268c
----------------- Done invoking toplevel() on ptolemy.moml.MoMLSimpleApplication@18d6268c
reloadAllAccessors: .InterpolatorFiringLimitDE

===========================================================================================
----------------- testing Thu Jun 25 14:56:49 UTC 2020 /home/travis/build/icyphy/ptII/ptolemy/actor/lib/test/auto/Lattice.xml
----------------- Instantiating /home/travis/build/icyphy/ptII/ptolemy/actor/lib/test/auto/Lattice.xml
1 ms. Memory: 468992K Free: 416153K (89%)
----------------- Invoking toplevel() on ptolemy.moml.MoMLSimpleApplication@2c895fb8
----------------- Done invoking toplevel() on ptolemy.moml.MoMLSimpleApplication@2c895fb8
reloadAllAccessors: .Lattice

===========================================================================================
----------------- testing Thu Jun 25 14:56:49 UTC 2020 /home/travis/build/icyphy/ptII/ptolemy/actor/lib/test/auto/LazyAOCTestLazy.xml
----------------- Instantiating /home/travis/build/icyphy/ptII/ptolemy/actor/lib/test/auto/LazyAOCTestLazy.xml
7 ms. Memory: 468992K Free: 410505K (88%)
----------------- Invoking toplevel() on ptolemy.moml.MoMLSimpleApplication@51977b68
----------------- Done invoking toplevel() on ptolemy.moml.MoMLSimpleApplication@51977b68
reloadAllAccessors: .LazyAOCTestLazy

===========================================================================================
----------------- testing Thu Jun 25 14:56:49 UTC 2020 /home/travis/build/icyphy/ptII/ptolemy/actor/lib/test/auto/LazyAOCTestNonLazy.xml
----------------- Instantiating /home/travis/build/icyphy/ptII/ptolemy/actor/lib/test/auto/LazyAOCTestNonLazy.xml
2 ms. Memory: 468992K Free: 403865K (86%)
----------------- Invoking toplevel() on ptolemy.moml.MoMLSimpleApplication@22179c06
----------------- Done invoking toplevel() on ptolemy.moml.MoMLSimpleApplication@22179c06
reloadAllAccessors: .LazyAOCTestNonLazy

===========================================================================================
----------------- testing Thu Jun 25 14:56:49 UTC 2020 /home/travis/build/icyphy/ptII/ptolemy/actor/lib/test/auto/LazyInnerClass.xml
----------------- Instantiating /home/travis/build/icyphy/ptII/ptolemy/actor/lib/test/auto/LazyInnerClass.xml
20 ms. Memory: 468992K Free: 395673K (84%)
----------------- Invoking toplevel() on ptolemy.moml.MoMLSimpleApplication@536f9429
----------------- Done invoking toplevel() on ptolemy.moml.MoMLSimpleApplication@536f9429
reloadAllAccessors: .LazyInnerClass

===========================================================================================
----------------- testing Thu Jun 25 14:56:49 UTC 2020 /home/travis/build/icyphy/ptII/ptolemy/actor/lib/test/auto/LazyPubSub.xml
----------------- Instantiating /home/travis/build/icyphy/ptII/ptolemy/actor/lib/test/auto/LazyPubSub.xml
26 ms. Memory: 468992K Free: 385433K (82%)
----------------- Invoking toplevel() on ptolemy.moml.MoMLSimpleApplication@870acf1
----------------- Done invoking toplevel() on ptolemy.moml.MoMLSimpleApplication@870acf1
reloadAllAccessors: .LazyPubSub

===========================================================================================
----------------- testing Thu Jun 25 14:56:49 UTC 2020 /home/travis/build/icyphy/ptII/ptolemy/actor/lib/test/auto/LazyPubSub2.xml
----------------- Instantiating /home/travis/build/icyphy/ptII/ptolemy/actor/lib/test/auto/LazyPubSub2.xml
18 ms. Memory: 468992K Free: 375703K (80%)
----------------- Invoking toplevel() on ptolemy.moml.MoMLSimpleApplication@5e3f4584
----------------- Done invoking toplevel() on ptolemy.moml.MoMLSimpleApplication@5e3f4584
reloadAllAccessors: .LazyPubSub2

===========================================================================================
----------------- testing Thu Jun 25 14:56:49 UTC 2020 /home/travis/build/icyphy/ptII/ptolemy/actor/lib/test/auto/LazyPubSub3.xml
----------------- Instantiating /home/travis/build/icyphy/ptII/ptolemy/actor/lib/test/auto/LazyPubSub3.xml
14 ms. Memory: 468992K Free: 365463K (78%)
----------------- Invoking toplevel() on ptolemy.moml.MoMLSimpleApplication@673f921c
----------------- Done invoking toplevel() on ptolemy.moml.MoMLSimpleApplication@673f921c
reloadAllAccessors: .LazyPubSub3

===========================================================================================
----------------- testing Thu Jun 25 14:56:49 UTC 2020 /home/travis/build/icyphy/ptII/ptolemy/actor/lib/test/auto/LazySubClassModel.xml
----------------- Instantiating /home/travis/build/icyphy/ptII/ptolemy/actor/lib/test/auto/LazySubClassModel.xml
1 ms. Memory: 468992K Free: 355737K (76%)
----------------- Invoking toplevel() on ptolemy.moml.MoMLSimpleApplication@65981912
----------------- Done invoking toplevel() on ptolemy.moml.MoMLSimpleApplication@65981912
reloadAllAccessors: .LazySubClassModel

===========================================================================================
----------------- testing Thu Jun 25 14:56:49 UTC 2020 /home/travis/build/icyphy/ptII/ptolemy/actor/lib/test/auto/LevelCrossTest1.xml
----------------- Instantiating /home/travis/build/icyphy/ptII/ptolemy/actor/lib/test/auto/LevelCrossTest1.xml
1 ms. Memory: 468992K Free: 350103K (75%)
----------------- Invoking toplevel() on ptolemy.moml.MoMLSimpleApplication@67579445
----------------- Done invoking toplevel() on ptolemy.moml.MoMLSimpleApplication@67579445
reloadAllAccessors: .broken

===========================================================================================
----------------- testing Thu Jun 25 14:56:49 UTC 2020 /home/travis/build/icyphy/ptII/ptolemy/actor/lib/test/auto/LevelCrossTest10.xml
----------------- Instantiating /home/travis/build/icyphy/ptII/ptolemy/actor/lib/test/auto/LevelCrossTest10.xml
1 ms. Memory: 468992K Free: 343449K (73%)
----------------- Invoking toplevel() on ptolemy.moml.MoMLSimpleApplication@760d7077
----------------- Done invoking toplevel() on ptolemy.moml.MoMLSimpleApplication@760d7077
reloadAllAccessors: .LevelCrossTest10

===========================================================================================
----------------- testing Thu Jun 25 14:56:49 UTC 2020 /home/travis/build/icyphy/ptII/ptolemy/actor/lib/test/auto/LevelCrossTest11.xml
----------------- Instantiating /home/travis/build/icyphy/ptII/ptolemy/actor/lib/test/auto/LevelCrossTest11.xml
1 ms. Memory: 468992K Free: 337305K (72%)
----------------- Invoking toplevel() on ptolemy.moml.MoMLSimpleApplication@11e4662c
----------------- Done invoking toplevel() on ptolemy.moml.MoMLSimpleApplication@11e4662c
reloadAllAccessors: .LevelCrossTest11

===========================================================================================
----------------- testing Thu Jun 25 14:56:49 UTC 2020 /home/travis/build/icyphy/ptII/ptolemy/actor/lib/test/auto/LevelCrossTest12.xml
----------------- Instantiating /home/travis/build/icyphy/ptII/ptolemy/actor/lib/test/auto/LevelCrossTest12.xml
1 ms. Memory: 468992K Free: 330647K (71%)
----------------- Invoking toplevel() on ptolemy.moml.MoMLSimpleApplication@7d7d50b7
----------------- Done invoking toplevel() on ptolemy.moml.MoMLSimpleApplication@7d7d50b7
reloadAllAccessors: .LevelCrossTest12

===========================================================================================
----------------- testing Thu Jun 25 14:56:49 UTC 2020 /home/travis/build/icyphy/ptII/ptolemy/actor/lib/test/auto/LevelCrossTest13.xml
----------------- Instantiating /home/travis/build/icyphy/ptII/ptolemy/actor/lib/test/auto/LevelCrossTest13.xml
1 ms. Memory: 468992K Free: 323993K (69%)
----------------- Invoking toplevel() on ptolemy.moml.MoMLSimpleApplication@250e36b1
----------------- Done invoking toplevel() on ptolemy.moml.MoMLSimpleApplication@250e36b1
reloadAllAccessors: .LevelCrossTest13

===========================================================================================
----------------- testing Thu Jun 25 14:56:49 UTC 2020 /home/travis/build/icyphy/ptII/ptolemy/actor/lib/test/auto/LevelCrossTest2.xml
----------------- Instantiating /home/travis/build/icyphy/ptII/ptolemy/actor/lib/test/auto/LevelCrossTest2.xml
1 ms. Memory: 468992K Free: 318359K (68%)
----------------- Invoking toplevel() on ptolemy.moml.MoMLSimpleApplication@5199aed8
----------------- Done invoking toplevel() on ptolemy.moml.MoMLSimpleApplication@5199aed8
reloadAllAccessors: .broken

===========================================================================================
----------------- testing Thu Jun 25 14:56:49 UTC 2020 /home/travis/build/icyphy/ptII/ptolemy/actor/lib/test/auto/LevelCrossTest3.xml
----------------- Instantiating /home/travis/build/icyphy/ptII/ptolemy/actor/lib/test/auto/LevelCrossTest3.xml
2 ms. Memory: 468992K Free: 312215K (67%)
----------------- Invoking toplevel() on ptolemy.moml.MoMLSimpleApplication@1cc89758
----------------- Done invoking toplevel() on ptolemy.moml.MoMLSimpleApplication@1cc89758
reloadAllAccessors: .LevelCrossTest3

===========================================================================================
----------------- testing Thu Jun 25 14:56:49 UTC 2020 /home/travis/build/icyphy/ptII/ptolemy/actor/lib/test/auto/LevelCrossTest4.xml
----------------- Instantiating /home/travis/build/icyphy/ptII/ptolemy/actor/lib/test/auto/LevelCrossTest4.xml
1 ms. Memory: 468992K Free: 306585K (65%)
----------------- Invoking toplevel() on ptolemy.moml.MoMLSimpleApplication@68305ba
----------------- Done invoking toplevel() on ptolemy.moml.MoMLSimpleApplication@68305ba
reloadAllAccessors: .broken

===========================================================================================
----------------- testing Thu Jun 25 14:56:49 UTC 2020 /home/travis/build/icyphy/ptII/ptolemy/actor/lib/test/auto/LevelCrossTest5.xml
----------------- Instantiating /home/travis/build/icyphy/ptII/ptolemy/actor/lib/test/auto/LevelCrossTest5.xml
4 ms. Memory: 468992K Free: 299417K (64%)
----------------- Invoking toplevel() on ptolemy.moml.MoMLSimpleApplication@5162e7d4
----------------- Done invoking toplevel() on ptolemy.moml.MoMLSimpleApplication@5162e7d4
reloadAllAccessors: .LevelCrossTest5

===========================================================================================
----------------- testing Thu Jun 25 14:56:49 UTC 2020 /home/travis/build/icyphy/ptII/ptolemy/actor/lib/test/auto/LevelCrossTest6.xml
----------------- Instantiating /home/travis/build/icyphy/ptII/ptolemy/actor/lib/test/auto/LevelCrossTest6.xml
1 ms. Memory: 468992K Free: 292759K (62%)
----------------- Invoking toplevel() on ptolemy.moml.MoMLSimpleApplication@6c558c9d
----------------- Done invoking toplevel() on ptolemy.moml.MoMLSimpleApplication@6c558c9d
reloadAllAccessors: .LevelCrossTest6

===========================================================================================
----------------- testing Thu Jun 25 14:56:49 UTC 2020 /home/travis/build/icyphy/ptII/ptolemy/actor/lib/test/auto/LevelCrossTest7.xml
----------------- Instantiating /home/travis/build/icyphy/ptII/ptolemy/actor/lib/test/auto/LevelCrossTest7.xml
1 ms. Memory: 468992K Free: 285081K (61%)
----------------- Invoking toplevel() on ptolemy.moml.MoMLSimpleApplication@4e42448b
----------------- Done invoking toplevel() on ptolemy.moml.MoMLSimpleApplication@4e42448b
reloadAllAccessors: .LevelCrossTest7

===========================================================================================
----------------- testing Thu Jun 25 14:56:49 UTC 2020 /home/travis/build/icyphy/ptII/ptolemy/actor/lib/test/auto/LevelCrossTest8.xml
----------------- Instantiating /home/travis/build/icyphy/ptII/ptolemy/actor/lib/test/auto/LevelCrossTest8.xml
1 ms. Memory: 468992K Free: 277913K (59%)
----------------- Invoking toplevel() on ptolemy.moml.MoMLSimpleApplication@45234dda
----------------- Done invoking toplevel() on ptolemy.moml.MoMLSimpleApplication@45234dda
reloadAllAccessors: .LevelCrossTest8

===========================================================================================
----------------- testing Thu Jun 25 14:56:49 UTC 2020 /home/travis/build/icyphy/ptII/ptolemy/actor/lib/test/auto/LevelCrossTest9.xml
----------------- Instantiating /home/travis/build/icyphy/ptII/ptolemy/actor/lib/test/auto/LevelCrossTest9.xml
10 ms. Memory: 468992K Free: 270745K (58%)
----------------- Invoking toplevel() on ptolemy.moml.MoMLSimpleApplication@1221ecac
----------------- Done invoking toplevel() on ptolemy.moml.MoMLSimpleApplication@1221ecac
reloadAllAccessors: .LevelCrossTest9

===========================================================================================
----------------- testing Thu Jun 25 14:56:49 UTC 2020 /home/travis/build/icyphy/ptII/ptolemy/actor/lib/test/auto/LevinsonDurbin.xml
----------------- Instantiating /home/travis/build/icyphy/ptII/ptolemy/actor/lib/test/auto/LevinsonDurbin.xml
1 ms. Memory: 468992K Free: 266649K (57%)
----------------- Invoking toplevel() on ptolemy.moml.MoMLSimpleApplication@2821b87d
----------------- Done invoking toplevel() on ptolemy.moml.MoMLSimpleApplication@2821b87d
reloadAllAccessors: .LevinsonDurbin

===========================================================================================
----------------- testing Thu Jun 25 14:56:49 UTC 2020 /home/travis/build/icyphy/ptII/ptolemy/actor/lib/test/auto/LevinsonDurbin2.xml
----------------- Instantiating /home/travis/build/icyphy/ptII/ptolemy/actor/lib/test/auto/LevinsonDurbin2.xml
3 ms. Memory: 468992K Free: 262553K (56%)
----------------- Invoking toplevel() on ptolemy.moml.MoMLSimpleApplication@4683a861
----------------- Done invoking toplevel() on ptolemy.moml.MoMLSimpleApplication@4683a861
reloadAllAccessors: .LevinsonDurbin2

===========================================================================================
----------------- testing Thu Jun 25 14:56:49 UTC 2020 /home/travis/build/icyphy/ptII/ptolemy/actor/lib/test/auto/LevinsonDurbin3.xml
----------------- Instantiating /home/travis/build/icyphy/ptII/ptolemy/actor/lib/test/auto/LevinsonDurbin3.xml
2 ms. Memory: 468992K Free: 258457K (55%)
----------------- Invoking toplevel() on ptolemy.moml.MoMLSimpleApplication@f88d0eb
----------------- Done invoking toplevel() on ptolemy.moml.MoMLSimpleApplication@f88d0eb
reloadAllAccessors: .LevinsonDurbin3

===========================================================================================
----------------- testing Thu Jun 25 14:56:50 UTC 2020 /home/travis/build/icyphy/ptII/ptolemy/actor/lib/test/auto/Limiter.xml
----------------- Instantiating /home/travis/build/icyphy/ptII/ptolemy/actor/lib/test/auto/Limiter.xml
9 ms. Memory: 468992K Free: 249241K (53%)
----------------- Invoking toplevel() on ptolemy.moml.MoMLSimpleApplication@4f7688b9
----------------- Done invoking toplevel() on ptolemy.moml.MoMLSimpleApplication@4f7688b9
reloadAllAccessors: .Limiter

===========================================================================================
----------------- testing Thu Jun 25 14:56:50 UTC 2020 /home/travis/build/icyphy/ptII/ptolemy/actor/lib/test/auto/LinearDifferenceEquationSystem.xml
----------------- Instantiating /home/travis/build/icyphy/ptII/ptolemy/actor/lib/test/auto/LinearDifferenceEquationSystem.xml
4 ms. Memory: 468992K Free: 241559K (52%)
----------------- Invoking toplevel() on ptolemy.moml.MoMLSimpleApplication@1bcff2b0
----------------- Done invoking toplevel() on ptolemy.moml.MoMLSimpleApplication@1bcff2b0
reloadAllAccessors: .LinearDifferenceEquationSystem

===========================================================================================
----------------- testing Thu Jun 25 14:56:50 UTC 2020 /home/travis/build/icyphy/ptII/ptolemy/actor/lib/test/auto/LookupTable.xml
----------------- Instantiating /home/travis/build/icyphy/ptII/ptolemy/actor/lib/test/auto/LookupTable.xml
2 ms. Memory: 468992K Free: 236953K (51%)
----------------- Invoking toplevel() on ptolemy.moml.MoMLSimpleApplication@741ad0e9
----------------- Done invoking toplevel() on ptolemy.moml.MoMLSimpleApplication@741ad0e9
reloadAllAccessors: .LookupTable

===========================================================================================
----------------- testing Thu Jun 25 14:56:50 UTC 2020 /home/travis/build/icyphy/ptII/ptolemy/actor/lib/test/auto/MathFunction.xml
----------------- Instantiating /home/travis/build/icyphy/ptII/ptolemy/actor/lib/test/auto/MathFunction.xml
2 ms. Memory: 468992K Free: 228761K (49%)
----------------- Invoking toplevel() on ptolemy.moml.MoMLSimpleApplication@10f97b48
----------------- Done invoking toplevel() on ptolemy.moml.MoMLSimpleApplication@10f97b48
reloadAllAccessors: .MathFunction

===========================================================================================
----------------- testing Thu Jun 25 14:56:50 UTC 2020 /home/travis/build/icyphy/ptII/ptolemy/actor/lib/test/auto/MathFunction2.xml
----------------- Instantiating /home/travis/build/icyphy/ptII/ptolemy/actor/lib/test/auto/MathFunction2.xml
4 ms. Memory: 468992K Free: 224665K (48%)
----------------- Invoking toplevel() on ptolemy.moml.MoMLSimpleApplication@6bc78b4f
----------------- Done invoking toplevel() on ptolemy.moml.MoMLSimpleApplication@6bc78b4f
reloadAllAccessors: .MathFunction2

===========================================================================================
----------------- testing Thu Jun 25 14:56:50 UTC 2020 /home/travis/build/icyphy/ptII/ptolemy/actor/lib/test/auto/MathFunction3.xml
----------------- Instantiating /home/travis/build/icyphy/ptII/ptolemy/actor/lib/test/auto/MathFunction3.xml
3 ms. Memory: 468992K Free: 217497K (46%)
----------------- Invoking toplevel() on ptolemy.moml.MoMLSimpleApplication@4ccd1d3c
----------------- Done invoking toplevel() on ptolemy.moml.MoMLSimpleApplication@4ccd1d3c
reloadAllAccessors: .MathFunction3

===========================================================================================
----------------- testing Thu Jun 25 14:56:50 UTC 2020 /home/travis/build/icyphy/ptII/ptolemy/actor/lib/test/auto/MatrixCropBoolean.xml
----------------- Instantiating /home/travis/build/icyphy/ptII/ptolemy/actor/lib/test/auto/MatrixCropBoolean.xml
1 ms. Memory: 468992K Free: 212377K (45%)
----------------- Invoking toplevel() on ptolemy.moml.MoMLSimpleApplication@2539f32e
----------------- Done invoking toplevel() on ptolemy.moml.MoMLSimpleApplication@2539f32e
reloadAllAccessors: .MatrixCropBoolean

===========================================================================================
----------------- testing Thu Jun 25 14:56:50 UTC 2020 /home/travis/build/icyphy/ptII/ptolemy/actor/lib/test/auto/MatrixCropComplex.xml
----------------- Instantiating /home/travis/build/icyphy/ptII/ptolemy/actor/lib/test/auto/MatrixCropComplex.xml
1 ms. Memory: 468992K Free: 207257K (44%)
----------------- Invoking toplevel() on ptolemy.moml.MoMLSimpleApplication@2d44aad1
----------------- Done invoking toplevel() on ptolemy.moml.MoMLSimpleApplication@2d44aad1
reloadAllAccessors: .MatrixCropComplex

===========================================================================================
----------------- testing Thu Jun 25 14:56:50 UTC 2020 /home/travis/build/icyphy/ptII/ptolemy/actor/lib/test/auto/MatrixCropDouble.xml
----------------- Instantiating /home/travis/build/icyphy/ptII/ptolemy/actor/lib/test/auto/MatrixCropDouble.xml
2 ms. Memory: 468992K Free: 202641K (43%)
----------------- Invoking toplevel() on ptolemy.moml.MoMLSimpleApplication@7c2163fa
----------------- Done invoking toplevel() on ptolemy.moml.MoMLSimpleApplication@7c2163fa
reloadAllAccessors: .MatrixCropDouble

===========================================================================================
----------------- testing Thu Jun 25 14:56:50 UTC 2020 /home/travis/build/icyphy/ptII/ptolemy/actor/lib/test/auto/MatrixCropFix.xml
----------------- Instantiating /home/travis/build/icyphy/ptII/ptolemy/actor/lib/test/auto/MatrixCropFix.xml
2 ms. Memory: 468992K Free: 197521K (42%)
----------------- Invoking toplevel() on ptolemy.moml.MoMLSimpleApplication@8d69c66
----------------- Done invoking toplevel() on ptolemy.moml.MoMLSimpleApplication@8d69c66
reloadAllAccessors: .MatrixCropFix

===========================================================================================
----------------- testing Thu Jun 25 14:56:50 UTC 2020 /home/travis/build/icyphy/ptII/ptolemy/actor/lib/test/auto/MatrixCropInt.xml
----------------- Instantiating /home/travis/build/icyphy/ptII/ptolemy/actor/lib/test/auto/MatrixCropInt.xml
2 ms. Memory: 468992K Free: 192377K (41%)
----------------- Invoking toplevel() on ptolemy.moml.MoMLSimpleApplication@7708d5bd
----------------- Done invoking toplevel() on ptolemy.moml.MoMLSimpleApplication@7708d5bd
reloadAllAccessors: .MatrixCropInt

===========================================================================================
----------------- testing Thu Jun 25 14:56:50 UTC 2020 /home/travis/build/icyphy/ptII/ptolemy/actor/lib/test/auto/MatrixCropLong.xml
----------------- Instantiating /home/travis/build/icyphy/ptII/ptolemy/actor/lib/test/auto/MatrixCropLong.xml
1 ms. Memory: 468992K Free: 187801K (40%)
----------------- Invoking toplevel() on ptolemy.moml.MoMLSimpleApplication@6d5b021f
----------------- Done invoking toplevel() on ptolemy.moml.MoMLSimpleApplication@6d5b021f
reloadAllAccessors: .MatrixCropLong

===========================================================================================
----------------- testing Thu Jun 25 14:56:50 UTC 2020 /home/travis/build/icyphy/ptII/ptolemy/actor/lib/test/auto/MatrixToArray.xml
----------------- Instantiating /home/travis/build/icyphy/ptII/ptolemy/actor/lib/test/auto/MatrixToArray.xml
15 ms. Memory: 468992K Free: 172441K (37%)
----------------- Invoking toplevel() on ptolemy.moml.MoMLSimpleApplication@358abb51
----------------- Done invoking toplevel() on ptolemy.moml.MoMLSimpleApplication@358abb51
reloadAllAccessors: .MatrixToArray

===========================================================================================
----------------- testing Thu Jun 25 14:56:50 UTC 2020 /home/travis/build/icyphy/ptII/ptolemy/actor/lib/test/auto/MaxIndex.xml
----------------- Instantiating /home/travis/build/icyphy/ptII/ptolemy/actor/lib/test/auto/MaxIndex.xml
2 ms. Memory: 468992K Free: 167321K (36%)
----------------- Invoking toplevel() on ptolemy.moml.MoMLSimpleApplication@3a0a5b60
----------------- Done invoking toplevel() on ptolemy.moml.MoMLSimpleApplication@3a0a5b60
reloadAllAccessors: .MaxIndex

===========================================================================================
----------------- testing Thu Jun 25 14:56:50 UTC 2020 /home/travis/build/icyphy/ptII/ptolemy/actor/lib/test/auto/Maximum.xml
----------------- Instantiating /home/travis/build/icyphy/ptII/ptolemy/actor/lib/test/auto/Maximum.xml
3 ms. Memory: 468992K Free: 161177K (34%)
----------------- Invoking toplevel() on ptolemy.moml.MoMLSimpleApplication@3bd2e6e4
----------------- Done invoking toplevel() on ptolemy.moml.MoMLSimpleApplication@3bd2e6e4
reloadAllAccessors: .Maximum

===========================================================================================
----------------- testing Thu Jun 25 14:56:50 UTC 2020 /home/travis/build/icyphy/ptII/ptolemy/actor/lib/test/auto/MaximumComplex.xml
----------------- Instantiating /home/travis/build/icyphy/ptII/ptolemy/actor/lib/test/auto/MaximumComplex.xml
4 ms. Memory: 468992K Free: 155033K (33%)
----------------- Invoking toplevel() on ptolemy.moml.MoMLSimpleApplication@d7d7afe
----------------- Done invoking toplevel() on ptolemy.moml.MoMLSimpleApplication@d7d7afe
reloadAllAccessors: .MaximumComplex

===========================================================================================
----------------- testing Thu Jun 25 14:56:50 UTC 2020 /home/travis/build/icyphy/ptII/ptolemy/actor/lib/test/auto/MethodCallTest.xml
----------------- Instantiating /home/travis/build/icyphy/ptII/ptolemy/actor/lib/test/auto/MethodCallTest.xml
3 ms. Memory: 468992K Free: 148375K (32%)
----------------- Invoking toplevel() on ptolemy.moml.MoMLSimpleApplication@c3b947e
----------------- Done invoking toplevel() on ptolemy.moml.MoMLSimpleApplication@c3b947e
reloadAllAccessors: .MethodCallTest

===========================================================================================
----------------- testing Thu Jun 25 14:56:50 UTC 2020 /home/travis/build/icyphy/ptII/ptolemy/actor/lib/test/auto/Minimum.xml
----------------- Instantiating /home/travis/build/icyphy/ptII/ptolemy/actor/lib/test/auto/Minimum.xml
3 ms. Memory: 468992K Free: 141721K (30%)
----------------- Invoking toplevel() on ptolemy.moml.MoMLSimpleApplication@59c43f1b
----------------- Done invoking toplevel() on ptolemy.moml.MoMLSimpleApplication@59c43f1b
reloadAllAccessors: .Minimum

===========================================================================================
----------------- testing Thu Jun 25 14:56:50 UTC 2020 /home/travis/build/icyphy/ptII/ptolemy/actor/lib/test/auto/MinimumComplex.xml
----------------- Instantiating /home/travis/build/icyphy/ptII/ptolemy/actor/lib/test/auto/MinimumComplex.xml
2 ms. Memory: 468992K Free: 414093K (88%)
----------------- Invoking toplevel() on ptolemy.moml.MoMLSimpleApplication@74c65795
----------------- Done invoking toplevel() on ptolemy.moml.MoMLSimpleApplication@74c65795
reloadAllAccessors: .MinimumComplex

===========================================================================================
----------------- testing Thu Jun 25 14:56:50 UTC 2020 /home/travis/build/icyphy/ptII/ptolemy/actor/lib/test/auto/MinimumMultiports.xml
----------------- Instantiating /home/travis/build/icyphy/ptII/ptolemy/actor/lib/test/auto/MinimumMultiports.xml
3 ms. Memory: 468992K Free: 405387K (86%)
----------------- Invoking toplevel() on ptolemy.moml.MoMLSimpleApplication@f62c6ad
----------------- Done invoking toplevel() on ptolemy.moml.MoMLSimpleApplication@f62c6ad
reloadAllAccessors: .MinimumMultiports

===========================================================================================
----------------- testing Thu Jun 25 14:56:50 UTC 2020 /home/travis/build/icyphy/ptII/ptolemy/actor/lib/test/auto/ModifyDate.xml
----------------- Instantiating /home/travis/build/icyphy/ptII/ptolemy/actor/lib/test/auto/ModifyDate.xml
9 ms. Memory: 468992K Free: 392589K (84%)
----------------- Invoking toplevel() on ptolemy.moml.MoMLSimpleApplication@63f542ea
----------------- Done invoking toplevel() on ptolemy.moml.MoMLSimpleApplication@63f542ea
reloadAllAccessors: .ModifyDate

===========================================================================================
----------------- testing Thu Jun 25 14:56:50 UTC 2020 /home/travis/build/icyphy/ptII/ptolemy/actor/lib/test/auto/ModifyDate2.xml
----------------- Instantiating /home/travis/build/icyphy/ptII/ptolemy/actor/lib/test/auto/ModifyDate2.xml
6 ms. Memory: 468992K Free: 383883K (82%)
----------------- Invoking toplevel() on ptolemy.moml.MoMLSimpleApplication@663c8bda
----------------- Done invoking toplevel() on ptolemy.moml.MoMLSimpleApplication@663c8bda
reloadAllAccessors: .ModifyDate2

===========================================================================================
----------------- testing Thu Jun 25 14:56:50 UTC 2020 /home/travis/build/icyphy/ptII/ptolemy/actor/lib/test/auto/MovingAverage.xml
----------------- Instantiating /home/travis/build/icyphy/ptII/ptolemy/actor/lib/test/auto/MovingAverage.xml
2 ms. Memory: 468992K Free: 378763K (81%)
----------------- Invoking toplevel() on ptolemy.moml.MoMLSimpleApplication@6108a2a1
----------------- Done invoking toplevel() on ptolemy.moml.MoMLSimpleApplication@6108a2a1
reloadAllAccessors: .MovingAverage

===========================================================================================
----------------- testing Thu Jun 25 14:56:50 UTC 2020 /home/travis/build/icyphy/ptII/ptolemy/actor/lib/test/auto/MovingMaximum.xml
----------------- Instantiating /home/travis/build/icyphy/ptII/ptolemy/actor/lib/test/auto/MovingMaximum.xml
1 ms. Memory: 468992K Free: 374157K (80%)
----------------- Invoking toplevel() on ptolemy.moml.MoMLSimpleApplication@8f73e10
----------------- Done invoking toplevel() on ptolemy.moml.MoMLSimpleApplication@8f73e10
reloadAllAccessors: .MovingMaximum

===========================================================================================
----------------- testing Thu Jun 25 14:56:50 UTC 2020 /home/travis/build/icyphy/ptII/ptolemy/actor/lib/test/auto/MultipleLinksToSameRelation.xml
----------------- Instantiating /home/travis/build/icyphy/ptII/ptolemy/actor/lib/test/auto/MultipleLinksToSameRelation.xml
9 ms. Memory: 468992K Free: 370061K (79%)
----------------- Invoking toplevel() on ptolemy.moml.MoMLSimpleApplication@60aaa7d2
----------------- Done invoking toplevel() on ptolemy.moml.MoMLSimpleApplication@60aaa7d2
reloadAllAccessors: .MultipleLinksToSameRelation

===========================================================================================
----------------- testing Thu Jun 25 14:56:50 UTC 2020 /home/travis/build/icyphy/ptII/ptolemy/actor/lib/test/auto/MultipleLinksToSameRelationDE.xml
----------------- Instantiating /home/travis/build/icyphy/ptII/ptolemy/actor/lib/test/auto/MultipleLinksToSameRelationDE.xml
2 ms. Memory: 468992K Free: 365436K (78%)
----------------- Invoking toplevel() on ptolemy.moml.MoMLSimpleApplication@213bf0d7
----------------- Done invoking toplevel() on ptolemy.moml.MoMLSimpleApplication@213bf0d7
reloadAllAccessors: .MultipleLinksToSameRelationDE

===========================================================================================
----------------- testing Thu Jun 25 14:56:50 UTC 2020 /home/travis/build/icyphy/ptII/ptolemy/actor/lib/test/auto/Multiplexor.xml
----------------- Instantiating /home/travis/build/icyphy/ptII/ptolemy/actor/lib/test/auto/Multiplexor.xml
2 ms. Memory: 468992K Free: 359821K (77%)
----------------- Invoking toplevel() on ptolemy.moml.MoMLSimpleApplication@1988fb8a
----------------- Done invoking toplevel() on ptolemy.moml.MoMLSimpleApplication@1988fb8a
reloadAllAccessors: .Multiplexor

===========================================================================================
----------------- testing Thu Jun 25 14:56:50 UTC 2020 /home/travis/build/icyphy/ptII/ptolemy/actor/lib/test/auto/Multiplexor1.xml
----------------- Instantiating /home/travis/build/icyphy/ptII/ptolemy/actor/lib/test/auto/Multiplexor1.xml
2 ms. Memory: 468992K Free: 354156K (76%)
----------------- Invoking toplevel() on ptolemy.moml.MoMLSimpleApplication@162f1d66
----------------- Done invoking toplevel() on ptolemy.moml.MoMLSimpleApplication@162f1d66
reloadAllAccessors: .Multiplexor1

===========================================================================================
----------------- testing Thu Jun 25 14:56:50 UTC 2020 /home/travis/build/icyphy/ptII/ptolemy/actor/lib/test/auto/Multiplexor2.xml
----------------- Instantiating /home/travis/build/icyphy/ptII/ptolemy/actor/lib/test/auto/Multiplexor2.xml
4 ms. Memory: 468992K Free: 347533K (74%)
----------------- Invoking toplevel() on ptolemy.moml.MoMLSimpleApplication@370ae4e9
----------------- Done invoking toplevel() on ptolemy.moml.MoMLSimpleApplication@370ae4e9
reloadAllAccessors: .Multiplexor2

===========================================================================================
----------------- testing Thu Jun 25 14:56:50 UTC 2020 /home/travis/build/icyphy/ptII/ptolemy/actor/lib/test/auto/Multiplexor3.xml
----------------- Instantiating /home/travis/build/icyphy/ptII/ptolemy/actor/lib/test/auto/Multiplexor3.xml
1 ms. Memory: 468992K Free: 343437K (73%)
----------------- Invoking toplevel() on ptolemy.moml.MoMLSimpleApplication@1371486e
----------------- Done invoking toplevel() on ptolemy.moml.MoMLSimpleApplication@1371486e
reloadAllAccessors: .Multiplexor3

===========================================================================================
----------------- testing Thu Jun 25 14:56:50 UTC 2020 /home/travis/build/icyphy/ptII/ptolemy/actor/lib/test/auto/MultiplexorDE.xml
----------------- Instantiating /home/travis/build/icyphy/ptII/ptolemy/actor/lib/test/auto/MultiplexorDE.xml
3 ms. Memory: 468992K Free: 335724K (72%)
----------------- Invoking toplevel() on ptolemy.moml.MoMLSimpleApplication@15008a37
----------------- Done invoking toplevel() on ptolemy.moml.MoMLSimpleApplication@15008a37
reloadAllAccessors: .MultiplexorDE

===========================================================================================
----------------- testing Thu Jun 25 14:56:50 UTC 2020 /home/travis/build/icyphy/ptII/ptolemy/actor/lib/test/auto/MultiportBroadcastTest.xml
----------------- Instantiating /home/travis/build/icyphy/ptII/ptolemy/actor/lib/test/auto/MultiportBroadcastTest.xml
70 ms. Memory: 468992K Free: 329101K (70%)
----------------- Invoking toplevel() on ptolemy.moml.MoMLSimpleApplication@6fefac70
----------------- Done invoking toplevel() on ptolemy.moml.MoMLSimpleApplication@6fefac70
reloadAllAccessors: .MultiportBroadcastTest

===========================================================================================
----------------- testing Thu Jun 25 14:56:50 UTC 2020 /home/travis/build/icyphy/ptII/ptolemy/actor/lib/test/auto/MultiportOutHangDuringGetWidth.xml
----------------- Instantiating /home/travis/build/icyphy/ptII/ptolemy/actor/lib/test/auto/MultiportOutHangDuringGetWidth.xml
5 ms. Memory: 468992K Free: 317308K (68%)
----------------- Invoking toplevel() on ptolemy.moml.MoMLSimpleApplication@7d90bb07
----------------- Done invoking toplevel() on ptolemy.moml.MoMLSimpleApplication@7d90bb07
reloadAllAccessors: .MultiportOutHangDuringGetWidth

===========================================================================================
----------------- testing Thu Jun 25 14:56:50 UTC 2020 /home/travis/build/icyphy/ptII/ptolemy/actor/lib/test/auto/NilToken.xml
----------------- Instantiating /home/travis/build/icyphy/ptII/ptolemy/actor/lib/test/auto/NilToken.xml
2 ms. Memory: 468992K Free: 313227K (67%)
----------------- Invoking toplevel() on ptolemy.moml.MoMLSimpleApplication@61093bac
----------------- Done invoking toplevel() on ptolemy.moml.MoMLSimpleApplication@61093bac
reloadAllAccessors: .NilToken

===========================================================================================
----------------- testing Thu Jun 25 14:56:50 UTC 2020 /home/travis/build/icyphy/ptII/ptolemy/actor/lib/test/auto/NilTokenNonStrictTest.xml
----------------- Instantiating /home/travis/build/icyphy/ptII/ptolemy/actor/lib/test/auto/NilTokenNonStrictTest.xml
1 ms. Memory: 468992K Free: 308107K (66%)
----------------- Invoking toplevel() on ptolemy.moml.MoMLSimpleApplication@2091c69e
----------------- Done invoking toplevel() on ptolemy.moml.MoMLSimpleApplication@2091c69e
reloadAllAccessors: .NilTokenNonStrictTest

===========================================================================================
----------------- testing Thu Jun 25 14:56:50 UTC 2020 /home/travis/build/icyphy/ptII/ptolemy/actor/lib/test/auto/NilTokenRecord.xml
----------------- Instantiating /home/travis/build/icyphy/ptII/ptolemy/actor/lib/test/auto/NilTokenRecord.xml
5 ms. Memory: 468992K Free: 301453K (64%)
----------------- Invoking toplevel() on ptolemy.moml.MoMLSimpleApplication@32917258
----------------- Done invoking toplevel() on ptolemy.moml.MoMLSimpleApplication@32917258
reloadAllAccessors: .NilTokenRecord

===========================================================================================
----------------- testing Thu Jun 25 14:56:50 UTC 2020 /home/travis/build/icyphy/ptII/ptolemy/actor/lib/test/auto/NilTokenTypeTest.xml
----------------- Instantiating /home/travis/build/icyphy/ptII/ptolemy/actor/lib/test/auto/NilTokenTypeTest.xml
10 ms. Memory: 468992K Free: 291723K (62%)
----------------- Invoking toplevel() on ptolemy.moml.MoMLSimpleApplication@5c1a3952
----------------- Done invoking toplevel() on ptolemy.moml.MoMLSimpleApplication@5c1a3952
reloadAllAccessors: .NilTokenTypeTest

===========================================================================================
----------------- testing Thu Jun 25 14:56:50 UTC 2020 /home/travis/build/icyphy/ptII/ptolemy/actor/lib/test/auto/ObjectToken1.xml
----------------- Instantiating /home/travis/build/icyphy/ptII/ptolemy/actor/lib/test/auto/ObjectToken1.xml
3 ms. Memory: 468992K Free: 287627K (61%)
----------------- Invoking toplevel() on ptolemy.moml.MoMLSimpleApplication@7a1a82a2
----------------- Done invoking toplevel() on ptolemy.moml.MoMLSimpleApplication@7a1a82a2
reloadAllAccessors: .ObjectToken1

===========================================================================================
----------------- testing Thu Jun 25 14:56:50 UTC 2020 /home/travis/build/icyphy/ptII/ptolemy/actor/lib/test/auto/OrderedMerge.xml
----------------- Instantiating /home/travis/build/icyphy/ptII/ptolemy/actor/lib/test/auto/OrderedMerge.xml
9 ms. Memory: 468992K Free: 281997K (60%)
----------------- Invoking toplevel() on ptolemy.moml.MoMLSimpleApplication@4361615c
----------------- Done invoking toplevel() on ptolemy.moml.MoMLSimpleApplication@4361615c
reloadAllAccessors: .OrderedMerge

===========================================================================================
----------------- testing Thu Jun 25 14:56:50 UTC 2020 /home/travis/build/icyphy/ptII/ptolemy/actor/lib/test/auto/OrderedRecordDisassembler.xml
----------------- Instantiating /home/travis/build/icyphy/ptII/ptolemy/actor/lib/test/auto/OrderedRecordDisassembler.xml
3 ms. Memory: 468992K Free: 276877K (59%)
----------------- Invoking toplevel() on ptolemy.moml.MoMLSimpleApplication@7a030dee
----------------- Done invoking toplevel() on ptolemy.moml.MoMLSimpleApplication@7a030dee
reloadAllAccessors: .OrderedRecordDisassembler

===========================================================================================
----------------- testing Thu Jun 25 14:56:50 UTC 2020 /home/travis/build/icyphy/ptII/ptolemy/actor/lib/test/auto/OrderedRecordDisassembler2.xml
----------------- Instantiating /home/travis/build/icyphy/ptII/ptolemy/actor/lib/test/auto/OrderedRecordDisassembler2.xml
4 ms. Memory: 468992K Free: 269180K (57%)
----------------- Invoking toplevel() on ptolemy.moml.MoMLSimpleApplication@7bb91152
----------------- Done invoking toplevel() on ptolemy.moml.MoMLSimpleApplication@7bb91152
reloadAllAccessors: .OrderedRecordDisassembler2

===========================================================================================
----------------- testing Thu Jun 25 14:56:50 UTC 2020 /home/travis/build/icyphy/ptII/ptolemy/actor/lib/test/auto/OrderedRecordUpdater.xml
----------------- Instantiating /home/travis/build/icyphy/ptII/ptolemy/actor/lib/test/auto/OrderedRecordUpdater.xml
2 ms. Memory: 468992K Free: 264075K (56%)
----------------- Invoking toplevel() on ptolemy.moml.MoMLSimpleApplication@318424a4
----------------- Done invoking toplevel() on ptolemy.moml.MoMLSimpleApplication@318424a4
reloadAllAccessors: .RecordUpdater

===========================================================================================
----------------- testing Thu Jun 25 14:56:50 UTC 2020 /home/travis/build/icyphy/ptII/ptolemy/actor/lib/test/auto/OrderedRecordUpdater2.xml
----------------- Instantiating /home/travis/build/icyphy/ptII/ptolemy/actor/lib/test/auto/OrderedRecordUpdater2.xml
3 ms. Memory: 468992K Free: 258955K (55%)
----------------- Invoking toplevel() on ptolemy.moml.MoMLSimpleApplication@54fbb8c3
----------------- Done invoking toplevel() on ptolemy.moml.MoMLSimpleApplication@54fbb8c3
reloadAllAccessors: .RecordUpdater2

===========================================================================================
----------------- testing Thu Jun 25 14:56:51 UTC 2020 /home/travis/build/icyphy/ptII/ptolemy/actor/lib/test/auto/PhaseUnwrap.xml
----------------- Instantiating /home/travis/build/icyphy/ptII/ptolemy/actor/lib/test/auto/PhaseUnwrap.xml
2 ms. Memory: 468992K Free: 254349K (54%)
----------------- Invoking toplevel() on ptolemy.moml.MoMLSimpleApplication@611296ba
----------------- Done invoking toplevel() on ptolemy.moml.MoMLSimpleApplication@611296ba
reloadAllAccessors: .PhaseUnwrap

===========================================================================================
----------------- testing Thu Jun 25 14:56:51 UTC 2020 /home/travis/build/icyphy/ptII/ptolemy/actor/lib/test/auto/PoissonClock.xml
----------------- Instantiating /home/travis/build/icyphy/ptII/ptolemy/actor/lib/test/auto/PoissonClock.xml
2 ms. Memory: 468992K Free: 250253K (53%)
----------------- Invoking toplevel() on ptolemy.moml.MoMLSimpleApplication@98e68f1
----------------- Done invoking toplevel() on ptolemy.moml.MoMLSimpleApplication@98e68f1
reloadAllAccessors: .PoissonClock

===========================================================================================
----------------- testing Thu Jun 25 14:56:51 UTC 2020 /home/travis/build/icyphy/ptII/ptolemy/actor/lib/test/auto/PoissonClock2.xml
----------------- Instantiating /home/travis/build/icyphy/ptII/ptolemy/actor/lib/test/auto/PoissonClock2.xml
1 ms. Memory: 468992K Free: 245643K (52%)
----------------- Invoking toplevel() on ptolemy.moml.MoMLSimpleApplication@3b7fc0e5
----------------- Done invoking toplevel() on ptolemy.moml.MoMLSimpleApplication@3b7fc0e5
reloadAllAccessors: .PoissonClock2

===========================================================================================
----------------- testing Thu Jun 25 14:56:51 UTC 2020 /home/travis/build/icyphy/ptII/ptolemy/actor/lib/test/auto/PoissonClock3.xml
----------------- Instantiating /home/travis/build/icyphy/ptII/ptolemy/actor/lib/test/auto/PoissonClock3.xml
1 ms. Memory: 468992K Free: 241037K (51%)
----------------- Invoking toplevel() on ptolemy.moml.MoMLSimpleApplication@1198d7be
----------------- Done invoking toplevel() on ptolemy.moml.MoMLSimpleApplication@1198d7be
reloadAllAccessors: .PoissonClock3

===========================================================================================
----------------- testing Thu Jun 25 14:56:51 UTC 2020 /home/travis/build/icyphy/ptII/ptolemy/actor/lib/test/auto/PubSubWithInitialTokens.xml
----------------- Instantiating /home/travis/build/icyphy/ptII/ptolemy/actor/lib/test/auto/PubSubWithInitialTokens.xml
1 ms. Memory: 468992K Free: 235388K (50%)
----------------- Invoking toplevel() on ptolemy.moml.MoMLSimpleApplication@65f328ba
----------------- Done invoking toplevel() on ptolemy.moml.MoMLSimpleApplication@65f328ba
reloadAllAccessors: .PubSubWithInitialTokens

===========================================================================================
----------------- testing Thu Jun 25 14:56:51 UTC 2020 /home/travis/build/icyphy/ptII/ptolemy/actor/lib/test/auto/PubSubWithInitialTokens2.xml
----------------- Instantiating /home/travis/build/icyphy/ptII/ptolemy/actor/lib/test/auto/PubSubWithInitialTokens2.xml
2 ms. Memory: 468992K Free: 229252K (49%)
----------------- Invoking toplevel() on ptolemy.moml.MoMLSimpleApplication@5d128891
----------------- Done invoking toplevel() on ptolemy.moml.MoMLSimpleApplication@5d128891
reloadAllAccessors: .PubSubWithInitialTokens2

===========================================================================================
----------------- testing Thu Jun 25 14:56:51 UTC 2020 /home/travis/build/icyphy/ptII/ptolemy/actor/lib/test/auto/PublisherClassNoParameter.xml
----------------- Instantiating /home/travis/build/icyphy/ptII/ptolemy/actor/lib/test/auto/PublisherClassNoParameter.xml
2 ms. Memory: 468992K Free: 219533K (47%)
----------------- Invoking toplevel() on ptolemy.moml.MoMLSimpleApplication@54206b12
----------------- Done invoking toplevel() on ptolemy.moml.MoMLSimpleApplication@54206b12
reloadAllAccessors: .PublisherClassNoParameter

===========================================================================================
----------------- testing Thu Jun 25 14:56:51 UTC 2020 /home/travis/build/icyphy/ptII/ptolemy/actor/lib/test/auto/PublisherClassParameter.xml
----------------- Instantiating /home/travis/build/icyphy/ptII/ptolemy/actor/lib/test/auto/PublisherClassParameter.xml
2 ms. Memory: 468992K Free: 208779K (45%)
----------------- Invoking toplevel() on ptolemy.moml.MoMLSimpleApplication@aaa866a
----------------- Done invoking toplevel() on ptolemy.moml.MoMLSimpleApplication@aaa866a
reloadAllAccessors: .PublisherClassParameter

===========================================================================================
----------------- testing Thu Jun 25 14:56:51 UTC 2020 /home/travis/build/icyphy/ptII/ptolemy/actor/lib/test/auto/PublisherNonStrictTest.xml
----------------- Instantiating /home/travis/build/icyphy/ptII/ptolemy/actor/lib/test/auto/PublisherNonStrictTest.xml
2 ms. Memory: 468992K Free: 201101K (43%)
----------------- Invoking toplevel() on ptolemy.moml.MoMLSimpleApplication@5254b714
----------------- Done invoking toplevel() on ptolemy.moml.MoMLSimpleApplication@5254b714
reloadAllAccessors: .PublisherNonStrictTest

===========================================================================================
----------------- testing Thu Jun 25 14:56:51 UTC 2020 /home/travis/build/icyphy/ptII/ptolemy/actor/lib/test/auto/PublisherPort1.xml
----------------- Instantiating /home/travis/build/icyphy/ptII/ptolemy/actor/lib/test/auto/PublisherPort1.xml
13 ms. Memory: 468992K Free: 195452K (42%)
----------------- Invoking toplevel() on ptolemy.moml.MoMLSimpleApplication@159b7c9
----------------- Done invoking toplevel() on ptolemy.moml.MoMLSimpleApplication@159b7c9
reloadAllAccessors: .PublisherPort1

===========================================================================================
----------------- testing Thu Jun 25 14:56:51 UTC 2020 /home/travis/build/icyphy/ptII/ptolemy/actor/lib/test/auto/PublisherPort2.xml
----------------- Instantiating /home/travis/build/icyphy/ptII/ptolemy/actor/lib/test/auto/PublisherPort2.xml
1 ms. Memory: 468992K Free: 190347K (41%)
----------------- Invoking toplevel() on ptolemy.moml.MoMLSimpleApplication@4e654b2f
----------------- Done invoking toplevel() on ptolemy.moml.MoMLSimpleApplication@4e654b2f
reloadAllAccessors: .PublisherPort2

===========================================================================================
----------------- testing Thu Jun 25 14:56:51 UTC 2020 /home/travis/build/icyphy/ptII/ptolemy/actor/lib/test/auto/PublisherPort3.xml
----------------- Instantiating /home/travis/build/icyphy/ptII/ptolemy/actor/lib/test/auto/PublisherPort3.xml
2 ms. Memory: 468992K Free: 183693K (39%)
----------------- Invoking toplevel() on ptolemy.moml.MoMLSimpleApplication@2058f06e
----------------- Done invoking toplevel() on ptolemy.moml.MoMLSimpleApplication@2058f06e
reloadAllAccessors: .PublisherPort3

===========================================================================================
----------------- testing Thu Jun 25 14:56:51 UTC 2020 /home/travis/build/icyphy/ptII/ptolemy/actor/lib/test/auto/PublisherPort4.xml
----------------- Instantiating /home/travis/build/icyphy/ptII/ptolemy/actor/lib/test/auto/PublisherPort4.xml
4 ms. Memory: 468992K Free: 178044K (38%)
----------------- Invoking toplevel() on ptolemy.moml.MoMLSimpleApplication@9d75677
----------------- Done invoking toplevel() on ptolemy.moml.MoMLSimpleApplication@9d75677
reloadAllAccessors: .PublisherPort4

===========================================================================================
----------------- testing Thu Jun 25 14:56:51 UTC 2020 /home/travis/build/icyphy/ptII/ptolemy/actor/lib/test/auto/PublisherPort5.xml
----------------- Instantiating /home/travis/build/icyphy/ptII/ptolemy/actor/lib/test/auto/PublisherPort5.xml
8 ms. Memory: 468992K Free: 170381K (36%)
----------------- Invoking toplevel() on ptolemy.moml.MoMLSimpleApplication@1fb573d0
----------------- Done invoking toplevel() on ptolemy.moml.MoMLSimpleApplication@1fb573d0
reloadAllAccessors: .PublisherPort5

===========================================================================================
----------------- testing Thu Jun 25 14:56:51 UTC 2020 /home/travis/build/icyphy/ptII/ptolemy/actor/lib/test/auto/PublisherPort5LookAlike.xml
----------------- Instantiating /home/travis/build/icyphy/ptII/ptolemy/actor/lib/test/auto/PublisherPort5LookAlike.xml
8 ms. Memory: 468992K Free: 162699K (35%)
----------------- Invoking toplevel() on ptolemy.moml.MoMLSimpleApplication@6efe3bc0
----------------- Done invoking toplevel() on ptolemy.moml.MoMLSimpleApplication@6efe3bc0
reloadAllAccessors: .PublisherPort5LookAlike

===========================================================================================
----------------- testing Thu Jun 25 14:56:51 UTC 2020 /home/travis/build/icyphy/ptII/ptolemy/actor/lib/test/auto/PublisherPort6.xml
----------------- Instantiating /home/travis/build/icyphy/ptII/ptolemy/actor/lib/test/auto/PublisherPort6.xml
2 ms. Memory: 468992K Free: 156045K (33%)
----------------- Invoking toplevel() on ptolemy.moml.MoMLSimpleApplication@6ad42158
----------------- Done invoking toplevel() on ptolemy.moml.MoMLSimpleApplication@6ad42158
reloadAllAccessors: .PublisherPort6

===========================================================================================
----------------- testing Thu Jun 25 14:56:51 UTC 2020 /home/travis/build/icyphy/ptII/ptolemy/actor/lib/test/auto/PublisherPort7.xml
----------------- Instantiating /home/travis/build/icyphy/ptII/ptolemy/actor/lib/test/auto/PublisherPort7.xml
3 ms. Memory: 468992K Free: 148363K (32%)
----------------- Invoking toplevel() on ptolemy.moml.MoMLSimpleApplication@1b84690c
----------------- Done invoking toplevel() on ptolemy.moml.MoMLSimpleApplication@1b84690c
reloadAllAccessors: .PublisherPort7

===========================================================================================
----------------- testing Thu Jun 25 14:56:51 UTC 2020 /home/travis/build/icyphy/ptII/ptolemy/actor/lib/test/auto/PublisherPort8.xml
----------------- Instantiating /home/travis/build/icyphy/ptII/ptolemy/actor/lib/test/auto/PublisherPort8.xml
9 ms. Memory: 468992K Free: 417865K (89%)
----------------- Invoking toplevel() on ptolemy.moml.MoMLSimpleApplication@171a2e7e
----------------- Done invoking toplevel() on ptolemy.moml.MoMLSimpleApplication@171a2e7e
reloadAllAccessors: .PublisherPort8

===========================================================================================
----------------- testing Thu Jun 25 14:56:51 UTC 2020 /home/travis/build/icyphy/ptII/ptolemy/actor/lib/test/auto/PublisherPortSubscriberChannelVariablesAOC2.xml
----------------- Instantiating /home/travis/build/icyphy/ptII/ptolemy/actor/lib/test/auto/PublisherPortSubscriberChannelVariablesAOC2.xml
3 ms. Memory: 468992K Free: 399943K (85%)
----------------- Invoking toplevel() on ptolemy.moml.MoMLSimpleApplication@25ecbea7
----------------- Done invoking toplevel() on ptolemy.moml.MoMLSimpleApplication@25ecbea7
reloadAllAccessors: .PublisherPortSubscriberChannelVariablesAOC2

===========================================================================================
----------------- testing Thu Jun 25 14:56:51 UTC 2020 /home/travis/build/icyphy/ptII/ptolemy/actor/lib/test/auto/PublisherPortSubscriberOpaqueWidthInference.xml
----------------- Instantiating /home/travis/build/icyphy/ptII/ptolemy/actor/lib/test/auto/PublisherPortSubscriberOpaqueWidthInference.xml
3 ms. Memory: 468992K Free: 391737K (84%)
----------------- Invoking toplevel() on ptolemy.moml.MoMLSimpleApplication@3bcbcd0f
----------------- Done invoking toplevel() on ptolemy.moml.MoMLSimpleApplication@3bcbcd0f
reloadAllAccessors: .PublisherPortSubscriberOpaqueWidthInference

===========================================================================================
----------------- testing Thu Jun 25 14:56:51 UTC 2020 /home/travis/build/icyphy/ptII/ptolemy/actor/lib/test/auto/PublisherPortSubscriberPortAdjacent.xml
----------------- Instantiating /home/travis/build/icyphy/ptII/ptolemy/actor/lib/test/auto/PublisherPortSubscriberPortAdjacent.xml
2 ms. Memory: 468992K Free: 383559K (82%)
----------------- Invoking toplevel() on ptolemy.moml.MoMLSimpleApplication@581c7c53
----------------- Done invoking toplevel() on ptolemy.moml.MoMLSimpleApplication@581c7c53
reloadAllAccessors: .PublisherPortSubscriberPortAdjacent

===========================================================================================
----------------- testing Thu Jun 25 14:56:51 UTC 2020 /home/travis/build/icyphy/ptII/ptolemy/actor/lib/test/auto/PublisherPortSubscriberPortExpression.xml
----------------- Instantiating /home/travis/build/icyphy/ptII/ptolemy/actor/lib/test/auto/PublisherPortSubscriberPortExpression.xml
3 ms. Memory: 468992K Free: 375353K (80%)
----------------- Invoking toplevel() on ptolemy.moml.MoMLSimpleApplication@20b687ed
----------------- Done invoking toplevel() on ptolemy.moml.MoMLSimpleApplication@20b687ed
reloadAllAccessors: .PublisherPortSubscriberPortExpression

===========================================================================================
----------------- testing Thu Jun 25 14:56:51 UTC 2020 /home/travis/build/icyphy/ptII/ptolemy/actor/lib/test/auto/PublisherPortSubscriberPortOpaqueD3Reverse.xml
----------------- Instantiating /home/travis/build/icyphy/ptII/ptolemy/actor/lib/test/auto/PublisherPortSubscriberPortOpaqueD3Reverse.xml
6 ms. Memory: 468992K Free: 365127K (78%)
----------------- Invoking toplevel() on ptolemy.moml.MoMLSimpleApplication@218ff140
----------------- Done invoking toplevel() on ptolemy.moml.MoMLSimpleApplication@218ff140
reloadAllAccessors: .PublisherPortSubscriberPortOpaqueD3Reverse

===========================================================================================
----------------- testing Thu Jun 25 14:56:51 UTC 2020 /home/travis/build/icyphy/ptII/ptolemy/actor/lib/test/auto/PublisherPortSubscriberPortOpaqueWidthInference.xml
----------------- Instantiating /home/travis/build/icyphy/ptII/ptolemy/actor/lib/test/auto/PublisherPortSubscriberPortOpaqueWidthInference.xml
2 ms. Memory: 468992K Free: 357449K (76%)
----------------- Invoking toplevel() on ptolemy.moml.MoMLSimpleApplication@7257266b
----------------- Done invoking toplevel() on ptolemy.moml.MoMLSimpleApplication@7257266b
reloadAllAccessors: .PublisherPortSubscriberPortOpaqueWidthInference

===========================================================================================
----------------- testing Thu Jun 25 14:56:51 UTC 2020 /home/travis/build/icyphy/ptII/ptolemy/actor/lib/test/auto/PublisherPortToplevelSubscriberPortAOC.xml
----------------- Instantiating /home/travis/build/icyphy/ptII/ptolemy/actor/lib/test/auto/PublisherPortToplevelSubscriberPortAOC.xml
.PublisherPortToplevelSubscriberPortAOC.TestExceptionAttribute: initialize() was not invoked, but wrapup() was.  This is unusual, but not always a problem.  For example, exporting JNLP will do this.
1 ms. Memory: 468992K Free: 351815K (75%)
----------------- Invoking toplevel() on ptolemy.moml.MoMLSimpleApplication@6896319a
----------------- Done invoking toplevel() on ptolemy.moml.MoMLSimpleApplication@6896319a
reloadAllAccessors: .PublisherPortToplevelSubscriberPortAOC

===========================================================================================
----------------- testing Thu Jun 25 14:56:51 UTC 2020 /home/travis/build/icyphy/ptII/ptolemy/actor/lib/test/auto/PublisherSubscriber.xml
----------------- Instantiating /home/travis/build/icyphy/ptII/ptolemy/actor/lib/test/auto/PublisherSubscriber.xml
5 ms. Memory: 468992K Free: 344137K (73%)
----------------- Invoking toplevel() on ptolemy.moml.MoMLSimpleApplication@119681d8
----------------- Done invoking toplevel() on ptolemy.moml.MoMLSimpleApplication@119681d8
reloadAllAccessors: .PublisherSubscriber

===========================================================================================
----------------- testing Thu Jun 25 14:56:51 UTC 2020 /home/travis/build/icyphy/ptII/ptolemy/actor/lib/test/auto/PublisherSubscriber10.xml
----------------- Instantiating /home/travis/build/icyphy/ptII/ptolemy/actor/lib/test/auto/PublisherSubscriber10.xml
6 ms. Memory: 468992K Free: 334407K (71%)
----------------- Invoking toplevel() on ptolemy.moml.MoMLSimpleApplication@7d605aa3
----------------- Done invoking toplevel() on ptolemy.moml.MoMLSimpleApplication@7d605aa3
reloadAllAccessors: .PublisherSubscriber10

===========================================================================================
----------------- testing Thu Jun 25 14:56:51 UTC 2020 /home/travis/build/icyphy/ptII/ptolemy/actor/lib/test/auto/PublisherSubscriber10InitialOutputs.xml
----------------- Instantiating /home/travis/build/icyphy/ptII/ptolemy/actor/lib/test/auto/PublisherSubscriber10InitialOutputs.xml
15 ms. Memory: 468992K Free: 325191K (69%)
----------------- Invoking toplevel() on ptolemy.moml.MoMLSimpleApplication@4c11abf7
----------------- Done invoking toplevel() on ptolemy.moml.MoMLSimpleApplication@4c11abf7
reloadAllAccessors: .PublisherSubscriber10InitialOutputs

===========================================================================================
----------------- testing Thu Jun 25 14:56:51 UTC 2020 /home/travis/build/icyphy/ptII/ptolemy/actor/lib/test/auto/PublisherSubscriber11.xml
----------------- Instantiating /home/travis/build/icyphy/ptII/ptolemy/actor/lib/test/auto/PublisherSubscriber11.xml
3 ms. Memory: 468992K Free: 318537K (68%)
----------------- Invoking toplevel() on ptolemy.moml.MoMLSimpleApplication@40034f6f
----------------- Done invoking toplevel() on ptolemy.moml.MoMLSimpleApplication@40034f6f
reloadAllAccessors: .PublisherSubscriber11

===========================================================================================
----------------- testing Thu Jun 25 14:56:51 UTC 2020 /home/travis/build/icyphy/ptII/ptolemy/actor/lib/test/auto/PublisherSubscriber12.xml
----------------- Instantiating /home/travis/build/icyphy/ptII/ptolemy/actor/lib/test/auto/PublisherSubscriber12.xml
3 ms. Memory: 468992K Free: 311369K (66%)
----------------- Invoking toplevel() on ptolemy.moml.MoMLSimpleApplication@5cea80c3
----------------- Done invoking toplevel() on ptolemy.moml.MoMLSimpleApplication@5cea80c3
reloadAllAccessors: .PublisherSubscriber12

===========================================================================================
----------------- testing Thu Jun 25 14:56:51 UTC 2020 /home/travis/build/icyphy/ptII/ptolemy/actor/lib/test/auto/PublisherSubscriber13.xml
----------------- Instantiating /home/travis/build/icyphy/ptII/ptolemy/actor/lib/test/auto/PublisherSubscriber13.xml
2 ms. Memory: 468992K Free: 305705K (65%)
----------------- Invoking toplevel() on ptolemy.moml.MoMLSimpleApplication@71fa2455
----------------- Done invoking toplevel() on ptolemy.moml.MoMLSimpleApplication@71fa2455
reloadAllAccessors: .PublisherSubscriber13

===========================================================================================
----------------- testing Thu Jun 25 14:56:51 UTC 2020 /home/travis/build/icyphy/ptII/ptolemy/actor/lib/test/auto/PublisherSubscriber14.xml
----------------- Instantiating /home/travis/build/icyphy/ptII/ptolemy/actor/lib/test/auto/PublisherSubscriber14.xml
2 ms. Memory: 468992K Free: 297033K (63%)
----------------- Invoking toplevel() on ptolemy.moml.MoMLSimpleApplication@6b37f6da
----------------- Done invoking toplevel() on ptolemy.moml.MoMLSimpleApplication@6b37f6da
reloadAllAccessors: .PublisherSubscriber14

===========================================================================================
----------------- testing Thu Jun 25 14:56:51 UTC 2020 /home/travis/build/icyphy/ptII/ptolemy/actor/lib/test/auto/PublisherSubscriber2.xml
----------------- Instantiating /home/travis/build/icyphy/ptII/ptolemy/actor/lib/test/auto/PublisherSubscriber2.xml
3 ms. Memory: 468992K Free: 291385K (62%)
----------------- Invoking toplevel() on ptolemy.moml.MoMLSimpleApplication@7dfee49f
----------------- Done invoking toplevel() on ptolemy.moml.MoMLSimpleApplication@7dfee49f
reloadAllAccessors: .PublisherSubscriber2

===========================================================================================
----------------- testing Thu Jun 25 14:56:51 UTC 2020 /home/travis/build/icyphy/ptII/ptolemy/actor/lib/test/auto/PublisherSubscriber3.xml
----------------- Instantiating /home/travis/build/icyphy/ptII/ptolemy/actor/lib/test/auto/PublisherSubscriber3.xml
2 ms. Memory: 468992K Free: 285769K (61%)
----------------- Invoking toplevel() on ptolemy.moml.MoMLSimpleApplication@4a90cf82
----------------- Done invoking toplevel() on ptolemy.moml.MoMLSimpleApplication@4a90cf82
reloadAllAccessors: .PublisherSubscriber3

===========================================================================================
----------------- testing Thu Jun 25 14:56:51 UTC 2020 /home/travis/build/icyphy/ptII/ptolemy/actor/lib/test/auto/PublisherSubscriber4.xml
----------------- Instantiating /home/travis/build/icyphy/ptII/ptolemy/actor/lib/test/auto/PublisherSubscriber4.xml
2 ms. Memory: 468992K Free: 280649K (60%)
----------------- Invoking toplevel() on ptolemy.moml.MoMLSimpleApplication@6a4d4dbd
----------------- Done invoking toplevel() on ptolemy.moml.MoMLSimpleApplication@6a4d4dbd
reloadAllAccessors: .PublisherSubscriber4

===========================================================================================
----------------- testing Thu Jun 25 14:56:51 UTC 2020 /home/travis/build/icyphy/ptII/ptolemy/actor/lib/test/auto/PublisherSubscriber5.xml
----------------- Instantiating /home/travis/build/icyphy/ptII/ptolemy/actor/lib/test/auto/PublisherSubscriber5.xml
2 ms. Memory: 468992K Free: 273481K (58%)
----------------- Invoking toplevel() on ptolemy.moml.MoMLSimpleApplication@1f43d3c
----------------- Done invoking toplevel() on ptolemy.moml.MoMLSimpleApplication@1f43d3c
reloadAllAccessors: .PublisherSubscriber5

===========================================================================================
----------------- testing Thu Jun 25 14:56:51 UTC 2020 /home/travis/build/icyphy/ptII/ptolemy/actor/lib/test/auto/PublisherSubscriber6.xml
----------------- Instantiating /home/travis/build/icyphy/ptII/ptolemy/actor/lib/test/auto/PublisherSubscriber6.xml
3 ms. Memory: 468992K Free: 266823K (57%)
----------------- Invoking toplevel() on ptolemy.moml.MoMLSimpleApplication@2640e5fd
----------------- Done invoking toplevel() on ptolemy.moml.MoMLSimpleApplication@2640e5fd
reloadAllAccessors: .PublisherSubscriber6

===========================================================================================
----------------- testing Thu Jun 25 14:56:51 UTC 2020 /home/travis/build/icyphy/ptII/ptolemy/actor/lib/test/auto/PublisherSubscriber7.xml
----------------- Instantiating /home/travis/build/icyphy/ptII/ptolemy/actor/lib/test/auto/PublisherSubscriber7.xml
6 ms. Memory: 468992K Free: 259655K (55%)
----------------- Invoking toplevel() on ptolemy.moml.MoMLSimpleApplication@68573ce3
----------------- Done invoking toplevel() on ptolemy.moml.MoMLSimpleApplication@68573ce3
reloadAllAccessors: .PublisherSubscriber7

===========================================================================================
----------------- testing Thu Jun 25 14:56:51 UTC 2020 /home/travis/build/icyphy/ptII/ptolemy/actor/lib/test/auto/PublisherSubscriber8.xml
----------------- Instantiating /home/travis/build/icyphy/ptII/ptolemy/actor/lib/test/auto/PublisherSubscriber8.xml
18 ms. Memory: 468992K Free: 247881K (53%)
----------------- Invoking toplevel() on ptolemy.moml.MoMLSimpleApplication@7d9f9804
----------------- Done invoking toplevel() on ptolemy.moml.MoMLSimpleApplication@7d9f9804
reloadAllAccessors: .PublisherSubscriber8

===========================================================================================
----------------- testing Thu Jun 25 14:56:51 UTC 2020 /home/travis/build/icyphy/ptII/ptolemy/actor/lib/test/auto/PublisherSubscriber9.xml
----------------- Instantiating /home/travis/build/icyphy/ptII/ptolemy/actor/lib/test/auto/PublisherSubscriber9.xml
2 ms. Memory: 468992K Free: 240713K (51%)
----------------- Invoking toplevel() on ptolemy.moml.MoMLSimpleApplication@5284e106
----------------- Done invoking toplevel() on ptolemy.moml.MoMLSimpleApplication@5284e106
reloadAllAccessors: .PublisherSubscriber9

===========================================================================================
----------------- testing Thu Jun 25 14:56:51 UTC 2020 /home/travis/build/icyphy/ptII/ptolemy/actor/lib/test/auto/PublisherSubscriberAdjacent.xml
----------------- Instantiating /home/travis/build/icyphy/ptII/ptolemy/actor/lib/test/auto/PublisherSubscriberAdjacent.xml
2 ms. Memory: 468992K Free: 232521K (50%)
----------------- Invoking toplevel() on ptolemy.moml.MoMLSimpleApplication@10827b79
----------------- Done invoking toplevel() on ptolemy.moml.MoMLSimpleApplication@10827b79
reloadAllAccessors: .PublisherSubscriberAdjacent

===========================================================================================
----------------- testing Thu Jun 25 14:56:51 UTC 2020 /home/travis/build/icyphy/ptII/ptolemy/actor/lib/test/auto/PublisherSubscriberChannelVariablesAOC2.xml
----------------- Instantiating /home/travis/build/icyphy/ptII/ptolemy/actor/lib/test/auto/PublisherSubscriberChannelVariablesAOC2.xml
3 ms. Memory: 468992K Free: 217657K (46%)
----------------- Invoking toplevel() on ptolemy.moml.MoMLSimpleApplication@306b73e0
----------------- Done invoking toplevel() on ptolemy.moml.MoMLSimpleApplication@306b73e0
reloadAllAccessors: .PublisherSubscriberChannelVariablesAOC2

===========================================================================================
----------------- testing Thu Jun 25 14:56:51 UTC 2020 /home/travis/build/icyphy/ptII/ptolemy/actor/lib/test/auto/PublisherSubscriberD3.xml
----------------- Instantiating /home/travis/build/icyphy/ptII/ptolemy/actor/lib/test/auto/PublisherSubscriberD3.xml
1 ms. Memory: 468992K Free: 209993K (45%)
----------------- Invoking toplevel() on ptolemy.moml.MoMLSimpleApplication@386a7e88
----------------- Done invoking toplevel() on ptolemy.moml.MoMLSimpleApplication@386a7e88
reloadAllAccessors: .PublisherSubscriberD3

===========================================================================================
----------------- testing Thu Jun 25 14:56:51 UTC 2020 /home/travis/build/icyphy/ptII/ptolemy/actor/lib/test/auto/PublisherSubscriberD3Reverse.xml
----------------- Instantiating /home/travis/build/icyphy/ptII/ptolemy/actor/lib/test/auto/PublisherSubscriberD3Reverse.xml
1 ms. Memory: 468992K Free: 203849K (43%)
----------------- Invoking toplevel() on ptolemy.moml.MoMLSimpleApplication@78736500
----------------- Done invoking toplevel() on ptolemy.moml.MoMLSimpleApplication@78736500
reloadAllAccessors: .PublisherSubscriberD3Reverse

===========================================================================================
----------------- testing Thu Jun 25 14:56:51 UTC 2020 /home/travis/build/icyphy/ptII/ptolemy/actor/lib/test/auto/PublisherSubscriberExpression.xml
----------------- Instantiating /home/travis/build/icyphy/ptII/ptolemy/actor/lib/test/auto/PublisherSubscriberExpression.xml
3 ms. Memory: 468992K Free: 195113K (42%)
----------------- Invoking toplevel() on ptolemy.moml.MoMLSimpleApplication@562042fa
----------------- Done invoking toplevel() on ptolemy.moml.MoMLSimpleApplication@562042fa
reloadAllAccessors: .PublisherSubscriberExpression

===========================================================================================
----------------- testing Thu Jun 25 14:56:51 UTC 2020 /home/travis/build/icyphy/ptII/ptolemy/actor/lib/test/auto/PublisherSubscriberOpaque.xml
----------------- Instantiating /home/travis/build/icyphy/ptII/ptolemy/actor/lib/test/auto/PublisherSubscriberOpaque.xml
3 ms. Memory: 468992K Free: 186951K (40%)
----------------- Invoking toplevel() on ptolemy.moml.MoMLSimpleApplication@da41fef
----------------- Done invoking toplevel() on ptolemy.moml.MoMLSimpleApplication@da41fef
reloadAllAccessors: .PublisherSubscriberOpaque

===========================================================================================
----------------- testing Thu Jun 25 14:56:51 UTC 2020 /home/travis/build/icyphy/ptII/ptolemy/actor/lib/test/auto/PublisherSubscriberOpaqueD3.xml
----------------- Instantiating /home/travis/build/icyphy/ptII/ptolemy/actor/lib/test/auto/PublisherSubscriberOpaqueD3.xml
4 ms. Memory: 468992K Free: 175687K (37%)
----------------- Invoking toplevel() on ptolemy.moml.MoMLSimpleApplication@7042f11f
----------------- Done invoking toplevel() on ptolemy.moml.MoMLSimpleApplication@7042f11f
reloadAllAccessors: .PublisherSubscriberOpaqueD3

===========================================================================================
----------------- testing Thu Jun 25 14:56:51 UTC 2020 /home/travis/build/icyphy/ptII/ptolemy/actor/lib/test/auto/PublisherSubscriberOpaqueD3Reverse.xml
----------------- Instantiating /home/travis/build/icyphy/ptII/ptolemy/actor/lib/test/auto/PublisherSubscriberOpaqueD3Reverse.xml
7 ms. Memory: 468992K Free: 164423K (35%)
----------------- Invoking toplevel() on ptolemy.moml.MoMLSimpleApplication@22869a2c
----------------- Done invoking toplevel() on ptolemy.moml.MoMLSimpleApplication@22869a2c
reloadAllAccessors: .PublisherSubscriberOpaqueD3Reverse

===========================================================================================
----------------- testing Thu Jun 25 14:56:51 UTC 2020 /home/travis/build/icyphy/ptII/ptolemy/actor/lib/test/auto/PublisherSubscriberOpaqueWidthInference.xml
----------------- Instantiating /home/travis/build/icyphy/ptII/ptolemy/actor/lib/test/auto/PublisherSubscriberOpaqueWidthInference.xml
4 ms. Memory: 468992K Free: 156231K (33%)
----------------- Invoking toplevel() on ptolemy.moml.MoMLSimpleApplication@425b1252
----------------- Done invoking toplevel() on ptolemy.moml.MoMLSimpleApplication@425b1252
reloadAllAccessors: .PublisherSubscriberOpaqueWidthInference

===========================================================================================
----------------- testing Thu Jun 25 14:56:52 UTC 2020 /home/travis/build/icyphy/ptII/ptolemy/actor/lib/test/auto/PublisherTestSubscriber.xml
----------------- Instantiating /home/travis/build/icyphy/ptII/ptolemy/actor/lib/test/auto/PublisherTestSubscriber.xml
2 ms. Memory: 468992K Free: 148033K (32%)
----------------- Invoking toplevel() on ptolemy.moml.MoMLSimpleApplication@1a9337b
----------------- Done invoking toplevel() on ptolemy.moml.MoMLSimpleApplication@1a9337b
reloadAllAccessors: .PublisherTestSubscriber

===========================================================================================
----------------- testing Thu Jun 25 14:56:52 UTC 2020 /home/travis/build/icyphy/ptII/ptolemy/actor/lib/test/auto/PublisherToplevelSubscriberPortAOC.xml
----------------- Instantiating /home/travis/build/icyphy/ptII/ptolemy/actor/lib/test/auto/PublisherToplevelSubscriberPortAOC.xml
14 ms. Memory: 468992K Free: 419578K (89%)
----------------- Invoking toplevel() on ptolemy.moml.MoMLSimpleApplication@1c4fb2d1
----------------- Done invoking toplevel() on ptolemy.moml.MoMLSimpleApplication@1c4fb2d1
reloadAllAccessors: .PublisherToplevelSubscriberPortAOC

===========================================================================================
----------------- testing Thu Jun 25 14:56:52 UTC 2020 /home/travis/build/icyphy/ptII/ptolemy/actor/lib/test/auto/PulseFiringLimitDE.xml
----------------- Instantiating /home/travis/build/icyphy/ptII/ptolemy/actor/lib/test/auto/PulseFiringLimitDE.xml
2 ms. Memory: 468992K Free: 412184K (88%)
----------------- Invoking toplevel() on ptolemy.moml.MoMLSimpleApplication@484fd0ef
----------------- Done invoking toplevel() on ptolemy.moml.MoMLSimpleApplication@484fd0ef
reloadAllAccessors: .PulseFiringLimitDE

===========================================================================================
----------------- testing Thu Jun 25 14:56:52 UTC 2020 /home/travis/build/icyphy/ptII/ptolemy/actor/lib/test/auto/Ramp1.xml
----------------- Instantiating /home/travis/build/icyphy/ptII/ptolemy/actor/lib/test/auto/Ramp1.xml
1 ms. Memory: 468992K Free: 408082K (87%)
----------------- Invoking toplevel() on ptolemy.moml.MoMLSimpleApplication@15720732
----------------- Done invoking toplevel() on ptolemy.moml.MoMLSimpleApplication@15720732
reloadAllAccessors: .Ramp1

===========================================================================================
----------------- testing Thu Jun 25 14:56:52 UTC 2020 /home/travis/build/icyphy/ptII/ptolemy/actor/lib/test/auto/RampFiringLimitDE.xml
----------------- Instantiating /home/travis/build/icyphy/ptII/ptolemy/actor/lib/test/auto/RampFiringLimitDE.xml
2 ms. Memory: 468992K Free: 401930K (86%)
----------------- Invoking toplevel() on ptolemy.moml.MoMLSimpleApplication@717f2a9f
----------------- Done invoking toplevel() on ptolemy.moml.MoMLSimpleApplication@717f2a9f
reloadAllAccessors: .RampFiringLimitDE

===========================================================================================
----------------- testing Thu Jun 25 14:56:52 UTC 2020 /home/travis/build/icyphy/ptII/ptolemy/actor/lib/test/auto/RampFiringLimitSDF.xml
----------------- Instantiating /home/travis/build/icyphy/ptII/ptolemy/actor/lib/test/auto/RampFiringLimitSDF.xml
2 ms. Memory: 468992K Free: 396810K (85%)
----------------- Invoking toplevel() on ptolemy.moml.MoMLSimpleApplication@44fb888c
----------------- Done invoking toplevel() on ptolemy.moml.MoMLSimpleApplication@44fb888c
reloadAllAccessors: .RampFiringLimitSDF

===========================================================================================
----------------- testing Thu Jun 25 14:56:52 UTC 2020 /home/travis/build/icyphy/ptII/ptolemy/actor/lib/test/auto/RandomInteger.xml
----------------- Instantiating /home/travis/build/icyphy/ptII/ptolemy/actor/lib/test/auto/RandomInteger.xml
1 ms. Memory: 468992K Free: 392218K (84%)
----------------- Invoking toplevel() on ptolemy.moml.MoMLSimpleApplication@4fc4d6cd
----------------- Done invoking toplevel() on ptolemy.moml.MoMLSimpleApplication@4fc4d6cd
reloadAllAccessors: .RandomInteger

===========================================================================================
----------------- testing Thu Jun 25 14:56:52 UTC 2020 /home/travis/build/icyphy/ptII/ptolemy/actor/lib/test/auto/ReadFile1.xml
----------------- Instantiating /home/travis/build/icyphy/ptII/ptolemy/actor/lib/test/auto/ReadFile1.xml
2 ms. Memory: 468992K Free: 387608K (83%)
----------------- Invoking toplevel() on ptolemy.moml.MoMLSimpleApplication@686bd009
----------------- Done invoking toplevel() on ptolemy.moml.MoMLSimpleApplication@686bd009
reloadAllAccessors: .ReadFile1

===========================================================================================
----------------- testing Thu Jun 25 14:56:52 UTC 2020 /home/travis/build/icyphy/ptII/ptolemy/actor/lib/test/auto/ReadFile2.xml
----------------- Instantiating /home/travis/build/icyphy/ptII/ptolemy/actor/lib/test/auto/ReadFile2.xml
1 ms. Memory: 468992K Free: 383512K (82%)
----------------- Invoking toplevel() on ptolemy.moml.MoMLSimpleApplication@7a452257
----------------- Done invoking toplevel() on ptolemy.moml.MoMLSimpleApplication@7a452257
reloadAllAccessors: .ReadFile2

===========================================================================================
----------------- testing Thu Jun 25 14:56:52 UTC 2020 /home/travis/build/icyphy/ptII/ptolemy/actor/lib/test/auto/Reader.xml
----------------- Instantiating /home/travis/build/icyphy/ptII/ptolemy/actor/lib/test/auto/Reader.xml
actor.lib.Reader is obsolete, use actor.lib.io.ExpressionReader instead
3 ms. Memory: 468992K Free: 379416K (81%)
----------------- Invoking toplevel() on ptolemy.moml.MoMLSimpleApplication@1e802412
----------------- Done invoking toplevel() on ptolemy.moml.MoMLSimpleApplication@1e802412
reloadAllAccessors: .Reader

===========================================================================================
----------------- testing Thu Jun 25 14:56:52 UTC 2020 /home/travis/build/icyphy/ptII/ptolemy/actor/lib/test/auto/RecordAssemblerDisplayNameTest.xml
----------------- Instantiating /home/travis/build/icyphy/ptII/ptolemy/actor/lib/test/auto/RecordAssemblerDisplayNameTest.xml
2934 ms. Memory: 468992K Free: 292642K (62%)
----------------- Invoking toplevel() on ptolemy.moml.MoMLSimpleApplication@46474457
----------------- Done invoking toplevel() on ptolemy.moml.MoMLSimpleApplication@46474457
reloadAllAccessors: .RecordAssemblerDisplayNameTest

===========================================================================================
----------------- testing Thu Jun 25 14:56:55 UTC 2020 /home/travis/build/icyphy/ptII/ptolemy/actor/lib/test/auto/RecordAssemblerTypeError.xml
----------------- Instantiating /home/travis/build/icyphy/ptII/ptolemy/actor/lib/test/auto/RecordAssemblerTypeError.xml
15 ms. Memory: 468992K Free: 282912K (60%)
----------------- Invoking toplevel() on ptolemy.moml.MoMLSimpleApplication@5df3883a
----------------- Done invoking toplevel() on ptolemy.moml.MoMLSimpleApplication@5df3883a
reloadAllAccessors: .RecordAssemblerTypeError

===========================================================================================
----------------- testing Thu Jun 25 14:56:55 UTC 2020 /home/travis/build/icyphy/ptII/ptolemy/actor/lib/test/auto/RecordDisassember.xml
----------------- Instantiating /home/travis/build/icyphy/ptII/ptolemy/actor/lib/test/auto/RecordDisassember.xml
6 ms. Memory: 468992K Free: 278306K (59%)
----------------- Invoking toplevel() on ptolemy.moml.MoMLSimpleApplication@75933fba
----------------- Done invoking toplevel() on ptolemy.moml.MoMLSimpleApplication@75933fba
reloadAllAccessors: .RecordDisassember

===========================================================================================
----------------- testing Thu Jun 25 14:56:55 UTC 2020 /home/travis/build/icyphy/ptII/ptolemy/actor/lib/test/auto/RecordDisassemberDisplayNameTest.xml
----------------- Instantiating /home/travis/build/icyphy/ptII/ptolemy/actor/lib/test/auto/RecordDisassemberDisplayNameTest.xml
18 ms. Memory: 468992K Free: 269600K (57%)
----------------- Invoking toplevel() on ptolemy.moml.MoMLSimpleApplication@2249a2c4
----------------- Done invoking toplevel() on ptolemy.moml.MoMLSimpleApplication@2249a2c4
reloadAllAccessors: .RecordDisassemberDisplayNameTest

===========================================================================================
----------------- testing Thu Jun 25 14:56:55 UTC 2020 /home/travis/build/icyphy/ptII/ptolemy/actor/lib/test/auto/RecordDisassembler.xml
----------------- Instantiating /home/travis/build/icyphy/ptII/ptolemy/actor/lib/test/auto/RecordDisassembler.xml
4 ms. Memory: 468992K Free: 264474K (56%)
----------------- Invoking toplevel() on ptolemy.moml.MoMLSimpleApplication@b476b05
----------------- Done invoking toplevel() on ptolemy.moml.MoMLSimpleApplication@b476b05
reloadAllAccessors: .RecordDisassembler

===========================================================================================
----------------- testing Thu Jun 25 14:56:55 UTC 2020 /home/travis/build/icyphy/ptII/ptolemy/actor/lib/test/auto/RecordDisassembler2.xml
----------------- Instantiating /home/travis/build/icyphy/ptII/ptolemy/actor/lib/test/auto/RecordDisassembler2.xml
6 ms. Memory: 468992K Free: 259330K (55%)
----------------- Invoking toplevel() on ptolemy.moml.MoMLSimpleApplication@238c4201
----------------- Done invoking toplevel() on ptolemy.moml.MoMLSimpleApplication@238c4201
reloadAllAccessors: .RecordDisassembler2

===========================================================================================
----------------- testing Thu Jun 25 14:56:55 UTC 2020 /home/travis/build/icyphy/ptII/ptolemy/actor/lib/test/auto/RecordUpdater.xml
----------------- Instantiating /home/travis/build/icyphy/ptII/ptolemy/actor/lib/test/auto/RecordUpdater.xml
2 ms. Memory: 468992K Free: 254240K (54%)
----------------- Invoking toplevel() on ptolemy.moml.MoMLSimpleApplication@123078f3
----------------- Done invoking toplevel() on ptolemy.moml.MoMLSimpleApplication@123078f3
reloadAllAccessors: .RecordUpdater

===========================================================================================
----------------- testing Thu Jun 25 14:56:55 UTC 2020 /home/travis/build/icyphy/ptII/ptolemy/actor/lib/test/auto/RecordUpdater2.xml
----------------- Instantiating /home/travis/build/icyphy/ptII/ptolemy/actor/lib/test/auto/RecordUpdater2.xml
3 ms. Memory: 468992K Free: 249120K (53%)
----------------- Invoking toplevel() on ptolemy.moml.MoMLSimpleApplication@35faed59
----------------- Done invoking toplevel() on ptolemy.moml.MoMLSimpleApplication@35faed59
reloadAllAccessors: .RecordUpdater2

===========================================================================================
----------------- testing Thu Jun 25 14:56:55 UTC 2020 /home/travis/build/icyphy/ptII/ptolemy/actor/lib/test/auto/RecursiveLattice.xml
----------------- Instantiating /home/travis/build/icyphy/ptII/ptolemy/actor/lib/test/auto/RecursiveLattice.xml
2 ms. Memory: 468992K Free: 244514K (52%)
----------------- Invoking toplevel() on ptolemy.moml.MoMLSimpleApplication@3843d1d9
----------------- Done invoking toplevel() on ptolemy.moml.MoMLSimpleApplication@3843d1d9
reloadAllAccessors: .RecursiveLattice

===========================================================================================
----------------- testing Thu Jun 25 14:56:55 UTC 2020 /home/travis/build/icyphy/ptII/ptolemy/actor/lib/test/auto/Router.xml
----------------- Instantiating /home/travis/build/icyphy/ptII/ptolemy/actor/lib/test/auto/Router.xml
3005 ms. Memory: 468992K Free: 234274K (50%)
----------------- Invoking toplevel() on ptolemy.moml.MoMLSimpleApplication@409e130d
----------------- Done invoking toplevel() on ptolemy.moml.MoMLSimpleApplication@409e130d
reloadAllAccessors: .Router

===========================================================================================
----------------- testing Thu Jun 25 14:56:58 UTC 2020 /home/travis/build/icyphy/ptII/ptolemy/actor/lib/test/auto/Router2.xml
----------------- Instantiating /home/travis/build/icyphy/ptII/ptolemy/actor/lib/test/auto/Router2.xml
3003 ms. Memory: 468992K Free: 223010K (48%)
----------------- Invoking toplevel() on ptolemy.moml.MoMLSimpleApplication@1c34298c
----------------- Done invoking toplevel() on ptolemy.moml.MoMLSimpleApplication@1c34298c
reloadAllAccessors: .Router2

===========================================================================================
----------------- testing Thu Jun 25 14:57:01 UTC 2020 /home/travis/build/icyphy/ptII/ptolemy/actor/lib/test/auto/RunningMaximum.xml
----------------- Instantiating /home/travis/build/icyphy/ptII/ptolemy/actor/lib/test/auto/RunningMaximum.xml
2 ms. Memory: 468992K Free: 217890K (46%)
----------------- Invoking toplevel() on ptolemy.moml.MoMLSimpleApplication@353671f7
----------------- Done invoking toplevel() on ptolemy.moml.MoMLSimpleApplication@353671f7
reloadAllAccessors: .RunningMaximum

===========================================================================================
----------------- testing Thu Jun 25 14:57:01 UTC 2020 /home/travis/build/icyphy/ptII/ptolemy/actor/lib/test/auto/RunningMinimum.xml
----------------- Instantiating /home/travis/build/icyphy/ptII/ptolemy/actor/lib/test/auto/RunningMinimum.xml
5 ms. Memory: 468992K Free: 213280K (45%)
----------------- Invoking toplevel() on ptolemy.moml.MoMLSimpleApplication@39ceeea0
----------------- Done invoking toplevel() on ptolemy.moml.MoMLSimpleApplication@39ceeea0
reloadAllAccessors: .RunningMinimum

===========================================================================================
----------------- testing Thu Jun 25 14:57:01 UTC 2020 /home/travis/build/icyphy/ptII/ptolemy/actor/lib/test/auto/Scale.xml
----------------- Instantiating /home/travis/build/icyphy/ptII/ptolemy/actor/lib/test/auto/Scale.xml
2 ms. Memory: 468992K Free: 208674K (44%)
----------------- Invoking toplevel() on ptolemy.moml.MoMLSimpleApplication@5ae9514f
----------------- Done invoking toplevel() on ptolemy.moml.MoMLSimpleApplication@5ae9514f
reloadAllAccessors: .Scale

===========================================================================================
----------------- testing Thu Jun 25 14:57:01 UTC 2020 /home/travis/build/icyphy/ptII/ptolemy/actor/lib/test/auto/Scale2.xml
----------------- Instantiating /home/travis/build/icyphy/ptII/ptolemy/actor/lib/test/auto/Scale2.xml
2 ms. Memory: 468992K Free: 204064K (44%)
----------------- Invoking toplevel() on ptolemy.moml.MoMLSimpleApplication@2bbfa615
----------------- Done invoking toplevel() on ptolemy.moml.MoMLSimpleApplication@2bbfa615
reloadAllAccessors: .Scale2

===========================================================================================
----------------- testing Thu Jun 25 14:57:01 UTC 2020 /home/travis/build/icyphy/ptII/ptolemy/actor/lib/test/auto/Scale3.xml
----------------- Instantiating /home/travis/build/icyphy/ptII/ptolemy/actor/lib/test/auto/Scale3.xml
7 ms. Memory: 468992K Free: 196896K (42%)
----------------- Invoking toplevel() on ptolemy.moml.MoMLSimpleApplication@754a8459
----------------- Done invoking toplevel() on ptolemy.moml.MoMLSimpleApplication@754a8459
reloadAllAccessors: .Scale3

===========================================================================================
----------------- testing Thu Jun 25 14:57:01 UTC 2020 /home/travis/build/icyphy/ptII/ptolemy/actor/lib/test/auto/ScaleArray.xml
----------------- Instantiating /home/travis/build/icyphy/ptII/ptolemy/actor/lib/test/auto/ScaleArray.xml
2 ms. Memory: 468992K Free: 192290K (41%)
----------------- Invoking toplevel() on ptolemy.moml.MoMLSimpleApplication@76f3a189
----------------- Done invoking toplevel() on ptolemy.moml.MoMLSimpleApplication@76f3a189
reloadAllAccessors: .ScaleArray

===========================================================================================
----------------- testing Thu Jun 25 14:57:01 UTC 2020 /home/travis/build/icyphy/ptII/ptolemy/actor/lib/test/auto/ScaleArray2.xml
----------------- Instantiating /home/travis/build/icyphy/ptII/ptolemy/actor/lib/test/auto/ScaleArray2.xml
1 ms. Memory: 468992K Free: 187680K (40%)
----------------- Invoking toplevel() on ptolemy.moml.MoMLSimpleApplication@4b35f179
----------------- Done invoking toplevel() on ptolemy.moml.MoMLSimpleApplication@4b35f179
reloadAllAccessors: .ScaleArray2

===========================================================================================
----------------- testing Thu Jun 25 14:57:01 UTC 2020 /home/travis/build/icyphy/ptII/ptolemy/actor/lib/test/auto/ScaleMatrix.xml
----------------- Instantiating /home/travis/build/icyphy/ptII/ptolemy/actor/lib/test/auto/ScaleMatrix.xml
137 ms. Memory: 468992K Free: 173344K (37%)
----------------- Invoking toplevel() on ptolemy.moml.MoMLSimpleApplication@5e66d13f
----------------- Done invoking toplevel() on ptolemy.moml.MoMLSimpleApplication@5e66d13f
reloadAllAccessors: .ScaleMatrix

===========================================================================================
----------------- testing Thu Jun 25 14:57:01 UTC 2020 /home/travis/build/icyphy/ptII/ptolemy/actor/lib/test/auto/Select.xml
----------------- Instantiating /home/travis/build/icyphy/ptII/ptolemy/actor/lib/test/auto/Select.xml
2 ms. Memory: 468992K Free: 166690K (36%)
----------------- Invoking toplevel() on ptolemy.moml.MoMLSimpleApplication@5fcb39e2
----------------- Done invoking toplevel() on ptolemy.moml.MoMLSimpleApplication@5fcb39e2
reloadAllAccessors: .Select

===========================================================================================
----------------- testing Thu Jun 25 14:57:01 UTC 2020 /home/travis/build/icyphy/ptII/ptolemy/actor/lib/test/auto/Select2.xml
----------------- Instantiating /home/travis/build/icyphy/ptII/ptolemy/actor/lib/test/auto/Select2.xml
1 ms. Memory: 468992K Free: 162080K (35%)
----------------- Invoking toplevel() on ptolemy.moml.MoMLSimpleApplication@772c591a
----------------- Done invoking toplevel() on ptolemy.moml.MoMLSimpleApplication@772c591a
reloadAllAccessors: .Select2

===========================================================================================
----------------- testing Thu Jun 25 14:57:01 UTC 2020 /home/travis/build/icyphy/ptII/ptolemy/actor/lib/test/auto/SequenceToArray2.xml
----------------- Instantiating /home/travis/build/icyphy/ptII/ptolemy/actor/lib/test/auto/SequenceToArray2.xml
107 ms. Memory: 468992K Free: 414214K (88%)
----------------- Invoking toplevel() on ptolemy.moml.MoMLSimpleApplication@15198fb3
----------------- Done invoking toplevel() on ptolemy.moml.MoMLSimpleApplication@15198fb3
reloadAllAccessors: .SequenceToArray2

===========================================================================================
----------------- testing Thu Jun 25 14:57:01 UTC 2020 /home/travis/build/icyphy/ptII/ptolemy/actor/lib/test/auto/SequentialClock.xml
----------------- Instantiating /home/travis/build/icyphy/ptII/ptolemy/actor/lib/test/auto/SequentialClock.xml
1 ms. Memory: 468992K Free: 409604K (87%)
----------------- Invoking toplevel() on ptolemy.moml.MoMLSimpleApplication@19afb405
----------------- Done invoking toplevel() on ptolemy.moml.MoMLSimpleApplication@19afb405
reloadAllAccessors: .SequentialClock

===========================================================================================
----------------- testing Thu Jun 25 14:57:01 UTC 2020 /home/travis/build/icyphy/ptII/ptolemy/actor/lib/test/auto/SetVariable.xml
----------------- Instantiating /home/travis/build/icyphy/ptII/ptolemy/actor/lib/test/auto/SetVariable.xml
5 ms. Memory: 468992K Free: 404484K (86%)
----------------- Invoking toplevel() on ptolemy.moml.MoMLSimpleApplication@60ca01a4
----------------- Done invoking toplevel() on ptolemy.moml.MoMLSimpleApplication@60ca01a4
reloadAllAccessors: .SetVariable

===========================================================================================
----------------- testing Thu Jun 25 14:57:01 UTC 2020 /home/travis/build/icyphy/ptII/ptolemy/actor/lib/test/auto/SetVariable2.xml
----------------- Instantiating /home/travis/build/icyphy/ptII/ptolemy/actor/lib/test/auto/SetVariable2.xml
3 ms. Memory: 468992K Free: 399878K (85%)
----------------- Invoking toplevel() on ptolemy.moml.MoMLSimpleApplication@2d8ac70
----------------- Done invoking toplevel() on ptolemy.moml.MoMLSimpleApplication@2d8ac70
reloadAllAccessors: .SetVariable2

===========================================================================================
----------------- testing Thu Jun 25 14:57:01 UTC 2020 /home/travis/build/icyphy/ptII/ptolemy/actor/lib/test/auto/SetVariable3.xml
----------------- Instantiating /home/travis/build/icyphy/ptII/ptolemy/actor/lib/test/auto/SetVariable3.xml
7 ms. Memory: 468992K Free: 394244K (84%)
----------------- Invoking toplevel() on ptolemy.moml.MoMLSimpleApplication@355cc36a
----------------- Done invoking toplevel() on ptolemy.moml.MoMLSimpleApplication@355cc36a
reloadAllAccessors: .SetVariable3

===========================================================================================
----------------- testing Thu Jun 25 14:57:01 UTC 2020 /home/travis/build/icyphy/ptII/ptolemy/actor/lib/test/auto/SetVariable4.xml
----------------- Instantiating /home/travis/build/icyphy/ptII/ptolemy/actor/lib/test/auto/SetVariable4.xml
7 ms. Memory: 468992K Free: 384516K (82%)
----------------- Invoking toplevel() on ptolemy.moml.MoMLSimpleApplication@260fc461
----------------- Done invoking toplevel() on ptolemy.moml.MoMLSimpleApplication@260fc461
reloadAllAccessors: .SetVariable4

===========================================================================================
----------------- testing Thu Jun 25 14:57:01 UTC 2020 /home/travis/build/icyphy/ptII/ptolemy/actor/lib/test/auto/SetVariable5.xml
----------------- Instantiating /home/travis/build/icyphy/ptII/ptolemy/actor/lib/test/auto/SetVariable5.xml
17 ms. Memory: 468992K Free: 375302K (80%)
----------------- Invoking toplevel() on ptolemy.moml.MoMLSimpleApplication@111adb41
----------------- Done invoking toplevel() on ptolemy.moml.MoMLSimpleApplication@111adb41
reloadAllAccessors: .SetVariable5

===========================================================================================
----------------- testing Thu Jun 25 14:57:01 UTC 2020 /home/travis/build/icyphy/ptII/ptolemy/actor/lib/test/auto/Sinewave.xml
----------------- Instantiating /home/travis/build/icyphy/ptII/ptolemy/actor/lib/test/auto/Sinewave.xml
5 ms. Memory: 468992K Free: 364548K (78%)
----------------- Invoking toplevel() on ptolemy.moml.MoMLSimpleApplication@407868a0
----------------- Done invoking toplevel() on ptolemy.moml.MoMLSimpleApplication@407868a0
reloadAllAccessors: .Sinewave

===========================================================================================
----------------- testing Thu Jun 25 14:57:01 UTC 2020 /home/travis/build/icyphy/ptII/ptolemy/actor/lib/test/auto/Sinewave2.xml
----------------- Instantiating /home/travis/build/icyphy/ptII/ptolemy/actor/lib/test/auto/Sinewave2.xml
7 ms. Memory: 468992K Free: 356342K (76%)
----------------- Invoking toplevel() on ptolemy.moml.MoMLSimpleApplication@674c2c1a
----------------- Done invoking toplevel() on ptolemy.moml.MoMLSimpleApplication@674c2c1a
reloadAllAccessors: .Sinewave2

===========================================================================================
----------------- testing Thu Jun 25 14:57:01 UTC 2020 /home/travis/build/icyphy/ptII/ptolemy/actor/lib/test/auto/Sinewave3.xml
----------------- Instantiating /home/travis/build/icyphy/ptII/ptolemy/actor/lib/test/auto/Sinewave3.xml
7 ms. Memory: 468992K Free: 347654K (74%)
----------------- Invoking toplevel() on ptolemy.moml.MoMLSimpleApplication@73cfbbb5
----------------- Done invoking toplevel() on ptolemy.moml.MoMLSimpleApplication@73cfbbb5
reloadAllAccessors: .Sinewave3

===========================================================================================
----------------- testing Thu Jun 25 14:57:01 UTC 2020 /home/travis/build/icyphy/ptII/ptolemy/actor/lib/test/auto/SingleEvent.xml
----------------- Instantiating /home/travis/build/icyphy/ptII/ptolemy/actor/lib/test/auto/SingleEvent.xml
1 ms. Memory: 468992K Free: 343558K (73%)
----------------- Invoking toplevel() on ptolemy.moml.MoMLSimpleApplication@2ec6d284
----------------- Done invoking toplevel() on ptolemy.moml.MoMLSimpleApplication@2ec6d284
reloadAllAccessors: .SingleEvent

===========================================================================================
----------------- testing Thu Jun 25 14:57:02 UTC 2020 /home/travis/build/icyphy/ptII/ptolemy/actor/lib/test/auto/Sleep.xml
----------------- Instantiating /home/travis/build/icyphy/ptII/ptolemy/actor/lib/test/auto/Sleep.xml
6003 ms. Memory: 468992K Free: 337414K (72%)
----------------- Invoking toplevel() on ptolemy.moml.MoMLSimpleApplication@85f6453
----------------- Done invoking toplevel() on ptolemy.moml.MoMLSimpleApplication@85f6453
reloadAllAccessors: .Sleep

===========================================================================================
----------------- testing Thu Jun 25 14:57:08 UTC 2020 /home/travis/build/icyphy/ptII/ptolemy/actor/lib/test/auto/SleepMultipleFire.xml
----------------- Instantiating /home/travis/build/icyphy/ptII/ptolemy/actor/lib/test/auto/SleepMultipleFire.xml
1005 ms. Memory: 468992K Free: 331270K (71%)
----------------- Invoking toplevel() on ptolemy.moml.MoMLSimpleApplication@7731a48e
----------------- Done invoking toplevel() on ptolemy.moml.MoMLSimpleApplication@7731a48e
reloadAllAccessors: .SleepMultipleFire

===========================================================================================
----------------- testing Thu Jun 25 14:57:09 UTC 2020 /home/travis/build/icyphy/ptII/ptolemy/actor/lib/test/auto/StopDE.xml
----------------- Instantiating /home/travis/build/icyphy/ptII/ptolemy/actor/lib/test/auto/StopDE.xml
2 ms. Memory: 468992K Free: 325636K (69%)
----------------- Invoking toplevel() on ptolemy.moml.MoMLSimpleApplication@648621af
----------------- Done invoking toplevel() on ptolemy.moml.MoMLSimpleApplication@648621af
reloadAllAccessors: .StopDE

===========================================================================================
----------------- testing Thu Jun 25 14:57:09 UTC 2020 /home/travis/build/icyphy/ptII/ptolemy/actor/lib/test/auto/StopSDF.xml
----------------- Instantiating /home/travis/build/icyphy/ptII/ptolemy/actor/lib/test/auto/StopSDF.xml
2 ms. Memory: 468992K Free: 320516K (68%)
----------------- Invoking toplevel() on ptolemy.moml.MoMLSimpleApplication@7d642392
----------------- Done invoking toplevel() on ptolemy.moml.MoMLSimpleApplication@7d642392
reloadAllAccessors: .StopSDF

===========================================================================================
----------------- testing Thu Jun 25 14:57:09 UTC 2020 /home/travis/build/icyphy/ptII/ptolemy/actor/lib/test/auto/StringConstant.xml
----------------- Instantiating /home/travis/build/icyphy/ptII/ptolemy/actor/lib/test/auto/StringConstant.xml
9 ms. Memory: 468992K Free: 316406K (67%)
----------------- Invoking toplevel() on ptolemy.moml.MoMLSimpleApplication@3acd2604
----------------- Done invoking toplevel() on ptolemy.moml.MoMLSimpleApplication@3acd2604
reloadAllAccessors: .StringConstant

===========================================================================================
----------------- testing Thu Jun 25 14:57:09 UTC 2020 /home/travis/build/icyphy/ptII/ptolemy/actor/lib/test/auto/SubscriberPortInitialValues1.xml
----------------- Instantiating /home/travis/build/icyphy/ptII/ptolemy/actor/lib/test/auto/SubscriberPortInitialValues1.xml
9 ms. Memory: 468992K Free: 307204K (66%)
----------------- Invoking toplevel() on ptolemy.moml.MoMLSimpleApplication@4dee020e
----------------- Done invoking toplevel() on ptolemy.moml.MoMLSimpleApplication@4dee020e
reloadAllAccessors: .SubscriberPortInitialValues1

===========================================================================================
----------------- testing Thu Jun 25 14:57:09 UTC 2020 /home/travis/build/icyphy/ptII/ptolemy/actor/lib/test/auto/SubscriberPortInitialValues13.xml
----------------- Instantiating /home/travis/build/icyphy/ptII/ptolemy/actor/lib/test/auto/SubscriberPortInitialValues13.xml
5 ms. Memory: 468992K Free: 294406K (63%)
----------------- Invoking toplevel() on ptolemy.moml.MoMLSimpleApplication@4cc8e90f
----------------- Done invoking toplevel() on ptolemy.moml.MoMLSimpleApplication@4cc8e90f
reloadAllAccessors: .SubscriberPortInitialValues13

===========================================================================================
----------------- testing Thu Jun 25 14:57:09 UTC 2020 /home/travis/build/icyphy/ptII/ptolemy/actor/lib/test/auto/SubscriberPortInitialValues14.xml
----------------- Instantiating /home/travis/build/icyphy/ptII/ptolemy/actor/lib/test/auto/SubscriberPortInitialValues14.xml
4 ms. Memory: 468992K Free: 286724K (61%)
----------------- Invoking toplevel() on ptolemy.moml.MoMLSimpleApplication@3d3f26b9
----------------- Done invoking toplevel() on ptolemy.moml.MoMLSimpleApplication@3d3f26b9
reloadAllAccessors: .SubscriberPortInitialValues14

===========================================================================================
----------------- testing Thu Jun 25 14:57:09 UTC 2020 /home/travis/build/icyphy/ptII/ptolemy/actor/lib/test/auto/SubscriberPortInitialValues2.xml
----------------- Instantiating /home/travis/build/icyphy/ptII/ptolemy/actor/lib/test/auto/SubscriberPortInitialValues2.xml
3 ms. Memory: 468992K Free: 279046K (59%)
----------------- Invoking toplevel() on ptolemy.moml.MoMLSimpleApplication@151a94f0
----------------- Done invoking toplevel() on ptolemy.moml.MoMLSimpleApplication@151a94f0
reloadAllAccessors: .SubscriberPortInitialValues2

===========================================================================================
----------------- testing Thu Jun 25 14:57:09 UTC 2020 /home/travis/build/icyphy/ptII/ptolemy/actor/lib/test/auto/SubscriberPortInitialValues3.xml
----------------- Instantiating /home/travis/build/icyphy/ptII/ptolemy/actor/lib/test/auto/SubscriberPortInitialValues3.xml
5 ms. Memory: 468992K Free: 267268K (57%)
----------------- Invoking toplevel() on ptolemy.moml.MoMLSimpleApplication@38a3232
----------------- Done invoking toplevel() on ptolemy.moml.MoMLSimpleApplication@38a3232
reloadAllAccessors: .SubscriberPortInitialValues3

===========================================================================================
----------------- testing Thu Jun 25 14:57:09 UTC 2020 /home/travis/build/icyphy/ptII/ptolemy/actor/lib/test/auto/SubscriptionAggregator.xml
----------------- Instantiating /home/travis/build/icyphy/ptII/ptolemy/actor/lib/test/auto/SubscriptionAggregator.xml
3 ms. Memory: 468992K Free: 260614K (56%)
----------------- Invoking toplevel() on ptolemy.moml.MoMLSimpleApplication@1451072e
----------------- Done invoking toplevel() on ptolemy.moml.MoMLSimpleApplication@1451072e
reloadAllAccessors: .SubscriptionAggregator

===========================================================================================
----------------- testing Thu Jun 25 14:57:09 UTC 2020 /home/travis/build/icyphy/ptII/ptolemy/actor/lib/test/auto/SubscriptionAggregator2.xml
----------------- Instantiating /home/travis/build/icyphy/ptII/ptolemy/actor/lib/test/auto/SubscriptionAggregator2.xml
4 ms. Memory: 468992K Free: 253446K (54%)
----------------- Invoking toplevel() on ptolemy.moml.MoMLSimpleApplication@4003c692
----------------- Done invoking toplevel() on ptolemy.moml.MoMLSimpleApplication@4003c692
reloadAllAccessors: .SubscriptionAggregator2

===========================================================================================
----------------- testing Thu Jun 25 14:57:09 UTC 2020 /home/travis/build/icyphy/ptII/ptolemy/actor/lib/test/auto/SubscriptionAggregator3.xml
----------------- Instantiating /home/travis/build/icyphy/ptII/ptolemy/actor/lib/test/auto/SubscriptionAggregator3.xml
4 ms. Memory: 468992K Free: 244734K (52%)
----------------- Invoking toplevel() on ptolemy.moml.MoMLSimpleApplication@7391c72b
----------------- Done invoking toplevel() on ptolemy.moml.MoMLSimpleApplication@7391c72b
reloadAllAccessors: .SubscriptionAggregator3

===========================================================================================
----------------- testing Thu Jun 25 14:57:09 UTC 2020 /home/travis/build/icyphy/ptII/ptolemy/actor/lib/test/auto/SubscriptionAggregatorMultiply.xml
----------------- Instantiating /home/travis/build/icyphy/ptII/ptolemy/actor/lib/test/auto/SubscriptionAggregatorMultiply.xml
3 ms. Memory: 468992K Free: 236542K (50%)
----------------- Invoking toplevel() on ptolemy.moml.MoMLSimpleApplication@1710d683
----------------- Done invoking toplevel() on ptolemy.moml.MoMLSimpleApplication@1710d683
reloadAllAccessors: .SubscriptionAggregatorMultiply

===========================================================================================
----------------- testing Thu Jun 25 14:57:09 UTC 2020 /home/travis/build/icyphy/ptII/ptolemy/actor/lib/test/auto/SubscriptionAggregatorPortMultiply1.xml
----------------- Instantiating /home/travis/build/icyphy/ptII/ptolemy/actor/lib/test/auto/SubscriptionAggregatorPortMultiply1.xml
3 ms. Memory: 468992K Free: 228356K (49%)
----------------- Invoking toplevel() on ptolemy.moml.MoMLSimpleApplication@4497c99a
----------------- Done invoking toplevel() on ptolemy.moml.MoMLSimpleApplication@4497c99a
reloadAllAccessors: .SubscriptionAggregatorPortMultiply1

===========================================================================================
----------------- testing Thu Jun 25 14:57:09 UTC 2020 /home/travis/build/icyphy/ptII/ptolemy/actor/lib/test/auto/Switch.xml
----------------- Instantiating /home/travis/build/icyphy/ptII/ptolemy/actor/lib/test/auto/Switch.xml
6 ms. Memory: 468992K Free: 219654K (47%)
----------------- Invoking toplevel() on ptolemy.moml.MoMLSimpleApplication@39746301
----------------- Done invoking toplevel() on ptolemy.moml.MoMLSimpleApplication@39746301
reloadAllAccessors: .Switch

===========================================================================================
----------------- testing Thu Jun 25 14:57:09 UTC 2020 /home/travis/build/icyphy/ptII/ptolemy/actor/lib/test/auto/Switch2.xml
----------------- Instantiating /home/travis/build/icyphy/ptII/ptolemy/actor/lib/test/auto/Switch2.xml
1 ms. Memory: 468992K Free: 215044K (46%)
----------------- Invoking toplevel() on ptolemy.moml.MoMLSimpleApplication@5eca3544
----------------- Done invoking toplevel() on ptolemy.moml.MoMLSimpleApplication@5eca3544
reloadAllAccessors: .Switch2

===========================================================================================
----------------- testing Thu Jun 25 14:57:09 UTC 2020 /home/travis/build/icyphy/ptII/ptolemy/actor/lib/test/auto/SwitchDE.xml
----------------- Instantiating /home/travis/build/icyphy/ptII/ptolemy/actor/lib/test/auto/SwitchDE.xml
2 ms. Memory: 468992K Free: 208886K (45%)
----------------- Invoking toplevel() on ptolemy.moml.MoMLSimpleApplication@56bfff95
----------------- Done invoking toplevel() on ptolemy.moml.MoMLSimpleApplication@56bfff95
reloadAllAccessors: .SwitchDE

===========================================================================================
----------------- testing Thu Jun 25 14:57:09 UTC 2020 /home/travis/build/icyphy/ptII/ptolemy/actor/lib/test/auto/SynchronizerDE.xml
----------------- Instantiating /home/travis/build/icyphy/ptII/ptolemy/actor/lib/test/auto/SynchronizerDE.xml
8 ms. Memory: 468992K Free: 200678K (43%)
----------------- Invoking toplevel() on ptolemy.moml.MoMLSimpleApplication@582be7e6
----------------- Done invoking toplevel() on ptolemy.moml.MoMLSimpleApplication@582be7e6
reloadAllAccessors: .SynchronizerDE

===========================================================================================
----------------- testing Thu Jun 25 14:57:09 UTC 2020 /home/travis/build/icyphy/ptII/ptolemy/actor/lib/test/auto/Test.xml
----------------- Instantiating /home/travis/build/icyphy/ptII/ptolemy/actor/lib/test/auto/Test.xml
2 ms. Memory: 468992K Free: 195078K (42%)
----------------- Invoking toplevel() on ptolemy.moml.MoMLSimpleApplication@79790d15
----------------- Done invoking toplevel() on ptolemy.moml.MoMLSimpleApplication@79790d15
reloadAllAccessors: .Test

===========================================================================================
----------------- testing Thu Jun 25 14:57:09 UTC 2020 /home/travis/build/icyphy/ptII/ptolemy/actor/lib/test/auto/TestExceptionAttribute1.xml
----------------- Instantiating /home/travis/build/icyphy/ptII/ptolemy/actor/lib/test/auto/TestExceptionAttribute1.xml
2 ms. Memory: 468992K Free: 191492K (41%)
----------------- Invoking toplevel() on ptolemy.moml.MoMLSimpleApplication@6437d9d5
----------------- Done invoking toplevel() on ptolemy.moml.MoMLSimpleApplication@6437d9d5
reloadAllAccessors: .TestExceptionAttribute1

===========================================================================================
----------------- testing Thu Jun 25 14:57:09 UTC 2020 /home/travis/build/icyphy/ptII/ptolemy/actor/lib/test/auto/TestExceptionAttribute2.xml
----------------- Instantiating /home/travis/build/icyphy/ptII/ptolemy/actor/lib/test/auto/TestExceptionAttribute2.xml
1 ms. Memory: 468992K Free: 187910K (40%)
----------------- Invoking toplevel() on ptolemy.moml.MoMLSimpleApplication@2dc4956f
----------------- Done invoking toplevel() on ptolemy.moml.MoMLSimpleApplication@2dc4956f
reloadAllAccessors: .TestExceptionAttribute2

===========================================================================================
----------------- testing Thu Jun 25 14:57:09 UTC 2020 /home/travis/build/icyphy/ptII/ptolemy/actor/lib/test/auto/TestExceptionAttribute3.xml
----------------- Instantiating /home/travis/build/icyphy/ptII/ptolemy/actor/lib/test/auto/TestExceptionAttribute3.xml
.TestExceptionAttribute3.TestExceptionAttribute: initialize() was not invoked, but wrapup() was.  This is unusual, but not always a problem.  For example, exporting JNLP will do this.
1 ms. Memory: 468992K Free: 184324K (39%)
----------------- Invoking toplevel() on ptolemy.moml.MoMLSimpleApplication@6f98eb7b
----------------- Done invoking toplevel() on ptolemy.moml.MoMLSimpleApplication@6f98eb7b
reloadAllAccessors: .TestExceptionAttribute3

===========================================================================================
----------------- testing Thu Jun 25 14:57:09 UTC 2020 /home/travis/build/icyphy/ptII/ptolemy/actor/lib/test/auto/TestExceptionAttribute4.xml
----------------- Instantiating /home/travis/build/icyphy/ptII/ptolemy/actor/lib/test/auto/TestExceptionAttribute4.xml
.TestExceptionAttribute4.TestExceptionAttribute: initialize() was not invoked, but wrapup() was.  This is unusual, but not always a problem.  For example, exporting JNLP will do this.
.TestExceptionAttribute4.TestExceptionAttribute2: initialize() was not invoked, but wrapup() was.  This is unusual, but not always a problem.  For example, exporting JNLP will do this.
1 ms. Memory: 468992K Free: 180228K (38%)
----------------- Invoking toplevel() on ptolemy.moml.MoMLSimpleApplication@3c7d9b95
----------------- Done invoking toplevel() on ptolemy.moml.MoMLSimpleApplication@3c7d9b95
reloadAllAccessors: .TestExceptionAttribute4

===========================================================================================
----------------- testing Thu Jun 25 14:57:09 UTC 2020 /home/travis/build/icyphy/ptII/ptolemy/actor/lib/test/auto/TestExceptionHandler1.xml
----------------- Instantiating /home/travis/build/icyphy/ptII/ptolemy/actor/lib/test/auto/TestExceptionHandler1.xml
1 ms. Memory: 468992K Free: 176132K (38%)
----------------- Invoking toplevel() on ptolemy.moml.MoMLSimpleApplication@10de6b74
----------------- Done invoking toplevel() on ptolemy.moml.MoMLSimpleApplication@10de6b74
reloadAllAccessors: .TestExceptionHandler1

===========================================================================================
----------------- testing Thu Jun 25 14:57:09 UTC 2020 /home/travis/build/icyphy/ptII/ptolemy/actor/lib/test/auto/TestExceptionHandler2.xml
----------------- Instantiating /home/travis/build/icyphy/ptII/ptolemy/actor/lib/test/auto/TestExceptionHandler2.xml
2 ms. Memory: 468992K Free: 172550K (37%)
----------------- Invoking toplevel() on ptolemy.moml.MoMLSimpleApplication@4988fa06
----------------- Done invoking toplevel() on ptolemy.moml.MoMLSimpleApplication@4988fa06
reloadAllAccessors: .TestExceptionHandler2

===========================================================================================
----------------- testing Thu Jun 25 14:57:09 UTC 2020 /home/travis/build/icyphy/ptII/ptolemy/actor/lib/test/auto/TestExceptionHandler3.xml
----------------- Instantiating /home/travis/build/icyphy/ptII/ptolemy/actor/lib/test/auto/TestExceptionHandler3.xml
1 ms. Memory: 468992K Free: 168964K (36%)
----------------- Invoking toplevel() on ptolemy.moml.MoMLSimpleApplication@7d52fb8e
----------------- Done invoking toplevel() on ptolemy.moml.MoMLSimpleApplication@7d52fb8e
reloadAllAccessors: .TestExceptionHandler3

===========================================================================================
----------------- testing Thu Jun 25 14:57:09 UTC 2020 /home/travis/build/icyphy/ptII/ptolemy/actor/lib/test/auto/TestExceptionHandler4.xml
----------------- Instantiating /home/travis/build/icyphy/ptII/ptolemy/actor/lib/test/auto/TestExceptionHandler4.xml
1 ms. Memory: 468992K Free: 164868K (35%)
----------------- Invoking toplevel() on ptolemy.moml.MoMLSimpleApplication@7ffe8a3f
----------------- Done invoking toplevel() on ptolemy.moml.MoMLSimpleApplication@7ffe8a3f
reloadAllAccessors: .TestExceptionHandler4

===========================================================================================
----------------- testing Thu Jun 25 14:57:09 UTC 2020 /home/travis/build/icyphy/ptII/ptolemy/actor/lib/test/auto/TestRequireCorrectOrder.xml
----------------- Instantiating /home/travis/build/icyphy/ptII/ptolemy/actor/lib/test/auto/TestRequireCorrectOrder.xml
8 ms. Memory: 468992K Free: 159238K (34%)
----------------- Invoking toplevel() on ptolemy.moml.MoMLSimpleApplication@3de90168
----------------- Done invoking toplevel() on ptolemy.moml.MoMLSimpleApplication@3de90168
reloadAllAccessors: .TestRequireCorrectOrder

===========================================================================================
----------------- testing Thu Jun 25 14:57:09 UTC 2020 /home/travis/build/icyphy/ptII/ptolemy/actor/lib/test/auto/TestSimple.xml
----------------- Instantiating /home/travis/build/icyphy/ptII/ptolemy/actor/lib/test/auto/TestSimple.xml
1 ms. Memory: 468992K Free: 154628K (33%)
----------------- Invoking toplevel() on ptolemy.moml.MoMLSimpleApplication@1bfb854a
----------------- Done invoking toplevel() on ptolemy.moml.MoMLSimpleApplication@1bfb854a
reloadAllAccessors: .TestSimple

===========================================================================================
----------------- testing Thu Jun 25 14:57:09 UTC 2020 /home/travis/build/icyphy/ptII/ptolemy/actor/lib/test/auto/ThrowModelError.xml
----------------- Instantiating /home/travis/build/icyphy/ptII/ptolemy/actor/lib/test/auto/ThrowModelError.xml
1 ms. Memory: 468992K Free: 150022K (32%)
----------------- Invoking toplevel() on ptolemy.moml.MoMLSimpleApplication@161adb2
----------------- Done invoking toplevel() on ptolemy.moml.MoMLSimpleApplication@161adb2
reloadAllAccessors: .ThrowModelError

===========================================================================================
----------------- testing Thu Jun 25 14:57:09 UTC 2020 /home/travis/build/icyphy/ptII/ptolemy/actor/lib/test/auto/TimeDelayMicrosteps.xml
----------------- Instantiating /home/travis/build/icyphy/ptII/ptolemy/actor/lib/test/auto/TimeDelayMicrosteps.xml
3 ms. Memory: 468992K Free: 143358K (31%)
----------------- Invoking toplevel() on ptolemy.moml.MoMLSimpleApplication@3cc195a4
----------------- Done invoking toplevel() on ptolemy.moml.MoMLSimpleApplication@3cc195a4
reloadAllAccessors: .TimeDelayMicrosteps

===========================================================================================
----------------- testing Thu Jun 25 14:57:09 UTC 2020 /home/travis/build/icyphy/ptII/ptolemy/actor/lib/test/auto/TimeDelayMicrosteps2.xml
----------------- Instantiating /home/travis/build/icyphy/ptII/ptolemy/actor/lib/test/auto/TimeDelayMicrosteps2.xml
5 ms. Memory: 468992K Free: 413103K (88%)
----------------- Invoking toplevel() on ptolemy.moml.MoMLSimpleApplication@22bbfc84
----------------- Done invoking toplevel() on ptolemy.moml.MoMLSimpleApplication@22bbfc84
reloadAllAccessors: .TimeDelayMicrosteps2

===========================================================================================
----------------- testing Thu Jun 25 14:57:09 UTC 2020 /home/travis/build/icyphy/ptII/ptolemy/actor/lib/test/auto/TimeDelayMicrosteps3.xml
----------------- Instantiating /home/travis/build/icyphy/ptII/ptolemy/actor/lib/test/auto/TimeDelayMicrosteps3.xml
3 ms. Memory: 468992K Free: 406415K (87%)
----------------- Invoking toplevel() on ptolemy.moml.MoMLSimpleApplication@28c2c87
----------------- Done invoking toplevel() on ptolemy.moml.MoMLSimpleApplication@28c2c87
reloadAllAccessors: .TimeDelayMicrosteps3

===========================================================================================
----------------- testing Thu Jun 25 14:57:09 UTC 2020 /home/travis/build/icyphy/ptII/ptolemy/actor/lib/test/auto/TimeDelayVariableMicrosteps.xml
----------------- Instantiating /home/travis/build/icyphy/ptII/ptolemy/actor/lib/test/auto/TimeDelayVariableMicrosteps.xml
3 ms. Memory: 468992K Free: 400299K (85%)
----------------- Invoking toplevel() on ptolemy.moml.MoMLSimpleApplication@43b64dea
----------------- Done invoking toplevel() on ptolemy.moml.MoMLSimpleApplication@43b64dea
reloadAllAccessors: .TimeDelayVariableMicrosteps

===========================================================================================
----------------- testing Thu Jun 25 14:57:09 UTC 2020 /home/travis/build/icyphy/ptII/ptolemy/actor/lib/test/auto/TimeGap.xml
----------------- Instantiating /home/travis/build/icyphy/ptII/ptolemy/actor/lib/test/auto/TimeGap.xml
3 ms. Memory: 468992K Free: 395151K (84%)
----------------- Invoking toplevel() on ptolemy.moml.MoMLSimpleApplication@66f4a779
----------------- Done invoking toplevel() on ptolemy.moml.MoMLSimpleApplication@66f4a779
reloadAllAccessors: .TimeGap

===========================================================================================
----------------- testing Thu Jun 25 14:57:09 UTC 2020 /home/travis/build/icyphy/ptII/ptolemy/actor/lib/test/auto/TimeGap2.xml
----------------- Instantiating /home/travis/build/icyphy/ptII/ptolemy/actor/lib/test/auto/TimeGap2.xml
2 ms. Memory: 468992K Free: 389007K (83%)
----------------- Invoking toplevel() on ptolemy.moml.MoMLSimpleApplication@7ae36c7
----------------- Done invoking toplevel() on ptolemy.moml.MoMLSimpleApplication@7ae36c7
reloadAllAccessors: .TimeGap2

===========================================================================================
----------------- testing Thu Jun 25 14:57:09 UTC 2020 /home/travis/build/icyphy/ptII/ptolemy/actor/lib/test/auto/TimedSinewave.xml
----------------- Instantiating /home/travis/build/icyphy/ptII/ptolemy/actor/lib/test/auto/TimedSinewave.xml
23 ms. Memory: 468992K Free: 374701K (80%)
----------------- Invoking toplevel() on ptolemy.moml.MoMLSimpleApplication@186136fe
----------------- Done invoking toplevel() on ptolemy.moml.MoMLSimpleApplication@186136fe
reloadAllAccessors: .TimedSinewave

===========================================================================================
----------------- testing Thu Jun 25 14:57:09 UTC 2020 /home/travis/build/icyphy/ptII/ptolemy/actor/lib/test/auto/TimedSinewavePhase.xml
----------------- Instantiating /home/travis/build/icyphy/ptII/ptolemy/actor/lib/test/auto/TimedSinewavePhase.xml
9 ms. Memory: 468992K Free: 364975K (78%)
----------------- Invoking toplevel() on ptolemy.moml.MoMLSimpleApplication@6273f0f8
----------------- Done invoking toplevel() on ptolemy.moml.MoMLSimpleApplication@6273f0f8
reloadAllAccessors: .TimedSinewavePhase

===========================================================================================
----------------- testing Thu Jun 25 14:57:09 UTC 2020 /home/travis/build/icyphy/ptII/ptolemy/actor/lib/test/auto/Timer.xml
----------------- Instantiating /home/travis/build/icyphy/ptII/ptolemy/actor/lib/test/auto/Timer.xml
3 ms. Memory: 468992K Free: 359341K (77%)
----------------- Invoking toplevel() on ptolemy.moml.MoMLSimpleApplication@6cd97dbf
----------------- Done invoking toplevel() on ptolemy.moml.MoMLSimpleApplication@6cd97dbf
reloadAllAccessors: .Timer

===========================================================================================
----------------- testing Thu Jun 25 14:57:09 UTC 2020 /home/travis/build/icyphy/ptII/ptolemy/actor/lib/test/auto/TriangularDistTestModel.xml
----------------- Instantiating /home/travis/build/icyphy/ptII/ptolemy/actor/lib/test/auto/TriangularDistTestModel.xml
2 ms. Memory: 468992K Free: 353183K (75%)
----------------- Invoking toplevel() on ptolemy.moml.MoMLSimpleApplication@6e31c7cf
----------------- Done invoking toplevel() on ptolemy.moml.MoMLSimpleApplication@6e31c7cf
reloadAllAccessors: .TriangularDistTestModel

===========================================================================================
----------------- testing Thu Jun 25 14:57:09 UTC 2020 /home/travis/build/icyphy/ptII/ptolemy/actor/lib/test/auto/TrigFunction.xml
----------------- Instantiating /home/travis/build/icyphy/ptII/ptolemy/actor/lib/test/auto/TrigFunction.xml
2 ms. Memory: 468992K Free: 348591K (74%)
----------------- Invoking toplevel() on ptolemy.moml.MoMLSimpleApplication@4f8acdfa
----------------- Done invoking toplevel() on ptolemy.moml.MoMLSimpleApplication@4f8acdfa
reloadAllAccessors: .TrigFunction

===========================================================================================
----------------- testing Thu Jun 25 14:57:09 UTC 2020 /home/travis/build/icyphy/ptII/ptolemy/actor/lib/test/auto/TrigFunctionDE.xml
----------------- Instantiating /home/travis/build/icyphy/ptII/ptolemy/actor/lib/test/auto/TrigFunctionDE.xml
1 ms. Memory: 468992K Free: 342447K (73%)
----------------- Invoking toplevel() on ptolemy.moml.MoMLSimpleApplication@5498deaa
----------------- Done invoking toplevel() on ptolemy.moml.MoMLSimpleApplication@5498deaa
reloadAllAccessors: .TrigFunctionDE

===========================================================================================
----------------- testing Thu Jun 25 14:57:09 UTC 2020 /home/travis/build/icyphy/ptII/ptolemy/actor/lib/test/auto/TrigFunctionInverse.xml
----------------- Instantiating /home/travis/build/icyphy/ptII/ptolemy/actor/lib/test/auto/TrigFunctionInverse.xml
1 ms. Memory: 468992K Free: 336813K (72%)
----------------- Invoking toplevel() on ptolemy.moml.MoMLSimpleApplication@7971bdb2
----------------- Done invoking toplevel() on ptolemy.moml.MoMLSimpleApplication@7971bdb2
reloadAllAccessors: .TrigFunctionInverse

===========================================================================================
----------------- testing Thu Jun 25 14:57:09 UTC 2020 /home/travis/build/icyphy/ptII/ptolemy/actor/lib/test/auto/TrigFunctionTan.xml
----------------- Instantiating /home/travis/build/icyphy/ptII/ptolemy/actor/lib/test/auto/TrigFunctionTan.xml
1 ms. Memory: 468992K Free: 332717K (71%)
----------------- Invoking toplevel() on ptolemy.moml.MoMLSimpleApplication@6909bde4
----------------- Done invoking toplevel() on ptolemy.moml.MoMLSimpleApplication@6909bde4
reloadAllAccessors: .TrigFunctionTan

===========================================================================================
----------------- testing Thu Jun 25 14:57:09 UTC 2020 /home/travis/build/icyphy/ptII/ptolemy/actor/lib/test/auto/TriggeredClock.xml
----------------- Instantiating /home/travis/build/icyphy/ptII/ptolemy/actor/lib/test/auto/TriggeredClock.xml
2 ms. Memory: 468992K Free: 328079K (70%)
----------------- Invoking toplevel() on ptolemy.moml.MoMLSimpleApplication@40d766b9
----------------- Done invoking toplevel() on ptolemy.moml.MoMLSimpleApplication@40d766b9
reloadAllAccessors: .TriggeredClock

===========================================================================================
----------------- testing Thu Jun 25 14:57:09 UTC 2020 /home/travis/build/icyphy/ptII/ptolemy/actor/lib/test/auto/URLDirectoryReader.xml
----------------- Instantiating /home/travis/build/icyphy/ptII/ptolemy/actor/lib/test/auto/URLDirectoryReader.xml
24 ms. Memory: 468992K Free: 318381K (68%)
----------------- Invoking toplevel() on ptolemy.moml.MoMLSimpleApplication@2d2dbbf3
----------------- Done invoking toplevel() on ptolemy.moml.MoMLSimpleApplication@2d2dbbf3
reloadAllAccessors: .URLDirectoryReader

===========================================================================================
----------------- testing Thu Jun 25 14:57:09 UTC 2020 /home/travis/build/icyphy/ptII/ptolemy/actor/lib/test/auto/URLDirectoryReader3.xml
----------------- Instantiating /home/travis/build/icyphy/ptII/ptolemy/actor/lib/test/auto/URLDirectoryReader3.xml
1095 ms. Memory: 468992K Free: 410584K (88%)
----------------- Invoking toplevel() on ptolemy.moml.MoMLSimpleApplication@3bd853f4
----------------- Done invoking toplevel() on ptolemy.moml.MoMLSimpleApplication@3bd853f4
reloadAllAccessors: .URLDirectoryReader3

===========================================================================================
----------------- testing Thu Jun 25 14:57:11 UTC 2020 /home/travis/build/icyphy/ptII/ptolemy/actor/lib/test/auto/UnaryMathFunction.xml
----------------- Instantiating /home/travis/build/icyphy/ptII/ptolemy/actor/lib/test/auto/UnaryMathFunction.xml
3 ms. Memory: 468992K Free: 402388K (86%)
----------------- Invoking toplevel() on ptolemy.moml.MoMLSimpleApplication@566a5910
----------------- Done invoking toplevel() on ptolemy.moml.MoMLSimpleApplication@566a5910
reloadAllAccessors: .UnaryMathFunction

===========================================================================================
----------------- testing Thu Jun 25 14:57:11 UTC 2020 /home/travis/build/icyphy/ptII/ptolemy/actor/lib/test/auto/Uniform.xml
----------------- Instantiating /home/travis/build/icyphy/ptII/ptolemy/actor/lib/test/auto/Uniform.xml
2 ms. Memory: 468992K Free: 397782K (85%)
----------------- Invoking toplevel() on ptolemy.moml.MoMLSimpleApplication@1cbbab09
----------------- Done invoking toplevel() on ptolemy.moml.MoMLSimpleApplication@1cbbab09
reloadAllAccessors: .Uniform

===========================================================================================
----------------- testing Thu Jun 25 14:57:11 UTC 2020 /home/travis/build/icyphy/ptII/ptolemy/actor/lib/test/auto/UnionDisassemblerTest.xml
----------------- Instantiating /home/travis/build/icyphy/ptII/ptolemy/actor/lib/test/auto/UnionDisassemblerTest.xml
8 ms. Memory: 468992K Free: 393142K (84%)
----------------- Invoking toplevel() on ptolemy.moml.MoMLSimpleApplication@6386981a
----------------- Done invoking toplevel() on ptolemy.moml.MoMLSimpleApplication@6386981a
reloadAllAccessors: .UnionDisassemblerTest

===========================================================================================
----------------- testing Thu Jun 25 14:57:11 UTC 2020 /home/travis/build/icyphy/ptII/ptolemy/actor/lib/test/auto/UtilityFunctions.xml
----------------- Instantiating /home/travis/build/icyphy/ptII/ptolemy/actor/lib/test/auto/UtilityFunctions.xml
1 ms. Memory: 468992K Free: 388566K (83%)
----------------- Invoking toplevel() on ptolemy.moml.MoMLSimpleApplication@6d46e629
----------------- Done invoking toplevel() on ptolemy.moml.MoMLSimpleApplication@6d46e629
reloadAllAccessors: .UtilityFunctions

===========================================================================================
----------------- testing Thu Jun 25 14:57:11 UTC 2020 /home/travis/build/icyphy/ptII/ptolemy/actor/lib/test/auto/VariableSleep.xml
----------------- Instantiating /home/travis/build/icyphy/ptII/ptolemy/actor/lib/test/auto/VariableSleep.xml
503 ms. Memory: 468992K Free: 383446K (82%)
----------------- Invoking toplevel() on ptolemy.moml.MoMLSimpleApplication@222cf803
----------------- Done invoking toplevel() on ptolemy.moml.MoMLSimpleApplication@222cf803
reloadAllAccessors: .VariableSleep

===========================================================================================
----------------- testing Thu Jun 25 14:57:11 UTC 2020 /home/travis/build/icyphy/ptII/ptolemy/actor/lib/test/auto/VectorAssemblerDisassemblerCT.xml
----------------- Instantiating /home/travis/build/icyphy/ptII/ptolemy/actor/lib/test/auto/VectorAssemblerDisassemblerCT.xml
43 ms. Memory: 468992K Free: 362452K (77%)
----------------- Invoking toplevel() on ptolemy.moml.MoMLSimpleApplication@516c5e19
----------------- Done invoking toplevel() on ptolemy.moml.MoMLSimpleApplication@516c5e19
reloadAllAccessors: .VectorAssemblerDisassemblerCT

===========================================================================================
----------------- testing Thu Jun 25 14:57:11 UTC 2020 /home/travis/build/icyphy/ptII/ptolemy/actor/lib/test/auto/VectorAssemblerDisassemblerDE.xml
----------------- Instantiating /home/travis/build/icyphy/ptII/ptolemy/actor/lib/test/auto/VectorAssemblerDisassemblerDE.xml
3 ms. Memory: 468992K Free: 354774K (76%)
----------------- Invoking toplevel() on ptolemy.moml.MoMLSimpleApplication@7d96a697
----------------- Done invoking toplevel() on ptolemy.moml.MoMLSimpleApplication@7d96a697
reloadAllAccessors: .VectorAssemblerDisassemblerDE

===========================================================================================
----------------- testing Thu Jun 25 14:57:11 UTC 2020 /home/travis/build/icyphy/ptII/ptolemy/actor/lib/test/auto/VectorAssemblerDisassemblerSDF.xml
----------------- Instantiating /home/travis/build/icyphy/ptII/ptolemy/actor/lib/test/auto/VectorAssemblerDisassemblerSDF.xml
2 ms. Memory: 468992K Free: 348116K (74%)
----------------- Invoking toplevel() on ptolemy.moml.MoMLSimpleApplication@167ec9ea
----------------- Done invoking toplevel() on ptolemy.moml.MoMLSimpleApplication@167ec9ea
reloadAllAccessors: .VectorAssemblerDisassemblerSDF

===========================================================================================
----------------- testing Thu Jun 25 14:57:11 UTC 2020 /home/travis/build/icyphy/ptII/ptolemy/actor/lib/test/auto/WallClockTime.xml
----------------- Instantiating /home/travis/build/icyphy/ptII/ptolemy/actor/lib/test/auto/WallClockTime.xml
1005 ms. Memory: 468992K Free: 342996K (73%)
----------------- Invoking toplevel() on ptolemy.moml.MoMLSimpleApplication@f0545dc
----------------- Done invoking toplevel() on ptolemy.moml.MoMLSimpleApplication@f0545dc
reloadAllAccessors: .WallClockTime

===========================================================================================
----------------- testing Thu Jun 25 14:57:12 UTC 2020 /home/travis/build/icyphy/ptII/ptolemy/actor/lib/test/auto/WidthTestWithSubscriberPublisher.xml
----------------- Instantiating /home/travis/build/icyphy/ptII/ptolemy/actor/lib/test/auto/WidthTestWithSubscriberPublisher.xml
8 ms. Memory: 468992K Free: 325078K (69%)
----------------- Invoking toplevel() on ptolemy.moml.MoMLSimpleApplication@2e5b25be
----------------- Done invoking toplevel() on ptolemy.moml.MoMLSimpleApplication@2e5b25be
reloadAllAccessors: .WidthTestWithSubscriberPublisher

===========================================================================================
----------------- testing Thu Jun 25 14:57:13 UTC 2020 /home/travis/build/icyphy/ptII/ptolemy/actor/lib/test/auto/WidthTestWithSubscriberPublisher2.xml
----------------- Instantiating /home/travis/build/icyphy/ptII/ptolemy/actor/lib/test/auto/WidthTestWithSubscriberPublisher2.xml
4 ms. Memory: 468992K Free: 318934K (68%)
----------------- Invoking toplevel() on ptolemy.moml.MoMLSimpleApplication@65914b4b
----------------- Done invoking toplevel() on ptolemy.moml.MoMLSimpleApplication@65914b4b
reloadAllAccessors: .WidthTestWithSubscriberPublisher2

===========================================================================================
----------------- testing Thu Jun 25 14:57:13 UTC 2020 /home/travis/build/icyphy/ptII/ptolemy/actor/lib/test/auto/WidthTestWithSubscriberPublisher3.xml
----------------- Instantiating /home/travis/build/icyphy/ptII/ptolemy/actor/lib/test/auto/WidthTestWithSubscriberPublisher3.xml
2 ms. Memory: 468992K Free: 313300K (67%)
----------------- Invoking toplevel() on ptolemy.moml.MoMLSimpleApplication@85534a1
----------------- Done invoking toplevel() on ptolemy.moml.MoMLSimpleApplication@85534a1
reloadAllAccessors: .WidthTestWithSubscriberPublisher3

===========================================================================================
----------------- testing Thu Jun 25 14:57:13 UTC 2020 /home/travis/build/icyphy/ptII/ptolemy/actor/lib/test/auto/Writer.xml
----------------- Instantiating /home/travis/build/icyphy/ptII/ptolemy/actor/lib/test/auto/Writer.xml
0
1
2
3
4
2 ms. Memory: 468992K Free: 309190K (66%)
----------------- Invoking toplevel() on ptolemy.moml.MoMLSimpleApplication@5b204e5e
----------------- Done invoking toplevel() on ptolemy.moml.MoMLSimpleApplication@5b204e5e
reloadAllAccessors: .Writer

===========================================================================================
----------------- testing Thu Jun 25 14:57:13 UTC 2020 /home/travis/build/icyphy/ptII/ptolemy/actor/lib/test/auto/array.xml
----------------- Instantiating /home/travis/build/icyphy/ptII/ptolemy/actor/lib/test/auto/array.xml
2 ms. Memory: 468992K Free: 304084K (65%)
----------------- Invoking toplevel() on ptolemy.moml.MoMLSimpleApplication@40ff4323
----------------- Done invoking toplevel() on ptolemy.moml.MoMLSimpleApplication@40ff4323
reloadAllAccessors: .array

===========================================================================================
----------------- testing Thu Jun 25 14:57:13 UTC 2020 /home/travis/build/icyphy/ptII/ptolemy/actor/lib/test/auto/array2.xml
----------------- Instantiating /home/travis/build/icyphy/ptII/ptolemy/actor/lib/test/auto/array2.xml
4 ms. Memory: 468992K Free: 298950K (64%)
----------------- Invoking toplevel() on ptolemy.moml.MoMLSimpleApplication@587186be
----------------- Done invoking toplevel() on ptolemy.moml.MoMLSimpleApplication@587186be
reloadAllAccessors: .array2

===========================================================================================
----------------- testing Thu Jun 25 14:57:13 UTC 2020 /home/travis/build/icyphy/ptII/ptolemy/actor/lib/test/auto/arrayType.xml
----------------- Instantiating /home/travis/build/icyphy/ptII/ptolemy/actor/lib/test/auto/arrayType.xml
2 ms. Memory: 468992K Free: 293334K (63%)
----------------- Invoking toplevel() on ptolemy.moml.MoMLSimpleApplication@11e63501
----------------- Done invoking toplevel() on ptolemy.moml.MoMLSimpleApplication@11e63501
reloadAllAccessors: .arrayType

===========================================================================================
----------------- testing Thu Jun 25 14:57:13 UTC 2020 /home/travis/build/icyphy/ptII/ptolemy/actor/lib/test/auto/arrayType10.xml
----------------- Instantiating /home/travis/build/icyphy/ptII/ptolemy/actor/lib/test/auto/arrayType10.xml
6 ms. Memory: 468992K Free: 288724K (62%)
----------------- Invoking toplevel() on ptolemy.moml.MoMLSimpleApplication@616f54c7
----------------- Done invoking toplevel() on ptolemy.moml.MoMLSimpleApplication@616f54c7
reloadAllAccessors: .arrayType10

===========================================================================================
----------------- testing Thu Jun 25 14:57:13 UTC 2020 /home/travis/build/icyphy/ptII/ptolemy/actor/lib/test/auto/arrayType11.xml
----------------- Instantiating /home/travis/build/icyphy/ptII/ptolemy/actor/lib/test/auto/arrayType11.xml
1 ms. Memory: 468992K Free: 284118K (61%)
----------------- Invoking toplevel() on ptolemy.moml.MoMLSimpleApplication@315d9bcc
----------------- Done invoking toplevel() on ptolemy.moml.MoMLSimpleApplication@315d9bcc
reloadAllAccessors: .arrayType11

===========================================================================================
----------------- testing Thu Jun 25 14:57:13 UTC 2020 /home/travis/build/icyphy/ptII/ptolemy/actor/lib/test/auto/arrayType12.xml
----------------- Instantiating /home/travis/build/icyphy/ptII/ptolemy/actor/lib/test/auto/arrayType12.xml
1 ms. Memory: 468992K Free: 278998K (59%)
----------------- Invoking toplevel() on ptolemy.moml.MoMLSimpleApplication@b0d678
----------------- Done invoking toplevel() on ptolemy.moml.MoMLSimpleApplication@b0d678
reloadAllAccessors: .arrayType12

===========================================================================================
----------------- testing Thu Jun 25 14:57:13 UTC 2020 /home/travis/build/icyphy/ptII/ptolemy/actor/lib/test/auto/arrayType13.xml
----------------- Instantiating /home/travis/build/icyphy/ptII/ptolemy/actor/lib/test/auto/arrayType13.xml
2 ms. Memory: 468992K Free: 273878K (58%)
----------------- Invoking toplevel() on ptolemy.moml.MoMLSimpleApplication@5ad8d7d8
----------------- Done invoking toplevel() on ptolemy.moml.MoMLSimpleApplication@5ad8d7d8
reloadAllAccessors: .arrayType13

===========================================================================================
----------------- testing Thu Jun 25 14:57:13 UTC 2020 /home/travis/build/icyphy/ptII/ptolemy/actor/lib/test/auto/arrayType14.xml
----------------- Instantiating /home/travis/build/icyphy/ptII/ptolemy/actor/lib/test/auto/arrayType14.xml
1 ms. Memory: 468992K Free: 268758K (57%)
----------------- Invoking toplevel() on ptolemy.moml.MoMLSimpleApplication@559d8a2f
----------------- Done invoking toplevel() on ptolemy.moml.MoMLSimpleApplication@559d8a2f
reloadAllAccessors: .arrayType14

===========================================================================================
----------------- testing Thu Jun 25 14:57:13 UTC 2020 /home/travis/build/icyphy/ptII/ptolemy/actor/lib/test/auto/arrayType15.xml
----------------- Instantiating /home/travis/build/icyphy/ptII/ptolemy/actor/lib/test/auto/arrayType15.xml
3 ms. Memory: 468992K Free: 263110K (56%)
----------------- Invoking toplevel() on ptolemy.moml.MoMLSimpleApplication@1cd2da9f
----------------- Done invoking toplevel() on ptolemy.moml.MoMLSimpleApplication@1cd2da9f
reloadAllAccessors: .arrayType15

===========================================================================================
----------------- testing Thu Jun 25 14:57:13 UTC 2020 /home/travis/build/icyphy/ptII/ptolemy/actor/lib/test/auto/arrayType16.xml
----------------- Instantiating /home/travis/build/icyphy/ptII/ptolemy/actor/lib/test/auto/arrayType16.xml
4 ms. Memory: 468992K Free: 258004K (55%)
----------------- Invoking toplevel() on ptolemy.moml.MoMLSimpleApplication@2cb78829
----------------- Done invoking toplevel() on ptolemy.moml.MoMLSimpleApplication@2cb78829
reloadAllAccessors: .arrayType16

===========================================================================================
----------------- testing Thu Jun 25 14:57:13 UTC 2020 /home/travis/build/icyphy/ptII/ptolemy/actor/lib/test/auto/arrayType17.xml
----------------- Instantiating /home/travis/build/icyphy/ptII/ptolemy/actor/lib/test/auto/arrayType17.xml
1 ms. Memory: 468992K Free: 252870K (54%)
----------------- Invoking toplevel() on ptolemy.moml.MoMLSimpleApplication@5d2c692c
----------------- Done invoking toplevel() on ptolemy.moml.MoMLSimpleApplication@5d2c692c
reloadAllAccessors: .arrayType17

===========================================================================================
----------------- testing Thu Jun 25 14:57:13 UTC 2020 /home/travis/build/icyphy/ptII/ptolemy/actor/lib/test/auto/arrayType18.xml
----------------- Instantiating /home/travis/build/icyphy/ptII/ptolemy/actor/lib/test/auto/arrayType18.xml
1 ms. Memory: 468992K Free: 247764K (53%)
----------------- Invoking toplevel() on ptolemy.moml.MoMLSimpleApplication@5a308cd8
----------------- Done invoking toplevel() on ptolemy.moml.MoMLSimpleApplication@5a308cd8
reloadAllAccessors: .arrayType18

===========================================================================================
----------------- testing Thu Jun 25 14:57:13 UTC 2020 /home/travis/build/icyphy/ptII/ptolemy/actor/lib/test/auto/arrayType19.xml
----------------- Instantiating /home/travis/build/icyphy/ptII/ptolemy/actor/lib/test/auto/arrayType19.xml
1 ms. Memory: 468992K Free: 243158K (52%)
----------------- Invoking toplevel() on ptolemy.moml.MoMLSimpleApplication@36bb8a08
----------------- Done invoking toplevel() on ptolemy.moml.MoMLSimpleApplication@36bb8a08
reloadAllAccessors: .arrayType19

===========================================================================================
----------------- testing Thu Jun 25 14:57:13 UTC 2020 /home/travis/build/icyphy/ptII/ptolemy/actor/lib/test/auto/arrayType2.xml
----------------- Instantiating /home/travis/build/icyphy/ptII/ptolemy/actor/lib/test/auto/arrayType2.xml
2 ms. Memory: 468992K Free: 238038K (51%)
----------------- Invoking toplevel() on ptolemy.moml.MoMLSimpleApplication@e6aeeea
----------------- Done invoking toplevel() on ptolemy.moml.MoMLSimpleApplication@e6aeeea
reloadAllAccessors: .arrayType2

===========================================================================================
----------------- testing Thu Jun 25 14:57:13 UTC 2020 /home/travis/build/icyphy/ptII/ptolemy/actor/lib/test/auto/arrayType20.xml
----------------- Instantiating /home/travis/build/icyphy/ptII/ptolemy/actor/lib/test/auto/arrayType20.xml
2 ms. Memory: 468992K Free: 232918K (50%)
----------------- Invoking toplevel() on ptolemy.moml.MoMLSimpleApplication@7b8fe9c0
----------------- Done invoking toplevel() on ptolemy.moml.MoMLSimpleApplication@7b8fe9c0
reloadAllAccessors: .arrayType20

===========================================================================================
----------------- testing Thu Jun 25 14:57:13 UTC 2020 /home/travis/build/icyphy/ptII/ptolemy/actor/lib/test/auto/arrayType21.xml
----------------- Instantiating /home/travis/build/icyphy/ptII/ptolemy/actor/lib/test/auto/arrayType21.xml
2 ms. Memory: 468992K Free: 228308K (49%)
----------------- Invoking toplevel() on ptolemy.moml.MoMLSimpleApplication@497ab86b
----------------- Done invoking toplevel() on ptolemy.moml.MoMLSimpleApplication@497ab86b
reloadAllAccessors: .arrayType21

===========================================================================================
----------------- testing Thu Jun 25 14:57:13 UTC 2020 /home/travis/build/icyphy/ptII/ptolemy/actor/lib/test/auto/arrayType22.xml
----------------- Instantiating /home/travis/build/icyphy/ptII/ptolemy/actor/lib/test/auto/arrayType22.xml
1 ms. Memory: 468992K Free: 223702K (48%)
----------------- Invoking toplevel() on ptolemy.moml.MoMLSimpleApplication@8f0d1f9
----------------- Done invoking toplevel() on ptolemy.moml.MoMLSimpleApplication@8f0d1f9
reloadAllAccessors: .arrayType22

===========================================================================================
----------------- testing Thu Jun 25 14:57:13 UTC 2020 /home/travis/build/icyphy/ptII/ptolemy/actor/lib/test/auto/arrayType23.xml
----------------- Instantiating /home/travis/build/icyphy/ptII/ptolemy/actor/lib/test/auto/arrayType23.xml
2 ms. Memory: 468992K Free: 218582K (47%)
----------------- Invoking toplevel() on ptolemy.moml.MoMLSimpleApplication@4044adbb
----------------- Done invoking toplevel() on ptolemy.moml.MoMLSimpleApplication@4044adbb
reloadAllAccessors: .arrayType23

===========================================================================================
----------------- testing Thu Jun 25 14:57:13 UTC 2020 /home/travis/build/icyphy/ptII/ptolemy/actor/lib/test/auto/arrayType24.xml
----------------- Instantiating /home/travis/build/icyphy/ptII/ptolemy/actor/lib/test/auto/arrayType24.xml
1 ms. Memory: 468992K Free: 213972K (46%)
----------------- Invoking toplevel() on ptolemy.moml.MoMLSimpleApplication@fe44f98
----------------- Done invoking toplevel() on ptolemy.moml.MoMLSimpleApplication@fe44f98
reloadAllAccessors: .arrayType24

===========================================================================================
----------------- testing Thu Jun 25 14:57:13 UTC 2020 /home/travis/build/icyphy/ptII/ptolemy/actor/lib/test/auto/arrayType25.xml
----------------- Instantiating /home/travis/build/icyphy/ptII/ptolemy/actor/lib/test/auto/arrayType25.xml
1 ms. Memory: 468992K Free: 208342K (44%)
----------------- Invoking toplevel() on ptolemy.moml.MoMLSimpleApplication@645fbc6e
----------------- Done invoking toplevel() on ptolemy.moml.MoMLSimpleApplication@645fbc6e
reloadAllAccessors: .arrayType25

===========================================================================================
----------------- testing Thu Jun 25 14:57:13 UTC 2020 /home/travis/build/icyphy/ptII/ptolemy/actor/lib/test/auto/arrayType26.xml
----------------- Instantiating /home/travis/build/icyphy/ptII/ptolemy/actor/lib/test/auto/arrayType26.xml
1 ms. Memory: 468992K Free: 203222K (43%)
----------------- Invoking toplevel() on ptolemy.moml.MoMLSimpleApplication@195e25e1
----------------- Done invoking toplevel() on ptolemy.moml.MoMLSimpleApplication@195e25e1
reloadAllAccessors: .arrayType26

===========================================================================================
----------------- testing Thu Jun 25 14:57:13 UTC 2020 /home/travis/build/icyphy/ptII/ptolemy/actor/lib/test/auto/arrayType27.xml
----------------- Instantiating /home/travis/build/icyphy/ptII/ptolemy/actor/lib/test/auto/arrayType27.xml
1 ms. Memory: 468992K Free: 198102K (42%)
----------------- Invoking toplevel() on ptolemy.moml.MoMLSimpleApplication@5e766eba
----------------- Done invoking toplevel() on ptolemy.moml.MoMLSimpleApplication@5e766eba
reloadAllAccessors: .arrayType27

===========================================================================================
----------------- testing Thu Jun 25 14:57:13 UTC 2020 /home/travis/build/icyphy/ptII/ptolemy/actor/lib/test/auto/arrayType28.xml
----------------- Instantiating /home/travis/build/icyphy/ptII/ptolemy/actor/lib/test/auto/arrayType28.xml
1 ms. Memory: 468992K Free: 192468K (41%)
----------------- Invoking toplevel() on ptolemy.moml.MoMLSimpleApplication@c95e396
----------------- Done invoking toplevel() on ptolemy.moml.MoMLSimpleApplication@c95e396
reloadAllAccessors: .arrayType28

===========================================================================================
----------------- testing Thu Jun 25 14:57:13 UTC 2020 /home/travis/build/icyphy/ptII/ptolemy/actor/lib/test/auto/arrayType3.xml
----------------- Instantiating /home/travis/build/icyphy/ptII/ptolemy/actor/lib/test/auto/arrayType3.xml
2 ms. Memory: 468992K Free: 187348K (40%)
----------------- Invoking toplevel() on ptolemy.moml.MoMLSimpleApplication@643b86aa
----------------- Done invoking toplevel() on ptolemy.moml.MoMLSimpleApplication@643b86aa
reloadAllAccessors: .arrayType3

===========================================================================================
----------------- testing Thu Jun 25 14:57:13 UTC 2020 /home/travis/build/icyphy/ptII/ptolemy/actor/lib/test/auto/arrayType4.xml
----------------- Instantiating /home/travis/build/icyphy/ptII/ptolemy/actor/lib/test/auto/arrayType4.xml
2 ms. Memory: 468992K Free: 182228K (39%)
----------------- Invoking toplevel() on ptolemy.moml.MoMLSimpleApplication@4046e6
----------------- Done invoking toplevel() on ptolemy.moml.MoMLSimpleApplication@4046e6
reloadAllAccessors: .arrayType4

===========================================================================================
----------------- testing Thu Jun 25 14:57:13 UTC 2020 /home/travis/build/icyphy/ptII/ptolemy/actor/lib/test/auto/arrayType5.xml
----------------- Instantiating /home/travis/build/icyphy/ptII/ptolemy/actor/lib/test/auto/arrayType5.xml
2 ms. Memory: 468992K Free: 176598K (38%)
----------------- Invoking toplevel() on ptolemy.moml.MoMLSimpleApplication@6b84f36a
----------------- Done invoking toplevel() on ptolemy.moml.MoMLSimpleApplication@6b84f36a
reloadAllAccessors: .arrayType5

===========================================================================================
----------------- testing Thu Jun 25 14:57:13 UTC 2020 /home/travis/build/icyphy/ptII/ptolemy/actor/lib/test/auto/arrayType6.xml
----------------- Instantiating /home/travis/build/icyphy/ptII/ptolemy/actor/lib/test/auto/arrayType6.xml
2 ms. Memory: 468992K Free: 171988K (37%)
----------------- Invoking toplevel() on ptolemy.moml.MoMLSimpleApplication@2368579e
----------------- Done invoking toplevel() on ptolemy.moml.MoMLSimpleApplication@2368579e
reloadAllAccessors: .arrayType6

===========================================================================================
----------------- testing Thu Jun 25 14:57:13 UTC 2020 /home/travis/build/icyphy/ptII/ptolemy/actor/lib/test/auto/arrayType7.xml
----------------- Instantiating /home/travis/build/icyphy/ptII/ptolemy/actor/lib/test/auto/arrayType7.xml
6 ms. Memory: 468992K Free: 166868K (36%)
----------------- Invoking toplevel() on ptolemy.moml.MoMLSimpleApplication@2ad053c4
----------------- Done invoking toplevel() on ptolemy.moml.MoMLSimpleApplication@2ad053c4
reloadAllAccessors: .arrayType7

===========================================================================================
----------------- testing Thu Jun 25 14:57:13 UTC 2020 /home/travis/build/icyphy/ptII/ptolemy/actor/lib/test/auto/arrayType8.xml
----------------- Instantiating /home/travis/build/icyphy/ptII/ptolemy/actor/lib/test/auto/arrayType8.xml
2 ms. Memory: 468992K Free: 162262K (35%)
----------------- Invoking toplevel() on ptolemy.moml.MoMLSimpleApplication@1d6c7043
----------------- Done invoking toplevel() on ptolemy.moml.MoMLSimpleApplication@1d6c7043
reloadAllAccessors: .arrayType8

===========================================================================================
----------------- testing Thu Jun 25 14:57:13 UTC 2020 /home/travis/build/icyphy/ptII/ptolemy/actor/lib/test/auto/arrayType9.xml
----------------- Instantiating /home/travis/build/icyphy/ptII/ptolemy/actor/lib/test/auto/arrayType9.xml
2 ms. Memory: 468992K Free: 157652K (34%)
----------------- Invoking toplevel() on ptolemy.moml.MoMLSimpleApplication@787e0d89
----------------- Done invoking toplevel() on ptolemy.moml.MoMLSimpleApplication@787e0d89
reloadAllAccessors: .arrayType9

===========================================================================================
----------------- testing Thu Jun 25 14:57:13 UTC 2020 /home/travis/build/icyphy/ptII/ptolemy/actor/lib/test/auto/cast.xml
----------------- Instantiating /home/travis/build/icyphy/ptII/ptolemy/actor/lib/test/auto/cast.xml
2 ms. Memory: 468992K Free: 152532K (33%)
----------------- Invoking toplevel() on ptolemy.moml.MoMLSimpleApplication@15d858a0
----------------- Done invoking toplevel() on ptolemy.moml.MoMLSimpleApplication@15d858a0
reloadAllAccessors: .cast

===========================================================================================
----------------- testing Thu Jun 25 14:57:13 UTC 2020 /home/travis/build/icyphy/ptII/ptolemy/actor/lib/test/auto/compositeMultiPort.xml
----------------- Instantiating /home/travis/build/icyphy/ptII/ptolemy/actor/lib/test/auto/compositeMultiPort.xml
3 ms. Memory: 468992K Free: 143830K (31%)
----------------- Invoking toplevel() on ptolemy.moml.MoMLSimpleApplication@34cb3e3e
----------------- Done invoking toplevel() on ptolemy.moml.MoMLSimpleApplication@34cb3e3e
reloadAllAccessors: .compositeMultiPort

===========================================================================================
----------------- testing Thu Jun 25 14:57:13 UTC 2020 /home/travis/build/icyphy/ptII/ptolemy/actor/lib/test/auto/expressionCastInference.xml
----------------- Instantiating /home/travis/build/icyphy/ptII/ptolemy/actor/lib/test/auto/expressionCastInference.xml
2 ms. Memory: 468992K Free: 413844K (88%)
----------------- Invoking toplevel() on ptolemy.moml.MoMLSimpleApplication@3d18cce
----------------- Done invoking toplevel() on ptolemy.moml.MoMLSimpleApplication@3d18cce
reloadAllAccessors: .expressionCastInference

===========================================================================================
----------------- testing Thu Jun 25 14:57:13 UTC 2020 /home/travis/build/icyphy/ptII/ptolemy/actor/lib/test/auto/expressionCastInference2.xml
----------------- Instantiating /home/travis/build/icyphy/ptII/ptolemy/actor/lib/test/auto/expressionCastInference2.xml
2 ms. Memory: 468992K Free: 408724K (87%)
----------------- Invoking toplevel() on ptolemy.moml.MoMLSimpleApplication@6fb1335
----------------- Done invoking toplevel() on ptolemy.moml.MoMLSimpleApplication@6fb1335
reloadAllAccessors: .expressionCastInference2

===========================================================================================
----------------- testing Thu Jun 25 14:57:13 UTC 2020 /home/travis/build/icyphy/ptII/ptolemy/actor/lib/test/auto/expressionInference.xml
----------------- Instantiating /home/travis/build/icyphy/ptII/ptolemy/actor/lib/test/auto/expressionInference.xml
1 ms. Memory: 468992K Free: 404628K (86%)
----------------- Invoking toplevel() on ptolemy.moml.MoMLSimpleApplication@36ecdf76
----------------- Done invoking toplevel() on ptolemy.moml.MoMLSimpleApplication@36ecdf76
reloadAllAccessors: .expressionInference

===========================================================================================
----------------- testing Thu Jun 25 14:57:13 UTC 2020 /home/travis/build/icyphy/ptII/ptolemy/actor/lib/test/auto/expression_bug.xml
----------------- Instantiating /home/travis/build/icyphy/ptII/ptolemy/actor/lib/test/auto/expression_bug.xml
1 ms. Memory: 468992K Free: 400018K (85%)
----------------- Invoking toplevel() on ptolemy.moml.MoMLSimpleApplication@4c77dc6f
----------------- Done invoking toplevel() on ptolemy.moml.MoMLSimpleApplication@4c77dc6f
reloadAllAccessors: .expression_bug

===========================================================================================
----------------- testing Thu Jun 25 14:57:13 UTC 2020 /home/travis/build/icyphy/ptII/ptolemy/actor/lib/test/auto/factorial.xml
----------------- Instantiating /home/travis/build/icyphy/ptII/ptolemy/actor/lib/test/auto/factorial.xml
58 ms. Memory: 468992K Free: 391826K (84%)
----------------- Invoking toplevel() on ptolemy.moml.MoMLSimpleApplication@218d1de9
----------------- Done invoking toplevel() on ptolemy.moml.MoMLSimpleApplication@218d1de9
reloadAllAccessors: .factorial

===========================================================================================
----------------- testing Thu Jun 25 14:57:13 UTC 2020 /home/travis/build/icyphy/ptII/ptolemy/actor/lib/test/auto/filterTest1.xml
----------------- Instantiating /home/travis/build/icyphy/ptII/ptolemy/actor/lib/test/auto/filterTest1.xml
3 ms. Memory: 468992K Free: 385682K (82%)
----------------- Invoking toplevel() on ptolemy.moml.MoMLSimpleApplication@4e0a219c
----------------- Done invoking toplevel() on ptolemy.moml.MoMLSimpleApplication@4e0a219c
reloadAllAccessors: .filterTest1

===========================================================================================
----------------- testing Thu Jun 25 14:57:13 UTC 2020 /home/travis/build/icyphy/ptII/ptolemy/actor/lib/test/auto/funcApplyInConst.xml
----------------- Instantiating /home/travis/build/icyphy/ptII/ptolemy/actor/lib/test/auto/funcApplyInConst.xml
1 ms. Memory: 468992K Free: 382100K (81%)
----------------- Invoking toplevel() on ptolemy.moml.MoMLSimpleApplication@542b1229
----------------- Done invoking toplevel() on ptolemy.moml.MoMLSimpleApplication@542b1229
reloadAllAccessors: .funcApplyInConst

===========================================================================================
----------------- testing Thu Jun 25 14:57:13 UTC 2020 /home/travis/build/icyphy/ptII/ptolemy/actor/lib/test/auto/funcApplyInExpr.xml
----------------- Instantiating /home/travis/build/icyphy/ptII/ptolemy/actor/lib/test/auto/funcApplyInExpr.xml
1 ms. Memory: 468992K Free: 378514K (81%)
----------------- Invoking toplevel() on ptolemy.moml.MoMLSimpleApplication@190a3559
----------------- Done invoking toplevel() on ptolemy.moml.MoMLSimpleApplication@190a3559
reloadAllAccessors: .funcApplyInExpr

===========================================================================================
----------------- testing Thu Jun 25 14:57:13 UTC 2020 /home/travis/build/icyphy/ptII/ptolemy/actor/lib/test/auto/function.xml
----------------- Instantiating /home/travis/build/icyphy/ptII/ptolemy/actor/lib/test/auto/function.xml
2 ms. Memory: 468992K Free: 373394K (80%)
----------------- Invoking toplevel() on ptolemy.moml.MoMLSimpleApplication@14f474cc
----------------- Done invoking toplevel() on ptolemy.moml.MoMLSimpleApplication@14f474cc
reloadAllAccessors: .function

===========================================================================================
----------------- testing Thu Jun 25 14:57:13 UTC 2020 /home/travis/build/icyphy/ptII/ptolemy/actor/lib/test/auto/function2.xml
----------------- Instantiating /home/travis/build/icyphy/ptII/ptolemy/actor/lib/test/auto/function2.xml
2 ms. Memory: 468992K Free: 368788K (79%)
----------------- Invoking toplevel() on ptolemy.moml.MoMLSimpleApplication@643a8f9
----------------- Done invoking toplevel() on ptolemy.moml.MoMLSimpleApplication@643a8f9
reloadAllAccessors: .function2

===========================================================================================
----------------- testing Thu Jun 25 14:57:13 UTC 2020 /home/travis/build/icyphy/ptII/ptolemy/actor/lib/test/auto/function3.xml
----------------- Instantiating /home/travis/build/icyphy/ptII/ptolemy/actor/lib/test/auto/function3.xml
2 ms. Memory: 468992K Free: 364692K (78%)
----------------- Invoking toplevel() on ptolemy.moml.MoMLSimpleApplication@7cbaafa7
----------------- Done invoking toplevel() on ptolemy.moml.MoMLSimpleApplication@7cbaafa7
reloadAllAccessors: .function3

===========================================================================================
----------------- testing Thu Jun 25 14:57:13 UTC 2020 /home/travis/build/icyphy/ptII/ptolemy/actor/lib/test/auto/functionClosureTest1.xml
----------------- Instantiating /home/travis/build/icyphy/ptII/ptolemy/actor/lib/test/auto/functionClosureTest1.xml
4 ms. Memory: 468992K Free: 359052K (77%)
----------------- Invoking toplevel() on ptolemy.moml.MoMLSimpleApplication@5fd01bbd
----------------- Done invoking toplevel() on ptolemy.moml.MoMLSimpleApplication@5fd01bbd
reloadAllAccessors: .functionClosureTest1

===========================================================================================
----------------- testing Thu Jun 25 14:57:13 UTC 2020 /home/travis/build/icyphy/ptII/ptolemy/actor/lib/test/auto/functionClosureTest2.xml
----------------- Instantiating /home/travis/build/icyphy/ptII/ptolemy/actor/lib/test/auto/functionClosureTest2.xml
2 ms. Memory: 468992K Free: 354962K (76%)
----------------- Invoking toplevel() on ptolemy.moml.MoMLSimpleApplication@5730cbeb
----------------- Done invoking toplevel() on ptolemy.moml.MoMLSimpleApplication@5730cbeb
reloadAllAccessors: .functionClosureTest2

===========================================================================================
----------------- testing Thu Jun 25 14:57:13 UTC 2020 /home/travis/build/icyphy/ptII/ptolemy/actor/lib/test/auto/functionClosureTest3.xml
----------------- Instantiating /home/travis/build/icyphy/ptII/ptolemy/actor/lib/test/auto/functionClosureTest3.xml
2 ms. Memory: 468992K Free: 349842K (75%)
----------------- Invoking toplevel() on ptolemy.moml.MoMLSimpleApplication@55e3a48c
----------------- Done invoking toplevel() on ptolemy.moml.MoMLSimpleApplication@55e3a48c
reloadAllAccessors: .functionClosureTest3

===========================================================================================
----------------- testing Thu Jun 25 14:57:13 UTC 2020 /home/travis/build/icyphy/ptII/ptolemy/actor/lib/test/auto/functionClosureTest4.xml
----------------- Instantiating /home/travis/build/icyphy/ptII/ptolemy/actor/lib/test/auto/functionClosureTest4.xml
6 ms. Memory: 468992K Free: 343188K (73%)
----------------- Invoking toplevel() on ptolemy.moml.MoMLSimpleApplication@15554f12
----------------- Done invoking toplevel() on ptolemy.moml.MoMLSimpleApplication@15554f12
reloadAllAccessors: .functionClosureTest4

===========================================================================================
----------------- testing Thu Jun 25 14:57:13 UTC 2020 /home/travis/build/icyphy/ptII/ptolemy/actor/lib/test/auto/functionClosureTest5.xml
----------------- Instantiating /home/travis/build/icyphy/ptII/ptolemy/actor/lib/test/auto/functionClosureTest5.xml
4 ms. Memory: 468992K Free: 338068K (72%)
----------------- Invoking toplevel() on ptolemy.moml.MoMLSimpleApplication@1ebdae47
----------------- Done invoking toplevel() on ptolemy.moml.MoMLSimpleApplication@1ebdae47
reloadAllAccessors: .functionClosureTest5

===========================================================================================
----------------- testing Thu Jun 25 14:57:13 UTC 2020 /home/travis/build/icyphy/ptII/ptolemy/actor/lib/test/auto/functionClosureTest6.xml
----------------- Instantiating /home/travis/build/icyphy/ptII/ptolemy/actor/lib/test/auto/functionClosureTest6.xml
1 ms. Memory: 468992K Free: 333444K (71%)
----------------- Invoking toplevel() on ptolemy.moml.MoMLSimpleApplication@1df9d41d
----------------- Done invoking toplevel() on ptolemy.moml.MoMLSimpleApplication@1df9d41d
reloadAllAccessors: .functionClosureTest6

===========================================================================================
----------------- testing Thu Jun 25 14:57:13 UTC 2020 /home/travis/build/icyphy/ptII/ptolemy/actor/lib/test/auto/functionsOnArcs.xml
----------------- Instantiating /home/travis/build/icyphy/ptII/ptolemy/actor/lib/test/auto/functionsOnArcs.xml
2 ms. Memory: 468992K Free: 327828K (70%)
----------------- Invoking toplevel() on ptolemy.moml.MoMLSimpleApplication@4aade87e
----------------- Done invoking toplevel() on ptolemy.moml.MoMLSimpleApplication@4aade87e
reloadAllAccessors: .functionsOnArcs

===========================================================================================
----------------- testing Thu Jun 25 14:57:13 UTC 2020 /home/travis/build/icyphy/ptII/ptolemy/actor/lib/test/auto/functionsOnArcsHOF.xml
----------------- Instantiating /home/travis/build/icyphy/ptII/ptolemy/actor/lib/test/auto/functionsOnArcsHOF.xml
3 ms. Memory: 468992K Free: 322194K (69%)
----------------- Invoking toplevel() on ptolemy.moml.MoMLSimpleApplication@745ff56b
----------------- Done invoking toplevel() on ptolemy.moml.MoMLSimpleApplication@745ff56b
reloadAllAccessors: .functionsOnArcsHOF

===========================================================================================
----------------- testing Thu Jun 25 14:57:13 UTC 2020 /home/travis/build/icyphy/ptII/ptolemy/actor/lib/test/auto/logic.xml
----------------- Instantiating /home/travis/build/icyphy/ptII/ptolemy/actor/lib/test/auto/logic.xml
2 ms. Memory: 468992K Free: 314516K (67%)
----------------- Invoking toplevel() on ptolemy.moml.MoMLSimpleApplication@39549b71
----------------- Done invoking toplevel() on ptolemy.moml.MoMLSimpleApplication@39549b71
reloadAllAccessors: .logic

===========================================================================================
----------------- testing Thu Jun 25 14:57:13 UTC 2020 /home/travis/build/icyphy/ptII/ptolemy/actor/lib/test/auto/matrixType.xml
----------------- Instantiating /home/travis/build/icyphy/ptII/ptolemy/actor/lib/test/auto/matrixType.xml
1 ms. Memory: 468992K Free: 309906K (66%)
----------------- Invoking toplevel() on ptolemy.moml.MoMLSimpleApplication@7fd15e6
----------------- Done invoking toplevel() on ptolemy.moml.MoMLSimpleApplication@7fd15e6
reloadAllAccessors: .matrixType

===========================================================================================
----------------- testing Thu Jun 25 14:57:14 UTC 2020 /home/travis/build/icyphy/ptII/ptolemy/actor/lib/test/auto/matrixType10.xml
----------------- Instantiating /home/travis/build/icyphy/ptII/ptolemy/actor/lib/test/auto/matrixType10.xml
1 ms. Memory: 468992K Free: 304786K (65%)
----------------- Invoking toplevel() on ptolemy.moml.MoMLSimpleApplication@2f5c4e0d
----------------- Done invoking toplevel() on ptolemy.moml.MoMLSimpleApplication@2f5c4e0d
reloadAllAccessors: .matrixType10

===========================================================================================
----------------- testing Thu Jun 25 14:57:14 UTC 2020 /home/travis/build/icyphy/ptII/ptolemy/actor/lib/test/auto/matrixType11.xml
----------------- Instantiating /home/travis/build/icyphy/ptII/ptolemy/actor/lib/test/auto/matrixType11.xml
1 ms. Memory: 468992K Free: 300180K (64%)
----------------- Invoking toplevel() on ptolemy.moml.MoMLSimpleApplication@5820c3c1
----------------- Done invoking toplevel() on ptolemy.moml.MoMLSimpleApplication@5820c3c1
reloadAllAccessors: .matrixType11

===========================================================================================
----------------- testing Thu Jun 25 14:57:14 UTC 2020 /home/travis/build/icyphy/ptII/ptolemy/actor/lib/test/auto/matrixType12.xml
----------------- Instantiating /home/travis/build/icyphy/ptII/ptolemy/actor/lib/test/auto/matrixType12.xml
1 ms. Memory: 468992K Free: 295060K (63%)
----------------- Invoking toplevel() on ptolemy.moml.MoMLSimpleApplication@111018c4
----------------- Done invoking toplevel() on ptolemy.moml.MoMLSimpleApplication@111018c4
reloadAllAccessors: .matrixType12

===========================================================================================
----------------- testing Thu Jun 25 14:57:14 UTC 2020 /home/travis/build/icyphy/ptII/ptolemy/actor/lib/test/auto/matrixType13.xml
----------------- Instantiating /home/travis/build/icyphy/ptII/ptolemy/actor/lib/test/auto/matrixType13.xml
1 ms. Memory: 468992K Free: 290450K (62%)
----------------- Invoking toplevel() on ptolemy.moml.MoMLSimpleApplication@680b3adb
----------------- Done invoking toplevel() on ptolemy.moml.MoMLSimpleApplication@680b3adb
reloadAllAccessors: .matrixType13

===========================================================================================
----------------- testing Thu Jun 25 14:57:14 UTC 2020 /home/travis/build/icyphy/ptII/ptolemy/actor/lib/test/auto/matrixType14.xml
----------------- Instantiating /home/travis/build/icyphy/ptII/ptolemy/actor/lib/test/auto/matrixType14.xml
1 ms. Memory: 468992K Free: 285330K (61%)
----------------- Invoking toplevel() on ptolemy.moml.MoMLSimpleApplication@6947b1e2
----------------- Done invoking toplevel() on ptolemy.moml.MoMLSimpleApplication@6947b1e2
reloadAllAccessors: .matrixType14

===========================================================================================
----------------- testing Thu Jun 25 14:57:14 UTC 2020 /home/travis/build/icyphy/ptII/ptolemy/actor/lib/test/auto/matrixType2.xml
----------------- Instantiating /home/travis/build/icyphy/ptII/ptolemy/actor/lib/test/auto/matrixType2.xml
1 ms. Memory: 468992K Free: 280196K (60%)
----------------- Invoking toplevel() on ptolemy.moml.MoMLSimpleApplication@11f9f5cf
----------------- Done invoking toplevel() on ptolemy.moml.MoMLSimpleApplication@11f9f5cf
reloadAllAccessors: .matrixType2

===========================================================================================
----------------- testing Thu Jun 25 14:57:14 UTC 2020 /home/travis/build/icyphy/ptII/ptolemy/actor/lib/test/auto/matrixType3.xml
----------------- Instantiating /home/travis/build/icyphy/ptII/ptolemy/actor/lib/test/auto/matrixType3.xml
4 ms. Memory: 468992K Free: 275090K (59%)
----------------- Invoking toplevel() on ptolemy.moml.MoMLSimpleApplication@1a44f8a0
----------------- Done invoking toplevel() on ptolemy.moml.MoMLSimpleApplication@1a44f8a0
reloadAllAccessors: .matrixType3

===========================================================================================
----------------- testing Thu Jun 25 14:57:14 UTC 2020 /home/travis/build/icyphy/ptII/ptolemy/actor/lib/test/auto/matrixType4.xml
----------------- Instantiating /home/travis/build/icyphy/ptII/ptolemy/actor/lib/test/auto/matrixType4.xml
3 ms. Memory: 468992K Free: 270484K (58%)
----------------- Invoking toplevel() on ptolemy.moml.MoMLSimpleApplication@741a51b0
----------------- Done invoking toplevel() on ptolemy.moml.MoMLSimpleApplication@741a51b0
reloadAllAccessors: .matrixType4

===========================================================================================
----------------- testing Thu Jun 25 14:57:14 UTC 2020 /home/travis/build/icyphy/ptII/ptolemy/actor/lib/test/auto/matrixType5.xml
----------------- Instantiating /home/travis/build/icyphy/ptII/ptolemy/actor/lib/test/auto/matrixType5.xml
1 ms. Memory: 468992K Free: 265364K (57%)
----------------- Invoking toplevel() on ptolemy.moml.MoMLSimpleApplication@40f7fc14
----------------- Done invoking toplevel() on ptolemy.moml.MoMLSimpleApplication@40f7fc14
reloadAllAccessors: .matrixType5

===========================================================================================
----------------- testing Thu Jun 25 14:57:14 UTC 2020 /home/travis/build/icyphy/ptII/ptolemy/actor/lib/test/auto/matrixType6.xml
----------------- Instantiating /home/travis/build/icyphy/ptII/ptolemy/actor/lib/test/auto/matrixType6.xml
1 ms. Memory: 468992K Free: 260754K (56%)
----------------- Invoking toplevel() on ptolemy.moml.MoMLSimpleApplication@6256c091
----------------- Done invoking toplevel() on ptolemy.moml.MoMLSimpleApplication@6256c091
reloadAllAccessors: .matrixType6

===========================================================================================
----------------- testing Thu Jun 25 14:57:14 UTC 2020 /home/travis/build/icyphy/ptII/ptolemy/actor/lib/test/auto/matrixType7.xml
----------------- Instantiating /home/travis/build/icyphy/ptII/ptolemy/actor/lib/test/auto/matrixType7.xml
1 ms. Memory: 468992K Free: 255634K (55%)
----------------- Invoking toplevel() on ptolemy.moml.MoMLSimpleApplication@3a33d6f0
----------------- Done invoking toplevel() on ptolemy.moml.MoMLSimpleApplication@3a33d6f0
reloadAllAccessors: .matrixType7

===========================================================================================
----------------- testing Thu Jun 25 14:57:14 UTC 2020 /home/travis/build/icyphy/ptII/ptolemy/actor/lib/test/auto/matrixType8.xml
----------------- Instantiating /home/travis/build/icyphy/ptII/ptolemy/actor/lib/test/auto/matrixType8.xml
2 ms. Memory: 468992K Free: 251028K (54%)
----------------- Invoking toplevel() on ptolemy.moml.MoMLSimpleApplication@4d3ce6e9
----------------- Done invoking toplevel() on ptolemy.moml.MoMLSimpleApplication@4d3ce6e9
reloadAllAccessors: .matrixType8

===========================================================================================
----------------- testing Thu Jun 25 14:57:14 UTC 2020 /home/travis/build/icyphy/ptII/ptolemy/actor/lib/test/auto/matrixType9.xml
----------------- Instantiating /home/travis/build/icyphy/ptII/ptolemy/actor/lib/test/auto/matrixType9.xml
1 ms. Memory: 468992K Free: 245908K (52%)
----------------- Invoking toplevel() on ptolemy.moml.MoMLSimpleApplication@1fbbaf1e
----------------- Done invoking toplevel() on ptolemy.moml.MoMLSimpleApplication@1fbbaf1e
reloadAllAccessors: .matrixType9

===========================================================================================
----------------- testing Thu Jun 25 14:57:14 UTC 2020 /home/travis/build/icyphy/ptII/ptolemy/actor/lib/test/auto/paraFunctest.xml
----------------- Instantiating /home/travis/build/icyphy/ptII/ptolemy/actor/lib/test/auto/paraFunctest.xml
2 ms. Memory: 468992K Free: 242322K (52%)
----------------- Invoking toplevel() on ptolemy.moml.MoMLSimpleApplication@7fe71813
----------------- Done invoking toplevel() on ptolemy.moml.MoMLSimpleApplication@7fe71813
reloadAllAccessors: .paraFunctest

===========================================================================================
----------------- testing Thu Jun 25 14:57:14 UTC 2020 /home/travis/build/icyphy/ptII/ptolemy/actor/lib/test/auto/paraFunctest2.xml
----------------- Instantiating /home/travis/build/icyphy/ptII/ptolemy/actor/lib/test/auto/paraFunctest2.xml
1 ms. Memory: 468992K Free: 237202K (51%)
----------------- Invoking toplevel() on ptolemy.moml.MoMLSimpleApplication@715d1d7c
----------------- Done invoking toplevel() on ptolemy.moml.MoMLSimpleApplication@715d1d7c
reloadAllAccessors: .paraFunctest2

===========================================================================================
----------------- testing Thu Jun 25 14:57:14 UTC 2020 /home/travis/build/icyphy/ptII/ptolemy/actor/lib/test/auto/parameterPassing.xml
----------------- Instantiating /home/travis/build/icyphy/ptII/ptolemy/actor/lib/test/auto/parameterPassing.xml
1 ms. Memory: 468992K Free: 233106K (50%)
----------------- Invoking toplevel() on ptolemy.moml.MoMLSimpleApplication@610aa827
----------------- Done invoking toplevel() on ptolemy.moml.MoMLSimpleApplication@610aa827
reloadAllAccessors: .parameterPassing

===========================================================================================
----------------- testing Thu Jun 25 14:57:14 UTC 2020 /home/travis/build/icyphy/ptII/ptolemy/actor/lib/test/auto/record.xml
----------------- Instantiating /home/travis/build/icyphy/ptII/ptolemy/actor/lib/test/auto/record.xml
2 ms. Memory: 468992K Free: 227986K (49%)
----------------- Invoking toplevel() on ptolemy.moml.MoMLSimpleApplication@79d73444
----------------- Done invoking toplevel() on ptolemy.moml.MoMLSimpleApplication@79d73444
reloadAllAccessors: .record

===========================================================================================
----------------- testing Thu Jun 25 14:57:14 UTC 2020 /home/travis/build/icyphy/ptII/ptolemy/actor/lib/test/auto/sizedarray1.xml
----------------- Instantiating /home/travis/build/icyphy/ptII/ptolemy/actor/lib/test/auto/sizedarray1.xml
2 ms. Memory: 468992K Free: 222866K (48%)
----------------- Invoking toplevel() on ptolemy.moml.MoMLSimpleApplication@23c8c6c
----------------- Done invoking toplevel() on ptolemy.moml.MoMLSimpleApplication@23c8c6c
reloadAllAccessors: .sizedarray1

===========================================================================================
----------------- testing Thu Jun 25 14:57:14 UTC 2020 /home/travis/build/icyphy/ptII/ptolemy/actor/lib/test/auto/sizedarray2.xml
----------------- Instantiating /home/travis/build/icyphy/ptII/ptolemy/actor/lib/test/auto/sizedarray2.xml
3 ms. Memory: 468992K Free: 217236K (46%)
----------------- Invoking toplevel() on ptolemy.moml.MoMLSimpleApplication@249bbeac
----------------- Done invoking toplevel() on ptolemy.moml.MoMLSimpleApplication@249bbeac
reloadAllAccessors: .sizedarray2

===========================================================================================
----------------- testing Thu Jun 25 14:57:14 UTC 2020 /home/travis/build/icyphy/ptII/ptolemy/actor/lib/test/auto/twoPublishers.xml
----------------- Instantiating /home/travis/build/icyphy/ptII/ptolemy/actor/lib/test/auto/twoPublishers.xml
6 ms. Memory: 468992K Free: 206996K (44%)
----------------- Invoking toplevel() on ptolemy.moml.MoMLSimpleApplication@504eb05a
----------------- Done invoking toplevel() on ptolemy.moml.MoMLSimpleApplication@504eb05a
reloadAllAccessors: .twoPublishers
AutoTests.java: About to close Vertx.
AutoTests.java: Vertx closed.
]]></system-out>
  <system-err><![CDATA[java.lang.RuntimeException: Execution failed
	at ptolemy.moml.MoMLSimpleApplication$UnloadThread.run(MoMLSimpleApplication.java:402)
Caused by: java.lang.RuntimeException: StringUtilities.exit() was called. Normally, we would exit here because Manager.exitAfterWrapup() was called.  However, because the ptolemy.ptII.exitAfterWrapup property is set, we throw this exception instead.
	at ptolemy.util.StringUtilities.exit(StringUtilities.java:365)
	at ptolemy.actor.Manager.wrapup(Manager.java:1549)
	at ptolemy.actor.Manager.execute(Manager.java:407)
	at ptolemy.actor.Manager.run(Manager.java:1263)
	at ptolemy.actor.Manager$PtolemyRunThread.run(Manager.java:1933)
Warning: '.top.test' is in training mode, set the trainingMode parameter to false before checking in
Warning: '.top.test' is in training mode, set the trainingMode parameter to false before checking in
Warning: '.top.test' is in training mode, set the trainingMode parameter to false before checking in
Warning: '.BooleanSwitch_RegressionTest_WrongTrainingValues.Test' is in training mode, set the trainingMode parameter to false before checking in
Warning: '.BooleanSwitch_RegressionTest_WrongTrainingValues.Test2' is in training mode, set the trainingMode parameter to false before checking in
Warning: '.BooleanSwitch_RegressionTest_WrongTrainingValues.Test2' The test produced 0 tokens.
Warning: '.top.testExceptionHandler' is in training mode, set the trainingMode parameter to false before checking in
java.lang.RuntimeException: Execution failed
	at ptolemy.moml.MoMLSimpleApplication$UnloadThread.run(MoMLSimpleApplication.java:402)
Caused by: ptolemy.kernel.util.IllegalActionException: PublisherPorts cannot be used at the top level, use a Publisher actor instead.
  in .PublisherPortToplevelSubscriber.PublisherPort
	at ptolemy.actor.PublisherPort.preinitialize(PublisherPort.java:403)
	at ptolemy.actor.CompositeActor.preinitialize(CompositeActor.java:1769)
	at ptolemy.actor.Manager.preinitializeAndResolveTypes(Manager.java:1040)
	at ptolemy.actor.Manager.initialize(Manager.java:710)
	at ptolemy.actor.Manager.execute(Manager.java:356)
	at ptolemy.actor.Manager.run(Manager.java:1263)
	at ptolemy.actor.Manager$PtolemyRunThread.run(Manager.java:1933)
java.lang.reflect.InvocationTargetException
	at java.base/jdk.internal.reflect.NativeConstructorAccessorImpl.newInstance0(Native Method)
	at java.base/jdk.internal.reflect.NativeConstructorAccessorImpl.newInstance(NativeConstructorAccessorImpl.java:62)
	at java.base/jdk.internal.reflect.DelegatingConstructorAccessorImpl.newInstance(DelegatingConstructorAccessorImpl.java:45)
	at java.base/java.lang.reflect.Constructor.newInstance(Constructor.java:490)
	at ptolemy.util.test.junit.AutoKnownFailedTests.RunModel(AutoKnownFailedTests.java:105)
	at java.base/jdk.internal.reflect.NativeMethodAccessorImpl.invoke0(Native Method)
	at java.base/jdk.internal.reflect.NativeMethodAccessorImpl.invoke(NativeMethodAccessorImpl.java:62)
	at java.base/jdk.internal.reflect.DelegatingMethodAccessorImpl.invoke(DelegatingMethodAccessorImpl.java:43)
	at java.base/java.lang.reflect.Method.invoke(Method.java:566)
	at org.junit.runners.model.FrameworkMethod$1.runReflectiveCall(FrameworkMethod.java:44)
	at org.junit.internal.runners.model.ReflectiveCallable.run(ReflectiveCallable.java:15)
	at org.junit.runners.model.FrameworkMethod.invokeExplosively(FrameworkMethod.java:41)
	at junitparams.internal.InvokeParameterisedMethod.evaluate(InvokeParameterisedMethod.java:102)
	at org.junit.internal.runners.statements.FailOnTimeout$1.run(FailOnTimeout.java:28)
Caused by: ptolemy.kernel.util.IllegalActionException: PublisherPorts cannot be used at the top level, use a Publisher actor instead.
  in .PublisherPortToplevelSubscriber.PublisherPort
	at ptolemy.actor.PublisherPort.preinitialize(PublisherPort.java:403)
	at ptolemy.actor.CompositeActor.preinitialize(CompositeActor.java:1769)
	at ptolemy.actor.Manager.preinitializeAndResolveTypes(Manager.java:1040)
	at ptolemy.actor.Manager.initialize(Manager.java:710)
	at ptolemy.actor.Manager.execute(Manager.java:356)
	at ptolemy.actor.Manager.run(Manager.java:1263)
	at ptolemy.actor.Manager$PtolemyRunThread.run(Manager.java:1933)
java.lang.RuntimeException: Execution failed
	at ptolemy.moml.MoMLSimpleApplication$UnloadThread.run(MoMLSimpleApplication.java:402)
Caused by: ptolemy.kernel.util.IllegalActionException: SubscriberPorts cannot be used at the top level, use a Subscriber actor instead.
  in .PublisherSubscriberPortToplevel.SubscriberPort
	at ptolemy.actor.SubscriberPort.preinitialize(SubscriberPort.java:328)
	at ptolemy.actor.CompositeActor.preinitialize(CompositeActor.java:1769)
	at ptolemy.actor.Manager.preinitializeAndResolveTypes(Manager.java:1040)
	at ptolemy.actor.Manager.initialize(Manager.java:710)
	at ptolemy.actor.Manager.execute(Manager.java:356)
	at ptolemy.actor.Manager.run(Manager.java:1263)
	at ptolemy.actor.Manager$PtolemyRunThread.run(Manager.java:1933)
java.lang.reflect.InvocationTargetException
	at java.base/jdk.internal.reflect.NativeConstructorAccessorImpl.newInstance0(Native Method)
	at java.base/jdk.internal.reflect.NativeConstructorAccessorImpl.newInstance(NativeConstructorAccessorImpl.java:62)
	at java.base/jdk.internal.reflect.DelegatingConstructorAccessorImpl.newInstance(DelegatingConstructorAccessorImpl.java:45)
	at java.base/java.lang.reflect.Constructor.newInstance(Constructor.java:490)
	at ptolemy.util.test.junit.AutoKnownFailedTests.RunModel(AutoKnownFailedTests.java:105)
	at java.base/jdk.internal.reflect.NativeMethodAccessorImpl.invoke0(Native Method)
	at java.base/jdk.internal.reflect.NativeMethodAccessorImpl.invoke(NativeMethodAccessorImpl.java:62)
	at java.base/jdk.internal.reflect.DelegatingMethodAccessorImpl.invoke(DelegatingMethodAccessorImpl.java:43)
	at java.base/java.lang.reflect.Method.invoke(Method.java:566)
	at org.junit.runners.model.FrameworkMethod$1.runReflectiveCall(FrameworkMethod.java:44)
	at org.junit.internal.runners.model.ReflectiveCallable.run(ReflectiveCallable.java:15)
	at org.junit.runners.model.FrameworkMethod.invokeExplosively(FrameworkMethod.java:41)
	at junitparams.internal.InvokeParameterisedMethod.evaluate(InvokeParameterisedMethod.java:102)
	at org.junit.internal.runners.statements.FailOnTimeout$1.run(FailOnTimeout.java:28)
Caused by: ptolemy.kernel.util.IllegalActionException: SubscriberPorts cannot be used at the top level, use a Subscriber actor instead.
  in .PublisherSubscriberPortToplevel.SubscriberPort
	at ptolemy.actor.SubscriberPort.preinitialize(SubscriberPort.java:328)
	at ptolemy.actor.CompositeActor.preinitialize(CompositeActor.java:1769)
	at ptolemy.actor.Manager.preinitializeAndResolveTypes(Manager.java:1040)
	at ptolemy.actor.Manager.initialize(Manager.java:710)
	at ptolemy.actor.Manager.execute(Manager.java:356)
	at ptolemy.actor.Manager.run(Manager.java:1263)
	at ptolemy.actor.Manager$PtolemyRunThread.run(Manager.java:1933)
java.lang.RuntimeException: Execution failed
	at ptolemy.moml.MoMLSimpleApplication$UnloadThread.run(MoMLSimpleApplication.java:402)
Caused by: ptolemy.kernel.util.IllegalActionException: SubscriptionAggregatorPorts cannot be used at the top level, use a SubscriptionAggregator actor instead.
  in .PublisherSubscriptionAggregatorPort.SubscriptionAggregatorPort
	at ptolemy.actor.SubscriptionAggregatorPort.preinitialize(SubscriptionAggregatorPort.java:353)
	at ptolemy.actor.CompositeActor.preinitialize(CompositeActor.java:1769)
	at ptolemy.actor.Manager.preinitializeAndResolveTypes(Manager.java:1040)
	at ptolemy.actor.Manager.initialize(Manager.java:710)
	at ptolemy.actor.Manager.execute(Manager.java:356)
	at ptolemy.actor.Manager.run(Manager.java:1263)
	at ptolemy.actor.Manager$PtolemyRunThread.run(Manager.java:1933)
java.lang.reflect.InvocationTargetException
	at java.base/jdk.internal.reflect.NativeConstructorAccessorImpl.newInstance0(Native Method)
	at java.base/jdk.internal.reflect.NativeConstructorAccessorImpl.newInstance(NativeConstructorAccessorImpl.java:62)
	at java.base/jdk.internal.reflect.DelegatingConstructorAccessorImpl.newInstance(DelegatingConstructorAccessorImpl.java:45)
	at java.base/java.lang.reflect.Constructor.newInstance(Constructor.java:490)
	at ptolemy.util.test.junit.AutoKnownFailedTests.RunModel(AutoKnownFailedTests.java:105)
	at java.base/jdk.internal.reflect.NativeMethodAccessorImpl.invoke0(Native Method)
	at java.base/jdk.internal.reflect.NativeMethodAccessorImpl.invoke(NativeMethodAccessorImpl.java:62)
	at java.base/jdk.internal.reflect.DelegatingMethodAccessorImpl.invoke(DelegatingMethodAccessorImpl.java:43)
	at java.base/java.lang.reflect.Method.invoke(Method.java:566)
	at org.junit.runners.model.FrameworkMethod$1.runReflectiveCall(FrameworkMethod.java:44)
	at org.junit.internal.runners.model.ReflectiveCallable.run(ReflectiveCallable.java:15)
	at org.junit.runners.model.FrameworkMethod.invokeExplosively(FrameworkMethod.java:41)
	at junitparams.internal.InvokeParameterisedMethod.evaluate(InvokeParameterisedMethod.java:102)
	at org.junit.internal.runners.statements.FailOnTimeout$1.run(FailOnTimeout.java:28)
Caused by: ptolemy.kernel.util.IllegalActionException: SubscriptionAggregatorPorts cannot be used at the top level, use a SubscriptionAggregator actor instead.
  in .PublisherSubscriptionAggregatorPort.SubscriptionAggregatorPort
	at ptolemy.actor.SubscriptionAggregatorPort.preinitialize(SubscriptionAggregatorPort.java:353)
	at ptolemy.actor.CompositeActor.preinitialize(CompositeActor.java:1769)
	at ptolemy.actor.Manager.preinitializeAndResolveTypes(Manager.java:1040)
	at ptolemy.actor.Manager.initialize(Manager.java:710)
	at ptolemy.actor.Manager.execute(Manager.java:356)
	at ptolemy.actor.Manager.run(Manager.java:1263)
	at ptolemy.actor.Manager$PtolemyRunThread.run(Manager.java:1933)
java.lang.RuntimeException: Execution failed
	at ptolemy.moml.MoMLSimpleApplication$UnloadThread.run(MoMLSimpleApplication.java:402)
Caused by: ptolemy.kernel.util.IllegalActionException: TypeTest actor has no training data.
  in .sizedarray3.TypeTest
	at ptolemy.actor.lib.TypeTest.initialize(TypeTest.java:250)
	at ptolemy.actor.Director.initialize(Director.java:938)
	at ptolemy.actor.Director.initialize(Director.java:907)
	at ptolemy.actor.sched.StaticSchedulingDirector.initialize(StaticSchedulingDirector.java:159)
	at ptolemy.domains.sdf.kernel.SDFDirector.initialize(SDFDirector.java:544)
	at ptolemy.actor.CompositeActor.initialize(CompositeActor.java:935)
	at ptolemy.actor.Manager.initialize(Manager.java:724)
	at ptolemy.actor.Manager.execute(Manager.java:356)
	at ptolemy.actor.Manager.run(Manager.java:1263)
	at ptolemy.actor.Manager$PtolemyRunThread.run(Manager.java:1933)
java.lang.reflect.InvocationTargetException
	at java.base/jdk.internal.reflect.NativeConstructorAccessorImpl.newInstance0(Native Method)
	at java.base/jdk.internal.reflect.NativeConstructorAccessorImpl.newInstance(NativeConstructorAccessorImpl.java:62)
	at java.base/jdk.internal.reflect.DelegatingConstructorAccessorImpl.newInstance(DelegatingConstructorAccessorImpl.java:45)
	at java.base/java.lang.reflect.Constructor.newInstance(Constructor.java:490)
	at ptolemy.util.test.junit.AutoKnownFailedTests.RunModel(AutoKnownFailedTests.java:105)
	at java.base/jdk.internal.reflect.NativeMethodAccessorImpl.invoke0(Native Method)
	at java.base/jdk.internal.reflect.NativeMethodAccessorImpl.invoke(NativeMethodAccessorImpl.java:62)
	at java.base/jdk.internal.reflect.DelegatingMethodAccessorImpl.invoke(DelegatingMethodAccessorImpl.java:43)
	at java.base/java.lang.reflect.Method.invoke(Method.java:566)
	at org.junit.runners.model.FrameworkMethod$1.runReflectiveCall(FrameworkMethod.java:44)
	at org.junit.internal.runners.model.ReflectiveCallable.run(ReflectiveCallable.java:15)
	at org.junit.runners.model.FrameworkMethod.invokeExplosively(FrameworkMethod.java:41)
	at junitparams.internal.InvokeParameterisedMethod.evaluate(InvokeParameterisedMethod.java:102)
	at org.junit.internal.runners.statements.FailOnTimeout$1.run(FailOnTimeout.java:28)
Caused by: ptolemy.kernel.util.IllegalActionException: TypeTest actor has no training data.
  in .sizedarray3.TypeTest
	at ptolemy.actor.lib.TypeTest.initialize(TypeTest.java:250)
	at ptolemy.actor.Director.initialize(Director.java:938)
	at ptolemy.actor.Director.initialize(Director.java:907)
	at ptolemy.actor.sched.StaticSchedulingDirector.initialize(StaticSchedulingDirector.java:159)
	at ptolemy.domains.sdf.kernel.SDFDirector.initialize(SDFDirector.java:544)
	at ptolemy.actor.CompositeActor.initialize(CompositeActor.java:935)
	at ptolemy.actor.Manager.initialize(Manager.java:724)
	at ptolemy.actor.Manager.execute(Manager.java:356)
	at ptolemy.actor.Manager.run(Manager.java:1263)
	at ptolemy.actor.Manager$PtolemyRunThread.run(Manager.java:1933)
]]></system-err>
</testsuite>
