<?xml version="1.0" encoding="UTF-8" ?>
<testsuite errors="0" failures="1" hostname="travis-job-bd1a399a-dc64-4668-ab7a-586e4903d0e7" name="ptolemy.actor.lib.test.junit.JUnitTclTest" skipped="0" tests="517" time="64.853" timestamp="2019-12-11T06:34:38">
  <properties>
    <property name="npm.executable" value="npm" />
    <property name="env.TRAVIS_ROOT" value="/" />
    <property name="ptII.mk.exists" value="true" />
    <property name="env.TRAVIS_APP_HOST" value="build.travis-ci.org" />
    <property name="env.rvm_bin_path" value="/home/travis/.rvm/bin" />
    <property name="java.home" value="/usr/local/lib/jvm/openjdk11" />
    <property name="env.TRAVIS_JOB_NUMBER" value="1426.8" />
    <property name="env.TRAVIS_HOME" value="/home/travis" />
    <property name="env.DISPLAY" value=":99.0" />
    <property name="env.TRAVIS_INIT" value="systemd" />
    <property name="env.SSH_TTY" value="/dev/pts/0" />
    <property name="java.net.preferIPv4Stack" value="true" />
    <property name="env.RUN_TESTS" value="true" />
    <property name="timeout.short" value="1000000" />
    <property name="junit.formatter" value="xml" />
    <property name="env.TRAVIS_SUDO" value="true" />
    <property name="env.TRAVIS_JOB_NAME" value="" />
    <property name="env.TRAVIS_STACK_NODE_ATTRIBUTES" value="/.node-attributes.yml" />
    <property name="env.LOGNAME" value="travis" />
    <property name="env.PT_TRAVIS_TEST_CORE1_XML" value="true" />
    <property name="jsdoc.home" value="node_modules/@terraswarm/jsdoc" />
    <property name="debuglevel" value="source,lines,vars" />
    <property name="checkstyle.formatter" value="xml" />
    <property name="env._system_version" value="16.04" />
    <property name="bin.vergil.makeable" value="true" />
    <property name="sun.os.patch.level" value="unknown" />
    <property name="java.vendor.url" value="http://java.oracle.com/" />
    <property name="env.TRAVIS_BUILD_WEB_URL" value="https://travis-ci.org/icyphy/ptII/builds/623524692" />
    <property name="java.version" value="11.0.2" />
    <property name="env.TZ" value="UTC" />
    <property name="env.TRAVIS_PULL_REQUEST_SHA" value="" />
    <property name="env.PT_NO_NET" value="true" />
    <property name="env.TRAVIS_SECURE_ENV_VARS" value="true" />
    <property name="env._system_type" value="Linux" />
    <property name="java.vendor.url.bug" value="http://bugreport.java.com/bugreport/" />
    <property name="npmjs-org-is-up" value="true" />
    <property name="env.LANGUAGE" value="en_US.UTF-8" />
    <property name="env.SSH_CLIENT" value="10.24.4.6 47360 22" />
    <property name="env.GEM_HOME" value="/home/travis/.rvm/gems/ruby-2.5.3" />
    <property name="env.HAS_ANTARES_THREE_LITTLE_FRONZIES_BADGE" value="true" />
    <property name="java.version.date" value="2019-01-15" />
    <property name="env.PS4" value="+" />
    <property name="ant.project.invoked-targets" value="build,test.core1.xml" />
    <property name="env.TRAVIS_PULL_REQUEST_BRANCH" value="" />
    <property name="env.TRAVIS_REPO_SLUG" value="icyphy/ptII" />
    <property name="env.XDG_DATA_DIRS" value="/usr/local/share:/usr/share:/var/lib/snapd/desktop" />
    <property name="jdk.debug" value="release" />
    <property name="env.TRAVIS_APT_PROXY" value="http://apt.cache.travis-ci.com" />
    <property name="env.TRAVIS_CPU_ARCH" value="amd64" />
    <property name="node.in.path" value="true" />
    <property name="user.name" value="travis" />
    <property name="java.maxmemory" value="1400m" />
    <property name="env.RUBY_VERSION" value="ruby-2.5.3" />
    <property name="env.LANG" value="en_US.UTF-8" />
    <property name="sun.io.unicode.encoding" value="UnicodeLittle" />
    <property name="sun.jnu.encoding" value="UTF-8" />
    <property name="java.runtime.name" value="OpenJDK Runtime Environment" />
    <property name="usefile" value="false" />
    <property name="return.code" value="0" />
    <property name="junit.single.formatter" value="plain" />
    <property name="env.DYLD_LIBRARY_PATH" value="/home/travis/pthla/certi-tools/lib:" />
    <property name="env.DEBIAN_FRONTEND" value="noninteractive" />
    <property name="env.SSH_CONNECTION" value="10.24.4.6 47360 10.20.1.190 22" />
    <property name="env.MYSQL_UNIX_PORT" value="/var/run/mysqld/mysqld.sock" />
    <property name="env.LC_ALL" value="en_US.UTF-8" />
    <property name="env.TRAVIS_ALLOW_FAILURE" value="false" />
    <property name="env.TRAVIS_JOB_WEB_URL" value="https://travis-ci.org/icyphy/ptII/jobs/623524700" />
    <property name="java.specification.name" value="Java Platform API Specification" />
    <property name="node.works" value="true" />
    <property name="user.timezone" value="" />
    <property name="path.separator" value=":" />
    <property name="env.TRAVIS_ENABLE_INFRA_DETECTION" value="true" />
    <property name="env.PYTHON_CFLAGS" value="-g -fstack-protector --param=ssp-buffer-size=4 -Wformat -Werror=format-security" />
    <property name="timeout.long" value="4000000" />
    <property name="env.CERTI_HOME" value="/home/travis/pthla/certi-tools" />
    <property name="ant.file.ptII" value="/home/travis/build/icyphy/ptII/build.xml" />
    <property name="javadoc.packagenames" value="com.*,diva.*,lbnl.*,org.hlacerti.*,org.json.*,org.ptolemy.*,org.terraswarm.*,ptolemy.*,ptserver.*" />
    <property name="file.encoding" value="UTF-8" />
    <property name="env.TRAVIS_PULL_REQUEST_SLUG" value="" />
    <property name="ant.project.default-target" value="build" />
    <property name="env.GIT_ASKPASS" value="echo" />
    <property name="env.HOME" value="/home/travis" />
    <property name="sun.java.command" value="org.apache.tools.ant.taskdefs.optional.junit.JUnitTestRunner ptolemy.actor.lib.test.junit.JUnitTclTest skipNonTests=false filtertrace=true haltOnError=false haltOnFailure=false formatter=org.apache.tools.ant.taskdefs.optional.junit.OutErrSummaryJUnitResultFormatter showoutput=true outputtoformatters=true logfailedtests=true threadid=0 logtestlistenerevents=false formatter=org.apache.tools.ant.taskdefs.optional.junit.XMLJUnitResultFormatter,/home/travis/build/icyphy/ptII/reports/junit/TEST-ptolemy.actor.lib.test.junit.JUnitTclTest.xml crashfile=/home/travis/build/icyphy/ptII/junitvmwatcher1959051244204134207.properties propsfile=/home/travis/build/icyphy/ptII/junit2343641569166145991.properties" />
    <property name="env.COMPOSER_NO_INTERACTION" value="1" />
    <property name="env.MANPATH" value="/home/travis/.nvm/versions/node/v7.10.1/share/man:/home/travis/.rvm/rubies/ruby-2.5.3/share/man:/usr/local/cmake-3.12.4/man:/usr/local/clang-7.0.0/share/man:/usr/local/man:/usr/local/share/man:/usr/share/man:/home/travis/.rvm/man" />
    <property name="env.TRAVIS_TIMER_ID" value="1f5b5740" />
    <property name="ant.file" value="/home/travis/build/icyphy/ptII/build.xml" />
    <property name="env.TRAVIS_COMMIT_RANGE" value="c7ad326c8bb61863fc0b87bc56a33674fe4fd789...687bb808dc5adecbfa0f708fbf7527a5d6554d96" />
    <property name="env._system_name" value="Ubuntu" />
    <property name="ptII.classpath.optional.property" value="/home/travis/build/icyphy/ptII/lib/bsh-2.0b4.jar:/home/travis/build/icyphy/ptII/lib/ptCal.jar:/home/travis/build/icyphy/ptII/lib/java_cup.jar:/home/travis/build/icyphy/ptII/lib/saxon8.jar:/home/travis/build/icyphy/ptII/lib/saxon8-dom.jar:/home/travis/build/icyphy/ptII/lib/chic.jar:/home/travis/build/icyphy/ptII/lib/ptcolt.jar:/home/travis/build/icyphy/ptII/vendors/misc/itext/iText.jar:/home/travis/build/icyphy/ptII/lib/g4ltl.jar:/home/travis/build/icyphy/ptII/lib/StructuralCoder.jar:/home/travis/build/icyphy/ptII/lib/jcerti.jar:/home/travis/build/icyphy/ptII/lib/javax.mail.jar:/home/travis/build/icyphy/ptII/vendors/JMF-2.1.1e/lib/jmf.jar:/home/travis/build/icyphy/ptII/lib/jna-4.0.0-variadic.jar:/home/travis/build/icyphy/ptII/vendors/misc/joystick/Joystick.jar:/home/travis/build/icyphy/ptII/lib/ptjacl.jar:/home/travis/build/icyphy/ptII/lib/jsoup-1.8.2.jar:/home/travis/build/icyphy/ptII/lib/junit-4.8.2.jar:/home/travis/build/icyphy/ptII/lib/JUnitParams-0.4.0.jar:/home/travis/build/icyphy/ptII/ptolemy/actor/lib/excel/jxl.jar:/home/travis/build/icyphy/ptII/lib/jython.jar:/home/travis/build/icyphy/ptII/lib/kieler.jar:/home/travis/build/icyphy/ptII/vendors/opencv/share/OpenCV/java/opencv-341.jar:/home/travis/build/icyphy/ptII/lib/oscP5.jar:/home/travis/build/icyphy/ptII/lib/nrjavaserial-3.11.0.devel.jar:/home/travis/build/icyphy/ptII/vendors/j3d/lib/Linux/j3dcore.jar:/home/travis/build/icyphy/ptII/vendors/j3d/lib/Linux/j3dutils.jar:/home/travis/build/icyphy/ptII/vendors/j3d/lib/Linux/vecmath.jar:/home/travis/build/icyphy/ptII/vendors/jogl/lib/Linux/gluegen-rt-natives-linux-amd64.jar:/home/travis/build/icyphy/ptII/vendors/jogl/lib/Linux/gluegen-rt.jar:/home/travis/build/icyphy/ptII/vendors/jogl/lib/Linux/jogl-all-natives-linux-amd64.jar:/home/travis/build/icyphy/ptII/vendors/jogl/lib/Linux/jogl-all.jar:/home/travis/build/icyphy/ptII/ptolemy/distributed/jini/jar/jini-core.jar:/home/travis/build/icyphy/ptII/ptolemy/distributed/jini/jar/jini-ext.jar:/home/travis/build/icyphy/ptII/ptolemy/distributed/jini/jar/sun-util.jar:/home/travis/build/icyphy/ptII/lib/protobuf-java-2.4.1.jar:/home/travis/build/icyphy/ptII/lib/org.eclipse.paho.client.mqttv3.jar:/home/travis/build/icyphy/ptII/lib/mapss.jar:/home/travis/build/icyphy/ptII/ptolemy/actor/ptalon/antlr/antlr.jar:/home/travis/build/icyphy/ptII/lib/JRI.jar:/home/travis/build/icyphy/ptII/lib/commons-lang-2.6.jar:/home/travis/build/icyphy/ptII/lib/commons-logging-1.1.1.jar:/home/travis/build/icyphy/ptII/lib/sootclasses.jar:/home/travis/build/icyphy/ptII/ptolemy/actor/lib/database/mysql-connector-java-5.1.6-bin.jar:/home/travis/build/icyphy/ptII/vendors/misc/sphinx4/sphinx4-data-5prealpha.jar:/home/travis/build/icyphy/ptII/vendors/misc/sphinx4/sphinx4-core-5prealpha.jar:/home/travis/build/icyphy/ptII/lib/PDFRenderer.jar:/home/travis/build/icyphy/ptII/lib/svgSalamander.jar:/home/travis/build/icyphy/ptII/lib/rsyntaxtextarea-2.6.0-SNAPSHOT.jar:/home/travis/build/icyphy/ptII/lib/hazelcast-3.8.2.jar:/home/travis/build/icyphy/ptII/lib/jackson-annotations-2.9.0.jar:/home/travis/build/icyphy/ptII/lib/jackson-core-2.9.3.jar:/home/travis/build/icyphy/ptII/lib/jackson-databind-2.9.3.jar:/home/travis/build/icyphy/ptII/lib/netty-buffer-4.1.19.Final.jar:/home/travis/build/icyphy/ptII/lib/netty-codec-4.1.19.Final.jar:/home/travis/build/icyphy/ptII/lib/netty-codec-dns-4.1.19.Final.jar:/home/travis/build/icyphy/ptII/lib/netty-codec-http-4.1.19.Final.jar:/home/travis/build/icyphy/ptII/lib/netty-codec-http2-4.1.19.Final.jar:/home/travis/build/icyphy/ptII/lib/netty-common-4.1.19.Final.jar:/home/travis/build/icyphy/ptII/lib/netty-handler-4.1.19.Final.jar:/home/travis/build/icyphy/ptII/lib/netty-resolver-4.1.19.Final.jar:/home/travis/build/icyphy/ptII/lib/netty-resolver-dns-4.1.19.Final.jar:/home/travis/build/icyphy/ptII/lib/netty-transport-4.1.19.Final.jar:/home/travis/build/icyphy/ptII/lib/vertx-codegen-3.5.1.jar:/home/travis/build/icyphy/ptII/lib/vertx-core-3.5.2-SNAPSHOT.jar:/home/travis/build/icyphy/ptII/lib/vertx-hazelcast-3.5.1.jar:/home/travis/build/icyphy/ptII/lib/vertx-lang-js-3.5.1.jar:/home/travis/build/icyphy/ptII/lib/vertx-service-proxy-3.5.1.jar:/home/travis/build/icyphy/ptII/lib/vertx-web-3.5.1.jar:/home/travis/build/icyphy/ptII/lib/slf4j-api-1.7.13.jar:/home/travis/build/icyphy/ptII/lib/slf4j-simple-1.7.13.jar:/home/travis/build/icyphy/ptII/lib/webcam-capture-0.3.12.jar:/home/travis/build/icyphy/ptII/lib/bridj-0.7.0.jar:/home/travis/build/icyphy/ptII/lib/xbjlib-1.1.0.nrjavaserial.jar" />
    <property name="timeout" value="2400000" />
    <property name="test.batch" value="**/junit/*.java" />
    <property name="env._" value="/usr/bin/timeout" />
    <property name="java.io.tmpdir" value="/tmp" />
    <property name="user.language" value="en" />
    <property name="env.TRAVIS_INTERNAL_RUBY_REGEX" value="^ruby-(2\.[0-4]\.[0-9]|1\.9\.3)" />
    <property name="env.HISTCONTROL" value="ignoredups:ignorespace" />
    <property name="env.GOROOT" value="/home/travis/.gimme/versions/go1.11.1.linux.amd64" />
    <property name="line.separator" value="&#xa;" />
    <property name="target" value="11" />
    <property name="env.TRAVIS_BUILD_DIR" value="/home/travis/build/icyphy/ptII" />
    <property name="env.ANT_OPTS" value="-Xmx2048m" />
    <property name="ant.file.type" value="file" />
    <property name="ptolemy.ptII.batchMode" value="true" />
    <property name="env.HISTSIZE" value="1000" />
    <property name="env.MERB_ENV" value="test" />
    <property name="java.vm.info" value="mixed mode" />
    <property name="source" value="11" />
    <property name="java.vm.specification.name" value="Java Virtual Machine Specification" />
    <property name="env.TRAVIS_TEST_RESULT" value="0" />
    <property name="jsdoc.command" value="node_modules/@terraswarm/jsdoc/jsdoc.js" />
    <property name="npm.works" value="true" />
    <property name="cobertura.dir" value="/home/travis/build/icyphy/ptII/vendors/cobertura-2.0.3" />
    <property name="jsdoc.command.exists" value="true" />
    <property name="env.rvm_path" value="/home/travis/.rvm" />
    <property name="env.GEM_PATH" value="/home/travis/.rvm/gems/ruby-2.5.3:/home/travis/.rvm/gems/ruby-2.5.3@global" />
    <property name="env.LC_CTYPE" value="en_US.UTF-8" />
    <property name="env.TRAVIS_CMD" value="$PTII/bin/ptIITravisBuild.sh $SECONDS" />
    <property name="java.awt.printerjob" value="sun.print.PSPrinterJob" />
    <property name="env.TRAVIS_STACK_NAME" value="sardonyx" />
    <property name="env.TRAVIS_TIMER_START_TIME" value="1576045416513106787" />
    <property name="ant.version" value="Apache Ant(TM) version 1.10.1 compiled on February 2 2017" />
    <property name="ptII.reports" value="/home/travis/build/icyphy/ptII/reports" />
    <property name="env.TRAVIS_STACK_TIMESTAMP" value="2019-03-25 16:16:56 UTC" />
    <property name="ant.file.type.ptII" value="file" />
    <property name="env.RBENV_SHELL" value="bash" />
    <property name="os.name" value="Linux" />
    <property name="java.specification.vendor" value="Oracle Corporation" />
    <property name="env.rvm_version" value="1.29.7 (latest)" />
    <property name="env.TRAVIS_INFRA" value="gce" />
    <property name="env.TERM" value="xterm" />
    <property name="java.vm.name" value="OpenJDK 64-Bit Server VM" />
    <property name="env.TRAVIS_BUILD_NUMBER" value="1426" />
    <property name="env.CI" value="true" />
    <property name="java.library.path" value="/home/travis/pthla/certi-tools/lib:/usr/lib/jni:/usr/local/share/OpenCV/java/:/usr/share/OpenCV/java::/usr/java/packages/lib:/usr/lib64:/lib64:/lib:/usr/lib" />
    <property name="jdk.module.path" value="/home/travis/build/icyphy/ptII/vendors/javafx/javafx-sdk-11.0.2/lib:" />
    <property name="env.rvm_prefix" value="/home/travis" />
    <property name="env.PATH" value="/home/travis/pthla/certi-tools/share/scripts:/home/travis/.rvm/gems/ruby-2.5.3/bin:/home/travis/.rvm/gems/ruby-2.5.3@global/bin:/home/travis/.rvm/rubies/ruby-2.5.3/bin:/home/travis/.rvm/bin:/home/travis/.nvm/versions/node/v7.10.1/bin:./node_modules/.bin:/home/travis/build/icyphy/ptII/bin:/home/travis/pthla/certi-tools/bin:/home/travis/bin:/home/travis/.local/bin:/usr/local/lib/jvm/openjdk11/bin:/opt/pyenv/shims:/home/travis/.phpenv/shims:/home/travis/perl5/perlbrew/bin:/home/travis/gopath/bin:/home/travis/.gimme/versions/go1.11.1.linux.amd64/bin:/usr/local/maven-3.6.0/bin:/usr/local/cmake-3.12.4/bin:/usr/local/clang-7.0.0/bin:/usr/local/sbin:/usr/local/bin:/usr/sbin:/usr/bin:/sbin:/bin:/snap/bin:/home/travis/.phpenv/bin:/opt/pyenv/bin:/home/travis/.yarn/bin" />
    <property name="env.TRAVIS_OS_NAME" value="linux" />
    <property name="ant.java.version" value="9" />
    <property name="basedir" value="/home/travis/build/icyphy/ptII" />
    <property name="java.class.version" value="55.0" />
    <property name="env.SHLVL" value="3" />
    <property name="env.LD_LIBRARY_PATH" value="/home/travis/pthla/certi-tools/lib:/usr/lib/jni:/usr/local/share/OpenCV/java/:/usr/share/OpenCV/java:" />
    <property name="env.RACK_ENV" value="test" />
    <property name="ant.home" value="/home/travis/build/icyphy/ptII/ant" />
    <property name="env.NVM_DIR" value="/home/travis/.nvm" />
    <property name="env.CERTI_FOM_PATH" value="/home/travis/pthla/certi-tools/share/federations" />
    <property name="env.TRAVIS_BUILD_ID" value="623524692" />
    <property name="env.PYENV_ROOT" value="/opt/pyenv" />
    <property name="env.TRAVIS_UID" value="2000" />
    <property name="prism.verbose" value="true" />
    <property name="env.NVM_BIN" value="/home/travis/.nvm/versions/node/v7.10.1/bin" />
    <property name="env.TRAVIS_COMMIT" value="687bb808dc5adecbfa0f708fbf7527a5d6554d96" />
    <property name="env._system_arch" value="x86_64" />
    <property name="node.executable" value="node" />
    <property name="sun.boot.library.path" value="/usr/local/lib/jvm/openjdk11/lib" />
    <property name="sun.management.compiler" value="HotSpot 64-Bit Tiered Compilers" />
    <property name="java.awt.graphicsenv" value="sun.awt.X11GraphicsEnvironment" />
    <property name="env.GOPATH" value="/home/travis/gopath" />
    <property name="ptolemy.ptII.dir" value="/home/travis/build/icyphy/ptII" />
    <property name="env.USER" value="travis" />
    <property name="env.HISTFILESIZE" value="2000" />
    <property name="timeout.longest" value="19000000" />
    <property name="env.PERLBREW_SHELLRC_VERSION" value="0.86" />
    <property name="env.TRAVIS_STACK_FEATURES" value="basic couchdb disabled-ipv6 docker docker-compose elasticsearch firefox go-toolchain google-chrome jdk memcached mongodb mysql nodejs_interpreter perl_interpreter perlbrew phantomjs postgresql python_interpreter redis ruby_interpreter sqlite xserver" />
    <property name="env.TRAVIS_PULL_REQUEST" value="false" />
    <property name="env.PYENV_SHELL" value="bash" />
    <property name="ant.project.name" value="ptII" />
    <property name="env.ANSI_RESET" value="\033[0m" />
    <property name="java.vm.specification.version" value="11" />
    <property name="env.TRAVIS_DIST" value="xenial" />
    <property name="env.CERTI_VERSION" value="4.0.0" />
    <property name="env.CERTI_HOST" value="localhost" />
    <property name="awt.toolkit" value="sun.awt.X11.XToolkit" />
    <property name="env.MY_RUBY_HOME" value="/home/travis/.rvm/rubies/ruby-2.5.3" />
    <property name="sun.cpu.isalist" value="" />
    <property name="env.TRAVIS_TMPDIR" value="/tmp/tmp.Syaxka6OIF" />
    <property name="java.vm.compressedOopsMode" value="Zero based" />
    <property name="os.version" value="4.15.0-1028-gcp" />
    <property name="user.home" value="/home/travis" />
    <property name="java.vm.vendor" value="Oracle Corporation" />
    <property name="env.TRAVIS_TAG" value="nightly" />
    <property name="env.ANSI_YELLOW" value="\033[33;1m" />
    <property name="env.TRAVIS_FILTERED" value="redirect_io" />
    <property name="env.ANSI_GREEN" value="\033[32;1m" />
    <property name="env.JAVA_HOME" value="/usr/local/lib/jvm/openjdk11" />
    <property name="javadoc.excludepackagenames" value="adm.cvs2svn.*,build.*,config.*,doc.coding.templates.*,jni.test.jni.meaningOfLife.*,jni.test.jni.testDeux.*,jni.test.jni.testTrois.*,org.terraswarm.accessor.accessors.web.node_modules.*,org.terraswarm.accessor.accessors.web.hosts.cordova.demo.*,org.terraswarm.accessor.accessors.web.hosts.cordova.plugins.*,org.terraswarm.accessor.accessors-svn.*,pt-modules.*,ptolemy.apps.agilent.*,ptolemy.apps.anytimecontrol.*,ptolemy.apps.apes.*,ptolemy.apps.charon.*,ptolemy.apps.crazyboard.*,ptolemy.apps.eclipse.*,ptolemy.apps.etherealSting.*,ptolemy.apps.fullscreen.*,ptolemy.apps.giotto.*,ptolemy.apps.ia.*,ptolemy.apps.interfaces.*,ptolemy.apps.jmf.*,ptolemy.apps.kurt.*,ptolemy.apps.kvm.*,ptolemy.apps.lego.*,ptolemy.apps.lejos.*,ptolemy.apps.midp.*,ptolemy.apps.mobileCoding.*,ptolemy.apps.pendulum.*,ptolemy.apps.rijndael.*,ptolemy.apps.robot.*,ptolemy.apps.security.*,ptolemy.apps.sobel.*,ptolemy.apps.soot.*,ptolemy.apps.throttle.*,ptolemy.apps.tini.*,ptolemy.apps.transmission.*,ptolemy.apps.vergil.*,ptolemy.apps.waba.*,ptolemy.apps.websensor.*,ptolemy.apps.webstart.*,ptolemy.apps.xsl.*,ptolemy.apps.zaurus.*,ptolemy.codegen.c.actor.lib.oldJavaFiles.*,ptolemy.codegen.dsp.lib.*,ptolemy.codegen.kernel.newInterfaces.*,ptolemy.codegen.lib.*,ptolemy.copernicus.kernel.fragment.*,ptolemy.copernicus.shallow.cg.*,ptolemy.domains.giotto.demo.Hierarchy.Hierarchy.*,ptolemy.domains.giotto.demo.Multimode.Multimode.*,ptolemy.domains.giotto.demo.Simple.Simple.*,ptolemy.domains.gr.lib.experimental.*,ptolemy.domains.gro.*,ptolemy.domains.pdf.*,ptolemy.domains.ptinyos.demo.Surge.output.*,ptolemy.moml.test.NoPackageActor.java*,ptolemy.plot.adm.*,ptolemy.plot.servlet.*,reports.*,signed.*,src.*,target.*,vendors.*,ptolemy.copernicus.applet.*,ptolemy.media.viewer.*,ptolemy.actor.corba.*,doc.doclets.*,ptolemy.apps.eclipse.awt.*,ptolemy.backtrack.*,ptolemy.backtrack.ast.*,ptolemy.cg.adapter.generic.program.procedural.c.mbed*,ptolemy.homer.*,ptolemy.actor.lib.jai.*,org.ptolemy.scala.*,diva.util.java2d.svg.*,ptolemy.domains.ptinyos.*,ptolemy.actor.lib.fmi.fmipp.*,,org.terraswarm.accessor.accessors.web.node_modules.*,org.terraswarm.accessor.accessors-svn,ptolemy.apps.*,ptolemy.actor.ptalon.demo.ptinyos.SendAndReceiveCnt.output,ptolemy.actor.ptalon.demo.ptinyos.SenseToLeds.output,ptolemy.domains.ptinyos.demo.CntToLedsAndRfm.output,ptolemy.domains.ptinyos.demo.RfmToLeds.output,ptolemy.domains.ptinyos.demo.SendAndReceiveCnt.output,ptolemy.domains.ptinyos.demo.SenseToLeds.output,ptolemy.actor.lib.jjs.modules.udpSocket.*" />
    <property name="env.PTII" value="/home/travis/build/icyphy/ptII" />
    <property name="env.XDG_SESSION_ID" value="2" />
    <property name="keystore" value="ptKeystore" />
    <property name="env.TRAVIS_COMMIT_MESSAGE" value="Minor changes." />
    <property name="junit.output.dir" value="/home/travis/build/icyphy/ptII/reports/junit" />
    <property name="npm.return.code" value="0" />
    <property name="user.dir" value="/home/travis/build/icyphy/ptII/ptolemy/actor/lib/test" />
    <property name="env.TRAVIS_NODE_VERSION" value="7" />
    <property name="env.TRAVIS_EVENT_TYPE" value="cron" />
    <property name="env.MAIL" value="/var/mail/travis" />
    <property name="env.PERLBREW_ROOT" value="/home/travis/perl5/perlbrew" />
    <property name="env.PWD" value="/home/travis/build/icyphy/ptII" />
    <property name="timeout.npm" value="45000" />
    <property name="env.TRAVIS_ARCH" value="amd64" />
    <property name="sun.cpu.endian" value="little" />
    <property name="env.PAGER" value="cat" />
    <property name="env.TRAVIS_BUILD_STAGE_NAME" value="Test" />
    <property name="env.PERLBREW_HOME" value="/home/travis/.perlbrew" />
    <property name="java.vm.version" value="11.0.2+9" />
    <property name="env.RAILS_ENV" value="test" />
    <property name="java.class.path" value="/home/travis/.ptolemyII:/home/travis/.ptolemyII/*:/home/travis/build/icyphy/ptII:/home/travis/build/icyphy/ptII/lib/bsh-2.0b4.jar:/home/travis/build/icyphy/ptII/lib/ptCal.jar:/home/travis/build/icyphy/ptII/lib/java_cup.jar:/home/travis/build/icyphy/ptII/lib/saxon8.jar:/home/travis/build/icyphy/ptII/lib/saxon8-dom.jar:/home/travis/build/icyphy/ptII/lib/chic.jar:/home/travis/build/icyphy/ptII/lib/ptcolt.jar:/home/travis/build/icyphy/ptII/vendors/misc/itext/iText.jar:/home/travis/build/icyphy/ptII/lib/g4ltl.jar:/home/travis/build/icyphy/ptII/lib/StructuralCoder.jar:/home/travis/build/icyphy/ptII/lib/jcerti.jar:/home/travis/build/icyphy/ptII/lib/javax.mail.jar:/home/travis/build/icyphy/ptII/vendors/JMF-2.1.1e/lib/jmf.jar:/home/travis/build/icyphy/ptII/lib/jna-4.0.0-variadic.jar:/home/travis/build/icyphy/ptII/vendors/misc/joystick/Joystick.jar:/home/travis/build/icyphy/ptII/lib/ptjacl.jar:/home/travis/build/icyphy/ptII/lib/jsoup-1.8.2.jar:/home/travis/build/icyphy/ptII/lib/junit-4.8.2.jar:/home/travis/build/icyphy/ptII/lib/JUnitParams-0.4.0.jar:/home/travis/build/icyphy/ptII/ptolemy/actor/lib/excel/jxl.jar:/home/travis/build/icyphy/ptII/lib/jython.jar:/home/travis/build/icyphy/ptII/lib/kieler.jar:/home/travis/build/icyphy/ptII/vendors/opencv/share/OpenCV/java/opencv-341.jar:/home/travis/build/icyphy/ptII/lib/oscP5.jar:/home/travis/build/icyphy/ptII/lib/nrjavaserial-3.11.0.devel.jar:/home/travis/build/icyphy/ptII/vendors/j3d/lib/Linux/j3dcore.jar:/home/travis/build/icyphy/ptII/vendors/j3d/lib/Linux/j3dutils.jar:/home/travis/build/icyphy/ptII/vendors/j3d/lib/Linux/vecmath.jar:/home/travis/build/icyphy/ptII/vendors/jogl/lib/Linux/gluegen-rt-natives-linux-amd64.jar:/home/travis/build/icyphy/ptII/vendors/jogl/lib/Linux/gluegen-rt.jar:/home/travis/build/icyphy/ptII/vendors/jogl/lib/Linux/jogl-all-natives-linux-amd64.jar:/home/travis/build/icyphy/ptII/vendors/jogl/lib/Linux/jogl-all.jar:/home/travis/build/icyphy/ptII/ptolemy/distributed/jini/jar/jini-core.jar:/home/travis/build/icyphy/ptII/ptolemy/distributed/jini/jar/jini-ext.jar:/home/travis/build/icyphy/ptII/ptolemy/distributed/jini/jar/sun-util.jar:/home/travis/build/icyphy/ptII/lib/protobuf-java-2.4.1.jar:/home/travis/build/icyphy/ptII/lib/org.eclipse.paho.client.mqttv3.jar:/home/travis/build/icyphy/ptII/lib/mapss.jar:/home/travis/build/icyphy/ptII/ptolemy/actor/ptalon/antlr/antlr.jar:/home/travis/build/icyphy/ptII/lib/JRI.jar:/home/travis/build/icyphy/ptII/lib/commons-lang-2.6.jar:/home/travis/build/icyphy/ptII/lib/commons-logging-1.1.1.jar:/home/travis/build/icyphy/ptII/lib/sootclasses.jar:/home/travis/build/icyphy/ptII/ptolemy/actor/lib/database/mysql-connector-java-5.1.6-bin.jar:/home/travis/build/icyphy/ptII/vendors/misc/sphinx4/sphinx4-data-5prealpha.jar:/home/travis/build/icyphy/ptII/vendors/misc/sphinx4/sphinx4-core-5prealpha.jar:/home/travis/build/icyphy/ptII/lib/PDFRenderer.jar:/home/travis/build/icyphy/ptII/lib/svgSalamander.jar:/home/travis/build/icyphy/ptII/lib/rsyntaxtextarea-2.6.0-SNAPSHOT.jar:/home/travis/build/icyphy/ptII/lib/hazelcast-3.8.2.jar:/home/travis/build/icyphy/ptII/lib/jackson-annotations-2.9.0.jar:/home/travis/build/icyphy/ptII/lib/jackson-core-2.9.3.jar:/home/travis/build/icyphy/ptII/lib/jackson-databind-2.9.3.jar:/home/travis/build/icyphy/ptII/lib/netty-buffer-4.1.19.Final.jar:/home/travis/build/icyphy/ptII/lib/netty-codec-4.1.19.Final.jar:/home/travis/build/icyphy/ptII/lib/netty-codec-dns-4.1.19.Final.jar:/home/travis/build/icyphy/ptII/lib/netty-codec-http-4.1.19.Final.jar:/home/travis/build/icyphy/ptII/lib/netty-codec-http2-4.1.19.Final.jar:/home/travis/build/icyphy/ptII/lib/netty-common-4.1.19.Final.jar:/home/travis/build/icyphy/ptII/lib/netty-handler-4.1.19.Final.jar:/home/travis/build/icyphy/ptII/lib/netty-resolver-4.1.19.Final.jar:/home/travis/build/icyphy/ptII/lib/netty-resolver-dns-4.1.19.Final.jar:/home/travis/build/icyphy/ptII/lib/netty-transport-4.1.19.Final.jar:/home/travis/build/icyphy/ptII/lib/vertx-codegen-3.5.1.jar:/home/travis/build/icyphy/ptII/lib/vertx-core-3.5.2-SNAPSHOT.jar:/home/travis/build/icyphy/ptII/lib/vertx-hazelcast-3.5.1.jar:/home/travis/build/icyphy/ptII/lib/vertx-lang-js-3.5.1.jar:/home/travis/build/icyphy/ptII/lib/vertx-service-proxy-3.5.1.jar:/home/travis/build/icyphy/ptII/lib/vertx-web-3.5.1.jar:/home/travis/build/icyphy/ptII/lib/slf4j-api-1.7.13.jar:/home/travis/build/icyphy/ptII/lib/slf4j-simple-1.7.13.jar:/home/travis/build/icyphy/ptII/lib/webcam-capture-0.3.12.jar:/home/travis/build/icyphy/ptII/lib/bridj-0.7.0.jar:/home/travis/build/icyphy/ptII/lib/xbjlib-1.1.0.nrjavaserial.jar:/home/travis/build/icyphy/ptII/ptolemy/moml/test:/home/travis/build/icyphy/ptII/ant/lib/ant-launcher.jar:/home/travis/build/icyphy/ptII/ant/lib/ant.jar:/home/travis/build/icyphy/ptII/ant/lib/ant-junit.jar:/home/travis/build/icyphy/ptII/ant/lib/ant-junit4.jar" />
    <property name="ant.library.dir" value="/home/travis/build/icyphy/ptII/ant/lib" />
    <property name="os.arch" value="amd64" />
    <property name="env.CONTINUOUS_INTEGRATION" value="true" />
    <property name="env.TRAVIS_LANGUAGE" value="node_js" />
    <property name="env.TRAVIS_STACK_LANGUAGES" value="__sardonyx__ c c++ clojure cplusplus cpp default generic go groovy java node_js php pure_java python ruby scala" />
    <property name="test.name" value="ptolemy.actor.lib.test.junit.JUnitTclTest" />
    <property name="env.APT_KEY_DONT_WARN_ON_DANGEROUS_USAGE" value="1" />
    <property name="sun.java.launcher" value="SUN_STANDARD" />
    <property name="env.PYTHON_CONFIGURE_OPTS" value="--enable-unicode=ucs4 --with-wide-unicode --enable-shared --enable-ipv6 --enable-loadable-sqlite-extensions --with-computed-gotos" />
    <property name="ant.core.lib" value="/home/travis/build/icyphy/ptII/ant/lib/ant.jar" />
    <property name="java.vm.specification.vendor" value="Oracle Corporation" />
    <property name="env.BCVTB_HOME" value="/home/travis/build/icyphy/ptII/lbnl" />
    <property name="file.separator" value="/" />
    <property name="spotbugs.home" value="/home/travis/build/icyphy/ptII/vendors/spotbugs-3.1.1" />
    <property name="java.runtime.version" value="11.0.2+9" />
    <property name="env.ANSI_CLEAR" value="\033[0K" />
    <property name="javafx.verbose" value="true" />
    <property name="env.HAS_JOSH_K_SEAL_OF_APPROVAL" value="true" />
    <property name="env.XDG_RUNTIME_DIR" value="/run/user/2000" />
    <property name="env.TRAVIS_OSX_IMAGE" value="" />
    <property name="env.TRAVIS_JOB_ID" value="623524700" />
    <property name="env.TRAVIS_BRANCH" value="master" />
    <property name="user.country" value="US" />
    <property name="env.CERTI_HOME_TRAVIS" value="/home/travis/pthla/certi-tools" />
    <property name="env.SHELL" value="/bin/bash" />
    <property name="java.maxmemory.large" value="3200m" />
    <property name="model" value="" />
    <property name="env.CASHER_DIR" value="/home/travis/.casher" />
    <property name="env.NVM_CD_FLAGS" value="" />
    <property name="java.vendor.version" value="18.9" />
    <property name="jshint.executable" value="/home/travis/node_modules/jshint/bin/jshint" />
    <property name="env.JRUBY_OPTS" value=" --client -J-XX:+TieredCompilation -J-XX:TieredStopAtLevel=1 -J-Xss2m -Xcompile.invokedynamic=false" />
    <property name="java.vendor" value="Oracle Corporation" />
    <property name="env.TRAVIS_PRE_CHEF_BOOTSTRAP_TIME" value="2019-03-25T16:16:42" />
    <property name="env.TRAVIS_STACK_JOB_BOARD_REGISTER" value="/.job-board-register.yml" />
    <property name="env.ANSI_RED" value="\033[31;1m" />
    <property name="java.specification.version" value="11" />
    <property name="env.IRBRC" value="/home/travis/.rvm/rubies/ruby-2.5.3/.irbrc" />
    <property name="env.TRAVIS" value="true" />
    <property name="sun.arch.data.model" value="64" />
  </properties>
  <testcase classname="ptolemy.util.test.junit.TclTests" name="[0] /home/travis/build/icyphy/ptII/ptolemy/actor/lib/test/AbsoluteValue.tcl (RunTclFile)" time="0.529" />
  <testcase classname="ptolemy.util.test.junit.TclTests" name="[1] /home/travis/build/icyphy/ptII/ptolemy/actor/lib/test/AddSubtract.tcl (RunTclFile)" time="0.127" />
  <testcase classname="ptolemy.util.test.junit.TclTests" name="[2] /home/travis/build/icyphy/ptII/ptolemy/actor/lib/test/Average.tcl (RunTclFile)" time="0.076" />
  <testcase classname="ptolemy.util.test.junit.TclTests" name="[3] /home/travis/build/icyphy/ptII/ptolemy/actor/lib/test/Bernoulli.tcl (RunTclFile)" time="0.056" />
  <testcase classname="ptolemy.util.test.junit.TclTests" name="[4] /home/travis/build/icyphy/ptII/ptolemy/actor/lib/test/Clock.tcl (RunTclFile)" time="0.126" />
  <testcase classname="ptolemy.util.test.junit.TclTests" name="[5] /home/travis/build/icyphy/ptII/ptolemy/actor/lib/test/Commutator.tcl (RunTclFile)" time="0.196" />
  <testcase classname="ptolemy.util.test.junit.TclTests" name="[6] /home/travis/build/icyphy/ptII/ptolemy/actor/lib/test/Const.tcl (RunTclFile)" time="0.147" />
  <testcase classname="ptolemy.util.test.junit.TclTests" name="[7] /home/travis/build/icyphy/ptII/ptolemy/actor/lib/test/CurrentTime.tcl (RunTclFile)" time="0.041" />
  <testcase classname="ptolemy.util.test.junit.TclTests" name="[8] /home/travis/build/icyphy/ptII/ptolemy/actor/lib/test/DB.tcl (RunTclFile)" time="0.074" />
  <testcase classname="ptolemy.util.test.junit.TclTests" name="[9] /home/travis/build/icyphy/ptII/ptolemy/actor/lib/test/DiscreteRandomSource.tcl (RunTclFile)" time="0.043" />
  <testcase classname="ptolemy.util.test.junit.TclTests" name="[10] /home/travis/build/icyphy/ptII/ptolemy/actor/lib/test/Distributor.tcl (RunTclFile)" time="0.08" />
  <testcase classname="ptolemy.util.test.junit.TclTests" name="[11] /home/travis/build/icyphy/ptII/ptolemy/actor/lib/test/Exit.tcl (RunTclFile)" time="0.136" />
  <testcase classname="ptolemy.util.test.junit.TclTests" name="[12] /home/travis/build/icyphy/ptII/ptolemy/actor/lib/test/Expression.tcl (RunTclFile)" time="0.124" />
  <testcase classname="ptolemy.util.test.junit.TclTests" name="[13] /home/travis/build/icyphy/ptII/ptolemy/actor/lib/test/Gaussian.tcl (RunTclFile)" time="0.682" />
  <testcase classname="ptolemy.util.test.junit.TclTests" name="[14] /home/travis/build/icyphy/ptII/ptolemy/actor/lib/test/IIR.tcl (RunTclFile)" time="0.057" />
  <testcase classname="ptolemy.util.test.junit.TclTests" name="[15] /home/travis/build/icyphy/ptII/ptolemy/actor/lib/test/Interpolator.tcl (RunTclFile)" time="0.093" />
  <testcase classname="ptolemy.util.test.junit.TclTests" name="[16] /home/travis/build/icyphy/ptII/ptolemy/actor/lib/test/MathFunction.tcl (RunTclFile)" time="0.062" />
  <testcase classname="ptolemy.util.test.junit.TclTests" name="[17] /home/travis/build/icyphy/ptII/ptolemy/actor/lib/test/Maximum.tcl (RunTclFile)" time="0.022" />
  <testcase classname="ptolemy.util.test.junit.TclTests" name="[18] /home/travis/build/icyphy/ptII/ptolemy/actor/lib/test/Minimum.tcl (RunTclFile)" time="0.02" />
  <testcase classname="ptolemy.util.test.junit.TclTests" name="[19] /home/travis/build/icyphy/ptII/ptolemy/actor/lib/test/MultiplyDivide.tcl (RunTclFile)" time="0.022" />
  <testcase classname="ptolemy.util.test.junit.TclTests" name="[20] /home/travis/build/icyphy/ptII/ptolemy/actor/lib/test/OrderedMerge.tcl (RunTclFile)" time="0.115" />
  <testcase classname="ptolemy.util.test.junit.TclTests" name="[21] /home/travis/build/icyphy/ptII/ptolemy/actor/lib/test/Publisher.tcl (RunTclFile)" time="0.999" />
  <testcase classname="ptolemy.util.test.junit.TclTests" name="[22] /home/travis/build/icyphy/ptII/ptolemy/actor/lib/test/Pulse.tcl (RunTclFile)" time="0.084" />
  <testcase classname="ptolemy.util.test.junit.TclTests" name="[23] /home/travis/build/icyphy/ptII/ptolemy/actor/lib/test/Ramp.tcl (RunTclFile)" time="2.22" />
  <testcase classname="ptolemy.util.test.junit.TclTests" name="[24] /home/travis/build/icyphy/ptII/ptolemy/actor/lib/test/RampContinuous.tcl (RunTclFile)" time="0.019" />
  <testcase classname="ptolemy.util.test.junit.TclTests" name="[25] /home/travis/build/icyphy/ptII/ptolemy/actor/lib/test/RecordAssembler.tcl (RunTclFile)" time="0.017" />
  <testcase classname="ptolemy.util.test.junit.TclTests" name="[26] /home/travis/build/icyphy/ptII/ptolemy/actor/lib/test/RecordDisassembler.tcl (RunTclFile)" time="0.042" />
  <testcase classname="ptolemy.util.test.junit.TclTests" name="[27] /home/travis/build/icyphy/ptII/ptolemy/actor/lib/test/Scale.tcl (RunTclFile)" time="0.033" />
  <testcase classname="ptolemy.util.test.junit.TclTests" name="[28] /home/travis/build/icyphy/ptII/ptolemy/actor/lib/test/SequentialClock.tcl (RunTclFile)" time="0.023" />
  <testcase classname="ptolemy.util.test.junit.TclTests" name="[29] /home/travis/build/icyphy/ptII/ptolemy/actor/lib/test/SetVariable.tcl (RunTclFile)" time="0.033">
    <failure message="Number of failed tests is has increased. expected:&lt;0&gt; but was:&lt;1&gt;" type="junit.framework.AssertionFailedError">junit.framework.AssertionFailedError: Number of failed tests is has increased. expected:&lt;0&gt; but was:&lt;1&gt;
	at ptolemy.util.test.junit.TclTests.RunTclFile(TclTests.java:286)
	at jdk.internal.reflect.GeneratedMethodAccessor19.invoke(Unknown Source)
	at java.base/jdk.internal.reflect.DelegatingMethodAccessorImpl.invoke(DelegatingMethodAccessorImpl.java:43)
	at junitparams.internal.InvokeParameterisedMethod.evaluate(InvokeParameterisedMethod.java:102)
	at junitparams.internal.ParameterisedTestMethodRunner.runMethodInvoker(ParameterisedTestMethodRunner.java:47)
	at junitparams.internal.ParameterisedTestMethodRunner.runTestMethod(ParameterisedTestMethodRunner.java:41)
	at junitparams.internal.ParameterisedTestClassRunner.runParameterisedTest(ParameterisedTestClassRunner.java:143)
	at junitparams.JUnitParamsRunner.runChild(JUnitParamsRunner.java:237)
	at junitparams.JUnitParamsRunner.runChild(JUnitParamsRunner.java:215)
</failure>
  </testcase>
  <testcase classname="ptolemy.util.test.junit.TclTests" name="[30] /home/travis/build/icyphy/ptII/ptolemy/actor/lib/test/Sinewave.tcl (RunTclFile)" time="0.031" />
  <testcase classname="ptolemy.util.test.junit.TclTests" name="[31] /home/travis/build/icyphy/ptII/ptolemy/actor/lib/test/SubscriptionAggregator.tcl (RunTclFile)" time="2.359" />
  <testcase classname="ptolemy.util.test.junit.TclTests" name="[32] /home/travis/build/icyphy/ptII/ptolemy/actor/lib/test/Test.tcl (RunTclFile)" time="0.132" />
  <testcase classname="ptolemy.util.test.junit.TclTests" name="[33] /home/travis/build/icyphy/ptII/ptolemy/actor/lib/test/TestExceptionHandler.tcl (RunTclFile)" time="0.017" />
  <testcase classname="ptolemy.util.test.junit.TclTests" name="[34] /home/travis/build/icyphy/ptII/ptolemy/actor/lib/test/UnionDisassembler.tcl (RunTclFile)" time="0.156" />
  <testcase classname="ptolemy.util.test.junit.TclTests" name="[35] /home/travis/build/icyphy/ptII/ptolemy/actor/lib/test/VariableClock.tcl (RunTclFile)" time="0.026" />
  <testcase classname="ptolemy.util.test.junit.AutoKnownFailedTests" name="[0] /home/travis/build/icyphy/ptII/ptolemy/actor/lib/test/auto/knownFailedTests/PublisherPortToplevelSubscriber.xml (RunModel)" time="0.023" />
  <testcase classname="ptolemy.util.test.junit.AutoKnownFailedTests" name="[1] /home/travis/build/icyphy/ptII/ptolemy/actor/lib/test/auto/knownFailedTests/PublisherSubscriberPortToplevel.xml (RunModel)" time="0.022" />
  <testcase classname="ptolemy.util.test.junit.AutoKnownFailedTests" name="[2] /home/travis/build/icyphy/ptII/ptolemy/actor/lib/test/auto/knownFailedTests/PublisherSubscriptionAggregatorPort.xml (RunModel)" time="0.019" />
  <testcase classname="ptolemy.util.test.junit.AutoKnownFailedTests" name="[3] /home/travis/build/icyphy/ptII/ptolemy/actor/lib/test/auto/knownFailedTests/sizedarray3.xml (RunModel)" time="0.026" />
  <testcase classname="ptolemy.util.test.junit.AutoNameArchTests" name="[0] ThereAreNoAutoArchTests (RunModel)" time="0.002" />
  <testcase classname="ptolemy.util.test.junit.AutoTests" name="[0] /home/travis/build/icyphy/ptII/ptolemy/actor/lib/test/auto/AbsoluteValue.xml (RunModel)" time="0.121" />
  <testcase classname="ptolemy.util.test.junit.AutoTests" name="[1] /home/travis/build/icyphy/ptII/ptolemy/actor/lib/test/auto/AbsoluteValue2.xml (RunModel)" time="0.051" />
  <testcase classname="ptolemy.util.test.junit.AutoTests" name="[2] /home/travis/build/icyphy/ptII/ptolemy/actor/lib/test/auto/Accumulator.xml (RunModel)" time="0.035" />
  <testcase classname="ptolemy.util.test.junit.AutoTests" name="[3] /home/travis/build/icyphy/ptII/ptolemy/actor/lib/test/auto/Accumulator2.xml (RunModel)" time="0.058" />
  <testcase classname="ptolemy.util.test.junit.AutoTests" name="[4] /home/travis/build/icyphy/ptII/ptolemy/actor/lib/test/auto/Accumulator3.xml (RunModel)" time="0.041" />
  <testcase classname="ptolemy.util.test.junit.AutoTests" name="[5] /home/travis/build/icyphy/ptII/ptolemy/actor/lib/test/auto/ArrayAppend.xml (RunModel)" time="0.046" />
  <testcase classname="ptolemy.util.test.junit.AutoTests" name="[6] /home/travis/build/icyphy/ptII/ptolemy/actor/lib/test/auto/ArrayAppend2.xml (RunModel)" time="0.497" />
  <testcase classname="ptolemy.util.test.junit.AutoTests" name="[7] /home/travis/build/icyphy/ptII/ptolemy/actor/lib/test/auto/ArrayAppend3.xml (RunModel)" time="0.051" />
  <testcase classname="ptolemy.util.test.junit.AutoTests" name="[8] /home/travis/build/icyphy/ptII/ptolemy/actor/lib/test/auto/ArrayAppend4.xml (RunModel)" time="0.049" />
  <testcase classname="ptolemy.util.test.junit.AutoTests" name="[9] /home/travis/build/icyphy/ptII/ptolemy/actor/lib/test/auto/ArrayAppend5.xml (RunModel)" time="0.022" />
  <testcase classname="ptolemy.util.test.junit.AutoTests" name="[10] /home/travis/build/icyphy/ptII/ptolemy/actor/lib/test/auto/ArrayAppend6.xml (RunModel)" time="0.02" />
  <testcase classname="ptolemy.util.test.junit.AutoTests" name="[11] /home/travis/build/icyphy/ptII/ptolemy/actor/lib/test/auto/ArrayAppendPerformanceTest.xml (RunModel)" time="0.065" />
  <testcase classname="ptolemy.util.test.junit.AutoTests" name="[12] /home/travis/build/icyphy/ptII/ptolemy/actor/lib/test/auto/ArrayAppendWithEmptyInput.xml (RunModel)" time="0.057" />
  <testcase classname="ptolemy.util.test.junit.AutoTests" name="[13] /home/travis/build/icyphy/ptII/ptolemy/actor/lib/test/auto/ArrayAverage.xml (RunModel)" time="0.045" />
  <testcase classname="ptolemy.util.test.junit.AutoTests" name="[14] /home/travis/build/icyphy/ptII/ptolemy/actor/lib/test/auto/ArrayContains.xml (RunModel)" time="0.039" />
  <testcase classname="ptolemy.util.test.junit.AutoTests" name="[15] /home/travis/build/icyphy/ptII/ptolemy/actor/lib/test/auto/ArrayElement.xml (RunModel)" time="0.032" />
  <testcase classname="ptolemy.util.test.junit.AutoTests" name="[16] /home/travis/build/icyphy/ptII/ptolemy/actor/lib/test/auto/ArrayElementAsMatrix.xml (RunModel)" time="0.044" />
  <testcase classname="ptolemy.util.test.junit.AutoTests" name="[17] /home/travis/build/icyphy/ptII/ptolemy/actor/lib/test/auto/ArrayElementI.xml (RunModel)" time="0.022" />
  <testcase classname="ptolemy.util.test.junit.AutoTests" name="[18] /home/travis/build/icyphy/ptII/ptolemy/actor/lib/test/auto/ArrayExtract.xml (RunModel)" time="0.037" />
  <testcase classname="ptolemy.util.test.junit.AutoTests" name="[19] /home/travis/build/icyphy/ptII/ptolemy/actor/lib/test/auto/ArrayExtract2.xml (RunModel)" time="0.026" />
  <testcase classname="ptolemy.util.test.junit.AutoTests" name="[20] /home/travis/build/icyphy/ptII/ptolemy/actor/lib/test/auto/ArrayLength.xml (RunModel)" time="0.025" />
  <testcase classname="ptolemy.util.test.junit.AutoTests" name="[21] /home/travis/build/icyphy/ptII/ptolemy/actor/lib/test/auto/ArrayLevelCrossing.xml (RunModel)" time="0.038" />
  <testcase classname="ptolemy.util.test.junit.AutoTests" name="[22] /home/travis/build/icyphy/ptII/ptolemy/actor/lib/test/auto/ArrayLevelCrossing2.xml (RunModel)" time="0.031" />
  <testcase classname="ptolemy.util.test.junit.AutoTests" name="[23] /home/travis/build/icyphy/ptII/ptolemy/actor/lib/test/auto/ArrayPeakSearch.xml (RunModel)" time="0.054" />
  <testcase classname="ptolemy.util.test.junit.AutoTests" name="[24] /home/travis/build/icyphy/ptII/ptolemy/actor/lib/test/auto/ArrayPeakSearch2.xml (RunModel)" time="0.051" />
  <testcase classname="ptolemy.util.test.junit.AutoTests" name="[25] /home/travis/build/icyphy/ptII/ptolemy/actor/lib/test/auto/ArrayPeakSearch3.xml (RunModel)" time="0.046" />
  <testcase classname="ptolemy.util.test.junit.AutoTests" name="[26] /home/travis/build/icyphy/ptII/ptolemy/actor/lib/test/auto/ArrayRemoveElement.xml (RunModel)" time="0.032" />
  <testcase classname="ptolemy.util.test.junit.AutoTests" name="[27] /home/travis/build/icyphy/ptII/ptolemy/actor/lib/test/auto/ArraySort.xml (RunModel)" time="0.038" />
  <testcase classname="ptolemy.util.test.junit.AutoTests" name="[28] /home/travis/build/icyphy/ptII/ptolemy/actor/lib/test/auto/ArraySum.xml (RunModel)" time="0.032" />
  <testcase classname="ptolemy.util.test.junit.AutoTests" name="[29] /home/travis/build/icyphy/ptII/ptolemy/actor/lib/test/auto/ArrayToElements.xml (RunModel)" time="0.041" />
  <testcase classname="ptolemy.util.test.junit.AutoTests" name="[30] /home/travis/build/icyphy/ptII/ptolemy/actor/lib/test/auto/ArrayToMatrix.xml (RunModel)" time="0.074" />
  <testcase classname="ptolemy.util.test.junit.AutoTests" name="[31] /home/travis/build/icyphy/ptII/ptolemy/actor/lib/test/auto/ArrayUpdate1.xml (RunModel)" time="0.031" />
  <testcase classname="ptolemy.util.test.junit.AutoTests" name="[32] /home/travis/build/icyphy/ptII/ptolemy/actor/lib/test/auto/ArrayUpdate2.xml (RunModel)" time="0.028" />
  <testcase classname="ptolemy.util.test.junit.AutoTests" name="[33] /home/travis/build/icyphy/ptII/ptolemy/actor/lib/test/auto/ArrayUpdate3.xml (RunModel)" time="0.024" />
  <testcase classname="ptolemy.util.test.junit.AutoTests" name="[34] /home/travis/build/icyphy/ptII/ptolemy/actor/lib/test/auto/Assert1.xml (RunModel)" time="0.019" />
  <testcase classname="ptolemy.util.test.junit.AutoTests" name="[35] /home/travis/build/icyphy/ptII/ptolemy/actor/lib/test/auto/Assert2.xml (RunModel)" time="0.013" />
  <testcase classname="ptolemy.util.test.junit.AutoTests" name="[36] /home/travis/build/icyphy/ptII/ptolemy/actor/lib/test/auto/BooleanMultiplexor.xml (RunModel)" time="0.017" />
  <testcase classname="ptolemy.util.test.junit.AutoTests" name="[37] /home/travis/build/icyphy/ptII/ptolemy/actor/lib/test/auto/BooleanMultiplexor2.xml (RunModel)" time="0.028" />
  <testcase classname="ptolemy.util.test.junit.AutoTests" name="[38] /home/travis/build/icyphy/ptII/ptolemy/actor/lib/test/auto/BooleanMultiplexor3.xml (RunModel)" time="0.03" />
  <testcase classname="ptolemy.util.test.junit.AutoTests" name="[39] /home/travis/build/icyphy/ptII/ptolemy/actor/lib/test/auto/BooleanSelect.xml (RunModel)" time="0.026" />
  <testcase classname="ptolemy.util.test.junit.AutoTests" name="[40] /home/travis/build/icyphy/ptII/ptolemy/actor/lib/test/auto/BooleanSelect2.xml (RunModel)" time="0.016" />
  <testcase classname="ptolemy.util.test.junit.AutoTests" name="[41] /home/travis/build/icyphy/ptII/ptolemy/actor/lib/test/auto/BooleanSwitch.xml (RunModel)" time="0.029" />
  <testcase classname="ptolemy.util.test.junit.AutoTests" name="[42] /home/travis/build/icyphy/ptII/ptolemy/actor/lib/test/auto/BooleanSwitch2.xml (RunModel)" time="0.016" />
  <testcase classname="ptolemy.util.test.junit.AutoTests" name="[43] /home/travis/build/icyphy/ptII/ptolemy/actor/lib/test/auto/BooleanSwitchCloningBugWithClassRelationGroup.xml (RunModel)" time="0.029" />
  <testcase classname="ptolemy.util.test.junit.AutoTests" name="[44] /home/travis/build/icyphy/ptII/ptolemy/actor/lib/test/auto/BusActors.xml (RunModel)" time="0.048" />
  <testcase classname="ptolemy.util.test.junit.AutoTests" name="[45] /home/travis/build/icyphy/ptII/ptolemy/actor/lib/test/auto/ClassWrapper.xml (RunModel)" time="0.026" />
  <testcase classname="ptolemy.util.test.junit.AutoTests" name="[46] /home/travis/build/icyphy/ptII/ptolemy/actor/lib/test/auto/Clock.xml (RunModel)" time="0.009" />
  <testcase classname="ptolemy.util.test.junit.AutoTests" name="[47] /home/travis/build/icyphy/ptII/ptolemy/actor/lib/test/auto/Clock10.xml (RunModel)" time="0.019" />
  <testcase classname="ptolemy.util.test.junit.AutoTests" name="[48] /home/travis/build/icyphy/ptII/ptolemy/actor/lib/test/auto/Clock11.xml (RunModel)" time="0.022" />
  <testcase classname="ptolemy.util.test.junit.AutoTests" name="[49] /home/travis/build/icyphy/ptII/ptolemy/actor/lib/test/auto/Clock12.xml (RunModel)" time="0.02" />
  <testcase classname="ptolemy.util.test.junit.AutoTests" name="[50] /home/travis/build/icyphy/ptII/ptolemy/actor/lib/test/auto/Clock13.xml (RunModel)" time="0.02" />
  <testcase classname="ptolemy.util.test.junit.AutoTests" name="[51] /home/travis/build/icyphy/ptII/ptolemy/actor/lib/test/auto/Clock14.xml (RunModel)" time="0.017" />
  <testcase classname="ptolemy.util.test.junit.AutoTests" name="[52] /home/travis/build/icyphy/ptII/ptolemy/actor/lib/test/auto/Clock15.xml (RunModel)" time="0.018" />
  <testcase classname="ptolemy.util.test.junit.AutoTests" name="[53] /home/travis/build/icyphy/ptII/ptolemy/actor/lib/test/auto/Clock16.xml (RunModel)" time="0.088" />
  <testcase classname="ptolemy.util.test.junit.AutoTests" name="[54] /home/travis/build/icyphy/ptII/ptolemy/actor/lib/test/auto/Clock17.xml (RunModel)" time="0.077" />
  <testcase classname="ptolemy.util.test.junit.AutoTests" name="[55] /home/travis/build/icyphy/ptII/ptolemy/actor/lib/test/auto/Clock18.xml (RunModel)" time="0.062" />
  <testcase classname="ptolemy.util.test.junit.AutoTests" name="[56] /home/travis/build/icyphy/ptII/ptolemy/actor/lib/test/auto/Clock19.xml (RunModel)" time="0.045" />
  <testcase classname="ptolemy.util.test.junit.AutoTests" name="[57] /home/travis/build/icyphy/ptII/ptolemy/actor/lib/test/auto/Clock2.xml (RunModel)" time="0.016" />
  <testcase classname="ptolemy.util.test.junit.AutoTests" name="[58] /home/travis/build/icyphy/ptII/ptolemy/actor/lib/test/auto/Clock20.xml (RunModel)" time="0.023" />
  <testcase classname="ptolemy.util.test.junit.AutoTests" name="[59] /home/travis/build/icyphy/ptII/ptolemy/actor/lib/test/auto/Clock21.xml (RunModel)" time="0.017" />
  <testcase classname="ptolemy.util.test.junit.AutoTests" name="[60] /home/travis/build/icyphy/ptII/ptolemy/actor/lib/test/auto/Clock22.xml (RunModel)" time="0.017" />
  <testcase classname="ptolemy.util.test.junit.AutoTests" name="[61] /home/travis/build/icyphy/ptII/ptolemy/actor/lib/test/auto/Clock23.xml (RunModel)" time="0.03" />
  <testcase classname="ptolemy.util.test.junit.AutoTests" name="[62] /home/travis/build/icyphy/ptII/ptolemy/actor/lib/test/auto/Clock24.xml (RunModel)" time="0.016" />
  <testcase classname="ptolemy.util.test.junit.AutoTests" name="[63] /home/travis/build/icyphy/ptII/ptolemy/actor/lib/test/auto/Clock4.xml (RunModel)" time="0.014" />
  <testcase classname="ptolemy.util.test.junit.AutoTests" name="[64] /home/travis/build/icyphy/ptII/ptolemy/actor/lib/test/auto/Clock5.xml (RunModel)" time="0.012" />
  <testcase classname="ptolemy.util.test.junit.AutoTests" name="[65] /home/travis/build/icyphy/ptII/ptolemy/actor/lib/test/auto/Clock6.xml (RunModel)" time="0.015" />
  <testcase classname="ptolemy.util.test.junit.AutoTests" name="[66] /home/travis/build/icyphy/ptII/ptolemy/actor/lib/test/auto/Clock7.xml (RunModel)" time="0.012" />
  <testcase classname="ptolemy.util.test.junit.AutoTests" name="[67] /home/travis/build/icyphy/ptII/ptolemy/actor/lib/test/auto/Clock8.xml (RunModel)" time="0.018" />
  <testcase classname="ptolemy.util.test.junit.AutoTests" name="[68] /home/travis/build/icyphy/ptII/ptolemy/actor/lib/test/auto/Clock9.xml (RunModel)" time="0.017" />
  <testcase classname="ptolemy.util.test.junit.AutoTests" name="[69] /home/travis/build/icyphy/ptII/ptolemy/actor/lib/test/auto/CommDistDiscard.xml (RunModel)" time="0.029" />
  <testcase classname="ptolemy.util.test.junit.AutoTests" name="[70] /home/travis/build/icyphy/ptII/ptolemy/actor/lib/test/auto/Commutator.xml (RunModel)" time="0.014" />
  <testcase classname="ptolemy.util.test.junit.AutoTests" name="[71] /home/travis/build/icyphy/ptII/ptolemy/actor/lib/test/auto/Commutator2.xml (RunModel)" time="0.01" />
  <testcase classname="ptolemy.util.test.junit.AutoTests" name="[72] /home/travis/build/icyphy/ptII/ptolemy/actor/lib/test/auto/Commutator3.xml (RunModel)" time="0.011" />
  <testcase classname="ptolemy.util.test.junit.AutoTests" name="[73] /home/travis/build/icyphy/ptII/ptolemy/actor/lib/test/auto/Compare.xml (RunModel)" time="0.02" />
  <testcase classname="ptolemy.util.test.junit.AutoTests" name="[74] /home/travis/build/icyphy/ptII/ptolemy/actor/lib/test/auto/CompareDE.xml (RunModel)" time="0.017" />
  <testcase classname="ptolemy.util.test.junit.AutoTests" name="[75] /home/travis/build/icyphy/ptII/ptolemy/actor/lib/test/auto/ComplexDivide.xml (RunModel)" time="0.009" />
  <testcase classname="ptolemy.util.test.junit.AutoTests" name="[76] /home/travis/build/icyphy/ptII/ptolemy/actor/lib/test/auto/ComputeHistogram.xml (RunModel)" time="0.07" />
  <testcase classname="ptolemy.util.test.junit.AutoTests" name="[77] /home/travis/build/icyphy/ptII/ptolemy/actor/lib/test/auto/ConfigurationSelect.xml (RunModel)" time="0.022" />
  <testcase classname="ptolemy.util.test.junit.AutoTests" name="[78] /home/travis/build/icyphy/ptII/ptolemy/actor/lib/test/auto/ConfigurationSelect2.xml (RunModel)" time="0.018" />
  <testcase classname="ptolemy.util.test.junit.AutoTests" name="[79] /home/travis/build/icyphy/ptII/ptolemy/actor/lib/test/auto/ConfigurationSwitch.xml (RunModel)" time="0.03" />
  <testcase classname="ptolemy.util.test.junit.AutoTests" name="[80] /home/travis/build/icyphy/ptII/ptolemy/actor/lib/test/auto/ConfigurationSwitch2.xml (RunModel)" time="0.018" />
  <testcase classname="ptolemy.util.test.junit.AutoTests" name="[81] /home/travis/build/icyphy/ptII/ptolemy/actor/lib/test/auto/ConfigurationSwitchCloningBugWithClassRelationGroup.xml (RunModel)" time="0.022" />
  <testcase classname="ptolemy.util.test.junit.AutoTests" name="[82] /home/travis/build/icyphy/ptII/ptolemy/actor/lib/test/auto/ConfigurationSwitchSelectSDF.xml (RunModel)" time="0.016" />
  <testcase classname="ptolemy.util.test.junit.AutoTests" name="[83] /home/travis/build/icyphy/ptII/ptolemy/actor/lib/test/auto/ConfigurationSwitchSelectSDF2.xml (RunModel)" time="0.016" />
  <testcase classname="ptolemy.util.test.junit.AutoTests" name="[84] /home/travis/build/icyphy/ptII/ptolemy/actor/lib/test/auto/Const.xml (RunModel)" time="0.008" />
  <testcase classname="ptolemy.util.test.junit.AutoTests" name="[85] /home/travis/build/icyphy/ptII/ptolemy/actor/lib/test/auto/Const2.xml (RunModel)" time="0.014" />
  <testcase classname="ptolemy.util.test.junit.AutoTests" name="[86] /home/travis/build/icyphy/ptII/ptolemy/actor/lib/test/auto/Const3.xml (RunModel)" time="0.011" />
  <testcase classname="ptolemy.util.test.junit.AutoTests" name="[87] /home/travis/build/icyphy/ptII/ptolemy/actor/lib/test/auto/ConstantPublisherPort1.xml (RunModel)" time="0.026" />
  <testcase classname="ptolemy.util.test.junit.AutoTests" name="[88] /home/travis/build/icyphy/ptII/ptolemy/actor/lib/test/auto/ConstantPublisherPort2.xml (RunModel)" time="0.038" />
  <testcase classname="ptolemy.util.test.junit.AutoTests" name="[89] /home/travis/build/icyphy/ptII/ptolemy/actor/lib/test/auto/ConstantPublisherPort3.xml (RunModel)" time="0.02" />
  <testcase classname="ptolemy.util.test.junit.AutoTests" name="[90] /home/travis/build/icyphy/ptII/ptolemy/actor/lib/test/auto/ConstantPublisherPort4.xml (RunModel)" time="0.015" />
  <testcase classname="ptolemy.util.test.junit.AutoTests" name="[91] /home/travis/build/icyphy/ptII/ptolemy/actor/lib/test/auto/ConstantPublisherPort5.xml (RunModel)" time="0.042" />
  <testcase classname="ptolemy.util.test.junit.AutoTests" name="[92] /home/travis/build/icyphy/ptII/ptolemy/actor/lib/test/auto/ConstantPublisherPort6.xml (RunModel)" time="0.031" />
  <testcase classname="ptolemy.util.test.junit.AutoTests" name="[93] /home/travis/build/icyphy/ptII/ptolemy/actor/lib/test/auto/ConstantPublisherPort7.xml (RunModel)" time="0.036" />
  <testcase classname="ptolemy.util.test.junit.AutoTests" name="[94] /home/travis/build/icyphy/ptII/ptolemy/actor/lib/test/auto/ConstraintMonitor1.xml (RunModel)" time="0.042" />
  <testcase classname="ptolemy.util.test.junit.AutoTests" name="[95] /home/travis/build/icyphy/ptII/ptolemy/actor/lib/test/auto/ConstraintMonitor2.xml (RunModel)" time="0.021" />
  <testcase classname="ptolemy.util.test.junit.AutoTests" name="[96] /home/travis/build/icyphy/ptII/ptolemy/actor/lib/test/auto/ConstraintMonitor3.xml (RunModel)" time="0.017" />
  <testcase classname="ptolemy.util.test.junit.AutoTests" name="[97] /home/travis/build/icyphy/ptII/ptolemy/actor/lib/test/auto/ConstraintMonitor4.xml (RunModel)" time="0.011" />
  <testcase classname="ptolemy.util.test.junit.AutoTests" name="[98] /home/travis/build/icyphy/ptII/ptolemy/actor/lib/test/auto/ConstraintMonitor5.xml (RunModel)" time="0.012" />
  <testcase classname="ptolemy.util.test.junit.AutoTests" name="[99] /home/travis/build/icyphy/ptII/ptolemy/actor/lib/test/auto/ConstraintMonitor6.xml (RunModel)" time="0.016" />
  <testcase classname="ptolemy.util.test.junit.AutoTests" name="[100] /home/travis/build/icyphy/ptII/ptolemy/actor/lib/test/auto/ConstraintMonitor7.xml (RunModel)" time="0.02" />
  <testcase classname="ptolemy.util.test.junit.AutoTests" name="[101] /home/travis/build/icyphy/ptII/ptolemy/actor/lib/test/auto/ConstraintMonitor8.xml (RunModel)" time="0.019" />
  <testcase classname="ptolemy.util.test.junit.AutoTests" name="[102] /home/travis/build/icyphy/ptII/ptolemy/actor/lib/test/auto/Counter.xml (RunModel)" time="0.017" />
  <testcase classname="ptolemy.util.test.junit.AutoTests" name="[103] /home/travis/build/icyphy/ptII/ptolemy/actor/lib/test/auto/CurrentTimeSDF.xml (RunModel)" time="0.009" />
  <testcase classname="ptolemy.util.test.junit.AutoTests" name="[104] /home/travis/build/icyphy/ptII/ptolemy/actor/lib/test/auto/DB.xml (RunModel)" time="0.027" />
  <testcase classname="ptolemy.util.test.junit.AutoTests" name="[105] /home/travis/build/icyphy/ptII/ptolemy/actor/lib/test/auto/DBDE.xml (RunModel)" time="0.017" />
  <testcase classname="ptolemy.util.test.junit.AutoTests" name="[106] /home/travis/build/icyphy/ptII/ptolemy/actor/lib/test/auto/DateConstructor.xml (RunModel)" time="0.069" />
  <testcase classname="ptolemy.util.test.junit.AutoTests" name="[107] /home/travis/build/icyphy/ptII/ptolemy/actor/lib/test/auto/DelayTime.xml (RunModel)" time="0.016" />
  <testcase classname="ptolemy.util.test.junit.AutoTests" name="[108] /home/travis/build/icyphy/ptII/ptolemy/actor/lib/test/auto/Dictionary1.xml (RunModel)" time="0.019" />
  <testcase classname="ptolemy.util.test.junit.AutoTests" name="[109] /home/travis/build/icyphy/ptII/ptolemy/actor/lib/test/auto/Dictionary2.xml (RunModel)" time="0.016" />
  <testcase classname="ptolemy.util.test.junit.AutoTests" name="[110] /home/travis/build/icyphy/ptII/ptolemy/actor/lib/test/auto/Dictionary3.xml (RunModel)" time="0.014" />
  <testcase classname="ptolemy.util.test.junit.AutoTests" name="[111] /home/travis/build/icyphy/ptII/ptolemy/actor/lib/test/auto/Dictionary4.xml (RunModel)" time="0.017" />
  <testcase classname="ptolemy.util.test.junit.AutoTests" name="[112] /home/travis/build/icyphy/ptII/ptolemy/actor/lib/test/auto/Differential.xml (RunModel)" time="0.013" />
  <testcase classname="ptolemy.util.test.junit.AutoTests" name="[113] /home/travis/build/icyphy/ptII/ptolemy/actor/lib/test/auto/Director.xml (RunModel)" time="0.012" />
  <testcase classname="ptolemy.util.test.junit.AutoTests" name="[114] /home/travis/build/icyphy/ptII/ptolemy/actor/lib/test/auto/DiscreteClock.xml (RunModel)" time="0.01" />
  <testcase classname="ptolemy.util.test.junit.AutoTests" name="[115] /home/travis/build/icyphy/ptII/ptolemy/actor/lib/test/auto/DiscreteClock10.xml (RunModel)" time="0.013" />
  <testcase classname="ptolemy.util.test.junit.AutoTests" name="[116] /home/travis/build/icyphy/ptII/ptolemy/actor/lib/test/auto/DiscreteClock11.xml (RunModel)" time="0.011" />
  <testcase classname="ptolemy.util.test.junit.AutoTests" name="[117] /home/travis/build/icyphy/ptII/ptolemy/actor/lib/test/auto/DiscreteClock12.xml (RunModel)" time="0.011" />
  <testcase classname="ptolemy.util.test.junit.AutoTests" name="[118] /home/travis/build/icyphy/ptII/ptolemy/actor/lib/test/auto/DiscreteClock13.xml (RunModel)" time="0.015" />
  <testcase classname="ptolemy.util.test.junit.AutoTests" name="[119] /home/travis/build/icyphy/ptII/ptolemy/actor/lib/test/auto/DiscreteClock14.xml (RunModel)" time="0.014" />
  <testcase classname="ptolemy.util.test.junit.AutoTests" name="[120] /home/travis/build/icyphy/ptII/ptolemy/actor/lib/test/auto/DiscreteClock15.xml (RunModel)" time="0.014" />
  <testcase classname="ptolemy.util.test.junit.AutoTests" name="[121] /home/travis/build/icyphy/ptII/ptolemy/actor/lib/test/auto/DiscreteClock16.xml (RunModel)" time="0.04" />
  <testcase classname="ptolemy.util.test.junit.AutoTests" name="[122] /home/travis/build/icyphy/ptII/ptolemy/actor/lib/test/auto/DiscreteClock17.xml (RunModel)" time="0.044" />
  <testcase classname="ptolemy.util.test.junit.AutoTests" name="[123] /home/travis/build/icyphy/ptII/ptolemy/actor/lib/test/auto/DiscreteClock18.xml (RunModel)" time="0.049" />
  <testcase classname="ptolemy.util.test.junit.AutoTests" name="[124] /home/travis/build/icyphy/ptII/ptolemy/actor/lib/test/auto/DiscreteClock19.xml (RunModel)" time="0.061" />
  <testcase classname="ptolemy.util.test.junit.AutoTests" name="[125] /home/travis/build/icyphy/ptII/ptolemy/actor/lib/test/auto/DiscreteClock2.xml (RunModel)" time="0.02" />
  <testcase classname="ptolemy.util.test.junit.AutoTests" name="[126] /home/travis/build/icyphy/ptII/ptolemy/actor/lib/test/auto/DiscreteClock20.xml (RunModel)" time="0.022" />
  <testcase classname="ptolemy.util.test.junit.AutoTests" name="[127] /home/travis/build/icyphy/ptII/ptolemy/actor/lib/test/auto/DiscreteClock21.xml (RunModel)" time="0.019" />
  <testcase classname="ptolemy.util.test.junit.AutoTests" name="[128] /home/travis/build/icyphy/ptII/ptolemy/actor/lib/test/auto/DiscreteClock22.xml (RunModel)" time="0.013" />
  <testcase classname="ptolemy.util.test.junit.AutoTests" name="[129] /home/travis/build/icyphy/ptII/ptolemy/actor/lib/test/auto/DiscreteClock23.xml (RunModel)" time="0.028" />
  <testcase classname="ptolemy.util.test.junit.AutoTests" name="[130] /home/travis/build/icyphy/ptII/ptolemy/actor/lib/test/auto/DiscreteClock24.xml (RunModel)" time="0.014" />
  <testcase classname="ptolemy.util.test.junit.AutoTests" name="[131] /home/travis/build/icyphy/ptII/ptolemy/actor/lib/test/auto/DiscreteClock4.xml (RunModel)" time="0.012" />
  <testcase classname="ptolemy.util.test.junit.AutoTests" name="[132] /home/travis/build/icyphy/ptII/ptolemy/actor/lib/test/auto/DiscreteClock5.xml (RunModel)" time="0.011" />
  <testcase classname="ptolemy.util.test.junit.AutoTests" name="[133] /home/travis/build/icyphy/ptII/ptolemy/actor/lib/test/auto/DiscreteClock6.xml (RunModel)" time="0.015" />
  <testcase classname="ptolemy.util.test.junit.AutoTests" name="[134] /home/travis/build/icyphy/ptII/ptolemy/actor/lib/test/auto/DiscreteClock7.xml (RunModel)" time="0.011" />
  <testcase classname="ptolemy.util.test.junit.AutoTests" name="[135] /home/travis/build/icyphy/ptII/ptolemy/actor/lib/test/auto/DiscreteClock8.xml (RunModel)" time="0.012" />
  <testcase classname="ptolemy.util.test.junit.AutoTests" name="[136] /home/travis/build/icyphy/ptII/ptolemy/actor/lib/test/auto/DiscreteClock9.xml (RunModel)" time="0.012" />
  <testcase classname="ptolemy.util.test.junit.AutoTests" name="[137] /home/travis/build/icyphy/ptII/ptolemy/actor/lib/test/auto/DisplayArray.xml (RunModel)" time="0.018" />
  <testcase classname="ptolemy.util.test.junit.AutoTests" name="[138] /home/travis/build/icyphy/ptII/ptolemy/actor/lib/test/auto/Distributor.xml (RunModel)" time="0.019" />
  <testcase classname="ptolemy.util.test.junit.AutoTests" name="[139] /home/travis/build/icyphy/ptII/ptolemy/actor/lib/test/auto/Distributor2.xml (RunModel)" time="0.011" />
  <testcase classname="ptolemy.util.test.junit.AutoTests" name="[140] /home/travis/build/icyphy/ptII/ptolemy/actor/lib/test/auto/DownSample.xml (RunModel)" time="0.027" />
  <testcase classname="ptolemy.util.test.junit.AutoTests" name="[141] /home/travis/build/icyphy/ptII/ptolemy/actor/lib/test/auto/ElectronicUnitBase1.xml (RunModel)" time="0.069" />
  <testcase classname="ptolemy.util.test.junit.AutoTests" name="[142] /home/travis/build/icyphy/ptII/ptolemy/actor/lib/test/auto/ElementsToArray.xml (RunModel)" time="0.014" />
  <testcase classname="ptolemy.util.test.junit.AutoTests" name="[143] /home/travis/build/icyphy/ptII/ptolemy/actor/lib/test/auto/Equals.xml (RunModel)" time="0.014" />
  <testcase classname="ptolemy.util.test.junit.AutoTests" name="[144] /home/travis/build/icyphy/ptII/ptolemy/actor/lib/test/auto/Exec.xml (RunModel)" time="0.03" />
  <testcase classname="ptolemy.util.test.junit.AutoTests" name="[145] /home/travis/build/icyphy/ptII/ptolemy/actor/lib/test/auto/ExecEnvironment.xml (RunModel)" time="0.037" />
  <testcase classname="ptolemy.util.test.junit.AutoTests" name="[146] /home/travis/build/icyphy/ptII/ptolemy/actor/lib/test/auto/ExecNonZeroReturnOutput.xml (RunModel)" time="0.196" />
  <testcase classname="ptolemy.util.test.junit.AutoTests" name="[147] /home/travis/build/icyphy/ptII/ptolemy/actor/lib/test/auto/ExecRunDemos.xml (RunModel)" time="10.756" />
  <testcase classname="ptolemy.util.test.junit.AutoTests" name="[148] /home/travis/build/icyphy/ptII/ptolemy/actor/lib/test/auto/ExecStop.xml (RunModel)" time="5.035" />
  <testcase classname="ptolemy.util.test.junit.AutoTests" name="[149] /home/travis/build/icyphy/ptII/ptolemy/actor/lib/test/auto/ExecutionTimeSDF.xml (RunModel)" time="6.033" />
  <testcase classname="ptolemy.util.test.junit.AutoTests" name="[150] /home/travis/build/icyphy/ptII/ptolemy/actor/lib/test/auto/Expression1.xml (RunModel)" time="0.011" />
  <testcase classname="ptolemy.util.test.junit.AutoTests" name="[151] /home/travis/build/icyphy/ptII/ptolemy/actor/lib/test/auto/Expression10.xml (RunModel)" time="0.032" />
  <testcase classname="ptolemy.util.test.junit.AutoTests" name="[152] /home/travis/build/icyphy/ptII/ptolemy/actor/lib/test/auto/Expression11.xml (RunModel)" time="0.011" />
  <testcase classname="ptolemy.util.test.junit.AutoTests" name="[153] /home/travis/build/icyphy/ptII/ptolemy/actor/lib/test/auto/Expression12.xml (RunModel)" time="0.019" />
  <testcase classname="ptolemy.util.test.junit.AutoTests" name="[154] /home/travis/build/icyphy/ptII/ptolemy/actor/lib/test/auto/Expression13.xml (RunModel)" time="0.012" />
  <testcase classname="ptolemy.util.test.junit.AutoTests" name="[155] /home/travis/build/icyphy/ptII/ptolemy/actor/lib/test/auto/Expression14.xml (RunModel)" time="0.02" />
  <testcase classname="ptolemy.util.test.junit.AutoTests" name="[156] /home/travis/build/icyphy/ptII/ptolemy/actor/lib/test/auto/Expression15.xml (RunModel)" time="0.01" />
  <testcase classname="ptolemy.util.test.junit.AutoTests" name="[157] /home/travis/build/icyphy/ptII/ptolemy/actor/lib/test/auto/Expression16.xml (RunModel)" time="0.012" />
  <testcase classname="ptolemy.util.test.junit.AutoTests" name="[158] /home/travis/build/icyphy/ptII/ptolemy/actor/lib/test/auto/Expression17.xml (RunModel)" time="0.011" />
  <testcase classname="ptolemy.util.test.junit.AutoTests" name="[159] /home/travis/build/icyphy/ptII/ptolemy/actor/lib/test/auto/Expression18.xml (RunModel)" time="0.015" />
  <testcase classname="ptolemy.util.test.junit.AutoTests" name="[160] /home/travis/build/icyphy/ptII/ptolemy/actor/lib/test/auto/Expression2.xml (RunModel)" time="0.015" />
  <testcase classname="ptolemy.util.test.junit.AutoTests" name="[161] /home/travis/build/icyphy/ptII/ptolemy/actor/lib/test/auto/Expression3.xml (RunModel)" time="0.016" />
  <testcase classname="ptolemy.util.test.junit.AutoTests" name="[162] /home/travis/build/icyphy/ptII/ptolemy/actor/lib/test/auto/Expression4.xml (RunModel)" time="0.032" />
  <testcase classname="ptolemy.util.test.junit.AutoTests" name="[163] /home/travis/build/icyphy/ptII/ptolemy/actor/lib/test/auto/Expression5.xml (RunModel)" time="0.021" />
  <testcase classname="ptolemy.util.test.junit.AutoTests" name="[164] /home/travis/build/icyphy/ptII/ptolemy/actor/lib/test/auto/Expression6.xml (RunModel)" time="0.011" />
  <testcase classname="ptolemy.util.test.junit.AutoTests" name="[165] /home/travis/build/icyphy/ptII/ptolemy/actor/lib/test/auto/Expression7.xml (RunModel)" time="0.016" />
  <testcase classname="ptolemy.util.test.junit.AutoTests" name="[166] /home/travis/build/icyphy/ptII/ptolemy/actor/lib/test/auto/Expression8.xml (RunModel)" time="0.02" />
  <testcase classname="ptolemy.util.test.junit.AutoTests" name="[167] /home/travis/build/icyphy/ptII/ptolemy/actor/lib/test/auto/Expression9.xml (RunModel)" time="0.011" />
  <testcase classname="ptolemy.util.test.junit.AutoTests" name="[168] /home/travis/build/icyphy/ptII/ptolemy/actor/lib/test/auto/ExpressionConcatenateArrayType.xml (RunModel)" time="0.033" />
  <testcase classname="ptolemy.util.test.junit.AutoTests" name="[169] /home/travis/build/icyphy/ptII/ptolemy/actor/lib/test/auto/ExpressionConcatenateArrayType2.xml (RunModel)" time="0.026" />
  <testcase classname="ptolemy.util.test.junit.AutoTests" name="[170] /home/travis/build/icyphy/ptII/ptolemy/actor/lib/test/auto/ExpressionFix.xml (RunModel)" time="0.043" />
  <testcase classname="ptolemy.util.test.junit.AutoTests" name="[171] /home/travis/build/icyphy/ptII/ptolemy/actor/lib/test/auto/ExpressionFix2.xml (RunModel)" time="0.018" />
  <testcase classname="ptolemy.util.test.junit.AutoTests" name="[172] /home/travis/build/icyphy/ptII/ptolemy/actor/lib/test/auto/ExpressionFix3.xml (RunModel)" time="0.014" />
  <testcase classname="ptolemy.util.test.junit.AutoTests" name="[173] /home/travis/build/icyphy/ptII/ptolemy/actor/lib/test/auto/FileWriter1.xml (RunModel)" time="0.009" />
  <testcase classname="ptolemy.util.test.junit.AutoTests" name="[174] /home/travis/build/icyphy/ptII/ptolemy/actor/lib/test/auto/FileWriter2.xml (RunModel)" time="0.009" />
  <testcase classname="ptolemy.util.test.junit.AutoTests" name="[175] /home/travis/build/icyphy/ptII/ptolemy/actor/lib/test/auto/FileWriter3.xml (RunModel)" time="0.014" />
  <testcase classname="ptolemy.util.test.junit.AutoTests" name="[176] /home/travis/build/icyphy/ptII/ptolemy/actor/lib/test/auto/Gaussian.xml (RunModel)" time="0.015" />
  <testcase classname="ptolemy.util.test.junit.AutoTests" name="[177] /home/travis/build/icyphy/ptII/ptolemy/actor/lib/test/auto/Gaussian1.xml (RunModel)" time="0.013" />
  <testcase classname="ptolemy.util.test.junit.AutoTests" name="[178] /home/travis/build/icyphy/ptII/ptolemy/actor/lib/test/auto/Gaussian2.xml (RunModel)" time="0.025" />
  <testcase classname="ptolemy.util.test.junit.AutoTests" name="[179] /home/travis/build/icyphy/ptII/ptolemy/actor/lib/test/auto/GradientAdaptiveLattice.xml (RunModel)" time="0.02" />
  <testcase classname="ptolemy.util.test.junit.AutoTests" name="[180] /home/travis/build/icyphy/ptII/ptolemy/actor/lib/test/auto/IIR.xml (RunModel)" time="0.011" />
  <testcase classname="ptolemy.util.test.junit.AutoTests" name="[181] /home/travis/build/icyphy/ptII/ptolemy/actor/lib/test/auto/InputOutputTransparentPorts.xml (RunModel)" time="0.018" />
  <testcase classname="ptolemy.util.test.junit.AutoTests" name="[182] /home/travis/build/icyphy/ptII/ptolemy/actor/lib/test/auto/Interpolator.xml (RunModel)" time="0.016" />
  <testcase classname="ptolemy.util.test.junit.AutoTests" name="[183] /home/travis/build/icyphy/ptII/ptolemy/actor/lib/test/auto/InterpolatorFiringLimitDE.xml (RunModel)" time="0.014" />
  <testcase classname="ptolemy.util.test.junit.AutoTests" name="[184] /home/travis/build/icyphy/ptII/ptolemy/actor/lib/test/auto/Lattice.xml (RunModel)" time="0.009" />
  <testcase classname="ptolemy.util.test.junit.AutoTests" name="[185] /home/travis/build/icyphy/ptII/ptolemy/actor/lib/test/auto/LazyAOCTestLazy.xml (RunModel)" time="0.029" />
  <testcase classname="ptolemy.util.test.junit.AutoTests" name="[186] /home/travis/build/icyphy/ptII/ptolemy/actor/lib/test/auto/LazyAOCTestNonLazy.xml (RunModel)" time="0.048" />
  <testcase classname="ptolemy.util.test.junit.AutoTests" name="[187] /home/travis/build/icyphy/ptII/ptolemy/actor/lib/test/auto/LazyInnerClass.xml (RunModel)" time="0.027" />
  <testcase classname="ptolemy.util.test.junit.AutoTests" name="[188] /home/travis/build/icyphy/ptII/ptolemy/actor/lib/test/auto/LazyPubSub.xml (RunModel)" time="0.062" />
  <testcase classname="ptolemy.util.test.junit.AutoTests" name="[189] /home/travis/build/icyphy/ptII/ptolemy/actor/lib/test/auto/LazyPubSub2.xml (RunModel)" time="0.058" />
  <testcase classname="ptolemy.util.test.junit.AutoTests" name="[190] /home/travis/build/icyphy/ptII/ptolemy/actor/lib/test/auto/LazyPubSub3.xml (RunModel)" time="0.047" />
  <testcase classname="ptolemy.util.test.junit.AutoTests" name="[191] /home/travis/build/icyphy/ptII/ptolemy/actor/lib/test/auto/LazySubClassModel.xml (RunModel)" time="0.02" />
  <testcase classname="ptolemy.util.test.junit.AutoTests" name="[192] /home/travis/build/icyphy/ptII/ptolemy/actor/lib/test/auto/LevelCrossTest1.xml (RunModel)" time="0.013" />
  <testcase classname="ptolemy.util.test.junit.AutoTests" name="[193] /home/travis/build/icyphy/ptII/ptolemy/actor/lib/test/auto/LevelCrossTest10.xml (RunModel)" time="0.015" />
  <testcase classname="ptolemy.util.test.junit.AutoTests" name="[194] /home/travis/build/icyphy/ptII/ptolemy/actor/lib/test/auto/LevelCrossTest11.xml (RunModel)" time="0.013" />
  <testcase classname="ptolemy.util.test.junit.AutoTests" name="[195] /home/travis/build/icyphy/ptII/ptolemy/actor/lib/test/auto/LevelCrossTest12.xml (RunModel)" time="0.018" />
  <testcase classname="ptolemy.util.test.junit.AutoTests" name="[196] /home/travis/build/icyphy/ptII/ptolemy/actor/lib/test/auto/LevelCrossTest13.xml (RunModel)" time="0.015" />
  <testcase classname="ptolemy.util.test.junit.AutoTests" name="[197] /home/travis/build/icyphy/ptII/ptolemy/actor/lib/test/auto/LevelCrossTest2.xml (RunModel)" time="0.01" />
  <testcase classname="ptolemy.util.test.junit.AutoTests" name="[198] /home/travis/build/icyphy/ptII/ptolemy/actor/lib/test/auto/LevelCrossTest3.xml (RunModel)" time="0.013" />
  <testcase classname="ptolemy.util.test.junit.AutoTests" name="[199] /home/travis/build/icyphy/ptII/ptolemy/actor/lib/test/auto/LevelCrossTest4.xml (RunModel)" time="0.012" />
  <testcase classname="ptolemy.util.test.junit.AutoTests" name="[200] /home/travis/build/icyphy/ptII/ptolemy/actor/lib/test/auto/LevelCrossTest5.xml (RunModel)" time="0.015" />
  <testcase classname="ptolemy.util.test.junit.AutoTests" name="[201] /home/travis/build/icyphy/ptII/ptolemy/actor/lib/test/auto/LevelCrossTest6.xml (RunModel)" time="0.018" />
  <testcase classname="ptolemy.util.test.junit.AutoTests" name="[202] /home/travis/build/icyphy/ptII/ptolemy/actor/lib/test/auto/LevelCrossTest7.xml (RunModel)" time="0.022" />
  <testcase classname="ptolemy.util.test.junit.AutoTests" name="[203] /home/travis/build/icyphy/ptII/ptolemy/actor/lib/test/auto/LevelCrossTest8.xml (RunModel)" time="0.036" />
  <testcase classname="ptolemy.util.test.junit.AutoTests" name="[204] /home/travis/build/icyphy/ptII/ptolemy/actor/lib/test/auto/LevelCrossTest9.xml (RunModel)" time="0.015" />
  <testcase classname="ptolemy.util.test.junit.AutoTests" name="[205] /home/travis/build/icyphy/ptII/ptolemy/actor/lib/test/auto/LevinsonDurbin.xml (RunModel)" time="0.013" />
  <testcase classname="ptolemy.util.test.junit.AutoTests" name="[206] /home/travis/build/icyphy/ptII/ptolemy/actor/lib/test/auto/LevinsonDurbin2.xml (RunModel)" time="0.012" />
  <testcase classname="ptolemy.util.test.junit.AutoTests" name="[207] /home/travis/build/icyphy/ptII/ptolemy/actor/lib/test/auto/LevinsonDurbin3.xml (RunModel)" time="0.012" />
  <testcase classname="ptolemy.util.test.junit.AutoTests" name="[208] /home/travis/build/icyphy/ptII/ptolemy/actor/lib/test/auto/Limiter.xml (RunModel)" time="0.038" />
  <testcase classname="ptolemy.util.test.junit.AutoTests" name="[209] /home/travis/build/icyphy/ptII/ptolemy/actor/lib/test/auto/LinearDifferenceEquationSystem.xml (RunModel)" time="0.03" />
  <testcase classname="ptolemy.util.test.junit.AutoTests" name="[210] /home/travis/build/icyphy/ptII/ptolemy/actor/lib/test/auto/LookupTable.xml (RunModel)" time="0.018" />
  <testcase classname="ptolemy.util.test.junit.AutoTests" name="[211] /home/travis/build/icyphy/ptII/ptolemy/actor/lib/test/auto/MathFunction.xml (RunModel)" time="0.018" />
  <testcase classname="ptolemy.util.test.junit.AutoTests" name="[212] /home/travis/build/icyphy/ptII/ptolemy/actor/lib/test/auto/MathFunction2.xml (RunModel)" time="0.009" />
  <testcase classname="ptolemy.util.test.junit.AutoTests" name="[213] /home/travis/build/icyphy/ptII/ptolemy/actor/lib/test/auto/MathFunction3.xml (RunModel)" time="0.02" />
  <testcase classname="ptolemy.util.test.junit.AutoTests" name="[214] /home/travis/build/icyphy/ptII/ptolemy/actor/lib/test/auto/MatrixCropBoolean.xml (RunModel)" time="0.022" />
  <testcase classname="ptolemy.util.test.junit.AutoTests" name="[215] /home/travis/build/icyphy/ptII/ptolemy/actor/lib/test/auto/MatrixCropComplex.xml (RunModel)" time="0.009" />
  <testcase classname="ptolemy.util.test.junit.AutoTests" name="[216] /home/travis/build/icyphy/ptII/ptolemy/actor/lib/test/auto/MatrixCropDouble.xml (RunModel)" time="0.011" />
  <testcase classname="ptolemy.util.test.junit.AutoTests" name="[217] /home/travis/build/icyphy/ptII/ptolemy/actor/lib/test/auto/MatrixCropFix.xml (RunModel)" time="0.019" />
  <testcase classname="ptolemy.util.test.junit.AutoTests" name="[218] /home/travis/build/icyphy/ptII/ptolemy/actor/lib/test/auto/MatrixCropInt.xml (RunModel)" time="0.011" />
  <testcase classname="ptolemy.util.test.junit.AutoTests" name="[219] /home/travis/build/icyphy/ptII/ptolemy/actor/lib/test/auto/MatrixCropLong.xml (RunModel)" time="0.01" />
  <testcase classname="ptolemy.util.test.junit.AutoTests" name="[220] /home/travis/build/icyphy/ptII/ptolemy/actor/lib/test/auto/MatrixToArray.xml (RunModel)" time="0.06" />
  <testcase classname="ptolemy.util.test.junit.AutoTests" name="[221] /home/travis/build/icyphy/ptII/ptolemy/actor/lib/test/auto/MaxIndex.xml (RunModel)" time="0.015" />
  <testcase classname="ptolemy.util.test.junit.AutoTests" name="[222] /home/travis/build/icyphy/ptII/ptolemy/actor/lib/test/auto/Maximum.xml (RunModel)" time="0.022" />
  <testcase classname="ptolemy.util.test.junit.AutoTests" name="[223] /home/travis/build/icyphy/ptII/ptolemy/actor/lib/test/auto/MaximumComplex.xml (RunModel)" time="0.017" />
  <testcase classname="ptolemy.util.test.junit.AutoTests" name="[224] /home/travis/build/icyphy/ptII/ptolemy/actor/lib/test/auto/MethodCallTest.xml (RunModel)" time="0.025" />
  <testcase classname="ptolemy.util.test.junit.AutoTests" name="[225] /home/travis/build/icyphy/ptII/ptolemy/actor/lib/test/auto/Minimum.xml (RunModel)" time="0.016" />
  <testcase classname="ptolemy.util.test.junit.AutoTests" name="[226] /home/travis/build/icyphy/ptII/ptolemy/actor/lib/test/auto/MinimumComplex.xml (RunModel)" time="0.03" />
  <testcase classname="ptolemy.util.test.junit.AutoTests" name="[227] /home/travis/build/icyphy/ptII/ptolemy/actor/lib/test/auto/MinimumMultiports.xml (RunModel)" time="0.019" />
  <testcase classname="ptolemy.util.test.junit.AutoTests" name="[228] /home/travis/build/icyphy/ptII/ptolemy/actor/lib/test/auto/ModifyDate.xml (RunModel)" time="0.051" />
  <testcase classname="ptolemy.util.test.junit.AutoTests" name="[229] /home/travis/build/icyphy/ptII/ptolemy/actor/lib/test/auto/ModifyDate2.xml (RunModel)" time="0.032" />
  <testcase classname="ptolemy.util.test.junit.AutoTests" name="[230] /home/travis/build/icyphy/ptII/ptolemy/actor/lib/test/auto/MovingAverage.xml (RunModel)" time="0.012" />
  <testcase classname="ptolemy.util.test.junit.AutoTests" name="[231] /home/travis/build/icyphy/ptII/ptolemy/actor/lib/test/auto/MovingMaximum.xml (RunModel)" time="0.012" />
  <testcase classname="ptolemy.util.test.junit.AutoTests" name="[232] /home/travis/build/icyphy/ptII/ptolemy/actor/lib/test/auto/MultipleLinksToSameRelation.xml (RunModel)" time="0.01" />
  <testcase classname="ptolemy.util.test.junit.AutoTests" name="[233] /home/travis/build/icyphy/ptII/ptolemy/actor/lib/test/auto/MultipleLinksToSameRelationDE.xml (RunModel)" time="0.018" />
  <testcase classname="ptolemy.util.test.junit.AutoTests" name="[234] /home/travis/build/icyphy/ptII/ptolemy/actor/lib/test/auto/Multiplexor.xml (RunModel)" time="0.013" />
  <testcase classname="ptolemy.util.test.junit.AutoTests" name="[235] /home/travis/build/icyphy/ptII/ptolemy/actor/lib/test/auto/Multiplexor1.xml (RunModel)" time="0.014" />
  <testcase classname="ptolemy.util.test.junit.AutoTests" name="[236] /home/travis/build/icyphy/ptII/ptolemy/actor/lib/test/auto/Multiplexor2.xml (RunModel)" time="0.014" />
  <testcase classname="ptolemy.util.test.junit.AutoTests" name="[237] /home/travis/build/icyphy/ptII/ptolemy/actor/lib/test/auto/Multiplexor3.xml (RunModel)" time="0.008" />
  <testcase classname="ptolemy.util.test.junit.AutoTests" name="[238] /home/travis/build/icyphy/ptII/ptolemy/actor/lib/test/auto/MultiplexorDE.xml (RunModel)" time="0.018" />
  <testcase classname="ptolemy.util.test.junit.AutoTests" name="[239] /home/travis/build/icyphy/ptII/ptolemy/actor/lib/test/auto/MultiportBroadcastTest.xml (RunModel)" time="0.098" />
  <testcase classname="ptolemy.util.test.junit.AutoTests" name="[240] /home/travis/build/icyphy/ptII/ptolemy/actor/lib/test/auto/MultiportOutHangDuringGetWidth.xml (RunModel)" time="0.042" />
  <testcase classname="ptolemy.util.test.junit.AutoTests" name="[241] /home/travis/build/icyphy/ptII/ptolemy/actor/lib/test/auto/NilToken.xml (RunModel)" time="0.009" />
  <testcase classname="ptolemy.util.test.junit.AutoTests" name="[242] /home/travis/build/icyphy/ptII/ptolemy/actor/lib/test/auto/NilTokenNonStrictTest.xml (RunModel)" time="0.012" />
  <testcase classname="ptolemy.util.test.junit.AutoTests" name="[243] /home/travis/build/icyphy/ptII/ptolemy/actor/lib/test/auto/NilTokenRecord.xml (RunModel)" time="0.026" />
  <testcase classname="ptolemy.util.test.junit.AutoTests" name="[244] /home/travis/build/icyphy/ptII/ptolemy/actor/lib/test/auto/NilTokenTypeTest.xml (RunModel)" time="0.039" />
  <testcase classname="ptolemy.util.test.junit.AutoTests" name="[245] /home/travis/build/icyphy/ptII/ptolemy/actor/lib/test/auto/ObjectToken1.xml (RunModel)" time="0.009" />
  <testcase classname="ptolemy.util.test.junit.AutoTests" name="[246] /home/travis/build/icyphy/ptII/ptolemy/actor/lib/test/auto/OrderedMerge.xml (RunModel)" time="0.031" />
  <testcase classname="ptolemy.util.test.junit.AutoTests" name="[247] /home/travis/build/icyphy/ptII/ptolemy/actor/lib/test/auto/OrderedRecordDisassembler.xml (RunModel)" time="0.021" />
  <testcase classname="ptolemy.util.test.junit.AutoTests" name="[248] /home/travis/build/icyphy/ptII/ptolemy/actor/lib/test/auto/OrderedRecordDisassembler2.xml (RunModel)" time="0.022" />
  <testcase classname="ptolemy.util.test.junit.AutoTests" name="[249] /home/travis/build/icyphy/ptII/ptolemy/actor/lib/test/auto/OrderedRecordUpdater.xml (RunModel)" time="0.012" />
  <testcase classname="ptolemy.util.test.junit.AutoTests" name="[250] /home/travis/build/icyphy/ptII/ptolemy/actor/lib/test/auto/OrderedRecordUpdater2.xml (RunModel)" time="0.022" />
  <testcase classname="ptolemy.util.test.junit.AutoTests" name="[251] /home/travis/build/icyphy/ptII/ptolemy/actor/lib/test/auto/PhaseUnwrap.xml (RunModel)" time="0.013" />
  <testcase classname="ptolemy.util.test.junit.AutoTests" name="[252] /home/travis/build/icyphy/ptII/ptolemy/actor/lib/test/auto/PoissonClock.xml (RunModel)" time="0.014" />
  <testcase classname="ptolemy.util.test.junit.AutoTests" name="[253] /home/travis/build/icyphy/ptII/ptolemy/actor/lib/test/auto/PoissonClock2.xml (RunModel)" time="0.008" />
  <testcase classname="ptolemy.util.test.junit.AutoTests" name="[254] /home/travis/build/icyphy/ptII/ptolemy/actor/lib/test/auto/PoissonClock3.xml (RunModel)" time="0.012" />
  <testcase classname="ptolemy.util.test.junit.AutoTests" name="[255] /home/travis/build/icyphy/ptII/ptolemy/actor/lib/test/auto/PubSubWithInitialTokens.xml (RunModel)" time="0.02" />
  <testcase classname="ptolemy.util.test.junit.AutoTests" name="[256] /home/travis/build/icyphy/ptII/ptolemy/actor/lib/test/auto/PubSubWithInitialTokens2.xml (RunModel)" time="0.013" />
  <testcase classname="ptolemy.util.test.junit.AutoTests" name="[257] /home/travis/build/icyphy/ptII/ptolemy/actor/lib/test/auto/PublisherClassNoParameter.xml (RunModel)" time="0.026" />
  <testcase classname="ptolemy.util.test.junit.AutoTests" name="[258] /home/travis/build/icyphy/ptII/ptolemy/actor/lib/test/auto/PublisherClassParameter.xml (RunModel)" time="0.02" />
  <testcase classname="ptolemy.util.test.junit.AutoTests" name="[259] /home/travis/build/icyphy/ptII/ptolemy/actor/lib/test/auto/PublisherNonStrictTest.xml (RunModel)" time="0.02" />
  <testcase classname="ptolemy.util.test.junit.AutoTests" name="[260] /home/travis/build/icyphy/ptII/ptolemy/actor/lib/test/auto/PublisherPort1.xml (RunModel)" time="0.011" />
  <testcase classname="ptolemy.util.test.junit.AutoTests" name="[261] /home/travis/build/icyphy/ptII/ptolemy/actor/lib/test/auto/PublisherPort2.xml (RunModel)" time="0.008" />
  <testcase classname="ptolemy.util.test.junit.AutoTests" name="[262] /home/travis/build/icyphy/ptII/ptolemy/actor/lib/test/auto/PublisherPort3.xml (RunModel)" time="0.022" />
  <testcase classname="ptolemy.util.test.junit.AutoTests" name="[263] /home/travis/build/icyphy/ptII/ptolemy/actor/lib/test/auto/PublisherPort4.xml (RunModel)" time="0.016" />
  <testcase classname="ptolemy.util.test.junit.AutoTests" name="[264] /home/travis/build/icyphy/ptII/ptolemy/actor/lib/test/auto/PublisherPort5.xml (RunModel)" time="0.016" />
  <testcase classname="ptolemy.util.test.junit.AutoTests" name="[265] /home/travis/build/icyphy/ptII/ptolemy/actor/lib/test/auto/PublisherPort5LookAlike.xml (RunModel)" time="0.02" />
  <testcase classname="ptolemy.util.test.junit.AutoTests" name="[266] /home/travis/build/icyphy/ptII/ptolemy/actor/lib/test/auto/PublisherPort6.xml (RunModel)" time="0.013" />
  <testcase classname="ptolemy.util.test.junit.AutoTests" name="[267] /home/travis/build/icyphy/ptII/ptolemy/actor/lib/test/auto/PublisherPort7.xml (RunModel)" time="0.018" />
  <testcase classname="ptolemy.util.test.junit.AutoTests" name="[268] /home/travis/build/icyphy/ptII/ptolemy/actor/lib/test/auto/PublisherPort8.xml (RunModel)" time="0.017" />
  <testcase classname="ptolemy.util.test.junit.AutoTests" name="[269] /home/travis/build/icyphy/ptII/ptolemy/actor/lib/test/auto/PublisherPortSubscriberChannelVariablesAOC2.xml (RunModel)" time="0.038" />
  <testcase classname="ptolemy.util.test.junit.AutoTests" name="[270] /home/travis/build/icyphy/ptII/ptolemy/actor/lib/test/auto/PublisherPortSubscriberOpaqueWidthInference.xml (RunModel)" time="0.025" />
  <testcase classname="ptolemy.util.test.junit.AutoTests" name="[271] /home/travis/build/icyphy/ptII/ptolemy/actor/lib/test/auto/PublisherPortSubscriberPortAdjacent.xml (RunModel)" time="0.02" />
  <testcase classname="ptolemy.util.test.junit.AutoTests" name="[272] /home/travis/build/icyphy/ptII/ptolemy/actor/lib/test/auto/PublisherPortSubscriberPortExpression.xml (RunModel)" time="0.019" />
  <testcase classname="ptolemy.util.test.junit.AutoTests" name="[273] /home/travis/build/icyphy/ptII/ptolemy/actor/lib/test/auto/PublisherPortSubscriberPortOpaqueD3Reverse.xml (RunModel)" time="0.02" />
  <testcase classname="ptolemy.util.test.junit.AutoTests" name="[274] /home/travis/build/icyphy/ptII/ptolemy/actor/lib/test/auto/PublisherPortSubscriberPortOpaqueWidthInference.xml (RunModel)" time="0.016" />
  <testcase classname="ptolemy.util.test.junit.AutoTests" name="[275] /home/travis/build/icyphy/ptII/ptolemy/actor/lib/test/auto/PublisherPortToplevelSubscriberPortAOC.xml (RunModel)" time="0.01" />
  <testcase classname="ptolemy.util.test.junit.AutoTests" name="[276] /home/travis/build/icyphy/ptII/ptolemy/actor/lib/test/auto/PublisherSubscriber.xml (RunModel)" time="0.013" />
  <testcase classname="ptolemy.util.test.junit.AutoTests" name="[277] /home/travis/build/icyphy/ptII/ptolemy/actor/lib/test/auto/PublisherSubscriber10.xml (RunModel)" time="0.02" />
  <testcase classname="ptolemy.util.test.junit.AutoTests" name="[278] /home/travis/build/icyphy/ptII/ptolemy/actor/lib/test/auto/PublisherSubscriber10InitialOutputs.xml (RunModel)" time="0.031" />
  <testcase classname="ptolemy.util.test.junit.AutoTests" name="[279] /home/travis/build/icyphy/ptII/ptolemy/actor/lib/test/auto/PublisherSubscriber11.xml (RunModel)" time="0.018" />
  <testcase classname="ptolemy.util.test.junit.AutoTests" name="[280] /home/travis/build/icyphy/ptII/ptolemy/actor/lib/test/auto/PublisherSubscriber12.xml (RunModel)" time="0.015" />
  <testcase classname="ptolemy.util.test.junit.AutoTests" name="[281] /home/travis/build/icyphy/ptII/ptolemy/actor/lib/test/auto/PublisherSubscriber13.xml (RunModel)" time="0.018" />
  <testcase classname="ptolemy.util.test.junit.AutoTests" name="[282] /home/travis/build/icyphy/ptII/ptolemy/actor/lib/test/auto/PublisherSubscriber14.xml (RunModel)" time="0.021" />
  <testcase classname="ptolemy.util.test.junit.AutoTests" name="[283] /home/travis/build/icyphy/ptII/ptolemy/actor/lib/test/auto/PublisherSubscriber2.xml (RunModel)" time="0.009" />
  <testcase classname="ptolemy.util.test.junit.AutoTests" name="[284] /home/travis/build/icyphy/ptII/ptolemy/actor/lib/test/auto/PublisherSubscriber3.xml (RunModel)" time="0.01" />
  <testcase classname="ptolemy.util.test.junit.AutoTests" name="[285] /home/travis/build/icyphy/ptII/ptolemy/actor/lib/test/auto/PublisherSubscriber4.xml (RunModel)" time="0.01" />
  <testcase classname="ptolemy.util.test.junit.AutoTests" name="[286] /home/travis/build/icyphy/ptII/ptolemy/actor/lib/test/auto/PublisherSubscriber5.xml (RunModel)" time="0.012" />
  <testcase classname="ptolemy.util.test.junit.AutoTests" name="[287] /home/travis/build/icyphy/ptII/ptolemy/actor/lib/test/auto/PublisherSubscriber6.xml (RunModel)" time="0.016" />
  <testcase classname="ptolemy.util.test.junit.AutoTests" name="[288] /home/travis/build/icyphy/ptII/ptolemy/actor/lib/test/auto/PublisherSubscriber7.xml (RunModel)" time="0.024" />
  <testcase classname="ptolemy.util.test.junit.AutoTests" name="[289] /home/travis/build/icyphy/ptII/ptolemy/actor/lib/test/auto/PublisherSubscriber8.xml (RunModel)" time="0.03" />
  <testcase classname="ptolemy.util.test.junit.AutoTests" name="[290] /home/travis/build/icyphy/ptII/ptolemy/actor/lib/test/auto/PublisherSubscriber9.xml (RunModel)" time="0.032" />
  <testcase classname="ptolemy.util.test.junit.AutoTests" name="[291] /home/travis/build/icyphy/ptII/ptolemy/actor/lib/test/auto/PublisherSubscriberAdjacent.xml (RunModel)" time="0.015" />
  <testcase classname="ptolemy.util.test.junit.AutoTests" name="[292] /home/travis/build/icyphy/ptII/ptolemy/actor/lib/test/auto/PublisherSubscriberChannelVariablesAOC2.xml (RunModel)" time="0.03" />
  <testcase classname="ptolemy.util.test.junit.AutoTests" name="[293] /home/travis/build/icyphy/ptII/ptolemy/actor/lib/test/auto/PublisherSubscriberD3.xml (RunModel)" time="0.013" />
  <testcase classname="ptolemy.util.test.junit.AutoTests" name="[294] /home/travis/build/icyphy/ptII/ptolemy/actor/lib/test/auto/PublisherSubscriberD3Reverse.xml (RunModel)" time="0.011" />
  <testcase classname="ptolemy.util.test.junit.AutoTests" name="[295] /home/travis/build/icyphy/ptII/ptolemy/actor/lib/test/auto/PublisherSubscriberExpression.xml (RunModel)" time="0.023" />
  <testcase classname="ptolemy.util.test.junit.AutoTests" name="[296] /home/travis/build/icyphy/ptII/ptolemy/actor/lib/test/auto/PublisherSubscriberOpaque.xml (RunModel)" time="0.031" />
  <testcase classname="ptolemy.util.test.junit.AutoTests" name="[297] /home/travis/build/icyphy/ptII/ptolemy/actor/lib/test/auto/PublisherSubscriberOpaqueD3.xml (RunModel)" time="0.022" />
  <testcase classname="ptolemy.util.test.junit.AutoTests" name="[298] /home/travis/build/icyphy/ptII/ptolemy/actor/lib/test/auto/PublisherSubscriberOpaqueD3Reverse.xml (RunModel)" time="0.021" />
  <testcase classname="ptolemy.util.test.junit.AutoTests" name="[299] /home/travis/build/icyphy/ptII/ptolemy/actor/lib/test/auto/PublisherSubscriberOpaqueWidthInference.xml (RunModel)" time="0.016" />
  <testcase classname="ptolemy.util.test.junit.AutoTests" name="[300] /home/travis/build/icyphy/ptII/ptolemy/actor/lib/test/auto/PublisherTestSubscriber.xml (RunModel)" time="0.016" />
  <testcase classname="ptolemy.util.test.junit.AutoTests" name="[301] /home/travis/build/icyphy/ptII/ptolemy/actor/lib/test/auto/PublisherToplevelSubscriberPortAOC.xml (RunModel)" time="0.014" />
  <testcase classname="ptolemy.util.test.junit.AutoTests" name="[302] /home/travis/build/icyphy/ptII/ptolemy/actor/lib/test/auto/PulseFiringLimitDE.xml (RunModel)" time="0.015" />
  <testcase classname="ptolemy.util.test.junit.AutoTests" name="[303] /home/travis/build/icyphy/ptII/ptolemy/actor/lib/test/auto/Ramp1.xml (RunModel)" time="0.007" />
  <testcase classname="ptolemy.util.test.junit.AutoTests" name="[304] /home/travis/build/icyphy/ptII/ptolemy/actor/lib/test/auto/RampFiringLimitDE.xml (RunModel)" time="0.011" />
  <testcase classname="ptolemy.util.test.junit.AutoTests" name="[305] /home/travis/build/icyphy/ptII/ptolemy/actor/lib/test/auto/RampFiringLimitSDF.xml (RunModel)" time="0.012" />
  <testcase classname="ptolemy.util.test.junit.AutoTests" name="[306] /home/travis/build/icyphy/ptII/ptolemy/actor/lib/test/auto/RandomInteger.xml (RunModel)" time="0.01" />
  <testcase classname="ptolemy.util.test.junit.AutoTests" name="[307] /home/travis/build/icyphy/ptII/ptolemy/actor/lib/test/auto/ReadFile1.xml (RunModel)" time="0.008" />
  <testcase classname="ptolemy.util.test.junit.AutoTests" name="[308] /home/travis/build/icyphy/ptII/ptolemy/actor/lib/test/auto/ReadFile2.xml (RunModel)" time="0.008" />
  <testcase classname="ptolemy.util.test.junit.AutoTests" name="[309] /home/travis/build/icyphy/ptII/ptolemy/actor/lib/test/auto/Reader.xml (RunModel)" time="0.012" />
  <testcase classname="ptolemy.util.test.junit.AutoTests" name="[310] /home/travis/build/icyphy/ptII/ptolemy/actor/lib/test/auto/RecordAssemblerDisplayNameTest.xml (RunModel)" time="4.233" />
  <testcase classname="ptolemy.util.test.junit.AutoTests" name="[311] /home/travis/build/icyphy/ptII/ptolemy/actor/lib/test/auto/RecordAssemblerTypeError.xml (RunModel)" time="0.027" />
  <testcase classname="ptolemy.util.test.junit.AutoTests" name="[312] /home/travis/build/icyphy/ptII/ptolemy/actor/lib/test/auto/RecordDisassember.xml (RunModel)" time="0.02" />
  <testcase classname="ptolemy.util.test.junit.AutoTests" name="[313] /home/travis/build/icyphy/ptII/ptolemy/actor/lib/test/auto/RecordDisassemberDisplayNameTest.xml (RunModel)" time="0.018" />
  <testcase classname="ptolemy.util.test.junit.AutoTests" name="[314] /home/travis/build/icyphy/ptII/ptolemy/actor/lib/test/auto/RecordDisassembler.xml (RunModel)" time="0.008" />
  <testcase classname="ptolemy.util.test.junit.AutoTests" name="[315] /home/travis/build/icyphy/ptII/ptolemy/actor/lib/test/auto/RecordDisassembler2.xml (RunModel)" time="0.013" />
  <testcase classname="ptolemy.util.test.junit.AutoTests" name="[316] /home/travis/build/icyphy/ptII/ptolemy/actor/lib/test/auto/RecordUpdater.xml (RunModel)" time="0.009" />
  <testcase classname="ptolemy.util.test.junit.AutoTests" name="[317] /home/travis/build/icyphy/ptII/ptolemy/actor/lib/test/auto/RecordUpdater2.xml (RunModel)" time="0.009" />
  <testcase classname="ptolemy.util.test.junit.AutoTests" name="[318] /home/travis/build/icyphy/ptII/ptolemy/actor/lib/test/auto/RecursiveLattice.xml (RunModel)" time="0.008" />
  <testcase classname="ptolemy.util.test.junit.AutoTests" name="[319] /home/travis/build/icyphy/ptII/ptolemy/actor/lib/test/auto/Router.xml (RunModel)" time="3.023" />
  <testcase classname="ptolemy.util.test.junit.AutoTests" name="[320] /home/travis/build/icyphy/ptII/ptolemy/actor/lib/test/auto/Router2.xml (RunModel)" time="3.046" />
  <testcase classname="ptolemy.util.test.junit.AutoTests" name="[321] /home/travis/build/icyphy/ptII/ptolemy/actor/lib/test/auto/RunningMaximum.xml (RunModel)" time="0.022" />
  <testcase classname="ptolemy.util.test.junit.AutoTests" name="[322] /home/travis/build/icyphy/ptII/ptolemy/actor/lib/test/auto/RunningMinimum.xml (RunModel)" time="0.02" />
  <testcase classname="ptolemy.util.test.junit.AutoTests" name="[323] /home/travis/build/icyphy/ptII/ptolemy/actor/lib/test/auto/Scale.xml (RunModel)" time="0.017" />
  <testcase classname="ptolemy.util.test.junit.AutoTests" name="[324] /home/travis/build/icyphy/ptII/ptolemy/actor/lib/test/auto/Scale2.xml (RunModel)" time="0.014" />
  <testcase classname="ptolemy.util.test.junit.AutoTests" name="[325] /home/travis/build/icyphy/ptII/ptolemy/actor/lib/test/auto/Scale3.xml (RunModel)" time="0.015" />
  <testcase classname="ptolemy.util.test.junit.AutoTests" name="[326] /home/travis/build/icyphy/ptII/ptolemy/actor/lib/test/auto/ScaleArray.xml (RunModel)" time="0.009" />
  <testcase classname="ptolemy.util.test.junit.AutoTests" name="[327] /home/travis/build/icyphy/ptII/ptolemy/actor/lib/test/auto/ScaleArray2.xml (RunModel)" time="0.009" />
  <testcase classname="ptolemy.util.test.junit.AutoTests" name="[328] /home/travis/build/icyphy/ptII/ptolemy/actor/lib/test/auto/ScaleMatrix.xml (RunModel)" time="0.143" />
  <testcase classname="ptolemy.util.test.junit.AutoTests" name="[329] /home/travis/build/icyphy/ptII/ptolemy/actor/lib/test/auto/Select.xml (RunModel)" time="0.029" />
  <testcase classname="ptolemy.util.test.junit.AutoTests" name="[330] /home/travis/build/icyphy/ptII/ptolemy/actor/lib/test/auto/Select2.xml (RunModel)" time="0.01" />
  <testcase classname="ptolemy.util.test.junit.AutoTests" name="[331] /home/travis/build/icyphy/ptII/ptolemy/actor/lib/test/auto/SequenceToArray2.xml (RunModel)" time="0.147" />
  <testcase classname="ptolemy.util.test.junit.AutoTests" name="[332] /home/travis/build/icyphy/ptII/ptolemy/actor/lib/test/auto/SequentialClock.xml (RunModel)" time="0.016" />
  <testcase classname="ptolemy.util.test.junit.AutoTests" name="[333] /home/travis/build/icyphy/ptII/ptolemy/actor/lib/test/auto/SetVariable.xml (RunModel)" time="0.01" />
  <testcase classname="ptolemy.util.test.junit.AutoTests" name="[334] /home/travis/build/icyphy/ptII/ptolemy/actor/lib/test/auto/SetVariable2.xml (RunModel)" time="0.013" />
  <testcase classname="ptolemy.util.test.junit.AutoTests" name="[335] /home/travis/build/icyphy/ptII/ptolemy/actor/lib/test/auto/SetVariable3.xml (RunModel)" time="0.018" />
  <testcase classname="ptolemy.util.test.junit.AutoTests" name="[336] /home/travis/build/icyphy/ptII/ptolemy/actor/lib/test/auto/SetVariable4.xml (RunModel)" time="0.026" />
  <testcase classname="ptolemy.util.test.junit.AutoTests" name="[337] /home/travis/build/icyphy/ptII/ptolemy/actor/lib/test/auto/SetVariable5.xml (RunModel)" time="0.041" />
  <testcase classname="ptolemy.util.test.junit.AutoTests" name="[338] /home/travis/build/icyphy/ptII/ptolemy/actor/lib/test/auto/Sinewave.xml (RunModel)" time="0.028" />
  <testcase classname="ptolemy.util.test.junit.AutoTests" name="[339] /home/travis/build/icyphy/ptII/ptolemy/actor/lib/test/auto/Sinewave2.xml (RunModel)" time="0.017" />
  <testcase classname="ptolemy.util.test.junit.AutoTests" name="[340] /home/travis/build/icyphy/ptII/ptolemy/actor/lib/test/auto/Sinewave3.xml (RunModel)" time="0.024" />
  <testcase classname="ptolemy.util.test.junit.AutoTests" name="[341] /home/travis/build/icyphy/ptII/ptolemy/actor/lib/test/auto/SingleEvent.xml (RunModel)" time="0.006" />
  <testcase classname="ptolemy.util.test.junit.AutoTests" name="[342] /home/travis/build/icyphy/ptII/ptolemy/actor/lib/test/auto/Sleep.xml (RunModel)" time="6.021" />
  <testcase classname="ptolemy.util.test.junit.AutoTests" name="[343] /home/travis/build/icyphy/ptII/ptolemy/actor/lib/test/auto/SleepMultipleFire.xml (RunModel)" time="1.027" />
  <testcase classname="ptolemy.util.test.junit.AutoTests" name="[344] /home/travis/build/icyphy/ptII/ptolemy/actor/lib/test/auto/StopDE.xml (RunModel)" time="0.018" />
  <testcase classname="ptolemy.util.test.junit.AutoTests" name="[345] /home/travis/build/icyphy/ptII/ptolemy/actor/lib/test/auto/StopSDF.xml (RunModel)" time="0.016" />
  <testcase classname="ptolemy.util.test.junit.AutoTests" name="[346] /home/travis/build/icyphy/ptII/ptolemy/actor/lib/test/auto/StringConstant.xml (RunModel)" time="0.013" />
  <testcase classname="ptolemy.util.test.junit.AutoTests" name="[347] /home/travis/build/icyphy/ptII/ptolemy/actor/lib/test/auto/SubscriberPortInitialValues1.xml (RunModel)" time="0.034" />
  <testcase classname="ptolemy.util.test.junit.AutoTests" name="[348] /home/travis/build/icyphy/ptII/ptolemy/actor/lib/test/auto/SubscriberPortInitialValues13.xml (RunModel)" time="0.026" />
  <testcase classname="ptolemy.util.test.junit.AutoTests" name="[349] /home/travis/build/icyphy/ptII/ptolemy/actor/lib/test/auto/SubscriberPortInitialValues14.xml (RunModel)" time="0.019" />
  <testcase classname="ptolemy.util.test.junit.AutoTests" name="[350] /home/travis/build/icyphy/ptII/ptolemy/actor/lib/test/auto/SubscriberPortInitialValues2.xml (RunModel)" time="0.017" />
  <testcase classname="ptolemy.util.test.junit.AutoTests" name="[351] /home/travis/build/icyphy/ptII/ptolemy/actor/lib/test/auto/SubscriberPortInitialValues3.xml (RunModel)" time="0.02" />
  <testcase classname="ptolemy.util.test.junit.AutoTests" name="[352] /home/travis/build/icyphy/ptII/ptolemy/actor/lib/test/auto/SubscriptionAggregator.xml (RunModel)" time="0.011" />
  <testcase classname="ptolemy.util.test.junit.AutoTests" name="[353] /home/travis/build/icyphy/ptII/ptolemy/actor/lib/test/auto/SubscriptionAggregator2.xml (RunModel)" time="0.012" />
  <testcase classname="ptolemy.util.test.junit.AutoTests" name="[354] /home/travis/build/icyphy/ptII/ptolemy/actor/lib/test/auto/SubscriptionAggregator3.xml (RunModel)" time="0.017" />
  <testcase classname="ptolemy.util.test.junit.AutoTests" name="[355] /home/travis/build/icyphy/ptII/ptolemy/actor/lib/test/auto/SubscriptionAggregatorMultiply.xml (RunModel)" time="0.018" />
  <testcase classname="ptolemy.util.test.junit.AutoTests" name="[356] /home/travis/build/icyphy/ptII/ptolemy/actor/lib/test/auto/SubscriptionAggregatorPortMultiply1.xml (RunModel)" time="0.026" />
  <testcase classname="ptolemy.util.test.junit.AutoTests" name="[357] /home/travis/build/icyphy/ptII/ptolemy/actor/lib/test/auto/Switch.xml (RunModel)" time="0.02" />
  <testcase classname="ptolemy.util.test.junit.AutoTests" name="[358] /home/travis/build/icyphy/ptII/ptolemy/actor/lib/test/auto/Switch2.xml (RunModel)" time="0.012" />
  <testcase classname="ptolemy.util.test.junit.AutoTests" name="[359] /home/travis/build/icyphy/ptII/ptolemy/actor/lib/test/auto/SwitchDE.xml (RunModel)" time="0.017" />
  <testcase classname="ptolemy.util.test.junit.AutoTests" name="[360] /home/travis/build/icyphy/ptII/ptolemy/actor/lib/test/auto/SynchronizerDE.xml (RunModel)" time="0.027" />
  <testcase classname="ptolemy.util.test.junit.AutoTests" name="[361] /home/travis/build/icyphy/ptII/ptolemy/actor/lib/test/auto/Test.xml (RunModel)" time="0.009" />
  <testcase classname="ptolemy.util.test.junit.AutoTests" name="[362] /home/travis/build/icyphy/ptII/ptolemy/actor/lib/test/auto/TestExceptionAttribute1.xml (RunModel)" time="0.008" />
  <testcase classname="ptolemy.util.test.junit.AutoTests" name="[363] /home/travis/build/icyphy/ptII/ptolemy/actor/lib/test/auto/TestExceptionAttribute2.xml (RunModel)" time="0.01" />
  <testcase classname="ptolemy.util.test.junit.AutoTests" name="[364] /home/travis/build/icyphy/ptII/ptolemy/actor/lib/test/auto/TestExceptionAttribute3.xml (RunModel)" time="0.014" />
  <testcase classname="ptolemy.util.test.junit.AutoTests" name="[365] /home/travis/build/icyphy/ptII/ptolemy/actor/lib/test/auto/TestExceptionAttribute4.xml (RunModel)" time="0.01" />
  <testcase classname="ptolemy.util.test.junit.AutoTests" name="[366] /home/travis/build/icyphy/ptII/ptolemy/actor/lib/test/auto/TestExceptionHandler1.xml (RunModel)" time="0.008" />
  <testcase classname="ptolemy.util.test.junit.AutoTests" name="[367] /home/travis/build/icyphy/ptII/ptolemy/actor/lib/test/auto/TestExceptionHandler2.xml (RunModel)" time="0.01" />
  <testcase classname="ptolemy.util.test.junit.AutoTests" name="[368] /home/travis/build/icyphy/ptII/ptolemy/actor/lib/test/auto/TestExceptionHandler3.xml (RunModel)" time="0.009" />
  <testcase classname="ptolemy.util.test.junit.AutoTests" name="[369] /home/travis/build/icyphy/ptII/ptolemy/actor/lib/test/auto/TestExceptionHandler4.xml (RunModel)" time="0.006" />
  <testcase classname="ptolemy.util.test.junit.AutoTests" name="[370] /home/travis/build/icyphy/ptII/ptolemy/actor/lib/test/auto/TestRequireCorrectOrder.xml (RunModel)" time="0.021" />
  <testcase classname="ptolemy.util.test.junit.AutoTests" name="[371] /home/travis/build/icyphy/ptII/ptolemy/actor/lib/test/auto/TestSimple.xml (RunModel)" time="0.007" />
  <testcase classname="ptolemy.util.test.junit.AutoTests" name="[372] /home/travis/build/icyphy/ptII/ptolemy/actor/lib/test/auto/ThrowModelError.xml (RunModel)" time="0.013" />
  <testcase classname="ptolemy.util.test.junit.AutoTests" name="[373] /home/travis/build/icyphy/ptII/ptolemy/actor/lib/test/auto/TimeDelayMicrosteps.xml (RunModel)" time="0.015" />
  <testcase classname="ptolemy.util.test.junit.AutoTests" name="[374] /home/travis/build/icyphy/ptII/ptolemy/actor/lib/test/auto/TimeDelayMicrosteps2.xml (RunModel)" time="0.018" />
  <testcase classname="ptolemy.util.test.junit.AutoTests" name="[375] /home/travis/build/icyphy/ptII/ptolemy/actor/lib/test/auto/TimeDelayMicrosteps3.xml (RunModel)" time="0.013" />
  <testcase classname="ptolemy.util.test.junit.AutoTests" name="[376] /home/travis/build/icyphy/ptII/ptolemy/actor/lib/test/auto/TimeDelayVariableMicrosteps.xml (RunModel)" time="0.013" />
  <testcase classname="ptolemy.util.test.junit.AutoTests" name="[377] /home/travis/build/icyphy/ptII/ptolemy/actor/lib/test/auto/TimeGap.xml (RunModel)" time="0.019" />
  <testcase classname="ptolemy.util.test.junit.AutoTests" name="[378] /home/travis/build/icyphy/ptII/ptolemy/actor/lib/test/auto/TimeGap2.xml (RunModel)" time="0.01" />
  <testcase classname="ptolemy.util.test.junit.AutoTests" name="[379] /home/travis/build/icyphy/ptII/ptolemy/actor/lib/test/auto/TimedSinewave.xml (RunModel)" time="0.063" />
  <testcase classname="ptolemy.util.test.junit.AutoTests" name="[380] /home/travis/build/icyphy/ptII/ptolemy/actor/lib/test/auto/TimedSinewavePhase.xml (RunModel)" time="0.035" />
  <testcase classname="ptolemy.util.test.junit.AutoTests" name="[381] /home/travis/build/icyphy/ptII/ptolemy/actor/lib/test/auto/Timer.xml (RunModel)" time="0.014" />
  <testcase classname="ptolemy.util.test.junit.AutoTests" name="[382] /home/travis/build/icyphy/ptII/ptolemy/actor/lib/test/auto/TriangularDistTestModel.xml (RunModel)" time="0.026" />
  <testcase classname="ptolemy.util.test.junit.AutoTests" name="[383] /home/travis/build/icyphy/ptII/ptolemy/actor/lib/test/auto/TrigFunction.xml (RunModel)" time="0.011" />
  <testcase classname="ptolemy.util.test.junit.AutoTests" name="[384] /home/travis/build/icyphy/ptII/ptolemy/actor/lib/test/auto/TrigFunctionDE.xml (RunModel)" time="0.013" />
  <testcase classname="ptolemy.util.test.junit.AutoTests" name="[385] /home/travis/build/icyphy/ptII/ptolemy/actor/lib/test/auto/TrigFunctionInverse.xml (RunModel)" time="0.01" />
  <testcase classname="ptolemy.util.test.junit.AutoTests" name="[386] /home/travis/build/icyphy/ptII/ptolemy/actor/lib/test/auto/TrigFunctionTan.xml (RunModel)" time="0.007" />
  <testcase classname="ptolemy.util.test.junit.AutoTests" name="[387] /home/travis/build/icyphy/ptII/ptolemy/actor/lib/test/auto/TriggeredClock.xml (RunModel)" time="0.009" />
  <testcase classname="ptolemy.util.test.junit.AutoTests" name="[388] /home/travis/build/icyphy/ptII/ptolemy/actor/lib/test/auto/URLDirectoryReader.xml (RunModel)" time="0.14" />
  <testcase classname="ptolemy.util.test.junit.AutoTests" name="[389] /home/travis/build/icyphy/ptII/ptolemy/actor/lib/test/auto/URLDirectoryReader3.xml (RunModel)" time="1.353" />
  <testcase classname="ptolemy.util.test.junit.AutoTests" name="[390] /home/travis/build/icyphy/ptII/ptolemy/actor/lib/test/auto/UnaryMathFunction.xml (RunModel)" time="0.032" />
  <testcase classname="ptolemy.util.test.junit.AutoTests" name="[391] /home/travis/build/icyphy/ptII/ptolemy/actor/lib/test/auto/Uniform.xml (RunModel)" time="0.018" />
  <testcase classname="ptolemy.util.test.junit.AutoTests" name="[392] /home/travis/build/icyphy/ptII/ptolemy/actor/lib/test/auto/UnionDisassemblerTest.xml (RunModel)" time="0.023" />
  <testcase classname="ptolemy.util.test.junit.AutoTests" name="[393] /home/travis/build/icyphy/ptII/ptolemy/actor/lib/test/auto/UtilityFunctions.xml (RunModel)" time="0.015" />
  <testcase classname="ptolemy.util.test.junit.AutoTests" name="[394] /home/travis/build/icyphy/ptII/ptolemy/actor/lib/test/auto/VariableSleep.xml (RunModel)" time="0.513" />
  <testcase classname="ptolemy.util.test.junit.AutoTests" name="[395] /home/travis/build/icyphy/ptII/ptolemy/actor/lib/test/auto/VectorAssemblerDisassemblerCT.xml (RunModel)" time="0.119" />
  <testcase classname="ptolemy.util.test.junit.AutoTests" name="[396] /home/travis/build/icyphy/ptII/ptolemy/actor/lib/test/auto/VectorAssemblerDisassemblerDE.xml (RunModel)" time="0.028" />
  <testcase classname="ptolemy.util.test.junit.AutoTests" name="[397] /home/travis/build/icyphy/ptII/ptolemy/actor/lib/test/auto/VectorAssemblerDisassemblerSDF.xml (RunModel)" time="0.014" />
  <testcase classname="ptolemy.util.test.junit.AutoTests" name="[398] /home/travis/build/icyphy/ptII/ptolemy/actor/lib/test/auto/WallClockTime.xml (RunModel)" time="1.012" />
  <testcase classname="ptolemy.util.test.junit.AutoTests" name="[399] /home/travis/build/icyphy/ptII/ptolemy/actor/lib/test/auto/WidthTestWithSubscriberPublisher.xml (RunModel)" time="0.038" />
  <testcase classname="ptolemy.util.test.junit.AutoTests" name="[400] /home/travis/build/icyphy/ptII/ptolemy/actor/lib/test/auto/WidthTestWithSubscriberPublisher2.xml (RunModel)" time="0.013" />
  <testcase classname="ptolemy.util.test.junit.AutoTests" name="[401] /home/travis/build/icyphy/ptII/ptolemy/actor/lib/test/auto/WidthTestWithSubscriberPublisher3.xml (RunModel)" time="0.012" />
  <testcase classname="ptolemy.util.test.junit.AutoTests" name="[402] /home/travis/build/icyphy/ptII/ptolemy/actor/lib/test/auto/Writer.xml (RunModel)" time="0.007" />
  <testcase classname="ptolemy.util.test.junit.AutoTests" name="[403] /home/travis/build/icyphy/ptII/ptolemy/actor/lib/test/auto/array.xml (RunModel)" time="0.025" />
  <testcase classname="ptolemy.util.test.junit.AutoTests" name="[404] /home/travis/build/icyphy/ptII/ptolemy/actor/lib/test/auto/array2.xml (RunModel)" time="0.014" />
  <testcase classname="ptolemy.util.test.junit.AutoTests" name="[405] /home/travis/build/icyphy/ptII/ptolemy/actor/lib/test/auto/arrayType.xml (RunModel)" time="0.012" />
  <testcase classname="ptolemy.util.test.junit.AutoTests" name="[406] /home/travis/build/icyphy/ptII/ptolemy/actor/lib/test/auto/arrayType10.xml (RunModel)" time="0.009" />
  <testcase classname="ptolemy.util.test.junit.AutoTests" name="[407] /home/travis/build/icyphy/ptII/ptolemy/actor/lib/test/auto/arrayType11.xml (RunModel)" time="0.009" />
  <testcase classname="ptolemy.util.test.junit.AutoTests" name="[408] /home/travis/build/icyphy/ptII/ptolemy/actor/lib/test/auto/arrayType12.xml (RunModel)" time="0.009" />
  <testcase classname="ptolemy.util.test.junit.AutoTests" name="[409] /home/travis/build/icyphy/ptII/ptolemy/actor/lib/test/auto/arrayType13.xml (RunModel)" time="0.01" />
  <testcase classname="ptolemy.util.test.junit.AutoTests" name="[410] /home/travis/build/icyphy/ptII/ptolemy/actor/lib/test/auto/arrayType14.xml (RunModel)" time="0.009" />
  <testcase classname="ptolemy.util.test.junit.AutoTests" name="[411] /home/travis/build/icyphy/ptII/ptolemy/actor/lib/test/auto/arrayType15.xml (RunModel)" time="0.011" />
  <testcase classname="ptolemy.util.test.junit.AutoTests" name="[412] /home/travis/build/icyphy/ptII/ptolemy/actor/lib/test/auto/arrayType16.xml (RunModel)" time="0.009" />
  <testcase classname="ptolemy.util.test.junit.AutoTests" name="[413] /home/travis/build/icyphy/ptII/ptolemy/actor/lib/test/auto/arrayType17.xml (RunModel)" time="0.009" />
  <testcase classname="ptolemy.util.test.junit.AutoTests" name="[414] /home/travis/build/icyphy/ptII/ptolemy/actor/lib/test/auto/arrayType18.xml (RunModel)" time="0.009" />
  <testcase classname="ptolemy.util.test.junit.AutoTests" name="[415] /home/travis/build/icyphy/ptII/ptolemy/actor/lib/test/auto/arrayType19.xml (RunModel)" time="0.009" />
  <testcase classname="ptolemy.util.test.junit.AutoTests" name="[416] /home/travis/build/icyphy/ptII/ptolemy/actor/lib/test/auto/arrayType2.xml (RunModel)" time="0.01" />
  <testcase classname="ptolemy.util.test.junit.AutoTests" name="[417] /home/travis/build/icyphy/ptII/ptolemy/actor/lib/test/auto/arrayType20.xml (RunModel)" time="0.01" />
  <testcase classname="ptolemy.util.test.junit.AutoTests" name="[418] /home/travis/build/icyphy/ptII/ptolemy/actor/lib/test/auto/arrayType21.xml (RunModel)" time="0.011" />
  <testcase classname="ptolemy.util.test.junit.AutoTests" name="[419] /home/travis/build/icyphy/ptII/ptolemy/actor/lib/test/auto/arrayType22.xml (RunModel)" time="0.011" />
  <testcase classname="ptolemy.util.test.junit.AutoTests" name="[420] /home/travis/build/icyphy/ptII/ptolemy/actor/lib/test/auto/arrayType23.xml (RunModel)" time="0.01" />
  <testcase classname="ptolemy.util.test.junit.AutoTests" name="[421] /home/travis/build/icyphy/ptII/ptolemy/actor/lib/test/auto/arrayType24.xml (RunModel)" time="0.016" />
  <testcase classname="ptolemy.util.test.junit.AutoTests" name="[422] /home/travis/build/icyphy/ptII/ptolemy/actor/lib/test/auto/arrayType25.xml (RunModel)" time="0.012" />
  <testcase classname="ptolemy.util.test.junit.AutoTests" name="[423] /home/travis/build/icyphy/ptII/ptolemy/actor/lib/test/auto/arrayType26.xml (RunModel)" time="0.012" />
  <testcase classname="ptolemy.util.test.junit.AutoTests" name="[424] /home/travis/build/icyphy/ptII/ptolemy/actor/lib/test/auto/arrayType27.xml (RunModel)" time="0.01" />
  <testcase classname="ptolemy.util.test.junit.AutoTests" name="[425] /home/travis/build/icyphy/ptII/ptolemy/actor/lib/test/auto/arrayType28.xml (RunModel)" time="0.011" />
  <testcase classname="ptolemy.util.test.junit.AutoTests" name="[426] /home/travis/build/icyphy/ptII/ptolemy/actor/lib/test/auto/arrayType3.xml (RunModel)" time="0.01" />
  <testcase classname="ptolemy.util.test.junit.AutoTests" name="[427] /home/travis/build/icyphy/ptII/ptolemy/actor/lib/test/auto/arrayType4.xml (RunModel)" time="0.01" />
  <testcase classname="ptolemy.util.test.junit.AutoTests" name="[428] /home/travis/build/icyphy/ptII/ptolemy/actor/lib/test/auto/arrayType5.xml (RunModel)" time="0.01" />
  <testcase classname="ptolemy.util.test.junit.AutoTests" name="[429] /home/travis/build/icyphy/ptII/ptolemy/actor/lib/test/auto/arrayType6.xml (RunModel)" time="0.009" />
  <testcase classname="ptolemy.util.test.junit.AutoTests" name="[430] /home/travis/build/icyphy/ptII/ptolemy/actor/lib/test/auto/arrayType7.xml (RunModel)" time="0.014" />
  <testcase classname="ptolemy.util.test.junit.AutoTests" name="[431] /home/travis/build/icyphy/ptII/ptolemy/actor/lib/test/auto/arrayType8.xml (RunModel)" time="0.038" />
  <testcase classname="ptolemy.util.test.junit.AutoTests" name="[432] /home/travis/build/icyphy/ptII/ptolemy/actor/lib/test/auto/arrayType9.xml (RunModel)" time="0.032" />
  <testcase classname="ptolemy.util.test.junit.AutoTests" name="[433] /home/travis/build/icyphy/ptII/ptolemy/actor/lib/test/auto/cast.xml (RunModel)" time="0.03" />
  <testcase classname="ptolemy.util.test.junit.AutoTests" name="[434] /home/travis/build/icyphy/ptII/ptolemy/actor/lib/test/auto/compositeMultiPort.xml (RunModel)" time="0.045" />
  <testcase classname="ptolemy.util.test.junit.AutoTests" name="[435] /home/travis/build/icyphy/ptII/ptolemy/actor/lib/test/auto/expressionCastInference.xml (RunModel)" time="0.055" />
  <testcase classname="ptolemy.util.test.junit.AutoTests" name="[436] /home/travis/build/icyphy/ptII/ptolemy/actor/lib/test/auto/expressionCastInference2.xml (RunModel)" time="0.031" />
  <testcase classname="ptolemy.util.test.junit.AutoTests" name="[437] /home/travis/build/icyphy/ptII/ptolemy/actor/lib/test/auto/expressionInference.xml (RunModel)" time="0.035" />
  <testcase classname="ptolemy.util.test.junit.AutoTests" name="[438] /home/travis/build/icyphy/ptII/ptolemy/actor/lib/test/auto/expression_bug.xml (RunModel)" time="0.028" />
  <testcase classname="ptolemy.util.test.junit.AutoTests" name="[439] /home/travis/build/icyphy/ptII/ptolemy/actor/lib/test/auto/factorial.xml (RunModel)" time="0.054" />
  <testcase classname="ptolemy.util.test.junit.AutoTests" name="[440] /home/travis/build/icyphy/ptII/ptolemy/actor/lib/test/auto/filterTest1.xml (RunModel)" time="0.018" />
  <testcase classname="ptolemy.util.test.junit.AutoTests" name="[441] /home/travis/build/icyphy/ptII/ptolemy/actor/lib/test/auto/funcApplyInConst.xml (RunModel)" time="0.011" />
  <testcase classname="ptolemy.util.test.junit.AutoTests" name="[442] /home/travis/build/icyphy/ptII/ptolemy/actor/lib/test/auto/funcApplyInExpr.xml (RunModel)" time="0.007" />
  <testcase classname="ptolemy.util.test.junit.AutoTests" name="[443] /home/travis/build/icyphy/ptII/ptolemy/actor/lib/test/auto/function.xml (RunModel)" time="0.013" />
  <testcase classname="ptolemy.util.test.junit.AutoTests" name="[444] /home/travis/build/icyphy/ptII/ptolemy/actor/lib/test/auto/function2.xml (RunModel)" time="0.011" />
  <testcase classname="ptolemy.util.test.junit.AutoTests" name="[445] /home/travis/build/icyphy/ptII/ptolemy/actor/lib/test/auto/function3.xml (RunModel)" time="0.009" />
  <testcase classname="ptolemy.util.test.junit.AutoTests" name="[446] /home/travis/build/icyphy/ptII/ptolemy/actor/lib/test/auto/functionClosureTest1.xml (RunModel)" time="0.011" />
  <testcase classname="ptolemy.util.test.junit.AutoTests" name="[447] /home/travis/build/icyphy/ptII/ptolemy/actor/lib/test/auto/functionClosureTest2.xml (RunModel)" time="0.007" />
  <testcase classname="ptolemy.util.test.junit.AutoTests" name="[448] /home/travis/build/icyphy/ptII/ptolemy/actor/lib/test/auto/functionClosureTest3.xml (RunModel)" time="0.009" />
  <testcase classname="ptolemy.util.test.junit.AutoTests" name="[449] /home/travis/build/icyphy/ptII/ptolemy/actor/lib/test/auto/functionClosureTest4.xml (RunModel)" time="0.016" />
  <testcase classname="ptolemy.util.test.junit.AutoTests" name="[450] /home/travis/build/icyphy/ptII/ptolemy/actor/lib/test/auto/functionClosureTest5.xml (RunModel)" time="0.012" />
  <testcase classname="ptolemy.util.test.junit.AutoTests" name="[451] /home/travis/build/icyphy/ptII/ptolemy/actor/lib/test/auto/functionClosureTest6.xml (RunModel)" time="0.009" />
  <testcase classname="ptolemy.util.test.junit.AutoTests" name="[452] /home/travis/build/icyphy/ptII/ptolemy/actor/lib/test/auto/functionsOnArcs.xml (RunModel)" time="0.011" />
  <testcase classname="ptolemy.util.test.junit.AutoTests" name="[453] /home/travis/build/icyphy/ptII/ptolemy/actor/lib/test/auto/functionsOnArcsHOF.xml (RunModel)" time="0.012" />
  <testcase classname="ptolemy.util.test.junit.AutoTests" name="[454] /home/travis/build/icyphy/ptII/ptolemy/actor/lib/test/auto/logic.xml (RunModel)" time="0.02" />
  <testcase classname="ptolemy.util.test.junit.AutoTests" name="[455] /home/travis/build/icyphy/ptII/ptolemy/actor/lib/test/auto/matrixType.xml (RunModel)" time="0.01" />
  <testcase classname="ptolemy.util.test.junit.AutoTests" name="[456] /home/travis/build/icyphy/ptII/ptolemy/actor/lib/test/auto/matrixType10.xml (RunModel)" time="0.009" />
  <testcase classname="ptolemy.util.test.junit.AutoTests" name="[457] /home/travis/build/icyphy/ptII/ptolemy/actor/lib/test/auto/matrixType11.xml (RunModel)" time="0.009" />
  <testcase classname="ptolemy.util.test.junit.AutoTests" name="[458] /home/travis/build/icyphy/ptII/ptolemy/actor/lib/test/auto/matrixType12.xml (RunModel)" time="0.012" />
  <testcase classname="ptolemy.util.test.junit.AutoTests" name="[459] /home/travis/build/icyphy/ptII/ptolemy/actor/lib/test/auto/matrixType13.xml (RunModel)" time="0.009" />
  <testcase classname="ptolemy.util.test.junit.AutoTests" name="[460] /home/travis/build/icyphy/ptII/ptolemy/actor/lib/test/auto/matrixType14.xml (RunModel)" time="0.011" />
  <testcase classname="ptolemy.util.test.junit.AutoTests" name="[461] /home/travis/build/icyphy/ptII/ptolemy/actor/lib/test/auto/matrixType2.xml (RunModel)" time="0.01" />
  <testcase classname="ptolemy.util.test.junit.AutoTests" name="[462] /home/travis/build/icyphy/ptII/ptolemy/actor/lib/test/auto/matrixType3.xml (RunModel)" time="0.014" />
  <testcase classname="ptolemy.util.test.junit.AutoTests" name="[463] /home/travis/build/icyphy/ptII/ptolemy/actor/lib/test/auto/matrixType4.xml (RunModel)" time="0.01" />
  <testcase classname="ptolemy.util.test.junit.AutoTests" name="[464] /home/travis/build/icyphy/ptII/ptolemy/actor/lib/test/auto/matrixType5.xml (RunModel)" time="0.009" />
  <testcase classname="ptolemy.util.test.junit.AutoTests" name="[465] /home/travis/build/icyphy/ptII/ptolemy/actor/lib/test/auto/matrixType6.xml (RunModel)" time="0.009" />
  <testcase classname="ptolemy.util.test.junit.AutoTests" name="[466] /home/travis/build/icyphy/ptII/ptolemy/actor/lib/test/auto/matrixType7.xml (RunModel)" time="0.009" />
  <testcase classname="ptolemy.util.test.junit.AutoTests" name="[467] /home/travis/build/icyphy/ptII/ptolemy/actor/lib/test/auto/matrixType8.xml (RunModel)" time="0.009" />
  <testcase classname="ptolemy.util.test.junit.AutoTests" name="[468] /home/travis/build/icyphy/ptII/ptolemy/actor/lib/test/auto/matrixType9.xml (RunModel)" time="0.008" />
  <testcase classname="ptolemy.util.test.junit.AutoTests" name="[469] /home/travis/build/icyphy/ptII/ptolemy/actor/lib/test/auto/paraFunctest.xml (RunModel)" time="0.008" />
  <testcase classname="ptolemy.util.test.junit.AutoTests" name="[470] /home/travis/build/icyphy/ptII/ptolemy/actor/lib/test/auto/paraFunctest2.xml (RunModel)" time="0.013" />
  <testcase classname="ptolemy.util.test.junit.AutoTests" name="[471] /home/travis/build/icyphy/ptII/ptolemy/actor/lib/test/auto/parameterPassing.xml (RunModel)" time="0.008" />
  <testcase classname="ptolemy.util.test.junit.AutoTests" name="[472] /home/travis/build/icyphy/ptII/ptolemy/actor/lib/test/auto/record.xml (RunModel)" time="0.011" />
  <testcase classname="ptolemy.util.test.junit.AutoTests" name="[473] /home/travis/build/icyphy/ptII/ptolemy/actor/lib/test/auto/sizedarray1.xml (RunModel)" time="0.01" />
  <testcase classname="ptolemy.util.test.junit.AutoTests" name="[474] /home/travis/build/icyphy/ptII/ptolemy/actor/lib/test/auto/sizedarray2.xml (RunModel)" time="0.01" />
  <testcase classname="ptolemy.util.test.junit.AutoTests" name="[475] /home/travis/build/icyphy/ptII/ptolemy/actor/lib/test/auto/twoPublishers.xml (RunModel)" time="0.028" />
  <system-out><![CDATA[/home/travis/build/icyphy/ptII/ptolemy/actor/lib/test/AbsoluteValue.tcl
testDefs.tcl: setting time out to 9000 seconds at Wed Dec 11 06:34:38 UTC 2019
97 ms. Memory: 120832K Free: 85427K (71%)
5 ms. Memory: 120832K Free: 83908K (69%)
5 ms. Memory: 120832K Free: 82884K (69%)
5 ms. Memory: 120832K Free: 82355K (68%)
/home/travis/build/icyphy/ptII/ptolemy/actor/lib/test/AddSubtract.tcl
11 ms. Memory: 120832K Free: 80307K (66%)
6 ms. Memory: 120832K Free: 79291K (66%)
6 ms. Memory: 120832K Free: 78788K (65%)
8 ms. Memory: 120832K Free: 77764K (64%)
52 ms. Memory: 120832K Free: 75202K (62%)
5 ms. Memory: 120832K Free: 74147K (61%)
/home/travis/build/icyphy/ptII/ptolemy/actor/lib/test/Average.tcl
13 ms. Memory: 120832K Free: 72644K (60%)
21 ms. Memory: 120832K Free: 71106K (59%)
/home/travis/build/icyphy/ptII/ptolemy/actor/lib/test/Bernoulli.tcl
11 ms. Memory: 120832K Free: 69572K (58%)
3 ms. Memory: 120832K Free: 69572K (58%)
/home/travis/build/icyphy/ptII/ptolemy/actor/lib/test/Clock.tcl
preinitializing
resolving types
initializing
executing number 1
wrapping up
idle
42 ms. Memory: 120832K Free: 66500K (55%)
Completed execution with 5 iterations
preinitializing
resolving types
initializing
executing number 1
wrapping up
idle
4 ms. Memory: 120832K Free: 65986K (55%)
Completed execution with 5 iterations
preinitializing
resolving types
initializing
executing number 1
wrapping up
idle
13 ms. Memory: 120832K Free: 65476K (54%)
Completed execution with 5 iterations
/home/travis/build/icyphy/ptII/ptolemy/actor/lib/test/Commutator.tcl
13 ms. Memory: 120832K Free: 63428K (52%)
8 ms. Memory: 120832K Free: 62404K (52%)
25 ms. Memory: 120832K Free: 56770K (47%)
/home/travis/build/icyphy/ptII/ptolemy/actor/lib/test/Const.tcl
4 ms. Memory: 120832K Free: 55236K (46%)
2 ms. Memory: 120832K Free: 54722K (45%)
4 ms. Memory: 120832K Free: 54212K (45%)
7 ms. Memory: 120832K Free: 53188K (44%)
2 ms. Memory: 120832K Free: 52659K (44%)
27 ms. Memory: 120832K Free: 51140K (42%)
11 ms. Memory: 120832K Free: 50116K (41%)
4 ms. Memory: 120832K Free: 49092K (41%)
/home/travis/build/icyphy/ptII/ptolemy/actor/lib/test/CurrentTime.tcl
preinitializing
resolving types
initializing
executing number 1
wrapping up
idle
14 ms. Memory: 120832K Free: 47539K (39%)
Completed execution with 11 iterations
/home/travis/build/icyphy/ptII/ptolemy/actor/lib/test/DB.tcl
28 ms. Memory: 120832K Free: 107046K (89%)
2 ms. Memory: 120832K Free: 106550K (88%)
6 ms. Memory: 120832K Free: 106036K (88%)
/home/travis/build/icyphy/ptII/ptolemy/actor/lib/test/DiscreteRandomSource.tcl
preinitializing
resolving types
initializing
executing number 1
wrapping up
idle
4 ms. Memory: 120832K Free: 104502K (86%)
Completed execution with 4 iterations
preinitializing
resolving types
initializing
executing number 1
wrapping up
idle
7 ms. Memory: 120832K Free: 103974K (86%)
Completed execution with 4 iterations
preinitializing
resolving types
initializing
executing number 1
wrapping up
idle
6 ms. Memory: 120832K Free: 103478K (86%)
Completed execution with 4 iterations
preinitializing
resolving types
initializing
executing number 1
wrapping up
idle
8 ms. Memory: 120832K Free: 102964K (85%)
Completed execution with 4 iterations
preinitializing
resolving types
initializing
executing number 1
wrapping up
idle
3 ms. Memory: 120832K Free: 102964K (85%)
Completed execution with 4 iterations
/home/travis/build/icyphy/ptII/ptolemy/actor/lib/test/Distributor.tcl
11 ms. Memory: 120832K Free: 101428K (84%)
12 ms. Memory: 120832K Free: 100406K (83%)
StreamChangeRequest.changeExecuted(): <deleteEntity name="rec2"/> succeeded
StreamChangeRequest.changeExecuted(): <deleteRelation name="r2"/> succeeded
StreamChangeRequest.changeExecuted(): Record firings per iteration succeeded
12 ms. Memory: 120832K Free: 97830K (81%)
/home/travis/build/icyphy/ptII/ptolemy/actor/lib/test/Exit.tcl
Exit.tcl: this will print a message about Manager.exitAfterWrapup, which can be ignored.
7 ms. Memory: 120832K Free: 94710K (78%)
/home/travis/build/icyphy/ptII/ptolemy/actor/lib/test/Expression.tcl
23 ms. Memory: 120832K Free: 103681K (86%)
5 ms. Memory: 120832K Free: 103116K (85%)
4 ms. Memory: 120832K Free: 102092K (84%)
preinitializing
resolving types
initializing
executing number 1
wrapping up
idle
17 ms. Memory: 120832K Free: 100566K (83%)
Completed execution with 6 iterations
3 ms. Memory: 120832K Free: 100060K (83%)
10 ms. Memory: 120832K Free: 99020K (82%)
9 ms. Memory: 120832K Free: 98012K (81%)
7 ms. Memory: 120832K Free: 96470K (80%)
6 ms. Memory: 120832K Free: 95459K (79%)
/home/travis/build/icyphy/ptII/ptolemy/actor/lib/test/Gaussian.tcl
5 ms. Memory: 120832K Free: 93922K (78%)
sleeping 1 seconds: .............................................................................................................................................................................................................................................................................................................................................................................................................................................................................................................................................................................................................................................................................................................................................................................................................................................................................................................................................................................................................................................................................................................................................................................................................................................................................................................................................................................................................................................................................................................................................................................................................................................................................................................................................................................................................................................................................................................................................................................................................................................................................................................................................................................................................................................................................................................................................................................................................................................................................................................................................................................................................................................................................................................................................................................................................................................................................................................................................................................................................................................................................................................................................................................................................................................................................................................................................................................................................................................................................................................................................................................................................................................................................................................................................................................................................................................................................................................................................................................................................................................................................................................................................................................................................................................................................................................................................................................................................................................................................................................................................................................................................................................................................................................................................................................................................................................................................................................................................................................................................................................................................................................................................................................................................................................................................................................................................................................................................................................................................................................................................................................................................................................................................................................................................................................................................................................................................................................................................................................................................................................................................................................................................................................................................................................................................................................................................................................................................................................................................................................................................................................................................................................................................................................................................................................................................................................................................................................................................................................................................................................................................................................................................................................................................................................................................................................................................................................................................................................................................................................................................................................................................................................................................................................................................................................................................................................................................................................................................................................................................................................................................................................................................................................................................................................................................................................................................................................................................................................................................................................................................................................................................................................................................................................................................................................................................................................................................................................................................................................................................................................................................................................................................................................................................................................................................................................................................................................................................................................................................................................................................................................................................................................................................................................................................................................................................................................................................................................................................................................................................................................................................................................................................................................................................................................................................................................................................................................................................................................................................................................................................................................................................................................................................................................................................................................................................................................................................................................................................................................................................................................................................................................................................................................................................................................................................................................................................................................................................................................................................................................................................................................................................................................................................................................................................................................................................................................................................................................................................................................................................................................................................................................................................................................................................................................................................................................................................................................................................................................................................................................................................................................................................................................................................................................................................................................................................................................................................................................................................................................................................................................................................................................................................................................................................................................................................................................................................................................................................................................................................................................................................................................................................................................................................................................................................................................................................................................................................................................................................................................................................................................................................................................................................................................................................................................................................................................................................................................................................................................................................................................................................................................................................................................................................................................................................................................................................................................................................................................................................................................................................................................................................................................................................................................................................................................................................................................................................................................................................................................................................................................................................................................................................................................................................................................................................................................................................................................................................................................................................................................................................................................................................................................................................................................................................................................................................................................................................................................................................................................................................................................................................................................................................................................................................................................................................................................................................................................................................................................................................................................................................................................................................................................................................................................................................................................................................................................................................................................................................................................................................................................................................................................................................................................................................................................................................................................................................................................................................................................................................................................................................................................................................................................................................................................................................................................................................................................................................................................................................................................................................................................................................................................................................................................................................................................................................................................................................................................................................................................................................................................................................................................................................................................................................................................................................................................................................................................................................................................................................................................................................................................................................................................................................................................................................................................................................................................................................................................................................................................................................................................................................................................................................................................................................................................................................................................................................................................................................................................................................................................................................................................................................................................................................................................................................................................................................................................................................................................................................................................................................................................................................................................................................................................................................................................................................................................................................................................................................................................................................................................................................................................................................................................................................................................................................................................................................................................................................................................................................................................................................................................................................................................................................................................................................................................................................................................................................................................................................................................................................................................................................................................................................................................................................................................................................................................................................................................................................................................................................................................................................................................................................................................................................................................................................................................................................................................................................................................................................................................................................................................................................................................................................................................................................................................................................................................................................................................................................................................................................................................................................................................................................................................................................................................................................................................................................................................................................................................................................................................................................................................................................................................................................................................................................................................................................................................................................................................................................................................................................................................................................................................................................................................................................................................................................................................................................................................................................................................................................................................................................................................................................................................................................................................................................................................................................................................................................................................................................................................................................................................................................................................................................................................................................................................................................................................................................................................................................................................................................................................................................................................................................................................................................................................................................................................................................................................................................................................................................................................................................................................................................................................................................................................................................................................................................................................................................................................................................................................................................................................................................................................................................................................................................................................................................................................................................................................................................................................................................................................................................................................................................................................................................................................................................................................................................................................................................................................................................................................................................................................................................................................................................................................................................................................................................................................................................................................................................................................................................................................................................................................................................................................................................................................................................................................................................................................................................................................................................................................................................................................................................................................................................................................................................................................................................................................................................................................................................................................................................................................................................................................................................................................................................................................................................................................................................................................................2 ms. Memory: 145408K Free: 106762K (73%)
2 ms. Memory: 145408K Free: 105738K (73%)
2 ms. Memory: 145408K Free: 105224K (72%)
2 ms. Memory: 145408K Free: 104714K (72%)
6 ms. Memory: 145408K Free: 104186K (72%)
/home/travis/build/icyphy/ptII/ptolemy/actor/lib/test/IIR.tcl
/home/travis/build/icyphy/ptII/ptolemy/actor/lib/test/Interpolator.tcl
3 ms. Memory: 145408K Free: 100098K (69%)
2 ms. Memory: 145408K Free: 99594K (68%)
2 ms. Memory: 145408K Free: 99050K (68%)
2 ms. Memory: 145408K Free: 98570K (68%)
2 ms. Memory: 145408K Free: 97546K (67%)
6 ms. Memory: 145408K Free: 97026K (67%)
6 ms. Memory: 145408K Free: 95994K (66%)
2 ms. Memory: 145408K Free: 94954K (65%)
2 ms. Memory: 145408K Free: 93960K (65%)
7 ms. Memory: 145408K Free: 93450K (64%)
/home/travis/build/icyphy/ptII/ptolemy/actor/lib/test/MathFunction.tcl
6 ms. Memory: 145408K Free: 91402K (63%)
2 ms. Memory: 145408K Free: 89864K (62%)
12 ms. Memory: 145408K Free: 88826K (61%)
1 ms. Memory: 145408K Free: 88330K (61%)
3 ms. Memory: 145408K Free: 86792K (60%)
5 ms. Memory: 145408K Free: 84744K (58%)
/home/travis/build/icyphy/ptII/ptolemy/actor/lib/test/Maximum.tcl
3 ms. Memory: 145408K Free: 83210K (57%)
2 ms. Memory: 145408K Free: 82186K (57%)
1 ms. Memory: 145408K Free: 81672K (56%)
2 ms. Memory: 145408K Free: 81162K (56%)
/home/travis/build/icyphy/ptII/ptolemy/actor/lib/test/Minimum.tcl
3 ms. Memory: 145408K Free: 79624K (55%)
2 ms. Memory: 145408K Free: 78586K (54%)
1 ms. Memory: 145408K Free: 78090K (54%)
2 ms. Memory: 145408K Free: 77562K (53%)
/home/travis/build/icyphy/ptII/ptolemy/actor/lib/test/MultiplyDivide.tcl
4 ms. Memory: 145408K Free: 75514K (52%)
2 ms. Memory: 145408K Free: 74490K (51%)
2 ms. Memory: 145408K Free: 73994K (51%)
2 ms. Memory: 145408K Free: 73466K (51%)
2 ms. Memory: 145408K Free: 72442K (50%)
/home/travis/build/icyphy/ptII/ptolemy/actor/lib/test/OrderedMerge.tcl
Connections changed on port: inputA
Connections changed on port: inputB
Connections changed on port: output
Connections changed on port: output
Connections changed on port: output
Connections changed on port: input
.top. Preinitializing ...
Invoking preinitialize():  .top.OrderedMerge
Called preinitialize()
Invoking preinitialize():  .top.Ramp
Called preinitialize()
Invoking preinitialize():  .top.Ramp2
Called preinitialize()
Invoking preinitialize():  .top.Test
Called preinitialize()
Connections changed on port: inputA
Connections changed on port: output
Connections changed on port: output
Connections changed on port: input
Connections changed on port: inputB
Connections changed on port: output
.top. Finished preinitialize().
Called initialize().
Invoking initialize():  .top.OrderedMerge
Initializing actor: .top.OrderedMerge
Adding a thread: .top.OrderedMerge
Invoking initialize():  .top.Ramp
Initializing actor: .top.Ramp
Adding a thread: .top.Ramp
Invoking initialize():  .top.Ramp2
Initializing actor: .top.Ramp2
Adding a thread: .top.Ramp2
Invoking initialize():  .top.Test
Initializing actor: .top.Test
Adding a thread: .top.Test
Called fire().
Checking for deadlock:
There are 0 Blocked actors, 0 Stopped actors, and 4 active threads.
Waiting for actors to stop.
-- Starting thread.
Called initialize()
Called prefire()
Called fire()
-- Starting thread.
Called initialize()
Called prefire()
Called fire()
Called postfire()
Called prefire()
Called fire()
-- Starting thread.
Called initialize()
Called prefire()
Called fire()
Called postfire()
Called prefire()
Called fire()
-- Starting thread.
Called initialize()
Called prefire()
Called fire()
Checking for deadlock:
There are 2 Blocked actors, 0 Stopped actors, and 4 active threads.
Waiting for actors to stop.
Called postfire()
Called prefire()
Called fire()
Checking for deadlock:
There are 3 Blocked actors, 0 Stopped actors, and 4 active threads.
Waiting for actors to stop.
Read input token from inputA with value 0.0
Next port to read input from is inputB
Called postfire()
Called prefire()
Called fire()
Called postfire()
Called prefire()
Called fire()
Checking for deadlock:
There are 3 Blocked actors, 0 Stopped actors, and 4 active threads.
Waiting for actors to stop.
Read input token from inputB with value 0.0
Checking for deadlock:
There are 2 Blocked actors, 0 Stopped actors, and 4 active threads.
Waiting for actors to stop.
-- Read input: 0.0, which is expected to match: 0.0
Called prefire()
Called fire()
Checking for deadlock:
There are 3 Blocked actors, 0 Stopped actors, and 4 active threads.
Waiting for actors to stop.
Sent output token with value 0.0
Next port to read input from is inputA
Called postfire()
Called prefire()
Called fire()
Checking for deadlock:
There are 2 Blocked actors, 0 Stopped actors, and 4 active threads.
Waiting for actors to stop.
Called postfire()
Called prefire()
Called fire()
Checking for deadlock:
There are 3 Blocked actors, 0 Stopped actors, and 4 active threads.
Waiting for actors to stop.
Read input token from inputA with value 1.0
-- Read input: 0.0, which is expected to match: 0.0
Called prefire()
Called fire()
Checking for deadlock:
There are 3 Blocked actors, 0 Stopped actors, and 4 active threads.
Waiting for actors to stop.
Sent output token with value 0.0
Next port to read input from is inputB
Called postfire()
Called prefire()
Called fire()
Called postfire()
Called prefire()
Called fire()
Checking for deadlock:
There are 3 Blocked actors, 0 Stopped actors, and 4 active threads.
Waiting for actors to stop.
Read input token from inputB with value 1.5
-- Read input: 1.0, which is expected to match: 1.0
Called prefire()
Called fire()
Checking for deadlock:
There are 3 Blocked actors, 0 Stopped actors, and 4 active threads.
Waiting for actors to stop.
Sent output token with value 1.0
Next port to read input from is inputA
Called postfire()
Called prefire()
Called fire()
Checking for deadlock:
There are 2 Blocked actors, 0 Stopped actors, and 4 active threads.
Waiting for actors to stop.
Called postfire()
Called prefire()
Called fire()
Checking for deadlock:
There are 3 Blocked actors, 0 Stopped actors, and 4 active threads.
Waiting for actors to stop.
Read input token from inputA with value 2.0
Checking for deadlock:
There are 2 Blocked actors, 0 Stopped actors, and 4 active threads.
Waiting for actors to stop.
-- Read input: 1.5, which is expected to match: 1.5
Called prefire()
Called fire()
Checking for deadlock:
There are 3 Blocked actors, 0 Stopped actors, and 4 active threads.
Waiting for actors to stop.
Sent output token with value 1.5
Next port to read input from is inputB
Called postfire()
Called prefire()
Called fire()
Called postfire()
Called prefire()
Called fire()
Checking for deadlock:
There are 3 Blocked actors, 0 Stopped actors, and 4 active threads.
Waiting for actors to stop.
Read input token from inputB with value 3.0
-- Read input: 2.0, which is expected to match: 2.0
Called prefire()
Called fire()
Checking for deadlock:
There are 3 Blocked actors, 0 Stopped actors, and 4 active threads.
Waiting for actors to stop.
Sent output token with value 2.0
Next port to read input from is inputA
Called postfire()
Called prefire()
Called fire()
Checking for deadlock:
There are 2 Blocked actors, 0 Stopped actors, and 4 active threads.
Waiting for actors to stop.
Called postfire()
Called prefire()
Called fire()
Checking for deadlock:
There are 3 Blocked actors, 0 Stopped actors, and 4 active threads.
Waiting for actors to stop.
Read input token from inputA with value 3.0
Checking for deadlock:
There are 2 Blocked actors, 0 Stopped actors, and 4 active threads.
Waiting for actors to stop.
-- Read input: 3.0, which is expected to match: 3.0
Called prefire()
Called fire()
Checking for deadlock:
There are 3 Blocked actors, 0 Stopped actors, and 4 active threads.
Waiting for actors to stop.
Sent output token with value 3.0
Next port to read input from is inputB
Called postfire()
Called prefire()
Called fire()
Called postfire()
Called prefire()
Called fire()
Checking for deadlock:
There are 3 Blocked actors, 0 Stopped actors, and 4 active threads.
Waiting for actors to stop.
Read input token from inputB with value 4.5
-- Read input: 3.0, which is expected to match: 3.0
Called prefire()
Called fire()
Checking for deadlock:
There are 3 Blocked actors, 0 Stopped actors, and 4 active threads.
Waiting for actors to stop.
Sent output token with value 3.0
Next port to read input from is inputA
Called postfire()
Called prefire()
Called fire()
Checking for deadlock:
There are 2 Blocked actors, 0 Stopped actors, and 4 active threads.
Waiting for actors to stop.
Called postfire()
Called prefire()
Called fire()
Checking for deadlock:
There are 3 Blocked actors, 0 Stopped actors, and 4 active threads.
Waiting for actors to stop.
Read input token from inputA with value 4.0
Checking for deadlock:
There are 2 Blocked actors, 0 Stopped actors, and 4 active threads.
Waiting for actors to stop.
-- Read input: 4.0, which is expected to match: 4.0
Called prefire()
Called fire()
Past the end of training data. Read and discard all inputs.
Checking for deadlock:
There are 3 Blocked actors, 0 Stopped actors, and 4 active threads.
Waiting for actors to stop.
Sent output token with value 4.0
Next port to read input from is inputA
Called postfire()
Called prefire()
Called fire()
Checking for deadlock:
There are 2 Blocked actors, 0 Stopped actors, and 4 active threads.
Waiting for actors to stop.
Called postfire()
Called prefire()
Called fire()
Checking for deadlock:
There are 3 Blocked actors, 0 Stopped actors, and 4 active threads.
Waiting for actors to stop.
Read input token from inputA with value 5.0
Checking for deadlock:
There are 2 Blocked actors, 0 Stopped actors, and 4 active threads.
Waiting for actors to stop.
Called prefire()
Called fire()
Past the end of training data. Read and discard all inputs.
Checking for deadlock:
There are 3 Blocked actors, 0 Stopped actors, and 4 active threads.
Waiting for actors to stop.
Sent output token with value 4.5
Next port to read input from is inputB
Called postfire()
Called prefire()
Called fire()
Called postfire()
Called prefire()
Called fire()
Checking for deadlock:
There are 3 Blocked actors, 0 Stopped actors, and 4 active threads.
Waiting for actors to stop.
Read input token from inputB with value 6.0
Called prefire()
Called fire()
Past the end of training data. Read and discard all inputs.
Checking for deadlock:
There are 3 Blocked actors, 0 Stopped actors, and 4 active threads.
Waiting for actors to stop.
Sent output token with value 5.0
Next port to read input from is inputA
Called postfire()
Called prefire()
Called fire()
Checking for deadlock:
There are 2 Blocked actors, 0 Stopped actors, and 4 active threads.
Waiting for actors to stop.
Called postfire()
Called prefire()
Called fire()
Checking for deadlock:
There are 3 Blocked actors, 0 Stopped actors, and 4 active threads.
Waiting for actors to stop.
Read input token from inputA with value 6.0
Checking for deadlock:
There are 2 Blocked actors, 0 Stopped actors, and 4 active threads.
Waiting for actors to stop.
Called prefire()
Called fire()
Past the end of training data. Read and discard all inputs.
Checking for deadlock:
There are 3 Blocked actors, 0 Stopped actors, and 4 active threads.
Waiting for actors to stop.
Sent output token with value 6.0
Next port to read input from is inputB
Called postfire()
Called prefire()
Called fire()
Called postfire()
Called prefire()
Called fire()
Checking for deadlock:
There are 3 Blocked actors, 0 Stopped actors, and 4 active threads.
Waiting for actors to stop.
Read input token from inputB with value 7.5
Called prefire()
Called fire()
Past the end of training data. Read and discard all inputs.
Checking for deadlock:
There are 3 Blocked actors, 0 Stopped actors, and 4 active threads.
Waiting for actors to stop.
Sent output token with value 6.0
Next port to read input from is inputA
Called postfire()
Called prefire()
Called fire()
Checking for deadlock:
There are 2 Blocked actors, 0 Stopped actors, and 4 active threads.
Waiting for actors to stop.
Called postfire()
Called prefire()
Called fire()
Checking for deadlock:
There are 3 Blocked actors, 0 Stopped actors, and 4 active threads.
Waiting for actors to stop.
Read input token from inputA with value 7.0
Checking for deadlock:
There are 2 Blocked actors, 0 Stopped actors, and 4 active threads.
Waiting for actors to stop.
Called prefire()
Called fire()
Past the end of training data. Read and discard all inputs.
Checking for deadlock:
There are 3 Blocked actors, 0 Stopped actors, and 4 active threads.
Waiting for actors to stop.
Sent output token with value 7.0
Next port to read input from is inputA
Called postfire()
Called prefire()
Called fire()
Checking for deadlock:
There are 2 Blocked actors, 0 Stopped actors, and 4 active threads.
Waiting for actors to stop.
-- Thread wrapup() called.
Called wrapup()
Thread .top.Ramp is exiting.
-- Thread stopped.
Checking for deadlock:
There are 2 Blocked actors, 0 Stopped actors, and 3 active threads.
Waiting for actors to stop.
Read input token from inputA with value 8.0
Called prefire()
Called fire()
Past the end of training data. Read and discard all inputs.
Checking for deadlock:
There are 2 Blocked actors, 0 Stopped actors, and 3 active threads.
Waiting for actors to stop.
Sent output token with value 7.5
Next port to read input from is inputB
Called postfire()
Called prefire()
Called fire()
Checking for deadlock:
There are 1 Blocked actors, 0 Stopped actors, and 3 active threads.
Waiting for actors to stop.
Called postfire()
Called prefire()
Called fire()
Checking for deadlock:
There are 2 Blocked actors, 0 Stopped actors, and 3 active threads.
Waiting for actors to stop.
Read input token from inputB with value 9.0
Checking for deadlock:
There are 1 Blocked actors, 0 Stopped actors, and 3 active threads.
Waiting for actors to stop.
Called prefire()
Called fire()
Past the end of training data. Read and discard all inputs.
Checking for deadlock:
There are 2 Blocked actors, 0 Stopped actors, and 3 active threads.
Waiting for actors to stop.
Sent output token with value 8.0
Next port to read input from is inputA
Called postfire()
Called prefire()
Called fire()
Read input token from inputA with value 9.0
Called prefire()
Called fire()
Past the end of training data. Read and discard all inputs.
Checking for deadlock:
There are 2 Blocked actors, 0 Stopped actors, and 3 active threads.
Waiting for actors to stop.
Sent output token with value 9.0
Next port to read input from is inputB
Called postfire()
Called prefire()
Called fire()
Called postfire()
Called prefire()
Called fire()
Checking for deadlock:
There are 2 Blocked actors, 0 Stopped actors, and 3 active threads.
Waiting for actors to stop.
Read input token from inputB with value 10.5
Called prefire()
Called fire()
Past the end of training data. Read and discard all inputs.
Checking for deadlock:
There are 2 Blocked actors, 0 Stopped actors, and 3 active threads.
Waiting for actors to stop.
Sent output token with value 9.0
Next port to read input from is inputA
Called postfire()
Called prefire()
Called fire()
Checking for deadlock:
There are 3 Blocked actors, 0 Stopped actors, and 3 active threads.
Actors have stopped.
Checking for deadlock:
There are 3 Blocked actors, 0 Stopped actors, and 3 active threads.
Deadlock detected.
Resolving Deadlock
Checking for deadlock:
There are 3 Blocked actors, 0 Stopped actors, and 3 active threads.
Artificial Deadlock - increasing queue capacity.
increasing the capacity of receiver ptolemy.actor.TypedIOPort {.top.OrderedMerge.inputB} to 2
Director: Called postfire().
Called postfire().
_stopRequested = false
_stopFireRequested = false
Returning from postfire(): true
-- Thread wrapup() called.
Called wrapup()
Thread .top.Ramp2 is exiting.
-- Thread stopped.
Called fire().
Checking for deadlock:
There are 2 Blocked actors, 0 Stopped actors, and 2 active threads.
Actors have stopped.
Checking for deadlock:
There are 2 Blocked actors, 0 Stopped actors, and 2 active threads.
Deadlock detected.
Resolving Deadlock
Checking for deadlock:
There are 2 Blocked actors, 0 Stopped actors, and 2 active threads.
Deadlock detected: no processes blocked on write, but some are blocked on read.
Called postfire().
_stopRequested = false
_stopFireRequested = false
Returning from postfire(): false
Finished deactivating branches.
Called wrapup().
-- Thread wrapup() called.
Called wrapup()
Thread .top.OrderedMerge is exiting.
-- Thread stopped.
-- Blocked Receiver call threw TerminateProcessException.
-- Thread wrapup() called.
Called wrapup()
Thread .top.Test is exiting.
-- Thread stopped.
-- Blocked Receiver call threw TerminateProcessException.
57 ms. Memory: 145408K Free: 125971K (87%)
.top. Preinitializing ...
Invoking preinitialize():  .top.OrderedMerge
Called preinitialize()
Invoking preinitialize():  .top.Ramp
Called preinitialize()
Invoking preinitialize():  .top.Ramp2
Called preinitialize()
Invoking preinitialize():  .top.Test
Called preinitialize()
.top. Finished preinitialize().
Called initialize().
Invoking initialize():  .top.OrderedMerge
Initializing actor: .top.OrderedMerge
Adding a thread: .top.OrderedMerge
Invoking initialize():  .top.Ramp
Initializing actor: .top.Ramp
Adding a thread: .top.Ramp
Invoking initialize():  .top.Ramp2
Initializing actor: .top.Ramp2
Adding a thread: .top.Ramp2
Invoking initialize():  .top.Test
Initializing actor: .top.Test
Adding a thread: .top.Test
-- Starting thread.
Called initialize()
Called prefire()
Called fire()
-- Starting thread.
Called initialize()
Called prefire()
Called fire()
Called postfire()
Called prefire()
Called fire()
-- Starting thread.
Called initialize()
Called prefire()
Called fire()
Called postfire()
Called prefire()
Called fire()
Called fire().
Checking for deadlock:
There are 3 Blocked actors, 0 Stopped actors, and 4 active threads.
Waiting for actors to stop.
-- Starting thread.
Called initialize()
Called prefire()
Called fire()
Checking for deadlock:
There are 2 Blocked actors, 0 Stopped actors, and 4 active threads.
Waiting for actors to stop.
Called postfire()
Called prefire()
Called fire()
Checking for deadlock:
There are 3 Blocked actors, 0 Stopped actors, and 4 active threads.
Waiting for actors to stop.
Read input token from inputA with value 0.0
Next port to read input from is inputB
Called postfire()
Called prefire()
Called fire()
Called postfire()
Called prefire()
Called fire()
Checking for deadlock:
There are 3 Blocked actors, 0 Stopped actors, and 4 active threads.
Waiting for actors to stop.
Read input token from inputB with value 0.0
Checking for deadlock:
There are 2 Blocked actors, 0 Stopped actors, and 4 active threads.
Waiting for actors to stop.
-- Read input: 0.0, which is expected to match: 0.0
Called prefire()
Called fire()
Checking for deadlock:
There are 3 Blocked actors, 0 Stopped actors, and 4 active threads.
Waiting for actors to stop.
Sent output token with value 0.0
Next port to read input from is inputA
Called postfire()
Called prefire()
Called fire()
Checking for deadlock:
There are 2 Blocked actors, 0 Stopped actors, and 4 active threads.
Waiting for actors to stop.
Called postfire()
Called prefire()
Called fire()
Checking for deadlock:
There are 3 Blocked actors, 0 Stopped actors, and 4 active threads.
Waiting for actors to stop.
Read input token from inputA with value 1.0
Checking for deadlock:
There are 2 Blocked actors, 0 Stopped actors, and 4 active threads.
Waiting for actors to stop.
-- Read input: 0.0, which is expected to match: 0.0
Called prefire()
Called fire()
Checking for deadlock:
There are 3 Blocked actors, 0 Stopped actors, and 4 active threads.
Waiting for actors to stop.
Sent output token with value 0.0
Next port to read input from is inputB
Called postfire()
Called prefire()
Called fire()
Called postfire()
Called prefire()
Called fire()
Checking for deadlock:
There are 3 Blocked actors, 0 Stopped actors, and 4 active threads.
Waiting for actors to stop.
Read input token from inputB with value 1.5
-- Read input: 1.0, which is expected to match: 1.0
Called prefire()
Called fire()
Checking for deadlock:
There are 3 Blocked actors, 0 Stopped actors, and 4 active threads.
Waiting for actors to stop.
Sent output token with value 1.0
Next port to read input from is inputA
Called postfire()
Called prefire()
Called fire()
Checking for deadlock:
There are 2 Blocked actors, 0 Stopped actors, and 4 active threads.
Waiting for actors to stop.
Called postfire()
Called prefire()
Called fire()
Checking for deadlock:
There are 3 Blocked actors, 0 Stopped actors, and 4 active threads.
Waiting for actors to stop.
Read input token from inputA with value 2.0
Checking for deadlock:
There are 2 Blocked actors, 0 Stopped actors, and 4 active threads.
Waiting for actors to stop.
-- Read input: 1.5, which is expected to match: 1.5
Called prefire()
Called fire()
Checking for deadlock:
There are 3 Blocked actors, 0 Stopped actors, and 4 active threads.
Waiting for actors to stop.
Sent output token with value 1.5
Next port to read input from is inputB
Called postfire()
Called prefire()
Called fire()
Checking for deadlock:
There are 2 Blocked actors, 0 Stopped actors, and 4 active threads.
Waiting for actors to stop.
Called postfire()
Called prefire()
Called fire()
Checking for deadlock:
There are 3 Blocked actors, 0 Stopped actors, and 4 active threads.
Waiting for actors to stop.
Read input token from inputB with value 3.0
Checking for deadlock:
There are 2 Blocked actors, 0 Stopped actors, and 4 active threads.
Waiting for actors to stop.
-- Read input: 2.0, which is expected to match: 2.0
Called prefire()
Called fire()
Checking for deadlock:
There are 3 Blocked actors, 0 Stopped actors, and 4 active threads.
Waiting for actors to stop.
Sent output token with value 2.0
Next port to read input from is inputA
Called postfire()
Called prefire()
Called fire()
Called postfire()
Called prefire()
Called fire()
Checking for deadlock:
There are 3 Blocked actors, 0 Stopped actors, and 4 active threads.
Waiting for actors to stop.
Read input token from inputA with value 3.0
-- Read input: 3.0, which is expected to match: 3.0
Called prefire()
Called fire()
Checking for deadlock:
There are 3 Blocked actors, 0 Stopped actors, and 4 active threads.
Waiting for actors to stop.
Sent output token with value 3.0
Next port to read input from is inputB
Called postfire()
Called prefire()
Called fire()
Checking for deadlock:
There are 2 Blocked actors, 0 Stopped actors, and 4 active threads.
Waiting for actors to stop.
Called postfire()
Called prefire()
Called fire()
Checking for deadlock:
There are 3 Blocked actors, 0 Stopped actors, and 4 active threads.
Waiting for actors to stop.
Read input token from inputB with value 4.5
Checking for deadlock:
There are 2 Blocked actors, 0 Stopped actors, and 4 active threads.
Waiting for actors to stop.
-- Read input: 3.0, which is expected to match: 3.0
Called prefire()
Called fire()
Checking for deadlock:
There are 3 Blocked actors, 0 Stopped actors, and 4 active threads.
Waiting for actors to stop.
Sent output token with value 3.0
Next port to read input from is inputA
Called postfire()
Called prefire()
Called fire()
Called postfire()
Called prefire()
Called fire()
Checking for deadlock:
There are 3 Blocked actors, 0 Stopped actors, and 4 active threads.
Waiting for actors to stop.
Read input token from inputA with value 4.0
-- Read input: 4.0, which is expected to match: 4.0
Called prefire()
Called fire()
Past the end of training data. Read and discard all inputs.
Checking for deadlock:
There are 3 Blocked actors, 0 Stopped actors, and 4 active threads.
Waiting for actors to stop.
Sent output token with value 4.0
Next port to read input from is inputA
Called postfire()
Called prefire()
Called fire()
Called postfire()
Called prefire()
Called fire()
Checking for deadlock:
There are 3 Blocked actors, 0 Stopped actors, and 4 active threads.
Waiting for actors to stop.
Read input token from inputA with value 5.0
Called prefire()
Called fire()
Past the end of training data. Read and discard all inputs.
Checking for deadlock:
There are 3 Blocked actors, 0 Stopped actors, and 4 active threads.
Waiting for actors to stop.
Sent output token with value 4.5
Next port to read input from is inputB
Called postfire()
Called prefire()
Called fire()
Checking for deadlock:
There are 2 Blocked actors, 0 Stopped actors, and 4 active threads.
Waiting for actors to stop.
Called postfire()
Called prefire()
Called fire()
Checking for deadlock:
There are 3 Blocked actors, 0 Stopped actors, and 4 active threads.
Waiting for actors to stop.
Read input token from inputB with value 6.0
Checking for deadlock:
There are 2 Blocked actors, 0 Stopped actors, and 4 active threads.
Waiting for actors to stop.
Called prefire()
Called fire()
Past the end of training data. Read and discard all inputs.
Checking for deadlock:
There are 3 Blocked actors, 0 Stopped actors, and 4 active threads.
Waiting for actors to stop.
Sent output token with value 5.0
Next port to read input from is inputA
Called postfire()
Called prefire()
Called fire()
Called postfire()
Called prefire()
Called fire()
Checking for deadlock:
There are 3 Blocked actors, 0 Stopped actors, and 4 active threads.
Waiting for actors to stop.
Read input token from inputA with value 6.0
Called prefire()
Called fire()
Past the end of training data. Read and discard all inputs.
Checking for deadlock:
There are 3 Blocked actors, 0 Stopped actors, and 4 active threads.
Waiting for actors to stop.
Sent output token with value 6.0
Next port to read input from is inputB
Called postfire()
Called prefire()
Called fire()
Checking for deadlock:
There are 2 Blocked actors, 0 Stopped actors, and 4 active threads.
Waiting for actors to stop.
Called postfire()
Called prefire()
Called fire()
Checking for deadlock:
There are 3 Blocked actors, 0 Stopped actors, and 4 active threads.
Waiting for actors to stop.
Read input token from inputB with value 7.5
Checking for deadlock:
There are 2 Blocked actors, 0 Stopped actors, and 4 active threads.
Waiting for actors to stop.
Called prefire()
Called fire()
Past the end of training data. Read and discard all inputs.
Checking for deadlock:
There are 3 Blocked actors, 0 Stopped actors, and 4 active threads.
Waiting for actors to stop.
Sent output token with value 6.0
Next port to read input from is inputA
Called postfire()
Called prefire()
Called fire()
Called postfire()
Called prefire()
Called fire()
Checking for deadlock:
There are 3 Blocked actors, 0 Stopped actors, and 4 active threads.
Waiting for actors to stop.
Read input token from inputA with value 7.0
Called prefire()
Called fire()
Past the end of training data. Read and discard all inputs.
Checking for deadlock:
There are 3 Blocked actors, 0 Stopped actors, and 4 active threads.
Waiting for actors to stop.
Sent output token with value 7.0
Next port to read input from is inputA
Called postfire()
Called prefire()
Called fire()
-- Thread wrapup() called.
Called wrapup()
Thread .top.Ramp is exiting.
-- Thread stopped.
Checking for deadlock:
There are 2 Blocked actors, 0 Stopped actors, and 3 active threads.
Waiting for actors to stop.
Read input token from inputA with value 8.0
Checking for deadlock:
There are 1 Blocked actors, 0 Stopped actors, and 3 active threads.
Waiting for actors to stop.
Called prefire()
Called fire()
Past the end of training data. Read and discard all inputs.
Checking for deadlock:
There are 2 Blocked actors, 0 Stopped actors, and 3 active threads.
Waiting for actors to stop.
Sent output token with value 7.5
Next port to read input from is inputB
Called postfire()
Called prefire()
Called fire()
Checking for deadlock:
There are 1 Blocked actors, 0 Stopped actors, and 3 active threads.
Waiting for actors to stop.
Called postfire()
Called prefire()
Called fire()
Checking for deadlock:
There are 2 Blocked actors, 0 Stopped actors, and 3 active threads.
Waiting for actors to stop.
Read input token from inputB with value 9.0
Checking for deadlock:
There are 1 Blocked actors, 0 Stopped actors, and 3 active threads.
Waiting for actors to stop.
Called prefire()
Called fire()
Past the end of training data. Read and discard all inputs.
Checking for deadlock:
There are 2 Blocked actors, 0 Stopped actors, and 3 active threads.
Waiting for actors to stop.
Sent output token with value 8.0
Next port to read input from is inputA
Called postfire()
Called prefire()
Called fire()
Read input token from inputA with value 9.0
Called prefire()
Called fire()
Past the end of training data. Read and discard all inputs.
Checking for deadlock:
There are 2 Blocked actors, 0 Stopped actors, and 3 active threads.
Waiting for actors to stop.
Sent output token with value 9.0
Next port to read input from is inputB
Called postfire()
Called prefire()
Called fire()
Called postfire()
Called prefire()
Called fire()
Checking for deadlock:
There are 2 Blocked actors, 0 Stopped actors, and 3 active threads.
Waiting for actors to stop.
Read input token from inputB with value 10.5
Called prefire()
Called fire()
Past the end of training data. Read and discard all inputs.
Checking for deadlock:
There are 2 Blocked actors, 0 Stopped actors, and 3 active threads.
Waiting for actors to stop.
Sent output token with value 9.0
Next port to read input from is inputA
Called postfire()
Called prefire()
Called fire()
Checking for deadlock:
There are 3 Blocked actors, 0 Stopped actors, and 3 active threads.
Actors have stopped.
Checking for deadlock:
There are 3 Blocked actors, 0 Stopped actors, and 3 active threads.
Deadlock detected.
Resolving Deadlock
Checking for deadlock:
There are 3 Blocked actors, 0 Stopped actors, and 3 active threads.
Artificial Deadlock - increasing queue capacity.
increasing the capacity of receiver ptolemy.actor.TypedIOPort {.top.OrderedMerge.inputB} to 2
Director: Called postfire().
Called postfire().
_stopRequested = false
_stopFireRequested = false
Returning from postfire(): true
Called fire().
Checking for deadlock:
There are 2 Blocked actors, 0 Stopped actors, and 3 active threads.
Waiting for actors to stop.
-- Thread wrapup() called.
Called wrapup()
Thread .top.Ramp2 is exiting.
-- Thread stopped.
Checking for deadlock:
There are 2 Blocked actors, 0 Stopped actors, and 2 active threads.
Actors have stopped.
Checking for deadlock:
There are 2 Blocked actors, 0 Stopped actors, and 2 active threads.
Deadlock detected.
Resolving Deadlock
Checking for deadlock:
There are 2 Blocked actors, 0 Stopped actors, and 2 active threads.
Deadlock detected: no processes blocked on write, but some are blocked on read.
Called postfire().
_stopRequested = false
_stopFireRequested = false
Returning from postfire(): false
Finished deactivating branches.
Called wrapup().
-- Thread wrapup() called.
Called wrapup()
-- Thread wrapup() called.
Called wrapup()
Thread .top.Test is exiting.
-- Thread stopped.
-- Blocked Receiver call threw TerminateProcessException.
Thread .top.OrderedMerge is exiting.
-- Thread stopped.
-- Blocked Receiver call threw TerminateProcessException.
42 ms. Memory: 145408K Free: 123923K (85%)
/home/travis/build/icyphy/ptII/ptolemy/actor/lib/test/Publisher.tcl
23 ms. Memory: 145408K Free: 117779K (81%)
9 ms. Memory: 145408K Free: 112149K (77%)
3 ms. Memory: 145408K Free: 108549K (75%)
3 ms. Memory: 145408K Free: 107539K (74%)
2 ms. Memory: 145408K Free: 107029K (74%)
3 ms. Memory: 145408K Free: 106005K (73%)
2 ms. Memory: 145408K Free: 104981K (72%)
4 ms. Memory: 145408K Free: 104453K (72%)
27 ms. Memory: 145408K Free: 123345K (85%)
6 ms. Memory: 145408K Free: 119235K (82%)
2 ms. Memory: 145408K Free: 118739K (82%)
3 ms. Memory: 145408K Free: 116163K (80%)
13 ms. Memory: 145408K Free: 108499K (75%)
16 ms. Memory: 145408K Free: 99283K (68%)
11 ms. Memory: 145408K Free: 88019K (61%)
/home/travis/build/icyphy/ptII/ptolemy/actor/lib/test/Pulse.tcl
6 ms. Memory: 145408K Free: 114263K (79%)
10 ms. Memory: 145408K Free: 113759K (78%)
3 ms. Memory: 145408K Free: 113165K (78%)
1 ms. Memory: 145408K Free: 112221K (77%)
1 ms. Memory: 145408K Free: 111711K (77%)
6 ms. Memory: 145408K Free: 110687K (76%)
2 ms. Memory: 145408K Free: 109663K (75%)
2 ms. Memory: 145408K Free: 109149K (75%)
1 ms. Memory: 145408K Free: 108095K (74%)
/home/travis/build/icyphy/ptII/ptolemy/actor/lib/test/Ramp.tcl
2 ms. Memory: 145408K Free: 106591K (73%)
1 ms. Memory: 145408K Free: 105567K (73%)
3 ms. Memory: 145408K Free: 105039K (72%)
2 ms. Memory: 145408K Free: 104029K (72%)
5 ms. Memory: 145408K Free: 103519K (71%)
8 ms. Memory: 145408K Free: 102495K (70%)
7 ms. Memory: 145408K Free: 101471K (70%)
5 actors
5000 microseconds per iteration to create
16 ms. Memory: 145408K Free: 98895K (68%)
2 ms. Memory: 145408K Free: 98399K (68%)
1 ms. Memory: 145408K Free: 97375K (67%)
7 ms. Memory: 145408K Free: 96861K (67%)
50 actors
44000 microseconds per iteration to create
43 ms. Memory: 145408K Free: 81501K (56%)
5 ms. Memory: 145408K Free: 80477K (55%)
22 ms. Memory: 145408K Free: 79453K (55%)
5 ms. Memory: 145408K Free: 78429K (54%)
500 actors
1643000 microseconds per iteration to create
243 ms. Memory: 175104K Free: 89315K (51%)
37 ms. Memory: 175104K Free: 84195K (48%)
37 ms. Memory: 175104K Free: 79075K (45%)
37 ms. Memory: 175104K Free: 73955K (42%)
/home/travis/build/icyphy/ptII/ptolemy/actor/lib/test/RampContinuous.tcl
6 ms. Memory: 175104K Free: 72417K (41%)
/home/travis/build/icyphy/ptII/ptolemy/actor/lib/test/RecordAssembler.tcl
5 ms. Memory: 175104K Free: 70883K (40%)
3 ms. Memory: 175104K Free: 69859K (40%)
/home/travis/build/icyphy/ptII/ptolemy/actor/lib/test/RecordDisassembler.tcl
6 ms. Memory: 175104K Free: 67811K (39%)
23 ms. Memory: 175104K Free: 152938K (87%)
3 ms. Memory: 175104K Free: 151907K (87%)
/home/travis/build/icyphy/ptII/ptolemy/actor/lib/test/Scale.tcl
3 ms. Memory: 175104K Free: 149866K (86%)
1 ms. Memory: 175104K Free: 149356K (85%)
1 ms. Memory: 175104K Free: 148332K (85%)
2 ms. Memory: 175104K Free: 147308K (84%)
4 ms. Memory: 175104K Free: 146794K (84%)
/home/travis/build/icyphy/ptII/ptolemy/actor/lib/test/SequentialClock.tcl
preinitializing
resolving types
initializing
executing number 1
wrapping up
idle
5 ms. Memory: 175104K Free: 145260K (83%)
Completed execution with 5 iterations
preinitializing
resolving types
initializing
executing number 1
wrapping up
idle
2 ms. Memory: 175104K Free: 144731K (83%)
Completed execution with 5 iterations
preinitializing
resolving types
initializing
executing number 1
wrapping up
idle
2 ms. Memory: 175104K Free: 144236K (82%)
Completed execution with 5 iterations
/home/travis/build/icyphy/ptII/ptolemy/actor/lib/test/SetVariable.tcl
5 ms. Memory: 175104K Free: 142698K (81%)


==== $PTII/ptolemy/actor/lib/test/SetVariable.tcl: SetVariable-3.1 changeFailed
==== Contents of test case:

    #Uses 2.1 above
    jdkCaptureErr {
        # This test was failing if we ran Exit.tcl and then this test.
        # MessageHandler.error() now actually throws the Exception.
	catch {$setVariable changeFailed [java::null]  [java::new Exception {Test exception for SetVariable.changeFailed()}]} errMsg
    } results
    list [string range $results 0 89] "\n" $errMsg

==== Result was:
{java.lang.Exception: Test exception for SetVariable.changeFailed()
	at java.base/jdk.inter} {
} {java.lang.RuntimeException: java.lang.Exception: Test exception for SetVariable.changeFailed()}
---- Result should have been:
{Failed to set variable.
java.lang.Exception: Test exception for SetVariable.changeFailed()} {
} {java.lang.RuntimeException: java.lang.Exception: Test exception for SetVariable.changeFailed()}
---- SetVariable-3.1 FAILED
/home/travis/build/icyphy/ptII/ptolemy/actor/lib/test/Sinewave.tcl
/home/travis/build/icyphy/ptII/ptolemy/actor/lib/test/SubscriptionAggregator.tcl
5 ms. Memory: 175104K Free: 130410K (74%)
3 ms. Memory: 175104K Free: 129900K (74%)
1 ms. Memory: 175104K Free: 129386K (74%)
1 ms. Memory: 175104K Free: 128876K (74%)
2 ms. Memory: 175104K Free: 125275K (72%)
10 ms. Memory: 175104K Free: 123242K (70%)
...............................................................1082 ms. Memory: 235520K Free: 98430K (42%)
/home/travis/build/icyphy/ptII/ptolemy/actor/lib/test/Test.tcl
 The next command will produce a warning about training mode,
   which may be ignored.
7 ms. Memory: 235520K Free: 96368K (41%)
5 ms. Memory: 235520K Free: 95872K (41%)
2 ms. Memory: 235520K Free: 94848K (40%)
2 ms. Memory: 235520K Free: 94304K (40%)
3 ms. Memory: 235520K Free: 93824K (40%)
3 ms. Memory: 235520K Free: 92800K (39%)
3 ms. Memory: 235520K Free: 91248K (39%)
 The next command will produce a warning about training mode,
   which may be ignored.
5 ms. Memory: 235520K Free: 88704K (38%)
 The next command will produce a warning about training mode,
   which may be ignored.
3 ms. Memory: 235520K Free: 87680K (37%)
2 ms. Memory: 235520K Free: 87152K (37%)
1 ms. Memory: 235520K Free: 86656K (37%)
1 ms. Memory: 235520K Free: 86128K (37%)
9 ms. Memory: 235520K Free: 85118K (36%)
5 ms. Memory: 235520K Free: 81536K (35%)
/home/travis/build/icyphy/ptII/ptolemy/actor/lib/test/TestExceptionHandler.tcl
 The next command will produce a warning about training mode,
   which may be ignored.
4 ms. Memory: 235520K Free: 79984K (34%)
0 ms. Memory: 235520K Free: 79488K (34%)
1 ms. Memory: 235520K Free: 78974K (34%)
/home/travis/build/icyphy/ptII/ptolemy/actor/lib/test/UnionDisassembler.tcl
107 ms. Memory: 235520K Free: 189780K (81%)
/home/travis/build/icyphy/ptII/ptolemy/actor/lib/test/VariableClock.tcl
preinitializing
resolving types
initializing
executing number 1
wrapping up
idle
2 ms. Memory: 235520K Free: 187735K (80%)
Completed execution with 11 iterations
preinitializing
resolving types
initializing
executing number 1
wrapping up
idle
8 ms. Memory: 235520K Free: 186711K (79%)
Completed execution with 10 iterations
12/11/19 06:34:47
Failed: 1  Total Tests: 234  ((Passed: 233, Newly Passed: 0)  Known Failed: 0) /home/travis/build/icyphy/ptII/ptolemy/actor/lib/test
----------------- testing (KnownFailure) /home/travis/build/icyphy/ptII/ptolemy/actor/lib/test/auto/knownFailedTests/PublisherPortToplevelSubscriber.xml
1 ms. Memory: 235520K Free: 183143K (78%)
Known Failure: java.lang.reflect.InvocationTargetException
----------------- testing (KnownFailure) /home/travis/build/icyphy/ptII/ptolemy/actor/lib/test/auto/knownFailedTests/PublisherSubscriberPortToplevel.xml
1 ms. Memory: 235520K Free: 179557K (76%)
Known Failure: java.lang.reflect.InvocationTargetException
----------------- testing (KnownFailure) /home/travis/build/icyphy/ptII/ptolemy/actor/lib/test/auto/knownFailedTests/PublisherSubscriptionAggregatorPort.xml
1 ms. Memory: 235520K Free: 175461K (74%)
Known Failure: java.lang.reflect.InvocationTargetException
----------------- testing (KnownFailure) /home/travis/build/icyphy/ptII/ptolemy/actor/lib/test/auto/knownFailedTests/sizedarray3.xml
3 ms. Memory: 235520K Free: 171365K (73%)
Known Failure: java.lang.reflect.InvocationTargetException
No auto/linux-amd64/*.xml tests in /home/travis/build/icyphy/ptII/ptolemy/actor/lib/test
AutoTests.java: About to close Vertx.
AutoTests.java: Vertx closed.

===========================================================================================
----------------- testing Wed Dec 11 06:34:48 UTC 2019 /home/travis/build/icyphy/ptII/ptolemy/actor/lib/test/auto/AbsoluteValue.xml
----------------- Instantiating /home/travis/build/icyphy/ptII/ptolemy/actor/lib/test/auto/AbsoluteValue.xml
11 ms. Memory: 235520K Free: 147813K (63%)
----------------- Invoking toplevel() on ptolemy.moml.MoMLSimpleApplication@712cc83d
----------------- Done invoking toplevel() on ptolemy.moml.MoMLSimpleApplication@712cc83d
reloadAllAccessors: .AbsoluteValue

===========================================================================================
----------------- testing Wed Dec 11 06:34:48 UTC 2019 /home/travis/build/icyphy/ptII/ptolemy/actor/lib/test/auto/AbsoluteValue2.xml
----------------- Instantiating /home/travis/build/icyphy/ptII/ptolemy/actor/lib/test/auto/AbsoluteValue2.xml
5 ms. Memory: 235520K Free: 141159K (60%)
----------------- Invoking toplevel() on ptolemy.moml.MoMLSimpleApplication@32348eba
----------------- Done invoking toplevel() on ptolemy.moml.MoMLSimpleApplication@32348eba
reloadAllAccessors: .AbsoluteValue2

===========================================================================================
----------------- testing Wed Dec 11 06:34:48 UTC 2019 /home/travis/build/icyphy/ptII/ptolemy/actor/lib/test/auto/Accumulator.xml
----------------- Instantiating /home/travis/build/icyphy/ptII/ptolemy/actor/lib/test/auto/Accumulator.xml
14 ms. Memory: 235520K Free: 135015K (57%)
----------------- Invoking toplevel() on ptolemy.moml.MoMLSimpleApplication@1c305d79
----------------- Done invoking toplevel() on ptolemy.moml.MoMLSimpleApplication@1c305d79
reloadAllAccessors: .Accumulator

===========================================================================================
----------------- testing Wed Dec 11 06:34:48 UTC 2019 /home/travis/build/icyphy/ptII/ptolemy/actor/lib/test/auto/Accumulator2.xml
----------------- Instantiating /home/travis/build/icyphy/ptII/ptolemy/actor/lib/test/auto/Accumulator2.xml
3 ms. Memory: 235520K Free: 129381K (55%)
----------------- Invoking toplevel() on ptolemy.moml.MoMLSimpleApplication@4e79415b
----------------- Done invoking toplevel() on ptolemy.moml.MoMLSimpleApplication@4e79415b
reloadAllAccessors: .Accumulator2

===========================================================================================
----------------- testing Wed Dec 11 06:34:48 UTC 2019 /home/travis/build/icyphy/ptII/ptolemy/actor/lib/test/auto/Accumulator3.xml
----------------- Instantiating /home/travis/build/icyphy/ptII/ptolemy/actor/lib/test/auto/Accumulator3.xml
3 ms. Memory: 235520K Free: 125285K (53%)
----------------- Invoking toplevel() on ptolemy.moml.MoMLSimpleApplication@6ce4bb48
----------------- Done invoking toplevel() on ptolemy.moml.MoMLSimpleApplication@6ce4bb48
reloadAllAccessors: .Accumulator3

===========================================================================================
----------------- testing Wed Dec 11 06:34:48 UTC 2019 /home/travis/build/icyphy/ptII/ptolemy/actor/lib/test/auto/ArrayAppend.xml
----------------- Instantiating /home/travis/build/icyphy/ptII/ptolemy/actor/lib/test/auto/ArrayAppend.xml
5 ms. Memory: 235520K Free: 119127K (51%)
----------------- Invoking toplevel() on ptolemy.moml.MoMLSimpleApplication@44168006
----------------- Done invoking toplevel() on ptolemy.moml.MoMLSimpleApplication@44168006
reloadAllAccessors: .ArrayAppend

===========================================================================================
----------------- testing Wed Dec 11 06:34:48 UTC 2019 /home/travis/build/icyphy/ptII/ptolemy/actor/lib/test/auto/ArrayAppend2.xml
----------------- Instantiating /home/travis/build/icyphy/ptII/ptolemy/actor/lib/test/auto/ArrayAppend2.xml
457 ms. Memory: 425984K Free: 355445K (83%)
----------------- Invoking toplevel() on ptolemy.moml.MoMLSimpleApplication@2f9aeddd
----------------- Done invoking toplevel() on ptolemy.moml.MoMLSimpleApplication@2f9aeddd
reloadAllAccessors: .ArrayAppend2

===========================================================================================
----------------- testing Wed Dec 11 06:34:48 UTC 2019 /home/travis/build/icyphy/ptII/ptolemy/actor/lib/test/auto/ArrayAppend3.xml
----------------- Instantiating /home/travis/build/icyphy/ptII/ptolemy/actor/lib/test/auto/ArrayAppend3.xml
5 ms. Memory: 425984K Free: 349301K (82%)
----------------- Invoking toplevel() on ptolemy.moml.MoMLSimpleApplication@70742143
----------------- Done invoking toplevel() on ptolemy.moml.MoMLSimpleApplication@70742143
reloadAllAccessors: .ArrayAppend3

===========================================================================================
----------------- testing Wed Dec 11 06:34:48 UTC 2019 /home/travis/build/icyphy/ptII/ptolemy/actor/lib/test/auto/ArrayAppend4.xml
----------------- Instantiating /home/travis/build/icyphy/ptII/ptolemy/actor/lib/test/auto/ArrayAppend4.xml
3 ms. Memory: 425984K Free: 344181K (81%)
----------------- Invoking toplevel() on ptolemy.moml.MoMLSimpleApplication@4d06bba3
----------------- Done invoking toplevel() on ptolemy.moml.MoMLSimpleApplication@4d06bba3
reloadAllAccessors: .ArrayAppend4

===========================================================================================
----------------- testing Wed Dec 11 06:34:49 UTC 2019 /home/travis/build/icyphy/ptII/ptolemy/actor/lib/test/auto/ArrayAppend5.xml
----------------- Instantiating /home/travis/build/icyphy/ptII/ptolemy/actor/lib/test/auto/ArrayAppend5.xml
2 ms. Memory: 425984K Free: 339061K (80%)
----------------- Invoking toplevel() on ptolemy.moml.MoMLSimpleApplication@327f4e1d
----------------- Done invoking toplevel() on ptolemy.moml.MoMLSimpleApplication@327f4e1d
reloadAllAccessors: .ArrayAppend5

===========================================================================================
----------------- testing Wed Dec 11 06:34:49 UTC 2019 /home/travis/build/icyphy/ptII/ptolemy/actor/lib/test/auto/ArrayAppend6.xml
----------------- Instantiating /home/travis/build/icyphy/ptII/ptolemy/actor/lib/test/auto/ArrayAppend6.xml
3 ms. Memory: 425984K Free: 333941K (78%)
----------------- Invoking toplevel() on ptolemy.moml.MoMLSimpleApplication@57e50888
----------------- Done invoking toplevel() on ptolemy.moml.MoMLSimpleApplication@57e50888
reloadAllAccessors: .ArrayAppend6

===========================================================================================
----------------- testing Wed Dec 11 06:34:49 UTC 2019 /home/travis/build/icyphy/ptII/ptolemy/actor/lib/test/auto/ArrayAppendPerformanceTest.xml
----------------- Instantiating /home/travis/build/icyphy/ptII/ptolemy/actor/lib/test/auto/ArrayAppendPerformanceTest.xml
36 ms. Memory: 425984K Free: 323701K (76%)
----------------- Invoking toplevel() on ptolemy.moml.MoMLSimpleApplication@1ee74f04
----------------- Done invoking toplevel() on ptolemy.moml.MoMLSimpleApplication@1ee74f04
reloadAllAccessors: .ArrayAppendPerformanceTest

===========================================================================================
----------------- testing Wed Dec 11 06:34:49 UTC 2019 /home/travis/build/icyphy/ptII/ptolemy/actor/lib/test/auto/ArrayAppendWithEmptyInput.xml
----------------- Instantiating /home/travis/build/icyphy/ptII/ptolemy/actor/lib/test/auto/ArrayAppendWithEmptyInput.xml
15 ms. Memory: 425984K Free: 315509K (74%)
----------------- Invoking toplevel() on ptolemy.moml.MoMLSimpleApplication@2d124da6
----------------- Done invoking toplevel() on ptolemy.moml.MoMLSimpleApplication@2d124da6
reloadAllAccessors: .ArrayAppendWithEmptyInput

===========================================================================================
----------------- testing Wed Dec 11 06:34:49 UTC 2019 /home/travis/build/icyphy/ptII/ptolemy/actor/lib/test/auto/ArrayAverage.xml
----------------- Instantiating /home/travis/build/icyphy/ptII/ptolemy/actor/lib/test/auto/ArrayAverage.xml
9 ms. Memory: 425984K Free: 307831K (72%)
----------------- Invoking toplevel() on ptolemy.moml.MoMLSimpleApplication@4f4789a5
----------------- Done invoking toplevel() on ptolemy.moml.MoMLSimpleApplication@4f4789a5
reloadAllAccessors: .ArrayAverage

===========================================================================================
----------------- testing Wed Dec 11 06:34:49 UTC 2019 /home/travis/build/icyphy/ptII/ptolemy/actor/lib/test/auto/ArrayContains.xml
----------------- Instantiating /home/travis/build/icyphy/ptII/ptolemy/actor/lib/test/auto/ArrayContains.xml
6 ms. Memory: 425984K Free: 301687K (71%)
----------------- Invoking toplevel() on ptolemy.moml.MoMLSimpleApplication@dd5d956
----------------- Done invoking toplevel() on ptolemy.moml.MoMLSimpleApplication@dd5d956
reloadAllAccessors: .ArrayContains

===========================================================================================
----------------- testing Wed Dec 11 06:34:49 UTC 2019 /home/travis/build/icyphy/ptII/ptolemy/actor/lib/test/auto/ArrayElement.xml
----------------- Instantiating /home/travis/build/icyphy/ptII/ptolemy/actor/lib/test/auto/ArrayElement.xml
6 ms. Memory: 425984K Free: 296053K (69%)
----------------- Invoking toplevel() on ptolemy.moml.MoMLSimpleApplication@188a6dad
----------------- Done invoking toplevel() on ptolemy.moml.MoMLSimpleApplication@188a6dad
reloadAllAccessors: .ArrayElement

===========================================================================================
----------------- testing Wed Dec 11 06:34:49 UTC 2019 /home/travis/build/icyphy/ptII/ptolemy/actor/lib/test/auto/ArrayElementAsMatrix.xml
----------------- Instantiating /home/travis/build/icyphy/ptII/ptolemy/actor/lib/test/auto/ArrayElementAsMatrix.xml
12 ms. Memory: 425984K Free: 285813K (67%)
----------------- Invoking toplevel() on ptolemy.moml.MoMLSimpleApplication@63d353e9
----------------- Done invoking toplevel() on ptolemy.moml.MoMLSimpleApplication@63d353e9
reloadAllAccessors: .ArrayElementAsMatrix

===========================================================================================
----------------- testing Wed Dec 11 06:34:49 UTC 2019 /home/travis/build/icyphy/ptII/ptolemy/actor/lib/test/auto/ArrayElementI.xml
----------------- Instantiating /home/travis/build/icyphy/ptII/ptolemy/actor/lib/test/auto/ArrayElementI.xml
3 ms. Memory: 425984K Free: 281207K (66%)
----------------- Invoking toplevel() on ptolemy.moml.MoMLSimpleApplication@7c4b1240
----------------- Done invoking toplevel() on ptolemy.moml.MoMLSimpleApplication@7c4b1240
reloadAllAccessors: .ArrayElementI

===========================================================================================
----------------- testing Wed Dec 11 06:34:49 UTC 2019 /home/travis/build/icyphy/ptII/ptolemy/actor/lib/test/auto/ArrayExtract.xml
----------------- Instantiating /home/travis/build/icyphy/ptII/ptolemy/actor/lib/test/auto/ArrayExtract.xml
6 ms. Memory: 425984K Free: 272501K (64%)
----------------- Invoking toplevel() on ptolemy.moml.MoMLSimpleApplication@73c76b58
----------------- Done invoking toplevel() on ptolemy.moml.MoMLSimpleApplication@73c76b58
reloadAllAccessors: .ArrayExtract

===========================================================================================
----------------- testing Wed Dec 11 06:34:49 UTC 2019 /home/travis/build/icyphy/ptII/ptolemy/actor/lib/test/auto/ArrayExtract2.xml
----------------- Instantiating /home/travis/build/icyphy/ptII/ptolemy/actor/lib/test/auto/ArrayExtract2.xml
7 ms. Memory: 425984K Free: 267366K (63%)
----------------- Invoking toplevel() on ptolemy.moml.MoMLSimpleApplication@42cb325d
----------------- Done invoking toplevel() on ptolemy.moml.MoMLSimpleApplication@42cb325d
reloadAllAccessors: .ArrayExtract2

===========================================================================================
----------------- testing Wed Dec 11 06:34:49 UTC 2019 /home/travis/build/icyphy/ptII/ptolemy/actor/lib/test/auto/ArrayLength.xml
----------------- Instantiating /home/travis/build/icyphy/ptII/ptolemy/actor/lib/test/auto/ArrayLength.xml
2 ms. Memory: 425984K Free: 263285K (62%)
----------------- Invoking toplevel() on ptolemy.moml.MoMLSimpleApplication@333213f2
----------------- Done invoking toplevel() on ptolemy.moml.MoMLSimpleApplication@333213f2
reloadAllAccessors: .ArrayLength

===========================================================================================
----------------- testing Wed Dec 11 06:34:49 UTC 2019 /home/travis/build/icyphy/ptII/ptolemy/actor/lib/test/auto/ArrayLevelCrossing.xml
----------------- Instantiating /home/travis/build/icyphy/ptII/ptolemy/actor/lib/test/auto/ArrayLevelCrossing.xml
5 ms. Memory: 425984K Free: 255607K (60%)
----------------- Invoking toplevel() on ptolemy.moml.MoMLSimpleApplication@16af9778
----------------- Done invoking toplevel() on ptolemy.moml.MoMLSimpleApplication@16af9778
reloadAllAccessors: .ArrayLevelCrossing

===========================================================================================
----------------- testing Wed Dec 11 06:34:49 UTC 2019 /home/travis/build/icyphy/ptII/ptolemy/actor/lib/test/auto/ArrayLevelCrossing2.xml
----------------- Instantiating /home/travis/build/icyphy/ptII/ptolemy/actor/lib/test/auto/ArrayLevelCrossing2.xml
4 ms. Memory: 425984K Free: 248439K (58%)
----------------- Invoking toplevel() on ptolemy.moml.MoMLSimpleApplication@5d5fea0d
----------------- Done invoking toplevel() on ptolemy.moml.MoMLSimpleApplication@5d5fea0d
reloadAllAccessors: .ArrayLevelCrossing2

===========================================================================================
----------------- testing Wed Dec 11 06:34:49 UTC 2019 /home/travis/build/icyphy/ptII/ptolemy/actor/lib/test/auto/ArrayPeakSearch.xml
----------------- Instantiating /home/travis/build/icyphy/ptII/ptolemy/actor/lib/test/auto/ArrayPeakSearch.xml
7 ms. Memory: 425984K Free: 239223K (56%)
----------------- Invoking toplevel() on ptolemy.moml.MoMLSimpleApplication@15feb6bc
----------------- Done invoking toplevel() on ptolemy.moml.MoMLSimpleApplication@15feb6bc
reloadAllAccessors: .ArrayPeakSearch

===========================================================================================
----------------- testing Wed Dec 11 06:34:49 UTC 2019 /home/travis/build/icyphy/ptII/ptolemy/actor/lib/test/auto/ArrayPeakSearch2.xml
----------------- Instantiating /home/travis/build/icyphy/ptII/ptolemy/actor/lib/test/auto/ArrayPeakSearch2.xml
8 ms. Memory: 425984K Free: 228983K (54%)
----------------- Invoking toplevel() on ptolemy.moml.MoMLSimpleApplication@ddea603
----------------- Done invoking toplevel() on ptolemy.moml.MoMLSimpleApplication@ddea603
reloadAllAccessors: .ArrayPeakSearch2

===========================================================================================
----------------- testing Wed Dec 11 06:34:49 UTC 2019 /home/travis/build/icyphy/ptII/ptolemy/actor/lib/test/auto/ArrayPeakSearch3.xml
----------------- Instantiating /home/travis/build/icyphy/ptII/ptolemy/actor/lib/test/auto/ArrayPeakSearch3.xml
6 ms. Memory: 425984K Free: 219767K (52%)
----------------- Invoking toplevel() on ptolemy.moml.MoMLSimpleApplication@767c8941
----------------- Done invoking toplevel() on ptolemy.moml.MoMLSimpleApplication@767c8941
reloadAllAccessors: .ArrayPeakSearch3

===========================================================================================
----------------- testing Wed Dec 11 06:34:49 UTC 2019 /home/travis/build/icyphy/ptII/ptolemy/actor/lib/test/auto/ArrayRemoveElement.xml
----------------- Instantiating /home/travis/build/icyphy/ptII/ptolemy/actor/lib/test/auto/ArrayRemoveElement.xml
4 ms. Memory: 425984K Free: 212085K (50%)
----------------- Invoking toplevel() on ptolemy.moml.MoMLSimpleApplication@73ccf743
----------------- Done invoking toplevel() on ptolemy.moml.MoMLSimpleApplication@73ccf743
reloadAllAccessors: .ArrayRemoveElement

===========================================================================================
----------------- testing Wed Dec 11 06:34:49 UTC 2019 /home/travis/build/icyphy/ptII/ptolemy/actor/lib/test/auto/ArraySort.xml
----------------- Instantiating /home/travis/build/icyphy/ptII/ptolemy/actor/lib/test/auto/ArraySort.xml
4 ms. Memory: 425984K Free: 202869K (48%)
----------------- Invoking toplevel() on ptolemy.moml.MoMLSimpleApplication@771a8619
----------------- Done invoking toplevel() on ptolemy.moml.MoMLSimpleApplication@771a8619
reloadAllAccessors: .ArraySort

===========================================================================================
----------------- testing Wed Dec 11 06:34:49 UTC 2019 /home/travis/build/icyphy/ptII/ptolemy/actor/lib/test/auto/ArraySum.xml
----------------- Instantiating /home/travis/build/icyphy/ptII/ptolemy/actor/lib/test/auto/ArraySum.xml
16 ms. Memory: 425984K Free: 378168K (89%)
----------------- Invoking toplevel() on ptolemy.moml.MoMLSimpleApplication@591bbe20
----------------- Done invoking toplevel() on ptolemy.moml.MoMLSimpleApplication@591bbe20
reloadAllAccessors: .ArraySum

===========================================================================================
----------------- testing Wed Dec 11 06:34:49 UTC 2019 /home/travis/build/icyphy/ptII/ptolemy/actor/lib/test/auto/ArrayToElements.xml
----------------- Instantiating /home/travis/build/icyphy/ptII/ptolemy/actor/lib/test/auto/ArrayToElements.xml
4 ms. Memory: 425984K Free: 372345K (87%)
----------------- Invoking toplevel() on ptolemy.moml.MoMLSimpleApplication@7eb68284
----------------- Done invoking toplevel() on ptolemy.moml.MoMLSimpleApplication@7eb68284
reloadAllAccessors: .ArrayToElements

===========================================================================================
----------------- testing Wed Dec 11 06:34:49 UTC 2019 /home/travis/build/icyphy/ptII/ptolemy/actor/lib/test/auto/ArrayToMatrix.xml
----------------- Instantiating /home/travis/build/icyphy/ptII/ptolemy/actor/lib/test/auto/ArrayToMatrix.xml
12 ms. Memory: 425984K Free: 358009K (84%)
----------------- Invoking toplevel() on ptolemy.moml.MoMLSimpleApplication@564b5143
----------------- Done invoking toplevel() on ptolemy.moml.MoMLSimpleApplication@564b5143
reloadAllAccessors: .ArrayToMatrix

===========================================================================================
----------------- testing Wed Dec 11 06:34:50 UTC 2019 /home/travis/build/icyphy/ptII/ptolemy/actor/lib/test/auto/ArrayUpdate1.xml
----------------- Instantiating /home/travis/build/icyphy/ptII/ptolemy/actor/lib/test/auto/ArrayUpdate1.xml
2 ms. Memory: 425984K Free: 353399K (83%)
----------------- Invoking toplevel() on ptolemy.moml.MoMLSimpleApplication@750d729
----------------- Done invoking toplevel() on ptolemy.moml.MoMLSimpleApplication@750d729
reloadAllAccessors: .ArrayUpdate1

===========================================================================================
----------------- testing Wed Dec 11 06:34:50 UTC 2019 /home/travis/build/icyphy/ptII/ptolemy/actor/lib/test/auto/ArrayUpdate2.xml
----------------- Instantiating /home/travis/build/icyphy/ptII/ptolemy/actor/lib/test/auto/ArrayUpdate2.xml
10 ms. Memory: 425984K Free: 346745K (81%)
----------------- Invoking toplevel() on ptolemy.moml.MoMLSimpleApplication@78e747e3
----------------- Done invoking toplevel() on ptolemy.moml.MoMLSimpleApplication@78e747e3
reloadAllAccessors: .ArrayUpdate2

===========================================================================================
----------------- testing Wed Dec 11 06:34:50 UTC 2019 /home/travis/build/icyphy/ptII/ptolemy/actor/lib/test/auto/ArrayUpdate3.xml
----------------- Instantiating /home/travis/build/icyphy/ptII/ptolemy/actor/lib/test/auto/ArrayUpdate3.xml
4 ms. Memory: 425984K Free: 342135K (80%)
----------------- Invoking toplevel() on ptolemy.moml.MoMLSimpleApplication@ee3f377
----------------- Done invoking toplevel() on ptolemy.moml.MoMLSimpleApplication@ee3f377
reloadAllAccessors: .ArrayUpdate3

===========================================================================================
----------------- testing Wed Dec 11 06:34:50 UTC 2019 /home/travis/build/icyphy/ptII/ptolemy/actor/lib/test/auto/Assert1.xml
----------------- Instantiating /home/travis/build/icyphy/ptII/ptolemy/actor/lib/test/auto/Assert1.xml
6 ms. Memory: 425984K Free: 337529K (79%)
----------------- Invoking toplevel() on ptolemy.moml.MoMLSimpleApplication@425060d8
----------------- Done invoking toplevel() on ptolemy.moml.MoMLSimpleApplication@425060d8
reloadAllAccessors: .Assert1

===========================================================================================
----------------- testing Wed Dec 11 06:34:50 UTC 2019 /home/travis/build/icyphy/ptII/ptolemy/actor/lib/test/auto/Assert2.xml
----------------- Instantiating /home/travis/build/icyphy/ptII/ptolemy/actor/lib/test/auto/Assert2.xml
2 ms. Memory: 425984K Free: 332919K (78%)
----------------- Invoking toplevel() on ptolemy.moml.MoMLSimpleApplication@1791baf2
----------------- Done invoking toplevel() on ptolemy.moml.MoMLSimpleApplication@1791baf2
reloadAllAccessors: .Assert2

===========================================================================================
----------------- testing Wed Dec 11 06:34:50 UTC 2019 /home/travis/build/icyphy/ptII/ptolemy/actor/lib/test/auto/BooleanMultiplexor.xml
----------------- Instantiating /home/travis/build/icyphy/ptII/ptolemy/actor/lib/test/auto/BooleanMultiplexor.xml
2 ms. Memory: 425984K Free: 327289K (77%)
----------------- Invoking toplevel() on ptolemy.moml.MoMLSimpleApplication@3faf368e
----------------- Done invoking toplevel() on ptolemy.moml.MoMLSimpleApplication@3faf368e
reloadAllAccessors: .BooleanMultiplexor

===========================================================================================
----------------- testing Wed Dec 11 06:34:50 UTC 2019 /home/travis/build/icyphy/ptII/ptolemy/actor/lib/test/auto/BooleanMultiplexor2.xml
----------------- Instantiating /home/travis/build/icyphy/ptII/ptolemy/actor/lib/test/auto/BooleanMultiplexor2.xml
12 ms. Memory: 425984K Free: 321145K (75%)
----------------- Invoking toplevel() on ptolemy.moml.MoMLSimpleApplication@465c1aa0
----------------- Done invoking toplevel() on ptolemy.moml.MoMLSimpleApplication@465c1aa0
reloadAllAccessors: .BooleanMultiplexor2

===========================================================================================
----------------- testing Wed Dec 11 06:34:50 UTC 2019 /home/travis/build/icyphy/ptII/ptolemy/actor/lib/test/auto/BooleanMultiplexor3.xml
----------------- Instantiating /home/travis/build/icyphy/ptII/ptolemy/actor/lib/test/auto/BooleanMultiplexor3.xml
4 ms. Memory: 425984K Free: 317049K (74%)
----------------- Invoking toplevel() on ptolemy.moml.MoMLSimpleApplication@f467e33
----------------- Done invoking toplevel() on ptolemy.moml.MoMLSimpleApplication@f467e33
reloadAllAccessors: .BooleanMultiplexor3

===========================================================================================
----------------- testing Wed Dec 11 06:34:50 UTC 2019 /home/travis/build/icyphy/ptII/ptolemy/actor/lib/test/auto/BooleanSelect.xml
----------------- Instantiating /home/travis/build/icyphy/ptII/ptolemy/actor/lib/test/auto/BooleanSelect.xml
9 ms. Memory: 425984K Free: 311401K (73%)
----------------- Invoking toplevel() on ptolemy.moml.MoMLSimpleApplication@3b36927a
----------------- Done invoking toplevel() on ptolemy.moml.MoMLSimpleApplication@3b36927a
reloadAllAccessors: .BooleanSelect

===========================================================================================
----------------- testing Wed Dec 11 06:34:50 UTC 2019 /home/travis/build/icyphy/ptII/ptolemy/actor/lib/test/auto/BooleanSelect2.xml
----------------- Instantiating /home/travis/build/icyphy/ptII/ptolemy/actor/lib/test/auto/BooleanSelect2.xml
1 ms. Memory: 425984K Free: 306809K (72%)
----------------- Invoking toplevel() on ptolemy.moml.MoMLSimpleApplication@294bd890
----------------- Done invoking toplevel() on ptolemy.moml.MoMLSimpleApplication@294bd890
reloadAllAccessors: .BooleanSelect2

===========================================================================================
----------------- testing Wed Dec 11 06:34:50 UTC 2019 /home/travis/build/icyphy/ptII/ptolemy/actor/lib/test/auto/BooleanSwitch.xml
----------------- Instantiating /home/travis/build/icyphy/ptII/ptolemy/actor/lib/test/auto/BooleanSwitch.xml
14 ms. Memory: 425984K Free: 301162K (71%)
----------------- Invoking toplevel() on ptolemy.moml.MoMLSimpleApplication@1be8c6d0
----------------- Done invoking toplevel() on ptolemy.moml.MoMLSimpleApplication@1be8c6d0
reloadAllAccessors: .BooleanSwitch

===========================================================================================
----------------- testing Wed Dec 11 06:34:50 UTC 2019 /home/travis/build/icyphy/ptII/ptolemy/actor/lib/test/auto/BooleanSwitch2.xml
----------------- Instantiating /home/travis/build/icyphy/ptII/ptolemy/actor/lib/test/auto/BooleanSwitch2.xml
2 ms. Memory: 425984K Free: 296569K (70%)
----------------- Invoking toplevel() on ptolemy.moml.MoMLSimpleApplication@59d71f8b
----------------- Done invoking toplevel() on ptolemy.moml.MoMLSimpleApplication@59d71f8b
reloadAllAccessors: .BooleanSwitch2

===========================================================================================
----------------- testing Wed Dec 11 06:34:50 UTC 2019 /home/travis/build/icyphy/ptII/ptolemy/actor/lib/test/auto/BooleanSwitchCloningBugWithClassRelationGroup.xml
----------------- Instantiating /home/travis/build/icyphy/ptII/ptolemy/actor/lib/test/auto/BooleanSwitchCloningBugWithClassRelationGroup.xml
2 ms. Memory: 425984K Free: 290425K (68%)
----------------- Invoking toplevel() on ptolemy.moml.MoMLSimpleApplication@f0d1dd1
----------------- Done invoking toplevel() on ptolemy.moml.MoMLSimpleApplication@f0d1dd1
reloadAllAccessors: .BooleanSwitchCloningBugWithClassRelationGroup

===========================================================================================
----------------- testing Wed Dec 11 06:34:50 UTC 2019 /home/travis/build/icyphy/ptII/ptolemy/actor/lib/test/auto/BusActors.xml
----------------- Instantiating /home/travis/build/icyphy/ptII/ptolemy/actor/lib/test/auto/BusActors.xml
4 ms. Memory: 425984K Free: 282233K (66%)
----------------- Invoking toplevel() on ptolemy.moml.MoMLSimpleApplication@2707dd3e
----------------- Done invoking toplevel() on ptolemy.moml.MoMLSimpleApplication@2707dd3e
reloadAllAccessors: .BusActors

===========================================================================================
----------------- testing Wed Dec 11 06:34:50 UTC 2019 /home/travis/build/icyphy/ptII/ptolemy/actor/lib/test/auto/ClassWrapper.xml
----------------- Instantiating /home/travis/build/icyphy/ptII/ptolemy/actor/lib/test/auto/ClassWrapper.xml
3 ms. Memory: 425984K Free: 278137K (65%)
----------------- Invoking toplevel() on ptolemy.moml.MoMLSimpleApplication@7df117c8
----------------- Done invoking toplevel() on ptolemy.moml.MoMLSimpleApplication@7df117c8
reloadAllAccessors: .ClassWrapper

===========================================================================================
----------------- testing Wed Dec 11 06:34:50 UTC 2019 /home/travis/build/icyphy/ptII/ptolemy/actor/lib/test/auto/Clock.xml
----------------- Instantiating /home/travis/build/icyphy/ptII/ptolemy/actor/lib/test/auto/Clock.xml
2 ms. Memory: 425984K Free: 274041K (64%)
----------------- Invoking toplevel() on ptolemy.moml.MoMLSimpleApplication@66408567
----------------- Done invoking toplevel() on ptolemy.moml.MoMLSimpleApplication@66408567
reloadAllAccessors: .Clock

===========================================================================================
----------------- testing Wed Dec 11 06:34:50 UTC 2019 /home/travis/build/icyphy/ptII/ptolemy/actor/lib/test/auto/Clock10.xml
----------------- Instantiating /home/travis/build/icyphy/ptII/ptolemy/actor/lib/test/auto/Clock10.xml
4 ms. Memory: 425984K Free: 267897K (63%)
----------------- Invoking toplevel() on ptolemy.moml.MoMLSimpleApplication@5fdf7ca1
----------------- Done invoking toplevel() on ptolemy.moml.MoMLSimpleApplication@5fdf7ca1
reloadAllAccessors: .Clock10

===========================================================================================
----------------- testing Wed Dec 11 06:34:50 UTC 2019 /home/travis/build/icyphy/ptII/ptolemy/actor/lib/test/auto/Clock11.xml
----------------- Instantiating /home/travis/build/icyphy/ptII/ptolemy/actor/lib/test/auto/Clock11.xml
5 ms. Memory: 425984K Free: 262263K (62%)
----------------- Invoking toplevel() on ptolemy.moml.MoMLSimpleApplication@6aadc51
----------------- Done invoking toplevel() on ptolemy.moml.MoMLSimpleApplication@6aadc51
reloadAllAccessors: .Clock11

===========================================================================================
----------------- testing Wed Dec 11 06:34:50 UTC 2019 /home/travis/build/icyphy/ptII/ptolemy/actor/lib/test/auto/Clock12.xml
----------------- Instantiating /home/travis/build/icyphy/ptII/ptolemy/actor/lib/test/auto/Clock12.xml
4 ms. Memory: 425984K Free: 256119K (60%)
----------------- Invoking toplevel() on ptolemy.moml.MoMLSimpleApplication@7e968e92
----------------- Done invoking toplevel() on ptolemy.moml.MoMLSimpleApplication@7e968e92
reloadAllAccessors: .Clock12

===========================================================================================
----------------- testing Wed Dec 11 06:34:50 UTC 2019 /home/travis/build/icyphy/ptII/ptolemy/actor/lib/test/auto/Clock13.xml
----------------- Instantiating /home/travis/build/icyphy/ptII/ptolemy/actor/lib/test/auto/Clock13.xml
4 ms. Memory: 425984K Free: 250489K (59%)
----------------- Invoking toplevel() on ptolemy.moml.MoMLSimpleApplication@6c24729
----------------- Done invoking toplevel() on ptolemy.moml.MoMLSimpleApplication@6c24729
reloadAllAccessors: .Clock13

===========================================================================================
----------------- testing Wed Dec 11 06:34:50 UTC 2019 /home/travis/build/icyphy/ptII/ptolemy/actor/lib/test/auto/Clock14.xml
----------------- Instantiating /home/travis/build/icyphy/ptII/ptolemy/actor/lib/test/auto/Clock14.xml
5 ms. Memory: 425984K Free: 244345K (57%)
----------------- Invoking toplevel() on ptolemy.moml.MoMLSimpleApplication@59bdc8c1
----------------- Done invoking toplevel() on ptolemy.moml.MoMLSimpleApplication@59bdc8c1
reloadAllAccessors: .Clock14

===========================================================================================
----------------- testing Wed Dec 11 06:34:50 UTC 2019 /home/travis/build/icyphy/ptII/ptolemy/actor/lib/test/auto/Clock15.xml
----------------- Instantiating /home/travis/build/icyphy/ptII/ptolemy/actor/lib/test/auto/Clock15.xml
3 ms. Memory: 425984K Free: 238705K (56%)
----------------- Invoking toplevel() on ptolemy.moml.MoMLSimpleApplication@3229706
----------------- Done invoking toplevel() on ptolemy.moml.MoMLSimpleApplication@3229706
reloadAllAccessors: .Clock15

===========================================================================================
----------------- testing Wed Dec 11 06:34:50 UTC 2019 /home/travis/build/icyphy/ptII/ptolemy/actor/lib/test/auto/Clock16.xml
----------------- Instantiating /home/travis/build/icyphy/ptII/ptolemy/actor/lib/test/auto/Clock16.xml
34 ms. Memory: 425984K Free: 223337K (52%)
----------------- Invoking toplevel() on ptolemy.moml.MoMLSimpleApplication@6252679c
----------------- Done invoking toplevel() on ptolemy.moml.MoMLSimpleApplication@6252679c
reloadAllAccessors: .Clock16

===========================================================================================
----------------- testing Wed Dec 11 06:34:50 UTC 2019 /home/travis/build/icyphy/ptII/ptolemy/actor/lib/test/auto/Clock17.xml
----------------- Instantiating /home/travis/build/icyphy/ptII/ptolemy/actor/lib/test/auto/Clock17.xml
29 ms. Memory: 425984K Free: 209529K (49%)
----------------- Invoking toplevel() on ptolemy.moml.MoMLSimpleApplication@53e1178f
----------------- Done invoking toplevel() on ptolemy.moml.MoMLSimpleApplication@53e1178f
reloadAllAccessors: .Clock17

===========================================================================================
----------------- testing Wed Dec 11 06:34:50 UTC 2019 /home/travis/build/icyphy/ptII/ptolemy/actor/lib/test/auto/Clock18.xml
----------------- Instantiating /home/travis/build/icyphy/ptII/ptolemy/actor/lib/test/auto/Clock18.xml
33 ms. Memory: 425984K Free: 195689K (46%)
----------------- Invoking toplevel() on ptolemy.moml.MoMLSimpleApplication@7ee01c5a
----------------- Done invoking toplevel() on ptolemy.moml.MoMLSimpleApplication@7ee01c5a
reloadAllAccessors: .Clock18

===========================================================================================
----------------- testing Wed Dec 11 06:34:50 UTC 2019 /home/travis/build/icyphy/ptII/ptolemy/actor/lib/test/auto/Clock19.xml
----------------- Instantiating /home/travis/build/icyphy/ptII/ptolemy/actor/lib/test/auto/Clock19.xml
15 ms. Memory: 425984K Free: 182391K (43%)
----------------- Invoking toplevel() on ptolemy.moml.MoMLSimpleApplication@5c8478c1
----------------- Done invoking toplevel() on ptolemy.moml.MoMLSimpleApplication@5c8478c1
reloadAllAccessors: .Clock19

===========================================================================================
----------------- testing Wed Dec 11 06:34:51 UTC 2019 /home/travis/build/icyphy/ptII/ptolemy/actor/lib/test/auto/Clock2.xml
----------------- Instantiating /home/travis/build/icyphy/ptII/ptolemy/actor/lib/test/auto/Clock2.xml
8 ms. Memory: 425984K Free: 178281K (42%)
----------------- Invoking toplevel() on ptolemy.moml.MoMLSimpleApplication@1bf51e14
----------------- Done invoking toplevel() on ptolemy.moml.MoMLSimpleApplication@1bf51e14
reloadAllAccessors: .Clock2

===========================================================================================
----------------- testing Wed Dec 11 06:34:51 UTC 2019 /home/travis/build/icyphy/ptII/ptolemy/actor/lib/test/auto/Clock20.xml
----------------- Instantiating /home/travis/build/icyphy/ptII/ptolemy/actor/lib/test/auto/Clock20.xml
10 ms. Memory: 425984K Free: 172665K (41%)
----------------- Invoking toplevel() on ptolemy.moml.MoMLSimpleApplication@67df677
----------------- Done invoking toplevel() on ptolemy.moml.MoMLSimpleApplication@67df677
reloadAllAccessors: .Clock20

===========================================================================================
----------------- testing Wed Dec 11 06:34:51 UTC 2019 /home/travis/build/icyphy/ptII/ptolemy/actor/lib/test/auto/Clock21.xml
----------------- Instantiating /home/travis/build/icyphy/ptII/ptolemy/actor/lib/test/auto/Clock21.xml
6 ms. Memory: 425984K Free: 167545K (39%)
----------------- Invoking toplevel() on ptolemy.moml.MoMLSimpleApplication@6da000b6
----------------- Done invoking toplevel() on ptolemy.moml.MoMLSimpleApplication@6da000b6
reloadAllAccessors: .Clock21

===========================================================================================
----------------- testing Wed Dec 11 06:34:51 UTC 2019 /home/travis/build/icyphy/ptII/ptolemy/actor/lib/test/auto/Clock22.xml
----------------- Instantiating /home/travis/build/icyphy/ptII/ptolemy/actor/lib/test/auto/Clock22.xml
6 ms. Memory: 425984K Free: 161911K (38%)
----------------- Invoking toplevel() on ptolemy.moml.MoMLSimpleApplication@41bafe28
----------------- Done invoking toplevel() on ptolemy.moml.MoMLSimpleApplication@41bafe28
reloadAllAccessors: .Clock22

===========================================================================================
----------------- testing Wed Dec 11 06:34:51 UTC 2019 /home/travis/build/icyphy/ptII/ptolemy/actor/lib/test/auto/Clock23.xml
----------------- Instantiating /home/travis/build/icyphy/ptII/ptolemy/actor/lib/test/auto/Clock23.xml
9 ms. Memory: 425984K Free: 376689K (88%)
----------------- Invoking toplevel() on ptolemy.moml.MoMLSimpleApplication@58ebba2a
----------------- Done invoking toplevel() on ptolemy.moml.MoMLSimpleApplication@58ebba2a
reloadAllAccessors: .Clock23

===========================================================================================
----------------- testing Wed Dec 11 06:34:51 UTC 2019 /home/travis/build/icyphy/ptII/ptolemy/actor/lib/test/auto/Clock24.xml
----------------- Instantiating /home/travis/build/icyphy/ptII/ptolemy/actor/lib/test/auto/Clock24.xml
6 ms. Memory: 425984K Free: 371073K (87%)
----------------- Invoking toplevel() on ptolemy.moml.MoMLSimpleApplication@44568092
----------------- Done invoking toplevel() on ptolemy.moml.MoMLSimpleApplication@44568092
reloadAllAccessors: .Clock24

===========================================================================================
----------------- testing Wed Dec 11 06:34:51 UTC 2019 /home/travis/build/icyphy/ptII/ptolemy/actor/lib/test/auto/Clock4.xml
----------------- Instantiating /home/travis/build/icyphy/ptII/ptolemy/actor/lib/test/auto/Clock4.xml
1 ms. Memory: 425984K Free: 365953K (86%)
----------------- Invoking toplevel() on ptolemy.moml.MoMLSimpleApplication@3e884e0
----------------- Done invoking toplevel() on ptolemy.moml.MoMLSimpleApplication@3e884e0
reloadAllAccessors: .Clock4

===========================================================================================
----------------- testing Wed Dec 11 06:34:51 UTC 2019 /home/travis/build/icyphy/ptII/ptolemy/actor/lib/test/auto/Clock5.xml
----------------- Instantiating /home/travis/build/icyphy/ptII/ptolemy/actor/lib/test/auto/Clock5.xml
2 ms. Memory: 425984K Free: 360833K (85%)
----------------- Invoking toplevel() on ptolemy.moml.MoMLSimpleApplication@7be2e52b
----------------- Done invoking toplevel() on ptolemy.moml.MoMLSimpleApplication@7be2e52b
reloadAllAccessors: .Clock5

===========================================================================================
----------------- testing Wed Dec 11 06:34:51 UTC 2019 /home/travis/build/icyphy/ptII/ptolemy/actor/lib/test/auto/Clock6.xml
----------------- Instantiating /home/travis/build/icyphy/ptII/ptolemy/actor/lib/test/auto/Clock6.xml
1 ms. Memory: 425984K Free: 356223K (84%)
----------------- Invoking toplevel() on ptolemy.moml.MoMLSimpleApplication@264117d1
----------------- Done invoking toplevel() on ptolemy.moml.MoMLSimpleApplication@264117d1
reloadAllAccessors: .Clock6

===========================================================================================
----------------- testing Wed Dec 11 06:34:51 UTC 2019 /home/travis/build/icyphy/ptII/ptolemy/actor/lib/test/auto/Clock7.xml
----------------- Instantiating /home/travis/build/icyphy/ptII/ptolemy/actor/lib/test/auto/Clock7.xml
2 ms. Memory: 425984K Free: 352127K (83%)
----------------- Invoking toplevel() on ptolemy.moml.MoMLSimpleApplication@5cf413d4
----------------- Done invoking toplevel() on ptolemy.moml.MoMLSimpleApplication@5cf413d4
reloadAllAccessors: .Clock7

===========================================================================================
----------------- testing Wed Dec 11 06:34:51 UTC 2019 /home/travis/build/icyphy/ptII/ptolemy/actor/lib/test/auto/Clock8.xml
----------------- Instantiating /home/travis/build/icyphy/ptII/ptolemy/actor/lib/test/auto/Clock8.xml
6 ms. Memory: 425984K Free: 346497K (81%)
----------------- Invoking toplevel() on ptolemy.moml.MoMLSimpleApplication@54c40d24
----------------- Done invoking toplevel() on ptolemy.moml.MoMLSimpleApplication@54c40d24
reloadAllAccessors: .Clock8

===========================================================================================
----------------- testing Wed Dec 11 06:34:51 UTC 2019 /home/travis/build/icyphy/ptII/ptolemy/actor/lib/test/auto/Clock9.xml
----------------- Instantiating /home/travis/build/icyphy/ptII/ptolemy/actor/lib/test/auto/Clock9.xml
6 ms. Memory: 425984K Free: 340857K (80%)
----------------- Invoking toplevel() on ptolemy.moml.MoMLSimpleApplication@487367cd
----------------- Done invoking toplevel() on ptolemy.moml.MoMLSimpleApplication@487367cd
reloadAllAccessors: .Clock9

===========================================================================================
----------------- testing Wed Dec 11 06:34:51 UTC 2019 /home/travis/build/icyphy/ptII/ptolemy/actor/lib/test/auto/CommDistDiscard.xml
----------------- Instantiating /home/travis/build/icyphy/ptII/ptolemy/actor/lib/test/auto/CommDistDiscard.xml
4 ms. Memory: 425984K Free: 335743K (79%)
----------------- Invoking toplevel() on ptolemy.moml.MoMLSimpleApplication@9671b1f
----------------- Done invoking toplevel() on ptolemy.moml.MoMLSimpleApplication@9671b1f
reloadAllAccessors: .CommDistDiscard

===========================================================================================
----------------- testing Wed Dec 11 06:34:51 UTC 2019 /home/travis/build/icyphy/ptII/ptolemy/actor/lib/test/auto/Commutator.xml
----------------- Instantiating /home/travis/build/icyphy/ptII/ptolemy/actor/lib/test/auto/Commutator.xml
1 ms. Memory: 425984K Free: 331137K (78%)
----------------- Invoking toplevel() on ptolemy.moml.MoMLSimpleApplication@56ae5514
----------------- Done invoking toplevel() on ptolemy.moml.MoMLSimpleApplication@56ae5514
reloadAllAccessors: .Commutator

===========================================================================================
----------------- testing Wed Dec 11 06:34:51 UTC 2019 /home/travis/build/icyphy/ptII/ptolemy/actor/lib/test/auto/Commutator2.xml
----------------- Instantiating /home/travis/build/icyphy/ptII/ptolemy/actor/lib/test/auto/Commutator2.xml
1 ms. Memory: 425984K Free: 327041K (77%)
----------------- Invoking toplevel() on ptolemy.moml.MoMLSimpleApplication@5037594c
----------------- Done invoking toplevel() on ptolemy.moml.MoMLSimpleApplication@5037594c
reloadAllAccessors: .Commutator2

===========================================================================================
----------------- testing Wed Dec 11 06:34:51 UTC 2019 /home/travis/build/icyphy/ptII/ptolemy/actor/lib/test/auto/Commutator3.xml
----------------- Instantiating /home/travis/build/icyphy/ptII/ptolemy/actor/lib/test/auto/Commutator3.xml
2 ms. Memory: 425984K Free: 322431K (76%)
----------------- Invoking toplevel() on ptolemy.moml.MoMLSimpleApplication@66022fbe
----------------- Done invoking toplevel() on ptolemy.moml.MoMLSimpleApplication@66022fbe
reloadAllAccessors: .Commutator3

===========================================================================================
----------------- testing Wed Dec 11 06:34:51 UTC 2019 /home/travis/build/icyphy/ptII/ptolemy/actor/lib/test/auto/Compare.xml
----------------- Instantiating /home/travis/build/icyphy/ptII/ptolemy/actor/lib/test/auto/Compare.xml
2 ms. Memory: 425984K Free: 315777K (74%)
----------------- Invoking toplevel() on ptolemy.moml.MoMLSimpleApplication@44a9e1fe
----------------- Done invoking toplevel() on ptolemy.moml.MoMLSimpleApplication@44a9e1fe
reloadAllAccessors: .Compare

===========================================================================================
----------------- testing Wed Dec 11 06:34:51 UTC 2019 /home/travis/build/icyphy/ptII/ptolemy/actor/lib/test/auto/CompareDE.xml
----------------- Instantiating /home/travis/build/icyphy/ptII/ptolemy/actor/lib/test/auto/CompareDE.xml
3 ms. Memory: 425984K Free: 309105K (73%)
----------------- Invoking toplevel() on ptolemy.moml.MoMLSimpleApplication@5b7a8ac4
----------------- Done invoking toplevel() on ptolemy.moml.MoMLSimpleApplication@5b7a8ac4
reloadAllAccessors: .CompareDE

===========================================================================================
----------------- testing Wed Dec 11 06:34:51 UTC 2019 /home/travis/build/icyphy/ptII/ptolemy/actor/lib/test/auto/ComplexDivide.xml
----------------- Instantiating /home/travis/build/icyphy/ptII/ptolemy/actor/lib/test/auto/ComplexDivide.xml
1 ms. Memory: 425984K Free: 305023K (72%)
----------------- Invoking toplevel() on ptolemy.moml.MoMLSimpleApplication@6ffdfe7e
----------------- Done invoking toplevel() on ptolemy.moml.MoMLSimpleApplication@6ffdfe7e
reloadAllAccessors: .ComplexDivide

===========================================================================================
----------------- testing Wed Dec 11 06:34:51 UTC 2019 /home/travis/build/icyphy/ptII/ptolemy/actor/lib/test/auto/ComputeHistogram.xml
----------------- Instantiating /home/travis/build/icyphy/ptII/ptolemy/actor/lib/test/auto/ComputeHistogram.xml
38 ms. Memory: 425984K Free: 292735K (69%)
----------------- Invoking toplevel() on ptolemy.moml.MoMLSimpleApplication@6dec397
----------------- Done invoking toplevel() on ptolemy.moml.MoMLSimpleApplication@6dec397
reloadAllAccessors: .ComputeHistogram

===========================================================================================
----------------- testing Wed Dec 11 06:34:51 UTC 2019 /home/travis/build/icyphy/ptII/ptolemy/actor/lib/test/auto/ConfigurationSelect.xml
----------------- Instantiating /home/travis/build/icyphy/ptII/ptolemy/actor/lib/test/auto/ConfigurationSelect.xml
8 ms. Memory: 425984K Free: 287105K (67%)
----------------- Invoking toplevel() on ptolemy.moml.MoMLSimpleApplication@df6fa9f
----------------- Done invoking toplevel() on ptolemy.moml.MoMLSimpleApplication@df6fa9f
reloadAllAccessors: .ConfigurationSelect

===========================================================================================
----------------- testing Wed Dec 11 06:34:51 UTC 2019 /home/travis/build/icyphy/ptII/ptolemy/actor/lib/test/auto/ConfigurationSelect2.xml
----------------- Instantiating /home/travis/build/icyphy/ptII/ptolemy/actor/lib/test/auto/ConfigurationSelect2.xml
2 ms. Memory: 425984K Free: 282495K (66%)
----------------- Invoking toplevel() on ptolemy.moml.MoMLSimpleApplication@542c3ece
----------------- Done invoking toplevel() on ptolemy.moml.MoMLSimpleApplication@542c3ece
reloadAllAccessors: .ConfigurationSelect2

===========================================================================================
----------------- testing Wed Dec 11 06:34:51 UTC 2019 /home/travis/build/icyphy/ptII/ptolemy/actor/lib/test/auto/ConfigurationSwitch.xml
----------------- Instantiating /home/travis/build/icyphy/ptII/ptolemy/actor/lib/test/auto/ConfigurationSwitch.xml
1 ms. Memory: 425984K Free: 277375K (65%)
----------------- Invoking toplevel() on ptolemy.moml.MoMLSimpleApplication@4ee18aff
----------------- Done invoking toplevel() on ptolemy.moml.MoMLSimpleApplication@4ee18aff
reloadAllAccessors: .ConfigurationSwitch

===========================================================================================
----------------- testing Wed Dec 11 06:34:51 UTC 2019 /home/travis/build/icyphy/ptII/ptolemy/actor/lib/test/auto/ConfigurationSwitch2.xml
----------------- Instantiating /home/travis/build/icyphy/ptII/ptolemy/actor/lib/test/auto/ConfigurationSwitch2.xml
1 ms. Memory: 425984K Free: 271745K (64%)
----------------- Invoking toplevel() on ptolemy.moml.MoMLSimpleApplication@71096522
----------------- Done invoking toplevel() on ptolemy.moml.MoMLSimpleApplication@71096522
reloadAllAccessors: .ConfigurationSwitch2

===========================================================================================
----------------- testing Wed Dec 11 06:34:51 UTC 2019 /home/travis/build/icyphy/ptII/ptolemy/actor/lib/test/auto/ConfigurationSwitchCloningBugWithClassRelationGroup.xml
----------------- Instantiating /home/travis/build/icyphy/ptII/ptolemy/actor/lib/test/auto/ConfigurationSwitchCloningBugWithClassRelationGroup.xml
1 ms. Memory: 425984K Free: 265601K (62%)
----------------- Invoking toplevel() on ptolemy.moml.MoMLSimpleApplication@1b84a57c
----------------- Done invoking toplevel() on ptolemy.moml.MoMLSimpleApplication@1b84a57c
reloadAllAccessors: .ConfigurationSwitchCloningBugWithClassRelationGroup

===========================================================================================
----------------- testing Wed Dec 11 06:34:51 UTC 2019 /home/travis/build/icyphy/ptII/ptolemy/actor/lib/test/auto/ConfigurationSwitchSelectSDF.xml
----------------- Instantiating /home/travis/build/icyphy/ptII/ptolemy/actor/lib/test/auto/ConfigurationSwitchSelectSDF.xml
3 ms. Memory: 425984K Free: 259967K (61%)
----------------- Invoking toplevel() on ptolemy.moml.MoMLSimpleApplication@586446e0
----------------- Done invoking toplevel() on ptolemy.moml.MoMLSimpleApplication@586446e0
reloadAllAccessors: .ConfigurationSwitchSelectSDF

===========================================================================================
----------------- testing Wed Dec 11 06:34:51 UTC 2019 /home/travis/build/icyphy/ptII/ptolemy/actor/lib/test/auto/ConfigurationSwitchSelectSDF2.xml
----------------- Instantiating /home/travis/build/icyphy/ptII/ptolemy/actor/lib/test/auto/ConfigurationSwitchSelectSDF2.xml
2 ms. Memory: 425984K Free: 253823K (60%)
----------------- Invoking toplevel() on ptolemy.moml.MoMLSimpleApplication@26035544
----------------- Done invoking toplevel() on ptolemy.moml.MoMLSimpleApplication@26035544
reloadAllAccessors: .ConfigurationSwitchSelectSDF2

===========================================================================================
----------------- testing Wed Dec 11 06:34:51 UTC 2019 /home/travis/build/icyphy/ptII/ptolemy/actor/lib/test/auto/Const.xml
----------------- Instantiating /home/travis/build/icyphy/ptII/ptolemy/actor/lib/test/auto/Const.xml
1 ms. Memory: 425984K Free: 250751K (59%)
----------------- Invoking toplevel() on ptolemy.moml.MoMLSimpleApplication@76a07923
----------------- Done invoking toplevel() on ptolemy.moml.MoMLSimpleApplication@76a07923
reloadAllAccessors: .Const

===========================================================================================
----------------- testing Wed Dec 11 06:34:51 UTC 2019 /home/travis/build/icyphy/ptII/ptolemy/actor/lib/test/auto/Const2.xml
----------------- Instantiating /home/travis/build/icyphy/ptII/ptolemy/actor/lib/test/auto/Const2.xml
3 ms. Memory: 425984K Free: 246655K (58%)
----------------- Invoking toplevel() on ptolemy.moml.MoMLSimpleApplication@312f9ad
----------------- Done invoking toplevel() on ptolemy.moml.MoMLSimpleApplication@312f9ad
reloadAllAccessors: .Const2

===========================================================================================
----------------- testing Wed Dec 11 06:34:51 UTC 2019 /home/travis/build/icyphy/ptII/ptolemy/actor/lib/test/auto/Const3.xml
----------------- Instantiating /home/travis/build/icyphy/ptII/ptolemy/actor/lib/test/auto/Const3.xml
1 ms. Memory: 425984K Free: 244097K (57%)
----------------- Invoking toplevel() on ptolemy.moml.MoMLSimpleApplication@6f3fe4e9
----------------- Done invoking toplevel() on ptolemy.moml.MoMLSimpleApplication@6f3fe4e9
reloadAllAccessors: .Const3

===========================================================================================
----------------- testing Wed Dec 11 06:34:51 UTC 2019 /home/travis/build/icyphy/ptII/ptolemy/actor/lib/test/auto/ConstantPublisherPort1.xml
----------------- Instantiating /home/travis/build/icyphy/ptII/ptolemy/actor/lib/test/auto/ConstantPublisherPort1.xml
6 ms. Memory: 425984K Free: 234881K (55%)
----------------- Invoking toplevel() on ptolemy.moml.MoMLSimpleApplication@46db9b99
----------------- Done invoking toplevel() on ptolemy.moml.MoMLSimpleApplication@46db9b99
reloadAllAccessors: .ConstantPublisherPort1

===========================================================================================
----------------- testing Wed Dec 11 06:34:51 UTC 2019 /home/travis/build/icyphy/ptII/ptolemy/actor/lib/test/auto/ConstantPublisherPort2.xml
----------------- Instantiating /home/travis/build/icyphy/ptII/ptolemy/actor/lib/test/auto/ConstantPublisherPort2.xml
6 ms. Memory: 425984K Free: 227199K (53%)
----------------- Invoking toplevel() on ptolemy.moml.MoMLSimpleApplication@71ecd592
----------------- Done invoking toplevel() on ptolemy.moml.MoMLSimpleApplication@71ecd592
reloadAllAccessors: .ConstantPublisherPort2

===========================================================================================
----------------- testing Wed Dec 11 06:34:51 UTC 2019 /home/travis/build/icyphy/ptII/ptolemy/actor/lib/test/auto/ConstantPublisherPort3.xml
----------------- Instantiating /home/travis/build/icyphy/ptII/ptolemy/actor/lib/test/auto/ConstantPublisherPort3.xml
5 ms. Memory: 425984K Free: 220031K (52%)
----------------- Invoking toplevel() on ptolemy.moml.MoMLSimpleApplication@82e9a06
----------------- Done invoking toplevel() on ptolemy.moml.MoMLSimpleApplication@82e9a06
reloadAllAccessors: .ConstantPublisherPort3

===========================================================================================
----------------- testing Wed Dec 11 06:34:51 UTC 2019 /home/travis/build/icyphy/ptII/ptolemy/actor/lib/test/auto/ConstantPublisherPort4.xml
----------------- Instantiating /home/travis/build/icyphy/ptII/ptolemy/actor/lib/test/auto/ConstantPublisherPort4.xml
2 ms. Memory: 425984K Free: 212863K (50%)
----------------- Invoking toplevel() on ptolemy.moml.MoMLSimpleApplication@7b0f9a0
----------------- Done invoking toplevel() on ptolemy.moml.MoMLSimpleApplication@7b0f9a0
reloadAllAccessors: .ConstantPublisherPort4

===========================================================================================
----------------- testing Wed Dec 11 06:34:51 UTC 2019 /home/travis/build/icyphy/ptII/ptolemy/actor/lib/test/auto/ConstantPublisherPort5.xml
----------------- Instantiating /home/travis/build/icyphy/ptII/ptolemy/actor/lib/test/auto/ConstantPublisherPort5.xml
27 ms. Memory: 425984K Free: 203647K (48%)
----------------- Invoking toplevel() on ptolemy.moml.MoMLSimpleApplication@611ac38c
----------------- Done invoking toplevel() on ptolemy.moml.MoMLSimpleApplication@611ac38c
reloadAllAccessors: .ConstantPublisherPort5

===========================================================================================
----------------- testing Wed Dec 11 06:34:51 UTC 2019 /home/travis/build/icyphy/ptII/ptolemy/actor/lib/test/auto/ConstantPublisherPort6.xml
----------------- Instantiating /home/travis/build/icyphy/ptII/ptolemy/actor/lib/test/auto/ConstantPublisherPort6.xml
15 ms. Memory: 425984K Free: 194431K (46%)
----------------- Invoking toplevel() on ptolemy.moml.MoMLSimpleApplication@52042bc5
----------------- Done invoking toplevel() on ptolemy.moml.MoMLSimpleApplication@52042bc5
reloadAllAccessors: .ConstantPublisherPort6

===========================================================================================
----------------- testing Wed Dec 11 06:34:51 UTC 2019 /home/travis/build/icyphy/ptII/ptolemy/actor/lib/test/auto/ConstantPublisherPort7.xml
----------------- Instantiating /home/travis/build/icyphy/ptII/ptolemy/actor/lib/test/auto/ConstantPublisherPort7.xml
19 ms. Memory: 425984K Free: 184705K (43%)
----------------- Invoking toplevel() on ptolemy.moml.MoMLSimpleApplication@2ad7c6b4
----------------- Done invoking toplevel() on ptolemy.moml.MoMLSimpleApplication@2ad7c6b4
reloadAllAccessors: .ConstantPublisherPort7

===========================================================================================
----------------- testing Wed Dec 11 06:34:51 UTC 2019 /home/travis/build/icyphy/ptII/ptolemy/actor/lib/test/auto/ConstraintMonitor1.xml
----------------- Instantiating /home/travis/build/icyphy/ptII/ptolemy/actor/lib/test/auto/ConstraintMonitor1.xml
3 ms. Memory: 425984K Free: 180095K (42%)
----------------- Invoking toplevel() on ptolemy.moml.MoMLSimpleApplication@7c7a14c5
----------------- Done invoking toplevel() on ptolemy.moml.MoMLSimpleApplication@7c7a14c5
reloadAllAccessors: .ConstraintMonitor1

===========================================================================================
----------------- testing Wed Dec 11 06:34:52 UTC 2019 /home/travis/build/icyphy/ptII/ptolemy/actor/lib/test/auto/ConstraintMonitor2.xml
----------------- Instantiating /home/travis/build/icyphy/ptII/ptolemy/actor/lib/test/auto/ConstraintMonitor2.xml
10 ms. Memory: 425984K Free: 175489K (41%)
----------------- Invoking toplevel() on ptolemy.moml.MoMLSimpleApplication@12c0a8cb
----------------- Done invoking toplevel() on ptolemy.moml.MoMLSimpleApplication@12c0a8cb
reloadAllAccessors: .ConstraintMonitor2

===========================================================================================
----------------- testing Wed Dec 11 06:34:52 UTC 2019 /home/travis/build/icyphy/ptII/ptolemy/actor/lib/test/auto/ConstraintMonitor3.xml
----------------- Instantiating /home/travis/build/icyphy/ptII/ptolemy/actor/lib/test/auto/ConstraintMonitor3.xml
4 ms. Memory: 425984K Free: 170879K (40%)
----------------- Invoking toplevel() on ptolemy.moml.MoMLSimpleApplication@530ffb1f
----------------- Done invoking toplevel() on ptolemy.moml.MoMLSimpleApplication@530ffb1f
reloadAllAccessors: .ConstraintMonitor3

===========================================================================================
----------------- testing Wed Dec 11 06:34:52 UTC 2019 /home/travis/build/icyphy/ptII/ptolemy/actor/lib/test/auto/ConstraintMonitor4.xml
----------------- Instantiating /home/travis/build/icyphy/ptII/ptolemy/actor/lib/test/auto/ConstraintMonitor4.xml
2 ms. Memory: 425984K Free: 166273K (39%)
----------------- Invoking toplevel() on ptolemy.moml.MoMLSimpleApplication@2a43ebbb
----------------- Done invoking toplevel() on ptolemy.moml.MoMLSimpleApplication@2a43ebbb
reloadAllAccessors: .ConstraintMonitor4

===========================================================================================
----------------- testing Wed Dec 11 06:34:52 UTC 2019 /home/travis/build/icyphy/ptII/ptolemy/actor/lib/test/auto/ConstraintMonitor5.xml
----------------- Instantiating /home/travis/build/icyphy/ptII/ptolemy/actor/lib/test/auto/ConstraintMonitor5.xml
2 ms. Memory: 425984K Free: 161153K (38%)
----------------- Invoking toplevel() on ptolemy.moml.MoMLSimpleApplication@22e4b7e4
----------------- Done invoking toplevel() on ptolemy.moml.MoMLSimpleApplication@22e4b7e4
reloadAllAccessors: .ConstraintMonitor5

===========================================================================================
----------------- testing Wed Dec 11 06:34:52 UTC 2019 /home/travis/build/icyphy/ptII/ptolemy/actor/lib/test/auto/ConstraintMonitor6.xml
----------------- Instantiating /home/travis/build/icyphy/ptII/ptolemy/actor/lib/test/auto/ConstraintMonitor6.xml
3 ms. Memory: 425984K Free: 155513K (37%)
----------------- Invoking toplevel() on ptolemy.moml.MoMLSimpleApplication@5417fc62
----------------- Done invoking toplevel() on ptolemy.moml.MoMLSimpleApplication@5417fc62
reloadAllAccessors: .ConstraintMonitor6

===========================================================================================
----------------- testing Wed Dec 11 06:34:52 UTC 2019 /home/travis/build/icyphy/ptII/ptolemy/actor/lib/test/auto/ConstraintMonitor7.xml
----------------- Instantiating /home/travis/build/icyphy/ptII/ptolemy/actor/lib/test/auto/ConstraintMonitor7.xml
4 ms. Memory: 425984K Free: 148865K (35%)
----------------- Invoking toplevel() on ptolemy.moml.MoMLSimpleApplication@1a125f61
----------------- Done invoking toplevel() on ptolemy.moml.MoMLSimpleApplication@1a125f61
reloadAllAccessors: .ConstraintMonitor7

===========================================================================================
----------------- testing Wed Dec 11 06:34:52 UTC 2019 /home/travis/build/icyphy/ptII/ptolemy/actor/lib/test/auto/ConstraintMonitor8.xml
----------------- Instantiating /home/travis/build/icyphy/ptII/ptolemy/actor/lib/test/auto/ConstraintMonitor8.xml
7 ms. Memory: 425984K Free: 141183K (33%)
----------------- Invoking toplevel() on ptolemy.moml.MoMLSimpleApplication@6cb87189
----------------- Done invoking toplevel() on ptolemy.moml.MoMLSimpleApplication@6cb87189
reloadAllAccessors: .ConstraintMonitor8

===========================================================================================
----------------- testing Wed Dec 11 06:34:52 UTC 2019 /home/travis/build/icyphy/ptII/ptolemy/actor/lib/test/auto/Counter.xml
----------------- Instantiating /home/travis/build/icyphy/ptII/ptolemy/actor/lib/test/auto/Counter.xml
2 ms. Memory: 425984K Free: 136063K (32%)
----------------- Invoking toplevel() on ptolemy.moml.MoMLSimpleApplication@220a9ce7
----------------- Done invoking toplevel() on ptolemy.moml.MoMLSimpleApplication@220a9ce7
reloadAllAccessors: .Counter

===========================================================================================
----------------- testing Wed Dec 11 06:34:52 UTC 2019 /home/travis/build/icyphy/ptII/ptolemy/actor/lib/test/auto/CurrentTimeSDF.xml
----------------- Instantiating /home/travis/build/icyphy/ptII/ptolemy/actor/lib/test/auto/CurrentTimeSDF.xml
2 ms. Memory: 425984K Free: 131967K (31%)
----------------- Invoking toplevel() on ptolemy.moml.MoMLSimpleApplication@7d47f5df
----------------- Done invoking toplevel() on ptolemy.moml.MoMLSimpleApplication@7d47f5df
reloadAllAccessors: .CurrentTimeSDF

===========================================================================================
----------------- testing Wed Dec 11 06:34:52 UTC 2019 /home/travis/build/icyphy/ptII/ptolemy/actor/lib/test/auto/DB.xml
----------------- Instantiating /home/travis/build/icyphy/ptII/ptolemy/actor/lib/test/auto/DB.xml
2 ms. Memory: 425984K Free: 374707K (88%)
----------------- Invoking toplevel() on ptolemy.moml.MoMLSimpleApplication@15543eb2
----------------- Done invoking toplevel() on ptolemy.moml.MoMLSimpleApplication@15543eb2
reloadAllAccessors: .DB

===========================================================================================
----------------- testing Wed Dec 11 06:34:52 UTC 2019 /home/travis/build/icyphy/ptII/ptolemy/actor/lib/test/auto/DBDE.xml
----------------- Instantiating /home/travis/build/icyphy/ptII/ptolemy/actor/lib/test/auto/DBDE.xml
2 ms. Memory: 425984K Free: 368533K (87%)
----------------- Invoking toplevel() on ptolemy.moml.MoMLSimpleApplication@ab1d31e
----------------- Done invoking toplevel() on ptolemy.moml.MoMLSimpleApplication@ab1d31e
reloadAllAccessors: .DBDE

===========================================================================================
----------------- testing Wed Dec 11 06:34:52 UTC 2019 /home/travis/build/icyphy/ptII/ptolemy/actor/lib/test/auto/DateConstructor.xml
----------------- Instantiating /home/travis/build/icyphy/ptII/ptolemy/actor/lib/test/auto/DateConstructor.xml
25 ms. Memory: 425984K Free: 351155K (82%)
----------------- Invoking toplevel() on ptolemy.moml.MoMLSimpleApplication@7fae2e08
----------------- Done invoking toplevel() on ptolemy.moml.MoMLSimpleApplication@7fae2e08
reloadAllAccessors: .DateConstructor

===========================================================================================
----------------- testing Wed Dec 11 06:34:52 UTC 2019 /home/travis/build/icyphy/ptII/ptolemy/actor/lib/test/auto/DelayTime.xml
----------------- Instantiating /home/travis/build/icyphy/ptII/ptolemy/actor/lib/test/auto/DelayTime.xml
6 ms. Memory: 425984K Free: 346035K (81%)
----------------- Invoking toplevel() on ptolemy.moml.MoMLSimpleApplication@3efd0c5b
----------------- Done invoking toplevel() on ptolemy.moml.MoMLSimpleApplication@3efd0c5b
reloadAllAccessors: .DelayTime

===========================================================================================
----------------- testing Wed Dec 11 06:34:52 UTC 2019 /home/travis/build/icyphy/ptII/ptolemy/actor/lib/test/auto/Dictionary1.xml
----------------- Instantiating /home/travis/build/icyphy/ptII/ptolemy/actor/lib/test/auto/Dictionary1.xml
1 ms. Memory: 425984K Free: 340915K (80%)
----------------- Invoking toplevel() on ptolemy.moml.MoMLSimpleApplication@b0d5caa
----------------- Done invoking toplevel() on ptolemy.moml.MoMLSimpleApplication@b0d5caa
reloadAllAccessors: .Dictionary1

===========================================================================================
----------------- testing Wed Dec 11 06:34:52 UTC 2019 /home/travis/build/icyphy/ptII/ptolemy/actor/lib/test/auto/Dictionary2.xml
----------------- Instantiating /home/travis/build/icyphy/ptII/ptolemy/actor/lib/test/auto/Dictionary2.xml
4 ms. Memory: 425984K Free: 335285K (79%)
----------------- Invoking toplevel() on ptolemy.moml.MoMLSimpleApplication@3bce313c
----------------- Done invoking toplevel() on ptolemy.moml.MoMLSimpleApplication@3bce313c
reloadAllAccessors: .Dictionary2

===========================================================================================
----------------- testing Wed Dec 11 06:34:52 UTC 2019 /home/travis/build/icyphy/ptII/ptolemy/actor/lib/test/auto/Dictionary3.xml
----------------- Instantiating /home/travis/build/icyphy/ptII/ptolemy/actor/lib/test/auto/Dictionary3.xml
1 ms. Memory: 425984K Free: 329651K (77%)
----------------- Invoking toplevel() on ptolemy.moml.MoMLSimpleApplication@7270af65
----------------- Done invoking toplevel() on ptolemy.moml.MoMLSimpleApplication@7270af65
reloadAllAccessors: .Dictionary3

===========================================================================================
----------------- testing Wed Dec 11 06:34:52 UTC 2019 /home/travis/build/icyphy/ptII/ptolemy/actor/lib/test/auto/Dictionary4.xml
----------------- Instantiating /home/travis/build/icyphy/ptII/ptolemy/actor/lib/test/auto/Dictionary4.xml
3 ms. Memory: 425984K Free: 322997K (76%)
----------------- Invoking toplevel() on ptolemy.moml.MoMLSimpleApplication@33490c66
----------------- Done invoking toplevel() on ptolemy.moml.MoMLSimpleApplication@33490c66
reloadAllAccessors: .Dictionary4

===========================================================================================
----------------- testing Wed Dec 11 06:34:52 UTC 2019 /home/travis/build/icyphy/ptII/ptolemy/actor/lib/test/auto/Differential.xml
----------------- Instantiating /home/travis/build/icyphy/ptII/ptolemy/actor/lib/test/auto/Differential.xml
3 ms. Memory: 425984K Free: 318387K (75%)
----------------- Invoking toplevel() on ptolemy.moml.MoMLSimpleApplication@7a388319
----------------- Done invoking toplevel() on ptolemy.moml.MoMLSimpleApplication@7a388319
reloadAllAccessors: .Differential

===========================================================================================
----------------- testing Wed Dec 11 06:34:52 UTC 2019 /home/travis/build/icyphy/ptII/ptolemy/actor/lib/test/auto/Director.xml
----------------- Instantiating /home/travis/build/icyphy/ptII/ptolemy/actor/lib/test/auto/Director.xml
3 ms. Memory: 425984K Free: 314805K (74%)
----------------- Invoking toplevel() on ptolemy.moml.MoMLSimpleApplication@5eb0ac02
----------------- Done invoking toplevel() on ptolemy.moml.MoMLSimpleApplication@5eb0ac02
reloadAllAccessors: .Director

===========================================================================================
----------------- testing Wed Dec 11 06:34:52 UTC 2019 /home/travis/build/icyphy/ptII/ptolemy/actor/lib/test/auto/DiscreteClock.xml
----------------- Instantiating /home/travis/build/icyphy/ptII/ptolemy/actor/lib/test/auto/DiscreteClock.xml
1 ms. Memory: 425984K Free: 310709K (73%)
----------------- Invoking toplevel() on ptolemy.moml.MoMLSimpleApplication@2acfa384
----------------- Done invoking toplevel() on ptolemy.moml.MoMLSimpleApplication@2acfa384
reloadAllAccessors: .DiscreteClock

===========================================================================================
----------------- testing Wed Dec 11 06:34:52 UTC 2019 /home/travis/build/icyphy/ptII/ptolemy/actor/lib/test/auto/DiscreteClock10.xml
----------------- Instantiating /home/travis/build/icyphy/ptII/ptolemy/actor/lib/test/auto/DiscreteClock10.xml
4 ms. Memory: 425984K Free: 305075K (72%)
----------------- Invoking toplevel() on ptolemy.moml.MoMLSimpleApplication@47a5c996
----------------- Done invoking toplevel() on ptolemy.moml.MoMLSimpleApplication@47a5c996
reloadAllAccessors: .DiscreteClock10

===========================================================================================
----------------- testing Wed Dec 11 06:34:52 UTC 2019 /home/travis/build/icyphy/ptII/ptolemy/actor/lib/test/auto/DiscreteClock11.xml
----------------- Instantiating /home/travis/build/icyphy/ptII/ptolemy/actor/lib/test/auto/DiscreteClock11.xml
2 ms. Memory: 425984K Free: 298931K (70%)
----------------- Invoking toplevel() on ptolemy.moml.MoMLSimpleApplication@39d107c2
----------------- Done invoking toplevel() on ptolemy.moml.MoMLSimpleApplication@39d107c2
reloadAllAccessors: .DiscreteClock11

===========================================================================================
----------------- testing Wed Dec 11 06:34:52 UTC 2019 /home/travis/build/icyphy/ptII/ptolemy/actor/lib/test/auto/DiscreteClock12.xml
----------------- Instantiating /home/travis/build/icyphy/ptII/ptolemy/actor/lib/test/auto/DiscreteClock12.xml
3 ms. Memory: 425984K Free: 292787K (69%)
----------------- Invoking toplevel() on ptolemy.moml.MoMLSimpleApplication@241f6aaf
----------------- Done invoking toplevel() on ptolemy.moml.MoMLSimpleApplication@241f6aaf
reloadAllAccessors: .DiscreteClock12

===========================================================================================
----------------- testing Wed Dec 11 06:34:52 UTC 2019 /home/travis/build/icyphy/ptII/ptolemy/actor/lib/test/auto/DiscreteClock13.xml
----------------- Instantiating /home/travis/build/icyphy/ptII/ptolemy/actor/lib/test/auto/DiscreteClock13.xml
5 ms. Memory: 425984K Free: 287157K (67%)
----------------- Invoking toplevel() on ptolemy.moml.MoMLSimpleApplication@1c31fe55
----------------- Done invoking toplevel() on ptolemy.moml.MoMLSimpleApplication@1c31fe55
reloadAllAccessors: .DiscreteClock13

===========================================================================================
----------------- testing Wed Dec 11 06:34:52 UTC 2019 /home/travis/build/icyphy/ptII/ptolemy/actor/lib/test/auto/DiscreteClock14.xml
----------------- Instantiating /home/travis/build/icyphy/ptII/ptolemy/actor/lib/test/auto/DiscreteClock14.xml
6 ms. Memory: 425984K Free: 281013K (66%)
----------------- Invoking toplevel() on ptolemy.moml.MoMLSimpleApplication@1008e811
----------------- Done invoking toplevel() on ptolemy.moml.MoMLSimpleApplication@1008e811
reloadAllAccessors: .DiscreteClock14

===========================================================================================
----------------- testing Wed Dec 11 06:34:52 UTC 2019 /home/travis/build/icyphy/ptII/ptolemy/actor/lib/test/auto/DiscreteClock15.xml
----------------- Instantiating /home/travis/build/icyphy/ptII/ptolemy/actor/lib/test/auto/DiscreteClock15.xml
5 ms. Memory: 425984K Free: 274869K (65%)
----------------- Invoking toplevel() on ptolemy.moml.MoMLSimpleApplication@704bb1d8
----------------- Done invoking toplevel() on ptolemy.moml.MoMLSimpleApplication@704bb1d8
reloadAllAccessors: .DiscreteClock15

===========================================================================================
----------------- testing Wed Dec 11 06:34:52 UTC 2019 /home/travis/build/icyphy/ptII/ptolemy/actor/lib/test/auto/DiscreteClock16.xml
----------------- Instantiating /home/travis/build/icyphy/ptII/ptolemy/actor/lib/test/auto/DiscreteClock16.xml
18 ms. Memory: 425984K Free: 261029K (61%)
----------------- Invoking toplevel() on ptolemy.moml.MoMLSimpleApplication@658aacac
----------------- Done invoking toplevel() on ptolemy.moml.MoMLSimpleApplication@658aacac
reloadAllAccessors: .DiscreteClock16

===========================================================================================
----------------- testing Wed Dec 11 06:34:52 UTC 2019 /home/travis/build/icyphy/ptII/ptolemy/actor/lib/test/auto/DiscreteClock17.xml
----------------- Instantiating /home/travis/build/icyphy/ptII/ptolemy/actor/lib/test/auto/DiscreteClock17.xml
20 ms. Memory: 425984K Free: 246677K (58%)
----------------- Invoking toplevel() on ptolemy.moml.MoMLSimpleApplication@19d7e2de
----------------- Done invoking toplevel() on ptolemy.moml.MoMLSimpleApplication@19d7e2de
reloadAllAccessors: .DiscreteClock17

===========================================================================================
----------------- testing Wed Dec 11 06:34:52 UTC 2019 /home/travis/build/icyphy/ptII/ptolemy/actor/lib/test/auto/DiscreteClock18.xml
----------------- Instantiating /home/travis/build/icyphy/ptII/ptolemy/actor/lib/test/auto/DiscreteClock18.xml
27 ms. Memory: 425984K Free: 232885K (55%)
----------------- Invoking toplevel() on ptolemy.moml.MoMLSimpleApplication@109af06f
----------------- Done invoking toplevel() on ptolemy.moml.MoMLSimpleApplication@109af06f
reloadAllAccessors: .DiscreteClock18

===========================================================================================
----------------- testing Wed Dec 11 06:34:52 UTC 2019 /home/travis/build/icyphy/ptII/ptolemy/actor/lib/test/auto/DiscreteClock19.xml
----------------- Instantiating /home/travis/build/icyphy/ptII/ptolemy/actor/lib/test/auto/DiscreteClock19.xml
28 ms. Memory: 425984K Free: 218549K (51%)
----------------- Invoking toplevel() on ptolemy.moml.MoMLSimpleApplication@1de7f25
----------------- Done invoking toplevel() on ptolemy.moml.MoMLSimpleApplication@1de7f25
reloadAllAccessors: .DiscreteClock19

===========================================================================================
----------------- testing Wed Dec 11 06:34:52 UTC 2019 /home/travis/build/icyphy/ptII/ptolemy/actor/lib/test/auto/DiscreteClock2.xml
----------------- Instantiating /home/travis/build/icyphy/ptII/ptolemy/actor/lib/test/auto/DiscreteClock2.xml
7 ms. Memory: 425984K Free: 213909K (50%)
----------------- Invoking toplevel() on ptolemy.moml.MoMLSimpleApplication@490d8a30
----------------- Done invoking toplevel() on ptolemy.moml.MoMLSimpleApplication@490d8a30
reloadAllAccessors: .DiscreteClock2

===========================================================================================
----------------- testing Wed Dec 11 06:34:52 UTC 2019 /home/travis/build/icyphy/ptII/ptolemy/actor/lib/test/auto/DiscreteClock20.xml
----------------- Instantiating /home/travis/build/icyphy/ptII/ptolemy/actor/lib/test/auto/DiscreteClock20.xml
9 ms. Memory: 425984K Free: 208309K (49%)
----------------- Invoking toplevel() on ptolemy.moml.MoMLSimpleApplication@3353d7dd
----------------- Done invoking toplevel() on ptolemy.moml.MoMLSimpleApplication@3353d7dd
reloadAllAccessors: .DiscreteClock20

===========================================================================================
----------------- testing Wed Dec 11 06:34:52 UTC 2019 /home/travis/build/icyphy/ptII/ptolemy/actor/lib/test/auto/DiscreteClock21.xml
----------------- Instantiating /home/travis/build/icyphy/ptII/ptolemy/actor/lib/test/auto/DiscreteClock21.xml
6 ms. Memory: 425984K Free: 202675K (48%)
----------------- Invoking toplevel() on ptolemy.moml.MoMLSimpleApplication@759ae083
----------------- Done invoking toplevel() on ptolemy.moml.MoMLSimpleApplication@759ae083
reloadAllAccessors: .DiscreteClock21

===========================================================================================
----------------- testing Wed Dec 11 06:34:52 UTC 2019 /home/travis/build/icyphy/ptII/ptolemy/actor/lib/test/auto/DiscreteClock22.xml
----------------- Instantiating /home/travis/build/icyphy/ptII/ptolemy/actor/lib/test/auto/DiscreteClock22.xml
3 ms. Memory: 425984K Free: 197045K (46%)
----------------- Invoking toplevel() on ptolemy.moml.MoMLSimpleApplication@1180cfbc
----------------- Done invoking toplevel() on ptolemy.moml.MoMLSimpleApplication@1180cfbc
reloadAllAccessors: .DiscreteClock22

===========================================================================================
----------------- testing Wed Dec 11 06:34:52 UTC 2019 /home/travis/build/icyphy/ptII/ptolemy/actor/lib/test/auto/DiscreteClock23.xml
----------------- Instantiating /home/travis/build/icyphy/ptII/ptolemy/actor/lib/test/auto/DiscreteClock23.xml
14 ms. Memory: 425984K Free: 191925K (45%)
----------------- Invoking toplevel() on ptolemy.moml.MoMLSimpleApplication@68fd4154
----------------- Done invoking toplevel() on ptolemy.moml.MoMLSimpleApplication@68fd4154
reloadAllAccessors: .DiscreteClock23

===========================================================================================
----------------- testing Wed Dec 11 06:34:52 UTC 2019 /home/travis/build/icyphy/ptII/ptolemy/actor/lib/test/auto/DiscreteClock24.xml
----------------- Instantiating /home/travis/build/icyphy/ptII/ptolemy/actor/lib/test/auto/DiscreteClock24.xml
5 ms. Memory: 425984K Free: 186291K (44%)
----------------- Invoking toplevel() on ptolemy.moml.MoMLSimpleApplication@5816ee09
----------------- Done invoking toplevel() on ptolemy.moml.MoMLSimpleApplication@5816ee09
reloadAllAccessors: .DiscreteClock24

===========================================================================================
----------------- testing Wed Dec 11 06:34:53 UTC 2019 /home/travis/build/icyphy/ptII/ptolemy/actor/lib/test/auto/DiscreteClock4.xml
----------------- Instantiating /home/travis/build/icyphy/ptII/ptolemy/actor/lib/test/auto/DiscreteClock4.xml
4 ms. Memory: 425984K Free: 180661K (42%)
----------------- Invoking toplevel() on ptolemy.moml.MoMLSimpleApplication@65c58e6a
----------------- Done invoking toplevel() on ptolemy.moml.MoMLSimpleApplication@65c58e6a
reloadAllAccessors: .DiscreteClock4

===========================================================================================
----------------- testing Wed Dec 11 06:34:53 UTC 2019 /home/travis/build/icyphy/ptII/ptolemy/actor/lib/test/auto/DiscreteClock5.xml
----------------- Instantiating /home/travis/build/icyphy/ptII/ptolemy/actor/lib/test/auto/DiscreteClock5.xml
1 ms. Memory: 425984K Free: 175013K (41%)
----------------- Invoking toplevel() on ptolemy.moml.MoMLSimpleApplication@debbcbe
----------------- Done invoking toplevel() on ptolemy.moml.MoMLSimpleApplication@debbcbe
reloadAllAccessors: .DiscreteClock5

===========================================================================================
----------------- testing Wed Dec 11 06:34:53 UTC 2019 /home/travis/build/icyphy/ptII/ptolemy/actor/lib/test/auto/DiscreteClock6.xml
----------------- Instantiating /home/travis/build/icyphy/ptII/ptolemy/actor/lib/test/auto/DiscreteClock6.xml
1 ms. Memory: 425984K Free: 170931K (40%)
----------------- Invoking toplevel() on ptolemy.moml.MoMLSimpleApplication@4591f24e
----------------- Done invoking toplevel() on ptolemy.moml.MoMLSimpleApplication@4591f24e
reloadAllAccessors: .DiscreteClock6

===========================================================================================
----------------- testing Wed Dec 11 06:34:53 UTC 2019 /home/travis/build/icyphy/ptII/ptolemy/actor/lib/test/auto/DiscreteClock7.xml
----------------- Instantiating /home/travis/build/icyphy/ptII/ptolemy/actor/lib/test/auto/DiscreteClock7.xml
1 ms. Memory: 425984K Free: 165811K (39%)
----------------- Invoking toplevel() on ptolemy.moml.MoMLSimpleApplication@260af693
----------------- Done invoking toplevel() on ptolemy.moml.MoMLSimpleApplication@260af693
reloadAllAccessors: .DiscreteClock7

===========================================================================================
----------------- testing Wed Dec 11 06:34:53 UTC 2019 /home/travis/build/icyphy/ptII/ptolemy/actor/lib/test/auto/DiscreteClock8.xml
----------------- Instantiating /home/travis/build/icyphy/ptII/ptolemy/actor/lib/test/auto/DiscreteClock8.xml
3 ms. Memory: 425984K Free: 160181K (38%)
----------------- Invoking toplevel() on ptolemy.moml.MoMLSimpleApplication@5cfc54d1
----------------- Done invoking toplevel() on ptolemy.moml.MoMLSimpleApplication@5cfc54d1
reloadAllAccessors: .DiscreteClock8

===========================================================================================
----------------- testing Wed Dec 11 06:34:53 UTC 2019 /home/travis/build/icyphy/ptII/ptolemy/actor/lib/test/auto/DiscreteClock9.xml
----------------- Instantiating /home/travis/build/icyphy/ptII/ptolemy/actor/lib/test/auto/DiscreteClock9.xml
4 ms. Memory: 425984K Free: 154037K (36%)
----------------- Invoking toplevel() on ptolemy.moml.MoMLSimpleApplication@35ac2e18
----------------- Done invoking toplevel() on ptolemy.moml.MoMLSimpleApplication@35ac2e18
reloadAllAccessors: .DiscreteClock9

===========================================================================================
----------------- testing Wed Dec 11 06:34:53 UTC 2019 /home/travis/build/icyphy/ptII/ptolemy/actor/lib/test/auto/DisplayArray.xml
----------------- Instantiating /home/travis/build/icyphy/ptII/ptolemy/actor/lib/test/auto/DisplayArray.xml
1 ms. Memory: 425984K Free: 150451K (35%)
----------------- Invoking toplevel() on ptolemy.moml.MoMLSimpleApplication@5e41462c
----------------- Done invoking toplevel() on ptolemy.moml.MoMLSimpleApplication@5e41462c
reloadAllAccessors: .DisplayArray

===========================================================================================
----------------- testing Wed Dec 11 06:34:53 UTC 2019 /home/travis/build/icyphy/ptII/ptolemy/actor/lib/test/auto/Distributor.xml
----------------- Instantiating /home/travis/build/icyphy/ptII/ptolemy/actor/lib/test/auto/Distributor.xml
2 ms. Memory: 425984K Free: 145845K (34%)
----------------- Invoking toplevel() on ptolemy.moml.MoMLSimpleApplication@c04115d
----------------- Done invoking toplevel() on ptolemy.moml.MoMLSimpleApplication@c04115d
reloadAllAccessors: .Distributor

===========================================================================================
----------------- testing Wed Dec 11 06:34:53 UTC 2019 /home/travis/build/icyphy/ptII/ptolemy/actor/lib/test/auto/Distributor2.xml
----------------- Instantiating /home/travis/build/icyphy/ptII/ptolemy/actor/lib/test/auto/Distributor2.xml
1 ms. Memory: 425984K Free: 141235K (33%)
----------------- Invoking toplevel() on ptolemy.moml.MoMLSimpleApplication@14367d2f
----------------- Done invoking toplevel() on ptolemy.moml.MoMLSimpleApplication@14367d2f
reloadAllAccessors: .Distributor2

===========================================================================================
----------------- testing Wed Dec 11 06:34:53 UTC 2019 /home/travis/build/icyphy/ptII/ptolemy/actor/lib/test/auto/DownSample.xml
----------------- Instantiating /home/travis/build/icyphy/ptII/ptolemy/actor/lib/test/auto/DownSample.xml
2 ms. Memory: 425984K Free: 136629K (32%)
----------------- Invoking toplevel() on ptolemy.moml.MoMLSimpleApplication@1725c718
----------------- Done invoking toplevel() on ptolemy.moml.MoMLSimpleApplication@1725c718
reloadAllAccessors: .DownSample

===========================================================================================
----------------- testing Wed Dec 11 06:34:53 UTC 2019 /home/travis/build/icyphy/ptII/ptolemy/actor/lib/test/auto/ElectronicUnitBase1.xml
----------------- Instantiating /home/travis/build/icyphy/ptII/ptolemy/actor/lib/test/auto/ElectronicUnitBase1.xml
15 ms. Memory: 425984K Free: 371829K (87%)
----------------- Invoking toplevel() on ptolemy.moml.MoMLSimpleApplication@63ec702d
----------------- Done invoking toplevel() on ptolemy.moml.MoMLSimpleApplication@63ec702d
reloadAllAccessors: .ElectronicUnitBase1

===========================================================================================
----------------- testing Wed Dec 11 06:34:53 UTC 2019 /home/travis/build/icyphy/ptII/ptolemy/actor/lib/test/auto/ElementsToArray.xml
----------------- Instantiating /home/travis/build/icyphy/ptII/ptolemy/actor/lib/test/auto/ElementsToArray.xml
3 ms. Memory: 425984K Free: 366709K (86%)
----------------- Invoking toplevel() on ptolemy.moml.MoMLSimpleApplication@372dac2c
----------------- Done invoking toplevel() on ptolemy.moml.MoMLSimpleApplication@372dac2c
reloadAllAccessors: .ElementsToArray

===========================================================================================
----------------- testing Wed Dec 11 06:34:53 UTC 2019 /home/travis/build/icyphy/ptII/ptolemy/actor/lib/test/auto/Equals.xml
----------------- Instantiating /home/travis/build/icyphy/ptII/ptolemy/actor/lib/test/auto/Equals.xml
3 ms. Memory: 425984K Free: 362103K (85%)
----------------- Invoking toplevel() on ptolemy.moml.MoMLSimpleApplication@41c0ca2a
----------------- Done invoking toplevel() on ptolemy.moml.MoMLSimpleApplication@41c0ca2a
reloadAllAccessors: .Equals

===========================================================================================
----------------- testing Wed Dec 11 06:34:53 UTC 2019 /home/travis/build/icyphy/ptII/ptolemy/actor/lib/test/auto/Exec.xml
----------------- Instantiating /home/travis/build/icyphy/ptII/ptolemy/actor/lib/test/auto/Exec.xml
20 ms. Memory: 425984K Free: 356966K (84%)
----------------- Invoking toplevel() on ptolemy.moml.MoMLSimpleApplication@772b4cb
----------------- Done invoking toplevel() on ptolemy.moml.MoMLSimpleApplication@772b4cb
reloadAllAccessors: .Exec

===========================================================================================
----------------- testing Wed Dec 11 06:34:53 UTC 2019 /home/travis/build/icyphy/ptII/ptolemy/actor/lib/test/auto/ExecEnvironment.xml
----------------- Instantiating /home/travis/build/icyphy/ptII/ptolemy/actor/lib/test/auto/ExecEnvironment.xml
23 ms. Memory: 425984K Free: 351863K (83%)
----------------- Invoking toplevel() on ptolemy.moml.MoMLSimpleApplication@66c6e9b5
----------------- Done invoking toplevel() on ptolemy.moml.MoMLSimpleApplication@66c6e9b5
reloadAllAccessors: .ExecEnvironment

===========================================================================================
----------------- testing Wed Dec 11 06:34:53 UTC 2019 /home/travis/build/icyphy/ptII/ptolemy/actor/lib/test/auto/ExecNonZeroReturnOutput.xml
----------------- Instantiating /home/travis/build/icyphy/ptII/ptolemy/actor/lib/test/auto/ExecNonZeroReturnOutput.xml
172 ms. Memory: 425984K Free: 340085K (80%)
----------------- Invoking toplevel() on ptolemy.moml.MoMLSimpleApplication@4a3f27d6
----------------- Done invoking toplevel() on ptolemy.moml.MoMLSimpleApplication@4a3f27d6
reloadAllAccessors: .ExecNonZeroReturnOutput

===========================================================================================
----------------- testing Wed Dec 11 06:34:53 UTC 2019 /home/travis/build/icyphy/ptII/ptolemy/actor/lib/test/auto/ExecRunDemos.xml
----------------- Instantiating /home/travis/build/icyphy/ptII/ptolemy/actor/lib/test/auto/ExecRunDemos.xml
Finished: 98 ms. Memory: 120832K Free: 111542K (92%)

Finished: 88 ms. Memory: 120832K Free: 110738K (92%)

Finished: 134 ms. Memory: 120832K Free: 110913K (92%)

Finished: 92 ms. Memory: 120832K Free: 103378K (86%)

Finished: 79 ms. Memory: 120832K Free: 104226K (86%)

10716 ms. Memory: 425984K Free: 318581K (75%)
----------------- Invoking toplevel() on ptolemy.moml.MoMLSimpleApplication@56b2a250
----------------- Done invoking toplevel() on ptolemy.moml.MoMLSimpleApplication@56b2a250
reloadAllAccessors: .ExecRunDemos

===========================================================================================
----------------- testing Wed Dec 11 06:35:04 UTC 2019 /home/travis/build/icyphy/ptII/ptolemy/actor/lib/test/auto/ExecStop.xml
----------------- Instantiating /home/travis/build/icyphy/ptII/ptolemy/actor/lib/test/auto/ExecStop.xml
5015 ms. Memory: 425984K Free: 204407K (48%)
----------------- Invoking toplevel() on ptolemy.moml.MoMLSimpleApplication@1acd66c7
----------------- Done invoking toplevel() on ptolemy.moml.MoMLSimpleApplication@1acd66c7
reloadAllAccessors: .ExecStop

===========================================================================================
----------------- testing Wed Dec 11 06:35:09 UTC 2019 /home/travis/build/icyphy/ptII/ptolemy/actor/lib/test/auto/ExecutionTimeSDF.xml
----------------- Instantiating /home/travis/build/icyphy/ptII/ptolemy/actor/lib/test/auto/ExecutionTimeSDF.xml
Fired ExecutionTime: -1720167296
Fired ExecutionTime: -1693367296
Fired ExecutionTime: 1074400000
6005 ms. Memory: 425984K Free: 192119K (45%)
----------------- Invoking toplevel() on ptolemy.moml.MoMLSimpleApplication@25dcda32
----------------- Done invoking toplevel() on ptolemy.moml.MoMLSimpleApplication@25dcda32
reloadAllAccessors: .ExecutionTimeSDF

===========================================================================================
----------------- testing Wed Dec 11 06:35:15 UTC 2019 /home/travis/build/icyphy/ptII/ptolemy/actor/lib/test/auto/Expression1.xml
----------------- Instantiating /home/travis/build/icyphy/ptII/ptolemy/actor/lib/test/auto/Expression1.xml
1 ms. Memory: 425984K Free: 188533K (44%)
----------------- Invoking toplevel() on ptolemy.moml.MoMLSimpleApplication@3daed2a0
----------------- Done invoking toplevel() on ptolemy.moml.MoMLSimpleApplication@3daed2a0
reloadAllAccessors: .Expression1

===========================================================================================
----------------- testing Wed Dec 11 06:35:15 UTC 2019 /home/travis/build/icyphy/ptII/ptolemy/actor/lib/test/auto/Expression10.xml
----------------- Instantiating /home/travis/build/icyphy/ptII/ptolemy/actor/lib/test/auto/Expression10.xml
5 ms. Memory: 425984K Free: 182903K (43%)
----------------- Invoking toplevel() on ptolemy.moml.MoMLSimpleApplication@8a3cdef
----------------- Done invoking toplevel() on ptolemy.moml.MoMLSimpleApplication@8a3cdef
reloadAllAccessors: .Expression10

===========================================================================================
----------------- testing Wed Dec 11 06:35:15 UTC 2019 /home/travis/build/icyphy/ptII/ptolemy/actor/lib/test/auto/Expression11.xml
----------------- Instantiating /home/travis/build/icyphy/ptII/ptolemy/actor/lib/test/auto/Expression11.xml
2 ms. Memory: 425984K Free: 178293K (42%)
----------------- Invoking toplevel() on ptolemy.moml.MoMLSimpleApplication@70dce3cf
----------------- Done invoking toplevel() on ptolemy.moml.MoMLSimpleApplication@70dce3cf
reloadAllAccessors: .Expression11

===========================================================================================
----------------- testing Wed Dec 11 06:35:15 UTC 2019 /home/travis/build/icyphy/ptII/ptolemy/actor/lib/test/auto/Expression12.xml
----------------- Instantiating /home/travis/build/icyphy/ptII/ptolemy/actor/lib/test/auto/Expression12.xml
4 ms. Memory: 425984K Free: 172663K (41%)
----------------- Invoking toplevel() on ptolemy.moml.MoMLSimpleApplication@54a4fde8
----------------- Done invoking toplevel() on ptolemy.moml.MoMLSimpleApplication@54a4fde8
reloadAllAccessors: .Expression12

===========================================================================================
----------------- testing Wed Dec 11 06:35:15 UTC 2019 /home/travis/build/icyphy/ptII/ptolemy/actor/lib/test/auto/Expression13.xml
----------------- Instantiating /home/travis/build/icyphy/ptII/ptolemy/actor/lib/test/auto/Expression13.xml
3 ms. Memory: 425984K Free: 167543K (39%)
----------------- Invoking toplevel() on ptolemy.moml.MoMLSimpleApplication@8239452
----------------- Done invoking toplevel() on ptolemy.moml.MoMLSimpleApplication@8239452
reloadAllAccessors: .Expression13

===========================================================================================
----------------- testing Wed Dec 11 06:35:15 UTC 2019 /home/travis/build/icyphy/ptII/ptolemy/actor/lib/test/auto/Expression14.xml
----------------- Instantiating /home/travis/build/icyphy/ptII/ptolemy/actor/lib/test/auto/Expression14.xml
9 ms. Memory: 425984K Free: 161399K (38%)
----------------- Invoking toplevel() on ptolemy.moml.MoMLSimpleApplication@78861e8e
----------------- Done invoking toplevel() on ptolemy.moml.MoMLSimpleApplication@78861e8e
reloadAllAccessors: .Expression14

===========================================================================================
----------------- testing Wed Dec 11 06:35:15 UTC 2019 /home/travis/build/icyphy/ptII/ptolemy/actor/lib/test/auto/Expression15.xml
----------------- Instantiating /home/travis/build/icyphy/ptII/ptolemy/actor/lib/test/auto/Expression15.xml
1 ms. Memory: 425984K Free: 157303K (37%)
----------------- Invoking toplevel() on ptolemy.moml.MoMLSimpleApplication@7f37ccb
----------------- Done invoking toplevel() on ptolemy.moml.MoMLSimpleApplication@7f37ccb
reloadAllAccessors: .Expression15

===========================================================================================
----------------- testing Wed Dec 11 06:35:15 UTC 2019 /home/travis/build/icyphy/ptII/ptolemy/actor/lib/test/auto/Expression16.xml
----------------- Instantiating /home/travis/build/icyphy/ptII/ptolemy/actor/lib/test/auto/Expression16.xml
3 ms. Memory: 425984K Free: 152693K (36%)
----------------- Invoking toplevel() on ptolemy.moml.MoMLSimpleApplication@20d7d540
----------------- Done invoking toplevel() on ptolemy.moml.MoMLSimpleApplication@20d7d540
reloadAllAccessors: .Expression16

===========================================================================================
----------------- testing Wed Dec 11 06:35:15 UTC 2019 /home/travis/build/icyphy/ptII/ptolemy/actor/lib/test/auto/Expression17.xml
----------------- Instantiating /home/travis/build/icyphy/ptII/ptolemy/actor/lib/test/auto/Expression17.xml
2 ms. Memory: 425984K Free: 147573K (35%)
----------------- Invoking toplevel() on ptolemy.moml.MoMLSimpleApplication@6c846524
----------------- Done invoking toplevel() on ptolemy.moml.MoMLSimpleApplication@6c846524
reloadAllAccessors: .Expression17

===========================================================================================
----------------- testing Wed Dec 11 06:35:15 UTC 2019 /home/travis/build/icyphy/ptII/ptolemy/actor/lib/test/auto/Expression18.xml
----------------- Instantiating /home/travis/build/icyphy/ptII/ptolemy/actor/lib/test/auto/Expression18.xml
4 ms. Memory: 425984K Free: 142453K (33%)
----------------- Invoking toplevel() on ptolemy.moml.MoMLSimpleApplication@417cb727
----------------- Done invoking toplevel() on ptolemy.moml.MoMLSimpleApplication@417cb727
reloadAllAccessors: .Expression18

===========================================================================================
----------------- testing Wed Dec 11 06:35:15 UTC 2019 /home/travis/build/icyphy/ptII/ptolemy/actor/lib/test/auto/Expression2.xml
----------------- Instantiating /home/travis/build/icyphy/ptII/ptolemy/actor/lib/test/auto/Expression2.xml
3 ms. Memory: 425984K Free: 137333K (32%)
----------------- Invoking toplevel() on ptolemy.moml.MoMLSimpleApplication@7f81376f
----------------- Done invoking toplevel() on ptolemy.moml.MoMLSimpleApplication@7f81376f
reloadAllAccessors: .Expression2

===========================================================================================
----------------- testing Wed Dec 11 06:35:15 UTC 2019 /home/travis/build/icyphy/ptII/ptolemy/actor/lib/test/auto/Expression3.xml
----------------- Instantiating /home/travis/build/icyphy/ptII/ptolemy/actor/lib/test/auto/Expression3.xml
7 ms. Memory: 425984K Free: 132213K (31%)
----------------- Invoking toplevel() on ptolemy.moml.MoMLSimpleApplication@108b9427
----------------- Done invoking toplevel() on ptolemy.moml.MoMLSimpleApplication@108b9427
reloadAllAccessors: .Expression3

===========================================================================================
----------------- testing Wed Dec 11 06:35:15 UTC 2019 /home/travis/build/icyphy/ptII/ptolemy/actor/lib/test/auto/Expression4.xml
----------------- Instantiating /home/travis/build/icyphy/ptII/ptolemy/actor/lib/test/auto/Expression4.xml
14 ms. Memory: 425984K Free: 376913K (88%)
----------------- Invoking toplevel() on ptolemy.moml.MoMLSimpleApplication@22779d4e
----------------- Done invoking toplevel() on ptolemy.moml.MoMLSimpleApplication@22779d4e
reloadAllAccessors: .Expression4

===========================================================================================
----------------- testing Wed Dec 11 06:35:15 UTC 2019 /home/travis/build/icyphy/ptII/ptolemy/actor/lib/test/auto/Expression5.xml
----------------- Instantiating /home/travis/build/icyphy/ptII/ptolemy/actor/lib/test/auto/Expression5.xml
6 ms. Memory: 425984K Free: 371331K (87%)
----------------- Invoking toplevel() on ptolemy.moml.MoMLSimpleApplication@5bf7968
----------------- Done invoking toplevel() on ptolemy.moml.MoMLSimpleApplication@5bf7968
reloadAllAccessors: .Expression5

===========================================================================================
----------------- testing Wed Dec 11 06:35:15 UTC 2019 /home/travis/build/icyphy/ptII/ptolemy/actor/lib/test/auto/Expression6.xml
----------------- Instantiating /home/travis/build/icyphy/ptII/ptolemy/actor/lib/test/auto/Expression6.xml
2 ms. Memory: 425984K Free: 366721K (86%)
----------------- Invoking toplevel() on ptolemy.moml.MoMLSimpleApplication@1ed5d79
----------------- Done invoking toplevel() on ptolemy.moml.MoMLSimpleApplication@1ed5d79
reloadAllAccessors: .Expression6

===========================================================================================
----------------- testing Wed Dec 11 06:35:15 UTC 2019 /home/travis/build/icyphy/ptII/ptolemy/actor/lib/test/auto/Expression7.xml
----------------- Instantiating /home/travis/build/icyphy/ptII/ptolemy/actor/lib/test/auto/Expression7.xml
4 ms. Memory: 425984K Free: 361601K (85%)
----------------- Invoking toplevel() on ptolemy.moml.MoMLSimpleApplication@dba4a36
----------------- Done invoking toplevel() on ptolemy.moml.MoMLSimpleApplication@dba4a36
reloadAllAccessors: .Expression7

===========================================================================================
----------------- testing Wed Dec 11 06:35:15 UTC 2019 /home/travis/build/icyphy/ptII/ptolemy/actor/lib/test/auto/Expression8.xml
----------------- Instantiating /home/travis/build/icyphy/ptII/ptolemy/actor/lib/test/auto/Expression8.xml
10 ms. Memory: 425984K Free: 356481K (84%)
----------------- Invoking toplevel() on ptolemy.moml.MoMLSimpleApplication@5aed787c
----------------- Done invoking toplevel() on ptolemy.moml.MoMLSimpleApplication@5aed787c
reloadAllAccessors: .Expression8

===========================================================================================
----------------- testing Wed Dec 11 06:35:15 UTC 2019 /home/travis/build/icyphy/ptII/ptolemy/actor/lib/test/auto/Expression9.xml
----------------- Instantiating /home/travis/build/icyphy/ptII/ptolemy/actor/lib/test/auto/Expression9.xml
2 ms. Memory: 425984K Free: 352899K (83%)
----------------- Invoking toplevel() on ptolemy.moml.MoMLSimpleApplication@11c1d8b8
----------------- Done invoking toplevel() on ptolemy.moml.MoMLSimpleApplication@11c1d8b8
reloadAllAccessors: .Expression9

===========================================================================================
----------------- testing Wed Dec 11 06:35:15 UTC 2019 /home/travis/build/icyphy/ptII/ptolemy/actor/lib/test/auto/ExpressionConcatenateArrayType.xml
----------------- Instantiating /home/travis/build/icyphy/ptII/ptolemy/actor/lib/test/auto/ExpressionConcatenateArrayType.xml
3 ms. Memory: 425984K Free: 346241K (81%)
----------------- Invoking toplevel() on ptolemy.moml.MoMLSimpleApplication@6a6a2fb3
----------------- Done invoking toplevel() on ptolemy.moml.MoMLSimpleApplication@6a6a2fb3
reloadAllAccessors: .ExpressionConcatenateArrayType

===========================================================================================
----------------- testing Wed Dec 11 06:35:15 UTC 2019 /home/travis/build/icyphy/ptII/ptolemy/actor/lib/test/auto/ExpressionConcatenateArrayType2.xml
----------------- Instantiating /home/travis/build/icyphy/ptII/ptolemy/actor/lib/test/auto/ExpressionConcatenateArrayType2.xml
2 ms. Memory: 425984K Free: 340611K (80%)
----------------- Invoking toplevel() on ptolemy.moml.MoMLSimpleApplication@2de337e1
----------------- Done invoking toplevel() on ptolemy.moml.MoMLSimpleApplication@2de337e1
reloadAllAccessors: .ExpressionConcatenateArrayType2

===========================================================================================
----------------- testing Wed Dec 11 06:35:15 UTC 2019 /home/travis/build/icyphy/ptII/ptolemy/actor/lib/test/auto/ExpressionFix.xml
----------------- Instantiating /home/travis/build/icyphy/ptII/ptolemy/actor/lib/test/auto/ExpressionFix.xml
17 ms. Memory: 425984K Free: 333953K (78%)
----------------- Invoking toplevel() on ptolemy.moml.MoMLSimpleApplication@51974622
----------------- Done invoking toplevel() on ptolemy.moml.MoMLSimpleApplication@51974622
reloadAllAccessors: .ExpressionFix

===========================================================================================
----------------- testing Wed Dec 11 06:35:15 UTC 2019 /home/travis/build/icyphy/ptII/ptolemy/actor/lib/test/auto/ExpressionFix2.xml
----------------- Instantiating /home/travis/build/icyphy/ptII/ptolemy/actor/lib/test/auto/ExpressionFix2.xml
7 ms. Memory: 425984K Free: 329857K (77%)
----------------- Invoking toplevel() on ptolemy.moml.MoMLSimpleApplication@27d650e5
----------------- Done invoking toplevel() on ptolemy.moml.MoMLSimpleApplication@27d650e5
reloadAllAccessors: .ExpressionFix2

===========================================================================================
----------------- testing Wed Dec 11 06:35:15 UTC 2019 /home/travis/build/icyphy/ptII/ptolemy/actor/lib/test/auto/ExpressionFix3.xml
----------------- Instantiating /home/travis/build/icyphy/ptII/ptolemy/actor/lib/test/auto/ExpressionFix3.xml
2 ms. Memory: 425984K Free: 325251K (76%)
----------------- Invoking toplevel() on ptolemy.moml.MoMLSimpleApplication@201a7199
----------------- Done invoking toplevel() on ptolemy.moml.MoMLSimpleApplication@201a7199
reloadAllAccessors: .ExpressionFix3

===========================================================================================
----------------- testing Wed Dec 11 06:35:15 UTC 2019 /home/travis/build/icyphy/ptII/ptolemy/actor/lib/test/auto/FileWriter1.xml
----------------- Instantiating /home/travis/build/icyphy/ptII/ptolemy/actor/lib/test/auto/FileWriter1.xml
2 ms. Memory: 425984K Free: 321665K (76%)
----------------- Invoking toplevel() on ptolemy.moml.MoMLSimpleApplication@565df17a
----------------- Done invoking toplevel() on ptolemy.moml.MoMLSimpleApplication@565df17a
reloadAllAccessors: .FileWriter1

===========================================================================================
----------------- testing Wed Dec 11 06:35:15 UTC 2019 /home/travis/build/icyphy/ptII/ptolemy/actor/lib/test/auto/FileWriter2.xml
----------------- Instantiating /home/travis/build/icyphy/ptII/ptolemy/actor/lib/test/auto/FileWriter2.xml
2 ms. Memory: 425984K Free: 317059K (74%)
----------------- Invoking toplevel() on ptolemy.moml.MoMLSimpleApplication@292a355d
----------------- Done invoking toplevel() on ptolemy.moml.MoMLSimpleApplication@292a355d
reloadAllAccessors: .FileWriter2

===========================================================================================
----------------- testing Wed Dec 11 06:35:15 UTC 2019 /home/travis/build/icyphy/ptII/ptolemy/actor/lib/test/auto/FileWriter3.xml
----------------- Instantiating /home/travis/build/icyphy/ptII/ptolemy/actor/lib/test/auto/FileWriter3.xml
2 ms. Memory: 425984K Free: 312963K (73%)
----------------- Invoking toplevel() on ptolemy.moml.MoMLSimpleApplication@3c841ffd
----------------- Done invoking toplevel() on ptolemy.moml.MoMLSimpleApplication@3c841ffd
reloadAllAccessors: .FileWriter3

===========================================================================================
----------------- testing Wed Dec 11 06:35:15 UTC 2019 /home/travis/build/icyphy/ptII/ptolemy/actor/lib/test/auto/Gaussian.xml
----------------- Instantiating /home/travis/build/icyphy/ptII/ptolemy/actor/lib/test/auto/Gaussian.xml
2 ms. Memory: 425984K Free: 308353K (72%)
----------------- Invoking toplevel() on ptolemy.moml.MoMLSimpleApplication@1de648cd
----------------- Done invoking toplevel() on ptolemy.moml.MoMLSimpleApplication@1de648cd
reloadAllAccessors: .Gaussian

===========================================================================================
----------------- testing Wed Dec 11 06:35:16 UTC 2019 /home/travis/build/icyphy/ptII/ptolemy/actor/lib/test/auto/Gaussian1.xml
----------------- Instantiating /home/travis/build/icyphy/ptII/ptolemy/actor/lib/test/auto/Gaussian1.xml
1 ms. Memory: 425984K Free: 302723K (71%)
----------------- Invoking toplevel() on ptolemy.moml.MoMLSimpleApplication@139f46d9
----------------- Done invoking toplevel() on ptolemy.moml.MoMLSimpleApplication@139f46d9
reloadAllAccessors: .Gaussian1

===========================================================================================
----------------- testing Wed Dec 11 06:35:16 UTC 2019 /home/travis/build/icyphy/ptII/ptolemy/actor/lib/test/auto/Gaussian2.xml
----------------- Instantiating /home/travis/build/icyphy/ptII/ptolemy/actor/lib/test/auto/Gaussian2.xml
10 ms. Memory: 425984K Free: 297075K (70%)
----------------- Invoking toplevel() on ptolemy.moml.MoMLSimpleApplication@a9d0b0b
----------------- Done invoking toplevel() on ptolemy.moml.MoMLSimpleApplication@a9d0b0b
reloadAllAccessors: .Gaussian2

===========================================================================================
----------------- testing Wed Dec 11 06:35:16 UTC 2019 /home/travis/build/icyphy/ptII/ptolemy/actor/lib/test/auto/GradientAdaptiveLattice.xml
----------------- Instantiating /home/travis/build/icyphy/ptII/ptolemy/actor/lib/test/auto/GradientAdaptiveLattice.xml
3 ms. Memory: 425984K Free: 291969K (69%)
----------------- Invoking toplevel() on ptolemy.moml.MoMLSimpleApplication@30867b80
----------------- Done invoking toplevel() on ptolemy.moml.MoMLSimpleApplication@30867b80
reloadAllAccessors: .GradientAdaptiveLattice

===========================================================================================
----------------- testing Wed Dec 11 06:35:16 UTC 2019 /home/travis/build/icyphy/ptII/ptolemy/actor/lib/test/auto/IIR.xml
----------------- Instantiating /home/travis/build/icyphy/ptII/ptolemy/actor/lib/test/auto/IIR.xml
2 ms. Memory: 425984K Free: 287363K (67%)
----------------- Invoking toplevel() on ptolemy.moml.MoMLSimpleApplication@2f3e8beb
----------------- Done invoking toplevel() on ptolemy.moml.MoMLSimpleApplication@2f3e8beb
reloadAllAccessors: .IIR

===========================================================================================
----------------- testing Wed Dec 11 06:35:16 UTC 2019 /home/travis/build/icyphy/ptII/ptolemy/actor/lib/test/auto/InputOutputTransparentPorts.xml
----------------- Instantiating /home/travis/build/icyphy/ptII/ptolemy/actor/lib/test/auto/InputOutputTransparentPorts.xml
1 ms. Memory: 425984K Free: 280705K (66%)
----------------- Invoking toplevel() on ptolemy.moml.MoMLSimpleApplication@3a8fe497
----------------- Done invoking toplevel() on ptolemy.moml.MoMLSimpleApplication@3a8fe497
reloadAllAccessors: .InputOutputTransparentPorts

===========================================================================================
----------------- testing Wed Dec 11 06:35:16 UTC 2019 /home/travis/build/icyphy/ptII/ptolemy/actor/lib/test/auto/Interpolator.xml
----------------- Instantiating /home/travis/build/icyphy/ptII/ptolemy/actor/lib/test/auto/Interpolator.xml
6 ms. Memory: 425984K Free: 276097K (65%)
----------------- Invoking toplevel() on ptolemy.moml.MoMLSimpleApplication@58d9fc35
----------------- Done invoking toplevel() on ptolemy.moml.MoMLSimpleApplication@58d9fc35
reloadAllAccessors: .Interpolator

===========================================================================================
----------------- testing Wed Dec 11 06:35:16 UTC 2019 /home/travis/build/icyphy/ptII/ptolemy/actor/lib/test/auto/InterpolatorFiringLimitDE.xml
----------------- Instantiating /home/travis/build/icyphy/ptII/ptolemy/actor/lib/test/auto/InterpolatorFiringLimitDE.xml
2 ms. Memory: 425984K Free: 269441K (63%)
----------------- Invoking toplevel() on ptolemy.moml.MoMLSimpleApplication@3ef0efae
----------------- Done invoking toplevel() on ptolemy.moml.MoMLSimpleApplication@3ef0efae
reloadAllAccessors: .InterpolatorFiringLimitDE

===========================================================================================
----------------- testing Wed Dec 11 06:35:16 UTC 2019 /home/travis/build/icyphy/ptII/ptolemy/actor/lib/test/auto/Lattice.xml
----------------- Instantiating /home/travis/build/icyphy/ptII/ptolemy/actor/lib/test/auto/Lattice.xml
1 ms. Memory: 425984K Free: 265345K (62%)
----------------- Invoking toplevel() on ptolemy.moml.MoMLSimpleApplication@6b1d2d84
----------------- Done invoking toplevel() on ptolemy.moml.MoMLSimpleApplication@6b1d2d84
reloadAllAccessors: .Lattice

===========================================================================================
----------------- testing Wed Dec 11 06:35:16 UTC 2019 /home/travis/build/icyphy/ptII/ptolemy/actor/lib/test/auto/LazyAOCTestLazy.xml
----------------- Instantiating /home/travis/build/icyphy/ptII/ptolemy/actor/lib/test/auto/LazyAOCTestLazy.xml
16 ms. Memory: 425984K Free: 259187K (61%)
----------------- Invoking toplevel() on ptolemy.moml.MoMLSimpleApplication@6a53d28b
----------------- Done invoking toplevel() on ptolemy.moml.MoMLSimpleApplication@6a53d28b
reloadAllAccessors: .LazyAOCTestLazy

===========================================================================================
----------------- testing Wed Dec 11 06:35:16 UTC 2019 /home/travis/build/icyphy/ptII/ptolemy/actor/lib/test/auto/LazyAOCTestNonLazy.xml
----------------- Instantiating /home/travis/build/icyphy/ptII/ptolemy/actor/lib/test/auto/LazyAOCTestNonLazy.xml
2 ms. Memory: 425984K Free: 253057K (59%)
----------------- Invoking toplevel() on ptolemy.moml.MoMLSimpleApplication@3d7133b4
----------------- Done invoking toplevel() on ptolemy.moml.MoMLSimpleApplication@3d7133b4
reloadAllAccessors: .LazyAOCTestNonLazy

===========================================================================================
----------------- testing Wed Dec 11 06:35:16 UTC 2019 /home/travis/build/icyphy/ptII/ptolemy/actor/lib/test/auto/LazyInnerClass.xml
----------------- Instantiating /home/travis/build/icyphy/ptII/ptolemy/actor/lib/test/auto/LazyInnerClass.xml
10 ms. Memory: 425984K Free: 244355K (57%)
----------------- Invoking toplevel() on ptolemy.moml.MoMLSimpleApplication@4da560fc
----------------- Done invoking toplevel() on ptolemy.moml.MoMLSimpleApplication@4da560fc
reloadAllAccessors: .LazyInnerClass

===========================================================================================
----------------- testing Wed Dec 11 06:35:16 UTC 2019 /home/travis/build/icyphy/ptII/ptolemy/actor/lib/test/auto/LazyPubSub.xml
----------------- Instantiating /home/travis/build/icyphy/ptII/ptolemy/actor/lib/test/auto/LazyPubSub.xml
24 ms. Memory: 425984K Free: 234625K (55%)
----------------- Invoking toplevel() on ptolemy.moml.MoMLSimpleApplication@623b0f5d
----------------- Done invoking toplevel() on ptolemy.moml.MoMLSimpleApplication@623b0f5d
reloadAllAccessors: .LazyPubSub

===========================================================================================
----------------- testing Wed Dec 11 06:35:16 UTC 2019 /home/travis/build/icyphy/ptII/ptolemy/actor/lib/test/auto/LazyPubSub2.xml
----------------- Instantiating /home/travis/build/icyphy/ptII/ptolemy/actor/lib/test/auto/LazyPubSub2.xml
22 ms. Memory: 425984K Free: 224385K (53%)
----------------- Invoking toplevel() on ptolemy.moml.MoMLSimpleApplication@4ce236b6
----------------- Done invoking toplevel() on ptolemy.moml.MoMLSimpleApplication@4ce236b6
reloadAllAccessors: .LazyPubSub2

===========================================================================================
----------------- testing Wed Dec 11 06:35:16 UTC 2019 /home/travis/build/icyphy/ptII/ptolemy/actor/lib/test/auto/LazyPubSub3.xml
----------------- Instantiating /home/travis/build/icyphy/ptII/ptolemy/actor/lib/test/auto/LazyPubSub3.xml
15 ms. Memory: 425984K Free: 214659K (50%)
----------------- Invoking toplevel() on ptolemy.moml.MoMLSimpleApplication@77c158d3
----------------- Done invoking toplevel() on ptolemy.moml.MoMLSimpleApplication@77c158d3
reloadAllAccessors: .LazyPubSub3

===========================================================================================
----------------- testing Wed Dec 11 06:35:16 UTC 2019 /home/travis/build/icyphy/ptII/ptolemy/actor/lib/test/auto/LazySubClassModel.xml
----------------- Instantiating /home/travis/build/icyphy/ptII/ptolemy/actor/lib/test/auto/LazySubClassModel.xml
1 ms. Memory: 425984K Free: 205443K (48%)
----------------- Invoking toplevel() on ptolemy.moml.MoMLSimpleApplication@4ddb38f6
----------------- Done invoking toplevel() on ptolemy.moml.MoMLSimpleApplication@4ddb38f6
reloadAllAccessors: .LazySubClassModel

===========================================================================================
----------------- testing Wed Dec 11 06:35:16 UTC 2019 /home/travis/build/icyphy/ptII/ptolemy/actor/lib/test/auto/LevelCrossTest1.xml
----------------- Instantiating /home/travis/build/icyphy/ptII/ptolemy/actor/lib/test/auto/LevelCrossTest1.xml
1 ms. Memory: 425984K Free: 199809K (47%)
----------------- Invoking toplevel() on ptolemy.moml.MoMLSimpleApplication@5986073c
----------------- Done invoking toplevel() on ptolemy.moml.MoMLSimpleApplication@5986073c
reloadAllAccessors: .broken

===========================================================================================
----------------- testing Wed Dec 11 06:35:16 UTC 2019 /home/travis/build/icyphy/ptII/ptolemy/actor/lib/test/auto/LevelCrossTest10.xml
----------------- Instantiating /home/travis/build/icyphy/ptII/ptolemy/actor/lib/test/auto/LevelCrossTest10.xml
1 ms. Memory: 425984K Free: 192641K (45%)
----------------- Invoking toplevel() on ptolemy.moml.MoMLSimpleApplication@4aa4f2e
----------------- Done invoking toplevel() on ptolemy.moml.MoMLSimpleApplication@4aa4f2e
reloadAllAccessors: .LevelCrossTest10

===========================================================================================
----------------- testing Wed Dec 11 06:35:16 UTC 2019 /home/travis/build/icyphy/ptII/ptolemy/actor/lib/test/auto/LevelCrossTest11.xml
----------------- Instantiating /home/travis/build/icyphy/ptII/ptolemy/actor/lib/test/auto/LevelCrossTest11.xml
1 ms. Memory: 425984K Free: 185987K (44%)
----------------- Invoking toplevel() on ptolemy.moml.MoMLSimpleApplication@453bfdb2
----------------- Done invoking toplevel() on ptolemy.moml.MoMLSimpleApplication@453bfdb2
reloadAllAccessors: .LevelCrossTest11

===========================================================================================
----------------- testing Wed Dec 11 06:35:16 UTC 2019 /home/travis/build/icyphy/ptII/ptolemy/actor/lib/test/auto/LevelCrossTest12.xml
----------------- Instantiating /home/travis/build/icyphy/ptII/ptolemy/actor/lib/test/auto/LevelCrossTest12.xml
1 ms. Memory: 425984K Free: 178819K (42%)
----------------- Invoking toplevel() on ptolemy.moml.MoMLSimpleApplication@5291200e
----------------- Done invoking toplevel() on ptolemy.moml.MoMLSimpleApplication@5291200e
reloadAllAccessors: .LevelCrossTest12

===========================================================================================
----------------- testing Wed Dec 11 06:35:16 UTC 2019 /home/travis/build/icyphy/ptII/ptolemy/actor/lib/test/auto/LevelCrossTest13.xml
----------------- Instantiating /home/travis/build/icyphy/ptII/ptolemy/actor/lib/test/auto/LevelCrossTest13.xml
2 ms. Memory: 425984K Free: 171137K (40%)
----------------- Invoking toplevel() on ptolemy.moml.MoMLSimpleApplication@6f3e8e57
----------------- Done invoking toplevel() on ptolemy.moml.MoMLSimpleApplication@6f3e8e57
reloadAllAccessors: .LevelCrossTest13

===========================================================================================
----------------- testing Wed Dec 11 06:35:16 UTC 2019 /home/travis/build/icyphy/ptII/ptolemy/actor/lib/test/auto/LevelCrossTest2.xml
----------------- Instantiating /home/travis/build/icyphy/ptII/ptolemy/actor/lib/test/auto/LevelCrossTest2.xml
1 ms. Memory: 425984K Free: 164993K (39%)
----------------- Invoking toplevel() on ptolemy.moml.MoMLSimpleApplication@6883a68f
----------------- Done invoking toplevel() on ptolemy.moml.MoMLSimpleApplication@6883a68f
reloadAllAccessors: .broken

===========================================================================================
----------------- testing Wed Dec 11 06:35:16 UTC 2019 /home/travis/build/icyphy/ptII/ptolemy/actor/lib/test/auto/LevelCrossTest3.xml
----------------- Instantiating /home/travis/build/icyphy/ptII/ptolemy/actor/lib/test/auto/LevelCrossTest3.xml
1 ms. Memory: 425984K Free: 158339K (37%)
----------------- Invoking toplevel() on ptolemy.moml.MoMLSimpleApplication@1845a642
----------------- Done invoking toplevel() on ptolemy.moml.MoMLSimpleApplication@1845a642
reloadAllAccessors: .LevelCrossTest3

===========================================================================================
----------------- testing Wed Dec 11 06:35:16 UTC 2019 /home/travis/build/icyphy/ptII/ptolemy/actor/lib/test/auto/LevelCrossTest4.xml
----------------- Instantiating /home/travis/build/icyphy/ptII/ptolemy/actor/lib/test/auto/LevelCrossTest4.xml
1 ms. Memory: 425984K Free: 152705K (36%)
----------------- Invoking toplevel() on ptolemy.moml.MoMLSimpleApplication@220e6ffa
----------------- Done invoking toplevel() on ptolemy.moml.MoMLSimpleApplication@220e6ffa
reloadAllAccessors: .broken

===========================================================================================
----------------- testing Wed Dec 11 06:35:16 UTC 2019 /home/travis/build/icyphy/ptII/ptolemy/actor/lib/test/auto/LevelCrossTest5.xml
----------------- Instantiating /home/travis/build/icyphy/ptII/ptolemy/actor/lib/test/auto/LevelCrossTest5.xml
1 ms. Memory: 425984K Free: 146051K (34%)
----------------- Invoking toplevel() on ptolemy.moml.MoMLSimpleApplication@7417eb85
----------------- Done invoking toplevel() on ptolemy.moml.MoMLSimpleApplication@7417eb85
reloadAllAccessors: .LevelCrossTest5

===========================================================================================
----------------- testing Wed Dec 11 06:35:16 UTC 2019 /home/travis/build/icyphy/ptII/ptolemy/actor/lib/test/auto/LevelCrossTest6.xml
----------------- Instantiating /home/travis/build/icyphy/ptII/ptolemy/actor/lib/test/auto/LevelCrossTest6.xml
3 ms. Memory: 425984K Free: 138883K (33%)
----------------- Invoking toplevel() on ptolemy.moml.MoMLSimpleApplication@20e7a58e
----------------- Done invoking toplevel() on ptolemy.moml.MoMLSimpleApplication@20e7a58e
reloadAllAccessors: .LevelCrossTest6

===========================================================================================
----------------- testing Wed Dec 11 06:35:16 UTC 2019 /home/travis/build/icyphy/ptII/ptolemy/actor/lib/test/auto/LevelCrossTest7.xml
----------------- Instantiating /home/travis/build/icyphy/ptII/ptolemy/actor/lib/test/auto/LevelCrossTest7.xml
1 ms. Memory: 425984K Free: 130691K (31%)
----------------- Invoking toplevel() on ptolemy.moml.MoMLSimpleApplication@5c3961e4
----------------- Done invoking toplevel() on ptolemy.moml.MoMLSimpleApplication@5c3961e4
reloadAllAccessors: .LevelCrossTest7

===========================================================================================
----------------- testing Wed Dec 11 06:35:16 UTC 2019 /home/travis/build/icyphy/ptII/ptolemy/actor/lib/test/auto/LevelCrossTest8.xml
----------------- Instantiating /home/travis/build/icyphy/ptII/ptolemy/actor/lib/test/auto/LevelCrossTest8.xml
2 ms. Memory: 425984K Free: 375659K (88%)
----------------- Invoking toplevel() on ptolemy.moml.MoMLSimpleApplication@2fa770f0
----------------- Done invoking toplevel() on ptolemy.moml.MoMLSimpleApplication@2fa770f0
reloadAllAccessors: .LevelCrossTest8

===========================================================================================
----------------- testing Wed Dec 11 06:35:16 UTC 2019 /home/travis/build/icyphy/ptII/ptolemy/actor/lib/test/auto/LevelCrossTest9.xml
----------------- Instantiating /home/travis/build/icyphy/ptII/ptolemy/actor/lib/test/auto/LevelCrossTest9.xml
2 ms. Memory: 425984K Free: 368506K (87%)
----------------- Invoking toplevel() on ptolemy.moml.MoMLSimpleApplication@7802930e
----------------- Done invoking toplevel() on ptolemy.moml.MoMLSimpleApplication@7802930e
reloadAllAccessors: .LevelCrossTest9

===========================================================================================
----------------- testing Wed Dec 11 06:35:16 UTC 2019 /home/travis/build/icyphy/ptII/ptolemy/actor/lib/test/auto/LevinsonDurbin.xml
----------------- Instantiating /home/travis/build/icyphy/ptII/ptolemy/actor/lib/test/auto/LevinsonDurbin.xml
4 ms. Memory: 425984K Free: 364410K (86%)
----------------- Invoking toplevel() on ptolemy.moml.MoMLSimpleApplication@70b49ed6
----------------- Done invoking toplevel() on ptolemy.moml.MoMLSimpleApplication@70b49ed6
reloadAllAccessors: .LevinsonDurbin

===========================================================================================
----------------- testing Wed Dec 11 06:35:16 UTC 2019 /home/travis/build/icyphy/ptII/ptolemy/actor/lib/test/auto/LevinsonDurbin2.xml
----------------- Instantiating /home/travis/build/icyphy/ptII/ptolemy/actor/lib/test/auto/LevinsonDurbin2.xml
2 ms. Memory: 425984K Free: 360314K (85%)
----------------- Invoking toplevel() on ptolemy.moml.MoMLSimpleApplication@47a05e9d
----------------- Done invoking toplevel() on ptolemy.moml.MoMLSimpleApplication@47a05e9d
reloadAllAccessors: .LevinsonDurbin2

===========================================================================================
----------------- testing Wed Dec 11 06:35:16 UTC 2019 /home/travis/build/icyphy/ptII/ptolemy/actor/lib/test/auto/LevinsonDurbin3.xml
----------------- Instantiating /home/travis/build/icyphy/ptII/ptolemy/actor/lib/test/auto/LevinsonDurbin3.xml
2 ms. Memory: 425984K Free: 356218K (84%)
----------------- Invoking toplevel() on ptolemy.moml.MoMLSimpleApplication@18dd4840
----------------- Done invoking toplevel() on ptolemy.moml.MoMLSimpleApplication@18dd4840
reloadAllAccessors: .LevinsonDurbin3

===========================================================================================
----------------- testing Wed Dec 11 06:35:16 UTC 2019 /home/travis/build/icyphy/ptII/ptolemy/actor/lib/test/auto/Limiter.xml
----------------- Instantiating /home/travis/build/icyphy/ptII/ptolemy/actor/lib/test/auto/Limiter.xml
4 ms. Memory: 425984K Free: 346995K (81%)
----------------- Invoking toplevel() on ptolemy.moml.MoMLSimpleApplication@403e47ef
----------------- Done invoking toplevel() on ptolemy.moml.MoMLSimpleApplication@403e47ef
reloadAllAccessors: .Limiter

===========================================================================================
----------------- testing Wed Dec 11 06:35:16 UTC 2019 /home/travis/build/icyphy/ptII/ptolemy/actor/lib/test/auto/LinearDifferenceEquationSystem.xml
----------------- Instantiating /home/travis/build/icyphy/ptII/ptolemy/actor/lib/test/auto/LinearDifferenceEquationSystem.xml
14 ms. Memory: 425984K Free: 339834K (80%)
----------------- Invoking toplevel() on ptolemy.moml.MoMLSimpleApplication@3c423ed7
----------------- Done invoking toplevel() on ptolemy.moml.MoMLSimpleApplication@3c423ed7
reloadAllAccessors: .LinearDifferenceEquationSystem

===========================================================================================
----------------- testing Wed Dec 11 06:35:16 UTC 2019 /home/travis/build/icyphy/ptII/ptolemy/actor/lib/test/auto/LookupTable.xml
----------------- Instantiating /home/travis/build/icyphy/ptII/ptolemy/actor/lib/test/auto/LookupTable.xml
2 ms. Memory: 425984K Free: 335228K (79%)
----------------- Invoking toplevel() on ptolemy.moml.MoMLSimpleApplication@6dad4363
----------------- Done invoking toplevel() on ptolemy.moml.MoMLSimpleApplication@6dad4363
reloadAllAccessors: .LookupTable

===========================================================================================
----------------- testing Wed Dec 11 06:35:16 UTC 2019 /home/travis/build/icyphy/ptII/ptolemy/actor/lib/test/auto/MathFunction.xml
----------------- Instantiating /home/travis/build/icyphy/ptII/ptolemy/actor/lib/test/auto/MathFunction.xml
3 ms. Memory: 425984K Free: 327036K (77%)
----------------- Invoking toplevel() on ptolemy.moml.MoMLSimpleApplication@23cfb4c1
----------------- Done invoking toplevel() on ptolemy.moml.MoMLSimpleApplication@23cfb4c1
reloadAllAccessors: .MathFunction

===========================================================================================
----------------- testing Wed Dec 11 06:35:16 UTC 2019 /home/travis/build/icyphy/ptII/ptolemy/actor/lib/test/auto/MathFunction2.xml
----------------- Instantiating /home/travis/build/icyphy/ptII/ptolemy/actor/lib/test/auto/MathFunction2.xml
1 ms. Memory: 425984K Free: 322940K (76%)
----------------- Invoking toplevel() on ptolemy.moml.MoMLSimpleApplication@5a83bb34
----------------- Done invoking toplevel() on ptolemy.moml.MoMLSimpleApplication@5a83bb34
reloadAllAccessors: .MathFunction2

===========================================================================================
----------------- testing Wed Dec 11 06:35:16 UTC 2019 /home/travis/build/icyphy/ptII/ptolemy/actor/lib/test/auto/MathFunction3.xml
----------------- Instantiating /home/travis/build/icyphy/ptII/ptolemy/actor/lib/test/auto/MathFunction3.xml
2 ms. Memory: 425984K Free: 315772K (74%)
----------------- Invoking toplevel() on ptolemy.moml.MoMLSimpleApplication@c98b4db
----------------- Done invoking toplevel() on ptolemy.moml.MoMLSimpleApplication@c98b4db
reloadAllAccessors: .MathFunction3

===========================================================================================
----------------- testing Wed Dec 11 06:35:16 UTC 2019 /home/travis/build/icyphy/ptII/ptolemy/actor/lib/test/auto/MatrixCropBoolean.xml
----------------- Instantiating /home/travis/build/icyphy/ptII/ptolemy/actor/lib/test/auto/MatrixCropBoolean.xml
2 ms. Memory: 425984K Free: 310652K (73%)
----------------- Invoking toplevel() on ptolemy.moml.MoMLSimpleApplication@35148c2c
----------------- Done invoking toplevel() on ptolemy.moml.MoMLSimpleApplication@35148c2c
reloadAllAccessors: .MatrixCropBoolean

===========================================================================================
----------------- testing Wed Dec 11 06:35:16 UTC 2019 /home/travis/build/icyphy/ptII/ptolemy/actor/lib/test/auto/MatrixCropComplex.xml
----------------- Instantiating /home/travis/build/icyphy/ptII/ptolemy/actor/lib/test/auto/MatrixCropComplex.xml
2 ms. Memory: 425984K Free: 305532K (72%)
----------------- Invoking toplevel() on ptolemy.moml.MoMLSimpleApplication@7527371e
----------------- Done invoking toplevel() on ptolemy.moml.MoMLSimpleApplication@7527371e
reloadAllAccessors: .MatrixCropComplex

===========================================================================================
----------------- testing Wed Dec 11 06:35:16 UTC 2019 /home/travis/build/icyphy/ptII/ptolemy/actor/lib/test/auto/MatrixCropDouble.xml
----------------- Instantiating /home/travis/build/icyphy/ptII/ptolemy/actor/lib/test/auto/MatrixCropDouble.xml
2 ms. Memory: 425984K Free: 300412K (71%)
----------------- Invoking toplevel() on ptolemy.moml.MoMLSimpleApplication@74f5e2c2
----------------- Done invoking toplevel() on ptolemy.moml.MoMLSimpleApplication@74f5e2c2
reloadAllAccessors: .MatrixCropDouble

===========================================================================================
----------------- testing Wed Dec 11 06:35:17 UTC 2019 /home/travis/build/icyphy/ptII/ptolemy/actor/lib/test/auto/MatrixCropFix.xml
----------------- Instantiating /home/travis/build/icyphy/ptII/ptolemy/actor/lib/test/auto/MatrixCropFix.xml
2 ms. Memory: 425984K Free: 295292K (69%)
----------------- Invoking toplevel() on ptolemy.moml.MoMLSimpleApplication@6e14fb14
----------------- Done invoking toplevel() on ptolemy.moml.MoMLSimpleApplication@6e14fb14
reloadAllAccessors: .MatrixCropFix

===========================================================================================
----------------- testing Wed Dec 11 06:35:17 UTC 2019 /home/travis/build/icyphy/ptII/ptolemy/actor/lib/test/auto/MatrixCropInt.xml
----------------- Instantiating /home/travis/build/icyphy/ptII/ptolemy/actor/lib/test/auto/MatrixCropInt.xml
2 ms. Memory: 425984K Free: 290675K (68%)
----------------- Invoking toplevel() on ptolemy.moml.MoMLSimpleApplication@74c42b31
----------------- Done invoking toplevel() on ptolemy.moml.MoMLSimpleApplication@74c42b31
reloadAllAccessors: .MatrixCropInt

===========================================================================================
----------------- testing Wed Dec 11 06:35:17 UTC 2019 /home/travis/build/icyphy/ptII/ptolemy/actor/lib/test/auto/MatrixCropLong.xml
----------------- Instantiating /home/travis/build/icyphy/ptII/ptolemy/actor/lib/test/auto/MatrixCropLong.xml
3 ms. Memory: 425984K Free: 285531K (67%)
----------------- Invoking toplevel() on ptolemy.moml.MoMLSimpleApplication@5725f47f
----------------- Done invoking toplevel() on ptolemy.moml.MoMLSimpleApplication@5725f47f
reloadAllAccessors: .MatrixCropLong

===========================================================================================
----------------- testing Wed Dec 11 06:35:17 UTC 2019 /home/travis/build/icyphy/ptII/ptolemy/actor/lib/test/auto/MatrixToArray.xml
----------------- Instantiating /home/travis/build/icyphy/ptII/ptolemy/actor/lib/test/auto/MatrixToArray.xml
8 ms. Memory: 425984K Free: 270202K (63%)
----------------- Invoking toplevel() on ptolemy.moml.MoMLSimpleApplication@549ded62
----------------- Done invoking toplevel() on ptolemy.moml.MoMLSimpleApplication@549ded62
reloadAllAccessors: .MatrixToArray

===========================================================================================
----------------- testing Wed Dec 11 06:35:17 UTC 2019 /home/travis/build/icyphy/ptII/ptolemy/actor/lib/test/auto/MaxIndex.xml
----------------- Instantiating /home/travis/build/icyphy/ptII/ptolemy/actor/lib/test/auto/MaxIndex.xml
2 ms. Memory: 425984K Free: 265082K (62%)
----------------- Invoking toplevel() on ptolemy.moml.MoMLSimpleApplication@69e4e672
----------------- Done invoking toplevel() on ptolemy.moml.MoMLSimpleApplication@69e4e672
reloadAllAccessors: .MaxIndex

===========================================================================================
----------------- testing Wed Dec 11 06:35:17 UTC 2019 /home/travis/build/icyphy/ptII/ptolemy/actor/lib/test/auto/Maximum.xml
----------------- Instantiating /home/travis/build/icyphy/ptII/ptolemy/actor/lib/test/auto/Maximum.xml
6 ms. Memory: 425984K Free: 258428K (61%)
----------------- Invoking toplevel() on ptolemy.moml.MoMLSimpleApplication@437b1e52
----------------- Done invoking toplevel() on ptolemy.moml.MoMLSimpleApplication@437b1e52
reloadAllAccessors: .Maximum

===========================================================================================
----------------- testing Wed Dec 11 06:35:17 UTC 2019 /home/travis/build/icyphy/ptII/ptolemy/actor/lib/test/auto/MaximumComplex.xml
----------------- Instantiating /home/travis/build/icyphy/ptII/ptolemy/actor/lib/test/auto/MaximumComplex.xml
5 ms. Memory: 425984K Free: 252284K (59%)
----------------- Invoking toplevel() on ptolemy.moml.MoMLSimpleApplication@1d8bf559
----------------- Done invoking toplevel() on ptolemy.moml.MoMLSimpleApplication@1d8bf559
reloadAllAccessors: .MaximumComplex

===========================================================================================
----------------- testing Wed Dec 11 06:35:17 UTC 2019 /home/travis/build/icyphy/ptII/ptolemy/actor/lib/test/auto/MethodCallTest.xml
----------------- Instantiating /home/travis/build/icyphy/ptII/ptolemy/actor/lib/test/auto/MethodCallTest.xml
3 ms. Memory: 425984K Free: 245626K (58%)
----------------- Invoking toplevel() on ptolemy.moml.MoMLSimpleApplication@44d0f53f
----------------- Done invoking toplevel() on ptolemy.moml.MoMLSimpleApplication@44d0f53f
reloadAllAccessors: .MethodCallTest

===========================================================================================
----------------- testing Wed Dec 11 06:35:17 UTC 2019 /home/travis/build/icyphy/ptII/ptolemy/actor/lib/test/auto/Minimum.xml
----------------- Instantiating /home/travis/build/icyphy/ptII/ptolemy/actor/lib/test/auto/Minimum.xml
3 ms. Memory: 425984K Free: 238972K (56%)
----------------- Invoking toplevel() on ptolemy.moml.MoMLSimpleApplication@709f52b5
----------------- Done invoking toplevel() on ptolemy.moml.MoMLSimpleApplication@709f52b5
reloadAllAccessors: .Minimum

===========================================================================================
----------------- testing Wed Dec 11 06:35:17 UTC 2019 /home/travis/build/icyphy/ptII/ptolemy/actor/lib/test/auto/MinimumComplex.xml
----------------- Instantiating /home/travis/build/icyphy/ptII/ptolemy/actor/lib/test/auto/MinimumComplex.xml
4 ms. Memory: 425984K Free: 232828K (55%)
----------------- Invoking toplevel() on ptolemy.moml.MoMLSimpleApplication@3f12c0e5
----------------- Done invoking toplevel() on ptolemy.moml.MoMLSimpleApplication@3f12c0e5
reloadAllAccessors: .MinimumComplex

===========================================================================================
----------------- testing Wed Dec 11 06:35:17 UTC 2019 /home/travis/build/icyphy/ptII/ptolemy/actor/lib/test/auto/MinimumMultiports.xml
----------------- Instantiating /home/travis/build/icyphy/ptII/ptolemy/actor/lib/test/auto/MinimumMultiports.xml
3 ms. Memory: 425984K Free: 224107K (53%)
----------------- Invoking toplevel() on ptolemy.moml.MoMLSimpleApplication@33d7ec0
----------------- Done invoking toplevel() on ptolemy.moml.MoMLSimpleApplication@33d7ec0
reloadAllAccessors: .MinimumMultiports

===========================================================================================
----------------- testing Wed Dec 11 06:35:17 UTC 2019 /home/travis/build/icyphy/ptII/ptolemy/actor/lib/test/auto/ModifyDate.xml
----------------- Instantiating /home/travis/build/icyphy/ptII/ptolemy/actor/lib/test/auto/ModifyDate.xml
7 ms. Memory: 425984K Free: 211324K (50%)
----------------- Invoking toplevel() on ptolemy.moml.MoMLSimpleApplication@1c3fecdb
----------------- Done invoking toplevel() on ptolemy.moml.MoMLSimpleApplication@1c3fecdb
reloadAllAccessors: .ModifyDate

===========================================================================================
----------------- testing Wed Dec 11 06:35:17 UTC 2019 /home/travis/build/icyphy/ptII/ptolemy/actor/lib/test/auto/ModifyDate2.xml
----------------- Instantiating /home/travis/build/icyphy/ptII/ptolemy/actor/lib/test/auto/ModifyDate2.xml
5 ms. Memory: 425984K Free: 202618K (48%)
----------------- Invoking toplevel() on ptolemy.moml.MoMLSimpleApplication@3f10651
----------------- Done invoking toplevel() on ptolemy.moml.MoMLSimpleApplication@3f10651
reloadAllAccessors: .ModifyDate2

===========================================================================================
----------------- testing Wed Dec 11 06:35:17 UTC 2019 /home/travis/build/icyphy/ptII/ptolemy/actor/lib/test/auto/MovingAverage.xml
----------------- Instantiating /home/travis/build/icyphy/ptII/ptolemy/actor/lib/test/auto/MovingAverage.xml
1 ms. Memory: 425984K Free: 197498K (46%)
----------------- Invoking toplevel() on ptolemy.moml.MoMLSimpleApplication@6df62b8e
----------------- Done invoking toplevel() on ptolemy.moml.MoMLSimpleApplication@6df62b8e
reloadAllAccessors: .MovingAverage

===========================================================================================
----------------- testing Wed Dec 11 06:35:17 UTC 2019 /home/travis/build/icyphy/ptII/ptolemy/actor/lib/test/auto/MovingMaximum.xml
----------------- Instantiating /home/travis/build/icyphy/ptII/ptolemy/actor/lib/test/auto/MovingMaximum.xml
1 ms. Memory: 425984K Free: 192892K (45%)
----------------- Invoking toplevel() on ptolemy.moml.MoMLSimpleApplication@37401c98
----------------- Done invoking toplevel() on ptolemy.moml.MoMLSimpleApplication@37401c98
reloadAllAccessors: .MovingMaximum

===========================================================================================
----------------- testing Wed Dec 11 06:35:17 UTC 2019 /home/travis/build/icyphy/ptII/ptolemy/actor/lib/test/auto/MultipleLinksToSameRelation.xml
----------------- Instantiating /home/travis/build/icyphy/ptII/ptolemy/actor/lib/test/auto/MultipleLinksToSameRelation.xml
4 ms. Memory: 425984K Free: 188796K (44%)
----------------- Invoking toplevel() on ptolemy.moml.MoMLSimpleApplication@7cc9358b
----------------- Done invoking toplevel() on ptolemy.moml.MoMLSimpleApplication@7cc9358b
reloadAllAccessors: .MultipleLinksToSameRelation

===========================================================================================
----------------- testing Wed Dec 11 06:35:17 UTC 2019 /home/travis/build/icyphy/ptII/ptolemy/actor/lib/test/auto/MultipleLinksToSameRelationDE.xml
----------------- Instantiating /home/travis/build/icyphy/ptII/ptolemy/actor/lib/test/auto/MultipleLinksToSameRelationDE.xml
11 ms. Memory: 425984K Free: 184171K (43%)
----------------- Invoking toplevel() on ptolemy.moml.MoMLSimpleApplication@1ce50578
----------------- Done invoking toplevel() on ptolemy.moml.MoMLSimpleApplication@1ce50578
reloadAllAccessors: .MultipleLinksToSameRelationDE

===========================================================================================
----------------- testing Wed Dec 11 06:35:17 UTC 2019 /home/travis/build/icyphy/ptII/ptolemy/actor/lib/test/auto/Multiplexor.xml
----------------- Instantiating /home/travis/build/icyphy/ptII/ptolemy/actor/lib/test/auto/Multiplexor.xml
2 ms. Memory: 425984K Free: 178556K (42%)
----------------- Invoking toplevel() on ptolemy.moml.MoMLSimpleApplication@1dbbc7a7
----------------- Done invoking toplevel() on ptolemy.moml.MoMLSimpleApplication@1dbbc7a7
reloadAllAccessors: .Multiplexor

===========================================================================================
----------------- testing Wed Dec 11 06:35:17 UTC 2019 /home/travis/build/icyphy/ptII/ptolemy/actor/lib/test/auto/Multiplexor1.xml
----------------- Instantiating /home/travis/build/icyphy/ptII/ptolemy/actor/lib/test/auto/Multiplexor1.xml
2 ms. Memory: 425984K Free: 172915K (41%)
----------------- Invoking toplevel() on ptolemy.moml.MoMLSimpleApplication@2afb38
----------------- Done invoking toplevel() on ptolemy.moml.MoMLSimpleApplication@2afb38
reloadAllAccessors: .Multiplexor1

===========================================================================================
----------------- testing Wed Dec 11 06:35:17 UTC 2019 /home/travis/build/icyphy/ptII/ptolemy/actor/lib/test/auto/Multiplexor2.xml
----------------- Instantiating /home/travis/build/icyphy/ptII/ptolemy/actor/lib/test/auto/Multiplexor2.xml
2 ms. Memory: 425984K Free: 166268K (39%)
----------------- Invoking toplevel() on ptolemy.moml.MoMLSimpleApplication@43807762
----------------- Done invoking toplevel() on ptolemy.moml.MoMLSimpleApplication@43807762
reloadAllAccessors: .Multiplexor2

===========================================================================================
----------------- testing Wed Dec 11 06:35:17 UTC 2019 /home/travis/build/icyphy/ptII/ptolemy/actor/lib/test/auto/Multiplexor3.xml
----------------- Instantiating /home/travis/build/icyphy/ptII/ptolemy/actor/lib/test/auto/Multiplexor3.xml
2 ms. Memory: 425984K Free: 162172K (38%)
----------------- Invoking toplevel() on ptolemy.moml.MoMLSimpleApplication@30021a45
----------------- Done invoking toplevel() on ptolemy.moml.MoMLSimpleApplication@30021a45
reloadAllAccessors: .Multiplexor3

===========================================================================================
----------------- testing Wed Dec 11 06:35:17 UTC 2019 /home/travis/build/icyphy/ptII/ptolemy/actor/lib/test/auto/MultiplexorDE.xml
----------------- Instantiating /home/travis/build/icyphy/ptII/ptolemy/actor/lib/test/auto/MultiplexorDE.xml
3 ms. Memory: 425984K Free: 154459K (36%)
----------------- Invoking toplevel() on ptolemy.moml.MoMLSimpleApplication@113a5c13
----------------- Done invoking toplevel() on ptolemy.moml.MoMLSimpleApplication@113a5c13
reloadAllAccessors: .MultiplexorDE

===========================================================================================
----------------- testing Wed Dec 11 06:35:17 UTC 2019 /home/travis/build/icyphy/ptII/ptolemy/actor/lib/test/auto/MultiportBroadcastTest.xml
----------------- Instantiating /home/travis/build/icyphy/ptII/ptolemy/actor/lib/test/auto/MultiportBroadcastTest.xml
87 ms. Memory: 425984K Free: 148346K (35%)
----------------- Invoking toplevel() on ptolemy.moml.MoMLSimpleApplication@240e172e
----------------- Done invoking toplevel() on ptolemy.moml.MoMLSimpleApplication@240e172e
reloadAllAccessors: .MultiportBroadcastTest

===========================================================================================
----------------- testing Wed Dec 11 06:35:17 UTC 2019 /home/travis/build/icyphy/ptII/ptolemy/actor/lib/test/auto/MultiportOutHangDuringGetWidth.xml
----------------- Instantiating /home/travis/build/icyphy/ptII/ptolemy/actor/lib/test/auto/MultiportOutHangDuringGetWidth.xml
5 ms. Memory: 425984K Free: 136043K (32%)
----------------- Invoking toplevel() on ptolemy.moml.MoMLSimpleApplication@6509fa0e
----------------- Done invoking toplevel() on ptolemy.moml.MoMLSimpleApplication@6509fa0e
reloadAllAccessors: .MultiportOutHangDuringGetWidth

===========================================================================================
----------------- testing Wed Dec 11 06:35:17 UTC 2019 /home/travis/build/icyphy/ptII/ptolemy/actor/lib/test/auto/NilToken.xml
----------------- Instantiating /home/travis/build/icyphy/ptII/ptolemy/actor/lib/test/auto/NilToken.xml
1 ms. Memory: 425984K Free: 131452K (31%)
----------------- Invoking toplevel() on ptolemy.moml.MoMLSimpleApplication@608ca623
----------------- Done invoking toplevel() on ptolemy.moml.MoMLSimpleApplication@608ca623
reloadAllAccessors: .NilToken

===========================================================================================
----------------- testing Wed Dec 11 06:35:17 UTC 2019 /home/travis/build/icyphy/ptII/ptolemy/actor/lib/test/auto/NilTokenNonStrictTest.xml
----------------- Instantiating /home/travis/build/icyphy/ptII/ptolemy/actor/lib/test/auto/NilTokenNonStrictTest.xml
2 ms. Memory: 425984K Free: 126842K (30%)
----------------- Invoking toplevel() on ptolemy.moml.MoMLSimpleApplication@5f64e342
----------------- Done invoking toplevel() on ptolemy.moml.MoMLSimpleApplication@5f64e342
reloadAllAccessors: .NilTokenNonStrictTest

===========================================================================================
----------------- testing Wed Dec 11 06:35:17 UTC 2019 /home/travis/build/icyphy/ptII/ptolemy/actor/lib/test/auto/NilTokenRecord.xml
----------------- Instantiating /home/travis/build/icyphy/ptII/ptolemy/actor/lib/test/auto/NilTokenRecord.xml
7 ms. Memory: 425984K Free: 371319K (87%)
----------------- Invoking toplevel() on ptolemy.moml.MoMLSimpleApplication@24f513b3
----------------- Done invoking toplevel() on ptolemy.moml.MoMLSimpleApplication@24f513b3
reloadAllAccessors: .NilTokenRecord

===========================================================================================
----------------- testing Wed Dec 11 06:35:17 UTC 2019 /home/travis/build/icyphy/ptII/ptolemy/actor/lib/test/auto/NilTokenTypeTest.xml
----------------- Instantiating /home/travis/build/icyphy/ptII/ptolemy/actor/lib/test/auto/NilTokenTypeTest.xml
13 ms. Memory: 425984K Free: 361589K (85%)
----------------- Invoking toplevel() on ptolemy.moml.MoMLSimpleApplication@2e5865fb
----------------- Done invoking toplevel() on ptolemy.moml.MoMLSimpleApplication@2e5865fb
reloadAllAccessors: .NilTokenTypeTest

===========================================================================================
----------------- testing Wed Dec 11 06:35:17 UTC 2019 /home/travis/build/icyphy/ptII/ptolemy/actor/lib/test/auto/ObjectToken1.xml
----------------- Instantiating /home/travis/build/icyphy/ptII/ptolemy/actor/lib/test/auto/ObjectToken1.xml
3 ms. Memory: 425984K Free: 357493K (84%)
----------------- Invoking toplevel() on ptolemy.moml.MoMLSimpleApplication@7bbd1ba3
----------------- Done invoking toplevel() on ptolemy.moml.MoMLSimpleApplication@7bbd1ba3
reloadAllAccessors: .ObjectToken1

===========================================================================================
----------------- testing Wed Dec 11 06:35:17 UTC 2019 /home/travis/build/icyphy/ptII/ptolemy/actor/lib/test/auto/OrderedMerge.xml
----------------- Instantiating /home/travis/build/icyphy/ptII/ptolemy/actor/lib/test/auto/OrderedMerge.xml
17 ms. Memory: 425984K Free: 351863K (83%)
----------------- Invoking toplevel() on ptolemy.moml.MoMLSimpleApplication@73275deb
----------------- Done invoking toplevel() on ptolemy.moml.MoMLSimpleApplication@73275deb
reloadAllAccessors: .OrderedMerge

===========================================================================================
----------------- testing Wed Dec 11 06:35:17 UTC 2019 /home/travis/build/icyphy/ptII/ptolemy/actor/lib/test/auto/OrderedRecordDisassembler.xml
----------------- Instantiating /home/travis/build/icyphy/ptII/ptolemy/actor/lib/test/auto/OrderedRecordDisassembler.xml
4 ms. Memory: 425984K Free: 346743K (81%)
----------------- Invoking toplevel() on ptolemy.moml.MoMLSimpleApplication@155bb134
----------------- Done invoking toplevel() on ptolemy.moml.MoMLSimpleApplication@155bb134
reloadAllAccessors: .OrderedRecordDisassembler

===========================================================================================
----------------- testing Wed Dec 11 06:35:17 UTC 2019 /home/travis/build/icyphy/ptII/ptolemy/actor/lib/test/auto/OrderedRecordDisassembler2.xml
----------------- Instantiating /home/travis/build/icyphy/ptII/ptolemy/actor/lib/test/auto/OrderedRecordDisassembler2.xml
4 ms. Memory: 425984K Free: 339046K (80%)
----------------- Invoking toplevel() on ptolemy.moml.MoMLSimpleApplication@3b35a1c7
----------------- Done invoking toplevel() on ptolemy.moml.MoMLSimpleApplication@3b35a1c7
reloadAllAccessors: .OrderedRecordDisassembler2

===========================================================================================
----------------- testing Wed Dec 11 06:35:17 UTC 2019 /home/travis/build/icyphy/ptII/ptolemy/actor/lib/test/auto/OrderedRecordUpdater.xml
----------------- Instantiating /home/travis/build/icyphy/ptII/ptolemy/actor/lib/test/auto/OrderedRecordUpdater.xml
2 ms. Memory: 425984K Free: 333941K (78%)
----------------- Invoking toplevel() on ptolemy.moml.MoMLSimpleApplication@6135ae34
----------------- Done invoking toplevel() on ptolemy.moml.MoMLSimpleApplication@6135ae34
reloadAllAccessors: .RecordUpdater

===========================================================================================
----------------- testing Wed Dec 11 06:35:17 UTC 2019 /home/travis/build/icyphy/ptII/ptolemy/actor/lib/test/auto/OrderedRecordUpdater2.xml
----------------- Instantiating /home/travis/build/icyphy/ptII/ptolemy/actor/lib/test/auto/OrderedRecordUpdater2.xml
3 ms. Memory: 425984K Free: 328821K (77%)
----------------- Invoking toplevel() on ptolemy.moml.MoMLSimpleApplication@4953bfd5
----------------- Done invoking toplevel() on ptolemy.moml.MoMLSimpleApplication@4953bfd5
reloadAllAccessors: .RecordUpdater2

===========================================================================================
----------------- testing Wed Dec 11 06:35:17 UTC 2019 /home/travis/build/icyphy/ptII/ptolemy/actor/lib/test/auto/PhaseUnwrap.xml
----------------- Instantiating /home/travis/build/icyphy/ptII/ptolemy/actor/lib/test/auto/PhaseUnwrap.xml
2 ms. Memory: 425984K Free: 324215K (76%)
----------------- Invoking toplevel() on ptolemy.moml.MoMLSimpleApplication@58a45cb4
----------------- Done invoking toplevel() on ptolemy.moml.MoMLSimpleApplication@58a45cb4
reloadAllAccessors: .PhaseUnwrap

===========================================================================================
----------------- testing Wed Dec 11 06:35:17 UTC 2019 /home/travis/build/icyphy/ptII/ptolemy/actor/lib/test/auto/PoissonClock.xml
----------------- Instantiating /home/travis/build/icyphy/ptII/ptolemy/actor/lib/test/auto/PoissonClock.xml
1 ms. Memory: 425984K Free: 320119K (75%)
----------------- Invoking toplevel() on ptolemy.moml.MoMLSimpleApplication@7212319f
----------------- Done invoking toplevel() on ptolemy.moml.MoMLSimpleApplication@7212319f
reloadAllAccessors: .PoissonClock

===========================================================================================
----------------- testing Wed Dec 11 06:35:17 UTC 2019 /home/travis/build/icyphy/ptII/ptolemy/actor/lib/test/auto/PoissonClock2.xml
----------------- Instantiating /home/travis/build/icyphy/ptII/ptolemy/actor/lib/test/auto/PoissonClock2.xml
1 ms. Memory: 425984K Free: 316023K (74%)
----------------- Invoking toplevel() on ptolemy.moml.MoMLSimpleApplication@1b815464
----------------- Done invoking toplevel() on ptolemy.moml.MoMLSimpleApplication@1b815464
reloadAllAccessors: .PoissonClock2

===========================================================================================
----------------- testing Wed Dec 11 06:35:17 UTC 2019 /home/travis/build/icyphy/ptII/ptolemy/actor/lib/test/auto/PoissonClock3.xml
----------------- Instantiating /home/travis/build/icyphy/ptII/ptolemy/actor/lib/test/auto/PoissonClock3.xml
1 ms. Memory: 425984K Free: 311413K (73%)
----------------- Invoking toplevel() on ptolemy.moml.MoMLSimpleApplication@5575fe57
----------------- Done invoking toplevel() on ptolemy.moml.MoMLSimpleApplication@5575fe57
reloadAllAccessors: .PoissonClock3

===========================================================================================
----------------- testing Wed Dec 11 06:35:18 UTC 2019 /home/travis/build/icyphy/ptII/ptolemy/actor/lib/test/auto/PubSubWithInitialTokens.xml
----------------- Instantiating /home/travis/build/icyphy/ptII/ptolemy/actor/lib/test/auto/PubSubWithInitialTokens.xml
3 ms. Memory: 425984K Free: 305783K (72%)
----------------- Invoking toplevel() on ptolemy.moml.MoMLSimpleApplication@1aba371b
----------------- Done invoking toplevel() on ptolemy.moml.MoMLSimpleApplication@1aba371b
reloadAllAccessors: .PubSubWithInitialTokens

===========================================================================================
----------------- testing Wed Dec 11 06:35:18 UTC 2019 /home/travis/build/icyphy/ptII/ptolemy/actor/lib/test/auto/PubSubWithInitialTokens2.xml
----------------- Instantiating /home/travis/build/icyphy/ptII/ptolemy/actor/lib/test/auto/PubSubWithInitialTokens2.xml
5 ms. Memory: 425984K Free: 299110K (70%)
----------------- Invoking toplevel() on ptolemy.moml.MoMLSimpleApplication@8c751cb
----------------- Done invoking toplevel() on ptolemy.moml.MoMLSimpleApplication@8c751cb
reloadAllAccessors: .PubSubWithInitialTokens2

===========================================================================================
----------------- testing Wed Dec 11 06:35:18 UTC 2019 /home/travis/build/icyphy/ptII/ptolemy/actor/lib/test/auto/PublisherClassNoParameter.xml
----------------- Instantiating /home/travis/build/icyphy/ptII/ptolemy/actor/lib/test/auto/PublisherClassNoParameter.xml
2 ms. Memory: 425984K Free: 288870K (68%)
----------------- Invoking toplevel() on ptolemy.moml.MoMLSimpleApplication@fc468e9
----------------- Done invoking toplevel() on ptolemy.moml.MoMLSimpleApplication@fc468e9
reloadAllAccessors: .PublisherClassNoParameter

===========================================================================================
----------------- testing Wed Dec 11 06:35:18 UTC 2019 /home/travis/build/icyphy/ptII/ptolemy/actor/lib/test/auto/PublisherClassParameter.xml
----------------- Instantiating /home/travis/build/icyphy/ptII/ptolemy/actor/lib/test/auto/PublisherClassParameter.xml
2 ms. Memory: 425984K Free: 278645K (65%)
----------------- Invoking toplevel() on ptolemy.moml.MoMLSimpleApplication@e27a99e
----------------- Done invoking toplevel() on ptolemy.moml.MoMLSimpleApplication@e27a99e
reloadAllAccessors: .PublisherClassParameter

===========================================================================================
----------------- testing Wed Dec 11 06:35:18 UTC 2019 /home/travis/build/icyphy/ptII/ptolemy/actor/lib/test/auto/PublisherNonStrictTest.xml
----------------- Instantiating /home/travis/build/icyphy/ptII/ptolemy/actor/lib/test/auto/PublisherNonStrictTest.xml
3 ms. Memory: 425984K Free: 270967K (64%)
----------------- Invoking toplevel() on ptolemy.moml.MoMLSimpleApplication@1c12ea90
----------------- Done invoking toplevel() on ptolemy.moml.MoMLSimpleApplication@1c12ea90
reloadAllAccessors: .PublisherNonStrictTest

===========================================================================================
----------------- testing Wed Dec 11 06:35:18 UTC 2019 /home/travis/build/icyphy/ptII/ptolemy/actor/lib/test/auto/PublisherPort1.xml
----------------- Instantiating /home/travis/build/icyphy/ptII/ptolemy/actor/lib/test/auto/PublisherPort1.xml
2 ms. Memory: 425984K Free: 265302K (62%)
----------------- Invoking toplevel() on ptolemy.moml.MoMLSimpleApplication@24cedaec
----------------- Done invoking toplevel() on ptolemy.moml.MoMLSimpleApplication@24cedaec
reloadAllAccessors: .PublisherPort1

===========================================================================================
----------------- testing Wed Dec 11 06:35:18 UTC 2019 /home/travis/build/icyphy/ptII/ptolemy/actor/lib/test/auto/PublisherPort2.xml
----------------- Instantiating /home/travis/build/icyphy/ptII/ptolemy/actor/lib/test/auto/PublisherPort2.xml
1 ms. Memory: 425984K Free: 260213K (61%)
----------------- Invoking toplevel() on ptolemy.moml.MoMLSimpleApplication@2989c99b
----------------- Done invoking toplevel() on ptolemy.moml.MoMLSimpleApplication@2989c99b
reloadAllAccessors: .PublisherPort2

===========================================================================================
----------------- testing Wed Dec 11 06:35:18 UTC 2019 /home/travis/build/icyphy/ptII/ptolemy/actor/lib/test/auto/PublisherPort3.xml
----------------- Instantiating /home/travis/build/icyphy/ptII/ptolemy/actor/lib/test/auto/PublisherPort3.xml
14 ms. Memory: 425984K Free: 253559K (60%)
----------------- Invoking toplevel() on ptolemy.moml.MoMLSimpleApplication@66901044
----------------- Done invoking toplevel() on ptolemy.moml.MoMLSimpleApplication@66901044
reloadAllAccessors: .PublisherPort3

===========================================================================================
----------------- testing Wed Dec 11 06:35:18 UTC 2019 /home/travis/build/icyphy/ptII/ptolemy/actor/lib/test/auto/PublisherPort4.xml
----------------- Instantiating /home/travis/build/icyphy/ptII/ptolemy/actor/lib/test/auto/PublisherPort4.xml
2 ms. Memory: 425984K Free: 247918K (58%)
----------------- Invoking toplevel() on ptolemy.moml.MoMLSimpleApplication@292c9572
----------------- Done invoking toplevel() on ptolemy.moml.MoMLSimpleApplication@292c9572
reloadAllAccessors: .PublisherPort4

===========================================================================================
----------------- testing Wed Dec 11 06:35:18 UTC 2019 /home/travis/build/icyphy/ptII/ptolemy/actor/lib/test/auto/PublisherPort5.xml
----------------- Instantiating /home/travis/build/icyphy/ptII/ptolemy/actor/lib/test/auto/PublisherPort5.xml
3 ms. Memory: 425984K Free: 240247K (56%)
----------------- Invoking toplevel() on ptolemy.moml.MoMLSimpleApplication@12e74f4a
----------------- Done invoking toplevel() on ptolemy.moml.MoMLSimpleApplication@12e74f4a
reloadAllAccessors: .PublisherPort5

===========================================================================================
----------------- testing Wed Dec 11 06:35:18 UTC 2019 /home/travis/build/icyphy/ptII/ptolemy/actor/lib/test/auto/PublisherPort5LookAlike.xml
----------------- Instantiating /home/travis/build/icyphy/ptII/ptolemy/actor/lib/test/auto/PublisherPort5LookAlike.xml
9 ms. Memory: 425984K Free: 232055K (54%)
----------------- Invoking toplevel() on ptolemy.moml.MoMLSimpleApplication@92932d6
----------------- Done invoking toplevel() on ptolemy.moml.MoMLSimpleApplication@92932d6
reloadAllAccessors: .PublisherPort5LookAlike

===========================================================================================
----------------- testing Wed Dec 11 06:35:18 UTC 2019 /home/travis/build/icyphy/ptII/ptolemy/actor/lib/test/auto/PublisherPort6.xml
----------------- Instantiating /home/travis/build/icyphy/ptII/ptolemy/actor/lib/test/auto/PublisherPort6.xml
3 ms. Memory: 425984K Free: 225397K (53%)
----------------- Invoking toplevel() on ptolemy.moml.MoMLSimpleApplication@8379310
----------------- Done invoking toplevel() on ptolemy.moml.MoMLSimpleApplication@8379310
reloadAllAccessors: .PublisherPort6

===========================================================================================
----------------- testing Wed Dec 11 06:35:18 UTC 2019 /home/travis/build/icyphy/ptII/ptolemy/actor/lib/test/auto/PublisherPort7.xml
----------------- Instantiating /home/travis/build/icyphy/ptII/ptolemy/actor/lib/test/auto/PublisherPort7.xml
3 ms. Memory: 425984K Free: 217719K (51%)
----------------- Invoking toplevel() on ptolemy.moml.MoMLSimpleApplication@53bf4f09
----------------- Done invoking toplevel() on ptolemy.moml.MoMLSimpleApplication@53bf4f09
reloadAllAccessors: .PublisherPort7

===========================================================================================
----------------- testing Wed Dec 11 06:35:18 UTC 2019 /home/travis/build/icyphy/ptII/ptolemy/actor/lib/test/auto/PublisherPort8.xml
----------------- Instantiating /home/travis/build/icyphy/ptII/ptolemy/actor/lib/test/auto/PublisherPort8.xml
4 ms. Memory: 425984K Free: 209013K (49%)
----------------- Invoking toplevel() on ptolemy.moml.MoMLSimpleApplication@325df26d
----------------- Done invoking toplevel() on ptolemy.moml.MoMLSimpleApplication@325df26d
reloadAllAccessors: .PublisherPort8

===========================================================================================
----------------- testing Wed Dec 11 06:35:18 UTC 2019 /home/travis/build/icyphy/ptII/ptolemy/actor/lib/test/auto/PublisherPortSubscriberChannelVariablesAOC2.xml
----------------- Instantiating /home/travis/build/icyphy/ptII/ptolemy/actor/lib/test/auto/PublisherPortSubscriberChannelVariablesAOC2.xml
3 ms. Memory: 425984K Free: 191605K (45%)
----------------- Invoking toplevel() on ptolemy.moml.MoMLSimpleApplication@3dcbb797
----------------- Done invoking toplevel() on ptolemy.moml.MoMLSimpleApplication@3dcbb797
reloadAllAccessors: .PublisherPortSubscriberChannelVariablesAOC2

===========================================================================================
----------------- testing Wed Dec 11 06:35:18 UTC 2019 /home/travis/build/icyphy/ptII/ptolemy/actor/lib/test/auto/PublisherPortSubscriberOpaqueWidthInference.xml
----------------- Instantiating /home/travis/build/icyphy/ptII/ptolemy/actor/lib/test/auto/PublisherPortSubscriberOpaqueWidthInference.xml
12 ms. Memory: 425984K Free: 183927K (43%)
----------------- Invoking toplevel() on ptolemy.moml.MoMLSimpleApplication@258186c
----------------- Done invoking toplevel() on ptolemy.moml.MoMLSimpleApplication@258186c
reloadAllAccessors: .PublisherPortSubscriberOpaqueWidthInference

===========================================================================================
----------------- testing Wed Dec 11 06:35:18 UTC 2019 /home/travis/build/icyphy/ptII/ptolemy/actor/lib/test/auto/PublisherPortSubscriberPortAdjacent.xml
----------------- Instantiating /home/travis/build/icyphy/ptII/ptolemy/actor/lib/test/auto/PublisherPortSubscriberPortAdjacent.xml
1 ms. Memory: 425984K Free: 175735K (41%)
----------------- Invoking toplevel() on ptolemy.moml.MoMLSimpleApplication@5f1d6b9b
----------------- Done invoking toplevel() on ptolemy.moml.MoMLSimpleApplication@5f1d6b9b
reloadAllAccessors: .PublisherPortSubscriberPortAdjacent

===========================================================================================
----------------- testing Wed Dec 11 06:35:18 UTC 2019 /home/travis/build/icyphy/ptII/ptolemy/actor/lib/test/auto/PublisherPortSubscriberPortExpression.xml
----------------- Instantiating /home/travis/build/icyphy/ptII/ptolemy/actor/lib/test/auto/PublisherPortSubscriberPortExpression.xml
4 ms. Memory: 425984K Free: 168046K (39%)
----------------- Invoking toplevel() on ptolemy.moml.MoMLSimpleApplication@7cce1
----------------- Done invoking toplevel() on ptolemy.moml.MoMLSimpleApplication@7cce1
reloadAllAccessors: .PublisherPortSubscriberPortExpression

===========================================================================================
----------------- testing Wed Dec 11 06:35:18 UTC 2019 /home/travis/build/icyphy/ptII/ptolemy/actor/lib/test/auto/PublisherPortSubscriberPortOpaqueD3Reverse.xml
----------------- Instantiating /home/travis/build/icyphy/ptII/ptolemy/actor/lib/test/auto/PublisherPortSubscriberPortOpaqueD3Reverse.xml
7 ms. Memory: 425984K Free: 157303K (37%)
----------------- Invoking toplevel() on ptolemy.moml.MoMLSimpleApplication@2b762fbd
----------------- Done invoking toplevel() on ptolemy.moml.MoMLSimpleApplication@2b762fbd
reloadAllAccessors: .PublisherPortSubscriberPortOpaqueD3Reverse

===========================================================================================
----------------- testing Wed Dec 11 06:35:18 UTC 2019 /home/travis/build/icyphy/ptII/ptolemy/actor/lib/test/auto/PublisherPortSubscriberPortOpaqueWidthInference.xml
----------------- Instantiating /home/travis/build/icyphy/ptII/ptolemy/actor/lib/test/auto/PublisherPortSubscriberPortOpaqueWidthInference.xml
3 ms. Memory: 425984K Free: 149606K (35%)
----------------- Invoking toplevel() on ptolemy.moml.MoMLSimpleApplication@5fcfb75b
----------------- Done invoking toplevel() on ptolemy.moml.MoMLSimpleApplication@5fcfb75b
reloadAllAccessors: .PublisherPortSubscriberPortOpaqueWidthInference

===========================================================================================
----------------- testing Wed Dec 11 06:35:18 UTC 2019 /home/travis/build/icyphy/ptII/ptolemy/actor/lib/test/auto/PublisherPortToplevelSubscriberPortAOC.xml
----------------- Instantiating /home/travis/build/icyphy/ptII/ptolemy/actor/lib/test/auto/PublisherPortToplevelSubscriberPortAOC.xml
.PublisherPortToplevelSubscriberPortAOC.TestExceptionAttribute: initialize() was not invoked, but wrapup() was.  This is unusual, but not always a problem.  For example, exporting JNLP will do this.
1 ms. Memory: 425984K Free: 143991K (34%)
----------------- Invoking toplevel() on ptolemy.moml.MoMLSimpleApplication@a66940f
----------------- Done invoking toplevel() on ptolemy.moml.MoMLSimpleApplication@a66940f
reloadAllAccessors: .PublisherPortToplevelSubscriberPortAOC

===========================================================================================
----------------- testing Wed Dec 11 06:35:18 UTC 2019 /home/travis/build/icyphy/ptII/ptolemy/actor/lib/test/auto/PublisherSubscriber.xml
----------------- Instantiating /home/travis/build/icyphy/ptII/ptolemy/actor/lib/test/auto/PublisherSubscriber.xml
2 ms. Memory: 425984K Free: 136823K (32%)
----------------- Invoking toplevel() on ptolemy.moml.MoMLSimpleApplication@36baefa8
----------------- Done invoking toplevel() on ptolemy.moml.MoMLSimpleApplication@36baefa8
reloadAllAccessors: .PublisherSubscriber

===========================================================================================
----------------- testing Wed Dec 11 06:35:18 UTC 2019 /home/travis/build/icyphy/ptII/ptolemy/actor/lib/test/auto/PublisherSubscriber10.xml
----------------- Instantiating /home/travis/build/icyphy/ptII/ptolemy/actor/lib/test/auto/PublisherSubscriber10.xml
6 ms. Memory: 425984K Free: 127607K (30%)
----------------- Invoking toplevel() on ptolemy.moml.MoMLSimpleApplication@353f2fe3
----------------- Done invoking toplevel() on ptolemy.moml.MoMLSimpleApplication@353f2fe3
reloadAllAccessors: .PublisherSubscriber10

===========================================================================================
----------------- testing Wed Dec 11 06:35:18 UTC 2019 /home/travis/build/icyphy/ptII/ptolemy/actor/lib/test/auto/PublisherSubscriber10InitialOutputs.xml
----------------- Instantiating /home/travis/build/icyphy/ptII/ptolemy/actor/lib/test/auto/PublisherSubscriber10InitialOutputs.xml
5 ms. Memory: 425984K Free: 369511K (87%)
----------------- Invoking toplevel() on ptolemy.moml.MoMLSimpleApplication@62c3a601
----------------- Done invoking toplevel() on ptolemy.moml.MoMLSimpleApplication@62c3a601
reloadAllAccessors: .PublisherSubscriber10InitialOutputs

===========================================================================================
----------------- testing Wed Dec 11 06:35:18 UTC 2019 /home/travis/build/icyphy/ptII/ptolemy/actor/lib/test/auto/PublisherSubscriber11.xml
----------------- Instantiating /home/travis/build/icyphy/ptII/ptolemy/actor/lib/test/auto/PublisherSubscriber11.xml
2 ms. Memory: 425984K Free: 362857K (85%)
----------------- Invoking toplevel() on ptolemy.moml.MoMLSimpleApplication@1a5cd97
----------------- Done invoking toplevel() on ptolemy.moml.MoMLSimpleApplication@1a5cd97
reloadAllAccessors: .PublisherSubscriber11

===========================================================================================
----------------- testing Wed Dec 11 06:35:18 UTC 2019 /home/travis/build/icyphy/ptII/ptolemy/actor/lib/test/auto/PublisherSubscriber12.xml
----------------- Instantiating /home/travis/build/icyphy/ptII/ptolemy/actor/lib/test/auto/PublisherSubscriber12.xml
5 ms. Memory: 425984K Free: 356185K (84%)
----------------- Invoking toplevel() on ptolemy.moml.MoMLSimpleApplication@1d496f1e
----------------- Done invoking toplevel() on ptolemy.moml.MoMLSimpleApplication@1d496f1e
reloadAllAccessors: .PublisherSubscriber12

===========================================================================================
----------------- testing Wed Dec 11 06:35:18 UTC 2019 /home/travis/build/icyphy/ptII/ptolemy/actor/lib/test/auto/PublisherSubscriber13.xml
----------------- Instantiating /home/travis/build/icyphy/ptII/ptolemy/actor/lib/test/auto/PublisherSubscriber13.xml
2 ms. Memory: 425984K Free: 350569K (82%)
----------------- Invoking toplevel() on ptolemy.moml.MoMLSimpleApplication@7e6d87a9
----------------- Done invoking toplevel() on ptolemy.moml.MoMLSimpleApplication@7e6d87a9
reloadAllAccessors: .PublisherSubscriber13

===========================================================================================
----------------- testing Wed Dec 11 06:35:18 UTC 2019 /home/travis/build/icyphy/ptII/ptolemy/actor/lib/test/auto/PublisherSubscriber14.xml
----------------- Instantiating /home/travis/build/icyphy/ptII/ptolemy/actor/lib/test/auto/PublisherSubscriber14.xml
1 ms. Memory: 425984K Free: 341849K (80%)
----------------- Invoking toplevel() on ptolemy.moml.MoMLSimpleApplication@6356d702
----------------- Done invoking toplevel() on ptolemy.moml.MoMLSimpleApplication@6356d702
reloadAllAccessors: .PublisherSubscriber14

===========================================================================================
----------------- testing Wed Dec 11 06:35:18 UTC 2019 /home/travis/build/icyphy/ptII/ptolemy/actor/lib/test/auto/PublisherSubscriber2.xml
----------------- Instantiating /home/travis/build/icyphy/ptII/ptolemy/actor/lib/test/auto/PublisherSubscriber2.xml
3 ms. Memory: 425984K Free: 336729K (79%)
----------------- Invoking toplevel() on ptolemy.moml.MoMLSimpleApplication@339e34a9
----------------- Done invoking toplevel() on ptolemy.moml.MoMLSimpleApplication@339e34a9
reloadAllAccessors: .PublisherSubscriber2

===========================================================================================
----------------- testing Wed Dec 11 06:35:18 UTC 2019 /home/travis/build/icyphy/ptII/ptolemy/actor/lib/test/auto/PublisherSubscriber3.xml
----------------- Instantiating /home/travis/build/icyphy/ptII/ptolemy/actor/lib/test/auto/PublisherSubscriber3.xml
2 ms. Memory: 425984K Free: 330569K (78%)
----------------- Invoking toplevel() on ptolemy.moml.MoMLSimpleApplication@779e2afc
----------------- Done invoking toplevel() on ptolemy.moml.MoMLSimpleApplication@779e2afc
reloadAllAccessors: .PublisherSubscriber3

===========================================================================================
----------------- testing Wed Dec 11 06:35:18 UTC 2019 /home/travis/build/icyphy/ptII/ptolemy/actor/lib/test/auto/PublisherSubscriber4.xml
----------------- Instantiating /home/travis/build/icyphy/ptII/ptolemy/actor/lib/test/auto/PublisherSubscriber4.xml
1 ms. Memory: 425984K Free: 325449K (76%)
----------------- Invoking toplevel() on ptolemy.moml.MoMLSimpleApplication@28565471
----------------- Done invoking toplevel() on ptolemy.moml.MoMLSimpleApplication@28565471
reloadAllAccessors: .PublisherSubscriber4

===========================================================================================
----------------- testing Wed Dec 11 06:35:18 UTC 2019 /home/travis/build/icyphy/ptII/ptolemy/actor/lib/test/auto/PublisherSubscriber5.xml
----------------- Instantiating /home/travis/build/icyphy/ptII/ptolemy/actor/lib/test/auto/PublisherSubscriber5.xml
2 ms. Memory: 425984K Free: 318825K (75%)
----------------- Invoking toplevel() on ptolemy.moml.MoMLSimpleApplication@7fbf5808
----------------- Done invoking toplevel() on ptolemy.moml.MoMLSimpleApplication@7fbf5808
reloadAllAccessors: .PublisherSubscriber5

===========================================================================================
----------------- testing Wed Dec 11 06:35:18 UTC 2019 /home/travis/build/icyphy/ptII/ptolemy/actor/lib/test/auto/PublisherSubscriber6.xml
----------------- Instantiating /home/travis/build/icyphy/ptII/ptolemy/actor/lib/test/auto/PublisherSubscriber6.xml
3 ms. Memory: 425984K Free: 312153K (73%)
----------------- Invoking toplevel() on ptolemy.moml.MoMLSimpleApplication@4168cf88
----------------- Done invoking toplevel() on ptolemy.moml.MoMLSimpleApplication@4168cf88
reloadAllAccessors: .PublisherSubscriber6

===========================================================================================
----------------- testing Wed Dec 11 06:35:18 UTC 2019 /home/travis/build/icyphy/ptII/ptolemy/actor/lib/test/auto/PublisherSubscriber7.xml
----------------- Instantiating /home/travis/build/icyphy/ptII/ptolemy/actor/lib/test/auto/PublisherSubscriber7.xml
8 ms. Memory: 425984K Free: 305513K (72%)
----------------- Invoking toplevel() on ptolemy.moml.MoMLSimpleApplication@3b58ff2a
----------------- Done invoking toplevel() on ptolemy.moml.MoMLSimpleApplication@3b58ff2a
reloadAllAccessors: .PublisherSubscriber7

===========================================================================================
----------------- testing Wed Dec 11 06:35:18 UTC 2019 /home/travis/build/icyphy/ptII/ptolemy/actor/lib/test/auto/PublisherSubscriber8.xml
----------------- Instantiating /home/travis/build/icyphy/ptII/ptolemy/actor/lib/test/auto/PublisherSubscriber8.xml
14 ms. Memory: 425984K Free: 293225K (69%)
----------------- Invoking toplevel() on ptolemy.moml.MoMLSimpleApplication@b52a41a
----------------- Done invoking toplevel() on ptolemy.moml.MoMLSimpleApplication@b52a41a
reloadAllAccessors: .PublisherSubscriber8

===========================================================================================
----------------- testing Wed Dec 11 06:35:18 UTC 2019 /home/travis/build/icyphy/ptII/ptolemy/actor/lib/test/auto/PublisherSubscriber9.xml
----------------- Instantiating /home/travis/build/icyphy/ptII/ptolemy/actor/lib/test/auto/PublisherSubscriber9.xml
5 ms. Memory: 425984K Free: 286057K (67%)
----------------- Invoking toplevel() on ptolemy.moml.MoMLSimpleApplication@3e49ab65
----------------- Done invoking toplevel() on ptolemy.moml.MoMLSimpleApplication@3e49ab65
reloadAllAccessors: .PublisherSubscriber9

===========================================================================================
----------------- testing Wed Dec 11 06:35:18 UTC 2019 /home/travis/build/icyphy/ptII/ptolemy/actor/lib/test/auto/PublisherSubscriberAdjacent.xml
----------------- Instantiating /home/travis/build/icyphy/ptII/ptolemy/actor/lib/test/auto/PublisherSubscriberAdjacent.xml
2 ms. Memory: 425984K Free: 277865K (65%)
----------------- Invoking toplevel() on ptolemy.moml.MoMLSimpleApplication@2b01be
----------------- Done invoking toplevel() on ptolemy.moml.MoMLSimpleApplication@2b01be
reloadAllAccessors: .PublisherSubscriberAdjacent

===========================================================================================
----------------- testing Wed Dec 11 06:35:18 UTC 2019 /home/travis/build/icyphy/ptII/ptolemy/actor/lib/test/auto/PublisherSubscriberChannelVariablesAOC2.xml
----------------- Instantiating /home/travis/build/icyphy/ptII/ptolemy/actor/lib/test/auto/PublisherSubscriberChannelVariablesAOC2.xml
2 ms. Memory: 425984K Free: 263529K (62%)
----------------- Invoking toplevel() on ptolemy.moml.MoMLSimpleApplication@34f5058e
----------------- Done invoking toplevel() on ptolemy.moml.MoMLSimpleApplication@34f5058e
reloadAllAccessors: .PublisherSubscriberChannelVariablesAOC2

===========================================================================================
----------------- testing Wed Dec 11 06:35:18 UTC 2019 /home/travis/build/icyphy/ptII/ptolemy/actor/lib/test/auto/PublisherSubscriberD3.xml
----------------- Instantiating /home/travis/build/icyphy/ptII/ptolemy/actor/lib/test/auto/PublisherSubscriberD3.xml
2 ms. Memory: 425984K Free: 256361K (60%)
----------------- Invoking toplevel() on ptolemy.moml.MoMLSimpleApplication@a8076c
----------------- Done invoking toplevel() on ptolemy.moml.MoMLSimpleApplication@a8076c
reloadAllAccessors: .PublisherSubscriberD3

===========================================================================================
----------------- testing Wed Dec 11 06:35:18 UTC 2019 /home/travis/build/icyphy/ptII/ptolemy/actor/lib/test/auto/PublisherSubscriberD3Reverse.xml
----------------- Instantiating /home/travis/build/icyphy/ptII/ptolemy/actor/lib/test/auto/PublisherSubscriberD3Reverse.xml
1 ms. Memory: 425984K Free: 250217K (59%)
----------------- Invoking toplevel() on ptolemy.moml.MoMLSimpleApplication@27c4aa3b
----------------- Done invoking toplevel() on ptolemy.moml.MoMLSimpleApplication@27c4aa3b
reloadAllAccessors: .PublisherSubscriberD3Reverse

===========================================================================================
----------------- testing Wed Dec 11 06:35:18 UTC 2019 /home/travis/build/icyphy/ptII/ptolemy/actor/lib/test/auto/PublisherSubscriberExpression.xml
----------------- Instantiating /home/travis/build/icyphy/ptII/ptolemy/actor/lib/test/auto/PublisherSubscriberExpression.xml
5 ms. Memory: 425984K Free: 241001K (57%)
----------------- Invoking toplevel() on ptolemy.moml.MoMLSimpleApplication@666ba447
----------------- Done invoking toplevel() on ptolemy.moml.MoMLSimpleApplication@666ba447
reloadAllAccessors: .PublisherSubscriberExpression

===========================================================================================
----------------- testing Wed Dec 11 06:35:18 UTC 2019 /home/travis/build/icyphy/ptII/ptolemy/actor/lib/test/auto/PublisherSubscriberOpaque.xml
----------------- Instantiating /home/travis/build/icyphy/ptII/ptolemy/actor/lib/test/auto/PublisherSubscriberOpaque.xml
3 ms. Memory: 425984K Free: 232809K (55%)
----------------- Invoking toplevel() on ptolemy.moml.MoMLSimpleApplication@7df2e12
----------------- Done invoking toplevel() on ptolemy.moml.MoMLSimpleApplication@7df2e12
reloadAllAccessors: .PublisherSubscriberOpaque

===========================================================================================
----------------- testing Wed Dec 11 06:35:18 UTC 2019 /home/travis/build/icyphy/ptII/ptolemy/actor/lib/test/auto/PublisherSubscriberOpaqueD3.xml
----------------- Instantiating /home/travis/build/icyphy/ptII/ptolemy/actor/lib/test/auto/PublisherSubscriberOpaqueD3.xml
5 ms. Memory: 425984K Free: 221031K (52%)
----------------- Invoking toplevel() on ptolemy.moml.MoMLSimpleApplication@519d1496
----------------- Done invoking toplevel() on ptolemy.moml.MoMLSimpleApplication@519d1496
reloadAllAccessors: .PublisherSubscriberOpaqueD3

===========================================================================================
----------------- testing Wed Dec 11 06:35:18 UTC 2019 /home/travis/build/icyphy/ptII/ptolemy/actor/lib/test/auto/PublisherSubscriberOpaqueD3Reverse.xml
----------------- Instantiating /home/travis/build/icyphy/ptII/ptolemy/actor/lib/test/auto/PublisherSubscriberOpaqueD3Reverse.xml
7 ms. Memory: 425984K Free: 210281K (49%)
----------------- Invoking toplevel() on ptolemy.moml.MoMLSimpleApplication@661538b6
----------------- Done invoking toplevel() on ptolemy.moml.MoMLSimpleApplication@661538b6
reloadAllAccessors: .PublisherSubscriberOpaqueD3Reverse

===========================================================================================
----------------- testing Wed Dec 11 06:35:19 UTC 2019 /home/travis/build/icyphy/ptII/ptolemy/actor/lib/test/auto/PublisherSubscriberOpaqueWidthInference.xml
----------------- Instantiating /home/travis/build/icyphy/ptII/ptolemy/actor/lib/test/auto/PublisherSubscriberOpaqueWidthInference.xml
3 ms. Memory: 425984K Free: 202089K (47%)
----------------- Invoking toplevel() on ptolemy.moml.MoMLSimpleApplication@45259c16
----------------- Done invoking toplevel() on ptolemy.moml.MoMLSimpleApplication@45259c16
reloadAllAccessors: .PublisherSubscriberOpaqueWidthInference

===========================================================================================
----------------- testing Wed Dec 11 06:35:19 UTC 2019 /home/travis/build/icyphy/ptII/ptolemy/actor/lib/test/auto/PublisherTestSubscriber.xml
----------------- Instantiating /home/travis/build/icyphy/ptII/ptolemy/actor/lib/test/auto/PublisherTestSubscriber.xml
3 ms. Memory: 425984K Free: 193897K (46%)
----------------- Invoking toplevel() on ptolemy.moml.MoMLSimpleApplication@56c54381
----------------- Done invoking toplevel() on ptolemy.moml.MoMLSimpleApplication@56c54381
reloadAllAccessors: .PublisherTestSubscriber

===========================================================================================
----------------- testing Wed Dec 11 06:35:19 UTC 2019 /home/travis/build/icyphy/ptII/ptolemy/actor/lib/test/auto/PublisherToplevelSubscriberPortAOC.xml
----------------- Instantiating /home/travis/build/icyphy/ptII/ptolemy/actor/lib/test/auto/PublisherToplevelSubscriberPortAOC.xml
1 ms. Memory: 425984K Free: 187753K (44%)
----------------- Invoking toplevel() on ptolemy.moml.MoMLSimpleApplication@41718cb4
----------------- Done invoking toplevel() on ptolemy.moml.MoMLSimpleApplication@41718cb4
reloadAllAccessors: .PublisherToplevelSubscriberPortAOC

===========================================================================================
----------------- testing Wed Dec 11 06:35:19 UTC 2019 /home/travis/build/icyphy/ptII/ptolemy/actor/lib/test/auto/PulseFiringLimitDE.xml
----------------- Instantiating /home/travis/build/icyphy/ptII/ptolemy/actor/lib/test/auto/PulseFiringLimitDE.xml
2 ms. Memory: 425984K Free: 181609K (43%)
----------------- Invoking toplevel() on ptolemy.moml.MoMLSimpleApplication@35bcce58
----------------- Done invoking toplevel() on ptolemy.moml.MoMLSimpleApplication@35bcce58
reloadAllAccessors: .PulseFiringLimitDE

===========================================================================================
----------------- testing Wed Dec 11 06:35:19 UTC 2019 /home/travis/build/icyphy/ptII/ptolemy/actor/lib/test/auto/Ramp1.xml
----------------- Instantiating /home/travis/build/icyphy/ptII/ptolemy/actor/lib/test/auto/Ramp1.xml
1 ms. Memory: 425984K Free: 177513K (42%)
----------------- Invoking toplevel() on ptolemy.moml.MoMLSimpleApplication@6da5ad0a
----------------- Done invoking toplevel() on ptolemy.moml.MoMLSimpleApplication@6da5ad0a
reloadAllAccessors: .Ramp1

===========================================================================================
----------------- testing Wed Dec 11 06:35:19 UTC 2019 /home/travis/build/icyphy/ptII/ptolemy/actor/lib/test/auto/RampFiringLimitDE.xml
----------------- Instantiating /home/travis/build/icyphy/ptII/ptolemy/actor/lib/test/auto/RampFiringLimitDE.xml
3 ms. Memory: 425984K Free: 170841K (40%)
----------------- Invoking toplevel() on ptolemy.moml.MoMLSimpleApplication@7cd92d
----------------- Done invoking toplevel() on ptolemy.moml.MoMLSimpleApplication@7cd92d
reloadAllAccessors: .RampFiringLimitDE

===========================================================================================
----------------- testing Wed Dec 11 06:35:19 UTC 2019 /home/travis/build/icyphy/ptII/ptolemy/actor/lib/test/auto/RampFiringLimitSDF.xml
----------------- Instantiating /home/travis/build/icyphy/ptII/ptolemy/actor/lib/test/auto/RampFiringLimitSDF.xml
2 ms. Memory: 425984K Free: 165721K (39%)
----------------- Invoking toplevel() on ptolemy.moml.MoMLSimpleApplication@51fd09fe
----------------- Done invoking toplevel() on ptolemy.moml.MoMLSimpleApplication@51fd09fe
reloadAllAccessors: .RampFiringLimitSDF

===========================================================================================
----------------- testing Wed Dec 11 06:35:19 UTC 2019 /home/travis/build/icyphy/ptII/ptolemy/actor/lib/test/auto/RandomInteger.xml
----------------- Instantiating /home/travis/build/icyphy/ptII/ptolemy/actor/lib/test/auto/RandomInteger.xml
1 ms. Memory: 425984K Free: 161639K (38%)
----------------- Invoking toplevel() on ptolemy.moml.MoMLSimpleApplication@70212108
----------------- Done invoking toplevel() on ptolemy.moml.MoMLSimpleApplication@70212108
reloadAllAccessors: .RandomInteger

===========================================================================================
----------------- testing Wed Dec 11 06:35:19 UTC 2019 /home/travis/build/icyphy/ptII/ptolemy/actor/lib/test/auto/ReadFile1.xml
----------------- Instantiating /home/travis/build/icyphy/ptII/ptolemy/actor/lib/test/auto/ReadFile1.xml
2 ms. Memory: 425984K Free: 157033K (37%)
----------------- Invoking toplevel() on ptolemy.moml.MoMLSimpleApplication@71e04017
----------------- Done invoking toplevel() on ptolemy.moml.MoMLSimpleApplication@71e04017
reloadAllAccessors: .ReadFile1

===========================================================================================
----------------- testing Wed Dec 11 06:35:19 UTC 2019 /home/travis/build/icyphy/ptII/ptolemy/actor/lib/test/auto/ReadFile2.xml
----------------- Instantiating /home/travis/build/icyphy/ptII/ptolemy/actor/lib/test/auto/ReadFile2.xml
1 ms. Memory: 425984K Free: 152937K (36%)
----------------- Invoking toplevel() on ptolemy.moml.MoMLSimpleApplication@7f45bd62
----------------- Done invoking toplevel() on ptolemy.moml.MoMLSimpleApplication@7f45bd62
reloadAllAccessors: .ReadFile2

===========================================================================================
----------------- testing Wed Dec 11 06:35:19 UTC 2019 /home/travis/build/icyphy/ptII/ptolemy/actor/lib/test/auto/Reader.xml
----------------- Instantiating /home/travis/build/icyphy/ptII/ptolemy/actor/lib/test/auto/Reader.xml
actor.lib.Reader is obsolete, use actor.lib.io.ExpressionReader instead
1 ms. Memory: 425984K Free: 148841K (35%)
----------------- Invoking toplevel() on ptolemy.moml.MoMLSimpleApplication@236a350b
----------------- Done invoking toplevel() on ptolemy.moml.MoMLSimpleApplication@236a350b
reloadAllAccessors: .Reader

===========================================================================================
----------------- testing Wed Dec 11 06:35:19 UTC 2019 /home/travis/build/icyphy/ptII/ptolemy/actor/lib/test/auto/RecordAssemblerDisplayNameTest.xml
----------------- Instantiating /home/travis/build/icyphy/ptII/ptolemy/actor/lib/test/auto/RecordAssemblerDisplayNameTest.xml
4221 ms. Memory: 425984K Free: 206912K (49%)
----------------- Invoking toplevel() on ptolemy.moml.MoMLSimpleApplication@2f31795
----------------- Done invoking toplevel() on ptolemy.moml.MoMLSimpleApplication@2f31795
reloadAllAccessors: .RecordAssemblerDisplayNameTest

===========================================================================================
----------------- testing Wed Dec 11 06:35:23 UTC 2019 /home/travis/build/icyphy/ptII/ptolemy/actor/lib/test/auto/RecordAssemblerTypeError.xml
----------------- Instantiating /home/travis/build/icyphy/ptII/ptolemy/actor/lib/test/auto/RecordAssemblerTypeError.xml
5 ms. Memory: 425984K Free: 197182K (46%)
----------------- Invoking toplevel() on ptolemy.moml.MoMLSimpleApplication@1ab8aa3a
----------------- Done invoking toplevel() on ptolemy.moml.MoMLSimpleApplication@1ab8aa3a
reloadAllAccessors: .RecordAssemblerTypeError

===========================================================================================
----------------- testing Wed Dec 11 06:35:23 UTC 2019 /home/travis/build/icyphy/ptII/ptolemy/actor/lib/test/auto/RecordDisassember.xml
----------------- Instantiating /home/travis/build/icyphy/ptII/ptolemy/actor/lib/test/auto/RecordDisassember.xml
12 ms. Memory: 425984K Free: 192576K (45%)
----------------- Invoking toplevel() on ptolemy.moml.MoMLSimpleApplication@5befcca8
----------------- Done invoking toplevel() on ptolemy.moml.MoMLSimpleApplication@5befcca8
reloadAllAccessors: .RecordDisassember

===========================================================================================
----------------- testing Wed Dec 11 06:35:23 UTC 2019 /home/travis/build/icyphy/ptII/ptolemy/actor/lib/test/auto/RecordDisassemberDisplayNameTest.xml
----------------- Instantiating /home/travis/build/icyphy/ptII/ptolemy/actor/lib/test/auto/RecordDisassemberDisplayNameTest.xml
4 ms. Memory: 425984K Free: 184894K (43%)
----------------- Invoking toplevel() on ptolemy.moml.MoMLSimpleApplication@7550f875
----------------- Done invoking toplevel() on ptolemy.moml.MoMLSimpleApplication@7550f875
reloadAllAccessors: .RecordDisassemberDisplayNameTest

===========================================================================================
----------------- testing Wed Dec 11 06:35:23 UTC 2019 /home/travis/build/icyphy/ptII/ptolemy/actor/lib/test/auto/RecordDisassembler.xml
----------------- Instantiating /home/travis/build/icyphy/ptII/ptolemy/actor/lib/test/auto/RecordDisassembler.xml
3 ms. Memory: 425984K Free: 179744K (42%)
----------------- Invoking toplevel() on ptolemy.moml.MoMLSimpleApplication@4f97a754
----------------- Done invoking toplevel() on ptolemy.moml.MoMLSimpleApplication@4f97a754
reloadAllAccessors: .RecordDisassembler

===========================================================================================
----------------- testing Wed Dec 11 06:35:23 UTC 2019 /home/travis/build/icyphy/ptII/ptolemy/actor/lib/test/auto/RecordDisassembler2.xml
----------------- Instantiating /home/travis/build/icyphy/ptII/ptolemy/actor/lib/test/auto/RecordDisassembler2.xml
2 ms. Memory: 425984K Free: 174640K (41%)
----------------- Invoking toplevel() on ptolemy.moml.MoMLSimpleApplication@2bbc70b4
----------------- Done invoking toplevel() on ptolemy.moml.MoMLSimpleApplication@2bbc70b4
reloadAllAccessors: .RecordDisassembler2

===========================================================================================
----------------- testing Wed Dec 11 06:35:23 UTC 2019 /home/travis/build/icyphy/ptII/ptolemy/actor/lib/test/auto/RecordUpdater.xml
----------------- Instantiating /home/travis/build/icyphy/ptII/ptolemy/actor/lib/test/auto/RecordUpdater.xml
1 ms. Memory: 425984K Free: 169024K (40%)
----------------- Invoking toplevel() on ptolemy.moml.MoMLSimpleApplication@535c0505
----------------- Done invoking toplevel() on ptolemy.moml.MoMLSimpleApplication@535c0505
reloadAllAccessors: .RecordUpdater

===========================================================================================
----------------- testing Wed Dec 11 06:35:23 UTC 2019 /home/travis/build/icyphy/ptII/ptolemy/actor/lib/test/auto/RecordUpdater2.xml
----------------- Instantiating /home/travis/build/icyphy/ptII/ptolemy/actor/lib/test/auto/RecordUpdater2.xml
2 ms. Memory: 425984K Free: 164414K (39%)
----------------- Invoking toplevel() on ptolemy.moml.MoMLSimpleApplication@384ac06e
----------------- Done invoking toplevel() on ptolemy.moml.MoMLSimpleApplication@384ac06e
reloadAllAccessors: .RecordUpdater2

===========================================================================================
----------------- testing Wed Dec 11 06:35:23 UTC 2019 /home/travis/build/icyphy/ptII/ptolemy/actor/lib/test/auto/RecursiveLattice.xml
----------------- Instantiating /home/travis/build/icyphy/ptII/ptolemy/actor/lib/test/auto/RecursiveLattice.xml
1 ms. Memory: 425984K Free: 160318K (38%)
----------------- Invoking toplevel() on ptolemy.moml.MoMLSimpleApplication@51dd3af2
----------------- Done invoking toplevel() on ptolemy.moml.MoMLSimpleApplication@51dd3af2
reloadAllAccessors: .RecursiveLattice

===========================================================================================
----------------- testing Wed Dec 11 06:35:23 UTC 2019 /home/travis/build/icyphy/ptII/ptolemy/actor/lib/test/auto/Router.xml
----------------- Instantiating /home/travis/build/icyphy/ptII/ptolemy/actor/lib/test/auto/Router.xml
3004 ms. Memory: 425984K Free: 149054K (35%)
----------------- Invoking toplevel() on ptolemy.moml.MoMLSimpleApplication@ca252ec
----------------- Done invoking toplevel() on ptolemy.moml.MoMLSimpleApplication@ca252ec
reloadAllAccessors: .Router

===========================================================================================
----------------- testing Wed Dec 11 06:35:26 UTC 2019 /home/travis/build/icyphy/ptII/ptolemy/actor/lib/test/auto/Router2.xml
----------------- Instantiating /home/travis/build/icyphy/ptII/ptolemy/actor/lib/test/auto/Router2.xml
3004 ms. Memory: 425984K Free: 139328K (33%)
----------------- Invoking toplevel() on ptolemy.moml.MoMLSimpleApplication@2581c73d
----------------- Done invoking toplevel() on ptolemy.moml.MoMLSimpleApplication@2581c73d
reloadAllAccessors: .Router2

===========================================================================================
----------------- testing Wed Dec 11 06:35:29 UTC 2019 /home/travis/build/icyphy/ptII/ptolemy/actor/lib/test/auto/RunningMaximum.xml
----------------- Instantiating /home/travis/build/icyphy/ptII/ptolemy/actor/lib/test/auto/RunningMaximum.xml
6 ms. Memory: 425984K Free: 134718K (32%)
----------------- Invoking toplevel() on ptolemy.moml.MoMLSimpleApplication@510d6102
----------------- Done invoking toplevel() on ptolemy.moml.MoMLSimpleApplication@510d6102
reloadAllAccessors: .RunningMaximum

===========================================================================================
----------------- testing Wed Dec 11 06:35:29 UTC 2019 /home/travis/build/icyphy/ptII/ptolemy/actor/lib/test/auto/RunningMinimum.xml
----------------- Instantiating /home/travis/build/icyphy/ptII/ptolemy/actor/lib/test/auto/RunningMinimum.xml
10 ms. Memory: 425984K Free: 130112K (31%)
----------------- Invoking toplevel() on ptolemy.moml.MoMLSimpleApplication@25aa64e9
----------------- Done invoking toplevel() on ptolemy.moml.MoMLSimpleApplication@25aa64e9
reloadAllAccessors: .RunningMinimum

===========================================================================================
----------------- testing Wed Dec 11 06:35:29 UTC 2019 /home/travis/build/icyphy/ptII/ptolemy/actor/lib/test/auto/Scale.xml
----------------- Instantiating /home/travis/build/icyphy/ptII/ptolemy/actor/lib/test/auto/Scale.xml
10 ms. Memory: 425984K Free: 376643K (88%)
----------------- Invoking toplevel() on ptolemy.moml.MoMLSimpleApplication@406aad09
----------------- Done invoking toplevel() on ptolemy.moml.MoMLSimpleApplication@406aad09
reloadAllAccessors: .Scale

===========================================================================================
----------------- testing Wed Dec 11 06:35:29 UTC 2019 /home/travis/build/icyphy/ptII/ptolemy/actor/lib/test/auto/Scale2.xml
----------------- Instantiating /home/travis/build/icyphy/ptII/ptolemy/actor/lib/test/auto/Scale2.xml
2 ms. Memory: 425984K Free: 371272K (87%)
----------------- Invoking toplevel() on ptolemy.moml.MoMLSimpleApplication@35937e0e
----------------- Done invoking toplevel() on ptolemy.moml.MoMLSimpleApplication@35937e0e
reloadAllAccessors: .Scale2

===========================================================================================
----------------- testing Wed Dec 11 06:35:29 UTC 2019 /home/travis/build/icyphy/ptII/ptolemy/actor/lib/test/auto/Scale3.xml
----------------- Instantiating /home/travis/build/icyphy/ptII/ptolemy/actor/lib/test/auto/Scale3.xml
2 ms. Memory: 425984K Free: 365128K (86%)
----------------- Invoking toplevel() on ptolemy.moml.MoMLSimpleApplication@6917adb2
----------------- Done invoking toplevel() on ptolemy.moml.MoMLSimpleApplication@6917adb2
reloadAllAccessors: .Scale3

===========================================================================================
----------------- testing Wed Dec 11 06:35:29 UTC 2019 /home/travis/build/icyphy/ptII/ptolemy/actor/lib/test/auto/ScaleArray.xml
----------------- Instantiating /home/travis/build/icyphy/ptII/ptolemy/actor/lib/test/auto/ScaleArray.xml
2 ms. Memory: 425984K Free: 360522K (85%)
----------------- Invoking toplevel() on ptolemy.moml.MoMLSimpleApplication@2b4a47b2
----------------- Done invoking toplevel() on ptolemy.moml.MoMLSimpleApplication@2b4a47b2
reloadAllAccessors: .ScaleArray

===========================================================================================
----------------- testing Wed Dec 11 06:35:29 UTC 2019 /home/travis/build/icyphy/ptII/ptolemy/actor/lib/test/auto/ScaleArray2.xml
----------------- Instantiating /home/travis/build/icyphy/ptII/ptolemy/actor/lib/test/auto/ScaleArray2.xml
1 ms. Memory: 425984K Free: 355912K (84%)
----------------- Invoking toplevel() on ptolemy.moml.MoMLSimpleApplication@53d98354
----------------- Done invoking toplevel() on ptolemy.moml.MoMLSimpleApplication@53d98354
reloadAllAccessors: .ScaleArray2

===========================================================================================
----------------- testing Wed Dec 11 06:35:29 UTC 2019 /home/travis/build/icyphy/ptII/ptolemy/actor/lib/test/auto/ScaleMatrix.xml
----------------- Instantiating /home/travis/build/icyphy/ptII/ptolemy/actor/lib/test/auto/ScaleMatrix.xml
133 ms. Memory: 425984K Free: 342090K (80%)
----------------- Invoking toplevel() on ptolemy.moml.MoMLSimpleApplication@51c5a38b
----------------- Done invoking toplevel() on ptolemy.moml.MoMLSimpleApplication@51c5a38b
reloadAllAccessors: .ScaleMatrix

===========================================================================================
----------------- testing Wed Dec 11 06:35:29 UTC 2019 /home/travis/build/icyphy/ptII/ptolemy/actor/lib/test/auto/Select.xml
----------------- Instantiating /home/travis/build/icyphy/ptII/ptolemy/actor/lib/test/auto/Select.xml
4 ms. Memory: 425984K Free: 335946K (79%)
----------------- Invoking toplevel() on ptolemy.moml.MoMLSimpleApplication@5ea43a18
----------------- Done invoking toplevel() on ptolemy.moml.MoMLSimpleApplication@5ea43a18
reloadAllAccessors: .Select

===========================================================================================
----------------- testing Wed Dec 11 06:35:29 UTC 2019 /home/travis/build/icyphy/ptII/ptolemy/actor/lib/test/auto/Select2.xml
----------------- Instantiating /home/travis/build/icyphy/ptII/ptolemy/actor/lib/test/auto/Select2.xml
1 ms. Memory: 425984K Free: 331336K (78%)
----------------- Invoking toplevel() on ptolemy.moml.MoMLSimpleApplication@277e1a89
----------------- Done invoking toplevel() on ptolemy.moml.MoMLSimpleApplication@277e1a89
reloadAllAccessors: .Select2

===========================================================================================
----------------- testing Wed Dec 11 06:35:29 UTC 2019 /home/travis/build/icyphy/ptII/ptolemy/actor/lib/test/auto/SequenceToArray2.xml
----------------- Instantiating /home/travis/build/icyphy/ptII/ptolemy/actor/lib/test/auto/SequenceToArray2.xml
111 ms. Memory: 425984K Free: 307274K (72%)
----------------- Invoking toplevel() on ptolemy.moml.MoMLSimpleApplication@74a08a61
----------------- Done invoking toplevel() on ptolemy.moml.MoMLSimpleApplication@74a08a61
reloadAllAccessors: .SequenceToArray2

===========================================================================================
----------------- testing Wed Dec 11 06:35:30 UTC 2019 /home/travis/build/icyphy/ptII/ptolemy/actor/lib/test/auto/SequentialClock.xml
----------------- Instantiating /home/travis/build/icyphy/ptII/ptolemy/actor/lib/test/auto/SequentialClock.xml
1 ms. Memory: 425984K Free: 302664K (71%)
----------------- Invoking toplevel() on ptolemy.moml.MoMLSimpleApplication@b932d4e
----------------- Done invoking toplevel() on ptolemy.moml.MoMLSimpleApplication@b932d4e
reloadAllAccessors: .SequentialClock

===========================================================================================
----------------- testing Wed Dec 11 06:35:30 UTC 2019 /home/travis/build/icyphy/ptII/ptolemy/actor/lib/test/auto/SetVariable.xml
----------------- Instantiating /home/travis/build/icyphy/ptII/ptolemy/actor/lib/test/auto/SetVariable.xml
2 ms. Memory: 425984K Free: 297544K (70%)
----------------- Invoking toplevel() on ptolemy.moml.MoMLSimpleApplication@143edfd6
----------------- Done invoking toplevel() on ptolemy.moml.MoMLSimpleApplication@143edfd6
reloadAllAccessors: .SetVariable

===========================================================================================
----------------- testing Wed Dec 11 06:35:30 UTC 2019 /home/travis/build/icyphy/ptII/ptolemy/actor/lib/test/auto/SetVariable2.xml
----------------- Instantiating /home/travis/build/icyphy/ptII/ptolemy/actor/lib/test/auto/SetVariable2.xml
5 ms. Memory: 425984K Free: 292424K (69%)
----------------- Invoking toplevel() on ptolemy.moml.MoMLSimpleApplication@72d95353
----------------- Done invoking toplevel() on ptolemy.moml.MoMLSimpleApplication@72d95353
reloadAllAccessors: .SetVariable2

===========================================================================================
----------------- testing Wed Dec 11 06:35:30 UTC 2019 /home/travis/build/icyphy/ptII/ptolemy/actor/lib/test/auto/SetVariable3.xml
----------------- Instantiating /home/travis/build/icyphy/ptII/ptolemy/actor/lib/test/auto/SetVariable3.xml
8 ms. Memory: 425984K Free: 287304K (67%)
----------------- Invoking toplevel() on ptolemy.moml.MoMLSimpleApplication@66cd2f38
----------------- Done invoking toplevel() on ptolemy.moml.MoMLSimpleApplication@66cd2f38
reloadAllAccessors: .SetVariable3

===========================================================================================
----------------- testing Wed Dec 11 06:35:30 UTC 2019 /home/travis/build/icyphy/ptII/ptolemy/actor/lib/test/auto/SetVariable4.xml
----------------- Instantiating /home/travis/build/icyphy/ptII/ptolemy/actor/lib/test/auto/SetVariable4.xml
13 ms. Memory: 425984K Free: 278088K (65%)
----------------- Invoking toplevel() on ptolemy.moml.MoMLSimpleApplication@2104c0b0
----------------- Done invoking toplevel() on ptolemy.moml.MoMLSimpleApplication@2104c0b0
reloadAllAccessors: .SetVariable4

===========================================================================================
----------------- testing Wed Dec 11 06:35:30 UTC 2019 /home/travis/build/icyphy/ptII/ptolemy/actor/lib/test/auto/SetVariable5.xml
----------------- Instantiating /home/travis/build/icyphy/ptII/ptolemy/actor/lib/test/auto/SetVariable5.xml
19 ms. Memory: 425984K Free: 268858K (63%)
----------------- Invoking toplevel() on ptolemy.moml.MoMLSimpleApplication@45d30a6c
----------------- Done invoking toplevel() on ptolemy.moml.MoMLSimpleApplication@45d30a6c
reloadAllAccessors: .SetVariable5

===========================================================================================
----------------- testing Wed Dec 11 06:35:30 UTC 2019 /home/travis/build/icyphy/ptII/ptolemy/actor/lib/test/auto/Sinewave.xml
----------------- Instantiating /home/travis/build/icyphy/ptII/ptolemy/actor/lib/test/auto/Sinewave.xml
6 ms. Memory: 425984K Free: 258632K (61%)
----------------- Invoking toplevel() on ptolemy.moml.MoMLSimpleApplication@33eacf54
----------------- Done invoking toplevel() on ptolemy.moml.MoMLSimpleApplication@33eacf54
reloadAllAccessors: .Sinewave

===========================================================================================
----------------- testing Wed Dec 11 06:35:30 UTC 2019 /home/travis/build/icyphy/ptII/ptolemy/actor/lib/test/auto/Sinewave2.xml
----------------- Instantiating /home/travis/build/icyphy/ptII/ptolemy/actor/lib/test/auto/Sinewave2.xml
4 ms. Memory: 425984K Free: 249930K (59%)
----------------- Invoking toplevel() on ptolemy.moml.MoMLSimpleApplication@1182a96e
----------------- Done invoking toplevel() on ptolemy.moml.MoMLSimpleApplication@1182a96e
reloadAllAccessors: .Sinewave2

===========================================================================================
----------------- testing Wed Dec 11 06:35:30 UTC 2019 /home/travis/build/icyphy/ptII/ptolemy/actor/lib/test/auto/Sinewave3.xml
----------------- Instantiating /home/travis/build/icyphy/ptII/ptolemy/actor/lib/test/auto/Sinewave3.xml
12 ms. Memory: 425984K Free: 241194K (57%)
----------------- Invoking toplevel() on ptolemy.moml.MoMLSimpleApplication@b957325
----------------- Done invoking toplevel() on ptolemy.moml.MoMLSimpleApplication@b957325
reloadAllAccessors: .Sinewave3

===========================================================================================
----------------- testing Wed Dec 11 06:35:30 UTC 2019 /home/travis/build/icyphy/ptII/ptolemy/actor/lib/test/auto/SingleEvent.xml
----------------- Instantiating /home/travis/build/icyphy/ptII/ptolemy/actor/lib/test/auto/SingleEvent.xml
1 ms. Memory: 425984K Free: 237128K (56%)
----------------- Invoking toplevel() on ptolemy.moml.MoMLSimpleApplication@69778b66
----------------- Done invoking toplevel() on ptolemy.moml.MoMLSimpleApplication@69778b66
reloadAllAccessors: .SingleEvent

===========================================================================================
----------------- testing Wed Dec 11 06:35:30 UTC 2019 /home/travis/build/icyphy/ptII/ptolemy/actor/lib/test/auto/Sleep.xml
----------------- Instantiating /home/travis/build/icyphy/ptII/ptolemy/actor/lib/test/auto/Sleep.xml
6003 ms. Memory: 425984K Free: 231498K (54%)
----------------- Invoking toplevel() on ptolemy.moml.MoMLSimpleApplication@696f5d3e
----------------- Done invoking toplevel() on ptolemy.moml.MoMLSimpleApplication@696f5d3e
reloadAllAccessors: .Sleep

===========================================================================================
----------------- testing Wed Dec 11 06:35:36 UTC 2019 /home/travis/build/icyphy/ptII/ptolemy/actor/lib/test/auto/SleepMultipleFire.xml
----------------- Instantiating /home/travis/build/icyphy/ptII/ptolemy/actor/lib/test/auto/SleepMultipleFire.xml
1006 ms. Memory: 425984K Free: 225864K (53%)
----------------- Invoking toplevel() on ptolemy.moml.MoMLSimpleApplication@378cd7d3
----------------- Done invoking toplevel() on ptolemy.moml.MoMLSimpleApplication@378cd7d3
reloadAllAccessors: .SleepMultipleFire

===========================================================================================
----------------- testing Wed Dec 11 06:35:37 UTC 2019 /home/travis/build/icyphy/ptII/ptolemy/actor/lib/test/auto/StopDE.xml
----------------- Instantiating /home/travis/build/icyphy/ptII/ptolemy/actor/lib/test/auto/StopDE.xml
5 ms. Memory: 425984K Free: 220234K (52%)
----------------- Invoking toplevel() on ptolemy.moml.MoMLSimpleApplication@6e69c5eb
----------------- Done invoking toplevel() on ptolemy.moml.MoMLSimpleApplication@6e69c5eb
reloadAllAccessors: .StopDE

===========================================================================================
----------------- testing Wed Dec 11 06:35:37 UTC 2019 /home/travis/build/icyphy/ptII/ptolemy/actor/lib/test/auto/StopSDF.xml
----------------- Instantiating /home/travis/build/icyphy/ptII/ptolemy/actor/lib/test/auto/StopSDF.xml
5 ms. Memory: 425984K Free: 214600K (50%)
----------------- Invoking toplevel() on ptolemy.moml.MoMLSimpleApplication@4515af4e
----------------- Done invoking toplevel() on ptolemy.moml.MoMLSimpleApplication@4515af4e
reloadAllAccessors: .StopSDF

===========================================================================================
----------------- testing Wed Dec 11 06:35:37 UTC 2019 /home/travis/build/icyphy/ptII/ptolemy/actor/lib/test/auto/StringConstant.xml
----------------- Instantiating /home/travis/build/icyphy/ptII/ptolemy/actor/lib/test/auto/StringConstant.xml
6 ms. Memory: 425984K Free: 210504K (49%)
----------------- Invoking toplevel() on ptolemy.moml.MoMLSimpleApplication@3f8ef3ba
----------------- Done invoking toplevel() on ptolemy.moml.MoMLSimpleApplication@3f8ef3ba
reloadAllAccessors: .StringConstant

===========================================================================================
----------------- testing Wed Dec 11 06:35:37 UTC 2019 /home/travis/build/icyphy/ptII/ptolemy/actor/lib/test/auto/SubscriberPortInitialValues1.xml
----------------- Instantiating /home/travis/build/icyphy/ptII/ptolemy/actor/lib/test/auto/SubscriberPortInitialValues1.xml
9 ms. Memory: 425984K Free: 201802K (47%)
----------------- Invoking toplevel() on ptolemy.moml.MoMLSimpleApplication@327b4f60
----------------- Done invoking toplevel() on ptolemy.moml.MoMLSimpleApplication@327b4f60
reloadAllAccessors: .SubscriberPortInitialValues1

===========================================================================================
----------------- testing Wed Dec 11 06:35:37 UTC 2019 /home/travis/build/icyphy/ptII/ptolemy/actor/lib/test/auto/SubscriberPortInitialValues13.xml
----------------- Instantiating /home/travis/build/icyphy/ptII/ptolemy/actor/lib/test/auto/SubscriberPortInitialValues13.xml
6 ms. Memory: 425984K Free: 189000K (44%)
----------------- Invoking toplevel() on ptolemy.moml.MoMLSimpleApplication@33dc1ea1
----------------- Done invoking toplevel() on ptolemy.moml.MoMLSimpleApplication@33dc1ea1
reloadAllAccessors: .SubscriberPortInitialValues13

===========================================================================================
----------------- testing Wed Dec 11 06:35:37 UTC 2019 /home/travis/build/icyphy/ptII/ptolemy/actor/lib/test/auto/SubscriberPortInitialValues14.xml
----------------- Instantiating /home/travis/build/icyphy/ptII/ptolemy/actor/lib/test/auto/SubscriberPortInitialValues14.xml
4 ms. Memory: 425984K Free: 181322K (43%)
----------------- Invoking toplevel() on ptolemy.moml.MoMLSimpleApplication@4f4e232c
----------------- Done invoking toplevel() on ptolemy.moml.MoMLSimpleApplication@4f4e232c
reloadAllAccessors: .SubscriberPortInitialValues14

===========================================================================================
----------------- testing Wed Dec 11 06:35:37 UTC 2019 /home/travis/build/icyphy/ptII/ptolemy/actor/lib/test/auto/SubscriberPortInitialValues2.xml
----------------- Instantiating /home/travis/build/icyphy/ptII/ptolemy/actor/lib/test/auto/SubscriberPortInitialValues2.xml
4 ms. Memory: 425984K Free: 173640K (41%)
----------------- Invoking toplevel() on ptolemy.moml.MoMLSimpleApplication@1ef3ae60
----------------- Done invoking toplevel() on ptolemy.moml.MoMLSimpleApplication@1ef3ae60
reloadAllAccessors: .SubscriberPortInitialValues2

===========================================================================================
----------------- testing Wed Dec 11 06:35:37 UTC 2019 /home/travis/build/icyphy/ptII/ptolemy/actor/lib/test/auto/SubscriberPortInitialValues3.xml
----------------- Instantiating /home/travis/build/icyphy/ptII/ptolemy/actor/lib/test/auto/SubscriberPortInitialValues3.xml
3 ms. Memory: 425984K Free: 161866K (38%)
----------------- Invoking toplevel() on ptolemy.moml.MoMLSimpleApplication@ebfdaa
----------------- Done invoking toplevel() on ptolemy.moml.MoMLSimpleApplication@ebfdaa
reloadAllAccessors: .SubscriberPortInitialValues3

===========================================================================================
----------------- testing Wed Dec 11 06:35:37 UTC 2019 /home/travis/build/icyphy/ptII/ptolemy/actor/lib/test/auto/SubscriptionAggregator.xml
----------------- Instantiating /home/travis/build/icyphy/ptII/ptolemy/actor/lib/test/auto/SubscriptionAggregator.xml
3 ms. Memory: 425984K Free: 155194K (36%)
----------------- Invoking toplevel() on ptolemy.moml.MoMLSimpleApplication@265071fa
----------------- Done invoking toplevel() on ptolemy.moml.MoMLSimpleApplication@265071fa
reloadAllAccessors: .SubscriptionAggregator

===========================================================================================
----------------- testing Wed Dec 11 06:35:37 UTC 2019 /home/travis/build/icyphy/ptII/ptolemy/actor/lib/test/auto/SubscriptionAggregator2.xml
----------------- Instantiating /home/travis/build/icyphy/ptII/ptolemy/actor/lib/test/auto/SubscriptionAggregator2.xml
2 ms. Memory: 425984K Free: 148554K (35%)
----------------- Invoking toplevel() on ptolemy.moml.MoMLSimpleApplication@1ba3ec59
----------------- Done invoking toplevel() on ptolemy.moml.MoMLSimpleApplication@1ba3ec59
reloadAllAccessors: .SubscriptionAggregator2

===========================================================================================
----------------- testing Wed Dec 11 06:35:37 UTC 2019 /home/travis/build/icyphy/ptII/ptolemy/actor/lib/test/auto/SubscriptionAggregator3.xml
----------------- Instantiating /home/travis/build/icyphy/ptII/ptolemy/actor/lib/test/auto/SubscriptionAggregator3.xml
3 ms. Memory: 425984K Free: 139834K (33%)
----------------- Invoking toplevel() on ptolemy.moml.MoMLSimpleApplication@25fbcd2f
----------------- Done invoking toplevel() on ptolemy.moml.MoMLSimpleApplication@25fbcd2f
reloadAllAccessors: .SubscriptionAggregator3

===========================================================================================
----------------- testing Wed Dec 11 06:35:37 UTC 2019 /home/travis/build/icyphy/ptII/ptolemy/actor/lib/test/auto/SubscriptionAggregatorMultiply.xml
----------------- Instantiating /home/travis/build/icyphy/ptII/ptolemy/actor/lib/test/auto/SubscriptionAggregatorMultiply.xml
4 ms. Memory: 425984K Free: 131650K (31%)
----------------- Invoking toplevel() on ptolemy.moml.MoMLSimpleApplication@1f12a134
----------------- Done invoking toplevel() on ptolemy.moml.MoMLSimpleApplication@1f12a134
reloadAllAccessors: .SubscriptionAggregatorMultiply

===========================================================================================
----------------- testing Wed Dec 11 06:35:37 UTC 2019 /home/travis/build/icyphy/ptII/ptolemy/actor/lib/test/auto/SubscriptionAggregatorPortMultiply1.xml
----------------- Instantiating /home/travis/build/icyphy/ptII/ptolemy/actor/lib/test/auto/SubscriptionAggregatorPortMultiply1.xml
4 ms. Memory: 425984K Free: 373628K (88%)
----------------- Invoking toplevel() on ptolemy.moml.MoMLSimpleApplication@548c2b55
----------------- Done invoking toplevel() on ptolemy.moml.MoMLSimpleApplication@548c2b55
reloadAllAccessors: .SubscriptionAggregatorPortMultiply1

===========================================================================================
----------------- testing Wed Dec 11 06:35:37 UTC 2019 /home/travis/build/icyphy/ptII/ptolemy/actor/lib/test/auto/Switch.xml
----------------- Instantiating /home/travis/build/icyphy/ptII/ptolemy/actor/lib/test/auto/Switch.xml
8 ms. Memory: 425984K Free: 364926K (86%)
----------------- Invoking toplevel() on ptolemy.moml.MoMLSimpleApplication@4ca5e78
----------------- Done invoking toplevel() on ptolemy.moml.MoMLSimpleApplication@4ca5e78
reloadAllAccessors: .Switch

===========================================================================================
----------------- testing Wed Dec 11 06:35:37 UTC 2019 /home/travis/build/icyphy/ptII/ptolemy/actor/lib/test/auto/Switch2.xml
----------------- Instantiating /home/travis/build/icyphy/ptII/ptolemy/actor/lib/test/auto/Switch2.xml
1 ms. Memory: 425984K Free: 360316K (85%)
----------------- Invoking toplevel() on ptolemy.moml.MoMLSimpleApplication@5f10cd88
----------------- Done invoking toplevel() on ptolemy.moml.MoMLSimpleApplication@5f10cd88
reloadAllAccessors: .Switch2

===========================================================================================
----------------- testing Wed Dec 11 06:35:37 UTC 2019 /home/travis/build/icyphy/ptII/ptolemy/actor/lib/test/auto/SwitchDE.xml
----------------- Instantiating /home/travis/build/icyphy/ptII/ptolemy/actor/lib/test/auto/SwitchDE.xml
3 ms. Memory: 425984K Free: 354142K (83%)
----------------- Invoking toplevel() on ptolemy.moml.MoMLSimpleApplication@75181eaf
----------------- Done invoking toplevel() on ptolemy.moml.MoMLSimpleApplication@75181eaf
reloadAllAccessors: .SwitchDE

===========================================================================================
----------------- testing Wed Dec 11 06:35:37 UTC 2019 /home/travis/build/icyphy/ptII/ptolemy/actor/lib/test/auto/SynchronizerDE.xml
----------------- Instantiating /home/travis/build/icyphy/ptII/ptolemy/actor/lib/test/auto/SynchronizerDE.xml
8 ms. Memory: 425984K Free: 345950K (81%)
----------------- Invoking toplevel() on ptolemy.moml.MoMLSimpleApplication@46466128
----------------- Done invoking toplevel() on ptolemy.moml.MoMLSimpleApplication@46466128
reloadAllAccessors: .SynchronizerDE

===========================================================================================
----------------- testing Wed Dec 11 06:35:37 UTC 2019 /home/travis/build/icyphy/ptII/ptolemy/actor/lib/test/auto/Test.xml
----------------- Instantiating /home/travis/build/icyphy/ptII/ptolemy/actor/lib/test/auto/Test.xml
2 ms. Memory: 425984K Free: 340350K (80%)
----------------- Invoking toplevel() on ptolemy.moml.MoMLSimpleApplication@48517129
----------------- Done invoking toplevel() on ptolemy.moml.MoMLSimpleApplication@48517129
reloadAllAccessors: .Test

===========================================================================================
----------------- testing Wed Dec 11 06:35:37 UTC 2019 /home/travis/build/icyphy/ptII/ptolemy/actor/lib/test/auto/TestExceptionAttribute1.xml
----------------- Instantiating /home/travis/build/icyphy/ptII/ptolemy/actor/lib/test/auto/TestExceptionAttribute1.xml
1 ms. Memory: 425984K Free: 336764K (79%)
----------------- Invoking toplevel() on ptolemy.moml.MoMLSimpleApplication@3f1c9b33
----------------- Done invoking toplevel() on ptolemy.moml.MoMLSimpleApplication@3f1c9b33
reloadAllAccessors: .TestExceptionAttribute1

===========================================================================================
----------------- testing Wed Dec 11 06:35:37 UTC 2019 /home/travis/build/icyphy/ptII/ptolemy/actor/lib/test/auto/TestExceptionAttribute2.xml
----------------- Instantiating /home/travis/build/icyphy/ptII/ptolemy/actor/lib/test/auto/TestExceptionAttribute2.xml
1 ms. Memory: 425984K Free: 333182K (78%)
----------------- Invoking toplevel() on ptolemy.moml.MoMLSimpleApplication@72d0ce92
----------------- Done invoking toplevel() on ptolemy.moml.MoMLSimpleApplication@72d0ce92
reloadAllAccessors: .TestExceptionAttribute2

===========================================================================================
----------------- testing Wed Dec 11 06:35:37 UTC 2019 /home/travis/build/icyphy/ptII/ptolemy/actor/lib/test/auto/TestExceptionAttribute3.xml
----------------- Instantiating /home/travis/build/icyphy/ptII/ptolemy/actor/lib/test/auto/TestExceptionAttribute3.xml
.TestExceptionAttribute3.TestExceptionAttribute: initialize() was not invoked, but wrapup() was.  This is unusual, but not always a problem.  For example, exporting JNLP will do this.
1 ms. Memory: 425984K Free: 329596K (77%)
----------------- Invoking toplevel() on ptolemy.moml.MoMLSimpleApplication@56654206
----------------- Done invoking toplevel() on ptolemy.moml.MoMLSimpleApplication@56654206
reloadAllAccessors: .TestExceptionAttribute3

===========================================================================================
----------------- testing Wed Dec 11 06:35:37 UTC 2019 /home/travis/build/icyphy/ptII/ptolemy/actor/lib/test/auto/TestExceptionAttribute4.xml
----------------- Instantiating /home/travis/build/icyphy/ptII/ptolemy/actor/lib/test/auto/TestExceptionAttribute4.xml
.TestExceptionAttribute4.TestExceptionAttribute: initialize() was not invoked, but wrapup() was.  This is unusual, but not always a problem.  For example, exporting JNLP will do this.
.TestExceptionAttribute4.TestExceptionAttribute2: initialize() was not invoked, but wrapup() was.  This is unusual, but not always a problem.  For example, exporting JNLP will do this.
0 ms. Memory: 425984K Free: 324476K (76%)
----------------- Invoking toplevel() on ptolemy.moml.MoMLSimpleApplication@157e7aca
----------------- Done invoking toplevel() on ptolemy.moml.MoMLSimpleApplication@157e7aca
reloadAllAccessors: .TestExceptionAttribute4

===========================================================================================
----------------- testing Wed Dec 11 06:35:37 UTC 2019 /home/travis/build/icyphy/ptII/ptolemy/actor/lib/test/auto/TestExceptionHandler1.xml
----------------- Instantiating /home/travis/build/icyphy/ptII/ptolemy/actor/lib/test/auto/TestExceptionHandler1.xml
1 ms. Memory: 425984K Free: 320380K (75%)
----------------- Invoking toplevel() on ptolemy.moml.MoMLSimpleApplication@262ac811
----------------- Done invoking toplevel() on ptolemy.moml.MoMLSimpleApplication@262ac811
reloadAllAccessors: .TestExceptionHandler1

===========================================================================================
----------------- testing Wed Dec 11 06:35:37 UTC 2019 /home/travis/build/icyphy/ptII/ptolemy/actor/lib/test/auto/TestExceptionHandler2.xml
----------------- Instantiating /home/travis/build/icyphy/ptII/ptolemy/actor/lib/test/auto/TestExceptionHandler2.xml
2 ms. Memory: 425984K Free: 316798K (74%)
----------------- Invoking toplevel() on ptolemy.moml.MoMLSimpleApplication@3286dc45
----------------- Done invoking toplevel() on ptolemy.moml.MoMLSimpleApplication@3286dc45
reloadAllAccessors: .TestExceptionHandler2

===========================================================================================
----------------- testing Wed Dec 11 06:35:37 UTC 2019 /home/travis/build/icyphy/ptII/ptolemy/actor/lib/test/auto/TestExceptionHandler3.xml
----------------- Instantiating /home/travis/build/icyphy/ptII/ptolemy/actor/lib/test/auto/TestExceptionHandler3.xml
0 ms. Memory: 425984K Free: 313212K (74%)
----------------- Invoking toplevel() on ptolemy.moml.MoMLSimpleApplication@33b07c72
----------------- Done invoking toplevel() on ptolemy.moml.MoMLSimpleApplication@33b07c72
reloadAllAccessors: .TestExceptionHandler3

===========================================================================================
----------------- testing Wed Dec 11 06:35:37 UTC 2019 /home/travis/build/icyphy/ptII/ptolemy/actor/lib/test/auto/TestExceptionHandler4.xml
----------------- Instantiating /home/travis/build/icyphy/ptII/ptolemy/actor/lib/test/auto/TestExceptionHandler4.xml
1 ms. Memory: 425984K Free: 309116K (73%)
----------------- Invoking toplevel() on ptolemy.moml.MoMLSimpleApplication@46920c5
----------------- Done invoking toplevel() on ptolemy.moml.MoMLSimpleApplication@46920c5
reloadAllAccessors: .TestExceptionHandler4

===========================================================================================
----------------- testing Wed Dec 11 06:35:37 UTC 2019 /home/travis/build/icyphy/ptII/ptolemy/actor/lib/test/auto/TestRequireCorrectOrder.xml
----------------- Instantiating /home/travis/build/icyphy/ptII/ptolemy/actor/lib/test/auto/TestRequireCorrectOrder.xml
11 ms. Memory: 425984K Free: 303486K (71%)
----------------- Invoking toplevel() on ptolemy.moml.MoMLSimpleApplication@544cac9b
----------------- Done invoking toplevel() on ptolemy.moml.MoMLSimpleApplication@544cac9b
reloadAllAccessors: .TestRequireCorrectOrder

===========================================================================================
----------------- testing Wed Dec 11 06:35:37 UTC 2019 /home/travis/build/icyphy/ptII/ptolemy/actor/lib/test/auto/TestSimple.xml
----------------- Instantiating /home/travis/build/icyphy/ptII/ptolemy/actor/lib/test/auto/TestSimple.xml
2 ms. Memory: 425984K Free: 298870K (70%)
----------------- Invoking toplevel() on ptolemy.moml.MoMLSimpleApplication@15c20119
----------------- Done invoking toplevel() on ptolemy.moml.MoMLSimpleApplication@15c20119
reloadAllAccessors: .TestSimple

===========================================================================================
----------------- testing Wed Dec 11 06:35:37 UTC 2019 /home/travis/build/icyphy/ptII/ptolemy/actor/lib/test/auto/ThrowModelError.xml
----------------- Instantiating /home/travis/build/icyphy/ptII/ptolemy/actor/lib/test/auto/ThrowModelError.xml
1 ms. Memory: 425984K Free: 294270K (69%)
----------------- Invoking toplevel() on ptolemy.moml.MoMLSimpleApplication@e3f73c7
----------------- Done invoking toplevel() on ptolemy.moml.MoMLSimpleApplication@e3f73c7
reloadAllAccessors: .ThrowModelError

===========================================================================================
----------------- testing Wed Dec 11 06:35:37 UTC 2019 /home/travis/build/icyphy/ptII/ptolemy/actor/lib/test/auto/TimeDelayMicrosteps.xml
----------------- Instantiating /home/travis/build/icyphy/ptII/ptolemy/actor/lib/test/auto/TimeDelayMicrosteps.xml
2 ms. Memory: 425984K Free: 287582K (68%)
----------------- Invoking toplevel() on ptolemy.moml.MoMLSimpleApplication@6ef0d2a7
----------------- Done invoking toplevel() on ptolemy.moml.MoMLSimpleApplication@6ef0d2a7
reloadAllAccessors: .TimeDelayMicrosteps

===========================================================================================
----------------- testing Wed Dec 11 06:35:38 UTC 2019 /home/travis/build/icyphy/ptII/ptolemy/actor/lib/test/auto/TimeDelayMicrosteps2.xml
----------------- Instantiating /home/travis/build/icyphy/ptII/ptolemy/actor/lib/test/auto/TimeDelayMicrosteps2.xml
4 ms. Memory: 425984K Free: 279934K (66%)
----------------- Invoking toplevel() on ptolemy.moml.MoMLSimpleApplication@6729bbf
----------------- Done invoking toplevel() on ptolemy.moml.MoMLSimpleApplication@6729bbf
reloadAllAccessors: .TimeDelayMicrosteps2

===========================================================================================
----------------- testing Wed Dec 11 06:35:38 UTC 2019 /home/travis/build/icyphy/ptII/ptolemy/actor/lib/test/auto/TimeDelayMicrosteps3.xml
----------------- Instantiating /home/travis/build/icyphy/ptII/ptolemy/actor/lib/test/auto/TimeDelayMicrosteps3.xml
3 ms. Memory: 425984K Free: 273262K (64%)
----------------- Invoking toplevel() on ptolemy.moml.MoMLSimpleApplication@7ef3d3ec
----------------- Done invoking toplevel() on ptolemy.moml.MoMLSimpleApplication@7ef3d3ec
reloadAllAccessors: .TimeDelayMicrosteps3

===========================================================================================
----------------- testing Wed Dec 11 06:35:38 UTC 2019 /home/travis/build/icyphy/ptII/ptolemy/actor/lib/test/auto/TimeDelayVariableMicrosteps.xml
----------------- Instantiating /home/travis/build/icyphy/ptII/ptolemy/actor/lib/test/auto/TimeDelayVariableMicrosteps.xml
3 ms. Memory: 425984K Free: 266620K (63%)
----------------- Invoking toplevel() on ptolemy.moml.MoMLSimpleApplication@1748bf35
----------------- Done invoking toplevel() on ptolemy.moml.MoMLSimpleApplication@1748bf35
reloadAllAccessors: .TimeDelayVariableMicrosteps

===========================================================================================
----------------- testing Wed Dec 11 06:35:38 UTC 2019 /home/travis/build/icyphy/ptII/ptolemy/actor/lib/test/auto/TimeGap.xml
----------------- Instantiating /home/travis/build/icyphy/ptII/ptolemy/actor/lib/test/auto/TimeGap.xml
3 ms. Memory: 425984K Free: 261502K (61%)
----------------- Invoking toplevel() on ptolemy.moml.MoMLSimpleApplication@6efb4cab
----------------- Done invoking toplevel() on ptolemy.moml.MoMLSimpleApplication@6efb4cab
reloadAllAccessors: .TimeGap

===========================================================================================
----------------- testing Wed Dec 11 06:35:38 UTC 2019 /home/travis/build/icyphy/ptII/ptolemy/actor/lib/test/auto/TimeGap2.xml
----------------- Instantiating /home/travis/build/icyphy/ptII/ptolemy/actor/lib/test/auto/TimeGap2.xml
2 ms. Memory: 425984K Free: 255358K (60%)
----------------- Invoking toplevel() on ptolemy.moml.MoMLSimpleApplication@2c38c14e
----------------- Done invoking toplevel() on ptolemy.moml.MoMLSimpleApplication@2c38c14e
reloadAllAccessors: .TimeGap2

===========================================================================================
----------------- testing Wed Dec 11 06:35:38 UTC 2019 /home/travis/build/icyphy/ptII/ptolemy/actor/lib/test/auto/TimedSinewave.xml
----------------- Instantiating /home/travis/build/icyphy/ptII/ptolemy/actor/lib/test/auto/TimedSinewave.xml
21 ms. Memory: 425984K Free: 241532K (57%)
----------------- Invoking toplevel() on ptolemy.moml.MoMLSimpleApplication@26bbc503
----------------- Done invoking toplevel() on ptolemy.moml.MoMLSimpleApplication@26bbc503
reloadAllAccessors: .TimedSinewave

===========================================================================================
----------------- testing Wed Dec 11 06:35:38 UTC 2019 /home/travis/build/icyphy/ptII/ptolemy/actor/lib/test/auto/TimedSinewavePhase.xml
----------------- Instantiating /home/travis/build/icyphy/ptII/ptolemy/actor/lib/test/auto/TimedSinewavePhase.xml
9 ms. Memory: 425984K Free: 231806K (54%)
----------------- Invoking toplevel() on ptolemy.moml.MoMLSimpleApplication@3935795c
----------------- Done invoking toplevel() on ptolemy.moml.MoMLSimpleApplication@3935795c
reloadAllAccessors: .TimedSinewavePhase

===========================================================================================
----------------- testing Wed Dec 11 06:35:38 UTC 2019 /home/travis/build/icyphy/ptII/ptolemy/actor/lib/test/auto/Timer.xml
----------------- Instantiating /home/travis/build/icyphy/ptII/ptolemy/actor/lib/test/auto/Timer.xml
2 ms. Memory: 425984K Free: 226166K (53%)
----------------- Invoking toplevel() on ptolemy.moml.MoMLSimpleApplication@46cd1d0b
----------------- Done invoking toplevel() on ptolemy.moml.MoMLSimpleApplication@46cd1d0b
reloadAllAccessors: .Timer

===========================================================================================
----------------- testing Wed Dec 11 06:35:38 UTC 2019 /home/travis/build/icyphy/ptII/ptolemy/actor/lib/test/auto/TriangularDistTestModel.xml
----------------- Instantiating /home/travis/build/icyphy/ptII/ptolemy/actor/lib/test/auto/TriangularDistTestModel.xml
3 ms. Memory: 425984K Free: 220014K (52%)
----------------- Invoking toplevel() on ptolemy.moml.MoMLSimpleApplication@7e502073
----------------- Done invoking toplevel() on ptolemy.moml.MoMLSimpleApplication@7e502073
reloadAllAccessors: .TriangularDistTestModel

===========================================================================================
----------------- testing Wed Dec 11 06:35:38 UTC 2019 /home/travis/build/icyphy/ptII/ptolemy/actor/lib/test/auto/TrigFunction.xml
----------------- Instantiating /home/travis/build/icyphy/ptII/ptolemy/actor/lib/test/auto/TrigFunction.xml
1 ms. Memory: 425984K Free: 214908K (50%)
----------------- Invoking toplevel() on ptolemy.moml.MoMLSimpleApplication@619c0be9
----------------- Done invoking toplevel() on ptolemy.moml.MoMLSimpleApplication@619c0be9
reloadAllAccessors: .TrigFunction

===========================================================================================
----------------- testing Wed Dec 11 06:35:38 UTC 2019 /home/travis/build/icyphy/ptII/ptolemy/actor/lib/test/auto/TrigFunctionDE.xml
----------------- Instantiating /home/travis/build/icyphy/ptII/ptolemy/actor/lib/test/auto/TrigFunctionDE.xml
2 ms. Memory: 425984K Free: 209278K (49%)
----------------- Invoking toplevel() on ptolemy.moml.MoMLSimpleApplication@44325c0e
----------------- Done invoking toplevel() on ptolemy.moml.MoMLSimpleApplication@44325c0e
reloadAllAccessors: .TrigFunctionDE

===========================================================================================
----------------- testing Wed Dec 11 06:35:38 UTC 2019 /home/travis/build/icyphy/ptII/ptolemy/actor/lib/test/auto/TrigFunctionInverse.xml
----------------- Instantiating /home/travis/build/icyphy/ptII/ptolemy/actor/lib/test/auto/TrigFunctionInverse.xml
2 ms. Memory: 425984K Free: 203644K (48%)
----------------- Invoking toplevel() on ptolemy.moml.MoMLSimpleApplication@54076287
----------------- Done invoking toplevel() on ptolemy.moml.MoMLSimpleApplication@54076287
reloadAllAccessors: .TrigFunctionInverse

===========================================================================================
----------------- testing Wed Dec 11 06:35:38 UTC 2019 /home/travis/build/icyphy/ptII/ptolemy/actor/lib/test/auto/TrigFunctionTan.xml
----------------- Instantiating /home/travis/build/icyphy/ptII/ptolemy/actor/lib/test/auto/TrigFunctionTan.xml
2 ms. Memory: 425984K Free: 199548K (47%)
----------------- Invoking toplevel() on ptolemy.moml.MoMLSimpleApplication@416967f1
----------------- Done invoking toplevel() on ptolemy.moml.MoMLSimpleApplication@416967f1
reloadAllAccessors: .TrigFunctionTan

===========================================================================================
----------------- testing Wed Dec 11 06:35:38 UTC 2019 /home/travis/build/icyphy/ptII/ptolemy/actor/lib/test/auto/TriggeredClock.xml
----------------- Instantiating /home/travis/build/icyphy/ptII/ptolemy/actor/lib/test/auto/TriggeredClock.xml
1 ms. Memory: 425984K Free: 194910K (46%)
----------------- Invoking toplevel() on ptolemy.moml.MoMLSimpleApplication@ab1cd8c
----------------- Done invoking toplevel() on ptolemy.moml.MoMLSimpleApplication@ab1cd8c
reloadAllAccessors: .TriggeredClock

===========================================================================================
----------------- testing Wed Dec 11 06:35:38 UTC 2019 /home/travis/build/icyphy/ptII/ptolemy/actor/lib/test/auto/URLDirectoryReader.xml
----------------- Instantiating /home/travis/build/icyphy/ptII/ptolemy/actor/lib/test/auto/URLDirectoryReader.xml
49 ms. Memory: 425984K Free: 185726K (44%)
----------------- Invoking toplevel() on ptolemy.moml.MoMLSimpleApplication@5401c4da
----------------- Done invoking toplevel() on ptolemy.moml.MoMLSimpleApplication@5401c4da
reloadAllAccessors: .URLDirectoryReader

===========================================================================================
----------------- testing Wed Dec 11 06:35:38 UTC 2019 /home/travis/build/icyphy/ptII/ptolemy/actor/lib/test/auto/URLDirectoryReader3.xml
----------------- Instantiating /home/travis/build/icyphy/ptII/ptolemy/actor/lib/test/auto/URLDirectoryReader3.xml
1137 ms. Memory: 425984K Free: 366344K (86%)
----------------- Invoking toplevel() on ptolemy.moml.MoMLSimpleApplication@2084072d
----------------- Done invoking toplevel() on ptolemy.moml.MoMLSimpleApplication@2084072d
reloadAllAccessors: .URLDirectoryReader3

===========================================================================================
----------------- testing Wed Dec 11 06:35:39 UTC 2019 /home/travis/build/icyphy/ptII/ptolemy/actor/lib/test/auto/UnaryMathFunction.xml
----------------- Instantiating /home/travis/build/icyphy/ptII/ptolemy/actor/lib/test/auto/UnaryMathFunction.xml
6 ms. Memory: 425984K Free: 358544K (84%)
----------------- Invoking toplevel() on ptolemy.moml.MoMLSimpleApplication@3305b040
----------------- Done invoking toplevel() on ptolemy.moml.MoMLSimpleApplication@3305b040
reloadAllAccessors: .UnaryMathFunction

===========================================================================================
----------------- testing Wed Dec 11 06:35:39 UTC 2019 /home/travis/build/icyphy/ptII/ptolemy/actor/lib/test/auto/Uniform.xml
----------------- Instantiating /home/travis/build/icyphy/ptII/ptolemy/actor/lib/test/auto/Uniform.xml
4 ms. Memory: 425984K Free: 353934K (83%)
----------------- Invoking toplevel() on ptolemy.moml.MoMLSimpleApplication@3ab8ad6b
----------------- Done invoking toplevel() on ptolemy.moml.MoMLSimpleApplication@3ab8ad6b
reloadAllAccessors: .Uniform

===========================================================================================
----------------- testing Wed Dec 11 06:35:39 UTC 2019 /home/travis/build/icyphy/ptII/ptolemy/actor/lib/test/auto/UnionDisassemblerTest.xml
----------------- Instantiating /home/travis/build/icyphy/ptII/ptolemy/actor/lib/test/auto/UnionDisassemblerTest.xml
22 ms. Memory: 425984K Free: 349824K (82%)
----------------- Invoking toplevel() on ptolemy.moml.MoMLSimpleApplication@d8f8888
----------------- Done invoking toplevel() on ptolemy.moml.MoMLSimpleApplication@d8f8888
reloadAllAccessors: .UnionDisassemblerTest

===========================================================================================
----------------- testing Wed Dec 11 06:35:39 UTC 2019 /home/travis/build/icyphy/ptII/ptolemy/actor/lib/test/auto/UtilityFunctions.xml
----------------- Instantiating /home/travis/build/icyphy/ptII/ptolemy/actor/lib/test/auto/UtilityFunctions.xml
2 ms. Memory: 425984K Free: 346256K (81%)
----------------- Invoking toplevel() on ptolemy.moml.MoMLSimpleApplication@4452b22a
----------------- Done invoking toplevel() on ptolemy.moml.MoMLSimpleApplication@4452b22a
reloadAllAccessors: .UtilityFunctions

===========================================================================================
----------------- testing Wed Dec 11 06:35:39 UTC 2019 /home/travis/build/icyphy/ptII/ptolemy/actor/lib/test/auto/VariableSleep.xml
----------------- Instantiating /home/travis/build/icyphy/ptII/ptolemy/actor/lib/test/auto/VariableSleep.xml
503 ms. Memory: 425984K Free: 341136K (80%)
----------------- Invoking toplevel() on ptolemy.moml.MoMLSimpleApplication@477cd888
----------------- Done invoking toplevel() on ptolemy.moml.MoMLSimpleApplication@477cd888
reloadAllAccessors: .VariableSleep

===========================================================================================
----------------- testing Wed Dec 11 06:35:40 UTC 2019 /home/travis/build/icyphy/ptII/ptolemy/actor/lib/test/auto/VectorAssemblerDisassemblerCT.xml
----------------- Instantiating /home/travis/build/icyphy/ptII/ptolemy/actor/lib/test/auto/VectorAssemblerDisassemblerCT.xml
78 ms. Memory: 425984K Free: 320656K (75%)
----------------- Invoking toplevel() on ptolemy.moml.MoMLSimpleApplication@425515e5
----------------- Done invoking toplevel() on ptolemy.moml.MoMLSimpleApplication@425515e5
reloadAllAccessors: .VectorAssemblerDisassemblerCT

===========================================================================================
----------------- testing Wed Dec 11 06:35:40 UTC 2019 /home/travis/build/icyphy/ptII/ptolemy/actor/lib/test/auto/VectorAssemblerDisassemblerDE.xml
----------------- Instantiating /home/travis/build/icyphy/ptII/ptolemy/actor/lib/test/auto/VectorAssemblerDisassemblerDE.xml
17 ms. Memory: 425984K Free: 313488K (74%)
----------------- Invoking toplevel() on ptolemy.moml.MoMLSimpleApplication@587fc814
----------------- Done invoking toplevel() on ptolemy.moml.MoMLSimpleApplication@587fc814
reloadAllAccessors: .VectorAssemblerDisassemblerDE

===========================================================================================
----------------- testing Wed Dec 11 06:35:40 UTC 2019 /home/travis/build/icyphy/ptII/ptolemy/actor/lib/test/auto/VectorAssemblerDisassemblerSDF.xml
----------------- Instantiating /home/travis/build/icyphy/ptII/ptolemy/actor/lib/test/auto/VectorAssemblerDisassemblerSDF.xml
2 ms. Memory: 425984K Free: 306830K (72%)
----------------- Invoking toplevel() on ptolemy.moml.MoMLSimpleApplication@1433e958
----------------- Done invoking toplevel() on ptolemy.moml.MoMLSimpleApplication@1433e958
reloadAllAccessors: .VectorAssemblerDisassemblerSDF

===========================================================================================
----------------- testing Wed Dec 11 06:35:40 UTC 2019 /home/travis/build/icyphy/ptII/ptolemy/actor/lib/test/auto/WallClockTime.xml
----------------- Instantiating /home/travis/build/icyphy/ptII/ptolemy/actor/lib/test/auto/WallClockTime.xml
1004 ms. Memory: 425984K Free: 301710K (71%)
----------------- Invoking toplevel() on ptolemy.moml.MoMLSimpleApplication@2b5edb00
----------------- Done invoking toplevel() on ptolemy.moml.MoMLSimpleApplication@2b5edb00
reloadAllAccessors: .WallClockTime

===========================================================================================
----------------- testing Wed Dec 11 06:35:41 UTC 2019 /home/travis/build/icyphy/ptII/ptolemy/actor/lib/test/auto/WidthTestWithSubscriberPublisher.xml
----------------- Instantiating /home/travis/build/icyphy/ptII/ptolemy/actor/lib/test/auto/WidthTestWithSubscriberPublisher.xml
7 ms. Memory: 425984K Free: 283278K (66%)
----------------- Invoking toplevel() on ptolemy.moml.MoMLSimpleApplication@55aff98d
----------------- Done invoking toplevel() on ptolemy.moml.MoMLSimpleApplication@55aff98d
reloadAllAccessors: .WidthTestWithSubscriberPublisher

===========================================================================================
----------------- testing Wed Dec 11 06:35:41 UTC 2019 /home/travis/build/icyphy/ptII/ptolemy/actor/lib/test/auto/WidthTestWithSubscriberPublisher2.xml
----------------- Instantiating /home/travis/build/icyphy/ptII/ptolemy/actor/lib/test/auto/WidthTestWithSubscriberPublisher2.xml
2 ms. Memory: 425984K Free: 277134K (65%)
----------------- Invoking toplevel() on ptolemy.moml.MoMLSimpleApplication@f7b992f
----------------- Done invoking toplevel() on ptolemy.moml.MoMLSimpleApplication@f7b992f
reloadAllAccessors: .WidthTestWithSubscriberPublisher2

===========================================================================================
----------------- testing Wed Dec 11 06:35:41 UTC 2019 /home/travis/build/icyphy/ptII/ptolemy/actor/lib/test/auto/WidthTestWithSubscriberPublisher3.xml
----------------- Instantiating /home/travis/build/icyphy/ptII/ptolemy/actor/lib/test/auto/WidthTestWithSubscriberPublisher3.xml
2 ms. Memory: 425984K Free: 270990K (64%)
----------------- Invoking toplevel() on ptolemy.moml.MoMLSimpleApplication@3df603d6
----------------- Done invoking toplevel() on ptolemy.moml.MoMLSimpleApplication@3df603d6
reloadAllAccessors: .WidthTestWithSubscriberPublisher3

===========================================================================================
----------------- testing Wed Dec 11 06:35:41 UTC 2019 /home/travis/build/icyphy/ptII/ptolemy/actor/lib/test/auto/Writer.xml
----------------- Instantiating /home/travis/build/icyphy/ptII/ptolemy/actor/lib/test/auto/Writer.xml
0
1
2
3
4
1 ms. Memory: 425984K Free: 266384K (63%)
----------------- Invoking toplevel() on ptolemy.moml.MoMLSimpleApplication@10384553
----------------- Done invoking toplevel() on ptolemy.moml.MoMLSimpleApplication@10384553
reloadAllAccessors: .Writer

===========================================================================================
----------------- testing Wed Dec 11 06:35:41 UTC 2019 /home/travis/build/icyphy/ptII/ptolemy/actor/lib/test/auto/array.xml
----------------- Instantiating /home/travis/build/icyphy/ptII/ptolemy/actor/lib/test/auto/array.xml
3 ms. Memory: 425984K Free: 261774K (61%)
----------------- Invoking toplevel() on ptolemy.moml.MoMLSimpleApplication@e8b8d4d
----------------- Done invoking toplevel() on ptolemy.moml.MoMLSimpleApplication@e8b8d4d
reloadAllAccessors: .array

===========================================================================================
----------------- testing Wed Dec 11 06:35:41 UTC 2019 /home/travis/build/icyphy/ptII/ptolemy/actor/lib/test/auto/array2.xml
----------------- Instantiating /home/travis/build/icyphy/ptII/ptolemy/actor/lib/test/auto/array2.xml
6 ms. Memory: 425984K Free: 256640K (60%)
----------------- Invoking toplevel() on ptolemy.moml.MoMLSimpleApplication@4b8c68cc
----------------- Done invoking toplevel() on ptolemy.moml.MoMLSimpleApplication@4b8c68cc
reloadAllAccessors: .array2

===========================================================================================
----------------- testing Wed Dec 11 06:35:41 UTC 2019 /home/travis/build/icyphy/ptII/ptolemy/actor/lib/test/auto/arrayType.xml
----------------- Instantiating /home/travis/build/icyphy/ptII/ptolemy/actor/lib/test/auto/arrayType.xml
2 ms. Memory: 425984K Free: 251024K (59%)
----------------- Invoking toplevel() on ptolemy.moml.MoMLSimpleApplication@22d43945
----------------- Done invoking toplevel() on ptolemy.moml.MoMLSimpleApplication@22d43945
reloadAllAccessors: .arrayType

===========================================================================================
----------------- testing Wed Dec 11 06:35:41 UTC 2019 /home/travis/build/icyphy/ptII/ptolemy/actor/lib/test/auto/arrayType10.xml
----------------- Instantiating /home/travis/build/icyphy/ptII/ptolemy/actor/lib/test/auto/arrayType10.xml
1 ms. Memory: 425984K Free: 246414K (58%)
----------------- Invoking toplevel() on ptolemy.moml.MoMLSimpleApplication@2953d12b
----------------- Done invoking toplevel() on ptolemy.moml.MoMLSimpleApplication@2953d12b
reloadAllAccessors: .arrayType10

===========================================================================================
----------------- testing Wed Dec 11 06:35:41 UTC 2019 /home/travis/build/icyphy/ptII/ptolemy/actor/lib/test/auto/arrayType11.xml
----------------- Instantiating /home/travis/build/icyphy/ptII/ptolemy/actor/lib/test/auto/arrayType11.xml
2 ms. Memory: 425984K Free: 241808K (57%)
----------------- Invoking toplevel() on ptolemy.moml.MoMLSimpleApplication@4161b41a
----------------- Done invoking toplevel() on ptolemy.moml.MoMLSimpleApplication@4161b41a
reloadAllAccessors: .arrayType11

===========================================================================================
----------------- testing Wed Dec 11 06:35:41 UTC 2019 /home/travis/build/icyphy/ptII/ptolemy/actor/lib/test/auto/arrayType12.xml
----------------- Instantiating /home/travis/build/icyphy/ptII/ptolemy/actor/lib/test/auto/arrayType12.xml
1 ms. Memory: 425984K Free: 236688K (56%)
----------------- Invoking toplevel() on ptolemy.moml.MoMLSimpleApplication@641cb9e2
----------------- Done invoking toplevel() on ptolemy.moml.MoMLSimpleApplication@641cb9e2
reloadAllAccessors: .arrayType12

===========================================================================================
----------------- testing Wed Dec 11 06:35:41 UTC 2019 /home/travis/build/icyphy/ptII/ptolemy/actor/lib/test/auto/arrayType13.xml
----------------- Instantiating /home/travis/build/icyphy/ptII/ptolemy/actor/lib/test/auto/arrayType13.xml
1 ms. Memory: 425984K Free: 231568K (54%)
----------------- Invoking toplevel() on ptolemy.moml.MoMLSimpleApplication@2cb78829
----------------- Done invoking toplevel() on ptolemy.moml.MoMLSimpleApplication@2cb78829
reloadAllAccessors: .arrayType13

===========================================================================================
----------------- testing Wed Dec 11 06:35:41 UTC 2019 /home/travis/build/icyphy/ptII/ptolemy/actor/lib/test/auto/arrayType14.xml
----------------- Instantiating /home/travis/build/icyphy/ptII/ptolemy/actor/lib/test/auto/arrayType14.xml
2 ms. Memory: 425984K Free: 226448K (53%)
----------------- Invoking toplevel() on ptolemy.moml.MoMLSimpleApplication@5d2c692c
----------------- Done invoking toplevel() on ptolemy.moml.MoMLSimpleApplication@5d2c692c
reloadAllAccessors: .arrayType14

===========================================================================================
----------------- testing Wed Dec 11 06:35:41 UTC 2019 /home/travis/build/icyphy/ptII/ptolemy/actor/lib/test/auto/arrayType15.xml
----------------- Instantiating /home/travis/build/icyphy/ptII/ptolemy/actor/lib/test/auto/arrayType15.xml
3 ms. Memory: 425984K Free: 220814K (52%)
----------------- Invoking toplevel() on ptolemy.moml.MoMLSimpleApplication@34c370f2
----------------- Done invoking toplevel() on ptolemy.moml.MoMLSimpleApplication@34c370f2
reloadAllAccessors: .arrayType15

===========================================================================================
----------------- testing Wed Dec 11 06:35:41 UTC 2019 /home/travis/build/icyphy/ptII/ptolemy/actor/lib/test/auto/arrayType16.xml
----------------- Instantiating /home/travis/build/icyphy/ptII/ptolemy/actor/lib/test/auto/arrayType16.xml
2 ms. Memory: 425984K Free: 215694K (51%)
----------------- Invoking toplevel() on ptolemy.moml.MoMLSimpleApplication@4b6ba3cc
----------------- Done invoking toplevel() on ptolemy.moml.MoMLSimpleApplication@4b6ba3cc
reloadAllAccessors: .arrayType16

===========================================================================================
----------------- testing Wed Dec 11 06:35:41 UTC 2019 /home/travis/build/icyphy/ptII/ptolemy/actor/lib/test/auto/arrayType17.xml
----------------- Instantiating /home/travis/build/icyphy/ptII/ptolemy/actor/lib/test/auto/arrayType17.xml
1 ms. Memory: 425984K Free: 210574K (49%)
----------------- Invoking toplevel() on ptolemy.moml.MoMLSimpleApplication@7b0de886
----------------- Done invoking toplevel() on ptolemy.moml.MoMLSimpleApplication@7b0de886
reloadAllAccessors: .arrayType17

===========================================================================================
----------------- testing Wed Dec 11 06:35:41 UTC 2019 /home/travis/build/icyphy/ptII/ptolemy/actor/lib/test/auto/arrayType18.xml
----------------- Instantiating /home/travis/build/icyphy/ptII/ptolemy/actor/lib/test/auto/arrayType18.xml
1 ms. Memory: 425984K Free: 205454K (48%)
----------------- Invoking toplevel() on ptolemy.moml.MoMLSimpleApplication@211ec6d2
----------------- Done invoking toplevel() on ptolemy.moml.MoMLSimpleApplication@211ec6d2
reloadAllAccessors: .arrayType18

===========================================================================================
----------------- testing Wed Dec 11 06:35:41 UTC 2019 /home/travis/build/icyphy/ptII/ptolemy/actor/lib/test/auto/arrayType19.xml
----------------- Instantiating /home/travis/build/icyphy/ptII/ptolemy/actor/lib/test/auto/arrayType19.xml
1 ms. Memory: 425984K Free: 200848K (47%)
----------------- Invoking toplevel() on ptolemy.moml.MoMLSimpleApplication@3a2c4012
----------------- Done invoking toplevel() on ptolemy.moml.MoMLSimpleApplication@3a2c4012
reloadAllAccessors: .arrayType19

===========================================================================================
----------------- testing Wed Dec 11 06:35:41 UTC 2019 /home/travis/build/icyphy/ptII/ptolemy/actor/lib/test/auto/arrayType2.xml
----------------- Instantiating /home/travis/build/icyphy/ptII/ptolemy/actor/lib/test/auto/arrayType2.xml
1 ms. Memory: 425984K Free: 195214K (46%)
----------------- Invoking toplevel() on ptolemy.moml.MoMLSimpleApplication@6d145af0
----------------- Done invoking toplevel() on ptolemy.moml.MoMLSimpleApplication@6d145af0
reloadAllAccessors: .arrayType2

===========================================================================================
----------------- testing Wed Dec 11 06:35:41 UTC 2019 /home/travis/build/icyphy/ptII/ptolemy/actor/lib/test/auto/arrayType20.xml
----------------- Instantiating /home/travis/build/icyphy/ptII/ptolemy/actor/lib/test/auto/arrayType20.xml
2 ms. Memory: 425984K Free: 190608K (45%)
----------------- Invoking toplevel() on ptolemy.moml.MoMLSimpleApplication@2fc7177a
----------------- Done invoking toplevel() on ptolemy.moml.MoMLSimpleApplication@2fc7177a
reloadAllAccessors: .arrayType20

===========================================================================================
----------------- testing Wed Dec 11 06:35:41 UTC 2019 /home/travis/build/icyphy/ptII/ptolemy/actor/lib/test/auto/arrayType21.xml
----------------- Instantiating /home/travis/build/icyphy/ptII/ptolemy/actor/lib/test/auto/arrayType21.xml
3 ms. Memory: 425984K Free: 185998K (44%)
----------------- Invoking toplevel() on ptolemy.moml.MoMLSimpleApplication@269e2a86
----------------- Done invoking toplevel() on ptolemy.moml.MoMLSimpleApplication@269e2a86
reloadAllAccessors: .arrayType21

===========================================================================================
----------------- testing Wed Dec 11 06:35:41 UTC 2019 /home/travis/build/icyphy/ptII/ptolemy/actor/lib/test/auto/arrayType22.xml
----------------- Instantiating /home/travis/build/icyphy/ptII/ptolemy/actor/lib/test/auto/arrayType22.xml
2 ms. Memory: 425984K Free: 180878K (42%)
----------------- Invoking toplevel() on ptolemy.moml.MoMLSimpleApplication@47bb3083
----------------- Done invoking toplevel() on ptolemy.moml.MoMLSimpleApplication@47bb3083
reloadAllAccessors: .arrayType22

===========================================================================================
----------------- testing Wed Dec 11 06:35:41 UTC 2019 /home/travis/build/icyphy/ptII/ptolemy/actor/lib/test/auto/arrayType23.xml
----------------- Instantiating /home/travis/build/icyphy/ptII/ptolemy/actor/lib/test/auto/arrayType23.xml
1 ms. Memory: 425984K Free: 176272K (41%)
----------------- Invoking toplevel() on ptolemy.moml.MoMLSimpleApplication@510f7b80
----------------- Done invoking toplevel() on ptolemy.moml.MoMLSimpleApplication@510f7b80
reloadAllAccessors: .arrayType23

===========================================================================================
----------------- testing Wed Dec 11 06:35:42 UTC 2019 /home/travis/build/icyphy/ptII/ptolemy/actor/lib/test/auto/arrayType24.xml
----------------- Instantiating /home/travis/build/icyphy/ptII/ptolemy/actor/lib/test/auto/arrayType24.xml
6 ms. Memory: 425984K Free: 171662K (40%)
----------------- Invoking toplevel() on ptolemy.moml.MoMLSimpleApplication@7da74ba5
----------------- Done invoking toplevel() on ptolemy.moml.MoMLSimpleApplication@7da74ba5
reloadAllAccessors: .arrayType24

===========================================================================================
----------------- testing Wed Dec 11 06:35:42 UTC 2019 /home/travis/build/icyphy/ptII/ptolemy/actor/lib/test/auto/arrayType25.xml
----------------- Instantiating /home/travis/build/icyphy/ptII/ptolemy/actor/lib/test/auto/arrayType25.xml
2 ms. Memory: 425984K Free: 166032K (39%)
----------------- Invoking toplevel() on ptolemy.moml.MoMLSimpleApplication@62fd0d40
----------------- Done invoking toplevel() on ptolemy.moml.MoMLSimpleApplication@62fd0d40
reloadAllAccessors: .arrayType25

===========================================================================================
----------------- testing Wed Dec 11 06:35:42 UTC 2019 /home/travis/build/icyphy/ptII/ptolemy/actor/lib/test/auto/arrayType26.xml
----------------- Instantiating /home/travis/build/icyphy/ptII/ptolemy/actor/lib/test/auto/arrayType26.xml
2 ms. Memory: 425984K Free: 160912K (38%)
----------------- Invoking toplevel() on ptolemy.moml.MoMLSimpleApplication@6a81fd09
----------------- Done invoking toplevel() on ptolemy.moml.MoMLSimpleApplication@6a81fd09
reloadAllAccessors: .arrayType26

===========================================================================================
----------------- testing Wed Dec 11 06:35:42 UTC 2019 /home/travis/build/icyphy/ptII/ptolemy/actor/lib/test/auto/arrayType27.xml
----------------- Instantiating /home/travis/build/icyphy/ptII/ptolemy/actor/lib/test/auto/arrayType27.xml
2 ms. Memory: 425984K Free: 155278K (36%)
----------------- Invoking toplevel() on ptolemy.moml.MoMLSimpleApplication@7b01db1f
----------------- Done invoking toplevel() on ptolemy.moml.MoMLSimpleApplication@7b01db1f
reloadAllAccessors: .arrayType27

===========================================================================================
----------------- testing Wed Dec 11 06:35:42 UTC 2019 /home/travis/build/icyphy/ptII/ptolemy/actor/lib/test/auto/arrayType28.xml
----------------- Instantiating /home/travis/build/icyphy/ptII/ptolemy/actor/lib/test/auto/arrayType28.xml
1 ms. Memory: 425984K Free: 150158K (35%)
----------------- Invoking toplevel() on ptolemy.moml.MoMLSimpleApplication@64f011a3
----------------- Done invoking toplevel() on ptolemy.moml.MoMLSimpleApplication@64f011a3
reloadAllAccessors: .arrayType28

===========================================================================================
----------------- testing Wed Dec 11 06:35:42 UTC 2019 /home/travis/build/icyphy/ptII/ptolemy/actor/lib/test/auto/arrayType3.xml
----------------- Instantiating /home/travis/build/icyphy/ptII/ptolemy/actor/lib/test/auto/arrayType3.xml
1 ms. Memory: 425984K Free: 145038K (34%)
----------------- Invoking toplevel() on ptolemy.moml.MoMLSimpleApplication@137e2daf
----------------- Done invoking toplevel() on ptolemy.moml.MoMLSimpleApplication@137e2daf
reloadAllAccessors: .arrayType3

===========================================================================================
----------------- testing Wed Dec 11 06:35:42 UTC 2019 /home/travis/build/icyphy/ptII/ptolemy/actor/lib/test/auto/arrayType4.xml
----------------- Instantiating /home/travis/build/icyphy/ptII/ptolemy/actor/lib/test/auto/arrayType4.xml
1 ms. Memory: 425984K Free: 139408K (33%)
----------------- Invoking toplevel() on ptolemy.moml.MoMLSimpleApplication@141257c5
----------------- Done invoking toplevel() on ptolemy.moml.MoMLSimpleApplication@141257c5
reloadAllAccessors: .arrayType4

===========================================================================================
----------------- testing Wed Dec 11 06:35:42 UTC 2019 /home/travis/build/icyphy/ptII/ptolemy/actor/lib/test/auto/arrayType5.xml
----------------- Instantiating /home/travis/build/icyphy/ptII/ptolemy/actor/lib/test/auto/arrayType5.xml
1 ms. Memory: 425984K Free: 134288K (32%)
----------------- Invoking toplevel() on ptolemy.moml.MoMLSimpleApplication@4cfcb6f4
----------------- Done invoking toplevel() on ptolemy.moml.MoMLSimpleApplication@4cfcb6f4
reloadAllAccessors: .arrayType5

===========================================================================================
----------------- testing Wed Dec 11 06:35:42 UTC 2019 /home/travis/build/icyphy/ptII/ptolemy/actor/lib/test/auto/arrayType6.xml
----------------- Instantiating /home/travis/build/icyphy/ptII/ptolemy/actor/lib/test/auto/arrayType6.xml
1 ms. Memory: 425984K Free: 129678K (30%)
----------------- Invoking toplevel() on ptolemy.moml.MoMLSimpleApplication@458d9aee
----------------- Done invoking toplevel() on ptolemy.moml.MoMLSimpleApplication@458d9aee
reloadAllAccessors: .arrayType6

===========================================================================================
----------------- testing Wed Dec 11 06:35:42 UTC 2019 /home/travis/build/icyphy/ptII/ptolemy/actor/lib/test/auto/arrayType7.xml
----------------- Instantiating /home/travis/build/icyphy/ptII/ptolemy/actor/lib/test/auto/arrayType7.xml
7 ms. Memory: 425984K Free: 124558K (29%)
----------------- Invoking toplevel() on ptolemy.moml.MoMLSimpleApplication@25d0ccb4
----------------- Done invoking toplevel() on ptolemy.moml.MoMLSimpleApplication@25d0ccb4
reloadAllAccessors: .arrayType7

===========================================================================================
----------------- testing Wed Dec 11 06:35:42 UTC 2019 /home/travis/build/icyphy/ptII/ptolemy/actor/lib/test/auto/arrayType8.xml
----------------- Instantiating /home/travis/build/icyphy/ptII/ptolemy/actor/lib/test/auto/arrayType8.xml
2 ms. Memory: 425984K Free: 369098K (87%)
----------------- Invoking toplevel() on ptolemy.moml.MoMLSimpleApplication@5cb9e031
----------------- Done invoking toplevel() on ptolemy.moml.MoMLSimpleApplication@5cb9e031
reloadAllAccessors: .arrayType8

===========================================================================================
----------------- testing Wed Dec 11 06:35:42 UTC 2019 /home/travis/build/icyphy/ptII/ptolemy/actor/lib/test/auto/arrayType9.xml
----------------- Instantiating /home/travis/build/icyphy/ptII/ptolemy/actor/lib/test/auto/arrayType9.xml
1 ms. Memory: 425984K Free: 363978K (85%)
----------------- Invoking toplevel() on ptolemy.moml.MoMLSimpleApplication@21f47c59
----------------- Done invoking toplevel() on ptolemy.moml.MoMLSimpleApplication@21f47c59
reloadAllAccessors: .arrayType9

===========================================================================================
----------------- testing Wed Dec 11 06:35:42 UTC 2019 /home/travis/build/icyphy/ptII/ptolemy/actor/lib/test/auto/cast.xml
----------------- Instantiating /home/travis/build/icyphy/ptII/ptolemy/actor/lib/test/auto/cast.xml
2 ms. Memory: 425984K Free: 359368K (84%)
----------------- Invoking toplevel() on ptolemy.moml.MoMLSimpleApplication@a5429eb
----------------- Done invoking toplevel() on ptolemy.moml.MoMLSimpleApplication@a5429eb
reloadAllAccessors: .cast

===========================================================================================
----------------- testing Wed Dec 11 06:35:42 UTC 2019 /home/travis/build/icyphy/ptII/ptolemy/actor/lib/test/auto/compositeMultiPort.xml
----------------- Instantiating /home/travis/build/icyphy/ptII/ptolemy/actor/lib/test/auto/compositeMultiPort.xml
3 ms. Memory: 425984K Free: 350666K (82%)
----------------- Invoking toplevel() on ptolemy.moml.MoMLSimpleApplication@2c23a3d6
----------------- Done invoking toplevel() on ptolemy.moml.MoMLSimpleApplication@2c23a3d6
reloadAllAccessors: .compositeMultiPort

===========================================================================================
----------------- testing Wed Dec 11 06:35:42 UTC 2019 /home/travis/build/icyphy/ptII/ptolemy/actor/lib/test/auto/expressionCastInference.xml
----------------- Instantiating /home/travis/build/icyphy/ptII/ptolemy/actor/lib/test/auto/expressionCastInference.xml
36 ms. Memory: 425984K Free: 345546K (81%)
----------------- Invoking toplevel() on ptolemy.moml.MoMLSimpleApplication@5af9dec4
----------------- Done invoking toplevel() on ptolemy.moml.MoMLSimpleApplication@5af9dec4
reloadAllAccessors: .expressionCastInference

===========================================================================================
----------------- testing Wed Dec 11 06:35:42 UTC 2019 /home/travis/build/icyphy/ptII/ptolemy/actor/lib/test/auto/expressionCastInference2.xml
----------------- Instantiating /home/travis/build/icyphy/ptII/ptolemy/actor/lib/test/auto/expressionCastInference2.xml
2 ms. Memory: 425984K Free: 340936K (80%)
----------------- Invoking toplevel() on ptolemy.moml.MoMLSimpleApplication@72f18b93
----------------- Done invoking toplevel() on ptolemy.moml.MoMLSimpleApplication@72f18b93
reloadAllAccessors: .expressionCastInference2

===========================================================================================
----------------- testing Wed Dec 11 06:35:42 UTC 2019 /home/travis/build/icyphy/ptII/ptolemy/actor/lib/test/auto/expressionInference.xml
----------------- Instantiating /home/travis/build/icyphy/ptII/ptolemy/actor/lib/test/auto/expressionInference.xml
1 ms. Memory: 425984K Free: 336330K (79%)
----------------- Invoking toplevel() on ptolemy.moml.MoMLSimpleApplication@36a1384f
----------------- Done invoking toplevel() on ptolemy.moml.MoMLSimpleApplication@36a1384f
reloadAllAccessors: .expressionInference

===========================================================================================
----------------- testing Wed Dec 11 06:35:42 UTC 2019 /home/travis/build/icyphy/ptII/ptolemy/actor/lib/test/auto/expression_bug.xml
----------------- Instantiating /home/travis/build/icyphy/ptII/ptolemy/actor/lib/test/auto/expression_bug.xml
1 ms. Memory: 425984K Free: 332234K (78%)
----------------- Invoking toplevel() on ptolemy.moml.MoMLSimpleApplication@7b8b0b05
----------------- Done invoking toplevel() on ptolemy.moml.MoMLSimpleApplication@7b8b0b05
reloadAllAccessors: .expression_bug

===========================================================================================
----------------- testing Wed Dec 11 06:35:42 UTC 2019 /home/travis/build/icyphy/ptII/ptolemy/actor/lib/test/auto/factorial.xml
----------------- Instantiating /home/travis/build/icyphy/ptII/ptolemy/actor/lib/test/auto/factorial.xml
28 ms. Memory: 425984K Free: 323528K (76%)
----------------- Invoking toplevel() on ptolemy.moml.MoMLSimpleApplication@6418a39c
----------------- Done invoking toplevel() on ptolemy.moml.MoMLSimpleApplication@6418a39c
reloadAllAccessors: .factorial

===========================================================================================
----------------- testing Wed Dec 11 06:35:42 UTC 2019 /home/travis/build/icyphy/ptII/ptolemy/actor/lib/test/auto/filterTest1.xml
----------------- Instantiating /home/travis/build/icyphy/ptII/ptolemy/actor/lib/test/auto/filterTest1.xml
3 ms. Memory: 425984K Free: 317898K (75%)
----------------- Invoking toplevel() on ptolemy.moml.MoMLSimpleApplication@1abccc83
----------------- Done invoking toplevel() on ptolemy.moml.MoMLSimpleApplication@1abccc83
reloadAllAccessors: .filterTest1

===========================================================================================
----------------- testing Wed Dec 11 06:35:42 UTC 2019 /home/travis/build/icyphy/ptII/ptolemy/actor/lib/test/auto/funcApplyInConst.xml
----------------- Instantiating /home/travis/build/icyphy/ptII/ptolemy/actor/lib/test/auto/funcApplyInConst.xml
1 ms. Memory: 425984K Free: 314312K (74%)
----------------- Invoking toplevel() on ptolemy.moml.MoMLSimpleApplication@6b88e533
----------------- Done invoking toplevel() on ptolemy.moml.MoMLSimpleApplication@6b88e533
reloadAllAccessors: .funcApplyInConst

===========================================================================================
----------------- testing Wed Dec 11 06:35:42 UTC 2019 /home/travis/build/icyphy/ptII/ptolemy/actor/lib/test/auto/funcApplyInExpr.xml
----------------- Instantiating /home/travis/build/icyphy/ptII/ptolemy/actor/lib/test/auto/funcApplyInExpr.xml
2 ms. Memory: 425984K Free: 310216K (73%)
----------------- Invoking toplevel() on ptolemy.moml.MoMLSimpleApplication@2182ae42
----------------- Done invoking toplevel() on ptolemy.moml.MoMLSimpleApplication@2182ae42
reloadAllAccessors: .funcApplyInExpr

===========================================================================================
----------------- testing Wed Dec 11 06:35:42 UTC 2019 /home/travis/build/icyphy/ptII/ptolemy/actor/lib/test/auto/function.xml
----------------- Instantiating /home/travis/build/icyphy/ptII/ptolemy/actor/lib/test/auto/function.xml
2 ms. Memory: 425984K Free: 305610K (72%)
----------------- Invoking toplevel() on ptolemy.moml.MoMLSimpleApplication@737475af
----------------- Done invoking toplevel() on ptolemy.moml.MoMLSimpleApplication@737475af
reloadAllAccessors: .function

===========================================================================================
----------------- testing Wed Dec 11 06:35:42 UTC 2019 /home/travis/build/icyphy/ptII/ptolemy/actor/lib/test/auto/function2.xml
----------------- Instantiating /home/travis/build/icyphy/ptII/ptolemy/actor/lib/test/auto/function2.xml
3 ms. Memory: 425984K Free: 300490K (71%)
----------------- Invoking toplevel() on ptolemy.moml.MoMLSimpleApplication@12d7d88b
----------------- Done invoking toplevel() on ptolemy.moml.MoMLSimpleApplication@12d7d88b
reloadAllAccessors: .function2

===========================================================================================
----------------- testing Wed Dec 11 06:35:42 UTC 2019 /home/travis/build/icyphy/ptII/ptolemy/actor/lib/test/auto/function3.xml
----------------- Instantiating /home/travis/build/icyphy/ptII/ptolemy/actor/lib/test/auto/function3.xml
2 ms. Memory: 425984K Free: 296904K (70%)
----------------- Invoking toplevel() on ptolemy.moml.MoMLSimpleApplication@6cb0812c
----------------- Done invoking toplevel() on ptolemy.moml.MoMLSimpleApplication@6cb0812c
reloadAllAccessors: .function3

===========================================================================================
----------------- testing Wed Dec 11 06:35:42 UTC 2019 /home/travis/build/icyphy/ptII/ptolemy/actor/lib/test/auto/functionClosureTest1.xml
----------------- Instantiating /home/travis/build/icyphy/ptII/ptolemy/actor/lib/test/auto/functionClosureTest1.xml
2 ms. Memory: 425984K Free: 290754K (68%)
----------------- Invoking toplevel() on ptolemy.moml.MoMLSimpleApplication@c16dc48
----------------- Done invoking toplevel() on ptolemy.moml.MoMLSimpleApplication@c16dc48
reloadAllAccessors: .functionClosureTest1

===========================================================================================
----------------- testing Wed Dec 11 06:35:42 UTC 2019 /home/travis/build/icyphy/ptII/ptolemy/actor/lib/test/auto/functionClosureTest2.xml
----------------- Instantiating /home/travis/build/icyphy/ptII/ptolemy/actor/lib/test/auto/functionClosureTest2.xml
2 ms. Memory: 425984K Free: 287178K (67%)
----------------- Invoking toplevel() on ptolemy.moml.MoMLSimpleApplication@1029f477
----------------- Done invoking toplevel() on ptolemy.moml.MoMLSimpleApplication@1029f477
reloadAllAccessors: .functionClosureTest2

===========================================================================================
----------------- testing Wed Dec 11 06:35:42 UTC 2019 /home/travis/build/icyphy/ptII/ptolemy/actor/lib/test/auto/functionClosureTest3.xml
----------------- Instantiating /home/travis/build/icyphy/ptII/ptolemy/actor/lib/test/auto/functionClosureTest3.xml
2 ms. Memory: 425984K Free: 281530K (66%)
----------------- Invoking toplevel() on ptolemy.moml.MoMLSimpleApplication@27f2bfd3
----------------- Done invoking toplevel() on ptolemy.moml.MoMLSimpleApplication@27f2bfd3
reloadAllAccessors: .functionClosureTest3

===========================================================================================
----------------- testing Wed Dec 11 06:35:42 UTC 2019 /home/travis/build/icyphy/ptII/ptolemy/actor/lib/test/auto/functionClosureTest4.xml
----------------- Instantiating /home/travis/build/icyphy/ptII/ptolemy/actor/lib/test/auto/functionClosureTest4.xml
4 ms. Memory: 425984K Free: 275400K (65%)
----------------- Invoking toplevel() on ptolemy.moml.MoMLSimpleApplication@77854b63
----------------- Done invoking toplevel() on ptolemy.moml.MoMLSimpleApplication@77854b63
reloadAllAccessors: .functionClosureTest4

===========================================================================================
----------------- testing Wed Dec 11 06:35:42 UTC 2019 /home/travis/build/icyphy/ptII/ptolemy/actor/lib/test/auto/functionClosureTest5.xml
----------------- Instantiating /home/travis/build/icyphy/ptII/ptolemy/actor/lib/test/auto/functionClosureTest5.xml
4 ms. Memory: 425984K Free: 270266K (63%)
----------------- Invoking toplevel() on ptolemy.moml.MoMLSimpleApplication@7881e283
----------------- Done invoking toplevel() on ptolemy.moml.MoMLSimpleApplication@7881e283
reloadAllAccessors: .functionClosureTest5

===========================================================================================
----------------- testing Wed Dec 11 06:35:42 UTC 2019 /home/travis/build/icyphy/ptII/ptolemy/actor/lib/test/auto/functionClosureTest6.xml
----------------- Instantiating /home/travis/build/icyphy/ptII/ptolemy/actor/lib/test/auto/functionClosureTest6.xml
1 ms. Memory: 425984K Free: 265154K (62%)
----------------- Invoking toplevel() on ptolemy.moml.MoMLSimpleApplication@6452fc30
----------------- Done invoking toplevel() on ptolemy.moml.MoMLSimpleApplication@6452fc30
reloadAllAccessors: .functionClosureTest6

===========================================================================================
----------------- testing Wed Dec 11 06:35:42 UTC 2019 /home/travis/build/icyphy/ptII/ptolemy/actor/lib/test/auto/functionsOnArcs.xml
----------------- Instantiating /home/travis/build/icyphy/ptII/ptolemy/actor/lib/test/auto/functionsOnArcs.xml
2 ms. Memory: 425984K Free: 260040K (61%)
----------------- Invoking toplevel() on ptolemy.moml.MoMLSimpleApplication@7a3d1942
----------------- Done invoking toplevel() on ptolemy.moml.MoMLSimpleApplication@7a3d1942
reloadAllAccessors: .functionsOnArcs

===========================================================================================
----------------- testing Wed Dec 11 06:35:42 UTC 2019 /home/travis/build/icyphy/ptII/ptolemy/actor/lib/test/auto/functionsOnArcsHOF.xml
----------------- Instantiating /home/travis/build/icyphy/ptII/ptolemy/actor/lib/test/auto/functionsOnArcsHOF.xml
4 ms. Memory: 425984K Free: 253896K (60%)
----------------- Invoking toplevel() on ptolemy.moml.MoMLSimpleApplication@5b74e991
----------------- Done invoking toplevel() on ptolemy.moml.MoMLSimpleApplication@5b74e991
reloadAllAccessors: .functionsOnArcsHOF

===========================================================================================
----------------- testing Wed Dec 11 06:35:42 UTC 2019 /home/travis/build/icyphy/ptII/ptolemy/actor/lib/test/auto/logic.xml
----------------- Instantiating /home/travis/build/icyphy/ptII/ptolemy/actor/lib/test/auto/logic.xml
2 ms. Memory: 425984K Free: 246728K (58%)
----------------- Invoking toplevel() on ptolemy.moml.MoMLSimpleApplication@6a9e25e1
----------------- Done invoking toplevel() on ptolemy.moml.MoMLSimpleApplication@6a9e25e1
reloadAllAccessors: .logic

===========================================================================================
----------------- testing Wed Dec 11 06:35:42 UTC 2019 /home/travis/build/icyphy/ptII/ptolemy/actor/lib/test/auto/matrixType.xml
----------------- Instantiating /home/travis/build/icyphy/ptII/ptolemy/actor/lib/test/auto/matrixType.xml
2 ms. Memory: 425984K Free: 241608K (57%)
----------------- Invoking toplevel() on ptolemy.moml.MoMLSimpleApplication@6947b1e2
----------------- Done invoking toplevel() on ptolemy.moml.MoMLSimpleApplication@6947b1e2
reloadAllAccessors: .matrixType

===========================================================================================
----------------- testing Wed Dec 11 06:35:42 UTC 2019 /home/travis/build/icyphy/ptII/ptolemy/actor/lib/test/auto/matrixType10.xml
----------------- Instantiating /home/travis/build/icyphy/ptII/ptolemy/actor/lib/test/auto/matrixType10.xml
2 ms. Memory: 425984K Free: 237002K (56%)
----------------- Invoking toplevel() on ptolemy.moml.MoMLSimpleApplication@4fea5c88
----------------- Done invoking toplevel() on ptolemy.moml.MoMLSimpleApplication@4fea5c88
reloadAllAccessors: .matrixType10

===========================================================================================
----------------- testing Wed Dec 11 06:35:42 UTC 2019 /home/travis/build/icyphy/ptII/ptolemy/actor/lib/test/auto/matrixType11.xml
----------------- Instantiating /home/travis/build/icyphy/ptII/ptolemy/actor/lib/test/auto/matrixType11.xml
1 ms. Memory: 425984K Free: 231882K (54%)
----------------- Invoking toplevel() on ptolemy.moml.MoMLSimpleApplication@3af79758
----------------- Done invoking toplevel() on ptolemy.moml.MoMLSimpleApplication@3af79758
reloadAllAccessors: .matrixType11

===========================================================================================
----------------- testing Wed Dec 11 06:35:42 UTC 2019 /home/travis/build/icyphy/ptII/ptolemy/actor/lib/test/auto/matrixType12.xml
----------------- Instantiating /home/travis/build/icyphy/ptII/ptolemy/actor/lib/test/auto/matrixType12.xml
1 ms. Memory: 425984K Free: 227272K (53%)
----------------- Invoking toplevel() on ptolemy.moml.MoMLSimpleApplication@1828e247
----------------- Done invoking toplevel() on ptolemy.moml.MoMLSimpleApplication@1828e247
reloadAllAccessors: .matrixType12

===========================================================================================
----------------- testing Wed Dec 11 06:35:42 UTC 2019 /home/travis/build/icyphy/ptII/ptolemy/actor/lib/test/auto/matrixType13.xml
----------------- Instantiating /home/travis/build/icyphy/ptII/ptolemy/actor/lib/test/auto/matrixType13.xml
1 ms. Memory: 425984K Free: 222152K (52%)
----------------- Invoking toplevel() on ptolemy.moml.MoMLSimpleApplication@34bb3208
----------------- Done invoking toplevel() on ptolemy.moml.MoMLSimpleApplication@34bb3208
reloadAllAccessors: .matrixType13

===========================================================================================
----------------- testing Wed Dec 11 06:35:42 UTC 2019 /home/travis/build/icyphy/ptII/ptolemy/actor/lib/test/auto/matrixType14.xml
----------------- Instantiating /home/travis/build/icyphy/ptII/ptolemy/actor/lib/test/auto/matrixType14.xml
1 ms. Memory: 425984K Free: 217032K (51%)
----------------- Invoking toplevel() on ptolemy.moml.MoMLSimpleApplication@13605180
----------------- Done invoking toplevel() on ptolemy.moml.MoMLSimpleApplication@13605180
reloadAllAccessors: .matrixType14

===========================================================================================
----------------- testing Wed Dec 11 06:35:42 UTC 2019 /home/travis/build/icyphy/ptII/ptolemy/actor/lib/test/auto/matrixType2.xml
----------------- Instantiating /home/travis/build/icyphy/ptII/ptolemy/actor/lib/test/auto/matrixType2.xml
1 ms. Memory: 425984K Free: 211912K (50%)
----------------- Invoking toplevel() on ptolemy.moml.MoMLSimpleApplication@5c26b885
----------------- Done invoking toplevel() on ptolemy.moml.MoMLSimpleApplication@5c26b885
reloadAllAccessors: .matrixType2

===========================================================================================
----------------- testing Wed Dec 11 06:35:42 UTC 2019 /home/travis/build/icyphy/ptII/ptolemy/actor/lib/test/auto/matrixType3.xml
----------------- Instantiating /home/travis/build/icyphy/ptII/ptolemy/actor/lib/test/auto/matrixType3.xml
4 ms. Memory: 425984K Free: 207306K (49%)
----------------- Invoking toplevel() on ptolemy.moml.MoMLSimpleApplication@4e4b015c
----------------- Done invoking toplevel() on ptolemy.moml.MoMLSimpleApplication@4e4b015c
reloadAllAccessors: .matrixType3

===========================================================================================
----------------- testing Wed Dec 11 06:35:42 UTC 2019 /home/travis/build/icyphy/ptII/ptolemy/actor/lib/test/auto/matrixType4.xml
----------------- Instantiating /home/travis/build/icyphy/ptII/ptolemy/actor/lib/test/auto/matrixType4.xml
1 ms. Memory: 425984K Free: 202186K (47%)
----------------- Invoking toplevel() on ptolemy.moml.MoMLSimpleApplication@5181ebf2
----------------- Done invoking toplevel() on ptolemy.moml.MoMLSimpleApplication@5181ebf2
reloadAllAccessors: .matrixType4

===========================================================================================
----------------- testing Wed Dec 11 06:35:42 UTC 2019 /home/travis/build/icyphy/ptII/ptolemy/actor/lib/test/auto/matrixType5.xml
----------------- Instantiating /home/travis/build/icyphy/ptII/ptolemy/actor/lib/test/auto/matrixType5.xml
1 ms. Memory: 425984K Free: 197576K (46%)
----------------- Invoking toplevel() on ptolemy.moml.MoMLSimpleApplication@739b13c5
----------------- Done invoking toplevel() on ptolemy.moml.MoMLSimpleApplication@739b13c5
reloadAllAccessors: .matrixType5

===========================================================================================
----------------- testing Wed Dec 11 06:35:42 UTC 2019 /home/travis/build/icyphy/ptII/ptolemy/actor/lib/test/auto/matrixType6.xml
----------------- Instantiating /home/travis/build/icyphy/ptII/ptolemy/actor/lib/test/auto/matrixType6.xml
2 ms. Memory: 425984K Free: 192456K (45%)
----------------- Invoking toplevel() on ptolemy.moml.MoMLSimpleApplication@36748460
----------------- Done invoking toplevel() on ptolemy.moml.MoMLSimpleApplication@36748460
reloadAllAccessors: .matrixType6

===========================================================================================
----------------- testing Wed Dec 11 06:35:42 UTC 2019 /home/travis/build/icyphy/ptII/ptolemy/actor/lib/test/auto/matrixType7.xml
----------------- Instantiating /home/travis/build/icyphy/ptII/ptolemy/actor/lib/test/auto/matrixType7.xml
2 ms. Memory: 425984K Free: 187850K (44%)
----------------- Invoking toplevel() on ptolemy.moml.MoMLSimpleApplication@7590f345
----------------- Done invoking toplevel() on ptolemy.moml.MoMLSimpleApplication@7590f345
reloadAllAccessors: .matrixType7

===========================================================================================
----------------- testing Wed Dec 11 06:35:42 UTC 2019 /home/travis/build/icyphy/ptII/ptolemy/actor/lib/test/auto/matrixType8.xml
----------------- Instantiating /home/travis/build/icyphy/ptII/ptolemy/actor/lib/test/auto/matrixType8.xml
2 ms. Memory: 425984K Free: 182730K (43%)
----------------- Invoking toplevel() on ptolemy.moml.MoMLSimpleApplication@57ef1ba9
----------------- Done invoking toplevel() on ptolemy.moml.MoMLSimpleApplication@57ef1ba9
reloadAllAccessors: .matrixType8

===========================================================================================
----------------- testing Wed Dec 11 06:35:43 UTC 2019 /home/travis/build/icyphy/ptII/ptolemy/actor/lib/test/auto/matrixType9.xml
----------------- Instantiating /home/travis/build/icyphy/ptII/ptolemy/actor/lib/test/auto/matrixType9.xml
1 ms. Memory: 425984K Free: 178120K (42%)
----------------- Invoking toplevel() on ptolemy.moml.MoMLSimpleApplication@1c2c20aa
----------------- Done invoking toplevel() on ptolemy.moml.MoMLSimpleApplication@1c2c20aa
reloadAllAccessors: .matrixType9

===========================================================================================
----------------- testing Wed Dec 11 06:35:43 UTC 2019 /home/travis/build/icyphy/ptII/ptolemy/actor/lib/test/auto/paraFunctest.xml
----------------- Instantiating /home/travis/build/icyphy/ptII/ptolemy/actor/lib/test/auto/paraFunctest.xml
1 ms. Memory: 425984K Free: 173514K (41%)
----------------- Invoking toplevel() on ptolemy.moml.MoMLSimpleApplication@68d9762
----------------- Done invoking toplevel() on ptolemy.moml.MoMLSimpleApplication@68d9762
reloadAllAccessors: .paraFunctest

===========================================================================================
----------------- testing Wed Dec 11 06:35:43 UTC 2019 /home/travis/build/icyphy/ptII/ptolemy/actor/lib/test/auto/paraFunctest2.xml
----------------- Instantiating /home/travis/build/icyphy/ptII/ptolemy/actor/lib/test/auto/paraFunctest2.xml
1 ms. Memory: 425984K Free: 168904K (40%)
----------------- Invoking toplevel() on ptolemy.moml.MoMLSimpleApplication@2ce187a2
----------------- Done invoking toplevel() on ptolemy.moml.MoMLSimpleApplication@2ce187a2
reloadAllAccessors: .paraFunctest2

===========================================================================================
----------------- testing Wed Dec 11 06:35:43 UTC 2019 /home/travis/build/icyphy/ptII/ptolemy/actor/lib/test/auto/parameterPassing.xml
----------------- Instantiating /home/travis/build/icyphy/ptII/ptolemy/actor/lib/test/auto/parameterPassing.xml
1 ms. Memory: 425984K Free: 164298K (39%)
----------------- Invoking toplevel() on ptolemy.moml.MoMLSimpleApplication@5b75f34c
----------------- Done invoking toplevel() on ptolemy.moml.MoMLSimpleApplication@5b75f34c
reloadAllAccessors: .parameterPassing

===========================================================================================
----------------- testing Wed Dec 11 06:35:43 UTC 2019 /home/travis/build/icyphy/ptII/ptolemy/actor/lib/test/auto/record.xml
----------------- Instantiating /home/travis/build/icyphy/ptII/ptolemy/actor/lib/test/auto/record.xml
2 ms. Memory: 425984K Free: 159688K (37%)
----------------- Invoking toplevel() on ptolemy.moml.MoMLSimpleApplication@bea47d1
----------------- Done invoking toplevel() on ptolemy.moml.MoMLSimpleApplication@bea47d1
reloadAllAccessors: .record

===========================================================================================
----------------- testing Wed Dec 11 06:35:43 UTC 2019 /home/travis/build/icyphy/ptII/ptolemy/actor/lib/test/auto/sizedarray1.xml
----------------- Instantiating /home/travis/build/icyphy/ptII/ptolemy/actor/lib/test/auto/sizedarray1.xml
2 ms. Memory: 425984K Free: 154058K (36%)
----------------- Invoking toplevel() on ptolemy.moml.MoMLSimpleApplication@53e07719
----------------- Done invoking toplevel() on ptolemy.moml.MoMLSimpleApplication@53e07719
reloadAllAccessors: .sizedarray1

===========================================================================================
----------------- testing Wed Dec 11 06:35:43 UTC 2019 /home/travis/build/icyphy/ptII/ptolemy/actor/lib/test/auto/sizedarray2.xml
----------------- Instantiating /home/travis/build/icyphy/ptII/ptolemy/actor/lib/test/auto/sizedarray2.xml
3 ms. Memory: 425984K Free: 148424K (35%)
----------------- Invoking toplevel() on ptolemy.moml.MoMLSimpleApplication@3e442ec5
----------------- Done invoking toplevel() on ptolemy.moml.MoMLSimpleApplication@3e442ec5
reloadAllAccessors: .sizedarray2

===========================================================================================
----------------- testing Wed Dec 11 06:35:43 UTC 2019 /home/travis/build/icyphy/ptII/ptolemy/actor/lib/test/auto/twoPublishers.xml
----------------- Instantiating /home/travis/build/icyphy/ptII/ptolemy/actor/lib/test/auto/twoPublishers.xml
7 ms. Memory: 425984K Free: 137674K (32%)
----------------- Invoking toplevel() on ptolemy.moml.MoMLSimpleApplication@6484b758
----------------- Done invoking toplevel() on ptolemy.moml.MoMLSimpleApplication@6484b758
reloadAllAccessors: .twoPublishers
AutoTests.java: About to close Vertx.
AutoTests.java: Vertx closed.
]]></system-out>
  <system-err><![CDATA[java.lang.RuntimeException: Execution failed
	at ptolemy.moml.MoMLSimpleApplication$UnloadThread.run(MoMLSimpleApplication.java:402)
Caused by: java.lang.RuntimeException: StringUtilities.exit() was called. Normally, we would exit here because Manager.exitAfterWrapup() was called.  However, because the ptolemy.ptII.exitAfterWrapup property is set, we throw this exception instead.
	at ptolemy.util.StringUtilities.exit(StringUtilities.java:365)
	at ptolemy.actor.Manager.wrapup(Manager.java:1549)
	at ptolemy.actor.Manager.execute(Manager.java:407)
	at ptolemy.actor.Manager.run(Manager.java:1263)
	at ptolemy.actor.Manager$PtolemyRunThread.run(Manager.java:1933)
Warning: '.top.test' is in training mode, set the trainingMode parameter to false before checking in
Warning: '.top.test' is in training mode, set the trainingMode parameter to false before checking in
Warning: '.top.test' is in training mode, set the trainingMode parameter to false before checking in
Warning: '.BooleanSwitch_RegressionTest_WrongTrainingValues.Test' is in training mode, set the trainingMode parameter to false before checking in
Warning: '.BooleanSwitch_RegressionTest_WrongTrainingValues.Test2' is in training mode, set the trainingMode parameter to false before checking in
Warning: '.BooleanSwitch_RegressionTest_WrongTrainingValues.Test2' The test produced 0 tokens.
Warning: '.top.testExceptionHandler' is in training mode, set the trainingMode parameter to false before checking in
java.lang.RuntimeException: Execution failed
	at ptolemy.moml.MoMLSimpleApplication$UnloadThread.run(MoMLSimpleApplication.java:402)
Caused by: ptolemy.kernel.util.IllegalActionException: PublisherPorts cannot be used at the top level, use a Publisher actor instead.
  in .PublisherPortToplevelSubscriber.PublisherPort
	at ptolemy.actor.PublisherPort.preinitialize(PublisherPort.java:403)
	at ptolemy.actor.CompositeActor.preinitialize(CompositeActor.java:1769)
	at ptolemy.actor.Manager.preinitializeAndResolveTypes(Manager.java:1040)
	at ptolemy.actor.Manager.initialize(Manager.java:710)
	at ptolemy.actor.Manager.execute(Manager.java:356)
	at ptolemy.actor.Manager.run(Manager.java:1263)
	at ptolemy.actor.Manager$PtolemyRunThread.run(Manager.java:1933)
java.lang.reflect.InvocationTargetException
	at java.base/jdk.internal.reflect.NativeConstructorAccessorImpl.newInstance0(Native Method)
	at java.base/jdk.internal.reflect.NativeConstructorAccessorImpl.newInstance(NativeConstructorAccessorImpl.java:62)
	at java.base/jdk.internal.reflect.DelegatingConstructorAccessorImpl.newInstance(DelegatingConstructorAccessorImpl.java:45)
	at java.base/java.lang.reflect.Constructor.newInstance(Constructor.java:490)
	at ptolemy.util.test.junit.AutoKnownFailedTests.RunModel(AutoKnownFailedTests.java:105)
	at java.base/jdk.internal.reflect.NativeMethodAccessorImpl.invoke0(Native Method)
	at java.base/jdk.internal.reflect.NativeMethodAccessorImpl.invoke(NativeMethodAccessorImpl.java:62)
	at java.base/jdk.internal.reflect.DelegatingMethodAccessorImpl.invoke(DelegatingMethodAccessorImpl.java:43)
	at java.base/java.lang.reflect.Method.invoke(Method.java:566)
	at org.junit.runners.model.FrameworkMethod$1.runReflectiveCall(FrameworkMethod.java:44)
	at org.junit.internal.runners.model.ReflectiveCallable.run(ReflectiveCallable.java:15)
	at org.junit.runners.model.FrameworkMethod.invokeExplosively(FrameworkMethod.java:41)
	at junitparams.internal.InvokeParameterisedMethod.evaluate(InvokeParameterisedMethod.java:102)
	at org.junit.internal.runners.statements.FailOnTimeout$1.run(FailOnTimeout.java:28)
Caused by: ptolemy.kernel.util.IllegalActionException: PublisherPorts cannot be used at the top level, use a Publisher actor instead.
  in .PublisherPortToplevelSubscriber.PublisherPort
	at ptolemy.actor.PublisherPort.preinitialize(PublisherPort.java:403)
	at ptolemy.actor.CompositeActor.preinitialize(CompositeActor.java:1769)
	at ptolemy.actor.Manager.preinitializeAndResolveTypes(Manager.java:1040)
	at ptolemy.actor.Manager.initialize(Manager.java:710)
	at ptolemy.actor.Manager.execute(Manager.java:356)
	at ptolemy.actor.Manager.run(Manager.java:1263)
	at ptolemy.actor.Manager$PtolemyRunThread.run(Manager.java:1933)
java.lang.RuntimeException: Execution failed
	at ptolemy.moml.MoMLSimpleApplication$UnloadThread.run(MoMLSimpleApplication.java:402)
Caused by: ptolemy.kernel.util.IllegalActionException: SubscriberPorts cannot be used at the top level, use a Subscriber actor instead.
  in .PublisherSubscriberPortToplevel.SubscriberPort
	at ptolemy.actor.SubscriberPort.preinitialize(SubscriberPort.java:328)
	at ptolemy.actor.CompositeActor.preinitialize(CompositeActor.java:1769)
	at ptolemy.actor.Manager.preinitializeAndResolveTypes(Manager.java:1040)
	at ptolemy.actor.Manager.initialize(Manager.java:710)
	at ptolemy.actor.Manager.execute(Manager.java:356)
	at ptolemy.actor.Manager.run(Manager.java:1263)
	at ptolemy.actor.Manager$PtolemyRunThread.run(Manager.java:1933)
java.lang.reflect.InvocationTargetException
	at java.base/jdk.internal.reflect.NativeConstructorAccessorImpl.newInstance0(Native Method)
	at java.base/jdk.internal.reflect.NativeConstructorAccessorImpl.newInstance(NativeConstructorAccessorImpl.java:62)
	at java.base/jdk.internal.reflect.DelegatingConstructorAccessorImpl.newInstance(DelegatingConstructorAccessorImpl.java:45)
	at java.base/java.lang.reflect.Constructor.newInstance(Constructor.java:490)
	at ptolemy.util.test.junit.AutoKnownFailedTests.RunModel(AutoKnownFailedTests.java:105)
	at java.base/jdk.internal.reflect.NativeMethodAccessorImpl.invoke0(Native Method)
	at java.base/jdk.internal.reflect.NativeMethodAccessorImpl.invoke(NativeMethodAccessorImpl.java:62)
	at java.base/jdk.internal.reflect.DelegatingMethodAccessorImpl.invoke(DelegatingMethodAccessorImpl.java:43)
	at java.base/java.lang.reflect.Method.invoke(Method.java:566)
	at org.junit.runners.model.FrameworkMethod$1.runReflectiveCall(FrameworkMethod.java:44)
	at org.junit.internal.runners.model.ReflectiveCallable.run(ReflectiveCallable.java:15)
	at org.junit.runners.model.FrameworkMethod.invokeExplosively(FrameworkMethod.java:41)
	at junitparams.internal.InvokeParameterisedMethod.evaluate(InvokeParameterisedMethod.java:102)
	at org.junit.internal.runners.statements.FailOnTimeout$1.run(FailOnTimeout.java:28)
Caused by: ptolemy.kernel.util.IllegalActionException: SubscriberPorts cannot be used at the top level, use a Subscriber actor instead.
  in .PublisherSubscriberPortToplevel.SubscriberPort
	at ptolemy.actor.SubscriberPort.preinitialize(SubscriberPort.java:328)
	at ptolemy.actor.CompositeActor.preinitialize(CompositeActor.java:1769)
	at ptolemy.actor.Manager.preinitializeAndResolveTypes(Manager.java:1040)
	at ptolemy.actor.Manager.initialize(Manager.java:710)
	at ptolemy.actor.Manager.execute(Manager.java:356)
	at ptolemy.actor.Manager.run(Manager.java:1263)
	at ptolemy.actor.Manager$PtolemyRunThread.run(Manager.java:1933)
java.lang.RuntimeException: Execution failed
	at ptolemy.moml.MoMLSimpleApplication$UnloadThread.run(MoMLSimpleApplication.java:402)
Caused by: ptolemy.kernel.util.IllegalActionException: SubscriptionAggregatorPorts cannot be used at the top level, use a SubscriptionAggregator actor instead.
  in .PublisherSubscriptionAggregatorPort.SubscriptionAggregatorPort
	at ptolemy.actor.SubscriptionAggregatorPort.preinitialize(SubscriptionAggregatorPort.java:353)
	at ptolemy.actor.CompositeActor.preinitialize(CompositeActor.java:1769)
	at ptolemy.actor.Manager.preinitializeAndResolveTypes(Manager.java:1040)
	at ptolemy.actor.Manager.initialize(Manager.java:710)
	at ptolemy.actor.Manager.execute(Manager.java:356)
	at ptolemy.actor.Manager.run(Manager.java:1263)
	at ptolemy.actor.Manager$PtolemyRunThread.run(Manager.java:1933)
java.lang.reflect.InvocationTargetException
	at java.base/jdk.internal.reflect.NativeConstructorAccessorImpl.newInstance0(Native Method)
	at java.base/jdk.internal.reflect.NativeConstructorAccessorImpl.newInstance(NativeConstructorAccessorImpl.java:62)
	at java.base/jdk.internal.reflect.DelegatingConstructorAccessorImpl.newInstance(DelegatingConstructorAccessorImpl.java:45)
	at java.base/java.lang.reflect.Constructor.newInstance(Constructor.java:490)
	at ptolemy.util.test.junit.AutoKnownFailedTests.RunModel(AutoKnownFailedTests.java:105)
	at java.base/jdk.internal.reflect.NativeMethodAccessorImpl.invoke0(Native Method)
	at java.base/jdk.internal.reflect.NativeMethodAccessorImpl.invoke(NativeMethodAccessorImpl.java:62)
	at java.base/jdk.internal.reflect.DelegatingMethodAccessorImpl.invoke(DelegatingMethodAccessorImpl.java:43)
	at java.base/java.lang.reflect.Method.invoke(Method.java:566)
	at org.junit.runners.model.FrameworkMethod$1.runReflectiveCall(FrameworkMethod.java:44)
	at org.junit.internal.runners.model.ReflectiveCallable.run(ReflectiveCallable.java:15)
	at org.junit.runners.model.FrameworkMethod.invokeExplosively(FrameworkMethod.java:41)
	at junitparams.internal.InvokeParameterisedMethod.evaluate(InvokeParameterisedMethod.java:102)
	at org.junit.internal.runners.statements.FailOnTimeout$1.run(FailOnTimeout.java:28)
Caused by: ptolemy.kernel.util.IllegalActionException: SubscriptionAggregatorPorts cannot be used at the top level, use a SubscriptionAggregator actor instead.
  in .PublisherSubscriptionAggregatorPort.SubscriptionAggregatorPort
	at ptolemy.actor.SubscriptionAggregatorPort.preinitialize(SubscriptionAggregatorPort.java:353)
	at ptolemy.actor.CompositeActor.preinitialize(CompositeActor.java:1769)
	at ptolemy.actor.Manager.preinitializeAndResolveTypes(Manager.java:1040)
	at ptolemy.actor.Manager.initialize(Manager.java:710)
	at ptolemy.actor.Manager.execute(Manager.java:356)
	at ptolemy.actor.Manager.run(Manager.java:1263)
	at ptolemy.actor.Manager$PtolemyRunThread.run(Manager.java:1933)
java.lang.RuntimeException: Execution failed
	at ptolemy.moml.MoMLSimpleApplication$UnloadThread.run(MoMLSimpleApplication.java:402)
Caused by: ptolemy.kernel.util.IllegalActionException: TypeTest actor has no training data.
  in .sizedarray3.TypeTest
	at ptolemy.actor.lib.TypeTest.initialize(TypeTest.java:250)
	at ptolemy.actor.Director.initialize(Director.java:938)
	at ptolemy.actor.Director.initialize(Director.java:907)
	at ptolemy.actor.sched.StaticSchedulingDirector.initialize(StaticSchedulingDirector.java:159)
	at ptolemy.domains.sdf.kernel.SDFDirector.initialize(SDFDirector.java:544)
	at ptolemy.actor.CompositeActor.initialize(CompositeActor.java:935)
	at ptolemy.actor.Manager.initialize(Manager.java:724)
	at ptolemy.actor.Manager.execute(Manager.java:356)
	at ptolemy.actor.Manager.run(Manager.java:1263)
	at ptolemy.actor.Manager$PtolemyRunThread.run(Manager.java:1933)
java.lang.reflect.InvocationTargetException
	at java.base/jdk.internal.reflect.NativeConstructorAccessorImpl.newInstance0(Native Method)
	at java.base/jdk.internal.reflect.NativeConstructorAccessorImpl.newInstance(NativeConstructorAccessorImpl.java:62)
	at java.base/jdk.internal.reflect.DelegatingConstructorAccessorImpl.newInstance(DelegatingConstructorAccessorImpl.java:45)
	at java.base/java.lang.reflect.Constructor.newInstance(Constructor.java:490)
	at ptolemy.util.test.junit.AutoKnownFailedTests.RunModel(AutoKnownFailedTests.java:105)
	at java.base/jdk.internal.reflect.NativeMethodAccessorImpl.invoke0(Native Method)
	at java.base/jdk.internal.reflect.NativeMethodAccessorImpl.invoke(NativeMethodAccessorImpl.java:62)
	at java.base/jdk.internal.reflect.DelegatingMethodAccessorImpl.invoke(DelegatingMethodAccessorImpl.java:43)
	at java.base/java.lang.reflect.Method.invoke(Method.java:566)
	at org.junit.runners.model.FrameworkMethod$1.runReflectiveCall(FrameworkMethod.java:44)
	at org.junit.internal.runners.model.ReflectiveCallable.run(ReflectiveCallable.java:15)
	at org.junit.runners.model.FrameworkMethod.invokeExplosively(FrameworkMethod.java:41)
	at junitparams.internal.InvokeParameterisedMethod.evaluate(InvokeParameterisedMethod.java:102)
	at org.junit.internal.runners.statements.FailOnTimeout$1.run(FailOnTimeout.java:28)
Caused by: ptolemy.kernel.util.IllegalActionException: TypeTest actor has no training data.
  in .sizedarray3.TypeTest
	at ptolemy.actor.lib.TypeTest.initialize(TypeTest.java:250)
	at ptolemy.actor.Director.initialize(Director.java:938)
	at ptolemy.actor.Director.initialize(Director.java:907)
	at ptolemy.actor.sched.StaticSchedulingDirector.initialize(StaticSchedulingDirector.java:159)
	at ptolemy.domains.sdf.kernel.SDFDirector.initialize(SDFDirector.java:544)
	at ptolemy.actor.CompositeActor.initialize(CompositeActor.java:935)
	at ptolemy.actor.Manager.initialize(Manager.java:724)
	at ptolemy.actor.Manager.execute(Manager.java:356)
	at ptolemy.actor.Manager.run(Manager.java:1263)
	at ptolemy.actor.Manager$PtolemyRunThread.run(Manager.java:1933)
]]></system-err>
</testsuite>
