<?xml version="1.0" encoding="UTF-8" ?>
<testsuite errors="0" failures="0" hostname="travis-job-e6838a54-3396-4893-8600-5b1f0306ebeb" name="ptolemy.actor.lib.test.junit.JUnitTclTest" skipped="0" tests="517" time="60.261" timestamp="2018-07-24T01:38:57">
  <properties>
    <property name="npm.executable" value="npm" />
    <property name="file.encoding.pkg" value="sun.io" />
    <property name="ptII.mk.exists" value="true" />
    <property name="env.rvm_bin_path" value="/home/travis/.rvm/bin" />
    <property name="java.home" value="/usr/lib/jvm/java-8-oracle/jre" />
    <property name="env.TRAVIS_JOB_NUMBER" value="664.8" />
    <property name="env.DISPLAY" value=":99.0" />
    <property name="java.net.preferIPv4Stack" value="true" />
    <property name="env.TRAVIS_INIT" value="upstart" />
    <property name="env.SSH_TTY" value="/dev/pts/0" />
    <property name="env.RUN_TESTS" value="false" />
    <property name="timeout.short" value="1000000" />
    <property name="env.TRAVIS_STACK_NODE_ATTRIBUTES" value="/.node-attributes.yml" />
    <property name="junit.formatter" value="xml" />
    <property name="java.endorsed.dirs" value="/usr/lib/jvm/java-8-oracle/jre/lib/endorsed" />
    <property name="env.TRAVIS_SUDO" value="true" />
    <property name="env.LOGNAME" value="travis" />
    <property name="env.PT_TRAVIS_TEST_CORE1_XML" value="true" />
    <property name="jsdoc.home" value="node_modules/@terraswarm/jsdoc" />
    <property name="debuglevel" value="source,lines,vars" />
    <property name="checkstyle.formatter" value="xml" />
    <property name="bin.vergil.makeable" value="true" />
    <property name="env._system_version" value="14.04" />
    <property name="sun.os.patch.level" value="unknown" />
    <property name="java.vendor.url" value="http://java.oracle.com/" />
    <property name="java.version" value="1.8.0_151" />
    <property name="env.TZ" value="UTC" />
    <property name="env.PT_NO_NET" value="true" />
    <property name="env.TRAVIS_PULL_REQUEST_SHA" value="" />
    <property name="env.TRAVIS_SECURE_ENV_VARS" value="true" />
    <property name="env._system_type" value="Linux" />
    <property name="java.vendor.url.bug" value="http://bugreport.sun.com/bugreport/" />
    <property name="env.SSH_CLIENT" value="10.10.4.23 60838 22" />
    <property name="npmjs-org-is-up" value="true" />
    <property name="env.GEM_HOME" value="/home/travis/.rvm/gems/ruby-2.4.1" />
    <property name="env.HAS_ANTARES_THREE_LITTLE_FRONZIES_BADGE" value="true" />
    <property name="env.PS4" value="+" />
    <property name="ant.project.invoked-targets" value="build,test.core1.xml" />
    <property name="env.TRAVIS_PULL_REQUEST_BRANCH" value="" />
    <property name="env.TRAVIS_REPO_SLUG" value="icyphy/ptII" />
    <property name="node.in.path" value="true" />
    <property name="java.maxmemory" value="1400m" />
    <property name="env.RUBY_VERSION" value="ruby-2.4.1" />
    <property name="user.name" value="travis" />
    <property name="env.LANG" value="en_US.UTF-8" />
    <property name="sun.io.unicode.encoding" value="UnicodeLittle" />
    <property name="sun.jnu.encoding" value="UTF-8" />
    <property name="java.runtime.name" value="Java(TM) SE Runtime Environment" />
    <property name="usefile" value="false" />
    <property name="return.code" value="0" />
    <property name="junit.single.formatter" value="plain" />
    <property name="env.DYLD_LIBRARY_PATH" value="/home/travis/pthla/certi-tools/lib:" />
    <property name="env.DEBIAN_FRONTEND" value="noninteractive" />
    <property name="env.SSH_CONNECTION" value="10.10.4.23 60838 10.20.0.59 22" />
    <property name="env.MYSQL_UNIX_PORT" value="/var/run/mysqld/mysqld.sock" />
    <property name="env.TRAVIS_ALLOW_FAILURE" value="false" />
    <property name="env.LC_ALL" value="en_US.UTF-8" />
    <property name="java.specification.name" value="Java Platform API Specification" />
    <property name="node.works" value="true" />
    <property name="user.timezone" value="" />
    <property name="path.separator" value=":" />
    <property name="env.PYTHON_CFLAGS" value="-g -fstack-protector --param=ssp-buffer-size=4 -Wformat -Werror=format-security" />
    <property name="timeout.long" value="4000000" />
    <property name="env.CERTI_HOME" value="/home/travis/pthla/certi-tools" />
    <property name="file.encoding" value="UTF-8" />
    <property name="ant.file.ptII" value="/home/travis/build/icyphy/ptII/build.xml" />
    <property name="javadoc.packagenames" value="com.*,diva.*,lbnl.*,org.hlacerti.*,org.json.*,org.ptolemy.*,org.terraswarm.*,ptolemy.*,ptserver.*" />
    <property name="env.TRAVIS_PULL_REQUEST_SLUG" value="" />
    <property name="ant.project.default-target" value="build" />
    <property name="env.GIT_ASKPASS" value="echo" />
    <property name="env.HOME" value="/home/travis" />
    <property name="sun.java.command" value="org.apache.tools.ant.taskdefs.optional.junit.JUnitTestRunner ptolemy.actor.lib.test.junit.JUnitTclTest skipNonTests=false filtertrace=true haltOnError=false haltOnFailure=false formatter=org.apache.tools.ant.taskdefs.optional.junit.OutErrSummaryJUnitResultFormatter showoutput=true outputtoformatters=true logfailedtests=true threadid=0 logtestlistenerevents=false formatter=org.apache.tools.ant.taskdefs.optional.junit.XMLJUnitResultFormatter,/home/travis/build/icyphy/ptII/reports/junit/TEST-ptolemy.actor.lib.test.junit.JUnitTclTest.xml crashfile=/home/travis/build/icyphy/ptII/junitvmwatcher3870801204134922413.properties propsfile=/home/travis/build/icyphy/ptII/junit4317721367633896962.properties" />
    <property name="env.MANPATH" value="/home/travis/.nvm/versions/node/v7.10.1/share/man:/home/travis/.kiex/elixirs/elixir-1.4.5/man:/home/travis/.rvm/rubies/ruby-2.4.1/share/man:/usr/local/man:/usr/local/cmake-3.9.2/man:/usr/local/clang-5.0.0/share/man:/usr/local/share/man:/usr/share/man:/home/travis/.rvm/man" />
    <property name="env.COMPOSER_NO_INTERACTION" value="1" />
    <property name="env.JDK_SWITCHER_DEFAULT" value="oraclejdk8" />
    <property name="ant.file" value="/home/travis/build/icyphy/ptII/build.xml" />
    <property name="env.TRAVIS_COMMIT_RANGE" value="5ba62ff625dde9b561beb5fe06cba0f87ec34e0b...72693d341b4458fb5f029cda4b11b7d68a44a335" />
    <property name="env._system_name" value="Ubuntu" />
    <property name="timeout" value="2400000" />
    <property name="ptII.classpath.optional.property" value="/home/travis/build/icyphy/ptII/lib/bsh-2.0b4.jar:/home/travis/build/icyphy/ptII/lib/ptCal.jar:/home/travis/build/icyphy/ptII/lib/java_cup.jar:/home/travis/build/icyphy/ptII/lib/saxon8.jar:/home/travis/build/icyphy/ptII/lib/saxon8-dom.jar:/home/travis/build/icyphy/ptII/lib/chic.jar:/home/travis/build/icyphy/ptII/lib/ptcolt.jar:/usr/lib/jvm/java-8-oracle/lib/tools.jar:/usr/lib/eclipse/plugins/org.eclipse.jdt.core_3.8.2.dist.jar:/usr/lib/eclipse/plugins/org.eclipse.core.runtime_3.8.0.dist.jar:/usr/lib/eclipse/plugins/org.eclipse.osgi_3.8.1.dist.jar:/usr/lib/eclipse/plugins/org.eclipse.core.resources_3.8.1.dist.jar:/usr/lib/eclipse/plugins/org.eclipse.equinox.common_3.6.100.dist.jar:/usr/lib/eclipse/plugins/org.eclipse.core.jobs_3.5.200.dist.jar:/usr/lib/eclipse/plugins/org.eclipse.core.contenttype_3.4.200.dist.jar:/usr/lib/eclipse/plugins/org.eclipse.equinox.preferences_3.5.0.dist.jar:/usr/lib/eclipse/plugins/org.eclipse.text_3.5.200.dist.jar:/usr/lib/eclipse/plugins/org.eclipse.ui.workbench_3.8.1.dist.jar:/usr/lib/eclipse/plugins/org.eclipse.jface_3.8.0.dist.jar:/usr/lib/eclipse/plugins/org.eclipse.swt_3.8.2.jar:/usr/lib/eclipse/plugins/org.eclipse.jface.text_3.8.1.dist.jar:/usr/lib/eclipse/plugins/org.eclipse.ui.workbench.texteditor_3.8.0.dist.jar:/usr/lib/eclipse/plugins/org.eclipse.ui.editors_3.8.0.dist.jar:/usr/lib/eclipse/plugins/org.eclipse.core.commands_3.6.1.dist.jar:/usr/lib/eclipse/plugins/org.eclipse.equinox.registry_3.5.200.dist.jar:/usr/lib/eclipse/plugins/org.eclipse.ui.console_3.5.100.dist.jar:/usr/lib/eclipse/plugins/org.eclipse.ui.forms_3.5.200.dist.jar:/usr/lib/eclipse/plugins/org.eclipse.ui.ide_3.8.1.dist.jar:/home/travis/build/icyphy/ptII/vendors/oracle/dbxml.jar:/home/travis/build/icyphy/ptII/vendors/oracle/db.jar:/home/travis/build/icyphy/ptII/vendors/misc/itext/iText.jar:/home/travis/build/icyphy/ptII/lib/g4ltl.jar:/home/travis/build/icyphy/ptII/lib/StructuralCoder.jar:/home/travis/build/icyphy/ptII/lib/org-openide-util.jar:/home/travis/build/icyphy/ptII/lib/org-openide-util-lookup.jar:/home/travis/build/icyphy/ptII/lib/org-netbeans-api-visual.jar:/home/travis/build/icyphy/ptII/vendors/jai-1_1_2_01/lib/jai_core.jar:/home/travis/build/icyphy/ptII/vendors/jai-1_1_2_01/lib/jai_codec.jar:/home/travis/build/icyphy/ptII/lib/jcerti.jar:/home/travis/build/icyphy/ptII/lib/smack.jar:/home/travis/build/icyphy/ptII/lib/smackx.jar:/home/travis/build/icyphy/ptII/lib/jetty-all-8.1.5-v20120716.jar:/home/travis/build/icyphy/ptII/lib/javax.servlet-api-3.0.1.jar:/home/travis/build/icyphy/ptII/lib/javax.mail.jar:/home/travis/build/icyphy/ptII/vendors/JMF-2.1.1e/lib/jmf.jar:/home/travis/build/icyphy/ptII/lib/jna-4.0.0-variadic.jar:/home/travis/build/icyphy/ptII/vendors/misc/joystick/Joystick.jar:/home/travis/build/icyphy/ptII/lib/ptjacl.jar:/home/travis/build/icyphy/ptII/lib/jsoup-1.8.2.jar:/home/travis/build/icyphy/ptII/lib/junit-4.8.2.jar:/home/travis/build/icyphy/ptII/lib/JUnitParams-0.4.0.jar:/home/travis/build/icyphy/ptII/ptolemy/actor/lib/excel/jxl.jar:/home/travis/build/icyphy/ptII/lib/jython.jar:/home/travis/build/icyphy/ptII/lib/kieler.jar:/home/travis/build/icyphy/ptII/vendors/opencv/share/OpenCV/java/opencv-341.jar:/home/travis/build/icyphy/ptII/lib/oscP5.jar:/home/travis/build/icyphy/ptII/lib/nrjavaserial-3.11.0.devel.jar:/home/travis/build/icyphy/ptII/vendors/j3d/lib/j3dcore.jar:/home/travis/build/icyphy/ptII/vendors/j3d/lib/j3dutils.jar:/home/travis/build/icyphy/ptII/vendors/j3d/lib/vecmath.jar:/home/travis/build/icyphy/ptII/ptolemy/distributed/jini/jar/jini-core.jar:/home/travis/build/icyphy/ptII/ptolemy/distributed/jini/jar/jini-ext.jar:/home/travis/build/icyphy/ptII/ptolemy/distributed/jini/jar/sun-util.jar:/home/travis/build/icyphy/ptII/lib/protobuf-java-2.4.1.jar:/home/travis/build/icyphy/ptII/lib/org.eclipse.paho.client.mqttv3.jar:/home/travis/build/icyphy/ptII/ptserver/lib/hessian-4.0.7.jar:/home/travis/build/icyphy/ptII/ptserver/lib/wmqtt.jar:/home/travis/build/icyphy/ptII/lib/mapss.jar:/home/travis/build/icyphy/ptII/ptolemy/actor/ptalon/antlr/antlr.jar:/home/travis/build/icyphy/ptII/lib/JRI.jar:/home/travis/build/icyphy/ptII/lib/commons-lang-2.6.jar:/home/travis/build/icyphy/ptII/lib/commons-logging-1.1.1.jar:/home/travis/build/icyphy/ptII/lib/sootclasses.jar:/home/travis/build/icyphy/ptII/ptolemy/actor/lib/database/mysql-connector-java-5.1.6-bin.jar:/home/travis/build/icyphy/ptII/vendors/misc/sphinx4/sphinx4-data-5prealpha.jar:/home/travis/build/icyphy/ptII/vendors/misc/sphinx4/sphinx4-core-5prealpha.jar:/home/travis/build/icyphy/ptII/lib/PDFRenderer.jar:/home/travis/build/icyphy/ptII/lib/svgSalamander.jar:/home/travis/build/icyphy/ptII/lib/rsyntaxtextarea-2.6.0-SNAPSHOT.jar:/home/travis/build/icyphy/ptII/lib/hazelcast-3.8.2.jar:/home/travis/build/icyphy/ptII/lib/jackson-annotations-2.9.0.jar:/home/travis/build/icyphy/ptII/lib/jackson-core-2.9.3.jar:/home/travis/build/icyphy/ptII/lib/jackson-databind-2.9.3.jar:/home/travis/build/icyphy/ptII/lib/netty-buffer-4.1.19.Final.jar:/home/travis/build/icyphy/ptII/lib/netty-codec-4.1.19.Final.jar:/home/travis/build/icyphy/ptII/lib/netty-codec-dns-4.1.19.Final.jar:/home/travis/build/icyphy/ptII/lib/netty-codec-http-4.1.19.Final.jar:/home/travis/build/icyphy/ptII/lib/netty-codec-http2-4.1.19.Final.jar:/home/travis/build/icyphy/ptII/lib/netty-common-4.1.19.Final.jar:/home/travis/build/icyphy/ptII/lib/netty-handler-4.1.19.Final.jar:/home/travis/build/icyphy/ptII/lib/netty-resolver-4.1.19.Final.jar:/home/travis/build/icyphy/ptII/lib/netty-resolver-dns-4.1.19.Final.jar:/home/travis/build/icyphy/ptII/lib/netty-transport-4.1.19.Final.jar:/home/travis/build/icyphy/ptII/lib/vertx-codegen-3.5.1.jar:/home/travis/build/icyphy/ptII/lib/vertx-core-3.5.2-SNAPSHOT.jar:/home/travis/build/icyphy/ptII/lib/vertx-hazelcast-3.5.1.jar:/home/travis/build/icyphy/ptII/lib/vertx-lang-js-3.5.1.jar:/home/travis/build/icyphy/ptII/lib/vertx-service-proxy-3.5.1.jar:/home/travis/build/icyphy/ptII/lib/vertx-web-3.5.1.jar:/home/travis/build/icyphy/ptII/lib/slf4j-api-1.7.13.jar:/home/travis/build/icyphy/ptII/lib/slf4j-simple-1.7.13.jar:/home/travis/build/icyphy/ptII/lib/webcam-capture-0.3.12.jar:/home/travis/build/icyphy/ptII/lib/bridj-0.7.0.jar:/home/travis/build/icyphy/ptII/lib/xbjlib-1.1.0.nrjavaserial.jar" />
    <property name="test.batch" value="**/junit/*.java" />
    <property name="env._" value="/usr/bin/timeout" />
    <property name="java.io.tmpdir" value="/tmp" />
    <property name="user.language" value="en" />
    <property name="env.HISTCONTROL" value="ignoredups:ignorespace" />
    <property name="env.GOROOT" value="/home/travis/.gimme/versions/go1.7.4.linux.amd64" />
    <property name="line.separator" value="&#xa;" />
    <property name="target" value="1.8" />
    <property name="env.TRAVIS_BUILD_DIR" value="/home/travis/build/icyphy/ptII" />
    <property name="env.ANT_OPTS" value="-Xmx2048m" />
    <property name="ant.file.type" value="file" />
    <property name="ptolemy.ptII.batchMode" value="true" />
    <property name="env.HISTSIZE" value="1000" />
    <property name="env.MERB_ENV" value="test" />
    <property name="java.vm.info" value="mixed mode" />
    <property name="source" value="1.8" />
    <property name="java.vm.specification.name" value="Java Virtual Machine Specification" />
    <property name="env.TRAVIS_TEST_RESULT" value="0" />
    <property name="jsdoc.command" value="node_modules/@terraswarm/jsdoc/jsdoc.js" />
    <property name="npm.works" value="true" />
    <property name="cobertura.dir" value="/home/travis/build/icyphy/ptII/vendors/cobertura-2.0.3" />
    <property name="env.rvm_path" value="/home/travis/.rvm" />
    <property name="env.GEM_PATH" value="/home/travis/.rvm/gems/ruby-2.4.1:/home/travis/.rvm/gems/ruby-2.4.1@global" />
    <property name="env.LC_CTYPE" value="en_US.UTF-8" />
    <property name="java.awt.printerjob" value="sun.print.PSPrinterJob" />
    <property name="env.TRAVIS_STACK_NAME" value="garnet" />
    <property name="ant.version" value="Apache Ant(TM) version 1.10.1 compiled on February 2 2017" />
    <property name="ptII.reports" value="/home/travis/build/icyphy/ptII/reports" />
    <property name="env.TRAVIS_STACK_TIMESTAMP" value="2017-12-05 19:33:09 UTC" />
    <property name="ant.file.type.ptII" value="file" />
    <property name="env.RBENV_SHELL" value="bash" />
    <property name="os.name" value="Linux" />
    <property name="java.specification.vendor" value="Oracle Corporation" />
    <property name="env.rvm_version" value="1.29.3 (latest)" />
    <property name="env.TERM" value="xterm" />
    <property name="java.vm.name" value="Java HotSpot(TM) 64-Bit Server VM" />
    <property name="env.TRAVIS_BUILD_NUMBER" value="664" />
    <property name="env.CI" value="true" />
    <property name="java.library.path" value="/home/travis/pthla/certi-tools/lib:/usr/lib/jni:/usr/local/share/OpenCV/java/:/usr/share/OpenCV/java::/usr/java/packages/lib/amd64:/usr/lib64:/lib64:/lib:/usr/lib" />
    <property name="env.rvm_prefix" value="/home/travis" />
    <property name="env.PATH" value="/home/travis/pthla/certi-tools/share/scripts:/home/travis/.rvm/gems/ruby-2.4.1/bin:/home/travis/.rvm/gems/ruby-2.4.1@global/bin:/home/travis/.rvm/rubies/ruby-2.4.1/bin:/home/travis/.rvm/bin:/home/travis/.nvm/versions/node/v7.10.1/bin:./node_modules/.bin:/home/travis/build/icyphy/ptII/bin:/home/travis/pthla/certi-tools/bin:/home/travis/bin:/home/travis/.local/bin:/opt/pyenv/shims:/home/travis/.phpenv/shims:/home/travis/perl5/perlbrew/bin:/home/travis/.kiex/elixirs/elixir-1.4.5/bin:/home/travis/.kiex/bin:/home/travis/gopath/bin:/home/travis/.gimme/versions/go1.7.4.linux.amd64/bin:/usr/local/phantomjs/bin:/usr/local/phantomjs:/usr/local/neo4j-3.2.7/bin:/usr/local/maven-3.5.2/bin:/usr/local/cmake-3.9.2/bin:/usr/local/clang-5.0.0/bin:/usr/local/sbin:/usr/local/bin:/usr/sbin:/usr/bin:/sbin:/bin:/home/travis/.phpenv/bin:/opt/pyenv/bin:/home/travis/.yarn/bin" />
    <property name="env.TRAVIS_OS_NAME" value="linux" />
    <property name="ant.java.version" value="1.8" />
    <property name="basedir" value="/home/travis/build/icyphy/ptII" />
    <property name="java.class.version" value="52.0" />
    <property name="env.SHLVL" value="3" />
    <property name="env.LD_LIBRARY_PATH" value="/home/travis/pthla/certi-tools/lib:/usr/lib/jni:/usr/local/share/OpenCV/java/:/usr/share/OpenCV/java:" />
    <property name="env.RACK_ENV" value="test" />
    <property name="ant.home" value="/home/travis/build/icyphy/ptII/ant" />
    <property name="env.NVM_DIR" value="/home/travis/.nvm" />
    <property name="env.PERLBREW_BASHRC_VERSION" value="0.80" />
    <property name="env.CERTI_FOM_PATH" value="/home/travis/pthla/certi-tools/share/federations" />
    <property name="env.TRAVIS_BUILD_ID" value="407410235" />
    <property name="env.PYENV_ROOT" value="/opt/pyenv" />
    <property name="env.TRAVIS_UID" value="2000" />
    <property name="env.rvm_pretty_print_flag" value="auto" />
    <property name="env.NVM_BIN" value="/home/travis/.nvm/versions/node/v7.10.1/bin" />
    <property name="env.TRAVIS_COMMIT" value="72693d341b4458fb5f029cda4b11b7d68a44a335" />
    <property name="env._system_arch" value="x86_64" />
    <property name="node.executable" value="node" />
    <property name="sun.boot.library.path" value="/usr/lib/jvm/java-8-oracle/jre/lib/amd64" />
    <property name="sun.management.compiler" value="HotSpot 64-Bit Tiered Compilers" />
    <property name="env.GOPATH" value="/home/travis/gopath" />
    <property name="java.awt.graphicsenv" value="sun.awt.X11GraphicsEnvironment" />
    <property name="ptolemy.ptII.dir" value="/home/travis/build/icyphy/ptII" />
    <property name="env.USER" value="travis" />
    <property name="env.HISTFILESIZE" value="2000" />
    <property name="timeout.longest" value="19000000" />
    <property name="env.TRAVIS_STACK_FEATURES" value="basic cassandra chromium couchdb disabled-ipv6 docker docker-compose elasticsearch firefox go-toolchain google-chrome jdk memcached mongodb mysql neo4j nodejs_interpreter perl_interpreter perlbrew phantomjs postgresql python_interpreter rabbitmq redis riak ruby_interpreter sqlite xserver" />
    <property name="env.TRAVIS_PULL_REQUEST" value="false" />
    <property name="env.PYENV_SHELL" value="bash" />
    <property name="ant.project.name" value="ptII" />
    <property name="java.vm.specification.version" value="1.8" />
    <property name="env.TRAVIS_DIST" value="trusty" />
    <property name="env.CERTI_VERSION" value="4.0.0" />
    <property name="env.NLSPATH" value="/usr/dt/lib/nls/msg/%L/%N.cat" />
    <property name="awt.toolkit" value="sun.awt.X11.XToolkit" />
    <property name="env.CERTI_HOST" value="localhost" />
    <property name="env.MY_RUBY_HOME" value="/home/travis/.rvm/rubies/ruby-2.4.1" />
    <property name="sun.cpu.isalist" value="" />
    <property name="java.ext.dirs" value="/usr/lib/jvm/java-8-oracle/jre/lib/ext:/usr/java/packages/lib/ext" />
    <property name="os.version" value="4.4.0-101-generic" />
    <property name="user.home" value="/home/travis" />
    <property name="env.MIX_ARCHIVES" value="/home/travis/.kiex/mix/elixir-1.4.5" />
    <property name="java.vm.vendor" value="Oracle Corporation" />
    <property name="env.TRAVIS_TAG" value="nightly" />
    <property name="env.TRAVIS_FILTERED" value="redirect_io" />
    <property name="env.JAVA_HOME" value="/usr/lib/jvm/java-8-oracle" />
    <property name="env.PTII" value="/home/travis/build/icyphy/ptII" />
    <property name="javadoc.excludepackagenames" value="adm.cvs2svn.*,build.*,config.*,doc.coding.templates.*,jni.test.jni.meaningOfLife.*,jni.test.jni.testDeux.*,jni.test.jni.testTrois.*,org.terraswarm.accessor.accessors.web.node_modules.*,org.terraswarm.accessor.accessors.web.hosts.cordova.demo.*,org.terraswarm.accessor.accessors.web.hosts.cordova.plugins.*,org.terraswarm.accessor.accessors-svn.*,pt-modules.*,ptolemy.apps.agilent.*,ptolemy.apps.anytimecontrol.*,ptolemy.apps.apes.*,ptolemy.apps.charon.*,ptolemy.apps.crazyboard.*,ptolemy.apps.eclipse.*,ptolemy.apps.etherealSting.*,ptolemy.apps.fullscreen.*,ptolemy.apps.giotto.*,ptolemy.apps.ia.*,ptolemy.apps.interfaces.*,ptolemy.apps.jmf.*,ptolemy.apps.kurt.*,ptolemy.apps.kvm.*,ptolemy.apps.lego.*,ptolemy.apps.lejos.*,ptolemy.apps.midp.*,ptolemy.apps.mobileCoding.*,ptolemy.apps.pendulum.*,ptolemy.apps.rijndael.*,ptolemy.apps.robot.*,ptolemy.apps.security.*,ptolemy.apps.sobel.*,ptolemy.apps.soot.*,ptolemy.apps.throttle.*,ptolemy.apps.tini.*,ptolemy.apps.transmission.*,ptolemy.apps.vergil.*,ptolemy.apps.waba.*,ptolemy.apps.websensor.*,ptolemy.apps.webstart.*,ptolemy.apps.xsl.*,ptolemy.apps.zaurus.*,ptolemy.backtrack.eclipse.plugin.*,ptolemy.backtrack.test.*,ptolemy.codegen.c.actor.lib.oldJavaFiles.*,ptolemy.codegen.dsp.lib.*,ptolemy.codegen.kernel.newInterfaces.*,ptolemy.codegen.lib.*,ptolemy.copernicus.kernel.fragment.*,ptolemy.copernicus.shallow.cg.*,ptolemy.domains.giotto.demo.Hierarchy.Hierarchy.*,ptolemy.domains.giotto.demo.Multimode.Multimode.*,ptolemy.domains.giotto.demo.Simple.Simple.*,ptolemy.domains.gr.lib.experimental.*,ptolemy.domains.gro.*,ptolemy.domains.pdf.*,ptolemy.domains.ptinyos.demo.Surge.output.*,ptolemy.moml.test.NoPackageActor.java*,ptolemy.plot.adm.*,ptolemy.plot.servlet.*,reports.*,signed.*,src.*,target.*,vendors.*,ptolemy.cg.adapter.generic.program.procedural.c.mbed*,ptolemy.actor.lib.fmi.fmus.omc*,ptolemy.domains.openmodelica*,ptdb.kernel.bl.save.test.*,ptdb.kernel.bl.load.test.*,ptdb.kernel.bl.search.test.*,ptdb.kernel.bl.migration.test.*,ptdb.kernel.database.test.*,ptdb.test.*,ptdb.gui.test.*,org.ptolemy.scala.*,diva.util.java2d.svg.*,ptolemy.domains.ptinyos.*,ptolemy.actor.lib.fmi.fmipp.*,,org.terraswarm.accessor.accessors.web.node_modules.*,org.terraswarm.accessor.accessors-svn,ptolemy.apps.*,ptolemy.actor.ptalon.demo.ptinyos.SendAndReceiveCnt.output,ptolemy.actor.ptalon.demo.ptinyos.SenseToLeds.output,ptolemy.domains.ptinyos.demo.CntToLedsAndRfm.output,ptolemy.domains.ptinyos.demo.RfmToLeds.output,ptolemy.domains.ptinyos.demo.SendAndReceiveCnt.output,ptolemy.domains.ptinyos.demo.SenseToLeds.output,ptolemy.actor.lib.jjs.modules.udpSocket.*" />
    <property name="env.TRAVIS_COMMIT_MESSAGE" value="Added accessor name to monitoring data structure. Added ability to deeply monitor." />
    <property name="keystore" value="ptKeystore" />
    <property name="env.XDG_SESSION_ID" value="2" />
    <property name="junit.output.dir" value="/home/travis/build/icyphy/ptII/reports/junit" />
    <property name="npm.return.code" value="0" />
    <property name="user.dir" value="/home/travis/build/icyphy/ptII/ptolemy/actor/lib/test" />
    <property name="env.TRAVIS_NODE_VERSION" value="7" />
    <property name="env.XFILESEARCHPATH" value="/usr/dt/app-defaults/%L/Dt" />
    <property name="env.TRAVIS_EVENT_TYPE" value="cron" />
    <property name="env.MAIL" value="/var/mail/travis" />
    <property name="env.PERLBREW_ROOT" value="/home/travis/perl5/perlbrew" />
    <property name="env.PWD" value="/home/travis/build/icyphy/ptII" />
    <property name="timeout.npm" value="45000" />
    <property name="env.PAGER" value="cat" />
    <property name="sun.cpu.endian" value="little" />
    <property name="env.TRAVIS_BUILD_STAGE_NAME" value="Test" />
    <property name="env.PERLBREW_HOME" value="/home/travis/.perlbrew" />
    <property name="env.RAILS_ENV" value="test" />
    <property name="java.vm.version" value="25.151-b12" />
    <property name="java.class.path" value="/home/travis/.ptolemyII:/home/travis/.ptolemyII/*:/home/travis/build/icyphy/ptII:/home/travis/build/icyphy/ptII/lib/bsh-2.0b4.jar:/home/travis/build/icyphy/ptII/lib/ptCal.jar:/home/travis/build/icyphy/ptII/lib/java_cup.jar:/home/travis/build/icyphy/ptII/lib/saxon8.jar:/home/travis/build/icyphy/ptII/lib/saxon8-dom.jar:/home/travis/build/icyphy/ptII/lib/chic.jar:/home/travis/build/icyphy/ptII/lib/ptcolt.jar:/usr/lib/jvm/java-8-oracle/lib/tools.jar:/usr/lib/eclipse/plugins/org.eclipse.jdt.core_3.8.2.dist.jar:/usr/lib/eclipse/plugins/org.eclipse.core.runtime_3.8.0.dist.jar:/usr/lib/eclipse/plugins/org.eclipse.osgi_3.8.1.dist.jar:/usr/lib/eclipse/plugins/org.eclipse.core.resources_3.8.1.dist.jar:/usr/lib/eclipse/plugins/org.eclipse.equinox.common_3.6.100.dist.jar:/usr/lib/eclipse/plugins/org.eclipse.core.jobs_3.5.200.dist.jar:/usr/lib/eclipse/plugins/org.eclipse.core.contenttype_3.4.200.dist.jar:/usr/lib/eclipse/plugins/org.eclipse.equinox.preferences_3.5.0.dist.jar:/usr/lib/eclipse/plugins/org.eclipse.text_3.5.200.dist.jar:/usr/lib/eclipse/plugins/org.eclipse.ui.workbench_3.8.1.dist.jar:/usr/lib/eclipse/plugins/org.eclipse.jface_3.8.0.dist.jar:/usr/lib/eclipse/plugins/org.eclipse.swt_3.8.2.jar:/usr/lib/eclipse/plugins/org.eclipse.jface.text_3.8.1.dist.jar:/usr/lib/eclipse/plugins/org.eclipse.ui.workbench.texteditor_3.8.0.dist.jar:/usr/lib/eclipse/plugins/org.eclipse.ui.editors_3.8.0.dist.jar:/usr/lib/eclipse/plugins/org.eclipse.core.commands_3.6.1.dist.jar:/usr/lib/eclipse/plugins/org.eclipse.equinox.registry_3.5.200.dist.jar:/usr/lib/eclipse/plugins/org.eclipse.ui.console_3.5.100.dist.jar:/usr/lib/eclipse/plugins/org.eclipse.ui.forms_3.5.200.dist.jar:/usr/lib/eclipse/plugins/org.eclipse.ui.ide_3.8.1.dist.jar:/home/travis/build/icyphy/ptII/vendors/oracle/dbxml.jar:/home/travis/build/icyphy/ptII/vendors/oracle/db.jar:/home/travis/build/icyphy/ptII/vendors/misc/itext/iText.jar:/home/travis/build/icyphy/ptII/lib/g4ltl.jar:/home/travis/build/icyphy/ptII/lib/StructuralCoder.jar:/home/travis/build/icyphy/ptII/lib/org-openide-util.jar:/home/travis/build/icyphy/ptII/lib/org-openide-util-lookup.jar:/home/travis/build/icyphy/ptII/lib/org-netbeans-api-visual.jar:/home/travis/build/icyphy/ptII/vendors/jai-1_1_2_01/lib/jai_core.jar:/home/travis/build/icyphy/ptII/vendors/jai-1_1_2_01/lib/jai_codec.jar:/home/travis/build/icyphy/ptII/lib/jcerti.jar:/home/travis/build/icyphy/ptII/lib/smack.jar:/home/travis/build/icyphy/ptII/lib/smackx.jar:/home/travis/build/icyphy/ptII/lib/jetty-all-8.1.5-v20120716.jar:/home/travis/build/icyphy/ptII/lib/javax.servlet-api-3.0.1.jar:/home/travis/build/icyphy/ptII/lib/javax.mail.jar:/home/travis/build/icyphy/ptII/vendors/JMF-2.1.1e/lib/jmf.jar:/home/travis/build/icyphy/ptII/lib/jna-4.0.0-variadic.jar:/home/travis/build/icyphy/ptII/vendors/misc/joystick/Joystick.jar:/home/travis/build/icyphy/ptII/lib/ptjacl.jar:/home/travis/build/icyphy/ptII/lib/jsoup-1.8.2.jar:/home/travis/build/icyphy/ptII/lib/junit-4.8.2.jar:/home/travis/build/icyphy/ptII/lib/JUnitParams-0.4.0.jar:/home/travis/build/icyphy/ptII/ptolemy/actor/lib/excel/jxl.jar:/home/travis/build/icyphy/ptII/lib/jython.jar:/home/travis/build/icyphy/ptII/lib/kieler.jar:/home/travis/build/icyphy/ptII/vendors/opencv/share/OpenCV/java/opencv-341.jar:/home/travis/build/icyphy/ptII/lib/oscP5.jar:/home/travis/build/icyphy/ptII/lib/nrjavaserial-3.11.0.devel.jar:/home/travis/build/icyphy/ptII/vendors/j3d/lib/j3dcore.jar:/home/travis/build/icyphy/ptII/vendors/j3d/lib/j3dutils.jar:/home/travis/build/icyphy/ptII/vendors/j3d/lib/vecmath.jar:/home/travis/build/icyphy/ptII/ptolemy/distributed/jini/jar/jini-core.jar:/home/travis/build/icyphy/ptII/ptolemy/distributed/jini/jar/jini-ext.jar:/home/travis/build/icyphy/ptII/ptolemy/distributed/jini/jar/sun-util.jar:/home/travis/build/icyphy/ptII/lib/protobuf-java-2.4.1.jar:/home/travis/build/icyphy/ptII/lib/org.eclipse.paho.client.mqttv3.jar:/home/travis/build/icyphy/ptII/ptserver/lib/hessian-4.0.7.jar:/home/travis/build/icyphy/ptII/ptserver/lib/wmqtt.jar:/home/travis/build/icyphy/ptII/lib/mapss.jar:/home/travis/build/icyphy/ptII/ptolemy/actor/ptalon/antlr/antlr.jar:/home/travis/build/icyphy/ptII/lib/JRI.jar:/home/travis/build/icyphy/ptII/lib/commons-lang-2.6.jar:/home/travis/build/icyphy/ptII/lib/commons-logging-1.1.1.jar:/home/travis/build/icyphy/ptII/lib/sootclasses.jar:/home/travis/build/icyphy/ptII/ptolemy/actor/lib/database/mysql-connector-java-5.1.6-bin.jar:/home/travis/build/icyphy/ptII/vendors/misc/sphinx4/sphinx4-data-5prealpha.jar:/home/travis/build/icyphy/ptII/vendors/misc/sphinx4/sphinx4-core-5prealpha.jar:/home/travis/build/icyphy/ptII/lib/PDFRenderer.jar:/home/travis/build/icyphy/ptII/lib/svgSalamander.jar:/home/travis/build/icyphy/ptII/lib/rsyntaxtextarea-2.6.0-SNAPSHOT.jar:/home/travis/build/icyphy/ptII/lib/hazelcast-3.8.2.jar:/home/travis/build/icyphy/ptII/lib/jackson-annotations-2.9.0.jar:/home/travis/build/icyphy/ptII/lib/jackson-core-2.9.3.jar:/home/travis/build/icyphy/ptII/lib/jackson-databind-2.9.3.jar:/home/travis/build/icyphy/ptII/lib/netty-buffer-4.1.19.Final.jar:/home/travis/build/icyphy/ptII/lib/netty-codec-4.1.19.Final.jar:/home/travis/build/icyphy/ptII/lib/netty-codec-dns-4.1.19.Final.jar:/home/travis/build/icyphy/ptII/lib/netty-codec-http-4.1.19.Final.jar:/home/travis/build/icyphy/ptII/lib/netty-codec-http2-4.1.19.Final.jar:/home/travis/build/icyphy/ptII/lib/netty-common-4.1.19.Final.jar:/home/travis/build/icyphy/ptII/lib/netty-handler-4.1.19.Final.jar:/home/travis/build/icyphy/ptII/lib/netty-resolver-4.1.19.Final.jar:/home/travis/build/icyphy/ptII/lib/netty-resolver-dns-4.1.19.Final.jar:/home/travis/build/icyphy/ptII/lib/netty-transport-4.1.19.Final.jar:/home/travis/build/icyphy/ptII/lib/vertx-codegen-3.5.1.jar:/home/travis/build/icyphy/ptII/lib/vertx-core-3.5.2-SNAPSHOT.jar:/home/travis/build/icyphy/ptII/lib/vertx-hazelcast-3.5.1.jar:/home/travis/build/icyphy/ptII/lib/vertx-lang-js-3.5.1.jar:/home/travis/build/icyphy/ptII/lib/vertx-service-proxy-3.5.1.jar:/home/travis/build/icyphy/ptII/lib/vertx-web-3.5.1.jar:/home/travis/build/icyphy/ptII/lib/slf4j-api-1.7.13.jar:/home/travis/build/icyphy/ptII/lib/slf4j-simple-1.7.13.jar:/home/travis/build/icyphy/ptII/lib/webcam-capture-0.3.12.jar:/home/travis/build/icyphy/ptII/lib/bridj-0.7.0.jar:/home/travis/build/icyphy/ptII/lib/xbjlib-1.1.0.nrjavaserial.jar:/home/travis/build/icyphy/ptII/ptolemy/moml/test:/home/travis/build/icyphy/ptII/ant/lib/ant-launcher.jar:/home/travis/build/icyphy/ptII/ant/lib/ant.jar:/home/travis/build/icyphy/ptII/ant/lib/ant-junit.jar:/home/travis/build/icyphy/ptII/ant/lib/ant-junit4.jar" />
    <property name="ant.library.dir" value="/home/travis/build/icyphy/ptII/ant/lib" />
    <property name="os.arch" value="amd64" />
    <property name="env.TRAVIS_LANGUAGE" value="node_js" />
    <property name="env.CONTINUOUS_INTEGRATION" value="true" />
    <property name="env.TRAVIS_STACK_LANGUAGES" value="__garnet__ c c++ clojure cplusplus cpp default go groovy java node_js php pure_java python ruby scala" />
    <property name="test.name" value="ptolemy.actor.lib.test.junit.JUnitTclTest" />
    <property name="sun.java.launcher" value="SUN_STANDARD" />
    <property name="env.PYTHON_CONFIGURE_OPTS" value="--enable-unicode=ucs4 --with-wide-unicode --enable-shared --enable-ipv6 --enable-loadable-sqlite-extensions --with-computed-gotos" />
    <property name="ant.core.lib" value="/home/travis/build/icyphy/ptII/ant/lib/ant.jar" />
    <property name="java.vm.specification.vendor" value="Oracle Corporation" />
    <property name="env.BCVTB_HOME" value="/home/travis/build/icyphy/ptII/lbnl" />
    <property name="file.separator" value="/" />
    <property name="java.runtime.version" value="1.8.0_151-b12" />
    <property name="spotbugs.home" value="/home/travis/build/icyphy/ptII/vendors/spotbugs-3.1.1" />
    <property name="sun.boot.class.path" value="/usr/lib/jvm/java-8-oracle/jre/lib/resources.jar:/usr/lib/jvm/java-8-oracle/jre/lib/rt.jar:/usr/lib/jvm/java-8-oracle/jre/lib/sunrsasign.jar:/usr/lib/jvm/java-8-oracle/jre/lib/jsse.jar:/usr/lib/jvm/java-8-oracle/jre/lib/jce.jar:/usr/lib/jvm/java-8-oracle/jre/lib/charsets.jar:/usr/lib/jvm/java-8-oracle/jre/lib/jfr.jar:/usr/lib/jvm/java-8-oracle/jre/classes" />
    <property name="env.HAS_JOSH_K_SEAL_OF_APPROVAL" value="true" />
    <property name="env.XDG_RUNTIME_DIR" value="/run/user/2000" />
    <property name="env.TRAVIS_OSX_IMAGE" value="" />
    <property name="env.TRAVIS_BRANCH" value="master" />
    <property name="env.TRAVIS_JOB_ID" value="407410243" />
    <property name="user.country" value="US" />
    <property name="env.CERTI_HOME_TRAVIS" value="/home/travis/pthla/certi-tools" />
    <property name="env.SHELL" value="/bin/bash" />
    <property name="java.maxmemory.large" value="5000m" />
    <property name="model" value="" />
    <property name="env.CASHER_DIR" value="/home/travis/.casher" />
    <property name="env.NVM_CD_FLAGS" value="" />
    <property name="jshint.executable" value="/home/travis/node_modules/jshint/bin/jshint" />
    <property name="java.vendor" value="Oracle Corporation" />
    <property name="env.JRUBY_OPTS" value=" --client -J-XX:+TieredCompilation -J-XX:TieredStopAtLevel=1 -J-Xss2m -Xcompile.invokedynamic=false" />
    <property name="env.TRAVIS_PRE_CHEF_BOOTSTRAP_TIME" value="2017-12-05T19:32:55" />
    <property name="env.ELIXIR_VERSION" value="1.4.5" />
    <property name="env.TRAVIS_STACK_JOB_BOARD_REGISTER" value="/.job-board-register.yml" />
    <property name="java.specification.version" value="1.8" />
    <property name="env.TRAVIS" value="true" />
    <property name="env.IRBRC" value="/home/travis/.rvm/rubies/ruby-2.4.1/.irbrc" />
    <property name="sun.arch.data.model" value="64" />
  </properties>
  <testcase classname="ptolemy.util.test.junit.TclTests" name="[0] /home/travis/build/icyphy/ptII/ptolemy/actor/lib/test/AbsoluteValue.tcl (RunTclFile)" time="0.489" />
  <testcase classname="ptolemy.util.test.junit.TclTests" name="[1] /home/travis/build/icyphy/ptII/ptolemy/actor/lib/test/AddSubtract.tcl (RunTclFile)" time="0.104" />
  <testcase classname="ptolemy.util.test.junit.TclTests" name="[2] /home/travis/build/icyphy/ptII/ptolemy/actor/lib/test/Average.tcl (RunTclFile)" time="0.055" />
  <testcase classname="ptolemy.util.test.junit.TclTests" name="[3] /home/travis/build/icyphy/ptII/ptolemy/actor/lib/test/Bernoulli.tcl (RunTclFile)" time="0.026" />
  <testcase classname="ptolemy.util.test.junit.TclTests" name="[4] /home/travis/build/icyphy/ptII/ptolemy/actor/lib/test/Clock.tcl (RunTclFile)" time="0.096" />
  <testcase classname="ptolemy.util.test.junit.TclTests" name="[5] /home/travis/build/icyphy/ptII/ptolemy/actor/lib/test/Commutator.tcl (RunTclFile)" time="0.101" />
  <testcase classname="ptolemy.util.test.junit.TclTests" name="[6] /home/travis/build/icyphy/ptII/ptolemy/actor/lib/test/Const.tcl (RunTclFile)" time="0.117" />
  <testcase classname="ptolemy.util.test.junit.TclTests" name="[7] /home/travis/build/icyphy/ptII/ptolemy/actor/lib/test/CurrentTime.tcl (RunTclFile)" time="0.036" />
  <testcase classname="ptolemy.util.test.junit.TclTests" name="[8] /home/travis/build/icyphy/ptII/ptolemy/actor/lib/test/DB.tcl (RunTclFile)" time="0.02" />
  <testcase classname="ptolemy.util.test.junit.TclTests" name="[9] /home/travis/build/icyphy/ptII/ptolemy/actor/lib/test/DiscreteRandomSource.tcl (RunTclFile)" time="0.023" />
  <testcase classname="ptolemy.util.test.junit.TclTests" name="[10] /home/travis/build/icyphy/ptII/ptolemy/actor/lib/test/Distributor.tcl (RunTclFile)" time="0.035" />
  <testcase classname="ptolemy.util.test.junit.TclTests" name="[11] /home/travis/build/icyphy/ptII/ptolemy/actor/lib/test/Exit.tcl (RunTclFile)" time="0.059" />
  <testcase classname="ptolemy.util.test.junit.TclTests" name="[12] /home/travis/build/icyphy/ptII/ptolemy/actor/lib/test/Expression.tcl (RunTclFile)" time="0.119" />
  <testcase classname="ptolemy.util.test.junit.TclTests" name="[13] /home/travis/build/icyphy/ptII/ptolemy/actor/lib/test/Gaussian.tcl (RunTclFile)" time="0.23" />
  <testcase classname="ptolemy.util.test.junit.TclTests" name="[14] /home/travis/build/icyphy/ptII/ptolemy/actor/lib/test/IIR.tcl (RunTclFile)" time="0.041" />
  <testcase classname="ptolemy.util.test.junit.TclTests" name="[15] /home/travis/build/icyphy/ptII/ptolemy/actor/lib/test/Interpolator.tcl (RunTclFile)" time="0.11" />
  <testcase classname="ptolemy.util.test.junit.TclTests" name="[16] /home/travis/build/icyphy/ptII/ptolemy/actor/lib/test/MathFunction.tcl (RunTclFile)" time="0.068" />
  <testcase classname="ptolemy.util.test.junit.TclTests" name="[17] /home/travis/build/icyphy/ptII/ptolemy/actor/lib/test/Maximum.tcl (RunTclFile)" time="0.038" />
  <testcase classname="ptolemy.util.test.junit.TclTests" name="[18] /home/travis/build/icyphy/ptII/ptolemy/actor/lib/test/Minimum.tcl (RunTclFile)" time="0.029" />
  <testcase classname="ptolemy.util.test.junit.TclTests" name="[19] /home/travis/build/icyphy/ptII/ptolemy/actor/lib/test/MultiplyDivide.tcl (RunTclFile)" time="0.042" />
  <testcase classname="ptolemy.util.test.junit.TclTests" name="[20] /home/travis/build/icyphy/ptII/ptolemy/actor/lib/test/OrderedMerge.tcl (RunTclFile)" time="0.095" />
  <testcase classname="ptolemy.util.test.junit.TclTests" name="[21] /home/travis/build/icyphy/ptII/ptolemy/actor/lib/test/Publisher.tcl (RunTclFile)" time="0.64" />
  <testcase classname="ptolemy.util.test.junit.TclTests" name="[22] /home/travis/build/icyphy/ptII/ptolemy/actor/lib/test/Pulse.tcl (RunTclFile)" time="0.031" />
  <testcase classname="ptolemy.util.test.junit.TclTests" name="[23] /home/travis/build/icyphy/ptII/ptolemy/actor/lib/test/Ramp.tcl (RunTclFile)" time="2.082" />
  <testcase classname="ptolemy.util.test.junit.TclTests" name="[24] /home/travis/build/icyphy/ptII/ptolemy/actor/lib/test/RampContinuous.tcl (RunTclFile)" time="0.016" />
  <testcase classname="ptolemy.util.test.junit.TclTests" name="[25] /home/travis/build/icyphy/ptII/ptolemy/actor/lib/test/RecordAssembler.tcl (RunTclFile)" time="0.014" />
  <testcase classname="ptolemy.util.test.junit.TclTests" name="[26] /home/travis/build/icyphy/ptII/ptolemy/actor/lib/test/RecordDisassembler.tcl (RunTclFile)" time="0.018" />
  <testcase classname="ptolemy.util.test.junit.TclTests" name="[27] /home/travis/build/icyphy/ptII/ptolemy/actor/lib/test/Scale.tcl (RunTclFile)" time="0.024" />
  <testcase classname="ptolemy.util.test.junit.TclTests" name="[28] /home/travis/build/icyphy/ptII/ptolemy/actor/lib/test/SequentialClock.tcl (RunTclFile)" time="0.01" />
  <testcase classname="ptolemy.util.test.junit.TclTests" name="[29] /home/travis/build/icyphy/ptII/ptolemy/actor/lib/test/SetVariable.tcl (RunTclFile)" time="0.012" />
  <testcase classname="ptolemy.util.test.junit.TclTests" name="[30] /home/travis/build/icyphy/ptII/ptolemy/actor/lib/test/Sinewave.tcl (RunTclFile)" time="0.027" />
  <testcase classname="ptolemy.util.test.junit.TclTests" name="[31] /home/travis/build/icyphy/ptII/ptolemy/actor/lib/test/SubscriptionAggregator.tcl (RunTclFile)" time="2.067" />
  <testcase classname="ptolemy.util.test.junit.TclTests" name="[32] /home/travis/build/icyphy/ptII/ptolemy/actor/lib/test/Test.tcl (RunTclFile)" time="0.062" />
  <testcase classname="ptolemy.util.test.junit.TclTests" name="[33] /home/travis/build/icyphy/ptII/ptolemy/actor/lib/test/TestExceptionHandler.tcl (RunTclFile)" time="0.009" />
  <testcase classname="ptolemy.util.test.junit.TclTests" name="[34] /home/travis/build/icyphy/ptII/ptolemy/actor/lib/test/UnionDisassembler.tcl (RunTclFile)" time="0.042" />
  <testcase classname="ptolemy.util.test.junit.TclTests" name="[35] /home/travis/build/icyphy/ptII/ptolemy/actor/lib/test/VariableClock.tcl (RunTclFile)" time="0.016" />
  <testcase classname="ptolemy.util.test.junit.AutoKnownFailedTests" name="[0] /home/travis/build/icyphy/ptII/ptolemy/actor/lib/test/auto/knownFailedTests/PublisherPortToplevelSubscriber.xml (RunModel)" time="0.015" />
  <testcase classname="ptolemy.util.test.junit.AutoKnownFailedTests" name="[1] /home/travis/build/icyphy/ptII/ptolemy/actor/lib/test/auto/knownFailedTests/PublisherSubscriberPortToplevel.xml (RunModel)" time="0.02" />
  <testcase classname="ptolemy.util.test.junit.AutoKnownFailedTests" name="[2] /home/travis/build/icyphy/ptII/ptolemy/actor/lib/test/auto/knownFailedTests/PublisherSubscriptionAggregatorPort.xml (RunModel)" time="0.019" />
  <testcase classname="ptolemy.util.test.junit.AutoKnownFailedTests" name="[3] /home/travis/build/icyphy/ptII/ptolemy/actor/lib/test/auto/knownFailedTests/sizedarray3.xml (RunModel)" time="0.017" />
  <testcase classname="ptolemy.util.test.junit.AutoNameArchTests" name="[0] ThereAreNoAutoArchTests (RunModel)" time="0.002" />
  <testcase classname="ptolemy.util.test.junit.AutoTests" name="[0] /home/travis/build/icyphy/ptII/ptolemy/actor/lib/test/auto/AbsoluteValue.xml (RunModel)" time="0.079" />
  <testcase classname="ptolemy.util.test.junit.AutoTests" name="[1] /home/travis/build/icyphy/ptII/ptolemy/actor/lib/test/auto/AbsoluteValue2.xml (RunModel)" time="0.064" />
  <testcase classname="ptolemy.util.test.junit.AutoTests" name="[2] /home/travis/build/icyphy/ptII/ptolemy/actor/lib/test/auto/Accumulator.xml (RunModel)" time="0.075" />
  <testcase classname="ptolemy.util.test.junit.AutoTests" name="[3] /home/travis/build/icyphy/ptII/ptolemy/actor/lib/test/auto/Accumulator2.xml (RunModel)" time="0.044" />
  <testcase classname="ptolemy.util.test.junit.AutoTests" name="[4] /home/travis/build/icyphy/ptII/ptolemy/actor/lib/test/auto/Accumulator3.xml (RunModel)" time="0.021" />
  <testcase classname="ptolemy.util.test.junit.AutoTests" name="[5] /home/travis/build/icyphy/ptII/ptolemy/actor/lib/test/auto/ArrayAppend.xml (RunModel)" time="0.049" />
  <testcase classname="ptolemy.util.test.junit.AutoTests" name="[6] /home/travis/build/icyphy/ptII/ptolemy/actor/lib/test/auto/ArrayAppend2.xml (RunModel)" time="0.34" />
  <testcase classname="ptolemy.util.test.junit.AutoTests" name="[7] /home/travis/build/icyphy/ptII/ptolemy/actor/lib/test/auto/ArrayAppend3.xml (RunModel)" time="0.096" />
  <testcase classname="ptolemy.util.test.junit.AutoTests" name="[8] /home/travis/build/icyphy/ptII/ptolemy/actor/lib/test/auto/ArrayAppend4.xml (RunModel)" time="0.019" />
  <testcase classname="ptolemy.util.test.junit.AutoTests" name="[9] /home/travis/build/icyphy/ptII/ptolemy/actor/lib/test/auto/ArrayAppend5.xml (RunModel)" time="0.025" />
  <testcase classname="ptolemy.util.test.junit.AutoTests" name="[10] /home/travis/build/icyphy/ptII/ptolemy/actor/lib/test/auto/ArrayAppend6.xml (RunModel)" time="0.021" />
  <testcase classname="ptolemy.util.test.junit.AutoTests" name="[11] /home/travis/build/icyphy/ptII/ptolemy/actor/lib/test/auto/ArrayAppendPerformanceTest.xml (RunModel)" time="0.051" />
  <testcase classname="ptolemy.util.test.junit.AutoTests" name="[12] /home/travis/build/icyphy/ptII/ptolemy/actor/lib/test/auto/ArrayAppendWithEmptyInput.xml (RunModel)" time="0.07" />
  <testcase classname="ptolemy.util.test.junit.AutoTests" name="[13] /home/travis/build/icyphy/ptII/ptolemy/actor/lib/test/auto/ArrayAverage.xml (RunModel)" time="0.045" />
  <testcase classname="ptolemy.util.test.junit.AutoTests" name="[14] /home/travis/build/icyphy/ptII/ptolemy/actor/lib/test/auto/ArrayContains.xml (RunModel)" time="0.027" />
  <testcase classname="ptolemy.util.test.junit.AutoTests" name="[15] /home/travis/build/icyphy/ptII/ptolemy/actor/lib/test/auto/ArrayElement.xml (RunModel)" time="0.026" />
  <testcase classname="ptolemy.util.test.junit.AutoTests" name="[16] /home/travis/build/icyphy/ptII/ptolemy/actor/lib/test/auto/ArrayElementAsMatrix.xml (RunModel)" time="0.065" />
  <testcase classname="ptolemy.util.test.junit.AutoTests" name="[17] /home/travis/build/icyphy/ptII/ptolemy/actor/lib/test/auto/ArrayElementI.xml (RunModel)" time="0.021" />
  <testcase classname="ptolemy.util.test.junit.AutoTests" name="[18] /home/travis/build/icyphy/ptII/ptolemy/actor/lib/test/auto/ArrayExtract.xml (RunModel)" time="0.066" />
  <testcase classname="ptolemy.util.test.junit.AutoTests" name="[19] /home/travis/build/icyphy/ptII/ptolemy/actor/lib/test/auto/ArrayExtract2.xml (RunModel)" time="0.016" />
  <testcase classname="ptolemy.util.test.junit.AutoTests" name="[20] /home/travis/build/icyphy/ptII/ptolemy/actor/lib/test/auto/ArrayLength.xml (RunModel)" time="0.016" />
  <testcase classname="ptolemy.util.test.junit.AutoTests" name="[21] /home/travis/build/icyphy/ptII/ptolemy/actor/lib/test/auto/ArrayLevelCrossing.xml (RunModel)" time="0.029" />
  <testcase classname="ptolemy.util.test.junit.AutoTests" name="[22] /home/travis/build/icyphy/ptII/ptolemy/actor/lib/test/auto/ArrayLevelCrossing2.xml (RunModel)" time="0.02" />
  <testcase classname="ptolemy.util.test.junit.AutoTests" name="[23] /home/travis/build/icyphy/ptII/ptolemy/actor/lib/test/auto/ArrayPeakSearch.xml (RunModel)" time="0.046" />
  <testcase classname="ptolemy.util.test.junit.AutoTests" name="[24] /home/travis/build/icyphy/ptII/ptolemy/actor/lib/test/auto/ArrayPeakSearch2.xml (RunModel)" time="0.041" />
  <testcase classname="ptolemy.util.test.junit.AutoTests" name="[25] /home/travis/build/icyphy/ptII/ptolemy/actor/lib/test/auto/ArrayPeakSearch3.xml (RunModel)" time="0.035" />
  <testcase classname="ptolemy.util.test.junit.AutoTests" name="[26] /home/travis/build/icyphy/ptII/ptolemy/actor/lib/test/auto/ArrayRemoveElement.xml (RunModel)" time="0.03" />
  <testcase classname="ptolemy.util.test.junit.AutoTests" name="[27] /home/travis/build/icyphy/ptII/ptolemy/actor/lib/test/auto/ArraySort.xml (RunModel)" time="0.039" />
  <testcase classname="ptolemy.util.test.junit.AutoTests" name="[28] /home/travis/build/icyphy/ptII/ptolemy/actor/lib/test/auto/ArraySum.xml (RunModel)" time="0.02" />
  <testcase classname="ptolemy.util.test.junit.AutoTests" name="[29] /home/travis/build/icyphy/ptII/ptolemy/actor/lib/test/auto/ArrayToElements.xml (RunModel)" time="0.02" />
  <testcase classname="ptolemy.util.test.junit.AutoTests" name="[30] /home/travis/build/icyphy/ptII/ptolemy/actor/lib/test/auto/ArrayToMatrix.xml (RunModel)" time="0.056" />
  <testcase classname="ptolemy.util.test.junit.AutoTests" name="[31] /home/travis/build/icyphy/ptII/ptolemy/actor/lib/test/auto/ArrayUpdate1.xml (RunModel)" time="0.026" />
  <testcase classname="ptolemy.util.test.junit.AutoTests" name="[32] /home/travis/build/icyphy/ptII/ptolemy/actor/lib/test/auto/ArrayUpdate2.xml (RunModel)" time="0.03" />
  <testcase classname="ptolemy.util.test.junit.AutoTests" name="[33] /home/travis/build/icyphy/ptII/ptolemy/actor/lib/test/auto/ArrayUpdate3.xml (RunModel)" time="0.022" />
  <testcase classname="ptolemy.util.test.junit.AutoTests" name="[34] /home/travis/build/icyphy/ptII/ptolemy/actor/lib/test/auto/Assert1.xml (RunModel)" time="0.024" />
  <testcase classname="ptolemy.util.test.junit.AutoTests" name="[35] /home/travis/build/icyphy/ptII/ptolemy/actor/lib/test/auto/Assert2.xml (RunModel)" time="0.011" />
  <testcase classname="ptolemy.util.test.junit.AutoTests" name="[36] /home/travis/build/icyphy/ptII/ptolemy/actor/lib/test/auto/BooleanMultiplexor.xml (RunModel)" time="0.019" />
  <testcase classname="ptolemy.util.test.junit.AutoTests" name="[37] /home/travis/build/icyphy/ptII/ptolemy/actor/lib/test/auto/BooleanMultiplexor2.xml (RunModel)" time="0.029" />
  <testcase classname="ptolemy.util.test.junit.AutoTests" name="[38] /home/travis/build/icyphy/ptII/ptolemy/actor/lib/test/auto/BooleanMultiplexor3.xml (RunModel)" time="0.028" />
  <testcase classname="ptolemy.util.test.junit.AutoTests" name="[39] /home/travis/build/icyphy/ptII/ptolemy/actor/lib/test/auto/BooleanSelect.xml (RunModel)" time="0.031" />
  <testcase classname="ptolemy.util.test.junit.AutoTests" name="[40] /home/travis/build/icyphy/ptII/ptolemy/actor/lib/test/auto/BooleanSelect2.xml (RunModel)" time="0.013" />
  <testcase classname="ptolemy.util.test.junit.AutoTests" name="[41] /home/travis/build/icyphy/ptII/ptolemy/actor/lib/test/auto/BooleanSwitch.xml (RunModel)" time="0.023" />
  <testcase classname="ptolemy.util.test.junit.AutoTests" name="[42] /home/travis/build/icyphy/ptII/ptolemy/actor/lib/test/auto/BooleanSwitch2.xml (RunModel)" time="0.061" />
  <testcase classname="ptolemy.util.test.junit.AutoTests" name="[43] /home/travis/build/icyphy/ptII/ptolemy/actor/lib/test/auto/BooleanSwitchCloningBugWithClassRelationGroup.xml (RunModel)" time="0.032" />
  <testcase classname="ptolemy.util.test.junit.AutoTests" name="[44] /home/travis/build/icyphy/ptII/ptolemy/actor/lib/test/auto/BusActors.xml (RunModel)" time="0.036" />
  <testcase classname="ptolemy.util.test.junit.AutoTests" name="[45] /home/travis/build/icyphy/ptII/ptolemy/actor/lib/test/auto/ClassWrapper.xml (RunModel)" time="0.01" />
  <testcase classname="ptolemy.util.test.junit.AutoTests" name="[46] /home/travis/build/icyphy/ptII/ptolemy/actor/lib/test/auto/Clock.xml (RunModel)" time="0.011" />
  <testcase classname="ptolemy.util.test.junit.AutoTests" name="[47] /home/travis/build/icyphy/ptII/ptolemy/actor/lib/test/auto/Clock10.xml (RunModel)" time="0.028" />
  <testcase classname="ptolemy.util.test.junit.AutoTests" name="[48] /home/travis/build/icyphy/ptII/ptolemy/actor/lib/test/auto/Clock11.xml (RunModel)" time="0.019" />
  <testcase classname="ptolemy.util.test.junit.AutoTests" name="[49] /home/travis/build/icyphy/ptII/ptolemy/actor/lib/test/auto/Clock12.xml (RunModel)" time="0.026" />
  <testcase classname="ptolemy.util.test.junit.AutoTests" name="[50] /home/travis/build/icyphy/ptII/ptolemy/actor/lib/test/auto/Clock13.xml (RunModel)" time="0.013" />
  <testcase classname="ptolemy.util.test.junit.AutoTests" name="[51] /home/travis/build/icyphy/ptII/ptolemy/actor/lib/test/auto/Clock14.xml (RunModel)" time="0.014" />
  <testcase classname="ptolemy.util.test.junit.AutoTests" name="[52] /home/travis/build/icyphy/ptII/ptolemy/actor/lib/test/auto/Clock15.xml (RunModel)" time="0.019" />
  <testcase classname="ptolemy.util.test.junit.AutoTests" name="[53] /home/travis/build/icyphy/ptII/ptolemy/actor/lib/test/auto/Clock16.xml (RunModel)" time="0.095" />
  <testcase classname="ptolemy.util.test.junit.AutoTests" name="[54] /home/travis/build/icyphy/ptII/ptolemy/actor/lib/test/auto/Clock17.xml (RunModel)" time="0.08" />
  <testcase classname="ptolemy.util.test.junit.AutoTests" name="[55] /home/travis/build/icyphy/ptII/ptolemy/actor/lib/test/auto/Clock18.xml (RunModel)" time="0.059" />
  <testcase classname="ptolemy.util.test.junit.AutoTests" name="[56] /home/travis/build/icyphy/ptII/ptolemy/actor/lib/test/auto/Clock19.xml (RunModel)" time="0.04" />
  <testcase classname="ptolemy.util.test.junit.AutoTests" name="[57] /home/travis/build/icyphy/ptII/ptolemy/actor/lib/test/auto/Clock2.xml (RunModel)" time="0.014" />
  <testcase classname="ptolemy.util.test.junit.AutoTests" name="[58] /home/travis/build/icyphy/ptII/ptolemy/actor/lib/test/auto/Clock20.xml (RunModel)" time="0.039" />
  <testcase classname="ptolemy.util.test.junit.AutoTests" name="[59] /home/travis/build/icyphy/ptII/ptolemy/actor/lib/test/auto/Clock21.xml (RunModel)" time="0.02" />
  <testcase classname="ptolemy.util.test.junit.AutoTests" name="[60] /home/travis/build/icyphy/ptII/ptolemy/actor/lib/test/auto/Clock22.xml (RunModel)" time="0.016" />
  <testcase classname="ptolemy.util.test.junit.AutoTests" name="[61] /home/travis/build/icyphy/ptII/ptolemy/actor/lib/test/auto/Clock23.xml (RunModel)" time="0.018" />
  <testcase classname="ptolemy.util.test.junit.AutoTests" name="[62] /home/travis/build/icyphy/ptII/ptolemy/actor/lib/test/auto/Clock24.xml (RunModel)" time="0.017" />
  <testcase classname="ptolemy.util.test.junit.AutoTests" name="[63] /home/travis/build/icyphy/ptII/ptolemy/actor/lib/test/auto/Clock4.xml (RunModel)" time="0.015" />
  <testcase classname="ptolemy.util.test.junit.AutoTests" name="[64] /home/travis/build/icyphy/ptII/ptolemy/actor/lib/test/auto/Clock5.xml (RunModel)" time="0.017" />
  <testcase classname="ptolemy.util.test.junit.AutoTests" name="[65] /home/travis/build/icyphy/ptII/ptolemy/actor/lib/test/auto/Clock6.xml (RunModel)" time="0.012" />
  <testcase classname="ptolemy.util.test.junit.AutoTests" name="[66] /home/travis/build/icyphy/ptII/ptolemy/actor/lib/test/auto/Clock7.xml (RunModel)" time="0.012" />
  <testcase classname="ptolemy.util.test.junit.AutoTests" name="[67] /home/travis/build/icyphy/ptII/ptolemy/actor/lib/test/auto/Clock8.xml (RunModel)" time="0.014" />
  <testcase classname="ptolemy.util.test.junit.AutoTests" name="[68] /home/travis/build/icyphy/ptII/ptolemy/actor/lib/test/auto/Clock9.xml (RunModel)" time="0.012" />
  <testcase classname="ptolemy.util.test.junit.AutoTests" name="[69] /home/travis/build/icyphy/ptII/ptolemy/actor/lib/test/auto/CommDistDiscard.xml (RunModel)" time="0.021" />
  <testcase classname="ptolemy.util.test.junit.AutoTests" name="[70] /home/travis/build/icyphy/ptII/ptolemy/actor/lib/test/auto/Commutator.xml (RunModel)" time="0.01" />
  <testcase classname="ptolemy.util.test.junit.AutoTests" name="[71] /home/travis/build/icyphy/ptII/ptolemy/actor/lib/test/auto/Commutator2.xml (RunModel)" time="0.01" />
  <testcase classname="ptolemy.util.test.junit.AutoTests" name="[72] /home/travis/build/icyphy/ptII/ptolemy/actor/lib/test/auto/Commutator3.xml (RunModel)" time="0.01" />
  <testcase classname="ptolemy.util.test.junit.AutoTests" name="[73] /home/travis/build/icyphy/ptII/ptolemy/actor/lib/test/auto/Compare.xml (RunModel)" time="0.017" />
  <testcase classname="ptolemy.util.test.junit.AutoTests" name="[74] /home/travis/build/icyphy/ptII/ptolemy/actor/lib/test/auto/CompareDE.xml (RunModel)" time="0.016" />
  <testcase classname="ptolemy.util.test.junit.AutoTests" name="[75] /home/travis/build/icyphy/ptII/ptolemy/actor/lib/test/auto/ComplexDivide.xml (RunModel)" time="0.008" />
  <testcase classname="ptolemy.util.test.junit.AutoTests" name="[76] /home/travis/build/icyphy/ptII/ptolemy/actor/lib/test/auto/ComputeHistogram.xml (RunModel)" time="0.054" />
  <testcase classname="ptolemy.util.test.junit.AutoTests" name="[77] /home/travis/build/icyphy/ptII/ptolemy/actor/lib/test/auto/ConfigurationSelect.xml (RunModel)" time="0.013" />
  <testcase classname="ptolemy.util.test.junit.AutoTests" name="[78] /home/travis/build/icyphy/ptII/ptolemy/actor/lib/test/auto/ConfigurationSelect2.xml (RunModel)" time="0.012" />
  <testcase classname="ptolemy.util.test.junit.AutoTests" name="[79] /home/travis/build/icyphy/ptII/ptolemy/actor/lib/test/auto/ConfigurationSwitch.xml (RunModel)" time="0.015" />
  <testcase classname="ptolemy.util.test.junit.AutoTests" name="[80] /home/travis/build/icyphy/ptII/ptolemy/actor/lib/test/auto/ConfigurationSwitch2.xml (RunModel)" time="0.011" />
  <testcase classname="ptolemy.util.test.junit.AutoTests" name="[81] /home/travis/build/icyphy/ptII/ptolemy/actor/lib/test/auto/ConfigurationSwitchCloningBugWithClassRelationGroup.xml (RunModel)" time="0.018" />
  <testcase classname="ptolemy.util.test.junit.AutoTests" name="[82] /home/travis/build/icyphy/ptII/ptolemy/actor/lib/test/auto/ConfigurationSwitchSelectSDF.xml (RunModel)" time="0.014" />
  <testcase classname="ptolemy.util.test.junit.AutoTests" name="[83] /home/travis/build/icyphy/ptII/ptolemy/actor/lib/test/auto/ConfigurationSwitchSelectSDF2.xml (RunModel)" time="0.018" />
  <testcase classname="ptolemy.util.test.junit.AutoTests" name="[84] /home/travis/build/icyphy/ptII/ptolemy/actor/lib/test/auto/Const.xml (RunModel)" time="0.007" />
  <testcase classname="ptolemy.util.test.junit.AutoTests" name="[85] /home/travis/build/icyphy/ptII/ptolemy/actor/lib/test/auto/Const2.xml (RunModel)" time="0.009" />
  <testcase classname="ptolemy.util.test.junit.AutoTests" name="[86] /home/travis/build/icyphy/ptII/ptolemy/actor/lib/test/auto/Const3.xml (RunModel)" time="0.008" />
  <testcase classname="ptolemy.util.test.junit.AutoTests" name="[87] /home/travis/build/icyphy/ptII/ptolemy/actor/lib/test/auto/ConstantPublisherPort1.xml (RunModel)" time="0.021" />
  <testcase classname="ptolemy.util.test.junit.AutoTests" name="[88] /home/travis/build/icyphy/ptII/ptolemy/actor/lib/test/auto/ConstantPublisherPort2.xml (RunModel)" time="0.018" />
  <testcase classname="ptolemy.util.test.junit.AutoTests" name="[89] /home/travis/build/icyphy/ptII/ptolemy/actor/lib/test/auto/ConstantPublisherPort3.xml (RunModel)" time="0.017" />
  <testcase classname="ptolemy.util.test.junit.AutoTests" name="[90] /home/travis/build/icyphy/ptII/ptolemy/actor/lib/test/auto/ConstantPublisherPort4.xml (RunModel)" time="0.017" />
  <testcase classname="ptolemy.util.test.junit.AutoTests" name="[91] /home/travis/build/icyphy/ptII/ptolemy/actor/lib/test/auto/ConstantPublisherPort5.xml (RunModel)" time="0.035" />
  <testcase classname="ptolemy.util.test.junit.AutoTests" name="[92] /home/travis/build/icyphy/ptII/ptolemy/actor/lib/test/auto/ConstantPublisherPort6.xml (RunModel)" time="0.036" />
  <testcase classname="ptolemy.util.test.junit.AutoTests" name="[93] /home/travis/build/icyphy/ptII/ptolemy/actor/lib/test/auto/ConstantPublisherPort7.xml (RunModel)" time="0.033" />
  <testcase classname="ptolemy.util.test.junit.AutoTests" name="[94] /home/travis/build/icyphy/ptII/ptolemy/actor/lib/test/auto/ConstraintMonitor1.xml (RunModel)" time="0.038" />
  <testcase classname="ptolemy.util.test.junit.AutoTests" name="[95] /home/travis/build/icyphy/ptII/ptolemy/actor/lib/test/auto/ConstraintMonitor2.xml (RunModel)" time="0.014" />
  <testcase classname="ptolemy.util.test.junit.AutoTests" name="[96] /home/travis/build/icyphy/ptII/ptolemy/actor/lib/test/auto/ConstraintMonitor3.xml (RunModel)" time="0.016" />
  <testcase classname="ptolemy.util.test.junit.AutoTests" name="[97] /home/travis/build/icyphy/ptII/ptolemy/actor/lib/test/auto/ConstraintMonitor4.xml (RunModel)" time="0.011" />
  <testcase classname="ptolemy.util.test.junit.AutoTests" name="[98] /home/travis/build/icyphy/ptII/ptolemy/actor/lib/test/auto/ConstraintMonitor5.xml (RunModel)" time="0.011" />
  <testcase classname="ptolemy.util.test.junit.AutoTests" name="[99] /home/travis/build/icyphy/ptII/ptolemy/actor/lib/test/auto/ConstraintMonitor6.xml (RunModel)" time="0.017" />
  <testcase classname="ptolemy.util.test.junit.AutoTests" name="[100] /home/travis/build/icyphy/ptII/ptolemy/actor/lib/test/auto/ConstraintMonitor7.xml (RunModel)" time="0.022" />
  <testcase classname="ptolemy.util.test.junit.AutoTests" name="[101] /home/travis/build/icyphy/ptII/ptolemy/actor/lib/test/auto/ConstraintMonitor8.xml (RunModel)" time="0.02" />
  <testcase classname="ptolemy.util.test.junit.AutoTests" name="[102] /home/travis/build/icyphy/ptII/ptolemy/actor/lib/test/auto/Counter.xml (RunModel)" time="0.012" />
  <testcase classname="ptolemy.util.test.junit.AutoTests" name="[103] /home/travis/build/icyphy/ptII/ptolemy/actor/lib/test/auto/CurrentTimeSDF.xml (RunModel)" time="0.008" />
  <testcase classname="ptolemy.util.test.junit.AutoTests" name="[104] /home/travis/build/icyphy/ptII/ptolemy/actor/lib/test/auto/DB.xml (RunModel)" time="0.015" />
  <testcase classname="ptolemy.util.test.junit.AutoTests" name="[105] /home/travis/build/icyphy/ptII/ptolemy/actor/lib/test/auto/DBDE.xml (RunModel)" time="0.015" />
  <testcase classname="ptolemy.util.test.junit.AutoTests" name="[106] /home/travis/build/icyphy/ptII/ptolemy/actor/lib/test/auto/DateConstructor.xml (RunModel)" time="0.049" />
  <testcase classname="ptolemy.util.test.junit.AutoTests" name="[107] /home/travis/build/icyphy/ptII/ptolemy/actor/lib/test/auto/DelayTime.xml (RunModel)" time="0.013" />
  <testcase classname="ptolemy.util.test.junit.AutoTests" name="[108] /home/travis/build/icyphy/ptII/ptolemy/actor/lib/test/auto/Dictionary1.xml (RunModel)" time="0.015" />
  <testcase classname="ptolemy.util.test.junit.AutoTests" name="[109] /home/travis/build/icyphy/ptII/ptolemy/actor/lib/test/auto/Dictionary2.xml (RunModel)" time="0.013" />
  <testcase classname="ptolemy.util.test.junit.AutoTests" name="[110] /home/travis/build/icyphy/ptII/ptolemy/actor/lib/test/auto/Dictionary3.xml (RunModel)" time="0.013" />
  <testcase classname="ptolemy.util.test.junit.AutoTests" name="[111] /home/travis/build/icyphy/ptII/ptolemy/actor/lib/test/auto/Dictionary4.xml (RunModel)" time="0.016" />
  <testcase classname="ptolemy.util.test.junit.AutoTests" name="[112] /home/travis/build/icyphy/ptII/ptolemy/actor/lib/test/auto/Differential.xml (RunModel)" time="0.012" />
  <testcase classname="ptolemy.util.test.junit.AutoTests" name="[113] /home/travis/build/icyphy/ptII/ptolemy/actor/lib/test/auto/Director.xml (RunModel)" time="0.009" />
  <testcase classname="ptolemy.util.test.junit.AutoTests" name="[114] /home/travis/build/icyphy/ptII/ptolemy/actor/lib/test/auto/DiscreteClock.xml (RunModel)" time="0.01" />
  <testcase classname="ptolemy.util.test.junit.AutoTests" name="[115] /home/travis/build/icyphy/ptII/ptolemy/actor/lib/test/auto/DiscreteClock10.xml (RunModel)" time="0.012" />
  <testcase classname="ptolemy.util.test.junit.AutoTests" name="[116] /home/travis/build/icyphy/ptII/ptolemy/actor/lib/test/auto/DiscreteClock11.xml (RunModel)" time="0.012" />
  <testcase classname="ptolemy.util.test.junit.AutoTests" name="[117] /home/travis/build/icyphy/ptII/ptolemy/actor/lib/test/auto/DiscreteClock12.xml (RunModel)" time="0.012" />
  <testcase classname="ptolemy.util.test.junit.AutoTests" name="[118] /home/travis/build/icyphy/ptII/ptolemy/actor/lib/test/auto/DiscreteClock13.xml (RunModel)" time="0.012" />
  <testcase classname="ptolemy.util.test.junit.AutoTests" name="[119] /home/travis/build/icyphy/ptII/ptolemy/actor/lib/test/auto/DiscreteClock14.xml (RunModel)" time="0.014" />
  <testcase classname="ptolemy.util.test.junit.AutoTests" name="[120] /home/travis/build/icyphy/ptII/ptolemy/actor/lib/test/auto/DiscreteClock15.xml (RunModel)" time="0.016" />
  <testcase classname="ptolemy.util.test.junit.AutoTests" name="[121] /home/travis/build/icyphy/ptII/ptolemy/actor/lib/test/auto/DiscreteClock16.xml (RunModel)" time="0.04" />
  <testcase classname="ptolemy.util.test.junit.AutoTests" name="[122] /home/travis/build/icyphy/ptII/ptolemy/actor/lib/test/auto/DiscreteClock17.xml (RunModel)" time="0.042" />
  <testcase classname="ptolemy.util.test.junit.AutoTests" name="[123] /home/travis/build/icyphy/ptII/ptolemy/actor/lib/test/auto/DiscreteClock18.xml (RunModel)" time="0.041" />
  <testcase classname="ptolemy.util.test.junit.AutoTests" name="[124] /home/travis/build/icyphy/ptII/ptolemy/actor/lib/test/auto/DiscreteClock19.xml (RunModel)" time="0.038" />
  <testcase classname="ptolemy.util.test.junit.AutoTests" name="[125] /home/travis/build/icyphy/ptII/ptolemy/actor/lib/test/auto/DiscreteClock2.xml (RunModel)" time="0.012" />
  <testcase classname="ptolemy.util.test.junit.AutoTests" name="[126] /home/travis/build/icyphy/ptII/ptolemy/actor/lib/test/auto/DiscreteClock20.xml (RunModel)" time="0.016" />
  <testcase classname="ptolemy.util.test.junit.AutoTests" name="[127] /home/travis/build/icyphy/ptII/ptolemy/actor/lib/test/auto/DiscreteClock21.xml (RunModel)" time="0.02" />
  <testcase classname="ptolemy.util.test.junit.AutoTests" name="[128] /home/travis/build/icyphy/ptII/ptolemy/actor/lib/test/auto/DiscreteClock22.xml (RunModel)" time="0.013" />
  <testcase classname="ptolemy.util.test.junit.AutoTests" name="[129] /home/travis/build/icyphy/ptII/ptolemy/actor/lib/test/auto/DiscreteClock23.xml (RunModel)" time="0.017" />
  <testcase classname="ptolemy.util.test.junit.AutoTests" name="[130] /home/travis/build/icyphy/ptII/ptolemy/actor/lib/test/auto/DiscreteClock24.xml (RunModel)" time="0.502" />
  <testcase classname="ptolemy.util.test.junit.AutoTests" name="[131] /home/travis/build/icyphy/ptII/ptolemy/actor/lib/test/auto/DiscreteClock4.xml (RunModel)" time="0.01" />
  <testcase classname="ptolemy.util.test.junit.AutoTests" name="[132] /home/travis/build/icyphy/ptII/ptolemy/actor/lib/test/auto/DiscreteClock5.xml (RunModel)" time="0.01" />
  <testcase classname="ptolemy.util.test.junit.AutoTests" name="[133] /home/travis/build/icyphy/ptII/ptolemy/actor/lib/test/auto/DiscreteClock6.xml (RunModel)" time="0.007" />
  <testcase classname="ptolemy.util.test.junit.AutoTests" name="[134] /home/travis/build/icyphy/ptII/ptolemy/actor/lib/test/auto/DiscreteClock7.xml (RunModel)" time="0.009" />
  <testcase classname="ptolemy.util.test.junit.AutoTests" name="[135] /home/travis/build/icyphy/ptII/ptolemy/actor/lib/test/auto/DiscreteClock8.xml (RunModel)" time="0.015" />
  <testcase classname="ptolemy.util.test.junit.AutoTests" name="[136] /home/travis/build/icyphy/ptII/ptolemy/actor/lib/test/auto/DiscreteClock9.xml (RunModel)" time="0.014" />
  <testcase classname="ptolemy.util.test.junit.AutoTests" name="[137] /home/travis/build/icyphy/ptII/ptolemy/actor/lib/test/auto/DisplayArray.xml (RunModel)" time="0.018" />
  <testcase classname="ptolemy.util.test.junit.AutoTests" name="[138] /home/travis/build/icyphy/ptII/ptolemy/actor/lib/test/auto/Distributor.xml (RunModel)" time="0.009" />
  <testcase classname="ptolemy.util.test.junit.AutoTests" name="[139] /home/travis/build/icyphy/ptII/ptolemy/actor/lib/test/auto/Distributor2.xml (RunModel)" time="0.009" />
  <testcase classname="ptolemy.util.test.junit.AutoTests" name="[140] /home/travis/build/icyphy/ptII/ptolemy/actor/lib/test/auto/DownSample.xml (RunModel)" time="0.015" />
  <testcase classname="ptolemy.util.test.junit.AutoTests" name="[141] /home/travis/build/icyphy/ptII/ptolemy/actor/lib/test/auto/ElectronicUnitBase1.xml (RunModel)" time="0.07" />
  <testcase classname="ptolemy.util.test.junit.AutoTests" name="[142] /home/travis/build/icyphy/ptII/ptolemy/actor/lib/test/auto/ElementsToArray.xml (RunModel)" time="0.009" />
  <testcase classname="ptolemy.util.test.junit.AutoTests" name="[143] /home/travis/build/icyphy/ptII/ptolemy/actor/lib/test/auto/Equals.xml (RunModel)" time="0.013" />
  <testcase classname="ptolemy.util.test.junit.AutoTests" name="[144] /home/travis/build/icyphy/ptII/ptolemy/actor/lib/test/auto/Exec.xml (RunModel)" time="0.027" />
  <testcase classname="ptolemy.util.test.junit.AutoTests" name="[145] /home/travis/build/icyphy/ptII/ptolemy/actor/lib/test/auto/ExecEnvironment.xml (RunModel)" time="0.029" />
  <testcase classname="ptolemy.util.test.junit.AutoTests" name="[146] /home/travis/build/icyphy/ptII/ptolemy/actor/lib/test/auto/ExecNonZeroReturnOutput.xml (RunModel)" time="0.149" />
  <testcase classname="ptolemy.util.test.junit.AutoTests" name="[147] /home/travis/build/icyphy/ptII/ptolemy/actor/lib/test/auto/ExecRunDemos.xml (RunModel)" time="9.686" />
  <testcase classname="ptolemy.util.test.junit.AutoTests" name="[148] /home/travis/build/icyphy/ptII/ptolemy/actor/lib/test/auto/ExecStop.xml (RunModel)" time="5.031" />
  <testcase classname="ptolemy.util.test.junit.AutoTests" name="[149] /home/travis/build/icyphy/ptII/ptolemy/actor/lib/test/auto/ExecutionTimeSDF.xml (RunModel)" time="6.034" />
  <testcase classname="ptolemy.util.test.junit.AutoTests" name="[150] /home/travis/build/icyphy/ptII/ptolemy/actor/lib/test/auto/Expression1.xml (RunModel)" time="0.01" />
  <testcase classname="ptolemy.util.test.junit.AutoTests" name="[151] /home/travis/build/icyphy/ptII/ptolemy/actor/lib/test/auto/Expression10.xml (RunModel)" time="0.028" />
  <testcase classname="ptolemy.util.test.junit.AutoTests" name="[152] /home/travis/build/icyphy/ptII/ptolemy/actor/lib/test/auto/Expression11.xml (RunModel)" time="0.011" />
  <testcase classname="ptolemy.util.test.junit.AutoTests" name="[153] /home/travis/build/icyphy/ptII/ptolemy/actor/lib/test/auto/Expression12.xml (RunModel)" time="0.013" />
  <testcase classname="ptolemy.util.test.junit.AutoTests" name="[154] /home/travis/build/icyphy/ptII/ptolemy/actor/lib/test/auto/Expression13.xml (RunModel)" time="0.013" />
  <testcase classname="ptolemy.util.test.junit.AutoTests" name="[155] /home/travis/build/icyphy/ptII/ptolemy/actor/lib/test/auto/Expression14.xml (RunModel)" time="0.015" />
  <testcase classname="ptolemy.util.test.junit.AutoTests" name="[156] /home/travis/build/icyphy/ptII/ptolemy/actor/lib/test/auto/Expression15.xml (RunModel)" time="0.008" />
  <testcase classname="ptolemy.util.test.junit.AutoTests" name="[157] /home/travis/build/icyphy/ptII/ptolemy/actor/lib/test/auto/Expression16.xml (RunModel)" time="0.013" />
  <testcase classname="ptolemy.util.test.junit.AutoTests" name="[158] /home/travis/build/icyphy/ptII/ptolemy/actor/lib/test/auto/Expression17.xml (RunModel)" time="0.011" />
  <testcase classname="ptolemy.util.test.junit.AutoTests" name="[159] /home/travis/build/icyphy/ptII/ptolemy/actor/lib/test/auto/Expression18.xml (RunModel)" time="0.014" />
  <testcase classname="ptolemy.util.test.junit.AutoTests" name="[160] /home/travis/build/icyphy/ptII/ptolemy/actor/lib/test/auto/Expression2.xml (RunModel)" time="0.013" />
  <testcase classname="ptolemy.util.test.junit.AutoTests" name="[161] /home/travis/build/icyphy/ptII/ptolemy/actor/lib/test/auto/Expression3.xml (RunModel)" time="0.011" />
  <testcase classname="ptolemy.util.test.junit.AutoTests" name="[162] /home/travis/build/icyphy/ptII/ptolemy/actor/lib/test/auto/Expression4.xml (RunModel)" time="0.021" />
  <testcase classname="ptolemy.util.test.junit.AutoTests" name="[163] /home/travis/build/icyphy/ptII/ptolemy/actor/lib/test/auto/Expression5.xml (RunModel)" time="0.012" />
  <testcase classname="ptolemy.util.test.junit.AutoTests" name="[164] /home/travis/build/icyphy/ptII/ptolemy/actor/lib/test/auto/Expression6.xml (RunModel)" time="0.011" />
  <testcase classname="ptolemy.util.test.junit.AutoTests" name="[165] /home/travis/build/icyphy/ptII/ptolemy/actor/lib/test/auto/Expression7.xml (RunModel)" time="0.012" />
  <testcase classname="ptolemy.util.test.junit.AutoTests" name="[166] /home/travis/build/icyphy/ptII/ptolemy/actor/lib/test/auto/Expression8.xml (RunModel)" time="0.011" />
  <testcase classname="ptolemy.util.test.junit.AutoTests" name="[167] /home/travis/build/icyphy/ptII/ptolemy/actor/lib/test/auto/Expression9.xml (RunModel)" time="0.009" />
  <testcase classname="ptolemy.util.test.junit.AutoTests" name="[168] /home/travis/build/icyphy/ptII/ptolemy/actor/lib/test/auto/ExpressionConcatenateArrayType.xml (RunModel)" time="0.025" />
  <testcase classname="ptolemy.util.test.junit.AutoTests" name="[169] /home/travis/build/icyphy/ptII/ptolemy/actor/lib/test/auto/ExpressionConcatenateArrayType2.xml (RunModel)" time="0.016" />
  <testcase classname="ptolemy.util.test.junit.AutoTests" name="[170] /home/travis/build/icyphy/ptII/ptolemy/actor/lib/test/auto/ExpressionFix.xml (RunModel)" time="0.026" />
  <testcase classname="ptolemy.util.test.junit.AutoTests" name="[171] /home/travis/build/icyphy/ptII/ptolemy/actor/lib/test/auto/ExpressionFix2.xml (RunModel)" time="0.01" />
  <testcase classname="ptolemy.util.test.junit.AutoTests" name="[172] /home/travis/build/icyphy/ptII/ptolemy/actor/lib/test/auto/ExpressionFix3.xml (RunModel)" time="0.013" />
  <testcase classname="ptolemy.util.test.junit.AutoTests" name="[173] /home/travis/build/icyphy/ptII/ptolemy/actor/lib/test/auto/FileWriter1.xml (RunModel)" time="0.009" />
  <testcase classname="ptolemy.util.test.junit.AutoTests" name="[174] /home/travis/build/icyphy/ptII/ptolemy/actor/lib/test/auto/FileWriter2.xml (RunModel)" time="0.01" />
  <testcase classname="ptolemy.util.test.junit.AutoTests" name="[175] /home/travis/build/icyphy/ptII/ptolemy/actor/lib/test/auto/FileWriter3.xml (RunModel)" time="0.016" />
  <testcase classname="ptolemy.util.test.junit.AutoTests" name="[176] /home/travis/build/icyphy/ptII/ptolemy/actor/lib/test/auto/Gaussian.xml (RunModel)" time="0.011" />
  <testcase classname="ptolemy.util.test.junit.AutoTests" name="[177] /home/travis/build/icyphy/ptII/ptolemy/actor/lib/test/auto/Gaussian1.xml (RunModel)" time="0.014" />
  <testcase classname="ptolemy.util.test.junit.AutoTests" name="[178] /home/travis/build/icyphy/ptII/ptolemy/actor/lib/test/auto/Gaussian2.xml (RunModel)" time="0.016" />
  <testcase classname="ptolemy.util.test.junit.AutoTests" name="[179] /home/travis/build/icyphy/ptII/ptolemy/actor/lib/test/auto/GradientAdaptiveLattice.xml (RunModel)" time="0.016" />
  <testcase classname="ptolemy.util.test.junit.AutoTests" name="[180] /home/travis/build/icyphy/ptII/ptolemy/actor/lib/test/auto/IIR.xml (RunModel)" time="0.013" />
  <testcase classname="ptolemy.util.test.junit.AutoTests" name="[181] /home/travis/build/icyphy/ptII/ptolemy/actor/lib/test/auto/InputOutputTransparentPorts.xml (RunModel)" time="0.021" />
  <testcase classname="ptolemy.util.test.junit.AutoTests" name="[182] /home/travis/build/icyphy/ptII/ptolemy/actor/lib/test/auto/Interpolator.xml (RunModel)" time="0.016" />
  <testcase classname="ptolemy.util.test.junit.AutoTests" name="[183] /home/travis/build/icyphy/ptII/ptolemy/actor/lib/test/auto/InterpolatorFiringLimitDE.xml (RunModel)" time="0.013" />
  <testcase classname="ptolemy.util.test.junit.AutoTests" name="[184] /home/travis/build/icyphy/ptII/ptolemy/actor/lib/test/auto/Lattice.xml (RunModel)" time="0.007" />
  <testcase classname="ptolemy.util.test.junit.AutoTests" name="[185] /home/travis/build/icyphy/ptII/ptolemy/actor/lib/test/auto/LazyAOCTestLazy.xml (RunModel)" time="0.029" />
  <testcase classname="ptolemy.util.test.junit.AutoTests" name="[186] /home/travis/build/icyphy/ptII/ptolemy/actor/lib/test/auto/LazyAOCTestNonLazy.xml (RunModel)" time="0.049" />
  <testcase classname="ptolemy.util.test.junit.AutoTests" name="[187] /home/travis/build/icyphy/ptII/ptolemy/actor/lib/test/auto/LazyInnerClass.xml (RunModel)" time="0.051" />
  <testcase classname="ptolemy.util.test.junit.AutoTests" name="[188] /home/travis/build/icyphy/ptII/ptolemy/actor/lib/test/auto/LazyPubSub.xml (RunModel)" time="0.058" />
  <testcase classname="ptolemy.util.test.junit.AutoTests" name="[189] /home/travis/build/icyphy/ptII/ptolemy/actor/lib/test/auto/LazyPubSub2.xml (RunModel)" time="0.06" />
  <testcase classname="ptolemy.util.test.junit.AutoTests" name="[190] /home/travis/build/icyphy/ptII/ptolemy/actor/lib/test/auto/LazyPubSub3.xml (RunModel)" time="0.029" />
  <testcase classname="ptolemy.util.test.junit.AutoTests" name="[191] /home/travis/build/icyphy/ptII/ptolemy/actor/lib/test/auto/LazySubClassModel.xml (RunModel)" time="0.025" />
  <testcase classname="ptolemy.util.test.junit.AutoTests" name="[192] /home/travis/build/icyphy/ptII/ptolemy/actor/lib/test/auto/LevelCrossTest1.xml (RunModel)" time="0.012" />
  <testcase classname="ptolemy.util.test.junit.AutoTests" name="[193] /home/travis/build/icyphy/ptII/ptolemy/actor/lib/test/auto/LevelCrossTest10.xml (RunModel)" time="0.022" />
  <testcase classname="ptolemy.util.test.junit.AutoTests" name="[194] /home/travis/build/icyphy/ptII/ptolemy/actor/lib/test/auto/LevelCrossTest11.xml (RunModel)" time="0.014" />
  <testcase classname="ptolemy.util.test.junit.AutoTests" name="[195] /home/travis/build/icyphy/ptII/ptolemy/actor/lib/test/auto/LevelCrossTest12.xml (RunModel)" time="0.022" />
  <testcase classname="ptolemy.util.test.junit.AutoTests" name="[196] /home/travis/build/icyphy/ptII/ptolemy/actor/lib/test/auto/LevelCrossTest13.xml (RunModel)" time="0.014" />
  <testcase classname="ptolemy.util.test.junit.AutoTests" name="[197] /home/travis/build/icyphy/ptII/ptolemy/actor/lib/test/auto/LevelCrossTest2.xml (RunModel)" time="0.011" />
  <testcase classname="ptolemy.util.test.junit.AutoTests" name="[198] /home/travis/build/icyphy/ptII/ptolemy/actor/lib/test/auto/LevelCrossTest3.xml (RunModel)" time="0.013" />
  <testcase classname="ptolemy.util.test.junit.AutoTests" name="[199] /home/travis/build/icyphy/ptII/ptolemy/actor/lib/test/auto/LevelCrossTest4.xml (RunModel)" time="0.011" />
  <testcase classname="ptolemy.util.test.junit.AutoTests" name="[200] /home/travis/build/icyphy/ptII/ptolemy/actor/lib/test/auto/LevelCrossTest5.xml (RunModel)" time="0.017" />
  <testcase classname="ptolemy.util.test.junit.AutoTests" name="[201] /home/travis/build/icyphy/ptII/ptolemy/actor/lib/test/auto/LevelCrossTest6.xml (RunModel)" time="0.013" />
  <testcase classname="ptolemy.util.test.junit.AutoTests" name="[202] /home/travis/build/icyphy/ptII/ptolemy/actor/lib/test/auto/LevelCrossTest7.xml (RunModel)" time="0.022" />
  <testcase classname="ptolemy.util.test.junit.AutoTests" name="[203] /home/travis/build/icyphy/ptII/ptolemy/actor/lib/test/auto/LevelCrossTest8.xml (RunModel)" time="0.015" />
  <testcase classname="ptolemy.util.test.junit.AutoTests" name="[204] /home/travis/build/icyphy/ptII/ptolemy/actor/lib/test/auto/LevelCrossTest9.xml (RunModel)" time="0.014" />
  <testcase classname="ptolemy.util.test.junit.AutoTests" name="[205] /home/travis/build/icyphy/ptII/ptolemy/actor/lib/test/auto/LevinsonDurbin.xml (RunModel)" time="0.018" />
  <testcase classname="ptolemy.util.test.junit.AutoTests" name="[206] /home/travis/build/icyphy/ptII/ptolemy/actor/lib/test/auto/LevinsonDurbin2.xml (RunModel)" time="0.014" />
  <testcase classname="ptolemy.util.test.junit.AutoTests" name="[207] /home/travis/build/icyphy/ptII/ptolemy/actor/lib/test/auto/LevinsonDurbin3.xml (RunModel)" time="0.013" />
  <testcase classname="ptolemy.util.test.junit.AutoTests" name="[208] /home/travis/build/icyphy/ptII/ptolemy/actor/lib/test/auto/Limiter.xml (RunModel)" time="0.037" />
  <testcase classname="ptolemy.util.test.junit.AutoTests" name="[209] /home/travis/build/icyphy/ptII/ptolemy/actor/lib/test/auto/LinearDifferenceEquationSystem.xml (RunModel)" time="0.02" />
  <testcase classname="ptolemy.util.test.junit.AutoTests" name="[210] /home/travis/build/icyphy/ptII/ptolemy/actor/lib/test/auto/LookupTable.xml (RunModel)" time="0.011" />
  <testcase classname="ptolemy.util.test.junit.AutoTests" name="[211] /home/travis/build/icyphy/ptII/ptolemy/actor/lib/test/auto/MathFunction.xml (RunModel)" time="0.029" />
  <testcase classname="ptolemy.util.test.junit.AutoTests" name="[212] /home/travis/build/icyphy/ptII/ptolemy/actor/lib/test/auto/MathFunction2.xml (RunModel)" time="0.018" />
  <testcase classname="ptolemy.util.test.junit.AutoTests" name="[213] /home/travis/build/icyphy/ptII/ptolemy/actor/lib/test/auto/MathFunction3.xml (RunModel)" time="0.018" />
  <testcase classname="ptolemy.util.test.junit.AutoTests" name="[214] /home/travis/build/icyphy/ptII/ptolemy/actor/lib/test/auto/MatrixCropBoolean.xml (RunModel)" time="0.01" />
  <testcase classname="ptolemy.util.test.junit.AutoTests" name="[215] /home/travis/build/icyphy/ptII/ptolemy/actor/lib/test/auto/MatrixCropComplex.xml (RunModel)" time="0.009" />
  <testcase classname="ptolemy.util.test.junit.AutoTests" name="[216] /home/travis/build/icyphy/ptII/ptolemy/actor/lib/test/auto/MatrixCropDouble.xml (RunModel)" time="0.009" />
  <testcase classname="ptolemy.util.test.junit.AutoTests" name="[217] /home/travis/build/icyphy/ptII/ptolemy/actor/lib/test/auto/MatrixCropFix.xml (RunModel)" time="0.014" />
  <testcase classname="ptolemy.util.test.junit.AutoTests" name="[218] /home/travis/build/icyphy/ptII/ptolemy/actor/lib/test/auto/MatrixCropInt.xml (RunModel)" time="0.009" />
  <testcase classname="ptolemy.util.test.junit.AutoTests" name="[219] /home/travis/build/icyphy/ptII/ptolemy/actor/lib/test/auto/MatrixCropLong.xml (RunModel)" time="0.009" />
  <testcase classname="ptolemy.util.test.junit.AutoTests" name="[220] /home/travis/build/icyphy/ptII/ptolemy/actor/lib/test/auto/MatrixToArray.xml (RunModel)" time="0.068" />
  <testcase classname="ptolemy.util.test.junit.AutoTests" name="[221] /home/travis/build/icyphy/ptII/ptolemy/actor/lib/test/auto/MaxIndex.xml (RunModel)" time="0.012" />
  <testcase classname="ptolemy.util.test.junit.AutoTests" name="[222] /home/travis/build/icyphy/ptII/ptolemy/actor/lib/test/auto/Maximum.xml (RunModel)" time="0.018" />
  <testcase classname="ptolemy.util.test.junit.AutoTests" name="[223] /home/travis/build/icyphy/ptII/ptolemy/actor/lib/test/auto/MaximumComplex.xml (RunModel)" time="0.016" />
  <testcase classname="ptolemy.util.test.junit.AutoTests" name="[224] /home/travis/build/icyphy/ptII/ptolemy/actor/lib/test/auto/MethodCallTest.xml (RunModel)" time="0.024" />
  <testcase classname="ptolemy.util.test.junit.AutoTests" name="[225] /home/travis/build/icyphy/ptII/ptolemy/actor/lib/test/auto/Minimum.xml (RunModel)" time="0.013" />
  <testcase classname="ptolemy.util.test.junit.AutoTests" name="[226] /home/travis/build/icyphy/ptII/ptolemy/actor/lib/test/auto/MinimumComplex.xml (RunModel)" time="0.016" />
  <testcase classname="ptolemy.util.test.junit.AutoTests" name="[227] /home/travis/build/icyphy/ptII/ptolemy/actor/lib/test/auto/MinimumMultiports.xml (RunModel)" time="0.023" />
  <testcase classname="ptolemy.util.test.junit.AutoTests" name="[228] /home/travis/build/icyphy/ptII/ptolemy/actor/lib/test/auto/ModifyDate.xml (RunModel)" time="0.047" />
  <testcase classname="ptolemy.util.test.junit.AutoTests" name="[229] /home/travis/build/icyphy/ptII/ptolemy/actor/lib/test/auto/ModifyDate2.xml (RunModel)" time="0.029" />
  <testcase classname="ptolemy.util.test.junit.AutoTests" name="[230] /home/travis/build/icyphy/ptII/ptolemy/actor/lib/test/auto/MovingAverage.xml (RunModel)" time="0.019" />
  <testcase classname="ptolemy.util.test.junit.AutoTests" name="[231] /home/travis/build/icyphy/ptII/ptolemy/actor/lib/test/auto/MovingMaximum.xml (RunModel)" time="0.01" />
  <testcase classname="ptolemy.util.test.junit.AutoTests" name="[232] /home/travis/build/icyphy/ptII/ptolemy/actor/lib/test/auto/MultipleLinksToSameRelation.xml (RunModel)" time="0.006" />
  <testcase classname="ptolemy.util.test.junit.AutoTests" name="[233] /home/travis/build/icyphy/ptII/ptolemy/actor/lib/test/auto/MultipleLinksToSameRelationDE.xml (RunModel)" time="0.01" />
  <testcase classname="ptolemy.util.test.junit.AutoTests" name="[234] /home/travis/build/icyphy/ptII/ptolemy/actor/lib/test/auto/Multiplexor.xml (RunModel)" time="0.011" />
  <testcase classname="ptolemy.util.test.junit.AutoTests" name="[235] /home/travis/build/icyphy/ptII/ptolemy/actor/lib/test/auto/Multiplexor1.xml (RunModel)" time="0.013" />
  <testcase classname="ptolemy.util.test.junit.AutoTests" name="[236] /home/travis/build/icyphy/ptII/ptolemy/actor/lib/test/auto/Multiplexor2.xml (RunModel)" time="0.017" />
  <testcase classname="ptolemy.util.test.junit.AutoTests" name="[237] /home/travis/build/icyphy/ptII/ptolemy/actor/lib/test/auto/Multiplexor3.xml (RunModel)" time="0.009" />
  <testcase classname="ptolemy.util.test.junit.AutoTests" name="[238] /home/travis/build/icyphy/ptII/ptolemy/actor/lib/test/auto/MultiplexorDE.xml (RunModel)" time="0.017" />
  <testcase classname="ptolemy.util.test.junit.AutoTests" name="[239] /home/travis/build/icyphy/ptII/ptolemy/actor/lib/test/auto/MultiportBroadcastTest.xml (RunModel)" time="0.065" />
  <testcase classname="ptolemy.util.test.junit.AutoTests" name="[240] /home/travis/build/icyphy/ptII/ptolemy/actor/lib/test/auto/MultiportOutHangDuringGetWidth.xml (RunModel)" time="0.04" />
  <testcase classname="ptolemy.util.test.junit.AutoTests" name="[241] /home/travis/build/icyphy/ptII/ptolemy/actor/lib/test/auto/NilToken.xml (RunModel)" time="0.013" />
  <testcase classname="ptolemy.util.test.junit.AutoTests" name="[242] /home/travis/build/icyphy/ptII/ptolemy/actor/lib/test/auto/NilTokenNonStrictTest.xml (RunModel)" time="0.013" />
  <testcase classname="ptolemy.util.test.junit.AutoTests" name="[243] /home/travis/build/icyphy/ptII/ptolemy/actor/lib/test/auto/NilTokenRecord.xml (RunModel)" time="0.024" />
  <testcase classname="ptolemy.util.test.junit.AutoTests" name="[244] /home/travis/build/icyphy/ptII/ptolemy/actor/lib/test/auto/NilTokenTypeTest.xml (RunModel)" time="0.031" />
  <testcase classname="ptolemy.util.test.junit.AutoTests" name="[245] /home/travis/build/icyphy/ptII/ptolemy/actor/lib/test/auto/ObjectToken1.xml (RunModel)" time="0.008" />
  <testcase classname="ptolemy.util.test.junit.AutoTests" name="[246] /home/travis/build/icyphy/ptII/ptolemy/actor/lib/test/auto/OrderedMerge.xml (RunModel)" time="0.021" />
  <testcase classname="ptolemy.util.test.junit.AutoTests" name="[247] /home/travis/build/icyphy/ptII/ptolemy/actor/lib/test/auto/OrderedRecordDisassembler.xml (RunModel)" time="0.02" />
  <testcase classname="ptolemy.util.test.junit.AutoTests" name="[248] /home/travis/build/icyphy/ptII/ptolemy/actor/lib/test/auto/OrderedRecordDisassembler2.xml (RunModel)" time="0.019" />
  <testcase classname="ptolemy.util.test.junit.AutoTests" name="[249] /home/travis/build/icyphy/ptII/ptolemy/actor/lib/test/auto/OrderedRecordUpdater.xml (RunModel)" time="0.011" />
  <testcase classname="ptolemy.util.test.junit.AutoTests" name="[250] /home/travis/build/icyphy/ptII/ptolemy/actor/lib/test/auto/OrderedRecordUpdater2.xml (RunModel)" time="0.023" />
  <testcase classname="ptolemy.util.test.junit.AutoTests" name="[251] /home/travis/build/icyphy/ptII/ptolemy/actor/lib/test/auto/PhaseUnwrap.xml (RunModel)" time="0.01" />
  <testcase classname="ptolemy.util.test.junit.AutoTests" name="[252] /home/travis/build/icyphy/ptII/ptolemy/actor/lib/test/auto/PoissonClock.xml (RunModel)" time="0.009" />
  <testcase classname="ptolemy.util.test.junit.AutoTests" name="[253] /home/travis/build/icyphy/ptII/ptolemy/actor/lib/test/auto/PoissonClock2.xml (RunModel)" time="0.006" />
  <testcase classname="ptolemy.util.test.junit.AutoTests" name="[254] /home/travis/build/icyphy/ptII/ptolemy/actor/lib/test/auto/PoissonClock3.xml (RunModel)" time="0.019" />
  <testcase classname="ptolemy.util.test.junit.AutoTests" name="[255] /home/travis/build/icyphy/ptII/ptolemy/actor/lib/test/auto/PubSubWithInitialTokens.xml (RunModel)" time="0.013" />
  <testcase classname="ptolemy.util.test.junit.AutoTests" name="[256] /home/travis/build/icyphy/ptII/ptolemy/actor/lib/test/auto/PubSubWithInitialTokens2.xml (RunModel)" time="0.013" />
  <testcase classname="ptolemy.util.test.junit.AutoTests" name="[257] /home/travis/build/icyphy/ptII/ptolemy/actor/lib/test/auto/PublisherClassNoParameter.xml (RunModel)" time="0.022" />
  <testcase classname="ptolemy.util.test.junit.AutoTests" name="[258] /home/travis/build/icyphy/ptII/ptolemy/actor/lib/test/auto/PublisherClassParameter.xml (RunModel)" time="0.022" />
  <testcase classname="ptolemy.util.test.junit.AutoTests" name="[259] /home/travis/build/icyphy/ptII/ptolemy/actor/lib/test/auto/PublisherNonStrictTest.xml (RunModel)" time="0.015" />
  <testcase classname="ptolemy.util.test.junit.AutoTests" name="[260] /home/travis/build/icyphy/ptII/ptolemy/actor/lib/test/auto/PublisherPort1.xml (RunModel)" time="0.009" />
  <testcase classname="ptolemy.util.test.junit.AutoTests" name="[261] /home/travis/build/icyphy/ptII/ptolemy/actor/lib/test/auto/PublisherPort2.xml (RunModel)" time="0.008" />
  <testcase classname="ptolemy.util.test.junit.AutoTests" name="[262] /home/travis/build/icyphy/ptII/ptolemy/actor/lib/test/auto/PublisherPort3.xml (RunModel)" time="0.019" />
  <testcase classname="ptolemy.util.test.junit.AutoTests" name="[263] /home/travis/build/icyphy/ptII/ptolemy/actor/lib/test/auto/PublisherPort4.xml (RunModel)" time="0.015" />
  <testcase classname="ptolemy.util.test.junit.AutoTests" name="[264] /home/travis/build/icyphy/ptII/ptolemy/actor/lib/test/auto/PublisherPort5.xml (RunModel)" time="0.014" />
  <testcase classname="ptolemy.util.test.junit.AutoTests" name="[265] /home/travis/build/icyphy/ptII/ptolemy/actor/lib/test/auto/PublisherPort5LookAlike.xml (RunModel)" time="0.014" />
  <testcase classname="ptolemy.util.test.junit.AutoTests" name="[266] /home/travis/build/icyphy/ptII/ptolemy/actor/lib/test/auto/PublisherPort6.xml (RunModel)" time="0.015" />
  <testcase classname="ptolemy.util.test.junit.AutoTests" name="[267] /home/travis/build/icyphy/ptII/ptolemy/actor/lib/test/auto/PublisherPort7.xml (RunModel)" time="0.014" />
  <testcase classname="ptolemy.util.test.junit.AutoTests" name="[268] /home/travis/build/icyphy/ptII/ptolemy/actor/lib/test/auto/PublisherPort8.xml (RunModel)" time="0.015" />
  <testcase classname="ptolemy.util.test.junit.AutoTests" name="[269] /home/travis/build/icyphy/ptII/ptolemy/actor/lib/test/auto/PublisherPortSubscriberChannelVariablesAOC2.xml (RunModel)" time="0.031" />
  <testcase classname="ptolemy.util.test.junit.AutoTests" name="[270] /home/travis/build/icyphy/ptII/ptolemy/actor/lib/test/auto/PublisherPortSubscriberOpaqueWidthInference.xml (RunModel)" time="0.015" />
  <testcase classname="ptolemy.util.test.junit.AutoTests" name="[271] /home/travis/build/icyphy/ptII/ptolemy/actor/lib/test/auto/PublisherPortSubscriberPortAdjacent.xml (RunModel)" time="0.016" />
  <testcase classname="ptolemy.util.test.junit.AutoTests" name="[272] /home/travis/build/icyphy/ptII/ptolemy/actor/lib/test/auto/PublisherPortSubscriberPortExpression.xml (RunModel)" time="0.016" />
  <testcase classname="ptolemy.util.test.junit.AutoTests" name="[273] /home/travis/build/icyphy/ptII/ptolemy/actor/lib/test/auto/PublisherPortSubscriberPortOpaqueD3Reverse.xml (RunModel)" time="0.02" />
  <testcase classname="ptolemy.util.test.junit.AutoTests" name="[274] /home/travis/build/icyphy/ptII/ptolemy/actor/lib/test/auto/PublisherPortSubscriberPortOpaqueWidthInference.xml (RunModel)" time="0.016" />
  <testcase classname="ptolemy.util.test.junit.AutoTests" name="[275] /home/travis/build/icyphy/ptII/ptolemy/actor/lib/test/auto/PublisherPortToplevelSubscriberPortAOC.xml (RunModel)" time="0.01" />
  <testcase classname="ptolemy.util.test.junit.AutoTests" name="[276] /home/travis/build/icyphy/ptII/ptolemy/actor/lib/test/auto/PublisherSubscriber.xml (RunModel)" time="0.012" />
  <testcase classname="ptolemy.util.test.junit.AutoTests" name="[277] /home/travis/build/icyphy/ptII/ptolemy/actor/lib/test/auto/PublisherSubscriber10.xml (RunModel)" time="0.018" />
  <testcase classname="ptolemy.util.test.junit.AutoTests" name="[278] /home/travis/build/icyphy/ptII/ptolemy/actor/lib/test/auto/PublisherSubscriber10InitialOutputs.xml (RunModel)" time="0.018" />
  <testcase classname="ptolemy.util.test.junit.AutoTests" name="[279] /home/travis/build/icyphy/ptII/ptolemy/actor/lib/test/auto/PublisherSubscriber11.xml (RunModel)" time="0.01" />
  <testcase classname="ptolemy.util.test.junit.AutoTests" name="[280] /home/travis/build/icyphy/ptII/ptolemy/actor/lib/test/auto/PublisherSubscriber12.xml (RunModel)" time="0.012" />
  <testcase classname="ptolemy.util.test.junit.AutoTests" name="[281] /home/travis/build/icyphy/ptII/ptolemy/actor/lib/test/auto/PublisherSubscriber13.xml (RunModel)" time="0.01" />
  <testcase classname="ptolemy.util.test.junit.AutoTests" name="[282] /home/travis/build/icyphy/ptII/ptolemy/actor/lib/test/auto/PublisherSubscriber14.xml (RunModel)" time="0.017" />
  <testcase classname="ptolemy.util.test.junit.AutoTests" name="[283] /home/travis/build/icyphy/ptII/ptolemy/actor/lib/test/auto/PublisherSubscriber2.xml (RunModel)" time="0.009" />
  <testcase classname="ptolemy.util.test.junit.AutoTests" name="[284] /home/travis/build/icyphy/ptII/ptolemy/actor/lib/test/auto/PublisherSubscriber3.xml (RunModel)" time="0.009" />
  <testcase classname="ptolemy.util.test.junit.AutoTests" name="[285] /home/travis/build/icyphy/ptII/ptolemy/actor/lib/test/auto/PublisherSubscriber4.xml (RunModel)" time="0.007" />
  <testcase classname="ptolemy.util.test.junit.AutoTests" name="[286] /home/travis/build/icyphy/ptII/ptolemy/actor/lib/test/auto/PublisherSubscriber5.xml (RunModel)" time="0.011" />
  <testcase classname="ptolemy.util.test.junit.AutoTests" name="[287] /home/travis/build/icyphy/ptII/ptolemy/actor/lib/test/auto/PublisherSubscriber6.xml (RunModel)" time="0.012" />
  <testcase classname="ptolemy.util.test.junit.AutoTests" name="[288] /home/travis/build/icyphy/ptII/ptolemy/actor/lib/test/auto/PublisherSubscriber7.xml (RunModel)" time="0.013" />
  <testcase classname="ptolemy.util.test.junit.AutoTests" name="[289] /home/travis/build/icyphy/ptII/ptolemy/actor/lib/test/auto/PublisherSubscriber8.xml (RunModel)" time="0.026" />
  <testcase classname="ptolemy.util.test.junit.AutoTests" name="[290] /home/travis/build/icyphy/ptII/ptolemy/actor/lib/test/auto/PublisherSubscriber9.xml (RunModel)" time="0.015" />
  <testcase classname="ptolemy.util.test.junit.AutoTests" name="[291] /home/travis/build/icyphy/ptII/ptolemy/actor/lib/test/auto/PublisherSubscriberAdjacent.xml (RunModel)" time="0.019" />
  <testcase classname="ptolemy.util.test.junit.AutoTests" name="[292] /home/travis/build/icyphy/ptII/ptolemy/actor/lib/test/auto/PublisherSubscriberChannelVariablesAOC2.xml (RunModel)" time="0.029" />
  <testcase classname="ptolemy.util.test.junit.AutoTests" name="[293] /home/travis/build/icyphy/ptII/ptolemy/actor/lib/test/auto/PublisherSubscriberD3.xml (RunModel)" time="0.014" />
  <testcase classname="ptolemy.util.test.junit.AutoTests" name="[294] /home/travis/build/icyphy/ptII/ptolemy/actor/lib/test/auto/PublisherSubscriberD3Reverse.xml (RunModel)" time="0.011" />
  <testcase classname="ptolemy.util.test.junit.AutoTests" name="[295] /home/travis/build/icyphy/ptII/ptolemy/actor/lib/test/auto/PublisherSubscriberExpression.xml (RunModel)" time="0.017" />
  <testcase classname="ptolemy.util.test.junit.AutoTests" name="[296] /home/travis/build/icyphy/ptII/ptolemy/actor/lib/test/auto/PublisherSubscriberOpaque.xml (RunModel)" time="0.018" />
  <testcase classname="ptolemy.util.test.junit.AutoTests" name="[297] /home/travis/build/icyphy/ptII/ptolemy/actor/lib/test/auto/PublisherSubscriberOpaqueD3.xml (RunModel)" time="0.025" />
  <testcase classname="ptolemy.util.test.junit.AutoTests" name="[298] /home/travis/build/icyphy/ptII/ptolemy/actor/lib/test/auto/PublisherSubscriberOpaqueD3Reverse.xml (RunModel)" time="0.025" />
  <testcase classname="ptolemy.util.test.junit.AutoTests" name="[299] /home/travis/build/icyphy/ptII/ptolemy/actor/lib/test/auto/PublisherSubscriberOpaqueWidthInference.xml (RunModel)" time="0.017" />
  <testcase classname="ptolemy.util.test.junit.AutoTests" name="[300] /home/travis/build/icyphy/ptII/ptolemy/actor/lib/test/auto/PublisherTestSubscriber.xml (RunModel)" time="0.021" />
  <testcase classname="ptolemy.util.test.junit.AutoTests" name="[301] /home/travis/build/icyphy/ptII/ptolemy/actor/lib/test/auto/PublisherToplevelSubscriberPortAOC.xml (RunModel)" time="0.011" />
  <testcase classname="ptolemy.util.test.junit.AutoTests" name="[302] /home/travis/build/icyphy/ptII/ptolemy/actor/lib/test/auto/PulseFiringLimitDE.xml (RunModel)" time="0.016" />
  <testcase classname="ptolemy.util.test.junit.AutoTests" name="[303] /home/travis/build/icyphy/ptII/ptolemy/actor/lib/test/auto/Ramp1.xml (RunModel)" time="0.008" />
  <testcase classname="ptolemy.util.test.junit.AutoTests" name="[304] /home/travis/build/icyphy/ptII/ptolemy/actor/lib/test/auto/RampFiringLimitDE.xml (RunModel)" time="0.016" />
  <testcase classname="ptolemy.util.test.junit.AutoTests" name="[305] /home/travis/build/icyphy/ptII/ptolemy/actor/lib/test/auto/RampFiringLimitSDF.xml (RunModel)" time="0.013" />
  <testcase classname="ptolemy.util.test.junit.AutoTests" name="[306] /home/travis/build/icyphy/ptII/ptolemy/actor/lib/test/auto/RandomInteger.xml (RunModel)" time="0.009" />
  <testcase classname="ptolemy.util.test.junit.AutoTests" name="[307] /home/travis/build/icyphy/ptII/ptolemy/actor/lib/test/auto/ReadFile1.xml (RunModel)" time="0.009" />
  <testcase classname="ptolemy.util.test.junit.AutoTests" name="[308] /home/travis/build/icyphy/ptII/ptolemy/actor/lib/test/auto/ReadFile2.xml (RunModel)" time="0.015" />
  <testcase classname="ptolemy.util.test.junit.AutoTests" name="[309] /home/travis/build/icyphy/ptII/ptolemy/actor/lib/test/auto/Reader.xml (RunModel)" time="0.018" />
  <testcase classname="ptolemy.util.test.junit.AutoTests" name="[310] /home/travis/build/icyphy/ptII/ptolemy/actor/lib/test/auto/RecordAssemblerDisplayNameTest.xml (RunModel)" time="3.441" />
  <testcase classname="ptolemy.util.test.junit.AutoTests" name="[311] /home/travis/build/icyphy/ptII/ptolemy/actor/lib/test/auto/RecordAssemblerTypeError.xml (RunModel)" time="0.03" />
  <testcase classname="ptolemy.util.test.junit.AutoTests" name="[312] /home/travis/build/icyphy/ptII/ptolemy/actor/lib/test/auto/RecordDisassember.xml (RunModel)" time="0.009" />
  <testcase classname="ptolemy.util.test.junit.AutoTests" name="[313] /home/travis/build/icyphy/ptII/ptolemy/actor/lib/test/auto/RecordDisassemberDisplayNameTest.xml (RunModel)" time="0.018" />
  <testcase classname="ptolemy.util.test.junit.AutoTests" name="[314] /home/travis/build/icyphy/ptII/ptolemy/actor/lib/test/auto/RecordDisassembler.xml (RunModel)" time="0.008" />
  <testcase classname="ptolemy.util.test.junit.AutoTests" name="[315] /home/travis/build/icyphy/ptII/ptolemy/actor/lib/test/auto/RecordDisassembler2.xml (RunModel)" time="0.01" />
  <testcase classname="ptolemy.util.test.junit.AutoTests" name="[316] /home/travis/build/icyphy/ptII/ptolemy/actor/lib/test/auto/RecordUpdater.xml (RunModel)" time="0.008" />
  <testcase classname="ptolemy.util.test.junit.AutoTests" name="[317] /home/travis/build/icyphy/ptII/ptolemy/actor/lib/test/auto/RecordUpdater2.xml (RunModel)" time="0.008" />
  <testcase classname="ptolemy.util.test.junit.AutoTests" name="[318] /home/travis/build/icyphy/ptII/ptolemy/actor/lib/test/auto/RecursiveLattice.xml (RunModel)" time="0.007" />
  <testcase classname="ptolemy.util.test.junit.AutoTests" name="[319] /home/travis/build/icyphy/ptII/ptolemy/actor/lib/test/auto/Router.xml (RunModel)" time="3.023" />
  <testcase classname="ptolemy.util.test.junit.AutoTests" name="[320] /home/travis/build/icyphy/ptII/ptolemy/actor/lib/test/auto/Router2.xml (RunModel)" time="3.029" />
  <testcase classname="ptolemy.util.test.junit.AutoTests" name="[321] /home/travis/build/icyphy/ptII/ptolemy/actor/lib/test/auto/RunningMaximum.xml (RunModel)" time="0.009" />
  <testcase classname="ptolemy.util.test.junit.AutoTests" name="[322] /home/travis/build/icyphy/ptII/ptolemy/actor/lib/test/auto/RunningMinimum.xml (RunModel)" time="0.008" />
  <testcase classname="ptolemy.util.test.junit.AutoTests" name="[323] /home/travis/build/icyphy/ptII/ptolemy/actor/lib/test/auto/Scale.xml (RunModel)" time="0.007" />
  <testcase classname="ptolemy.util.test.junit.AutoTests" name="[324] /home/travis/build/icyphy/ptII/ptolemy/actor/lib/test/auto/Scale2.xml (RunModel)" time="0.009" />
  <testcase classname="ptolemy.util.test.junit.AutoTests" name="[325] /home/travis/build/icyphy/ptII/ptolemy/actor/lib/test/auto/Scale3.xml (RunModel)" time="0.013" />
  <testcase classname="ptolemy.util.test.junit.AutoTests" name="[326] /home/travis/build/icyphy/ptII/ptolemy/actor/lib/test/auto/ScaleArray.xml (RunModel)" time="0.008" />
  <testcase classname="ptolemy.util.test.junit.AutoTests" name="[327] /home/travis/build/icyphy/ptII/ptolemy/actor/lib/test/auto/ScaleArray2.xml (RunModel)" time="0.008" />
  <testcase classname="ptolemy.util.test.junit.AutoTests" name="[328] /home/travis/build/icyphy/ptII/ptolemy/actor/lib/test/auto/ScaleMatrix.xml (RunModel)" time="0.114" />
  <testcase classname="ptolemy.util.test.junit.AutoTests" name="[329] /home/travis/build/icyphy/ptII/ptolemy/actor/lib/test/auto/Select.xml (RunModel)" time="0.013" />
  <testcase classname="ptolemy.util.test.junit.AutoTests" name="[330] /home/travis/build/icyphy/ptII/ptolemy/actor/lib/test/auto/Select2.xml (RunModel)" time="0.008" />
  <testcase classname="ptolemy.util.test.junit.AutoTests" name="[331] /home/travis/build/icyphy/ptII/ptolemy/actor/lib/test/auto/SequenceToArray2.xml (RunModel)" time="0.092" />
  <testcase classname="ptolemy.util.test.junit.AutoTests" name="[332] /home/travis/build/icyphy/ptII/ptolemy/actor/lib/test/auto/SequentialClock.xml (RunModel)" time="0.012" />
  <testcase classname="ptolemy.util.test.junit.AutoTests" name="[333] /home/travis/build/icyphy/ptII/ptolemy/actor/lib/test/auto/SetVariable.xml (RunModel)" time="0.01" />
  <testcase classname="ptolemy.util.test.junit.AutoTests" name="[334] /home/travis/build/icyphy/ptII/ptolemy/actor/lib/test/auto/SetVariable2.xml (RunModel)" time="0.01" />
  <testcase classname="ptolemy.util.test.junit.AutoTests" name="[335] /home/travis/build/icyphy/ptII/ptolemy/actor/lib/test/auto/SetVariable3.xml (RunModel)" time="0.014" />
  <testcase classname="ptolemy.util.test.junit.AutoTests" name="[336] /home/travis/build/icyphy/ptII/ptolemy/actor/lib/test/auto/SetVariable4.xml (RunModel)" time="0.026" />
  <testcase classname="ptolemy.util.test.junit.AutoTests" name="[337] /home/travis/build/icyphy/ptII/ptolemy/actor/lib/test/auto/SetVariable5.xml (RunModel)" time="0.032" />
  <testcase classname="ptolemy.util.test.junit.AutoTests" name="[338] /home/travis/build/icyphy/ptII/ptolemy/actor/lib/test/auto/Sinewave.xml (RunModel)" time="0.027" />
  <testcase classname="ptolemy.util.test.junit.AutoTests" name="[339] /home/travis/build/icyphy/ptII/ptolemy/actor/lib/test/auto/Sinewave2.xml (RunModel)" time="0.019" />
  <testcase classname="ptolemy.util.test.junit.AutoTests" name="[340] /home/travis/build/icyphy/ptII/ptolemy/actor/lib/test/auto/Sinewave3.xml (RunModel)" time="0.019" />
  <testcase classname="ptolemy.util.test.junit.AutoTests" name="[341] /home/travis/build/icyphy/ptII/ptolemy/actor/lib/test/auto/SingleEvent.xml (RunModel)" time="0.007" />
  <testcase classname="ptolemy.util.test.junit.AutoTests" name="[342] /home/travis/build/icyphy/ptII/ptolemy/actor/lib/test/auto/Sleep.xml (RunModel)" time="6.014" />
  <testcase classname="ptolemy.util.test.junit.AutoTests" name="[343] /home/travis/build/icyphy/ptII/ptolemy/actor/lib/test/auto/SleepMultipleFire.xml (RunModel)" time="1.017" />
  <testcase classname="ptolemy.util.test.junit.AutoTests" name="[344] /home/travis/build/icyphy/ptII/ptolemy/actor/lib/test/auto/StopDE.xml (RunModel)" time="0.012" />
  <testcase classname="ptolemy.util.test.junit.AutoTests" name="[345] /home/travis/build/icyphy/ptII/ptolemy/actor/lib/test/auto/StopSDF.xml (RunModel)" time="0.011" />
  <testcase classname="ptolemy.util.test.junit.AutoTests" name="[346] /home/travis/build/icyphy/ptII/ptolemy/actor/lib/test/auto/StringConstant.xml (RunModel)" time="0.008" />
  <testcase classname="ptolemy.util.test.junit.AutoTests" name="[347] /home/travis/build/icyphy/ptII/ptolemy/actor/lib/test/auto/SubscriberPortInitialValues1.xml (RunModel)" time="0.017" />
  <testcase classname="ptolemy.util.test.junit.AutoTests" name="[348] /home/travis/build/icyphy/ptII/ptolemy/actor/lib/test/auto/SubscriberPortInitialValues13.xml (RunModel)" time="0.028" />
  <testcase classname="ptolemy.util.test.junit.AutoTests" name="[349] /home/travis/build/icyphy/ptII/ptolemy/actor/lib/test/auto/SubscriberPortInitialValues14.xml (RunModel)" time="0.017" />
  <testcase classname="ptolemy.util.test.junit.AutoTests" name="[350] /home/travis/build/icyphy/ptII/ptolemy/actor/lib/test/auto/SubscriberPortInitialValues2.xml (RunModel)" time="0.016" />
  <testcase classname="ptolemy.util.test.junit.AutoTests" name="[351] /home/travis/build/icyphy/ptII/ptolemy/actor/lib/test/auto/SubscriberPortInitialValues3.xml (RunModel)" time="0.021" />
  <testcase classname="ptolemy.util.test.junit.AutoTests" name="[352] /home/travis/build/icyphy/ptII/ptolemy/actor/lib/test/auto/SubscriptionAggregator.xml (RunModel)" time="0.012" />
  <testcase classname="ptolemy.util.test.junit.AutoTests" name="[353] /home/travis/build/icyphy/ptII/ptolemy/actor/lib/test/auto/SubscriptionAggregator2.xml (RunModel)" time="0.012" />
  <testcase classname="ptolemy.util.test.junit.AutoTests" name="[354] /home/travis/build/icyphy/ptII/ptolemy/actor/lib/test/auto/SubscriptionAggregator3.xml (RunModel)" time="0.016" />
  <testcase classname="ptolemy.util.test.junit.AutoTests" name="[355] /home/travis/build/icyphy/ptII/ptolemy/actor/lib/test/auto/SubscriptionAggregatorMultiply.xml (RunModel)" time="0.015" />
  <testcase classname="ptolemy.util.test.junit.AutoTests" name="[356] /home/travis/build/icyphy/ptII/ptolemy/actor/lib/test/auto/SubscriptionAggregatorPortMultiply1.xml (RunModel)" time="0.014" />
  <testcase classname="ptolemy.util.test.junit.AutoTests" name="[357] /home/travis/build/icyphy/ptII/ptolemy/actor/lib/test/auto/Switch.xml (RunModel)" time="0.02" />
  <testcase classname="ptolemy.util.test.junit.AutoTests" name="[358] /home/travis/build/icyphy/ptII/ptolemy/actor/lib/test/auto/Switch2.xml (RunModel)" time="0.01" />
  <testcase classname="ptolemy.util.test.junit.AutoTests" name="[359] /home/travis/build/icyphy/ptII/ptolemy/actor/lib/test/auto/SwitchDE.xml (RunModel)" time="0.014" />
  <testcase classname="ptolemy.util.test.junit.AutoTests" name="[360] /home/travis/build/icyphy/ptII/ptolemy/actor/lib/test/auto/SynchronizerDE.xml (RunModel)" time="0.024" />
  <testcase classname="ptolemy.util.test.junit.AutoTests" name="[361] /home/travis/build/icyphy/ptII/ptolemy/actor/lib/test/auto/Test.xml (RunModel)" time="0.009" />
  <testcase classname="ptolemy.util.test.junit.AutoTests" name="[362] /home/travis/build/icyphy/ptII/ptolemy/actor/lib/test/auto/TestExceptionAttribute1.xml (RunModel)" time="0.006" />
  <testcase classname="ptolemy.util.test.junit.AutoTests" name="[363] /home/travis/build/icyphy/ptII/ptolemy/actor/lib/test/auto/TestExceptionAttribute2.xml (RunModel)" time="0.009" />
  <testcase classname="ptolemy.util.test.junit.AutoTests" name="[364] /home/travis/build/icyphy/ptII/ptolemy/actor/lib/test/auto/TestExceptionAttribute3.xml (RunModel)" time="0.006" />
  <testcase classname="ptolemy.util.test.junit.AutoTests" name="[365] /home/travis/build/icyphy/ptII/ptolemy/actor/lib/test/auto/TestExceptionAttribute4.xml (RunModel)" time="0.006" />
  <testcase classname="ptolemy.util.test.junit.AutoTests" name="[366] /home/travis/build/icyphy/ptII/ptolemy/actor/lib/test/auto/TestExceptionHandler1.xml (RunModel)" time="0.006" />
  <testcase classname="ptolemy.util.test.junit.AutoTests" name="[367] /home/travis/build/icyphy/ptII/ptolemy/actor/lib/test/auto/TestExceptionHandler2.xml (RunModel)" time="0.012" />
  <testcase classname="ptolemy.util.test.junit.AutoTests" name="[368] /home/travis/build/icyphy/ptII/ptolemy/actor/lib/test/auto/TestExceptionHandler3.xml (RunModel)" time="0.016" />
  <testcase classname="ptolemy.util.test.junit.AutoTests" name="[369] /home/travis/build/icyphy/ptII/ptolemy/actor/lib/test/auto/TestExceptionHandler4.xml (RunModel)" time="0.009" />
  <testcase classname="ptolemy.util.test.junit.AutoTests" name="[370] /home/travis/build/icyphy/ptII/ptolemy/actor/lib/test/auto/TestRequireCorrectOrder.xml (RunModel)" time="0.012" />
  <testcase classname="ptolemy.util.test.junit.AutoTests" name="[371] /home/travis/build/icyphy/ptII/ptolemy/actor/lib/test/auto/TestSimple.xml (RunModel)" time="0.016" />
  <testcase classname="ptolemy.util.test.junit.AutoTests" name="[372] /home/travis/build/icyphy/ptII/ptolemy/actor/lib/test/auto/ThrowModelError.xml (RunModel)" time="0.01" />
  <testcase classname="ptolemy.util.test.junit.AutoTests" name="[373] /home/travis/build/icyphy/ptII/ptolemy/actor/lib/test/auto/TimeDelayMicrosteps.xml (RunModel)" time="0.015" />
  <testcase classname="ptolemy.util.test.junit.AutoTests" name="[374] /home/travis/build/icyphy/ptII/ptolemy/actor/lib/test/auto/TimeDelayMicrosteps2.xml (RunModel)" time="0.018" />
  <testcase classname="ptolemy.util.test.junit.AutoTests" name="[375] /home/travis/build/icyphy/ptII/ptolemy/actor/lib/test/auto/TimeDelayMicrosteps3.xml (RunModel)" time="0.014" />
  <testcase classname="ptolemy.util.test.junit.AutoTests" name="[376] /home/travis/build/icyphy/ptII/ptolemy/actor/lib/test/auto/TimeDelayVariableMicrosteps.xml (RunModel)" time="0.013" />
  <testcase classname="ptolemy.util.test.junit.AutoTests" name="[377] /home/travis/build/icyphy/ptII/ptolemy/actor/lib/test/auto/TimeGap.xml (RunModel)" time="0.015" />
  <testcase classname="ptolemy.util.test.junit.AutoTests" name="[378] /home/travis/build/icyphy/ptII/ptolemy/actor/lib/test/auto/TimeGap2.xml (RunModel)" time="0.011" />
  <testcase classname="ptolemy.util.test.junit.AutoTests" name="[379] /home/travis/build/icyphy/ptII/ptolemy/actor/lib/test/auto/TimedSinewave.xml (RunModel)" time="0.046" />
  <testcase classname="ptolemy.util.test.junit.AutoTests" name="[380] /home/travis/build/icyphy/ptII/ptolemy/actor/lib/test/auto/TimedSinewavePhase.xml (RunModel)" time="0.023" />
  <testcase classname="ptolemy.util.test.junit.AutoTests" name="[381] /home/travis/build/icyphy/ptII/ptolemy/actor/lib/test/auto/Timer.xml (RunModel)" time="0.012" />
  <testcase classname="ptolemy.util.test.junit.AutoTests" name="[382] /home/travis/build/icyphy/ptII/ptolemy/actor/lib/test/auto/TriangularDistTestModel.xml (RunModel)" time="0.013" />
  <testcase classname="ptolemy.util.test.junit.AutoTests" name="[383] /home/travis/build/icyphy/ptII/ptolemy/actor/lib/test/auto/TrigFunction.xml (RunModel)" time="0.008" />
  <testcase classname="ptolemy.util.test.junit.AutoTests" name="[384] /home/travis/build/icyphy/ptII/ptolemy/actor/lib/test/auto/TrigFunctionDE.xml (RunModel)" time="0.011" />
  <testcase classname="ptolemy.util.test.junit.AutoTests" name="[385] /home/travis/build/icyphy/ptII/ptolemy/actor/lib/test/auto/TrigFunctionInverse.xml (RunModel)" time="0.009" />
  <testcase classname="ptolemy.util.test.junit.AutoTests" name="[386] /home/travis/build/icyphy/ptII/ptolemy/actor/lib/test/auto/TrigFunctionTan.xml (RunModel)" time="0.007" />
  <testcase classname="ptolemy.util.test.junit.AutoTests" name="[387] /home/travis/build/icyphy/ptII/ptolemy/actor/lib/test/auto/TriggeredClock.xml (RunModel)" time="0.007" />
  <testcase classname="ptolemy.util.test.junit.AutoTests" name="[388] /home/travis/build/icyphy/ptII/ptolemy/actor/lib/test/auto/URLDirectoryReader.xml (RunModel)" time="0.09" />
  <testcase classname="ptolemy.util.test.junit.AutoTests" name="[389] /home/travis/build/icyphy/ptII/ptolemy/actor/lib/test/auto/URLDirectoryReader3.xml (RunModel)" time="1.255" />
  <testcase classname="ptolemy.util.test.junit.AutoTests" name="[390] /home/travis/build/icyphy/ptII/ptolemy/actor/lib/test/auto/UnaryMathFunction.xml (RunModel)" time="0.026" />
  <testcase classname="ptolemy.util.test.junit.AutoTests" name="[391] /home/travis/build/icyphy/ptII/ptolemy/actor/lib/test/auto/Uniform.xml (RunModel)" time="0.012" />
  <testcase classname="ptolemy.util.test.junit.AutoTests" name="[392] /home/travis/build/icyphy/ptII/ptolemy/actor/lib/test/auto/UnionDisassemblerTest.xml (RunModel)" time="0.007" />
  <testcase classname="ptolemy.util.test.junit.AutoTests" name="[393] /home/travis/build/icyphy/ptII/ptolemy/actor/lib/test/auto/UtilityFunctions.xml (RunModel)" time="0.006" />
  <testcase classname="ptolemy.util.test.junit.AutoTests" name="[394] /home/travis/build/icyphy/ptII/ptolemy/actor/lib/test/auto/VariableSleep.xml (RunModel)" time="0.513" />
  <testcase classname="ptolemy.util.test.junit.AutoTests" name="[395] /home/travis/build/icyphy/ptII/ptolemy/actor/lib/test/auto/VectorAssemblerDisassemblerCT.xml (RunModel)" time="0.122" />
  <testcase classname="ptolemy.util.test.junit.AutoTests" name="[396] /home/travis/build/icyphy/ptII/ptolemy/actor/lib/test/auto/VectorAssemblerDisassemblerDE.xml (RunModel)" time="0.017" />
  <testcase classname="ptolemy.util.test.junit.AutoTests" name="[397] /home/travis/build/icyphy/ptII/ptolemy/actor/lib/test/auto/VectorAssemblerDisassemblerSDF.xml (RunModel)" time="0.016" />
  <testcase classname="ptolemy.util.test.junit.AutoTests" name="[398] /home/travis/build/icyphy/ptII/ptolemy/actor/lib/test/auto/WallClockTime.xml (RunModel)" time="1.016" />
  <testcase classname="ptolemy.util.test.junit.AutoTests" name="[399] /home/travis/build/icyphy/ptII/ptolemy/actor/lib/test/auto/WidthTestWithSubscriberPublisher.xml (RunModel)" time="0.058" />
  <testcase classname="ptolemy.util.test.junit.AutoTests" name="[400] /home/travis/build/icyphy/ptII/ptolemy/actor/lib/test/auto/WidthTestWithSubscriberPublisher2.xml (RunModel)" time="0.018" />
  <testcase classname="ptolemy.util.test.junit.AutoTests" name="[401] /home/travis/build/icyphy/ptII/ptolemy/actor/lib/test/auto/WidthTestWithSubscriberPublisher3.xml (RunModel)" time="0.03" />
  <testcase classname="ptolemy.util.test.junit.AutoTests" name="[402] /home/travis/build/icyphy/ptII/ptolemy/actor/lib/test/auto/Writer.xml (RunModel)" time="0.008" />
  <testcase classname="ptolemy.util.test.junit.AutoTests" name="[403] /home/travis/build/icyphy/ptII/ptolemy/actor/lib/test/auto/array.xml (RunModel)" time="0.008" />
  <testcase classname="ptolemy.util.test.junit.AutoTests" name="[404] /home/travis/build/icyphy/ptII/ptolemy/actor/lib/test/auto/array2.xml (RunModel)" time="0.01" />
  <testcase classname="ptolemy.util.test.junit.AutoTests" name="[405] /home/travis/build/icyphy/ptII/ptolemy/actor/lib/test/auto/arrayType.xml (RunModel)" time="0.011" />
  <testcase classname="ptolemy.util.test.junit.AutoTests" name="[406] /home/travis/build/icyphy/ptII/ptolemy/actor/lib/test/auto/arrayType10.xml (RunModel)" time="0.008" />
  <testcase classname="ptolemy.util.test.junit.AutoTests" name="[407] /home/travis/build/icyphy/ptII/ptolemy/actor/lib/test/auto/arrayType11.xml (RunModel)" time="0.008" />
  <testcase classname="ptolemy.util.test.junit.AutoTests" name="[408] /home/travis/build/icyphy/ptII/ptolemy/actor/lib/test/auto/arrayType12.xml (RunModel)" time="0.009" />
  <testcase classname="ptolemy.util.test.junit.AutoTests" name="[409] /home/travis/build/icyphy/ptII/ptolemy/actor/lib/test/auto/arrayType13.xml (RunModel)" time="0.01" />
  <testcase classname="ptolemy.util.test.junit.AutoTests" name="[410] /home/travis/build/icyphy/ptII/ptolemy/actor/lib/test/auto/arrayType14.xml (RunModel)" time="0.01" />
  <testcase classname="ptolemy.util.test.junit.AutoTests" name="[411] /home/travis/build/icyphy/ptII/ptolemy/actor/lib/test/auto/arrayType15.xml (RunModel)" time="0.009" />
  <testcase classname="ptolemy.util.test.junit.AutoTests" name="[412] /home/travis/build/icyphy/ptII/ptolemy/actor/lib/test/auto/arrayType16.xml (RunModel)" time="0.009" />
  <testcase classname="ptolemy.util.test.junit.AutoTests" name="[413] /home/travis/build/icyphy/ptII/ptolemy/actor/lib/test/auto/arrayType17.xml (RunModel)" time="0.009" />
  <testcase classname="ptolemy.util.test.junit.AutoTests" name="[414] /home/travis/build/icyphy/ptII/ptolemy/actor/lib/test/auto/arrayType18.xml (RunModel)" time="0.008" />
  <testcase classname="ptolemy.util.test.junit.AutoTests" name="[415] /home/travis/build/icyphy/ptII/ptolemy/actor/lib/test/auto/arrayType19.xml (RunModel)" time="0.009" />
  <testcase classname="ptolemy.util.test.junit.AutoTests" name="[416] /home/travis/build/icyphy/ptII/ptolemy/actor/lib/test/auto/arrayType2.xml (RunModel)" time="0.014" />
  <testcase classname="ptolemy.util.test.junit.AutoTests" name="[417] /home/travis/build/icyphy/ptII/ptolemy/actor/lib/test/auto/arrayType20.xml (RunModel)" time="0.01" />
  <testcase classname="ptolemy.util.test.junit.AutoTests" name="[418] /home/travis/build/icyphy/ptII/ptolemy/actor/lib/test/auto/arrayType21.xml (RunModel)" time="0.008" />
  <testcase classname="ptolemy.util.test.junit.AutoTests" name="[419] /home/travis/build/icyphy/ptII/ptolemy/actor/lib/test/auto/arrayType22.xml (RunModel)" time="0.007" />
  <testcase classname="ptolemy.util.test.junit.AutoTests" name="[420] /home/travis/build/icyphy/ptII/ptolemy/actor/lib/test/auto/arrayType23.xml (RunModel)" time="0.01" />
  <testcase classname="ptolemy.util.test.junit.AutoTests" name="[421] /home/travis/build/icyphy/ptII/ptolemy/actor/lib/test/auto/arrayType24.xml (RunModel)" time="0.015" />
  <testcase classname="ptolemy.util.test.junit.AutoTests" name="[422] /home/travis/build/icyphy/ptII/ptolemy/actor/lib/test/auto/arrayType25.xml (RunModel)" time="0.012" />
  <testcase classname="ptolemy.util.test.junit.AutoTests" name="[423] /home/travis/build/icyphy/ptII/ptolemy/actor/lib/test/auto/arrayType26.xml (RunModel)" time="0.009" />
  <testcase classname="ptolemy.util.test.junit.AutoTests" name="[424] /home/travis/build/icyphy/ptII/ptolemy/actor/lib/test/auto/arrayType27.xml (RunModel)" time="0.008" />
  <testcase classname="ptolemy.util.test.junit.AutoTests" name="[425] /home/travis/build/icyphy/ptII/ptolemy/actor/lib/test/auto/arrayType28.xml (RunModel)" time="0.009" />
  <testcase classname="ptolemy.util.test.junit.AutoTests" name="[426] /home/travis/build/icyphy/ptII/ptolemy/actor/lib/test/auto/arrayType3.xml (RunModel)" time="0.009" />
  <testcase classname="ptolemy.util.test.junit.AutoTests" name="[427] /home/travis/build/icyphy/ptII/ptolemy/actor/lib/test/auto/arrayType4.xml (RunModel)" time="0.011" />
  <testcase classname="ptolemy.util.test.junit.AutoTests" name="[428] /home/travis/build/icyphy/ptII/ptolemy/actor/lib/test/auto/arrayType5.xml (RunModel)" time="0.013" />
  <testcase classname="ptolemy.util.test.junit.AutoTests" name="[429] /home/travis/build/icyphy/ptII/ptolemy/actor/lib/test/auto/arrayType6.xml (RunModel)" time="0.008" />
  <testcase classname="ptolemy.util.test.junit.AutoTests" name="[430] /home/travis/build/icyphy/ptII/ptolemy/actor/lib/test/auto/arrayType7.xml (RunModel)" time="0.008" />
  <testcase classname="ptolemy.util.test.junit.AutoTests" name="[431] /home/travis/build/icyphy/ptII/ptolemy/actor/lib/test/auto/arrayType8.xml (RunModel)" time="0.01" />
  <testcase classname="ptolemy.util.test.junit.AutoTests" name="[432] /home/travis/build/icyphy/ptII/ptolemy/actor/lib/test/auto/arrayType9.xml (RunModel)" time="0.008" />
  <testcase classname="ptolemy.util.test.junit.AutoTests" name="[433] /home/travis/build/icyphy/ptII/ptolemy/actor/lib/test/auto/cast.xml (RunModel)" time="0.009" />
  <testcase classname="ptolemy.util.test.junit.AutoTests" name="[434] /home/travis/build/icyphy/ptII/ptolemy/actor/lib/test/auto/compositeMultiPort.xml (RunModel)" time="0.019" />
  <testcase classname="ptolemy.util.test.junit.AutoTests" name="[435] /home/travis/build/icyphy/ptII/ptolemy/actor/lib/test/auto/expressionCastInference.xml (RunModel)" time="0.015" />
  <testcase classname="ptolemy.util.test.junit.AutoTests" name="[436] /home/travis/build/icyphy/ptII/ptolemy/actor/lib/test/auto/expressionCastInference2.xml (RunModel)" time="0.015" />
  <testcase classname="ptolemy.util.test.junit.AutoTests" name="[437] /home/travis/build/icyphy/ptII/ptolemy/actor/lib/test/auto/expressionInference.xml (RunModel)" time="0.007" />
  <testcase classname="ptolemy.util.test.junit.AutoTests" name="[438] /home/travis/build/icyphy/ptII/ptolemy/actor/lib/test/auto/expression_bug.xml (RunModel)" time="0.01" />
  <testcase classname="ptolemy.util.test.junit.AutoTests" name="[439] /home/travis/build/icyphy/ptII/ptolemy/actor/lib/test/auto/factorial.xml (RunModel)" time="0.05" />
  <testcase classname="ptolemy.util.test.junit.AutoTests" name="[440] /home/travis/build/icyphy/ptII/ptolemy/actor/lib/test/auto/filterTest1.xml (RunModel)" time="0.016" />
  <testcase classname="ptolemy.util.test.junit.AutoTests" name="[441] /home/travis/build/icyphy/ptII/ptolemy/actor/lib/test/auto/funcApplyInConst.xml (RunModel)" time="0.006" />
  <testcase classname="ptolemy.util.test.junit.AutoTests" name="[442] /home/travis/build/icyphy/ptII/ptolemy/actor/lib/test/auto/funcApplyInExpr.xml (RunModel)" time="0.007" />
  <testcase classname="ptolemy.util.test.junit.AutoTests" name="[443] /home/travis/build/icyphy/ptII/ptolemy/actor/lib/test/auto/function.xml (RunModel)" time="0.011" />
  <testcase classname="ptolemy.util.test.junit.AutoTests" name="[444] /home/travis/build/icyphy/ptII/ptolemy/actor/lib/test/auto/function2.xml (RunModel)" time="0.009" />
  <testcase classname="ptolemy.util.test.junit.AutoTests" name="[445] /home/travis/build/icyphy/ptII/ptolemy/actor/lib/test/auto/function3.xml (RunModel)" time="0.007" />
  <testcase classname="ptolemy.util.test.junit.AutoTests" name="[446] /home/travis/build/icyphy/ptII/ptolemy/actor/lib/test/auto/functionClosureTest1.xml (RunModel)" time="0.011" />
  <testcase classname="ptolemy.util.test.junit.AutoTests" name="[447] /home/travis/build/icyphy/ptII/ptolemy/actor/lib/test/auto/functionClosureTest2.xml (RunModel)" time="0.008" />
  <testcase classname="ptolemy.util.test.junit.AutoTests" name="[448] /home/travis/build/icyphy/ptII/ptolemy/actor/lib/test/auto/functionClosureTest3.xml (RunModel)" time="0.01" />
  <testcase classname="ptolemy.util.test.junit.AutoTests" name="[449] /home/travis/build/icyphy/ptII/ptolemy/actor/lib/test/auto/functionClosureTest4.xml (RunModel)" time="0.031" />
  <testcase classname="ptolemy.util.test.junit.AutoTests" name="[450] /home/travis/build/icyphy/ptII/ptolemy/actor/lib/test/auto/functionClosureTest5.xml (RunModel)" time="0.012" />
  <testcase classname="ptolemy.util.test.junit.AutoTests" name="[451] /home/travis/build/icyphy/ptII/ptolemy/actor/lib/test/auto/functionClosureTest6.xml (RunModel)" time="0.008" />
  <testcase classname="ptolemy.util.test.junit.AutoTests" name="[452] /home/travis/build/icyphy/ptII/ptolemy/actor/lib/test/auto/functionsOnArcs.xml (RunModel)" time="0.012" />
  <testcase classname="ptolemy.util.test.junit.AutoTests" name="[453] /home/travis/build/icyphy/ptII/ptolemy/actor/lib/test/auto/functionsOnArcsHOF.xml (RunModel)" time="0.012" />
  <testcase classname="ptolemy.util.test.junit.AutoTests" name="[454] /home/travis/build/icyphy/ptII/ptolemy/actor/lib/test/auto/logic.xml (RunModel)" time="0.018" />
  <testcase classname="ptolemy.util.test.junit.AutoTests" name="[455] /home/travis/build/icyphy/ptII/ptolemy/actor/lib/test/auto/matrixType.xml (RunModel)" time="0.01" />
  <testcase classname="ptolemy.util.test.junit.AutoTests" name="[456] /home/travis/build/icyphy/ptII/ptolemy/actor/lib/test/auto/matrixType10.xml (RunModel)" time="0.009" />
  <testcase classname="ptolemy.util.test.junit.AutoTests" name="[457] /home/travis/build/icyphy/ptII/ptolemy/actor/lib/test/auto/matrixType11.xml (RunModel)" time="0.008" />
  <testcase classname="ptolemy.util.test.junit.AutoTests" name="[458] /home/travis/build/icyphy/ptII/ptolemy/actor/lib/test/auto/matrixType12.xml (RunModel)" time="0.01" />
  <testcase classname="ptolemy.util.test.junit.AutoTests" name="[459] /home/travis/build/icyphy/ptII/ptolemy/actor/lib/test/auto/matrixType13.xml (RunModel)" time="0.009" />
  <testcase classname="ptolemy.util.test.junit.AutoTests" name="[460] /home/travis/build/icyphy/ptII/ptolemy/actor/lib/test/auto/matrixType14.xml (RunModel)" time="0.01" />
  <testcase classname="ptolemy.util.test.junit.AutoTests" name="[461] /home/travis/build/icyphy/ptII/ptolemy/actor/lib/test/auto/matrixType2.xml (RunModel)" time="0.008" />
  <testcase classname="ptolemy.util.test.junit.AutoTests" name="[462] /home/travis/build/icyphy/ptII/ptolemy/actor/lib/test/auto/matrixType3.xml (RunModel)" time="0.008" />
  <testcase classname="ptolemy.util.test.junit.AutoTests" name="[463] /home/travis/build/icyphy/ptII/ptolemy/actor/lib/test/auto/matrixType4.xml (RunModel)" time="0.008" />
  <testcase classname="ptolemy.util.test.junit.AutoTests" name="[464] /home/travis/build/icyphy/ptII/ptolemy/actor/lib/test/auto/matrixType5.xml (RunModel)" time="0.008" />
  <testcase classname="ptolemy.util.test.junit.AutoTests" name="[465] /home/travis/build/icyphy/ptII/ptolemy/actor/lib/test/auto/matrixType6.xml (RunModel)" time="0.008" />
  <testcase classname="ptolemy.util.test.junit.AutoTests" name="[466] /home/travis/build/icyphy/ptII/ptolemy/actor/lib/test/auto/matrixType7.xml (RunModel)" time="0.008" />
  <testcase classname="ptolemy.util.test.junit.AutoTests" name="[467] /home/travis/build/icyphy/ptII/ptolemy/actor/lib/test/auto/matrixType8.xml (RunModel)" time="0.009" />
  <testcase classname="ptolemy.util.test.junit.AutoTests" name="[468] /home/travis/build/icyphy/ptII/ptolemy/actor/lib/test/auto/matrixType9.xml (RunModel)" time="0.008" />
  <testcase classname="ptolemy.util.test.junit.AutoTests" name="[469] /home/travis/build/icyphy/ptII/ptolemy/actor/lib/test/auto/paraFunctest.xml (RunModel)" time="0.007" />
  <testcase classname="ptolemy.util.test.junit.AutoTests" name="[470] /home/travis/build/icyphy/ptII/ptolemy/actor/lib/test/auto/paraFunctest2.xml (RunModel)" time="0.007" />
  <testcase classname="ptolemy.util.test.junit.AutoTests" name="[471] /home/travis/build/icyphy/ptII/ptolemy/actor/lib/test/auto/parameterPassing.xml (RunModel)" time="0.007" />
  <testcase classname="ptolemy.util.test.junit.AutoTests" name="[472] /home/travis/build/icyphy/ptII/ptolemy/actor/lib/test/auto/record.xml (RunModel)" time="0.008" />
  <testcase classname="ptolemy.util.test.junit.AutoTests" name="[473] /home/travis/build/icyphy/ptII/ptolemy/actor/lib/test/auto/sizedarray1.xml (RunModel)" time="0.01" />
  <testcase classname="ptolemy.util.test.junit.AutoTests" name="[474] /home/travis/build/icyphy/ptII/ptolemy/actor/lib/test/auto/sizedarray2.xml (RunModel)" time="0.009" />
  <testcase classname="ptolemy.util.test.junit.AutoTests" name="[475] /home/travis/build/icyphy/ptII/ptolemy/actor/lib/test/auto/twoPublishers.xml (RunModel)" time="0.019" />
  <system-out><![CDATA[/home/travis/build/icyphy/ptII/ptolemy/actor/lib/test/AbsoluteValue.tcl
testDefs.tcl: setting time out to 9000 seconds at Tue Jul 24 01:38:57 UTC 2018
80 ms. Memory: 116224K Free: 106765K (92%)
4 ms. Memory: 116224K Free: 105562K (91%)
5 ms. Memory: 116224K Free: 104970K (90%)
10 ms. Memory: 116224K Free: 103791K (89%)
/home/travis/build/icyphy/ptII/ptolemy/actor/lib/test/AddSubtract.tcl
9 ms. Memory: 116224K Free: 101998K (88%)
12 ms. Memory: 116224K Free: 100795K (87%)
13 ms. Memory: 116224K Free: 100206K (86%)
14 ms. Memory: 116224K Free: 99617K (86%)
5 ms. Memory: 116224K Free: 98987K (85%)
4 ms. Memory: 116224K Free: 97800K (84%)
/home/travis/build/icyphy/ptII/ptolemy/actor/lib/test/Average.tcl
15 ms. Memory: 116224K Free: 96581K (83%)
15 ms. Memory: 116224K Free: 94773K (82%)
/home/travis/build/icyphy/ptII/ptolemy/actor/lib/test/Bernoulli.tcl
6 ms. Memory: 116224K Free: 93570K (81%)
2 ms. Memory: 116224K Free: 92964K (80%)
/home/travis/build/icyphy/ptII/ptolemy/actor/lib/test/Clock.tcl
preinitializing
resolving types
initializing
executing number 1
wrapping up
idle
20 ms. Memory: 116224K Free: 90590K (78%)
Completed execution with 5 iterations
preinitializing
resolving types
initializing
executing number 1
wrapping up
idle
8 ms. Memory: 116224K Free: 89961K (77%)
Completed execution with 5 iterations
preinitializing
resolving types
initializing
executing number 1
wrapping up
idle
11 ms. Memory: 116224K Free: 89371K (77%)
Completed execution with 5 iterations
/home/travis/build/icyphy/ptII/ptolemy/actor/lib/test/Commutator.tcl
6 ms. Memory: 116224K Free: 86997K (75%)
6 ms. Memory: 116224K Free: 86392K (74%)
13 ms. Memory: 116224K Free: 81596K (70%)
/home/travis/build/icyphy/ptII/ptolemy/actor/lib/test/Const.tcl
7 ms. Memory: 116224K Free: 109583K (94%)
3 ms. Memory: 116224K Free: 108991K (94%)
1 ms. Memory: 116224K Free: 108358K (93%)
1 ms. Memory: 116224K Free: 107758K (93%)
7 ms. Memory: 116224K Free: 107149K (92%)
13 ms. Memory: 116224K Free: 105948K (91%)
18 ms. Memory: 116224K Free: 104731K (90%)
3 ms. Memory: 116224K Free: 103530K (89%)
/home/travis/build/icyphy/ptII/ptolemy/actor/lib/test/CurrentTime.tcl
preinitializing
resolving types
initializing
executing number 1
wrapping up
idle
18 ms. Memory: 116224K Free: 101696K (88%)
Completed execution with 11 iterations
/home/travis/build/icyphy/ptII/ptolemy/actor/lib/test/DB.tcl
3 ms. Memory: 116224K Free: 99902K (86%)
1 ms. Memory: 116224K Free: 99285K (85%)
2 ms. Memory: 116224K Free: 98693K (85%)
/home/travis/build/icyphy/ptII/ptolemy/actor/lib/test/DiscreteRandomSource.tcl
preinitializing
resolving types
initializing
executing number 1
wrapping up
idle
4 ms. Memory: 116224K Free: 97492K (84%)
Completed execution with 4 iterations
preinitializing
resolving types
initializing
executing number 1
wrapping up
idle
2 ms. Memory: 116224K Free: 96883K (83%)
Completed execution with 4 iterations
preinitializing
resolving types
initializing
executing number 1
wrapping up
idle
2 ms. Memory: 116224K Free: 96259K (83%)
Completed execution with 4 iterations
preinitializing
resolving types
initializing
executing number 1
wrapping up
idle
3 ms. Memory: 116224K Free: 96259K (83%)
Completed execution with 4 iterations
preinitializing
resolving types
initializing
executing number 1
wrapping up
idle
3 ms. Memory: 116224K Free: 95666K (82%)
Completed execution with 4 iterations
/home/travis/build/icyphy/ptII/ptolemy/actor/lib/test/Distributor.tcl
4 ms. Memory: 116224K Free: 93856K (81%)
3 ms. Memory: 116224K Free: 93263K (80%)
StreamChangeRequest.changeExecuted(): <deleteEntity name="rec2"/> succeeded
StreamChangeRequest.changeExecuted(): <deleteRelation name="r2"/> succeeded
StreamChangeRequest.changeExecuted(): Record firings per iteration succeeded
6 ms. Memory: 116224K Free: 90844K (78%)
/home/travis/build/icyphy/ptII/ptolemy/actor/lib/test/Exit.tcl
Exit.tcl: this will print a message about Manager.exitAfterWrapup, which can be ignored.
6 ms. Memory: 116224K Free: 87218K (75%)
/home/travis/build/icyphy/ptII/ptolemy/actor/lib/test/Expression.tcl
10 ms. Memory: 116224K Free: 84826K (73%)
10 ms. Memory: 116224K Free: 84234K (72%)
2 ms. Memory: 116224K Free: 83641K (72%)
preinitializing
resolving types
initializing
executing number 1
wrapping up
idle
6 ms. Memory: 116224K Free: 81848K (70%)
Completed execution with 6 iterations
4 ms. Memory: 116224K Free: 81455K (70%)
2 ms. Memory: 116224K Free: 110194K (95%)
13 ms. Memory: 116224K Free: 108881K (94%)
4 ms. Memory: 116224K Free: 107682K (93%)
8 ms. Memory: 116224K Free: 106482K (92%)
/home/travis/build/icyphy/ptII/ptolemy/actor/lib/test/Gaussian.tcl
10 ms. Memory: 116224K Free: 104707K (90%)
sleeping 1 seconds: ..............................................................................................................................................................................................................................................................................................................................................................................................................................................................................................................................................................................................................................................................................................................................................................................................................................................................................................................................................................................................................................................................................................................................................................................................................................................................................................................................................................................................................................................................................................................................................................................................................................................................................................................................................................................................................................................................................................................................................................................................................................................................................................................................................................................................................................................................................................................................................................................................................................................................................................................................................................................................................................................................................................................................................................................................................................................................................................................................................................................................................................................................................................................................................................................................................................................................................................................................................................................................................................................................................................................................................................................................................................................................................................................................................................................................................................................................................................................................................................................................................................................................................................................................................................................................................................................................................................................................................................................................................................................................................................................................................................................................................................................................................................................................................................................................................................................................................................................................................................................................................................................................................................................................................................................................................................................................................................................................................................................................................................................................................................................................................................................................................................................................................................................................................................................................................................................................................................................................................................................................................................................................................................................................................................................................................................................................................................................................................................................................................................................................................................................................................................................................................................................................................................................................................................................................................................................................................................................................................................................................................................................................................................................................................................................................................................................................................................................................................................................................................................................................................................................................................................................................................................................................................................................................................................................................................................................................................................................................................................................................................................................3 ms. Memory: 146944K Free: 132294K (90%)
3 ms. Memory: 146944K Free: 131094K (89%)
2 ms. Memory: 146944K Free: 131094K (89%)
7 ms. Memory: 146944K Free: 129726K (88%)
6 ms. Memory: 146944K Free: 129726K (88%)
/home/travis/build/icyphy/ptII/ptolemy/actor/lib/test/IIR.tcl
/home/travis/build/icyphy/ptII/ptolemy/actor/lib/test/Interpolator.tcl
8 ms. Memory: 146944K Free: 126128K (86%)
2 ms. Memory: 146944K Free: 124929K (85%)
2 ms. Memory: 146944K Free: 124929K (85%)
2 ms. Memory: 146944K Free: 123730K (84%)
4 ms. Memory: 146944K Free: 122530K (83%)
7 ms. Memory: 146944K Free: 122530K (83%)
11 ms. Memory: 146944K Free: 121331K (83%)
7 ms. Memory: 146944K Free: 120132K (82%)
2 ms. Memory: 146944K Free: 120132K (82%)
3 ms. Memory: 146944K Free: 118932K (81%)
/home/travis/build/icyphy/ptII/ptolemy/actor/lib/test/MathFunction.tcl
7 ms. Memory: 146944K Free: 116534K (79%)
2 ms. Memory: 146944K Free: 115335K (78%)
6 ms. Memory: 146944K Free: 114135K (78%)
2 ms. Memory: 146944K Free: 112936K (77%)
7 ms. Memory: 146944K Free: 111737K (76%)
7 ms. Memory: 146944K Free: 110538K (75%)
/home/travis/build/icyphy/ptII/ptolemy/actor/lib/test/Maximum.tcl
4 ms. Memory: 146944K Free: 108134K (74%)
7 ms. Memory: 146944K Free: 106935K (73%)
7 ms. Memory: 146944K Free: 106935K (73%)
4 ms. Memory: 146944K Free: 105735K (72%)
/home/travis/build/icyphy/ptII/ptolemy/actor/lib/test/Minimum.tcl
3 ms. Memory: 146944K Free: 104536K (71%)
6 ms. Memory: 146944K Free: 103337K (70%)
2 ms. Memory: 146944K Free: 103337K (70%)
2 ms. Memory: 146944K Free: 102138K (70%)
/home/travis/build/icyphy/ptII/ptolemy/actor/lib/test/MultiplyDivide.tcl
11 ms. Memory: 146944K Free: 100938K (69%)
7 ms. Memory: 146944K Free: 99739K (68%)
3 ms. Memory: 146944K Free: 98540K (67%)
2 ms. Memory: 146944K Free: 98540K (67%)
3 ms. Memory: 146944K Free: 97341K (66%)
/home/travis/build/icyphy/ptII/ptolemy/actor/lib/test/OrderedMerge.tcl
Connections changed on port: inputA
Connections changed on port: inputB
Connections changed on port: output
Connections changed on port: output
Connections changed on port: output
Connections changed on port: input
.top. Preinitializing ...
Invoking preinitialize():  .top.OrderedMerge
Called preinitialize()
Invoking preinitialize():  .top.Ramp
Called preinitialize()
Invoking preinitialize():  .top.Ramp2
Called preinitialize()
Invoking preinitialize():  .top.Test
Called preinitialize()
Connections changed on port: inputA
Connections changed on port: output
Connections changed on port: inputB
Connections changed on port: output
Connections changed on port: output
Connections changed on port: input
.top. Finished preinitialize().
Called initialize().
Invoking initialize():  .top.OrderedMerge
Initializing actor: .top.OrderedMerge
Adding a thread: .top.OrderedMerge
Invoking initialize():  .top.Ramp
Initializing actor: .top.Ramp
Adding a thread: .top.Ramp
Invoking initialize():  .top.Ramp2
Initializing actor: .top.Ramp2
Adding a thread: .top.Ramp2
Invoking initialize():  .top.Test
Initializing actor: .top.Test
Adding a thread: .top.Test
-- Starting thread.
Called initialize()
Called prefire()
Called fire()
-- Starting thread.
Called initialize()
Called prefire()
Called fire()
Called postfire()
Called prefire()
Called fire()
-- Starting thread.
Called initialize()
Called prefire()
Called fire()
Called postfire()
Called prefire()
Called fire()
Called fire().
Checking for deadlock:
There are 3 Blocked actors, 0 Stopped actors, and 4 active threads.
Waiting for actors to stop.
-- Starting thread.
Called initialize()
Called prefire()
Called fire()
Checking for deadlock:
There are 2 Blocked actors, 0 Stopped actors, and 4 active threads.
Waiting for actors to stop.
Called postfire()
Called prefire()
Called fire()
Checking for deadlock:
There are 3 Blocked actors, 0 Stopped actors, and 4 active threads.
Waiting for actors to stop.
Read input token from inputA with value 0.0
Next port to read input from is inputB
Called postfire()
Called prefire()
Called fire()
Checking for deadlock:
There are 2 Blocked actors, 0 Stopped actors, and 4 active threads.
Waiting for actors to stop.
Called postfire()
Called prefire()
Called fire()
Checking for deadlock:
There are 3 Blocked actors, 0 Stopped actors, and 4 active threads.
Waiting for actors to stop.
Read input token from inputB with value 0.0
Checking for deadlock:
There are 2 Blocked actors, 0 Stopped actors, and 4 active threads.
Waiting for actors to stop.
-- Read input: 0.0, which is expected to match: 0.0
Called prefire()
Called fire()
Checking for deadlock:
There are 3 Blocked actors, 0 Stopped actors, and 4 active threads.
Waiting for actors to stop.
Sent output token with value 0.0
Next port to read input from is inputA
Called postfire()
Called prefire()
Called fire()
Called postfire()
Called prefire()
Called fire()
Checking for deadlock:
There are 3 Blocked actors, 0 Stopped actors, and 4 active threads.
Waiting for actors to stop.
Read input token from inputA with value 1.0
-- Read input: 0.0, which is expected to match: 0.0
Called prefire()
Called fire()
Checking for deadlock:
There are 3 Blocked actors, 0 Stopped actors, and 4 active threads.
Waiting for actors to stop.
Sent output token with value 0.0
Next port to read input from is inputB
Called postfire()
Called prefire()
Called fire()
Checking for deadlock:
There are 2 Blocked actors, 0 Stopped actors, and 4 active threads.
Waiting for actors to stop.
Called postfire()
Called prefire()
Called fire()
Checking for deadlock:
There are 3 Blocked actors, 0 Stopped actors, and 4 active threads.
Waiting for actors to stop.
Read input token from inputB with value 1.5
Checking for deadlock:
There are 2 Blocked actors, 0 Stopped actors, and 4 active threads.
Waiting for actors to stop.
-- Read input: 1.0, which is expected to match: 1.0
Called prefire()
Called fire()
Checking for deadlock:
There are 3 Blocked actors, 0 Stopped actors, and 4 active threads.
Waiting for actors to stop.
Sent output token with value 1.0
Next port to read input from is inputA
Called postfire()
Called prefire()
Called fire()
Called postfire()
Called prefire()
Called fire()
Checking for deadlock:
There are 3 Blocked actors, 0 Stopped actors, and 4 active threads.
Waiting for actors to stop.
Read input token from inputA with value 2.0
-- Read input: 1.5, which is expected to match: 1.5
Called prefire()
Called fire()
Checking for deadlock:
There are 3 Blocked actors, 0 Stopped actors, and 4 active threads.
Waiting for actors to stop.
Sent output token with value 1.5
Next port to read input from is inputB
Called postfire()
Called prefire()
Called fire()
Checking for deadlock:
There are 2 Blocked actors, 0 Stopped actors, and 4 active threads.
Waiting for actors to stop.
Called postfire()
Called prefire()
Called fire()
Checking for deadlock:
There are 3 Blocked actors, 0 Stopped actors, and 4 active threads.
Waiting for actors to stop.
Read input token from inputB with value 3.0
Checking for deadlock:
There are 2 Blocked actors, 0 Stopped actors, and 4 active threads.
Waiting for actors to stop.
-- Read input: 2.0, which is expected to match: 2.0
Called prefire()
Called fire()
Checking for deadlock:
There are 3 Blocked actors, 0 Stopped actors, and 4 active threads.
Waiting for actors to stop.
Sent output token with value 2.0
Next port to read input from is inputA
Called postfire()
Called prefire()
Called fire()
Called postfire()
Called prefire()
Called fire()
Checking for deadlock:
There are 3 Blocked actors, 0 Stopped actors, and 4 active threads.
Waiting for actors to stop.
Read input token from inputA with value 3.0
-- Read input: 3.0, which is expected to match: 3.0
Called prefire()
Called fire()
Checking for deadlock:
There are 3 Blocked actors, 0 Stopped actors, and 4 active threads.
Waiting for actors to stop.
Sent output token with value 3.0
Next port to read input from is inputB
Called postfire()
Called prefire()
Called fire()
Checking for deadlock:
There are 2 Blocked actors, 0 Stopped actors, and 4 active threads.
Waiting for actors to stop.
Called postfire()
Called prefire()
Called fire()
Checking for deadlock:
There are 3 Blocked actors, 0 Stopped actors, and 4 active threads.
Waiting for actors to stop.
Read input token from inputB with value 4.5
Checking for deadlock:
There are 2 Blocked actors, 0 Stopped actors, and 4 active threads.
Waiting for actors to stop.
-- Read input: 3.0, which is expected to match: 3.0
Called prefire()
Called fire()
Checking for deadlock:
There are 3 Blocked actors, 0 Stopped actors, and 4 active threads.
Waiting for actors to stop.
Sent output token with value 3.0
Next port to read input from is inputA
Called postfire()
Called prefire()
Called fire()
Called postfire()
Called prefire()
Called fire()
Checking for deadlock:
There are 3 Blocked actors, 0 Stopped actors, and 4 active threads.
Waiting for actors to stop.
Read input token from inputA with value 4.0
-- Read input: 4.0, which is expected to match: 4.0
Called prefire()
Called fire()
Past the end of training data. Read and discard all inputs.
Checking for deadlock:
There are 3 Blocked actors, 0 Stopped actors, and 4 active threads.
Waiting for actors to stop.
Sent output token with value 4.0
Next port to read input from is inputA
Called postfire()
Called prefire()
Called fire()
Called postfire()
Called prefire()
Called fire()
Checking for deadlock:
There are 3 Blocked actors, 0 Stopped actors, and 4 active threads.
Waiting for actors to stop.
Read input token from inputA with value 5.0
Called prefire()
Called fire()
Past the end of training data. Read and discard all inputs.
Checking for deadlock:
There are 3 Blocked actors, 0 Stopped actors, and 4 active threads.
Waiting for actors to stop.
Sent output token with value 4.5
Next port to read input from is inputB
Called postfire()
Called prefire()
Called fire()
Checking for deadlock:
There are 2 Blocked actors, 0 Stopped actors, and 4 active threads.
Waiting for actors to stop.
Called postfire()
Called prefire()
Called fire()
Checking for deadlock:
There are 3 Blocked actors, 0 Stopped actors, and 4 active threads.
Waiting for actors to stop.
Read input token from inputB with value 6.0
Checking for deadlock:
There are 2 Blocked actors, 0 Stopped actors, and 4 active threads.
Waiting for actors to stop.
Called prefire()
Called fire()
Past the end of training data. Read and discard all inputs.
Checking for deadlock:
There are 3 Blocked actors, 0 Stopped actors, and 4 active threads.
Waiting for actors to stop.
Sent output token with value 5.0
Next port to read input from is inputA
Called postfire()
Called prefire()
Called fire()
Called postfire()
Called prefire()
Called fire()
Checking for deadlock:
There are 3 Blocked actors, 0 Stopped actors, and 4 active threads.
Waiting for actors to stop.
Read input token from inputA with value 6.0
Called prefire()
Called fire()
Past the end of training data. Read and discard all inputs.
Checking for deadlock:
There are 3 Blocked actors, 0 Stopped actors, and 4 active threads.
Waiting for actors to stop.
Sent output token with value 6.0
Next port to read input from is inputB
Called postfire()
Called prefire()
Called fire()
Checking for deadlock:
There are 2 Blocked actors, 0 Stopped actors, and 4 active threads.
Waiting for actors to stop.
Called postfire()
Called prefire()
Called fire()
Checking for deadlock:
There are 3 Blocked actors, 0 Stopped actors, and 4 active threads.
Waiting for actors to stop.
Read input token from inputB with value 7.5
Checking for deadlock:
There are 2 Blocked actors, 0 Stopped actors, and 4 active threads.
Waiting for actors to stop.
Called prefire()
Called fire()
Past the end of training data. Read and discard all inputs.
Checking for deadlock:
There are 3 Blocked actors, 0 Stopped actors, and 4 active threads.
Waiting for actors to stop.
Sent output token with value 6.0
Next port to read input from is inputA
Called postfire()
Called prefire()
Called fire()
Called postfire()
Called prefire()
Called fire()
Checking for deadlock:
There are 3 Blocked actors, 0 Stopped actors, and 4 active threads.
Waiting for actors to stop.
Read input token from inputA with value 7.0
Called prefire()
Called fire()
Past the end of training data. Read and discard all inputs.
Checking for deadlock:
There are 3 Blocked actors, 0 Stopped actors, and 4 active threads.
Waiting for actors to stop.
Sent output token with value 7.0
Next port to read input from is inputA
Called postfire()
Called prefire()
Called fire()
-- Thread wrapup() called.
Called wrapup()
Thread .top.Ramp is exiting.
-- Thread stopped.
Checking for deadlock:
There are 2 Blocked actors, 0 Stopped actors, and 3 active threads.
Waiting for actors to stop.
Read input token from inputA with value 8.0
Called prefire()
Called fire()
Past the end of training data. Read and discard all inputs.
Checking for deadlock:
There are 2 Blocked actors, 0 Stopped actors, and 3 active threads.
Waiting for actors to stop.
Sent output token with value 7.5
Next port to read input from is inputB
Called postfire()
Called prefire()
Called fire()
Checking for deadlock:
There are 1 Blocked actors, 0 Stopped actors, and 3 active threads.
Waiting for actors to stop.
Called postfire()
Called prefire()
Called fire()
Checking for deadlock:
There are 2 Blocked actors, 0 Stopped actors, and 3 active threads.
Waiting for actors to stop.
Read input token from inputB with value 9.0
Checking for deadlock:
There are 1 Blocked actors, 0 Stopped actors, and 3 active threads.
Waiting for actors to stop.
Called prefire()
Called fire()
Past the end of training data. Read and discard all inputs.
Checking for deadlock:
There are 2 Blocked actors, 0 Stopped actors, and 3 active threads.
Waiting for actors to stop.
Sent output token with value 8.0
Next port to read input from is inputA
Called postfire()
Called prefire()
Called fire()
Read input token from inputA with value 9.0
Checking for deadlock:
There are 1 Blocked actors, 0 Stopped actors, and 3 active threads.
Waiting for actors to stop.
Called prefire()
Called fire()
Past the end of training data. Read and discard all inputs.
Checking for deadlock:
There are 2 Blocked actors, 0 Stopped actors, and 3 active threads.
Waiting for actors to stop.
Sent output token with value 9.0
Next port to read input from is inputB
Called postfire()
Called prefire()
Called fire()
Checking for deadlock:
There are 1 Blocked actors, 0 Stopped actors, and 3 active threads.
Waiting for actors to stop.
Called postfire()
Called prefire()
Called fire()
Checking for deadlock:
There are 2 Blocked actors, 0 Stopped actors, and 3 active threads.
Waiting for actors to stop.
Read input token from inputB with value 10.5
Checking for deadlock:
There are 1 Blocked actors, 0 Stopped actors, and 3 active threads.
Waiting for actors to stop.
Called prefire()
Called fire()
Past the end of training data. Read and discard all inputs.
Checking for deadlock:
There are 2 Blocked actors, 0 Stopped actors, and 3 active threads.
Waiting for actors to stop.
Sent output token with value 9.0
Next port to read input from is inputA
Called postfire()
Called prefire()
Called fire()
Checking for deadlock:
There are 3 Blocked actors, 0 Stopped actors, and 3 active threads.
Actors have stopped.
Checking for deadlock:
There are 3 Blocked actors, 0 Stopped actors, and 3 active threads.
Deadlock detected.
Resolving Deadlock
Checking for deadlock:
There are 3 Blocked actors, 0 Stopped actors, and 3 active threads.
Artificial Deadlock - increasing queue capacity.
increasing the capacity of receiver ptolemy.actor.TypedIOPort {.top.OrderedMerge.inputB} to 2
Director: Called postfire().
Called postfire().
_stopRequested = false
_stopFireRequested = false
Returning from postfire(): true
Called fire().
Checking for deadlock:
There are 2 Blocked actors, 0 Stopped actors, and 3 active threads.
Waiting for actors to stop.
-- Thread wrapup() called.
Called wrapup()
Thread .top.Ramp2 is exiting.
-- Thread stopped.
Checking for deadlock:
There are 2 Blocked actors, 0 Stopped actors, and 2 active threads.
Actors have stopped.
Checking for deadlock:
There are 2 Blocked actors, 0 Stopped actors, and 2 active threads.
Deadlock detected.
Resolving Deadlock
Checking for deadlock:
There are 2 Blocked actors, 0 Stopped actors, and 2 active threads.
Deadlock detected: no processes blocked on write, but some are blocked on read.
Called postfire().
_stopRequested = false
_stopFireRequested = false
Returning from postfire(): false
Finished deactivating branches.
Called wrapup().
-- Thread wrapup() called.
Called wrapup()
Thread .top.Test is exiting.
-- Thread stopped.
-- Blocked Receiver call threw TerminateProcessException.
-- Thread wrapup() called.
Called wrapup()
Thread .top.OrderedMerge is exiting.
34 ms. Memory: 146944K Free: 92485K (63%)
.top. Preinitializing ...
Invoking preinitialize():  .top.OrderedMerge
Called preinitialize()
Invoking preinitialize():  .top.Ramp
Called preinitialize()
Invoking preinitialize():  .top.Ramp2
Called preinitialize()
Invoking preinitialize():  .top.Test
Called preinitialize()
.top. Finished preinitialize().
Called initialize().
Invoking initialize():  .top.OrderedMerge
Initializing actor: .top.OrderedMerge
Adding a thread: .top.OrderedMerge
Invoking initialize():  .top.Ramp
Initializing actor: .top.Ramp
Adding a thread: .top.Ramp
Invoking initialize():  .top.Ramp2
Initializing actor: .top.Ramp2
Adding a thread: .top.Ramp2
Invoking initialize():  .top.Test
Initializing actor: .top.Test
Adding a thread: .top.Test
-- Starting thread.
Called initialize()
Called prefire()
Called fire()
-- Thread stopped.
-- Blocked Receiver call threw TerminateProcessException.
-- Starting thread.
Called initialize()
Called prefire()
Called fire()
Called postfire()
Called prefire()
Called fire()
-- Starting thread.
Called initialize()
Called prefire()
Called fire()
Called postfire()
Called prefire()
Called fire()
Called fire().
Checking for deadlock:
There are 3 Blocked actors, 0 Stopped actors, and 4 active threads.
Waiting for actors to stop.
-- Starting thread.
Called initialize()
Called prefire()
Called fire()
Checking for deadlock:
There are 2 Blocked actors, 0 Stopped actors, and 4 active threads.
Waiting for actors to stop.
Read input token from inputA with value 0.0
Called postfire()
Next port to read input from is inputB
Called prefire()
Called fire()
Called postfire()
Called prefire()
Called fire()
Read input token from inputB with value 0.0
Checking for deadlock:
There are 2 Blocked actors, 0 Stopped actors, and 4 active threads.
Waiting for actors to stop.
Called postfire()
Called prefire()
Called fire()
Sent output token with value 0.0
Next port to read input from is inputA
Called postfire()
Called prefire()
Checking for deadlock:
There are 2 Blocked actors, 0 Stopped actors, and 4 active threads.
Waiting for actors to stop.
-- Read input: 0.0, which is expected to match: 0.0
Called prefire()
Called fire()
Called fire()
Read input token from inputA with value 1.0
Sent output token with value 0.0
Next port to read input from is inputB
Called postfire()
Called prefire()
Called fire()
Read input token from inputB with value 1.5
Called postfire()
Called prefire()
Called fire()
Checking for deadlock:
There are 1 Blocked actors, 0 Stopped actors, and 4 active threads.
-- Read input: 0.0, which is expected to match: 0.0
Waiting for actors to stop.
Called prefire()
Called fire()
Called postfire()
Called prefire()
Called fire()
Checking for deadlock:
There are 3 Blocked actors, 0 Stopped actors, and 4 active threads.
Waiting for actors to stop.
Sent output token with value 1.0
Checking for deadlock:
There are 2 Blocked actors, 0 Stopped actors, and 4 active threads.
Waiting for actors to stop.
Next port to read input from is inputA
Called postfire()
Called prefire()
Called fire()
Read input token from inputA with value 2.0
-- Read input: 1.0, which is expected to match: 1.0
Sent output token with value 1.5
Called prefire()
Called fire()
Called postfire()
Called prefire()
Called fire()
Checking for deadlock:
There are 2 Blocked actors, 0 Stopped actors, and 4 active threads.
Waiting for actors to stop.
-- Read input: 1.5, which is expected to match: 1.5
Called prefire()
Called fire()
Checking for deadlock:
There are 3 Blocked actors, 0 Stopped actors, and 4 active threads.
Waiting for actors to stop.
Next port to read input from is inputB
Called postfire()
Called prefire()
Called fire()
Read input token from inputB with value 3.0
Sent output token with value 2.0
Next port to read input from is inputA
Called postfire()
Called prefire()
Called fire()
Called postfire()
Called prefire()
Called fire()
Checking for deadlock:
There are 1 Blocked actors, 0 Stopped actors, and 4 active threads.
Waiting for actors to stop.
Called postfire()
Called prefire()
Called fire()
Checking for deadlock:
Read input token from inputA with value 3.0
There are 2 Blocked actors, 0 Stopped actors, and 4 active threads.
Waiting for actors to stop.
-- Read input: 2.0, which is expected to match: 2.0
Sent output token with value 3.0
Next port to read input from is inputB
Called prefire()
Called fire()
Called postfire()
Called prefire()
Called fire()
-- Read input: 3.0, which is expected to match: 3.0
Read input token from inputB with value 4.5
Called prefire()
Sent output token with value 3.0
Called fire()
Next port to read input from is inputA
Called postfire()
Called prefire()
Called fire()
-- Read input: 3.0, which is expected to match: 3.0
Called prefire()
Called fire()
Checking for deadlock:
There are 2 Blocked actors, 0 Stopped actors, and 4 active threads.
Waiting for actors to stop.
Called postfire()
Called prefire()
Called fire()
Read input token from inputA with value 4.0
Sent output token with value 4.0
Next port to read input from is inputA
Called postfire()
Called prefire()
Called fire()
Called postfire()
Called prefire()
Called fire()
Checking for deadlock:
There are 2 Blocked actors, 0 Stopped actors, and 4 active threads.
Waiting for actors to stop.
-- Read input: 4.0, which is expected to match: 4.0
Called prefire()
Called fire()
Past the end of training data. Read and discard all inputs.
Checking for deadlock:
There are 2 Blocked actors, 0 Stopped actors, and 4 active threads.
Read input token from inputA with value 5.0
Waiting for actors to stop.
Called postfire()
Called prefire()
Called fire()
Sent output token with value 4.5
Next port to read input from is inputB
Called postfire()
Called prefire()
Called fire()
Checking for deadlock:
There are 1 Blocked actors, 0 Stopped actors, and 4 active threads.
Waiting for actors to stop.
Called prefire()
Called fire()
Past the end of training data. Read and discard all inputs.
Checking for deadlock:
There are 2 Blocked actors, 0 Stopped actors, and 4 active threads.
Waiting for actors to stop.
Called postfire()
Called prefire()
Called fire()
Checking for deadlock:
There are 3 Blocked actors, 0 Stopped actors, and 4 active threads.
Waiting for actors to stop.
Read input token from inputB with value 6.0
Sent output token with value 5.0
Next port to read input from is inputA
Called postfire()
Called prefire()
Called fire()
Read input token from inputA with value 6.0
Called postfire()
Called prefire()
Checking for deadlock:
Called fire()
Past the end of training data. Read and discard all inputs.
Called prefire()
There are 1 Blocked actors, 0 Stopped actors, and 4 active threads.
Waiting for actors to stop.
Called fire()
Checking for deadlock:
There are 2 Blocked actors, 0 Stopped actors, and 4 active threads.
Waiting for actors to stop.
Called prefire()
Called fire()
Past the end of training data. Read and discard all inputs.
Checking for deadlock:
There are 3 Blocked actors, 0 Stopped actors, and 4 active threads.
Waiting for actors to stop.
Sent output token with value 6.0
Next port to read input from is inputB
Called postfire()
Called prefire()
Called fire()
Checking for deadlock:
There are 2 Blocked actors, 0 Stopped actors, and 4 active threads.
Read input token from inputB with value 7.5
Waiting for actors to stop.
Sent output token with value 6.0
Next port to read input from is inputA
Called postfire()
Called prefire()
Called fire()
Read input token from inputA with value 7.0
Called postfire()
Checking for deadlock:
There are 0 Blocked actors, 0 Stopped actors, and 4 active threads.
Waiting for actors to stop.
Called postfire()
Called prefire()
Called fire()
Called prefire()
Sent output token with value 7.0
Checking for deadlock:
Next port to read input from is inputA
Called postfire()
Called prefire()
Called fire()
Called prefire()
Called fire()
There are 1 Blocked actors, 0 Stopped actors, and 4 active threads.
Called fire()
Waiting for actors to stop.
Past the end of training data. Read and discard all inputs.
Called prefire()
Called fire()
Past the end of training data. Read and discard all inputs.
Read input token from inputA with value 8.0
Sent output token with value 7.5
Next port to read input from is inputB
Called postfire()
Called prefire()
Called fire()
Read input token from inputB with value 9.0
Checking for deadlock:
There are 1 Blocked actors, 0 Stopped actors, and 4 active threads.
Waiting for actors to stop.
-- Thread wrapup() called.
Called wrapup()
Called postfire()
Thread .top.Ramp is exiting.
Called prefire()
-- Thread stopped.
Called prefire()
Called fire()
Past the end of training data. Read and discard all inputs.
Called fire()
Checking for deadlock:
There are 2 Blocked actors, 0 Stopped actors, and 3 active threads.
Waiting for actors to stop.
Called prefire()
Called fire()
Past the end of training data. Read and discard all inputs.
Checking for deadlock:
There are 2 Blocked actors, 0 Stopped actors, and 3 active threads.
Waiting for actors to stop.
Sent output token with value 8.0
Next port to read input from is inputA
Called postfire()
Called prefire()
Called fire()
Read input token from inputA with value 9.0
Sent output token with value 9.0
Checking for deadlock:
There are 1 Blocked actors, 0 Stopped actors, and 3 active threads.
Waiting for actors to stop.
Next port to read input from is inputB
Called postfire()
Called prefire()
Called prefire()
Called fire()
Past the end of training data. Read and discard all inputs.
Checking for deadlock:
Called fire()
There are 2 Blocked actors, 0 Stopped actors, and 3 active threads.
Waiting for actors to stop.
Called postfire()
Read input token from inputB with value 10.5
Checking for deadlock:
There are 1 Blocked actors, 0 Stopped actors, and 3 active threads.
Waiting for actors to stop.
Called prefire()
Called fire()
Checking for deadlock:
There are 1 Blocked actors, 0 Stopped actors, and 3 active threads.
Called prefire()
Waiting for actors to stop.
Called fire()
Past the end of training data. Read and discard all inputs.
Checking for deadlock:
There are 2 Blocked actors, 0 Stopped actors, and 3 active threads.
Sent output token with value 9.0
Waiting for actors to stop.
Next port to read input from is inputA
Called postfire()
Called prefire()
Called fire()
Checking for deadlock:
There are 3 Blocked actors, 0 Stopped actors, and 3 active threads.
Actors have stopped.
Checking for deadlock:
There are 3 Blocked actors, 0 Stopped actors, and 3 active threads.
Deadlock detected.
Resolving Deadlock
Checking for deadlock:
There are 3 Blocked actors, 0 Stopped actors, and 3 active threads.
Artificial Deadlock - increasing queue capacity.
increasing the capacity of receiver ptolemy.actor.TypedIOPort {.top.OrderedMerge.inputB} to 2
Director: Called postfire().
Called postfire().
_stopRequested = false
_stopFireRequested = false
Returning from postfire(): true
-- Thread wrapup() called.
Called wrapup()
Thread .top.Ramp2 is exiting.
-- Thread stopped.
Called fire().
Checking for deadlock:
There are 2 Blocked actors, 0 Stopped actors, and 2 active threads.
Actors have stopped.
Checking for deadlock:
There are 2 Blocked actors, 0 Stopped actors, and 2 active threads.
Deadlock detected.
Resolving Deadlock
Checking for deadlock:
There are 2 Blocked actors, 0 Stopped actors, and 2 active threads.
Deadlock detected: no processes blocked on write, but some are blocked on read.
Called postfire().
_stopRequested = false
_stopFireRequested = false
Returning from postfire(): false
Finished deactivating branches.
Called wrapup().
-- Thread wrapup() called.
Called wrapup()
Thread .top.Test is exiting.
-- Thread stopped.
-- Blocked Receiver call threw TerminateProcessException.
-- Thread wrapup() called.
Called wrapup()
Thread .top.OrderedMerge is exiting.
-- Thread stopped.
-- Blocked Receiver call threw TerminateProcessException.
34 ms. Memory: 146944K Free: 90027K (61%)
/home/travis/build/icyphy/ptII/ptolemy/actor/lib/test/Publisher.tcl
16 ms. Memory: 146944K Free: 82831K (56%)
4 ms. Memory: 146944K Free: 138283K (94%)
2 ms. Memory: 146944K Free: 133446K (91%)
3 ms. Memory: 146944K Free: 132265K (90%)
2 ms. Memory: 146944K Free: 132265K (90%)
3 ms. Memory: 146944K Free: 131083K (89%)
3 ms. Memory: 146944K Free: 129901K (88%)
3 ms. Memory: 146944K Free: 129901K (88%)
1 ms. Memory: 146944K Free: 120448K (82%)
4 ms. Memory: 146944K Free: 115721K (79%)
2 ms. Memory: 146944K Free: 115721K (79%)
1 ms. Memory: 146944K Free: 113358K (77%)
14 ms. Memory: 146944K Free: 105086K (72%)
5 ms. Memory: 146944K Free: 95633K (65%)
5 ms. Memory: 146944K Free: 83816K (57%)
/home/travis/build/icyphy/ptII/ptolemy/actor/lib/test/Pulse.tcl
2 ms. Memory: 209920K Free: 164354K (78%)
1 ms. Memory: 209920K Free: 161958K (77%)
1 ms. Memory: 209920K Free: 161958K (77%)
1 ms. Memory: 209920K Free: 161958K (77%)
1 ms. Memory: 209920K Free: 161958K (77%)
2 ms. Memory: 209920K Free: 159561K (76%)
2 ms. Memory: 209920K Free: 159561K (76%)
1 ms. Memory: 209920K Free: 159561K (76%)
1 ms. Memory: 209920K Free: 157165K (75%)
/home/travis/build/icyphy/ptII/ptolemy/actor/lib/test/Ramp.tcl
3 ms. Memory: 209920K Free: 157165K (75%)
1 ms. Memory: 209920K Free: 154769K (74%)
1 ms. Memory: 209920K Free: 154769K (74%)
1 ms. Memory: 209920K Free: 154769K (74%)
7 ms. Memory: 209920K Free: 152372K (73%)
4 ms. Memory: 209920K Free: 152372K (73%)
8 ms. Memory: 209920K Free: 152372K (73%)
5 actors
14000 microseconds per iteration to create
10 ms. Memory: 209920K Free: 147580K (70%)
2 ms. Memory: 209920K Free: 147580K (70%)
11 ms. Memory: 209920K Free: 147580K (70%)
2 ms. Memory: 209920K Free: 147580K (70%)
50 actors
47000 microseconds per iteration to create
28 ms. Memory: 209920K Free: 130806K (62%)
6 ms. Memory: 209920K Free: 130806K (62%)
6 ms. Memory: 209920K Free: 128410K (61%)
4 ms. Memory: 209920K Free: 128410K (61%)
500 actors
1462000 microseconds per iteration to create
285 ms. Memory: 209920K Free: 78083K (37%)
88 ms. Memory: 334336K Free: 316232K (95%)
33 ms. Memory: 334336K Free: 311381K (93%)
32 ms. Memory: 334336K Free: 306409K (92%)
/home/travis/build/icyphy/ptII/ptolemy/actor/lib/test/RampContinuous.tcl
6 ms. Memory: 334336K Free: 301541K (90%)
/home/travis/build/icyphy/ptII/ptolemy/actor/lib/test/RecordAssembler.tcl
4 ms. Memory: 334336K Free: 301541K (90%)
3 ms. Memory: 334336K Free: 301541K (90%)
/home/travis/build/icyphy/ptII/ptolemy/actor/lib/test/RecordDisassembler.tcl
4 ms. Memory: 334336K Free: 296674K (89%)
2 ms. Memory: 334336K Free: 296674K (89%)
3 ms. Memory: 334336K Free: 296674K (89%)
/home/travis/build/icyphy/ptII/ptolemy/actor/lib/test/Scale.tcl
3 ms. Memory: 334336K Free: 296674K (89%)
1 ms. Memory: 334336K Free: 291807K (87%)
1 ms. Memory: 334336K Free: 291807K (87%)
2 ms. Memory: 334336K Free: 291807K (87%)
7 ms. Memory: 334336K Free: 291807K (87%)
/home/travis/build/icyphy/ptII/ptolemy/actor/lib/test/SequentialClock.tcl
preinitializing
resolving types
initializing
executing number 1
wrapping up
idle
2 ms. Memory: 334336K Free: 291807K (87%)
Completed execution with 5 iterations
preinitializing
resolving types
initializing
executing number 1
wrapping up
idle
1 ms. Memory: 334336K Free: 291807K (87%)
Completed execution with 5 iterations
preinitializing
resolving types
initializing
executing number 1
wrapping up
idle
1 ms. Memory: 334336K Free: 286940K (86%)
Completed execution with 5 iterations
/home/travis/build/icyphy/ptII/ptolemy/actor/lib/test/SetVariable.tcl
3 ms. Memory: 334336K Free: 286940K (86%)
/home/travis/build/icyphy/ptII/ptolemy/actor/lib/test/Sinewave.tcl
/home/travis/build/icyphy/ptII/ptolemy/actor/lib/test/SubscriptionAggregator.tcl
12 ms. Memory: 334336K Free: 272386K (81%)
2 ms. Memory: 334336K Free: 272386K (81%)
0 ms. Memory: 334336K Free: 272386K (81%)
1 ms. Memory: 334336K Free: 272386K (81%)
1 ms. Memory: 334336K Free: 267519K (80%)
12 ms. Memory: 334336K Free: 267519K (80%)
...............................................................884 ms. Memory: 482816K Free: 361422K (75%)
/home/travis/build/icyphy/ptII/ptolemy/actor/lib/test/Test.tcl
 The next command will produce a warning about training mode,
   which may be ignored.
3 ms. Memory: 482816K Free: 361422K (75%)
2 ms. Memory: 482816K Free: 361422K (75%)
1 ms. Memory: 482816K Free: 361422K (75%)
1 ms. Memory: 482816K Free: 361422K (75%)
1 ms. Memory: 482816K Free: 361422K (75%)
2 ms. Memory: 482816K Free: 361422K (75%)
3 ms. Memory: 482816K Free: 353662K (73%)
 The next command will produce a warning about training mode,
   which may be ignored.
3 ms. Memory: 482816K Free: 353662K (73%)
 The next command will produce a warning about training mode,
   which may be ignored.
2 ms. Memory: 482816K Free: 353662K (73%)
1 ms. Memory: 482816K Free: 353662K (73%)
1 ms. Memory: 482816K Free: 353662K (73%)
1 ms. Memory: 482816K Free: 353662K (73%)
1 ms. Memory: 482816K Free: 353662K (73%)
2 ms. Memory: 482816K Free: 345910K (72%)
/home/travis/build/icyphy/ptII/ptolemy/actor/lib/test/TestExceptionHandler.tcl
 The next command will produce a warning about training mode,
   which may be ignored.
1 ms. Memory: 482816K Free: 345910K (72%)
1 ms. Memory: 482816K Free: 345910K (72%)
1 ms. Memory: 482816K Free: 345910K (72%)
/home/travis/build/icyphy/ptII/ptolemy/actor/lib/test/UnionDisassembler.tcl
13 ms. Memory: 482816K Free: 338158K (70%)
/home/travis/build/icyphy/ptII/ptolemy/actor/lib/test/VariableClock.tcl
preinitializing
resolving types
initializing
executing number 1
wrapping up
idle
3 ms. Memory: 482816K Free: 338158K (70%)
Completed execution with 11 iterations
preinitializing
resolving types
initializing
executing number 1
wrapping up
idle
3 ms. Memory: 482816K Free: 330398K (68%)
Completed execution with 10 iterations
07/24/18 01:39:04
Failed: 0  Total Tests: 234  ((Passed: 234, Newly Passed: 0)  Known Failed: 0) /home/travis/build/icyphy/ptII/ptolemy/actor/lib/test
----------------- testing (KnownFailure) /home/travis/build/icyphy/ptII/ptolemy/actor/lib/test/auto/knownFailedTests/PublisherPortToplevelSubscriber.xml
0 ms. Memory: 482816K Free: 322606K (67%)
Known Failure: java.lang.reflect.InvocationTargetException
----------------- testing (KnownFailure) /home/travis/build/icyphy/ptII/ptolemy/actor/lib/test/auto/knownFailedTests/PublisherSubscriberPortToplevel.xml
1 ms. Memory: 482816K Free: 307020K (64%)
Known Failure: java.lang.reflect.InvocationTargetException
----------------- testing (KnownFailure) /home/travis/build/icyphy/ptII/ptolemy/actor/lib/test/auto/knownFailedTests/PublisherSubscriptionAggregatorPort.xml
1 ms. Memory: 482816K Free: 291435K (60%)
Known Failure: java.lang.reflect.InvocationTargetException
----------------- testing (KnownFailure) /home/travis/build/icyphy/ptII/ptolemy/actor/lib/test/auto/knownFailedTests/sizedarray3.xml
5 ms. Memory: 482816K Free: 275849K (57%)
Known Failure: java.lang.reflect.InvocationTargetException
No auto/linux-amd64/*.xml tests in /home/travis/build/icyphy/ptII/ptolemy/actor/lib/test
AutoTests.java: About to close Vertx.
AutoTests.java: Vertx closed.

===========================================================================================
----------------- testing Tue Jul 24 01:39:05 UTC 2018 /home/travis/build/icyphy/ptII/ptolemy/actor/lib/test/auto/AbsoluteValue.xml
----------------- Instantiating /home/travis/build/icyphy/ptII/ptolemy/actor/lib/test/auto/AbsoluteValue.xml
5 ms. Memory: 482816K Free: 205836K (43%)
----------------- Invoking toplevel() on ptolemy.moml.MoMLSimpleApplication@68514cd
----------------- Done invoking toplevel() on ptolemy.moml.MoMLSimpleApplication@68514cd
reloadAllAccessors: .AbsoluteValue

===========================================================================================
----------------- testing Tue Jul 24 01:39:05 UTC 2018 /home/travis/build/icyphy/ptII/ptolemy/actor/lib/test/auto/AbsoluteValue2.xml
----------------- Instantiating /home/travis/build/icyphy/ptII/ptolemy/actor/lib/test/auto/AbsoluteValue2.xml
8 ms. Memory: 482816K Free: 194131K (40%)
----------------- Invoking toplevel() on ptolemy.moml.MoMLSimpleApplication@6ed7ff8f
----------------- Done invoking toplevel() on ptolemy.moml.MoMLSimpleApplication@6ed7ff8f
reloadAllAccessors: .AbsoluteValue2

===========================================================================================
----------------- testing Tue Jul 24 01:39:05 UTC 2018 /home/travis/build/icyphy/ptII/ptolemy/actor/lib/test/auto/Accumulator.xml
----------------- Instantiating /home/travis/build/icyphy/ptII/ptolemy/actor/lib/test/auto/Accumulator.xml
13 ms. Memory: 482816K Free: 174674K (36%)
----------------- Invoking toplevel() on ptolemy.moml.MoMLSimpleApplication@3ecda589
----------------- Done invoking toplevel() on ptolemy.moml.MoMLSimpleApplication@3ecda589
reloadAllAccessors: .Accumulator

===========================================================================================
----------------- testing Tue Jul 24 01:39:05 UTC 2018 /home/travis/build/icyphy/ptII/ptolemy/actor/lib/test/auto/Accumulator2.xml
----------------- Instantiating /home/travis/build/icyphy/ptII/ptolemy/actor/lib/test/auto/Accumulator2.xml
3 ms. Memory: 482816K Free: 166881K (35%)
----------------- Invoking toplevel() on ptolemy.moml.MoMLSimpleApplication@2aaa896e
----------------- Done invoking toplevel() on ptolemy.moml.MoMLSimpleApplication@2aaa896e
reloadAllAccessors: .Accumulator2

===========================================================================================
----------------- testing Tue Jul 24 01:39:05 UTC 2018 /home/travis/build/icyphy/ptII/ptolemy/actor/lib/test/auto/Accumulator3.xml
----------------- Instantiating /home/travis/build/icyphy/ptII/ptolemy/actor/lib/test/auto/Accumulator3.xml
4 ms. Memory: 482816K Free: 159089K (33%)
----------------- Invoking toplevel() on ptolemy.moml.MoMLSimpleApplication@35d02f73
----------------- Done invoking toplevel() on ptolemy.moml.MoMLSimpleApplication@35d02f73
reloadAllAccessors: .Accumulator3

===========================================================================================
----------------- testing Tue Jul 24 01:39:05 UTC 2018 /home/travis/build/icyphy/ptII/ptolemy/actor/lib/test/auto/ArrayAppend.xml
----------------- Instantiating /home/travis/build/icyphy/ptII/ptolemy/actor/lib/test/auto/ArrayAppend.xml
6 ms. Memory: 482816K Free: 139647K (29%)
----------------- Invoking toplevel() on ptolemy.moml.MoMLSimpleApplication@4ac20e9d
----------------- Done invoking toplevel() on ptolemy.moml.MoMLSimpleApplication@4ac20e9d
reloadAllAccessors: .ArrayAppend

===========================================================================================
----------------- testing Tue Jul 24 01:39:05 UTC 2018 /home/travis/build/icyphy/ptII/ptolemy/actor/lib/test/auto/ArrayAppend2.xml
----------------- Instantiating /home/travis/build/icyphy/ptII/ptolemy/actor/lib/test/auto/ArrayAppend2.xml
311 ms. Memory: 482816K Free: 65617K (14%)
----------------- Invoking toplevel() on ptolemy.moml.MoMLSimpleApplication@100b96f5
----------------- Done invoking toplevel() on ptolemy.moml.MoMLSimpleApplication@100b96f5
reloadAllAccessors: .ArrayAppend2

===========================================================================================
----------------- testing Tue Jul 24 01:39:05 UTC 2018 /home/travis/build/icyphy/ptII/ptolemy/actor/lib/test/auto/ArrayAppend3.xml
----------------- Instantiating /home/travis/build/icyphy/ptII/ptolemy/actor/lib/test/auto/ArrayAppend3.xml
9 ms. Memory: 485888K Free: 434474K (89%)
----------------- Invoking toplevel() on ptolemy.moml.MoMLSimpleApplication@235e7932
----------------- Done invoking toplevel() on ptolemy.moml.MoMLSimpleApplication@235e7932
reloadAllAccessors: .ArrayAppend3

===========================================================================================
----------------- testing Tue Jul 24 01:39:05 UTC 2018 /home/travis/build/icyphy/ptII/ptolemy/actor/lib/test/auto/ArrayAppend4.xml
----------------- Instantiating /home/travis/build/icyphy/ptII/ptolemy/actor/lib/test/auto/ArrayAppend4.xml
2 ms. Memory: 485888K Free: 420496K (87%)
----------------- Invoking toplevel() on ptolemy.moml.MoMLSimpleApplication@4e90ad36
----------------- Done invoking toplevel() on ptolemy.moml.MoMLSimpleApplication@4e90ad36
reloadAllAccessors: .ArrayAppend4

===========================================================================================
----------------- testing Tue Jul 24 01:39:05 UTC 2018 /home/travis/build/icyphy/ptII/ptolemy/actor/lib/test/auto/ArrayAppend5.xml
----------------- Instantiating /home/travis/build/icyphy/ptII/ptolemy/actor/lib/test/auto/ArrayAppend5.xml
1 ms. Memory: 485888K Free: 412688K (85%)
----------------- Invoking toplevel() on ptolemy.moml.MoMLSimpleApplication@c6fa65b
----------------- Done invoking toplevel() on ptolemy.moml.MoMLSimpleApplication@c6fa65b
reloadAllAccessors: .ArrayAppend5

===========================================================================================
----------------- testing Tue Jul 24 01:39:05 UTC 2018 /home/travis/build/icyphy/ptII/ptolemy/actor/lib/test/auto/ArrayAppend6.xml
----------------- Instantiating /home/travis/build/icyphy/ptII/ptolemy/actor/lib/test/auto/ArrayAppend6.xml
4 ms. Memory: 485888K Free: 398770K (82%)
----------------- Invoking toplevel() on ptolemy.moml.MoMLSimpleApplication@5c3d1c83
----------------- Done invoking toplevel() on ptolemy.moml.MoMLSimpleApplication@5c3d1c83
reloadAllAccessors: .ArrayAppend6

===========================================================================================
----------------- testing Tue Jul 24 01:39:05 UTC 2018 /home/travis/build/icyphy/ptII/ptolemy/actor/lib/test/auto/ArrayAppendPerformanceTest.xml
----------------- Instantiating /home/travis/build/icyphy/ptII/ptolemy/actor/lib/test/auto/ArrayAppendPerformanceTest.xml
18 ms. Memory: 485888K Free: 388380K (80%)
----------------- Invoking toplevel() on ptolemy.moml.MoMLSimpleApplication@36879536
----------------- Done invoking toplevel() on ptolemy.moml.MoMLSimpleApplication@36879536
reloadAllAccessors: .ArrayAppendPerformanceTest

===========================================================================================
----------------- testing Tue Jul 24 01:39:06 UTC 2018 /home/travis/build/icyphy/ptII/ptolemy/actor/lib/test/auto/ArrayAppendWithEmptyInput.xml
----------------- Instantiating /home/travis/build/icyphy/ptII/ptolemy/actor/lib/test/auto/ArrayAppendWithEmptyInput.xml
15 ms. Memory: 485888K Free: 377989K (78%)
----------------- Invoking toplevel() on ptolemy.moml.MoMLSimpleApplication@6740fef8
----------------- Done invoking toplevel() on ptolemy.moml.MoMLSimpleApplication@6740fef8
reloadAllAccessors: .ArrayAppendWithEmptyInput

===========================================================================================
----------------- testing Tue Jul 24 01:39:06 UTC 2018 /home/travis/build/icyphy/ptII/ptolemy/actor/lib/test/auto/ArrayAverage.xml
----------------- Instantiating /home/travis/build/icyphy/ptII/ptolemy/actor/lib/test/auto/ArrayAverage.xml
9 ms. Memory: 485888K Free: 361459K (74%)
----------------- Invoking toplevel() on ptolemy.moml.MoMLSimpleApplication@7c959c2a
----------------- Done invoking toplevel() on ptolemy.moml.MoMLSimpleApplication@7c959c2a
reloadAllAccessors: .ArrayAverage

===========================================================================================
----------------- testing Tue Jul 24 01:39:06 UTC 2018 /home/travis/build/icyphy/ptII/ptolemy/actor/lib/test/auto/ArrayContains.xml
----------------- Instantiating /home/travis/build/icyphy/ptII/ptolemy/actor/lib/test/auto/ArrayContains.xml
2 ms. Memory: 485888K Free: 353650K (73%)
----------------- Invoking toplevel() on ptolemy.moml.MoMLSimpleApplication@23eb6bb0
----------------- Done invoking toplevel() on ptolemy.moml.MoMLSimpleApplication@23eb6bb0
reloadAllAccessors: .ArrayContains

===========================================================================================
----------------- testing Tue Jul 24 01:39:06 UTC 2018 /home/travis/build/icyphy/ptII/ptolemy/actor/lib/test/auto/ArrayElement.xml
----------------- Instantiating /home/travis/build/icyphy/ptII/ptolemy/actor/lib/test/auto/ArrayElement.xml
5 ms. Memory: 485888K Free: 345841K (71%)
----------------- Invoking toplevel() on ptolemy.moml.MoMLSimpleApplication@2501d0f0
----------------- Done invoking toplevel() on ptolemy.moml.MoMLSimpleApplication@2501d0f0
reloadAllAccessors: .ArrayElement

===========================================================================================
----------------- testing Tue Jul 24 01:39:06 UTC 2018 /home/travis/build/icyphy/ptII/ptolemy/actor/lib/test/auto/ArrayElementAsMatrix.xml
----------------- Instantiating /home/travis/build/icyphy/ptII/ptolemy/actor/lib/test/auto/ArrayElementAsMatrix.xml
27 ms. Memory: 485888K Free: 329311K (68%)
----------------- Invoking toplevel() on ptolemy.moml.MoMLSimpleApplication@69ebdfa4
----------------- Done invoking toplevel() on ptolemy.moml.MoMLSimpleApplication@69ebdfa4
reloadAllAccessors: .ArrayElementAsMatrix

===========================================================================================
----------------- testing Tue Jul 24 01:39:06 UTC 2018 /home/travis/build/icyphy/ptII/ptolemy/actor/lib/test/auto/ArrayElementI.xml
----------------- Instantiating /home/travis/build/icyphy/ptII/ptolemy/actor/lib/test/auto/ArrayElementI.xml
8 ms. Memory: 485888K Free: 321502K (66%)
----------------- Invoking toplevel() on ptolemy.moml.MoMLSimpleApplication@5345ba33
----------------- Done invoking toplevel() on ptolemy.moml.MoMLSimpleApplication@5345ba33
reloadAllAccessors: .ArrayElementI

===========================================================================================
----------------- testing Tue Jul 24 01:39:06 UTC 2018 /home/travis/build/icyphy/ptII/ptolemy/actor/lib/test/auto/ArrayExtract.xml
----------------- Instantiating /home/travis/build/icyphy/ptII/ptolemy/actor/lib/test/auto/ArrayExtract.xml
7 ms. Memory: 485888K Free: 313694K (65%)
----------------- Invoking toplevel() on ptolemy.moml.MoMLSimpleApplication@5bfd8600
----------------- Done invoking toplevel() on ptolemy.moml.MoMLSimpleApplication@5bfd8600
reloadAllAccessors: .ArrayExtract

===========================================================================================
----------------- testing Tue Jul 24 01:39:06 UTC 2018 /home/travis/build/icyphy/ptII/ptolemy/actor/lib/test/auto/ArrayExtract2.xml
----------------- Instantiating /home/travis/build/icyphy/ptII/ptolemy/actor/lib/test/auto/ArrayExtract2.xml
2 ms. Memory: 485888K Free: 299776K (62%)
----------------- Invoking toplevel() on ptolemy.moml.MoMLSimpleApplication@13f89a67
----------------- Done invoking toplevel() on ptolemy.moml.MoMLSimpleApplication@13f89a67
reloadAllAccessors: .ArrayExtract2

===========================================================================================
----------------- testing Tue Jul 24 01:39:06 UTC 2018 /home/travis/build/icyphy/ptII/ptolemy/actor/lib/test/auto/ArrayLength.xml
----------------- Instantiating /home/travis/build/icyphy/ptII/ptolemy/actor/lib/test/auto/ArrayLength.xml
4 ms. Memory: 485888K Free: 294581K (61%)
----------------- Invoking toplevel() on ptolemy.moml.MoMLSimpleApplication@23a61aeb
----------------- Done invoking toplevel() on ptolemy.moml.MoMLSimpleApplication@23a61aeb
reloadAllAccessors: .ArrayLength

===========================================================================================
----------------- testing Tue Jul 24 01:39:06 UTC 2018 /home/travis/build/icyphy/ptII/ptolemy/actor/lib/test/auto/ArrayLevelCrossing.xml
----------------- Instantiating /home/travis/build/icyphy/ptII/ptolemy/actor/lib/test/auto/ArrayLevelCrossing.xml
3 ms. Memory: 485888K Free: 278063K (57%)
----------------- Invoking toplevel() on ptolemy.moml.MoMLSimpleApplication@5df9e7ec
----------------- Done invoking toplevel() on ptolemy.moml.MoMLSimpleApplication@5df9e7ec
reloadAllAccessors: .ArrayLevelCrossing

===========================================================================================
----------------- testing Tue Jul 24 01:39:06 UTC 2018 /home/travis/build/icyphy/ptII/ptolemy/actor/lib/test/auto/ArrayLevelCrossing2.xml
----------------- Instantiating /home/travis/build/icyphy/ptII/ptolemy/actor/lib/test/auto/ArrayLevelCrossing2.xml
3 ms. Memory: 485888K Free: 270270K (56%)
----------------- Invoking toplevel() on ptolemy.moml.MoMLSimpleApplication@29e49e5b
----------------- Done invoking toplevel() on ptolemy.moml.MoMLSimpleApplication@29e49e5b
reloadAllAccessors: .ArrayLevelCrossing2

===========================================================================================
----------------- testing Tue Jul 24 01:39:06 UTC 2018 /home/travis/build/icyphy/ptII/ptolemy/actor/lib/test/auto/ArrayPeakSearch.xml
----------------- Instantiating /home/travis/build/icyphy/ptII/ptolemy/actor/lib/test/auto/ArrayPeakSearch.xml
6 ms. Memory: 485888K Free: 259864K (53%)
----------------- Invoking toplevel() on ptolemy.moml.MoMLSimpleApplication@186aab22
----------------- Done invoking toplevel() on ptolemy.moml.MoMLSimpleApplication@186aab22
reloadAllAccessors: .ArrayPeakSearch

===========================================================================================
----------------- testing Tue Jul 24 01:39:06 UTC 2018 /home/travis/build/icyphy/ptII/ptolemy/actor/lib/test/auto/ArrayPeakSearch2.xml
----------------- Instantiating /home/travis/build/icyphy/ptII/ptolemy/actor/lib/test/auto/ArrayPeakSearch2.xml
7 ms. Memory: 485888K Free: 240711K (50%)
----------------- Invoking toplevel() on ptolemy.moml.MoMLSimpleApplication@79dbaaab
----------------- Done invoking toplevel() on ptolemy.moml.MoMLSimpleApplication@79dbaaab
reloadAllAccessors: .ArrayPeakSearch2

===========================================================================================
----------------- testing Tue Jul 24 01:39:06 UTC 2018 /home/travis/build/icyphy/ptII/ptolemy/actor/lib/test/auto/ArrayPeakSearch3.xml
----------------- Instantiating /home/travis/build/icyphy/ptII/ptolemy/actor/lib/test/auto/ArrayPeakSearch3.xml
6 ms. Memory: 485888K Free: 230305K (47%)
----------------- Invoking toplevel() on ptolemy.moml.MoMLSimpleApplication@62916eb5
----------------- Done invoking toplevel() on ptolemy.moml.MoMLSimpleApplication@62916eb5
reloadAllAccessors: .ArrayPeakSearch3

===========================================================================================
----------------- testing Tue Jul 24 01:39:06 UTC 2018 /home/travis/build/icyphy/ptII/ptolemy/actor/lib/test/auto/ArrayRemoveElement.xml
----------------- Instantiating /home/travis/build/icyphy/ptII/ptolemy/actor/lib/test/auto/ArrayRemoveElement.xml
3 ms. Memory: 485888K Free: 219899K (45%)
----------------- Invoking toplevel() on ptolemy.moml.MoMLSimpleApplication@24c7a690
----------------- Done invoking toplevel() on ptolemy.moml.MoMLSimpleApplication@24c7a690
reloadAllAccessors: .ArrayRemoveElement

===========================================================================================
----------------- testing Tue Jul 24 01:39:06 UTC 2018 /home/travis/build/icyphy/ptII/ptolemy/actor/lib/test/auto/ArraySort.xml
----------------- Instantiating /home/travis/build/icyphy/ptII/ptolemy/actor/lib/test/auto/ArraySort.xml
4 ms. Memory: 485888K Free: 203376K (42%)
----------------- Invoking toplevel() on ptolemy.moml.MoMLSimpleApplication@717d2ced
----------------- Done invoking toplevel() on ptolemy.moml.MoMLSimpleApplication@717d2ced
reloadAllAccessors: .ArraySort

===========================================================================================
----------------- testing Tue Jul 24 01:39:06 UTC 2018 /home/travis/build/icyphy/ptII/ptolemy/actor/lib/test/auto/ArraySum.xml
----------------- Instantiating /home/travis/build/icyphy/ptII/ptolemy/actor/lib/test/auto/ArraySum.xml
2 ms. Memory: 485888K Free: 195584K (40%)
----------------- Invoking toplevel() on ptolemy.moml.MoMLSimpleApplication@64add1f7
----------------- Done invoking toplevel() on ptolemy.moml.MoMLSimpleApplication@64add1f7
reloadAllAccessors: .ArraySum

===========================================================================================
----------------- testing Tue Jul 24 01:39:06 UTC 2018 /home/travis/build/icyphy/ptII/ptolemy/actor/lib/test/auto/ArrayToElements.xml
----------------- Instantiating /home/travis/build/icyphy/ptII/ptolemy/actor/lib/test/auto/ArrayToElements.xml
3 ms. Memory: 485888K Free: 187791K (39%)
----------------- Invoking toplevel() on ptolemy.moml.MoMLSimpleApplication@6058de9b
----------------- Done invoking toplevel() on ptolemy.moml.MoMLSimpleApplication@6058de9b
reloadAllAccessors: .ArrayToElements

===========================================================================================
----------------- testing Tue Jul 24 01:39:06 UTC 2018 /home/travis/build/icyphy/ptII/ptolemy/actor/lib/test/auto/ArrayToMatrix.xml
----------------- Instantiating /home/travis/build/icyphy/ptII/ptolemy/actor/lib/test/auto/ArrayToMatrix.xml
7 ms. Memory: 485888K Free: 163435K (34%)
----------------- Invoking toplevel() on ptolemy.moml.MoMLSimpleApplication@1d203e8d
----------------- Done invoking toplevel() on ptolemy.moml.MoMLSimpleApplication@1d203e8d
reloadAllAccessors: .ArrayToMatrix

===========================================================================================
----------------- testing Tue Jul 24 01:39:06 UTC 2018 /home/travis/build/icyphy/ptII/ptolemy/actor/lib/test/auto/ArrayUpdate1.xml
----------------- Instantiating /home/travis/build/icyphy/ptII/ptolemy/actor/lib/test/auto/ArrayUpdate1.xml
4 ms. Memory: 485888K Free: 155643K (32%)
----------------- Invoking toplevel() on ptolemy.moml.MoMLSimpleApplication@5f899235
----------------- Done invoking toplevel() on ptolemy.moml.MoMLSimpleApplication@5f899235
reloadAllAccessors: .ArrayUpdate1

===========================================================================================
----------------- testing Tue Jul 24 01:39:06 UTC 2018 /home/travis/build/icyphy/ptII/ptolemy/actor/lib/test/auto/ArrayUpdate2.xml
----------------- Instantiating /home/travis/build/icyphy/ptII/ptolemy/actor/lib/test/auto/ArrayUpdate2.xml
5 ms. Memory: 485888K Free: 147834K (30%)
----------------- Invoking toplevel() on ptolemy.moml.MoMLSimpleApplication@74d15ebc
----------------- Done invoking toplevel() on ptolemy.moml.MoMLSimpleApplication@74d15ebc
reloadAllAccessors: .ArrayUpdate2

===========================================================================================
----------------- testing Tue Jul 24 01:39:06 UTC 2018 /home/travis/build/icyphy/ptII/ptolemy/actor/lib/test/auto/ArrayUpdate3.xml
----------------- Instantiating /home/travis/build/icyphy/ptII/ptolemy/actor/lib/test/auto/ArrayUpdate3.xml
3 ms. Memory: 485888K Free: 133917K (28%)
----------------- Invoking toplevel() on ptolemy.moml.MoMLSimpleApplication@2b07d44c
----------------- Done invoking toplevel() on ptolemy.moml.MoMLSimpleApplication@2b07d44c
reloadAllAccessors: .ArrayUpdate3

===========================================================================================
----------------- testing Tue Jul 24 01:39:06 UTC 2018 /home/travis/build/icyphy/ptII/ptolemy/actor/lib/test/auto/Assert1.xml
----------------- Instantiating /home/travis/build/icyphy/ptII/ptolemy/actor/lib/test/auto/Assert1.xml
3 ms. Memory: 485888K Free: 126108K (26%)
----------------- Invoking toplevel() on ptolemy.moml.MoMLSimpleApplication@75473ac6
----------------- Done invoking toplevel() on ptolemy.moml.MoMLSimpleApplication@75473ac6
reloadAllAccessors: .Assert1

===========================================================================================
----------------- testing Tue Jul 24 01:39:06 UTC 2018 /home/travis/build/icyphy/ptII/ptolemy/actor/lib/test/auto/Assert2.xml
----------------- Instantiating /home/travis/build/icyphy/ptII/ptolemy/actor/lib/test/auto/Assert2.xml
2 ms. Memory: 485888K Free: 112191K (23%)
----------------- Invoking toplevel() on ptolemy.moml.MoMLSimpleApplication@507ff746
----------------- Done invoking toplevel() on ptolemy.moml.MoMLSimpleApplication@507ff746
reloadAllAccessors: .Assert2

===========================================================================================
----------------- testing Tue Jul 24 01:39:07 UTC 2018 /home/travis/build/icyphy/ptII/ptolemy/actor/lib/test/auto/BooleanMultiplexor.xml
----------------- Instantiating /home/travis/build/icyphy/ptII/ptolemy/actor/lib/test/auto/BooleanMultiplexor.xml
2 ms. Memory: 485888K Free: 104398K (21%)
----------------- Invoking toplevel() on ptolemy.moml.MoMLSimpleApplication@34c74c3a
----------------- Done invoking toplevel() on ptolemy.moml.MoMLSimpleApplication@34c74c3a
reloadAllAccessors: .BooleanMultiplexor

===========================================================================================
----------------- testing Tue Jul 24 01:39:07 UTC 2018 /home/travis/build/icyphy/ptII/ptolemy/actor/lib/test/auto/BooleanMultiplexor2.xml
----------------- Instantiating /home/travis/build/icyphy/ptII/ptolemy/actor/lib/test/auto/BooleanMultiplexor2.xml
11 ms. Memory: 485888K Free: 96605K (20%)
----------------- Invoking toplevel() on ptolemy.moml.MoMLSimpleApplication@20f1157c
----------------- Done invoking toplevel() on ptolemy.moml.MoMLSimpleApplication@20f1157c
reloadAllAccessors: .BooleanMultiplexor2

===========================================================================================
----------------- testing Tue Jul 24 01:39:07 UTC 2018 /home/travis/build/icyphy/ptII/ptolemy/actor/lib/test/auto/BooleanMultiplexor3.xml
----------------- Instantiating /home/travis/build/icyphy/ptII/ptolemy/actor/lib/test/auto/BooleanMultiplexor3.xml
5 ms. Memory: 485888K Free: 85285K (18%)
----------------- Invoking toplevel() on ptolemy.moml.MoMLSimpleApplication@3008ac96
----------------- Done invoking toplevel() on ptolemy.moml.MoMLSimpleApplication@3008ac96
reloadAllAccessors: .BooleanMultiplexor3

===========================================================================================
----------------- testing Tue Jul 24 01:39:07 UTC 2018 /home/travis/build/icyphy/ptII/ptolemy/actor/lib/test/auto/BooleanSelect.xml
----------------- Instantiating /home/travis/build/icyphy/ptII/ptolemy/actor/lib/test/auto/BooleanSelect.xml
5 ms. Memory: 485888K Free: 77485K (16%)
----------------- Invoking toplevel() on ptolemy.moml.MoMLSimpleApplication@77ca9b62
----------------- Done invoking toplevel() on ptolemy.moml.MoMLSimpleApplication@77ca9b62
reloadAllAccessors: .BooleanSelect

===========================================================================================
----------------- testing Tue Jul 24 01:39:07 UTC 2018 /home/travis/build/icyphy/ptII/ptolemy/actor/lib/test/auto/BooleanSelect2.xml
----------------- Instantiating /home/travis/build/icyphy/ptII/ptolemy/actor/lib/test/auto/BooleanSelect2.xml
1 ms. Memory: 485888K Free: 69676K (14%)
----------------- Invoking toplevel() on ptolemy.moml.MoMLSimpleApplication@1ad62a7f
----------------- Done invoking toplevel() on ptolemy.moml.MoMLSimpleApplication@1ad62a7f
reloadAllAccessors: .BooleanSelect2

===========================================================================================
----------------- testing Tue Jul 24 01:39:07 UTC 2018 /home/travis/build/icyphy/ptII/ptolemy/actor/lib/test/auto/BooleanSwitch.xml
----------------- Instantiating /home/travis/build/icyphy/ptII/ptolemy/actor/lib/test/auto/BooleanSwitch.xml
7 ms. Memory: 485888K Free: 55743K (11%)
----------------- Invoking toplevel() on ptolemy.moml.MoMLSimpleApplication@7eac07b2
----------------- Done invoking toplevel() on ptolemy.moml.MoMLSimpleApplication@7eac07b2
reloadAllAccessors: .BooleanSwitch

===========================================================================================
----------------- testing Tue Jul 24 01:39:07 UTC 2018 /home/travis/build/icyphy/ptII/ptolemy/actor/lib/test/auto/BooleanSwitch2.xml
----------------- Instantiating /home/travis/build/icyphy/ptII/ptolemy/actor/lib/test/auto/BooleanSwitch2.xml
1 ms. Memory: 721920K Free: 673592K (93%)
----------------- Invoking toplevel() on ptolemy.moml.MoMLSimpleApplication@542866e
----------------- Done invoking toplevel() on ptolemy.moml.MoMLSimpleApplication@542866e
reloadAllAccessors: .BooleanSwitch2

===========================================================================================
----------------- testing Tue Jul 24 01:39:07 UTC 2018 /home/travis/build/icyphy/ptII/ptolemy/actor/lib/test/auto/BooleanSwitchCloningBugWithClassRelationGroup.xml
----------------- Instantiating /home/travis/build/icyphy/ptII/ptolemy/actor/lib/test/auto/BooleanSwitchCloningBugWithClassRelationGroup.xml
2 ms. Memory: 721920K Free: 653860K (91%)
----------------- Invoking toplevel() on ptolemy.moml.MoMLSimpleApplication@32e85969
----------------- Done invoking toplevel() on ptolemy.moml.MoMLSimpleApplication@32e85969
reloadAllAccessors: .BooleanSwitchCloningBugWithClassRelationGroup

===========================================================================================
----------------- testing Tue Jul 24 01:39:07 UTC 2018 /home/travis/build/icyphy/ptII/ptolemy/actor/lib/test/auto/BusActors.xml
----------------- Instantiating /home/travis/build/icyphy/ptII/ptolemy/actor/lib/test/auto/BusActors.xml
3 ms. Memory: 721920K Free: 641387K (89%)
----------------- Invoking toplevel() on ptolemy.moml.MoMLSimpleApplication@2113f118
----------------- Done invoking toplevel() on ptolemy.moml.MoMLSimpleApplication@2113f118
reloadAllAccessors: .BusActors

===========================================================================================
----------------- testing Tue Jul 24 01:39:07 UTC 2018 /home/travis/build/icyphy/ptII/ptolemy/actor/lib/test/auto/ClassWrapper.xml
----------------- Instantiating /home/travis/build/icyphy/ptII/ptolemy/actor/lib/test/auto/ClassWrapper.xml
2 ms. Memory: 721920K Free: 633072K (88%)
----------------- Invoking toplevel() on ptolemy.moml.MoMLSimpleApplication@6a036ade
----------------- Done invoking toplevel() on ptolemy.moml.MoMLSimpleApplication@6a036ade
reloadAllAccessors: .ClassWrapper

===========================================================================================
----------------- testing Tue Jul 24 01:39:07 UTC 2018 /home/travis/build/icyphy/ptII/ptolemy/actor/lib/test/auto/Clock.xml
----------------- Instantiating /home/travis/build/icyphy/ptII/ptolemy/actor/lib/test/auto/Clock.xml
4 ms. Memory: 721920K Free: 617458K (86%)
----------------- Invoking toplevel() on ptolemy.moml.MoMLSimpleApplication@3c5bc562
----------------- Done invoking toplevel() on ptolemy.moml.MoMLSimpleApplication@3c5bc562
reloadAllAccessors: .Clock

===========================================================================================
----------------- testing Tue Jul 24 01:39:07 UTC 2018 /home/travis/build/icyphy/ptII/ptolemy/actor/lib/test/auto/Clock10.xml
----------------- Instantiating /home/travis/build/icyphy/ptII/ptolemy/actor/lib/test/auto/Clock10.xml
4 ms. Memory: 721920K Free: 609144K (84%)
----------------- Invoking toplevel() on ptolemy.moml.MoMLSimpleApplication@76a5b3ad
----------------- Done invoking toplevel() on ptolemy.moml.MoMLSimpleApplication@76a5b3ad
reloadAllAccessors: .Clock10

===========================================================================================
----------------- testing Tue Jul 24 01:39:07 UTC 2018 /home/travis/build/icyphy/ptII/ptolemy/actor/lib/test/auto/Clock11.xml
----------------- Instantiating /home/travis/build/icyphy/ptII/ptolemy/actor/lib/test/auto/Clock11.xml
5 ms. Memory: 721920K Free: 600829K (83%)
----------------- Invoking toplevel() on ptolemy.moml.MoMLSimpleApplication@a1d4081
----------------- Done invoking toplevel() on ptolemy.moml.MoMLSimpleApplication@a1d4081
reloadAllAccessors: .Clock11

===========================================================================================
----------------- testing Tue Jul 24 01:39:07 UTC 2018 /home/travis/build/icyphy/ptII/ptolemy/actor/lib/test/auto/Clock12.xml
----------------- Instantiating /home/travis/build/icyphy/ptII/ptolemy/actor/lib/test/auto/Clock12.xml
7 ms. Memory: 721920K Free: 585270K (81%)
----------------- Invoking toplevel() on ptolemy.moml.MoMLSimpleApplication@797d7926
----------------- Done invoking toplevel() on ptolemy.moml.MoMLSimpleApplication@797d7926
reloadAllAccessors: .Clock12

===========================================================================================
----------------- testing Tue Jul 24 01:39:07 UTC 2018 /home/travis/build/icyphy/ptII/ptolemy/actor/lib/test/auto/Clock13.xml
----------------- Instantiating /home/travis/build/icyphy/ptII/ptolemy/actor/lib/test/auto/Clock13.xml
2 ms. Memory: 721920K Free: 576955K (80%)
----------------- Invoking toplevel() on ptolemy.moml.MoMLSimpleApplication@42ee685b
----------------- Done invoking toplevel() on ptolemy.moml.MoMLSimpleApplication@42ee685b
reloadAllAccessors: .Clock13

===========================================================================================
----------------- testing Tue Jul 24 01:39:07 UTC 2018 /home/travis/build/icyphy/ptII/ptolemy/actor/lib/test/auto/Clock14.xml
----------------- Instantiating /home/travis/build/icyphy/ptII/ptolemy/actor/lib/test/auto/Clock14.xml
3 ms. Memory: 721920K Free: 568640K (79%)
----------------- Invoking toplevel() on ptolemy.moml.MoMLSimpleApplication@678ed2f3
----------------- Done invoking toplevel() on ptolemy.moml.MoMLSimpleApplication@678ed2f3
reloadAllAccessors: .Clock14

===========================================================================================
----------------- testing Tue Jul 24 01:39:07 UTC 2018 /home/travis/build/icyphy/ptII/ptolemy/actor/lib/test/auto/Clock15.xml
----------------- Instantiating /home/travis/build/icyphy/ptII/ptolemy/actor/lib/test/auto/Clock15.xml
6 ms. Memory: 721920K Free: 553081K (77%)
----------------- Invoking toplevel() on ptolemy.moml.MoMLSimpleApplication@7ea4a66c
----------------- Done invoking toplevel() on ptolemy.moml.MoMLSimpleApplication@7ea4a66c
reloadAllAccessors: .Clock15

===========================================================================================
----------------- testing Tue Jul 24 01:39:07 UTC 2018 /home/travis/build/icyphy/ptII/ptolemy/actor/lib/test/auto/Clock16.xml
----------------- Instantiating /home/travis/build/icyphy/ptII/ptolemy/actor/lib/test/auto/Clock16.xml
17 ms. Memory: 721920K Free: 536435K (74%)
----------------- Invoking toplevel() on ptolemy.moml.MoMLSimpleApplication@5d745bc
----------------- Done invoking toplevel() on ptolemy.moml.MoMLSimpleApplication@5d745bc
reloadAllAccessors: .Clock16

===========================================================================================
----------------- testing Tue Jul 24 01:39:07 UTC 2018 /home/travis/build/icyphy/ptII/ptolemy/actor/lib/test/auto/Clock17.xml
----------------- Instantiating /home/travis/build/icyphy/ptII/ptolemy/actor/lib/test/auto/Clock17.xml
29 ms. Memory: 721920K Free: 519789K (72%)
----------------- Invoking toplevel() on ptolemy.moml.MoMLSimpleApplication@c620779
----------------- Done invoking toplevel() on ptolemy.moml.MoMLSimpleApplication@c620779
reloadAllAccessors: .Clock17

===========================================================================================
----------------- testing Tue Jul 24 01:39:07 UTC 2018 /home/travis/build/icyphy/ptII/ptolemy/actor/lib/test/auto/Clock18.xml
----------------- Instantiating /home/travis/build/icyphy/ptII/ptolemy/actor/lib/test/auto/Clock18.xml
26 ms. Memory: 721920K Free: 495899K (69%)
----------------- Invoking toplevel() on ptolemy.moml.MoMLSimpleApplication@2c52d4d4
----------------- Done invoking toplevel() on ptolemy.moml.MoMLSimpleApplication@2c52d4d4
reloadAllAccessors: .Clock18

===========================================================================================
----------------- testing Tue Jul 24 01:39:07 UTC 2018 /home/travis/build/icyphy/ptII/ptolemy/actor/lib/test/auto/Clock19.xml
----------------- Instantiating /home/travis/build/icyphy/ptII/ptolemy/actor/lib/test/auto/Clock19.xml
15 ms. Memory: 721920K Free: 479253K (66%)
----------------- Invoking toplevel() on ptolemy.moml.MoMLSimpleApplication@453c0a1f
----------------- Done invoking toplevel() on ptolemy.moml.MoMLSimpleApplication@453c0a1f
reloadAllAccessors: .Clock19

===========================================================================================
----------------- testing Tue Jul 24 01:39:07 UTC 2018 /home/travis/build/icyphy/ptII/ptolemy/actor/lib/test/auto/Clock2.xml
----------------- Instantiating /home/travis/build/icyphy/ptII/ptolemy/actor/lib/test/auto/Clock2.xml
8 ms. Memory: 721920K Free: 470938K (65%)
----------------- Invoking toplevel() on ptolemy.moml.MoMLSimpleApplication@3e010c44
----------------- Done invoking toplevel() on ptolemy.moml.MoMLSimpleApplication@3e010c44
reloadAllAccessors: .Clock2

===========================================================================================
----------------- testing Tue Jul 24 01:39:07 UTC 2018 /home/travis/build/icyphy/ptII/ptolemy/actor/lib/test/auto/Clock20.xml
----------------- Instantiating /home/travis/build/icyphy/ptII/ptolemy/actor/lib/test/auto/Clock20.xml
5 ms. Memory: 721920K Free: 462623K (64%)
----------------- Invoking toplevel() on ptolemy.moml.MoMLSimpleApplication@623119ab
----------------- Done invoking toplevel() on ptolemy.moml.MoMLSimpleApplication@623119ab
reloadAllAccessors: .Clock20

===========================================================================================
----------------- testing Tue Jul 24 01:39:07 UTC 2018 /home/travis/build/icyphy/ptII/ptolemy/actor/lib/test/auto/Clock21.xml
----------------- Instantiating /home/travis/build/icyphy/ptII/ptolemy/actor/lib/test/auto/Clock21.xml
8 ms. Memory: 721920K Free: 447064K (62%)
----------------- Invoking toplevel() on ptolemy.moml.MoMLSimpleApplication@402d7fda
----------------- Done invoking toplevel() on ptolemy.moml.MoMLSimpleApplication@402d7fda
reloadAllAccessors: .Clock21

===========================================================================================
----------------- testing Tue Jul 24 01:39:07 UTC 2018 /home/travis/build/icyphy/ptII/ptolemy/actor/lib/test/auto/Clock22.xml
----------------- Instantiating /home/travis/build/icyphy/ptII/ptolemy/actor/lib/test/auto/Clock22.xml
6 ms. Memory: 721920K Free: 438749K (61%)
----------------- Invoking toplevel() on ptolemy.moml.MoMLSimpleApplication@44181b5c
----------------- Done invoking toplevel() on ptolemy.moml.MoMLSimpleApplication@44181b5c
reloadAllAccessors: .Clock22

===========================================================================================
----------------- testing Tue Jul 24 01:39:07 UTC 2018 /home/travis/build/icyphy/ptII/ptolemy/actor/lib/test/auto/Clock23.xml
----------------- Instantiating /home/travis/build/icyphy/ptII/ptolemy/actor/lib/test/auto/Clock23.xml
7 ms. Memory: 721920K Free: 430434K (60%)
----------------- Invoking toplevel() on ptolemy.moml.MoMLSimpleApplication@14e8832a
----------------- Done invoking toplevel() on ptolemy.moml.MoMLSimpleApplication@14e8832a
reloadAllAccessors: .Clock23

===========================================================================================
----------------- testing Tue Jul 24 01:39:08 UTC 2018 /home/travis/build/icyphy/ptII/ptolemy/actor/lib/test/auto/Clock24.xml
----------------- Instantiating /home/travis/build/icyphy/ptII/ptolemy/actor/lib/test/auto/Clock24.xml
7 ms. Memory: 721920K Free: 414875K (57%)
----------------- Invoking toplevel() on ptolemy.moml.MoMLSimpleApplication@458929e3
----------------- Done invoking toplevel() on ptolemy.moml.MoMLSimpleApplication@458929e3
reloadAllAccessors: .Clock24

===========================================================================================
----------------- testing Tue Jul 24 01:39:08 UTC 2018 /home/travis/build/icyphy/ptII/ptolemy/actor/lib/test/auto/Clock4.xml
----------------- Instantiating /home/travis/build/icyphy/ptII/ptolemy/actor/lib/test/auto/Clock4.xml
6 ms. Memory: 721920K Free: 406560K (56%)
----------------- Invoking toplevel() on ptolemy.moml.MoMLSimpleApplication@73c190e
----------------- Done invoking toplevel() on ptolemy.moml.MoMLSimpleApplication@73c190e
reloadAllAccessors: .Clock4

===========================================================================================
----------------- testing Tue Jul 24 01:39:08 UTC 2018 /home/travis/build/icyphy/ptII/ptolemy/actor/lib/test/auto/Clock5.xml
----------------- Instantiating /home/travis/build/icyphy/ptII/ptolemy/actor/lib/test/auto/Clock5.xml
4 ms. Memory: 721920K Free: 398245K (55%)
----------------- Invoking toplevel() on ptolemy.moml.MoMLSimpleApplication@3fe789c1
----------------- Done invoking toplevel() on ptolemy.moml.MoMLSimpleApplication@3fe789c1
reloadAllAccessors: .Clock5

===========================================================================================
----------------- testing Tue Jul 24 01:39:08 UTC 2018 /home/travis/build/icyphy/ptII/ptolemy/actor/lib/test/auto/Clock6.xml
----------------- Instantiating /home/travis/build/icyphy/ptII/ptolemy/actor/lib/test/auto/Clock6.xml
1 ms. Memory: 721920K Free: 382686K (53%)
----------------- Invoking toplevel() on ptolemy.moml.MoMLSimpleApplication@e5e512b
----------------- Done invoking toplevel() on ptolemy.moml.MoMLSimpleApplication@e5e512b
reloadAllAccessors: .Clock6

===========================================================================================
----------------- testing Tue Jul 24 01:39:08 UTC 2018 /home/travis/build/icyphy/ptII/ptolemy/actor/lib/test/auto/Clock7.xml
----------------- Instantiating /home/travis/build/icyphy/ptII/ptolemy/actor/lib/test/auto/Clock7.xml
1 ms. Memory: 721920K Free: 374371K (52%)
----------------- Invoking toplevel() on ptolemy.moml.MoMLSimpleApplication@551b5ea8
----------------- Done invoking toplevel() on ptolemy.moml.MoMLSimpleApplication@551b5ea8
reloadAllAccessors: .Clock7

===========================================================================================
----------------- testing Tue Jul 24 01:39:08 UTC 2018 /home/travis/build/icyphy/ptII/ptolemy/actor/lib/test/auto/Clock8.xml
----------------- Instantiating /home/travis/build/icyphy/ptII/ptolemy/actor/lib/test/auto/Clock8.xml
4 ms. Memory: 721920K Free: 366056K (51%)
----------------- Invoking toplevel() on ptolemy.moml.MoMLSimpleApplication@785abb4e
----------------- Done invoking toplevel() on ptolemy.moml.MoMLSimpleApplication@785abb4e
reloadAllAccessors: .Clock8

===========================================================================================
----------------- testing Tue Jul 24 01:39:08 UTC 2018 /home/travis/build/icyphy/ptII/ptolemy/actor/lib/test/auto/Clock9.xml
----------------- Instantiating /home/travis/build/icyphy/ptII/ptolemy/actor/lib/test/auto/Clock9.xml
2 ms. Memory: 721920K Free: 350497K (49%)
----------------- Invoking toplevel() on ptolemy.moml.MoMLSimpleApplication@ded73de
----------------- Done invoking toplevel() on ptolemy.moml.MoMLSimpleApplication@ded73de
reloadAllAccessors: .Clock9

===========================================================================================
----------------- testing Tue Jul 24 01:39:08 UTC 2018 /home/travis/build/icyphy/ptII/ptolemy/actor/lib/test/auto/CommDistDiscard.xml
----------------- Instantiating /home/travis/build/icyphy/ptII/ptolemy/actor/lib/test/auto/CommDistDiscard.xml
8 ms. Memory: 721920K Free: 342182K (47%)
----------------- Invoking toplevel() on ptolemy.moml.MoMLSimpleApplication@4d87eedb
----------------- Done invoking toplevel() on ptolemy.moml.MoMLSimpleApplication@4d87eedb
reloadAllAccessors: .CommDistDiscard

===========================================================================================
----------------- testing Tue Jul 24 01:39:08 UTC 2018 /home/travis/build/icyphy/ptII/ptolemy/actor/lib/test/auto/Commutator.xml
----------------- Instantiating /home/travis/build/icyphy/ptII/ptolemy/actor/lib/test/auto/Commutator.xml
2 ms. Memory: 721920K Free: 333867K (46%)
----------------- Invoking toplevel() on ptolemy.moml.MoMLSimpleApplication@3f3976c1
----------------- Done invoking toplevel() on ptolemy.moml.MoMLSimpleApplication@3f3976c1
reloadAllAccessors: .Commutator

===========================================================================================
----------------- testing Tue Jul 24 01:39:08 UTC 2018 /home/travis/build/icyphy/ptII/ptolemy/actor/lib/test/auto/Commutator2.xml
----------------- Instantiating /home/travis/build/icyphy/ptII/ptolemy/actor/lib/test/auto/Commutator2.xml
1 ms. Memory: 721920K Free: 325552K (45%)
----------------- Invoking toplevel() on ptolemy.moml.MoMLSimpleApplication@406aa76e
----------------- Done invoking toplevel() on ptolemy.moml.MoMLSimpleApplication@406aa76e
reloadAllAccessors: .Commutator2

===========================================================================================
----------------- testing Tue Jul 24 01:39:08 UTC 2018 /home/travis/build/icyphy/ptII/ptolemy/actor/lib/test/auto/Commutator3.xml
----------------- Instantiating /home/travis/build/icyphy/ptII/ptolemy/actor/lib/test/auto/Commutator3.xml
1 ms. Memory: 721920K Free: 309993K (43%)
----------------- Invoking toplevel() on ptolemy.moml.MoMLSimpleApplication@17f12d39
----------------- Done invoking toplevel() on ptolemy.moml.MoMLSimpleApplication@17f12d39
reloadAllAccessors: .Commutator3

===========================================================================================
----------------- testing Tue Jul 24 01:39:08 UTC 2018 /home/travis/build/icyphy/ptII/ptolemy/actor/lib/test/auto/Compare.xml
----------------- Instantiating /home/travis/build/icyphy/ptII/ptolemy/actor/lib/test/auto/Compare.xml
2 ms. Memory: 721920K Free: 297505K (41%)
----------------- Invoking toplevel() on ptolemy.moml.MoMLSimpleApplication@20a2f39e
----------------- Done invoking toplevel() on ptolemy.moml.MoMLSimpleApplication@20a2f39e
reloadAllAccessors: .Compare

===========================================================================================
----------------- testing Tue Jul 24 01:39:08 UTC 2018 /home/travis/build/icyphy/ptII/ptolemy/actor/lib/test/auto/CompareDE.xml
----------------- Instantiating /home/travis/build/icyphy/ptII/ptolemy/actor/lib/test/auto/CompareDE.xml
3 ms. Memory: 721920K Free: 285017K (39%)
----------------- Invoking toplevel() on ptolemy.moml.MoMLSimpleApplication@47853b7a
----------------- Done invoking toplevel() on ptolemy.moml.MoMLSimpleApplication@47853b7a
reloadAllAccessors: .CompareDE

===========================================================================================
----------------- testing Tue Jul 24 01:39:08 UTC 2018 /home/travis/build/icyphy/ptII/ptolemy/actor/lib/test/auto/ComplexDivide.xml
----------------- Instantiating /home/travis/build/icyphy/ptII/ptolemy/actor/lib/test/auto/ComplexDivide.xml
1 ms. Memory: 721920K Free: 269458K (37%)
----------------- Invoking toplevel() on ptolemy.moml.MoMLSimpleApplication@2bdc5038
----------------- Done invoking toplevel() on ptolemy.moml.MoMLSimpleApplication@2bdc5038
reloadAllAccessors: .ComplexDivide

===========================================================================================
----------------- testing Tue Jul 24 01:39:08 UTC 2018 /home/travis/build/icyphy/ptII/ptolemy/actor/lib/test/auto/ComputeHistogram.xml
----------------- Instantiating /home/travis/build/icyphy/ptII/ptolemy/actor/lib/test/auto/ComputeHistogram.xml
25 ms. Memory: 721920K Free: 252796K (35%)
----------------- Invoking toplevel() on ptolemy.moml.MoMLSimpleApplication@2d197a89
----------------- Done invoking toplevel() on ptolemy.moml.MoMLSimpleApplication@2d197a89
reloadAllAccessors: .ComputeHistogram

===========================================================================================
----------------- testing Tue Jul 24 01:39:08 UTC 2018 /home/travis/build/icyphy/ptII/ptolemy/actor/lib/test/auto/ConfigurationSelect.xml
----------------- Instantiating /home/travis/build/icyphy/ptII/ptolemy/actor/lib/test/auto/ConfigurationSelect.xml
3 ms. Memory: 721920K Free: 244481K (34%)
----------------- Invoking toplevel() on ptolemy.moml.MoMLSimpleApplication@61d36120
----------------- Done invoking toplevel() on ptolemy.moml.MoMLSimpleApplication@61d36120
reloadAllAccessors: .ConfigurationSelect

===========================================================================================
----------------- testing Tue Jul 24 01:39:08 UTC 2018 /home/travis/build/icyphy/ptII/ptolemy/actor/lib/test/auto/ConfigurationSelect2.xml
----------------- Instantiating /home/travis/build/icyphy/ptII/ptolemy/actor/lib/test/auto/ConfigurationSelect2.xml
2 ms. Memory: 721920K Free: 228922K (32%)
----------------- Invoking toplevel() on ptolemy.moml.MoMLSimpleApplication@9def268
----------------- Done invoking toplevel() on ptolemy.moml.MoMLSimpleApplication@9def268
reloadAllAccessors: .ConfigurationSelect2

===========================================================================================
----------------- testing Tue Jul 24 01:39:08 UTC 2018 /home/travis/build/icyphy/ptII/ptolemy/actor/lib/test/auto/ConfigurationSwitch.xml
----------------- Instantiating /home/travis/build/icyphy/ptII/ptolemy/actor/lib/test/auto/ConfigurationSwitch.xml
2 ms. Memory: 721920K Free: 220607K (31%)
----------------- Invoking toplevel() on ptolemy.moml.MoMLSimpleApplication@3fde25df
----------------- Done invoking toplevel() on ptolemy.moml.MoMLSimpleApplication@3fde25df
reloadAllAccessors: .ConfigurationSwitch

===========================================================================================
----------------- testing Tue Jul 24 01:39:08 UTC 2018 /home/travis/build/icyphy/ptII/ptolemy/actor/lib/test/auto/ConfigurationSwitch2.xml
----------------- Instantiating /home/travis/build/icyphy/ptII/ptolemy/actor/lib/test/auto/ConfigurationSwitch2.xml
2 ms. Memory: 721920K Free: 212292K (29%)
----------------- Invoking toplevel() on ptolemy.moml.MoMLSimpleApplication@2f9d7fd0
----------------- Done invoking toplevel() on ptolemy.moml.MoMLSimpleApplication@2f9d7fd0
reloadAllAccessors: .ConfigurationSwitch2

===========================================================================================
----------------- testing Tue Jul 24 01:39:08 UTC 2018 /home/travis/build/icyphy/ptII/ptolemy/actor/lib/test/auto/ConfigurationSwitchCloningBugWithClassRelationGroup.xml
----------------- Instantiating /home/travis/build/icyphy/ptII/ptolemy/actor/lib/test/auto/ConfigurationSwitchCloningBugWithClassRelationGroup.xml
2 ms. Memory: 721920K Free: 192575K (27%)
----------------- Invoking toplevel() on ptolemy.moml.MoMLSimpleApplication@376f76dc
----------------- Done invoking toplevel() on ptolemy.moml.MoMLSimpleApplication@376f76dc
reloadAllAccessors: .ConfigurationSwitchCloningBugWithClassRelationGroup

===========================================================================================
----------------- testing Tue Jul 24 01:39:08 UTC 2018 /home/travis/build/icyphy/ptII/ptolemy/actor/lib/test/auto/ConfigurationSwitchSelectSDF.xml
----------------- Instantiating /home/travis/build/icyphy/ptII/ptolemy/actor/lib/test/auto/ConfigurationSwitchSelectSDF.xml
3 ms. Memory: 721920K Free: 184260K (26%)
----------------- Invoking toplevel() on ptolemy.moml.MoMLSimpleApplication@4df6fdcc
----------------- Done invoking toplevel() on ptolemy.moml.MoMLSimpleApplication@4df6fdcc
reloadAllAccessors: .ConfigurationSwitchSelectSDF

===========================================================================================
----------------- testing Tue Jul 24 01:39:08 UTC 2018 /home/travis/build/icyphy/ptII/ptolemy/actor/lib/test/auto/ConfigurationSwitchSelectSDF2.xml
----------------- Instantiating /home/travis/build/icyphy/ptII/ptolemy/actor/lib/test/auto/ConfigurationSwitchSelectSDF2.xml
7 ms. Memory: 721920K Free: 175945K (24%)
----------------- Invoking toplevel() on ptolemy.moml.MoMLSimpleApplication@22ff777d
----------------- Done invoking toplevel() on ptolemy.moml.MoMLSimpleApplication@22ff777d
reloadAllAccessors: .ConfigurationSwitchSelectSDF2

===========================================================================================
----------------- testing Tue Jul 24 01:39:08 UTC 2018 /home/travis/build/icyphy/ptII/ptolemy/actor/lib/test/auto/Const.xml
----------------- Instantiating /home/travis/build/icyphy/ptII/ptolemy/actor/lib/test/auto/Const.xml
2 ms. Memory: 721920K Free: 160386K (22%)
----------------- Invoking toplevel() on ptolemy.moml.MoMLSimpleApplication@70584f28
----------------- Done invoking toplevel() on ptolemy.moml.MoMLSimpleApplication@70584f28
reloadAllAccessors: .Const

===========================================================================================
----------------- testing Tue Jul 24 01:39:08 UTC 2018 /home/travis/build/icyphy/ptII/ptolemy/actor/lib/test/auto/Const2.xml
----------------- Instantiating /home/travis/build/icyphy/ptII/ptolemy/actor/lib/test/auto/Const2.xml
2 ms. Memory: 721920K Free: 152071K (21%)
----------------- Invoking toplevel() on ptolemy.moml.MoMLSimpleApplication@3f5101cc
----------------- Done invoking toplevel() on ptolemy.moml.MoMLSimpleApplication@3f5101cc
reloadAllAccessors: .Const2

===========================================================================================
----------------- testing Tue Jul 24 01:39:08 UTC 2018 /home/travis/build/icyphy/ptII/ptolemy/actor/lib/test/auto/Const3.xml
----------------- Instantiating /home/travis/build/icyphy/ptII/ptolemy/actor/lib/test/auto/Const3.xml
2 ms. Memory: 721920K Free: 143756K (20%)
----------------- Invoking toplevel() on ptolemy.moml.MoMLSimpleApplication@382c75d6
----------------- Done invoking toplevel() on ptolemy.moml.MoMLSimpleApplication@382c75d6
reloadAllAccessors: .Const3

===========================================================================================
----------------- testing Tue Jul 24 01:39:08 UTC 2018 /home/travis/build/icyphy/ptII/ptolemy/actor/lib/test/auto/ConstantPublisherPort1.xml
----------------- Instantiating /home/travis/build/icyphy/ptII/ptolemy/actor/lib/test/auto/ConstantPublisherPort1.xml
6 ms. Memory: 721920K Free: 124040K (17%)
----------------- Invoking toplevel() on ptolemy.moml.MoMLSimpleApplication@4aa4dd3e
----------------- Done invoking toplevel() on ptolemy.moml.MoMLSimpleApplication@4aa4dd3e
reloadAllAccessors: .ConstantPublisherPort1

===========================================================================================
----------------- testing Tue Jul 24 01:39:08 UTC 2018 /home/travis/build/icyphy/ptII/ptolemy/actor/lib/test/auto/ConstantPublisherPort2.xml
----------------- Instantiating /home/travis/build/icyphy/ptII/ptolemy/actor/lib/test/auto/ConstantPublisherPort2.xml
4 ms. Memory: 721920K Free: 111551K (15%)
----------------- Invoking toplevel() on ptolemy.moml.MoMLSimpleApplication@51f262bb
----------------- Done invoking toplevel() on ptolemy.moml.MoMLSimpleApplication@51f262bb
reloadAllAccessors: .ConstantPublisherPort2

===========================================================================================
----------------- testing Tue Jul 24 01:39:08 UTC 2018 /home/travis/build/icyphy/ptII/ptolemy/actor/lib/test/auto/ConstantPublisherPort3.xml
----------------- Instantiating /home/travis/build/icyphy/ptII/ptolemy/actor/lib/test/auto/ConstantPublisherPort3.xml
4 ms. Memory: 721920K Free: 99063K (14%)
----------------- Invoking toplevel() on ptolemy.moml.MoMLSimpleApplication@34187ef5
----------------- Done invoking toplevel() on ptolemy.moml.MoMLSimpleApplication@34187ef5
reloadAllAccessors: .ConstantPublisherPort3

===========================================================================================
----------------- testing Tue Jul 24 01:39:08 UTC 2018 /home/travis/build/icyphy/ptII/ptolemy/actor/lib/test/auto/ConstantPublisherPort4.xml
----------------- Instantiating /home/travis/build/icyphy/ptII/ptolemy/actor/lib/test/auto/ConstantPublisherPort4.xml
3 ms. Memory: 721920K Free: 86591K (12%)
----------------- Invoking toplevel() on ptolemy.moml.MoMLSimpleApplication@1c02053
----------------- Done invoking toplevel() on ptolemy.moml.MoMLSimpleApplication@1c02053
reloadAllAccessors: .ConstantPublisherPort4

===========================================================================================
----------------- testing Tue Jul 24 01:39:08 UTC 2018 /home/travis/build/icyphy/ptII/ptolemy/actor/lib/test/auto/ConstantPublisherPort5.xml
----------------- Instantiating /home/travis/build/icyphy/ptII/ptolemy/actor/lib/test/auto/ConstantPublisherPort5.xml
19 ms. Memory: 721920K Free: 58559K (8%)
----------------- Invoking toplevel() on ptolemy.moml.MoMLSimpleApplication@119d7e3
----------------- Done invoking toplevel() on ptolemy.moml.MoMLSimpleApplication@119d7e3
reloadAllAccessors: .ConstantPublisherPort5

===========================================================================================
----------------- testing Tue Jul 24 01:39:08 UTC 2018 /home/travis/build/icyphy/ptII/ptolemy/actor/lib/test/auto/ConstantPublisherPort6.xml
----------------- Instantiating /home/travis/build/icyphy/ptII/ptolemy/actor/lib/test/auto/ConstantPublisherPort6.xml
12 ms. Memory: 721920K Free: 658743K (91%)
----------------- Invoking toplevel() on ptolemy.moml.MoMLSimpleApplication@7720b090
----------------- Done invoking toplevel() on ptolemy.moml.MoMLSimpleApplication@7720b090
reloadAllAccessors: .ConstantPublisherPort6

===========================================================================================
----------------- testing Tue Jul 24 01:39:08 UTC 2018 /home/travis/build/icyphy/ptII/ptolemy/actor/lib/test/auto/ConstantPublisherPort7.xml
----------------- Instantiating /home/travis/build/icyphy/ptII/ptolemy/actor/lib/test/auto/ConstantPublisherPort7.xml
15 ms. Memory: 721920K Free: 628252K (87%)
----------------- Invoking toplevel() on ptolemy.moml.MoMLSimpleApplication@49c5f05d
----------------- Done invoking toplevel() on ptolemy.moml.MoMLSimpleApplication@49c5f05d
reloadAllAccessors: .ConstantPublisherPort7

===========================================================================================
----------------- testing Tue Jul 24 01:39:08 UTC 2018 /home/travis/build/icyphy/ptII/ptolemy/actor/lib/test/auto/ConstraintMonitor1.xml
----------------- Instantiating /home/travis/build/icyphy/ptII/ptolemy/actor/lib/test/auto/ConstraintMonitor1.xml
9 ms. Memory: 721920K Free: 619937K (86%)
----------------- Invoking toplevel() on ptolemy.moml.MoMLSimpleApplication@2fb1fc22
----------------- Done invoking toplevel() on ptolemy.moml.MoMLSimpleApplication@2fb1fc22
reloadAllAccessors: .ConstraintMonitor1

===========================================================================================
----------------- testing Tue Jul 24 01:39:08 UTC 2018 /home/travis/build/icyphy/ptII/ptolemy/actor/lib/test/auto/ConstraintMonitor2.xml
----------------- Instantiating /home/travis/build/icyphy/ptII/ptolemy/actor/lib/test/auto/ConstraintMonitor2.xml
6 ms. Memory: 721920K Free: 606126K (84%)
----------------- Invoking toplevel() on ptolemy.moml.MoMLSimpleApplication@5581238
----------------- Done invoking toplevel() on ptolemy.moml.MoMLSimpleApplication@5581238
reloadAllAccessors: .ConstraintMonitor2

===========================================================================================
----------------- testing Tue Jul 24 01:39:08 UTC 2018 /home/travis/build/icyphy/ptII/ptolemy/actor/lib/test/auto/ConstraintMonitor3.xml
----------------- Instantiating /home/travis/build/icyphy/ptII/ptolemy/actor/lib/test/auto/ConstraintMonitor3.xml
5 ms. Memory: 721920K Free: 597811K (83%)
----------------- Invoking toplevel() on ptolemy.moml.MoMLSimpleApplication@4a9ee942
----------------- Done invoking toplevel() on ptolemy.moml.MoMLSimpleApplication@4a9ee942
reloadAllAccessors: .ConstraintMonitor3

===========================================================================================
----------------- testing Tue Jul 24 01:39:08 UTC 2018 /home/travis/build/icyphy/ptII/ptolemy/actor/lib/test/auto/ConstraintMonitor4.xml
----------------- Instantiating /home/travis/build/icyphy/ptII/ptolemy/actor/lib/test/auto/ConstraintMonitor4.xml
1 ms. Memory: 721920K Free: 584001K (81%)
----------------- Invoking toplevel() on ptolemy.moml.MoMLSimpleApplication@20787183
----------------- Done invoking toplevel() on ptolemy.moml.MoMLSimpleApplication@20787183
reloadAllAccessors: .ConstraintMonitor4

===========================================================================================
----------------- testing Tue Jul 24 01:39:08 UTC 2018 /home/travis/build/icyphy/ptII/ptolemy/actor/lib/test/auto/ConstraintMonitor5.xml
----------------- Instantiating /home/travis/build/icyphy/ptII/ptolemy/actor/lib/test/auto/ConstraintMonitor5.xml
2 ms. Memory: 721920K Free: 575686K (80%)
----------------- Invoking toplevel() on ptolemy.moml.MoMLSimpleApplication@265cddfb
----------------- Done invoking toplevel() on ptolemy.moml.MoMLSimpleApplication@265cddfb
reloadAllAccessors: .ConstraintMonitor5

===========================================================================================
----------------- testing Tue Jul 24 01:39:08 UTC 2018 /home/travis/build/icyphy/ptII/ptolemy/actor/lib/test/auto/ConstraintMonitor6.xml
----------------- Instantiating /home/travis/build/icyphy/ptII/ptolemy/actor/lib/test/auto/ConstraintMonitor6.xml
6 ms. Memory: 721920K Free: 567371K (79%)
----------------- Invoking toplevel() on ptolemy.moml.MoMLSimpleApplication@c5e6355
----------------- Done invoking toplevel() on ptolemy.moml.MoMLSimpleApplication@c5e6355
reloadAllAccessors: .ConstraintMonitor6

===========================================================================================
----------------- testing Tue Jul 24 01:39:08 UTC 2018 /home/travis/build/icyphy/ptII/ptolemy/actor/lib/test/auto/ConstraintMonitor7.xml
----------------- Instantiating /home/travis/build/icyphy/ptII/ptolemy/actor/lib/test/auto/ConstraintMonitor7.xml
6 ms. Memory: 721920K Free: 549387K (76%)
----------------- Invoking toplevel() on ptolemy.moml.MoMLSimpleApplication@eb85f25
----------------- Done invoking toplevel() on ptolemy.moml.MoMLSimpleApplication@eb85f25
reloadAllAccessors: .ConstraintMonitor7

===========================================================================================
----------------- testing Tue Jul 24 01:39:08 UTC 2018 /home/travis/build/icyphy/ptII/ptolemy/actor/lib/test/auto/ConstraintMonitor8.xml
----------------- Instantiating /home/travis/build/icyphy/ptII/ptolemy/actor/lib/test/auto/ConstraintMonitor8.xml
7 ms. Memory: 721920K Free: 536915K (74%)
----------------- Invoking toplevel() on ptolemy.moml.MoMLSimpleApplication@1c138fae
----------------- Done invoking toplevel() on ptolemy.moml.MoMLSimpleApplication@1c138fae
reloadAllAccessors: .ConstraintMonitor8

===========================================================================================
----------------- testing Tue Jul 24 01:39:09 UTC 2018 /home/travis/build/icyphy/ptII/ptolemy/actor/lib/test/auto/Counter.xml
----------------- Instantiating /home/travis/build/icyphy/ptII/ptolemy/actor/lib/test/auto/Counter.xml
2 ms. Memory: 721920K Free: 523105K (72%)
----------------- Invoking toplevel() on ptolemy.moml.MoMLSimpleApplication@5f777e67
----------------- Done invoking toplevel() on ptolemy.moml.MoMLSimpleApplication@5f777e67
reloadAllAccessors: .Counter

===========================================================================================
----------------- testing Tue Jul 24 01:39:09 UTC 2018 /home/travis/build/icyphy/ptII/ptolemy/actor/lib/test/auto/CurrentTimeSDF.xml
----------------- Instantiating /home/travis/build/icyphy/ptII/ptolemy/actor/lib/test/auto/CurrentTimeSDF.xml
1 ms. Memory: 721920K Free: 514790K (71%)
----------------- Invoking toplevel() on ptolemy.moml.MoMLSimpleApplication@4089758a
----------------- Done invoking toplevel() on ptolemy.moml.MoMLSimpleApplication@4089758a
reloadAllAccessors: .CurrentTimeSDF

===========================================================================================
----------------- testing Tue Jul 24 01:39:09 UTC 2018 /home/travis/build/icyphy/ptII/ptolemy/actor/lib/test/auto/DB.xml
----------------- Instantiating /home/travis/build/icyphy/ptII/ptolemy/actor/lib/test/auto/DB.xml
3 ms. Memory: 721920K Free: 500980K (69%)
----------------- Invoking toplevel() on ptolemy.moml.MoMLSimpleApplication@6fd97d70
----------------- Done invoking toplevel() on ptolemy.moml.MoMLSimpleApplication@6fd97d70
reloadAllAccessors: .DB

===========================================================================================
----------------- testing Tue Jul 24 01:39:09 UTC 2018 /home/travis/build/icyphy/ptII/ptolemy/actor/lib/test/auto/DBDE.xml
----------------- Instantiating /home/travis/build/icyphy/ptII/ptolemy/actor/lib/test/auto/DBDE.xml
2 ms. Memory: 721920K Free: 492665K (68%)
----------------- Invoking toplevel() on ptolemy.moml.MoMLSimpleApplication@4c968098
----------------- Done invoking toplevel() on ptolemy.moml.MoMLSimpleApplication@4c968098
reloadAllAccessors: .DBDE

===========================================================================================
----------------- testing Tue Jul 24 01:39:09 UTC 2018 /home/travis/build/icyphy/ptII/ptolemy/actor/lib/test/auto/DateConstructor.xml
----------------- Instantiating /home/travis/build/icyphy/ptII/ptolemy/actor/lib/test/auto/DateConstructor.xml
12 ms. Memory: 721920K Free: 471829K (65%)
----------------- Invoking toplevel() on ptolemy.moml.MoMLSimpleApplication@2816ace8
----------------- Done invoking toplevel() on ptolemy.moml.MoMLSimpleApplication@2816ace8
reloadAllAccessors: .DateConstructor

===========================================================================================
----------------- testing Tue Jul 24 01:39:09 UTC 2018 /home/travis/build/icyphy/ptII/ptolemy/actor/lib/test/auto/DelayTime.xml
----------------- Instantiating /home/travis/build/icyphy/ptII/ptolemy/actor/lib/test/auto/DelayTime.xml
3 ms. Memory: 721920K Free: 458019K (63%)
----------------- Invoking toplevel() on ptolemy.moml.MoMLSimpleApplication@5fa7a641
----------------- Done invoking toplevel() on ptolemy.moml.MoMLSimpleApplication@5fa7a641
reloadAllAccessors: .DelayTime

===========================================================================================
----------------- testing Tue Jul 24 01:39:09 UTC 2018 /home/travis/build/icyphy/ptII/ptolemy/actor/lib/test/auto/Dictionary1.xml
----------------- Instantiating /home/travis/build/icyphy/ptII/ptolemy/actor/lib/test/auto/Dictionary1.xml
2 ms. Memory: 721920K Free: 449704K (62%)
----------------- Invoking toplevel() on ptolemy.moml.MoMLSimpleApplication@179a2244
----------------- Done invoking toplevel() on ptolemy.moml.MoMLSimpleApplication@179a2244
reloadAllAccessors: .Dictionary1

===========================================================================================
----------------- testing Tue Jul 24 01:39:09 UTC 2018 /home/travis/build/icyphy/ptII/ptolemy/actor/lib/test/auto/Dictionary2.xml
----------------- Instantiating /home/travis/build/icyphy/ptII/ptolemy/actor/lib/test/auto/Dictionary2.xml
1 ms. Memory: 721920K Free: 435894K (60%)
----------------- Invoking toplevel() on ptolemy.moml.MoMLSimpleApplication@8cae7b3
----------------- Done invoking toplevel() on ptolemy.moml.MoMLSimpleApplication@8cae7b3
reloadAllAccessors: .Dictionary2

===========================================================================================
----------------- testing Tue Jul 24 01:39:09 UTC 2018 /home/travis/build/icyphy/ptII/ptolemy/actor/lib/test/auto/Dictionary3.xml
----------------- Instantiating /home/travis/build/icyphy/ptII/ptolemy/actor/lib/test/auto/Dictionary3.xml
1 ms. Memory: 721920K Free: 423526K (59%)
----------------- Invoking toplevel() on ptolemy.moml.MoMLSimpleApplication@77e7336b
----------------- Done invoking toplevel() on ptolemy.moml.MoMLSimpleApplication@77e7336b
reloadAllAccessors: .Dictionary3

===========================================================================================
----------------- testing Tue Jul 24 01:39:09 UTC 2018 /home/travis/build/icyphy/ptII/ptolemy/actor/lib/test/auto/Dictionary4.xml
----------------- Instantiating /home/travis/build/icyphy/ptII/ptolemy/actor/lib/test/auto/Dictionary4.xml
3 ms. Memory: 721920K Free: 411037K (57%)
----------------- Invoking toplevel() on ptolemy.moml.MoMLSimpleApplication@331ff068
----------------- Done invoking toplevel() on ptolemy.moml.MoMLSimpleApplication@331ff068
reloadAllAccessors: .Dictionary4

===========================================================================================
----------------- testing Tue Jul 24 01:39:09 UTC 2018 /home/travis/build/icyphy/ptII/ptolemy/actor/lib/test/auto/Differential.xml
----------------- Instantiating /home/travis/build/icyphy/ptII/ptolemy/actor/lib/test/auto/Differential.xml
2 ms. Memory: 721920K Free: 397227K (55%)
----------------- Invoking toplevel() on ptolemy.moml.MoMLSimpleApplication@7710314b
----------------- Done invoking toplevel() on ptolemy.moml.MoMLSimpleApplication@7710314b
reloadAllAccessors: .Differential

===========================================================================================
----------------- testing Tue Jul 24 01:39:09 UTC 2018 /home/travis/build/icyphy/ptII/ptolemy/actor/lib/test/auto/Director.xml
----------------- Instantiating /home/travis/build/icyphy/ptII/ptolemy/actor/lib/test/auto/Director.xml
2 ms. Memory: 721920K Free: 388912K (54%)
----------------- Invoking toplevel() on ptolemy.moml.MoMLSimpleApplication@303d2b6e
----------------- Done invoking toplevel() on ptolemy.moml.MoMLSimpleApplication@303d2b6e
reloadAllAccessors: .Director

===========================================================================================
----------------- testing Tue Jul 24 01:39:09 UTC 2018 /home/travis/build/icyphy/ptII/ptolemy/actor/lib/test/auto/DiscreteClock.xml
----------------- Instantiating /home/travis/build/icyphy/ptII/ptolemy/actor/lib/test/auto/DiscreteClock.xml
1 ms. Memory: 721920K Free: 375102K (52%)
----------------- Invoking toplevel() on ptolemy.moml.MoMLSimpleApplication@3a05912a
----------------- Done invoking toplevel() on ptolemy.moml.MoMLSimpleApplication@3a05912a
reloadAllAccessors: .DiscreteClock

===========================================================================================
----------------- testing Tue Jul 24 01:39:09 UTC 2018 /home/travis/build/icyphy/ptII/ptolemy/actor/lib/test/auto/DiscreteClock10.xml
----------------- Instantiating /home/travis/build/icyphy/ptII/ptolemy/actor/lib/test/auto/DiscreteClock10.xml
1 ms. Memory: 721920K Free: 366787K (51%)
----------------- Invoking toplevel() on ptolemy.moml.MoMLSimpleApplication@477e53e4
----------------- Done invoking toplevel() on ptolemy.moml.MoMLSimpleApplication@477e53e4
reloadAllAccessors: .DiscreteClock10

===========================================================================================
----------------- testing Tue Jul 24 01:39:09 UTC 2018 /home/travis/build/icyphy/ptII/ptolemy/actor/lib/test/auto/DiscreteClock11.xml
----------------- Instantiating /home/travis/build/icyphy/ptII/ptolemy/actor/lib/test/auto/DiscreteClock11.xml
3 ms. Memory: 721920K Free: 352977K (49%)
----------------- Invoking toplevel() on ptolemy.moml.MoMLSimpleApplication@3098f32b
----------------- Done invoking toplevel() on ptolemy.moml.MoMLSimpleApplication@3098f32b
reloadAllAccessors: .DiscreteClock11

===========================================================================================
----------------- testing Tue Jul 24 01:39:09 UTC 2018 /home/travis/build/icyphy/ptII/ptolemy/actor/lib/test/auto/DiscreteClock12.xml
----------------- Instantiating /home/travis/build/icyphy/ptII/ptolemy/actor/lib/test/auto/DiscreteClock12.xml
2 ms. Memory: 721920K Free: 344662K (48%)
----------------- Invoking toplevel() on ptolemy.moml.MoMLSimpleApplication@69437d2
----------------- Done invoking toplevel() on ptolemy.moml.MoMLSimpleApplication@69437d2
reloadAllAccessors: .DiscreteClock12

===========================================================================================
----------------- testing Tue Jul 24 01:39:09 UTC 2018 /home/travis/build/icyphy/ptII/ptolemy/actor/lib/test/auto/DiscreteClock13.xml
----------------- Instantiating /home/travis/build/icyphy/ptII/ptolemy/actor/lib/test/auto/DiscreteClock13.xml
1 ms. Memory: 721920K Free: 336347K (47%)
----------------- Invoking toplevel() on ptolemy.moml.MoMLSimpleApplication@2d1ab906
----------------- Done invoking toplevel() on ptolemy.moml.MoMLSimpleApplication@2d1ab906
reloadAllAccessors: .DiscreteClock13

===========================================================================================
----------------- testing Tue Jul 24 01:39:09 UTC 2018 /home/travis/build/icyphy/ptII/ptolemy/actor/lib/test/auto/DiscreteClock14.xml
----------------- Instantiating /home/travis/build/icyphy/ptII/ptolemy/actor/lib/test/auto/DiscreteClock14.xml
2 ms. Memory: 721920K Free: 322537K (45%)
----------------- Invoking toplevel() on ptolemy.moml.MoMLSimpleApplication@3b4cca4
----------------- Done invoking toplevel() on ptolemy.moml.MoMLSimpleApplication@3b4cca4
reloadAllAccessors: .DiscreteClock14

===========================================================================================
----------------- testing Tue Jul 24 01:39:09 UTC 2018 /home/travis/build/icyphy/ptII/ptolemy/actor/lib/test/auto/DiscreteClock15.xml
----------------- Instantiating /home/travis/build/icyphy/ptII/ptolemy/actor/lib/test/auto/DiscreteClock15.xml
2 ms. Memory: 721920K Free: 314222K (44%)
----------------- Invoking toplevel() on ptolemy.moml.MoMLSimpleApplication@63b8a2fa
----------------- Done invoking toplevel() on ptolemy.moml.MoMLSimpleApplication@63b8a2fa
reloadAllAccessors: .DiscreteClock15

===========================================================================================
----------------- testing Tue Jul 24 01:39:09 UTC 2018 /home/travis/build/icyphy/ptII/ptolemy/actor/lib/test/auto/DiscreteClock16.xml
----------------- Instantiating /home/travis/build/icyphy/ptII/ptolemy/actor/lib/test/auto/DiscreteClock16.xml
11 ms. Memory: 721920K Free: 292081K (40%)
----------------- Invoking toplevel() on ptolemy.moml.MoMLSimpleApplication@1ebc398
----------------- Done invoking toplevel() on ptolemy.moml.MoMLSimpleApplication@1ebc398
reloadAllAccessors: .DiscreteClock16

===========================================================================================
----------------- testing Tue Jul 24 01:39:09 UTC 2018 /home/travis/build/icyphy/ptII/ptolemy/actor/lib/test/auto/DiscreteClock17.xml
----------------- Instantiating /home/travis/build/icyphy/ptII/ptolemy/actor/lib/test/auto/DiscreteClock17.xml
15 ms. Memory: 721920K Free: 275427K (38%)
----------------- Invoking toplevel() on ptolemy.moml.MoMLSimpleApplication@3adb5054
----------------- Done invoking toplevel() on ptolemy.moml.MoMLSimpleApplication@3adb5054
reloadAllAccessors: .DiscreteClock17

===========================================================================================
----------------- testing Tue Jul 24 01:39:09 UTC 2018 /home/travis/build/icyphy/ptII/ptolemy/actor/lib/test/auto/DiscreteClock18.xml
----------------- Instantiating /home/travis/build/icyphy/ptII/ptolemy/actor/lib/test/auto/DiscreteClock18.xml
14 ms. Memory: 721920K Free: 253269K (35%)
----------------- Invoking toplevel() on ptolemy.moml.MoMLSimpleApplication@84a2dc9
----------------- Done invoking toplevel() on ptolemy.moml.MoMLSimpleApplication@84a2dc9
reloadAllAccessors: .DiscreteClock18

===========================================================================================
----------------- testing Tue Jul 24 01:39:09 UTC 2018 /home/travis/build/icyphy/ptII/ptolemy/actor/lib/test/auto/DiscreteClock19.xml
----------------- Instantiating /home/travis/build/icyphy/ptII/ptolemy/actor/lib/test/auto/DiscreteClock19.xml
8 ms. Memory: 721920K Free: 236639K (33%)
----------------- Invoking toplevel() on ptolemy.moml.MoMLSimpleApplication@682a3f20
----------------- Done invoking toplevel() on ptolemy.moml.MoMLSimpleApplication@682a3f20
reloadAllAccessors: .DiscreteClock19

===========================================================================================
----------------- testing Tue Jul 24 01:39:09 UTC 2018 /home/travis/build/icyphy/ptII/ptolemy/actor/lib/test/auto/DiscreteClock2.xml
----------------- Instantiating /home/travis/build/icyphy/ptII/ptolemy/actor/lib/test/auto/DiscreteClock2.xml
2 ms. Memory: 721920K Free: 228325K (32%)
----------------- Invoking toplevel() on ptolemy.moml.MoMLSimpleApplication@28c2e5fc
----------------- Done invoking toplevel() on ptolemy.moml.MoMLSimpleApplication@28c2e5fc
reloadAllAccessors: .DiscreteClock2

===========================================================================================
----------------- testing Tue Jul 24 01:39:09 UTC 2018 /home/travis/build/icyphy/ptII/ptolemy/actor/lib/test/auto/DiscreteClock20.xml
----------------- Instantiating /home/travis/build/icyphy/ptII/ptolemy/actor/lib/test/auto/DiscreteClock20.xml
2 ms. Memory: 721920K Free: 214514K (30%)
----------------- Invoking toplevel() on ptolemy.moml.MoMLSimpleApplication@c4ec072
----------------- Done invoking toplevel() on ptolemy.moml.MoMLSimpleApplication@c4ec072
reloadAllAccessors: .DiscreteClock20

===========================================================================================
----------------- testing Tue Jul 24 01:39:09 UTC 2018 /home/travis/build/icyphy/ptII/ptolemy/actor/lib/test/auto/DiscreteClock21.xml
----------------- Instantiating /home/travis/build/icyphy/ptII/ptolemy/actor/lib/test/auto/DiscreteClock21.xml
2 ms. Memory: 721920K Free: 206200K (29%)
----------------- Invoking toplevel() on ptolemy.moml.MoMLSimpleApplication@1c7f9c33
----------------- Done invoking toplevel() on ptolemy.moml.MoMLSimpleApplication@1c7f9c33
reloadAllAccessors: .DiscreteClock21

===========================================================================================
----------------- testing Tue Jul 24 01:39:09 UTC 2018 /home/travis/build/icyphy/ptII/ptolemy/actor/lib/test/auto/DiscreteClock22.xml
----------------- Instantiating /home/travis/build/icyphy/ptII/ptolemy/actor/lib/test/auto/DiscreteClock22.xml
1 ms. Memory: 721920K Free: 192389K (27%)
----------------- Invoking toplevel() on ptolemy.moml.MoMLSimpleApplication@7a8e333a
----------------- Done invoking toplevel() on ptolemy.moml.MoMLSimpleApplication@7a8e333a
reloadAllAccessors: .DiscreteClock22

===========================================================================================
----------------- testing Tue Jul 24 01:39:09 UTC 2018 /home/travis/build/icyphy/ptII/ptolemy/actor/lib/test/auto/DiscreteClock23.xml
----------------- Instantiating /home/travis/build/icyphy/ptII/ptolemy/actor/lib/test/auto/DiscreteClock23.xml
2 ms. Memory: 721920K Free: 184074K (25%)
----------------- Invoking toplevel() on ptolemy.moml.MoMLSimpleApplication@6f4f9452
----------------- Done invoking toplevel() on ptolemy.moml.MoMLSimpleApplication@6f4f9452
reloadAllAccessors: .DiscreteClock23

===========================================================================================
----------------- testing Tue Jul 24 01:39:09 UTC 2018 /home/travis/build/icyphy/ptII/ptolemy/actor/lib/test/auto/DiscreteClock24.xml
----------------- Instantiating /home/travis/build/icyphy/ptII/ptolemy/actor/lib/test/auto/DiscreteClock24.xml
7 ms. Memory: 1114112K Free: 1062023K (95%)
----------------- Invoking toplevel() on ptolemy.moml.MoMLSimpleApplication@2886b9
----------------- Done invoking toplevel() on ptolemy.moml.MoMLSimpleApplication@2886b9
reloadAllAccessors: .DiscreteClock24

===========================================================================================
----------------- testing Tue Jul 24 01:39:10 UTC 2018 /home/travis/build/icyphy/ptII/ptolemy/actor/lib/test/auto/DiscreteClock4.xml
----------------- Instantiating /home/travis/build/icyphy/ptII/ptolemy/actor/lib/test/auto/DiscreteClock4.xml
1 ms. Memory: 1114112K Free: 1045057K (94%)
----------------- Invoking toplevel() on ptolemy.moml.MoMLSimpleApplication@2e82d423
----------------- Done invoking toplevel() on ptolemy.moml.MoMLSimpleApplication@2e82d423
reloadAllAccessors: .DiscreteClock4

===========================================================================================
----------------- testing Tue Jul 24 01:39:10 UTC 2018 /home/travis/build/icyphy/ptII/ptolemy/actor/lib/test/auto/DiscreteClock5.xml
----------------- Instantiating /home/travis/build/icyphy/ptII/ptolemy/actor/lib/test/auto/DiscreteClock5.xml
1 ms. Memory: 1114112K Free: 1035078K (93%)
----------------- Invoking toplevel() on ptolemy.moml.MoMLSimpleApplication@5554d238
----------------- Done invoking toplevel() on ptolemy.moml.MoMLSimpleApplication@5554d238
reloadAllAccessors: .DiscreteClock5

===========================================================================================
----------------- testing Tue Jul 24 01:39:10 UTC 2018 /home/travis/build/icyphy/ptII/ptolemy/actor/lib/test/auto/DiscreteClock6.xml
----------------- Instantiating /home/travis/build/icyphy/ptII/ptolemy/actor/lib/test/auto/DiscreteClock6.xml
1 ms. Memory: 1114112K Free: 1018112K (91%)
----------------- Invoking toplevel() on ptolemy.moml.MoMLSimpleApplication@4c47e04d
----------------- Done invoking toplevel() on ptolemy.moml.MoMLSimpleApplication@4c47e04d
reloadAllAccessors: .DiscreteClock6

===========================================================================================
----------------- testing Tue Jul 24 01:39:10 UTC 2018 /home/travis/build/icyphy/ptII/ptolemy/actor/lib/test/auto/DiscreteClock7.xml
----------------- Instantiating /home/travis/build/icyphy/ptII/ptolemy/actor/lib/test/auto/DiscreteClock7.xml
1 ms. Memory: 1114112K Free: 1008133K (90%)
----------------- Invoking toplevel() on ptolemy.moml.MoMLSimpleApplication@6fb9803b
----------------- Done invoking toplevel() on ptolemy.moml.MoMLSimpleApplication@6fb9803b
reloadAllAccessors: .DiscreteClock7

===========================================================================================
----------------- testing Tue Jul 24 01:39:10 UTC 2018 /home/travis/build/icyphy/ptII/ptolemy/actor/lib/test/auto/DiscreteClock8.xml
----------------- Instantiating /home/travis/build/icyphy/ptII/ptolemy/actor/lib/test/auto/DiscreteClock8.xml
6 ms. Memory: 1114112K Free: 998155K (90%)
----------------- Invoking toplevel() on ptolemy.moml.MoMLSimpleApplication@45c15929
----------------- Done invoking toplevel() on ptolemy.moml.MoMLSimpleApplication@45c15929
reloadAllAccessors: .DiscreteClock8

===========================================================================================
----------------- testing Tue Jul 24 01:39:10 UTC 2018 /home/travis/build/icyphy/ptII/ptolemy/actor/lib/test/auto/DiscreteClock9.xml
----------------- Instantiating /home/travis/build/icyphy/ptII/ptolemy/actor/lib/test/auto/DiscreteClock9.xml
6 ms. Memory: 1114112K Free: 981188K (88%)
----------------- Invoking toplevel() on ptolemy.moml.MoMLSimpleApplication@5c4b0b7c
----------------- Done invoking toplevel() on ptolemy.moml.MoMLSimpleApplication@5c4b0b7c
reloadAllAccessors: .DiscreteClock9

===========================================================================================
----------------- testing Tue Jul 24 01:39:10 UTC 2018 /home/travis/build/icyphy/ptII/ptolemy/actor/lib/test/auto/DisplayArray.xml
----------------- Instantiating /home/travis/build/icyphy/ptII/ptolemy/actor/lib/test/auto/DisplayArray.xml
1 ms. Memory: 1114112K Free: 971172K (87%)
----------------- Invoking toplevel() on ptolemy.moml.MoMLSimpleApplication@3b9e25e6
----------------- Done invoking toplevel() on ptolemy.moml.MoMLSimpleApplication@3b9e25e6
reloadAllAccessors: .DisplayArray

===========================================================================================
----------------- testing Tue Jul 24 01:39:10 UTC 2018 /home/travis/build/icyphy/ptII/ptolemy/actor/lib/test/auto/Distributor.xml
----------------- Instantiating /home/travis/build/icyphy/ptII/ptolemy/actor/lib/test/auto/Distributor.xml
1 ms. Memory: 1114112K Free: 961193K (86%)
----------------- Invoking toplevel() on ptolemy.moml.MoMLSimpleApplication@40532ee2
----------------- Done invoking toplevel() on ptolemy.moml.MoMLSimpleApplication@40532ee2
reloadAllAccessors: .Distributor

===========================================================================================
----------------- testing Tue Jul 24 01:39:10 UTC 2018 /home/travis/build/icyphy/ptII/ptolemy/actor/lib/test/auto/Distributor2.xml
----------------- Instantiating /home/travis/build/icyphy/ptII/ptolemy/actor/lib/test/auto/Distributor2.xml
2 ms. Memory: 1114112K Free: 944227K (85%)
----------------- Invoking toplevel() on ptolemy.moml.MoMLSimpleApplication@7f1e11a9
----------------- Done invoking toplevel() on ptolemy.moml.MoMLSimpleApplication@7f1e11a9
reloadAllAccessors: .Distributor2

===========================================================================================
----------------- testing Tue Jul 24 01:39:10 UTC 2018 /home/travis/build/icyphy/ptII/ptolemy/actor/lib/test/auto/DownSample.xml
----------------- Instantiating /home/travis/build/icyphy/ptII/ptolemy/actor/lib/test/auto/DownSample.xml
1 ms. Memory: 1114112K Free: 934248K (84%)
----------------- Invoking toplevel() on ptolemy.moml.MoMLSimpleApplication@562216fe
----------------- Done invoking toplevel() on ptolemy.moml.MoMLSimpleApplication@562216fe
reloadAllAccessors: .DownSample

===========================================================================================
----------------- testing Tue Jul 24 01:39:10 UTC 2018 /home/travis/build/icyphy/ptII/ptolemy/actor/lib/test/auto/ElectronicUnitBase1.xml
----------------- Instantiating /home/travis/build/icyphy/ptII/ptolemy/actor/lib/test/auto/ElectronicUnitBase1.xml
19 ms. Memory: 1114112K Free: 914290K (82%)
----------------- Invoking toplevel() on ptolemy.moml.MoMLSimpleApplication@5c269c54
----------------- Done invoking toplevel() on ptolemy.moml.MoMLSimpleApplication@5c269c54
reloadAllAccessors: .ElectronicUnitBase1

===========================================================================================
----------------- testing Tue Jul 24 01:39:10 UTC 2018 /home/travis/build/icyphy/ptII/ptolemy/actor/lib/test/auto/ElementsToArray.xml
----------------- Instantiating /home/travis/build/icyphy/ptII/ptolemy/actor/lib/test/auto/ElementsToArray.xml
2 ms. Memory: 1114112K Free: 897324K (81%)
----------------- Invoking toplevel() on ptolemy.moml.MoMLSimpleApplication@1af6523
----------------- Done invoking toplevel() on ptolemy.moml.MoMLSimpleApplication@1af6523
reloadAllAccessors: .ElementsToArray

===========================================================================================
----------------- testing Tue Jul 24 01:39:10 UTC 2018 /home/travis/build/icyphy/ptII/ptolemy/actor/lib/test/auto/Equals.xml
----------------- Instantiating /home/travis/build/icyphy/ptII/ptolemy/actor/lib/test/auto/Equals.xml
3 ms. Memory: 1114112K Free: 887345K (80%)
----------------- Invoking toplevel() on ptolemy.moml.MoMLSimpleApplication@5d64c643
----------------- Done invoking toplevel() on ptolemy.moml.MoMLSimpleApplication@5d64c643
reloadAllAccessors: .Equals

===========================================================================================
----------------- testing Tue Jul 24 01:39:10 UTC 2018 /home/travis/build/icyphy/ptII/ptolemy/actor/lib/test/auto/Exec.xml
----------------- Instantiating /home/travis/build/icyphy/ptII/ptolemy/actor/lib/test/auto/Exec.xml
18 ms. Memory: 1114112K Free: 862398K (77%)
----------------- Invoking toplevel() on ptolemy.moml.MoMLSimpleApplication@2fc6564d
----------------- Done invoking toplevel() on ptolemy.moml.MoMLSimpleApplication@2fc6564d
reloadAllAccessors: .Exec

===========================================================================================
----------------- testing Tue Jul 24 01:39:10 UTC 2018 /home/travis/build/icyphy/ptII/ptolemy/actor/lib/test/auto/ExecEnvironment.xml
----------------- Instantiating /home/travis/build/icyphy/ptII/ptolemy/actor/lib/test/auto/ExecEnvironment.xml
19 ms. Memory: 1114112K Free: 835452K (75%)
----------------- Invoking toplevel() on ptolemy.moml.MoMLSimpleApplication@12963c7d
----------------- Done invoking toplevel() on ptolemy.moml.MoMLSimpleApplication@12963c7d
reloadAllAccessors: .ExecEnvironment

===========================================================================================
----------------- testing Tue Jul 24 01:39:10 UTC 2018 /home/travis/build/icyphy/ptII/ptolemy/actor/lib/test/auto/ExecNonZeroReturnOutput.xml
----------------- Instantiating /home/travis/build/icyphy/ptII/ptolemy/actor/lib/test/auto/ExecNonZeroReturnOutput.xml
134 ms. Memory: 1114112K Free: 760610K (68%)
----------------- Invoking toplevel() on ptolemy.moml.MoMLSimpleApplication@9eef735
----------------- Done invoking toplevel() on ptolemy.moml.MoMLSimpleApplication@9eef735
reloadAllAccessors: .ExecNonZeroReturnOutput

===========================================================================================
----------------- testing Tue Jul 24 01:39:10 UTC 2018 /home/travis/build/icyphy/ptII/ptolemy/actor/lib/test/auto/ExecRunDemos.xml
----------------- Instantiating /home/travis/build/icyphy/ptII/ptolemy/actor/lib/test/auto/ExecRunDemos.xml
Finished: 94 ms. Memory: 116224K Free: 100103K (86%)

Finished: 40 ms. Memory: 116224K Free: 96358K (83%)

Finished: 49 ms. Memory: 116224K Free: 96957K (83%)

Finished: 42 ms. Memory: 116224K Free: 98219K (85%)

Finished: 38 ms. Memory: 116224K Free: 99464K (86%)

9645 ms. Memory: 1114112K Free: 690727K (62%)
----------------- Invoking toplevel() on ptolemy.moml.MoMLSimpleApplication@72b66820
----------------- Done invoking toplevel() on ptolemy.moml.MoMLSimpleApplication@72b66820
reloadAllAccessors: .ExecRunDemos

===========================================================================================
----------------- testing Tue Jul 24 01:39:20 UTC 2018 /home/travis/build/icyphy/ptII/ptolemy/actor/lib/test/auto/ExecStop.xml
----------------- Instantiating /home/travis/build/icyphy/ptII/ptolemy/actor/lib/test/auto/ExecStop.xml
5007 ms. Memory: 1114112K Free: 519087K (47%)
----------------- Invoking toplevel() on ptolemy.moml.MoMLSimpleApplication@40ee8f4d
----------------- Done invoking toplevel() on ptolemy.moml.MoMLSimpleApplication@40ee8f4d
reloadAllAccessors: .ExecStop

===========================================================================================
----------------- testing Tue Jul 24 01:39:25 UTC 2018 /home/travis/build/icyphy/ptII/ptolemy/actor/lib/test/auto/ExecutionTimeSDF.xml
----------------- Instantiating /home/travis/build/icyphy/ptII/ptolemy/actor/lib/test/auto/ExecutionTimeSDF.xml
Fired ExecutionTime: -1093767296
Fired ExecutionTime: 909200000
Fired ExecutionTime: -866967296
6004 ms. Memory: 1114112K Free: 499097K (45%)
----------------- Invoking toplevel() on ptolemy.moml.MoMLSimpleApplication@2bc7382
----------------- Done invoking toplevel() on ptolemy.moml.MoMLSimpleApplication@2bc7382
reloadAllAccessors: .ExecutionTimeSDF

===========================================================================================
----------------- testing Tue Jul 24 01:39:31 UTC 2018 /home/travis/build/icyphy/ptII/ptolemy/actor/lib/test/auto/Expression1.xml
----------------- Instantiating /home/travis/build/icyphy/ptII/ptolemy/actor/lib/test/auto/Expression1.xml
2 ms. Memory: 1114112K Free: 489118K (44%)
----------------- Invoking toplevel() on ptolemy.moml.MoMLSimpleApplication@625c0940
----------------- Done invoking toplevel() on ptolemy.moml.MoMLSimpleApplication@625c0940
reloadAllAccessors: .Expression1

===========================================================================================
----------------- testing Tue Jul 24 01:39:31 UTC 2018 /home/travis/build/icyphy/ptII/ptolemy/actor/lib/test/auto/Expression10.xml
----------------- Instantiating /home/travis/build/icyphy/ptII/ptolemy/actor/lib/test/auto/Expression10.xml
7 ms. Memory: 1114112K Free: 472152K (42%)
----------------- Invoking toplevel() on ptolemy.moml.MoMLSimpleApplication@4b5137c8
----------------- Done invoking toplevel() on ptolemy.moml.MoMLSimpleApplication@4b5137c8
reloadAllAccessors: .Expression10

===========================================================================================
----------------- testing Tue Jul 24 01:39:31 UTC 2018 /home/travis/build/icyphy/ptII/ptolemy/actor/lib/test/auto/Expression11.xml
----------------- Instantiating /home/travis/build/icyphy/ptII/ptolemy/actor/lib/test/auto/Expression11.xml
2 ms. Memory: 1114112K Free: 462173K (41%)
----------------- Invoking toplevel() on ptolemy.moml.MoMLSimpleApplication@21b13bd1
----------------- Done invoking toplevel() on ptolemy.moml.MoMLSimpleApplication@21b13bd1
reloadAllAccessors: .Expression11

===========================================================================================
----------------- testing Tue Jul 24 01:39:31 UTC 2018 /home/travis/build/icyphy/ptII/ptolemy/actor/lib/test/auto/Expression12.xml
----------------- Instantiating /home/travis/build/icyphy/ptII/ptolemy/actor/lib/test/auto/Expression12.xml
2 ms. Memory: 1114112K Free: 452194K (41%)
----------------- Invoking toplevel() on ptolemy.moml.MoMLSimpleApplication@50225a78
----------------- Done invoking toplevel() on ptolemy.moml.MoMLSimpleApplication@50225a78
reloadAllAccessors: .Expression12

===========================================================================================
----------------- testing Tue Jul 24 01:39:31 UTC 2018 /home/travis/build/icyphy/ptII/ptolemy/actor/lib/test/auto/Expression13.xml
----------------- Instantiating /home/travis/build/icyphy/ptII/ptolemy/actor/lib/test/auto/Expression13.xml
4 ms. Memory: 1114112K Free: 435228K (39%)
----------------- Invoking toplevel() on ptolemy.moml.MoMLSimpleApplication@613ad5c9
----------------- Done invoking toplevel() on ptolemy.moml.MoMLSimpleApplication@613ad5c9
reloadAllAccessors: .Expression13

===========================================================================================
----------------- testing Tue Jul 24 01:39:31 UTC 2018 /home/travis/build/icyphy/ptII/ptolemy/actor/lib/test/auto/Expression14.xml
----------------- Instantiating /home/travis/build/icyphy/ptII/ptolemy/actor/lib/test/auto/Expression14.xml
4 ms. Memory: 1114112K Free: 425249K (38%)
----------------- Invoking toplevel() on ptolemy.moml.MoMLSimpleApplication@44c655c4
----------------- Done invoking toplevel() on ptolemy.moml.MoMLSimpleApplication@44c655c4
reloadAllAccessors: .Expression14

===========================================================================================
----------------- testing Tue Jul 24 01:39:31 UTC 2018 /home/travis/build/icyphy/ptII/ptolemy/actor/lib/test/auto/Expression15.xml
----------------- Instantiating /home/travis/build/icyphy/ptII/ptolemy/actor/lib/test/auto/Expression15.xml
2 ms. Memory: 1114112K Free: 415270K (37%)
----------------- Invoking toplevel() on ptolemy.moml.MoMLSimpleApplication@5b0009bd
----------------- Done invoking toplevel() on ptolemy.moml.MoMLSimpleApplication@5b0009bd
reloadAllAccessors: .Expression15

===========================================================================================
----------------- testing Tue Jul 24 01:39:31 UTC 2018 /home/travis/build/icyphy/ptII/ptolemy/actor/lib/test/auto/Expression16.xml
----------------- Instantiating /home/travis/build/icyphy/ptII/ptolemy/actor/lib/test/auto/Expression16.xml
3 ms. Memory: 1114112K Free: 398304K (36%)
----------------- Invoking toplevel() on ptolemy.moml.MoMLSimpleApplication@2ac6d545
----------------- Done invoking toplevel() on ptolemy.moml.MoMLSimpleApplication@2ac6d545
reloadAllAccessors: .Expression16

===========================================================================================
----------------- testing Tue Jul 24 01:39:31 UTC 2018 /home/travis/build/icyphy/ptII/ptolemy/actor/lib/test/auto/Expression17.xml
----------------- Instantiating /home/travis/build/icyphy/ptII/ptolemy/actor/lib/test/auto/Expression17.xml
2 ms. Memory: 1114112K Free: 388325K (35%)
----------------- Invoking toplevel() on ptolemy.moml.MoMLSimpleApplication@4cf9a84f
----------------- Done invoking toplevel() on ptolemy.moml.MoMLSimpleApplication@4cf9a84f
reloadAllAccessors: .Expression17

===========================================================================================
----------------- testing Tue Jul 24 01:39:31 UTC 2018 /home/travis/build/icyphy/ptII/ptolemy/actor/lib/test/auto/Expression18.xml
----------------- Instantiating /home/travis/build/icyphy/ptII/ptolemy/actor/lib/test/auto/Expression18.xml
2 ms. Memory: 1114112K Free: 378346K (34%)
----------------- Invoking toplevel() on ptolemy.moml.MoMLSimpleApplication@1ae6168c
----------------- Done invoking toplevel() on ptolemy.moml.MoMLSimpleApplication@1ae6168c
reloadAllAccessors: .Expression18

===========================================================================================
----------------- testing Tue Jul 24 01:39:31 UTC 2018 /home/travis/build/icyphy/ptII/ptolemy/actor/lib/test/auto/Expression2.xml
----------------- Instantiating /home/travis/build/icyphy/ptII/ptolemy/actor/lib/test/auto/Expression2.xml
4 ms. Memory: 1114112K Free: 361380K (32%)
----------------- Invoking toplevel() on ptolemy.moml.MoMLSimpleApplication@5d83d7ff
----------------- Done invoking toplevel() on ptolemy.moml.MoMLSimpleApplication@5d83d7ff
reloadAllAccessors: .Expression2

===========================================================================================
----------------- testing Tue Jul 24 01:39:31 UTC 2018 /home/travis/build/icyphy/ptII/ptolemy/actor/lib/test/auto/Expression3.xml
----------------- Instantiating /home/travis/build/icyphy/ptII/ptolemy/actor/lib/test/auto/Expression3.xml
3 ms. Memory: 1114112K Free: 351401K (32%)
----------------- Invoking toplevel() on ptolemy.moml.MoMLSimpleApplication@3833a665
----------------- Done invoking toplevel() on ptolemy.moml.MoMLSimpleApplication@3833a665
reloadAllAccessors: .Expression3

===========================================================================================
----------------- testing Tue Jul 24 01:39:31 UTC 2018 /home/travis/build/icyphy/ptII/ptolemy/actor/lib/test/auto/Expression4.xml
----------------- Instantiating /home/travis/build/icyphy/ptII/ptolemy/actor/lib/test/auto/Expression4.xml
5 ms. Memory: 1114112K Free: 336417K (30%)
----------------- Invoking toplevel() on ptolemy.moml.MoMLSimpleApplication@59e96eff
----------------- Done invoking toplevel() on ptolemy.moml.MoMLSimpleApplication@59e96eff
reloadAllAccessors: .Expression4

===========================================================================================
----------------- testing Tue Jul 24 01:39:31 UTC 2018 /home/travis/build/icyphy/ptII/ptolemy/actor/lib/test/auto/Expression5.xml
----------------- Instantiating /home/travis/build/icyphy/ptII/ptolemy/actor/lib/test/auto/Expression5.xml
3 ms. Memory: 1114112K Free: 319450K (29%)
----------------- Invoking toplevel() on ptolemy.moml.MoMLSimpleApplication@150af369
----------------- Done invoking toplevel() on ptolemy.moml.MoMLSimpleApplication@150af369
reloadAllAccessors: .Expression5

===========================================================================================
----------------- testing Tue Jul 24 01:39:31 UTC 2018 /home/travis/build/icyphy/ptII/ptolemy/actor/lib/test/auto/Expression6.xml
----------------- Instantiating /home/travis/build/icyphy/ptII/ptolemy/actor/lib/test/auto/Expression6.xml
2 ms. Memory: 1114112K Free: 309471K (28%)
----------------- Invoking toplevel() on ptolemy.moml.MoMLSimpleApplication@40343dfc
----------------- Done invoking toplevel() on ptolemy.moml.MoMLSimpleApplication@40343dfc
reloadAllAccessors: .Expression6

===========================================================================================
----------------- testing Tue Jul 24 01:39:31 UTC 2018 /home/travis/build/icyphy/ptII/ptolemy/actor/lib/test/auto/Expression7.xml
----------------- Instantiating /home/travis/build/icyphy/ptII/ptolemy/actor/lib/test/auto/Expression7.xml
3 ms. Memory: 1114112K Free: 299492K (27%)
----------------- Invoking toplevel() on ptolemy.moml.MoMLSimpleApplication@2800284d
----------------- Done invoking toplevel() on ptolemy.moml.MoMLSimpleApplication@2800284d
reloadAllAccessors: .Expression7

===========================================================================================
----------------- testing Tue Jul 24 01:39:31 UTC 2018 /home/travis/build/icyphy/ptII/ptolemy/actor/lib/test/auto/Expression8.xml
----------------- Instantiating /home/travis/build/icyphy/ptII/ptolemy/actor/lib/test/auto/Expression8.xml
4 ms. Memory: 1114112K Free: 282526K (25%)
----------------- Invoking toplevel() on ptolemy.moml.MoMLSimpleApplication@20386e8d
----------------- Done invoking toplevel() on ptolemy.moml.MoMLSimpleApplication@20386e8d
reloadAllAccessors: .Expression8

===========================================================================================
----------------- testing Tue Jul 24 01:39:31 UTC 2018 /home/travis/build/icyphy/ptII/ptolemy/actor/lib/test/auto/Expression9.xml
----------------- Instantiating /home/travis/build/icyphy/ptII/ptolemy/actor/lib/test/auto/Expression9.xml
2 ms. Memory: 1114112K Free: 272547K (24%)
----------------- Invoking toplevel() on ptolemy.moml.MoMLSimpleApplication@37756e90
----------------- Done invoking toplevel() on ptolemy.moml.MoMLSimpleApplication@37756e90
reloadAllAccessors: .Expression9

===========================================================================================
----------------- testing Tue Jul 24 01:39:31 UTC 2018 /home/travis/build/icyphy/ptII/ptolemy/actor/lib/test/auto/ExpressionConcatenateArrayType.xml
----------------- Instantiating /home/travis/build/icyphy/ptII/ptolemy/actor/lib/test/auto/ExpressionConcatenateArrayType.xml
3 ms. Memory: 1114112K Free: 257563K (23%)
----------------- Invoking toplevel() on ptolemy.moml.MoMLSimpleApplication@71cafa7
----------------- Done invoking toplevel() on ptolemy.moml.MoMLSimpleApplication@71cafa7
reloadAllAccessors: .ExpressionConcatenateArrayType

===========================================================================================
----------------- testing Tue Jul 24 01:39:31 UTC 2018 /home/travis/build/icyphy/ptII/ptolemy/actor/lib/test/auto/ExpressionConcatenateArrayType2.xml
----------------- Instantiating /home/travis/build/icyphy/ptII/ptolemy/actor/lib/test/auto/ExpressionConcatenateArrayType2.xml
2 ms. Memory: 1114112K Free: 240597K (22%)
----------------- Invoking toplevel() on ptolemy.moml.MoMLSimpleApplication@7aeae16c
----------------- Done invoking toplevel() on ptolemy.moml.MoMLSimpleApplication@7aeae16c
reloadAllAccessors: .ExpressionConcatenateArrayType2

===========================================================================================
----------------- testing Tue Jul 24 01:39:31 UTC 2018 /home/travis/build/icyphy/ptII/ptolemy/actor/lib/test/auto/ExpressionFix.xml
----------------- Instantiating /home/travis/build/icyphy/ptII/ptolemy/actor/lib/test/auto/ExpressionFix.xml
9 ms. Memory: 1114112K Free: 230618K (21%)
----------------- Invoking toplevel() on ptolemy.moml.MoMLSimpleApplication@7e6857cf
----------------- Done invoking toplevel() on ptolemy.moml.MoMLSimpleApplication@7e6857cf
reloadAllAccessors: .ExpressionFix

===========================================================================================
----------------- testing Tue Jul 24 01:39:31 UTC 2018 /home/travis/build/icyphy/ptII/ptolemy/actor/lib/test/auto/ExpressionFix2.xml
----------------- Instantiating /home/travis/build/icyphy/ptII/ptolemy/actor/lib/test/auto/ExpressionFix2.xml
2 ms. Memory: 1114112K Free: 220639K (20%)
----------------- Invoking toplevel() on ptolemy.moml.MoMLSimpleApplication@e5ce1bb
----------------- Done invoking toplevel() on ptolemy.moml.MoMLSimpleApplication@e5ce1bb
reloadAllAccessors: .ExpressionFix2

===========================================================================================
----------------- testing Tue Jul 24 01:39:31 UTC 2018 /home/travis/build/icyphy/ptII/ptolemy/actor/lib/test/auto/ExpressionFix3.xml
----------------- Instantiating /home/travis/build/icyphy/ptII/ptolemy/actor/lib/test/auto/ExpressionFix3.xml
2 ms. Memory: 1114112K Free: 203673K (18%)
----------------- Invoking toplevel() on ptolemy.moml.MoMLSimpleApplication@5feb9b88
----------------- Done invoking toplevel() on ptolemy.moml.MoMLSimpleApplication@5feb9b88
reloadAllAccessors: .ExpressionFix3

===========================================================================================
----------------- testing Tue Jul 24 01:39:31 UTC 2018 /home/travis/build/icyphy/ptII/ptolemy/actor/lib/test/auto/FileWriter1.xml
----------------- Instantiating /home/travis/build/icyphy/ptII/ptolemy/actor/lib/test/auto/FileWriter1.xml
2 ms. Memory: 1114112K Free: 193694K (17%)
----------------- Invoking toplevel() on ptolemy.moml.MoMLSimpleApplication@42c1473d
----------------- Done invoking toplevel() on ptolemy.moml.MoMLSimpleApplication@42c1473d
reloadAllAccessors: .FileWriter1

===========================================================================================
----------------- testing Tue Jul 24 01:39:31 UTC 2018 /home/travis/build/icyphy/ptII/ptolemy/actor/lib/test/auto/FileWriter2.xml
----------------- Instantiating /home/travis/build/icyphy/ptII/ptolemy/actor/lib/test/auto/FileWriter2.xml
3 ms. Memory: 1114112K Free: 183715K (16%)
----------------- Invoking toplevel() on ptolemy.moml.MoMLSimpleApplication@23d02219
----------------- Done invoking toplevel() on ptolemy.moml.MoMLSimpleApplication@23d02219
reloadAllAccessors: .FileWriter2

===========================================================================================
----------------- testing Tue Jul 24 01:39:32 UTC 2018 /home/travis/build/icyphy/ptII/ptolemy/actor/lib/test/auto/FileWriter3.xml
----------------- Instantiating /home/travis/build/icyphy/ptII/ptolemy/actor/lib/test/auto/FileWriter3.xml
6 ms. Memory: 1114112K Free: 166749K (15%)
----------------- Invoking toplevel() on ptolemy.moml.MoMLSimpleApplication@df453fe
----------------- Done invoking toplevel() on ptolemy.moml.MoMLSimpleApplication@df453fe
reloadAllAccessors: .FileWriter3

===========================================================================================
----------------- testing Tue Jul 24 01:39:32 UTC 2018 /home/travis/build/icyphy/ptII/ptolemy/actor/lib/test/auto/Gaussian.xml
----------------- Instantiating /home/travis/build/icyphy/ptII/ptolemy/actor/lib/test/auto/Gaussian.xml
1 ms. Memory: 1114112K Free: 156770K (14%)
----------------- Invoking toplevel() on ptolemy.moml.MoMLSimpleApplication@1766394e
----------------- Done invoking toplevel() on ptolemy.moml.MoMLSimpleApplication@1766394e
reloadAllAccessors: .Gaussian

===========================================================================================
----------------- testing Tue Jul 24 01:39:32 UTC 2018 /home/travis/build/icyphy/ptII/ptolemy/actor/lib/test/auto/Gaussian1.xml
----------------- Instantiating /home/travis/build/icyphy/ptII/ptolemy/actor/lib/test/auto/Gaussian1.xml
2 ms. Memory: 1114112K Free: 146791K (13%)
----------------- Invoking toplevel() on ptolemy.moml.MoMLSimpleApplication@7b661365
----------------- Done invoking toplevel() on ptolemy.moml.MoMLSimpleApplication@7b661365
reloadAllAccessors: .Gaussian1

===========================================================================================
----------------- testing Tue Jul 24 01:39:32 UTC 2018 /home/travis/build/icyphy/ptII/ptolemy/actor/lib/test/auto/Gaussian2.xml
----------------- Instantiating /home/travis/build/icyphy/ptII/ptolemy/actor/lib/test/auto/Gaussian2.xml
2 ms. Memory: 1114112K Free: 129825K (12%)
----------------- Invoking toplevel() on ptolemy.moml.MoMLSimpleApplication@17e7bc8b
----------------- Done invoking toplevel() on ptolemy.moml.MoMLSimpleApplication@17e7bc8b
reloadAllAccessors: .Gaussian2

===========================================================================================
----------------- testing Tue Jul 24 01:39:32 UTC 2018 /home/travis/build/icyphy/ptII/ptolemy/actor/lib/test/auto/GradientAdaptiveLattice.xml
----------------- Instantiating /home/travis/build/icyphy/ptII/ptolemy/actor/lib/test/auto/GradientAdaptiveLattice.xml
3 ms. Memory: 1114112K Free: 119846K (11%)
----------------- Invoking toplevel() on ptolemy.moml.MoMLSimpleApplication@78f94f04
----------------- Done invoking toplevel() on ptolemy.moml.MoMLSimpleApplication@78f94f04
reloadAllAccessors: .GradientAdaptiveLattice

===========================================================================================
----------------- testing Tue Jul 24 01:39:32 UTC 2018 /home/travis/build/icyphy/ptII/ptolemy/actor/lib/test/auto/IIR.xml
----------------- Instantiating /home/travis/build/icyphy/ptII/ptolemy/actor/lib/test/auto/IIR.xml
4 ms. Memory: 1114112K Free: 109867K (10%)
----------------- Invoking toplevel() on ptolemy.moml.MoMLSimpleApplication@8de076d
----------------- Done invoking toplevel() on ptolemy.moml.MoMLSimpleApplication@8de076d
reloadAllAccessors: .IIR

===========================================================================================
----------------- testing Tue Jul 24 01:39:32 UTC 2018 /home/travis/build/icyphy/ptII/ptolemy/actor/lib/test/auto/InputOutputTransparentPorts.xml
----------------- Instantiating /home/travis/build/icyphy/ptII/ptolemy/actor/lib/test/auto/InputOutputTransparentPorts.xml
2 ms. Memory: 1114112K Free: 87911K (8%)
----------------- Invoking toplevel() on ptolemy.moml.MoMLSimpleApplication@271663e7
----------------- Done invoking toplevel() on ptolemy.moml.MoMLSimpleApplication@271663e7
reloadAllAccessors: .InputOutputTransparentPorts

===========================================================================================
----------------- testing Tue Jul 24 01:39:32 UTC 2018 /home/travis/build/icyphy/ptII/ptolemy/actor/lib/test/auto/Interpolator.xml
----------------- Instantiating /home/travis/build/icyphy/ptII/ptolemy/actor/lib/test/auto/Interpolator.xml
7 ms. Memory: 1114112K Free: 78938K (7%)
----------------- Invoking toplevel() on ptolemy.moml.MoMLSimpleApplication@5832f805
----------------- Done invoking toplevel() on ptolemy.moml.MoMLSimpleApplication@5832f805
reloadAllAccessors: .Interpolator

===========================================================================================
----------------- testing Tue Jul 24 01:39:32 UTC 2018 /home/travis/build/icyphy/ptII/ptolemy/actor/lib/test/auto/InterpolatorFiringLimitDE.xml
----------------- Instantiating /home/travis/build/icyphy/ptII/ptolemy/actor/lib/test/auto/InterpolatorFiringLimitDE.xml
2 ms. Memory: 1114112K Free: 1060180K (95%)
----------------- Invoking toplevel() on ptolemy.moml.MoMLSimpleApplication@2d32f1b5
----------------- Done invoking toplevel() on ptolemy.moml.MoMLSimpleApplication@2d32f1b5
reloadAllAccessors: .InterpolatorFiringLimitDE

===========================================================================================
----------------- testing Tue Jul 24 01:39:32 UTC 2018 /home/travis/build/icyphy/ptII/ptolemy/actor/lib/test/auto/Lattice.xml
----------------- Instantiating /home/travis/build/icyphy/ptII/ptolemy/actor/lib/test/auto/Lattice.xml
1 ms. Memory: 1114112K Free: 1050201K (94%)
----------------- Invoking toplevel() on ptolemy.moml.MoMLSimpleApplication@550ad8f4
----------------- Done invoking toplevel() on ptolemy.moml.MoMLSimpleApplication@550ad8f4
reloadAllAccessors: .Lattice

===========================================================================================
----------------- testing Tue Jul 24 01:39:32 UTC 2018 /home/travis/build/icyphy/ptII/ptolemy/actor/lib/test/auto/LazyAOCTestLazy.xml
----------------- Instantiating /home/travis/build/icyphy/ptII/ptolemy/actor/lib/test/auto/LazyAOCTestLazy.xml
15 ms. Memory: 1114112K Free: 1040222K (93%)
----------------- Invoking toplevel() on ptolemy.moml.MoMLSimpleApplication@104bc38
----------------- Done invoking toplevel() on ptolemy.moml.MoMLSimpleApplication@104bc38
reloadAllAccessors: .LazyAOCTestLazy

===========================================================================================
----------------- testing Tue Jul 24 01:39:32 UTC 2018 /home/travis/build/icyphy/ptII/ptolemy/actor/lib/test/auto/LazyAOCTestNonLazy.xml
----------------- Instantiating /home/travis/build/icyphy/ptII/ptolemy/actor/lib/test/auto/LazyAOCTestNonLazy.xml
9 ms. Memory: 1114112K Free: 1024772K (92%)
----------------- Invoking toplevel() on ptolemy.moml.MoMLSimpleApplication@418adfb8
----------------- Done invoking toplevel() on ptolemy.moml.MoMLSimpleApplication@418adfb8
reloadAllAccessors: .LazyAOCTestNonLazy

===========================================================================================
----------------- testing Tue Jul 24 01:39:32 UTC 2018 /home/travis/build/icyphy/ptII/ptolemy/actor/lib/test/auto/LazyInnerClass.xml
----------------- Instantiating /home/travis/build/icyphy/ptII/ptolemy/actor/lib/test/auto/LazyInnerClass.xml
17 ms. Memory: 1114112K Free: 1014793K (91%)
----------------- Invoking toplevel() on ptolemy.moml.MoMLSimpleApplication@671b2608
----------------- Done invoking toplevel() on ptolemy.moml.MoMLSimpleApplication@671b2608
reloadAllAccessors: .LazyInnerClass

===========================================================================================
----------------- testing Tue Jul 24 01:39:32 UTC 2018 /home/travis/build/icyphy/ptII/ptolemy/actor/lib/test/auto/LazyPubSub.xml
----------------- Instantiating /home/travis/build/icyphy/ptII/ptolemy/actor/lib/test/auto/LazyPubSub.xml
19 ms. Memory: 1114112K Free: 994338K (89%)
----------------- Invoking toplevel() on ptolemy.moml.MoMLSimpleApplication@4fe45c7d
----------------- Done invoking toplevel() on ptolemy.moml.MoMLSimpleApplication@4fe45c7d
reloadAllAccessors: .LazyPubSub

===========================================================================================
----------------- testing Tue Jul 24 01:39:32 UTC 2018 /home/travis/build/icyphy/ptII/ptolemy/actor/lib/test/auto/LazyPubSub2.xml
----------------- Instantiating /home/travis/build/icyphy/ptII/ptolemy/actor/lib/test/auto/LazyPubSub2.xml
21 ms. Memory: 1114112K Free: 979329K (88%)
----------------- Invoking toplevel() on ptolemy.moml.MoMLSimpleApplication@499c025e
----------------- Done invoking toplevel() on ptolemy.moml.MoMLSimpleApplication@499c025e
reloadAllAccessors: .LazyPubSub2

===========================================================================================
----------------- testing Tue Jul 24 01:39:32 UTC 2018 /home/travis/build/icyphy/ptII/ptolemy/actor/lib/test/auto/LazyPubSub3.xml
----------------- Instantiating /home/travis/build/icyphy/ptII/ptolemy/actor/lib/test/auto/LazyPubSub3.xml
11 ms. Memory: 1114112K Free: 958873K (86%)
----------------- Invoking toplevel() on ptolemy.moml.MoMLSimpleApplication@3bfa0a3b
----------------- Done invoking toplevel() on ptolemy.moml.MoMLSimpleApplication@3bfa0a3b
reloadAllAccessors: .LazyPubSub3

===========================================================================================
----------------- testing Tue Jul 24 01:39:32 UTC 2018 /home/travis/build/icyphy/ptII/ptolemy/actor/lib/test/auto/LazySubClassModel.xml
----------------- Instantiating /home/travis/build/icyphy/ptII/ptolemy/actor/lib/test/auto/LazySubClassModel.xml
2 ms. Memory: 1114112K Free: 943889K (85%)
----------------- Invoking toplevel() on ptolemy.moml.MoMLSimpleApplication@72a04a22
----------------- Done invoking toplevel() on ptolemy.moml.MoMLSimpleApplication@72a04a22
reloadAllAccessors: .LazySubClassModel

===========================================================================================
----------------- testing Tue Jul 24 01:39:32 UTC 2018 /home/travis/build/icyphy/ptII/ptolemy/actor/lib/test/auto/LevelCrossTest1.xml
----------------- Instantiating /home/travis/build/icyphy/ptII/ptolemy/actor/lib/test/auto/LevelCrossTest1.xml
1 ms. Memory: 1114112K Free: 933910K (84%)
----------------- Invoking toplevel() on ptolemy.moml.MoMLSimpleApplication@7ae65d41
----------------- Done invoking toplevel() on ptolemy.moml.MoMLSimpleApplication@7ae65d41
reloadAllAccessors: .broken

===========================================================================================
----------------- testing Tue Jul 24 01:39:32 UTC 2018 /home/travis/build/icyphy/ptII/ptolemy/actor/lib/test/auto/LevelCrossTest10.xml
----------------- Instantiating /home/travis/build/icyphy/ptII/ptolemy/actor/lib/test/auto/LevelCrossTest10.xml
1 ms. Memory: 1114112K Free: 913455K (82%)
----------------- Invoking toplevel() on ptolemy.moml.MoMLSimpleApplication@2b7829b8
----------------- Done invoking toplevel() on ptolemy.moml.MoMLSimpleApplication@2b7829b8
reloadAllAccessors: .LevelCrossTest10

===========================================================================================
----------------- testing Tue Jul 24 01:39:32 UTC 2018 /home/travis/build/icyphy/ptII/ptolemy/actor/lib/test/auto/LevelCrossTest11.xml
----------------- Instantiating /home/travis/build/icyphy/ptII/ptolemy/actor/lib/test/auto/LevelCrossTest11.xml
1 ms. Memory: 1114112K Free: 898470K (81%)
----------------- Invoking toplevel() on ptolemy.moml.MoMLSimpleApplication@1581ae7
----------------- Done invoking toplevel() on ptolemy.moml.MoMLSimpleApplication@1581ae7
reloadAllAccessors: .LevelCrossTest11

===========================================================================================
----------------- testing Tue Jul 24 01:39:32 UTC 2018 /home/travis/build/icyphy/ptII/ptolemy/actor/lib/test/auto/LevelCrossTest12.xml
----------------- Instantiating /home/travis/build/icyphy/ptII/ptolemy/actor/lib/test/auto/LevelCrossTest12.xml
1 ms. Memory: 1114112K Free: 878015K (79%)
----------------- Invoking toplevel() on ptolemy.moml.MoMLSimpleApplication@31035c12
----------------- Done invoking toplevel() on ptolemy.moml.MoMLSimpleApplication@31035c12
reloadAllAccessors: .LevelCrossTest12

===========================================================================================
----------------- testing Tue Jul 24 01:39:32 UTC 2018 /home/travis/build/icyphy/ptII/ptolemy/actor/lib/test/auto/LevelCrossTest13.xml
----------------- Instantiating /home/travis/build/icyphy/ptII/ptolemy/actor/lib/test/auto/LevelCrossTest13.xml
2 ms. Memory: 1114112K Free: 863047K (77%)
----------------- Invoking toplevel() on ptolemy.moml.MoMLSimpleApplication@417d8ea0
----------------- Done invoking toplevel() on ptolemy.moml.MoMLSimpleApplication@417d8ea0
reloadAllAccessors: .LevelCrossTest13

===========================================================================================
----------------- testing Tue Jul 24 01:39:32 UTC 2018 /home/travis/build/icyphy/ptII/ptolemy/actor/lib/test/auto/LevelCrossTest2.xml
----------------- Instantiating /home/travis/build/icyphy/ptII/ptolemy/actor/lib/test/auto/LevelCrossTest2.xml
2 ms. Memory: 1114112K Free: 847597K (76%)
----------------- Invoking toplevel() on ptolemy.moml.MoMLSimpleApplication@89e7944
----------------- Done invoking toplevel() on ptolemy.moml.MoMLSimpleApplication@89e7944
reloadAllAccessors: .broken

===========================================================================================
----------------- testing Tue Jul 24 01:39:32 UTC 2018 /home/travis/build/icyphy/ptII/ptolemy/actor/lib/test/auto/LevelCrossTest3.xml
----------------- Instantiating /home/travis/build/icyphy/ptII/ptolemy/actor/lib/test/auto/LevelCrossTest3.xml
1 ms. Memory: 1114112K Free: 837618K (75%)
----------------- Invoking toplevel() on ptolemy.moml.MoMLSimpleApplication@5d50dfa5
----------------- Done invoking toplevel() on ptolemy.moml.MoMLSimpleApplication@5d50dfa5
reloadAllAccessors: .LevelCrossTest3

===========================================================================================
----------------- testing Tue Jul 24 01:39:32 UTC 2018 /home/travis/build/icyphy/ptII/ptolemy/actor/lib/test/auto/LevelCrossTest4.xml
----------------- Instantiating /home/travis/build/icyphy/ptII/ptolemy/actor/lib/test/auto/LevelCrossTest4.xml
2 ms. Memory: 1114112K Free: 822168K (74%)
----------------- Invoking toplevel() on ptolemy.moml.MoMLSimpleApplication@317f0ee3
----------------- Done invoking toplevel() on ptolemy.moml.MoMLSimpleApplication@317f0ee3
reloadAllAccessors: .broken

===========================================================================================
----------------- testing Tue Jul 24 01:39:32 UTC 2018 /home/travis/build/icyphy/ptII/ptolemy/actor/lib/test/auto/LevelCrossTest5.xml
----------------- Instantiating /home/travis/build/icyphy/ptII/ptolemy/actor/lib/test/auto/LevelCrossTest5.xml
4 ms. Memory: 1114112K Free: 807184K (72%)
----------------- Invoking toplevel() on ptolemy.moml.MoMLSimpleApplication@57b0ed86
----------------- Done invoking toplevel() on ptolemy.moml.MoMLSimpleApplication@57b0ed86
reloadAllAccessors: .LevelCrossTest5

===========================================================================================
----------------- testing Tue Jul 24 01:39:32 UTC 2018 /home/travis/build/icyphy/ptII/ptolemy/actor/lib/test/auto/LevelCrossTest6.xml
----------------- Instantiating /home/travis/build/icyphy/ptII/ptolemy/actor/lib/test/auto/LevelCrossTest6.xml
1 ms. Memory: 1114112K Free: 792200K (71%)
----------------- Invoking toplevel() on ptolemy.moml.MoMLSimpleApplication@60570d3
----------------- Done invoking toplevel() on ptolemy.moml.MoMLSimpleApplication@60570d3
reloadAllAccessors: .LevelCrossTest6

===========================================================================================
----------------- testing Tue Jul 24 01:39:32 UTC 2018 /home/travis/build/icyphy/ptII/ptolemy/actor/lib/test/auto/LevelCrossTest7.xml
----------------- Instantiating /home/travis/build/icyphy/ptII/ptolemy/actor/lib/test/auto/LevelCrossTest7.xml
1 ms. Memory: 1114112K Free: 771760K (69%)
----------------- Invoking toplevel() on ptolemy.moml.MoMLSimpleApplication@30b74c8e
----------------- Done invoking toplevel() on ptolemy.moml.MoMLSimpleApplication@30b74c8e
reloadAllAccessors: .LevelCrossTest7

===========================================================================================
----------------- testing Tue Jul 24 01:39:32 UTC 2018 /home/travis/build/icyphy/ptII/ptolemy/actor/lib/test/auto/LevelCrossTest8.xml
----------------- Instantiating /home/travis/build/icyphy/ptII/ptolemy/actor/lib/test/auto/LevelCrossTest8.xml
1 ms. Memory: 1114112K Free: 756784K (68%)
----------------- Invoking toplevel() on ptolemy.moml.MoMLSimpleApplication@78ccdc51
----------------- Done invoking toplevel() on ptolemy.moml.MoMLSimpleApplication@78ccdc51
reloadAllAccessors: .LevelCrossTest8

===========================================================================================
----------------- testing Tue Jul 24 01:39:32 UTC 2018 /home/travis/build/icyphy/ptII/ptolemy/actor/lib/test/auto/LevelCrossTest9.xml
----------------- Instantiating /home/travis/build/icyphy/ptII/ptolemy/actor/lib/test/auto/LevelCrossTest9.xml
1 ms. Memory: 1114112K Free: 736328K (66%)
----------------- Invoking toplevel() on ptolemy.moml.MoMLSimpleApplication@16496aef
----------------- Done invoking toplevel() on ptolemy.moml.MoMLSimpleApplication@16496aef
reloadAllAccessors: .LevelCrossTest9

===========================================================================================
----------------- testing Tue Jul 24 01:39:32 UTC 2018 /home/travis/build/icyphy/ptII/ptolemy/actor/lib/test/auto/LevinsonDurbin.xml
----------------- Instantiating /home/travis/build/icyphy/ptII/ptolemy/actor/lib/test/auto/LevinsonDurbin.xml
10 ms. Memory: 1114112K Free: 726349K (65%)
----------------- Invoking toplevel() on ptolemy.moml.MoMLSimpleApplication@6d4ec3d1
----------------- Done invoking toplevel() on ptolemy.moml.MoMLSimpleApplication@6d4ec3d1
reloadAllAccessors: .LevinsonDurbin

===========================================================================================
----------------- testing Tue Jul 24 01:39:32 UTC 2018 /home/travis/build/icyphy/ptII/ptolemy/actor/lib/test/auto/LevinsonDurbin2.xml
----------------- Instantiating /home/travis/build/icyphy/ptII/ptolemy/actor/lib/test/auto/LevinsonDurbin2.xml
2 ms. Memory: 1114112K Free: 710900K (64%)
----------------- Invoking toplevel() on ptolemy.moml.MoMLSimpleApplication@6b4dfa3d
----------------- Done invoking toplevel() on ptolemy.moml.MoMLSimpleApplication@6b4dfa3d
reloadAllAccessors: .LevinsonDurbin2

===========================================================================================
----------------- testing Tue Jul 24 01:39:32 UTC 2018 /home/travis/build/icyphy/ptII/ptolemy/actor/lib/test/auto/LevinsonDurbin3.xml
----------------- Instantiating /home/travis/build/icyphy/ptII/ptolemy/actor/lib/test/auto/LevinsonDurbin3.xml
4 ms. Memory: 1114112K Free: 700921K (63%)
----------------- Invoking toplevel() on ptolemy.moml.MoMLSimpleApplication@15ee8d31
----------------- Done invoking toplevel() on ptolemy.moml.MoMLSimpleApplication@15ee8d31
reloadAllAccessors: .LevinsonDurbin3

===========================================================================================
----------------- testing Tue Jul 24 01:39:32 UTC 2018 /home/travis/build/icyphy/ptII/ptolemy/actor/lib/test/auto/Limiter.xml
----------------- Instantiating /home/travis/build/icyphy/ptII/ptolemy/actor/lib/test/auto/Limiter.xml
8 ms. Memory: 1114112K Free: 680465K (61%)
----------------- Invoking toplevel() on ptolemy.moml.MoMLSimpleApplication@5418256f
----------------- Done invoking toplevel() on ptolemy.moml.MoMLSimpleApplication@5418256f
reloadAllAccessors: .Limiter

===========================================================================================
----------------- testing Tue Jul 24 01:39:32 UTC 2018 /home/travis/build/icyphy/ptII/ptolemy/actor/lib/test/auto/LinearDifferenceEquationSystem.xml
----------------- Instantiating /home/travis/build/icyphy/ptII/ptolemy/actor/lib/test/auto/LinearDifferenceEquationSystem.xml
3 ms. Memory: 1114112K Free: 665497K (60%)
----------------- Invoking toplevel() on ptolemy.moml.MoMLSimpleApplication@39b3eb06
----------------- Done invoking toplevel() on ptolemy.moml.MoMLSimpleApplication@39b3eb06
reloadAllAccessors: .LinearDifferenceEquationSystem

===========================================================================================
----------------- testing Tue Jul 24 01:39:32 UTC 2018 /home/travis/build/icyphy/ptII/ptolemy/actor/lib/test/auto/LookupTable.xml
----------------- Instantiating /home/travis/build/icyphy/ptII/ptolemy/actor/lib/test/auto/LookupTable.xml
1 ms. Memory: 1114112K Free: 655518K (59%)
----------------- Invoking toplevel() on ptolemy.moml.MoMLSimpleApplication@2af3563d
----------------- Done invoking toplevel() on ptolemy.moml.MoMLSimpleApplication@2af3563d
reloadAllAccessors: .LookupTable

===========================================================================================
----------------- testing Tue Jul 24 01:39:32 UTC 2018 /home/travis/build/icyphy/ptII/ptolemy/actor/lib/test/auto/MathFunction.xml
----------------- Instantiating /home/travis/build/icyphy/ptII/ptolemy/actor/lib/test/auto/MathFunction.xml
5 ms. Memory: 1114112K Free: 635063K (57%)
----------------- Invoking toplevel() on ptolemy.moml.MoMLSimpleApplication@43ceac5d
----------------- Done invoking toplevel() on ptolemy.moml.MoMLSimpleApplication@43ceac5d
reloadAllAccessors: .MathFunction

===========================================================================================
----------------- testing Tue Jul 24 01:39:32 UTC 2018 /home/travis/build/icyphy/ptII/ptolemy/actor/lib/test/auto/MathFunction2.xml
----------------- Instantiating /home/travis/build/icyphy/ptII/ptolemy/actor/lib/test/auto/MathFunction2.xml
1 ms. Memory: 1114112K Free: 625084K (56%)
----------------- Invoking toplevel() on ptolemy.moml.MoMLSimpleApplication@4e2acd2f
----------------- Done invoking toplevel() on ptolemy.moml.MoMLSimpleApplication@4e2acd2f
reloadAllAccessors: .MathFunction2

===========================================================================================
----------------- testing Tue Jul 24 01:39:32 UTC 2018 /home/travis/build/icyphy/ptII/ptolemy/actor/lib/test/auto/MathFunction3.xml
----------------- Instantiating /home/travis/build/icyphy/ptII/ptolemy/actor/lib/test/auto/MathFunction3.xml
2 ms. Memory: 1114112K Free: 604628K (54%)
----------------- Invoking toplevel() on ptolemy.moml.MoMLSimpleApplication@4baec30
----------------- Done invoking toplevel() on ptolemy.moml.MoMLSimpleApplication@4baec30
reloadAllAccessors: .MathFunction3

===========================================================================================
----------------- testing Tue Jul 24 01:39:33 UTC 2018 /home/travis/build/icyphy/ptII/ptolemy/actor/lib/test/auto/MatrixCropBoolean.xml
----------------- Instantiating /home/travis/build/icyphy/ptII/ptolemy/actor/lib/test/auto/MatrixCropBoolean.xml
1 ms. Memory: 1114112K Free: 594649K (53%)
----------------- Invoking toplevel() on ptolemy.moml.MoMLSimpleApplication@3443ec63
----------------- Done invoking toplevel() on ptolemy.moml.MoMLSimpleApplication@3443ec63
reloadAllAccessors: .MatrixCropBoolean

===========================================================================================
----------------- testing Tue Jul 24 01:39:33 UTC 2018 /home/travis/build/icyphy/ptII/ptolemy/actor/lib/test/auto/MatrixCropComplex.xml
----------------- Instantiating /home/travis/build/icyphy/ptII/ptolemy/actor/lib/test/auto/MatrixCropComplex.xml
1 ms. Memory: 1114112K Free: 579200K (52%)
----------------- Invoking toplevel() on ptolemy.moml.MoMLSimpleApplication@a9988d9
----------------- Done invoking toplevel() on ptolemy.moml.MoMLSimpleApplication@a9988d9
reloadAllAccessors: .MatrixCropComplex

===========================================================================================
----------------- testing Tue Jul 24 01:39:33 UTC 2018 /home/travis/build/icyphy/ptII/ptolemy/actor/lib/test/auto/MatrixCropDouble.xml
----------------- Instantiating /home/travis/build/icyphy/ptII/ptolemy/actor/lib/test/auto/MatrixCropDouble.xml
1 ms. Memory: 1114112K Free: 569221K (51%)
----------------- Invoking toplevel() on ptolemy.moml.MoMLSimpleApplication@33b316f3
----------------- Done invoking toplevel() on ptolemy.moml.MoMLSimpleApplication@33b316f3
reloadAllAccessors: .MatrixCropDouble

===========================================================================================
----------------- testing Tue Jul 24 01:39:33 UTC 2018 /home/travis/build/icyphy/ptII/ptolemy/actor/lib/test/auto/MatrixCropFix.xml
----------------- Instantiating /home/travis/build/icyphy/ptII/ptolemy/actor/lib/test/auto/MatrixCropFix.xml
2 ms. Memory: 1114112K Free: 553771K (50%)
----------------- Invoking toplevel() on ptolemy.moml.MoMLSimpleApplication@7278a199
----------------- Done invoking toplevel() on ptolemy.moml.MoMLSimpleApplication@7278a199
reloadAllAccessors: .MatrixCropFix

===========================================================================================
----------------- testing Tue Jul 24 01:39:33 UTC 2018 /home/travis/build/icyphy/ptII/ptolemy/actor/lib/test/auto/MatrixCropInt.xml
----------------- Instantiating /home/travis/build/icyphy/ptII/ptolemy/actor/lib/test/auto/MatrixCropInt.xml
2 ms. Memory: 1114112K Free: 543792K (49%)
----------------- Invoking toplevel() on ptolemy.moml.MoMLSimpleApplication@1cf96e54
----------------- Done invoking toplevel() on ptolemy.moml.MoMLSimpleApplication@1cf96e54
reloadAllAccessors: .MatrixCropInt

===========================================================================================
----------------- testing Tue Jul 24 01:39:33 UTC 2018 /home/travis/build/icyphy/ptII/ptolemy/actor/lib/test/auto/MatrixCropLong.xml
----------------- Instantiating /home/travis/build/icyphy/ptII/ptolemy/actor/lib/test/auto/MatrixCropLong.xml
2 ms. Memory: 1114112K Free: 533813K (48%)
----------------- Invoking toplevel() on ptolemy.moml.MoMLSimpleApplication@5dca9166
----------------- Done invoking toplevel() on ptolemy.moml.MoMLSimpleApplication@5dca9166
reloadAllAccessors: .MatrixCropLong

===========================================================================================
----------------- testing Tue Jul 24 01:39:33 UTC 2018 /home/travis/build/icyphy/ptII/ptolemy/actor/lib/test/auto/MatrixToArray.xml
----------------- Instantiating /home/travis/build/icyphy/ptII/ptolemy/actor/lib/test/auto/MatrixToArray.xml
10 ms. Memory: 1114112K Free: 508368K (46%)
----------------- Invoking toplevel() on ptolemy.moml.MoMLSimpleApplication@5b9bcb86
----------------- Done invoking toplevel() on ptolemy.moml.MoMLSimpleApplication@5b9bcb86
reloadAllAccessors: .MatrixToArray

===========================================================================================
----------------- testing Tue Jul 24 01:39:33 UTC 2018 /home/travis/build/icyphy/ptII/ptolemy/actor/lib/test/auto/MaxIndex.xml
----------------- Instantiating /home/travis/build/icyphy/ptII/ptolemy/actor/lib/test/auto/MaxIndex.xml
1 ms. Memory: 1114112K Free: 498389K (45%)
----------------- Invoking toplevel() on ptolemy.moml.MoMLSimpleApplication@1fca438
----------------- Done invoking toplevel() on ptolemy.moml.MoMLSimpleApplication@1fca438
reloadAllAccessors: .MaxIndex

===========================================================================================
----------------- testing Tue Jul 24 01:39:33 UTC 2018 /home/travis/build/icyphy/ptII/ptolemy/actor/lib/test/auto/Maximum.xml
----------------- Instantiating /home/travis/build/icyphy/ptII/ptolemy/actor/lib/test/auto/Maximum.xml
7 ms. Memory: 1114112K Free: 482939K (43%)
----------------- Invoking toplevel() on ptolemy.moml.MoMLSimpleApplication@61521671
----------------- Done invoking toplevel() on ptolemy.moml.MoMLSimpleApplication@61521671
reloadAllAccessors: .Maximum

===========================================================================================
----------------- testing Tue Jul 24 01:39:33 UTC 2018 /home/travis/build/icyphy/ptII/ptolemy/actor/lib/test/auto/MaximumComplex.xml
----------------- Instantiating /home/travis/build/icyphy/ptII/ptolemy/actor/lib/test/auto/MaximumComplex.xml
4 ms. Memory: 1114112K Free: 472960K (42%)
----------------- Invoking toplevel() on ptolemy.moml.MoMLSimpleApplication@4aa94476
----------------- Done invoking toplevel() on ptolemy.moml.MoMLSimpleApplication@4aa94476
reloadAllAccessors: .MaximumComplex

===========================================================================================
----------------- testing Tue Jul 24 01:39:33 UTC 2018 /home/travis/build/icyphy/ptII/ptolemy/actor/lib/test/auto/MethodCallTest.xml
----------------- Instantiating /home/travis/build/icyphy/ptII/ptolemy/actor/lib/test/auto/MethodCallTest.xml
2 ms. Memory: 1114112K Free: 452521K (41%)
----------------- Invoking toplevel() on ptolemy.moml.MoMLSimpleApplication@5d28f6f4
----------------- Done invoking toplevel() on ptolemy.moml.MoMLSimpleApplication@5d28f6f4
reloadAllAccessors: .MethodCallTest

===========================================================================================
----------------- testing Tue Jul 24 01:39:33 UTC 2018 /home/travis/build/icyphy/ptII/ptolemy/actor/lib/test/auto/Minimum.xml
----------------- Instantiating /home/travis/build/icyphy/ptII/ptolemy/actor/lib/test/auto/Minimum.xml
2 ms. Memory: 1114112K Free: 442542K (40%)
----------------- Invoking toplevel() on ptolemy.moml.MoMLSimpleApplication@655c77c2
----------------- Done invoking toplevel() on ptolemy.moml.MoMLSimpleApplication@655c77c2
reloadAllAccessors: .Minimum

===========================================================================================
----------------- testing Tue Jul 24 01:39:33 UTC 2018 /home/travis/build/icyphy/ptII/ptolemy/actor/lib/test/auto/MinimumComplex.xml
----------------- Instantiating /home/travis/build/icyphy/ptII/ptolemy/actor/lib/test/auto/MinimumComplex.xml
3 ms. Memory: 1114112K Free: 427092K (38%)
----------------- Invoking toplevel() on ptolemy.moml.MoMLSimpleApplication@5bc20c35
----------------- Done invoking toplevel() on ptolemy.moml.MoMLSimpleApplication@5bc20c35
reloadAllAccessors: .MinimumComplex

===========================================================================================
----------------- testing Tue Jul 24 01:39:33 UTC 2018 /home/travis/build/icyphy/ptII/ptolemy/actor/lib/test/auto/MinimumMultiports.xml
----------------- Instantiating /home/travis/build/icyphy/ptII/ptolemy/actor/lib/test/auto/MinimumMultiports.xml
4 ms. Memory: 1114112K Free: 412124K (37%)
----------------- Invoking toplevel() on ptolemy.moml.MoMLSimpleApplication@5c718603
----------------- Done invoking toplevel() on ptolemy.moml.MoMLSimpleApplication@5c718603
reloadAllAccessors: .MinimumMultiports

===========================================================================================
----------------- testing Tue Jul 24 01:39:33 UTC 2018 /home/travis/build/icyphy/ptII/ptolemy/actor/lib/test/auto/ModifyDate.xml
----------------- Instantiating /home/travis/build/icyphy/ptII/ptolemy/actor/lib/test/auto/ModifyDate.xml
8 ms. Memory: 1114112K Free: 386679K (35%)
----------------- Invoking toplevel() on ptolemy.moml.MoMLSimpleApplication@74ff33bc
----------------- Done invoking toplevel() on ptolemy.moml.MoMLSimpleApplication@74ff33bc
reloadAllAccessors: .ModifyDate

===========================================================================================
----------------- testing Tue Jul 24 01:39:33 UTC 2018 /home/travis/build/icyphy/ptII/ptolemy/actor/lib/test/auto/ModifyDate2.xml
----------------- Instantiating /home/travis/build/icyphy/ptII/ptolemy/actor/lib/test/auto/ModifyDate2.xml
2 ms. Memory: 1114112K Free: 371711K (33%)
----------------- Invoking toplevel() on ptolemy.moml.MoMLSimpleApplication@3fecbd47
----------------- Done invoking toplevel() on ptolemy.moml.MoMLSimpleApplication@3fecbd47
reloadAllAccessors: .ModifyDate2

===========================================================================================
----------------- testing Tue Jul 24 01:39:33 UTC 2018 /home/travis/build/icyphy/ptII/ptolemy/actor/lib/test/auto/MovingAverage.xml
----------------- Instantiating /home/travis/build/icyphy/ptII/ptolemy/actor/lib/test/auto/MovingAverage.xml
1 ms. Memory: 1114112K Free: 361732K (32%)
----------------- Invoking toplevel() on ptolemy.moml.MoMLSimpleApplication@3e606fc8
----------------- Done invoking toplevel() on ptolemy.moml.MoMLSimpleApplication@3e606fc8
reloadAllAccessors: .MovingAverage

===========================================================================================
----------------- testing Tue Jul 24 01:39:33 UTC 2018 /home/travis/build/icyphy/ptII/ptolemy/actor/lib/test/auto/MovingMaximum.xml
----------------- Instantiating /home/travis/build/icyphy/ptII/ptolemy/actor/lib/test/auto/MovingMaximum.xml
1 ms. Memory: 1114112K Free: 346282K (31%)
----------------- Invoking toplevel() on ptolemy.moml.MoMLSimpleApplication@40bf5fe3
----------------- Done invoking toplevel() on ptolemy.moml.MoMLSimpleApplication@40bf5fe3
reloadAllAccessors: .MovingMaximum

===========================================================================================
----------------- testing Tue Jul 24 01:39:33 UTC 2018 /home/travis/build/icyphy/ptII/ptolemy/actor/lib/test/auto/MultipleLinksToSameRelation.xml
----------------- Instantiating /home/travis/build/icyphy/ptII/ptolemy/actor/lib/test/auto/MultipleLinksToSameRelation.xml
2 ms. Memory: 1114112K Free: 336303K (30%)
----------------- Invoking toplevel() on ptolemy.moml.MoMLSimpleApplication@37730f59
----------------- Done invoking toplevel() on ptolemy.moml.MoMLSimpleApplication@37730f59
reloadAllAccessors: .MultipleLinksToSameRelation

===========================================================================================
----------------- testing Tue Jul 24 01:39:33 UTC 2018 /home/travis/build/icyphy/ptII/ptolemy/actor/lib/test/auto/MultipleLinksToSameRelationDE.xml
----------------- Instantiating /home/travis/build/icyphy/ptII/ptolemy/actor/lib/test/auto/MultipleLinksToSameRelationDE.xml
4 ms. Memory: 1114112K Free: 320853K (29%)
----------------- Invoking toplevel() on ptolemy.moml.MoMLSimpleApplication@443322ad
----------------- Done invoking toplevel() on ptolemy.moml.MoMLSimpleApplication@443322ad
reloadAllAccessors: .MultipleLinksToSameRelationDE

===========================================================================================
----------------- testing Tue Jul 24 01:39:33 UTC 2018 /home/travis/build/icyphy/ptII/ptolemy/actor/lib/test/auto/Multiplexor.xml
----------------- Instantiating /home/travis/build/icyphy/ptII/ptolemy/actor/lib/test/auto/Multiplexor.xml
1 ms. Memory: 1114112K Free: 310874K (28%)
----------------- Invoking toplevel() on ptolemy.moml.MoMLSimpleApplication@3fcd3187
----------------- Done invoking toplevel() on ptolemy.moml.MoMLSimpleApplication@3fcd3187
reloadAllAccessors: .Multiplexor

===========================================================================================
----------------- testing Tue Jul 24 01:39:33 UTC 2018 /home/travis/build/icyphy/ptII/ptolemy/actor/lib/test/auto/Multiplexor1.xml
----------------- Instantiating /home/travis/build/icyphy/ptII/ptolemy/actor/lib/test/auto/Multiplexor1.xml
2 ms. Memory: 1114112K Free: 295425K (27%)
----------------- Invoking toplevel() on ptolemy.moml.MoMLSimpleApplication@74b79bdf
----------------- Done invoking toplevel() on ptolemy.moml.MoMLSimpleApplication@74b79bdf
reloadAllAccessors: .Multiplexor1

===========================================================================================
----------------- testing Tue Jul 24 01:39:33 UTC 2018 /home/travis/build/icyphy/ptII/ptolemy/actor/lib/test/auto/Multiplexor2.xml
----------------- Instantiating /home/travis/build/icyphy/ptII/ptolemy/actor/lib/test/auto/Multiplexor2.xml
7 ms. Memory: 1114112K Free: 285446K (26%)
----------------- Invoking toplevel() on ptolemy.moml.MoMLSimpleApplication@4e0e1df5
----------------- Done invoking toplevel() on ptolemy.moml.MoMLSimpleApplication@4e0e1df5
reloadAllAccessors: .Multiplexor2

===========================================================================================
----------------- testing Tue Jul 24 01:39:33 UTC 2018 /home/travis/build/icyphy/ptII/ptolemy/actor/lib/test/auto/Multiplexor3.xml
----------------- Instantiating /home/travis/build/icyphy/ptII/ptolemy/actor/lib/test/auto/Multiplexor3.xml
2 ms. Memory: 1114112K Free: 269996K (24%)
----------------- Invoking toplevel() on ptolemy.moml.MoMLSimpleApplication@4c23a5f3
----------------- Done invoking toplevel() on ptolemy.moml.MoMLSimpleApplication@4c23a5f3
reloadAllAccessors: .Multiplexor3

===========================================================================================
----------------- testing Tue Jul 24 01:39:33 UTC 2018 /home/travis/build/icyphy/ptII/ptolemy/actor/lib/test/auto/MultiplexorDE.xml
----------------- Instantiating /home/travis/build/icyphy/ptII/ptolemy/actor/lib/test/auto/MultiplexorDE.xml
2 ms. Memory: 1114112K Free: 255028K (23%)
----------------- Invoking toplevel() on ptolemy.moml.MoMLSimpleApplication@d5bceec
----------------- Done invoking toplevel() on ptolemy.moml.MoMLSimpleApplication@d5bceec
reloadAllAccessors: .MultiplexorDE

===========================================================================================
----------------- testing Tue Jul 24 01:39:33 UTC 2018 /home/travis/build/icyphy/ptII/ptolemy/actor/lib/test/auto/MultiportBroadcastTest.xml
----------------- Instantiating /home/travis/build/icyphy/ptII/ptolemy/actor/lib/test/auto/MultiportBroadcastTest.xml
57 ms. Memory: 1114112K Free: 239578K (22%)
----------------- Invoking toplevel() on ptolemy.moml.MoMLSimpleApplication@488d5f26
----------------- Done invoking toplevel() on ptolemy.moml.MoMLSimpleApplication@488d5f26
reloadAllAccessors: .MultiportBroadcastTest

===========================================================================================
----------------- testing Tue Jul 24 01:39:33 UTC 2018 /home/travis/build/icyphy/ptII/ptolemy/actor/lib/test/auto/MultiportOutHangDuringGetWidth.xml
----------------- Instantiating /home/travis/build/icyphy/ptII/ptolemy/actor/lib/test/auto/MultiportOutHangDuringGetWidth.xml
4 ms. Memory: 1114112K Free: 219604K (20%)
----------------- Invoking toplevel() on ptolemy.moml.MoMLSimpleApplication@7364e71d
----------------- Done invoking toplevel() on ptolemy.moml.MoMLSimpleApplication@7364e71d
reloadAllAccessors: .MultiportOutHangDuringGetWidth

===========================================================================================
----------------- testing Tue Jul 24 01:39:33 UTC 2018 /home/travis/build/icyphy/ptII/ptolemy/actor/lib/test/auto/NilToken.xml
----------------- Instantiating /home/travis/build/icyphy/ptII/ptolemy/actor/lib/test/auto/NilToken.xml
1 ms. Memory: 1114112K Free: 209625K (19%)
----------------- Invoking toplevel() on ptolemy.moml.MoMLSimpleApplication@13e83e57
----------------- Done invoking toplevel() on ptolemy.moml.MoMLSimpleApplication@13e83e57
reloadAllAccessors: .NilToken

===========================================================================================
----------------- testing Tue Jul 24 01:39:33 UTC 2018 /home/travis/build/icyphy/ptII/ptolemy/actor/lib/test/auto/NilTokenNonStrictTest.xml
----------------- Instantiating /home/travis/build/icyphy/ptII/ptolemy/actor/lib/test/auto/NilTokenNonStrictTest.xml
3 ms. Memory: 1114112K Free: 194175K (17%)
----------------- Invoking toplevel() on ptolemy.moml.MoMLSimpleApplication@2c27017e
----------------- Done invoking toplevel() on ptolemy.moml.MoMLSimpleApplication@2c27017e
reloadAllAccessors: .NilTokenNonStrictTest

===========================================================================================
----------------- testing Tue Jul 24 01:39:33 UTC 2018 /home/travis/build/icyphy/ptII/ptolemy/actor/lib/test/auto/NilTokenRecord.xml
----------------- Instantiating /home/travis/build/icyphy/ptII/ptolemy/actor/lib/test/auto/NilTokenRecord.xml
8 ms. Memory: 1114112K Free: 184196K (17%)
----------------- Invoking toplevel() on ptolemy.moml.MoMLSimpleApplication@26e9666b
----------------- Done invoking toplevel() on ptolemy.moml.MoMLSimpleApplication@26e9666b
reloadAllAccessors: .NilTokenRecord

===========================================================================================
----------------- testing Tue Jul 24 01:39:33 UTC 2018 /home/travis/build/icyphy/ptII/ptolemy/actor/lib/test/auto/NilTokenTypeTest.xml
----------------- Instantiating /home/travis/build/icyphy/ptII/ptolemy/actor/lib/test/auto/NilTokenTypeTest.xml
3 ms. Memory: 1114112K Free: 163749K (15%)
----------------- Invoking toplevel() on ptolemy.moml.MoMLSimpleApplication@e3fba0b
----------------- Done invoking toplevel() on ptolemy.moml.MoMLSimpleApplication@e3fba0b
reloadAllAccessors: .NilTokenTypeTest

===========================================================================================
----------------- testing Tue Jul 24 01:39:33 UTC 2018 /home/travis/build/icyphy/ptII/ptolemy/actor/lib/test/auto/ObjectToken1.xml
----------------- Instantiating /home/travis/build/icyphy/ptII/ptolemy/actor/lib/test/auto/ObjectToken1.xml
1 ms. Memory: 1114112K Free: 153770K (14%)
----------------- Invoking toplevel() on ptolemy.moml.MoMLSimpleApplication@508bc4a5
----------------- Done invoking toplevel() on ptolemy.moml.MoMLSimpleApplication@508bc4a5
reloadAllAccessors: .ObjectToken1

===========================================================================================
----------------- testing Tue Jul 24 01:39:33 UTC 2018 /home/travis/build/icyphy/ptII/ptolemy/actor/lib/test/auto/OrderedMerge.xml
----------------- Instantiating /home/travis/build/icyphy/ptII/ptolemy/actor/lib/test/auto/OrderedMerge.xml
10 ms. Memory: 1114112K Free: 118362K (11%)
----------------- Invoking toplevel() on ptolemy.moml.MoMLSimpleApplication@39ca5927
----------------- Done invoking toplevel() on ptolemy.moml.MoMLSimpleApplication@39ca5927
reloadAllAccessors: .OrderedMerge

===========================================================================================
----------------- testing Tue Jul 24 01:39:33 UTC 2018 /home/travis/build/icyphy/ptII/ptolemy/actor/lib/test/auto/OrderedRecordDisassembler.xml
----------------- Instantiating /home/travis/build/icyphy/ptII/ptolemy/actor/lib/test/auto/OrderedRecordDisassembler.xml
3 ms. Memory: 1114112K Free: 108383K (10%)
----------------- Invoking toplevel() on ptolemy.moml.MoMLSimpleApplication@2403b982
----------------- Done invoking toplevel() on ptolemy.moml.MoMLSimpleApplication@2403b982
reloadAllAccessors: .OrderedRecordDisassembler

===========================================================================================
----------------- testing Tue Jul 24 01:39:33 UTC 2018 /home/travis/build/icyphy/ptII/ptolemy/actor/lib/test/auto/OrderedRecordDisassembler2.xml
----------------- Instantiating /home/travis/build/icyphy/ptII/ptolemy/actor/lib/test/auto/OrderedRecordDisassembler2.xml
4 ms. Memory: 1114112K Free: 87928K (8%)
----------------- Invoking toplevel() on ptolemy.moml.MoMLSimpleApplication@5fdfd5b
----------------- Done invoking toplevel() on ptolemy.moml.MoMLSimpleApplication@5fdfd5b
reloadAllAccessors: .OrderedRecordDisassembler2

===========================================================================================
----------------- testing Tue Jul 24 01:39:33 UTC 2018 /home/travis/build/icyphy/ptII/ptolemy/actor/lib/test/auto/OrderedRecordUpdater.xml
----------------- Instantiating /home/travis/build/icyphy/ptII/ptolemy/actor/lib/test/auto/OrderedRecordUpdater.xml
2 ms. Memory: 1114112K Free: 77949K (7%)
----------------- Invoking toplevel() on ptolemy.moml.MoMLSimpleApplication@6cb6baef
----------------- Done invoking toplevel() on ptolemy.moml.MoMLSimpleApplication@6cb6baef
reloadAllAccessors: .RecordUpdater

===========================================================================================
----------------- testing Tue Jul 24 01:39:33 UTC 2018 /home/travis/build/icyphy/ptII/ptolemy/actor/lib/test/auto/OrderedRecordUpdater2.xml
----------------- Instantiating /home/travis/build/icyphy/ptII/ptolemy/actor/lib/test/auto/OrderedRecordUpdater2.xml
3 ms. Memory: 1260032K Free: 1210594K (96%)
----------------- Invoking toplevel() on ptolemy.moml.MoMLSimpleApplication@35c4f146
----------------- Done invoking toplevel() on ptolemy.moml.MoMLSimpleApplication@35c4f146
reloadAllAccessors: .RecordUpdater2

===========================================================================================
----------------- testing Tue Jul 24 01:39:33 UTC 2018 /home/travis/build/icyphy/ptII/ptolemy/actor/lib/test/auto/PhaseUnwrap.xml
----------------- Instantiating /home/travis/build/icyphy/ptII/ptolemy/actor/lib/test/auto/PhaseUnwrap.xml
1 ms. Memory: 1260032K Free: 1189655K (94%)
----------------- Invoking toplevel() on ptolemy.moml.MoMLSimpleApplication@6a192d9e
----------------- Done invoking toplevel() on ptolemy.moml.MoMLSimpleApplication@6a192d9e
reloadAllAccessors: .PhaseUnwrap

===========================================================================================
----------------- testing Tue Jul 24 01:39:33 UTC 2018 /home/travis/build/icyphy/ptII/ptolemy/actor/lib/test/auto/PoissonClock.xml
----------------- Instantiating /home/travis/build/icyphy/ptII/ptolemy/actor/lib/test/auto/PoissonClock.xml
1 ms. Memory: 1260032K Free: 1174186K (93%)
----------------- Invoking toplevel() on ptolemy.moml.MoMLSimpleApplication@6cf3ed6c
----------------- Done invoking toplevel() on ptolemy.moml.MoMLSimpleApplication@6cf3ed6c
reloadAllAccessors: .PoissonClock

===========================================================================================
----------------- testing Tue Jul 24 01:39:33 UTC 2018 /home/travis/build/icyphy/ptII/ptolemy/actor/lib/test/auto/PoissonClock2.xml
----------------- Instantiating /home/travis/build/icyphy/ptII/ptolemy/actor/lib/test/auto/PoissonClock2.xml
1 ms. Memory: 1260032K Free: 1153246K (92%)
----------------- Invoking toplevel() on ptolemy.moml.MoMLSimpleApplication@39852d10
----------------- Done invoking toplevel() on ptolemy.moml.MoMLSimpleApplication@39852d10
reloadAllAccessors: .PoissonClock2

===========================================================================================
----------------- testing Tue Jul 24 01:39:33 UTC 2018 /home/travis/build/icyphy/ptII/ptolemy/actor/lib/test/auto/PoissonClock3.xml
----------------- Instantiating /home/travis/build/icyphy/ptII/ptolemy/actor/lib/test/auto/PoissonClock3.xml
1 ms. Memory: 1260032K Free: 1137758K (90%)
----------------- Invoking toplevel() on ptolemy.moml.MoMLSimpleApplication@395270e4
----------------- Done invoking toplevel() on ptolemy.moml.MoMLSimpleApplication@395270e4
reloadAllAccessors: .PoissonClock3

===========================================================================================
----------------- testing Tue Jul 24 01:39:33 UTC 2018 /home/travis/build/icyphy/ptII/ptolemy/actor/lib/test/auto/PubSubWithInitialTokens.xml
----------------- Instantiating /home/travis/build/icyphy/ptII/ptolemy/actor/lib/test/auto/PubSubWithInitialTokens.xml
1 ms. Memory: 1260032K Free: 1116819K (89%)
----------------- Invoking toplevel() on ptolemy.moml.MoMLSimpleApplication@143e3bed
----------------- Done invoking toplevel() on ptolemy.moml.MoMLSimpleApplication@143e3bed
reloadAllAccessors: .PubSubWithInitialTokens

===========================================================================================
----------------- testing Tue Jul 24 01:39:34 UTC 2018 /home/travis/build/icyphy/ptII/ptolemy/actor/lib/test/auto/PubSubWithInitialTokens2.xml
----------------- Instantiating /home/travis/build/icyphy/ptII/ptolemy/actor/lib/test/auto/PubSubWithInitialTokens2.xml
1 ms. Memory: 1260032K Free: 1101350K (87%)
----------------- Invoking toplevel() on ptolemy.moml.MoMLSimpleApplication@706abf1
----------------- Done invoking toplevel() on ptolemy.moml.MoMLSimpleApplication@706abf1
reloadAllAccessors: .PubSubWithInitialTokens2

===========================================================================================
----------------- testing Tue Jul 24 01:39:34 UTC 2018 /home/travis/build/icyphy/ptII/ptolemy/actor/lib/test/auto/PublisherClassNoParameter.xml
----------------- Instantiating /home/travis/build/icyphy/ptII/ptolemy/actor/lib/test/auto/PublisherClassNoParameter.xml
2 ms. Memory: 1260032K Free: 1072675K (85%)
----------------- Invoking toplevel() on ptolemy.moml.MoMLSimpleApplication@3dadc3ac
----------------- Done invoking toplevel() on ptolemy.moml.MoMLSimpleApplication@3dadc3ac
reloadAllAccessors: .PublisherClassNoParameter

===========================================================================================
----------------- testing Tue Jul 24 01:39:34 UTC 2018 /home/travis/build/icyphy/ptII/ptolemy/actor/lib/test/auto/PublisherClassParameter.xml
----------------- Instantiating /home/travis/build/icyphy/ptII/ptolemy/actor/lib/test/auto/PublisherClassParameter.xml
1 ms. Memory: 1260032K Free: 1049455K (83%)
----------------- Invoking toplevel() on ptolemy.moml.MoMLSimpleApplication@2baadf87
----------------- Done invoking toplevel() on ptolemy.moml.MoMLSimpleApplication@2baadf87
reloadAllAccessors: .PublisherClassParameter

===========================================================================================
----------------- testing Tue Jul 24 01:39:34 UTC 2018 /home/travis/build/icyphy/ptII/ptolemy/actor/lib/test/auto/PublisherNonStrictTest.xml
----------------- Instantiating /home/travis/build/icyphy/ptII/ptolemy/actor/lib/test/auto/PublisherNonStrictTest.xml
2 ms. Memory: 1260032K Free: 1028516K (82%)
----------------- Invoking toplevel() on ptolemy.moml.MoMLSimpleApplication@2e69ffb1
----------------- Done invoking toplevel() on ptolemy.moml.MoMLSimpleApplication@2e69ffb1
reloadAllAccessors: .PublisherNonStrictTest

===========================================================================================
----------------- testing Tue Jul 24 01:39:34 UTC 2018 /home/travis/build/icyphy/ptII/ptolemy/actor/lib/test/auto/PublisherPort1.xml
----------------- Instantiating /home/travis/build/icyphy/ptII/ptolemy/actor/lib/test/auto/PublisherPort1.xml
2 ms. Memory: 1260032K Free: 1013046K (80%)
----------------- Invoking toplevel() on ptolemy.moml.MoMLSimpleApplication@6725b881
----------------- Done invoking toplevel() on ptolemy.moml.MoMLSimpleApplication@6725b881
reloadAllAccessors: .PublisherPort1

===========================================================================================
----------------- testing Tue Jul 24 01:39:34 UTC 2018 /home/travis/build/icyphy/ptII/ptolemy/actor/lib/test/auto/PublisherPort2.xml
----------------- Instantiating /home/travis/build/icyphy/ptII/ptolemy/actor/lib/test/auto/PublisherPort2.xml
1 ms. Memory: 1260032K Free: 992107K (79%)
----------------- Invoking toplevel() on ptolemy.moml.MoMLSimpleApplication@60eaa810
----------------- Done invoking toplevel() on ptolemy.moml.MoMLSimpleApplication@60eaa810
reloadAllAccessors: .PublisherPort2

===========================================================================================
----------------- testing Tue Jul 24 01:39:34 UTC 2018 /home/travis/build/icyphy/ptII/ptolemy/actor/lib/test/auto/PublisherPort3.xml
----------------- Instantiating /home/travis/build/icyphy/ptII/ptolemy/actor/lib/test/auto/PublisherPort3.xml
11 ms. Memory: 1260032K Free: 976638K (78%)
----------------- Invoking toplevel() on ptolemy.moml.MoMLSimpleApplication@25681f55
----------------- Done invoking toplevel() on ptolemy.moml.MoMLSimpleApplication@25681f55
reloadAllAccessors: .PublisherPort3

===========================================================================================
----------------- testing Tue Jul 24 01:39:34 UTC 2018 /home/travis/build/icyphy/ptII/ptolemy/actor/lib/test/auto/PublisherPort4.xml
----------------- Instantiating /home/travis/build/icyphy/ptII/ptolemy/actor/lib/test/auto/PublisherPort4.xml
2 ms. Memory: 1260032K Free: 961168K (76%)
----------------- Invoking toplevel() on ptolemy.moml.MoMLSimpleApplication@171b702
----------------- Done invoking toplevel() on ptolemy.moml.MoMLSimpleApplication@171b702
reloadAllAccessors: .PublisherPort4

===========================================================================================
----------------- testing Tue Jul 24 01:39:34 UTC 2018 /home/travis/build/icyphy/ptII/ptolemy/actor/lib/test/auto/PublisherPort5.xml
----------------- Instantiating /home/travis/build/icyphy/ptII/ptolemy/actor/lib/test/auto/PublisherPort5.xml
3 ms. Memory: 1260032K Free: 940229K (75%)
----------------- Invoking toplevel() on ptolemy.moml.MoMLSimpleApplication@7c53c02c
----------------- Done invoking toplevel() on ptolemy.moml.MoMLSimpleApplication@7c53c02c
reloadAllAccessors: .PublisherPort5

===========================================================================================
----------------- testing Tue Jul 24 01:39:34 UTC 2018 /home/travis/build/icyphy/ptII/ptolemy/actor/lib/test/auto/PublisherPort5LookAlike.xml
----------------- Instantiating /home/travis/build/icyphy/ptII/ptolemy/actor/lib/test/auto/PublisherPort5LookAlike.xml
3 ms. Memory: 1260032K Free: 924760K (73%)
----------------- Invoking toplevel() on ptolemy.moml.MoMLSimpleApplication@3c529e91
----------------- Done invoking toplevel() on ptolemy.moml.MoMLSimpleApplication@3c529e91
reloadAllAccessors: .PublisherPort5LookAlike

===========================================================================================
----------------- testing Tue Jul 24 01:39:34 UTC 2018 /home/travis/build/icyphy/ptII/ptolemy/actor/lib/test/auto/PublisherPort6.xml
----------------- Instantiating /home/travis/build/icyphy/ptII/ptolemy/actor/lib/test/auto/PublisherPort6.xml
1 ms. Memory: 1260032K Free: 903820K (72%)
----------------- Invoking toplevel() on ptolemy.moml.MoMLSimpleApplication@3c0dbb08
----------------- Done invoking toplevel() on ptolemy.moml.MoMLSimpleApplication@3c0dbb08
reloadAllAccessors: .PublisherPort6

===========================================================================================
----------------- testing Tue Jul 24 01:39:34 UTC 2018 /home/travis/build/icyphy/ptII/ptolemy/actor/lib/test/auto/PublisherPort7.xml
----------------- Instantiating /home/travis/build/icyphy/ptII/ptolemy/actor/lib/test/auto/PublisherPort7.xml
2 ms. Memory: 1260032K Free: 888351K (71%)
----------------- Invoking toplevel() on ptolemy.moml.MoMLSimpleApplication@607580a5
----------------- Done invoking toplevel() on ptolemy.moml.MoMLSimpleApplication@607580a5
reloadAllAccessors: .PublisherPort7

===========================================================================================
----------------- testing Tue Jul 24 01:39:34 UTC 2018 /home/travis/build/icyphy/ptII/ptolemy/actor/lib/test/auto/PublisherPort8.xml
----------------- Instantiating /home/travis/build/icyphy/ptII/ptolemy/actor/lib/test/auto/PublisherPort8.xml
4 ms. Memory: 1260032K Free: 867411K (69%)
----------------- Invoking toplevel() on ptolemy.moml.MoMLSimpleApplication@7f7b273c
----------------- Done invoking toplevel() on ptolemy.moml.MoMLSimpleApplication@7f7b273c
reloadAllAccessors: .PublisherPort8

===========================================================================================
----------------- testing Tue Jul 24 01:39:34 UTC 2018 /home/travis/build/icyphy/ptII/ptolemy/actor/lib/test/auto/PublisherPortSubscriberChannelVariablesAOC2.xml
----------------- Instantiating /home/travis/build/icyphy/ptII/ptolemy/actor/lib/test/auto/PublisherPortSubscriberChannelVariablesAOC2.xml
3 ms. Memory: 1260032K Free: 836440K (66%)
----------------- Invoking toplevel() on ptolemy.moml.MoMLSimpleApplication@7a2bf3ba
----------------- Done invoking toplevel() on ptolemy.moml.MoMLSimpleApplication@7a2bf3ba
reloadAllAccessors: .PublisherPortSubscriberChannelVariablesAOC2

===========================================================================================
----------------- testing Tue Jul 24 01:39:34 UTC 2018 /home/travis/build/icyphy/ptII/ptolemy/actor/lib/test/auto/PublisherPortSubscriberOpaqueWidthInference.xml
----------------- Instantiating /home/travis/build/icyphy/ptII/ptolemy/actor/lib/test/auto/PublisherPortSubscriberOpaqueWidthInference.xml
3 ms. Memory: 1260032K Free: 815501K (65%)
----------------- Invoking toplevel() on ptolemy.moml.MoMLSimpleApplication@68233ee4
----------------- Done invoking toplevel() on ptolemy.moml.MoMLSimpleApplication@68233ee4
reloadAllAccessors: .PublisherPortSubscriberOpaqueWidthInference

===========================================================================================
----------------- testing Tue Jul 24 01:39:34 UTC 2018 /home/travis/build/icyphy/ptII/ptolemy/actor/lib/test/auto/PublisherPortSubscriberPortAdjacent.xml
----------------- Instantiating /home/travis/build/icyphy/ptII/ptolemy/actor/lib/test/auto/PublisherPortSubscriberPortAdjacent.xml
1 ms. Memory: 1260032K Free: 800032K (63%)
----------------- Invoking toplevel() on ptolemy.moml.MoMLSimpleApplication@622c2ab6
----------------- Done invoking toplevel() on ptolemy.moml.MoMLSimpleApplication@622c2ab6
reloadAllAccessors: .PublisherPortSubscriberPortAdjacent

===========================================================================================
----------------- testing Tue Jul 24 01:39:34 UTC 2018 /home/travis/build/icyphy/ptII/ptolemy/actor/lib/test/auto/PublisherPortSubscriberPortExpression.xml
----------------- Instantiating /home/travis/build/icyphy/ptII/ptolemy/actor/lib/test/auto/PublisherPortSubscriberPortExpression.xml
3 ms. Memory: 1260032K Free: 779092K (62%)
----------------- Invoking toplevel() on ptolemy.moml.MoMLSimpleApplication@79d3dda1
----------------- Done invoking toplevel() on ptolemy.moml.MoMLSimpleApplication@79d3dda1
reloadAllAccessors: .PublisherPortSubscriberPortExpression

===========================================================================================
----------------- testing Tue Jul 24 01:39:34 UTC 2018 /home/travis/build/icyphy/ptII/ptolemy/actor/lib/test/auto/PublisherPortSubscriberPortOpaqueD3Reverse.xml
----------------- Instantiating /home/travis/build/icyphy/ptII/ptolemy/actor/lib/test/auto/PublisherPortSubscriberPortOpaqueD3Reverse.xml
5 ms. Memory: 1260032K Free: 763623K (61%)
----------------- Invoking toplevel() on ptolemy.moml.MoMLSimpleApplication@58961f91
----------------- Done invoking toplevel() on ptolemy.moml.MoMLSimpleApplication@58961f91
reloadAllAccessors: .PublisherPortSubscriberPortOpaqueD3Reverse

===========================================================================================
----------------- testing Tue Jul 24 01:39:34 UTC 2018 /home/travis/build/icyphy/ptII/ptolemy/actor/lib/test/auto/PublisherPortSubscriberPortOpaqueWidthInference.xml
----------------- Instantiating /home/travis/build/icyphy/ptII/ptolemy/actor/lib/test/auto/PublisherPortSubscriberPortOpaqueWidthInference.xml
4 ms. Memory: 1260032K Free: 742683K (59%)
----------------- Invoking toplevel() on ptolemy.moml.MoMLSimpleApplication@2b5bda74
----------------- Done invoking toplevel() on ptolemy.moml.MoMLSimpleApplication@2b5bda74
reloadAllAccessors: .PublisherPortSubscriberPortOpaqueWidthInference

===========================================================================================
----------------- testing Tue Jul 24 01:39:34 UTC 2018 /home/travis/build/icyphy/ptII/ptolemy/actor/lib/test/auto/PublisherPortToplevelSubscriberPortAOC.xml
----------------- Instantiating /home/travis/build/icyphy/ptII/ptolemy/actor/lib/test/auto/PublisherPortToplevelSubscriberPortAOC.xml
.PublisherPortToplevelSubscriberPortAOC.TestExceptionAttribute: initialize() was not invoked, but wrapup() was.  This is unusual, but not always a problem.  For example, exporting JNLP will do this.
1 ms. Memory: 1260032K Free: 727214K (58%)
----------------- Invoking toplevel() on ptolemy.moml.MoMLSimpleApplication@a6df65d
----------------- Done invoking toplevel() on ptolemy.moml.MoMLSimpleApplication@a6df65d
reloadAllAccessors: .PublisherPortToplevelSubscriberPortAOC

===========================================================================================
----------------- testing Tue Jul 24 01:39:34 UTC 2018 /home/travis/build/icyphy/ptII/ptolemy/actor/lib/test/auto/PublisherSubscriber.xml
----------------- Instantiating /home/travis/build/icyphy/ptII/ptolemy/actor/lib/test/auto/PublisherSubscriber.xml
2 ms. Memory: 1260032K Free: 711745K (56%)
----------------- Invoking toplevel() on ptolemy.moml.MoMLSimpleApplication@7cfe7ef5
----------------- Done invoking toplevel() on ptolemy.moml.MoMLSimpleApplication@7cfe7ef5
reloadAllAccessors: .PublisherSubscriber

===========================================================================================
----------------- testing Tue Jul 24 01:39:34 UTC 2018 /home/travis/build/icyphy/ptII/ptolemy/actor/lib/test/auto/PublisherSubscriber10.xml
----------------- Instantiating /home/travis/build/icyphy/ptII/ptolemy/actor/lib/test/auto/PublisherSubscriber10.xml
4 ms. Memory: 1260032K Free: 690805K (55%)
----------------- Invoking toplevel() on ptolemy.moml.MoMLSimpleApplication@6ad8c66e
----------------- Done invoking toplevel() on ptolemy.moml.MoMLSimpleApplication@6ad8c66e
reloadAllAccessors: .PublisherSubscriber10

===========================================================================================
----------------- testing Tue Jul 24 01:39:34 UTC 2018 /home/travis/build/icyphy/ptII/ptolemy/actor/lib/test/auto/PublisherSubscriber10InitialOutputs.xml
----------------- Instantiating /home/travis/build/icyphy/ptII/ptolemy/actor/lib/test/auto/PublisherSubscriber10InitialOutputs.xml
4 ms. Memory: 1260032K Free: 675336K (54%)
----------------- Invoking toplevel() on ptolemy.moml.MoMLSimpleApplication@71ca88ba
----------------- Done invoking toplevel() on ptolemy.moml.MoMLSimpleApplication@71ca88ba
reloadAllAccessors: .PublisherSubscriber10InitialOutputs

===========================================================================================
----------------- testing Tue Jul 24 01:39:34 UTC 2018 /home/travis/build/icyphy/ptII/ptolemy/actor/lib/test/auto/PublisherSubscriber11.xml
----------------- Instantiating /home/travis/build/icyphy/ptII/ptolemy/actor/lib/test/auto/PublisherSubscriber11.xml
2 ms. Memory: 1260032K Free: 654396K (52%)
----------------- Invoking toplevel() on ptolemy.moml.MoMLSimpleApplication@2f7fb3ea
----------------- Done invoking toplevel() on ptolemy.moml.MoMLSimpleApplication@2f7fb3ea
reloadAllAccessors: .PublisherSubscriber11

===========================================================================================
----------------- testing Tue Jul 24 01:39:34 UTC 2018 /home/travis/build/icyphy/ptII/ptolemy/actor/lib/test/auto/PublisherSubscriber12.xml
----------------- Instantiating /home/travis/build/icyphy/ptII/ptolemy/actor/lib/test/auto/PublisherSubscriber12.xml
2 ms. Memory: 1260032K Free: 638927K (51%)
----------------- Invoking toplevel() on ptolemy.moml.MoMLSimpleApplication@5a13afa9
----------------- Done invoking toplevel() on ptolemy.moml.MoMLSimpleApplication@5a13afa9
reloadAllAccessors: .PublisherSubscriber12

===========================================================================================
----------------- testing Tue Jul 24 01:39:34 UTC 2018 /home/travis/build/icyphy/ptII/ptolemy/actor/lib/test/auto/PublisherSubscriber13.xml
----------------- Instantiating /home/travis/build/icyphy/ptII/ptolemy/actor/lib/test/auto/PublisherSubscriber13.xml
1 ms. Memory: 1260032K Free: 617988K (49%)
----------------- Invoking toplevel() on ptolemy.moml.MoMLSimpleApplication@12c532c3
----------------- Done invoking toplevel() on ptolemy.moml.MoMLSimpleApplication@12c532c3
reloadAllAccessors: .PublisherSubscriber13

===========================================================================================
----------------- testing Tue Jul 24 01:39:34 UTC 2018 /home/travis/build/icyphy/ptII/ptolemy/actor/lib/test/auto/PublisherSubscriber14.xml
----------------- Instantiating /home/travis/build/icyphy/ptII/ptolemy/actor/lib/test/auto/PublisherSubscriber14.xml
1 ms. Memory: 1260032K Free: 602518K (48%)
----------------- Invoking toplevel() on ptolemy.moml.MoMLSimpleApplication@70cd69fa
----------------- Done invoking toplevel() on ptolemy.moml.MoMLSimpleApplication@70cd69fa
reloadAllAccessors: .PublisherSubscriber14

===========================================================================================
----------------- testing Tue Jul 24 01:39:34 UTC 2018 /home/travis/build/icyphy/ptII/ptolemy/actor/lib/test/auto/PublisherSubscriber2.xml
----------------- Instantiating /home/travis/build/icyphy/ptII/ptolemy/actor/lib/test/auto/PublisherSubscriber2.xml
2 ms. Memory: 1260032K Free: 581579K (46%)
----------------- Invoking toplevel() on ptolemy.moml.MoMLSimpleApplication@2a4a0433
----------------- Done invoking toplevel() on ptolemy.moml.MoMLSimpleApplication@2a4a0433
reloadAllAccessors: .PublisherSubscriber2

===========================================================================================
----------------- testing Tue Jul 24 01:39:34 UTC 2018 /home/travis/build/icyphy/ptII/ptolemy/actor/lib/test/auto/PublisherSubscriber3.xml
----------------- Instantiating /home/travis/build/icyphy/ptII/ptolemy/actor/lib/test/auto/PublisherSubscriber3.xml
2 ms. Memory: 1260032K Free: 566110K (45%)
----------------- Invoking toplevel() on ptolemy.moml.MoMLSimpleApplication@6f31ee2f
----------------- Done invoking toplevel() on ptolemy.moml.MoMLSimpleApplication@6f31ee2f
reloadAllAccessors: .PublisherSubscriber3

===========================================================================================
----------------- testing Tue Jul 24 01:39:34 UTC 2018 /home/travis/build/icyphy/ptII/ptolemy/actor/lib/test/auto/PublisherSubscriber4.xml
----------------- Instantiating /home/travis/build/icyphy/ptII/ptolemy/actor/lib/test/auto/PublisherSubscriber4.xml
1 ms. Memory: 1260032K Free: 545170K (43%)
----------------- Invoking toplevel() on ptolemy.moml.MoMLSimpleApplication@30d52ef4
----------------- Done invoking toplevel() on ptolemy.moml.MoMLSimpleApplication@30d52ef4
reloadAllAccessors: .PublisherSubscriber4

===========================================================================================
----------------- testing Tue Jul 24 01:39:34 UTC 2018 /home/travis/build/icyphy/ptII/ptolemy/actor/lib/test/auto/PublisherSubscriber5.xml
----------------- Instantiating /home/travis/build/icyphy/ptII/ptolemy/actor/lib/test/auto/PublisherSubscriber5.xml
2 ms. Memory: 1260032K Free: 529701K (42%)
----------------- Invoking toplevel() on ptolemy.moml.MoMLSimpleApplication@765a4427
----------------- Done invoking toplevel() on ptolemy.moml.MoMLSimpleApplication@765a4427
reloadAllAccessors: .PublisherSubscriber5

===========================================================================================
----------------- testing Tue Jul 24 01:39:34 UTC 2018 /home/travis/build/icyphy/ptII/ptolemy/actor/lib/test/auto/PublisherSubscriber6.xml
----------------- Instantiating /home/travis/build/icyphy/ptII/ptolemy/actor/lib/test/auto/PublisherSubscriber6.xml
2 ms. Memory: 1260032K Free: 508761K (40%)
----------------- Invoking toplevel() on ptolemy.moml.MoMLSimpleApplication@294ba9b5
----------------- Done invoking toplevel() on ptolemy.moml.MoMLSimpleApplication@294ba9b5
reloadAllAccessors: .PublisherSubscriber6

===========================================================================================
----------------- testing Tue Jul 24 01:39:34 UTC 2018 /home/travis/build/icyphy/ptII/ptolemy/actor/lib/test/auto/PublisherSubscriber7.xml
----------------- Instantiating /home/travis/build/icyphy/ptII/ptolemy/actor/lib/test/auto/PublisherSubscriber7.xml
1 ms. Memory: 1260032K Free: 493292K (39%)
----------------- Invoking toplevel() on ptolemy.moml.MoMLSimpleApplication@37b20ba1
----------------- Done invoking toplevel() on ptolemy.moml.MoMLSimpleApplication@37b20ba1
reloadAllAccessors: .PublisherSubscriber7

===========================================================================================
----------------- testing Tue Jul 24 01:39:34 UTC 2018 /home/travis/build/icyphy/ptII/ptolemy/actor/lib/test/auto/PublisherSubscriber8.xml
----------------- Instantiating /home/travis/build/icyphy/ptII/ptolemy/actor/lib/test/auto/PublisherSubscriber8.xml
12 ms. Memory: 1260032K Free: 400476K (32%)
----------------- Invoking toplevel() on ptolemy.moml.MoMLSimpleApplication@44b83e55
----------------- Done invoking toplevel() on ptolemy.moml.MoMLSimpleApplication@44b83e55
reloadAllAccessors: .PublisherSubscriber8

===========================================================================================
----------------- testing Tue Jul 24 01:39:34 UTC 2018 /home/travis/build/icyphy/ptII/ptolemy/actor/lib/test/auto/PublisherSubscriber9.xml
----------------- Instantiating /home/travis/build/icyphy/ptII/ptolemy/actor/lib/test/auto/PublisherSubscriber9.xml
3 ms. Memory: 1260032K Free: 379537K (30%)
----------------- Invoking toplevel() on ptolemy.moml.MoMLSimpleApplication@4d78353d
----------------- Done invoking toplevel() on ptolemy.moml.MoMLSimpleApplication@4d78353d
reloadAllAccessors: .PublisherSubscriber9

===========================================================================================
----------------- testing Tue Jul 24 01:39:34 UTC 2018 /home/travis/build/icyphy/ptII/ptolemy/actor/lib/test/auto/PublisherSubscriberAdjacent.xml
----------------- Instantiating /home/travis/build/icyphy/ptII/ptolemy/actor/lib/test/auto/PublisherSubscriberAdjacent.xml
2 ms. Memory: 1260032K Free: 364067K (29%)
----------------- Invoking toplevel() on ptolemy.moml.MoMLSimpleApplication@17e7ffa9
----------------- Done invoking toplevel() on ptolemy.moml.MoMLSimpleApplication@17e7ffa9
reloadAllAccessors: .PublisherSubscriberAdjacent

===========================================================================================
----------------- testing Tue Jul 24 01:39:34 UTC 2018 /home/travis/build/icyphy/ptII/ptolemy/actor/lib/test/auto/PublisherSubscriberChannelVariablesAOC2.xml
----------------- Instantiating /home/travis/build/icyphy/ptII/ptolemy/actor/lib/test/auto/PublisherSubscriberChannelVariablesAOC2.xml
3 ms. Memory: 1260032K Free: 335385K (27%)
----------------- Invoking toplevel() on ptolemy.moml.MoMLSimpleApplication@62da31c3
----------------- Done invoking toplevel() on ptolemy.moml.MoMLSimpleApplication@62da31c3
reloadAllAccessors: .PublisherSubscriberChannelVariablesAOC2

===========================================================================================
----------------- testing Tue Jul 24 01:39:34 UTC 2018 /home/travis/build/icyphy/ptII/ptolemy/actor/lib/test/auto/PublisherSubscriberD3.xml
----------------- Instantiating /home/travis/build/icyphy/ptII/ptolemy/actor/lib/test/auto/PublisherSubscriberD3.xml
2 ms. Memory: 1260032K Free: 319916K (25%)
----------------- Invoking toplevel() on ptolemy.moml.MoMLSimpleApplication@1007c20e
----------------- Done invoking toplevel() on ptolemy.moml.MoMLSimpleApplication@1007c20e
reloadAllAccessors: .PublisherSubscriberD3

===========================================================================================
----------------- testing Tue Jul 24 01:39:34 UTC 2018 /home/travis/build/icyphy/ptII/ptolemy/actor/lib/test/auto/PublisherSubscriberD3Reverse.xml
----------------- Instantiating /home/travis/build/icyphy/ptII/ptolemy/actor/lib/test/auto/PublisherSubscriberD3Reverse.xml
1 ms. Memory: 1260032K Free: 298976K (24%)
----------------- Invoking toplevel() on ptolemy.moml.MoMLSimpleApplication@8fe545a
----------------- Done invoking toplevel() on ptolemy.moml.MoMLSimpleApplication@8fe545a
reloadAllAccessors: .PublisherSubscriberD3Reverse

===========================================================================================
----------------- testing Tue Jul 24 01:39:34 UTC 2018 /home/travis/build/icyphy/ptII/ptolemy/actor/lib/test/auto/PublisherSubscriberExpression.xml
----------------- Instantiating /home/travis/build/icyphy/ptII/ptolemy/actor/lib/test/auto/PublisherSubscriberExpression.xml
3 ms. Memory: 1260032K Free: 283507K (22%)
----------------- Invoking toplevel() on ptolemy.moml.MoMLSimpleApplication@7fe4a392
----------------- Done invoking toplevel() on ptolemy.moml.MoMLSimpleApplication@7fe4a392
reloadAllAccessors: .PublisherSubscriberExpression

===========================================================================================
----------------- testing Tue Jul 24 01:39:34 UTC 2018 /home/travis/build/icyphy/ptII/ptolemy/actor/lib/test/auto/PublisherSubscriberOpaque.xml
----------------- Instantiating /home/travis/build/icyphy/ptII/ptolemy/actor/lib/test/auto/PublisherSubscriberOpaque.xml
3 ms. Memory: 1260032K Free: 262567K (21%)
----------------- Invoking toplevel() on ptolemy.moml.MoMLSimpleApplication@6ffefeb6
----------------- Done invoking toplevel() on ptolemy.moml.MoMLSimpleApplication@6ffefeb6
reloadAllAccessors: .PublisherSubscriberOpaque

===========================================================================================
----------------- testing Tue Jul 24 01:39:34 UTC 2018 /home/travis/build/icyphy/ptII/ptolemy/actor/lib/test/auto/PublisherSubscriberOpaqueD3.xml
----------------- Instantiating /home/travis/build/icyphy/ptII/ptolemy/actor/lib/test/auto/PublisherSubscriberOpaqueD3.xml
4 ms. Memory: 1260032K Free: 239347K (19%)
----------------- Invoking toplevel() on ptolemy.moml.MoMLSimpleApplication@36d803c6
----------------- Done invoking toplevel() on ptolemy.moml.MoMLSimpleApplication@36d803c6
reloadAllAccessors: .PublisherSubscriberOpaqueD3

===========================================================================================
----------------- testing Tue Jul 24 01:39:34 UTC 2018 /home/travis/build/icyphy/ptII/ptolemy/actor/lib/test/auto/PublisherSubscriberOpaqueD3Reverse.xml
----------------- Instantiating /home/travis/build/icyphy/ptII/ptolemy/actor/lib/test/auto/PublisherSubscriberOpaqueD3Reverse.xml
7 ms. Memory: 1260032K Free: 218408K (17%)
----------------- Invoking toplevel() on ptolemy.moml.MoMLSimpleApplication@2d823b22
----------------- Done invoking toplevel() on ptolemy.moml.MoMLSimpleApplication@2d823b22
reloadAllAccessors: .PublisherSubscriberOpaqueD3Reverse

===========================================================================================
----------------- testing Tue Jul 24 01:39:34 UTC 2018 /home/travis/build/icyphy/ptII/ptolemy/actor/lib/test/auto/PublisherSubscriberOpaqueWidthInference.xml
----------------- Instantiating /home/travis/build/icyphy/ptII/ptolemy/actor/lib/test/auto/PublisherSubscriberOpaqueWidthInference.xml
4 ms. Memory: 1260032K Free: 202938K (16%)
----------------- Invoking toplevel() on ptolemy.moml.MoMLSimpleApplication@55f5c196
----------------- Done invoking toplevel() on ptolemy.moml.MoMLSimpleApplication@55f5c196
reloadAllAccessors: .PublisherSubscriberOpaqueWidthInference

===========================================================================================
----------------- testing Tue Jul 24 01:39:34 UTC 2018 /home/travis/build/icyphy/ptII/ptolemy/actor/lib/test/auto/PublisherTestSubscriber.xml
----------------- Instantiating /home/travis/build/icyphy/ptII/ptolemy/actor/lib/test/auto/PublisherTestSubscriber.xml
3 ms. Memory: 1260032K Free: 181999K (14%)
----------------- Invoking toplevel() on ptolemy.moml.MoMLSimpleApplication@84861c6
----------------- Done invoking toplevel() on ptolemy.moml.MoMLSimpleApplication@84861c6
reloadAllAccessors: .PublisherTestSubscriber

===========================================================================================
----------------- testing Tue Jul 24 01:39:34 UTC 2018 /home/travis/build/icyphy/ptII/ptolemy/actor/lib/test/auto/PublisherToplevelSubscriberPortAOC.xml
----------------- Instantiating /home/travis/build/icyphy/ptII/ptolemy/actor/lib/test/auto/PublisherToplevelSubscriberPortAOC.xml
2 ms. Memory: 1260032K Free: 166529K (13%)
----------------- Invoking toplevel() on ptolemy.moml.MoMLSimpleApplication@308fc729
----------------- Done invoking toplevel() on ptolemy.moml.MoMLSimpleApplication@308fc729
reloadAllAccessors: .PublisherToplevelSubscriberPortAOC

===========================================================================================
----------------- testing Tue Jul 24 01:39:34 UTC 2018 /home/travis/build/icyphy/ptII/ptolemy/actor/lib/test/auto/PulseFiringLimitDE.xml
----------------- Instantiating /home/travis/build/icyphy/ptII/ptolemy/actor/lib/test/auto/PulseFiringLimitDE.xml
2 ms. Memory: 1260032K Free: 145590K (12%)
----------------- Invoking toplevel() on ptolemy.moml.MoMLSimpleApplication@377423a6
----------------- Done invoking toplevel() on ptolemy.moml.MoMLSimpleApplication@377423a6
reloadAllAccessors: .PulseFiringLimitDE

===========================================================================================
----------------- testing Tue Jul 24 01:39:34 UTC 2018 /home/travis/build/icyphy/ptII/ptolemy/actor/lib/test/auto/Ramp1.xml
----------------- Instantiating /home/travis/build/icyphy/ptII/ptolemy/actor/lib/test/auto/Ramp1.xml
2 ms. Memory: 1260032K Free: 130121K (10%)
----------------- Invoking toplevel() on ptolemy.moml.MoMLSimpleApplication@73187fc4
----------------- Done invoking toplevel() on ptolemy.moml.MoMLSimpleApplication@73187fc4
reloadAllAccessors: .Ramp1

===========================================================================================
----------------- testing Tue Jul 24 01:39:34 UTC 2018 /home/travis/build/icyphy/ptII/ptolemy/actor/lib/test/auto/RampFiringLimitDE.xml
----------------- Instantiating /home/travis/build/icyphy/ptII/ptolemy/actor/lib/test/auto/RampFiringLimitDE.xml
3 ms. Memory: 1260032K Free: 114651K (9%)
----------------- Invoking toplevel() on ptolemy.moml.MoMLSimpleApplication@7727e10f
----------------- Done invoking toplevel() on ptolemy.moml.MoMLSimpleApplication@7727e10f
reloadAllAccessors: .RampFiringLimitDE

===========================================================================================
----------------- testing Tue Jul 24 01:39:35 UTC 2018 /home/travis/build/icyphy/ptII/ptolemy/actor/lib/test/auto/RampFiringLimitSDF.xml
----------------- Instantiating /home/travis/build/icyphy/ptII/ptolemy/actor/lib/test/auto/RampFiringLimitSDF.xml
2 ms. Memory: 1260032K Free: 93712K (7%)
----------------- Invoking toplevel() on ptolemy.moml.MoMLSimpleApplication@1a485ec1
----------------- Done invoking toplevel() on ptolemy.moml.MoMLSimpleApplication@1a485ec1
reloadAllAccessors: .RampFiringLimitSDF

===========================================================================================
----------------- testing Tue Jul 24 01:39:35 UTC 2018 /home/travis/build/icyphy/ptII/ptolemy/actor/lib/test/auto/RandomInteger.xml
----------------- Instantiating /home/travis/build/icyphy/ptII/ptolemy/actor/lib/test/auto/RandomInteger.xml
1 ms. Memory: 1260032K Free: 78243K (6%)
----------------- Invoking toplevel() on ptolemy.moml.MoMLSimpleApplication@2a2c2e7d
----------------- Done invoking toplevel() on ptolemy.moml.MoMLSimpleApplication@2a2c2e7d
reloadAllAccessors: .RandomInteger

===========================================================================================
----------------- testing Tue Jul 24 01:39:35 UTC 2018 /home/travis/build/icyphy/ptII/ptolemy/actor/lib/test/auto/ReadFile1.xml
----------------- Instantiating /home/travis/build/icyphy/ptII/ptolemy/actor/lib/test/auto/ReadFile1.xml
2 ms. Memory: 1260032K Free: 61037K (5%)
----------------- Invoking toplevel() on ptolemy.moml.MoMLSimpleApplication@1e1b6658
----------------- Done invoking toplevel() on ptolemy.moml.MoMLSimpleApplication@1e1b6658
reloadAllAccessors: .ReadFile1

===========================================================================================
----------------- testing Tue Jul 24 01:39:35 UTC 2018 /home/travis/build/icyphy/ptII/ptolemy/actor/lib/test/auto/ReadFile2.xml
----------------- Instantiating /home/travis/build/icyphy/ptII/ptolemy/actor/lib/test/auto/ReadFile2.xml
1 ms. Memory: 1287680K Free: 1236957K (96%)
----------------- Invoking toplevel() on ptolemy.moml.MoMLSimpleApplication@4ca24c31
----------------- Done invoking toplevel() on ptolemy.moml.MoMLSimpleApplication@4ca24c31
reloadAllAccessors: .ReadFile2

===========================================================================================
----------------- testing Tue Jul 24 01:39:35 UTC 2018 /home/travis/build/icyphy/ptII/ptolemy/actor/lib/test/auto/Reader.xml
----------------- Instantiating /home/travis/build/icyphy/ptII/ptolemy/actor/lib/test/auto/Reader.xml
actor.lib.Reader is obsolete, use actor.lib.io.ExpressionReader instead
6 ms. Memory: 1287680K Free: 1216724K (94%)
----------------- Invoking toplevel() on ptolemy.moml.MoMLSimpleApplication@6155947f
----------------- Done invoking toplevel() on ptolemy.moml.MoMLSimpleApplication@6155947f
reloadAllAccessors: .Reader

===========================================================================================
----------------- testing Tue Jul 24 01:39:35 UTC 2018 /home/travis/build/icyphy/ptII/ptolemy/actor/lib/test/auto/RecordAssemblerDisplayNameTest.xml
----------------- Instantiating /home/travis/build/icyphy/ptII/ptolemy/actor/lib/test/auto/RecordAssemblerDisplayNameTest.xml
3431 ms. Memory: 1373184K Free: 1202947K (88%)
----------------- Invoking toplevel() on ptolemy.moml.MoMLSimpleApplication@3d87b028
----------------- Done invoking toplevel() on ptolemy.moml.MoMLSimpleApplication@3d87b028
reloadAllAccessors: .RecordAssemblerDisplayNameTest

===========================================================================================
----------------- testing Tue Jul 24 01:39:38 UTC 2018 /home/travis/build/icyphy/ptII/ptolemy/actor/lib/test/auto/RecordAssemblerTypeError.xml
----------------- Instantiating /home/travis/build/icyphy/ptII/ptolemy/actor/lib/test/auto/RecordAssemblerTypeError.xml
3 ms. Memory: 1373184K Free: 1176444K (86%)
----------------- Invoking toplevel() on ptolemy.moml.MoMLSimpleApplication@7ab84a2e
----------------- Done invoking toplevel() on ptolemy.moml.MoMLSimpleApplication@7ab84a2e
reloadAllAccessors: .RecordAssemblerTypeError

===========================================================================================
----------------- testing Tue Jul 24 01:39:38 UTC 2018 /home/travis/build/icyphy/ptII/ptolemy/actor/lib/test/auto/RecordDisassember.xml
----------------- Instantiating /home/travis/build/icyphy/ptII/ptolemy/actor/lib/test/auto/RecordDisassember.xml
2 ms. Memory: 1373184K Free: 1160489K (85%)
----------------- Invoking toplevel() on ptolemy.moml.MoMLSimpleApplication@6bcc7211
----------------- Done invoking toplevel() on ptolemy.moml.MoMLSimpleApplication@6bcc7211
reloadAllAccessors: .RecordDisassember

===========================================================================================
----------------- testing Tue Jul 24 01:39:38 UTC 2018 /home/travis/build/icyphy/ptII/ptolemy/actor/lib/test/auto/RecordDisassemberDisplayNameTest.xml
----------------- Instantiating /home/travis/build/icyphy/ptII/ptolemy/actor/lib/test/auto/RecordDisassemberDisplayNameTest.xml
4 ms. Memory: 1373184K Free: 1144534K (83%)
----------------- Invoking toplevel() on ptolemy.moml.MoMLSimpleApplication@5e25fb51
----------------- Done invoking toplevel() on ptolemy.moml.MoMLSimpleApplication@5e25fb51
reloadAllAccessors: .RecordDisassemberDisplayNameTest

===========================================================================================
----------------- testing Tue Jul 24 01:39:38 UTC 2018 /home/travis/build/icyphy/ptII/ptolemy/actor/lib/test/auto/RecordDisassembler.xml
----------------- Instantiating /home/travis/build/icyphy/ptII/ptolemy/actor/lib/test/auto/RecordDisassembler.xml
2 ms. Memory: 1373184K Free: 1128579K (82%)
----------------- Invoking toplevel() on ptolemy.moml.MoMLSimpleApplication@21e9ade9
----------------- Done invoking toplevel() on ptolemy.moml.MoMLSimpleApplication@21e9ade9
reloadAllAccessors: .RecordDisassembler

===========================================================================================
----------------- testing Tue Jul 24 01:39:38 UTC 2018 /home/travis/build/icyphy/ptII/ptolemy/actor/lib/test/auto/RecordDisassembler2.xml
----------------- Instantiating /home/travis/build/icyphy/ptII/ptolemy/actor/lib/test/auto/RecordDisassembler2.xml
3 ms. Memory: 1373184K Free: 1115922K (81%)
----------------- Invoking toplevel() on ptolemy.moml.MoMLSimpleApplication@79c629de
----------------- Done invoking toplevel() on ptolemy.moml.MoMLSimpleApplication@79c629de
reloadAllAccessors: .RecordDisassembler2

===========================================================================================
----------------- testing Tue Jul 24 01:39:38 UTC 2018 /home/travis/build/icyphy/ptII/ptolemy/actor/lib/test/auto/RecordUpdater.xml
----------------- Instantiating /home/travis/build/icyphy/ptII/ptolemy/actor/lib/test/auto/RecordUpdater.xml
1 ms. Memory: 1373184K Free: 1099967K (80%)
----------------- Invoking toplevel() on ptolemy.moml.MoMLSimpleApplication@760b9cd3
----------------- Done invoking toplevel() on ptolemy.moml.MoMLSimpleApplication@760b9cd3
reloadAllAccessors: .RecordUpdater

===========================================================================================
----------------- testing Tue Jul 24 01:39:38 UTC 2018 /home/travis/build/icyphy/ptII/ptolemy/actor/lib/test/auto/RecordUpdater2.xml
----------------- Instantiating /home/travis/build/icyphy/ptII/ptolemy/actor/lib/test/auto/RecordUpdater2.xml
1 ms. Memory: 1373184K Free: 1084012K (79%)
----------------- Invoking toplevel() on ptolemy.moml.MoMLSimpleApplication@472cbcc4
----------------- Done invoking toplevel() on ptolemy.moml.MoMLSimpleApplication@472cbcc4
reloadAllAccessors: .RecordUpdater2

===========================================================================================
----------------- testing Tue Jul 24 01:39:38 UTC 2018 /home/travis/build/icyphy/ptII/ptolemy/actor/lib/test/auto/RecursiveLattice.xml
----------------- Instantiating /home/travis/build/icyphy/ptII/ptolemy/actor/lib/test/auto/RecursiveLattice.xml
1 ms. Memory: 1373184K Free: 1068057K (78%)
----------------- Invoking toplevel() on ptolemy.moml.MoMLSimpleApplication@54488f5a
----------------- Done invoking toplevel() on ptolemy.moml.MoMLSimpleApplication@54488f5a
reloadAllAccessors: .RecursiveLattice

===========================================================================================
----------------- testing Tue Jul 24 01:39:38 UTC 2018 /home/travis/build/icyphy/ptII/ptolemy/actor/lib/test/auto/Router.xml
----------------- Instantiating /home/travis/build/icyphy/ptII/ptolemy/actor/lib/test/auto/Router.xml
3004 ms. Memory: 1373184K Free: 1052102K (77%)
----------------- Invoking toplevel() on ptolemy.moml.MoMLSimpleApplication@16ca4a6a
----------------- Done invoking toplevel() on ptolemy.moml.MoMLSimpleApplication@16ca4a6a
reloadAllAccessors: .Router

===========================================================================================
----------------- testing Tue Jul 24 01:39:41 UTC 2018 /home/travis/build/icyphy/ptII/ptolemy/actor/lib/test/auto/Router2.xml
----------------- Instantiating /home/travis/build/icyphy/ptII/ptolemy/actor/lib/test/auto/Router2.xml
3003 ms. Memory: 1373184K Free: 1039445K (76%)
----------------- Invoking toplevel() on ptolemy.moml.MoMLSimpleApplication@791a0d65
----------------- Done invoking toplevel() on ptolemy.moml.MoMLSimpleApplication@791a0d65
reloadAllAccessors: .Router2

===========================================================================================
----------------- testing Tue Jul 24 01:39:44 UTC 2018 /home/travis/build/icyphy/ptII/ptolemy/actor/lib/test/auto/RunningMaximum.xml
----------------- Instantiating /home/travis/build/icyphy/ptII/ptolemy/actor/lib/test/auto/RunningMaximum.xml
2 ms. Memory: 1373184K Free: 1023490K (75%)
----------------- Invoking toplevel() on ptolemy.moml.MoMLSimpleApplication@694d8d76
----------------- Done invoking toplevel() on ptolemy.moml.MoMLSimpleApplication@694d8d76
reloadAllAccessors: .RunningMaximum

===========================================================================================
----------------- testing Tue Jul 24 01:39:44 UTC 2018 /home/travis/build/icyphy/ptII/ptolemy/actor/lib/test/auto/RunningMinimum.xml
----------------- Instantiating /home/travis/build/icyphy/ptII/ptolemy/actor/lib/test/auto/RunningMinimum.xml
1 ms. Memory: 1373184K Free: 1007535K (73%)
----------------- Invoking toplevel() on ptolemy.moml.MoMLSimpleApplication@67f0a155
----------------- Done invoking toplevel() on ptolemy.moml.MoMLSimpleApplication@67f0a155
reloadAllAccessors: .RunningMinimum

===========================================================================================
----------------- testing Tue Jul 24 01:39:44 UTC 2018 /home/travis/build/icyphy/ptII/ptolemy/actor/lib/test/auto/Scale.xml
----------------- Instantiating /home/travis/build/icyphy/ptII/ptolemy/actor/lib/test/auto/Scale.xml
1 ms. Memory: 1373184K Free: 991580K (72%)
----------------- Invoking toplevel() on ptolemy.moml.MoMLSimpleApplication@59a86e45
----------------- Done invoking toplevel() on ptolemy.moml.MoMLSimpleApplication@59a86e45
reloadAllAccessors: .Scale

===========================================================================================
----------------- testing Tue Jul 24 01:39:44 UTC 2018 /home/travis/build/icyphy/ptII/ptolemy/actor/lib/test/auto/Scale2.xml
----------------- Instantiating /home/travis/build/icyphy/ptII/ptolemy/actor/lib/test/auto/Scale2.xml
1 ms. Memory: 1373184K Free: 978923K (71%)
----------------- Invoking toplevel() on ptolemy.moml.MoMLSimpleApplication@2e4f157
----------------- Done invoking toplevel() on ptolemy.moml.MoMLSimpleApplication@2e4f157
reloadAllAccessors: .Scale2

===========================================================================================
----------------- testing Tue Jul 24 01:39:44 UTC 2018 /home/travis/build/icyphy/ptII/ptolemy/actor/lib/test/auto/Scale3.xml
----------------- Instantiating /home/travis/build/icyphy/ptII/ptolemy/actor/lib/test/auto/Scale3.xml
3 ms. Memory: 1373184K Free: 962968K (70%)
----------------- Invoking toplevel() on ptolemy.moml.MoMLSimpleApplication@3aac2597
----------------- Done invoking toplevel() on ptolemy.moml.MoMLSimpleApplication@3aac2597
reloadAllAccessors: .Scale3

===========================================================================================
----------------- testing Tue Jul 24 01:39:44 UTC 2018 /home/travis/build/icyphy/ptII/ptolemy/actor/lib/test/auto/ScaleArray.xml
----------------- Instantiating /home/travis/build/icyphy/ptII/ptolemy/actor/lib/test/auto/ScaleArray.xml
1 ms. Memory: 1373184K Free: 947013K (69%)
----------------- Invoking toplevel() on ptolemy.moml.MoMLSimpleApplication@102c69e
----------------- Done invoking toplevel() on ptolemy.moml.MoMLSimpleApplication@102c69e
reloadAllAccessors: .ScaleArray

===========================================================================================
----------------- testing Tue Jul 24 01:39:44 UTC 2018 /home/travis/build/icyphy/ptII/ptolemy/actor/lib/test/auto/ScaleArray2.xml
----------------- Instantiating /home/travis/build/icyphy/ptII/ptolemy/actor/lib/test/auto/ScaleArray2.xml
1 ms. Memory: 1373184K Free: 931057K (68%)
----------------- Invoking toplevel() on ptolemy.moml.MoMLSimpleApplication@6911dbf8
----------------- Done invoking toplevel() on ptolemy.moml.MoMLSimpleApplication@6911dbf8
reloadAllAccessors: .ScaleArray2

===========================================================================================
----------------- testing Tue Jul 24 01:39:44 UTC 2018 /home/travis/build/icyphy/ptII/ptolemy/actor/lib/test/auto/ScaleMatrix.xml
----------------- Instantiating /home/travis/build/icyphy/ptII/ptolemy/actor/lib/test/auto/ScaleMatrix.xml
107 ms. Memory: 1373184K Free: 908765K (66%)
----------------- Invoking toplevel() on ptolemy.moml.MoMLSimpleApplication@3a91ad64
----------------- Done invoking toplevel() on ptolemy.moml.MoMLSimpleApplication@3a91ad64
reloadAllAccessors: .ScaleMatrix

===========================================================================================
----------------- testing Tue Jul 24 01:39:44 UTC 2018 /home/travis/build/icyphy/ptII/ptolemy/actor/lib/test/auto/Select.xml
----------------- Instantiating /home/travis/build/icyphy/ptII/ptolemy/actor/lib/test/auto/Select.xml
2 ms. Memory: 1373184K Free: 896109K (65%)
----------------- Invoking toplevel() on ptolemy.moml.MoMLSimpleApplication@49e253a8
----------------- Done invoking toplevel() on ptolemy.moml.MoMLSimpleApplication@49e253a8
reloadAllAccessors: .Select

===========================================================================================
----------------- testing Tue Jul 24 01:39:44 UTC 2018 /home/travis/build/icyphy/ptII/ptolemy/actor/lib/test/auto/Select2.xml
----------------- Instantiating /home/travis/build/icyphy/ptII/ptolemy/actor/lib/test/auto/Select2.xml
0 ms. Memory: 1373184K Free: 880154K (64%)
----------------- Invoking toplevel() on ptolemy.moml.MoMLSimpleApplication@27a6735e
----------------- Done invoking toplevel() on ptolemy.moml.MoMLSimpleApplication@27a6735e
reloadAllAccessors: .Select2

===========================================================================================
----------------- testing Tue Jul 24 01:39:44 UTC 2018 /home/travis/build/icyphy/ptII/ptolemy/actor/lib/test/auto/SequenceToArray2.xml
----------------- Instantiating /home/travis/build/icyphy/ptII/ptolemy/actor/lib/test/auto/SequenceToArray2.xml
54 ms. Memory: 1373184K Free: 794586K (58%)
----------------- Invoking toplevel() on ptolemy.moml.MoMLSimpleApplication@7e14431
----------------- Done invoking toplevel() on ptolemy.moml.MoMLSimpleApplication@7e14431
reloadAllAccessors: .SequenceToArray2

===========================================================================================
----------------- testing Tue Jul 24 01:39:45 UTC 2018 /home/travis/build/icyphy/ptII/ptolemy/actor/lib/test/auto/SequentialClock.xml
----------------- Instantiating /home/travis/build/icyphy/ptII/ptolemy/actor/lib/test/auto/SequentialClock.xml
1 ms. Memory: 1373184K Free: 778631K (57%)
----------------- Invoking toplevel() on ptolemy.moml.MoMLSimpleApplication@ca0f6f1
----------------- Done invoking toplevel() on ptolemy.moml.MoMLSimpleApplication@ca0f6f1
reloadAllAccessors: .SequentialClock

===========================================================================================
----------------- testing Tue Jul 24 01:39:45 UTC 2018 /home/travis/build/icyphy/ptII/ptolemy/actor/lib/test/auto/SetVariable.xml
----------------- Instantiating /home/travis/build/icyphy/ptII/ptolemy/actor/lib/test/auto/SetVariable.xml
3 ms. Memory: 1373184K Free: 762676K (56%)
----------------- Invoking toplevel() on ptolemy.moml.MoMLSimpleApplication@519313c9
----------------- Done invoking toplevel() on ptolemy.moml.MoMLSimpleApplication@519313c9
reloadAllAccessors: .SetVariable

===========================================================================================
----------------- testing Tue Jul 24 01:39:45 UTC 2018 /home/travis/build/icyphy/ptII/ptolemy/actor/lib/test/auto/SetVariable2.xml
----------------- Instantiating /home/travis/build/icyphy/ptII/ptolemy/actor/lib/test/auto/SetVariable2.xml
2 ms. Memory: 1373184K Free: 750020K (55%)
----------------- Invoking toplevel() on ptolemy.moml.MoMLSimpleApplication@73ccdfc8
----------------- Done invoking toplevel() on ptolemy.moml.MoMLSimpleApplication@73ccdfc8
reloadAllAccessors: .SetVariable2

===========================================================================================
----------------- testing Tue Jul 24 01:39:45 UTC 2018 /home/travis/build/icyphy/ptII/ptolemy/actor/lib/test/auto/SetVariable3.xml
----------------- Instantiating /home/travis/build/icyphy/ptII/ptolemy/actor/lib/test/auto/SetVariable3.xml
6 ms. Memory: 1373184K Free: 734065K (53%)
----------------- Invoking toplevel() on ptolemy.moml.MoMLSimpleApplication@f3c2882
----------------- Done invoking toplevel() on ptolemy.moml.MoMLSimpleApplication@f3c2882
reloadAllAccessors: .SetVariable3

===========================================================================================
----------------- testing Tue Jul 24 01:39:45 UTC 2018 /home/travis/build/icyphy/ptII/ptolemy/actor/lib/test/auto/SetVariable4.xml
----------------- Instantiating /home/travis/build/icyphy/ptII/ptolemy/actor/lib/test/auto/SetVariable4.xml
13 ms. Memory: 1373184K Free: 673811K (49%)
----------------- Invoking toplevel() on ptolemy.moml.MoMLSimpleApplication@3dc8fff1
----------------- Done invoking toplevel() on ptolemy.moml.MoMLSimpleApplication@3dc8fff1
reloadAllAccessors: .SetVariable4

===========================================================================================
----------------- testing Tue Jul 24 01:39:45 UTC 2018 /home/travis/build/icyphy/ptII/ptolemy/actor/lib/test/auto/SetVariable5.xml
----------------- Instantiating /home/travis/build/icyphy/ptII/ptolemy/actor/lib/test/auto/SetVariable5.xml
12 ms. Memory: 1373184K Free: 651512K (47%)
----------------- Invoking toplevel() on ptolemy.moml.MoMLSimpleApplication@1939581b
----------------- Done invoking toplevel() on ptolemy.moml.MoMLSimpleApplication@1939581b
reloadAllAccessors: .SetVariable5

===========================================================================================
----------------- testing Tue Jul 24 01:39:45 UTC 2018 /home/travis/build/icyphy/ptII/ptolemy/actor/lib/test/auto/Sinewave.xml
----------------- Instantiating /home/travis/build/icyphy/ptII/ptolemy/actor/lib/test/auto/Sinewave.xml
6 ms. Memory: 1373184K Free: 629212K (46%)
----------------- Invoking toplevel() on ptolemy.moml.MoMLSimpleApplication@4a5e0123
----------------- Done invoking toplevel() on ptolemy.moml.MoMLSimpleApplication@4a5e0123
reloadAllAccessors: .Sinewave

===========================================================================================
----------------- testing Tue Jul 24 01:39:45 UTC 2018 /home/travis/build/icyphy/ptII/ptolemy/actor/lib/test/auto/Sinewave2.xml
----------------- Instantiating /home/travis/build/icyphy/ptII/ptolemy/actor/lib/test/auto/Sinewave2.xml
8 ms. Memory: 1373184K Free: 616556K (45%)
----------------- Invoking toplevel() on ptolemy.moml.MoMLSimpleApplication@7751a5ec
----------------- Done invoking toplevel() on ptolemy.moml.MoMLSimpleApplication@7751a5ec
reloadAllAccessors: .Sinewave2

===========================================================================================
----------------- testing Tue Jul 24 01:39:45 UTC 2018 /home/travis/build/icyphy/ptII/ptolemy/actor/lib/test/auto/Sinewave3.xml
----------------- Instantiating /home/travis/build/icyphy/ptII/ptolemy/actor/lib/test/auto/Sinewave3.xml
6 ms. Memory: 1373184K Free: 600600K (44%)
----------------- Invoking toplevel() on ptolemy.moml.MoMLSimpleApplication@56a9821f
----------------- Done invoking toplevel() on ptolemy.moml.MoMLSimpleApplication@56a9821f
reloadAllAccessors: .Sinewave3

===========================================================================================
----------------- testing Tue Jul 24 01:39:45 UTC 2018 /home/travis/build/icyphy/ptII/ptolemy/actor/lib/test/auto/SingleEvent.xml
----------------- Instantiating /home/travis/build/icyphy/ptII/ptolemy/actor/lib/test/auto/SingleEvent.xml
1 ms. Memory: 1373184K Free: 584645K (43%)
----------------- Invoking toplevel() on ptolemy.moml.MoMLSimpleApplication@38b04854
----------------- Done invoking toplevel() on ptolemy.moml.MoMLSimpleApplication@38b04854
reloadAllAccessors: .SingleEvent

===========================================================================================
----------------- testing Tue Jul 24 01:39:45 UTC 2018 /home/travis/build/icyphy/ptII/ptolemy/actor/lib/test/auto/Sleep.xml
----------------- Instantiating /home/travis/build/icyphy/ptII/ptolemy/actor/lib/test/auto/Sleep.xml
6004 ms. Memory: 1373184K Free: 568690K (41%)
----------------- Invoking toplevel() on ptolemy.moml.MoMLSimpleApplication@6cbea271
----------------- Done invoking toplevel() on ptolemy.moml.MoMLSimpleApplication@6cbea271
reloadAllAccessors: .Sleep

===========================================================================================
----------------- testing Tue Jul 24 01:39:51 UTC 2018 /home/travis/build/icyphy/ptII/ptolemy/actor/lib/test/auto/SleepMultipleFire.xml
----------------- Instantiating /home/travis/build/icyphy/ptII/ptolemy/actor/lib/test/auto/SleepMultipleFire.xml
1006 ms. Memory: 1373184K Free: 556033K (40%)
----------------- Invoking toplevel() on ptolemy.moml.MoMLSimpleApplication@128f2853
----------------- Done invoking toplevel() on ptolemy.moml.MoMLSimpleApplication@128f2853
reloadAllAccessors: .SleepMultipleFire

===========================================================================================
----------------- testing Tue Jul 24 01:39:52 UTC 2018 /home/travis/build/icyphy/ptII/ptolemy/actor/lib/test/auto/StopDE.xml
----------------- Instantiating /home/travis/build/icyphy/ptII/ptolemy/actor/lib/test/auto/StopDE.xml
3 ms. Memory: 1373184K Free: 540078K (39%)
----------------- Invoking toplevel() on ptolemy.moml.MoMLSimpleApplication@2d3ff43e
----------------- Done invoking toplevel() on ptolemy.moml.MoMLSimpleApplication@2d3ff43e
reloadAllAccessors: .StopDE

===========================================================================================
----------------- testing Tue Jul 24 01:39:52 UTC 2018 /home/travis/build/icyphy/ptII/ptolemy/actor/lib/test/auto/StopSDF.xml
----------------- Instantiating /home/travis/build/icyphy/ptII/ptolemy/actor/lib/test/auto/StopSDF.xml
2 ms. Memory: 1373184K Free: 524124K (38%)
----------------- Invoking toplevel() on ptolemy.moml.MoMLSimpleApplication@6966302a
----------------- Done invoking toplevel() on ptolemy.moml.MoMLSimpleApplication@6966302a
reloadAllAccessors: .StopSDF

===========================================================================================
----------------- testing Tue Jul 24 01:39:52 UTC 2018 /home/travis/build/icyphy/ptII/ptolemy/actor/lib/test/auto/StringConstant.xml
----------------- Instantiating /home/travis/build/icyphy/ptII/ptolemy/actor/lib/test/auto/StringConstant.xml
1 ms. Memory: 1373184K Free: 508169K (37%)
----------------- Invoking toplevel() on ptolemy.moml.MoMLSimpleApplication@68bdf570
----------------- Done invoking toplevel() on ptolemy.moml.MoMLSimpleApplication@68bdf570
reloadAllAccessors: .StringConstant

===========================================================================================
----------------- testing Tue Jul 24 01:39:52 UTC 2018 /home/travis/build/icyphy/ptII/ptolemy/actor/lib/test/auto/SubscriberPortInitialValues1.xml
----------------- Instantiating /home/travis/build/icyphy/ptII/ptolemy/actor/lib/test/auto/SubscriberPortInitialValues1.xml
5 ms. Memory: 1373184K Free: 492213K (36%)
----------------- Invoking toplevel() on ptolemy.moml.MoMLSimpleApplication@76433f8c
----------------- Done invoking toplevel() on ptolemy.moml.MoMLSimpleApplication@76433f8c
reloadAllAccessors: .SubscriberPortInitialValues1

===========================================================================================
----------------- testing Tue Jul 24 01:39:52 UTC 2018 /home/travis/build/icyphy/ptII/ptolemy/actor/lib/test/auto/SubscriberPortInitialValues13.xml
----------------- Instantiating /home/travis/build/icyphy/ptII/ptolemy/actor/lib/test/auto/SubscriberPortInitialValues13.xml
4 ms. Memory: 1373184K Free: 473220K (34%)
----------------- Invoking toplevel() on ptolemy.moml.MoMLSimpleApplication@4475770
----------------- Done invoking toplevel() on ptolemy.moml.MoMLSimpleApplication@4475770
reloadAllAccessors: .SubscriberPortInitialValues13

===========================================================================================
----------------- testing Tue Jul 24 01:39:52 UTC 2018 /home/travis/build/icyphy/ptII/ptolemy/actor/lib/test/auto/SubscriberPortInitialValues14.xml
----------------- Instantiating /home/travis/build/icyphy/ptII/ptolemy/actor/lib/test/auto/SubscriberPortInitialValues14.xml
3 ms. Memory: 1373184K Free: 457265K (33%)
----------------- Invoking toplevel() on ptolemy.moml.MoMLSimpleApplication@42dc0587
----------------- Done invoking toplevel() on ptolemy.moml.MoMLSimpleApplication@42dc0587
reloadAllAccessors: .SubscriberPortInitialValues14

===========================================================================================
----------------- testing Tue Jul 24 01:39:52 UTC 2018 /home/travis/build/icyphy/ptII/ptolemy/actor/lib/test/auto/SubscriberPortInitialValues2.xml
----------------- Instantiating /home/travis/build/icyphy/ptII/ptolemy/actor/lib/test/auto/SubscriberPortInitialValues2.xml
3 ms. Memory: 1373184K Free: 441310K (32%)
----------------- Invoking toplevel() on ptolemy.moml.MoMLSimpleApplication@25006800
----------------- Done invoking toplevel() on ptolemy.moml.MoMLSimpleApplication@25006800
reloadAllAccessors: .SubscriberPortInitialValues2

===========================================================================================
----------------- testing Tue Jul 24 01:39:52 UTC 2018 /home/travis/build/icyphy/ptII/ptolemy/actor/lib/test/auto/SubscriberPortInitialValues3.xml
----------------- Instantiating /home/travis/build/icyphy/ptII/ptolemy/actor/lib/test/auto/SubscriberPortInitialValues3.xml
3 ms. Memory: 1373184K Free: 419010K (31%)
----------------- Invoking toplevel() on ptolemy.moml.MoMLSimpleApplication@1fef7ce1
----------------- Done invoking toplevel() on ptolemy.moml.MoMLSimpleApplication@1fef7ce1
reloadAllAccessors: .SubscriberPortInitialValues3

===========================================================================================
----------------- testing Tue Jul 24 01:39:52 UTC 2018 /home/travis/build/icyphy/ptII/ptolemy/actor/lib/test/auto/SubscriptionAggregator.xml
----------------- Instantiating /home/travis/build/icyphy/ptII/ptolemy/actor/lib/test/auto/SubscriptionAggregator.xml
3 ms. Memory: 1373184K Free: 403055K (29%)
----------------- Invoking toplevel() on ptolemy.moml.MoMLSimpleApplication@6b1bd284
----------------- Done invoking toplevel() on ptolemy.moml.MoMLSimpleApplication@6b1bd284
reloadAllAccessors: .SubscriptionAggregator

===========================================================================================
----------------- testing Tue Jul 24 01:39:52 UTC 2018 /home/travis/build/icyphy/ptII/ptolemy/actor/lib/test/auto/SubscriptionAggregator2.xml
----------------- Instantiating /home/travis/build/icyphy/ptII/ptolemy/actor/lib/test/auto/SubscriptionAggregator2.xml
3 ms. Memory: 1373184K Free: 390399K (28%)
----------------- Invoking toplevel() on ptolemy.moml.MoMLSimpleApplication@7d6a7e88
----------------- Done invoking toplevel() on ptolemy.moml.MoMLSimpleApplication@7d6a7e88
reloadAllAccessors: .SubscriptionAggregator2

===========================================================================================
----------------- testing Tue Jul 24 01:39:52 UTC 2018 /home/travis/build/icyphy/ptII/ptolemy/actor/lib/test/auto/SubscriptionAggregator3.xml
----------------- Instantiating /home/travis/build/icyphy/ptII/ptolemy/actor/lib/test/auto/SubscriptionAggregator3.xml
2 ms. Memory: 1373184K Free: 368100K (27%)
----------------- Invoking toplevel() on ptolemy.moml.MoMLSimpleApplication@49ab8364
----------------- Done invoking toplevel() on ptolemy.moml.MoMLSimpleApplication@49ab8364
reloadAllAccessors: .SubscriptionAggregator3

===========================================================================================
----------------- testing Tue Jul 24 01:39:52 UTC 2018 /home/travis/build/icyphy/ptII/ptolemy/actor/lib/test/auto/SubscriptionAggregatorMultiply.xml
----------------- Instantiating /home/travis/build/icyphy/ptII/ptolemy/actor/lib/test/auto/SubscriptionAggregatorMultiply.xml
3 ms. Memory: 1373184K Free: 352145K (26%)
----------------- Invoking toplevel() on ptolemy.moml.MoMLSimpleApplication@7876f56f
----------------- Done invoking toplevel() on ptolemy.moml.MoMLSimpleApplication@7876f56f
reloadAllAccessors: .SubscriptionAggregatorMultiply

===========================================================================================
----------------- testing Tue Jul 24 01:39:52 UTC 2018 /home/travis/build/icyphy/ptII/ptolemy/actor/lib/test/auto/SubscriptionAggregatorPortMultiply1.xml
----------------- Instantiating /home/travis/build/icyphy/ptII/ptolemy/actor/lib/test/auto/SubscriptionAggregatorPortMultiply1.xml
4 ms. Memory: 1373184K Free: 336190K (24%)
----------------- Invoking toplevel() on ptolemy.moml.MoMLSimpleApplication@57d0fc88
----------------- Done invoking toplevel() on ptolemy.moml.MoMLSimpleApplication@57d0fc88
reloadAllAccessors: .SubscriptionAggregatorPortMultiply1

===========================================================================================
----------------- testing Tue Jul 24 01:39:52 UTC 2018 /home/travis/build/icyphy/ptII/ptolemy/actor/lib/test/auto/Switch.xml
----------------- Instantiating /home/travis/build/icyphy/ptII/ptolemy/actor/lib/test/auto/Switch.xml
7 ms. Memory: 1373184K Free: 285563K (21%)
----------------- Invoking toplevel() on ptolemy.moml.MoMLSimpleApplication@6a50f920
----------------- Done invoking toplevel() on ptolemy.moml.MoMLSimpleApplication@6a50f920
reloadAllAccessors: .Switch

===========================================================================================
----------------- testing Tue Jul 24 01:39:52 UTC 2018 /home/travis/build/icyphy/ptII/ptolemy/actor/lib/test/auto/Switch2.xml
----------------- Instantiating /home/travis/build/icyphy/ptII/ptolemy/actor/lib/test/auto/Switch2.xml
1 ms. Memory: 1373184K Free: 269608K (20%)
----------------- Invoking toplevel() on ptolemy.moml.MoMLSimpleApplication@322b7b8c
----------------- Done invoking toplevel() on ptolemy.moml.MoMLSimpleApplication@322b7b8c
reloadAllAccessors: .Switch2

===========================================================================================
----------------- testing Tue Jul 24 01:39:52 UTC 2018 /home/travis/build/icyphy/ptII/ptolemy/actor/lib/test/auto/SwitchDE.xml
----------------- Instantiating /home/travis/build/icyphy/ptII/ptolemy/actor/lib/test/auto/SwitchDE.xml
3 ms. Memory: 1373184K Free: 253653K (18%)
----------------- Invoking toplevel() on ptolemy.moml.MoMLSimpleApplication@1918a1f5
----------------- Done invoking toplevel() on ptolemy.moml.MoMLSimpleApplication@1918a1f5
reloadAllAccessors: .SwitchDE

===========================================================================================
----------------- testing Tue Jul 24 01:39:52 UTC 2018 /home/travis/build/icyphy/ptII/ptolemy/actor/lib/test/auto/SynchronizerDE.xml
----------------- Instantiating /home/travis/build/icyphy/ptII/ptolemy/actor/lib/test/auto/SynchronizerDE.xml
7 ms. Memory: 1373184K Free: 231354K (17%)
----------------- Invoking toplevel() on ptolemy.moml.MoMLSimpleApplication@3ac9945a
----------------- Done invoking toplevel() on ptolemy.moml.MoMLSimpleApplication@3ac9945a
reloadAllAccessors: .SynchronizerDE

===========================================================================================
----------------- testing Tue Jul 24 01:39:52 UTC 2018 /home/travis/build/icyphy/ptII/ptolemy/actor/lib/test/auto/Test.xml
----------------- Instantiating /home/travis/build/icyphy/ptII/ptolemy/actor/lib/test/auto/Test.xml
2 ms. Memory: 1373184K Free: 215399K (16%)
----------------- Invoking toplevel() on ptolemy.moml.MoMLSimpleApplication@570cd558
----------------- Done invoking toplevel() on ptolemy.moml.MoMLSimpleApplication@570cd558
reloadAllAccessors: .Test

===========================================================================================
----------------- testing Tue Jul 24 01:39:52 UTC 2018 /home/travis/build/icyphy/ptII/ptolemy/actor/lib/test/auto/TestExceptionAttribute1.xml
----------------- Instantiating /home/travis/build/icyphy/ptII/ptolemy/actor/lib/test/auto/TestExceptionAttribute1.xml
1 ms. Memory: 1373184K Free: 202742K (15%)
----------------- Invoking toplevel() on ptolemy.moml.MoMLSimpleApplication@4b7529dd
----------------- Done invoking toplevel() on ptolemy.moml.MoMLSimpleApplication@4b7529dd
reloadAllAccessors: .TestExceptionAttribute1

===========================================================================================
----------------- testing Tue Jul 24 01:39:52 UTC 2018 /home/travis/build/icyphy/ptII/ptolemy/actor/lib/test/auto/TestExceptionAttribute2.xml
----------------- Instantiating /home/travis/build/icyphy/ptII/ptolemy/actor/lib/test/auto/TestExceptionAttribute2.xml
1 ms. Memory: 1373184K Free: 186787K (14%)
----------------- Invoking toplevel() on ptolemy.moml.MoMLSimpleApplication@43922e9e
----------------- Done invoking toplevel() on ptolemy.moml.MoMLSimpleApplication@43922e9e
reloadAllAccessors: .TestExceptionAttribute2

===========================================================================================
----------------- testing Tue Jul 24 01:39:52 UTC 2018 /home/travis/build/icyphy/ptII/ptolemy/actor/lib/test/auto/TestExceptionAttribute3.xml
----------------- Instantiating /home/travis/build/icyphy/ptII/ptolemy/actor/lib/test/auto/TestExceptionAttribute3.xml
.TestExceptionAttribute3.TestExceptionAttribute: initialize() was not invoked, but wrapup() was.  This is unusual, but not always a problem.  For example, exporting JNLP will do this.
1 ms. Memory: 1373184K Free: 170832K (12%)
----------------- Invoking toplevel() on ptolemy.moml.MoMLSimpleApplication@7e76bd46
----------------- Done invoking toplevel() on ptolemy.moml.MoMLSimpleApplication@7e76bd46
reloadAllAccessors: .TestExceptionAttribute3

===========================================================================================
----------------- testing Tue Jul 24 01:39:52 UTC 2018 /home/travis/build/icyphy/ptII/ptolemy/actor/lib/test/auto/TestExceptionAttribute4.xml
----------------- Instantiating /home/travis/build/icyphy/ptII/ptolemy/actor/lib/test/auto/TestExceptionAttribute4.xml
.TestExceptionAttribute4.TestExceptionAttribute: initialize() was not invoked, but wrapup() was.  This is unusual, but not always a problem.  For example, exporting JNLP will do this.
.TestExceptionAttribute4.TestExceptionAttribute2: initialize() was not invoked, but wrapup() was.  This is unusual, but not always a problem.  For example, exporting JNLP will do this.
0 ms. Memory: 1373184K Free: 154877K (11%)
----------------- Invoking toplevel() on ptolemy.moml.MoMLSimpleApplication@16d532d5
----------------- Done invoking toplevel() on ptolemy.moml.MoMLSimpleApplication@16d532d5
reloadAllAccessors: .TestExceptionAttribute4

===========================================================================================
----------------- testing Tue Jul 24 01:39:52 UTC 2018 /home/travis/build/icyphy/ptII/ptolemy/actor/lib/test/auto/TestExceptionHandler1.xml
----------------- Instantiating /home/travis/build/icyphy/ptII/ptolemy/actor/lib/test/auto/TestExceptionHandler1.xml
1 ms. Memory: 1373184K Free: 138922K (10%)
----------------- Invoking toplevel() on ptolemy.moml.MoMLSimpleApplication@1f2d2573
----------------- Done invoking toplevel() on ptolemy.moml.MoMLSimpleApplication@1f2d2573
reloadAllAccessors: .TestExceptionHandler1

===========================================================================================
----------------- testing Tue Jul 24 01:39:52 UTC 2018 /home/travis/build/icyphy/ptII/ptolemy/actor/lib/test/auto/TestExceptionHandler2.xml
----------------- Instantiating /home/travis/build/icyphy/ptII/ptolemy/actor/lib/test/auto/TestExceptionHandler2.xml
2 ms. Memory: 1373184K Free: 126265K (9%)
----------------- Invoking toplevel() on ptolemy.moml.MoMLSimpleApplication@3a05e99d
----------------- Done invoking toplevel() on ptolemy.moml.MoMLSimpleApplication@3a05e99d
reloadAllAccessors: .TestExceptionHandler2

===========================================================================================
----------------- testing Tue Jul 24 01:39:52 UTC 2018 /home/travis/build/icyphy/ptII/ptolemy/actor/lib/test/auto/TestExceptionHandler3.xml
----------------- Instantiating /home/travis/build/icyphy/ptII/ptolemy/actor/lib/test/auto/TestExceptionHandler3.xml
1 ms. Memory: 1373184K Free: 110310K (8%)
----------------- Invoking toplevel() on ptolemy.moml.MoMLSimpleApplication@75f2c9a6
----------------- Done invoking toplevel() on ptolemy.moml.MoMLSimpleApplication@75f2c9a6
reloadAllAccessors: .TestExceptionHandler3

===========================================================================================
----------------- testing Tue Jul 24 01:39:52 UTC 2018 /home/travis/build/icyphy/ptII/ptolemy/actor/lib/test/auto/TestExceptionHandler4.xml
----------------- Instantiating /home/travis/build/icyphy/ptII/ptolemy/actor/lib/test/auto/TestExceptionHandler4.xml
1 ms. Memory: 1373184K Free: 94355K (7%)
----------------- Invoking toplevel() on ptolemy.moml.MoMLSimpleApplication@4c2ecba6
----------------- Done invoking toplevel() on ptolemy.moml.MoMLSimpleApplication@4c2ecba6
reloadAllAccessors: .TestExceptionHandler4

===========================================================================================
----------------- testing Tue Jul 24 01:39:52 UTC 2018 /home/travis/build/icyphy/ptII/ptolemy/actor/lib/test/auto/TestRequireCorrectOrder.xml
----------------- Instantiating /home/travis/build/icyphy/ptII/ptolemy/actor/lib/test/auto/TestRequireCorrectOrder.xml
3 ms. Memory: 1373184K Free: 78400K (6%)
----------------- Invoking toplevel() on ptolemy.moml.MoMLSimpleApplication@12d0c776
----------------- Done invoking toplevel() on ptolemy.moml.MoMLSimpleApplication@12d0c776
reloadAllAccessors: .TestRequireCorrectOrder

===========================================================================================
----------------- testing Tue Jul 24 01:39:52 UTC 2018 /home/travis/build/icyphy/ptII/ptolemy/actor/lib/test/auto/TestSimple.xml
----------------- Instantiating /home/travis/build/icyphy/ptII/ptolemy/actor/lib/test/auto/TestSimple.xml
10 ms. Memory: 1379840K Free: 1337080K (97%)
----------------- Invoking toplevel() on ptolemy.moml.MoMLSimpleApplication@7cdc51c3
----------------- Done invoking toplevel() on ptolemy.moml.MoMLSimpleApplication@7cdc51c3
reloadAllAccessors: .TestSimple

===========================================================================================
----------------- testing Tue Jul 24 01:39:52 UTC 2018 /home/travis/build/icyphy/ptII/ptolemy/actor/lib/test/auto/ThrowModelError.xml
----------------- Instantiating /home/travis/build/icyphy/ptII/ptolemy/actor/lib/test/auto/ThrowModelError.xml
1 ms. Memory: 1379840K Free: 1318003K (96%)
----------------- Invoking toplevel() on ptolemy.moml.MoMLSimpleApplication@391a5835
----------------- Done invoking toplevel() on ptolemy.moml.MoMLSimpleApplication@391a5835
reloadAllAccessors: .ThrowModelError

===========================================================================================
----------------- testing Tue Jul 24 01:39:52 UTC 2018 /home/travis/build/icyphy/ptII/ptolemy/actor/lib/test/auto/TimeDelayMicrosteps.xml
----------------- Instantiating /home/travis/build/icyphy/ptII/ptolemy/actor/lib/test/auto/TimeDelayMicrosteps.xml
5 ms. Memory: 1379840K Free: 1302091K (94%)
----------------- Invoking toplevel() on ptolemy.moml.MoMLSimpleApplication@6fde1da7
----------------- Done invoking toplevel() on ptolemy.moml.MoMLSimpleApplication@6fde1da7
reloadAllAccessors: .TimeDelayMicrosteps

===========================================================================================
----------------- testing Tue Jul 24 01:39:52 UTC 2018 /home/travis/build/icyphy/ptII/ptolemy/actor/lib/test/auto/TimeDelayMicrosteps2.xml
----------------- Instantiating /home/travis/build/icyphy/ptII/ptolemy/actor/lib/test/auto/TimeDelayMicrosteps2.xml
4 ms. Memory: 1379840K Free: 1286178K (93%)
----------------- Invoking toplevel() on ptolemy.moml.MoMLSimpleApplication@3bb4754d
----------------- Done invoking toplevel() on ptolemy.moml.MoMLSimpleApplication@3bb4754d
reloadAllAccessors: .TimeDelayMicrosteps2

===========================================================================================
----------------- testing Tue Jul 24 01:39:52 UTC 2018 /home/travis/build/icyphy/ptII/ptolemy/actor/lib/test/auto/TimeDelayMicrosteps3.xml
----------------- Instantiating /home/travis/build/icyphy/ptII/ptolemy/actor/lib/test/auto/TimeDelayMicrosteps3.xml
3 ms. Memory: 1379840K Free: 1270265K (92%)
----------------- Invoking toplevel() on ptolemy.moml.MoMLSimpleApplication@7e2e848f
----------------- Done invoking toplevel() on ptolemy.moml.MoMLSimpleApplication@7e2e848f
reloadAllAccessors: .TimeDelayMicrosteps3

===========================================================================================
----------------- testing Tue Jul 24 01:39:52 UTC 2018 /home/travis/build/icyphy/ptII/ptolemy/actor/lib/test/auto/TimeDelayVariableMicrosteps.xml
----------------- Instantiating /home/travis/build/icyphy/ptII/ptolemy/actor/lib/test/auto/TimeDelayVariableMicrosteps.xml
2 ms. Memory: 1379840K Free: 1254353K (91%)
----------------- Invoking toplevel() on ptolemy.moml.MoMLSimpleApplication@530d7aa1
----------------- Done invoking toplevel() on ptolemy.moml.MoMLSimpleApplication@530d7aa1
reloadAllAccessors: .TimeDelayVariableMicrosteps

===========================================================================================
----------------- testing Tue Jul 24 01:39:52 UTC 2018 /home/travis/build/icyphy/ptII/ptolemy/actor/lib/test/auto/TimeGap.xml
----------------- Instantiating /home/travis/build/icyphy/ptII/ptolemy/actor/lib/test/auto/TimeGap.xml
2 ms. Memory: 1379840K Free: 1241696K (90%)
----------------- Invoking toplevel() on ptolemy.moml.MoMLSimpleApplication@3e5c2940
----------------- Done invoking toplevel() on ptolemy.moml.MoMLSimpleApplication@3e5c2940
reloadAllAccessors: .TimeGap

===========================================================================================
----------------- testing Tue Jul 24 01:39:52 UTC 2018 /home/travis/build/icyphy/ptII/ptolemy/actor/lib/test/auto/TimeGap2.xml
----------------- Instantiating /home/travis/build/icyphy/ptII/ptolemy/actor/lib/test/auto/TimeGap2.xml
2 ms. Memory: 1379840K Free: 1225783K (89%)
----------------- Invoking toplevel() on ptolemy.moml.MoMLSimpleApplication@72bb70e3
----------------- Done invoking toplevel() on ptolemy.moml.MoMLSimpleApplication@72bb70e3
reloadAllAccessors: .TimeGap2

===========================================================================================
----------------- testing Tue Jul 24 01:39:53 UTC 2018 /home/travis/build/icyphy/ptII/ptolemy/actor/lib/test/auto/TimedSinewave.xml
----------------- Instantiating /home/travis/build/icyphy/ptII/ptolemy/actor/lib/test/auto/TimedSinewave.xml
15 ms. Memory: 1379840K Free: 1203534K (87%)
----------------- Invoking toplevel() on ptolemy.moml.MoMLSimpleApplication@a1e29b9
----------------- Done invoking toplevel() on ptolemy.moml.MoMLSimpleApplication@a1e29b9
reloadAllAccessors: .TimedSinewave

===========================================================================================
----------------- testing Tue Jul 24 01:39:53 UTC 2018 /home/travis/build/icyphy/ptII/ptolemy/actor/lib/test/auto/TimedSinewavePhase.xml
----------------- Instantiating /home/travis/build/icyphy/ptII/ptolemy/actor/lib/test/auto/TimedSinewavePhase.xml
9 ms. Memory: 1379840K Free: 1187621K (86%)
----------------- Invoking toplevel() on ptolemy.moml.MoMLSimpleApplication@4970b5
----------------- Done invoking toplevel() on ptolemy.moml.MoMLSimpleApplication@4970b5
reloadAllAccessors: .TimedSinewavePhase

===========================================================================================
----------------- testing Tue Jul 24 01:39:53 UTC 2018 /home/travis/build/icyphy/ptII/ptolemy/actor/lib/test/auto/Timer.xml
----------------- Instantiating /home/travis/build/icyphy/ptII/ptolemy/actor/lib/test/auto/Timer.xml
2 ms. Memory: 1379840K Free: 1171702K (85%)
----------------- Invoking toplevel() on ptolemy.moml.MoMLSimpleApplication@c71a067
----------------- Done invoking toplevel() on ptolemy.moml.MoMLSimpleApplication@c71a067
reloadAllAccessors: .Timer

===========================================================================================
----------------- testing Tue Jul 24 01:39:53 UTC 2018 /home/travis/build/icyphy/ptII/ptolemy/actor/lib/test/auto/TriangularDistTestModel.xml
----------------- Instantiating /home/travis/build/icyphy/ptII/ptolemy/actor/lib/test/auto/TriangularDistTestModel.xml
2 ms. Memory: 1379840K Free: 1159046K (84%)
----------------- Invoking toplevel() on ptolemy.moml.MoMLSimpleApplication@5e725a64
----------------- Done invoking toplevel() on ptolemy.moml.MoMLSimpleApplication@5e725a64
reloadAllAccessors: .TriangularDistTestModel

===========================================================================================
----------------- testing Tue Jul 24 01:39:53 UTC 2018 /home/travis/build/icyphy/ptII/ptolemy/actor/lib/test/auto/TrigFunction.xml
----------------- Instantiating /home/travis/build/icyphy/ptII/ptolemy/actor/lib/test/auto/TrigFunction.xml
1 ms. Memory: 1379840K Free: 1143133K (83%)
----------------- Invoking toplevel() on ptolemy.moml.MoMLSimpleApplication@24b74f0c
----------------- Done invoking toplevel() on ptolemy.moml.MoMLSimpleApplication@24b74f0c
reloadAllAccessors: .TrigFunction

===========================================================================================
----------------- testing Tue Jul 24 01:39:53 UTC 2018 /home/travis/build/icyphy/ptII/ptolemy/actor/lib/test/auto/TrigFunctionDE.xml
----------------- Instantiating /home/travis/build/icyphy/ptII/ptolemy/actor/lib/test/auto/TrigFunctionDE.xml
2 ms. Memory: 1379840K Free: 1127220K (82%)
----------------- Invoking toplevel() on ptolemy.moml.MoMLSimpleApplication@1d0c581e
----------------- Done invoking toplevel() on ptolemy.moml.MoMLSimpleApplication@1d0c581e
reloadAllAccessors: .TrigFunctionDE

===========================================================================================
----------------- testing Tue Jul 24 01:39:53 UTC 2018 /home/travis/build/icyphy/ptII/ptolemy/actor/lib/test/auto/TrigFunctionInverse.xml
----------------- Instantiating /home/travis/build/icyphy/ptII/ptolemy/actor/lib/test/auto/TrigFunctionInverse.xml
2 ms. Memory: 1379840K Free: 1111308K (81%)
----------------- Invoking toplevel() on ptolemy.moml.MoMLSimpleApplication@54bb5b92
----------------- Done invoking toplevel() on ptolemy.moml.MoMLSimpleApplication@54bb5b92
reloadAllAccessors: .TrigFunctionInverse

===========================================================================================
----------------- testing Tue Jul 24 01:39:53 UTC 2018 /home/travis/build/icyphy/ptII/ptolemy/actor/lib/test/auto/TrigFunctionTan.xml
----------------- Instantiating /home/travis/build/icyphy/ptII/ptolemy/actor/lib/test/auto/TrigFunctionTan.xml
2 ms. Memory: 1379840K Free: 1095395K (79%)
----------------- Invoking toplevel() on ptolemy.moml.MoMLSimpleApplication@2b00fac8
----------------- Done invoking toplevel() on ptolemy.moml.MoMLSimpleApplication@2b00fac8
reloadAllAccessors: .TrigFunctionTan

===========================================================================================
----------------- testing Tue Jul 24 01:39:53 UTC 2018 /home/travis/build/icyphy/ptII/ptolemy/actor/lib/test/auto/TriggeredClock.xml
----------------- Instantiating /home/travis/build/icyphy/ptII/ptolemy/actor/lib/test/auto/TriggeredClock.xml
1 ms. Memory: 1379840K Free: 1082738K (78%)
----------------- Invoking toplevel() on ptolemy.moml.MoMLSimpleApplication@a24fa07
----------------- Done invoking toplevel() on ptolemy.moml.MoMLSimpleApplication@a24fa07
reloadAllAccessors: .TriggeredClock

===========================================================================================
----------------- testing Tue Jul 24 01:39:53 UTC 2018 /home/travis/build/icyphy/ptII/ptolemy/actor/lib/test/auto/URLDirectoryReader.xml
----------------- Instantiating /home/travis/build/icyphy/ptII/ptolemy/actor/lib/test/auto/URLDirectoryReader.xml
32 ms. Memory: 1379840K Free: 1066825K (77%)
----------------- Invoking toplevel() on ptolemy.moml.MoMLSimpleApplication@21a2248e
----------------- Done invoking toplevel() on ptolemy.moml.MoMLSimpleApplication@21a2248e
reloadAllAccessors: .URLDirectoryReader

===========================================================================================
----------------- testing Tue Jul 24 01:39:53 UTC 2018 /home/travis/build/icyphy/ptII/ptolemy/actor/lib/test/auto/URLDirectoryReader3.xml
----------------- Instantiating /home/travis/build/icyphy/ptII/ptolemy/actor/lib/test/auto/URLDirectoryReader3.xml
1048 ms. Memory: 1379840K Free: 1012937K (73%)
----------------- Invoking toplevel() on ptolemy.moml.MoMLSimpleApplication@1ec96201
----------------- Done invoking toplevel() on ptolemy.moml.MoMLSimpleApplication@1ec96201
reloadAllAccessors: .URLDirectoryReader3

===========================================================================================
----------------- testing Tue Jul 24 01:39:54 UTC 2018 /home/travis/build/icyphy/ptII/ptolemy/actor/lib/test/auto/UnaryMathFunction.xml
----------------- Instantiating /home/travis/build/icyphy/ptII/ptolemy/actor/lib/test/auto/UnaryMathFunction.xml
2 ms. Memory: 1379840K Free: 997024K (72%)
----------------- Invoking toplevel() on ptolemy.moml.MoMLSimpleApplication@20e3c1b
----------------- Done invoking toplevel() on ptolemy.moml.MoMLSimpleApplication@20e3c1b
reloadAllAccessors: .UnaryMathFunction

===========================================================================================
----------------- testing Tue Jul 24 01:39:54 UTC 2018 /home/travis/build/icyphy/ptII/ptolemy/actor/lib/test/auto/Uniform.xml
----------------- Instantiating /home/travis/build/icyphy/ptII/ptolemy/actor/lib/test/auto/Uniform.xml
1 ms. Memory: 1379840K Free: 981111K (71%)
----------------- Invoking toplevel() on ptolemy.moml.MoMLSimpleApplication@272b4bd6
----------------- Done invoking toplevel() on ptolemy.moml.MoMLSimpleApplication@272b4bd6
reloadAllAccessors: .Uniform

===========================================================================================
----------------- testing Tue Jul 24 01:39:54 UTC 2018 /home/travis/build/icyphy/ptII/ptolemy/actor/lib/test/auto/UnionDisassemblerTest.xml
----------------- Instantiating /home/travis/build/icyphy/ptII/ptolemy/actor/lib/test/auto/UnionDisassemblerTest.xml
7 ms. Memory: 1379840K Free: 968455K (70%)
----------------- Invoking toplevel() on ptolemy.moml.MoMLSimpleApplication@4cb2ad68
----------------- Done invoking toplevel() on ptolemy.moml.MoMLSimpleApplication@4cb2ad68
reloadAllAccessors: .UnionDisassemblerTest

===========================================================================================
----------------- testing Tue Jul 24 01:39:54 UTC 2018 /home/travis/build/icyphy/ptII/ptolemy/actor/lib/test/auto/UtilityFunctions.xml
----------------- Instantiating /home/travis/build/icyphy/ptII/ptolemy/actor/lib/test/auto/UtilityFunctions.xml
1 ms. Memory: 1379840K Free: 952542K (69%)
----------------- Invoking toplevel() on ptolemy.moml.MoMLSimpleApplication@246aefec
----------------- Done invoking toplevel() on ptolemy.moml.MoMLSimpleApplication@246aefec
reloadAllAccessors: .UtilityFunctions

===========================================================================================
----------------- testing Tue Jul 24 01:39:54 UTC 2018 /home/travis/build/icyphy/ptII/ptolemy/actor/lib/test/auto/VariableSleep.xml
----------------- Instantiating /home/travis/build/icyphy/ptII/ptolemy/actor/lib/test/auto/VariableSleep.xml
503 ms. Memory: 1379840K Free: 936629K (68%)
----------------- Invoking toplevel() on ptolemy.moml.MoMLSimpleApplication@2cf730b2
----------------- Done invoking toplevel() on ptolemy.moml.MoMLSimpleApplication@2cf730b2
reloadAllAccessors: .VariableSleep

===========================================================================================
----------------- testing Tue Jul 24 01:39:55 UTC 2018 /home/travis/build/icyphy/ptII/ptolemy/actor/lib/test/auto/VectorAssemblerDisassemblerCT.xml
----------------- Instantiating /home/travis/build/icyphy/ptII/ptolemy/actor/lib/test/auto/VectorAssemblerDisassemblerCT.xml
73 ms. Memory: 1379840K Free: 908038K (66%)
----------------- Invoking toplevel() on ptolemy.moml.MoMLSimpleApplication@1223c545
----------------- Done invoking toplevel() on ptolemy.moml.MoMLSimpleApplication@1223c545
reloadAllAccessors: .VectorAssemblerDisassemblerCT

===========================================================================================
----------------- testing Tue Jul 24 01:39:55 UTC 2018 /home/travis/build/icyphy/ptII/ptolemy/actor/lib/test/auto/VectorAssemblerDisassemblerDE.xml
----------------- Instantiating /home/travis/build/icyphy/ptII/ptolemy/actor/lib/test/auto/VectorAssemblerDisassemblerDE.xml
3 ms. Memory: 1379840K Free: 892125K (65%)
----------------- Invoking toplevel() on ptolemy.moml.MoMLSimpleApplication@59d6f3bd
----------------- Done invoking toplevel() on ptolemy.moml.MoMLSimpleApplication@59d6f3bd
reloadAllAccessors: .VectorAssemblerDisassemblerDE

===========================================================================================
----------------- testing Tue Jul 24 01:39:55 UTC 2018 /home/travis/build/icyphy/ptII/ptolemy/actor/lib/test/auto/VectorAssemblerDisassemblerSDF.xml
----------------- Instantiating /home/travis/build/icyphy/ptII/ptolemy/actor/lib/test/auto/VectorAssemblerDisassemblerSDF.xml
3 ms. Memory: 1379840K Free: 876212K (64%)
----------------- Invoking toplevel() on ptolemy.moml.MoMLSimpleApplication@5f63d97f
----------------- Done invoking toplevel() on ptolemy.moml.MoMLSimpleApplication@5f63d97f
reloadAllAccessors: .VectorAssemblerDisassemblerSDF

===========================================================================================
----------------- testing Tue Jul 24 01:39:55 UTC 2018 /home/travis/build/icyphy/ptII/ptolemy/actor/lib/test/auto/WallClockTime.xml
----------------- Instantiating /home/travis/build/icyphy/ptII/ptolemy/actor/lib/test/auto/WallClockTime.xml
1004 ms. Memory: 1379840K Free: 863556K (63%)
----------------- Invoking toplevel() on ptolemy.moml.MoMLSimpleApplication@2ddae566
----------------- Done invoking toplevel() on ptolemy.moml.MoMLSimpleApplication@2ddae566
reloadAllAccessors: .WallClockTime

===========================================================================================
----------------- testing Tue Jul 24 01:39:56 UTC 2018 /home/travis/build/icyphy/ptII/ptolemy/actor/lib/test/auto/WidthTestWithSubscriberPublisher.xml
----------------- Instantiating /home/travis/build/icyphy/ptII/ptolemy/actor/lib/test/auto/WidthTestWithSubscriberPublisher.xml
6 ms. Memory: 1379840K Free: 834954K (61%)
----------------- Invoking toplevel() on ptolemy.moml.MoMLSimpleApplication@20d76052
----------------- Done invoking toplevel() on ptolemy.moml.MoMLSimpleApplication@20d76052
reloadAllAccessors: .WidthTestWithSubscriberPublisher

===========================================================================================
----------------- testing Tue Jul 24 01:39:56 UTC 2018 /home/travis/build/icyphy/ptII/ptolemy/actor/lib/test/auto/WidthTestWithSubscriberPublisher2.xml
----------------- Instantiating /home/travis/build/icyphy/ptII/ptolemy/actor/lib/test/auto/WidthTestWithSubscriberPublisher2.xml
4 ms. Memory: 1379840K Free: 819041K (59%)
----------------- Invoking toplevel() on ptolemy.moml.MoMLSimpleApplication@56861cbd
----------------- Done invoking toplevel() on ptolemy.moml.MoMLSimpleApplication@56861cbd
reloadAllAccessors: .WidthTestWithSubscriberPublisher2

===========================================================================================
----------------- testing Tue Jul 24 01:39:56 UTC 2018 /home/travis/build/icyphy/ptII/ptolemy/actor/lib/test/auto/WidthTestWithSubscriberPublisher3.xml
----------------- Instantiating /home/travis/build/icyphy/ptII/ptolemy/actor/lib/test/auto/WidthTestWithSubscriberPublisher3.xml
1 ms. Memory: 1379840K Free: 803129K (58%)
----------------- Invoking toplevel() on ptolemy.moml.MoMLSimpleApplication@867870
----------------- Done invoking toplevel() on ptolemy.moml.MoMLSimpleApplication@867870
reloadAllAccessors: .WidthTestWithSubscriberPublisher3

===========================================================================================
----------------- testing Tue Jul 24 01:39:56 UTC 2018 /home/travis/build/icyphy/ptII/ptolemy/actor/lib/test/auto/Writer.xml
----------------- Instantiating /home/travis/build/icyphy/ptII/ptolemy/actor/lib/test/auto/Writer.xml
0
1
2
3
4
2 ms. Memory: 1379840K Free: 787216K (57%)
----------------- Invoking toplevel() on ptolemy.moml.MoMLSimpleApplication@696d3633
----------------- Done invoking toplevel() on ptolemy.moml.MoMLSimpleApplication@696d3633
reloadAllAccessors: .Writer

===========================================================================================
----------------- testing Tue Jul 24 01:39:56 UTC 2018 /home/travis/build/icyphy/ptII/ptolemy/actor/lib/test/auto/array.xml
----------------- Instantiating /home/travis/build/icyphy/ptII/ptolemy/actor/lib/test/auto/array.xml
2 ms. Memory: 1379840K Free: 774559K (56%)
----------------- Invoking toplevel() on ptolemy.moml.MoMLSimpleApplication@73e9ed85
----------------- Done invoking toplevel() on ptolemy.moml.MoMLSimpleApplication@73e9ed85
reloadAllAccessors: .array

===========================================================================================
----------------- testing Tue Jul 24 01:39:56 UTC 2018 /home/travis/build/icyphy/ptII/ptolemy/actor/lib/test/auto/array2.xml
----------------- Instantiating /home/travis/build/icyphy/ptII/ptolemy/actor/lib/test/auto/array2.xml
3 ms. Memory: 1379840K Free: 758647K (55%)
----------------- Invoking toplevel() on ptolemy.moml.MoMLSimpleApplication@7deec8e0
----------------- Done invoking toplevel() on ptolemy.moml.MoMLSimpleApplication@7deec8e0
reloadAllAccessors: .array2

===========================================================================================
----------------- testing Tue Jul 24 01:39:56 UTC 2018 /home/travis/build/icyphy/ptII/ptolemy/actor/lib/test/auto/arrayType.xml
----------------- Instantiating /home/travis/build/icyphy/ptII/ptolemy/actor/lib/test/auto/arrayType.xml
2 ms. Memory: 1379840K Free: 742734K (54%)
----------------- Invoking toplevel() on ptolemy.moml.MoMLSimpleApplication@4b080eea
----------------- Done invoking toplevel() on ptolemy.moml.MoMLSimpleApplication@4b080eea
reloadAllAccessors: .arrayType

===========================================================================================
----------------- testing Tue Jul 24 01:39:56 UTC 2018 /home/travis/build/icyphy/ptII/ptolemy/actor/lib/test/auto/arrayType10.xml
----------------- Instantiating /home/travis/build/icyphy/ptII/ptolemy/actor/lib/test/auto/arrayType10.xml
1 ms. Memory: 1379840K Free: 726821K (53%)
----------------- Invoking toplevel() on ptolemy.moml.MoMLSimpleApplication@6ddade7c
----------------- Done invoking toplevel() on ptolemy.moml.MoMLSimpleApplication@6ddade7c
reloadAllAccessors: .arrayType10

===========================================================================================
----------------- testing Tue Jul 24 01:39:56 UTC 2018 /home/travis/build/icyphy/ptII/ptolemy/actor/lib/test/auto/arrayType11.xml
----------------- Instantiating /home/travis/build/icyphy/ptII/ptolemy/actor/lib/test/auto/arrayType11.xml
1 ms. Memory: 1379840K Free: 710908K (52%)
----------------- Invoking toplevel() on ptolemy.moml.MoMLSimpleApplication@51cdb57c
----------------- Done invoking toplevel() on ptolemy.moml.MoMLSimpleApplication@51cdb57c
reloadAllAccessors: .arrayType11

===========================================================================================
----------------- testing Tue Jul 24 01:39:56 UTC 2018 /home/travis/build/icyphy/ptII/ptolemy/actor/lib/test/auto/arrayType12.xml
----------------- Instantiating /home/travis/build/icyphy/ptII/ptolemy/actor/lib/test/auto/arrayType12.xml
1 ms. Memory: 1379840K Free: 698252K (51%)
----------------- Invoking toplevel() on ptolemy.moml.MoMLSimpleApplication@4b393527
----------------- Done invoking toplevel() on ptolemy.moml.MoMLSimpleApplication@4b393527
reloadAllAccessors: .arrayType12

===========================================================================================
----------------- testing Tue Jul 24 01:39:56 UTC 2018 /home/travis/build/icyphy/ptII/ptolemy/actor/lib/test/auto/arrayType13.xml
----------------- Instantiating /home/travis/build/icyphy/ptII/ptolemy/actor/lib/test/auto/arrayType13.xml
1 ms. Memory: 1379840K Free: 682339K (49%)
----------------- Invoking toplevel() on ptolemy.moml.MoMLSimpleApplication@243c67a8
----------------- Done invoking toplevel() on ptolemy.moml.MoMLSimpleApplication@243c67a8
reloadAllAccessors: .arrayType13

===========================================================================================
----------------- testing Tue Jul 24 01:39:56 UTC 2018 /home/travis/build/icyphy/ptII/ptolemy/actor/lib/test/auto/arrayType14.xml
----------------- Instantiating /home/travis/build/icyphy/ptII/ptolemy/actor/lib/test/auto/arrayType14.xml
2 ms. Memory: 1379840K Free: 666426K (48%)
----------------- Invoking toplevel() on ptolemy.moml.MoMLSimpleApplication@42e01475
----------------- Done invoking toplevel() on ptolemy.moml.MoMLSimpleApplication@42e01475
reloadAllAccessors: .arrayType14

===========================================================================================
----------------- testing Tue Jul 24 01:39:56 UTC 2018 /home/travis/build/icyphy/ptII/ptolemy/actor/lib/test/auto/arrayType15.xml
----------------- Instantiating /home/travis/build/icyphy/ptII/ptolemy/actor/lib/test/auto/arrayType15.xml
1 ms. Memory: 1379840K Free: 650513K (47%)
----------------- Invoking toplevel() on ptolemy.moml.MoMLSimpleApplication@72a53248
----------------- Done invoking toplevel() on ptolemy.moml.MoMLSimpleApplication@72a53248
reloadAllAccessors: .arrayType15

===========================================================================================
----------------- testing Tue Jul 24 01:39:56 UTC 2018 /home/travis/build/icyphy/ptII/ptolemy/actor/lib/test/auto/arrayType16.xml
----------------- Instantiating /home/travis/build/icyphy/ptII/ptolemy/actor/lib/test/auto/arrayType16.xml
1 ms. Memory: 1379840K Free: 634600K (46%)
----------------- Invoking toplevel() on ptolemy.moml.MoMLSimpleApplication@58631a7a
----------------- Done invoking toplevel() on ptolemy.moml.MoMLSimpleApplication@58631a7a
reloadAllAccessors: .arrayType16

===========================================================================================
----------------- testing Tue Jul 24 01:39:56 UTC 2018 /home/travis/build/icyphy/ptII/ptolemy/actor/lib/test/auto/arrayType17.xml
----------------- Instantiating /home/travis/build/icyphy/ptII/ptolemy/actor/lib/test/auto/arrayType17.xml
2 ms. Memory: 1379840K Free: 618687K (45%)
----------------- Invoking toplevel() on ptolemy.moml.MoMLSimpleApplication@596b71b0
----------------- Done invoking toplevel() on ptolemy.moml.MoMLSimpleApplication@596b71b0
reloadAllAccessors: .arrayType17

===========================================================================================
----------------- testing Tue Jul 24 01:39:56 UTC 2018 /home/travis/build/icyphy/ptII/ptolemy/actor/lib/test/auto/arrayType18.xml
----------------- Instantiating /home/travis/build/icyphy/ptII/ptolemy/actor/lib/test/auto/arrayType18.xml
1 ms. Memory: 1379840K Free: 606031K (44%)
----------------- Invoking toplevel() on ptolemy.moml.MoMLSimpleApplication@22cac3af
----------------- Done invoking toplevel() on ptolemy.moml.MoMLSimpleApplication@22cac3af
reloadAllAccessors: .arrayType18

===========================================================================================
----------------- testing Tue Jul 24 01:39:56 UTC 2018 /home/travis/build/icyphy/ptII/ptolemy/actor/lib/test/auto/arrayType19.xml
----------------- Instantiating /home/travis/build/icyphy/ptII/ptolemy/actor/lib/test/auto/arrayType19.xml
1 ms. Memory: 1379840K Free: 590118K (43%)
----------------- Invoking toplevel() on ptolemy.moml.MoMLSimpleApplication@1f17153d
----------------- Done invoking toplevel() on ptolemy.moml.MoMLSimpleApplication@1f17153d
reloadAllAccessors: .arrayType19

===========================================================================================
----------------- testing Tue Jul 24 01:39:56 UTC 2018 /home/travis/build/icyphy/ptII/ptolemy/actor/lib/test/auto/arrayType2.xml
----------------- Instantiating /home/travis/build/icyphy/ptII/ptolemy/actor/lib/test/auto/arrayType2.xml
2 ms. Memory: 1379840K Free: 574205K (42%)
----------------- Invoking toplevel() on ptolemy.moml.MoMLSimpleApplication@4ef3cd6a
----------------- Done invoking toplevel() on ptolemy.moml.MoMLSimpleApplication@4ef3cd6a
reloadAllAccessors: .arrayType2

===========================================================================================
----------------- testing Tue Jul 24 01:39:56 UTC 2018 /home/travis/build/icyphy/ptII/ptolemy/actor/lib/test/auto/arrayType20.xml
----------------- Instantiating /home/travis/build/icyphy/ptII/ptolemy/actor/lib/test/auto/arrayType20.xml
1 ms. Memory: 1379840K Free: 558292K (40%)
----------------- Invoking toplevel() on ptolemy.moml.MoMLSimpleApplication@659bd782
----------------- Done invoking toplevel() on ptolemy.moml.MoMLSimpleApplication@659bd782
reloadAllAccessors: .arrayType20

===========================================================================================
----------------- testing Tue Jul 24 01:39:56 UTC 2018 /home/travis/build/icyphy/ptII/ptolemy/actor/lib/test/auto/arrayType21.xml
----------------- Instantiating /home/travis/build/icyphy/ptII/ptolemy/actor/lib/test/auto/arrayType21.xml
1 ms. Memory: 1379840K Free: 542380K (39%)
----------------- Invoking toplevel() on ptolemy.moml.MoMLSimpleApplication@49b0abc0
----------------- Done invoking toplevel() on ptolemy.moml.MoMLSimpleApplication@49b0abc0
reloadAllAccessors: .arrayType21

===========================================================================================
----------------- testing Tue Jul 24 01:39:56 UTC 2018 /home/travis/build/icyphy/ptII/ptolemy/actor/lib/test/auto/arrayType22.xml
----------------- Instantiating /home/travis/build/icyphy/ptII/ptolemy/actor/lib/test/auto/arrayType22.xml
1 ms. Memory: 1379840K Free: 526467K (38%)
----------------- Invoking toplevel() on ptolemy.moml.MoMLSimpleApplication@9a9048c
----------------- Done invoking toplevel() on ptolemy.moml.MoMLSimpleApplication@9a9048c
reloadAllAccessors: .arrayType22

===========================================================================================
----------------- testing Tue Jul 24 01:39:56 UTC 2018 /home/travis/build/icyphy/ptII/ptolemy/actor/lib/test/auto/arrayType23.xml
----------------- Instantiating /home/travis/build/icyphy/ptII/ptolemy/actor/lib/test/auto/arrayType23.xml
2 ms. Memory: 1379840K Free: 513810K (37%)
----------------- Invoking toplevel() on ptolemy.moml.MoMLSimpleApplication@11a8c5f8
----------------- Done invoking toplevel() on ptolemy.moml.MoMLSimpleApplication@11a8c5f8
reloadAllAccessors: .arrayType23

===========================================================================================
----------------- testing Tue Jul 24 01:39:56 UTC 2018 /home/travis/build/icyphy/ptII/ptolemy/actor/lib/test/auto/arrayType24.xml
----------------- Instantiating /home/travis/build/icyphy/ptII/ptolemy/actor/lib/test/auto/arrayType24.xml
3 ms. Memory: 1379840K Free: 497897K (36%)
----------------- Invoking toplevel() on ptolemy.moml.MoMLSimpleApplication@49a5bfb0
----------------- Done invoking toplevel() on ptolemy.moml.MoMLSimpleApplication@49a5bfb0
reloadAllAccessors: .arrayType24

===========================================================================================
----------------- testing Tue Jul 24 01:39:56 UTC 2018 /home/travis/build/icyphy/ptII/ptolemy/actor/lib/test/auto/arrayType25.xml
----------------- Instantiating /home/travis/build/icyphy/ptII/ptolemy/actor/lib/test/auto/arrayType25.xml
1 ms. Memory: 1379840K Free: 481984K (35%)
----------------- Invoking toplevel() on ptolemy.moml.MoMLSimpleApplication@308d13ea
----------------- Done invoking toplevel() on ptolemy.moml.MoMLSimpleApplication@308d13ea
reloadAllAccessors: .arrayType25

===========================================================================================
----------------- testing Tue Jul 24 01:39:56 UTC 2018 /home/travis/build/icyphy/ptII/ptolemy/actor/lib/test/auto/arrayType26.xml
----------------- Instantiating /home/travis/build/icyphy/ptII/ptolemy/actor/lib/test/auto/arrayType26.xml
1 ms. Memory: 1379840K Free: 466072K (34%)
----------------- Invoking toplevel() on ptolemy.moml.MoMLSimpleApplication@5873a2e4
----------------- Done invoking toplevel() on ptolemy.moml.MoMLSimpleApplication@5873a2e4
reloadAllAccessors: .arrayType26

===========================================================================================
----------------- testing Tue Jul 24 01:39:56 UTC 2018 /home/travis/build/icyphy/ptII/ptolemy/actor/lib/test/auto/arrayType27.xml
----------------- Instantiating /home/travis/build/icyphy/ptII/ptolemy/actor/lib/test/auto/arrayType27.xml
1 ms. Memory: 1379840K Free: 450159K (33%)
----------------- Invoking toplevel() on ptolemy.moml.MoMLSimpleApplication@7e378e9e
----------------- Done invoking toplevel() on ptolemy.moml.MoMLSimpleApplication@7e378e9e
reloadAllAccessors: .arrayType27

===========================================================================================
----------------- testing Tue Jul 24 01:39:56 UTC 2018 /home/travis/build/icyphy/ptII/ptolemy/actor/lib/test/auto/arrayType28.xml
----------------- Instantiating /home/travis/build/icyphy/ptII/ptolemy/actor/lib/test/auto/arrayType28.xml
1 ms. Memory: 1379840K Free: 437502K (32%)
----------------- Invoking toplevel() on ptolemy.moml.MoMLSimpleApplication@321f5fd2
----------------- Done invoking toplevel() on ptolemy.moml.MoMLSimpleApplication@321f5fd2
reloadAllAccessors: .arrayType28

===========================================================================================
----------------- testing Tue Jul 24 01:39:56 UTC 2018 /home/travis/build/icyphy/ptII/ptolemy/actor/lib/test/auto/arrayType3.xml
----------------- Instantiating /home/travis/build/icyphy/ptII/ptolemy/actor/lib/test/auto/arrayType3.xml
2 ms. Memory: 1379840K Free: 421590K (31%)
----------------- Invoking toplevel() on ptolemy.moml.MoMLSimpleApplication@7f9f7133
----------------- Done invoking toplevel() on ptolemy.moml.MoMLSimpleApplication@7f9f7133
reloadAllAccessors: .arrayType3

===========================================================================================
----------------- testing Tue Jul 24 01:39:56 UTC 2018 /home/travis/build/icyphy/ptII/ptolemy/actor/lib/test/auto/arrayType4.xml
----------------- Instantiating /home/travis/build/icyphy/ptII/ptolemy/actor/lib/test/auto/arrayType4.xml
2 ms. Memory: 1379840K Free: 405677K (29%)
----------------- Invoking toplevel() on ptolemy.moml.MoMLSimpleApplication@65fd9244
----------------- Done invoking toplevel() on ptolemy.moml.MoMLSimpleApplication@65fd9244
reloadAllAccessors: .arrayType4

===========================================================================================
----------------- testing Tue Jul 24 01:39:56 UTC 2018 /home/travis/build/icyphy/ptII/ptolemy/actor/lib/test/auto/arrayType5.xml
----------------- Instantiating /home/travis/build/icyphy/ptII/ptolemy/actor/lib/test/auto/arrayType5.xml
4 ms. Memory: 1379840K Free: 389764K (28%)
----------------- Invoking toplevel() on ptolemy.moml.MoMLSimpleApplication@180a7c00
----------------- Done invoking toplevel() on ptolemy.moml.MoMLSimpleApplication@180a7c00
reloadAllAccessors: .arrayType5

===========================================================================================
----------------- testing Tue Jul 24 01:39:56 UTC 2018 /home/travis/build/icyphy/ptII/ptolemy/actor/lib/test/auto/arrayType6.xml
----------------- Instantiating /home/travis/build/icyphy/ptII/ptolemy/actor/lib/test/auto/arrayType6.xml
1 ms. Memory: 1379840K Free: 373851K (27%)
----------------- Invoking toplevel() on ptolemy.moml.MoMLSimpleApplication@22e60cd3
----------------- Done invoking toplevel() on ptolemy.moml.MoMLSimpleApplication@22e60cd3
reloadAllAccessors: .arrayType6

===========================================================================================
----------------- testing Tue Jul 24 01:39:56 UTC 2018 /home/travis/build/icyphy/ptII/ptolemy/actor/lib/test/auto/arrayType7.xml
----------------- Instantiating /home/travis/build/icyphy/ptII/ptolemy/actor/lib/test/auto/arrayType7.xml
1 ms. Memory: 1379840K Free: 357938K (26%)
----------------- Invoking toplevel() on ptolemy.moml.MoMLSimpleApplication@3a48c296
----------------- Done invoking toplevel() on ptolemy.moml.MoMLSimpleApplication@3a48c296
reloadAllAccessors: .arrayType7

===========================================================================================
----------------- testing Tue Jul 24 01:39:56 UTC 2018 /home/travis/build/icyphy/ptII/ptolemy/actor/lib/test/auto/arrayType8.xml
----------------- Instantiating /home/travis/build/icyphy/ptII/ptolemy/actor/lib/test/auto/arrayType8.xml
2 ms. Memory: 1379840K Free: 345282K (25%)
----------------- Invoking toplevel() on ptolemy.moml.MoMLSimpleApplication@5eca8a15
----------------- Done invoking toplevel() on ptolemy.moml.MoMLSimpleApplication@5eca8a15
reloadAllAccessors: .arrayType8

===========================================================================================
----------------- testing Tue Jul 24 01:39:56 UTC 2018 /home/travis/build/icyphy/ptII/ptolemy/actor/lib/test/auto/arrayType9.xml
----------------- Instantiating /home/travis/build/icyphy/ptII/ptolemy/actor/lib/test/auto/arrayType9.xml
1 ms. Memory: 1379840K Free: 329369K (24%)
----------------- Invoking toplevel() on ptolemy.moml.MoMLSimpleApplication@39c7cdf3
----------------- Done invoking toplevel() on ptolemy.moml.MoMLSimpleApplication@39c7cdf3
reloadAllAccessors: .arrayType9

===========================================================================================
----------------- testing Tue Jul 24 01:39:56 UTC 2018 /home/travis/build/icyphy/ptII/ptolemy/actor/lib/test/auto/cast.xml
----------------- Instantiating /home/travis/build/icyphy/ptII/ptolemy/actor/lib/test/auto/cast.xml
1 ms. Memory: 1379840K Free: 313456K (23%)
----------------- Invoking toplevel() on ptolemy.moml.MoMLSimpleApplication@3050aafb
----------------- Done invoking toplevel() on ptolemy.moml.MoMLSimpleApplication@3050aafb
reloadAllAccessors: .cast

===========================================================================================
----------------- testing Tue Jul 24 01:39:56 UTC 2018 /home/travis/build/icyphy/ptII/ptolemy/actor/lib/test/auto/compositeMultiPort.xml
----------------- Instantiating /home/travis/build/icyphy/ptII/ptolemy/actor/lib/test/auto/compositeMultiPort.xml
2 ms. Memory: 1379840K Free: 297543K (22%)
----------------- Invoking toplevel() on ptolemy.moml.MoMLSimpleApplication@23c859d4
----------------- Done invoking toplevel() on ptolemy.moml.MoMLSimpleApplication@23c859d4
reloadAllAccessors: .compositeMultiPort

===========================================================================================
----------------- testing Tue Jul 24 01:39:56 UTC 2018 /home/travis/build/icyphy/ptII/ptolemy/actor/lib/test/auto/expressionCastInference.xml
----------------- Instantiating /home/travis/build/icyphy/ptII/ptolemy/actor/lib/test/auto/expressionCastInference.xml
7 ms. Memory: 1379840K Free: 281630K (20%)
----------------- Invoking toplevel() on ptolemy.moml.MoMLSimpleApplication@2ac22724
----------------- Done invoking toplevel() on ptolemy.moml.MoMLSimpleApplication@2ac22724
reloadAllAccessors: .expressionCastInference

===========================================================================================
----------------- testing Tue Jul 24 01:39:56 UTC 2018 /home/travis/build/icyphy/ptII/ptolemy/actor/lib/test/auto/expressionCastInference2.xml
----------------- Instantiating /home/travis/build/icyphy/ptII/ptolemy/actor/lib/test/auto/expressionCastInference2.xml
2 ms. Memory: 1379840K Free: 265718K (19%)
----------------- Invoking toplevel() on ptolemy.moml.MoMLSimpleApplication@25d646ca
----------------- Done invoking toplevel() on ptolemy.moml.MoMLSimpleApplication@25d646ca
reloadAllAccessors: .expressionCastInference2

===========================================================================================
----------------- testing Tue Jul 24 01:39:56 UTC 2018 /home/travis/build/icyphy/ptII/ptolemy/actor/lib/test/auto/expressionInference.xml
----------------- Instantiating /home/travis/build/icyphy/ptII/ptolemy/actor/lib/test/auto/expressionInference.xml
1 ms. Memory: 1379840K Free: 253061K (18%)
----------------- Invoking toplevel() on ptolemy.moml.MoMLSimpleApplication@7fe0801e
----------------- Done invoking toplevel() on ptolemy.moml.MoMLSimpleApplication@7fe0801e
reloadAllAccessors: .expressionInference

===========================================================================================
----------------- testing Tue Jul 24 01:39:56 UTC 2018 /home/travis/build/icyphy/ptII/ptolemy/actor/lib/test/auto/expression_bug.xml
----------------- Instantiating /home/travis/build/icyphy/ptII/ptolemy/actor/lib/test/auto/expression_bug.xml
1 ms. Memory: 1379840K Free: 237148K (17%)
----------------- Invoking toplevel() on ptolemy.moml.MoMLSimpleApplication@60f97992
----------------- Done invoking toplevel() on ptolemy.moml.MoMLSimpleApplication@60f97992
reloadAllAccessors: .expression_bug

===========================================================================================
----------------- testing Tue Jul 24 01:39:56 UTC 2018 /home/travis/build/icyphy/ptII/ptolemy/actor/lib/test/auto/factorial.xml
----------------- Instantiating /home/travis/build/icyphy/ptII/ptolemy/actor/lib/test/auto/factorial.xml
37 ms. Memory: 1379840K Free: 221235K (16%)
----------------- Invoking toplevel() on ptolemy.moml.MoMLSimpleApplication@113e8880
----------------- Done invoking toplevel() on ptolemy.moml.MoMLSimpleApplication@113e8880
reloadAllAccessors: .factorial

===========================================================================================
----------------- testing Tue Jul 24 01:39:57 UTC 2018 /home/travis/build/icyphy/ptII/ptolemy/actor/lib/test/auto/filterTest1.xml
----------------- Instantiating /home/travis/build/icyphy/ptII/ptolemy/actor/lib/test/auto/filterTest1.xml
3 ms. Memory: 1379840K Free: 205322K (15%)
----------------- Invoking toplevel() on ptolemy.moml.MoMLSimpleApplication@1cfb38c6
----------------- Done invoking toplevel() on ptolemy.moml.MoMLSimpleApplication@1cfb38c6
reloadAllAccessors: .filterTest1

===========================================================================================
----------------- testing Tue Jul 24 01:39:57 UTC 2018 /home/travis/build/icyphy/ptII/ptolemy/actor/lib/test/auto/funcApplyInConst.xml
----------------- Instantiating /home/travis/build/icyphy/ptII/ptolemy/actor/lib/test/auto/funcApplyInConst.xml
0 ms. Memory: 1379840K Free: 189409K (14%)
----------------- Invoking toplevel() on ptolemy.moml.MoMLSimpleApplication@35d6e2a5
----------------- Done invoking toplevel() on ptolemy.moml.MoMLSimpleApplication@35d6e2a5
reloadAllAccessors: .funcApplyInConst

===========================================================================================
----------------- testing Tue Jul 24 01:39:57 UTC 2018 /home/travis/build/icyphy/ptII/ptolemy/actor/lib/test/auto/funcApplyInExpr.xml
----------------- Instantiating /home/travis/build/icyphy/ptII/ptolemy/actor/lib/test/auto/funcApplyInExpr.xml
1 ms. Memory: 1379840K Free: 173497K (13%)
----------------- Invoking toplevel() on ptolemy.moml.MoMLSimpleApplication@79070114
----------------- Done invoking toplevel() on ptolemy.moml.MoMLSimpleApplication@79070114
reloadAllAccessors: .funcApplyInExpr

===========================================================================================
----------------- testing Tue Jul 24 01:39:57 UTC 2018 /home/travis/build/icyphy/ptII/ptolemy/actor/lib/test/auto/function.xml
----------------- Instantiating /home/travis/build/icyphy/ptII/ptolemy/actor/lib/test/auto/function.xml
1 ms. Memory: 1379840K Free: 160840K (12%)
----------------- Invoking toplevel() on ptolemy.moml.MoMLSimpleApplication@6a3df352
----------------- Done invoking toplevel() on ptolemy.moml.MoMLSimpleApplication@6a3df352
reloadAllAccessors: .function

===========================================================================================
----------------- testing Tue Jul 24 01:39:57 UTC 2018 /home/travis/build/icyphy/ptII/ptolemy/actor/lib/test/auto/function2.xml
----------------- Instantiating /home/travis/build/icyphy/ptII/ptolemy/actor/lib/test/auto/function2.xml
1 ms. Memory: 1379840K Free: 144927K (11%)
----------------- Invoking toplevel() on ptolemy.moml.MoMLSimpleApplication@5ae9da3a
----------------- Done invoking toplevel() on ptolemy.moml.MoMLSimpleApplication@5ae9da3a
reloadAllAccessors: .function2

===========================================================================================
----------------- testing Tue Jul 24 01:39:57 UTC 2018 /home/travis/build/icyphy/ptII/ptolemy/actor/lib/test/auto/function3.xml
----------------- Instantiating /home/travis/build/icyphy/ptII/ptolemy/actor/lib/test/auto/function3.xml
1 ms. Memory: 1379840K Free: 129014K (9%)
----------------- Invoking toplevel() on ptolemy.moml.MoMLSimpleApplication@61b6f745
----------------- Done invoking toplevel() on ptolemy.moml.MoMLSimpleApplication@61b6f745
reloadAllAccessors: .function3

===========================================================================================
----------------- testing Tue Jul 24 01:39:57 UTC 2018 /home/travis/build/icyphy/ptII/ptolemy/actor/lib/test/auto/functionClosureTest1.xml
----------------- Instantiating /home/travis/build/icyphy/ptII/ptolemy/actor/lib/test/auto/functionClosureTest1.xml
3 ms. Memory: 1379840K Free: 113102K (8%)
----------------- Invoking toplevel() on ptolemy.moml.MoMLSimpleApplication@3c383b1f
----------------- Done invoking toplevel() on ptolemy.moml.MoMLSimpleApplication@3c383b1f
reloadAllAccessors: .functionClosureTest1

===========================================================================================
----------------- testing Tue Jul 24 01:39:57 UTC 2018 /home/travis/build/icyphy/ptII/ptolemy/actor/lib/test/auto/functionClosureTest2.xml
----------------- Instantiating /home/travis/build/icyphy/ptII/ptolemy/actor/lib/test/auto/functionClosureTest2.xml
2 ms. Memory: 1379840K Free: 97189K (7%)
----------------- Invoking toplevel() on ptolemy.moml.MoMLSimpleApplication@5fb4d6d8
----------------- Done invoking toplevel() on ptolemy.moml.MoMLSimpleApplication@5fb4d6d8
reloadAllAccessors: .functionClosureTest2

===========================================================================================
----------------- testing Tue Jul 24 01:39:57 UTC 2018 /home/travis/build/icyphy/ptII/ptolemy/actor/lib/test/auto/functionClosureTest3.xml
----------------- Instantiating /home/travis/build/icyphy/ptII/ptolemy/actor/lib/test/auto/functionClosureTest3.xml
3 ms. Memory: 1379840K Free: 81276K (6%)
----------------- Invoking toplevel() on ptolemy.moml.MoMLSimpleApplication@537de992
----------------- Done invoking toplevel() on ptolemy.moml.MoMLSimpleApplication@537de992
reloadAllAccessors: .functionClosureTest3

===========================================================================================
----------------- testing Tue Jul 24 01:39:57 UTC 2018 /home/travis/build/icyphy/ptII/ptolemy/actor/lib/test/auto/functionClosureTest4.xml
----------------- Instantiating /home/travis/build/icyphy/ptII/ptolemy/actor/lib/test/auto/functionClosureTest4.xml
17 ms. Memory: 1442816K Free: 1389750K (96%)
----------------- Invoking toplevel() on ptolemy.moml.MoMLSimpleApplication@3a01db20
----------------- Done invoking toplevel() on ptolemy.moml.MoMLSimpleApplication@3a01db20
reloadAllAccessors: .functionClosureTest4

===========================================================================================
----------------- testing Tue Jul 24 01:39:57 UTC 2018 /home/travis/build/icyphy/ptII/ptolemy/actor/lib/test/auto/functionClosureTest5.xml
----------------- Instantiating /home/travis/build/icyphy/ptII/ptolemy/actor/lib/test/auto/functionClosureTest5.xml
3 ms. Memory: 1442816K Free: 1369279K (95%)
----------------- Invoking toplevel() on ptolemy.moml.MoMLSimpleApplication@3b83c129
----------------- Done invoking toplevel() on ptolemy.moml.MoMLSimpleApplication@3b83c129
reloadAllAccessors: .functionClosureTest5

===========================================================================================
----------------- testing Tue Jul 24 01:39:57 UTC 2018 /home/travis/build/icyphy/ptII/ptolemy/actor/lib/test/auto/functionClosureTest6.xml
----------------- Instantiating /home/travis/build/icyphy/ptII/ptolemy/actor/lib/test/auto/functionClosureTest6.xml
1 ms. Memory: 1442816K Free: 1352152K (94%)
----------------- Invoking toplevel() on ptolemy.moml.MoMLSimpleApplication@30f46641
----------------- Done invoking toplevel() on ptolemy.moml.MoMLSimpleApplication@30f46641
reloadAllAccessors: .functionClosureTest6

===========================================================================================
----------------- testing Tue Jul 24 01:39:57 UTC 2018 /home/travis/build/icyphy/ptII/ptolemy/actor/lib/test/auto/functionsOnArcs.xml
----------------- Instantiating /home/travis/build/icyphy/ptII/ptolemy/actor/lib/test/auto/functionsOnArcs.xml
2 ms. Memory: 1442816K Free: 1335024K (93%)
----------------- Invoking toplevel() on ptolemy.moml.MoMLSimpleApplication@66f61131
----------------- Done invoking toplevel() on ptolemy.moml.MoMLSimpleApplication@66f61131
reloadAllAccessors: .functionsOnArcs

===========================================================================================
----------------- testing Tue Jul 24 01:39:57 UTC 2018 /home/travis/build/icyphy/ptII/ptolemy/actor/lib/test/auto/functionsOnArcsHOF.xml
----------------- Instantiating /home/travis/build/icyphy/ptII/ptolemy/actor/lib/test/auto/functionsOnArcsHOF.xml
3 ms. Memory: 1442816K Free: 1321651K (92%)
----------------- Invoking toplevel() on ptolemy.moml.MoMLSimpleApplication@1831e9d5
----------------- Done invoking toplevel() on ptolemy.moml.MoMLSimpleApplication@1831e9d5
reloadAllAccessors: .functionsOnArcsHOF

===========================================================================================
----------------- testing Tue Jul 24 01:39:57 UTC 2018 /home/travis/build/icyphy/ptII/ptolemy/actor/lib/test/auto/logic.xml
----------------- Instantiating /home/travis/build/icyphy/ptII/ptolemy/actor/lib/test/auto/logic.xml
2 ms. Memory: 1442816K Free: 1304523K (90%)
----------------- Invoking toplevel() on ptolemy.moml.MoMLSimpleApplication@3fb308c3
----------------- Done invoking toplevel() on ptolemy.moml.MoMLSimpleApplication@3fb308c3
reloadAllAccessors: .logic

===========================================================================================
----------------- testing Tue Jul 24 01:39:57 UTC 2018 /home/travis/build/icyphy/ptII/ptolemy/actor/lib/test/auto/matrixType.xml
----------------- Instantiating /home/travis/build/icyphy/ptII/ptolemy/actor/lib/test/auto/matrixType.xml
1 ms. Memory: 1442816K Free: 1287396K (89%)
----------------- Invoking toplevel() on ptolemy.moml.MoMLSimpleApplication@8ec2305
----------------- Done invoking toplevel() on ptolemy.moml.MoMLSimpleApplication@8ec2305
reloadAllAccessors: .matrixType

===========================================================================================
----------------- testing Tue Jul 24 01:39:57 UTC 2018 /home/travis/build/icyphy/ptII/ptolemy/actor/lib/test/auto/matrixType10.xml
----------------- Instantiating /home/travis/build/icyphy/ptII/ptolemy/actor/lib/test/auto/matrixType10.xml
1 ms. Memory: 1442816K Free: 1270269K (88%)
----------------- Invoking toplevel() on ptolemy.moml.MoMLSimpleApplication@518c56f
----------------- Done invoking toplevel() on ptolemy.moml.MoMLSimpleApplication@518c56f
reloadAllAccessors: .matrixType10

===========================================================================================
----------------- testing Tue Jul 24 01:39:57 UTC 2018 /home/travis/build/icyphy/ptII/ptolemy/actor/lib/test/auto/matrixType11.xml
----------------- Instantiating /home/travis/build/icyphy/ptII/ptolemy/actor/lib/test/auto/matrixType11.xml
1 ms. Memory: 1442816K Free: 1256895K (87%)
----------------- Invoking toplevel() on ptolemy.moml.MoMLSimpleApplication@3d808e84
----------------- Done invoking toplevel() on ptolemy.moml.MoMLSimpleApplication@3d808e84
reloadAllAccessors: .matrixType11

===========================================================================================
----------------- testing Tue Jul 24 01:39:57 UTC 2018 /home/travis/build/icyphy/ptII/ptolemy/actor/lib/test/auto/matrixType12.xml
----------------- Instantiating /home/travis/build/icyphy/ptII/ptolemy/actor/lib/test/auto/matrixType12.xml
1 ms. Memory: 1442816K Free: 1239768K (86%)
----------------- Invoking toplevel() on ptolemy.moml.MoMLSimpleApplication@63d4112e
----------------- Done invoking toplevel() on ptolemy.moml.MoMLSimpleApplication@63d4112e
reloadAllAccessors: .matrixType12

===========================================================================================
----------------- testing Tue Jul 24 01:39:57 UTC 2018 /home/travis/build/icyphy/ptII/ptolemy/actor/lib/test/auto/matrixType13.xml
----------------- Instantiating /home/travis/build/icyphy/ptII/ptolemy/actor/lib/test/auto/matrixType13.xml
1 ms. Memory: 1442816K Free: 1222640K (85%)
----------------- Invoking toplevel() on ptolemy.moml.MoMLSimpleApplication@2fd8b0e4
----------------- Done invoking toplevel() on ptolemy.moml.MoMLSimpleApplication@2fd8b0e4
reloadAllAccessors: .matrixType13

===========================================================================================
----------------- testing Tue Jul 24 01:39:57 UTC 2018 /home/travis/build/icyphy/ptII/ptolemy/actor/lib/test/auto/matrixType14.xml
----------------- Instantiating /home/travis/build/icyphy/ptII/ptolemy/actor/lib/test/auto/matrixType14.xml
1 ms. Memory: 1442816K Free: 1209267K (84%)
----------------- Invoking toplevel() on ptolemy.moml.MoMLSimpleApplication@2836561a
----------------- Done invoking toplevel() on ptolemy.moml.MoMLSimpleApplication@2836561a
reloadAllAccessors: .matrixType14

===========================================================================================
----------------- testing Tue Jul 24 01:39:57 UTC 2018 /home/travis/build/icyphy/ptII/ptolemy/actor/lib/test/auto/matrixType2.xml
----------------- Instantiating /home/travis/build/icyphy/ptII/ptolemy/actor/lib/test/auto/matrixType2.xml
1 ms. Memory: 1442816K Free: 1192139K (83%)
----------------- Invoking toplevel() on ptolemy.moml.MoMLSimpleApplication@3ad21a42
----------------- Done invoking toplevel() on ptolemy.moml.MoMLSimpleApplication@3ad21a42
reloadAllAccessors: .matrixType2

===========================================================================================
----------------- testing Tue Jul 24 01:39:57 UTC 2018 /home/travis/build/icyphy/ptII/ptolemy/actor/lib/test/auto/matrixType3.xml
----------------- Instantiating /home/travis/build/icyphy/ptII/ptolemy/actor/lib/test/auto/matrixType3.xml
1 ms. Memory: 1442816K Free: 1175012K (81%)
----------------- Invoking toplevel() on ptolemy.moml.MoMLSimpleApplication@16e68bfc
----------------- Done invoking toplevel() on ptolemy.moml.MoMLSimpleApplication@16e68bfc
reloadAllAccessors: .matrixType3

===========================================================================================
----------------- testing Tue Jul 24 01:39:57 UTC 2018 /home/travis/build/icyphy/ptII/ptolemy/actor/lib/test/auto/matrixType4.xml
----------------- Instantiating /home/travis/build/icyphy/ptII/ptolemy/actor/lib/test/auto/matrixType4.xml
1 ms. Memory: 1442816K Free: 1157884K (80%)
----------------- Invoking toplevel() on ptolemy.moml.MoMLSimpleApplication@35d8f7d8
----------------- Done invoking toplevel() on ptolemy.moml.MoMLSimpleApplication@35d8f7d8
reloadAllAccessors: .matrixType4

===========================================================================================
----------------- testing Tue Jul 24 01:39:57 UTC 2018 /home/travis/build/icyphy/ptII/ptolemy/actor/lib/test/auto/matrixType5.xml
----------------- Instantiating /home/travis/build/icyphy/ptII/ptolemy/actor/lib/test/auto/matrixType5.xml
1 ms. Memory: 1442816K Free: 1144511K (79%)
----------------- Invoking toplevel() on ptolemy.moml.MoMLSimpleApplication@3b6e8c5e
----------------- Done invoking toplevel() on ptolemy.moml.MoMLSimpleApplication@3b6e8c5e
reloadAllAccessors: .matrixType5

===========================================================================================
----------------- testing Tue Jul 24 01:39:57 UTC 2018 /home/travis/build/icyphy/ptII/ptolemy/actor/lib/test/auto/matrixType6.xml
----------------- Instantiating /home/travis/build/icyphy/ptII/ptolemy/actor/lib/test/auto/matrixType6.xml
1 ms. Memory: 1442816K Free: 1127383K (78%)
----------------- Invoking toplevel() on ptolemy.moml.MoMLSimpleApplication@4f5e393
----------------- Done invoking toplevel() on ptolemy.moml.MoMLSimpleApplication@4f5e393
reloadAllAccessors: .matrixType6

===========================================================================================
----------------- testing Tue Jul 24 01:39:57 UTC 2018 /home/travis/build/icyphy/ptII/ptolemy/actor/lib/test/auto/matrixType7.xml
----------------- Instantiating /home/travis/build/icyphy/ptII/ptolemy/actor/lib/test/auto/matrixType7.xml
1 ms. Memory: 1442816K Free: 1110256K (77%)
----------------- Invoking toplevel() on ptolemy.moml.MoMLSimpleApplication@6bceec04
----------------- Done invoking toplevel() on ptolemy.moml.MoMLSimpleApplication@6bceec04
reloadAllAccessors: .matrixType7

===========================================================================================
----------------- testing Tue Jul 24 01:39:57 UTC 2018 /home/travis/build/icyphy/ptII/ptolemy/actor/lib/test/auto/matrixType8.xml
----------------- Instantiating /home/travis/build/icyphy/ptII/ptolemy/actor/lib/test/auto/matrixType8.xml
1 ms. Memory: 1442816K Free: 1093128K (76%)
----------------- Invoking toplevel() on ptolemy.moml.MoMLSimpleApplication@55e9d832
----------------- Done invoking toplevel() on ptolemy.moml.MoMLSimpleApplication@55e9d832
reloadAllAccessors: .matrixType8

===========================================================================================
----------------- testing Tue Jul 24 01:39:57 UTC 2018 /home/travis/build/icyphy/ptII/ptolemy/actor/lib/test/auto/matrixType9.xml
----------------- Instantiating /home/travis/build/icyphy/ptII/ptolemy/actor/lib/test/auto/matrixType9.xml
1 ms. Memory: 1442816K Free: 1079755K (75%)
----------------- Invoking toplevel() on ptolemy.moml.MoMLSimpleApplication@762c4f55
----------------- Done invoking toplevel() on ptolemy.moml.MoMLSimpleApplication@762c4f55
reloadAllAccessors: .matrixType9

===========================================================================================
----------------- testing Tue Jul 24 01:39:57 UTC 2018 /home/travis/build/icyphy/ptII/ptolemy/actor/lib/test/auto/paraFunctest.xml
----------------- Instantiating /home/travis/build/icyphy/ptII/ptolemy/actor/lib/test/auto/paraFunctest.xml
1 ms. Memory: 1442816K Free: 1062628K (74%)
----------------- Invoking toplevel() on ptolemy.moml.MoMLSimpleApplication@4899662c
----------------- Done invoking toplevel() on ptolemy.moml.MoMLSimpleApplication@4899662c
reloadAllAccessors: .paraFunctest

===========================================================================================
----------------- testing Tue Jul 24 01:39:57 UTC 2018 /home/travis/build/icyphy/ptII/ptolemy/actor/lib/test/auto/paraFunctest2.xml
----------------- Instantiating /home/travis/build/icyphy/ptII/ptolemy/actor/lib/test/auto/paraFunctest2.xml
2 ms. Memory: 1442816K Free: 1045500K (72%)
----------------- Invoking toplevel() on ptolemy.moml.MoMLSimpleApplication@3af1ead5
----------------- Done invoking toplevel() on ptolemy.moml.MoMLSimpleApplication@3af1ead5
reloadAllAccessors: .paraFunctest2

===========================================================================================
----------------- testing Tue Jul 24 01:39:57 UTC 2018 /home/travis/build/icyphy/ptII/ptolemy/actor/lib/test/auto/parameterPassing.xml
----------------- Instantiating /home/travis/build/icyphy/ptII/ptolemy/actor/lib/test/auto/parameterPassing.xml
1 ms. Memory: 1442816K Free: 1028373K (71%)
----------------- Invoking toplevel() on ptolemy.moml.MoMLSimpleApplication@47b719a
----------------- Done invoking toplevel() on ptolemy.moml.MoMLSimpleApplication@47b719a
reloadAllAccessors: .parameterPassing

===========================================================================================
----------------- testing Tue Jul 24 01:39:57 UTC 2018 /home/travis/build/icyphy/ptII/ptolemy/actor/lib/test/auto/record.xml
----------------- Instantiating /home/travis/build/icyphy/ptII/ptolemy/actor/lib/test/auto/record.xml
2 ms. Memory: 1442816K Free: 1014999K (70%)
----------------- Invoking toplevel() on ptolemy.moml.MoMLSimpleApplication@2f9a3a5e
----------------- Done invoking toplevel() on ptolemy.moml.MoMLSimpleApplication@2f9a3a5e
reloadAllAccessors: .record

===========================================================================================
----------------- testing Tue Jul 24 01:39:57 UTC 2018 /home/travis/build/icyphy/ptII/ptolemy/actor/lib/test/auto/sizedarray1.xml
----------------- Instantiating /home/travis/build/icyphy/ptII/ptolemy/actor/lib/test/auto/sizedarray1.xml
1 ms. Memory: 1442816K Free: 997872K (69%)
----------------- Invoking toplevel() on ptolemy.moml.MoMLSimpleApplication@5119b924
----------------- Done invoking toplevel() on ptolemy.moml.MoMLSimpleApplication@5119b924
reloadAllAccessors: .sizedarray1

===========================================================================================
----------------- testing Tue Jul 24 01:39:57 UTC 2018 /home/travis/build/icyphy/ptII/ptolemy/actor/lib/test/auto/sizedarray2.xml
----------------- Instantiating /home/travis/build/icyphy/ptII/ptolemy/actor/lib/test/auto/sizedarray2.xml
1 ms. Memory: 1442816K Free: 980744K (68%)
----------------- Invoking toplevel() on ptolemy.moml.MoMLSimpleApplication@72dccd7f
----------------- Done invoking toplevel() on ptolemy.moml.MoMLSimpleApplication@72dccd7f
reloadAllAccessors: .sizedarray2

===========================================================================================
----------------- testing Tue Jul 24 01:39:57 UTC 2018 /home/travis/build/icyphy/ptII/ptolemy/actor/lib/test/auto/twoPublishers.xml
----------------- Instantiating /home/travis/build/icyphy/ptII/ptolemy/actor/lib/test/auto/twoPublishers.xml
2 ms. Memory: 1442816K Free: 960668K (67%)
----------------- Invoking toplevel() on ptolemy.moml.MoMLSimpleApplication@53b74c0b
----------------- Done invoking toplevel() on ptolemy.moml.MoMLSimpleApplication@53b74c0b
reloadAllAccessors: .twoPublishers
AutoTests.java: About to close Vertx.
AutoTests.java: Vertx closed.
]]></system-out>
  <system-err><![CDATA[java.lang.RuntimeException: Execution failed
	at ptolemy.moml.MoMLSimpleApplication$UnloadThread.run(MoMLSimpleApplication.java:402)
Caused by: java.lang.RuntimeException: Normally, we would exit here because Manager.exitAfterWrapup() was called.  However, because the ptolemy.ptII.exitAfterWrapup property is set, we throw this exception instead.
	at ptolemy.util.StringUtilities.exit(StringUtilities.java:363)
	at ptolemy.actor.Manager.wrapup(Manager.java:1531)
	at ptolemy.actor.Manager.execute(Manager.java:407)
	at ptolemy.actor.Manager.run(Manager.java:1263)
	at ptolemy.actor.Manager$PtolemyRunThread.run(Manager.java:1915)
Warning: '.top.test' is in training mode, set the trainingMode parameter to false before checking in
Warning: '.top.test' is in training mode, set the trainingMode parameter to false before checking in
Warning: '.top.test' is in training mode, set the trainingMode parameter to false before checking in
Warning: '.BooleanSwitch_RegressionTest_WrongTrainingValues.Test' is in training mode, set the trainingMode parameter to false before checking in
Warning: '.BooleanSwitch_RegressionTest_WrongTrainingValues.Test2' is in training mode, set the trainingMode parameter to false before checking in
Warning: '.BooleanSwitch_RegressionTest_WrongTrainingValues.Test2' The test produced 0 tokens.
Warning: '.top.testExceptionHandler' is in training mode, set the trainingMode parameter to false before checking in
java.lang.RuntimeException: Execution failed
	at ptolemy.moml.MoMLSimpleApplication$UnloadThread.run(MoMLSimpleApplication.java:402)
Caused by: ptolemy.kernel.util.IllegalActionException: PublisherPorts cannot be used at the top level, use a Publisher actor instead.
  in .PublisherPortToplevelSubscriber.PublisherPort
	at ptolemy.actor.PublisherPort.preinitialize(PublisherPort.java:403)
	at ptolemy.actor.CompositeActor.preinitialize(CompositeActor.java:1769)
	at ptolemy.actor.Manager.preinitializeAndResolveTypes(Manager.java:1040)
	at ptolemy.actor.Manager.initialize(Manager.java:710)
	at ptolemy.actor.Manager.execute(Manager.java:356)
	at ptolemy.actor.Manager.run(Manager.java:1263)
	at ptolemy.actor.Manager$PtolemyRunThread.run(Manager.java:1915)
java.lang.reflect.InvocationTargetException
	at sun.reflect.NativeConstructorAccessorImpl.newInstance0(Native Method)
	at sun.reflect.NativeConstructorAccessorImpl.newInstance(NativeConstructorAccessorImpl.java:62)
	at sun.reflect.DelegatingConstructorAccessorImpl.newInstance(DelegatingConstructorAccessorImpl.java:45)
	at java.lang.reflect.Constructor.newInstance(Constructor.java:423)
	at ptolemy.util.test.junit.AutoKnownFailedTests.RunModel(AutoKnownFailedTests.java:107)
	at sun.reflect.NativeMethodAccessorImpl.invoke0(Native Method)
	at sun.reflect.NativeMethodAccessorImpl.invoke(NativeMethodAccessorImpl.java:62)
	at sun.reflect.DelegatingMethodAccessorImpl.invoke(DelegatingMethodAccessorImpl.java:43)
	at java.lang.reflect.Method.invoke(Method.java:498)
	at org.junit.runners.model.FrameworkMethod$1.runReflectiveCall(FrameworkMethod.java:44)
	at org.junit.internal.runners.model.ReflectiveCallable.run(ReflectiveCallable.java:15)
	at org.junit.runners.model.FrameworkMethod.invokeExplosively(FrameworkMethod.java:41)
	at junitparams.internal.InvokeParameterisedMethod.evaluate(InvokeParameterisedMethod.java:102)
	at org.junit.internal.runners.statements.FailOnTimeout$1.run(FailOnTimeout.java:28)
Caused by: ptolemy.kernel.util.IllegalActionException: PublisherPorts cannot be used at the top level, use a Publisher actor instead.
  in .PublisherPortToplevelSubscriber.PublisherPort
	at ptolemy.actor.PublisherPort.preinitialize(PublisherPort.java:403)
	at ptolemy.actor.CompositeActor.preinitialize(CompositeActor.java:1769)
	at ptolemy.actor.Manager.preinitializeAndResolveTypes(Manager.java:1040)
	at ptolemy.actor.Manager.initialize(Manager.java:710)
	at ptolemy.actor.Manager.execute(Manager.java:356)
	at ptolemy.actor.Manager.run(Manager.java:1263)
	at ptolemy.actor.Manager$PtolemyRunThread.run(Manager.java:1915)
java.lang.RuntimeException: Execution failed
	at ptolemy.moml.MoMLSimpleApplication$UnloadThread.run(MoMLSimpleApplication.java:402)
Caused by: ptolemy.kernel.util.IllegalActionException: SubscriberPorts cannot be used at the top level, use a Subscriber actor instead.
  in .PublisherSubscriberPortToplevel.SubscriberPort
	at ptolemy.actor.SubscriberPort.preinitialize(SubscriberPort.java:328)
	at ptolemy.actor.CompositeActor.preinitialize(CompositeActor.java:1769)
	at ptolemy.actor.Manager.preinitializeAndResolveTypes(Manager.java:1040)
	at ptolemy.actor.Manager.initialize(Manager.java:710)
	at ptolemy.actor.Manager.execute(Manager.java:356)
	at ptolemy.actor.Manager.run(Manager.java:1263)
	at ptolemy.actor.Manager$PtolemyRunThread.run(Manager.java:1915)
java.lang.reflect.InvocationTargetException
	at sun.reflect.NativeConstructorAccessorImpl.newInstance0(Native Method)
	at sun.reflect.NativeConstructorAccessorImpl.newInstance(NativeConstructorAccessorImpl.java:62)
	at sun.reflect.DelegatingConstructorAccessorImpl.newInstance(DelegatingConstructorAccessorImpl.java:45)
	at java.lang.reflect.Constructor.newInstance(Constructor.java:423)
	at ptolemy.util.test.junit.AutoKnownFailedTests.RunModel(AutoKnownFailedTests.java:107)
	at sun.reflect.NativeMethodAccessorImpl.invoke0(Native Method)
	at sun.reflect.NativeMethodAccessorImpl.invoke(NativeMethodAccessorImpl.java:62)
	at sun.reflect.DelegatingMethodAccessorImpl.invoke(DelegatingMethodAccessorImpl.java:43)
	at java.lang.reflect.Method.invoke(Method.java:498)
	at org.junit.runners.model.FrameworkMethod$1.runReflectiveCall(FrameworkMethod.java:44)
	at org.junit.internal.runners.model.ReflectiveCallable.run(ReflectiveCallable.java:15)
	at org.junit.runners.model.FrameworkMethod.invokeExplosively(FrameworkMethod.java:41)
	at junitparams.internal.InvokeParameterisedMethod.evaluate(InvokeParameterisedMethod.java:102)
	at org.junit.internal.runners.statements.FailOnTimeout$1.run(FailOnTimeout.java:28)
Caused by: ptolemy.kernel.util.IllegalActionException: SubscriberPorts cannot be used at the top level, use a Subscriber actor instead.
  in .PublisherSubscriberPortToplevel.SubscriberPort
	at ptolemy.actor.SubscriberPort.preinitialize(SubscriberPort.java:328)
	at ptolemy.actor.CompositeActor.preinitialize(CompositeActor.java:1769)
	at ptolemy.actor.Manager.preinitializeAndResolveTypes(Manager.java:1040)
	at ptolemy.actor.Manager.initialize(Manager.java:710)
	at ptolemy.actor.Manager.execute(Manager.java:356)
	at ptolemy.actor.Manager.run(Manager.java:1263)
	at ptolemy.actor.Manager$PtolemyRunThread.run(Manager.java:1915)
java.lang.RuntimeException: Execution failed
	at ptolemy.moml.MoMLSimpleApplication$UnloadThread.run(MoMLSimpleApplication.java:402)
Caused by: ptolemy.kernel.util.IllegalActionException: SubscriptionAggregatorPorts cannot be used at the top level, use a SubscriptionAggregator actor instead.
  in .PublisherSubscriptionAggregatorPort.SubscriptionAggregatorPort
	at ptolemy.actor.SubscriptionAggregatorPort.preinitialize(SubscriptionAggregatorPort.java:353)
	at ptolemy.actor.CompositeActor.preinitialize(CompositeActor.java:1769)
	at ptolemy.actor.Manager.preinitializeAndResolveTypes(Manager.java:1040)
	at ptolemy.actor.Manager.initialize(Manager.java:710)
	at ptolemy.actor.Manager.execute(Manager.java:356)
	at ptolemy.actor.Manager.run(Manager.java:1263)
	at ptolemy.actor.Manager$PtolemyRunThread.run(Manager.java:1915)
java.lang.reflect.InvocationTargetException
	at sun.reflect.NativeConstructorAccessorImpl.newInstance0(Native Method)
	at sun.reflect.NativeConstructorAccessorImpl.newInstance(NativeConstructorAccessorImpl.java:62)
	at sun.reflect.DelegatingConstructorAccessorImpl.newInstance(DelegatingConstructorAccessorImpl.java:45)
	at java.lang.reflect.Constructor.newInstance(Constructor.java:423)
	at ptolemy.util.test.junit.AutoKnownFailedTests.RunModel(AutoKnownFailedTests.java:107)
	at sun.reflect.NativeMethodAccessorImpl.invoke0(Native Method)
	at sun.reflect.NativeMethodAccessorImpl.invoke(NativeMethodAccessorImpl.java:62)
	at sun.reflect.DelegatingMethodAccessorImpl.invoke(DelegatingMethodAccessorImpl.java:43)
	at java.lang.reflect.Method.invoke(Method.java:498)
	at org.junit.runners.model.FrameworkMethod$1.runReflectiveCall(FrameworkMethod.java:44)
	at org.junit.internal.runners.model.ReflectiveCallable.run(ReflectiveCallable.java:15)
	at org.junit.runners.model.FrameworkMethod.invokeExplosively(FrameworkMethod.java:41)
	at junitparams.internal.InvokeParameterisedMethod.evaluate(InvokeParameterisedMethod.java:102)
	at org.junit.internal.runners.statements.FailOnTimeout$1.run(FailOnTimeout.java:28)
Caused by: ptolemy.kernel.util.IllegalActionException: SubscriptionAggregatorPorts cannot be used at the top level, use a SubscriptionAggregator actor instead.
  in .PublisherSubscriptionAggregatorPort.SubscriptionAggregatorPort
	at ptolemy.actor.SubscriptionAggregatorPort.preinitialize(SubscriptionAggregatorPort.java:353)
	at ptolemy.actor.CompositeActor.preinitialize(CompositeActor.java:1769)
	at ptolemy.actor.Manager.preinitializeAndResolveTypes(Manager.java:1040)
	at ptolemy.actor.Manager.initialize(Manager.java:710)
	at ptolemy.actor.Manager.execute(Manager.java:356)
	at ptolemy.actor.Manager.run(Manager.java:1263)
	at ptolemy.actor.Manager$PtolemyRunThread.run(Manager.java:1915)
java.lang.RuntimeException: Execution failed
	at ptolemy.moml.MoMLSimpleApplication$UnloadThread.run(MoMLSimpleApplication.java:402)
Caused by: ptolemy.kernel.util.IllegalActionException: TypeTest actor has no training data.
  in .sizedarray3.TypeTest
	at ptolemy.actor.lib.TypeTest.initialize(TypeTest.java:250)
	at ptolemy.actor.Director.initialize(Director.java:938)
	at ptolemy.actor.Director.initialize(Director.java:907)
	at ptolemy.actor.sched.StaticSchedulingDirector.initialize(StaticSchedulingDirector.java:159)
	at ptolemy.domains.sdf.kernel.SDFDirector.initialize(SDFDirector.java:544)
	at ptolemy.actor.CompositeActor.initialize(CompositeActor.java:935)
	at ptolemy.actor.Manager.initialize(Manager.java:724)
	at ptolemy.actor.Manager.execute(Manager.java:356)
	at ptolemy.actor.Manager.run(Manager.java:1263)
	at ptolemy.actor.Manager$PtolemyRunThread.run(Manager.java:1915)
java.lang.reflect.InvocationTargetException
	at sun.reflect.NativeConstructorAccessorImpl.newInstance0(Native Method)
	at sun.reflect.NativeConstructorAccessorImpl.newInstance(NativeConstructorAccessorImpl.java:62)
	at sun.reflect.DelegatingConstructorAccessorImpl.newInstance(DelegatingConstructorAccessorImpl.java:45)
	at java.lang.reflect.Constructor.newInstance(Constructor.java:423)
	at ptolemy.util.test.junit.AutoKnownFailedTests.RunModel(AutoKnownFailedTests.java:107)
	at sun.reflect.NativeMethodAccessorImpl.invoke0(Native Method)
	at sun.reflect.NativeMethodAccessorImpl.invoke(NativeMethodAccessorImpl.java:62)
	at sun.reflect.DelegatingMethodAccessorImpl.invoke(DelegatingMethodAccessorImpl.java:43)
	at java.lang.reflect.Method.invoke(Method.java:498)
	at org.junit.runners.model.FrameworkMethod$1.runReflectiveCall(FrameworkMethod.java:44)
	at org.junit.internal.runners.model.ReflectiveCallable.run(ReflectiveCallable.java:15)
	at org.junit.runners.model.FrameworkMethod.invokeExplosively(FrameworkMethod.java:41)
	at junitparams.internal.InvokeParameterisedMethod.evaluate(InvokeParameterisedMethod.java:102)
	at org.junit.internal.runners.statements.FailOnTimeout$1.run(FailOnTimeout.java:28)
Caused by: ptolemy.kernel.util.IllegalActionException: TypeTest actor has no training data.
  in .sizedarray3.TypeTest
	at ptolemy.actor.lib.TypeTest.initialize(TypeTest.java:250)
	at ptolemy.actor.Director.initialize(Director.java:938)
	at ptolemy.actor.Director.initialize(Director.java:907)
	at ptolemy.actor.sched.StaticSchedulingDirector.initialize(StaticSchedulingDirector.java:159)
	at ptolemy.domains.sdf.kernel.SDFDirector.initialize(SDFDirector.java:544)
	at ptolemy.actor.CompositeActor.initialize(CompositeActor.java:935)
	at ptolemy.actor.Manager.initialize(Manager.java:724)
	at ptolemy.actor.Manager.execute(Manager.java:356)
	at ptolemy.actor.Manager.run(Manager.java:1263)
	at ptolemy.actor.Manager$PtolemyRunThread.run(Manager.java:1915)
]]></system-err>
</testsuite>
