<?xml version="1.0" encoding="UTF-8" ?>
<testsuite errors="0" failures="2" hostname="travis-job-f9cd4b1d-fa81-44e0-947c-55c8530ecdcc" name="ptolemy.actor.gui.test.junit.JUnitTclTest" skipped="0" tests="16" time="94.273" timestamp="2019-01-27T03:15:33">
  <properties>
    <property name="npm.executable" value="npm" />
    <property name="file.encoding.pkg" value="sun.io" />
    <property name="env.TRAVIS_ROOT" value="/" />
    <property name="ptII.mk.exists" value="true" />
    <property name="env.TRAVIS_APP_HOST" value="build.travis-ci.org" />
    <property name="env.rvm_bin_path" value="/home/travis/.rvm/bin" />
    <property name="java.home" value="/usr/lib/jvm/java-8-oracle/jre" />
    <property name="env.TRAVIS_JOB_NUMBER" value="972.8" />
    <property name="env.TRAVIS_HOME" value="/home/travis" />
    <property name="env.DISPLAY" value=":99.0" />
    <property name="java.net.preferIPv4Stack" value="true" />
    <property name="env.TRAVIS_INIT" value="upstart" />
    <property name="env.SSH_TTY" value="/dev/pts/0" />
    <property name="env.RUN_TESTS" value="false" />
    <property name="timeout.short" value="1000000" />
    <property name="env.TRAVIS_JOB_NAME" value="" />
    <property name="env.TRAVIS_STACK_NODE_ATTRIBUTES" value="/.node-attributes.yml" />
    <property name="junit.formatter" value="xml" />
    <property name="java.endorsed.dirs" value="/usr/lib/jvm/java-8-oracle/jre/lib/endorsed" />
    <property name="env.TRAVIS_SUDO" value="true" />
    <property name="env.LOGNAME" value="travis" />
    <property name="env.PT_TRAVIS_TEST_CORE1_XML" value="true" />
    <property name="jsdoc.home" value="node_modules/@terraswarm/jsdoc" />
    <property name="debuglevel" value="source,lines,vars" />
    <property name="checkstyle.formatter" value="xml" />
    <property name="bin.vergil.makeable" value="true" />
    <property name="env._system_version" value="14.04" />
    <property name="sun.os.patch.level" value="unknown" />
    <property name="java.vendor.url" value="http://java.oracle.com/" />
    <property name="env.TRAVIS_BUILD_WEB_URL" value="https://travis-ci.org/icyphy/ptII/builds/484918863" />
    <property name="java.version" value="1.8.0_151" />
    <property name="env.TZ" value="UTC" />
    <property name="env.PT_NO_NET" value="true" />
    <property name="env.TRAVIS_PULL_REQUEST_SHA" value="" />
    <property name="env.TRAVIS_SECURE_ENV_VARS" value="true" />
    <property name="env._system_type" value="Linux" />
    <property name="java.vendor.url.bug" value="http://bugreport.sun.com/bugreport/" />
    <property name="env.SSH_CLIENT" value="10.10.4.77 37330 22" />
    <property name="npmjs-org-is-up" value="true" />
    <property name="env.GEM_HOME" value="/home/travis/.rvm/gems/ruby-2.4.1" />
    <property name="env.HAS_ANTARES_THREE_LITTLE_FRONZIES_BADGE" value="true" />
    <property name="env.PS4" value="+" />
    <property name="ant.project.invoked-targets" value="build,test.core1.xml" />
    <property name="env.TRAVIS_PULL_REQUEST_BRANCH" value="" />
    <property name="env.TRAVIS_REPO_SLUG" value="icyphy/ptII" />
    <property name="env.TRAVIS_APT_PROXY" value="http://build-cache.travisci.net" />
    <property name="node.in.path" value="true" />
    <property name="java.maxmemory" value="1400m" />
    <property name="env.RUBY_VERSION" value="ruby-2.4.1" />
    <property name="user.name" value="travis" />
    <property name="env.LANG" value="en_US.UTF-8" />
    <property name="sun.io.unicode.encoding" value="UnicodeLittle" />
    <property name="sun.jnu.encoding" value="UTF-8" />
    <property name="java.runtime.name" value="Java(TM) SE Runtime Environment" />
    <property name="usefile" value="false" />
    <property name="return.code" value="0" />
    <property name="junit.single.formatter" value="plain" />
    <property name="env.DYLD_LIBRARY_PATH" value="/home/travis/pthla/certi-tools/lib:" />
    <property name="env.DEBIAN_FRONTEND" value="noninteractive" />
    <property name="env.SSH_CONNECTION" value="10.10.4.77 37330 10.20.1.219 22" />
    <property name="env.MYSQL_UNIX_PORT" value="/var/run/mysqld/mysqld.sock" />
    <property name="env.TRAVIS_ALLOW_FAILURE" value="false" />
    <property name="env.LC_ALL" value="en_US.UTF-8" />
    <property name="env.TRAVIS_JOB_WEB_URL" value="https://travis-ci.org/icyphy/ptII/jobs/484918871" />
    <property name="java.specification.name" value="Java Platform API Specification" />
    <property name="node.works" value="true" />
    <property name="user.timezone" value="" />
    <property name="path.separator" value=":" />
    <property name="env.TRAVIS_ENABLE_INFRA_DETECTION" value="true" />
    <property name="env.PYTHON_CFLAGS" value="-g -fstack-protector --param=ssp-buffer-size=4 -Wformat -Werror=format-security" />
    <property name="timeout.long" value="4000000" />
    <property name="env.CERTI_HOME" value="/home/travis/pthla/certi-tools" />
    <property name="file.encoding" value="UTF-8" />
    <property name="ant.file.ptII" value="/home/travis/build/icyphy/ptII/build.xml" />
    <property name="javadoc.packagenames" value="com.*,diva.*,lbnl.*,org.hlacerti.*,org.json.*,org.ptolemy.*,org.terraswarm.*,ptolemy.*,ptserver.*" />
    <property name="env.TRAVIS_PULL_REQUEST_SLUG" value="" />
    <property name="ant.project.default-target" value="build" />
    <property name="env.GIT_ASKPASS" value="echo" />
    <property name="env.HOME" value="/home/travis" />
    <property name="sun.java.command" value="org.apache.tools.ant.taskdefs.optional.junit.JUnitTestRunner ptolemy.actor.gui.test.junit.JUnitTclTest skipNonTests=false filtertrace=true haltOnError=false haltOnFailure=false formatter=org.apache.tools.ant.taskdefs.optional.junit.OutErrSummaryJUnitResultFormatter showoutput=true outputtoformatters=true logfailedtests=true threadid=0 logtestlistenerevents=false formatter=org.apache.tools.ant.taskdefs.optional.junit.XMLJUnitResultFormatter,/home/travis/build/icyphy/ptII/reports/junit/TEST-ptolemy.actor.gui.test.junit.JUnitTclTest.xml crashfile=/home/travis/build/icyphy/ptII/junitvmwatcher1370416616768282793.properties propsfile=/home/travis/build/icyphy/ptII/junit675751227889640482.properties" />
    <property name="env.MANPATH" value="/home/travis/.nvm/versions/node/v7.10.1/share/man:/home/travis/.kiex/elixirs/elixir-1.4.5/man:/home/travis/.rvm/rubies/ruby-2.4.1/share/man:/usr/local/man:/usr/local/cmake-3.9.2/man:/usr/local/clang-5.0.0/share/man:/usr/local/share/man:/usr/share/man:/home/travis/.rvm/man" />
    <property name="env.COMPOSER_NO_INTERACTION" value="1" />
    <property name="env.JDK_SWITCHER_DEFAULT" value="oraclejdk8" />
    <property name="env.TRAVIS_TIMER_ID" value="08f1149d" />
    <property name="ant.file" value="/home/travis/build/icyphy/ptII/build.xml" />
    <property name="env.TRAVIS_COMMIT_RANGE" value="ba239b2ad9f946411c67987a8ba25ef4df75e53d...264bb9462771105fc8444c5b02eb6da2e880a9e5" />
    <property name="env._system_name" value="Ubuntu" />
    <property name="timeout" value="2400000" />
    <property name="ptII.classpath.optional.property" value="/home/travis/build/icyphy/ptII/lib/bsh-2.0b4.jar:/home/travis/build/icyphy/ptII/lib/ptCal.jar:/home/travis/build/icyphy/ptII/lib/java_cup.jar:/home/travis/build/icyphy/ptII/lib/saxon8.jar:/home/travis/build/icyphy/ptII/lib/saxon8-dom.jar:/home/travis/build/icyphy/ptII/lib/chic.jar:/home/travis/build/icyphy/ptII/lib/ptcolt.jar:/usr/lib/jvm/java-8-oracle/lib/tools.jar:/home/travis/build/icyphy/ptII/vendors/misc/itext/iText.jar:/home/travis/build/icyphy/ptII/lib/g4ltl.jar:/home/travis/build/icyphy/ptII/lib/StructuralCoder.jar:/home/travis/build/icyphy/ptII/vendors/jai-1_1_2_01/lib/jai_core.jar:/home/travis/build/icyphy/ptII/vendors/jai-1_1_2_01/lib/jai_codec.jar:/home/travis/build/icyphy/ptII/lib/jcerti.jar:/home/travis/build/icyphy/ptII/lib/javax.mail.jar:/home/travis/build/icyphy/ptII/vendors/JMF-2.1.1e/lib/jmf.jar:/home/travis/build/icyphy/ptII/lib/jna-4.0.0-variadic.jar:/home/travis/build/icyphy/ptII/vendors/misc/joystick/Joystick.jar:/home/travis/build/icyphy/ptII/lib/ptjacl.jar:/home/travis/build/icyphy/ptII/lib/jsoup-1.8.2.jar:/home/travis/build/icyphy/ptII/lib/junit-4.8.2.jar:/home/travis/build/icyphy/ptII/lib/JUnitParams-0.4.0.jar:/home/travis/build/icyphy/ptII/ptolemy/actor/lib/excel/jxl.jar:/home/travis/build/icyphy/ptII/lib/jython.jar:/home/travis/build/icyphy/ptII/lib/kieler.jar:/home/travis/build/icyphy/ptII/vendors/opencv/share/OpenCV/java/opencv-341.jar:/home/travis/build/icyphy/ptII/lib/oscP5.jar:/home/travis/build/icyphy/ptII/lib/nrjavaserial-3.11.0.devel.jar:/home/travis/build/icyphy/ptII/vendors/j3d/lib/j3dcore.jar:/home/travis/build/icyphy/ptII/vendors/j3d/lib/j3dutils.jar:/home/travis/build/icyphy/ptII/vendors/j3d/lib/vecmath.jar:/home/travis/build/icyphy/ptII/ptolemy/distributed/jini/jar/jini-core.jar:/home/travis/build/icyphy/ptII/ptolemy/distributed/jini/jar/jini-ext.jar:/home/travis/build/icyphy/ptII/ptolemy/distributed/jini/jar/sun-util.jar:/home/travis/build/icyphy/ptII/lib/protobuf-java-2.4.1.jar:/home/travis/build/icyphy/ptII/lib/org.eclipse.paho.client.mqttv3.jar:/home/travis/build/icyphy/ptII/lib/mapss.jar:/home/travis/build/icyphy/ptII/ptolemy/actor/ptalon/antlr/antlr.jar:/home/travis/build/icyphy/ptII/lib/JRI.jar:/home/travis/build/icyphy/ptII/lib/commons-lang-2.6.jar:/home/travis/build/icyphy/ptII/lib/commons-logging-1.1.1.jar:/home/travis/build/icyphy/ptII/lib/sootclasses.jar:/home/travis/build/icyphy/ptII/ptolemy/actor/lib/database/mysql-connector-java-5.1.6-bin.jar:/home/travis/build/icyphy/ptII/vendors/misc/sphinx4/sphinx4-data-5prealpha.jar:/home/travis/build/icyphy/ptII/vendors/misc/sphinx4/sphinx4-core-5prealpha.jar:/home/travis/build/icyphy/ptII/lib/PDFRenderer.jar:/home/travis/build/icyphy/ptII/lib/svgSalamander.jar:/home/travis/build/icyphy/ptII/lib/rsyntaxtextarea-2.6.0-SNAPSHOT.jar:/home/travis/build/icyphy/ptII/lib/hazelcast-3.8.2.jar:/home/travis/build/icyphy/ptII/lib/jackson-annotations-2.9.0.jar:/home/travis/build/icyphy/ptII/lib/jackson-core-2.9.3.jar:/home/travis/build/icyphy/ptII/lib/jackson-databind-2.9.3.jar:/home/travis/build/icyphy/ptII/lib/netty-buffer-4.1.19.Final.jar:/home/travis/build/icyphy/ptII/lib/netty-codec-4.1.19.Final.jar:/home/travis/build/icyphy/ptII/lib/netty-codec-dns-4.1.19.Final.jar:/home/travis/build/icyphy/ptII/lib/netty-codec-http-4.1.19.Final.jar:/home/travis/build/icyphy/ptII/lib/netty-codec-http2-4.1.19.Final.jar:/home/travis/build/icyphy/ptII/lib/netty-common-4.1.19.Final.jar:/home/travis/build/icyphy/ptII/lib/netty-handler-4.1.19.Final.jar:/home/travis/build/icyphy/ptII/lib/netty-resolver-4.1.19.Final.jar:/home/travis/build/icyphy/ptII/lib/netty-resolver-dns-4.1.19.Final.jar:/home/travis/build/icyphy/ptII/lib/netty-transport-4.1.19.Final.jar:/home/travis/build/icyphy/ptII/lib/vertx-codegen-3.5.1.jar:/home/travis/build/icyphy/ptII/lib/vertx-core-3.5.2-SNAPSHOT.jar:/home/travis/build/icyphy/ptII/lib/vertx-hazelcast-3.5.1.jar:/home/travis/build/icyphy/ptII/lib/vertx-lang-js-3.5.1.jar:/home/travis/build/icyphy/ptII/lib/vertx-service-proxy-3.5.1.jar:/home/travis/build/icyphy/ptII/lib/vertx-web-3.5.1.jar:/home/travis/build/icyphy/ptII/lib/slf4j-api-1.7.13.jar:/home/travis/build/icyphy/ptII/lib/slf4j-simple-1.7.13.jar:/home/travis/build/icyphy/ptII/lib/webcam-capture-0.3.12.jar:/home/travis/build/icyphy/ptII/lib/bridj-0.7.0.jar:/home/travis/build/icyphy/ptII/lib/xbjlib-1.1.0.nrjavaserial.jar" />
    <property name="test.batch" value="**/junit/*.java" />
    <property name="env._" value="/usr/bin/timeout" />
    <property name="java.io.tmpdir" value="/tmp" />
    <property name="env.TRAVIS_INTERNAL_RUBY_REGEX" value="^ruby-(2\.[0-4]\.[0-9]|1\.9\.3)" />
    <property name="user.language" value="en" />
    <property name="env.HISTCONTROL" value="ignoredups:ignorespace" />
    <property name="env.GOROOT" value="/home/travis/.gimme/versions/go1.7.4.linux.amd64" />
    <property name="line.separator" value="&#xa;" />
    <property name="target" value="1.8" />
    <property name="env.TRAVIS_BUILD_DIR" value="/home/travis/build/icyphy/ptII" />
    <property name="env.ANT_OPTS" value="-Xmx2048m" />
    <property name="ant.file.type" value="file" />
    <property name="ptolemy.ptII.batchMode" value="true" />
    <property name="env.HISTSIZE" value="1000" />
    <property name="env.MERB_ENV" value="test" />
    <property name="java.vm.info" value="mixed mode" />
    <property name="source" value="1.8" />
    <property name="java.vm.specification.name" value="Java Virtual Machine Specification" />
    <property name="env.TRAVIS_TEST_RESULT" value="0" />
    <property name="jsdoc.command" value="node_modules/@terraswarm/jsdoc/jsdoc.js" />
    <property name="npm.works" value="true" />
    <property name="cobertura.dir" value="/home/travis/build/icyphy/ptII/vendors/cobertura-2.0.3" />
    <property name="env.rvm_path" value="/home/travis/.rvm" />
    <property name="env.GEM_PATH" value="/home/travis/.rvm/gems/ruby-2.4.1:/home/travis/.rvm/gems/ruby-2.4.1@global" />
    <property name="env.LC_CTYPE" value="en_US.UTF-8" />
    <property name="java.awt.printerjob" value="sun.print.PSPrinterJob" />
    <property name="env.TRAVIS_CMD" value="$PTII/bin/ptIITravisBuild.sh $SECONDS" />
    <property name="env.TRAVIS_STACK_NAME" value="garnet" />
    <property name="env.TRAVIS_TIMER_START_TIME" value="1548558838242681531" />
    <property name="ant.version" value="Apache Ant(TM) version 1.10.1 compiled on February 2 2017" />
    <property name="ptII.reports" value="/home/travis/build/icyphy/ptII/reports" />
    <property name="env.TRAVIS_STACK_TIMESTAMP" value="2017-12-05 19:33:09 UTC" />
    <property name="ant.file.type.ptII" value="file" />
    <property name="env.RBENV_SHELL" value="bash" />
    <property name="os.name" value="Linux" />
    <property name="java.specification.vendor" value="Oracle Corporation" />
    <property name="env.rvm_version" value="1.29.3 (latest)" />
    <property name="env.TRAVIS_INFRA" value="gce" />
    <property name="env.TERM" value="xterm" />
    <property name="java.vm.name" value="Java HotSpot(TM) 64-Bit Server VM" />
    <property name="env.TRAVIS_BUILD_NUMBER" value="972" />
    <property name="env.CI" value="true" />
    <property name="java.library.path" value="/home/travis/pthla/certi-tools/lib:/usr/lib/jni:/usr/local/share/OpenCV/java/:/usr/share/OpenCV/java::/usr/java/packages/lib/amd64:/usr/lib64:/lib64:/lib:/usr/lib" />
    <property name="env.rvm_prefix" value="/home/travis" />
    <property name="env.PATH" value="/home/travis/pthla/certi-tools/share/scripts:/home/travis/.rvm/gems/ruby-2.4.1/bin:/home/travis/.rvm/gems/ruby-2.4.1@global/bin:/home/travis/.rvm/rubies/ruby-2.4.1/bin:/home/travis/.rvm/bin:/home/travis/.nvm/versions/node/v7.10.1/bin:./node_modules/.bin:/home/travis/build/icyphy/ptII/bin:/home/travis/pthla/certi-tools/bin:/home/travis/bin:/home/travis/.local/bin:/opt/pyenv/shims:/home/travis/.phpenv/shims:/home/travis/perl5/perlbrew/bin:/home/travis/.kiex/elixirs/elixir-1.4.5/bin:/home/travis/.kiex/bin:/home/travis/gopath/bin:/home/travis/.gimme/versions/go1.7.4.linux.amd64/bin:/usr/local/phantomjs/bin:/usr/local/phantomjs:/usr/local/neo4j-3.2.7/bin:/usr/local/maven-3.5.2/bin:/usr/local/cmake-3.9.2/bin:/usr/local/clang-5.0.0/bin:/usr/local/sbin:/usr/local/bin:/usr/sbin:/usr/bin:/sbin:/bin:/home/travis/.phpenv/bin:/opt/pyenv/bin:/home/travis/.yarn/bin" />
    <property name="env.TRAVIS_OS_NAME" value="linux" />
    <property name="ant.java.version" value="1.8" />
    <property name="basedir" value="/home/travis/build/icyphy/ptII" />
    <property name="java.class.version" value="52.0" />
    <property name="env.SHLVL" value="3" />
    <property name="env.LD_LIBRARY_PATH" value="/home/travis/pthla/certi-tools/lib:/usr/lib/jni:/usr/local/share/OpenCV/java/:/usr/share/OpenCV/java:" />
    <property name="env.RACK_ENV" value="test" />
    <property name="ant.home" value="/home/travis/build/icyphy/ptII/ant" />
    <property name="env.PERLBREW_BASHRC_VERSION" value="0.80" />
    <property name="env.NVM_DIR" value="/home/travis/.nvm" />
    <property name="env.TRAVIS_BUILD_ID" value="484918863" />
    <property name="env.CERTI_FOM_PATH" value="/home/travis/pthla/certi-tools/share/federations" />
    <property name="env.PYENV_ROOT" value="/opt/pyenv" />
    <property name="env.TRAVIS_UID" value="2000" />
    <property name="env.rvm_pretty_print_flag" value="auto" />
    <property name="env.NVM_BIN" value="/home/travis/.nvm/versions/node/v7.10.1/bin" />
    <property name="env.TRAVIS_COMMIT" value="264bb9462771105fc8444c5b02eb6da2e880a9e5" />
    <property name="env._system_arch" value="x86_64" />
    <property name="node.executable" value="node" />
    <property name="sun.boot.library.path" value="/usr/lib/jvm/java-8-oracle/jre/lib/amd64" />
    <property name="sun.management.compiler" value="HotSpot 64-Bit Tiered Compilers" />
    <property name="env.GOPATH" value="/home/travis/gopath" />
    <property name="java.awt.graphicsenv" value="sun.awt.X11GraphicsEnvironment" />
    <property name="ptolemy.ptII.dir" value="/home/travis/build/icyphy/ptII" />
    <property name="env.USER" value="travis" />
    <property name="env.HISTFILESIZE" value="2000" />
    <property name="timeout.longest" value="19000000" />
    <property name="env.TRAVIS_STACK_FEATURES" value="basic cassandra chromium couchdb disabled-ipv6 docker docker-compose elasticsearch firefox go-toolchain google-chrome jdk memcached mongodb mysql neo4j nodejs_interpreter perl_interpreter perlbrew phantomjs postgresql python_interpreter rabbitmq redis riak ruby_interpreter sqlite xserver" />
    <property name="env.TRAVIS_PULL_REQUEST" value="false" />
    <property name="env.PYENV_SHELL" value="bash" />
    <property name="ant.project.name" value="ptII" />
    <property name="java.vm.specification.version" value="1.8" />
    <property name="env.ANSI_RESET" value="\033[0m" />
    <property name="env.TRAVIS_DIST" value="trusty" />
    <property name="env.CERTI_VERSION" value="4.0.0" />
    <property name="env.NLSPATH" value="/usr/dt/lib/nls/msg/%L/%N.cat" />
    <property name="awt.toolkit" value="sun.awt.X11.XToolkit" />
    <property name="env.CERTI_HOST" value="localhost" />
    <property name="env.MY_RUBY_HOME" value="/home/travis/.rvm/rubies/ruby-2.4.1" />
    <property name="sun.cpu.isalist" value="" />
    <property name="env.TRAVIS_TMPDIR" value="/tmp/tmp.udStNyLbXQ" />
    <property name="java.ext.dirs" value="/usr/lib/jvm/java-8-oracle/jre/lib/ext:/usr/java/packages/lib/ext" />
    <property name="os.version" value="4.4.0-101-generic" />
    <property name="user.home" value="/home/travis" />
    <property name="env.MIX_ARCHIVES" value="/home/travis/.kiex/mix/elixir-1.4.5" />
    <property name="java.vm.vendor" value="Oracle Corporation" />
    <property name="env.TRAVIS_TAG" value="nightly" />
    <property name="env.ANSI_YELLOW" value="\033[33;1m" />
    <property name="env.TRAVIS_FILTERED" value="redirect_io" />
    <property name="env.ANSI_GREEN" value="\033[32;1m" />
    <property name="env.JAVA_HOME" value="/usr/lib/jvm/java-8-oracle" />
    <property name="env.PTII" value="/home/travis/build/icyphy/ptII" />
    <property name="javadoc.excludepackagenames" value="adm.cvs2svn.*,build.*,config.*,doc.coding.templates.*,jni.test.jni.meaningOfLife.*,jni.test.jni.testDeux.*,jni.test.jni.testTrois.*,org.terraswarm.accessor.accessors.web.node_modules.*,org.terraswarm.accessor.accessors.web.hosts.cordova.demo.*,org.terraswarm.accessor.accessors.web.hosts.cordova.plugins.*,org.terraswarm.accessor.accessors-svn.*,pt-modules.*,ptolemy.apps.agilent.*,ptolemy.apps.anytimecontrol.*,ptolemy.apps.apes.*,ptolemy.apps.charon.*,ptolemy.apps.crazyboard.*,ptolemy.apps.eclipse.*,ptolemy.apps.etherealSting.*,ptolemy.apps.fullscreen.*,ptolemy.apps.giotto.*,ptolemy.apps.ia.*,ptolemy.apps.interfaces.*,ptolemy.apps.jmf.*,ptolemy.apps.kurt.*,ptolemy.apps.kvm.*,ptolemy.apps.lego.*,ptolemy.apps.lejos.*,ptolemy.apps.midp.*,ptolemy.apps.mobileCoding.*,ptolemy.apps.pendulum.*,ptolemy.apps.rijndael.*,ptolemy.apps.robot.*,ptolemy.apps.security.*,ptolemy.apps.sobel.*,ptolemy.apps.soot.*,ptolemy.apps.throttle.*,ptolemy.apps.tini.*,ptolemy.apps.transmission.*,ptolemy.apps.vergil.*,ptolemy.apps.waba.*,ptolemy.apps.websensor.*,ptolemy.apps.webstart.*,ptolemy.apps.xsl.*,ptolemy.apps.zaurus.*,ptolemy.codegen.c.actor.lib.oldJavaFiles.*,ptolemy.codegen.dsp.lib.*,ptolemy.codegen.kernel.newInterfaces.*,ptolemy.codegen.lib.*,ptolemy.copernicus.kernel.fragment.*,ptolemy.copernicus.shallow.cg.*,ptolemy.domains.giotto.demo.Hierarchy.Hierarchy.*,ptolemy.domains.giotto.demo.Multimode.Multimode.*,ptolemy.domains.giotto.demo.Simple.Simple.*,ptolemy.domains.gr.lib.experimental.*,ptolemy.domains.gro.*,ptolemy.domains.pdf.*,ptolemy.domains.ptinyos.demo.Surge.output.*,ptolemy.moml.test.NoPackageActor.java*,ptolemy.plot.adm.*,ptolemy.plot.servlet.*,reports.*,signed.*,src.*,target.*,vendors.*,ptolemy.apps.eclipse.awt.*,ptolemy.backtrack.*,ptolemy.backtrack.ast.*,ptdb.kernel.database.*,ptolemy.cg.adapter.generic.program.procedural.c.mbed*,ptolemy.homer.*,org.ptolemy.scala.*,diva.util.java2d.svg.*,ptolemy.domains.ptinyos.*,ptolemy.actor.lib.fmi.fmipp.*,,org.terraswarm.accessor.accessors.web.node_modules.*,org.terraswarm.accessor.accessors-svn,ptolemy.apps.*,ptolemy.actor.ptalon.demo.ptinyos.SendAndReceiveCnt.output,ptolemy.actor.ptalon.demo.ptinyos.SenseToLeds.output,ptolemy.domains.ptinyos.demo.CntToLedsAndRfm.output,ptolemy.domains.ptinyos.demo.RfmToLeds.output,ptolemy.domains.ptinyos.demo.SendAndReceiveCnt.output,ptolemy.domains.ptinyos.demo.SenseToLeds.output,ptolemy.actor.lib.jjs.modules.udpSocket.*" />
    <property name="env.TRAVIS_COMMIT_MESSAGE" value="Cleaning." />
    <property name="keystore" value="ptKeystore" />
    <property name="env.XDG_SESSION_ID" value="2" />
    <property name="junit.output.dir" value="/home/travis/build/icyphy/ptII/reports/junit" />
    <property name="npm.return.code" value="0" />
    <property name="user.dir" value="/home/travis/build/icyphy/ptII/ptolemy/actor/gui/test" />
    <property name="env.TRAVIS_NODE_VERSION" value="7" />
    <property name="env.XFILESEARCHPATH" value="/usr/dt/app-defaults/%L/Dt" />
    <property name="env.TRAVIS_EVENT_TYPE" value="cron" />
    <property name="env.MAIL" value="/var/mail/travis" />
    <property name="env.PWD" value="/home/travis/build/icyphy/ptII" />
    <property name="env.PERLBREW_ROOT" value="/home/travis/perl5/perlbrew" />
    <property name="timeout.npm" value="45000" />
    <property name="env.TRAVIS_ARCH" value="amd64" />
    <property name="env.PAGER" value="cat" />
    <property name="sun.cpu.endian" value="little" />
    <property name="env.TRAVIS_BUILD_STAGE_NAME" value="Test" />
    <property name="env.PERLBREW_HOME" value="/home/travis/.perlbrew" />
    <property name="env.RAILS_ENV" value="test" />
    <property name="java.vm.version" value="25.151-b12" />
    <property name="java.class.path" value="/home/travis/build/icyphy/ptII:/home/travis/build/icyphy/ptII/lib/bsh-2.0b4.jar:/home/travis/build/icyphy/ptII/lib/ptCal.jar:/home/travis/build/icyphy/ptII/lib/java_cup.jar:/home/travis/build/icyphy/ptII/lib/saxon8.jar:/home/travis/build/icyphy/ptII/lib/saxon8-dom.jar:/home/travis/build/icyphy/ptII/lib/chic.jar:/home/travis/build/icyphy/ptII/lib/ptcolt.jar:/usr/lib/jvm/java-8-oracle/lib/tools.jar:/home/travis/build/icyphy/ptII/vendors/misc/itext/iText.jar:/home/travis/build/icyphy/ptII/lib/g4ltl.jar:/home/travis/build/icyphy/ptII/lib/StructuralCoder.jar:/home/travis/build/icyphy/ptII/vendors/jai-1_1_2_01/lib/jai_core.jar:/home/travis/build/icyphy/ptII/vendors/jai-1_1_2_01/lib/jai_codec.jar:/home/travis/build/icyphy/ptII/lib/jcerti.jar:/home/travis/build/icyphy/ptII/lib/javax.mail.jar:/home/travis/build/icyphy/ptII/vendors/JMF-2.1.1e/lib/jmf.jar:/home/travis/build/icyphy/ptII/lib/jna-4.0.0-variadic.jar:/home/travis/build/icyphy/ptII/vendors/misc/joystick/Joystick.jar:/home/travis/build/icyphy/ptII/lib/ptjacl.jar:/home/travis/build/icyphy/ptII/lib/jsoup-1.8.2.jar:/home/travis/build/icyphy/ptII/lib/junit-4.8.2.jar:/home/travis/build/icyphy/ptII/lib/JUnitParams-0.4.0.jar:/home/travis/build/icyphy/ptII/ptolemy/actor/lib/excel/jxl.jar:/home/travis/build/icyphy/ptII/lib/jython.jar:/home/travis/build/icyphy/ptII/lib/kieler.jar:/home/travis/build/icyphy/ptII/vendors/opencv/share/OpenCV/java/opencv-341.jar:/home/travis/build/icyphy/ptII/lib/oscP5.jar:/home/travis/build/icyphy/ptII/lib/nrjavaserial-3.11.0.devel.jar:/home/travis/build/icyphy/ptII/vendors/j3d/lib/j3dcore.jar:/home/travis/build/icyphy/ptII/vendors/j3d/lib/j3dutils.jar:/home/travis/build/icyphy/ptII/vendors/j3d/lib/vecmath.jar:/home/travis/build/icyphy/ptII/ptolemy/distributed/jini/jar/jini-core.jar:/home/travis/build/icyphy/ptII/ptolemy/distributed/jini/jar/jini-ext.jar:/home/travis/build/icyphy/ptII/ptolemy/distributed/jini/jar/sun-util.jar:/home/travis/build/icyphy/ptII/lib/protobuf-java-2.4.1.jar:/home/travis/build/icyphy/ptII/lib/org.eclipse.paho.client.mqttv3.jar:/home/travis/build/icyphy/ptII/lib/mapss.jar:/home/travis/build/icyphy/ptII/ptolemy/actor/ptalon/antlr/antlr.jar:/home/travis/build/icyphy/ptII/lib/JRI.jar:/home/travis/build/icyphy/ptII/lib/commons-lang-2.6.jar:/home/travis/build/icyphy/ptII/lib/commons-logging-1.1.1.jar:/home/travis/build/icyphy/ptII/lib/sootclasses.jar:/home/travis/build/icyphy/ptII/ptolemy/actor/lib/database/mysql-connector-java-5.1.6-bin.jar:/home/travis/build/icyphy/ptII/vendors/misc/sphinx4/sphinx4-data-5prealpha.jar:/home/travis/build/icyphy/ptII/vendors/misc/sphinx4/sphinx4-core-5prealpha.jar:/home/travis/build/icyphy/ptII/lib/PDFRenderer.jar:/home/travis/build/icyphy/ptII/lib/svgSalamander.jar:/home/travis/build/icyphy/ptII/lib/rsyntaxtextarea-2.6.0-SNAPSHOT.jar:/home/travis/build/icyphy/ptII/lib/hazelcast-3.8.2.jar:/home/travis/build/icyphy/ptII/lib/jackson-annotations-2.9.0.jar:/home/travis/build/icyphy/ptII/lib/jackson-core-2.9.3.jar:/home/travis/build/icyphy/ptII/lib/jackson-databind-2.9.3.jar:/home/travis/build/icyphy/ptII/lib/netty-buffer-4.1.19.Final.jar:/home/travis/build/icyphy/ptII/lib/netty-codec-4.1.19.Final.jar:/home/travis/build/icyphy/ptII/lib/netty-codec-dns-4.1.19.Final.jar:/home/travis/build/icyphy/ptII/lib/netty-codec-http-4.1.19.Final.jar:/home/travis/build/icyphy/ptII/lib/netty-codec-http2-4.1.19.Final.jar:/home/travis/build/icyphy/ptII/lib/netty-common-4.1.19.Final.jar:/home/travis/build/icyphy/ptII/lib/netty-handler-4.1.19.Final.jar:/home/travis/build/icyphy/ptII/lib/netty-resolver-4.1.19.Final.jar:/home/travis/build/icyphy/ptII/lib/netty-resolver-dns-4.1.19.Final.jar:/home/travis/build/icyphy/ptII/lib/netty-transport-4.1.19.Final.jar:/home/travis/build/icyphy/ptII/lib/vertx-codegen-3.5.1.jar:/home/travis/build/icyphy/ptII/lib/vertx-core-3.5.2-SNAPSHOT.jar:/home/travis/build/icyphy/ptII/lib/vertx-hazelcast-3.5.1.jar:/home/travis/build/icyphy/ptII/lib/vertx-lang-js-3.5.1.jar:/home/travis/build/icyphy/ptII/lib/vertx-service-proxy-3.5.1.jar:/home/travis/build/icyphy/ptII/lib/vertx-web-3.5.1.jar:/home/travis/build/icyphy/ptII/lib/slf4j-api-1.7.13.jar:/home/travis/build/icyphy/ptII/lib/slf4j-simple-1.7.13.jar:/home/travis/build/icyphy/ptII/lib/webcam-capture-0.3.12.jar:/home/travis/build/icyphy/ptII/lib/bridj-0.7.0.jar:/home/travis/build/icyphy/ptII/lib/xbjlib-1.1.0.nrjavaserial.jar:/home/travis/build/icyphy/ptII/ptolemy/moml/test:/home/travis/build/icyphy/ptII/ant/lib/ant-launcher.jar:/home/travis/build/icyphy/ptII/ant/lib/ant.jar:/home/travis/build/icyphy/ptII/ant/lib/ant-junit.jar:/home/travis/build/icyphy/ptII/ant/lib/ant-junit4.jar" />
    <property name="ant.library.dir" value="/home/travis/build/icyphy/ptII/ant/lib" />
    <property name="os.arch" value="amd64" />
    <property name="env.TRAVIS_LANGUAGE" value="node_js" />
    <property name="env.CONTINUOUS_INTEGRATION" value="true" />
    <property name="env.TRAVIS_STACK_LANGUAGES" value="__garnet__ c c++ clojure cplusplus cpp default go groovy java node_js php pure_java python ruby scala" />
    <property name="test.name" value="ptolemy.actor.lib.test.junit.JUnitTclTest" />
    <property name="sun.java.launcher" value="SUN_STANDARD" />
    <property name="env.PYTHON_CONFIGURE_OPTS" value="--enable-unicode=ucs4 --with-wide-unicode --enable-shared --enable-ipv6 --enable-loadable-sqlite-extensions --with-computed-gotos" />
    <property name="ant.core.lib" value="/home/travis/build/icyphy/ptII/ant/lib/ant.jar" />
    <property name="java.vm.specification.vendor" value="Oracle Corporation" />
    <property name="env.BCVTB_HOME" value="/home/travis/build/icyphy/ptII/lbnl" />
    <property name="file.separator" value="/" />
    <property name="spotbugs.home" value="/home/travis/build/icyphy/ptII/vendors/spotbugs-3.1.1" />
    <property name="java.runtime.version" value="1.8.0_151-b12" />
    <property name="sun.boot.class.path" value="/usr/lib/jvm/java-8-oracle/jre/lib/resources.jar:/usr/lib/jvm/java-8-oracle/jre/lib/rt.jar:/usr/lib/jvm/java-8-oracle/jre/lib/sunrsasign.jar:/usr/lib/jvm/java-8-oracle/jre/lib/jsse.jar:/usr/lib/jvm/java-8-oracle/jre/lib/jce.jar:/usr/lib/jvm/java-8-oracle/jre/lib/charsets.jar:/usr/lib/jvm/java-8-oracle/jre/lib/jfr.jar:/usr/lib/jvm/java-8-oracle/jre/classes" />
    <property name="env.ANSI_CLEAR" value="\033[0K" />
    <property name="env.HAS_JOSH_K_SEAL_OF_APPROVAL" value="true" />
    <property name="env.XDG_RUNTIME_DIR" value="/run/user/2000" />
    <property name="env.TRAVIS_OSX_IMAGE" value="" />
    <property name="env.TRAVIS_BRANCH" value="master" />
    <property name="env.TRAVIS_JOB_ID" value="484918871" />
    <property name="user.country" value="US" />
    <property name="env.CERTI_HOME_TRAVIS" value="/home/travis/pthla/certi-tools" />
    <property name="env.SHELL" value="/bin/bash" />
    <property name="java.maxmemory.large" value="5000m" />
    <property name="model" value="" />
    <property name="env.CASHER_DIR" value="/home/travis/.casher" />
    <property name="env.NVM_CD_FLAGS" value="" />
    <property name="jshint.executable" value="/home/travis/node_modules/jshint/bin/jshint" />
    <property name="java.vendor" value="Oracle Corporation" />
    <property name="env.JRUBY_OPTS" value=" --client -J-XX:+TieredCompilation -J-XX:TieredStopAtLevel=1 -J-Xss2m -Xcompile.invokedynamic=false" />
    <property name="env.TRAVIS_PRE_CHEF_BOOTSTRAP_TIME" value="2017-12-05T19:32:55" />
    <property name="env.TRAVIS_STACK_JOB_BOARD_REGISTER" value="/.job-board-register.yml" />
    <property name="env.ELIXIR_VERSION" value="1.4.5" />
    <property name="env.ANSI_RED" value="\033[31;1m" />
    <property name="java.specification.version" value="1.8" />
    <property name="env.TRAVIS" value="true" />
    <property name="env.IRBRC" value="/home/travis/.rvm/rubies/ruby-2.4.1/.irbrc" />
    <property name="sun.arch.data.model" value="64" />
  </properties>
  <testcase classname="ptolemy.util.test.junit.TclTests" name="[0] /home/travis/build/icyphy/ptII/ptolemy/actor/gui/test/AAAConfiguration.tcl (RunTclFile)" time="0.49" />
  <testcase classname="ptolemy.util.test.junit.TclTests" name="[1] /home/travis/build/icyphy/ptII/ptolemy/actor/gui/test/CheckModelSize.tcl (RunTclFile)" time="0.135" />
  <testcase classname="ptolemy.util.test.junit.TclTests" name="[2] /home/travis/build/icyphy/ptII/ptolemy/actor/gui/test/CompositeActorApplication.tcl (RunTclFile)" time="5.907" />
  <testcase classname="ptolemy.util.test.junit.TclTests" name="[3] /home/travis/build/icyphy/ptII/ptolemy/actor/gui/test/CompositeActorSimpleApplication.tcl (RunTclFile)" time="2.007" />
  <testcase classname="ptolemy.util.test.junit.TclTests" name="[4] /home/travis/build/icyphy/ptII/ptolemy/actor/gui/test/ConfigurationApplication.tcl (RunTclFile)" time="0.02" />
  <testcase classname="ptolemy.util.test.junit.TclTests" name="[5] /home/travis/build/icyphy/ptII/ptolemy/actor/gui/test/EffigyFactory.tcl (RunTclFile)" time="0.007" />
  <testcase classname="ptolemy.util.test.junit.TclTests" name="[6] /home/travis/build/icyphy/ptII/ptolemy/actor/gui/test/HTMLAbout.tcl (RunTclFile)" time="4.844">
    <failure message="Number of failed tests is has increased. expected:&lt;0&gt; but was:&lt;1&gt;" type="junit.framework.AssertionFailedError">junit.framework.AssertionFailedError: Number of failed tests is has increased. expected:&lt;0&gt; but was:&lt;1&gt;
	at ptolemy.util.test.junit.TclTests.RunTclFile(TclTests.java:286)
	at junitparams.internal.InvokeParameterisedMethod.evaluate(InvokeParameterisedMethod.java:102)
	at junitparams.internal.ParameterisedTestMethodRunner.runMethodInvoker(ParameterisedTestMethodRunner.java:47)
	at junitparams.internal.ParameterisedTestMethodRunner.runTestMethod(ParameterisedTestMethodRunner.java:41)
	at junitparams.internal.ParameterisedTestClassRunner.runParameterisedTest(ParameterisedTestClassRunner.java:143)
	at junitparams.JUnitParamsRunner.runChild(JUnitParamsRunner.java:237)
	at junitparams.JUnitParamsRunner.runChild(JUnitParamsRunner.java:215)
</failure>
  </testcase>
  <testcase classname="ptolemy.util.test.junit.TclTests" name="[7] /home/travis/build/icyphy/ptII/ptolemy/actor/gui/test/HTMLViewer.tcl (RunTclFile)" time="3.104" />
  <testcase classname="ptolemy.util.test.junit.TclTests" name="[8] /home/travis/build/icyphy/ptII/ptolemy/actor/gui/test/MoMLApplication.tcl (RunTclFile)" time="0.007" />
  <testcase classname="ptolemy.util.test.junit.TclTests" name="[9] /home/travis/build/icyphy/ptII/ptolemy/actor/gui/test/PtExecuteApplication.tcl (RunTclFile)" time="4.01" />
  <testcase classname="ptolemy.util.test.junit.TclTests" name="[10] /home/travis/build/icyphy/ptII/ptolemy/actor/gui/test/PtolemyApplication.tcl (RunTclFile)" time="0.319" />
  <testcase classname="ptolemy.util.test.junit.TclTests" name="[11] /home/travis/build/icyphy/ptII/ptolemy/actor/gui/test/UserActorLibrary.tcl (RunTclFile)" time="73.214" />
  <testcase classname="ptolemy.util.test.junit.TclTests" name="[12] /home/travis/build/icyphy/ptII/ptolemy/actor/gui/test/ZZZConfiguration.tcl (RunTclFile)" time="0.006">
    <failure message="Number of failed tests is has increased. expected:&lt;1&gt; but was:&lt;2&gt;" type="junit.framework.AssertionFailedError">junit.framework.AssertionFailedError: Number of failed tests is has increased. expected:&lt;1&gt; but was:&lt;2&gt;
	at ptolemy.util.test.junit.TclTests.RunTclFile(TclTests.java:286)
	at junitparams.internal.InvokeParameterisedMethod.evaluate(InvokeParameterisedMethod.java:102)
	at junitparams.internal.ParameterisedTestMethodRunner.runMethodInvoker(ParameterisedTestMethodRunner.java:47)
	at junitparams.internal.ParameterisedTestMethodRunner.runTestMethod(ParameterisedTestMethodRunner.java:41)
	at junitparams.internal.ParameterisedTestClassRunner.runParameterisedTest(ParameterisedTestClassRunner.java:143)
	at junitparams.JUnitParamsRunner.runChild(JUnitParamsRunner.java:237)
	at junitparams.JUnitParamsRunner.runChild(JUnitParamsRunner.java:215)
</failure>
  </testcase>
  <testcase classname="ptolemy.util.test.junit.AutoKnownFailedTests" name="[0] ThereAreNoKnowFailedTests (RunModel)" time="0.001" />
  <testcase classname="ptolemy.util.test.junit.AutoNameArchTests" name="[0] ThereAreNoAutoArchTests (RunModel)" time="0.0" />
  <testcase classname="ptolemy.util.test.junit.AutoTests" name="[0] ThereAreNoAutoTests (RunModel)" time="0.001" />
  <system-out><![CDATA[/home/travis/build/icyphy/ptII/ptolemy/actor/gui/test/AAAConfiguration.tcl
testDefs.tcl: setting time out to 9000 seconds at Sun Jan 27 03:15:33 UTC 2019
/home/travis/build/icyphy/ptII/ptolemy/actor/gui/test/CheckModelSize.tcl
/home/travis/build/icyphy/ptII/ptolemy/actor/gui/test/CompositeActorApplication.tcl
22 ms. Memory: 116224K Free: 98953K (85%)
5 ms. Memory: 116224K Free: 97069K (84%)
6 ms. Memory: 116224K Free: 95788K (82%)
sleeping 2 seconds: 16 ms. Memory: 116224K Free: 90565K (78%)
25 ms. Memory: 116224K Free: 89591K (77%)
/home/travis/build/icyphy/ptII/ptolemy/actor/gui/test/CompositeActorSimpleApplication.tcl
5 ms. Memory: 479744K Free: 145464K (30%)
/home/travis/build/icyphy/ptII/ptolemy/actor/gui/test/ConfigurationApplication.tcl
test 1.0: filterSize: 13, newFilterSize: 15
/home/travis/build/icyphy/ptII/ptolemy/actor/gui/test/EffigyFactory.tcl
/home/travis/build/icyphy/ptII/ptolemy/actor/gui/test/HTMLAbout.tcl
Could not find body or head in file:/home/travis/build/icyphy/ptII/org/terraswarm/accessor/accessors/web/accessors-license.htm <!DOCTYPE html PUBLIC "-//W3C//DTD XHTML 1.0 Transitional//EN" "http://www.w3.org/TR/xhtml1/DTD/xhtml1-transitional.dtd">
<!-- $Id$ -->
<html xmlns="http://www.w3.org/1999/xhtml" xml:lang="en-US" lang
Reading /home/travis/build/icyphy/ptII/ptolemy/configs/full/configuration.xml
Checking complete demos of ptolemy/configs/doc/completeDemos.htm
Warning: ptolemy/configs/kepler/doc-index.htm not found: java.io.IOException: File not found: 'ptolemy/configs/kepler/doc-index.htm'
 caused by:
java.net.MalformedURLException: no protocol: ptolemy/configs/kepler/doc-index.htm
 AND:
java.io.IOException: File '/home/travis/build/icyphy/ptII/ptolemy/actor/gui/test/ptolemy/configs/kepler/doc-index.htm' does not exist.
 AND:
java.net.MalformedURLException: no protocol: ptolemy/configs/kepler/doc-index.htm


==== $PTII/ptolemy/actor/gui/test/HTMLAbout.tcl: HTMLAbout-4.0 checkCompleteDemos
==== Contents of test case:
 
    set configurationDirectory [java::call ptolemy.actor.gui.ConfigurationApplication  configurationDirectoryFullOrFirst]
    set configurationFile [java::new java.io.File $configurationDirectory "configuration.xml"]
    puts "Reading [$configurationFile toString]"
    set configuration [java::call ptolemy.actor.gui.MoMLApplication readConfiguration  [$configurationFile toURL]]

    set about [java::call ptolemy.actor.gui.HTMLAbout about $configuration]

    # If the full configuration is present, then use completeDemos.htm
    # Otherwise search for the configuration-specific demo file.
    set configurationName [$configurationDirectory toString]
    if {[regexp {full$} $configurationName]} {
	set completeDemos "ptolemy/configs/doc/completeDemos.htm"
    } else {
	set completeDemosFile [java::new java.io.File $configurationDirectory "demonstrations.htm"]
	if {[$completeDemosFile exists]} {
	    set completeDemos [$completeDemosFile getCanonicalPath]
	} else {
	    puts "configurationName: $configurationName"
	    set shortConfiguration [string range $configurationName [expr {[string last / $configurationName] + 1}] [string length $configurationName]]
	    puts "shortConfiguration: $shortConfiguration"
	    set shortUpcaseConfiguration "[string toupper [string range $shortConfiguration 0 0]][string range $shortConfiguration 1 [string length $shortConfiguration]]"
	    set completeDemosFile [java::new java.io.File [$configurationDirectory getParentFile] "doc/demos${shortUpcaseConfiguration}.htm"]
	    if {[$completeDemosFile exists]} {
		set completeDemos [$completeDemosFile getCanonicalPath]
	    } else {
		error "[$completeDemosFile toString] does not exist"
	    }
	}
    }

    puts "Checking complete demos of $completeDemos"
    set checkCompleteDemosReport [java::call ptolemy.actor.gui.HTMLAbout checkCompleteDemos $completeDemos]
    
    # Substitute $PTII
    set ptolemyPtIIDir [java::call System getProperty {ptolemy.ptII.dir}]
    regsub -all $ptolemyPtIIDir $checkCompleteDemosReport {XXXPTIIXXX} results
    list $results

==== Result was:
{<h1>Results of checking for demos not listed in full demos</h1>
For each of the files below, we list demos that are not included in <a href="file:XXXPTIIXXX/ptolemy/configs/doc/completeDemos.htm"><code>file:XXXPTIIXXX/ptolemy/configs/doc/completeDemos.htm</code></a>
<h2><a href="file:XXXPTIIXXX/ptolemy/configs/doc/completeDemos.htm"><code>file:XXXPTIIXXX/ptolemy/configs/doc/completeDemos.htm</code></a></h2>
<ul>
</ul>
<h2><a href="file:XXXPTIIXXX/ptolemy/configs/doc/demos.htm"><code>file:XXXPTIIXXX/ptolemy/configs/doc/demos.htm</code></a></h2>
<ul>
</ul>
<h2><a href="file:XXXPTIIXXX/ptolemy/configs/doc/whatsNew11.1.htm"><code>file:XXXPTIIXXX/ptolemy/configs/doc/whatsNew11.1.htm</code></a></h2>
<ul>
</ul>
<h2><a href="file:XXXPTIIXXX/ptolemy/configs/doc/whatsNew11.0.htm"><code>file:XXXPTIIXXX/ptolemy/configs/doc/whatsNew11.0.htm</code></a></h2>
<ul>
</ul>
<h2><a href="file:XXXPTIIXXX/ptolemy/configs/doc/whatsNew10.0.htm"><code>file:XXXPTIIXXX/ptolemy/configs/doc/whatsNew10.0.htm</code></a></h2>
<ul>
 <li><a href="file:/XXXPTIIXXX/org/ptolemy/ptango/demo/BlinkyLight/BlinkyLight.xml">XXXPTIIXXX/org/ptolemy/ptango/demo/BlinkyLight/BlinkyLight.xml</a></li>
 <li><a href="file:/XXXPTIIXXX/org/ptolemy/ptango/demo/Cookies/Cookies.xml">XXXPTIIXXX/org/ptolemy/ptango/demo/Cookies/Cookies.xml</a></li>
 <li><a href="file:/XXXPTIIXXX/org/ptolemy/ptango/demo/Chat/ChatServer.xml">XXXPTIIXXX/org/ptolemy/ptango/demo/Chat/ChatServer.xml</a></li>
 <li><a href="file:/XXXPTIIXXX/org/ptolemy/ptango/demo/Chat/ChatClient.xml">XXXPTIIXXX/org/ptolemy/ptango/demo/Chat/ChatClient.xml</a></li>
 <li><a href="file:/XXXPTIIXXX/org/ptolemy/ptango/demo/Chat/ChatClient2.xml">XXXPTIIXXX/org/ptolemy/ptango/demo/Chat/ChatClient2.xml</a></li>
 <li><a href="file:/XXXPTIIXXX/org/ptolemy/ptango/demo/DOPpresence/DOPpresence.xml">XXXPTIIXXX/org/ptolemy/ptango/demo/DOPpresence/DOPpresence.xml</a></li>
 <li><a href="file:/XXXPTIIXXX/org/ptolemy/ptango/demo/EPlus70Actuator/EPlus70Actuator.xml">XXXPTIIXXX/org/ptolemy/ptango/demo/EPlus70Actuator/EPlus70Actuator.xml</a></li>
 <li><a href="file:/XXXPTIIXXX/org/ptolemy/ptango/demo/ErrorHandler/ErrorHandler.xml">XXXPTIIXXX/org/ptolemy/ptango/demo/ErrorHandler/ErrorHandler.xml</a></li>
 <li><a href="file:/XXXPTIIXXX/org/ptolemy/ptango/demo/Exception/Exception.xml">XXXPTIIXXX/org/ptolemy/ptango/demo/Exception/Exception.xml</a></li>
 <li><a href="file:/XXXPTIIXXX/org/ptolemy/ptango/demo/Guidance/Guidance.xml">XXXPTIIXXX/org/ptolemy/ptango/demo/Guidance/Guidance.xml</a></li>
 <li><a href="file:/XXXPTIIXXX/org/ptolemy/ptango/demo/Guidance/GuidanceSingleUserWithName.xml">XXXPTIIXXX/org/ptolemy/ptango/demo/Guidance/GuidanceSingleUserWithName.xml</a></li>
 <li><a href="file:/XXXPTIIXXX/org/ptolemy/ptango/demo/OccupancyAlert/OccupancyAlert.xml">XXXPTIIXXX/org/ptolemy/ptango/demo/OccupancyAlert/OccupancyAlert.xml</a></li>
 <li><a href="file:/XXXPTIIXXX/org/ptolemy/ptango/demo/OptimizationAdvisor/OptimizationAdvisor.xml">XXXPTIIXXX/org/ptolemy/ptango/demo/OptimizationAdvisor/OptimizationAdvisor.xml</a></li>
 <li><a href="file:/XXXPTIIXXX/org/ptolemy/ptango/demo/SensorAndrew/SensorAndrew.xml">XXXPTIIXXX/org/ptolemy/ptango/demo/SensorAndrew/SensorAndrew.xml</a></li>
 <li><a href="file:/XXXPTIIXXX/org/ptolemy/ptango/demo/SmartRoom/SmartRoom.xml">XXXPTIIXXX/org/ptolemy/ptango/demo/SmartRoom/SmartRoom.xml</a></li>
 <li><a href="file:/XXXPTIIXXX/org/ptolemy/ptango/demo/TemperatureSimulation/TemperatureSimulation.xml">XXXPTIIXXX/org/ptolemy/ptango/demo/TemperatureSimulation/TemperatureSimulation.xml</a></li>
 <li><a href="file:/XXXPTIIXXX/org/ptolemy/ptango/demo/UCBPower/UCBPower.xml">XXXPTIIXXX/org/ptolemy/ptango/demo/UCBPower/UCBPower.xml</a></li>
 <li><a href="file:/XXXPTIIXXX/org/ptolemy/ptango/demo/UCBPower/UCBPowerAnalyzerServer.xml">XXXPTIIXXX/org/ptolemy/ptango/demo/UCBPower/UCBPowerAnalyzerServer.xml</a></li>
 <li><a href="file:/XXXPTIIXXX/org/ptolemy/ptango/demo/UCBPowerPtera/UCBPowerPtera.xml">XXXPTIIXXX/org/ptolemy/ptango/demo/UCBPowerPtera/UCBPowerPtera.xml</a></li>
 <li><a href="file:/XXXPTIIXXX/org/ptolemy/ptango/demo/WebServerDE/WebServerDE.xml">XXXPTIIXXX/org/ptolemy/ptango/demo/WebServerDE/WebServerDE.xml</a></li>
 <li><a href="file:XXXPTIIXXX/ptolemy/domains/continuous/lib/DCMotor.xml">file:XXXPTIIXXX/ptolemy/domains/continuous/lib/DCMotor.xml</a></li>
 <li><a href="file:XXXPTIIXXX/ptolemy/domains/continuous/lib/PWM.xml">file:XXXPTIIXXX/ptolemy/domains/continuous/lib/PWM.xml</a></li>
</ul>
<h2><a href="file:XXXPTIIXXX/ptolemy/configs/doc/whatsNew8.0.htm"><code>file:XXXPTIIXXX/ptolemy/configs/doc/whatsNew8.0.htm</code></a></h2>
<ul>
</ul>
<h2><a href="file:XXXPTIIXXX/ptolemy/configs/doc/whatsNew7.0.htm"><code>file:XXXPTIIXXX/ptolemy/configs/doc/whatsNew7.0.htm</code></a></h2>
<ul>
 <li><a href="file:/XXXPTIIXXX/ptolemy/backtrack/demo/PrimeTest/PrimeTest.xml">XXXPTIIXXX/ptolemy/backtrack/demo/PrimeTest/PrimeTest.xml</a></li>
 <li><a href="file:/XXXPTIIXXX/ptolemy/backtrack/demo/RampRollback/RampRollback.xml">XXXPTIIXXX/ptolemy/backtrack/demo/RampRollback/RampRollback.xml</a></li>
 <li><a href="file:/XXXPTIIXXX/ptolemy/backtrack/demo/TrialModule/TrialModule.xml">XXXPTIIXXX/ptolemy/backtrack/demo/TrialModule/TrialModule.xml</a></li>
</ul>
<h2><a href="file:XXXPTIIXXX/ptolemy/configs/doc/whatsNew6.0.htm"><code>file:XXXPTIIXXX/ptolemy/configs/doc/whatsNew6.0.htm</code></a></h2>
<ul>
</ul>
<h2><a href="file:XXXPTIIXXX/ptolemy/configs/doc/whatsNew5.1.htm"><code>file:XXXPTIIXXX/ptolemy/configs/doc/whatsNew5.1.htm</code></a></h2>
<ul>
</ul>
<h2><a href="file:XXXPTIIXXX/ptolemy/configs/doc/whatsNew5.0.htm"><code>file:XXXPTIIXXX/ptolemy/configs/doc/whatsNew5.0.htm</code></a></h2>
<ul>
</ul>
<h2><a href="file:XXXPTIIXXX/ptolemy/configs/doc/whatsNew4.0.htm"><code>file:XXXPTIIXXX/ptolemy/configs/doc/whatsNew4.0.htm</code></a></h2>
<ul>
</ul>
<h2><a href="file:XXXPTIIXXX/ptolemy/configs/doc/whatsNew3.0.2.htm"><code>file:XXXPTIIXXX/ptolemy/configs/doc/whatsNew3.0.2.htm</code></a></h2>
<ul>
</ul>
<h2><a href="file:XXXPTIIXXX/ptolemy/configs/bcvtb/intro.htm"><code>file:XXXPTIIXXX/ptolemy/configs/bcvtb/intro.htm</code></a></h2>
<ul>
</ul>
<h2><a href="file:XXXPTIIXXX/ptolemy/configs/doc/completeDemosBcvtb.htm"><code>file:XXXPTIIXXX/ptolemy/configs/doc/completeDemosBcvtb.htm</code></a></h2>
<ul>
</ul>
<h2><a href="file:XXXPTIIXXX/ptolemy/configs/doc/demosBcvtb.htm"><code>file:XXXPTIIXXX/ptolemy/configs/doc/demosBcvtb.htm</code></a></h2>
<ul>
</ul>
<h2><a href="file:XXXPTIIXXX/ptolemy/configs/doc/docsBcvtb.htm"><code>file:XXXPTIIXXX/ptolemy/configs/doc/docsBcvtb.htm</code></a></h2>
<ul>
</ul>
<h2><a href="file:XXXPTIIXXX/ptolemy/configs/capecode/intro.htm"><code>file:XXXPTIIXXX/ptolemy/configs/capecode/intro.htm</code></a></h2>
<ul>
</ul>
<h2><a href="file:XXXPTIIXXX/ptolemy/configs/capecode/docs.htm"><code>file:XXXPTIIXXX/ptolemy/configs/capecode/docs.htm</code></a></h2>
<ul>
</ul>
<h2><a href="file:XXXPTIIXXX/ptolemy/configs/capecode/demonstrations.htm"><code>file:XXXPTIIXXX/ptolemy/configs/capecode/demonstrations.htm</code></a></h2>
<ul>
</ul>
<h2><a href="file:XXXPTIIXXX/ptolemy/configs/capecode/tour.htm"><code>file:XXXPTIIXXX/ptolemy/configs/capecode/tour.htm</code></a></h2>
<ul>
</ul>
<h2><a href="file:XXXPTIIXXX/ptolemy/configs/cyphysim/intro.htm"><code>file:XXXPTIIXXX/ptolemy/configs/cyphysim/intro.htm</code></a></h2>
<ul>
</ul>
<h2><a href="file:XXXPTIIXXX/ptolemy/configs/cyphysim/demonstrations.htm"><code>file:XXXPTIIXXX/ptolemy/configs/cyphysim/demonstrations.htm</code></a></h2>
<ul>
</ul>
<h2><a href="file:XXXPTIIXXX/ptolemy/configs/cyphysim/docs.htm"><code>file:XXXPTIIXXX/ptolemy/configs/cyphysim/docs.htm</code></a></h2>
<ul>
</ul>
<h2><a href="file:XXXPTIIXXX/ptolemy/configs/doc/docs.htm"><code>file:XXXPTIIXXX/ptolemy/configs/doc/docs.htm</code></a></h2>
<ul>
</ul>
<h2><a href="file:XXXPTIIXXX/ptolemy/configs/hyvisual/intro.htm"><code>file:XXXPTIIXXX/ptolemy/configs/hyvisual/intro.htm</code></a></h2>
<ul>
</ul>
<h2><a href="file:XXXPTIIXXX/ptolemy/configs/doc/completeDemosPtiny.htm"><code>file:XXXPTIIXXX/ptolemy/configs/doc/completeDemosPtiny.htm</code></a></h2>
<ul>
</ul>
<h2><a href="file:XXXPTIIXXX/ptolemy/configs/doc/demosPtiny.htm"><code>file:XXXPTIIXXX/ptolemy/configs/doc/demosPtiny.htm</code></a></h2>
<ul>
</ul>
<h2><a href="file:XXXPTIIXXX/doc/mainVergilPtiny.htm"><code>file:XXXPTIIXXX/doc/mainVergilPtiny.htm</code></a></h2>
<ul>
</ul>
<h2><a href="file:XXXPTIIXXX/doc/mainVergilPtinyKepler.htm"><code>file:XXXPTIIXXX/doc/mainVergilPtinyKepler.htm</code></a></h2>
<ul>
</ul>
<h2><a href="file:XXXPTIIXXX/ptolemy/configs/doc/demosPtinyKepler.htm"><code>file:XXXPTIIXXX/ptolemy/configs/doc/demosPtinyKepler.htm</code></a></h2>
<ul>
</ul>
<h2><a href="file:XXXPTIIXXX/ptolemy/configs/doc/docsPtinyKepler.htm"><code>file:XXXPTIIXXX/ptolemy/configs/doc/docsPtinyKepler.htm</code></a></h2>
<ul>
</ul>
<h2><a href="file:XXXPTIIXXX/ptolemy/configs/doc/completeDemosPtinyKepler.htm"><code>file:XXXPTIIXXX/ptolemy/configs/doc/completeDemosPtinyKepler.htm</code></a></h2>
<ul>
</ul>
<h2><a href="file:XXXPTIIXXX/ptolemy/configs/visualsense/intro.htm"><code>file:XXXPTIIXXX/ptolemy/configs/visualsense/intro.htm</code></a></h2>
<ul>
</ul>
}
---- Result should have been:
{<h1>Results of checking for demos not listed in full demos</h1>
For each of the files below, we list demos that are not included in <a href="file:XXXPTIIXXX/ptolemy/configs/doc/completeDemos.htm"><code>file:XXXPTIIXXX/ptolemy/configs/doc/completeDemos.htm</code></a>
<h2><a href="file:XXXPTIIXXX/ptolemy/configs/doc/completeDemos.htm"><code>file:XXXPTIIXXX/ptolemy/configs/doc/completeDemos.htm</code></a></h2>
<ul>
</ul>
<h2><a href="file:XXXPTIIXXX/ptolemy/configs/doc/demos.htm"><code>file:XXXPTIIXXX/ptolemy/configs/doc/demos.htm</code></a></h2>
<ul>
</ul>
<h2><a href="file:XXXPTIIXXX/ptolemy/configs/doc/whatsNew11.1.htm"><code>file:XXXPTIIXXX/ptolemy/configs/doc/whatsNew11.1.htm</code></a></h2>
<ul>
</ul>
<h2><a href="file:XXXPTIIXXX/ptolemy/configs/doc/whatsNew11.0.htm"><code>file:XXXPTIIXXX/ptolemy/configs/doc/whatsNew11.0.htm</code></a></h2>
<ul>
</ul>
<h2><a href="file:XXXPTIIXXX/ptolemy/configs/doc/whatsNew10.0.htm"><code>file:XXXPTIIXXX/ptolemy/configs/doc/whatsNew10.0.htm</code></a></h2>
<ul>
 <li><a href="file:XXXPTIIXXX/ptolemy/domains/continuous/lib/DCMotor.xml">file:XXXPTIIXXX/ptolemy/domains/continuous/lib/DCMotor.xml</a></li>
 <li><a href="file:XXXPTIIXXX/ptolemy/domains/continuous/lib/PWM.xml">file:XXXPTIIXXX/ptolemy/domains/continuous/lib/PWM.xml</a></li>
</ul>
<h2><a href="file:XXXPTIIXXX/ptolemy/configs/doc/whatsNew8.0.htm"><code>file:XXXPTIIXXX/ptolemy/configs/doc/whatsNew8.0.htm</code></a></h2>
<ul>
</ul>
<h2><a href="file:XXXPTIIXXX/ptolemy/configs/doc/whatsNew7.0.htm"><code>file:XXXPTIIXXX/ptolemy/configs/doc/whatsNew7.0.htm</code></a></h2>
<ul>
</ul>
<h2><a href="file:XXXPTIIXXX/ptolemy/configs/doc/whatsNew6.0.htm"><code>file:XXXPTIIXXX/ptolemy/configs/doc/whatsNew6.0.htm</code></a></h2>
<ul>
</ul>
<h2><a href="file:XXXPTIIXXX/ptolemy/configs/doc/whatsNew5.1.htm"><code>file:XXXPTIIXXX/ptolemy/configs/doc/whatsNew5.1.htm</code></a></h2>
<ul>
</ul>
<h2><a href="file:XXXPTIIXXX/ptolemy/configs/doc/whatsNew5.0.htm"><code>file:XXXPTIIXXX/ptolemy/configs/doc/whatsNew5.0.htm</code></a></h2>
<ul>
</ul>
<h2><a href="file:XXXPTIIXXX/ptolemy/configs/doc/whatsNew4.0.htm"><code>file:XXXPTIIXXX/ptolemy/configs/doc/whatsNew4.0.htm</code></a></h2>
<ul>
</ul>
<h2><a href="file:XXXPTIIXXX/ptolemy/configs/doc/whatsNew3.0.2.htm"><code>file:XXXPTIIXXX/ptolemy/configs/doc/whatsNew3.0.2.htm</code></a></h2>
<ul>
</ul>
<h2><a href="file:XXXPTIIXXX/ptolemy/configs/bcvtb/intro.htm"><code>file:XXXPTIIXXX/ptolemy/configs/bcvtb/intro.htm</code></a></h2>
<ul>
</ul>
<h2><a href="file:XXXPTIIXXX/ptolemy/configs/doc/completeDemosBcvtb.htm"><code>file:XXXPTIIXXX/ptolemy/configs/doc/completeDemosBcvtb.htm</code></a></h2>
<ul>
</ul>
<h2><a href="file:XXXPTIIXXX/ptolemy/configs/doc/demosBcvtb.htm"><code>file:XXXPTIIXXX/ptolemy/configs/doc/demosBcvtb.htm</code></a></h2>
<ul>
</ul>
<h2><a href="file:XXXPTIIXXX/ptolemy/configs/doc/docsBcvtb.htm"><code>file:XXXPTIIXXX/ptolemy/configs/doc/docsBcvtb.htm</code></a></h2>
<ul>
</ul>
<h2><a href="file:XXXPTIIXXX/ptolemy/configs/capecode/intro.htm"><code>file:XXXPTIIXXX/ptolemy/configs/capecode/intro.htm</code></a></h2>
<ul>
</ul>
<h2><a href="file:XXXPTIIXXX/ptolemy/configs/capecode/docs.htm"><code>file:XXXPTIIXXX/ptolemy/configs/capecode/docs.htm</code></a></h2>
<ul>
</ul>
<h2><a href="file:XXXPTIIXXX/ptolemy/configs/capecode/demonstrations.htm"><code>file:XXXPTIIXXX/ptolemy/configs/capecode/demonstrations.htm</code></a></h2>
<ul>
</ul>
<h2><a href="file:XXXPTIIXXX/ptolemy/configs/capecode/tour.htm"><code>file:XXXPTIIXXX/ptolemy/configs/capecode/tour.htm</code></a></h2>
<ul>
</ul>
<h2><a href="file:XXXPTIIXXX/ptolemy/configs/cyphysim/intro.htm"><code>file:XXXPTIIXXX/ptolemy/configs/cyphysim/intro.htm</code></a></h2>
<ul>
</ul>
<h2><a href="file:XXXPTIIXXX/ptolemy/configs/cyphysim/demonstrations.htm"><code>file:XXXPTIIXXX/ptolemy/configs/cyphysim/demonstrations.htm</code></a></h2>
<ul>
</ul>
<h2><a href="file:XXXPTIIXXX/ptolemy/configs/cyphysim/docs.htm"><code>file:XXXPTIIXXX/ptolemy/configs/cyphysim/docs.htm</code></a></h2>
<ul>
</ul>
<h2><a href="file:XXXPTIIXXX/ptolemy/configs/doc/docs.htm"><code>file:XXXPTIIXXX/ptolemy/configs/doc/docs.htm</code></a></h2>
<ul>
</ul>
<h2><a href="file:XXXPTIIXXX/ptolemy/configs/hyvisual/intro.htm"><code>file:XXXPTIIXXX/ptolemy/configs/hyvisual/intro.htm</code></a></h2>
<ul>
</ul>
<h2><a href="file:XXXPTIIXXX/ptolemy/configs/doc/completeDemosPtiny.htm"><code>file:XXXPTIIXXX/ptolemy/configs/doc/completeDemosPtiny.htm</code></a></h2>
<ul>
</ul>
<h2><a href="file:XXXPTIIXXX/ptolemy/configs/doc/demosPtiny.htm"><code>file:XXXPTIIXXX/ptolemy/configs/doc/demosPtiny.htm</code></a></h2>
<ul>
</ul>
<h2><a href="file:XXXPTIIXXX/doc/mainVergilPtiny.htm"><code>file:XXXPTIIXXX/doc/mainVergilPtiny.htm</code></a></h2>
<ul>
</ul>
<h2><a href="file:XXXPTIIXXX/doc/mainVergilPtinyKepler.htm"><code>file:XXXPTIIXXX/doc/mainVergilPtinyKepler.htm</code></a></h2>
<ul>
</ul>
<h2><a href="file:XXXPTIIXXX/ptolemy/configs/doc/demosPtinyKepler.htm"><code>file:XXXPTIIXXX/ptolemy/configs/doc/demosPtinyKepler.htm</code></a></h2>
<ul>
</ul>
<h2><a href="file:XXXPTIIXXX/ptolemy/configs/doc/docsPtinyKepler.htm"><code>file:XXXPTIIXXX/ptolemy/configs/doc/docsPtinyKepler.htm</code></a></h2>
<ul>
</ul>
<h2><a href="file:XXXPTIIXXX/ptolemy/configs/doc/completeDemosPtinyKepler.htm"><code>file:XXXPTIIXXX/ptolemy/configs/doc/completeDemosPtinyKepler.htm</code></a></h2>
<ul>
</ul>
<h2><a href="file:XXXPTIIXXX/ptolemy/configs/visualsense/intro.htm"><code>file:XXXPTIIXXX/ptolemy/configs/visualsense/intro.htm</code></a></h2>
<ul>
</ul>
}
@@@@@ known results is more than 7 lines long, so we run diff
16a17,36
>  <li><a href="file:/XXXPTIIXXX/org/ptolemy/ptango/demo/BlinkyLight/BlinkyLight.xml">XXXPTIIXXX/org/ptolemy/ptango/demo/BlinkyLight/BlinkyLight.xml</a></li>
>  <li><a href="file:/XXXPTIIXXX/org/ptolemy/ptango/demo/Cookies/Cookies.xml">XXXPTIIXXX/org/ptolemy/ptango/demo/Cookies/Cookies.xml</a></li>
>  <li><a href="file:/XXXPTIIXXX/org/ptolemy/ptango/demo/Chat/ChatServer.xml">XXXPTIIXXX/org/ptolemy/ptango/demo/Chat/ChatServer.xml</a></li>
>  <li><a href="file:/XXXPTIIXXX/org/ptolemy/ptango/demo/Chat/ChatClient.xml">XXXPTIIXXX/org/ptolemy/ptango/demo/Chat/ChatClient.xml</a></li>
>  <li><a href="file:/XXXPTIIXXX/org/ptolemy/ptango/demo/Chat/ChatClient2.xml">XXXPTIIXXX/org/ptolemy/ptango/demo/Chat/ChatClient2.xml</a></li>
>  <li><a href="file:/XXXPTIIXXX/org/ptolemy/ptango/demo/DOPpresence/DOPpresence.xml">XXXPTIIXXX/org/ptolemy/ptango/demo/DOPpresence/DOPpresence.xml</a></li>
>  <li><a href="file:/XXXPTIIXXX/org/ptolemy/ptango/demo/EPlus70Actuator/EPlus70Actuator.xml">XXXPTIIXXX/org/ptolemy/ptango/demo/EPlus70Actuator/EPlus70Actuator.xml</a></li>
>  <li><a href="file:/XXXPTIIXXX/org/ptolemy/ptango/demo/ErrorHandler/ErrorHandler.xml">XXXPTIIXXX/org/ptolemy/ptango/demo/ErrorHandler/ErrorHandler.xml</a></li>
>  <li><a href="file:/XXXPTIIXXX/org/ptolemy/ptango/demo/Exception/Exception.xml">XXXPTIIXXX/org/ptolemy/ptango/demo/Exception/Exception.xml</a></li>
>  <li><a href="file:/XXXPTIIXXX/org/ptolemy/ptango/demo/Guidance/Guidance.xml">XXXPTIIXXX/org/ptolemy/ptango/demo/Guidance/Guidance.xml</a></li>
>  <li><a href="file:/XXXPTIIXXX/org/ptolemy/ptango/demo/Guidance/GuidanceSingleUserWithName.xml">XXXPTIIXXX/org/ptolemy/ptango/demo/Guidance/GuidanceSingleUserWithName.xml</a></li>
>  <li><a href="file:/XXXPTIIXXX/org/ptolemy/ptango/demo/OccupancyAlert/OccupancyAlert.xml">XXXPTIIXXX/org/ptolemy/ptango/demo/OccupancyAlert/OccupancyAlert.xml</a></li>
>  <li><a href="file:/XXXPTIIXXX/org/ptolemy/ptango/demo/OptimizationAdvisor/OptimizationAdvisor.xml">XXXPTIIXXX/org/ptolemy/ptango/demo/OptimizationAdvisor/OptimizationAdvisor.xml</a></li>
>  <li><a href="file:/XXXPTIIXXX/org/ptolemy/ptango/demo/SensorAndrew/SensorAndrew.xml">XXXPTIIXXX/org/ptolemy/ptango/demo/SensorAndrew/SensorAndrew.xml</a></li>
>  <li><a href="file:/XXXPTIIXXX/org/ptolemy/ptango/demo/SmartRoom/SmartRoom.xml">XXXPTIIXXX/org/ptolemy/ptango/demo/SmartRoom/SmartRoom.xml</a></li>
>  <li><a href="file:/XXXPTIIXXX/org/ptolemy/ptango/demo/TemperatureSimulation/TemperatureSimulation.xml">XXXPTIIXXX/org/ptolemy/ptango/demo/TemperatureSimulation/TemperatureSimulation.xml</a></li>
>  <li><a href="file:/XXXPTIIXXX/org/ptolemy/ptango/demo/UCBPower/UCBPower.xml">XXXPTIIXXX/org/ptolemy/ptango/demo/UCBPower/UCBPower.xml</a></li>
>  <li><a href="file:/XXXPTIIXXX/org/ptolemy/ptango/demo/UCBPower/UCBPowerAnalyzerServer.xml">XXXPTIIXXX/org/ptolemy/ptango/demo/UCBPower/UCBPowerAnalyzerServer.xml</a></li>
>  <li><a href="file:/XXXPTIIXXX/org/ptolemy/ptango/demo/UCBPowerPtera/UCBPowerPtera.xml">XXXPTIIXXX/org/ptolemy/ptango/demo/UCBPowerPtera/UCBPowerPtera.xml</a></li>
>  <li><a href="file:/XXXPTIIXXX/org/ptolemy/ptango/demo/WebServerDE/WebServerDE.xml">XXXPTIIXXX/org/ptolemy/ptango/demo/WebServerDE/WebServerDE.xml</a></li>
24a45,47
>  <li><a href="file:/XXXPTIIXXX/ptolemy/backtrack/demo/PrimeTest/PrimeTest.xml">XXXPTIIXXX/ptolemy/backtrack/demo/PrimeTest/PrimeTest.xml</a></li>
>  <li><a href="file:/XXXPTIIXXX/ptolemy/backtrack/demo/RampRollback/RampRollback.xml">XXXPTIIXXX/ptolemy/backtrack/demo/RampRollback/RampRollback.xml</a></li>
>  <li><a href="file:/XXXPTIIXXX/ptolemy/backtrack/demo/TrialModule/TrialModule.xml">XXXPTIIXXX/ptolemy/backtrack/demo/TrialModule/TrialModule.xml</a></li>
@@@@@ Done running diffText
---- HTMLAbout-4.0 FAILED
/home/travis/build/icyphy/ptII/ptolemy/actor/gui/test/HTMLViewer.tcl
sleeping 3 seconds: /home/travis/build/icyphy/ptII/ptolemy/actor/gui/test/MoMLApplication.tcl
/home/travis/build/icyphy/ptII/ptolemy/actor/gui/test/PtExecuteApplication.tcl
4 ms. Memory: 800256K Free: 184581K (23%)
sleeping 2 seconds: 10 ms. Memory: 994816K Free: 571713K (57%)
.test
sleeping 2 seconds: 6 ms. Memory: 1080832K Free: 325531K (30%)
<?xml version="1.0" standalone="no"?>
<!DOCTYPE entity PUBLIC "-//UC Berkeley//DTD MoML 1//EN"
    "http://ptolemy.eecs.berkeley.edu/xml/dtd/MoML_1.dtd">
<entity name="test" class="ptolemy.actor.TypedCompositeActor">
    <property name="_createdBy" class="ptolemy.kernel.attributes.VersionAttribute" value="11.1.devel">
    </property>
    <doc>This test has no placeable elements, but writes to standard out.</doc>
    <property name="step" class="ptolemy.data.expr.Parameter" value="1">
    </property>
    <property name="director" class="ptolemy.domains.sdf.kernel.SDFDirector">
        <property name="iterations" class="ptolemy.data.expr.Parameter" value="5">
        </property>
        <property name="vectorizationFactor" class="ptolemy.data.expr.Parameter" value="1">
        </property>
    </property>
    <entity name="ramp" class="ptolemy.actor.lib.Ramp">
        <property name="init" class="ptolemy.actor.parameters.PortParameter" value="0">
        </property>
        <property name="step" class="ptolemy.actor.parameters.PortParameter" value="step">
        </property>
        <property name="firingCountLimit" class="ptolemy.data.expr.Parameter" value="0">
        </property>
    </entity>
    <entity name="rec" class="ptolemy.actor.lib.Recorder">
        <property name="capacity" class="ptolemy.data.expr.Parameter" value="-1">
        </property>
    </entity>
    <relation name="r1" class="ptolemy.actor.TypedIORelation">
        <property name="width" class="ptolemy.data.expr.Parameter" value="1">
        </property>
    </relation>
    <link port="ramp.output" relation="r1"/>
    <link port="rec.input" relation="r1"/>
</entity>

/home/travis/build/icyphy/ptII/ptolemy/actor/gui/test/PtolemyApplication.tcl
/home/travis/build/icyphy/ptII/ptolemy/actor/gui/test/UserActorLibrary.tcl
JSAccessor: PT_NO_NET environment variable is set, so git pull and ptdoc are not being run.
No physical cameras found, using WebcamDummyDriver.
CharacterRecognition: The tesseract module was not present.  The CharacterRecognition accessor is not supported on this accessor host. (Thread[main,5,main])
CharacterRecognition: The tesseract module was not present.  The CharacterRecognition accessor is not supported on this accessor host. (Thread[main,5,main])
The Mutable accessor original file has no documentation, so we are not running jsdoc on https://accessors.org/utilities/Mutable.js
/home/travis/build/icyphy/ptII/ptolemy/actor/gui/test/ZZZConfiguration.tcl


==== $PTII/ptolemy/actor/gui/test/ZZZConfiguration.tcl: ZZZConfiguration-100.0 call setContainer, which calls _remoteEntity
==== Contents of test case:

    # Run this test last
    set directory [$configuration getDirectory]

    # StringUtilities.exit() checks to see if this property is has a length > 0
    java::call System setProperty ptolemy.ptII.doNotExit {}
    #java::call System clearProperty ptolemy.ptII.doNotExit

    # The Manager uses this property to help us test the Exit actor.
    java::call System setProperty ptolemy.ptII.exitAfterWrapup true

    catch {$directory setContainer [java::null]} errMsg

    # Reset the property
    java::call System setProperty ptolemy.ptII.doNotExit true

    java::new ptolemy.actor.gui.ModelDirectory $configuration [java::field ptolemy.actor.gui.Configuration _DIRECTORY_NAME]

    list $errMsg	

==== Result was:
{java.lang.RuntimeException: StringUtilities.exit() was called. Normally, we would exit here because Manager.exitAfterWrapup() was called.  However, because the ptolemy.ptII.exitAfterWrapup property is set, we throw this exception instead.}
---- Result should have been:
{java.lang.RuntimeException: Normally, we would exit here because Manager.exitAfterWrapup() was called.  However, because the ptolemy.ptII.exitAfterWrapup property is set, we throw this exception instead.}
---- ZZZConfiguration-100.0 FAILED
01/27/19 03:17:07
Failed: 2  Total Tests: 55  ((Passed: 53, Newly Passed: 0)  Known Failed: 0) /home/travis/build/icyphy/ptII/ptolemy/actor/gui/test
No auto/knownFailedTests/*.xml tests in /home/travis/build/icyphy/ptII/ptolemy/actor/gui/test
No auto/linux-amd64/*.xml tests in /home/travis/build/icyphy/ptII/ptolemy/actor/gui/test
AutoTests.java: About to close Vertx.
AutoTests.java: Vertx closed.
No auto/*.xml tests in /home/travis/build/icyphy/ptII/ptolemy/actor/gui/test
AutoTests.java: About to close Vertx.
AutoTests.java: Vertx closed.
]]></system-out>
  <system-err><![CDATA[[main] INFO com.github.sarxos.webcam.Webcam - WebcamDefaultDriver capture driver will be used
]]></system-err>
</testsuite>
