<?xml version="1.0" encoding="UTF-8" ?>
<testsuite errors="0" failures="0" hostname="travis-job-2441c1af-609e-40c0-ab43-7b1b3512b767" name="ptolemy.actor.lib.test.junit.JUnitTclTest" skipped="0" tests="517" time="63.695" timestamp="2020-10-27T15:56:38">
  <properties>
    <property name="npm.executable" value="npm" />
    <property name="env.TRAVIS_ROOT" value="/" />
    <property name="ptII.mk.exists" value="true" />
    <property name="env.TRAVIS_APP_HOST" value="build.travis-ci.com" />
    <property name="env.rvm_bin_path" value="/home/travis/.rvm/bin" />
    <property name="java.home" value="/usr/local/lib/jvm/openjdk11" />
    <property name="env.TRAVIS_JOB_NUMBER" value="1812.8" />
    <property name="env.TRAVIS_HOME" value="/home/travis" />
    <property name="env.DISPLAY" value=":99.0" />
    <property name="env.TRAVIS_INIT" value="systemd" />
    <property name="env.SSH_TTY" value="/dev/pts/0" />
    <property name="java.net.preferIPv4Stack" value="true" />
    <property name="env.RUN_TESTS" value="true" />
    <property name="timeout.short" value="1000000" />
    <property name="junit.formatter" value="xml" />
    <property name="env.TRAVIS_SUDO" value="true" />
    <property name="env.TRAVIS_JOB_NAME" value="" />
    <property name="env.TRAVIS_STACK_NODE_ATTRIBUTES" value="/.node-attributes.yml" />
    <property name="env.LOGNAME" value="travis" />
    <property name="env.PT_TRAVIS_TEST_CORE1_XML" value="true" />
    <property name="jsdoc.home" value="node_modules/@terraswarm/jsdoc" />
    <property name="debuglevel" value="source,lines,vars" />
    <property name="checkstyle.formatter" value="xml" />
    <property name="bin.vergil.makeable" value="true" />
    <property name="sun.os.patch.level" value="unknown" />
    <property name="java.vendor.url" value="http://java.oracle.com/" />
    <property name="env.TRAVIS_BUILD_WEB_URL" value="https://travis-ci.com/icyphy/ptII/builds/193546771" />
    <property name="java.version" value="11.0.2" />
    <property name="env.TZ" value="UTC" />
    <property name="env.TRAVIS_PULL_REQUEST_SHA" value="" />
    <property name="env.PT_NO_NET" value="true" />
    <property name="env.TRAVIS_SECURE_ENV_VARS" value="true" />
    <property name="java.vendor.url.bug" value="http://bugreport.java.com/bugreport/" />
    <property name="npmjs-org-is-up" value="true" />
    <property name="env.LANGUAGE" value="en_US.UTF-8" />
    <property name="env.SSH_CLIENT" value="10.16.0.11 45102 22" />
    <property name="env.GEM_HOME" value="/home/travis/.rvm/gems/ruby-2.5.3" />
    <property name="env.HAS_ANTARES_THREE_LITTLE_FRONZIES_BADGE" value="true" />
    <property name="java.version.date" value="2019-01-15" />
    <property name="env.PS4" value="+" />
    <property name="ant.project.invoked-targets" value="build,test.core1.xml" />
    <property name="env.TRAVIS_PULL_REQUEST_BRANCH" value="" />
    <property name="env.TRAVIS_REPO_SLUG" value="icyphy/ptII" />
    <property name="env.XDG_DATA_DIRS" value="/usr/local/share:/usr/share:/var/lib/snapd/desktop" />
    <property name="jdk.debug" value="release" />
    <property name="env.TRAVIS_APT_PROXY" value="http://build-cache.travisci.net" />
    <property name="env.TRAVIS_CPU_ARCH" value="amd64" />
    <property name="node.in.path" value="true" />
    <property name="user.name" value="travis" />
    <property name="java.maxmemory" value="1400m" />
    <property name="env.RUBY_VERSION" value="ruby-2.5.3" />
    <property name="env.LANG" value="en_US.UTF-8" />
    <property name="sun.io.unicode.encoding" value="UnicodeLittle" />
    <property name="sun.jnu.encoding" value="UTF-8" />
    <property name="java.runtime.name" value="OpenJDK Runtime Environment" />
    <property name="usefile" value="false" />
    <property name="return.code" value="0" />
    <property name="junit.single.formatter" value="plain" />
    <property name="env.DYLD_LIBRARY_PATH" value="/home/travis/pthla/certi-tools/lib:" />
    <property name="env.DEBIAN_FRONTEND" value="noninteractive" />
    <property name="env.SSH_CONNECTION" value="10.16.0.11 45102 10.30.1.28 22" />
    <property name="env.MYSQL_UNIX_PORT" value="/var/run/mysqld/mysqld.sock" />
    <property name="env.LC_ALL" value="en_US.UTF-8" />
    <property name="env.TRAVIS_ALLOW_FAILURE" value="" />
    <property name="env.TRAVIS_JOB_WEB_URL" value="https://travis-ci.com/icyphy/ptII/jobs/410312745" />
    <property name="java.specification.name" value="Java Platform API Specification" />
    <property name="node.works" value="true" />
    <property name="user.timezone" value="" />
    <property name="path.separator" value=":" />
    <property name="env.TRAVIS_ENABLE_INFRA_DETECTION" value="true" />
    <property name="env.PYTHON_CFLAGS" value="-g -fstack-protector --param=ssp-buffer-size=4 -Wformat -Werror=format-security" />
    <property name="timeout.long" value="4000000" />
    <property name="env.CERTI_HOME" value="/home/travis/pthla/certi-tools" />
    <property name="ant.file.ptII" value="/home/travis/build/icyphy/ptII/build.xml" />
    <property name="javadoc.packagenames" value="com.*,diva.*,lbnl.*,org.hlacerti.*,org.json.*,org.ptolemy.*,org.terraswarm.*,ptolemy.*,ptserver.*" />
    <property name="file.encoding" value="UTF-8" />
    <property name="env.TRAVIS_PULL_REQUEST_SLUG" value="" />
    <property name="ant.project.default-target" value="build" />
    <property name="env.GIT_ASKPASS" value="echo" />
    <property name="env.HOME" value="/home/travis" />
    <property name="sun.java.command" value="org.apache.tools.ant.taskdefs.optional.junit.JUnitTestRunner ptolemy.actor.lib.test.junit.JUnitTclTest skipNonTests=false filtertrace=true haltOnError=false haltOnFailure=false formatter=org.apache.tools.ant.taskdefs.optional.junit.OutErrSummaryJUnitResultFormatter showoutput=true outputtoformatters=true logfailedtests=true threadid=0 logtestlistenerevents=false formatter=org.apache.tools.ant.taskdefs.optional.junit.XMLJUnitResultFormatter,/home/travis/build/icyphy/ptII/reports/junit/TEST-ptolemy.actor.lib.test.junit.JUnitTclTest.xml crashfile=/home/travis/build/icyphy/ptII/junitvmwatcher10749088689454685795.properties propsfile=/home/travis/build/icyphy/ptII/junit16182879629260444665.properties" />
    <property name="env.COMPOSER_NO_INTERACTION" value="1" />
    <property name="env.MANPATH" value="/home/travis/.nvm/versions/node/v7.10.1/share/man:/home/travis/.rvm/rubies/ruby-2.5.3/share/man:/usr/local/cmake-3.12.4/man:/usr/local/clang-7.0.0/share/man:/usr/local/man:/usr/local/share/man:/usr/share/man:/home/travis/.rvm/man" />
    <property name="env.TRAVIS_TIMER_ID" value="0675da22" />
    <property name="ant.file" value="/home/travis/build/icyphy/ptII/build.xml" />
    <property name="env.TRAVIS_COMMIT_RANGE" value="74248200255084cca0f8d02e5ad09f36c0965423...8f4ad28aa53cc81362f26fdbf8d406fb619899a6" />
    <property name="ptII.classpath.optional.property" value="/home/travis/build/icyphy/ptII/lib/bsh-2.0b4.jar:/home/travis/build/icyphy/ptII/lib/ptCal.jar:/home/travis/build/icyphy/ptII/lib/java_cup.jar:/home/travis/build/icyphy/ptII/lib/saxon8.jar:/home/travis/build/icyphy/ptII/lib/saxon8-dom.jar:/home/travis/build/icyphy/ptII/lib/chic.jar:/home/travis/build/icyphy/ptII/lib/ptcolt.jar:/home/travis/build/icyphy/ptII/vendors/misc/itext/iText.jar:/home/travis/build/icyphy/ptII/lib/g4ltl.jar:/home/travis/build/icyphy/ptII/lib/StructuralCoder.jar:/home/travis/build/icyphy/ptII/lib/jcerti.jar:/home/travis/build/icyphy/ptII/lib/javax.mail.jar:/home/travis/build/icyphy/ptII/vendors/JMF-2.1.1e/lib/jmf.jar:/home/travis/build/icyphy/ptII/lib/jna-4.0.0-variadic.jar:/home/travis/build/icyphy/ptII/vendors/misc/joystick/Joystick.jar:/home/travis/build/icyphy/ptII/lib/ptjacl.jar:/home/travis/build/icyphy/ptII/lib/jsoup-1.8.2.jar:/home/travis/build/icyphy/ptII/lib/junit-4.8.2.jar:/home/travis/build/icyphy/ptII/lib/JUnitParams-0.4.0.jar:/home/travis/build/icyphy/ptII/ptolemy/actor/lib/excel/jxl.jar:/home/travis/build/icyphy/ptII/lib/jython.jar:/home/travis/build/icyphy/ptII/lib/kieler.jar:/home/travis/build/icyphy/ptII/vendors/opencv/share/OpenCV/java/opencv-341.jar:/home/travis/build/icyphy/ptII/lib/oscP5.jar:/home/travis/build/icyphy/ptII/lib/nrjavaserial-3.11.0.devel.jar:/home/travis/build/icyphy/ptII/vendors/j3d/lib/Linux/j3dcore.jar:/home/travis/build/icyphy/ptII/vendors/j3d/lib/Linux/j3dutils.jar:/home/travis/build/icyphy/ptII/vendors/j3d/lib/Linux/vecmath.jar:/home/travis/build/icyphy/ptII/vendors/jogl/lib/Linux/gluegen-rt-natives-linux-amd64.jar:/home/travis/build/icyphy/ptII/vendors/jogl/lib/Linux/gluegen-rt.jar:/home/travis/build/icyphy/ptII/vendors/jogl/lib/Linux/jogl-all-natives-linux-amd64.jar:/home/travis/build/icyphy/ptII/vendors/jogl/lib/Linux/jogl-all.jar:/home/travis/build/icyphy/ptII/ptolemy/distributed/jini/jar/jini-core.jar:/home/travis/build/icyphy/ptII/ptolemy/distributed/jini/jar/jini-ext.jar:/home/travis/build/icyphy/ptII/ptolemy/distributed/jini/jar/sun-util.jar:/home/travis/build/icyphy/ptII/lib/protobuf-java-2.4.1.jar:/home/travis/build/icyphy/ptII/lib/org.eclipse.paho.client.mqttv3.jar:/home/travis/build/icyphy/ptII/lib/mapss.jar:/home/travis/build/icyphy/ptII/ptolemy/actor/ptalon/antlr/antlr.jar:/home/travis/build/icyphy/ptII/lib/JRI.jar:/home/travis/build/icyphy/ptII/lib/commons-lang-2.6.jar:/home/travis/build/icyphy/ptII/lib/commons-logging-1.1.1.jar:/home/travis/build/icyphy/ptII/lib/sootclasses.jar:/home/travis/build/icyphy/ptII/ptolemy/actor/lib/database/mysql-connector-java-5.1.6-bin.jar:/home/travis/build/icyphy/ptII/vendors/misc/sphinx4/sphinx4-data-5prealpha.jar:/home/travis/build/icyphy/ptII/vendors/misc/sphinx4/sphinx4-core-5prealpha.jar:/home/travis/build/icyphy/ptII/lib/PDFRenderer.jar:/home/travis/build/icyphy/ptII/lib/svgSalamander.jar:/home/travis/build/icyphy/ptII/lib/rsyntaxtextarea-2.6.0-SNAPSHOT.jar:/home/travis/build/icyphy/ptII/lib/hazelcast-3.8.2.jar:/home/travis/build/icyphy/ptII/lib/jackson-annotations-2.9.0.jar:/home/travis/build/icyphy/ptII/lib/jackson-core-2.9.3.jar:/home/travis/build/icyphy/ptII/lib/jackson-databind-2.9.3.jar:/home/travis/build/icyphy/ptII/lib/netty-buffer-4.1.19.Final.jar:/home/travis/build/icyphy/ptII/lib/netty-codec-4.1.19.Final.jar:/home/travis/build/icyphy/ptII/lib/netty-codec-dns-4.1.19.Final.jar:/home/travis/build/icyphy/ptII/lib/netty-codec-http-4.1.19.Final.jar:/home/travis/build/icyphy/ptII/lib/netty-codec-http2-4.1.19.Final.jar:/home/travis/build/icyphy/ptII/lib/netty-common-4.1.19.Final.jar:/home/travis/build/icyphy/ptII/lib/netty-handler-4.1.19.Final.jar:/home/travis/build/icyphy/ptII/lib/netty-resolver-4.1.19.Final.jar:/home/travis/build/icyphy/ptII/lib/netty-resolver-dns-4.1.19.Final.jar:/home/travis/build/icyphy/ptII/lib/netty-transport-4.1.19.Final.jar:/home/travis/build/icyphy/ptII/lib/vertx-codegen-3.5.1.jar:/home/travis/build/icyphy/ptII/lib/vertx-core-3.5.2-SNAPSHOT.jar:/home/travis/build/icyphy/ptII/lib/vertx-hazelcast-3.5.1.jar:/home/travis/build/icyphy/ptII/lib/vertx-lang-js-3.5.1.jar:/home/travis/build/icyphy/ptII/lib/vertx-service-proxy-3.5.1.jar:/home/travis/build/icyphy/ptII/lib/vertx-web-3.5.1.jar:/home/travis/build/icyphy/ptII/lib/slf4j-api-1.7.13.jar:/home/travis/build/icyphy/ptII/lib/slf4j-simple-1.7.13.jar:/home/travis/build/icyphy/ptII/lib/webcam-capture-0.3.12.jar:/home/travis/build/icyphy/ptII/lib/bridj-0.7.0.jar:/home/travis/build/icyphy/ptII/lib/xbjlib-1.1.0.nrjavaserial.jar" />
    <property name="timeout" value="2400000" />
    <property name="test.batch" value="**/junit/*.java" />
    <property name="env._" value="/usr/bin/timeout" />
    <property name="java.io.tmpdir" value="/tmp" />
    <property name="user.language" value="en" />
    <property name="env.TRAVIS_INTERNAL_RUBY_REGEX" value="^ruby-(2\.[0-4]\.[0-9]|1\.9\.3)" />
    <property name="env.HISTCONTROL" value="ignoredups:ignorespace" />
    <property name="env.GOROOT" value="/home/travis/.gimme/versions/go1.11.1.linux.amd64" />
    <property name="line.separator" value="&#xa;" />
    <property name="target" value="11" />
    <property name="env.TRAVIS_BUILD_DIR" value="/home/travis/build/icyphy/ptII" />
    <property name="env.ANT_OPTS" value="-Xmx2048m" />
    <property name="ant.file.type" value="file" />
    <property name="ptolemy.ptII.batchMode" value="true" />
    <property name="env.HISTSIZE" value="1000" />
    <property name="env.MERB_ENV" value="test" />
    <property name="java.vm.info" value="mixed mode" />
    <property name="source" value="11" />
    <property name="java.vm.specification.name" value="Java Virtual Machine Specification" />
    <property name="env.TRAVIS_TEST_RESULT" value="0" />
    <property name="jsdoc.command" value="node_modules/@terraswarm/jsdoc/jsdoc.js" />
    <property name="npm.works" value="true" />
    <property name="cobertura.dir" value="/home/travis/build/icyphy/ptII/vendors/cobertura-2.0.3" />
    <property name="jsdoc.command.exists" value="true" />
    <property name="env.rvm_path" value="/home/travis/.rvm" />
    <property name="env.GEM_PATH" value="/home/travis/.rvm/gems/ruby-2.5.3:/home/travis/.rvm/gems/ruby-2.5.3@global" />
    <property name="env.LC_CTYPE" value="en_US.UTF-8" />
    <property name="env.TRAVIS_CMD" value="$PTII/bin/ptIITravisBuild.sh $SECONDS" />
    <property name="java.awt.printerjob" value="sun.print.PSPrinterJob" />
    <property name="env.TRAVIS_STACK_NAME" value="sardonyx" />
    <property name="env.TRAVIS_TIMER_START_TIME" value="1603813529718738796" />
    <property name="ant.version" value="Apache Ant(TM) version 1.10.1 compiled on February 2 2017" />
    <property name="ptII.reports" value="/home/travis/build/icyphy/ptII/reports" />
    <property name="env.TRAVIS_STACK_TIMESTAMP" value="2020-06-24 13:13:18 UTC" />
    <property name="ant.file.type.ptII" value="file" />
    <property name="env.RBENV_SHELL" value="bash" />
    <property name="os.name" value="Linux" />
    <property name="java.specification.vendor" value="Oracle Corporation" />
    <property name="env.rvm_version" value="1.29.10 (latest)" />
    <property name="env.TRAVIS_INFRA" value="unknown" />
    <property name="env.TERM" value="xterm" />
    <property name="java.vm.name" value="OpenJDK 64-Bit Server VM" />
    <property name="env.TRAVIS_BUILD_NUMBER" value="1812" />
    <property name="env.CI" value="true" />
    <property name="java.library.path" value="/home/travis/pthla/certi-tools/lib:/usr/lib/jni:/usr/local/share/OpenCV/java/:/usr/share/OpenCV/java::/usr/java/packages/lib:/usr/lib64:/lib64:/lib:/usr/lib" />
    <property name="jdk.module.path" value="/home/travis/build/icyphy/ptII/vendors/javafx/javafx-sdk-11.0.2/lib:" />
    <property name="env.rvm_prefix" value="/home/travis" />
    <property name="env.PATH" value="/home/travis/pthla/certi-tools/share/scripts:/home/travis/.rvm/gems/ruby-2.5.3/bin:/home/travis/.rvm/gems/ruby-2.5.3@global/bin:/home/travis/.rvm/rubies/ruby-2.5.3/bin:/home/travis/.rvm/bin:/home/travis/.nvm/versions/node/v7.10.1/bin:./node_modules/.bin:/home/travis/build/icyphy/ptII/bin:/home/travis/pthla/certi-tools/bin:/home/travis/bin:/home/travis/.local/bin:/usr/local/lib/jvm/openjdk11/bin:/opt/pyenv/shims:/home/travis/.phpenv/shims:/home/travis/perl5/perlbrew/bin:/home/travis/gopath/bin:/home/travis/.gimme/versions/go1.11.1.linux.amd64/bin:/usr/local/maven-3.6.3/bin:/usr/local/cmake-3.12.4/bin:/usr/local/clang-7.0.0/bin:/usr/local/sbin:/usr/local/bin:/usr/sbin:/usr/bin:/sbin:/bin:/snap/bin:/home/travis/.phpenv/bin:/opt/pyenv/bin:/home/travis/.yarn/bin" />
    <property name="env.TRAVIS_OS_NAME" value="linux" />
    <property name="ant.java.version" value="9" />
    <property name="basedir" value="/home/travis/build/icyphy/ptII" />
    <property name="java.class.version" value="55.0" />
    <property name="env.SHLVL" value="3" />
    <property name="env.LD_LIBRARY_PATH" value="/home/travis/pthla/certi-tools/lib:/usr/lib/jni:/usr/local/share/OpenCV/java/:/usr/share/OpenCV/java:" />
    <property name="env.RACK_ENV" value="test" />
    <property name="ant.home" value="/home/travis/build/icyphy/ptII/ant" />
    <property name="env.NVM_DIR" value="/home/travis/.nvm" />
    <property name="env.CERTI_FOM_PATH" value="/home/travis/pthla/certi-tools/share/federations" />
    <property name="env.TRAVIS_BUILD_ID" value="193546771" />
    <property name="env.PYENV_ROOT" value="/opt/pyenv" />
    <property name="env.TRAVIS_UID" value="2000" />
    <property name="prism.verbose" value="true" />
    <property name="env.NVM_BIN" value="/home/travis/.nvm/versions/node/v7.10.1/bin" />
    <property name="env.TRAVIS_COMMIT" value="8f4ad28aa53cc81362f26fdbf8d406fb619899a6" />
    <property name="node.executable" value="node" />
    <property name="sun.boot.library.path" value="/usr/local/lib/jvm/openjdk11/lib" />
    <property name="sun.management.compiler" value="HotSpot 64-Bit Tiered Compilers" />
    <property name="java.awt.graphicsenv" value="sun.awt.X11GraphicsEnvironment" />
    <property name="env.GOPATH" value="/home/travis/gopath" />
    <property name="ptolemy.ptII.dir" value="/home/travis/build/icyphy/ptII" />
    <property name="env.USER" value="travis" />
    <property name="env.HISTFILESIZE" value="2000" />
    <property name="env.NVM_INC" value="/home/travis/.nvm/versions/node/v7.10.1/include/node" />
    <property name="timeout.longest" value="19000000" />
    <property name="env.PERLBREW_SHELLRC_VERSION" value="0.88" />
    <property name="env.TRAVIS_STACK_FEATURES" value="basic couchdb disabled-ipv6 docker docker-compose elasticsearch firefox go-toolchain google-chrome jdk memcached mongodb mysql nodejs_interpreter perl_interpreter perlbrew phantomjs postgresql python_interpreter redis ruby_interpreter sqlite xserver" />
    <property name="env.TRAVIS_PULL_REQUEST" value="false" />
    <property name="env.PYENV_SHELL" value="bash" />
    <property name="ant.project.name" value="ptII" />
    <property name="env.ANSI_RESET" value="\033[0m" />
    <property name="java.vm.specification.version" value="11" />
    <property name="env.TRAVIS_DIST" value="xenial" />
    <property name="env.CERTI_VERSION" value="4.0.0" />
    <property name="env.CERTI_HOST" value="localhost" />
    <property name="awt.toolkit" value="sun.awt.X11.XToolkit" />
    <property name="env.MY_RUBY_HOME" value="/home/travis/.rvm/rubies/ruby-2.5.3" />
    <property name="sun.cpu.isalist" value="" />
    <property name="env.TRAVIS_TMPDIR" value="/tmp/tmp.IW7YABbL9Z" />
    <property name="java.vm.compressedOopsMode" value="Zero based" />
    <property name="os.version" value="4.15.0-1077-gcp" />
    <property name="user.home" value="/home/travis" />
    <property name="java.vm.vendor" value="Oracle Corporation" />
    <property name="env.TRAVIS_TAG" value="nightly" />
    <property name="env.ANSI_YELLOW" value="\033[33;1m" />
    <property name="env.TRAVIS_FILTERED" value="redirect_io" />
    <property name="env.ANSI_GREEN" value="\033[32;1m" />
    <property name="env.JAVA_HOME" value="/usr/local/lib/jvm/openjdk11" />
    <property name="javadoc.excludepackagenames" value="adm.cvs2svn.*,build.*,config.*,doc.coding.templates.*,jni.test.jni.meaningOfLife.*,jni.test.jni.testDeux.*,jni.test.jni.testTrois.*,org.terraswarm.accessor.accessors.web.node_modules.*,org.terraswarm.accessor.accessors.web.hosts.cordova.demo.*,org.terraswarm.accessor.accessors.web.hosts.cordova.plugins.*,org.terraswarm.accessor.accessors-svn.*,pt-modules.*,ptolemy.apps.agilent.*,ptolemy.apps.anytimecontrol.*,ptolemy.apps.apes.*,ptolemy.apps.charon.*,ptolemy.apps.crazyboard.*,ptolemy.apps.eclipse.*,ptolemy.apps.etherealSting.*,ptolemy.apps.fullscreen.*,ptolemy.apps.giotto.*,ptolemy.apps.ia.*,ptolemy.apps.interfaces.*,ptolemy.apps.jmf.*,ptolemy.apps.kurt.*,ptolemy.apps.kvm.*,ptolemy.apps.lego.*,ptolemy.apps.lejos.*,ptolemy.apps.midp.*,ptolemy.apps.mobileCoding.*,ptolemy.apps.pendulum.*,ptolemy.apps.rijndael.*,ptolemy.apps.robot.*,ptolemy.apps.security.*,ptolemy.apps.sobel.*,ptolemy.apps.soot.*,ptolemy.apps.throttle.*,ptolemy.apps.tini.*,ptolemy.apps.transmission.*,ptolemy.apps.vergil.*,ptolemy.apps.waba.*,ptolemy.apps.websensor.*,ptolemy.apps.webstart.*,ptolemy.apps.xsl.*,ptolemy.apps.zaurus.*,ptolemy.codegen.c.actor.lib.oldJavaFiles.*,ptolemy.codegen.dsp.lib.*,ptolemy.codegen.kernel.newInterfaces.*,ptolemy.codegen.lib.*,ptolemy.copernicus.kernel.fragment.*,ptolemy.copernicus.shallow.cg.*,ptolemy.domains.giotto.demo.Hierarchy.Hierarchy.*,ptolemy.domains.giotto.demo.Multimode.Multimode.*,ptolemy.domains.giotto.demo.Simple.Simple.*,ptolemy.domains.gr.lib.experimental.*,ptolemy.domains.gro.*,ptolemy.domains.pdf.*,ptolemy.domains.ptinyos.demo.Surge.output.*,ptolemy.moml.test.NoPackageActor.java*,ptolemy.plot.adm.*,ptolemy.plot.servlet.*,reports.*,signed.*,src.*,target.*,vendors.*,ptolemy.copernicus.applet.*,ptolemy.media.viewer.*,ptolemy.actor.corba.*,doc.doclets.*,ptolemy.apps.eclipse.awt.*,ptolemy.backtrack.*,ptolemy.backtrack.ast.*,ptolemy.cg.adapter.generic.program.procedural.c.mbed*,ptolemy.homer.*,ptolemy.actor.lib.jai.*,org.ptolemy.scala.*,diva.util.java2d.svg.*,ptolemy.domains.ptinyos.*,ptolemy.actor.lib.fmi.fmipp.*,,org.terraswarm.accessor.accessors.web.node_modules.*,org.terraswarm.accessor.accessors-svn,ptolemy.apps.*,ptolemy.actor.ptalon.demo.ptinyos.SendAndReceiveCnt.output,ptolemy.actor.ptalon.demo.ptinyos.SenseToLeds.output,ptolemy.domains.ptinyos.demo.CntToLedsAndRfm.output,ptolemy.domains.ptinyos.demo.RfmToLeds.output,ptolemy.domains.ptinyos.demo.SendAndReceiveCnt.output,ptolemy.domains.ptinyos.demo.SenseToLeds.output,ptolemy.actor.lib.jjs.modules.udpSocket.*" />
    <property name="env.PTII" value="/home/travis/build/icyphy/ptII" />
    <property name="env.XDG_SESSION_ID" value="2" />
    <property name="keystore" value="ptKeystore" />
    <property name="env.TRAVIS_COMMIT_MESSAGE" value="Fixing federation name in some FED files and data types in some FDD files." />
    <property name="junit.output.dir" value="/home/travis/build/icyphy/ptII/reports/junit" />
    <property name="npm.return.code" value="0" />
    <property name="user.dir" value="/home/travis/build/icyphy/ptII/ptolemy/actor/lib/test" />
    <property name="env.TRAVIS_NODE_VERSION" value="7" />
    <property name="env.TRAVIS_EVENT_TYPE" value="cron" />
    <property name="env.MAIL" value="/var/mail/travis" />
    <property name="env.PERLBREW_ROOT" value="/home/travis/perl5/perlbrew" />
    <property name="env.PWD" value="/home/travis/build/icyphy/ptII" />
    <property name="timeout.npm" value="45000" />
    <property name="env.TRAVIS_ARCH" value="amd64" />
    <property name="sun.cpu.endian" value="little" />
    <property name="env.PAGER" value="cat" />
    <property name="env.TRAVIS_BUILD_STAGE_NAME" value="test" />
    <property name="env.PERLBREW_HOME" value="/home/travis/.perlbrew" />
    <property name="java.vm.version" value="11.0.2+9" />
    <property name="env.RAILS_ENV" value="test" />
    <property name="java.class.path" value="/home/travis/.ptolemyII:/home/travis/.ptolemyII/*:/home/travis/build/icyphy/ptII:/home/travis/build/icyphy/ptII/lib/bsh-2.0b4.jar:/home/travis/build/icyphy/ptII/lib/ptCal.jar:/home/travis/build/icyphy/ptII/lib/java_cup.jar:/home/travis/build/icyphy/ptII/lib/saxon8.jar:/home/travis/build/icyphy/ptII/lib/saxon8-dom.jar:/home/travis/build/icyphy/ptII/lib/chic.jar:/home/travis/build/icyphy/ptII/lib/ptcolt.jar:/home/travis/build/icyphy/ptII/vendors/misc/itext/iText.jar:/home/travis/build/icyphy/ptII/lib/g4ltl.jar:/home/travis/build/icyphy/ptII/lib/StructuralCoder.jar:/home/travis/build/icyphy/ptII/lib/jcerti.jar:/home/travis/build/icyphy/ptII/lib/javax.mail.jar:/home/travis/build/icyphy/ptII/vendors/JMF-2.1.1e/lib/jmf.jar:/home/travis/build/icyphy/ptII/lib/jna-4.0.0-variadic.jar:/home/travis/build/icyphy/ptII/vendors/misc/joystick/Joystick.jar:/home/travis/build/icyphy/ptII/lib/ptjacl.jar:/home/travis/build/icyphy/ptII/lib/jsoup-1.8.2.jar:/home/travis/build/icyphy/ptII/lib/junit-4.8.2.jar:/home/travis/build/icyphy/ptII/lib/JUnitParams-0.4.0.jar:/home/travis/build/icyphy/ptII/ptolemy/actor/lib/excel/jxl.jar:/home/travis/build/icyphy/ptII/lib/jython.jar:/home/travis/build/icyphy/ptII/lib/kieler.jar:/home/travis/build/icyphy/ptII/vendors/opencv/share/OpenCV/java/opencv-341.jar:/home/travis/build/icyphy/ptII/lib/oscP5.jar:/home/travis/build/icyphy/ptII/lib/nrjavaserial-3.11.0.devel.jar:/home/travis/build/icyphy/ptII/vendors/j3d/lib/Linux/j3dcore.jar:/home/travis/build/icyphy/ptII/vendors/j3d/lib/Linux/j3dutils.jar:/home/travis/build/icyphy/ptII/vendors/j3d/lib/Linux/vecmath.jar:/home/travis/build/icyphy/ptII/vendors/jogl/lib/Linux/gluegen-rt-natives-linux-amd64.jar:/home/travis/build/icyphy/ptII/vendors/jogl/lib/Linux/gluegen-rt.jar:/home/travis/build/icyphy/ptII/vendors/jogl/lib/Linux/jogl-all-natives-linux-amd64.jar:/home/travis/build/icyphy/ptII/vendors/jogl/lib/Linux/jogl-all.jar:/home/travis/build/icyphy/ptII/ptolemy/distributed/jini/jar/jini-core.jar:/home/travis/build/icyphy/ptII/ptolemy/distributed/jini/jar/jini-ext.jar:/home/travis/build/icyphy/ptII/ptolemy/distributed/jini/jar/sun-util.jar:/home/travis/build/icyphy/ptII/lib/protobuf-java-2.4.1.jar:/home/travis/build/icyphy/ptII/lib/org.eclipse.paho.client.mqttv3.jar:/home/travis/build/icyphy/ptII/lib/mapss.jar:/home/travis/build/icyphy/ptII/ptolemy/actor/ptalon/antlr/antlr.jar:/home/travis/build/icyphy/ptII/lib/JRI.jar:/home/travis/build/icyphy/ptII/lib/commons-lang-2.6.jar:/home/travis/build/icyphy/ptII/lib/commons-logging-1.1.1.jar:/home/travis/build/icyphy/ptII/lib/sootclasses.jar:/home/travis/build/icyphy/ptII/ptolemy/actor/lib/database/mysql-connector-java-5.1.6-bin.jar:/home/travis/build/icyphy/ptII/vendors/misc/sphinx4/sphinx4-data-5prealpha.jar:/home/travis/build/icyphy/ptII/vendors/misc/sphinx4/sphinx4-core-5prealpha.jar:/home/travis/build/icyphy/ptII/lib/PDFRenderer.jar:/home/travis/build/icyphy/ptII/lib/svgSalamander.jar:/home/travis/build/icyphy/ptII/lib/rsyntaxtextarea-2.6.0-SNAPSHOT.jar:/home/travis/build/icyphy/ptII/lib/hazelcast-3.8.2.jar:/home/travis/build/icyphy/ptII/lib/jackson-annotations-2.9.0.jar:/home/travis/build/icyphy/ptII/lib/jackson-core-2.9.3.jar:/home/travis/build/icyphy/ptII/lib/jackson-databind-2.9.3.jar:/home/travis/build/icyphy/ptII/lib/netty-buffer-4.1.19.Final.jar:/home/travis/build/icyphy/ptII/lib/netty-codec-4.1.19.Final.jar:/home/travis/build/icyphy/ptII/lib/netty-codec-dns-4.1.19.Final.jar:/home/travis/build/icyphy/ptII/lib/netty-codec-http-4.1.19.Final.jar:/home/travis/build/icyphy/ptII/lib/netty-codec-http2-4.1.19.Final.jar:/home/travis/build/icyphy/ptII/lib/netty-common-4.1.19.Final.jar:/home/travis/build/icyphy/ptII/lib/netty-handler-4.1.19.Final.jar:/home/travis/build/icyphy/ptII/lib/netty-resolver-4.1.19.Final.jar:/home/travis/build/icyphy/ptII/lib/netty-resolver-dns-4.1.19.Final.jar:/home/travis/build/icyphy/ptII/lib/netty-transport-4.1.19.Final.jar:/home/travis/build/icyphy/ptII/lib/vertx-codegen-3.5.1.jar:/home/travis/build/icyphy/ptII/lib/vertx-core-3.5.2-SNAPSHOT.jar:/home/travis/build/icyphy/ptII/lib/vertx-hazelcast-3.5.1.jar:/home/travis/build/icyphy/ptII/lib/vertx-lang-js-3.5.1.jar:/home/travis/build/icyphy/ptII/lib/vertx-service-proxy-3.5.1.jar:/home/travis/build/icyphy/ptII/lib/vertx-web-3.5.1.jar:/home/travis/build/icyphy/ptII/lib/slf4j-api-1.7.13.jar:/home/travis/build/icyphy/ptII/lib/slf4j-simple-1.7.13.jar:/home/travis/build/icyphy/ptII/lib/webcam-capture-0.3.12.jar:/home/travis/build/icyphy/ptII/lib/bridj-0.7.0.jar:/home/travis/build/icyphy/ptII/lib/xbjlib-1.1.0.nrjavaserial.jar:/home/travis/build/icyphy/ptII/ptolemy/moml/test:/home/travis/build/icyphy/ptII/ant/lib/ant-launcher.jar:/home/travis/build/icyphy/ptII/ant/lib/ant.jar:/home/travis/build/icyphy/ptII/ant/lib/ant-junit.jar:/home/travis/build/icyphy/ptII/ant/lib/ant-junit4.jar" />
    <property name="ant.library.dir" value="/home/travis/build/icyphy/ptII/ant/lib" />
    <property name="os.arch" value="amd64" />
    <property name="env.CONTINUOUS_INTEGRATION" value="true" />
    <property name="env.TRAVIS_LANGUAGE" value="node_js" />
    <property name="env.TRAVIS_STACK_LANGUAGES" value="__sardonyx__ c c++ clojure cplusplus cpp default generic go groovy java node_js php pure_java python ruby scala" />
    <property name="test.name" value="ptolemy.actor.lib.test.junit.JUnitTclTest" />
    <property name="env.APT_KEY_DONT_WARN_ON_DANGEROUS_USAGE" value="1" />
    <property name="sun.java.launcher" value="SUN_STANDARD" />
    <property name="env.PYTHON_CONFIGURE_OPTS" value="--enable-unicode=ucs4 --with-wide-unicode --enable-shared --enable-ipv6 --enable-loadable-sqlite-extensions --with-computed-gotos" />
    <property name="ant.core.lib" value="/home/travis/build/icyphy/ptII/ant/lib/ant.jar" />
    <property name="java.vm.specification.vendor" value="Oracle Corporation" />
    <property name="env.BCVTB_HOME" value="/home/travis/build/icyphy/ptII/lbnl" />
    <property name="file.separator" value="/" />
    <property name="spotbugs.home" value="/home/travis/build/icyphy/ptII/vendors/spotbugs-3.1.1" />
    <property name="java.runtime.version" value="11.0.2+9" />
    <property name="env.ANSI_CLEAR" value="\033[0K" />
    <property name="javafx.verbose" value="true" />
    <property name="env.HAS_JOSH_K_SEAL_OF_APPROVAL" value="true" />
    <property name="env.XDG_RUNTIME_DIR" value="/run/user/2000" />
    <property name="env.TRAVIS_OSX_IMAGE" value="" />
    <property name="env.TRAVIS_JOB_ID" value="410312745" />
    <property name="env.TRAVIS_BRANCH" value="master" />
    <property name="user.country" value="US" />
    <property name="env.CERTI_HOME_TRAVIS" value="/home/travis/pthla/certi-tools" />
    <property name="env.SHELL" value="/bin/bash" />
    <property name="java.maxmemory.large" value="3200m" />
    <property name="model" value="" />
    <property name="env.CASHER_DIR" value="/home/travis/.casher" />
    <property name="env.NVM_CD_FLAGS" value="" />
    <property name="java.vendor.version" value="18.9" />
    <property name="jshint.executable" value="/home/travis/node_modules/jshint/bin/jshint" />
    <property name="env.JRUBY_OPTS" value=" --client -J-XX:+TieredCompilation -J-XX:TieredStopAtLevel=1 -J-Xss2m -Xcompile.invokedynamic=false" />
    <property name="java.vendor" value="Oracle Corporation" />
    <property name="env.TRAVIS_PRE_CHEF_BOOTSTRAP_TIME" value="2020-06-24T13:13:03" />
    <property name="env.TRAVIS_STACK_JOB_BOARD_REGISTER" value="/.job-board-register.yml" />
    <property name="env.ANSI_RED" value="\033[31;1m" />
    <property name="java.specification.version" value="11" />
    <property name="env.IRBRC" value="/home/travis/.rvm/rubies/ruby-2.5.3/.irbrc" />
    <property name="env.TRAVIS" value="true" />
    <property name="sun.arch.data.model" value="64" />
  </properties>
  <testcase classname="ptolemy.util.test.junit.TclTests" name="[0] /home/travis/build/icyphy/ptII/ptolemy/actor/lib/test/AbsoluteValue.tcl (RunTclFile)" time="0.654" />
  <testcase classname="ptolemy.util.test.junit.TclTests" name="[1] /home/travis/build/icyphy/ptII/ptolemy/actor/lib/test/AddSubtract.tcl (RunTclFile)" time="0.185" />
  <testcase classname="ptolemy.util.test.junit.TclTests" name="[2] /home/travis/build/icyphy/ptII/ptolemy/actor/lib/test/Average.tcl (RunTclFile)" time="0.085" />
  <testcase classname="ptolemy.util.test.junit.TclTests" name="[3] /home/travis/build/icyphy/ptII/ptolemy/actor/lib/test/Bernoulli.tcl (RunTclFile)" time="0.046" />
  <testcase classname="ptolemy.util.test.junit.TclTests" name="[4] /home/travis/build/icyphy/ptII/ptolemy/actor/lib/test/Clock.tcl (RunTclFile)" time="0.131" />
  <testcase classname="ptolemy.util.test.junit.TclTests" name="[5] /home/travis/build/icyphy/ptII/ptolemy/actor/lib/test/Commutator.tcl (RunTclFile)" time="0.191" />
  <testcase classname="ptolemy.util.test.junit.TclTests" name="[6] /home/travis/build/icyphy/ptII/ptolemy/actor/lib/test/Const.tcl (RunTclFile)" time="0.139" />
  <testcase classname="ptolemy.util.test.junit.TclTests" name="[7] /home/travis/build/icyphy/ptII/ptolemy/actor/lib/test/CurrentTime.tcl (RunTclFile)" time="0.048" />
  <testcase classname="ptolemy.util.test.junit.TclTests" name="[8] /home/travis/build/icyphy/ptII/ptolemy/actor/lib/test/DB.tcl (RunTclFile)" time="0.023" />
  <testcase classname="ptolemy.util.test.junit.TclTests" name="[9] /home/travis/build/icyphy/ptII/ptolemy/actor/lib/test/DiscreteRandomSource.tcl (RunTclFile)" time="0.029" />
  <testcase classname="ptolemy.util.test.junit.TclTests" name="[10] /home/travis/build/icyphy/ptII/ptolemy/actor/lib/test/Distributor.tcl (RunTclFile)" time="0.077" />
  <testcase classname="ptolemy.util.test.junit.TclTests" name="[11] /home/travis/build/icyphy/ptII/ptolemy/actor/lib/test/Exit.tcl (RunTclFile)" time="0.084" />
  <testcase classname="ptolemy.util.test.junit.TclTests" name="[12] /home/travis/build/icyphy/ptII/ptolemy/actor/lib/test/Expression.tcl (RunTclFile)" time="0.14" />
  <testcase classname="ptolemy.util.test.junit.TclTests" name="[13] /home/travis/build/icyphy/ptII/ptolemy/actor/lib/test/Gaussian.tcl (RunTclFile)" time="0.606" />
  <testcase classname="ptolemy.util.test.junit.TclTests" name="[14] /home/travis/build/icyphy/ptII/ptolemy/actor/lib/test/IIR.tcl (RunTclFile)" time="0.041" />
  <testcase classname="ptolemy.util.test.junit.TclTests" name="[15] /home/travis/build/icyphy/ptII/ptolemy/actor/lib/test/Interpolator.tcl (RunTclFile)" time="0.061" />
  <testcase classname="ptolemy.util.test.junit.TclTests" name="[16] /home/travis/build/icyphy/ptII/ptolemy/actor/lib/test/MathFunction.tcl (RunTclFile)" time="0.087" />
  <testcase classname="ptolemy.util.test.junit.TclTests" name="[17] /home/travis/build/icyphy/ptII/ptolemy/actor/lib/test/Maximum.tcl (RunTclFile)" time="0.044" />
  <testcase classname="ptolemy.util.test.junit.TclTests" name="[18] /home/travis/build/icyphy/ptII/ptolemy/actor/lib/test/Minimum.tcl (RunTclFile)" time="0.03" />
  <testcase classname="ptolemy.util.test.junit.TclTests" name="[19] /home/travis/build/icyphy/ptII/ptolemy/actor/lib/test/MultiplyDivide.tcl (RunTclFile)" time="0.045" />
  <testcase classname="ptolemy.util.test.junit.TclTests" name="[20] /home/travis/build/icyphy/ptII/ptolemy/actor/lib/test/OrderedMerge.tcl (RunTclFile)" time="0.127" />
  <testcase classname="ptolemy.util.test.junit.TclTests" name="[21] /home/travis/build/icyphy/ptII/ptolemy/actor/lib/test/Publisher.tcl (RunTclFile)" time="0.981" />
  <testcase classname="ptolemy.util.test.junit.TclTests" name="[22] /home/travis/build/icyphy/ptII/ptolemy/actor/lib/test/Pulse.tcl (RunTclFile)" time="0.065" />
  <testcase classname="ptolemy.util.test.junit.TclTests" name="[23] /home/travis/build/icyphy/ptII/ptolemy/actor/lib/test/Ramp.tcl (RunTclFile)" time="2.169" />
  <testcase classname="ptolemy.util.test.junit.TclTests" name="[24] /home/travis/build/icyphy/ptII/ptolemy/actor/lib/test/RampContinuous.tcl (RunTclFile)" time="0.02" />
  <testcase classname="ptolemy.util.test.junit.TclTests" name="[25] /home/travis/build/icyphy/ptII/ptolemy/actor/lib/test/RecordAssembler.tcl (RunTclFile)" time="0.018" />
  <testcase classname="ptolemy.util.test.junit.TclTests" name="[26] /home/travis/build/icyphy/ptII/ptolemy/actor/lib/test/RecordDisassembler.tcl (RunTclFile)" time="0.021" />
  <testcase classname="ptolemy.util.test.junit.TclTests" name="[27] /home/travis/build/icyphy/ptII/ptolemy/actor/lib/test/Scale.tcl (RunTclFile)" time="0.019" />
  <testcase classname="ptolemy.util.test.junit.TclTests" name="[28] /home/travis/build/icyphy/ptII/ptolemy/actor/lib/test/SequentialClock.tcl (RunTclFile)" time="0.014" />
  <testcase classname="ptolemy.util.test.junit.TclTests" name="[29] /home/travis/build/icyphy/ptII/ptolemy/actor/lib/test/SetVariable.tcl (RunTclFile)" time="0.011" />
  <testcase classname="ptolemy.util.test.junit.TclTests" name="[30] /home/travis/build/icyphy/ptII/ptolemy/actor/lib/test/Sinewave.tcl (RunTclFile)" time="0.026" />
  <testcase classname="ptolemy.util.test.junit.TclTests" name="[31] /home/travis/build/icyphy/ptII/ptolemy/actor/lib/test/SubscriptionAggregator.tcl (RunTclFile)" time="2.294" />
  <testcase classname="ptolemy.util.test.junit.TclTests" name="[32] /home/travis/build/icyphy/ptII/ptolemy/actor/lib/test/Test.tcl (RunTclFile)" time="0.087" />
  <testcase classname="ptolemy.util.test.junit.TclTests" name="[33] /home/travis/build/icyphy/ptII/ptolemy/actor/lib/test/TestExceptionHandler.tcl (RunTclFile)" time="0.013" />
  <testcase classname="ptolemy.util.test.junit.TclTests" name="[34] /home/travis/build/icyphy/ptII/ptolemy/actor/lib/test/UnionDisassembler.tcl (RunTclFile)" time="0.072" />
  <testcase classname="ptolemy.util.test.junit.TclTests" name="[35] /home/travis/build/icyphy/ptII/ptolemy/actor/lib/test/VariableClock.tcl (RunTclFile)" time="0.032" />
  <testcase classname="ptolemy.util.test.junit.AutoKnownFailedTests" name="[0] /home/travis/build/icyphy/ptII/ptolemy/actor/lib/test/auto/knownFailedTests/PublisherPortToplevelSubscriber.xml (RunModel)" time="0.034" />
  <testcase classname="ptolemy.util.test.junit.AutoKnownFailedTests" name="[1] /home/travis/build/icyphy/ptII/ptolemy/actor/lib/test/auto/knownFailedTests/PublisherSubscriberPortToplevel.xml (RunModel)" time="0.023" />
  <testcase classname="ptolemy.util.test.junit.AutoKnownFailedTests" name="[2] /home/travis/build/icyphy/ptII/ptolemy/actor/lib/test/auto/knownFailedTests/PublisherSubscriptionAggregatorPort.xml (RunModel)" time="0.021" />
  <testcase classname="ptolemy.util.test.junit.AutoKnownFailedTests" name="[3] /home/travis/build/icyphy/ptII/ptolemy/actor/lib/test/auto/knownFailedTests/sizedarray3.xml (RunModel)" time="0.03" />
  <testcase classname="ptolemy.util.test.junit.AutoNameArchTests" name="[0] ThereAreNoAutoArchTests (RunModel)" time="0.004" />
  <testcase classname="ptolemy.util.test.junit.AutoTests" name="[0] /home/travis/build/icyphy/ptII/ptolemy/actor/lib/test/auto/AbsoluteValue.xml (RunModel)" time="0.171" />
  <testcase classname="ptolemy.util.test.junit.AutoTests" name="[1] /home/travis/build/icyphy/ptII/ptolemy/actor/lib/test/auto/AbsoluteValue2.xml (RunModel)" time="0.067" />
  <testcase classname="ptolemy.util.test.junit.AutoTests" name="[2] /home/travis/build/icyphy/ptII/ptolemy/actor/lib/test/auto/Accumulator.xml (RunModel)" time="0.064" />
  <testcase classname="ptolemy.util.test.junit.AutoTests" name="[3] /home/travis/build/icyphy/ptII/ptolemy/actor/lib/test/auto/Accumulator2.xml (RunModel)" time="0.052" />
  <testcase classname="ptolemy.util.test.junit.AutoTests" name="[4] /home/travis/build/icyphy/ptII/ptolemy/actor/lib/test/auto/Accumulator3.xml (RunModel)" time="0.051" />
  <testcase classname="ptolemy.util.test.junit.AutoTests" name="[5] /home/travis/build/icyphy/ptII/ptolemy/actor/lib/test/auto/ArrayAppend.xml (RunModel)" time="0.032" />
  <testcase classname="ptolemy.util.test.junit.AutoTests" name="[6] /home/travis/build/icyphy/ptII/ptolemy/actor/lib/test/auto/ArrayAppend2.xml (RunModel)" time="0.419" />
  <testcase classname="ptolemy.util.test.junit.AutoTests" name="[7] /home/travis/build/icyphy/ptII/ptolemy/actor/lib/test/auto/ArrayAppend3.xml (RunModel)" time="0.026" />
  <testcase classname="ptolemy.util.test.junit.AutoTests" name="[8] /home/travis/build/icyphy/ptII/ptolemy/actor/lib/test/auto/ArrayAppend4.xml (RunModel)" time="0.02" />
  <testcase classname="ptolemy.util.test.junit.AutoTests" name="[9] /home/travis/build/icyphy/ptII/ptolemy/actor/lib/test/auto/ArrayAppend5.xml (RunModel)" time="0.017" />
  <testcase classname="ptolemy.util.test.junit.AutoTests" name="[10] /home/travis/build/icyphy/ptII/ptolemy/actor/lib/test/auto/ArrayAppend6.xml (RunModel)" time="0.02" />
  <testcase classname="ptolemy.util.test.junit.AutoTests" name="[11] /home/travis/build/icyphy/ptII/ptolemy/actor/lib/test/auto/ArrayAppendPerformanceTest.xml (RunModel)" time="0.114" />
  <testcase classname="ptolemy.util.test.junit.AutoTests" name="[12] /home/travis/build/icyphy/ptII/ptolemy/actor/lib/test/auto/ArrayAppendWithEmptyInput.xml (RunModel)" time="0.07" />
  <testcase classname="ptolemy.util.test.junit.AutoTests" name="[13] /home/travis/build/icyphy/ptII/ptolemy/actor/lib/test/auto/ArrayAverage.xml (RunModel)" time="0.053" />
  <testcase classname="ptolemy.util.test.junit.AutoTests" name="[14] /home/travis/build/icyphy/ptII/ptolemy/actor/lib/test/auto/ArrayContains.xml (RunModel)" time="0.055" />
  <testcase classname="ptolemy.util.test.junit.AutoTests" name="[15] /home/travis/build/icyphy/ptII/ptolemy/actor/lib/test/auto/ArrayElement.xml (RunModel)" time="0.037" />
  <testcase classname="ptolemy.util.test.junit.AutoTests" name="[16] /home/travis/build/icyphy/ptII/ptolemy/actor/lib/test/auto/ArrayElementAsMatrix.xml (RunModel)" time="0.057" />
  <testcase classname="ptolemy.util.test.junit.AutoTests" name="[17] /home/travis/build/icyphy/ptII/ptolemy/actor/lib/test/auto/ArrayElementI.xml (RunModel)" time="0.015" />
  <testcase classname="ptolemy.util.test.junit.AutoTests" name="[18] /home/travis/build/icyphy/ptII/ptolemy/actor/lib/test/auto/ArrayExtract.xml (RunModel)" time="0.032" />
  <testcase classname="ptolemy.util.test.junit.AutoTests" name="[19] /home/travis/build/icyphy/ptII/ptolemy/actor/lib/test/auto/ArrayExtract2.xml (RunModel)" time="0.023" />
  <testcase classname="ptolemy.util.test.junit.AutoTests" name="[20] /home/travis/build/icyphy/ptII/ptolemy/actor/lib/test/auto/ArrayLength.xml (RunModel)" time="0.026" />
  <testcase classname="ptolemy.util.test.junit.AutoTests" name="[21] /home/travis/build/icyphy/ptII/ptolemy/actor/lib/test/auto/ArrayLevelCrossing.xml (RunModel)" time="0.04" />
  <testcase classname="ptolemy.util.test.junit.AutoTests" name="[22] /home/travis/build/icyphy/ptII/ptolemy/actor/lib/test/auto/ArrayLevelCrossing2.xml (RunModel)" time="0.025" />
  <testcase classname="ptolemy.util.test.junit.AutoTests" name="[23] /home/travis/build/icyphy/ptII/ptolemy/actor/lib/test/auto/ArrayPeakSearch.xml (RunModel)" time="0.052" />
  <testcase classname="ptolemy.util.test.junit.AutoTests" name="[24] /home/travis/build/icyphy/ptII/ptolemy/actor/lib/test/auto/ArrayPeakSearch2.xml (RunModel)" time="0.043" />
  <testcase classname="ptolemy.util.test.junit.AutoTests" name="[25] /home/travis/build/icyphy/ptII/ptolemy/actor/lib/test/auto/ArrayPeakSearch3.xml (RunModel)" time="0.039" />
  <testcase classname="ptolemy.util.test.junit.AutoTests" name="[26] /home/travis/build/icyphy/ptII/ptolemy/actor/lib/test/auto/ArrayRemoveElement.xml (RunModel)" time="0.033" />
  <testcase classname="ptolemy.util.test.junit.AutoTests" name="[27] /home/travis/build/icyphy/ptII/ptolemy/actor/lib/test/auto/ArraySort.xml (RunModel)" time="0.039" />
  <testcase classname="ptolemy.util.test.junit.AutoTests" name="[28] /home/travis/build/icyphy/ptII/ptolemy/actor/lib/test/auto/ArraySum.xml (RunModel)" time="0.022" />
  <testcase classname="ptolemy.util.test.junit.AutoTests" name="[29] /home/travis/build/icyphy/ptII/ptolemy/actor/lib/test/auto/ArrayToElements.xml (RunModel)" time="0.036" />
  <testcase classname="ptolemy.util.test.junit.AutoTests" name="[30] /home/travis/build/icyphy/ptII/ptolemy/actor/lib/test/auto/ArrayToMatrix.xml (RunModel)" time="0.058" />
  <testcase classname="ptolemy.util.test.junit.AutoTests" name="[31] /home/travis/build/icyphy/ptII/ptolemy/actor/lib/test/auto/ArrayUpdate1.xml (RunModel)" time="0.017" />
  <testcase classname="ptolemy.util.test.junit.AutoTests" name="[32] /home/travis/build/icyphy/ptII/ptolemy/actor/lib/test/auto/ArrayUpdate2.xml (RunModel)" time="0.022" />
  <testcase classname="ptolemy.util.test.junit.AutoTests" name="[33] /home/travis/build/icyphy/ptII/ptolemy/actor/lib/test/auto/ArrayUpdate3.xml (RunModel)" time="0.023" />
  <testcase classname="ptolemy.util.test.junit.AutoTests" name="[34] /home/travis/build/icyphy/ptII/ptolemy/actor/lib/test/auto/Assert1.xml (RunModel)" time="0.037" />
  <testcase classname="ptolemy.util.test.junit.AutoTests" name="[35] /home/travis/build/icyphy/ptII/ptolemy/actor/lib/test/auto/Assert2.xml (RunModel)" time="0.012" />
  <testcase classname="ptolemy.util.test.junit.AutoTests" name="[36] /home/travis/build/icyphy/ptII/ptolemy/actor/lib/test/auto/BooleanMultiplexor.xml (RunModel)" time="0.016" />
  <testcase classname="ptolemy.util.test.junit.AutoTests" name="[37] /home/travis/build/icyphy/ptII/ptolemy/actor/lib/test/auto/BooleanMultiplexor2.xml (RunModel)" time="0.018" />
  <testcase classname="ptolemy.util.test.junit.AutoTests" name="[38] /home/travis/build/icyphy/ptII/ptolemy/actor/lib/test/auto/BooleanMultiplexor3.xml (RunModel)" time="0.013" />
  <testcase classname="ptolemy.util.test.junit.AutoTests" name="[39] /home/travis/build/icyphy/ptII/ptolemy/actor/lib/test/auto/BooleanSelect.xml (RunModel)" time="0.024" />
  <testcase classname="ptolemy.util.test.junit.AutoTests" name="[40] /home/travis/build/icyphy/ptII/ptolemy/actor/lib/test/auto/BooleanSelect2.xml (RunModel)" time="0.021" />
  <testcase classname="ptolemy.util.test.junit.AutoTests" name="[41] /home/travis/build/icyphy/ptII/ptolemy/actor/lib/test/auto/BooleanSwitch.xml (RunModel)" time="0.036" />
  <testcase classname="ptolemy.util.test.junit.AutoTests" name="[42] /home/travis/build/icyphy/ptII/ptolemy/actor/lib/test/auto/BooleanSwitch2.xml (RunModel)" time="0.019" />
  <testcase classname="ptolemy.util.test.junit.AutoTests" name="[43] /home/travis/build/icyphy/ptII/ptolemy/actor/lib/test/auto/BooleanSwitchCloningBugWithClassRelationGroup.xml (RunModel)" time="0.031" />
  <testcase classname="ptolemy.util.test.junit.AutoTests" name="[44] /home/travis/build/icyphy/ptII/ptolemy/actor/lib/test/auto/BusActors.xml (RunModel)" time="0.024" />
  <testcase classname="ptolemy.util.test.junit.AutoTests" name="[45] /home/travis/build/icyphy/ptII/ptolemy/actor/lib/test/auto/ClassWrapper.xml (RunModel)" time="0.011" />
  <testcase classname="ptolemy.util.test.junit.AutoTests" name="[46] /home/travis/build/icyphy/ptII/ptolemy/actor/lib/test/auto/Clock.xml (RunModel)" time="0.008" />
  <testcase classname="ptolemy.util.test.junit.AutoTests" name="[47] /home/travis/build/icyphy/ptII/ptolemy/actor/lib/test/auto/Clock10.xml (RunModel)" time="0.014" />
  <testcase classname="ptolemy.util.test.junit.AutoTests" name="[48] /home/travis/build/icyphy/ptII/ptolemy/actor/lib/test/auto/Clock11.xml (RunModel)" time="0.013" />
  <testcase classname="ptolemy.util.test.junit.AutoTests" name="[49] /home/travis/build/icyphy/ptII/ptolemy/actor/lib/test/auto/Clock12.xml (RunModel)" time="0.013" />
  <testcase classname="ptolemy.util.test.junit.AutoTests" name="[50] /home/travis/build/icyphy/ptII/ptolemy/actor/lib/test/auto/Clock13.xml (RunModel)" time="0.016" />
  <testcase classname="ptolemy.util.test.junit.AutoTests" name="[51] /home/travis/build/icyphy/ptII/ptolemy/actor/lib/test/auto/Clock14.xml (RunModel)" time="0.012" />
  <testcase classname="ptolemy.util.test.junit.AutoTests" name="[52] /home/travis/build/icyphy/ptII/ptolemy/actor/lib/test/auto/Clock15.xml (RunModel)" time="0.015" />
  <testcase classname="ptolemy.util.test.junit.AutoTests" name="[53] /home/travis/build/icyphy/ptII/ptolemy/actor/lib/test/auto/Clock16.xml (RunModel)" time="0.078" />
  <testcase classname="ptolemy.util.test.junit.AutoTests" name="[54] /home/travis/build/icyphy/ptII/ptolemy/actor/lib/test/auto/Clock17.xml (RunModel)" time="0.038" />
  <testcase classname="ptolemy.util.test.junit.AutoTests" name="[55] /home/travis/build/icyphy/ptII/ptolemy/actor/lib/test/auto/Clock18.xml (RunModel)" time="0.043" />
  <testcase classname="ptolemy.util.test.junit.AutoTests" name="[56] /home/travis/build/icyphy/ptII/ptolemy/actor/lib/test/auto/Clock19.xml (RunModel)" time="0.039" />
  <testcase classname="ptolemy.util.test.junit.AutoTests" name="[57] /home/travis/build/icyphy/ptII/ptolemy/actor/lib/test/auto/Clock2.xml (RunModel)" time="0.012" />
  <testcase classname="ptolemy.util.test.junit.AutoTests" name="[58] /home/travis/build/icyphy/ptII/ptolemy/actor/lib/test/auto/Clock20.xml (RunModel)" time="0.017" />
  <testcase classname="ptolemy.util.test.junit.AutoTests" name="[59] /home/travis/build/icyphy/ptII/ptolemy/actor/lib/test/auto/Clock21.xml (RunModel)" time="0.015" />
  <testcase classname="ptolemy.util.test.junit.AutoTests" name="[60] /home/travis/build/icyphy/ptII/ptolemy/actor/lib/test/auto/Clock22.xml (RunModel)" time="0.015" />
  <testcase classname="ptolemy.util.test.junit.AutoTests" name="[61] /home/travis/build/icyphy/ptII/ptolemy/actor/lib/test/auto/Clock23.xml (RunModel)" time="0.015" />
  <testcase classname="ptolemy.util.test.junit.AutoTests" name="[62] /home/travis/build/icyphy/ptII/ptolemy/actor/lib/test/auto/Clock24.xml (RunModel)" time="0.014" />
  <testcase classname="ptolemy.util.test.junit.AutoTests" name="[63] /home/travis/build/icyphy/ptII/ptolemy/actor/lib/test/auto/Clock4.xml (RunModel)" time="0.01" />
  <testcase classname="ptolemy.util.test.junit.AutoTests" name="[64] /home/travis/build/icyphy/ptII/ptolemy/actor/lib/test/auto/Clock5.xml (RunModel)" time="0.011" />
  <testcase classname="ptolemy.util.test.junit.AutoTests" name="[65] /home/travis/build/icyphy/ptII/ptolemy/actor/lib/test/auto/Clock6.xml (RunModel)" time="0.011" />
  <testcase classname="ptolemy.util.test.junit.AutoTests" name="[66] /home/travis/build/icyphy/ptII/ptolemy/actor/lib/test/auto/Clock7.xml (RunModel)" time="0.01" />
  <testcase classname="ptolemy.util.test.junit.AutoTests" name="[67] /home/travis/build/icyphy/ptII/ptolemy/actor/lib/test/auto/Clock8.xml (RunModel)" time="0.017" />
  <testcase classname="ptolemy.util.test.junit.AutoTests" name="[68] /home/travis/build/icyphy/ptII/ptolemy/actor/lib/test/auto/Clock9.xml (RunModel)" time="0.016" />
  <testcase classname="ptolemy.util.test.junit.AutoTests" name="[69] /home/travis/build/icyphy/ptII/ptolemy/actor/lib/test/auto/CommDistDiscard.xml (RunModel)" time="0.023" />
  <testcase classname="ptolemy.util.test.junit.AutoTests" name="[70] /home/travis/build/icyphy/ptII/ptolemy/actor/lib/test/auto/Commutator.xml (RunModel)" time="0.015" />
  <testcase classname="ptolemy.util.test.junit.AutoTests" name="[71] /home/travis/build/icyphy/ptII/ptolemy/actor/lib/test/auto/Commutator2.xml (RunModel)" time="0.009" />
  <testcase classname="ptolemy.util.test.junit.AutoTests" name="[72] /home/travis/build/icyphy/ptII/ptolemy/actor/lib/test/auto/Commutator3.xml (RunModel)" time="0.015" />
  <testcase classname="ptolemy.util.test.junit.AutoTests" name="[73] /home/travis/build/icyphy/ptII/ptolemy/actor/lib/test/auto/Compare.xml (RunModel)" time="0.021" />
  <testcase classname="ptolemy.util.test.junit.AutoTests" name="[74] /home/travis/build/icyphy/ptII/ptolemy/actor/lib/test/auto/CompareDE.xml (RunModel)" time="0.021" />
  <testcase classname="ptolemy.util.test.junit.AutoTests" name="[75] /home/travis/build/icyphy/ptII/ptolemy/actor/lib/test/auto/ComplexDivide.xml (RunModel)" time="0.01" />
  <testcase classname="ptolemy.util.test.junit.AutoTests" name="[76] /home/travis/build/icyphy/ptII/ptolemy/actor/lib/test/auto/ComputeHistogram.xml (RunModel)" time="0.063" />
  <testcase classname="ptolemy.util.test.junit.AutoTests" name="[77] /home/travis/build/icyphy/ptII/ptolemy/actor/lib/test/auto/ConfigurationSelect.xml (RunModel)" time="0.022" />
  <testcase classname="ptolemy.util.test.junit.AutoTests" name="[78] /home/travis/build/icyphy/ptII/ptolemy/actor/lib/test/auto/ConfigurationSelect2.xml (RunModel)" time="0.017" />
  <testcase classname="ptolemy.util.test.junit.AutoTests" name="[79] /home/travis/build/icyphy/ptII/ptolemy/actor/lib/test/auto/ConfigurationSwitch.xml (RunModel)" time="0.026" />
  <testcase classname="ptolemy.util.test.junit.AutoTests" name="[80] /home/travis/build/icyphy/ptII/ptolemy/actor/lib/test/auto/ConfigurationSwitch2.xml (RunModel)" time="0.035" />
  <testcase classname="ptolemy.util.test.junit.AutoTests" name="[81] /home/travis/build/icyphy/ptII/ptolemy/actor/lib/test/auto/ConfigurationSwitchCloningBugWithClassRelationGroup.xml (RunModel)" time="0.026" />
  <testcase classname="ptolemy.util.test.junit.AutoTests" name="[82] /home/travis/build/icyphy/ptII/ptolemy/actor/lib/test/auto/ConfigurationSwitchSelectSDF.xml (RunModel)" time="0.015" />
  <testcase classname="ptolemy.util.test.junit.AutoTests" name="[83] /home/travis/build/icyphy/ptII/ptolemy/actor/lib/test/auto/ConfigurationSwitchSelectSDF2.xml (RunModel)" time="0.019" />
  <testcase classname="ptolemy.util.test.junit.AutoTests" name="[84] /home/travis/build/icyphy/ptII/ptolemy/actor/lib/test/auto/Const.xml (RunModel)" time="0.007" />
  <testcase classname="ptolemy.util.test.junit.AutoTests" name="[85] /home/travis/build/icyphy/ptII/ptolemy/actor/lib/test/auto/Const2.xml (RunModel)" time="0.012" />
  <testcase classname="ptolemy.util.test.junit.AutoTests" name="[86] /home/travis/build/icyphy/ptII/ptolemy/actor/lib/test/auto/Const3.xml (RunModel)" time="0.006" />
  <testcase classname="ptolemy.util.test.junit.AutoTests" name="[87] /home/travis/build/icyphy/ptII/ptolemy/actor/lib/test/auto/ConstantPublisherPort1.xml (RunModel)" time="0.032" />
  <testcase classname="ptolemy.util.test.junit.AutoTests" name="[88] /home/travis/build/icyphy/ptII/ptolemy/actor/lib/test/auto/ConstantPublisherPort2.xml (RunModel)" time="0.029" />
  <testcase classname="ptolemy.util.test.junit.AutoTests" name="[89] /home/travis/build/icyphy/ptII/ptolemy/actor/lib/test/auto/ConstantPublisherPort3.xml (RunModel)" time="0.021" />
  <testcase classname="ptolemy.util.test.junit.AutoTests" name="[90] /home/travis/build/icyphy/ptII/ptolemy/actor/lib/test/auto/ConstantPublisherPort4.xml (RunModel)" time="0.016" />
  <testcase classname="ptolemy.util.test.junit.AutoTests" name="[91] /home/travis/build/icyphy/ptII/ptolemy/actor/lib/test/auto/ConstantPublisherPort5.xml (RunModel)" time="0.043" />
  <testcase classname="ptolemy.util.test.junit.AutoTests" name="[92] /home/travis/build/icyphy/ptII/ptolemy/actor/lib/test/auto/ConstantPublisherPort6.xml (RunModel)" time="0.042" />
  <testcase classname="ptolemy.util.test.junit.AutoTests" name="[93] /home/travis/build/icyphy/ptII/ptolemy/actor/lib/test/auto/ConstantPublisherPort7.xml (RunModel)" time="0.039" />
  <testcase classname="ptolemy.util.test.junit.AutoTests" name="[94] /home/travis/build/icyphy/ptII/ptolemy/actor/lib/test/auto/ConstraintMonitor1.xml (RunModel)" time="0.039" />
  <testcase classname="ptolemy.util.test.junit.AutoTests" name="[95] /home/travis/build/icyphy/ptII/ptolemy/actor/lib/test/auto/ConstraintMonitor2.xml (RunModel)" time="0.018" />
  <testcase classname="ptolemy.util.test.junit.AutoTests" name="[96] /home/travis/build/icyphy/ptII/ptolemy/actor/lib/test/auto/ConstraintMonitor3.xml (RunModel)" time="0.018" />
  <testcase classname="ptolemy.util.test.junit.AutoTests" name="[97] /home/travis/build/icyphy/ptII/ptolemy/actor/lib/test/auto/ConstraintMonitor4.xml (RunModel)" time="0.015" />
  <testcase classname="ptolemy.util.test.junit.AutoTests" name="[98] /home/travis/build/icyphy/ptII/ptolemy/actor/lib/test/auto/ConstraintMonitor5.xml (RunModel)" time="0.01" />
  <testcase classname="ptolemy.util.test.junit.AutoTests" name="[99] /home/travis/build/icyphy/ptII/ptolemy/actor/lib/test/auto/ConstraintMonitor6.xml (RunModel)" time="0.017" />
  <testcase classname="ptolemy.util.test.junit.AutoTests" name="[100] /home/travis/build/icyphy/ptII/ptolemy/actor/lib/test/auto/ConstraintMonitor7.xml (RunModel)" time="0.025" />
  <testcase classname="ptolemy.util.test.junit.AutoTests" name="[101] /home/travis/build/icyphy/ptII/ptolemy/actor/lib/test/auto/ConstraintMonitor8.xml (RunModel)" time="0.026" />
  <testcase classname="ptolemy.util.test.junit.AutoTests" name="[102] /home/travis/build/icyphy/ptII/ptolemy/actor/lib/test/auto/Counter.xml (RunModel)" time="0.015" />
  <testcase classname="ptolemy.util.test.junit.AutoTests" name="[103] /home/travis/build/icyphy/ptII/ptolemy/actor/lib/test/auto/CurrentTimeSDF.xml (RunModel)" time="0.017" />
  <testcase classname="ptolemy.util.test.junit.AutoTests" name="[104] /home/travis/build/icyphy/ptII/ptolemy/actor/lib/test/auto/DB.xml (RunModel)" time="0.014" />
  <testcase classname="ptolemy.util.test.junit.AutoTests" name="[105] /home/travis/build/icyphy/ptII/ptolemy/actor/lib/test/auto/DBDE.xml (RunModel)" time="0.016" />
  <testcase classname="ptolemy.util.test.junit.AutoTests" name="[106] /home/travis/build/icyphy/ptII/ptolemy/actor/lib/test/auto/DateConstructor.xml (RunModel)" time="0.078" />
  <testcase classname="ptolemy.util.test.junit.AutoTests" name="[107] /home/travis/build/icyphy/ptII/ptolemy/actor/lib/test/auto/DelayTime.xml (RunModel)" time="0.018" />
  <testcase classname="ptolemy.util.test.junit.AutoTests" name="[108] /home/travis/build/icyphy/ptII/ptolemy/actor/lib/test/auto/Dictionary1.xml (RunModel)" time="0.019" />
  <testcase classname="ptolemy.util.test.junit.AutoTests" name="[109] /home/travis/build/icyphy/ptII/ptolemy/actor/lib/test/auto/Dictionary2.xml (RunModel)" time="0.023" />
  <testcase classname="ptolemy.util.test.junit.AutoTests" name="[110] /home/travis/build/icyphy/ptII/ptolemy/actor/lib/test/auto/Dictionary3.xml (RunModel)" time="0.018" />
  <testcase classname="ptolemy.util.test.junit.AutoTests" name="[111] /home/travis/build/icyphy/ptII/ptolemy/actor/lib/test/auto/Dictionary4.xml (RunModel)" time="0.027" />
  <testcase classname="ptolemy.util.test.junit.AutoTests" name="[112] /home/travis/build/icyphy/ptII/ptolemy/actor/lib/test/auto/Differential.xml (RunModel)" time="0.016" />
  <testcase classname="ptolemy.util.test.junit.AutoTests" name="[113] /home/travis/build/icyphy/ptII/ptolemy/actor/lib/test/auto/Director.xml (RunModel)" time="0.014" />
  <testcase classname="ptolemy.util.test.junit.AutoTests" name="[114] /home/travis/build/icyphy/ptII/ptolemy/actor/lib/test/auto/DiscreteClock.xml (RunModel)" time="0.008" />
  <testcase classname="ptolemy.util.test.junit.AutoTests" name="[115] /home/travis/build/icyphy/ptII/ptolemy/actor/lib/test/auto/DiscreteClock10.xml (RunModel)" time="0.013" />
  <testcase classname="ptolemy.util.test.junit.AutoTests" name="[116] /home/travis/build/icyphy/ptII/ptolemy/actor/lib/test/auto/DiscreteClock11.xml (RunModel)" time="0.011" />
  <testcase classname="ptolemy.util.test.junit.AutoTests" name="[117] /home/travis/build/icyphy/ptII/ptolemy/actor/lib/test/auto/DiscreteClock12.xml (RunModel)" time="0.014" />
  <testcase classname="ptolemy.util.test.junit.AutoTests" name="[118] /home/travis/build/icyphy/ptII/ptolemy/actor/lib/test/auto/DiscreteClock13.xml (RunModel)" time="0.017" />
  <testcase classname="ptolemy.util.test.junit.AutoTests" name="[119] /home/travis/build/icyphy/ptII/ptolemy/actor/lib/test/auto/DiscreteClock14.xml (RunModel)" time="0.014" />
  <testcase classname="ptolemy.util.test.junit.AutoTests" name="[120] /home/travis/build/icyphy/ptII/ptolemy/actor/lib/test/auto/DiscreteClock15.xml (RunModel)" time="0.015" />
  <testcase classname="ptolemy.util.test.junit.AutoTests" name="[121] /home/travis/build/icyphy/ptII/ptolemy/actor/lib/test/auto/DiscreteClock16.xml (RunModel)" time="0.046" />
  <testcase classname="ptolemy.util.test.junit.AutoTests" name="[122] /home/travis/build/icyphy/ptII/ptolemy/actor/lib/test/auto/DiscreteClock17.xml (RunModel)" time="0.043" />
  <testcase classname="ptolemy.util.test.junit.AutoTests" name="[123] /home/travis/build/icyphy/ptII/ptolemy/actor/lib/test/auto/DiscreteClock18.xml (RunModel)" time="0.044" />
  <testcase classname="ptolemy.util.test.junit.AutoTests" name="[124] /home/travis/build/icyphy/ptII/ptolemy/actor/lib/test/auto/DiscreteClock19.xml (RunModel)" time="0.052" />
  <testcase classname="ptolemy.util.test.junit.AutoTests" name="[125] /home/travis/build/icyphy/ptII/ptolemy/actor/lib/test/auto/DiscreteClock2.xml (RunModel)" time="0.012" />
  <testcase classname="ptolemy.util.test.junit.AutoTests" name="[126] /home/travis/build/icyphy/ptII/ptolemy/actor/lib/test/auto/DiscreteClock20.xml (RunModel)" time="0.02" />
  <testcase classname="ptolemy.util.test.junit.AutoTests" name="[127] /home/travis/build/icyphy/ptII/ptolemy/actor/lib/test/auto/DiscreteClock21.xml (RunModel)" time="0.019" />
  <testcase classname="ptolemy.util.test.junit.AutoTests" name="[128] /home/travis/build/icyphy/ptII/ptolemy/actor/lib/test/auto/DiscreteClock22.xml (RunModel)" time="0.017" />
  <testcase classname="ptolemy.util.test.junit.AutoTests" name="[129] /home/travis/build/icyphy/ptII/ptolemy/actor/lib/test/auto/DiscreteClock23.xml (RunModel)" time="0.021" />
  <testcase classname="ptolemy.util.test.junit.AutoTests" name="[130] /home/travis/build/icyphy/ptII/ptolemy/actor/lib/test/auto/DiscreteClock24.xml (RunModel)" time="0.014" />
  <testcase classname="ptolemy.util.test.junit.AutoTests" name="[131] /home/travis/build/icyphy/ptII/ptolemy/actor/lib/test/auto/DiscreteClock4.xml (RunModel)" time="0.013" />
  <testcase classname="ptolemy.util.test.junit.AutoTests" name="[132] /home/travis/build/icyphy/ptII/ptolemy/actor/lib/test/auto/DiscreteClock5.xml (RunModel)" time="0.011" />
  <testcase classname="ptolemy.util.test.junit.AutoTests" name="[133] /home/travis/build/icyphy/ptII/ptolemy/actor/lib/test/auto/DiscreteClock6.xml (RunModel)" time="0.013" />
  <testcase classname="ptolemy.util.test.junit.AutoTests" name="[134] /home/travis/build/icyphy/ptII/ptolemy/actor/lib/test/auto/DiscreteClock7.xml (RunModel)" time="0.011" />
  <testcase classname="ptolemy.util.test.junit.AutoTests" name="[135] /home/travis/build/icyphy/ptII/ptolemy/actor/lib/test/auto/DiscreteClock8.xml (RunModel)" time="0.012" />
  <testcase classname="ptolemy.util.test.junit.AutoTests" name="[136] /home/travis/build/icyphy/ptII/ptolemy/actor/lib/test/auto/DiscreteClock9.xml (RunModel)" time="0.015" />
  <testcase classname="ptolemy.util.test.junit.AutoTests" name="[137] /home/travis/build/icyphy/ptII/ptolemy/actor/lib/test/auto/DisplayArray.xml (RunModel)" time="0.023" />
  <testcase classname="ptolemy.util.test.junit.AutoTests" name="[138] /home/travis/build/icyphy/ptII/ptolemy/actor/lib/test/auto/Distributor.xml (RunModel)" time="0.011" />
  <testcase classname="ptolemy.util.test.junit.AutoTests" name="[139] /home/travis/build/icyphy/ptII/ptolemy/actor/lib/test/auto/Distributor2.xml (RunModel)" time="0.013" />
  <testcase classname="ptolemy.util.test.junit.AutoTests" name="[140] /home/travis/build/icyphy/ptII/ptolemy/actor/lib/test/auto/DownSample.xml (RunModel)" time="0.011" />
  <testcase classname="ptolemy.util.test.junit.AutoTests" name="[141] /home/travis/build/icyphy/ptII/ptolemy/actor/lib/test/auto/ElectronicUnitBase1.xml (RunModel)" time="0.053" />
  <testcase classname="ptolemy.util.test.junit.AutoTests" name="[142] /home/travis/build/icyphy/ptII/ptolemy/actor/lib/test/auto/ElementsToArray.xml (RunModel)" time="0.013" />
  <testcase classname="ptolemy.util.test.junit.AutoTests" name="[143] /home/travis/build/icyphy/ptII/ptolemy/actor/lib/test/auto/Equals.xml (RunModel)" time="0.016" />
  <testcase classname="ptolemy.util.test.junit.AutoTests" name="[144] /home/travis/build/icyphy/ptII/ptolemy/actor/lib/test/auto/Exec.xml (RunModel)" time="0.034" />
  <testcase classname="ptolemy.util.test.junit.AutoTests" name="[145] /home/travis/build/icyphy/ptII/ptolemy/actor/lib/test/auto/ExecEnvironment.xml (RunModel)" time="0.048" />
  <testcase classname="ptolemy.util.test.junit.AutoTests" name="[146] /home/travis/build/icyphy/ptII/ptolemy/actor/lib/test/auto/ExecNonZeroReturnOutput.xml (RunModel)" time="0.199" />
  <testcase classname="ptolemy.util.test.junit.AutoTests" name="[147] /home/travis/build/icyphy/ptII/ptolemy/actor/lib/test/auto/ExecRunDemos.xml (RunModel)" time="10.565" />
  <testcase classname="ptolemy.util.test.junit.AutoTests" name="[148] /home/travis/build/icyphy/ptII/ptolemy/actor/lib/test/auto/ExecStop.xml (RunModel)" time="5.04" />
  <testcase classname="ptolemy.util.test.junit.AutoTests" name="[149] /home/travis/build/icyphy/ptII/ptolemy/actor/lib/test/auto/ExecutionTimeSDF.xml (RunModel)" time="6.044" />
  <testcase classname="ptolemy.util.test.junit.AutoTests" name="[150] /home/travis/build/icyphy/ptII/ptolemy/actor/lib/test/auto/Expression1.xml (RunModel)" time="0.02" />
  <testcase classname="ptolemy.util.test.junit.AutoTests" name="[151] /home/travis/build/icyphy/ptII/ptolemy/actor/lib/test/auto/Expression10.xml (RunModel)" time="0.035" />
  <testcase classname="ptolemy.util.test.junit.AutoTests" name="[152] /home/travis/build/icyphy/ptII/ptolemy/actor/lib/test/auto/Expression11.xml (RunModel)" time="0.022" />
  <testcase classname="ptolemy.util.test.junit.AutoTests" name="[153] /home/travis/build/icyphy/ptII/ptolemy/actor/lib/test/auto/Expression12.xml (RunModel)" time="0.02" />
  <testcase classname="ptolemy.util.test.junit.AutoTests" name="[154] /home/travis/build/icyphy/ptII/ptolemy/actor/lib/test/auto/Expression13.xml (RunModel)" time="0.015" />
  <testcase classname="ptolemy.util.test.junit.AutoTests" name="[155] /home/travis/build/icyphy/ptII/ptolemy/actor/lib/test/auto/Expression14.xml (RunModel)" time="0.024" />
  <testcase classname="ptolemy.util.test.junit.AutoTests" name="[156] /home/travis/build/icyphy/ptII/ptolemy/actor/lib/test/auto/Expression15.xml (RunModel)" time="0.01" />
  <testcase classname="ptolemy.util.test.junit.AutoTests" name="[157] /home/travis/build/icyphy/ptII/ptolemy/actor/lib/test/auto/Expression16.xml (RunModel)" time="0.017" />
  <testcase classname="ptolemy.util.test.junit.AutoTests" name="[158] /home/travis/build/icyphy/ptII/ptolemy/actor/lib/test/auto/Expression17.xml (RunModel)" time="0.015" />
  <testcase classname="ptolemy.util.test.junit.AutoTests" name="[159] /home/travis/build/icyphy/ptII/ptolemy/actor/lib/test/auto/Expression18.xml (RunModel)" time="0.02" />
  <testcase classname="ptolemy.util.test.junit.AutoTests" name="[160] /home/travis/build/icyphy/ptII/ptolemy/actor/lib/test/auto/Expression2.xml (RunModel)" time="0.014" />
  <testcase classname="ptolemy.util.test.junit.AutoTests" name="[161] /home/travis/build/icyphy/ptII/ptolemy/actor/lib/test/auto/Expression3.xml (RunModel)" time="0.017" />
  <testcase classname="ptolemy.util.test.junit.AutoTests" name="[162] /home/travis/build/icyphy/ptII/ptolemy/actor/lib/test/auto/Expression4.xml (RunModel)" time="0.021" />
  <testcase classname="ptolemy.util.test.junit.AutoTests" name="[163] /home/travis/build/icyphy/ptII/ptolemy/actor/lib/test/auto/Expression5.xml (RunModel)" time="0.017" />
  <testcase classname="ptolemy.util.test.junit.AutoTests" name="[164] /home/travis/build/icyphy/ptII/ptolemy/actor/lib/test/auto/Expression6.xml (RunModel)" time="0.01" />
  <testcase classname="ptolemy.util.test.junit.AutoTests" name="[165] /home/travis/build/icyphy/ptII/ptolemy/actor/lib/test/auto/Expression7.xml (RunModel)" time="0.015" />
  <testcase classname="ptolemy.util.test.junit.AutoTests" name="[166] /home/travis/build/icyphy/ptII/ptolemy/actor/lib/test/auto/Expression8.xml (RunModel)" time="0.019" />
  <testcase classname="ptolemy.util.test.junit.AutoTests" name="[167] /home/travis/build/icyphy/ptII/ptolemy/actor/lib/test/auto/Expression9.xml (RunModel)" time="0.01" />
  <testcase classname="ptolemy.util.test.junit.AutoTests" name="[168] /home/travis/build/icyphy/ptII/ptolemy/actor/lib/test/auto/ExpressionConcatenateArrayType.xml (RunModel)" time="0.027" />
  <testcase classname="ptolemy.util.test.junit.AutoTests" name="[169] /home/travis/build/icyphy/ptII/ptolemy/actor/lib/test/auto/ExpressionConcatenateArrayType2.xml (RunModel)" time="0.027" />
  <testcase classname="ptolemy.util.test.junit.AutoTests" name="[170] /home/travis/build/icyphy/ptII/ptolemy/actor/lib/test/auto/ExpressionFix.xml (RunModel)" time="0.05" />
  <testcase classname="ptolemy.util.test.junit.AutoTests" name="[171] /home/travis/build/icyphy/ptII/ptolemy/actor/lib/test/auto/ExpressionFix2.xml (RunModel)" time="0.015" />
  <testcase classname="ptolemy.util.test.junit.AutoTests" name="[172] /home/travis/build/icyphy/ptII/ptolemy/actor/lib/test/auto/ExpressionFix3.xml (RunModel)" time="0.014" />
  <testcase classname="ptolemy.util.test.junit.AutoTests" name="[173] /home/travis/build/icyphy/ptII/ptolemy/actor/lib/test/auto/FileWriter1.xml (RunModel)" time="0.013" />
  <testcase classname="ptolemy.util.test.junit.AutoTests" name="[174] /home/travis/build/icyphy/ptII/ptolemy/actor/lib/test/auto/FileWriter2.xml (RunModel)" time="0.013" />
  <testcase classname="ptolemy.util.test.junit.AutoTests" name="[175] /home/travis/build/icyphy/ptII/ptolemy/actor/lib/test/auto/FileWriter3.xml (RunModel)" time="0.014" />
  <testcase classname="ptolemy.util.test.junit.AutoTests" name="[176] /home/travis/build/icyphy/ptII/ptolemy/actor/lib/test/auto/Gaussian.xml (RunModel)" time="0.015" />
  <testcase classname="ptolemy.util.test.junit.AutoTests" name="[177] /home/travis/build/icyphy/ptII/ptolemy/actor/lib/test/auto/Gaussian1.xml (RunModel)" time="0.014" />
  <testcase classname="ptolemy.util.test.junit.AutoTests" name="[178] /home/travis/build/icyphy/ptII/ptolemy/actor/lib/test/auto/Gaussian2.xml (RunModel)" time="0.026" />
  <testcase classname="ptolemy.util.test.junit.AutoTests" name="[179] /home/travis/build/icyphy/ptII/ptolemy/actor/lib/test/auto/GradientAdaptiveLattice.xml (RunModel)" time="0.017" />
  <testcase classname="ptolemy.util.test.junit.AutoTests" name="[180] /home/travis/build/icyphy/ptII/ptolemy/actor/lib/test/auto/IIR.xml (RunModel)" time="0.011" />
  <testcase classname="ptolemy.util.test.junit.AutoTests" name="[181] /home/travis/build/icyphy/ptII/ptolemy/actor/lib/test/auto/InputOutputTransparentPorts.xml (RunModel)" time="0.03" />
  <testcase classname="ptolemy.util.test.junit.AutoTests" name="[182] /home/travis/build/icyphy/ptII/ptolemy/actor/lib/test/auto/Interpolator.xml (RunModel)" time="0.013" />
  <testcase classname="ptolemy.util.test.junit.AutoTests" name="[183] /home/travis/build/icyphy/ptII/ptolemy/actor/lib/test/auto/InterpolatorFiringLimitDE.xml (RunModel)" time="0.015" />
  <testcase classname="ptolemy.util.test.junit.AutoTests" name="[184] /home/travis/build/icyphy/ptII/ptolemy/actor/lib/test/auto/Lattice.xml (RunModel)" time="0.01" />
  <testcase classname="ptolemy.util.test.junit.AutoTests" name="[185] /home/travis/build/icyphy/ptII/ptolemy/actor/lib/test/auto/LazyAOCTestLazy.xml (RunModel)" time="0.027" />
  <testcase classname="ptolemy.util.test.junit.AutoTests" name="[186] /home/travis/build/icyphy/ptII/ptolemy/actor/lib/test/auto/LazyAOCTestNonLazy.xml (RunModel)" time="0.054" />
  <testcase classname="ptolemy.util.test.junit.AutoTests" name="[187] /home/travis/build/icyphy/ptII/ptolemy/actor/lib/test/auto/LazyInnerClass.xml (RunModel)" time="0.051" />
  <testcase classname="ptolemy.util.test.junit.AutoTests" name="[188] /home/travis/build/icyphy/ptII/ptolemy/actor/lib/test/auto/LazyPubSub.xml (RunModel)" time="0.065" />
  <testcase classname="ptolemy.util.test.junit.AutoTests" name="[189] /home/travis/build/icyphy/ptII/ptolemy/actor/lib/test/auto/LazyPubSub2.xml (RunModel)" time="0.054" />
  <testcase classname="ptolemy.util.test.junit.AutoTests" name="[190] /home/travis/build/icyphy/ptII/ptolemy/actor/lib/test/auto/LazyPubSub3.xml (RunModel)" time="0.032" />
  <testcase classname="ptolemy.util.test.junit.AutoTests" name="[191] /home/travis/build/icyphy/ptII/ptolemy/actor/lib/test/auto/LazySubClassModel.xml (RunModel)" time="0.024" />
  <testcase classname="ptolemy.util.test.junit.AutoTests" name="[192] /home/travis/build/icyphy/ptII/ptolemy/actor/lib/test/auto/LevelCrossTest1.xml (RunModel)" time="0.02" />
  <testcase classname="ptolemy.util.test.junit.AutoTests" name="[193] /home/travis/build/icyphy/ptII/ptolemy/actor/lib/test/auto/LevelCrossTest10.xml (RunModel)" time="0.017" />
  <testcase classname="ptolemy.util.test.junit.AutoTests" name="[194] /home/travis/build/icyphy/ptII/ptolemy/actor/lib/test/auto/LevelCrossTest11.xml (RunModel)" time="0.016" />
  <testcase classname="ptolemy.util.test.junit.AutoTests" name="[195] /home/travis/build/icyphy/ptII/ptolemy/actor/lib/test/auto/LevelCrossTest12.xml (RunModel)" time="0.015" />
  <testcase classname="ptolemy.util.test.junit.AutoTests" name="[196] /home/travis/build/icyphy/ptII/ptolemy/actor/lib/test/auto/LevelCrossTest13.xml (RunModel)" time="0.017" />
  <testcase classname="ptolemy.util.test.junit.AutoTests" name="[197] /home/travis/build/icyphy/ptII/ptolemy/actor/lib/test/auto/LevelCrossTest2.xml (RunModel)" time="0.015" />
  <testcase classname="ptolemy.util.test.junit.AutoTests" name="[198] /home/travis/build/icyphy/ptII/ptolemy/actor/lib/test/auto/LevelCrossTest3.xml (RunModel)" time="0.014" />
  <testcase classname="ptolemy.util.test.junit.AutoTests" name="[199] /home/travis/build/icyphy/ptII/ptolemy/actor/lib/test/auto/LevelCrossTest4.xml (RunModel)" time="0.012" />
  <testcase classname="ptolemy.util.test.junit.AutoTests" name="[200] /home/travis/build/icyphy/ptII/ptolemy/actor/lib/test/auto/LevelCrossTest5.xml (RunModel)" time="0.014" />
  <testcase classname="ptolemy.util.test.junit.AutoTests" name="[201] /home/travis/build/icyphy/ptII/ptolemy/actor/lib/test/auto/LevelCrossTest6.xml (RunModel)" time="0.015" />
  <testcase classname="ptolemy.util.test.junit.AutoTests" name="[202] /home/travis/build/icyphy/ptII/ptolemy/actor/lib/test/auto/LevelCrossTest7.xml (RunModel)" time="0.022" />
  <testcase classname="ptolemy.util.test.junit.AutoTests" name="[203] /home/travis/build/icyphy/ptII/ptolemy/actor/lib/test/auto/LevelCrossTest8.xml (RunModel)" time="0.016" />
  <testcase classname="ptolemy.util.test.junit.AutoTests" name="[204] /home/travis/build/icyphy/ptII/ptolemy/actor/lib/test/auto/LevelCrossTest9.xml (RunModel)" time="0.017" />
  <testcase classname="ptolemy.util.test.junit.AutoTests" name="[205] /home/travis/build/icyphy/ptII/ptolemy/actor/lib/test/auto/LevinsonDurbin.xml (RunModel)" time="0.01" />
  <testcase classname="ptolemy.util.test.junit.AutoTests" name="[206] /home/travis/build/icyphy/ptII/ptolemy/actor/lib/test/auto/LevinsonDurbin2.xml (RunModel)" time="0.01" />
  <testcase classname="ptolemy.util.test.junit.AutoTests" name="[207] /home/travis/build/icyphy/ptII/ptolemy/actor/lib/test/auto/LevinsonDurbin3.xml (RunModel)" time="0.01" />
  <testcase classname="ptolemy.util.test.junit.AutoTests" name="[208] /home/travis/build/icyphy/ptII/ptolemy/actor/lib/test/auto/Limiter.xml (RunModel)" time="0.037" />
  <testcase classname="ptolemy.util.test.junit.AutoTests" name="[209] /home/travis/build/icyphy/ptII/ptolemy/actor/lib/test/auto/LinearDifferenceEquationSystem.xml (RunModel)" time="0.024" />
  <testcase classname="ptolemy.util.test.junit.AutoTests" name="[210] /home/travis/build/icyphy/ptII/ptolemy/actor/lib/test/auto/LookupTable.xml (RunModel)" time="0.022" />
  <testcase classname="ptolemy.util.test.junit.AutoTests" name="[211] /home/travis/build/icyphy/ptII/ptolemy/actor/lib/test/auto/MathFunction.xml (RunModel)" time="0.036" />
  <testcase classname="ptolemy.util.test.junit.AutoTests" name="[212] /home/travis/build/icyphy/ptII/ptolemy/actor/lib/test/auto/MathFunction2.xml (RunModel)" time="0.011" />
  <testcase classname="ptolemy.util.test.junit.AutoTests" name="[213] /home/travis/build/icyphy/ptII/ptolemy/actor/lib/test/auto/MathFunction3.xml (RunModel)" time="0.019" />
  <testcase classname="ptolemy.util.test.junit.AutoTests" name="[214] /home/travis/build/icyphy/ptII/ptolemy/actor/lib/test/auto/MatrixCropBoolean.xml (RunModel)" time="0.016" />
  <testcase classname="ptolemy.util.test.junit.AutoTests" name="[215] /home/travis/build/icyphy/ptII/ptolemy/actor/lib/test/auto/MatrixCropComplex.xml (RunModel)" time="0.01" />
  <testcase classname="ptolemy.util.test.junit.AutoTests" name="[216] /home/travis/build/icyphy/ptII/ptolemy/actor/lib/test/auto/MatrixCropDouble.xml (RunModel)" time="0.011" />
  <testcase classname="ptolemy.util.test.junit.AutoTests" name="[217] /home/travis/build/icyphy/ptII/ptolemy/actor/lib/test/auto/MatrixCropFix.xml (RunModel)" time="0.013" />
  <testcase classname="ptolemy.util.test.junit.AutoTests" name="[218] /home/travis/build/icyphy/ptII/ptolemy/actor/lib/test/auto/MatrixCropInt.xml (RunModel)" time="0.012" />
  <testcase classname="ptolemy.util.test.junit.AutoTests" name="[219] /home/travis/build/icyphy/ptII/ptolemy/actor/lib/test/auto/MatrixCropLong.xml (RunModel)" time="0.012" />
  <testcase classname="ptolemy.util.test.junit.AutoTests" name="[220] /home/travis/build/icyphy/ptII/ptolemy/actor/lib/test/auto/MatrixToArray.xml (RunModel)" time="0.056" />
  <testcase classname="ptolemy.util.test.junit.AutoTests" name="[221] /home/travis/build/icyphy/ptII/ptolemy/actor/lib/test/auto/MaxIndex.xml (RunModel)" time="0.021" />
  <testcase classname="ptolemy.util.test.junit.AutoTests" name="[222] /home/travis/build/icyphy/ptII/ptolemy/actor/lib/test/auto/Maximum.xml (RunModel)" time="0.017" />
  <testcase classname="ptolemy.util.test.junit.AutoTests" name="[223] /home/travis/build/icyphy/ptII/ptolemy/actor/lib/test/auto/MaximumComplex.xml (RunModel)" time="0.015" />
  <testcase classname="ptolemy.util.test.junit.AutoTests" name="[224] /home/travis/build/icyphy/ptII/ptolemy/actor/lib/test/auto/MethodCallTest.xml (RunModel)" time="0.031" />
  <testcase classname="ptolemy.util.test.junit.AutoTests" name="[225] /home/travis/build/icyphy/ptII/ptolemy/actor/lib/test/auto/Minimum.xml (RunModel)" time="0.016" />
  <testcase classname="ptolemy.util.test.junit.AutoTests" name="[226] /home/travis/build/icyphy/ptII/ptolemy/actor/lib/test/auto/MinimumComplex.xml (RunModel)" time="0.025" />
  <testcase classname="ptolemy.util.test.junit.AutoTests" name="[227] /home/travis/build/icyphy/ptII/ptolemy/actor/lib/test/auto/MinimumMultiports.xml (RunModel)" time="0.025" />
  <testcase classname="ptolemy.util.test.junit.AutoTests" name="[228] /home/travis/build/icyphy/ptII/ptolemy/actor/lib/test/auto/ModifyDate.xml (RunModel)" time="0.044" />
  <testcase classname="ptolemy.util.test.junit.AutoTests" name="[229] /home/travis/build/icyphy/ptII/ptolemy/actor/lib/test/auto/ModifyDate2.xml (RunModel)" time="0.029" />
  <testcase classname="ptolemy.util.test.junit.AutoTests" name="[230] /home/travis/build/icyphy/ptII/ptolemy/actor/lib/test/auto/MovingAverage.xml (RunModel)" time="0.017" />
  <testcase classname="ptolemy.util.test.junit.AutoTests" name="[231] /home/travis/build/icyphy/ptII/ptolemy/actor/lib/test/auto/MovingMaximum.xml (RunModel)" time="0.016" />
  <testcase classname="ptolemy.util.test.junit.AutoTests" name="[232] /home/travis/build/icyphy/ptII/ptolemy/actor/lib/test/auto/MultipleLinksToSameRelation.xml (RunModel)" time="0.011" />
  <testcase classname="ptolemy.util.test.junit.AutoTests" name="[233] /home/travis/build/icyphy/ptII/ptolemy/actor/lib/test/auto/MultipleLinksToSameRelationDE.xml (RunModel)" time="0.018" />
  <testcase classname="ptolemy.util.test.junit.AutoTests" name="[234] /home/travis/build/icyphy/ptII/ptolemy/actor/lib/test/auto/Multiplexor.xml (RunModel)" time="0.013" />
  <testcase classname="ptolemy.util.test.junit.AutoTests" name="[235] /home/travis/build/icyphy/ptII/ptolemy/actor/lib/test/auto/Multiplexor1.xml (RunModel)" time="0.014" />
  <testcase classname="ptolemy.util.test.junit.AutoTests" name="[236] /home/travis/build/icyphy/ptII/ptolemy/actor/lib/test/auto/Multiplexor2.xml (RunModel)" time="0.017" />
  <testcase classname="ptolemy.util.test.junit.AutoTests" name="[237] /home/travis/build/icyphy/ptII/ptolemy/actor/lib/test/auto/Multiplexor3.xml (RunModel)" time="0.01" />
  <testcase classname="ptolemy.util.test.junit.AutoTests" name="[238] /home/travis/build/icyphy/ptII/ptolemy/actor/lib/test/auto/MultiplexorDE.xml (RunModel)" time="0.018" />
  <testcase classname="ptolemy.util.test.junit.AutoTests" name="[239] /home/travis/build/icyphy/ptII/ptolemy/actor/lib/test/auto/MultiportBroadcastTest.xml (RunModel)" time="0.11" />
  <testcase classname="ptolemy.util.test.junit.AutoTests" name="[240] /home/travis/build/icyphy/ptII/ptolemy/actor/lib/test/auto/MultiportOutHangDuringGetWidth.xml (RunModel)" time="0.046" />
  <testcase classname="ptolemy.util.test.junit.AutoTests" name="[241] /home/travis/build/icyphy/ptII/ptolemy/actor/lib/test/auto/NilToken.xml (RunModel)" time="0.013" />
  <testcase classname="ptolemy.util.test.junit.AutoTests" name="[242] /home/travis/build/icyphy/ptII/ptolemy/actor/lib/test/auto/NilTokenNonStrictTest.xml (RunModel)" time="0.017" />
  <testcase classname="ptolemy.util.test.junit.AutoTests" name="[243] /home/travis/build/icyphy/ptII/ptolemy/actor/lib/test/auto/NilTokenRecord.xml (RunModel)" time="0.024" />
  <testcase classname="ptolemy.util.test.junit.AutoTests" name="[244] /home/travis/build/icyphy/ptII/ptolemy/actor/lib/test/auto/NilTokenTypeTest.xml (RunModel)" time="0.031" />
  <testcase classname="ptolemy.util.test.junit.AutoTests" name="[245] /home/travis/build/icyphy/ptII/ptolemy/actor/lib/test/auto/ObjectToken1.xml (RunModel)" time="0.008" />
  <testcase classname="ptolemy.util.test.junit.AutoTests" name="[246] /home/travis/build/icyphy/ptII/ptolemy/actor/lib/test/auto/OrderedMerge.xml (RunModel)" time="0.019" />
  <testcase classname="ptolemy.util.test.junit.AutoTests" name="[247] /home/travis/build/icyphy/ptII/ptolemy/actor/lib/test/auto/OrderedRecordDisassembler.xml (RunModel)" time="0.022" />
  <testcase classname="ptolemy.util.test.junit.AutoTests" name="[248] /home/travis/build/icyphy/ptII/ptolemy/actor/lib/test/auto/OrderedRecordDisassembler2.xml (RunModel)" time="0.021" />
  <testcase classname="ptolemy.util.test.junit.AutoTests" name="[249] /home/travis/build/icyphy/ptII/ptolemy/actor/lib/test/auto/OrderedRecordUpdater.xml (RunModel)" time="0.014" />
  <testcase classname="ptolemy.util.test.junit.AutoTests" name="[250] /home/travis/build/icyphy/ptII/ptolemy/actor/lib/test/auto/OrderedRecordUpdater2.xml (RunModel)" time="0.021" />
  <testcase classname="ptolemy.util.test.junit.AutoTests" name="[251] /home/travis/build/icyphy/ptII/ptolemy/actor/lib/test/auto/PhaseUnwrap.xml (RunModel)" time="0.016" />
  <testcase classname="ptolemy.util.test.junit.AutoTests" name="[252] /home/travis/build/icyphy/ptII/ptolemy/actor/lib/test/auto/PoissonClock.xml (RunModel)" time="0.011" />
  <testcase classname="ptolemy.util.test.junit.AutoTests" name="[253] /home/travis/build/icyphy/ptII/ptolemy/actor/lib/test/auto/PoissonClock2.xml (RunModel)" time="0.009" />
  <testcase classname="ptolemy.util.test.junit.AutoTests" name="[254] /home/travis/build/icyphy/ptII/ptolemy/actor/lib/test/auto/PoissonClock3.xml (RunModel)" time="0.026" />
  <testcase classname="ptolemy.util.test.junit.AutoTests" name="[255] /home/travis/build/icyphy/ptII/ptolemy/actor/lib/test/auto/PubSubWithInitialTokens.xml (RunModel)" time="0.016" />
  <testcase classname="ptolemy.util.test.junit.AutoTests" name="[256] /home/travis/build/icyphy/ptII/ptolemy/actor/lib/test/auto/PubSubWithInitialTokens2.xml (RunModel)" time="0.018" />
  <testcase classname="ptolemy.util.test.junit.AutoTests" name="[257] /home/travis/build/icyphy/ptII/ptolemy/actor/lib/test/auto/PublisherClassNoParameter.xml (RunModel)" time="0.024" />
  <testcase classname="ptolemy.util.test.junit.AutoTests" name="[258] /home/travis/build/icyphy/ptII/ptolemy/actor/lib/test/auto/PublisherClassParameter.xml (RunModel)" time="0.021" />
  <testcase classname="ptolemy.util.test.junit.AutoTests" name="[259] /home/travis/build/icyphy/ptII/ptolemy/actor/lib/test/auto/PublisherNonStrictTest.xml (RunModel)" time="0.015" />
  <testcase classname="ptolemy.util.test.junit.AutoTests" name="[260] /home/travis/build/icyphy/ptII/ptolemy/actor/lib/test/auto/PublisherPort1.xml (RunModel)" time="0.018" />
  <testcase classname="ptolemy.util.test.junit.AutoTests" name="[261] /home/travis/build/icyphy/ptII/ptolemy/actor/lib/test/auto/PublisherPort2.xml (RunModel)" time="0.017" />
  <testcase classname="ptolemy.util.test.junit.AutoTests" name="[262] /home/travis/build/icyphy/ptII/ptolemy/actor/lib/test/auto/PublisherPort3.xml (RunModel)" time="0.024" />
  <testcase classname="ptolemy.util.test.junit.AutoTests" name="[263] /home/travis/build/icyphy/ptII/ptolemy/actor/lib/test/auto/PublisherPort4.xml (RunModel)" time="0.017" />
  <testcase classname="ptolemy.util.test.junit.AutoTests" name="[264] /home/travis/build/icyphy/ptII/ptolemy/actor/lib/test/auto/PublisherPort5.xml (RunModel)" time="0.016" />
  <testcase classname="ptolemy.util.test.junit.AutoTests" name="[265] /home/travis/build/icyphy/ptII/ptolemy/actor/lib/test/auto/PublisherPort5LookAlike.xml (RunModel)" time="0.02" />
  <testcase classname="ptolemy.util.test.junit.AutoTests" name="[266] /home/travis/build/icyphy/ptII/ptolemy/actor/lib/test/auto/PublisherPort6.xml (RunModel)" time="0.023" />
  <testcase classname="ptolemy.util.test.junit.AutoTests" name="[267] /home/travis/build/icyphy/ptII/ptolemy/actor/lib/test/auto/PublisherPort7.xml (RunModel)" time="0.02" />
  <testcase classname="ptolemy.util.test.junit.AutoTests" name="[268] /home/travis/build/icyphy/ptII/ptolemy/actor/lib/test/auto/PublisherPort8.xml (RunModel)" time="0.018" />
  <testcase classname="ptolemy.util.test.junit.AutoTests" name="[269] /home/travis/build/icyphy/ptII/ptolemy/actor/lib/test/auto/PublisherPortSubscriberChannelVariablesAOC2.xml (RunModel)" time="0.034" />
  <testcase classname="ptolemy.util.test.junit.AutoTests" name="[270] /home/travis/build/icyphy/ptII/ptolemy/actor/lib/test/auto/PublisherPortSubscriberOpaqueWidthInference.xml (RunModel)" time="0.015" />
  <testcase classname="ptolemy.util.test.junit.AutoTests" name="[271] /home/travis/build/icyphy/ptII/ptolemy/actor/lib/test/auto/PublisherPortSubscriberPortAdjacent.xml (RunModel)" time="0.024" />
  <testcase classname="ptolemy.util.test.junit.AutoTests" name="[272] /home/travis/build/icyphy/ptII/ptolemy/actor/lib/test/auto/PublisherPortSubscriberPortExpression.xml (RunModel)" time="0.017" />
  <testcase classname="ptolemy.util.test.junit.AutoTests" name="[273] /home/travis/build/icyphy/ptII/ptolemy/actor/lib/test/auto/PublisherPortSubscriberPortOpaqueD3Reverse.xml (RunModel)" time="0.036" />
  <testcase classname="ptolemy.util.test.junit.AutoTests" name="[274] /home/travis/build/icyphy/ptII/ptolemy/actor/lib/test/auto/PublisherPortSubscriberPortOpaqueWidthInference.xml (RunModel)" time="0.015" />
  <testcase classname="ptolemy.util.test.junit.AutoTests" name="[275] /home/travis/build/icyphy/ptII/ptolemy/actor/lib/test/auto/PublisherPortToplevelSubscriberPortAOC.xml (RunModel)" time="0.011" />
  <testcase classname="ptolemy.util.test.junit.AutoTests" name="[276] /home/travis/build/icyphy/ptII/ptolemy/actor/lib/test/auto/PublisherSubscriber.xml (RunModel)" time="0.013" />
  <testcase classname="ptolemy.util.test.junit.AutoTests" name="[277] /home/travis/build/icyphy/ptII/ptolemy/actor/lib/test/auto/PublisherSubscriber10.xml (RunModel)" time="0.02" />
  <testcase classname="ptolemy.util.test.junit.AutoTests" name="[278] /home/travis/build/icyphy/ptII/ptolemy/actor/lib/test/auto/PublisherSubscriber10InitialOutputs.xml (RunModel)" time="0.033" />
  <testcase classname="ptolemy.util.test.junit.AutoTests" name="[279] /home/travis/build/icyphy/ptII/ptolemy/actor/lib/test/auto/PublisherSubscriber11.xml (RunModel)" time="0.017" />
  <testcase classname="ptolemy.util.test.junit.AutoTests" name="[280] /home/travis/build/icyphy/ptII/ptolemy/actor/lib/test/auto/PublisherSubscriber12.xml (RunModel)" time="0.017" />
  <testcase classname="ptolemy.util.test.junit.AutoTests" name="[281] /home/travis/build/icyphy/ptII/ptolemy/actor/lib/test/auto/PublisherSubscriber13.xml (RunModel)" time="0.015" />
  <testcase classname="ptolemy.util.test.junit.AutoTests" name="[282] /home/travis/build/icyphy/ptII/ptolemy/actor/lib/test/auto/PublisherSubscriber14.xml (RunModel)" time="0.022" />
  <testcase classname="ptolemy.util.test.junit.AutoTests" name="[283] /home/travis/build/icyphy/ptII/ptolemy/actor/lib/test/auto/PublisherSubscriber2.xml (RunModel)" time="0.019" />
  <testcase classname="ptolemy.util.test.junit.AutoTests" name="[284] /home/travis/build/icyphy/ptII/ptolemy/actor/lib/test/auto/PublisherSubscriber3.xml (RunModel)" time="0.01" />
  <testcase classname="ptolemy.util.test.junit.AutoTests" name="[285] /home/travis/build/icyphy/ptII/ptolemy/actor/lib/test/auto/PublisherSubscriber4.xml (RunModel)" time="0.008" />
  <testcase classname="ptolemy.util.test.junit.AutoTests" name="[286] /home/travis/build/icyphy/ptII/ptolemy/actor/lib/test/auto/PublisherSubscriber5.xml (RunModel)" time="0.012" />
  <testcase classname="ptolemy.util.test.junit.AutoTests" name="[287] /home/travis/build/icyphy/ptII/ptolemy/actor/lib/test/auto/PublisherSubscriber6.xml (RunModel)" time="0.02" />
  <testcase classname="ptolemy.util.test.junit.AutoTests" name="[288] /home/travis/build/icyphy/ptII/ptolemy/actor/lib/test/auto/PublisherSubscriber7.xml (RunModel)" time="0.021" />
  <testcase classname="ptolemy.util.test.junit.AutoTests" name="[289] /home/travis/build/icyphy/ptII/ptolemy/actor/lib/test/auto/PublisherSubscriber8.xml (RunModel)" time="0.034" />
  <testcase classname="ptolemy.util.test.junit.AutoTests" name="[290] /home/travis/build/icyphy/ptII/ptolemy/actor/lib/test/auto/PublisherSubscriber9.xml (RunModel)" time="0.018" />
  <testcase classname="ptolemy.util.test.junit.AutoTests" name="[291] /home/travis/build/icyphy/ptII/ptolemy/actor/lib/test/auto/PublisherSubscriberAdjacent.xml (RunModel)" time="0.017" />
  <testcase classname="ptolemy.util.test.junit.AutoTests" name="[292] /home/travis/build/icyphy/ptII/ptolemy/actor/lib/test/auto/PublisherSubscriberChannelVariablesAOC2.xml (RunModel)" time="0.027" />
  <testcase classname="ptolemy.util.test.junit.AutoTests" name="[293] /home/travis/build/icyphy/ptII/ptolemy/actor/lib/test/auto/PublisherSubscriberD3.xml (RunModel)" time="0.013" />
  <testcase classname="ptolemy.util.test.junit.AutoTests" name="[294] /home/travis/build/icyphy/ptII/ptolemy/actor/lib/test/auto/PublisherSubscriberD3Reverse.xml (RunModel)" time="0.011" />
  <testcase classname="ptolemy.util.test.junit.AutoTests" name="[295] /home/travis/build/icyphy/ptII/ptolemy/actor/lib/test/auto/PublisherSubscriberExpression.xml (RunModel)" time="0.026" />
  <testcase classname="ptolemy.util.test.junit.AutoTests" name="[296] /home/travis/build/icyphy/ptII/ptolemy/actor/lib/test/auto/PublisherSubscriberOpaque.xml (RunModel)" time="0.015" />
  <testcase classname="ptolemy.util.test.junit.AutoTests" name="[297] /home/travis/build/icyphy/ptII/ptolemy/actor/lib/test/auto/PublisherSubscriberOpaqueD3.xml (RunModel)" time="0.021" />
  <testcase classname="ptolemy.util.test.junit.AutoTests" name="[298] /home/travis/build/icyphy/ptII/ptolemy/actor/lib/test/auto/PublisherSubscriberOpaqueD3Reverse.xml (RunModel)" time="0.02" />
  <testcase classname="ptolemy.util.test.junit.AutoTests" name="[299] /home/travis/build/icyphy/ptII/ptolemy/actor/lib/test/auto/PublisherSubscriberOpaqueWidthInference.xml (RunModel)" time="0.017" />
  <testcase classname="ptolemy.util.test.junit.AutoTests" name="[300] /home/travis/build/icyphy/ptII/ptolemy/actor/lib/test/auto/PublisherTestSubscriber.xml (RunModel)" time="0.017" />
  <testcase classname="ptolemy.util.test.junit.AutoTests" name="[301] /home/travis/build/icyphy/ptII/ptolemy/actor/lib/test/auto/PublisherToplevelSubscriberPortAOC.xml (RunModel)" time="0.013" />
  <testcase classname="ptolemy.util.test.junit.AutoTests" name="[302] /home/travis/build/icyphy/ptII/ptolemy/actor/lib/test/auto/PulseFiringLimitDE.xml (RunModel)" time="0.016" />
  <testcase classname="ptolemy.util.test.junit.AutoTests" name="[303] /home/travis/build/icyphy/ptII/ptolemy/actor/lib/test/auto/Ramp1.xml (RunModel)" time="0.008" />
  <testcase classname="ptolemy.util.test.junit.AutoTests" name="[304] /home/travis/build/icyphy/ptII/ptolemy/actor/lib/test/auto/RampFiringLimitDE.xml (RunModel)" time="0.011" />
  <testcase classname="ptolemy.util.test.junit.AutoTests" name="[305] /home/travis/build/icyphy/ptII/ptolemy/actor/lib/test/auto/RampFiringLimitSDF.xml (RunModel)" time="0.01" />
  <testcase classname="ptolemy.util.test.junit.AutoTests" name="[306] /home/travis/build/icyphy/ptII/ptolemy/actor/lib/test/auto/RandomInteger.xml (RunModel)" time="0.01" />
  <testcase classname="ptolemy.util.test.junit.AutoTests" name="[307] /home/travis/build/icyphy/ptII/ptolemy/actor/lib/test/auto/ReadFile1.xml (RunModel)" time="0.008" />
  <testcase classname="ptolemy.util.test.junit.AutoTests" name="[308] /home/travis/build/icyphy/ptII/ptolemy/actor/lib/test/auto/ReadFile2.xml (RunModel)" time="0.008" />
  <testcase classname="ptolemy.util.test.junit.AutoTests" name="[309] /home/travis/build/icyphy/ptII/ptolemy/actor/lib/test/auto/Reader.xml (RunModel)" time="0.012" />
  <testcase classname="ptolemy.util.test.junit.AutoTests" name="[310] /home/travis/build/icyphy/ptII/ptolemy/actor/lib/test/auto/RecordAssemblerDisplayNameTest.xml (RunModel)" time="3.564" />
  <testcase classname="ptolemy.util.test.junit.AutoTests" name="[311] /home/travis/build/icyphy/ptII/ptolemy/actor/lib/test/auto/RecordAssemblerTypeError.xml (RunModel)" time="0.029" />
  <testcase classname="ptolemy.util.test.junit.AutoTests" name="[312] /home/travis/build/icyphy/ptII/ptolemy/actor/lib/test/auto/RecordDisassember.xml (RunModel)" time="0.014" />
  <testcase classname="ptolemy.util.test.junit.AutoTests" name="[313] /home/travis/build/icyphy/ptII/ptolemy/actor/lib/test/auto/RecordDisassemberDisplayNameTest.xml (RunModel)" time="0.019" />
  <testcase classname="ptolemy.util.test.junit.AutoTests" name="[314] /home/travis/build/icyphy/ptII/ptolemy/actor/lib/test/auto/RecordDisassembler.xml (RunModel)" time="0.013" />
  <testcase classname="ptolemy.util.test.junit.AutoTests" name="[315] /home/travis/build/icyphy/ptII/ptolemy/actor/lib/test/auto/RecordDisassembler2.xml (RunModel)" time="0.011" />
  <testcase classname="ptolemy.util.test.junit.AutoTests" name="[316] /home/travis/build/icyphy/ptII/ptolemy/actor/lib/test/auto/RecordUpdater.xml (RunModel)" time="0.009" />
  <testcase classname="ptolemy.util.test.junit.AutoTests" name="[317] /home/travis/build/icyphy/ptII/ptolemy/actor/lib/test/auto/RecordUpdater2.xml (RunModel)" time="0.01" />
  <testcase classname="ptolemy.util.test.junit.AutoTests" name="[318] /home/travis/build/icyphy/ptII/ptolemy/actor/lib/test/auto/RecursiveLattice.xml (RunModel)" time="0.008" />
  <testcase classname="ptolemy.util.test.junit.AutoTests" name="[319] /home/travis/build/icyphy/ptII/ptolemy/actor/lib/test/auto/Router.xml (RunModel)" time="3.024" />
  <testcase classname="ptolemy.util.test.junit.AutoTests" name="[320] /home/travis/build/icyphy/ptII/ptolemy/actor/lib/test/auto/Router2.xml (RunModel)" time="3.033" />
  <testcase classname="ptolemy.util.test.junit.AutoTests" name="[321] /home/travis/build/icyphy/ptII/ptolemy/actor/lib/test/auto/RunningMaximum.xml (RunModel)" time="0.014" />
  <testcase classname="ptolemy.util.test.junit.AutoTests" name="[322] /home/travis/build/icyphy/ptII/ptolemy/actor/lib/test/auto/RunningMinimum.xml (RunModel)" time="0.017" />
  <testcase classname="ptolemy.util.test.junit.AutoTests" name="[323] /home/travis/build/icyphy/ptII/ptolemy/actor/lib/test/auto/Scale.xml (RunModel)" time="0.008" />
  <testcase classname="ptolemy.util.test.junit.AutoTests" name="[324] /home/travis/build/icyphy/ptII/ptolemy/actor/lib/test/auto/Scale2.xml (RunModel)" time="0.011" />
  <testcase classname="ptolemy.util.test.junit.AutoTests" name="[325] /home/travis/build/icyphy/ptII/ptolemy/actor/lib/test/auto/Scale3.xml (RunModel)" time="0.014" />
  <testcase classname="ptolemy.util.test.junit.AutoTests" name="[326] /home/travis/build/icyphy/ptII/ptolemy/actor/lib/test/auto/ScaleArray.xml (RunModel)" time="0.009" />
  <testcase classname="ptolemy.util.test.junit.AutoTests" name="[327] /home/travis/build/icyphy/ptII/ptolemy/actor/lib/test/auto/ScaleArray2.xml (RunModel)" time="0.009" />
  <testcase classname="ptolemy.util.test.junit.AutoTests" name="[328] /home/travis/build/icyphy/ptII/ptolemy/actor/lib/test/auto/ScaleMatrix.xml (RunModel)" time="0.113" />
  <testcase classname="ptolemy.util.test.junit.AutoTests" name="[329] /home/travis/build/icyphy/ptII/ptolemy/actor/lib/test/auto/Select.xml (RunModel)" time="0.016" />
  <testcase classname="ptolemy.util.test.junit.AutoTests" name="[330] /home/travis/build/icyphy/ptII/ptolemy/actor/lib/test/auto/Select2.xml (RunModel)" time="0.01" />
  <testcase classname="ptolemy.util.test.junit.AutoTests" name="[331] /home/travis/build/icyphy/ptII/ptolemy/actor/lib/test/auto/SequenceToArray2.xml (RunModel)" time="0.139" />
  <testcase classname="ptolemy.util.test.junit.AutoTests" name="[332] /home/travis/build/icyphy/ptII/ptolemy/actor/lib/test/auto/SequentialClock.xml (RunModel)" time="0.01" />
  <testcase classname="ptolemy.util.test.junit.AutoTests" name="[333] /home/travis/build/icyphy/ptII/ptolemy/actor/lib/test/auto/SetVariable.xml (RunModel)" time="0.012" />
  <testcase classname="ptolemy.util.test.junit.AutoTests" name="[334] /home/travis/build/icyphy/ptII/ptolemy/actor/lib/test/auto/SetVariable2.xml (RunModel)" time="0.016" />
  <testcase classname="ptolemy.util.test.junit.AutoTests" name="[335] /home/travis/build/icyphy/ptII/ptolemy/actor/lib/test/auto/SetVariable3.xml (RunModel)" time="0.017" />
  <testcase classname="ptolemy.util.test.junit.AutoTests" name="[336] /home/travis/build/icyphy/ptII/ptolemy/actor/lib/test/auto/SetVariable4.xml (RunModel)" time="0.036" />
  <testcase classname="ptolemy.util.test.junit.AutoTests" name="[337] /home/travis/build/icyphy/ptII/ptolemy/actor/lib/test/auto/SetVariable5.xml (RunModel)" time="0.043" />
  <testcase classname="ptolemy.util.test.junit.AutoTests" name="[338] /home/travis/build/icyphy/ptII/ptolemy/actor/lib/test/auto/Sinewave.xml (RunModel)" time="0.035" />
  <testcase classname="ptolemy.util.test.junit.AutoTests" name="[339] /home/travis/build/icyphy/ptII/ptolemy/actor/lib/test/auto/Sinewave2.xml (RunModel)" time="0.025" />
  <testcase classname="ptolemy.util.test.junit.AutoTests" name="[340] /home/travis/build/icyphy/ptII/ptolemy/actor/lib/test/auto/Sinewave3.xml (RunModel)" time="0.028" />
  <testcase classname="ptolemy.util.test.junit.AutoTests" name="[341] /home/travis/build/icyphy/ptII/ptolemy/actor/lib/test/auto/SingleEvent.xml (RunModel)" time="0.007" />
  <testcase classname="ptolemy.util.test.junit.AutoTests" name="[342] /home/travis/build/icyphy/ptII/ptolemy/actor/lib/test/auto/Sleep.xml (RunModel)" time="6.022" />
  <testcase classname="ptolemy.util.test.junit.AutoTests" name="[343] /home/travis/build/icyphy/ptII/ptolemy/actor/lib/test/auto/SleepMultipleFire.xml (RunModel)" time="1.035" />
  <testcase classname="ptolemy.util.test.junit.AutoTests" name="[344] /home/travis/build/icyphy/ptII/ptolemy/actor/lib/test/auto/StopDE.xml (RunModel)" time="0.025" />
  <testcase classname="ptolemy.util.test.junit.AutoTests" name="[345] /home/travis/build/icyphy/ptII/ptolemy/actor/lib/test/auto/StopSDF.xml (RunModel)" time="0.018" />
  <testcase classname="ptolemy.util.test.junit.AutoTests" name="[346] /home/travis/build/icyphy/ptII/ptolemy/actor/lib/test/auto/StringConstant.xml (RunModel)" time="0.026" />
  <testcase classname="ptolemy.util.test.junit.AutoTests" name="[347] /home/travis/build/icyphy/ptII/ptolemy/actor/lib/test/auto/SubscriberPortInitialValues1.xml (RunModel)" time="0.022" />
  <testcase classname="ptolemy.util.test.junit.AutoTests" name="[348] /home/travis/build/icyphy/ptII/ptolemy/actor/lib/test/auto/SubscriberPortInitialValues13.xml (RunModel)" time="0.026" />
  <testcase classname="ptolemy.util.test.junit.AutoTests" name="[349] /home/travis/build/icyphy/ptII/ptolemy/actor/lib/test/auto/SubscriberPortInitialValues14.xml (RunModel)" time="0.019" />
  <testcase classname="ptolemy.util.test.junit.AutoTests" name="[350] /home/travis/build/icyphy/ptII/ptolemy/actor/lib/test/auto/SubscriberPortInitialValues2.xml (RunModel)" time="0.016" />
  <testcase classname="ptolemy.util.test.junit.AutoTests" name="[351] /home/travis/build/icyphy/ptII/ptolemy/actor/lib/test/auto/SubscriberPortInitialValues3.xml (RunModel)" time="0.019" />
  <testcase classname="ptolemy.util.test.junit.AutoTests" name="[352] /home/travis/build/icyphy/ptII/ptolemy/actor/lib/test/auto/SubscriptionAggregator.xml (RunModel)" time="0.011" />
  <testcase classname="ptolemy.util.test.junit.AutoTests" name="[353] /home/travis/build/icyphy/ptII/ptolemy/actor/lib/test/auto/SubscriptionAggregator2.xml (RunModel)" time="0.013" />
  <testcase classname="ptolemy.util.test.junit.AutoTests" name="[354] /home/travis/build/icyphy/ptII/ptolemy/actor/lib/test/auto/SubscriptionAggregator3.xml (RunModel)" time="0.017" />
  <testcase classname="ptolemy.util.test.junit.AutoTests" name="[355] /home/travis/build/icyphy/ptII/ptolemy/actor/lib/test/auto/SubscriptionAggregatorMultiply.xml (RunModel)" time="0.016" />
  <testcase classname="ptolemy.util.test.junit.AutoTests" name="[356] /home/travis/build/icyphy/ptII/ptolemy/actor/lib/test/auto/SubscriptionAggregatorPortMultiply1.xml (RunModel)" time="0.014" />
  <testcase classname="ptolemy.util.test.junit.AutoTests" name="[357] /home/travis/build/icyphy/ptII/ptolemy/actor/lib/test/auto/Switch.xml (RunModel)" time="0.017" />
  <testcase classname="ptolemy.util.test.junit.AutoTests" name="[358] /home/travis/build/icyphy/ptII/ptolemy/actor/lib/test/auto/Switch2.xml (RunModel)" time="0.013" />
  <testcase classname="ptolemy.util.test.junit.AutoTests" name="[359] /home/travis/build/icyphy/ptII/ptolemy/actor/lib/test/auto/SwitchDE.xml (RunModel)" time="0.015" />
  <testcase classname="ptolemy.util.test.junit.AutoTests" name="[360] /home/travis/build/icyphy/ptII/ptolemy/actor/lib/test/auto/SynchronizerDE.xml (RunModel)" time="0.021" />
  <testcase classname="ptolemy.util.test.junit.AutoTests" name="[361] /home/travis/build/icyphy/ptII/ptolemy/actor/lib/test/auto/Test.xml (RunModel)" time="0.009" />
  <testcase classname="ptolemy.util.test.junit.AutoTests" name="[362] /home/travis/build/icyphy/ptII/ptolemy/actor/lib/test/auto/TestExceptionAttribute1.xml (RunModel)" time="0.008" />
  <testcase classname="ptolemy.util.test.junit.AutoTests" name="[363] /home/travis/build/icyphy/ptII/ptolemy/actor/lib/test/auto/TestExceptionAttribute2.xml (RunModel)" time="0.008" />
  <testcase classname="ptolemy.util.test.junit.AutoTests" name="[364] /home/travis/build/icyphy/ptII/ptolemy/actor/lib/test/auto/TestExceptionAttribute3.xml (RunModel)" time="0.011" />
  <testcase classname="ptolemy.util.test.junit.AutoTests" name="[365] /home/travis/build/icyphy/ptII/ptolemy/actor/lib/test/auto/TestExceptionAttribute4.xml (RunModel)" time="0.009" />
  <testcase classname="ptolemy.util.test.junit.AutoTests" name="[366] /home/travis/build/icyphy/ptII/ptolemy/actor/lib/test/auto/TestExceptionHandler1.xml (RunModel)" time="0.009" />
  <testcase classname="ptolemy.util.test.junit.AutoTests" name="[367] /home/travis/build/icyphy/ptII/ptolemy/actor/lib/test/auto/TestExceptionHandler2.xml (RunModel)" time="0.013" />
  <testcase classname="ptolemy.util.test.junit.AutoTests" name="[368] /home/travis/build/icyphy/ptII/ptolemy/actor/lib/test/auto/TestExceptionHandler3.xml (RunModel)" time="0.006" />
  <testcase classname="ptolemy.util.test.junit.AutoTests" name="[369] /home/travis/build/icyphy/ptII/ptolemy/actor/lib/test/auto/TestExceptionHandler4.xml (RunModel)" time="0.007" />
  <testcase classname="ptolemy.util.test.junit.AutoTests" name="[370] /home/travis/build/icyphy/ptII/ptolemy/actor/lib/test/auto/TestRequireCorrectOrder.xml (RunModel)" time="0.016" />
  <testcase classname="ptolemy.util.test.junit.AutoTests" name="[371] /home/travis/build/icyphy/ptII/ptolemy/actor/lib/test/auto/TestSimple.xml (RunModel)" time="0.006" />
  <testcase classname="ptolemy.util.test.junit.AutoTests" name="[372] /home/travis/build/icyphy/ptII/ptolemy/actor/lib/test/auto/ThrowModelError.xml (RunModel)" time="0.012" />
  <testcase classname="ptolemy.util.test.junit.AutoTests" name="[373] /home/travis/build/icyphy/ptII/ptolemy/actor/lib/test/auto/TimeDelayMicrosteps.xml (RunModel)" time="0.015" />
  <testcase classname="ptolemy.util.test.junit.AutoTests" name="[374] /home/travis/build/icyphy/ptII/ptolemy/actor/lib/test/auto/TimeDelayMicrosteps2.xml (RunModel)" time="0.016" />
  <testcase classname="ptolemy.util.test.junit.AutoTests" name="[375] /home/travis/build/icyphy/ptII/ptolemy/actor/lib/test/auto/TimeDelayMicrosteps3.xml (RunModel)" time="0.014" />
  <testcase classname="ptolemy.util.test.junit.AutoTests" name="[376] /home/travis/build/icyphy/ptII/ptolemy/actor/lib/test/auto/TimeDelayVariableMicrosteps.xml (RunModel)" time="0.018" />
  <testcase classname="ptolemy.util.test.junit.AutoTests" name="[377] /home/travis/build/icyphy/ptII/ptolemy/actor/lib/test/auto/TimeGap.xml (RunModel)" time="0.019" />
  <testcase classname="ptolemy.util.test.junit.AutoTests" name="[378] /home/travis/build/icyphy/ptII/ptolemy/actor/lib/test/auto/TimeGap2.xml (RunModel)" time="0.011" />
  <testcase classname="ptolemy.util.test.junit.AutoTests" name="[379] /home/travis/build/icyphy/ptII/ptolemy/actor/lib/test/auto/TimedSinewave.xml (RunModel)" time="0.056" />
  <testcase classname="ptolemy.util.test.junit.AutoTests" name="[380] /home/travis/build/icyphy/ptII/ptolemy/actor/lib/test/auto/TimedSinewavePhase.xml (RunModel)" time="0.039" />
  <testcase classname="ptolemy.util.test.junit.AutoTests" name="[381] /home/travis/build/icyphy/ptII/ptolemy/actor/lib/test/auto/Timer.xml (RunModel)" time="0.017" />
  <testcase classname="ptolemy.util.test.junit.AutoTests" name="[382] /home/travis/build/icyphy/ptII/ptolemy/actor/lib/test/auto/TriangularDistTestModel.xml (RunModel)" time="0.019" />
  <testcase classname="ptolemy.util.test.junit.AutoTests" name="[383] /home/travis/build/icyphy/ptII/ptolemy/actor/lib/test/auto/TrigFunction.xml (RunModel)" time="0.009" />
  <testcase classname="ptolemy.util.test.junit.AutoTests" name="[384] /home/travis/build/icyphy/ptII/ptolemy/actor/lib/test/auto/TrigFunctionDE.xml (RunModel)" time="0.011" />
  <testcase classname="ptolemy.util.test.junit.AutoTests" name="[385] /home/travis/build/icyphy/ptII/ptolemy/actor/lib/test/auto/TrigFunctionInverse.xml (RunModel)" time="0.031" />
  <testcase classname="ptolemy.util.test.junit.AutoTests" name="[386] /home/travis/build/icyphy/ptII/ptolemy/actor/lib/test/auto/TrigFunctionTan.xml (RunModel)" time="0.006" />
  <testcase classname="ptolemy.util.test.junit.AutoTests" name="[387] /home/travis/build/icyphy/ptII/ptolemy/actor/lib/test/auto/TriggeredClock.xml (RunModel)" time="0.008" />
  <testcase classname="ptolemy.util.test.junit.AutoTests" name="[388] /home/travis/build/icyphy/ptII/ptolemy/actor/lib/test/auto/URLDirectoryReader.xml (RunModel)" time="0.126" />
  <testcase classname="ptolemy.util.test.junit.AutoTests" name="[389] /home/travis/build/icyphy/ptII/ptolemy/actor/lib/test/auto/URLDirectoryReader3.xml (RunModel)" time="1.919" />
  <testcase classname="ptolemy.util.test.junit.AutoTests" name="[390] /home/travis/build/icyphy/ptII/ptolemy/actor/lib/test/auto/UnaryMathFunction.xml (RunModel)" time="0.027" />
  <testcase classname="ptolemy.util.test.junit.AutoTests" name="[391] /home/travis/build/icyphy/ptII/ptolemy/actor/lib/test/auto/Uniform.xml (RunModel)" time="0.013" />
  <testcase classname="ptolemy.util.test.junit.AutoTests" name="[392] /home/travis/build/icyphy/ptII/ptolemy/actor/lib/test/auto/UnionDisassemblerTest.xml (RunModel)" time="0.009" />
  <testcase classname="ptolemy.util.test.junit.AutoTests" name="[393] /home/travis/build/icyphy/ptII/ptolemy/actor/lib/test/auto/UtilityFunctions.xml (RunModel)" time="0.009" />
  <testcase classname="ptolemy.util.test.junit.AutoTests" name="[394] /home/travis/build/icyphy/ptII/ptolemy/actor/lib/test/auto/VariableSleep.xml (RunModel)" time="0.511" />
  <testcase classname="ptolemy.util.test.junit.AutoTests" name="[395] /home/travis/build/icyphy/ptII/ptolemy/actor/lib/test/auto/VectorAssemblerDisassemblerCT.xml (RunModel)" time="0.116" />
  <testcase classname="ptolemy.util.test.junit.AutoTests" name="[396] /home/travis/build/icyphy/ptII/ptolemy/actor/lib/test/auto/VectorAssemblerDisassemblerDE.xml (RunModel)" time="0.013" />
  <testcase classname="ptolemy.util.test.junit.AutoTests" name="[397] /home/travis/build/icyphy/ptII/ptolemy/actor/lib/test/auto/VectorAssemblerDisassemblerSDF.xml (RunModel)" time="0.012" />
  <testcase classname="ptolemy.util.test.junit.AutoTests" name="[398] /home/travis/build/icyphy/ptII/ptolemy/actor/lib/test/auto/WallClockTime.xml (RunModel)" time="1.012" />
  <testcase classname="ptolemy.util.test.junit.AutoTests" name="[399] /home/travis/build/icyphy/ptII/ptolemy/actor/lib/test/auto/WidthTestWithSubscriberPublisher.xml (RunModel)" time="0.038" />
  <testcase classname="ptolemy.util.test.junit.AutoTests" name="[400] /home/travis/build/icyphy/ptII/ptolemy/actor/lib/test/auto/WidthTestWithSubscriberPublisher2.xml (RunModel)" time="0.014" />
  <testcase classname="ptolemy.util.test.junit.AutoTests" name="[401] /home/travis/build/icyphy/ptII/ptolemy/actor/lib/test/auto/WidthTestWithSubscriberPublisher3.xml (RunModel)" time="0.011" />
  <testcase classname="ptolemy.util.test.junit.AutoTests" name="[402] /home/travis/build/icyphy/ptII/ptolemy/actor/lib/test/auto/Writer.xml (RunModel)" time="0.009" />
  <testcase classname="ptolemy.util.test.junit.AutoTests" name="[403] /home/travis/build/icyphy/ptII/ptolemy/actor/lib/test/auto/array.xml (RunModel)" time="0.025" />
  <testcase classname="ptolemy.util.test.junit.AutoTests" name="[404] /home/travis/build/icyphy/ptII/ptolemy/actor/lib/test/auto/array2.xml (RunModel)" time="0.034" />
  <testcase classname="ptolemy.util.test.junit.AutoTests" name="[405] /home/travis/build/icyphy/ptII/ptolemy/actor/lib/test/auto/arrayType.xml (RunModel)" time="0.011" />
  <testcase classname="ptolemy.util.test.junit.AutoTests" name="[406] /home/travis/build/icyphy/ptII/ptolemy/actor/lib/test/auto/arrayType10.xml (RunModel)" time="0.008" />
  <testcase classname="ptolemy.util.test.junit.AutoTests" name="[407] /home/travis/build/icyphy/ptII/ptolemy/actor/lib/test/auto/arrayType11.xml (RunModel)" time="0.008" />
  <testcase classname="ptolemy.util.test.junit.AutoTests" name="[408] /home/travis/build/icyphy/ptII/ptolemy/actor/lib/test/auto/arrayType12.xml (RunModel)" time="0.01" />
  <testcase classname="ptolemy.util.test.junit.AutoTests" name="[409] /home/travis/build/icyphy/ptII/ptolemy/actor/lib/test/auto/arrayType13.xml (RunModel)" time="0.009" />
  <testcase classname="ptolemy.util.test.junit.AutoTests" name="[410] /home/travis/build/icyphy/ptII/ptolemy/actor/lib/test/auto/arrayType14.xml (RunModel)" time="0.009" />
  <testcase classname="ptolemy.util.test.junit.AutoTests" name="[411] /home/travis/build/icyphy/ptII/ptolemy/actor/lib/test/auto/arrayType15.xml (RunModel)" time="0.01" />
  <testcase classname="ptolemy.util.test.junit.AutoTests" name="[412] /home/travis/build/icyphy/ptII/ptolemy/actor/lib/test/auto/arrayType16.xml (RunModel)" time="0.009" />
  <testcase classname="ptolemy.util.test.junit.AutoTests" name="[413] /home/travis/build/icyphy/ptII/ptolemy/actor/lib/test/auto/arrayType17.xml (RunModel)" time="0.009" />
  <testcase classname="ptolemy.util.test.junit.AutoTests" name="[414] /home/travis/build/icyphy/ptII/ptolemy/actor/lib/test/auto/arrayType18.xml (RunModel)" time="0.008" />
  <testcase classname="ptolemy.util.test.junit.AutoTests" name="[415] /home/travis/build/icyphy/ptII/ptolemy/actor/lib/test/auto/arrayType19.xml (RunModel)" time="0.008" />
  <testcase classname="ptolemy.util.test.junit.AutoTests" name="[416] /home/travis/build/icyphy/ptII/ptolemy/actor/lib/test/auto/arrayType2.xml (RunModel)" time="0.008" />
  <testcase classname="ptolemy.util.test.junit.AutoTests" name="[417] /home/travis/build/icyphy/ptII/ptolemy/actor/lib/test/auto/arrayType20.xml (RunModel)" time="0.009" />
  <testcase classname="ptolemy.util.test.junit.AutoTests" name="[418] /home/travis/build/icyphy/ptII/ptolemy/actor/lib/test/auto/arrayType21.xml (RunModel)" time="0.009" />
  <testcase classname="ptolemy.util.test.junit.AutoTests" name="[419] /home/travis/build/icyphy/ptII/ptolemy/actor/lib/test/auto/arrayType22.xml (RunModel)" time="0.008" />
  <testcase classname="ptolemy.util.test.junit.AutoTests" name="[420] /home/travis/build/icyphy/ptII/ptolemy/actor/lib/test/auto/arrayType23.xml (RunModel)" time="0.009" />
  <testcase classname="ptolemy.util.test.junit.AutoTests" name="[421] /home/travis/build/icyphy/ptII/ptolemy/actor/lib/test/auto/arrayType24.xml (RunModel)" time="0.009" />
  <testcase classname="ptolemy.util.test.junit.AutoTests" name="[422] /home/travis/build/icyphy/ptII/ptolemy/actor/lib/test/auto/arrayType25.xml (RunModel)" time="0.01" />
  <testcase classname="ptolemy.util.test.junit.AutoTests" name="[423] /home/travis/build/icyphy/ptII/ptolemy/actor/lib/test/auto/arrayType26.xml (RunModel)" time="0.009" />
  <testcase classname="ptolemy.util.test.junit.AutoTests" name="[424] /home/travis/build/icyphy/ptII/ptolemy/actor/lib/test/auto/arrayType27.xml (RunModel)" time="0.01" />
  <testcase classname="ptolemy.util.test.junit.AutoTests" name="[425] /home/travis/build/icyphy/ptII/ptolemy/actor/lib/test/auto/arrayType28.xml (RunModel)" time="0.018" />
  <testcase classname="ptolemy.util.test.junit.AutoTests" name="[426] /home/travis/build/icyphy/ptII/ptolemy/actor/lib/test/auto/arrayType3.xml (RunModel)" time="0.016" />
  <testcase classname="ptolemy.util.test.junit.AutoTests" name="[427] /home/travis/build/icyphy/ptII/ptolemy/actor/lib/test/auto/arrayType4.xml (RunModel)" time="0.021" />
  <testcase classname="ptolemy.util.test.junit.AutoTests" name="[428] /home/travis/build/icyphy/ptII/ptolemy/actor/lib/test/auto/arrayType5.xml (RunModel)" time="0.01" />
  <testcase classname="ptolemy.util.test.junit.AutoTests" name="[429] /home/travis/build/icyphy/ptII/ptolemy/actor/lib/test/auto/arrayType6.xml (RunModel)" time="0.008" />
  <testcase classname="ptolemy.util.test.junit.AutoTests" name="[430] /home/travis/build/icyphy/ptII/ptolemy/actor/lib/test/auto/arrayType7.xml (RunModel)" time="0.012" />
  <testcase classname="ptolemy.util.test.junit.AutoTests" name="[431] /home/travis/build/icyphy/ptII/ptolemy/actor/lib/test/auto/arrayType8.xml (RunModel)" time="0.009" />
  <testcase classname="ptolemy.util.test.junit.AutoTests" name="[432] /home/travis/build/icyphy/ptII/ptolemy/actor/lib/test/auto/arrayType9.xml (RunModel)" time="0.008" />
  <testcase classname="ptolemy.util.test.junit.AutoTests" name="[433] /home/travis/build/icyphy/ptII/ptolemy/actor/lib/test/auto/cast.xml (RunModel)" time="0.028" />
  <testcase classname="ptolemy.util.test.junit.AutoTests" name="[434] /home/travis/build/icyphy/ptII/ptolemy/actor/lib/test/auto/compositeMultiPort.xml (RunModel)" time="0.046" />
  <testcase classname="ptolemy.util.test.junit.AutoTests" name="[435] /home/travis/build/icyphy/ptII/ptolemy/actor/lib/test/auto/expressionCastInference.xml (RunModel)" time="0.035" />
  <testcase classname="ptolemy.util.test.junit.AutoTests" name="[436] /home/travis/build/icyphy/ptII/ptolemy/actor/lib/test/auto/expressionCastInference2.xml (RunModel)" time="0.027" />
  <testcase classname="ptolemy.util.test.junit.AutoTests" name="[437] /home/travis/build/icyphy/ptII/ptolemy/actor/lib/test/auto/expressionInference.xml (RunModel)" time="0.064" />
  <testcase classname="ptolemy.util.test.junit.AutoTests" name="[438] /home/travis/build/icyphy/ptII/ptolemy/actor/lib/test/auto/expression_bug.xml (RunModel)" time="0.027" />
  <testcase classname="ptolemy.util.test.junit.AutoTests" name="[439] /home/travis/build/icyphy/ptII/ptolemy/actor/lib/test/auto/factorial.xml (RunModel)" time="0.086" />
  <testcase classname="ptolemy.util.test.junit.AutoTests" name="[440] /home/travis/build/icyphy/ptII/ptolemy/actor/lib/test/auto/filterTest1.xml (RunModel)" time="0.018" />
  <testcase classname="ptolemy.util.test.junit.AutoTests" name="[441] /home/travis/build/icyphy/ptII/ptolemy/actor/lib/test/auto/funcApplyInConst.xml (RunModel)" time="0.006" />
  <testcase classname="ptolemy.util.test.junit.AutoTests" name="[442] /home/travis/build/icyphy/ptII/ptolemy/actor/lib/test/auto/funcApplyInExpr.xml (RunModel)" time="0.006" />
  <testcase classname="ptolemy.util.test.junit.AutoTests" name="[443] /home/travis/build/icyphy/ptII/ptolemy/actor/lib/test/auto/function.xml (RunModel)" time="0.013" />
  <testcase classname="ptolemy.util.test.junit.AutoTests" name="[444] /home/travis/build/icyphy/ptII/ptolemy/actor/lib/test/auto/function2.xml (RunModel)" time="0.009" />
  <testcase classname="ptolemy.util.test.junit.AutoTests" name="[445] /home/travis/build/icyphy/ptII/ptolemy/actor/lib/test/auto/function3.xml (RunModel)" time="0.006" />
  <testcase classname="ptolemy.util.test.junit.AutoTests" name="[446] /home/travis/build/icyphy/ptII/ptolemy/actor/lib/test/auto/functionClosureTest1.xml (RunModel)" time="0.009" />
  <testcase classname="ptolemy.util.test.junit.AutoTests" name="[447] /home/travis/build/icyphy/ptII/ptolemy/actor/lib/test/auto/functionClosureTest2.xml (RunModel)" time="0.006" />
  <testcase classname="ptolemy.util.test.junit.AutoTests" name="[448] /home/travis/build/icyphy/ptII/ptolemy/actor/lib/test/auto/functionClosureTest3.xml (RunModel)" time="0.009" />
  <testcase classname="ptolemy.util.test.junit.AutoTests" name="[449] /home/travis/build/icyphy/ptII/ptolemy/actor/lib/test/auto/functionClosureTest4.xml (RunModel)" time="0.014" />
  <testcase classname="ptolemy.util.test.junit.AutoTests" name="[450] /home/travis/build/icyphy/ptII/ptolemy/actor/lib/test/auto/functionClosureTest5.xml (RunModel)" time="0.013" />
  <testcase classname="ptolemy.util.test.junit.AutoTests" name="[451] /home/travis/build/icyphy/ptII/ptolemy/actor/lib/test/auto/functionClosureTest6.xml (RunModel)" time="0.008" />
  <testcase classname="ptolemy.util.test.junit.AutoTests" name="[452] /home/travis/build/icyphy/ptII/ptolemy/actor/lib/test/auto/functionsOnArcs.xml (RunModel)" time="0.009" />
  <testcase classname="ptolemy.util.test.junit.AutoTests" name="[453] /home/travis/build/icyphy/ptII/ptolemy/actor/lib/test/auto/functionsOnArcsHOF.xml (RunModel)" time="0.012" />
  <testcase classname="ptolemy.util.test.junit.AutoTests" name="[454] /home/travis/build/icyphy/ptII/ptolemy/actor/lib/test/auto/logic.xml (RunModel)" time="0.022" />
  <testcase classname="ptolemy.util.test.junit.AutoTests" name="[455] /home/travis/build/icyphy/ptII/ptolemy/actor/lib/test/auto/matrixType.xml (RunModel)" time="0.009" />
  <testcase classname="ptolemy.util.test.junit.AutoTests" name="[456] /home/travis/build/icyphy/ptII/ptolemy/actor/lib/test/auto/matrixType10.xml (RunModel)" time="0.009" />
  <testcase classname="ptolemy.util.test.junit.AutoTests" name="[457] /home/travis/build/icyphy/ptII/ptolemy/actor/lib/test/auto/matrixType11.xml (RunModel)" time="0.009" />
  <testcase classname="ptolemy.util.test.junit.AutoTests" name="[458] /home/travis/build/icyphy/ptII/ptolemy/actor/lib/test/auto/matrixType12.xml (RunModel)" time="0.01" />
  <testcase classname="ptolemy.util.test.junit.AutoTests" name="[459] /home/travis/build/icyphy/ptII/ptolemy/actor/lib/test/auto/matrixType13.xml (RunModel)" time="0.009" />
  <testcase classname="ptolemy.util.test.junit.AutoTests" name="[460] /home/travis/build/icyphy/ptII/ptolemy/actor/lib/test/auto/matrixType14.xml (RunModel)" time="0.01" />
  <testcase classname="ptolemy.util.test.junit.AutoTests" name="[461] /home/travis/build/icyphy/ptII/ptolemy/actor/lib/test/auto/matrixType2.xml (RunModel)" time="0.01" />
  <testcase classname="ptolemy.util.test.junit.AutoTests" name="[462] /home/travis/build/icyphy/ptII/ptolemy/actor/lib/test/auto/matrixType3.xml (RunModel)" time="0.01" />
  <testcase classname="ptolemy.util.test.junit.AutoTests" name="[463] /home/travis/build/icyphy/ptII/ptolemy/actor/lib/test/auto/matrixType4.xml (RunModel)" time="0.011" />
  <testcase classname="ptolemy.util.test.junit.AutoTests" name="[464] /home/travis/build/icyphy/ptII/ptolemy/actor/lib/test/auto/matrixType5.xml (RunModel)" time="0.008" />
  <testcase classname="ptolemy.util.test.junit.AutoTests" name="[465] /home/travis/build/icyphy/ptII/ptolemy/actor/lib/test/auto/matrixType6.xml (RunModel)" time="0.009" />
  <testcase classname="ptolemy.util.test.junit.AutoTests" name="[466] /home/travis/build/icyphy/ptII/ptolemy/actor/lib/test/auto/matrixType7.xml (RunModel)" time="0.009" />
  <testcase classname="ptolemy.util.test.junit.AutoTests" name="[467] /home/travis/build/icyphy/ptII/ptolemy/actor/lib/test/auto/matrixType8.xml (RunModel)" time="0.009" />
  <testcase classname="ptolemy.util.test.junit.AutoTests" name="[468] /home/travis/build/icyphy/ptII/ptolemy/actor/lib/test/auto/matrixType9.xml (RunModel)" time="0.008" />
  <testcase classname="ptolemy.util.test.junit.AutoTests" name="[469] /home/travis/build/icyphy/ptII/ptolemy/actor/lib/test/auto/paraFunctest.xml (RunModel)" time="0.008" />
  <testcase classname="ptolemy.util.test.junit.AutoTests" name="[470] /home/travis/build/icyphy/ptII/ptolemy/actor/lib/test/auto/paraFunctest2.xml (RunModel)" time="0.011" />
  <testcase classname="ptolemy.util.test.junit.AutoTests" name="[471] /home/travis/build/icyphy/ptII/ptolemy/actor/lib/test/auto/parameterPassing.xml (RunModel)" time="0.008" />
  <testcase classname="ptolemy.util.test.junit.AutoTests" name="[472] /home/travis/build/icyphy/ptII/ptolemy/actor/lib/test/auto/record.xml (RunModel)" time="0.012" />
  <testcase classname="ptolemy.util.test.junit.AutoTests" name="[473] /home/travis/build/icyphy/ptII/ptolemy/actor/lib/test/auto/sizedarray1.xml (RunModel)" time="0.01" />
  <testcase classname="ptolemy.util.test.junit.AutoTests" name="[474] /home/travis/build/icyphy/ptII/ptolemy/actor/lib/test/auto/sizedarray2.xml (RunModel)" time="0.01" />
  <testcase classname="ptolemy.util.test.junit.AutoTests" name="[475] /home/travis/build/icyphy/ptII/ptolemy/actor/lib/test/auto/twoPublishers.xml (RunModel)" time="0.025" />
  <system-out><![CDATA[/home/travis/build/icyphy/ptII/ptolemy/actor/lib/test/AbsoluteValue.tcl
testDefs.tcl: setting time out to 9000 seconds at Tue Oct 27 15:56:38 UTC 2020
119 ms. Memory: 129024K Free: 93128K (72%)
9 ms. Memory: 129024K Free: 91080K (71%)
11 ms. Memory: 129024K Free: 90559K (70%)
16 ms. Memory: 129024K Free: 89527K (69%)
/home/travis/build/icyphy/ptII/ptolemy/actor/lib/test/AddSubtract.tcl
22 ms. Memory: 129024K Free: 87494K (68%)
18 ms. Memory: 129024K Free: 86984K (67%)
5 ms. Memory: 129024K Free: 85960K (67%)
7 ms. Memory: 129024K Free: 85431K (66%)
82 ms. Memory: 129024K Free: 82374K (64%)
13 ms. Memory: 129024K Free: 81864K (63%)
/home/travis/build/icyphy/ptII/ptolemy/actor/lib/test/Average.tcl
19 ms. Memory: 129024K Free: 79816K (62%)
12 ms. Memory: 129024K Free: 78792K (61%)
/home/travis/build/icyphy/ptII/ptolemy/actor/lib/test/Bernoulli.tcl
5 ms. Memory: 129024K Free: 77239K (60%)
11 ms. Memory: 129024K Free: 76744K (59%)
/home/travis/build/icyphy/ptII/ptolemy/actor/lib/test/Clock.tcl
preinitializing
resolving types
initializing
executing number 1
wrapping up
idle
46 ms. Memory: 129024K Free: 74182K (57%)
Completed execution with 5 iterations
preinitializing
resolving types
initializing
executing number 1
wrapping up
idle
8 ms. Memory: 129024K Free: 73158K (57%)
Completed execution with 5 iterations
preinitializing
resolving types
initializing
executing number 1
wrapping up
idle
7 ms. Memory: 129024K Free: 72648K (56%)
Completed execution with 5 iterations
/home/travis/build/icyphy/ptII/ptolemy/actor/lib/test/Commutator.tcl
16 ms. Memory: 129024K Free: 70600K (55%)
20 ms. Memory: 129024K Free: 69576K (54%)
11 ms. Memory: 129024K Free: 63942K (50%)
/home/travis/build/icyphy/ptII/ptolemy/actor/lib/test/Const.tcl
19 ms. Memory: 129024K Free: 62408K (48%)
2 ms. Memory: 129024K Free: 61894K (48%)
11 ms. Memory: 129024K Free: 61384K (48%)
16 ms. Memory: 129024K Free: 60360K (47%)
6 ms. Memory: 129024K Free: 59846K (46%)
18 ms. Memory: 129024K Free: 58312K (45%)
10 ms. Memory: 129024K Free: 57288K (44%)
4 ms. Memory: 129024K Free: 56264K (44%)
/home/travis/build/icyphy/ptII/ptolemy/actor/lib/test/CurrentTime.tcl
preinitializing
resolving types
initializing
executing number 1
wrapping up
idle
17 ms. Memory: 129024K Free: 54216K (42%)
Completed execution with 11 iterations
/home/travis/build/icyphy/ptII/ptolemy/actor/lib/test/DB.tcl
4 ms. Memory: 129024K Free: 52663K (41%)
2 ms. Memory: 129024K Free: 52168K (40%)
2 ms. Memory: 129024K Free: 51654K (40%)
/home/travis/build/icyphy/ptII/ptolemy/actor/lib/test/DiscreteRandomSource.tcl
preinitializing
resolving types
initializing
executing number 1
wrapping up
idle
4 ms. Memory: 129024K Free: 50120K (39%)
Completed execution with 4 iterations
preinitializing
resolving types
initializing
executing number 1
wrapping up
idle
3 ms. Memory: 129024K Free: 49575K (38%)
Completed execution with 4 iterations
preinitializing
resolving types
initializing
executing number 1
wrapping up
idle
3 ms. Memory: 129024K Free: 49096K (38%)
Completed execution with 4 iterations
preinitializing
resolving types
initializing
executing number 1
wrapping up
idle
3 ms. Memory: 129024K Free: 48582K (38%)
Completed execution with 4 iterations
preinitializing
resolving types
initializing
executing number 1
wrapping up
idle
4 ms. Memory: 129024K Free: 48072K (37%)
Completed execution with 4 iterations
/home/travis/build/icyphy/ptII/ptolemy/actor/lib/test/Distributor.tcl
16 ms. Memory: 129024K Free: 113314K (88%)
10 ms. Memory: 129024K Free: 112831K (87%)
StreamChangeRequest.changeExecuted(): <deleteEntity name="rec2"/> succeeded
StreamChangeRequest.changeExecuted(): <deleteRelation name="r2"/> succeeded
StreamChangeRequest.changeExecuted(): Record firings per iteration succeeded
4 ms. Memory: 129024K Free: 110265K (85%)
/home/travis/build/icyphy/ptII/ptolemy/actor/lib/test/Exit.tcl
Exit.tcl: this will print a message about Manager.exitAfterWrapup, which can be ignored.
11 ms. Memory: 129024K Free: 107183K (83%)
/home/travis/build/icyphy/ptII/ptolemy/actor/lib/test/Expression.tcl
21 ms. Memory: 129024K Free: 104135K (81%)
6 ms. Memory: 129024K Free: 103097K (80%)
4 ms. Memory: 129024K Free: 102593K (80%)
preinitializing
resolving types
initializing
executing number 1
wrapping up
idle
19 ms. Memory: 129024K Free: 101026K (78%)
Completed execution with 6 iterations
9 ms. Memory: 129024K Free: 100039K (78%)
8 ms. Memory: 129024K Free: 99521K (77%)
10 ms. Memory: 129024K Free: 97978K (76%)
9 ms. Memory: 129024K Free: 96960K (75%)
12 ms. Memory: 129024K Free: 95944K (74%)
/home/travis/build/icyphy/ptII/ptolemy/actor/lib/test/Gaussian.tcl
6 ms. Memory: 129024K Free: 93896K (73%)
sleeping 1 seconds: ......................................................................................................................................................................................................................................................................................................................................................................................................................................................................................................................................................................................................................................................................................................................................................................................................................................................................................................................................................................................................................................................................................................................................................................................................................................................................................................................................................................................................................................................................................................................................................................................................................................................................................................................................................................................................................................................................................................................................................................................................................................................................................................................................................................................................................................................................................................................................................................................................................................................................................................................................................................................................................................................................................................................................................................................................................................................................................................................................................................................................................................................................................................................................................................................................................................................................................................................................................................................................................................................................................................................................................................................................................................................................................................................................................................................................................................................................................................................................................................................................................................................................................................................................................................................................................................................................................................................................................................................................................................................................................................................................................................................................................................................................................................................................................................................................................................................................................................................................................................................................................................................................................................................................................................................................................................................................................................................................................................................................................................................................................................................................................................................................................................................................................................................................................................................................................................................................................................................................................................................................................................................................................................................................................................................................................................................................................................................................................................................................................................................................................................................................................................................................................................................................................................................................................................................................................................................................................................................................................................................................................................................................................................................................................................................................................................................................................................................................................................................................................................................................................................................................................................................................................................................................................................................................................................................................................................................................................................................................................................................................................................................................................................................................................................................................................................................................................................................................................................................................................................................................................................................................................................................................................................................................................................................................................................................................................................................................................................................................................................................................................................................................................................................................................................................................................................................................................................................................................................................................................................................................................................................................................................................................................................................................................................................................................................................................................................................................................................................................................................................................................................................................................................................................................................................................................................................................................................................................................................................................................................................................................................................................................................................................................................................................................................................................................................................................................................................................................................................................................................................................................................................................................................................................................................................................................................................................................................................................................................................................................................................................................................................................................................................................................................................................................................................................................................................................................................................................................................................................................................................................................................................................................................................................................................................................................................................................................................................................................................................................................................................................................................................................................................................................................................................................................................................................................................................................................................................................................................................................................................................................................................................................................................................................................................................................................................................................................................................................................................................................................................................................................................................................................................................................................................................................................................................................................................................................................................................................................................................................................................................................................................................................................................................................................................................................................................................................................................................................................................................................................................................................................................................................................................................................................................................................................................................................................................................................................................................................................................................................................................................................................................................................................................................................................................................................................................................................................................................................................................................................................................................................................................................................................................................................................................................................................................................................................................................................................................................................................................................................................................................................................................................................................................................................................................................................................................................................................................................................................................................................................................................................................................................................................................................................................................................................................................................................................................................................................................................................................................................................................................................................................................................................................................................................................................................................................................................................................................................................................................................................................................................................................................................................................................................................................................................................................................................................................................................................................................................................................................................................................................................................................................................................................................................................................................................................................................................................................................................................................................................................................................................................................................................................................................................................................................................................................................................................................................................................................................................................................................................................................................................................................................................................................................................................................................................................................................................................................................................................................................................................................................................................................................................................................................................................................................................................................................................................................................................................................................................................................................................................................................................................................................................................................................................................................................................................................................................................................................................................................................................................................................................................................................................................................................................................................................................................................................................................................................................................................................................................................................................................................................................................................................................................................................................................................................................................................................................................................................................................................................................................................................................................................................................................................................................................................................................................................................................................................................................................................................................................................................................................................................................................................................................................................................................................................................................................................................................................................................................................................................................................................................................................................................................................................................................................................................................................................................................................................................................................................................................................................................................................................................................................................................................................................................................................................................................................................................................................................................................................................................................................................................................................................................................................................................................................................................................................................................................................................................................................................................................................................................................................................................................................................................................................................................................................................................................................................................................................................................................................................................................................................................................................................................................................................................................................................................................................................................................................................................................................................................................................................................................................................................................................................................................................................................................................................................................................................................................................................................................................................................................................................................................................................................................................................................................................................................................................................................................................................................................................................................................................................................................................................................................................................................................................................................................................................................................................................................................................................................................................................................................................................................................................................................................................................................................................................................................................................................................................................................................................................................................................................................................................................................................................................................................................................................................................................................................................................................................................................................................................................................................................................................................................................................................................................................................................................................................................................................................................................................................................................................................................................................................................................................................................................................................................................................................................................................................................................................................................................................................................................................................................................................................................................................................................................................................................................................................................................................................................................................................................................................................................................................................................................................................................................................................................................................................................................................................................................................................................................................................................................................................................................................................................................................................................................................................................................................................................................................................................................................................................................................................................................................................................................................................................................................................................................................................................................................................................................................................................................................................................................................................................................................................................................................................................................................................................................................................................................................................................................................................................................................................................................................................................................................................................................................................................................................................................................................................................................................................................................................................................................................................................................................................................................................................................................................................................................................................................................................................................................................................................................................................................................................................................................................................................................................................................................................................................................................................................................................................................................................................................................................................................................................................................................................................................................................................................................................................................................................................................................................................................................................................................................................................................................................................................................................................................................................................................................................................................................................................................................................................................................................................................................................................................................................................................................................................................................................................................................................................................................................................................................................................................................................................................................................................................................................................................................................................................................................................................................................................................................................................................................................................................................................................................................................................................................................................................................................................................................................................................................................................................................................................................................................................................................................................................................................................................................................................................................................................................................................................................................................................................................................................................................................................................................................................................................................................................................................................................................................................................................................................................................................................................................................................................................................................................................................................................................................................................................................................................................................................................................................................................................................................................................................................................................................................................................................................................................................................................................................................................................................................................................................................................................................................................................................................................................................................................................................................................................................................................................................................................................................................................................................2 ms. Memory: 129024K Free: 64545K (50%)
2 ms. Memory: 129024K Free: 63527K (49%)
1 ms. Memory: 129024K Free: 63017K (49%)
2 ms. Memory: 129024K Free: 62497K (48%)
3 ms. Memory: 129024K Free: 61991K (48%)
/home/travis/build/icyphy/ptII/ptolemy/actor/lib/test/IIR.tcl
/home/travis/build/icyphy/ptII/ptolemy/actor/lib/test/Interpolator.tcl
4 ms. Memory: 129024K Free: 57897K (45%)
1 ms. Memory: 129024K Free: 57353K (44%)
2 ms. Memory: 129024K Free: 56873K (44%)
2 ms. Memory: 129024K Free: 56359K (44%)
2 ms. Memory: 129024K Free: 55321K (43%)
2 ms. Memory: 129024K Free: 54825K (42%)
3 ms. Memory: 129024K Free: 53801K (42%)
2 ms. Memory: 129024K Free: 52777K (41%)
2 ms. Memory: 129024K Free: 52263K (41%)
3 ms. Memory: 129024K Free: 51225K (40%)
/home/travis/build/icyphy/ptII/ptolemy/actor/lib/test/MathFunction.tcl
4 ms. Memory: 129024K Free: 112413K (87%)
7 ms. Memory: 129024K Free: 110893K (86%)
2 ms. Memory: 129024K Free: 109869K (85%)
2 ms. Memory: 129024K Free: 109341K (85%)
8 ms. Memory: 129024K Free: 107821K (84%)
8 ms. Memory: 129024K Free: 105773K (82%)
/home/travis/build/icyphy/ptII/ptolemy/actor/lib/test/Maximum.tcl
5 ms. Memory: 129024K Free: 103725K (80%)
6 ms. Memory: 129024K Free: 103197K (80%)
6 ms. Memory: 129024K Free: 102701K (80%)
5 ms. Memory: 129024K Free: 102173K (79%)
/home/travis/build/icyphy/ptII/ptolemy/actor/lib/test/Minimum.tcl
7 ms. Memory: 129024K Free: 100125K (78%)
4 ms. Memory: 129024K Free: 99629K (77%)
3 ms. Memory: 129024K Free: 99109K (77%)
2 ms. Memory: 129024K Free: 98091K (76%)
/home/travis/build/icyphy/ptII/ptolemy/actor/lib/test/MultiplyDivide.tcl
8 ms. Memory: 129024K Free: 96557K (75%)
8 ms. Memory: 129024K Free: 95533K (74%)
4 ms. Memory: 129024K Free: 95019K (74%)
4 ms. Memory: 129024K Free: 93995K (73%)
4 ms. Memory: 129024K Free: 93485K (72%)
/home/travis/build/icyphy/ptII/ptolemy/actor/lib/test/OrderedMerge.tcl
Connections changed on port: inputA
Connections changed on port: inputB
Connections changed on port: output
Connections changed on port: output
Connections changed on port: output
Connections changed on port: input
.top. Preinitializing ...
Invoking preinitialize():  .top.OrderedMerge
Called preinitialize()
Invoking preinitialize():  .top.Ramp
Called preinitialize()
Invoking preinitialize():  .top.Ramp2
Called preinitialize()
Invoking preinitialize():  .top.Test
Called preinitialize()
Connections changed on port: inputA
Connections changed on port: output
Connections changed on port: output
Connections changed on port: input
Connections changed on port: inputB
Connections changed on port: output
.top. Finished preinitialize().
Called initialize().
Invoking initialize():  .top.OrderedMerge
Initializing actor: .top.OrderedMerge
Adding a thread: .top.OrderedMerge
Invoking initialize():  .top.Ramp
Initializing actor: .top.Ramp
Adding a thread: .top.Ramp
Invoking initialize():  .top.Ramp2
Initializing actor: .top.Ramp2
Adding a thread: .top.Ramp2
Invoking initialize():  .top.Test
Initializing actor: .top.Test
Adding a thread: .top.Test
Called fire().
Checking for deadlock:
-- Starting thread.
-- Starting thread.
Called initialize()
-- Starting thread.
Called initialize()
Called prefire()
Called fire()
Called initialize()
Called prefire()
Called prefire()
There are 0 Blocked actors, 0 Stopped actors, and 4 active threads.
Waiting for actors to stop.
-- Starting thread.
Called initialize()
Called prefire()
Called fire()
Called fire()
Called fire()
Called postfire()
Called prefire()
Called fire()
Called postfire()
Called prefire()
Called fire()
Checking for deadlock:
There are 3 Blocked actors, 0 Stopped actors, and 4 active threads.
Waiting for actors to stop.
Called postfire()
Called prefire()
Called fire()
Checking for deadlock:
There are 3 Blocked actors, 0 Stopped actors, and 4 active threads.
Waiting for actors to stop.
Read input token from inputA with value 0.0
Next port to read input from is inputB
Called postfire()
Called prefire()
Called fire()
Called postfire()
Called prefire()
Called fire()
Read input token from inputB with value 0.0
Sent output token with value 0.0
Next port to read input from is inputA
Called postfire()
Called prefire()
Called fire()
Read input token from inputA with value 1.0
Checking for deadlock:
There are 2 Blocked actors, 0 Stopped actors, and 4 active threads.
Waiting for actors to stop.
-- Read input: 0.0, which is expected to match: 0.0
Called prefire()
Called fire()
Called postfire()
Called prefire()
Called fire()
Checking for deadlock:
There are 3 Blocked actors, 0 Stopped actors, and 4 active threads.
Waiting for actors to stop.
-- Read input: 0.0, which is expected to match: 0.0
Called prefire()
Called fire()
Checking for deadlock:
There are 3 Blocked actors, 0 Stopped actors, and 4 active threads.
Waiting for actors to stop.
Sent output token with value 0.0
Next port to read input from is inputB
Called postfire()
Called prefire()
Called fire()
Checking for deadlock:
There are 2 Blocked actors, 0 Stopped actors, and 4 active threads.
Waiting for actors to stop.
Called postfire()
Called prefire()
Called fire()
Checking for deadlock:
There are 3 Blocked actors, 0 Stopped actors, and 4 active threads.
Waiting for actors to stop.
Read input token from inputB with value 1.5
Checking for deadlock:
There are 2 Blocked actors, 0 Stopped actors, and 4 active threads.
Waiting for actors to stop.
-- Read input: 1.0, which is expected to match: 1.0
Called prefire()
Called fire()
Checking for deadlock:
There are 3 Blocked actors, 0 Stopped actors, and 4 active threads.
Waiting for actors to stop.
Sent output token with value 1.0
Next port to read input from is inputA
Called postfire()
Called prefire()
Called fire()
Called postfire()
Called prefire()
Called fire()
Checking for deadlock:
There are 3 Blocked actors, 0 Stopped actors, and 4 active threads.
Waiting for actors to stop.
Read input token from inputA with value 2.0
-- Read input: 1.5, which is expected to match: 1.5
Called prefire()
Called fire()
Checking for deadlock:
There are 3 Blocked actors, 0 Stopped actors, and 4 active threads.
Waiting for actors to stop.
Sent output token with value 1.5
Next port to read input from is inputB
Called postfire()
Called prefire()
Called fire()
Checking for deadlock:
There are 2 Blocked actors, 0 Stopped actors, and 4 active threads.
Waiting for actors to stop.
Called postfire()
Called prefire()
Called fire()
Checking for deadlock:
There are 3 Blocked actors, 0 Stopped actors, and 4 active threads.
Waiting for actors to stop.
Read input token from inputB with value 3.0
Checking for deadlock:
There are 2 Blocked actors, 0 Stopped actors, and 4 active threads.
Waiting for actors to stop.
-- Read input: 2.0, which is expected to match: 2.0
Called prefire()
Called fire()
Checking for deadlock:
There are 3 Blocked actors, 0 Stopped actors, and 4 active threads.
Waiting for actors to stop.
Sent output token with value 2.0
Next port to read input from is inputA
Called postfire()
Called prefire()
Called fire()
Called postfire()
Called prefire()
Called fire()
Checking for deadlock:
There are 3 Blocked actors, 0 Stopped actors, and 4 active threads.
Waiting for actors to stop.
Read input token from inputA with value 3.0
-- Read input: 3.0, which is expected to match: 3.0
Called prefire()
Called fire()
Checking for deadlock:
There are 3 Blocked actors, 0 Stopped actors, and 4 active threads.
Waiting for actors to stop.
Sent output token with value 3.0
Next port to read input from is inputB
Called postfire()
Called prefire()
Called fire()
Checking for deadlock:
There are 2 Blocked actors, 0 Stopped actors, and 4 active threads.
Waiting for actors to stop.
Called postfire()
Called prefire()
Called fire()
Checking for deadlock:
There are 3 Blocked actors, 0 Stopped actors, and 4 active threads.
Waiting for actors to stop.
Read input token from inputB with value 4.5
Checking for deadlock:
There are 2 Blocked actors, 0 Stopped actors, and 4 active threads.
Waiting for actors to stop.
-- Read input: 3.0, which is expected to match: 3.0
Called prefire()
Called fire()
Checking for deadlock:
There are 3 Blocked actors, 0 Stopped actors, and 4 active threads.
Waiting for actors to stop.
Sent output token with value 3.0
Next port to read input from is inputA
Called postfire()
Called prefire()
Called fire()
Called postfire()
Called prefire()
Called fire()
Checking for deadlock:
There are 3 Blocked actors, 0 Stopped actors, and 4 active threads.
Waiting for actors to stop.
Read input token from inputA with value 4.0
-- Read input: 4.0, which is expected to match: 4.0
Called prefire()
Called fire()
Past the end of training data. Read and discard all inputs.
Checking for deadlock:
There are 3 Blocked actors, 0 Stopped actors, and 4 active threads.
Waiting for actors to stop.
Sent output token with value 4.0
Next port to read input from is inputA
Called postfire()
Called prefire()
Called fire()
Called postfire()
Called prefire()
Called fire()
Checking for deadlock:
There are 3 Blocked actors, 0 Stopped actors, and 4 active threads.
Waiting for actors to stop.
Read input token from inputA with value 5.0
Called prefire()
Called fire()
Past the end of training data. Read and discard all inputs.
Checking for deadlock:
There are 3 Blocked actors, 0 Stopped actors, and 4 active threads.
Waiting for actors to stop.
Sent output token with value 4.5
Next port to read input from is inputB
Called postfire()
Called prefire()
Called fire()
Checking for deadlock:
There are 2 Blocked actors, 0 Stopped actors, and 4 active threads.
Waiting for actors to stop.
Called postfire()
Called prefire()
Called fire()
Checking for deadlock:
There are 3 Blocked actors, 0 Stopped actors, and 4 active threads.
Waiting for actors to stop.
Read input token from inputB with value 6.0
Checking for deadlock:
There are 2 Blocked actors, 0 Stopped actors, and 4 active threads.
Waiting for actors to stop.
Called prefire()
Called fire()
Past the end of training data. Read and discard all inputs.
Checking for deadlock:
There are 3 Blocked actors, 0 Stopped actors, and 4 active threads.
Waiting for actors to stop.
Sent output token with value 5.0
Next port to read input from is inputA
Called postfire()
Called prefire()
Called fire()
Called postfire()
Called prefire()
Called fire()
Checking for deadlock:
There are 3 Blocked actors, 0 Stopped actors, and 4 active threads.
Waiting for actors to stop.
Read input token from inputA with value 6.0
Called prefire()
Called fire()
Past the end of training data. Read and discard all inputs.
Checking for deadlock:
There are 3 Blocked actors, 0 Stopped actors, and 4 active threads.
Waiting for actors to stop.
Sent output token with value 6.0
Next port to read input from is inputB
Called postfire()
Called prefire()
Called fire()
Checking for deadlock:
There are 2 Blocked actors, 0 Stopped actors, and 4 active threads.
Waiting for actors to stop.
Called postfire()
Called prefire()
Called fire()
Checking for deadlock:
There are 3 Blocked actors, 0 Stopped actors, and 4 active threads.
Waiting for actors to stop.
Read input token from inputB with value 7.5
Checking for deadlock:
There are 2 Blocked actors, 0 Stopped actors, and 4 active threads.
Waiting for actors to stop.
Called prefire()
Called fire()
Past the end of training data. Read and discard all inputs.
Checking for deadlock:
There are 3 Blocked actors, 0 Stopped actors, and 4 active threads.
Waiting for actors to stop.
Sent output token with value 6.0
Next port to read input from is inputA
Called postfire()
Called prefire()
Called fire()
Called postfire()
Called prefire()
Called fire()
Checking for deadlock:
There are 3 Blocked actors, 0 Stopped actors, and 4 active threads.
Waiting for actors to stop.
Read input token from inputA with value 7.0
Called prefire()
Called fire()
Past the end of training data. Read and discard all inputs.
Checking for deadlock:
There are 3 Blocked actors, 0 Stopped actors, and 4 active threads.
Waiting for actors to stop.
Sent output token with value 7.0
Next port to read input from is inputA
Called postfire()
Called prefire()
Called fire()
-- Thread wrapup() called.
Called wrapup()
Thread .top.Ramp is exiting.
-- Thread stopped.
Checking for deadlock:
There are 2 Blocked actors, 0 Stopped actors, and 3 active threads.
Waiting for actors to stop.
Read input token from inputA with value 8.0
Sent output token with value 7.5
Next port to read input from is inputB
Called postfire()
Called prefire()
Called fire()
Read input token from inputB with value 9.0
Checking for deadlock:
There are 1 Blocked actors, 0 Stopped actors, and 3 active threads.
Waiting for actors to stop.
Called prefire()
Called fire()
Past the end of training data. Read and discard all inputs.
Called postfire()
Called prefire()
Called fire()
Checking for deadlock:
There are 2 Blocked actors, 0 Stopped actors, and 3 active threads.
Waiting for actors to stop.
Called prefire()
Called fire()
Past the end of training data. Read and discard all inputs.
Checking for deadlock:
There are 2 Blocked actors, 0 Stopped actors, and 3 active threads.
Waiting for actors to stop.
Sent output token with value 8.0
Next port to read input from is inputA
Called postfire()
Called prefire()
Called fire()
Read input token from inputA with value 9.0
Called prefire()
Called fire()
Past the end of training data. Read and discard all inputs.
Checking for deadlock:
There are 2 Blocked actors, 0 Stopped actors, and 3 active threads.
Waiting for actors to stop.
Sent output token with value 9.0
Next port to read input from is inputB
Called postfire()
Called prefire()
Called fire()
Checking for deadlock:
There are 1 Blocked actors, 0 Stopped actors, and 3 active threads.
Waiting for actors to stop.
Called postfire()
Called prefire()
Called fire()
Checking for deadlock:
There are 2 Blocked actors, 0 Stopped actors, and 3 active threads.
Waiting for actors to stop.
Read input token from inputB with value 10.5
Checking for deadlock:
There are 1 Blocked actors, 0 Stopped actors, and 3 active threads.
Waiting for actors to stop.
Called prefire()
Called fire()
Past the end of training data. Read and discard all inputs.
Checking for deadlock:
There are 2 Blocked actors, 0 Stopped actors, and 3 active threads.
Waiting for actors to stop.
Sent output token with value 9.0
Next port to read input from is inputA
Called postfire()
Called prefire()
Called fire()
Checking for deadlock:
There are 3 Blocked actors, 0 Stopped actors, and 3 active threads.
Actors have stopped.
Checking for deadlock:
There are 3 Blocked actors, 0 Stopped actors, and 3 active threads.
Deadlock detected.
Resolving Deadlock
Checking for deadlock:
There are 3 Blocked actors, 0 Stopped actors, and 3 active threads.
Artificial Deadlock - increasing queue capacity.
increasing the capacity of receiver ptolemy.actor.TypedIOPort {.top.OrderedMerge.inputB} to 2
-- Thread wrapup() called.
Called wrapup()
Thread .top.Ramp2 is exiting.
-- Thread stopped.
Director: Called postfire().
Called postfire().
_stopRequested = false
_stopFireRequested = false
Returning from postfire(): true
Called fire().
Checking for deadlock:
There are 2 Blocked actors, 0 Stopped actors, and 2 active threads.
Actors have stopped.
Checking for deadlock:
There are 2 Blocked actors, 0 Stopped actors, and 2 active threads.
Deadlock detected.
Resolving Deadlock
Checking for deadlock:
There are 2 Blocked actors, 0 Stopped actors, and 2 active threads.
Deadlock detected: no processes blocked on write, but some are blocked on read.
Called postfire().
_stopRequested = false
_stopFireRequested = false
Returning from postfire(): false
Finished deactivating branches.
Called wrapup().
-- Thread wrapup() called.
Called wrapup()
Thread .top.OrderedMerge is exiting.
-- Thread stopped.
-- Blocked Receiver call threw TerminateProcessException.
-- Thread wrapup() called.
Called wrapup()
Thread .top.Test is exiting.
-- Thread stopped.
-- Blocked Receiver call threw TerminateProcessException.
66 ms. Memory: 129024K Free: 88365K (68%)
.top. Preinitializing ...
Invoking preinitialize():  .top.OrderedMerge
Called preinitialize()
Invoking preinitialize():  .top.Ramp
Called preinitialize()
Invoking preinitialize():  .top.Ramp2
Called preinitialize()
Invoking preinitialize():  .top.Test
Called preinitialize()
.top. Finished preinitialize().
Called initialize().
Invoking initialize():  .top.OrderedMerge
Initializing actor: .top.OrderedMerge
Adding a thread: .top.OrderedMerge
Invoking initialize():  .top.Ramp
Initializing actor: .top.Ramp
Adding a thread: .top.Ramp
Invoking initialize():  .top.Ramp2
Initializing actor: .top.Ramp2
Adding a thread: .top.Ramp2
Invoking initialize():  .top.Test
Initializing actor: .top.Test
Adding a thread: .top.Test
-- Starting thread.
Called initialize()
Called prefire()
Called fire()
-- Starting thread.
Called initialize()
Called prefire()
Called fire()
Called postfire()
Called prefire()
Called fire()
-- Starting thread.
Called initialize()
Called prefire()
Called fire()
Called postfire()
Called prefire()
Called fire()
Called fire().
Checking for deadlock:
There are 3 Blocked actors, 0 Stopped actors, and 4 active threads.
Waiting for actors to stop.
-- Starting thread.
Called initialize()
Called prefire()
Called fire()
Checking for deadlock:
There are 2 Blocked actors, 0 Stopped actors, and 4 active threads.
Waiting for actors to stop.
Called postfire()
Called prefire()
Called fire()
Checking for deadlock:
There are 3 Blocked actors, 0 Stopped actors, and 4 active threads.
Waiting for actors to stop.
Read input token from inputA with value 0.0
Next port to read input from is inputB
Called postfire()
Called prefire()
Called fire()
Called postfire()
Called prefire()
Called fire()
Checking for deadlock:
There are 3 Blocked actors, 0 Stopped actors, and 4 active threads.
Waiting for actors to stop.
Read input token from inputB with value 0.0
Checking for deadlock:
There are 2 Blocked actors, 0 Stopped actors, and 4 active threads.
Waiting for actors to stop.
-- Read input: 0.0, which is expected to match: 0.0
Called prefire()
Called fire()
Checking for deadlock:
There are 3 Blocked actors, 0 Stopped actors, and 4 active threads.
Waiting for actors to stop.
Sent output token with value 0.0
Next port to read input from is inputA
Called postfire()
Called prefire()
Called fire()
Checking for deadlock:
There are 2 Blocked actors, 0 Stopped actors, and 4 active threads.
Waiting for actors to stop.
Called postfire()
Called prefire()
Called fire()
Checking for deadlock:
There are 3 Blocked actors, 0 Stopped actors, and 4 active threads.
Waiting for actors to stop.
Read input token from inputA with value 1.0
Checking for deadlock:
There are 2 Blocked actors, 0 Stopped actors, and 4 active threads.
Waiting for actors to stop.
-- Read input: 0.0, which is expected to match: 0.0
Called prefire()
Called fire()
Checking for deadlock:
There are 3 Blocked actors, 0 Stopped actors, and 4 active threads.
Waiting for actors to stop.
Sent output token with value 0.0
Next port to read input from is inputB
Called postfire()
Called prefire()
Called fire()
Called postfire()
Called prefire()
Called fire()
Checking for deadlock:
There are 3 Blocked actors, 0 Stopped actors, and 4 active threads.
Waiting for actors to stop.
Read input token from inputB with value 1.5
-- Read input: 1.0, which is expected to match: 1.0
Called prefire()
Called fire()
Checking for deadlock:
There are 3 Blocked actors, 0 Stopped actors, and 4 active threads.
Waiting for actors to stop.
Sent output token with value 1.0
Next port to read input from is inputA
Called postfire()
Called prefire()
Called fire()
Checking for deadlock:
There are 2 Blocked actors, 0 Stopped actors, and 4 active threads.
Waiting for actors to stop.
Called postfire()
Called prefire()
Called fire()
Checking for deadlock:
There are 3 Blocked actors, 0 Stopped actors, and 4 active threads.
Waiting for actors to stop.
Read input token from inputA with value 2.0
Checking for deadlock:
There are 2 Blocked actors, 0 Stopped actors, and 4 active threads.
Waiting for actors to stop.
-- Read input: 1.5, which is expected to match: 1.5
Called prefire()
Called fire()
Checking for deadlock:
There are 3 Blocked actors, 0 Stopped actors, and 4 active threads.
Waiting for actors to stop.
Sent output token with value 1.5
Next port to read input from is inputB
Called postfire()
Called prefire()
Called fire()
Checking for deadlock:
There are 2 Blocked actors, 0 Stopped actors, and 4 active threads.
Waiting for actors to stop.
Called postfire()
Called prefire()
Called fire()
Checking for deadlock:
There are 3 Blocked actors, 0 Stopped actors, and 4 active threads.
Waiting for actors to stop.
Read input token from inputB with value 3.0
Checking for deadlock:
There are 2 Blocked actors, 0 Stopped actors, and 4 active threads.
Waiting for actors to stop.
-- Read input: 2.0, which is expected to match: 2.0
Called prefire()
Called fire()
Checking for deadlock:
There are 3 Blocked actors, 0 Stopped actors, and 4 active threads.
Waiting for actors to stop.
Sent output token with value 2.0
Next port to read input from is inputA
Called postfire()
Called prefire()
Called fire()
Called postfire()
Called prefire()
Called fire()
Checking for deadlock:
There are 3 Blocked actors, 0 Stopped actors, and 4 active threads.
Waiting for actors to stop.
Read input token from inputA with value 3.0
-- Read input: 3.0, which is expected to match: 3.0
Called prefire()
Called fire()
Checking for deadlock:
There are 3 Blocked actors, 0 Stopped actors, and 4 active threads.
Waiting for actors to stop.
Sent output token with value 3.0
Next port to read input from is inputB
Called postfire()
Called prefire()
Called fire()
Checking for deadlock:
There are 2 Blocked actors, 0 Stopped actors, and 4 active threads.
Waiting for actors to stop.
Called postfire()
Called prefire()
Called fire()
Checking for deadlock:
There are 3 Blocked actors, 0 Stopped actors, and 4 active threads.
Waiting for actors to stop.
Read input token from inputB with value 4.5
Checking for deadlock:
There are 2 Blocked actors, 0 Stopped actors, and 4 active threads.
Waiting for actors to stop.
-- Read input: 3.0, which is expected to match: 3.0
Called prefire()
Called fire()
Checking for deadlock:
There are 3 Blocked actors, 0 Stopped actors, and 4 active threads.
Waiting for actors to stop.
Sent output token with value 3.0
Next port to read input from is inputA
Called postfire()
Called prefire()
Called fire()
Called postfire()
Called prefire()
Called fire()
Checking for deadlock:
There are 3 Blocked actors, 0 Stopped actors, and 4 active threads.
Waiting for actors to stop.
Read input token from inputA with value 4.0
-- Read input: 4.0, which is expected to match: 4.0
Called prefire()
Called fire()
Past the end of training data. Read and discard all inputs.
Checking for deadlock:
There are 3 Blocked actors, 0 Stopped actors, and 4 active threads.
Waiting for actors to stop.
Sent output token with value 4.0
Next port to read input from is inputA
Called postfire()
Called prefire()
Called fire()
Called postfire()
Called prefire()
Called fire()
Checking for deadlock:
There are 3 Blocked actors, 0 Stopped actors, and 4 active threads.
Waiting for actors to stop.
Read input token from inputA with value 5.0
Called prefire()
Called fire()
Past the end of training data. Read and discard all inputs.
Checking for deadlock:
There are 3 Blocked actors, 0 Stopped actors, and 4 active threads.
Waiting for actors to stop.
Sent output token with value 4.5
Next port to read input from is inputB
Called postfire()
Called prefire()
Called fire()
Checking for deadlock:
There are 2 Blocked actors, 0 Stopped actors, and 4 active threads.
Waiting for actors to stop.
Called postfire()
Called prefire()
Called fire()
Checking for deadlock:
There are 3 Blocked actors, 0 Stopped actors, and 4 active threads.
Waiting for actors to stop.
Read input token from inputB with value 6.0
Checking for deadlock:
There are 2 Blocked actors, 0 Stopped actors, and 4 active threads.
Waiting for actors to stop.
Called prefire()
Called fire()
Past the end of training data. Read and discard all inputs.
Checking for deadlock:
There are 3 Blocked actors, 0 Stopped actors, and 4 active threads.
Waiting for actors to stop.
Sent output token with value 5.0
Next port to read input from is inputA
Called postfire()
Called prefire()
Called fire()
Called postfire()
Called prefire()
Called fire()
Checking for deadlock:
There are 3 Blocked actors, 0 Stopped actors, and 4 active threads.
Waiting for actors to stop.
Read input token from inputA with value 6.0
Called prefire()
Called fire()
Past the end of training data. Read and discard all inputs.
Checking for deadlock:
There are 3 Blocked actors, 0 Stopped actors, and 4 active threads.
Waiting for actors to stop.
Sent output token with value 6.0
Next port to read input from is inputB
Called postfire()
Called prefire()
Called fire()
Checking for deadlock:
There are 2 Blocked actors, 0 Stopped actors, and 4 active threads.
Waiting for actors to stop.
Called postfire()
Called prefire()
Called fire()
Checking for deadlock:
There are 3 Blocked actors, 0 Stopped actors, and 4 active threads.
Waiting for actors to stop.
Read input token from inputB with value 7.5
Checking for deadlock:
There are 2 Blocked actors, 0 Stopped actors, and 4 active threads.
Waiting for actors to stop.
Called prefire()
Called fire()
Past the end of training data. Read and discard all inputs.
Checking for deadlock:
There are 3 Blocked actors, 0 Stopped actors, and 4 active threads.
Waiting for actors to stop.
Sent output token with value 6.0
Next port to read input from is inputA
Called postfire()
Called prefire()
Called fire()
Called postfire()
Called prefire()
Called fire()
Checking for deadlock:
There are 3 Blocked actors, 0 Stopped actors, and 4 active threads.
Waiting for actors to stop.
Read input token from inputA with value 7.0
Called prefire()
Called fire()
Past the end of training data. Read and discard all inputs.
Checking for deadlock:
There are 3 Blocked actors, 0 Stopped actors, and 4 active threads.
Waiting for actors to stop.
Sent output token with value 7.0
Next port to read input from is inputA
Called postfire()
Called prefire()
Called fire()
-- Thread wrapup() called.
Called wrapup()
Thread .top.Ramp is exiting.
-- Thread stopped.
Checking for deadlock:
There are 2 Blocked actors, 0 Stopped actors, and 3 active threads.
Waiting for actors to stop.
Read input token from inputA with value 8.0
Checking for deadlock:
There are 1 Blocked actors, 0 Stopped actors, and 3 active threads.
Waiting for actors to stop.
Called prefire()
Called fire()
Past the end of training data. Read and discard all inputs.
Checking for deadlock:
There are 2 Blocked actors, 0 Stopped actors, and 3 active threads.
Waiting for actors to stop.
Sent output token with value 7.5
Next port to read input from is inputB
Called postfire()
Called prefire()
Called fire()
Checking for deadlock:
There are 1 Blocked actors, 0 Stopped actors, and 3 active threads.
Waiting for actors to stop.
Called postfire()
Called prefire()
Called fire()
Checking for deadlock:
There are 2 Blocked actors, 0 Stopped actors, and 3 active threads.
Waiting for actors to stop.
Read input token from inputB with value 9.0
Checking for deadlock:
There are 1 Blocked actors, 0 Stopped actors, and 3 active threads.
Waiting for actors to stop.
Called prefire()
Called fire()
Past the end of training data. Read and discard all inputs.
Checking for deadlock:
There are 2 Blocked actors, 0 Stopped actors, and 3 active threads.
Waiting for actors to stop.
Sent output token with value 8.0
Next port to read input from is inputA
Called postfire()
Called prefire()
Called fire()
Read input token from inputA with value 9.0
Called prefire()
Called fire()
Past the end of training data. Read and discard all inputs.
Checking for deadlock:
There are 2 Blocked actors, 0 Stopped actors, and 3 active threads.
Waiting for actors to stop.
Sent output token with value 9.0
Next port to read input from is inputB
Called postfire()
Called prefire()
Called fire()
Called postfire()
Called prefire()
Called fire()
Checking for deadlock:
There are 2 Blocked actors, 0 Stopped actors, and 3 active threads.
Waiting for actors to stop.
Read input token from inputB with value 10.5
Called prefire()
Called fire()
Past the end of training data. Read and discard all inputs.
Checking for deadlock:
There are 2 Blocked actors, 0 Stopped actors, and 3 active threads.
Waiting for actors to stop.
Sent output token with value 9.0
Next port to read input from is inputA
Called postfire()
Called prefire()
Called fire()
Checking for deadlock:
There are 3 Blocked actors, 0 Stopped actors, and 3 active threads.
Actors have stopped.
Checking for deadlock:
There are 3 Blocked actors, 0 Stopped actors, and 3 active threads.
Deadlock detected.
Resolving Deadlock
Checking for deadlock:
There are 3 Blocked actors, 0 Stopped actors, and 3 active threads.
Artificial Deadlock - increasing queue capacity.
increasing the capacity of receiver ptolemy.actor.TypedIOPort {.top.OrderedMerge.inputB} to 2
Director: Called postfire().
Called postfire().
_stopRequested = false
_stopFireRequested = false
Returning from postfire(): true
Called fire().
Checking for deadlock:
There are 2 Blocked actors, 0 Stopped actors, and 3 active threads.
Waiting for actors to stop.
-- Thread wrapup() called.
Called wrapup()
Thread .top.Ramp2 is exiting.
-- Thread stopped.
Checking for deadlock:
There are 2 Blocked actors, 0 Stopped actors, and 2 active threads.
Actors have stopped.
Checking for deadlock:
There are 2 Blocked actors, 0 Stopped actors, and 2 active threads.
Deadlock detected.
Resolving Deadlock
Checking for deadlock:
There are 2 Blocked actors, 0 Stopped actors, and 2 active threads.
Deadlock detected: no processes blocked on write, but some are blocked on read.
Called postfire().
_stopRequested = false
_stopFireRequested = false
Returning from postfire(): false
Finished deactivating branches.
Called wrapup().
-- Thread wrapup() called.
Called wrapup()
-- Thread wrapup() called.
Called wrapup()
Thread .top.OrderedMerge is exiting.
Thread .top.Test is exiting.
-- Thread stopped.
-- Thread stopped.
-- Blocked Receiver call threw TerminateProcessException.
-- Blocked Receiver call threw TerminateProcessException.
44 ms. Memory: 129024K Free: 86317K (67%)
/home/travis/build/icyphy/ptII/ptolemy/actor/lib/test/Publisher.tcl
19 ms. Memory: 129024K Free: 80173K (62%)
12 ms. Memory: 129024K Free: 110236K (85%)
7 ms. Memory: 129024K Free: 106668K (83%)
5 ms. Memory: 129024K Free: 105644K (82%)
4 ms. Memory: 129024K Free: 105116K (81%)
13 ms. Memory: 129024K Free: 104100K (81%)
3 ms. Memory: 129024K Free: 103068K (80%)
3 ms. Memory: 129024K Free: 102572K (79%)
33 ms. Memory: 129024K Free: 92332K (72%)
9 ms. Memory: 129024K Free: 88732K (69%)
3 ms. Memory: 129024K Free: 88236K (68%)
8 ms. Memory: 129024K Free: 85674K (66%)
14 ms. Memory: 129024K Free: 77996K (60%)
13 ms. Memory: 129024K Free: 68780K (53%)
6 ms. Memory: 129024K Free: 57516K (45%)
/home/travis/build/icyphy/ptII/ptolemy/actor/lib/test/Pulse.tcl
6 ms. Memory: 155648K Free: 106385K (68%)
9 ms. Memory: 155648K Free: 105875K (68%)
2 ms. Memory: 155648K Free: 105361K (68%)
5 ms. Memory: 155648K Free: 104851K (67%)
1 ms. Memory: 155648K Free: 104337K (67%)
5 ms. Memory: 155648K Free: 102803K (66%)
2 ms. Memory: 155648K Free: 101779K (65%)
2 ms. Memory: 155648K Free: 101259K (65%)
3 ms. Memory: 155648K Free: 100755K (65%)
/home/travis/build/icyphy/ptII/ptolemy/actor/lib/test/Ramp.tcl
3 ms. Memory: 155648K Free: 98707K (63%)
2 ms. Memory: 155648K Free: 97683K (63%)
2 ms. Memory: 155648K Free: 97155K (62%)
2 ms. Memory: 155648K Free: 96131K (62%)
3 ms. Memory: 155648K Free: 95635K (61%)
4 ms. Memory: 155648K Free: 94611K (61%)
4 ms. Memory: 155648K Free: 93587K (60%)
5 actors
5000 microseconds per iteration to create
5 ms. Memory: 155648K Free: 91011K (58%)
2 ms. Memory: 155648K Free: 90515K (58%)
2 ms. Memory: 155648K Free: 89995K (58%)
2 ms. Memory: 155648K Free: 88963K (57%)
50 actors
47000 microseconds per iteration to create
41 ms. Memory: 155648K Free: 73617K (47%)
14 ms. Memory: 155648K Free: 72593K (47%)
5 ms. Memory: 155648K Free: 71059K (46%)
12 ms. Memory: 155648K Free: 70035K (45%)
500 actors
1619000 microseconds per iteration to create
239 ms. Memory: 155648K Free: 54531K (35%)
56 ms. Memory: 155648K Free: 128230K (82%)
36 ms. Memory: 155648K Free: 123110K (79%)
39 ms. Memory: 155648K Free: 117990K (76%)
/home/travis/build/icyphy/ptII/ptolemy/actor/lib/test/RampContinuous.tcl
9 ms. Memory: 155648K Free: 116437K (75%)
/home/travis/build/icyphy/ptII/ptolemy/actor/lib/test/RecordAssembler.tcl
6 ms. Memory: 155648K Free: 114918K (74%)
3 ms. Memory: 155648K Free: 113894K (73%)
/home/travis/build/icyphy/ptII/ptolemy/actor/lib/test/RecordDisassembler.tcl
5 ms. Memory: 155648K Free: 111846K (72%)
3 ms. Memory: 155648K Free: 111332K (72%)
4 ms. Memory: 155648K Free: 110308K (71%)
/home/travis/build/icyphy/ptII/ptolemy/actor/lib/test/Scale.tcl
2 ms. Memory: 155648K Free: 108229K (70%)
1 ms. Memory: 155648K Free: 107750K (69%)
2 ms. Memory: 155648K Free: 106726K (69%)
2 ms. Memory: 155648K Free: 105702K (68%)
3 ms. Memory: 155648K Free: 105173K (68%)
/home/travis/build/icyphy/ptII/ptolemy/actor/lib/test/SequentialClock.tcl
preinitializing
resolving types
initializing
executing number 1
wrapping up
idle
2 ms. Memory: 155648K Free: 103654K (67%)
Completed execution with 5 iterations
preinitializing
resolving types
initializing
executing number 1
wrapping up
idle
1 ms. Memory: 155648K Free: 103125K (66%)
Completed execution with 5 iterations
preinitializing
resolving types
initializing
executing number 1
wrapping up
idle
1 ms. Memory: 155648K Free: 102630K (66%)
Completed execution with 5 iterations
/home/travis/build/icyphy/ptII/ptolemy/actor/lib/test/SetVariable.tcl
5 ms. Memory: 155648K Free: 101092K (65%)
/home/travis/build/icyphy/ptII/ptolemy/actor/lib/test/Sinewave.tcl
/home/travis/build/icyphy/ptII/ptolemy/actor/lib/test/SubscriptionAggregator.tcl
5 ms. Memory: 155648K Free: 89318K (57%)
3 ms. Memory: 155648K Free: 88789K (57%)
1 ms. Memory: 155648K Free: 88294K (57%)
1 ms. Memory: 155648K Free: 87765K (56%)
2 ms. Memory: 155648K Free: 84198K (54%)
12 ms. Memory: 155648K Free: 82150K (53%)
...............................................................1021 ms. Memory: 273408K Free: 152064K (56%)
/home/travis/build/icyphy/ptII/ptolemy/actor/lib/test/Test.tcl
 The next command will produce a warning about training mode,
   which may be ignored.
7 ms. Memory: 273408K Free: 150511K (55%)
3 ms. Memory: 273408K Free: 149502K (55%)
2 ms. Memory: 273408K Free: 148992K (54%)
1 ms. Memory: 273408K Free: 148463K (54%)
1 ms. Memory: 273408K Free: 147439K (54%)
3 ms. Memory: 273408K Free: 146423K (54%)
3 ms. Memory: 273408K Free: 144896K (53%)
 The next command will produce a warning about training mode,
   which may be ignored.
3 ms. Memory: 273408K Free: 142848K (52%)
 The next command will produce a warning about training mode,
   which may be ignored.
2 ms. Memory: 273408K Free: 141310K (52%)
1 ms. Memory: 273408K Free: 141310K (52%)
1 ms. Memory: 273408K Free: 140800K (51%)
1 ms. Memory: 273408K Free: 140286K (51%)
8 ms. Memory: 273408K Free: 139231K (51%)
4 ms. Memory: 273408K Free: 135166K (49%)
/home/travis/build/icyphy/ptII/ptolemy/actor/lib/test/TestExceptionHandler.tcl
 The next command will produce a warning about training mode,
   which may be ignored.
2 ms. Memory: 273408K Free: 134142K (49%)
1 ms. Memory: 273408K Free: 133632K (49%)
0 ms. Memory: 273408K Free: 133118K (49%)
/home/travis/build/icyphy/ptII/ptolemy/actor/lib/test/UnionDisassembler.tcl
30 ms. Memory: 273408K Free: 125440K (46%)
/home/travis/build/icyphy/ptII/ptolemy/actor/lib/test/VariableClock.tcl
preinitializing
resolving types
initializing
executing number 1
wrapping up
idle
9 ms. Memory: 273408K Free: 123895K (45%)
Completed execution with 11 iterations
preinitializing
resolving types
initializing
executing number 1
wrapping up
idle
9 ms. Memory: 273408K Free: 122368K (45%)
Completed execution with 10 iterations
10/27/20 03:56:47
Failed: 0  Total Tests: 233  ((Passed: 233, Newly Passed: 0)  Known Failed: 0) /home/travis/build/icyphy/ptII/ptolemy/actor/lib/test
----------------- testing (KnownFailure) /home/travis/build/icyphy/ptII/ptolemy/actor/lib/test/auto/knownFailedTests/PublisherPortToplevelSubscriber.xml
1 ms. Memory: 273408K Free: 118782K (43%)
Known Failure: java.lang.reflect.InvocationTargetException
----------------- testing (KnownFailure) /home/travis/build/icyphy/ptII/ptolemy/actor/lib/test/auto/knownFailedTests/PublisherSubscriberPortToplevel.xml
0 ms. Memory: 273408K Free: 114686K (42%)
Known Failure: java.lang.reflect.InvocationTargetException
----------------- testing (KnownFailure) /home/travis/build/icyphy/ptII/ptolemy/actor/lib/test/auto/knownFailedTests/PublisherSubscriptionAggregatorPort.xml
0 ms. Memory: 273408K Free: 110590K (40%)
Known Failure: java.lang.reflect.InvocationTargetException
----------------- testing (KnownFailure) /home/travis/build/icyphy/ptII/ptolemy/actor/lib/test/auto/knownFailedTests/sizedarray3.xml
6 ms. Memory: 273408K Free: 106494K (39%)
Known Failure: java.lang.reflect.InvocationTargetException
No auto/linux-amd64/*.xml tests in /home/travis/build/icyphy/ptII/ptolemy/actor/lib/test
AutoTests.java: About to close Vertx.
AutoTests.java: Vertx closed.

===========================================================================================
----------------- testing Tue Oct 27 15:56:47 UTC 2020 /home/travis/build/icyphy/ptII/ptolemy/actor/lib/test/auto/AbsoluteValue.xml
----------------- Instantiating /home/travis/build/icyphy/ptII/ptolemy/actor/lib/test/auto/AbsoluteValue.xml
19 ms. Memory: 273408K Free: 223542K (82%)
----------------- Invoking toplevel() on ptolemy.moml.MoMLSimpleApplication@7682b493
----------------- Done invoking toplevel() on ptolemy.moml.MoMLSimpleApplication@7682b493
reloadAllAccessors: .AbsoluteValue

===========================================================================================
----------------- testing Tue Oct 27 15:56:47 UTC 2020 /home/travis/build/icyphy/ptII/ptolemy/actor/lib/test/auto/AbsoluteValue2.xml
----------------- Instantiating /home/travis/build/icyphy/ptII/ptolemy/actor/lib/test/auto/AbsoluteValue2.xml
13 ms. Memory: 273408K Free: 216374K (79%)
----------------- Invoking toplevel() on ptolemy.moml.MoMLSimpleApplication@39a5d29f
----------------- Done invoking toplevel() on ptolemy.moml.MoMLSimpleApplication@39a5d29f
reloadAllAccessors: .AbsoluteValue2

===========================================================================================
----------------- testing Tue Oct 27 15:56:48 UTC 2020 /home/travis/build/icyphy/ptII/ptolemy/actor/lib/test/auto/Accumulator.xml
----------------- Instantiating /home/travis/build/icyphy/ptII/ptolemy/actor/lib/test/auto/Accumulator.xml
7 ms. Memory: 273408K Free: 209720K (77%)
----------------- Invoking toplevel() on ptolemy.moml.MoMLSimpleApplication@7715b955
----------------- Done invoking toplevel() on ptolemy.moml.MoMLSimpleApplication@7715b955
reloadAllAccessors: .Accumulator

===========================================================================================
----------------- testing Tue Oct 27 15:56:48 UTC 2020 /home/travis/build/icyphy/ptII/ptolemy/actor/lib/test/auto/Accumulator2.xml
----------------- Instantiating /home/travis/build/icyphy/ptII/ptolemy/actor/lib/test/auto/Accumulator2.xml
4 ms. Memory: 273408K Free: 204600K (75%)
----------------- Invoking toplevel() on ptolemy.moml.MoMLSimpleApplication@578d2795
----------------- Done invoking toplevel() on ptolemy.moml.MoMLSimpleApplication@578d2795
reloadAllAccessors: .Accumulator2

===========================================================================================
----------------- testing Tue Oct 27 15:56:48 UTC 2020 /home/travis/build/icyphy/ptII/ptolemy/actor/lib/test/auto/Accumulator3.xml
----------------- Instantiating /home/travis/build/icyphy/ptII/ptolemy/actor/lib/test/auto/Accumulator3.xml
13 ms. Memory: 273408K Free: 199990K (73%)
----------------- Invoking toplevel() on ptolemy.moml.MoMLSimpleApplication@af9e3b5
----------------- Done invoking toplevel() on ptolemy.moml.MoMLSimpleApplication@af9e3b5
reloadAllAccessors: .Accumulator3

===========================================================================================
----------------- testing Tue Oct 27 15:56:48 UTC 2020 /home/travis/build/icyphy/ptII/ptolemy/actor/lib/test/auto/ArrayAppend.xml
----------------- Instantiating /home/travis/build/icyphy/ptII/ptolemy/actor/lib/test/auto/ArrayAppend.xml
5 ms. Memory: 273408K Free: 193831K (71%)
----------------- Invoking toplevel() on ptolemy.moml.MoMLSimpleApplication@709a028b
----------------- Done invoking toplevel() on ptolemy.moml.MoMLSimpleApplication@709a028b
reloadAllAccessors: .ArrayAppend

===========================================================================================
----------------- testing Tue Oct 27 15:56:48 UTC 2020 /home/travis/build/icyphy/ptII/ptolemy/actor/lib/test/auto/ArrayAppend2.xml
----------------- Instantiating /home/travis/build/icyphy/ptII/ptolemy/actor/lib/test/auto/ArrayAppend2.xml
389 ms. Memory: 273408K Free: 110902K (41%)
----------------- Invoking toplevel() on ptolemy.moml.MoMLSimpleApplication@2a9e5f7
----------------- Done invoking toplevel() on ptolemy.moml.MoMLSimpleApplication@2a9e5f7
reloadAllAccessors: .ArrayAppend2

===========================================================================================
----------------- testing Tue Oct 27 15:56:48 UTC 2020 /home/travis/build/icyphy/ptII/ptolemy/actor/lib/test/auto/ArrayAppend3.xml
----------------- Instantiating /home/travis/build/icyphy/ptII/ptolemy/actor/lib/test/auto/ArrayAppend3.xml
2 ms. Memory: 273408K Free: 105782K (39%)
----------------- Invoking toplevel() on ptolemy.moml.MoMLSimpleApplication@bbc0715
----------------- Done invoking toplevel() on ptolemy.moml.MoMLSimpleApplication@bbc0715
reloadAllAccessors: .ArrayAppend3

===========================================================================================
----------------- testing Tue Oct 27 15:56:48 UTC 2020 /home/travis/build/icyphy/ptII/ptolemy/actor/lib/test/auto/ArrayAppend4.xml
----------------- Instantiating /home/travis/build/icyphy/ptII/ptolemy/actor/lib/test/auto/ArrayAppend4.xml
2 ms. Memory: 273408K Free: 100662K (37%)
----------------- Invoking toplevel() on ptolemy.moml.MoMLSimpleApplication@1cbb1d61
----------------- Done invoking toplevel() on ptolemy.moml.MoMLSimpleApplication@1cbb1d61
reloadAllAccessors: .ArrayAppend4

===========================================================================================
----------------- testing Tue Oct 27 15:56:48 UTC 2020 /home/travis/build/icyphy/ptII/ptolemy/actor/lib/test/auto/ArrayAppend5.xml
----------------- Instantiating /home/travis/build/icyphy/ptII/ptolemy/actor/lib/test/auto/ArrayAppend5.xml
3 ms. Memory: 273408K Free: 95542K (35%)
----------------- Invoking toplevel() on ptolemy.moml.MoMLSimpleApplication@4b30ae74
----------------- Done invoking toplevel() on ptolemy.moml.MoMLSimpleApplication@4b30ae74
reloadAllAccessors: .ArrayAppend5

===========================================================================================
----------------- testing Tue Oct 27 15:56:48 UTC 2020 /home/travis/build/icyphy/ptII/ptolemy/actor/lib/test/auto/ArrayAppend6.xml
----------------- Instantiating /home/travis/build/icyphy/ptII/ptolemy/actor/lib/test/auto/ArrayAppend6.xml
2 ms. Memory: 273408K Free: 90422K (33%)
----------------- Invoking toplevel() on ptolemy.moml.MoMLSimpleApplication@3693834c
----------------- Done invoking toplevel() on ptolemy.moml.MoMLSimpleApplication@3693834c
reloadAllAccessors: .ArrayAppend6

===========================================================================================
----------------- testing Tue Oct 27 15:56:48 UTC 2020 /home/travis/build/icyphy/ptII/ptolemy/actor/lib/test/auto/ArrayAppendPerformanceTest.xml
----------------- Instantiating /home/travis/build/icyphy/ptII/ptolemy/actor/lib/test/auto/ArrayAppendPerformanceTest.xml
85 ms. Memory: 273408K Free: 224276K (82%)
----------------- Invoking toplevel() on ptolemy.moml.MoMLSimpleApplication@63f7e0dd
----------------- Done invoking toplevel() on ptolemy.moml.MoMLSimpleApplication@63f7e0dd
reloadAllAccessors: .ArrayAppendPerformanceTest

===========================================================================================
----------------- testing Tue Oct 27 15:56:48 UTC 2020 /home/travis/build/icyphy/ptII/ptolemy/actor/lib/test/auto/ArrayAppendWithEmptyInput.xml
----------------- Instantiating /home/travis/build/icyphy/ptII/ptolemy/actor/lib/test/auto/ArrayAppendWithEmptyInput.xml
16 ms. Memory: 273408K Free: 215902K (79%)
----------------- Invoking toplevel() on ptolemy.moml.MoMLSimpleApplication@7498522c
----------------- Done invoking toplevel() on ptolemy.moml.MoMLSimpleApplication@7498522c
reloadAllAccessors: .ArrayAppendWithEmptyInput

===========================================================================================
----------------- testing Tue Oct 27 15:56:48 UTC 2020 /home/travis/build/icyphy/ptII/ptolemy/actor/lib/test/auto/ArrayAverage.xml
----------------- Instantiating /home/travis/build/icyphy/ptII/ptolemy/actor/lib/test/auto/ArrayAverage.xml
5 ms. Memory: 273408K Free: 208224K (76%)
----------------- Invoking toplevel() on ptolemy.moml.MoMLSimpleApplication@45272fac
----------------- Done invoking toplevel() on ptolemy.moml.MoMLSimpleApplication@45272fac
reloadAllAccessors: .ArrayAverage

===========================================================================================
----------------- testing Tue Oct 27 15:56:49 UTC 2020 /home/travis/build/icyphy/ptII/ptolemy/actor/lib/test/auto/ArrayContains.xml
----------------- Instantiating /home/travis/build/icyphy/ptII/ptolemy/actor/lib/test/auto/ArrayContains.xml
4 ms. Memory: 273408K Free: 202590K (74%)
----------------- Invoking toplevel() on ptolemy.moml.MoMLSimpleApplication@2f45b85d
----------------- Done invoking toplevel() on ptolemy.moml.MoMLSimpleApplication@2f45b85d
reloadAllAccessors: .ArrayContains

===========================================================================================
----------------- testing Tue Oct 27 15:56:49 UTC 2020 /home/travis/build/icyphy/ptII/ptolemy/actor/lib/test/auto/ArrayElement.xml
----------------- Instantiating /home/travis/build/icyphy/ptII/ptolemy/actor/lib/test/auto/ArrayElement.xml
12 ms. Memory: 273408K Free: 196960K (72%)
----------------- Invoking toplevel() on ptolemy.moml.MoMLSimpleApplication@581f8a1f
----------------- Done invoking toplevel() on ptolemy.moml.MoMLSimpleApplication@581f8a1f
reloadAllAccessors: .ArrayElement

===========================================================================================
----------------- testing Tue Oct 27 15:56:49 UTC 2020 /home/travis/build/icyphy/ptII/ptolemy/actor/lib/test/auto/ArrayElementAsMatrix.xml
----------------- Instantiating /home/travis/build/icyphy/ptII/ptolemy/actor/lib/test/auto/ArrayElementAsMatrix.xml
10 ms. Memory: 273408K Free: 186720K (68%)
----------------- Invoking toplevel() on ptolemy.moml.MoMLSimpleApplication@7adbf3ee
----------------- Done invoking toplevel() on ptolemy.moml.MoMLSimpleApplication@7adbf3ee
reloadAllAccessors: .ArrayElementAsMatrix

===========================================================================================
----------------- testing Tue Oct 27 15:56:49 UTC 2020 /home/travis/build/icyphy/ptII/ptolemy/actor/lib/test/auto/ArrayElementI.xml
----------------- Instantiating /home/travis/build/icyphy/ptII/ptolemy/actor/lib/test/auto/ArrayElementI.xml
3 ms. Memory: 273408K Free: 182110K (67%)
----------------- Invoking toplevel() on ptolemy.moml.MoMLSimpleApplication@4d33febe
----------------- Done invoking toplevel() on ptolemy.moml.MoMLSimpleApplication@4d33febe
reloadAllAccessors: .ArrayElementI

===========================================================================================
----------------- testing Tue Oct 27 15:56:49 UTC 2020 /home/travis/build/icyphy/ptII/ptolemy/actor/lib/test/auto/ArrayExtract.xml
----------------- Instantiating /home/travis/build/icyphy/ptII/ptolemy/actor/lib/test/auto/ArrayExtract.xml
5 ms. Memory: 273408K Free: 173408K (63%)
----------------- Invoking toplevel() on ptolemy.moml.MoMLSimpleApplication@47ae3d0d
----------------- Done invoking toplevel() on ptolemy.moml.MoMLSimpleApplication@47ae3d0d
reloadAllAccessors: .ArrayExtract

===========================================================================================
----------------- testing Tue Oct 27 15:56:49 UTC 2020 /home/travis/build/icyphy/ptII/ptolemy/actor/lib/test/auto/ArrayExtract2.xml
----------------- Instantiating /home/travis/build/icyphy/ptII/ptolemy/actor/lib/test/auto/ArrayExtract2.xml
6 ms. Memory: 273408K Free: 168288K (62%)
----------------- Invoking toplevel() on ptolemy.moml.MoMLSimpleApplication@65606167
----------------- Done invoking toplevel() on ptolemy.moml.MoMLSimpleApplication@65606167
reloadAllAccessors: .ArrayExtract2

===========================================================================================
----------------- testing Tue Oct 27 15:56:49 UTC 2020 /home/travis/build/icyphy/ptII/ptolemy/actor/lib/test/auto/ArrayLength.xml
----------------- Instantiating /home/travis/build/icyphy/ptII/ptolemy/actor/lib/test/auto/ArrayLength.xml
5 ms. Memory: 273408K Free: 164192K (60%)
----------------- Invoking toplevel() on ptolemy.moml.MoMLSimpleApplication@2463d9a
----------------- Done invoking toplevel() on ptolemy.moml.MoMLSimpleApplication@2463d9a
reloadAllAccessors: .ArrayLength

===========================================================================================
----------------- testing Tue Oct 27 15:56:49 UTC 2020 /home/travis/build/icyphy/ptII/ptolemy/actor/lib/test/auto/ArrayLevelCrossing.xml
----------------- Instantiating /home/travis/build/icyphy/ptII/ptolemy/actor/lib/test/auto/ArrayLevelCrossing.xml
8 ms. Memory: 273408K Free: 156510K (57%)
----------------- Invoking toplevel() on ptolemy.moml.MoMLSimpleApplication@44f9105b
----------------- Done invoking toplevel() on ptolemy.moml.MoMLSimpleApplication@44f9105b
reloadAllAccessors: .ArrayLevelCrossing

===========================================================================================
----------------- testing Tue Oct 27 15:56:49 UTC 2020 /home/travis/build/icyphy/ptII/ptolemy/actor/lib/test/auto/ArrayLevelCrossing2.xml
----------------- Instantiating /home/travis/build/icyphy/ptII/ptolemy/actor/lib/test/auto/ArrayLevelCrossing2.xml
3 ms. Memory: 273408K Free: 149327K (55%)
----------------- Invoking toplevel() on ptolemy.moml.MoMLSimpleApplication@f99a81a
----------------- Done invoking toplevel() on ptolemy.moml.MoMLSimpleApplication@f99a81a
reloadAllAccessors: .ArrayLevelCrossing2

===========================================================================================
----------------- testing Tue Oct 27 15:56:49 UTC 2020 /home/travis/build/icyphy/ptII/ptolemy/actor/lib/test/auto/ArrayPeakSearch.xml
----------------- Instantiating /home/travis/build/icyphy/ptII/ptolemy/actor/lib/test/auto/ArrayPeakSearch.xml
8 ms. Memory: 273408K Free: 140126K (51%)
----------------- Invoking toplevel() on ptolemy.moml.MoMLSimpleApplication@3ff0d790
----------------- Done invoking toplevel() on ptolemy.moml.MoMLSimpleApplication@3ff0d790
reloadAllAccessors: .ArrayPeakSearch

===========================================================================================
----------------- testing Tue Oct 27 15:56:49 UTC 2020 /home/travis/build/icyphy/ptII/ptolemy/actor/lib/test/auto/ArrayPeakSearch2.xml
----------------- Instantiating /home/travis/build/icyphy/ptII/ptolemy/actor/lib/test/auto/ArrayPeakSearch2.xml
6 ms. Memory: 273408K Free: 129376K (47%)
----------------- Invoking toplevel() on ptolemy.moml.MoMLSimpleApplication@3b32977c
----------------- Done invoking toplevel() on ptolemy.moml.MoMLSimpleApplication@3b32977c
reloadAllAccessors: .ArrayPeakSearch2

===========================================================================================
----------------- testing Tue Oct 27 15:56:49 UTC 2020 /home/travis/build/icyphy/ptII/ptolemy/actor/lib/test/auto/ArrayPeakSearch3.xml
----------------- Instantiating /home/travis/build/icyphy/ptII/ptolemy/actor/lib/test/auto/ArrayPeakSearch3.xml
4 ms. Memory: 273408K Free: 120670K (44%)
----------------- Invoking toplevel() on ptolemy.moml.MoMLSimpleApplication@f6c02eb
----------------- Done invoking toplevel() on ptolemy.moml.MoMLSimpleApplication@f6c02eb
reloadAllAccessors: .ArrayPeakSearch3

===========================================================================================
----------------- testing Tue Oct 27 15:56:49 UTC 2020 /home/travis/build/icyphy/ptII/ptolemy/actor/lib/test/auto/ArrayRemoveElement.xml
----------------- Instantiating /home/travis/build/icyphy/ptII/ptolemy/actor/lib/test/auto/ArrayRemoveElement.xml
3 ms. Memory: 273408K Free: 112478K (41%)
----------------- Invoking toplevel() on ptolemy.moml.MoMLSimpleApplication@299659b4
----------------- Done invoking toplevel() on ptolemy.moml.MoMLSimpleApplication@299659b4
reloadAllAccessors: .ArrayRemoveElement

===========================================================================================
----------------- testing Tue Oct 27 15:56:49 UTC 2020 /home/travis/build/icyphy/ptII/ptolemy/actor/lib/test/auto/ArraySort.xml
----------------- Instantiating /home/travis/build/icyphy/ptII/ptolemy/actor/lib/test/auto/ArraySort.xml
9 ms. Memory: 273408K Free: 103776K (38%)
----------------- Invoking toplevel() on ptolemy.moml.MoMLSimpleApplication@f6a5d0a
----------------- Done invoking toplevel() on ptolemy.moml.MoMLSimpleApplication@f6a5d0a
reloadAllAccessors: .ArraySort

===========================================================================================
----------------- testing Tue Oct 27 15:56:49 UTC 2020 /home/travis/build/icyphy/ptII/ptolemy/actor/lib/test/auto/ArraySum.xml
----------------- Instantiating /home/travis/build/icyphy/ptII/ptolemy/actor/lib/test/auto/ArraySum.xml
6 ms. Memory: 273408K Free: 98142K (36%)
----------------- Invoking toplevel() on ptolemy.moml.MoMLSimpleApplication@7c5fa22d
----------------- Done invoking toplevel() on ptolemy.moml.MoMLSimpleApplication@7c5fa22d
reloadAllAccessors: .ArraySum

===========================================================================================
----------------- testing Tue Oct 27 15:56:49 UTC 2020 /home/travis/build/icyphy/ptII/ptolemy/actor/lib/test/auto/ArrayToElements.xml
----------------- Instantiating /home/travis/build/icyphy/ptII/ptolemy/actor/lib/test/auto/ArrayToElements.xml
6 ms. Memory: 273408K Free: 93022K (34%)
----------------- Invoking toplevel() on ptolemy.moml.MoMLSimpleApplication@604b6eda
----------------- Done invoking toplevel() on ptolemy.moml.MoMLSimpleApplication@604b6eda
reloadAllAccessors: .ArrayToElements

===========================================================================================
----------------- testing Tue Oct 27 15:56:49 UTC 2020 /home/travis/build/icyphy/ptII/ptolemy/actor/lib/test/auto/ArrayToMatrix.xml
----------------- Instantiating /home/travis/build/icyphy/ptII/ptolemy/actor/lib/test/auto/ArrayToMatrix.xml
13 ms. Memory: 273408K Free: 78686K (29%)
----------------- Invoking toplevel() on ptolemy.moml.MoMLSimpleApplication@5dbe2a0d
----------------- Done invoking toplevel() on ptolemy.moml.MoMLSimpleApplication@5dbe2a0d
reloadAllAccessors: .ArrayToMatrix

===========================================================================================
----------------- testing Tue Oct 27 15:56:49 UTC 2020 /home/travis/build/icyphy/ptII/ptolemy/actor/lib/test/auto/ArrayUpdate1.xml
----------------- Instantiating /home/travis/build/icyphy/ptII/ptolemy/actor/lib/test/auto/ArrayUpdate1.xml
5 ms. Memory: 273408K Free: 74080K (27%)
----------------- Invoking toplevel() on ptolemy.moml.MoMLSimpleApplication@75e587c2
----------------- Done invoking toplevel() on ptolemy.moml.MoMLSimpleApplication@75e587c2
reloadAllAccessors: .ArrayUpdate1

===========================================================================================
----------------- testing Tue Oct 27 15:56:49 UTC 2020 /home/travis/build/icyphy/ptII/ptolemy/actor/lib/test/auto/ArrayUpdate2.xml
----------------- Instantiating /home/travis/build/icyphy/ptII/ptolemy/actor/lib/test/auto/ArrayUpdate2.xml
8 ms. Memory: 273408K Free: 67936K (25%)
----------------- Invoking toplevel() on ptolemy.moml.MoMLSimpleApplication@45b6ac32
----------------- Done invoking toplevel() on ptolemy.moml.MoMLSimpleApplication@45b6ac32
reloadAllAccessors: .ArrayUpdate2

===========================================================================================
----------------- testing Tue Oct 27 15:56:49 UTC 2020 /home/travis/build/icyphy/ptII/ptolemy/actor/lib/test/auto/ArrayUpdate3.xml
----------------- Instantiating /home/travis/build/icyphy/ptII/ptolemy/actor/lib/test/auto/ArrayUpdate3.xml
9 ms. Memory: 273408K Free: 222159K (81%)
----------------- Invoking toplevel() on ptolemy.moml.MoMLSimpleApplication@1b4130ed
----------------- Done invoking toplevel() on ptolemy.moml.MoMLSimpleApplication@1b4130ed
reloadAllAccessors: .ArrayUpdate3

===========================================================================================
----------------- testing Tue Oct 27 15:56:49 UTC 2020 /home/travis/build/icyphy/ptII/ptolemy/actor/lib/test/auto/Assert1.xml
----------------- Instantiating /home/travis/build/icyphy/ptII/ptolemy/actor/lib/test/auto/Assert1.xml
10 ms. Memory: 273408K Free: 217553K (80%)
----------------- Invoking toplevel() on ptolemy.moml.MoMLSimpleApplication@e02fe1b
----------------- Done invoking toplevel() on ptolemy.moml.MoMLSimpleApplication@e02fe1b
reloadAllAccessors: .Assert1

===========================================================================================
----------------- testing Tue Oct 27 15:56:49 UTC 2020 /home/travis/build/icyphy/ptII/ptolemy/actor/lib/test/auto/Assert2.xml
----------------- Instantiating /home/travis/build/icyphy/ptII/ptolemy/actor/lib/test/auto/Assert2.xml
2 ms. Memory: 273408K Free: 212943K (78%)
----------------- Invoking toplevel() on ptolemy.moml.MoMLSimpleApplication@53436834
----------------- Done invoking toplevel() on ptolemy.moml.MoMLSimpleApplication@53436834
reloadAllAccessors: .Assert2

===========================================================================================
----------------- testing Tue Oct 27 15:56:49 UTC 2020 /home/travis/build/icyphy/ptII/ptolemy/actor/lib/test/auto/BooleanMultiplexor.xml
----------------- Instantiating /home/travis/build/icyphy/ptII/ptolemy/actor/lib/test/auto/BooleanMultiplexor.xml
2 ms. Memory: 273408K Free: 207313K (76%)
----------------- Invoking toplevel() on ptolemy.moml.MoMLSimpleApplication@32e60790
----------------- Done invoking toplevel() on ptolemy.moml.MoMLSimpleApplication@32e60790
reloadAllAccessors: .BooleanMultiplexor

===========================================================================================
----------------- testing Tue Oct 27 15:56:49 UTC 2020 /home/travis/build/icyphy/ptII/ptolemy/actor/lib/test/auto/BooleanMultiplexor2.xml
----------------- Instantiating /home/travis/build/icyphy/ptII/ptolemy/actor/lib/test/auto/BooleanMultiplexor2.xml
3 ms. Memory: 273408K Free: 200655K (73%)
----------------- Invoking toplevel() on ptolemy.moml.MoMLSimpleApplication@23a5241e
----------------- Done invoking toplevel() on ptolemy.moml.MoMLSimpleApplication@23a5241e
reloadAllAccessors: .BooleanMultiplexor2

===========================================================================================
----------------- testing Tue Oct 27 15:56:49 UTC 2020 /home/travis/build/icyphy/ptII/ptolemy/actor/lib/test/auto/BooleanMultiplexor3.xml
----------------- Instantiating /home/travis/build/icyphy/ptII/ptolemy/actor/lib/test/auto/BooleanMultiplexor3.xml
2 ms. Memory: 273408K Free: 197073K (72%)
----------------- Invoking toplevel() on ptolemy.moml.MoMLSimpleApplication@e64552f
----------------- Done invoking toplevel() on ptolemy.moml.MoMLSimpleApplication@e64552f
reloadAllAccessors: .BooleanMultiplexor3

===========================================================================================
----------------- testing Tue Oct 27 15:56:49 UTC 2020 /home/travis/build/icyphy/ptII/ptolemy/actor/lib/test/auto/BooleanSelect.xml
----------------- Instantiating /home/travis/build/icyphy/ptII/ptolemy/actor/lib/test/auto/BooleanSelect.xml
9 ms. Memory: 273408K Free: 190929K (70%)
----------------- Invoking toplevel() on ptolemy.moml.MoMLSimpleApplication@1475727
----------------- Done invoking toplevel() on ptolemy.moml.MoMLSimpleApplication@1475727
reloadAllAccessors: .BooleanSelect

===========================================================================================
----------------- testing Tue Oct 27 15:56:50 UTC 2020 /home/travis/build/icyphy/ptII/ptolemy/actor/lib/test/auto/BooleanSelect2.xml
----------------- Instantiating /home/travis/build/icyphy/ptII/ptolemy/actor/lib/test/auto/BooleanSelect2.xml
4 ms. Memory: 273408K Free: 186833K (68%)
----------------- Invoking toplevel() on ptolemy.moml.MoMLSimpleApplication@1c83b7a2
----------------- Done invoking toplevel() on ptolemy.moml.MoMLSimpleApplication@1c83b7a2
reloadAllAccessors: .BooleanSelect2

===========================================================================================
----------------- testing Tue Oct 27 15:56:50 UTC 2020 /home/travis/build/icyphy/ptII/ptolemy/actor/lib/test/auto/BooleanSwitch.xml
----------------- Instantiating /home/travis/build/icyphy/ptII/ptolemy/actor/lib/test/auto/BooleanSwitch.xml
10 ms. Memory: 273408K Free: 180175K (66%)
----------------- Invoking toplevel() on ptolemy.moml.MoMLSimpleApplication@4148a76c
----------------- Done invoking toplevel() on ptolemy.moml.MoMLSimpleApplication@4148a76c
reloadAllAccessors: .BooleanSwitch

===========================================================================================
----------------- testing Tue Oct 27 15:56:50 UTC 2020 /home/travis/build/icyphy/ptII/ptolemy/actor/lib/test/auto/BooleanSwitch2.xml
----------------- Instantiating /home/travis/build/icyphy/ptII/ptolemy/actor/lib/test/auto/BooleanSwitch2.xml
3 ms. Memory: 273408K Free: 176079K (64%)
----------------- Invoking toplevel() on ptolemy.moml.MoMLSimpleApplication@12acff74
----------------- Done invoking toplevel() on ptolemy.moml.MoMLSimpleApplication@12acff74
reloadAllAccessors: .BooleanSwitch2

===========================================================================================
----------------- testing Tue Oct 27 15:56:50 UTC 2020 /home/travis/build/icyphy/ptII/ptolemy/actor/lib/test/auto/BooleanSwitchCloningBugWithClassRelationGroup.xml
----------------- Instantiating /home/travis/build/icyphy/ptII/ptolemy/actor/lib/test/auto/BooleanSwitchCloningBugWithClassRelationGroup.xml
4 ms. Memory: 273408K Free: 169425K (62%)
----------------- Invoking toplevel() on ptolemy.moml.MoMLSimpleApplication@39f4bcfb
----------------- Done invoking toplevel() on ptolemy.moml.MoMLSimpleApplication@39f4bcfb
reloadAllAccessors: .BooleanSwitchCloningBugWithClassRelationGroup

===========================================================================================
----------------- testing Tue Oct 27 15:56:50 UTC 2020 /home/travis/build/icyphy/ptII/ptolemy/actor/lib/test/auto/BusActors.xml
----------------- Instantiating /home/travis/build/icyphy/ptII/ptolemy/actor/lib/test/auto/BusActors.xml
4 ms. Memory: 273408K Free: 161743K (59%)
----------------- Invoking toplevel() on ptolemy.moml.MoMLSimpleApplication@32880da9
----------------- Done invoking toplevel() on ptolemy.moml.MoMLSimpleApplication@32880da9
reloadAllAccessors: .BusActors

===========================================================================================
----------------- testing Tue Oct 27 15:56:50 UTC 2020 /home/travis/build/icyphy/ptII/ptolemy/actor/lib/test/auto/ClassWrapper.xml
----------------- Instantiating /home/travis/build/icyphy/ptII/ptolemy/actor/lib/test/auto/ClassWrapper.xml
2 ms. Memory: 273408K Free: 157137K (57%)
----------------- Invoking toplevel() on ptolemy.moml.MoMLSimpleApplication@6ce91117
----------------- Done invoking toplevel() on ptolemy.moml.MoMLSimpleApplication@6ce91117
reloadAllAccessors: .ClassWrapper

===========================================================================================
----------------- testing Tue Oct 27 15:56:50 UTC 2020 /home/travis/build/icyphy/ptII/ptolemy/actor/lib/test/auto/Clock.xml
----------------- Instantiating /home/travis/build/icyphy/ptII/ptolemy/actor/lib/test/auto/Clock.xml
1 ms. Memory: 273408K Free: 153551K (56%)
----------------- Invoking toplevel() on ptolemy.moml.MoMLSimpleApplication@17675c82
----------------- Done invoking toplevel() on ptolemy.moml.MoMLSimpleApplication@17675c82
reloadAllAccessors: .Clock

===========================================================================================
----------------- testing Tue Oct 27 15:56:50 UTC 2020 /home/travis/build/icyphy/ptII/ptolemy/actor/lib/test/auto/Clock10.xml
----------------- Instantiating /home/travis/build/icyphy/ptII/ptolemy/actor/lib/test/auto/Clock10.xml
3 ms. Memory: 273408K Free: 147407K (54%)
----------------- Invoking toplevel() on ptolemy.moml.MoMLSimpleApplication@d67fa29
----------------- Done invoking toplevel() on ptolemy.moml.MoMLSimpleApplication@d67fa29
reloadAllAccessors: .Clock10

===========================================================================================
----------------- testing Tue Oct 27 15:56:50 UTC 2020 /home/travis/build/icyphy/ptII/ptolemy/actor/lib/test/auto/Clock11.xml
----------------- Instantiating /home/travis/build/icyphy/ptII/ptolemy/actor/lib/test/auto/Clock11.xml
2 ms. Memory: 273408K Free: 141777K (52%)
----------------- Invoking toplevel() on ptolemy.moml.MoMLSimpleApplication@5ce6b8a9
----------------- Done invoking toplevel() on ptolemy.moml.MoMLSimpleApplication@5ce6b8a9
reloadAllAccessors: .Clock11

===========================================================================================
----------------- testing Tue Oct 27 15:56:50 UTC 2020 /home/travis/build/icyphy/ptII/ptolemy/actor/lib/test/auto/Clock12.xml
----------------- Instantiating /home/travis/build/icyphy/ptII/ptolemy/actor/lib/test/auto/Clock12.xml
2 ms. Memory: 273408K Free: 135633K (50%)
----------------- Invoking toplevel() on ptolemy.moml.MoMLSimpleApplication@43fcd359
----------------- Done invoking toplevel() on ptolemy.moml.MoMLSimpleApplication@43fcd359
reloadAllAccessors: .Clock12

===========================================================================================
----------------- testing Tue Oct 27 15:56:50 UTC 2020 /home/travis/build/icyphy/ptII/ptolemy/actor/lib/test/auto/Clock13.xml
----------------- Instantiating /home/travis/build/icyphy/ptII/ptolemy/actor/lib/test/auto/Clock13.xml
6 ms. Memory: 273408K Free: 129993K (48%)
----------------- Invoking toplevel() on ptolemy.moml.MoMLSimpleApplication@1b5d8cba
----------------- Done invoking toplevel() on ptolemy.moml.MoMLSimpleApplication@1b5d8cba
reloadAllAccessors: .Clock13

===========================================================================================
----------------- testing Tue Oct 27 15:56:50 UTC 2020 /home/travis/build/icyphy/ptII/ptolemy/actor/lib/test/auto/Clock14.xml
----------------- Instantiating /home/travis/build/icyphy/ptII/ptolemy/actor/lib/test/auto/Clock14.xml
2 ms. Memory: 273408K Free: 123825K (45%)
----------------- Invoking toplevel() on ptolemy.moml.MoMLSimpleApplication@52440e5b
----------------- Done invoking toplevel() on ptolemy.moml.MoMLSimpleApplication@52440e5b
reloadAllAccessors: .Clock14

===========================================================================================
----------------- testing Tue Oct 27 15:56:50 UTC 2020 /home/travis/build/icyphy/ptII/ptolemy/actor/lib/test/auto/Clock15.xml
----------------- Instantiating /home/travis/build/icyphy/ptII/ptolemy/actor/lib/test/auto/Clock15.xml
7 ms. Memory: 273408K Free: 117705K (43%)
----------------- Invoking toplevel() on ptolemy.moml.MoMLSimpleApplication@6ffaafdf
----------------- Done invoking toplevel() on ptolemy.moml.MoMLSimpleApplication@6ffaafdf
reloadAllAccessors: .Clock15

===========================================================================================
----------------- testing Tue Oct 27 15:56:50 UTC 2020 /home/travis/build/icyphy/ptII/ptolemy/actor/lib/test/auto/Clock16.xml
----------------- Instantiating /home/travis/build/icyphy/ptII/ptolemy/actor/lib/test/auto/Clock16.xml
27 ms. Memory: 273408K Free: 103369K (38%)
----------------- Invoking toplevel() on ptolemy.moml.MoMLSimpleApplication@5fc5b017
----------------- Done invoking toplevel() on ptolemy.moml.MoMLSimpleApplication@5fc5b017
reloadAllAccessors: .Clock16

===========================================================================================
----------------- testing Tue Oct 27 15:56:50 UTC 2020 /home/travis/build/icyphy/ptII/ptolemy/actor/lib/test/auto/Clock17.xml
----------------- Instantiating /home/travis/build/icyphy/ptII/ptolemy/actor/lib/test/auto/Clock17.xml
13 ms. Memory: 273408K Free: 89025K (33%)
----------------- Invoking toplevel() on ptolemy.moml.MoMLSimpleApplication@1d6068cb
----------------- Done invoking toplevel() on ptolemy.moml.MoMLSimpleApplication@1d6068cb
reloadAllAccessors: .Clock17

===========================================================================================
----------------- testing Tue Oct 27 15:56:50 UTC 2020 /home/travis/build/icyphy/ptII/ptolemy/actor/lib/test/auto/Clock18.xml
----------------- Instantiating /home/travis/build/icyphy/ptII/ptolemy/actor/lib/test/auto/Clock18.xml
18 ms. Memory: 273408K Free: 76241K (28%)
----------------- Invoking toplevel() on ptolemy.moml.MoMLSimpleApplication@3a031ec2
----------------- Done invoking toplevel() on ptolemy.moml.MoMLSimpleApplication@3a031ec2
reloadAllAccessors: .Clock18

===========================================================================================
----------------- testing Tue Oct 27 15:56:50 UTC 2020 /home/travis/build/icyphy/ptII/ptolemy/actor/lib/test/auto/Clock19.xml
----------------- Instantiating /home/travis/build/icyphy/ptII/ptolemy/actor/lib/test/auto/Clock19.xml
16 ms. Memory: 273408K Free: 62929K (23%)
----------------- Invoking toplevel() on ptolemy.moml.MoMLSimpleApplication@1d7e000a
----------------- Done invoking toplevel() on ptolemy.moml.MoMLSimpleApplication@1d7e000a
reloadAllAccessors: .Clock19

===========================================================================================
----------------- testing Tue Oct 27 15:56:50 UTC 2020 /home/travis/build/icyphy/ptII/ptolemy/actor/lib/test/auto/Clock2.xml
----------------- Instantiating /home/travis/build/icyphy/ptII/ptolemy/actor/lib/test/auto/Clock2.xml
5 ms. Memory: 273408K Free: 221102K (81%)
----------------- Invoking toplevel() on ptolemy.moml.MoMLSimpleApplication@39344225
----------------- Done invoking toplevel() on ptolemy.moml.MoMLSimpleApplication@39344225
reloadAllAccessors: .Clock2

===========================================================================================
----------------- testing Tue Oct 27 15:56:50 UTC 2020 /home/travis/build/icyphy/ptII/ptolemy/actor/lib/test/auto/Clock20.xml
----------------- Instantiating /home/travis/build/icyphy/ptII/ptolemy/actor/lib/test/auto/Clock20.xml
6 ms. Memory: 273408K Free: 215502K (79%)
----------------- Invoking toplevel() on ptolemy.moml.MoMLSimpleApplication@41fee573
----------------- Done invoking toplevel() on ptolemy.moml.MoMLSimpleApplication@41fee573
reloadAllAccessors: .Clock20

===========================================================================================
----------------- testing Tue Oct 27 15:56:50 UTC 2020 /home/travis/build/icyphy/ptII/ptolemy/actor/lib/test/auto/Clock21.xml
----------------- Instantiating /home/travis/build/icyphy/ptII/ptolemy/actor/lib/test/auto/Clock21.xml
5 ms. Memory: 273408K Free: 209868K (77%)
----------------- Invoking toplevel() on ptolemy.moml.MoMLSimpleApplication@7d66b59f
----------------- Done invoking toplevel() on ptolemy.moml.MoMLSimpleApplication@7d66b59f
reloadAllAccessors: .Clock21

===========================================================================================
----------------- testing Tue Oct 27 15:56:50 UTC 2020 /home/travis/build/icyphy/ptII/ptolemy/actor/lib/test/auto/Clock22.xml
----------------- Instantiating /home/travis/build/icyphy/ptII/ptolemy/actor/lib/test/auto/Clock22.xml
5 ms. Memory: 273408K Free: 204748K (75%)
----------------- Invoking toplevel() on ptolemy.moml.MoMLSimpleApplication@132bb06f
----------------- Done invoking toplevel() on ptolemy.moml.MoMLSimpleApplication@132bb06f
reloadAllAccessors: .Clock22

===========================================================================================
----------------- testing Tue Oct 27 15:56:50 UTC 2020 /home/travis/build/icyphy/ptII/ptolemy/actor/lib/test/auto/Clock23.xml
----------------- Instantiating /home/travis/build/icyphy/ptII/ptolemy/actor/lib/test/auto/Clock23.xml
5 ms. Memory: 273408K Free: 199118K (73%)
----------------- Invoking toplevel() on ptolemy.moml.MoMLSimpleApplication@7f65cd72
----------------- Done invoking toplevel() on ptolemy.moml.MoMLSimpleApplication@7f65cd72
reloadAllAccessors: .Clock23

===========================================================================================
----------------- testing Tue Oct 27 15:56:50 UTC 2020 /home/travis/build/icyphy/ptII/ptolemy/actor/lib/test/auto/Clock24.xml
----------------- Instantiating /home/travis/build/icyphy/ptII/ptolemy/actor/lib/test/auto/Clock24.xml
4 ms. Memory: 273408K Free: 193998K (71%)
----------------- Invoking toplevel() on ptolemy.moml.MoMLSimpleApplication@6d8178fe
----------------- Done invoking toplevel() on ptolemy.moml.MoMLSimpleApplication@6d8178fe
reloadAllAccessors: .Clock24

===========================================================================================
----------------- testing Tue Oct 27 15:56:50 UTC 2020 /home/travis/build/icyphy/ptII/ptolemy/actor/lib/test/auto/Clock4.xml
----------------- Instantiating /home/travis/build/icyphy/ptII/ptolemy/actor/lib/test/auto/Clock4.xml
2 ms. Memory: 273408K Free: 188878K (69%)
----------------- Invoking toplevel() on ptolemy.moml.MoMLSimpleApplication@3b6f15e5
----------------- Done invoking toplevel() on ptolemy.moml.MoMLSimpleApplication@3b6f15e5
reloadAllAccessors: .Clock4

===========================================================================================
----------------- testing Tue Oct 27 15:56:50 UTC 2020 /home/travis/build/icyphy/ptII/ptolemy/actor/lib/test/auto/Clock5.xml
----------------- Instantiating /home/travis/build/icyphy/ptII/ptolemy/actor/lib/test/auto/Clock5.xml
2 ms. Memory: 273408K Free: 183758K (67%)
----------------- Invoking toplevel() on ptolemy.moml.MoMLSimpleApplication@523ae0d6
----------------- Done invoking toplevel() on ptolemy.moml.MoMLSimpleApplication@523ae0d6
reloadAllAccessors: .Clock5

===========================================================================================
----------------- testing Tue Oct 27 15:56:50 UTC 2020 /home/travis/build/icyphy/ptII/ptolemy/actor/lib/test/auto/Clock6.xml
----------------- Instantiating /home/travis/build/icyphy/ptII/ptolemy/actor/lib/test/auto/Clock6.xml
1 ms. Memory: 273408K Free: 179118K (66%)
----------------- Invoking toplevel() on ptolemy.moml.MoMLSimpleApplication@544945b0
----------------- Done invoking toplevel() on ptolemy.moml.MoMLSimpleApplication@544945b0
reloadAllAccessors: .Clock6

===========================================================================================
----------------- testing Tue Oct 27 15:56:50 UTC 2020 /home/travis/build/icyphy/ptII/ptolemy/actor/lib/test/auto/Clock7.xml
----------------- Instantiating /home/travis/build/icyphy/ptII/ptolemy/actor/lib/test/auto/Clock7.xml
1 ms. Memory: 273408K Free: 174028K (64%)
----------------- Invoking toplevel() on ptolemy.moml.MoMLSimpleApplication@47a7185f
----------------- Done invoking toplevel() on ptolemy.moml.MoMLSimpleApplication@47a7185f
reloadAllAccessors: .Clock7

===========================================================================================
----------------- testing Tue Oct 27 15:56:50 UTC 2020 /home/travis/build/icyphy/ptII/ptolemy/actor/lib/test/auto/Clock8.xml
----------------- Instantiating /home/travis/build/icyphy/ptII/ptolemy/actor/lib/test/auto/Clock8.xml
8 ms. Memory: 273408K Free: 168902K (62%)
----------------- Invoking toplevel() on ptolemy.moml.MoMLSimpleApplication@550940f2
----------------- Done invoking toplevel() on ptolemy.moml.MoMLSimpleApplication@550940f2
reloadAllAccessors: .Clock8

===========================================================================================
----------------- testing Tue Oct 27 15:56:50 UTC 2020 /home/travis/build/icyphy/ptII/ptolemy/actor/lib/test/auto/Clock9.xml
----------------- Instantiating /home/travis/build/icyphy/ptII/ptolemy/actor/lib/test/auto/Clock9.xml
5 ms. Memory: 273408K Free: 163278K (60%)
----------------- Invoking toplevel() on ptolemy.moml.MoMLSimpleApplication@5ebe6c19
----------------- Done invoking toplevel() on ptolemy.moml.MoMLSimpleApplication@5ebe6c19
reloadAllAccessors: .Clock9

===========================================================================================
----------------- testing Tue Oct 27 15:56:50 UTC 2020 /home/travis/build/icyphy/ptII/ptolemy/actor/lib/test/auto/CommDistDiscard.xml
----------------- Instantiating /home/travis/build/icyphy/ptII/ptolemy/actor/lib/test/auto/CommDistDiscard.xml
3 ms. Memory: 273408K Free: 158158K (58%)
----------------- Invoking toplevel() on ptolemy.moml.MoMLSimpleApplication@789fba1
----------------- Done invoking toplevel() on ptolemy.moml.MoMLSimpleApplication@789fba1
reloadAllAccessors: .CommDistDiscard

===========================================================================================
----------------- testing Tue Oct 27 15:56:50 UTC 2020 /home/travis/build/icyphy/ptII/ptolemy/actor/lib/test/auto/Commutator.xml
----------------- Instantiating /home/travis/build/icyphy/ptII/ptolemy/actor/lib/test/auto/Commutator.xml
1 ms. Memory: 273408K Free: 153548K (56%)
----------------- Invoking toplevel() on ptolemy.moml.MoMLSimpleApplication@5c920189
----------------- Done invoking toplevel() on ptolemy.moml.MoMLSimpleApplication@5c920189
reloadAllAccessors: .Commutator

===========================================================================================
----------------- testing Tue Oct 27 15:56:50 UTC 2020 /home/travis/build/icyphy/ptII/ptolemy/actor/lib/test/auto/Commutator2.xml
----------------- Instantiating /home/travis/build/icyphy/ptII/ptolemy/actor/lib/test/auto/Commutator2.xml
2 ms. Memory: 273408K Free: 148942K (54%)
----------------- Invoking toplevel() on ptolemy.moml.MoMLSimpleApplication@36527312
----------------- Done invoking toplevel() on ptolemy.moml.MoMLSimpleApplication@36527312
reloadAllAccessors: .Commutator2

===========================================================================================
----------------- testing Tue Oct 27 15:56:50 UTC 2020 /home/travis/build/icyphy/ptII/ptolemy/actor/lib/test/auto/Commutator3.xml
----------------- Instantiating /home/travis/build/icyphy/ptII/ptolemy/actor/lib/test/auto/Commutator3.xml
2 ms. Memory: 273408K Free: 144846K (53%)
----------------- Invoking toplevel() on ptolemy.moml.MoMLSimpleApplication@506e252d
----------------- Done invoking toplevel() on ptolemy.moml.MoMLSimpleApplication@506e252d
reloadAllAccessors: .Commutator3

===========================================================================================
----------------- testing Tue Oct 27 15:56:50 UTC 2020 /home/travis/build/icyphy/ptII/ptolemy/actor/lib/test/auto/Compare.xml
----------------- Instantiating /home/travis/build/icyphy/ptII/ptolemy/actor/lib/test/auto/Compare.xml
2 ms. Memory: 273408K Free: 138188K (51%)
----------------- Invoking toplevel() on ptolemy.moml.MoMLSimpleApplication@4c90fdf2
----------------- Done invoking toplevel() on ptolemy.moml.MoMLSimpleApplication@4c90fdf2
reloadAllAccessors: .Compare

===========================================================================================
----------------- testing Tue Oct 27 15:56:50 UTC 2020 /home/travis/build/icyphy/ptII/ptolemy/actor/lib/test/auto/CompareDE.xml
----------------- Instantiating /home/travis/build/icyphy/ptII/ptolemy/actor/lib/test/auto/CompareDE.xml
3 ms. Memory: 273408K Free: 131534K (48%)
----------------- Invoking toplevel() on ptolemy.moml.MoMLSimpleApplication@7b84a851
----------------- Done invoking toplevel() on ptolemy.moml.MoMLSimpleApplication@7b84a851
reloadAllAccessors: .CompareDE

===========================================================================================
----------------- testing Tue Oct 27 15:56:50 UTC 2020 /home/travis/build/icyphy/ptII/ptolemy/actor/lib/test/auto/ComplexDivide.xml
----------------- Instantiating /home/travis/build/icyphy/ptII/ptolemy/actor/lib/test/auto/ComplexDivide.xml
1 ms. Memory: 273408K Free: 127438K (47%)
----------------- Invoking toplevel() on ptolemy.moml.MoMLSimpleApplication@711045f2
----------------- Done invoking toplevel() on ptolemy.moml.MoMLSimpleApplication@711045f2
reloadAllAccessors: .ComplexDivide

===========================================================================================
----------------- testing Tue Oct 27 15:56:50 UTC 2020 /home/travis/build/icyphy/ptII/ptolemy/actor/lib/test/auto/ComputeHistogram.xml
----------------- Instantiating /home/travis/build/icyphy/ptII/ptolemy/actor/lib/test/auto/ComputeHistogram.xml
30 ms. Memory: 273408K Free: 114126K (42%)
----------------- Invoking toplevel() on ptolemy.moml.MoMLSimpleApplication@2ea64e35
----------------- Done invoking toplevel() on ptolemy.moml.MoMLSimpleApplication@2ea64e35
reloadAllAccessors: .ComputeHistogram

===========================================================================================
----------------- testing Tue Oct 27 15:56:50 UTC 2020 /home/travis/build/icyphy/ptII/ptolemy/actor/lib/test/auto/ConfigurationSelect.xml
----------------- Instantiating /home/travis/build/icyphy/ptII/ptolemy/actor/lib/test/auto/ConfigurationSelect.xml
10 ms. Memory: 273408K Free: 109006K (40%)
----------------- Invoking toplevel() on ptolemy.moml.MoMLSimpleApplication@6250c3cc
----------------- Done invoking toplevel() on ptolemy.moml.MoMLSimpleApplication@6250c3cc
reloadAllAccessors: .ConfigurationSelect

===========================================================================================
----------------- testing Tue Oct 27 15:56:50 UTC 2020 /home/travis/build/icyphy/ptII/ptolemy/actor/lib/test/auto/ConfigurationSelect2.xml
----------------- Instantiating /home/travis/build/icyphy/ptII/ptolemy/actor/lib/test/auto/ConfigurationSelect2.xml
2 ms. Memory: 273408K Free: 104396K (38%)
----------------- Invoking toplevel() on ptolemy.moml.MoMLSimpleApplication@375e19c6
----------------- Done invoking toplevel() on ptolemy.moml.MoMLSimpleApplication@375e19c6
reloadAllAccessors: .ConfigurationSelect2

===========================================================================================
----------------- testing Tue Oct 27 15:56:50 UTC 2020 /home/travis/build/icyphy/ptII/ptolemy/actor/lib/test/auto/ConfigurationSwitch.xml
----------------- Instantiating /home/travis/build/icyphy/ptII/ptolemy/actor/lib/test/auto/ConfigurationSwitch.xml
10 ms. Memory: 273408K Free: 98766K (36%)
----------------- Invoking toplevel() on ptolemy.moml.MoMLSimpleApplication@724ed38e
----------------- Done invoking toplevel() on ptolemy.moml.MoMLSimpleApplication@724ed38e
reloadAllAccessors: .ConfigurationSwitch

===========================================================================================
----------------- testing Tue Oct 27 15:56:51 UTC 2020 /home/travis/build/icyphy/ptII/ptolemy/actor/lib/test/auto/ConfigurationSwitch2.xml
----------------- Instantiating /home/travis/build/icyphy/ptII/ptolemy/actor/lib/test/auto/ConfigurationSwitch2.xml
5 ms. Memory: 273408K Free: 93646K (34%)
----------------- Invoking toplevel() on ptolemy.moml.MoMLSimpleApplication@1ebad53e
----------------- Done invoking toplevel() on ptolemy.moml.MoMLSimpleApplication@1ebad53e
reloadAllAccessors: .ConfigurationSwitch2

===========================================================================================
----------------- testing Tue Oct 27 15:56:51 UTC 2020 /home/travis/build/icyphy/ptII/ptolemy/actor/lib/test/auto/ConfigurationSwitchCloningBugWithClassRelationGroup.xml
----------------- Instantiating /home/travis/build/icyphy/ptII/ptolemy/actor/lib/test/auto/ConfigurationSwitchCloningBugWithClassRelationGroup.xml
2 ms. Memory: 273408K Free: 86988K (32%)
----------------- Invoking toplevel() on ptolemy.moml.MoMLSimpleApplication@204641e0
----------------- Done invoking toplevel() on ptolemy.moml.MoMLSimpleApplication@204641e0
reloadAllAccessors: .ConfigurationSwitchCloningBugWithClassRelationGroup

===========================================================================================
----------------- testing Tue Oct 27 15:56:51 UTC 2020 /home/travis/build/icyphy/ptII/ptolemy/actor/lib/test/auto/ConfigurationSwitchSelectSDF.xml
----------------- Instantiating /home/travis/build/icyphy/ptII/ptolemy/actor/lib/test/auto/ConfigurationSwitchSelectSDF.xml
3 ms. Memory: 273408K Free: 81868K (30%)
----------------- Invoking toplevel() on ptolemy.moml.MoMLSimpleApplication@1a7b903d
----------------- Done invoking toplevel() on ptolemy.moml.MoMLSimpleApplication@1a7b903d
reloadAllAccessors: .ConfigurationSwitchSelectSDF

===========================================================================================
----------------- testing Tue Oct 27 15:56:51 UTC 2020 /home/travis/build/icyphy/ptII/ptolemy/actor/lib/test/auto/ConfigurationSwitchSelectSDF2.xml
----------------- Instantiating /home/travis/build/icyphy/ptII/ptolemy/actor/lib/test/auto/ConfigurationSwitchSelectSDF2.xml
2 ms. Memory: 273408K Free: 75724K (28%)
----------------- Invoking toplevel() on ptolemy.moml.MoMLSimpleApplication@2fd746b9
----------------- Done invoking toplevel() on ptolemy.moml.MoMLSimpleApplication@2fd746b9
reloadAllAccessors: .ConfigurationSwitchSelectSDF2

===========================================================================================
----------------- testing Tue Oct 27 15:56:51 UTC 2020 /home/travis/build/icyphy/ptII/ptolemy/actor/lib/test/auto/Const.xml
----------------- Instantiating /home/travis/build/icyphy/ptII/ptolemy/actor/lib/test/auto/Const.xml
1 ms. Memory: 273408K Free: 72142K (26%)
----------------- Invoking toplevel() on ptolemy.moml.MoMLSimpleApplication@3d060b26
----------------- Done invoking toplevel() on ptolemy.moml.MoMLSimpleApplication@3d060b26
reloadAllAccessors: .Const

===========================================================================================
----------------- testing Tue Oct 27 15:56:51 UTC 2020 /home/travis/build/icyphy/ptII/ptolemy/actor/lib/test/auto/Const2.xml
----------------- Instantiating /home/travis/build/icyphy/ptII/ptolemy/actor/lib/test/auto/Const2.xml
1 ms. Memory: 273408K Free: 68556K (25%)
----------------- Invoking toplevel() on ptolemy.moml.MoMLSimpleApplication@302be6c8
----------------- Done invoking toplevel() on ptolemy.moml.MoMLSimpleApplication@302be6c8
reloadAllAccessors: .Const2

===========================================================================================
----------------- testing Tue Oct 27 15:56:51 UTC 2020 /home/travis/build/icyphy/ptII/ptolemy/actor/lib/test/auto/Const3.xml
----------------- Instantiating /home/travis/build/icyphy/ptII/ptolemy/actor/lib/test/auto/Const3.xml
1 ms. Memory: 273408K Free: 65484K (24%)
----------------- Invoking toplevel() on ptolemy.moml.MoMLSimpleApplication@2922d7c2
----------------- Done invoking toplevel() on ptolemy.moml.MoMLSimpleApplication@2922d7c2
reloadAllAccessors: .Const3

===========================================================================================
----------------- testing Tue Oct 27 15:56:51 UTC 2020 /home/travis/build/icyphy/ptII/ptolemy/actor/lib/test/auto/ConstantPublisherPort1.xml
----------------- Instantiating /home/travis/build/icyphy/ptII/ptolemy/actor/lib/test/auto/ConstantPublisherPort1.xml
9 ms. Memory: 273408K Free: 218875K (80%)
----------------- Invoking toplevel() on ptolemy.moml.MoMLSimpleApplication@27b2986f
----------------- Done invoking toplevel() on ptolemy.moml.MoMLSimpleApplication@27b2986f
reloadAllAccessors: .ConstantPublisherPort1

===========================================================================================
----------------- testing Tue Oct 27 15:56:51 UTC 2020 /home/travis/build/icyphy/ptII/ptolemy/actor/lib/test/auto/ConstantPublisherPort2.xml
----------------- Instantiating /home/travis/build/icyphy/ptII/ptolemy/actor/lib/test/auto/ConstantPublisherPort2.xml
11 ms. Memory: 273408K Free: 211197K (77%)
----------------- Invoking toplevel() on ptolemy.moml.MoMLSimpleApplication@8ed06ea
----------------- Done invoking toplevel() on ptolemy.moml.MoMLSimpleApplication@8ed06ea
reloadAllAccessors: .ConstantPublisherPort2

===========================================================================================
----------------- testing Tue Oct 27 15:56:51 UTC 2020 /home/travis/build/icyphy/ptII/ptolemy/actor/lib/test/auto/ConstantPublisherPort3.xml
----------------- Instantiating /home/travis/build/icyphy/ptII/ptolemy/actor/lib/test/auto/ConstantPublisherPort3.xml
6 ms. Memory: 273408K Free: 203515K (74%)
----------------- Invoking toplevel() on ptolemy.moml.MoMLSimpleApplication@59925edb
----------------- Done invoking toplevel() on ptolemy.moml.MoMLSimpleApplication@59925edb
reloadAllAccessors: .ConstantPublisherPort3

===========================================================================================
----------------- testing Tue Oct 27 15:56:51 UTC 2020 /home/travis/build/icyphy/ptII/ptolemy/actor/lib/test/auto/ConstantPublisherPort4.xml
----------------- Instantiating /home/travis/build/icyphy/ptII/ptolemy/actor/lib/test/auto/ConstantPublisherPort4.xml
3 ms. Memory: 273408K Free: 196861K (72%)
----------------- Invoking toplevel() on ptolemy.moml.MoMLSimpleApplication@44e3ef37
----------------- Done invoking toplevel() on ptolemy.moml.MoMLSimpleApplication@44e3ef37
reloadAllAccessors: .ConstantPublisherPort4

===========================================================================================
----------------- testing Tue Oct 27 15:56:51 UTC 2020 /home/travis/build/icyphy/ptII/ptolemy/actor/lib/test/auto/ConstantPublisherPort5.xml
----------------- Instantiating /home/travis/build/icyphy/ptII/ptolemy/actor/lib/test/auto/ConstantPublisherPort5.xml
29 ms. Memory: 273408K Free: 187131K (68%)
----------------- Invoking toplevel() on ptolemy.moml.MoMLSimpleApplication@1d808d9a
----------------- Done invoking toplevel() on ptolemy.moml.MoMLSimpleApplication@1d808d9a
reloadAllAccessors: .ConstantPublisherPort5

===========================================================================================
----------------- testing Tue Oct 27 15:56:51 UTC 2020 /home/travis/build/icyphy/ptII/ptolemy/actor/lib/test/auto/ConstantPublisherPort6.xml
----------------- Instantiating /home/travis/build/icyphy/ptII/ptolemy/actor/lib/test/auto/ConstantPublisherPort6.xml
16 ms. Memory: 273408K Free: 177915K (65%)
----------------- Invoking toplevel() on ptolemy.moml.MoMLSimpleApplication@1cf9a123
----------------- Done invoking toplevel() on ptolemy.moml.MoMLSimpleApplication@1cf9a123
reloadAllAccessors: .ConstantPublisherPort6

===========================================================================================
----------------- testing Tue Oct 27 15:56:51 UTC 2020 /home/travis/build/icyphy/ptII/ptolemy/actor/lib/test/auto/ConstantPublisherPort7.xml
----------------- Instantiating /home/travis/build/icyphy/ptII/ptolemy/actor/lib/test/auto/ConstantPublisherPort7.xml
22 ms. Memory: 273408K Free: 168699K (62%)
----------------- Invoking toplevel() on ptolemy.moml.MoMLSimpleApplication@1f647802
----------------- Done invoking toplevel() on ptolemy.moml.MoMLSimpleApplication@1f647802
reloadAllAccessors: .ConstantPublisherPort7

===========================================================================================
----------------- testing Tue Oct 27 15:56:51 UTC 2020 /home/travis/build/icyphy/ptII/ptolemy/actor/lib/test/auto/ConstraintMonitor1.xml
----------------- Instantiating /home/travis/build/icyphy/ptII/ptolemy/actor/lib/test/auto/ConstraintMonitor1.xml
7 ms. Memory: 273408K Free: 163579K (60%)
----------------- Invoking toplevel() on ptolemy.moml.MoMLSimpleApplication@53d6a1ff
----------------- Done invoking toplevel() on ptolemy.moml.MoMLSimpleApplication@53d6a1ff
reloadAllAccessors: .ConstraintMonitor1

===========================================================================================
----------------- testing Tue Oct 27 15:56:51 UTC 2020 /home/travis/build/icyphy/ptII/ptolemy/actor/lib/test/auto/ConstraintMonitor2.xml
----------------- Instantiating /home/travis/build/icyphy/ptII/ptolemy/actor/lib/test/auto/ConstraintMonitor2.xml
5 ms. Memory: 273408K Free: 158973K (58%)
----------------- Invoking toplevel() on ptolemy.moml.MoMLSimpleApplication@5ae8b409
----------------- Done invoking toplevel() on ptolemy.moml.MoMLSimpleApplication@5ae8b409
reloadAllAccessors: .ConstraintMonitor2

===========================================================================================
----------------- testing Tue Oct 27 15:56:51 UTC 2020 /home/travis/build/icyphy/ptII/ptolemy/actor/lib/test/auto/ConstraintMonitor3.xml
----------------- Instantiating /home/travis/build/icyphy/ptII/ptolemy/actor/lib/test/auto/ConstraintMonitor3.xml
4 ms. Memory: 273408K Free: 154363K (56%)
----------------- Invoking toplevel() on ptolemy.moml.MoMLSimpleApplication@51101e7f
----------------- Done invoking toplevel() on ptolemy.moml.MoMLSimpleApplication@51101e7f
reloadAllAccessors: .ConstraintMonitor3

===========================================================================================
----------------- testing Tue Oct 27 15:56:51 UTC 2020 /home/travis/build/icyphy/ptII/ptolemy/actor/lib/test/auto/ConstraintMonitor4.xml
----------------- Instantiating /home/travis/build/icyphy/ptII/ptolemy/actor/lib/test/auto/ConstraintMonitor4.xml
4 ms. Memory: 273408K Free: 149243K (55%)
----------------- Invoking toplevel() on ptolemy.moml.MoMLSimpleApplication@1dc5fa3e
----------------- Done invoking toplevel() on ptolemy.moml.MoMLSimpleApplication@1dc5fa3e
reloadAllAccessors: .ConstraintMonitor4

===========================================================================================
----------------- testing Tue Oct 27 15:56:51 UTC 2020 /home/travis/build/icyphy/ptII/ptolemy/actor/lib/test/auto/ConstraintMonitor5.xml
----------------- Instantiating /home/travis/build/icyphy/ptII/ptolemy/actor/lib/test/auto/ConstraintMonitor5.xml
1 ms. Memory: 273408K Free: 144123K (53%)
----------------- Invoking toplevel() on ptolemy.moml.MoMLSimpleApplication@32f0b54f
----------------- Done invoking toplevel() on ptolemy.moml.MoMLSimpleApplication@32f0b54f
reloadAllAccessors: .ConstraintMonitor5

===========================================================================================
----------------- testing Tue Oct 27 15:56:51 UTC 2020 /home/travis/build/icyphy/ptII/ptolemy/actor/lib/test/auto/ConstraintMonitor6.xml
----------------- Instantiating /home/travis/build/icyphy/ptII/ptolemy/actor/lib/test/auto/ConstraintMonitor6.xml
5 ms. Memory: 273408K Free: 138493K (51%)
----------------- Invoking toplevel() on ptolemy.moml.MoMLSimpleApplication@476d489c
----------------- Done invoking toplevel() on ptolemy.moml.MoMLSimpleApplication@476d489c
reloadAllAccessors: .ConstraintMonitor6

===========================================================================================
----------------- testing Tue Oct 27 15:56:51 UTC 2020 /home/travis/build/icyphy/ptII/ptolemy/actor/lib/test/auto/ConstraintMonitor7.xml
----------------- Instantiating /home/travis/build/icyphy/ptII/ptolemy/actor/lib/test/auto/ConstraintMonitor7.xml
6 ms. Memory: 273408K Free: 132349K (48%)
----------------- Invoking toplevel() on ptolemy.moml.MoMLSimpleApplication@12555929
----------------- Done invoking toplevel() on ptolemy.moml.MoMLSimpleApplication@12555929
reloadAllAccessors: .ConstraintMonitor7

===========================================================================================
----------------- testing Tue Oct 27 15:56:51 UTC 2020 /home/travis/build/icyphy/ptII/ptolemy/actor/lib/test/auto/ConstraintMonitor8.xml
----------------- Instantiating /home/travis/build/icyphy/ptII/ptolemy/actor/lib/test/auto/ConstraintMonitor8.xml
8 ms. Memory: 273408K Free: 124667K (46%)
----------------- Invoking toplevel() on ptolemy.moml.MoMLSimpleApplication@51748906
----------------- Done invoking toplevel() on ptolemy.moml.MoMLSimpleApplication@51748906
reloadAllAccessors: .ConstraintMonitor8

===========================================================================================
----------------- testing Tue Oct 27 15:56:51 UTC 2020 /home/travis/build/icyphy/ptII/ptolemy/actor/lib/test/auto/Counter.xml
----------------- Instantiating /home/travis/build/icyphy/ptII/ptolemy/actor/lib/test/auto/Counter.xml
3 ms. Memory: 273408K Free: 119547K (44%)
----------------- Invoking toplevel() on ptolemy.moml.MoMLSimpleApplication@4a4f018b
----------------- Done invoking toplevel() on ptolemy.moml.MoMLSimpleApplication@4a4f018b
reloadAllAccessors: .Counter

===========================================================================================
----------------- testing Tue Oct 27 15:56:51 UTC 2020 /home/travis/build/icyphy/ptII/ptolemy/actor/lib/test/auto/CurrentTimeSDF.xml
----------------- Instantiating /home/travis/build/icyphy/ptII/ptolemy/actor/lib/test/auto/CurrentTimeSDF.xml
1 ms. Memory: 273408K Free: 115965K (42%)
----------------- Invoking toplevel() on ptolemy.moml.MoMLSimpleApplication@11c79aad
----------------- Done invoking toplevel() on ptolemy.moml.MoMLSimpleApplication@11c79aad
reloadAllAccessors: .CurrentTimeSDF

===========================================================================================
----------------- testing Tue Oct 27 15:56:51 UTC 2020 /home/travis/build/icyphy/ptII/ptolemy/actor/lib/test/auto/DB.xml
----------------- Instantiating /home/travis/build/icyphy/ptII/ptolemy/actor/lib/test/auto/DB.xml
2 ms. Memory: 273408K Free: 110845K (41%)
----------------- Invoking toplevel() on ptolemy.moml.MoMLSimpleApplication@1a7b36f5
----------------- Done invoking toplevel() on ptolemy.moml.MoMLSimpleApplication@1a7b36f5
reloadAllAccessors: .DB

===========================================================================================
----------------- testing Tue Oct 27 15:56:51 UTC 2020 /home/travis/build/icyphy/ptII/ptolemy/actor/lib/test/auto/DBDE.xml
----------------- Instantiating /home/travis/build/icyphy/ptII/ptolemy/actor/lib/test/auto/DBDE.xml
2 ms. Memory: 273408K Free: 104701K (38%)
----------------- Invoking toplevel() on ptolemy.moml.MoMLSimpleApplication@4fcb76c2
----------------- Done invoking toplevel() on ptolemy.moml.MoMLSimpleApplication@4fcb76c2
reloadAllAccessors: .DBDE

===========================================================================================
----------------- testing Tue Oct 27 15:56:51 UTC 2020 /home/travis/build/icyphy/ptII/ptolemy/actor/lib/test/auto/DateConstructor.xml
----------------- Instantiating /home/travis/build/icyphy/ptII/ptolemy/actor/lib/test/auto/DateConstructor.xml
29 ms. Memory: 273408K Free: 87803K (32%)
----------------- Invoking toplevel() on ptolemy.moml.MoMLSimpleApplication@3ada896c
----------------- Done invoking toplevel() on ptolemy.moml.MoMLSimpleApplication@3ada896c
reloadAllAccessors: .DateConstructor

===========================================================================================
----------------- testing Tue Oct 27 15:56:51 UTC 2020 /home/travis/build/icyphy/ptII/ptolemy/actor/lib/test/auto/DelayTime.xml
----------------- Instantiating /home/travis/build/icyphy/ptII/ptolemy/actor/lib/test/auto/DelayTime.xml
7 ms. Memory: 273408K Free: 82683K (30%)
----------------- Invoking toplevel() on ptolemy.moml.MoMLSimpleApplication@69aeff0c
----------------- Done invoking toplevel() on ptolemy.moml.MoMLSimpleApplication@69aeff0c
reloadAllAccessors: .DelayTime

===========================================================================================
----------------- testing Tue Oct 27 15:56:51 UTC 2020 /home/travis/build/icyphy/ptII/ptolemy/actor/lib/test/auto/Dictionary1.xml
----------------- Instantiating /home/travis/build/icyphy/ptII/ptolemy/actor/lib/test/auto/Dictionary1.xml
1 ms. Memory: 273408K Free: 77053K (28%)
----------------- Invoking toplevel() on ptolemy.moml.MoMLSimpleApplication@51bc58ad
----------------- Done invoking toplevel() on ptolemy.moml.MoMLSimpleApplication@51bc58ad
reloadAllAccessors: .Dictionary1

===========================================================================================
----------------- testing Tue Oct 27 15:56:51 UTC 2020 /home/travis/build/icyphy/ptII/ptolemy/actor/lib/test/auto/Dictionary2.xml
----------------- Instantiating /home/travis/build/icyphy/ptII/ptolemy/actor/lib/test/auto/Dictionary2.xml
9 ms. Memory: 273408K Free: 71933K (26%)
----------------- Invoking toplevel() on ptolemy.moml.MoMLSimpleApplication@3d253547
----------------- Done invoking toplevel() on ptolemy.moml.MoMLSimpleApplication@3d253547
reloadAllAccessors: .Dictionary2

===========================================================================================
----------------- testing Tue Oct 27 15:56:51 UTC 2020 /home/travis/build/icyphy/ptII/ptolemy/actor/lib/test/auto/Dictionary3.xml
----------------- Instantiating /home/travis/build/icyphy/ptII/ptolemy/actor/lib/test/auto/Dictionary3.xml
3 ms. Memory: 273408K Free: 66299K (24%)
----------------- Invoking toplevel() on ptolemy.moml.MoMLSimpleApplication@1403e4c1
----------------- Done invoking toplevel() on ptolemy.moml.MoMLSimpleApplication@1403e4c1
reloadAllAccessors: .Dictionary3

===========================================================================================
----------------- testing Tue Oct 27 15:56:51 UTC 2020 /home/travis/build/icyphy/ptII/ptolemy/actor/lib/test/auto/Dictionary4.xml
----------------- Instantiating /home/travis/build/icyphy/ptII/ptolemy/actor/lib/test/auto/Dictionary4.xml
2 ms. Memory: 273408K Free: 220522K (81%)
----------------- Invoking toplevel() on ptolemy.moml.MoMLSimpleApplication@2398a78d
----------------- Done invoking toplevel() on ptolemy.moml.MoMLSimpleApplication@2398a78d
reloadAllAccessors: .Dictionary4

===========================================================================================
----------------- testing Tue Oct 27 15:56:51 UTC 2020 /home/travis/build/icyphy/ptII/ptolemy/actor/lib/test/auto/Differential.xml
----------------- Instantiating /home/travis/build/icyphy/ptII/ptolemy/actor/lib/test/auto/Differential.xml
3 ms. Memory: 273408K Free: 215916K (79%)
----------------- Invoking toplevel() on ptolemy.moml.MoMLSimpleApplication@3d5f2375
----------------- Done invoking toplevel() on ptolemy.moml.MoMLSimpleApplication@3d5f2375
reloadAllAccessors: .Differential

===========================================================================================
----------------- testing Tue Oct 27 15:56:51 UTC 2020 /home/travis/build/icyphy/ptII/ptolemy/actor/lib/test/auto/Director.xml
----------------- Instantiating /home/travis/build/icyphy/ptII/ptolemy/actor/lib/test/auto/Director.xml
2 ms. Memory: 273408K Free: 212330K (78%)
----------------- Invoking toplevel() on ptolemy.moml.MoMLSimpleApplication@53e8c422
----------------- Done invoking toplevel() on ptolemy.moml.MoMLSimpleApplication@53e8c422
reloadAllAccessors: .Director

===========================================================================================
----------------- testing Tue Oct 27 15:56:51 UTC 2020 /home/travis/build/icyphy/ptII/ptolemy/actor/lib/test/auto/DiscreteClock.xml
----------------- Instantiating /home/travis/build/icyphy/ptII/ptolemy/actor/lib/test/auto/DiscreteClock.xml
1 ms. Memory: 273408K Free: 208748K (76%)
----------------- Invoking toplevel() on ptolemy.moml.MoMLSimpleApplication@3a538cbd
----------------- Done invoking toplevel() on ptolemy.moml.MoMLSimpleApplication@3a538cbd
reloadAllAccessors: .DiscreteClock

===========================================================================================
----------------- testing Tue Oct 27 15:56:51 UTC 2020 /home/travis/build/icyphy/ptII/ptolemy/actor/lib/test/auto/DiscreteClock10.xml
----------------- Instantiating /home/travis/build/icyphy/ptII/ptolemy/actor/lib/test/auto/DiscreteClock10.xml
3 ms. Memory: 273408K Free: 202090K (74%)
----------------- Invoking toplevel() on ptolemy.moml.MoMLSimpleApplication@118bb17f
----------------- Done invoking toplevel() on ptolemy.moml.MoMLSimpleApplication@118bb17f
reloadAllAccessors: .DiscreteClock10

===========================================================================================
----------------- testing Tue Oct 27 15:56:52 UTC 2020 /home/travis/build/icyphy/ptII/ptolemy/actor/lib/test/auto/DiscreteClock11.xml
----------------- Instantiating /home/travis/build/icyphy/ptII/ptolemy/actor/lib/test/auto/DiscreteClock11.xml
2 ms. Memory: 273408K Free: 196460K (72%)
----------------- Invoking toplevel() on ptolemy.moml.MoMLSimpleApplication@7626bc1d
----------------- Done invoking toplevel() on ptolemy.moml.MoMLSimpleApplication@7626bc1d
reloadAllAccessors: .DiscreteClock11

===========================================================================================
----------------- testing Tue Oct 27 15:56:52 UTC 2020 /home/travis/build/icyphy/ptII/ptolemy/actor/lib/test/auto/DiscreteClock12.xml
----------------- Instantiating /home/travis/build/icyphy/ptII/ptolemy/actor/lib/test/auto/DiscreteClock12.xml
4 ms. Memory: 273408K Free: 190316K (70%)
----------------- Invoking toplevel() on ptolemy.moml.MoMLSimpleApplication@7de13a06
----------------- Done invoking toplevel() on ptolemy.moml.MoMLSimpleApplication@7de13a06
reloadAllAccessors: .DiscreteClock12

===========================================================================================
----------------- testing Tue Oct 27 15:56:52 UTC 2020 /home/travis/build/icyphy/ptII/ptolemy/actor/lib/test/auto/DiscreteClock13.xml
----------------- Instantiating /home/travis/build/icyphy/ptII/ptolemy/actor/lib/test/auto/DiscreteClock13.xml
3 ms. Memory: 273408K Free: 184172K (67%)
----------------- Invoking toplevel() on ptolemy.moml.MoMLSimpleApplication@11ae4466
----------------- Done invoking toplevel() on ptolemy.moml.MoMLSimpleApplication@11ae4466
reloadAllAccessors: .DiscreteClock13

===========================================================================================
----------------- testing Tue Oct 27 15:56:52 UTC 2020 /home/travis/build/icyphy/ptII/ptolemy/actor/lib/test/auto/DiscreteClock14.xml
----------------- Instantiating /home/travis/build/icyphy/ptII/ptolemy/actor/lib/test/auto/DiscreteClock14.xml
3 ms. Memory: 273408K Free: 178508K (65%)
----------------- Invoking toplevel() on ptolemy.moml.MoMLSimpleApplication@d113c4
----------------- Done invoking toplevel() on ptolemy.moml.MoMLSimpleApplication@d113c4
reloadAllAccessors: .DiscreteClock14

===========================================================================================
----------------- testing Tue Oct 27 15:56:52 UTC 2020 /home/travis/build/icyphy/ptII/ptolemy/actor/lib/test/auto/DiscreteClock15.xml
----------------- Instantiating /home/travis/build/icyphy/ptII/ptolemy/actor/lib/test/auto/DiscreteClock15.xml
3 ms. Memory: 273408K Free: 172364K (63%)
----------------- Invoking toplevel() on ptolemy.moml.MoMLSimpleApplication@68eb8dc5
----------------- Done invoking toplevel() on ptolemy.moml.MoMLSimpleApplication@68eb8dc5
reloadAllAccessors: .DiscreteClock15

===========================================================================================
----------------- testing Tue Oct 27 15:56:52 UTC 2020 /home/travis/build/icyphy/ptII/ptolemy/actor/lib/test/auto/DiscreteClock16.xml
----------------- Instantiating /home/travis/build/icyphy/ptII/ptolemy/actor/lib/test/auto/DiscreteClock16.xml
18 ms. Memory: 273408K Free: 158572K (58%)
----------------- Invoking toplevel() on ptolemy.moml.MoMLSimpleApplication@5c4f69bb
----------------- Done invoking toplevel() on ptolemy.moml.MoMLSimpleApplication@5c4f69bb
reloadAllAccessors: .DiscreteClock16

===========================================================================================
----------------- testing Tue Oct 27 15:56:52 UTC 2020 /home/travis/build/icyphy/ptII/ptolemy/actor/lib/test/auto/DiscreteClock17.xml
----------------- Instantiating /home/travis/build/icyphy/ptII/ptolemy/actor/lib/test/auto/DiscreteClock17.xml
20 ms. Memory: 273408K Free: 143708K (53%)
----------------- Invoking toplevel() on ptolemy.moml.MoMLSimpleApplication@219c6df8
----------------- Done invoking toplevel() on ptolemy.moml.MoMLSimpleApplication@219c6df8
reloadAllAccessors: .DiscreteClock17

===========================================================================================
----------------- testing Tue Oct 27 15:56:52 UTC 2020 /home/travis/build/icyphy/ptII/ptolemy/actor/lib/test/auto/DiscreteClock18.xml
----------------- Instantiating /home/travis/build/icyphy/ptII/ptolemy/actor/lib/test/auto/DiscreteClock18.xml
23 ms. Memory: 273408K Free: 130410K (48%)
----------------- Invoking toplevel() on ptolemy.moml.MoMLSimpleApplication@5af0ec99
----------------- Done invoking toplevel() on ptolemy.moml.MoMLSimpleApplication@5af0ec99
reloadAllAccessors: .DiscreteClock18

===========================================================================================
----------------- testing Tue Oct 27 15:56:52 UTC 2020 /home/travis/build/icyphy/ptII/ptolemy/actor/lib/test/auto/DiscreteClock19.xml
----------------- Instantiating /home/travis/build/icyphy/ptII/ptolemy/actor/lib/test/auto/DiscreteClock19.xml
20 ms. Memory: 273408K Free: 116588K (43%)
----------------- Invoking toplevel() on ptolemy.moml.MoMLSimpleApplication@73c78b83
----------------- Done invoking toplevel() on ptolemy.moml.MoMLSimpleApplication@73c78b83
reloadAllAccessors: .DiscreteClock19

===========================================================================================
----------------- testing Tue Oct 27 15:56:52 UTC 2020 /home/travis/build/icyphy/ptII/ptolemy/actor/lib/test/auto/DiscreteClock2.xml
----------------- Instantiating /home/travis/build/icyphy/ptII/ptolemy/actor/lib/test/auto/DiscreteClock2.xml
2 ms. Memory: 273408K Free: 111468K (41%)
----------------- Invoking toplevel() on ptolemy.moml.MoMLSimpleApplication@7b9da572
----------------- Done invoking toplevel() on ptolemy.moml.MoMLSimpleApplication@7b9da572
reloadAllAccessors: .DiscreteClock2

===========================================================================================
----------------- testing Tue Oct 27 15:56:52 UTC 2020 /home/travis/build/icyphy/ptII/ptolemy/actor/lib/test/auto/DiscreteClock20.xml
----------------- Instantiating /home/travis/build/icyphy/ptII/ptolemy/actor/lib/test/auto/DiscreteClock20.xml
4 ms. Memory: 273408K Free: 106348K (39%)
----------------- Invoking toplevel() on ptolemy.moml.MoMLSimpleApplication@38aba302
----------------- Done invoking toplevel() on ptolemy.moml.MoMLSimpleApplication@38aba302
reloadAllAccessors: .DiscreteClock20

===========================================================================================
----------------- testing Tue Oct 27 15:56:52 UTC 2020 /home/travis/build/icyphy/ptII/ptolemy/actor/lib/test/auto/DiscreteClock21.xml
----------------- Instantiating /home/travis/build/icyphy/ptII/ptolemy/actor/lib/test/auto/DiscreteClock21.xml
3 ms. Memory: 273408K Free: 100714K (37%)
----------------- Invoking toplevel() on ptolemy.moml.MoMLSimpleApplication@690a0da
----------------- Done invoking toplevel() on ptolemy.moml.MoMLSimpleApplication@690a0da
reloadAllAccessors: .DiscreteClock21

===========================================================================================
----------------- testing Tue Oct 27 15:56:52 UTC 2020 /home/travis/build/icyphy/ptII/ptolemy/actor/lib/test/auto/DiscreteClock22.xml
----------------- Instantiating /home/travis/build/icyphy/ptII/ptolemy/actor/lib/test/auto/DiscreteClock22.xml
7 ms. Memory: 273408K Free: 95084K (35%)
----------------- Invoking toplevel() on ptolemy.moml.MoMLSimpleApplication@5dca665b
----------------- Done invoking toplevel() on ptolemy.moml.MoMLSimpleApplication@5dca665b
reloadAllAccessors: .DiscreteClock22

===========================================================================================
----------------- testing Tue Oct 27 15:56:52 UTC 2020 /home/travis/build/icyphy/ptII/ptolemy/actor/lib/test/auto/DiscreteClock23.xml
----------------- Instantiating /home/travis/build/icyphy/ptII/ptolemy/actor/lib/test/auto/DiscreteClock23.xml
10 ms. Memory: 273408K Free: 89450K (33%)
----------------- Invoking toplevel() on ptolemy.moml.MoMLSimpleApplication@4b7c0640
----------------- Done invoking toplevel() on ptolemy.moml.MoMLSimpleApplication@4b7c0640
reloadAllAccessors: .DiscreteClock23

===========================================================================================
----------------- testing Tue Oct 27 15:56:52 UTC 2020 /home/travis/build/icyphy/ptII/ptolemy/actor/lib/test/auto/DiscreteClock24.xml
----------------- Instantiating /home/travis/build/icyphy/ptII/ptolemy/actor/lib/test/auto/DiscreteClock24.xml
4 ms. Memory: 273408K Free: 84330K (31%)
----------------- Invoking toplevel() on ptolemy.moml.MoMLSimpleApplication@247cd817
----------------- Done invoking toplevel() on ptolemy.moml.MoMLSimpleApplication@247cd817
reloadAllAccessors: .DiscreteClock24

===========================================================================================
----------------- testing Tue Oct 27 15:56:52 UTC 2020 /home/travis/build/icyphy/ptII/ptolemy/actor/lib/test/auto/DiscreteClock4.xml
----------------- Instantiating /home/travis/build/icyphy/ptII/ptolemy/actor/lib/test/auto/DiscreteClock4.xml
4 ms. Memory: 273408K Free: 78700K (29%)
----------------- Invoking toplevel() on ptolemy.moml.MoMLSimpleApplication@3221842e
----------------- Done invoking toplevel() on ptolemy.moml.MoMLSimpleApplication@3221842e
reloadAllAccessors: .DiscreteClock4

===========================================================================================
----------------- testing Tue Oct 27 15:56:52 UTC 2020 /home/travis/build/icyphy/ptII/ptolemy/actor/lib/test/auto/DiscreteClock5.xml
----------------- Instantiating /home/travis/build/icyphy/ptII/ptolemy/actor/lib/test/auto/DiscreteClock5.xml
2 ms. Memory: 273408K Free: 73052K (27%)
----------------- Invoking toplevel() on ptolemy.moml.MoMLSimpleApplication@593831f4
----------------- Done invoking toplevel() on ptolemy.moml.MoMLSimpleApplication@593831f4
reloadAllAccessors: .DiscreteClock5

===========================================================================================
----------------- testing Tue Oct 27 15:56:52 UTC 2020 /home/travis/build/icyphy/ptII/ptolemy/actor/lib/test/auto/DiscreteClock6.xml
----------------- Instantiating /home/travis/build/icyphy/ptII/ptolemy/actor/lib/test/auto/DiscreteClock6.xml
1 ms. Memory: 273408K Free: 68970K (25%)
----------------- Invoking toplevel() on ptolemy.moml.MoMLSimpleApplication@7a5053ae
----------------- Done invoking toplevel() on ptolemy.moml.MoMLSimpleApplication@7a5053ae
reloadAllAccessors: .DiscreteClock6

===========================================================================================
----------------- testing Tue Oct 27 15:56:52 UTC 2020 /home/travis/build/icyphy/ptII/ptolemy/actor/lib/test/auto/DiscreteClock7.xml
----------------- Instantiating /home/travis/build/icyphy/ptII/ptolemy/actor/lib/test/auto/DiscreteClock7.xml
2 ms. Memory: 273408K Free: 63850K (23%)
----------------- Invoking toplevel() on ptolemy.moml.MoMLSimpleApplication@2c2bf993
----------------- Done invoking toplevel() on ptolemy.moml.MoMLSimpleApplication@2c2bf993
reloadAllAccessors: .DiscreteClock7

===========================================================================================
----------------- testing Tue Oct 27 15:56:52 UTC 2020 /home/travis/build/icyphy/ptII/ptolemy/actor/lib/test/auto/DiscreteClock8.xml
----------------- Instantiating /home/travis/build/icyphy/ptII/ptolemy/actor/lib/test/auto/DiscreteClock8.xml
3 ms. Memory: 273408K Free: 219844K (80%)
----------------- Invoking toplevel() on ptolemy.moml.MoMLSimpleApplication@28dfa643
----------------- Done invoking toplevel() on ptolemy.moml.MoMLSimpleApplication@28dfa643
reloadAllAccessors: .DiscreteClock8

===========================================================================================
----------------- testing Tue Oct 27 15:56:52 UTC 2020 /home/travis/build/icyphy/ptII/ptolemy/actor/lib/test/auto/DiscreteClock9.xml
----------------- Instantiating /home/travis/build/icyphy/ptII/ptolemy/actor/lib/test/auto/DiscreteClock9.xml
5 ms. Memory: 273408K Free: 213702K (78%)
----------------- Invoking toplevel() on ptolemy.moml.MoMLSimpleApplication@5acdb849
----------------- Done invoking toplevel() on ptolemy.moml.MoMLSimpleApplication@5acdb849
reloadAllAccessors: .DiscreteClock9

===========================================================================================
----------------- testing Tue Oct 27 15:56:52 UTC 2020 /home/travis/build/icyphy/ptII/ptolemy/actor/lib/test/auto/DisplayArray.xml
----------------- Instantiating /home/travis/build/icyphy/ptII/ptolemy/actor/lib/test/auto/DisplayArray.xml
1 ms. Memory: 273408K Free: 210630K (77%)
----------------- Invoking toplevel() on ptolemy.moml.MoMLSimpleApplication@def8bca
----------------- Done invoking toplevel() on ptolemy.moml.MoMLSimpleApplication@def8bca
reloadAllAccessors: .DisplayArray

===========================================================================================
----------------- testing Tue Oct 27 15:56:52 UTC 2020 /home/travis/build/icyphy/ptII/ptolemy/actor/lib/test/auto/Distributor.xml
----------------- Instantiating /home/travis/build/icyphy/ptII/ptolemy/actor/lib/test/auto/Distributor.xml
2 ms. Memory: 273408K Free: 205510K (75%)
----------------- Invoking toplevel() on ptolemy.moml.MoMLSimpleApplication@c72e59e
----------------- Done invoking toplevel() on ptolemy.moml.MoMLSimpleApplication@c72e59e
reloadAllAccessors: .Distributor

===========================================================================================
----------------- testing Tue Oct 27 15:56:52 UTC 2020 /home/travis/build/icyphy/ptII/ptolemy/actor/lib/test/auto/Distributor2.xml
----------------- Instantiating /home/travis/build/icyphy/ptII/ptolemy/actor/lib/test/auto/Distributor2.xml
2 ms. Memory: 273408K Free: 200390K (73%)
----------------- Invoking toplevel() on ptolemy.moml.MoMLSimpleApplication@6302dad5
----------------- Done invoking toplevel() on ptolemy.moml.MoMLSimpleApplication@6302dad5
reloadAllAccessors: .Distributor2

===========================================================================================
----------------- testing Tue Oct 27 15:56:52 UTC 2020 /home/travis/build/icyphy/ptII/ptolemy/actor/lib/test/auto/DownSample.xml
----------------- Instantiating /home/travis/build/icyphy/ptII/ptolemy/actor/lib/test/auto/DownSample.xml
1 ms. Memory: 273408K Free: 195780K (72%)
----------------- Invoking toplevel() on ptolemy.moml.MoMLSimpleApplication@35afd73b
----------------- Done invoking toplevel() on ptolemy.moml.MoMLSimpleApplication@35afd73b
reloadAllAccessors: .DownSample

===========================================================================================
----------------- testing Tue Oct 27 15:56:52 UTC 2020 /home/travis/build/icyphy/ptII/ptolemy/actor/lib/test/auto/ElectronicUnitBase1.xml
----------------- Instantiating /home/travis/build/icyphy/ptII/ptolemy/actor/lib/test/auto/ElectronicUnitBase1.xml
15 ms. Memory: 273408K Free: 179910K (66%)
----------------- Invoking toplevel() on ptolemy.moml.MoMLSimpleApplication@54673c14
----------------- Done invoking toplevel() on ptolemy.moml.MoMLSimpleApplication@54673c14
reloadAllAccessors: .ElectronicUnitBase1

===========================================================================================
----------------- testing Tue Oct 27 15:56:52 UTC 2020 /home/travis/build/icyphy/ptII/ptolemy/actor/lib/test/auto/ElementsToArray.xml
----------------- Instantiating /home/travis/build/icyphy/ptII/ptolemy/actor/lib/test/auto/ElementsToArray.xml
3 ms. Memory: 273408K Free: 174790K (64%)
----------------- Invoking toplevel() on ptolemy.moml.MoMLSimpleApplication@232a961a
----------------- Done invoking toplevel() on ptolemy.moml.MoMLSimpleApplication@232a961a
reloadAllAccessors: .ElementsToArray

===========================================================================================
----------------- testing Tue Oct 27 15:56:52 UTC 2020 /home/travis/build/icyphy/ptII/ptolemy/actor/lib/test/auto/Equals.xml
----------------- Instantiating /home/travis/build/icyphy/ptII/ptolemy/actor/lib/test/auto/Equals.xml
3 ms. Memory: 273408K Free: 170180K (62%)
----------------- Invoking toplevel() on ptolemy.moml.MoMLSimpleApplication@565cfed8
----------------- Done invoking toplevel() on ptolemy.moml.MoMLSimpleApplication@565cfed8
reloadAllAccessors: .Equals

===========================================================================================
----------------- testing Tue Oct 27 15:56:52 UTC 2020 /home/travis/build/icyphy/ptII/ptolemy/actor/lib/test/auto/Exec.xml
----------------- Instantiating /home/travis/build/icyphy/ptII/ptolemy/actor/lib/test/auto/Exec.xml
21 ms. Memory: 273408K Free: 164036K (60%)
----------------- Invoking toplevel() on ptolemy.moml.MoMLSimpleApplication@18fd5a7e
----------------- Done invoking toplevel() on ptolemy.moml.MoMLSimpleApplication@18fd5a7e
reloadAllAccessors: .Exec

===========================================================================================
----------------- testing Tue Oct 27 15:56:52 UTC 2020 /home/travis/build/icyphy/ptII/ptolemy/actor/lib/test/auto/ExecEnvironment.xml
----------------- Instantiating /home/travis/build/icyphy/ptII/ptolemy/actor/lib/test/auto/ExecEnvironment.xml
33 ms. Memory: 273408K Free: 159430K (58%)
----------------- Invoking toplevel() on ptolemy.moml.MoMLSimpleApplication@363e3a5b
----------------- Done invoking toplevel() on ptolemy.moml.MoMLSimpleApplication@363e3a5b
reloadAllAccessors: .ExecEnvironment

===========================================================================================
----------------- testing Tue Oct 27 15:56:52 UTC 2020 /home/travis/build/icyphy/ptII/ptolemy/actor/lib/test/auto/ExecNonZeroReturnOutput.xml
----------------- Instantiating /home/travis/build/icyphy/ptII/ptolemy/actor/lib/test/auto/ExecNonZeroReturnOutput.xml
174 ms. Memory: 273408K Free: 147652K (54%)
----------------- Invoking toplevel() on ptolemy.moml.MoMLSimpleApplication@58c8638f
----------------- Done invoking toplevel() on ptolemy.moml.MoMLSimpleApplication@58c8638f
reloadAllAccessors: .ExecNonZeroReturnOutput

===========================================================================================
----------------- testing Tue Oct 27 15:56:52 UTC 2020 /home/travis/build/icyphy/ptII/ptolemy/actor/lib/test/auto/ExecRunDemos.xml
----------------- Instantiating /home/travis/build/icyphy/ptII/ptolemy/actor/lib/test/auto/ExecRunDemos.xml
Finished: 56 ms. Memory: 129024K Free: 111942K (87%)

Finished: 65 ms. Memory: 129024K Free: 109500K (85%)

Finished: 83 ms. Memory: 129024K Free: 109619K (85%)

Finished: 87 ms. Memory: 129024K Free: 111155K (86%)

Finished: 69 ms. Memory: 129024K Free: 112156K (87%)

10523 ms. Memory: 273408K Free: 126660K (46%)
----------------- Invoking toplevel() on ptolemy.moml.MoMLSimpleApplication@4d78db10
----------------- Done invoking toplevel() on ptolemy.moml.MoMLSimpleApplication@4d78db10
reloadAllAccessors: .ExecRunDemos

===========================================================================================
----------------- testing Tue Oct 27 15:57:03 UTC 2020 /home/travis/build/icyphy/ptII/ptolemy/actor/lib/test/auto/ExecStop.xml
----------------- Instantiating /home/travis/build/icyphy/ptII/ptolemy/actor/lib/test/auto/ExecStop.xml
5019 ms. Memory: 441344K Free: 310329K (70%)
----------------- Invoking toplevel() on ptolemy.moml.MoMLSimpleApplication@58607618
----------------- Done invoking toplevel() on ptolemy.moml.MoMLSimpleApplication@58607618
reloadAllAccessors: .ExecStop

===========================================================================================
----------------- testing Tue Oct 27 15:57:08 UTC 2020 /home/travis/build/icyphy/ptII/ptolemy/actor/lib/test/auto/ExecutionTimeSDF.xml
----------------- Instantiating /home/travis/build/icyphy/ptII/ptolemy/actor/lib/test/auto/ExecutionTimeSDF.xml
Fired ExecutionTime: -348167296
Fired ExecutionTime: 1335200000
Fired ExecutionTime: 1340000000
6010 ms. Memory: 441344K Free: 297416K (67%)
----------------- Invoking toplevel() on ptolemy.moml.MoMLSimpleApplication@42766da7
----------------- Done invoking toplevel() on ptolemy.moml.MoMLSimpleApplication@42766da7
reloadAllAccessors: .ExecutionTimeSDF

===========================================================================================
----------------- testing Tue Oct 27 15:57:14 UTC 2020 /home/travis/build/icyphy/ptII/ptolemy/actor/lib/test/auto/Expression1.xml
----------------- Instantiating /home/travis/build/icyphy/ptII/ptolemy/actor/lib/test/auto/Expression1.xml
6 ms. Memory: 441344K Free: 294344K (67%)
----------------- Invoking toplevel() on ptolemy.moml.MoMLSimpleApplication@7adaf71c
----------------- Done invoking toplevel() on ptolemy.moml.MoMLSimpleApplication@7adaf71c
reloadAllAccessors: .Expression1

===========================================================================================
----------------- testing Tue Oct 27 15:57:14 UTC 2020 /home/travis/build/icyphy/ptII/ptolemy/actor/lib/test/auto/Expression10.xml
----------------- Instantiating /home/travis/build/icyphy/ptII/ptolemy/actor/lib/test/auto/Expression10.xml
7 ms. Memory: 441344K Free: 288710K (65%)
----------------- Invoking toplevel() on ptolemy.moml.MoMLSimpleApplication@46578758
----------------- Done invoking toplevel() on ptolemy.moml.MoMLSimpleApplication@46578758
reloadAllAccessors: .Expression10

===========================================================================================
----------------- testing Tue Oct 27 15:57:14 UTC 2020 /home/travis/build/icyphy/ptII/ptolemy/actor/lib/test/auto/Expression11.xml
----------------- Instantiating /home/travis/build/icyphy/ptII/ptolemy/actor/lib/test/auto/Expression11.xml
8 ms. Memory: 441344K Free: 283590K (64%)
----------------- Invoking toplevel() on ptolemy.moml.MoMLSimpleApplication@22c5b59
----------------- Done invoking toplevel() on ptolemy.moml.MoMLSimpleApplication@22c5b59
reloadAllAccessors: .Expression11

===========================================================================================
----------------- testing Tue Oct 27 15:57:14 UTC 2020 /home/travis/build/icyphy/ptII/ptolemy/actor/lib/test/auto/Expression12.xml
----------------- Instantiating /home/travis/build/icyphy/ptII/ptolemy/actor/lib/test/auto/Expression12.xml
6 ms. Memory: 441344K Free: 278470K (63%)
----------------- Invoking toplevel() on ptolemy.moml.MoMLSimpleApplication@5e65c6f1
----------------- Done invoking toplevel() on ptolemy.moml.MoMLSimpleApplication@5e65c6f1
reloadAllAccessors: .Expression12

===========================================================================================
----------------- testing Tue Oct 27 15:57:14 UTC 2020 /home/travis/build/icyphy/ptII/ptolemy/actor/lib/test/auto/Expression13.xml
----------------- Instantiating /home/travis/build/icyphy/ptII/ptolemy/actor/lib/test/auto/Expression13.xml
5 ms. Memory: 441344K Free: 273350K (62%)
----------------- Invoking toplevel() on ptolemy.moml.MoMLSimpleApplication@77b0eddb
----------------- Done invoking toplevel() on ptolemy.moml.MoMLSimpleApplication@77b0eddb
reloadAllAccessors: .Expression13

===========================================================================================
----------------- testing Tue Oct 27 15:57:14 UTC 2020 /home/travis/build/icyphy/ptII/ptolemy/actor/lib/test/auto/Expression14.xml
----------------- Instantiating /home/travis/build/icyphy/ptII/ptolemy/actor/lib/test/auto/Expression14.xml
10 ms. Memory: 441344K Free: 267720K (61%)
----------------- Invoking toplevel() on ptolemy.moml.MoMLSimpleApplication@2491cdb0
----------------- Done invoking toplevel() on ptolemy.moml.MoMLSimpleApplication@2491cdb0
reloadAllAccessors: .Expression14

===========================================================================================
----------------- testing Tue Oct 27 15:57:14 UTC 2020 /home/travis/build/icyphy/ptII/ptolemy/actor/lib/test/auto/Expression15.xml
----------------- Instantiating /home/travis/build/icyphy/ptII/ptolemy/actor/lib/test/auto/Expression15.xml
2 ms. Memory: 441344K Free: 263624K (60%)
----------------- Invoking toplevel() on ptolemy.moml.MoMLSimpleApplication@3787c331
----------------- Done invoking toplevel() on ptolemy.moml.MoMLSimpleApplication@3787c331
reloadAllAccessors: .Expression15

===========================================================================================
----------------- testing Tue Oct 27 15:57:14 UTC 2020 /home/travis/build/icyphy/ptII/ptolemy/actor/lib/test/auto/Expression16.xml
----------------- Instantiating /home/travis/build/icyphy/ptII/ptolemy/actor/lib/test/auto/Expression16.xml
5 ms. Memory: 441344K Free: 259014K (59%)
----------------- Invoking toplevel() on ptolemy.moml.MoMLSimpleApplication@2cb3ad7b
----------------- Done invoking toplevel() on ptolemy.moml.MoMLSimpleApplication@2cb3ad7b
reloadAllAccessors: .Expression16

===========================================================================================
----------------- testing Tue Oct 27 15:57:14 UTC 2020 /home/travis/build/icyphy/ptII/ptolemy/actor/lib/test/auto/Expression17.xml
----------------- Instantiating /home/travis/build/icyphy/ptII/ptolemy/actor/lib/test/auto/Expression17.xml
5 ms. Memory: 441344K Free: 253894K (58%)
----------------- Invoking toplevel() on ptolemy.moml.MoMLSimpleApplication@41746698
----------------- Done invoking toplevel() on ptolemy.moml.MoMLSimpleApplication@41746698
reloadAllAccessors: .Expression17

===========================================================================================
----------------- testing Tue Oct 27 15:57:14 UTC 2020 /home/travis/build/icyphy/ptII/ptolemy/actor/lib/test/auto/Expression18.xml
----------------- Instantiating /home/travis/build/icyphy/ptII/ptolemy/actor/lib/test/auto/Expression18.xml
4 ms. Memory: 441344K Free: 248774K (56%)
----------------- Invoking toplevel() on ptolemy.moml.MoMLSimpleApplication@22542bcb
----------------- Done invoking toplevel() on ptolemy.moml.MoMLSimpleApplication@22542bcb
reloadAllAccessors: .Expression18

===========================================================================================
----------------- testing Tue Oct 27 15:57:14 UTC 2020 /home/travis/build/icyphy/ptII/ptolemy/actor/lib/test/auto/Expression2.xml
----------------- Instantiating /home/travis/build/icyphy/ptII/ptolemy/actor/lib/test/auto/Expression2.xml
4 ms. Memory: 441344K Free: 244168K (55%)
----------------- Invoking toplevel() on ptolemy.moml.MoMLSimpleApplication@5e7b4ab
----------------- Done invoking toplevel() on ptolemy.moml.MoMLSimpleApplication@5e7b4ab
reloadAllAccessors: .Expression2

===========================================================================================
----------------- testing Tue Oct 27 15:57:14 UTC 2020 /home/travis/build/icyphy/ptII/ptolemy/actor/lib/test/auto/Expression3.xml
----------------- Instantiating /home/travis/build/icyphy/ptII/ptolemy/actor/lib/test/auto/Expression3.xml
7 ms. Memory: 441344K Free: 239048K (54%)
----------------- Invoking toplevel() on ptolemy.moml.MoMLSimpleApplication@19f4d02
----------------- Done invoking toplevel() on ptolemy.moml.MoMLSimpleApplication@19f4d02
reloadAllAccessors: .Expression3

===========================================================================================
----------------- testing Tue Oct 27 15:57:14 UTC 2020 /home/travis/build/icyphy/ptII/ptolemy/actor/lib/test/auto/Expression4.xml
----------------- Instantiating /home/travis/build/icyphy/ptII/ptolemy/actor/lib/test/auto/Expression4.xml
4 ms. Memory: 441344K Free: 231880K (53%)
----------------- Invoking toplevel() on ptolemy.moml.MoMLSimpleApplication@3d696cd9
----------------- Done invoking toplevel() on ptolemy.moml.MoMLSimpleApplication@3d696cd9
reloadAllAccessors: .Expression4

===========================================================================================
----------------- testing Tue Oct 27 15:57:14 UTC 2020 /home/travis/build/icyphy/ptII/ptolemy/actor/lib/test/auto/Expression5.xml
----------------- Instantiating /home/travis/build/icyphy/ptII/ptolemy/actor/lib/test/auto/Expression5.xml
6 ms. Memory: 441344K Free: 226760K (51%)
----------------- Invoking toplevel() on ptolemy.moml.MoMLSimpleApplication@54f1c0ff
----------------- Done invoking toplevel() on ptolemy.moml.MoMLSimpleApplication@54f1c0ff
reloadAllAccessors: .Expression5

===========================================================================================
----------------- testing Tue Oct 27 15:57:15 UTC 2020 /home/travis/build/icyphy/ptII/ptolemy/actor/lib/test/auto/Expression6.xml
----------------- Instantiating /home/travis/build/icyphy/ptII/ptolemy/actor/lib/test/auto/Expression6.xml
3 ms. Memory: 441344K Free: 222664K (50%)
----------------- Invoking toplevel() on ptolemy.moml.MoMLSimpleApplication@3183b2fc
----------------- Done invoking toplevel() on ptolemy.moml.MoMLSimpleApplication@3183b2fc
reloadAllAccessors: .Expression6

===========================================================================================
----------------- testing Tue Oct 27 15:57:15 UTC 2020 /home/travis/build/icyphy/ptII/ptolemy/actor/lib/test/auto/Expression7.xml
----------------- Instantiating /home/travis/build/icyphy/ptII/ptolemy/actor/lib/test/auto/Expression7.xml
4 ms. Memory: 441344K Free: 217544K (49%)
----------------- Invoking toplevel() on ptolemy.moml.MoMLSimpleApplication@40db47de
----------------- Done invoking toplevel() on ptolemy.moml.MoMLSimpleApplication@40db47de
reloadAllAccessors: .Expression7

===========================================================================================
----------------- testing Tue Oct 27 15:57:15 UTC 2020 /home/travis/build/icyphy/ptII/ptolemy/actor/lib/test/auto/Expression8.xml
----------------- Instantiating /home/travis/build/icyphy/ptII/ptolemy/actor/lib/test/auto/Expression8.xml
10 ms. Memory: 441344K Free: 212424K (48%)
----------------- Invoking toplevel() on ptolemy.moml.MoMLSimpleApplication@609b79d9
----------------- Done invoking toplevel() on ptolemy.moml.MoMLSimpleApplication@609b79d9
reloadAllAccessors: .Expression8

===========================================================================================
----------------- testing Tue Oct 27 15:57:15 UTC 2020 /home/travis/build/icyphy/ptII/ptolemy/actor/lib/test/auto/Expression9.xml
----------------- Instantiating /home/travis/build/icyphy/ptII/ptolemy/actor/lib/test/auto/Expression9.xml
2 ms. Memory: 441344K Free: 208838K (47%)
----------------- Invoking toplevel() on ptolemy.moml.MoMLSimpleApplication@5a8c2a0b
----------------- Done invoking toplevel() on ptolemy.moml.MoMLSimpleApplication@5a8c2a0b
reloadAllAccessors: .Expression9

===========================================================================================
----------------- testing Tue Oct 27 15:57:15 UTC 2020 /home/travis/build/icyphy/ptII/ptolemy/actor/lib/test/auto/ExpressionConcatenateArrayType.xml
----------------- Instantiating /home/travis/build/icyphy/ptII/ptolemy/actor/lib/test/auto/ExpressionConcatenateArrayType.xml
4 ms. Memory: 441344K Free: 202184K (46%)
----------------- Invoking toplevel() on ptolemy.moml.MoMLSimpleApplication@1c9e069b
----------------- Done invoking toplevel() on ptolemy.moml.MoMLSimpleApplication@1c9e069b
reloadAllAccessors: .ExpressionConcatenateArrayType

===========================================================================================
----------------- testing Tue Oct 27 15:57:15 UTC 2020 /home/travis/build/icyphy/ptII/ptolemy/actor/lib/test/auto/ExpressionConcatenateArrayType2.xml
----------------- Instantiating /home/travis/build/icyphy/ptII/ptolemy/actor/lib/test/auto/ExpressionConcatenateArrayType2.xml
2 ms. Memory: 441344K Free: 196550K (45%)
----------------- Invoking toplevel() on ptolemy.moml.MoMLSimpleApplication@315d8872
----------------- Done invoking toplevel() on ptolemy.moml.MoMLSimpleApplication@315d8872
reloadAllAccessors: .ExpressionConcatenateArrayType2

===========================================================================================
----------------- testing Tue Oct 27 15:57:15 UTC 2020 /home/travis/build/icyphy/ptII/ptolemy/actor/lib/test/auto/ExpressionFix.xml
----------------- Instantiating /home/travis/build/icyphy/ptII/ptolemy/actor/lib/test/auto/ExpressionFix.xml
22 ms. Memory: 441344K Free: 189896K (43%)
----------------- Invoking toplevel() on ptolemy.moml.MoMLSimpleApplication@48fcac76
----------------- Done invoking toplevel() on ptolemy.moml.MoMLSimpleApplication@48fcac76
reloadAllAccessors: .ExpressionFix

===========================================================================================
----------------- testing Tue Oct 27 15:57:15 UTC 2020 /home/travis/build/icyphy/ptII/ptolemy/actor/lib/test/auto/ExpressionFix2.xml
----------------- Instantiating /home/travis/build/icyphy/ptII/ptolemy/actor/lib/test/auto/ExpressionFix2.xml
3 ms. Memory: 441344K Free: 185800K (42%)
----------------- Invoking toplevel() on ptolemy.moml.MoMLSimpleApplication@4a407864
----------------- Done invoking toplevel() on ptolemy.moml.MoMLSimpleApplication@4a407864
reloadAllAccessors: .ExpressionFix2

===========================================================================================
----------------- testing Tue Oct 27 15:57:15 UTC 2020 /home/travis/build/icyphy/ptII/ptolemy/actor/lib/test/auto/ExpressionFix3.xml
----------------- Instantiating /home/travis/build/icyphy/ptII/ptolemy/actor/lib/test/auto/ExpressionFix3.xml
4 ms. Memory: 441344K Free: 181704K (41%)
----------------- Invoking toplevel() on ptolemy.moml.MoMLSimpleApplication@7a92512b
----------------- Done invoking toplevel() on ptolemy.moml.MoMLSimpleApplication@7a92512b
reloadAllAccessors: .ExpressionFix3

===========================================================================================
----------------- testing Tue Oct 27 15:57:15 UTC 2020 /home/travis/build/icyphy/ptII/ptolemy/actor/lib/test/auto/FileWriter1.xml
----------------- Instantiating /home/travis/build/icyphy/ptII/ptolemy/actor/lib/test/auto/FileWriter1.xml
6 ms. Memory: 441344K Free: 177608K (40%)
----------------- Invoking toplevel() on ptolemy.moml.MoMLSimpleApplication@69ceb434
----------------- Done invoking toplevel() on ptolemy.moml.MoMLSimpleApplication@69ceb434
reloadAllAccessors: .FileWriter1

===========================================================================================
----------------- testing Tue Oct 27 15:57:15 UTC 2020 /home/travis/build/icyphy/ptII/ptolemy/actor/lib/test/auto/FileWriter2.xml
----------------- Instantiating /home/travis/build/icyphy/ptII/ptolemy/actor/lib/test/auto/FileWriter2.xml
3 ms. Memory: 441344K Free: 173512K (39%)
----------------- Invoking toplevel() on ptolemy.moml.MoMLSimpleApplication@10ea786a
----------------- Done invoking toplevel() on ptolemy.moml.MoMLSimpleApplication@10ea786a
reloadAllAccessors: .FileWriter2

===========================================================================================
----------------- testing Tue Oct 27 15:57:15 UTC 2020 /home/travis/build/icyphy/ptII/ptolemy/actor/lib/test/auto/FileWriter3.xml
----------------- Instantiating /home/travis/build/icyphy/ptII/ptolemy/actor/lib/test/auto/FileWriter3.xml
4 ms. Memory: 441344K Free: 169416K (38%)
----------------- Invoking toplevel() on ptolemy.moml.MoMLSimpleApplication@20f4cb85
----------------- Done invoking toplevel() on ptolemy.moml.MoMLSimpleApplication@20f4cb85
reloadAllAccessors: .FileWriter3

===========================================================================================
----------------- testing Tue Oct 27 15:57:15 UTC 2020 /home/travis/build/icyphy/ptII/ptolemy/actor/lib/test/auto/Gaussian.xml
----------------- Instantiating /home/travis/build/icyphy/ptII/ptolemy/actor/lib/test/auto/Gaussian.xml
2 ms. Memory: 441344K Free: 164806K (37%)
----------------- Invoking toplevel() on ptolemy.moml.MoMLSimpleApplication@e164e97
----------------- Done invoking toplevel() on ptolemy.moml.MoMLSimpleApplication@e164e97
reloadAllAccessors: .Gaussian

===========================================================================================
----------------- testing Tue Oct 27 15:57:15 UTC 2020 /home/travis/build/icyphy/ptII/ptolemy/actor/lib/test/auto/Gaussian1.xml
----------------- Instantiating /home/travis/build/icyphy/ptII/ptolemy/actor/lib/test/auto/Gaussian1.xml
2 ms. Memory: 441344K Free: 159656K (36%)
----------------- Invoking toplevel() on ptolemy.moml.MoMLSimpleApplication@548a4550
----------------- Done invoking toplevel() on ptolemy.moml.MoMLSimpleApplication@548a4550
reloadAllAccessors: .Gaussian1

===========================================================================================
----------------- testing Tue Oct 27 15:57:15 UTC 2020 /home/travis/build/icyphy/ptII/ptolemy/actor/lib/test/auto/Gaussian2.xml
----------------- Instantiating /home/travis/build/icyphy/ptII/ptolemy/actor/lib/test/auto/Gaussian2.xml
10 ms. Memory: 441344K Free: 154056K (35%)
----------------- Invoking toplevel() on ptolemy.moml.MoMLSimpleApplication@b7cf91f
----------------- Done invoking toplevel() on ptolemy.moml.MoMLSimpleApplication@b7cf91f
reloadAllAccessors: .Gaussian2

===========================================================================================
----------------- testing Tue Oct 27 15:57:15 UTC 2020 /home/travis/build/icyphy/ptII/ptolemy/actor/lib/test/auto/GradientAdaptiveLattice.xml
----------------- Instantiating /home/travis/build/icyphy/ptII/ptolemy/actor/lib/test/auto/GradientAdaptiveLattice.xml
3 ms. Memory: 441344K Free: 148936K (34%)
----------------- Invoking toplevel() on ptolemy.moml.MoMLSimpleApplication@4450b742
----------------- Done invoking toplevel() on ptolemy.moml.MoMLSimpleApplication@4450b742
reloadAllAccessors: .GradientAdaptiveLattice

===========================================================================================
----------------- testing Tue Oct 27 15:57:15 UTC 2020 /home/travis/build/icyphy/ptII/ptolemy/actor/lib/test/auto/IIR.xml
----------------- Instantiating /home/travis/build/icyphy/ptII/ptolemy/actor/lib/test/auto/IIR.xml
1 ms. Memory: 441344K Free: 144840K (33%)
----------------- Invoking toplevel() on ptolemy.moml.MoMLSimpleApplication@277644ee
----------------- Done invoking toplevel() on ptolemy.moml.MoMLSimpleApplication@277644ee
reloadAllAccessors: .IIR

===========================================================================================
----------------- testing Tue Oct 27 15:57:15 UTC 2020 /home/travis/build/icyphy/ptII/ptolemy/actor/lib/test/auto/InputOutputTransparentPorts.xml
----------------- Instantiating /home/travis/build/icyphy/ptII/ptolemy/actor/lib/test/auto/InputOutputTransparentPorts.xml
2 ms. Memory: 441344K Free: 388526K (88%)
----------------- Invoking toplevel() on ptolemy.moml.MoMLSimpleApplication@6ed488ba
----------------- Done invoking toplevel() on ptolemy.moml.MoMLSimpleApplication@6ed488ba
reloadAllAccessors: .InputOutputTransparentPorts

===========================================================================================
----------------- testing Tue Oct 27 15:57:15 UTC 2020 /home/travis/build/icyphy/ptII/ptolemy/actor/lib/test/auto/Interpolator.xml
----------------- Instantiating /home/travis/build/icyphy/ptII/ptolemy/actor/lib/test/auto/Interpolator.xml
3 ms. Memory: 441344K Free: 384203K (87%)
----------------- Invoking toplevel() on ptolemy.moml.MoMLSimpleApplication@73f650d
----------------- Done invoking toplevel() on ptolemy.moml.MoMLSimpleApplication@73f650d
reloadAllAccessors: .Interpolator

===========================================================================================
----------------- testing Tue Oct 27 15:57:15 UTC 2020 /home/travis/build/icyphy/ptII/ptolemy/actor/lib/test/auto/InterpolatorFiringLimitDE.xml
----------------- Instantiating /home/travis/build/icyphy/ptII/ptolemy/actor/lib/test/auto/InterpolatorFiringLimitDE.xml
2 ms. Memory: 441344K Free: 378571K (86%)
----------------- Invoking toplevel() on ptolemy.moml.MoMLSimpleApplication@3bf17007
----------------- Done invoking toplevel() on ptolemy.moml.MoMLSimpleApplication@3bf17007
reloadAllAccessors: .InterpolatorFiringLimitDE

===========================================================================================
----------------- testing Tue Oct 27 15:57:15 UTC 2020 /home/travis/build/icyphy/ptII/ptolemy/actor/lib/test/auto/Lattice.xml
----------------- Instantiating /home/travis/build/icyphy/ptII/ptolemy/actor/lib/test/auto/Lattice.xml
1 ms. Memory: 441344K Free: 374475K (85%)
----------------- Invoking toplevel() on ptolemy.moml.MoMLSimpleApplication@58a27178
----------------- Done invoking toplevel() on ptolemy.moml.MoMLSimpleApplication@58a27178
reloadAllAccessors: .Lattice

===========================================================================================
----------------- testing Tue Oct 27 15:57:15 UTC 2020 /home/travis/build/icyphy/ptII/ptolemy/actor/lib/test/auto/LazyAOCTestLazy.xml
----------------- Instantiating /home/travis/build/icyphy/ptII/ptolemy/actor/lib/test/auto/LazyAOCTestLazy.xml
13 ms. Memory: 441344K Free: 368317K (83%)
----------------- Invoking toplevel() on ptolemy.moml.MoMLSimpleApplication@afcef14
----------------- Done invoking toplevel() on ptolemy.moml.MoMLSimpleApplication@afcef14
reloadAllAccessors: .LazyAOCTestLazy

===========================================================================================
----------------- testing Tue Oct 27 15:57:15 UTC 2020 /home/travis/build/icyphy/ptII/ptolemy/actor/lib/test/auto/LazyAOCTestNonLazy.xml
----------------- Instantiating /home/travis/build/icyphy/ptII/ptolemy/actor/lib/test/auto/LazyAOCTestNonLazy.xml
3 ms. Memory: 441344K Free: 362187K (82%)
----------------- Invoking toplevel() on ptolemy.moml.MoMLSimpleApplication@6b59127b
----------------- Done invoking toplevel() on ptolemy.moml.MoMLSimpleApplication@6b59127b
reloadAllAccessors: .LazyAOCTestNonLazy

===========================================================================================
----------------- testing Tue Oct 27 15:57:15 UTC 2020 /home/travis/build/icyphy/ptII/ptolemy/actor/lib/test/auto/LazyInnerClass.xml
----------------- Instantiating /home/travis/build/icyphy/ptII/ptolemy/actor/lib/test/auto/LazyInnerClass.xml
22 ms. Memory: 441344K Free: 353485K (80%)
----------------- Invoking toplevel() on ptolemy.moml.MoMLSimpleApplication@4223777b
----------------- Done invoking toplevel() on ptolemy.moml.MoMLSimpleApplication@4223777b
reloadAllAccessors: .LazyInnerClass

===========================================================================================
----------------- testing Tue Oct 27 15:57:15 UTC 2020 /home/travis/build/icyphy/ptII/ptolemy/actor/lib/test/auto/LazyPubSub.xml
----------------- Instantiating /home/travis/build/icyphy/ptII/ptolemy/actor/lib/test/auto/LazyPubSub.xml
16 ms. Memory: 441344K Free: 343245K (78%)
----------------- Invoking toplevel() on ptolemy.moml.MoMLSimpleApplication@31bb805d
----------------- Done invoking toplevel() on ptolemy.moml.MoMLSimpleApplication@31bb805d
reloadAllAccessors: .LazyPubSub

===========================================================================================
----------------- testing Tue Oct 27 15:57:15 UTC 2020 /home/travis/build/icyphy/ptII/ptolemy/actor/lib/test/auto/LazyPubSub2.xml
----------------- Instantiating /home/travis/build/icyphy/ptII/ptolemy/actor/lib/test/auto/LazyPubSub2.xml
28 ms. Memory: 441344K Free: 334029K (76%)
----------------- Invoking toplevel() on ptolemy.moml.MoMLSimpleApplication@2940f29c
----------------- Done invoking toplevel() on ptolemy.moml.MoMLSimpleApplication@2940f29c
reloadAllAccessors: .LazyPubSub2

===========================================================================================
----------------- testing Tue Oct 27 15:57:15 UTC 2020 /home/travis/build/icyphy/ptII/ptolemy/actor/lib/test/auto/LazyPubSub3.xml
----------------- Instantiating /home/travis/build/icyphy/ptII/ptolemy/actor/lib/test/auto/LazyPubSub3.xml
15 ms. Memory: 441344K Free: 323789K (73%)
----------------- Invoking toplevel() on ptolemy.moml.MoMLSimpleApplication@2d11152b
----------------- Done invoking toplevel() on ptolemy.moml.MoMLSimpleApplication@2d11152b
reloadAllAccessors: .LazyPubSub3

===========================================================================================
----------------- testing Tue Oct 27 15:57:15 UTC 2020 /home/travis/build/icyphy/ptII/ptolemy/actor/lib/test/auto/LazySubClassModel.xml
----------------- Instantiating /home/travis/build/icyphy/ptII/ptolemy/actor/lib/test/auto/LazySubClassModel.xml
2 ms. Memory: 441344K Free: 314059K (71%)
----------------- Invoking toplevel() on ptolemy.moml.MoMLSimpleApplication@4d2e7c4e
----------------- Done invoking toplevel() on ptolemy.moml.MoMLSimpleApplication@4d2e7c4e
reloadAllAccessors: .LazySubClassModel

===========================================================================================
----------------- testing Tue Oct 27 15:57:15 UTC 2020 /home/travis/build/icyphy/ptII/ptolemy/actor/lib/test/auto/LevelCrossTest1.xml
----------------- Instantiating /home/travis/build/icyphy/ptII/ptolemy/actor/lib/test/auto/LevelCrossTest1.xml
2 ms. Memory: 441344K Free: 308939K (70%)
----------------- Invoking toplevel() on ptolemy.moml.MoMLSimpleApplication@2a4250c9
----------------- Done invoking toplevel() on ptolemy.moml.MoMLSimpleApplication@2a4250c9
reloadAllAccessors: .broken

===========================================================================================
----------------- testing Tue Oct 27 15:57:15 UTC 2020 /home/travis/build/icyphy/ptII/ptolemy/actor/lib/test/auto/LevelCrossTest10.xml
----------------- Instantiating /home/travis/build/icyphy/ptII/ptolemy/actor/lib/test/auto/LevelCrossTest10.xml
1 ms. Memory: 441344K Free: 300747K (68%)
----------------- Invoking toplevel() on ptolemy.moml.MoMLSimpleApplication@38ec05c8
----------------- Done invoking toplevel() on ptolemy.moml.MoMLSimpleApplication@38ec05c8
reloadAllAccessors: .LevelCrossTest10

===========================================================================================
----------------- testing Tue Oct 27 15:57:15 UTC 2020 /home/travis/build/icyphy/ptII/ptolemy/actor/lib/test/auto/LevelCrossTest11.xml
----------------- Instantiating /home/travis/build/icyphy/ptII/ptolemy/actor/lib/test/auto/LevelCrossTest11.xml
1 ms. Memory: 441344K Free: 294093K (67%)
----------------- Invoking toplevel() on ptolemy.moml.MoMLSimpleApplication@6efa6602
----------------- Done invoking toplevel() on ptolemy.moml.MoMLSimpleApplication@6efa6602
reloadAllAccessors: .LevelCrossTest11

===========================================================================================
----------------- testing Tue Oct 27 15:57:15 UTC 2020 /home/travis/build/icyphy/ptII/ptolemy/actor/lib/test/auto/LevelCrossTest12.xml
----------------- Instantiating /home/travis/build/icyphy/ptII/ptolemy/actor/lib/test/auto/LevelCrossTest12.xml
1 ms. Memory: 441344K Free: 286925K (65%)
----------------- Invoking toplevel() on ptolemy.moml.MoMLSimpleApplication@1e4cf801
----------------- Done invoking toplevel() on ptolemy.moml.MoMLSimpleApplication@1e4cf801
reloadAllAccessors: .LevelCrossTest12

===========================================================================================
----------------- testing Tue Oct 27 15:57:15 UTC 2020 /home/travis/build/icyphy/ptII/ptolemy/actor/lib/test/auto/LevelCrossTest13.xml
----------------- Instantiating /home/travis/build/icyphy/ptII/ptolemy/actor/lib/test/auto/LevelCrossTest13.xml
1 ms. Memory: 441344K Free: 278733K (63%)
----------------- Invoking toplevel() on ptolemy.moml.MoMLSimpleApplication@29cfc318
----------------- Done invoking toplevel() on ptolemy.moml.MoMLSimpleApplication@29cfc318
reloadAllAccessors: .LevelCrossTest13

===========================================================================================
----------------- testing Tue Oct 27 15:57:15 UTC 2020 /home/travis/build/icyphy/ptII/ptolemy/actor/lib/test/auto/LevelCrossTest2.xml
----------------- Instantiating /home/travis/build/icyphy/ptII/ptolemy/actor/lib/test/auto/LevelCrossTest2.xml
2 ms. Memory: 441344K Free: 273099K (62%)
----------------- Invoking toplevel() on ptolemy.moml.MoMLSimpleApplication@16f6471
----------------- Done invoking toplevel() on ptolemy.moml.MoMLSimpleApplication@16f6471
reloadAllAccessors: .broken

===========================================================================================
----------------- testing Tue Oct 27 15:57:15 UTC 2020 /home/travis/build/icyphy/ptII/ptolemy/actor/lib/test/auto/LevelCrossTest3.xml
----------------- Instantiating /home/travis/build/icyphy/ptII/ptolemy/actor/lib/test/auto/LevelCrossTest3.xml
1 ms. Memory: 441344K Free: 267469K (61%)
----------------- Invoking toplevel() on ptolemy.moml.MoMLSimpleApplication@5c92219
----------------- Done invoking toplevel() on ptolemy.moml.MoMLSimpleApplication@5c92219
reloadAllAccessors: .LevelCrossTest3

===========================================================================================
----------------- testing Tue Oct 27 15:57:15 UTC 2020 /home/travis/build/icyphy/ptII/ptolemy/actor/lib/test/auto/LevelCrossTest4.xml
----------------- Instantiating /home/travis/build/icyphy/ptII/ptolemy/actor/lib/test/auto/LevelCrossTest4.xml
2 ms. Memory: 441344K Free: 261835K (59%)
----------------- Invoking toplevel() on ptolemy.moml.MoMLSimpleApplication@4d50524b
----------------- Done invoking toplevel() on ptolemy.moml.MoMLSimpleApplication@4d50524b
reloadAllAccessors: .broken

===========================================================================================
----------------- testing Tue Oct 27 15:57:15 UTC 2020 /home/travis/build/icyphy/ptII/ptolemy/actor/lib/test/auto/LevelCrossTest5.xml
----------------- Instantiating /home/travis/build/icyphy/ptII/ptolemy/actor/lib/test/auto/LevelCrossTest5.xml
1 ms. Memory: 441344K Free: 255181K (58%)
----------------- Invoking toplevel() on ptolemy.moml.MoMLSimpleApplication@4a4298cf
----------------- Done invoking toplevel() on ptolemy.moml.MoMLSimpleApplication@4a4298cf
reloadAllAccessors: .LevelCrossTest5

===========================================================================================
----------------- testing Tue Oct 27 15:57:15 UTC 2020 /home/travis/build/icyphy/ptII/ptolemy/actor/lib/test/auto/LevelCrossTest6.xml
----------------- Instantiating /home/travis/build/icyphy/ptII/ptolemy/actor/lib/test/auto/LevelCrossTest6.xml
2 ms. Memory: 441344K Free: 249037K (56%)
----------------- Invoking toplevel() on ptolemy.moml.MoMLSimpleApplication@fc1f26e
----------------- Done invoking toplevel() on ptolemy.moml.MoMLSimpleApplication@fc1f26e
reloadAllAccessors: .LevelCrossTest6

===========================================================================================
----------------- testing Tue Oct 27 15:57:15 UTC 2020 /home/travis/build/icyphy/ptII/ptolemy/actor/lib/test/auto/LevelCrossTest7.xml
----------------- Instantiating /home/travis/build/icyphy/ptII/ptolemy/actor/lib/test/auto/LevelCrossTest7.xml
1 ms. Memory: 441344K Free: 241355K (55%)
----------------- Invoking toplevel() on ptolemy.moml.MoMLSimpleApplication@7f45baa3
----------------- Done invoking toplevel() on ptolemy.moml.MoMLSimpleApplication@7f45baa3
reloadAllAccessors: .LevelCrossTest7

===========================================================================================
----------------- testing Tue Oct 27 15:57:15 UTC 2020 /home/travis/build/icyphy/ptII/ptolemy/actor/lib/test/auto/LevelCrossTest8.xml
----------------- Instantiating /home/travis/build/icyphy/ptII/ptolemy/actor/lib/test/auto/LevelCrossTest8.xml
1 ms. Memory: 441344K Free: 234701K (53%)
----------------- Invoking toplevel() on ptolemy.moml.MoMLSimpleApplication@59d95a41
----------------- Done invoking toplevel() on ptolemy.moml.MoMLSimpleApplication@59d95a41
reloadAllAccessors: .LevelCrossTest8

===========================================================================================
----------------- testing Tue Oct 27 15:57:16 UTC 2020 /home/travis/build/icyphy/ptII/ptolemy/actor/lib/test/auto/LevelCrossTest9.xml
----------------- Instantiating /home/travis/build/icyphy/ptII/ptolemy/actor/lib/test/auto/LevelCrossTest9.xml
2 ms. Memory: 441344K Free: 227533K (52%)
----------------- Invoking toplevel() on ptolemy.moml.MoMLSimpleApplication@3ddab523
----------------- Done invoking toplevel() on ptolemy.moml.MoMLSimpleApplication@3ddab523
reloadAllAccessors: .LevelCrossTest9

===========================================================================================
----------------- testing Tue Oct 27 15:57:16 UTC 2020 /home/travis/build/icyphy/ptII/ptolemy/actor/lib/test/auto/LevinsonDurbin.xml
----------------- Instantiating /home/travis/build/icyphy/ptII/ptolemy/actor/lib/test/auto/LevinsonDurbin.xml
2 ms. Memory: 441344K Free: 223437K (51%)
----------------- Invoking toplevel() on ptolemy.moml.MoMLSimpleApplication@3eb8f152
----------------- Done invoking toplevel() on ptolemy.moml.MoMLSimpleApplication@3eb8f152
reloadAllAccessors: .LevinsonDurbin

===========================================================================================
----------------- testing Tue Oct 27 15:57:16 UTC 2020 /home/travis/build/icyphy/ptII/ptolemy/actor/lib/test/auto/LevinsonDurbin2.xml
----------------- Instantiating /home/travis/build/icyphy/ptII/ptolemy/actor/lib/test/auto/LevinsonDurbin2.xml
1 ms. Memory: 441344K Free: 219341K (50%)
----------------- Invoking toplevel() on ptolemy.moml.MoMLSimpleApplication@2585e32f
----------------- Done invoking toplevel() on ptolemy.moml.MoMLSimpleApplication@2585e32f
reloadAllAccessors: .LevinsonDurbin2

===========================================================================================
----------------- testing Tue Oct 27 15:57:16 UTC 2020 /home/travis/build/icyphy/ptII/ptolemy/actor/lib/test/auto/LevinsonDurbin3.xml
----------------- Instantiating /home/travis/build/icyphy/ptII/ptolemy/actor/lib/test/auto/LevinsonDurbin3.xml
3 ms. Memory: 441344K Free: 215245K (49%)
----------------- Invoking toplevel() on ptolemy.moml.MoMLSimpleApplication@962907e
----------------- Done invoking toplevel() on ptolemy.moml.MoMLSimpleApplication@962907e
reloadAllAccessors: .LevinsonDurbin3

===========================================================================================
----------------- testing Tue Oct 27 15:57:16 UTC 2020 /home/travis/build/icyphy/ptII/ptolemy/actor/lib/test/auto/Limiter.xml
----------------- Instantiating /home/travis/build/icyphy/ptII/ptolemy/actor/lib/test/auto/Limiter.xml
5 ms. Memory: 441344K Free: 206509K (47%)
----------------- Invoking toplevel() on ptolemy.moml.MoMLSimpleApplication@626f9c2c
----------------- Done invoking toplevel() on ptolemy.moml.MoMLSimpleApplication@626f9c2c
reloadAllAccessors: .Limiter

===========================================================================================
----------------- testing Tue Oct 27 15:57:16 UTC 2020 /home/travis/build/icyphy/ptII/ptolemy/actor/lib/test/auto/LinearDifferenceEquationSystem.xml
----------------- Instantiating /home/travis/build/icyphy/ptII/ptolemy/actor/lib/test/auto/LinearDifferenceEquationSystem.xml
5 ms. Memory: 441344K Free: 199371K (45%)
----------------- Invoking toplevel() on ptolemy.moml.MoMLSimpleApplication@1b17603b
----------------- Done invoking toplevel() on ptolemy.moml.MoMLSimpleApplication@1b17603b
reloadAllAccessors: .LinearDifferenceEquationSystem

===========================================================================================
----------------- testing Tue Oct 27 15:57:16 UTC 2020 /home/travis/build/icyphy/ptII/ptolemy/actor/lib/test/auto/LookupTable.xml
----------------- Instantiating /home/travis/build/icyphy/ptII/ptolemy/actor/lib/test/auto/LookupTable.xml
5 ms. Memory: 441344K Free: 194765K (44%)
----------------- Invoking toplevel() on ptolemy.moml.MoMLSimpleApplication@77e97f4c
----------------- Done invoking toplevel() on ptolemy.moml.MoMLSimpleApplication@77e97f4c
reloadAllAccessors: .LookupTable

===========================================================================================
----------------- testing Tue Oct 27 15:57:16 UTC 2020 /home/travis/build/icyphy/ptII/ptolemy/actor/lib/test/auto/MathFunction.xml
----------------- Instantiating /home/travis/build/icyphy/ptII/ptolemy/actor/lib/test/auto/MathFunction.xml
3 ms. Memory: 441344K Free: 187083K (42%)
----------------- Invoking toplevel() on ptolemy.moml.MoMLSimpleApplication@7e2752ee
----------------- Done invoking toplevel() on ptolemy.moml.MoMLSimpleApplication@7e2752ee
reloadAllAccessors: .MathFunction

===========================================================================================
----------------- testing Tue Oct 27 15:57:16 UTC 2020 /home/travis/build/icyphy/ptII/ptolemy/actor/lib/test/auto/MathFunction2.xml
----------------- Instantiating /home/travis/build/icyphy/ptII/ptolemy/actor/lib/test/auto/MathFunction2.xml
1 ms. Memory: 441344K Free: 182987K (41%)
----------------- Invoking toplevel() on ptolemy.moml.MoMLSimpleApplication@294fb776
----------------- Done invoking toplevel() on ptolemy.moml.MoMLSimpleApplication@294fb776
reloadAllAccessors: .MathFunction2

===========================================================================================
----------------- testing Tue Oct 27 15:57:16 UTC 2020 /home/travis/build/icyphy/ptII/ptolemy/actor/lib/test/auto/MathFunction3.xml
----------------- Instantiating /home/travis/build/icyphy/ptII/ptolemy/actor/lib/test/auto/MathFunction3.xml
2 ms. Memory: 441344K Free: 175819K (40%)
----------------- Invoking toplevel() on ptolemy.moml.MoMLSimpleApplication@3592497b
----------------- Done invoking toplevel() on ptolemy.moml.MoMLSimpleApplication@3592497b
reloadAllAccessors: .MathFunction3

===========================================================================================
----------------- testing Tue Oct 27 15:57:16 UTC 2020 /home/travis/build/icyphy/ptII/ptolemy/actor/lib/test/auto/MatrixCropBoolean.xml
----------------- Instantiating /home/travis/build/icyphy/ptII/ptolemy/actor/lib/test/auto/MatrixCropBoolean.xml
2 ms. Memory: 441344K Free: 170669K (39%)
----------------- Invoking toplevel() on ptolemy.moml.MoMLSimpleApplication@33aeff07
----------------- Done invoking toplevel() on ptolemy.moml.MoMLSimpleApplication@33aeff07
reloadAllAccessors: .MatrixCropBoolean

===========================================================================================
----------------- testing Tue Oct 27 15:57:16 UTC 2020 /home/travis/build/icyphy/ptII/ptolemy/actor/lib/test/auto/MatrixCropComplex.xml
----------------- Instantiating /home/travis/build/icyphy/ptII/ptolemy/actor/lib/test/auto/MatrixCropComplex.xml
1 ms. Memory: 441344K Free: 166093K (38%)
----------------- Invoking toplevel() on ptolemy.moml.MoMLSimpleApplication@1f37ceb5
----------------- Done invoking toplevel() on ptolemy.moml.MoMLSimpleApplication@1f37ceb5
reloadAllAccessors: .MatrixCropComplex

===========================================================================================
----------------- testing Tue Oct 27 15:57:16 UTC 2020 /home/travis/build/icyphy/ptII/ptolemy/actor/lib/test/auto/MatrixCropDouble.xml
----------------- Instantiating /home/travis/build/icyphy/ptII/ptolemy/actor/lib/test/auto/MatrixCropDouble.xml
2 ms. Memory: 441344K Free: 161477K (37%)
----------------- Invoking toplevel() on ptolemy.moml.MoMLSimpleApplication@1bb73087
----------------- Done invoking toplevel() on ptolemy.moml.MoMLSimpleApplication@1bb73087
reloadAllAccessors: .MatrixCropDouble

===========================================================================================
----------------- testing Tue Oct 27 15:57:16 UTC 2020 /home/travis/build/icyphy/ptII/ptolemy/actor/lib/test/auto/MatrixCropFix.xml
----------------- Instantiating /home/travis/build/icyphy/ptII/ptolemy/actor/lib/test/auto/MatrixCropFix.xml
2 ms. Memory: 441344K Free: 156333K (35%)
----------------- Invoking toplevel() on ptolemy.moml.MoMLSimpleApplication@55e43833
----------------- Done invoking toplevel() on ptolemy.moml.MoMLSimpleApplication@55e43833
reloadAllAccessors: .MatrixCropFix

===========================================================================================
----------------- testing Tue Oct 27 15:57:16 UTC 2020 /home/travis/build/icyphy/ptII/ptolemy/actor/lib/test/auto/MatrixCropInt.xml
----------------- Instantiating /home/travis/build/icyphy/ptII/ptolemy/actor/lib/test/auto/MatrixCropInt.xml
2 ms. Memory: 441344K Free: 151213K (34%)
----------------- Invoking toplevel() on ptolemy.moml.MoMLSimpleApplication@2cda1fff
----------------- Done invoking toplevel() on ptolemy.moml.MoMLSimpleApplication@2cda1fff
reloadAllAccessors: .MatrixCropInt

===========================================================================================
----------------- testing Tue Oct 27 15:57:16 UTC 2020 /home/travis/build/icyphy/ptII/ptolemy/actor/lib/test/auto/MatrixCropLong.xml
----------------- Instantiating /home/travis/build/icyphy/ptII/ptolemy/actor/lib/test/auto/MatrixCropLong.xml
1 ms. Memory: 441344K Free: 146093K (33%)
----------------- Invoking toplevel() on ptolemy.moml.MoMLSimpleApplication@28443342
----------------- Done invoking toplevel() on ptolemy.moml.MoMLSimpleApplication@28443342
reloadAllAccessors: .MatrixCropLong

===========================================================================================
----------------- testing Tue Oct 27 15:57:16 UTC 2020 /home/travis/build/icyphy/ptII/ptolemy/actor/lib/test/auto/MatrixToArray.xml
----------------- Instantiating /home/travis/build/icyphy/ptII/ptolemy/actor/lib/test/auto/MatrixToArray.xml
12 ms. Memory: 441344K Free: 131277K (30%)
----------------- Invoking toplevel() on ptolemy.moml.MoMLSimpleApplication@22e0a0e8
----------------- Done invoking toplevel() on ptolemy.moml.MoMLSimpleApplication@22e0a0e8
reloadAllAccessors: .MatrixToArray

===========================================================================================
----------------- testing Tue Oct 27 15:57:16 UTC 2020 /home/travis/build/icyphy/ptII/ptolemy/actor/lib/test/auto/MaxIndex.xml
----------------- Instantiating /home/travis/build/icyphy/ptII/ptolemy/actor/lib/test/auto/MaxIndex.xml
2 ms. Memory: 441344K Free: 387078K (88%)
----------------- Invoking toplevel() on ptolemy.moml.MoMLSimpleApplication@42de8df8
----------------- Done invoking toplevel() on ptolemy.moml.MoMLSimpleApplication@42de8df8
reloadAllAccessors: .MaxIndex

===========================================================================================
----------------- testing Tue Oct 27 15:57:16 UTC 2020 /home/travis/build/icyphy/ptII/ptolemy/actor/lib/test/auto/Maximum.xml
----------------- Instantiating /home/travis/build/icyphy/ptII/ptolemy/actor/lib/test/auto/Maximum.xml
6 ms. Memory: 441344K Free: 380390K (86%)
----------------- Invoking toplevel() on ptolemy.moml.MoMLSimpleApplication@5df73ad3
----------------- Done invoking toplevel() on ptolemy.moml.MoMLSimpleApplication@5df73ad3
reloadAllAccessors: .Maximum

===========================================================================================
----------------- testing Tue Oct 27 15:57:16 UTC 2020 /home/travis/build/icyphy/ptII/ptolemy/actor/lib/test/auto/MaximumComplex.xml
----------------- Instantiating /home/travis/build/icyphy/ptII/ptolemy/actor/lib/test/auto/MaximumComplex.xml
4 ms. Memory: 441344K Free: 374262K (85%)
----------------- Invoking toplevel() on ptolemy.moml.MoMLSimpleApplication@18c69d6a
----------------- Done invoking toplevel() on ptolemy.moml.MoMLSimpleApplication@18c69d6a
reloadAllAccessors: .MaximumComplex

===========================================================================================
----------------- testing Tue Oct 27 15:57:16 UTC 2020 /home/travis/build/icyphy/ptII/ptolemy/actor/lib/test/auto/MethodCallTest.xml
----------------- Instantiating /home/travis/build/icyphy/ptII/ptolemy/actor/lib/test/auto/MethodCallTest.xml
2 ms. Memory: 441344K Free: 368132K (83%)
----------------- Invoking toplevel() on ptolemy.moml.MoMLSimpleApplication@5690f9cb
----------------- Done invoking toplevel() on ptolemy.moml.MoMLSimpleApplication@5690f9cb
reloadAllAccessors: .MethodCallTest

===========================================================================================
----------------- testing Tue Oct 27 15:57:16 UTC 2020 /home/travis/build/icyphy/ptII/ptolemy/actor/lib/test/auto/Minimum.xml
----------------- Instantiating /home/travis/build/icyphy/ptII/ptolemy/actor/lib/test/auto/Minimum.xml
4 ms. Memory: 441344K Free: 361478K (82%)
----------------- Invoking toplevel() on ptolemy.moml.MoMLSimpleApplication@cfea4f4
----------------- Done invoking toplevel() on ptolemy.moml.MoMLSimpleApplication@cfea4f4
reloadAllAccessors: .Minimum

===========================================================================================
----------------- testing Tue Oct 27 15:57:16 UTC 2020 /home/travis/build/icyphy/ptII/ptolemy/actor/lib/test/auto/MinimumComplex.xml
----------------- Instantiating /home/travis/build/icyphy/ptII/ptolemy/actor/lib/test/auto/MinimumComplex.xml
4 ms. Memory: 441344K Free: 355334K (81%)
----------------- Invoking toplevel() on ptolemy.moml.MoMLSimpleApplication@7c89405c
----------------- Done invoking toplevel() on ptolemy.moml.MoMLSimpleApplication@7c89405c
reloadAllAccessors: .MinimumComplex

===========================================================================================
----------------- testing Tue Oct 27 15:57:16 UTC 2020 /home/travis/build/icyphy/ptII/ptolemy/actor/lib/test/auto/MinimumMultiports.xml
----------------- Instantiating /home/travis/build/icyphy/ptII/ptolemy/actor/lib/test/auto/MinimumMultiports.xml
3 ms. Memory: 441344K Free: 346598K (79%)
----------------- Invoking toplevel() on ptolemy.moml.MoMLSimpleApplication@37d9d7ee
----------------- Done invoking toplevel() on ptolemy.moml.MoMLSimpleApplication@37d9d7ee
reloadAllAccessors: .MinimumMultiports

===========================================================================================
----------------- testing Tue Oct 27 15:57:16 UTC 2020 /home/travis/build/icyphy/ptII/ptolemy/actor/lib/test/auto/ModifyDate.xml
----------------- Instantiating /home/travis/build/icyphy/ptII/ptolemy/actor/lib/test/auto/ModifyDate.xml
8 ms. Memory: 441344K Free: 333830K (76%)
----------------- Invoking toplevel() on ptolemy.moml.MoMLSimpleApplication@3b8799c5
----------------- Done invoking toplevel() on ptolemy.moml.MoMLSimpleApplication@3b8799c5
reloadAllAccessors: .ModifyDate

===========================================================================================
----------------- testing Tue Oct 27 15:57:16 UTC 2020 /home/travis/build/icyphy/ptII/ptolemy/actor/lib/test/auto/ModifyDate2.xml
----------------- Instantiating /home/travis/build/icyphy/ptII/ptolemy/actor/lib/test/auto/ModifyDate2.xml
4 ms. Memory: 441344K Free: 325638K (74%)
----------------- Invoking toplevel() on ptolemy.moml.MoMLSimpleApplication@7aa5aa19
----------------- Done invoking toplevel() on ptolemy.moml.MoMLSimpleApplication@7aa5aa19
reloadAllAccessors: .ModifyDate2

===========================================================================================
----------------- testing Tue Oct 27 15:57:16 UTC 2020 /home/travis/build/icyphy/ptII/ptolemy/actor/lib/test/auto/MovingAverage.xml
----------------- Instantiating /home/travis/build/icyphy/ptII/ptolemy/actor/lib/test/auto/MovingAverage.xml
2 ms. Memory: 441344K Free: 320518K (73%)
----------------- Invoking toplevel() on ptolemy.moml.MoMLSimpleApplication@2c0c1771
----------------- Done invoking toplevel() on ptolemy.moml.MoMLSimpleApplication@2c0c1771
reloadAllAccessors: .MovingAverage

===========================================================================================
----------------- testing Tue Oct 27 15:57:16 UTC 2020 /home/travis/build/icyphy/ptII/ptolemy/actor/lib/test/auto/MovingMaximum.xml
----------------- Instantiating /home/travis/build/icyphy/ptII/ptolemy/actor/lib/test/auto/MovingMaximum.xml
3 ms. Memory: 441344K Free: 315908K (72%)
----------------- Invoking toplevel() on ptolemy.moml.MoMLSimpleApplication@ed21666
----------------- Done invoking toplevel() on ptolemy.moml.MoMLSimpleApplication@ed21666
reloadAllAccessors: .MovingMaximum

===========================================================================================
----------------- testing Tue Oct 27 15:57:16 UTC 2020 /home/travis/build/icyphy/ptII/ptolemy/actor/lib/test/auto/MultipleLinksToSameRelation.xml
----------------- Instantiating /home/travis/build/icyphy/ptII/ptolemy/actor/lib/test/auto/MultipleLinksToSameRelation.xml
2 ms. Memory: 441344K Free: 311812K (71%)
----------------- Invoking toplevel() on ptolemy.moml.MoMLSimpleApplication@1a8b510e
----------------- Done invoking toplevel() on ptolemy.moml.MoMLSimpleApplication@1a8b510e
reloadAllAccessors: .MultipleLinksToSameRelation

===========================================================================================
----------------- testing Tue Oct 27 15:57:16 UTC 2020 /home/travis/build/icyphy/ptII/ptolemy/actor/lib/test/auto/MultipleLinksToSameRelationDE.xml
----------------- Instantiating /home/travis/build/icyphy/ptII/ptolemy/actor/lib/test/auto/MultipleLinksToSameRelationDE.xml
10 ms. Memory: 441344K Free: 307702K (70%)
----------------- Invoking toplevel() on ptolemy.moml.MoMLSimpleApplication@994f7ed
----------------- Done invoking toplevel() on ptolemy.moml.MoMLSimpleApplication@994f7ed
reloadAllAccessors: .MultipleLinksToSameRelationDE

===========================================================================================
----------------- testing Tue Oct 27 15:57:16 UTC 2020 /home/travis/build/icyphy/ptII/ptolemy/actor/lib/test/auto/Multiplexor.xml
----------------- Instantiating /home/travis/build/icyphy/ptII/ptolemy/actor/lib/test/auto/Multiplexor.xml
2 ms. Memory: 441344K Free: 302086K (68%)
----------------- Invoking toplevel() on ptolemy.moml.MoMLSimpleApplication@9955b73
----------------- Done invoking toplevel() on ptolemy.moml.MoMLSimpleApplication@9955b73
reloadAllAccessors: .Multiplexor

===========================================================================================
----------------- testing Tue Oct 27 15:57:16 UTC 2020 /home/travis/build/icyphy/ptII/ptolemy/actor/lib/test/auto/Multiplexor1.xml
----------------- Instantiating /home/travis/build/icyphy/ptII/ptolemy/actor/lib/test/auto/Multiplexor1.xml
2 ms. Memory: 441344K Free: 296446K (67%)
----------------- Invoking toplevel() on ptolemy.moml.MoMLSimpleApplication@1494328f
----------------- Done invoking toplevel() on ptolemy.moml.MoMLSimpleApplication@1494328f
reloadAllAccessors: .Multiplexor1

===========================================================================================
----------------- testing Tue Oct 27 15:57:16 UTC 2020 /home/travis/build/icyphy/ptII/ptolemy/actor/lib/test/auto/Multiplexor2.xml
----------------- Instantiating /home/travis/build/icyphy/ptII/ptolemy/actor/lib/test/auto/Multiplexor2.xml
6 ms. Memory: 441344K Free: 289798K (66%)
----------------- Invoking toplevel() on ptolemy.moml.MoMLSimpleApplication@72ba23a2
----------------- Done invoking toplevel() on ptolemy.moml.MoMLSimpleApplication@72ba23a2
reloadAllAccessors: .Multiplexor2

===========================================================================================
----------------- testing Tue Oct 27 15:57:16 UTC 2020 /home/travis/build/icyphy/ptII/ptolemy/actor/lib/test/auto/Multiplexor3.xml
----------------- Instantiating /home/travis/build/icyphy/ptII/ptolemy/actor/lib/test/auto/Multiplexor3.xml
2 ms. Memory: 441344K Free: 285702K (65%)
----------------- Invoking toplevel() on ptolemy.moml.MoMLSimpleApplication@604bbd13
----------------- Done invoking toplevel() on ptolemy.moml.MoMLSimpleApplication@604bbd13
reloadAllAccessors: .Multiplexor3

===========================================================================================
----------------- testing Tue Oct 27 15:57:16 UTC 2020 /home/travis/build/icyphy/ptII/ptolemy/actor/lib/test/auto/MultiplexorDE.xml
----------------- Instantiating /home/travis/build/icyphy/ptII/ptolemy/actor/lib/test/auto/MultiplexorDE.xml
3 ms. Memory: 441344K Free: 278534K (63%)
----------------- Invoking toplevel() on ptolemy.moml.MoMLSimpleApplication@10904177
----------------- Done invoking toplevel() on ptolemy.moml.MoMLSimpleApplication@10904177
reloadAllAccessors: .MultiplexorDE

===========================================================================================
----------------- testing Tue Oct 27 15:57:16 UTC 2020 /home/travis/build/icyphy/ptII/ptolemy/actor/lib/test/auto/MultiportBroadcastTest.xml
----------------- Instantiating /home/travis/build/icyphy/ptII/ptolemy/actor/lib/test/auto/MultiportBroadcastTest.xml
100 ms. Memory: 441344K Free: 272390K (62%)
----------------- Invoking toplevel() on ptolemy.moml.MoMLSimpleApplication@1649369c
----------------- Done invoking toplevel() on ptolemy.moml.MoMLSimpleApplication@1649369c
reloadAllAccessors: .MultiportBroadcastTest

===========================================================================================
----------------- testing Tue Oct 27 15:57:16 UTC 2020 /home/travis/build/icyphy/ptII/ptolemy/actor/lib/test/auto/MultiportOutHangDuringGetWidth.xml
----------------- Instantiating /home/travis/build/icyphy/ptII/ptolemy/actor/lib/test/auto/MultiportOutHangDuringGetWidth.xml
9 ms. Memory: 441344K Free: 260102K (59%)
----------------- Invoking toplevel() on ptolemy.moml.MoMLSimpleApplication@4dbb25cc
----------------- Done invoking toplevel() on ptolemy.moml.MoMLSimpleApplication@4dbb25cc
reloadAllAccessors: .MultiportOutHangDuringGetWidth

===========================================================================================
----------------- testing Tue Oct 27 15:57:16 UTC 2020 /home/travis/build/icyphy/ptII/ptolemy/actor/lib/test/auto/NilToken.xml
----------------- Instantiating /home/travis/build/icyphy/ptII/ptolemy/actor/lib/test/auto/NilToken.xml
1 ms. Memory: 441344K Free: 256006K (58%)
----------------- Invoking toplevel() on ptolemy.moml.MoMLSimpleApplication@699a14a4
----------------- Done invoking toplevel() on ptolemy.moml.MoMLSimpleApplication@699a14a4
reloadAllAccessors: .NilToken

===========================================================================================
----------------- testing Tue Oct 27 15:57:17 UTC 2020 /home/travis/build/icyphy/ptII/ptolemy/actor/lib/test/auto/NilTokenNonStrictTest.xml
----------------- Instantiating /home/travis/build/icyphy/ptII/ptolemy/actor/lib/test/auto/NilTokenNonStrictTest.xml
8 ms. Memory: 441344K Free: 251396K (57%)
----------------- Invoking toplevel() on ptolemy.moml.MoMLSimpleApplication@3a5a5865
----------------- Done invoking toplevel() on ptolemy.moml.MoMLSimpleApplication@3a5a5865
reloadAllAccessors: .NilTokenNonStrictTest

===========================================================================================
----------------- testing Tue Oct 27 15:57:17 UTC 2020 /home/travis/build/icyphy/ptII/ptolemy/actor/lib/test/auto/NilTokenRecord.xml
----------------- Instantiating /home/travis/build/icyphy/ptII/ptolemy/actor/lib/test/auto/NilTokenRecord.xml
6 ms. Memory: 441344K Free: 245252K (56%)
----------------- Invoking toplevel() on ptolemy.moml.MoMLSimpleApplication@5b343279
----------------- Done invoking toplevel() on ptolemy.moml.MoMLSimpleApplication@5b343279
reloadAllAccessors: .NilTokenRecord

===========================================================================================
----------------- testing Tue Oct 27 15:57:17 UTC 2020 /home/travis/build/icyphy/ptII/ptolemy/actor/lib/test/auto/NilTokenTypeTest.xml
----------------- Instantiating /home/travis/build/icyphy/ptII/ptolemy/actor/lib/test/auto/NilTokenTypeTest.xml
7 ms. Memory: 441344K Free: 235526K (53%)
----------------- Invoking toplevel() on ptolemy.moml.MoMLSimpleApplication@7a98b811
----------------- Done invoking toplevel() on ptolemy.moml.MoMLSimpleApplication@7a98b811
reloadAllAccessors: .NilTokenTypeTest

===========================================================================================
----------------- testing Tue Oct 27 15:57:17 UTC 2020 /home/travis/build/icyphy/ptII/ptolemy/actor/lib/test/auto/ObjectToken1.xml
----------------- Instantiating /home/travis/build/icyphy/ptII/ptolemy/actor/lib/test/auto/ObjectToken1.xml
3 ms. Memory: 441344K Free: 231430K (52%)
----------------- Invoking toplevel() on ptolemy.moml.MoMLSimpleApplication@10e32a23
----------------- Done invoking toplevel() on ptolemy.moml.MoMLSimpleApplication@10e32a23
reloadAllAccessors: .ObjectToken1

===========================================================================================
----------------- testing Tue Oct 27 15:57:17 UTC 2020 /home/travis/build/icyphy/ptII/ptolemy/actor/lib/test/auto/OrderedMerge.xml
----------------- Instantiating /home/travis/build/icyphy/ptII/ptolemy/actor/lib/test/auto/OrderedMerge.xml
9 ms. Memory: 441344K Free: 225796K (51%)
----------------- Invoking toplevel() on ptolemy.moml.MoMLSimpleApplication@44a45040
----------------- Done invoking toplevel() on ptolemy.moml.MoMLSimpleApplication@44a45040
reloadAllAccessors: .OrderedMerge

===========================================================================================
----------------- testing Tue Oct 27 15:57:17 UTC 2020 /home/travis/build/icyphy/ptII/ptolemy/actor/lib/test/auto/OrderedRecordDisassembler.xml
----------------- Instantiating /home/travis/build/icyphy/ptII/ptolemy/actor/lib/test/auto/OrderedRecordDisassembler.xml
3 ms. Memory: 441344K Free: 220646K (50%)
----------------- Invoking toplevel() on ptolemy.moml.MoMLSimpleApplication@505c03be
----------------- Done invoking toplevel() on ptolemy.moml.MoMLSimpleApplication@505c03be
reloadAllAccessors: .OrderedRecordDisassembler

===========================================================================================
----------------- testing Tue Oct 27 15:57:17 UTC 2020 /home/travis/build/icyphy/ptII/ptolemy/actor/lib/test/auto/OrderedRecordDisassembler2.xml
----------------- Instantiating /home/travis/build/icyphy/ptII/ptolemy/actor/lib/test/auto/OrderedRecordDisassembler2.xml
5 ms. Memory: 441344K Free: 212998K (48%)
----------------- Invoking toplevel() on ptolemy.moml.MoMLSimpleApplication@1820e211
----------------- Done invoking toplevel() on ptolemy.moml.MoMLSimpleApplication@1820e211
reloadAllAccessors: .OrderedRecordDisassembler2

===========================================================================================
----------------- testing Tue Oct 27 15:57:17 UTC 2020 /home/travis/build/icyphy/ptII/ptolemy/actor/lib/test/auto/OrderedRecordUpdater.xml
----------------- Instantiating /home/travis/build/icyphy/ptII/ptolemy/actor/lib/test/auto/OrderedRecordUpdater.xml
2 ms. Memory: 441344K Free: 208388K (47%)
----------------- Invoking toplevel() on ptolemy.moml.MoMLSimpleApplication@3b32a337
----------------- Done invoking toplevel() on ptolemy.moml.MoMLSimpleApplication@3b32a337
reloadAllAccessors: .RecordUpdater

===========================================================================================
----------------- testing Tue Oct 27 15:57:17 UTC 2020 /home/travis/build/icyphy/ptII/ptolemy/actor/lib/test/auto/OrderedRecordUpdater2.xml
----------------- Instantiating /home/travis/build/icyphy/ptII/ptolemy/actor/lib/test/auto/OrderedRecordUpdater2.xml
3 ms. Memory: 441344K Free: 203268K (46%)
----------------- Invoking toplevel() on ptolemy.moml.MoMLSimpleApplication@11cc725f
----------------- Done invoking toplevel() on ptolemy.moml.MoMLSimpleApplication@11cc725f
reloadAllAccessors: .RecordUpdater2

===========================================================================================
----------------- testing Tue Oct 27 15:57:17 UTC 2020 /home/travis/build/icyphy/ptII/ptolemy/actor/lib/test/auto/PhaseUnwrap.xml
----------------- Instantiating /home/travis/build/icyphy/ptII/ptolemy/actor/lib/test/auto/PhaseUnwrap.xml
2 ms. Memory: 441344K Free: 198662K (45%)
----------------- Invoking toplevel() on ptolemy.moml.MoMLSimpleApplication@61a35147
----------------- Done invoking toplevel() on ptolemy.moml.MoMLSimpleApplication@61a35147
reloadAllAccessors: .PhaseUnwrap

===========================================================================================
----------------- testing Tue Oct 27 15:57:17 UTC 2020 /home/travis/build/icyphy/ptII/ptolemy/actor/lib/test/auto/PoissonClock.xml
----------------- Instantiating /home/travis/build/icyphy/ptII/ptolemy/actor/lib/test/auto/PoissonClock.xml
2 ms. Memory: 441344K Free: 194566K (44%)
----------------- Invoking toplevel() on ptolemy.moml.MoMLSimpleApplication@386914c9
----------------- Done invoking toplevel() on ptolemy.moml.MoMLSimpleApplication@386914c9
reloadAllAccessors: .PoissonClock

===========================================================================================
----------------- testing Tue Oct 27 15:57:17 UTC 2020 /home/travis/build/icyphy/ptII/ptolemy/actor/lib/test/auto/PoissonClock2.xml
----------------- Instantiating /home/travis/build/icyphy/ptII/ptolemy/actor/lib/test/auto/PoissonClock2.xml
2 ms. Memory: 441344K Free: 190468K (43%)
----------------- Invoking toplevel() on ptolemy.moml.MoMLSimpleApplication@72b486d0
----------------- Done invoking toplevel() on ptolemy.moml.MoMLSimpleApplication@72b486d0
reloadAllAccessors: .PoissonClock2

===========================================================================================
----------------- testing Tue Oct 27 15:57:17 UTC 2020 /home/travis/build/icyphy/ptII/ptolemy/actor/lib/test/auto/PoissonClock3.xml
----------------- Instantiating /home/travis/build/icyphy/ptII/ptolemy/actor/lib/test/auto/PoissonClock3.xml
1 ms. Memory: 441344K Free: 185350K (42%)
----------------- Invoking toplevel() on ptolemy.moml.MoMLSimpleApplication@2e6d8ab3
----------------- Done invoking toplevel() on ptolemy.moml.MoMLSimpleApplication@2e6d8ab3
reloadAllAccessors: .PoissonClock3

===========================================================================================
----------------- testing Tue Oct 27 15:57:17 UTC 2020 /home/travis/build/icyphy/ptII/ptolemy/actor/lib/test/auto/PubSubWithInitialTokens.xml
----------------- Instantiating /home/travis/build/icyphy/ptII/ptolemy/actor/lib/test/auto/PubSubWithInitialTokens.xml
2 ms. Memory: 441344K Free: 180230K (41%)
----------------- Invoking toplevel() on ptolemy.moml.MoMLSimpleApplication@487a31f5
----------------- Done invoking toplevel() on ptolemy.moml.MoMLSimpleApplication@487a31f5
reloadAllAccessors: .PubSubWithInitialTokens

===========================================================================================
----------------- testing Tue Oct 27 15:57:17 UTC 2020 /home/travis/build/icyphy/ptII/ptolemy/actor/lib/test/auto/PubSubWithInitialTokens2.xml
----------------- Instantiating /home/travis/build/icyphy/ptII/ptolemy/actor/lib/test/auto/PubSubWithInitialTokens2.xml
3 ms. Memory: 441344K Free: 174086K (39%)
----------------- Invoking toplevel() on ptolemy.moml.MoMLSimpleApplication@38603514
----------------- Done invoking toplevel() on ptolemy.moml.MoMLSimpleApplication@38603514
reloadAllAccessors: .PubSubWithInitialTokens2

===========================================================================================
----------------- testing Tue Oct 27 15:57:17 UTC 2020 /home/travis/build/icyphy/ptII/ptolemy/actor/lib/test/auto/PublisherClassNoParameter.xml
----------------- Instantiating /home/travis/build/icyphy/ptII/ptolemy/actor/lib/test/auto/PublisherClassNoParameter.xml
2 ms. Memory: 441344K Free: 164356K (37%)
----------------- Invoking toplevel() on ptolemy.moml.MoMLSimpleApplication@54d095a4
----------------- Done invoking toplevel() on ptolemy.moml.MoMLSimpleApplication@54d095a4
reloadAllAccessors: .PublisherClassNoParameter

===========================================================================================
----------------- testing Tue Oct 27 15:57:17 UTC 2020 /home/travis/build/icyphy/ptII/ptolemy/actor/lib/test/auto/PublisherClassParameter.xml
----------------- Instantiating /home/travis/build/icyphy/ptII/ptolemy/actor/lib/test/auto/PublisherClassParameter.xml
2 ms. Memory: 441344K Free: 154102K (35%)
----------------- Invoking toplevel() on ptolemy.moml.MoMLSimpleApplication@6844e5d5
----------------- Done invoking toplevel() on ptolemy.moml.MoMLSimpleApplication@6844e5d5
reloadAllAccessors: .PublisherClassParameter

===========================================================================================
----------------- testing Tue Oct 27 15:57:17 UTC 2020 /home/travis/build/icyphy/ptII/ptolemy/actor/lib/test/auto/PublisherNonStrictTest.xml
----------------- Instantiating /home/travis/build/icyphy/ptII/ptolemy/actor/lib/test/auto/PublisherNonStrictTest.xml
3 ms. Memory: 441344K Free: 146438K (33%)
----------------- Invoking toplevel() on ptolemy.moml.MoMLSimpleApplication@10ef5be4
----------------- Done invoking toplevel() on ptolemy.moml.MoMLSimpleApplication@10ef5be4
reloadAllAccessors: .PublisherNonStrictTest

===========================================================================================
----------------- testing Tue Oct 27 15:57:17 UTC 2020 /home/travis/build/icyphy/ptII/ptolemy/actor/lib/test/auto/PublisherPort1.xml
----------------- Instantiating /home/travis/build/icyphy/ptII/ptolemy/actor/lib/test/auto/PublisherPort1.xml
10 ms. Memory: 441344K Free: 140774K (32%)
----------------- Invoking toplevel() on ptolemy.moml.MoMLSimpleApplication@74a38ecb
----------------- Done invoking toplevel() on ptolemy.moml.MoMLSimpleApplication@74a38ecb
reloadAllAccessors: .PublisherPort1

===========================================================================================
----------------- testing Tue Oct 27 15:57:17 UTC 2020 /home/travis/build/icyphy/ptII/ptolemy/actor/lib/test/auto/PublisherPort2.xml
----------------- Instantiating /home/travis/build/icyphy/ptII/ptolemy/actor/lib/test/auto/PublisherPort2.xml
2 ms. Memory: 441344K Free: 136198K (31%)
----------------- Invoking toplevel() on ptolemy.moml.MoMLSimpleApplication@66dab6ce
----------------- Done invoking toplevel() on ptolemy.moml.MoMLSimpleApplication@66dab6ce
reloadAllAccessors: .PublisherPort2

===========================================================================================
----------------- testing Tue Oct 27 15:57:17 UTC 2020 /home/travis/build/icyphy/ptII/ptolemy/actor/lib/test/auto/PublisherPort3.xml
----------------- Instantiating /home/travis/build/icyphy/ptII/ptolemy/actor/lib/test/auto/PublisherPort3.xml
15 ms. Memory: 441344K Free: 390502K (88%)
----------------- Invoking toplevel() on ptolemy.moml.MoMLSimpleApplication@7ae1846c
----------------- Done invoking toplevel() on ptolemy.moml.MoMLSimpleApplication@7ae1846c
reloadAllAccessors: .PublisherPort3

===========================================================================================
----------------- testing Tue Oct 27 15:57:17 UTC 2020 /home/travis/build/icyphy/ptII/ptolemy/actor/lib/test/auto/PublisherPort4.xml
----------------- Instantiating /home/travis/build/icyphy/ptII/ptolemy/actor/lib/test/auto/PublisherPort4.xml
3 ms. Memory: 441344K Free: 384374K (87%)
----------------- Invoking toplevel() on ptolemy.moml.MoMLSimpleApplication@6df58226
----------------- Done invoking toplevel() on ptolemy.moml.MoMLSimpleApplication@6df58226
reloadAllAccessors: .PublisherPort4

===========================================================================================
----------------- testing Tue Oct 27 15:57:17 UTC 2020 /home/travis/build/icyphy/ptII/ptolemy/actor/lib/test/auto/PublisherPort5.xml
----------------- Instantiating /home/travis/build/icyphy/ptII/ptolemy/actor/lib/test/auto/PublisherPort5.xml
4 ms. Memory: 441344K Free: 376710K (85%)
----------------- Invoking toplevel() on ptolemy.moml.MoMLSimpleApplication@6c1a21dc
----------------- Done invoking toplevel() on ptolemy.moml.MoMLSimpleApplication@6c1a21dc
reloadAllAccessors: .PublisherPort5

===========================================================================================
----------------- testing Tue Oct 27 15:57:17 UTC 2020 /home/travis/build/icyphy/ptII/ptolemy/actor/lib/test/auto/PublisherPort5LookAlike.xml
----------------- Instantiating /home/travis/build/icyphy/ptII/ptolemy/actor/lib/test/auto/PublisherPort5LookAlike.xml
9 ms. Memory: 441344K Free: 369542K (84%)
----------------- Invoking toplevel() on ptolemy.moml.MoMLSimpleApplication@29c81c0
----------------- Done invoking toplevel() on ptolemy.moml.MoMLSimpleApplication@29c81c0
reloadAllAccessors: .PublisherPort5LookAlike

===========================================================================================
----------------- testing Tue Oct 27 15:57:17 UTC 2020 /home/travis/build/icyphy/ptII/ptolemy/actor/lib/test/auto/PublisherPort6.xml
----------------- Instantiating /home/travis/build/icyphy/ptII/ptolemy/actor/lib/test/auto/PublisherPort6.xml
13 ms. Memory: 441344K Free: 362884K (82%)
----------------- Invoking toplevel() on ptolemy.moml.MoMLSimpleApplication@5e0069ac
----------------- Done invoking toplevel() on ptolemy.moml.MoMLSimpleApplication@5e0069ac
reloadAllAccessors: .PublisherPort6

===========================================================================================
----------------- testing Tue Oct 27 15:57:17 UTC 2020 /home/travis/build/icyphy/ptII/ptolemy/actor/lib/test/auto/PublisherPort7.xml
----------------- Instantiating /home/travis/build/icyphy/ptII/ptolemy/actor/lib/test/auto/PublisherPort7.xml
4 ms. Memory: 441344K Free: 355206K (80%)
----------------- Invoking toplevel() on ptolemy.moml.MoMLSimpleApplication@66ec1e8b
----------------- Done invoking toplevel() on ptolemy.moml.MoMLSimpleApplication@66ec1e8b
reloadAllAccessors: .PublisherPort7

===========================================================================================
----------------- testing Tue Oct 27 15:57:17 UTC 2020 /home/travis/build/icyphy/ptII/ptolemy/actor/lib/test/auto/PublisherPort8.xml
----------------- Instantiating /home/travis/build/icyphy/ptII/ptolemy/actor/lib/test/auto/PublisherPort8.xml
4 ms. Memory: 441344K Free: 346500K (79%)
----------------- Invoking toplevel() on ptolemy.moml.MoMLSimpleApplication@a0817ba
----------------- Done invoking toplevel() on ptolemy.moml.MoMLSimpleApplication@a0817ba
reloadAllAccessors: .PublisherPort8

===========================================================================================
----------------- testing Tue Oct 27 15:57:17 UTC 2020 /home/travis/build/icyphy/ptII/ptolemy/actor/lib/test/auto/PublisherPortSubscriberChannelVariablesAOC2.xml
----------------- Instantiating /home/travis/build/icyphy/ptII/ptolemy/actor/lib/test/auto/PublisherPortSubscriberChannelVariablesAOC2.xml
3 ms. Memory: 441344K Free: 329092K (75%)
----------------- Invoking toplevel() on ptolemy.moml.MoMLSimpleApplication@be854bd
----------------- Done invoking toplevel() on ptolemy.moml.MoMLSimpleApplication@be854bd
reloadAllAccessors: .PublisherPortSubscriberChannelVariablesAOC2

===========================================================================================
----------------- testing Tue Oct 27 15:57:17 UTC 2020 /home/travis/build/icyphy/ptII/ptolemy/actor/lib/test/auto/PublisherPortSubscriberOpaqueWidthInference.xml
----------------- Instantiating /home/travis/build/icyphy/ptII/ptolemy/actor/lib/test/auto/PublisherPortSubscriberOpaqueWidthInference.xml
3 ms. Memory: 441344K Free: 321414K (73%)
----------------- Invoking toplevel() on ptolemy.moml.MoMLSimpleApplication@63a77a73
----------------- Done invoking toplevel() on ptolemy.moml.MoMLSimpleApplication@63a77a73
reloadAllAccessors: .PublisherPortSubscriberOpaqueWidthInference

===========================================================================================
----------------- testing Tue Oct 27 15:57:17 UTC 2020 /home/travis/build/icyphy/ptII/ptolemy/actor/lib/test/auto/PublisherPortSubscriberPortAdjacent.xml
----------------- Instantiating /home/travis/build/icyphy/ptII/ptolemy/actor/lib/test/auto/PublisherPortSubscriberPortAdjacent.xml
4 ms. Memory: 441344K Free: 313222K (71%)
----------------- Invoking toplevel() on ptolemy.moml.MoMLSimpleApplication@3f9b64e3
----------------- Done invoking toplevel() on ptolemy.moml.MoMLSimpleApplication@3f9b64e3
reloadAllAccessors: .PublisherPortSubscriberPortAdjacent

===========================================================================================
----------------- testing Tue Oct 27 15:57:17 UTC 2020 /home/travis/build/icyphy/ptII/ptolemy/actor/lib/test/auto/PublisherPortSubscriberPortExpression.xml
----------------- Instantiating /home/travis/build/icyphy/ptII/ptolemy/actor/lib/test/auto/PublisherPortSubscriberPortExpression.xml
4 ms. Memory: 441344K Free: 305030K (69%)
----------------- Invoking toplevel() on ptolemy.moml.MoMLSimpleApplication@66c9ecee
----------------- Done invoking toplevel() on ptolemy.moml.MoMLSimpleApplication@66c9ecee
reloadAllAccessors: .PublisherPortSubscriberPortExpression

===========================================================================================
----------------- testing Tue Oct 27 15:57:17 UTC 2020 /home/travis/build/icyphy/ptII/ptolemy/actor/lib/test/auto/PublisherPortSubscriberPortOpaqueD3Reverse.xml
----------------- Instantiating /home/travis/build/icyphy/ptII/ptolemy/actor/lib/test/auto/PublisherPortSubscriberPortOpaqueD3Reverse.xml
6 ms. Memory: 441344K Free: 294790K (67%)
----------------- Invoking toplevel() on ptolemy.moml.MoMLSimpleApplication@e9b7087
----------------- Done invoking toplevel() on ptolemy.moml.MoMLSimpleApplication@e9b7087
reloadAllAccessors: .PublisherPortSubscriberPortOpaqueD3Reverse

===========================================================================================
----------------- testing Tue Oct 27 15:57:17 UTC 2020 /home/travis/build/icyphy/ptII/ptolemy/actor/lib/test/auto/PublisherPortSubscriberPortOpaqueWidthInference.xml
----------------- Instantiating /home/travis/build/icyphy/ptII/ptolemy/actor/lib/test/auto/PublisherPortSubscriberPortOpaqueWidthInference.xml
3 ms. Memory: 441344K Free: 287094K (65%)
----------------- Invoking toplevel() on ptolemy.moml.MoMLSimpleApplication@5de5a28
----------------- Done invoking toplevel() on ptolemy.moml.MoMLSimpleApplication@5de5a28
reloadAllAccessors: .PublisherPortSubscriberPortOpaqueWidthInference

===========================================================================================
----------------- testing Tue Oct 27 15:57:17 UTC 2020 /home/travis/build/icyphy/ptII/ptolemy/actor/lib/test/auto/PublisherPortToplevelSubscriberPortAOC.xml
----------------- Instantiating /home/travis/build/icyphy/ptII/ptolemy/actor/lib/test/auto/PublisherPortToplevelSubscriberPortAOC.xml
.PublisherPortToplevelSubscriberPortAOC.TestExceptionAttribute: initialize() was not invoked, but wrapup() was.  This is unusual, but not always a problem.  For example, exporting JNLP will do this.
1 ms. Memory: 441344K Free: 281478K (64%)
----------------- Invoking toplevel() on ptolemy.moml.MoMLSimpleApplication@6773f86b
----------------- Done invoking toplevel() on ptolemy.moml.MoMLSimpleApplication@6773f86b
reloadAllAccessors: .PublisherPortToplevelSubscriberPortAOC

===========================================================================================
----------------- testing Tue Oct 27 15:57:17 UTC 2020 /home/travis/build/icyphy/ptII/ptolemy/actor/lib/test/auto/PublisherSubscriber.xml
----------------- Instantiating /home/travis/build/icyphy/ptII/ptolemy/actor/lib/test/auto/PublisherSubscriber.xml
3 ms. Memory: 441344K Free: 274310K (62%)
----------------- Invoking toplevel() on ptolemy.moml.MoMLSimpleApplication@2b6d61c6
----------------- Done invoking toplevel() on ptolemy.moml.MoMLSimpleApplication@2b6d61c6
reloadAllAccessors: .PublisherSubscriber

===========================================================================================
----------------- testing Tue Oct 27 15:57:17 UTC 2020 /home/travis/build/icyphy/ptII/ptolemy/actor/lib/test/auto/PublisherSubscriber10.xml
----------------- Instantiating /home/travis/build/icyphy/ptII/ptolemy/actor/lib/test/auto/PublisherSubscriber10.xml
6 ms. Memory: 441344K Free: 264580K (60%)
----------------- Invoking toplevel() on ptolemy.moml.MoMLSimpleApplication@4f660f55
----------------- Done invoking toplevel() on ptolemy.moml.MoMLSimpleApplication@4f660f55
reloadAllAccessors: .PublisherSubscriber10

===========================================================================================
----------------- testing Tue Oct 27 15:57:17 UTC 2020 /home/travis/build/icyphy/ptII/ptolemy/actor/lib/test/auto/PublisherSubscriber10InitialOutputs.xml
----------------- Instantiating /home/travis/build/icyphy/ptII/ptolemy/actor/lib/test/auto/PublisherSubscriber10InitialOutputs.xml
18 ms. Memory: 441344K Free: 255364K (58%)
----------------- Invoking toplevel() on ptolemy.moml.MoMLSimpleApplication@20c6f35e
----------------- Done invoking toplevel() on ptolemy.moml.MoMLSimpleApplication@20c6f35e
reloadAllAccessors: .PublisherSubscriber10InitialOutputs

===========================================================================================
----------------- testing Tue Oct 27 15:57:17 UTC 2020 /home/travis/build/icyphy/ptII/ptolemy/actor/lib/test/auto/PublisherSubscriber11.xml
----------------- Instantiating /home/travis/build/icyphy/ptII/ptolemy/actor/lib/test/auto/PublisherSubscriber11.xml
3 ms. Memory: 441344K Free: 248710K (56%)
----------------- Invoking toplevel() on ptolemy.moml.MoMLSimpleApplication@478af074
----------------- Done invoking toplevel() on ptolemy.moml.MoMLSimpleApplication@478af074
reloadAllAccessors: .PublisherSubscriber11

===========================================================================================
----------------- testing Tue Oct 27 15:57:17 UTC 2020 /home/travis/build/icyphy/ptII/ptolemy/actor/lib/test/auto/PublisherSubscriber12.xml
----------------- Instantiating /home/travis/build/icyphy/ptII/ptolemy/actor/lib/test/auto/PublisherSubscriber12.xml
6 ms. Memory: 441344K Free: 242052K (55%)
----------------- Invoking toplevel() on ptolemy.moml.MoMLSimpleApplication@54152399
----------------- Done invoking toplevel() on ptolemy.moml.MoMLSimpleApplication@54152399
reloadAllAccessors: .PublisherSubscriber12

===========================================================================================
----------------- testing Tue Oct 27 15:57:17 UTC 2020 /home/travis/build/icyphy/ptII/ptolemy/actor/lib/test/auto/PublisherSubscriber13.xml
----------------- Instantiating /home/travis/build/icyphy/ptII/ptolemy/actor/lib/test/auto/PublisherSubscriber13.xml
2 ms. Memory: 441344K Free: 236422K (54%)
----------------- Invoking toplevel() on ptolemy.moml.MoMLSimpleApplication@7a120541
----------------- Done invoking toplevel() on ptolemy.moml.MoMLSimpleApplication@7a120541
reloadAllAccessors: .PublisherSubscriber13

===========================================================================================
----------------- testing Tue Oct 27 15:57:17 UTC 2020 /home/travis/build/icyphy/ptII/ptolemy/actor/lib/test/auto/PublisherSubscriber14.xml
----------------- Instantiating /home/travis/build/icyphy/ptII/ptolemy/actor/lib/test/auto/PublisherSubscriber14.xml
2 ms. Memory: 441344K Free: 227686K (52%)
----------------- Invoking toplevel() on ptolemy.moml.MoMLSimpleApplication@41e3d5b1
----------------- Done invoking toplevel() on ptolemy.moml.MoMLSimpleApplication@41e3d5b1
reloadAllAccessors: .PublisherSubscriber14

===========================================================================================
----------------- testing Tue Oct 27 15:57:17 UTC 2020 /home/travis/build/icyphy/ptII/ptolemy/actor/lib/test/auto/PublisherSubscriber2.xml
----------------- Instantiating /home/travis/build/icyphy/ptII/ptolemy/actor/lib/test/auto/PublisherSubscriber2.xml
3 ms. Memory: 441344K Free: 222086K (50%)
----------------- Invoking toplevel() on ptolemy.moml.MoMLSimpleApplication@4e9d0f4a
----------------- Done invoking toplevel() on ptolemy.moml.MoMLSimpleApplication@4e9d0f4a
reloadAllAccessors: .PublisherSubscriber2

===========================================================================================
----------------- testing Tue Oct 27 15:57:17 UTC 2020 /home/travis/build/icyphy/ptII/ptolemy/actor/lib/test/auto/PublisherSubscriber3.xml
----------------- Instantiating /home/travis/build/icyphy/ptII/ptolemy/actor/lib/test/auto/PublisherSubscriber3.xml
1 ms. Memory: 441344K Free: 216422K (49%)
----------------- Invoking toplevel() on ptolemy.moml.MoMLSimpleApplication@72908361
----------------- Done invoking toplevel() on ptolemy.moml.MoMLSimpleApplication@72908361
reloadAllAccessors: .PublisherSubscriber3

===========================================================================================
----------------- testing Tue Oct 27 15:57:17 UTC 2020 /home/travis/build/icyphy/ptII/ptolemy/actor/lib/test/auto/PublisherSubscriber4.xml
----------------- Instantiating /home/travis/build/icyphy/ptII/ptolemy/actor/lib/test/auto/PublisherSubscriber4.xml
2 ms. Memory: 441344K Free: 211302K (48%)
----------------- Invoking toplevel() on ptolemy.moml.MoMLSimpleApplication@7f056932
----------------- Done invoking toplevel() on ptolemy.moml.MoMLSimpleApplication@7f056932
reloadAllAccessors: .PublisherSubscriber4

===========================================================================================
----------------- testing Tue Oct 27 15:57:18 UTC 2020 /home/travis/build/icyphy/ptII/ptolemy/actor/lib/test/auto/PublisherSubscriber5.xml
----------------- Instantiating /home/travis/build/icyphy/ptII/ptolemy/actor/lib/test/auto/PublisherSubscriber5.xml
2 ms. Memory: 441344K Free: 204678K (46%)
----------------- Invoking toplevel() on ptolemy.moml.MoMLSimpleApplication@30d00f19
----------------- Done invoking toplevel() on ptolemy.moml.MoMLSimpleApplication@30d00f19
reloadAllAccessors: .PublisherSubscriber5

===========================================================================================
----------------- testing Tue Oct 27 15:57:18 UTC 2020 /home/travis/build/icyphy/ptII/ptolemy/actor/lib/test/auto/PublisherSubscriber6.xml
----------------- Instantiating /home/travis/build/icyphy/ptII/ptolemy/actor/lib/test/auto/PublisherSubscriber6.xml
4 ms. Memory: 441344K Free: 198534K (45%)
----------------- Invoking toplevel() on ptolemy.moml.MoMLSimpleApplication@5b9289d3
----------------- Done invoking toplevel() on ptolemy.moml.MoMLSimpleApplication@5b9289d3
reloadAllAccessors: .PublisherSubscriber6

===========================================================================================
----------------- testing Tue Oct 27 15:57:18 UTC 2020 /home/travis/build/icyphy/ptII/ptolemy/actor/lib/test/auto/PublisherSubscriber7.xml
----------------- Instantiating /home/travis/build/icyphy/ptII/ptolemy/actor/lib/test/auto/PublisherSubscriber7.xml
8 ms. Memory: 441344K Free: 191862K (43%)
----------------- Invoking toplevel() on ptolemy.moml.MoMLSimpleApplication@6d7e736a
----------------- Done invoking toplevel() on ptolemy.moml.MoMLSimpleApplication@6d7e736a
reloadAllAccessors: .PublisherSubscriber7

===========================================================================================
----------------- testing Tue Oct 27 15:57:18 UTC 2020 /home/travis/build/icyphy/ptII/ptolemy/actor/lib/test/auto/PublisherSubscriber8.xml
----------------- Instantiating /home/travis/build/icyphy/ptII/ptolemy/actor/lib/test/auto/PublisherSubscriber8.xml
19 ms. Memory: 441344K Free: 180102K (41%)
----------------- Invoking toplevel() on ptolemy.moml.MoMLSimpleApplication@28424694
----------------- Done invoking toplevel() on ptolemy.moml.MoMLSimpleApplication@28424694
reloadAllAccessors: .PublisherSubscriber8

===========================================================================================
----------------- testing Tue Oct 27 15:57:18 UTC 2020 /home/travis/build/icyphy/ptII/ptolemy/actor/lib/test/auto/PublisherSubscriber9.xml
----------------- Instantiating /home/travis/build/icyphy/ptII/ptolemy/actor/lib/test/auto/PublisherSubscriber9.xml
2 ms. Memory: 441344K Free: 172934K (39%)
----------------- Invoking toplevel() on ptolemy.moml.MoMLSimpleApplication@4fa4f1f0
----------------- Done invoking toplevel() on ptolemy.moml.MoMLSimpleApplication@4fa4f1f0
reloadAllAccessors: .PublisherSubscriber9

===========================================================================================
----------------- testing Tue Oct 27 15:57:18 UTC 2020 /home/travis/build/icyphy/ptII/ptolemy/actor/lib/test/auto/PublisherSubscriberAdjacent.xml
----------------- Instantiating /home/travis/build/icyphy/ptII/ptolemy/actor/lib/test/auto/PublisherSubscriberAdjacent.xml
2 ms. Memory: 441344K Free: 164742K (37%)
----------------- Invoking toplevel() on ptolemy.moml.MoMLSimpleApplication@78d3a8d1
----------------- Done invoking toplevel() on ptolemy.moml.MoMLSimpleApplication@78d3a8d1
reloadAllAccessors: .PublisherSubscriberAdjacent

===========================================================================================
----------------- testing Tue Oct 27 15:57:18 UTC 2020 /home/travis/build/icyphy/ptII/ptolemy/actor/lib/test/auto/PublisherSubscriberChannelVariablesAOC2.xml
----------------- Instantiating /home/travis/build/icyphy/ptII/ptolemy/actor/lib/test/auto/PublisherSubscriberChannelVariablesAOC2.xml
3 ms. Memory: 441344K Free: 149382K (34%)
----------------- Invoking toplevel() on ptolemy.moml.MoMLSimpleApplication@3a576a5d
----------------- Done invoking toplevel() on ptolemy.moml.MoMLSimpleApplication@3a576a5d
reloadAllAccessors: .PublisherSubscriberChannelVariablesAOC2

===========================================================================================
----------------- testing Tue Oct 27 15:57:18 UTC 2020 /home/travis/build/icyphy/ptII/ptolemy/actor/lib/test/auto/PublisherSubscriberD3.xml
----------------- Instantiating /home/travis/build/icyphy/ptII/ptolemy/actor/lib/test/auto/PublisherSubscriberD3.xml
1 ms. Memory: 441344K Free: 142214K (32%)
----------------- Invoking toplevel() on ptolemy.moml.MoMLSimpleApplication@346e52f2
----------------- Done invoking toplevel() on ptolemy.moml.MoMLSimpleApplication@346e52f2
reloadAllAccessors: .PublisherSubscriberD3

===========================================================================================
----------------- testing Tue Oct 27 15:57:18 UTC 2020 /home/travis/build/icyphy/ptII/ptolemy/actor/lib/test/auto/PublisherSubscriberD3Reverse.xml
----------------- Instantiating /home/travis/build/icyphy/ptII/ptolemy/actor/lib/test/auto/PublisherSubscriberD3Reverse.xml
1 ms. Memory: 441344K Free: 136580K (31%)
----------------- Invoking toplevel() on ptolemy.moml.MoMLSimpleApplication@735b9134
----------------- Done invoking toplevel() on ptolemy.moml.MoMLSimpleApplication@735b9134
reloadAllAccessors: .PublisherSubscriberD3Reverse

===========================================================================================
----------------- testing Tue Oct 27 15:57:18 UTC 2020 /home/travis/build/icyphy/ptII/ptolemy/actor/lib/test/auto/PublisherSubscriberExpression.xml
----------------- Instantiating /home/travis/build/icyphy/ptII/ptolemy/actor/lib/test/auto/PublisherSubscriberExpression.xml
4 ms. Memory: 441344K Free: 388729K (88%)
----------------- Invoking toplevel() on ptolemy.moml.MoMLSimpleApplication@7c216f30
----------------- Done invoking toplevel() on ptolemy.moml.MoMLSimpleApplication@7c216f30
reloadAllAccessors: .PublisherSubscriberExpression

===========================================================================================
----------------- testing Tue Oct 27 15:57:18 UTC 2020 /home/travis/build/icyphy/ptII/ptolemy/actor/lib/test/auto/PublisherSubscriberOpaque.xml
----------------- Instantiating /home/travis/build/icyphy/ptII/ptolemy/actor/lib/test/auto/PublisherSubscriberOpaque.xml
3 ms. Memory: 441344K Free: 380537K (86%)
----------------- Invoking toplevel() on ptolemy.moml.MoMLSimpleApplication@77b6d1bc
----------------- Done invoking toplevel() on ptolemy.moml.MoMLSimpleApplication@77b6d1bc
reloadAllAccessors: .PublisherSubscriberOpaque

===========================================================================================
----------------- testing Tue Oct 27 15:57:18 UTC 2020 /home/travis/build/icyphy/ptII/ptolemy/actor/lib/test/auto/PublisherSubscriberOpaqueD3.xml
----------------- Instantiating /home/travis/build/icyphy/ptII/ptolemy/actor/lib/test/auto/PublisherSubscriberOpaqueD3.xml
6 ms. Memory: 441344K Free: 369273K (84%)
----------------- Invoking toplevel() on ptolemy.moml.MoMLSimpleApplication@541fc84b
----------------- Done invoking toplevel() on ptolemy.moml.MoMLSimpleApplication@541fc84b
reloadAllAccessors: .PublisherSubscriberOpaqueD3

===========================================================================================
----------------- testing Tue Oct 27 15:57:18 UTC 2020 /home/travis/build/icyphy/ptII/ptolemy/actor/lib/test/auto/PublisherSubscriberOpaqueD3Reverse.xml
----------------- Instantiating /home/travis/build/icyphy/ptII/ptolemy/actor/lib/test/auto/PublisherSubscriberOpaqueD3Reverse.xml
7 ms. Memory: 441344K Free: 358519K (81%)
----------------- Invoking toplevel() on ptolemy.moml.MoMLSimpleApplication@372b2b8d
----------------- Done invoking toplevel() on ptolemy.moml.MoMLSimpleApplication@372b2b8d
reloadAllAccessors: .PublisherSubscriberOpaqueD3Reverse

===========================================================================================
----------------- testing Tue Oct 27 15:57:18 UTC 2020 /home/travis/build/icyphy/ptII/ptolemy/actor/lib/test/auto/PublisherSubscriberOpaqueWidthInference.xml
----------------- Instantiating /home/travis/build/icyphy/ptII/ptolemy/actor/lib/test/auto/PublisherSubscriberOpaqueWidthInference.xml
4 ms. Memory: 441344K Free: 350313K (79%)
----------------- Invoking toplevel() on ptolemy.moml.MoMLSimpleApplication@1a34803
----------------- Done invoking toplevel() on ptolemy.moml.MoMLSimpleApplication@1a34803
reloadAllAccessors: .PublisherSubscriberOpaqueWidthInference

===========================================================================================
----------------- testing Tue Oct 27 15:57:18 UTC 2020 /home/travis/build/icyphy/ptII/ptolemy/actor/lib/test/auto/PublisherTestSubscriber.xml
----------------- Instantiating /home/travis/build/icyphy/ptII/ptolemy/actor/lib/test/auto/PublisherTestSubscriber.xml
4 ms. Memory: 441344K Free: 342649K (78%)
----------------- Invoking toplevel() on ptolemy.moml.MoMLSimpleApplication@724eb061
----------------- Done invoking toplevel() on ptolemy.moml.MoMLSimpleApplication@724eb061
reloadAllAccessors: .PublisherTestSubscriber

===========================================================================================
----------------- testing Tue Oct 27 15:57:18 UTC 2020 /home/travis/build/icyphy/ptII/ptolemy/actor/lib/test/auto/PublisherToplevelSubscriberPortAOC.xml
----------------- Instantiating /home/travis/build/icyphy/ptII/ptolemy/actor/lib/test/auto/PublisherToplevelSubscriberPortAOC.xml
2 ms. Memory: 441344K Free: 336505K (76%)
----------------- Invoking toplevel() on ptolemy.moml.MoMLSimpleApplication@1e5df435
----------------- Done invoking toplevel() on ptolemy.moml.MoMLSimpleApplication@1e5df435
reloadAllAccessors: .PublisherToplevelSubscriberPortAOC

===========================================================================================
----------------- testing Tue Oct 27 15:57:18 UTC 2020 /home/travis/build/icyphy/ptII/ptolemy/actor/lib/test/auto/PulseFiringLimitDE.xml
----------------- Instantiating /home/travis/build/icyphy/ptII/ptolemy/actor/lib/test/auto/PulseFiringLimitDE.xml
2 ms. Memory: 441344K Free: 330361K (75%)
----------------- Invoking toplevel() on ptolemy.moml.MoMLSimpleApplication@37cf7987
----------------- Done invoking toplevel() on ptolemy.moml.MoMLSimpleApplication@37cf7987
reloadAllAccessors: .PulseFiringLimitDE

===========================================================================================
----------------- testing Tue Oct 27 15:57:18 UTC 2020 /home/travis/build/icyphy/ptII/ptolemy/actor/lib/test/auto/Ramp1.xml
----------------- Instantiating /home/travis/build/icyphy/ptII/ptolemy/actor/lib/test/auto/Ramp1.xml
1 ms. Memory: 441344K Free: 326769K (74%)
----------------- Invoking toplevel() on ptolemy.moml.MoMLSimpleApplication@307343c4
----------------- Done invoking toplevel() on ptolemy.moml.MoMLSimpleApplication@307343c4
reloadAllAccessors: .Ramp1

===========================================================================================
----------------- testing Tue Oct 27 15:57:18 UTC 2020 /home/travis/build/icyphy/ptII/ptolemy/actor/lib/test/auto/RampFiringLimitDE.xml
----------------- Instantiating /home/travis/build/icyphy/ptII/ptolemy/actor/lib/test/auto/RampFiringLimitDE.xml
3 ms. Memory: 441344K Free: 320617K (73%)
----------------- Invoking toplevel() on ptolemy.moml.MoMLSimpleApplication@51fc481f
----------------- Done invoking toplevel() on ptolemy.moml.MoMLSimpleApplication@51fc481f
reloadAllAccessors: .RampFiringLimitDE

===========================================================================================
----------------- testing Tue Oct 27 15:57:18 UTC 2020 /home/travis/build/icyphy/ptII/ptolemy/actor/lib/test/auto/RampFiringLimitSDF.xml
----------------- Instantiating /home/travis/build/icyphy/ptII/ptolemy/actor/lib/test/auto/RampFiringLimitSDF.xml
2 ms. Memory: 441344K Free: 315497K (71%)
----------------- Invoking toplevel() on ptolemy.moml.MoMLSimpleApplication@2424a120
----------------- Done invoking toplevel() on ptolemy.moml.MoMLSimpleApplication@2424a120
reloadAllAccessors: .RampFiringLimitSDF

===========================================================================================
----------------- testing Tue Oct 27 15:57:18 UTC 2020 /home/travis/build/icyphy/ptII/ptolemy/actor/lib/test/auto/RandomInteger.xml
----------------- Instantiating /home/travis/build/icyphy/ptII/ptolemy/actor/lib/test/auto/RandomInteger.xml
1 ms. Memory: 441344K Free: 311415K (71%)
----------------- Invoking toplevel() on ptolemy.moml.MoMLSimpleApplication@19471908
----------------- Done invoking toplevel() on ptolemy.moml.MoMLSimpleApplication@19471908
reloadAllAccessors: .RandomInteger

===========================================================================================
----------------- testing Tue Oct 27 15:57:18 UTC 2020 /home/travis/build/icyphy/ptII/ptolemy/actor/lib/test/auto/ReadFile1.xml
----------------- Instantiating /home/travis/build/icyphy/ptII/ptolemy/actor/lib/test/auto/ReadFile1.xml
2 ms. Memory: 441344K Free: 306809K (70%)
----------------- Invoking toplevel() on ptolemy.moml.MoMLSimpleApplication@e80f744
----------------- Done invoking toplevel() on ptolemy.moml.MoMLSimpleApplication@e80f744
reloadAllAccessors: .ReadFile1

===========================================================================================
----------------- testing Tue Oct 27 15:57:18 UTC 2020 /home/travis/build/icyphy/ptII/ptolemy/actor/lib/test/auto/ReadFile2.xml
----------------- Instantiating /home/travis/build/icyphy/ptII/ptolemy/actor/lib/test/auto/ReadFile2.xml
1 ms. Memory: 441344K Free: 302713K (69%)
----------------- Invoking toplevel() on ptolemy.moml.MoMLSimpleApplication@3cc1f315
----------------- Done invoking toplevel() on ptolemy.moml.MoMLSimpleApplication@3cc1f315
reloadAllAccessors: .ReadFile2

===========================================================================================
----------------- testing Tue Oct 27 15:57:18 UTC 2020 /home/travis/build/icyphy/ptII/ptolemy/actor/lib/test/auto/Reader.xml
----------------- Instantiating /home/travis/build/icyphy/ptII/ptolemy/actor/lib/test/auto/Reader.xml
actor.lib.Reader is obsolete, use actor.lib.io.ExpressionReader instead
4 ms. Memory: 441344K Free: 298617K (68%)
----------------- Invoking toplevel() on ptolemy.moml.MoMLSimpleApplication@923ad51
----------------- Done invoking toplevel() on ptolemy.moml.MoMLSimpleApplication@923ad51
reloadAllAccessors: .Reader

===========================================================================================
----------------- testing Tue Oct 27 15:57:18 UTC 2020 /home/travis/build/icyphy/ptII/ptolemy/actor/lib/test/auto/RecordAssemblerDisplayNameTest.xml
----------------- Instantiating /home/travis/build/icyphy/ptII/ptolemy/actor/lib/test/auto/RecordAssemblerDisplayNameTest.xml
3554 ms. Memory: 441344K Free: 365687K (83%)
----------------- Invoking toplevel() on ptolemy.moml.MoMLSimpleApplication@15389dff
----------------- Done invoking toplevel() on ptolemy.moml.MoMLSimpleApplication@15389dff
reloadAllAccessors: .RecordAssemblerDisplayNameTest

===========================================================================================
----------------- testing Tue Oct 27 15:57:22 UTC 2020 /home/travis/build/icyphy/ptII/ptolemy/actor/lib/test/auto/RecordAssemblerTypeError.xml
----------------- Instantiating /home/travis/build/icyphy/ptII/ptolemy/actor/lib/test/auto/RecordAssemblerTypeError.xml
5 ms. Memory: 441344K Free: 355961K (81%)
----------------- Invoking toplevel() on ptolemy.moml.MoMLSimpleApplication@1bbd1e64
----------------- Done invoking toplevel() on ptolemy.moml.MoMLSimpleApplication@1bbd1e64
reloadAllAccessors: .RecordAssemblerTypeError

===========================================================================================
----------------- testing Tue Oct 27 15:57:22 UTC 2020 /home/travis/build/icyphy/ptII/ptolemy/actor/lib/test/auto/RecordDisassember.xml
----------------- Instantiating /home/travis/build/icyphy/ptII/ptolemy/actor/lib/test/auto/RecordDisassember.xml
3 ms. Memory: 441344K Free: 351345K (80%)
----------------- Invoking toplevel() on ptolemy.moml.MoMLSimpleApplication@169a6242
----------------- Done invoking toplevel() on ptolemy.moml.MoMLSimpleApplication@169a6242
reloadAllAccessors: .RecordDisassember

===========================================================================================
----------------- testing Tue Oct 27 15:57:22 UTC 2020 /home/travis/build/icyphy/ptII/ptolemy/actor/lib/test/auto/RecordDisassemberDisplayNameTest.xml
----------------- Instantiating /home/travis/build/icyphy/ptII/ptolemy/actor/lib/test/auto/RecordDisassemberDisplayNameTest.xml
5 ms. Memory: 441344K Free: 343159K (78%)
----------------- Invoking toplevel() on ptolemy.moml.MoMLSimpleApplication@1e8aba21
----------------- Done invoking toplevel() on ptolemy.moml.MoMLSimpleApplication@1e8aba21
reloadAllAccessors: .RecordDisassemberDisplayNameTest

===========================================================================================
----------------- testing Tue Oct 27 15:57:22 UTC 2020 /home/travis/build/icyphy/ptII/ptolemy/actor/lib/test/auto/RecordDisassembler.xml
----------------- Instantiating /home/travis/build/icyphy/ptII/ptolemy/actor/lib/test/auto/RecordDisassembler.xml
3 ms. Memory: 441344K Free: 338033K (77%)
----------------- Invoking toplevel() on ptolemy.moml.MoMLSimpleApplication@326287af
----------------- Done invoking toplevel() on ptolemy.moml.MoMLSimpleApplication@326287af
reloadAllAccessors: .RecordDisassembler

===========================================================================================
----------------- testing Tue Oct 27 15:57:22 UTC 2020 /home/travis/build/icyphy/ptII/ptolemy/actor/lib/test/auto/RecordDisassembler2.xml
----------------- Instantiating /home/travis/build/icyphy/ptII/ptolemy/actor/lib/test/auto/RecordDisassembler2.xml
2 ms. Memory: 441344K Free: 332889K (75%)
----------------- Invoking toplevel() on ptolemy.moml.MoMLSimpleApplication@4f9224f7
----------------- Done invoking toplevel() on ptolemy.moml.MoMLSimpleApplication@4f9224f7
reloadAllAccessors: .RecordDisassembler2

===========================================================================================
----------------- testing Tue Oct 27 15:57:22 UTC 2020 /home/travis/build/icyphy/ptII/ptolemy/actor/lib/test/auto/RecordUpdater.xml
----------------- Instantiating /home/travis/build/icyphy/ptII/ptolemy/actor/lib/test/auto/RecordUpdater.xml
2 ms. Memory: 441344K Free: 327799K (74%)
----------------- Invoking toplevel() on ptolemy.moml.MoMLSimpleApplication@326f0c67
----------------- Done invoking toplevel() on ptolemy.moml.MoMLSimpleApplication@326f0c67
reloadAllAccessors: .RecordUpdater

===========================================================================================
----------------- testing Tue Oct 27 15:57:22 UTC 2020 /home/travis/build/icyphy/ptII/ptolemy/actor/lib/test/auto/RecordUpdater2.xml
----------------- Instantiating /home/travis/build/icyphy/ptII/ptolemy/actor/lib/test/auto/RecordUpdater2.xml
2 ms. Memory: 441344K Free: 322679K (73%)
----------------- Invoking toplevel() on ptolemy.moml.MoMLSimpleApplication@13ad3ab2
----------------- Done invoking toplevel() on ptolemy.moml.MoMLSimpleApplication@13ad3ab2
reloadAllAccessors: .RecordUpdater2

===========================================================================================
----------------- testing Tue Oct 27 15:57:22 UTC 2020 /home/travis/build/icyphy/ptII/ptolemy/actor/lib/test/auto/RecursiveLattice.xml
----------------- Instantiating /home/travis/build/icyphy/ptII/ptolemy/actor/lib/test/auto/RecursiveLattice.xml
1 ms. Memory: 441344K Free: 318583K (72%)
----------------- Invoking toplevel() on ptolemy.moml.MoMLSimpleApplication@3ed3c93c
----------------- Done invoking toplevel() on ptolemy.moml.MoMLSimpleApplication@3ed3c93c
reloadAllAccessors: .RecursiveLattice

===========================================================================================
----------------- testing Tue Oct 27 15:57:22 UTC 2020 /home/travis/build/icyphy/ptII/ptolemy/actor/lib/test/auto/Router.xml
----------------- Instantiating /home/travis/build/icyphy/ptII/ptolemy/actor/lib/test/auto/Router.xml
3003 ms. Memory: 441344K Free: 307319K (70%)
----------------- Invoking toplevel() on ptolemy.moml.MoMLSimpleApplication@68d35b21
----------------- Done invoking toplevel() on ptolemy.moml.MoMLSimpleApplication@68d35b21
reloadAllAccessors: .Router

===========================================================================================
----------------- testing Tue Oct 27 15:57:25 UTC 2020 /home/travis/build/icyphy/ptII/ptolemy/actor/lib/test/auto/Router2.xml
----------------- Instantiating /home/travis/build/icyphy/ptII/ptolemy/actor/lib/test/auto/Router2.xml
3004 ms. Memory: 441344K Free: 297079K (67%)
----------------- Invoking toplevel() on ptolemy.moml.MoMLSimpleApplication@6162fd35
----------------- Done invoking toplevel() on ptolemy.moml.MoMLSimpleApplication@6162fd35
reloadAllAccessors: .Router2

===========================================================================================
----------------- testing Tue Oct 27 15:57:28 UTC 2020 /home/travis/build/icyphy/ptII/ptolemy/actor/lib/test/auto/RunningMaximum.xml
----------------- Instantiating /home/travis/build/icyphy/ptII/ptolemy/actor/lib/test/auto/RunningMaximum.xml
2 ms. Memory: 441344K Free: 292473K (66%)
----------------- Invoking toplevel() on ptolemy.moml.MoMLSimpleApplication@616f4fc6
----------------- Done invoking toplevel() on ptolemy.moml.MoMLSimpleApplication@616f4fc6
reloadAllAccessors: .RunningMaximum

===========================================================================================
----------------- testing Tue Oct 27 15:57:28 UTC 2020 /home/travis/build/icyphy/ptII/ptolemy/actor/lib/test/auto/RunningMinimum.xml
----------------- Instantiating /home/travis/build/icyphy/ptII/ptolemy/actor/lib/test/auto/RunningMinimum.xml
8 ms. Memory: 441344K Free: 287863K (65%)
----------------- Invoking toplevel() on ptolemy.moml.MoMLSimpleApplication@6d0a8678
----------------- Done invoking toplevel() on ptolemy.moml.MoMLSimpleApplication@6d0a8678
reloadAllAccessors: .RunningMinimum

===========================================================================================
----------------- testing Tue Oct 27 15:57:28 UTC 2020 /home/travis/build/icyphy/ptII/ptolemy/actor/lib/test/auto/Scale.xml
----------------- Instantiating /home/travis/build/icyphy/ptII/ptolemy/actor/lib/test/auto/Scale.xml
1 ms. Memory: 441344K Free: 283257K (64%)
----------------- Invoking toplevel() on ptolemy.moml.MoMLSimpleApplication@7d71b7d
----------------- Done invoking toplevel() on ptolemy.moml.MoMLSimpleApplication@7d71b7d
reloadAllAccessors: .Scale

===========================================================================================
----------------- testing Tue Oct 27 15:57:28 UTC 2020 /home/travis/build/icyphy/ptII/ptolemy/actor/lib/test/auto/Scale2.xml
----------------- Instantiating /home/travis/build/icyphy/ptII/ptolemy/actor/lib/test/auto/Scale2.xml
1 ms. Memory: 441344K Free: 278647K (63%)
----------------- Invoking toplevel() on ptolemy.moml.MoMLSimpleApplication@60169b84
----------------- Done invoking toplevel() on ptolemy.moml.MoMLSimpleApplication@60169b84
reloadAllAccessors: .Scale2

===========================================================================================
----------------- testing Tue Oct 27 15:57:28 UTC 2020 /home/travis/build/icyphy/ptII/ptolemy/actor/lib/test/auto/Scale3.xml
----------------- Instantiating /home/travis/build/icyphy/ptII/ptolemy/actor/lib/test/auto/Scale3.xml
2 ms. Memory: 441344K Free: 271993K (62%)
----------------- Invoking toplevel() on ptolemy.moml.MoMLSimpleApplication@67811ada
----------------- Done invoking toplevel() on ptolemy.moml.MoMLSimpleApplication@67811ada
reloadAllAccessors: .Scale3

===========================================================================================
----------------- testing Tue Oct 27 15:57:28 UTC 2020 /home/travis/build/icyphy/ptII/ptolemy/actor/lib/test/auto/ScaleArray.xml
----------------- Instantiating /home/travis/build/icyphy/ptII/ptolemy/actor/lib/test/auto/ScaleArray.xml
2 ms. Memory: 441344K Free: 267383K (61%)
----------------- Invoking toplevel() on ptolemy.moml.MoMLSimpleApplication@2c53ab55
----------------- Done invoking toplevel() on ptolemy.moml.MoMLSimpleApplication@2c53ab55
reloadAllAccessors: .ScaleArray

===========================================================================================
----------------- testing Tue Oct 27 15:57:28 UTC 2020 /home/travis/build/icyphy/ptII/ptolemy/actor/lib/test/auto/ScaleArray2.xml
----------------- Instantiating /home/travis/build/icyphy/ptII/ptolemy/actor/lib/test/auto/ScaleArray2.xml
2 ms. Memory: 441344K Free: 262777K (60%)
----------------- Invoking toplevel() on ptolemy.moml.MoMLSimpleApplication@70ef64d0
----------------- Done invoking toplevel() on ptolemy.moml.MoMLSimpleApplication@70ef64d0
reloadAllAccessors: .ScaleArray2

===========================================================================================
----------------- testing Tue Oct 27 15:57:28 UTC 2020 /home/travis/build/icyphy/ptII/ptolemy/actor/lib/test/auto/ScaleMatrix.xml
----------------- Instantiating /home/travis/build/icyphy/ptII/ptolemy/actor/lib/test/auto/ScaleMatrix.xml
105 ms. Memory: 441344K Free: 248951K (56%)
----------------- Invoking toplevel() on ptolemy.moml.MoMLSimpleApplication@7b9d03c1
----------------- Done invoking toplevel() on ptolemy.moml.MoMLSimpleApplication@7b9d03c1
reloadAllAccessors: .ScaleMatrix

===========================================================================================
----------------- testing Tue Oct 27 15:57:28 UTC 2020 /home/travis/build/icyphy/ptII/ptolemy/actor/lib/test/auto/Select.xml
----------------- Instantiating /home/travis/build/icyphy/ptII/ptolemy/actor/lib/test/auto/Select.xml
2 ms. Memory: 441344K Free: 242793K (55%)
----------------- Invoking toplevel() on ptolemy.moml.MoMLSimpleApplication@7fbe104c
----------------- Done invoking toplevel() on ptolemy.moml.MoMLSimpleApplication@7fbe104c
reloadAllAccessors: .Select

===========================================================================================
----------------- testing Tue Oct 27 15:57:28 UTC 2020 /home/travis/build/icyphy/ptII/ptolemy/actor/lib/test/auto/Select2.xml
----------------- Instantiating /home/travis/build/icyphy/ptII/ptolemy/actor/lib/test/auto/Select2.xml
1 ms. Memory: 441344K Free: 238201K (54%)
----------------- Invoking toplevel() on ptolemy.moml.MoMLSimpleApplication@afbc4c9
----------------- Done invoking toplevel() on ptolemy.moml.MoMLSimpleApplication@afbc4c9
reloadAllAccessors: .Select2

===========================================================================================
----------------- testing Tue Oct 27 15:57:28 UTC 2020 /home/travis/build/icyphy/ptII/ptolemy/actor/lib/test/auto/SequenceToArray2.xml
----------------- Instantiating /home/travis/build/icyphy/ptII/ptolemy/actor/lib/test/auto/SequenceToArray2.xml
103 ms. Memory: 441344K Free: 214121K (49%)
----------------- Invoking toplevel() on ptolemy.moml.MoMLSimpleApplication@723634c8
----------------- Done invoking toplevel() on ptolemy.moml.MoMLSimpleApplication@723634c8
reloadAllAccessors: .SequenceToArray2

===========================================================================================
----------------- testing Tue Oct 27 15:57:28 UTC 2020 /home/travis/build/icyphy/ptII/ptolemy/actor/lib/test/auto/SequentialClock.xml
----------------- Instantiating /home/travis/build/icyphy/ptII/ptolemy/actor/lib/test/auto/SequentialClock.xml
2 ms. Memory: 441344K Free: 210039K (48%)
----------------- Invoking toplevel() on ptolemy.moml.MoMLSimpleApplication@20720fab
----------------- Done invoking toplevel() on ptolemy.moml.MoMLSimpleApplication@20720fab
reloadAllAccessors: .SequentialClock

===========================================================================================
----------------- testing Tue Oct 27 15:57:28 UTC 2020 /home/travis/build/icyphy/ptII/ptolemy/actor/lib/test/auto/SetVariable.xml
----------------- Instantiating /home/travis/build/icyphy/ptII/ptolemy/actor/lib/test/auto/SetVariable.xml
3 ms. Memory: 441344K Free: 205433K (47%)
----------------- Invoking toplevel() on ptolemy.moml.MoMLSimpleApplication@3ecb0129
----------------- Done invoking toplevel() on ptolemy.moml.MoMLSimpleApplication@3ecb0129
reloadAllAccessors: .SetVariable

===========================================================================================
----------------- testing Tue Oct 27 15:57:28 UTC 2020 /home/travis/build/icyphy/ptII/ptolemy/actor/lib/test/auto/SetVariable2.xml
----------------- Instantiating /home/travis/build/icyphy/ptII/ptolemy/actor/lib/test/auto/SetVariable2.xml
7 ms. Memory: 441344K Free: 200313K (45%)
----------------- Invoking toplevel() on ptolemy.moml.MoMLSimpleApplication@6238d3c8
----------------- Done invoking toplevel() on ptolemy.moml.MoMLSimpleApplication@6238d3c8
reloadAllAccessors: .SetVariable2

===========================================================================================
----------------- testing Tue Oct 27 15:57:28 UTC 2020 /home/travis/build/icyphy/ptII/ptolemy/actor/lib/test/auto/SetVariable3.xml
----------------- Instantiating /home/travis/build/icyphy/ptII/ptolemy/actor/lib/test/auto/SetVariable3.xml
6 ms. Memory: 441344K Free: 195193K (44%)
----------------- Invoking toplevel() on ptolemy.moml.MoMLSimpleApplication@69b122bb
----------------- Done invoking toplevel() on ptolemy.moml.MoMLSimpleApplication@69b122bb
reloadAllAccessors: .SetVariable3

===========================================================================================
----------------- testing Tue Oct 27 15:57:28 UTC 2020 /home/travis/build/icyphy/ptII/ptolemy/actor/lib/test/auto/SetVariable4.xml
----------------- Instantiating /home/travis/build/icyphy/ptII/ptolemy/actor/lib/test/auto/SetVariable4.xml
18 ms. Memory: 441344K Free: 185977K (42%)
----------------- Invoking toplevel() on ptolemy.moml.MoMLSimpleApplication@689f8d67
----------------- Done invoking toplevel() on ptolemy.moml.MoMLSimpleApplication@689f8d67
reloadAllAccessors: .SetVariable4

===========================================================================================
----------------- testing Tue Oct 27 15:57:28 UTC 2020 /home/travis/build/icyphy/ptII/ptolemy/actor/lib/test/auto/SetVariable5.xml
----------------- Instantiating /home/travis/build/icyphy/ptII/ptolemy/actor/lib/test/auto/SetVariable5.xml
23 ms. Memory: 441344K Free: 176761K (40%)
----------------- Invoking toplevel() on ptolemy.moml.MoMLSimpleApplication@18fd91e0
----------------- Done invoking toplevel() on ptolemy.moml.MoMLSimpleApplication@18fd91e0
reloadAllAccessors: .SetVariable5

===========================================================================================
----------------- testing Tue Oct 27 15:57:28 UTC 2020 /home/travis/build/icyphy/ptII/ptolemy/actor/lib/test/auto/Sinewave.xml
----------------- Instantiating /home/travis/build/icyphy/ptII/ptolemy/actor/lib/test/auto/Sinewave.xml
11 ms. Memory: 441344K Free: 166521K (38%)
----------------- Invoking toplevel() on ptolemy.moml.MoMLSimpleApplication@1b80b498
----------------- Done invoking toplevel() on ptolemy.moml.MoMLSimpleApplication@1b80b498
reloadAllAccessors: .Sinewave

===========================================================================================
----------------- testing Tue Oct 27 15:57:28 UTC 2020 /home/travis/build/icyphy/ptII/ptolemy/actor/lib/test/auto/Sinewave2.xml
----------------- Instantiating /home/travis/build/icyphy/ptII/ptolemy/actor/lib/test/auto/Sinewave2.xml
6 ms. Memory: 441344K Free: 158329K (36%)
----------------- Invoking toplevel() on ptolemy.moml.MoMLSimpleApplication@62470ffd
----------------- Done invoking toplevel() on ptolemy.moml.MoMLSimpleApplication@62470ffd
reloadAllAccessors: .Sinewave2

===========================================================================================
----------------- testing Tue Oct 27 15:57:28 UTC 2020 /home/travis/build/icyphy/ptII/ptolemy/actor/lib/test/auto/Sinewave3.xml
----------------- Instantiating /home/travis/build/icyphy/ptII/ptolemy/actor/lib/test/auto/Sinewave3.xml
12 ms. Memory: 441344K Free: 150137K (34%)
----------------- Invoking toplevel() on ptolemy.moml.MoMLSimpleApplication@4e5e60d3
----------------- Done invoking toplevel() on ptolemy.moml.MoMLSimpleApplication@4e5e60d3
reloadAllAccessors: .Sinewave3

===========================================================================================
----------------- testing Tue Oct 27 15:57:28 UTC 2020 /home/travis/build/icyphy/ptII/ptolemy/actor/lib/test/auto/SingleEvent.xml
----------------- Instantiating /home/travis/build/icyphy/ptII/ptolemy/actor/lib/test/auto/SingleEvent.xml
1 ms. Memory: 441344K Free: 146551K (33%)
----------------- Invoking toplevel() on ptolemy.moml.MoMLSimpleApplication@128744d1
----------------- Done invoking toplevel() on ptolemy.moml.MoMLSimpleApplication@128744d1
reloadAllAccessors: .SingleEvent

===========================================================================================
----------------- testing Tue Oct 27 15:57:28 UTC 2020 /home/travis/build/icyphy/ptII/ptolemy/actor/lib/test/auto/Sleep.xml
----------------- Instantiating /home/travis/build/icyphy/ptII/ptolemy/actor/lib/test/auto/Sleep.xml
6003 ms. Memory: 441344K Free: 141417K (32%)
----------------- Invoking toplevel() on ptolemy.moml.MoMLSimpleApplication@2e09d15a
----------------- Done invoking toplevel() on ptolemy.moml.MoMLSimpleApplication@2e09d15a
reloadAllAccessors: .Sleep

===========================================================================================
----------------- testing Tue Oct 27 15:57:34 UTC 2020 /home/travis/build/icyphy/ptII/ptolemy/actor/lib/test/auto/SleepMultipleFire.xml
----------------- Instantiating /home/travis/build/icyphy/ptII/ptolemy/actor/lib/test/auto/SleepMultipleFire.xml
1005 ms. Memory: 441344K Free: 135287K (31%)
----------------- Invoking toplevel() on ptolemy.moml.MoMLSimpleApplication@34fbb301
----------------- Done invoking toplevel() on ptolemy.moml.MoMLSimpleApplication@34fbb301
reloadAllAccessors: .SleepMultipleFire

===========================================================================================
----------------- testing Tue Oct 27 15:57:35 UTC 2020 /home/travis/build/icyphy/ptII/ptolemy/actor/lib/test/auto/StopDE.xml
----------------- Instantiating /home/travis/build/icyphy/ptII/ptolemy/actor/lib/test/auto/StopDE.xml
12 ms. Memory: 441344K Free: 391272K (89%)
----------------- Invoking toplevel() on ptolemy.moml.MoMLSimpleApplication@1037337a
----------------- Done invoking toplevel() on ptolemy.moml.MoMLSimpleApplication@1037337a
reloadAllAccessors: .StopDE

===========================================================================================
----------------- testing Tue Oct 27 15:57:35 UTC 2020 /home/travis/build/icyphy/ptII/ptolemy/actor/lib/test/auto/StopSDF.xml
----------------- Instantiating /home/travis/build/icyphy/ptII/ptolemy/actor/lib/test/auto/StopSDF.xml
6 ms. Memory: 441344K Free: 385391K (87%)
----------------- Invoking toplevel() on ptolemy.moml.MoMLSimpleApplication@1f17357e
----------------- Done invoking toplevel() on ptolemy.moml.MoMLSimpleApplication@1f17357e
reloadAllAccessors: .StopSDF

===========================================================================================
----------------- testing Tue Oct 27 15:57:36 UTC 2020 /home/travis/build/icyphy/ptII/ptolemy/actor/lib/test/auto/StringConstant.xml
----------------- Instantiating /home/travis/build/icyphy/ptII/ptolemy/actor/lib/test/auto/StringConstant.xml
12 ms. Memory: 441344K Free: 381293K (86%)
----------------- Invoking toplevel() on ptolemy.moml.MoMLSimpleApplication@3ff0840
----------------- Done invoking toplevel() on ptolemy.moml.MoMLSimpleApplication@3ff0840
reloadAllAccessors: .StringConstant

===========================================================================================
----------------- testing Tue Oct 27 15:57:36 UTC 2020 /home/travis/build/icyphy/ptII/ptolemy/actor/lib/test/auto/SubscriberPortInitialValues1.xml
----------------- Instantiating /home/travis/build/icyphy/ptII/ptolemy/actor/lib/test/auto/SubscriberPortInitialValues1.xml
6 ms. Memory: 441344K Free: 372589K (84%)
----------------- Invoking toplevel() on ptolemy.moml.MoMLSimpleApplication@4dba3b49
----------------- Done invoking toplevel() on ptolemy.moml.MoMLSimpleApplication@4dba3b49
reloadAllAccessors: .SubscriberPortInitialValues1

===========================================================================================
----------------- testing Tue Oct 27 15:57:36 UTC 2020 /home/travis/build/icyphy/ptII/ptolemy/actor/lib/test/auto/SubscriberPortInitialValues13.xml
----------------- Instantiating /home/travis/build/icyphy/ptII/ptolemy/actor/lib/test/auto/SubscriberPortInitialValues13.xml
6 ms. Memory: 441344K Free: 359277K (81%)
----------------- Invoking toplevel() on ptolemy.moml.MoMLSimpleApplication@526976cf
----------------- Done invoking toplevel() on ptolemy.moml.MoMLSimpleApplication@526976cf
reloadAllAccessors: .SubscriberPortInitialValues13

===========================================================================================
----------------- testing Tue Oct 27 15:57:36 UTC 2020 /home/travis/build/icyphy/ptII/ptolemy/actor/lib/test/auto/SubscriberPortInitialValues14.xml
----------------- Instantiating /home/travis/build/icyphy/ptII/ptolemy/actor/lib/test/auto/SubscriberPortInitialValues14.xml
4 ms. Memory: 441344K Free: 351599K (80%)
----------------- Invoking toplevel() on ptolemy.moml.MoMLSimpleApplication@7da96820
----------------- Done invoking toplevel() on ptolemy.moml.MoMLSimpleApplication@7da96820
reloadAllAccessors: .SubscriberPortInitialValues14

===========================================================================================
----------------- testing Tue Oct 27 15:57:36 UTC 2020 /home/travis/build/icyphy/ptII/ptolemy/actor/lib/test/auto/SubscriberPortInitialValues2.xml
----------------- Instantiating /home/travis/build/icyphy/ptII/ptolemy/actor/lib/test/auto/SubscriberPortInitialValues2.xml
3 ms. Memory: 441344K Free: 343917K (78%)
----------------- Invoking toplevel() on ptolemy.moml.MoMLSimpleApplication@4992e6cb
----------------- Done invoking toplevel() on ptolemy.moml.MoMLSimpleApplication@4992e6cb
reloadAllAccessors: .SubscriberPortInitialValues2

===========================================================================================
----------------- testing Tue Oct 27 15:57:36 UTC 2020 /home/travis/build/icyphy/ptII/ptolemy/actor/lib/test/auto/SubscriberPortInitialValues3.xml
----------------- Instantiating /home/travis/build/icyphy/ptII/ptolemy/actor/lib/test/auto/SubscriberPortInitialValues3.xml
4 ms. Memory: 441344K Free: 333167K (75%)
----------------- Invoking toplevel() on ptolemy.moml.MoMLSimpleApplication@140c83d4
----------------- Done invoking toplevel() on ptolemy.moml.MoMLSimpleApplication@140c83d4
reloadAllAccessors: .SubscriberPortInitialValues3

===========================================================================================
----------------- testing Tue Oct 27 15:57:36 UTC 2020 /home/travis/build/icyphy/ptII/ptolemy/actor/lib/test/auto/SubscriptionAggregator.xml
----------------- Instantiating /home/travis/build/icyphy/ptII/ptolemy/actor/lib/test/auto/SubscriptionAggregator.xml
2 ms. Memory: 441344K Free: 326495K (74%)
----------------- Invoking toplevel() on ptolemy.moml.MoMLSimpleApplication@4f008757
----------------- Done invoking toplevel() on ptolemy.moml.MoMLSimpleApplication@4f008757
reloadAllAccessors: .SubscriptionAggregator

===========================================================================================
----------------- testing Tue Oct 27 15:57:36 UTC 2020 /home/travis/build/icyphy/ptII/ptolemy/actor/lib/test/auto/SubscriptionAggregator2.xml
----------------- Instantiating /home/travis/build/icyphy/ptII/ptolemy/actor/lib/test/auto/SubscriptionAggregator2.xml
3 ms. Memory: 441344K Free: 319335K (72%)
----------------- Invoking toplevel() on ptolemy.moml.MoMLSimpleApplication@5be975a6
----------------- Done invoking toplevel() on ptolemy.moml.MoMLSimpleApplication@5be975a6
reloadAllAccessors: .SubscriptionAggregator2

===========================================================================================
----------------- testing Tue Oct 27 15:57:36 UTC 2020 /home/travis/build/icyphy/ptII/ptolemy/actor/lib/test/auto/SubscriptionAggregator3.xml
----------------- Instantiating /home/travis/build/icyphy/ptII/ptolemy/actor/lib/test/auto/SubscriptionAggregator3.xml
3 ms. Memory: 441344K Free: 310639K (70%)
----------------- Invoking toplevel() on ptolemy.moml.MoMLSimpleApplication@1718210c
----------------- Done invoking toplevel() on ptolemy.moml.MoMLSimpleApplication@1718210c
reloadAllAccessors: .SubscriptionAggregator3

===========================================================================================
----------------- testing Tue Oct 27 15:57:36 UTC 2020 /home/travis/build/icyphy/ptII/ptolemy/actor/lib/test/auto/SubscriptionAggregatorMultiply.xml
----------------- Instantiating /home/travis/build/icyphy/ptII/ptolemy/actor/lib/test/auto/SubscriptionAggregatorMultiply.xml
4 ms. Memory: 441344K Free: 301927K (68%)
----------------- Invoking toplevel() on ptolemy.moml.MoMLSimpleApplication@52f3998
----------------- Done invoking toplevel() on ptolemy.moml.MoMLSimpleApplication@52f3998
reloadAllAccessors: .SubscriptionAggregatorMultiply

===========================================================================================
----------------- testing Tue Oct 27 15:57:36 UTC 2020 /home/travis/build/icyphy/ptII/ptolemy/actor/lib/test/auto/SubscriptionAggregatorPortMultiply1.xml
----------------- Instantiating /home/travis/build/icyphy/ptII/ptolemy/actor/lib/test/auto/SubscriptionAggregatorPortMultiply1.xml
3 ms. Memory: 441344K Free: 293741K (67%)
----------------- Invoking toplevel() on ptolemy.moml.MoMLSimpleApplication@4cf0005c
----------------- Done invoking toplevel() on ptolemy.moml.MoMLSimpleApplication@4cf0005c
reloadAllAccessors: .SubscriptionAggregatorPortMultiply1

===========================================================================================
----------------- testing Tue Oct 27 15:57:36 UTC 2020 /home/travis/build/icyphy/ptII/ptolemy/actor/lib/test/auto/Switch.xml
----------------- Instantiating /home/travis/build/icyphy/ptII/ptolemy/actor/lib/test/auto/Switch.xml
7 ms. Memory: 441344K Free: 284525K (64%)
----------------- Invoking toplevel() on ptolemy.moml.MoMLSimpleApplication@4f9442b0
----------------- Done invoking toplevel() on ptolemy.moml.MoMLSimpleApplication@4f9442b0
reloadAllAccessors: .Switch

===========================================================================================
----------------- testing Tue Oct 27 15:57:36 UTC 2020 /home/travis/build/icyphy/ptII/ptolemy/actor/lib/test/auto/Switch2.xml
----------------- Instantiating /home/travis/build/icyphy/ptII/ptolemy/actor/lib/test/auto/Switch2.xml
1 ms. Memory: 441344K Free: 279919K (63%)
----------------- Invoking toplevel() on ptolemy.moml.MoMLSimpleApplication@59bbfe49
----------------- Done invoking toplevel() on ptolemy.moml.MoMLSimpleApplication@59bbfe49
reloadAllAccessors: .Switch2

===========================================================================================
----------------- testing Tue Oct 27 15:57:36 UTC 2020 /home/travis/build/icyphy/ptII/ptolemy/actor/lib/test/auto/SwitchDE.xml
----------------- Instantiating /home/travis/build/icyphy/ptII/ptolemy/actor/lib/test/auto/SwitchDE.xml
3 ms. Memory: 441344K Free: 273775K (62%)
----------------- Invoking toplevel() on ptolemy.moml.MoMLSimpleApplication@7ef7ec21
----------------- Done invoking toplevel() on ptolemy.moml.MoMLSimpleApplication@7ef7ec21
reloadAllAccessors: .SwitchDE

===========================================================================================
----------------- testing Tue Oct 27 15:57:36 UTC 2020 /home/travis/build/icyphy/ptII/ptolemy/actor/lib/test/auto/SynchronizerDE.xml
----------------- Instantiating /home/travis/build/icyphy/ptII/ptolemy/actor/lib/test/auto/SynchronizerDE.xml
8 ms. Memory: 441344K Free: 265583K (60%)
----------------- Invoking toplevel() on ptolemy.moml.MoMLSimpleApplication@27e1ba15
----------------- Done invoking toplevel() on ptolemy.moml.MoMLSimpleApplication@27e1ba15
reloadAllAccessors: .SynchronizerDE

===========================================================================================
----------------- testing Tue Oct 27 15:57:36 UTC 2020 /home/travis/build/icyphy/ptII/ptolemy/actor/lib/test/auto/Test.xml
----------------- Instantiating /home/travis/build/icyphy/ptII/ptolemy/actor/lib/test/auto/Test.xml
2 ms. Memory: 441344K Free: 260463K (59%)
----------------- Invoking toplevel() on ptolemy.moml.MoMLSimpleApplication@75e631d9
----------------- Done invoking toplevel() on ptolemy.moml.MoMLSimpleApplication@75e631d9
reloadAllAccessors: .Test

===========================================================================================
----------------- testing Tue Oct 27 15:57:36 UTC 2020 /home/travis/build/icyphy/ptII/ptolemy/actor/lib/test/auto/TestExceptionAttribute1.xml
----------------- Instantiating /home/travis/build/icyphy/ptII/ptolemy/actor/lib/test/auto/TestExceptionAttribute1.xml
1 ms. Memory: 441344K Free: 256877K (58%)
----------------- Invoking toplevel() on ptolemy.moml.MoMLSimpleApplication@46c52c20
----------------- Done invoking toplevel() on ptolemy.moml.MoMLSimpleApplication@46c52c20
reloadAllAccessors: .TestExceptionAttribute1

===========================================================================================
----------------- testing Tue Oct 27 15:57:36 UTC 2020 /home/travis/build/icyphy/ptII/ptolemy/actor/lib/test/auto/TestExceptionAttribute2.xml
----------------- Instantiating /home/travis/build/icyphy/ptII/ptolemy/actor/lib/test/auto/TestExceptionAttribute2.xml
2 ms. Memory: 441344K Free: 253295K (57%)
----------------- Invoking toplevel() on ptolemy.moml.MoMLSimpleApplication@3359f2fa
----------------- Done invoking toplevel() on ptolemy.moml.MoMLSimpleApplication@3359f2fa
reloadAllAccessors: .TestExceptionAttribute2

===========================================================================================
----------------- testing Tue Oct 27 15:57:36 UTC 2020 /home/travis/build/icyphy/ptII/ptolemy/actor/lib/test/auto/TestExceptionAttribute3.xml
----------------- Instantiating /home/travis/build/icyphy/ptII/ptolemy/actor/lib/test/auto/TestExceptionAttribute3.xml
.TestExceptionAttribute3.TestExceptionAttribute: initialize() was not invoked, but wrapup() was.  This is unusual, but not always a problem.  For example, exporting JNLP will do this.
1 ms. Memory: 441344K Free: 249709K (57%)
----------------- Invoking toplevel() on ptolemy.moml.MoMLSimpleApplication@13e8172e
----------------- Done invoking toplevel() on ptolemy.moml.MoMLSimpleApplication@13e8172e
reloadAllAccessors: .TestExceptionAttribute3

===========================================================================================
----------------- testing Tue Oct 27 15:57:36 UTC 2020 /home/travis/build/icyphy/ptII/ptolemy/actor/lib/test/auto/TestExceptionAttribute4.xml
----------------- Instantiating /home/travis/build/icyphy/ptII/ptolemy/actor/lib/test/auto/TestExceptionAttribute4.xml
.TestExceptionAttribute4.TestExceptionAttribute: initialize() was not invoked, but wrapup() was.  This is unusual, but not always a problem.  For example, exporting JNLP will do this.
.TestExceptionAttribute4.TestExceptionAttribute2: initialize() was not invoked, but wrapup() was.  This is unusual, but not always a problem.  For example, exporting JNLP will do this.
1 ms. Memory: 441344K Free: 245613K (56%)
----------------- Invoking toplevel() on ptolemy.moml.MoMLSimpleApplication@611db440
----------------- Done invoking toplevel() on ptolemy.moml.MoMLSimpleApplication@611db440
reloadAllAccessors: .TestExceptionAttribute4

===========================================================================================
----------------- testing Tue Oct 27 15:57:36 UTC 2020 /home/travis/build/icyphy/ptII/ptolemy/actor/lib/test/auto/TestExceptionHandler1.xml
----------------- Instantiating /home/travis/build/icyphy/ptII/ptolemy/actor/lib/test/auto/TestExceptionHandler1.xml
1 ms. Memory: 441344K Free: 242031K (55%)
----------------- Invoking toplevel() on ptolemy.moml.MoMLSimpleApplication@3abeba47
----------------- Done invoking toplevel() on ptolemy.moml.MoMLSimpleApplication@3abeba47
reloadAllAccessors: .TestExceptionHandler1

===========================================================================================
----------------- testing Tue Oct 27 15:57:36 UTC 2020 /home/travis/build/icyphy/ptII/ptolemy/actor/lib/test/auto/TestExceptionHandler2.xml
----------------- Instantiating /home/travis/build/icyphy/ptII/ptolemy/actor/lib/test/auto/TestExceptionHandler2.xml
2 ms. Memory: 441344K Free: 238445K (54%)
----------------- Invoking toplevel() on ptolemy.moml.MoMLSimpleApplication@6d53cd78
----------------- Done invoking toplevel() on ptolemy.moml.MoMLSimpleApplication@6d53cd78
reloadAllAccessors: .TestExceptionHandler2

===========================================================================================
----------------- testing Tue Oct 27 15:57:36 UTC 2020 /home/travis/build/icyphy/ptII/ptolemy/actor/lib/test/auto/TestExceptionHandler3.xml
----------------- Instantiating /home/travis/build/icyphy/ptII/ptolemy/actor/lib/test/auto/TestExceptionHandler3.xml
1 ms. Memory: 441344K Free: 234863K (53%)
----------------- Invoking toplevel() on ptolemy.moml.MoMLSimpleApplication@42258951
----------------- Done invoking toplevel() on ptolemy.moml.MoMLSimpleApplication@42258951
reloadAllAccessors: .TestExceptionHandler3

===========================================================================================
----------------- testing Tue Oct 27 15:57:36 UTC 2020 /home/travis/build/icyphy/ptII/ptolemy/actor/lib/test/auto/TestExceptionHandler4.xml
----------------- Instantiating /home/travis/build/icyphy/ptII/ptolemy/actor/lib/test/auto/TestExceptionHandler4.xml
1 ms. Memory: 441344K Free: 230767K (52%)
----------------- Invoking toplevel() on ptolemy.moml.MoMLSimpleApplication@2e34034b
----------------- Done invoking toplevel() on ptolemy.moml.MoMLSimpleApplication@2e34034b
reloadAllAccessors: .TestExceptionHandler4

===========================================================================================
----------------- testing Tue Oct 27 15:57:36 UTC 2020 /home/travis/build/icyphy/ptII/ptolemy/actor/lib/test/auto/TestRequireCorrectOrder.xml
----------------- Instantiating /home/travis/build/icyphy/ptII/ptolemy/actor/lib/test/auto/TestRequireCorrectOrder.xml
9 ms. Memory: 441344K Free: 225647K (51%)
----------------- Invoking toplevel() on ptolemy.moml.MoMLSimpleApplication@89706e5
----------------- Done invoking toplevel() on ptolemy.moml.MoMLSimpleApplication@89706e5
reloadAllAccessors: .TestRequireCorrectOrder

===========================================================================================
----------------- testing Tue Oct 27 15:57:36 UTC 2020 /home/travis/build/icyphy/ptII/ptolemy/actor/lib/test/auto/TestSimple.xml
----------------- Instantiating /home/travis/build/icyphy/ptII/ptolemy/actor/lib/test/auto/TestSimple.xml
2 ms. Memory: 441344K Free: 220527K (50%)
----------------- Invoking toplevel() on ptolemy.moml.MoMLSimpleApplication@4ad50de2
----------------- Done invoking toplevel() on ptolemy.moml.MoMLSimpleApplication@4ad50de2
reloadAllAccessors: .TestSimple

===========================================================================================
----------------- testing Tue Oct 27 15:57:36 UTC 2020 /home/travis/build/icyphy/ptII/ptolemy/actor/lib/test/auto/ThrowModelError.xml
----------------- Instantiating /home/travis/build/icyphy/ptII/ptolemy/actor/lib/test/auto/ThrowModelError.xml
2 ms. Memory: 441344K Free: 215917K (49%)
----------------- Invoking toplevel() on ptolemy.moml.MoMLSimpleApplication@50e3e372
----------------- Done invoking toplevel() on ptolemy.moml.MoMLSimpleApplication@50e3e372
reloadAllAccessors: .ThrowModelError

===========================================================================================
----------------- testing Tue Oct 27 15:57:36 UTC 2020 /home/travis/build/icyphy/ptII/ptolemy/actor/lib/test/auto/TimeDelayMicrosteps.xml
----------------- Instantiating /home/travis/build/icyphy/ptII/ptolemy/actor/lib/test/auto/TimeDelayMicrosteps.xml
4 ms. Memory: 441344K Free: 209263K (47%)
----------------- Invoking toplevel() on ptolemy.moml.MoMLSimpleApplication@56871cad
----------------- Done invoking toplevel() on ptolemy.moml.MoMLSimpleApplication@56871cad
reloadAllAccessors: .TimeDelayMicrosteps

===========================================================================================
----------------- testing Tue Oct 27 15:57:36 UTC 2020 /home/travis/build/icyphy/ptII/ptolemy/actor/lib/test/auto/TimeDelayMicrosteps2.xml
----------------- Instantiating /home/travis/build/icyphy/ptII/ptolemy/actor/lib/test/auto/TimeDelayMicrosteps2.xml
4 ms. Memory: 441344K Free: 202095K (46%)
----------------- Invoking toplevel() on ptolemy.moml.MoMLSimpleApplication@2ae84a94
----------------- Done invoking toplevel() on ptolemy.moml.MoMLSimpleApplication@2ae84a94
reloadAllAccessors: .TimeDelayMicrosteps2

===========================================================================================
----------------- testing Tue Oct 27 15:57:36 UTC 2020 /home/travis/build/icyphy/ptII/ptolemy/actor/lib/test/auto/TimeDelayMicrosteps3.xml
----------------- Instantiating /home/travis/build/icyphy/ptII/ptolemy/actor/lib/test/auto/TimeDelayMicrosteps3.xml
3 ms. Memory: 441344K Free: 195407K (44%)
----------------- Invoking toplevel() on ptolemy.moml.MoMLSimpleApplication@42c9e437
----------------- Done invoking toplevel() on ptolemy.moml.MoMLSimpleApplication@42c9e437
reloadAllAccessors: .TimeDelayMicrosteps3

===========================================================================================
----------------- testing Tue Oct 27 15:57:36 UTC 2020 /home/travis/build/icyphy/ptII/ptolemy/actor/lib/test/auto/TimeDelayVariableMicrosteps.xml
----------------- Instantiating /home/travis/build/icyphy/ptII/ptolemy/actor/lib/test/auto/TimeDelayVariableMicrosteps.xml
3 ms. Memory: 441344K Free: 188783K (43%)
----------------- Invoking toplevel() on ptolemy.moml.MoMLSimpleApplication@7b44f250
----------------- Done invoking toplevel() on ptolemy.moml.MoMLSimpleApplication@7b44f250
reloadAllAccessors: .TimeDelayVariableMicrosteps

===========================================================================================
----------------- testing Tue Oct 27 15:57:36 UTC 2020 /home/travis/build/icyphy/ptII/ptolemy/actor/lib/test/auto/TimeGap.xml
----------------- Instantiating /home/travis/build/icyphy/ptII/ptolemy/actor/lib/test/auto/TimeGap.xml
4 ms. Memory: 441344K Free: 183663K (42%)
----------------- Invoking toplevel() on ptolemy.moml.MoMLSimpleApplication@42fa3ed3
----------------- Done invoking toplevel() on ptolemy.moml.MoMLSimpleApplication@42fa3ed3
reloadAllAccessors: .TimeGap

===========================================================================================
----------------- testing Tue Oct 27 15:57:36 UTC 2020 /home/travis/build/icyphy/ptII/ptolemy/actor/lib/test/auto/TimeGap2.xml
----------------- Instantiating /home/travis/build/icyphy/ptII/ptolemy/actor/lib/test/auto/TimeGap2.xml
2 ms. Memory: 441344K Free: 177999K (40%)
----------------- Invoking toplevel() on ptolemy.moml.MoMLSimpleApplication@1f87e8a3
----------------- Done invoking toplevel() on ptolemy.moml.MoMLSimpleApplication@1f87e8a3
reloadAllAccessors: .TimeGap2

===========================================================================================
----------------- testing Tue Oct 27 15:57:36 UTC 2020 /home/travis/build/icyphy/ptII/ptolemy/actor/lib/test/auto/TimedSinewave.xml
----------------- Instantiating /home/travis/build/icyphy/ptII/ptolemy/actor/lib/test/auto/TimedSinewave.xml
26 ms. Memory: 441344K Free: 163693K (37%)
----------------- Invoking toplevel() on ptolemy.moml.MoMLSimpleApplication@758e7b41
----------------- Done invoking toplevel() on ptolemy.moml.MoMLSimpleApplication@758e7b41
reloadAllAccessors: .TimedSinewave

===========================================================================================
----------------- testing Tue Oct 27 15:57:36 UTC 2020 /home/travis/build/icyphy/ptII/ptolemy/actor/lib/test/auto/TimedSinewavePhase.xml
----------------- Instantiating /home/travis/build/icyphy/ptII/ptolemy/actor/lib/test/auto/TimedSinewavePhase.xml
10 ms. Memory: 441344K Free: 153967K (35%)
----------------- Invoking toplevel() on ptolemy.moml.MoMLSimpleApplication@506fb16b
----------------- Done invoking toplevel() on ptolemy.moml.MoMLSimpleApplication@506fb16b
reloadAllAccessors: .TimedSinewavePhase

===========================================================================================
----------------- testing Tue Oct 27 15:57:36 UTC 2020 /home/travis/build/icyphy/ptII/ptolemy/actor/lib/test/auto/Timer.xml
----------------- Instantiating /home/travis/build/icyphy/ptII/ptolemy/actor/lib/test/auto/Timer.xml
2 ms. Memory: 441344K Free: 147823K (33%)
----------------- Invoking toplevel() on ptolemy.moml.MoMLSimpleApplication@18d72d67
----------------- Done invoking toplevel() on ptolemy.moml.MoMLSimpleApplication@18d72d67
reloadAllAccessors: .Timer

===========================================================================================
----------------- testing Tue Oct 27 15:57:36 UTC 2020 /home/travis/build/icyphy/ptII/ptolemy/actor/lib/test/auto/TriangularDistTestModel.xml
----------------- Instantiating /home/travis/build/icyphy/ptII/ptolemy/actor/lib/test/auto/TriangularDistTestModel.xml
2 ms. Memory: 441344K Free: 142159K (32%)
----------------- Invoking toplevel() on ptolemy.moml.MoMLSimpleApplication@5b3033f8
----------------- Done invoking toplevel() on ptolemy.moml.MoMLSimpleApplication@5b3033f8
reloadAllAccessors: .TriangularDistTestModel

===========================================================================================
----------------- testing Tue Oct 27 15:57:36 UTC 2020 /home/travis/build/icyphy/ptII/ptolemy/actor/lib/test/auto/TrigFunction.xml
----------------- Instantiating /home/travis/build/icyphy/ptII/ptolemy/actor/lib/test/auto/TrigFunction.xml
1 ms. Memory: 441344K Free: 137583K (31%)
----------------- Invoking toplevel() on ptolemy.moml.MoMLSimpleApplication@23af24a7
----------------- Done invoking toplevel() on ptolemy.moml.MoMLSimpleApplication@23af24a7
reloadAllAccessors: .TrigFunction

===========================================================================================
----------------- testing Tue Oct 27 15:57:36 UTC 2020 /home/travis/build/icyphy/ptII/ptolemy/actor/lib/test/auto/TrigFunctionDE.xml
----------------- Instantiating /home/travis/build/icyphy/ptII/ptolemy/actor/lib/test/auto/TrigFunctionDE.xml
2 ms. Memory: 441344K Free: 131949K (30%)
----------------- Invoking toplevel() on ptolemy.moml.MoMLSimpleApplication@3422dd9b
----------------- Done invoking toplevel() on ptolemy.moml.MoMLSimpleApplication@3422dd9b
reloadAllAccessors: .TrigFunctionDE

===========================================================================================
----------------- testing Tue Oct 27 15:57:36 UTC 2020 /home/travis/build/icyphy/ptII/ptolemy/actor/lib/test/auto/TrigFunctionInverse.xml
----------------- Instantiating /home/travis/build/icyphy/ptII/ptolemy/actor/lib/test/auto/TrigFunctionInverse.xml
2 ms. Memory: 441344K Free: 388225K (88%)
----------------- Invoking toplevel() on ptolemy.moml.MoMLSimpleApplication@75dd4aa1
----------------- Done invoking toplevel() on ptolemy.moml.MoMLSimpleApplication@75dd4aa1
reloadAllAccessors: .TrigFunctionInverse

===========================================================================================
----------------- testing Tue Oct 27 15:57:36 UTC 2020 /home/travis/build/icyphy/ptII/ptolemy/actor/lib/test/auto/TrigFunctionTan.xml
----------------- Instantiating /home/travis/build/icyphy/ptII/ptolemy/actor/lib/test/auto/TrigFunctionTan.xml
2 ms. Memory: 441344K Free: 383619K (87%)
----------------- Invoking toplevel() on ptolemy.moml.MoMLSimpleApplication@3490a41f
----------------- Done invoking toplevel() on ptolemy.moml.MoMLSimpleApplication@3490a41f
reloadAllAccessors: .TrigFunctionTan

===========================================================================================
----------------- testing Tue Oct 27 15:57:36 UTC 2020 /home/travis/build/icyphy/ptII/ptolemy/actor/lib/test/auto/TriggeredClock.xml
----------------- Instantiating /home/travis/build/icyphy/ptII/ptolemy/actor/lib/test/auto/TriggeredClock.xml
1 ms. Memory: 441344K Free: 378499K (86%)
----------------- Invoking toplevel() on ptolemy.moml.MoMLSimpleApplication@400f03cb
----------------- Done invoking toplevel() on ptolemy.moml.MoMLSimpleApplication@400f03cb
reloadAllAccessors: .TriggeredClock

===========================================================================================
----------------- testing Tue Oct 27 15:57:36 UTC 2020 /home/travis/build/icyphy/ptII/ptolemy/actor/lib/test/auto/URLDirectoryReader.xml
----------------- Instantiating /home/travis/build/icyphy/ptII/ptolemy/actor/lib/test/auto/URLDirectoryReader.xml
38 ms. Memory: 441344K Free: 369283K (84%)
----------------- Invoking toplevel() on ptolemy.moml.MoMLSimpleApplication@49e22ee0
----------------- Done invoking toplevel() on ptolemy.moml.MoMLSimpleApplication@49e22ee0
reloadAllAccessors: .URLDirectoryReader

===========================================================================================
----------------- testing Tue Oct 27 15:57:36 UTC 2020 /home/travis/build/icyphy/ptII/ptolemy/actor/lib/test/auto/URLDirectoryReader3.xml
----------------- Instantiating /home/travis/build/icyphy/ptII/ptolemy/actor/lib/test/auto/URLDirectoryReader3.xml
1502 ms. Memory: 441344K Free: 382369K (87%)
----------------- Invoking toplevel() on ptolemy.moml.MoMLSimpleApplication@3d3b48fa
----------------- Done invoking toplevel() on ptolemy.moml.MoMLSimpleApplication@3d3b48fa
reloadAllAccessors: .URLDirectoryReader3

===========================================================================================
----------------- testing Tue Oct 27 15:57:38 UTC 2020 /home/travis/build/icyphy/ptII/ptolemy/actor/lib/test/auto/UnaryMathFunction.xml
----------------- Instantiating /home/travis/build/icyphy/ptII/ptolemy/actor/lib/test/auto/UnaryMathFunction.xml
3 ms. Memory: 441344K Free: 374191K (85%)
----------------- Invoking toplevel() on ptolemy.moml.MoMLSimpleApplication@15d0760d
----------------- Done invoking toplevel() on ptolemy.moml.MoMLSimpleApplication@15d0760d
reloadAllAccessors: .UnaryMathFunction

===========================================================================================
----------------- testing Tue Oct 27 15:57:38 UTC 2020 /home/travis/build/icyphy/ptII/ptolemy/actor/lib/test/auto/Uniform.xml
----------------- Instantiating /home/travis/build/icyphy/ptII/ptolemy/actor/lib/test/auto/Uniform.xml
4 ms. Memory: 441344K Free: 369585K (84%)
----------------- Invoking toplevel() on ptolemy.moml.MoMLSimpleApplication@1ae0107b
----------------- Done invoking toplevel() on ptolemy.moml.MoMLSimpleApplication@1ae0107b
reloadAllAccessors: .Uniform

===========================================================================================
----------------- testing Tue Oct 27 15:57:38 UTC 2020 /home/travis/build/icyphy/ptII/ptolemy/actor/lib/test/auto/UnionDisassemblerTest.xml
----------------- Instantiating /home/travis/build/icyphy/ptII/ptolemy/actor/lib/test/auto/UnionDisassemblerTest.xml
8 ms. Memory: 441344K Free: 365999K (83%)
----------------- Invoking toplevel() on ptolemy.moml.MoMLSimpleApplication@3ddf5689
----------------- Done invoking toplevel() on ptolemy.moml.MoMLSimpleApplication@3ddf5689
reloadAllAccessors: .UnionDisassemblerTest

===========================================================================================
----------------- testing Tue Oct 27 15:57:38 UTC 2020 /home/travis/build/icyphy/ptII/ptolemy/actor/lib/test/auto/UtilityFunctions.xml
----------------- Instantiating /home/travis/build/icyphy/ptII/ptolemy/actor/lib/test/auto/UtilityFunctions.xml
1 ms. Memory: 441344K Free: 361903K (82%)
----------------- Invoking toplevel() on ptolemy.moml.MoMLSimpleApplication@28cbeb60
----------------- Done invoking toplevel() on ptolemy.moml.MoMLSimpleApplication@28cbeb60
reloadAllAccessors: .UtilityFunctions

===========================================================================================
----------------- testing Tue Oct 27 15:57:38 UTC 2020 /home/travis/build/icyphy/ptII/ptolemy/actor/lib/test/auto/VariableSleep.xml
----------------- Instantiating /home/travis/build/icyphy/ptII/ptolemy/actor/lib/test/auto/VariableSleep.xml
503 ms. Memory: 441344K Free: 356783K (81%)
----------------- Invoking toplevel() on ptolemy.moml.MoMLSimpleApplication@34b272de
----------------- Done invoking toplevel() on ptolemy.moml.MoMLSimpleApplication@34b272de
reloadAllAccessors: .VariableSleep

===========================================================================================
----------------- testing Tue Oct 27 15:57:39 UTC 2020 /home/travis/build/icyphy/ptII/ptolemy/actor/lib/test/auto/VectorAssemblerDisassemblerCT.xml
----------------- Instantiating /home/travis/build/icyphy/ptII/ptolemy/actor/lib/test/auto/VectorAssemblerDisassemblerCT.xml
73 ms. Memory: 441344K Free: 336817K (76%)
----------------- Invoking toplevel() on ptolemy.moml.MoMLSimpleApplication@38a4347f
----------------- Done invoking toplevel() on ptolemy.moml.MoMLSimpleApplication@38a4347f
reloadAllAccessors: .VectorAssemblerDisassemblerCT

===========================================================================================
----------------- testing Tue Oct 27 15:57:39 UTC 2020 /home/travis/build/icyphy/ptII/ptolemy/actor/lib/test/auto/VectorAssemblerDisassemblerDE.xml
----------------- Instantiating /home/travis/build/icyphy/ptII/ptolemy/actor/lib/test/auto/VectorAssemblerDisassemblerDE.xml
2 ms. Memory: 441344K Free: 329649K (75%)
----------------- Invoking toplevel() on ptolemy.moml.MoMLSimpleApplication@1cd84b06
----------------- Done invoking toplevel() on ptolemy.moml.MoMLSimpleApplication@1cd84b06
reloadAllAccessors: .VectorAssemblerDisassemblerDE

===========================================================================================
----------------- testing Tue Oct 27 15:57:39 UTC 2020 /home/travis/build/icyphy/ptII/ptolemy/actor/lib/test/auto/VectorAssemblerDisassemblerSDF.xml
----------------- Instantiating /home/travis/build/icyphy/ptII/ptolemy/actor/lib/test/auto/VectorAssemblerDisassemblerSDF.xml
2 ms. Memory: 441344K Free: 322481K (73%)
----------------- Invoking toplevel() on ptolemy.moml.MoMLSimpleApplication@79020ef6
----------------- Done invoking toplevel() on ptolemy.moml.MoMLSimpleApplication@79020ef6
reloadAllAccessors: .VectorAssemblerDisassemblerSDF

===========================================================================================
----------------- testing Tue Oct 27 15:57:39 UTC 2020 /home/travis/build/icyphy/ptII/ptolemy/actor/lib/test/auto/WallClockTime.xml
----------------- Instantiating /home/travis/build/icyphy/ptII/ptolemy/actor/lib/test/auto/WallClockTime.xml
1005 ms. Memory: 441344K Free: 317361K (72%)
----------------- Invoking toplevel() on ptolemy.moml.MoMLSimpleApplication@2d6be6f9
----------------- Done invoking toplevel() on ptolemy.moml.MoMLSimpleApplication@2d6be6f9
reloadAllAccessors: .WallClockTime

===========================================================================================
----------------- testing Tue Oct 27 15:57:40 UTC 2020 /home/travis/build/icyphy/ptII/ptolemy/actor/lib/test/auto/WidthTestWithSubscriberPublisher.xml
----------------- Instantiating /home/travis/build/icyphy/ptII/ptolemy/actor/lib/test/auto/WidthTestWithSubscriberPublisher.xml
7 ms. Memory: 441344K Free: 299439K (68%)
----------------- Invoking toplevel() on ptolemy.moml.MoMLSimpleApplication@2bc4d361
----------------- Done invoking toplevel() on ptolemy.moml.MoMLSimpleApplication@2bc4d361
reloadAllAccessors: .WidthTestWithSubscriberPublisher

===========================================================================================
----------------- testing Tue Oct 27 15:57:40 UTC 2020 /home/travis/build/icyphy/ptII/ptolemy/actor/lib/test/auto/WidthTestWithSubscriberPublisher2.xml
----------------- Instantiating /home/travis/build/icyphy/ptII/ptolemy/actor/lib/test/auto/WidthTestWithSubscriberPublisher2.xml
2 ms. Memory: 441344K Free: 293295K (66%)
----------------- Invoking toplevel() on ptolemy.moml.MoMLSimpleApplication@65349c2e
----------------- Done invoking toplevel() on ptolemy.moml.MoMLSimpleApplication@65349c2e
reloadAllAccessors: .WidthTestWithSubscriberPublisher2

===========================================================================================
----------------- testing Tue Oct 27 15:57:40 UTC 2020 /home/travis/build/icyphy/ptII/ptolemy/actor/lib/test/auto/WidthTestWithSubscriberPublisher3.xml
----------------- Instantiating /home/travis/build/icyphy/ptII/ptolemy/actor/lib/test/auto/WidthTestWithSubscriberPublisher3.xml
2 ms. Memory: 441344K Free: 287665K (65%)
----------------- Invoking toplevel() on ptolemy.moml.MoMLSimpleApplication@34cfbb2b
----------------- Done invoking toplevel() on ptolemy.moml.MoMLSimpleApplication@34cfbb2b
reloadAllAccessors: .WidthTestWithSubscriberPublisher3

===========================================================================================
----------------- testing Tue Oct 27 15:57:40 UTC 2020 /home/travis/build/icyphy/ptII/ptolemy/actor/lib/test/auto/Writer.xml
----------------- Instantiating /home/travis/build/icyphy/ptII/ptolemy/actor/lib/test/auto/Writer.xml
0
1
2
3
4
1 ms. Memory: 441344K Free: 283569K (64%)
----------------- Invoking toplevel() on ptolemy.moml.MoMLSimpleApplication@128276b7
----------------- Done invoking toplevel() on ptolemy.moml.MoMLSimpleApplication@128276b7
reloadAllAccessors: .Writer

===========================================================================================
----------------- testing Tue Oct 27 15:57:40 UTC 2020 /home/travis/build/icyphy/ptII/ptolemy/actor/lib/test/auto/array.xml
----------------- Instantiating /home/travis/build/icyphy/ptII/ptolemy/actor/lib/test/auto/array.xml
3 ms. Memory: 441344K Free: 278959K (63%)
----------------- Invoking toplevel() on ptolemy.moml.MoMLSimpleApplication@38582920
----------------- Done invoking toplevel() on ptolemy.moml.MoMLSimpleApplication@38582920
reloadAllAccessors: .array

===========================================================================================
----------------- testing Tue Oct 27 15:57:40 UTC 2020 /home/travis/build/icyphy/ptII/ptolemy/actor/lib/test/auto/array2.xml
----------------- Instantiating /home/travis/build/icyphy/ptII/ptolemy/actor/lib/test/auto/array2.xml
9 ms. Memory: 441344K Free: 273329K (62%)
----------------- Invoking toplevel() on ptolemy.moml.MoMLSimpleApplication@333117cd
----------------- Done invoking toplevel() on ptolemy.moml.MoMLSimpleApplication@333117cd
reloadAllAccessors: .array2

===========================================================================================
----------------- testing Tue Oct 27 15:57:40 UTC 2020 /home/travis/build/icyphy/ptII/ptolemy/actor/lib/test/auto/arrayType.xml
----------------- Instantiating /home/travis/build/icyphy/ptII/ptolemy/actor/lib/test/auto/arrayType.xml
1 ms. Memory: 441344K Free: 268209K (61%)
----------------- Invoking toplevel() on ptolemy.moml.MoMLSimpleApplication@425109d9
----------------- Done invoking toplevel() on ptolemy.moml.MoMLSimpleApplication@425109d9
reloadAllAccessors: .arrayType

===========================================================================================
----------------- testing Tue Oct 27 15:57:40 UTC 2020 /home/travis/build/icyphy/ptII/ptolemy/actor/lib/test/auto/arrayType10.xml
----------------- Instantiating /home/travis/build/icyphy/ptII/ptolemy/actor/lib/test/auto/arrayType10.xml
2 ms. Memory: 441344K Free: 263599K (60%)
----------------- Invoking toplevel() on ptolemy.moml.MoMLSimpleApplication@26956213
----------------- Done invoking toplevel() on ptolemy.moml.MoMLSimpleApplication@26956213
reloadAllAccessors: .arrayType10

===========================================================================================
----------------- testing Tue Oct 27 15:57:40 UTC 2020 /home/travis/build/icyphy/ptII/ptolemy/actor/lib/test/auto/arrayType11.xml
----------------- Instantiating /home/travis/build/icyphy/ptII/ptolemy/actor/lib/test/auto/arrayType11.xml
2 ms. Memory: 441344K Free: 258993K (59%)
----------------- Invoking toplevel() on ptolemy.moml.MoMLSimpleApplication@306b0448
----------------- Done invoking toplevel() on ptolemy.moml.MoMLSimpleApplication@306b0448
reloadAllAccessors: .arrayType11

===========================================================================================
----------------- testing Tue Oct 27 15:57:40 UTC 2020 /home/travis/build/icyphy/ptII/ptolemy/actor/lib/test/auto/arrayType12.xml
----------------- Instantiating /home/travis/build/icyphy/ptII/ptolemy/actor/lib/test/auto/arrayType12.xml
1 ms. Memory: 441344K Free: 253873K (58%)
----------------- Invoking toplevel() on ptolemy.moml.MoMLSimpleApplication@62e41ef4
----------------- Done invoking toplevel() on ptolemy.moml.MoMLSimpleApplication@62e41ef4
reloadAllAccessors: .arrayType12

===========================================================================================
----------------- testing Tue Oct 27 15:57:40 UTC 2020 /home/travis/build/icyphy/ptII/ptolemy/actor/lib/test/auto/arrayType13.xml
----------------- Instantiating /home/travis/build/icyphy/ptII/ptolemy/actor/lib/test/auto/arrayType13.xml
2 ms. Memory: 441344K Free: 248753K (56%)
----------------- Invoking toplevel() on ptolemy.moml.MoMLSimpleApplication@58060266
----------------- Done invoking toplevel() on ptolemy.moml.MoMLSimpleApplication@58060266
reloadAllAccessors: .arrayType13

===========================================================================================
----------------- testing Tue Oct 27 15:57:40 UTC 2020 /home/travis/build/icyphy/ptII/ptolemy/actor/lib/test/auto/arrayType14.xml
----------------- Instantiating /home/travis/build/icyphy/ptII/ptolemy/actor/lib/test/auto/arrayType14.xml
2 ms. Memory: 441344K Free: 243119K (55%)
----------------- Invoking toplevel() on ptolemy.moml.MoMLSimpleApplication@2fe53fd5
----------------- Done invoking toplevel() on ptolemy.moml.MoMLSimpleApplication@2fe53fd5
reloadAllAccessors: .arrayType14

===========================================================================================
----------------- testing Tue Oct 27 15:57:40 UTC 2020 /home/travis/build/icyphy/ptII/ptolemy/actor/lib/test/auto/arrayType15.xml
----------------- Instantiating /home/travis/build/icyphy/ptII/ptolemy/actor/lib/test/auto/arrayType15.xml
2 ms. Memory: 441344K Free: 237999K (54%)
----------------- Invoking toplevel() on ptolemy.moml.MoMLSimpleApplication@592bdc06
----------------- Done invoking toplevel() on ptolemy.moml.MoMLSimpleApplication@592bdc06
reloadAllAccessors: .arrayType15

===========================================================================================
----------------- testing Tue Oct 27 15:57:40 UTC 2020 /home/travis/build/icyphy/ptII/ptolemy/actor/lib/test/auto/arrayType16.xml
----------------- Instantiating /home/travis/build/icyphy/ptII/ptolemy/actor/lib/test/auto/arrayType16.xml
2 ms. Memory: 441344K Free: 232879K (53%)
----------------- Invoking toplevel() on ptolemy.moml.MoMLSimpleApplication@27fe580a
----------------- Done invoking toplevel() on ptolemy.moml.MoMLSimpleApplication@27fe580a
reloadAllAccessors: .arrayType16

===========================================================================================
----------------- testing Tue Oct 27 15:57:40 UTC 2020 /home/travis/build/icyphy/ptII/ptolemy/actor/lib/test/auto/arrayType17.xml
----------------- Instantiating /home/travis/build/icyphy/ptII/ptolemy/actor/lib/test/auto/arrayType17.xml
1 ms. Memory: 441344K Free: 227759K (52%)
----------------- Invoking toplevel() on ptolemy.moml.MoMLSimpleApplication@7eaec4d9
----------------- Done invoking toplevel() on ptolemy.moml.MoMLSimpleApplication@7eaec4d9
reloadAllAccessors: .arrayType17

===========================================================================================
----------------- testing Tue Oct 27 15:57:40 UTC 2020 /home/travis/build/icyphy/ptII/ptolemy/actor/lib/test/auto/arrayType18.xml
----------------- Instantiating /home/travis/build/icyphy/ptII/ptolemy/actor/lib/test/auto/arrayType18.xml
1 ms. Memory: 441344K Free: 223153K (51%)
----------------- Invoking toplevel() on ptolemy.moml.MoMLSimpleApplication@bf6da56
----------------- Done invoking toplevel() on ptolemy.moml.MoMLSimpleApplication@bf6da56
reloadAllAccessors: .arrayType18

===========================================================================================
----------------- testing Tue Oct 27 15:57:40 UTC 2020 /home/travis/build/icyphy/ptII/ptolemy/actor/lib/test/auto/arrayType19.xml
----------------- Instantiating /home/travis/build/icyphy/ptII/ptolemy/actor/lib/test/auto/arrayType19.xml
2 ms. Memory: 441344K Free: 218033K (49%)
----------------- Invoking toplevel() on ptolemy.moml.MoMLSimpleApplication@16c25ea5
----------------- Done invoking toplevel() on ptolemy.moml.MoMLSimpleApplication@16c25ea5
reloadAllAccessors: .arrayType19

===========================================================================================
----------------- testing Tue Oct 27 15:57:40 UTC 2020 /home/travis/build/icyphy/ptII/ptolemy/actor/lib/test/auto/arrayType2.xml
----------------- Instantiating /home/travis/build/icyphy/ptII/ptolemy/actor/lib/test/auto/arrayType2.xml
2 ms. Memory: 441344K Free: 212913K (48%)
----------------- Invoking toplevel() on ptolemy.moml.MoMLSimpleApplication@2dd4ba3f
----------------- Done invoking toplevel() on ptolemy.moml.MoMLSimpleApplication@2dd4ba3f
reloadAllAccessors: .arrayType2

===========================================================================================
----------------- testing Tue Oct 27 15:57:40 UTC 2020 /home/travis/build/icyphy/ptII/ptolemy/actor/lib/test/auto/arrayType20.xml
----------------- Instantiating /home/travis/build/icyphy/ptII/ptolemy/actor/lib/test/auto/arrayType20.xml
1 ms. Memory: 441344K Free: 207793K (47%)
----------------- Invoking toplevel() on ptolemy.moml.MoMLSimpleApplication@65552031
----------------- Done invoking toplevel() on ptolemy.moml.MoMLSimpleApplication@65552031
reloadAllAccessors: .arrayType20

===========================================================================================
----------------- testing Tue Oct 27 15:57:40 UTC 2020 /home/travis/build/icyphy/ptII/ptolemy/actor/lib/test/auto/arrayType21.xml
----------------- Instantiating /home/travis/build/icyphy/ptII/ptolemy/actor/lib/test/auto/arrayType21.xml
1 ms. Memory: 441344K Free: 203183K (46%)
----------------- Invoking toplevel() on ptolemy.moml.MoMLSimpleApplication@4457661b
----------------- Done invoking toplevel() on ptolemy.moml.MoMLSimpleApplication@4457661b
reloadAllAccessors: .arrayType21

===========================================================================================
----------------- testing Tue Oct 27 15:57:40 UTC 2020 /home/travis/build/icyphy/ptII/ptolemy/actor/lib/test/auto/arrayType22.xml
----------------- Instantiating /home/travis/build/icyphy/ptII/ptolemy/actor/lib/test/auto/arrayType22.xml
2 ms. Memory: 441344K Free: 198577K (45%)
----------------- Invoking toplevel() on ptolemy.moml.MoMLSimpleApplication@290c5b9
----------------- Done invoking toplevel() on ptolemy.moml.MoMLSimpleApplication@290c5b9
reloadAllAccessors: .arrayType22

===========================================================================================
----------------- testing Tue Oct 27 15:57:40 UTC 2020 /home/travis/build/icyphy/ptII/ptolemy/actor/lib/test/auto/arrayType23.xml
----------------- Instantiating /home/travis/build/icyphy/ptII/ptolemy/actor/lib/test/auto/arrayType23.xml
1 ms. Memory: 441344K Free: 193457K (44%)
----------------- Invoking toplevel() on ptolemy.moml.MoMLSimpleApplication@4b35e235
----------------- Done invoking toplevel() on ptolemy.moml.MoMLSimpleApplication@4b35e235
reloadAllAccessors: .arrayType23

===========================================================================================
----------------- testing Tue Oct 27 15:57:41 UTC 2020 /home/travis/build/icyphy/ptII/ptolemy/actor/lib/test/auto/arrayType24.xml
----------------- Instantiating /home/travis/build/icyphy/ptII/ptolemy/actor/lib/test/auto/arrayType24.xml
2 ms. Memory: 441344K Free: 188847K (43%)
----------------- Invoking toplevel() on ptolemy.moml.MoMLSimpleApplication@3f6ee55b
----------------- Done invoking toplevel() on ptolemy.moml.MoMLSimpleApplication@3f6ee55b
reloadAllAccessors: .arrayType24

===========================================================================================
----------------- testing Tue Oct 27 15:57:41 UTC 2020 /home/travis/build/icyphy/ptII/ptolemy/actor/lib/test/auto/arrayType25.xml
----------------- Instantiating /home/travis/build/icyphy/ptII/ptolemy/actor/lib/test/auto/arrayType25.xml
1 ms. Memory: 441344K Free: 183713K (42%)
----------------- Invoking toplevel() on ptolemy.moml.MoMLSimpleApplication@1b2621c4
----------------- Done invoking toplevel() on ptolemy.moml.MoMLSimpleApplication@1b2621c4
reloadAllAccessors: .arrayType25

===========================================================================================
----------------- testing Tue Oct 27 15:57:41 UTC 2020 /home/travis/build/icyphy/ptII/ptolemy/actor/lib/test/auto/arrayType26.xml
----------------- Instantiating /home/travis/build/icyphy/ptII/ptolemy/actor/lib/test/auto/arrayType26.xml
1 ms. Memory: 441344K Free: 178607K (40%)
----------------- Invoking toplevel() on ptolemy.moml.MoMLSimpleApplication@1e7776b0
----------------- Done invoking toplevel() on ptolemy.moml.MoMLSimpleApplication@1e7776b0
reloadAllAccessors: .arrayType26

===========================================================================================
----------------- testing Tue Oct 27 15:57:41 UTC 2020 /home/travis/build/icyphy/ptII/ptolemy/actor/lib/test/auto/arrayType27.xml
----------------- Instantiating /home/travis/build/icyphy/ptII/ptolemy/actor/lib/test/auto/arrayType27.xml
2 ms. Memory: 441344K Free: 172977K (39%)
----------------- Invoking toplevel() on ptolemy.moml.MoMLSimpleApplication@468cb880
----------------- Done invoking toplevel() on ptolemy.moml.MoMLSimpleApplication@468cb880
reloadAllAccessors: .arrayType27

===========================================================================================
----------------- testing Tue Oct 27 15:57:41 UTC 2020 /home/travis/build/icyphy/ptII/ptolemy/actor/lib/test/auto/arrayType28.xml
----------------- Instantiating /home/travis/build/icyphy/ptII/ptolemy/actor/lib/test/auto/arrayType28.xml
9 ms. Memory: 441344K Free: 167857K (38%)
----------------- Invoking toplevel() on ptolemy.moml.MoMLSimpleApplication@4a313f40
----------------- Done invoking toplevel() on ptolemy.moml.MoMLSimpleApplication@4a313f40
reloadAllAccessors: .arrayType28

===========================================================================================
----------------- testing Tue Oct 27 15:57:41 UTC 2020 /home/travis/build/icyphy/ptII/ptolemy/actor/lib/test/auto/arrayType3.xml
----------------- Instantiating /home/travis/build/icyphy/ptII/ptolemy/actor/lib/test/auto/arrayType3.xml
7 ms. Memory: 441344K Free: 162737K (37%)
----------------- Invoking toplevel() on ptolemy.moml.MoMLSimpleApplication@57d1b6dd
----------------- Done invoking toplevel() on ptolemy.moml.MoMLSimpleApplication@57d1b6dd
reloadAllAccessors: .arrayType3

===========================================================================================
----------------- testing Tue Oct 27 15:57:41 UTC 2020 /home/travis/build/icyphy/ptII/ptolemy/actor/lib/test/auto/arrayType4.xml
----------------- Instantiating /home/travis/build/icyphy/ptII/ptolemy/actor/lib/test/auto/arrayType4.xml
2 ms. Memory: 441344K Free: 157617K (36%)
----------------- Invoking toplevel() on ptolemy.moml.MoMLSimpleApplication@5abdcc62
----------------- Done invoking toplevel() on ptolemy.moml.MoMLSimpleApplication@5abdcc62
reloadAllAccessors: .arrayType4

===========================================================================================
----------------- testing Tue Oct 27 15:57:41 UTC 2020 /home/travis/build/icyphy/ptII/ptolemy/actor/lib/test/auto/arrayType5.xml
----------------- Instantiating /home/travis/build/icyphy/ptII/ptolemy/actor/lib/test/auto/arrayType5.xml
3 ms. Memory: 441344K Free: 152497K (35%)
----------------- Invoking toplevel() on ptolemy.moml.MoMLSimpleApplication@31571198
----------------- Done invoking toplevel() on ptolemy.moml.MoMLSimpleApplication@31571198
reloadAllAccessors: .arrayType5

===========================================================================================
----------------- testing Tue Oct 27 15:57:41 UTC 2020 /home/travis/build/icyphy/ptII/ptolemy/actor/lib/test/auto/arrayType6.xml
----------------- Instantiating /home/travis/build/icyphy/ptII/ptolemy/actor/lib/test/auto/arrayType6.xml
1 ms. Memory: 441344K Free: 147377K (33%)
----------------- Invoking toplevel() on ptolemy.moml.MoMLSimpleApplication@1abe2f87
----------------- Done invoking toplevel() on ptolemy.moml.MoMLSimpleApplication@1abe2f87
reloadAllAccessors: .arrayType6

===========================================================================================
----------------- testing Tue Oct 27 15:57:41 UTC 2020 /home/travis/build/icyphy/ptII/ptolemy/actor/lib/test/auto/arrayType7.xml
----------------- Instantiating /home/travis/build/icyphy/ptII/ptolemy/actor/lib/test/auto/arrayType7.xml
6 ms. Memory: 441344K Free: 142767K (32%)
----------------- Invoking toplevel() on ptolemy.moml.MoMLSimpleApplication@17312950
----------------- Done invoking toplevel() on ptolemy.moml.MoMLSimpleApplication@17312950
reloadAllAccessors: .arrayType7

===========================================================================================
----------------- testing Tue Oct 27 15:57:41 UTC 2020 /home/travis/build/icyphy/ptII/ptolemy/actor/lib/test/auto/arrayType8.xml
----------------- Instantiating /home/travis/build/icyphy/ptII/ptolemy/actor/lib/test/auto/arrayType8.xml
2 ms. Memory: 441344K Free: 138161K (31%)
----------------- Invoking toplevel() on ptolemy.moml.MoMLSimpleApplication@3985baba
----------------- Done invoking toplevel() on ptolemy.moml.MoMLSimpleApplication@3985baba
reloadAllAccessors: .arrayType8

===========================================================================================
----------------- testing Tue Oct 27 15:57:41 UTC 2020 /home/travis/build/icyphy/ptII/ptolemy/actor/lib/test/auto/arrayType9.xml
----------------- Instantiating /home/travis/build/icyphy/ptII/ptolemy/actor/lib/test/auto/arrayType9.xml
1 ms. Memory: 441344K Free: 133551K (30%)
----------------- Invoking toplevel() on ptolemy.moml.MoMLSimpleApplication@255fe86c
----------------- Done invoking toplevel() on ptolemy.moml.MoMLSimpleApplication@255fe86c
reloadAllAccessors: .arrayType9

===========================================================================================
----------------- testing Tue Oct 27 15:57:41 UTC 2020 /home/travis/build/icyphy/ptII/ptolemy/actor/lib/test/auto/cast.xml
----------------- Instantiating /home/travis/build/icyphy/ptII/ptolemy/actor/lib/test/auto/cast.xml
17 ms. Memory: 441344K Free: 388184K (88%)
----------------- Invoking toplevel() on ptolemy.moml.MoMLSimpleApplication@3771d96c
----------------- Done invoking toplevel() on ptolemy.moml.MoMLSimpleApplication@3771d96c
reloadAllAccessors: .cast

===========================================================================================
----------------- testing Tue Oct 27 15:57:41 UTC 2020 /home/travis/build/icyphy/ptII/ptolemy/actor/lib/test/auto/compositeMultiPort.xml
----------------- Instantiating /home/travis/build/icyphy/ptII/ptolemy/actor/lib/test/auto/compositeMultiPort.xml
4 ms. Memory: 441344K Free: 378208K (86%)
----------------- Invoking toplevel() on ptolemy.moml.MoMLSimpleApplication@30f4434b
----------------- Done invoking toplevel() on ptolemy.moml.MoMLSimpleApplication@30f4434b
reloadAllAccessors: .compositeMultiPort

===========================================================================================
----------------- testing Tue Oct 27 15:57:41 UTC 2020 /home/travis/build/icyphy/ptII/ptolemy/actor/lib/test/auto/expressionCastInference.xml
----------------- Instantiating /home/travis/build/icyphy/ptII/ptolemy/actor/lib/test/auto/expressionCastInference.xml
3 ms. Memory: 441344K Free: 373598K (85%)
----------------- Invoking toplevel() on ptolemy.moml.MoMLSimpleApplication@509ff820
----------------- Done invoking toplevel() on ptolemy.moml.MoMLSimpleApplication@509ff820
reloadAllAccessors: .expressionCastInference

===========================================================================================
----------------- testing Tue Oct 27 15:57:41 UTC 2020 /home/travis/build/icyphy/ptII/ptolemy/actor/lib/test/auto/expressionCastInference2.xml
----------------- Instantiating /home/travis/build/icyphy/ptII/ptolemy/actor/lib/test/auto/expressionCastInference2.xml
2 ms. Memory: 441344K Free: 368992K (84%)
----------------- Invoking toplevel() on ptolemy.moml.MoMLSimpleApplication@1bf774ca
----------------- Done invoking toplevel() on ptolemy.moml.MoMLSimpleApplication@1bf774ca
reloadAllAccessors: .expressionCastInference2

===========================================================================================
----------------- testing Tue Oct 27 15:57:41 UTC 2020 /home/travis/build/icyphy/ptII/ptolemy/actor/lib/test/auto/expressionInference.xml
----------------- Instantiating /home/travis/build/icyphy/ptII/ptolemy/actor/lib/test/auto/expressionInference.xml
2 ms. Memory: 441344K Free: 364896K (83%)
----------------- Invoking toplevel() on ptolemy.moml.MoMLSimpleApplication@5a980b79
----------------- Done invoking toplevel() on ptolemy.moml.MoMLSimpleApplication@5a980b79
reloadAllAccessors: .expressionInference

===========================================================================================
----------------- testing Tue Oct 27 15:57:41 UTC 2020 /home/travis/build/icyphy/ptII/ptolemy/actor/lib/test/auto/expression_bug.xml
----------------- Instantiating /home/travis/build/icyphy/ptII/ptolemy/actor/lib/test/auto/expression_bug.xml
2 ms. Memory: 441344K Free: 360286K (82%)
----------------- Invoking toplevel() on ptolemy.moml.MoMLSimpleApplication@6fdf62ac
----------------- Done invoking toplevel() on ptolemy.moml.MoMLSimpleApplication@6fdf62ac
reloadAllAccessors: .expression_bug

===========================================================================================
----------------- testing Tue Oct 27 15:57:41 UTC 2020 /home/travis/build/icyphy/ptII/ptolemy/actor/lib/test/auto/factorial.xml
----------------- Instantiating /home/travis/build/icyphy/ptII/ptolemy/actor/lib/test/auto/factorial.xml
42 ms. Memory: 441344K Free: 351584K (80%)
----------------- Invoking toplevel() on ptolemy.moml.MoMLSimpleApplication@6c6d3053
----------------- Done invoking toplevel() on ptolemy.moml.MoMLSimpleApplication@6c6d3053
reloadAllAccessors: .factorial

===========================================================================================
----------------- testing Tue Oct 27 15:57:41 UTC 2020 /home/travis/build/icyphy/ptII/ptolemy/actor/lib/test/auto/filterTest1.xml
----------------- Instantiating /home/travis/build/icyphy/ptII/ptolemy/actor/lib/test/auto/filterTest1.xml
3 ms. Memory: 441344K Free: 345936K (78%)
----------------- Invoking toplevel() on ptolemy.moml.MoMLSimpleApplication@6bc0040e
----------------- Done invoking toplevel() on ptolemy.moml.MoMLSimpleApplication@6bc0040e
reloadAllAccessors: .filterTest1

===========================================================================================
----------------- testing Tue Oct 27 15:57:41 UTC 2020 /home/travis/build/icyphy/ptII/ptolemy/actor/lib/test/auto/funcApplyInConst.xml
----------------- Instantiating /home/travis/build/icyphy/ptII/ptolemy/actor/lib/test/auto/funcApplyInConst.xml
1 ms. Memory: 441344K Free: 341854K (77%)
----------------- Invoking toplevel() on ptolemy.moml.MoMLSimpleApplication@2822509a
----------------- Done invoking toplevel() on ptolemy.moml.MoMLSimpleApplication@2822509a
reloadAllAccessors: .funcApplyInConst

===========================================================================================
----------------- testing Tue Oct 27 15:57:41 UTC 2020 /home/travis/build/icyphy/ptII/ptolemy/actor/lib/test/auto/funcApplyInExpr.xml
----------------- Instantiating /home/travis/build/icyphy/ptII/ptolemy/actor/lib/test/auto/funcApplyInExpr.xml
1 ms. Memory: 441344K Free: 338272K (77%)
----------------- Invoking toplevel() on ptolemy.moml.MoMLSimpleApplication@4b30ef5d
----------------- Done invoking toplevel() on ptolemy.moml.MoMLSimpleApplication@4b30ef5d
reloadAllAccessors: .funcApplyInExpr

===========================================================================================
----------------- testing Tue Oct 27 15:57:41 UTC 2020 /home/travis/build/icyphy/ptII/ptolemy/actor/lib/test/auto/function.xml
----------------- Instantiating /home/travis/build/icyphy/ptII/ptolemy/actor/lib/test/auto/function.xml
5 ms. Memory: 441344K Free: 333662K (76%)
----------------- Invoking toplevel() on ptolemy.moml.MoMLSimpleApplication@f23741e
----------------- Done invoking toplevel() on ptolemy.moml.MoMLSimpleApplication@f23741e
reloadAllAccessors: .function

===========================================================================================
----------------- testing Tue Oct 27 15:57:41 UTC 2020 /home/travis/build/icyphy/ptII/ptolemy/actor/lib/test/auto/function2.xml
----------------- Instantiating /home/travis/build/icyphy/ptII/ptolemy/actor/lib/test/auto/function2.xml
2 ms. Memory: 441344K Free: 329056K (75%)
----------------- Invoking toplevel() on ptolemy.moml.MoMLSimpleApplication@7000a596
----------------- Done invoking toplevel() on ptolemy.moml.MoMLSimpleApplication@7000a596
reloadAllAccessors: .function2

===========================================================================================
----------------- testing Tue Oct 27 15:57:41 UTC 2020 /home/travis/build/icyphy/ptII/ptolemy/actor/lib/test/auto/function3.xml
----------------- Instantiating /home/travis/build/icyphy/ptII/ptolemy/actor/lib/test/auto/function3.xml
2 ms. Memory: 441344K Free: 324960K (74%)
----------------- Invoking toplevel() on ptolemy.moml.MoMLSimpleApplication@44874e65
----------------- Done invoking toplevel() on ptolemy.moml.MoMLSimpleApplication@44874e65
reloadAllAccessors: .function3

===========================================================================================
----------------- testing Tue Oct 27 15:57:41 UTC 2020 /home/travis/build/icyphy/ptII/ptolemy/actor/lib/test/auto/functionClosureTest1.xml
----------------- Instantiating /home/travis/build/icyphy/ptII/ptolemy/actor/lib/test/auto/functionClosureTest1.xml
2 ms. Memory: 441344K Free: 319320K (72%)
----------------- Invoking toplevel() on ptolemy.moml.MoMLSimpleApplication@39dbed7
----------------- Done invoking toplevel() on ptolemy.moml.MoMLSimpleApplication@39dbed7
reloadAllAccessors: .functionClosureTest1

===========================================================================================
----------------- testing Tue Oct 27 15:57:41 UTC 2020 /home/travis/build/icyphy/ptII/ptolemy/actor/lib/test/auto/functionClosureTest2.xml
----------------- Instantiating /home/travis/build/icyphy/ptII/ptolemy/actor/lib/test/auto/functionClosureTest2.xml
1 ms. Memory: 441344K Free: 315744K (72%)
----------------- Invoking toplevel() on ptolemy.moml.MoMLSimpleApplication@7aae7232
----------------- Done invoking toplevel() on ptolemy.moml.MoMLSimpleApplication@7aae7232
reloadAllAccessors: .functionClosureTest2

===========================================================================================
----------------- testing Tue Oct 27 15:57:41 UTC 2020 /home/travis/build/icyphy/ptII/ptolemy/actor/lib/test/auto/functionClosureTest3.xml
----------------- Instantiating /home/travis/build/icyphy/ptII/ptolemy/actor/lib/test/auto/functionClosureTest3.xml
3 ms. Memory: 441344K Free: 310110K (70%)
----------------- Invoking toplevel() on ptolemy.moml.MoMLSimpleApplication@303074f8
----------------- Done invoking toplevel() on ptolemy.moml.MoMLSimpleApplication@303074f8
reloadAllAccessors: .functionClosureTest3

===========================================================================================
----------------- testing Tue Oct 27 15:57:41 UTC 2020 /home/travis/build/icyphy/ptII/ptolemy/actor/lib/test/auto/functionClosureTest4.xml
----------------- Instantiating /home/travis/build/icyphy/ptII/ptolemy/actor/lib/test/auto/functionClosureTest4.xml
4 ms. Memory: 441344K Free: 303966K (69%)
----------------- Invoking toplevel() on ptolemy.moml.MoMLSimpleApplication@1ce6f848
----------------- Done invoking toplevel() on ptolemy.moml.MoMLSimpleApplication@1ce6f848
reloadAllAccessors: .functionClosureTest4

===========================================================================================
----------------- testing Tue Oct 27 15:57:41 UTC 2020 /home/travis/build/icyphy/ptII/ptolemy/actor/lib/test/auto/functionClosureTest5.xml
----------------- Instantiating /home/travis/build/icyphy/ptII/ptolemy/actor/lib/test/auto/functionClosureTest5.xml
3 ms. Memory: 441344K Free: 298846K (68%)
----------------- Invoking toplevel() on ptolemy.moml.MoMLSimpleApplication@377b2479
----------------- Done invoking toplevel() on ptolemy.moml.MoMLSimpleApplication@377b2479
reloadAllAccessors: .functionClosureTest5

===========================================================================================
----------------- testing Tue Oct 27 15:57:41 UTC 2020 /home/travis/build/icyphy/ptII/ptolemy/actor/lib/test/auto/functionClosureTest6.xml
----------------- Instantiating /home/travis/build/icyphy/ptII/ptolemy/actor/lib/test/auto/functionClosureTest6.xml
2 ms. Memory: 441344K Free: 294240K (67%)
----------------- Invoking toplevel() on ptolemy.moml.MoMLSimpleApplication@6991f04
----------------- Done invoking toplevel() on ptolemy.moml.MoMLSimpleApplication@6991f04
reloadAllAccessors: .functionClosureTest6

===========================================================================================
----------------- testing Tue Oct 27 15:57:41 UTC 2020 /home/travis/build/icyphy/ptII/ptolemy/actor/lib/test/auto/functionsOnArcs.xml
----------------- Instantiating /home/travis/build/icyphy/ptII/ptolemy/actor/lib/test/auto/functionsOnArcs.xml
2 ms. Memory: 441344K Free: 288606K (65%)
----------------- Invoking toplevel() on ptolemy.moml.MoMLSimpleApplication@271fc5c8
----------------- Done invoking toplevel() on ptolemy.moml.MoMLSimpleApplication@271fc5c8
reloadAllAccessors: .functionsOnArcs

===========================================================================================
----------------- testing Tue Oct 27 15:57:41 UTC 2020 /home/travis/build/icyphy/ptII/ptolemy/actor/lib/test/auto/functionsOnArcsHOF.xml
----------------- Instantiating /home/travis/build/icyphy/ptII/ptolemy/actor/lib/test/auto/functionsOnArcsHOF.xml
3 ms. Memory: 441344K Free: 282976K (64%)
----------------- Invoking toplevel() on ptolemy.moml.MoMLSimpleApplication@6f76d695
----------------- Done invoking toplevel() on ptolemy.moml.MoMLSimpleApplication@6f76d695
reloadAllAccessors: .functionsOnArcsHOF

===========================================================================================
----------------- testing Tue Oct 27 15:57:41 UTC 2020 /home/travis/build/icyphy/ptII/ptolemy/actor/lib/test/auto/logic.xml
----------------- Instantiating /home/travis/build/icyphy/ptII/ptolemy/actor/lib/test/auto/logic.xml
2 ms. Memory: 441344K Free: 275808K (62%)
----------------- Invoking toplevel() on ptolemy.moml.MoMLSimpleApplication@56e80613
----------------- Done invoking toplevel() on ptolemy.moml.MoMLSimpleApplication@56e80613
reloadAllAccessors: .logic

===========================================================================================
----------------- testing Tue Oct 27 15:57:41 UTC 2020 /home/travis/build/icyphy/ptII/ptolemy/actor/lib/test/auto/matrixType.xml
----------------- Instantiating /home/travis/build/icyphy/ptII/ptolemy/actor/lib/test/auto/matrixType.xml
1 ms. Memory: 441344K Free: 270160K (61%)
----------------- Invoking toplevel() on ptolemy.moml.MoMLSimpleApplication@40e3e001
----------------- Done invoking toplevel() on ptolemy.moml.MoMLSimpleApplication@40e3e001
reloadAllAccessors: .matrixType

===========================================================================================
----------------- testing Tue Oct 27 15:57:41 UTC 2020 /home/travis/build/icyphy/ptII/ptolemy/actor/lib/test/auto/matrixType10.xml
----------------- Instantiating /home/travis/build/icyphy/ptII/ptolemy/actor/lib/test/auto/matrixType10.xml
2 ms. Memory: 441344K Free: 265568K (60%)
----------------- Invoking toplevel() on ptolemy.moml.MoMLSimpleApplication@29a81320
----------------- Done invoking toplevel() on ptolemy.moml.MoMLSimpleApplication@29a81320
reloadAllAccessors: .matrixType10

===========================================================================================
----------------- testing Tue Oct 27 15:57:41 UTC 2020 /home/travis/build/icyphy/ptII/ptolemy/actor/lib/test/auto/matrixType11.xml
----------------- Instantiating /home/travis/build/icyphy/ptII/ptolemy/actor/lib/test/auto/matrixType11.xml
1 ms. Memory: 441344K Free: 260958K (59%)
----------------- Invoking toplevel() on ptolemy.moml.MoMLSimpleApplication@4db3cbc1
----------------- Done invoking toplevel() on ptolemy.moml.MoMLSimpleApplication@4db3cbc1
reloadAllAccessors: .matrixType11

===========================================================================================
----------------- testing Tue Oct 27 15:57:41 UTC 2020 /home/travis/build/icyphy/ptII/ptolemy/actor/lib/test/auto/matrixType12.xml
----------------- Instantiating /home/travis/build/icyphy/ptII/ptolemy/actor/lib/test/auto/matrixType12.xml
2 ms. Memory: 441344K Free: 255838K (58%)
----------------- Invoking toplevel() on ptolemy.moml.MoMLSimpleApplication@e37c7a1
----------------- Done invoking toplevel() on ptolemy.moml.MoMLSimpleApplication@e37c7a1
reloadAllAccessors: .matrixType12

===========================================================================================
----------------- testing Tue Oct 27 15:57:41 UTC 2020 /home/travis/build/icyphy/ptII/ptolemy/actor/lib/test/auto/matrixType13.xml
----------------- Instantiating /home/travis/build/icyphy/ptII/ptolemy/actor/lib/test/auto/matrixType13.xml
1 ms. Memory: 441344K Free: 251232K (57%)
----------------- Invoking toplevel() on ptolemy.moml.MoMLSimpleApplication@3bae6b6
----------------- Done invoking toplevel() on ptolemy.moml.MoMLSimpleApplication@3bae6b6
reloadAllAccessors: .matrixType13

===========================================================================================
----------------- testing Tue Oct 27 15:57:41 UTC 2020 /home/travis/build/icyphy/ptII/ptolemy/actor/lib/test/auto/matrixType14.xml
----------------- Instantiating /home/travis/build/icyphy/ptII/ptolemy/actor/lib/test/auto/matrixType14.xml
2 ms. Memory: 441344K Free: 246622K (56%)
----------------- Invoking toplevel() on ptolemy.moml.MoMLSimpleApplication@500ec170
----------------- Done invoking toplevel() on ptolemy.moml.MoMLSimpleApplication@500ec170
reloadAllAccessors: .matrixType14

===========================================================================================
----------------- testing Tue Oct 27 15:57:41 UTC 2020 /home/travis/build/icyphy/ptII/ptolemy/actor/lib/test/auto/matrixType2.xml
----------------- Instantiating /home/travis/build/icyphy/ptII/ptolemy/actor/lib/test/auto/matrixType2.xml
2 ms. Memory: 441344K Free: 241502K (55%)
----------------- Invoking toplevel() on ptolemy.moml.MoMLSimpleApplication@745696bf
----------------- Done invoking toplevel() on ptolemy.moml.MoMLSimpleApplication@745696bf
reloadAllAccessors: .matrixType2

===========================================================================================
----------------- testing Tue Oct 27 15:57:41 UTC 2020 /home/travis/build/icyphy/ptII/ptolemy/actor/lib/test/auto/matrixType3.xml
----------------- Instantiating /home/travis/build/icyphy/ptII/ptolemy/actor/lib/test/auto/matrixType3.xml
4 ms. Memory: 441344K Free: 236896K (54%)
----------------- Invoking toplevel() on ptolemy.moml.MoMLSimpleApplication@79f09b3
----------------- Done invoking toplevel() on ptolemy.moml.MoMLSimpleApplication@79f09b3
reloadAllAccessors: .matrixType3

===========================================================================================
----------------- testing Tue Oct 27 15:57:41 UTC 2020 /home/travis/build/icyphy/ptII/ptolemy/actor/lib/test/auto/matrixType4.xml
----------------- Instantiating /home/travis/build/icyphy/ptII/ptolemy/actor/lib/test/auto/matrixType4.xml
1 ms. Memory: 441344K Free: 232286K (53%)
----------------- Invoking toplevel() on ptolemy.moml.MoMLSimpleApplication@5eb0b7d4
----------------- Done invoking toplevel() on ptolemy.moml.MoMLSimpleApplication@5eb0b7d4
reloadAllAccessors: .matrixType4

===========================================================================================
----------------- testing Tue Oct 27 15:57:41 UTC 2020 /home/travis/build/icyphy/ptII/ptolemy/actor/lib/test/auto/matrixType5.xml
----------------- Instantiating /home/travis/build/icyphy/ptII/ptolemy/actor/lib/test/auto/matrixType5.xml
2 ms. Memory: 441344K Free: 227166K (51%)
----------------- Invoking toplevel() on ptolemy.moml.MoMLSimpleApplication@a082b69
----------------- Done invoking toplevel() on ptolemy.moml.MoMLSimpleApplication@a082b69
reloadAllAccessors: .matrixType5

===========================================================================================
----------------- testing Tue Oct 27 15:57:41 UTC 2020 /home/travis/build/icyphy/ptII/ptolemy/actor/lib/test/auto/matrixType6.xml
----------------- Instantiating /home/travis/build/icyphy/ptII/ptolemy/actor/lib/test/auto/matrixType6.xml
2 ms. Memory: 441344K Free: 222560K (50%)
----------------- Invoking toplevel() on ptolemy.moml.MoMLSimpleApplication@4496c74f
----------------- Done invoking toplevel() on ptolemy.moml.MoMLSimpleApplication@4496c74f
reloadAllAccessors: .matrixType6

===========================================================================================
----------------- testing Tue Oct 27 15:57:41 UTC 2020 /home/travis/build/icyphy/ptII/ptolemy/actor/lib/test/auto/matrixType7.xml
----------------- Instantiating /home/travis/build/icyphy/ptII/ptolemy/actor/lib/test/auto/matrixType7.xml
2 ms. Memory: 441344K Free: 217950K (49%)
----------------- Invoking toplevel() on ptolemy.moml.MoMLSimpleApplication@7c84387b
----------------- Done invoking toplevel() on ptolemy.moml.MoMLSimpleApplication@7c84387b
reloadAllAccessors: .matrixType7

===========================================================================================
----------------- testing Tue Oct 27 15:57:41 UTC 2020 /home/travis/build/icyphy/ptII/ptolemy/actor/lib/test/auto/matrixType8.xml
----------------- Instantiating /home/travis/build/icyphy/ptII/ptolemy/actor/lib/test/auto/matrixType8.xml
1 ms. Memory: 441344K Free: 212830K (48%)
----------------- Invoking toplevel() on ptolemy.moml.MoMLSimpleApplication@5bbb7380
----------------- Done invoking toplevel() on ptolemy.moml.MoMLSimpleApplication@5bbb7380
reloadAllAccessors: .matrixType8

===========================================================================================
----------------- testing Tue Oct 27 15:57:41 UTC 2020 /home/travis/build/icyphy/ptII/ptolemy/actor/lib/test/auto/matrixType9.xml
----------------- Instantiating /home/travis/build/icyphy/ptII/ptolemy/actor/lib/test/auto/matrixType9.xml
2 ms. Memory: 441344K Free: 208224K (47%)
----------------- Invoking toplevel() on ptolemy.moml.MoMLSimpleApplication@28ee981
----------------- Done invoking toplevel() on ptolemy.moml.MoMLSimpleApplication@28ee981
reloadAllAccessors: .matrixType9

===========================================================================================
----------------- testing Tue Oct 27 15:57:41 UTC 2020 /home/travis/build/icyphy/ptII/ptolemy/actor/lib/test/auto/paraFunctest.xml
----------------- Instantiating /home/travis/build/icyphy/ptII/ptolemy/actor/lib/test/auto/paraFunctest.xml
2 ms. Memory: 441344K Free: 204638K (46%)
----------------- Invoking toplevel() on ptolemy.moml.MoMLSimpleApplication@4d5e2af0
----------------- Done invoking toplevel() on ptolemy.moml.MoMLSimpleApplication@4d5e2af0
reloadAllAccessors: .paraFunctest

===========================================================================================
----------------- testing Tue Oct 27 15:57:41 UTC 2020 /home/travis/build/icyphy/ptII/ptolemy/actor/lib/test/auto/paraFunctest2.xml
----------------- Instantiating /home/travis/build/icyphy/ptII/ptolemy/actor/lib/test/auto/paraFunctest2.xml
2 ms. Memory: 441344K Free: 200512K (45%)
----------------- Invoking toplevel() on ptolemy.moml.MoMLSimpleApplication@65448a40
----------------- Done invoking toplevel() on ptolemy.moml.MoMLSimpleApplication@65448a40
reloadAllAccessors: .paraFunctest2

===========================================================================================
----------------- testing Tue Oct 27 15:57:41 UTC 2020 /home/travis/build/icyphy/ptII/ptolemy/actor/lib/test/auto/parameterPassing.xml
----------------- Instantiating /home/travis/build/icyphy/ptII/ptolemy/actor/lib/test/auto/parameterPassing.xml
1 ms. Memory: 441344K Free: 195936K (44%)
----------------- Invoking toplevel() on ptolemy.moml.MoMLSimpleApplication@6fbe3e51
----------------- Done invoking toplevel() on ptolemy.moml.MoMLSimpleApplication@6fbe3e51
reloadAllAccessors: .parameterPassing

===========================================================================================
----------------- testing Tue Oct 27 15:57:41 UTC 2020 /home/travis/build/icyphy/ptII/ptolemy/actor/lib/test/auto/record.xml
----------------- Instantiating /home/travis/build/icyphy/ptII/ptolemy/actor/lib/test/auto/record.xml
3 ms. Memory: 441344K Free: 191326K (43%)
----------------- Invoking toplevel() on ptolemy.moml.MoMLSimpleApplication@7d23b07f
----------------- Done invoking toplevel() on ptolemy.moml.MoMLSimpleApplication@7d23b07f
reloadAllAccessors: .record

===========================================================================================
----------------- testing Tue Oct 27 15:57:42 UTC 2020 /home/travis/build/icyphy/ptII/ptolemy/actor/lib/test/auto/sizedarray1.xml
----------------- Instantiating /home/travis/build/icyphy/ptII/ptolemy/actor/lib/test/auto/sizedarray1.xml
1 ms. Memory: 441344K Free: 185696K (42%)
----------------- Invoking toplevel() on ptolemy.moml.MoMLSimpleApplication@19ec1d57
----------------- Done invoking toplevel() on ptolemy.moml.MoMLSimpleApplication@19ec1d57
reloadAllAccessors: .sizedarray1

===========================================================================================
----------------- testing Tue Oct 27 15:57:42 UTC 2020 /home/travis/build/icyphy/ptII/ptolemy/actor/lib/test/auto/sizedarray2.xml
----------------- Instantiating /home/travis/build/icyphy/ptII/ptolemy/actor/lib/test/auto/sizedarray2.xml
3 ms. Memory: 441344K Free: 180576K (41%)
----------------- Invoking toplevel() on ptolemy.moml.MoMLSimpleApplication@674141d1
----------------- Done invoking toplevel() on ptolemy.moml.MoMLSimpleApplication@674141d1
reloadAllAccessors: .sizedarray2

===========================================================================================
----------------- testing Tue Oct 27 15:57:42 UTC 2020 /home/travis/build/icyphy/ptII/ptolemy/actor/lib/test/auto/twoPublishers.xml
----------------- Instantiating /home/travis/build/icyphy/ptII/ptolemy/actor/lib/test/auto/twoPublishers.xml
7 ms. Memory: 441344K Free: 170336K (39%)
----------------- Invoking toplevel() on ptolemy.moml.MoMLSimpleApplication@58f7209a
----------------- Done invoking toplevel() on ptolemy.moml.MoMLSimpleApplication@58f7209a
reloadAllAccessors: .twoPublishers
AutoTests.java: About to close Vertx.
AutoTests.java: Vertx closed.
]]></system-out>
  <system-err><![CDATA[java.lang.RuntimeException: Execution failed
	at ptolemy.moml.MoMLSimpleApplication$UnloadThread.run(MoMLSimpleApplication.java:402)
Caused by: java.lang.RuntimeException: StringUtilities.exit() was called. Normally, we would exit here because Manager.exitAfterWrapup() was called.  However, because the ptolemy.ptII.exitAfterWrapup property is set, we throw this exception instead.
	at ptolemy.util.StringUtilities.exit(StringUtilities.java:365)
	at ptolemy.actor.Manager.wrapup(Manager.java:1549)
	at ptolemy.actor.Manager.execute(Manager.java:407)
	at ptolemy.actor.Manager.run(Manager.java:1263)
	at ptolemy.actor.Manager$PtolemyRunThread.run(Manager.java:1933)
Warning: '.top.test' is in training mode, set the trainingMode parameter to false before checking in
Warning: '.top.test' is in training mode, set the trainingMode parameter to false before checking in
Warning: '.top.test' is in training mode, set the trainingMode parameter to false before checking in
Warning: '.BooleanSwitch_RegressionTest_WrongTrainingValues.Test' is in training mode, set the trainingMode parameter to false before checking in
Warning: '.BooleanSwitch_RegressionTest_WrongTrainingValues.Test2' is in training mode, set the trainingMode parameter to false before checking in
Warning: '.BooleanSwitch_RegressionTest_WrongTrainingValues.Test2' The test produced 0 tokens.
Warning: '.top.testExceptionHandler' is in training mode, set the trainingMode parameter to false before checking in
java.lang.RuntimeException: Execution failed
	at ptolemy.moml.MoMLSimpleApplication$UnloadThread.run(MoMLSimpleApplication.java:402)
Caused by: ptolemy.kernel.util.IllegalActionException: PublisherPorts cannot be used at the top level, use a Publisher actor instead.
  in .PublisherPortToplevelSubscriber.PublisherPort
	at ptolemy.actor.PublisherPort.preinitialize(PublisherPort.java:403)
	at ptolemy.actor.CompositeActor.preinitialize(CompositeActor.java:1769)
	at ptolemy.actor.Manager.preinitializeAndResolveTypes(Manager.java:1040)
	at ptolemy.actor.Manager.initialize(Manager.java:710)
	at ptolemy.actor.Manager.execute(Manager.java:356)
	at ptolemy.actor.Manager.run(Manager.java:1263)
	at ptolemy.actor.Manager$PtolemyRunThread.run(Manager.java:1933)
java.lang.reflect.InvocationTargetException
	at java.base/jdk.internal.reflect.NativeConstructorAccessorImpl.newInstance0(Native Method)
	at java.base/jdk.internal.reflect.NativeConstructorAccessorImpl.newInstance(NativeConstructorAccessorImpl.java:62)
	at java.base/jdk.internal.reflect.DelegatingConstructorAccessorImpl.newInstance(DelegatingConstructorAccessorImpl.java:45)
	at java.base/java.lang.reflect.Constructor.newInstance(Constructor.java:490)
	at ptolemy.util.test.junit.AutoKnownFailedTests.RunModel(AutoKnownFailedTests.java:105)
	at java.base/jdk.internal.reflect.NativeMethodAccessorImpl.invoke0(Native Method)
	at java.base/jdk.internal.reflect.NativeMethodAccessorImpl.invoke(NativeMethodAccessorImpl.java:62)
	at java.base/jdk.internal.reflect.DelegatingMethodAccessorImpl.invoke(DelegatingMethodAccessorImpl.java:43)
	at java.base/java.lang.reflect.Method.invoke(Method.java:566)
	at org.junit.runners.model.FrameworkMethod$1.runReflectiveCall(FrameworkMethod.java:44)
	at org.junit.internal.runners.model.ReflectiveCallable.run(ReflectiveCallable.java:15)
	at org.junit.runners.model.FrameworkMethod.invokeExplosively(FrameworkMethod.java:41)
	at junitparams.internal.InvokeParameterisedMethod.evaluate(InvokeParameterisedMethod.java:102)
	at org.junit.internal.runners.statements.FailOnTimeout$1.run(FailOnTimeout.java:28)
Caused by: ptolemy.kernel.util.IllegalActionException: PublisherPorts cannot be used at the top level, use a Publisher actor instead.
  in .PublisherPortToplevelSubscriber.PublisherPort
	at ptolemy.actor.PublisherPort.preinitialize(PublisherPort.java:403)
	at ptolemy.actor.CompositeActor.preinitialize(CompositeActor.java:1769)
	at ptolemy.actor.Manager.preinitializeAndResolveTypes(Manager.java:1040)
	at ptolemy.actor.Manager.initialize(Manager.java:710)
	at ptolemy.actor.Manager.execute(Manager.java:356)
	at ptolemy.actor.Manager.run(Manager.java:1263)
	at ptolemy.actor.Manager$PtolemyRunThread.run(Manager.java:1933)
java.lang.RuntimeException: Execution failed
	at ptolemy.moml.MoMLSimpleApplication$UnloadThread.run(MoMLSimpleApplication.java:402)
Caused by: ptolemy.kernel.util.IllegalActionException: SubscriberPorts cannot be used at the top level, use a Subscriber actor instead.
  in .PublisherSubscriberPortToplevel.SubscriberPort
	at ptolemy.actor.SubscriberPort.preinitialize(SubscriberPort.java:328)
	at ptolemy.actor.CompositeActor.preinitialize(CompositeActor.java:1769)
	at ptolemy.actor.Manager.preinitializeAndResolveTypes(Manager.java:1040)
	at ptolemy.actor.Manager.initialize(Manager.java:710)
	at ptolemy.actor.Manager.execute(Manager.java:356)
	at ptolemy.actor.Manager.run(Manager.java:1263)
	at ptolemy.actor.Manager$PtolemyRunThread.run(Manager.java:1933)
java.lang.reflect.InvocationTargetException
	at java.base/jdk.internal.reflect.NativeConstructorAccessorImpl.newInstance0(Native Method)
	at java.base/jdk.internal.reflect.NativeConstructorAccessorImpl.newInstance(NativeConstructorAccessorImpl.java:62)
	at java.base/jdk.internal.reflect.DelegatingConstructorAccessorImpl.newInstance(DelegatingConstructorAccessorImpl.java:45)
	at java.base/java.lang.reflect.Constructor.newInstance(Constructor.java:490)
	at ptolemy.util.test.junit.AutoKnownFailedTests.RunModel(AutoKnownFailedTests.java:105)
	at java.base/jdk.internal.reflect.NativeMethodAccessorImpl.invoke0(Native Method)
	at java.base/jdk.internal.reflect.NativeMethodAccessorImpl.invoke(NativeMethodAccessorImpl.java:62)
	at java.base/jdk.internal.reflect.DelegatingMethodAccessorImpl.invoke(DelegatingMethodAccessorImpl.java:43)
	at java.base/java.lang.reflect.Method.invoke(Method.java:566)
	at org.junit.runners.model.FrameworkMethod$1.runReflectiveCall(FrameworkMethod.java:44)
	at org.junit.internal.runners.model.ReflectiveCallable.run(ReflectiveCallable.java:15)
	at org.junit.runners.model.FrameworkMethod.invokeExplosively(FrameworkMethod.java:41)
	at junitparams.internal.InvokeParameterisedMethod.evaluate(InvokeParameterisedMethod.java:102)
	at org.junit.internal.runners.statements.FailOnTimeout$1.run(FailOnTimeout.java:28)
Caused by: ptolemy.kernel.util.IllegalActionException: SubscriberPorts cannot be used at the top level, use a Subscriber actor instead.
  in .PublisherSubscriberPortToplevel.SubscriberPort
	at ptolemy.actor.SubscriberPort.preinitialize(SubscriberPort.java:328)
	at ptolemy.actor.CompositeActor.preinitialize(CompositeActor.java:1769)
	at ptolemy.actor.Manager.preinitializeAndResolveTypes(Manager.java:1040)
	at ptolemy.actor.Manager.initialize(Manager.java:710)
	at ptolemy.actor.Manager.execute(Manager.java:356)
	at ptolemy.actor.Manager.run(Manager.java:1263)
	at ptolemy.actor.Manager$PtolemyRunThread.run(Manager.java:1933)
java.lang.RuntimeException: Execution failed
	at ptolemy.moml.MoMLSimpleApplication$UnloadThread.run(MoMLSimpleApplication.java:402)
Caused by: ptolemy.kernel.util.IllegalActionException: SubscriptionAggregatorPorts cannot be used at the top level, use a SubscriptionAggregator actor instead.
  in .PublisherSubscriptionAggregatorPort.SubscriptionAggregatorPort
	at ptolemy.actor.SubscriptionAggregatorPort.preinitialize(SubscriptionAggregatorPort.java:353)
	at ptolemy.actor.CompositeActor.preinitialize(CompositeActor.java:1769)
	at ptolemy.actor.Manager.preinitializeAndResolveTypes(Manager.java:1040)
	at ptolemy.actor.Manager.initialize(Manager.java:710)
	at ptolemy.actor.Manager.execute(Manager.java:356)
	at ptolemy.actor.Manager.run(Manager.java:1263)
	at ptolemy.actor.Manager$PtolemyRunThread.run(Manager.java:1933)
java.lang.reflect.InvocationTargetException
	at java.base/jdk.internal.reflect.NativeConstructorAccessorImpl.newInstance0(Native Method)
	at java.base/jdk.internal.reflect.NativeConstructorAccessorImpl.newInstance(NativeConstructorAccessorImpl.java:62)
	at java.base/jdk.internal.reflect.DelegatingConstructorAccessorImpl.newInstance(DelegatingConstructorAccessorImpl.java:45)
	at java.base/java.lang.reflect.Constructor.newInstance(Constructor.java:490)
	at ptolemy.util.test.junit.AutoKnownFailedTests.RunModel(AutoKnownFailedTests.java:105)
	at java.base/jdk.internal.reflect.NativeMethodAccessorImpl.invoke0(Native Method)
	at java.base/jdk.internal.reflect.NativeMethodAccessorImpl.invoke(NativeMethodAccessorImpl.java:62)
	at java.base/jdk.internal.reflect.DelegatingMethodAccessorImpl.invoke(DelegatingMethodAccessorImpl.java:43)
	at java.base/java.lang.reflect.Method.invoke(Method.java:566)
	at org.junit.runners.model.FrameworkMethod$1.runReflectiveCall(FrameworkMethod.java:44)
	at org.junit.internal.runners.model.ReflectiveCallable.run(ReflectiveCallable.java:15)
	at org.junit.runners.model.FrameworkMethod.invokeExplosively(FrameworkMethod.java:41)
	at junitparams.internal.InvokeParameterisedMethod.evaluate(InvokeParameterisedMethod.java:102)
	at org.junit.internal.runners.statements.FailOnTimeout$1.run(FailOnTimeout.java:28)
Caused by: ptolemy.kernel.util.IllegalActionException: SubscriptionAggregatorPorts cannot be used at the top level, use a SubscriptionAggregator actor instead.
  in .PublisherSubscriptionAggregatorPort.SubscriptionAggregatorPort
	at ptolemy.actor.SubscriptionAggregatorPort.preinitialize(SubscriptionAggregatorPort.java:353)
	at ptolemy.actor.CompositeActor.preinitialize(CompositeActor.java:1769)
	at ptolemy.actor.Manager.preinitializeAndResolveTypes(Manager.java:1040)
	at ptolemy.actor.Manager.initialize(Manager.java:710)
	at ptolemy.actor.Manager.execute(Manager.java:356)
	at ptolemy.actor.Manager.run(Manager.java:1263)
	at ptolemy.actor.Manager$PtolemyRunThread.run(Manager.java:1933)
java.lang.RuntimeException: Execution failed
	at ptolemy.moml.MoMLSimpleApplication$UnloadThread.run(MoMLSimpleApplication.java:402)
Caused by: ptolemy.kernel.util.IllegalActionException: TypeTest actor has no training data.
  in .sizedarray3.TypeTest
	at ptolemy.actor.lib.TypeTest.initialize(TypeTest.java:250)
	at ptolemy.actor.Director.initialize(Director.java:938)
	at ptolemy.actor.Director.initialize(Director.java:907)
	at ptolemy.actor.sched.StaticSchedulingDirector.initialize(StaticSchedulingDirector.java:159)
	at ptolemy.domains.sdf.kernel.SDFDirector.initialize(SDFDirector.java:544)
	at ptolemy.actor.CompositeActor.initialize(CompositeActor.java:935)
	at ptolemy.actor.Manager.initialize(Manager.java:724)
	at ptolemy.actor.Manager.execute(Manager.java:356)
	at ptolemy.actor.Manager.run(Manager.java:1263)
	at ptolemy.actor.Manager$PtolemyRunThread.run(Manager.java:1933)
java.lang.reflect.InvocationTargetException
	at java.base/jdk.internal.reflect.NativeConstructorAccessorImpl.newInstance0(Native Method)
	at java.base/jdk.internal.reflect.NativeConstructorAccessorImpl.newInstance(NativeConstructorAccessorImpl.java:62)
	at java.base/jdk.internal.reflect.DelegatingConstructorAccessorImpl.newInstance(DelegatingConstructorAccessorImpl.java:45)
	at java.base/java.lang.reflect.Constructor.newInstance(Constructor.java:490)
	at ptolemy.util.test.junit.AutoKnownFailedTests.RunModel(AutoKnownFailedTests.java:105)
	at java.base/jdk.internal.reflect.NativeMethodAccessorImpl.invoke0(Native Method)
	at java.base/jdk.internal.reflect.NativeMethodAccessorImpl.invoke(NativeMethodAccessorImpl.java:62)
	at java.base/jdk.internal.reflect.DelegatingMethodAccessorImpl.invoke(DelegatingMethodAccessorImpl.java:43)
	at java.base/java.lang.reflect.Method.invoke(Method.java:566)
	at org.junit.runners.model.FrameworkMethod$1.runReflectiveCall(FrameworkMethod.java:44)
	at org.junit.internal.runners.model.ReflectiveCallable.run(ReflectiveCallable.java:15)
	at org.junit.runners.model.FrameworkMethod.invokeExplosively(FrameworkMethod.java:41)
	at junitparams.internal.InvokeParameterisedMethod.evaluate(InvokeParameterisedMethod.java:102)
	at org.junit.internal.runners.statements.FailOnTimeout$1.run(FailOnTimeout.java:28)
Caused by: ptolemy.kernel.util.IllegalActionException: TypeTest actor has no training data.
  in .sizedarray3.TypeTest
	at ptolemy.actor.lib.TypeTest.initialize(TypeTest.java:250)
	at ptolemy.actor.Director.initialize(Director.java:938)
	at ptolemy.actor.Director.initialize(Director.java:907)
	at ptolemy.actor.sched.StaticSchedulingDirector.initialize(StaticSchedulingDirector.java:159)
	at ptolemy.domains.sdf.kernel.SDFDirector.initialize(SDFDirector.java:544)
	at ptolemy.actor.CompositeActor.initialize(CompositeActor.java:935)
	at ptolemy.actor.Manager.initialize(Manager.java:724)
	at ptolemy.actor.Manager.execute(Manager.java:356)
	at ptolemy.actor.Manager.run(Manager.java:1263)
	at ptolemy.actor.Manager$PtolemyRunThread.run(Manager.java:1933)
]]></system-err>
</testsuite>
