<?xml version="1.0" encoding="UTF-8" ?>
<testsuite errors="0" failures="1" hostname="travis-job-6a3f5e43-1f49-43f0-a534-eefe2c47583a" name="ptolemy.actor.lib.test.junit.JUnitTclTest" skipped="0" tests="517" time="63.847" timestamp="2019-07-21T05:13:05">
  <properties>
    <property name="npm.executable" value="npm" />
    <property name="env.TRAVIS_ROOT" value="/" />
    <property name="ptII.mk.exists" value="true" />
    <property name="env.TRAVIS_APP_HOST" value="build.travis-ci.org" />
    <property name="env.rvm_bin_path" value="/home/travis/.rvm/bin" />
    <property name="java.home" value="/usr/local/lib/jvm/openjdk11" />
    <property name="env.TRAVIS_JOB_NUMBER" value="1263.8" />
    <property name="env.TRAVIS_HOME" value="/home/travis" />
    <property name="env.DISPLAY" value=":99.0" />
    <property name="env.TRAVIS_INIT" value="systemd" />
    <property name="env.SSH_TTY" value="/dev/pts/0" />
    <property name="java.net.preferIPv4Stack" value="true" />
    <property name="env.RUN_TESTS" value="true" />
    <property name="timeout.short" value="1000000" />
    <property name="junit.formatter" value="xml" />
    <property name="env.TRAVIS_SUDO" value="true" />
    <property name="env.TRAVIS_JOB_NAME" value="" />
    <property name="env.TRAVIS_STACK_NODE_ATTRIBUTES" value="/.node-attributes.yml" />
    <property name="env.LOGNAME" value="travis" />
    <property name="env.PT_TRAVIS_TEST_CORE1_XML" value="true" />
    <property name="jsdoc.home" value="node_modules/@terraswarm/jsdoc" />
    <property name="debuglevel" value="source,lines,vars" />
    <property name="checkstyle.formatter" value="xml" />
    <property name="env._system_version" value="16.04" />
    <property name="bin.vergil.makeable" value="true" />
    <property name="sun.os.patch.level" value="unknown" />
    <property name="java.vendor.url" value="http://java.oracle.com/" />
    <property name="env.TRAVIS_BUILD_WEB_URL" value="https://travis-ci.org/icyphy/ptII/builds/561585331" />
    <property name="java.version" value="11.0.2" />
    <property name="env.TZ" value="UTC" />
    <property name="env.TRAVIS_PULL_REQUEST_SHA" value="" />
    <property name="env.PT_NO_NET" value="true" />
    <property name="env.TRAVIS_SECURE_ENV_VARS" value="true" />
    <property name="env._system_type" value="Linux" />
    <property name="java.vendor.url.bug" value="http://bugreport.java.com/bugreport/" />
    <property name="npmjs-org-is-up" value="true" />
    <property name="env.LANGUAGE" value="en_US.UTF-8" />
    <property name="env.SSH_CLIENT" value="10.10.4.70 36986 22" />
    <property name="env.GEM_HOME" value="/home/travis/.rvm/gems/ruby-2.5.3" />
    <property name="env.HAS_ANTARES_THREE_LITTLE_FRONZIES_BADGE" value="true" />
    <property name="java.version.date" value="2019-01-15" />
    <property name="env.PS4" value="+" />
    <property name="ant.project.invoked-targets" value="build,test.core1.xml" />
    <property name="env.TRAVIS_PULL_REQUEST_BRANCH" value="" />
    <property name="env.TRAVIS_REPO_SLUG" value="icyphy/ptII" />
    <property name="env.XDG_DATA_DIRS" value="/usr/local/share:/usr/share:/var/lib/snapd/desktop" />
    <property name="jdk.debug" value="release" />
    <property name="env.TRAVIS_APT_PROXY" value="http://apt.cache.travis-ci.com" />
    <property name="node.in.path" value="true" />
    <property name="user.name" value="travis" />
    <property name="java.maxmemory" value="1400m" />
    <property name="env.RUBY_VERSION" value="ruby-2.5.3" />
    <property name="env.LANG" value="en_US.UTF-8" />
    <property name="sun.io.unicode.encoding" value="UnicodeLittle" />
    <property name="sun.jnu.encoding" value="UTF-8" />
    <property name="java.runtime.name" value="OpenJDK Runtime Environment" />
    <property name="usefile" value="false" />
    <property name="return.code" value="0" />
    <property name="junit.single.formatter" value="plain" />
    <property name="env.DYLD_LIBRARY_PATH" value="/home/travis/pthla/certi-tools/lib:" />
    <property name="env.DEBIAN_FRONTEND" value="noninteractive" />
    <property name="env.SSH_CONNECTION" value="10.10.4.70 36986 10.20.0.173 22" />
    <property name="env.MYSQL_UNIX_PORT" value="/var/run/mysqld/mysqld.sock" />
    <property name="env.LC_ALL" value="en_US.UTF-8" />
    <property name="env.TRAVIS_ALLOW_FAILURE" value="false" />
    <property name="env.TRAVIS_JOB_WEB_URL" value="https://travis-ci.org/icyphy/ptII/jobs/561585339" />
    <property name="java.specification.name" value="Java Platform API Specification" />
    <property name="node.works" value="true" />
    <property name="user.timezone" value="" />
    <property name="path.separator" value=":" />
    <property name="env.TRAVIS_ENABLE_INFRA_DETECTION" value="true" />
    <property name="env.PYTHON_CFLAGS" value="-g -fstack-protector --param=ssp-buffer-size=4 -Wformat -Werror=format-security" />
    <property name="timeout.long" value="4000000" />
    <property name="env.CERTI_HOME" value="/home/travis/pthla/certi-tools" />
    <property name="ant.file.ptII" value="/home/travis/build/icyphy/ptII/build.xml" />
    <property name="javadoc.packagenames" value="com.*,diva.*,lbnl.*,org.hlacerti.*,org.json.*,org.ptolemy.*,org.terraswarm.*,ptolemy.*,ptserver.*" />
    <property name="file.encoding" value="UTF-8" />
    <property name="env.TRAVIS_PULL_REQUEST_SLUG" value="" />
    <property name="ant.project.default-target" value="build" />
    <property name="env.GIT_ASKPASS" value="echo" />
    <property name="env.HOME" value="/home/travis" />
    <property name="sun.java.command" value="org.apache.tools.ant.taskdefs.optional.junit.JUnitTestRunner ptolemy.actor.lib.test.junit.JUnitTclTest skipNonTests=false filtertrace=true haltOnError=false haltOnFailure=false formatter=org.apache.tools.ant.taskdefs.optional.junit.OutErrSummaryJUnitResultFormatter showoutput=true outputtoformatters=true logfailedtests=true threadid=0 logtestlistenerevents=false formatter=org.apache.tools.ant.taskdefs.optional.junit.XMLJUnitResultFormatter,/home/travis/build/icyphy/ptII/reports/junit/TEST-ptolemy.actor.lib.test.junit.JUnitTclTest.xml crashfile=/home/travis/build/icyphy/ptII/junitvmwatcher128276052687490484.properties propsfile=/home/travis/build/icyphy/ptII/junit16943681190082405715.properties" />
    <property name="env.COMPOSER_NO_INTERACTION" value="1" />
    <property name="env.MANPATH" value="/home/travis/.nvm/versions/node/v7.10.1/share/man:/home/travis/.rvm/rubies/ruby-2.5.3/share/man:/usr/local/cmake-3.12.4/man:/usr/local/clang-7.0.0/share/man:/usr/local/man:/usr/local/share/man:/usr/share/man:/home/travis/.rvm/man" />
    <property name="env.TRAVIS_TIMER_ID" value="17d9e656" />
    <property name="ant.file" value="/home/travis/build/icyphy/ptII/build.xml" />
    <property name="env.TRAVIS_COMMIT_RANGE" value="3e8fc68320ec6abfe10ee00146ba47d465fe175b...c79886f35f0269e3e2b325b3bbcbd28d7ee33b1c" />
    <property name="env._system_name" value="Ubuntu" />
    <property name="ptII.classpath.optional.property" value="/home/travis/build/icyphy/ptII/lib/bsh-2.0b4.jar:/home/travis/build/icyphy/ptII/lib/ptCal.jar:/home/travis/build/icyphy/ptII/lib/java_cup.jar:/home/travis/build/icyphy/ptII/lib/saxon8.jar:/home/travis/build/icyphy/ptII/lib/saxon8-dom.jar:/home/travis/build/icyphy/ptII/lib/chic.jar:/home/travis/build/icyphy/ptII/lib/ptcolt.jar:/home/travis/build/icyphy/ptII/vendors/misc/itext/iText.jar:/home/travis/build/icyphy/ptII/lib/g4ltl.jar:/home/travis/build/icyphy/ptII/lib/StructuralCoder.jar:/home/travis/build/icyphy/ptII/lib/jcerti.jar:/home/travis/build/icyphy/ptII/lib/javax.mail.jar:/home/travis/build/icyphy/ptII/vendors/JMF-2.1.1e/lib/jmf.jar:/home/travis/build/icyphy/ptII/lib/jna-4.0.0-variadic.jar:/home/travis/build/icyphy/ptII/vendors/misc/joystick/Joystick.jar:/home/travis/build/icyphy/ptII/lib/ptjacl.jar:/home/travis/build/icyphy/ptII/lib/jsoup-1.8.2.jar:/home/travis/build/icyphy/ptII/lib/junit-4.8.2.jar:/home/travis/build/icyphy/ptII/lib/JUnitParams-0.4.0.jar:/home/travis/build/icyphy/ptII/ptolemy/actor/lib/excel/jxl.jar:/home/travis/build/icyphy/ptII/lib/jython.jar:/home/travis/build/icyphy/ptII/lib/kieler.jar:/home/travis/build/icyphy/ptII/vendors/opencv/share/OpenCV/java/opencv-341.jar:/home/travis/build/icyphy/ptII/lib/oscP5.jar:/home/travis/build/icyphy/ptII/lib/nrjavaserial-3.11.0.devel.jar:/home/travis/build/icyphy/ptII/vendors/j3d/lib/Linux/j3dcore.jar:/home/travis/build/icyphy/ptII/vendors/j3d/lib/Linux/j3dutils.jar:/home/travis/build/icyphy/ptII/vendors/j3d/lib/Linux/vecmath.jar:/home/travis/build/icyphy/ptII/vendors/jogl/lib/Linux/gluegen-rt-natives-linux-amd64.jar:/home/travis/build/icyphy/ptII/vendors/jogl/lib/Linux/gluegen-rt.jar:/home/travis/build/icyphy/ptII/vendors/jogl/lib/Linux/jogl-all-natives-linux-amd64.jar:/home/travis/build/icyphy/ptII/vendors/jogl/lib/Linux/jogl-all.jar:/home/travis/build/icyphy/ptII/ptolemy/distributed/jini/jar/jini-core.jar:/home/travis/build/icyphy/ptII/ptolemy/distributed/jini/jar/jini-ext.jar:/home/travis/build/icyphy/ptII/ptolemy/distributed/jini/jar/sun-util.jar:/home/travis/build/icyphy/ptII/lib/protobuf-java-2.4.1.jar:/home/travis/build/icyphy/ptII/lib/org.eclipse.paho.client.mqttv3.jar:/home/travis/build/icyphy/ptII/lib/mapss.jar:/home/travis/build/icyphy/ptII/ptolemy/actor/ptalon/antlr/antlr.jar:/home/travis/build/icyphy/ptII/lib/JRI.jar:/home/travis/build/icyphy/ptII/lib/commons-lang-2.6.jar:/home/travis/build/icyphy/ptII/lib/commons-logging-1.1.1.jar:/home/travis/build/icyphy/ptII/lib/sootclasses.jar:/home/travis/build/icyphy/ptII/ptolemy/actor/lib/database/mysql-connector-java-5.1.6-bin.jar:/home/travis/build/icyphy/ptII/vendors/misc/sphinx4/sphinx4-data-5prealpha.jar:/home/travis/build/icyphy/ptII/vendors/misc/sphinx4/sphinx4-core-5prealpha.jar:/home/travis/build/icyphy/ptII/lib/PDFRenderer.jar:/home/travis/build/icyphy/ptII/lib/svgSalamander.jar:/home/travis/build/icyphy/ptII/lib/rsyntaxtextarea-2.6.0-SNAPSHOT.jar:/home/travis/build/icyphy/ptII/lib/hazelcast-3.8.2.jar:/home/travis/build/icyphy/ptII/lib/jackson-annotations-2.9.0.jar:/home/travis/build/icyphy/ptII/lib/jackson-core-2.9.3.jar:/home/travis/build/icyphy/ptII/lib/jackson-databind-2.9.3.jar:/home/travis/build/icyphy/ptII/lib/netty-buffer-4.1.19.Final.jar:/home/travis/build/icyphy/ptII/lib/netty-codec-4.1.19.Final.jar:/home/travis/build/icyphy/ptII/lib/netty-codec-dns-4.1.19.Final.jar:/home/travis/build/icyphy/ptII/lib/netty-codec-http-4.1.19.Final.jar:/home/travis/build/icyphy/ptII/lib/netty-codec-http2-4.1.19.Final.jar:/home/travis/build/icyphy/ptII/lib/netty-common-4.1.19.Final.jar:/home/travis/build/icyphy/ptII/lib/netty-handler-4.1.19.Final.jar:/home/travis/build/icyphy/ptII/lib/netty-resolver-4.1.19.Final.jar:/home/travis/build/icyphy/ptII/lib/netty-resolver-dns-4.1.19.Final.jar:/home/travis/build/icyphy/ptII/lib/netty-transport-4.1.19.Final.jar:/home/travis/build/icyphy/ptII/lib/vertx-codegen-3.5.1.jar:/home/travis/build/icyphy/ptII/lib/vertx-core-3.5.2-SNAPSHOT.jar:/home/travis/build/icyphy/ptII/lib/vertx-hazelcast-3.5.1.jar:/home/travis/build/icyphy/ptII/lib/vertx-lang-js-3.5.1.jar:/home/travis/build/icyphy/ptII/lib/vertx-service-proxy-3.5.1.jar:/home/travis/build/icyphy/ptII/lib/vertx-web-3.5.1.jar:/home/travis/build/icyphy/ptII/lib/slf4j-api-1.7.13.jar:/home/travis/build/icyphy/ptII/lib/slf4j-simple-1.7.13.jar:/home/travis/build/icyphy/ptII/lib/webcam-capture-0.3.12.jar:/home/travis/build/icyphy/ptII/lib/bridj-0.7.0.jar:/home/travis/build/icyphy/ptII/lib/xbjlib-1.1.0.nrjavaserial.jar" />
    <property name="timeout" value="2400000" />
    <property name="test.batch" value="**/junit/*.java" />
    <property name="env._" value="/usr/bin/timeout" />
    <property name="java.io.tmpdir" value="/tmp" />
    <property name="user.language" value="en" />
    <property name="env.TRAVIS_INTERNAL_RUBY_REGEX" value="^ruby-(2\.[0-4]\.[0-9]|1\.9\.3)" />
    <property name="env.HISTCONTROL" value="ignoredups:ignorespace" />
    <property name="env.GOROOT" value="/home/travis/.gimme/versions/go1.11.1.linux.amd64" />
    <property name="line.separator" value="&#xa;" />
    <property name="target" value="11" />
    <property name="env.TRAVIS_BUILD_DIR" value="/home/travis/build/icyphy/ptII" />
    <property name="env.ANT_OPTS" value="-Xmx2048m" />
    <property name="ant.file.type" value="file" />
    <property name="ptolemy.ptII.batchMode" value="true" />
    <property name="env.HISTSIZE" value="1000" />
    <property name="env.MERB_ENV" value="test" />
    <property name="java.vm.info" value="mixed mode" />
    <property name="source" value="11" />
    <property name="java.vm.specification.name" value="Java Virtual Machine Specification" />
    <property name="env.TRAVIS_TEST_RESULT" value="0" />
    <property name="jsdoc.command" value="node_modules/@terraswarm/jsdoc/jsdoc.js" />
    <property name="npm.works" value="true" />
    <property name="cobertura.dir" value="/home/travis/build/icyphy/ptII/vendors/cobertura-2.0.3" />
    <property name="jsdoc.command.exists" value="true" />
    <property name="env.rvm_path" value="/home/travis/.rvm" />
    <property name="env.GEM_PATH" value="/home/travis/.rvm/gems/ruby-2.5.3:/home/travis/.rvm/gems/ruby-2.5.3@global" />
    <property name="env.LC_CTYPE" value="en_US.UTF-8" />
    <property name="env.TRAVIS_CMD" value="$PTII/bin/ptIITravisBuild.sh $SECONDS" />
    <property name="java.awt.printerjob" value="sun.print.PSPrinterJob" />
    <property name="env.TRAVIS_STACK_NAME" value="sardonyx" />
    <property name="env.TRAVIS_TIMER_START_TIME" value="1563685269081717524" />
    <property name="ant.version" value="Apache Ant(TM) version 1.10.1 compiled on February 2 2017" />
    <property name="ptII.reports" value="/home/travis/build/icyphy/ptII/reports" />
    <property name="env.TRAVIS_STACK_TIMESTAMP" value="2019-03-25 16:16:56 UTC" />
    <property name="ant.file.type.ptII" value="file" />
    <property name="env.RBENV_SHELL" value="bash" />
    <property name="os.name" value="Linux" />
    <property name="java.specification.vendor" value="Oracle Corporation" />
    <property name="env.rvm_version" value="1.29.7 (latest)" />
    <property name="env.TRAVIS_INFRA" value="gce" />
    <property name="env.TERM" value="xterm" />
    <property name="java.vm.name" value="OpenJDK 64-Bit Server VM" />
    <property name="env.TRAVIS_BUILD_NUMBER" value="1263" />
    <property name="env.CI" value="true" />
    <property name="java.library.path" value="/home/travis/pthla/certi-tools/lib:/usr/lib/jni:/usr/local/share/OpenCV/java/:/usr/share/OpenCV/java::/usr/java/packages/lib:/usr/lib64:/lib64:/lib:/usr/lib" />
    <property name="jdk.module.path" value="/home/travis/build/icyphy/ptII/vendors/javafx/javafx-sdk-11.0.2/lib:" />
    <property name="env.rvm_prefix" value="/home/travis" />
    <property name="env.PATH" value="/home/travis/pthla/certi-tools/share/scripts:/home/travis/.rvm/gems/ruby-2.5.3/bin:/home/travis/.rvm/gems/ruby-2.5.3@global/bin:/home/travis/.rvm/rubies/ruby-2.5.3/bin:/home/travis/.rvm/bin:/home/travis/.nvm/versions/node/v7.10.1/bin:./node_modules/.bin:/home/travis/build/icyphy/ptII/bin:/home/travis/pthla/certi-tools/bin:/home/travis/bin:/home/travis/.local/bin:/usr/local/lib/jvm/openjdk11/bin:/opt/pyenv/shims:/home/travis/.phpenv/shims:/home/travis/perl5/perlbrew/bin:/home/travis/gopath/bin:/home/travis/.gimme/versions/go1.11.1.linux.amd64/bin:/usr/local/maven-3.6.0/bin:/usr/local/cmake-3.12.4/bin:/usr/local/clang-7.0.0/bin:/usr/local/sbin:/usr/local/bin:/usr/sbin:/usr/bin:/sbin:/bin:/snap/bin:/home/travis/.phpenv/bin:/opt/pyenv/bin:/home/travis/.yarn/bin" />
    <property name="env.TRAVIS_OS_NAME" value="linux" />
    <property name="ant.java.version" value="9" />
    <property name="basedir" value="/home/travis/build/icyphy/ptII" />
    <property name="java.class.version" value="55.0" />
    <property name="env.SHLVL" value="3" />
    <property name="env.LD_LIBRARY_PATH" value="/home/travis/pthla/certi-tools/lib:/usr/lib/jni:/usr/local/share/OpenCV/java/:/usr/share/OpenCV/java:" />
    <property name="env.RACK_ENV" value="test" />
    <property name="ant.home" value="/home/travis/build/icyphy/ptII/ant" />
    <property name="env.NVM_DIR" value="/home/travis/.nvm" />
    <property name="env.CERTI_FOM_PATH" value="/home/travis/pthla/certi-tools/share/federations" />
    <property name="env.TRAVIS_BUILD_ID" value="561585331" />
    <property name="env.PYENV_ROOT" value="/opt/pyenv" />
    <property name="env.TRAVIS_UID" value="2000" />
    <property name="prism.verbose" value="true" />
    <property name="env.NVM_BIN" value="/home/travis/.nvm/versions/node/v7.10.1/bin" />
    <property name="env.TRAVIS_COMMIT" value="c79886f35f0269e3e2b325b3bbcbd28d7ee33b1c" />
    <property name="env._system_arch" value="x86_64" />
    <property name="node.executable" value="node" />
    <property name="sun.boot.library.path" value="/usr/local/lib/jvm/openjdk11/lib" />
    <property name="sun.management.compiler" value="HotSpot 64-Bit Tiered Compilers" />
    <property name="java.awt.graphicsenv" value="sun.awt.X11GraphicsEnvironment" />
    <property name="env.GOPATH" value="/home/travis/gopath" />
    <property name="ptolemy.ptII.dir" value="/home/travis/build/icyphy/ptII" />
    <property name="env.USER" value="travis" />
    <property name="env.HISTFILESIZE" value="2000" />
    <property name="timeout.longest" value="19000000" />
    <property name="env.PERLBREW_SHELLRC_VERSION" value="0.86" />
    <property name="env.TRAVIS_STACK_FEATURES" value="basic couchdb disabled-ipv6 docker docker-compose elasticsearch firefox go-toolchain google-chrome jdk memcached mongodb mysql nodejs_interpreter perl_interpreter perlbrew phantomjs postgresql python_interpreter redis ruby_interpreter sqlite xserver" />
    <property name="env.TRAVIS_PULL_REQUEST" value="false" />
    <property name="env.PYENV_SHELL" value="bash" />
    <property name="ant.project.name" value="ptII" />
    <property name="env.ANSI_RESET" value="\033[0m" />
    <property name="java.vm.specification.version" value="11" />
    <property name="env.TRAVIS_DIST" value="xenial" />
    <property name="env.CERTI_VERSION" value="4.0.0" />
    <property name="env.CERTI_HOST" value="localhost" />
    <property name="awt.toolkit" value="sun.awt.X11.XToolkit" />
    <property name="env.MY_RUBY_HOME" value="/home/travis/.rvm/rubies/ruby-2.5.3" />
    <property name="sun.cpu.isalist" value="" />
    <property name="env.TRAVIS_TMPDIR" value="/tmp/tmp.92LkmsIO4N" />
    <property name="java.vm.compressedOopsMode" value="Zero based" />
    <property name="os.version" value="4.15.0-1028-gcp" />
    <property name="user.home" value="/home/travis" />
    <property name="java.vm.vendor" value="Oracle Corporation" />
    <property name="env.TRAVIS_TAG" value="nightly" />
    <property name="env.ANSI_YELLOW" value="\033[33;1m" />
    <property name="env.TRAVIS_FILTERED" value="redirect_io" />
    <property name="env.ANSI_GREEN" value="\033[32;1m" />
    <property name="env.JAVA_HOME" value="/usr/local/lib/jvm/openjdk11" />
    <property name="javadoc.excludepackagenames" value="adm.cvs2svn.*,build.*,config.*,doc.coding.templates.*,jni.test.jni.meaningOfLife.*,jni.test.jni.testDeux.*,jni.test.jni.testTrois.*,org.terraswarm.accessor.accessors.web.node_modules.*,org.terraswarm.accessor.accessors.web.hosts.cordova.demo.*,org.terraswarm.accessor.accessors.web.hosts.cordova.plugins.*,org.terraswarm.accessor.accessors-svn.*,pt-modules.*,ptolemy.apps.agilent.*,ptolemy.apps.anytimecontrol.*,ptolemy.apps.apes.*,ptolemy.apps.charon.*,ptolemy.apps.crazyboard.*,ptolemy.apps.eclipse.*,ptolemy.apps.etherealSting.*,ptolemy.apps.fullscreen.*,ptolemy.apps.giotto.*,ptolemy.apps.ia.*,ptolemy.apps.interfaces.*,ptolemy.apps.jmf.*,ptolemy.apps.kurt.*,ptolemy.apps.kvm.*,ptolemy.apps.lego.*,ptolemy.apps.lejos.*,ptolemy.apps.midp.*,ptolemy.apps.mobileCoding.*,ptolemy.apps.pendulum.*,ptolemy.apps.rijndael.*,ptolemy.apps.robot.*,ptolemy.apps.security.*,ptolemy.apps.sobel.*,ptolemy.apps.soot.*,ptolemy.apps.throttle.*,ptolemy.apps.tini.*,ptolemy.apps.transmission.*,ptolemy.apps.vergil.*,ptolemy.apps.waba.*,ptolemy.apps.websensor.*,ptolemy.apps.webstart.*,ptolemy.apps.xsl.*,ptolemy.apps.zaurus.*,ptolemy.codegen.c.actor.lib.oldJavaFiles.*,ptolemy.codegen.dsp.lib.*,ptolemy.codegen.kernel.newInterfaces.*,ptolemy.codegen.lib.*,ptolemy.copernicus.kernel.fragment.*,ptolemy.copernicus.shallow.cg.*,ptolemy.domains.giotto.demo.Hierarchy.Hierarchy.*,ptolemy.domains.giotto.demo.Multimode.Multimode.*,ptolemy.domains.giotto.demo.Simple.Simple.*,ptolemy.domains.gr.lib.experimental.*,ptolemy.domains.gro.*,ptolemy.domains.pdf.*,ptolemy.domains.ptinyos.demo.Surge.output.*,ptolemy.moml.test.NoPackageActor.java*,ptolemy.plot.adm.*,ptolemy.plot.servlet.*,reports.*,signed.*,src.*,target.*,vendors.*,ptolemy.copernicus.applet.*,ptolemy.media.viewer.*,ptolemy.actor.corba.*,doc.doclets.*,ptolemy.apps.eclipse.awt.*,ptolemy.backtrack.*,ptolemy.backtrack.ast.*,ptolemy.cg.adapter.generic.program.procedural.c.mbed*,ptolemy.homer.*,ptolemy.actor.lib.jai.*,org.ptolemy.scala.*,diva.util.java2d.svg.*,ptolemy.domains.ptinyos.*,ptolemy.actor.lib.fmi.fmipp.*,,org.terraswarm.accessor.accessors.web.node_modules.*,org.terraswarm.accessor.accessors-svn,ptolemy.apps.*,ptolemy.actor.ptalon.demo.ptinyos.SendAndReceiveCnt.output,ptolemy.actor.ptalon.demo.ptinyos.SenseToLeds.output,ptolemy.domains.ptinyos.demo.CntToLedsAndRfm.output,ptolemy.domains.ptinyos.demo.RfmToLeds.output,ptolemy.domains.ptinyos.demo.SendAndReceiveCnt.output,ptolemy.domains.ptinyos.demo.SenseToLeds.output,ptolemy.actor.lib.jjs.modules.udpSocket.*" />
    <property name="env.PTII" value="/home/travis/build/icyphy/ptII" />
    <property name="env.XDG_SESSION_ID" value="2" />
    <property name="keystore" value="ptKeystore" />
    <property name="env.TRAVIS_COMMIT_MESSAGE" value="Run test.travis.timeout.fail.xml" />
    <property name="junit.output.dir" value="/home/travis/build/icyphy/ptII/reports/junit" />
    <property name="npm.return.code" value="0" />
    <property name="user.dir" value="/home/travis/build/icyphy/ptII/ptolemy/actor/lib/test" />
    <property name="env.TRAVIS_NODE_VERSION" value="7" />
    <property name="env.TRAVIS_EVENT_TYPE" value="cron" />
    <property name="env.MAIL" value="/var/mail/travis" />
    <property name="env.PERLBREW_ROOT" value="/home/travis/perl5/perlbrew" />
    <property name="env.PWD" value="/home/travis/build/icyphy/ptII" />
    <property name="timeout.npm" value="45000" />
    <property name="env.TRAVIS_ARCH" value="amd64" />
    <property name="sun.cpu.endian" value="little" />
    <property name="env.PAGER" value="cat" />
    <property name="env.TRAVIS_BUILD_STAGE_NAME" value="Test" />
    <property name="env.PERLBREW_HOME" value="/home/travis/.perlbrew" />
    <property name="java.vm.version" value="11.0.2+9" />
    <property name="env.RAILS_ENV" value="test" />
    <property name="java.class.path" value="/home/travis/.ptolemyII:/home/travis/.ptolemyII/*:/home/travis/build/icyphy/ptII:/home/travis/build/icyphy/ptII/lib/bsh-2.0b4.jar:/home/travis/build/icyphy/ptII/lib/ptCal.jar:/home/travis/build/icyphy/ptII/lib/java_cup.jar:/home/travis/build/icyphy/ptII/lib/saxon8.jar:/home/travis/build/icyphy/ptII/lib/saxon8-dom.jar:/home/travis/build/icyphy/ptII/lib/chic.jar:/home/travis/build/icyphy/ptII/lib/ptcolt.jar:/home/travis/build/icyphy/ptII/vendors/misc/itext/iText.jar:/home/travis/build/icyphy/ptII/lib/g4ltl.jar:/home/travis/build/icyphy/ptII/lib/StructuralCoder.jar:/home/travis/build/icyphy/ptII/lib/jcerti.jar:/home/travis/build/icyphy/ptII/lib/javax.mail.jar:/home/travis/build/icyphy/ptII/vendors/JMF-2.1.1e/lib/jmf.jar:/home/travis/build/icyphy/ptII/lib/jna-4.0.0-variadic.jar:/home/travis/build/icyphy/ptII/vendors/misc/joystick/Joystick.jar:/home/travis/build/icyphy/ptII/lib/ptjacl.jar:/home/travis/build/icyphy/ptII/lib/jsoup-1.8.2.jar:/home/travis/build/icyphy/ptII/lib/junit-4.8.2.jar:/home/travis/build/icyphy/ptII/lib/JUnitParams-0.4.0.jar:/home/travis/build/icyphy/ptII/ptolemy/actor/lib/excel/jxl.jar:/home/travis/build/icyphy/ptII/lib/jython.jar:/home/travis/build/icyphy/ptII/lib/kieler.jar:/home/travis/build/icyphy/ptII/vendors/opencv/share/OpenCV/java/opencv-341.jar:/home/travis/build/icyphy/ptII/lib/oscP5.jar:/home/travis/build/icyphy/ptII/lib/nrjavaserial-3.11.0.devel.jar:/home/travis/build/icyphy/ptII/vendors/j3d/lib/Linux/j3dcore.jar:/home/travis/build/icyphy/ptII/vendors/j3d/lib/Linux/j3dutils.jar:/home/travis/build/icyphy/ptII/vendors/j3d/lib/Linux/vecmath.jar:/home/travis/build/icyphy/ptII/vendors/jogl/lib/Linux/gluegen-rt-natives-linux-amd64.jar:/home/travis/build/icyphy/ptII/vendors/jogl/lib/Linux/gluegen-rt.jar:/home/travis/build/icyphy/ptII/vendors/jogl/lib/Linux/jogl-all-natives-linux-amd64.jar:/home/travis/build/icyphy/ptII/vendors/jogl/lib/Linux/jogl-all.jar:/home/travis/build/icyphy/ptII/ptolemy/distributed/jini/jar/jini-core.jar:/home/travis/build/icyphy/ptII/ptolemy/distributed/jini/jar/jini-ext.jar:/home/travis/build/icyphy/ptII/ptolemy/distributed/jini/jar/sun-util.jar:/home/travis/build/icyphy/ptII/lib/protobuf-java-2.4.1.jar:/home/travis/build/icyphy/ptII/lib/org.eclipse.paho.client.mqttv3.jar:/home/travis/build/icyphy/ptII/lib/mapss.jar:/home/travis/build/icyphy/ptII/ptolemy/actor/ptalon/antlr/antlr.jar:/home/travis/build/icyphy/ptII/lib/JRI.jar:/home/travis/build/icyphy/ptII/lib/commons-lang-2.6.jar:/home/travis/build/icyphy/ptII/lib/commons-logging-1.1.1.jar:/home/travis/build/icyphy/ptII/lib/sootclasses.jar:/home/travis/build/icyphy/ptII/ptolemy/actor/lib/database/mysql-connector-java-5.1.6-bin.jar:/home/travis/build/icyphy/ptII/vendors/misc/sphinx4/sphinx4-data-5prealpha.jar:/home/travis/build/icyphy/ptII/vendors/misc/sphinx4/sphinx4-core-5prealpha.jar:/home/travis/build/icyphy/ptII/lib/PDFRenderer.jar:/home/travis/build/icyphy/ptII/lib/svgSalamander.jar:/home/travis/build/icyphy/ptII/lib/rsyntaxtextarea-2.6.0-SNAPSHOT.jar:/home/travis/build/icyphy/ptII/lib/hazelcast-3.8.2.jar:/home/travis/build/icyphy/ptII/lib/jackson-annotations-2.9.0.jar:/home/travis/build/icyphy/ptII/lib/jackson-core-2.9.3.jar:/home/travis/build/icyphy/ptII/lib/jackson-databind-2.9.3.jar:/home/travis/build/icyphy/ptII/lib/netty-buffer-4.1.19.Final.jar:/home/travis/build/icyphy/ptII/lib/netty-codec-4.1.19.Final.jar:/home/travis/build/icyphy/ptII/lib/netty-codec-dns-4.1.19.Final.jar:/home/travis/build/icyphy/ptII/lib/netty-codec-http-4.1.19.Final.jar:/home/travis/build/icyphy/ptII/lib/netty-codec-http2-4.1.19.Final.jar:/home/travis/build/icyphy/ptII/lib/netty-common-4.1.19.Final.jar:/home/travis/build/icyphy/ptII/lib/netty-handler-4.1.19.Final.jar:/home/travis/build/icyphy/ptII/lib/netty-resolver-4.1.19.Final.jar:/home/travis/build/icyphy/ptII/lib/netty-resolver-dns-4.1.19.Final.jar:/home/travis/build/icyphy/ptII/lib/netty-transport-4.1.19.Final.jar:/home/travis/build/icyphy/ptII/lib/vertx-codegen-3.5.1.jar:/home/travis/build/icyphy/ptII/lib/vertx-core-3.5.2-SNAPSHOT.jar:/home/travis/build/icyphy/ptII/lib/vertx-hazelcast-3.5.1.jar:/home/travis/build/icyphy/ptII/lib/vertx-lang-js-3.5.1.jar:/home/travis/build/icyphy/ptII/lib/vertx-service-proxy-3.5.1.jar:/home/travis/build/icyphy/ptII/lib/vertx-web-3.5.1.jar:/home/travis/build/icyphy/ptII/lib/slf4j-api-1.7.13.jar:/home/travis/build/icyphy/ptII/lib/slf4j-simple-1.7.13.jar:/home/travis/build/icyphy/ptII/lib/webcam-capture-0.3.12.jar:/home/travis/build/icyphy/ptII/lib/bridj-0.7.0.jar:/home/travis/build/icyphy/ptII/lib/xbjlib-1.1.0.nrjavaserial.jar:/home/travis/build/icyphy/ptII/ptolemy/moml/test:/home/travis/build/icyphy/ptII/ant/lib/ant-launcher.jar:/home/travis/build/icyphy/ptII/ant/lib/ant.jar:/home/travis/build/icyphy/ptII/ant/lib/ant-junit.jar:/home/travis/build/icyphy/ptII/ant/lib/ant-junit4.jar" />
    <property name="ant.library.dir" value="/home/travis/build/icyphy/ptII/ant/lib" />
    <property name="os.arch" value="amd64" />
    <property name="env.CONTINUOUS_INTEGRATION" value="true" />
    <property name="env.TRAVIS_LANGUAGE" value="node_js" />
    <property name="env.TRAVIS_STACK_LANGUAGES" value="__sardonyx__ c c++ clojure cplusplus cpp default generic go groovy java node_js php pure_java python ruby scala" />
    <property name="test.name" value="ptolemy.actor.lib.test.junit.JUnitTclTest" />
    <property name="env.APT_KEY_DONT_WARN_ON_DANGEROUS_USAGE" value="1" />
    <property name="sun.java.launcher" value="SUN_STANDARD" />
    <property name="env.PYTHON_CONFIGURE_OPTS" value="--enable-unicode=ucs4 --with-wide-unicode --enable-shared --enable-ipv6 --enable-loadable-sqlite-extensions --with-computed-gotos" />
    <property name="ant.core.lib" value="/home/travis/build/icyphy/ptII/ant/lib/ant.jar" />
    <property name="java.vm.specification.vendor" value="Oracle Corporation" />
    <property name="env.BCVTB_HOME" value="/home/travis/build/icyphy/ptII/lbnl" />
    <property name="file.separator" value="/" />
    <property name="spotbugs.home" value="/home/travis/build/icyphy/ptII/vendors/spotbugs-3.1.1" />
    <property name="java.runtime.version" value="11.0.2+9" />
    <property name="env.ANSI_CLEAR" value="\033[0K" />
    <property name="javafx.verbose" value="true" />
    <property name="env.HAS_JOSH_K_SEAL_OF_APPROVAL" value="true" />
    <property name="env.XDG_RUNTIME_DIR" value="/run/user/2000" />
    <property name="env.TRAVIS_OSX_IMAGE" value="" />
    <property name="env.TRAVIS_JOB_ID" value="561585339" />
    <property name="env.TRAVIS_BRANCH" value="master" />
    <property name="user.country" value="US" />
    <property name="env.CERTI_HOME_TRAVIS" value="/home/travis/pthla/certi-tools" />
    <property name="env.SHELL" value="/bin/bash" />
    <property name="java.maxmemory.large" value="4000m" />
    <property name="model" value="" />
    <property name="env.CASHER_DIR" value="/home/travis/.casher" />
    <property name="env.NVM_CD_FLAGS" value="" />
    <property name="java.vendor.version" value="18.9" />
    <property name="jshint.executable" value="/home/travis/node_modules/jshint/bin/jshint" />
    <property name="env.JRUBY_OPTS" value=" --client -J-XX:+TieredCompilation -J-XX:TieredStopAtLevel=1 -J-Xss2m -Xcompile.invokedynamic=false" />
    <property name="java.vendor" value="Oracle Corporation" />
    <property name="env.TRAVIS_PRE_CHEF_BOOTSTRAP_TIME" value="2019-03-25T16:16:42" />
    <property name="env.TRAVIS_STACK_JOB_BOARD_REGISTER" value="/.job-board-register.yml" />
    <property name="env.ANSI_RED" value="\033[31;1m" />
    <property name="java.specification.version" value="11" />
    <property name="env.IRBRC" value="/home/travis/.rvm/rubies/ruby-2.5.3/.irbrc" />
    <property name="env.TRAVIS" value="true" />
    <property name="sun.arch.data.model" value="64" />
  </properties>
  <testcase classname="ptolemy.util.test.junit.TclTests" name="[0] /home/travis/build/icyphy/ptII/ptolemy/actor/lib/test/AbsoluteValue.tcl (RunTclFile)" time="0.713" />
  <testcase classname="ptolemy.util.test.junit.TclTests" name="[1] /home/travis/build/icyphy/ptII/ptolemy/actor/lib/test/AddSubtract.tcl (RunTclFile)" time="0.205" />
  <testcase classname="ptolemy.util.test.junit.TclTests" name="[2] /home/travis/build/icyphy/ptII/ptolemy/actor/lib/test/Average.tcl (RunTclFile)" time="0.056" />
  <testcase classname="ptolemy.util.test.junit.TclTests" name="[3] /home/travis/build/icyphy/ptII/ptolemy/actor/lib/test/Bernoulli.tcl (RunTclFile)" time="0.022" />
  <testcase classname="ptolemy.util.test.junit.TclTests" name="[4] /home/travis/build/icyphy/ptII/ptolemy/actor/lib/test/Clock.tcl (RunTclFile)" time="0.061" />
  <testcase classname="ptolemy.util.test.junit.TclTests" name="[5] /home/travis/build/icyphy/ptII/ptolemy/actor/lib/test/Commutator.tcl (RunTclFile)" time="0.111" />
  <testcase classname="ptolemy.util.test.junit.TclTests" name="[6] /home/travis/build/icyphy/ptII/ptolemy/actor/lib/test/Const.tcl (RunTclFile)" time="0.109" />
  <testcase classname="ptolemy.util.test.junit.TclTests" name="[7] /home/travis/build/icyphy/ptII/ptolemy/actor/lib/test/CurrentTime.tcl (RunTclFile)" time="0.053" />
  <testcase classname="ptolemy.util.test.junit.TclTests" name="[8] /home/travis/build/icyphy/ptII/ptolemy/actor/lib/test/DB.tcl (RunTclFile)" time="0.073" />
  <testcase classname="ptolemy.util.test.junit.TclTests" name="[9] /home/travis/build/icyphy/ptII/ptolemy/actor/lib/test/DiscreteRandomSource.tcl (RunTclFile)" time="0.038" />
  <testcase classname="ptolemy.util.test.junit.TclTests" name="[10] /home/travis/build/icyphy/ptII/ptolemy/actor/lib/test/Distributor.tcl (RunTclFile)" time="0.048" />
  <testcase classname="ptolemy.util.test.junit.TclTests" name="[11] /home/travis/build/icyphy/ptII/ptolemy/actor/lib/test/Exit.tcl (RunTclFile)" time="0.108" />
  <testcase classname="ptolemy.util.test.junit.TclTests" name="[12] /home/travis/build/icyphy/ptII/ptolemy/actor/lib/test/Expression.tcl (RunTclFile)" time="0.171" />
  <testcase classname="ptolemy.util.test.junit.TclTests" name="[13] /home/travis/build/icyphy/ptII/ptolemy/actor/lib/test/Gaussian.tcl (RunTclFile)" time="0.522" />
  <testcase classname="ptolemy.util.test.junit.TclTests" name="[14] /home/travis/build/icyphy/ptII/ptolemy/actor/lib/test/IIR.tcl (RunTclFile)" time="0.038" />
  <testcase classname="ptolemy.util.test.junit.TclTests" name="[15] /home/travis/build/icyphy/ptII/ptolemy/actor/lib/test/Interpolator.tcl (RunTclFile)" time="0.119" />
  <testcase classname="ptolemy.util.test.junit.TclTests" name="[16] /home/travis/build/icyphy/ptII/ptolemy/actor/lib/test/MathFunction.tcl (RunTclFile)" time="0.06" />
  <testcase classname="ptolemy.util.test.junit.TclTests" name="[17] /home/travis/build/icyphy/ptII/ptolemy/actor/lib/test/Maximum.tcl (RunTclFile)" time="0.024" />
  <testcase classname="ptolemy.util.test.junit.TclTests" name="[18] /home/travis/build/icyphy/ptII/ptolemy/actor/lib/test/Minimum.tcl (RunTclFile)" time="0.022" />
  <testcase classname="ptolemy.util.test.junit.TclTests" name="[19] /home/travis/build/icyphy/ptII/ptolemy/actor/lib/test/MultiplyDivide.tcl (RunTclFile)" time="0.025" />
  <testcase classname="ptolemy.util.test.junit.TclTests" name="[20] /home/travis/build/icyphy/ptII/ptolemy/actor/lib/test/OrderedMerge.tcl (RunTclFile)" time="0.137" />
  <testcase classname="ptolemy.util.test.junit.TclTests" name="[21] /home/travis/build/icyphy/ptII/ptolemy/actor/lib/test/Publisher.tcl (RunTclFile)" time="1.045" />
  <testcase classname="ptolemy.util.test.junit.TclTests" name="[22] /home/travis/build/icyphy/ptII/ptolemy/actor/lib/test/Pulse.tcl (RunTclFile)" time="0.088" />
  <testcase classname="ptolemy.util.test.junit.TclTests" name="[23] /home/travis/build/icyphy/ptII/ptolemy/actor/lib/test/Ramp.tcl (RunTclFile)" time="2.608" />
  <testcase classname="ptolemy.util.test.junit.TclTests" name="[24] /home/travis/build/icyphy/ptII/ptolemy/actor/lib/test/RampContinuous.tcl (RunTclFile)" time="0.017" />
  <testcase classname="ptolemy.util.test.junit.TclTests" name="[25] /home/travis/build/icyphy/ptII/ptolemy/actor/lib/test/RecordAssembler.tcl (RunTclFile)" time="0.015" />
  <testcase classname="ptolemy.util.test.junit.TclTests" name="[26] /home/travis/build/icyphy/ptII/ptolemy/actor/lib/test/RecordDisassembler.tcl (RunTclFile)" time="0.018" />
  <testcase classname="ptolemy.util.test.junit.TclTests" name="[27] /home/travis/build/icyphy/ptII/ptolemy/actor/lib/test/Scale.tcl (RunTclFile)" time="0.017" />
  <testcase classname="ptolemy.util.test.junit.TclTests" name="[28] /home/travis/build/icyphy/ptII/ptolemy/actor/lib/test/SequentialClock.tcl (RunTclFile)" time="0.012" />
  <testcase classname="ptolemy.util.test.junit.TclTests" name="[29] /home/travis/build/icyphy/ptII/ptolemy/actor/lib/test/SetVariable.tcl (RunTclFile)" time="0.025">
    <failure message="Number of failed tests is has increased. expected:&lt;0&gt; but was:&lt;1&gt;" type="junit.framework.AssertionFailedError">junit.framework.AssertionFailedError: Number of failed tests is has increased. expected:&lt;0&gt; but was:&lt;1&gt;
	at ptolemy.util.test.junit.TclTests.RunTclFile(TclTests.java:286)
	at jdk.internal.reflect.GeneratedMethodAccessor19.invoke(Unknown Source)
	at java.base/jdk.internal.reflect.DelegatingMethodAccessorImpl.invoke(DelegatingMethodAccessorImpl.java:43)
	at junitparams.internal.InvokeParameterisedMethod.evaluate(InvokeParameterisedMethod.java:102)
	at junitparams.internal.ParameterisedTestMethodRunner.runMethodInvoker(ParameterisedTestMethodRunner.java:47)
	at junitparams.internal.ParameterisedTestMethodRunner.runTestMethod(ParameterisedTestMethodRunner.java:41)
	at junitparams.internal.ParameterisedTestClassRunner.runParameterisedTest(ParameterisedTestClassRunner.java:143)
	at junitparams.JUnitParamsRunner.runChild(JUnitParamsRunner.java:237)
	at junitparams.JUnitParamsRunner.runChild(JUnitParamsRunner.java:215)
</failure>
  </testcase>
  <testcase classname="ptolemy.util.test.junit.TclTests" name="[30] /home/travis/build/icyphy/ptII/ptolemy/actor/lib/test/Sinewave.tcl (RunTclFile)" time="0.05" />
  <testcase classname="ptolemy.util.test.junit.TclTests" name="[31] /home/travis/build/icyphy/ptII/ptolemy/actor/lib/test/SubscriptionAggregator.tcl (RunTclFile)" time="2.156" />
  <testcase classname="ptolemy.util.test.junit.TclTests" name="[32] /home/travis/build/icyphy/ptII/ptolemy/actor/lib/test/Test.tcl (RunTclFile)" time="0.179" />
  <testcase classname="ptolemy.util.test.junit.TclTests" name="[33] /home/travis/build/icyphy/ptII/ptolemy/actor/lib/test/TestExceptionHandler.tcl (RunTclFile)" time="0.011" />
  <testcase classname="ptolemy.util.test.junit.TclTests" name="[34] /home/travis/build/icyphy/ptII/ptolemy/actor/lib/test/UnionDisassembler.tcl (RunTclFile)" time="0.072" />
  <testcase classname="ptolemy.util.test.junit.TclTests" name="[35] /home/travis/build/icyphy/ptII/ptolemy/actor/lib/test/VariableClock.tcl (RunTclFile)" time="0.014" />
  <testcase classname="ptolemy.util.test.junit.AutoKnownFailedTests" name="[0] /home/travis/build/icyphy/ptII/ptolemy/actor/lib/test/auto/knownFailedTests/PublisherPortToplevelSubscriber.xml (RunModel)" time="0.019" />
  <testcase classname="ptolemy.util.test.junit.AutoKnownFailedTests" name="[1] /home/travis/build/icyphy/ptII/ptolemy/actor/lib/test/auto/knownFailedTests/PublisherSubscriberPortToplevel.xml (RunModel)" time="0.021" />
  <testcase classname="ptolemy.util.test.junit.AutoKnownFailedTests" name="[2] /home/travis/build/icyphy/ptII/ptolemy/actor/lib/test/auto/knownFailedTests/PublisherSubscriptionAggregatorPort.xml (RunModel)" time="0.018" />
  <testcase classname="ptolemy.util.test.junit.AutoKnownFailedTests" name="[3] /home/travis/build/icyphy/ptII/ptolemy/actor/lib/test/auto/knownFailedTests/sizedarray3.xml (RunModel)" time="0.025" />
  <testcase classname="ptolemy.util.test.junit.AutoNameArchTests" name="[0] ThereAreNoAutoArchTests (RunModel)" time="0.004" />
  <testcase classname="ptolemy.util.test.junit.AutoTests" name="[0] /home/travis/build/icyphy/ptII/ptolemy/actor/lib/test/auto/AbsoluteValue.xml (RunModel)" time="0.085" />
  <testcase classname="ptolemy.util.test.junit.AutoTests" name="[1] /home/travis/build/icyphy/ptII/ptolemy/actor/lib/test/auto/AbsoluteValue2.xml (RunModel)" time="0.074" />
  <testcase classname="ptolemy.util.test.junit.AutoTests" name="[2] /home/travis/build/icyphy/ptII/ptolemy/actor/lib/test/auto/Accumulator.xml (RunModel)" time="0.071" />
  <testcase classname="ptolemy.util.test.junit.AutoTests" name="[3] /home/travis/build/icyphy/ptII/ptolemy/actor/lib/test/auto/Accumulator2.xml (RunModel)" time="0.047" />
  <testcase classname="ptolemy.util.test.junit.AutoTests" name="[4] /home/travis/build/icyphy/ptII/ptolemy/actor/lib/test/auto/Accumulator3.xml (RunModel)" time="0.041" />
  <testcase classname="ptolemy.util.test.junit.AutoTests" name="[5] /home/travis/build/icyphy/ptII/ptolemy/actor/lib/test/auto/ArrayAppend.xml (RunModel)" time="0.039" />
  <testcase classname="ptolemy.util.test.junit.AutoTests" name="[6] /home/travis/build/icyphy/ptII/ptolemy/actor/lib/test/auto/ArrayAppend2.xml (RunModel)" time="0.561" />
  <testcase classname="ptolemy.util.test.junit.AutoTests" name="[7] /home/travis/build/icyphy/ptII/ptolemy/actor/lib/test/auto/ArrayAppend3.xml (RunModel)" time="0.031" />
  <testcase classname="ptolemy.util.test.junit.AutoTests" name="[8] /home/travis/build/icyphy/ptII/ptolemy/actor/lib/test/auto/ArrayAppend4.xml (RunModel)" time="0.03" />
  <testcase classname="ptolemy.util.test.junit.AutoTests" name="[9] /home/travis/build/icyphy/ptII/ptolemy/actor/lib/test/auto/ArrayAppend5.xml (RunModel)" time="0.021" />
  <testcase classname="ptolemy.util.test.junit.AutoTests" name="[10] /home/travis/build/icyphy/ptII/ptolemy/actor/lib/test/auto/ArrayAppend6.xml (RunModel)" time="0.025" />
  <testcase classname="ptolemy.util.test.junit.AutoTests" name="[11] /home/travis/build/icyphy/ptII/ptolemy/actor/lib/test/auto/ArrayAppendPerformanceTest.xml (RunModel)" time="0.065" />
  <testcase classname="ptolemy.util.test.junit.AutoTests" name="[12] /home/travis/build/icyphy/ptII/ptolemy/actor/lib/test/auto/ArrayAppendWithEmptyInput.xml (RunModel)" time="0.033" />
  <testcase classname="ptolemy.util.test.junit.AutoTests" name="[13] /home/travis/build/icyphy/ptII/ptolemy/actor/lib/test/auto/ArrayAverage.xml (RunModel)" time="0.03" />
  <testcase classname="ptolemy.util.test.junit.AutoTests" name="[14] /home/travis/build/icyphy/ptII/ptolemy/actor/lib/test/auto/ArrayContains.xml (RunModel)" time="0.016" />
  <testcase classname="ptolemy.util.test.junit.AutoTests" name="[15] /home/travis/build/icyphy/ptII/ptolemy/actor/lib/test/auto/ArrayElement.xml (RunModel)" time="0.03" />
  <testcase classname="ptolemy.util.test.junit.AutoTests" name="[16] /home/travis/build/icyphy/ptII/ptolemy/actor/lib/test/auto/ArrayElementAsMatrix.xml (RunModel)" time="0.061" />
  <testcase classname="ptolemy.util.test.junit.AutoTests" name="[17] /home/travis/build/icyphy/ptII/ptolemy/actor/lib/test/auto/ArrayElementI.xml (RunModel)" time="0.035" />
  <testcase classname="ptolemy.util.test.junit.AutoTests" name="[18] /home/travis/build/icyphy/ptII/ptolemy/actor/lib/test/auto/ArrayExtract.xml (RunModel)" time="0.036" />
  <testcase classname="ptolemy.util.test.junit.AutoTests" name="[19] /home/travis/build/icyphy/ptII/ptolemy/actor/lib/test/auto/ArrayExtract2.xml (RunModel)" time="0.017" />
  <testcase classname="ptolemy.util.test.junit.AutoTests" name="[20] /home/travis/build/icyphy/ptII/ptolemy/actor/lib/test/auto/ArrayLength.xml (RunModel)" time="0.022" />
  <testcase classname="ptolemy.util.test.junit.AutoTests" name="[21] /home/travis/build/icyphy/ptII/ptolemy/actor/lib/test/auto/ArrayLevelCrossing.xml (RunModel)" time="0.029" />
  <testcase classname="ptolemy.util.test.junit.AutoTests" name="[22] /home/travis/build/icyphy/ptII/ptolemy/actor/lib/test/auto/ArrayLevelCrossing2.xml (RunModel)" time="0.024" />
  <testcase classname="ptolemy.util.test.junit.AutoTests" name="[23] /home/travis/build/icyphy/ptII/ptolemy/actor/lib/test/auto/ArrayPeakSearch.xml (RunModel)" time="0.047" />
  <testcase classname="ptolemy.util.test.junit.AutoTests" name="[24] /home/travis/build/icyphy/ptII/ptolemy/actor/lib/test/auto/ArrayPeakSearch2.xml (RunModel)" time="0.054" />
  <testcase classname="ptolemy.util.test.junit.AutoTests" name="[25] /home/travis/build/icyphy/ptII/ptolemy/actor/lib/test/auto/ArrayPeakSearch3.xml (RunModel)" time="0.04" />
  <testcase classname="ptolemy.util.test.junit.AutoTests" name="[26] /home/travis/build/icyphy/ptII/ptolemy/actor/lib/test/auto/ArrayRemoveElement.xml (RunModel)" time="0.03" />
  <testcase classname="ptolemy.util.test.junit.AutoTests" name="[27] /home/travis/build/icyphy/ptII/ptolemy/actor/lib/test/auto/ArraySort.xml (RunModel)" time="0.035" />
  <testcase classname="ptolemy.util.test.junit.AutoTests" name="[28] /home/travis/build/icyphy/ptII/ptolemy/actor/lib/test/auto/ArraySum.xml (RunModel)" time="0.027" />
  <testcase classname="ptolemy.util.test.junit.AutoTests" name="[29] /home/travis/build/icyphy/ptII/ptolemy/actor/lib/test/auto/ArrayToElements.xml (RunModel)" time="0.034" />
  <testcase classname="ptolemy.util.test.junit.AutoTests" name="[30] /home/travis/build/icyphy/ptII/ptolemy/actor/lib/test/auto/ArrayToMatrix.xml (RunModel)" time="0.055" />
  <testcase classname="ptolemy.util.test.junit.AutoTests" name="[31] /home/travis/build/icyphy/ptII/ptolemy/actor/lib/test/auto/ArrayUpdate1.xml (RunModel)" time="0.02" />
  <testcase classname="ptolemy.util.test.junit.AutoTests" name="[32] /home/travis/build/icyphy/ptII/ptolemy/actor/lib/test/auto/ArrayUpdate2.xml (RunModel)" time="0.018" />
  <testcase classname="ptolemy.util.test.junit.AutoTests" name="[33] /home/travis/build/icyphy/ptII/ptolemy/actor/lib/test/auto/ArrayUpdate3.xml (RunModel)" time="0.019" />
  <testcase classname="ptolemy.util.test.junit.AutoTests" name="[34] /home/travis/build/icyphy/ptII/ptolemy/actor/lib/test/auto/Assert1.xml (RunModel)" time="0.027" />
  <testcase classname="ptolemy.util.test.junit.AutoTests" name="[35] /home/travis/build/icyphy/ptII/ptolemy/actor/lib/test/auto/Assert2.xml (RunModel)" time="0.02" />
  <testcase classname="ptolemy.util.test.junit.AutoTests" name="[36] /home/travis/build/icyphy/ptII/ptolemy/actor/lib/test/auto/BooleanMultiplexor.xml (RunModel)" time="0.021" />
  <testcase classname="ptolemy.util.test.junit.AutoTests" name="[37] /home/travis/build/icyphy/ptII/ptolemy/actor/lib/test/auto/BooleanMultiplexor2.xml (RunModel)" time="0.026" />
  <testcase classname="ptolemy.util.test.junit.AutoTests" name="[38] /home/travis/build/icyphy/ptII/ptolemy/actor/lib/test/auto/BooleanMultiplexor3.xml (RunModel)" time="0.02" />
  <testcase classname="ptolemy.util.test.junit.AutoTests" name="[39] /home/travis/build/icyphy/ptII/ptolemy/actor/lib/test/auto/BooleanSelect.xml (RunModel)" time="0.019" />
  <testcase classname="ptolemy.util.test.junit.AutoTests" name="[40] /home/travis/build/icyphy/ptII/ptolemy/actor/lib/test/auto/BooleanSelect2.xml (RunModel)" time="0.015" />
  <testcase classname="ptolemy.util.test.junit.AutoTests" name="[41] /home/travis/build/icyphy/ptII/ptolemy/actor/lib/test/auto/BooleanSwitch.xml (RunModel)" time="0.015" />
  <testcase classname="ptolemy.util.test.junit.AutoTests" name="[42] /home/travis/build/icyphy/ptII/ptolemy/actor/lib/test/auto/BooleanSwitch2.xml (RunModel)" time="0.012" />
  <testcase classname="ptolemy.util.test.junit.AutoTests" name="[43] /home/travis/build/icyphy/ptII/ptolemy/actor/lib/test/auto/BooleanSwitchCloningBugWithClassRelationGroup.xml (RunModel)" time="0.023" />
  <testcase classname="ptolemy.util.test.junit.AutoTests" name="[44] /home/travis/build/icyphy/ptII/ptolemy/actor/lib/test/auto/BusActors.xml (RunModel)" time="0.031" />
  <testcase classname="ptolemy.util.test.junit.AutoTests" name="[45] /home/travis/build/icyphy/ptII/ptolemy/actor/lib/test/auto/ClassWrapper.xml (RunModel)" time="0.028" />
  <testcase classname="ptolemy.util.test.junit.AutoTests" name="[46] /home/travis/build/icyphy/ptII/ptolemy/actor/lib/test/auto/Clock.xml (RunModel)" time="0.01" />
  <testcase classname="ptolemy.util.test.junit.AutoTests" name="[47] /home/travis/build/icyphy/ptII/ptolemy/actor/lib/test/auto/Clock10.xml (RunModel)" time="0.015" />
  <testcase classname="ptolemy.util.test.junit.AutoTests" name="[48] /home/travis/build/icyphy/ptII/ptolemy/actor/lib/test/auto/Clock11.xml (RunModel)" time="0.028" />
  <testcase classname="ptolemy.util.test.junit.AutoTests" name="[49] /home/travis/build/icyphy/ptII/ptolemy/actor/lib/test/auto/Clock12.xml (RunModel)" time="0.023" />
  <testcase classname="ptolemy.util.test.junit.AutoTests" name="[50] /home/travis/build/icyphy/ptII/ptolemy/actor/lib/test/auto/Clock13.xml (RunModel)" time="0.02" />
  <testcase classname="ptolemy.util.test.junit.AutoTests" name="[51] /home/travis/build/icyphy/ptII/ptolemy/actor/lib/test/auto/Clock14.xml (RunModel)" time="0.022" />
  <testcase classname="ptolemy.util.test.junit.AutoTests" name="[52] /home/travis/build/icyphy/ptII/ptolemy/actor/lib/test/auto/Clock15.xml (RunModel)" time="0.015" />
  <testcase classname="ptolemy.util.test.junit.AutoTests" name="[53] /home/travis/build/icyphy/ptII/ptolemy/actor/lib/test/auto/Clock16.xml (RunModel)" time="0.108" />
  <testcase classname="ptolemy.util.test.junit.AutoTests" name="[54] /home/travis/build/icyphy/ptII/ptolemy/actor/lib/test/auto/Clock17.xml (RunModel)" time="0.083" />
  <testcase classname="ptolemy.util.test.junit.AutoTests" name="[55] /home/travis/build/icyphy/ptII/ptolemy/actor/lib/test/auto/Clock18.xml (RunModel)" time="0.062" />
  <testcase classname="ptolemy.util.test.junit.AutoTests" name="[56] /home/travis/build/icyphy/ptII/ptolemy/actor/lib/test/auto/Clock19.xml (RunModel)" time="0.052" />
  <testcase classname="ptolemy.util.test.junit.AutoTests" name="[57] /home/travis/build/icyphy/ptII/ptolemy/actor/lib/test/auto/Clock2.xml (RunModel)" time="0.018" />
  <testcase classname="ptolemy.util.test.junit.AutoTests" name="[58] /home/travis/build/icyphy/ptII/ptolemy/actor/lib/test/auto/Clock20.xml (RunModel)" time="0.028" />
  <testcase classname="ptolemy.util.test.junit.AutoTests" name="[59] /home/travis/build/icyphy/ptII/ptolemy/actor/lib/test/auto/Clock21.xml (RunModel)" time="0.024" />
  <testcase classname="ptolemy.util.test.junit.AutoTests" name="[60] /home/travis/build/icyphy/ptII/ptolemy/actor/lib/test/auto/Clock22.xml (RunModel)" time="0.019" />
  <testcase classname="ptolemy.util.test.junit.AutoTests" name="[61] /home/travis/build/icyphy/ptII/ptolemy/actor/lib/test/auto/Clock23.xml (RunModel)" time="0.024" />
  <testcase classname="ptolemy.util.test.junit.AutoTests" name="[62] /home/travis/build/icyphy/ptII/ptolemy/actor/lib/test/auto/Clock24.xml (RunModel)" time="0.019" />
  <testcase classname="ptolemy.util.test.junit.AutoTests" name="[63] /home/travis/build/icyphy/ptII/ptolemy/actor/lib/test/auto/Clock4.xml (RunModel)" time="0.014" />
  <testcase classname="ptolemy.util.test.junit.AutoTests" name="[64] /home/travis/build/icyphy/ptII/ptolemy/actor/lib/test/auto/Clock5.xml (RunModel)" time="0.013" />
  <testcase classname="ptolemy.util.test.junit.AutoTests" name="[65] /home/travis/build/icyphy/ptII/ptolemy/actor/lib/test/auto/Clock6.xml (RunModel)" time="0.013" />
  <testcase classname="ptolemy.util.test.junit.AutoTests" name="[66] /home/travis/build/icyphy/ptII/ptolemy/actor/lib/test/auto/Clock7.xml (RunModel)" time="0.013" />
  <testcase classname="ptolemy.util.test.junit.AutoTests" name="[67] /home/travis/build/icyphy/ptII/ptolemy/actor/lib/test/auto/Clock8.xml (RunModel)" time="0.017" />
  <testcase classname="ptolemy.util.test.junit.AutoTests" name="[68] /home/travis/build/icyphy/ptII/ptolemy/actor/lib/test/auto/Clock9.xml (RunModel)" time="0.018" />
  <testcase classname="ptolemy.util.test.junit.AutoTests" name="[69] /home/travis/build/icyphy/ptII/ptolemy/actor/lib/test/auto/CommDistDiscard.xml (RunModel)" time="0.026" />
  <testcase classname="ptolemy.util.test.junit.AutoTests" name="[70] /home/travis/build/icyphy/ptII/ptolemy/actor/lib/test/auto/Commutator.xml (RunModel)" time="0.017" />
  <testcase classname="ptolemy.util.test.junit.AutoTests" name="[71] /home/travis/build/icyphy/ptII/ptolemy/actor/lib/test/auto/Commutator2.xml (RunModel)" time="0.012" />
  <testcase classname="ptolemy.util.test.junit.AutoTests" name="[72] /home/travis/build/icyphy/ptII/ptolemy/actor/lib/test/auto/Commutator3.xml (RunModel)" time="0.017" />
  <testcase classname="ptolemy.util.test.junit.AutoTests" name="[73] /home/travis/build/icyphy/ptII/ptolemy/actor/lib/test/auto/Compare.xml (RunModel)" time="0.025" />
  <testcase classname="ptolemy.util.test.junit.AutoTests" name="[74] /home/travis/build/icyphy/ptII/ptolemy/actor/lib/test/auto/CompareDE.xml (RunModel)" time="0.023" />
  <testcase classname="ptolemy.util.test.junit.AutoTests" name="[75] /home/travis/build/icyphy/ptII/ptolemy/actor/lib/test/auto/ComplexDivide.xml (RunModel)" time="0.01" />
  <testcase classname="ptolemy.util.test.junit.AutoTests" name="[76] /home/travis/build/icyphy/ptII/ptolemy/actor/lib/test/auto/ComputeHistogram.xml (RunModel)" time="0.083" />
  <testcase classname="ptolemy.util.test.junit.AutoTests" name="[77] /home/travis/build/icyphy/ptII/ptolemy/actor/lib/test/auto/ConfigurationSelect.xml (RunModel)" time="0.023" />
  <testcase classname="ptolemy.util.test.junit.AutoTests" name="[78] /home/travis/build/icyphy/ptII/ptolemy/actor/lib/test/auto/ConfigurationSelect2.xml (RunModel)" time="0.018" />
  <testcase classname="ptolemy.util.test.junit.AutoTests" name="[79] /home/travis/build/icyphy/ptII/ptolemy/actor/lib/test/auto/ConfigurationSwitch.xml (RunModel)" time="0.04" />
  <testcase classname="ptolemy.util.test.junit.AutoTests" name="[80] /home/travis/build/icyphy/ptII/ptolemy/actor/lib/test/auto/ConfigurationSwitch2.xml (RunModel)" time="0.023" />
  <testcase classname="ptolemy.util.test.junit.AutoTests" name="[81] /home/travis/build/icyphy/ptII/ptolemy/actor/lib/test/auto/ConfigurationSwitchCloningBugWithClassRelationGroup.xml (RunModel)" time="0.02" />
  <testcase classname="ptolemy.util.test.junit.AutoTests" name="[82] /home/travis/build/icyphy/ptII/ptolemy/actor/lib/test/auto/ConfigurationSwitchSelectSDF.xml (RunModel)" time="0.015" />
  <testcase classname="ptolemy.util.test.junit.AutoTests" name="[83] /home/travis/build/icyphy/ptII/ptolemy/actor/lib/test/auto/ConfigurationSwitchSelectSDF2.xml (RunModel)" time="0.018" />
  <testcase classname="ptolemy.util.test.junit.AutoTests" name="[84] /home/travis/build/icyphy/ptII/ptolemy/actor/lib/test/auto/Const.xml (RunModel)" time="0.008" />
  <testcase classname="ptolemy.util.test.junit.AutoTests" name="[85] /home/travis/build/icyphy/ptII/ptolemy/actor/lib/test/auto/Const2.xml (RunModel)" time="0.011" />
  <testcase classname="ptolemy.util.test.junit.AutoTests" name="[86] /home/travis/build/icyphy/ptII/ptolemy/actor/lib/test/auto/Const3.xml (RunModel)" time="0.009" />
  <testcase classname="ptolemy.util.test.junit.AutoTests" name="[87] /home/travis/build/icyphy/ptII/ptolemy/actor/lib/test/auto/ConstantPublisherPort1.xml (RunModel)" time="0.028" />
  <testcase classname="ptolemy.util.test.junit.AutoTests" name="[88] /home/travis/build/icyphy/ptII/ptolemy/actor/lib/test/auto/ConstantPublisherPort2.xml (RunModel)" time="0.021" />
  <testcase classname="ptolemy.util.test.junit.AutoTests" name="[89] /home/travis/build/icyphy/ptII/ptolemy/actor/lib/test/auto/ConstantPublisherPort3.xml (RunModel)" time="0.023" />
  <testcase classname="ptolemy.util.test.junit.AutoTests" name="[90] /home/travis/build/icyphy/ptII/ptolemy/actor/lib/test/auto/ConstantPublisherPort4.xml (RunModel)" time="0.016" />
  <testcase classname="ptolemy.util.test.junit.AutoTests" name="[91] /home/travis/build/icyphy/ptII/ptolemy/actor/lib/test/auto/ConstantPublisherPort5.xml (RunModel)" time="0.046" />
  <testcase classname="ptolemy.util.test.junit.AutoTests" name="[92] /home/travis/build/icyphy/ptII/ptolemy/actor/lib/test/auto/ConstantPublisherPort6.xml (RunModel)" time="0.039" />
  <testcase classname="ptolemy.util.test.junit.AutoTests" name="[93] /home/travis/build/icyphy/ptII/ptolemy/actor/lib/test/auto/ConstantPublisherPort7.xml (RunModel)" time="0.039" />
  <testcase classname="ptolemy.util.test.junit.AutoTests" name="[94] /home/travis/build/icyphy/ptII/ptolemy/actor/lib/test/auto/ConstraintMonitor1.xml (RunModel)" time="0.042" />
  <testcase classname="ptolemy.util.test.junit.AutoTests" name="[95] /home/travis/build/icyphy/ptII/ptolemy/actor/lib/test/auto/ConstraintMonitor2.xml (RunModel)" time="0.012" />
  <testcase classname="ptolemy.util.test.junit.AutoTests" name="[96] /home/travis/build/icyphy/ptII/ptolemy/actor/lib/test/auto/ConstraintMonitor3.xml (RunModel)" time="0.015" />
  <testcase classname="ptolemy.util.test.junit.AutoTests" name="[97] /home/travis/build/icyphy/ptII/ptolemy/actor/lib/test/auto/ConstraintMonitor4.xml (RunModel)" time="0.012" />
  <testcase classname="ptolemy.util.test.junit.AutoTests" name="[98] /home/travis/build/icyphy/ptII/ptolemy/actor/lib/test/auto/ConstraintMonitor5.xml (RunModel)" time="0.011" />
  <testcase classname="ptolemy.util.test.junit.AutoTests" name="[99] /home/travis/build/icyphy/ptII/ptolemy/actor/lib/test/auto/ConstraintMonitor6.xml (RunModel)" time="0.017" />
  <testcase classname="ptolemy.util.test.junit.AutoTests" name="[100] /home/travis/build/icyphy/ptII/ptolemy/actor/lib/test/auto/ConstraintMonitor7.xml (RunModel)" time="0.023" />
  <testcase classname="ptolemy.util.test.junit.AutoTests" name="[101] /home/travis/build/icyphy/ptII/ptolemy/actor/lib/test/auto/ConstraintMonitor8.xml (RunModel)" time="0.018" />
  <testcase classname="ptolemy.util.test.junit.AutoTests" name="[102] /home/travis/build/icyphy/ptII/ptolemy/actor/lib/test/auto/Counter.xml (RunModel)" time="0.014" />
  <testcase classname="ptolemy.util.test.junit.AutoTests" name="[103] /home/travis/build/icyphy/ptII/ptolemy/actor/lib/test/auto/CurrentTimeSDF.xml (RunModel)" time="0.009" />
  <testcase classname="ptolemy.util.test.junit.AutoTests" name="[104] /home/travis/build/icyphy/ptII/ptolemy/actor/lib/test/auto/DB.xml (RunModel)" time="0.014" />
  <testcase classname="ptolemy.util.test.junit.AutoTests" name="[105] /home/travis/build/icyphy/ptII/ptolemy/actor/lib/test/auto/DBDE.xml (RunModel)" time="0.027" />
  <testcase classname="ptolemy.util.test.junit.AutoTests" name="[106] /home/travis/build/icyphy/ptII/ptolemy/actor/lib/test/auto/DateConstructor.xml (RunModel)" time="0.072" />
  <testcase classname="ptolemy.util.test.junit.AutoTests" name="[107] /home/travis/build/icyphy/ptII/ptolemy/actor/lib/test/auto/DelayTime.xml (RunModel)" time="0.017" />
  <testcase classname="ptolemy.util.test.junit.AutoTests" name="[108] /home/travis/build/icyphy/ptII/ptolemy/actor/lib/test/auto/Dictionary1.xml (RunModel)" time="0.019" />
  <testcase classname="ptolemy.util.test.junit.AutoTests" name="[109] /home/travis/build/icyphy/ptII/ptolemy/actor/lib/test/auto/Dictionary2.xml (RunModel)" time="0.017" />
  <testcase classname="ptolemy.util.test.junit.AutoTests" name="[110] /home/travis/build/icyphy/ptII/ptolemy/actor/lib/test/auto/Dictionary3.xml (RunModel)" time="0.015" />
  <testcase classname="ptolemy.util.test.junit.AutoTests" name="[111] /home/travis/build/icyphy/ptII/ptolemy/actor/lib/test/auto/Dictionary4.xml (RunModel)" time="0.019" />
  <testcase classname="ptolemy.util.test.junit.AutoTests" name="[112] /home/travis/build/icyphy/ptII/ptolemy/actor/lib/test/auto/Differential.xml (RunModel)" time="0.013" />
  <testcase classname="ptolemy.util.test.junit.AutoTests" name="[113] /home/travis/build/icyphy/ptII/ptolemy/actor/lib/test/auto/Director.xml (RunModel)" time="0.012" />
  <testcase classname="ptolemy.util.test.junit.AutoTests" name="[114] /home/travis/build/icyphy/ptII/ptolemy/actor/lib/test/auto/DiscreteClock.xml (RunModel)" time="0.009" />
  <testcase classname="ptolemy.util.test.junit.AutoTests" name="[115] /home/travis/build/icyphy/ptII/ptolemy/actor/lib/test/auto/DiscreteClock10.xml (RunModel)" time="0.017" />
  <testcase classname="ptolemy.util.test.junit.AutoTests" name="[116] /home/travis/build/icyphy/ptII/ptolemy/actor/lib/test/auto/DiscreteClock11.xml (RunModel)" time="0.015" />
  <testcase classname="ptolemy.util.test.junit.AutoTests" name="[117] /home/travis/build/icyphy/ptII/ptolemy/actor/lib/test/auto/DiscreteClock12.xml (RunModel)" time="0.015" />
  <testcase classname="ptolemy.util.test.junit.AutoTests" name="[118] /home/travis/build/icyphy/ptII/ptolemy/actor/lib/test/auto/DiscreteClock13.xml (RunModel)" time="0.015" />
  <testcase classname="ptolemy.util.test.junit.AutoTests" name="[119] /home/travis/build/icyphy/ptII/ptolemy/actor/lib/test/auto/DiscreteClock14.xml (RunModel)" time="0.012" />
  <testcase classname="ptolemy.util.test.junit.AutoTests" name="[120] /home/travis/build/icyphy/ptII/ptolemy/actor/lib/test/auto/DiscreteClock15.xml (RunModel)" time="0.016" />
  <testcase classname="ptolemy.util.test.junit.AutoTests" name="[121] /home/travis/build/icyphy/ptII/ptolemy/actor/lib/test/auto/DiscreteClock16.xml (RunModel)" time="0.041" />
  <testcase classname="ptolemy.util.test.junit.AutoTests" name="[122] /home/travis/build/icyphy/ptII/ptolemy/actor/lib/test/auto/DiscreteClock17.xml (RunModel)" time="0.036" />
  <testcase classname="ptolemy.util.test.junit.AutoTests" name="[123] /home/travis/build/icyphy/ptII/ptolemy/actor/lib/test/auto/DiscreteClock18.xml (RunModel)" time="0.047" />
  <testcase classname="ptolemy.util.test.junit.AutoTests" name="[124] /home/travis/build/icyphy/ptII/ptolemy/actor/lib/test/auto/DiscreteClock19.xml (RunModel)" time="0.036" />
  <testcase classname="ptolemy.util.test.junit.AutoTests" name="[125] /home/travis/build/icyphy/ptII/ptolemy/actor/lib/test/auto/DiscreteClock2.xml (RunModel)" time="0.011" />
  <testcase classname="ptolemy.util.test.junit.AutoTests" name="[126] /home/travis/build/icyphy/ptII/ptolemy/actor/lib/test/auto/DiscreteClock20.xml (RunModel)" time="0.016" />
  <testcase classname="ptolemy.util.test.junit.AutoTests" name="[127] /home/travis/build/icyphy/ptII/ptolemy/actor/lib/test/auto/DiscreteClock21.xml (RunModel)" time="0.015" />
  <testcase classname="ptolemy.util.test.junit.AutoTests" name="[128] /home/travis/build/icyphy/ptII/ptolemy/actor/lib/test/auto/DiscreteClock22.xml (RunModel)" time="0.014" />
  <testcase classname="ptolemy.util.test.junit.AutoTests" name="[129] /home/travis/build/icyphy/ptII/ptolemy/actor/lib/test/auto/DiscreteClock23.xml (RunModel)" time="0.014" />
  <testcase classname="ptolemy.util.test.junit.AutoTests" name="[130] /home/travis/build/icyphy/ptII/ptolemy/actor/lib/test/auto/DiscreteClock24.xml (RunModel)" time="0.014" />
  <testcase classname="ptolemy.util.test.junit.AutoTests" name="[131] /home/travis/build/icyphy/ptII/ptolemy/actor/lib/test/auto/DiscreteClock4.xml (RunModel)" time="0.013" />
  <testcase classname="ptolemy.util.test.junit.AutoTests" name="[132] /home/travis/build/icyphy/ptII/ptolemy/actor/lib/test/auto/DiscreteClock5.xml (RunModel)" time="0.01" />
  <testcase classname="ptolemy.util.test.junit.AutoTests" name="[133] /home/travis/build/icyphy/ptII/ptolemy/actor/lib/test/auto/DiscreteClock6.xml (RunModel)" time="0.011" />
  <testcase classname="ptolemy.util.test.junit.AutoTests" name="[134] /home/travis/build/icyphy/ptII/ptolemy/actor/lib/test/auto/DiscreteClock7.xml (RunModel)" time="0.01" />
  <testcase classname="ptolemy.util.test.junit.AutoTests" name="[135] /home/travis/build/icyphy/ptII/ptolemy/actor/lib/test/auto/DiscreteClock8.xml (RunModel)" time="0.021" />
  <testcase classname="ptolemy.util.test.junit.AutoTests" name="[136] /home/travis/build/icyphy/ptII/ptolemy/actor/lib/test/auto/DiscreteClock9.xml (RunModel)" time="0.014" />
  <testcase classname="ptolemy.util.test.junit.AutoTests" name="[137] /home/travis/build/icyphy/ptII/ptolemy/actor/lib/test/auto/DisplayArray.xml (RunModel)" time="0.012" />
  <testcase classname="ptolemy.util.test.junit.AutoTests" name="[138] /home/travis/build/icyphy/ptII/ptolemy/actor/lib/test/auto/Distributor.xml (RunModel)" time="0.009" />
  <testcase classname="ptolemy.util.test.junit.AutoTests" name="[139] /home/travis/build/icyphy/ptII/ptolemy/actor/lib/test/auto/Distributor2.xml (RunModel)" time="0.01" />
  <testcase classname="ptolemy.util.test.junit.AutoTests" name="[140] /home/travis/build/icyphy/ptII/ptolemy/actor/lib/test/auto/DownSample.xml (RunModel)" time="0.014" />
  <testcase classname="ptolemy.util.test.junit.AutoTests" name="[141] /home/travis/build/icyphy/ptII/ptolemy/actor/lib/test/auto/ElectronicUnitBase1.xml (RunModel)" time="0.085" />
  <testcase classname="ptolemy.util.test.junit.AutoTests" name="[142] /home/travis/build/icyphy/ptII/ptolemy/actor/lib/test/auto/ElementsToArray.xml (RunModel)" time="0.011" />
  <testcase classname="ptolemy.util.test.junit.AutoTests" name="[143] /home/travis/build/icyphy/ptII/ptolemy/actor/lib/test/auto/Equals.xml (RunModel)" time="0.014" />
  <testcase classname="ptolemy.util.test.junit.AutoTests" name="[144] /home/travis/build/icyphy/ptII/ptolemy/actor/lib/test/auto/Exec.xml (RunModel)" time="0.032" />
  <testcase classname="ptolemy.util.test.junit.AutoTests" name="[145] /home/travis/build/icyphy/ptII/ptolemy/actor/lib/test/auto/ExecEnvironment.xml (RunModel)" time="0.043" />
  <testcase classname="ptolemy.util.test.junit.AutoTests" name="[146] /home/travis/build/icyphy/ptII/ptolemy/actor/lib/test/auto/ExecNonZeroReturnOutput.xml (RunModel)" time="0.229" />
  <testcase classname="ptolemy.util.test.junit.AutoTests" name="[147] /home/travis/build/icyphy/ptII/ptolemy/actor/lib/test/auto/ExecRunDemos.xml (RunModel)" time="10.997" />
  <testcase classname="ptolemy.util.test.junit.AutoTests" name="[148] /home/travis/build/icyphy/ptII/ptolemy/actor/lib/test/auto/ExecStop.xml (RunModel)" time="5.043" />
  <testcase classname="ptolemy.util.test.junit.AutoTests" name="[149] /home/travis/build/icyphy/ptII/ptolemy/actor/lib/test/auto/ExecutionTimeSDF.xml (RunModel)" time="6.028" />
  <testcase classname="ptolemy.util.test.junit.AutoTests" name="[150] /home/travis/build/icyphy/ptII/ptolemy/actor/lib/test/auto/Expression1.xml (RunModel)" time="0.012" />
  <testcase classname="ptolemy.util.test.junit.AutoTests" name="[151] /home/travis/build/icyphy/ptII/ptolemy/actor/lib/test/auto/Expression10.xml (RunModel)" time="0.017" />
  <testcase classname="ptolemy.util.test.junit.AutoTests" name="[152] /home/travis/build/icyphy/ptII/ptolemy/actor/lib/test/auto/Expression11.xml (RunModel)" time="0.01" />
  <testcase classname="ptolemy.util.test.junit.AutoTests" name="[153] /home/travis/build/icyphy/ptII/ptolemy/actor/lib/test/auto/Expression12.xml (RunModel)" time="0.014" />
  <testcase classname="ptolemy.util.test.junit.AutoTests" name="[154] /home/travis/build/icyphy/ptII/ptolemy/actor/lib/test/auto/Expression13.xml (RunModel)" time="0.013" />
  <testcase classname="ptolemy.util.test.junit.AutoTests" name="[155] /home/travis/build/icyphy/ptII/ptolemy/actor/lib/test/auto/Expression14.xml (RunModel)" time="0.022" />
  <testcase classname="ptolemy.util.test.junit.AutoTests" name="[156] /home/travis/build/icyphy/ptII/ptolemy/actor/lib/test/auto/Expression15.xml (RunModel)" time="0.008" />
  <testcase classname="ptolemy.util.test.junit.AutoTests" name="[157] /home/travis/build/icyphy/ptII/ptolemy/actor/lib/test/auto/Expression16.xml (RunModel)" time="0.013" />
  <testcase classname="ptolemy.util.test.junit.AutoTests" name="[158] /home/travis/build/icyphy/ptII/ptolemy/actor/lib/test/auto/Expression17.xml (RunModel)" time="0.013" />
  <testcase classname="ptolemy.util.test.junit.AutoTests" name="[159] /home/travis/build/icyphy/ptII/ptolemy/actor/lib/test/auto/Expression18.xml (RunModel)" time="0.014" />
  <testcase classname="ptolemy.util.test.junit.AutoTests" name="[160] /home/travis/build/icyphy/ptII/ptolemy/actor/lib/test/auto/Expression2.xml (RunModel)" time="0.012" />
  <testcase classname="ptolemy.util.test.junit.AutoTests" name="[161] /home/travis/build/icyphy/ptII/ptolemy/actor/lib/test/auto/Expression3.xml (RunModel)" time="0.014" />
  <testcase classname="ptolemy.util.test.junit.AutoTests" name="[162] /home/travis/build/icyphy/ptII/ptolemy/actor/lib/test/auto/Expression4.xml (RunModel)" time="0.018" />
  <testcase classname="ptolemy.util.test.junit.AutoTests" name="[163] /home/travis/build/icyphy/ptII/ptolemy/actor/lib/test/auto/Expression5.xml (RunModel)" time="0.015" />
  <testcase classname="ptolemy.util.test.junit.AutoTests" name="[164] /home/travis/build/icyphy/ptII/ptolemy/actor/lib/test/auto/Expression6.xml (RunModel)" time="0.01" />
  <testcase classname="ptolemy.util.test.junit.AutoTests" name="[165] /home/travis/build/icyphy/ptII/ptolemy/actor/lib/test/auto/Expression7.xml (RunModel)" time="0.012" />
  <testcase classname="ptolemy.util.test.junit.AutoTests" name="[166] /home/travis/build/icyphy/ptII/ptolemy/actor/lib/test/auto/Expression8.xml (RunModel)" time="0.017" />
  <testcase classname="ptolemy.util.test.junit.AutoTests" name="[167] /home/travis/build/icyphy/ptII/ptolemy/actor/lib/test/auto/Expression9.xml (RunModel)" time="0.008" />
  <testcase classname="ptolemy.util.test.junit.AutoTests" name="[168] /home/travis/build/icyphy/ptII/ptolemy/actor/lib/test/auto/ExpressionConcatenateArrayType.xml (RunModel)" time="0.029" />
  <testcase classname="ptolemy.util.test.junit.AutoTests" name="[169] /home/travis/build/icyphy/ptII/ptolemy/actor/lib/test/auto/ExpressionConcatenateArrayType2.xml (RunModel)" time="0.022" />
  <testcase classname="ptolemy.util.test.junit.AutoTests" name="[170] /home/travis/build/icyphy/ptII/ptolemy/actor/lib/test/auto/ExpressionFix.xml (RunModel)" time="0.048" />
  <testcase classname="ptolemy.util.test.junit.AutoTests" name="[171] /home/travis/build/icyphy/ptII/ptolemy/actor/lib/test/auto/ExpressionFix2.xml (RunModel)" time="0.016" />
  <testcase classname="ptolemy.util.test.junit.AutoTests" name="[172] /home/travis/build/icyphy/ptII/ptolemy/actor/lib/test/auto/ExpressionFix3.xml (RunModel)" time="0.019" />
  <testcase classname="ptolemy.util.test.junit.AutoTests" name="[173] /home/travis/build/icyphy/ptII/ptolemy/actor/lib/test/auto/FileWriter1.xml (RunModel)" time="0.01" />
  <testcase classname="ptolemy.util.test.junit.AutoTests" name="[174] /home/travis/build/icyphy/ptII/ptolemy/actor/lib/test/auto/FileWriter2.xml (RunModel)" time="0.012" />
  <testcase classname="ptolemy.util.test.junit.AutoTests" name="[175] /home/travis/build/icyphy/ptII/ptolemy/actor/lib/test/auto/FileWriter3.xml (RunModel)" time="0.017" />
  <testcase classname="ptolemy.util.test.junit.AutoTests" name="[176] /home/travis/build/icyphy/ptII/ptolemy/actor/lib/test/auto/Gaussian.xml (RunModel)" time="0.013" />
  <testcase classname="ptolemy.util.test.junit.AutoTests" name="[177] /home/travis/build/icyphy/ptII/ptolemy/actor/lib/test/auto/Gaussian1.xml (RunModel)" time="0.015" />
  <testcase classname="ptolemy.util.test.junit.AutoTests" name="[178] /home/travis/build/icyphy/ptII/ptolemy/actor/lib/test/auto/Gaussian2.xml (RunModel)" time="0.026" />
  <testcase classname="ptolemy.util.test.junit.AutoTests" name="[179] /home/travis/build/icyphy/ptII/ptolemy/actor/lib/test/auto/GradientAdaptiveLattice.xml (RunModel)" time="0.02" />
  <testcase classname="ptolemy.util.test.junit.AutoTests" name="[180] /home/travis/build/icyphy/ptII/ptolemy/actor/lib/test/auto/IIR.xml (RunModel)" time="0.011" />
  <testcase classname="ptolemy.util.test.junit.AutoTests" name="[181] /home/travis/build/icyphy/ptII/ptolemy/actor/lib/test/auto/InputOutputTransparentPorts.xml (RunModel)" time="0.022" />
  <testcase classname="ptolemy.util.test.junit.AutoTests" name="[182] /home/travis/build/icyphy/ptII/ptolemy/actor/lib/test/auto/Interpolator.xml (RunModel)" time="0.013" />
  <testcase classname="ptolemy.util.test.junit.AutoTests" name="[183] /home/travis/build/icyphy/ptII/ptolemy/actor/lib/test/auto/InterpolatorFiringLimitDE.xml (RunModel)" time="0.014" />
  <testcase classname="ptolemy.util.test.junit.AutoTests" name="[184] /home/travis/build/icyphy/ptII/ptolemy/actor/lib/test/auto/Lattice.xml (RunModel)" time="0.01" />
  <testcase classname="ptolemy.util.test.junit.AutoTests" name="[185] /home/travis/build/icyphy/ptII/ptolemy/actor/lib/test/auto/LazyAOCTestLazy.xml (RunModel)" time="0.042" />
  <testcase classname="ptolemy.util.test.junit.AutoTests" name="[186] /home/travis/build/icyphy/ptII/ptolemy/actor/lib/test/auto/LazyAOCTestNonLazy.xml (RunModel)" time="0.049" />
  <testcase classname="ptolemy.util.test.junit.AutoTests" name="[187] /home/travis/build/icyphy/ptII/ptolemy/actor/lib/test/auto/LazyInnerClass.xml (RunModel)" time="0.043" />
  <testcase classname="ptolemy.util.test.junit.AutoTests" name="[188] /home/travis/build/icyphy/ptII/ptolemy/actor/lib/test/auto/LazyPubSub.xml (RunModel)" time="0.06" />
  <testcase classname="ptolemy.util.test.junit.AutoTests" name="[189] /home/travis/build/icyphy/ptII/ptolemy/actor/lib/test/auto/LazyPubSub2.xml (RunModel)" time="0.055" />
  <testcase classname="ptolemy.util.test.junit.AutoTests" name="[190] /home/travis/build/icyphy/ptII/ptolemy/actor/lib/test/auto/LazyPubSub3.xml (RunModel)" time="0.022" />
  <testcase classname="ptolemy.util.test.junit.AutoTests" name="[191] /home/travis/build/icyphy/ptII/ptolemy/actor/lib/test/auto/LazySubClassModel.xml (RunModel)" time="0.02" />
  <testcase classname="ptolemy.util.test.junit.AutoTests" name="[192] /home/travis/build/icyphy/ptII/ptolemy/actor/lib/test/auto/LevelCrossTest1.xml (RunModel)" time="0.012" />
  <testcase classname="ptolemy.util.test.junit.AutoTests" name="[193] /home/travis/build/icyphy/ptII/ptolemy/actor/lib/test/auto/LevelCrossTest10.xml (RunModel)" time="0.017" />
  <testcase classname="ptolemy.util.test.junit.AutoTests" name="[194] /home/travis/build/icyphy/ptII/ptolemy/actor/lib/test/auto/LevelCrossTest11.xml (RunModel)" time="0.013" />
  <testcase classname="ptolemy.util.test.junit.AutoTests" name="[195] /home/travis/build/icyphy/ptII/ptolemy/actor/lib/test/auto/LevelCrossTest12.xml (RunModel)" time="0.017" />
  <testcase classname="ptolemy.util.test.junit.AutoTests" name="[196] /home/travis/build/icyphy/ptII/ptolemy/actor/lib/test/auto/LevelCrossTest13.xml (RunModel)" time="0.014" />
  <testcase classname="ptolemy.util.test.junit.AutoTests" name="[197] /home/travis/build/icyphy/ptII/ptolemy/actor/lib/test/auto/LevelCrossTest2.xml (RunModel)" time="0.022" />
  <testcase classname="ptolemy.util.test.junit.AutoTests" name="[198] /home/travis/build/icyphy/ptII/ptolemy/actor/lib/test/auto/LevelCrossTest3.xml (RunModel)" time="0.015" />
  <testcase classname="ptolemy.util.test.junit.AutoTests" name="[199] /home/travis/build/icyphy/ptII/ptolemy/actor/lib/test/auto/LevelCrossTest4.xml (RunModel)" time="0.011" />
  <testcase classname="ptolemy.util.test.junit.AutoTests" name="[200] /home/travis/build/icyphy/ptII/ptolemy/actor/lib/test/auto/LevelCrossTest5.xml (RunModel)" time="0.015" />
  <testcase classname="ptolemy.util.test.junit.AutoTests" name="[201] /home/travis/build/icyphy/ptII/ptolemy/actor/lib/test/auto/LevelCrossTest6.xml (RunModel)" time="0.013" />
  <testcase classname="ptolemy.util.test.junit.AutoTests" name="[202] /home/travis/build/icyphy/ptII/ptolemy/actor/lib/test/auto/LevelCrossTest7.xml (RunModel)" time="0.022" />
  <testcase classname="ptolemy.util.test.junit.AutoTests" name="[203] /home/travis/build/icyphy/ptII/ptolemy/actor/lib/test/auto/LevelCrossTest8.xml (RunModel)" time="0.016" />
  <testcase classname="ptolemy.util.test.junit.AutoTests" name="[204] /home/travis/build/icyphy/ptII/ptolemy/actor/lib/test/auto/LevelCrossTest9.xml (RunModel)" time="0.015" />
  <testcase classname="ptolemy.util.test.junit.AutoTests" name="[205] /home/travis/build/icyphy/ptII/ptolemy/actor/lib/test/auto/LevinsonDurbin.xml (RunModel)" time="0.01" />
  <testcase classname="ptolemy.util.test.junit.AutoTests" name="[206] /home/travis/build/icyphy/ptII/ptolemy/actor/lib/test/auto/LevinsonDurbin2.xml (RunModel)" time="0.01" />
  <testcase classname="ptolemy.util.test.junit.AutoTests" name="[207] /home/travis/build/icyphy/ptII/ptolemy/actor/lib/test/auto/LevinsonDurbin3.xml (RunModel)" time="0.009" />
  <testcase classname="ptolemy.util.test.junit.AutoTests" name="[208] /home/travis/build/icyphy/ptII/ptolemy/actor/lib/test/auto/Limiter.xml (RunModel)" time="0.049" />
  <testcase classname="ptolemy.util.test.junit.AutoTests" name="[209] /home/travis/build/icyphy/ptII/ptolemy/actor/lib/test/auto/LinearDifferenceEquationSystem.xml (RunModel)" time="0.025" />
  <testcase classname="ptolemy.util.test.junit.AutoTests" name="[210] /home/travis/build/icyphy/ptII/ptolemy/actor/lib/test/auto/LookupTable.xml (RunModel)" time="0.01" />
  <testcase classname="ptolemy.util.test.junit.AutoTests" name="[211] /home/travis/build/icyphy/ptII/ptolemy/actor/lib/test/auto/MathFunction.xml (RunModel)" time="0.029" />
  <testcase classname="ptolemy.util.test.junit.AutoTests" name="[212] /home/travis/build/icyphy/ptII/ptolemy/actor/lib/test/auto/MathFunction2.xml (RunModel)" time="0.008" />
  <testcase classname="ptolemy.util.test.junit.AutoTests" name="[213] /home/travis/build/icyphy/ptII/ptolemy/actor/lib/test/auto/MathFunction3.xml (RunModel)" time="0.024" />
  <testcase classname="ptolemy.util.test.junit.AutoTests" name="[214] /home/travis/build/icyphy/ptII/ptolemy/actor/lib/test/auto/MatrixCropBoolean.xml (RunModel)" time="0.013" />
  <testcase classname="ptolemy.util.test.junit.AutoTests" name="[215] /home/travis/build/icyphy/ptII/ptolemy/actor/lib/test/auto/MatrixCropComplex.xml (RunModel)" time="0.009" />
  <testcase classname="ptolemy.util.test.junit.AutoTests" name="[216] /home/travis/build/icyphy/ptII/ptolemy/actor/lib/test/auto/MatrixCropDouble.xml (RunModel)" time="0.014" />
  <testcase classname="ptolemy.util.test.junit.AutoTests" name="[217] /home/travis/build/icyphy/ptII/ptolemy/actor/lib/test/auto/MatrixCropFix.xml (RunModel)" time="0.012" />
  <testcase classname="ptolemy.util.test.junit.AutoTests" name="[218] /home/travis/build/icyphy/ptII/ptolemy/actor/lib/test/auto/MatrixCropInt.xml (RunModel)" time="0.01" />
  <testcase classname="ptolemy.util.test.junit.AutoTests" name="[219] /home/travis/build/icyphy/ptII/ptolemy/actor/lib/test/auto/MatrixCropLong.xml (RunModel)" time="0.009" />
  <testcase classname="ptolemy.util.test.junit.AutoTests" name="[220] /home/travis/build/icyphy/ptII/ptolemy/actor/lib/test/auto/MatrixToArray.xml (RunModel)" time="0.053" />
  <testcase classname="ptolemy.util.test.junit.AutoTests" name="[221] /home/travis/build/icyphy/ptII/ptolemy/actor/lib/test/auto/MaxIndex.xml (RunModel)" time="0.016" />
  <testcase classname="ptolemy.util.test.junit.AutoTests" name="[222] /home/travis/build/icyphy/ptII/ptolemy/actor/lib/test/auto/Maximum.xml (RunModel)" time="0.015" />
  <testcase classname="ptolemy.util.test.junit.AutoTests" name="[223] /home/travis/build/icyphy/ptII/ptolemy/actor/lib/test/auto/MaximumComplex.xml (RunModel)" time="0.016" />
  <testcase classname="ptolemy.util.test.junit.AutoTests" name="[224] /home/travis/build/icyphy/ptII/ptolemy/actor/lib/test/auto/MethodCallTest.xml (RunModel)" time="0.023" />
  <testcase classname="ptolemy.util.test.junit.AutoTests" name="[225] /home/travis/build/icyphy/ptII/ptolemy/actor/lib/test/auto/Minimum.xml (RunModel)" time="0.016" />
  <testcase classname="ptolemy.util.test.junit.AutoTests" name="[226] /home/travis/build/icyphy/ptII/ptolemy/actor/lib/test/auto/MinimumComplex.xml (RunModel)" time="0.022" />
  <testcase classname="ptolemy.util.test.junit.AutoTests" name="[227] /home/travis/build/icyphy/ptII/ptolemy/actor/lib/test/auto/MinimumMultiports.xml (RunModel)" time="0.018" />
  <testcase classname="ptolemy.util.test.junit.AutoTests" name="[228] /home/travis/build/icyphy/ptII/ptolemy/actor/lib/test/auto/ModifyDate.xml (RunModel)" time="0.043" />
  <testcase classname="ptolemy.util.test.junit.AutoTests" name="[229] /home/travis/build/icyphy/ptII/ptolemy/actor/lib/test/auto/ModifyDate2.xml (RunModel)" time="0.026" />
  <testcase classname="ptolemy.util.test.junit.AutoTests" name="[230] /home/travis/build/icyphy/ptII/ptolemy/actor/lib/test/auto/MovingAverage.xml (RunModel)" time="0.012" />
  <testcase classname="ptolemy.util.test.junit.AutoTests" name="[231] /home/travis/build/icyphy/ptII/ptolemy/actor/lib/test/auto/MovingMaximum.xml (RunModel)" time="0.013" />
  <testcase classname="ptolemy.util.test.junit.AutoTests" name="[232] /home/travis/build/icyphy/ptII/ptolemy/actor/lib/test/auto/MultipleLinksToSameRelation.xml (RunModel)" time="0.008" />
  <testcase classname="ptolemy.util.test.junit.AutoTests" name="[233] /home/travis/build/icyphy/ptII/ptolemy/actor/lib/test/auto/MultipleLinksToSameRelationDE.xml (RunModel)" time="0.018" />
  <testcase classname="ptolemy.util.test.junit.AutoTests" name="[234] /home/travis/build/icyphy/ptII/ptolemy/actor/lib/test/auto/Multiplexor.xml (RunModel)" time="0.011" />
  <testcase classname="ptolemy.util.test.junit.AutoTests" name="[235] /home/travis/build/icyphy/ptII/ptolemy/actor/lib/test/auto/Multiplexor1.xml (RunModel)" time="0.012" />
  <testcase classname="ptolemy.util.test.junit.AutoTests" name="[236] /home/travis/build/icyphy/ptII/ptolemy/actor/lib/test/auto/Multiplexor2.xml (RunModel)" time="0.018" />
  <testcase classname="ptolemy.util.test.junit.AutoTests" name="[237] /home/travis/build/icyphy/ptII/ptolemy/actor/lib/test/auto/Multiplexor3.xml (RunModel)" time="0.01" />
  <testcase classname="ptolemy.util.test.junit.AutoTests" name="[238] /home/travis/build/icyphy/ptII/ptolemy/actor/lib/test/auto/MultiplexorDE.xml (RunModel)" time="0.017" />
  <testcase classname="ptolemy.util.test.junit.AutoTests" name="[239] /home/travis/build/icyphy/ptII/ptolemy/actor/lib/test/auto/MultiportBroadcastTest.xml (RunModel)" time="0.109" />
  <testcase classname="ptolemy.util.test.junit.AutoTests" name="[240] /home/travis/build/icyphy/ptII/ptolemy/actor/lib/test/auto/MultiportOutHangDuringGetWidth.xml (RunModel)" time="0.046" />
  <testcase classname="ptolemy.util.test.junit.AutoTests" name="[241] /home/travis/build/icyphy/ptII/ptolemy/actor/lib/test/auto/NilToken.xml (RunModel)" time="0.008" />
  <testcase classname="ptolemy.util.test.junit.AutoTests" name="[242] /home/travis/build/icyphy/ptII/ptolemy/actor/lib/test/auto/NilTokenNonStrictTest.xml (RunModel)" time="0.026" />
  <testcase classname="ptolemy.util.test.junit.AutoTests" name="[243] /home/travis/build/icyphy/ptII/ptolemy/actor/lib/test/auto/NilTokenRecord.xml (RunModel)" time="0.019" />
  <testcase classname="ptolemy.util.test.junit.AutoTests" name="[244] /home/travis/build/icyphy/ptII/ptolemy/actor/lib/test/auto/NilTokenTypeTest.xml (RunModel)" time="0.035" />
  <testcase classname="ptolemy.util.test.junit.AutoTests" name="[245] /home/travis/build/icyphy/ptII/ptolemy/actor/lib/test/auto/ObjectToken1.xml (RunModel)" time="0.008" />
  <testcase classname="ptolemy.util.test.junit.AutoTests" name="[246] /home/travis/build/icyphy/ptII/ptolemy/actor/lib/test/auto/OrderedMerge.xml (RunModel)" time="0.023" />
  <testcase classname="ptolemy.util.test.junit.AutoTests" name="[247] /home/travis/build/icyphy/ptII/ptolemy/actor/lib/test/auto/OrderedRecordDisassembler.xml (RunModel)" time="0.022" />
  <testcase classname="ptolemy.util.test.junit.AutoTests" name="[248] /home/travis/build/icyphy/ptII/ptolemy/actor/lib/test/auto/OrderedRecordDisassembler2.xml (RunModel)" time="0.021" />
  <testcase classname="ptolemy.util.test.junit.AutoTests" name="[249] /home/travis/build/icyphy/ptII/ptolemy/actor/lib/test/auto/OrderedRecordUpdater.xml (RunModel)" time="0.011" />
  <testcase classname="ptolemy.util.test.junit.AutoTests" name="[250] /home/travis/build/icyphy/ptII/ptolemy/actor/lib/test/auto/OrderedRecordUpdater2.xml (RunModel)" time="0.019" />
  <testcase classname="ptolemy.util.test.junit.AutoTests" name="[251] /home/travis/build/icyphy/ptII/ptolemy/actor/lib/test/auto/PhaseUnwrap.xml (RunModel)" time="0.013" />
  <testcase classname="ptolemy.util.test.junit.AutoTests" name="[252] /home/travis/build/icyphy/ptII/ptolemy/actor/lib/test/auto/PoissonClock.xml (RunModel)" time="0.009" />
  <testcase classname="ptolemy.util.test.junit.AutoTests" name="[253] /home/travis/build/icyphy/ptII/ptolemy/actor/lib/test/auto/PoissonClock2.xml (RunModel)" time="0.007" />
  <testcase classname="ptolemy.util.test.junit.AutoTests" name="[254] /home/travis/build/icyphy/ptII/ptolemy/actor/lib/test/auto/PoissonClock3.xml (RunModel)" time="0.026" />
  <testcase classname="ptolemy.util.test.junit.AutoTests" name="[255] /home/travis/build/icyphy/ptII/ptolemy/actor/lib/test/auto/PubSubWithInitialTokens.xml (RunModel)" time="0.01" />
  <testcase classname="ptolemy.util.test.junit.AutoTests" name="[256] /home/travis/build/icyphy/ptII/ptolemy/actor/lib/test/auto/PubSubWithInitialTokens2.xml (RunModel)" time="0.011" />
  <testcase classname="ptolemy.util.test.junit.AutoTests" name="[257] /home/travis/build/icyphy/ptII/ptolemy/actor/lib/test/auto/PublisherClassNoParameter.xml (RunModel)" time="0.024" />
  <testcase classname="ptolemy.util.test.junit.AutoTests" name="[258] /home/travis/build/icyphy/ptII/ptolemy/actor/lib/test/auto/PublisherClassParameter.xml (RunModel)" time="0.02" />
  <testcase classname="ptolemy.util.test.junit.AutoTests" name="[259] /home/travis/build/icyphy/ptII/ptolemy/actor/lib/test/auto/PublisherNonStrictTest.xml (RunModel)" time="0.015" />
  <testcase classname="ptolemy.util.test.junit.AutoTests" name="[260] /home/travis/build/icyphy/ptII/ptolemy/actor/lib/test/auto/PublisherPort1.xml (RunModel)" time="0.021" />
  <testcase classname="ptolemy.util.test.junit.AutoTests" name="[261] /home/travis/build/icyphy/ptII/ptolemy/actor/lib/test/auto/PublisherPort2.xml (RunModel)" time="0.008" />
  <testcase classname="ptolemy.util.test.junit.AutoTests" name="[262] /home/travis/build/icyphy/ptII/ptolemy/actor/lib/test/auto/PublisherPort3.xml (RunModel)" time="0.014" />
  <testcase classname="ptolemy.util.test.junit.AutoTests" name="[263] /home/travis/build/icyphy/ptII/ptolemy/actor/lib/test/auto/PublisherPort4.xml (RunModel)" time="0.012" />
  <testcase classname="ptolemy.util.test.junit.AutoTests" name="[264] /home/travis/build/icyphy/ptII/ptolemy/actor/lib/test/auto/PublisherPort5.xml (RunModel)" time="0.014" />
  <testcase classname="ptolemy.util.test.junit.AutoTests" name="[265] /home/travis/build/icyphy/ptII/ptolemy/actor/lib/test/auto/PublisherPort5LookAlike.xml (RunModel)" time="0.019" />
  <testcase classname="ptolemy.util.test.junit.AutoTests" name="[266] /home/travis/build/icyphy/ptII/ptolemy/actor/lib/test/auto/PublisherPort6.xml (RunModel)" time="0.012" />
  <testcase classname="ptolemy.util.test.junit.AutoTests" name="[267] /home/travis/build/icyphy/ptII/ptolemy/actor/lib/test/auto/PublisherPort7.xml (RunModel)" time="0.016" />
  <testcase classname="ptolemy.util.test.junit.AutoTests" name="[268] /home/travis/build/icyphy/ptII/ptolemy/actor/lib/test/auto/PublisherPort8.xml (RunModel)" time="0.016" />
  <testcase classname="ptolemy.util.test.junit.AutoTests" name="[269] /home/travis/build/icyphy/ptII/ptolemy/actor/lib/test/auto/PublisherPortSubscriberChannelVariablesAOC2.xml (RunModel)" time="0.043" />
  <testcase classname="ptolemy.util.test.junit.AutoTests" name="[270] /home/travis/build/icyphy/ptII/ptolemy/actor/lib/test/auto/PublisherPortSubscriberOpaqueWidthInference.xml (RunModel)" time="0.015" />
  <testcase classname="ptolemy.util.test.junit.AutoTests" name="[271] /home/travis/build/icyphy/ptII/ptolemy/actor/lib/test/auto/PublisherPortSubscriberPortAdjacent.xml (RunModel)" time="0.02" />
  <testcase classname="ptolemy.util.test.junit.AutoTests" name="[272] /home/travis/build/icyphy/ptII/ptolemy/actor/lib/test/auto/PublisherPortSubscriberPortExpression.xml (RunModel)" time="0.017" />
  <testcase classname="ptolemy.util.test.junit.AutoTests" name="[273] /home/travis/build/icyphy/ptII/ptolemy/actor/lib/test/auto/PublisherPortSubscriberPortOpaqueD3Reverse.xml (RunModel)" time="0.036" />
  <testcase classname="ptolemy.util.test.junit.AutoTests" name="[274] /home/travis/build/icyphy/ptII/ptolemy/actor/lib/test/auto/PublisherPortSubscriberPortOpaqueWidthInference.xml (RunModel)" time="0.016" />
  <testcase classname="ptolemy.util.test.junit.AutoTests" name="[275] /home/travis/build/icyphy/ptII/ptolemy/actor/lib/test/auto/PublisherPortToplevelSubscriberPortAOC.xml (RunModel)" time="0.012" />
  <testcase classname="ptolemy.util.test.junit.AutoTests" name="[276] /home/travis/build/icyphy/ptII/ptolemy/actor/lib/test/auto/PublisherSubscriber.xml (RunModel)" time="0.013" />
  <testcase classname="ptolemy.util.test.junit.AutoTests" name="[277] /home/travis/build/icyphy/ptII/ptolemy/actor/lib/test/auto/PublisherSubscriber10.xml (RunModel)" time="0.021" />
  <testcase classname="ptolemy.util.test.junit.AutoTests" name="[278] /home/travis/build/icyphy/ptII/ptolemy/actor/lib/test/auto/PublisherSubscriber10InitialOutputs.xml (RunModel)" time="0.04" />
  <testcase classname="ptolemy.util.test.junit.AutoTests" name="[279] /home/travis/build/icyphy/ptII/ptolemy/actor/lib/test/auto/PublisherSubscriber11.xml (RunModel)" time="0.022" />
  <testcase classname="ptolemy.util.test.junit.AutoTests" name="[280] /home/travis/build/icyphy/ptII/ptolemy/actor/lib/test/auto/PublisherSubscriber12.xml (RunModel)" time="0.026" />
  <testcase classname="ptolemy.util.test.junit.AutoTests" name="[281] /home/travis/build/icyphy/ptII/ptolemy/actor/lib/test/auto/PublisherSubscriber13.xml (RunModel)" time="0.01" />
  <testcase classname="ptolemy.util.test.junit.AutoTests" name="[282] /home/travis/build/icyphy/ptII/ptolemy/actor/lib/test/auto/PublisherSubscriber14.xml (RunModel)" time="0.019" />
  <testcase classname="ptolemy.util.test.junit.AutoTests" name="[283] /home/travis/build/icyphy/ptII/ptolemy/actor/lib/test/auto/PublisherSubscriber2.xml (RunModel)" time="0.011" />
  <testcase classname="ptolemy.util.test.junit.AutoTests" name="[284] /home/travis/build/icyphy/ptII/ptolemy/actor/lib/test/auto/PublisherSubscriber3.xml (RunModel)" time="0.01" />
  <testcase classname="ptolemy.util.test.junit.AutoTests" name="[285] /home/travis/build/icyphy/ptII/ptolemy/actor/lib/test/auto/PublisherSubscriber4.xml (RunModel)" time="0.008" />
  <testcase classname="ptolemy.util.test.junit.AutoTests" name="[286] /home/travis/build/icyphy/ptII/ptolemy/actor/lib/test/auto/PublisherSubscriber5.xml (RunModel)" time="0.011" />
  <testcase classname="ptolemy.util.test.junit.AutoTests" name="[287] /home/travis/build/icyphy/ptII/ptolemy/actor/lib/test/auto/PublisherSubscriber6.xml (RunModel)" time="0.022" />
  <testcase classname="ptolemy.util.test.junit.AutoTests" name="[288] /home/travis/build/icyphy/ptII/ptolemy/actor/lib/test/auto/PublisherSubscriber7.xml (RunModel)" time="0.018" />
  <testcase classname="ptolemy.util.test.junit.AutoTests" name="[289] /home/travis/build/icyphy/ptII/ptolemy/actor/lib/test/auto/PublisherSubscriber8.xml (RunModel)" time="0.03" />
  <testcase classname="ptolemy.util.test.junit.AutoTests" name="[290] /home/travis/build/icyphy/ptII/ptolemy/actor/lib/test/auto/PublisherSubscriber9.xml (RunModel)" time="0.017" />
  <testcase classname="ptolemy.util.test.junit.AutoTests" name="[291] /home/travis/build/icyphy/ptII/ptolemy/actor/lib/test/auto/PublisherSubscriberAdjacent.xml (RunModel)" time="0.015" />
  <testcase classname="ptolemy.util.test.junit.AutoTests" name="[292] /home/travis/build/icyphy/ptII/ptolemy/actor/lib/test/auto/PublisherSubscriberChannelVariablesAOC2.xml (RunModel)" time="0.026" />
  <testcase classname="ptolemy.util.test.junit.AutoTests" name="[293] /home/travis/build/icyphy/ptII/ptolemy/actor/lib/test/auto/PublisherSubscriberD3.xml (RunModel)" time="0.013" />
  <testcase classname="ptolemy.util.test.junit.AutoTests" name="[294] /home/travis/build/icyphy/ptII/ptolemy/actor/lib/test/auto/PublisherSubscriberD3Reverse.xml (RunModel)" time="0.014" />
  <testcase classname="ptolemy.util.test.junit.AutoTests" name="[295] /home/travis/build/icyphy/ptII/ptolemy/actor/lib/test/auto/PublisherSubscriberExpression.xml (RunModel)" time="0.016" />
  <testcase classname="ptolemy.util.test.junit.AutoTests" name="[296] /home/travis/build/icyphy/ptII/ptolemy/actor/lib/test/auto/PublisherSubscriberOpaque.xml (RunModel)" time="0.015" />
  <testcase classname="ptolemy.util.test.junit.AutoTests" name="[297] /home/travis/build/icyphy/ptII/ptolemy/actor/lib/test/auto/PublisherSubscriberOpaqueD3.xml (RunModel)" time="0.023" />
  <testcase classname="ptolemy.util.test.junit.AutoTests" name="[298] /home/travis/build/icyphy/ptII/ptolemy/actor/lib/test/auto/PublisherSubscriberOpaqueD3Reverse.xml (RunModel)" time="0.022" />
  <testcase classname="ptolemy.util.test.junit.AutoTests" name="[299] /home/travis/build/icyphy/ptII/ptolemy/actor/lib/test/auto/PublisherSubscriberOpaqueWidthInference.xml (RunModel)" time="0.017" />
  <testcase classname="ptolemy.util.test.junit.AutoTests" name="[300] /home/travis/build/icyphy/ptII/ptolemy/actor/lib/test/auto/PublisherTestSubscriber.xml (RunModel)" time="0.016" />
  <testcase classname="ptolemy.util.test.junit.AutoTests" name="[301] /home/travis/build/icyphy/ptII/ptolemy/actor/lib/test/auto/PublisherToplevelSubscriberPortAOC.xml (RunModel)" time="0.011" />
  <testcase classname="ptolemy.util.test.junit.AutoTests" name="[302] /home/travis/build/icyphy/ptII/ptolemy/actor/lib/test/auto/PulseFiringLimitDE.xml (RunModel)" time="0.016" />
  <testcase classname="ptolemy.util.test.junit.AutoTests" name="[303] /home/travis/build/icyphy/ptII/ptolemy/actor/lib/test/auto/Ramp1.xml (RunModel)" time="0.009" />
  <testcase classname="ptolemy.util.test.junit.AutoTests" name="[304] /home/travis/build/icyphy/ptII/ptolemy/actor/lib/test/auto/RampFiringLimitDE.xml (RunModel)" time="0.011" />
  <testcase classname="ptolemy.util.test.junit.AutoTests" name="[305] /home/travis/build/icyphy/ptII/ptolemy/actor/lib/test/auto/RampFiringLimitSDF.xml (RunModel)" time="0.01" />
  <testcase classname="ptolemy.util.test.junit.AutoTests" name="[306] /home/travis/build/icyphy/ptII/ptolemy/actor/lib/test/auto/RandomInteger.xml (RunModel)" time="0.008" />
  <testcase classname="ptolemy.util.test.junit.AutoTests" name="[307] /home/travis/build/icyphy/ptII/ptolemy/actor/lib/test/auto/ReadFile1.xml (RunModel)" time="0.008" />
  <testcase classname="ptolemy.util.test.junit.AutoTests" name="[308] /home/travis/build/icyphy/ptII/ptolemy/actor/lib/test/auto/ReadFile2.xml (RunModel)" time="0.007" />
  <testcase classname="ptolemy.util.test.junit.AutoTests" name="[309] /home/travis/build/icyphy/ptII/ptolemy/actor/lib/test/auto/Reader.xml (RunModel)" time="0.014" />
  <testcase classname="ptolemy.util.test.junit.AutoTests" name="[310] /home/travis/build/icyphy/ptII/ptolemy/actor/lib/test/auto/RecordAssemblerDisplayNameTest.xml (RunModel)" time="3.413" />
  <testcase classname="ptolemy.util.test.junit.AutoTests" name="[311] /home/travis/build/icyphy/ptII/ptolemy/actor/lib/test/auto/RecordAssemblerTypeError.xml (RunModel)" time="0.055" />
  <testcase classname="ptolemy.util.test.junit.AutoTests" name="[312] /home/travis/build/icyphy/ptII/ptolemy/actor/lib/test/auto/RecordDisassember.xml (RunModel)" time="0.028" />
  <testcase classname="ptolemy.util.test.junit.AutoTests" name="[313] /home/travis/build/icyphy/ptII/ptolemy/actor/lib/test/auto/RecordDisassemberDisplayNameTest.xml (RunModel)" time="0.024" />
  <testcase classname="ptolemy.util.test.junit.AutoTests" name="[314] /home/travis/build/icyphy/ptII/ptolemy/actor/lib/test/auto/RecordDisassembler.xml (RunModel)" time="0.028" />
  <testcase classname="ptolemy.util.test.junit.AutoTests" name="[315] /home/travis/build/icyphy/ptII/ptolemy/actor/lib/test/auto/RecordDisassembler2.xml (RunModel)" time="0.02" />
  <testcase classname="ptolemy.util.test.junit.AutoTests" name="[316] /home/travis/build/icyphy/ptII/ptolemy/actor/lib/test/auto/RecordUpdater.xml (RunModel)" time="0.009" />
  <testcase classname="ptolemy.util.test.junit.AutoTests" name="[317] /home/travis/build/icyphy/ptII/ptolemy/actor/lib/test/auto/RecordUpdater2.xml (RunModel)" time="0.011" />
  <testcase classname="ptolemy.util.test.junit.AutoTests" name="[318] /home/travis/build/icyphy/ptII/ptolemy/actor/lib/test/auto/RecursiveLattice.xml (RunModel)" time="0.008" />
  <testcase classname="ptolemy.util.test.junit.AutoTests" name="[319] /home/travis/build/icyphy/ptII/ptolemy/actor/lib/test/auto/Router.xml (RunModel)" time="3.025" />
  <testcase classname="ptolemy.util.test.junit.AutoTests" name="[320] /home/travis/build/icyphy/ptII/ptolemy/actor/lib/test/auto/Router2.xml (RunModel)" time="3.051" />
  <testcase classname="ptolemy.util.test.junit.AutoTests" name="[321] /home/travis/build/icyphy/ptII/ptolemy/actor/lib/test/auto/RunningMaximum.xml (RunModel)" time="0.021" />
  <testcase classname="ptolemy.util.test.junit.AutoTests" name="[322] /home/travis/build/icyphy/ptII/ptolemy/actor/lib/test/auto/RunningMinimum.xml (RunModel)" time="0.021" />
  <testcase classname="ptolemy.util.test.junit.AutoTests" name="[323] /home/travis/build/icyphy/ptII/ptolemy/actor/lib/test/auto/Scale.xml (RunModel)" time="0.013" />
  <testcase classname="ptolemy.util.test.junit.AutoTests" name="[324] /home/travis/build/icyphy/ptII/ptolemy/actor/lib/test/auto/Scale2.xml (RunModel)" time="0.009" />
  <testcase classname="ptolemy.util.test.junit.AutoTests" name="[325] /home/travis/build/icyphy/ptII/ptolemy/actor/lib/test/auto/Scale3.xml (RunModel)" time="0.02" />
  <testcase classname="ptolemy.util.test.junit.AutoTests" name="[326] /home/travis/build/icyphy/ptII/ptolemy/actor/lib/test/auto/ScaleArray.xml (RunModel)" time="0.013" />
  <testcase classname="ptolemy.util.test.junit.AutoTests" name="[327] /home/travis/build/icyphy/ptII/ptolemy/actor/lib/test/auto/ScaleArray2.xml (RunModel)" time="0.008" />
  <testcase classname="ptolemy.util.test.junit.AutoTests" name="[328] /home/travis/build/icyphy/ptII/ptolemy/actor/lib/test/auto/ScaleMatrix.xml (RunModel)" time="0.222" />
  <testcase classname="ptolemy.util.test.junit.AutoTests" name="[329] /home/travis/build/icyphy/ptII/ptolemy/actor/lib/test/auto/Select.xml (RunModel)" time="0.014" />
  <testcase classname="ptolemy.util.test.junit.AutoTests" name="[330] /home/travis/build/icyphy/ptII/ptolemy/actor/lib/test/auto/Select2.xml (RunModel)" time="0.014" />
  <testcase classname="ptolemy.util.test.junit.AutoTests" name="[331] /home/travis/build/icyphy/ptII/ptolemy/actor/lib/test/auto/SequenceToArray2.xml (RunModel)" time="0.15" />
  <testcase classname="ptolemy.util.test.junit.AutoTests" name="[332] /home/travis/build/icyphy/ptII/ptolemy/actor/lib/test/auto/SequentialClock.xml (RunModel)" time="0.011" />
  <testcase classname="ptolemy.util.test.junit.AutoTests" name="[333] /home/travis/build/icyphy/ptII/ptolemy/actor/lib/test/auto/SetVariable.xml (RunModel)" time="0.012" />
  <testcase classname="ptolemy.util.test.junit.AutoTests" name="[334] /home/travis/build/icyphy/ptII/ptolemy/actor/lib/test/auto/SetVariable2.xml (RunModel)" time="0.012" />
  <testcase classname="ptolemy.util.test.junit.AutoTests" name="[335] /home/travis/build/icyphy/ptII/ptolemy/actor/lib/test/auto/SetVariable3.xml (RunModel)" time="0.015" />
  <testcase classname="ptolemy.util.test.junit.AutoTests" name="[336] /home/travis/build/icyphy/ptII/ptolemy/actor/lib/test/auto/SetVariable4.xml (RunModel)" time="0.025" />
  <testcase classname="ptolemy.util.test.junit.AutoTests" name="[337] /home/travis/build/icyphy/ptII/ptolemy/actor/lib/test/auto/SetVariable5.xml (RunModel)" time="0.039" />
  <testcase classname="ptolemy.util.test.junit.AutoTests" name="[338] /home/travis/build/icyphy/ptII/ptolemy/actor/lib/test/auto/Sinewave.xml (RunModel)" time="0.024" />
  <testcase classname="ptolemy.util.test.junit.AutoTests" name="[339] /home/travis/build/icyphy/ptII/ptolemy/actor/lib/test/auto/Sinewave2.xml (RunModel)" time="0.018" />
  <testcase classname="ptolemy.util.test.junit.AutoTests" name="[340] /home/travis/build/icyphy/ptII/ptolemy/actor/lib/test/auto/Sinewave3.xml (RunModel)" time="0.023" />
  <testcase classname="ptolemy.util.test.junit.AutoTests" name="[341] /home/travis/build/icyphy/ptII/ptolemy/actor/lib/test/auto/SingleEvent.xml (RunModel)" time="0.01" />
  <testcase classname="ptolemy.util.test.junit.AutoTests" name="[342] /home/travis/build/icyphy/ptII/ptolemy/actor/lib/test/auto/Sleep.xml (RunModel)" time="6.023" />
  <testcase classname="ptolemy.util.test.junit.AutoTests" name="[343] /home/travis/build/icyphy/ptII/ptolemy/actor/lib/test/auto/SleepMultipleFire.xml (RunModel)" time="1.018" />
  <testcase classname="ptolemy.util.test.junit.AutoTests" name="[344] /home/travis/build/icyphy/ptII/ptolemy/actor/lib/test/auto/StopDE.xml (RunModel)" time="0.014" />
  <testcase classname="ptolemy.util.test.junit.AutoTests" name="[345] /home/travis/build/icyphy/ptII/ptolemy/actor/lib/test/auto/StopSDF.xml (RunModel)" time="0.011" />
  <testcase classname="ptolemy.util.test.junit.AutoTests" name="[346] /home/travis/build/icyphy/ptII/ptolemy/actor/lib/test/auto/StringConstant.xml (RunModel)" time="0.018" />
  <testcase classname="ptolemy.util.test.junit.AutoTests" name="[347] /home/travis/build/icyphy/ptII/ptolemy/actor/lib/test/auto/SubscriberPortInitialValues1.xml (RunModel)" time="0.023" />
  <testcase classname="ptolemy.util.test.junit.AutoTests" name="[348] /home/travis/build/icyphy/ptII/ptolemy/actor/lib/test/auto/SubscriberPortInitialValues13.xml (RunModel)" time="0.025" />
  <testcase classname="ptolemy.util.test.junit.AutoTests" name="[349] /home/travis/build/icyphy/ptII/ptolemy/actor/lib/test/auto/SubscriberPortInitialValues14.xml (RunModel)" time="0.016" />
  <testcase classname="ptolemy.util.test.junit.AutoTests" name="[350] /home/travis/build/icyphy/ptII/ptolemy/actor/lib/test/auto/SubscriberPortInitialValues2.xml (RunModel)" time="0.018" />
  <testcase classname="ptolemy.util.test.junit.AutoTests" name="[351] /home/travis/build/icyphy/ptII/ptolemy/actor/lib/test/auto/SubscriberPortInitialValues3.xml (RunModel)" time="0.022" />
  <testcase classname="ptolemy.util.test.junit.AutoTests" name="[352] /home/travis/build/icyphy/ptII/ptolemy/actor/lib/test/auto/SubscriptionAggregator.xml (RunModel)" time="0.014" />
  <testcase classname="ptolemy.util.test.junit.AutoTests" name="[353] /home/travis/build/icyphy/ptII/ptolemy/actor/lib/test/auto/SubscriptionAggregator2.xml (RunModel)" time="0.012" />
  <testcase classname="ptolemy.util.test.junit.AutoTests" name="[354] /home/travis/build/icyphy/ptII/ptolemy/actor/lib/test/auto/SubscriptionAggregator3.xml (RunModel)" time="0.028" />
  <testcase classname="ptolemy.util.test.junit.AutoTests" name="[355] /home/travis/build/icyphy/ptII/ptolemy/actor/lib/test/auto/SubscriptionAggregatorMultiply.xml (RunModel)" time="0.016" />
  <testcase classname="ptolemy.util.test.junit.AutoTests" name="[356] /home/travis/build/icyphy/ptII/ptolemy/actor/lib/test/auto/SubscriptionAggregatorPortMultiply1.xml (RunModel)" time="0.016" />
  <testcase classname="ptolemy.util.test.junit.AutoTests" name="[357] /home/travis/build/icyphy/ptII/ptolemy/actor/lib/test/auto/Switch.xml (RunModel)" time="0.02" />
  <testcase classname="ptolemy.util.test.junit.AutoTests" name="[358] /home/travis/build/icyphy/ptII/ptolemy/actor/lib/test/auto/Switch2.xml (RunModel)" time="0.012" />
  <testcase classname="ptolemy.util.test.junit.AutoTests" name="[359] /home/travis/build/icyphy/ptII/ptolemy/actor/lib/test/auto/SwitchDE.xml (RunModel)" time="0.015" />
  <testcase classname="ptolemy.util.test.junit.AutoTests" name="[360] /home/travis/build/icyphy/ptII/ptolemy/actor/lib/test/auto/SynchronizerDE.xml (RunModel)" time="0.023" />
  <testcase classname="ptolemy.util.test.junit.AutoTests" name="[361] /home/travis/build/icyphy/ptII/ptolemy/actor/lib/test/auto/Test.xml (RunModel)" time="0.008" />
  <testcase classname="ptolemy.util.test.junit.AutoTests" name="[362] /home/travis/build/icyphy/ptII/ptolemy/actor/lib/test/auto/TestExceptionAttribute1.xml (RunModel)" time="0.007" />
  <testcase classname="ptolemy.util.test.junit.AutoTests" name="[363] /home/travis/build/icyphy/ptII/ptolemy/actor/lib/test/auto/TestExceptionAttribute2.xml (RunModel)" time="0.012" />
  <testcase classname="ptolemy.util.test.junit.AutoTests" name="[364] /home/travis/build/icyphy/ptII/ptolemy/actor/lib/test/auto/TestExceptionAttribute3.xml (RunModel)" time="0.011" />
  <testcase classname="ptolemy.util.test.junit.AutoTests" name="[365] /home/travis/build/icyphy/ptII/ptolemy/actor/lib/test/auto/TestExceptionAttribute4.xml (RunModel)" time="0.007" />
  <testcase classname="ptolemy.util.test.junit.AutoTests" name="[366] /home/travis/build/icyphy/ptII/ptolemy/actor/lib/test/auto/TestExceptionHandler1.xml (RunModel)" time="0.007" />
  <testcase classname="ptolemy.util.test.junit.AutoTests" name="[367] /home/travis/build/icyphy/ptII/ptolemy/actor/lib/test/auto/TestExceptionHandler2.xml (RunModel)" time="0.012" />
  <testcase classname="ptolemy.util.test.junit.AutoTests" name="[368] /home/travis/build/icyphy/ptII/ptolemy/actor/lib/test/auto/TestExceptionHandler3.xml (RunModel)" time="0.009" />
  <testcase classname="ptolemy.util.test.junit.AutoTests" name="[369] /home/travis/build/icyphy/ptII/ptolemy/actor/lib/test/auto/TestExceptionHandler4.xml (RunModel)" time="0.005" />
  <testcase classname="ptolemy.util.test.junit.AutoTests" name="[370] /home/travis/build/icyphy/ptII/ptolemy/actor/lib/test/auto/TestRequireCorrectOrder.xml (RunModel)" time="0.017" />
  <testcase classname="ptolemy.util.test.junit.AutoTests" name="[371] /home/travis/build/icyphy/ptII/ptolemy/actor/lib/test/auto/TestSimple.xml (RunModel)" time="0.009" />
  <testcase classname="ptolemy.util.test.junit.AutoTests" name="[372] /home/travis/build/icyphy/ptII/ptolemy/actor/lib/test/auto/ThrowModelError.xml (RunModel)" time="0.011" />
  <testcase classname="ptolemy.util.test.junit.AutoTests" name="[373] /home/travis/build/icyphy/ptII/ptolemy/actor/lib/test/auto/TimeDelayMicrosteps.xml (RunModel)" time="0.013" />
  <testcase classname="ptolemy.util.test.junit.AutoTests" name="[374] /home/travis/build/icyphy/ptII/ptolemy/actor/lib/test/auto/TimeDelayMicrosteps2.xml (RunModel)" time="0.018" />
  <testcase classname="ptolemy.util.test.junit.AutoTests" name="[375] /home/travis/build/icyphy/ptII/ptolemy/actor/lib/test/auto/TimeDelayMicrosteps3.xml (RunModel)" time="0.012" />
  <testcase classname="ptolemy.util.test.junit.AutoTests" name="[376] /home/travis/build/icyphy/ptII/ptolemy/actor/lib/test/auto/TimeDelayVariableMicrosteps.xml (RunModel)" time="0.012" />
  <testcase classname="ptolemy.util.test.junit.AutoTests" name="[377] /home/travis/build/icyphy/ptII/ptolemy/actor/lib/test/auto/TimeGap.xml (RunModel)" time="0.016" />
  <testcase classname="ptolemy.util.test.junit.AutoTests" name="[378] /home/travis/build/icyphy/ptII/ptolemy/actor/lib/test/auto/TimeGap2.xml (RunModel)" time="0.011" />
  <testcase classname="ptolemy.util.test.junit.AutoTests" name="[379] /home/travis/build/icyphy/ptII/ptolemy/actor/lib/test/auto/TimedSinewave.xml (RunModel)" time="0.057" />
  <testcase classname="ptolemy.util.test.junit.AutoTests" name="[380] /home/travis/build/icyphy/ptII/ptolemy/actor/lib/test/auto/TimedSinewavePhase.xml (RunModel)" time="0.027" />
  <testcase classname="ptolemy.util.test.junit.AutoTests" name="[381] /home/travis/build/icyphy/ptII/ptolemy/actor/lib/test/auto/Timer.xml (RunModel)" time="0.013" />
  <testcase classname="ptolemy.util.test.junit.AutoTests" name="[382] /home/travis/build/icyphy/ptII/ptolemy/actor/lib/test/auto/TriangularDistTestModel.xml (RunModel)" time="0.02" />
  <testcase classname="ptolemy.util.test.junit.AutoTests" name="[383] /home/travis/build/icyphy/ptII/ptolemy/actor/lib/test/auto/TrigFunction.xml (RunModel)" time="0.012" />
  <testcase classname="ptolemy.util.test.junit.AutoTests" name="[384] /home/travis/build/icyphy/ptII/ptolemy/actor/lib/test/auto/TrigFunctionDE.xml (RunModel)" time="0.012" />
  <testcase classname="ptolemy.util.test.junit.AutoTests" name="[385] /home/travis/build/icyphy/ptII/ptolemy/actor/lib/test/auto/TrigFunctionInverse.xml (RunModel)" time="0.01" />
  <testcase classname="ptolemy.util.test.junit.AutoTests" name="[386] /home/travis/build/icyphy/ptII/ptolemy/actor/lib/test/auto/TrigFunctionTan.xml (RunModel)" time="0.006" />
  <testcase classname="ptolemy.util.test.junit.AutoTests" name="[387] /home/travis/build/icyphy/ptII/ptolemy/actor/lib/test/auto/TriggeredClock.xml (RunModel)" time="0.009" />
  <testcase classname="ptolemy.util.test.junit.AutoTests" name="[388] /home/travis/build/icyphy/ptII/ptolemy/actor/lib/test/auto/URLDirectoryReader.xml (RunModel)" time="0.123" />
  <testcase classname="ptolemy.util.test.junit.AutoTests" name="[389] /home/travis/build/icyphy/ptII/ptolemy/actor/lib/test/auto/URLDirectoryReader3.xml (RunModel)" time="1.257" />
  <testcase classname="ptolemy.util.test.junit.AutoTests" name="[390] /home/travis/build/icyphy/ptII/ptolemy/actor/lib/test/auto/UnaryMathFunction.xml (RunModel)" time="0.033" />
  <testcase classname="ptolemy.util.test.junit.AutoTests" name="[391] /home/travis/build/icyphy/ptII/ptolemy/actor/lib/test/auto/Uniform.xml (RunModel)" time="0.019" />
  <testcase classname="ptolemy.util.test.junit.AutoTests" name="[392] /home/travis/build/icyphy/ptII/ptolemy/actor/lib/test/auto/UnionDisassemblerTest.xml (RunModel)" time="0.016" />
  <testcase classname="ptolemy.util.test.junit.AutoTests" name="[393] /home/travis/build/icyphy/ptII/ptolemy/actor/lib/test/auto/UtilityFunctions.xml (RunModel)" time="0.008" />
  <testcase classname="ptolemy.util.test.junit.AutoTests" name="[394] /home/travis/build/icyphy/ptII/ptolemy/actor/lib/test/auto/VariableSleep.xml (RunModel)" time="0.511" />
  <testcase classname="ptolemy.util.test.junit.AutoTests" name="[395] /home/travis/build/icyphy/ptII/ptolemy/actor/lib/test/auto/VectorAssemblerDisassemblerCT.xml (RunModel)" time="0.133" />
  <testcase classname="ptolemy.util.test.junit.AutoTests" name="[396] /home/travis/build/icyphy/ptII/ptolemy/actor/lib/test/auto/VectorAssemblerDisassemblerDE.xml (RunModel)" time="0.013" />
  <testcase classname="ptolemy.util.test.junit.AutoTests" name="[397] /home/travis/build/icyphy/ptII/ptolemy/actor/lib/test/auto/VectorAssemblerDisassemblerSDF.xml (RunModel)" time="0.021" />
  <testcase classname="ptolemy.util.test.junit.AutoTests" name="[398] /home/travis/build/icyphy/ptII/ptolemy/actor/lib/test/auto/WallClockTime.xml (RunModel)" time="1.023" />
  <testcase classname="ptolemy.util.test.junit.AutoTests" name="[399] /home/travis/build/icyphy/ptII/ptolemy/actor/lib/test/auto/WidthTestWithSubscriberPublisher.xml (RunModel)" time="0.041" />
  <testcase classname="ptolemy.util.test.junit.AutoTests" name="[400] /home/travis/build/icyphy/ptII/ptolemy/actor/lib/test/auto/WidthTestWithSubscriberPublisher2.xml (RunModel)" time="0.014" />
  <testcase classname="ptolemy.util.test.junit.AutoTests" name="[401] /home/travis/build/icyphy/ptII/ptolemy/actor/lib/test/auto/WidthTestWithSubscriberPublisher3.xml (RunModel)" time="0.013" />
  <testcase classname="ptolemy.util.test.junit.AutoTests" name="[402] /home/travis/build/icyphy/ptII/ptolemy/actor/lib/test/auto/Writer.xml (RunModel)" time="0.008" />
  <testcase classname="ptolemy.util.test.junit.AutoTests" name="[403] /home/travis/build/icyphy/ptII/ptolemy/actor/lib/test/auto/array.xml (RunModel)" time="0.025" />
  <testcase classname="ptolemy.util.test.junit.AutoTests" name="[404] /home/travis/build/icyphy/ptII/ptolemy/actor/lib/test/auto/array2.xml (RunModel)" time="0.011" />
  <testcase classname="ptolemy.util.test.junit.AutoTests" name="[405] /home/travis/build/icyphy/ptII/ptolemy/actor/lib/test/auto/arrayType.xml (RunModel)" time="0.016" />
  <testcase classname="ptolemy.util.test.junit.AutoTests" name="[406] /home/travis/build/icyphy/ptII/ptolemy/actor/lib/test/auto/arrayType10.xml (RunModel)" time="0.009" />
  <testcase classname="ptolemy.util.test.junit.AutoTests" name="[407] /home/travis/build/icyphy/ptII/ptolemy/actor/lib/test/auto/arrayType11.xml (RunModel)" time="0.009" />
  <testcase classname="ptolemy.util.test.junit.AutoTests" name="[408] /home/travis/build/icyphy/ptII/ptolemy/actor/lib/test/auto/arrayType12.xml (RunModel)" time="0.009" />
  <testcase classname="ptolemy.util.test.junit.AutoTests" name="[409] /home/travis/build/icyphy/ptII/ptolemy/actor/lib/test/auto/arrayType13.xml (RunModel)" time="0.009" />
  <testcase classname="ptolemy.util.test.junit.AutoTests" name="[410] /home/travis/build/icyphy/ptII/ptolemy/actor/lib/test/auto/arrayType14.xml (RunModel)" time="0.009" />
  <testcase classname="ptolemy.util.test.junit.AutoTests" name="[411] /home/travis/build/icyphy/ptII/ptolemy/actor/lib/test/auto/arrayType15.xml (RunModel)" time="0.01" />
  <testcase classname="ptolemy.util.test.junit.AutoTests" name="[412] /home/travis/build/icyphy/ptII/ptolemy/actor/lib/test/auto/arrayType16.xml (RunModel)" time="0.009" />
  <testcase classname="ptolemy.util.test.junit.AutoTests" name="[413] /home/travis/build/icyphy/ptII/ptolemy/actor/lib/test/auto/arrayType17.xml (RunModel)" time="0.009" />
  <testcase classname="ptolemy.util.test.junit.AutoTests" name="[414] /home/travis/build/icyphy/ptII/ptolemy/actor/lib/test/auto/arrayType18.xml (RunModel)" time="0.009" />
  <testcase classname="ptolemy.util.test.junit.AutoTests" name="[415] /home/travis/build/icyphy/ptII/ptolemy/actor/lib/test/auto/arrayType19.xml (RunModel)" time="0.008" />
  <testcase classname="ptolemy.util.test.junit.AutoTests" name="[416] /home/travis/build/icyphy/ptII/ptolemy/actor/lib/test/auto/arrayType2.xml (RunModel)" time="0.009" />
  <testcase classname="ptolemy.util.test.junit.AutoTests" name="[417] /home/travis/build/icyphy/ptII/ptolemy/actor/lib/test/auto/arrayType20.xml (RunModel)" time="0.009" />
  <testcase classname="ptolemy.util.test.junit.AutoTests" name="[418] /home/travis/build/icyphy/ptII/ptolemy/actor/lib/test/auto/arrayType21.xml (RunModel)" time="0.008" />
  <testcase classname="ptolemy.util.test.junit.AutoTests" name="[419] /home/travis/build/icyphy/ptII/ptolemy/actor/lib/test/auto/arrayType22.xml (RunModel)" time="0.007" />
  <testcase classname="ptolemy.util.test.junit.AutoTests" name="[420] /home/travis/build/icyphy/ptII/ptolemy/actor/lib/test/auto/arrayType23.xml (RunModel)" time="0.007" />
  <testcase classname="ptolemy.util.test.junit.AutoTests" name="[421] /home/travis/build/icyphy/ptII/ptolemy/actor/lib/test/auto/arrayType24.xml (RunModel)" time="0.013" />
  <testcase classname="ptolemy.util.test.junit.AutoTests" name="[422] /home/travis/build/icyphy/ptII/ptolemy/actor/lib/test/auto/arrayType25.xml (RunModel)" time="0.009" />
  <testcase classname="ptolemy.util.test.junit.AutoTests" name="[423] /home/travis/build/icyphy/ptII/ptolemy/actor/lib/test/auto/arrayType26.xml (RunModel)" time="0.009" />
  <testcase classname="ptolemy.util.test.junit.AutoTests" name="[424] /home/travis/build/icyphy/ptII/ptolemy/actor/lib/test/auto/arrayType27.xml (RunModel)" time="0.008" />
  <testcase classname="ptolemy.util.test.junit.AutoTests" name="[425] /home/travis/build/icyphy/ptII/ptolemy/actor/lib/test/auto/arrayType28.xml (RunModel)" time="0.01" />
  <testcase classname="ptolemy.util.test.junit.AutoTests" name="[426] /home/travis/build/icyphy/ptII/ptolemy/actor/lib/test/auto/arrayType3.xml (RunModel)" time="0.008" />
  <testcase classname="ptolemy.util.test.junit.AutoTests" name="[427] /home/travis/build/icyphy/ptII/ptolemy/actor/lib/test/auto/arrayType4.xml (RunModel)" time="0.009" />
  <testcase classname="ptolemy.util.test.junit.AutoTests" name="[428] /home/travis/build/icyphy/ptII/ptolemy/actor/lib/test/auto/arrayType5.xml (RunModel)" time="0.008" />
  <testcase classname="ptolemy.util.test.junit.AutoTests" name="[429] /home/travis/build/icyphy/ptII/ptolemy/actor/lib/test/auto/arrayType6.xml (RunModel)" time="0.02" />
  <testcase classname="ptolemy.util.test.junit.AutoTests" name="[430] /home/travis/build/icyphy/ptII/ptolemy/actor/lib/test/auto/arrayType7.xml (RunModel)" time="0.013" />
  <testcase classname="ptolemy.util.test.junit.AutoTests" name="[431] /home/travis/build/icyphy/ptII/ptolemy/actor/lib/test/auto/arrayType8.xml (RunModel)" time="0.014" />
  <testcase classname="ptolemy.util.test.junit.AutoTests" name="[432] /home/travis/build/icyphy/ptII/ptolemy/actor/lib/test/auto/arrayType9.xml (RunModel)" time="0.008" />
  <testcase classname="ptolemy.util.test.junit.AutoTests" name="[433] /home/travis/build/icyphy/ptII/ptolemy/actor/lib/test/auto/cast.xml (RunModel)" time="0.009" />
  <testcase classname="ptolemy.util.test.junit.AutoTests" name="[434] /home/travis/build/icyphy/ptII/ptolemy/actor/lib/test/auto/compositeMultiPort.xml (RunModel)" time="0.018" />
  <testcase classname="ptolemy.util.test.junit.AutoTests" name="[435] /home/travis/build/icyphy/ptII/ptolemy/actor/lib/test/auto/expressionCastInference.xml (RunModel)" time="0.008" />
  <testcase classname="ptolemy.util.test.junit.AutoTests" name="[436] /home/travis/build/icyphy/ptII/ptolemy/actor/lib/test/auto/expressionCastInference2.xml (RunModel)" time="0.008" />
  <testcase classname="ptolemy.util.test.junit.AutoTests" name="[437] /home/travis/build/icyphy/ptII/ptolemy/actor/lib/test/auto/expressionInference.xml (RunModel)" time="0.007" />
  <testcase classname="ptolemy.util.test.junit.AutoTests" name="[438] /home/travis/build/icyphy/ptII/ptolemy/actor/lib/test/auto/expression_bug.xml (RunModel)" time="0.049" />
  <testcase classname="ptolemy.util.test.junit.AutoTests" name="[439] /home/travis/build/icyphy/ptII/ptolemy/actor/lib/test/auto/factorial.xml (RunModel)" time="0.087" />
  <testcase classname="ptolemy.util.test.junit.AutoTests" name="[440] /home/travis/build/icyphy/ptII/ptolemy/actor/lib/test/auto/filterTest1.xml (RunModel)" time="0.021" />
  <testcase classname="ptolemy.util.test.junit.AutoTests" name="[441] /home/travis/build/icyphy/ptII/ptolemy/actor/lib/test/auto/funcApplyInConst.xml (RunModel)" time="0.031" />
  <testcase classname="ptolemy.util.test.junit.AutoTests" name="[442] /home/travis/build/icyphy/ptII/ptolemy/actor/lib/test/auto/funcApplyInExpr.xml (RunModel)" time="0.036" />
  <testcase classname="ptolemy.util.test.junit.AutoTests" name="[443] /home/travis/build/icyphy/ptII/ptolemy/actor/lib/test/auto/function.xml (RunModel)" time="0.031" />
  <testcase classname="ptolemy.util.test.junit.AutoTests" name="[444] /home/travis/build/icyphy/ptII/ptolemy/actor/lib/test/auto/function2.xml (RunModel)" time="0.034" />
  <testcase classname="ptolemy.util.test.junit.AutoTests" name="[445] /home/travis/build/icyphy/ptII/ptolemy/actor/lib/test/auto/function3.xml (RunModel)" time="0.033" />
  <testcase classname="ptolemy.util.test.junit.AutoTests" name="[446] /home/travis/build/icyphy/ptII/ptolemy/actor/lib/test/auto/functionClosureTest1.xml (RunModel)" time="0.015" />
  <testcase classname="ptolemy.util.test.junit.AutoTests" name="[447] /home/travis/build/icyphy/ptII/ptolemy/actor/lib/test/auto/functionClosureTest2.xml (RunModel)" time="0.008" />
  <testcase classname="ptolemy.util.test.junit.AutoTests" name="[448] /home/travis/build/icyphy/ptII/ptolemy/actor/lib/test/auto/functionClosureTest3.xml (RunModel)" time="0.011" />
  <testcase classname="ptolemy.util.test.junit.AutoTests" name="[449] /home/travis/build/icyphy/ptII/ptolemy/actor/lib/test/auto/functionClosureTest4.xml (RunModel)" time="0.015" />
  <testcase classname="ptolemy.util.test.junit.AutoTests" name="[450] /home/travis/build/icyphy/ptII/ptolemy/actor/lib/test/auto/functionClosureTest5.xml (RunModel)" time="0.014" />
  <testcase classname="ptolemy.util.test.junit.AutoTests" name="[451] /home/travis/build/icyphy/ptII/ptolemy/actor/lib/test/auto/functionClosureTest6.xml (RunModel)" time="0.009" />
  <testcase classname="ptolemy.util.test.junit.AutoTests" name="[452] /home/travis/build/icyphy/ptII/ptolemy/actor/lib/test/auto/functionsOnArcs.xml (RunModel)" time="0.013" />
  <testcase classname="ptolemy.util.test.junit.AutoTests" name="[453] /home/travis/build/icyphy/ptII/ptolemy/actor/lib/test/auto/functionsOnArcsHOF.xml (RunModel)" time="0.015" />
  <testcase classname="ptolemy.util.test.junit.AutoTests" name="[454] /home/travis/build/icyphy/ptII/ptolemy/actor/lib/test/auto/logic.xml (RunModel)" time="0.019" />
  <testcase classname="ptolemy.util.test.junit.AutoTests" name="[455] /home/travis/build/icyphy/ptII/ptolemy/actor/lib/test/auto/matrixType.xml (RunModel)" time="0.009" />
  <testcase classname="ptolemy.util.test.junit.AutoTests" name="[456] /home/travis/build/icyphy/ptII/ptolemy/actor/lib/test/auto/matrixType10.xml (RunModel)" time="0.009" />
  <testcase classname="ptolemy.util.test.junit.AutoTests" name="[457] /home/travis/build/icyphy/ptII/ptolemy/actor/lib/test/auto/matrixType11.xml (RunModel)" time="0.009" />
  <testcase classname="ptolemy.util.test.junit.AutoTests" name="[458] /home/travis/build/icyphy/ptII/ptolemy/actor/lib/test/auto/matrixType12.xml (RunModel)" time="0.011" />
  <testcase classname="ptolemy.util.test.junit.AutoTests" name="[459] /home/travis/build/icyphy/ptII/ptolemy/actor/lib/test/auto/matrixType13.xml (RunModel)" time="0.01" />
  <testcase classname="ptolemy.util.test.junit.AutoTests" name="[460] /home/travis/build/icyphy/ptII/ptolemy/actor/lib/test/auto/matrixType14.xml (RunModel)" time="0.01" />
  <testcase classname="ptolemy.util.test.junit.AutoTests" name="[461] /home/travis/build/icyphy/ptII/ptolemy/actor/lib/test/auto/matrixType2.xml (RunModel)" time="0.009" />
  <testcase classname="ptolemy.util.test.junit.AutoTests" name="[462] /home/travis/build/icyphy/ptII/ptolemy/actor/lib/test/auto/matrixType3.xml (RunModel)" time="0.012" />
  <testcase classname="ptolemy.util.test.junit.AutoTests" name="[463] /home/travis/build/icyphy/ptII/ptolemy/actor/lib/test/auto/matrixType4.xml (RunModel)" time="0.009" />
  <testcase classname="ptolemy.util.test.junit.AutoTests" name="[464] /home/travis/build/icyphy/ptII/ptolemy/actor/lib/test/auto/matrixType5.xml (RunModel)" time="0.008" />
  <testcase classname="ptolemy.util.test.junit.AutoTests" name="[465] /home/travis/build/icyphy/ptII/ptolemy/actor/lib/test/auto/matrixType6.xml (RunModel)" time="0.009" />
  <testcase classname="ptolemy.util.test.junit.AutoTests" name="[466] /home/travis/build/icyphy/ptII/ptolemy/actor/lib/test/auto/matrixType7.xml (RunModel)" time="0.009" />
  <testcase classname="ptolemy.util.test.junit.AutoTests" name="[467] /home/travis/build/icyphy/ptII/ptolemy/actor/lib/test/auto/matrixType8.xml (RunModel)" time="0.01" />
  <testcase classname="ptolemy.util.test.junit.AutoTests" name="[468] /home/travis/build/icyphy/ptII/ptolemy/actor/lib/test/auto/matrixType9.xml (RunModel)" time="0.009" />
  <testcase classname="ptolemy.util.test.junit.AutoTests" name="[469] /home/travis/build/icyphy/ptII/ptolemy/actor/lib/test/auto/paraFunctest.xml (RunModel)" time="0.008" />
  <testcase classname="ptolemy.util.test.junit.AutoTests" name="[470] /home/travis/build/icyphy/ptII/ptolemy/actor/lib/test/auto/paraFunctest2.xml (RunModel)" time="0.014" />
  <testcase classname="ptolemy.util.test.junit.AutoTests" name="[471] /home/travis/build/icyphy/ptII/ptolemy/actor/lib/test/auto/parameterPassing.xml (RunModel)" time="0.009" />
  <testcase classname="ptolemy.util.test.junit.AutoTests" name="[472] /home/travis/build/icyphy/ptII/ptolemy/actor/lib/test/auto/record.xml (RunModel)" time="0.01" />
  <testcase classname="ptolemy.util.test.junit.AutoTests" name="[473] /home/travis/build/icyphy/ptII/ptolemy/actor/lib/test/auto/sizedarray1.xml (RunModel)" time="0.01" />
  <testcase classname="ptolemy.util.test.junit.AutoTests" name="[474] /home/travis/build/icyphy/ptII/ptolemy/actor/lib/test/auto/sizedarray2.xml (RunModel)" time="0.018" />
  <testcase classname="ptolemy.util.test.junit.AutoTests" name="[475] /home/travis/build/icyphy/ptII/ptolemy/actor/lib/test/auto/twoPublishers.xml (RunModel)" time="0.023" />
  <system-out><![CDATA[/home/travis/build/icyphy/ptII/ptolemy/actor/lib/test/AbsoluteValue.tcl
testDefs.tcl: setting time out to 9000 seconds at Sun Jul 21 05:13:05 UTC 2019
122 ms. Memory: 120832K Free: 85959K (71%)
7 ms. Memory: 120832K Free: 84415K (70%)
16 ms. Memory: 120832K Free: 83397K (69%)
9 ms. Memory: 120832K Free: 82887K (69%)
/home/travis/build/icyphy/ptII/ptolemy/actor/lib/test/AddSubtract.tcl
19 ms. Memory: 120832K Free: 80839K (67%)
6 ms. Memory: 120832K Free: 79815K (66%)
5 ms. Memory: 120832K Free: 79301K (66%)
15 ms. Memory: 120832K Free: 78263K (65%)
95 ms. Memory: 120832K Free: 75719K (63%)
8 ms. Memory: 120832K Free: 74695K (62%)
/home/travis/build/icyphy/ptII/ptolemy/actor/lib/test/Average.tcl
7 ms. Memory: 120832K Free: 73143K (61%)
7 ms. Memory: 120832K Free: 71623K (59%)
/home/travis/build/icyphy/ptII/ptolemy/actor/lib/test/Bernoulli.tcl
8 ms. Memory: 120832K Free: 70071K (58%)
2 ms. Memory: 120832K Free: 70071K (58%)
/home/travis/build/icyphy/ptII/ptolemy/actor/lib/test/Clock.tcl
preinitializing
resolving types
initializing
executing number 1
wrapping up
idle
21 ms. Memory: 120832K Free: 67013K (55%)
Completed execution with 5 iterations
preinitializing
resolving types
initializing
executing number 1
wrapping up
idle
4 ms. Memory: 120832K Free: 66503K (55%)
Completed execution with 5 iterations
preinitializing
resolving types
initializing
executing number 1
wrapping up
idle
4 ms. Memory: 120832K Free: 65989K (55%)
Completed execution with 5 iterations
/home/travis/build/icyphy/ptII/ptolemy/actor/lib/test/Commutator.tcl
6 ms. Memory: 120832K Free: 63927K (53%)
6 ms. Memory: 120832K Free: 62917K (52%)
10 ms. Memory: 120832K Free: 57287K (47%)
/home/travis/build/icyphy/ptII/ptolemy/actor/lib/test/Const.tcl
4 ms. Memory: 120832K Free: 55743K (46%)
1 ms. Memory: 120832K Free: 55239K (46%)
4 ms. Memory: 120832K Free: 54725K (45%)
2 ms. Memory: 120832K Free: 54215K (45%)
2 ms. Memory: 120832K Free: 53191K (44%)
19 ms. Memory: 120832K Free: 51653K (43%)
21 ms. Memory: 120832K Free: 50615K (42%)
6 ms. Memory: 120832K Free: 49591K (41%)
/home/travis/build/icyphy/ptII/ptolemy/actor/lib/test/CurrentTime.tcl
preinitializing
resolving types
initializing
executing number 1
wrapping up
idle
21 ms. Memory: 120832K Free: 48071K (40%)
Completed execution with 11 iterations
/home/travis/build/icyphy/ptII/ptolemy/actor/lib/test/DB.tcl
8 ms. Memory: 120832K Free: 46023K (38%)
35 ms. Memory: 120832K Free: 106971K (89%)
2 ms. Memory: 120832K Free: 106475K (88%)
/home/travis/build/icyphy/ptII/ptolemy/actor/lib/test/DiscreteRandomSource.tcl
preinitializing
resolving types
initializing
executing number 1
wrapping up
idle
4 ms. Memory: 120832K Free: 104937K (87%)
Completed execution with 4 iterations
preinitializing
resolving types
initializing
executing number 1
wrapping up
idle
2 ms. Memory: 120832K Free: 104427K (86%)
Completed execution with 4 iterations
preinitializing
resolving types
initializing
executing number 1
wrapping up
idle
2 ms. Memory: 120832K Free: 103913K (86%)
Completed execution with 4 iterations
preinitializing
resolving types
initializing
executing number 1
wrapping up
idle
3 ms. Memory: 120832K Free: 103913K (86%)
Completed execution with 4 iterations
preinitializing
resolving types
initializing
executing number 1
wrapping up
idle
8 ms. Memory: 120832K Free: 103403K (86%)
Completed execution with 4 iterations
/home/travis/build/icyphy/ptII/ptolemy/actor/lib/test/Distributor.tcl
5 ms. Memory: 120832K Free: 101859K (84%)
4 ms. Memory: 120832K Free: 100841K (83%)
StreamChangeRequest.changeExecuted(): <deleteEntity name="rec2"/> succeeded
StreamChangeRequest.changeExecuted(): <deleteRelation name="r2"/> succeeded
StreamChangeRequest.changeExecuted(): Record firings per iteration succeeded
11 ms. Memory: 120832K Free: 98283K (81%)
/home/travis/build/icyphy/ptII/ptolemy/actor/lib/test/Exit.tcl
Exit.tcl: this will print a message about Manager.exitAfterWrapup, which can be ignored.
3 ms. Memory: 120832K Free: 95282K (79%)
/home/travis/build/icyphy/ptII/ptolemy/actor/lib/test/Expression.tcl
20 ms. Memory: 120832K Free: 92139K (76%)
11 ms. Memory: 120832K Free: 91611K (76%)
24 ms. Memory: 120832K Free: 106363K (88%)
preinitializing
resolving types
initializing
executing number 1
wrapping up
idle
5 ms. Memory: 120832K Free: 104843K (87%)
Completed execution with 6 iterations
4 ms. Memory: 120832K Free: 104329K (86%)
13 ms. Memory: 120832K Free: 103291K (85%)
14 ms. Memory: 120832K Free: 102281K (85%)
7 ms. Memory: 120832K Free: 101225K (84%)
10 ms. Memory: 120832K Free: 99723K (83%)
/home/travis/build/icyphy/ptII/ptolemy/actor/lib/test/Gaussian.tcl
10 ms. Memory: 120832K Free: 98179K (81%)
sleeping 1 seconds: .................................................................................................................................................................................................................................................................................................................................................................................................................................................................................................................................................................................................................................................................................................................................................................................................................................................................................................................................................................................................................................................................................................................................................................................................................................................................................................................................................................................................................................................................................................................................................................................................................................................................................................................................................................................................................................................................................................................................................................................................................................................................................................................................................................................................................................................................................................................................................................................................................................................................................................................................................................................................................................................................................................................................................................................................................................................................................................................................................................................................................................................................................................................................................................................................................................................................................................................................................................................................................................................................................................................................................................................................................................................................................................................................................................................................................................................................................................................................................................................................................................................................................................................................................................................................................................................................................................................................................................................................................................................................................................................................................................................................................................................................................................................................................................................................................................................................................................................................................................................................................................................................................................................................................................................................................................................................................................................................................................................................................................................................................................................................................................................................................................................................................................................................................................................................................................................................................................................................................................................................................................................................................................................................................................................................................................................................................................................................................................................................................................................................................................................................................................................................................................................................................................................................................................................................................................................................................................................................................................................................................................................................................................................................................................................................................................................................................................................................................................................................................................................................................................................................................................................................................................................................................................................................................................................................................................................................................................................................................................................................................................................................................................................................................................................................................................................................................................................................................................................................................................................................................................................................................................................................................................................................................................................................................................................................................................................................................................................................................................................................................................................................................................................................................................................................................................................................................................................................................................................................................................................................................................................................................................................................................................................................................................................................................................................................................................................................................................................................................................................................................................................................................................................................................................................................................................................................................................................................................................................................................................................................................................................................................................................................................................................................................................................................................................................................................................................................................................................................................................................................................................................................................................................................................................................................................................................................................................................................................................................................................................................................................................................................................................................................................................................................................................................................................................................................................................................................................................................................................................................................................................................................................................................................................................................................................................................................................................................................................................................................................................................................................................................................................................................................................................................................................................................................................................................................................................................................................................................................................................................................................................................................................................................................................................................................................................................................................................................................................................................................................................................................................................................................................................................................................................................................................................................................................................................................................................................................................................................................................................................................................................................................................................................................................................................................................................................................................................................................................................................................................................................................................................................................................................................................................................................................................................................................................................................................................................................................................................................................................................................................................................................................................................................................................................................................................................................................................................................................................................................................................................................................................................................................................................................................................................................................................................................................................................................................................................................................................................................................................................................................................................................................................................................................................................................................................................................................................................................................................................................................................................................................................................................................................................................................................................................................................................................................................................................................................................................................................................................................................................................................................................................................................................................................................................................................................................................................................................................................................................................................................................................................................................................................................................................................................................................................................................................................................................................................................................................................................................................................................................................................................................................................................................................................................................................................................................................................................................................................................................................................................................................................................................................................................................................................................................................................................................................................................................................................................................................................................................................................................................................................................................................................................................................................................................................................................................................................................................................................................................................................................................................................................................................................................................................................................................................................................................................................................................................................................................................................................................................................................................................................................................................................................................................................................................................................................................................................................................................................................................................................................................................................................................................................................................................................................................................................................................................................................................................................................................................................................................................................................................................................................................................................................................................................................................................................................................................................................................................................................................................................................................................................................................................................................................................................................................................................................................................................................................................................................................................................................................................................................................................................................................................................................................................................................................................................................................................................................................................................................................................................................................................................................................................................................................................................................................................................................................................................................................................................3 ms. Memory: 120832K Free: 70616K (58%)
2 ms. Memory: 120832K Free: 69598K (58%)
2 ms. Memory: 120832K Free: 69088K (57%)
6 ms. Memory: 120832K Free: 68435K (57%)
7 ms. Memory: 120832K Free: 67550K (56%)
/home/travis/build/icyphy/ptII/ptolemy/actor/lib/test/IIR.tcl
/home/travis/build/icyphy/ptII/ptolemy/actor/lib/test/Interpolator.tcl
4 ms. Memory: 120832K Free: 63968K (53%)
3 ms. Memory: 120832K Free: 63454K (53%)
6 ms. Memory: 120832K Free: 62944K (52%)
2 ms. Memory: 120832K Free: 62430K (52%)
18 ms. Memory: 120832K Free: 61406K (51%)
2 ms. Memory: 120832K Free: 60896K (50%)
2 ms. Memory: 120832K Free: 59872K (50%)
7 ms. Memory: 120832K Free: 58848K (49%)
4 ms. Memory: 120832K Free: 105694K (87%)
2 ms. Memory: 120832K Free: 104670K (87%)
/home/travis/build/icyphy/ptII/ptolemy/actor/lib/test/MathFunction.tcl
9 ms. Memory: 120832K Free: 102622K (85%)
2 ms. Memory: 120832K Free: 101598K (84%)
2 ms. Memory: 120832K Free: 100574K (83%)
2 ms. Memory: 120832K Free: 99550K (82%)
3 ms. Memory: 120832K Free: 98526K (82%)
6 ms. Memory: 120832K Free: 96478K (80%)
/home/travis/build/icyphy/ptII/ptolemy/actor/lib/test/Maximum.tcl
3 ms. Memory: 120832K Free: 94430K (78%)
2 ms. Memory: 120832K Free: 93916K (78%)
2 ms. Memory: 120832K Free: 93406K (77%)
2 ms. Memory: 120832K Free: 92892K (77%)
/home/travis/build/icyphy/ptII/ptolemy/actor/lib/test/Minimum.tcl
4 ms. Memory: 120832K Free: 90830K (75%)
2 ms. Memory: 120832K Free: 90334K (75%)
2 ms. Memory: 120832K Free: 89806K (74%)
2 ms. Memory: 120832K Free: 88782K (73%)
/home/travis/build/icyphy/ptII/ptolemy/actor/lib/test/MultiplyDivide.tcl
4 ms. Memory: 120832K Free: 86734K (72%)
2 ms. Memory: 120832K Free: 86238K (71%)
3 ms. Memory: 120832K Free: 85694K (71%)
3 ms. Memory: 120832K Free: 84670K (70%)
2 ms. Memory: 120832K Free: 84190K (70%)
/home/travis/build/icyphy/ptII/ptolemy/actor/lib/test/OrderedMerge.tcl
Connections changed on port: inputA
Connections changed on port: inputB
Connections changed on port: output
Connections changed on port: output
Connections changed on port: output
Connections changed on port: input
.top. Preinitializing ...
Invoking preinitialize():  .top.OrderedMerge
Called preinitialize()
Invoking preinitialize():  .top.Ramp
Called preinitialize()
Invoking preinitialize():  .top.Ramp2
Called preinitialize()
Invoking preinitialize():  .top.Test
Called preinitialize()
Connections changed on port: inputA
Connections changed on port: output
Connections changed on port: output
Connections changed on port: input
Connections changed on port: inputB
Connections changed on port: output
.top. Finished preinitialize().
Called initialize().
Invoking initialize():  .top.OrderedMerge
Initializing actor: .top.OrderedMerge
Adding a thread: .top.OrderedMerge
Invoking initialize():  .top.Ramp
Initializing actor: .top.Ramp
Adding a thread: .top.Ramp
Invoking initialize():  .top.Ramp2
Initializing actor: .top.Ramp2
Adding a thread: .top.Ramp2
Invoking initialize():  .top.Test
Initializing actor: .top.Test
Adding a thread: .top.Test
-- Starting thread.
Called initialize()
Called fire().
Checking for deadlock:
Called prefire()
Called fire()
-- Starting thread.
Called initialize()
-- Starting thread.
Called initialize()
Called prefire()
Called prefire()
Called fire()
-- Starting thread.
Called fire()
Called initialize()
Called prefire()
Called fire()
There are 0 Blocked actors, 0 Stopped actors, and 4 active threads.
Waiting for actors to stop.
Called postfire()
Called prefire()
Called fire()
Called postfire()
Called prefire()
Called fire()
Called postfire()
Checking for deadlock:
There are 2 Blocked actors, 0 Stopped actors, and 4 active threads.
Waiting for actors to stop.
Read input token from inputA with value 0.0
Next port to read input from is inputB
Called postfire()
Called prefire()
Called fire()
Read input token from inputB with value 0.0
Sent output token with value 0.0
Next port to read input from is inputA
Called postfire()
Called prefire()
Called fire()
Read input token from inputA with value 1.0
Sent output token with value 0.0
-- Read input: 0.0, which is expected to match: 0.0
Next port to read input from is inputB
Called postfire()
Called prefire()
Called fire()
Called prefire()
Called fire()
-- Read input: 0.0, which is expected to match: 0.0
Called prefire()
Called fire()
Checking for deadlock:
There are 2 Blocked actors, 0 Stopped actors, and 4 active threads.
Waiting for actors to stop.
Called prefire()
Called fire()
Called postfire()
Called prefire()
Called fire()
Called postfire()
Called prefire()
Read input token from inputB with value 1.5
Called fire()
Sent output token with value 1.0
Next port to read input from is inputA
Called postfire()
Called prefire()
Called fire()
Read input token from inputA with value 2.0
Checking for deadlock:
There are 1 Blocked actors, 0 Stopped actors, and 4 active threads.
Waiting for actors to stop.
-- Read input: 1.0, which is expected to match: 1.0
Called prefire()
Called fire()
Checking for deadlock:
There are 1 Blocked actors, 0 Stopped actors, and 4 active threads.
Waiting for actors to stop.
Called postfire()
Called postfire()
Called prefire()
Called fire()
Sent output token with value 1.5
Next port to read input from is inputB
Called postfire()
Called prefire()
Called fire()
-- Read input: 1.5, which is expected to match: 1.5
Called prefire()
Called fire()
Called prefire()
Checking for deadlock:
Called fire()
There are 1 Blocked actors, 0 Stopped actors, and 4 active threads.
Waiting for actors to stop.
Checking for deadlock:
Read input token from inputB with value 3.0
There are 2 Blocked actors, 0 Stopped actors, and 4 active threads.
Waiting for actors to stop.
Checking for deadlock:
Sent output token with value 2.0
There are 1 Blocked actors, 0 Stopped actors, and 4 active threads.
Waiting for actors to stop.
Next port to read input from is inputA
Called postfire()
Called prefire()
Called fire()
-- Read input: 2.0, which is expected to match: 2.0
Read input token from inputA with value 3.0
Called prefire()
Called fire()
Sent output token with value 3.0
-- Read input: 3.0, which is expected to match: 3.0
Next port to read input from is inputB
Called postfire()
Called prefire()
Called prefire()
Called fire()
Checking for deadlock:
Called fire()
There are 1 Blocked actors, 0 Stopped actors, and 4 active threads.
Waiting for actors to stop.
Called postfire()
Called prefire()
Called fire()
Called postfire()
Called prefire()
Called fire()
Read input token from inputB with value 4.5
Called postfire()
Checking for deadlock:
Called prefire()
There are 1 Blocked actors, 0 Stopped actors, and 4 active threads.
Waiting for actors to stop.
Sent output token with value 3.0
-- Read input: 3.0, which is expected to match: 3.0
Called fire()
Called prefire()
Called fire()
Next port to read input from is inputA
Called postfire()
Called prefire()
Called fire()
Read input token from inputA with value 4.0
Sent output token with value 4.0
Next port to read input from is inputA
Called postfire()
Called prefire()
Called fire()
Checking for deadlock:
There are 2 Blocked actors, 0 Stopped actors, and 4 active threads.
Waiting for actors to stop.
Called postfire()
Called prefire()
Called fire()
-- Read input: 4.0, which is expected to match: 4.0
Called prefire()
Called fire()
Past the end of training data. Read and discard all inputs.
Checking for deadlock:
There are 3 Blocked actors, 0 Stopped actors, and 4 active threads.
Waiting for actors to stop.
Called postfire()
Called prefire()
Called fire()
Read input token from inputA with value 5.0
Checking for deadlock:
There are 3 Blocked actors, 0 Stopped actors, and 4 active threads.
Waiting for actors to stop.
Checking for deadlock:
There are 2 Blocked actors, 0 Stopped actors, and 4 active threads.
Waiting for actors to stop.
Called prefire()
Called fire()
Past the end of training data. Read and discard all inputs.
Checking for deadlock:
There are 3 Blocked actors, 0 Stopped actors, and 4 active threads.
Waiting for actors to stop.
Sent output token with value 4.5
Next port to read input from is inputB
Called postfire()
Called prefire()
Called fire()
Checking for deadlock:
There are 2 Blocked actors, 0 Stopped actors, and 4 active threads.
Waiting for actors to stop.
Read input token from inputB with value 6.0
Called postfire()
Called prefire()
Called fire()
Checking for deadlock:
There are 2 Blocked actors, 0 Stopped actors, and 4 active threads.
Waiting for actors to stop.
Sent output token with value 5.0
Called prefire()
Called fire()
Past the end of training data. Read and discard all inputs.
Checking for deadlock:
There are 3 Blocked actors, 0 Stopped actors, and 4 active threads.
Waiting for actors to stop.
Next port to read input from is inputA
Called postfire()
Called prefire()
Called fire()
Called postfire()
Called prefire()
Called fire()
Read input token from inputA with value 6.0
Checking for deadlock:
There are 3 Blocked actors, 0 Stopped actors, and 4 active threads.
Waiting for actors to stop.
Checking for deadlock:
Called prefire()
There are 2 Blocked actors, 0 Stopped actors, and 4 active threads.
Called fire()
Waiting for actors to stop.
Past the end of training data. Read and discard all inputs.
Checking for deadlock:
There are 3 Blocked actors, 0 Stopped actors, and 4 active threads.
Sent output token with value 6.0
Waiting for actors to stop.
Next port to read input from is inputB
Called postfire()
Called prefire()
Called fire()
Checking for deadlock:
There are 2 Blocked actors, 0 Stopped actors, and 4 active threads.
Waiting for actors to stop.
Read input token from inputB with value 7.5
Called postfire()
Called prefire()
Called fire()
Checking for deadlock:
There are 2 Blocked actors, 0 Stopped actors, and 4 active threads.
Sent output token with value 6.0
Waiting for actors to stop.
Called prefire()
Called fire()
Past the end of training data. Read and discard all inputs.
Checking for deadlock:
Next port to read input from is inputA
There are 3 Blocked actors, 0 Stopped actors, and 4 active threads.
Waiting for actors to stop.
Called postfire()
Called prefire()
Called fire()
Checking for deadlock:
There are 2 Blocked actors, 0 Stopped actors, and 4 active threads.
Waiting for actors to stop.
Read input token from inputA with value 7.0
Called postfire()
Called prefire()
Called fire()
Called prefire()
Called fire()
Past the end of training data. Read and discard all inputs.
Checking for deadlock:
There are 3 Blocked actors, 0 Stopped actors, and 4 active threads.
Waiting for actors to stop.
Sent output token with value 7.0
Next port to read input from is inputA
Called postfire()
Called prefire()
Called fire()
Read input token from inputA with value 8.0
-- Thread wrapup() called.
Called wrapup()
Sent output token with value 7.5
Next port to read input from is inputB
Called postfire()
Called prefire()
Called fire()
Thread .top.Ramp is exiting.
Checking for deadlock:
-- Thread stopped.
There are 1 Blocked actors, 0 Stopped actors, and 3 active threads.
Waiting for actors to stop.
Called postfire()
Called prefire()
Called fire()
Called prefire()
Called fire()
Past the end of training data. Read and discard all inputs.
Checking for deadlock:
There are 2 Blocked actors, 0 Stopped actors, and 3 active threads.
Waiting for actors to stop.
Read input token from inputB with value 9.0
Called prefire()
Called fire()
Past the end of training data. Read and discard all inputs.
Checking for deadlock:
There are 2 Blocked actors, 0 Stopped actors, and 3 active threads.
Waiting for actors to stop.
Sent output token with value 8.0
Next port to read input from is inputA
Called postfire()
Called prefire()
Called fire()
Read input token from inputA with value 9.0
Called prefire()
Called fire()
Past the end of training data. Read and discard all inputs.
Checking for deadlock:
There are 2 Blocked actors, 0 Stopped actors, and 3 active threads.
Waiting for actors to stop.
Sent output token with value 9.0
Next port to read input from is inputB
Called postfire()
Called prefire()
Called fire()
Checking for deadlock:
There are 1 Blocked actors, 0 Stopped actors, and 3 active threads.
Waiting for actors to stop.
Called postfire()
Called prefire()
Called fire()
Checking for deadlock:
There are 2 Blocked actors, 0 Stopped actors, and 3 active threads.
Waiting for actors to stop.
Read input token from inputB with value 10.5
Checking for deadlock:
There are 1 Blocked actors, 0 Stopped actors, and 3 active threads.
Waiting for actors to stop.
Called prefire()
Called fire()
Past the end of training data. Read and discard all inputs.
Checking for deadlock:
There are 2 Blocked actors, 0 Stopped actors, and 3 active threads.
Waiting for actors to stop.
Sent output token with value 9.0
Next port to read input from is inputA
Called postfire()
Called prefire()
Called fire()
Checking for deadlock:
There are 3 Blocked actors, 0 Stopped actors, and 3 active threads.
Actors have stopped.
Checking for deadlock:
There are 3 Blocked actors, 0 Stopped actors, and 3 active threads.
Deadlock detected.
Resolving Deadlock
Checking for deadlock:
There are 3 Blocked actors, 0 Stopped actors, and 3 active threads.
Artificial Deadlock - increasing queue capacity.
increasing the capacity of receiver ptolemy.actor.TypedIOPort {.top.OrderedMerge.inputB} to 2
Director: Called postfire().
Called postfire().
_stopRequested = false
_stopFireRequested = false
Returning from postfire(): true
Called fire().
Checking for deadlock:
There are 2 Blocked actors, 0 Stopped actors, and 3 active threads.
Waiting for actors to stop.
-- Thread wrapup() called.
Called wrapup()
Thread .top.Ramp2 is exiting.
-- Thread stopped.
Checking for deadlock:
There are 2 Blocked actors, 0 Stopped actors, and 2 active threads.
Actors have stopped.
Checking for deadlock:
There are 2 Blocked actors, 0 Stopped actors, and 2 active threads.
Deadlock detected.
Resolving Deadlock
Checking for deadlock:
There are 2 Blocked actors, 0 Stopped actors, and 2 active threads.
Deadlock detected: no processes blocked on write, but some are blocked on read.
Called postfire().
_stopRequested = false
_stopFireRequested = false
Returning from postfire(): false
Finished deactivating branches.
Called wrapup().
-- Thread wrapup() called.
Called wrapup()
Thread .top.OrderedMerge is exiting.
-- Thread stopped.
-- Blocked Receiver call threw TerminateProcessException.
-- Thread wrapup() called.
Called wrapup()
Thread .top.Test is exiting.
-- Thread stopped.
-- Blocked Receiver call threw TerminateProcessException.
75 ms. Memory: 120832K Free: 79070K (65%)
.top. Preinitializing ...
Invoking preinitialize():  .top.OrderedMerge
Called preinitialize()
Invoking preinitialize():  .top.Ramp
Called preinitialize()
Invoking preinitialize():  .top.Ramp2
Called preinitialize()
Invoking preinitialize():  .top.Test
Called preinitialize()
.top. Finished preinitialize().
Called initialize().
Invoking initialize():  .top.OrderedMerge
Initializing actor: .top.OrderedMerge
Adding a thread: .top.OrderedMerge
Invoking initialize():  .top.Ramp
Initializing actor: .top.Ramp
Adding a thread: .top.Ramp
Invoking initialize():  .top.Ramp2
Initializing actor: .top.Ramp2
Adding a thread: .top.Ramp2
Invoking initialize():  .top.Test
Initializing actor: .top.Test
Adding a thread: .top.Test
-- Starting thread.
Called initialize()
Called prefire()
Called fire()
-- Starting thread.
Called initialize()
Called prefire()
Called fire()
Called postfire()
Called prefire()
Called fire()
-- Starting thread.
Called initialize()
Called prefire()
Called fire()
Called postfire()
Called prefire()
Called fire()
Called fire().
Checking for deadlock:
There are 3 Blocked actors, 0 Stopped actors, and 4 active threads.
Waiting for actors to stop.
-- Starting thread.
Called initialize()
Called prefire()
Called fire()
Checking for deadlock:
There are 2 Blocked actors, 0 Stopped actors, and 4 active threads.
Waiting for actors to stop.
Called postfire()
Called prefire()
Called fire()
Checking for deadlock:
There are 3 Blocked actors, 0 Stopped actors, and 4 active threads.
Waiting for actors to stop.
Read input token from inputA with value 0.0
Next port to read input from is inputB
Called postfire()
Called prefire()
Called fire()
Called postfire()
Called prefire()
Called fire()
Checking for deadlock:
There are 3 Blocked actors, 0 Stopped actors, and 4 active threads.
Waiting for actors to stop.
Read input token from inputB with value 0.0
Checking for deadlock:
There are 2 Blocked actors, 0 Stopped actors, and 4 active threads.
Waiting for actors to stop.
-- Read input: 0.0, which is expected to match: 0.0
Called prefire()
Called fire()
Checking for deadlock:
There are 3 Blocked actors, 0 Stopped actors, and 4 active threads.
Waiting for actors to stop.
Sent output token with value 0.0
Next port to read input from is inputA
Called postfire()
Called prefire()
Called fire()
Checking for deadlock:
There are 2 Blocked actors, 0 Stopped actors, and 4 active threads.
Waiting for actors to stop.
Called postfire()
Called prefire()
Called fire()
Checking for deadlock:
There are 3 Blocked actors, 0 Stopped actors, and 4 active threads.
Waiting for actors to stop.
Read input token from inputA with value 1.0
Checking for deadlock:
There are 2 Blocked actors, 0 Stopped actors, and 4 active threads.
Waiting for actors to stop.
-- Read input: 0.0, which is expected to match: 0.0
Called prefire()
Called fire()
Checking for deadlock:
There are 3 Blocked actors, 0 Stopped actors, and 4 active threads.
Waiting for actors to stop.
Sent output token with value 0.0
Next port to read input from is inputB
Called postfire()
Called prefire()
Called fire()
Called postfire()
Called prefire()
Called fire()
Checking for deadlock:
There are 3 Blocked actors, 0 Stopped actors, and 4 active threads.
Waiting for actors to stop.
Read input token from inputB with value 1.5
-- Read input: 1.0, which is expected to match: 1.0
Called prefire()
Called fire()
Checking for deadlock:
There are 3 Blocked actors, 0 Stopped actors, and 4 active threads.
Waiting for actors to stop.
Sent output token with value 1.0
Next port to read input from is inputA
Called postfire()
Called prefire()
Called fire()
Checking for deadlock:
There are 2 Blocked actors, 0 Stopped actors, and 4 active threads.
Waiting for actors to stop.
Called postfire()
Called prefire()
Called fire()
Checking for deadlock:
There are 3 Blocked actors, 0 Stopped actors, and 4 active threads.
Waiting for actors to stop.
Read input token from inputA with value 2.0
Checking for deadlock:
There are 2 Blocked actors, 0 Stopped actors, and 4 active threads.
Waiting for actors to stop.
-- Read input: 1.5, which is expected to match: 1.5
Called prefire()
Called fire()
Checking for deadlock:
There are 3 Blocked actors, 0 Stopped actors, and 4 active threads.
Waiting for actors to stop.
Sent output token with value 1.5
Next port to read input from is inputB
Called postfire()
Called prefire()
Called fire()
Checking for deadlock:
There are 2 Blocked actors, 0 Stopped actors, and 4 active threads.
Waiting for actors to stop.
Called postfire()
Called prefire()
Called fire()
Checking for deadlock:
There are 3 Blocked actors, 0 Stopped actors, and 4 active threads.
Waiting for actors to stop.
Read input token from inputB with value 3.0
Checking for deadlock:
There are 2 Blocked actors, 0 Stopped actors, and 4 active threads.
Waiting for actors to stop.
-- Read input: 2.0, which is expected to match: 2.0
Called prefire()
Called fire()
Checking for deadlock:
There are 3 Blocked actors, 0 Stopped actors, and 4 active threads.
Waiting for actors to stop.
Sent output token with value 2.0
Next port to read input from is inputA
Called postfire()
Called prefire()
Called fire()
Checking for deadlock:
There are 2 Blocked actors, 0 Stopped actors, and 4 active threads.
Waiting for actors to stop.
Called postfire()
Called prefire()
Called fire()
Checking for deadlock:
There are 3 Blocked actors, 0 Stopped actors, and 4 active threads.
Waiting for actors to stop.
Read input token from inputA with value 3.0
Checking for deadlock:
There are 2 Blocked actors, 0 Stopped actors, and 4 active threads.
Waiting for actors to stop.
-- Read input: 3.0, which is expected to match: 3.0
Called prefire()
Called fire()
Checking for deadlock:
There are 3 Blocked actors, 0 Stopped actors, and 4 active threads.
Waiting for actors to stop.
Sent output token with value 3.0
Next port to read input from is inputB
Called postfire()
Called prefire()
Called fire()
Called postfire()
Called prefire()
Called fire()
Checking for deadlock:
There are 3 Blocked actors, 0 Stopped actors, and 4 active threads.
Waiting for actors to stop.
Read input token from inputB with value 4.5
-- Read input: 3.0, which is expected to match: 3.0
Called prefire()
Called fire()
Checking for deadlock:
There are 3 Blocked actors, 0 Stopped actors, and 4 active threads.
Waiting for actors to stop.
Sent output token with value 3.0
Next port to read input from is inputA
Called postfire()
Called prefire()
Called fire()
Checking for deadlock:
There are 2 Blocked actors, 0 Stopped actors, and 4 active threads.
Waiting for actors to stop.
Called postfire()
Called prefire()
Called fire()
Checking for deadlock:
There are 3 Blocked actors, 0 Stopped actors, and 4 active threads.
Waiting for actors to stop.
Read input token from inputA with value 4.0
Checking for deadlock:
There are 2 Blocked actors, 0 Stopped actors, and 4 active threads.
Waiting for actors to stop.
-- Read input: 4.0, which is expected to match: 4.0
Called prefire()
Called fire()
Past the end of training data. Read and discard all inputs.
Checking for deadlock:
There are 3 Blocked actors, 0 Stopped actors, and 4 active threads.
Waiting for actors to stop.
Sent output token with value 4.0
Next port to read input from is inputA
Called postfire()
Called prefire()
Called fire()
Checking for deadlock:
There are 2 Blocked actors, 0 Stopped actors, and 4 active threads.
Waiting for actors to stop.
Called postfire()
Called prefire()
Called fire()
Checking for deadlock:
There are 3 Blocked actors, 0 Stopped actors, and 4 active threads.
Waiting for actors to stop.
Read input token from inputA with value 5.0
Checking for deadlock:
There are 2 Blocked actors, 0 Stopped actors, and 4 active threads.
Waiting for actors to stop.
Called prefire()
Called fire()
Past the end of training data. Read and discard all inputs.
Checking for deadlock:
There are 3 Blocked actors, 0 Stopped actors, and 4 active threads.
Waiting for actors to stop.
Sent output token with value 4.5
Next port to read input from is inputB
Called postfire()
Called prefire()
Called fire()
Called postfire()
Called prefire()
Called fire()
Checking for deadlock:
There are 3 Blocked actors, 0 Stopped actors, and 4 active threads.
Waiting for actors to stop.
Read input token from inputB with value 6.0
Called prefire()
Called fire()
Past the end of training data. Read and discard all inputs.
Checking for deadlock:
There are 3 Blocked actors, 0 Stopped actors, and 4 active threads.
Waiting for actors to stop.
Sent output token with value 5.0
Next port to read input from is inputA
Called postfire()
Called prefire()
Called fire()
Called postfire()
Called prefire()
Called fire()
Checking for deadlock:
There are 3 Blocked actors, 0 Stopped actors, and 4 active threads.
Waiting for actors to stop.
Read input token from inputA with value 6.0
Called prefire()
Called fire()
Past the end of training data. Read and discard all inputs.
Checking for deadlock:
There are 3 Blocked actors, 0 Stopped actors, and 4 active threads.
Waiting for actors to stop.
Sent output token with value 6.0
Next port to read input from is inputB
Called postfire()
Called prefire()
Called fire()
Called postfire()
Called prefire()
Called fire()
Checking for deadlock:
There are 3 Blocked actors, 0 Stopped actors, and 4 active threads.
Waiting for actors to stop.
Read input token from inputB with value 7.5
Called prefire()
Called fire()
Past the end of training data. Read and discard all inputs.
Checking for deadlock:
There are 3 Blocked actors, 0 Stopped actors, and 4 active threads.
Waiting for actors to stop.
Sent output token with value 6.0
Next port to read input from is inputA
Called postfire()
Called prefire()
Called fire()
Checking for deadlock:
There are 2 Blocked actors, 0 Stopped actors, and 4 active threads.
Waiting for actors to stop.
Called postfire()
Called prefire()
Called fire()
Checking for deadlock:
There are 3 Blocked actors, 0 Stopped actors, and 4 active threads.
Waiting for actors to stop.
Read input token from inputA with value 7.0
Checking for deadlock:
There are 2 Blocked actors, 0 Stopped actors, and 4 active threads.
Waiting for actors to stop.
Called prefire()
Called fire()
Past the end of training data. Read and discard all inputs.
Checking for deadlock:
There are 3 Blocked actors, 0 Stopped actors, and 4 active threads.
Waiting for actors to stop.
Sent output token with value 7.0
Next port to read input from is inputA
Called postfire()
Called prefire()
Called fire()
Checking for deadlock:
There are 2 Blocked actors, 0 Stopped actors, and 4 active threads.
Waiting for actors to stop.
-- Thread wrapup() called.
Called wrapup()
Thread .top.Ramp is exiting.
-- Thread stopped.
Checking for deadlock:
There are 2 Blocked actors, 0 Stopped actors, and 3 active threads.
Waiting for actors to stop.
Read input token from inputA with value 8.0
Called prefire()
Called fire()
Past the end of training data. Read and discard all inputs.
Checking for deadlock:
There are 2 Blocked actors, 0 Stopped actors, and 3 active threads.
Waiting for actors to stop.
Sent output token with value 7.5
Next port to read input from is inputB
Called postfire()
Called prefire()
Called fire()
Checking for deadlock:
There are 1 Blocked actors, 0 Stopped actors, and 3 active threads.
Waiting for actors to stop.
Called postfire()
Called prefire()
Called fire()
Checking for deadlock:
There are 2 Blocked actors, 0 Stopped actors, and 3 active threads.
Waiting for actors to stop.
Read input token from inputB with value 9.0
Checking for deadlock:
There are 1 Blocked actors, 0 Stopped actors, and 3 active threads.
Waiting for actors to stop.
Called prefire()
Called fire()
Past the end of training data. Read and discard all inputs.
Checking for deadlock:
There are 2 Blocked actors, 0 Stopped actors, and 3 active threads.
Waiting for actors to stop.
Sent output token with value 8.0
Next port to read input from is inputA
Called postfire()
Called prefire()
Called fire()
Read input token from inputA with value 9.0
Called prefire()
Called fire()
Past the end of training data. Read and discard all inputs.
Checking for deadlock:
There are 2 Blocked actors, 0 Stopped actors, and 3 active threads.
Waiting for actors to stop.
Sent output token with value 9.0
Next port to read input from is inputB
Called postfire()
Called prefire()
Called fire()
Called postfire()
Called prefire()
Called fire()
Checking for deadlock:
There are 2 Blocked actors, 0 Stopped actors, and 3 active threads.
Waiting for actors to stop.
Read input token from inputB with value 10.5
Called prefire()
Called fire()
Past the end of training data. Read and discard all inputs.
Checking for deadlock:
There are 2 Blocked actors, 0 Stopped actors, and 3 active threads.
Waiting for actors to stop.
Sent output token with value 9.0
Next port to read input from is inputA
Called postfire()
Called prefire()
Called fire()
Checking for deadlock:
There are 3 Blocked actors, 0 Stopped actors, and 3 active threads.
Actors have stopped.
Checking for deadlock:
There are 3 Blocked actors, 0 Stopped actors, and 3 active threads.
Deadlock detected.
Resolving Deadlock
Checking for deadlock:
There are 3 Blocked actors, 0 Stopped actors, and 3 active threads.
Artificial Deadlock - increasing queue capacity.
increasing the capacity of receiver ptolemy.actor.TypedIOPort {.top.OrderedMerge.inputB} to 2
Director: Called postfire().
Called postfire().
_stopRequested = false
_stopFireRequested = false
Returning from postfire(): true
Called fire().
Checking for deadlock:
There are 2 Blocked actors, 0 Stopped actors, and 3 active threads.
Waiting for actors to stop.
-- Thread wrapup() called.
Called wrapup()
Thread .top.Ramp2 is exiting.
-- Thread stopped.
Checking for deadlock:
There are 2 Blocked actors, 0 Stopped actors, and 2 active threads.
Actors have stopped.
Checking for deadlock:
There are 2 Blocked actors, 0 Stopped actors, and 2 active threads.
Deadlock detected.
Resolving Deadlock
Checking for deadlock:
There are 2 Blocked actors, 0 Stopped actors, and 2 active threads.
Deadlock detected: no processes blocked on write, but some are blocked on read.
Called postfire().
_stopRequested = false
_stopFireRequested = false
Returning from postfire(): false
Finished deactivating branches.
Called wrapup().
-- Thread wrapup() called.
Called wrapup()
-- Thread wrapup() called.
Called wrapup()
Thread .top.OrderedMerge is exiting.
-- Thread stopped.
-- Blocked Receiver call threw TerminateProcessException.
Thread .top.Test is exiting.
-- Thread stopped.
-- Blocked Receiver call threw TerminateProcessException.
45 ms. Memory: 120832K Free: 77022K (64%)
/home/travis/build/icyphy/ptII/ptolemy/actor/lib/test/Publisher.tcl
34 ms. Memory: 120832K Free: 105276K (87%)
9 ms. Memory: 120832K Free: 99644K (82%)
10 ms. Memory: 120832K Free: 96058K (79%)
14 ms. Memory: 120832K Free: 95028K (79%)
3 ms. Memory: 120832K Free: 94524K (78%)
7 ms. Memory: 120832K Free: 93500K (77%)
2 ms. Memory: 120832K Free: 92956K (77%)
3 ms. Memory: 120832K Free: 91962K (76%)
23 ms. Memory: 120832K Free: 81722K (68%)
7 ms. Memory: 120832K Free: 78140K (65%)
2 ms. Memory: 120832K Free: 77612K (64%)
4 ms. Memory: 120832K Free: 75068K (62%)
14 ms. Memory: 120832K Free: 67386K (56%)
14 ms. Memory: 120832K Free: 58170K (48%)
21 ms. Memory: 147456K Free: 131169K (89%)
/home/travis/build/icyphy/ptII/ptolemy/actor/lib/test/Pulse.tcl
4 ms. Memory: 147456K Free: 93795K (64%)
10 ms. Memory: 147456K Free: 93267K (63%)
5 ms. Memory: 147456K Free: 92771K (63%)
2 ms. Memory: 147456K Free: 92251K (63%)
1 ms. Memory: 147456K Free: 91747K (62%)
15 ms. Memory: 147456K Free: 90209K (61%)
8 ms. Memory: 147456K Free: 89699K (61%)
1 ms. Memory: 147456K Free: 88675K (60%)
5 ms. Memory: 147456K Free: 88161K (60%)
/home/travis/build/icyphy/ptII/ptolemy/actor/lib/test/Ramp.tcl
9 ms. Memory: 147456K Free: 86113K (58%)
7 ms. Memory: 147456K Free: 85603K (58%)
3 ms. Memory: 147456K Free: 84579K (57%)
2 ms. Memory: 147456K Free: 83555K (57%)
4 ms. Memory: 147456K Free: 83041K (56%)
8 ms. Memory: 147456K Free: 81987K (56%)
7 ms. Memory: 147456K Free: 80993K (55%)
5 actors
12000 microseconds per iteration to create
5 ms. Memory: 147456K Free: 78435K (53%)
7 ms. Memory: 147456K Free: 77915K (53%)
4 ms. Memory: 147456K Free: 77411K (52%)
2 ms. Memory: 147456K Free: 76891K (52%)
50 actors
44000 microseconds per iteration to create
49 ms. Memory: 147456K Free: 129282K (88%)
17 ms. Memory: 147456K Free: 128258K (87%)
13 ms. Memory: 147456K Free: 127234K (86%)
10 ms. Memory: 147456K Free: 126210K (86%)
500 actors
1973000 microseconds per iteration to create
287 ms. Memory: 147456K Free: 104513K (71%)
45 ms. Memory: 147456K Free: 99393K (67%)
37 ms. Memory: 147456K Free: 94273K (64%)
34 ms. Memory: 147456K Free: 89153K (60%)
/home/travis/build/icyphy/ptII/ptolemy/actor/lib/test/RampContinuous.tcl
7 ms. Memory: 147456K Free: 87615K (59%)
/home/travis/build/icyphy/ptII/ptolemy/actor/lib/test/RecordAssembler.tcl
5 ms. Memory: 147456K Free: 86081K (58%)
3 ms. Memory: 147456K Free: 85057K (58%)
/home/travis/build/icyphy/ptII/ptolemy/actor/lib/test/RecordDisassembler.tcl
6 ms. Memory: 147456K Free: 83504K (57%)
3 ms. Memory: 147456K Free: 82480K (56%)
3 ms. Memory: 147456K Free: 81456K (55%)
/home/travis/build/icyphy/ptII/ptolemy/actor/lib/test/Scale.tcl
3 ms. Memory: 147456K Free: 79423K (54%)
1 ms. Memory: 147456K Free: 78913K (54%)
1 ms. Memory: 147456K Free: 77889K (53%)
2 ms. Memory: 147456K Free: 77360K (52%)
2 ms. Memory: 147456K Free: 76351K (52%)
/home/travis/build/icyphy/ptII/ptolemy/actor/lib/test/SequentialClock.tcl
preinitializing
resolving types
initializing
executing number 1
wrapping up
idle
3 ms. Memory: 147456K Free: 75320K (51%)
Completed execution with 5 iterations
preinitializing
resolving types
initializing
executing number 1
wrapping up
idle
1 ms. Memory: 147456K Free: 74817K (51%)
Completed execution with 5 iterations
preinitializing
resolving types
initializing
executing number 1
wrapping up
idle
2 ms. Memory: 147456K Free: 74303K (50%)
Completed execution with 5 iterations
/home/travis/build/icyphy/ptII/ptolemy/actor/lib/test/SetVariable.tcl
4 ms. Memory: 147456K Free: 72255K (49%)


==== $PTII/ptolemy/actor/lib/test/SetVariable.tcl: SetVariable-3.1 changeFailed
==== Contents of test case:

    #Uses 2.1 above
    jdkCaptureErr {
        # This test was failing if we ran Exit.tcl and then this test.
        # MessageHandler.error() now actually throws the Exception.
	catch {$setVariable changeFailed [java::null]  [java::new Exception {Test exception for SetVariable.changeFailed()}]} errMsg
    } results
    list [string range $results 0 89] "\n" $errMsg

==== Result was:
{java.lang.Exception: Test exception for SetVariable.changeFailed()
	at java.base/jdk.inter} {
} {java.lang.RuntimeException: java.lang.Exception: Test exception for SetVariable.changeFailed()}
---- Result should have been:
{Failed to set variable.
java.lang.Exception: Test exception for SetVariable.changeFailed()} {
} {java.lang.RuntimeException: java.lang.Exception: Test exception for SetVariable.changeFailed()}
---- SetVariable-3.1 FAILED
/home/travis/build/icyphy/ptII/ptolemy/actor/lib/test/Sinewave.tcl
/home/travis/build/icyphy/ptII/ptolemy/actor/lib/test/SubscriptionAggregator.tcl
4 ms. Memory: 147456K Free: 59952K (41%)
2 ms. Memory: 147456K Free: 58943K (40%)
0 ms. Memory: 147456K Free: 58943K (40%)
0 ms. Memory: 147456K Free: 58433K (40%)
2 ms. Memory: 147456K Free: 54840K (37%)
16 ms. Memory: 147456K Free: 52799K (36%)
...............................................................1003 ms. Memory: 254976K Free: 97045K (38%)
/home/travis/build/icyphy/ptII/ptolemy/actor/lib/test/Test.tcl
 The next command will produce a warning about training mode,
   which may be ignored.
96 ms. Memory: 254976K Free: 209640K (82%)
3 ms. Memory: 254976K Free: 209091K (82%)
1 ms. Memory: 254976K Free: 208616K (82%)
5 ms. Memory: 254976K Free: 207592K (81%)
1 ms. Memory: 254976K Free: 207078K (81%)
3 ms. Memory: 254976K Free: 206024K (81%)
2 ms. Memory: 254976K Free: 204520K (80%)
 The next command will produce a warning about training mode,
   which may be ignored.
3 ms. Memory: 254976K Free: 202472K (79%)
 The next command will produce a warning about training mode,
   which may be ignored.
2 ms. Memory: 254976K Free: 200934K (79%)
1 ms. Memory: 254976K Free: 200424K (79%)
1 ms. Memory: 254976K Free: 200424K (79%)
2 ms. Memory: 254976K Free: 199400K (78%)
8 ms. Memory: 254976K Free: 198886K (78%)
5 ms. Memory: 254976K Free: 194790K (76%)
/home/travis/build/icyphy/ptII/ptolemy/actor/lib/test/TestExceptionHandler.tcl
 The next command will produce a warning about training mode,
   which may be ignored.
2 ms. Memory: 254976K Free: 193760K (76%)
1 ms. Memory: 254976K Free: 193256K (76%)
1 ms. Memory: 254976K Free: 192728K (76%)
/home/travis/build/icyphy/ptII/ptolemy/actor/lib/test/UnionDisassembler.tcl
29 ms. Memory: 254976K Free: 185064K (73%)
/home/travis/build/icyphy/ptII/ptolemy/actor/lib/test/VariableClock.tcl
preinitializing
resolving types
initializing
executing number 1
wrapping up
idle
3 ms. Memory: 254976K Free: 183512K (72%)
Completed execution with 11 iterations
preinitializing
resolving types
initializing
executing number 1
wrapping up
idle
3 ms. Memory: 254976K Free: 181992K (71%)
Completed execution with 10 iterations
07/21/19 05:13:14
Failed: 1  Total Tests: 234  ((Passed: 233, Newly Passed: 0)  Known Failed: 0) /home/travis/build/icyphy/ptII/ptolemy/actor/lib/test
----------------- testing (KnownFailure) /home/travis/build/icyphy/ptII/ptolemy/actor/lib/test/auto/knownFailedTests/PublisherPortToplevelSubscriber.xml
0 ms. Memory: 254976K Free: 178406K (70%)
Known Failure: java.lang.reflect.InvocationTargetException
----------------- testing (KnownFailure) /home/travis/build/icyphy/ptII/ptolemy/actor/lib/test/auto/knownFailedTests/PublisherSubscriberPortToplevel.xml
0 ms. Memory: 254976K Free: 174310K (68%)
Known Failure: java.lang.reflect.InvocationTargetException
----------------- testing (KnownFailure) /home/travis/build/icyphy/ptII/ptolemy/actor/lib/test/auto/knownFailedTests/PublisherSubscriptionAggregatorPort.xml
0 ms. Memory: 254976K Free: 170214K (67%)
Known Failure: java.lang.reflect.InvocationTargetException
----------------- testing (KnownFailure) /home/travis/build/icyphy/ptII/ptolemy/actor/lib/test/auto/knownFailedTests/sizedarray3.xml
6 ms. Memory: 254976K Free: 166118K (65%)
Known Failure: java.lang.reflect.InvocationTargetException
No auto/linux-amd64/*.xml tests in /home/travis/build/icyphy/ptII/ptolemy/actor/lib/test
AutoTests.java: About to close Vertx.
AutoTests.java: Vertx closed.

===========================================================================================
----------------- testing Sun Jul 21 05:13:15 UTC 2019 /home/travis/build/icyphy/ptII/ptolemy/actor/lib/test/auto/AbsoluteValue.xml
----------------- Instantiating /home/travis/build/icyphy/ptII/ptolemy/actor/lib/test/auto/AbsoluteValue.xml
5 ms. Memory: 254976K Free: 143080K (56%)
----------------- Invoking toplevel() on ptolemy.moml.MoMLSimpleApplication@4a6fbd6e
----------------- Done invoking toplevel() on ptolemy.moml.MoMLSimpleApplication@4a6fbd6e
reloadAllAccessors: .AbsoluteValue

===========================================================================================
----------------- testing Sun Jul 21 05:13:15 UTC 2019 /home/travis/build/icyphy/ptII/ptolemy/actor/lib/test/auto/AbsoluteValue2.xml
----------------- Instantiating /home/travis/build/icyphy/ptII/ptolemy/actor/lib/test/auto/AbsoluteValue2.xml
5 ms. Memory: 254976K Free: 136422K (54%)
----------------- Invoking toplevel() on ptolemy.moml.MoMLSimpleApplication@32faaf
----------------- Done invoking toplevel() on ptolemy.moml.MoMLSimpleApplication@32faaf
reloadAllAccessors: .AbsoluteValue2

===========================================================================================
----------------- testing Sun Jul 21 05:13:15 UTC 2019 /home/travis/build/icyphy/ptII/ptolemy/actor/lib/test/auto/Accumulator.xml
----------------- Instantiating /home/travis/build/icyphy/ptII/ptolemy/actor/lib/test/auto/Accumulator.xml
6 ms. Memory: 254976K Free: 130278K (51%)
----------------- Invoking toplevel() on ptolemy.moml.MoMLSimpleApplication@7ac654f8
----------------- Done invoking toplevel() on ptolemy.moml.MoMLSimpleApplication@7ac654f8
reloadAllAccessors: .Accumulator

===========================================================================================
----------------- testing Sun Jul 21 05:13:15 UTC 2019 /home/travis/build/icyphy/ptII/ptolemy/actor/lib/test/auto/Accumulator2.xml
----------------- Instantiating /home/travis/build/icyphy/ptII/ptolemy/actor/lib/test/auto/Accumulator2.xml
3 ms. Memory: 254976K Free: 125158K (49%)
----------------- Invoking toplevel() on ptolemy.moml.MoMLSimpleApplication@4bc2a48f
----------------- Done invoking toplevel() on ptolemy.moml.MoMLSimpleApplication@4bc2a48f
reloadAllAccessors: .Accumulator2

===========================================================================================
----------------- testing Sun Jul 21 05:13:15 UTC 2019 /home/travis/build/icyphy/ptII/ptolemy/actor/lib/test/auto/Accumulator3.xml
----------------- Instantiating /home/travis/build/icyphy/ptII/ptolemy/actor/lib/test/auto/Accumulator3.xml
3 ms. Memory: 254976K Free: 120552K (47%)
----------------- Invoking toplevel() on ptolemy.moml.MoMLSimpleApplication@66f4a4ae
----------------- Done invoking toplevel() on ptolemy.moml.MoMLSimpleApplication@66f4a4ae
reloadAllAccessors: .Accumulator3

===========================================================================================
----------------- testing Sun Jul 21 05:13:15 UTC 2019 /home/travis/build/icyphy/ptII/ptolemy/actor/lib/test/auto/ArrayAppend.xml
----------------- Instantiating /home/travis/build/icyphy/ptII/ptolemy/actor/lib/test/auto/ArrayAppend.xml
4 ms. Memory: 254976K Free: 114408K (45%)
----------------- Invoking toplevel() on ptolemy.moml.MoMLSimpleApplication@22bb8d25
----------------- Done invoking toplevel() on ptolemy.moml.MoMLSimpleApplication@22bb8d25
reloadAllAccessors: .ArrayAppend

===========================================================================================
----------------- testing Sun Jul 21 05:13:15 UTC 2019 /home/travis/build/icyphy/ptII/ptolemy/actor/lib/test/auto/ArrayAppend2.xml
----------------- Instantiating /home/travis/build/icyphy/ptII/ptolemy/actor/lib/test/auto/ArrayAppend2.xml
531 ms. Memory: 254976K Free: 188210K (74%)
----------------- Invoking toplevel() on ptolemy.moml.MoMLSimpleApplication@44f911c1
----------------- Done invoking toplevel() on ptolemy.moml.MoMLSimpleApplication@44f911c1
reloadAllAccessors: .ArrayAppend2

===========================================================================================
----------------- testing Sun Jul 21 05:13:16 UTC 2019 /home/travis/build/icyphy/ptII/ptolemy/actor/lib/test/auto/ArrayAppend3.xml
----------------- Instantiating /home/travis/build/icyphy/ptII/ptolemy/actor/lib/test/auto/ArrayAppend3.xml
4 ms. Memory: 254976K Free: 182066K (71%)
----------------- Invoking toplevel() on ptolemy.moml.MoMLSimpleApplication@7410eafc
----------------- Done invoking toplevel() on ptolemy.moml.MoMLSimpleApplication@7410eafc
reloadAllAccessors: .ArrayAppend3

===========================================================================================
----------------- testing Sun Jul 21 05:13:16 UTC 2019 /home/travis/build/icyphy/ptII/ptolemy/actor/lib/test/auto/ArrayAppend4.xml
----------------- Instantiating /home/travis/build/icyphy/ptII/ptolemy/actor/lib/test/auto/ArrayAppend4.xml
3 ms. Memory: 254976K Free: 176946K (69%)
----------------- Invoking toplevel() on ptolemy.moml.MoMLSimpleApplication@7bc377d6
----------------- Done invoking toplevel() on ptolemy.moml.MoMLSimpleApplication@7bc377d6
reloadAllAccessors: .ArrayAppend4

===========================================================================================
----------------- testing Sun Jul 21 05:13:16 UTC 2019 /home/travis/build/icyphy/ptII/ptolemy/actor/lib/test/auto/ArrayAppend5.xml
----------------- Instantiating /home/travis/build/icyphy/ptII/ptolemy/actor/lib/test/auto/ArrayAppend5.xml
3 ms. Memory: 254976K Free: 171826K (67%)
----------------- Invoking toplevel() on ptolemy.moml.MoMLSimpleApplication@4e2ec91d
----------------- Done invoking toplevel() on ptolemy.moml.MoMLSimpleApplication@4e2ec91d
reloadAllAccessors: .ArrayAppend5

===========================================================================================
----------------- testing Sun Jul 21 05:13:16 UTC 2019 /home/travis/build/icyphy/ptII/ptolemy/actor/lib/test/auto/ArrayAppend6.xml
----------------- Instantiating /home/travis/build/icyphy/ptII/ptolemy/actor/lib/test/auto/ArrayAppend6.xml
3 ms. Memory: 254976K Free: 166196K (65%)
----------------- Invoking toplevel() on ptolemy.moml.MoMLSimpleApplication@704c7934
----------------- Done invoking toplevel() on ptolemy.moml.MoMLSimpleApplication@704c7934
reloadAllAccessors: .ArrayAppend6

===========================================================================================
----------------- testing Sun Jul 21 05:13:16 UTC 2019 /home/travis/build/icyphy/ptII/ptolemy/actor/lib/test/auto/ArrayAppendPerformanceTest.xml
----------------- Instantiating /home/travis/build/icyphy/ptII/ptolemy/actor/lib/test/auto/ArrayAppendPerformanceTest.xml
38 ms. Memory: 254976K Free: 155442K (61%)
----------------- Invoking toplevel() on ptolemy.moml.MoMLSimpleApplication@7867bb31
----------------- Done invoking toplevel() on ptolemy.moml.MoMLSimpleApplication@7867bb31
reloadAllAccessors: .ArrayAppendPerformanceTest

===========================================================================================
----------------- testing Sun Jul 21 05:13:16 UTC 2019 /home/travis/build/icyphy/ptII/ptolemy/actor/lib/test/auto/ArrayAppendWithEmptyInput.xml
----------------- Instantiating /home/travis/build/icyphy/ptII/ptolemy/actor/lib/test/auto/ArrayAppendWithEmptyInput.xml
13 ms. Memory: 254976K Free: 147250K (58%)
----------------- Invoking toplevel() on ptolemy.moml.MoMLSimpleApplication@21a85ef6
----------------- Done invoking toplevel() on ptolemy.moml.MoMLSimpleApplication@21a85ef6
reloadAllAccessors: .ArrayAppendWithEmptyInput

===========================================================================================
----------------- testing Sun Jul 21 05:13:16 UTC 2019 /home/travis/build/icyphy/ptII/ptolemy/actor/lib/test/auto/ArrayAverage.xml
----------------- Instantiating /home/travis/build/icyphy/ptII/ptolemy/actor/lib/test/auto/ArrayAverage.xml
5 ms. Memory: 254976K Free: 140082K (55%)
----------------- Invoking toplevel() on ptolemy.moml.MoMLSimpleApplication@7a20f6ae
----------------- Done invoking toplevel() on ptolemy.moml.MoMLSimpleApplication@7a20f6ae
reloadAllAccessors: .ArrayAverage

===========================================================================================
----------------- testing Sun Jul 21 05:13:16 UTC 2019 /home/travis/build/icyphy/ptII/ptolemy/actor/lib/test/auto/ArrayContains.xml
----------------- Instantiating /home/travis/build/icyphy/ptII/ptolemy/actor/lib/test/auto/ArrayContains.xml
2 ms. Memory: 254976K Free: 133938K (53%)
----------------- Invoking toplevel() on ptolemy.moml.MoMLSimpleApplication@731131a4
----------------- Done invoking toplevel() on ptolemy.moml.MoMLSimpleApplication@731131a4
reloadAllAccessors: .ArrayContains

===========================================================================================
----------------- testing Sun Jul 21 05:13:16 UTC 2019 /home/travis/build/icyphy/ptII/ptolemy/actor/lib/test/auto/ArrayElement.xml
----------------- Instantiating /home/travis/build/icyphy/ptII/ptolemy/actor/lib/test/auto/ArrayElement.xml
5 ms. Memory: 254976K Free: 128788K (51%)
----------------- Invoking toplevel() on ptolemy.moml.MoMLSimpleApplication@4cca0dcc
----------------- Done invoking toplevel() on ptolemy.moml.MoMLSimpleApplication@4cca0dcc
reloadAllAccessors: .ArrayElement

===========================================================================================
----------------- testing Sun Jul 21 05:13:16 UTC 2019 /home/travis/build/icyphy/ptII/ptolemy/actor/lib/test/auto/ArrayElementAsMatrix.xml
----------------- Instantiating /home/travis/build/icyphy/ptII/ptolemy/actor/lib/test/auto/ArrayElementAsMatrix.xml
22 ms. Memory: 254976K Free: 118578K (47%)
----------------- Invoking toplevel() on ptolemy.moml.MoMLSimpleApplication@731e65ae
----------------- Done invoking toplevel() on ptolemy.moml.MoMLSimpleApplication@731e65ae
reloadAllAccessors: .ArrayElementAsMatrix

===========================================================================================
----------------- testing Sun Jul 21 05:13:16 UTC 2019 /home/travis/build/icyphy/ptII/ptolemy/actor/lib/test/auto/ArrayElementI.xml
----------------- Instantiating /home/travis/build/icyphy/ptII/ptolemy/actor/lib/test/auto/ArrayElementI.xml
3 ms. Memory: 254976K Free: 113972K (45%)
----------------- Invoking toplevel() on ptolemy.moml.MoMLSimpleApplication@51931c8d
----------------- Done invoking toplevel() on ptolemy.moml.MoMLSimpleApplication@51931c8d
reloadAllAccessors: .ArrayElementI

===========================================================================================
----------------- testing Sun Jul 21 05:13:16 UTC 2019 /home/travis/build/icyphy/ptII/ptolemy/actor/lib/test/auto/ArrayExtract.xml
----------------- Instantiating /home/travis/build/icyphy/ptII/ptolemy/actor/lib/test/auto/ArrayExtract.xml
5 ms. Memory: 254976K Free: 106290K (42%)
----------------- Invoking toplevel() on ptolemy.moml.MoMLSimpleApplication@79fdccec
----------------- Done invoking toplevel() on ptolemy.moml.MoMLSimpleApplication@79fdccec
reloadAllAccessors: .ArrayExtract

===========================================================================================
----------------- testing Sun Jul 21 05:13:16 UTC 2019 /home/travis/build/icyphy/ptII/ptolemy/actor/lib/test/auto/ArrayExtract2.xml
----------------- Instantiating /home/travis/build/icyphy/ptII/ptolemy/actor/lib/test/auto/ArrayExtract2.xml
2 ms. Memory: 254976K Free: 100116K (39%)
----------------- Invoking toplevel() on ptolemy.moml.MoMLSimpleApplication@723d0ae0
----------------- Done invoking toplevel() on ptolemy.moml.MoMLSimpleApplication@723d0ae0
reloadAllAccessors: .ArrayExtract2

===========================================================================================
----------------- testing Sun Jul 21 05:13:16 UTC 2019 /home/travis/build/icyphy/ptII/ptolemy/actor/lib/test/auto/ArrayLength.xml
----------------- Instantiating /home/travis/build/icyphy/ptII/ptolemy/actor/lib/test/auto/ArrayLength.xml
2 ms. Memory: 254976K Free: 96564K (38%)
----------------- Invoking toplevel() on ptolemy.moml.MoMLSimpleApplication@fc3c35f
----------------- Done invoking toplevel() on ptolemy.moml.MoMLSimpleApplication@fc3c35f
reloadAllAccessors: .ArrayLength

===========================================================================================
----------------- testing Sun Jul 21 05:13:16 UTC 2019 /home/travis/build/icyphy/ptII/ptolemy/actor/lib/test/auto/ArrayLevelCrossing.xml
----------------- Instantiating /home/travis/build/icyphy/ptII/ptolemy/actor/lib/test/auto/ArrayLevelCrossing.xml
4 ms. Memory: 254976K Free: 88372K (35%)
----------------- Invoking toplevel() on ptolemy.moml.MoMLSimpleApplication@72201e3a
----------------- Done invoking toplevel() on ptolemy.moml.MoMLSimpleApplication@72201e3a
reloadAllAccessors: .ArrayLevelCrossing

===========================================================================================
----------------- testing Sun Jul 21 05:13:16 UTC 2019 /home/travis/build/icyphy/ptII/ptolemy/actor/lib/test/auto/ArrayLevelCrossing2.xml
----------------- Instantiating /home/travis/build/icyphy/ptII/ptolemy/actor/lib/test/auto/ArrayLevelCrossing2.xml
3 ms. Memory: 254976K Free: 81204K (32%)
----------------- Invoking toplevel() on ptolemy.moml.MoMLSimpleApplication@511b901b
----------------- Done invoking toplevel() on ptolemy.moml.MoMLSimpleApplication@511b901b
reloadAllAccessors: .ArrayLevelCrossing2

===========================================================================================
----------------- testing Sun Jul 21 05:13:16 UTC 2019 /home/travis/build/icyphy/ptII/ptolemy/actor/lib/test/auto/ArrayPeakSearch.xml
----------------- Instantiating /home/travis/build/icyphy/ptII/ptolemy/actor/lib/test/auto/ArrayPeakSearch.xml
7 ms. Memory: 254976K Free: 71988K (28%)
----------------- Invoking toplevel() on ptolemy.moml.MoMLSimpleApplication@18dbb9a2
----------------- Done invoking toplevel() on ptolemy.moml.MoMLSimpleApplication@18dbb9a2
reloadAllAccessors: .ArrayPeakSearch

===========================================================================================
----------------- testing Sun Jul 21 05:13:16 UTC 2019 /home/travis/build/icyphy/ptII/ptolemy/actor/lib/test/auto/ArrayPeakSearch2.xml
----------------- Instantiating /home/travis/build/icyphy/ptII/ptolemy/actor/lib/test/auto/ArrayPeakSearch2.xml
8 ms. Memory: 254976K Free: 202570K (79%)
----------------- Invoking toplevel() on ptolemy.moml.MoMLSimpleApplication@172fcdad
----------------- Done invoking toplevel() on ptolemy.moml.MoMLSimpleApplication@172fcdad
reloadAllAccessors: .ArrayPeakSearch2

===========================================================================================
----------------- testing Sun Jul 21 05:13:16 UTC 2019 /home/travis/build/icyphy/ptII/ptolemy/actor/lib/test/auto/ArrayPeakSearch3.xml
----------------- Instantiating /home/travis/build/icyphy/ptII/ptolemy/actor/lib/test/auto/ArrayPeakSearch3.xml
6 ms. Memory: 254976K Free: 193354K (76%)
----------------- Invoking toplevel() on ptolemy.moml.MoMLSimpleApplication@120e75a4
----------------- Done invoking toplevel() on ptolemy.moml.MoMLSimpleApplication@120e75a4
reloadAllAccessors: .ArrayPeakSearch3

===========================================================================================
----------------- testing Sun Jul 21 05:13:16 UTC 2019 /home/travis/build/icyphy/ptII/ptolemy/actor/lib/test/auto/ArrayRemoveElement.xml
----------------- Instantiating /home/travis/build/icyphy/ptII/ptolemy/actor/lib/test/auto/ArrayRemoveElement.xml
4 ms. Memory: 254976K Free: 185672K (73%)
----------------- Invoking toplevel() on ptolemy.moml.MoMLSimpleApplication@abfd19d
----------------- Done invoking toplevel() on ptolemy.moml.MoMLSimpleApplication@abfd19d
reloadAllAccessors: .ArrayRemoveElement

===========================================================================================
----------------- testing Sun Jul 21 05:13:16 UTC 2019 /home/travis/build/icyphy/ptII/ptolemy/actor/lib/test/auto/ArraySort.xml
----------------- Instantiating /home/travis/build/icyphy/ptII/ptolemy/actor/lib/test/auto/ArraySort.xml
7 ms. Memory: 254976K Free: 176456K (69%)
----------------- Invoking toplevel() on ptolemy.moml.MoMLSimpleApplication@252dad94
----------------- Done invoking toplevel() on ptolemy.moml.MoMLSimpleApplication@252dad94
reloadAllAccessors: .ArraySort

===========================================================================================
----------------- testing Sun Jul 21 05:13:17 UTC 2019 /home/travis/build/icyphy/ptII/ptolemy/actor/lib/test/auto/ArraySum.xml
----------------- Instantiating /home/travis/build/icyphy/ptII/ptolemy/actor/lib/test/auto/ArraySum.xml
14 ms. Memory: 254976K Free: 171336K (67%)
----------------- Invoking toplevel() on ptolemy.moml.MoMLSimpleApplication@185e4bab
----------------- Done invoking toplevel() on ptolemy.moml.MoMLSimpleApplication@185e4bab
reloadAllAccessors: .ArraySum

===========================================================================================
----------------- testing Sun Jul 21 05:13:17 UTC 2019 /home/travis/build/icyphy/ptII/ptolemy/actor/lib/test/auto/ArrayToElements.xml
----------------- Instantiating /home/travis/build/icyphy/ptII/ptolemy/actor/lib/test/auto/ArrayToElements.xml
10 ms. Memory: 254976K Free: 165706K (65%)
----------------- Invoking toplevel() on ptolemy.moml.MoMLSimpleApplication@29b9c7d4
----------------- Done invoking toplevel() on ptolemy.moml.MoMLSimpleApplication@29b9c7d4
reloadAllAccessors: .ArrayToElements

===========================================================================================
----------------- testing Sun Jul 21 05:13:17 UTC 2019 /home/travis/build/icyphy/ptII/ptolemy/actor/lib/test/auto/ArrayToMatrix.xml
----------------- Instantiating /home/travis/build/icyphy/ptII/ptolemy/actor/lib/test/auto/ArrayToMatrix.xml
13 ms. Memory: 254976K Free: 151880K (60%)
----------------- Invoking toplevel() on ptolemy.moml.MoMLSimpleApplication@1cc0324e
----------------- Done invoking toplevel() on ptolemy.moml.MoMLSimpleApplication@1cc0324e
reloadAllAccessors: .ArrayToMatrix

===========================================================================================
----------------- testing Sun Jul 21 05:13:17 UTC 2019 /home/travis/build/icyphy/ptII/ptolemy/actor/lib/test/auto/ArrayUpdate1.xml
----------------- Instantiating /home/travis/build/icyphy/ptII/ptolemy/actor/lib/test/auto/ArrayUpdate1.xml
9 ms. Memory: 254976K Free: 146760K (58%)
----------------- Invoking toplevel() on ptolemy.moml.MoMLSimpleApplication@4885f4b1
----------------- Done invoking toplevel() on ptolemy.moml.MoMLSimpleApplication@4885f4b1
reloadAllAccessors: .ArrayUpdate1

===========================================================================================
----------------- testing Sun Jul 21 05:13:17 UTC 2019 /home/travis/build/icyphy/ptII/ptolemy/actor/lib/test/auto/ArrayUpdate2.xml
----------------- Instantiating /home/travis/build/icyphy/ptII/ptolemy/actor/lib/test/auto/ArrayUpdate2.xml
5 ms. Memory: 254976K Free: 141130K (55%)
----------------- Invoking toplevel() on ptolemy.moml.MoMLSimpleApplication@39daa6b6
----------------- Done invoking toplevel() on ptolemy.moml.MoMLSimpleApplication@39daa6b6
reloadAllAccessors: .ArrayUpdate2

===========================================================================================
----------------- testing Sun Jul 21 05:13:17 UTC 2019 /home/travis/build/icyphy/ptII/ptolemy/actor/lib/test/auto/ArrayUpdate3.xml
----------------- Instantiating /home/travis/build/icyphy/ptII/ptolemy/actor/lib/test/auto/ArrayUpdate3.xml
5 ms. Memory: 254976K Free: 136010K (53%)
----------------- Invoking toplevel() on ptolemy.moml.MoMLSimpleApplication@7c545159
----------------- Done invoking toplevel() on ptolemy.moml.MoMLSimpleApplication@7c545159
reloadAllAccessors: .ArrayUpdate3

===========================================================================================
----------------- testing Sun Jul 21 05:13:17 UTC 2019 /home/travis/build/icyphy/ptII/ptolemy/actor/lib/test/auto/Assert1.xml
----------------- Instantiating /home/travis/build/icyphy/ptII/ptolemy/actor/lib/test/auto/Assert1.xml
7 ms. Memory: 254976K Free: 131914K (52%)
----------------- Invoking toplevel() on ptolemy.moml.MoMLSimpleApplication@542dcb13
----------------- Done invoking toplevel() on ptolemy.moml.MoMLSimpleApplication@542dcb13
reloadAllAccessors: .Assert1

===========================================================================================
----------------- testing Sun Jul 21 05:13:17 UTC 2019 /home/travis/build/icyphy/ptII/ptolemy/actor/lib/test/auto/Assert2.xml
----------------- Instantiating /home/travis/build/icyphy/ptII/ptolemy/actor/lib/test/auto/Assert2.xml
9 ms. Memory: 254976K Free: 126266K (50%)
----------------- Invoking toplevel() on ptolemy.moml.MoMLSimpleApplication@2da61d86
----------------- Done invoking toplevel() on ptolemy.moml.MoMLSimpleApplication@2da61d86
reloadAllAccessors: .Assert2

===========================================================================================
----------------- testing Sun Jul 21 05:13:17 UTC 2019 /home/travis/build/icyphy/ptII/ptolemy/actor/lib/test/auto/BooleanMultiplexor.xml
----------------- Instantiating /home/travis/build/icyphy/ptII/ptolemy/actor/lib/test/auto/BooleanMultiplexor.xml
2 ms. Memory: 254976K Free: 121146K (48%)
----------------- Invoking toplevel() on ptolemy.moml.MoMLSimpleApplication@708989f1
----------------- Done invoking toplevel() on ptolemy.moml.MoMLSimpleApplication@708989f1
reloadAllAccessors: .BooleanMultiplexor

===========================================================================================
----------------- testing Sun Jul 21 05:13:17 UTC 2019 /home/travis/build/icyphy/ptII/ptolemy/actor/lib/test/auto/BooleanMultiplexor2.xml
----------------- Instantiating /home/travis/build/icyphy/ptII/ptolemy/actor/lib/test/auto/BooleanMultiplexor2.xml
14 ms. Memory: 254976K Free: 114506K (45%)
----------------- Invoking toplevel() on ptolemy.moml.MoMLSimpleApplication@4674509d
----------------- Done invoking toplevel() on ptolemy.moml.MoMLSimpleApplication@4674509d
reloadAllAccessors: .BooleanMultiplexor2

===========================================================================================
----------------- testing Sun Jul 21 05:13:17 UTC 2019 /home/travis/build/icyphy/ptII/ptolemy/actor/lib/test/auto/BooleanMultiplexor3.xml
----------------- Instantiating /home/travis/build/icyphy/ptII/ptolemy/actor/lib/test/auto/BooleanMultiplexor3.xml
2 ms. Memory: 254976K Free: 110920K (44%)
----------------- Invoking toplevel() on ptolemy.moml.MoMLSimpleApplication@6d3069b5
----------------- Done invoking toplevel() on ptolemy.moml.MoMLSimpleApplication@6d3069b5
reloadAllAccessors: .BooleanMultiplexor3

===========================================================================================
----------------- testing Sun Jul 21 05:13:17 UTC 2019 /home/travis/build/icyphy/ptII/ptolemy/actor/lib/test/auto/BooleanSelect.xml
----------------- Instantiating /home/travis/build/icyphy/ptII/ptolemy/actor/lib/test/auto/BooleanSelect.xml
4 ms. Memory: 254976K Free: 104746K (41%)
----------------- Invoking toplevel() on ptolemy.moml.MoMLSimpleApplication@1b62c38e
----------------- Done invoking toplevel() on ptolemy.moml.MoMLSimpleApplication@1b62c38e
reloadAllAccessors: .BooleanSelect

===========================================================================================
----------------- testing Sun Jul 21 05:13:17 UTC 2019 /home/travis/build/icyphy/ptII/ptolemy/actor/lib/test/auto/BooleanSelect2.xml
----------------- Instantiating /home/travis/build/icyphy/ptII/ptolemy/actor/lib/test/auto/BooleanSelect2.xml
2 ms. Memory: 254976K Free: 100170K (39%)
----------------- Invoking toplevel() on ptolemy.moml.MoMLSimpleApplication@11a3ee5
----------------- Done invoking toplevel() on ptolemy.moml.MoMLSimpleApplication@11a3ee5
reloadAllAccessors: .BooleanSelect2

===========================================================================================
----------------- testing Sun Jul 21 05:13:17 UTC 2019 /home/travis/build/icyphy/ptII/ptolemy/actor/lib/test/auto/BooleanSwitch.xml
----------------- Instantiating /home/travis/build/icyphy/ptII/ptolemy/actor/lib/test/auto/BooleanSwitch.xml
3 ms. Memory: 254976K Free: 94536K (37%)
----------------- Invoking toplevel() on ptolemy.moml.MoMLSimpleApplication@693ce957
----------------- Done invoking toplevel() on ptolemy.moml.MoMLSimpleApplication@693ce957
reloadAllAccessors: .BooleanSwitch

===========================================================================================
----------------- testing Sun Jul 21 05:13:17 UTC 2019 /home/travis/build/icyphy/ptII/ptolemy/actor/lib/test/auto/BooleanSwitch2.xml
----------------- Instantiating /home/travis/build/icyphy/ptII/ptolemy/actor/lib/test/auto/BooleanSwitch2.xml
1 ms. Memory: 254976K Free: 89930K (35%)
----------------- Invoking toplevel() on ptolemy.moml.MoMLSimpleApplication@25d2a018
----------------- Done invoking toplevel() on ptolemy.moml.MoMLSimpleApplication@25d2a018
reloadAllAccessors: .BooleanSwitch2

===========================================================================================
----------------- testing Sun Jul 21 05:13:17 UTC 2019 /home/travis/build/icyphy/ptII/ptolemy/actor/lib/test/auto/BooleanSwitchCloningBugWithClassRelationGroup.xml
----------------- Instantiating /home/travis/build/icyphy/ptII/ptolemy/actor/lib/test/auto/BooleanSwitchCloningBugWithClassRelationGroup.xml
3 ms. Memory: 254976K Free: 83786K (33%)
----------------- Invoking toplevel() on ptolemy.moml.MoMLSimpleApplication@30c19c55
----------------- Done invoking toplevel() on ptolemy.moml.MoMLSimpleApplication@30c19c55
reloadAllAccessors: .BooleanSwitchCloningBugWithClassRelationGroup

===========================================================================================
----------------- testing Sun Jul 21 05:13:17 UTC 2019 /home/travis/build/icyphy/ptII/ptolemy/actor/lib/test/auto/BusActors.xml
----------------- Instantiating /home/travis/build/icyphy/ptII/ptolemy/actor/lib/test/auto/BusActors.xml
9 ms. Memory: 254976K Free: 76104K (30%)
----------------- Invoking toplevel() on ptolemy.moml.MoMLSimpleApplication@4f82134a
----------------- Done invoking toplevel() on ptolemy.moml.MoMLSimpleApplication@4f82134a
reloadAllAccessors: .BusActors

===========================================================================================
----------------- testing Sun Jul 21 05:13:17 UTC 2019 /home/travis/build/icyphy/ptII/ptolemy/actor/lib/test/auto/ClassWrapper.xml
----------------- Instantiating /home/travis/build/icyphy/ptII/ptolemy/actor/lib/test/auto/ClassWrapper.xml
4 ms. Memory: 254976K Free: 72008K (28%)
----------------- Invoking toplevel() on ptolemy.moml.MoMLSimpleApplication@4256809a
----------------- Done invoking toplevel() on ptolemy.moml.MoMLSimpleApplication@4256809a
reloadAllAccessors: .ClassWrapper

===========================================================================================
----------------- testing Sun Jul 21 05:13:17 UTC 2019 /home/travis/build/icyphy/ptII/ptolemy/actor/lib/test/auto/Clock.xml
----------------- Instantiating /home/travis/build/icyphy/ptII/ptolemy/actor/lib/test/auto/Clock.xml
1 ms. Memory: 254976K Free: 67912K (27%)
----------------- Invoking toplevel() on ptolemy.moml.MoMLSimpleApplication@6832bd35
----------------- Done invoking toplevel() on ptolemy.moml.MoMLSimpleApplication@6832bd35
reloadAllAccessors: .Clock

===========================================================================================
----------------- testing Sun Jul 21 05:13:17 UTC 2019 /home/travis/build/icyphy/ptII/ptolemy/actor/lib/test/auto/Clock10.xml
----------------- Instantiating /home/travis/build/icyphy/ptII/ptolemy/actor/lib/test/auto/Clock10.xml
2 ms. Memory: 254976K Free: 62282K (24%)
----------------- Invoking toplevel() on ptolemy.moml.MoMLSimpleApplication@7b7aefe6
----------------- Done invoking toplevel() on ptolemy.moml.MoMLSimpleApplication@7b7aefe6
reloadAllAccessors: .Clock10

===========================================================================================
----------------- testing Sun Jul 21 05:13:17 UTC 2019 /home/travis/build/icyphy/ptII/ptolemy/actor/lib/test/auto/Clock11.xml
----------------- Instantiating /home/travis/build/icyphy/ptII/ptolemy/actor/lib/test/auto/Clock11.xml
3 ms. Memory: 484352K Free: 435402K (90%)
----------------- Invoking toplevel() on ptolemy.moml.MoMLSimpleApplication@76cef705
----------------- Done invoking toplevel() on ptolemy.moml.MoMLSimpleApplication@76cef705
reloadAllAccessors: .Clock11

===========================================================================================
----------------- testing Sun Jul 21 05:13:17 UTC 2019 /home/travis/build/icyphy/ptII/ptolemy/actor/lib/test/auto/Clock12.xml
----------------- Instantiating /home/travis/build/icyphy/ptII/ptolemy/actor/lib/test/auto/Clock12.xml
5 ms. Memory: 484352K Free: 429260K (89%)
----------------- Invoking toplevel() on ptolemy.moml.MoMLSimpleApplication@4d30e73c
----------------- Done invoking toplevel() on ptolemy.moml.MoMLSimpleApplication@4d30e73c
reloadAllAccessors: .Clock12

===========================================================================================
----------------- testing Sun Jul 21 05:13:17 UTC 2019 /home/travis/build/icyphy/ptII/ptolemy/actor/lib/test/auto/Clock13.xml
----------------- Instantiating /home/travis/build/icyphy/ptII/ptolemy/actor/lib/test/auto/Clock13.xml
5 ms. Memory: 484352K Free: 423116K (87%)
----------------- Invoking toplevel() on ptolemy.moml.MoMLSimpleApplication@5f627726
----------------- Done invoking toplevel() on ptolemy.moml.MoMLSimpleApplication@5f627726
reloadAllAccessors: .Clock13

===========================================================================================
----------------- testing Sun Jul 21 05:13:17 UTC 2019 /home/travis/build/icyphy/ptII/ptolemy/actor/lib/test/auto/Clock14.xml
----------------- Instantiating /home/travis/build/icyphy/ptII/ptolemy/actor/lib/test/auto/Clock14.xml
4 ms. Memory: 484352K Free: 417468K (86%)
----------------- Invoking toplevel() on ptolemy.moml.MoMLSimpleApplication@1d2d21c0
----------------- Done invoking toplevel() on ptolemy.moml.MoMLSimpleApplication@1d2d21c0
reloadAllAccessors: .Clock14

===========================================================================================
----------------- testing Sun Jul 21 05:13:17 UTC 2019 /home/travis/build/icyphy/ptII/ptolemy/actor/lib/test/auto/Clock15.xml
----------------- Instantiating /home/travis/build/icyphy/ptII/ptolemy/actor/lib/test/auto/Clock15.xml
3 ms. Memory: 484352K Free: 411324K (85%)
----------------- Invoking toplevel() on ptolemy.moml.MoMLSimpleApplication@2da17ecd
----------------- Done invoking toplevel() on ptolemy.moml.MoMLSimpleApplication@2da17ecd
reloadAllAccessors: .Clock15

===========================================================================================
----------------- testing Sun Jul 21 05:13:17 UTC 2019 /home/travis/build/icyphy/ptII/ptolemy/actor/lib/test/auto/Clock16.xml
----------------- Instantiating /home/travis/build/icyphy/ptII/ptolemy/actor/lib/test/auto/Clock16.xml
37 ms. Memory: 484352K Free: 396996K (82%)
----------------- Invoking toplevel() on ptolemy.moml.MoMLSimpleApplication@50484ee1
----------------- Done invoking toplevel() on ptolemy.moml.MoMLSimpleApplication@50484ee1
reloadAllAccessors: .Clock16

===========================================================================================
----------------- testing Sun Jul 21 05:13:17 UTC 2019 /home/travis/build/icyphy/ptII/ptolemy/actor/lib/test/auto/Clock17.xml
----------------- Instantiating /home/travis/build/icyphy/ptII/ptolemy/actor/lib/test/auto/Clock17.xml
32 ms. Memory: 484352K Free: 382652K (79%)
----------------- Invoking toplevel() on ptolemy.moml.MoMLSimpleApplication@5654cfaf
----------------- Done invoking toplevel() on ptolemy.moml.MoMLSimpleApplication@5654cfaf
reloadAllAccessors: .Clock17

===========================================================================================
----------------- testing Sun Jul 21 05:13:17 UTC 2019 /home/travis/build/icyphy/ptII/ptolemy/actor/lib/test/auto/Clock18.xml
----------------- Instantiating /home/travis/build/icyphy/ptII/ptolemy/actor/lib/test/auto/Clock18.xml
27 ms. Memory: 484352K Free: 369340K (76%)
----------------- Invoking toplevel() on ptolemy.moml.MoMLSimpleApplication@24bbe1a0
----------------- Done invoking toplevel() on ptolemy.moml.MoMLSimpleApplication@24bbe1a0
reloadAllAccessors: .Clock18

===========================================================================================
----------------- testing Sun Jul 21 05:13:17 UTC 2019 /home/travis/build/icyphy/ptII/ptolemy/actor/lib/test/auto/Clock19.xml
----------------- Instantiating /home/travis/build/icyphy/ptII/ptolemy/actor/lib/test/auto/Clock19.xml
15 ms. Memory: 484352K Free: 356042K (74%)
----------------- Invoking toplevel() on ptolemy.moml.MoMLSimpleApplication@73491340
----------------- Done invoking toplevel() on ptolemy.moml.MoMLSimpleApplication@73491340
reloadAllAccessors: .Clock19

===========================================================================================
----------------- testing Sun Jul 21 05:13:18 UTC 2019 /home/travis/build/icyphy/ptII/ptolemy/actor/lib/test/auto/Clock2.xml
----------------- Instantiating /home/travis/build/icyphy/ptII/ptolemy/actor/lib/test/auto/Clock2.xml
9 ms. Memory: 484352K Free: 350908K (72%)
----------------- Invoking toplevel() on ptolemy.moml.MoMLSimpleApplication@51101e81
----------------- Done invoking toplevel() on ptolemy.moml.MoMLSimpleApplication@51101e81
reloadAllAccessors: .Clock2

===========================================================================================
----------------- testing Sun Jul 21 05:13:18 UTC 2019 /home/travis/build/icyphy/ptII/ptolemy/actor/lib/test/auto/Clock20.xml
----------------- Instantiating /home/travis/build/icyphy/ptII/ptolemy/actor/lib/test/auto/Clock20.xml
9 ms. Memory: 484352K Free: 345802K (71%)
----------------- Invoking toplevel() on ptolemy.moml.MoMLSimpleApplication@643a31d0
----------------- Done invoking toplevel() on ptolemy.moml.MoMLSimpleApplication@643a31d0
reloadAllAccessors: .Clock20

===========================================================================================
----------------- testing Sun Jul 21 05:13:18 UTC 2019 /home/travis/build/icyphy/ptII/ptolemy/actor/lib/test/auto/Clock21.xml
----------------- Instantiating /home/travis/build/icyphy/ptII/ptolemy/actor/lib/test/auto/Clock21.xml
10 ms. Memory: 484352K Free: 340172K (70%)
----------------- Invoking toplevel() on ptolemy.moml.MoMLSimpleApplication@4bc7b953
----------------- Done invoking toplevel() on ptolemy.moml.MoMLSimpleApplication@4bc7b953
reloadAllAccessors: .Clock21

===========================================================================================
----------------- testing Sun Jul 21 05:13:18 UTC 2019 /home/travis/build/icyphy/ptII/ptolemy/actor/lib/test/auto/Clock22.xml
----------------- Instantiating /home/travis/build/icyphy/ptII/ptolemy/actor/lib/test/auto/Clock22.xml
7 ms. Memory: 484352K Free: 335052K (69%)
----------------- Invoking toplevel() on ptolemy.moml.MoMLSimpleApplication@1516f5ec
----------------- Done invoking toplevel() on ptolemy.moml.MoMLSimpleApplication@1516f5ec
reloadAllAccessors: .Clock22

===========================================================================================
----------------- testing Sun Jul 21 05:13:18 UTC 2019 /home/travis/build/icyphy/ptII/ptolemy/actor/lib/test/auto/Clock23.xml
----------------- Instantiating /home/travis/build/icyphy/ptII/ptolemy/actor/lib/test/auto/Clock23.xml
7 ms. Memory: 484352K Free: 329418K (68%)
----------------- Invoking toplevel() on ptolemy.moml.MoMLSimpleApplication@411c7ce
----------------- Done invoking toplevel() on ptolemy.moml.MoMLSimpleApplication@411c7ce
reloadAllAccessors: .Clock23

===========================================================================================
----------------- testing Sun Jul 21 05:13:18 UTC 2019 /home/travis/build/icyphy/ptII/ptolemy/actor/lib/test/auto/Clock24.xml
----------------- Instantiating /home/travis/build/icyphy/ptII/ptolemy/actor/lib/test/auto/Clock24.xml
7 ms. Memory: 484352K Free: 324298K (67%)
----------------- Invoking toplevel() on ptolemy.moml.MoMLSimpleApplication@39fe86eb
----------------- Done invoking toplevel() on ptolemy.moml.MoMLSimpleApplication@39fe86eb
reloadAllAccessors: .Clock24

===========================================================================================
----------------- testing Sun Jul 21 05:13:18 UTC 2019 /home/travis/build/icyphy/ptII/ptolemy/actor/lib/test/auto/Clock4.xml
----------------- Instantiating /home/travis/build/icyphy/ptII/ptolemy/actor/lib/test/auto/Clock4.xml
2 ms. Memory: 484352K Free: 319148K (66%)
----------------- Invoking toplevel() on ptolemy.moml.MoMLSimpleApplication@3d68ba70
----------------- Done invoking toplevel() on ptolemy.moml.MoMLSimpleApplication@3d68ba70
reloadAllAccessors: .Clock4

===========================================================================================
----------------- testing Sun Jul 21 05:13:18 UTC 2019 /home/travis/build/icyphy/ptII/ptolemy/actor/lib/test/auto/Clock5.xml
----------------- Instantiating /home/travis/build/icyphy/ptII/ptolemy/actor/lib/test/auto/Clock5.xml
2 ms. Memory: 484352K Free: 313548K (65%)
----------------- Invoking toplevel() on ptolemy.moml.MoMLSimpleApplication@698b2600
----------------- Done invoking toplevel() on ptolemy.moml.MoMLSimpleApplication@698b2600
reloadAllAccessors: .Clock5

===========================================================================================
----------------- testing Sun Jul 21 05:13:18 UTC 2019 /home/travis/build/icyphy/ptII/ptolemy/actor/lib/test/auto/Clock6.xml
----------------- Instantiating /home/travis/build/icyphy/ptII/ptolemy/actor/lib/test/auto/Clock6.xml
1 ms. Memory: 484352K Free: 309962K (64%)
----------------- Invoking toplevel() on ptolemy.moml.MoMLSimpleApplication@1fcb4f6d
----------------- Done invoking toplevel() on ptolemy.moml.MoMLSimpleApplication@1fcb4f6d
reloadAllAccessors: .Clock6

===========================================================================================
----------------- testing Sun Jul 21 05:13:18 UTC 2019 /home/travis/build/icyphy/ptII/ptolemy/actor/lib/test/auto/Clock7.xml
----------------- Instantiating /home/travis/build/icyphy/ptII/ptolemy/actor/lib/test/auto/Clock7.xml
4 ms. Memory: 484352K Free: 304842K (63%)
----------------- Invoking toplevel() on ptolemy.moml.MoMLSimpleApplication@65b3d22
----------------- Done invoking toplevel() on ptolemy.moml.MoMLSimpleApplication@65b3d22
reloadAllAccessors: .Clock7

===========================================================================================
----------------- testing Sun Jul 21 05:13:18 UTC 2019 /home/travis/build/icyphy/ptII/ptolemy/actor/lib/test/auto/Clock8.xml
----------------- Instantiating /home/travis/build/icyphy/ptII/ptolemy/actor/lib/test/auto/Clock8.xml
6 ms. Memory: 484352K Free: 299692K (62%)
----------------- Invoking toplevel() on ptolemy.moml.MoMLSimpleApplication@3333ec46
----------------- Done invoking toplevel() on ptolemy.moml.MoMLSimpleApplication@3333ec46
reloadAllAccessors: .Clock8

===========================================================================================
----------------- testing Sun Jul 21 05:13:18 UTC 2019 /home/travis/build/icyphy/ptII/ptolemy/actor/lib/test/auto/Clock9.xml
----------------- Instantiating /home/travis/build/icyphy/ptII/ptolemy/actor/lib/test/auto/Clock9.xml
6 ms. Memory: 484352K Free: 294092K (61%)
----------------- Invoking toplevel() on ptolemy.moml.MoMLSimpleApplication@2f878a4d
----------------- Done invoking toplevel() on ptolemy.moml.MoMLSimpleApplication@2f878a4d
reloadAllAccessors: .Clock9

===========================================================================================
----------------- testing Sun Jul 21 05:13:18 UTC 2019 /home/travis/build/icyphy/ptII/ptolemy/actor/lib/test/auto/CommDistDiscard.xml
----------------- Instantiating /home/travis/build/icyphy/ptII/ptolemy/actor/lib/test/auto/CommDistDiscard.xml
5 ms. Memory: 484352K Free: 288458K (60%)
----------------- Invoking toplevel() on ptolemy.moml.MoMLSimpleApplication@64456b5c
----------------- Done invoking toplevel() on ptolemy.moml.MoMLSimpleApplication@64456b5c
reloadAllAccessors: .CommDistDiscard

===========================================================================================
----------------- testing Sun Jul 21 05:13:18 UTC 2019 /home/travis/build/icyphy/ptII/ptolemy/actor/lib/test/auto/Commutator.xml
----------------- Instantiating /home/travis/build/icyphy/ptII/ptolemy/actor/lib/test/auto/Commutator.xml
4 ms. Memory: 484352K Free: 284362K (59%)
----------------- Invoking toplevel() on ptolemy.moml.MoMLSimpleApplication@25374057
----------------- Done invoking toplevel() on ptolemy.moml.MoMLSimpleApplication@25374057
reloadAllAccessors: .Commutator

===========================================================================================
----------------- testing Sun Jul 21 05:13:18 UTC 2019 /home/travis/build/icyphy/ptII/ptolemy/actor/lib/test/auto/Commutator2.xml
----------------- Instantiating /home/travis/build/icyphy/ptII/ptolemy/actor/lib/test/auto/Commutator2.xml
2 ms. Memory: 484352K Free: 279756K (58%)
----------------- Invoking toplevel() on ptolemy.moml.MoMLSimpleApplication@1a7e4eda
----------------- Done invoking toplevel() on ptolemy.moml.MoMLSimpleApplication@1a7e4eda
reloadAllAccessors: .Commutator2

===========================================================================================
----------------- testing Sun Jul 21 05:13:18 UTC 2019 /home/travis/build/icyphy/ptII/ptolemy/actor/lib/test/auto/Commutator3.xml
----------------- Instantiating /home/travis/build/icyphy/ptII/ptolemy/actor/lib/test/auto/Commutator3.xml
3 ms. Memory: 484352K Free: 275660K (57%)
----------------- Invoking toplevel() on ptolemy.moml.MoMLSimpleApplication@781ac55d
----------------- Done invoking toplevel() on ptolemy.moml.MoMLSimpleApplication@781ac55d
reloadAllAccessors: .Commutator3

===========================================================================================
----------------- testing Sun Jul 21 05:13:18 UTC 2019 /home/travis/build/icyphy/ptII/ptolemy/actor/lib/test/auto/Compare.xml
----------------- Instantiating /home/travis/build/icyphy/ptII/ptolemy/actor/lib/test/auto/Compare.xml
2 ms. Memory: 484352K Free: 269002K (56%)
----------------- Invoking toplevel() on ptolemy.moml.MoMLSimpleApplication@19b32c6a
----------------- Done invoking toplevel() on ptolemy.moml.MoMLSimpleApplication@19b32c6a
reloadAllAccessors: .Compare

===========================================================================================
----------------- testing Sun Jul 21 05:13:18 UTC 2019 /home/travis/build/icyphy/ptII/ptolemy/actor/lib/test/auto/CompareDE.xml
----------------- Instantiating /home/travis/build/icyphy/ptII/ptolemy/actor/lib/test/auto/CompareDE.xml
6 ms. Memory: 484352K Free: 261820K (54%)
----------------- Invoking toplevel() on ptolemy.moml.MoMLSimpleApplication@411e066d
----------------- Done invoking toplevel() on ptolemy.moml.MoMLSimpleApplication@411e066d
reloadAllAccessors: .CompareDE

===========================================================================================
----------------- testing Sun Jul 21 05:13:18 UTC 2019 /home/travis/build/icyphy/ptII/ptolemy/actor/lib/test/auto/ComplexDivide.xml
----------------- Instantiating /home/travis/build/icyphy/ptII/ptolemy/actor/lib/test/auto/ComplexDivide.xml
2 ms. Memory: 484352K Free: 258252K (53%)
----------------- Invoking toplevel() on ptolemy.moml.MoMLSimpleApplication@7f65b7c2
----------------- Done invoking toplevel() on ptolemy.moml.MoMLSimpleApplication@7f65b7c2
reloadAllAccessors: .ComplexDivide

===========================================================================================
----------------- testing Sun Jul 21 05:13:18 UTC 2019 /home/travis/build/icyphy/ptII/ptolemy/actor/lib/test/auto/ComputeHistogram.xml
----------------- Instantiating /home/travis/build/icyphy/ptII/ptolemy/actor/lib/test/auto/ComputeHistogram.xml
39 ms. Memory: 484352K Free: 245450K (51%)
----------------- Invoking toplevel() on ptolemy.moml.MoMLSimpleApplication@26fbe88e
----------------- Done invoking toplevel() on ptolemy.moml.MoMLSimpleApplication@26fbe88e
reloadAllAccessors: .ComputeHistogram

===========================================================================================
----------------- testing Sun Jul 21 05:13:18 UTC 2019 /home/travis/build/icyphy/ptII/ptolemy/actor/lib/test/auto/ConfigurationSelect.xml
----------------- Instantiating /home/travis/build/icyphy/ptII/ptolemy/actor/lib/test/auto/ConfigurationSelect.xml
9 ms. Memory: 484352K Free: 240300K (50%)
----------------- Invoking toplevel() on ptolemy.moml.MoMLSimpleApplication@115d07e7
----------------- Done invoking toplevel() on ptolemy.moml.MoMLSimpleApplication@115d07e7
reloadAllAccessors: .ConfigurationSelect

===========================================================================================
----------------- testing Sun Jul 21 05:13:18 UTC 2019 /home/travis/build/icyphy/ptII/ptolemy/actor/lib/test/auto/ConfigurationSelect2.xml
----------------- Instantiating /home/travis/build/icyphy/ptII/ptolemy/actor/lib/test/auto/ConfigurationSelect2.xml
3 ms. Memory: 484352K Free: 235724K (49%)
----------------- Invoking toplevel() on ptolemy.moml.MoMLSimpleApplication@779f66fa
----------------- Done invoking toplevel() on ptolemy.moml.MoMLSimpleApplication@779f66fa
reloadAllAccessors: .ConfigurationSelect2

===========================================================================================
----------------- testing Sun Jul 21 05:13:18 UTC 2019 /home/travis/build/icyphy/ptII/ptolemy/actor/lib/test/auto/ConfigurationSwitch.xml
----------------- Instantiating /home/travis/build/icyphy/ptII/ptolemy/actor/lib/test/auto/ConfigurationSwitch.xml
9 ms. Memory: 484352K Free: 436963K (90%)
----------------- Invoking toplevel() on ptolemy.moml.MoMLSimpleApplication@692ab0cc
----------------- Done invoking toplevel() on ptolemy.moml.MoMLSimpleApplication@692ab0cc
reloadAllAccessors: .ConfigurationSwitch

===========================================================================================
----------------- testing Sun Jul 21 05:13:18 UTC 2019 /home/travis/build/icyphy/ptII/ptolemy/actor/lib/test/auto/ConfigurationSwitch2.xml
----------------- Instantiating /home/travis/build/icyphy/ptII/ptolemy/actor/lib/test/auto/ConfigurationSwitch2.xml
3 ms. Memory: 484352K Free: 430669K (89%)
----------------- Invoking toplevel() on ptolemy.moml.MoMLSimpleApplication@53e6a39a
----------------- Done invoking toplevel() on ptolemy.moml.MoMLSimpleApplication@53e6a39a
reloadAllAccessors: .ConfigurationSwitch2

===========================================================================================
----------------- testing Sun Jul 21 05:13:18 UTC 2019 /home/travis/build/icyphy/ptII/ptolemy/actor/lib/test/auto/ConfigurationSwitchCloningBugWithClassRelationGroup.xml
----------------- Instantiating /home/travis/build/icyphy/ptII/ptolemy/actor/lib/test/auto/ConfigurationSwitchCloningBugWithClassRelationGroup.xml
1 ms. Memory: 484352K Free: 424525K (88%)
----------------- Invoking toplevel() on ptolemy.moml.MoMLSimpleApplication@4570b84f
----------------- Done invoking toplevel() on ptolemy.moml.MoMLSimpleApplication@4570b84f
reloadAllAccessors: .ConfigurationSwitchCloningBugWithClassRelationGroup

===========================================================================================
----------------- testing Sun Jul 21 05:13:18 UTC 2019 /home/travis/build/icyphy/ptII/ptolemy/actor/lib/test/auto/ConfigurationSwitchSelectSDF.xml
----------------- Instantiating /home/travis/build/icyphy/ptII/ptolemy/actor/lib/test/auto/ConfigurationSwitchSelectSDF.xml
2 ms. Memory: 484352K Free: 418895K (86%)
----------------- Invoking toplevel() on ptolemy.moml.MoMLSimpleApplication@775ffece
----------------- Done invoking toplevel() on ptolemy.moml.MoMLSimpleApplication@775ffece
reloadAllAccessors: .ConfigurationSwitchSelectSDF

===========================================================================================
----------------- testing Sun Jul 21 05:13:18 UTC 2019 /home/travis/build/icyphy/ptII/ptolemy/actor/lib/test/auto/ConfigurationSwitchSelectSDF2.xml
----------------- Instantiating /home/travis/build/icyphy/ptII/ptolemy/actor/lib/test/auto/ConfigurationSwitchSelectSDF2.xml
2 ms. Memory: 484352K Free: 413261K (85%)
----------------- Invoking toplevel() on ptolemy.moml.MoMLSimpleApplication@246abbe8
----------------- Done invoking toplevel() on ptolemy.moml.MoMLSimpleApplication@246abbe8
reloadAllAccessors: .ConfigurationSwitchSelectSDF2

===========================================================================================
----------------- testing Sun Jul 21 05:13:18 UTC 2019 /home/travis/build/icyphy/ptII/ptolemy/actor/lib/test/auto/Const.xml
----------------- Instantiating /home/travis/build/icyphy/ptII/ptolemy/actor/lib/test/auto/Const.xml
1 ms. Memory: 484352K Free: 409679K (85%)
----------------- Invoking toplevel() on ptolemy.moml.MoMLSimpleApplication@56fcafc9
----------------- Done invoking toplevel() on ptolemy.moml.MoMLSimpleApplication@56fcafc9
reloadAllAccessors: .Const

===========================================================================================
----------------- testing Sun Jul 21 05:13:18 UTC 2019 /home/travis/build/icyphy/ptII/ptolemy/actor/lib/test/auto/Const2.xml
----------------- Instantiating /home/travis/build/icyphy/ptII/ptolemy/actor/lib/test/auto/Const2.xml
1 ms. Memory: 484352K Free: 406093K (84%)
----------------- Invoking toplevel() on ptolemy.moml.MoMLSimpleApplication@41c1f56d
----------------- Done invoking toplevel() on ptolemy.moml.MoMLSimpleApplication@41c1f56d
reloadAllAccessors: .Const2

===========================================================================================
----------------- testing Sun Jul 21 05:13:18 UTC 2019 /home/travis/build/icyphy/ptII/ptolemy/actor/lib/test/auto/Const3.xml
----------------- Instantiating /home/travis/build/icyphy/ptII/ptolemy/actor/lib/test/auto/Const3.xml
1 ms. Memory: 484352K Free: 403021K (83%)
----------------- Invoking toplevel() on ptolemy.moml.MoMLSimpleApplication@124590b5
----------------- Done invoking toplevel() on ptolemy.moml.MoMLSimpleApplication@124590b5
reloadAllAccessors: .Const3

===========================================================================================
----------------- testing Sun Jul 21 05:13:18 UTC 2019 /home/travis/build/icyphy/ptII/ptolemy/actor/lib/test/auto/ConstantPublisherPort1.xml
----------------- Instantiating /home/travis/build/icyphy/ptII/ptolemy/actor/lib/test/auto/ConstantPublisherPort1.xml
6 ms. Memory: 484352K Free: 394319K (81%)
----------------- Invoking toplevel() on ptolemy.moml.MoMLSimpleApplication@61a3acf2
----------------- Done invoking toplevel() on ptolemy.moml.MoMLSimpleApplication@61a3acf2
reloadAllAccessors: .ConstantPublisherPort1

===========================================================================================
----------------- testing Sun Jul 21 05:13:18 UTC 2019 /home/travis/build/icyphy/ptII/ptolemy/actor/lib/test/auto/ConstantPublisherPort2.xml
----------------- Instantiating /home/travis/build/icyphy/ptII/ptolemy/actor/lib/test/auto/ConstantPublisherPort2.xml
9 ms. Memory: 484352K Free: 387151K (80%)
----------------- Invoking toplevel() on ptolemy.moml.MoMLSimpleApplication@4256c27f
----------------- Done invoking toplevel() on ptolemy.moml.MoMLSimpleApplication@4256c27f
reloadAllAccessors: .ConstantPublisherPort2

===========================================================================================
----------------- testing Sun Jul 21 05:13:18 UTC 2019 /home/travis/build/icyphy/ptII/ptolemy/actor/lib/test/auto/ConstantPublisherPort3.xml
----------------- Instantiating /home/travis/build/icyphy/ptII/ptolemy/actor/lib/test/auto/ConstantPublisherPort3.xml
8 ms. Memory: 484352K Free: 378959K (78%)
----------------- Invoking toplevel() on ptolemy.moml.MoMLSimpleApplication@3795096e
----------------- Done invoking toplevel() on ptolemy.moml.MoMLSimpleApplication@3795096e
reloadAllAccessors: .ConstantPublisherPort3

===========================================================================================
----------------- testing Sun Jul 21 05:13:18 UTC 2019 /home/travis/build/icyphy/ptII/ptolemy/actor/lib/test/auto/ConstantPublisherPort4.xml
----------------- Instantiating /home/travis/build/icyphy/ptII/ptolemy/actor/lib/test/auto/ConstantPublisherPort4.xml
2 ms. Memory: 484352K Free: 372287K (77%)
----------------- Invoking toplevel() on ptolemy.moml.MoMLSimpleApplication@65a3873c
----------------- Done invoking toplevel() on ptolemy.moml.MoMLSimpleApplication@65a3873c
reloadAllAccessors: .ConstantPublisherPort4

===========================================================================================
----------------- testing Sun Jul 21 05:13:18 UTC 2019 /home/travis/build/icyphy/ptII/ptolemy/actor/lib/test/auto/ConstantPublisherPort5.xml
----------------- Instantiating /home/travis/build/icyphy/ptII/ptolemy/actor/lib/test/auto/ConstantPublisherPort5.xml
29 ms. Memory: 484352K Free: 362575K (75%)
----------------- Invoking toplevel() on ptolemy.moml.MoMLSimpleApplication@73317a16
----------------- Done invoking toplevel() on ptolemy.moml.MoMLSimpleApplication@73317a16
reloadAllAccessors: .ConstantPublisherPort5

===========================================================================================
----------------- testing Sun Jul 21 05:13:18 UTC 2019 /home/travis/build/icyphy/ptII/ptolemy/actor/lib/test/auto/ConstantPublisherPort6.xml
----------------- Instantiating /home/travis/build/icyphy/ptII/ptolemy/actor/lib/test/auto/ConstantPublisherPort6.xml
24 ms. Memory: 484352K Free: 352845K (73%)
----------------- Invoking toplevel() on ptolemy.moml.MoMLSimpleApplication@2ad7c6b4
----------------- Done invoking toplevel() on ptolemy.moml.MoMLSimpleApplication@2ad7c6b4
reloadAllAccessors: .ConstantPublisherPort6

===========================================================================================
----------------- testing Sun Jul 21 05:13:19 UTC 2019 /home/travis/build/icyphy/ptII/ptolemy/actor/lib/test/auto/ConstantPublisherPort7.xml
----------------- Instantiating /home/travis/build/icyphy/ptII/ptolemy/actor/lib/test/auto/ConstantPublisherPort7.xml
21 ms. Memory: 484352K Free: 343629K (71%)
----------------- Invoking toplevel() on ptolemy.moml.MoMLSimpleApplication@23b3c14b
----------------- Done invoking toplevel() on ptolemy.moml.MoMLSimpleApplication@23b3c14b
reloadAllAccessors: .ConstantPublisherPort7

===========================================================================================
----------------- testing Sun Jul 21 05:13:19 UTC 2019 /home/travis/build/icyphy/ptII/ptolemy/actor/lib/test/auto/ConstraintMonitor1.xml
----------------- Instantiating /home/travis/build/icyphy/ptII/ptolemy/actor/lib/test/auto/ConstraintMonitor1.xml
7 ms. Memory: 484352K Free: 338509K (70%)
----------------- Invoking toplevel() on ptolemy.moml.MoMLSimpleApplication@755238dd
----------------- Done invoking toplevel() on ptolemy.moml.MoMLSimpleApplication@755238dd
reloadAllAccessors: .ConstraintMonitor1

===========================================================================================
----------------- testing Sun Jul 21 05:13:19 UTC 2019 /home/travis/build/icyphy/ptII/ptolemy/actor/lib/test/auto/ConstraintMonitor2.xml
----------------- Instantiating /home/travis/build/icyphy/ptII/ptolemy/actor/lib/test/auto/ConstraintMonitor2.xml
5 ms. Memory: 484352K Free: 333389K (69%)
----------------- Invoking toplevel() on ptolemy.moml.MoMLSimpleApplication@7fca760e
----------------- Done invoking toplevel() on ptolemy.moml.MoMLSimpleApplication@7fca760e
reloadAllAccessors: .ConstraintMonitor2

===========================================================================================
----------------- testing Sun Jul 21 05:13:19 UTC 2019 /home/travis/build/icyphy/ptII/ptolemy/actor/lib/test/auto/ConstraintMonitor3.xml
----------------- Instantiating /home/travis/build/icyphy/ptII/ptolemy/actor/lib/test/auto/ConstraintMonitor3.xml
1 ms. Memory: 484352K Free: 329293K (68%)
----------------- Invoking toplevel() on ptolemy.moml.MoMLSimpleApplication@78cd569a
----------------- Done invoking toplevel() on ptolemy.moml.MoMLSimpleApplication@78cd569a
reloadAllAccessors: .ConstraintMonitor3

===========================================================================================
----------------- testing Sun Jul 21 05:13:19 UTC 2019 /home/travis/build/icyphy/ptII/ptolemy/actor/lib/test/auto/ConstraintMonitor4.xml
----------------- Instantiating /home/travis/build/icyphy/ptII/ptolemy/actor/lib/test/auto/ConstraintMonitor4.xml
1 ms. Memory: 484352K Free: 324173K (67%)
----------------- Invoking toplevel() on ptolemy.moml.MoMLSimpleApplication@471e8de3
----------------- Done invoking toplevel() on ptolemy.moml.MoMLSimpleApplication@471e8de3
reloadAllAccessors: .ConstraintMonitor4

===========================================================================================
----------------- testing Sun Jul 21 05:13:19 UTC 2019 /home/travis/build/icyphy/ptII/ptolemy/actor/lib/test/auto/ConstraintMonitor5.xml
----------------- Instantiating /home/travis/build/icyphy/ptII/ptolemy/actor/lib/test/auto/ConstraintMonitor5.xml
1 ms. Memory: 484352K Free: 319567K (66%)
----------------- Invoking toplevel() on ptolemy.moml.MoMLSimpleApplication@2cd95a0d
----------------- Done invoking toplevel() on ptolemy.moml.MoMLSimpleApplication@2cd95a0d
reloadAllAccessors: .ConstraintMonitor5

===========================================================================================
----------------- testing Sun Jul 21 05:13:19 UTC 2019 /home/travis/build/icyphy/ptII/ptolemy/actor/lib/test/auto/ConstraintMonitor6.xml
----------------- Instantiating /home/travis/build/icyphy/ptII/ptolemy/actor/lib/test/auto/ConstraintMonitor6.xml
6 ms. Memory: 484352K Free: 313423K (65%)
----------------- Invoking toplevel() on ptolemy.moml.MoMLSimpleApplication@47b4d86c
----------------- Done invoking toplevel() on ptolemy.moml.MoMLSimpleApplication@47b4d86c
reloadAllAccessors: .ConstraintMonitor6

===========================================================================================
----------------- testing Sun Jul 21 05:13:19 UTC 2019 /home/travis/build/icyphy/ptII/ptolemy/actor/lib/test/auto/ConstraintMonitor7.xml
----------------- Instantiating /home/travis/build/icyphy/ptII/ptolemy/actor/lib/test/auto/ConstraintMonitor7.xml
5 ms. Memory: 484352K Free: 306759K (63%)
----------------- Invoking toplevel() on ptolemy.moml.MoMLSimpleApplication@62ed041d
----------------- Done invoking toplevel() on ptolemy.moml.MoMLSimpleApplication@62ed041d
reloadAllAccessors: .ConstraintMonitor7

===========================================================================================
----------------- testing Sun Jul 21 05:13:19 UTC 2019 /home/travis/build/icyphy/ptII/ptolemy/actor/lib/test/auto/ConstraintMonitor8.xml
----------------- Instantiating /home/travis/build/icyphy/ptII/ptolemy/actor/lib/test/auto/ConstraintMonitor8.xml
3 ms. Memory: 484352K Free: 299591K (62%)
----------------- Invoking toplevel() on ptolemy.moml.MoMLSimpleApplication@5b2425dd
----------------- Done invoking toplevel() on ptolemy.moml.MoMLSimpleApplication@5b2425dd
reloadAllAccessors: .ConstraintMonitor8

===========================================================================================
----------------- testing Sun Jul 21 05:13:19 UTC 2019 /home/travis/build/icyphy/ptII/ptolemy/actor/lib/test/auto/Counter.xml
----------------- Instantiating /home/travis/build/icyphy/ptII/ptolemy/actor/lib/test/auto/Counter.xml
2 ms. Memory: 484352K Free: 294477K (61%)
----------------- Invoking toplevel() on ptolemy.moml.MoMLSimpleApplication@220a9ce7
----------------- Done invoking toplevel() on ptolemy.moml.MoMLSimpleApplication@220a9ce7
reloadAllAccessors: .Counter

===========================================================================================
----------------- testing Sun Jul 21 05:13:19 UTC 2019 /home/travis/build/icyphy/ptII/ptolemy/actor/lib/test/auto/CurrentTimeSDF.xml
----------------- Instantiating /home/travis/build/icyphy/ptII/ptolemy/actor/lib/test/auto/CurrentTimeSDF.xml
1 ms. Memory: 484352K Free: 290381K (60%)
----------------- Invoking toplevel() on ptolemy.moml.MoMLSimpleApplication@4c10a49a
----------------- Done invoking toplevel() on ptolemy.moml.MoMLSimpleApplication@4c10a49a
reloadAllAccessors: .CurrentTimeSDF

===========================================================================================
----------------- testing Sun Jul 21 05:13:19 UTC 2019 /home/travis/build/icyphy/ptII/ptolemy/actor/lib/test/auto/DB.xml
----------------- Instantiating /home/travis/build/icyphy/ptII/ptolemy/actor/lib/test/auto/DB.xml
2 ms. Memory: 484352K Free: 285775K (59%)
----------------- Invoking toplevel() on ptolemy.moml.MoMLSimpleApplication@74f6ef45
----------------- Done invoking toplevel() on ptolemy.moml.MoMLSimpleApplication@74f6ef45
reloadAllAccessors: .DB

===========================================================================================
----------------- testing Sun Jul 21 05:13:19 UTC 2019 /home/travis/build/icyphy/ptII/ptolemy/actor/lib/test/auto/DBDE.xml
----------------- Instantiating /home/travis/build/icyphy/ptII/ptolemy/actor/lib/test/auto/DBDE.xml
2 ms. Memory: 484352K Free: 279631K (58%)
----------------- Invoking toplevel() on ptolemy.moml.MoMLSimpleApplication@d094c6e
----------------- Done invoking toplevel() on ptolemy.moml.MoMLSimpleApplication@d094c6e
reloadAllAccessors: .DBDE

===========================================================================================
----------------- testing Sun Jul 21 05:13:19 UTC 2019 /home/travis/build/icyphy/ptII/ptolemy/actor/lib/test/auto/DateConstructor.xml
----------------- Instantiating /home/travis/build/icyphy/ptII/ptolemy/actor/lib/test/auto/DateConstructor.xml
30 ms. Memory: 484352K Free: 262223K (54%)
----------------- Invoking toplevel() on ptolemy.moml.MoMLSimpleApplication@378b2974
----------------- Done invoking toplevel() on ptolemy.moml.MoMLSimpleApplication@378b2974
reloadAllAccessors: .DateConstructor

===========================================================================================
----------------- testing Sun Jul 21 05:13:19 UTC 2019 /home/travis/build/icyphy/ptII/ptolemy/actor/lib/test/auto/DelayTime.xml
----------------- Instantiating /home/travis/build/icyphy/ptII/ptolemy/actor/lib/test/auto/DelayTime.xml
6 ms. Memory: 484352K Free: 257613K (53%)
----------------- Invoking toplevel() on ptolemy.moml.MoMLSimpleApplication@5c487e12
----------------- Done invoking toplevel() on ptolemy.moml.MoMLSimpleApplication@5c487e12
reloadAllAccessors: .DelayTime

===========================================================================================
----------------- testing Sun Jul 21 05:13:19 UTC 2019 /home/travis/build/icyphy/ptII/ptolemy/actor/lib/test/auto/Dictionary1.xml
----------------- Instantiating /home/travis/build/icyphy/ptII/ptolemy/actor/lib/test/auto/Dictionary1.xml
1 ms. Memory: 484352K Free: 251983K (52%)
----------------- Invoking toplevel() on ptolemy.moml.MoMLSimpleApplication@7db2d94b
----------------- Done invoking toplevel() on ptolemy.moml.MoMLSimpleApplication@7db2d94b
reloadAllAccessors: .Dictionary1

===========================================================================================
----------------- testing Sun Jul 21 05:13:19 UTC 2019 /home/travis/build/icyphy/ptII/ptolemy/actor/lib/test/auto/Dictionary2.xml
----------------- Instantiating /home/travis/build/icyphy/ptII/ptolemy/actor/lib/test/auto/Dictionary2.xml
5 ms. Memory: 484352K Free: 246349K (51%)
----------------- Invoking toplevel() on ptolemy.moml.MoMLSimpleApplication@506b289a
----------------- Done invoking toplevel() on ptolemy.moml.MoMLSimpleApplication@506b289a
reloadAllAccessors: .Dictionary2

===========================================================================================
----------------- testing Sun Jul 21 05:13:19 UTC 2019 /home/travis/build/icyphy/ptII/ptolemy/actor/lib/test/auto/Dictionary3.xml
----------------- Instantiating /home/travis/build/icyphy/ptII/ptolemy/actor/lib/test/auto/Dictionary3.xml
2 ms. Memory: 484352K Free: 241229K (50%)
----------------- Invoking toplevel() on ptolemy.moml.MoMLSimpleApplication@1f5f02da
----------------- Done invoking toplevel() on ptolemy.moml.MoMLSimpleApplication@1f5f02da
reloadAllAccessors: .Dictionary3

===========================================================================================
----------------- testing Sun Jul 21 05:13:19 UTC 2019 /home/travis/build/icyphy/ptII/ptolemy/actor/lib/test/auto/Dictionary4.xml
----------------- Instantiating /home/travis/build/icyphy/ptII/ptolemy/actor/lib/test/auto/Dictionary4.xml
3 ms. Memory: 484352K Free: 234061K (48%)
----------------- Invoking toplevel() on ptolemy.moml.MoMLSimpleApplication@285ad078
----------------- Done invoking toplevel() on ptolemy.moml.MoMLSimpleApplication@285ad078
reloadAllAccessors: .Dictionary4

===========================================================================================
----------------- testing Sun Jul 21 05:13:19 UTC 2019 /home/travis/build/icyphy/ptII/ptolemy/actor/lib/test/auto/Differential.xml
----------------- Instantiating /home/travis/build/icyphy/ptII/ptolemy/actor/lib/test/auto/Differential.xml
3 ms. Memory: 484352K Free: 229455K (47%)
----------------- Invoking toplevel() on ptolemy.moml.MoMLSimpleApplication@660962a8
----------------- Done invoking toplevel() on ptolemy.moml.MoMLSimpleApplication@660962a8
reloadAllAccessors: .Differential

===========================================================================================
----------------- testing Sun Jul 21 05:13:19 UTC 2019 /home/travis/build/icyphy/ptII/ptolemy/actor/lib/test/auto/Director.xml
----------------- Instantiating /home/travis/build/icyphy/ptII/ptolemy/actor/lib/test/auto/Director.xml
2 ms. Memory: 484352K Free: 225869K (47%)
----------------- Invoking toplevel() on ptolemy.moml.MoMLSimpleApplication@7c9a2b2f
----------------- Done invoking toplevel() on ptolemy.moml.MoMLSimpleApplication@7c9a2b2f
reloadAllAccessors: .Director

===========================================================================================
----------------- testing Sun Jul 21 05:13:19 UTC 2019 /home/travis/build/icyphy/ptII/ptolemy/actor/lib/test/auto/DiscreteClock.xml
----------------- Instantiating /home/travis/build/icyphy/ptII/ptolemy/actor/lib/test/auto/DiscreteClock.xml
1 ms. Memory: 484352K Free: 222287K (46%)
----------------- Invoking toplevel() on ptolemy.moml.MoMLSimpleApplication@ee5c809
----------------- Done invoking toplevel() on ptolemy.moml.MoMLSimpleApplication@ee5c809
reloadAllAccessors: .DiscreteClock

===========================================================================================
----------------- testing Sun Jul 21 05:13:19 UTC 2019 /home/travis/build/icyphy/ptII/ptolemy/actor/lib/test/auto/DiscreteClock10.xml
----------------- Instantiating /home/travis/build/icyphy/ptII/ptolemy/actor/lib/test/auto/DiscreteClock10.xml
5 ms. Memory: 484352K Free: 216143K (45%)
----------------- Invoking toplevel() on ptolemy.moml.MoMLSimpleApplication@5bb8d100
----------------- Done invoking toplevel() on ptolemy.moml.MoMLSimpleApplication@5bb8d100
reloadAllAccessors: .DiscreteClock10

===========================================================================================
----------------- testing Sun Jul 21 05:13:19 UTC 2019 /home/travis/build/icyphy/ptII/ptolemy/actor/lib/test/auto/DiscreteClock11.xml
----------------- Instantiating /home/travis/build/icyphy/ptII/ptolemy/actor/lib/test/auto/DiscreteClock11.xml
3 ms. Memory: 484352K Free: 209999K (43%)
----------------- Invoking toplevel() on ptolemy.moml.MoMLSimpleApplication@26690b97
----------------- Done invoking toplevel() on ptolemy.moml.MoMLSimpleApplication@26690b97
reloadAllAccessors: .DiscreteClock11

===========================================================================================
----------------- testing Sun Jul 21 05:13:19 UTC 2019 /home/travis/build/icyphy/ptII/ptolemy/actor/lib/test/auto/DiscreteClock12.xml
----------------- Instantiating /home/travis/build/icyphy/ptII/ptolemy/actor/lib/test/auto/DiscreteClock12.xml
3 ms. Memory: 484352K Free: 204365K (42%)
----------------- Invoking toplevel() on ptolemy.moml.MoMLSimpleApplication@8f81142
----------------- Done invoking toplevel() on ptolemy.moml.MoMLSimpleApplication@8f81142
reloadAllAccessors: .DiscreteClock12

===========================================================================================
----------------- testing Sun Jul 21 05:13:19 UTC 2019 /home/travis/build/icyphy/ptII/ptolemy/actor/lib/test/auto/DiscreteClock13.xml
----------------- Instantiating /home/travis/build/icyphy/ptII/ptolemy/actor/lib/test/auto/DiscreteClock13.xml
4 ms. Memory: 484352K Free: 198207K (41%)
----------------- Invoking toplevel() on ptolemy.moml.MoMLSimpleApplication@5f3b3f6b
----------------- Done invoking toplevel() on ptolemy.moml.MoMLSimpleApplication@5f3b3f6b
reloadAllAccessors: .DiscreteClock13

===========================================================================================
----------------- testing Sun Jul 21 05:13:19 UTC 2019 /home/travis/build/icyphy/ptII/ptolemy/actor/lib/test/auto/DiscreteClock14.xml
----------------- Instantiating /home/travis/build/icyphy/ptII/ptolemy/actor/lib/test/auto/DiscreteClock14.xml
2 ms. Memory: 484352K Free: 192047K (40%)
----------------- Invoking toplevel() on ptolemy.moml.MoMLSimpleApplication@5df2db1f
----------------- Done invoking toplevel() on ptolemy.moml.MoMLSimpleApplication@5df2db1f
reloadAllAccessors: .DiscreteClock14

===========================================================================================
----------------- testing Sun Jul 21 05:13:19 UTC 2019 /home/travis/build/icyphy/ptII/ptolemy/actor/lib/test/auto/DiscreteClock15.xml
----------------- Instantiating /home/travis/build/icyphy/ptII/ptolemy/actor/lib/test/auto/DiscreteClock15.xml
6 ms. Memory: 484352K Free: 185903K (38%)
----------------- Invoking toplevel() on ptolemy.moml.MoMLSimpleApplication@3128eece
----------------- Done invoking toplevel() on ptolemy.moml.MoMLSimpleApplication@3128eece
reloadAllAccessors: .DiscreteClock15

===========================================================================================
----------------- testing Sun Jul 21 05:13:19 UTC 2019 /home/travis/build/icyphy/ptII/ptolemy/actor/lib/test/auto/DiscreteClock16.xml
----------------- Instantiating /home/travis/build/icyphy/ptII/ptolemy/actor/lib/test/auto/DiscreteClock16.xml
12 ms. Memory: 484352K Free: 172607K (36%)
----------------- Invoking toplevel() on ptolemy.moml.MoMLSimpleApplication@26afa18c
----------------- Done invoking toplevel() on ptolemy.moml.MoMLSimpleApplication@26afa18c
reloadAllAccessors: .DiscreteClock16

===========================================================================================
----------------- testing Sun Jul 21 05:13:19 UTC 2019 /home/travis/build/icyphy/ptII/ptolemy/actor/lib/test/auto/DiscreteClock17.xml
----------------- Instantiating /home/travis/build/icyphy/ptII/ptolemy/actor/lib/test/auto/DiscreteClock17.xml
13 ms. Memory: 484352K Free: 158279K (33%)
----------------- Invoking toplevel() on ptolemy.moml.MoMLSimpleApplication@658aacac
----------------- Done invoking toplevel() on ptolemy.moml.MoMLSimpleApplication@658aacac
reloadAllAccessors: .DiscreteClock17

===========================================================================================
----------------- testing Sun Jul 21 05:13:19 UTC 2019 /home/travis/build/icyphy/ptII/ptolemy/actor/lib/test/auto/DiscreteClock18.xml
----------------- Instantiating /home/travis/build/icyphy/ptII/ptolemy/actor/lib/test/auto/DiscreteClock18.xml
16 ms. Memory: 484352K Free: 430661K (89%)
----------------- Invoking toplevel() on ptolemy.moml.MoMLSimpleApplication@6918d3a3
----------------- Done invoking toplevel() on ptolemy.moml.MoMLSimpleApplication@6918d3a3
reloadAllAccessors: .DiscreteClock18

===========================================================================================
----------------- testing Sun Jul 21 05:13:19 UTC 2019 /home/travis/build/icyphy/ptII/ptolemy/actor/lib/test/auto/DiscreteClock19.xml
----------------- Instantiating /home/travis/build/icyphy/ptII/ptolemy/actor/lib/test/auto/DiscreteClock19.xml
13 ms. Memory: 484352K Free: 416835K (86%)
----------------- Invoking toplevel() on ptolemy.moml.MoMLSimpleApplication@6c914d78
----------------- Done invoking toplevel() on ptolemy.moml.MoMLSimpleApplication@6c914d78
reloadAllAccessors: .DiscreteClock19

===========================================================================================
----------------- testing Sun Jul 21 05:13:19 UTC 2019 /home/travis/build/icyphy/ptII/ptolemy/actor/lib/test/auto/DiscreteClock2.xml
----------------- Instantiating /home/travis/build/icyphy/ptII/ptolemy/actor/lib/test/auto/DiscreteClock2.xml
4 ms. Memory: 484352K Free: 411701K (85%)
----------------- Invoking toplevel() on ptolemy.moml.MoMLSimpleApplication@6116d9fe
----------------- Done invoking toplevel() on ptolemy.moml.MoMLSimpleApplication@6116d9fe
reloadAllAccessors: .DiscreteClock2

===========================================================================================
----------------- testing Sun Jul 21 05:13:19 UTC 2019 /home/travis/build/icyphy/ptII/ptolemy/actor/lib/test/auto/DiscreteClock20.xml
----------------- Instantiating /home/travis/build/icyphy/ptII/ptolemy/actor/lib/test/auto/DiscreteClock20.xml
5 ms. Memory: 484352K Free: 406085K (84%)
----------------- Invoking toplevel() on ptolemy.moml.MoMLSimpleApplication@6226f260
----------------- Done invoking toplevel() on ptolemy.moml.MoMLSimpleApplication@6226f260
reloadAllAccessors: .DiscreteClock20

===========================================================================================
----------------- testing Sun Jul 21 05:13:19 UTC 2019 /home/travis/build/icyphy/ptII/ptolemy/actor/lib/test/auto/DiscreteClock21.xml
----------------- Instantiating /home/travis/build/icyphy/ptII/ptolemy/actor/lib/test/auto/DiscreteClock21.xml
6 ms. Memory: 484352K Free: 400451K (83%)
----------------- Invoking toplevel() on ptolemy.moml.MoMLSimpleApplication@95e37ab
----------------- Done invoking toplevel() on ptolemy.moml.MoMLSimpleApplication@95e37ab
reloadAllAccessors: .DiscreteClock21

===========================================================================================
----------------- testing Sun Jul 21 05:13:19 UTC 2019 /home/travis/build/icyphy/ptII/ptolemy/actor/lib/test/auto/DiscreteClock22.xml
----------------- Instantiating /home/travis/build/icyphy/ptII/ptolemy/actor/lib/test/auto/DiscreteClock22.xml
5 ms. Memory: 484352K Free: 395331K (82%)
----------------- Invoking toplevel() on ptolemy.moml.MoMLSimpleApplication@1180cfbc
----------------- Done invoking toplevel() on ptolemy.moml.MoMLSimpleApplication@1180cfbc
reloadAllAccessors: .DiscreteClock22

===========================================================================================
----------------- testing Sun Jul 21 05:13:19 UTC 2019 /home/travis/build/icyphy/ptII/ptolemy/actor/lib/test/auto/DiscreteClock23.xml
----------------- Instantiating /home/travis/build/icyphy/ptII/ptolemy/actor/lib/test/auto/DiscreteClock23.xml
4 ms. Memory: 484352K Free: 389701K (80%)
----------------- Invoking toplevel() on ptolemy.moml.MoMLSimpleApplication@373f7eb5
----------------- Done invoking toplevel() on ptolemy.moml.MoMLSimpleApplication@373f7eb5
reloadAllAccessors: .DiscreteClock23

===========================================================================================
----------------- testing Sun Jul 21 05:13:19 UTC 2019 /home/travis/build/icyphy/ptII/ptolemy/actor/lib/test/auto/DiscreteClock24.xml
----------------- Instantiating /home/travis/build/icyphy/ptII/ptolemy/actor/lib/test/auto/DiscreteClock24.xml
5 ms. Memory: 484352K Free: 384067K (79%)
----------------- Invoking toplevel() on ptolemy.moml.MoMLSimpleApplication@70a9b099
----------------- Done invoking toplevel() on ptolemy.moml.MoMLSimpleApplication@70a9b099
reloadAllAccessors: .DiscreteClock24

===========================================================================================
----------------- testing Sun Jul 21 05:13:19 UTC 2019 /home/travis/build/icyphy/ptII/ptolemy/actor/lib/test/auto/DiscreteClock4.xml
----------------- Instantiating /home/travis/build/icyphy/ptII/ptolemy/actor/lib/test/auto/DiscreteClock4.xml
3 ms. Memory: 484352K Free: 378437K (78%)
----------------- Invoking toplevel() on ptolemy.moml.MoMLSimpleApplication@65c58e6a
----------------- Done invoking toplevel() on ptolemy.moml.MoMLSimpleApplication@65c58e6a
reloadAllAccessors: .DiscreteClock4

===========================================================================================
----------------- testing Sun Jul 21 05:13:20 UTC 2019 /home/travis/build/icyphy/ptII/ptolemy/actor/lib/test/auto/DiscreteClock5.xml
----------------- Instantiating /home/travis/build/icyphy/ptII/ptolemy/actor/lib/test/auto/DiscreteClock5.xml
2 ms. Memory: 484352K Free: 373317K (77%)
----------------- Invoking toplevel() on ptolemy.moml.MoMLSimpleApplication@69e84896
----------------- Done invoking toplevel() on ptolemy.moml.MoMLSimpleApplication@69e84896
reloadAllAccessors: .DiscreteClock5

===========================================================================================
----------------- testing Sun Jul 21 05:13:20 UTC 2019 /home/travis/build/icyphy/ptII/ptolemy/actor/lib/test/auto/DiscreteClock6.xml
----------------- Instantiating /home/travis/build/icyphy/ptII/ptolemy/actor/lib/test/auto/DiscreteClock6.xml
1 ms. Memory: 484352K Free: 369221K (76%)
----------------- Invoking toplevel() on ptolemy.moml.MoMLSimpleApplication@33230c33
----------------- Done invoking toplevel() on ptolemy.moml.MoMLSimpleApplication@33230c33
reloadAllAccessors: .DiscreteClock6

===========================================================================================
----------------- testing Sun Jul 21 05:13:20 UTC 2019 /home/travis/build/icyphy/ptII/ptolemy/actor/lib/test/auto/DiscreteClock7.xml
----------------- Instantiating /home/travis/build/icyphy/ptII/ptolemy/actor/lib/test/auto/DiscreteClock7.xml
1 ms. Memory: 484352K Free: 364611K (75%)
----------------- Invoking toplevel() on ptolemy.moml.MoMLSimpleApplication@279c6ec1
----------------- Done invoking toplevel() on ptolemy.moml.MoMLSimpleApplication@279c6ec1
reloadAllAccessors: .DiscreteClock7

===========================================================================================
----------------- testing Sun Jul 21 05:13:20 UTC 2019 /home/travis/build/icyphy/ptII/ptolemy/actor/lib/test/auto/DiscreteClock8.xml
----------------- Instantiating /home/travis/build/icyphy/ptII/ptolemy/actor/lib/test/auto/DiscreteClock8.xml
5 ms. Memory: 484352K Free: 358981K (74%)
----------------- Invoking toplevel() on ptolemy.moml.MoMLSimpleApplication@b61e5fc
----------------- Done invoking toplevel() on ptolemy.moml.MoMLSimpleApplication@b61e5fc
reloadAllAccessors: .DiscreteClock8

===========================================================================================
----------------- testing Sun Jul 21 05:13:20 UTC 2019 /home/travis/build/icyphy/ptII/ptolemy/actor/lib/test/auto/DiscreteClock9.xml
----------------- Instantiating /home/travis/build/icyphy/ptII/ptolemy/actor/lib/test/auto/DiscreteClock9.xml
4 ms. Memory: 484352K Free: 353861K (73%)
----------------- Invoking toplevel() on ptolemy.moml.MoMLSimpleApplication@42639d1b
----------------- Done invoking toplevel() on ptolemy.moml.MoMLSimpleApplication@42639d1b
reloadAllAccessors: .DiscreteClock9

===========================================================================================
----------------- testing Sun Jul 21 05:13:20 UTC 2019 /home/travis/build/icyphy/ptII/ptolemy/actor/lib/test/auto/DisplayArray.xml
----------------- Instantiating /home/travis/build/icyphy/ptII/ptolemy/actor/lib/test/auto/DisplayArray.xml
1 ms. Memory: 484352K Free: 350275K (72%)
----------------- Invoking toplevel() on ptolemy.moml.MoMLSimpleApplication@2a1a0529
----------------- Done invoking toplevel() on ptolemy.moml.MoMLSimpleApplication@2a1a0529
reloadAllAccessors: .DisplayArray

===========================================================================================
----------------- testing Sun Jul 21 05:13:20 UTC 2019 /home/travis/build/icyphy/ptII/ptolemy/actor/lib/test/auto/Distributor.xml
----------------- Instantiating /home/travis/build/icyphy/ptII/ptolemy/actor/lib/test/auto/Distributor.xml
2 ms. Memory: 484352K Free: 345155K (71%)
----------------- Invoking toplevel() on ptolemy.moml.MoMLSimpleApplication@4feecef1
----------------- Done invoking toplevel() on ptolemy.moml.MoMLSimpleApplication@4feecef1
reloadAllAccessors: .Distributor

===========================================================================================
----------------- testing Sun Jul 21 05:13:20 UTC 2019 /home/travis/build/icyphy/ptII/ptolemy/actor/lib/test/auto/Distributor2.xml
----------------- Instantiating /home/travis/build/icyphy/ptII/ptolemy/actor/lib/test/auto/Distributor2.xml
2 ms. Memory: 484352K Free: 340035K (70%)
----------------- Invoking toplevel() on ptolemy.moml.MoMLSimpleApplication@15c37734
----------------- Done invoking toplevel() on ptolemy.moml.MoMLSimpleApplication@15c37734
reloadAllAccessors: .Distributor2

===========================================================================================
----------------- testing Sun Jul 21 05:13:20 UTC 2019 /home/travis/build/icyphy/ptII/ptolemy/actor/lib/test/auto/DownSample.xml
----------------- Instantiating /home/travis/build/icyphy/ptII/ptolemy/actor/lib/test/auto/DownSample.xml
2 ms. Memory: 484352K Free: 335429K (69%)
----------------- Invoking toplevel() on ptolemy.moml.MoMLSimpleApplication@2cdbf238
----------------- Done invoking toplevel() on ptolemy.moml.MoMLSimpleApplication@2cdbf238
reloadAllAccessors: .DownSample

===========================================================================================
----------------- testing Sun Jul 21 05:13:20 UTC 2019 /home/travis/build/icyphy/ptII/ptolemy/actor/lib/test/auto/ElectronicUnitBase1.xml
----------------- Instantiating /home/travis/build/icyphy/ptII/ptolemy/actor/lib/test/auto/ElectronicUnitBase1.xml
18 ms. Memory: 484352K Free: 320069K (66%)
----------------- Invoking toplevel() on ptolemy.moml.MoMLSimpleApplication@78156743
----------------- Done invoking toplevel() on ptolemy.moml.MoMLSimpleApplication@78156743
reloadAllAccessors: .ElectronicUnitBase1

===========================================================================================
----------------- testing Sun Jul 21 05:13:20 UTC 2019 /home/travis/build/icyphy/ptII/ptolemy/actor/lib/test/auto/ElementsToArray.xml
----------------- Instantiating /home/travis/build/icyphy/ptII/ptolemy/actor/lib/test/auto/ElementsToArray.xml
3 ms. Memory: 484352K Free: 314949K (65%)
----------------- Invoking toplevel() on ptolemy.moml.MoMLSimpleApplication@67c6e939
----------------- Done invoking toplevel() on ptolemy.moml.MoMLSimpleApplication@67c6e939
reloadAllAccessors: .ElementsToArray

===========================================================================================
----------------- testing Sun Jul 21 05:13:20 UTC 2019 /home/travis/build/icyphy/ptII/ptolemy/actor/lib/test/auto/Equals.xml
----------------- Instantiating /home/travis/build/icyphy/ptII/ptolemy/actor/lib/test/auto/Equals.xml
3 ms. Memory: 484352K Free: 310339K (64%)
----------------- Invoking toplevel() on ptolemy.moml.MoMLSimpleApplication@b00e9a7
----------------- Done invoking toplevel() on ptolemy.moml.MoMLSimpleApplication@b00e9a7
reloadAllAccessors: .Equals

===========================================================================================
----------------- testing Sun Jul 21 05:13:20 UTC 2019 /home/travis/build/icyphy/ptII/ptolemy/actor/lib/test/auto/Exec.xml
----------------- Instantiating /home/travis/build/icyphy/ptII/ptolemy/actor/lib/test/auto/Exec.xml
21 ms. Memory: 484352K Free: 304709K (63%)
----------------- Invoking toplevel() on ptolemy.moml.MoMLSimpleApplication@1f0d05ef
----------------- Done invoking toplevel() on ptolemy.moml.MoMLSimpleApplication@1f0d05ef
reloadAllAccessors: .Exec

===========================================================================================
----------------- testing Sun Jul 21 05:13:20 UTC 2019 /home/travis/build/icyphy/ptII/ptolemy/actor/lib/test/auto/ExecEnvironment.xml
----------------- Instantiating /home/travis/build/icyphy/ptII/ptolemy/actor/lib/test/auto/ExecEnvironment.xml
29 ms. Memory: 484352K Free: 299589K (62%)
----------------- Invoking toplevel() on ptolemy.moml.MoMLSimpleApplication@5189e64c
----------------- Done invoking toplevel() on ptolemy.moml.MoMLSimpleApplication@5189e64c
reloadAllAccessors: .ExecEnvironment

===========================================================================================
----------------- testing Sun Jul 21 05:13:20 UTC 2019 /home/travis/build/icyphy/ptII/ptolemy/actor/lib/test/auto/ExecNonZeroReturnOutput.xml
----------------- Instantiating /home/travis/build/icyphy/ptII/ptolemy/actor/lib/test/auto/ExecNonZeroReturnOutput.xml
206 ms. Memory: 484352K Free: 288325K (60%)
----------------- Invoking toplevel() on ptolemy.moml.MoMLSimpleApplication@12a0af89
----------------- Done invoking toplevel() on ptolemy.moml.MoMLSimpleApplication@12a0af89
reloadAllAccessors: .ExecNonZeroReturnOutput

===========================================================================================
----------------- testing Sun Jul 21 05:13:20 UTC 2019 /home/travis/build/icyphy/ptII/ptolemy/actor/lib/test/auto/ExecRunDemos.xml
----------------- Instantiating /home/travis/build/icyphy/ptII/ptolemy/actor/lib/test/auto/ExecRunDemos.xml
Finished: 65 ms. Memory: 120832K Free: 104186K (86%)

Finished: 91 ms. Memory: 120832K Free: 110671K (92%)

Finished: 134 ms. Memory: 120832K Free: 110798K (92%)

Finished: 111 ms. Memory: 120832K Free: 103164K (85%)

Finished: 70 ms. Memory: 120832K Free: 104021K (86%)

10939 ms. Memory: 484352K Free: 266819K (55%)
----------------- Invoking toplevel() on ptolemy.moml.MoMLSimpleApplication@556d2d51
----------------- Done invoking toplevel() on ptolemy.moml.MoMLSimpleApplication@556d2d51
reloadAllAccessors: .ExecRunDemos

===========================================================================================
----------------- testing Sun Jul 21 05:13:31 UTC 2019 /home/travis/build/icyphy/ptII/ptolemy/actor/lib/test/auto/ExecStop.xml
----------------- Instantiating /home/travis/build/icyphy/ptII/ptolemy/actor/lib/test/auto/ExecStop.xml
5020 ms. Memory: 484352K Free: 433174K (89%)
----------------- Invoking toplevel() on ptolemy.moml.MoMLSimpleApplication@6108079c
----------------- Done invoking toplevel() on ptolemy.moml.MoMLSimpleApplication@6108079c
reloadAllAccessors: .ExecStop

===========================================================================================
----------------- testing Sun Jul 21 05:13:36 UTC 2019 /home/travis/build/icyphy/ptII/ptolemy/actor/lib/test/auto/ExecutionTimeSDF.xml
----------------- Instantiating /home/travis/build/icyphy/ptII/ptolemy/actor/lib/test/auto/ExecutionTimeSDF.xml
Fired ExecutionTime: -1860167296
Fired ExecutionTime: 1074400000
Fired ExecutionTime: -1063367296
6004 ms. Memory: 484352K Free: 420872K (87%)
----------------- Invoking toplevel() on ptolemy.moml.MoMLSimpleApplication@592764ea
----------------- Done invoking toplevel() on ptolemy.moml.MoMLSimpleApplication@592764ea
reloadAllAccessors: .ExecutionTimeSDF

===========================================================================================
----------------- testing Sun Jul 21 05:13:42 UTC 2019 /home/travis/build/icyphy/ptII/ptolemy/actor/lib/test/auto/Expression1.xml
----------------- Instantiating /home/travis/build/icyphy/ptII/ptolemy/actor/lib/test/auto/Expression1.xml
2 ms. Memory: 484352K Free: 417814K (86%)
----------------- Invoking toplevel() on ptolemy.moml.MoMLSimpleApplication@2373cd93
----------------- Done invoking toplevel() on ptolemy.moml.MoMLSimpleApplication@2373cd93
reloadAllAccessors: .Expression1

===========================================================================================
----------------- testing Sun Jul 21 05:13:42 UTC 2019 /home/travis/build/icyphy/ptII/ptolemy/actor/lib/test/auto/Expression10.xml
----------------- Instantiating /home/travis/build/icyphy/ptII/ptolemy/actor/lib/test/auto/Expression10.xml
8 ms. Memory: 484352K Free: 412184K (85%)
----------------- Invoking toplevel() on ptolemy.moml.MoMLSimpleApplication@75e35f74
----------------- Done invoking toplevel() on ptolemy.moml.MoMLSimpleApplication@75e35f74
reloadAllAccessors: .Expression10

===========================================================================================
----------------- testing Sun Jul 21 05:13:42 UTC 2019 /home/travis/build/icyphy/ptII/ptolemy/actor/lib/test/auto/Expression11.xml
----------------- Instantiating /home/travis/build/icyphy/ptII/ptolemy/actor/lib/test/auto/Expression11.xml
2 ms. Memory: 484352K Free: 408088K (84%)
----------------- Invoking toplevel() on ptolemy.moml.MoMLSimpleApplication@738b238e
----------------- Done invoking toplevel() on ptolemy.moml.MoMLSimpleApplication@738b238e
reloadAllAccessors: .Expression11

===========================================================================================
----------------- testing Sun Jul 21 05:13:42 UTC 2019 /home/travis/build/icyphy/ptII/ptolemy/actor/lib/test/auto/Expression12.xml
----------------- Instantiating /home/travis/build/icyphy/ptII/ptolemy/actor/lib/test/auto/Expression12.xml
3 ms. Memory: 484352K Free: 402454K (83%)
----------------- Invoking toplevel() on ptolemy.moml.MoMLSimpleApplication@6d6cd1fc
----------------- Done invoking toplevel() on ptolemy.moml.MoMLSimpleApplication@6d6cd1fc
reloadAllAccessors: .Expression12

===========================================================================================
----------------- testing Sun Jul 21 05:13:42 UTC 2019 /home/travis/build/icyphy/ptII/ptolemy/actor/lib/test/auto/Expression13.xml
----------------- Instantiating /home/travis/build/icyphy/ptII/ptolemy/actor/lib/test/auto/Expression13.xml
3 ms. Memory: 484352K Free: 397334K (82%)
----------------- Invoking toplevel() on ptolemy.moml.MoMLSimpleApplication@1e792b04
----------------- Done invoking toplevel() on ptolemy.moml.MoMLSimpleApplication@1e792b04
reloadAllAccessors: .Expression13

===========================================================================================
----------------- testing Sun Jul 21 05:13:42 UTC 2019 /home/travis/build/icyphy/ptII/ptolemy/actor/lib/test/auto/Expression14.xml
----------------- Instantiating /home/travis/build/icyphy/ptII/ptolemy/actor/lib/test/auto/Expression14.xml
8 ms. Memory: 484352K Free: 391704K (81%)
----------------- Invoking toplevel() on ptolemy.moml.MoMLSimpleApplication@25296ec0
----------------- Done invoking toplevel() on ptolemy.moml.MoMLSimpleApplication@25296ec0
reloadAllAccessors: .Expression14

===========================================================================================
----------------- testing Sun Jul 21 05:13:42 UTC 2019 /home/travis/build/icyphy/ptII/ptolemy/actor/lib/test/auto/Expression15.xml
----------------- Instantiating /home/travis/build/icyphy/ptII/ptolemy/actor/lib/test/auto/Expression15.xml
2 ms. Memory: 484352K Free: 387608K (80%)
----------------- Invoking toplevel() on ptolemy.moml.MoMLSimpleApplication@14e71a75
----------------- Done invoking toplevel() on ptolemy.moml.MoMLSimpleApplication@14e71a75
reloadAllAccessors: .Expression15

===========================================================================================
----------------- testing Sun Jul 21 05:13:42 UTC 2019 /home/travis/build/icyphy/ptII/ptolemy/actor/lib/test/auto/Expression16.xml
----------------- Instantiating /home/travis/build/icyphy/ptII/ptolemy/actor/lib/test/auto/Expression16.xml
4 ms. Memory: 484352K Free: 382998K (79%)
----------------- Invoking toplevel() on ptolemy.moml.MoMLSimpleApplication@1591d466
----------------- Done invoking toplevel() on ptolemy.moml.MoMLSimpleApplication@1591d466
reloadAllAccessors: .Expression16

===========================================================================================
----------------- testing Sun Jul 21 05:13:42 UTC 2019 /home/travis/build/icyphy/ptII/ptolemy/actor/lib/test/auto/Expression17.xml
----------------- Instantiating /home/travis/build/icyphy/ptII/ptolemy/actor/lib/test/auto/Expression17.xml
4 ms. Memory: 484352K Free: 377878K (78%)
----------------- Invoking toplevel() on ptolemy.moml.MoMLSimpleApplication@605f07e2
----------------- Done invoking toplevel() on ptolemy.moml.MoMLSimpleApplication@605f07e2
reloadAllAccessors: .Expression17

===========================================================================================
----------------- testing Sun Jul 21 05:13:42 UTC 2019 /home/travis/build/icyphy/ptII/ptolemy/actor/lib/test/auto/Expression18.xml
----------------- Instantiating /home/travis/build/icyphy/ptII/ptolemy/actor/lib/test/auto/Expression18.xml
4 ms. Memory: 484352K Free: 373752K (77%)
----------------- Invoking toplevel() on ptolemy.moml.MoMLSimpleApplication@241d67a5
----------------- Done invoking toplevel() on ptolemy.moml.MoMLSimpleApplication@241d67a5
reloadAllAccessors: .Expression18

===========================================================================================
----------------- testing Sun Jul 21 05:13:42 UTC 2019 /home/travis/build/icyphy/ptII/ptolemy/actor/lib/test/auto/Expression2.xml
----------------- Instantiating /home/travis/build/icyphy/ptII/ptolemy/actor/lib/test/auto/Expression2.xml
2 ms. Memory: 484352K Free: 368152K (76%)
----------------- Invoking toplevel() on ptolemy.moml.MoMLSimpleApplication@5bf7968
----------------- Done invoking toplevel() on ptolemy.moml.MoMLSimpleApplication@5bf7968
reloadAllAccessors: .Expression2

===========================================================================================
----------------- testing Sun Jul 21 05:13:42 UTC 2019 /home/travis/build/icyphy/ptII/ptolemy/actor/lib/test/auto/Expression3.xml
----------------- Instantiating /home/travis/build/icyphy/ptII/ptolemy/actor/lib/test/auto/Expression3.xml
6 ms. Memory: 484352K Free: 363032K (75%)
----------------- Invoking toplevel() on ptolemy.moml.MoMLSimpleApplication@7f2c2ba4
----------------- Done invoking toplevel() on ptolemy.moml.MoMLSimpleApplication@7f2c2ba4
reloadAllAccessors: .Expression3

===========================================================================================
----------------- testing Sun Jul 21 05:13:42 UTC 2019 /home/travis/build/icyphy/ptII/ptolemy/actor/lib/test/auto/Expression4.xml
----------------- Instantiating /home/travis/build/icyphy/ptII/ptolemy/actor/lib/test/auto/Expression4.xml
3 ms. Memory: 484352K Free: 355864K (73%)
----------------- Invoking toplevel() on ptolemy.moml.MoMLSimpleApplication@624ddb69
----------------- Done invoking toplevel() on ptolemy.moml.MoMLSimpleApplication@624ddb69
reloadAllAccessors: .Expression4

===========================================================================================
----------------- testing Sun Jul 21 05:13:42 UTC 2019 /home/travis/build/icyphy/ptII/ptolemy/actor/lib/test/auto/Expression5.xml
----------------- Instantiating /home/travis/build/icyphy/ptII/ptolemy/actor/lib/test/auto/Expression5.xml
5 ms. Memory: 484352K Free: 350744K (72%)
----------------- Invoking toplevel() on ptolemy.moml.MoMLSimpleApplication@411c98f4
----------------- Done invoking toplevel() on ptolemy.moml.MoMLSimpleApplication@411c98f4
reloadAllAccessors: .Expression5

===========================================================================================
----------------- testing Sun Jul 21 05:13:42 UTC 2019 /home/travis/build/icyphy/ptII/ptolemy/actor/lib/test/auto/Expression6.xml
----------------- Instantiating /home/travis/build/icyphy/ptII/ptolemy/actor/lib/test/auto/Expression6.xml
2 ms. Memory: 484352K Free: 346648K (72%)
----------------- Invoking toplevel() on ptolemy.moml.MoMLSimpleApplication@6f24e0fc
----------------- Done invoking toplevel() on ptolemy.moml.MoMLSimpleApplication@6f24e0fc
reloadAllAccessors: .Expression6

===========================================================================================
----------------- testing Sun Jul 21 05:13:42 UTC 2019 /home/travis/build/icyphy/ptII/ptolemy/actor/lib/test/auto/Expression7.xml
----------------- Instantiating /home/travis/build/icyphy/ptII/ptolemy/actor/lib/test/auto/Expression7.xml
2 ms. Memory: 484352K Free: 341528K (71%)
----------------- Invoking toplevel() on ptolemy.moml.MoMLSimpleApplication@65ee998e
----------------- Done invoking toplevel() on ptolemy.moml.MoMLSimpleApplication@65ee998e
reloadAllAccessors: .Expression7

===========================================================================================
----------------- testing Sun Jul 21 05:13:42 UTC 2019 /home/travis/build/icyphy/ptII/ptolemy/actor/lib/test/auto/Expression8.xml
----------------- Instantiating /home/travis/build/icyphy/ptII/ptolemy/actor/lib/test/auto/Expression8.xml
9 ms. Memory: 484352K Free: 336408K (69%)
----------------- Invoking toplevel() on ptolemy.moml.MoMLSimpleApplication@73bfe34c
----------------- Done invoking toplevel() on ptolemy.moml.MoMLSimpleApplication@73bfe34c
reloadAllAccessors: .Expression8

===========================================================================================
----------------- testing Sun Jul 21 05:13:42 UTC 2019 /home/travis/build/icyphy/ptII/ptolemy/actor/lib/test/auto/Expression9.xml
----------------- Instantiating /home/travis/build/icyphy/ptII/ptolemy/actor/lib/test/auto/Expression9.xml
1 ms. Memory: 484352K Free: 332822K (69%)
----------------- Invoking toplevel() on ptolemy.moml.MoMLSimpleApplication@21399fb0
----------------- Done invoking toplevel() on ptolemy.moml.MoMLSimpleApplication@21399fb0
reloadAllAccessors: .Expression9

===========================================================================================
----------------- testing Sun Jul 21 05:13:43 UTC 2019 /home/travis/build/icyphy/ptII/ptolemy/actor/lib/test/auto/ExpressionConcatenateArrayType.xml
----------------- Instantiating /home/travis/build/icyphy/ptII/ptolemy/actor/lib/test/auto/ExpressionConcatenateArrayType.xml
3 ms. Memory: 484352K Free: 326168K (67%)
----------------- Invoking toplevel() on ptolemy.moml.MoMLSimpleApplication@2792395c
----------------- Done invoking toplevel() on ptolemy.moml.MoMLSimpleApplication@2792395c
reloadAllAccessors: .ExpressionConcatenateArrayType

===========================================================================================
----------------- testing Sun Jul 21 05:13:43 UTC 2019 /home/travis/build/icyphy/ptII/ptolemy/actor/lib/test/auto/ExpressionConcatenateArrayType2.xml
----------------- Instantiating /home/travis/build/icyphy/ptII/ptolemy/actor/lib/test/auto/ExpressionConcatenateArrayType2.xml
3 ms. Memory: 484352K Free: 320534K (66%)
----------------- Invoking toplevel() on ptolemy.moml.MoMLSimpleApplication@19bbfb6b
----------------- Done invoking toplevel() on ptolemy.moml.MoMLSimpleApplication@19bbfb6b
reloadAllAccessors: .ExpressionConcatenateArrayType2

===========================================================================================
----------------- testing Sun Jul 21 05:13:43 UTC 2019 /home/travis/build/icyphy/ptII/ptolemy/actor/lib/test/auto/ExpressionFix.xml
----------------- Instantiating /home/travis/build/icyphy/ptII/ptolemy/actor/lib/test/auto/ExpressionFix.xml
22 ms. Memory: 484352K Free: 314390K (65%)
----------------- Invoking toplevel() on ptolemy.moml.MoMLSimpleApplication@1f7fd13c
----------------- Done invoking toplevel() on ptolemy.moml.MoMLSimpleApplication@1f7fd13c
reloadAllAccessors: .ExpressionFix

===========================================================================================
----------------- testing Sun Jul 21 05:13:43 UTC 2019 /home/travis/build/icyphy/ptII/ptolemy/actor/lib/test/auto/ExpressionFix2.xml
----------------- Instantiating /home/travis/build/icyphy/ptII/ptolemy/actor/lib/test/auto/ExpressionFix2.xml
4 ms. Memory: 484352K Free: 310294K (64%)
----------------- Invoking toplevel() on ptolemy.moml.MoMLSimpleApplication@5c90794
----------------- Done invoking toplevel() on ptolemy.moml.MoMLSimpleApplication@5c90794
reloadAllAccessors: .ExpressionFix2

===========================================================================================
----------------- testing Sun Jul 21 05:13:43 UTC 2019 /home/travis/build/icyphy/ptII/ptolemy/actor/lib/test/auto/ExpressionFix3.xml
----------------- Instantiating /home/travis/build/icyphy/ptII/ptolemy/actor/lib/test/auto/ExpressionFix3.xml
5 ms. Memory: 484352K Free: 306198K (63%)
----------------- Invoking toplevel() on ptolemy.moml.MoMLSimpleApplication@192736b8
----------------- Done invoking toplevel() on ptolemy.moml.MoMLSimpleApplication@192736b8
reloadAllAccessors: .ExpressionFix3

===========================================================================================
----------------- testing Sun Jul 21 05:13:43 UTC 2019 /home/travis/build/icyphy/ptII/ptolemy/actor/lib/test/auto/FileWriter1.xml
----------------- Instantiating /home/travis/build/icyphy/ptII/ptolemy/actor/lib/test/auto/FileWriter1.xml
2 ms. Memory: 484352K Free: 302102K (62%)
----------------- Invoking toplevel() on ptolemy.moml.MoMLSimpleApplication@774759c3
----------------- Done invoking toplevel() on ptolemy.moml.MoMLSimpleApplication@774759c3
reloadAllAccessors: .FileWriter1

===========================================================================================
----------------- testing Sun Jul 21 05:13:43 UTC 2019 /home/travis/build/icyphy/ptII/ptolemy/actor/lib/test/auto/FileWriter2.xml
----------------- Instantiating /home/travis/build/icyphy/ptII/ptolemy/actor/lib/test/auto/FileWriter2.xml
3 ms. Memory: 484352K Free: 297496K (61%)
----------------- Invoking toplevel() on ptolemy.moml.MoMLSimpleApplication@7fe7dcfd
----------------- Done invoking toplevel() on ptolemy.moml.MoMLSimpleApplication@7fe7dcfd
reloadAllAccessors: .FileWriter2

===========================================================================================
----------------- testing Sun Jul 21 05:13:43 UTC 2019 /home/travis/build/icyphy/ptII/ptolemy/actor/lib/test/auto/FileWriter3.xml
----------------- Instantiating /home/travis/build/icyphy/ptII/ptolemy/actor/lib/test/auto/FileWriter3.xml
5 ms. Memory: 484352K Free: 293910K (61%)
----------------- Invoking toplevel() on ptolemy.moml.MoMLSimpleApplication@128b2764
----------------- Done invoking toplevel() on ptolemy.moml.MoMLSimpleApplication@128b2764
reloadAllAccessors: .FileWriter3

===========================================================================================
----------------- testing Sun Jul 21 05:13:43 UTC 2019 /home/travis/build/icyphy/ptII/ptolemy/actor/lib/test/auto/Gaussian.xml
----------------- Instantiating /home/travis/build/icyphy/ptII/ptolemy/actor/lib/test/auto/Gaussian.xml
3 ms. Memory: 484352K Free: 289304K (60%)
----------------- Invoking toplevel() on ptolemy.moml.MoMLSimpleApplication@45008a49
----------------- Done invoking toplevel() on ptolemy.moml.MoMLSimpleApplication@45008a49
reloadAllAccessors: .Gaussian

===========================================================================================
----------------- testing Sun Jul 21 05:13:43 UTC 2019 /home/travis/build/icyphy/ptII/ptolemy/actor/lib/test/auto/Gaussian1.xml
----------------- Instantiating /home/travis/build/icyphy/ptII/ptolemy/actor/lib/test/auto/Gaussian1.xml
2 ms. Memory: 484352K Free: 283640K (59%)
----------------- Invoking toplevel() on ptolemy.moml.MoMLSimpleApplication@77258a5f
----------------- Done invoking toplevel() on ptolemy.moml.MoMLSimpleApplication@77258a5f
reloadAllAccessors: .Gaussian1

===========================================================================================
----------------- testing Sun Jul 21 05:13:43 UTC 2019 /home/travis/build/icyphy/ptII/ptolemy/actor/lib/test/auto/Gaussian2.xml
----------------- Instantiating /home/travis/build/icyphy/ptII/ptolemy/actor/lib/test/auto/Gaussian2.xml
11 ms. Memory: 484352K Free: 278544K (58%)
----------------- Invoking toplevel() on ptolemy.moml.MoMLSimpleApplication@2d1cafea
----------------- Done invoking toplevel() on ptolemy.moml.MoMLSimpleApplication@2d1cafea
reloadAllAccessors: .Gaussian2

===========================================================================================
----------------- testing Sun Jul 21 05:13:43 UTC 2019 /home/travis/build/icyphy/ptII/ptolemy/actor/lib/test/auto/GradientAdaptiveLattice.xml
----------------- Instantiating /home/travis/build/icyphy/ptII/ptolemy/actor/lib/test/auto/GradientAdaptiveLattice.xml
3 ms. Memory: 484352K Free: 273430K (56%)
----------------- Invoking toplevel() on ptolemy.moml.MoMLSimpleApplication@7a76826b
----------------- Done invoking toplevel() on ptolemy.moml.MoMLSimpleApplication@7a76826b
reloadAllAccessors: .GradientAdaptiveLattice

===========================================================================================
----------------- testing Sun Jul 21 05:13:43 UTC 2019 /home/travis/build/icyphy/ptII/ptolemy/actor/lib/test/auto/IIR.xml
----------------- Instantiating /home/travis/build/icyphy/ptII/ptolemy/actor/lib/test/auto/IIR.xml
1 ms. Memory: 484352K Free: 268824K (56%)
----------------- Invoking toplevel() on ptolemy.moml.MoMLSimpleApplication@ceab414
----------------- Done invoking toplevel() on ptolemy.moml.MoMLSimpleApplication@ceab414
reloadAllAccessors: .IIR

===========================================================================================
----------------- testing Sun Jul 21 05:13:43 UTC 2019 /home/travis/build/icyphy/ptII/ptolemy/actor/lib/test/auto/InputOutputTransparentPorts.xml
----------------- Instantiating /home/travis/build/icyphy/ptII/ptolemy/actor/lib/test/auto/InputOutputTransparentPorts.xml
2 ms. Memory: 484352K Free: 262166K (54%)
----------------- Invoking toplevel() on ptolemy.moml.MoMLSimpleApplication@7b801b87
----------------- Done invoking toplevel() on ptolemy.moml.MoMLSimpleApplication@7b801b87
reloadAllAccessors: .InputOutputTransparentPorts

===========================================================================================
----------------- testing Sun Jul 21 05:13:43 UTC 2019 /home/travis/build/icyphy/ptII/ptolemy/actor/lib/test/auto/Interpolator.xml
----------------- Instantiating /home/travis/build/icyphy/ptII/ptolemy/actor/lib/test/auto/Interpolator.xml
4 ms. Memory: 484352K Free: 258070K (53%)
----------------- Invoking toplevel() on ptolemy.moml.MoMLSimpleApplication@7fd0349b
----------------- Done invoking toplevel() on ptolemy.moml.MoMLSimpleApplication@7fd0349b
reloadAllAccessors: .Interpolator

===========================================================================================
----------------- testing Sun Jul 21 05:13:43 UTC 2019 /home/travis/build/icyphy/ptII/ptolemy/actor/lib/test/auto/InterpolatorFiringLimitDE.xml
----------------- Instantiating /home/travis/build/icyphy/ptII/ptolemy/actor/lib/test/auto/InterpolatorFiringLimitDE.xml
2 ms. Memory: 484352K Free: 251926K (52%)
----------------- Invoking toplevel() on ptolemy.moml.MoMLSimpleApplication@625d4b96
----------------- Done invoking toplevel() on ptolemy.moml.MoMLSimpleApplication@625d4b96
reloadAllAccessors: .InterpolatorFiringLimitDE

===========================================================================================
----------------- testing Sun Jul 21 05:13:43 UTC 2019 /home/travis/build/icyphy/ptII/ptolemy/actor/lib/test/auto/Lattice.xml
----------------- Instantiating /home/travis/build/icyphy/ptII/ptolemy/actor/lib/test/auto/Lattice.xml
1 ms. Memory: 484352K Free: 248344K (51%)
----------------- Invoking toplevel() on ptolemy.moml.MoMLSimpleApplication@5b80ea4f
----------------- Done invoking toplevel() on ptolemy.moml.MoMLSimpleApplication@5b80ea4f
reloadAllAccessors: .Lattice

===========================================================================================
----------------- testing Sun Jul 21 05:13:43 UTC 2019 /home/travis/build/icyphy/ptII/ptolemy/actor/lib/test/auto/LazyAOCTestLazy.xml
----------------- Instantiating /home/travis/build/icyphy/ptII/ptolemy/actor/lib/test/auto/LazyAOCTestLazy.xml
11 ms. Memory: 484352K Free: 242200K (50%)
----------------- Invoking toplevel() on ptolemy.moml.MoMLSimpleApplication@5190169d
----------------- Done invoking toplevel() on ptolemy.moml.MoMLSimpleApplication@5190169d
reloadAllAccessors: .LazyAOCTestLazy

===========================================================================================
----------------- testing Sun Jul 21 05:13:43 UTC 2019 /home/travis/build/icyphy/ptII/ptolemy/actor/lib/test/auto/LazyAOCTestNonLazy.xml
----------------- Instantiating /home/travis/build/icyphy/ptII/ptolemy/actor/lib/test/auto/LazyAOCTestNonLazy.xml
2 ms. Memory: 484352K Free: 235542K (49%)
----------------- Invoking toplevel() on ptolemy.moml.MoMLSimpleApplication@14ac43c9
----------------- Done invoking toplevel() on ptolemy.moml.MoMLSimpleApplication@14ac43c9
reloadAllAccessors: .LazyAOCTestNonLazy

===========================================================================================
----------------- testing Sun Jul 21 05:13:43 UTC 2019 /home/travis/build/icyphy/ptII/ptolemy/actor/lib/test/auto/LazyInnerClass.xml
----------------- Instantiating /home/travis/build/icyphy/ptII/ptolemy/actor/lib/test/auto/LazyInnerClass.xml
19 ms. Memory: 484352K Free: 227336K (47%)
----------------- Invoking toplevel() on ptolemy.moml.MoMLSimpleApplication@2d776805
----------------- Done invoking toplevel() on ptolemy.moml.MoMLSimpleApplication@2d776805
reloadAllAccessors: .LazyInnerClass

===========================================================================================
----------------- testing Sun Jul 21 05:13:43 UTC 2019 /home/travis/build/icyphy/ptII/ptolemy/actor/lib/test/auto/LazyPubSub.xml
----------------- Instantiating /home/travis/build/icyphy/ptII/ptolemy/actor/lib/test/auto/LazyPubSub.xml
14 ms. Memory: 484352K Free: 217110K (45%)
----------------- Invoking toplevel() on ptolemy.moml.MoMLSimpleApplication@3e178392
----------------- Done invoking toplevel() on ptolemy.moml.MoMLSimpleApplication@3e178392
reloadAllAccessors: .LazyPubSub

===========================================================================================
----------------- testing Sun Jul 21 05:13:43 UTC 2019 /home/travis/build/icyphy/ptII/ptolemy/actor/lib/test/auto/LazyPubSub2.xml
----------------- Instantiating /home/travis/build/icyphy/ptII/ptolemy/actor/lib/test/auto/LazyPubSub2.xml
15 ms. Memory: 484352K Free: 207384K (43%)
----------------- Invoking toplevel() on ptolemy.moml.MoMLSimpleApplication@395163b1
----------------- Done invoking toplevel() on ptolemy.moml.MoMLSimpleApplication@395163b1
reloadAllAccessors: .LazyPubSub2

===========================================================================================
----------------- testing Sun Jul 21 05:13:43 UTC 2019 /home/travis/build/icyphy/ptII/ptolemy/actor/lib/test/auto/LazyPubSub3.xml
----------------- Instantiating /home/travis/build/icyphy/ptII/ptolemy/actor/lib/test/auto/LazyPubSub3.xml
10 ms. Memory: 484352K Free: 197654K (41%)
----------------- Invoking toplevel() on ptolemy.moml.MoMLSimpleApplication@3fcc304f
----------------- Done invoking toplevel() on ptolemy.moml.MoMLSimpleApplication@3fcc304f
reloadAllAccessors: .LazyPubSub3

===========================================================================================
----------------- testing Sun Jul 21 05:13:43 UTC 2019 /home/travis/build/icyphy/ptII/ptolemy/actor/lib/test/auto/LazySubClassModel.xml
----------------- Instantiating /home/travis/build/icyphy/ptII/ptolemy/actor/lib/test/auto/LazySubClassModel.xml
2 ms. Memory: 484352K Free: 188438K (39%)
----------------- Invoking toplevel() on ptolemy.moml.MoMLSimpleApplication@42693285
----------------- Done invoking toplevel() on ptolemy.moml.MoMLSimpleApplication@42693285
reloadAllAccessors: .LazySubClassModel

===========================================================================================
----------------- testing Sun Jul 21 05:13:43 UTC 2019 /home/travis/build/icyphy/ptII/ptolemy/actor/lib/test/auto/LevelCrossTest1.xml
----------------- Instantiating /home/travis/build/icyphy/ptII/ptolemy/actor/lib/test/auto/LevelCrossTest1.xml
1 ms. Memory: 484352K Free: 182808K (38%)
----------------- Invoking toplevel() on ptolemy.moml.MoMLSimpleApplication@214195c0
----------------- Done invoking toplevel() on ptolemy.moml.MoMLSimpleApplication@214195c0
reloadAllAccessors: .broken

===========================================================================================
----------------- testing Sun Jul 21 05:13:43 UTC 2019 /home/travis/build/icyphy/ptII/ptolemy/actor/lib/test/auto/LevelCrossTest10.xml
----------------- Instantiating /home/travis/build/icyphy/ptII/ptolemy/actor/lib/test/auto/LevelCrossTest10.xml
1 ms. Memory: 484352K Free: 175126K (36%)
----------------- Invoking toplevel() on ptolemy.moml.MoMLSimpleApplication@7b3a929a
----------------- Done invoking toplevel() on ptolemy.moml.MoMLSimpleApplication@7b3a929a
reloadAllAccessors: .LevelCrossTest10

===========================================================================================
----------------- testing Sun Jul 21 05:13:43 UTC 2019 /home/travis/build/icyphy/ptII/ptolemy/actor/lib/test/auto/LevelCrossTest11.xml
----------------- Instantiating /home/travis/build/icyphy/ptII/ptolemy/actor/lib/test/auto/LevelCrossTest11.xml
1 ms. Memory: 484352K Free: 167958K (35%)
----------------- Invoking toplevel() on ptolemy.moml.MoMLSimpleApplication@3fc3522e
----------------- Done invoking toplevel() on ptolemy.moml.MoMLSimpleApplication@3fc3522e
reloadAllAccessors: .LevelCrossTest11

===========================================================================================
----------------- testing Sun Jul 21 05:13:43 UTC 2019 /home/travis/build/icyphy/ptII/ptolemy/actor/lib/test/auto/LevelCrossTest12.xml
----------------- Instantiating /home/travis/build/icyphy/ptII/ptolemy/actor/lib/test/auto/LevelCrossTest12.xml
1 ms. Memory: 484352K Free: 161304K (33%)
----------------- Invoking toplevel() on ptolemy.moml.MoMLSimpleApplication@4f14abf7
----------------- Done invoking toplevel() on ptolemy.moml.MoMLSimpleApplication@4f14abf7
reloadAllAccessors: .LevelCrossTest12

===========================================================================================
----------------- testing Sun Jul 21 05:13:43 UTC 2019 /home/travis/build/icyphy/ptII/ptolemy/actor/lib/test/auto/LevelCrossTest13.xml
----------------- Instantiating /home/travis/build/icyphy/ptII/ptolemy/actor/lib/test/auto/LevelCrossTest13.xml
1 ms. Memory: 484352K Free: 153112K (32%)
----------------- Invoking toplevel() on ptolemy.moml.MoMLSimpleApplication@10257efc
----------------- Done invoking toplevel() on ptolemy.moml.MoMLSimpleApplication@10257efc
reloadAllAccessors: .LevelCrossTest13

===========================================================================================
----------------- testing Sun Jul 21 05:13:43 UTC 2019 /home/travis/build/icyphy/ptII/ptolemy/actor/lib/test/auto/LevelCrossTest2.xml
----------------- Instantiating /home/travis/build/icyphy/ptII/ptolemy/actor/lib/test/auto/LevelCrossTest2.xml
1 ms. Memory: 484352K Free: 433356K (89%)
----------------- Invoking toplevel() on ptolemy.moml.MoMLSimpleApplication@1322520
----------------- Done invoking toplevel() on ptolemy.moml.MoMLSimpleApplication@1322520
reloadAllAccessors: .broken

===========================================================================================
----------------- testing Sun Jul 21 05:13:43 UTC 2019 /home/travis/build/icyphy/ptII/ptolemy/actor/lib/test/auto/LevelCrossTest3.xml
----------------- Instantiating /home/travis/build/icyphy/ptII/ptolemy/actor/lib/test/auto/LevelCrossTest3.xml
3 ms. Memory: 484352K Free: 426454K (88%)
----------------- Invoking toplevel() on ptolemy.moml.MoMLSimpleApplication@2051e301
----------------- Done invoking toplevel() on ptolemy.moml.MoMLSimpleApplication@2051e301
reloadAllAccessors: .LevelCrossTest3

===========================================================================================
----------------- testing Sun Jul 21 05:13:43 UTC 2019 /home/travis/build/icyphy/ptII/ptolemy/actor/lib/test/auto/LevelCrossTest4.xml
----------------- Instantiating /home/travis/build/icyphy/ptII/ptolemy/actor/lib/test/auto/LevelCrossTest4.xml
1 ms. Memory: 484352K Free: 421334K (87%)
----------------- Invoking toplevel() on ptolemy.moml.MoMLSimpleApplication@26195cfe
----------------- Done invoking toplevel() on ptolemy.moml.MoMLSimpleApplication@26195cfe
reloadAllAccessors: .broken

===========================================================================================
----------------- testing Sun Jul 21 05:13:43 UTC 2019 /home/travis/build/icyphy/ptII/ptolemy/actor/lib/test/auto/LevelCrossTest5.xml
----------------- Instantiating /home/travis/build/icyphy/ptII/ptolemy/actor/lib/test/auto/LevelCrossTest5.xml
4 ms. Memory: 484352K Free: 414166K (86%)
----------------- Invoking toplevel() on ptolemy.moml.MoMLSimpleApplication@330740bf
----------------- Done invoking toplevel() on ptolemy.moml.MoMLSimpleApplication@330740bf
reloadAllAccessors: .LevelCrossTest5

===========================================================================================
----------------- testing Sun Jul 21 05:13:43 UTC 2019 /home/travis/build/icyphy/ptII/ptolemy/actor/lib/test/auto/LevelCrossTest6.xml
----------------- Instantiating /home/travis/build/icyphy/ptII/ptolemy/actor/lib/test/auto/LevelCrossTest6.xml
2 ms. Memory: 484352K Free: 406998K (84%)
----------------- Invoking toplevel() on ptolemy.moml.MoMLSimpleApplication@6a0d4e22
----------------- Done invoking toplevel() on ptolemy.moml.MoMLSimpleApplication@6a0d4e22
reloadAllAccessors: .LevelCrossTest6

===========================================================================================
----------------- testing Sun Jul 21 05:13:43 UTC 2019 /home/travis/build/icyphy/ptII/ptolemy/actor/lib/test/auto/LevelCrossTest7.xml
----------------- Instantiating /home/travis/build/icyphy/ptII/ptolemy/actor/lib/test/auto/LevelCrossTest7.xml
1 ms. Memory: 484352K Free: 398806K (82%)
----------------- Invoking toplevel() on ptolemy.moml.MoMLSimpleApplication@2455dbf3
----------------- Done invoking toplevel() on ptolemy.moml.MoMLSimpleApplication@2455dbf3
reloadAllAccessors: .LevelCrossTest7

===========================================================================================
----------------- testing Sun Jul 21 05:13:43 UTC 2019 /home/travis/build/icyphy/ptII/ptolemy/actor/lib/test/auto/LevelCrossTest8.xml
----------------- Instantiating /home/travis/build/icyphy/ptII/ptolemy/actor/lib/test/auto/LevelCrossTest8.xml
2 ms. Memory: 484352K Free: 391638K (81%)
----------------- Invoking toplevel() on ptolemy.moml.MoMLSimpleApplication@412da4e
----------------- Done invoking toplevel() on ptolemy.moml.MoMLSimpleApplication@412da4e
reloadAllAccessors: .LevelCrossTest8

===========================================================================================
----------------- testing Sun Jul 21 05:13:43 UTC 2019 /home/travis/build/icyphy/ptII/ptolemy/actor/lib/test/auto/LevelCrossTest9.xml
----------------- Instantiating /home/travis/build/icyphy/ptII/ptolemy/actor/lib/test/auto/LevelCrossTest9.xml
2 ms. Memory: 484352K Free: 384470K (79%)
----------------- Invoking toplevel() on ptolemy.moml.MoMLSimpleApplication@413c0c15
----------------- Done invoking toplevel() on ptolemy.moml.MoMLSimpleApplication@413c0c15
reloadAllAccessors: .LevelCrossTest9

===========================================================================================
----------------- testing Sun Jul 21 05:13:43 UTC 2019 /home/travis/build/icyphy/ptII/ptolemy/actor/lib/test/auto/LevinsonDurbin.xml
----------------- Instantiating /home/travis/build/icyphy/ptII/ptolemy/actor/lib/test/auto/LevinsonDurbin.xml
2 ms. Memory: 484352K Free: 380374K (79%)
----------------- Invoking toplevel() on ptolemy.moml.MoMLSimpleApplication@7ac2491d
----------------- Done invoking toplevel() on ptolemy.moml.MoMLSimpleApplication@7ac2491d
reloadAllAccessors: .LevinsonDurbin

===========================================================================================
----------------- testing Sun Jul 21 05:13:43 UTC 2019 /home/travis/build/icyphy/ptII/ptolemy/actor/lib/test/auto/LevinsonDurbin2.xml
----------------- Instantiating /home/travis/build/icyphy/ptII/ptolemy/actor/lib/test/auto/LevinsonDurbin2.xml
1 ms. Memory: 484352K Free: 376792K (78%)
----------------- Invoking toplevel() on ptolemy.moml.MoMLSimpleApplication@237b4d5c
----------------- Done invoking toplevel() on ptolemy.moml.MoMLSimpleApplication@237b4d5c
reloadAllAccessors: .LevinsonDurbin2

===========================================================================================
----------------- testing Sun Jul 21 05:13:43 UTC 2019 /home/travis/build/icyphy/ptII/ptolemy/actor/lib/test/auto/LevinsonDurbin3.xml
----------------- Instantiating /home/travis/build/icyphy/ptII/ptolemy/actor/lib/test/auto/LevinsonDurbin3.xml
3 ms. Memory: 484352K Free: 372696K (77%)
----------------- Invoking toplevel() on ptolemy.moml.MoMLSimpleApplication@2ccf10d0
----------------- Done invoking toplevel() on ptolemy.moml.MoMLSimpleApplication@2ccf10d0
reloadAllAccessors: .LevinsonDurbin3

===========================================================================================
----------------- testing Sun Jul 21 05:13:43 UTC 2019 /home/travis/build/icyphy/ptII/ptolemy/actor/lib/test/auto/Limiter.xml
----------------- Instantiating /home/travis/build/icyphy/ptII/ptolemy/actor/lib/test/auto/Limiter.xml
10 ms. Memory: 484352K Free: 363480K (75%)
----------------- Invoking toplevel() on ptolemy.moml.MoMLSimpleApplication@511616e2
----------------- Done invoking toplevel() on ptolemy.moml.MoMLSimpleApplication@511616e2
reloadAllAccessors: .Limiter

===========================================================================================
----------------- testing Sun Jul 21 05:13:44 UTC 2019 /home/travis/build/icyphy/ptII/ptolemy/actor/lib/test/auto/LinearDifferenceEquationSystem.xml
----------------- Instantiating /home/travis/build/icyphy/ptII/ptolemy/actor/lib/test/auto/LinearDifferenceEquationSystem.xml
4 ms. Memory: 484352K Free: 356312K (74%)
----------------- Invoking toplevel() on ptolemy.moml.MoMLSimpleApplication@20acc5c7
----------------- Done invoking toplevel() on ptolemy.moml.MoMLSimpleApplication@20acc5c7
reloadAllAccessors: .LinearDifferenceEquationSystem

===========================================================================================
----------------- testing Sun Jul 21 05:13:44 UTC 2019 /home/travis/build/icyphy/ptII/ptolemy/actor/lib/test/auto/LookupTable.xml
----------------- Instantiating /home/travis/build/icyphy/ptII/ptolemy/actor/lib/test/auto/LookupTable.xml
2 ms. Memory: 484352K Free: 352216K (73%)
----------------- Invoking toplevel() on ptolemy.moml.MoMLSimpleApplication@5b2dfecf
----------------- Done invoking toplevel() on ptolemy.moml.MoMLSimpleApplication@5b2dfecf
reloadAllAccessors: .LookupTable

===========================================================================================
----------------- testing Sun Jul 21 05:13:44 UTC 2019 /home/travis/build/icyphy/ptII/ptolemy/actor/lib/test/auto/MathFunction.xml
----------------- Instantiating /home/travis/build/icyphy/ptII/ptolemy/actor/lib/test/auto/MathFunction.xml
10 ms. Memory: 484352K Free: 344024K (71%)
----------------- Invoking toplevel() on ptolemy.moml.MoMLSimpleApplication@29a5f268
----------------- Done invoking toplevel() on ptolemy.moml.MoMLSimpleApplication@29a5f268
reloadAllAccessors: .MathFunction

===========================================================================================
----------------- testing Sun Jul 21 05:13:44 UTC 2019 /home/travis/build/icyphy/ptII/ptolemy/actor/lib/test/auto/MathFunction2.xml
----------------- Instantiating /home/travis/build/icyphy/ptII/ptolemy/actor/lib/test/auto/MathFunction2.xml
1 ms. Memory: 484352K Free: 339928K (70%)
----------------- Invoking toplevel() on ptolemy.moml.MoMLSimpleApplication@615a75db
----------------- Done invoking toplevel() on ptolemy.moml.MoMLSimpleApplication@615a75db
reloadAllAccessors: .MathFunction2

===========================================================================================
----------------- testing Sun Jul 21 05:13:44 UTC 2019 /home/travis/build/icyphy/ptII/ptolemy/actor/lib/test/auto/MathFunction3.xml
----------------- Instantiating /home/travis/build/icyphy/ptII/ptolemy/actor/lib/test/auto/MathFunction3.xml
2 ms. Memory: 484352K Free: 332760K (69%)
----------------- Invoking toplevel() on ptolemy.moml.MoMLSimpleApplication@b2e6934
----------------- Done invoking toplevel() on ptolemy.moml.MoMLSimpleApplication@b2e6934
reloadAllAccessors: .MathFunction3

===========================================================================================
----------------- testing Sun Jul 21 05:13:44 UTC 2019 /home/travis/build/icyphy/ptII/ptolemy/actor/lib/test/auto/MatrixCropBoolean.xml
----------------- Instantiating /home/travis/build/icyphy/ptII/ptolemy/actor/lib/test/auto/MatrixCropBoolean.xml
5 ms. Memory: 484352K Free: 328136K (68%)
----------------- Invoking toplevel() on ptolemy.moml.MoMLSimpleApplication@4522a539
----------------- Done invoking toplevel() on ptolemy.moml.MoMLSimpleApplication@4522a539
reloadAllAccessors: .MatrixCropBoolean

===========================================================================================
----------------- testing Sun Jul 21 05:13:44 UTC 2019 /home/travis/build/icyphy/ptII/ptolemy/actor/lib/test/auto/MatrixCropComplex.xml
----------------- Instantiating /home/travis/build/icyphy/ptII/ptolemy/actor/lib/test/auto/MatrixCropComplex.xml
2 ms. Memory: 484352K Free: 323000K (67%)
----------------- Invoking toplevel() on ptolemy.moml.MoMLSimpleApplication@122c3615
----------------- Done invoking toplevel() on ptolemy.moml.MoMLSimpleApplication@122c3615
reloadAllAccessors: .MatrixCropComplex

===========================================================================================
----------------- testing Sun Jul 21 05:13:44 UTC 2019 /home/travis/build/icyphy/ptII/ptolemy/actor/lib/test/auto/MatrixCropDouble.xml
----------------- Instantiating /home/travis/build/icyphy/ptII/ptolemy/actor/lib/test/auto/MatrixCropDouble.xml
7 ms. Memory: 484352K Free: 317896K (66%)
----------------- Invoking toplevel() on ptolemy.moml.MoMLSimpleApplication@7a820f79
----------------- Done invoking toplevel() on ptolemy.moml.MoMLSimpleApplication@7a820f79
reloadAllAccessors: .MatrixCropDouble

===========================================================================================
----------------- testing Sun Jul 21 05:13:44 UTC 2019 /home/travis/build/icyphy/ptII/ptolemy/actor/lib/test/auto/MatrixCropFix.xml
----------------- Instantiating /home/travis/build/icyphy/ptII/ptolemy/actor/lib/test/auto/MatrixCropFix.xml
1 ms. Memory: 484352K Free: 312784K (65%)
----------------- Invoking toplevel() on ptolemy.moml.MoMLSimpleApplication@5cff2439
----------------- Done invoking toplevel() on ptolemy.moml.MoMLSimpleApplication@5cff2439
reloadAllAccessors: .MatrixCropFix

===========================================================================================
----------------- testing Sun Jul 21 05:13:44 UTC 2019 /home/travis/build/icyphy/ptII/ptolemy/actor/lib/test/auto/MatrixCropInt.xml
----------------- Instantiating /home/travis/build/icyphy/ptII/ptolemy/actor/lib/test/auto/MatrixCropInt.xml
2 ms. Memory: 484352K Free: 307656K (64%)
----------------- Invoking toplevel() on ptolemy.moml.MoMLSimpleApplication@7d40888
----------------- Done invoking toplevel() on ptolemy.moml.MoMLSimpleApplication@7d40888
reloadAllAccessors: .MatrixCropInt

===========================================================================================
----------------- testing Sun Jul 21 05:13:44 UTC 2019 /home/travis/build/icyphy/ptII/ptolemy/actor/lib/test/auto/MatrixCropLong.xml
----------------- Instantiating /home/travis/build/icyphy/ptII/ptolemy/actor/lib/test/auto/MatrixCropLong.xml
2 ms. Memory: 484352K Free: 303560K (63%)
----------------- Invoking toplevel() on ptolemy.moml.MoMLSimpleApplication@ed36f9
----------------- Done invoking toplevel() on ptolemy.moml.MoMLSimpleApplication@ed36f9
reloadAllAccessors: .MatrixCropLong

===========================================================================================
----------------- testing Sun Jul 21 05:13:44 UTC 2019 /home/travis/build/icyphy/ptII/ptolemy/actor/lib/test/auto/MatrixToArray.xml
----------------- Instantiating /home/travis/build/icyphy/ptII/ptolemy/actor/lib/test/auto/MatrixToArray.xml
7 ms. Memory: 484352K Free: 287704K (59%)
----------------- Invoking toplevel() on ptolemy.moml.MoMLSimpleApplication@8aad62f
----------------- Done invoking toplevel() on ptolemy.moml.MoMLSimpleApplication@8aad62f
reloadAllAccessors: .MatrixToArray

===========================================================================================
----------------- testing Sun Jul 21 05:13:44 UTC 2019 /home/travis/build/icyphy/ptII/ptolemy/actor/lib/test/auto/MaxIndex.xml
----------------- Instantiating /home/travis/build/icyphy/ptII/ptolemy/actor/lib/test/auto/MaxIndex.xml
3 ms. Memory: 484352K Free: 282584K (58%)
----------------- Invoking toplevel() on ptolemy.moml.MoMLSimpleApplication@640b346c
----------------- Done invoking toplevel() on ptolemy.moml.MoMLSimpleApplication@640b346c
reloadAllAccessors: .MaxIndex

===========================================================================================
----------------- testing Sun Jul 21 05:13:44 UTC 2019 /home/travis/build/icyphy/ptII/ptolemy/actor/lib/test/auto/Maximum.xml
----------------- Instantiating /home/travis/build/icyphy/ptII/ptolemy/actor/lib/test/auto/Maximum.xml
3 ms. Memory: 484352K Free: 275896K (57%)
----------------- Invoking toplevel() on ptolemy.moml.MoMLSimpleApplication@da3fee8
----------------- Done invoking toplevel() on ptolemy.moml.MoMLSimpleApplication@da3fee8
reloadAllAccessors: .Maximum

===========================================================================================
----------------- testing Sun Jul 21 05:13:44 UTC 2019 /home/travis/build/icyphy/ptII/ptolemy/actor/lib/test/auto/MaximumComplex.xml
----------------- Instantiating /home/travis/build/icyphy/ptII/ptolemy/actor/lib/test/auto/MaximumComplex.xml
5 ms. Memory: 484352K Free: 270296K (56%)
----------------- Invoking toplevel() on ptolemy.moml.MoMLSimpleApplication@3d356491
----------------- Done invoking toplevel() on ptolemy.moml.MoMLSimpleApplication@3d356491
reloadAllAccessors: .MaximumComplex

===========================================================================================
----------------- testing Sun Jul 21 05:13:44 UTC 2019 /home/travis/build/icyphy/ptII/ptolemy/actor/lib/test/auto/MethodCallTest.xml
----------------- Instantiating /home/travis/build/icyphy/ptII/ptolemy/actor/lib/test/auto/MethodCallTest.xml
3 ms. Memory: 484352K Free: 263638K (54%)
----------------- Invoking toplevel() on ptolemy.moml.MoMLSimpleApplication@4f6e1d64
----------------- Done invoking toplevel() on ptolemy.moml.MoMLSimpleApplication@4f6e1d64
reloadAllAccessors: .MethodCallTest

===========================================================================================
----------------- testing Sun Jul 21 05:13:44 UTC 2019 /home/travis/build/icyphy/ptII/ptolemy/actor/lib/test/auto/Minimum.xml
----------------- Instantiating /home/travis/build/icyphy/ptII/ptolemy/actor/lib/test/auto/Minimum.xml
3 ms. Memory: 484352K Free: 256984K (53%)
----------------- Invoking toplevel() on ptolemy.moml.MoMLSimpleApplication@3d466050
----------------- Done invoking toplevel() on ptolemy.moml.MoMLSimpleApplication@3d466050
reloadAllAccessors: .Minimum

===========================================================================================
----------------- testing Sun Jul 21 05:13:44 UTC 2019 /home/travis/build/icyphy/ptII/ptolemy/actor/lib/test/auto/MinimumComplex.xml
----------------- Instantiating /home/travis/build/icyphy/ptII/ptolemy/actor/lib/test/auto/MinimumComplex.xml
3 ms. Memory: 484352K Free: 250840K (52%)
----------------- Invoking toplevel() on ptolemy.moml.MoMLSimpleApplication@69f8845c
----------------- Done invoking toplevel() on ptolemy.moml.MoMLSimpleApplication@69f8845c
reloadAllAccessors: .MinimumComplex

===========================================================================================
----------------- testing Sun Jul 21 05:13:44 UTC 2019 /home/travis/build/icyphy/ptII/ptolemy/actor/lib/test/auto/MinimumMultiports.xml
----------------- Instantiating /home/travis/build/icyphy/ptII/ptolemy/actor/lib/test/auto/MinimumMultiports.xml
3 ms. Memory: 484352K Free: 242104K (50%)
----------------- Invoking toplevel() on ptolemy.moml.MoMLSimpleApplication@75c43783
----------------- Done invoking toplevel() on ptolemy.moml.MoMLSimpleApplication@75c43783
reloadAllAccessors: .MinimumMultiports

===========================================================================================
----------------- testing Sun Jul 21 05:13:44 UTC 2019 /home/travis/build/icyphy/ptII/ptolemy/actor/lib/test/auto/ModifyDate.xml
----------------- Instantiating /home/travis/build/icyphy/ptII/ptolemy/actor/lib/test/auto/ModifyDate.xml
10 ms. Memory: 484352K Free: 229846K (47%)
----------------- Invoking toplevel() on ptolemy.moml.MoMLSimpleApplication@440f30fe
----------------- Done invoking toplevel() on ptolemy.moml.MoMLSimpleApplication@440f30fe
reloadAllAccessors: .ModifyDate

===========================================================================================
----------------- testing Sun Jul 21 05:13:44 UTC 2019 /home/travis/build/icyphy/ptII/ptolemy/actor/lib/test/auto/ModifyDate2.xml
----------------- Instantiating /home/travis/build/icyphy/ptII/ptolemy/actor/lib/test/auto/ModifyDate2.xml
3 ms. Memory: 484352K Free: 221144K (46%)
----------------- Invoking toplevel() on ptolemy.moml.MoMLSimpleApplication@69ad3a73
----------------- Done invoking toplevel() on ptolemy.moml.MoMLSimpleApplication@69ad3a73
reloadAllAccessors: .ModifyDate2

===========================================================================================
----------------- testing Sun Jul 21 05:13:44 UTC 2019 /home/travis/build/icyphy/ptII/ptolemy/actor/lib/test/auto/MovingAverage.xml
----------------- Instantiating /home/travis/build/icyphy/ptII/ptolemy/actor/lib/test/auto/MovingAverage.xml
2 ms. Memory: 484352K Free: 216024K (45%)
----------------- Invoking toplevel() on ptolemy.moml.MoMLSimpleApplication@407a8b4c
----------------- Done invoking toplevel() on ptolemy.moml.MoMLSimpleApplication@407a8b4c
reloadAllAccessors: .MovingAverage

===========================================================================================
----------------- testing Sun Jul 21 05:13:44 UTC 2019 /home/travis/build/icyphy/ptII/ptolemy/actor/lib/test/auto/MovingMaximum.xml
----------------- Instantiating /home/travis/build/icyphy/ptII/ptolemy/actor/lib/test/auto/MovingMaximum.xml
4 ms. Memory: 484352K Free: 211928K (44%)
----------------- Invoking toplevel() on ptolemy.moml.MoMLSimpleApplication@7bbde834
----------------- Done invoking toplevel() on ptolemy.moml.MoMLSimpleApplication@7bbde834
reloadAllAccessors: .MovingMaximum

===========================================================================================
----------------- testing Sun Jul 21 05:13:44 UTC 2019 /home/travis/build/icyphy/ptII/ptolemy/actor/lib/test/auto/MultipleLinksToSameRelation.xml
----------------- Instantiating /home/travis/build/icyphy/ptII/ptolemy/actor/lib/test/auto/MultipleLinksToSameRelation.xml
2 ms. Memory: 484352K Free: 207832K (43%)
----------------- Invoking toplevel() on ptolemy.moml.MoMLSimpleApplication@3f8144c4
----------------- Done invoking toplevel() on ptolemy.moml.MoMLSimpleApplication@3f8144c4
reloadAllAccessors: .MultipleLinksToSameRelation

===========================================================================================
----------------- testing Sun Jul 21 05:13:44 UTC 2019 /home/travis/build/icyphy/ptII/ptolemy/actor/lib/test/auto/MultipleLinksToSameRelationDE.xml
----------------- Instantiating /home/travis/build/icyphy/ptII/ptolemy/actor/lib/test/auto/MultipleLinksToSameRelationDE.xml
9 ms. Memory: 484352K Free: 203736K (42%)
----------------- Invoking toplevel() on ptolemy.moml.MoMLSimpleApplication@4bdc8bbb
----------------- Done invoking toplevel() on ptolemy.moml.MoMLSimpleApplication@4bdc8bbb
reloadAllAccessors: .MultipleLinksToSameRelationDE

===========================================================================================
----------------- testing Sun Jul 21 05:13:44 UTC 2019 /home/travis/build/icyphy/ptII/ptolemy/actor/lib/test/auto/Multiplexor.xml
----------------- Instantiating /home/travis/build/icyphy/ptII/ptolemy/actor/lib/test/auto/Multiplexor.xml
2 ms. Memory: 484352K Free: 198102K (41%)
----------------- Invoking toplevel() on ptolemy.moml.MoMLSimpleApplication@158b61fd
----------------- Done invoking toplevel() on ptolemy.moml.MoMLSimpleApplication@158b61fd
reloadAllAccessors: .Multiplexor

===========================================================================================
----------------- testing Sun Jul 21 05:13:44 UTC 2019 /home/travis/build/icyphy/ptII/ptolemy/actor/lib/test/auto/Multiplexor1.xml
----------------- Instantiating /home/travis/build/icyphy/ptII/ptolemy/actor/lib/test/auto/Multiplexor1.xml
2 ms. Memory: 484352K Free: 192472K (40%)
----------------- Invoking toplevel() on ptolemy.moml.MoMLSimpleApplication@2744b5e8
----------------- Done invoking toplevel() on ptolemy.moml.MoMLSimpleApplication@2744b5e8
reloadAllAccessors: .Multiplexor1

===========================================================================================
----------------- testing Sun Jul 21 05:13:44 UTC 2019 /home/travis/build/icyphy/ptII/ptolemy/actor/lib/test/auto/Multiplexor2.xml
----------------- Instantiating /home/travis/build/icyphy/ptII/ptolemy/actor/lib/test/auto/Multiplexor2.xml
6 ms. Memory: 484352K Free: 185814K (38%)
----------------- Invoking toplevel() on ptolemy.moml.MoMLSimpleApplication@feb81fd
----------------- Done invoking toplevel() on ptolemy.moml.MoMLSimpleApplication@feb81fd
reloadAllAccessors: .Multiplexor2

===========================================================================================
----------------- testing Sun Jul 21 05:13:44 UTC 2019 /home/travis/build/icyphy/ptII/ptolemy/actor/lib/test/auto/Multiplexor3.xml
----------------- Instantiating /home/travis/build/icyphy/ptII/ptolemy/actor/lib/test/auto/Multiplexor3.xml
2 ms. Memory: 484352K Free: 181718K (38%)
----------------- Invoking toplevel() on ptolemy.moml.MoMLSimpleApplication@26ffda5f
----------------- Done invoking toplevel() on ptolemy.moml.MoMLSimpleApplication@26ffda5f
reloadAllAccessors: .Multiplexor3

===========================================================================================
----------------- testing Sun Jul 21 05:13:44 UTC 2019 /home/travis/build/icyphy/ptII/ptolemy/actor/lib/test/auto/MultiplexorDE.xml
----------------- Instantiating /home/travis/build/icyphy/ptII/ptolemy/actor/lib/test/auto/MultiplexorDE.xml
2 ms. Memory: 484352K Free: 174544K (36%)
----------------- Invoking toplevel() on ptolemy.moml.MoMLSimpleApplication@4245035a
----------------- Done invoking toplevel() on ptolemy.moml.MoMLSimpleApplication@4245035a
reloadAllAccessors: .MultiplexorDE

===========================================================================================
----------------- testing Sun Jul 21 05:13:44 UTC 2019 /home/travis/build/icyphy/ptII/ptolemy/actor/lib/test/auto/MultiportBroadcastTest.xml
----------------- Instantiating /home/travis/build/icyphy/ptII/ptolemy/actor/lib/test/auto/MultiportBroadcastTest.xml
100 ms. Memory: 484352K Free: 168392K (35%)
----------------- Invoking toplevel() on ptolemy.moml.MoMLSimpleApplication@37773b6d
----------------- Done invoking toplevel() on ptolemy.moml.MoMLSimpleApplication@37773b6d
reloadAllAccessors: .MultiportBroadcastTest

===========================================================================================
----------------- testing Sun Jul 21 05:13:44 UTC 2019 /home/travis/build/icyphy/ptII/ptolemy/actor/lib/test/auto/MultiportOutHangDuringGetWidth.xml
----------------- Instantiating /home/travis/build/icyphy/ptII/ptolemy/actor/lib/test/auto/MultiportOutHangDuringGetWidth.xml
11 ms. Memory: 484352K Free: 156104K (32%)
----------------- Invoking toplevel() on ptolemy.moml.MoMLSimpleApplication@b8f130b
----------------- Done invoking toplevel() on ptolemy.moml.MoMLSimpleApplication@b8f130b
reloadAllAccessors: .MultiportOutHangDuringGetWidth

===========================================================================================
----------------- testing Sun Jul 21 05:13:44 UTC 2019 /home/travis/build/icyphy/ptII/ptolemy/actor/lib/test/auto/NilToken.xml
----------------- Instantiating /home/travis/build/icyphy/ptII/ptolemy/actor/lib/test/auto/NilToken.xml
1 ms. Memory: 484352K Free: 152022K (31%)
----------------- Invoking toplevel() on ptolemy.moml.MoMLSimpleApplication@61a4722a
----------------- Done invoking toplevel() on ptolemy.moml.MoMLSimpleApplication@61a4722a
reloadAllAccessors: .NilToken

===========================================================================================
----------------- testing Sun Jul 21 05:13:44 UTC 2019 /home/travis/build/icyphy/ptII/ptolemy/actor/lib/test/auto/NilTokenNonStrictTest.xml
----------------- Instantiating /home/travis/build/icyphy/ptII/ptolemy/actor/lib/test/auto/NilTokenNonStrictTest.xml
1 ms. Memory: 484352K Free: 432502K (89%)
----------------- Invoking toplevel() on ptolemy.moml.MoMLSimpleApplication@226d2bb5
----------------- Done invoking toplevel() on ptolemy.moml.MoMLSimpleApplication@226d2bb5
reloadAllAccessors: .NilTokenNonStrictTest

===========================================================================================
----------------- testing Sun Jul 21 05:13:44 UTC 2019 /home/travis/build/icyphy/ptII/ptolemy/actor/lib/test/auto/NilTokenRecord.xml
----------------- Instantiating /home/travis/build/icyphy/ptII/ptolemy/actor/lib/test/auto/NilTokenRecord.xml
6 ms. Memory: 484352K Free: 425848K (88%)
----------------- Invoking toplevel() on ptolemy.moml.MoMLSimpleApplication@4efe26f
----------------- Done invoking toplevel() on ptolemy.moml.MoMLSimpleApplication@4efe26f
reloadAllAccessors: .NilTokenRecord

===========================================================================================
----------------- testing Sun Jul 21 05:13:44 UTC 2019 /home/travis/build/icyphy/ptII/ptolemy/actor/lib/test/auto/NilTokenTypeTest.xml
----------------- Instantiating /home/travis/build/icyphy/ptII/ptolemy/actor/lib/test/auto/NilTokenTypeTest.xml
6 ms. Memory: 484352K Free: 416118K (86%)
----------------- Invoking toplevel() on ptolemy.moml.MoMLSimpleApplication@74fb29e8
----------------- Done invoking toplevel() on ptolemy.moml.MoMLSimpleApplication@74fb29e8
reloadAllAccessors: .NilTokenTypeTest

===========================================================================================
----------------- testing Sun Jul 21 05:13:44 UTC 2019 /home/travis/build/icyphy/ptII/ptolemy/actor/lib/test/auto/ObjectToken1.xml
----------------- Instantiating /home/travis/build/icyphy/ptII/ptolemy/actor/lib/test/auto/ObjectToken1.xml
2 ms. Memory: 484352K Free: 412022K (85%)
----------------- Invoking toplevel() on ptolemy.moml.MoMLSimpleApplication@6218db64
----------------- Done invoking toplevel() on ptolemy.moml.MoMLSimpleApplication@6218db64
reloadAllAccessors: .ObjectToken1

===========================================================================================
----------------- testing Sun Jul 21 05:13:44 UTC 2019 /home/travis/build/icyphy/ptII/ptolemy/actor/lib/test/auto/OrderedMerge.xml
----------------- Instantiating /home/travis/build/icyphy/ptII/ptolemy/actor/lib/test/auto/OrderedMerge.xml
14 ms. Memory: 484352K Free: 406392K (84%)
----------------- Invoking toplevel() on ptolemy.moml.MoMLSimpleApplication@5877bf58
----------------- Done invoking toplevel() on ptolemy.moml.MoMLSimpleApplication@5877bf58
reloadAllAccessors: .OrderedMerge

===========================================================================================
----------------- testing Sun Jul 21 05:13:44 UTC 2019 /home/travis/build/icyphy/ptII/ptolemy/actor/lib/test/auto/OrderedRecordDisassembler.xml
----------------- Instantiating /home/travis/build/icyphy/ptII/ptolemy/actor/lib/test/auto/OrderedRecordDisassembler.xml
4 ms. Memory: 484352K Free: 401272K (83%)
----------------- Invoking toplevel() on ptolemy.moml.MoMLSimpleApplication@75b9f3f1
----------------- Done invoking toplevel() on ptolemy.moml.MoMLSimpleApplication@75b9f3f1
reloadAllAccessors: .OrderedRecordDisassembler

===========================================================================================
----------------- testing Sun Jul 21 05:13:45 UTC 2019 /home/travis/build/icyphy/ptII/ptolemy/actor/lib/test/auto/OrderedRecordDisassembler2.xml
----------------- Instantiating /home/travis/build/icyphy/ptII/ptolemy/actor/lib/test/auto/OrderedRecordDisassembler2.xml
5 ms. Memory: 484352K Free: 393576K (81%)
----------------- Invoking toplevel() on ptolemy.moml.MoMLSimpleApplication@2997793e
----------------- Done invoking toplevel() on ptolemy.moml.MoMLSimpleApplication@2997793e
reloadAllAccessors: .OrderedRecordDisassembler2

===========================================================================================
----------------- testing Sun Jul 21 05:13:45 UTC 2019 /home/travis/build/icyphy/ptII/ptolemy/actor/lib/test/auto/OrderedRecordUpdater.xml
----------------- Instantiating /home/travis/build/icyphy/ptII/ptolemy/actor/lib/test/auto/OrderedRecordUpdater.xml
2 ms. Memory: 484352K Free: 388984K (80%)
----------------- Invoking toplevel() on ptolemy.moml.MoMLSimpleApplication@1a0f78f
----------------- Done invoking toplevel() on ptolemy.moml.MoMLSimpleApplication@1a0f78f
reloadAllAccessors: .RecordUpdater

===========================================================================================
----------------- testing Sun Jul 21 05:13:45 UTC 2019 /home/travis/build/icyphy/ptII/ptolemy/actor/lib/test/auto/OrderedRecordUpdater2.xml
----------------- Instantiating /home/travis/build/icyphy/ptII/ptolemy/actor/lib/test/auto/OrderedRecordUpdater2.xml
3 ms. Memory: 484352K Free: 384374K (79%)
----------------- Invoking toplevel() on ptolemy.moml.MoMLSimpleApplication@47ee358b
----------------- Done invoking toplevel() on ptolemy.moml.MoMLSimpleApplication@47ee358b
reloadAllAccessors: .RecordUpdater2

===========================================================================================
----------------- testing Sun Jul 21 05:13:45 UTC 2019 /home/travis/build/icyphy/ptII/ptolemy/actor/lib/test/auto/PhaseUnwrap.xml
----------------- Instantiating /home/travis/build/icyphy/ptII/ptolemy/actor/lib/test/auto/PhaseUnwrap.xml
1 ms. Memory: 484352K Free: 379768K (78%)
----------------- Invoking toplevel() on ptolemy.moml.MoMLSimpleApplication@130c7882
----------------- Done invoking toplevel() on ptolemy.moml.MoMLSimpleApplication@130c7882
reloadAllAccessors: .PhaseUnwrap

===========================================================================================
----------------- testing Sun Jul 21 05:13:45 UTC 2019 /home/travis/build/icyphy/ptII/ptolemy/actor/lib/test/auto/PoissonClock.xml
----------------- Instantiating /home/travis/build/icyphy/ptII/ptolemy/actor/lib/test/auto/PoissonClock.xml
2 ms. Memory: 484352K Free: 375672K (78%)
----------------- Invoking toplevel() on ptolemy.moml.MoMLSimpleApplication@49d08bb2
----------------- Done invoking toplevel() on ptolemy.moml.MoMLSimpleApplication@49d08bb2
reloadAllAccessors: .PoissonClock

===========================================================================================
----------------- testing Sun Jul 21 05:13:45 UTC 2019 /home/travis/build/icyphy/ptII/ptolemy/actor/lib/test/auto/PoissonClock2.xml
----------------- Instantiating /home/travis/build/icyphy/ptII/ptolemy/actor/lib/test/auto/PoissonClock2.xml
2 ms. Memory: 484352K Free: 371062K (77%)
----------------- Invoking toplevel() on ptolemy.moml.MoMLSimpleApplication@161c121e
----------------- Done invoking toplevel() on ptolemy.moml.MoMLSimpleApplication@161c121e
reloadAllAccessors: .PoissonClock2

===========================================================================================
----------------- testing Sun Jul 21 05:13:45 UTC 2019 /home/travis/build/icyphy/ptII/ptolemy/actor/lib/test/auto/PoissonClock3.xml
----------------- Instantiating /home/travis/build/icyphy/ptII/ptolemy/actor/lib/test/auto/PoissonClock3.xml
1 ms. Memory: 484352K Free: 366456K (76%)
----------------- Invoking toplevel() on ptolemy.moml.MoMLSimpleApplication@6e77beb3
----------------- Done invoking toplevel() on ptolemy.moml.MoMLSimpleApplication@6e77beb3
reloadAllAccessors: .PoissonClock3

===========================================================================================
----------------- testing Sun Jul 21 05:13:45 UTC 2019 /home/travis/build/icyphy/ptII/ptolemy/actor/lib/test/auto/PubSubWithInitialTokens.xml
----------------- Instantiating /home/travis/build/icyphy/ptII/ptolemy/actor/lib/test/auto/PubSubWithInitialTokens.xml
2 ms. Memory: 484352K Free: 360816K (74%)
----------------- Invoking toplevel() on ptolemy.moml.MoMLSimpleApplication@10bb51ea
----------------- Done invoking toplevel() on ptolemy.moml.MoMLSimpleApplication@10bb51ea
reloadAllAccessors: .PubSubWithInitialTokens

===========================================================================================
----------------- testing Sun Jul 21 05:13:45 UTC 2019 /home/travis/build/icyphy/ptII/ptolemy/actor/lib/test/auto/PubSubWithInitialTokens2.xml
----------------- Instantiating /home/travis/build/icyphy/ptII/ptolemy/actor/lib/test/auto/PubSubWithInitialTokens2.xml
2 ms. Memory: 484352K Free: 355192K (73%)
----------------- Invoking toplevel() on ptolemy.moml.MoMLSimpleApplication@518d5c35
----------------- Done invoking toplevel() on ptolemy.moml.MoMLSimpleApplication@518d5c35
reloadAllAccessors: .PubSubWithInitialTokens2

===========================================================================================
----------------- testing Sun Jul 21 05:13:45 UTC 2019 /home/travis/build/icyphy/ptII/ptolemy/actor/lib/test/auto/PublisherClassNoParameter.xml
----------------- Instantiating /home/travis/build/icyphy/ptII/ptolemy/actor/lib/test/auto/PublisherClassNoParameter.xml
4 ms. Memory: 484352K Free: 345456K (71%)
----------------- Invoking toplevel() on ptolemy.moml.MoMLSimpleApplication@48dd1e8e
----------------- Done invoking toplevel() on ptolemy.moml.MoMLSimpleApplication@48dd1e8e
reloadAllAccessors: .PublisherClassNoParameter

===========================================================================================
----------------- testing Sun Jul 21 05:13:45 UTC 2019 /home/travis/build/icyphy/ptII/ptolemy/actor/lib/test/auto/PublisherClassParameter.xml
----------------- Instantiating /home/travis/build/icyphy/ptII/ptolemy/actor/lib/test/auto/PublisherClassParameter.xml
2 ms. Memory: 484352K Free: 335736K (69%)
----------------- Invoking toplevel() on ptolemy.moml.MoMLSimpleApplication@62f67226
----------------- Done invoking toplevel() on ptolemy.moml.MoMLSimpleApplication@62f67226
reloadAllAccessors: .PublisherClassParameter

===========================================================================================
----------------- testing Sun Jul 21 05:13:45 UTC 2019 /home/travis/build/icyphy/ptII/ptolemy/actor/lib/test/auto/PublisherNonStrictTest.xml
----------------- Instantiating /home/travis/build/icyphy/ptII/ptolemy/actor/lib/test/auto/PublisherNonStrictTest.xml
4 ms. Memory: 484352K Free: 328048K (68%)
----------------- Invoking toplevel() on ptolemy.moml.MoMLSimpleApplication@63849515
----------------- Done invoking toplevel() on ptolemy.moml.MoMLSimpleApplication@63849515
reloadAllAccessors: .PublisherNonStrictTest

===========================================================================================
----------------- testing Sun Jul 21 05:13:45 UTC 2019 /home/travis/build/icyphy/ptII/ptolemy/actor/lib/test/auto/PublisherPort1.xml
----------------- Instantiating /home/travis/build/icyphy/ptII/ptolemy/actor/lib/test/auto/PublisherPort1.xml
10 ms. Memory: 484352K Free: 322424K (67%)
----------------- Invoking toplevel() on ptolemy.moml.MoMLSimpleApplication@7d9dbf06
----------------- Done invoking toplevel() on ptolemy.moml.MoMLSimpleApplication@7d9dbf06
reloadAllAccessors: .PublisherPort1

===========================================================================================
----------------- testing Sun Jul 21 05:13:45 UTC 2019 /home/travis/build/icyphy/ptII/ptolemy/actor/lib/test/auto/PublisherPort2.xml
----------------- Instantiating /home/travis/build/icyphy/ptII/ptolemy/actor/lib/test/auto/PublisherPort2.xml
1 ms. Memory: 484352K Free: 317304K (66%)
----------------- Invoking toplevel() on ptolemy.moml.MoMLSimpleApplication@5046ebc6
----------------- Done invoking toplevel() on ptolemy.moml.MoMLSimpleApplication@5046ebc6
reloadAllAccessors: .PublisherPort2

===========================================================================================
----------------- testing Sun Jul 21 05:13:45 UTC 2019 /home/travis/build/icyphy/ptII/ptolemy/actor/lib/test/auto/PublisherPort3.xml
----------------- Instantiating /home/travis/build/icyphy/ptII/ptolemy/actor/lib/test/auto/PublisherPort3.xml
3 ms. Memory: 484352K Free: 310616K (64%)
----------------- Invoking toplevel() on ptolemy.moml.MoMLSimpleApplication@5d7102cf
----------------- Done invoking toplevel() on ptolemy.moml.MoMLSimpleApplication@5d7102cf
reloadAllAccessors: .PublisherPort3

===========================================================================================
----------------- testing Sun Jul 21 05:13:45 UTC 2019 /home/travis/build/icyphy/ptII/ptolemy/actor/lib/test/auto/PublisherPort4.xml
----------------- Instantiating /home/travis/build/icyphy/ptII/ptolemy/actor/lib/test/auto/PublisherPort4.xml
2 ms. Memory: 484352K Free: 305016K (63%)
----------------- Invoking toplevel() on ptolemy.moml.MoMLSimpleApplication@7fd817ef
----------------- Done invoking toplevel() on ptolemy.moml.MoMLSimpleApplication@7fd817ef
reloadAllAccessors: .PublisherPort4

===========================================================================================
----------------- testing Sun Jul 21 05:13:45 UTC 2019 /home/travis/build/icyphy/ptII/ptolemy/actor/lib/test/auto/PublisherPort5.xml
----------------- Instantiating /home/travis/build/icyphy/ptII/ptolemy/actor/lib/test/auto/PublisherPort5.xml
3 ms. Memory: 484352K Free: 297334K (61%)
----------------- Invoking toplevel() on ptolemy.moml.MoMLSimpleApplication@40c8d8ba
----------------- Done invoking toplevel() on ptolemy.moml.MoMLSimpleApplication@40c8d8ba
reloadAllAccessors: .PublisherPort5

===========================================================================================
----------------- testing Sun Jul 21 05:13:45 UTC 2019 /home/travis/build/icyphy/ptII/ptolemy/actor/lib/test/auto/PublisherPort5LookAlike.xml
----------------- Instantiating /home/travis/build/icyphy/ptII/ptolemy/actor/lib/test/auto/PublisherPort5LookAlike.xml
8 ms. Memory: 484352K Free: 290160K (60%)
----------------- Invoking toplevel() on ptolemy.moml.MoMLSimpleApplication@5057ff60
----------------- Done invoking toplevel() on ptolemy.moml.MoMLSimpleApplication@5057ff60
reloadAllAccessors: .PublisherPort5LookAlike

===========================================================================================
----------------- testing Sun Jul 21 05:13:45 UTC 2019 /home/travis/build/icyphy/ptII/ptolemy/actor/lib/test/auto/PublisherPort6.xml
----------------- Instantiating /home/travis/build/icyphy/ptII/ptolemy/actor/lib/test/auto/PublisherPort6.xml
2 ms. Memory: 484352K Free: 283512K (59%)
----------------- Invoking toplevel() on ptolemy.moml.MoMLSimpleApplication@2e0f736b
----------------- Done invoking toplevel() on ptolemy.moml.MoMLSimpleApplication@2e0f736b
reloadAllAccessors: .PublisherPort6

===========================================================================================
----------------- testing Sun Jul 21 05:13:45 UTC 2019 /home/travis/build/icyphy/ptII/ptolemy/actor/lib/test/auto/PublisherPort7.xml
----------------- Instantiating /home/travis/build/icyphy/ptII/ptolemy/actor/lib/test/auto/PublisherPort7.xml
4 ms. Memory: 484352K Free: 275830K (57%)
----------------- Invoking toplevel() on ptolemy.moml.MoMLSimpleApplication@52a34e3b
----------------- Done invoking toplevel() on ptolemy.moml.MoMLSimpleApplication@52a34e3b
reloadAllAccessors: .PublisherPort7

===========================================================================================
----------------- testing Sun Jul 21 05:13:45 UTC 2019 /home/travis/build/icyphy/ptII/ptolemy/actor/lib/test/auto/PublisherPort8.xml
----------------- Instantiating /home/travis/build/icyphy/ptII/ptolemy/actor/lib/test/auto/PublisherPort8.xml
4 ms. Memory: 484352K Free: 267128K (55%)
----------------- Invoking toplevel() on ptolemy.moml.MoMLSimpleApplication@303a6d46
----------------- Done invoking toplevel() on ptolemy.moml.MoMLSimpleApplication@303a6d46
reloadAllAccessors: .PublisherPort8

===========================================================================================
----------------- testing Sun Jul 21 05:13:45 UTC 2019 /home/travis/build/icyphy/ptII/ptolemy/actor/lib/test/auto/PublisherPortSubscriberChannelVariablesAOC2.xml
----------------- Instantiating /home/travis/build/icyphy/ptII/ptolemy/actor/lib/test/auto/PublisherPortSubscriberChannelVariablesAOC2.xml
4 ms. Memory: 484352K Free: 250230K (52%)
----------------- Invoking toplevel() on ptolemy.moml.MoMLSimpleApplication@67652927
----------------- Done invoking toplevel() on ptolemy.moml.MoMLSimpleApplication@67652927
reloadAllAccessors: .PublisherPortSubscriberChannelVariablesAOC2

===========================================================================================
----------------- testing Sun Jul 21 05:13:45 UTC 2019 /home/travis/build/icyphy/ptII/ptolemy/actor/lib/test/auto/PublisherPortSubscriberOpaqueWidthInference.xml
----------------- Instantiating /home/travis/build/icyphy/ptII/ptolemy/actor/lib/test/auto/PublisherPortSubscriberOpaqueWidthInference.xml
4 ms. Memory: 484352K Free: 242552K (50%)
----------------- Invoking toplevel() on ptolemy.moml.MoMLSimpleApplication@2d4b9a41
----------------- Done invoking toplevel() on ptolemy.moml.MoMLSimpleApplication@2d4b9a41
reloadAllAccessors: .PublisherPortSubscriberOpaqueWidthInference

===========================================================================================
----------------- testing Sun Jul 21 05:13:45 UTC 2019 /home/travis/build/icyphy/ptII/ptolemy/actor/lib/test/auto/PublisherPortSubscriberPortAdjacent.xml
----------------- Instantiating /home/travis/build/icyphy/ptII/ptolemy/actor/lib/test/auto/PublisherPortSubscriberPortAdjacent.xml
2 ms. Memory: 484352K Free: 234360K (48%)
----------------- Invoking toplevel() on ptolemy.moml.MoMLSimpleApplication@5457f648
----------------- Done invoking toplevel() on ptolemy.moml.MoMLSimpleApplication@5457f648
reloadAllAccessors: .PublisherPortSubscriberPortAdjacent

===========================================================================================
----------------- testing Sun Jul 21 05:13:45 UTC 2019 /home/travis/build/icyphy/ptII/ptolemy/actor/lib/test/auto/PublisherPortSubscriberPortExpression.xml
----------------- Instantiating /home/travis/build/icyphy/ptII/ptolemy/actor/lib/test/auto/PublisherPortSubscriberPortExpression.xml
3 ms. Memory: 484352K Free: 226664K (47%)
----------------- Invoking toplevel() on ptolemy.moml.MoMLSimpleApplication@4e21487a
----------------- Done invoking toplevel() on ptolemy.moml.MoMLSimpleApplication@4e21487a
reloadAllAccessors: .PublisherPortSubscriberPortExpression

===========================================================================================
----------------- testing Sun Jul 21 05:13:45 UTC 2019 /home/travis/build/icyphy/ptII/ptolemy/actor/lib/test/auto/PublisherPortSubscriberPortOpaqueD3Reverse.xml
----------------- Instantiating /home/travis/build/icyphy/ptII/ptolemy/actor/lib/test/auto/PublisherPortSubscriberPortOpaqueD3Reverse.xml
7 ms. Memory: 484352K Free: 216438K (45%)
----------------- Invoking toplevel() on ptolemy.moml.MoMLSimpleApplication@2c5ccf5e
----------------- Done invoking toplevel() on ptolemy.moml.MoMLSimpleApplication@2c5ccf5e
reloadAllAccessors: .PublisherPortSubscriberPortOpaqueD3Reverse

===========================================================================================
----------------- testing Sun Jul 21 05:13:45 UTC 2019 /home/travis/build/icyphy/ptII/ptolemy/actor/lib/test/auto/PublisherPortSubscriberPortOpaqueWidthInference.xml
----------------- Instantiating /home/travis/build/icyphy/ptII/ptolemy/actor/lib/test/auto/PublisherPortSubscriberPortOpaqueWidthInference.xml
3 ms. Memory: 484352K Free: 208760K (43%)
----------------- Invoking toplevel() on ptolemy.moml.MoMLSimpleApplication@1bb5efe7
----------------- Done invoking toplevel() on ptolemy.moml.MoMLSimpleApplication@1bb5efe7
reloadAllAccessors: .PublisherPortSubscriberPortOpaqueWidthInference

===========================================================================================
----------------- testing Sun Jul 21 05:13:45 UTC 2019 /home/travis/build/icyphy/ptII/ptolemy/actor/lib/test/auto/PublisherPortToplevelSubscriberPortAOC.xml
----------------- Instantiating /home/travis/build/icyphy/ptII/ptolemy/actor/lib/test/auto/PublisherPortToplevelSubscriberPortAOC.xml
.PublisherPortToplevelSubscriberPortAOC.TestExceptionAttribute: initialize() was not invoked, but wrapup() was.  This is unusual, but not always a problem.  For example, exporting JNLP will do this.
1 ms. Memory: 484352K Free: 203126K (42%)
----------------- Invoking toplevel() on ptolemy.moml.MoMLSimpleApplication@39d920ec
----------------- Done invoking toplevel() on ptolemy.moml.MoMLSimpleApplication@39d920ec
reloadAllAccessors: .PublisherPortToplevelSubscriberPortAOC

===========================================================================================
----------------- testing Sun Jul 21 05:13:45 UTC 2019 /home/travis/build/icyphy/ptII/ptolemy/actor/lib/test/auto/PublisherSubscriber.xml
----------------- Instantiating /home/travis/build/icyphy/ptII/ptolemy/actor/lib/test/auto/PublisherSubscriber.xml
3 ms. Memory: 484352K Free: 196472K (41%)
----------------- Invoking toplevel() on ptolemy.moml.MoMLSimpleApplication@326128b9
----------------- Done invoking toplevel() on ptolemy.moml.MoMLSimpleApplication@326128b9
reloadAllAccessors: .PublisherSubscriber

===========================================================================================
----------------- testing Sun Jul 21 05:13:45 UTC 2019 /home/travis/build/icyphy/ptII/ptolemy/actor/lib/test/auto/PublisherSubscriber10.xml
----------------- Instantiating /home/travis/build/icyphy/ptII/ptolemy/actor/lib/test/auto/PublisherSubscriber10.xml
7 ms. Memory: 484352K Free: 186742K (39%)
----------------- Invoking toplevel() on ptolemy.moml.MoMLSimpleApplication@f7f9a2f
----------------- Done invoking toplevel() on ptolemy.moml.MoMLSimpleApplication@f7f9a2f
reloadAllAccessors: .PublisherSubscriber10

===========================================================================================
----------------- testing Sun Jul 21 05:13:45 UTC 2019 /home/travis/build/icyphy/ptII/ptolemy/actor/lib/test/auto/PublisherSubscriber10InitialOutputs.xml
----------------- Instantiating /home/travis/build/icyphy/ptII/ptolemy/actor/lib/test/auto/PublisherSubscriber10InitialOutputs.xml
8 ms. Memory: 484352K Free: 177526K (37%)
----------------- Invoking toplevel() on ptolemy.moml.MoMLSimpleApplication@1556cc6d
----------------- Done invoking toplevel() on ptolemy.moml.MoMLSimpleApplication@1556cc6d
reloadAllAccessors: .PublisherSubscriber10InitialOutputs

===========================================================================================
----------------- testing Sun Jul 21 05:13:45 UTC 2019 /home/travis/build/icyphy/ptII/ptolemy/actor/lib/test/auto/PublisherSubscriber11.xml
----------------- Instantiating /home/travis/build/icyphy/ptII/ptolemy/actor/lib/test/auto/PublisherSubscriber11.xml
3 ms. Memory: 484352K Free: 171368K (35%)
----------------- Invoking toplevel() on ptolemy.moml.MoMLSimpleApplication@2640e5fd
----------------- Done invoking toplevel() on ptolemy.moml.MoMLSimpleApplication@2640e5fd
reloadAllAccessors: .PublisherSubscriber11

===========================================================================================
----------------- testing Sun Jul 21 05:13:45 UTC 2019 /home/travis/build/icyphy/ptII/ptolemy/actor/lib/test/auto/PublisherSubscriber12.xml
----------------- Instantiating /home/travis/build/icyphy/ptII/ptolemy/actor/lib/test/auto/PublisherSubscriber12.xml
6 ms. Memory: 484352K Free: 164728K (34%)
----------------- Invoking toplevel() on ptolemy.moml.MoMLSimpleApplication@24477444
----------------- Done invoking toplevel() on ptolemy.moml.MoMLSimpleApplication@24477444
reloadAllAccessors: .PublisherSubscriber12

===========================================================================================
----------------- testing Sun Jul 21 05:13:45 UTC 2019 /home/travis/build/icyphy/ptII/ptolemy/actor/lib/test/auto/PublisherSubscriber13.xml
----------------- Instantiating /home/travis/build/icyphy/ptII/ptolemy/actor/lib/test/auto/PublisherSubscriber13.xml
1 ms. Memory: 484352K Free: 159080K (33%)
----------------- Invoking toplevel() on ptolemy.moml.MoMLSimpleApplication@7e6d87a9
----------------- Done invoking toplevel() on ptolemy.moml.MoMLSimpleApplication@7e6d87a9
reloadAllAccessors: .PublisherSubscriber13

===========================================================================================
----------------- testing Sun Jul 21 05:13:45 UTC 2019 /home/travis/build/icyphy/ptII/ptolemy/actor/lib/test/auto/PublisherSubscriber14.xml
----------------- Instantiating /home/travis/build/icyphy/ptII/ptolemy/actor/lib/test/auto/PublisherSubscriber14.xml
2 ms. Memory: 484352K Free: 150392K (31%)
----------------- Invoking toplevel() on ptolemy.moml.MoMLSimpleApplication@7abd39f7
----------------- Done invoking toplevel() on ptolemy.moml.MoMLSimpleApplication@7abd39f7
reloadAllAccessors: .PublisherSubscriber14

===========================================================================================
----------------- testing Sun Jul 21 05:13:45 UTC 2019 /home/travis/build/icyphy/ptII/ptolemy/actor/lib/test/auto/PublisherSubscriber2.xml
----------------- Instantiating /home/travis/build/icyphy/ptII/ptolemy/actor/lib/test/auto/PublisherSubscriber2.xml
3 ms. Memory: 484352K Free: 430470K (89%)
----------------- Invoking toplevel() on ptolemy.moml.MoMLSimpleApplication@2bff8b48
----------------- Done invoking toplevel() on ptolemy.moml.MoMLSimpleApplication@2bff8b48
reloadAllAccessors: .PublisherSubscriber2

===========================================================================================
----------------- testing Sun Jul 21 05:13:45 UTC 2019 /home/travis/build/icyphy/ptII/ptolemy/actor/lib/test/auto/PublisherSubscriber3.xml
----------------- Instantiating /home/travis/build/icyphy/ptII/ptolemy/actor/lib/test/auto/PublisherSubscriber3.xml
2 ms. Memory: 484352K Free: 424854K (88%)
----------------- Invoking toplevel() on ptolemy.moml.MoMLSimpleApplication@68c72e56
----------------- Done invoking toplevel() on ptolemy.moml.MoMLSimpleApplication@68c72e56
reloadAllAccessors: .PublisherSubscriber3

===========================================================================================
----------------- testing Sun Jul 21 05:13:45 UTC 2019 /home/travis/build/icyphy/ptII/ptolemy/actor/lib/test/auto/PublisherSubscriber4.xml
----------------- Instantiating /home/travis/build/icyphy/ptII/ptolemy/actor/lib/test/auto/PublisherSubscriber4.xml
2 ms. Memory: 484352K Free: 419734K (87%)
----------------- Invoking toplevel() on ptolemy.moml.MoMLSimpleApplication@779f2ecd
----------------- Done invoking toplevel() on ptolemy.moml.MoMLSimpleApplication@779f2ecd
reloadAllAccessors: .PublisherSubscriber4

===========================================================================================
----------------- testing Sun Jul 21 05:13:45 UTC 2019 /home/travis/build/icyphy/ptII/ptolemy/actor/lib/test/auto/PublisherSubscriber5.xml
----------------- Instantiating /home/travis/build/icyphy/ptII/ptolemy/actor/lib/test/auto/PublisherSubscriber5.xml
2 ms. Memory: 484352K Free: 413062K (85%)
----------------- Invoking toplevel() on ptolemy.moml.MoMLSimpleApplication@b696351
----------------- Done invoking toplevel() on ptolemy.moml.MoMLSimpleApplication@b696351
reloadAllAccessors: .PublisherSubscriber5

===========================================================================================
----------------- testing Sun Jul 21 05:13:45 UTC 2019 /home/travis/build/icyphy/ptII/ptolemy/actor/lib/test/auto/PublisherSubscriber6.xml
----------------- Instantiating /home/travis/build/icyphy/ptII/ptolemy/actor/lib/test/auto/PublisherSubscriber6.xml
8 ms. Memory: 484352K Free: 406422K (84%)
----------------- Invoking toplevel() on ptolemy.moml.MoMLSimpleApplication@3b95b55
----------------- Done invoking toplevel() on ptolemy.moml.MoMLSimpleApplication@3b95b55
reloadAllAccessors: .PublisherSubscriber6

===========================================================================================
----------------- testing Sun Jul 21 05:13:45 UTC 2019 /home/travis/build/icyphy/ptII/ptolemy/actor/lib/test/auto/PublisherSubscriber7.xml
----------------- Instantiating /home/travis/build/icyphy/ptII/ptolemy/actor/lib/test/auto/PublisherSubscriber7.xml
9 ms. Memory: 484352K Free: 399764K (83%)
----------------- Invoking toplevel() on ptolemy.moml.MoMLSimpleApplication@3d338da5
----------------- Done invoking toplevel() on ptolemy.moml.MoMLSimpleApplication@3d338da5
reloadAllAccessors: .PublisherSubscriber7

===========================================================================================
----------------- testing Sun Jul 21 05:13:45 UTC 2019 /home/travis/build/icyphy/ptII/ptolemy/actor/lib/test/auto/PublisherSubscriber8.xml
----------------- Instantiating /home/travis/build/icyphy/ptII/ptolemy/actor/lib/test/auto/PublisherSubscriber8.xml
18 ms. Memory: 484352K Free: 387990K (80%)
----------------- Invoking toplevel() on ptolemy.moml.MoMLSimpleApplication@1c8c63e2
----------------- Done invoking toplevel() on ptolemy.moml.MoMLSimpleApplication@1c8c63e2
reloadAllAccessors: .PublisherSubscriber8

===========================================================================================
----------------- testing Sun Jul 21 05:13:45 UTC 2019 /home/travis/build/icyphy/ptII/ptolemy/actor/lib/test/auto/PublisherSubscriber9.xml
----------------- Instantiating /home/travis/build/icyphy/ptII/ptolemy/actor/lib/test/auto/PublisherSubscriber9.xml
3 ms. Memory: 484352K Free: 380822K (79%)
----------------- Invoking toplevel() on ptolemy.moml.MoMLSimpleApplication@428a61f5
----------------- Done invoking toplevel() on ptolemy.moml.MoMLSimpleApplication@428a61f5
reloadAllAccessors: .PublisherSubscriber9

===========================================================================================
----------------- testing Sun Jul 21 05:13:45 UTC 2019 /home/travis/build/icyphy/ptII/ptolemy/actor/lib/test/auto/PublisherSubscriberAdjacent.xml
----------------- Instantiating /home/travis/build/icyphy/ptII/ptolemy/actor/lib/test/auto/PublisherSubscriberAdjacent.xml
2 ms. Memory: 484352K Free: 372630K (77%)
----------------- Invoking toplevel() on ptolemy.moml.MoMLSimpleApplication@2b01be
----------------- Done invoking toplevel() on ptolemy.moml.MoMLSimpleApplication@2b01be
reloadAllAccessors: .PublisherSubscriberAdjacent

===========================================================================================
----------------- testing Sun Jul 21 05:13:45 UTC 2019 /home/travis/build/icyphy/ptII/ptolemy/actor/lib/test/auto/PublisherSubscriberChannelVariablesAOC2.xml
----------------- Instantiating /home/travis/build/icyphy/ptII/ptolemy/actor/lib/test/auto/PublisherSubscriberChannelVariablesAOC2.xml
3 ms. Memory: 484352K Free: 357270K (74%)
----------------- Invoking toplevel() on ptolemy.moml.MoMLSimpleApplication@59ce11e0
----------------- Done invoking toplevel() on ptolemy.moml.MoMLSimpleApplication@59ce11e0
reloadAllAccessors: .PublisherSubscriberChannelVariablesAOC2

===========================================================================================
----------------- testing Sun Jul 21 05:13:46 UTC 2019 /home/travis/build/icyphy/ptII/ptolemy/actor/lib/test/auto/PublisherSubscriberD3.xml
----------------- Instantiating /home/travis/build/icyphy/ptII/ptolemy/actor/lib/test/auto/PublisherSubscriberD3.xml
2 ms. Memory: 484352K Free: 350102K (72%)
----------------- Invoking toplevel() on ptolemy.moml.MoMLSimpleApplication@32198698
----------------- Done invoking toplevel() on ptolemy.moml.MoMLSimpleApplication@32198698
reloadAllAccessors: .PublisherSubscriberD3

===========================================================================================
----------------- testing Sun Jul 21 05:13:46 UTC 2019 /home/travis/build/icyphy/ptII/ptolemy/actor/lib/test/auto/PublisherSubscriberD3Reverse.xml
----------------- Instantiating /home/travis/build/icyphy/ptII/ptolemy/actor/lib/test/auto/PublisherSubscriberD3Reverse.xml
4 ms. Memory: 484352K Free: 343958K (71%)
----------------- Invoking toplevel() on ptolemy.moml.MoMLSimpleApplication@3b85c2e7
----------------- Done invoking toplevel() on ptolemy.moml.MoMLSimpleApplication@3b85c2e7
reloadAllAccessors: .PublisherSubscriberD3Reverse

===========================================================================================
----------------- testing Sun Jul 21 05:13:46 UTC 2019 /home/travis/build/icyphy/ptII/ptolemy/actor/lib/test/auto/PublisherSubscriberExpression.xml
----------------- Instantiating /home/travis/build/icyphy/ptII/ptolemy/actor/lib/test/auto/PublisherSubscriberExpression.xml
4 ms. Memory: 484352K Free: 335222K (69%)
----------------- Invoking toplevel() on ptolemy.moml.MoMLSimpleApplication@61158140
----------------- Done invoking toplevel() on ptolemy.moml.MoMLSimpleApplication@61158140
reloadAllAccessors: .PublisherSubscriberExpression

===========================================================================================
----------------- testing Sun Jul 21 05:13:46 UTC 2019 /home/travis/build/icyphy/ptII/ptolemy/actor/lib/test/auto/PublisherSubscriberOpaque.xml
----------------- Instantiating /home/travis/build/icyphy/ptII/ptolemy/actor/lib/test/auto/PublisherSubscriberOpaque.xml
3 ms. Memory: 484352K Free: 327060K (68%)
----------------- Invoking toplevel() on ptolemy.moml.MoMLSimpleApplication@606c5b2b
----------------- Done invoking toplevel() on ptolemy.moml.MoMLSimpleApplication@606c5b2b
reloadAllAccessors: .PublisherSubscriberOpaque

===========================================================================================
----------------- testing Sun Jul 21 05:13:46 UTC 2019 /home/travis/build/icyphy/ptII/ptolemy/actor/lib/test/auto/PublisherSubscriberOpaqueD3.xml
----------------- Instantiating /home/travis/build/icyphy/ptII/ptolemy/actor/lib/test/auto/PublisherSubscriberOpaqueD3.xml
5 ms. Memory: 484352K Free: 315796K (65%)
----------------- Invoking toplevel() on ptolemy.moml.MoMLSimpleApplication@19ad1421
----------------- Done invoking toplevel() on ptolemy.moml.MoMLSimpleApplication@19ad1421
reloadAllAccessors: .PublisherSubscriberOpaqueD3

===========================================================================================
----------------- testing Sun Jul 21 05:13:46 UTC 2019 /home/travis/build/icyphy/ptII/ptolemy/actor/lib/test/auto/PublisherSubscriberOpaqueD3Reverse.xml
----------------- Instantiating /home/travis/build/icyphy/ptII/ptolemy/actor/lib/test/auto/PublisherSubscriberOpaqueD3Reverse.xml
8 ms. Memory: 484352K Free: 305046K (63%)
----------------- Invoking toplevel() on ptolemy.moml.MoMLSimpleApplication@648aa77e
----------------- Done invoking toplevel() on ptolemy.moml.MoMLSimpleApplication@648aa77e
reloadAllAccessors: .PublisherSubscriberOpaqueD3Reverse

===========================================================================================
----------------- testing Sun Jul 21 05:13:46 UTC 2019 /home/travis/build/icyphy/ptII/ptolemy/actor/lib/test/auto/PublisherSubscriberOpaqueWidthInference.xml
----------------- Instantiating /home/travis/build/icyphy/ptII/ptolemy/actor/lib/test/auto/PublisherSubscriberOpaqueWidthInference.xml
6 ms. Memory: 484352K Free: 296854K (61%)
----------------- Invoking toplevel() on ptolemy.moml.MoMLSimpleApplication@1e5526ef
----------------- Done invoking toplevel() on ptolemy.moml.MoMLSimpleApplication@1e5526ef
reloadAllAccessors: .PublisherSubscriberOpaqueWidthInference

===========================================================================================
----------------- testing Sun Jul 21 05:13:46 UTC 2019 /home/travis/build/icyphy/ptII/ptolemy/actor/lib/test/auto/PublisherTestSubscriber.xml
----------------- Instantiating /home/travis/build/icyphy/ptII/ptolemy/actor/lib/test/auto/PublisherTestSubscriber.xml
4 ms. Memory: 484352K Free: 289166K (60%)
----------------- Invoking toplevel() on ptolemy.moml.MoMLSimpleApplication@5dcf800c
----------------- Done invoking toplevel() on ptolemy.moml.MoMLSimpleApplication@5dcf800c
reloadAllAccessors: .PublisherTestSubscriber

===========================================================================================
----------------- testing Sun Jul 21 05:13:46 UTC 2019 /home/travis/build/icyphy/ptII/ptolemy/actor/lib/test/auto/PublisherToplevelSubscriberPortAOC.xml
----------------- Instantiating /home/travis/build/icyphy/ptII/ptolemy/actor/lib/test/auto/PublisherToplevelSubscriberPortAOC.xml
1 ms. Memory: 484352K Free: 282518K (58%)
----------------- Invoking toplevel() on ptolemy.moml.MoMLSimpleApplication@50bb0cef
----------------- Done invoking toplevel() on ptolemy.moml.MoMLSimpleApplication@50bb0cef
reloadAllAccessors: .PublisherToplevelSubscriberPortAOC

===========================================================================================
----------------- testing Sun Jul 21 05:13:46 UTC 2019 /home/travis/build/icyphy/ptII/ptolemy/actor/lib/test/auto/PulseFiringLimitDE.xml
----------------- Instantiating /home/travis/build/icyphy/ptII/ptolemy/actor/lib/test/auto/PulseFiringLimitDE.xml
2 ms. Memory: 484352K Free: 276374K (57%)
----------------- Invoking toplevel() on ptolemy.moml.MoMLSimpleApplication@15c89d5f
----------------- Done invoking toplevel() on ptolemy.moml.MoMLSimpleApplication@15c89d5f
reloadAllAccessors: .PulseFiringLimitDE

===========================================================================================
----------------- testing Sun Jul 21 05:13:46 UTC 2019 /home/travis/build/icyphy/ptII/ptolemy/actor/lib/test/auto/Ramp1.xml
----------------- Instantiating /home/travis/build/icyphy/ptII/ptolemy/actor/lib/test/auto/Ramp1.xml
1 ms. Memory: 484352K Free: 272278K (56%)
----------------- Invoking toplevel() on ptolemy.moml.MoMLSimpleApplication@d5ac675
----------------- Done invoking toplevel() on ptolemy.moml.MoMLSimpleApplication@d5ac675
reloadAllAccessors: .Ramp1

===========================================================================================
----------------- testing Sun Jul 21 05:13:46 UTC 2019 /home/travis/build/icyphy/ptII/ptolemy/actor/lib/test/auto/RampFiringLimitDE.xml
----------------- Instantiating /home/travis/build/icyphy/ptII/ptolemy/actor/lib/test/auto/RampFiringLimitDE.xml
2 ms. Memory: 484352K Free: 266134K (55%)
----------------- Invoking toplevel() on ptolemy.moml.MoMLSimpleApplication@7cd92d
----------------- Done invoking toplevel() on ptolemy.moml.MoMLSimpleApplication@7cd92d
reloadAllAccessors: .RampFiringLimitDE

===========================================================================================
----------------- testing Sun Jul 21 05:13:46 UTC 2019 /home/travis/build/icyphy/ptII/ptolemy/actor/lib/test/auto/RampFiringLimitSDF.xml
----------------- Instantiating /home/travis/build/icyphy/ptII/ptolemy/actor/lib/test/auto/RampFiringLimitSDF.xml
2 ms. Memory: 484352K Free: 261014K (54%)
----------------- Invoking toplevel() on ptolemy.moml.MoMLSimpleApplication@555fbcf5
----------------- Done invoking toplevel() on ptolemy.moml.MoMLSimpleApplication@555fbcf5
reloadAllAccessors: .RampFiringLimitSDF

===========================================================================================
----------------- testing Sun Jul 21 05:13:46 UTC 2019 /home/travis/build/icyphy/ptII/ptolemy/actor/lib/test/auto/RandomInteger.xml
----------------- Instantiating /home/travis/build/icyphy/ptII/ptolemy/actor/lib/test/auto/RandomInteger.xml
2 ms. Memory: 484352K Free: 256918K (53%)
----------------- Invoking toplevel() on ptolemy.moml.MoMLSimpleApplication@54dd4f38
----------------- Done invoking toplevel() on ptolemy.moml.MoMLSimpleApplication@54dd4f38
reloadAllAccessors: .RandomInteger

===========================================================================================
----------------- testing Sun Jul 21 05:13:46 UTC 2019 /home/travis/build/icyphy/ptII/ptolemy/actor/lib/test/auto/ReadFile1.xml
----------------- Instantiating /home/travis/build/icyphy/ptII/ptolemy/actor/lib/test/auto/ReadFile1.xml
2 ms. Memory: 484352K Free: 252294K (52%)
----------------- Invoking toplevel() on ptolemy.moml.MoMLSimpleApplication@71e04017
----------------- Done invoking toplevel() on ptolemy.moml.MoMLSimpleApplication@71e04017
reloadAllAccessors: .ReadFile1

===========================================================================================
----------------- testing Sun Jul 21 05:13:46 UTC 2019 /home/travis/build/icyphy/ptII/ptolemy/actor/lib/test/auto/ReadFile2.xml
----------------- Instantiating /home/travis/build/icyphy/ptII/ptolemy/actor/lib/test/auto/ReadFile2.xml
1 ms. Memory: 484352K Free: 248212K (51%)
----------------- Invoking toplevel() on ptolemy.moml.MoMLSimpleApplication@7f45bd62
----------------- Done invoking toplevel() on ptolemy.moml.MoMLSimpleApplication@7f45bd62
reloadAllAccessors: .ReadFile2

===========================================================================================
----------------- testing Sun Jul 21 05:13:46 UTC 2019 /home/travis/build/icyphy/ptII/ptolemy/actor/lib/test/auto/Reader.xml
----------------- Instantiating /home/travis/build/icyphy/ptII/ptolemy/actor/lib/test/auto/Reader.xml
actor.lib.Reader is obsolete, use actor.lib.io.ExpressionReader instead
4 ms. Memory: 484352K Free: 244116K (50%)
----------------- Invoking toplevel() on ptolemy.moml.MoMLSimpleApplication@71cba49b
----------------- Done invoking toplevel() on ptolemy.moml.MoMLSimpleApplication@71cba49b
reloadAllAccessors: .Reader

===========================================================================================
----------------- testing Sun Jul 21 05:13:46 UTC 2019 /home/travis/build/icyphy/ptII/ptolemy/actor/lib/test/auto/RecordAssemblerDisplayNameTest.xml
----------------- Instantiating /home/travis/build/icyphy/ptII/ptolemy/actor/lib/test/auto/RecordAssemblerDisplayNameTest.xml
3405 ms. Memory: 484352K Free: 176960K (37%)
----------------- Invoking toplevel() on ptolemy.moml.MoMLSimpleApplication@7a142409
----------------- Done invoking toplevel() on ptolemy.moml.MoMLSimpleApplication@7a142409
reloadAllAccessors: .RecordAssemblerDisplayNameTest

===========================================================================================
----------------- testing Sun Jul 21 05:13:49 UTC 2019 /home/travis/build/icyphy/ptII/ptolemy/actor/lib/test/auto/RecordAssemblerTypeError.xml
----------------- Instantiating /home/travis/build/icyphy/ptII/ptolemy/actor/lib/test/auto/RecordAssemblerTypeError.xml
7 ms. Memory: 484352K Free: 167230K (35%)
----------------- Invoking toplevel() on ptolemy.moml.MoMLSimpleApplication@612860a8
----------------- Done invoking toplevel() on ptolemy.moml.MoMLSimpleApplication@612860a8
reloadAllAccessors: .RecordAssemblerTypeError

===========================================================================================
----------------- testing Sun Jul 21 05:13:49 UTC 2019 /home/travis/build/icyphy/ptII/ptolemy/actor/lib/test/auto/RecordDisassember.xml
----------------- Instantiating /home/travis/build/icyphy/ptII/ptolemy/actor/lib/test/auto/RecordDisassember.xml
7 ms. Memory: 484352K Free: 162624K (34%)
----------------- Invoking toplevel() on ptolemy.moml.MoMLSimpleApplication@5befcca8
----------------- Done invoking toplevel() on ptolemy.moml.MoMLSimpleApplication@5befcca8
reloadAllAccessors: .RecordDisassember

===========================================================================================
----------------- testing Sun Jul 21 05:13:49 UTC 2019 /home/travis/build/icyphy/ptII/ptolemy/actor/lib/test/auto/RecordDisassemberDisplayNameTest.xml
----------------- Instantiating /home/travis/build/icyphy/ptII/ptolemy/actor/lib/test/auto/RecordDisassemberDisplayNameTest.xml
11 ms. Memory: 484352K Free: 154432K (32%)
----------------- Invoking toplevel() on ptolemy.moml.MoMLSimpleApplication@7212cb16
----------------- Done invoking toplevel() on ptolemy.moml.MoMLSimpleApplication@7212cb16
reloadAllAccessors: .RecordDisassemberDisplayNameTest

===========================================================================================
----------------- testing Sun Jul 21 05:13:49 UTC 2019 /home/travis/build/icyphy/ptII/ptolemy/actor/lib/test/auto/RecordDisassembler.xml
----------------- Instantiating /home/travis/build/icyphy/ptII/ptolemy/actor/lib/test/auto/RecordDisassembler.xml
14 ms. Memory: 484352K Free: 435452K (90%)
----------------- Invoking toplevel() on ptolemy.moml.MoMLSimpleApplication@58d3ccda
----------------- Done invoking toplevel() on ptolemy.moml.MoMLSimpleApplication@58d3ccda
reloadAllAccessors: .RecordDisassembler

===========================================================================================
----------------- testing Sun Jul 21 05:13:49 UTC 2019 /home/travis/build/icyphy/ptII/ptolemy/actor/lib/test/auto/RecordDisassembler2.xml
----------------- Instantiating /home/travis/build/icyphy/ptII/ptolemy/actor/lib/test/auto/RecordDisassembler2.xml
6 ms. Memory: 484352K Free: 429876K (89%)
----------------- Invoking toplevel() on ptolemy.moml.MoMLSimpleApplication@75fc1ce0
----------------- Done invoking toplevel() on ptolemy.moml.MoMLSimpleApplication@75fc1ce0
reloadAllAccessors: .RecordDisassembler2

===========================================================================================
----------------- testing Sun Jul 21 05:13:49 UTC 2019 /home/travis/build/icyphy/ptII/ptolemy/actor/lib/test/auto/RecordUpdater.xml
----------------- Instantiating /home/travis/build/icyphy/ptII/ptolemy/actor/lib/test/auto/RecordUpdater.xml
2 ms. Memory: 484352K Free: 425266K (88%)
----------------- Invoking toplevel() on ptolemy.moml.MoMLSimpleApplication@7237ab5
----------------- Done invoking toplevel() on ptolemy.moml.MoMLSimpleApplication@7237ab5
reloadAllAccessors: .RecordUpdater

===========================================================================================
----------------- testing Sun Jul 21 05:13:49 UTC 2019 /home/travis/build/icyphy/ptII/ptolemy/actor/lib/test/auto/RecordUpdater2.xml
----------------- Instantiating /home/travis/build/icyphy/ptII/ptolemy/actor/lib/test/auto/RecordUpdater2.xml
3 ms. Memory: 484352K Free: 420146K (87%)
----------------- Invoking toplevel() on ptolemy.moml.MoMLSimpleApplication@6736cd03
----------------- Done invoking toplevel() on ptolemy.moml.MoMLSimpleApplication@6736cd03
reloadAllAccessors: .RecordUpdater2

===========================================================================================
----------------- testing Sun Jul 21 05:13:49 UTC 2019 /home/travis/build/icyphy/ptII/ptolemy/actor/lib/test/auto/RecursiveLattice.xml
----------------- Instantiating /home/travis/build/icyphy/ptII/ptolemy/actor/lib/test/auto/RecursiveLattice.xml
1 ms. Memory: 484352K Free: 416050K (86%)
----------------- Invoking toplevel() on ptolemy.moml.MoMLSimpleApplication@252a9c0
----------------- Done invoking toplevel() on ptolemy.moml.MoMLSimpleApplication@252a9c0
reloadAllAccessors: .RecursiveLattice

===========================================================================================
----------------- testing Sun Jul 21 05:13:49 UTC 2019 /home/travis/build/icyphy/ptII/ptolemy/actor/lib/test/auto/Router.xml
----------------- Instantiating /home/travis/build/icyphy/ptII/ptolemy/actor/lib/test/auto/Router.xml
3004 ms. Memory: 484352K Free: 405810K (84%)
----------------- Invoking toplevel() on ptolemy.moml.MoMLSimpleApplication@ca252ec
----------------- Done invoking toplevel() on ptolemy.moml.MoMLSimpleApplication@ca252ec
reloadAllAccessors: .Router

===========================================================================================
----------------- testing Sun Jul 21 05:13:52 UTC 2019 /home/travis/build/icyphy/ptII/ptolemy/actor/lib/test/auto/Router2.xml
----------------- Instantiating /home/travis/build/icyphy/ptII/ptolemy/actor/lib/test/auto/Router2.xml
3004 ms. Memory: 484352K Free: 394036K (81%)
----------------- Invoking toplevel() on ptolemy.moml.MoMLSimpleApplication@5762d616
----------------- Done invoking toplevel() on ptolemy.moml.MoMLSimpleApplication@5762d616
reloadAllAccessors: .Router2

===========================================================================================
----------------- testing Sun Jul 21 05:13:56 UTC 2019 /home/travis/build/icyphy/ptII/ptolemy/actor/lib/test/auto/RunningMaximum.xml
----------------- Instantiating /home/travis/build/icyphy/ptII/ptolemy/actor/lib/test/auto/RunningMaximum.xml
2 ms. Memory: 484352K Free: 389426K (80%)
----------------- Invoking toplevel() on ptolemy.moml.MoMLSimpleApplication@609039f0
----------------- Done invoking toplevel() on ptolemy.moml.MoMLSimpleApplication@609039f0
reloadAllAccessors: .RunningMaximum

===========================================================================================
----------------- testing Sun Jul 21 05:13:56 UTC 2019 /home/travis/build/icyphy/ptII/ptolemy/actor/lib/test/auto/RunningMinimum.xml
----------------- Instantiating /home/travis/build/icyphy/ptII/ptolemy/actor/lib/test/auto/RunningMinimum.xml
10 ms. Memory: 484352K Free: 384820K (79%)
----------------- Invoking toplevel() on ptolemy.moml.MoMLSimpleApplication@1ae6ec4b
----------------- Done invoking toplevel() on ptolemy.moml.MoMLSimpleApplication@1ae6ec4b
reloadAllAccessors: .RunningMinimum

===========================================================================================
----------------- testing Sun Jul 21 05:13:56 UTC 2019 /home/travis/build/icyphy/ptII/ptolemy/actor/lib/test/auto/Scale.xml
----------------- Instantiating /home/travis/build/icyphy/ptII/ptolemy/actor/lib/test/auto/Scale.xml
2 ms. Memory: 484352K Free: 379700K (78%)
----------------- Invoking toplevel() on ptolemy.moml.MoMLSimpleApplication@406aad09
----------------- Done invoking toplevel() on ptolemy.moml.MoMLSimpleApplication@406aad09
reloadAllAccessors: .Scale

===========================================================================================
----------------- testing Sun Jul 21 05:13:56 UTC 2019 /home/travis/build/icyphy/ptII/ptolemy/actor/lib/test/auto/Scale2.xml
----------------- Instantiating /home/travis/build/icyphy/ptII/ptolemy/actor/lib/test/auto/Scale2.xml
2 ms. Memory: 484352K Free: 375090K (77%)
----------------- Invoking toplevel() on ptolemy.moml.MoMLSimpleApplication@1c88e1c4
----------------- Done invoking toplevel() on ptolemy.moml.MoMLSimpleApplication@1c88e1c4
reloadAllAccessors: .Scale2

===========================================================================================
----------------- testing Sun Jul 21 05:13:56 UTC 2019 /home/travis/build/icyphy/ptII/ptolemy/actor/lib/test/auto/Scale3.xml
----------------- Instantiating /home/travis/build/icyphy/ptII/ptolemy/actor/lib/test/auto/Scale3.xml
10 ms. Memory: 484352K Free: 368946K (76%)
----------------- Invoking toplevel() on ptolemy.moml.MoMLSimpleApplication@6b955f1d
----------------- Done invoking toplevel() on ptolemy.moml.MoMLSimpleApplication@6b955f1d
reloadAllAccessors: .Scale3

===========================================================================================
----------------- testing Sun Jul 21 05:13:56 UTC 2019 /home/travis/build/icyphy/ptII/ptolemy/actor/lib/test/auto/ScaleArray.xml
----------------- Instantiating /home/travis/build/icyphy/ptII/ptolemy/actor/lib/test/auto/ScaleArray.xml
2 ms. Memory: 484352K Free: 364340K (75%)
----------------- Invoking toplevel() on ptolemy.moml.MoMLSimpleApplication@1536e31d
----------------- Done invoking toplevel() on ptolemy.moml.MoMLSimpleApplication@1536e31d
reloadAllAccessors: .ScaleArray

===========================================================================================
----------------- testing Sun Jul 21 05:13:56 UTC 2019 /home/travis/build/icyphy/ptII/ptolemy/actor/lib/test/auto/ScaleArray2.xml
----------------- Instantiating /home/travis/build/icyphy/ptII/ptolemy/actor/lib/test/auto/ScaleArray2.xml
1 ms. Memory: 484352K Free: 359730K (74%)
----------------- Invoking toplevel() on ptolemy.moml.MoMLSimpleApplication@459cbedc
----------------- Done invoking toplevel() on ptolemy.moml.MoMLSimpleApplication@459cbedc
reloadAllAccessors: .ScaleArray2

===========================================================================================
----------------- testing Sun Jul 21 05:13:56 UTC 2019 /home/travis/build/icyphy/ptII/ptolemy/actor/lib/test/auto/ScaleMatrix.xml
----------------- Instantiating /home/travis/build/icyphy/ptII/ptolemy/actor/lib/test/auto/ScaleMatrix.xml
214 ms. Memory: 484352K Free: 344884K (71%)
----------------- Invoking toplevel() on ptolemy.moml.MoMLSimpleApplication@50032360
----------------- Done invoking toplevel() on ptolemy.moml.MoMLSimpleApplication@50032360
reloadAllAccessors: .ScaleMatrix

===========================================================================================
----------------- testing Sun Jul 21 05:13:56 UTC 2019 /home/travis/build/icyphy/ptII/ptolemy/actor/lib/test/auto/Select.xml
----------------- Instantiating /home/travis/build/icyphy/ptII/ptolemy/actor/lib/test/auto/Select.xml
2 ms. Memory: 484352K Free: 338740K (70%)
----------------- Invoking toplevel() on ptolemy.moml.MoMLSimpleApplication@5ea43a18
----------------- Done invoking toplevel() on ptolemy.moml.MoMLSimpleApplication@5ea43a18
reloadAllAccessors: .Select

===========================================================================================
----------------- testing Sun Jul 21 05:13:56 UTC 2019 /home/travis/build/icyphy/ptII/ptolemy/actor/lib/test/auto/Select2.xml
----------------- Instantiating /home/travis/build/icyphy/ptII/ptolemy/actor/lib/test/auto/Select2.xml
1 ms. Memory: 484352K Free: 334130K (69%)
----------------- Invoking toplevel() on ptolemy.moml.MoMLSimpleApplication@7521b8f0
----------------- Done invoking toplevel() on ptolemy.moml.MoMLSimpleApplication@7521b8f0
reloadAllAccessors: .Select2

===========================================================================================
----------------- testing Sun Jul 21 05:13:56 UTC 2019 /home/travis/build/icyphy/ptII/ptolemy/actor/lib/test/auto/SequenceToArray2.xml
----------------- Instantiating /home/travis/build/icyphy/ptII/ptolemy/actor/lib/test/auto/SequenceToArray2.xml
111 ms. Memory: 484352K Free: 310068K (64%)
----------------- Invoking toplevel() on ptolemy.moml.MoMLSimpleApplication@489e1843
----------------- Done invoking toplevel() on ptolemy.moml.MoMLSimpleApplication@489e1843
reloadAllAccessors: .SequenceToArray2

===========================================================================================
----------------- testing Sun Jul 21 05:13:56 UTC 2019 /home/travis/build/icyphy/ptII/ptolemy/actor/lib/test/auto/SequentialClock.xml
----------------- Instantiating /home/travis/build/icyphy/ptII/ptolemy/actor/lib/test/auto/SequentialClock.xml
1 ms. Memory: 484352K Free: 305972K (63%)
----------------- Invoking toplevel() on ptolemy.moml.MoMLSimpleApplication@afc4e1a
----------------- Done invoking toplevel() on ptolemy.moml.MoMLSimpleApplication@afc4e1a
reloadAllAccessors: .SequentialClock

===========================================================================================
----------------- testing Sun Jul 21 05:13:56 UTC 2019 /home/travis/build/icyphy/ptII/ptolemy/actor/lib/test/auto/SetVariable.xml
----------------- Instantiating /home/travis/build/icyphy/ptII/ptolemy/actor/lib/test/auto/SetVariable.xml
5 ms. Memory: 484352K Free: 301362K (62%)
----------------- Invoking toplevel() on ptolemy.moml.MoMLSimpleApplication@6abfb6b0
----------------- Done invoking toplevel() on ptolemy.moml.MoMLSimpleApplication@6abfb6b0
reloadAllAccessors: .SetVariable

===========================================================================================
----------------- testing Sun Jul 21 05:13:56 UTC 2019 /home/travis/build/icyphy/ptII/ptolemy/actor/lib/test/auto/SetVariable2.xml
----------------- Instantiating /home/travis/build/icyphy/ptII/ptolemy/actor/lib/test/auto/SetVariable2.xml
3 ms. Memory: 484352K Free: 296242K (61%)
----------------- Invoking toplevel() on ptolemy.moml.MoMLSimpleApplication@50134f55
----------------- Done invoking toplevel() on ptolemy.moml.MoMLSimpleApplication@50134f55
reloadAllAccessors: .SetVariable2

===========================================================================================
----------------- testing Sun Jul 21 05:13:56 UTC 2019 /home/travis/build/icyphy/ptII/ptolemy/actor/lib/test/auto/SetVariable3.xml
----------------- Instantiating /home/travis/build/icyphy/ptII/ptolemy/actor/lib/test/auto/SetVariable3.xml
7 ms. Memory: 484352K Free: 291122K (60%)
----------------- Invoking toplevel() on ptolemy.moml.MoMLSimpleApplication@3d57c48d
----------------- Done invoking toplevel() on ptolemy.moml.MoMLSimpleApplication@3d57c48d
reloadAllAccessors: .SetVariable3

===========================================================================================
----------------- testing Sun Jul 21 05:13:56 UTC 2019 /home/travis/build/icyphy/ptII/ptolemy/actor/lib/test/auto/SetVariable4.xml
----------------- Instantiating /home/travis/build/icyphy/ptII/ptolemy/actor/lib/test/auto/SetVariable4.xml
14 ms. Memory: 484352K Free: 281906K (58%)
----------------- Invoking toplevel() on ptolemy.moml.MoMLSimpleApplication@594d7d59
----------------- Done invoking toplevel() on ptolemy.moml.MoMLSimpleApplication@594d7d59
reloadAllAccessors: .SetVariable4

===========================================================================================
----------------- testing Sun Jul 21 05:13:56 UTC 2019 /home/travis/build/icyphy/ptII/ptolemy/actor/lib/test/auto/SetVariable5.xml
----------------- Instantiating /home/travis/build/icyphy/ptII/ptolemy/actor/lib/test/auto/SetVariable5.xml
19 ms. Memory: 484352K Free: 272180K (56%)
----------------- Invoking toplevel() on ptolemy.moml.MoMLSimpleApplication@762be126
----------------- Done invoking toplevel() on ptolemy.moml.MoMLSimpleApplication@762be126
reloadAllAccessors: .SetVariable5

===========================================================================================
----------------- testing Sun Jul 21 05:13:56 UTC 2019 /home/travis/build/icyphy/ptII/ptolemy/actor/lib/test/auto/Sinewave.xml
----------------- Instantiating /home/travis/build/icyphy/ptII/ptolemy/actor/lib/test/auto/Sinewave.xml
4 ms. Memory: 484352K Free: 261426K (54%)
----------------- Invoking toplevel() on ptolemy.moml.MoMLSimpleApplication@6d59261a
----------------- Done invoking toplevel() on ptolemy.moml.MoMLSimpleApplication@6d59261a
reloadAllAccessors: .Sinewave

===========================================================================================
----------------- testing Sun Jul 21 05:13:56 UTC 2019 /home/travis/build/icyphy/ptII/ptolemy/actor/lib/test/auto/Sinewave2.xml
----------------- Instantiating /home/travis/build/icyphy/ptII/ptolemy/actor/lib/test/auto/Sinewave2.xml
8 ms. Memory: 484352K Free: 253234K (52%)
----------------- Invoking toplevel() on ptolemy.moml.MoMLSimpleApplication@71f65a41
----------------- Done invoking toplevel() on ptolemy.moml.MoMLSimpleApplication@71f65a41
reloadAllAccessors: .Sinewave2

===========================================================================================
----------------- testing Sun Jul 21 05:13:56 UTC 2019 /home/travis/build/icyphy/ptII/ptolemy/actor/lib/test/auto/Sinewave3.xml
----------------- Instantiating /home/travis/build/icyphy/ptII/ptolemy/actor/lib/test/auto/Sinewave3.xml
9 ms. Memory: 484352K Free: 245012K (51%)
----------------- Invoking toplevel() on ptolemy.moml.MoMLSimpleApplication@742790de
----------------- Done invoking toplevel() on ptolemy.moml.MoMLSimpleApplication@742790de
reloadAllAccessors: .Sinewave3

===========================================================================================
----------------- testing Sun Jul 21 05:13:56 UTC 2019 /home/travis/build/icyphy/ptII/ptolemy/actor/lib/test/auto/SingleEvent.xml
----------------- Instantiating /home/travis/build/icyphy/ptII/ptolemy/actor/lib/test/auto/SingleEvent.xml
1 ms. Memory: 484352K Free: 240946K (50%)
----------------- Invoking toplevel() on ptolemy.moml.MoMLSimpleApplication@7fca4995
----------------- Done invoking toplevel() on ptolemy.moml.MoMLSimpleApplication@7fca4995
reloadAllAccessors: .SingleEvent

===========================================================================================
----------------- testing Sun Jul 21 05:13:56 UTC 2019 /home/travis/build/icyphy/ptII/ptolemy/actor/lib/test/auto/Sleep.xml
----------------- Instantiating /home/travis/build/icyphy/ptII/ptolemy/actor/lib/test/auto/Sleep.xml
6004 ms. Memory: 484352K Free: 235796K (49%)
----------------- Invoking toplevel() on ptolemy.moml.MoMLSimpleApplication@696f5d3e
----------------- Done invoking toplevel() on ptolemy.moml.MoMLSimpleApplication@696f5d3e
reloadAllAccessors: .Sleep

===========================================================================================
----------------- testing Sun Jul 21 05:14:02 UTC 2019 /home/travis/build/icyphy/ptII/ptolemy/actor/lib/test/auto/SleepMultipleFire.xml
----------------- Instantiating /home/travis/build/icyphy/ptII/ptolemy/actor/lib/test/auto/SleepMultipleFire.xml
1007 ms. Memory: 484352K Free: 230196K (48%)
----------------- Invoking toplevel() on ptolemy.moml.MoMLSimpleApplication@cb326f1
----------------- Done invoking toplevel() on ptolemy.moml.MoMLSimpleApplication@cb326f1
reloadAllAccessors: .SleepMultipleFire

===========================================================================================
----------------- testing Sun Jul 21 05:14:03 UTC 2019 /home/travis/build/icyphy/ptII/ptolemy/actor/lib/test/auto/StopDE.xml
----------------- Instantiating /home/travis/build/icyphy/ptII/ptolemy/actor/lib/test/auto/StopDE.xml
2 ms. Memory: 484352K Free: 224562K (46%)
----------------- Invoking toplevel() on ptolemy.moml.MoMLSimpleApplication@3ba77ea1
----------------- Done invoking toplevel() on ptolemy.moml.MoMLSimpleApplication@3ba77ea1
reloadAllAccessors: .StopDE

===========================================================================================
----------------- testing Sun Jul 21 05:14:03 UTC 2019 /home/travis/build/icyphy/ptII/ptolemy/actor/lib/test/auto/StopSDF.xml
----------------- Instantiating /home/travis/build/icyphy/ptII/ptolemy/actor/lib/test/auto/StopSDF.xml
3 ms. Memory: 484352K Free: 218932K (45%)
----------------- Invoking toplevel() on ptolemy.moml.MoMLSimpleApplication@6e3264f3
----------------- Done invoking toplevel() on ptolemy.moml.MoMLSimpleApplication@6e3264f3
reloadAllAccessors: .StopSDF

===========================================================================================
----------------- testing Sun Jul 21 05:14:03 UTC 2019 /home/travis/build/icyphy/ptII/ptolemy/actor/lib/test/auto/StringConstant.xml
----------------- Instantiating /home/travis/build/icyphy/ptII/ptolemy/actor/lib/test/auto/StringConstant.xml
11 ms. Memory: 484352K Free: 214836K (44%)
----------------- Invoking toplevel() on ptolemy.moml.MoMLSimpleApplication@762a4ce8
----------------- Done invoking toplevel() on ptolemy.moml.MoMLSimpleApplication@762a4ce8
reloadAllAccessors: .StringConstant

===========================================================================================
----------------- testing Sun Jul 21 05:14:03 UTC 2019 /home/travis/build/icyphy/ptII/ptolemy/actor/lib/test/auto/SubscriberPortInitialValues1.xml
----------------- Instantiating /home/travis/build/icyphy/ptII/ptolemy/actor/lib/test/auto/SubscriberPortInitialValues1.xml
12 ms. Memory: 484352K Free: 206130K (43%)
----------------- Invoking toplevel() on ptolemy.moml.MoMLSimpleApplication@6ccb21f5
----------------- Done invoking toplevel() on ptolemy.moml.MoMLSimpleApplication@6ccb21f5
reloadAllAccessors: .SubscriberPortInitialValues1

===========================================================================================
----------------- testing Sun Jul 21 05:14:03 UTC 2019 /home/travis/build/icyphy/ptII/ptolemy/actor/lib/test/auto/SubscriberPortInitialValues13.xml
----------------- Instantiating /home/travis/build/icyphy/ptII/ptolemy/actor/lib/test/auto/SubscriberPortInitialValues13.xml
6 ms. Memory: 484352K Free: 192818K (40%)
----------------- Invoking toplevel() on ptolemy.moml.MoMLSimpleApplication@71b0502d
----------------- Done invoking toplevel() on ptolemy.moml.MoMLSimpleApplication@71b0502d
reloadAllAccessors: .SubscriberPortInitialValues13

===========================================================================================
----------------- testing Sun Jul 21 05:14:03 UTC 2019 /home/travis/build/icyphy/ptII/ptolemy/actor/lib/test/auto/SubscriberPortInitialValues14.xml
----------------- Instantiating /home/travis/build/icyphy/ptII/ptolemy/actor/lib/test/auto/SubscriberPortInitialValues14.xml
4 ms. Memory: 484352K Free: 185140K (38%)
----------------- Invoking toplevel() on ptolemy.moml.MoMLSimpleApplication@4b110686
----------------- Done invoking toplevel() on ptolemy.moml.MoMLSimpleApplication@4b110686
reloadAllAccessors: .SubscriberPortInitialValues14

===========================================================================================
----------------- testing Sun Jul 21 05:14:03 UTC 2019 /home/travis/build/icyphy/ptII/ptolemy/actor/lib/test/auto/SubscriberPortInitialValues2.xml
----------------- Instantiating /home/travis/build/icyphy/ptII/ptolemy/actor/lib/test/auto/SubscriberPortInitialValues2.xml
4 ms. Memory: 484352K Free: 177458K (37%)
----------------- Invoking toplevel() on ptolemy.moml.MoMLSimpleApplication@526a5632
----------------- Done invoking toplevel() on ptolemy.moml.MoMLSimpleApplication@526a5632
reloadAllAccessors: .SubscriberPortInitialValues2

===========================================================================================
----------------- testing Sun Jul 21 05:14:03 UTC 2019 /home/travis/build/icyphy/ptII/ptolemy/actor/lib/test/auto/SubscriberPortInitialValues3.xml
----------------- Instantiating /home/travis/build/icyphy/ptII/ptolemy/actor/lib/test/auto/SubscriberPortInitialValues3.xml
5 ms. Memory: 484352K Free: 166708K (34%)
----------------- Invoking toplevel() on ptolemy.moml.MoMLSimpleApplication@ca5b24e
----------------- Done invoking toplevel() on ptolemy.moml.MoMLSimpleApplication@ca5b24e
reloadAllAccessors: .SubscriberPortInitialValues3

===========================================================================================
----------------- testing Sun Jul 21 05:14:04 UTC 2019 /home/travis/build/icyphy/ptII/ptolemy/actor/lib/test/auto/SubscriptionAggregator.xml
----------------- Instantiating /home/travis/build/icyphy/ptII/ptolemy/actor/lib/test/auto/SubscriptionAggregator.xml
5 ms. Memory: 484352K Free: 159540K (33%)
----------------- Invoking toplevel() on ptolemy.moml.MoMLSimpleApplication@1b66b435
----------------- Done invoking toplevel() on ptolemy.moml.MoMLSimpleApplication@1b66b435
reloadAllAccessors: .SubscriptionAggregator

===========================================================================================
----------------- testing Sun Jul 21 05:14:04 UTC 2019 /home/travis/build/icyphy/ptII/ptolemy/actor/lib/test/auto/SubscriptionAggregator2.xml
----------------- Instantiating /home/travis/build/icyphy/ptII/ptolemy/actor/lib/test/auto/SubscriptionAggregator2.xml
3 ms. Memory: 484352K Free: 152372K (31%)
----------------- Invoking toplevel() on ptolemy.moml.MoMLSimpleApplication@e676542
----------------- Done invoking toplevel() on ptolemy.moml.MoMLSimpleApplication@e676542
reloadAllAccessors: .SubscriptionAggregator2

===========================================================================================
----------------- testing Sun Jul 21 05:14:04 UTC 2019 /home/travis/build/icyphy/ptII/ptolemy/actor/lib/test/auto/SubscriptionAggregator3.xml
----------------- Instantiating /home/travis/build/icyphy/ptII/ptolemy/actor/lib/test/auto/SubscriptionAggregator3.xml
4 ms. Memory: 484352K Free: 428675K (89%)
----------------- Invoking toplevel() on ptolemy.moml.MoMLSimpleApplication@4916dbf6
----------------- Done invoking toplevel() on ptolemy.moml.MoMLSimpleApplication@4916dbf6
reloadAllAccessors: .SubscriptionAggregator3

===========================================================================================
----------------- testing Sun Jul 21 05:14:04 UTC 2019 /home/travis/build/icyphy/ptII/ptolemy/actor/lib/test/auto/SubscriptionAggregatorMultiply.xml
----------------- Instantiating /home/travis/build/icyphy/ptII/ptolemy/actor/lib/test/auto/SubscriptionAggregatorMultiply.xml
4 ms. Memory: 484352K Free: 419973K (87%)
----------------- Invoking toplevel() on ptolemy.moml.MoMLSimpleApplication@18c8c5e9
----------------- Done invoking toplevel() on ptolemy.moml.MoMLSimpleApplication@18c8c5e9
reloadAllAccessors: .SubscriptionAggregatorMultiply

===========================================================================================
----------------- testing Sun Jul 21 05:14:04 UTC 2019 /home/travis/build/icyphy/ptII/ptolemy/actor/lib/test/auto/SubscriptionAggregatorPortMultiply1.xml
----------------- Instantiating /home/travis/build/icyphy/ptII/ptolemy/actor/lib/test/auto/SubscriptionAggregatorPortMultiply1.xml
7 ms. Memory: 484352K Free: 411781K (85%)
----------------- Invoking toplevel() on ptolemy.moml.MoMLSimpleApplication@34b4b7ea
----------------- Done invoking toplevel() on ptolemy.moml.MoMLSimpleApplication@34b4b7ea
reloadAllAccessors: .SubscriptionAggregatorPortMultiply1

===========================================================================================
----------------- testing Sun Jul 21 05:14:04 UTC 2019 /home/travis/build/icyphy/ptII/ptolemy/actor/lib/test/auto/Switch.xml
----------------- Instantiating /home/travis/build/icyphy/ptII/ptolemy/actor/lib/test/auto/Switch.xml
9 ms. Memory: 484352K Free: 403589K (83%)
----------------- Invoking toplevel() on ptolemy.moml.MoMLSimpleApplication@78a779d6
----------------- Done invoking toplevel() on ptolemy.moml.MoMLSimpleApplication@78a779d6
reloadAllAccessors: .Switch

===========================================================================================
----------------- testing Sun Jul 21 05:14:04 UTC 2019 /home/travis/build/icyphy/ptII/ptolemy/actor/lib/test/auto/Switch2.xml
----------------- Instantiating /home/travis/build/icyphy/ptII/ptolemy/actor/lib/test/auto/Switch2.xml
1 ms. Memory: 484352K Free: 398979K (82%)
----------------- Invoking toplevel() on ptolemy.moml.MoMLSimpleApplication@21cd4c89
----------------- Done invoking toplevel() on ptolemy.moml.MoMLSimpleApplication@21cd4c89
reloadAllAccessors: .Switch2

===========================================================================================
----------------- testing Sun Jul 21 05:14:04 UTC 2019 /home/travis/build/icyphy/ptII/ptolemy/actor/lib/test/auto/SwitchDE.xml
----------------- Instantiating /home/travis/build/icyphy/ptII/ptolemy/actor/lib/test/auto/SwitchDE.xml
4 ms. Memory: 484352K Free: 392821K (81%)
----------------- Invoking toplevel() on ptolemy.moml.MoMLSimpleApplication@644cd71f
----------------- Done invoking toplevel() on ptolemy.moml.MoMLSimpleApplication@644cd71f
reloadAllAccessors: .SwitchDE

===========================================================================================
----------------- testing Sun Jul 21 05:14:04 UTC 2019 /home/travis/build/icyphy/ptII/ptolemy/actor/lib/test/auto/SynchronizerDE.xml
----------------- Instantiating /home/travis/build/icyphy/ptII/ptolemy/actor/lib/test/auto/SynchronizerDE.xml
7 ms. Memory: 484352K Free: 384629K (79%)
----------------- Invoking toplevel() on ptolemy.moml.MoMLSimpleApplication@71a8a07b
----------------- Done invoking toplevel() on ptolemy.moml.MoMLSimpleApplication@71a8a07b
reloadAllAccessors: .SynchronizerDE

===========================================================================================
----------------- testing Sun Jul 21 05:14:04 UTC 2019 /home/travis/build/icyphy/ptII/ptolemy/actor/lib/test/auto/Test.xml
----------------- Instantiating /home/travis/build/icyphy/ptII/ptolemy/actor/lib/test/auto/Test.xml
2 ms. Memory: 484352K Free: 379493K (78%)
----------------- Invoking toplevel() on ptolemy.moml.MoMLSimpleApplication@6d1c908f
----------------- Done invoking toplevel() on ptolemy.moml.MoMLSimpleApplication@6d1c908f
reloadAllAccessors: .Test

===========================================================================================
----------------- testing Sun Jul 21 05:14:04 UTC 2019 /home/travis/build/icyphy/ptII/ptolemy/actor/lib/test/auto/TestExceptionAttribute1.xml
----------------- Instantiating /home/travis/build/icyphy/ptII/ptolemy/actor/lib/test/auto/TestExceptionAttribute1.xml
1 ms. Memory: 484352K Free: 375941K (78%)
----------------- Invoking toplevel() on ptolemy.moml.MoMLSimpleApplication@7efbbbc6
----------------- Done invoking toplevel() on ptolemy.moml.MoMLSimpleApplication@7efbbbc6
reloadAllAccessors: .TestExceptionAttribute1

===========================================================================================
----------------- testing Sun Jul 21 05:14:04 UTC 2019 /home/travis/build/icyphy/ptII/ptolemy/actor/lib/test/auto/TestExceptionAttribute2.xml
----------------- Instantiating /home/travis/build/icyphy/ptII/ptolemy/actor/lib/test/auto/TestExceptionAttribute2.xml
1 ms. Memory: 484352K Free: 372355K (77%)
----------------- Invoking toplevel() on ptolemy.moml.MoMLSimpleApplication@5a7dc61a
----------------- Done invoking toplevel() on ptolemy.moml.MoMLSimpleApplication@5a7dc61a
reloadAllAccessors: .TestExceptionAttribute2

===========================================================================================
----------------- testing Sun Jul 21 05:14:04 UTC 2019 /home/travis/build/icyphy/ptII/ptolemy/actor/lib/test/auto/TestExceptionAttribute3.xml
----------------- Instantiating /home/travis/build/icyphy/ptII/ptolemy/actor/lib/test/auto/TestExceptionAttribute3.xml
.TestExceptionAttribute3.TestExceptionAttribute: initialize() was not invoked, but wrapup() was.  This is unusual, but not always a problem.  For example, exporting JNLP will do this.
1 ms. Memory: 484352K Free: 368773K (76%)
----------------- Invoking toplevel() on ptolemy.moml.MoMLSimpleApplication@875d76f
----------------- Done invoking toplevel() on ptolemy.moml.MoMLSimpleApplication@875d76f
reloadAllAccessors: .TestExceptionAttribute3

===========================================================================================
----------------- testing Sun Jul 21 05:14:04 UTC 2019 /home/travis/build/icyphy/ptII/ptolemy/actor/lib/test/auto/TestExceptionAttribute4.xml
----------------- Instantiating /home/travis/build/icyphy/ptII/ptolemy/actor/lib/test/auto/TestExceptionAttribute4.xml
.TestExceptionAttribute4.TestExceptionAttribute: initialize() was not invoked, but wrapup() was.  This is unusual, but not always a problem.  For example, exporting JNLP will do this.
.TestExceptionAttribute4.TestExceptionAttribute2: initialize() was not invoked, but wrapup() was.  This is unusual, but not always a problem.  For example, exporting JNLP will do this.
1 ms. Memory: 484352K Free: 364163K (75%)
----------------- Invoking toplevel() on ptolemy.moml.MoMLSimpleApplication@607e10a6
----------------- Done invoking toplevel() on ptolemy.moml.MoMLSimpleApplication@607e10a6
reloadAllAccessors: .TestExceptionAttribute4

===========================================================================================
----------------- testing Sun Jul 21 05:14:04 UTC 2019 /home/travis/build/icyphy/ptII/ptolemy/actor/lib/test/auto/TestExceptionHandler1.xml
----------------- Instantiating /home/travis/build/icyphy/ptII/ptolemy/actor/lib/test/auto/TestExceptionHandler1.xml
1 ms. Memory: 484352K Free: 360581K (74%)
----------------- Invoking toplevel() on ptolemy.moml.MoMLSimpleApplication@3151655d
----------------- Done invoking toplevel() on ptolemy.moml.MoMLSimpleApplication@3151655d
reloadAllAccessors: .TestExceptionHandler1

===========================================================================================
----------------- testing Sun Jul 21 05:14:04 UTC 2019 /home/travis/build/icyphy/ptII/ptolemy/actor/lib/test/auto/TestExceptionHandler2.xml
----------------- Instantiating /home/travis/build/icyphy/ptII/ptolemy/actor/lib/test/auto/TestExceptionHandler2.xml
2 ms. Memory: 484352K Free: 356995K (74%)
----------------- Invoking toplevel() on ptolemy.moml.MoMLSimpleApplication@69319e0f
----------------- Done invoking toplevel() on ptolemy.moml.MoMLSimpleApplication@69319e0f
reloadAllAccessors: .TestExceptionHandler2

===========================================================================================
----------------- testing Sun Jul 21 05:14:04 UTC 2019 /home/travis/build/icyphy/ptII/ptolemy/actor/lib/test/auto/TestExceptionHandler3.xml
----------------- Instantiating /home/travis/build/icyphy/ptII/ptolemy/actor/lib/test/auto/TestExceptionHandler3.xml
1 ms. Memory: 484352K Free: 353413K (73%)
----------------- Invoking toplevel() on ptolemy.moml.MoMLSimpleApplication@7f7b8009
----------------- Done invoking toplevel() on ptolemy.moml.MoMLSimpleApplication@7f7b8009
reloadAllAccessors: .TestExceptionHandler3

===========================================================================================
----------------- testing Sun Jul 21 05:14:04 UTC 2019 /home/travis/build/icyphy/ptII/ptolemy/actor/lib/test/auto/TestExceptionHandler4.xml
----------------- Instantiating /home/travis/build/icyphy/ptII/ptolemy/actor/lib/test/auto/TestExceptionHandler4.xml
1 ms. Memory: 484352K Free: 349317K (72%)
----------------- Invoking toplevel() on ptolemy.moml.MoMLSimpleApplication@501e44c1
----------------- Done invoking toplevel() on ptolemy.moml.MoMLSimpleApplication@501e44c1
reloadAllAccessors: .TestExceptionHandler4

===========================================================================================
----------------- testing Sun Jul 21 05:14:04 UTC 2019 /home/travis/build/icyphy/ptII/ptolemy/actor/lib/test/auto/TestRequireCorrectOrder.xml
----------------- Instantiating /home/travis/build/icyphy/ptII/ptolemy/actor/lib/test/auto/TestRequireCorrectOrder.xml
11 ms. Memory: 484352K Free: 344197K (71%)
----------------- Invoking toplevel() on ptolemy.moml.MoMLSimpleApplication@2636ffb0
----------------- Done invoking toplevel() on ptolemy.moml.MoMLSimpleApplication@2636ffb0
reloadAllAccessors: .TestRequireCorrectOrder

===========================================================================================
----------------- testing Sun Jul 21 05:14:04 UTC 2019 /home/travis/build/icyphy/ptII/ptolemy/actor/lib/test/auto/TestSimple.xml
----------------- Instantiating /home/travis/build/icyphy/ptII/ptolemy/actor/lib/test/auto/TestSimple.xml
2 ms. Memory: 484352K Free: 340101K (70%)
----------------- Invoking toplevel() on ptolemy.moml.MoMLSimpleApplication@597207f8
----------------- Done invoking toplevel() on ptolemy.moml.MoMLSimpleApplication@597207f8
reloadAllAccessors: .TestSimple

===========================================================================================
----------------- testing Sun Jul 21 05:14:04 UTC 2019 /home/travis/build/icyphy/ptII/ptolemy/actor/lib/test/auto/ThrowModelError.xml
----------------- Instantiating /home/travis/build/icyphy/ptII/ptolemy/actor/lib/test/auto/ThrowModelError.xml
1 ms. Memory: 484352K Free: 334981K (69%)
----------------- Invoking toplevel() on ptolemy.moml.MoMLSimpleApplication@20a156e2
----------------- Done invoking toplevel() on ptolemy.moml.MoMLSimpleApplication@20a156e2
reloadAllAccessors: .ThrowModelError

===========================================================================================
----------------- testing Sun Jul 21 05:14:04 UTC 2019 /home/travis/build/icyphy/ptII/ptolemy/actor/lib/test/auto/TimeDelayMicrosteps.xml
----------------- Instantiating /home/travis/build/icyphy/ptII/ptolemy/actor/lib/test/auto/TimeDelayMicrosteps.xml
3 ms. Memory: 484352K Free: 328293K (68%)
----------------- Invoking toplevel() on ptolemy.moml.MoMLSimpleApplication@6ca09e38
----------------- Done invoking toplevel() on ptolemy.moml.MoMLSimpleApplication@6ca09e38
reloadAllAccessors: .TimeDelayMicrosteps

===========================================================================================
----------------- testing Sun Jul 21 05:14:04 UTC 2019 /home/travis/build/icyphy/ptII/ptolemy/actor/lib/test/auto/TimeDelayMicrosteps2.xml
----------------- Instantiating /home/travis/build/icyphy/ptII/ptolemy/actor/lib/test/auto/TimeDelayMicrosteps2.xml
7 ms. Memory: 484352K Free: 320645K (66%)
----------------- Invoking toplevel() on ptolemy.moml.MoMLSimpleApplication@226c47fd
----------------- Done invoking toplevel() on ptolemy.moml.MoMLSimpleApplication@226c47fd
reloadAllAccessors: .TimeDelayMicrosteps2

===========================================================================================
----------------- testing Sun Jul 21 05:14:04 UTC 2019 /home/travis/build/icyphy/ptII/ptolemy/actor/lib/test/auto/TimeDelayMicrosteps3.xml
----------------- Instantiating /home/travis/build/icyphy/ptII/ptolemy/actor/lib/test/auto/TimeDelayMicrosteps3.xml
3 ms. Memory: 484352K Free: 313973K (65%)
----------------- Invoking toplevel() on ptolemy.moml.MoMLSimpleApplication@fd83dff
----------------- Done invoking toplevel() on ptolemy.moml.MoMLSimpleApplication@fd83dff
reloadAllAccessors: .TimeDelayMicrosteps3

===========================================================================================
----------------- testing Sun Jul 21 05:14:04 UTC 2019 /home/travis/build/icyphy/ptII/ptolemy/actor/lib/test/auto/TimeDelayVariableMicrosteps.xml
----------------- Instantiating /home/travis/build/icyphy/ptII/ptolemy/actor/lib/test/auto/TimeDelayVariableMicrosteps.xml
3 ms. Memory: 484352K Free: 307333K (63%)
----------------- Invoking toplevel() on ptolemy.moml.MoMLSimpleApplication@c26774d
----------------- Done invoking toplevel() on ptolemy.moml.MoMLSimpleApplication@c26774d
reloadAllAccessors: .TimeDelayVariableMicrosteps

===========================================================================================
----------------- testing Sun Jul 21 05:14:04 UTC 2019 /home/travis/build/icyphy/ptII/ptolemy/actor/lib/test/auto/TimeGap.xml
----------------- Instantiating /home/travis/build/icyphy/ptII/ptolemy/actor/lib/test/auto/TimeGap.xml
4 ms. Memory: 484352K Free: 302213K (62%)
----------------- Invoking toplevel() on ptolemy.moml.MoMLSimpleApplication@5f3db48
----------------- Done invoking toplevel() on ptolemy.moml.MoMLSimpleApplication@5f3db48
reloadAllAccessors: .TimeGap

===========================================================================================
----------------- testing Sun Jul 21 05:14:04 UTC 2019 /home/travis/build/icyphy/ptII/ptolemy/actor/lib/test/auto/TimeGap2.xml
----------------- Instantiating /home/travis/build/icyphy/ptII/ptolemy/actor/lib/test/auto/TimeGap2.xml
2 ms. Memory: 484352K Free: 296549K (61%)
----------------- Invoking toplevel() on ptolemy.moml.MoMLSimpleApplication@6032859a
----------------- Done invoking toplevel() on ptolemy.moml.MoMLSimpleApplication@6032859a
reloadAllAccessors: .TimeGap2

===========================================================================================
----------------- testing Sun Jul 21 05:14:04 UTC 2019 /home/travis/build/icyphy/ptII/ptolemy/actor/lib/test/auto/TimedSinewave.xml
----------------- Instantiating /home/travis/build/icyphy/ptII/ptolemy/actor/lib/test/auto/TimedSinewave.xml
26 ms. Memory: 484352K Free: 282757K (58%)
----------------- Invoking toplevel() on ptolemy.moml.MoMLSimpleApplication@90add4b
----------------- Done invoking toplevel() on ptolemy.moml.MoMLSimpleApplication@90add4b
reloadAllAccessors: .TimedSinewave

===========================================================================================
----------------- testing Sun Jul 21 05:14:04 UTC 2019 /home/travis/build/icyphy/ptII/ptolemy/actor/lib/test/auto/TimedSinewavePhase.xml
----------------- Instantiating /home/travis/build/icyphy/ptII/ptolemy/actor/lib/test/auto/TimedSinewavePhase.xml
9 ms. Memory: 484352K Free: 272003K (56%)
----------------- Invoking toplevel() on ptolemy.moml.MoMLSimpleApplication@64747ae7
----------------- Done invoking toplevel() on ptolemy.moml.MoMLSimpleApplication@64747ae7
reloadAllAccessors: .TimedSinewavePhase

===========================================================================================
----------------- testing Sun Jul 21 05:14:04 UTC 2019 /home/travis/build/icyphy/ptII/ptolemy/actor/lib/test/auto/Timer.xml
----------------- Instantiating /home/travis/build/icyphy/ptII/ptolemy/actor/lib/test/auto/Timer.xml
2 ms. Memory: 484352K Free: 265853K (55%)
----------------- Invoking toplevel() on ptolemy.moml.MoMLSimpleApplication@4d5c0e
----------------- Done invoking toplevel() on ptolemy.moml.MoMLSimpleApplication@4d5c0e
reloadAllAccessors: .Timer

===========================================================================================
----------------- testing Sun Jul 21 05:14:04 UTC 2019 /home/travis/build/icyphy/ptII/ptolemy/actor/lib/test/auto/TriangularDistTestModel.xml
----------------- Instantiating /home/travis/build/icyphy/ptII/ptolemy/actor/lib/test/auto/TriangularDistTestModel.xml
2 ms. Memory: 484352K Free: 260229K (54%)
----------------- Invoking toplevel() on ptolemy.moml.MoMLSimpleApplication@7a944dcb
----------------- Done invoking toplevel() on ptolemy.moml.MoMLSimpleApplication@7a944dcb
reloadAllAccessors: .TriangularDistTestModel

===========================================================================================
----------------- testing Sun Jul 21 05:14:04 UTC 2019 /home/travis/build/icyphy/ptII/ptolemy/actor/lib/test/auto/TrigFunction.xml
----------------- Instantiating /home/travis/build/icyphy/ptII/ptolemy/actor/lib/test/auto/TrigFunction.xml
1 ms. Memory: 484352K Free: 255619K (53%)
----------------- Invoking toplevel() on ptolemy.moml.MoMLSimpleApplication@19325e80
----------------- Done invoking toplevel() on ptolemy.moml.MoMLSimpleApplication@19325e80
reloadAllAccessors: .TrigFunction

===========================================================================================
----------------- testing Sun Jul 21 05:14:04 UTC 2019 /home/travis/build/icyphy/ptII/ptolemy/actor/lib/test/auto/TrigFunctionDE.xml
----------------- Instantiating /home/travis/build/icyphy/ptII/ptolemy/actor/lib/test/auto/TrigFunctionDE.xml
2 ms. Memory: 484352K Free: 249989K (52%)
----------------- Invoking toplevel() on ptolemy.moml.MoMLSimpleApplication@74daa32
----------------- Done invoking toplevel() on ptolemy.moml.MoMLSimpleApplication@74daa32
reloadAllAccessors: .TrigFunctionDE

===========================================================================================
----------------- testing Sun Jul 21 05:14:04 UTC 2019 /home/travis/build/icyphy/ptII/ptolemy/actor/lib/test/auto/TrigFunctionInverse.xml
----------------- Instantiating /home/travis/build/icyphy/ptII/ptolemy/actor/lib/test/auto/TrigFunctionInverse.xml
3 ms. Memory: 484352K Free: 244869K (51%)
----------------- Invoking toplevel() on ptolemy.moml.MoMLSimpleApplication@454743ab
----------------- Done invoking toplevel() on ptolemy.moml.MoMLSimpleApplication@454743ab
reloadAllAccessors: .TrigFunctionInverse

===========================================================================================
----------------- testing Sun Jul 21 05:14:04 UTC 2019 /home/travis/build/icyphy/ptII/ptolemy/actor/lib/test/auto/TrigFunctionTan.xml
----------------- Instantiating /home/travis/build/icyphy/ptII/ptolemy/actor/lib/test/auto/TrigFunctionTan.xml
2 ms. Memory: 484352K Free: 240773K (50%)
----------------- Invoking toplevel() on ptolemy.moml.MoMLSimpleApplication@70722f0a
----------------- Done invoking toplevel() on ptolemy.moml.MoMLSimpleApplication@70722f0a
reloadAllAccessors: .TrigFunctionTan

===========================================================================================
----------------- testing Sun Jul 21 05:14:04 UTC 2019 /home/travis/build/icyphy/ptII/ptolemy/actor/lib/test/auto/TriggeredClock.xml
----------------- Instantiating /home/travis/build/icyphy/ptII/ptolemy/actor/lib/test/auto/TriggeredClock.xml
1 ms. Memory: 484352K Free: 235621K (49%)
----------------- Invoking toplevel() on ptolemy.moml.MoMLSimpleApplication@225e2f39
----------------- Done invoking toplevel() on ptolemy.moml.MoMLSimpleApplication@225e2f39
reloadAllAccessors: .TriggeredClock

===========================================================================================
----------------- testing Sun Jul 21 05:14:04 UTC 2019 /home/travis/build/icyphy/ptII/ptolemy/actor/lib/test/auto/URLDirectoryReader.xml
----------------- Instantiating /home/travis/build/icyphy/ptII/ptolemy/actor/lib/test/auto/URLDirectoryReader.xml
32 ms. Memory: 484352K Free: 226437K (47%)
----------------- Invoking toplevel() on ptolemy.moml.MoMLSimpleApplication@3a06c622
----------------- Done invoking toplevel() on ptolemy.moml.MoMLSimpleApplication@3a06c622
reloadAllAccessors: .URLDirectoryReader

===========================================================================================
----------------- testing Sun Jul 21 05:14:04 UTC 2019 /home/travis/build/icyphy/ptII/ptolemy/actor/lib/test/auto/URLDirectoryReader3.xml
----------------- Instantiating /home/travis/build/icyphy/ptII/ptolemy/actor/lib/test/auto/URLDirectoryReader3.xml
1034 ms. Memory: 484352K Free: 425918K (88%)
----------------- Invoking toplevel() on ptolemy.moml.MoMLSimpleApplication@187c7876
----------------- Done invoking toplevel() on ptolemy.moml.MoMLSimpleApplication@187c7876
reloadAllAccessors: .URLDirectoryReader3

===========================================================================================
----------------- testing Sun Jul 21 05:14:06 UTC 2019 /home/travis/build/icyphy/ptII/ptolemy/actor/lib/test/auto/UnaryMathFunction.xml
----------------- Instantiating /home/travis/build/icyphy/ptII/ptolemy/actor/lib/test/auto/UnaryMathFunction.xml
3 ms. Memory: 484352K Free: 418106K (86%)
----------------- Invoking toplevel() on ptolemy.moml.MoMLSimpleApplication@7860a0a9
----------------- Done invoking toplevel() on ptolemy.moml.MoMLSimpleApplication@7860a0a9
reloadAllAccessors: .UnaryMathFunction

===========================================================================================
----------------- testing Sun Jul 21 05:14:06 UTC 2019 /home/travis/build/icyphy/ptII/ptolemy/actor/lib/test/auto/Uniform.xml
----------------- Instantiating /home/travis/build/icyphy/ptII/ptolemy/actor/lib/test/auto/Uniform.xml
2 ms. Memory: 484352K Free: 413500K (85%)
----------------- Invoking toplevel() on ptolemy.moml.MoMLSimpleApplication@70fb10fc
----------------- Done invoking toplevel() on ptolemy.moml.MoMLSimpleApplication@70fb10fc
reloadAllAccessors: .Uniform

===========================================================================================
----------------- testing Sun Jul 21 05:14:06 UTC 2019 /home/travis/build/icyphy/ptII/ptolemy/actor/lib/test/auto/UnionDisassemblerTest.xml
----------------- Instantiating /home/travis/build/icyphy/ptII/ptolemy/actor/lib/test/auto/UnionDisassemblerTest.xml
15 ms. Memory: 484352K Free: 409900K (85%)
----------------- Invoking toplevel() on ptolemy.moml.MoMLSimpleApplication@41ee2838
----------------- Done invoking toplevel() on ptolemy.moml.MoMLSimpleApplication@41ee2838
reloadAllAccessors: .UnionDisassemblerTest

===========================================================================================
----------------- testing Sun Jul 21 05:14:06 UTC 2019 /home/travis/build/icyphy/ptII/ptolemy/actor/lib/test/auto/UtilityFunctions.xml
----------------- Instantiating /home/travis/build/icyphy/ptII/ptolemy/actor/lib/test/auto/UtilityFunctions.xml
1 ms. Memory: 484352K Free: 406332K (84%)
----------------- Invoking toplevel() on ptolemy.moml.MoMLSimpleApplication@7f3aa7d1
----------------- Done invoking toplevel() on ptolemy.moml.MoMLSimpleApplication@7f3aa7d1
reloadAllAccessors: .UtilityFunctions

===========================================================================================
----------------- testing Sun Jul 21 05:14:06 UTC 2019 /home/travis/build/icyphy/ptII/ptolemy/actor/lib/test/auto/VariableSleep.xml
----------------- Instantiating /home/travis/build/icyphy/ptII/ptolemy/actor/lib/test/auto/VariableSleep.xml
503 ms. Memory: 484352K Free: 401212K (83%)
----------------- Invoking toplevel() on ptolemy.moml.MoMLSimpleApplication@55779b06
----------------- Done invoking toplevel() on ptolemy.moml.MoMLSimpleApplication@55779b06
reloadAllAccessors: .VariableSleep

===========================================================================================
----------------- testing Sun Jul 21 05:14:06 UTC 2019 /home/travis/build/icyphy/ptII/ptolemy/actor/lib/test/auto/VectorAssemblerDisassemblerCT.xml
----------------- Instantiating /home/travis/build/icyphy/ptII/ptolemy/actor/lib/test/auto/VectorAssemblerDisassemblerCT.xml
89 ms. Memory: 484352K Free: 380218K (79%)
----------------- Invoking toplevel() on ptolemy.moml.MoMLSimpleApplication@44705b5c
----------------- Done invoking toplevel() on ptolemy.moml.MoMLSimpleApplication@44705b5c
reloadAllAccessors: .VectorAssemblerDisassemblerCT

===========================================================================================
----------------- testing Sun Jul 21 05:14:06 UTC 2019 /home/travis/build/icyphy/ptII/ptolemy/actor/lib/test/auto/VectorAssemblerDisassemblerDE.xml
----------------- Instantiating /home/travis/build/icyphy/ptII/ptolemy/actor/lib/test/auto/VectorAssemblerDisassemblerDE.xml
2 ms. Memory: 484352K Free: 373050K (77%)
----------------- Invoking toplevel() on ptolemy.moml.MoMLSimpleApplication@3772bae1
----------------- Done invoking toplevel() on ptolemy.moml.MoMLSimpleApplication@3772bae1
reloadAllAccessors: .VectorAssemblerDisassemblerDE

===========================================================================================
----------------- testing Sun Jul 21 05:14:06 UTC 2019 /home/travis/build/icyphy/ptII/ptolemy/actor/lib/test/auto/VectorAssemblerDisassemblerSDF.xml
----------------- Instantiating /home/travis/build/icyphy/ptII/ptolemy/actor/lib/test/auto/VectorAssemblerDisassemblerSDF.xml
10 ms. Memory: 484352K Free: 366906K (76%)
----------------- Invoking toplevel() on ptolemy.moml.MoMLSimpleApplication@1e13883c
----------------- Done invoking toplevel() on ptolemy.moml.MoMLSimpleApplication@1e13883c
reloadAllAccessors: .VectorAssemblerDisassemblerSDF

===========================================================================================
----------------- testing Sun Jul 21 05:14:06 UTC 2019 /home/travis/build/icyphy/ptII/ptolemy/actor/lib/test/auto/WallClockTime.xml
----------------- Instantiating /home/travis/build/icyphy/ptII/ptolemy/actor/lib/test/auto/WallClockTime.xml
1011 ms. Memory: 484352K Free: 361786K (75%)
----------------- Invoking toplevel() on ptolemy.moml.MoMLSimpleApplication@5a374207
----------------- Done invoking toplevel() on ptolemy.moml.MoMLSimpleApplication@5a374207
reloadAllAccessors: .WallClockTime

===========================================================================================
----------------- testing Sun Jul 21 05:14:07 UTC 2019 /home/travis/build/icyphy/ptII/ptolemy/actor/lib/test/auto/WidthTestWithSubscriberPublisher.xml
----------------- Instantiating /home/travis/build/icyphy/ptII/ptolemy/actor/lib/test/auto/WidthTestWithSubscriberPublisher.xml
7 ms. Memory: 484352K Free: 344378K (71%)
----------------- Invoking toplevel() on ptolemy.moml.MoMLSimpleApplication@54efcd54
----------------- Done invoking toplevel() on ptolemy.moml.MoMLSimpleApplication@54efcd54
reloadAllAccessors: .WidthTestWithSubscriberPublisher

===========================================================================================
----------------- testing Sun Jul 21 05:14:07 UTC 2019 /home/travis/build/icyphy/ptII/ptolemy/actor/lib/test/auto/WidthTestWithSubscriberPublisher2.xml
----------------- Instantiating /home/travis/build/icyphy/ptII/ptolemy/actor/lib/test/auto/WidthTestWithSubscriberPublisher2.xml
3 ms. Memory: 484352K Free: 337724K (70%)
----------------- Invoking toplevel() on ptolemy.moml.MoMLSimpleApplication@48f831c3
----------------- Done invoking toplevel() on ptolemy.moml.MoMLSimpleApplication@48f831c3
reloadAllAccessors: .WidthTestWithSubscriberPublisher2

===========================================================================================
----------------- testing Sun Jul 21 05:14:07 UTC 2019 /home/travis/build/icyphy/ptII/ptolemy/actor/lib/test/auto/WidthTestWithSubscriberPublisher3.xml
----------------- Instantiating /home/travis/build/icyphy/ptII/ptolemy/actor/lib/test/auto/WidthTestWithSubscriberPublisher3.xml
2 ms. Memory: 484352K Free: 332090K (69%)
----------------- Invoking toplevel() on ptolemy.moml.MoMLSimpleApplication@3afd6112
----------------- Done invoking toplevel() on ptolemy.moml.MoMLSimpleApplication@3afd6112
reloadAllAccessors: .WidthTestWithSubscriberPublisher3

===========================================================================================
----------------- testing Sun Jul 21 05:14:07 UTC 2019 /home/travis/build/icyphy/ptII/ptolemy/actor/lib/test/auto/Writer.xml
----------------- Instantiating /home/travis/build/icyphy/ptII/ptolemy/actor/lib/test/auto/Writer.xml
0
1
2
3
4
1 ms. Memory: 484352K Free: 327988K (68%)
----------------- Invoking toplevel() on ptolemy.moml.MoMLSimpleApplication@7f3dba4d
----------------- Done invoking toplevel() on ptolemy.moml.MoMLSimpleApplication@7f3dba4d
reloadAllAccessors: .Writer

===========================================================================================
----------------- testing Sun Jul 21 05:14:07 UTC 2019 /home/travis/build/icyphy/ptII/ptolemy/actor/lib/test/auto/array.xml
----------------- Instantiating /home/travis/build/icyphy/ptII/ptolemy/actor/lib/test/auto/array.xml
2 ms. Memory: 484352K Free: 323388K (67%)
----------------- Invoking toplevel() on ptolemy.moml.MoMLSimpleApplication@25cf49a4
----------------- Done invoking toplevel() on ptolemy.moml.MoMLSimpleApplication@25cf49a4
reloadAllAccessors: .array

===========================================================================================
----------------- testing Sun Jul 21 05:14:08 UTC 2019 /home/travis/build/icyphy/ptII/ptolemy/actor/lib/test/auto/array2.xml
----------------- Instantiating /home/travis/build/icyphy/ptII/ptolemy/actor/lib/test/auto/array2.xml
3 ms. Memory: 484352K Free: 318764K (66%)
----------------- Invoking toplevel() on ptolemy.moml.MoMLSimpleApplication@6838404a
----------------- Done invoking toplevel() on ptolemy.moml.MoMLSimpleApplication@6838404a
reloadAllAccessors: .array2

===========================================================================================
----------------- testing Sun Jul 21 05:14:08 UTC 2019 /home/travis/build/icyphy/ptII/ptolemy/actor/lib/test/auto/arrayType.xml
----------------- Instantiating /home/travis/build/icyphy/ptII/ptolemy/actor/lib/test/auto/arrayType.xml
3 ms. Memory: 484352K Free: 313148K (65%)
----------------- Invoking toplevel() on ptolemy.moml.MoMLSimpleApplication@2d8a7b72
----------------- Done invoking toplevel() on ptolemy.moml.MoMLSimpleApplication@2d8a7b72
reloadAllAccessors: .arrayType

===========================================================================================
----------------- testing Sun Jul 21 05:14:08 UTC 2019 /home/travis/build/icyphy/ptII/ptolemy/actor/lib/test/auto/arrayType10.xml
----------------- Instantiating /home/travis/build/icyphy/ptII/ptolemy/actor/lib/test/auto/arrayType10.xml
1 ms. Memory: 484352K Free: 308538K (64%)
----------------- Invoking toplevel() on ptolemy.moml.MoMLSimpleApplication@c6e152b
----------------- Done invoking toplevel() on ptolemy.moml.MoMLSimpleApplication@c6e152b
reloadAllAccessors: .arrayType10

===========================================================================================
----------------- testing Sun Jul 21 05:14:08 UTC 2019 /home/travis/build/icyphy/ptII/ptolemy/actor/lib/test/auto/arrayType11.xml
----------------- Instantiating /home/travis/build/icyphy/ptII/ptolemy/actor/lib/test/auto/arrayType11.xml
2 ms. Memory: 484352K Free: 303932K (63%)
----------------- Invoking toplevel() on ptolemy.moml.MoMLSimpleApplication@53ddc74e
----------------- Done invoking toplevel() on ptolemy.moml.MoMLSimpleApplication@53ddc74e
reloadAllAccessors: .arrayType11

===========================================================================================
----------------- testing Sun Jul 21 05:14:08 UTC 2019 /home/travis/build/icyphy/ptII/ptolemy/actor/lib/test/auto/arrayType12.xml
----------------- Instantiating /home/travis/build/icyphy/ptII/ptolemy/actor/lib/test/auto/arrayType12.xml
1 ms. Memory: 484352K Free: 299322K (62%)
----------------- Invoking toplevel() on ptolemy.moml.MoMLSimpleApplication@76783a59
----------------- Done invoking toplevel() on ptolemy.moml.MoMLSimpleApplication@76783a59
reloadAllAccessors: .arrayType12

===========================================================================================
----------------- testing Sun Jul 21 05:14:08 UTC 2019 /home/travis/build/icyphy/ptII/ptolemy/actor/lib/test/auto/arrayType13.xml
----------------- Instantiating /home/travis/build/icyphy/ptII/ptolemy/actor/lib/test/auto/arrayType13.xml
2 ms. Memory: 484352K Free: 294202K (61%)
----------------- Invoking toplevel() on ptolemy.moml.MoMLSimpleApplication@70b5b2dd
----------------- Done invoking toplevel() on ptolemy.moml.MoMLSimpleApplication@70b5b2dd
reloadAllAccessors: .arrayType13

===========================================================================================
----------------- testing Sun Jul 21 05:14:08 UTC 2019 /home/travis/build/icyphy/ptII/ptolemy/actor/lib/test/auto/arrayType14.xml
----------------- Instantiating /home/travis/build/icyphy/ptII/ptolemy/actor/lib/test/auto/arrayType14.xml
1 ms. Memory: 484352K Free: 288572K (60%)
----------------- Invoking toplevel() on ptolemy.moml.MoMLSimpleApplication@7b0de886
----------------- Done invoking toplevel() on ptolemy.moml.MoMLSimpleApplication@7b0de886
reloadAllAccessors: .arrayType14

===========================================================================================
----------------- testing Sun Jul 21 05:14:08 UTC 2019 /home/travis/build/icyphy/ptII/ptolemy/actor/lib/test/auto/arrayType15.xml
----------------- Instantiating /home/travis/build/icyphy/ptII/ptolemy/actor/lib/test/auto/arrayType15.xml
2 ms. Memory: 484352K Free: 283452K (59%)
----------------- Invoking toplevel() on ptolemy.moml.MoMLSimpleApplication@4febd458
----------------- Done invoking toplevel() on ptolemy.moml.MoMLSimpleApplication@4febd458
reloadAllAccessors: .arrayType15

===========================================================================================
----------------- testing Sun Jul 21 05:14:08 UTC 2019 /home/travis/build/icyphy/ptII/ptolemy/actor/lib/test/auto/arrayType16.xml
----------------- Instantiating /home/travis/build/icyphy/ptII/ptolemy/actor/lib/test/auto/arrayType16.xml
1 ms. Memory: 484352K Free: 278332K (57%)
----------------- Invoking toplevel() on ptolemy.moml.MoMLSimpleApplication@75d12568
----------------- Done invoking toplevel() on ptolemy.moml.MoMLSimpleApplication@75d12568
reloadAllAccessors: .arrayType16

===========================================================================================
----------------- testing Sun Jul 21 05:14:08 UTC 2019 /home/travis/build/icyphy/ptII/ptolemy/actor/lib/test/auto/arrayType17.xml
----------------- Instantiating /home/travis/build/icyphy/ptII/ptolemy/actor/lib/test/auto/arrayType17.xml
2 ms. Memory: 484352K Free: 273212K (56%)
----------------- Invoking toplevel() on ptolemy.moml.MoMLSimpleApplication@11d31141
----------------- Done invoking toplevel() on ptolemy.moml.MoMLSimpleApplication@11d31141
reloadAllAccessors: .arrayType17

===========================================================================================
----------------- testing Sun Jul 21 05:14:08 UTC 2019 /home/travis/build/icyphy/ptII/ptolemy/actor/lib/test/auto/arrayType18.xml
----------------- Instantiating /home/travis/build/icyphy/ptII/ptolemy/actor/lib/test/auto/arrayType18.xml
3 ms. Memory: 484352K Free: 268092K (55%)
----------------- Invoking toplevel() on ptolemy.moml.MoMLSimpleApplication@2009d22e
----------------- Done invoking toplevel() on ptolemy.moml.MoMLSimpleApplication@2009d22e
reloadAllAccessors: .arrayType18

===========================================================================================
----------------- testing Sun Jul 21 05:14:08 UTC 2019 /home/travis/build/icyphy/ptII/ptolemy/actor/lib/test/auto/arrayType19.xml
----------------- Instantiating /home/travis/build/icyphy/ptII/ptolemy/actor/lib/test/auto/arrayType19.xml
1 ms. Memory: 484352K Free: 263482K (54%)
----------------- Invoking toplevel() on ptolemy.moml.MoMLSimpleApplication@576cc691
----------------- Done invoking toplevel() on ptolemy.moml.MoMLSimpleApplication@576cc691
reloadAllAccessors: .arrayType19

===========================================================================================
----------------- testing Sun Jul 21 05:14:08 UTC 2019 /home/travis/build/icyphy/ptII/ptolemy/actor/lib/test/auto/arrayType2.xml
----------------- Instantiating /home/travis/build/icyphy/ptII/ptolemy/actor/lib/test/auto/arrayType2.xml
2 ms. Memory: 484352K Free: 258362K (53%)
----------------- Invoking toplevel() on ptolemy.moml.MoMLSimpleApplication@645fbc6e
----------------- Done invoking toplevel() on ptolemy.moml.MoMLSimpleApplication@645fbc6e
reloadAllAccessors: .arrayType2

===========================================================================================
----------------- testing Sun Jul 21 05:14:08 UTC 2019 /home/travis/build/icyphy/ptII/ptolemy/actor/lib/test/auto/arrayType20.xml
----------------- Instantiating /home/travis/build/icyphy/ptII/ptolemy/actor/lib/test/auto/arrayType20.xml
2 ms. Memory: 484352K Free: 253756K (52%)
----------------- Invoking toplevel() on ptolemy.moml.MoMLSimpleApplication@200dff9a
----------------- Done invoking toplevel() on ptolemy.moml.MoMLSimpleApplication@200dff9a
reloadAllAccessors: .arrayType20

===========================================================================================
----------------- testing Sun Jul 21 05:14:08 UTC 2019 /home/travis/build/icyphy/ptII/ptolemy/actor/lib/test/auto/arrayType21.xml
----------------- Instantiating /home/travis/build/icyphy/ptII/ptolemy/actor/lib/test/auto/arrayType21.xml
1 ms. Memory: 484352K Free: 248636K (51%)
----------------- Invoking toplevel() on ptolemy.moml.MoMLSimpleApplication@516b83e3
----------------- Done invoking toplevel() on ptolemy.moml.MoMLSimpleApplication@516b83e3
reloadAllAccessors: .arrayType21

===========================================================================================
----------------- testing Sun Jul 21 05:14:08 UTC 2019 /home/travis/build/icyphy/ptII/ptolemy/actor/lib/test/auto/arrayType22.xml
----------------- Instantiating /home/travis/build/icyphy/ptII/ptolemy/actor/lib/test/auto/arrayType22.xml
1 ms. Memory: 484352K Free: 244026K (50%)
----------------- Invoking toplevel() on ptolemy.moml.MoMLSimpleApplication@5b62dff8
----------------- Done invoking toplevel() on ptolemy.moml.MoMLSimpleApplication@5b62dff8
reloadAllAccessors: .arrayType22

===========================================================================================
----------------- testing Sun Jul 21 05:14:08 UTC 2019 /home/travis/build/icyphy/ptII/ptolemy/actor/lib/test/auto/arrayType23.xml
----------------- Instantiating /home/travis/build/icyphy/ptII/ptolemy/actor/lib/test/auto/arrayType23.xml
1 ms. Memory: 484352K Free: 239420K (49%)
----------------- Invoking toplevel() on ptolemy.moml.MoMLSimpleApplication@6641d647
----------------- Done invoking toplevel() on ptolemy.moml.MoMLSimpleApplication@6641d647
reloadAllAccessors: .arrayType23

===========================================================================================
----------------- testing Sun Jul 21 05:14:08 UTC 2019 /home/travis/build/icyphy/ptII/ptolemy/actor/lib/test/auto/arrayType24.xml
----------------- Instantiating /home/travis/build/icyphy/ptII/ptolemy/actor/lib/test/auto/arrayType24.xml
6 ms. Memory: 484352K Free: 234810K (48%)
----------------- Invoking toplevel() on ptolemy.moml.MoMLSimpleApplication@294b3961
----------------- Done invoking toplevel() on ptolemy.moml.MoMLSimpleApplication@294b3961
reloadAllAccessors: .arrayType24

===========================================================================================
----------------- testing Sun Jul 21 05:14:08 UTC 2019 /home/travis/build/icyphy/ptII/ptolemy/actor/lib/test/auto/arrayType25.xml
----------------- Instantiating /home/travis/build/icyphy/ptII/ptolemy/actor/lib/test/auto/arrayType25.xml
1 ms. Memory: 484352K Free: 229180K (47%)
----------------- Invoking toplevel() on ptolemy.moml.MoMLSimpleApplication@46acd075
----------------- Done invoking toplevel() on ptolemy.moml.MoMLSimpleApplication@46acd075
reloadAllAccessors: .arrayType25

===========================================================================================
----------------- testing Sun Jul 21 05:14:08 UTC 2019 /home/travis/build/icyphy/ptII/ptolemy/actor/lib/test/auto/arrayType26.xml
----------------- Instantiating /home/travis/build/icyphy/ptII/ptolemy/actor/lib/test/auto/arrayType26.xml
2 ms. Memory: 484352K Free: 224060K (46%)
----------------- Invoking toplevel() on ptolemy.moml.MoMLSimpleApplication@57e1e4e9
----------------- Done invoking toplevel() on ptolemy.moml.MoMLSimpleApplication@57e1e4e9
reloadAllAccessors: .arrayType26

===========================================================================================
----------------- testing Sun Jul 21 05:14:08 UTC 2019 /home/travis/build/icyphy/ptII/ptolemy/actor/lib/test/auto/arrayType27.xml
----------------- Instantiating /home/travis/build/icyphy/ptII/ptolemy/actor/lib/test/auto/arrayType27.xml
1 ms. Memory: 484352K Free: 218940K (45%)
----------------- Invoking toplevel() on ptolemy.moml.MoMLSimpleApplication@141257c5
----------------- Done invoking toplevel() on ptolemy.moml.MoMLSimpleApplication@141257c5
reloadAllAccessors: .arrayType27

===========================================================================================
----------------- testing Sun Jul 21 05:14:08 UTC 2019 /home/travis/build/icyphy/ptII/ptolemy/actor/lib/test/auto/arrayType28.xml
----------------- Instantiating /home/travis/build/icyphy/ptII/ptolemy/actor/lib/test/auto/arrayType28.xml
1 ms. Memory: 484352K Free: 213820K (44%)
----------------- Invoking toplevel() on ptolemy.moml.MoMLSimpleApplication@405ccf4c
----------------- Done invoking toplevel() on ptolemy.moml.MoMLSimpleApplication@405ccf4c
reloadAllAccessors: .arrayType28

===========================================================================================
----------------- testing Sun Jul 21 05:14:08 UTC 2019 /home/travis/build/icyphy/ptII/ptolemy/actor/lib/test/auto/arrayType3.xml
----------------- Instantiating /home/travis/build/icyphy/ptII/ptolemy/actor/lib/test/auto/arrayType3.xml
2 ms. Memory: 484352K Free: 208186K (43%)
----------------- Invoking toplevel() on ptolemy.moml.MoMLSimpleApplication@59990c8e
----------------- Done invoking toplevel() on ptolemy.moml.MoMLSimpleApplication@59990c8e
reloadAllAccessors: .arrayType3

===========================================================================================
----------------- testing Sun Jul 21 05:14:08 UTC 2019 /home/travis/build/icyphy/ptII/ptolemy/actor/lib/test/auto/arrayType4.xml
----------------- Instantiating /home/travis/build/icyphy/ptII/ptolemy/actor/lib/test/auto/arrayType4.xml
1 ms. Memory: 484352K Free: 203066K (42%)
----------------- Invoking toplevel() on ptolemy.moml.MoMLSimpleApplication@720bc16c
----------------- Done invoking toplevel() on ptolemy.moml.MoMLSimpleApplication@720bc16c
reloadAllAccessors: .arrayType4

===========================================================================================
----------------- testing Sun Jul 21 05:14:08 UTC 2019 /home/travis/build/icyphy/ptII/ptolemy/actor/lib/test/auto/arrayType5.xml
----------------- Instantiating /home/travis/build/icyphy/ptII/ptolemy/actor/lib/test/auto/arrayType5.xml
2 ms. Memory: 484352K Free: 197946K (41%)
----------------- Invoking toplevel() on ptolemy.moml.MoMLSimpleApplication@6f264dc4
----------------- Done invoking toplevel() on ptolemy.moml.MoMLSimpleApplication@6f264dc4
reloadAllAccessors: .arrayType5

===========================================================================================
----------------- testing Sun Jul 21 05:14:08 UTC 2019 /home/travis/build/icyphy/ptII/ptolemy/actor/lib/test/auto/arrayType6.xml
----------------- Instantiating /home/travis/build/icyphy/ptII/ptolemy/actor/lib/test/auto/arrayType6.xml
2 ms. Memory: 484352K Free: 193340K (40%)
----------------- Invoking toplevel() on ptolemy.moml.MoMLSimpleApplication@316234ac
----------------- Done invoking toplevel() on ptolemy.moml.MoMLSimpleApplication@316234ac
reloadAllAccessors: .arrayType6

===========================================================================================
----------------- testing Sun Jul 21 05:14:08 UTC 2019 /home/travis/build/icyphy/ptII/ptolemy/actor/lib/test/auto/arrayType7.xml
----------------- Instantiating /home/travis/build/icyphy/ptII/ptolemy/actor/lib/test/auto/arrayType7.xml
7 ms. Memory: 484352K Free: 188220K (39%)
----------------- Invoking toplevel() on ptolemy.moml.MoMLSimpleApplication@4db3cbc1
----------------- Done invoking toplevel() on ptolemy.moml.MoMLSimpleApplication@4db3cbc1
reloadAllAccessors: .arrayType7

===========================================================================================
----------------- testing Sun Jul 21 05:14:08 UTC 2019 /home/travis/build/icyphy/ptII/ptolemy/actor/lib/test/auto/arrayType8.xml
----------------- Instantiating /home/travis/build/icyphy/ptII/ptolemy/actor/lib/test/auto/arrayType8.xml
2 ms. Memory: 484352K Free: 183610K (38%)
----------------- Invoking toplevel() on ptolemy.moml.MoMLSimpleApplication@56a6827b
----------------- Done invoking toplevel() on ptolemy.moml.MoMLSimpleApplication@56a6827b
reloadAllAccessors: .arrayType8

===========================================================================================
----------------- testing Sun Jul 21 05:14:08 UTC 2019 /home/travis/build/icyphy/ptII/ptolemy/actor/lib/test/auto/arrayType9.xml
----------------- Instantiating /home/travis/build/icyphy/ptII/ptolemy/actor/lib/test/auto/arrayType9.xml
2 ms. Memory: 484352K Free: 179004K (37%)
----------------- Invoking toplevel() on ptolemy.moml.MoMLSimpleApplication@4b3458ae
----------------- Done invoking toplevel() on ptolemy.moml.MoMLSimpleApplication@4b3458ae
reloadAllAccessors: .arrayType9

===========================================================================================
----------------- testing Sun Jul 21 05:14:08 UTC 2019 /home/travis/build/icyphy/ptII/ptolemy/actor/lib/test/auto/cast.xml
----------------- Instantiating /home/travis/build/icyphy/ptII/ptolemy/actor/lib/test/auto/cast.xml
2 ms. Memory: 484352K Free: 173884K (36%)
----------------- Invoking toplevel() on ptolemy.moml.MoMLSimpleApplication@2cf3d72b
----------------- Done invoking toplevel() on ptolemy.moml.MoMLSimpleApplication@2cf3d72b
reloadAllAccessors: .cast

===========================================================================================
----------------- testing Sun Jul 21 05:14:08 UTC 2019 /home/travis/build/icyphy/ptII/ptolemy/actor/lib/test/auto/compositeMultiPort.xml
----------------- Instantiating /home/travis/build/icyphy/ptII/ptolemy/actor/lib/test/auto/compositeMultiPort.xml
3 ms. Memory: 484352K Free: 165164K (34%)
----------------- Invoking toplevel() on ptolemy.moml.MoMLSimpleApplication@5f1785f9
----------------- Done invoking toplevel() on ptolemy.moml.MoMLSimpleApplication@5f1785f9
reloadAllAccessors: .compositeMultiPort

===========================================================================================
----------------- testing Sun Jul 21 05:14:08 UTC 2019 /home/travis/build/icyphy/ptII/ptolemy/actor/lib/test/auto/expressionCastInference.xml
----------------- Instantiating /home/travis/build/icyphy/ptII/ptolemy/actor/lib/test/auto/expressionCastInference.xml
3 ms. Memory: 484352K Free: 160572K (33%)
----------------- Invoking toplevel() on ptolemy.moml.MoMLSimpleApplication@36a1384f
----------------- Done invoking toplevel() on ptolemy.moml.MoMLSimpleApplication@36a1384f
reloadAllAccessors: .expressionCastInference

===========================================================================================
----------------- testing Sun Jul 21 05:14:08 UTC 2019 /home/travis/build/icyphy/ptII/ptolemy/actor/lib/test/auto/expressionCastInference2.xml
----------------- Instantiating /home/travis/build/icyphy/ptII/ptolemy/actor/lib/test/auto/expressionCastInference2.xml
1 ms. Memory: 484352K Free: 155962K (32%)
----------------- Invoking toplevel() on ptolemy.moml.MoMLSimpleApplication@4fa11c68
----------------- Done invoking toplevel() on ptolemy.moml.MoMLSimpleApplication@4fa11c68
reloadAllAccessors: .expressionCastInference2

===========================================================================================
----------------- testing Sun Jul 21 05:14:08 UTC 2019 /home/travis/build/icyphy/ptII/ptolemy/actor/lib/test/auto/expressionInference.xml
----------------- Instantiating /home/travis/build/icyphy/ptII/ptolemy/actor/lib/test/auto/expressionInference.xml
1 ms. Memory: 484352K Free: 151356K (31%)
----------------- Invoking toplevel() on ptolemy.moml.MoMLSimpleApplication@425c2e3c
----------------- Done invoking toplevel() on ptolemy.moml.MoMLSimpleApplication@425c2e3c
reloadAllAccessors: .expressionInference

===========================================================================================
----------------- testing Sun Jul 21 05:14:08 UTC 2019 /home/travis/build/icyphy/ptII/ptolemy/actor/lib/test/auto/expression_bug.xml
----------------- Instantiating /home/travis/build/icyphy/ptII/ptolemy/actor/lib/test/auto/expression_bug.xml
1 ms. Memory: 484352K Free: 431222K (89%)
----------------- Invoking toplevel() on ptolemy.moml.MoMLSimpleApplication@79e95444
----------------- Done invoking toplevel() on ptolemy.moml.MoMLSimpleApplication@79e95444
reloadAllAccessors: .expression_bug

===========================================================================================
----------------- testing Sun Jul 21 05:14:08 UTC 2019 /home/travis/build/icyphy/ptII/ptolemy/actor/lib/test/auto/factorial.xml
----------------- Instantiating /home/travis/build/icyphy/ptII/ptolemy/actor/lib/test/auto/factorial.xml
47 ms. Memory: 484352K Free: 422287K (87%)
----------------- Invoking toplevel() on ptolemy.moml.MoMLSimpleApplication@2f19fd4
----------------- Done invoking toplevel() on ptolemy.moml.MoMLSimpleApplication@2f19fd4
reloadAllAccessors: .factorial

===========================================================================================
----------------- testing Sun Jul 21 05:14:08 UTC 2019 /home/travis/build/icyphy/ptII/ptolemy/actor/lib/test/auto/filterTest1.xml
----------------- Instantiating /home/travis/build/icyphy/ptII/ptolemy/actor/lib/test/auto/filterTest1.xml
3 ms. Memory: 484352K Free: 416657K (86%)
----------------- Invoking toplevel() on ptolemy.moml.MoMLSimpleApplication@7f2cb21e
----------------- Done invoking toplevel() on ptolemy.moml.MoMLSimpleApplication@7f2cb21e
reloadAllAccessors: .filterTest1

===========================================================================================
----------------- testing Sun Jul 21 05:14:08 UTC 2019 /home/travis/build/icyphy/ptII/ptolemy/actor/lib/test/auto/funcApplyInConst.xml
----------------- Instantiating /home/travis/build/icyphy/ptII/ptolemy/actor/lib/test/auto/funcApplyInConst.xml
1 ms. Memory: 484352K Free: 413071K (85%)
----------------- Invoking toplevel() on ptolemy.moml.MoMLSimpleApplication@78187bf8
----------------- Done invoking toplevel() on ptolemy.moml.MoMLSimpleApplication@78187bf8
reloadAllAccessors: .funcApplyInConst

===========================================================================================
----------------- testing Sun Jul 21 05:14:08 UTC 2019 /home/travis/build/icyphy/ptII/ptolemy/actor/lib/test/auto/funcApplyInExpr.xml
----------------- Instantiating /home/travis/build/icyphy/ptII/ptolemy/actor/lib/test/auto/funcApplyInExpr.xml
22 ms. Memory: 484352K Free: 408975K (84%)
----------------- Invoking toplevel() on ptolemy.moml.MoMLSimpleApplication@443ae513
----------------- Done invoking toplevel() on ptolemy.moml.MoMLSimpleApplication@443ae513
reloadAllAccessors: .funcApplyInExpr

===========================================================================================
----------------- testing Sun Jul 21 05:14:08 UTC 2019 /home/travis/build/icyphy/ptII/ptolemy/actor/lib/test/auto/function.xml
----------------- Instantiating /home/travis/build/icyphy/ptII/ptolemy/actor/lib/test/auto/function.xml
3 ms. Memory: 484352K Free: 404369K (83%)
----------------- Invoking toplevel() on ptolemy.moml.MoMLSimpleApplication@2df3ab3a
----------------- Done invoking toplevel() on ptolemy.moml.MoMLSimpleApplication@2df3ab3a
reloadAllAccessors: .function

===========================================================================================
----------------- testing Sun Jul 21 05:14:08 UTC 2019 /home/travis/build/icyphy/ptII/ptolemy/actor/lib/test/auto/function2.xml
----------------- Instantiating /home/travis/build/icyphy/ptII/ptolemy/actor/lib/test/auto/function2.xml
2 ms. Memory: 484352K Free: 399759K (83%)
----------------- Invoking toplevel() on ptolemy.moml.MoMLSimpleApplication@bb90c75
----------------- Done invoking toplevel() on ptolemy.moml.MoMLSimpleApplication@bb90c75
reloadAllAccessors: .function2

===========================================================================================
----------------- testing Sun Jul 21 05:14:08 UTC 2019 /home/travis/build/icyphy/ptII/ptolemy/actor/lib/test/auto/function3.xml
----------------- Instantiating /home/travis/build/icyphy/ptII/ptolemy/actor/lib/test/auto/function3.xml
1 ms. Memory: 484352K Free: 395663K (82%)
----------------- Invoking toplevel() on ptolemy.moml.MoMLSimpleApplication@587ffa1b
----------------- Done invoking toplevel() on ptolemy.moml.MoMLSimpleApplication@587ffa1b
reloadAllAccessors: .function3

===========================================================================================
----------------- testing Sun Jul 21 05:14:08 UTC 2019 /home/travis/build/icyphy/ptII/ptolemy/actor/lib/test/auto/functionClosureTest1.xml
----------------- Instantiating /home/travis/build/icyphy/ptII/ptolemy/actor/lib/test/auto/functionClosureTest1.xml
2 ms. Memory: 484352K Free: 390033K (81%)
----------------- Invoking toplevel() on ptolemy.moml.MoMLSimpleApplication@4403ec88
----------------- Done invoking toplevel() on ptolemy.moml.MoMLSimpleApplication@4403ec88
reloadAllAccessors: .functionClosureTest1

===========================================================================================
----------------- testing Sun Jul 21 05:14:08 UTC 2019 /home/travis/build/icyphy/ptII/ptolemy/actor/lib/test/auto/functionClosureTest2.xml
----------------- Instantiating /home/travis/build/icyphy/ptII/ptolemy/actor/lib/test/auto/functionClosureTest2.xml
1 ms. Memory: 484352K Free: 386447K (80%)
----------------- Invoking toplevel() on ptolemy.moml.MoMLSimpleApplication@427a0759
----------------- Done invoking toplevel() on ptolemy.moml.MoMLSimpleApplication@427a0759
reloadAllAccessors: .functionClosureTest2

===========================================================================================
----------------- testing Sun Jul 21 05:14:08 UTC 2019 /home/travis/build/icyphy/ptII/ptolemy/actor/lib/test/auto/functionClosureTest3.xml
----------------- Instantiating /home/travis/build/icyphy/ptII/ptolemy/actor/lib/test/auto/functionClosureTest3.xml
2 ms. Memory: 484352K Free: 380817K (79%)
----------------- Invoking toplevel() on ptolemy.moml.MoMLSimpleApplication@45115ce7
----------------- Done invoking toplevel() on ptolemy.moml.MoMLSimpleApplication@45115ce7
reloadAllAccessors: .functionClosureTest3

===========================================================================================
----------------- testing Sun Jul 21 05:14:08 UTC 2019 /home/travis/build/icyphy/ptII/ptolemy/actor/lib/test/auto/functionClosureTest4.xml
----------------- Instantiating /home/travis/build/icyphy/ptII/ptolemy/actor/lib/test/auto/functionClosureTest4.xml
4 ms. Memory: 484352K Free: 374673K (77%)
----------------- Invoking toplevel() on ptolemy.moml.MoMLSimpleApplication@27f5e74d
----------------- Done invoking toplevel() on ptolemy.moml.MoMLSimpleApplication@27f5e74d
reloadAllAccessors: .functionClosureTest4

===========================================================================================
----------------- testing Sun Jul 21 05:14:08 UTC 2019 /home/travis/build/icyphy/ptII/ptolemy/actor/lib/test/auto/functionClosureTest5.xml
----------------- Instantiating /home/travis/build/icyphy/ptII/ptolemy/actor/lib/test/auto/functionClosureTest5.xml
4 ms. Memory: 484352K Free: 369553K (76%)
----------------- Invoking toplevel() on ptolemy.moml.MoMLSimpleApplication@31db68ea
----------------- Done invoking toplevel() on ptolemy.moml.MoMLSimpleApplication@31db68ea
reloadAllAccessors: .functionClosureTest5

===========================================================================================
----------------- testing Sun Jul 21 05:14:08 UTC 2019 /home/travis/build/icyphy/ptII/ptolemy/actor/lib/test/auto/functionClosureTest6.xml
----------------- Instantiating /home/travis/build/icyphy/ptII/ptolemy/actor/lib/test/auto/functionClosureTest6.xml
2 ms. Memory: 484352K Free: 364433K (75%)
----------------- Invoking toplevel() on ptolemy.moml.MoMLSimpleApplication@5eeb92cb
----------------- Done invoking toplevel() on ptolemy.moml.MoMLSimpleApplication@5eeb92cb
reloadAllAccessors: .functionClosureTest6

===========================================================================================
----------------- testing Sun Jul 21 05:14:08 UTC 2019 /home/travis/build/icyphy/ptII/ptolemy/actor/lib/test/auto/functionsOnArcs.xml
----------------- Instantiating /home/travis/build/icyphy/ptII/ptolemy/actor/lib/test/auto/functionsOnArcs.xml
1 ms. Memory: 484352K Free: 359313K (74%)
----------------- Invoking toplevel() on ptolemy.moml.MoMLSimpleApplication@78f8cf2b
----------------- Done invoking toplevel() on ptolemy.moml.MoMLSimpleApplication@78f8cf2b
reloadAllAccessors: .functionsOnArcs

===========================================================================================
----------------- testing Sun Jul 21 05:14:08 UTC 2019 /home/travis/build/icyphy/ptII/ptolemy/actor/lib/test/auto/functionsOnArcsHOF.xml
----------------- Instantiating /home/travis/build/icyphy/ptII/ptolemy/actor/lib/test/auto/functionsOnArcsHOF.xml
4 ms. Memory: 484352K Free: 353679K (73%)
----------------- Invoking toplevel() on ptolemy.moml.MoMLSimpleApplication@27856db6
----------------- Done invoking toplevel() on ptolemy.moml.MoMLSimpleApplication@27856db6
reloadAllAccessors: .functionsOnArcsHOF

===========================================================================================
----------------- testing Sun Jul 21 05:14:08 UTC 2019 /home/travis/build/icyphy/ptII/ptolemy/actor/lib/test/auto/logic.xml
----------------- Instantiating /home/travis/build/icyphy/ptII/ptolemy/actor/lib/test/auto/logic.xml
2 ms. Memory: 484352K Free: 346001K (71%)
----------------- Invoking toplevel() on ptolemy.moml.MoMLSimpleApplication@3c9ea534
----------------- Done invoking toplevel() on ptolemy.moml.MoMLSimpleApplication@3c9ea534
reloadAllAccessors: .logic

===========================================================================================
----------------- testing Sun Jul 21 05:14:08 UTC 2019 /home/travis/build/icyphy/ptII/ptolemy/actor/lib/test/auto/matrixType.xml
----------------- Instantiating /home/travis/build/icyphy/ptII/ptolemy/actor/lib/test/auto/matrixType.xml
1 ms. Memory: 484352K Free: 341391K (70%)
----------------- Invoking toplevel() on ptolemy.moml.MoMLSimpleApplication@7dd66495
----------------- Done invoking toplevel() on ptolemy.moml.MoMLSimpleApplication@7dd66495
reloadAllAccessors: .matrixType

===========================================================================================
----------------- testing Sun Jul 21 05:14:09 UTC 2019 /home/travis/build/icyphy/ptII/ptolemy/actor/lib/test/auto/matrixType10.xml
----------------- Instantiating /home/travis/build/icyphy/ptII/ptolemy/actor/lib/test/auto/matrixType10.xml
2 ms. Memory: 484352K Free: 336785K (70%)
----------------- Invoking toplevel() on ptolemy.moml.MoMLSimpleApplication@1e7a4600
----------------- Done invoking toplevel() on ptolemy.moml.MoMLSimpleApplication@1e7a4600
reloadAllAccessors: .matrixType10

===========================================================================================
----------------- testing Sun Jul 21 05:14:09 UTC 2019 /home/travis/build/icyphy/ptII/ptolemy/actor/lib/test/auto/matrixType11.xml
----------------- Instantiating /home/travis/build/icyphy/ptII/ptolemy/actor/lib/test/auto/matrixType11.xml
2 ms. Memory: 484352K Free: 331665K (68%)
----------------- Invoking toplevel() on ptolemy.moml.MoMLSimpleApplication@2205ab39
----------------- Done invoking toplevel() on ptolemy.moml.MoMLSimpleApplication@2205ab39
reloadAllAccessors: .matrixType11

===========================================================================================
----------------- testing Sun Jul 21 05:14:09 UTC 2019 /home/travis/build/icyphy/ptII/ptolemy/actor/lib/test/auto/matrixType12.xml
----------------- Instantiating /home/travis/build/icyphy/ptII/ptolemy/actor/lib/test/auto/matrixType12.xml
1 ms. Memory: 484352K Free: 327055K (68%)
----------------- Invoking toplevel() on ptolemy.moml.MoMLSimpleApplication@37e28936
----------------- Done invoking toplevel() on ptolemy.moml.MoMLSimpleApplication@37e28936
reloadAllAccessors: .matrixType12

===========================================================================================
----------------- testing Sun Jul 21 05:14:09 UTC 2019 /home/travis/build/icyphy/ptII/ptolemy/actor/lib/test/auto/matrixType13.xml
----------------- Instantiating /home/travis/build/icyphy/ptII/ptolemy/actor/lib/test/auto/matrixType13.xml
3 ms. Memory: 484352K Free: 322449K (67%)
----------------- Invoking toplevel() on ptolemy.moml.MoMLSimpleApplication@22eb3775
----------------- Done invoking toplevel() on ptolemy.moml.MoMLSimpleApplication@22eb3775
reloadAllAccessors: .matrixType13

===========================================================================================
----------------- testing Sun Jul 21 05:14:09 UTC 2019 /home/travis/build/icyphy/ptII/ptolemy/actor/lib/test/auto/matrixType14.xml
----------------- Instantiating /home/travis/build/icyphy/ptII/ptolemy/actor/lib/test/auto/matrixType14.xml
2 ms. Memory: 484352K Free: 316815K (65%)
----------------- Invoking toplevel() on ptolemy.moml.MoMLSimpleApplication@1397e499
----------------- Done invoking toplevel() on ptolemy.moml.MoMLSimpleApplication@1397e499
reloadAllAccessors: .matrixType14

===========================================================================================
----------------- testing Sun Jul 21 05:14:09 UTC 2019 /home/travis/build/icyphy/ptII/ptolemy/actor/lib/test/auto/matrixType2.xml
----------------- Instantiating /home/travis/build/icyphy/ptII/ptolemy/actor/lib/test/auto/matrixType2.xml
1 ms. Memory: 484352K Free: 311695K (64%)
----------------- Invoking toplevel() on ptolemy.moml.MoMLSimpleApplication@56d6fec9
----------------- Done invoking toplevel() on ptolemy.moml.MoMLSimpleApplication@56d6fec9
reloadAllAccessors: .matrixType2

===========================================================================================
----------------- testing Sun Jul 21 05:14:09 UTC 2019 /home/travis/build/icyphy/ptII/ptolemy/actor/lib/test/auto/matrixType3.xml
----------------- Instantiating /home/travis/build/icyphy/ptII/ptolemy/actor/lib/test/auto/matrixType3.xml
4 ms. Memory: 484352K Free: 306575K (63%)
----------------- Invoking toplevel() on ptolemy.moml.MoMLSimpleApplication@3b0cc07e
----------------- Done invoking toplevel() on ptolemy.moml.MoMLSimpleApplication@3b0cc07e
reloadAllAccessors: .matrixType3

===========================================================================================
----------------- testing Sun Jul 21 05:14:09 UTC 2019 /home/travis/build/icyphy/ptII/ptolemy/actor/lib/test/auto/matrixType4.xml
----------------- Instantiating /home/travis/build/icyphy/ptII/ptolemy/actor/lib/test/auto/matrixType4.xml
1 ms. Memory: 484352K Free: 301969K (62%)
----------------- Invoking toplevel() on ptolemy.moml.MoMLSimpleApplication@65281f11
----------------- Done invoking toplevel() on ptolemy.moml.MoMLSimpleApplication@65281f11
reloadAllAccessors: .matrixType4

===========================================================================================
----------------- testing Sun Jul 21 05:14:09 UTC 2019 /home/travis/build/icyphy/ptII/ptolemy/actor/lib/test/auto/matrixType5.xml
----------------- Instantiating /home/travis/build/icyphy/ptII/ptolemy/actor/lib/test/auto/matrixType5.xml
2 ms. Memory: 484352K Free: 297359K (61%)
----------------- Invoking toplevel() on ptolemy.moml.MoMLSimpleApplication@1e807b84
----------------- Done invoking toplevel() on ptolemy.moml.MoMLSimpleApplication@1e807b84
reloadAllAccessors: .matrixType5

===========================================================================================
----------------- testing Sun Jul 21 05:14:09 UTC 2019 /home/travis/build/icyphy/ptII/ptolemy/actor/lib/test/auto/matrixType6.xml
----------------- Instantiating /home/travis/build/icyphy/ptII/ptolemy/actor/lib/test/auto/matrixType6.xml
2 ms. Memory: 484352K Free: 292239K (60%)
----------------- Invoking toplevel() on ptolemy.moml.MoMLSimpleApplication@71c73322
----------------- Done invoking toplevel() on ptolemy.moml.MoMLSimpleApplication@71c73322
reloadAllAccessors: .matrixType6

===========================================================================================
----------------- testing Sun Jul 21 05:14:09 UTC 2019 /home/travis/build/icyphy/ptII/ptolemy/actor/lib/test/auto/matrixType7.xml
----------------- Instantiating /home/travis/build/icyphy/ptII/ptolemy/actor/lib/test/auto/matrixType7.xml
1 ms. Memory: 484352K Free: 287633K (59%)
----------------- Invoking toplevel() on ptolemy.moml.MoMLSimpleApplication@28c1bda4
----------------- Done invoking toplevel() on ptolemy.moml.MoMLSimpleApplication@28c1bda4
reloadAllAccessors: .matrixType7

===========================================================================================
----------------- testing Sun Jul 21 05:14:09 UTC 2019 /home/travis/build/icyphy/ptII/ptolemy/actor/lib/test/auto/matrixType8.xml
----------------- Instantiating /home/travis/build/icyphy/ptII/ptolemy/actor/lib/test/auto/matrixType8.xml
1 ms. Memory: 484352K Free: 283023K (58%)
----------------- Invoking toplevel() on ptolemy.moml.MoMLSimpleApplication@512d4400
----------------- Done invoking toplevel() on ptolemy.moml.MoMLSimpleApplication@512d4400
reloadAllAccessors: .matrixType8

===========================================================================================
----------------- testing Sun Jul 21 05:14:09 UTC 2019 /home/travis/build/icyphy/ptII/ptolemy/actor/lib/test/auto/matrixType9.xml
----------------- Instantiating /home/travis/build/icyphy/ptII/ptolemy/actor/lib/test/auto/matrixType9.xml
1 ms. Memory: 484352K Free: 277903K (57%)
----------------- Invoking toplevel() on ptolemy.moml.MoMLSimpleApplication@f346832
----------------- Done invoking toplevel() on ptolemy.moml.MoMLSimpleApplication@f346832
reloadAllAccessors: .matrixType9

===========================================================================================
----------------- testing Sun Jul 21 05:14:09 UTC 2019 /home/travis/build/icyphy/ptII/ptolemy/actor/lib/test/auto/paraFunctest.xml
----------------- Instantiating /home/travis/build/icyphy/ptII/ptolemy/actor/lib/test/auto/paraFunctest.xml
2 ms. Memory: 484352K Free: 274321K (57%)
----------------- Invoking toplevel() on ptolemy.moml.MoMLSimpleApplication@75c6a218
----------------- Done invoking toplevel() on ptolemy.moml.MoMLSimpleApplication@75c6a218
reloadAllAccessors: .paraFunctest

===========================================================================================
----------------- testing Sun Jul 21 05:14:09 UTC 2019 /home/travis/build/icyphy/ptII/ptolemy/actor/lib/test/auto/paraFunctest2.xml
----------------- Instantiating /home/travis/build/icyphy/ptII/ptolemy/actor/lib/test/auto/paraFunctest2.xml
2 ms. Memory: 484352K Free: 269711K (56%)
----------------- Invoking toplevel() on ptolemy.moml.MoMLSimpleApplication@278563cd
----------------- Done invoking toplevel() on ptolemy.moml.MoMLSimpleApplication@278563cd
reloadAllAccessors: .paraFunctest2

===========================================================================================
----------------- testing Sun Jul 21 05:14:09 UTC 2019 /home/travis/build/icyphy/ptII/ptolemy/actor/lib/test/auto/parameterPassing.xml
----------------- Instantiating /home/travis/build/icyphy/ptII/ptolemy/actor/lib/test/auto/parameterPassing.xml
1 ms. Memory: 484352K Free: 265615K (55%)
----------------- Invoking toplevel() on ptolemy.moml.MoMLSimpleApplication@46aba1e1
----------------- Done invoking toplevel() on ptolemy.moml.MoMLSimpleApplication@46aba1e1
reloadAllAccessors: .parameterPassing

===========================================================================================
----------------- testing Sun Jul 21 05:14:09 UTC 2019 /home/travis/build/icyphy/ptII/ptolemy/actor/lib/test/auto/record.xml
----------------- Instantiating /home/travis/build/icyphy/ptII/ptolemy/actor/lib/test/auto/record.xml
2 ms. Memory: 484352K Free: 261009K (54%)
----------------- Invoking toplevel() on ptolemy.moml.MoMLSimpleApplication@7bda56b1
----------------- Done invoking toplevel() on ptolemy.moml.MoMLSimpleApplication@7bda56b1
reloadAllAccessors: .record

===========================================================================================
----------------- testing Sun Jul 21 05:14:09 UTC 2019 /home/travis/build/icyphy/ptII/ptolemy/actor/lib/test/auto/sizedarray1.xml
----------------- Instantiating /home/travis/build/icyphy/ptII/ptolemy/actor/lib/test/auto/sizedarray1.xml
1 ms. Memory: 484352K Free: 255375K (53%)
----------------- Invoking toplevel() on ptolemy.moml.MoMLSimpleApplication@2bf43417
----------------- Done invoking toplevel() on ptolemy.moml.MoMLSimpleApplication@2bf43417
reloadAllAccessors: .sizedarray1

===========================================================================================
----------------- testing Sun Jul 21 05:14:09 UTC 2019 /home/travis/build/icyphy/ptII/ptolemy/actor/lib/test/auto/sizedarray2.xml
----------------- Instantiating /home/travis/build/icyphy/ptII/ptolemy/actor/lib/test/auto/sizedarray2.xml
3 ms. Memory: 484352K Free: 250255K (52%)
----------------- Invoking toplevel() on ptolemy.moml.MoMLSimpleApplication@63073606
----------------- Done invoking toplevel() on ptolemy.moml.MoMLSimpleApplication@63073606
reloadAllAccessors: .sizedarray2

===========================================================================================
----------------- testing Sun Jul 21 05:14:09 UTC 2019 /home/travis/build/icyphy/ptII/ptolemy/actor/lib/test/auto/twoPublishers.xml
----------------- Instantiating /home/travis/build/icyphy/ptII/ptolemy/actor/lib/test/auto/twoPublishers.xml
7 ms. Memory: 484352K Free: 239505K (49%)
----------------- Invoking toplevel() on ptolemy.moml.MoMLSimpleApplication@342b029
----------------- Done invoking toplevel() on ptolemy.moml.MoMLSimpleApplication@342b029
reloadAllAccessors: .twoPublishers
AutoTests.java: About to close Vertx.
AutoTests.java: Vertx closed.
]]></system-out>
  <system-err><![CDATA[java.lang.RuntimeException: Execution failed
	at ptolemy.moml.MoMLSimpleApplication$UnloadThread.run(MoMLSimpleApplication.java:402)
Caused by: java.lang.RuntimeException: StringUtilities.exit() was called. Normally, we would exit here because Manager.exitAfterWrapup() was called.  However, because the ptolemy.ptII.exitAfterWrapup property is set, we throw this exception instead.
	at ptolemy.util.StringUtilities.exit(StringUtilities.java:363)
	at ptolemy.actor.Manager.wrapup(Manager.java:1549)
	at ptolemy.actor.Manager.execute(Manager.java:407)
	at ptolemy.actor.Manager.run(Manager.java:1263)
	at ptolemy.actor.Manager$PtolemyRunThread.run(Manager.java:1933)
Warning: '.top.test' is in training mode, set the trainingMode parameter to false before checking in
Warning: '.top.test' is in training mode, set the trainingMode parameter to false before checking in
Warning: '.top.test' is in training mode, set the trainingMode parameter to false before checking in
Warning: '.BooleanSwitch_RegressionTest_WrongTrainingValues.Test' is in training mode, set the trainingMode parameter to false before checking in
Warning: '.BooleanSwitch_RegressionTest_WrongTrainingValues.Test2' is in training mode, set the trainingMode parameter to false before checking in
Warning: '.BooleanSwitch_RegressionTest_WrongTrainingValues.Test2' The test produced 0 tokens.
Warning: '.top.testExceptionHandler' is in training mode, set the trainingMode parameter to false before checking in
java.lang.RuntimeException: Execution failed
	at ptolemy.moml.MoMLSimpleApplication$UnloadThread.run(MoMLSimpleApplication.java:402)
Caused by: ptolemy.kernel.util.IllegalActionException: PublisherPorts cannot be used at the top level, use a Publisher actor instead.
  in .PublisherPortToplevelSubscriber.PublisherPort
	at ptolemy.actor.PublisherPort.preinitialize(PublisherPort.java:403)
	at ptolemy.actor.CompositeActor.preinitialize(CompositeActor.java:1769)
	at ptolemy.actor.Manager.preinitializeAndResolveTypes(Manager.java:1040)
	at ptolemy.actor.Manager.initialize(Manager.java:710)
	at ptolemy.actor.Manager.execute(Manager.java:356)
	at ptolemy.actor.Manager.run(Manager.java:1263)
	at ptolemy.actor.Manager$PtolemyRunThread.run(Manager.java:1933)
java.lang.reflect.InvocationTargetException
	at java.base/jdk.internal.reflect.NativeConstructorAccessorImpl.newInstance0(Native Method)
	at java.base/jdk.internal.reflect.NativeConstructorAccessorImpl.newInstance(NativeConstructorAccessorImpl.java:62)
	at java.base/jdk.internal.reflect.DelegatingConstructorAccessorImpl.newInstance(DelegatingConstructorAccessorImpl.java:45)
	at java.base/java.lang.reflect.Constructor.newInstance(Constructor.java:490)
	at ptolemy.util.test.junit.AutoKnownFailedTests.RunModel(AutoKnownFailedTests.java:105)
	at java.base/jdk.internal.reflect.NativeMethodAccessorImpl.invoke0(Native Method)
	at java.base/jdk.internal.reflect.NativeMethodAccessorImpl.invoke(NativeMethodAccessorImpl.java:62)
	at java.base/jdk.internal.reflect.DelegatingMethodAccessorImpl.invoke(DelegatingMethodAccessorImpl.java:43)
	at java.base/java.lang.reflect.Method.invoke(Method.java:566)
	at org.junit.runners.model.FrameworkMethod$1.runReflectiveCall(FrameworkMethod.java:44)
	at org.junit.internal.runners.model.ReflectiveCallable.run(ReflectiveCallable.java:15)
	at org.junit.runners.model.FrameworkMethod.invokeExplosively(FrameworkMethod.java:41)
	at junitparams.internal.InvokeParameterisedMethod.evaluate(InvokeParameterisedMethod.java:102)
	at org.junit.internal.runners.statements.FailOnTimeout$1.run(FailOnTimeout.java:28)
Caused by: ptolemy.kernel.util.IllegalActionException: PublisherPorts cannot be used at the top level, use a Publisher actor instead.
  in .PublisherPortToplevelSubscriber.PublisherPort
	at ptolemy.actor.PublisherPort.preinitialize(PublisherPort.java:403)
	at ptolemy.actor.CompositeActor.preinitialize(CompositeActor.java:1769)
	at ptolemy.actor.Manager.preinitializeAndResolveTypes(Manager.java:1040)
	at ptolemy.actor.Manager.initialize(Manager.java:710)
	at ptolemy.actor.Manager.execute(Manager.java:356)
	at ptolemy.actor.Manager.run(Manager.java:1263)
	at ptolemy.actor.Manager$PtolemyRunThread.run(Manager.java:1933)
java.lang.RuntimeException: Execution failed
	at ptolemy.moml.MoMLSimpleApplication$UnloadThread.run(MoMLSimpleApplication.java:402)
Caused by: ptolemy.kernel.util.IllegalActionException: SubscriberPorts cannot be used at the top level, use a Subscriber actor instead.
  in .PublisherSubscriberPortToplevel.SubscriberPort
	at ptolemy.actor.SubscriberPort.preinitialize(SubscriberPort.java:328)
	at ptolemy.actor.CompositeActor.preinitialize(CompositeActor.java:1769)
	at ptolemy.actor.Manager.preinitializeAndResolveTypes(Manager.java:1040)
	at ptolemy.actor.Manager.initialize(Manager.java:710)
	at ptolemy.actor.Manager.execute(Manager.java:356)
	at ptolemy.actor.Manager.run(Manager.java:1263)
	at ptolemy.actor.Manager$PtolemyRunThread.run(Manager.java:1933)
java.lang.reflect.InvocationTargetException
	at java.base/jdk.internal.reflect.NativeConstructorAccessorImpl.newInstance0(Native Method)
	at java.base/jdk.internal.reflect.NativeConstructorAccessorImpl.newInstance(NativeConstructorAccessorImpl.java:62)
	at java.base/jdk.internal.reflect.DelegatingConstructorAccessorImpl.newInstance(DelegatingConstructorAccessorImpl.java:45)
	at java.base/java.lang.reflect.Constructor.newInstance(Constructor.java:490)
	at ptolemy.util.test.junit.AutoKnownFailedTests.RunModel(AutoKnownFailedTests.java:105)
	at java.base/jdk.internal.reflect.NativeMethodAccessorImpl.invoke0(Native Method)
	at java.base/jdk.internal.reflect.NativeMethodAccessorImpl.invoke(NativeMethodAccessorImpl.java:62)
	at java.base/jdk.internal.reflect.DelegatingMethodAccessorImpl.invoke(DelegatingMethodAccessorImpl.java:43)
	at java.base/java.lang.reflect.Method.invoke(Method.java:566)
	at org.junit.runners.model.FrameworkMethod$1.runReflectiveCall(FrameworkMethod.java:44)
	at org.junit.internal.runners.model.ReflectiveCallable.run(ReflectiveCallable.java:15)
	at org.junit.runners.model.FrameworkMethod.invokeExplosively(FrameworkMethod.java:41)
	at junitparams.internal.InvokeParameterisedMethod.evaluate(InvokeParameterisedMethod.java:102)
	at org.junit.internal.runners.statements.FailOnTimeout$1.run(FailOnTimeout.java:28)
Caused by: ptolemy.kernel.util.IllegalActionException: SubscriberPorts cannot be used at the top level, use a Subscriber actor instead.
  in .PublisherSubscriberPortToplevel.SubscriberPort
	at ptolemy.actor.SubscriberPort.preinitialize(SubscriberPort.java:328)
	at ptolemy.actor.CompositeActor.preinitialize(CompositeActor.java:1769)
	at ptolemy.actor.Manager.preinitializeAndResolveTypes(Manager.java:1040)
	at ptolemy.actor.Manager.initialize(Manager.java:710)
	at ptolemy.actor.Manager.execute(Manager.java:356)
	at ptolemy.actor.Manager.run(Manager.java:1263)
	at ptolemy.actor.Manager$PtolemyRunThread.run(Manager.java:1933)
java.lang.RuntimeException: Execution failed
	at ptolemy.moml.MoMLSimpleApplication$UnloadThread.run(MoMLSimpleApplication.java:402)
Caused by: ptolemy.kernel.util.IllegalActionException: SubscriptionAggregatorPorts cannot be used at the top level, use a SubscriptionAggregator actor instead.
  in .PublisherSubscriptionAggregatorPort.SubscriptionAggregatorPort
	at ptolemy.actor.SubscriptionAggregatorPort.preinitialize(SubscriptionAggregatorPort.java:353)
	at ptolemy.actor.CompositeActor.preinitialize(CompositeActor.java:1769)
	at ptolemy.actor.Manager.preinitializeAndResolveTypes(Manager.java:1040)
	at ptolemy.actor.Manager.initialize(Manager.java:710)
	at ptolemy.actor.Manager.execute(Manager.java:356)
	at ptolemy.actor.Manager.run(Manager.java:1263)
	at ptolemy.actor.Manager$PtolemyRunThread.run(Manager.java:1933)
java.lang.reflect.InvocationTargetException
	at java.base/jdk.internal.reflect.NativeConstructorAccessorImpl.newInstance0(Native Method)
	at java.base/jdk.internal.reflect.NativeConstructorAccessorImpl.newInstance(NativeConstructorAccessorImpl.java:62)
	at java.base/jdk.internal.reflect.DelegatingConstructorAccessorImpl.newInstance(DelegatingConstructorAccessorImpl.java:45)
	at java.base/java.lang.reflect.Constructor.newInstance(Constructor.java:490)
	at ptolemy.util.test.junit.AutoKnownFailedTests.RunModel(AutoKnownFailedTests.java:105)
	at java.base/jdk.internal.reflect.NativeMethodAccessorImpl.invoke0(Native Method)
	at java.base/jdk.internal.reflect.NativeMethodAccessorImpl.invoke(NativeMethodAccessorImpl.java:62)
	at java.base/jdk.internal.reflect.DelegatingMethodAccessorImpl.invoke(DelegatingMethodAccessorImpl.java:43)
	at java.base/java.lang.reflect.Method.invoke(Method.java:566)
	at org.junit.runners.model.FrameworkMethod$1.runReflectiveCall(FrameworkMethod.java:44)
	at org.junit.internal.runners.model.ReflectiveCallable.run(ReflectiveCallable.java:15)
	at org.junit.runners.model.FrameworkMethod.invokeExplosively(FrameworkMethod.java:41)
	at junitparams.internal.InvokeParameterisedMethod.evaluate(InvokeParameterisedMethod.java:102)
	at org.junit.internal.runners.statements.FailOnTimeout$1.run(FailOnTimeout.java:28)
Caused by: ptolemy.kernel.util.IllegalActionException: SubscriptionAggregatorPorts cannot be used at the top level, use a SubscriptionAggregator actor instead.
  in .PublisherSubscriptionAggregatorPort.SubscriptionAggregatorPort
	at ptolemy.actor.SubscriptionAggregatorPort.preinitialize(SubscriptionAggregatorPort.java:353)
	at ptolemy.actor.CompositeActor.preinitialize(CompositeActor.java:1769)
	at ptolemy.actor.Manager.preinitializeAndResolveTypes(Manager.java:1040)
	at ptolemy.actor.Manager.initialize(Manager.java:710)
	at ptolemy.actor.Manager.execute(Manager.java:356)
	at ptolemy.actor.Manager.run(Manager.java:1263)
	at ptolemy.actor.Manager$PtolemyRunThread.run(Manager.java:1933)
java.lang.RuntimeException: Execution failed
	at ptolemy.moml.MoMLSimpleApplication$UnloadThread.run(MoMLSimpleApplication.java:402)
Caused by: ptolemy.kernel.util.IllegalActionException: TypeTest actor has no training data.
  in .sizedarray3.TypeTest
	at ptolemy.actor.lib.TypeTest.initialize(TypeTest.java:250)
	at ptolemy.actor.Director.initialize(Director.java:938)
	at ptolemy.actor.Director.initialize(Director.java:907)
	at ptolemy.actor.sched.StaticSchedulingDirector.initialize(StaticSchedulingDirector.java:159)
	at ptolemy.domains.sdf.kernel.SDFDirector.initialize(SDFDirector.java:544)
	at ptolemy.actor.CompositeActor.initialize(CompositeActor.java:935)
	at ptolemy.actor.Manager.initialize(Manager.java:724)
	at ptolemy.actor.Manager.execute(Manager.java:356)
	at ptolemy.actor.Manager.run(Manager.java:1263)
	at ptolemy.actor.Manager$PtolemyRunThread.run(Manager.java:1933)
java.lang.reflect.InvocationTargetException
	at java.base/jdk.internal.reflect.NativeConstructorAccessorImpl.newInstance0(Native Method)
	at java.base/jdk.internal.reflect.NativeConstructorAccessorImpl.newInstance(NativeConstructorAccessorImpl.java:62)
	at java.base/jdk.internal.reflect.DelegatingConstructorAccessorImpl.newInstance(DelegatingConstructorAccessorImpl.java:45)
	at java.base/java.lang.reflect.Constructor.newInstance(Constructor.java:490)
	at ptolemy.util.test.junit.AutoKnownFailedTests.RunModel(AutoKnownFailedTests.java:105)
	at java.base/jdk.internal.reflect.NativeMethodAccessorImpl.invoke0(Native Method)
	at java.base/jdk.internal.reflect.NativeMethodAccessorImpl.invoke(NativeMethodAccessorImpl.java:62)
	at java.base/jdk.internal.reflect.DelegatingMethodAccessorImpl.invoke(DelegatingMethodAccessorImpl.java:43)
	at java.base/java.lang.reflect.Method.invoke(Method.java:566)
	at org.junit.runners.model.FrameworkMethod$1.runReflectiveCall(FrameworkMethod.java:44)
	at org.junit.internal.runners.model.ReflectiveCallable.run(ReflectiveCallable.java:15)
	at org.junit.runners.model.FrameworkMethod.invokeExplosively(FrameworkMethod.java:41)
	at junitparams.internal.InvokeParameterisedMethod.evaluate(InvokeParameterisedMethod.java:102)
	at org.junit.internal.runners.statements.FailOnTimeout$1.run(FailOnTimeout.java:28)
Caused by: ptolemy.kernel.util.IllegalActionException: TypeTest actor has no training data.
  in .sizedarray3.TypeTest
	at ptolemy.actor.lib.TypeTest.initialize(TypeTest.java:250)
	at ptolemy.actor.Director.initialize(Director.java:938)
	at ptolemy.actor.Director.initialize(Director.java:907)
	at ptolemy.actor.sched.StaticSchedulingDirector.initialize(StaticSchedulingDirector.java:159)
	at ptolemy.domains.sdf.kernel.SDFDirector.initialize(SDFDirector.java:544)
	at ptolemy.actor.CompositeActor.initialize(CompositeActor.java:935)
	at ptolemy.actor.Manager.initialize(Manager.java:724)
	at ptolemy.actor.Manager.execute(Manager.java:356)
	at ptolemy.actor.Manager.run(Manager.java:1263)
	at ptolemy.actor.Manager$PtolemyRunThread.run(Manager.java:1933)
]]></system-err>
</testsuite>
