<?xml version="1.0" encoding="UTF-8" ?>
<testsuite errors="0" failures="1" hostname="travis-job-afdad873-b305-4e49-bfb0-9d1c55b3339c" name="ptolemy.actor.lib.test.junit.JUnitTclTest" skipped="0" tests="517" time="59.164" timestamp="2019-01-24T03:20:38">
  <properties>
    <property name="npm.executable" value="npm" />
    <property name="file.encoding.pkg" value="sun.io" />
    <property name="env.TRAVIS_ROOT" value="/" />
    <property name="ptII.mk.exists" value="true" />
    <property name="env.TRAVIS_APP_HOST" value="build.travis-ci.org" />
    <property name="env.rvm_bin_path" value="/home/travis/.rvm/bin" />
    <property name="java.home" value="/usr/lib/jvm/java-8-oracle/jre" />
    <property name="env.TRAVIS_JOB_NUMBER" value="961.8" />
    <property name="env.TRAVIS_HOME" value="/home/travis" />
    <property name="env.DISPLAY" value=":99.0" />
    <property name="java.net.preferIPv4Stack" value="true" />
    <property name="env.TRAVIS_INIT" value="upstart" />
    <property name="env.SSH_TTY" value="/dev/pts/0" />
    <property name="env.RUN_TESTS" value="false" />
    <property name="timeout.short" value="1000000" />
    <property name="env.TRAVIS_JOB_NAME" value="" />
    <property name="env.TRAVIS_STACK_NODE_ATTRIBUTES" value="/.node-attributes.yml" />
    <property name="junit.formatter" value="xml" />
    <property name="java.endorsed.dirs" value="/usr/lib/jvm/java-8-oracle/jre/lib/endorsed" />
    <property name="env.TRAVIS_SUDO" value="true" />
    <property name="env.LOGNAME" value="travis" />
    <property name="env.PT_TRAVIS_TEST_CORE1_XML" value="true" />
    <property name="jsdoc.home" value="node_modules/@terraswarm/jsdoc" />
    <property name="debuglevel" value="source,lines,vars" />
    <property name="checkstyle.formatter" value="xml" />
    <property name="bin.vergil.makeable" value="true" />
    <property name="env._system_version" value="14.04" />
    <property name="sun.os.patch.level" value="unknown" />
    <property name="java.vendor.url" value="http://java.oracle.com/" />
    <property name="env.TRAVIS_BUILD_WEB_URL" value="https://travis-ci.org/icyphy/ptII/builds/483710058" />
    <property name="java.version" value="1.8.0_151" />
    <property name="env.TZ" value="UTC" />
    <property name="env.PT_NO_NET" value="true" />
    <property name="env.TRAVIS_PULL_REQUEST_SHA" value="" />
    <property name="env.TRAVIS_SECURE_ENV_VARS" value="true" />
    <property name="env._system_type" value="Linux" />
    <property name="java.vendor.url.bug" value="http://bugreport.sun.com/bugreport/" />
    <property name="env.SSH_CLIENT" value="10.10.4.113 39052 22" />
    <property name="npmjs-org-is-up" value="true" />
    <property name="env.GEM_HOME" value="/home/travis/.rvm/gems/ruby-2.4.1" />
    <property name="env.HAS_ANTARES_THREE_LITTLE_FRONZIES_BADGE" value="true" />
    <property name="env.PS4" value="+" />
    <property name="ant.project.invoked-targets" value="build,test.core1.xml" />
    <property name="env.TRAVIS_PULL_REQUEST_BRANCH" value="" />
    <property name="env.TRAVIS_REPO_SLUG" value="icyphy/ptII" />
    <property name="env.TRAVIS_APT_PROXY" value="http://build-cache.travisci.net" />
    <property name="node.in.path" value="true" />
    <property name="java.maxmemory" value="1400m" />
    <property name="env.RUBY_VERSION" value="ruby-2.4.1" />
    <property name="user.name" value="travis" />
    <property name="env.LANG" value="en_US.UTF-8" />
    <property name="sun.io.unicode.encoding" value="UnicodeLittle" />
    <property name="sun.jnu.encoding" value="UTF-8" />
    <property name="java.runtime.name" value="Java(TM) SE Runtime Environment" />
    <property name="usefile" value="false" />
    <property name="return.code" value="0" />
    <property name="junit.single.formatter" value="plain" />
    <property name="env.DYLD_LIBRARY_PATH" value="/home/travis/pthla/certi-tools/lib:" />
    <property name="env.DEBIAN_FRONTEND" value="noninteractive" />
    <property name="env.SSH_CONNECTION" value="10.10.4.113 39052 10.20.2.6 22" />
    <property name="env.MYSQL_UNIX_PORT" value="/var/run/mysqld/mysqld.sock" />
    <property name="env.TRAVIS_ALLOW_FAILURE" value="false" />
    <property name="env.LC_ALL" value="en_US.UTF-8" />
    <property name="env.TRAVIS_JOB_WEB_URL" value="https://travis-ci.org/icyphy/ptII/jobs/483710066" />
    <property name="java.specification.name" value="Java Platform API Specification" />
    <property name="node.works" value="true" />
    <property name="user.timezone" value="" />
    <property name="path.separator" value=":" />
    <property name="env.TRAVIS_ENABLE_INFRA_DETECTION" value="true" />
    <property name="env.PYTHON_CFLAGS" value="-g -fstack-protector --param=ssp-buffer-size=4 -Wformat -Werror=format-security" />
    <property name="timeout.long" value="4000000" />
    <property name="env.CERTI_HOME" value="/home/travis/pthla/certi-tools" />
    <property name="file.encoding" value="UTF-8" />
    <property name="ant.file.ptII" value="/home/travis/build/icyphy/ptII/build.xml" />
    <property name="javadoc.packagenames" value="com.*,diva.*,lbnl.*,org.hlacerti.*,org.json.*,org.ptolemy.*,org.terraswarm.*,ptolemy.*,ptserver.*" />
    <property name="env.TRAVIS_PULL_REQUEST_SLUG" value="" />
    <property name="ant.project.default-target" value="build" />
    <property name="env.GIT_ASKPASS" value="echo" />
    <property name="env.HOME" value="/home/travis" />
    <property name="sun.java.command" value="org.apache.tools.ant.taskdefs.optional.junit.JUnitTestRunner ptolemy.actor.lib.test.junit.JUnitTclTest skipNonTests=false filtertrace=true haltOnError=false haltOnFailure=false formatter=org.apache.tools.ant.taskdefs.optional.junit.OutErrSummaryJUnitResultFormatter showoutput=true outputtoformatters=true logfailedtests=true threadid=0 logtestlistenerevents=false formatter=org.apache.tools.ant.taskdefs.optional.junit.XMLJUnitResultFormatter,/home/travis/build/icyphy/ptII/reports/junit/TEST-ptolemy.actor.lib.test.junit.JUnitTclTest.xml crashfile=/home/travis/build/icyphy/ptII/junitvmwatcher3917695663991695548.properties propsfile=/home/travis/build/icyphy/ptII/junit6832087198697370937.properties" />
    <property name="env.MANPATH" value="/home/travis/.nvm/versions/node/v7.10.1/share/man:/home/travis/.kiex/elixirs/elixir-1.4.5/man:/home/travis/.rvm/rubies/ruby-2.4.1/share/man:/usr/local/man:/usr/local/cmake-3.9.2/man:/usr/local/clang-5.0.0/share/man:/usr/local/share/man:/usr/share/man:/home/travis/.rvm/man" />
    <property name="env.COMPOSER_NO_INTERACTION" value="1" />
    <property name="env.JDK_SWITCHER_DEFAULT" value="oraclejdk8" />
    <property name="env.TRAVIS_TIMER_ID" value="16476330" />
    <property name="ant.file" value="/home/travis/build/icyphy/ptII/build.xml" />
    <property name="env.TRAVIS_COMMIT_RANGE" value="d2e3a9425a75ce9c14d997bf9e28789559195dc0...f110f04f759d3a7f5663c1cd842d0bad8da6e35a" />
    <property name="env._system_name" value="Ubuntu" />
    <property name="timeout" value="2400000" />
    <property name="ptII.classpath.optional.property" value="/home/travis/build/icyphy/ptII/lib/bsh-2.0b4.jar:/home/travis/build/icyphy/ptII/lib/ptCal.jar:/home/travis/build/icyphy/ptII/lib/java_cup.jar:/home/travis/build/icyphy/ptII/lib/saxon8.jar:/home/travis/build/icyphy/ptII/lib/saxon8-dom.jar:/home/travis/build/icyphy/ptII/lib/chic.jar:/home/travis/build/icyphy/ptII/lib/ptcolt.jar:/usr/lib/jvm/java-8-oracle/lib/tools.jar:/usr/lib/eclipse/plugins/org.eclipse.jdt.core_3.8.2.dist.jar:/usr/lib/eclipse/plugins/org.eclipse.core.runtime_3.8.0.dist.jar:/usr/lib/eclipse/plugins/org.eclipse.osgi_3.8.1.dist.jar:/usr/lib/eclipse/plugins/org.eclipse.core.resources_3.8.1.dist.jar:/usr/lib/eclipse/plugins/org.eclipse.equinox.common_3.6.100.dist.jar:/usr/lib/eclipse/plugins/org.eclipse.core.jobs_3.5.200.dist.jar:/usr/lib/eclipse/plugins/org.eclipse.core.contenttype_3.4.200.dist.jar:/usr/lib/eclipse/plugins/org.eclipse.equinox.preferences_3.5.0.dist.jar:/usr/lib/eclipse/plugins/org.eclipse.text_3.5.200.dist.jar:/usr/lib/eclipse/plugins/org.eclipse.ui.workbench_3.8.1.dist.jar:/usr/lib/eclipse/plugins/org.eclipse.jface_3.8.0.dist.jar:/usr/lib/eclipse/plugins/org.eclipse.swt_3.8.2.jar:/usr/lib/eclipse/plugins/org.eclipse.jface.text_3.8.1.dist.jar:/usr/lib/eclipse/plugins/org.eclipse.ui.workbench.texteditor_3.8.0.dist.jar:/usr/lib/eclipse/plugins/org.eclipse.ui.editors_3.8.0.dist.jar:/usr/lib/eclipse/plugins/org.eclipse.core.commands_3.6.1.dist.jar:/usr/lib/eclipse/plugins/org.eclipse.equinox.registry_3.5.200.dist.jar:/usr/lib/eclipse/plugins/org.eclipse.ui.console_3.5.100.dist.jar:/usr/lib/eclipse/plugins/org.eclipse.ui.forms_3.5.200.dist.jar:/usr/lib/eclipse/plugins/org.eclipse.ui.ide_3.8.1.dist.jar:/home/travis/build/icyphy/ptII/vendors/oracle/dbxml.jar:/home/travis/build/icyphy/ptII/vendors/oracle/db.jar:/home/travis/build/icyphy/ptII/vendors/misc/itext/iText.jar:/home/travis/build/icyphy/ptII/lib/g4ltl.jar:/home/travis/build/icyphy/ptII/lib/StructuralCoder.jar:/home/travis/build/icyphy/ptII/lib/org-openide-util.jar:/home/travis/build/icyphy/ptII/lib/org-openide-util-lookup.jar:/home/travis/build/icyphy/ptII/lib/org-netbeans-api-visual.jar:/home/travis/build/icyphy/ptII/vendors/jai-1_1_2_01/lib/jai_core.jar:/home/travis/build/icyphy/ptII/vendors/jai-1_1_2_01/lib/jai_codec.jar:/home/travis/build/icyphy/ptII/lib/jcerti.jar:/home/travis/build/icyphy/ptII/lib/smack.jar:/home/travis/build/icyphy/ptII/lib/smackx.jar:/home/travis/build/icyphy/ptII/lib/jetty-all-8.1.5-v20120716.jar:/home/travis/build/icyphy/ptII/lib/javax.servlet-api-3.0.1.jar:/home/travis/build/icyphy/ptII/lib/javax.mail.jar:/home/travis/build/icyphy/ptII/vendors/JMF-2.1.1e/lib/jmf.jar:/home/travis/build/icyphy/ptII/lib/jna-4.0.0-variadic.jar:/home/travis/build/icyphy/ptII/vendors/misc/joystick/Joystick.jar:/home/travis/build/icyphy/ptII/lib/ptjacl.jar:/home/travis/build/icyphy/ptII/lib/jsoup-1.8.2.jar:/home/travis/build/icyphy/ptII/lib/junit-4.8.2.jar:/home/travis/build/icyphy/ptII/lib/JUnitParams-0.4.0.jar:/home/travis/build/icyphy/ptII/ptolemy/actor/lib/excel/jxl.jar:/home/travis/build/icyphy/ptII/lib/jython.jar:/home/travis/build/icyphy/ptII/lib/kieler.jar:/home/travis/build/icyphy/ptII/vendors/opencv/share/OpenCV/java/opencv-341.jar:/home/travis/build/icyphy/ptII/lib/oscP5.jar:/home/travis/build/icyphy/ptII/lib/nrjavaserial-3.11.0.devel.jar:/home/travis/build/icyphy/ptII/vendors/j3d/lib/j3dcore.jar:/home/travis/build/icyphy/ptII/vendors/j3d/lib/j3dutils.jar:/home/travis/build/icyphy/ptII/vendors/j3d/lib/vecmath.jar:/home/travis/build/icyphy/ptII/ptolemy/distributed/jini/jar/jini-core.jar:/home/travis/build/icyphy/ptII/ptolemy/distributed/jini/jar/jini-ext.jar:/home/travis/build/icyphy/ptII/ptolemy/distributed/jini/jar/sun-util.jar:/home/travis/build/icyphy/ptII/lib/protobuf-java-2.4.1.jar:/home/travis/build/icyphy/ptII/lib/org.eclipse.paho.client.mqttv3.jar:/home/travis/build/icyphy/ptII/ptserver/lib/hessian-4.0.7.jar:/home/travis/build/icyphy/ptII/ptserver/lib/wmqtt.jar:/home/travis/build/icyphy/ptII/lib/mapss.jar:/home/travis/build/icyphy/ptII/ptolemy/actor/ptalon/antlr/antlr.jar:/home/travis/build/icyphy/ptII/lib/JRI.jar:/home/travis/build/icyphy/ptII/lib/commons-lang-2.6.jar:/home/travis/build/icyphy/ptII/lib/commons-logging-1.1.1.jar:/home/travis/build/icyphy/ptII/lib/sootclasses.jar:/home/travis/build/icyphy/ptII/ptolemy/actor/lib/database/mysql-connector-java-5.1.6-bin.jar:/home/travis/build/icyphy/ptII/vendors/misc/sphinx4/sphinx4-data-5prealpha.jar:/home/travis/build/icyphy/ptII/vendors/misc/sphinx4/sphinx4-core-5prealpha.jar:/home/travis/build/icyphy/ptII/lib/PDFRenderer.jar:/home/travis/build/icyphy/ptII/lib/svgSalamander.jar:/home/travis/build/icyphy/ptII/lib/rsyntaxtextarea-2.6.0-SNAPSHOT.jar:/home/travis/build/icyphy/ptII/lib/hazelcast-3.8.2.jar:/home/travis/build/icyphy/ptII/lib/jackson-annotations-2.9.0.jar:/home/travis/build/icyphy/ptII/lib/jackson-core-2.9.3.jar:/home/travis/build/icyphy/ptII/lib/jackson-databind-2.9.3.jar:/home/travis/build/icyphy/ptII/lib/netty-buffer-4.1.19.Final.jar:/home/travis/build/icyphy/ptII/lib/netty-codec-4.1.19.Final.jar:/home/travis/build/icyphy/ptII/lib/netty-codec-dns-4.1.19.Final.jar:/home/travis/build/icyphy/ptII/lib/netty-codec-http-4.1.19.Final.jar:/home/travis/build/icyphy/ptII/lib/netty-codec-http2-4.1.19.Final.jar:/home/travis/build/icyphy/ptII/lib/netty-common-4.1.19.Final.jar:/home/travis/build/icyphy/ptII/lib/netty-handler-4.1.19.Final.jar:/home/travis/build/icyphy/ptII/lib/netty-resolver-4.1.19.Final.jar:/home/travis/build/icyphy/ptII/lib/netty-resolver-dns-4.1.19.Final.jar:/home/travis/build/icyphy/ptII/lib/netty-transport-4.1.19.Final.jar:/home/travis/build/icyphy/ptII/lib/vertx-codegen-3.5.1.jar:/home/travis/build/icyphy/ptII/lib/vertx-core-3.5.2-SNAPSHOT.jar:/home/travis/build/icyphy/ptII/lib/vertx-hazelcast-3.5.1.jar:/home/travis/build/icyphy/ptII/lib/vertx-lang-js-3.5.1.jar:/home/travis/build/icyphy/ptII/lib/vertx-service-proxy-3.5.1.jar:/home/travis/build/icyphy/ptII/lib/vertx-web-3.5.1.jar:/home/travis/build/icyphy/ptII/lib/slf4j-api-1.7.13.jar:/home/travis/build/icyphy/ptII/lib/slf4j-simple-1.7.13.jar:/home/travis/build/icyphy/ptII/lib/webcam-capture-0.3.12.jar:/home/travis/build/icyphy/ptII/lib/bridj-0.7.0.jar:/home/travis/build/icyphy/ptII/lib/xbjlib-1.1.0.nrjavaserial.jar" />
    <property name="test.batch" value="**/junit/*.java" />
    <property name="env._" value="/usr/bin/timeout" />
    <property name="java.io.tmpdir" value="/tmp" />
    <property name="env.TRAVIS_INTERNAL_RUBY_REGEX" value="^ruby-(2\.[0-4]\.[0-9]|1\.9\.3)" />
    <property name="user.language" value="en" />
    <property name="env.HISTCONTROL" value="ignoredups:ignorespace" />
    <property name="env.GOROOT" value="/home/travis/.gimme/versions/go1.7.4.linux.amd64" />
    <property name="line.separator" value="&#xa;" />
    <property name="target" value="1.8" />
    <property name="env.TRAVIS_BUILD_DIR" value="/home/travis/build/icyphy/ptII" />
    <property name="env.ANT_OPTS" value="-Xmx2048m" />
    <property name="ant.file.type" value="file" />
    <property name="ptolemy.ptII.batchMode" value="true" />
    <property name="env.HISTSIZE" value="1000" />
    <property name="env.MERB_ENV" value="test" />
    <property name="java.vm.info" value="mixed mode" />
    <property name="source" value="1.8" />
    <property name="java.vm.specification.name" value="Java Virtual Machine Specification" />
    <property name="env.TRAVIS_TEST_RESULT" value="0" />
    <property name="jsdoc.command" value="node_modules/@terraswarm/jsdoc/jsdoc.js" />
    <property name="npm.works" value="true" />
    <property name="cobertura.dir" value="/home/travis/build/icyphy/ptII/vendors/cobertura-2.0.3" />
    <property name="env.rvm_path" value="/home/travis/.rvm" />
    <property name="env.GEM_PATH" value="/home/travis/.rvm/gems/ruby-2.4.1:/home/travis/.rvm/gems/ruby-2.4.1@global" />
    <property name="env.LC_CTYPE" value="en_US.UTF-8" />
    <property name="java.awt.printerjob" value="sun.print.PSPrinterJob" />
    <property name="env.TRAVIS_CMD" value="$PTII/bin/ptIITravisBuild.sh $SECONDS" />
    <property name="env.TRAVIS_STACK_NAME" value="garnet" />
    <property name="env.TRAVIS_TIMER_START_TIME" value="1548299656032174840" />
    <property name="ant.version" value="Apache Ant(TM) version 1.10.1 compiled on February 2 2017" />
    <property name="ptII.reports" value="/home/travis/build/icyphy/ptII/reports" />
    <property name="env.TRAVIS_STACK_TIMESTAMP" value="2017-12-05 19:33:09 UTC" />
    <property name="ant.file.type.ptII" value="file" />
    <property name="env.RBENV_SHELL" value="bash" />
    <property name="os.name" value="Linux" />
    <property name="java.specification.vendor" value="Oracle Corporation" />
    <property name="env.rvm_version" value="1.29.3 (latest)" />
    <property name="env.TRAVIS_INFRA" value="gce" />
    <property name="env.TERM" value="xterm" />
    <property name="java.vm.name" value="Java HotSpot(TM) 64-Bit Server VM" />
    <property name="env.TRAVIS_BUILD_NUMBER" value="961" />
    <property name="env.CI" value="true" />
    <property name="java.library.path" value="/home/travis/pthla/certi-tools/lib:/usr/lib/jni:/usr/local/share/OpenCV/java/:/usr/share/OpenCV/java::/usr/java/packages/lib/amd64:/usr/lib64:/lib64:/lib:/usr/lib" />
    <property name="env.rvm_prefix" value="/home/travis" />
    <property name="env.PATH" value="/home/travis/pthla/certi-tools/share/scripts:/home/travis/.rvm/gems/ruby-2.4.1/bin:/home/travis/.rvm/gems/ruby-2.4.1@global/bin:/home/travis/.rvm/rubies/ruby-2.4.1/bin:/home/travis/.rvm/bin:/home/travis/.nvm/versions/node/v7.10.1/bin:./node_modules/.bin:/home/travis/build/icyphy/ptII/bin:/home/travis/pthla/certi-tools/bin:/home/travis/bin:/home/travis/.local/bin:/opt/pyenv/shims:/home/travis/.phpenv/shims:/home/travis/perl5/perlbrew/bin:/home/travis/.kiex/elixirs/elixir-1.4.5/bin:/home/travis/.kiex/bin:/home/travis/gopath/bin:/home/travis/.gimme/versions/go1.7.4.linux.amd64/bin:/usr/local/phantomjs/bin:/usr/local/phantomjs:/usr/local/neo4j-3.2.7/bin:/usr/local/maven-3.5.2/bin:/usr/local/cmake-3.9.2/bin:/usr/local/clang-5.0.0/bin:/usr/local/sbin:/usr/local/bin:/usr/sbin:/usr/bin:/sbin:/bin:/home/travis/.phpenv/bin:/opt/pyenv/bin:/home/travis/.yarn/bin" />
    <property name="env.TRAVIS_OS_NAME" value="linux" />
    <property name="ant.java.version" value="1.8" />
    <property name="basedir" value="/home/travis/build/icyphy/ptII" />
    <property name="java.class.version" value="52.0" />
    <property name="env.SHLVL" value="3" />
    <property name="env.LD_LIBRARY_PATH" value="/home/travis/pthla/certi-tools/lib:/usr/lib/jni:/usr/local/share/OpenCV/java/:/usr/share/OpenCV/java:" />
    <property name="env.RACK_ENV" value="test" />
    <property name="ant.home" value="/home/travis/build/icyphy/ptII/ant" />
    <property name="env.PERLBREW_BASHRC_VERSION" value="0.80" />
    <property name="env.NVM_DIR" value="/home/travis/.nvm" />
    <property name="env.TRAVIS_BUILD_ID" value="483710058" />
    <property name="env.CERTI_FOM_PATH" value="/home/travis/pthla/certi-tools/share/federations" />
    <property name="env.PYENV_ROOT" value="/opt/pyenv" />
    <property name="env.TRAVIS_UID" value="2000" />
    <property name="env.rvm_pretty_print_flag" value="auto" />
    <property name="env.NVM_BIN" value="/home/travis/.nvm/versions/node/v7.10.1/bin" />
    <property name="env.TRAVIS_COMMIT" value="f110f04f759d3a7f5663c1cd842d0bad8da6e35a" />
    <property name="env._system_arch" value="x86_64" />
    <property name="node.executable" value="node" />
    <property name="sun.boot.library.path" value="/usr/lib/jvm/java-8-oracle/jre/lib/amd64" />
    <property name="sun.management.compiler" value="HotSpot 64-Bit Tiered Compilers" />
    <property name="env.GOPATH" value="/home/travis/gopath" />
    <property name="java.awt.graphicsenv" value="sun.awt.X11GraphicsEnvironment" />
    <property name="ptolemy.ptII.dir" value="/home/travis/build/icyphy/ptII" />
    <property name="env.USER" value="travis" />
    <property name="env.HISTFILESIZE" value="2000" />
    <property name="timeout.longest" value="19000000" />
    <property name="env.TRAVIS_STACK_FEATURES" value="basic cassandra chromium couchdb disabled-ipv6 docker docker-compose elasticsearch firefox go-toolchain google-chrome jdk memcached mongodb mysql neo4j nodejs_interpreter perl_interpreter perlbrew phantomjs postgresql python_interpreter rabbitmq redis riak ruby_interpreter sqlite xserver" />
    <property name="env.TRAVIS_PULL_REQUEST" value="false" />
    <property name="env.PYENV_SHELL" value="bash" />
    <property name="ant.project.name" value="ptII" />
    <property name="java.vm.specification.version" value="1.8" />
    <property name="env.ANSI_RESET" value="\033[0m" />
    <property name="env.TRAVIS_DIST" value="trusty" />
    <property name="env.CERTI_VERSION" value="4.0.0" />
    <property name="env.NLSPATH" value="/usr/dt/lib/nls/msg/%L/%N.cat" />
    <property name="awt.toolkit" value="sun.awt.X11.XToolkit" />
    <property name="env.CERTI_HOST" value="localhost" />
    <property name="env.MY_RUBY_HOME" value="/home/travis/.rvm/rubies/ruby-2.4.1" />
    <property name="sun.cpu.isalist" value="" />
    <property name="env.TRAVIS_TMPDIR" value="/tmp/tmp.WAsOsfQLsN" />
    <property name="java.ext.dirs" value="/usr/lib/jvm/java-8-oracle/jre/lib/ext:/usr/java/packages/lib/ext" />
    <property name="os.version" value="4.4.0-101-generic" />
    <property name="user.home" value="/home/travis" />
    <property name="env.MIX_ARCHIVES" value="/home/travis/.kiex/mix/elixir-1.4.5" />
    <property name="java.vm.vendor" value="Oracle Corporation" />
    <property name="env.TRAVIS_TAG" value="nightly" />
    <property name="env.ANSI_YELLOW" value="\033[33;1m" />
    <property name="env.TRAVIS_FILTERED" value="redirect_io" />
    <property name="env.ANSI_GREEN" value="\033[32;1m" />
    <property name="env.JAVA_HOME" value="/usr/lib/jvm/java-8-oracle" />
    <property name="env.PTII" value="/home/travis/build/icyphy/ptII" />
    <property name="javadoc.excludepackagenames" value="adm.cvs2svn.*,build.*,config.*,doc.coding.templates.*,jni.test.jni.meaningOfLife.*,jni.test.jni.testDeux.*,jni.test.jni.testTrois.*,org.terraswarm.accessor.accessors.web.node_modules.*,org.terraswarm.accessor.accessors.web.hosts.cordova.demo.*,org.terraswarm.accessor.accessors.web.hosts.cordova.plugins.*,org.terraswarm.accessor.accessors-svn.*,pt-modules.*,ptolemy.apps.agilent.*,ptolemy.apps.anytimecontrol.*,ptolemy.apps.apes.*,ptolemy.apps.charon.*,ptolemy.apps.crazyboard.*,ptolemy.apps.eclipse.*,ptolemy.apps.etherealSting.*,ptolemy.apps.fullscreen.*,ptolemy.apps.giotto.*,ptolemy.apps.ia.*,ptolemy.apps.interfaces.*,ptolemy.apps.jmf.*,ptolemy.apps.kurt.*,ptolemy.apps.kvm.*,ptolemy.apps.lego.*,ptolemy.apps.lejos.*,ptolemy.apps.midp.*,ptolemy.apps.mobileCoding.*,ptolemy.apps.pendulum.*,ptolemy.apps.rijndael.*,ptolemy.apps.robot.*,ptolemy.apps.security.*,ptolemy.apps.sobel.*,ptolemy.apps.soot.*,ptolemy.apps.throttle.*,ptolemy.apps.tini.*,ptolemy.apps.transmission.*,ptolemy.apps.vergil.*,ptolemy.apps.waba.*,ptolemy.apps.websensor.*,ptolemy.apps.webstart.*,ptolemy.apps.xsl.*,ptolemy.apps.zaurus.*,ptolemy.backtrack.eclipse.plugin.*,ptolemy.backtrack.test.*,ptolemy.codegen.c.actor.lib.oldJavaFiles.*,ptolemy.codegen.dsp.lib.*,ptolemy.codegen.kernel.newInterfaces.*,ptolemy.codegen.lib.*,ptolemy.copernicus.kernel.fragment.*,ptolemy.copernicus.shallow.cg.*,ptolemy.domains.giotto.demo.Hierarchy.Hierarchy.*,ptolemy.domains.giotto.demo.Multimode.Multimode.*,ptolemy.domains.giotto.demo.Simple.Simple.*,ptolemy.domains.gr.lib.experimental.*,ptolemy.domains.gro.*,ptolemy.domains.pdf.*,ptolemy.domains.ptinyos.demo.Surge.output.*,ptolemy.moml.test.NoPackageActor.java*,ptolemy.plot.adm.*,ptolemy.plot.servlet.*,reports.*,signed.*,src.*,target.*,vendors.*,ptolemy.cg.adapter.generic.program.procedural.c.mbed*,ptolemy.actor.lib.fmi.fmus.omc*,ptolemy.domains.openmodelica*,ptdb.kernel.bl.save.test.*,ptdb.kernel.bl.load.test.*,ptdb.kernel.bl.search.test.*,ptdb.kernel.bl.migration.test.*,ptdb.kernel.database.test.*,ptdb.test.*,ptdb.gui.test.*,org.ptolemy.scala.*,diva.util.java2d.svg.*,ptolemy.domains.ptinyos.*,ptolemy.actor.lib.fmi.fmipp.*,,org.terraswarm.accessor.accessors.web.node_modules.*,org.terraswarm.accessor.accessors-svn,ptolemy.apps.*,ptolemy.actor.ptalon.demo.ptinyos.SendAndReceiveCnt.output,ptolemy.actor.ptalon.demo.ptinyos.SenseToLeds.output,ptolemy.domains.ptinyos.demo.CntToLedsAndRfm.output,ptolemy.domains.ptinyos.demo.RfmToLeds.output,ptolemy.domains.ptinyos.demo.SendAndReceiveCnt.output,ptolemy.domains.ptinyos.demo.SenseToLeds.output,ptolemy.actor.lib.jjs.modules.udpSocket.*" />
    <property name="env.TRAVIS_COMMIT_MESSAGE" value="Improved message to indicated that exit() was called." />
    <property name="keystore" value="ptKeystore" />
    <property name="env.XDG_SESSION_ID" value="2" />
    <property name="junit.output.dir" value="/home/travis/build/icyphy/ptII/reports/junit" />
    <property name="npm.return.code" value="0" />
    <property name="user.dir" value="/home/travis/build/icyphy/ptII/ptolemy/actor/lib/test" />
    <property name="env.TRAVIS_NODE_VERSION" value="7" />
    <property name="env.XFILESEARCHPATH" value="/usr/dt/app-defaults/%L/Dt" />
    <property name="env.TRAVIS_EVENT_TYPE" value="cron" />
    <property name="env.MAIL" value="/var/mail/travis" />
    <property name="env.PWD" value="/home/travis/build/icyphy/ptII" />
    <property name="env.PERLBREW_ROOT" value="/home/travis/perl5/perlbrew" />
    <property name="timeout.npm" value="45000" />
    <property name="env.TRAVIS_ARCH" value="amd64" />
    <property name="env.PAGER" value="cat" />
    <property name="sun.cpu.endian" value="little" />
    <property name="env.TRAVIS_BUILD_STAGE_NAME" value="Test" />
    <property name="env.PERLBREW_HOME" value="/home/travis/.perlbrew" />
    <property name="env.RAILS_ENV" value="test" />
    <property name="java.vm.version" value="25.151-b12" />
    <property name="java.class.path" value="/home/travis/.ptolemyII:/home/travis/.ptolemyII/*:/home/travis/build/icyphy/ptII:/home/travis/build/icyphy/ptII/lib/bsh-2.0b4.jar:/home/travis/build/icyphy/ptII/lib/ptCal.jar:/home/travis/build/icyphy/ptII/lib/java_cup.jar:/home/travis/build/icyphy/ptII/lib/saxon8.jar:/home/travis/build/icyphy/ptII/lib/saxon8-dom.jar:/home/travis/build/icyphy/ptII/lib/chic.jar:/home/travis/build/icyphy/ptII/lib/ptcolt.jar:/usr/lib/jvm/java-8-oracle/lib/tools.jar:/usr/lib/eclipse/plugins/org.eclipse.jdt.core_3.8.2.dist.jar:/usr/lib/eclipse/plugins/org.eclipse.core.runtime_3.8.0.dist.jar:/usr/lib/eclipse/plugins/org.eclipse.osgi_3.8.1.dist.jar:/usr/lib/eclipse/plugins/org.eclipse.core.resources_3.8.1.dist.jar:/usr/lib/eclipse/plugins/org.eclipse.equinox.common_3.6.100.dist.jar:/usr/lib/eclipse/plugins/org.eclipse.core.jobs_3.5.200.dist.jar:/usr/lib/eclipse/plugins/org.eclipse.core.contenttype_3.4.200.dist.jar:/usr/lib/eclipse/plugins/org.eclipse.equinox.preferences_3.5.0.dist.jar:/usr/lib/eclipse/plugins/org.eclipse.text_3.5.200.dist.jar:/usr/lib/eclipse/plugins/org.eclipse.ui.workbench_3.8.1.dist.jar:/usr/lib/eclipse/plugins/org.eclipse.jface_3.8.0.dist.jar:/usr/lib/eclipse/plugins/org.eclipse.swt_3.8.2.jar:/usr/lib/eclipse/plugins/org.eclipse.jface.text_3.8.1.dist.jar:/usr/lib/eclipse/plugins/org.eclipse.ui.workbench.texteditor_3.8.0.dist.jar:/usr/lib/eclipse/plugins/org.eclipse.ui.editors_3.8.0.dist.jar:/usr/lib/eclipse/plugins/org.eclipse.core.commands_3.6.1.dist.jar:/usr/lib/eclipse/plugins/org.eclipse.equinox.registry_3.5.200.dist.jar:/usr/lib/eclipse/plugins/org.eclipse.ui.console_3.5.100.dist.jar:/usr/lib/eclipse/plugins/org.eclipse.ui.forms_3.5.200.dist.jar:/usr/lib/eclipse/plugins/org.eclipse.ui.ide_3.8.1.dist.jar:/home/travis/build/icyphy/ptII/vendors/oracle/dbxml.jar:/home/travis/build/icyphy/ptII/vendors/oracle/db.jar:/home/travis/build/icyphy/ptII/vendors/misc/itext/iText.jar:/home/travis/build/icyphy/ptII/lib/g4ltl.jar:/home/travis/build/icyphy/ptII/lib/StructuralCoder.jar:/home/travis/build/icyphy/ptII/lib/org-openide-util.jar:/home/travis/build/icyphy/ptII/lib/org-openide-util-lookup.jar:/home/travis/build/icyphy/ptII/lib/org-netbeans-api-visual.jar:/home/travis/build/icyphy/ptII/vendors/jai-1_1_2_01/lib/jai_core.jar:/home/travis/build/icyphy/ptII/vendors/jai-1_1_2_01/lib/jai_codec.jar:/home/travis/build/icyphy/ptII/lib/jcerti.jar:/home/travis/build/icyphy/ptII/lib/smack.jar:/home/travis/build/icyphy/ptII/lib/smackx.jar:/home/travis/build/icyphy/ptII/lib/jetty-all-8.1.5-v20120716.jar:/home/travis/build/icyphy/ptII/lib/javax.servlet-api-3.0.1.jar:/home/travis/build/icyphy/ptII/lib/javax.mail.jar:/home/travis/build/icyphy/ptII/vendors/JMF-2.1.1e/lib/jmf.jar:/home/travis/build/icyphy/ptII/lib/jna-4.0.0-variadic.jar:/home/travis/build/icyphy/ptII/vendors/misc/joystick/Joystick.jar:/home/travis/build/icyphy/ptII/lib/ptjacl.jar:/home/travis/build/icyphy/ptII/lib/jsoup-1.8.2.jar:/home/travis/build/icyphy/ptII/lib/junit-4.8.2.jar:/home/travis/build/icyphy/ptII/lib/JUnitParams-0.4.0.jar:/home/travis/build/icyphy/ptII/ptolemy/actor/lib/excel/jxl.jar:/home/travis/build/icyphy/ptII/lib/jython.jar:/home/travis/build/icyphy/ptII/lib/kieler.jar:/home/travis/build/icyphy/ptII/vendors/opencv/share/OpenCV/java/opencv-341.jar:/home/travis/build/icyphy/ptII/lib/oscP5.jar:/home/travis/build/icyphy/ptII/lib/nrjavaserial-3.11.0.devel.jar:/home/travis/build/icyphy/ptII/vendors/j3d/lib/j3dcore.jar:/home/travis/build/icyphy/ptII/vendors/j3d/lib/j3dutils.jar:/home/travis/build/icyphy/ptII/vendors/j3d/lib/vecmath.jar:/home/travis/build/icyphy/ptII/ptolemy/distributed/jini/jar/jini-core.jar:/home/travis/build/icyphy/ptII/ptolemy/distributed/jini/jar/jini-ext.jar:/home/travis/build/icyphy/ptII/ptolemy/distributed/jini/jar/sun-util.jar:/home/travis/build/icyphy/ptII/lib/protobuf-java-2.4.1.jar:/home/travis/build/icyphy/ptII/lib/org.eclipse.paho.client.mqttv3.jar:/home/travis/build/icyphy/ptII/ptserver/lib/hessian-4.0.7.jar:/home/travis/build/icyphy/ptII/ptserver/lib/wmqtt.jar:/home/travis/build/icyphy/ptII/lib/mapss.jar:/home/travis/build/icyphy/ptII/ptolemy/actor/ptalon/antlr/antlr.jar:/home/travis/build/icyphy/ptII/lib/JRI.jar:/home/travis/build/icyphy/ptII/lib/commons-lang-2.6.jar:/home/travis/build/icyphy/ptII/lib/commons-logging-1.1.1.jar:/home/travis/build/icyphy/ptII/lib/sootclasses.jar:/home/travis/build/icyphy/ptII/ptolemy/actor/lib/database/mysql-connector-java-5.1.6-bin.jar:/home/travis/build/icyphy/ptII/vendors/misc/sphinx4/sphinx4-data-5prealpha.jar:/home/travis/build/icyphy/ptII/vendors/misc/sphinx4/sphinx4-core-5prealpha.jar:/home/travis/build/icyphy/ptII/lib/PDFRenderer.jar:/home/travis/build/icyphy/ptII/lib/svgSalamander.jar:/home/travis/build/icyphy/ptII/lib/rsyntaxtextarea-2.6.0-SNAPSHOT.jar:/home/travis/build/icyphy/ptII/lib/hazelcast-3.8.2.jar:/home/travis/build/icyphy/ptII/lib/jackson-annotations-2.9.0.jar:/home/travis/build/icyphy/ptII/lib/jackson-core-2.9.3.jar:/home/travis/build/icyphy/ptII/lib/jackson-databind-2.9.3.jar:/home/travis/build/icyphy/ptII/lib/netty-buffer-4.1.19.Final.jar:/home/travis/build/icyphy/ptII/lib/netty-codec-4.1.19.Final.jar:/home/travis/build/icyphy/ptII/lib/netty-codec-dns-4.1.19.Final.jar:/home/travis/build/icyphy/ptII/lib/netty-codec-http-4.1.19.Final.jar:/home/travis/build/icyphy/ptII/lib/netty-codec-http2-4.1.19.Final.jar:/home/travis/build/icyphy/ptII/lib/netty-common-4.1.19.Final.jar:/home/travis/build/icyphy/ptII/lib/netty-handler-4.1.19.Final.jar:/home/travis/build/icyphy/ptII/lib/netty-resolver-4.1.19.Final.jar:/home/travis/build/icyphy/ptII/lib/netty-resolver-dns-4.1.19.Final.jar:/home/travis/build/icyphy/ptII/lib/netty-transport-4.1.19.Final.jar:/home/travis/build/icyphy/ptII/lib/vertx-codegen-3.5.1.jar:/home/travis/build/icyphy/ptII/lib/vertx-core-3.5.2-SNAPSHOT.jar:/home/travis/build/icyphy/ptII/lib/vertx-hazelcast-3.5.1.jar:/home/travis/build/icyphy/ptII/lib/vertx-lang-js-3.5.1.jar:/home/travis/build/icyphy/ptII/lib/vertx-service-proxy-3.5.1.jar:/home/travis/build/icyphy/ptII/lib/vertx-web-3.5.1.jar:/home/travis/build/icyphy/ptII/lib/slf4j-api-1.7.13.jar:/home/travis/build/icyphy/ptII/lib/slf4j-simple-1.7.13.jar:/home/travis/build/icyphy/ptII/lib/webcam-capture-0.3.12.jar:/home/travis/build/icyphy/ptII/lib/bridj-0.7.0.jar:/home/travis/build/icyphy/ptII/lib/xbjlib-1.1.0.nrjavaserial.jar:/home/travis/build/icyphy/ptII/ptolemy/moml/test:/home/travis/build/icyphy/ptII/ant/lib/ant-launcher.jar:/home/travis/build/icyphy/ptII/ant/lib/ant.jar:/home/travis/build/icyphy/ptII/ant/lib/ant-junit.jar:/home/travis/build/icyphy/ptII/ant/lib/ant-junit4.jar" />
    <property name="ant.library.dir" value="/home/travis/build/icyphy/ptII/ant/lib" />
    <property name="os.arch" value="amd64" />
    <property name="env.TRAVIS_LANGUAGE" value="node_js" />
    <property name="env.CONTINUOUS_INTEGRATION" value="true" />
    <property name="env.TRAVIS_STACK_LANGUAGES" value="__garnet__ c c++ clojure cplusplus cpp default go groovy java node_js php pure_java python ruby scala" />
    <property name="test.name" value="ptolemy.actor.lib.test.junit.JUnitTclTest" />
    <property name="sun.java.launcher" value="SUN_STANDARD" />
    <property name="env.PYTHON_CONFIGURE_OPTS" value="--enable-unicode=ucs4 --with-wide-unicode --enable-shared --enable-ipv6 --enable-loadable-sqlite-extensions --with-computed-gotos" />
    <property name="ant.core.lib" value="/home/travis/build/icyphy/ptII/ant/lib/ant.jar" />
    <property name="java.vm.specification.vendor" value="Oracle Corporation" />
    <property name="env.BCVTB_HOME" value="/home/travis/build/icyphy/ptII/lbnl" />
    <property name="file.separator" value="/" />
    <property name="spotbugs.home" value="/home/travis/build/icyphy/ptII/vendors/spotbugs-3.1.1" />
    <property name="java.runtime.version" value="1.8.0_151-b12" />
    <property name="sun.boot.class.path" value="/usr/lib/jvm/java-8-oracle/jre/lib/resources.jar:/usr/lib/jvm/java-8-oracle/jre/lib/rt.jar:/usr/lib/jvm/java-8-oracle/jre/lib/sunrsasign.jar:/usr/lib/jvm/java-8-oracle/jre/lib/jsse.jar:/usr/lib/jvm/java-8-oracle/jre/lib/jce.jar:/usr/lib/jvm/java-8-oracle/jre/lib/charsets.jar:/usr/lib/jvm/java-8-oracle/jre/lib/jfr.jar:/usr/lib/jvm/java-8-oracle/jre/classes" />
    <property name="env.ANSI_CLEAR" value="\033[0K" />
    <property name="env.HAS_JOSH_K_SEAL_OF_APPROVAL" value="true" />
    <property name="env.XDG_RUNTIME_DIR" value="/run/user/2000" />
    <property name="env.TRAVIS_OSX_IMAGE" value="" />
    <property name="env.TRAVIS_BRANCH" value="master" />
    <property name="env.TRAVIS_JOB_ID" value="483710066" />
    <property name="user.country" value="US" />
    <property name="env.CERTI_HOME_TRAVIS" value="/home/travis/pthla/certi-tools" />
    <property name="env.SHELL" value="/bin/bash" />
    <property name="java.maxmemory.large" value="5000m" />
    <property name="model" value="" />
    <property name="env.CASHER_DIR" value="/home/travis/.casher" />
    <property name="env.NVM_CD_FLAGS" value="" />
    <property name="jshint.executable" value="/home/travis/node_modules/jshint/bin/jshint" />
    <property name="java.vendor" value="Oracle Corporation" />
    <property name="env.JRUBY_OPTS" value=" --client -J-XX:+TieredCompilation -J-XX:TieredStopAtLevel=1 -J-Xss2m -Xcompile.invokedynamic=false" />
    <property name="env.TRAVIS_PRE_CHEF_BOOTSTRAP_TIME" value="2017-12-05T19:32:55" />
    <property name="env.TRAVIS_STACK_JOB_BOARD_REGISTER" value="/.job-board-register.yml" />
    <property name="env.ELIXIR_VERSION" value="1.4.5" />
    <property name="env.ANSI_RED" value="\033[31;1m" />
    <property name="java.specification.version" value="1.8" />
    <property name="env.TRAVIS" value="true" />
    <property name="env.IRBRC" value="/home/travis/.rvm/rubies/ruby-2.4.1/.irbrc" />
    <property name="sun.arch.data.model" value="64" />
  </properties>
  <testcase classname="ptolemy.util.test.junit.TclTests" name="[0] /home/travis/build/icyphy/ptII/ptolemy/actor/lib/test/AbsoluteValue.tcl (RunTclFile)" time="0.475" />
  <testcase classname="ptolemy.util.test.junit.TclTests" name="[1] /home/travis/build/icyphy/ptII/ptolemy/actor/lib/test/AddSubtract.tcl (RunTclFile)" time="0.058" />
  <testcase classname="ptolemy.util.test.junit.TclTests" name="[2] /home/travis/build/icyphy/ptII/ptolemy/actor/lib/test/Average.tcl (RunTclFile)" time="0.051" />
  <testcase classname="ptolemy.util.test.junit.TclTests" name="[3] /home/travis/build/icyphy/ptII/ptolemy/actor/lib/test/Bernoulli.tcl (RunTclFile)" time="0.027" />
  <testcase classname="ptolemy.util.test.junit.TclTests" name="[4] /home/travis/build/icyphy/ptII/ptolemy/actor/lib/test/Clock.tcl (RunTclFile)" time="0.101" />
  <testcase classname="ptolemy.util.test.junit.TclTests" name="[5] /home/travis/build/icyphy/ptII/ptolemy/actor/lib/test/Commutator.tcl (RunTclFile)" time="0.146" />
  <testcase classname="ptolemy.util.test.junit.TclTests" name="[6] /home/travis/build/icyphy/ptII/ptolemy/actor/lib/test/Const.tcl (RunTclFile)" time="0.132" />
  <testcase classname="ptolemy.util.test.junit.TclTests" name="[7] /home/travis/build/icyphy/ptII/ptolemy/actor/lib/test/CurrentTime.tcl (RunTclFile)" time="0.036" />
  <testcase classname="ptolemy.util.test.junit.TclTests" name="[8] /home/travis/build/icyphy/ptII/ptolemy/actor/lib/test/DB.tcl (RunTclFile)" time="0.039" />
  <testcase classname="ptolemy.util.test.junit.TclTests" name="[9] /home/travis/build/icyphy/ptII/ptolemy/actor/lib/test/DiscreteRandomSource.tcl (RunTclFile)" time="0.049" />
  <testcase classname="ptolemy.util.test.junit.TclTests" name="[10] /home/travis/build/icyphy/ptII/ptolemy/actor/lib/test/Distributor.tcl (RunTclFile)" time="0.066" />
  <testcase classname="ptolemy.util.test.junit.TclTests" name="[11] /home/travis/build/icyphy/ptII/ptolemy/actor/lib/test/Exit.tcl (RunTclFile)" time="0.064">
    <failure message="Number of failed tests is has increased. expected:&lt;0&gt; but was:&lt;1&gt;" type="junit.framework.AssertionFailedError">junit.framework.AssertionFailedError: Number of failed tests is has increased. expected:&lt;0&gt; but was:&lt;1&gt;
	at ptolemy.util.test.junit.TclTests.RunTclFile(TclTests.java:286)
	at junitparams.internal.InvokeParameterisedMethod.evaluate(InvokeParameterisedMethod.java:102)
	at junitparams.internal.ParameterisedTestMethodRunner.runMethodInvoker(ParameterisedTestMethodRunner.java:47)
	at junitparams.internal.ParameterisedTestMethodRunner.runTestMethod(ParameterisedTestMethodRunner.java:41)
	at junitparams.internal.ParameterisedTestClassRunner.runParameterisedTest(ParameterisedTestClassRunner.java:143)
	at junitparams.JUnitParamsRunner.runChild(JUnitParamsRunner.java:237)
	at junitparams.JUnitParamsRunner.runChild(JUnitParamsRunner.java:215)
</failure>
  </testcase>
  <testcase classname="ptolemy.util.test.junit.TclTests" name="[12] /home/travis/build/icyphy/ptII/ptolemy/actor/lib/test/Expression.tcl (RunTclFile)" time="0.076" />
  <testcase classname="ptolemy.util.test.junit.TclTests" name="[13] /home/travis/build/icyphy/ptII/ptolemy/actor/lib/test/Gaussian.tcl (RunTclFile)" time="0.756" />
  <testcase classname="ptolemy.util.test.junit.TclTests" name="[14] /home/travis/build/icyphy/ptII/ptolemy/actor/lib/test/IIR.tcl (RunTclFile)" time="0.025" />
  <testcase classname="ptolemy.util.test.junit.TclTests" name="[15] /home/travis/build/icyphy/ptII/ptolemy/actor/lib/test/Interpolator.tcl (RunTclFile)" time="0.061" />
  <testcase classname="ptolemy.util.test.junit.TclTests" name="[16] /home/travis/build/icyphy/ptII/ptolemy/actor/lib/test/MathFunction.tcl (RunTclFile)" time="0.041" />
  <testcase classname="ptolemy.util.test.junit.TclTests" name="[17] /home/travis/build/icyphy/ptII/ptolemy/actor/lib/test/Maximum.tcl (RunTclFile)" time="0.023" />
  <testcase classname="ptolemy.util.test.junit.TclTests" name="[18] /home/travis/build/icyphy/ptII/ptolemy/actor/lib/test/Minimum.tcl (RunTclFile)" time="0.04" />
  <testcase classname="ptolemy.util.test.junit.TclTests" name="[19] /home/travis/build/icyphy/ptII/ptolemy/actor/lib/test/MultiplyDivide.tcl (RunTclFile)" time="0.038" />
  <testcase classname="ptolemy.util.test.junit.TclTests" name="[20] /home/travis/build/icyphy/ptII/ptolemy/actor/lib/test/OrderedMerge.tcl (RunTclFile)" time="0.1" />
  <testcase classname="ptolemy.util.test.junit.TclTests" name="[21] /home/travis/build/icyphy/ptII/ptolemy/actor/lib/test/Publisher.tcl (RunTclFile)" time="0.741" />
  <testcase classname="ptolemy.util.test.junit.TclTests" name="[22] /home/travis/build/icyphy/ptII/ptolemy/actor/lib/test/Pulse.tcl (RunTclFile)" time="0.06" />
  <testcase classname="ptolemy.util.test.junit.TclTests" name="[23] /home/travis/build/icyphy/ptII/ptolemy/actor/lib/test/Ramp.tcl (RunTclFile)" time="1.858" />
  <testcase classname="ptolemy.util.test.junit.TclTests" name="[24] /home/travis/build/icyphy/ptII/ptolemy/actor/lib/test/RampContinuous.tcl (RunTclFile)" time="0.024" />
  <testcase classname="ptolemy.util.test.junit.TclTests" name="[25] /home/travis/build/icyphy/ptII/ptolemy/actor/lib/test/RecordAssembler.tcl (RunTclFile)" time="0.017" />
  <testcase classname="ptolemy.util.test.junit.TclTests" name="[26] /home/travis/build/icyphy/ptII/ptolemy/actor/lib/test/RecordDisassembler.tcl (RunTclFile)" time="0.025" />
  <testcase classname="ptolemy.util.test.junit.TclTests" name="[27] /home/travis/build/icyphy/ptII/ptolemy/actor/lib/test/Scale.tcl (RunTclFile)" time="0.03" />
  <testcase classname="ptolemy.util.test.junit.TclTests" name="[28] /home/travis/build/icyphy/ptII/ptolemy/actor/lib/test/SequentialClock.tcl (RunTclFile)" time="0.013" />
  <testcase classname="ptolemy.util.test.junit.TclTests" name="[29] /home/travis/build/icyphy/ptII/ptolemy/actor/lib/test/SetVariable.tcl (RunTclFile)" time="0.013" />
  <testcase classname="ptolemy.util.test.junit.TclTests" name="[30] /home/travis/build/icyphy/ptII/ptolemy/actor/lib/test/Sinewave.tcl (RunTclFile)" time="0.026" />
  <testcase classname="ptolemy.util.test.junit.TclTests" name="[31] /home/travis/build/icyphy/ptII/ptolemy/actor/lib/test/SubscriptionAggregator.tcl (RunTclFile)" time="1.877" />
  <testcase classname="ptolemy.util.test.junit.TclTests" name="[32] /home/travis/build/icyphy/ptII/ptolemy/actor/lib/test/Test.tcl (RunTclFile)" time="0.179" />
  <testcase classname="ptolemy.util.test.junit.TclTests" name="[33] /home/travis/build/icyphy/ptII/ptolemy/actor/lib/test/TestExceptionHandler.tcl (RunTclFile)" time="0.026" />
  <testcase classname="ptolemy.util.test.junit.TclTests" name="[34] /home/travis/build/icyphy/ptII/ptolemy/actor/lib/test/UnionDisassembler.tcl (RunTclFile)" time="0.075" />
  <testcase classname="ptolemy.util.test.junit.TclTests" name="[35] /home/travis/build/icyphy/ptII/ptolemy/actor/lib/test/VariableClock.tcl (RunTclFile)" time="0.023" />
  <testcase classname="ptolemy.util.test.junit.AutoKnownFailedTests" name="[0] /home/travis/build/icyphy/ptII/ptolemy/actor/lib/test/auto/knownFailedTests/PublisherPortToplevelSubscriber.xml (RunModel)" time="0.018" />
  <testcase classname="ptolemy.util.test.junit.AutoKnownFailedTests" name="[1] /home/travis/build/icyphy/ptII/ptolemy/actor/lib/test/auto/knownFailedTests/PublisherSubscriberPortToplevel.xml (RunModel)" time="0.023" />
  <testcase classname="ptolemy.util.test.junit.AutoKnownFailedTests" name="[2] /home/travis/build/icyphy/ptII/ptolemy/actor/lib/test/auto/knownFailedTests/PublisherSubscriptionAggregatorPort.xml (RunModel)" time="0.015" />
  <testcase classname="ptolemy.util.test.junit.AutoKnownFailedTests" name="[3] /home/travis/build/icyphy/ptII/ptolemy/actor/lib/test/auto/knownFailedTests/sizedarray3.xml (RunModel)" time="0.02" />
  <testcase classname="ptolemy.util.test.junit.AutoNameArchTests" name="[0] ThereAreNoAutoArchTests (RunModel)" time="0.001" />
  <testcase classname="ptolemy.util.test.junit.AutoTests" name="[0] /home/travis/build/icyphy/ptII/ptolemy/actor/lib/test/auto/AbsoluteValue.xml (RunModel)" time="0.115" />
  <testcase classname="ptolemy.util.test.junit.AutoTests" name="[1] /home/travis/build/icyphy/ptII/ptolemy/actor/lib/test/auto/AbsoluteValue2.xml (RunModel)" time="0.068" />
  <testcase classname="ptolemy.util.test.junit.AutoTests" name="[2] /home/travis/build/icyphy/ptII/ptolemy/actor/lib/test/auto/Accumulator.xml (RunModel)" time="0.066" />
  <testcase classname="ptolemy.util.test.junit.AutoTests" name="[3] /home/travis/build/icyphy/ptII/ptolemy/actor/lib/test/auto/Accumulator2.xml (RunModel)" time="0.051" />
  <testcase classname="ptolemy.util.test.junit.AutoTests" name="[4] /home/travis/build/icyphy/ptII/ptolemy/actor/lib/test/auto/Accumulator3.xml (RunModel)" time="0.03" />
  <testcase classname="ptolemy.util.test.junit.AutoTests" name="[5] /home/travis/build/icyphy/ptII/ptolemy/actor/lib/test/auto/ArrayAppend.xml (RunModel)" time="0.026" />
  <testcase classname="ptolemy.util.test.junit.AutoTests" name="[6] /home/travis/build/icyphy/ptII/ptolemy/actor/lib/test/auto/ArrayAppend2.xml (RunModel)" time="0.378" />
  <testcase classname="ptolemy.util.test.junit.AutoTests" name="[7] /home/travis/build/icyphy/ptII/ptolemy/actor/lib/test/auto/ArrayAppend3.xml (RunModel)" time="0.036" />
  <testcase classname="ptolemy.util.test.junit.AutoTests" name="[8] /home/travis/build/icyphy/ptII/ptolemy/actor/lib/test/auto/ArrayAppend4.xml (RunModel)" time="0.023" />
  <testcase classname="ptolemy.util.test.junit.AutoTests" name="[9] /home/travis/build/icyphy/ptII/ptolemy/actor/lib/test/auto/ArrayAppend5.xml (RunModel)" time="0.023" />
  <testcase classname="ptolemy.util.test.junit.AutoTests" name="[10] /home/travis/build/icyphy/ptII/ptolemy/actor/lib/test/auto/ArrayAppend6.xml (RunModel)" time="0.021" />
  <testcase classname="ptolemy.util.test.junit.AutoTests" name="[11] /home/travis/build/icyphy/ptII/ptolemy/actor/lib/test/auto/ArrayAppendPerformanceTest.xml (RunModel)" time="0.064" />
  <testcase classname="ptolemy.util.test.junit.AutoTests" name="[12] /home/travis/build/icyphy/ptII/ptolemy/actor/lib/test/auto/ArrayAppendWithEmptyInput.xml (RunModel)" time="0.061" />
  <testcase classname="ptolemy.util.test.junit.AutoTests" name="[13] /home/travis/build/icyphy/ptII/ptolemy/actor/lib/test/auto/ArrayAverage.xml (RunModel)" time="0.038" />
  <testcase classname="ptolemy.util.test.junit.AutoTests" name="[14] /home/travis/build/icyphy/ptII/ptolemy/actor/lib/test/auto/ArrayContains.xml (RunModel)" time="0.029" />
  <testcase classname="ptolemy.util.test.junit.AutoTests" name="[15] /home/travis/build/icyphy/ptII/ptolemy/actor/lib/test/auto/ArrayElement.xml (RunModel)" time="0.033" />
  <testcase classname="ptolemy.util.test.junit.AutoTests" name="[16] /home/travis/build/icyphy/ptII/ptolemy/actor/lib/test/auto/ArrayElementAsMatrix.xml (RunModel)" time="0.053" />
  <testcase classname="ptolemy.util.test.junit.AutoTests" name="[17] /home/travis/build/icyphy/ptII/ptolemy/actor/lib/test/auto/ArrayElementI.xml (RunModel)" time="0.04" />
  <testcase classname="ptolemy.util.test.junit.AutoTests" name="[18] /home/travis/build/icyphy/ptII/ptolemy/actor/lib/test/auto/ArrayExtract.xml (RunModel)" time="0.031" />
  <testcase classname="ptolemy.util.test.junit.AutoTests" name="[19] /home/travis/build/icyphy/ptII/ptolemy/actor/lib/test/auto/ArrayExtract2.xml (RunModel)" time="0.02" />
  <testcase classname="ptolemy.util.test.junit.AutoTests" name="[20] /home/travis/build/icyphy/ptII/ptolemy/actor/lib/test/auto/ArrayLength.xml (RunModel)" time="0.07" />
  <testcase classname="ptolemy.util.test.junit.AutoTests" name="[21] /home/travis/build/icyphy/ptII/ptolemy/actor/lib/test/auto/ArrayLevelCrossing.xml (RunModel)" time="0.035" />
  <testcase classname="ptolemy.util.test.junit.AutoTests" name="[22] /home/travis/build/icyphy/ptII/ptolemy/actor/lib/test/auto/ArrayLevelCrossing2.xml (RunModel)" time="0.024" />
  <testcase classname="ptolemy.util.test.junit.AutoTests" name="[23] /home/travis/build/icyphy/ptII/ptolemy/actor/lib/test/auto/ArrayPeakSearch.xml (RunModel)" time="0.04" />
  <testcase classname="ptolemy.util.test.junit.AutoTests" name="[24] /home/travis/build/icyphy/ptII/ptolemy/actor/lib/test/auto/ArrayPeakSearch2.xml (RunModel)" time="0.038" />
  <testcase classname="ptolemy.util.test.junit.AutoTests" name="[25] /home/travis/build/icyphy/ptII/ptolemy/actor/lib/test/auto/ArrayPeakSearch3.xml (RunModel)" time="0.038" />
  <testcase classname="ptolemy.util.test.junit.AutoTests" name="[26] /home/travis/build/icyphy/ptII/ptolemy/actor/lib/test/auto/ArrayRemoveElement.xml (RunModel)" time="0.032" />
  <testcase classname="ptolemy.util.test.junit.AutoTests" name="[27] /home/travis/build/icyphy/ptII/ptolemy/actor/lib/test/auto/ArraySort.xml (RunModel)" time="0.03" />
  <testcase classname="ptolemy.util.test.junit.AutoTests" name="[28] /home/travis/build/icyphy/ptII/ptolemy/actor/lib/test/auto/ArraySum.xml (RunModel)" time="0.02" />
  <testcase classname="ptolemy.util.test.junit.AutoTests" name="[29] /home/travis/build/icyphy/ptII/ptolemy/actor/lib/test/auto/ArrayToElements.xml (RunModel)" time="0.025" />
  <testcase classname="ptolemy.util.test.junit.AutoTests" name="[30] /home/travis/build/icyphy/ptII/ptolemy/actor/lib/test/auto/ArrayToMatrix.xml (RunModel)" time="0.047" />
  <testcase classname="ptolemy.util.test.junit.AutoTests" name="[31] /home/travis/build/icyphy/ptII/ptolemy/actor/lib/test/auto/ArrayUpdate1.xml (RunModel)" time="0.017" />
  <testcase classname="ptolemy.util.test.junit.AutoTests" name="[32] /home/travis/build/icyphy/ptII/ptolemy/actor/lib/test/auto/ArrayUpdate2.xml (RunModel)" time="0.021" />
  <testcase classname="ptolemy.util.test.junit.AutoTests" name="[33] /home/travis/build/icyphy/ptII/ptolemy/actor/lib/test/auto/ArrayUpdate3.xml (RunModel)" time="0.023" />
  <testcase classname="ptolemy.util.test.junit.AutoTests" name="[34] /home/travis/build/icyphy/ptII/ptolemy/actor/lib/test/auto/Assert1.xml (RunModel)" time="0.025" />
  <testcase classname="ptolemy.util.test.junit.AutoTests" name="[35] /home/travis/build/icyphy/ptII/ptolemy/actor/lib/test/auto/Assert2.xml (RunModel)" time="0.02" />
  <testcase classname="ptolemy.util.test.junit.AutoTests" name="[36] /home/travis/build/icyphy/ptII/ptolemy/actor/lib/test/auto/BooleanMultiplexor.xml (RunModel)" time="0.02" />
  <testcase classname="ptolemy.util.test.junit.AutoTests" name="[37] /home/travis/build/icyphy/ptII/ptolemy/actor/lib/test/auto/BooleanMultiplexor2.xml (RunModel)" time="0.027" />
  <testcase classname="ptolemy.util.test.junit.AutoTests" name="[38] /home/travis/build/icyphy/ptII/ptolemy/actor/lib/test/auto/BooleanMultiplexor3.xml (RunModel)" time="0.025" />
  <testcase classname="ptolemy.util.test.junit.AutoTests" name="[39] /home/travis/build/icyphy/ptII/ptolemy/actor/lib/test/auto/BooleanSelect.xml (RunModel)" time="0.027" />
  <testcase classname="ptolemy.util.test.junit.AutoTests" name="[40] /home/travis/build/icyphy/ptII/ptolemy/actor/lib/test/auto/BooleanSelect2.xml (RunModel)" time="0.017" />
  <testcase classname="ptolemy.util.test.junit.AutoTests" name="[41] /home/travis/build/icyphy/ptII/ptolemy/actor/lib/test/auto/BooleanSwitch.xml (RunModel)" time="0.027" />
  <testcase classname="ptolemy.util.test.junit.AutoTests" name="[42] /home/travis/build/icyphy/ptII/ptolemy/actor/lib/test/auto/BooleanSwitch2.xml (RunModel)" time="0.02" />
  <testcase classname="ptolemy.util.test.junit.AutoTests" name="[43] /home/travis/build/icyphy/ptII/ptolemy/actor/lib/test/auto/BooleanSwitchCloningBugWithClassRelationGroup.xml (RunModel)" time="0.032" />
  <testcase classname="ptolemy.util.test.junit.AutoTests" name="[44] /home/travis/build/icyphy/ptII/ptolemy/actor/lib/test/auto/BusActors.xml (RunModel)" time="0.033" />
  <testcase classname="ptolemy.util.test.junit.AutoTests" name="[45] /home/travis/build/icyphy/ptII/ptolemy/actor/lib/test/auto/ClassWrapper.xml (RunModel)" time="0.01" />
  <testcase classname="ptolemy.util.test.junit.AutoTests" name="[46] /home/travis/build/icyphy/ptII/ptolemy/actor/lib/test/auto/Clock.xml (RunModel)" time="0.021" />
  <testcase classname="ptolemy.util.test.junit.AutoTests" name="[47] /home/travis/build/icyphy/ptII/ptolemy/actor/lib/test/auto/Clock10.xml (RunModel)" time="0.027" />
  <testcase classname="ptolemy.util.test.junit.AutoTests" name="[48] /home/travis/build/icyphy/ptII/ptolemy/actor/lib/test/auto/Clock11.xml (RunModel)" time="0.023" />
  <testcase classname="ptolemy.util.test.junit.AutoTests" name="[49] /home/travis/build/icyphy/ptII/ptolemy/actor/lib/test/auto/Clock12.xml (RunModel)" time="0.026" />
  <testcase classname="ptolemy.util.test.junit.AutoTests" name="[50] /home/travis/build/icyphy/ptII/ptolemy/actor/lib/test/auto/Clock13.xml (RunModel)" time="0.023" />
  <testcase classname="ptolemy.util.test.junit.AutoTests" name="[51] /home/travis/build/icyphy/ptII/ptolemy/actor/lib/test/auto/Clock14.xml (RunModel)" time="0.014" />
  <testcase classname="ptolemy.util.test.junit.AutoTests" name="[52] /home/travis/build/icyphy/ptII/ptolemy/actor/lib/test/auto/Clock15.xml (RunModel)" time="0.022" />
  <testcase classname="ptolemy.util.test.junit.AutoTests" name="[53] /home/travis/build/icyphy/ptII/ptolemy/actor/lib/test/auto/Clock16.xml (RunModel)" time="0.092" />
  <testcase classname="ptolemy.util.test.junit.AutoTests" name="[54] /home/travis/build/icyphy/ptII/ptolemy/actor/lib/test/auto/Clock17.xml (RunModel)" time="0.089" />
  <testcase classname="ptolemy.util.test.junit.AutoTests" name="[55] /home/travis/build/icyphy/ptII/ptolemy/actor/lib/test/auto/Clock18.xml (RunModel)" time="0.06" />
  <testcase classname="ptolemy.util.test.junit.AutoTests" name="[56] /home/travis/build/icyphy/ptII/ptolemy/actor/lib/test/auto/Clock19.xml (RunModel)" time="0.041" />
  <testcase classname="ptolemy.util.test.junit.AutoTests" name="[57] /home/travis/build/icyphy/ptII/ptolemy/actor/lib/test/auto/Clock2.xml (RunModel)" time="0.017" />
  <testcase classname="ptolemy.util.test.junit.AutoTests" name="[58] /home/travis/build/icyphy/ptII/ptolemy/actor/lib/test/auto/Clock20.xml (RunModel)" time="0.02" />
  <testcase classname="ptolemy.util.test.junit.AutoTests" name="[59] /home/travis/build/icyphy/ptII/ptolemy/actor/lib/test/auto/Clock21.xml (RunModel)" time="0.014" />
  <testcase classname="ptolemy.util.test.junit.AutoTests" name="[60] /home/travis/build/icyphy/ptII/ptolemy/actor/lib/test/auto/Clock22.xml (RunModel)" time="0.044" />
  <testcase classname="ptolemy.util.test.junit.AutoTests" name="[61] /home/travis/build/icyphy/ptII/ptolemy/actor/lib/test/auto/Clock23.xml (RunModel)" time="0.019" />
  <testcase classname="ptolemy.util.test.junit.AutoTests" name="[62] /home/travis/build/icyphy/ptII/ptolemy/actor/lib/test/auto/Clock24.xml (RunModel)" time="0.017" />
  <testcase classname="ptolemy.util.test.junit.AutoTests" name="[63] /home/travis/build/icyphy/ptII/ptolemy/actor/lib/test/auto/Clock4.xml (RunModel)" time="0.018" />
  <testcase classname="ptolemy.util.test.junit.AutoTests" name="[64] /home/travis/build/icyphy/ptII/ptolemy/actor/lib/test/auto/Clock5.xml (RunModel)" time="0.017" />
  <testcase classname="ptolemy.util.test.junit.AutoTests" name="[65] /home/travis/build/icyphy/ptII/ptolemy/actor/lib/test/auto/Clock6.xml (RunModel)" time="0.01" />
  <testcase classname="ptolemy.util.test.junit.AutoTests" name="[66] /home/travis/build/icyphy/ptII/ptolemy/actor/lib/test/auto/Clock7.xml (RunModel)" time="0.011" />
  <testcase classname="ptolemy.util.test.junit.AutoTests" name="[67] /home/travis/build/icyphy/ptII/ptolemy/actor/lib/test/auto/Clock8.xml (RunModel)" time="0.018" />
  <testcase classname="ptolemy.util.test.junit.AutoTests" name="[68] /home/travis/build/icyphy/ptII/ptolemy/actor/lib/test/auto/Clock9.xml (RunModel)" time="0.011" />
  <testcase classname="ptolemy.util.test.junit.AutoTests" name="[69] /home/travis/build/icyphy/ptII/ptolemy/actor/lib/test/auto/CommDistDiscard.xml (RunModel)" time="0.022" />
  <testcase classname="ptolemy.util.test.junit.AutoTests" name="[70] /home/travis/build/icyphy/ptII/ptolemy/actor/lib/test/auto/Commutator.xml (RunModel)" time="0.014" />
  <testcase classname="ptolemy.util.test.junit.AutoTests" name="[71] /home/travis/build/icyphy/ptII/ptolemy/actor/lib/test/auto/Commutator2.xml (RunModel)" time="0.011" />
  <testcase classname="ptolemy.util.test.junit.AutoTests" name="[72] /home/travis/build/icyphy/ptII/ptolemy/actor/lib/test/auto/Commutator3.xml (RunModel)" time="0.013" />
  <testcase classname="ptolemy.util.test.junit.AutoTests" name="[73] /home/travis/build/icyphy/ptII/ptolemy/actor/lib/test/auto/Compare.xml (RunModel)" time="0.019" />
  <testcase classname="ptolemy.util.test.junit.AutoTests" name="[74] /home/travis/build/icyphy/ptII/ptolemy/actor/lib/test/auto/CompareDE.xml (RunModel)" time="0.039" />
  <testcase classname="ptolemy.util.test.junit.AutoTests" name="[75] /home/travis/build/icyphy/ptII/ptolemy/actor/lib/test/auto/ComplexDivide.xml (RunModel)" time="0.009" />
  <testcase classname="ptolemy.util.test.junit.AutoTests" name="[76] /home/travis/build/icyphy/ptII/ptolemy/actor/lib/test/auto/ComputeHistogram.xml (RunModel)" time="0.05" />
  <testcase classname="ptolemy.util.test.junit.AutoTests" name="[77] /home/travis/build/icyphy/ptII/ptolemy/actor/lib/test/auto/ConfigurationSelect.xml (RunModel)" time="0.017" />
  <testcase classname="ptolemy.util.test.junit.AutoTests" name="[78] /home/travis/build/icyphy/ptII/ptolemy/actor/lib/test/auto/ConfigurationSelect2.xml (RunModel)" time="0.011" />
  <testcase classname="ptolemy.util.test.junit.AutoTests" name="[79] /home/travis/build/icyphy/ptII/ptolemy/actor/lib/test/auto/ConfigurationSwitch.xml (RunModel)" time="0.013" />
  <testcase classname="ptolemy.util.test.junit.AutoTests" name="[80] /home/travis/build/icyphy/ptII/ptolemy/actor/lib/test/auto/ConfigurationSwitch2.xml (RunModel)" time="0.012" />
  <testcase classname="ptolemy.util.test.junit.AutoTests" name="[81] /home/travis/build/icyphy/ptII/ptolemy/actor/lib/test/auto/ConfigurationSwitchCloningBugWithClassRelationGroup.xml (RunModel)" time="0.016" />
  <testcase classname="ptolemy.util.test.junit.AutoTests" name="[82] /home/travis/build/icyphy/ptII/ptolemy/actor/lib/test/auto/ConfigurationSwitchSelectSDF.xml (RunModel)" time="0.012" />
  <testcase classname="ptolemy.util.test.junit.AutoTests" name="[83] /home/travis/build/icyphy/ptII/ptolemy/actor/lib/test/auto/ConfigurationSwitchSelectSDF2.xml (RunModel)" time="0.013" />
  <testcase classname="ptolemy.util.test.junit.AutoTests" name="[84] /home/travis/build/icyphy/ptII/ptolemy/actor/lib/test/auto/Const.xml (RunModel)" time="0.006" />
  <testcase classname="ptolemy.util.test.junit.AutoTests" name="[85] /home/travis/build/icyphy/ptII/ptolemy/actor/lib/test/auto/Const2.xml (RunModel)" time="0.009" />
  <testcase classname="ptolemy.util.test.junit.AutoTests" name="[86] /home/travis/build/icyphy/ptII/ptolemy/actor/lib/test/auto/Const3.xml (RunModel)" time="0.005" />
  <testcase classname="ptolemy.util.test.junit.AutoTests" name="[87] /home/travis/build/icyphy/ptII/ptolemy/actor/lib/test/auto/ConstantPublisherPort1.xml (RunModel)" time="0.018" />
  <testcase classname="ptolemy.util.test.junit.AutoTests" name="[88] /home/travis/build/icyphy/ptII/ptolemy/actor/lib/test/auto/ConstantPublisherPort2.xml (RunModel)" time="0.014" />
  <testcase classname="ptolemy.util.test.junit.AutoTests" name="[89] /home/travis/build/icyphy/ptII/ptolemy/actor/lib/test/auto/ConstantPublisherPort3.xml (RunModel)" time="0.015" />
  <testcase classname="ptolemy.util.test.junit.AutoTests" name="[90] /home/travis/build/icyphy/ptII/ptolemy/actor/lib/test/auto/ConstantPublisherPort4.xml (RunModel)" time="0.013" />
  <testcase classname="ptolemy.util.test.junit.AutoTests" name="[91] /home/travis/build/icyphy/ptII/ptolemy/actor/lib/test/auto/ConstantPublisherPort5.xml (RunModel)" time="0.031" />
  <testcase classname="ptolemy.util.test.junit.AutoTests" name="[92] /home/travis/build/icyphy/ptII/ptolemy/actor/lib/test/auto/ConstantPublisherPort6.xml (RunModel)" time="0.03" />
  <testcase classname="ptolemy.util.test.junit.AutoTests" name="[93] /home/travis/build/icyphy/ptII/ptolemy/actor/lib/test/auto/ConstantPublisherPort7.xml (RunModel)" time="0.03" />
  <testcase classname="ptolemy.util.test.junit.AutoTests" name="[94] /home/travis/build/icyphy/ptII/ptolemy/actor/lib/test/auto/ConstraintMonitor1.xml (RunModel)" time="0.03" />
  <testcase classname="ptolemy.util.test.junit.AutoTests" name="[95] /home/travis/build/icyphy/ptII/ptolemy/actor/lib/test/auto/ConstraintMonitor2.xml (RunModel)" time="0.009" />
  <testcase classname="ptolemy.util.test.junit.AutoTests" name="[96] /home/travis/build/icyphy/ptII/ptolemy/actor/lib/test/auto/ConstraintMonitor3.xml (RunModel)" time="0.014" />
  <testcase classname="ptolemy.util.test.junit.AutoTests" name="[97] /home/travis/build/icyphy/ptII/ptolemy/actor/lib/test/auto/ConstraintMonitor4.xml (RunModel)" time="0.015" />
  <testcase classname="ptolemy.util.test.junit.AutoTests" name="[98] /home/travis/build/icyphy/ptII/ptolemy/actor/lib/test/auto/ConstraintMonitor5.xml (RunModel)" time="0.014" />
  <testcase classname="ptolemy.util.test.junit.AutoTests" name="[99] /home/travis/build/icyphy/ptII/ptolemy/actor/lib/test/auto/ConstraintMonitor6.xml (RunModel)" time="0.016" />
  <testcase classname="ptolemy.util.test.junit.AutoTests" name="[100] /home/travis/build/icyphy/ptII/ptolemy/actor/lib/test/auto/ConstraintMonitor7.xml (RunModel)" time="0.013" />
  <testcase classname="ptolemy.util.test.junit.AutoTests" name="[101] /home/travis/build/icyphy/ptII/ptolemy/actor/lib/test/auto/ConstraintMonitor8.xml (RunModel)" time="0.019" />
  <testcase classname="ptolemy.util.test.junit.AutoTests" name="[102] /home/travis/build/icyphy/ptII/ptolemy/actor/lib/test/auto/Counter.xml (RunModel)" time="0.011" />
  <testcase classname="ptolemy.util.test.junit.AutoTests" name="[103] /home/travis/build/icyphy/ptII/ptolemy/actor/lib/test/auto/CurrentTimeSDF.xml (RunModel)" time="0.008" />
  <testcase classname="ptolemy.util.test.junit.AutoTests" name="[104] /home/travis/build/icyphy/ptII/ptolemy/actor/lib/test/auto/DB.xml (RunModel)" time="0.011" />
  <testcase classname="ptolemy.util.test.junit.AutoTests" name="[105] /home/travis/build/icyphy/ptII/ptolemy/actor/lib/test/auto/DBDE.xml (RunModel)" time="0.012" />
  <testcase classname="ptolemy.util.test.junit.AutoTests" name="[106] /home/travis/build/icyphy/ptII/ptolemy/actor/lib/test/auto/DateConstructor.xml (RunModel)" time="0.042" />
  <testcase classname="ptolemy.util.test.junit.AutoTests" name="[107] /home/travis/build/icyphy/ptII/ptolemy/actor/lib/test/auto/DelayTime.xml (RunModel)" time="0.014" />
  <testcase classname="ptolemy.util.test.junit.AutoTests" name="[108] /home/travis/build/icyphy/ptII/ptolemy/actor/lib/test/auto/Dictionary1.xml (RunModel)" time="0.485" />
  <testcase classname="ptolemy.util.test.junit.AutoTests" name="[109] /home/travis/build/icyphy/ptII/ptolemy/actor/lib/test/auto/Dictionary2.xml (RunModel)" time="0.013" />
  <testcase classname="ptolemy.util.test.junit.AutoTests" name="[110] /home/travis/build/icyphy/ptII/ptolemy/actor/lib/test/auto/Dictionary3.xml (RunModel)" time="0.011" />
  <testcase classname="ptolemy.util.test.junit.AutoTests" name="[111] /home/travis/build/icyphy/ptII/ptolemy/actor/lib/test/auto/Dictionary4.xml (RunModel)" time="0.014" />
  <testcase classname="ptolemy.util.test.junit.AutoTests" name="[112] /home/travis/build/icyphy/ptII/ptolemy/actor/lib/test/auto/Differential.xml (RunModel)" time="0.009" />
  <testcase classname="ptolemy.util.test.junit.AutoTests" name="[113] /home/travis/build/icyphy/ptII/ptolemy/actor/lib/test/auto/Director.xml (RunModel)" time="0.009" />
  <testcase classname="ptolemy.util.test.junit.AutoTests" name="[114] /home/travis/build/icyphy/ptII/ptolemy/actor/lib/test/auto/DiscreteClock.xml (RunModel)" time="0.007" />
  <testcase classname="ptolemy.util.test.junit.AutoTests" name="[115] /home/travis/build/icyphy/ptII/ptolemy/actor/lib/test/auto/DiscreteClock10.xml (RunModel)" time="0.01" />
  <testcase classname="ptolemy.util.test.junit.AutoTests" name="[116] /home/travis/build/icyphy/ptII/ptolemy/actor/lib/test/auto/DiscreteClock11.xml (RunModel)" time="0.01" />
  <testcase classname="ptolemy.util.test.junit.AutoTests" name="[117] /home/travis/build/icyphy/ptII/ptolemy/actor/lib/test/auto/DiscreteClock12.xml (RunModel)" time="0.011" />
  <testcase classname="ptolemy.util.test.junit.AutoTests" name="[118] /home/travis/build/icyphy/ptII/ptolemy/actor/lib/test/auto/DiscreteClock13.xml (RunModel)" time="0.014" />
  <testcase classname="ptolemy.util.test.junit.AutoTests" name="[119] /home/travis/build/icyphy/ptII/ptolemy/actor/lib/test/auto/DiscreteClock14.xml (RunModel)" time="0.014" />
  <testcase classname="ptolemy.util.test.junit.AutoTests" name="[120] /home/travis/build/icyphy/ptII/ptolemy/actor/lib/test/auto/DiscreteClock15.xml (RunModel)" time="0.016" />
  <testcase classname="ptolemy.util.test.junit.AutoTests" name="[121] /home/travis/build/icyphy/ptII/ptolemy/actor/lib/test/auto/DiscreteClock16.xml (RunModel)" time="0.035" />
  <testcase classname="ptolemy.util.test.junit.AutoTests" name="[122] /home/travis/build/icyphy/ptII/ptolemy/actor/lib/test/auto/DiscreteClock17.xml (RunModel)" time="0.035" />
  <testcase classname="ptolemy.util.test.junit.AutoTests" name="[123] /home/travis/build/icyphy/ptII/ptolemy/actor/lib/test/auto/DiscreteClock18.xml (RunModel)" time="0.03" />
  <testcase classname="ptolemy.util.test.junit.AutoTests" name="[124] /home/travis/build/icyphy/ptII/ptolemy/actor/lib/test/auto/DiscreteClock19.xml (RunModel)" time="0.049" />
  <testcase classname="ptolemy.util.test.junit.AutoTests" name="[125] /home/travis/build/icyphy/ptII/ptolemy/actor/lib/test/auto/DiscreteClock2.xml (RunModel)" time="0.011" />
  <testcase classname="ptolemy.util.test.junit.AutoTests" name="[126] /home/travis/build/icyphy/ptII/ptolemy/actor/lib/test/auto/DiscreteClock20.xml (RunModel)" time="0.022" />
  <testcase classname="ptolemy.util.test.junit.AutoTests" name="[127] /home/travis/build/icyphy/ptII/ptolemy/actor/lib/test/auto/DiscreteClock21.xml (RunModel)" time="0.018" />
  <testcase classname="ptolemy.util.test.junit.AutoTests" name="[128] /home/travis/build/icyphy/ptII/ptolemy/actor/lib/test/auto/DiscreteClock22.xml (RunModel)" time="0.013" />
  <testcase classname="ptolemy.util.test.junit.AutoTests" name="[129] /home/travis/build/icyphy/ptII/ptolemy/actor/lib/test/auto/DiscreteClock23.xml (RunModel)" time="0.02" />
  <testcase classname="ptolemy.util.test.junit.AutoTests" name="[130] /home/travis/build/icyphy/ptII/ptolemy/actor/lib/test/auto/DiscreteClock24.xml (RunModel)" time="0.018" />
  <testcase classname="ptolemy.util.test.junit.AutoTests" name="[131] /home/travis/build/icyphy/ptII/ptolemy/actor/lib/test/auto/DiscreteClock4.xml (RunModel)" time="0.011" />
  <testcase classname="ptolemy.util.test.junit.AutoTests" name="[132] /home/travis/build/icyphy/ptII/ptolemy/actor/lib/test/auto/DiscreteClock5.xml (RunModel)" time="0.01" />
  <testcase classname="ptolemy.util.test.junit.AutoTests" name="[133] /home/travis/build/icyphy/ptII/ptolemy/actor/lib/test/auto/DiscreteClock6.xml (RunModel)" time="0.009" />
  <testcase classname="ptolemy.util.test.junit.AutoTests" name="[134] /home/travis/build/icyphy/ptII/ptolemy/actor/lib/test/auto/DiscreteClock7.xml (RunModel)" time="0.009" />
  <testcase classname="ptolemy.util.test.junit.AutoTests" name="[135] /home/travis/build/icyphy/ptII/ptolemy/actor/lib/test/auto/DiscreteClock8.xml (RunModel)" time="0.013" />
  <testcase classname="ptolemy.util.test.junit.AutoTests" name="[136] /home/travis/build/icyphy/ptII/ptolemy/actor/lib/test/auto/DiscreteClock9.xml (RunModel)" time="0.011" />
  <testcase classname="ptolemy.util.test.junit.AutoTests" name="[137] /home/travis/build/icyphy/ptII/ptolemy/actor/lib/test/auto/DisplayArray.xml (RunModel)" time="0.008" />
  <testcase classname="ptolemy.util.test.junit.AutoTests" name="[138] /home/travis/build/icyphy/ptII/ptolemy/actor/lib/test/auto/Distributor.xml (RunModel)" time="0.009" />
  <testcase classname="ptolemy.util.test.junit.AutoTests" name="[139] /home/travis/build/icyphy/ptII/ptolemy/actor/lib/test/auto/Distributor2.xml (RunModel)" time="0.009" />
  <testcase classname="ptolemy.util.test.junit.AutoTests" name="[140] /home/travis/build/icyphy/ptII/ptolemy/actor/lib/test/auto/DownSample.xml (RunModel)" time="0.013" />
  <testcase classname="ptolemy.util.test.junit.AutoTests" name="[141] /home/travis/build/icyphy/ptII/ptolemy/actor/lib/test/auto/ElectronicUnitBase1.xml (RunModel)" time="0.055" />
  <testcase classname="ptolemy.util.test.junit.AutoTests" name="[142] /home/travis/build/icyphy/ptII/ptolemy/actor/lib/test/auto/ElementsToArray.xml (RunModel)" time="0.01" />
  <testcase classname="ptolemy.util.test.junit.AutoTests" name="[143] /home/travis/build/icyphy/ptII/ptolemy/actor/lib/test/auto/Equals.xml (RunModel)" time="0.012" />
  <testcase classname="ptolemy.util.test.junit.AutoTests" name="[144] /home/travis/build/icyphy/ptII/ptolemy/actor/lib/test/auto/Exec.xml (RunModel)" time="0.021" />
  <testcase classname="ptolemy.util.test.junit.AutoTests" name="[145] /home/travis/build/icyphy/ptII/ptolemy/actor/lib/test/auto/ExecEnvironment.xml (RunModel)" time="0.034" />
  <testcase classname="ptolemy.util.test.junit.AutoTests" name="[146] /home/travis/build/icyphy/ptII/ptolemy/actor/lib/test/auto/ExecNonZeroReturnOutput.xml (RunModel)" time="0.145" />
  <testcase classname="ptolemy.util.test.junit.AutoTests" name="[147] /home/travis/build/icyphy/ptII/ptolemy/actor/lib/test/auto/ExecRunDemos.xml (RunModel)" time="9.331" />
  <testcase classname="ptolemy.util.test.junit.AutoTests" name="[148] /home/travis/build/icyphy/ptII/ptolemy/actor/lib/test/auto/ExecStop.xml (RunModel)" time="5.029" />
  <testcase classname="ptolemy.util.test.junit.AutoTests" name="[149] /home/travis/build/icyphy/ptII/ptolemy/actor/lib/test/auto/ExecutionTimeSDF.xml (RunModel)" time="6.033" />
  <testcase classname="ptolemy.util.test.junit.AutoTests" name="[150] /home/travis/build/icyphy/ptII/ptolemy/actor/lib/test/auto/Expression1.xml (RunModel)" time="0.009" />
  <testcase classname="ptolemy.util.test.junit.AutoTests" name="[151] /home/travis/build/icyphy/ptII/ptolemy/actor/lib/test/auto/Expression10.xml (RunModel)" time="0.017" />
  <testcase classname="ptolemy.util.test.junit.AutoTests" name="[152] /home/travis/build/icyphy/ptII/ptolemy/actor/lib/test/auto/Expression11.xml (RunModel)" time="0.01" />
  <testcase classname="ptolemy.util.test.junit.AutoTests" name="[153] /home/travis/build/icyphy/ptII/ptolemy/actor/lib/test/auto/Expression12.xml (RunModel)" time="0.011" />
  <testcase classname="ptolemy.util.test.junit.AutoTests" name="[154] /home/travis/build/icyphy/ptII/ptolemy/actor/lib/test/auto/Expression13.xml (RunModel)" time="0.011" />
  <testcase classname="ptolemy.util.test.junit.AutoTests" name="[155] /home/travis/build/icyphy/ptII/ptolemy/actor/lib/test/auto/Expression14.xml (RunModel)" time="0.016" />
  <testcase classname="ptolemy.util.test.junit.AutoTests" name="[156] /home/travis/build/icyphy/ptII/ptolemy/actor/lib/test/auto/Expression15.xml (RunModel)" time="0.01" />
  <testcase classname="ptolemy.util.test.junit.AutoTests" name="[157] /home/travis/build/icyphy/ptII/ptolemy/actor/lib/test/auto/Expression16.xml (RunModel)" time="0.019" />
  <testcase classname="ptolemy.util.test.junit.AutoTests" name="[158] /home/travis/build/icyphy/ptII/ptolemy/actor/lib/test/auto/Expression17.xml (RunModel)" time="0.012" />
  <testcase classname="ptolemy.util.test.junit.AutoTests" name="[159] /home/travis/build/icyphy/ptII/ptolemy/actor/lib/test/auto/Expression18.xml (RunModel)" time="0.013" />
  <testcase classname="ptolemy.util.test.junit.AutoTests" name="[160] /home/travis/build/icyphy/ptII/ptolemy/actor/lib/test/auto/Expression2.xml (RunModel)" time="0.015" />
  <testcase classname="ptolemy.util.test.junit.AutoTests" name="[161] /home/travis/build/icyphy/ptII/ptolemy/actor/lib/test/auto/Expression3.xml (RunModel)" time="0.011" />
  <testcase classname="ptolemy.util.test.junit.AutoTests" name="[162] /home/travis/build/icyphy/ptII/ptolemy/actor/lib/test/auto/Expression4.xml (RunModel)" time="0.018" />
  <testcase classname="ptolemy.util.test.junit.AutoTests" name="[163] /home/travis/build/icyphy/ptII/ptolemy/actor/lib/test/auto/Expression5.xml (RunModel)" time="0.014" />
  <testcase classname="ptolemy.util.test.junit.AutoTests" name="[164] /home/travis/build/icyphy/ptII/ptolemy/actor/lib/test/auto/Expression6.xml (RunModel)" time="0.01" />
  <testcase classname="ptolemy.util.test.junit.AutoTests" name="[165] /home/travis/build/icyphy/ptII/ptolemy/actor/lib/test/auto/Expression7.xml (RunModel)" time="0.012" />
  <testcase classname="ptolemy.util.test.junit.AutoTests" name="[166] /home/travis/build/icyphy/ptII/ptolemy/actor/lib/test/auto/Expression8.xml (RunModel)" time="0.017" />
  <testcase classname="ptolemy.util.test.junit.AutoTests" name="[167] /home/travis/build/icyphy/ptII/ptolemy/actor/lib/test/auto/Expression9.xml (RunModel)" time="0.008" />
  <testcase classname="ptolemy.util.test.junit.AutoTests" name="[168] /home/travis/build/icyphy/ptII/ptolemy/actor/lib/test/auto/ExpressionConcatenateArrayType.xml (RunModel)" time="0.026" />
  <testcase classname="ptolemy.util.test.junit.AutoTests" name="[169] /home/travis/build/icyphy/ptII/ptolemy/actor/lib/test/auto/ExpressionConcatenateArrayType2.xml (RunModel)" time="0.015" />
  <testcase classname="ptolemy.util.test.junit.AutoTests" name="[170] /home/travis/build/icyphy/ptII/ptolemy/actor/lib/test/auto/ExpressionFix.xml (RunModel)" time="0.023" />
  <testcase classname="ptolemy.util.test.junit.AutoTests" name="[171] /home/travis/build/icyphy/ptII/ptolemy/actor/lib/test/auto/ExpressionFix2.xml (RunModel)" time="0.008" />
  <testcase classname="ptolemy.util.test.junit.AutoTests" name="[172] /home/travis/build/icyphy/ptII/ptolemy/actor/lib/test/auto/ExpressionFix3.xml (RunModel)" time="0.008" />
  <testcase classname="ptolemy.util.test.junit.AutoTests" name="[173] /home/travis/build/icyphy/ptII/ptolemy/actor/lib/test/auto/FileWriter1.xml (RunModel)" time="0.008" />
  <testcase classname="ptolemy.util.test.junit.AutoTests" name="[174] /home/travis/build/icyphy/ptII/ptolemy/actor/lib/test/auto/FileWriter2.xml (RunModel)" time="0.009" />
  <testcase classname="ptolemy.util.test.junit.AutoTests" name="[175] /home/travis/build/icyphy/ptII/ptolemy/actor/lib/test/auto/FileWriter3.xml (RunModel)" time="0.014" />
  <testcase classname="ptolemy.util.test.junit.AutoTests" name="[176] /home/travis/build/icyphy/ptII/ptolemy/actor/lib/test/auto/Gaussian.xml (RunModel)" time="0.009" />
  <testcase classname="ptolemy.util.test.junit.AutoTests" name="[177] /home/travis/build/icyphy/ptII/ptolemy/actor/lib/test/auto/Gaussian1.xml (RunModel)" time="0.011" />
  <testcase classname="ptolemy.util.test.junit.AutoTests" name="[178] /home/travis/build/icyphy/ptII/ptolemy/actor/lib/test/auto/Gaussian2.xml (RunModel)" time="0.014" />
  <testcase classname="ptolemy.util.test.junit.AutoTests" name="[179] /home/travis/build/icyphy/ptII/ptolemy/actor/lib/test/auto/GradientAdaptiveLattice.xml (RunModel)" time="0.015" />
  <testcase classname="ptolemy.util.test.junit.AutoTests" name="[180] /home/travis/build/icyphy/ptII/ptolemy/actor/lib/test/auto/IIR.xml (RunModel)" time="0.011" />
  <testcase classname="ptolemy.util.test.junit.AutoTests" name="[181] /home/travis/build/icyphy/ptII/ptolemy/actor/lib/test/auto/InputOutputTransparentPorts.xml (RunModel)" time="0.019" />
  <testcase classname="ptolemy.util.test.junit.AutoTests" name="[182] /home/travis/build/icyphy/ptII/ptolemy/actor/lib/test/auto/Interpolator.xml (RunModel)" time="0.016" />
  <testcase classname="ptolemy.util.test.junit.AutoTests" name="[183] /home/travis/build/icyphy/ptII/ptolemy/actor/lib/test/auto/InterpolatorFiringLimitDE.xml (RunModel)" time="0.014" />
  <testcase classname="ptolemy.util.test.junit.AutoTests" name="[184] /home/travis/build/icyphy/ptII/ptolemy/actor/lib/test/auto/Lattice.xml (RunModel)" time="0.007" />
  <testcase classname="ptolemy.util.test.junit.AutoTests" name="[185] /home/travis/build/icyphy/ptII/ptolemy/actor/lib/test/auto/LazyAOCTestLazy.xml (RunModel)" time="0.02" />
  <testcase classname="ptolemy.util.test.junit.AutoTests" name="[186] /home/travis/build/icyphy/ptII/ptolemy/actor/lib/test/auto/LazyAOCTestNonLazy.xml (RunModel)" time="0.015" />
  <testcase classname="ptolemy.util.test.junit.AutoTests" name="[187] /home/travis/build/icyphy/ptII/ptolemy/actor/lib/test/auto/LazyInnerClass.xml (RunModel)" time="0.018" />
  <testcase classname="ptolemy.util.test.junit.AutoTests" name="[188] /home/travis/build/icyphy/ptII/ptolemy/actor/lib/test/auto/LazyPubSub.xml (RunModel)" time="0.031" />
  <testcase classname="ptolemy.util.test.junit.AutoTests" name="[189] /home/travis/build/icyphy/ptII/ptolemy/actor/lib/test/auto/LazyPubSub2.xml (RunModel)" time="0.056" />
  <testcase classname="ptolemy.util.test.junit.AutoTests" name="[190] /home/travis/build/icyphy/ptII/ptolemy/actor/lib/test/auto/LazyPubSub3.xml (RunModel)" time="0.06" />
  <testcase classname="ptolemy.util.test.junit.AutoTests" name="[191] /home/travis/build/icyphy/ptII/ptolemy/actor/lib/test/auto/LazySubClassModel.xml (RunModel)" time="0.043" />
  <testcase classname="ptolemy.util.test.junit.AutoTests" name="[192] /home/travis/build/icyphy/ptII/ptolemy/actor/lib/test/auto/LevelCrossTest1.xml (RunModel)" time="0.012" />
  <testcase classname="ptolemy.util.test.junit.AutoTests" name="[193] /home/travis/build/icyphy/ptII/ptolemy/actor/lib/test/auto/LevelCrossTest10.xml (RunModel)" time="0.019" />
  <testcase classname="ptolemy.util.test.junit.AutoTests" name="[194] /home/travis/build/icyphy/ptII/ptolemy/actor/lib/test/auto/LevelCrossTest11.xml (RunModel)" time="0.014" />
  <testcase classname="ptolemy.util.test.junit.AutoTests" name="[195] /home/travis/build/icyphy/ptII/ptolemy/actor/lib/test/auto/LevelCrossTest12.xml (RunModel)" time="0.014" />
  <testcase classname="ptolemy.util.test.junit.AutoTests" name="[196] /home/travis/build/icyphy/ptII/ptolemy/actor/lib/test/auto/LevelCrossTest13.xml (RunModel)" time="0.012" />
  <testcase classname="ptolemy.util.test.junit.AutoTests" name="[197] /home/travis/build/icyphy/ptII/ptolemy/actor/lib/test/auto/LevelCrossTest2.xml (RunModel)" time="0.01" />
  <testcase classname="ptolemy.util.test.junit.AutoTests" name="[198] /home/travis/build/icyphy/ptII/ptolemy/actor/lib/test/auto/LevelCrossTest3.xml (RunModel)" time="0.011" />
  <testcase classname="ptolemy.util.test.junit.AutoTests" name="[199] /home/travis/build/icyphy/ptII/ptolemy/actor/lib/test/auto/LevelCrossTest4.xml (RunModel)" time="0.011" />
  <testcase classname="ptolemy.util.test.junit.AutoTests" name="[200] /home/travis/build/icyphy/ptII/ptolemy/actor/lib/test/auto/LevelCrossTest5.xml (RunModel)" time="0.011" />
  <testcase classname="ptolemy.util.test.junit.AutoTests" name="[201] /home/travis/build/icyphy/ptII/ptolemy/actor/lib/test/auto/LevelCrossTest6.xml (RunModel)" time="0.019" />
  <testcase classname="ptolemy.util.test.junit.AutoTests" name="[202] /home/travis/build/icyphy/ptII/ptolemy/actor/lib/test/auto/LevelCrossTest7.xml (RunModel)" time="0.014" />
  <testcase classname="ptolemy.util.test.junit.AutoTests" name="[203] /home/travis/build/icyphy/ptII/ptolemy/actor/lib/test/auto/LevelCrossTest8.xml (RunModel)" time="0.014" />
  <testcase classname="ptolemy.util.test.junit.AutoTests" name="[204] /home/travis/build/icyphy/ptII/ptolemy/actor/lib/test/auto/LevelCrossTest9.xml (RunModel)" time="0.014" />
  <testcase classname="ptolemy.util.test.junit.AutoTests" name="[205] /home/travis/build/icyphy/ptII/ptolemy/actor/lib/test/auto/LevinsonDurbin.xml (RunModel)" time="0.009" />
  <testcase classname="ptolemy.util.test.junit.AutoTests" name="[206] /home/travis/build/icyphy/ptII/ptolemy/actor/lib/test/auto/LevinsonDurbin2.xml (RunModel)" time="0.009" />
  <testcase classname="ptolemy.util.test.junit.AutoTests" name="[207] /home/travis/build/icyphy/ptII/ptolemy/actor/lib/test/auto/LevinsonDurbin3.xml (RunModel)" time="0.01" />
  <testcase classname="ptolemy.util.test.junit.AutoTests" name="[208] /home/travis/build/icyphy/ptII/ptolemy/actor/lib/test/auto/Limiter.xml (RunModel)" time="0.032" />
  <testcase classname="ptolemy.util.test.junit.AutoTests" name="[209] /home/travis/build/icyphy/ptII/ptolemy/actor/lib/test/auto/LinearDifferenceEquationSystem.xml (RunModel)" time="0.02" />
  <testcase classname="ptolemy.util.test.junit.AutoTests" name="[210] /home/travis/build/icyphy/ptII/ptolemy/actor/lib/test/auto/LookupTable.xml (RunModel)" time="0.009" />
  <testcase classname="ptolemy.util.test.junit.AutoTests" name="[211] /home/travis/build/icyphy/ptII/ptolemy/actor/lib/test/auto/MathFunction.xml (RunModel)" time="0.018" />
  <testcase classname="ptolemy.util.test.junit.AutoTests" name="[212] /home/travis/build/icyphy/ptII/ptolemy/actor/lib/test/auto/MathFunction2.xml (RunModel)" time="0.01" />
  <testcase classname="ptolemy.util.test.junit.AutoTests" name="[213] /home/travis/build/icyphy/ptII/ptolemy/actor/lib/test/auto/MathFunction3.xml (RunModel)" time="0.017" />
  <testcase classname="ptolemy.util.test.junit.AutoTests" name="[214] /home/travis/build/icyphy/ptII/ptolemy/actor/lib/test/auto/MatrixCropBoolean.xml (RunModel)" time="0.012" />
  <testcase classname="ptolemy.util.test.junit.AutoTests" name="[215] /home/travis/build/icyphy/ptII/ptolemy/actor/lib/test/auto/MatrixCropComplex.xml (RunModel)" time="0.008" />
  <testcase classname="ptolemy.util.test.junit.AutoTests" name="[216] /home/travis/build/icyphy/ptII/ptolemy/actor/lib/test/auto/MatrixCropDouble.xml (RunModel)" time="0.009" />
  <testcase classname="ptolemy.util.test.junit.AutoTests" name="[217] /home/travis/build/icyphy/ptII/ptolemy/actor/lib/test/auto/MatrixCropFix.xml (RunModel)" time="0.009" />
  <testcase classname="ptolemy.util.test.junit.AutoTests" name="[218] /home/travis/build/icyphy/ptII/ptolemy/actor/lib/test/auto/MatrixCropInt.xml (RunModel)" time="0.008" />
  <testcase classname="ptolemy.util.test.junit.AutoTests" name="[219] /home/travis/build/icyphy/ptII/ptolemy/actor/lib/test/auto/MatrixCropLong.xml (RunModel)" time="0.008" />
  <testcase classname="ptolemy.util.test.junit.AutoTests" name="[220] /home/travis/build/icyphy/ptII/ptolemy/actor/lib/test/auto/MatrixToArray.xml (RunModel)" time="0.036" />
  <testcase classname="ptolemy.util.test.junit.AutoTests" name="[221] /home/travis/build/icyphy/ptII/ptolemy/actor/lib/test/auto/MaxIndex.xml (RunModel)" time="0.011" />
  <testcase classname="ptolemy.util.test.junit.AutoTests" name="[222] /home/travis/build/icyphy/ptII/ptolemy/actor/lib/test/auto/Maximum.xml (RunModel)" time="0.013" />
  <testcase classname="ptolemy.util.test.junit.AutoTests" name="[223] /home/travis/build/icyphy/ptII/ptolemy/actor/lib/test/auto/MaximumComplex.xml (RunModel)" time="0.012" />
  <testcase classname="ptolemy.util.test.junit.AutoTests" name="[224] /home/travis/build/icyphy/ptII/ptolemy/actor/lib/test/auto/MethodCallTest.xml (RunModel)" time="0.017" />
  <testcase classname="ptolemy.util.test.junit.AutoTests" name="[225] /home/travis/build/icyphy/ptII/ptolemy/actor/lib/test/auto/Minimum.xml (RunModel)" time="0.012" />
  <testcase classname="ptolemy.util.test.junit.AutoTests" name="[226] /home/travis/build/icyphy/ptII/ptolemy/actor/lib/test/auto/MinimumComplex.xml (RunModel)" time="0.015" />
  <testcase classname="ptolemy.util.test.junit.AutoTests" name="[227] /home/travis/build/icyphy/ptII/ptolemy/actor/lib/test/auto/MinimumMultiports.xml (RunModel)" time="0.02" />
  <testcase classname="ptolemy.util.test.junit.AutoTests" name="[228] /home/travis/build/icyphy/ptII/ptolemy/actor/lib/test/auto/ModifyDate.xml (RunModel)" time="0.036" />
  <testcase classname="ptolemy.util.test.junit.AutoTests" name="[229] /home/travis/build/icyphy/ptII/ptolemy/actor/lib/test/auto/ModifyDate2.xml (RunModel)" time="0.027" />
  <testcase classname="ptolemy.util.test.junit.AutoTests" name="[230] /home/travis/build/icyphy/ptII/ptolemy/actor/lib/test/auto/MovingAverage.xml (RunModel)" time="0.015" />
  <testcase classname="ptolemy.util.test.junit.AutoTests" name="[231] /home/travis/build/icyphy/ptII/ptolemy/actor/lib/test/auto/MovingMaximum.xml (RunModel)" time="0.009" />
  <testcase classname="ptolemy.util.test.junit.AutoTests" name="[232] /home/travis/build/icyphy/ptII/ptolemy/actor/lib/test/auto/MultipleLinksToSameRelation.xml (RunModel)" time="0.006" />
  <testcase classname="ptolemy.util.test.junit.AutoTests" name="[233] /home/travis/build/icyphy/ptII/ptolemy/actor/lib/test/auto/MultipleLinksToSameRelationDE.xml (RunModel)" time="0.008" />
  <testcase classname="ptolemy.util.test.junit.AutoTests" name="[234] /home/travis/build/icyphy/ptII/ptolemy/actor/lib/test/auto/Multiplexor.xml (RunModel)" time="0.014" />
  <testcase classname="ptolemy.util.test.junit.AutoTests" name="[235] /home/travis/build/icyphy/ptII/ptolemy/actor/lib/test/auto/Multiplexor1.xml (RunModel)" time="0.011" />
  <testcase classname="ptolemy.util.test.junit.AutoTests" name="[236] /home/travis/build/icyphy/ptII/ptolemy/actor/lib/test/auto/Multiplexor2.xml (RunModel)" time="0.017" />
  <testcase classname="ptolemy.util.test.junit.AutoTests" name="[237] /home/travis/build/icyphy/ptII/ptolemy/actor/lib/test/auto/Multiplexor3.xml (RunModel)" time="0.008" />
  <testcase classname="ptolemy.util.test.junit.AutoTests" name="[238] /home/travis/build/icyphy/ptII/ptolemy/actor/lib/test/auto/MultiplexorDE.xml (RunModel)" time="0.016" />
  <testcase classname="ptolemy.util.test.junit.AutoTests" name="[239] /home/travis/build/icyphy/ptII/ptolemy/actor/lib/test/auto/MultiportBroadcastTest.xml (RunModel)" time="0.101" />
  <testcase classname="ptolemy.util.test.junit.AutoTests" name="[240] /home/travis/build/icyphy/ptII/ptolemy/actor/lib/test/auto/MultiportOutHangDuringGetWidth.xml (RunModel)" time="0.032" />
  <testcase classname="ptolemy.util.test.junit.AutoTests" name="[241] /home/travis/build/icyphy/ptII/ptolemy/actor/lib/test/auto/NilToken.xml (RunModel)" time="0.013" />
  <testcase classname="ptolemy.util.test.junit.AutoTests" name="[242] /home/travis/build/icyphy/ptII/ptolemy/actor/lib/test/auto/NilTokenNonStrictTest.xml (RunModel)" time="0.01" />
  <testcase classname="ptolemy.util.test.junit.AutoTests" name="[243] /home/travis/build/icyphy/ptII/ptolemy/actor/lib/test/auto/NilTokenRecord.xml (RunModel)" time="0.023" />
  <testcase classname="ptolemy.util.test.junit.AutoTests" name="[244] /home/travis/build/icyphy/ptII/ptolemy/actor/lib/test/auto/NilTokenTypeTest.xml (RunModel)" time="0.032" />
  <testcase classname="ptolemy.util.test.junit.AutoTests" name="[245] /home/travis/build/icyphy/ptII/ptolemy/actor/lib/test/auto/ObjectToken1.xml (RunModel)" time="0.011" />
  <testcase classname="ptolemy.util.test.junit.AutoTests" name="[246] /home/travis/build/icyphy/ptII/ptolemy/actor/lib/test/auto/OrderedMerge.xml (RunModel)" time="0.021" />
  <testcase classname="ptolemy.util.test.junit.AutoTests" name="[247] /home/travis/build/icyphy/ptII/ptolemy/actor/lib/test/auto/OrderedRecordDisassembler.xml (RunModel)" time="0.022" />
  <testcase classname="ptolemy.util.test.junit.AutoTests" name="[248] /home/travis/build/icyphy/ptII/ptolemy/actor/lib/test/auto/OrderedRecordDisassembler2.xml (RunModel)" time="0.016" />
  <testcase classname="ptolemy.util.test.junit.AutoTests" name="[249] /home/travis/build/icyphy/ptII/ptolemy/actor/lib/test/auto/OrderedRecordUpdater.xml (RunModel)" time="0.009" />
  <testcase classname="ptolemy.util.test.junit.AutoTests" name="[250] /home/travis/build/icyphy/ptII/ptolemy/actor/lib/test/auto/OrderedRecordUpdater2.xml (RunModel)" time="0.018" />
  <testcase classname="ptolemy.util.test.junit.AutoTests" name="[251] /home/travis/build/icyphy/ptII/ptolemy/actor/lib/test/auto/PhaseUnwrap.xml (RunModel)" time="0.015" />
  <testcase classname="ptolemy.util.test.junit.AutoTests" name="[252] /home/travis/build/icyphy/ptII/ptolemy/actor/lib/test/auto/PoissonClock.xml (RunModel)" time="0.014" />
  <testcase classname="ptolemy.util.test.junit.AutoTests" name="[253] /home/travis/build/icyphy/ptII/ptolemy/actor/lib/test/auto/PoissonClock2.xml (RunModel)" time="0.006" />
  <testcase classname="ptolemy.util.test.junit.AutoTests" name="[254] /home/travis/build/icyphy/ptII/ptolemy/actor/lib/test/auto/PoissonClock3.xml (RunModel)" time="0.014" />
  <testcase classname="ptolemy.util.test.junit.AutoTests" name="[255] /home/travis/build/icyphy/ptII/ptolemy/actor/lib/test/auto/PubSubWithInitialTokens.xml (RunModel)" time="0.012" />
  <testcase classname="ptolemy.util.test.junit.AutoTests" name="[256] /home/travis/build/icyphy/ptII/ptolemy/actor/lib/test/auto/PubSubWithInitialTokens2.xml (RunModel)" time="0.012" />
  <testcase classname="ptolemy.util.test.junit.AutoTests" name="[257] /home/travis/build/icyphy/ptII/ptolemy/actor/lib/test/auto/PublisherClassNoParameter.xml (RunModel)" time="0.02" />
  <testcase classname="ptolemy.util.test.junit.AutoTests" name="[258] /home/travis/build/icyphy/ptII/ptolemy/actor/lib/test/auto/PublisherClassParameter.xml (RunModel)" time="0.021" />
  <testcase classname="ptolemy.util.test.junit.AutoTests" name="[259] /home/travis/build/icyphy/ptII/ptolemy/actor/lib/test/auto/PublisherNonStrictTest.xml (RunModel)" time="0.014" />
  <testcase classname="ptolemy.util.test.junit.AutoTests" name="[260] /home/travis/build/icyphy/ptII/ptolemy/actor/lib/test/auto/PublisherPort1.xml (RunModel)" time="0.009" />
  <testcase classname="ptolemy.util.test.junit.AutoTests" name="[261] /home/travis/build/icyphy/ptII/ptolemy/actor/lib/test/auto/PublisherPort2.xml (RunModel)" time="0.007" />
  <testcase classname="ptolemy.util.test.junit.AutoTests" name="[262] /home/travis/build/icyphy/ptII/ptolemy/actor/lib/test/auto/PublisherPort3.xml (RunModel)" time="0.017" />
  <testcase classname="ptolemy.util.test.junit.AutoTests" name="[263] /home/travis/build/icyphy/ptII/ptolemy/actor/lib/test/auto/PublisherPort4.xml (RunModel)" time="0.02" />
  <testcase classname="ptolemy.util.test.junit.AutoTests" name="[264] /home/travis/build/icyphy/ptII/ptolemy/actor/lib/test/auto/PublisherPort5.xml (RunModel)" time="0.014" />
  <testcase classname="ptolemy.util.test.junit.AutoTests" name="[265] /home/travis/build/icyphy/ptII/ptolemy/actor/lib/test/auto/PublisherPort5LookAlike.xml (RunModel)" time="0.014" />
  <testcase classname="ptolemy.util.test.junit.AutoTests" name="[266] /home/travis/build/icyphy/ptII/ptolemy/actor/lib/test/auto/PublisherPort6.xml (RunModel)" time="0.012" />
  <testcase classname="ptolemy.util.test.junit.AutoTests" name="[267] /home/travis/build/icyphy/ptII/ptolemy/actor/lib/test/auto/PublisherPort7.xml (RunModel)" time="0.014" />
  <testcase classname="ptolemy.util.test.junit.AutoTests" name="[268] /home/travis/build/icyphy/ptII/ptolemy/actor/lib/test/auto/PublisherPort8.xml (RunModel)" time="0.015" />
  <testcase classname="ptolemy.util.test.junit.AutoTests" name="[269] /home/travis/build/icyphy/ptII/ptolemy/actor/lib/test/auto/PublisherPortSubscriberChannelVariablesAOC2.xml (RunModel)" time="0.03" />
  <testcase classname="ptolemy.util.test.junit.AutoTests" name="[270] /home/travis/build/icyphy/ptII/ptolemy/actor/lib/test/auto/PublisherPortSubscriberOpaqueWidthInference.xml (RunModel)" time="0.014" />
  <testcase classname="ptolemy.util.test.junit.AutoTests" name="[271] /home/travis/build/icyphy/ptII/ptolemy/actor/lib/test/auto/PublisherPortSubscriberPortAdjacent.xml (RunModel)" time="0.015" />
  <testcase classname="ptolemy.util.test.junit.AutoTests" name="[272] /home/travis/build/icyphy/ptII/ptolemy/actor/lib/test/auto/PublisherPortSubscriberPortExpression.xml (RunModel)" time="0.017" />
  <testcase classname="ptolemy.util.test.junit.AutoTests" name="[273] /home/travis/build/icyphy/ptII/ptolemy/actor/lib/test/auto/PublisherPortSubscriberPortOpaqueD3Reverse.xml (RunModel)" time="0.02" />
  <testcase classname="ptolemy.util.test.junit.AutoTests" name="[274] /home/travis/build/icyphy/ptII/ptolemy/actor/lib/test/auto/PublisherPortSubscriberPortOpaqueWidthInference.xml (RunModel)" time="0.015" />
  <testcase classname="ptolemy.util.test.junit.AutoTests" name="[275] /home/travis/build/icyphy/ptII/ptolemy/actor/lib/test/auto/PublisherPortToplevelSubscriberPortAOC.xml (RunModel)" time="0.01" />
  <testcase classname="ptolemy.util.test.junit.AutoTests" name="[276] /home/travis/build/icyphy/ptII/ptolemy/actor/lib/test/auto/PublisherSubscriber.xml (RunModel)" time="0.013" />
  <testcase classname="ptolemy.util.test.junit.AutoTests" name="[277] /home/travis/build/icyphy/ptII/ptolemy/actor/lib/test/auto/PublisherSubscriber10.xml (RunModel)" time="0.017" />
  <testcase classname="ptolemy.util.test.junit.AutoTests" name="[278] /home/travis/build/icyphy/ptII/ptolemy/actor/lib/test/auto/PublisherSubscriber10InitialOutputs.xml (RunModel)" time="0.017" />
  <testcase classname="ptolemy.util.test.junit.AutoTests" name="[279] /home/travis/build/icyphy/ptII/ptolemy/actor/lib/test/auto/PublisherSubscriber11.xml (RunModel)" time="0.01" />
  <testcase classname="ptolemy.util.test.junit.AutoTests" name="[280] /home/travis/build/icyphy/ptII/ptolemy/actor/lib/test/auto/PublisherSubscriber12.xml (RunModel)" time="0.012" />
  <testcase classname="ptolemy.util.test.junit.AutoTests" name="[281] /home/travis/build/icyphy/ptII/ptolemy/actor/lib/test/auto/PublisherSubscriber13.xml (RunModel)" time="0.01" />
  <testcase classname="ptolemy.util.test.junit.AutoTests" name="[282] /home/travis/build/icyphy/ptII/ptolemy/actor/lib/test/auto/PublisherSubscriber14.xml (RunModel)" time="0.019" />
  <testcase classname="ptolemy.util.test.junit.AutoTests" name="[283] /home/travis/build/icyphy/ptII/ptolemy/actor/lib/test/auto/PublisherSubscriber2.xml (RunModel)" time="0.01" />
  <testcase classname="ptolemy.util.test.junit.AutoTests" name="[284] /home/travis/build/icyphy/ptII/ptolemy/actor/lib/test/auto/PublisherSubscriber3.xml (RunModel)" time="0.009" />
  <testcase classname="ptolemy.util.test.junit.AutoTests" name="[285] /home/travis/build/icyphy/ptII/ptolemy/actor/lib/test/auto/PublisherSubscriber4.xml (RunModel)" time="0.009" />
  <testcase classname="ptolemy.util.test.junit.AutoTests" name="[286] /home/travis/build/icyphy/ptII/ptolemy/actor/lib/test/auto/PublisherSubscriber5.xml (RunModel)" time="0.012" />
  <testcase classname="ptolemy.util.test.junit.AutoTests" name="[287] /home/travis/build/icyphy/ptII/ptolemy/actor/lib/test/auto/PublisherSubscriber6.xml (RunModel)" time="0.01" />
  <testcase classname="ptolemy.util.test.junit.AutoTests" name="[288] /home/travis/build/icyphy/ptII/ptolemy/actor/lib/test/auto/PublisherSubscriber7.xml (RunModel)" time="0.012" />
  <testcase classname="ptolemy.util.test.junit.AutoTests" name="[289] /home/travis/build/icyphy/ptII/ptolemy/actor/lib/test/auto/PublisherSubscriber8.xml (RunModel)" time="0.02" />
  <testcase classname="ptolemy.util.test.junit.AutoTests" name="[290] /home/travis/build/icyphy/ptII/ptolemy/actor/lib/test/auto/PublisherSubscriber9.xml (RunModel)" time="0.013" />
  <testcase classname="ptolemy.util.test.junit.AutoTests" name="[291] /home/travis/build/icyphy/ptII/ptolemy/actor/lib/test/auto/PublisherSubscriberAdjacent.xml (RunModel)" time="0.015" />
  <testcase classname="ptolemy.util.test.junit.AutoTests" name="[292] /home/travis/build/icyphy/ptII/ptolemy/actor/lib/test/auto/PublisherSubscriberChannelVariablesAOC2.xml (RunModel)" time="0.025" />
  <testcase classname="ptolemy.util.test.junit.AutoTests" name="[293] /home/travis/build/icyphy/ptII/ptolemy/actor/lib/test/auto/PublisherSubscriberD3.xml (RunModel)" time="0.013" />
  <testcase classname="ptolemy.util.test.junit.AutoTests" name="[294] /home/travis/build/icyphy/ptII/ptolemy/actor/lib/test/auto/PublisherSubscriberD3Reverse.xml (RunModel)" time="0.011" />
  <testcase classname="ptolemy.util.test.junit.AutoTests" name="[295] /home/travis/build/icyphy/ptII/ptolemy/actor/lib/test/auto/PublisherSubscriberExpression.xml (RunModel)" time="0.019" />
  <testcase classname="ptolemy.util.test.junit.AutoTests" name="[296] /home/travis/build/icyphy/ptII/ptolemy/actor/lib/test/auto/PublisherSubscriberOpaque.xml (RunModel)" time="0.015" />
  <testcase classname="ptolemy.util.test.junit.AutoTests" name="[297] /home/travis/build/icyphy/ptII/ptolemy/actor/lib/test/auto/PublisherSubscriberOpaqueD3.xml (RunModel)" time="0.022" />
  <testcase classname="ptolemy.util.test.junit.AutoTests" name="[298] /home/travis/build/icyphy/ptII/ptolemy/actor/lib/test/auto/PublisherSubscriberOpaqueD3Reverse.xml (RunModel)" time="0.019" />
  <testcase classname="ptolemy.util.test.junit.AutoTests" name="[299] /home/travis/build/icyphy/ptII/ptolemy/actor/lib/test/auto/PublisherSubscriberOpaqueWidthInference.xml (RunModel)" time="0.017" />
  <testcase classname="ptolemy.util.test.junit.AutoTests" name="[300] /home/travis/build/icyphy/ptII/ptolemy/actor/lib/test/auto/PublisherTestSubscriber.xml (RunModel)" time="0.016" />
  <testcase classname="ptolemy.util.test.junit.AutoTests" name="[301] /home/travis/build/icyphy/ptII/ptolemy/actor/lib/test/auto/PublisherToplevelSubscriberPortAOC.xml (RunModel)" time="0.012" />
  <testcase classname="ptolemy.util.test.junit.AutoTests" name="[302] /home/travis/build/icyphy/ptII/ptolemy/actor/lib/test/auto/PulseFiringLimitDE.xml (RunModel)" time="0.013" />
  <testcase classname="ptolemy.util.test.junit.AutoTests" name="[303] /home/travis/build/icyphy/ptII/ptolemy/actor/lib/test/auto/Ramp1.xml (RunModel)" time="0.008" />
  <testcase classname="ptolemy.util.test.junit.AutoTests" name="[304] /home/travis/build/icyphy/ptII/ptolemy/actor/lib/test/auto/RampFiringLimitDE.xml (RunModel)" time="0.012" />
  <testcase classname="ptolemy.util.test.junit.AutoTests" name="[305] /home/travis/build/icyphy/ptII/ptolemy/actor/lib/test/auto/RampFiringLimitSDF.xml (RunModel)" time="0.011" />
  <testcase classname="ptolemy.util.test.junit.AutoTests" name="[306] /home/travis/build/icyphy/ptII/ptolemy/actor/lib/test/auto/RandomInteger.xml (RunModel)" time="0.013" />
  <testcase classname="ptolemy.util.test.junit.AutoTests" name="[307] /home/travis/build/icyphy/ptII/ptolemy/actor/lib/test/auto/ReadFile1.xml (RunModel)" time="0.009" />
  <testcase classname="ptolemy.util.test.junit.AutoTests" name="[308] /home/travis/build/icyphy/ptII/ptolemy/actor/lib/test/auto/ReadFile2.xml (RunModel)" time="0.007" />
  <testcase classname="ptolemy.util.test.junit.AutoTests" name="[309] /home/travis/build/icyphy/ptII/ptolemy/actor/lib/test/auto/Reader.xml (RunModel)" time="0.013" />
  <testcase classname="ptolemy.util.test.junit.AutoTests" name="[310] /home/travis/build/icyphy/ptII/ptolemy/actor/lib/test/auto/RecordAssemblerDisplayNameTest.xml (RunModel)" time="2.824" />
  <testcase classname="ptolemy.util.test.junit.AutoTests" name="[311] /home/travis/build/icyphy/ptII/ptolemy/actor/lib/test/auto/RecordAssemblerTypeError.xml (RunModel)" time="0.028" />
  <testcase classname="ptolemy.util.test.junit.AutoTests" name="[312] /home/travis/build/icyphy/ptII/ptolemy/actor/lib/test/auto/RecordDisassember.xml (RunModel)" time="0.009" />
  <testcase classname="ptolemy.util.test.junit.AutoTests" name="[313] /home/travis/build/icyphy/ptII/ptolemy/actor/lib/test/auto/RecordDisassemberDisplayNameTest.xml (RunModel)" time="0.017" />
  <testcase classname="ptolemy.util.test.junit.AutoTests" name="[314] /home/travis/build/icyphy/ptII/ptolemy/actor/lib/test/auto/RecordDisassembler.xml (RunModel)" time="0.008" />
  <testcase classname="ptolemy.util.test.junit.AutoTests" name="[315] /home/travis/build/icyphy/ptII/ptolemy/actor/lib/test/auto/RecordDisassembler2.xml (RunModel)" time="0.01" />
  <testcase classname="ptolemy.util.test.junit.AutoTests" name="[316] /home/travis/build/icyphy/ptII/ptolemy/actor/lib/test/auto/RecordUpdater.xml (RunModel)" time="0.01" />
  <testcase classname="ptolemy.util.test.junit.AutoTests" name="[317] /home/travis/build/icyphy/ptII/ptolemy/actor/lib/test/auto/RecordUpdater2.xml (RunModel)" time="0.008" />
  <testcase classname="ptolemy.util.test.junit.AutoTests" name="[318] /home/travis/build/icyphy/ptII/ptolemy/actor/lib/test/auto/RecursiveLattice.xml (RunModel)" time="0.009" />
  <testcase classname="ptolemy.util.test.junit.AutoTests" name="[319] /home/travis/build/icyphy/ptII/ptolemy/actor/lib/test/auto/Router.xml (RunModel)" time="3.024" />
  <testcase classname="ptolemy.util.test.junit.AutoTests" name="[320] /home/travis/build/icyphy/ptII/ptolemy/actor/lib/test/auto/Router2.xml (RunModel)" time="3.032" />
  <testcase classname="ptolemy.util.test.junit.AutoTests" name="[321] /home/travis/build/icyphy/ptII/ptolemy/actor/lib/test/auto/RunningMaximum.xml (RunModel)" time="0.016" />
  <testcase classname="ptolemy.util.test.junit.AutoTests" name="[322] /home/travis/build/icyphy/ptII/ptolemy/actor/lib/test/auto/RunningMinimum.xml (RunModel)" time="0.009" />
  <testcase classname="ptolemy.util.test.junit.AutoTests" name="[323] /home/travis/build/icyphy/ptII/ptolemy/actor/lib/test/auto/Scale.xml (RunModel)" time="0.007" />
  <testcase classname="ptolemy.util.test.junit.AutoTests" name="[324] /home/travis/build/icyphy/ptII/ptolemy/actor/lib/test/auto/Scale2.xml (RunModel)" time="0.009" />
  <testcase classname="ptolemy.util.test.junit.AutoTests" name="[325] /home/travis/build/icyphy/ptII/ptolemy/actor/lib/test/auto/Scale3.xml (RunModel)" time="0.012" />
  <testcase classname="ptolemy.util.test.junit.AutoTests" name="[326] /home/travis/build/icyphy/ptII/ptolemy/actor/lib/test/auto/ScaleArray.xml (RunModel)" time="0.007" />
  <testcase classname="ptolemy.util.test.junit.AutoTests" name="[327] /home/travis/build/icyphy/ptII/ptolemy/actor/lib/test/auto/ScaleArray2.xml (RunModel)" time="0.007" />
  <testcase classname="ptolemy.util.test.junit.AutoTests" name="[328] /home/travis/build/icyphy/ptII/ptolemy/actor/lib/test/auto/ScaleMatrix.xml (RunModel)" time="0.099" />
  <testcase classname="ptolemy.util.test.junit.AutoTests" name="[329] /home/travis/build/icyphy/ptII/ptolemy/actor/lib/test/auto/Select.xml (RunModel)" time="0.013" />
  <testcase classname="ptolemy.util.test.junit.AutoTests" name="[330] /home/travis/build/icyphy/ptII/ptolemy/actor/lib/test/auto/Select2.xml (RunModel)" time="0.007" />
  <testcase classname="ptolemy.util.test.junit.AutoTests" name="[331] /home/travis/build/icyphy/ptII/ptolemy/actor/lib/test/auto/SequenceToArray2.xml (RunModel)" time="0.11" />
  <testcase classname="ptolemy.util.test.junit.AutoTests" name="[332] /home/travis/build/icyphy/ptII/ptolemy/actor/lib/test/auto/SequentialClock.xml (RunModel)" time="0.014" />
  <testcase classname="ptolemy.util.test.junit.AutoTests" name="[333] /home/travis/build/icyphy/ptII/ptolemy/actor/lib/test/auto/SetVariable.xml (RunModel)" time="0.009" />
  <testcase classname="ptolemy.util.test.junit.AutoTests" name="[334] /home/travis/build/icyphy/ptII/ptolemy/actor/lib/test/auto/SetVariable2.xml (RunModel)" time="0.009" />
  <testcase classname="ptolemy.util.test.junit.AutoTests" name="[335] /home/travis/build/icyphy/ptII/ptolemy/actor/lib/test/auto/SetVariable3.xml (RunModel)" time="0.014" />
  <testcase classname="ptolemy.util.test.junit.AutoTests" name="[336] /home/travis/build/icyphy/ptII/ptolemy/actor/lib/test/auto/SetVariable4.xml (RunModel)" time="0.03" />
  <testcase classname="ptolemy.util.test.junit.AutoTests" name="[337] /home/travis/build/icyphy/ptII/ptolemy/actor/lib/test/auto/SetVariable5.xml (RunModel)" time="0.03" />
  <testcase classname="ptolemy.util.test.junit.AutoTests" name="[338] /home/travis/build/icyphy/ptII/ptolemy/actor/lib/test/auto/Sinewave.xml (RunModel)" time="0.022" />
  <testcase classname="ptolemy.util.test.junit.AutoTests" name="[339] /home/travis/build/icyphy/ptII/ptolemy/actor/lib/test/auto/Sinewave2.xml (RunModel)" time="0.018" />
  <testcase classname="ptolemy.util.test.junit.AutoTests" name="[340] /home/travis/build/icyphy/ptII/ptolemy/actor/lib/test/auto/Sinewave3.xml (RunModel)" time="0.016" />
  <testcase classname="ptolemy.util.test.junit.AutoTests" name="[341] /home/travis/build/icyphy/ptII/ptolemy/actor/lib/test/auto/SingleEvent.xml (RunModel)" time="0.005" />
  <testcase classname="ptolemy.util.test.junit.AutoTests" name="[342] /home/travis/build/icyphy/ptII/ptolemy/actor/lib/test/auto/Sleep.xml (RunModel)" time="6.018" />
  <testcase classname="ptolemy.util.test.junit.AutoTests" name="[343] /home/travis/build/icyphy/ptII/ptolemy/actor/lib/test/auto/SleepMultipleFire.xml (RunModel)" time="1.022" />
  <testcase classname="ptolemy.util.test.junit.AutoTests" name="[344] /home/travis/build/icyphy/ptII/ptolemy/actor/lib/test/auto/StopDE.xml (RunModel)" time="0.014" />
  <testcase classname="ptolemy.util.test.junit.AutoTests" name="[345] /home/travis/build/icyphy/ptII/ptolemy/actor/lib/test/auto/StopSDF.xml (RunModel)" time="0.01" />
  <testcase classname="ptolemy.util.test.junit.AutoTests" name="[346] /home/travis/build/icyphy/ptII/ptolemy/actor/lib/test/auto/StringConstant.xml (RunModel)" time="0.008" />
  <testcase classname="ptolemy.util.test.junit.AutoTests" name="[347] /home/travis/build/icyphy/ptII/ptolemy/actor/lib/test/auto/SubscriberPortInitialValues1.xml (RunModel)" time="0.015" />
  <testcase classname="ptolemy.util.test.junit.AutoTests" name="[348] /home/travis/build/icyphy/ptII/ptolemy/actor/lib/test/auto/SubscriberPortInitialValues13.xml (RunModel)" time="0.021" />
  <testcase classname="ptolemy.util.test.junit.AutoTests" name="[349] /home/travis/build/icyphy/ptII/ptolemy/actor/lib/test/auto/SubscriberPortInitialValues14.xml (RunModel)" time="0.013" />
  <testcase classname="ptolemy.util.test.junit.AutoTests" name="[350] /home/travis/build/icyphy/ptII/ptolemy/actor/lib/test/auto/SubscriberPortInitialValues2.xml (RunModel)" time="0.014" />
  <testcase classname="ptolemy.util.test.junit.AutoTests" name="[351] /home/travis/build/icyphy/ptII/ptolemy/actor/lib/test/auto/SubscriberPortInitialValues3.xml (RunModel)" time="0.021" />
  <testcase classname="ptolemy.util.test.junit.AutoTests" name="[352] /home/travis/build/icyphy/ptII/ptolemy/actor/lib/test/auto/SubscriptionAggregator.xml (RunModel)" time="0.01" />
  <testcase classname="ptolemy.util.test.junit.AutoTests" name="[353] /home/travis/build/icyphy/ptII/ptolemy/actor/lib/test/auto/SubscriptionAggregator2.xml (RunModel)" time="0.01" />
  <testcase classname="ptolemy.util.test.junit.AutoTests" name="[354] /home/travis/build/icyphy/ptII/ptolemy/actor/lib/test/auto/SubscriptionAggregator3.xml (RunModel)" time="0.017" />
  <testcase classname="ptolemy.util.test.junit.AutoTests" name="[355] /home/travis/build/icyphy/ptII/ptolemy/actor/lib/test/auto/SubscriptionAggregatorMultiply.xml (RunModel)" time="0.017" />
  <testcase classname="ptolemy.util.test.junit.AutoTests" name="[356] /home/travis/build/icyphy/ptII/ptolemy/actor/lib/test/auto/SubscriptionAggregatorPortMultiply1.xml (RunModel)" time="0.013" />
  <testcase classname="ptolemy.util.test.junit.AutoTests" name="[357] /home/travis/build/icyphy/ptII/ptolemy/actor/lib/test/auto/Switch.xml (RunModel)" time="0.015" />
  <testcase classname="ptolemy.util.test.junit.AutoTests" name="[358] /home/travis/build/icyphy/ptII/ptolemy/actor/lib/test/auto/Switch2.xml (RunModel)" time="0.009" />
  <testcase classname="ptolemy.util.test.junit.AutoTests" name="[359] /home/travis/build/icyphy/ptII/ptolemy/actor/lib/test/auto/SwitchDE.xml (RunModel)" time="0.013" />
  <testcase classname="ptolemy.util.test.junit.AutoTests" name="[360] /home/travis/build/icyphy/ptII/ptolemy/actor/lib/test/auto/SynchronizerDE.xml (RunModel)" time="0.023" />
  <testcase classname="ptolemy.util.test.junit.AutoTests" name="[361] /home/travis/build/icyphy/ptII/ptolemy/actor/lib/test/auto/Test.xml (RunModel)" time="0.02" />
  <testcase classname="ptolemy.util.test.junit.AutoTests" name="[362] /home/travis/build/icyphy/ptII/ptolemy/actor/lib/test/auto/TestExceptionAttribute1.xml (RunModel)" time="0.014" />
  <testcase classname="ptolemy.util.test.junit.AutoTests" name="[363] /home/travis/build/icyphy/ptII/ptolemy/actor/lib/test/auto/TestExceptionAttribute2.xml (RunModel)" time="0.007" />
  <testcase classname="ptolemy.util.test.junit.AutoTests" name="[364] /home/travis/build/icyphy/ptII/ptolemy/actor/lib/test/auto/TestExceptionAttribute3.xml (RunModel)" time="0.006" />
  <testcase classname="ptolemy.util.test.junit.AutoTests" name="[365] /home/travis/build/icyphy/ptII/ptolemy/actor/lib/test/auto/TestExceptionAttribute4.xml (RunModel)" time="0.008" />
  <testcase classname="ptolemy.util.test.junit.AutoTests" name="[366] /home/travis/build/icyphy/ptII/ptolemy/actor/lib/test/auto/TestExceptionHandler1.xml (RunModel)" time="0.006" />
  <testcase classname="ptolemy.util.test.junit.AutoTests" name="[367] /home/travis/build/icyphy/ptII/ptolemy/actor/lib/test/auto/TestExceptionHandler2.xml (RunModel)" time="0.011" />
  <testcase classname="ptolemy.util.test.junit.AutoTests" name="[368] /home/travis/build/icyphy/ptII/ptolemy/actor/lib/test/auto/TestExceptionHandler3.xml (RunModel)" time="0.009" />
  <testcase classname="ptolemy.util.test.junit.AutoTests" name="[369] /home/travis/build/icyphy/ptII/ptolemy/actor/lib/test/auto/TestExceptionHandler4.xml (RunModel)" time="0.005" />
  <testcase classname="ptolemy.util.test.junit.AutoTests" name="[370] /home/travis/build/icyphy/ptII/ptolemy/actor/lib/test/auto/TestRequireCorrectOrder.xml (RunModel)" time="0.01" />
  <testcase classname="ptolemy.util.test.junit.AutoTests" name="[371] /home/travis/build/icyphy/ptII/ptolemy/actor/lib/test/auto/TestSimple.xml (RunModel)" time="0.007" />
  <testcase classname="ptolemy.util.test.junit.AutoTests" name="[372] /home/travis/build/icyphy/ptII/ptolemy/actor/lib/test/auto/ThrowModelError.xml (RunModel)" time="0.011" />
  <testcase classname="ptolemy.util.test.junit.AutoTests" name="[373] /home/travis/build/icyphy/ptII/ptolemy/actor/lib/test/auto/TimeDelayMicrosteps.xml (RunModel)" time="0.016" />
  <testcase classname="ptolemy.util.test.junit.AutoTests" name="[374] /home/travis/build/icyphy/ptII/ptolemy/actor/lib/test/auto/TimeDelayMicrosteps2.xml (RunModel)" time="0.018" />
  <testcase classname="ptolemy.util.test.junit.AutoTests" name="[375] /home/travis/build/icyphy/ptII/ptolemy/actor/lib/test/auto/TimeDelayMicrosteps3.xml (RunModel)" time="0.015" />
  <testcase classname="ptolemy.util.test.junit.AutoTests" name="[376] /home/travis/build/icyphy/ptII/ptolemy/actor/lib/test/auto/TimeDelayVariableMicrosteps.xml (RunModel)" time="0.015" />
  <testcase classname="ptolemy.util.test.junit.AutoTests" name="[377] /home/travis/build/icyphy/ptII/ptolemy/actor/lib/test/auto/TimeGap.xml (RunModel)" time="0.017" />
  <testcase classname="ptolemy.util.test.junit.AutoTests" name="[378] /home/travis/build/icyphy/ptII/ptolemy/actor/lib/test/auto/TimeGap2.xml (RunModel)" time="0.009" />
  <testcase classname="ptolemy.util.test.junit.AutoTests" name="[379] /home/travis/build/icyphy/ptII/ptolemy/actor/lib/test/auto/TimedSinewave.xml (RunModel)" time="0.035" />
  <testcase classname="ptolemy.util.test.junit.AutoTests" name="[380] /home/travis/build/icyphy/ptII/ptolemy/actor/lib/test/auto/TimedSinewavePhase.xml (RunModel)" time="0.036" />
  <testcase classname="ptolemy.util.test.junit.AutoTests" name="[381] /home/travis/build/icyphy/ptII/ptolemy/actor/lib/test/auto/Timer.xml (RunModel)" time="0.017" />
  <testcase classname="ptolemy.util.test.junit.AutoTests" name="[382] /home/travis/build/icyphy/ptII/ptolemy/actor/lib/test/auto/TriangularDistTestModel.xml (RunModel)" time="0.015" />
  <testcase classname="ptolemy.util.test.junit.AutoTests" name="[383] /home/travis/build/icyphy/ptII/ptolemy/actor/lib/test/auto/TrigFunction.xml (RunModel)" time="0.007" />
  <testcase classname="ptolemy.util.test.junit.AutoTests" name="[384] /home/travis/build/icyphy/ptII/ptolemy/actor/lib/test/auto/TrigFunctionDE.xml (RunModel)" time="0.01" />
  <testcase classname="ptolemy.util.test.junit.AutoTests" name="[385] /home/travis/build/icyphy/ptII/ptolemy/actor/lib/test/auto/TrigFunctionInverse.xml (RunModel)" time="0.007" />
  <testcase classname="ptolemy.util.test.junit.AutoTests" name="[386] /home/travis/build/icyphy/ptII/ptolemy/actor/lib/test/auto/TrigFunctionTan.xml (RunModel)" time="0.005" />
  <testcase classname="ptolemy.util.test.junit.AutoTests" name="[387] /home/travis/build/icyphy/ptII/ptolemy/actor/lib/test/auto/TriggeredClock.xml (RunModel)" time="0.007" />
  <testcase classname="ptolemy.util.test.junit.AutoTests" name="[388] /home/travis/build/icyphy/ptII/ptolemy/actor/lib/test/auto/URLDirectoryReader.xml (RunModel)" time="0.094" />
  <testcase classname="ptolemy.util.test.junit.AutoTests" name="[389] /home/travis/build/icyphy/ptII/ptolemy/actor/lib/test/auto/URLDirectoryReader3.xml (RunModel)" time="1.399" />
  <testcase classname="ptolemy.util.test.junit.AutoTests" name="[390] /home/travis/build/icyphy/ptII/ptolemy/actor/lib/test/auto/UnaryMathFunction.xml (RunModel)" time="0.021" />
  <testcase classname="ptolemy.util.test.junit.AutoTests" name="[391] /home/travis/build/icyphy/ptII/ptolemy/actor/lib/test/auto/Uniform.xml (RunModel)" time="0.046" />
  <testcase classname="ptolemy.util.test.junit.AutoTests" name="[392] /home/travis/build/icyphy/ptII/ptolemy/actor/lib/test/auto/UnionDisassemblerTest.xml (RunModel)" time="0.022" />
  <testcase classname="ptolemy.util.test.junit.AutoTests" name="[393] /home/travis/build/icyphy/ptII/ptolemy/actor/lib/test/auto/UtilityFunctions.xml (RunModel)" time="0.033" />
  <testcase classname="ptolemy.util.test.junit.AutoTests" name="[394] /home/travis/build/icyphy/ptII/ptolemy/actor/lib/test/auto/VariableSleep.xml (RunModel)" time="0.523" />
  <testcase classname="ptolemy.util.test.junit.AutoTests" name="[395] /home/travis/build/icyphy/ptII/ptolemy/actor/lib/test/auto/VectorAssemblerDisassemblerCT.xml (RunModel)" time="0.108" />
  <testcase classname="ptolemy.util.test.junit.AutoTests" name="[396] /home/travis/build/icyphy/ptII/ptolemy/actor/lib/test/auto/VectorAssemblerDisassemblerDE.xml (RunModel)" time="0.014" />
  <testcase classname="ptolemy.util.test.junit.AutoTests" name="[397] /home/travis/build/icyphy/ptII/ptolemy/actor/lib/test/auto/VectorAssemblerDisassemblerSDF.xml (RunModel)" time="0.015" />
  <testcase classname="ptolemy.util.test.junit.AutoTests" name="[398] /home/travis/build/icyphy/ptII/ptolemy/actor/lib/test/auto/WallClockTime.xml (RunModel)" time="1.014" />
  <testcase classname="ptolemy.util.test.junit.AutoTests" name="[399] /home/travis/build/icyphy/ptII/ptolemy/actor/lib/test/auto/WidthTestWithSubscriberPublisher.xml (RunModel)" time="0.038" />
  <testcase classname="ptolemy.util.test.junit.AutoTests" name="[400] /home/travis/build/icyphy/ptII/ptolemy/actor/lib/test/auto/WidthTestWithSubscriberPublisher2.xml (RunModel)" time="0.022" />
  <testcase classname="ptolemy.util.test.junit.AutoTests" name="[401] /home/travis/build/icyphy/ptII/ptolemy/actor/lib/test/auto/WidthTestWithSubscriberPublisher3.xml (RunModel)" time="0.017" />
  <testcase classname="ptolemy.util.test.junit.AutoTests" name="[402] /home/travis/build/icyphy/ptII/ptolemy/actor/lib/test/auto/Writer.xml (RunModel)" time="0.009" />
  <testcase classname="ptolemy.util.test.junit.AutoTests" name="[403] /home/travis/build/icyphy/ptII/ptolemy/actor/lib/test/auto/array.xml (RunModel)" time="0.008" />
  <testcase classname="ptolemy.util.test.junit.AutoTests" name="[404] /home/travis/build/icyphy/ptII/ptolemy/actor/lib/test/auto/array2.xml (RunModel)" time="0.009" />
  <testcase classname="ptolemy.util.test.junit.AutoTests" name="[405] /home/travis/build/icyphy/ptII/ptolemy/actor/lib/test/auto/arrayType.xml (RunModel)" time="0.011" />
  <testcase classname="ptolemy.util.test.junit.AutoTests" name="[406] /home/travis/build/icyphy/ptII/ptolemy/actor/lib/test/auto/arrayType10.xml (RunModel)" time="0.008" />
  <testcase classname="ptolemy.util.test.junit.AutoTests" name="[407] /home/travis/build/icyphy/ptII/ptolemy/actor/lib/test/auto/arrayType11.xml (RunModel)" time="0.008" />
  <testcase classname="ptolemy.util.test.junit.AutoTests" name="[408] /home/travis/build/icyphy/ptII/ptolemy/actor/lib/test/auto/arrayType12.xml (RunModel)" time="0.008" />
  <testcase classname="ptolemy.util.test.junit.AutoTests" name="[409] /home/travis/build/icyphy/ptII/ptolemy/actor/lib/test/auto/arrayType13.xml (RunModel)" time="0.008" />
  <testcase classname="ptolemy.util.test.junit.AutoTests" name="[410] /home/travis/build/icyphy/ptII/ptolemy/actor/lib/test/auto/arrayType14.xml (RunModel)" time="0.008" />
  <testcase classname="ptolemy.util.test.junit.AutoTests" name="[411] /home/travis/build/icyphy/ptII/ptolemy/actor/lib/test/auto/arrayType15.xml (RunModel)" time="0.009" />
  <testcase classname="ptolemy.util.test.junit.AutoTests" name="[412] /home/travis/build/icyphy/ptII/ptolemy/actor/lib/test/auto/arrayType16.xml (RunModel)" time="0.009" />
  <testcase classname="ptolemy.util.test.junit.AutoTests" name="[413] /home/travis/build/icyphy/ptII/ptolemy/actor/lib/test/auto/arrayType17.xml (RunModel)" time="0.008" />
  <testcase classname="ptolemy.util.test.junit.AutoTests" name="[414] /home/travis/build/icyphy/ptII/ptolemy/actor/lib/test/auto/arrayType18.xml (RunModel)" time="0.008" />
  <testcase classname="ptolemy.util.test.junit.AutoTests" name="[415] /home/travis/build/icyphy/ptII/ptolemy/actor/lib/test/auto/arrayType19.xml (RunModel)" time="0.008" />
  <testcase classname="ptolemy.util.test.junit.AutoTests" name="[416] /home/travis/build/icyphy/ptII/ptolemy/actor/lib/test/auto/arrayType2.xml (RunModel)" time="0.009" />
  <testcase classname="ptolemy.util.test.junit.AutoTests" name="[417] /home/travis/build/icyphy/ptII/ptolemy/actor/lib/test/auto/arrayType20.xml (RunModel)" time="0.008" />
  <testcase classname="ptolemy.util.test.junit.AutoTests" name="[418] /home/travis/build/icyphy/ptII/ptolemy/actor/lib/test/auto/arrayType21.xml (RunModel)" time="0.008" />
  <testcase classname="ptolemy.util.test.junit.AutoTests" name="[419] /home/travis/build/icyphy/ptII/ptolemy/actor/lib/test/auto/arrayType22.xml (RunModel)" time="0.009" />
  <testcase classname="ptolemy.util.test.junit.AutoTests" name="[420] /home/travis/build/icyphy/ptII/ptolemy/actor/lib/test/auto/arrayType23.xml (RunModel)" time="0.008" />
  <testcase classname="ptolemy.util.test.junit.AutoTests" name="[421] /home/travis/build/icyphy/ptII/ptolemy/actor/lib/test/auto/arrayType24.xml (RunModel)" time="0.008" />
  <testcase classname="ptolemy.util.test.junit.AutoTests" name="[422] /home/travis/build/icyphy/ptII/ptolemy/actor/lib/test/auto/arrayType25.xml (RunModel)" time="0.009" />
  <testcase classname="ptolemy.util.test.junit.AutoTests" name="[423] /home/travis/build/icyphy/ptII/ptolemy/actor/lib/test/auto/arrayType26.xml (RunModel)" time="0.01" />
  <testcase classname="ptolemy.util.test.junit.AutoTests" name="[424] /home/travis/build/icyphy/ptII/ptolemy/actor/lib/test/auto/arrayType27.xml (RunModel)" time="0.009" />
  <testcase classname="ptolemy.util.test.junit.AutoTests" name="[425] /home/travis/build/icyphy/ptII/ptolemy/actor/lib/test/auto/arrayType28.xml (RunModel)" time="0.009" />
  <testcase classname="ptolemy.util.test.junit.AutoTests" name="[426] /home/travis/build/icyphy/ptII/ptolemy/actor/lib/test/auto/arrayType3.xml (RunModel)" time="0.009" />
  <testcase classname="ptolemy.util.test.junit.AutoTests" name="[427] /home/travis/build/icyphy/ptII/ptolemy/actor/lib/test/auto/arrayType4.xml (RunModel)" time="0.009" />
  <testcase classname="ptolemy.util.test.junit.AutoTests" name="[428] /home/travis/build/icyphy/ptII/ptolemy/actor/lib/test/auto/arrayType5.xml (RunModel)" time="0.008" />
  <testcase classname="ptolemy.util.test.junit.AutoTests" name="[429] /home/travis/build/icyphy/ptII/ptolemy/actor/lib/test/auto/arrayType6.xml (RunModel)" time="0.007" />
  <testcase classname="ptolemy.util.test.junit.AutoTests" name="[430] /home/travis/build/icyphy/ptII/ptolemy/actor/lib/test/auto/arrayType7.xml (RunModel)" time="0.008" />
  <testcase classname="ptolemy.util.test.junit.AutoTests" name="[431] /home/travis/build/icyphy/ptII/ptolemy/actor/lib/test/auto/arrayType8.xml (RunModel)" time="0.009" />
  <testcase classname="ptolemy.util.test.junit.AutoTests" name="[432] /home/travis/build/icyphy/ptII/ptolemy/actor/lib/test/auto/arrayType9.xml (RunModel)" time="0.007" />
  <testcase classname="ptolemy.util.test.junit.AutoTests" name="[433] /home/travis/build/icyphy/ptII/ptolemy/actor/lib/test/auto/cast.xml (RunModel)" time="0.01" />
  <testcase classname="ptolemy.util.test.junit.AutoTests" name="[434] /home/travis/build/icyphy/ptII/ptolemy/actor/lib/test/auto/compositeMultiPort.xml (RunModel)" time="0.022" />
  <testcase classname="ptolemy.util.test.junit.AutoTests" name="[435] /home/travis/build/icyphy/ptII/ptolemy/actor/lib/test/auto/expressionCastInference.xml (RunModel)" time="0.009" />
  <testcase classname="ptolemy.util.test.junit.AutoTests" name="[436] /home/travis/build/icyphy/ptII/ptolemy/actor/lib/test/auto/expressionCastInference2.xml (RunModel)" time="0.009" />
  <testcase classname="ptolemy.util.test.junit.AutoTests" name="[437] /home/travis/build/icyphy/ptII/ptolemy/actor/lib/test/auto/expressionInference.xml (RunModel)" time="0.008" />
  <testcase classname="ptolemy.util.test.junit.AutoTests" name="[438] /home/travis/build/icyphy/ptII/ptolemy/actor/lib/test/auto/expression_bug.xml (RunModel)" time="0.008" />
  <testcase classname="ptolemy.util.test.junit.AutoTests" name="[439] /home/travis/build/icyphy/ptII/ptolemy/actor/lib/test/auto/factorial.xml (RunModel)" time="0.04" />
  <testcase classname="ptolemy.util.test.junit.AutoTests" name="[440] /home/travis/build/icyphy/ptII/ptolemy/actor/lib/test/auto/filterTest1.xml (RunModel)" time="0.015" />
  <testcase classname="ptolemy.util.test.junit.AutoTests" name="[441] /home/travis/build/icyphy/ptII/ptolemy/actor/lib/test/auto/funcApplyInConst.xml (RunModel)" time="0.011" />
  <testcase classname="ptolemy.util.test.junit.AutoTests" name="[442] /home/travis/build/icyphy/ptII/ptolemy/actor/lib/test/auto/funcApplyInExpr.xml (RunModel)" time="0.006" />
  <testcase classname="ptolemy.util.test.junit.AutoTests" name="[443] /home/travis/build/icyphy/ptII/ptolemy/actor/lib/test/auto/function.xml (RunModel)" time="0.01" />
  <testcase classname="ptolemy.util.test.junit.AutoTests" name="[444] /home/travis/build/icyphy/ptII/ptolemy/actor/lib/test/auto/function2.xml (RunModel)" time="0.009" />
  <testcase classname="ptolemy.util.test.junit.AutoTests" name="[445] /home/travis/build/icyphy/ptII/ptolemy/actor/lib/test/auto/function3.xml (RunModel)" time="0.007" />
  <testcase classname="ptolemy.util.test.junit.AutoTests" name="[446] /home/travis/build/icyphy/ptII/ptolemy/actor/lib/test/auto/functionClosureTest1.xml (RunModel)" time="0.011" />
  <testcase classname="ptolemy.util.test.junit.AutoTests" name="[447] /home/travis/build/icyphy/ptII/ptolemy/actor/lib/test/auto/functionClosureTest2.xml (RunModel)" time="0.008" />
  <testcase classname="ptolemy.util.test.junit.AutoTests" name="[448] /home/travis/build/icyphy/ptII/ptolemy/actor/lib/test/auto/functionClosureTest3.xml (RunModel)" time="0.01" />
  <testcase classname="ptolemy.util.test.junit.AutoTests" name="[449] /home/travis/build/icyphy/ptII/ptolemy/actor/lib/test/auto/functionClosureTest4.xml (RunModel)" time="0.016" />
  <testcase classname="ptolemy.util.test.junit.AutoTests" name="[450] /home/travis/build/icyphy/ptII/ptolemy/actor/lib/test/auto/functionClosureTest5.xml (RunModel)" time="0.012" />
  <testcase classname="ptolemy.util.test.junit.AutoTests" name="[451] /home/travis/build/icyphy/ptII/ptolemy/actor/lib/test/auto/functionClosureTest6.xml (RunModel)" time="0.01" />
  <testcase classname="ptolemy.util.test.junit.AutoTests" name="[452] /home/travis/build/icyphy/ptII/ptolemy/actor/lib/test/auto/functionsOnArcs.xml (RunModel)" time="0.015" />
  <testcase classname="ptolemy.util.test.junit.AutoTests" name="[453] /home/travis/build/icyphy/ptII/ptolemy/actor/lib/test/auto/functionsOnArcsHOF.xml (RunModel)" time="0.013" />
  <testcase classname="ptolemy.util.test.junit.AutoTests" name="[454] /home/travis/build/icyphy/ptII/ptolemy/actor/lib/test/auto/logic.xml (RunModel)" time="0.016" />
  <testcase classname="ptolemy.util.test.junit.AutoTests" name="[455] /home/travis/build/icyphy/ptII/ptolemy/actor/lib/test/auto/matrixType.xml (RunModel)" time="0.01" />
  <testcase classname="ptolemy.util.test.junit.AutoTests" name="[456] /home/travis/build/icyphy/ptII/ptolemy/actor/lib/test/auto/matrixType10.xml (RunModel)" time="0.01" />
  <testcase classname="ptolemy.util.test.junit.AutoTests" name="[457] /home/travis/build/icyphy/ptII/ptolemy/actor/lib/test/auto/matrixType11.xml (RunModel)" time="0.009" />
  <testcase classname="ptolemy.util.test.junit.AutoTests" name="[458] /home/travis/build/icyphy/ptII/ptolemy/actor/lib/test/auto/matrixType12.xml (RunModel)" time="0.012" />
  <testcase classname="ptolemy.util.test.junit.AutoTests" name="[459] /home/travis/build/icyphy/ptII/ptolemy/actor/lib/test/auto/matrixType13.xml (RunModel)" time="0.009" />
  <testcase classname="ptolemy.util.test.junit.AutoTests" name="[460] /home/travis/build/icyphy/ptII/ptolemy/actor/lib/test/auto/matrixType14.xml (RunModel)" time="0.009" />
  <testcase classname="ptolemy.util.test.junit.AutoTests" name="[461] /home/travis/build/icyphy/ptII/ptolemy/actor/lib/test/auto/matrixType2.xml (RunModel)" time="0.009" />
  <testcase classname="ptolemy.util.test.junit.AutoTests" name="[462] /home/travis/build/icyphy/ptII/ptolemy/actor/lib/test/auto/matrixType3.xml (RunModel)" time="0.009" />
  <testcase classname="ptolemy.util.test.junit.AutoTests" name="[463] /home/travis/build/icyphy/ptII/ptolemy/actor/lib/test/auto/matrixType4.xml (RunModel)" time="0.009" />
  <testcase classname="ptolemy.util.test.junit.AutoTests" name="[464] /home/travis/build/icyphy/ptII/ptolemy/actor/lib/test/auto/matrixType5.xml (RunModel)" time="0.008" />
  <testcase classname="ptolemy.util.test.junit.AutoTests" name="[465] /home/travis/build/icyphy/ptII/ptolemy/actor/lib/test/auto/matrixType6.xml (RunModel)" time="0.008" />
  <testcase classname="ptolemy.util.test.junit.AutoTests" name="[466] /home/travis/build/icyphy/ptII/ptolemy/actor/lib/test/auto/matrixType7.xml (RunModel)" time="0.009" />
  <testcase classname="ptolemy.util.test.junit.AutoTests" name="[467] /home/travis/build/icyphy/ptII/ptolemy/actor/lib/test/auto/matrixType8.xml (RunModel)" time="0.009" />
  <testcase classname="ptolemy.util.test.junit.AutoTests" name="[468] /home/travis/build/icyphy/ptII/ptolemy/actor/lib/test/auto/matrixType9.xml (RunModel)" time="0.008" />
  <testcase classname="ptolemy.util.test.junit.AutoTests" name="[469] /home/travis/build/icyphy/ptII/ptolemy/actor/lib/test/auto/paraFunctest.xml (RunModel)" time="0.007" />
  <testcase classname="ptolemy.util.test.junit.AutoTests" name="[470] /home/travis/build/icyphy/ptII/ptolemy/actor/lib/test/auto/paraFunctest2.xml (RunModel)" time="0.007" />
  <testcase classname="ptolemy.util.test.junit.AutoTests" name="[471] /home/travis/build/icyphy/ptII/ptolemy/actor/lib/test/auto/parameterPassing.xml (RunModel)" time="0.008" />
  <testcase classname="ptolemy.util.test.junit.AutoTests" name="[472] /home/travis/build/icyphy/ptII/ptolemy/actor/lib/test/auto/record.xml (RunModel)" time="0.009" />
  <testcase classname="ptolemy.util.test.junit.AutoTests" name="[473] /home/travis/build/icyphy/ptII/ptolemy/actor/lib/test/auto/sizedarray1.xml (RunModel)" time="0.009" />
  <testcase classname="ptolemy.util.test.junit.AutoTests" name="[474] /home/travis/build/icyphy/ptII/ptolemy/actor/lib/test/auto/sizedarray2.xml (RunModel)" time="0.009" />
  <testcase classname="ptolemy.util.test.junit.AutoTests" name="[475] /home/travis/build/icyphy/ptII/ptolemy/actor/lib/test/auto/twoPublishers.xml (RunModel)" time="0.018" />
  <system-out><![CDATA[/home/travis/build/icyphy/ptII/ptolemy/actor/lib/test/AbsoluteValue.tcl
testDefs.tcl: setting time out to 9000 seconds at Thu Jan 24 03:20:38 UTC 2019
74 ms. Memory: 116224K Free: 106165K (91%)
4 ms. Memory: 116224K Free: 105570K (91%)
5 ms. Memory: 116224K Free: 104372K (90%)
4 ms. Memory: 116224K Free: 103769K (89%)
/home/travis/build/icyphy/ptII/ptolemy/actor/lib/test/AddSubtract.tcl
7 ms. Memory: 116224K Free: 101953K (88%)
8 ms. Memory: 116224K Free: 100763K (87%)
4 ms. Memory: 116224K Free: 100152K (86%)
5 ms. Memory: 116224K Free: 99549K (86%)
5 ms. Memory: 116224K Free: 98930K (85%)
3 ms. Memory: 116224K Free: 97724K (84%)
/home/travis/build/icyphy/ptII/ptolemy/actor/lib/test/Average.tcl
6 ms. Memory: 116224K Free: 96526K (83%)
8 ms. Memory: 116224K Free: 94725K (82%)
/home/travis/build/icyphy/ptII/ptolemy/actor/lib/test/Bernoulli.tcl
9 ms. Memory: 116224K Free: 93495K (80%)
2 ms. Memory: 116224K Free: 92892K (80%)
/home/travis/build/icyphy/ptII/ptolemy/actor/lib/test/Clock.tcl
preinitializing
resolving types
initializing
executing number 1
wrapping up
idle
29 ms. Memory: 116224K Free: 90472K (78%)
Completed execution with 5 iterations
preinitializing
resolving types
initializing
executing number 1
wrapping up
idle
8 ms. Memory: 116224K Free: 89853K (77%)
Completed execution with 5 iterations
preinitializing
resolving types
initializing
executing number 1
wrapping up
idle
2 ms. Memory: 116224K Free: 89251K (77%)
Completed execution with 5 iterations
/home/travis/build/icyphy/ptII/ptolemy/actor/lib/test/Commutator.tcl
9 ms. Memory: 116224K Free: 87433K (75%)
6 ms. Memory: 116224K Free: 86228K (74%)
15 ms. Memory: 116224K Free: 81416K (70%)
/home/travis/build/icyphy/ptII/ptolemy/actor/lib/test/Const.tcl
3 ms. Memory: 146944K Free: 141618K (96%)
2 ms. Memory: 146944K Free: 140015K (95%)
6 ms. Memory: 146944K Free: 140015K (95%)
6 ms. Memory: 146944K Free: 138811K (94%)
2 ms. Memory: 146944K Free: 138811K (94%)
11 ms. Memory: 146944K Free: 136404K (93%)
8 ms. Memory: 146944K Free: 135185K (92%)
12 ms. Memory: 146944K Free: 135185K (92%)
/home/travis/build/icyphy/ptII/ptolemy/actor/lib/test/CurrentTime.tcl
preinitializing
resolving types
initializing
executing number 1
wrapping up
idle
7 ms. Memory: 146944K Free: 132762K (90%)
Completed execution with 11 iterations
/home/travis/build/icyphy/ptII/ptolemy/actor/lib/test/DB.tcl
12 ms. Memory: 146944K Free: 131558K (90%)
1 ms. Memory: 146944K Free: 130355K (89%)
1 ms. Memory: 146944K Free: 130355K (89%)
/home/travis/build/icyphy/ptII/ptolemy/actor/lib/test/DiscreteRandomSource.tcl
preinitializing
resolving types
initializing
executing number 1
wrapping up
idle
9 ms. Memory: 146944K Free: 129151K (88%)
Completed execution with 4 iterations
preinitializing
resolving types
initializing
executing number 1
wrapping up
idle
9 ms. Memory: 146944K Free: 127948K (87%)
Completed execution with 4 iterations
preinitializing
resolving types
initializing
executing number 1
wrapping up
idle
2 ms. Memory: 146944K Free: 127948K (87%)
Completed execution with 4 iterations
preinitializing
resolving types
initializing
executing number 1
wrapping up
idle
2 ms. Memory: 146944K Free: 126744K (86%)
Completed execution with 4 iterations
preinitializing
resolving types
initializing
executing number 1
wrapping up
idle
12 ms. Memory: 146944K Free: 126744K (86%)
Completed execution with 4 iterations
/home/travis/build/icyphy/ptII/ptolemy/actor/lib/test/Distributor.tcl
6 ms. Memory: 146944K Free: 125541K (85%)
10 ms. Memory: 146944K Free: 124321K (85%)
StreamChangeRequest.changeExecuted(): <deleteEntity name="rec2"/> succeeded
StreamChangeRequest.changeExecuted(): <deleteRelation name="r2"/> succeeded
StreamChangeRequest.changeExecuted(): Record firings per iteration succeeded
4 ms. Memory: 146944K Free: 121898K (83%)
/home/travis/build/icyphy/ptII/ptolemy/actor/lib/test/Exit.tcl
Exit.tcl: this will print a message about Manager.exitAfterWrapup, which can be ignored.
4 ms. Memory: 146944K Free: 118877K (81%)


==== $PTII/ptolemy/actor/lib/test/Exit.tcl: Exit-1.1 
==== Contents of test case:

    # StringUtilities.exit() checks this property.
    java::call System setProperty ptolemy.ptII.doNotExit ""
    # The Manager uses this property to help us test the Exit actor.
    java::call System setProperty ptolemy.ptII.exitAfterWrapup true

    #puts "Exit.tcl: properties:"
    #set properties [java::call System getProperties]
    #puts [$properties toString]

    puts "Exit.tcl: this will print a message about Manager.exitAfterWrapup, which can be ignored."
    catch {java::new ptolemy.actor.gui.MoMLSimpleApplication Exit.xml} errMsg
    java::call System setProperty ptolemy.ptII.doNotExit true
    list $errMsg

==== Result was:
{java.lang.RuntimeException: StringUtilities.exit() was called. Normally, we would exit here because Manager.exitAfterWrapup() was called.  However, because the ptolemy.ptII.exitAfterWrapup property is set, we throw this exception instead.}
---- Result should have been:
{java.lang.RuntimeException: Normally, we would exit here because Manager.exitAfterWrapup() was called.  However, because the ptolemy.ptII.exitAfterWrapup property is set, we throw this exception instead.}
---- Exit-1.1 FAILED
/home/travis/build/icyphy/ptII/ptolemy/actor/lib/test/Expression.tcl
9 ms. Memory: 146944K Free: 115233K (78%)
10 ms. Memory: 146944K Free: 114030K (78%)
1 ms. Memory: 146944K Free: 112826K (77%)
preinitializing
resolving types
initializing
executing number 1
wrapping up
idle
5 ms. Memory: 146944K Free: 111623K (76%)
Completed execution with 6 iterations
3 ms. Memory: 146944K Free: 111623K (76%)
3 ms. Memory: 146944K Free: 110419K (75%)
4 ms. Memory: 146944K Free: 109216K (74%)
3 ms. Memory: 146944K Free: 108012K (74%)
3 ms. Memory: 146944K Free: 106809K (73%)
/home/travis/build/icyphy/ptII/ptolemy/actor/lib/test/Gaussian.tcl
12 ms. Memory: 146944K Free: 104402K (71%)
sleeping 1 seconds: .................................................................................................................................................................................................................................................................................................................................................................................................................................................................................................................................................................................................................................................................................................................................................................................................................................................................................................................................................................................................................................................................................................................................................................................................................................................................................................................................................................................................................................................................................................................................................................................................................................................................................................................................................................................................................................................................................................................................................................................................................................................................................................................................................................................................................................................................................................................................................................................................................................................................................................................................................................................................................................................................................................................................................................................................................................................................................................................................................................................................................................................................................................................................................................................................................................................................................................................................................................................................................................................................................................................................................................................................................................................................................................................................................................................................................................................................................................................................................................................................................................................................................................................................................................................................................................................................................................................................................................................................................................................................................................................................................................................................................................................................................................................................................................................................................................................................................................................................................................................................................................................................................................................................................................................................................................................................................................................................................................................................................................................................................................................................................................................................................................................................................................................................................................................................................................................................................................................................................................................................................................................................................................................................................................................................................................................................................................................................................................................................................................................................................................................................................................................................................................................................................................................................................................................................................................................................................................................................................................................................................................................................................................................................................................................................................................................................................................................................................................................................................................................................................................................................................................................................................................................................................................................................................................................................................................................................................................................................................................................................................................................................................................................................................................................................................................................................................................................................................................................................................................................................................................................................................................................................................................................................................................................................................................................................................................................................................................................................................................................................................................................................................................................................................................................................................................................................................................................................................................................................................................................................................................................................................................................................................................................................................................................................................................................................................................................................................................................................................................................................................................................................................................................................................................................................................................................................................................................................................................................................................................................................................................................................................................................................................................................................................................................................................................................................................................................................................................................................................................................................................................................................................................................................................................................................................................................................................................................................................................................................................................................................................................................................................................................................................................................................................................................................................................................................................................................................................................................................................................................................................................................................................................................................................................................................................................................................................................................................................................................................................................................................................................................................................................................................................................................................................................................................................................................................................................................................................................................................................................................................................................................................................................................................................................................................................................................................................................................................................................................................................................................................................................................................................................................................................................................................................................................................................................................................................................................................................................................................................................................................................................................................................................................................................................................................................................................................................................................................................................................................................................................................................................................................................................................................................................................................................................................................................................................................................................................................................................................................................................................................................................................................................................................................................................................................................................................................................................................................................................................................................................................................................................................................................................................................................................................................................................................................................................................................................................................................................................................................................................................................................................................................................................................................................................................................................................................................................................................................................................................................................................................................................................................................................................................................................................................................................................................................................................................................................................................................................................................................................................................................................................................................................................................................................................................................................................................................................................................................................................................................................................................................................................................................................................................................................................................................................................................................................................................................................................................................................................................................................................................................................................................................................................................................................................................................................................................................................................................................................................................................................................................................................................................................................................................................................................................................................................................................................................................................................................................................................................................................................................................................................................................................................................................................................................................................................................................................................................................................................................................................................................................................................................................................................................................................................................................................................................................................................................................................................................................................................................................................................................................................................................................................................................................................................................................................................................................................................................................................................................................................................................................................................................................................................................................................................................................................................................................................................................................................................................................................................................................................................................................................................................................................................................................................................................................................................................................................................................................................................................................................................................................................................................................................................................................................................................................................................................................................................................................................................................................................................................................................................................................................................................................................................................................................................................................................................................................................................................................................................................................................................................................................................................................................................................................................................................................................................................................................................................................................................................................................................................................................................................................................................................................................................................................................................................................................................................................................................................................................................................................................................................................................................................................................................................................................................................................................................................................................................................................................................................................................................................................................................................................................................................................................................................................................................................................................................................................................................................................................................................................................................................................................................................................................................................................................................................................................................................................................................................................................................................................................................................................................................................................................................................................................................................................................................................................................................................................................................................................................................................................................................................................................................................................................................................................................................................................................................................................................................................................................................................................................................................................................................................................................................................................................................................................................................................................................................................................................................................................................................................................................................................................................................................................................................................................................................................................................................................................................................................................................................................................................................................................................................................................................................................................................................................................................................................................................................................................................................................................................................................................................................................................................................................................................................................................................................................................................................................................................................................................................................................................................................................................................................................................................................................................................................................................................................................................................................................................................................................................................................................................................................................................................................................................................................................................................................................................................................................................................................................................................................................................................................................................................................................................................................................................................................................................................................................................................................................................................................................................................................................................................................................................................................................................................................................................................................................................................................................................................................................................................................................................................................................................................................................................................................................................................................................................................................................................................................................................................................................................................................................................................................................................................................................................................................................................................................................................................................................................................................................................................................................................................................................................................................................................................................................................................................................................................................................................................................................................................................................................................................................................................................................................................................................................................................................................................................................................................................................................................................................................................................................................................................................................................................................................................................................................................................................................................................................................................................................................................................................................................................................................................................................................................................................................................................................................................................................................................................................................................................................................................................................................................................................................................................................................................................................................................................................................................................................................................................................................................................................................................................................................................................................................................................................................................................................................................................................................................................................................................................................................................................................................................................................................................................................................................................................................................................................................................................................................................................................................................................................................................................................................................................................................................................................................................................................................................................................................................................................................................................................................................................................................................................................................................................................................................................................................................................................................................................................................................................................................................................................................................................................................................................................................................................................................................................................................................................................................................................................................................................................................................................................................................................................................................................................................................................................................................................................................................................................................................................................................................................................................................................................................................................................................................................................................................................................................................................................................................................................................................................................................................................................................................................................................................................................................................................................................................................................................................................................................................................................................................................................................................................................................................................................................................................................................................................................................................................................................................................................................................................................................................................................................................................................................................................................................................................................................................................................................................................................................................................................................................................................................................................................................................................................................................................................................................................................................................................................................................................................................................................................................................................................................................................................................................................................................................................................................................................................................................................................................................................................................................................................................................................................................................................................................................................................................................................................................................................................................................................................................................................................................................................................................................................................................................................................................................................................................................................................................................................................................................................................................................................................................................................................................................................................................................................................................................................................................................................................................................................................................................................................................................................................................................................................................................................................................................................................................................................................................................................................................................................................................................................................................................................................................................................................................................................................................................................................................................................................................................................................................................................................................................................................................................................................................................................................................................................................................................................................................................................................................................................................................................................................................................................................................................................................................................................................................................................................................................................................................................................................................................................................................................................................................................................................................................................................................................................................................................................................................................................................................................................................................................................................................................................................................................................................................................................................................................................................................................................................................................................................................................................................................................................................................................................................................................................................................................................................................................................................................................................................................................................................................................................................................................................................................................................................................................................................................................................................................................................................................................................................................................................................................................................................................................................................................................................................................................................................................................................................................................................................................................................................................................................................................................................................................................................................................................................................................................................................................................................................................................................................................................................................................................................................................................................................................................................................................................................................................................................................................................................................................................................................................................................................................................................................................................................................................................................................................................................................................................................................................................................................................................................................................................................................................................................................................................................................................................................................................................................................................................................................................................................................................................................................................................................................................................................................................................................................................................................................................................................................................................................................................................................................................................................................................................................................................................................................................................................................................................................................................................................................................................................................................................................................................................................................................................................................................................................................................................................................................................................................................................................................................................................................................................................................................................................................................................................................................................................................................................................................................................................................................................................................................................................................................................................................................................................................................................................................................................................................................................................................................................................................................................................................................................................................................................................................................................................................................................................................................................................................................................................................................................................................................................................................................................................................................................................................................................................................................................................................................................................................................................................................................................................................................................................................................................................................................................................................................................................................................................................................................................................................................................................................................................................................................................................................................................................................................................................................................................................................................................................................................................................................................................................................................................................................................................................................................................................................................................................................................................................................................................................................................................................................................................................................................................................................................................................................................................................................................................................................................................................................................................................................................................................................................................................................................................................................................................................................................................................................................................................................................................................................................................................................................................................................................................................................................................................................................................................................................................................................................................................................................................................................................................................................................................................................................................................................................................................................................................................................................................................................................................................................................................................................................................................................................................................................................................................................................................................................................................................................................................................................................................................................................................................................................................................................................................................................................................................................................................................................................................................................................................................................................................................................................................................................................................................................................................................................................................................................................................................................................................................................................................................................................................................................................................................................................................................................................................................................................................................................................................................................................................................................................................................................................................................................................................................................................................................................................................................................................................................................................................................................................................................................................................................................................................................................................................................................................................................................................................................................................................................................................................................................................................................................................................................................................................................................................................................................................................................................................................................................................................................................................................................................................................................................................................................................................................................................................................................................................................................................................................................................................................................................................................................................................................................................................................................................................................................................................................................................................................................................................................................................................................................................................................................................................................................................................................................................................................................................................................................................................................................................................................................................................................................................................................................................................................................................................................................................................................................................................................................................................................................................................................................................................................................................................................................................................................................................................................................................................................................................................................................................................................................................................................................................................................................................................................................................................................................................................................................................................................................................................................................................................................................................................................................................................................................................................................................................................................................................................................................................................................................................................................................................................................................................................................................................................................................................................................................................................................................................................................................................................................................................................................................................................................................................................................................................................................................................................................................................................................................................................................................................................................................................................................................................................................................................................................................................................................................................................................................................................................................................................................................................................................................................................................................................................................................................................................................................................................................................................................................................................................................................................................................................................................................................................................................................................................................................................................................................................................................................................................................................................................................................................................................................................................................................................................................................................................................................................................................................................................................................................................................................................................................................................................................................................................................................................................................................................................................................................................................................................................................................................................................................................................................................................................................................................................................................................................................................................................................................................................................................................................................................................................................................................................................................................................................................................................................................................................................................................................................................................................................................................................................................................................................................................................................................................................................................................................................................................................................................................................................................................................................................................................................................................................................................................................................................................................................................................................................................................................................................................................................................................................................................................................................................................................................................................................................................................................................................................................................................................................................................................................................................................................................................................................................................................................................................................................................................................................................................................................................................................................................................................................................................................................................................................................................................................................................................................................................................................................................................................................................................................................................................................................................................................................................................................................................................................................................................................................................................................................................................................................................................................................................................................................................................................................................................................................................................................................................................................................................................................................................................................................................................................................................................................................................................................................................................................................................................................................................................................................................................................................................................................................................................................................................................................................................................................................................................................................................................................................................................................................................................................1 ms. Memory: 208384K Free: 130238K (62%)
2 ms. Memory: 208384K Free: 127824K (61%)
2 ms. Memory: 208384K Free: 127824K (61%)
2 ms. Memory: 208384K Free: 127824K (61%)
2 ms. Memory: 208384K Free: 127824K (61%)
/home/travis/build/icyphy/ptII/ptolemy/actor/lib/test/IIR.tcl
/home/travis/build/icyphy/ptII/ptolemy/actor/lib/test/Interpolator.tcl
3 ms. Memory: 208384K Free: 122996K (59%)
1 ms. Memory: 208384K Free: 122996K (59%)
1 ms. Memory: 208384K Free: 122996K (59%)
1 ms. Memory: 208384K Free: 120582K (58%)
2 ms. Memory: 208384K Free: 120582K (58%)
2 ms. Memory: 208384K Free: 120582K (58%)
2 ms. Memory: 208384K Free: 118168K (57%)
2 ms. Memory: 208384K Free: 118168K (57%)
2 ms. Memory: 208384K Free: 118168K (57%)
3 ms. Memory: 208384K Free: 115754K (56%)
/home/travis/build/icyphy/ptII/ptolemy/actor/lib/test/MathFunction.tcl
3 ms. Memory: 208384K Free: 113339K (54%)
2 ms. Memory: 208384K Free: 113339K (54%)
1 ms. Memory: 208384K Free: 110925K (53%)
2 ms. Memory: 208384K Free: 110925K (53%)
3 ms. Memory: 208384K Free: 108512K (52%)
5 ms. Memory: 208384K Free: 108512K (52%)
/home/travis/build/icyphy/ptII/ptolemy/actor/lib/test/Maximum.tcl
3 ms. Memory: 208384K Free: 106098K (51%)
2 ms. Memory: 208384K Free: 106098K (51%)
2 ms. Memory: 208384K Free: 103684K (50%)
2 ms. Memory: 208384K Free: 103684K (50%)
/home/travis/build/icyphy/ptII/ptolemy/actor/lib/test/Minimum.tcl
4 ms. Memory: 208384K Free: 101270K (49%)
4 ms. Memory: 208384K Free: 101270K (49%)
2 ms. Memory: 208384K Free: 101270K (49%)
7 ms. Memory: 208384K Free: 98856K (47%)
/home/travis/build/icyphy/ptII/ptolemy/actor/lib/test/MultiplyDivide.tcl
4 ms. Memory: 208384K Free: 98856K (47%)
2 ms. Memory: 208384K Free: 96442K (46%)
7 ms. Memory: 208384K Free: 96442K (46%)
2 ms. Memory: 208384K Free: 96442K (46%)
2 ms. Memory: 208384K Free: 94028K (45%)
/home/travis/build/icyphy/ptII/ptolemy/actor/lib/test/OrderedMerge.tcl
Connections changed on port: inputA
Connections changed on port: inputB
Connections changed on port: output
Connections changed on port: output
Connections changed on port: output
Connections changed on port: input
.top. Preinitializing ...
Invoking preinitialize():  .top.OrderedMerge
Called preinitialize()
Invoking preinitialize():  .top.Ramp
Called preinitialize()
Invoking preinitialize():  .top.Ramp2
Called preinitialize()
Invoking preinitialize():  .top.Test
Called preinitialize()
Connections changed on port: inputA
Connections changed on port: output
Connections changed on port: output
Connections changed on port: input
Connections changed on port: inputB
Connections changed on port: output
.top. Finished preinitialize().
Called initialize().
Invoking initialize():  .top.OrderedMerge
Initializing actor: .top.OrderedMerge
Adding a thread: .top.OrderedMerge
Invoking initialize():  .top.Ramp
Initializing actor: .top.Ramp
Adding a thread: .top.Ramp
Invoking initialize():  .top.Ramp2
Initializing actor: .top.Ramp2
Adding a thread: .top.Ramp2
Invoking initialize():  .top.Test
Initializing actor: .top.Test
Adding a thread: .top.Test
-- Starting thread.
Called initialize()
Called prefire()
Called fire()
-- Starting thread.
Called initialize()
Called prefire()
Called fire()
Called postfire()
Called prefire()
Called fire()
-- Starting thread.
Called initialize()
Called prefire()
Called fire()
Called postfire()
Called prefire()
Called fire()
Called fire().
Checking for deadlock:
There are 3 Blocked actors, 0 Stopped actors, and 4 active threads.
Waiting for actors to stop.
-- Starting thread.
Called initialize()
Called prefire()
Called fire()
Checking for deadlock:
There are 2 Blocked actors, 0 Stopped actors, and 4 active threads.
Waiting for actors to stop.
Read input token from inputA with value 0.0
Next port to read input from is inputB
Called postfire()
Called prefire()
Called fire()
Called postfire()
Called prefire()
Called fire()
Checking for deadlock:
There are 2 Blocked actors, 0 Stopped actors, and 4 active threads.
Waiting for actors to stop.
Read input token from inputB with value 0.0
-- Read input: 0.0, which is expected to match: 0.0
Called prefire()
Called fire()
Checking for deadlock:
There are 2 Blocked actors, 0 Stopped actors, and 4 active threads.
Waiting for actors to stop.
Sent output token with value 0.0
Next port to read input from is inputA
Called postfire()
Called prefire()
Called fire()
Read input token from inputA with value 1.0
Checking for deadlock:
There are 1 Blocked actors, 0 Stopped actors, and 4 active threads.
Waiting for actors to stop.
-- Read input: 0.0, which is expected to match: 0.0
Called prefire()
Called fire()
Checking for deadlock:
There are 2 Blocked actors, 0 Stopped actors, and 4 active threads.
Waiting for actors to stop.
Sent output token with value 0.0
Next port to read input from is inputB
Called postfire()
Called prefire()
Called fire()
Called postfire()
Called prefire()
Called fire()
Checking for deadlock:
There are 2 Blocked actors, 0 Stopped actors, and 4 active threads.
Waiting for actors to stop.
Read input token from inputB with value 1.5
-- Read input: 1.0, which is expected to match: 1.0
Called prefire()
Called fire()
Checking for deadlock:
There are 2 Blocked actors, 0 Stopped actors, and 4 active threads.
Waiting for actors to stop.
Sent output token with value 1.0
Next port to read input from is inputA
Called postfire()
Called prefire()
Called fire()
Checking for deadlock:
There are 3 Blocked actors, 0 Stopped actors, and 4 active threads.
Waiting for actors to stop.
Called postfire()
Called prefire()
Called fire()
Checking for deadlock:
There are 2 Blocked actors, 0 Stopped actors, and 4 active threads.
Waiting for actors to stop.
Called postfire()
Called prefire()
Called fire()
Checking for deadlock:
There are 3 Blocked actors, 0 Stopped actors, and 4 active threads.
Waiting for actors to stop.
Checking for deadlock:
There are 2 Blocked actors, 0 Stopped actors, and 4 active threads.
Waiting for actors to stop.
Called postfire()
Called prefire()
Called fire()
Checking for deadlock:
There are 3 Blocked actors, 0 Stopped actors, and 4 active threads.
Waiting for actors to stop.
Read input token from inputA with value 2.0
-- Read input: 1.5, which is expected to match: 1.5
Called prefire()
Called fire()
Checking for deadlock:
There are 3 Blocked actors, 0 Stopped actors, and 4 active threads.
Waiting for actors to stop.
Sent output token with value 1.5
Next port to read input from is inputB
Called postfire()
Called prefire()
Called fire()
Called postfire()
Called prefire()
Called fire()
Checking for deadlock:
There are 3 Blocked actors, 0 Stopped actors, and 4 active threads.
Waiting for actors to stop.
Read input token from inputB with value 3.0
-- Read input: 2.0, which is expected to match: 2.0
Called prefire()
Called fire()
Checking for deadlock:
There are 3 Blocked actors, 0 Stopped actors, and 4 active threads.
Waiting for actors to stop.
Sent output token with value 2.0
Next port to read input from is inputA
Called postfire()
Called prefire()
Called fire()
Called postfire()
Called prefire()
Called fire()
Checking for deadlock:
There are 3 Blocked actors, 0 Stopped actors, and 4 active threads.
Waiting for actors to stop.
Read input token from inputA with value 3.0
-- Read input: 3.0, which is expected to match: 3.0
Called prefire()
Called fire()
Checking for deadlock:
There are 3 Blocked actors, 0 Stopped actors, and 4 active threads.
Waiting for actors to stop.
Sent output token with value 3.0
Next port to read input from is inputB
Called postfire()
Called prefire()
Called fire()
Called postfire()
Called prefire()
Called fire()
Checking for deadlock:
There are 3 Blocked actors, 0 Stopped actors, and 4 active threads.
Waiting for actors to stop.
Read input token from inputB with value 4.5
-- Read input: 3.0, which is expected to match: 3.0
Called prefire()
Called fire()
Checking for deadlock:
There are 3 Blocked actors, 0 Stopped actors, and 4 active threads.
Waiting for actors to stop.
Sent output token with value 3.0
Next port to read input from is inputA
Called postfire()
Called prefire()
Called fire()
Called postfire()
Called prefire()
Called fire()
Checking for deadlock:
There are 3 Blocked actors, 0 Stopped actors, and 4 active threads.
Waiting for actors to stop.
Read input token from inputA with value 4.0
-- Read input: 4.0, which is expected to match: 4.0
Called prefire()
Called fire()
Past the end of training data. Read and discard all inputs.
Checking for deadlock:
There are 3 Blocked actors, 0 Stopped actors, and 4 active threads.
Waiting for actors to stop.
Sent output token with value 4.0
Next port to read input from is inputA
Called postfire()
Called prefire()
Called fire()
Called postfire()
Called prefire()
Called fire()
Checking for deadlock:
There are 3 Blocked actors, 0 Stopped actors, and 4 active threads.
Waiting for actors to stop.
Read input token from inputA with value 5.0
Called prefire()
Called fire()
Checking for deadlock:
There are 2 Blocked actors, 0 Stopped actors, and 4 active threads.
Waiting for actors to stop.
Sent output token with value 4.5
Next port to read input from is inputB
Called postfire()
Called prefire()
Called fire()
Called postfire()
Called prefire()
Called fire()
Checking for deadlock:
There are 2 Blocked actors, 0 Stopped actors, and 4 active threads.
Waiting for actors to stop.
Read input token from inputB with value 6.0
Sent output token with value 5.0
Next port to read input from is inputA
Called postfire()
Called prefire()
Called fire()
Called postfire()
Called prefire()
Called fire()
Checking for deadlock:
There are 2 Blocked actors, 0 Stopped actors, and 4 active threads.
Waiting for actors to stop.
Read input token from inputA with value 6.0
Checking for deadlock:
There are 3 Blocked actors, 0 Stopped actors, and 4 active threads.
Waiting for actors to stop.
Past the end of training data. Read and discard all inputs.
Called prefire()
Called fire()
Past the end of training data. Read and discard all inputs.
Checking for deadlock:
There are 3 Blocked actors, 0 Stopped actors, and 4 active threads.
Waiting for actors to stop.
Checking for deadlock:
There are 2 Blocked actors, 0 Stopped actors, and 4 active threads.
Waiting for actors to stop.
Called prefire()
Called fire()
Past the end of training data. Read and discard all inputs.
Sent output token with value 6.0
Checking for deadlock:
There are 3 Blocked actors, 0 Stopped actors, and 4 active threads.
Waiting for actors to stop.
Next port to read input from is inputB
Called postfire()
Called prefire()
Called fire()
Called postfire()
Called prefire()
Read input token from inputB with value 7.5
Called fire()
Checking for deadlock:
There are 1 Blocked actors, 0 Stopped actors, and 4 active threads.
Sent output token with value 6.0
Waiting for actors to stop.
Next port to read input from is inputA
Called postfire()
Called prefire()
Called prefire()
Called fire()
Called fire()
Past the end of training data. Read and discard all inputs.
Read input token from inputA with value 7.0
Called postfire()
Called prefire()
Sent output token with value 7.0
Called fire()
Next port to read input from is inputA
Called postfire()
Called prefire()
Called fire()
Checking for deadlock:
There are 2 Blocked actors, 0 Stopped actors, and 4 active threads.
Waiting for actors to stop.
Called prefire()
Called fire()
Past the end of training data. Read and discard all inputs.
Checking for deadlock:
There are 2 Blocked actors, 0 Stopped actors, and 4 active threads.
Waiting for actors to stop.
Read input token from inputA with value 8.0
-- Thread wrapup() called.
Checking for deadlock:
Called wrapup()
There are 1 Blocked actors, 0 Stopped actors, and 4 active threads.
Waiting for actors to stop.
Thread .top.Ramp is exiting.
-- Thread stopped.
Sent output token with value 7.5
Next port to read input from is inputB
Called postfire()
Called prefire()
Called fire()
Read input token from inputB with value 9.0
Called postfire()
Called prefire()
Called fire()
Called prefire()
Called fire()
Past the end of training data. Read and discard all inputs.
Checking for deadlock:
There are 2 Blocked actors, 0 Stopped actors, and 3 active threads.
Waiting for actors to stop.
Checking for deadlock:
There are 1 Blocked actors, 0 Stopped actors, and 3 active threads.
Waiting for actors to stop.
Called prefire()
Called fire()
Past the end of training data. Read and discard all inputs.
Checking for deadlock:
There are 2 Blocked actors, 0 Stopped actors, and 3 active threads.
Waiting for actors to stop.
Sent output token with value 8.0
Next port to read input from is inputA
Called postfire()
Called prefire()
Called fire()
Read input token from inputA with value 9.0
Checking for deadlock:
There are 1 Blocked actors, 0 Stopped actors, and 3 active threads.
Waiting for actors to stop.
Called prefire()
Called fire()
Sent output token with value 9.0
Past the end of training data. Read and discard all inputs.
Checking for deadlock:
There are 2 Blocked actors, 0 Stopped actors, and 3 active threads.
Waiting for actors to stop.
Next port to read input from is inputB
Called postfire()
Called prefire()
Called fire()
Checking for deadlock:
There are 1 Blocked actors, 0 Stopped actors, and 3 active threads.
Waiting for actors to stop.
Read input token from inputB with value 10.5
Called postfire()
Called prefire()
Called fire()
Sent output token with value 9.0
Checking for deadlock:
There are 1 Blocked actors, 0 Stopped actors, and 3 active threads.
Called prefire()
Waiting for actors to stop.
Called fire()
Past the end of training data. Read and discard all inputs.
Checking for deadlock:
There are 2 Blocked actors, 0 Stopped actors, and 3 active threads.
Waiting for actors to stop.
Next port to read input from is inputA
Called postfire()
Called prefire()
Called fire()
Checking for deadlock:
There are 3 Blocked actors, 0 Stopped actors, and 3 active threads.
Actors have stopped.
Checking for deadlock:
There are 3 Blocked actors, 0 Stopped actors, and 3 active threads.
Deadlock detected.
Resolving Deadlock
Checking for deadlock:
There are 3 Blocked actors, 0 Stopped actors, and 3 active threads.
Artificial Deadlock - increasing queue capacity.
increasing the capacity of receiver ptolemy.actor.TypedIOPort {.top.OrderedMerge.inputB} to 2
Director: Called postfire().
Called postfire().
_stopRequested = false
_stopFireRequested = false
Returning from postfire(): true
Called fire().
Checking for deadlock:
There are 2 Blocked actors, 0 Stopped actors, and 3 active threads.
Waiting for actors to stop.
-- Thread wrapup() called.
Called wrapup()
Thread .top.Ramp2 is exiting.
-- Thread stopped.
Checking for deadlock:
There are 2 Blocked actors, 0 Stopped actors, and 2 active threads.
Actors have stopped.
Checking for deadlock:
There are 2 Blocked actors, 0 Stopped actors, and 2 active threads.
Deadlock detected.
Resolving Deadlock
Checking for deadlock:
There are 2 Blocked actors, 0 Stopped actors, and 2 active threads.
Deadlock detected: no processes blocked on write, but some are blocked on read.
Called postfire().
_stopRequested = false
_stopFireRequested = false
Returning from postfire(): false
Finished deactivating branches.
Called wrapup().
-- Thread wrapup() called.
Called wrapup()
Thread .top.OrderedMerge is exiting.
-- Thread stopped.
-- Blocked Receiver call threw TerminateProcessException.
-- Thread wrapup() called.
Called wrapup()
Thread .top.Test is exiting.
-- Thread stopped.
-- Blocked Receiver call threw TerminateProcessException.
32 ms. Memory: 208384K Free: 89113K (43%)
.top. Preinitializing ...
Invoking preinitialize():  .top.OrderedMerge
Called preinitialize()
Invoking preinitialize():  .top.Ramp
Called preinitialize()
Invoking preinitialize():  .top.Ramp2
Called preinitialize()
Invoking preinitialize():  .top.Test
Called preinitialize()
.top. Finished preinitialize().
Called initialize().
Invoking initialize():  .top.OrderedMerge
Initializing actor: .top.OrderedMerge
Adding a thread: .top.OrderedMerge
Invoking initialize():  .top.Ramp
Initializing actor: .top.Ramp
Adding a thread: .top.Ramp
Invoking initialize():  .top.Ramp2
Initializing actor: .top.Ramp2
Adding a thread: .top.Ramp2
Invoking initialize():  .top.Test
Initializing actor: .top.Test
Adding a thread: .top.Test
-- Starting thread.
Called initialize()
Called prefire()
Called fire()
-- Starting thread.
Called initialize()
Called prefire()
Called fire()
Called postfire()
Called prefire()
Called fire()
Called fire().
Checking for deadlock:
-- Starting thread.
There are 2 Blocked actors, 0 Stopped actors, and 4 active threads.
Waiting for actors to stop.
Called initialize()
Called prefire()
Called fire()
Called postfire()
Called prefire()
Called fire()
Checking for deadlock:
There are 3 Blocked actors, 0 Stopped actors, and 4 active threads.
Waiting for actors to stop.
-- Starting thread.
Called initialize()
Called prefire()
Called fire()
Checking for deadlock:
There are 2 Blocked actors, 0 Stopped actors, and 4 active threads.
Waiting for actors to stop.
Read input token from inputA with value 0.0
Called postfire()
Called prefire()
Called fire()
Checking for deadlock:
There are 3 Blocked actors, 0 Stopped actors, and 4 active threads.
Next port to read input from is inputB
Called postfire()
Called prefire()
Called fire()
Waiting for actors to stop.
Checking for deadlock:
There are 2 Blocked actors, 0 Stopped actors, and 4 active threads.
Waiting for actors to stop.
Called postfire()
Called prefire()
Called fire()
Checking for deadlock:
There are 3 Blocked actors, 0 Stopped actors, and 4 active threads.
Waiting for actors to stop.
Read input token from inputB with value 0.0
Sent output token with value 0.0
-- Read input: 0.0, which is expected to match: 0.0
Next port to read input from is inputA
Called postfire()
Called prefire()
Checking for deadlock:
Called prefire()
There are 2 Blocked actors, 0 Stopped actors, and 4 active threads.
Waiting for actors to stop.
Called fire()
Called fire()
Checking for deadlock:
There are 1 Blocked actors, 0 Stopped actors, and 4 active threads.
Waiting for actors to stop.
Called postfire()
Checking for deadlock:
There are 2 Blocked actors, 0 Stopped actors, and 4 active threads.
Waiting for actors to stop.
Read input token from inputA with value 1.0
Called prefire()
Called fire()
Checking for deadlock:
There are 2 Blocked actors, 0 Stopped actors, and 4 active threads.
Waiting for actors to stop.
Sent output token with value 0.0
-- Read input: 0.0, which is expected to match: 0.0
Called prefire()
Called fire()
Next port to read input from is inputB
Called postfire()
Called prefire()
Called fire()
Checking for deadlock:
There are 3 Blocked actors, 0 Stopped actors, and 4 active threads.
Waiting for actors to stop.
Checking for deadlock:
There are 2 Blocked actors, 0 Stopped actors, and 4 active threads.
Waiting for actors to stop.
Called postfire()
Called prefire()
Called fire()
Checking for deadlock:
There are 3 Blocked actors, 0 Stopped actors, and 4 active threads.
Waiting for actors to stop.
Read input token from inputB with value 1.5
Checking for deadlock:
There are 2 Blocked actors, 0 Stopped actors, and 4 active threads.
Sent output token with value 1.0
Waiting for actors to stop.
Next port to read input from is inputA
Called postfire()
Called prefire()
-- Read input: 1.0, which is expected to match: 1.0
Called fire()
Called prefire()
Called fire()
Checking for deadlock:
There are 2 Blocked actors, 0 Stopped actors, and 4 active threads.
Waiting for actors to stop.
Called postfire()
Called prefire()
Called fire()
Read input token from inputA with value 2.0
Checking for deadlock:
There are 2 Blocked actors, 0 Stopped actors, and 4 active threads.
Waiting for actors to stop.
Sent output token with value 1.5
-- Read input: 1.5, which is expected to match: 1.5
Called prefire()
Called fire()
Checking for deadlock:
There are 3 Blocked actors, 0 Stopped actors, and 4 active threads.
Waiting for actors to stop.
Next port to read input from is inputB
Called postfire()
Called prefire()
Called fire()
Called postfire()
Checking for deadlock:
Called prefire()
There are 2 Blocked actors, 0 Stopped actors, and 4 active threads.
Called fire()
Waiting for actors to stop.
Checking for deadlock:
There are 3 Blocked actors, 0 Stopped actors, and 4 active threads.
Waiting for actors to stop.
Read input token from inputB with value 3.0
Checking for deadlock:
Sent output token with value 2.0
There are 2 Blocked actors, 0 Stopped actors, and 4 active threads.
Waiting for actors to stop.
Next port to read input from is inputA
Called postfire()
-- Read input: 2.0, which is expected to match: 2.0
Called prefire()
Called fire()
Called prefire()
Called fire()
Checking for deadlock:
There are 2 Blocked actors, 0 Stopped actors, and 4 active threads.
Waiting for actors to stop.
Called postfire()
Read input token from inputA with value 3.0
Called prefire()
Called fire()
Checking for deadlock:
There are 3 Blocked actors, 0 Stopped actors, and 4 active threads.
Waiting for actors to stop.
Sent output token with value 3.0
-- Read input: 3.0, which is expected to match: 3.0
Called prefire()
Called fire()
Next port to read input from is inputB
Called postfire()
Called prefire()
Called fire()
Checking for deadlock:
There are 3 Blocked actors, 0 Stopped actors, and 4 active threads.
Waiting for actors to stop.
Called postfire()
Called prefire()
Called fire()
Checking for deadlock:
There are 3 Blocked actors, 0 Stopped actors, and 4 active threads.
Waiting for actors to stop.
Read input token from inputB with value 4.5
Sent output token with value 3.0
-- Read input: 3.0, which is expected to match: 3.0
Called prefire()
Next port to read input from is inputA
Called fire()
Called postfire()
Called prefire()
Called fire()
Checking for deadlock:
There are 2 Blocked actors, 0 Stopped actors, and 4 active threads.
Waiting for actors to stop.
Read input token from inputA with value 4.0
Called postfire()
Called prefire()
Called fire()
Sent output token with value 4.0
Next port to read input from is inputA
Called postfire()
Called prefire()
Called fire()
-- Read input: 4.0, which is expected to match: 4.0
Called prefire()
Called fire()
Read input token from inputA with value 5.0
Past the end of training data. Read and discard all inputs.
Checking for deadlock:
There are 1 Blocked actors, 0 Stopped actors, and 4 active threads.
Waiting for actors to stop.
Called prefire()
Called fire()
Past the end of training data. Read and discard all inputs.
Sent output token with value 4.5
Next port to read input from is inputB
Called postfire()
Called prefire()
Called postfire()
Called prefire()
Called fire()
Called fire()
Checking for deadlock:
There are 2 Blocked actors, 0 Stopped actors, and 4 active threads.
Waiting for actors to stop.
Checking for deadlock:
There are 2 Blocked actors, 0 Stopped actors, and 4 active threads.
Waiting for actors to stop.
Called postfire()
Called prefire()
Read input token from inputB with value 6.0
Called fire()
Checking for deadlock:
Called prefire()
There are 2 Blocked actors, 0 Stopped actors, and 4 active threads.
Called fire()
Waiting for actors to stop.
Past the end of training data. Read and discard all inputs.
Checking for deadlock:
There are 3 Blocked actors, 0 Stopped actors, and 4 active threads.
Waiting for actors to stop.
Sent output token with value 5.0
Next port to read input from is inputA
Called postfire()
Called prefire()
Called fire()
Called postfire()
Called prefire()
Called fire()
Checking for deadlock:
There are 3 Blocked actors, 0 Stopped actors, and 4 active threads.
Waiting for actors to stop.
Read input token from inputA with value 6.0
Sent output token with value 6.0
Called prefire()
Called fire()
Past the end of training data. Read and discard all inputs.
Next port to read input from is inputB
Checking for deadlock:
Called postfire()
There are 3 Blocked actors, 0 Stopped actors, and 4 active threads.
Called prefire()
Waiting for actors to stop.
Called fire()
Called postfire()
Called prefire()
Called fire()
Read input token from inputB with value 7.5
Checking for deadlock:
There are 3 Blocked actors, 0 Stopped actors, and 4 active threads.
Waiting for actors to stop.
Called prefire()
Sent output token with value 6.0
Called fire()
Past the end of training data. Read and discard all inputs.
Next port to read input from is inputA
Called postfire()
Called prefire()
Checking for deadlock:
There are 3 Blocked actors, 0 Stopped actors, and 4 active threads.
Waiting for actors to stop.
Called fire()
Read input token from inputA with value 7.0
Called postfire()
Called prefire()
Called fire()
Sent output token with value 7.0
Next port to read input from is inputA
Called postfire()
Checking for deadlock:
There are 2 Blocked actors, 0 Stopped actors, and 4 active threads.
Waiting for actors to stop.
Called prefire()
Called fire()
Past the end of training data. Read and discard all inputs.
Called prefire()
Called fire()
Checking for deadlock:
There are 3 Blocked actors, 0 Stopped actors, and 4 active threads.
Waiting for actors to stop.
Read input token from inputA with value 8.0
-- Thread wrapup() called.
Called wrapup()
Thread .top.Ramp is exiting.
-- Thread stopped.
Sent output token with value 7.5
Next port to read input from is inputB
Called postfire()
Called prefire()
Called fire()
Read input token from inputB with value 9.0
Checking for deadlock:
There are 1 Blocked actors, 0 Stopped actors, and 3 active threads.
Waiting for actors to stop.
Called prefire()
Called postfire()
Called fire()
Called prefire()
Past the end of training data. Read and discard all inputs.
Called fire()
Checking for deadlock:
There are 2 Blocked actors, 0 Stopped actors, and 3 active threads.
Waiting for actors to stop.
Sent output token with value 8.0
Next port to read input from is inputA
Called postfire()
Called prefire()
Called fire()
Read input token from inputA with value 9.0
Checking for deadlock:
Called prefire()
There are 1 Blocked actors, 0 Stopped actors, and 3 active threads.
Called fire()
Waiting for actors to stop.
Past the end of training data. Read and discard all inputs.
Checking for deadlock:
There are 2 Blocked actors, 0 Stopped actors, and 3 active threads.
Waiting for actors to stop.
Checking for deadlock:
There are 1 Blocked actors, 0 Stopped actors, and 3 active threads.
Waiting for actors to stop.
Sent output token with value 9.0
Next port to read input from is inputB
Called postfire()
Called prefire()
Called fire()
Read input token from inputB with value 10.5
Called prefire()
Called postfire()
Called fire()
Called prefire()
Past the end of training data. Read and discard all inputs.
Called fire()
Checking for deadlock:
There are 2 Blocked actors, 0 Stopped actors, and 3 active threads.
Waiting for actors to stop.
Sent output token with value 9.0
Next port to read input from is inputA
Called postfire()
Called prefire()
Called fire()
Checking for deadlock:
Called prefire()
There are 2 Blocked actors, 0 Stopped actors, and 3 active threads.
Called fire()
Waiting for actors to stop.
Past the end of training data. Read and discard all inputs.
Checking for deadlock:
There are 3 Blocked actors, 0 Stopped actors, and 3 active threads.
Actors have stopped.
Checking for deadlock:
There are 3 Blocked actors, 0 Stopped actors, and 3 active threads.
Deadlock detected.
Resolving Deadlock
Checking for deadlock:
There are 3 Blocked actors, 0 Stopped actors, and 3 active threads.
Artificial Deadlock - increasing queue capacity.
increasing the capacity of receiver ptolemy.actor.TypedIOPort {.top.OrderedMerge.inputB} to 2
Director: Called postfire().
Called postfire().
_stopRequested = false
_stopFireRequested = false
Returning from postfire(): true
Called fire().
Checking for deadlock:
There are 2 Blocked actors, 0 Stopped actors, and 3 active threads.
Waiting for actors to stop.
-- Thread wrapup() called.
Called wrapup()
Thread .top.Ramp2 is exiting.
-- Thread stopped.
Checking for deadlock:
There are 2 Blocked actors, 0 Stopped actors, and 2 active threads.
Actors have stopped.
Checking for deadlock:
There are 2 Blocked actors, 0 Stopped actors, and 2 active threads.
Deadlock detected.
Resolving Deadlock
Checking for deadlock:
There are 2 Blocked actors, 0 Stopped actors, and 2 active threads.
Deadlock detected: no processes blocked on write, but some are blocked on read.
Called postfire().
_stopRequested = false
_stopFireRequested = false
Returning from postfire(): false
Finished deactivating branches.
Called wrapup().
-- Thread wrapup() called.
Called wrapup()
Thread .top.Test is exiting.
-- Thread stopped.
-- Blocked Receiver call threw TerminateProcessException.
-- Thread wrapup() called.
Called wrapup()
Thread .top.OrderedMerge is exiting.
-- Thread stopped.
-- Blocked Receiver call threw TerminateProcessException.
24 ms. Memory: 208384K Free: 81783K (39%)
/home/travis/build/icyphy/ptII/ptolemy/actor/lib/test/Publisher.tcl
40 ms. Memory: 330752K Free: 318950K (96%)
5 ms. Memory: 330752K Free: 314202K (95%)
3 ms. Memory: 330752K Free: 309455K (94%)
3 ms. Memory: 330752K Free: 309455K (94%)
3 ms. Memory: 330752K Free: 304708K (92%)
5 ms. Memory: 330752K Free: 304708K (92%)
9 ms. Memory: 330752K Free: 304708K (92%)
11 ms. Memory: 330752K Free: 304708K (92%)
1 ms. Memory: 330752K Free: 295213K (89%)
5 ms. Memory: 330752K Free: 290466K (88%)
5 ms. Memory: 330752K Free: 290466K (88%)
1 ms. Memory: 330752K Free: 290466K (88%)
5 ms. Memory: 330752K Free: 280939K (85%)
5 ms. Memory: 330752K Free: 271444K (82%)
5 ms. Memory: 330752K Free: 257170K (78%)
/home/travis/build/icyphy/ptII/ptolemy/actor/lib/test/Pulse.tcl
2 ms. Memory: 330752K Free: 214443K (65%)
12 ms. Memory: 330752K Free: 214443K (65%)
1 ms. Memory: 330752K Free: 214443K (65%)
1 ms. Memory: 330752K Free: 214443K (65%)
1 ms. Memory: 330752K Free: 214443K (65%)
10 ms. Memory: 330752K Free: 214443K (65%)
3 ms. Memory: 330752K Free: 209696K (63%)
3 ms. Memory: 330752K Free: 209696K (63%)
4 ms. Memory: 330752K Free: 209696K (63%)
/home/travis/build/icyphy/ptII/ptolemy/actor/lib/test/Ramp.tcl
8 ms. Memory: 330752K Free: 209696K (63%)
2 ms. Memory: 330752K Free: 209696K (63%)
1 ms. Memory: 330752K Free: 204949K (62%)
2 ms. Memory: 330752K Free: 204949K (62%)
6 ms. Memory: 330752K Free: 204949K (62%)
6 ms. Memory: 330752K Free: 204949K (62%)
5 ms. Memory: 330752K Free: 204949K (62%)
5 actors
5000 microseconds per iteration to create
5 ms. Memory: 330752K Free: 200201K (61%)
2 ms. Memory: 330752K Free: 200201K (61%)
2 ms. Memory: 330752K Free: 200201K (61%)
2 ms. Memory: 330752K Free: 200201K (61%)
50 actors
34000 microseconds per iteration to create
42 ms. Memory: 330752K Free: 181163K (55%)
28 ms. Memory: 330752K Free: 181163K (55%)
19 ms. Memory: 330752K Free: 181163K (55%)
5 ms. Memory: 330752K Free: 181163K (55%)
500 actors
1305000 microseconds per iteration to create
218 ms. Memory: 331776K Free: 248227K (75%)
36 ms. Memory: 331776K Free: 243434K (73%)
36 ms. Memory: 331776K Free: 238641K (72%)
37 ms. Memory: 331776K Free: 233849K (70%)
/home/travis/build/icyphy/ptII/ptolemy/actor/lib/test/RampContinuous.tcl
7 ms. Memory: 331776K Free: 233849K (70%)
/home/travis/build/icyphy/ptII/ptolemy/actor/lib/test/RecordAssembler.tcl
4 ms. Memory: 331776K Free: 229040K (69%)
4 ms. Memory: 331776K Free: 229040K (69%)
/home/travis/build/icyphy/ptII/ptolemy/actor/lib/test/RecordDisassembler.tcl
5 ms. Memory: 331776K Free: 229040K (69%)
3 ms. Memory: 331776K Free: 229040K (69%)
5 ms. Memory: 331776K Free: 224231K (68%)
/home/travis/build/icyphy/ptII/ptolemy/actor/lib/test/Scale.tcl
3 ms. Memory: 331776K Free: 224231K (68%)
1 ms. Memory: 331776K Free: 224231K (68%)
2 ms. Memory: 331776K Free: 224231K (68%)
2 ms. Memory: 331776K Free: 224231K (68%)
4 ms. Memory: 331776K Free: 219438K (66%)
/home/travis/build/icyphy/ptII/ptolemy/actor/lib/test/SequentialClock.tcl
preinitializing
resolving types
initializing
executing number 1
wrapping up
idle
2 ms. Memory: 331776K Free: 219438K (66%)
Completed execution with 5 iterations
preinitializing
resolving types
initializing
executing number 1
wrapping up
idle
1 ms. Memory: 331776K Free: 219438K (66%)
Completed execution with 5 iterations
preinitializing
resolving types
initializing
executing number 1
wrapping up
idle
1 ms. Memory: 331776K Free: 219438K (66%)
Completed execution with 5 iterations
/home/travis/build/icyphy/ptII/ptolemy/actor/lib/test/SetVariable.tcl
4 ms. Memory: 331776K Free: 214629K (65%)
/home/travis/build/icyphy/ptII/ptolemy/actor/lib/test/Sinewave.tcl
/home/travis/build/icyphy/ptII/ptolemy/actor/lib/test/SubscriptionAggregator.tcl
4 ms. Memory: 331776K Free: 205012K (62%)
2 ms. Memory: 331776K Free: 200203K (60%)
1 ms. Memory: 331776K Free: 200203K (60%)
1 ms. Memory: 331776K Free: 200203K (60%)
1 ms. Memory: 331776K Free: 195394K (59%)
4 ms. Memory: 331776K Free: 195394K (59%)
...............................................................975 ms. Memory: 574976K Free: 76550K (13%)
/home/travis/build/icyphy/ptII/ptolemy/actor/lib/test/Test.tcl
 The next command will produce a warning about training mode,
   which may be ignored.
4 ms. Memory: 574976K Free: 76550K (13%)
1 ms. Memory: 574976K Free: 76550K (13%)
1 ms. Memory: 574976K Free: 76550K (13%)
2 ms. Memory: 574976K Free: 76550K (13%)
2 ms. Memory: 574976K Free: 76550K (13%)
2 ms. Memory: 574976K Free: 76550K (13%)
3 ms. Memory: 574976K Free: 76550K (13%)
 The next command will produce a warning about training mode,
   which may be ignored.
7 ms. Memory: 574976K Free: 70318K (12%)
 The next command will produce a warning about training mode,
   which may be ignored.
3 ms. Memory: 574976K Free: 70318K (12%)
1 ms. Memory: 574976K Free: 70318K (12%)
0 ms. Memory: 574976K Free: 70318K (12%)
3 ms. Memory: 574976K Free: 70318K (12%)
4 ms. Memory: 574976K Free: 70318K (12%)
2 ms. Memory: 578560K Free: 533259K (92%)
/home/travis/build/icyphy/ptII/ptolemy/actor/lib/test/TestExceptionHandler.tcl
 The next command will produce a warning about training mode,
   which may be ignored.
2 ms. Memory: 578560K Free: 532893K (92%)
1 ms. Memory: 578560K Free: 532893K (92%)
1 ms. Memory: 578560K Free: 532893K (92%)
/home/travis/build/icyphy/ptII/ptolemy/actor/lib/test/UnionDisassembler.tcl
29 ms. Memory: 578560K Free: 523271K (90%)
/home/travis/build/icyphy/ptII/ptolemy/actor/lib/test/VariableClock.tcl
preinitializing
resolving types
initializing
executing number 1
wrapping up
idle
7 ms. Memory: 578560K Free: 523271K (90%)
Completed execution with 11 iterations
preinitializing
resolving types
initializing
executing number 1
wrapping up
idle
5 ms. Memory: 578560K Free: 523271K (90%)
Completed execution with 10 iterations
01/24/19 03:20:46
Failed: 1  Total Tests: 234  ((Passed: 233, Newly Passed: 0)  Known Failed: 0) /home/travis/build/icyphy/ptII/ptolemy/actor/lib/test
----------------- testing (KnownFailure) /home/travis/build/icyphy/ptII/ptolemy/actor/lib/test/auto/knownFailedTests/PublisherPortToplevelSubscriber.xml
0 ms. Memory: 578560K Free: 513553K (89%)
Known Failure: java.lang.reflect.InvocationTargetException
----------------- testing (KnownFailure) /home/travis/build/icyphy/ptII/ptolemy/actor/lib/test/auto/knownFailedTests/PublisherSubscriberPortToplevel.xml
0 ms. Memory: 578560K Free: 494117K (85%)
Known Failure: java.lang.reflect.InvocationTargetException
----------------- testing (KnownFailure) /home/travis/build/icyphy/ptII/ptolemy/actor/lib/test/auto/knownFailedTests/PublisherSubscriptionAggregatorPort.xml
2 ms. Memory: 578560K Free: 474681K (82%)
Known Failure: java.lang.reflect.InvocationTargetException
----------------- testing (KnownFailure) /home/travis/build/icyphy/ptII/ptolemy/actor/lib/test/auto/knownFailedTests/sizedarray3.xml
5 ms. Memory: 578560K Free: 455246K (79%)
Known Failure: java.lang.reflect.InvocationTargetException
No auto/linux-amd64/*.xml tests in /home/travis/build/icyphy/ptII/ptolemy/actor/lib/test
AutoTests.java: About to close Vertx.
AutoTests.java: Vertx closed.

===========================================================================================
----------------- testing Thu Jan 24 03:20:46 UTC 2019 /home/travis/build/icyphy/ptII/ptolemy/actor/lib/test/auto/AbsoluteValue.xml
----------------- Instantiating /home/travis/build/icyphy/ptII/ptolemy/actor/lib/test/auto/AbsoluteValue.xml
9 ms. Memory: 578560K Free: 368073K (64%)
----------------- Invoking toplevel() on ptolemy.moml.MoMLSimpleApplication@47015f1c
----------------- Done invoking toplevel() on ptolemy.moml.MoMLSimpleApplication@47015f1c
reloadAllAccessors: .AbsoluteValue

===========================================================================================
----------------- testing Thu Jan 24 03:20:46 UTC 2019 /home/travis/build/icyphy/ptII/ptolemy/actor/lib/test/auto/AbsoluteValue2.xml
----------------- Instantiating /home/travis/build/icyphy/ptII/ptolemy/actor/lib/test/auto/AbsoluteValue2.xml
7 ms. Memory: 578560K Free: 353481K (61%)
----------------- Invoking toplevel() on ptolemy.moml.MoMLSimpleApplication@67de4de2
----------------- Done invoking toplevel() on ptolemy.moml.MoMLSimpleApplication@67de4de2
reloadAllAccessors: .AbsoluteValue2

===========================================================================================
----------------- testing Thu Jan 24 03:20:46 UTC 2019 /home/travis/build/icyphy/ptII/ptolemy/actor/lib/test/auto/Accumulator.xml
----------------- Instantiating /home/travis/build/icyphy/ptII/ptolemy/actor/lib/test/auto/Accumulator.xml
7 ms. Memory: 578560K Free: 343763K (59%)
----------------- Invoking toplevel() on ptolemy.moml.MoMLSimpleApplication@573dbfc1
----------------- Done invoking toplevel() on ptolemy.moml.MoMLSimpleApplication@573dbfc1
reloadAllAccessors: .Accumulator

===========================================================================================
----------------- testing Thu Jan 24 03:20:47 UTC 2019 /home/travis/build/icyphy/ptII/ptolemy/actor/lib/test/auto/Accumulator2.xml
----------------- Instantiating /home/travis/build/icyphy/ptII/ptolemy/actor/lib/test/auto/Accumulator2.xml
6 ms. Memory: 578560K Free: 324423K (56%)
----------------- Invoking toplevel() on ptolemy.moml.MoMLSimpleApplication@6192587d
----------------- Done invoking toplevel() on ptolemy.moml.MoMLSimpleApplication@6192587d
reloadAllAccessors: .Accumulator2

===========================================================================================
----------------- testing Thu Jan 24 03:20:47 UTC 2019 /home/travis/build/icyphy/ptII/ptolemy/actor/lib/test/auto/Accumulator3.xml
----------------- Instantiating /home/travis/build/icyphy/ptII/ptolemy/actor/lib/test/auto/Accumulator3.xml
3 ms. Memory: 578560K Free: 314705K (54%)
----------------- Invoking toplevel() on ptolemy.moml.MoMLSimpleApplication@79cb8174
----------------- Done invoking toplevel() on ptolemy.moml.MoMLSimpleApplication@79cb8174
reloadAllAccessors: .Accumulator3

===========================================================================================
----------------- testing Thu Jan 24 03:20:47 UTC 2019 /home/travis/build/icyphy/ptII/ptolemy/actor/lib/test/auto/ArrayAppend.xml
----------------- Instantiating /home/travis/build/icyphy/ptII/ptolemy/actor/lib/test/auto/ArrayAppend.xml
5 ms. Memory: 578560K Free: 304987K (53%)
----------------- Invoking toplevel() on ptolemy.moml.MoMLSimpleApplication@56380f
----------------- Done invoking toplevel() on ptolemy.moml.MoMLSimpleApplication@56380f
reloadAllAccessors: .ArrayAppend

===========================================================================================
----------------- testing Thu Jan 24 03:20:47 UTC 2019 /home/travis/build/icyphy/ptII/ptolemy/actor/lib/test/auto/ArrayAppend2.xml
----------------- Instantiating /home/travis/build/icyphy/ptII/ptolemy/actor/lib/test/auto/ArrayAppend2.xml
359 ms. Memory: 578560K Free: 241822K (42%)
----------------- Invoking toplevel() on ptolemy.moml.MoMLSimpleApplication@421b1ea7
----------------- Done invoking toplevel() on ptolemy.moml.MoMLSimpleApplication@421b1ea7
reloadAllAccessors: .ArrayAppend2

===========================================================================================
----------------- testing Thu Jan 24 03:20:47 UTC 2019 /home/travis/build/icyphy/ptII/ptolemy/actor/lib/test/auto/ArrayAppend3.xml
----------------- Instantiating /home/travis/build/icyphy/ptII/ptolemy/actor/lib/test/auto/ArrayAppend3.xml
5 ms. Memory: 578560K Free: 222482K (38%)
----------------- Invoking toplevel() on ptolemy.moml.MoMLSimpleApplication@fb6fb21
----------------- Done invoking toplevel() on ptolemy.moml.MoMLSimpleApplication@fb6fb21
reloadAllAccessors: .ArrayAppend3

===========================================================================================
----------------- testing Thu Jan 24 03:20:47 UTC 2019 /home/travis/build/icyphy/ptII/ptolemy/actor/lib/test/auto/ArrayAppend4.xml
----------------- Instantiating /home/travis/build/icyphy/ptII/ptolemy/actor/lib/test/auto/ArrayAppend4.xml
2 ms. Memory: 578560K Free: 212764K (37%)
----------------- Invoking toplevel() on ptolemy.moml.MoMLSimpleApplication@15f16ba6
----------------- Done invoking toplevel() on ptolemy.moml.MoMLSimpleApplication@15f16ba6
reloadAllAccessors: .ArrayAppend4

===========================================================================================
----------------- testing Thu Jan 24 03:20:47 UTC 2019 /home/travis/build/icyphy/ptII/ptolemy/actor/lib/test/auto/ArrayAppend5.xml
----------------- Instantiating /home/travis/build/icyphy/ptII/ptolemy/actor/lib/test/auto/ArrayAppend5.xml
4 ms. Memory: 578560K Free: 203046K (35%)
----------------- Invoking toplevel() on ptolemy.moml.MoMLSimpleApplication@70f2b674
----------------- Done invoking toplevel() on ptolemy.moml.MoMLSimpleApplication@70f2b674
reloadAllAccessors: .ArrayAppend5

===========================================================================================
----------------- testing Thu Jan 24 03:20:47 UTC 2019 /home/travis/build/icyphy/ptII/ptolemy/actor/lib/test/auto/ArrayAppend6.xml
----------------- Instantiating /home/travis/build/icyphy/ptII/ptolemy/actor/lib/test/auto/ArrayAppend6.xml
3 ms. Memory: 578560K Free: 193328K (33%)
----------------- Invoking toplevel() on ptolemy.moml.MoMLSimpleApplication@2259ca26
----------------- Done invoking toplevel() on ptolemy.moml.MoMLSimpleApplication@2259ca26
reloadAllAccessors: .ArrayAppend6

===========================================================================================
----------------- testing Thu Jan 24 03:20:47 UTC 2019 /home/travis/build/icyphy/ptII/ptolemy/actor/lib/test/auto/ArrayAppendPerformanceTest.xml
----------------- Instantiating /home/travis/build/icyphy/ptII/ptolemy/actor/lib/test/auto/ArrayAppendPerformanceTest.xml
36 ms. Memory: 578560K Free: 169114K (29%)
----------------- Invoking toplevel() on ptolemy.moml.MoMLSimpleApplication@779494fe
----------------- Done invoking toplevel() on ptolemy.moml.MoMLSimpleApplication@779494fe
reloadAllAccessors: .ArrayAppendPerformanceTest

===========================================================================================
----------------- testing Thu Jan 24 03:20:47 UTC 2019 /home/travis/build/icyphy/ptII/ptolemy/actor/lib/test/auto/ArrayAppendWithEmptyInput.xml
----------------- Instantiating /home/travis/build/icyphy/ptII/ptolemy/actor/lib/test/auto/ArrayAppendWithEmptyInput.xml
18 ms. Memory: 578560K Free: 154529K (27%)
----------------- Invoking toplevel() on ptolemy.moml.MoMLSimpleApplication@53b54a2a
----------------- Done invoking toplevel() on ptolemy.moml.MoMLSimpleApplication@53b54a2a
reloadAllAccessors: .ArrayAppendWithEmptyInput

===========================================================================================
----------------- testing Thu Jan 24 03:20:47 UTC 2019 /home/travis/build/icyphy/ptII/ptolemy/actor/lib/test/auto/ArrayAverage.xml
----------------- Instantiating /home/travis/build/icyphy/ptII/ptolemy/actor/lib/test/auto/ArrayAverage.xml
10 ms. Memory: 578560K Free: 139937K (24%)
----------------- Invoking toplevel() on ptolemy.moml.MoMLSimpleApplication@2e91817e
----------------- Done invoking toplevel() on ptolemy.moml.MoMLSimpleApplication@2e91817e
reloadAllAccessors: .ArrayAverage

===========================================================================================
----------------- testing Thu Jan 24 03:20:47 UTC 2019 /home/travis/build/icyphy/ptII/ptolemy/actor/lib/test/auto/ArrayContains.xml
----------------- Instantiating /home/travis/build/icyphy/ptII/ptolemy/actor/lib/test/auto/ArrayContains.xml
2 ms. Memory: 578560K Free: 130219K (23%)
----------------- Invoking toplevel() on ptolemy.moml.MoMLSimpleApplication@f395611
----------------- Done invoking toplevel() on ptolemy.moml.MoMLSimpleApplication@f395611
reloadAllAccessors: .ArrayContains

===========================================================================================
----------------- testing Thu Jan 24 03:20:47 UTC 2019 /home/travis/build/icyphy/ptII/ptolemy/actor/lib/test/auto/ArrayElement.xml
----------------- Instantiating /home/travis/build/icyphy/ptII/ptolemy/actor/lib/test/auto/ArrayElement.xml
5 ms. Memory: 578560K Free: 120501K (21%)
----------------- Invoking toplevel() on ptolemy.moml.MoMLSimpleApplication@575862ca
----------------- Done invoking toplevel() on ptolemy.moml.MoMLSimpleApplication@575862ca
reloadAllAccessors: .ArrayElement

===========================================================================================
----------------- testing Thu Jan 24 03:20:47 UTC 2019 /home/travis/build/icyphy/ptII/ptolemy/actor/lib/test/auto/ArrayElementAsMatrix.xml
----------------- Instantiating /home/travis/build/icyphy/ptII/ptolemy/actor/lib/test/auto/ArrayElementAsMatrix.xml
17 ms. Memory: 578560K Free: 96286K (17%)
----------------- Invoking toplevel() on ptolemy.moml.MoMLSimpleApplication@54ac3976
----------------- Done invoking toplevel() on ptolemy.moml.MoMLSimpleApplication@54ac3976
reloadAllAccessors: .ArrayElementAsMatrix

===========================================================================================
----------------- testing Thu Jan 24 03:20:47 UTC 2019 /home/travis/build/icyphy/ptII/ptolemy/actor/lib/test/auto/ArrayElementI.xml
----------------- Instantiating /home/travis/build/icyphy/ptII/ptolemy/actor/lib/test/auto/ArrayElementI.xml
5 ms. Memory: 578560K Free: 86569K (15%)
----------------- Invoking toplevel() on ptolemy.moml.MoMLSimpleApplication@557fd457
----------------- Done invoking toplevel() on ptolemy.moml.MoMLSimpleApplication@557fd457
reloadAllAccessors: .ArrayElementI

===========================================================================================
----------------- testing Thu Jan 24 03:20:48 UTC 2019 /home/travis/build/icyphy/ptII/ptolemy/actor/lib/test/auto/ArrayExtract.xml
----------------- Instantiating /home/travis/build/icyphy/ptII/ptolemy/actor/lib/test/auto/ArrayExtract.xml
7 ms. Memory: 578560K Free: 76851K (13%)
----------------- Invoking toplevel() on ptolemy.moml.MoMLSimpleApplication@698d87ff
----------------- Done invoking toplevel() on ptolemy.moml.MoMLSimpleApplication@698d87ff
reloadAllAccessors: .ArrayExtract

===========================================================================================
----------------- testing Thu Jan 24 03:20:48 UTC 2019 /home/travis/build/icyphy/ptII/ptolemy/actor/lib/test/auto/ArrayExtract2.xml
----------------- Instantiating /home/travis/build/icyphy/ptII/ptolemy/actor/lib/test/auto/ArrayExtract2.xml
2 ms. Memory: 578560K Free: 67133K (12%)
----------------- Invoking toplevel() on ptolemy.moml.MoMLSimpleApplication@2cc4ca64
----------------- Done invoking toplevel() on ptolemy.moml.MoMLSimpleApplication@2cc4ca64
reloadAllAccessors: .ArrayExtract2

===========================================================================================
----------------- testing Thu Jan 24 03:20:48 UTC 2019 /home/travis/build/icyphy/ptII/ptolemy/actor/lib/test/auto/ArrayLength.xml
----------------- Instantiating /home/travis/build/icyphy/ptII/ptolemy/actor/lib/test/auto/ArrayLength.xml
3 ms. Memory: 876032K Free: 824986K (94%)
----------------- Invoking toplevel() on ptolemy.moml.MoMLSimpleApplication@574b4eab
----------------- Done invoking toplevel() on ptolemy.moml.MoMLSimpleApplication@574b4eab
reloadAllAccessors: .ArrayLength

===========================================================================================
----------------- testing Thu Jan 24 03:20:48 UTC 2019 /home/travis/build/icyphy/ptII/ptolemy/actor/lib/test/auto/ArrayLevelCrossing.xml
----------------- Instantiating /home/travis/build/icyphy/ptII/ptolemy/actor/lib/test/auto/ArrayLevelCrossing.xml
4 ms. Memory: 876032K Free: 782896K (89%)
----------------- Invoking toplevel() on ptolemy.moml.MoMLSimpleApplication@57d8bc7d
----------------- Done invoking toplevel() on ptolemy.moml.MoMLSimpleApplication@57d8bc7d
reloadAllAccessors: .ArrayLevelCrossing

===========================================================================================
----------------- testing Thu Jan 24 03:20:48 UTC 2019 /home/travis/build/icyphy/ptII/ptolemy/actor/lib/test/auto/ArrayLevelCrossing2.xml
----------------- Instantiating /home/travis/build/icyphy/ptII/ptolemy/actor/lib/test/auto/ArrayLevelCrossing2.xml
2 ms. Memory: 876032K Free: 767341K (88%)
----------------- Invoking toplevel() on ptolemy.moml.MoMLSimpleApplication@35d08b29
----------------- Done invoking toplevel() on ptolemy.moml.MoMLSimpleApplication@35d08b29
reloadAllAccessors: .ArrayLevelCrossing2

===========================================================================================
----------------- testing Thu Jan 24 03:20:48 UTC 2019 /home/travis/build/icyphy/ptII/ptolemy/actor/lib/test/auto/ArrayPeakSearch.xml
----------------- Instantiating /home/travis/build/icyphy/ptII/ptolemy/actor/lib/test/auto/ArrayPeakSearch.xml
5 ms. Memory: 876032K Free: 751405K (86%)
----------------- Invoking toplevel() on ptolemy.moml.MoMLSimpleApplication@5b65c77a
----------------- Done invoking toplevel() on ptolemy.moml.MoMLSimpleApplication@5b65c77a
reloadAllAccessors: .ArrayPeakSearch

===========================================================================================
----------------- testing Thu Jan 24 03:20:48 UTC 2019 /home/travis/build/icyphy/ptII/ptolemy/actor/lib/test/auto/ArrayPeakSearch2.xml
----------------- Instantiating /home/travis/build/icyphy/ptII/ptolemy/actor/lib/test/auto/ArrayPeakSearch2.xml
4 ms. Memory: 876032K Free: 728073K (83%)
----------------- Invoking toplevel() on ptolemy.moml.MoMLSimpleApplication@696f906c
----------------- Done invoking toplevel() on ptolemy.moml.MoMLSimpleApplication@696f906c
reloadAllAccessors: .ArrayPeakSearch2

===========================================================================================
----------------- testing Thu Jan 24 03:20:48 UTC 2019 /home/travis/build/icyphy/ptII/ptolemy/actor/lib/test/auto/ArrayPeakSearch3.xml
----------------- Instantiating /home/travis/build/icyphy/ptII/ptolemy/actor/lib/test/auto/ArrayPeakSearch3.xml
10 ms. Memory: 876032K Free: 701537K (80%)
----------------- Invoking toplevel() on ptolemy.moml.MoMLSimpleApplication@281971eb
----------------- Done invoking toplevel() on ptolemy.moml.MoMLSimpleApplication@281971eb
reloadAllAccessors: .ArrayPeakSearch3

===========================================================================================
----------------- testing Thu Jan 24 03:20:48 UTC 2019 /home/travis/build/icyphy/ptII/ptolemy/actor/lib/test/auto/ArrayRemoveElement.xml
----------------- Instantiating /home/travis/build/icyphy/ptII/ptolemy/actor/lib/test/auto/ArrayRemoveElement.xml
3 ms. Memory: 876032K Free: 680928K (78%)
----------------- Invoking toplevel() on ptolemy.moml.MoMLSimpleApplication@4831c6ba
----------------- Done invoking toplevel() on ptolemy.moml.MoMLSimpleApplication@4831c6ba
reloadAllAccessors: .ArrayRemoveElement

===========================================================================================
----------------- testing Thu Jan 24 03:20:48 UTC 2019 /home/travis/build/icyphy/ptII/ptolemy/actor/lib/test/auto/ArraySort.xml
----------------- Instantiating /home/travis/build/icyphy/ptII/ptolemy/actor/lib/test/auto/ArraySort.xml
4 ms. Memory: 876032K Free: 665373K (76%)
----------------- Invoking toplevel() on ptolemy.moml.MoMLSimpleApplication@79bb4abf
----------------- Done invoking toplevel() on ptolemy.moml.MoMLSimpleApplication@79bb4abf
reloadAllAccessors: .ArraySort

===========================================================================================
----------------- testing Thu Jan 24 03:20:48 UTC 2019 /home/travis/build/icyphy/ptII/ptolemy/actor/lib/test/auto/ArraySum.xml
----------------- Instantiating /home/travis/build/icyphy/ptII/ptolemy/actor/lib/test/auto/ArraySum.xml
2 ms. Memory: 876032K Free: 649818K (74%)
----------------- Invoking toplevel() on ptolemy.moml.MoMLSimpleApplication@3a4760aa
----------------- Done invoking toplevel() on ptolemy.moml.MoMLSimpleApplication@3a4760aa
reloadAllAccessors: .ArraySum

===========================================================================================
----------------- testing Thu Jan 24 03:20:48 UTC 2019 /home/travis/build/icyphy/ptII/ptolemy/actor/lib/test/auto/ArrayToElements.xml
----------------- Instantiating /home/travis/build/icyphy/ptII/ptolemy/actor/lib/test/auto/ArrayToElements.xml
6 ms. Memory: 876032K Free: 634264K (72%)
----------------- Invoking toplevel() on ptolemy.moml.MoMLSimpleApplication@7a5d60aa
----------------- Done invoking toplevel() on ptolemy.moml.MoMLSimpleApplication@7a5d60aa
reloadAllAccessors: .ArrayToElements

===========================================================================================
----------------- testing Thu Jan 24 03:20:48 UTC 2019 /home/travis/build/icyphy/ptII/ptolemy/actor/lib/test/auto/ArrayToMatrix.xml
----------------- Instantiating /home/travis/build/icyphy/ptII/ptolemy/actor/lib/test/auto/ArrayToMatrix.xml
5 ms. Memory: 876032K Free: 599943K (68%)
----------------- Invoking toplevel() on ptolemy.moml.MoMLSimpleApplication@6f9f5753
----------------- Done invoking toplevel() on ptolemy.moml.MoMLSimpleApplication@6f9f5753
reloadAllAccessors: .ArrayToMatrix

===========================================================================================
----------------- testing Thu Jan 24 03:20:48 UTC 2019 /home/travis/build/icyphy/ptII/ptolemy/actor/lib/test/auto/ArrayUpdate1.xml
----------------- Instantiating /home/travis/build/icyphy/ptII/ptolemy/actor/lib/test/auto/ArrayUpdate1.xml
2 ms. Memory: 876032K Free: 584388K (67%)
----------------- Invoking toplevel() on ptolemy.moml.MoMLSimpleApplication@6bd503af
----------------- Done invoking toplevel() on ptolemy.moml.MoMLSimpleApplication@6bd503af
reloadAllAccessors: .ArrayUpdate1

===========================================================================================
----------------- testing Thu Jan 24 03:20:48 UTC 2019 /home/travis/build/icyphy/ptII/ptolemy/actor/lib/test/auto/ArrayUpdate2.xml
----------------- Instantiating /home/travis/build/icyphy/ptII/ptolemy/actor/lib/test/auto/ArrayUpdate2.xml
5 ms. Memory: 876032K Free: 568833K (65%)
----------------- Invoking toplevel() on ptolemy.moml.MoMLSimpleApplication@6533dbc0
----------------- Done invoking toplevel() on ptolemy.moml.MoMLSimpleApplication@6533dbc0
reloadAllAccessors: .ArrayUpdate2

===========================================================================================
----------------- testing Thu Jan 24 03:20:48 UTC 2019 /home/travis/build/icyphy/ptII/ptolemy/actor/lib/test/auto/ArrayUpdate3.xml
----------------- Instantiating /home/travis/build/icyphy/ptII/ptolemy/actor/lib/test/auto/ArrayUpdate3.xml
3 ms. Memory: 876032K Free: 553279K (63%)
----------------- Invoking toplevel() on ptolemy.moml.MoMLSimpleApplication@1f2eb857
----------------- Done invoking toplevel() on ptolemy.moml.MoMLSimpleApplication@1f2eb857
reloadAllAccessors: .ArrayUpdate3

===========================================================================================
----------------- testing Thu Jan 24 03:20:48 UTC 2019 /home/travis/build/icyphy/ptII/ptolemy/actor/lib/test/auto/Assert1.xml
----------------- Instantiating /home/travis/build/icyphy/ptII/ptolemy/actor/lib/test/auto/Assert1.xml
4 ms. Memory: 876032K Free: 537724K (61%)
----------------- Invoking toplevel() on ptolemy.moml.MoMLSimpleApplication@131b1875
----------------- Done invoking toplevel() on ptolemy.moml.MoMLSimpleApplication@131b1875
reloadAllAccessors: .Assert1

===========================================================================================
----------------- testing Thu Jan 24 03:20:48 UTC 2019 /home/travis/build/icyphy/ptII/ptolemy/actor/lib/test/auto/Assert2.xml
----------------- Instantiating /home/travis/build/icyphy/ptII/ptolemy/actor/lib/test/auto/Assert2.xml
6 ms. Memory: 876032K Free: 511188K (58%)
----------------- Invoking toplevel() on ptolemy.moml.MoMLSimpleApplication@1501135b
----------------- Done invoking toplevel() on ptolemy.moml.MoMLSimpleApplication@1501135b
reloadAllAccessors: .Assert2

===========================================================================================
----------------- testing Thu Jan 24 03:20:48 UTC 2019 /home/travis/build/icyphy/ptII/ptolemy/actor/lib/test/auto/BooleanMultiplexor.xml
----------------- Instantiating /home/travis/build/icyphy/ptII/ptolemy/actor/lib/test/auto/BooleanMultiplexor.xml
5 ms. Memory: 876032K Free: 495633K (57%)
----------------- Invoking toplevel() on ptolemy.moml.MoMLSimpleApplication@44c95f88
----------------- Done invoking toplevel() on ptolemy.moml.MoMLSimpleApplication@44c95f88
reloadAllAccessors: .BooleanMultiplexor

===========================================================================================
----------------- testing Thu Jan 24 03:20:48 UTC 2019 /home/travis/build/icyphy/ptII/ptolemy/actor/lib/test/auto/BooleanMultiplexor2.xml
----------------- Instantiating /home/travis/build/icyphy/ptII/ptolemy/actor/lib/test/auto/BooleanMultiplexor2.xml
9 ms. Memory: 876032K Free: 480079K (55%)
----------------- Invoking toplevel() on ptolemy.moml.MoMLSimpleApplication@3721d992
----------------- Done invoking toplevel() on ptolemy.moml.MoMLSimpleApplication@3721d992
reloadAllAccessors: .BooleanMultiplexor2

===========================================================================================
----------------- testing Thu Jan 24 03:20:48 UTC 2019 /home/travis/build/icyphy/ptII/ptolemy/actor/lib/test/auto/BooleanMultiplexor3.xml
----------------- Instantiating /home/travis/build/icyphy/ptII/ptolemy/actor/lib/test/auto/BooleanMultiplexor3.xml
4 ms. Memory: 876032K Free: 464524K (53%)
----------------- Invoking toplevel() on ptolemy.moml.MoMLSimpleApplication@53e26509
----------------- Done invoking toplevel() on ptolemy.moml.MoMLSimpleApplication@53e26509
reloadAllAccessors: .BooleanMultiplexor3

===========================================================================================
----------------- testing Thu Jan 24 03:20:48 UTC 2019 /home/travis/build/icyphy/ptII/ptolemy/actor/lib/test/auto/BooleanSelect.xml
----------------- Instantiating /home/travis/build/icyphy/ptII/ptolemy/actor/lib/test/auto/BooleanSelect.xml
9 ms. Memory: 876032K Free: 448969K (51%)
----------------- Invoking toplevel() on ptolemy.moml.MoMLSimpleApplication@5a80d68f
----------------- Done invoking toplevel() on ptolemy.moml.MoMLSimpleApplication@5a80d68f
reloadAllAccessors: .BooleanSelect

===========================================================================================
----------------- testing Thu Jan 24 03:20:48 UTC 2019 /home/travis/build/icyphy/ptII/ptolemy/actor/lib/test/auto/BooleanSelect2.xml
----------------- Instantiating /home/travis/build/icyphy/ptII/ptolemy/actor/lib/test/auto/BooleanSelect2.xml
2 ms. Memory: 876032K Free: 422434K (48%)
----------------- Invoking toplevel() on ptolemy.moml.MoMLSimpleApplication@5bfdfae4
----------------- Done invoking toplevel() on ptolemy.moml.MoMLSimpleApplication@5bfdfae4
reloadAllAccessors: .BooleanSelect2

===========================================================================================
----------------- testing Thu Jan 24 03:20:48 UTC 2019 /home/travis/build/icyphy/ptII/ptolemy/actor/lib/test/auto/BooleanSwitch.xml
----------------- Instantiating /home/travis/build/icyphy/ptII/ptolemy/actor/lib/test/auto/BooleanSwitch.xml
7 ms. Memory: 876032K Free: 406879K (46%)
----------------- Invoking toplevel() on ptolemy.moml.MoMLSimpleApplication@788b7607
----------------- Done invoking toplevel() on ptolemy.moml.MoMLSimpleApplication@788b7607
reloadAllAccessors: .BooleanSwitch

===========================================================================================
----------------- testing Thu Jan 24 03:20:48 UTC 2019 /home/travis/build/icyphy/ptII/ptolemy/actor/lib/test/auto/BooleanSwitch2.xml
----------------- Instantiating /home/travis/build/icyphy/ptII/ptolemy/actor/lib/test/auto/BooleanSwitch2.xml
3 ms. Memory: 876032K Free: 391324K (45%)
----------------- Invoking toplevel() on ptolemy.moml.MoMLSimpleApplication@47d9db5d
----------------- Done invoking toplevel() on ptolemy.moml.MoMLSimpleApplication@47d9db5d
reloadAllAccessors: .BooleanSwitch2

===========================================================================================
----------------- testing Thu Jan 24 03:20:48 UTC 2019 /home/travis/build/icyphy/ptII/ptolemy/actor/lib/test/auto/BooleanSwitchCloningBugWithClassRelationGroup.xml
----------------- Instantiating /home/travis/build/icyphy/ptII/ptolemy/actor/lib/test/auto/BooleanSwitchCloningBugWithClassRelationGroup.xml
5 ms. Memory: 876032K Free: 375770K (43%)
----------------- Invoking toplevel() on ptolemy.moml.MoMLSimpleApplication@4b6ed60f
----------------- Done invoking toplevel() on ptolemy.moml.MoMLSimpleApplication@4b6ed60f
reloadAllAccessors: .BooleanSwitchCloningBugWithClassRelationGroup

===========================================================================================
----------------- testing Thu Jan 24 03:20:48 UTC 2019 /home/travis/build/icyphy/ptII/ptolemy/actor/lib/test/auto/BusActors.xml
----------------- Instantiating /home/travis/build/icyphy/ptII/ptolemy/actor/lib/test/auto/BusActors.xml
5 ms. Memory: 876032K Free: 360215K (41%)
----------------- Invoking toplevel() on ptolemy.moml.MoMLSimpleApplication@399417c6
----------------- Done invoking toplevel() on ptolemy.moml.MoMLSimpleApplication@399417c6
reloadAllAccessors: .BusActors

===========================================================================================
----------------- testing Thu Jan 24 03:20:49 UTC 2019 /home/travis/build/icyphy/ptII/ptolemy/actor/lib/test/auto/ClassWrapper.xml
----------------- Instantiating /home/travis/build/icyphy/ptII/ptolemy/actor/lib/test/auto/ClassWrapper.xml
2 ms. Memory: 876032K Free: 333680K (38%)
----------------- Invoking toplevel() on ptolemy.moml.MoMLSimpleApplication@120bf682
----------------- Done invoking toplevel() on ptolemy.moml.MoMLSimpleApplication@120bf682
reloadAllAccessors: .ClassWrapper

===========================================================================================
----------------- testing Thu Jan 24 03:20:49 UTC 2019 /home/travis/build/icyphy/ptII/ptolemy/actor/lib/test/auto/Clock.xml
----------------- Instantiating /home/travis/build/icyphy/ptII/ptolemy/actor/lib/test/auto/Clock.xml
4 ms. Memory: 876032K Free: 318125K (36%)
----------------- Invoking toplevel() on ptolemy.moml.MoMLSimpleApplication@730118c8
----------------- Done invoking toplevel() on ptolemy.moml.MoMLSimpleApplication@730118c8
reloadAllAccessors: .Clock

===========================================================================================
----------------- testing Thu Jan 24 03:20:49 UTC 2019 /home/travis/build/icyphy/ptII/ptolemy/actor/lib/test/auto/Clock10.xml
----------------- Instantiating /home/travis/build/icyphy/ptII/ptolemy/actor/lib/test/auto/Clock10.xml
5 ms. Memory: 876032K Free: 302570K (35%)
----------------- Invoking toplevel() on ptolemy.moml.MoMLSimpleApplication@6a3f5dd3
----------------- Done invoking toplevel() on ptolemy.moml.MoMLSimpleApplication@6a3f5dd3
reloadAllAccessors: .Clock10

===========================================================================================
----------------- testing Thu Jan 24 03:20:49 UTC 2019 /home/travis/build/icyphy/ptII/ptolemy/actor/lib/test/auto/Clock11.xml
----------------- Instantiating /home/travis/build/icyphy/ptII/ptolemy/actor/lib/test/auto/Clock11.xml
7 ms. Memory: 876032K Free: 287016K (33%)
----------------- Invoking toplevel() on ptolemy.moml.MoMLSimpleApplication@72f6f184
----------------- Done invoking toplevel() on ptolemy.moml.MoMLSimpleApplication@72f6f184
reloadAllAccessors: .Clock11

===========================================================================================
----------------- testing Thu Jan 24 03:20:49 UTC 2019 /home/travis/build/icyphy/ptII/ptolemy/actor/lib/test/auto/Clock12.xml
----------------- Instantiating /home/travis/build/icyphy/ptII/ptolemy/actor/lib/test/auto/Clock12.xml
6 ms. Memory: 876032K Free: 271461K (31%)
----------------- Invoking toplevel() on ptolemy.moml.MoMLSimpleApplication@3d619553
----------------- Done invoking toplevel() on ptolemy.moml.MoMLSimpleApplication@3d619553
reloadAllAccessors: .Clock12

===========================================================================================
----------------- testing Thu Jan 24 03:20:49 UTC 2019 /home/travis/build/icyphy/ptII/ptolemy/actor/lib/test/auto/Clock13.xml
----------------- Instantiating /home/travis/build/icyphy/ptII/ptolemy/actor/lib/test/auto/Clock13.xml
8 ms. Memory: 876032K Free: 244925K (28%)
----------------- Invoking toplevel() on ptolemy.moml.MoMLSimpleApplication@6e91dc9d
----------------- Done invoking toplevel() on ptolemy.moml.MoMLSimpleApplication@6e91dc9d
reloadAllAccessors: .Clock13

===========================================================================================
----------------- testing Thu Jan 24 03:20:49 UTC 2019 /home/travis/build/icyphy/ptII/ptolemy/actor/lib/test/auto/Clock14.xml
----------------- Instantiating /home/travis/build/icyphy/ptII/ptolemy/actor/lib/test/auto/Clock14.xml
3 ms. Memory: 876032K Free: 229371K (26%)
----------------- Invoking toplevel() on ptolemy.moml.MoMLSimpleApplication@4c3b9d8e
----------------- Done invoking toplevel() on ptolemy.moml.MoMLSimpleApplication@4c3b9d8e
reloadAllAccessors: .Clock14

===========================================================================================
----------------- testing Thu Jan 24 03:20:49 UTC 2019 /home/travis/build/icyphy/ptII/ptolemy/actor/lib/test/auto/Clock15.xml
----------------- Instantiating /home/travis/build/icyphy/ptII/ptolemy/actor/lib/test/auto/Clock15.xml
10 ms. Memory: 876032K Free: 213816K (24%)
----------------- Invoking toplevel() on ptolemy.moml.MoMLSimpleApplication@5b4ecd6d
----------------- Done invoking toplevel() on ptolemy.moml.MoMLSimpleApplication@5b4ecd6d
reloadAllAccessors: .Clock15

===========================================================================================
----------------- testing Thu Jan 24 03:20:49 UTC 2019 /home/travis/build/icyphy/ptII/ptolemy/actor/lib/test/auto/Clock16.xml
----------------- Instantiating /home/travis/build/icyphy/ptII/ptolemy/actor/lib/test/auto/Clock16.xml
26 ms. Memory: 876032K Free: 190468K (22%)
----------------- Invoking toplevel() on ptolemy.moml.MoMLSimpleApplication@780811e7
----------------- Done invoking toplevel() on ptolemy.moml.MoMLSimpleApplication@780811e7
reloadAllAccessors: .Clock16

===========================================================================================
----------------- testing Thu Jan 24 03:20:49 UTC 2019 /home/travis/build/icyphy/ptII/ptolemy/actor/lib/test/auto/Clock17.xml
----------------- Instantiating /home/travis/build/icyphy/ptII/ptolemy/actor/lib/test/auto/Clock17.xml
39 ms. Memory: 876032K Free: 167120K (19%)
----------------- Invoking toplevel() on ptolemy.moml.MoMLSimpleApplication@65b949e2
----------------- Done invoking toplevel() on ptolemy.moml.MoMLSimpleApplication@65b949e2
reloadAllAccessors: .Clock17

===========================================================================================
----------------- testing Thu Jan 24 03:20:49 UTC 2019 /home/travis/build/icyphy/ptII/ptolemy/actor/lib/test/auto/Clock18.xml
----------------- Instantiating /home/travis/build/icyphy/ptII/ptolemy/actor/lib/test/auto/Clock18.xml
24 ms. Memory: 876032K Free: 132791K (15%)
----------------- Invoking toplevel() on ptolemy.moml.MoMLSimpleApplication@21883b05
----------------- Done invoking toplevel() on ptolemy.moml.MoMLSimpleApplication@21883b05
reloadAllAccessors: .Clock18

===========================================================================================
----------------- testing Thu Jan 24 03:20:49 UTC 2019 /home/travis/build/icyphy/ptII/ptolemy/actor/lib/test/auto/Clock19.xml
----------------- Instantiating /home/travis/build/icyphy/ptII/ptolemy/actor/lib/test/auto/Clock19.xml
13 ms. Memory: 876032K Free: 109443K (12%)
----------------- Invoking toplevel() on ptolemy.moml.MoMLSimpleApplication@18aa6538
----------------- Done invoking toplevel() on ptolemy.moml.MoMLSimpleApplication@18aa6538
reloadAllAccessors: .Clock19

===========================================================================================
----------------- testing Thu Jan 24 03:20:49 UTC 2019 /home/travis/build/icyphy/ptII/ptolemy/actor/lib/test/auto/Clock2.xml
----------------- Instantiating /home/travis/build/icyphy/ptII/ptolemy/actor/lib/test/auto/Clock2.xml
7 ms. Memory: 876032K Free: 93888K (11%)
----------------- Invoking toplevel() on ptolemy.moml.MoMLSimpleApplication@715a9071
----------------- Done invoking toplevel() on ptolemy.moml.MoMLSimpleApplication@715a9071
reloadAllAccessors: .Clock2

===========================================================================================
----------------- testing Thu Jan 24 03:20:49 UTC 2019 /home/travis/build/icyphy/ptII/ptolemy/actor/lib/test/auto/Clock20.xml
----------------- Instantiating /home/travis/build/icyphy/ptII/ptolemy/actor/lib/test/auto/Clock20.xml
8 ms. Memory: 876032K Free: 78334K (9%)
----------------- Invoking toplevel() on ptolemy.moml.MoMLSimpleApplication@58efe8ca
----------------- Done invoking toplevel() on ptolemy.moml.MoMLSimpleApplication@58efe8ca
reloadAllAccessors: .Clock20

===========================================================================================
----------------- testing Thu Jan 24 03:20:49 UTC 2019 /home/travis/build/icyphy/ptII/ptolemy/actor/lib/test/auto/Clock21.xml
----------------- Instantiating /home/travis/build/icyphy/ptII/ptolemy/actor/lib/test/auto/Clock21.xml
4 ms. Memory: 876032K Free: 62779K (7%)
----------------- Invoking toplevel() on ptolemy.moml.MoMLSimpleApplication@59b55860
----------------- Done invoking toplevel() on ptolemy.moml.MoMLSimpleApplication@59b55860
reloadAllAccessors: .Clock21

===========================================================================================
----------------- testing Thu Jan 24 03:20:49 UTC 2019 /home/travis/build/icyphy/ptII/ptolemy/actor/lib/test/auto/Clock22.xml
----------------- Instantiating /home/travis/build/icyphy/ptII/ptolemy/actor/lib/test/auto/Clock22.xml
6 ms. Memory: 876544K Free: 825831K (94%)
----------------- Invoking toplevel() on ptolemy.moml.MoMLSimpleApplication@2149fe7e
----------------- Done invoking toplevel() on ptolemy.moml.MoMLSimpleApplication@2149fe7e
reloadAllAccessors: .Clock22

===========================================================================================
----------------- testing Thu Jan 24 03:20:49 UTC 2019 /home/travis/build/icyphy/ptII/ptolemy/actor/lib/test/auto/Clock23.xml
----------------- Instantiating /home/travis/build/icyphy/ptII/ptolemy/actor/lib/test/auto/Clock23.xml
6 ms. Memory: 876544K Free: 807455K (92%)
----------------- Invoking toplevel() on ptolemy.moml.MoMLSimpleApplication@48d6d700
----------------- Done invoking toplevel() on ptolemy.moml.MoMLSimpleApplication@48d6d700
reloadAllAccessors: .Clock23

===========================================================================================
----------------- testing Thu Jan 24 03:20:49 UTC 2019 /home/travis/build/icyphy/ptII/ptolemy/actor/lib/test/auto/Clock24.xml
----------------- Instantiating /home/travis/build/icyphy/ptII/ptolemy/actor/lib/test/auto/Clock24.xml
3 ms. Memory: 876544K Free: 797085K (91%)
----------------- Invoking toplevel() on ptolemy.moml.MoMLSimpleApplication@5e38d4b0
----------------- Done invoking toplevel() on ptolemy.moml.MoMLSimpleApplication@5e38d4b0
reloadAllAccessors: .Clock24

===========================================================================================
----------------- testing Thu Jan 24 03:20:49 UTC 2019 /home/travis/build/icyphy/ptII/ptolemy/actor/lib/test/auto/Clock4.xml
----------------- Instantiating /home/travis/build/icyphy/ptII/ptolemy/actor/lib/test/auto/Clock4.xml
6 ms. Memory: 876544K Free: 786716K (90%)
----------------- Invoking toplevel() on ptolemy.moml.MoMLSimpleApplication@38f8c552
----------------- Done invoking toplevel() on ptolemy.moml.MoMLSimpleApplication@38f8c552
reloadAllAccessors: .Clock4

===========================================================================================
----------------- testing Thu Jan 24 03:20:49 UTC 2019 /home/travis/build/icyphy/ptII/ptolemy/actor/lib/test/auto/Clock5.xml
----------------- Instantiating /home/travis/build/icyphy/ptII/ptolemy/actor/lib/test/auto/Clock5.xml
1 ms. Memory: 876544K Free: 768588K (88%)
----------------- Invoking toplevel() on ptolemy.moml.MoMLSimpleApplication@18308d99
----------------- Done invoking toplevel() on ptolemy.moml.MoMLSimpleApplication@18308d99
reloadAllAccessors: .Clock5

===========================================================================================
----------------- testing Thu Jan 24 03:20:49 UTC 2019 /home/travis/build/icyphy/ptII/ptolemy/actor/lib/test/auto/Clock6.xml
----------------- Instantiating /home/travis/build/icyphy/ptII/ptolemy/actor/lib/test/auto/Clock6.xml
3 ms. Memory: 876544K Free: 758218K (87%)
----------------- Invoking toplevel() on ptolemy.moml.MoMLSimpleApplication@b4aabee
----------------- Done invoking toplevel() on ptolemy.moml.MoMLSimpleApplication@b4aabee
reloadAllAccessors: .Clock6

===========================================================================================
----------------- testing Thu Jan 24 03:20:49 UTC 2019 /home/travis/build/icyphy/ptII/ptolemy/actor/lib/test/auto/Clock7.xml
----------------- Instantiating /home/travis/build/icyphy/ptII/ptolemy/actor/lib/test/auto/Clock7.xml
1 ms. Memory: 876544K Free: 747848K (85%)
----------------- Invoking toplevel() on ptolemy.moml.MoMLSimpleApplication@1948b32a
----------------- Done invoking toplevel() on ptolemy.moml.MoMLSimpleApplication@1948b32a
reloadAllAccessors: .Clock7

===========================================================================================
----------------- testing Thu Jan 24 03:20:49 UTC 2019 /home/travis/build/icyphy/ptII/ptolemy/actor/lib/test/auto/Clock8.xml
----------------- Instantiating /home/travis/build/icyphy/ptII/ptolemy/actor/lib/test/auto/Clock8.xml
3 ms. Memory: 876544K Free: 729720K (83%)
----------------- Invoking toplevel() on ptolemy.moml.MoMLSimpleApplication@369526b9
----------------- Done invoking toplevel() on ptolemy.moml.MoMLSimpleApplication@369526b9
reloadAllAccessors: .Clock8

===========================================================================================
----------------- testing Thu Jan 24 03:20:49 UTC 2019 /home/travis/build/icyphy/ptII/ptolemy/actor/lib/test/auto/Clock9.xml
----------------- Instantiating /home/travis/build/icyphy/ptII/ptolemy/actor/lib/test/auto/Clock9.xml
2 ms. Memory: 876544K Free: 719351K (82%)
----------------- Invoking toplevel() on ptolemy.moml.MoMLSimpleApplication@758d7592
----------------- Done invoking toplevel() on ptolemy.moml.MoMLSimpleApplication@758d7592
reloadAllAccessors: .Clock9

===========================================================================================
----------------- testing Thu Jan 24 03:20:49 UTC 2019 /home/travis/build/icyphy/ptII/ptolemy/actor/lib/test/auto/CommDistDiscard.xml
----------------- Instantiating /home/travis/build/icyphy/ptII/ptolemy/actor/lib/test/auto/CommDistDiscard.xml
5 ms. Memory: 876544K Free: 708981K (81%)
----------------- Invoking toplevel() on ptolemy.moml.MoMLSimpleApplication@1b16c819
----------------- Done invoking toplevel() on ptolemy.moml.MoMLSimpleApplication@1b16c819
reloadAllAccessors: .CommDistDiscard

===========================================================================================
----------------- testing Thu Jan 24 03:20:49 UTC 2019 /home/travis/build/icyphy/ptII/ptolemy/actor/lib/test/auto/Commutator.xml
----------------- Instantiating /home/travis/build/icyphy/ptII/ptolemy/actor/lib/test/auto/Commutator.xml
2 ms. Memory: 876544K Free: 698611K (80%)
----------------- Invoking toplevel() on ptolemy.moml.MoMLSimpleApplication@2e697f41
----------------- Done invoking toplevel() on ptolemy.moml.MoMLSimpleApplication@2e697f41
reloadAllAccessors: .Commutator

===========================================================================================
----------------- testing Thu Jan 24 03:20:49 UTC 2019 /home/travis/build/icyphy/ptII/ptolemy/actor/lib/test/auto/Commutator2.xml
----------------- Instantiating /home/travis/build/icyphy/ptII/ptolemy/actor/lib/test/auto/Commutator2.xml
1 ms. Memory: 876544K Free: 680483K (78%)
----------------- Invoking toplevel() on ptolemy.moml.MoMLSimpleApplication@757aca7b
----------------- Done invoking toplevel() on ptolemy.moml.MoMLSimpleApplication@757aca7b
reloadAllAccessors: .Commutator2

===========================================================================================
----------------- testing Thu Jan 24 03:20:49 UTC 2019 /home/travis/build/icyphy/ptII/ptolemy/actor/lib/test/auto/Commutator3.xml
----------------- Instantiating /home/travis/build/icyphy/ptII/ptolemy/actor/lib/test/auto/Commutator3.xml
2 ms. Memory: 876544K Free: 670113K (76%)
----------------- Invoking toplevel() on ptolemy.moml.MoMLSimpleApplication@6521c109
----------------- Done invoking toplevel() on ptolemy.moml.MoMLSimpleApplication@6521c109
reloadAllAccessors: .Commutator3

===========================================================================================
----------------- testing Thu Jan 24 03:20:49 UTC 2019 /home/travis/build/icyphy/ptII/ptolemy/actor/lib/test/auto/Compare.xml
----------------- Instantiating /home/travis/build/icyphy/ptII/ptolemy/actor/lib/test/auto/Compare.xml
2 ms. Memory: 876544K Free: 659743K (75%)
----------------- Invoking toplevel() on ptolemy.moml.MoMLSimpleApplication@651011b8
----------------- Done invoking toplevel() on ptolemy.moml.MoMLSimpleApplication@651011b8
reloadAllAccessors: .Compare

===========================================================================================
----------------- testing Thu Jan 24 03:20:49 UTC 2019 /home/travis/build/icyphy/ptII/ptolemy/actor/lib/test/auto/CompareDE.xml
----------------- Instantiating /home/travis/build/icyphy/ptII/ptolemy/actor/lib/test/auto/CompareDE.xml
9 ms. Memory: 876544K Free: 641615K (73%)
----------------- Invoking toplevel() on ptolemy.moml.MoMLSimpleApplication@6a67e680
----------------- Done invoking toplevel() on ptolemy.moml.MoMLSimpleApplication@6a67e680
reloadAllAccessors: .CompareDE

===========================================================================================
----------------- testing Thu Jan 24 03:20:49 UTC 2019 /home/travis/build/icyphy/ptII/ptolemy/actor/lib/test/auto/ComplexDivide.xml
----------------- Instantiating /home/travis/build/icyphy/ptII/ptolemy/actor/lib/test/auto/ComplexDivide.xml
1 ms. Memory: 876544K Free: 631245K (72%)
----------------- Invoking toplevel() on ptolemy.moml.MoMLSimpleApplication@12358c82
----------------- Done invoking toplevel() on ptolemy.moml.MoMLSimpleApplication@12358c82
reloadAllAccessors: .ComplexDivide

===========================================================================================
----------------- testing Thu Jan 24 03:20:49 UTC 2019 /home/travis/build/icyphy/ptII/ptolemy/actor/lib/test/auto/ComputeHistogram.xml
----------------- Instantiating /home/travis/build/icyphy/ptII/ptolemy/actor/lib/test/auto/ComputeHistogram.xml
24 ms. Memory: 876544K Free: 615691K (70%)
----------------- Invoking toplevel() on ptolemy.moml.MoMLSimpleApplication@49d538c2
----------------- Done invoking toplevel() on ptolemy.moml.MoMLSimpleApplication@49d538c2
reloadAllAccessors: .ComputeHistogram

===========================================================================================
----------------- testing Thu Jan 24 03:20:50 UTC 2019 /home/travis/build/icyphy/ptII/ptolemy/actor/lib/test/auto/ConfigurationSelect.xml
----------------- Instantiating /home/travis/build/icyphy/ptII/ptolemy/actor/lib/test/auto/ConfigurationSelect.xml
2 ms. Memory: 876544K Free: 605321K (69%)
----------------- Invoking toplevel() on ptolemy.moml.MoMLSimpleApplication@55aaa212
----------------- Done invoking toplevel() on ptolemy.moml.MoMLSimpleApplication@55aaa212
reloadAllAccessors: .ConfigurationSelect

===========================================================================================
----------------- testing Thu Jan 24 03:20:50 UTC 2019 /home/travis/build/icyphy/ptII/ptolemy/actor/lib/test/auto/ConfigurationSelect2.xml
----------------- Instantiating /home/travis/build/icyphy/ptII/ptolemy/actor/lib/test/auto/ConfigurationSelect2.xml
2 ms. Memory: 876544K Free: 587193K (67%)
----------------- Invoking toplevel() on ptolemy.moml.MoMLSimpleApplication@58735af1
----------------- Done invoking toplevel() on ptolemy.moml.MoMLSimpleApplication@58735af1
reloadAllAccessors: .ConfigurationSelect2

===========================================================================================
----------------- testing Thu Jan 24 03:20:50 UTC 2019 /home/travis/build/icyphy/ptII/ptolemy/actor/lib/test/auto/ConfigurationSwitch.xml
----------------- Instantiating /home/travis/build/icyphy/ptII/ptolemy/actor/lib/test/auto/ConfigurationSwitch.xml
2 ms. Memory: 876544K Free: 576823K (66%)
----------------- Invoking toplevel() on ptolemy.moml.MoMLSimpleApplication@7c61f000
----------------- Done invoking toplevel() on ptolemy.moml.MoMLSimpleApplication@7c61f000
reloadAllAccessors: .ConfigurationSwitch

===========================================================================================
----------------- testing Thu Jan 24 03:20:50 UTC 2019 /home/travis/build/icyphy/ptII/ptolemy/actor/lib/test/auto/ConfigurationSwitch2.xml
----------------- Instantiating /home/travis/build/icyphy/ptII/ptolemy/actor/lib/test/auto/ConfigurationSwitch2.xml
2 ms. Memory: 876544K Free: 566453K (65%)
----------------- Invoking toplevel() on ptolemy.moml.MoMLSimpleApplication@5e7a72e1
----------------- Done invoking toplevel() on ptolemy.moml.MoMLSimpleApplication@5e7a72e1
reloadAllAccessors: .ConfigurationSwitch2

===========================================================================================
----------------- testing Thu Jan 24 03:20:50 UTC 2019 /home/travis/build/icyphy/ptII/ptolemy/actor/lib/test/auto/ConfigurationSwitchCloningBugWithClassRelationGroup.xml
----------------- Instantiating /home/travis/build/icyphy/ptII/ptolemy/actor/lib/test/auto/ConfigurationSwitchCloningBugWithClassRelationGroup.xml
1 ms. Memory: 876544K Free: 543124K (62%)
----------------- Invoking toplevel() on ptolemy.moml.MoMLSimpleApplication@2c44caed
----------------- Done invoking toplevel() on ptolemy.moml.MoMLSimpleApplication@2c44caed
reloadAllAccessors: .ConfigurationSwitchCloningBugWithClassRelationGroup

===========================================================================================
----------------- testing Thu Jan 24 03:20:50 UTC 2019 /home/travis/build/icyphy/ptII/ptolemy/actor/lib/test/auto/ConfigurationSwitchSelectSDF.xml
----------------- Instantiating /home/travis/build/icyphy/ptII/ptolemy/actor/lib/test/auto/ConfigurationSwitchSelectSDF.xml
3 ms. Memory: 876544K Free: 532754K (61%)
----------------- Invoking toplevel() on ptolemy.moml.MoMLSimpleApplication@2384a1cb
----------------- Done invoking toplevel() on ptolemy.moml.MoMLSimpleApplication@2384a1cb
reloadAllAccessors: .ConfigurationSwitchSelectSDF

===========================================================================================
----------------- testing Thu Jan 24 03:20:50 UTC 2019 /home/travis/build/icyphy/ptII/ptolemy/actor/lib/test/auto/ConfigurationSwitchSelectSDF2.xml
----------------- Instantiating /home/travis/build/icyphy/ptII/ptolemy/actor/lib/test/auto/ConfigurationSwitchSelectSDF2.xml
2 ms. Memory: 876544K Free: 522385K (60%)
----------------- Invoking toplevel() on ptolemy.moml.MoMLSimpleApplication@21222582
----------------- Done invoking toplevel() on ptolemy.moml.MoMLSimpleApplication@21222582
reloadAllAccessors: .ConfigurationSwitchSelectSDF2

===========================================================================================
----------------- testing Thu Jan 24 03:20:50 UTC 2019 /home/travis/build/icyphy/ptII/ptolemy/actor/lib/test/auto/Const.xml
----------------- Instantiating /home/travis/build/icyphy/ptII/ptolemy/actor/lib/test/auto/Const.xml
1 ms. Memory: 876544K Free: 504257K (58%)
----------------- Invoking toplevel() on ptolemy.moml.MoMLSimpleApplication@59bdd92d
----------------- Done invoking toplevel() on ptolemy.moml.MoMLSimpleApplication@59bdd92d
reloadAllAccessors: .Const

===========================================================================================
----------------- testing Thu Jan 24 03:20:50 UTC 2019 /home/travis/build/icyphy/ptII/ptolemy/actor/lib/test/auto/Const2.xml
----------------- Instantiating /home/travis/build/icyphy/ptII/ptolemy/actor/lib/test/auto/Const2.xml
1 ms. Memory: 876544K Free: 493887K (56%)
----------------- Invoking toplevel() on ptolemy.moml.MoMLSimpleApplication@1186fda2
----------------- Done invoking toplevel() on ptolemy.moml.MoMLSimpleApplication@1186fda2
reloadAllAccessors: .Const2

===========================================================================================
----------------- testing Thu Jan 24 03:20:50 UTC 2019 /home/travis/build/icyphy/ptII/ptolemy/actor/lib/test/auto/Const3.xml
----------------- Instantiating /home/travis/build/icyphy/ptII/ptolemy/actor/lib/test/auto/Const3.xml
1 ms. Memory: 876544K Free: 483517K (55%)
----------------- Invoking toplevel() on ptolemy.moml.MoMLSimpleApplication@2d1e6ff4
----------------- Done invoking toplevel() on ptolemy.moml.MoMLSimpleApplication@2d1e6ff4
reloadAllAccessors: .Const3

===========================================================================================
----------------- testing Thu Jan 24 03:20:50 UTC 2019 /home/travis/build/icyphy/ptII/ptolemy/actor/lib/test/auto/ConstantPublisherPort1.xml
----------------- Instantiating /home/travis/build/icyphy/ptII/ptolemy/actor/lib/test/auto/ConstantPublisherPort1.xml
6 ms. Memory: 876544K Free: 467962K (53%)
----------------- Invoking toplevel() on ptolemy.moml.MoMLSimpleApplication@7e82ba49
----------------- Done invoking toplevel() on ptolemy.moml.MoMLSimpleApplication@7e82ba49
reloadAllAccessors: .ConstantPublisherPort1

===========================================================================================
----------------- testing Thu Jan 24 03:20:50 UTC 2019 /home/travis/build/icyphy/ptII/ptolemy/actor/lib/test/auto/ConstantPublisherPort2.xml
----------------- Instantiating /home/travis/build/icyphy/ptII/ptolemy/actor/lib/test/auto/ConstantPublisherPort2.xml
4 ms. Memory: 876544K Free: 444633K (51%)
----------------- Invoking toplevel() on ptolemy.moml.MoMLSimpleApplication@611c35aa
----------------- Done invoking toplevel() on ptolemy.moml.MoMLSimpleApplication@611c35aa
reloadAllAccessors: .ConstantPublisherPort2

===========================================================================================
----------------- testing Thu Jan 24 03:20:50 UTC 2019 /home/travis/build/icyphy/ptII/ptolemy/actor/lib/test/auto/ConstantPublisherPort3.xml
----------------- Instantiating /home/travis/build/icyphy/ptII/ptolemy/actor/lib/test/auto/ConstantPublisherPort3.xml
4 ms. Memory: 876544K Free: 429071K (49%)
----------------- Invoking toplevel() on ptolemy.moml.MoMLSimpleApplication@6cf5d8b2
----------------- Done invoking toplevel() on ptolemy.moml.MoMLSimpleApplication@6cf5d8b2
reloadAllAccessors: .ConstantPublisherPort3

===========================================================================================
----------------- testing Thu Jan 24 03:20:50 UTC 2019 /home/travis/build/icyphy/ptII/ptolemy/actor/lib/test/auto/ConstantPublisherPort4.xml
----------------- Instantiating /home/travis/build/icyphy/ptII/ptolemy/actor/lib/test/auto/ConstantPublisherPort4.xml
2 ms. Memory: 876544K Free: 418701K (48%)
----------------- Invoking toplevel() on ptolemy.moml.MoMLSimpleApplication@1c0fb164
----------------- Done invoking toplevel() on ptolemy.moml.MoMLSimpleApplication@1c0fb164
reloadAllAccessors: .ConstantPublisherPort4

===========================================================================================
----------------- testing Thu Jan 24 03:20:50 UTC 2019 /home/travis/build/icyphy/ptII/ptolemy/actor/lib/test/auto/ConstantPublisherPort5.xml
----------------- Instantiating /home/travis/build/icyphy/ptII/ptolemy/actor/lib/test/auto/ConstantPublisherPort5.xml
17 ms. Memory: 876544K Free: 385002K (44%)
----------------- Invoking toplevel() on ptolemy.moml.MoMLSimpleApplication@3087858d
----------------- Done invoking toplevel() on ptolemy.moml.MoMLSimpleApplication@3087858d
reloadAllAccessors: .ConstantPublisherPort5

===========================================================================================
----------------- testing Thu Jan 24 03:20:50 UTC 2019 /home/travis/build/icyphy/ptII/ptolemy/actor/lib/test/auto/ConstantPublisherPort6.xml
----------------- Instantiating /home/travis/build/icyphy/ptII/ptolemy/actor/lib/test/auto/ConstantPublisherPort6.xml
15 ms. Memory: 876544K Free: 359078K (41%)
----------------- Invoking toplevel() on ptolemy.moml.MoMLSimpleApplication@9a47c5f
----------------- Done invoking toplevel() on ptolemy.moml.MoMLSimpleApplication@9a47c5f
reloadAllAccessors: .ConstantPublisherPort6

===========================================================================================
----------------- testing Thu Jan 24 03:20:50 UTC 2019 /home/travis/build/icyphy/ptII/ptolemy/actor/lib/test/auto/ConstantPublisherPort7.xml
----------------- Instantiating /home/travis/build/icyphy/ptII/ptolemy/actor/lib/test/auto/ConstantPublisherPort7.xml
14 ms. Memory: 876544K Free: 333153K (38%)
----------------- Invoking toplevel() on ptolemy.moml.MoMLSimpleApplication@75c9acb1
----------------- Done invoking toplevel() on ptolemy.moml.MoMLSimpleApplication@75c9acb1
reloadAllAccessors: .ConstantPublisherPort7

===========================================================================================
----------------- testing Thu Jan 24 03:20:50 UTC 2019 /home/travis/build/icyphy/ptII/ptolemy/actor/lib/test/auto/ConstraintMonitor1.xml
----------------- Instantiating /home/travis/build/icyphy/ptII/ptolemy/actor/lib/test/auto/ConstraintMonitor1.xml
1 ms. Memory: 876544K Free: 322784K (37%)
----------------- Invoking toplevel() on ptolemy.moml.MoMLSimpleApplication@330b6c86
----------------- Done invoking toplevel() on ptolemy.moml.MoMLSimpleApplication@330b6c86
reloadAllAccessors: .ConstraintMonitor1

===========================================================================================
----------------- testing Thu Jan 24 03:20:50 UTC 2019 /home/travis/build/icyphy/ptII/ptolemy/actor/lib/test/auto/ConstraintMonitor2.xml
----------------- Instantiating /home/travis/build/icyphy/ptII/ptolemy/actor/lib/test/auto/ConstraintMonitor2.xml
2 ms. Memory: 876544K Free: 304655K (35%)
----------------- Invoking toplevel() on ptolemy.moml.MoMLSimpleApplication@7395f0d9
----------------- Done invoking toplevel() on ptolemy.moml.MoMLSimpleApplication@7395f0d9
reloadAllAccessors: .ConstraintMonitor2

===========================================================================================
----------------- testing Thu Jan 24 03:20:50 UTC 2019 /home/travis/build/icyphy/ptII/ptolemy/actor/lib/test/auto/ConstraintMonitor3.xml
----------------- Instantiating /home/travis/build/icyphy/ptII/ptolemy/actor/lib/test/auto/ConstraintMonitor3.xml
7 ms. Memory: 876544K Free: 294286K (34%)
----------------- Invoking toplevel() on ptolemy.moml.MoMLSimpleApplication@37562097
----------------- Done invoking toplevel() on ptolemy.moml.MoMLSimpleApplication@37562097
reloadAllAccessors: .ConstraintMonitor3

===========================================================================================
----------------- testing Thu Jan 24 03:20:50 UTC 2019 /home/travis/build/icyphy/ptII/ptolemy/actor/lib/test/auto/ConstraintMonitor4.xml
----------------- Instantiating /home/travis/build/icyphy/ptII/ptolemy/actor/lib/test/auto/ConstraintMonitor4.xml
5 ms. Memory: 876544K Free: 283916K (32%)
----------------- Invoking toplevel() on ptolemy.moml.MoMLSimpleApplication@6aaee979
----------------- Done invoking toplevel() on ptolemy.moml.MoMLSimpleApplication@6aaee979
reloadAllAccessors: .ConstraintMonitor4

===========================================================================================
----------------- testing Thu Jan 24 03:20:50 UTC 2019 /home/travis/build/icyphy/ptII/ptolemy/actor/lib/test/auto/ConstraintMonitor5.xml
----------------- Instantiating /home/travis/build/icyphy/ptII/ptolemy/actor/lib/test/auto/ConstraintMonitor5.xml
6 ms. Memory: 876544K Free: 265788K (30%)
----------------- Invoking toplevel() on ptolemy.moml.MoMLSimpleApplication@38f66afa
----------------- Done invoking toplevel() on ptolemy.moml.MoMLSimpleApplication@38f66afa
reloadAllAccessors: .ConstraintMonitor5

===========================================================================================
----------------- testing Thu Jan 24 03:20:50 UTC 2019 /home/travis/build/icyphy/ptII/ptolemy/actor/lib/test/auto/ConstraintMonitor6.xml
----------------- Instantiating /home/travis/build/icyphy/ptII/ptolemy/actor/lib/test/auto/ConstraintMonitor6.xml
7 ms. Memory: 876544K Free: 255418K (29%)
----------------- Invoking toplevel() on ptolemy.moml.MoMLSimpleApplication@7cc7ca0a
----------------- Done invoking toplevel() on ptolemy.moml.MoMLSimpleApplication@7cc7ca0a
reloadAllAccessors: .ConstraintMonitor6

===========================================================================================
----------------- testing Thu Jan 24 03:20:50 UTC 2019 /home/travis/build/icyphy/ptII/ptolemy/actor/lib/test/auto/ConstraintMonitor7.xml
----------------- Instantiating /home/travis/build/icyphy/ptII/ptolemy/actor/lib/test/auto/ConstraintMonitor7.xml
2 ms. Memory: 876544K Free: 245048K (28%)
----------------- Invoking toplevel() on ptolemy.moml.MoMLSimpleApplication@2616493a
----------------- Done invoking toplevel() on ptolemy.moml.MoMLSimpleApplication@2616493a
reloadAllAccessors: .ConstraintMonitor7

===========================================================================================
----------------- testing Thu Jan 24 03:20:50 UTC 2019 /home/travis/build/icyphy/ptII/ptolemy/actor/lib/test/auto/ConstraintMonitor8.xml
----------------- Instantiating /home/travis/build/icyphy/ptII/ptolemy/actor/lib/test/auto/ConstraintMonitor8.xml
7 ms. Memory: 876544K Free: 221719K (25%)
----------------- Invoking toplevel() on ptolemy.moml.MoMLSimpleApplication@3454d73
----------------- Done invoking toplevel() on ptolemy.moml.MoMLSimpleApplication@3454d73
reloadAllAccessors: .ConstraintMonitor8

===========================================================================================
----------------- testing Thu Jan 24 03:20:50 UTC 2019 /home/travis/build/icyphy/ptII/ptolemy/actor/lib/test/auto/Counter.xml
----------------- Instantiating /home/travis/build/icyphy/ptII/ptolemy/actor/lib/test/auto/Counter.xml
2 ms. Memory: 876544K Free: 211350K (24%)
----------------- Invoking toplevel() on ptolemy.moml.MoMLSimpleApplication@baec781
----------------- Done invoking toplevel() on ptolemy.moml.MoMLSimpleApplication@baec781
reloadAllAccessors: .Counter

===========================================================================================
----------------- testing Thu Jan 24 03:20:50 UTC 2019 /home/travis/build/icyphy/ptII/ptolemy/actor/lib/test/auto/CurrentTimeSDF.xml
----------------- Instantiating /home/travis/build/icyphy/ptII/ptolemy/actor/lib/test/auto/CurrentTimeSDF.xml
1 ms. Memory: 876544K Free: 200980K (23%)
----------------- Invoking toplevel() on ptolemy.moml.MoMLSimpleApplication@202968f7
----------------- Done invoking toplevel() on ptolemy.moml.MoMLSimpleApplication@202968f7
reloadAllAccessors: .CurrentTimeSDF

===========================================================================================
----------------- testing Thu Jan 24 03:20:50 UTC 2019 /home/travis/build/icyphy/ptII/ptolemy/actor/lib/test/auto/DB.xml
----------------- Instantiating /home/travis/build/icyphy/ptII/ptolemy/actor/lib/test/auto/DB.xml
3 ms. Memory: 876544K Free: 190610K (22%)
----------------- Invoking toplevel() on ptolemy.moml.MoMLSimpleApplication@1282b44b
----------------- Done invoking toplevel() on ptolemy.moml.MoMLSimpleApplication@1282b44b
reloadAllAccessors: .DB

===========================================================================================
----------------- testing Thu Jan 24 03:20:50 UTC 2019 /home/travis/build/icyphy/ptII/ptolemy/actor/lib/test/auto/DBDE.xml
----------------- Instantiating /home/travis/build/icyphy/ptII/ptolemy/actor/lib/test/auto/DBDE.xml
2 ms. Memory: 876544K Free: 172482K (20%)
----------------- Invoking toplevel() on ptolemy.moml.MoMLSimpleApplication@7a20859d
----------------- Done invoking toplevel() on ptolemy.moml.MoMLSimpleApplication@7a20859d
reloadAllAccessors: .DBDE

===========================================================================================
----------------- testing Thu Jan 24 03:20:50 UTC 2019 /home/travis/build/icyphy/ptII/ptolemy/actor/lib/test/auto/DateConstructor.xml
----------------- Instantiating /home/travis/build/icyphy/ptII/ptolemy/actor/lib/test/auto/DateConstructor.xml
10 ms. Memory: 876544K Free: 151743K (17%)
----------------- Invoking toplevel() on ptolemy.moml.MoMLSimpleApplication@77a30ee6
----------------- Done invoking toplevel() on ptolemy.moml.MoMLSimpleApplication@77a30ee6
reloadAllAccessors: .DateConstructor

===========================================================================================
----------------- testing Thu Jan 24 03:20:50 UTC 2019 /home/travis/build/icyphy/ptII/ptolemy/actor/lib/test/auto/DelayTime.xml
----------------- Instantiating /home/travis/build/icyphy/ptII/ptolemy/actor/lib/test/auto/DelayTime.xml
3 ms. Memory: 876544K Free: 141373K (16%)
----------------- Invoking toplevel() on ptolemy.moml.MoMLSimpleApplication@56e26c6
----------------- Done invoking toplevel() on ptolemy.moml.MoMLSimpleApplication@56e26c6
reloadAllAccessors: .DelayTime

===========================================================================================
----------------- testing Thu Jan 24 03:20:50 UTC 2019 /home/travis/build/icyphy/ptII/ptolemy/actor/lib/test/auto/Dictionary1.xml
----------------- Instantiating /home/travis/build/icyphy/ptII/ptolemy/actor/lib/test/auto/Dictionary1.xml
3 ms. Memory: 1360384K Free: 1298365K (95%)
----------------- Invoking toplevel() on ptolemy.moml.MoMLSimpleApplication@4e75ed04
----------------- Done invoking toplevel() on ptolemy.moml.MoMLSimpleApplication@4e75ed04
reloadAllAccessors: .Dictionary1

===========================================================================================
----------------- testing Thu Jan 24 03:20:51 UTC 2019 /home/travis/build/icyphy/ptII/ptolemy/actor/lib/test/auto/Dictionary2.xml
----------------- Instantiating /home/travis/build/icyphy/ptII/ptolemy/actor/lib/test/auto/Dictionary2.xml
1 ms. Memory: 1360384K Free: 1272352K (94%)
----------------- Invoking toplevel() on ptolemy.moml.MoMLSimpleApplication@677145a0
----------------- Done invoking toplevel() on ptolemy.moml.MoMLSimpleApplication@677145a0
reloadAllAccessors: .Dictionary2

===========================================================================================
----------------- testing Thu Jan 24 03:20:51 UTC 2019 /home/travis/build/icyphy/ptII/ptolemy/actor/lib/test/auto/Dictionary3.xml
----------------- Instantiating /home/travis/build/icyphy/ptII/ptolemy/actor/lib/test/auto/Dictionary3.xml
1 ms. Memory: 1360384K Free: 1255756K (92%)
----------------- Invoking toplevel() on ptolemy.moml.MoMLSimpleApplication@6d6fc063
----------------- Done invoking toplevel() on ptolemy.moml.MoMLSimpleApplication@6d6fc063
reloadAllAccessors: .Dictionary3

===========================================================================================
----------------- testing Thu Jan 24 03:20:51 UTC 2019 /home/travis/build/icyphy/ptII/ptolemy/actor/lib/test/auto/Dictionary4.xml
----------------- Instantiating /home/travis/build/icyphy/ptII/ptolemy/actor/lib/test/auto/Dictionary4.xml
3 ms. Memory: 1360384K Free: 1239161K (91%)
----------------- Invoking toplevel() on ptolemy.moml.MoMLSimpleApplication@436cc922
----------------- Done invoking toplevel() on ptolemy.moml.MoMLSimpleApplication@436cc922
reloadAllAccessors: .Dictionary4

===========================================================================================
----------------- testing Thu Jan 24 03:20:51 UTC 2019 /home/travis/build/icyphy/ptII/ptolemy/actor/lib/test/auto/Differential.xml
----------------- Instantiating /home/travis/build/icyphy/ptII/ptolemy/actor/lib/test/auto/Differential.xml
2 ms. Memory: 1360384K Free: 1222565K (90%)
----------------- Invoking toplevel() on ptolemy.moml.MoMLSimpleApplication@46599abe
----------------- Done invoking toplevel() on ptolemy.moml.MoMLSimpleApplication@46599abe
reloadAllAccessors: .Differential

===========================================================================================
----------------- testing Thu Jan 24 03:20:51 UTC 2019 /home/travis/build/icyphy/ptII/ptolemy/actor/lib/test/auto/Director.xml
----------------- Instantiating /home/travis/build/icyphy/ptII/ptolemy/actor/lib/test/auto/Director.xml
1 ms. Memory: 1360384K Free: 1196552K (88%)
----------------- Invoking toplevel() on ptolemy.moml.MoMLSimpleApplication@464d3499
----------------- Done invoking toplevel() on ptolemy.moml.MoMLSimpleApplication@464d3499
reloadAllAccessors: .Director

===========================================================================================
----------------- testing Thu Jan 24 03:20:51 UTC 2019 /home/travis/build/icyphy/ptII/ptolemy/actor/lib/test/auto/DiscreteClock.xml
----------------- Instantiating /home/travis/build/icyphy/ptII/ptolemy/actor/lib/test/auto/DiscreteClock.xml
1 ms. Memory: 1360384K Free: 1179957K (87%)
----------------- Invoking toplevel() on ptolemy.moml.MoMLSimpleApplication@33cc0959
----------------- Done invoking toplevel() on ptolemy.moml.MoMLSimpleApplication@33cc0959
reloadAllAccessors: .DiscreteClock

===========================================================================================
----------------- testing Thu Jan 24 03:20:51 UTC 2019 /home/travis/build/icyphy/ptII/ptolemy/actor/lib/test/auto/DiscreteClock10.xml
----------------- Instantiating /home/travis/build/icyphy/ptII/ptolemy/actor/lib/test/auto/DiscreteClock10.xml
2 ms. Memory: 1360384K Free: 1163361K (86%)
----------------- Invoking toplevel() on ptolemy.moml.MoMLSimpleApplication@cfa6966
----------------- Done invoking toplevel() on ptolemy.moml.MoMLSimpleApplication@cfa6966
reloadAllAccessors: .DiscreteClock10

===========================================================================================
----------------- testing Thu Jan 24 03:20:51 UTC 2019 /home/travis/build/icyphy/ptII/ptolemy/actor/lib/test/auto/DiscreteClock11.xml
----------------- Instantiating /home/travis/build/icyphy/ptII/ptolemy/actor/lib/test/auto/DiscreteClock11.xml
2 ms. Memory: 1360384K Free: 1146507K (84%)
----------------- Invoking toplevel() on ptolemy.moml.MoMLSimpleApplication@1281305c
----------------- Done invoking toplevel() on ptolemy.moml.MoMLSimpleApplication@1281305c
reloadAllAccessors: .DiscreteClock11

===========================================================================================
----------------- testing Thu Jan 24 03:20:51 UTC 2019 /home/travis/build/icyphy/ptII/ptolemy/actor/lib/test/auto/DiscreteClock12.xml
----------------- Instantiating /home/travis/build/icyphy/ptII/ptolemy/actor/lib/test/auto/DiscreteClock12.xml
2 ms. Memory: 1360384K Free: 1120494K (82%)
----------------- Invoking toplevel() on ptolemy.moml.MoMLSimpleApplication@2cf64b27
----------------- Done invoking toplevel() on ptolemy.moml.MoMLSimpleApplication@2cf64b27
reloadAllAccessors: .DiscreteClock12

===========================================================================================
----------------- testing Thu Jan 24 03:20:51 UTC 2019 /home/travis/build/icyphy/ptII/ptolemy/actor/lib/test/auto/DiscreteClock13.xml
----------------- Instantiating /home/travis/build/icyphy/ptII/ptolemy/actor/lib/test/auto/DiscreteClock13.xml
6 ms. Memory: 1360384K Free: 1103898K (81%)
----------------- Invoking toplevel() on ptolemy.moml.MoMLSimpleApplication@192db8e4
----------------- Done invoking toplevel() on ptolemy.moml.MoMLSimpleApplication@192db8e4
reloadAllAccessors: .DiscreteClock13

===========================================================================================
----------------- testing Thu Jan 24 03:20:51 UTC 2019 /home/travis/build/icyphy/ptII/ptolemy/actor/lib/test/auto/DiscreteClock14.xml
----------------- Instantiating /home/travis/build/icyphy/ptII/ptolemy/actor/lib/test/auto/DiscreteClock14.xml
6 ms. Memory: 1360384K Free: 1087303K (80%)
----------------- Invoking toplevel() on ptolemy.moml.MoMLSimpleApplication@42c986b6
----------------- Done invoking toplevel() on ptolemy.moml.MoMLSimpleApplication@42c986b6
reloadAllAccessors: .DiscreteClock14

===========================================================================================
----------------- testing Thu Jan 24 03:20:51 UTC 2019 /home/travis/build/icyphy/ptII/ptolemy/actor/lib/test/auto/DiscreteClock15.xml
----------------- Instantiating /home/travis/build/icyphy/ptII/ptolemy/actor/lib/test/auto/DiscreteClock15.xml
6 ms. Memory: 1360384K Free: 1070707K (79%)
----------------- Invoking toplevel() on ptolemy.moml.MoMLSimpleApplication@10435672
----------------- Done invoking toplevel() on ptolemy.moml.MoMLSimpleApplication@10435672
reloadAllAccessors: .DiscreteClock15

===========================================================================================
----------------- testing Thu Jan 24 03:20:51 UTC 2019 /home/travis/build/icyphy/ptII/ptolemy/actor/lib/test/auto/DiscreteClock16.xml
----------------- Instantiating /home/travis/build/icyphy/ptII/ptolemy/actor/lib/test/auto/DiscreteClock16.xml
13 ms. Memory: 1360384K Free: 1036380K (76%)
----------------- Invoking toplevel() on ptolemy.moml.MoMLSimpleApplication@7dc2947
----------------- Done invoking toplevel() on ptolemy.moml.MoMLSimpleApplication@7dc2947
reloadAllAccessors: .DiscreteClock16

===========================================================================================
----------------- testing Thu Jan 24 03:20:51 UTC 2019 /home/travis/build/icyphy/ptII/ptolemy/actor/lib/test/auto/DiscreteClock17.xml
----------------- Instantiating /home/travis/build/icyphy/ptII/ptolemy/actor/lib/test/auto/DiscreteClock17.xml
14 ms. Memory: 1360384K Free: 1011471K (74%)
----------------- Invoking toplevel() on ptolemy.moml.MoMLSimpleApplication@21325b50
----------------- Done invoking toplevel() on ptolemy.moml.MoMLSimpleApplication@21325b50
reloadAllAccessors: .DiscreteClock17

===========================================================================================
----------------- testing Thu Jan 24 03:20:51 UTC 2019 /home/travis/build/icyphy/ptII/ptolemy/actor/lib/test/auto/DiscreteClock18.xml
----------------- Instantiating /home/travis/build/icyphy/ptII/ptolemy/actor/lib/test/auto/DiscreteClock18.xml
10 ms. Memory: 1360384K Free: 986561K (73%)
----------------- Invoking toplevel() on ptolemy.moml.MoMLSimpleApplication@6280b421
----------------- Done invoking toplevel() on ptolemy.moml.MoMLSimpleApplication@6280b421
reloadAllAccessors: .DiscreteClock18

===========================================================================================
----------------- testing Thu Jan 24 03:20:51 UTC 2019 /home/travis/build/icyphy/ptII/ptolemy/actor/lib/test/auto/DiscreteClock19.xml
----------------- Instantiating /home/travis/build/icyphy/ptII/ptolemy/actor/lib/test/auto/DiscreteClock19.xml
19 ms. Memory: 1360384K Free: 961652K (71%)
----------------- Invoking toplevel() on ptolemy.moml.MoMLSimpleApplication@2338d509
----------------- Done invoking toplevel() on ptolemy.moml.MoMLSimpleApplication@2338d509
reloadAllAccessors: .DiscreteClock19

===========================================================================================
----------------- testing Thu Jan 24 03:20:51 UTC 2019 /home/travis/build/icyphy/ptII/ptolemy/actor/lib/test/auto/DiscreteClock2.xml
----------------- Instantiating /home/travis/build/icyphy/ptII/ptolemy/actor/lib/test/auto/DiscreteClock2.xml
5 ms. Memory: 1360384K Free: 935639K (69%)
----------------- Invoking toplevel() on ptolemy.moml.MoMLSimpleApplication@198e66c1
----------------- Done invoking toplevel() on ptolemy.moml.MoMLSimpleApplication@198e66c1
reloadAllAccessors: .DiscreteClock2

===========================================================================================
----------------- testing Thu Jan 24 03:20:51 UTC 2019 /home/travis/build/icyphy/ptII/ptolemy/actor/lib/test/auto/DiscreteClock20.xml
----------------- Instantiating /home/travis/build/icyphy/ptII/ptolemy/actor/lib/test/auto/DiscreteClock20.xml
8 ms. Memory: 1360384K Free: 919043K (68%)
----------------- Invoking toplevel() on ptolemy.moml.MoMLSimpleApplication@41868dd4
----------------- Done invoking toplevel() on ptolemy.moml.MoMLSimpleApplication@41868dd4
reloadAllAccessors: .DiscreteClock20

===========================================================================================
----------------- testing Thu Jan 24 03:20:51 UTC 2019 /home/travis/build/icyphy/ptII/ptolemy/actor/lib/test/auto/DiscreteClock21.xml
----------------- Instantiating /home/travis/build/icyphy/ptII/ptolemy/actor/lib/test/auto/DiscreteClock21.xml
5 ms. Memory: 1360384K Free: 902448K (66%)
----------------- Invoking toplevel() on ptolemy.moml.MoMLSimpleApplication@41ed2325
----------------- Done invoking toplevel() on ptolemy.moml.MoMLSimpleApplication@41ed2325
reloadAllAccessors: .DiscreteClock21

===========================================================================================
----------------- testing Thu Jan 24 03:20:51 UTC 2019 /home/travis/build/icyphy/ptII/ptolemy/actor/lib/test/auto/DiscreteClock22.xml
----------------- Instantiating /home/travis/build/icyphy/ptII/ptolemy/actor/lib/test/auto/DiscreteClock22.xml
3 ms. Memory: 1360384K Free: 885852K (65%)
----------------- Invoking toplevel() on ptolemy.moml.MoMLSimpleApplication@4b7319d4
----------------- Done invoking toplevel() on ptolemy.moml.MoMLSimpleApplication@4b7319d4
reloadAllAccessors: .DiscreteClock22

===========================================================================================
----------------- testing Thu Jan 24 03:20:51 UTC 2019 /home/travis/build/icyphy/ptII/ptolemy/actor/lib/test/auto/DiscreteClock23.xml
----------------- Instantiating /home/travis/build/icyphy/ptII/ptolemy/actor/lib/test/auto/DiscreteClock23.xml
11 ms. Memory: 1360384K Free: 859839K (63%)
----------------- Invoking toplevel() on ptolemy.moml.MoMLSimpleApplication@34a0d7d1
----------------- Done invoking toplevel() on ptolemy.moml.MoMLSimpleApplication@34a0d7d1
reloadAllAccessors: .DiscreteClock23

===========================================================================================
----------------- testing Thu Jan 24 03:20:51 UTC 2019 /home/travis/build/icyphy/ptII/ptolemy/actor/lib/test/auto/DiscreteClock24.xml
----------------- Instantiating /home/travis/build/icyphy/ptII/ptolemy/actor/lib/test/auto/DiscreteClock24.xml
6 ms. Memory: 1360384K Free: 843243K (62%)
----------------- Invoking toplevel() on ptolemy.moml.MoMLSimpleApplication@c9b0b14
----------------- Done invoking toplevel() on ptolemy.moml.MoMLSimpleApplication@c9b0b14
reloadAllAccessors: .DiscreteClock24

===========================================================================================
----------------- testing Thu Jan 24 03:20:51 UTC 2019 /home/travis/build/icyphy/ptII/ptolemy/actor/lib/test/auto/DiscreteClock4.xml
----------------- Instantiating /home/travis/build/icyphy/ptII/ptolemy/actor/lib/test/auto/DiscreteClock4.xml
3 ms. Memory: 1360384K Free: 826648K (61%)
----------------- Invoking toplevel() on ptolemy.moml.MoMLSimpleApplication@7df744e3
----------------- Done invoking toplevel() on ptolemy.moml.MoMLSimpleApplication@7df744e3
reloadAllAccessors: .DiscreteClock4

===========================================================================================
----------------- testing Thu Jan 24 03:20:51 UTC 2019 /home/travis/build/icyphy/ptII/ptolemy/actor/lib/test/auto/DiscreteClock5.xml
----------------- Instantiating /home/travis/build/icyphy/ptII/ptolemy/actor/lib/test/auto/DiscreteClock5.xml
1 ms. Memory: 1360384K Free: 810052K (60%)
----------------- Invoking toplevel() on ptolemy.moml.MoMLSimpleApplication@6ad2c4e5
----------------- Done invoking toplevel() on ptolemy.moml.MoMLSimpleApplication@6ad2c4e5
reloadAllAccessors: .DiscreteClock5

===========================================================================================
----------------- testing Thu Jan 24 03:20:51 UTC 2019 /home/travis/build/icyphy/ptII/ptolemy/actor/lib/test/auto/DiscreteClock6.xml
----------------- Instantiating /home/travis/build/icyphy/ptII/ptolemy/actor/lib/test/auto/DiscreteClock6.xml
1 ms. Memory: 1360384K Free: 784039K (58%)
----------------- Invoking toplevel() on ptolemy.moml.MoMLSimpleApplication@4df26d95
----------------- Done invoking toplevel() on ptolemy.moml.MoMLSimpleApplication@4df26d95
reloadAllAccessors: .DiscreteClock6

===========================================================================================
----------------- testing Thu Jan 24 03:20:51 UTC 2019 /home/travis/build/icyphy/ptII/ptolemy/actor/lib/test/auto/DiscreteClock7.xml
----------------- Instantiating /home/travis/build/icyphy/ptII/ptolemy/actor/lib/test/auto/DiscreteClock7.xml
1 ms. Memory: 1360384K Free: 767443K (56%)
----------------- Invoking toplevel() on ptolemy.moml.MoMLSimpleApplication@12f0669d
----------------- Done invoking toplevel() on ptolemy.moml.MoMLSimpleApplication@12f0669d
reloadAllAccessors: .DiscreteClock7

===========================================================================================
----------------- testing Thu Jan 24 03:20:51 UTC 2019 /home/travis/build/icyphy/ptII/ptolemy/actor/lib/test/auto/DiscreteClock8.xml
----------------- Instantiating /home/travis/build/icyphy/ptII/ptolemy/actor/lib/test/auto/DiscreteClock8.xml
5 ms. Memory: 1360384K Free: 750848K (55%)
----------------- Invoking toplevel() on ptolemy.moml.MoMLSimpleApplication@31b2d45e
----------------- Done invoking toplevel() on ptolemy.moml.MoMLSimpleApplication@31b2d45e
reloadAllAccessors: .DiscreteClock8

===========================================================================================
----------------- testing Thu Jan 24 03:20:51 UTC 2019 /home/travis/build/icyphy/ptII/ptolemy/actor/lib/test/auto/DiscreteClock9.xml
----------------- Instantiating /home/travis/build/icyphy/ptII/ptolemy/actor/lib/test/auto/DiscreteClock9.xml
1 ms. Memory: 1360384K Free: 734252K (54%)
----------------- Invoking toplevel() on ptolemy.moml.MoMLSimpleApplication@797c98e3
----------------- Done invoking toplevel() on ptolemy.moml.MoMLSimpleApplication@797c98e3
reloadAllAccessors: .DiscreteClock9

===========================================================================================
----------------- testing Thu Jan 24 03:20:51 UTC 2019 /home/travis/build/icyphy/ptII/ptolemy/actor/lib/test/auto/DisplayArray.xml
----------------- Instantiating /home/travis/build/icyphy/ptII/ptolemy/actor/lib/test/auto/DisplayArray.xml
1 ms. Memory: 1360384K Free: 708239K (52%)
----------------- Invoking toplevel() on ptolemy.moml.MoMLSimpleApplication@792d99f5
----------------- Done invoking toplevel() on ptolemy.moml.MoMLSimpleApplication@792d99f5
reloadAllAccessors: .DisplayArray

===========================================================================================
----------------- testing Thu Jan 24 03:20:51 UTC 2019 /home/travis/build/icyphy/ptII/ptolemy/actor/lib/test/auto/Distributor.xml
----------------- Instantiating /home/travis/build/icyphy/ptII/ptolemy/actor/lib/test/auto/Distributor.xml
1 ms. Memory: 1360384K Free: 691643K (51%)
----------------- Invoking toplevel() on ptolemy.moml.MoMLSimpleApplication@36c36ff3
----------------- Done invoking toplevel() on ptolemy.moml.MoMLSimpleApplication@36c36ff3
reloadAllAccessors: .Distributor

===========================================================================================
----------------- testing Thu Jan 24 03:20:51 UTC 2019 /home/travis/build/icyphy/ptII/ptolemy/actor/lib/test/auto/Distributor2.xml
----------------- Instantiating /home/travis/build/icyphy/ptII/ptolemy/actor/lib/test/auto/Distributor2.xml
1 ms. Memory: 1360384K Free: 675048K (50%)
----------------- Invoking toplevel() on ptolemy.moml.MoMLSimpleApplication@14eee529
----------------- Done invoking toplevel() on ptolemy.moml.MoMLSimpleApplication@14eee529
reloadAllAccessors: .Distributor2

===========================================================================================
----------------- testing Thu Jan 24 03:20:51 UTC 2019 /home/travis/build/icyphy/ptII/ptolemy/actor/lib/test/auto/DownSample.xml
----------------- Instantiating /home/travis/build/icyphy/ptII/ptolemy/actor/lib/test/auto/DownSample.xml
6 ms. Memory: 1360384K Free: 658452K (48%)
----------------- Invoking toplevel() on ptolemy.moml.MoMLSimpleApplication@47897d07
----------------- Done invoking toplevel() on ptolemy.moml.MoMLSimpleApplication@47897d07
reloadAllAccessors: .DownSample

===========================================================================================
----------------- testing Thu Jan 24 03:20:51 UTC 2019 /home/travis/build/icyphy/ptII/ptolemy/actor/lib/test/auto/ElectronicUnitBase1.xml
----------------- Instantiating /home/travis/build/icyphy/ptII/ptolemy/actor/lib/test/auto/ElectronicUnitBase1.xml
19 ms. Memory: 1360384K Free: 624133K (46%)
----------------- Invoking toplevel() on ptolemy.moml.MoMLSimpleApplication@17b750b3
----------------- Done invoking toplevel() on ptolemy.moml.MoMLSimpleApplication@17b750b3
reloadAllAccessors: .ElectronicUnitBase1

===========================================================================================
----------------- testing Thu Jan 24 03:20:51 UTC 2019 /home/travis/build/icyphy/ptII/ptolemy/actor/lib/test/auto/ElementsToArray.xml
----------------- Instantiating /home/travis/build/icyphy/ptII/ptolemy/actor/lib/test/auto/ElementsToArray.xml
1 ms. Memory: 1360384K Free: 607538K (45%)
----------------- Invoking toplevel() on ptolemy.moml.MoMLSimpleApplication@2d18f32a
----------------- Done invoking toplevel() on ptolemy.moml.MoMLSimpleApplication@2d18f32a
reloadAllAccessors: .ElementsToArray

===========================================================================================
----------------- testing Thu Jan 24 03:20:51 UTC 2019 /home/travis/build/icyphy/ptII/ptolemy/actor/lib/test/auto/Equals.xml
----------------- Instantiating /home/travis/build/icyphy/ptII/ptolemy/actor/lib/test/auto/Equals.xml
2 ms. Memory: 1360384K Free: 590942K (43%)
----------------- Invoking toplevel() on ptolemy.moml.MoMLSimpleApplication@7301938c
----------------- Done invoking toplevel() on ptolemy.moml.MoMLSimpleApplication@7301938c
reloadAllAccessors: .Equals

===========================================================================================
----------------- testing Thu Jan 24 03:20:52 UTC 2019 /home/travis/build/icyphy/ptII/ptolemy/actor/lib/test/auto/Exec.xml
----------------- Instantiating /home/travis/build/icyphy/ptII/ptolemy/actor/lib/test/auto/Exec.xml
12 ms. Memory: 1360384K Free: 561900K (41%)
----------------- Invoking toplevel() on ptolemy.moml.MoMLSimpleApplication@4af655ad
----------------- Done invoking toplevel() on ptolemy.moml.MoMLSimpleApplication@4af655ad
reloadAllAccessors: .Exec

===========================================================================================
----------------- testing Thu Jan 24 03:20:52 UTC 2019 /home/travis/build/icyphy/ptII/ptolemy/actor/lib/test/auto/ExecEnvironment.xml
----------------- Instantiating /home/travis/build/icyphy/ptII/ptolemy/actor/lib/test/auto/ExecEnvironment.xml
24 ms. Memory: 1360384K Free: 535887K (39%)
----------------- Invoking toplevel() on ptolemy.moml.MoMLSimpleApplication@58a42fc9
----------------- Done invoking toplevel() on ptolemy.moml.MoMLSimpleApplication@58a42fc9
reloadAllAccessors: .ExecEnvironment

===========================================================================================
----------------- testing Thu Jan 24 03:20:52 UTC 2019 /home/travis/build/icyphy/ptII/ptolemy/actor/lib/test/auto/ExecNonZeroReturnOutput.xml
----------------- Instantiating /home/travis/build/icyphy/ptII/ptolemy/actor/lib/test/auto/ExecNonZeroReturnOutput.xml
125 ms. Memory: 1360384K Free: 411419K (30%)
----------------- Invoking toplevel() on ptolemy.moml.MoMLSimpleApplication@31558192
----------------- Done invoking toplevel() on ptolemy.moml.MoMLSimpleApplication@31558192
reloadAllAccessors: .ExecNonZeroReturnOutput

===========================================================================================
----------------- testing Thu Jan 24 03:20:52 UTC 2019 /home/travis/build/icyphy/ptII/ptolemy/actor/lib/test/auto/ExecRunDemos.xml
----------------- Instantiating /home/travis/build/icyphy/ptII/ptolemy/actor/lib/test/auto/ExecRunDemos.xml
Finished: 85 ms. Memory: 116224K Free: 100070K (86%)

Finished: 47 ms. Memory: 116224K Free: 96385K (83%)

Finished: 48 ms. Memory: 116224K Free: 96950K (83%)

Finished: 44 ms. Memory: 116224K Free: 98252K (85%)

Finished: 35 ms. Memory: 116224K Free: 99492K (86%)

9293 ms. Memory: 1360384K Free: 303530K (22%)
----------------- Invoking toplevel() on ptolemy.moml.MoMLSimpleApplication@8bb80e6
----------------- Done invoking toplevel() on ptolemy.moml.MoMLSimpleApplication@8bb80e6
reloadAllAccessors: .ExecRunDemos

===========================================================================================
----------------- testing Thu Jan 24 03:21:01 UTC 2019 /home/travis/build/icyphy/ptII/ptolemy/actor/lib/test/auto/ExecStop.xml
----------------- Instantiating /home/travis/build/icyphy/ptII/ptolemy/actor/lib/test/auto/ExecStop.xml
5009 ms. Memory: 1360384K Free: 96083K (7%)
----------------- Invoking toplevel() on ptolemy.moml.MoMLSimpleApplication@6213e3d
----------------- Done invoking toplevel() on ptolemy.moml.MoMLSimpleApplication@6213e3d
reloadAllAccessors: .ExecStop

===========================================================================================
----------------- testing Thu Jan 24 03:21:06 UTC 2019 /home/travis/build/icyphy/ptII/ptolemy/actor/lib/test/auto/ExecutionTimeSDF.xml
----------------- Instantiating /home/travis/build/icyphy/ptII/ptolemy/actor/lib/test/auto/ExecutionTimeSDF.xml
Fired ExecutionTime: 1908800000
Fired ExecutionTime: 980800000
Fired ExecutionTime: -1692967296
6003 ms. Memory: 1360384K Free: 1311557K (96%)
----------------- Invoking toplevel() on ptolemy.moml.MoMLSimpleApplication@378914b7
----------------- Done invoking toplevel() on ptolemy.moml.MoMLSimpleApplication@378914b7
reloadAllAccessors: .ExecutionTimeSDF

===========================================================================================
----------------- testing Thu Jan 24 03:21:12 UTC 2019 /home/travis/build/icyphy/ptII/ptolemy/actor/lib/test/auto/Expression1.xml
----------------- Instantiating /home/travis/build/icyphy/ptII/ptolemy/actor/lib/test/auto/Expression1.xml
2 ms. Memory: 1360384K Free: 1292330K (95%)
----------------- Invoking toplevel() on ptolemy.moml.MoMLSimpleApplication@70b8576b
----------------- Done invoking toplevel() on ptolemy.moml.MoMLSimpleApplication@70b8576b
reloadAllAccessors: .Expression1

===========================================================================================
----------------- testing Thu Jan 24 03:21:12 UTC 2019 /home/travis/build/icyphy/ptII/ptolemy/actor/lib/test/auto/Expression10.xml
----------------- Instantiating /home/travis/build/icyphy/ptII/ptolemy/actor/lib/test/auto/Expression10.xml
3 ms. Memory: 1360384K Free: 1279884K (94%)
----------------- Invoking toplevel() on ptolemy.moml.MoMLSimpleApplication@2779ed76
----------------- Done invoking toplevel() on ptolemy.moml.MoMLSimpleApplication@2779ed76
reloadAllAccessors: .Expression10

===========================================================================================
----------------- testing Thu Jan 24 03:21:12 UTC 2019 /home/travis/build/icyphy/ptII/ptolemy/actor/lib/test/auto/Expression11.xml
----------------- Instantiating /home/travis/build/icyphy/ptII/ptolemy/actor/lib/test/auto/Expression11.xml
1 ms. Memory: 1360384K Free: 1260656K (93%)
----------------- Invoking toplevel() on ptolemy.moml.MoMLSimpleApplication@4533294c
----------------- Done invoking toplevel() on ptolemy.moml.MoMLSimpleApplication@4533294c
reloadAllAccessors: .Expression11

===========================================================================================
----------------- testing Thu Jan 24 03:21:12 UTC 2019 /home/travis/build/icyphy/ptII/ptolemy/actor/lib/test/auto/Expression12.xml
----------------- Instantiating /home/travis/build/icyphy/ptII/ptolemy/actor/lib/test/auto/Expression12.xml
2 ms. Memory: 1360384K Free: 1248210K (92%)
----------------- Invoking toplevel() on ptolemy.moml.MoMLSimpleApplication@4744e7aa
----------------- Done invoking toplevel() on ptolemy.moml.MoMLSimpleApplication@4744e7aa
reloadAllAccessors: .Expression12

===========================================================================================
----------------- testing Thu Jan 24 03:21:12 UTC 2019 /home/travis/build/icyphy/ptII/ptolemy/actor/lib/test/auto/Expression13.xml
----------------- Instantiating /home/travis/build/icyphy/ptII/ptolemy/actor/lib/test/auto/Expression13.xml
3 ms. Memory: 1360384K Free: 1235763K (91%)
----------------- Invoking toplevel() on ptolemy.moml.MoMLSimpleApplication@5967368
----------------- Done invoking toplevel() on ptolemy.moml.MoMLSimpleApplication@5967368
reloadAllAccessors: .Expression13

===========================================================================================
----------------- testing Thu Jan 24 03:21:12 UTC 2019 /home/travis/build/icyphy/ptII/ptolemy/actor/lib/test/auto/Expression14.xml
----------------- Instantiating /home/travis/build/icyphy/ptII/ptolemy/actor/lib/test/auto/Expression14.xml
3 ms. Memory: 1360384K Free: 1216536K (89%)
----------------- Invoking toplevel() on ptolemy.moml.MoMLSimpleApplication@330e9023
----------------- Done invoking toplevel() on ptolemy.moml.MoMLSimpleApplication@330e9023
reloadAllAccessors: .Expression14

===========================================================================================
----------------- testing Thu Jan 24 03:21:12 UTC 2019 /home/travis/build/icyphy/ptII/ptolemy/actor/lib/test/auto/Expression15.xml
----------------- Instantiating /home/travis/build/icyphy/ptII/ptolemy/actor/lib/test/auto/Expression15.xml
1 ms. Memory: 1360384K Free: 1204089K (89%)
----------------- Invoking toplevel() on ptolemy.moml.MoMLSimpleApplication@738bb58c
----------------- Done invoking toplevel() on ptolemy.moml.MoMLSimpleApplication@738bb58c
reloadAllAccessors: .Expression15

===========================================================================================
----------------- testing Thu Jan 24 03:21:12 UTC 2019 /home/travis/build/icyphy/ptII/ptolemy/actor/lib/test/auto/Expression16.xml
----------------- Instantiating /home/travis/build/icyphy/ptII/ptolemy/actor/lib/test/auto/Expression16.xml
4 ms. Memory: 1360384K Free: 1191642K (88%)
----------------- Invoking toplevel() on ptolemy.moml.MoMLSimpleApplication@4fb69fe5
----------------- Done invoking toplevel() on ptolemy.moml.MoMLSimpleApplication@4fb69fe5
reloadAllAccessors: .Expression16

===========================================================================================
----------------- testing Thu Jan 24 03:21:12 UTC 2019 /home/travis/build/icyphy/ptII/ptolemy/actor/lib/test/auto/Expression17.xml
----------------- Instantiating /home/travis/build/icyphy/ptII/ptolemy/actor/lib/test/auto/Expression17.xml
3 ms. Memory: 1360384K Free: 1172415K (86%)
----------------- Invoking toplevel() on ptolemy.moml.MoMLSimpleApplication@42d458df
----------------- Done invoking toplevel() on ptolemy.moml.MoMLSimpleApplication@42d458df
reloadAllAccessors: .Expression17

===========================================================================================
----------------- testing Thu Jan 24 03:21:12 UTC 2019 /home/travis/build/icyphy/ptII/ptolemy/actor/lib/test/auto/Expression18.xml
----------------- Instantiating /home/travis/build/icyphy/ptII/ptolemy/actor/lib/test/auto/Expression18.xml
3 ms. Memory: 1360384K Free: 1159968K (85%)
----------------- Invoking toplevel() on ptolemy.moml.MoMLSimpleApplication@102f18
----------------- Done invoking toplevel() on ptolemy.moml.MoMLSimpleApplication@102f18
reloadAllAccessors: .Expression18

===========================================================================================
----------------- testing Thu Jan 24 03:21:12 UTC 2019 /home/travis/build/icyphy/ptII/ptolemy/actor/lib/test/auto/Expression2.xml
----------------- Instantiating /home/travis/build/icyphy/ptII/ptolemy/actor/lib/test/auto/Expression2.xml
2 ms. Memory: 1360384K Free: 1147522K (84%)
----------------- Invoking toplevel() on ptolemy.moml.MoMLSimpleApplication@53165a2c
----------------- Done invoking toplevel() on ptolemy.moml.MoMLSimpleApplication@53165a2c
reloadAllAccessors: .Expression2

===========================================================================================
----------------- testing Thu Jan 24 03:21:12 UTC 2019 /home/travis/build/icyphy/ptII/ptolemy/actor/lib/test/auto/Expression3.xml
----------------- Instantiating /home/travis/build/icyphy/ptII/ptolemy/actor/lib/test/auto/Expression3.xml
5 ms. Memory: 1360384K Free: 1128295K (83%)
----------------- Invoking toplevel() on ptolemy.moml.MoMLSimpleApplication@3540e5ba
----------------- Done invoking toplevel() on ptolemy.moml.MoMLSimpleApplication@3540e5ba
reloadAllAccessors: .Expression3

===========================================================================================
----------------- testing Thu Jan 24 03:21:12 UTC 2019 /home/travis/build/icyphy/ptII/ptolemy/actor/lib/test/auto/Expression4.xml
----------------- Instantiating /home/travis/build/icyphy/ptII/ptolemy/actor/lib/test/auto/Expression4.xml
4 ms. Memory: 1360384K Free: 1115848K (82%)
----------------- Invoking toplevel() on ptolemy.moml.MoMLSimpleApplication@340a4c01
----------------- Done invoking toplevel() on ptolemy.moml.MoMLSimpleApplication@340a4c01
reloadAllAccessors: .Expression4

===========================================================================================
----------------- testing Thu Jan 24 03:21:12 UTC 2019 /home/travis/build/icyphy/ptII/ptolemy/actor/lib/test/auto/Expression5.xml
----------------- Instantiating /home/travis/build/icyphy/ptII/ptolemy/actor/lib/test/auto/Expression5.xml
4 ms. Memory: 1360384K Free: 1103401K (81%)
----------------- Invoking toplevel() on ptolemy.moml.MoMLSimpleApplication@73be7602
----------------- Done invoking toplevel() on ptolemy.moml.MoMLSimpleApplication@73be7602
reloadAllAccessors: .Expression5

===========================================================================================
----------------- testing Thu Jan 24 03:21:12 UTC 2019 /home/travis/build/icyphy/ptII/ptolemy/actor/lib/test/auto/Expression6.xml
----------------- Instantiating /home/travis/build/icyphy/ptII/ptolemy/actor/lib/test/auto/Expression6.xml
2 ms. Memory: 1360384K Free: 1084174K (80%)
----------------- Invoking toplevel() on ptolemy.moml.MoMLSimpleApplication@4d21e907
----------------- Done invoking toplevel() on ptolemy.moml.MoMLSimpleApplication@4d21e907
reloadAllAccessors: .Expression6

===========================================================================================
----------------- testing Thu Jan 24 03:21:12 UTC 2019 /home/travis/build/icyphy/ptII/ptolemy/actor/lib/test/auto/Expression7.xml
----------------- Instantiating /home/travis/build/icyphy/ptII/ptolemy/actor/lib/test/auto/Expression7.xml
2 ms. Memory: 1360384K Free: 1071727K (79%)
----------------- Invoking toplevel() on ptolemy.moml.MoMLSimpleApplication@1c7f596c
----------------- Done invoking toplevel() on ptolemy.moml.MoMLSimpleApplication@1c7f596c
reloadAllAccessors: .Expression7

===========================================================================================
----------------- testing Thu Jan 24 03:21:12 UTC 2019 /home/travis/build/icyphy/ptII/ptolemy/actor/lib/test/auto/Expression8.xml
----------------- Instantiating /home/travis/build/icyphy/ptII/ptolemy/actor/lib/test/auto/Expression8.xml
8 ms. Memory: 1360384K Free: 1059280K (78%)
----------------- Invoking toplevel() on ptolemy.moml.MoMLSimpleApplication@78c12ae7
----------------- Done invoking toplevel() on ptolemy.moml.MoMLSimpleApplication@78c12ae7
reloadAllAccessors: .Expression8

===========================================================================================
----------------- testing Thu Jan 24 03:21:12 UTC 2019 /home/travis/build/icyphy/ptII/ptolemy/actor/lib/test/auto/Expression9.xml
----------------- Instantiating /home/travis/build/icyphy/ptII/ptolemy/actor/lib/test/auto/Expression9.xml
1 ms. Memory: 1360384K Free: 1040053K (76%)
----------------- Invoking toplevel() on ptolemy.moml.MoMLSimpleApplication@6ba7481a
----------------- Done invoking toplevel() on ptolemy.moml.MoMLSimpleApplication@6ba7481a
reloadAllAccessors: .Expression9

===========================================================================================
----------------- testing Thu Jan 24 03:21:12 UTC 2019 /home/travis/build/icyphy/ptII/ptolemy/actor/lib/test/auto/ExpressionConcatenateArrayType.xml
----------------- Instantiating /home/travis/build/icyphy/ptII/ptolemy/actor/lib/test/auto/ExpressionConcatenateArrayType.xml
2 ms. Memory: 1360384K Free: 1027606K (76%)
----------------- Invoking toplevel() on ptolemy.moml.MoMLSimpleApplication@6d5834ef
----------------- Done invoking toplevel() on ptolemy.moml.MoMLSimpleApplication@6d5834ef
reloadAllAccessors: .ExpressionConcatenateArrayType

===========================================================================================
----------------- testing Thu Jan 24 03:21:12 UTC 2019 /home/travis/build/icyphy/ptII/ptolemy/actor/lib/test/auto/ExpressionConcatenateArrayType2.xml
----------------- Instantiating /home/travis/build/icyphy/ptII/ptolemy/actor/lib/test/auto/ExpressionConcatenateArrayType2.xml
1 ms. Memory: 1360384K Free: 1003120K (74%)
----------------- Invoking toplevel() on ptolemy.moml.MoMLSimpleApplication@424a13bf
----------------- Done invoking toplevel() on ptolemy.moml.MoMLSimpleApplication@424a13bf
reloadAllAccessors: .ExpressionConcatenateArrayType2

===========================================================================================
----------------- testing Thu Jan 24 03:21:13 UTC 2019 /home/travis/build/icyphy/ptII/ptolemy/actor/lib/test/auto/ExpressionFix.xml
----------------- Instantiating /home/travis/build/icyphy/ptII/ptolemy/actor/lib/test/auto/ExpressionFix.xml
8 ms. Memory: 1360384K Free: 990673K (73%)
----------------- Invoking toplevel() on ptolemy.moml.MoMLSimpleApplication@47903036
----------------- Done invoking toplevel() on ptolemy.moml.MoMLSimpleApplication@47903036
reloadAllAccessors: .ExpressionFix

===========================================================================================
----------------- testing Thu Jan 24 03:21:13 UTC 2019 /home/travis/build/icyphy/ptII/ptolemy/actor/lib/test/auto/ExpressionFix2.xml
----------------- Instantiating /home/travis/build/icyphy/ptII/ptolemy/actor/lib/test/auto/ExpressionFix2.xml
2 ms. Memory: 1360384K Free: 978226K (72%)
----------------- Invoking toplevel() on ptolemy.moml.MoMLSimpleApplication@1d0d1741
----------------- Done invoking toplevel() on ptolemy.moml.MoMLSimpleApplication@1d0d1741
reloadAllAccessors: .ExpressionFix2

===========================================================================================
----------------- testing Thu Jan 24 03:21:13 UTC 2019 /home/travis/build/icyphy/ptII/ptolemy/actor/lib/test/auto/ExpressionFix3.xml
----------------- Instantiating /home/travis/build/icyphy/ptII/ptolemy/actor/lib/test/auto/ExpressionFix3.xml
2 ms. Memory: 1360384K Free: 958999K (70%)
----------------- Invoking toplevel() on ptolemy.moml.MoMLSimpleApplication@5928e834
----------------- Done invoking toplevel() on ptolemy.moml.MoMLSimpleApplication@5928e834
reloadAllAccessors: .ExpressionFix3

===========================================================================================
----------------- testing Thu Jan 24 03:21:13 UTC 2019 /home/travis/build/icyphy/ptII/ptolemy/actor/lib/test/auto/FileWriter1.xml
----------------- Instantiating /home/travis/build/icyphy/ptII/ptolemy/actor/lib/test/auto/FileWriter1.xml
2 ms. Memory: 1360384K Free: 946553K (70%)
----------------- Invoking toplevel() on ptolemy.moml.MoMLSimpleApplication@9d43639
----------------- Done invoking toplevel() on ptolemy.moml.MoMLSimpleApplication@9d43639
reloadAllAccessors: .FileWriter1

===========================================================================================
----------------- testing Thu Jan 24 03:21:13 UTC 2019 /home/travis/build/icyphy/ptII/ptolemy/actor/lib/test/auto/FileWriter2.xml
----------------- Instantiating /home/travis/build/icyphy/ptII/ptolemy/actor/lib/test/auto/FileWriter2.xml
2 ms. Memory: 1360384K Free: 934106K (69%)
----------------- Invoking toplevel() on ptolemy.moml.MoMLSimpleApplication@68eb885e
----------------- Done invoking toplevel() on ptolemy.moml.MoMLSimpleApplication@68eb885e
reloadAllAccessors: .FileWriter2

===========================================================================================
----------------- testing Thu Jan 24 03:21:13 UTC 2019 /home/travis/build/icyphy/ptII/ptolemy/actor/lib/test/auto/FileWriter3.xml
----------------- Instantiating /home/travis/build/icyphy/ptII/ptolemy/actor/lib/test/auto/FileWriter3.xml
6 ms. Memory: 1360384K Free: 914879K (67%)
----------------- Invoking toplevel() on ptolemy.moml.MoMLSimpleApplication@409b1c56
----------------- Done invoking toplevel() on ptolemy.moml.MoMLSimpleApplication@409b1c56
reloadAllAccessors: .FileWriter3

===========================================================================================
----------------- testing Thu Jan 24 03:21:13 UTC 2019 /home/travis/build/icyphy/ptII/ptolemy/actor/lib/test/auto/Gaussian.xml
----------------- Instantiating /home/travis/build/icyphy/ptII/ptolemy/actor/lib/test/auto/Gaussian.xml
1 ms. Memory: 1360384K Free: 902432K (66%)
----------------- Invoking toplevel() on ptolemy.moml.MoMLSimpleApplication@586193a2
----------------- Done invoking toplevel() on ptolemy.moml.MoMLSimpleApplication@586193a2
reloadAllAccessors: .Gaussian

===========================================================================================
----------------- testing Thu Jan 24 03:21:13 UTC 2019 /home/travis/build/icyphy/ptII/ptolemy/actor/lib/test/auto/Gaussian1.xml
----------------- Instantiating /home/travis/build/icyphy/ptII/ptolemy/actor/lib/test/auto/Gaussian1.xml
1 ms. Memory: 1360384K Free: 889985K (65%)
----------------- Invoking toplevel() on ptolemy.moml.MoMLSimpleApplication@4e3f47b1
----------------- Done invoking toplevel() on ptolemy.moml.MoMLSimpleApplication@4e3f47b1
reloadAllAccessors: .Gaussian1

===========================================================================================
----------------- testing Thu Jan 24 03:21:13 UTC 2019 /home/travis/build/icyphy/ptII/ptolemy/actor/lib/test/auto/Gaussian2.xml
----------------- Instantiating /home/travis/build/icyphy/ptII/ptolemy/actor/lib/test/auto/Gaussian2.xml
2 ms. Memory: 1360384K Free: 870758K (64%)
----------------- Invoking toplevel() on ptolemy.moml.MoMLSimpleApplication@c7d6064
----------------- Done invoking toplevel() on ptolemy.moml.MoMLSimpleApplication@c7d6064
reloadAllAccessors: .Gaussian2

===========================================================================================
----------------- testing Thu Jan 24 03:21:13 UTC 2019 /home/travis/build/icyphy/ptII/ptolemy/actor/lib/test/auto/GradientAdaptiveLattice.xml
----------------- Instantiating /home/travis/build/icyphy/ptII/ptolemy/actor/lib/test/auto/GradientAdaptiveLattice.xml
2 ms. Memory: 1360384K Free: 858311K (63%)
----------------- Invoking toplevel() on ptolemy.moml.MoMLSimpleApplication@ded36b8
----------------- Done invoking toplevel() on ptolemy.moml.MoMLSimpleApplication@ded36b8
reloadAllAccessors: .GradientAdaptiveLattice

===========================================================================================
----------------- testing Thu Jan 24 03:21:13 UTC 2019 /home/travis/build/icyphy/ptII/ptolemy/actor/lib/test/auto/IIR.xml
----------------- Instantiating /home/travis/build/icyphy/ptII/ptolemy/actor/lib/test/auto/IIR.xml
1 ms. Memory: 1360384K Free: 845864K (62%)
----------------- Invoking toplevel() on ptolemy.moml.MoMLSimpleApplication@488db21b
----------------- Done invoking toplevel() on ptolemy.moml.MoMLSimpleApplication@488db21b
reloadAllAccessors: .IIR

===========================================================================================
----------------- testing Thu Jan 24 03:21:13 UTC 2019 /home/travis/build/icyphy/ptII/ptolemy/actor/lib/test/auto/InputOutputTransparentPorts.xml
----------------- Instantiating /home/travis/build/icyphy/ptII/ptolemy/actor/lib/test/auto/InputOutputTransparentPorts.xml
2 ms. Memory: 1360384K Free: 826637K (61%)
----------------- Invoking toplevel() on ptolemy.moml.MoMLSimpleApplication@59c12175
----------------- Done invoking toplevel() on ptolemy.moml.MoMLSimpleApplication@59c12175
reloadAllAccessors: .InputOutputTransparentPorts

===========================================================================================
----------------- testing Thu Jan 24 03:21:13 UTC 2019 /home/travis/build/icyphy/ptII/ptolemy/actor/lib/test/auto/Interpolator.xml
----------------- Instantiating /home/travis/build/icyphy/ptII/ptolemy/actor/lib/test/auto/Interpolator.xml
4 ms. Memory: 1360384K Free: 814191K (60%)
----------------- Invoking toplevel() on ptolemy.moml.MoMLSimpleApplication@4d486a6c
----------------- Done invoking toplevel() on ptolemy.moml.MoMLSimpleApplication@4d486a6c
reloadAllAccessors: .Interpolator

===========================================================================================
----------------- testing Thu Jan 24 03:21:13 UTC 2019 /home/travis/build/icyphy/ptII/ptolemy/actor/lib/test/auto/InterpolatorFiringLimitDE.xml
----------------- Instantiating /home/travis/build/icyphy/ptII/ptolemy/actor/lib/test/auto/InterpolatorFiringLimitDE.xml
2 ms. Memory: 1360384K Free: 801744K (59%)
----------------- Invoking toplevel() on ptolemy.moml.MoMLSimpleApplication@614d4326
----------------- Done invoking toplevel() on ptolemy.moml.MoMLSimpleApplication@614d4326
reloadAllAccessors: .InterpolatorFiringLimitDE

===========================================================================================
----------------- testing Thu Jan 24 03:21:13 UTC 2019 /home/travis/build/icyphy/ptII/ptolemy/actor/lib/test/auto/Lattice.xml
----------------- Instantiating /home/travis/build/icyphy/ptII/ptolemy/actor/lib/test/auto/Lattice.xml
1 ms. Memory: 1360384K Free: 782517K (58%)
----------------- Invoking toplevel() on ptolemy.moml.MoMLSimpleApplication@40260876
----------------- Done invoking toplevel() on ptolemy.moml.MoMLSimpleApplication@40260876
reloadAllAccessors: .Lattice

===========================================================================================
----------------- testing Thu Jan 24 03:21:13 UTC 2019 /home/travis/build/icyphy/ptII/ptolemy/actor/lib/test/auto/LazyAOCTestLazy.xml
----------------- Instantiating /home/travis/build/icyphy/ptII/ptolemy/actor/lib/test/auto/LazyAOCTestLazy.xml
8 ms. Memory: 1360384K Free: 770070K (57%)
----------------- Invoking toplevel() on ptolemy.moml.MoMLSimpleApplication@1c99d199
----------------- Done invoking toplevel() on ptolemy.moml.MoMLSimpleApplication@1c99d199
reloadAllAccessors: .LazyAOCTestLazy

===========================================================================================
----------------- testing Thu Jan 24 03:21:13 UTC 2019 /home/travis/build/icyphy/ptII/ptolemy/actor/lib/test/auto/LazyAOCTestNonLazy.xml
----------------- Instantiating /home/travis/build/icyphy/ptII/ptolemy/actor/lib/test/auto/LazyAOCTestNonLazy.xml
1 ms. Memory: 1360384K Free: 750843K (55%)
----------------- Invoking toplevel() on ptolemy.moml.MoMLSimpleApplication@37095b58
----------------- Done invoking toplevel() on ptolemy.moml.MoMLSimpleApplication@37095b58
reloadAllAccessors: .LazyAOCTestNonLazy

===========================================================================================
----------------- testing Thu Jan 24 03:21:13 UTC 2019 /home/travis/build/icyphy/ptII/ptolemy/actor/lib/test/auto/LazyInnerClass.xml
----------------- Instantiating /home/travis/build/icyphy/ptII/ptolemy/actor/lib/test/auto/LazyInnerClass.xml
9 ms. Memory: 1360384K Free: 738396K (54%)
----------------- Invoking toplevel() on ptolemy.moml.MoMLSimpleApplication@6ac3219f
----------------- Done invoking toplevel() on ptolemy.moml.MoMLSimpleApplication@6ac3219f
reloadAllAccessors: .LazyInnerClass

===========================================================================================
----------------- testing Thu Jan 24 03:21:13 UTC 2019 /home/travis/build/icyphy/ptII/ptolemy/actor/lib/test/auto/LazyPubSub.xml
----------------- Instantiating /home/travis/build/icyphy/ptII/ptolemy/actor/lib/test/auto/LazyPubSub.xml
18 ms. Memory: 1360384K Free: 725949K (53%)
----------------- Invoking toplevel() on ptolemy.moml.MoMLSimpleApplication@4c6eba86
----------------- Done invoking toplevel() on ptolemy.moml.MoMLSimpleApplication@4c6eba86
reloadAllAccessors: .LazyPubSub

===========================================================================================
----------------- testing Thu Jan 24 03:21:13 UTC 2019 /home/travis/build/icyphy/ptII/ptolemy/actor/lib/test/auto/LazyPubSub2.xml
----------------- Instantiating /home/travis/build/icyphy/ptII/ptolemy/actor/lib/test/auto/LazyPubSub2.xml
27 ms. Memory: 1360384K Free: 706722K (52%)
----------------- Invoking toplevel() on ptolemy.moml.MoMLSimpleApplication@33193a8b
----------------- Done invoking toplevel() on ptolemy.moml.MoMLSimpleApplication@33193a8b
reloadAllAccessors: .LazyPubSub2

===========================================================================================
----------------- testing Thu Jan 24 03:21:13 UTC 2019 /home/travis/build/icyphy/ptII/ptolemy/actor/lib/test/auto/LazyPubSub3.xml
----------------- Instantiating /home/travis/build/icyphy/ptII/ptolemy/actor/lib/test/auto/LazyPubSub3.xml
28 ms. Memory: 1360384K Free: 694275K (51%)
----------------- Invoking toplevel() on ptolemy.moml.MoMLSimpleApplication@586002f1
----------------- Done invoking toplevel() on ptolemy.moml.MoMLSimpleApplication@586002f1
reloadAllAccessors: .LazyPubSub3

===========================================================================================
----------------- testing Thu Jan 24 03:21:13 UTC 2019 /home/travis/build/icyphy/ptII/ptolemy/actor/lib/test/auto/LazySubClassModel.xml
----------------- Instantiating /home/travis/build/icyphy/ptII/ptolemy/actor/lib/test/auto/LazySubClassModel.xml
2 ms. Memory: 1360384K Free: 675589K (50%)
----------------- Invoking toplevel() on ptolemy.moml.MoMLSimpleApplication@7549870a
----------------- Done invoking toplevel() on ptolemy.moml.MoMLSimpleApplication@7549870a
reloadAllAccessors: .LazySubClassModel

===========================================================================================
----------------- testing Thu Jan 24 03:21:13 UTC 2019 /home/travis/build/icyphy/ptII/ptolemy/actor/lib/test/auto/LevelCrossTest1.xml
----------------- Instantiating /home/travis/build/icyphy/ptII/ptolemy/actor/lib/test/auto/LevelCrossTest1.xml
2 ms. Memory: 1360384K Free: 656362K (48%)
----------------- Invoking toplevel() on ptolemy.moml.MoMLSimpleApplication@6aee49a6
----------------- Done invoking toplevel() on ptolemy.moml.MoMLSimpleApplication@6aee49a6
reloadAllAccessors: .broken

===========================================================================================
----------------- testing Thu Jan 24 03:21:13 UTC 2019 /home/travis/build/icyphy/ptII/ptolemy/actor/lib/test/auto/LevelCrossTest10.xml
----------------- Instantiating /home/travis/build/icyphy/ptII/ptolemy/actor/lib/test/auto/LevelCrossTest10.xml
2 ms. Memory: 1360384K Free: 643915K (47%)
----------------- Invoking toplevel() on ptolemy.moml.MoMLSimpleApplication@42f4c010
----------------- Done invoking toplevel() on ptolemy.moml.MoMLSimpleApplication@42f4c010
reloadAllAccessors: .LevelCrossTest10

===========================================================================================
----------------- testing Thu Jan 24 03:21:13 UTC 2019 /home/travis/build/icyphy/ptII/ptolemy/actor/lib/test/auto/LevelCrossTest11.xml
----------------- Instantiating /home/travis/build/icyphy/ptII/ptolemy/actor/lib/test/auto/LevelCrossTest11.xml
3 ms. Memory: 1360384K Free: 631468K (46%)
----------------- Invoking toplevel() on ptolemy.moml.MoMLSimpleApplication@9bc03c9
----------------- Done invoking toplevel() on ptolemy.moml.MoMLSimpleApplication@9bc03c9
reloadAllAccessors: .LevelCrossTest11

===========================================================================================
----------------- testing Thu Jan 24 03:21:13 UTC 2019 /home/travis/build/icyphy/ptII/ptolemy/actor/lib/test/auto/LevelCrossTest12.xml
----------------- Instantiating /home/travis/build/icyphy/ptII/ptolemy/actor/lib/test/auto/LevelCrossTest12.xml
1 ms. Memory: 1360384K Free: 612241K (45%)
----------------- Invoking toplevel() on ptolemy.moml.MoMLSimpleApplication@551f6059
----------------- Done invoking toplevel() on ptolemy.moml.MoMLSimpleApplication@551f6059
reloadAllAccessors: .LevelCrossTest12

===========================================================================================
----------------- testing Thu Jan 24 03:21:13 UTC 2019 /home/travis/build/icyphy/ptII/ptolemy/actor/lib/test/auto/LevelCrossTest13.xml
----------------- Instantiating /home/travis/build/icyphy/ptII/ptolemy/actor/lib/test/auto/LevelCrossTest13.xml
1 ms. Memory: 1360384K Free: 599794K (44%)
----------------- Invoking toplevel() on ptolemy.moml.MoMLSimpleApplication@42b2c378
----------------- Done invoking toplevel() on ptolemy.moml.MoMLSimpleApplication@42b2c378
reloadAllAccessors: .LevelCrossTest13

===========================================================================================
----------------- testing Thu Jan 24 03:21:13 UTC 2019 /home/travis/build/icyphy/ptII/ptolemy/actor/lib/test/auto/LevelCrossTest2.xml
----------------- Instantiating /home/travis/build/icyphy/ptII/ptolemy/actor/lib/test/auto/LevelCrossTest2.xml
1 ms. Memory: 1360384K Free: 587347K (43%)
----------------- Invoking toplevel() on ptolemy.moml.MoMLSimpleApplication@43f28317
----------------- Done invoking toplevel() on ptolemy.moml.MoMLSimpleApplication@43f28317
reloadAllAccessors: .broken

===========================================================================================
----------------- testing Thu Jan 24 03:21:13 UTC 2019 /home/travis/build/icyphy/ptII/ptolemy/actor/lib/test/auto/LevelCrossTest3.xml
----------------- Instantiating /home/travis/build/icyphy/ptII/ptolemy/actor/lib/test/auto/LevelCrossTest3.xml
1 ms. Memory: 1360384K Free: 568120K (42%)
----------------- Invoking toplevel() on ptolemy.moml.MoMLSimpleApplication@6f62ec05
----------------- Done invoking toplevel() on ptolemy.moml.MoMLSimpleApplication@6f62ec05
reloadAllAccessors: .LevelCrossTest3

===========================================================================================
----------------- testing Thu Jan 24 03:21:13 UTC 2019 /home/travis/build/icyphy/ptII/ptolemy/actor/lib/test/auto/LevelCrossTest4.xml
----------------- Instantiating /home/travis/build/icyphy/ptII/ptolemy/actor/lib/test/auto/LevelCrossTest4.xml
1 ms. Memory: 1360384K Free: 555673K (41%)
----------------- Invoking toplevel() on ptolemy.moml.MoMLSimpleApplication@3008093d
----------------- Done invoking toplevel() on ptolemy.moml.MoMLSimpleApplication@3008093d
reloadAllAccessors: .broken

===========================================================================================
----------------- testing Thu Jan 24 03:21:13 UTC 2019 /home/travis/build/icyphy/ptII/ptolemy/actor/lib/test/auto/LevelCrossTest5.xml
----------------- Instantiating /home/travis/build/icyphy/ptII/ptolemy/actor/lib/test/auto/LevelCrossTest5.xml
1 ms. Memory: 1360384K Free: 536446K (39%)
----------------- Invoking toplevel() on ptolemy.moml.MoMLSimpleApplication@6692c284
----------------- Done invoking toplevel() on ptolemy.moml.MoMLSimpleApplication@6692c284
reloadAllAccessors: .LevelCrossTest5

===========================================================================================
----------------- testing Thu Jan 24 03:21:13 UTC 2019 /home/travis/build/icyphy/ptII/ptolemy/actor/lib/test/auto/LevelCrossTest6.xml
----------------- Instantiating /home/travis/build/icyphy/ptII/ptolemy/actor/lib/test/auto/LevelCrossTest6.xml
1 ms. Memory: 1360384K Free: 523999K (39%)
----------------- Invoking toplevel() on ptolemy.moml.MoMLSimpleApplication@27a29ab9
----------------- Done invoking toplevel() on ptolemy.moml.MoMLSimpleApplication@27a29ab9
reloadAllAccessors: .LevelCrossTest6

===========================================================================================
----------------- testing Thu Jan 24 03:21:13 UTC 2019 /home/travis/build/icyphy/ptII/ptolemy/actor/lib/test/auto/LevelCrossTest7.xml
----------------- Instantiating /home/travis/build/icyphy/ptII/ptolemy/actor/lib/test/auto/LevelCrossTest7.xml
1 ms. Memory: 1360384K Free: 511552K (38%)
----------------- Invoking toplevel() on ptolemy.moml.MoMLSimpleApplication@5553b7b6
----------------- Done invoking toplevel() on ptolemy.moml.MoMLSimpleApplication@5553b7b6
reloadAllAccessors: .LevelCrossTest7

===========================================================================================
----------------- testing Thu Jan 24 03:21:13 UTC 2019 /home/travis/build/icyphy/ptII/ptolemy/actor/lib/test/auto/LevelCrossTest8.xml
----------------- Instantiating /home/travis/build/icyphy/ptII/ptolemy/actor/lib/test/auto/LevelCrossTest8.xml
1 ms. Memory: 1360384K Free: 492325K (36%)
----------------- Invoking toplevel() on ptolemy.moml.MoMLSimpleApplication@7d8c57c6
----------------- Done invoking toplevel() on ptolemy.moml.MoMLSimpleApplication@7d8c57c6
reloadAllAccessors: .LevelCrossTest8

===========================================================================================
----------------- testing Thu Jan 24 03:21:13 UTC 2019 /home/travis/build/icyphy/ptII/ptolemy/actor/lib/test/auto/LevelCrossTest9.xml
----------------- Instantiating /home/travis/build/icyphy/ptII/ptolemy/actor/lib/test/auto/LevelCrossTest9.xml
1 ms. Memory: 1360384K Free: 479879K (35%)
----------------- Invoking toplevel() on ptolemy.moml.MoMLSimpleApplication@456f3325
----------------- Done invoking toplevel() on ptolemy.moml.MoMLSimpleApplication@456f3325
reloadAllAccessors: .LevelCrossTest9

===========================================================================================
----------------- testing Thu Jan 24 03:21:13 UTC 2019 /home/travis/build/icyphy/ptII/ptolemy/actor/lib/test/auto/LevinsonDurbin.xml
----------------- Instantiating /home/travis/build/icyphy/ptII/ptolemy/actor/lib/test/auto/LevinsonDurbin.xml
1 ms. Memory: 1360384K Free: 467432K (34%)
----------------- Invoking toplevel() on ptolemy.moml.MoMLSimpleApplication@75506bdb
----------------- Done invoking toplevel() on ptolemy.moml.MoMLSimpleApplication@75506bdb
reloadAllAccessors: .LevinsonDurbin

===========================================================================================
----------------- testing Thu Jan 24 03:21:13 UTC 2019 /home/travis/build/icyphy/ptII/ptolemy/actor/lib/test/auto/LevinsonDurbin2.xml
----------------- Instantiating /home/travis/build/icyphy/ptII/ptolemy/actor/lib/test/auto/LevinsonDurbin2.xml
2 ms. Memory: 1360384K Free: 448205K (33%)
----------------- Invoking toplevel() on ptolemy.moml.MoMLSimpleApplication@642fcad6
----------------- Done invoking toplevel() on ptolemy.moml.MoMLSimpleApplication@642fcad6
reloadAllAccessors: .LevinsonDurbin2

===========================================================================================
----------------- testing Thu Jan 24 03:21:13 UTC 2019 /home/travis/build/icyphy/ptII/ptolemy/actor/lib/test/auto/LevinsonDurbin3.xml
----------------- Instantiating /home/travis/build/icyphy/ptII/ptolemy/actor/lib/test/auto/LevinsonDurbin3.xml
2 ms. Memory: 1360384K Free: 435758K (32%)
----------------- Invoking toplevel() on ptolemy.moml.MoMLSimpleApplication@4915c671
----------------- Done invoking toplevel() on ptolemy.moml.MoMLSimpleApplication@4915c671
reloadAllAccessors: .LevinsonDurbin3

===========================================================================================
----------------- testing Thu Jan 24 03:21:13 UTC 2019 /home/travis/build/icyphy/ptII/ptolemy/actor/lib/test/auto/Limiter.xml
----------------- Instantiating /home/travis/build/icyphy/ptII/ptolemy/actor/lib/test/auto/Limiter.xml
5 ms. Memory: 1360384K Free: 417072K (31%)
----------------- Invoking toplevel() on ptolemy.moml.MoMLSimpleApplication@3047ad1a
----------------- Done invoking toplevel() on ptolemy.moml.MoMLSimpleApplication@3047ad1a
reloadAllAccessors: .Limiter

===========================================================================================
----------------- testing Thu Jan 24 03:21:13 UTC 2019 /home/travis/build/icyphy/ptII/ptolemy/actor/lib/test/auto/LinearDifferenceEquationSystem.xml
----------------- Instantiating /home/travis/build/icyphy/ptII/ptolemy/actor/lib/test/auto/LinearDifferenceEquationSystem.xml
4 ms. Memory: 1360384K Free: 397844K (29%)
----------------- Invoking toplevel() on ptolemy.moml.MoMLSimpleApplication@6add93a2
----------------- Done invoking toplevel() on ptolemy.moml.MoMLSimpleApplication@6add93a2
reloadAllAccessors: .LinearDifferenceEquationSystem

===========================================================================================
----------------- testing Thu Jan 24 03:21:13 UTC 2019 /home/travis/build/icyphy/ptII/ptolemy/actor/lib/test/auto/LookupTable.xml
----------------- Instantiating /home/travis/build/icyphy/ptII/ptolemy/actor/lib/test/auto/LookupTable.xml
1 ms. Memory: 1360384K Free: 385397K (28%)
----------------- Invoking toplevel() on ptolemy.moml.MoMLSimpleApplication@cb706d4
----------------- Done invoking toplevel() on ptolemy.moml.MoMLSimpleApplication@cb706d4
reloadAllAccessors: .LookupTable

===========================================================================================
----------------- testing Thu Jan 24 03:21:13 UTC 2019 /home/travis/build/icyphy/ptII/ptolemy/actor/lib/test/auto/MathFunction.xml
----------------- Instantiating /home/travis/build/icyphy/ptII/ptolemy/actor/lib/test/auto/MathFunction.xml
2 ms. Memory: 1360384K Free: 372951K (27%)
----------------- Invoking toplevel() on ptolemy.moml.MoMLSimpleApplication@40cd924
----------------- Done invoking toplevel() on ptolemy.moml.MoMLSimpleApplication@40cd924
reloadAllAccessors: .MathFunction

===========================================================================================
----------------- testing Thu Jan 24 03:21:13 UTC 2019 /home/travis/build/icyphy/ptII/ptolemy/actor/lib/test/auto/MathFunction2.xml
----------------- Instantiating /home/travis/build/icyphy/ptII/ptolemy/actor/lib/test/auto/MathFunction2.xml
1 ms. Memory: 1360384K Free: 353723K (26%)
----------------- Invoking toplevel() on ptolemy.moml.MoMLSimpleApplication@2bc1be0f
----------------- Done invoking toplevel() on ptolemy.moml.MoMLSimpleApplication@2bc1be0f
reloadAllAccessors: .MathFunction2

===========================================================================================
----------------- testing Thu Jan 24 03:21:13 UTC 2019 /home/travis/build/icyphy/ptII/ptolemy/actor/lib/test/auto/MathFunction3.xml
----------------- Instantiating /home/travis/build/icyphy/ptII/ptolemy/actor/lib/test/auto/MathFunction3.xml
1 ms. Memory: 1360384K Free: 341277K (25%)
----------------- Invoking toplevel() on ptolemy.moml.MoMLSimpleApplication@30a95c2e
----------------- Done invoking toplevel() on ptolemy.moml.MoMLSimpleApplication@30a95c2e
reloadAllAccessors: .MathFunction3

===========================================================================================
----------------- testing Thu Jan 24 03:21:13 UTC 2019 /home/travis/build/icyphy/ptII/ptolemy/actor/lib/test/auto/MatrixCropBoolean.xml
----------------- Instantiating /home/travis/build/icyphy/ptII/ptolemy/actor/lib/test/auto/MatrixCropBoolean.xml
1 ms. Memory: 1360384K Free: 322050K (24%)
----------------- Invoking toplevel() on ptolemy.moml.MoMLSimpleApplication@3b4c7d9d
----------------- Done invoking toplevel() on ptolemy.moml.MoMLSimpleApplication@3b4c7d9d
reloadAllAccessors: .MatrixCropBoolean

===========================================================================================
----------------- testing Thu Jan 24 03:21:13 UTC 2019 /home/travis/build/icyphy/ptII/ptolemy/actor/lib/test/auto/MatrixCropComplex.xml
----------------- Instantiating /home/travis/build/icyphy/ptII/ptolemy/actor/lib/test/auto/MatrixCropComplex.xml
2 ms. Memory: 1360384K Free: 309603K (23%)
----------------- Invoking toplevel() on ptolemy.moml.MoMLSimpleApplication@3d97f3e6
----------------- Done invoking toplevel() on ptolemy.moml.MoMLSimpleApplication@3d97f3e6
reloadAllAccessors: .MatrixCropComplex

===========================================================================================
----------------- testing Thu Jan 24 03:21:13 UTC 2019 /home/travis/build/icyphy/ptII/ptolemy/actor/lib/test/auto/MatrixCropDouble.xml
----------------- Instantiating /home/travis/build/icyphy/ptII/ptolemy/actor/lib/test/auto/MatrixCropDouble.xml
2 ms. Memory: 1360384K Free: 297156K (22%)
----------------- Invoking toplevel() on ptolemy.moml.MoMLSimpleApplication@60f73909
----------------- Done invoking toplevel() on ptolemy.moml.MoMLSimpleApplication@60f73909
reloadAllAccessors: .MatrixCropDouble

===========================================================================================
----------------- testing Thu Jan 24 03:21:13 UTC 2019 /home/travis/build/icyphy/ptII/ptolemy/actor/lib/test/auto/MatrixCropFix.xml
----------------- Instantiating /home/travis/build/icyphy/ptII/ptolemy/actor/lib/test/auto/MatrixCropFix.xml
1 ms. Memory: 1360384K Free: 277929K (20%)
----------------- Invoking toplevel() on ptolemy.moml.MoMLSimpleApplication@221d9120
----------------- Done invoking toplevel() on ptolemy.moml.MoMLSimpleApplication@221d9120
reloadAllAccessors: .MatrixCropFix

===========================================================================================
----------------- testing Thu Jan 24 03:21:14 UTC 2019 /home/travis/build/icyphy/ptII/ptolemy/actor/lib/test/auto/MatrixCropInt.xml
----------------- Instantiating /home/travis/build/icyphy/ptII/ptolemy/actor/lib/test/auto/MatrixCropInt.xml
1 ms. Memory: 1360384K Free: 265482K (20%)
----------------- Invoking toplevel() on ptolemy.moml.MoMLSimpleApplication@4b5540b9
----------------- Done invoking toplevel() on ptolemy.moml.MoMLSimpleApplication@4b5540b9
reloadAllAccessors: .MatrixCropInt

===========================================================================================
----------------- testing Thu Jan 24 03:21:14 UTC 2019 /home/travis/build/icyphy/ptII/ptolemy/actor/lib/test/auto/MatrixCropLong.xml
----------------- Instantiating /home/travis/build/icyphy/ptII/ptolemy/actor/lib/test/auto/MatrixCropLong.xml
1 ms. Memory: 1360384K Free: 253036K (19%)
----------------- Invoking toplevel() on ptolemy.moml.MoMLSimpleApplication@a38c14c
----------------- Done invoking toplevel() on ptolemy.moml.MoMLSimpleApplication@a38c14c
reloadAllAccessors: .MatrixCropLong

===========================================================================================
----------------- testing Thu Jan 24 03:21:14 UTC 2019 /home/travis/build/icyphy/ptII/ptolemy/actor/lib/test/auto/MatrixToArray.xml
----------------- Instantiating /home/travis/build/icyphy/ptII/ptolemy/actor/lib/test/auto/MatrixToArray.xml
4 ms. Memory: 1360384K Free: 221346K (16%)
----------------- Invoking toplevel() on ptolemy.moml.MoMLSimpleApplication@73359186
----------------- Done invoking toplevel() on ptolemy.moml.MoMLSimpleApplication@73359186
reloadAllAccessors: .MatrixToArray

===========================================================================================
----------------- testing Thu Jan 24 03:21:14 UTC 2019 /home/travis/build/icyphy/ptII/ptolemy/actor/lib/test/auto/MaxIndex.xml
----------------- Instantiating /home/travis/build/icyphy/ptII/ptolemy/actor/lib/test/auto/MaxIndex.xml
2 ms. Memory: 1360384K Free: 208899K (15%)
----------------- Invoking toplevel() on ptolemy.moml.MoMLSimpleApplication@669e8019
----------------- Done invoking toplevel() on ptolemy.moml.MoMLSimpleApplication@669e8019
reloadAllAccessors: .MaxIndex

===========================================================================================
----------------- testing Thu Jan 24 03:21:14 UTC 2019 /home/travis/build/icyphy/ptII/ptolemy/actor/lib/test/auto/Maximum.xml
----------------- Instantiating /home/travis/build/icyphy/ptII/ptolemy/actor/lib/test/auto/Maximum.xml
2 ms. Memory: 1360384K Free: 196452K (14%)
----------------- Invoking toplevel() on ptolemy.moml.MoMLSimpleApplication@44276d0b
----------------- Done invoking toplevel() on ptolemy.moml.MoMLSimpleApplication@44276d0b
reloadAllAccessors: .Maximum

===========================================================================================
----------------- testing Thu Jan 24 03:21:14 UTC 2019 /home/travis/build/icyphy/ptII/ptolemy/actor/lib/test/auto/MaximumComplex.xml
----------------- Instantiating /home/travis/build/icyphy/ptII/ptolemy/actor/lib/test/auto/MaximumComplex.xml
3 ms. Memory: 1360384K Free: 177225K (13%)
----------------- Invoking toplevel() on ptolemy.moml.MoMLSimpleApplication@236adb13
----------------- Done invoking toplevel() on ptolemy.moml.MoMLSimpleApplication@236adb13
reloadAllAccessors: .MaximumComplex

===========================================================================================
----------------- testing Thu Jan 24 03:21:14 UTC 2019 /home/travis/build/icyphy/ptII/ptolemy/actor/lib/test/auto/MethodCallTest.xml
----------------- Instantiating /home/travis/build/icyphy/ptII/ptolemy/actor/lib/test/auto/MethodCallTest.xml
1 ms. Memory: 1360384K Free: 164779K (12%)
----------------- Invoking toplevel() on ptolemy.moml.MoMLSimpleApplication@75b90c58
----------------- Done invoking toplevel() on ptolemy.moml.MoMLSimpleApplication@75b90c58
reloadAllAccessors: .MethodCallTest

===========================================================================================
----------------- testing Thu Jan 24 03:21:14 UTC 2019 /home/travis/build/icyphy/ptII/ptolemy/actor/lib/test/auto/Minimum.xml
----------------- Instantiating /home/travis/build/icyphy/ptII/ptolemy/actor/lib/test/auto/Minimum.xml
2 ms. Memory: 1360384K Free: 145552K (11%)
----------------- Invoking toplevel() on ptolemy.moml.MoMLSimpleApplication@48cc4806
----------------- Done invoking toplevel() on ptolemy.moml.MoMLSimpleApplication@48cc4806
reloadAllAccessors: .Minimum

===========================================================================================
----------------- testing Thu Jan 24 03:21:14 UTC 2019 /home/travis/build/icyphy/ptII/ptolemy/actor/lib/test/auto/MinimumComplex.xml
----------------- Instantiating /home/travis/build/icyphy/ptII/ptolemy/actor/lib/test/auto/MinimumComplex.xml
2 ms. Memory: 1360384K Free: 133105K (10%)
----------------- Invoking toplevel() on ptolemy.moml.MoMLSimpleApplication@b37ed3b
----------------- Done invoking toplevel() on ptolemy.moml.MoMLSimpleApplication@b37ed3b
reloadAllAccessors: .MinimumComplex

===========================================================================================
----------------- testing Thu Jan 24 03:21:14 UTC 2019 /home/travis/build/icyphy/ptII/ptolemy/actor/lib/test/auto/MinimumMultiports.xml
----------------- Instantiating /home/travis/build/icyphy/ptII/ptolemy/actor/lib/test/auto/MinimumMultiports.xml
2 ms. Memory: 1360384K Free: 120658K (9%)
----------------- Invoking toplevel() on ptolemy.moml.MoMLSimpleApplication@1e84f5a5
----------------- Done invoking toplevel() on ptolemy.moml.MoMLSimpleApplication@1e84f5a5
reloadAllAccessors: .MinimumMultiports

===========================================================================================
----------------- testing Thu Jan 24 03:21:14 UTC 2019 /home/travis/build/icyphy/ptII/ptolemy/actor/lib/test/auto/ModifyDate.xml
----------------- Instantiating /home/travis/build/icyphy/ptII/ptolemy/actor/lib/test/auto/ModifyDate.xml
5 ms. Memory: 1360384K Free: 95200K (7%)
----------------- Invoking toplevel() on ptolemy.moml.MoMLSimpleApplication@35a98d4e
----------------- Done invoking toplevel() on ptolemy.moml.MoMLSimpleApplication@35a98d4e
reloadAllAccessors: .ModifyDate

===========================================================================================
----------------- testing Thu Jan 24 03:21:14 UTC 2019 /home/travis/build/icyphy/ptII/ptolemy/actor/lib/test/auto/ModifyDate2.xml
----------------- Instantiating /home/travis/build/icyphy/ptII/ptolemy/actor/lib/test/auto/ModifyDate2.xml
2 ms. Memory: 1360384K Free: 77538K (6%)
----------------- Invoking toplevel() on ptolemy.moml.MoMLSimpleApplication@1a73e4e8
----------------- Done invoking toplevel() on ptolemy.moml.MoMLSimpleApplication@1a73e4e8
reloadAllAccessors: .ModifyDate2

===========================================================================================
----------------- testing Thu Jan 24 03:21:14 UTC 2019 /home/travis/build/icyphy/ptII/ptolemy/actor/lib/test/auto/MovingAverage.xml
----------------- Instantiating /home/travis/build/icyphy/ptII/ptolemy/actor/lib/test/auto/MovingAverage.xml
2 ms. Memory: 1541632K Free: 1492421K (97%)
----------------- Invoking toplevel() on ptolemy.moml.MoMLSimpleApplication@4125742e
----------------- Done invoking toplevel() on ptolemy.moml.MoMLSimpleApplication@4125742e
reloadAllAccessors: .MovingAverage

===========================================================================================
----------------- testing Thu Jan 24 03:21:14 UTC 2019 /home/travis/build/icyphy/ptII/ptolemy/actor/lib/test/auto/MovingMaximum.xml
----------------- Instantiating /home/travis/build/icyphy/ptII/ptolemy/actor/lib/test/auto/MovingMaximum.xml
2 ms. Memory: 1541632K Free: 1471328K (95%)
----------------- Invoking toplevel() on ptolemy.moml.MoMLSimpleApplication@515909b1
----------------- Done invoking toplevel() on ptolemy.moml.MoMLSimpleApplication@515909b1
reloadAllAccessors: .MovingMaximum

===========================================================================================
----------------- testing Thu Jan 24 03:21:14 UTC 2019 /home/travis/build/icyphy/ptII/ptolemy/actor/lib/test/auto/MultipleLinksToSameRelation.xml
----------------- Instantiating /home/travis/build/icyphy/ptII/ptolemy/actor/lib/test/auto/MultipleLinksToSameRelation.xml
1 ms. Memory: 1541632K Free: 1456900K (95%)
----------------- Invoking toplevel() on ptolemy.moml.MoMLSimpleApplication@34f223fc
----------------- Done invoking toplevel() on ptolemy.moml.MoMLSimpleApplication@34f223fc
reloadAllAccessors: .MultipleLinksToSameRelation

===========================================================================================
----------------- testing Thu Jan 24 03:21:14 UTC 2019 /home/travis/build/icyphy/ptII/ptolemy/actor/lib/test/auto/MultipleLinksToSameRelationDE.xml
----------------- Instantiating /home/travis/build/icyphy/ptII/ptolemy/actor/lib/test/auto/MultipleLinksToSameRelationDE.xml
1 ms. Memory: 1541632K Free: 1435807K (93%)
----------------- Invoking toplevel() on ptolemy.moml.MoMLSimpleApplication@76a5eb32
----------------- Done invoking toplevel() on ptolemy.moml.MoMLSimpleApplication@76a5eb32
reloadAllAccessors: .MultipleLinksToSameRelationDE

===========================================================================================
----------------- testing Thu Jan 24 03:21:14 UTC 2019 /home/travis/build/icyphy/ptII/ptolemy/actor/lib/test/auto/Multiplexor.xml
----------------- Instantiating /home/travis/build/icyphy/ptII/ptolemy/actor/lib/test/auto/Multiplexor.xml
2 ms. Memory: 1541632K Free: 1421379K (92%)
----------------- Invoking toplevel() on ptolemy.moml.MoMLSimpleApplication@2c5ecf84
----------------- Done invoking toplevel() on ptolemy.moml.MoMLSimpleApplication@2c5ecf84
reloadAllAccessors: .Multiplexor

===========================================================================================
----------------- testing Thu Jan 24 03:21:14 UTC 2019 /home/travis/build/icyphy/ptII/ptolemy/actor/lib/test/auto/Multiplexor1.xml
----------------- Instantiating /home/travis/build/icyphy/ptII/ptolemy/actor/lib/test/auto/Multiplexor1.xml
1 ms. Memory: 1541632K Free: 1406951K (91%)
----------------- Invoking toplevel() on ptolemy.moml.MoMLSimpleApplication@29a240cc
----------------- Done invoking toplevel() on ptolemy.moml.MoMLSimpleApplication@29a240cc
reloadAllAccessors: .Multiplexor1

===========================================================================================
----------------- testing Thu Jan 24 03:21:14 UTC 2019 /home/travis/build/icyphy/ptII/ptolemy/actor/lib/test/auto/Multiplexor2.xml
----------------- Instantiating /home/travis/build/icyphy/ptII/ptolemy/actor/lib/test/auto/Multiplexor2.xml
6 ms. Memory: 1541632K Free: 1385731K (90%)
----------------- Invoking toplevel() on ptolemy.moml.MoMLSimpleApplication@78cc0397
----------------- Done invoking toplevel() on ptolemy.moml.MoMLSimpleApplication@78cc0397
reloadAllAccessors: .Multiplexor2

===========================================================================================
----------------- testing Thu Jan 24 03:21:14 UTC 2019 /home/travis/build/icyphy/ptII/ptolemy/actor/lib/test/auto/Multiplexor3.xml
----------------- Instantiating /home/travis/build/icyphy/ptII/ptolemy/actor/lib/test/auto/Multiplexor3.xml
1 ms. Memory: 1541632K Free: 1371303K (89%)
----------------- Invoking toplevel() on ptolemy.moml.MoMLSimpleApplication@689f49a7
----------------- Done invoking toplevel() on ptolemy.moml.MoMLSimpleApplication@689f49a7
reloadAllAccessors: .Multiplexor3

===========================================================================================
----------------- testing Thu Jan 24 03:21:14 UTC 2019 /home/travis/build/icyphy/ptII/ptolemy/actor/lib/test/auto/MultiplexorDE.xml
----------------- Instantiating /home/travis/build/icyphy/ptII/ptolemy/actor/lib/test/auto/MultiplexorDE.xml
2 ms. Memory: 1541632K Free: 1356875K (88%)
----------------- Invoking toplevel() on ptolemy.moml.MoMLSimpleApplication@47058f65
----------------- Done invoking toplevel() on ptolemy.moml.MoMLSimpleApplication@47058f65
reloadAllAccessors: .MultiplexorDE

===========================================================================================
----------------- testing Thu Jan 24 03:21:14 UTC 2019 /home/travis/build/icyphy/ptII/ptolemy/actor/lib/test/auto/MultiportBroadcastTest.xml
----------------- Instantiating /home/travis/build/icyphy/ptII/ptolemy/actor/lib/test/auto/MultiportBroadcastTest.xml
87 ms. Memory: 1541632K Free: 1335782K (87%)
----------------- Invoking toplevel() on ptolemy.moml.MoMLSimpleApplication@1311b5f4
----------------- Done invoking toplevel() on ptolemy.moml.MoMLSimpleApplication@1311b5f4
reloadAllAccessors: .MultiportBroadcastTest

===========================================================================================
----------------- testing Thu Jan 24 03:21:14 UTC 2019 /home/travis/build/icyphy/ptII/ptolemy/actor/lib/test/auto/MultiportOutHangDuringGetWidth.xml
----------------- Instantiating /home/travis/build/icyphy/ptII/ptolemy/actor/lib/test/auto/MultiportOutHangDuringGetWidth.xml
7 ms. Memory: 1541632K Free: 1314124K (85%)
----------------- Invoking toplevel() on ptolemy.moml.MoMLSimpleApplication@1eb2e11c
----------------- Done invoking toplevel() on ptolemy.moml.MoMLSimpleApplication@1eb2e11c
reloadAllAccessors: .MultiportOutHangDuringGetWidth

===========================================================================================
----------------- testing Thu Jan 24 03:21:14 UTC 2019 /home/travis/build/icyphy/ptII/ptolemy/actor/lib/test/auto/NilToken.xml
----------------- Instantiating /home/travis/build/icyphy/ptII/ptolemy/actor/lib/test/auto/NilToken.xml
2 ms. Memory: 1541632K Free: 1293031K (84%)
----------------- Invoking toplevel() on ptolemy.moml.MoMLSimpleApplication@5f88a47a
----------------- Done invoking toplevel() on ptolemy.moml.MoMLSimpleApplication@5f88a47a
reloadAllAccessors: .NilToken

===========================================================================================
----------------- testing Thu Jan 24 03:21:14 UTC 2019 /home/travis/build/icyphy/ptII/ptolemy/actor/lib/test/auto/NilTokenNonStrictTest.xml
----------------- Instantiating /home/travis/build/icyphy/ptII/ptolemy/actor/lib/test/auto/NilTokenNonStrictTest.xml
1 ms. Memory: 1541632K Free: 1278603K (83%)
----------------- Invoking toplevel() on ptolemy.moml.MoMLSimpleApplication@29e1f527
----------------- Done invoking toplevel() on ptolemy.moml.MoMLSimpleApplication@29e1f527
reloadAllAccessors: .NilTokenNonStrictTest

===========================================================================================
----------------- testing Thu Jan 24 03:21:14 UTC 2019 /home/travis/build/icyphy/ptII/ptolemy/actor/lib/test/auto/NilTokenRecord.xml
----------------- Instantiating /home/travis/build/icyphy/ptII/ptolemy/actor/lib/test/auto/NilTokenRecord.xml
7 ms. Memory: 1541632K Free: 1264174K (82%)
----------------- Invoking toplevel() on ptolemy.moml.MoMLSimpleApplication@25d207f
----------------- Done invoking toplevel() on ptolemy.moml.MoMLSimpleApplication@25d207f
reloadAllAccessors: .NilTokenRecord

===========================================================================================
----------------- testing Thu Jan 24 03:21:14 UTC 2019 /home/travis/build/icyphy/ptII/ptolemy/actor/lib/test/auto/NilTokenTypeTest.xml
----------------- Instantiating /home/travis/build/icyphy/ptII/ptolemy/actor/lib/test/auto/NilTokenTypeTest.xml
10 ms. Memory: 1541632K Free: 1235851K (80%)
----------------- Invoking toplevel() on ptolemy.moml.MoMLSimpleApplication@511e2143
----------------- Done invoking toplevel() on ptolemy.moml.MoMLSimpleApplication@511e2143
reloadAllAccessors: .NilTokenTypeTest

===========================================================================================
----------------- testing Thu Jan 24 03:21:14 UTC 2019 /home/travis/build/icyphy/ptII/ptolemy/actor/lib/test/auto/ObjectToken1.xml
----------------- Instantiating /home/travis/build/icyphy/ptII/ptolemy/actor/lib/test/auto/ObjectToken1.xml
1 ms. Memory: 1541632K Free: 1221423K (79%)
----------------- Invoking toplevel() on ptolemy.moml.MoMLSimpleApplication@199584d
----------------- Done invoking toplevel() on ptolemy.moml.MoMLSimpleApplication@199584d
reloadAllAccessors: .ObjectToken1

===========================================================================================
----------------- testing Thu Jan 24 03:21:14 UTC 2019 /home/travis/build/icyphy/ptII/ptolemy/actor/lib/test/auto/OrderedMerge.xml
----------------- Instantiating /home/travis/build/icyphy/ptII/ptolemy/actor/lib/test/auto/OrderedMerge.xml
14 ms. Memory: 1541632K Free: 1178139K (76%)
----------------- Invoking toplevel() on ptolemy.moml.MoMLSimpleApplication@84580b9
----------------- Done invoking toplevel() on ptolemy.moml.MoMLSimpleApplication@84580b9
reloadAllAccessors: .OrderedMerge

===========================================================================================
----------------- testing Thu Jan 24 03:21:14 UTC 2019 /home/travis/build/icyphy/ptII/ptolemy/actor/lib/test/auto/OrderedRecordDisassembler.xml
----------------- Instantiating /home/travis/build/icyphy/ptII/ptolemy/actor/lib/test/auto/OrderedRecordDisassembler.xml
2 ms. Memory: 1541632K Free: 1157046K (75%)
----------------- Invoking toplevel() on ptolemy.moml.MoMLSimpleApplication@7c24d292
----------------- Done invoking toplevel() on ptolemy.moml.MoMLSimpleApplication@7c24d292
reloadAllAccessors: .OrderedRecordDisassembler

===========================================================================================
----------------- testing Thu Jan 24 03:21:14 UTC 2019 /home/travis/build/icyphy/ptII/ptolemy/actor/lib/test/auto/OrderedRecordDisassembler2.xml
----------------- Instantiating /home/travis/build/icyphy/ptII/ptolemy/actor/lib/test/auto/OrderedRecordDisassembler2.xml
3 ms. Memory: 1541632K Free: 1142617K (74%)
----------------- Invoking toplevel() on ptolemy.moml.MoMLSimpleApplication@53e11e87
----------------- Done invoking toplevel() on ptolemy.moml.MoMLSimpleApplication@53e11e87
reloadAllAccessors: .OrderedRecordDisassembler2

===========================================================================================
----------------- testing Thu Jan 24 03:21:14 UTC 2019 /home/travis/build/icyphy/ptII/ptolemy/actor/lib/test/auto/OrderedRecordUpdater.xml
----------------- Instantiating /home/travis/build/icyphy/ptII/ptolemy/actor/lib/test/auto/OrderedRecordUpdater.xml
1 ms. Memory: 1541632K Free: 1121525K (73%)
----------------- Invoking toplevel() on ptolemy.moml.MoMLSimpleApplication@7905f95d
----------------- Done invoking toplevel() on ptolemy.moml.MoMLSimpleApplication@7905f95d
reloadAllAccessors: .RecordUpdater

===========================================================================================
----------------- testing Thu Jan 24 03:21:14 UTC 2019 /home/travis/build/icyphy/ptII/ptolemy/actor/lib/test/auto/OrderedRecordUpdater2.xml
----------------- Instantiating /home/travis/build/icyphy/ptII/ptolemy/actor/lib/test/auto/OrderedRecordUpdater2.xml
2 ms. Memory: 1541632K Free: 1107096K (72%)
----------------- Invoking toplevel() on ptolemy.moml.MoMLSimpleApplication@2e99db48
----------------- Done invoking toplevel() on ptolemy.moml.MoMLSimpleApplication@2e99db48
reloadAllAccessors: .RecordUpdater2

===========================================================================================
----------------- testing Thu Jan 24 03:21:14 UTC 2019 /home/travis/build/icyphy/ptII/ptolemy/actor/lib/test/auto/PhaseUnwrap.xml
----------------- Instantiating /home/travis/build/icyphy/ptII/ptolemy/actor/lib/test/auto/PhaseUnwrap.xml
2 ms. Memory: 1541632K Free: 1092668K (71%)
----------------- Invoking toplevel() on ptolemy.moml.MoMLSimpleApplication@44e8f408
----------------- Done invoking toplevel() on ptolemy.moml.MoMLSimpleApplication@44e8f408
reloadAllAccessors: .PhaseUnwrap

===========================================================================================
----------------- testing Thu Jan 24 03:21:14 UTC 2019 /home/travis/build/icyphy/ptII/ptolemy/actor/lib/test/auto/PoissonClock.xml
----------------- Instantiating /home/travis/build/icyphy/ptII/ptolemy/actor/lib/test/auto/PoissonClock.xml
1 ms. Memory: 1541632K Free: 1071575K (70%)
----------------- Invoking toplevel() on ptolemy.moml.MoMLSimpleApplication@1ea47444
----------------- Done invoking toplevel() on ptolemy.moml.MoMLSimpleApplication@1ea47444
reloadAllAccessors: .PoissonClock

===========================================================================================
----------------- testing Thu Jan 24 03:21:14 UTC 2019 /home/travis/build/icyphy/ptII/ptolemy/actor/lib/test/auto/PoissonClock2.xml
----------------- Instantiating /home/travis/build/icyphy/ptII/ptolemy/actor/lib/test/auto/PoissonClock2.xml
1 ms. Memory: 1541632K Free: 1057147K (69%)
----------------- Invoking toplevel() on ptolemy.moml.MoMLSimpleApplication@3ec09574
----------------- Done invoking toplevel() on ptolemy.moml.MoMLSimpleApplication@3ec09574
reloadAllAccessors: .PoissonClock2

===========================================================================================
----------------- testing Thu Jan 24 03:21:14 UTC 2019 /home/travis/build/icyphy/ptII/ptolemy/actor/lib/test/auto/PoissonClock3.xml
----------------- Instantiating /home/travis/build/icyphy/ptII/ptolemy/actor/lib/test/auto/PoissonClock3.xml
1 ms. Memory: 1541632K Free: 1042719K (68%)
----------------- Invoking toplevel() on ptolemy.moml.MoMLSimpleApplication@690b6412
----------------- Done invoking toplevel() on ptolemy.moml.MoMLSimpleApplication@690b6412
reloadAllAccessors: .PoissonClock3

===========================================================================================
----------------- testing Thu Jan 24 03:21:14 UTC 2019 /home/travis/build/icyphy/ptII/ptolemy/actor/lib/test/auto/PubSubWithInitialTokens.xml
----------------- Instantiating /home/travis/build/icyphy/ptII/ptolemy/actor/lib/test/auto/PubSubWithInitialTokens.xml
1 ms. Memory: 1541632K Free: 1021626K (66%)
----------------- Invoking toplevel() on ptolemy.moml.MoMLSimpleApplication@659c2a55
----------------- Done invoking toplevel() on ptolemy.moml.MoMLSimpleApplication@659c2a55
reloadAllAccessors: .PubSubWithInitialTokens

===========================================================================================
----------------- testing Thu Jan 24 03:21:14 UTC 2019 /home/travis/build/icyphy/ptII/ptolemy/actor/lib/test/auto/PubSubWithInitialTokens2.xml
----------------- Instantiating /home/travis/build/icyphy/ptII/ptolemy/actor/lib/test/auto/PubSubWithInitialTokens2.xml
5 ms. Memory: 1541632K Free: 1007197K (65%)
----------------- Invoking toplevel() on ptolemy.moml.MoMLSimpleApplication@6cf308cc
----------------- Done invoking toplevel() on ptolemy.moml.MoMLSimpleApplication@6cf308cc
reloadAllAccessors: .PubSubWithInitialTokens2

===========================================================================================
----------------- testing Thu Jan 24 03:21:14 UTC 2019 /home/travis/build/icyphy/ptII/ptolemy/actor/lib/test/auto/PublisherClassNoParameter.xml
----------------- Instantiating /home/travis/build/icyphy/ptII/ptolemy/actor/lib/test/auto/PublisherClassNoParameter.xml
2 ms. Memory: 1541632K Free: 978874K (63%)
----------------- Invoking toplevel() on ptolemy.moml.MoMLSimpleApplication@2684dfa1
----------------- Done invoking toplevel() on ptolemy.moml.MoMLSimpleApplication@2684dfa1
reloadAllAccessors: .PublisherClassNoParameter

===========================================================================================
----------------- testing Thu Jan 24 03:21:14 UTC 2019 /home/travis/build/icyphy/ptII/ptolemy/actor/lib/test/auto/PublisherClassParameter.xml
----------------- Instantiating /home/travis/build/icyphy/ptII/ptolemy/actor/lib/test/auto/PublisherClassParameter.xml
2 ms. Memory: 1541632K Free: 957224K (62%)
----------------- Invoking toplevel() on ptolemy.moml.MoMLSimpleApplication@d6d3148
----------------- Done invoking toplevel() on ptolemy.moml.MoMLSimpleApplication@d6d3148
reloadAllAccessors: .PublisherClassParameter

===========================================================================================
----------------- testing Thu Jan 24 03:21:14 UTC 2019 /home/travis/build/icyphy/ptII/ptolemy/actor/lib/test/auto/PublisherNonStrictTest.xml
----------------- Instantiating /home/travis/build/icyphy/ptII/ptolemy/actor/lib/test/auto/PublisherNonStrictTest.xml
2 ms. Memory: 1541632K Free: 942796K (61%)
----------------- Invoking toplevel() on ptolemy.moml.MoMLSimpleApplication@3b0c9533
----------------- Done invoking toplevel() on ptolemy.moml.MoMLSimpleApplication@3b0c9533
reloadAllAccessors: .PublisherNonStrictTest

===========================================================================================
----------------- testing Thu Jan 24 03:21:14 UTC 2019 /home/travis/build/icyphy/ptII/ptolemy/actor/lib/test/auto/PublisherPort1.xml
----------------- Instantiating /home/travis/build/icyphy/ptII/ptolemy/actor/lib/test/auto/PublisherPort1.xml
1 ms. Memory: 1541632K Free: 921702K (60%)
----------------- Invoking toplevel() on ptolemy.moml.MoMLSimpleApplication@28fc7f96
----------------- Done invoking toplevel() on ptolemy.moml.MoMLSimpleApplication@28fc7f96
reloadAllAccessors: .PublisherPort1

===========================================================================================
----------------- testing Thu Jan 24 03:21:14 UTC 2019 /home/travis/build/icyphy/ptII/ptolemy/actor/lib/test/auto/PublisherPort2.xml
----------------- Instantiating /home/travis/build/icyphy/ptII/ptolemy/actor/lib/test/auto/PublisherPort2.xml
1 ms. Memory: 1541632K Free: 907274K (59%)
----------------- Invoking toplevel() on ptolemy.moml.MoMLSimpleApplication@2c3c7b1b
----------------- Done invoking toplevel() on ptolemy.moml.MoMLSimpleApplication@2c3c7b1b
reloadAllAccessors: .PublisherPort2

===========================================================================================
----------------- testing Thu Jan 24 03:21:14 UTC 2019 /home/travis/build/icyphy/ptII/ptolemy/actor/lib/test/auto/PublisherPort3.xml
----------------- Instantiating /home/travis/build/icyphy/ptII/ptolemy/actor/lib/test/auto/PublisherPort3.xml
9 ms. Memory: 1541632K Free: 892846K (58%)
----------------- Invoking toplevel() on ptolemy.moml.MoMLSimpleApplication@65f9d4d8
----------------- Done invoking toplevel() on ptolemy.moml.MoMLSimpleApplication@65f9d4d8
reloadAllAccessors: .PublisherPort3

===========================================================================================
----------------- testing Thu Jan 24 03:21:15 UTC 2019 /home/travis/build/icyphy/ptII/ptolemy/actor/lib/test/auto/PublisherPort4.xml
----------------- Instantiating /home/travis/build/icyphy/ptII/ptolemy/actor/lib/test/auto/PublisherPort4.xml
3 ms. Memory: 1541632K Free: 871753K (57%)
----------------- Invoking toplevel() on ptolemy.moml.MoMLSimpleApplication@2cdc6817
----------------- Done invoking toplevel() on ptolemy.moml.MoMLSimpleApplication@2cdc6817
reloadAllAccessors: .PublisherPort4

===========================================================================================
----------------- testing Thu Jan 24 03:21:15 UTC 2019 /home/travis/build/icyphy/ptII/ptolemy/actor/lib/test/auto/PublisherPort5.xml
----------------- Instantiating /home/travis/build/icyphy/ptII/ptolemy/actor/lib/test/auto/PublisherPort5.xml
3 ms. Memory: 1541632K Free: 857325K (56%)
----------------- Invoking toplevel() on ptolemy.moml.MoMLSimpleApplication@29ac16b3
----------------- Done invoking toplevel() on ptolemy.moml.MoMLSimpleApplication@29ac16b3
reloadAllAccessors: .PublisherPort5

===========================================================================================
----------------- testing Thu Jan 24 03:21:15 UTC 2019 /home/travis/build/icyphy/ptII/ptolemy/actor/lib/test/auto/PublisherPort5LookAlike.xml
----------------- Instantiating /home/travis/build/icyphy/ptII/ptolemy/actor/lib/test/auto/PublisherPort5LookAlike.xml
3 ms. Memory: 1541632K Free: 836232K (54%)
----------------- Invoking toplevel() on ptolemy.moml.MoMLSimpleApplication@5fc58e68
----------------- Done invoking toplevel() on ptolemy.moml.MoMLSimpleApplication@5fc58e68
reloadAllAccessors: .PublisherPort5LookAlike

===========================================================================================
----------------- testing Thu Jan 24 03:21:15 UTC 2019 /home/travis/build/icyphy/ptII/ptolemy/actor/lib/test/auto/PublisherPort6.xml
----------------- Instantiating /home/travis/build/icyphy/ptII/ptolemy/actor/lib/test/auto/PublisherPort6.xml
2 ms. Memory: 1541632K Free: 821804K (53%)
----------------- Invoking toplevel() on ptolemy.moml.MoMLSimpleApplication@4dd874c9
----------------- Done invoking toplevel() on ptolemy.moml.MoMLSimpleApplication@4dd874c9
reloadAllAccessors: .PublisherPort6

===========================================================================================
----------------- testing Thu Jan 24 03:21:15 UTC 2019 /home/travis/build/icyphy/ptII/ptolemy/actor/lib/test/auto/PublisherPort7.xml
----------------- Instantiating /home/travis/build/icyphy/ptII/ptolemy/actor/lib/test/auto/PublisherPort7.xml
3 ms. Memory: 1541632K Free: 807376K (52%)
----------------- Invoking toplevel() on ptolemy.moml.MoMLSimpleApplication@1ecc3a23
----------------- Done invoking toplevel() on ptolemy.moml.MoMLSimpleApplication@1ecc3a23
reloadAllAccessors: .PublisherPort7

===========================================================================================
----------------- testing Thu Jan 24 03:21:15 UTC 2019 /home/travis/build/icyphy/ptII/ptolemy/actor/lib/test/auto/PublisherPort8.xml
----------------- Instantiating /home/travis/build/icyphy/ptII/ptolemy/actor/lib/test/auto/PublisherPort8.xml
4 ms. Memory: 1541632K Free: 786283K (51%)
----------------- Invoking toplevel() on ptolemy.moml.MoMLSimpleApplication@527d6e1b
----------------- Done invoking toplevel() on ptolemy.moml.MoMLSimpleApplication@527d6e1b
reloadAllAccessors: .PublisherPort8

===========================================================================================
----------------- testing Thu Jan 24 03:21:15 UTC 2019 /home/travis/build/icyphy/ptII/ptolemy/actor/lib/test/auto/PublisherPortSubscriberChannelVariablesAOC2.xml
----------------- Instantiating /home/travis/build/icyphy/ptII/ptolemy/actor/lib/test/auto/PublisherPortSubscriberChannelVariablesAOC2.xml
3 ms. Memory: 1541632K Free: 757402K (49%)
----------------- Invoking toplevel() on ptolemy.moml.MoMLSimpleApplication@6236d975
----------------- Done invoking toplevel() on ptolemy.moml.MoMLSimpleApplication@6236d975
reloadAllAccessors: .PublisherPortSubscriberChannelVariablesAOC2

===========================================================================================
----------------- testing Thu Jan 24 03:21:15 UTC 2019 /home/travis/build/icyphy/ptII/ptolemy/actor/lib/test/auto/PublisherPortSubscriberOpaqueWidthInference.xml
----------------- Instantiating /home/travis/build/icyphy/ptII/ptolemy/actor/lib/test/auto/PublisherPortSubscriberOpaqueWidthInference.xml
3 ms. Memory: 1541632K Free: 742974K (48%)
----------------- Invoking toplevel() on ptolemy.moml.MoMLSimpleApplication@214d6963
----------------- Done invoking toplevel() on ptolemy.moml.MoMLSimpleApplication@214d6963
reloadAllAccessors: .PublisherPortSubscriberOpaqueWidthInference

===========================================================================================
----------------- testing Thu Jan 24 03:21:15 UTC 2019 /home/travis/build/icyphy/ptII/ptolemy/actor/lib/test/auto/PublisherPortSubscriberPortAdjacent.xml
----------------- Instantiating /home/travis/build/icyphy/ptII/ptolemy/actor/lib/test/auto/PublisherPortSubscriberPortAdjacent.xml
1 ms. Memory: 1541632K Free: 721881K (47%)
----------------- Invoking toplevel() on ptolemy.moml.MoMLSimpleApplication@40dbd2
----------------- Done invoking toplevel() on ptolemy.moml.MoMLSimpleApplication@40dbd2
reloadAllAccessors: .PublisherPortSubscriberPortAdjacent

===========================================================================================
----------------- testing Thu Jan 24 03:21:15 UTC 2019 /home/travis/build/icyphy/ptII/ptolemy/actor/lib/test/auto/PublisherPortSubscriberPortExpression.xml
----------------- Instantiating /home/travis/build/icyphy/ptII/ptolemy/actor/lib/test/auto/PublisherPortSubscriberPortExpression.xml
3 ms. Memory: 1541632K Free: 707453K (46%)
----------------- Invoking toplevel() on ptolemy.moml.MoMLSimpleApplication@5c44f5e9
----------------- Done invoking toplevel() on ptolemy.moml.MoMLSimpleApplication@5c44f5e9
reloadAllAccessors: .PublisherPortSubscriberPortExpression

===========================================================================================
----------------- testing Thu Jan 24 03:21:15 UTC 2019 /home/travis/build/icyphy/ptII/ptolemy/actor/lib/test/auto/PublisherPortSubscriberPortOpaqueD3Reverse.xml
----------------- Instantiating /home/travis/build/icyphy/ptII/ptolemy/actor/lib/test/auto/PublisherPortSubscriberPortOpaqueD3Reverse.xml
5 ms. Memory: 1541632K Free: 686360K (45%)
----------------- Invoking toplevel() on ptolemy.moml.MoMLSimpleApplication@22b32e93
----------------- Done invoking toplevel() on ptolemy.moml.MoMLSimpleApplication@22b32e93
reloadAllAccessors: .PublisherPortSubscriberPortOpaqueD3Reverse

===========================================================================================
----------------- testing Thu Jan 24 03:21:15 UTC 2019 /home/travis/build/icyphy/ptII/ptolemy/actor/lib/test/auto/PublisherPortSubscriberPortOpaqueWidthInference.xml
----------------- Instantiating /home/travis/build/icyphy/ptII/ptolemy/actor/lib/test/auto/PublisherPortSubscriberPortOpaqueWidthInference.xml
3 ms. Memory: 1541632K Free: 671932K (44%)
----------------- Invoking toplevel() on ptolemy.moml.MoMLSimpleApplication@15e39b65
----------------- Done invoking toplevel() on ptolemy.moml.MoMLSimpleApplication@15e39b65
reloadAllAccessors: .PublisherPortSubscriberPortOpaqueWidthInference

===========================================================================================
----------------- testing Thu Jan 24 03:21:15 UTC 2019 /home/travis/build/icyphy/ptII/ptolemy/actor/lib/test/auto/PublisherPortToplevelSubscriberPortAOC.xml
----------------- Instantiating /home/travis/build/icyphy/ptII/ptolemy/actor/lib/test/auto/PublisherPortToplevelSubscriberPortAOC.xml
.PublisherPortToplevelSubscriberPortAOC.TestExceptionAttribute: initialize() was not invoked, but wrapup() was.  This is unusual, but not always a problem.  For example, exporting JNLP will do this.
1 ms. Memory: 1541632K Free: 657504K (43%)
----------------- Invoking toplevel() on ptolemy.moml.MoMLSimpleApplication@15f7fd6b
----------------- Done invoking toplevel() on ptolemy.moml.MoMLSimpleApplication@15f7fd6b
reloadAllAccessors: .PublisherPortToplevelSubscriberPortAOC

===========================================================================================
----------------- testing Thu Jan 24 03:21:15 UTC 2019 /home/travis/build/icyphy/ptII/ptolemy/actor/lib/test/auto/PublisherSubscriber.xml
----------------- Instantiating /home/travis/build/icyphy/ptII/ptolemy/actor/lib/test/auto/PublisherSubscriber.xml
3 ms. Memory: 1541632K Free: 636410K (41%)
----------------- Invoking toplevel() on ptolemy.moml.MoMLSimpleApplication@6ff948c9
----------------- Done invoking toplevel() on ptolemy.moml.MoMLSimpleApplication@6ff948c9
reloadAllAccessors: .PublisherSubscriber

===========================================================================================
----------------- testing Thu Jan 24 03:21:15 UTC 2019 /home/travis/build/icyphy/ptII/ptolemy/actor/lib/test/auto/PublisherSubscriber10.xml
----------------- Instantiating /home/travis/build/icyphy/ptII/ptolemy/actor/lib/test/auto/PublisherSubscriber10.xml
4 ms. Memory: 1541632K Free: 621982K (40%)
----------------- Invoking toplevel() on ptolemy.moml.MoMLSimpleApplication@15d7879c
----------------- Done invoking toplevel() on ptolemy.moml.MoMLSimpleApplication@15d7879c
reloadAllAccessors: .PublisherSubscriber10

===========================================================================================
----------------- testing Thu Jan 24 03:21:15 UTC 2019 /home/travis/build/icyphy/ptII/ptolemy/actor/lib/test/auto/PublisherSubscriber10InitialOutputs.xml
----------------- Instantiating /home/travis/build/icyphy/ptII/ptolemy/actor/lib/test/auto/PublisherSubscriber10InitialOutputs.xml
5 ms. Memory: 1541632K Free: 600889K (39%)
----------------- Invoking toplevel() on ptolemy.moml.MoMLSimpleApplication@5579fe92
----------------- Done invoking toplevel() on ptolemy.moml.MoMLSimpleApplication@5579fe92
reloadAllAccessors: .PublisherSubscriber10InitialOutputs

===========================================================================================
----------------- testing Thu Jan 24 03:21:15 UTC 2019 /home/travis/build/icyphy/ptII/ptolemy/actor/lib/test/auto/PublisherSubscriber11.xml
----------------- Instantiating /home/travis/build/icyphy/ptII/ptolemy/actor/lib/test/auto/PublisherSubscriber11.xml
2 ms. Memory: 1541632K Free: 586461K (38%)
----------------- Invoking toplevel() on ptolemy.moml.MoMLSimpleApplication@7214397e
----------------- Done invoking toplevel() on ptolemy.moml.MoMLSimpleApplication@7214397e
reloadAllAccessors: .PublisherSubscriber11

===========================================================================================
----------------- testing Thu Jan 24 03:21:15 UTC 2019 /home/travis/build/icyphy/ptII/ptolemy/actor/lib/test/auto/PublisherSubscriber12.xml
----------------- Instantiating /home/travis/build/icyphy/ptII/ptolemy/actor/lib/test/auto/PublisherSubscriber12.xml
4 ms. Memory: 1541632K Free: 572033K (37%)
----------------- Invoking toplevel() on ptolemy.moml.MoMLSimpleApplication@5d56b14f
----------------- Done invoking toplevel() on ptolemy.moml.MoMLSimpleApplication@5d56b14f
reloadAllAccessors: .PublisherSubscriber12

===========================================================================================
----------------- testing Thu Jan 24 03:21:15 UTC 2019 /home/travis/build/icyphy/ptII/ptolemy/actor/lib/test/auto/PublisherSubscriber13.xml
----------------- Instantiating /home/travis/build/icyphy/ptII/ptolemy/actor/lib/test/auto/PublisherSubscriber13.xml
2 ms. Memory: 1541632K Free: 550940K (36%)
----------------- Invoking toplevel() on ptolemy.moml.MoMLSimpleApplication@3b8ce382
----------------- Done invoking toplevel() on ptolemy.moml.MoMLSimpleApplication@3b8ce382
reloadAllAccessors: .PublisherSubscriber13

===========================================================================================
----------------- testing Thu Jan 24 03:21:15 UTC 2019 /home/travis/build/icyphy/ptII/ptolemy/actor/lib/test/auto/PublisherSubscriber14.xml
----------------- Instantiating /home/travis/build/icyphy/ptII/ptolemy/actor/lib/test/auto/PublisherSubscriber14.xml
2 ms. Memory: 1541632K Free: 536512K (35%)
----------------- Invoking toplevel() on ptolemy.moml.MoMLSimpleApplication@1425c5ba
----------------- Done invoking toplevel() on ptolemy.moml.MoMLSimpleApplication@1425c5ba
reloadAllAccessors: .PublisherSubscriber14

===========================================================================================
----------------- testing Thu Jan 24 03:21:15 UTC 2019 /home/travis/build/icyphy/ptII/ptolemy/actor/lib/test/auto/PublisherSubscriber2.xml
----------------- Instantiating /home/travis/build/icyphy/ptII/ptolemy/actor/lib/test/auto/PublisherSubscriber2.xml
2 ms. Memory: 1541632K Free: 522083K (34%)
----------------- Invoking toplevel() on ptolemy.moml.MoMLSimpleApplication@1638aaf5
----------------- Done invoking toplevel() on ptolemy.moml.MoMLSimpleApplication@1638aaf5
reloadAllAccessors: .PublisherSubscriber2

===========================================================================================
----------------- testing Thu Jan 24 03:21:15 UTC 2019 /home/travis/build/icyphy/ptII/ptolemy/actor/lib/test/auto/PublisherSubscriber3.xml
----------------- Instantiating /home/travis/build/icyphy/ptII/ptolemy/actor/lib/test/auto/PublisherSubscriber3.xml
2 ms. Memory: 1541632K Free: 500990K (32%)
----------------- Invoking toplevel() on ptolemy.moml.MoMLSimpleApplication@186ce050
----------------- Done invoking toplevel() on ptolemy.moml.MoMLSimpleApplication@186ce050
reloadAllAccessors: .PublisherSubscriber3

===========================================================================================
----------------- testing Thu Jan 24 03:21:15 UTC 2019 /home/travis/build/icyphy/ptII/ptolemy/actor/lib/test/auto/PublisherSubscriber4.xml
----------------- Instantiating /home/travis/build/icyphy/ptII/ptolemy/actor/lib/test/auto/PublisherSubscriber4.xml
2 ms. Memory: 1541632K Free: 486562K (32%)
----------------- Invoking toplevel() on ptolemy.moml.MoMLSimpleApplication@f9520ab
----------------- Done invoking toplevel() on ptolemy.moml.MoMLSimpleApplication@f9520ab
reloadAllAccessors: .PublisherSubscriber4

===========================================================================================
----------------- testing Thu Jan 24 03:21:15 UTC 2019 /home/travis/build/icyphy/ptII/ptolemy/actor/lib/test/auto/PublisherSubscriber5.xml
----------------- Instantiating /home/travis/build/icyphy/ptII/ptolemy/actor/lib/test/auto/PublisherSubscriber5.xml
2 ms. Memory: 1541632K Free: 465469K (30%)
----------------- Invoking toplevel() on ptolemy.moml.MoMLSimpleApplication@485c1e1f
----------------- Done invoking toplevel() on ptolemy.moml.MoMLSimpleApplication@485c1e1f
reloadAllAccessors: .PublisherSubscriber5

===========================================================================================
----------------- testing Thu Jan 24 03:21:15 UTC 2019 /home/travis/build/icyphy/ptII/ptolemy/actor/lib/test/auto/PublisherSubscriber6.xml
----------------- Instantiating /home/travis/build/icyphy/ptII/ptolemy/actor/lib/test/auto/PublisherSubscriber6.xml
2 ms. Memory: 1541632K Free: 451041K (29%)
----------------- Invoking toplevel() on ptolemy.moml.MoMLSimpleApplication@6b19ee8d
----------------- Done invoking toplevel() on ptolemy.moml.MoMLSimpleApplication@6b19ee8d
reloadAllAccessors: .PublisherSubscriber6

===========================================================================================
----------------- testing Thu Jan 24 03:21:15 UTC 2019 /home/travis/build/icyphy/ptII/ptolemy/actor/lib/test/auto/PublisherSubscriber7.xml
----------------- Instantiating /home/travis/build/icyphy/ptII/ptolemy/actor/lib/test/auto/PublisherSubscriber7.xml
2 ms. Memory: 1541632K Free: 436613K (28%)
----------------- Invoking toplevel() on ptolemy.moml.MoMLSimpleApplication@35f12c87
----------------- Done invoking toplevel() on ptolemy.moml.MoMLSimpleApplication@35f12c87
reloadAllAccessors: .PublisherSubscriber7

===========================================================================================
----------------- testing Thu Jan 24 03:21:15 UTC 2019 /home/travis/build/icyphy/ptII/ptolemy/actor/lib/test/auto/PublisherSubscriber8.xml
----------------- Instantiating /home/travis/build/icyphy/ptII/ptolemy/actor/lib/test/auto/PublisherSubscriber8.xml
7 ms. Memory: 1541632K Free: 343379K (22%)
----------------- Invoking toplevel() on ptolemy.moml.MoMLSimpleApplication@6dc2e125
----------------- Done invoking toplevel() on ptolemy.moml.MoMLSimpleApplication@6dc2e125
reloadAllAccessors: .PublisherSubscriber8

===========================================================================================
----------------- testing Thu Jan 24 03:21:15 UTC 2019 /home/travis/build/icyphy/ptII/ptolemy/actor/lib/test/auto/PublisherSubscriber9.xml
----------------- Instantiating /home/travis/build/icyphy/ptII/ptolemy/actor/lib/test/auto/PublisherSubscriber9.xml
2 ms. Memory: 1541632K Free: 328951K (21%)
----------------- Invoking toplevel() on ptolemy.moml.MoMLSimpleApplication@2f8e8c0
----------------- Done invoking toplevel() on ptolemy.moml.MoMLSimpleApplication@2f8e8c0
reloadAllAccessors: .PublisherSubscriber9

===========================================================================================
----------------- testing Thu Jan 24 03:21:15 UTC 2019 /home/travis/build/icyphy/ptII/ptolemy/actor/lib/test/auto/PublisherSubscriberAdjacent.xml
----------------- Instantiating /home/travis/build/icyphy/ptII/ptolemy/actor/lib/test/auto/PublisherSubscriberAdjacent.xml
2 ms. Memory: 1541632K Free: 314522K (20%)
----------------- Invoking toplevel() on ptolemy.moml.MoMLSimpleApplication@1e982427
----------------- Done invoking toplevel() on ptolemy.moml.MoMLSimpleApplication@1e982427
reloadAllAccessors: .PublisherSubscriberAdjacent

===========================================================================================
----------------- testing Thu Jan 24 03:21:15 UTC 2019 /home/travis/build/icyphy/ptII/ptolemy/actor/lib/test/auto/PublisherSubscriberChannelVariablesAOC2.xml
----------------- Instantiating /home/travis/build/icyphy/ptII/ptolemy/actor/lib/test/auto/PublisherSubscriberChannelVariablesAOC2.xml
3 ms. Memory: 1541632K Free: 286199K (19%)
----------------- Invoking toplevel() on ptolemy.moml.MoMLSimpleApplication@57fc23da
----------------- Done invoking toplevel() on ptolemy.moml.MoMLSimpleApplication@57fc23da
reloadAllAccessors: .PublisherSubscriberChannelVariablesAOC2

===========================================================================================
----------------- testing Thu Jan 24 03:21:15 UTC 2019 /home/travis/build/icyphy/ptII/ptolemy/actor/lib/test/auto/PublisherSubscriberD3.xml
----------------- Instantiating /home/travis/build/icyphy/ptII/ptolemy/actor/lib/test/auto/PublisherSubscriberD3.xml
2 ms. Memory: 1541632K Free: 271771K (18%)
----------------- Invoking toplevel() on ptolemy.moml.MoMLSimpleApplication@495c698e
----------------- Done invoking toplevel() on ptolemy.moml.MoMLSimpleApplication@495c698e
reloadAllAccessors: .PublisherSubscriberD3

===========================================================================================
----------------- testing Thu Jan 24 03:21:15 UTC 2019 /home/travis/build/icyphy/ptII/ptolemy/actor/lib/test/auto/PublisherSubscriberD3Reverse.xml
----------------- Instantiating /home/travis/build/icyphy/ptII/ptolemy/actor/lib/test/auto/PublisherSubscriberD3Reverse.xml
2 ms. Memory: 1541632K Free: 250678K (16%)
----------------- Invoking toplevel() on ptolemy.moml.MoMLSimpleApplication@370056d7
----------------- Done invoking toplevel() on ptolemy.moml.MoMLSimpleApplication@370056d7
reloadAllAccessors: .PublisherSubscriberD3Reverse

===========================================================================================
----------------- testing Thu Jan 24 03:21:15 UTC 2019 /home/travis/build/icyphy/ptII/ptolemy/actor/lib/test/auto/PublisherSubscriberExpression.xml
----------------- Instantiating /home/travis/build/icyphy/ptII/ptolemy/actor/lib/test/auto/PublisherSubscriberExpression.xml
3 ms. Memory: 1541632K Free: 236250K (15%)
----------------- Invoking toplevel() on ptolemy.moml.MoMLSimpleApplication@62783e07
----------------- Done invoking toplevel() on ptolemy.moml.MoMLSimpleApplication@62783e07
reloadAllAccessors: .PublisherSubscriberExpression

===========================================================================================
----------------- testing Thu Jan 24 03:21:15 UTC 2019 /home/travis/build/icyphy/ptII/ptolemy/actor/lib/test/auto/PublisherSubscriberOpaque.xml
----------------- Instantiating /home/travis/build/icyphy/ptII/ptolemy/actor/lib/test/auto/PublisherSubscriberOpaque.xml
3 ms. Memory: 1541632K Free: 221822K (14%)
----------------- Invoking toplevel() on ptolemy.moml.MoMLSimpleApplication@3f9c5561
----------------- Done invoking toplevel() on ptolemy.moml.MoMLSimpleApplication@3f9c5561
reloadAllAccessors: .PublisherSubscriberOpaque

===========================================================================================
----------------- testing Thu Jan 24 03:21:15 UTC 2019 /home/travis/build/icyphy/ptII/ptolemy/actor/lib/test/auto/PublisherSubscriberOpaqueD3.xml
----------------- Instantiating /home/travis/build/icyphy/ptII/ptolemy/actor/lib/test/auto/PublisherSubscriberOpaqueD3.xml
6 ms. Memory: 1541632K Free: 193498K (13%)
----------------- Invoking toplevel() on ptolemy.moml.MoMLSimpleApplication@181db3e4
----------------- Done invoking toplevel() on ptolemy.moml.MoMLSimpleApplication@181db3e4
reloadAllAccessors: .PublisherSubscriberOpaqueD3

===========================================================================================
----------------- testing Thu Jan 24 03:21:15 UTC 2019 /home/travis/build/icyphy/ptII/ptolemy/actor/lib/test/auto/PublisherSubscriberOpaqueD3Reverse.xml
----------------- Instantiating /home/travis/build/icyphy/ptII/ptolemy/actor/lib/test/auto/PublisherSubscriberOpaqueD3Reverse.xml
6 ms. Memory: 1541632K Free: 179070K (12%)
----------------- Invoking toplevel() on ptolemy.moml.MoMLSimpleApplication@5ad0e654
----------------- Done invoking toplevel() on ptolemy.moml.MoMLSimpleApplication@5ad0e654
reloadAllAccessors: .PublisherSubscriberOpaqueD3Reverse

===========================================================================================
----------------- testing Thu Jan 24 03:21:15 UTC 2019 /home/travis/build/icyphy/ptII/ptolemy/actor/lib/test/auto/PublisherSubscriberOpaqueWidthInference.xml
----------------- Instantiating /home/travis/build/icyphy/ptII/ptolemy/actor/lib/test/auto/PublisherSubscriberOpaqueWidthInference.xml
3 ms. Memory: 1541632K Free: 157977K (10%)
----------------- Invoking toplevel() on ptolemy.moml.MoMLSimpleApplication@4970852e
----------------- Done invoking toplevel() on ptolemy.moml.MoMLSimpleApplication@4970852e
reloadAllAccessors: .PublisherSubscriberOpaqueWidthInference

===========================================================================================
----------------- testing Thu Jan 24 03:21:15 UTC 2019 /home/travis/build/icyphy/ptII/ptolemy/actor/lib/test/auto/PublisherTestSubscriber.xml
----------------- Instantiating /home/travis/build/icyphy/ptII/ptolemy/actor/lib/test/auto/PublisherTestSubscriber.xml
3 ms. Memory: 1541632K Free: 143549K (9%)
----------------- Invoking toplevel() on ptolemy.moml.MoMLSimpleApplication@4557f8ad
----------------- Done invoking toplevel() on ptolemy.moml.MoMLSimpleApplication@4557f8ad
reloadAllAccessors: .PublisherTestSubscriber

===========================================================================================
----------------- testing Thu Jan 24 03:21:15 UTC 2019 /home/travis/build/icyphy/ptII/ptolemy/actor/lib/test/auto/PublisherToplevelSubscriberPortAOC.xml
----------------- Instantiating /home/travis/build/icyphy/ptII/ptolemy/actor/lib/test/auto/PublisherToplevelSubscriberPortAOC.xml
2 ms. Memory: 1541632K Free: 129121K (8%)
----------------- Invoking toplevel() on ptolemy.moml.MoMLSimpleApplication@22bf4bbf
----------------- Done invoking toplevel() on ptolemy.moml.MoMLSimpleApplication@22bf4bbf
reloadAllAccessors: .PublisherToplevelSubscriberPortAOC

===========================================================================================
----------------- testing Thu Jan 24 03:21:15 UTC 2019 /home/travis/build/icyphy/ptII/ptolemy/actor/lib/test/auto/PulseFiringLimitDE.xml
----------------- Instantiating /home/travis/build/icyphy/ptII/ptolemy/actor/lib/test/auto/PulseFiringLimitDE.xml
2 ms. Memory: 1541632K Free: 108028K (7%)
----------------- Invoking toplevel() on ptolemy.moml.MoMLSimpleApplication@7e78df0
----------------- Done invoking toplevel() on ptolemy.moml.MoMLSimpleApplication@7e78df0
reloadAllAccessors: .PulseFiringLimitDE

===========================================================================================
----------------- testing Thu Jan 24 03:21:15 UTC 2019 /home/travis/build/icyphy/ptII/ptolemy/actor/lib/test/auto/Ramp1.xml
----------------- Instantiating /home/travis/build/icyphy/ptII/ptolemy/actor/lib/test/auto/Ramp1.xml
2 ms. Memory: 1541632K Free: 93600K (6%)
----------------- Invoking toplevel() on ptolemy.moml.MoMLSimpleApplication@1727d781
----------------- Done invoking toplevel() on ptolemy.moml.MoMLSimpleApplication@1727d781
reloadAllAccessors: .Ramp1

===========================================================================================
----------------- testing Thu Jan 24 03:21:15 UTC 2019 /home/travis/build/icyphy/ptII/ptolemy/actor/lib/test/auto/RampFiringLimitDE.xml
----------------- Instantiating /home/travis/build/icyphy/ptII/ptolemy/actor/lib/test/auto/RampFiringLimitDE.xml
3 ms. Memory: 1541632K Free: 79171K (5%)
----------------- Invoking toplevel() on ptolemy.moml.MoMLSimpleApplication@6ca5869c
----------------- Done invoking toplevel() on ptolemy.moml.MoMLSimpleApplication@6ca5869c
reloadAllAccessors: .RampFiringLimitDE

===========================================================================================
----------------- testing Thu Jan 24 03:21:15 UTC 2019 /home/travis/build/icyphy/ptII/ptolemy/actor/lib/test/auto/RampFiringLimitSDF.xml
----------------- Instantiating /home/travis/build/icyphy/ptII/ptolemy/actor/lib/test/auto/RampFiringLimitSDF.xml
2 ms. Memory: 1541632K Free: 60426K (4%)
----------------- Invoking toplevel() on ptolemy.moml.MoMLSimpleApplication@534285c
----------------- Done invoking toplevel() on ptolemy.moml.MoMLSimpleApplication@534285c
reloadAllAccessors: .RampFiringLimitSDF

===========================================================================================
----------------- testing Thu Jan 24 03:21:15 UTC 2019 /home/travis/build/icyphy/ptII/ptolemy/actor/lib/test/auto/RandomInteger.xml
----------------- Instantiating /home/travis/build/icyphy/ptII/ptolemy/actor/lib/test/auto/RandomInteger.xml
2 ms. Memory: 1585152K Free: 1534874K (97%)
----------------- Invoking toplevel() on ptolemy.moml.MoMLSimpleApplication@7232cab8
----------------- Done invoking toplevel() on ptolemy.moml.MoMLSimpleApplication@7232cab8
reloadAllAccessors: .RandomInteger

===========================================================================================
----------------- testing Thu Jan 24 03:21:15 UTC 2019 /home/travis/build/icyphy/ptII/ptolemy/actor/lib/test/auto/ReadFile1.xml
----------------- Instantiating /home/travis/build/icyphy/ptII/ptolemy/actor/lib/test/auto/ReadFile1.xml
1 ms. Memory: 1585152K Free: 1514389K (96%)
----------------- Invoking toplevel() on ptolemy.moml.MoMLSimpleApplication@964cea1
----------------- Done invoking toplevel() on ptolemy.moml.MoMLSimpleApplication@964cea1
reloadAllAccessors: .ReadFile1

===========================================================================================
----------------- testing Thu Jan 24 03:21:15 UTC 2019 /home/travis/build/icyphy/ptII/ptolemy/actor/lib/test/auto/ReadFile2.xml
----------------- Instantiating /home/travis/build/icyphy/ptII/ptolemy/actor/lib/test/auto/ReadFile2.xml
1 ms. Memory: 1585152K Free: 1499690K (95%)
----------------- Invoking toplevel() on ptolemy.moml.MoMLSimpleApplication@5d9b996f
----------------- Done invoking toplevel() on ptolemy.moml.MoMLSimpleApplication@5d9b996f
reloadAllAccessors: .ReadFile2

===========================================================================================
----------------- testing Thu Jan 24 03:21:15 UTC 2019 /home/travis/build/icyphy/ptII/ptolemy/actor/lib/test/auto/Reader.xml
----------------- Instantiating /home/travis/build/icyphy/ptII/ptolemy/actor/lib/test/auto/Reader.xml
actor.lib.Reader is obsolete, use actor.lib.io.ExpressionReader instead
2 ms. Memory: 1585152K Free: 1479121K (93%)
----------------- Invoking toplevel() on ptolemy.moml.MoMLSimpleApplication@55d8ca22
----------------- Done invoking toplevel() on ptolemy.moml.MoMLSimpleApplication@55d8ca22
reloadAllAccessors: .Reader

===========================================================================================
----------------- testing Thu Jan 24 03:21:15 UTC 2019 /home/travis/build/icyphy/ptII/ptolemy/actor/lib/test/auto/RecordAssemblerDisplayNameTest.xml
----------------- Instantiating /home/travis/build/icyphy/ptII/ptolemy/actor/lib/test/auto/RecordAssemblerDisplayNameTest.xml
2815 ms. Memory: 1585152K Free: 236997K (15%)
----------------- Invoking toplevel() on ptolemy.moml.MoMLSimpleApplication@4b26bba4
----------------- Done invoking toplevel() on ptolemy.moml.MoMLSimpleApplication@4b26bba4
reloadAllAccessors: .RecordAssemblerDisplayNameTest

===========================================================================================
----------------- testing Thu Jan 24 03:21:18 UTC 2019 /home/travis/build/icyphy/ptII/ptolemy/actor/lib/test/auto/RecordAssemblerTypeError.xml
----------------- Instantiating /home/travis/build/icyphy/ptII/ptolemy/actor/lib/test/auto/RecordAssemblerTypeError.xml
4 ms. Memory: 1585152K Free: 209163K (13%)
----------------- Invoking toplevel() on ptolemy.moml.MoMLSimpleApplication@ed1931e
----------------- Done invoking toplevel() on ptolemy.moml.MoMLSimpleApplication@ed1931e
reloadAllAccessors: .RecordAssemblerTypeError

===========================================================================================
----------------- testing Thu Jan 24 03:21:18 UTC 2019 /home/travis/build/icyphy/ptII/ptolemy/actor/lib/test/auto/RecordDisassember.xml
----------------- Instantiating /home/travis/build/icyphy/ptII/ptolemy/actor/lib/test/auto/RecordDisassember.xml
2 ms. Memory: 1585152K Free: 194463K (12%)
----------------- Invoking toplevel() on ptolemy.moml.MoMLSimpleApplication@94abb73
----------------- Done invoking toplevel() on ptolemy.moml.MoMLSimpleApplication@94abb73
reloadAllAccessors: .RecordDisassember

===========================================================================================
----------------- testing Thu Jan 24 03:21:18 UTC 2019 /home/travis/build/icyphy/ptII/ptolemy/actor/lib/test/auto/RecordDisassemberDisplayNameTest.xml
----------------- Instantiating /home/travis/build/icyphy/ptII/ptolemy/actor/lib/test/auto/RecordDisassemberDisplayNameTest.xml
4 ms. Memory: 1585152K Free: 179764K (11%)
----------------- Invoking toplevel() on ptolemy.moml.MoMLSimpleApplication@62f43de
----------------- Done invoking toplevel() on ptolemy.moml.MoMLSimpleApplication@62f43de
reloadAllAccessors: .RecordDisassemberDisplayNameTest

===========================================================================================
----------------- testing Thu Jan 24 03:21:18 UTC 2019 /home/travis/build/icyphy/ptII/ptolemy/actor/lib/test/auto/RecordDisassembler.xml
----------------- Instantiating /home/travis/build/icyphy/ptII/ptolemy/actor/lib/test/auto/RecordDisassembler.xml
2 ms. Memory: 1585152K Free: 159279K (10%)
----------------- Invoking toplevel() on ptolemy.moml.MoMLSimpleApplication@11794b49
----------------- Done invoking toplevel() on ptolemy.moml.MoMLSimpleApplication@11794b49
reloadAllAccessors: .RecordDisassembler

===========================================================================================
----------------- testing Thu Jan 24 03:21:18 UTC 2019 /home/travis/build/icyphy/ptII/ptolemy/actor/lib/test/auto/RecordDisassembler2.xml
----------------- Instantiating /home/travis/build/icyphy/ptII/ptolemy/actor/lib/test/auto/RecordDisassembler2.xml
3 ms. Memory: 1585152K Free: 144580K (9%)
----------------- Invoking toplevel() on ptolemy.moml.MoMLSimpleApplication@74985cc2
----------------- Done invoking toplevel() on ptolemy.moml.MoMLSimpleApplication@74985cc2
reloadAllAccessors: .RecordDisassembler2

===========================================================================================
----------------- testing Thu Jan 24 03:21:18 UTC 2019 /home/travis/build/icyphy/ptII/ptolemy/actor/lib/test/auto/RecordUpdater.xml
----------------- Instantiating /home/travis/build/icyphy/ptII/ptolemy/actor/lib/test/auto/RecordUpdater.xml
2 ms. Memory: 1585152K Free: 124095K (8%)
----------------- Invoking toplevel() on ptolemy.moml.MoMLSimpleApplication@7db4480
----------------- Done invoking toplevel() on ptolemy.moml.MoMLSimpleApplication@7db4480
reloadAllAccessors: .RecordUpdater

===========================================================================================
----------------- testing Thu Jan 24 03:21:18 UTC 2019 /home/travis/build/icyphy/ptII/ptolemy/actor/lib/test/auto/RecordUpdater2.xml
----------------- Instantiating /home/travis/build/icyphy/ptII/ptolemy/actor/lib/test/auto/RecordUpdater2.xml
1 ms. Memory: 1585152K Free: 109395K (7%)
----------------- Invoking toplevel() on ptolemy.moml.MoMLSimpleApplication@25808f54
----------------- Done invoking toplevel() on ptolemy.moml.MoMLSimpleApplication@25808f54
reloadAllAccessors: .RecordUpdater2

===========================================================================================
----------------- testing Thu Jan 24 03:21:18 UTC 2019 /home/travis/build/icyphy/ptII/ptolemy/actor/lib/test/auto/RecursiveLattice.xml
----------------- Instantiating /home/travis/build/icyphy/ptII/ptolemy/actor/lib/test/auto/RecursiveLattice.xml
2 ms. Memory: 1585152K Free: 88911K (6%)
----------------- Invoking toplevel() on ptolemy.moml.MoMLSimpleApplication@343f0d4c
----------------- Done invoking toplevel() on ptolemy.moml.MoMLSimpleApplication@343f0d4c
reloadAllAccessors: .RecursiveLattice

===========================================================================================
----------------- testing Thu Jan 24 03:21:18 UTC 2019 /home/travis/build/icyphy/ptII/ptolemy/actor/lib/test/auto/Router.xml
----------------- Instantiating /home/travis/build/icyphy/ptII/ptolemy/actor/lib/test/auto/Router.xml
3004 ms. Memory: 1585152K Free: 75946K (5%)
----------------- Invoking toplevel() on ptolemy.moml.MoMLSimpleApplication@8d3cbed
----------------- Done invoking toplevel() on ptolemy.moml.MoMLSimpleApplication@8d3cbed
reloadAllAccessors: .Router

===========================================================================================
----------------- testing Thu Jan 24 03:21:21 UTC 2019 /home/travis/build/icyphy/ptII/ptolemy/actor/lib/test/auto/Router2.xml
----------------- Instantiating /home/travis/build/icyphy/ptII/ptolemy/actor/lib/test/auto/Router2.xml
3004 ms. Memory: 1738752K Free: 1680389K (97%)
----------------- Invoking toplevel() on ptolemy.moml.MoMLSimpleApplication@4b1b07
----------------- Done invoking toplevel() on ptolemy.moml.MoMLSimpleApplication@4b1b07
reloadAllAccessors: .Router2

===========================================================================================
----------------- testing Thu Jan 24 03:21:24 UTC 2019 /home/travis/build/icyphy/ptII/ptolemy/actor/lib/test/auto/RunningMaximum.xml
----------------- Instantiating /home/travis/build/icyphy/ptII/ptolemy/actor/lib/test/auto/RunningMaximum.xml
2 ms. Memory: 1738752K Free: 1654198K (95%)
----------------- Invoking toplevel() on ptolemy.moml.MoMLSimpleApplication@3b345b83
----------------- Done invoking toplevel() on ptolemy.moml.MoMLSimpleApplication@3b345b83
reloadAllAccessors: .RunningMaximum

===========================================================================================
----------------- testing Thu Jan 24 03:21:24 UTC 2019 /home/travis/build/icyphy/ptII/ptolemy/actor/lib/test/auto/RunningMinimum.xml
----------------- Instantiating /home/travis/build/icyphy/ptII/ptolemy/actor/lib/test/auto/RunningMinimum.xml
2 ms. Memory: 1738752K Free: 1628006K (94%)
----------------- Invoking toplevel() on ptolemy.moml.MoMLSimpleApplication@7881c4cb
----------------- Done invoking toplevel() on ptolemy.moml.MoMLSimpleApplication@7881c4cb
reloadAllAccessors: .RunningMinimum

===========================================================================================
----------------- testing Thu Jan 24 03:21:25 UTC 2019 /home/travis/build/icyphy/ptII/ptolemy/actor/lib/test/auto/Scale.xml
----------------- Instantiating /home/travis/build/icyphy/ptII/ptolemy/actor/lib/test/auto/Scale.xml
2 ms. Memory: 1738752K Free: 1606249K (92%)
----------------- Invoking toplevel() on ptolemy.moml.MoMLSimpleApplication@6a4c9414
----------------- Done invoking toplevel() on ptolemy.moml.MoMLSimpleApplication@6a4c9414
reloadAllAccessors: .Scale

===========================================================================================
----------------- testing Thu Jan 24 03:21:25 UTC 2019 /home/travis/build/icyphy/ptII/ptolemy/actor/lib/test/auto/Scale2.xml
----------------- Instantiating /home/travis/build/icyphy/ptII/ptolemy/actor/lib/test/auto/Scale2.xml
1 ms. Memory: 1738752K Free: 1580057K (91%)
----------------- Invoking toplevel() on ptolemy.moml.MoMLSimpleApplication@46e11bb0
----------------- Done invoking toplevel() on ptolemy.moml.MoMLSimpleApplication@46e11bb0
reloadAllAccessors: .Scale2

===========================================================================================
----------------- testing Thu Jan 24 03:21:25 UTC 2019 /home/travis/build/icyphy/ptII/ptolemy/actor/lib/test/auto/Scale3.xml
----------------- Instantiating /home/travis/build/icyphy/ptII/ptolemy/actor/lib/test/auto/Scale3.xml
2 ms. Memory: 1738752K Free: 1558300K (90%)
----------------- Invoking toplevel() on ptolemy.moml.MoMLSimpleApplication@5eef98b5
----------------- Done invoking toplevel() on ptolemy.moml.MoMLSimpleApplication@5eef98b5
reloadAllAccessors: .Scale3

===========================================================================================
----------------- testing Thu Jan 24 03:21:25 UTC 2019 /home/travis/build/icyphy/ptII/ptolemy/actor/lib/test/auto/ScaleArray.xml
----------------- Instantiating /home/travis/build/icyphy/ptII/ptolemy/actor/lib/test/auto/ScaleArray.xml
2 ms. Memory: 1738752K Free: 1532108K (88%)
----------------- Invoking toplevel() on ptolemy.moml.MoMLSimpleApplication@4417512e
----------------- Done invoking toplevel() on ptolemy.moml.MoMLSimpleApplication@4417512e
reloadAllAccessors: .ScaleArray

===========================================================================================
----------------- testing Thu Jan 24 03:21:25 UTC 2019 /home/travis/build/icyphy/ptII/ptolemy/actor/lib/test/auto/ScaleArray2.xml
----------------- Instantiating /home/travis/build/icyphy/ptII/ptolemy/actor/lib/test/auto/ScaleArray2.xml
2 ms. Memory: 1738752K Free: 1510352K (87%)
----------------- Invoking toplevel() on ptolemy.moml.MoMLSimpleApplication@253f8b05
----------------- Done invoking toplevel() on ptolemy.moml.MoMLSimpleApplication@253f8b05
reloadAllAccessors: .ScaleArray2

===========================================================================================
----------------- testing Thu Jan 24 03:21:25 UTC 2019 /home/travis/build/icyphy/ptII/ptolemy/actor/lib/test/auto/ScaleMatrix.xml
----------------- Instantiating /home/travis/build/icyphy/ptII/ptolemy/actor/lib/test/auto/ScaleMatrix.xml
93 ms. Memory: 1738752K Free: 1484099K (85%)
----------------- Invoking toplevel() on ptolemy.moml.MoMLSimpleApplication@2caa5da8
----------------- Done invoking toplevel() on ptolemy.moml.MoMLSimpleApplication@2caa5da8
reloadAllAccessors: .ScaleMatrix

===========================================================================================
----------------- testing Thu Jan 24 03:21:25 UTC 2019 /home/travis/build/icyphy/ptII/ptolemy/actor/lib/test/auto/Select.xml
----------------- Instantiating /home/travis/build/icyphy/ptII/ptolemy/actor/lib/test/auto/Select.xml
2 ms. Memory: 1738752K Free: 1457908K (84%)
----------------- Invoking toplevel() on ptolemy.moml.MoMLSimpleApplication@134ac2c0
----------------- Done invoking toplevel() on ptolemy.moml.MoMLSimpleApplication@134ac2c0
reloadAllAccessors: .Select

===========================================================================================
----------------- testing Thu Jan 24 03:21:25 UTC 2019 /home/travis/build/icyphy/ptII/ptolemy/actor/lib/test/auto/Select2.xml
----------------- Instantiating /home/travis/build/icyphy/ptII/ptolemy/actor/lib/test/auto/Select2.xml
1 ms. Memory: 1738752K Free: 1436151K (83%)
----------------- Invoking toplevel() on ptolemy.moml.MoMLSimpleApplication@72582965
----------------- Done invoking toplevel() on ptolemy.moml.MoMLSimpleApplication@72582965
reloadAllAccessors: .Select2

===========================================================================================
----------------- testing Thu Jan 24 03:21:25 UTC 2019 /home/travis/build/icyphy/ptII/ptolemy/actor/lib/test/auto/SequenceToArray2.xml
----------------- Instantiating /home/travis/build/icyphy/ptII/ptolemy/actor/lib/test/auto/SequenceToArray2.xml
77 ms. Memory: 1738752K Free: 1301160K (75%)
----------------- Invoking toplevel() on ptolemy.moml.MoMLSimpleApplication@7aa63ac0
----------------- Done invoking toplevel() on ptolemy.moml.MoMLSimpleApplication@7aa63ac0
reloadAllAccessors: .SequenceToArray2

===========================================================================================
----------------- testing Thu Jan 24 03:21:25 UTC 2019 /home/travis/build/icyphy/ptII/ptolemy/actor/lib/test/auto/SequentialClock.xml
----------------- Instantiating /home/travis/build/icyphy/ptII/ptolemy/actor/lib/test/auto/SequentialClock.xml
1 ms. Memory: 1738752K Free: 1279403K (74%)
----------------- Invoking toplevel() on ptolemy.moml.MoMLSimpleApplication@54a76875
----------------- Done invoking toplevel() on ptolemy.moml.MoMLSimpleApplication@54a76875
reloadAllAccessors: .SequentialClock

===========================================================================================
----------------- testing Thu Jan 24 03:21:25 UTC 2019 /home/travis/build/icyphy/ptII/ptolemy/actor/lib/test/auto/SetVariable.xml
----------------- Instantiating /home/travis/build/icyphy/ptII/ptolemy/actor/lib/test/auto/SetVariable.xml
2 ms. Memory: 1738752K Free: 1253211K (72%)
----------------- Invoking toplevel() on ptolemy.moml.MoMLSimpleApplication@54c385f7
----------------- Done invoking toplevel() on ptolemy.moml.MoMLSimpleApplication@54c385f7
reloadAllAccessors: .SetVariable

===========================================================================================
----------------- testing Thu Jan 24 03:21:25 UTC 2019 /home/travis/build/icyphy/ptII/ptolemy/actor/lib/test/auto/SetVariable2.xml
----------------- Instantiating /home/travis/build/icyphy/ptII/ptolemy/actor/lib/test/auto/SetVariable2.xml
1 ms. Memory: 1738752K Free: 1231455K (71%)
----------------- Invoking toplevel() on ptolemy.moml.MoMLSimpleApplication@593367b0
----------------- Done invoking toplevel() on ptolemy.moml.MoMLSimpleApplication@593367b0
reloadAllAccessors: .SetVariable2

===========================================================================================
----------------- testing Thu Jan 24 03:21:25 UTC 2019 /home/travis/build/icyphy/ptII/ptolemy/actor/lib/test/auto/SetVariable3.xml
----------------- Instantiating /home/travis/build/icyphy/ptII/ptolemy/actor/lib/test/auto/SetVariable3.xml
7 ms. Memory: 1738752K Free: 1205263K (69%)
----------------- Invoking toplevel() on ptolemy.moml.MoMLSimpleApplication@138b43aa
----------------- Done invoking toplevel() on ptolemy.moml.MoMLSimpleApplication@138b43aa
reloadAllAccessors: .SetVariable3

===========================================================================================
----------------- testing Thu Jan 24 03:21:25 UTC 2019 /home/travis/build/icyphy/ptII/ptolemy/actor/lib/test/auto/SetVariable4.xml
----------------- Instantiating /home/travis/build/icyphy/ptII/ptolemy/actor/lib/test/auto/SetVariable4.xml
20 ms. Memory: 1738752K Free: 1107358K (64%)
----------------- Invoking toplevel() on ptolemy.moml.MoMLSimpleApplication@ff4e61f
----------------- Done invoking toplevel() on ptolemy.moml.MoMLSimpleApplication@ff4e61f
reloadAllAccessors: .SetVariable4

===========================================================================================
----------------- testing Thu Jan 24 03:21:25 UTC 2019 /home/travis/build/icyphy/ptII/ptolemy/actor/lib/test/auto/SetVariable5.xml
----------------- Instantiating /home/travis/build/icyphy/ptII/ptolemy/actor/lib/test/auto/SetVariable5.xml
15 ms. Memory: 1738752K Free: 1081167K (62%)
----------------- Invoking toplevel() on ptolemy.moml.MoMLSimpleApplication@3393f498
----------------- Done invoking toplevel() on ptolemy.moml.MoMLSimpleApplication@3393f498
reloadAllAccessors: .SetVariable5

===========================================================================================
----------------- testing Thu Jan 24 03:21:25 UTC 2019 /home/travis/build/icyphy/ptII/ptolemy/actor/lib/test/auto/Sinewave.xml
----------------- Instantiating /home/travis/build/icyphy/ptII/ptolemy/actor/lib/test/auto/Sinewave.xml
3 ms. Memory: 1738752K Free: 1054975K (61%)
----------------- Invoking toplevel() on ptolemy.moml.MoMLSimpleApplication@664040f9
----------------- Done invoking toplevel() on ptolemy.moml.MoMLSimpleApplication@664040f9
reloadAllAccessors: .Sinewave

===========================================================================================
----------------- testing Thu Jan 24 03:21:25 UTC 2019 /home/travis/build/icyphy/ptII/ptolemy/actor/lib/test/auto/Sinewave2.xml
----------------- Instantiating /home/travis/build/icyphy/ptII/ptolemy/actor/lib/test/auto/Sinewave2.xml
10 ms. Memory: 1738752K Free: 1033218K (59%)
----------------- Invoking toplevel() on ptolemy.moml.MoMLSimpleApplication@44714653
----------------- Done invoking toplevel() on ptolemy.moml.MoMLSimpleApplication@44714653
reloadAllAccessors: .Sinewave2

===========================================================================================
----------------- testing Thu Jan 24 03:21:25 UTC 2019 /home/travis/build/icyphy/ptII/ptolemy/actor/lib/test/auto/Sinewave3.xml
----------------- Instantiating /home/travis/build/icyphy/ptII/ptolemy/actor/lib/test/auto/Sinewave3.xml
5 ms. Memory: 1738752K Free: 1007026K (58%)
----------------- Invoking toplevel() on ptolemy.moml.MoMLSimpleApplication@509d0f29
----------------- Done invoking toplevel() on ptolemy.moml.MoMLSimpleApplication@509d0f29
reloadAllAccessors: .Sinewave3

===========================================================================================
----------------- testing Thu Jan 24 03:21:25 UTC 2019 /home/travis/build/icyphy/ptII/ptolemy/actor/lib/test/auto/SingleEvent.xml
----------------- Instantiating /home/travis/build/icyphy/ptII/ptolemy/actor/lib/test/auto/SingleEvent.xml
1 ms. Memory: 1738752K Free: 985270K (57%)
----------------- Invoking toplevel() on ptolemy.moml.MoMLSimpleApplication@575332f5
----------------- Done invoking toplevel() on ptolemy.moml.MoMLSimpleApplication@575332f5
reloadAllAccessors: .SingleEvent

===========================================================================================
----------------- testing Thu Jan 24 03:21:25 UTC 2019 /home/travis/build/icyphy/ptII/ptolemy/actor/lib/test/auto/Sleep.xml
----------------- Instantiating /home/travis/build/icyphy/ptII/ptolemy/actor/lib/test/auto/Sleep.xml
6003 ms. Memory: 1738752K Free: 959078K (55%)
----------------- Invoking toplevel() on ptolemy.moml.MoMLSimpleApplication@370c1919
----------------- Done invoking toplevel() on ptolemy.moml.MoMLSimpleApplication@370c1919
reloadAllAccessors: .Sleep

===========================================================================================
----------------- testing Thu Jan 24 03:21:31 UTC 2019 /home/travis/build/icyphy/ptII/ptolemy/actor/lib/test/auto/SleepMultipleFire.xml
----------------- Instantiating /home/travis/build/icyphy/ptII/ptolemy/actor/lib/test/auto/SleepMultipleFire.xml
1005 ms. Memory: 1738752K Free: 937321K (54%)
----------------- Invoking toplevel() on ptolemy.moml.MoMLSimpleApplication@a97795c
----------------- Done invoking toplevel() on ptolemy.moml.MoMLSimpleApplication@a97795c
reloadAllAccessors: .SleepMultipleFire

===========================================================================================
----------------- testing Thu Jan 24 03:21:32 UTC 2019 /home/travis/build/icyphy/ptII/ptolemy/actor/lib/test/auto/StopDE.xml
----------------- Instantiating /home/travis/build/icyphy/ptII/ptolemy/actor/lib/test/auto/StopDE.xml
2 ms. Memory: 1738752K Free: 911129K (52%)
----------------- Invoking toplevel() on ptolemy.moml.MoMLSimpleApplication@38f89b9d
----------------- Done invoking toplevel() on ptolemy.moml.MoMLSimpleApplication@38f89b9d
reloadAllAccessors: .StopDE

===========================================================================================
----------------- testing Thu Jan 24 03:21:32 UTC 2019 /home/travis/build/icyphy/ptII/ptolemy/actor/lib/test/auto/StopSDF.xml
----------------- Instantiating /home/travis/build/icyphy/ptII/ptolemy/actor/lib/test/auto/StopSDF.xml
2 ms. Memory: 1738752K Free: 884937K (51%)
----------------- Invoking toplevel() on ptolemy.moml.MoMLSimpleApplication@4a57a4e8
----------------- Done invoking toplevel() on ptolemy.moml.MoMLSimpleApplication@4a57a4e8
reloadAllAccessors: .StopSDF

===========================================================================================
----------------- testing Thu Jan 24 03:21:32 UTC 2019 /home/travis/build/icyphy/ptII/ptolemy/actor/lib/test/auto/StringConstant.xml
----------------- Instantiating /home/travis/build/icyphy/ptII/ptolemy/actor/lib/test/auto/StringConstant.xml
1 ms. Memory: 1738752K Free: 863181K (50%)
----------------- Invoking toplevel() on ptolemy.moml.MoMLSimpleApplication@78394d4d
----------------- Done invoking toplevel() on ptolemy.moml.MoMLSimpleApplication@78394d4d
reloadAllAccessors: .StringConstant

===========================================================================================
----------------- testing Thu Jan 24 03:21:32 UTC 2019 /home/travis/build/icyphy/ptII/ptolemy/actor/lib/test/auto/SubscriberPortInitialValues1.xml
----------------- Instantiating /home/travis/build/icyphy/ptII/ptolemy/actor/lib/test/auto/SubscriberPortInitialValues1.xml
4 ms. Memory: 1738752K Free: 836989K (48%)
----------------- Invoking toplevel() on ptolemy.moml.MoMLSimpleApplication@35bc9804
----------------- Done invoking toplevel() on ptolemy.moml.MoMLSimpleApplication@35bc9804
reloadAllAccessors: .SubscriberPortInitialValues1

===========================================================================================
----------------- testing Thu Jan 24 03:21:32 UTC 2019 /home/travis/build/icyphy/ptII/ptolemy/actor/lib/test/auto/SubscriberPortInitialValues13.xml
----------------- Instantiating /home/travis/build/icyphy/ptII/ptolemy/actor/lib/test/auto/SubscriberPortInitialValues13.xml
4 ms. Memory: 1738752K Free: 815232K (47%)
----------------- Invoking toplevel() on ptolemy.moml.MoMLSimpleApplication@1acfe919
----------------- Done invoking toplevel() on ptolemy.moml.MoMLSimpleApplication@1acfe919
reloadAllAccessors: .SubscriberPortInitialValues13

===========================================================================================
----------------- testing Thu Jan 24 03:21:32 UTC 2019 /home/travis/build/icyphy/ptII/ptolemy/actor/lib/test/auto/SubscriberPortInitialValues14.xml
----------------- Instantiating /home/travis/build/icyphy/ptII/ptolemy/actor/lib/test/auto/SubscriberPortInitialValues14.xml
3 ms. Memory: 1738752K Free: 789041K (45%)
----------------- Invoking toplevel() on ptolemy.moml.MoMLSimpleApplication@3a83bb12
----------------- Done invoking toplevel() on ptolemy.moml.MoMLSimpleApplication@3a83bb12
reloadAllAccessors: .SubscriberPortInitialValues14

===========================================================================================
----------------- testing Thu Jan 24 03:21:32 UTC 2019 /home/travis/build/icyphy/ptII/ptolemy/actor/lib/test/auto/SubscriberPortInitialValues2.xml
----------------- Instantiating /home/travis/build/icyphy/ptII/ptolemy/actor/lib/test/auto/SubscriberPortInitialValues2.xml
3 ms. Memory: 1738752K Free: 767284K (44%)
----------------- Invoking toplevel() on ptolemy.moml.MoMLSimpleApplication@4339a071
----------------- Done invoking toplevel() on ptolemy.moml.MoMLSimpleApplication@4339a071
reloadAllAccessors: .SubscriberPortInitialValues2

===========================================================================================
----------------- testing Thu Jan 24 03:21:32 UTC 2019 /home/travis/build/icyphy/ptII/ptolemy/actor/lib/test/auto/SubscriberPortInitialValues3.xml
----------------- Instantiating /home/travis/build/icyphy/ptII/ptolemy/actor/lib/test/auto/SubscriberPortInitialValues3.xml
5 ms. Memory: 1738752K Free: 741092K (43%)
----------------- Invoking toplevel() on ptolemy.moml.MoMLSimpleApplication@5ec46118
----------------- Done invoking toplevel() on ptolemy.moml.MoMLSimpleApplication@5ec46118
reloadAllAccessors: .SubscriberPortInitialValues3

===========================================================================================
----------------- testing Thu Jan 24 03:21:32 UTC 2019 /home/travis/build/icyphy/ptII/ptolemy/actor/lib/test/auto/SubscriptionAggregator.xml
----------------- Instantiating /home/travis/build/icyphy/ptII/ptolemy/actor/lib/test/auto/SubscriptionAggregator.xml
3 ms. Memory: 1738752K Free: 714900K (41%)
----------------- Invoking toplevel() on ptolemy.moml.MoMLSimpleApplication@6a9540ab
----------------- Done invoking toplevel() on ptolemy.moml.MoMLSimpleApplication@6a9540ab
reloadAllAccessors: .SubscriptionAggregator

===========================================================================================
----------------- testing Thu Jan 24 03:21:32 UTC 2019 /home/travis/build/icyphy/ptII/ptolemy/actor/lib/test/auto/SubscriptionAggregator2.xml
----------------- Instantiating /home/travis/build/icyphy/ptII/ptolemy/actor/lib/test/auto/SubscriptionAggregator2.xml
2 ms. Memory: 1738752K Free: 693144K (40%)
----------------- Invoking toplevel() on ptolemy.moml.MoMLSimpleApplication@70f0bc42
----------------- Done invoking toplevel() on ptolemy.moml.MoMLSimpleApplication@70f0bc42
reloadAllAccessors: .SubscriptionAggregator2

===========================================================================================
----------------- testing Thu Jan 24 03:21:32 UTC 2019 /home/travis/build/icyphy/ptII/ptolemy/actor/lib/test/auto/SubscriptionAggregator3.xml
----------------- Instantiating /home/travis/build/icyphy/ptII/ptolemy/actor/lib/test/auto/SubscriptionAggregator3.xml
5 ms. Memory: 1738752K Free: 666952K (38%)
----------------- Invoking toplevel() on ptolemy.moml.MoMLSimpleApplication@48554c8f
----------------- Done invoking toplevel() on ptolemy.moml.MoMLSimpleApplication@48554c8f
reloadAllAccessors: .SubscriptionAggregator3

===========================================================================================
----------------- testing Thu Jan 24 03:21:32 UTC 2019 /home/travis/build/icyphy/ptII/ptolemy/actor/lib/test/auto/SubscriptionAggregatorMultiply.xml
----------------- Instantiating /home/travis/build/icyphy/ptII/ptolemy/actor/lib/test/auto/SubscriptionAggregatorMultiply.xml
7 ms. Memory: 1738752K Free: 645195K (37%)
----------------- Invoking toplevel() on ptolemy.moml.MoMLSimpleApplication@790893d
----------------- Done invoking toplevel() on ptolemy.moml.MoMLSimpleApplication@790893d
reloadAllAccessors: .SubscriptionAggregatorMultiply

===========================================================================================
----------------- testing Thu Jan 24 03:21:32 UTC 2019 /home/travis/build/icyphy/ptII/ptolemy/actor/lib/test/auto/SubscriptionAggregatorPortMultiply1.xml
----------------- Instantiating /home/travis/build/icyphy/ptII/ptolemy/actor/lib/test/auto/SubscriptionAggregatorPortMultiply1.xml
3 ms. Memory: 1738752K Free: 619003K (36%)
----------------- Invoking toplevel() on ptolemy.moml.MoMLSimpleApplication@7fefbcdd
----------------- Done invoking toplevel() on ptolemy.moml.MoMLSimpleApplication@7fefbcdd
reloadAllAccessors: .SubscriptionAggregatorPortMultiply1

===========================================================================================
----------------- testing Thu Jan 24 03:21:32 UTC 2019 /home/travis/build/icyphy/ptII/ptolemy/actor/lib/test/auto/Switch.xml
----------------- Instantiating /home/travis/build/icyphy/ptII/ptolemy/actor/lib/test/auto/Switch.xml
6 ms. Memory: 1738752K Free: 531977K (31%)
----------------- Invoking toplevel() on ptolemy.moml.MoMLSimpleApplication@3a9f4128
----------------- Done invoking toplevel() on ptolemy.moml.MoMLSimpleApplication@3a9f4128
reloadAllAccessors: .Switch

===========================================================================================
----------------- testing Thu Jan 24 03:21:32 UTC 2019 /home/travis/build/icyphy/ptII/ptolemy/actor/lib/test/auto/Switch2.xml
----------------- Instantiating /home/travis/build/icyphy/ptII/ptolemy/actor/lib/test/auto/Switch2.xml
1 ms. Memory: 1738752K Free: 505785K (29%)
----------------- Invoking toplevel() on ptolemy.moml.MoMLSimpleApplication@621387bd
----------------- Done invoking toplevel() on ptolemy.moml.MoMLSimpleApplication@621387bd
reloadAllAccessors: .Switch2

===========================================================================================
----------------- testing Thu Jan 24 03:21:32 UTC 2019 /home/travis/build/icyphy/ptII/ptolemy/actor/lib/test/auto/SwitchDE.xml
----------------- Instantiating /home/travis/build/icyphy/ptII/ptolemy/actor/lib/test/auto/SwitchDE.xml
2 ms. Memory: 1738752K Free: 484028K (28%)
----------------- Invoking toplevel() on ptolemy.moml.MoMLSimpleApplication@27e85ffc
----------------- Done invoking toplevel() on ptolemy.moml.MoMLSimpleApplication@27e85ffc
reloadAllAccessors: .SwitchDE

===========================================================================================
----------------- testing Thu Jan 24 03:21:32 UTC 2019 /home/travis/build/icyphy/ptII/ptolemy/actor/lib/test/auto/SynchronizerDE.xml
----------------- Instantiating /home/travis/build/icyphy/ptII/ptolemy/actor/lib/test/auto/SynchronizerDE.xml
8 ms. Memory: 1738752K Free: 457836K (26%)
----------------- Invoking toplevel() on ptolemy.moml.MoMLSimpleApplication@3a858593
----------------- Done invoking toplevel() on ptolemy.moml.MoMLSimpleApplication@3a858593
reloadAllAccessors: .SynchronizerDE

===========================================================================================
----------------- testing Thu Jan 24 03:21:32 UTC 2019 /home/travis/build/icyphy/ptII/ptolemy/actor/lib/test/auto/Test.xml
----------------- Instantiating /home/travis/build/icyphy/ptII/ptolemy/actor/lib/test/auto/Test.xml
6 ms. Memory: 1738752K Free: 431644K (25%)
----------------- Invoking toplevel() on ptolemy.moml.MoMLSimpleApplication@24df154e
----------------- Done invoking toplevel() on ptolemy.moml.MoMLSimpleApplication@24df154e
reloadAllAccessors: .Test

===========================================================================================
----------------- testing Thu Jan 24 03:21:32 UTC 2019 /home/travis/build/icyphy/ptII/ptolemy/actor/lib/test/auto/TestExceptionAttribute1.xml
----------------- Instantiating /home/travis/build/icyphy/ptII/ptolemy/actor/lib/test/auto/TestExceptionAttribute1.xml
1 ms. Memory: 1738752K Free: 409888K (24%)
----------------- Invoking toplevel() on ptolemy.moml.MoMLSimpleApplication@3654b1a1
----------------- Done invoking toplevel() on ptolemy.moml.MoMLSimpleApplication@3654b1a1
reloadAllAccessors: .TestExceptionAttribute1

===========================================================================================
----------------- testing Thu Jan 24 03:21:32 UTC 2019 /home/travis/build/icyphy/ptII/ptolemy/actor/lib/test/auto/TestExceptionAttribute2.xml
----------------- Instantiating /home/travis/build/icyphy/ptII/ptolemy/actor/lib/test/auto/TestExceptionAttribute2.xml
2 ms. Memory: 1738752K Free: 383696K (22%)
----------------- Invoking toplevel() on ptolemy.moml.MoMLSimpleApplication@7f3ebe4a
----------------- Done invoking toplevel() on ptolemy.moml.MoMLSimpleApplication@7f3ebe4a
reloadAllAccessors: .TestExceptionAttribute2

===========================================================================================
----------------- testing Thu Jan 24 03:21:32 UTC 2019 /home/travis/build/icyphy/ptII/ptolemy/actor/lib/test/auto/TestExceptionAttribute3.xml
----------------- Instantiating /home/travis/build/icyphy/ptII/ptolemy/actor/lib/test/auto/TestExceptionAttribute3.xml
.TestExceptionAttribute3.TestExceptionAttribute: initialize() was not invoked, but wrapup() was.  This is unusual, but not always a problem.  For example, exporting JNLP will do this.
1 ms. Memory: 1738752K Free: 361939K (21%)
----------------- Invoking toplevel() on ptolemy.moml.MoMLSimpleApplication@1da83e6c
----------------- Done invoking toplevel() on ptolemy.moml.MoMLSimpleApplication@1da83e6c
reloadAllAccessors: .TestExceptionAttribute3

===========================================================================================
----------------- testing Thu Jan 24 03:21:32 UTC 2019 /home/travis/build/icyphy/ptII/ptolemy/actor/lib/test/auto/TestExceptionAttribute4.xml
----------------- Instantiating /home/travis/build/icyphy/ptII/ptolemy/actor/lib/test/auto/TestExceptionAttribute4.xml
.TestExceptionAttribute4.TestExceptionAttribute: initialize() was not invoked, but wrapup() was.  This is unusual, but not always a problem.  For example, exporting JNLP will do this.
.TestExceptionAttribute4.TestExceptionAttribute2: initialize() was not invoked, but wrapup() was.  This is unusual, but not always a problem.  For example, exporting JNLP will do this.
1 ms. Memory: 1738752K Free: 335747K (19%)
----------------- Invoking toplevel() on ptolemy.moml.MoMLSimpleApplication@12d4a50d
----------------- Done invoking toplevel() on ptolemy.moml.MoMLSimpleApplication@12d4a50d
reloadAllAccessors: .TestExceptionAttribute4

===========================================================================================
----------------- testing Thu Jan 24 03:21:32 UTC 2019 /home/travis/build/icyphy/ptII/ptolemy/actor/lib/test/auto/TestExceptionHandler1.xml
----------------- Instantiating /home/travis/build/icyphy/ptII/ptolemy/actor/lib/test/auto/TestExceptionHandler1.xml
0 ms. Memory: 1738752K Free: 313991K (18%)
----------------- Invoking toplevel() on ptolemy.moml.MoMLSimpleApplication@434be43
----------------- Done invoking toplevel() on ptolemy.moml.MoMLSimpleApplication@434be43
reloadAllAccessors: .TestExceptionHandler1

===========================================================================================
----------------- testing Thu Jan 24 03:21:33 UTC 2019 /home/travis/build/icyphy/ptII/ptolemy/actor/lib/test/auto/TestExceptionHandler2.xml
----------------- Instantiating /home/travis/build/icyphy/ptII/ptolemy/actor/lib/test/auto/TestExceptionHandler2.xml
2 ms. Memory: 1738752K Free: 287799K (17%)
----------------- Invoking toplevel() on ptolemy.moml.MoMLSimpleApplication@61d43250
----------------- Done invoking toplevel() on ptolemy.moml.MoMLSimpleApplication@61d43250
reloadAllAccessors: .TestExceptionHandler2

===========================================================================================
----------------- testing Thu Jan 24 03:21:33 UTC 2019 /home/travis/build/icyphy/ptII/ptolemy/actor/lib/test/auto/TestExceptionHandler3.xml
----------------- Instantiating /home/travis/build/icyphy/ptII/ptolemy/actor/lib/test/auto/TestExceptionHandler3.xml
0 ms. Memory: 1738752K Free: 261607K (15%)
----------------- Invoking toplevel() on ptolemy.moml.MoMLSimpleApplication@1a66cfbd
----------------- Done invoking toplevel() on ptolemy.moml.MoMLSimpleApplication@1a66cfbd
reloadAllAccessors: .TestExceptionHandler3

===========================================================================================
----------------- testing Thu Jan 24 03:21:33 UTC 2019 /home/travis/build/icyphy/ptII/ptolemy/actor/lib/test/auto/TestExceptionHandler4.xml
----------------- Instantiating /home/travis/build/icyphy/ptII/ptolemy/actor/lib/test/auto/TestExceptionHandler4.xml
1 ms. Memory: 1738752K Free: 239850K (14%)
----------------- Invoking toplevel() on ptolemy.moml.MoMLSimpleApplication@1c984e6d
----------------- Done invoking toplevel() on ptolemy.moml.MoMLSimpleApplication@1c984e6d
reloadAllAccessors: .TestExceptionHandler4

===========================================================================================
----------------- testing Thu Jan 24 03:21:33 UTC 2019 /home/travis/build/icyphy/ptII/ptolemy/actor/lib/test/auto/TestRequireCorrectOrder.xml
----------------- Instantiating /home/travis/build/icyphy/ptII/ptolemy/actor/lib/test/auto/TestRequireCorrectOrder.xml
4 ms. Memory: 1738752K Free: 213659K (12%)
----------------- Invoking toplevel() on ptolemy.moml.MoMLSimpleApplication@206034fd
----------------- Done invoking toplevel() on ptolemy.moml.MoMLSimpleApplication@206034fd
reloadAllAccessors: .TestRequireCorrectOrder

===========================================================================================
----------------- testing Thu Jan 24 03:21:33 UTC 2019 /home/travis/build/icyphy/ptII/ptolemy/actor/lib/test/auto/TestSimple.xml
----------------- Instantiating /home/travis/build/icyphy/ptII/ptolemy/actor/lib/test/auto/TestSimple.xml
2 ms. Memory: 1738752K Free: 191902K (11%)
----------------- Invoking toplevel() on ptolemy.moml.MoMLSimpleApplication@38b70f44
----------------- Done invoking toplevel() on ptolemy.moml.MoMLSimpleApplication@38b70f44
reloadAllAccessors: .TestSimple

===========================================================================================
----------------- testing Thu Jan 24 03:21:33 UTC 2019 /home/travis/build/icyphy/ptII/ptolemy/actor/lib/test/auto/ThrowModelError.xml
----------------- Instantiating /home/travis/build/icyphy/ptII/ptolemy/actor/lib/test/auto/ThrowModelError.xml
2 ms. Memory: 1738752K Free: 165710K (10%)
----------------- Invoking toplevel() on ptolemy.moml.MoMLSimpleApplication@3e300f4d
----------------- Done invoking toplevel() on ptolemy.moml.MoMLSimpleApplication@3e300f4d
reloadAllAccessors: .ThrowModelError

===========================================================================================
----------------- testing Thu Jan 24 03:21:33 UTC 2019 /home/travis/build/icyphy/ptII/ptolemy/actor/lib/test/auto/TimeDelayMicrosteps.xml
----------------- Instantiating /home/travis/build/icyphy/ptII/ptolemy/actor/lib/test/auto/TimeDelayMicrosteps.xml
5 ms. Memory: 1738752K Free: 143953K (8%)
----------------- Invoking toplevel() on ptolemy.moml.MoMLSimpleApplication@775f1653
----------------- Done invoking toplevel() on ptolemy.moml.MoMLSimpleApplication@775f1653
reloadAllAccessors: .TimeDelayMicrosteps

===========================================================================================
----------------- testing Thu Jan 24 03:21:33 UTC 2019 /home/travis/build/icyphy/ptII/ptolemy/actor/lib/test/auto/TimeDelayMicrosteps2.xml
----------------- Instantiating /home/travis/build/icyphy/ptII/ptolemy/actor/lib/test/auto/TimeDelayMicrosteps2.xml
4 ms. Memory: 1738752K Free: 117761K (7%)
----------------- Invoking toplevel() on ptolemy.moml.MoMLSimpleApplication@41e2e7e8
----------------- Done invoking toplevel() on ptolemy.moml.MoMLSimpleApplication@41e2e7e8
reloadAllAccessors: .TimeDelayMicrosteps2

===========================================================================================
----------------- testing Thu Jan 24 03:21:33 UTC 2019 /home/travis/build/icyphy/ptII/ptolemy/actor/lib/test/auto/TimeDelayMicrosteps3.xml
----------------- Instantiating /home/travis/build/icyphy/ptII/ptolemy/actor/lib/test/auto/TimeDelayMicrosteps3.xml
3 ms. Memory: 1738752K Free: 91570K (5%)
----------------- Invoking toplevel() on ptolemy.moml.MoMLSimpleApplication@44b56f2f
----------------- Done invoking toplevel() on ptolemy.moml.MoMLSimpleApplication@44b56f2f
reloadAllAccessors: .TimeDelayMicrosteps3

===========================================================================================
----------------- testing Thu Jan 24 03:21:33 UTC 2019 /home/travis/build/icyphy/ptII/ptolemy/actor/lib/test/auto/TimeDelayVariableMicrosteps.xml
----------------- Instantiating /home/travis/build/icyphy/ptII/ptolemy/actor/lib/test/auto/TimeDelayVariableMicrosteps.xml
3 ms. Memory: 1738752K Free: 69813K (4%)
----------------- Invoking toplevel() on ptolemy.moml.MoMLSimpleApplication@36238766
----------------- Done invoking toplevel() on ptolemy.moml.MoMLSimpleApplication@36238766
reloadAllAccessors: .TimeDelayVariableMicrosteps

===========================================================================================
----------------- testing Thu Jan 24 03:21:33 UTC 2019 /home/travis/build/icyphy/ptII/ptolemy/actor/lib/test/auto/TimeGap.xml
----------------- Instantiating /home/travis/build/icyphy/ptII/ptolemy/actor/lib/test/auto/TimeGap.xml
1 ms. Memory: 1745920K Free: 1689751K (97%)
----------------- Invoking toplevel() on ptolemy.moml.MoMLSimpleApplication@71743aa7
----------------- Done invoking toplevel() on ptolemy.moml.MoMLSimpleApplication@71743aa7
reloadAllAccessors: .TimeGap

===========================================================================================
----------------- testing Thu Jan 24 03:21:33 UTC 2019 /home/travis/build/icyphy/ptII/ptolemy/actor/lib/test/auto/TimeGap2.xml
----------------- Instantiating /home/travis/build/icyphy/ptII/ptolemy/actor/lib/test/auto/TimeGap2.xml
2 ms. Memory: 1745920K Free: 1664079K (95%)
----------------- Invoking toplevel() on ptolemy.moml.MoMLSimpleApplication@64e49789
----------------- Done invoking toplevel() on ptolemy.moml.MoMLSimpleApplication@64e49789
reloadAllAccessors: .TimeGap2

===========================================================================================
----------------- testing Thu Jan 24 03:21:33 UTC 2019 /home/travis/build/icyphy/ptII/ptolemy/actor/lib/test/auto/TimedSinewave.xml
----------------- Instantiating /home/travis/build/icyphy/ptII/ptolemy/actor/lib/test/auto/TimedSinewave.xml
11 ms. Memory: 1745920K Free: 1627512K (93%)
----------------- Invoking toplevel() on ptolemy.moml.MoMLSimpleApplication@4ded6493
----------------- Done invoking toplevel() on ptolemy.moml.MoMLSimpleApplication@4ded6493
reloadAllAccessors: .TimedSinewave

===========================================================================================
----------------- testing Thu Jan 24 03:21:33 UTC 2019 /home/travis/build/icyphy/ptII/ptolemy/actor/lib/test/auto/TimedSinewavePhase.xml
----------------- Instantiating /home/travis/build/icyphy/ptII/ptolemy/actor/lib/test/auto/TimedSinewavePhase.xml
8 ms. Memory: 1745920K Free: 1605756K (92%)
----------------- Invoking toplevel() on ptolemy.moml.MoMLSimpleApplication@18e5ecab
----------------- Done invoking toplevel() on ptolemy.moml.MoMLSimpleApplication@18e5ecab
reloadAllAccessors: .TimedSinewavePhase

===========================================================================================
----------------- testing Thu Jan 24 03:21:33 UTC 2019 /home/travis/build/icyphy/ptII/ptolemy/actor/lib/test/auto/Timer.xml
----------------- Instantiating /home/travis/build/icyphy/ptII/ptolemy/actor/lib/test/auto/Timer.xml
1 ms. Memory: 1745920K Free: 1580044K (90%)
----------------- Invoking toplevel() on ptolemy.moml.MoMLSimpleApplication@7e624981
----------------- Done invoking toplevel() on ptolemy.moml.MoMLSimpleApplication@7e624981
reloadAllAccessors: .Timer

===========================================================================================
----------------- testing Thu Jan 24 03:21:33 UTC 2019 /home/travis/build/icyphy/ptII/ptolemy/actor/lib/test/auto/TriangularDistTestModel.xml
----------------- Instantiating /home/travis/build/icyphy/ptII/ptolemy/actor/lib/test/auto/TriangularDistTestModel.xml
2 ms. Memory: 1745920K Free: 1554372K (89%)
----------------- Invoking toplevel() on ptolemy.moml.MoMLSimpleApplication@2336874c
----------------- Done invoking toplevel() on ptolemy.moml.MoMLSimpleApplication@2336874c
reloadAllAccessors: .TriangularDistTestModel

===========================================================================================
----------------- testing Thu Jan 24 03:21:33 UTC 2019 /home/travis/build/icyphy/ptII/ptolemy/actor/lib/test/auto/TrigFunction.xml
----------------- Instantiating /home/travis/build/icyphy/ptII/ptolemy/actor/lib/test/auto/TrigFunction.xml
1 ms. Memory: 1745920K Free: 1532615K (88%)
----------------- Invoking toplevel() on ptolemy.moml.MoMLSimpleApplication@2b70af3a
----------------- Done invoking toplevel() on ptolemy.moml.MoMLSimpleApplication@2b70af3a
reloadAllAccessors: .TrigFunction

===========================================================================================
----------------- testing Thu Jan 24 03:21:33 UTC 2019 /home/travis/build/icyphy/ptII/ptolemy/actor/lib/test/auto/TrigFunctionDE.xml
----------------- Instantiating /home/travis/build/icyphy/ptII/ptolemy/actor/lib/test/auto/TrigFunctionDE.xml
2 ms. Memory: 1745920K Free: 1506943K (86%)
----------------- Invoking toplevel() on ptolemy.moml.MoMLSimpleApplication@38efb4f1
----------------- Done invoking toplevel() on ptolemy.moml.MoMLSimpleApplication@38efb4f1
reloadAllAccessors: .TrigFunctionDE

===========================================================================================
----------------- testing Thu Jan 24 03:21:33 UTC 2019 /home/travis/build/icyphy/ptII/ptolemy/actor/lib/test/auto/TrigFunctionInverse.xml
----------------- Instantiating /home/travis/build/icyphy/ptII/ptolemy/actor/lib/test/auto/TrigFunctionInverse.xml
1 ms. Memory: 1745920K Free: 1481271K (85%)
----------------- Invoking toplevel() on ptolemy.moml.MoMLSimpleApplication@301ae3c
----------------- Done invoking toplevel() on ptolemy.moml.MoMLSimpleApplication@301ae3c
reloadAllAccessors: .TrigFunctionInverse

===========================================================================================
----------------- testing Thu Jan 24 03:21:33 UTC 2019 /home/travis/build/icyphy/ptII/ptolemy/actor/lib/test/auto/TrigFunctionTan.xml
----------------- Instantiating /home/travis/build/icyphy/ptII/ptolemy/actor/lib/test/auto/TrigFunctionTan.xml
1 ms. Memory: 1745920K Free: 1459515K (84%)
----------------- Invoking toplevel() on ptolemy.moml.MoMLSimpleApplication@ee8eb85
----------------- Done invoking toplevel() on ptolemy.moml.MoMLSimpleApplication@ee8eb85
reloadAllAccessors: .TrigFunctionTan

===========================================================================================
----------------- testing Thu Jan 24 03:21:33 UTC 2019 /home/travis/build/icyphy/ptII/ptolemy/actor/lib/test/auto/TriggeredClock.xml
----------------- Instantiating /home/travis/build/icyphy/ptII/ptolemy/actor/lib/test/auto/TriggeredClock.xml
1 ms. Memory: 1745920K Free: 1433842K (82%)
----------------- Invoking toplevel() on ptolemy.moml.MoMLSimpleApplication@3f32152c
----------------- Done invoking toplevel() on ptolemy.moml.MoMLSimpleApplication@3f32152c
reloadAllAccessors: .TriggeredClock

===========================================================================================
----------------- testing Thu Jan 24 03:21:33 UTC 2019 /home/travis/build/icyphy/ptII/ptolemy/actor/lib/test/auto/URLDirectoryReader.xml
----------------- Instantiating /home/travis/build/icyphy/ptII/ptolemy/actor/lib/test/auto/URLDirectoryReader.xml
24 ms. Memory: 1745920K Free: 1408170K (81%)
----------------- Invoking toplevel() on ptolemy.moml.MoMLSimpleApplication@15b86bf1
----------------- Done invoking toplevel() on ptolemy.moml.MoMLSimpleApplication@15b86bf1
reloadAllAccessors: .URLDirectoryReader

===========================================================================================
----------------- testing Thu Jan 24 03:21:33 UTC 2019 /home/travis/build/icyphy/ptII/ptolemy/actor/lib/test/auto/URLDirectoryReader3.xml
----------------- Instantiating /home/travis/build/icyphy/ptII/ptolemy/actor/lib/test/auto/URLDirectoryReader3.xml
1188 ms. Memory: 1745920K Free: 1332022K (76%)
----------------- Invoking toplevel() on ptolemy.moml.MoMLSimpleApplication@c773dcf
----------------- Done invoking toplevel() on ptolemy.moml.MoMLSimpleApplication@c773dcf
reloadAllAccessors: .URLDirectoryReader3

===========================================================================================
----------------- testing Thu Jan 24 03:21:34 UTC 2019 /home/travis/build/icyphy/ptII/ptolemy/actor/lib/test/auto/UnaryMathFunction.xml
----------------- Instantiating /home/travis/build/icyphy/ptII/ptolemy/actor/lib/test/auto/UnaryMathFunction.xml
2 ms. Memory: 1745920K Free: 1306350K (75%)
----------------- Invoking toplevel() on ptolemy.moml.MoMLSimpleApplication@1b87887f
----------------- Done invoking toplevel() on ptolemy.moml.MoMLSimpleApplication@1b87887f
reloadAllAccessors: .UnaryMathFunction

===========================================================================================
----------------- testing Thu Jan 24 03:21:34 UTC 2019 /home/travis/build/icyphy/ptII/ptolemy/actor/lib/test/auto/Uniform.xml
----------------- Instantiating /home/travis/build/icyphy/ptII/ptolemy/actor/lib/test/auto/Uniform.xml
10 ms. Memory: 1745920K Free: 1284593K (74%)
----------------- Invoking toplevel() on ptolemy.moml.MoMLSimpleApplication@82e173
----------------- Done invoking toplevel() on ptolemy.moml.MoMLSimpleApplication@82e173
reloadAllAccessors: .Uniform

===========================================================================================
----------------- testing Thu Jan 24 03:21:34 UTC 2019 /home/travis/build/icyphy/ptII/ptolemy/actor/lib/test/auto/UnionDisassemblerTest.xml
----------------- Instantiating /home/travis/build/icyphy/ptII/ptolemy/actor/lib/test/auto/UnionDisassemblerTest.xml
6 ms. Memory: 1745920K Free: 1258921K (72%)
----------------- Invoking toplevel() on ptolemy.moml.MoMLSimpleApplication@7b7de524
----------------- Done invoking toplevel() on ptolemy.moml.MoMLSimpleApplication@7b7de524
reloadAllAccessors: .UnionDisassemblerTest

===========================================================================================
----------------- testing Thu Jan 24 03:21:35 UTC 2019 /home/travis/build/icyphy/ptII/ptolemy/actor/lib/test/auto/UtilityFunctions.xml
----------------- Instantiating /home/travis/build/icyphy/ptII/ptolemy/actor/lib/test/auto/UtilityFunctions.xml
9 ms. Memory: 1745920K Free: 1233249K (71%)
----------------- Invoking toplevel() on ptolemy.moml.MoMLSimpleApplication@7b0cd3dd
----------------- Done invoking toplevel() on ptolemy.moml.MoMLSimpleApplication@7b0cd3dd
reloadAllAccessors: .UtilityFunctions

===========================================================================================
----------------- testing Thu Jan 24 03:21:35 UTC 2019 /home/travis/build/icyphy/ptII/ptolemy/actor/lib/test/auto/VariableSleep.xml
----------------- Instantiating /home/travis/build/icyphy/ptII/ptolemy/actor/lib/test/auto/VariableSleep.xml
503 ms. Memory: 1745920K Free: 1211492K (69%)
----------------- Invoking toplevel() on ptolemy.moml.MoMLSimpleApplication@519c463
----------------- Done invoking toplevel() on ptolemy.moml.MoMLSimpleApplication@519c463
reloadAllAccessors: .VariableSleep

===========================================================================================
----------------- testing Thu Jan 24 03:21:35 UTC 2019 /home/travis/build/icyphy/ptII/ptolemy/actor/lib/test/auto/VectorAssemblerDisassemblerCT.xml
----------------- Instantiating /home/travis/build/icyphy/ptII/ptolemy/actor/lib/test/auto/VectorAssemblerDisassemblerCT.xml
62 ms. Memory: 1745920K Free: 1174926K (67%)
----------------- Invoking toplevel() on ptolemy.moml.MoMLSimpleApplication@3b2781c
----------------- Done invoking toplevel() on ptolemy.moml.MoMLSimpleApplication@3b2781c
reloadAllAccessors: .VectorAssemblerDisassemblerCT

===========================================================================================
----------------- testing Thu Jan 24 03:21:35 UTC 2019 /home/travis/build/icyphy/ptII/ptolemy/actor/lib/test/auto/VectorAssemblerDisassemblerDE.xml
----------------- Instantiating /home/travis/build/icyphy/ptII/ptolemy/actor/lib/test/auto/VectorAssemblerDisassemblerDE.xml
2 ms. Memory: 1745920K Free: 1149254K (66%)
----------------- Invoking toplevel() on ptolemy.moml.MoMLSimpleApplication@536d0181
----------------- Done invoking toplevel() on ptolemy.moml.MoMLSimpleApplication@536d0181
reloadAllAccessors: .VectorAssemblerDisassemblerDE

===========================================================================================
----------------- testing Thu Jan 24 03:21:35 UTC 2019 /home/travis/build/icyphy/ptII/ptolemy/actor/lib/test/auto/VectorAssemblerDisassemblerSDF.xml
----------------- Instantiating /home/travis/build/icyphy/ptII/ptolemy/actor/lib/test/auto/VectorAssemblerDisassemblerSDF.xml
4 ms. Memory: 1745920K Free: 1127497K (65%)
----------------- Invoking toplevel() on ptolemy.moml.MoMLSimpleApplication@11082d5c
----------------- Done invoking toplevel() on ptolemy.moml.MoMLSimpleApplication@11082d5c
reloadAllAccessors: .VectorAssemblerDisassemblerSDF

===========================================================================================
----------------- testing Thu Jan 24 03:21:35 UTC 2019 /home/travis/build/icyphy/ptII/ptolemy/actor/lib/test/auto/WallClockTime.xml
----------------- Instantiating /home/travis/build/icyphy/ptII/ptolemy/actor/lib/test/auto/WallClockTime.xml
1004 ms. Memory: 1745920K Free: 1101825K (63%)
----------------- Invoking toplevel() on ptolemy.moml.MoMLSimpleApplication@6e39814a
----------------- Done invoking toplevel() on ptolemy.moml.MoMLSimpleApplication@6e39814a
reloadAllAccessors: .WallClockTime

===========================================================================================
----------------- testing Thu Jan 24 03:21:36 UTC 2019 /home/travis/build/icyphy/ptII/ptolemy/actor/lib/test/auto/WidthTestWithSubscriberPublisher.xml
----------------- Instantiating /home/travis/build/icyphy/ptII/ptolemy/actor/lib/test/auto/WidthTestWithSubscriberPublisher.xml
6 ms. Memory: 1745920K Free: 1065258K (61%)
----------------- Invoking toplevel() on ptolemy.moml.MoMLSimpleApplication@49fd7d40
----------------- Done invoking toplevel() on ptolemy.moml.MoMLSimpleApplication@49fd7d40
reloadAllAccessors: .WidthTestWithSubscriberPublisher

===========================================================================================
----------------- testing Thu Jan 24 03:21:36 UTC 2019 /home/travis/build/icyphy/ptII/ptolemy/actor/lib/test/auto/WidthTestWithSubscriberPublisher2.xml
----------------- Instantiating /home/travis/build/icyphy/ptII/ptolemy/actor/lib/test/auto/WidthTestWithSubscriberPublisher2.xml
2 ms. Memory: 1745920K Free: 1043502K (60%)
----------------- Invoking toplevel() on ptolemy.moml.MoMLSimpleApplication@6b275cd7
----------------- Done invoking toplevel() on ptolemy.moml.MoMLSimpleApplication@6b275cd7
reloadAllAccessors: .WidthTestWithSubscriberPublisher2

===========================================================================================
----------------- testing Thu Jan 24 03:21:36 UTC 2019 /home/travis/build/icyphy/ptII/ptolemy/actor/lib/test/auto/WidthTestWithSubscriberPublisher3.xml
----------------- Instantiating /home/travis/build/icyphy/ptII/ptolemy/actor/lib/test/auto/WidthTestWithSubscriberPublisher3.xml
2 ms. Memory: 1745920K Free: 1017829K (58%)
----------------- Invoking toplevel() on ptolemy.moml.MoMLSimpleApplication@1c9383c3
----------------- Done invoking toplevel() on ptolemy.moml.MoMLSimpleApplication@1c9383c3
reloadAllAccessors: .WidthTestWithSubscriberPublisher3

===========================================================================================
----------------- testing Thu Jan 24 03:21:36 UTC 2019 /home/travis/build/icyphy/ptII/ptolemy/actor/lib/test/auto/Writer.xml
----------------- Instantiating /home/travis/build/icyphy/ptII/ptolemy/actor/lib/test/auto/Writer.xml
0
1
2
3
4
1 ms. Memory: 1745920K Free: 992157K (57%)
----------------- Invoking toplevel() on ptolemy.moml.MoMLSimpleApplication@79ad50cb
----------------- Done invoking toplevel() on ptolemy.moml.MoMLSimpleApplication@79ad50cb
reloadAllAccessors: .Writer

===========================================================================================
----------------- testing Thu Jan 24 03:21:36 UTC 2019 /home/travis/build/icyphy/ptII/ptolemy/actor/lib/test/auto/array.xml
----------------- Instantiating /home/travis/build/icyphy/ptII/ptolemy/actor/lib/test/auto/array.xml
1 ms. Memory: 1745920K Free: 970401K (56%)
----------------- Invoking toplevel() on ptolemy.moml.MoMLSimpleApplication@760b112a
----------------- Done invoking toplevel() on ptolemy.moml.MoMLSimpleApplication@760b112a
reloadAllAccessors: .array

===========================================================================================
----------------- testing Thu Jan 24 03:21:36 UTC 2019 /home/travis/build/icyphy/ptII/ptolemy/actor/lib/test/auto/array2.xml
----------------- Instantiating /home/travis/build/icyphy/ptII/ptolemy/actor/lib/test/auto/array2.xml
2 ms. Memory: 1745920K Free: 944728K (54%)
----------------- Invoking toplevel() on ptolemy.moml.MoMLSimpleApplication@632fc2d7
----------------- Done invoking toplevel() on ptolemy.moml.MoMLSimpleApplication@632fc2d7
reloadAllAccessors: .array2

===========================================================================================
----------------- testing Thu Jan 24 03:21:36 UTC 2019 /home/travis/build/icyphy/ptII/ptolemy/actor/lib/test/auto/arrayType.xml
----------------- Instantiating /home/travis/build/icyphy/ptII/ptolemy/actor/lib/test/auto/arrayType.xml
1 ms. Memory: 1745920K Free: 919056K (53%)
----------------- Invoking toplevel() on ptolemy.moml.MoMLSimpleApplication@2730014a
----------------- Done invoking toplevel() on ptolemy.moml.MoMLSimpleApplication@2730014a
reloadAllAccessors: .arrayType

===========================================================================================
----------------- testing Thu Jan 24 03:21:36 UTC 2019 /home/travis/build/icyphy/ptII/ptolemy/actor/lib/test/auto/arrayType10.xml
----------------- Instantiating /home/travis/build/icyphy/ptII/ptolemy/actor/lib/test/auto/arrayType10.xml
1 ms. Memory: 1745920K Free: 897300K (51%)
----------------- Invoking toplevel() on ptolemy.moml.MoMLSimpleApplication@38fc75f9
----------------- Done invoking toplevel() on ptolemy.moml.MoMLSimpleApplication@38fc75f9
reloadAllAccessors: .arrayType10

===========================================================================================
----------------- testing Thu Jan 24 03:21:36 UTC 2019 /home/travis/build/icyphy/ptII/ptolemy/actor/lib/test/auto/arrayType11.xml
----------------- Instantiating /home/travis/build/icyphy/ptII/ptolemy/actor/lib/test/auto/arrayType11.xml
1 ms. Memory: 1745920K Free: 871627K (50%)
----------------- Invoking toplevel() on ptolemy.moml.MoMLSimpleApplication@55c34b9f
----------------- Done invoking toplevel() on ptolemy.moml.MoMLSimpleApplication@55c34b9f
reloadAllAccessors: .arrayType11

===========================================================================================
----------------- testing Thu Jan 24 03:21:36 UTC 2019 /home/travis/build/icyphy/ptII/ptolemy/actor/lib/test/auto/arrayType12.xml
----------------- Instantiating /home/travis/build/icyphy/ptII/ptolemy/actor/lib/test/auto/arrayType12.xml
2 ms. Memory: 1745920K Free: 845955K (48%)
----------------- Invoking toplevel() on ptolemy.moml.MoMLSimpleApplication@ebd1420
----------------- Done invoking toplevel() on ptolemy.moml.MoMLSimpleApplication@ebd1420
reloadAllAccessors: .arrayType12

===========================================================================================
----------------- testing Thu Jan 24 03:21:36 UTC 2019 /home/travis/build/icyphy/ptII/ptolemy/actor/lib/test/auto/arrayType13.xml
----------------- Instantiating /home/travis/build/icyphy/ptII/ptolemy/actor/lib/test/auto/arrayType13.xml
1 ms. Memory: 1745920K Free: 824199K (47%)
----------------- Invoking toplevel() on ptolemy.moml.MoMLSimpleApplication@70a6ca54
----------------- Done invoking toplevel() on ptolemy.moml.MoMLSimpleApplication@70a6ca54
reloadAllAccessors: .arrayType13

===========================================================================================
----------------- testing Thu Jan 24 03:21:36 UTC 2019 /home/travis/build/icyphy/ptII/ptolemy/actor/lib/test/auto/arrayType14.xml
----------------- Instantiating /home/travis/build/icyphy/ptII/ptolemy/actor/lib/test/auto/arrayType14.xml
1 ms. Memory: 1745920K Free: 798526K (46%)
----------------- Invoking toplevel() on ptolemy.moml.MoMLSimpleApplication@4acf6851
----------------- Done invoking toplevel() on ptolemy.moml.MoMLSimpleApplication@4acf6851
reloadAllAccessors: .arrayType14

===========================================================================================
----------------- testing Thu Jan 24 03:21:36 UTC 2019 /home/travis/build/icyphy/ptII/ptolemy/actor/lib/test/auto/arrayType15.xml
----------------- Instantiating /home/travis/build/icyphy/ptII/ptolemy/actor/lib/test/auto/arrayType15.xml
1 ms. Memory: 1745920K Free: 776770K (44%)
----------------- Invoking toplevel() on ptolemy.moml.MoMLSimpleApplication@5b09049d
----------------- Done invoking toplevel() on ptolemy.moml.MoMLSimpleApplication@5b09049d
reloadAllAccessors: .arrayType15

===========================================================================================
----------------- testing Thu Jan 24 03:21:36 UTC 2019 /home/travis/build/icyphy/ptII/ptolemy/actor/lib/test/auto/arrayType16.xml
----------------- Instantiating /home/travis/build/icyphy/ptII/ptolemy/actor/lib/test/auto/arrayType16.xml
1 ms. Memory: 1745920K Free: 751098K (43%)
----------------- Invoking toplevel() on ptolemy.moml.MoMLSimpleApplication@10473c9f
----------------- Done invoking toplevel() on ptolemy.moml.MoMLSimpleApplication@10473c9f
reloadAllAccessors: .arrayType16

===========================================================================================
----------------- testing Thu Jan 24 03:21:36 UTC 2019 /home/travis/build/icyphy/ptII/ptolemy/actor/lib/test/auto/arrayType17.xml
----------------- Instantiating /home/travis/build/icyphy/ptII/ptolemy/actor/lib/test/auto/arrayType17.xml
1 ms. Memory: 1745920K Free: 725425K (42%)
----------------- Invoking toplevel() on ptolemy.moml.MoMLSimpleApplication@70cd323a
----------------- Done invoking toplevel() on ptolemy.moml.MoMLSimpleApplication@70cd323a
reloadAllAccessors: .arrayType17

===========================================================================================
----------------- testing Thu Jan 24 03:21:37 UTC 2019 /home/travis/build/icyphy/ptII/ptolemy/actor/lib/test/auto/arrayType18.xml
----------------- Instantiating /home/travis/build/icyphy/ptII/ptolemy/actor/lib/test/auto/arrayType18.xml
1 ms. Memory: 1745920K Free: 703669K (40%)
----------------- Invoking toplevel() on ptolemy.moml.MoMLSimpleApplication@6cd64d21
----------------- Done invoking toplevel() on ptolemy.moml.MoMLSimpleApplication@6cd64d21
reloadAllAccessors: .arrayType18

===========================================================================================
----------------- testing Thu Jan 24 03:21:37 UTC 2019 /home/travis/build/icyphy/ptII/ptolemy/actor/lib/test/auto/arrayType19.xml
----------------- Instantiating /home/travis/build/icyphy/ptII/ptolemy/actor/lib/test/auto/arrayType19.xml
1 ms. Memory: 1745920K Free: 677996K (39%)
----------------- Invoking toplevel() on ptolemy.moml.MoMLSimpleApplication@767e65d8
----------------- Done invoking toplevel() on ptolemy.moml.MoMLSimpleApplication@767e65d8
reloadAllAccessors: .arrayType19

===========================================================================================
----------------- testing Thu Jan 24 03:21:37 UTC 2019 /home/travis/build/icyphy/ptII/ptolemy/actor/lib/test/auto/arrayType2.xml
----------------- Instantiating /home/travis/build/icyphy/ptII/ptolemy/actor/lib/test/auto/arrayType2.xml
2 ms. Memory: 1745920K Free: 652324K (37%)
----------------- Invoking toplevel() on ptolemy.moml.MoMLSimpleApplication@5ba4a46
----------------- Done invoking toplevel() on ptolemy.moml.MoMLSimpleApplication@5ba4a46
reloadAllAccessors: .arrayType2

===========================================================================================
----------------- testing Thu Jan 24 03:21:37 UTC 2019 /home/travis/build/icyphy/ptII/ptolemy/actor/lib/test/auto/arrayType20.xml
----------------- Instantiating /home/travis/build/icyphy/ptII/ptolemy/actor/lib/test/auto/arrayType20.xml
1 ms. Memory: 1745920K Free: 630567K (36%)
----------------- Invoking toplevel() on ptolemy.moml.MoMLSimpleApplication@7df56da9
----------------- Done invoking toplevel() on ptolemy.moml.MoMLSimpleApplication@7df56da9
reloadAllAccessors: .arrayType20

===========================================================================================
----------------- testing Thu Jan 24 03:21:37 UTC 2019 /home/travis/build/icyphy/ptII/ptolemy/actor/lib/test/auto/arrayType21.xml
----------------- Instantiating /home/travis/build/icyphy/ptII/ptolemy/actor/lib/test/auto/arrayType21.xml
1 ms. Memory: 1745920K Free: 604895K (35%)
----------------- Invoking toplevel() on ptolemy.moml.MoMLSimpleApplication@1a62f865
----------------- Done invoking toplevel() on ptolemy.moml.MoMLSimpleApplication@1a62f865
reloadAllAccessors: .arrayType21

===========================================================================================
----------------- testing Thu Jan 24 03:21:37 UTC 2019 /home/travis/build/icyphy/ptII/ptolemy/actor/lib/test/auto/arrayType22.xml
----------------- Instantiating /home/travis/build/icyphy/ptII/ptolemy/actor/lib/test/auto/arrayType22.xml
2 ms. Memory: 1745920K Free: 579223K (33%)
----------------- Invoking toplevel() on ptolemy.moml.MoMLSimpleApplication@62be0684
----------------- Done invoking toplevel() on ptolemy.moml.MoMLSimpleApplication@62be0684
reloadAllAccessors: .arrayType22

===========================================================================================
----------------- testing Thu Jan 24 03:21:37 UTC 2019 /home/travis/build/icyphy/ptII/ptolemy/actor/lib/test/auto/arrayType23.xml
----------------- Instantiating /home/travis/build/icyphy/ptII/ptolemy/actor/lib/test/auto/arrayType23.xml
2 ms. Memory: 1745920K Free: 557466K (32%)
----------------- Invoking toplevel() on ptolemy.moml.MoMLSimpleApplication@8320a9f
----------------- Done invoking toplevel() on ptolemy.moml.MoMLSimpleApplication@8320a9f
reloadAllAccessors: .arrayType23

===========================================================================================
----------------- testing Thu Jan 24 03:21:37 UTC 2019 /home/travis/build/icyphy/ptII/ptolemy/actor/lib/test/auto/arrayType24.xml
----------------- Instantiating /home/travis/build/icyphy/ptII/ptolemy/actor/lib/test/auto/arrayType24.xml
1 ms. Memory: 1745920K Free: 531794K (30%)
----------------- Invoking toplevel() on ptolemy.moml.MoMLSimpleApplication@5bb599e6
----------------- Done invoking toplevel() on ptolemy.moml.MoMLSimpleApplication@5bb599e6
reloadAllAccessors: .arrayType24

===========================================================================================
----------------- testing Thu Jan 24 03:21:37 UTC 2019 /home/travis/build/icyphy/ptII/ptolemy/actor/lib/test/auto/arrayType25.xml
----------------- Instantiating /home/travis/build/icyphy/ptII/ptolemy/actor/lib/test/auto/arrayType25.xml
2 ms. Memory: 1745920K Free: 506122K (29%)
----------------- Invoking toplevel() on ptolemy.moml.MoMLSimpleApplication@1c81ecb1
----------------- Done invoking toplevel() on ptolemy.moml.MoMLSimpleApplication@1c81ecb1
reloadAllAccessors: .arrayType25

===========================================================================================
----------------- testing Thu Jan 24 03:21:37 UTC 2019 /home/travis/build/icyphy/ptII/ptolemy/actor/lib/test/auto/arrayType26.xml
----------------- Instantiating /home/travis/build/icyphy/ptII/ptolemy/actor/lib/test/auto/arrayType26.xml
1 ms. Memory: 1745920K Free: 484365K (28%)
----------------- Invoking toplevel() on ptolemy.moml.MoMLSimpleApplication@17d48555
----------------- Done invoking toplevel() on ptolemy.moml.MoMLSimpleApplication@17d48555
reloadAllAccessors: .arrayType26

===========================================================================================
----------------- testing Thu Jan 24 03:21:37 UTC 2019 /home/travis/build/icyphy/ptII/ptolemy/actor/lib/test/auto/arrayType27.xml
----------------- Instantiating /home/travis/build/icyphy/ptII/ptolemy/actor/lib/test/auto/arrayType27.xml
1 ms. Memory: 1745920K Free: 458693K (26%)
----------------- Invoking toplevel() on ptolemy.moml.MoMLSimpleApplication@66bd3945
----------------- Done invoking toplevel() on ptolemy.moml.MoMLSimpleApplication@66bd3945
reloadAllAccessors: .arrayType27

===========================================================================================
----------------- testing Thu Jan 24 03:21:37 UTC 2019 /home/travis/build/icyphy/ptII/ptolemy/actor/lib/test/auto/arrayType28.xml
----------------- Instantiating /home/travis/build/icyphy/ptII/ptolemy/actor/lib/test/auto/arrayType28.xml
1 ms. Memory: 1745920K Free: 433021K (25%)
----------------- Invoking toplevel() on ptolemy.moml.MoMLSimpleApplication@49bedd82
----------------- Done invoking toplevel() on ptolemy.moml.MoMLSimpleApplication@49bedd82
reloadAllAccessors: .arrayType28

===========================================================================================
----------------- testing Thu Jan 24 03:21:37 UTC 2019 /home/travis/build/icyphy/ptII/ptolemy/actor/lib/test/auto/arrayType3.xml
----------------- Instantiating /home/travis/build/icyphy/ptII/ptolemy/actor/lib/test/auto/arrayType3.xml
2 ms. Memory: 1745920K Free: 411264K (24%)
----------------- Invoking toplevel() on ptolemy.moml.MoMLSimpleApplication@5ad082cd
----------------- Done invoking toplevel() on ptolemy.moml.MoMLSimpleApplication@5ad082cd
reloadAllAccessors: .arrayType3

===========================================================================================
----------------- testing Thu Jan 24 03:21:37 UTC 2019 /home/travis/build/icyphy/ptII/ptolemy/actor/lib/test/auto/arrayType4.xml
----------------- Instantiating /home/travis/build/icyphy/ptII/ptolemy/actor/lib/test/auto/arrayType4.xml
2 ms. Memory: 1745920K Free: 385592K (22%)
----------------- Invoking toplevel() on ptolemy.moml.MoMLSimpleApplication@31fe4994
----------------- Done invoking toplevel() on ptolemy.moml.MoMLSimpleApplication@31fe4994
reloadAllAccessors: .arrayType4

===========================================================================================
----------------- testing Thu Jan 24 03:21:37 UTC 2019 /home/travis/build/icyphy/ptII/ptolemy/actor/lib/test/auto/arrayType5.xml
----------------- Instantiating /home/travis/build/icyphy/ptII/ptolemy/actor/lib/test/auto/arrayType5.xml
1 ms. Memory: 1745920K Free: 359920K (21%)
----------------- Invoking toplevel() on ptolemy.moml.MoMLSimpleApplication@684f3d10
----------------- Done invoking toplevel() on ptolemy.moml.MoMLSimpleApplication@684f3d10
reloadAllAccessors: .arrayType5

===========================================================================================
----------------- testing Thu Jan 24 03:21:37 UTC 2019 /home/travis/build/icyphy/ptII/ptolemy/actor/lib/test/auto/arrayType6.xml
----------------- Instantiating /home/travis/build/icyphy/ptII/ptolemy/actor/lib/test/auto/arrayType6.xml
1 ms. Memory: 1745920K Free: 338164K (19%)
----------------- Invoking toplevel() on ptolemy.moml.MoMLSimpleApplication@74f7fc04
----------------- Done invoking toplevel() on ptolemy.moml.MoMLSimpleApplication@74f7fc04
reloadAllAccessors: .arrayType6

===========================================================================================
----------------- testing Thu Jan 24 03:21:37 UTC 2019 /home/travis/build/icyphy/ptII/ptolemy/actor/lib/test/auto/arrayType7.xml
----------------- Instantiating /home/travis/build/icyphy/ptII/ptolemy/actor/lib/test/auto/arrayType7.xml
1 ms. Memory: 1745920K Free: 312492K (18%)
----------------- Invoking toplevel() on ptolemy.moml.MoMLSimpleApplication@7d642425
----------------- Done invoking toplevel() on ptolemy.moml.MoMLSimpleApplication@7d642425
reloadAllAccessors: .arrayType7

===========================================================================================
----------------- testing Thu Jan 24 03:21:37 UTC 2019 /home/travis/build/icyphy/ptII/ptolemy/actor/lib/test/auto/arrayType8.xml
----------------- Instantiating /home/travis/build/icyphy/ptII/ptolemy/actor/lib/test/auto/arrayType8.xml
2 ms. Memory: 1745920K Free: 286819K (16%)
----------------- Invoking toplevel() on ptolemy.moml.MoMLSimpleApplication@30e58a55
----------------- Done invoking toplevel() on ptolemy.moml.MoMLSimpleApplication@30e58a55
reloadAllAccessors: .arrayType8

===========================================================================================
----------------- testing Thu Jan 24 03:21:37 UTC 2019 /home/travis/build/icyphy/ptII/ptolemy/actor/lib/test/auto/arrayType9.xml
----------------- Instantiating /home/travis/build/icyphy/ptII/ptolemy/actor/lib/test/auto/arrayType9.xml
1 ms. Memory: 1745920K Free: 265063K (15%)
----------------- Invoking toplevel() on ptolemy.moml.MoMLSimpleApplication@1f25ce02
----------------- Done invoking toplevel() on ptolemy.moml.MoMLSimpleApplication@1f25ce02
reloadAllAccessors: .arrayType9

===========================================================================================
----------------- testing Thu Jan 24 03:21:37 UTC 2019 /home/travis/build/icyphy/ptII/ptolemy/actor/lib/test/auto/cast.xml
----------------- Instantiating /home/travis/build/icyphy/ptII/ptolemy/actor/lib/test/auto/cast.xml
2 ms. Memory: 1745920K Free: 239391K (14%)
----------------- Invoking toplevel() on ptolemy.moml.MoMLSimpleApplication@53c1f178
----------------- Done invoking toplevel() on ptolemy.moml.MoMLSimpleApplication@53c1f178
reloadAllAccessors: .cast

===========================================================================================
----------------- testing Thu Jan 24 03:21:37 UTC 2019 /home/travis/build/icyphy/ptII/ptolemy/actor/lib/test/auto/compositeMultiPort.xml
----------------- Instantiating /home/travis/build/icyphy/ptII/ptolemy/actor/lib/test/auto/compositeMultiPort.xml
4 ms. Memory: 1745920K Free: 213719K (12%)
----------------- Invoking toplevel() on ptolemy.moml.MoMLSimpleApplication@15a0ead4
----------------- Done invoking toplevel() on ptolemy.moml.MoMLSimpleApplication@15a0ead4
reloadAllAccessors: .compositeMultiPort

===========================================================================================
----------------- testing Thu Jan 24 03:21:37 UTC 2019 /home/travis/build/icyphy/ptII/ptolemy/actor/lib/test/auto/expressionCastInference.xml
----------------- Instantiating /home/travis/build/icyphy/ptII/ptolemy/actor/lib/test/auto/expressionCastInference.xml
3 ms. Memory: 1745920K Free: 191962K (11%)
----------------- Invoking toplevel() on ptolemy.moml.MoMLSimpleApplication@2d78810b
----------------- Done invoking toplevel() on ptolemy.moml.MoMLSimpleApplication@2d78810b
reloadAllAccessors: .expressionCastInference

===========================================================================================
----------------- testing Thu Jan 24 03:21:37 UTC 2019 /home/travis/build/icyphy/ptII/ptolemy/actor/lib/test/auto/expressionCastInference2.xml
----------------- Instantiating /home/travis/build/icyphy/ptII/ptolemy/actor/lib/test/auto/expressionCastInference2.xml
2 ms. Memory: 1745920K Free: 166290K (10%)
----------------- Invoking toplevel() on ptolemy.moml.MoMLSimpleApplication@4e877c42
----------------- Done invoking toplevel() on ptolemy.moml.MoMLSimpleApplication@4e877c42
reloadAllAccessors: .expressionCastInference2

===========================================================================================
----------------- testing Thu Jan 24 03:21:37 UTC 2019 /home/travis/build/icyphy/ptII/ptolemy/actor/lib/test/auto/expressionInference.xml
----------------- Instantiating /home/travis/build/icyphy/ptII/ptolemy/actor/lib/test/auto/expressionInference.xml
2 ms. Memory: 1745920K Free: 140618K (8%)
----------------- Invoking toplevel() on ptolemy.moml.MoMLSimpleApplication@14f4064
----------------- Done invoking toplevel() on ptolemy.moml.MoMLSimpleApplication@14f4064
reloadAllAccessors: .expressionInference

===========================================================================================
----------------- testing Thu Jan 24 03:21:37 UTC 2019 /home/travis/build/icyphy/ptII/ptolemy/actor/lib/test/auto/expression_bug.xml
----------------- Instantiating /home/travis/build/icyphy/ptII/ptolemy/actor/lib/test/auto/expression_bug.xml
1 ms. Memory: 1745920K Free: 118861K (7%)
----------------- Invoking toplevel() on ptolemy.moml.MoMLSimpleApplication@4fd2f8f5
----------------- Done invoking toplevel() on ptolemy.moml.MoMLSimpleApplication@4fd2f8f5
reloadAllAccessors: .expression_bug

===========================================================================================
----------------- testing Thu Jan 24 03:21:37 UTC 2019 /home/travis/build/icyphy/ptII/ptolemy/actor/lib/test/auto/factorial.xml
----------------- Instantiating /home/travis/build/icyphy/ptII/ptolemy/actor/lib/test/auto/factorial.xml
26 ms. Memory: 1745920K Free: 93189K (5%)
----------------- Invoking toplevel() on ptolemy.moml.MoMLSimpleApplication@a46b396
----------------- Done invoking toplevel() on ptolemy.moml.MoMLSimpleApplication@a46b396
reloadAllAccessors: .factorial

===========================================================================================
----------------- testing Thu Jan 24 03:21:37 UTC 2019 /home/travis/build/icyphy/ptII/ptolemy/actor/lib/test/auto/filterTest1.xml
----------------- Instantiating /home/travis/build/icyphy/ptII/ptolemy/actor/lib/test/auto/filterTest1.xml
4 ms. Memory: 1745920K Free: 74324K (4%)
----------------- Invoking toplevel() on ptolemy.moml.MoMLSimpleApplication@5203cbf2
----------------- Done invoking toplevel() on ptolemy.moml.MoMLSimpleApplication@5203cbf2
reloadAllAccessors: .filterTest1

===========================================================================================
----------------- testing Thu Jan 24 03:21:37 UTC 2019 /home/travis/build/icyphy/ptII/ptolemy/actor/lib/test/auto/funcApplyInConst.xml
----------------- Instantiating /home/travis/build/icyphy/ptII/ptolemy/actor/lib/test/auto/funcApplyInConst.xml
1 ms. Memory: 1785344K Free: 1704568K (95%)
----------------- Invoking toplevel() on ptolemy.moml.MoMLSimpleApplication@56b43179
----------------- Done invoking toplevel() on ptolemy.moml.MoMLSimpleApplication@56b43179
reloadAllAccessors: .funcApplyInConst

===========================================================================================
----------------- testing Thu Jan 24 03:21:37 UTC 2019 /home/travis/build/icyphy/ptII/ptolemy/actor/lib/test/auto/funcApplyInExpr.xml
----------------- Instantiating /home/travis/build/icyphy/ptII/ptolemy/actor/lib/test/auto/funcApplyInExpr.xml
1 ms. Memory: 1785344K Free: 1678489K (94%)
----------------- Invoking toplevel() on ptolemy.moml.MoMLSimpleApplication@7ceea4db
----------------- Done invoking toplevel() on ptolemy.moml.MoMLSimpleApplication@7ceea4db
reloadAllAccessors: .funcApplyInExpr

===========================================================================================
----------------- testing Thu Jan 24 03:21:37 UTC 2019 /home/travis/build/icyphy/ptII/ptolemy/actor/lib/test/auto/function.xml
----------------- Instantiating /home/travis/build/icyphy/ptII/ptolemy/actor/lib/test/auto/function.xml
2 ms. Memory: 1785344K Free: 1652410K (93%)
----------------- Invoking toplevel() on ptolemy.moml.MoMLSimpleApplication@532f3f28
----------------- Done invoking toplevel() on ptolemy.moml.MoMLSimpleApplication@532f3f28
reloadAllAccessors: .function

===========================================================================================
----------------- testing Thu Jan 24 03:21:37 UTC 2019 /home/travis/build/icyphy/ptII/ptolemy/actor/lib/test/auto/function2.xml
----------------- Instantiating /home/travis/build/icyphy/ptII/ptolemy/actor/lib/test/auto/function2.xml
2 ms. Memory: 1785344K Free: 1630101K (91%)
----------------- Invoking toplevel() on ptolemy.moml.MoMLSimpleApplication@95c853b
----------------- Done invoking toplevel() on ptolemy.moml.MoMLSimpleApplication@95c853b
reloadAllAccessors: .function2

===========================================================================================
----------------- testing Thu Jan 24 03:21:37 UTC 2019 /home/travis/build/icyphy/ptII/ptolemy/actor/lib/test/auto/function3.xml
----------------- Instantiating /home/travis/build/icyphy/ptII/ptolemy/actor/lib/test/auto/function3.xml
1 ms. Memory: 1785344K Free: 1604022K (90%)
----------------- Invoking toplevel() on ptolemy.moml.MoMLSimpleApplication@19399a67
----------------- Done invoking toplevel() on ptolemy.moml.MoMLSimpleApplication@19399a67
reloadAllAccessors: .function3

===========================================================================================
----------------- testing Thu Jan 24 03:21:37 UTC 2019 /home/travis/build/icyphy/ptII/ptolemy/actor/lib/test/auto/functionClosureTest1.xml
----------------- Instantiating /home/travis/build/icyphy/ptII/ptolemy/actor/lib/test/auto/functionClosureTest1.xml
1 ms. Memory: 1785344K Free: 1577943K (88%)
----------------- Invoking toplevel() on ptolemy.moml.MoMLSimpleApplication@7dbe6c20
----------------- Done invoking toplevel() on ptolemy.moml.MoMLSimpleApplication@7dbe6c20
reloadAllAccessors: .functionClosureTest1

===========================================================================================
----------------- testing Thu Jan 24 03:21:37 UTC 2019 /home/travis/build/icyphy/ptII/ptolemy/actor/lib/test/auto/functionClosureTest2.xml
----------------- Instantiating /home/travis/build/icyphy/ptII/ptolemy/actor/lib/test/auto/functionClosureTest2.xml
1 ms. Memory: 1785344K Free: 1555633K (87%)
----------------- Invoking toplevel() on ptolemy.moml.MoMLSimpleApplication@6f559b83
----------------- Done invoking toplevel() on ptolemy.moml.MoMLSimpleApplication@6f559b83
reloadAllAccessors: .functionClosureTest2

===========================================================================================
----------------- testing Thu Jan 24 03:21:37 UTC 2019 /home/travis/build/icyphy/ptII/ptolemy/actor/lib/test/auto/functionClosureTest3.xml
----------------- Instantiating /home/travis/build/icyphy/ptII/ptolemy/actor/lib/test/auto/functionClosureTest3.xml
2 ms. Memory: 1785344K Free: 1529555K (86%)
----------------- Invoking toplevel() on ptolemy.moml.MoMLSimpleApplication@381caa5d
----------------- Done invoking toplevel() on ptolemy.moml.MoMLSimpleApplication@381caa5d
reloadAllAccessors: .functionClosureTest3

===========================================================================================
----------------- testing Thu Jan 24 03:21:37 UTC 2019 /home/travis/build/icyphy/ptII/ptolemy/actor/lib/test/auto/functionClosureTest4.xml
----------------- Instantiating /home/travis/build/icyphy/ptII/ptolemy/actor/lib/test/auto/functionClosureTest4.xml
3 ms. Memory: 1785344K Free: 1503476K (84%)
----------------- Invoking toplevel() on ptolemy.moml.MoMLSimpleApplication@70600848
----------------- Done invoking toplevel() on ptolemy.moml.MoMLSimpleApplication@70600848
reloadAllAccessors: .functionClosureTest4

===========================================================================================
----------------- testing Thu Jan 24 03:21:37 UTC 2019 /home/travis/build/icyphy/ptII/ptolemy/actor/lib/test/auto/functionClosureTest5.xml
----------------- Instantiating /home/travis/build/icyphy/ptII/ptolemy/actor/lib/test/auto/functionClosureTest5.xml
3 ms. Memory: 1785344K Free: 1481166K (83%)
----------------- Invoking toplevel() on ptolemy.moml.MoMLSimpleApplication@26d368e1
----------------- Done invoking toplevel() on ptolemy.moml.MoMLSimpleApplication@26d368e1
reloadAllAccessors: .functionClosureTest5

===========================================================================================
----------------- testing Thu Jan 24 03:21:37 UTC 2019 /home/travis/build/icyphy/ptII/ptolemy/actor/lib/test/auto/functionClosureTest6.xml
----------------- Instantiating /home/travis/build/icyphy/ptII/ptolemy/actor/lib/test/auto/functionClosureTest6.xml
2 ms. Memory: 1785344K Free: 1455088K (82%)
----------------- Invoking toplevel() on ptolemy.moml.MoMLSimpleApplication@42a38058
----------------- Done invoking toplevel() on ptolemy.moml.MoMLSimpleApplication@42a38058
reloadAllAccessors: .functionClosureTest6

===========================================================================================
----------------- testing Thu Jan 24 03:21:37 UTC 2019 /home/travis/build/icyphy/ptII/ptolemy/actor/lib/test/auto/functionsOnArcs.xml
----------------- Instantiating /home/travis/build/icyphy/ptII/ptolemy/actor/lib/test/auto/functionsOnArcs.xml
2 ms. Memory: 1785344K Free: 1429009K (80%)
----------------- Invoking toplevel() on ptolemy.moml.MoMLSimpleApplication@6cc650a8
----------------- Done invoking toplevel() on ptolemy.moml.MoMLSimpleApplication@6cc650a8
reloadAllAccessors: .functionsOnArcs

===========================================================================================
----------------- testing Thu Jan 24 03:21:37 UTC 2019 /home/travis/build/icyphy/ptII/ptolemy/actor/lib/test/auto/functionsOnArcsHOF.xml
----------------- Instantiating /home/travis/build/icyphy/ptII/ptolemy/actor/lib/test/auto/functionsOnArcsHOF.xml
3 ms. Memory: 1785344K Free: 1406699K (79%)
----------------- Invoking toplevel() on ptolemy.moml.MoMLSimpleApplication@7ce902d3
----------------- Done invoking toplevel() on ptolemy.moml.MoMLSimpleApplication@7ce902d3
reloadAllAccessors: .functionsOnArcsHOF

===========================================================================================
----------------- testing Thu Jan 24 03:21:37 UTC 2019 /home/travis/build/icyphy/ptII/ptolemy/actor/lib/test/auto/logic.xml
----------------- Instantiating /home/travis/build/icyphy/ptII/ptolemy/actor/lib/test/auto/logic.xml
2 ms. Memory: 1785344K Free: 1380620K (77%)
----------------- Invoking toplevel() on ptolemy.moml.MoMLSimpleApplication@29e27eb9
----------------- Done invoking toplevel() on ptolemy.moml.MoMLSimpleApplication@29e27eb9
reloadAllAccessors: .logic

===========================================================================================
----------------- testing Thu Jan 24 03:21:37 UTC 2019 /home/travis/build/icyphy/ptII/ptolemy/actor/lib/test/auto/matrixType.xml
----------------- Instantiating /home/travis/build/icyphy/ptII/ptolemy/actor/lib/test/auto/matrixType.xml
2 ms. Memory: 1785344K Free: 1354541K (76%)
----------------- Invoking toplevel() on ptolemy.moml.MoMLSimpleApplication@1b548d90
----------------- Done invoking toplevel() on ptolemy.moml.MoMLSimpleApplication@1b548d90
reloadAllAccessors: .matrixType

===========================================================================================
----------------- testing Thu Jan 24 03:21:37 UTC 2019 /home/travis/build/icyphy/ptII/ptolemy/actor/lib/test/auto/matrixType10.xml
----------------- Instantiating /home/travis/build/icyphy/ptII/ptolemy/actor/lib/test/auto/matrixType10.xml
1 ms. Memory: 1785344K Free: 1328463K (74%)
----------------- Invoking toplevel() on ptolemy.moml.MoMLSimpleApplication@7081ab3
----------------- Done invoking toplevel() on ptolemy.moml.MoMLSimpleApplication@7081ab3
reloadAllAccessors: .matrixType10

===========================================================================================
----------------- testing Thu Jan 24 03:21:37 UTC 2019 /home/travis/build/icyphy/ptII/ptolemy/actor/lib/test/auto/matrixType11.xml
----------------- Instantiating /home/travis/build/icyphy/ptII/ptolemy/actor/lib/test/auto/matrixType11.xml
1 ms. Memory: 1785344K Free: 1306153K (73%)
----------------- Invoking toplevel() on ptolemy.moml.MoMLSimpleApplication@5977c5e3
----------------- Done invoking toplevel() on ptolemy.moml.MoMLSimpleApplication@5977c5e3
reloadAllAccessors: .matrixType11

===========================================================================================
----------------- testing Thu Jan 24 03:21:37 UTC 2019 /home/travis/build/icyphy/ptII/ptolemy/actor/lib/test/auto/matrixType12.xml
----------------- Instantiating /home/travis/build/icyphy/ptII/ptolemy/actor/lib/test/auto/matrixType12.xml
1 ms. Memory: 1785344K Free: 1280074K (72%)
----------------- Invoking toplevel() on ptolemy.moml.MoMLSimpleApplication@13a041e3
----------------- Done invoking toplevel() on ptolemy.moml.MoMLSimpleApplication@13a041e3
reloadAllAccessors: .matrixType12

===========================================================================================
----------------- testing Thu Jan 24 03:21:37 UTC 2019 /home/travis/build/icyphy/ptII/ptolemy/actor/lib/test/auto/matrixType13.xml
----------------- Instantiating /home/travis/build/icyphy/ptII/ptolemy/actor/lib/test/auto/matrixType13.xml
1 ms. Memory: 1785344K Free: 1253995K (70%)
----------------- Invoking toplevel() on ptolemy.moml.MoMLSimpleApplication@658f2507
----------------- Done invoking toplevel() on ptolemy.moml.MoMLSimpleApplication@658f2507
reloadAllAccessors: .matrixType13

===========================================================================================
----------------- testing Thu Jan 24 03:21:37 UTC 2019 /home/travis/build/icyphy/ptII/ptolemy/actor/lib/test/auto/matrixType14.xml
----------------- Instantiating /home/travis/build/icyphy/ptII/ptolemy/actor/lib/test/auto/matrixType14.xml
2 ms. Memory: 1785344K Free: 1231686K (69%)
----------------- Invoking toplevel() on ptolemy.moml.MoMLSimpleApplication@34432cf2
----------------- Done invoking toplevel() on ptolemy.moml.MoMLSimpleApplication@34432cf2
reloadAllAccessors: .matrixType14

===========================================================================================
----------------- testing Thu Jan 24 03:21:37 UTC 2019 /home/travis/build/icyphy/ptII/ptolemy/actor/lib/test/auto/matrixType2.xml
----------------- Instantiating /home/travis/build/icyphy/ptII/ptolemy/actor/lib/test/auto/matrixType2.xml
1 ms. Memory: 1785344K Free: 1205607K (68%)
----------------- Invoking toplevel() on ptolemy.moml.MoMLSimpleApplication@36de84b9
----------------- Done invoking toplevel() on ptolemy.moml.MoMLSimpleApplication@36de84b9
reloadAllAccessors: .matrixType2

===========================================================================================
----------------- testing Thu Jan 24 03:21:37 UTC 2019 /home/travis/build/icyphy/ptII/ptolemy/actor/lib/test/auto/matrixType3.xml
----------------- Instantiating /home/travis/build/icyphy/ptII/ptolemy/actor/lib/test/auto/matrixType3.xml
2 ms. Memory: 1785344K Free: 1179528K (66%)
----------------- Invoking toplevel() on ptolemy.moml.MoMLSimpleApplication@1828bcf3
----------------- Done invoking toplevel() on ptolemy.moml.MoMLSimpleApplication@1828bcf3
reloadAllAccessors: .matrixType3

===========================================================================================
----------------- testing Thu Jan 24 03:21:37 UTC 2019 /home/travis/build/icyphy/ptII/ptolemy/actor/lib/test/auto/matrixType4.xml
----------------- Instantiating /home/travis/build/icyphy/ptII/ptolemy/actor/lib/test/auto/matrixType4.xml
1 ms. Memory: 1785344K Free: 1157219K (65%)
----------------- Invoking toplevel() on ptolemy.moml.MoMLSimpleApplication@127f463c
----------------- Done invoking toplevel() on ptolemy.moml.MoMLSimpleApplication@127f463c
reloadAllAccessors: .matrixType4

===========================================================================================
----------------- testing Thu Jan 24 03:21:37 UTC 2019 /home/travis/build/icyphy/ptII/ptolemy/actor/lib/test/auto/matrixType5.xml
----------------- Instantiating /home/travis/build/icyphy/ptII/ptolemy/actor/lib/test/auto/matrixType5.xml
1 ms. Memory: 1785344K Free: 1131140K (63%)
----------------- Invoking toplevel() on ptolemy.moml.MoMLSimpleApplication@5729a8c
----------------- Done invoking toplevel() on ptolemy.moml.MoMLSimpleApplication@5729a8c
reloadAllAccessors: .matrixType5

===========================================================================================
----------------- testing Thu Jan 24 03:21:37 UTC 2019 /home/travis/build/icyphy/ptII/ptolemy/actor/lib/test/auto/matrixType6.xml
----------------- Instantiating /home/travis/build/icyphy/ptII/ptolemy/actor/lib/test/auto/matrixType6.xml
1 ms. Memory: 1785344K Free: 1105061K (62%)
----------------- Invoking toplevel() on ptolemy.moml.MoMLSimpleApplication@45652881
----------------- Done invoking toplevel() on ptolemy.moml.MoMLSimpleApplication@45652881
reloadAllAccessors: .matrixType6

===========================================================================================
----------------- testing Thu Jan 24 03:21:37 UTC 2019 /home/travis/build/icyphy/ptII/ptolemy/actor/lib/test/auto/matrixType7.xml
----------------- Instantiating /home/travis/build/icyphy/ptII/ptolemy/actor/lib/test/auto/matrixType7.xml
2 ms. Memory: 1785344K Free: 1082751K (61%)
----------------- Invoking toplevel() on ptolemy.moml.MoMLSimpleApplication@4b2ec2ec
----------------- Done invoking toplevel() on ptolemy.moml.MoMLSimpleApplication@4b2ec2ec
reloadAllAccessors: .matrixType7

===========================================================================================
----------------- testing Thu Jan 24 03:21:37 UTC 2019 /home/travis/build/icyphy/ptII/ptolemy/actor/lib/test/auto/matrixType8.xml
----------------- Instantiating /home/travis/build/icyphy/ptII/ptolemy/actor/lib/test/auto/matrixType8.xml
1 ms. Memory: 1785344K Free: 1056673K (59%)
----------------- Invoking toplevel() on ptolemy.moml.MoMLSimpleApplication@73530fc
----------------- Done invoking toplevel() on ptolemy.moml.MoMLSimpleApplication@73530fc
reloadAllAccessors: .matrixType8

===========================================================================================
----------------- testing Thu Jan 24 03:21:37 UTC 2019 /home/travis/build/icyphy/ptII/ptolemy/actor/lib/test/auto/matrixType9.xml
----------------- Instantiating /home/travis/build/icyphy/ptII/ptolemy/actor/lib/test/auto/matrixType9.xml
1 ms. Memory: 1785344K Free: 1030594K (58%)
----------------- Invoking toplevel() on ptolemy.moml.MoMLSimpleApplication@585bb383
----------------- Done invoking toplevel() on ptolemy.moml.MoMLSimpleApplication@585bb383
reloadAllAccessors: .matrixType9

===========================================================================================
----------------- testing Thu Jan 24 03:21:37 UTC 2019 /home/travis/build/icyphy/ptII/ptolemy/actor/lib/test/auto/paraFunctest.xml
----------------- Instantiating /home/travis/build/icyphy/ptII/ptolemy/actor/lib/test/auto/paraFunctest.xml
1 ms. Memory: 1785344K Free: 1004515K (56%)
----------------- Invoking toplevel() on ptolemy.moml.MoMLSimpleApplication@3d95835b
----------------- Done invoking toplevel() on ptolemy.moml.MoMLSimpleApplication@3d95835b
reloadAllAccessors: .paraFunctest

===========================================================================================
----------------- testing Thu Jan 24 03:21:37 UTC 2019 /home/travis/build/icyphy/ptII/ptolemy/actor/lib/test/auto/paraFunctest2.xml
----------------- Instantiating /home/travis/build/icyphy/ptII/ptolemy/actor/lib/test/auto/paraFunctest2.xml
1 ms. Memory: 1785344K Free: 982206K (55%)
----------------- Invoking toplevel() on ptolemy.moml.MoMLSimpleApplication@5f83a48e
----------------- Done invoking toplevel() on ptolemy.moml.MoMLSimpleApplication@5f83a48e
reloadAllAccessors: .paraFunctest2

===========================================================================================
----------------- testing Thu Jan 24 03:21:37 UTC 2019 /home/travis/build/icyphy/ptII/ptolemy/actor/lib/test/auto/parameterPassing.xml
----------------- Instantiating /home/travis/build/icyphy/ptII/ptolemy/actor/lib/test/auto/parameterPassing.xml
0 ms. Memory: 1785344K Free: 956127K (54%)
----------------- Invoking toplevel() on ptolemy.moml.MoMLSimpleApplication@4d64a60c
----------------- Done invoking toplevel() on ptolemy.moml.MoMLSimpleApplication@4d64a60c
reloadAllAccessors: .parameterPassing

===========================================================================================
----------------- testing Thu Jan 24 03:21:37 UTC 2019 /home/travis/build/icyphy/ptII/ptolemy/actor/lib/test/auto/record.xml
----------------- Instantiating /home/travis/build/icyphy/ptII/ptolemy/actor/lib/test/auto/record.xml
2 ms. Memory: 1785344K Free: 930048K (52%)
----------------- Invoking toplevel() on ptolemy.moml.MoMLSimpleApplication@1c25d828
----------------- Done invoking toplevel() on ptolemy.moml.MoMLSimpleApplication@1c25d828
reloadAllAccessors: .record

===========================================================================================
----------------- testing Thu Jan 24 03:21:37 UTC 2019 /home/travis/build/icyphy/ptII/ptolemy/actor/lib/test/auto/sizedarray1.xml
----------------- Instantiating /home/travis/build/icyphy/ptII/ptolemy/actor/lib/test/auto/sizedarray1.xml
1 ms. Memory: 1785344K Free: 907739K (51%)
----------------- Invoking toplevel() on ptolemy.moml.MoMLSimpleApplication@35967989
----------------- Done invoking toplevel() on ptolemy.moml.MoMLSimpleApplication@35967989
reloadAllAccessors: .sizedarray1

===========================================================================================
----------------- testing Thu Jan 24 03:21:37 UTC 2019 /home/travis/build/icyphy/ptII/ptolemy/actor/lib/test/auto/sizedarray2.xml
----------------- Instantiating /home/travis/build/icyphy/ptII/ptolemy/actor/lib/test/auto/sizedarray2.xml
1 ms. Memory: 1785344K Free: 881660K (49%)
----------------- Invoking toplevel() on ptolemy.moml.MoMLSimpleApplication@1071503c
----------------- Done invoking toplevel() on ptolemy.moml.MoMLSimpleApplication@1071503c
reloadAllAccessors: .sizedarray2

===========================================================================================
----------------- testing Thu Jan 24 03:21:37 UTC 2019 /home/travis/build/icyphy/ptII/ptolemy/actor/lib/test/auto/twoPublishers.xml
----------------- Instantiating /home/travis/build/icyphy/ptII/ptolemy/actor/lib/test/auto/twoPublishers.xml
2 ms. Memory: 1785344K Free: 855581K (48%)
----------------- Invoking toplevel() on ptolemy.moml.MoMLSimpleApplication@7ee8dfc5
----------------- Done invoking toplevel() on ptolemy.moml.MoMLSimpleApplication@7ee8dfc5
reloadAllAccessors: .twoPublishers
AutoTests.java: About to close Vertx.
AutoTests.java: Vertx closed.
]]></system-out>
  <system-err><![CDATA[java.lang.RuntimeException: Execution failed
	at ptolemy.moml.MoMLSimpleApplication$UnloadThread.run(MoMLSimpleApplication.java:402)
Caused by: java.lang.RuntimeException: StringUtilities.exit() was called. Normally, we would exit here because Manager.exitAfterWrapup() was called.  However, because the ptolemy.ptII.exitAfterWrapup property is set, we throw this exception instead.
	at ptolemy.util.StringUtilities.exit(StringUtilities.java:363)
	at ptolemy.actor.Manager.wrapup(Manager.java:1531)
	at ptolemy.actor.Manager.execute(Manager.java:407)
	at ptolemy.actor.Manager.run(Manager.java:1263)
	at ptolemy.actor.Manager$PtolemyRunThread.run(Manager.java:1915)
Warning: '.top.test' is in training mode, set the trainingMode parameter to false before checking in
Warning: '.top.test' is in training mode, set the trainingMode parameter to false before checking in
Warning: '.top.test' is in training mode, set the trainingMode parameter to false before checking in
Warning: '.BooleanSwitch_RegressionTest_WrongTrainingValues.Test' is in training mode, set the trainingMode parameter to false before checking in
Warning: '.BooleanSwitch_RegressionTest_WrongTrainingValues.Test2' is in training mode, set the trainingMode parameter to false before checking in
Warning: '.BooleanSwitch_RegressionTest_WrongTrainingValues.Test2' The test produced 0 tokens.
Warning: '.top.testExceptionHandler' is in training mode, set the trainingMode parameter to false before checking in
java.lang.RuntimeException: Execution failed
	at ptolemy.moml.MoMLSimpleApplication$UnloadThread.run(MoMLSimpleApplication.java:402)
Caused by: ptolemy.kernel.util.IllegalActionException: PublisherPorts cannot be used at the top level, use a Publisher actor instead.
  in .PublisherPortToplevelSubscriber.PublisherPort
	at ptolemy.actor.PublisherPort.preinitialize(PublisherPort.java:403)
	at ptolemy.actor.CompositeActor.preinitialize(CompositeActor.java:1769)
	at ptolemy.actor.Manager.preinitializeAndResolveTypes(Manager.java:1040)
	at ptolemy.actor.Manager.initialize(Manager.java:710)
	at ptolemy.actor.Manager.execute(Manager.java:356)
	at ptolemy.actor.Manager.run(Manager.java:1263)
	at ptolemy.actor.Manager$PtolemyRunThread.run(Manager.java:1915)
java.lang.reflect.InvocationTargetException
	at sun.reflect.NativeConstructorAccessorImpl.newInstance0(Native Method)
	at sun.reflect.NativeConstructorAccessorImpl.newInstance(NativeConstructorAccessorImpl.java:62)
	at sun.reflect.DelegatingConstructorAccessorImpl.newInstance(DelegatingConstructorAccessorImpl.java:45)
	at java.lang.reflect.Constructor.newInstance(Constructor.java:423)
	at ptolemy.util.test.junit.AutoKnownFailedTests.RunModel(AutoKnownFailedTests.java:105)
	at sun.reflect.NativeMethodAccessorImpl.invoke0(Native Method)
	at sun.reflect.NativeMethodAccessorImpl.invoke(NativeMethodAccessorImpl.java:62)
	at sun.reflect.DelegatingMethodAccessorImpl.invoke(DelegatingMethodAccessorImpl.java:43)
	at java.lang.reflect.Method.invoke(Method.java:498)
	at org.junit.runners.model.FrameworkMethod$1.runReflectiveCall(FrameworkMethod.java:44)
	at org.junit.internal.runners.model.ReflectiveCallable.run(ReflectiveCallable.java:15)
	at org.junit.runners.model.FrameworkMethod.invokeExplosively(FrameworkMethod.java:41)
	at junitparams.internal.InvokeParameterisedMethod.evaluate(InvokeParameterisedMethod.java:102)
	at org.junit.internal.runners.statements.FailOnTimeout$1.run(FailOnTimeout.java:28)
Caused by: ptolemy.kernel.util.IllegalActionException: PublisherPorts cannot be used at the top level, use a Publisher actor instead.
  in .PublisherPortToplevelSubscriber.PublisherPort
	at ptolemy.actor.PublisherPort.preinitialize(PublisherPort.java:403)
	at ptolemy.actor.CompositeActor.preinitialize(CompositeActor.java:1769)
	at ptolemy.actor.Manager.preinitializeAndResolveTypes(Manager.java:1040)
	at ptolemy.actor.Manager.initialize(Manager.java:710)
	at ptolemy.actor.Manager.execute(Manager.java:356)
	at ptolemy.actor.Manager.run(Manager.java:1263)
	at ptolemy.actor.Manager$PtolemyRunThread.run(Manager.java:1915)
java.lang.RuntimeException: Execution failed
	at ptolemy.moml.MoMLSimpleApplication$UnloadThread.run(MoMLSimpleApplication.java:402)
Caused by: ptolemy.kernel.util.IllegalActionException: SubscriberPorts cannot be used at the top level, use a Subscriber actor instead.
  in .PublisherSubscriberPortToplevel.SubscriberPort
	at ptolemy.actor.SubscriberPort.preinitialize(SubscriberPort.java:328)
	at ptolemy.actor.CompositeActor.preinitialize(CompositeActor.java:1769)
	at ptolemy.actor.Manager.preinitializeAndResolveTypes(Manager.java:1040)
	at ptolemy.actor.Manager.initialize(Manager.java:710)
	at ptolemy.actor.Manager.execute(Manager.java:356)
	at ptolemy.actor.Manager.run(Manager.java:1263)
	at ptolemy.actor.Manager$PtolemyRunThread.run(Manager.java:1915)
java.lang.reflect.InvocationTargetException
	at sun.reflect.NativeConstructorAccessorImpl.newInstance0(Native Method)
	at sun.reflect.NativeConstructorAccessorImpl.newInstance(NativeConstructorAccessorImpl.java:62)
	at sun.reflect.DelegatingConstructorAccessorImpl.newInstance(DelegatingConstructorAccessorImpl.java:45)
	at java.lang.reflect.Constructor.newInstance(Constructor.java:423)
	at ptolemy.util.test.junit.AutoKnownFailedTests.RunModel(AutoKnownFailedTests.java:105)
	at sun.reflect.NativeMethodAccessorImpl.invoke0(Native Method)
	at sun.reflect.NativeMethodAccessorImpl.invoke(NativeMethodAccessorImpl.java:62)
	at sun.reflect.DelegatingMethodAccessorImpl.invoke(DelegatingMethodAccessorImpl.java:43)
	at java.lang.reflect.Method.invoke(Method.java:498)
	at org.junit.runners.model.FrameworkMethod$1.runReflectiveCall(FrameworkMethod.java:44)
	at org.junit.internal.runners.model.ReflectiveCallable.run(ReflectiveCallable.java:15)
	at org.junit.runners.model.FrameworkMethod.invokeExplosively(FrameworkMethod.java:41)
	at junitparams.internal.InvokeParameterisedMethod.evaluate(InvokeParameterisedMethod.java:102)
	at org.junit.internal.runners.statements.FailOnTimeout$1.run(FailOnTimeout.java:28)
Caused by: ptolemy.kernel.util.IllegalActionException: SubscriberPorts cannot be used at the top level, use a Subscriber actor instead.
  in .PublisherSubscriberPortToplevel.SubscriberPort
	at ptolemy.actor.SubscriberPort.preinitialize(SubscriberPort.java:328)
	at ptolemy.actor.CompositeActor.preinitialize(CompositeActor.java:1769)
	at ptolemy.actor.Manager.preinitializeAndResolveTypes(Manager.java:1040)
	at ptolemy.actor.Manager.initialize(Manager.java:710)
	at ptolemy.actor.Manager.execute(Manager.java:356)
	at ptolemy.actor.Manager.run(Manager.java:1263)
	at ptolemy.actor.Manager$PtolemyRunThread.run(Manager.java:1915)
java.lang.RuntimeException: Execution failed
	at ptolemy.moml.MoMLSimpleApplication$UnloadThread.run(MoMLSimpleApplication.java:402)
Caused by: ptolemy.kernel.util.IllegalActionException: SubscriptionAggregatorPorts cannot be used at the top level, use a SubscriptionAggregator actor instead.
  in .PublisherSubscriptionAggregatorPort.SubscriptionAggregatorPort
	at ptolemy.actor.SubscriptionAggregatorPort.preinitialize(SubscriptionAggregatorPort.java:353)
	at ptolemy.actor.CompositeActor.preinitialize(CompositeActor.java:1769)
	at ptolemy.actor.Manager.preinitializeAndResolveTypes(Manager.java:1040)
	at ptolemy.actor.Manager.initialize(Manager.java:710)
	at ptolemy.actor.Manager.execute(Manager.java:356)
	at ptolemy.actor.Manager.run(Manager.java:1263)
	at ptolemy.actor.Manager$PtolemyRunThread.run(Manager.java:1915)
java.lang.reflect.InvocationTargetException
	at sun.reflect.NativeConstructorAccessorImpl.newInstance0(Native Method)
	at sun.reflect.NativeConstructorAccessorImpl.newInstance(NativeConstructorAccessorImpl.java:62)
	at sun.reflect.DelegatingConstructorAccessorImpl.newInstance(DelegatingConstructorAccessorImpl.java:45)
	at java.lang.reflect.Constructor.newInstance(Constructor.java:423)
	at ptolemy.util.test.junit.AutoKnownFailedTests.RunModel(AutoKnownFailedTests.java:105)
	at sun.reflect.NativeMethodAccessorImpl.invoke0(Native Method)
	at sun.reflect.NativeMethodAccessorImpl.invoke(NativeMethodAccessorImpl.java:62)
	at sun.reflect.DelegatingMethodAccessorImpl.invoke(DelegatingMethodAccessorImpl.java:43)
	at java.lang.reflect.Method.invoke(Method.java:498)
	at org.junit.runners.model.FrameworkMethod$1.runReflectiveCall(FrameworkMethod.java:44)
	at org.junit.internal.runners.model.ReflectiveCallable.run(ReflectiveCallable.java:15)
	at org.junit.runners.model.FrameworkMethod.invokeExplosively(FrameworkMethod.java:41)
	at junitparams.internal.InvokeParameterisedMethod.evaluate(InvokeParameterisedMethod.java:102)
	at org.junit.internal.runners.statements.FailOnTimeout$1.run(FailOnTimeout.java:28)
Caused by: ptolemy.kernel.util.IllegalActionException: SubscriptionAggregatorPorts cannot be used at the top level, use a SubscriptionAggregator actor instead.
  in .PublisherSubscriptionAggregatorPort.SubscriptionAggregatorPort
	at ptolemy.actor.SubscriptionAggregatorPort.preinitialize(SubscriptionAggregatorPort.java:353)
	at ptolemy.actor.CompositeActor.preinitialize(CompositeActor.java:1769)
	at ptolemy.actor.Manager.preinitializeAndResolveTypes(Manager.java:1040)
	at ptolemy.actor.Manager.initialize(Manager.java:710)
	at ptolemy.actor.Manager.execute(Manager.java:356)
	at ptolemy.actor.Manager.run(Manager.java:1263)
	at ptolemy.actor.Manager$PtolemyRunThread.run(Manager.java:1915)
java.lang.RuntimeException: Execution failed
	at ptolemy.moml.MoMLSimpleApplication$UnloadThread.run(MoMLSimpleApplication.java:402)
Caused by: ptolemy.kernel.util.IllegalActionException: TypeTest actor has no training data.
  in .sizedarray3.TypeTest
	at ptolemy.actor.lib.TypeTest.initialize(TypeTest.java:250)
	at ptolemy.actor.Director.initialize(Director.java:938)
	at ptolemy.actor.Director.initialize(Director.java:907)
	at ptolemy.actor.sched.StaticSchedulingDirector.initialize(StaticSchedulingDirector.java:159)
	at ptolemy.domains.sdf.kernel.SDFDirector.initialize(SDFDirector.java:544)
	at ptolemy.actor.CompositeActor.initialize(CompositeActor.java:935)
	at ptolemy.actor.Manager.initialize(Manager.java:724)
	at ptolemy.actor.Manager.execute(Manager.java:356)
	at ptolemy.actor.Manager.run(Manager.java:1263)
	at ptolemy.actor.Manager$PtolemyRunThread.run(Manager.java:1915)
java.lang.reflect.InvocationTargetException
	at sun.reflect.NativeConstructorAccessorImpl.newInstance0(Native Method)
	at sun.reflect.NativeConstructorAccessorImpl.newInstance(NativeConstructorAccessorImpl.java:62)
	at sun.reflect.DelegatingConstructorAccessorImpl.newInstance(DelegatingConstructorAccessorImpl.java:45)
	at java.lang.reflect.Constructor.newInstance(Constructor.java:423)
	at ptolemy.util.test.junit.AutoKnownFailedTests.RunModel(AutoKnownFailedTests.java:105)
	at sun.reflect.NativeMethodAccessorImpl.invoke0(Native Method)
	at sun.reflect.NativeMethodAccessorImpl.invoke(NativeMethodAccessorImpl.java:62)
	at sun.reflect.DelegatingMethodAccessorImpl.invoke(DelegatingMethodAccessorImpl.java:43)
	at java.lang.reflect.Method.invoke(Method.java:498)
	at org.junit.runners.model.FrameworkMethod$1.runReflectiveCall(FrameworkMethod.java:44)
	at org.junit.internal.runners.model.ReflectiveCallable.run(ReflectiveCallable.java:15)
	at org.junit.runners.model.FrameworkMethod.invokeExplosively(FrameworkMethod.java:41)
	at junitparams.internal.InvokeParameterisedMethod.evaluate(InvokeParameterisedMethod.java:102)
	at org.junit.internal.runners.statements.FailOnTimeout$1.run(FailOnTimeout.java:28)
Caused by: ptolemy.kernel.util.IllegalActionException: TypeTest actor has no training data.
  in .sizedarray3.TypeTest
	at ptolemy.actor.lib.TypeTest.initialize(TypeTest.java:250)
	at ptolemy.actor.Director.initialize(Director.java:938)
	at ptolemy.actor.Director.initialize(Director.java:907)
	at ptolemy.actor.sched.StaticSchedulingDirector.initialize(StaticSchedulingDirector.java:159)
	at ptolemy.domains.sdf.kernel.SDFDirector.initialize(SDFDirector.java:544)
	at ptolemy.actor.CompositeActor.initialize(CompositeActor.java:935)
	at ptolemy.actor.Manager.initialize(Manager.java:724)
	at ptolemy.actor.Manager.execute(Manager.java:356)
	at ptolemy.actor.Manager.run(Manager.java:1263)
	at ptolemy.actor.Manager$PtolemyRunThread.run(Manager.java:1915)
]]></system-err>
</testsuite>
