<?xml version="1.0" encoding="UTF-8" ?>
<testsuite errors="1" failures="0" hostname="travis-job-56d1de97-661c-408f-a1bc-65e1b13d3d44" name="ptolemy.actor.lib.test.junit.JUnitTclTest" skipped="0" tests="517" time="62.845" timestamp="2020-10-21T15:52:49">
  <properties>
    <property name="npm.executable" value="npm" />
    <property name="env.TRAVIS_ROOT" value="/" />
    <property name="ptII.mk.exists" value="true" />
    <property name="env.TRAVIS_APP_HOST" value="build.travis-ci.com" />
    <property name="env.rvm_bin_path" value="/home/travis/.rvm/bin" />
    <property name="java.home" value="/usr/local/lib/jvm/openjdk11" />
    <property name="env.TRAVIS_JOB_NUMBER" value="1806.8" />
    <property name="env.TRAVIS_HOME" value="/home/travis" />
    <property name="env.DISPLAY" value=":99.0" />
    <property name="env.TRAVIS_INIT" value="systemd" />
    <property name="env.SSH_TTY" value="/dev/pts/0" />
    <property name="java.net.preferIPv4Stack" value="true" />
    <property name="env.RUN_TESTS" value="true" />
    <property name="timeout.short" value="1000000" />
    <property name="junit.formatter" value="xml" />
    <property name="env.TRAVIS_SUDO" value="true" />
    <property name="env.TRAVIS_JOB_NAME" value="" />
    <property name="env.TRAVIS_STACK_NODE_ATTRIBUTES" value="/.node-attributes.yml" />
    <property name="env.LOGNAME" value="travis" />
    <property name="env.PT_TRAVIS_TEST_CORE1_XML" value="true" />
    <property name="jsdoc.home" value="node_modules/@terraswarm/jsdoc" />
    <property name="debuglevel" value="source,lines,vars" />
    <property name="checkstyle.formatter" value="xml" />
    <property name="bin.vergil.makeable" value="true" />
    <property name="sun.os.patch.level" value="unknown" />
    <property name="java.vendor.url" value="http://java.oracle.com/" />
    <property name="env.TRAVIS_BUILD_WEB_URL" value="https://travis-ci.com/icyphy/ptII/builds/191460699" />
    <property name="java.version" value="11.0.2" />
    <property name="env.TZ" value="UTC" />
    <property name="env.TRAVIS_PULL_REQUEST_SHA" value="" />
    <property name="env.PT_NO_NET" value="true" />
    <property name="env.TRAVIS_SECURE_ENV_VARS" value="true" />
    <property name="java.vendor.url.bug" value="http://bugreport.java.com/bugreport/" />
    <property name="npmjs-org-is-up" value="true" />
    <property name="env.LANGUAGE" value="en_US.UTF-8" />
    <property name="env.SSH_CLIENT" value="10.16.3.22 47462 22" />
    <property name="env.GEM_HOME" value="/home/travis/.rvm/gems/ruby-2.5.3" />
    <property name="env.HAS_ANTARES_THREE_LITTLE_FRONZIES_BADGE" value="true" />
    <property name="java.version.date" value="2019-01-15" />
    <property name="env.PS4" value="+" />
    <property name="ant.project.invoked-targets" value="build,test.core1.xml" />
    <property name="env.TRAVIS_PULL_REQUEST_BRANCH" value="" />
    <property name="env.TRAVIS_REPO_SLUG" value="icyphy/ptII" />
    <property name="env.XDG_DATA_DIRS" value="/usr/local/share:/usr/share:/var/lib/snapd/desktop" />
    <property name="jdk.debug" value="release" />
    <property name="env.TRAVIS_APT_PROXY" value="http://build-cache.travisci.net" />
    <property name="env.TRAVIS_CPU_ARCH" value="amd64" />
    <property name="node.in.path" value="true" />
    <property name="user.name" value="travis" />
    <property name="java.maxmemory" value="1400m" />
    <property name="env.RUBY_VERSION" value="ruby-2.5.3" />
    <property name="env.LANG" value="en_US.UTF-8" />
    <property name="sun.io.unicode.encoding" value="UnicodeLittle" />
    <property name="sun.jnu.encoding" value="UTF-8" />
    <property name="java.runtime.name" value="OpenJDK Runtime Environment" />
    <property name="usefile" value="false" />
    <property name="return.code" value="0" />
    <property name="junit.single.formatter" value="plain" />
    <property name="env.DYLD_LIBRARY_PATH" value="/home/travis/pthla/certi-tools/lib:" />
    <property name="env.DEBIAN_FRONTEND" value="noninteractive" />
    <property name="env.SSH_CONNECTION" value="10.16.3.22 47462 10.30.3.226 22" />
    <property name="env.MYSQL_UNIX_PORT" value="/var/run/mysqld/mysqld.sock" />
    <property name="env.LC_ALL" value="en_US.UTF-8" />
    <property name="env.TRAVIS_ALLOW_FAILURE" value="" />
    <property name="env.TRAVIS_JOB_WEB_URL" value="https://travis-ci.com/icyphy/ptII/jobs/403232322" />
    <property name="java.specification.name" value="Java Platform API Specification" />
    <property name="node.works" value="true" />
    <property name="user.timezone" value="" />
    <property name="path.separator" value=":" />
    <property name="env.TRAVIS_ENABLE_INFRA_DETECTION" value="true" />
    <property name="env.PYTHON_CFLAGS" value="-g -fstack-protector --param=ssp-buffer-size=4 -Wformat -Werror=format-security" />
    <property name="timeout.long" value="4000000" />
    <property name="env.CERTI_HOME" value="/home/travis/pthla/certi-tools" />
    <property name="ant.file.ptII" value="/home/travis/build/icyphy/ptII/build.xml" />
    <property name="javadoc.packagenames" value="com.*,diva.*,lbnl.*,org.hlacerti.*,org.json.*,org.ptolemy.*,org.terraswarm.*,ptolemy.*,ptserver.*" />
    <property name="file.encoding" value="UTF-8" />
    <property name="env.TRAVIS_PULL_REQUEST_SLUG" value="" />
    <property name="ant.project.default-target" value="build" />
    <property name="env.GIT_ASKPASS" value="echo" />
    <property name="env.HOME" value="/home/travis" />
    <property name="sun.java.command" value="org.apache.tools.ant.taskdefs.optional.junit.JUnitTestRunner ptolemy.actor.lib.test.junit.JUnitTclTest skipNonTests=false filtertrace=true haltOnError=false haltOnFailure=false formatter=org.apache.tools.ant.taskdefs.optional.junit.OutErrSummaryJUnitResultFormatter showoutput=true outputtoformatters=true logfailedtests=true threadid=0 logtestlistenerevents=false formatter=org.apache.tools.ant.taskdefs.optional.junit.XMLJUnitResultFormatter,/home/travis/build/icyphy/ptII/reports/junit/TEST-ptolemy.actor.lib.test.junit.JUnitTclTest.xml crashfile=/home/travis/build/icyphy/ptII/junitvmwatcher1042673531841759676.properties propsfile=/home/travis/build/icyphy/ptII/junit1288722018861002715.properties" />
    <property name="env.COMPOSER_NO_INTERACTION" value="1" />
    <property name="env.MANPATH" value="/home/travis/.nvm/versions/node/v7.10.1/share/man:/home/travis/.rvm/rubies/ruby-2.5.3/share/man:/usr/local/cmake-3.12.4/man:/usr/local/clang-7.0.0/share/man:/usr/local/man:/usr/local/share/man:/usr/share/man:/home/travis/.rvm/man" />
    <property name="env.TRAVIS_TIMER_ID" value="11635437" />
    <property name="ant.file" value="/home/travis/build/icyphy/ptII/build.xml" />
    <property name="env.TRAVIS_COMMIT_RANGE" value="74248200255084cca0f8d02e5ad09f36c0965423...8f4ad28aa53cc81362f26fdbf8d406fb619899a6" />
    <property name="ptII.classpath.optional.property" value="/home/travis/build/icyphy/ptII/lib/bsh-2.0b4.jar:/home/travis/build/icyphy/ptII/lib/ptCal.jar:/home/travis/build/icyphy/ptII/lib/java_cup.jar:/home/travis/build/icyphy/ptII/lib/saxon8.jar:/home/travis/build/icyphy/ptII/lib/saxon8-dom.jar:/home/travis/build/icyphy/ptII/lib/chic.jar:/home/travis/build/icyphy/ptII/lib/ptcolt.jar:/home/travis/build/icyphy/ptII/vendors/misc/itext/iText.jar:/home/travis/build/icyphy/ptII/lib/g4ltl.jar:/home/travis/build/icyphy/ptII/lib/StructuralCoder.jar:/home/travis/build/icyphy/ptII/lib/jcerti.jar:/home/travis/build/icyphy/ptII/lib/javax.mail.jar:/home/travis/build/icyphy/ptII/vendors/JMF-2.1.1e/lib/jmf.jar:/home/travis/build/icyphy/ptII/lib/jna-4.0.0-variadic.jar:/home/travis/build/icyphy/ptII/vendors/misc/joystick/Joystick.jar:/home/travis/build/icyphy/ptII/lib/ptjacl.jar:/home/travis/build/icyphy/ptII/lib/jsoup-1.8.2.jar:/home/travis/build/icyphy/ptII/lib/junit-4.8.2.jar:/home/travis/build/icyphy/ptII/lib/JUnitParams-0.4.0.jar:/home/travis/build/icyphy/ptII/ptolemy/actor/lib/excel/jxl.jar:/home/travis/build/icyphy/ptII/lib/jython.jar:/home/travis/build/icyphy/ptII/lib/kieler.jar:/home/travis/build/icyphy/ptII/vendors/opencv/share/OpenCV/java/opencv-341.jar:/home/travis/build/icyphy/ptII/lib/oscP5.jar:/home/travis/build/icyphy/ptII/lib/nrjavaserial-3.11.0.devel.jar:/home/travis/build/icyphy/ptII/vendors/j3d/lib/Linux/j3dcore.jar:/home/travis/build/icyphy/ptII/vendors/j3d/lib/Linux/j3dutils.jar:/home/travis/build/icyphy/ptII/vendors/j3d/lib/Linux/vecmath.jar:/home/travis/build/icyphy/ptII/vendors/jogl/lib/Linux/gluegen-rt-natives-linux-amd64.jar:/home/travis/build/icyphy/ptII/vendors/jogl/lib/Linux/gluegen-rt.jar:/home/travis/build/icyphy/ptII/vendors/jogl/lib/Linux/jogl-all-natives-linux-amd64.jar:/home/travis/build/icyphy/ptII/vendors/jogl/lib/Linux/jogl-all.jar:/home/travis/build/icyphy/ptII/ptolemy/distributed/jini/jar/jini-core.jar:/home/travis/build/icyphy/ptII/ptolemy/distributed/jini/jar/jini-ext.jar:/home/travis/build/icyphy/ptII/ptolemy/distributed/jini/jar/sun-util.jar:/home/travis/build/icyphy/ptII/lib/protobuf-java-2.4.1.jar:/home/travis/build/icyphy/ptII/lib/org.eclipse.paho.client.mqttv3.jar:/home/travis/build/icyphy/ptII/lib/mapss.jar:/home/travis/build/icyphy/ptII/ptolemy/actor/ptalon/antlr/antlr.jar:/home/travis/build/icyphy/ptII/lib/JRI.jar:/home/travis/build/icyphy/ptII/lib/commons-lang-2.6.jar:/home/travis/build/icyphy/ptII/lib/commons-logging-1.1.1.jar:/home/travis/build/icyphy/ptII/lib/sootclasses.jar:/home/travis/build/icyphy/ptII/ptolemy/actor/lib/database/mysql-connector-java-5.1.6-bin.jar:/home/travis/build/icyphy/ptII/vendors/misc/sphinx4/sphinx4-data-5prealpha.jar:/home/travis/build/icyphy/ptII/vendors/misc/sphinx4/sphinx4-core-5prealpha.jar:/home/travis/build/icyphy/ptII/lib/PDFRenderer.jar:/home/travis/build/icyphy/ptII/lib/svgSalamander.jar:/home/travis/build/icyphy/ptII/lib/rsyntaxtextarea-2.6.0-SNAPSHOT.jar:/home/travis/build/icyphy/ptII/lib/hazelcast-3.8.2.jar:/home/travis/build/icyphy/ptII/lib/jackson-annotations-2.9.0.jar:/home/travis/build/icyphy/ptII/lib/jackson-core-2.9.3.jar:/home/travis/build/icyphy/ptII/lib/jackson-databind-2.9.3.jar:/home/travis/build/icyphy/ptII/lib/netty-buffer-4.1.19.Final.jar:/home/travis/build/icyphy/ptII/lib/netty-codec-4.1.19.Final.jar:/home/travis/build/icyphy/ptII/lib/netty-codec-dns-4.1.19.Final.jar:/home/travis/build/icyphy/ptII/lib/netty-codec-http-4.1.19.Final.jar:/home/travis/build/icyphy/ptII/lib/netty-codec-http2-4.1.19.Final.jar:/home/travis/build/icyphy/ptII/lib/netty-common-4.1.19.Final.jar:/home/travis/build/icyphy/ptII/lib/netty-handler-4.1.19.Final.jar:/home/travis/build/icyphy/ptII/lib/netty-resolver-4.1.19.Final.jar:/home/travis/build/icyphy/ptII/lib/netty-resolver-dns-4.1.19.Final.jar:/home/travis/build/icyphy/ptII/lib/netty-transport-4.1.19.Final.jar:/home/travis/build/icyphy/ptII/lib/vertx-codegen-3.5.1.jar:/home/travis/build/icyphy/ptII/lib/vertx-core-3.5.2-SNAPSHOT.jar:/home/travis/build/icyphy/ptII/lib/vertx-hazelcast-3.5.1.jar:/home/travis/build/icyphy/ptII/lib/vertx-lang-js-3.5.1.jar:/home/travis/build/icyphy/ptII/lib/vertx-service-proxy-3.5.1.jar:/home/travis/build/icyphy/ptII/lib/vertx-web-3.5.1.jar:/home/travis/build/icyphy/ptII/lib/slf4j-api-1.7.13.jar:/home/travis/build/icyphy/ptII/lib/slf4j-simple-1.7.13.jar:/home/travis/build/icyphy/ptII/lib/webcam-capture-0.3.12.jar:/home/travis/build/icyphy/ptII/lib/bridj-0.7.0.jar:/home/travis/build/icyphy/ptII/lib/xbjlib-1.1.0.nrjavaserial.jar" />
    <property name="timeout" value="2400000" />
    <property name="test.batch" value="**/junit/*.java" />
    <property name="env._" value="/usr/bin/timeout" />
    <property name="java.io.tmpdir" value="/tmp" />
    <property name="user.language" value="en" />
    <property name="env.TRAVIS_INTERNAL_RUBY_REGEX" value="^ruby-(2\.[0-4]\.[0-9]|1\.9\.3)" />
    <property name="env.HISTCONTROL" value="ignoredups:ignorespace" />
    <property name="env.GOROOT" value="/home/travis/.gimme/versions/go1.11.1.linux.amd64" />
    <property name="line.separator" value="&#xa;" />
    <property name="target" value="11" />
    <property name="env.TRAVIS_BUILD_DIR" value="/home/travis/build/icyphy/ptII" />
    <property name="env.ANT_OPTS" value="-Xmx2048m" />
    <property name="ant.file.type" value="file" />
    <property name="ptolemy.ptII.batchMode" value="true" />
    <property name="env.HISTSIZE" value="1000" />
    <property name="env.MERB_ENV" value="test" />
    <property name="java.vm.info" value="mixed mode" />
    <property name="source" value="11" />
    <property name="java.vm.specification.name" value="Java Virtual Machine Specification" />
    <property name="env.TRAVIS_TEST_RESULT" value="0" />
    <property name="jsdoc.command" value="node_modules/@terraswarm/jsdoc/jsdoc.js" />
    <property name="npm.works" value="true" />
    <property name="cobertura.dir" value="/home/travis/build/icyphy/ptII/vendors/cobertura-2.0.3" />
    <property name="jsdoc.command.exists" value="true" />
    <property name="env.rvm_path" value="/home/travis/.rvm" />
    <property name="env.GEM_PATH" value="/home/travis/.rvm/gems/ruby-2.5.3:/home/travis/.rvm/gems/ruby-2.5.3@global" />
    <property name="env.LC_CTYPE" value="en_US.UTF-8" />
    <property name="env.TRAVIS_CMD" value="$PTII/bin/ptIITravisBuild.sh $SECONDS" />
    <property name="java.awt.printerjob" value="sun.print.PSPrinterJob" />
    <property name="env.TRAVIS_STACK_NAME" value="sardonyx" />
    <property name="env.TRAVIS_TIMER_START_TIME" value="1603294927337466087" />
    <property name="ant.version" value="Apache Ant(TM) version 1.10.1 compiled on February 2 2017" />
    <property name="ptII.reports" value="/home/travis/build/icyphy/ptII/reports" />
    <property name="env.TRAVIS_STACK_TIMESTAMP" value="2020-06-24 13:13:18 UTC" />
    <property name="ant.file.type.ptII" value="file" />
    <property name="env.RBENV_SHELL" value="bash" />
    <property name="os.name" value="Linux" />
    <property name="java.specification.vendor" value="Oracle Corporation" />
    <property name="env.rvm_version" value="1.29.10 (latest)" />
    <property name="env.TRAVIS_INFRA" value="unknown" />
    <property name="env.TERM" value="xterm" />
    <property name="java.vm.name" value="OpenJDK 64-Bit Server VM" />
    <property name="env.TRAVIS_BUILD_NUMBER" value="1806" />
    <property name="env.CI" value="true" />
    <property name="java.library.path" value="/home/travis/pthla/certi-tools/lib:/usr/lib/jni:/usr/local/share/OpenCV/java/:/usr/share/OpenCV/java::/usr/java/packages/lib:/usr/lib64:/lib64:/lib:/usr/lib" />
    <property name="jdk.module.path" value="/home/travis/build/icyphy/ptII/vendors/javafx/javafx-sdk-11.0.2/lib:" />
    <property name="env.rvm_prefix" value="/home/travis" />
    <property name="env.PATH" value="/home/travis/pthla/certi-tools/share/scripts:/home/travis/.rvm/gems/ruby-2.5.3/bin:/home/travis/.rvm/gems/ruby-2.5.3@global/bin:/home/travis/.rvm/rubies/ruby-2.5.3/bin:/home/travis/.rvm/bin:/home/travis/.nvm/versions/node/v7.10.1/bin:./node_modules/.bin:/home/travis/build/icyphy/ptII/bin:/home/travis/pthla/certi-tools/bin:/home/travis/bin:/home/travis/.local/bin:/usr/local/lib/jvm/openjdk11/bin:/opt/pyenv/shims:/home/travis/.phpenv/shims:/home/travis/perl5/perlbrew/bin:/home/travis/gopath/bin:/home/travis/.gimme/versions/go1.11.1.linux.amd64/bin:/usr/local/maven-3.6.3/bin:/usr/local/cmake-3.12.4/bin:/usr/local/clang-7.0.0/bin:/usr/local/sbin:/usr/local/bin:/usr/sbin:/usr/bin:/sbin:/bin:/snap/bin:/home/travis/.phpenv/bin:/opt/pyenv/bin:/home/travis/.yarn/bin" />
    <property name="env.TRAVIS_OS_NAME" value="linux" />
    <property name="ant.java.version" value="9" />
    <property name="basedir" value="/home/travis/build/icyphy/ptII" />
    <property name="java.class.version" value="55.0" />
    <property name="env.SHLVL" value="3" />
    <property name="env.LD_LIBRARY_PATH" value="/home/travis/pthla/certi-tools/lib:/usr/lib/jni:/usr/local/share/OpenCV/java/:/usr/share/OpenCV/java:" />
    <property name="env.RACK_ENV" value="test" />
    <property name="ant.home" value="/home/travis/build/icyphy/ptII/ant" />
    <property name="env.NVM_DIR" value="/home/travis/.nvm" />
    <property name="env.CERTI_FOM_PATH" value="/home/travis/pthla/certi-tools/share/federations" />
    <property name="env.TRAVIS_BUILD_ID" value="191460699" />
    <property name="env.PYENV_ROOT" value="/opt/pyenv" />
    <property name="env.TRAVIS_UID" value="2000" />
    <property name="prism.verbose" value="true" />
    <property name="env.NVM_BIN" value="/home/travis/.nvm/versions/node/v7.10.1/bin" />
    <property name="env.TRAVIS_COMMIT" value="8f4ad28aa53cc81362f26fdbf8d406fb619899a6" />
    <property name="node.executable" value="node" />
    <property name="sun.boot.library.path" value="/usr/local/lib/jvm/openjdk11/lib" />
    <property name="sun.management.compiler" value="HotSpot 64-Bit Tiered Compilers" />
    <property name="java.awt.graphicsenv" value="sun.awt.X11GraphicsEnvironment" />
    <property name="env.GOPATH" value="/home/travis/gopath" />
    <property name="ptolemy.ptII.dir" value="/home/travis/build/icyphy/ptII" />
    <property name="env.USER" value="travis" />
    <property name="env.HISTFILESIZE" value="2000" />
    <property name="env.NVM_INC" value="/home/travis/.nvm/versions/node/v7.10.1/include/node" />
    <property name="timeout.longest" value="19000000" />
    <property name="env.PERLBREW_SHELLRC_VERSION" value="0.88" />
    <property name="env.TRAVIS_STACK_FEATURES" value="basic couchdb disabled-ipv6 docker docker-compose elasticsearch firefox go-toolchain google-chrome jdk memcached mongodb mysql nodejs_interpreter perl_interpreter perlbrew phantomjs postgresql python_interpreter redis ruby_interpreter sqlite xserver" />
    <property name="env.TRAVIS_PULL_REQUEST" value="false" />
    <property name="env.PYENV_SHELL" value="bash" />
    <property name="ant.project.name" value="ptII" />
    <property name="env.ANSI_RESET" value="\033[0m" />
    <property name="java.vm.specification.version" value="11" />
    <property name="env.TRAVIS_DIST" value="xenial" />
    <property name="env.CERTI_VERSION" value="4.0.0" />
    <property name="env.CERTI_HOST" value="localhost" />
    <property name="awt.toolkit" value="sun.awt.X11.XToolkit" />
    <property name="env.MY_RUBY_HOME" value="/home/travis/.rvm/rubies/ruby-2.5.3" />
    <property name="sun.cpu.isalist" value="" />
    <property name="env.TRAVIS_TMPDIR" value="/tmp/tmp.heMmpWAT5z" />
    <property name="java.vm.compressedOopsMode" value="Zero based" />
    <property name="os.version" value="4.15.0-1077-gcp" />
    <property name="user.home" value="/home/travis" />
    <property name="java.vm.vendor" value="Oracle Corporation" />
    <property name="env.TRAVIS_TAG" value="nightly" />
    <property name="env.ANSI_YELLOW" value="\033[33;1m" />
    <property name="env.TRAVIS_FILTERED" value="redirect_io" />
    <property name="env.ANSI_GREEN" value="\033[32;1m" />
    <property name="env.JAVA_HOME" value="/usr/local/lib/jvm/openjdk11" />
    <property name="javadoc.excludepackagenames" value="adm.cvs2svn.*,build.*,config.*,doc.coding.templates.*,jni.test.jni.meaningOfLife.*,jni.test.jni.testDeux.*,jni.test.jni.testTrois.*,org.terraswarm.accessor.accessors.web.node_modules.*,org.terraswarm.accessor.accessors.web.hosts.cordova.demo.*,org.terraswarm.accessor.accessors.web.hosts.cordova.plugins.*,org.terraswarm.accessor.accessors-svn.*,pt-modules.*,ptolemy.apps.agilent.*,ptolemy.apps.anytimecontrol.*,ptolemy.apps.apes.*,ptolemy.apps.charon.*,ptolemy.apps.crazyboard.*,ptolemy.apps.eclipse.*,ptolemy.apps.etherealSting.*,ptolemy.apps.fullscreen.*,ptolemy.apps.giotto.*,ptolemy.apps.ia.*,ptolemy.apps.interfaces.*,ptolemy.apps.jmf.*,ptolemy.apps.kurt.*,ptolemy.apps.kvm.*,ptolemy.apps.lego.*,ptolemy.apps.lejos.*,ptolemy.apps.midp.*,ptolemy.apps.mobileCoding.*,ptolemy.apps.pendulum.*,ptolemy.apps.rijndael.*,ptolemy.apps.robot.*,ptolemy.apps.security.*,ptolemy.apps.sobel.*,ptolemy.apps.soot.*,ptolemy.apps.throttle.*,ptolemy.apps.tini.*,ptolemy.apps.transmission.*,ptolemy.apps.vergil.*,ptolemy.apps.waba.*,ptolemy.apps.websensor.*,ptolemy.apps.webstart.*,ptolemy.apps.xsl.*,ptolemy.apps.zaurus.*,ptolemy.codegen.c.actor.lib.oldJavaFiles.*,ptolemy.codegen.dsp.lib.*,ptolemy.codegen.kernel.newInterfaces.*,ptolemy.codegen.lib.*,ptolemy.copernicus.kernel.fragment.*,ptolemy.copernicus.shallow.cg.*,ptolemy.domains.giotto.demo.Hierarchy.Hierarchy.*,ptolemy.domains.giotto.demo.Multimode.Multimode.*,ptolemy.domains.giotto.demo.Simple.Simple.*,ptolemy.domains.gr.lib.experimental.*,ptolemy.domains.gro.*,ptolemy.domains.pdf.*,ptolemy.domains.ptinyos.demo.Surge.output.*,ptolemy.moml.test.NoPackageActor.java*,ptolemy.plot.adm.*,ptolemy.plot.servlet.*,reports.*,signed.*,src.*,target.*,vendors.*,ptolemy.copernicus.applet.*,ptolemy.media.viewer.*,ptolemy.actor.corba.*,doc.doclets.*,ptolemy.apps.eclipse.awt.*,ptolemy.backtrack.*,ptolemy.backtrack.ast.*,ptolemy.cg.adapter.generic.program.procedural.c.mbed*,ptolemy.homer.*,ptolemy.actor.lib.jai.*,org.ptolemy.scala.*,diva.util.java2d.svg.*,ptolemy.domains.ptinyos.*,ptolemy.actor.lib.fmi.fmipp.*,,org.terraswarm.accessor.accessors.web.node_modules.*,org.terraswarm.accessor.accessors-svn,ptolemy.apps.*,ptolemy.actor.ptalon.demo.ptinyos.SendAndReceiveCnt.output,ptolemy.actor.ptalon.demo.ptinyos.SenseToLeds.output,ptolemy.domains.ptinyos.demo.CntToLedsAndRfm.output,ptolemy.domains.ptinyos.demo.RfmToLeds.output,ptolemy.domains.ptinyos.demo.SendAndReceiveCnt.output,ptolemy.domains.ptinyos.demo.SenseToLeds.output,ptolemy.actor.lib.jjs.modules.udpSocket.*" />
    <property name="env.PTII" value="/home/travis/build/icyphy/ptII" />
    <property name="env.XDG_SESSION_ID" value="2" />
    <property name="keystore" value="ptKeystore" />
    <property name="env.TRAVIS_COMMIT_MESSAGE" value="Fixing federation name in some FED files and data types in some FDD files." />
    <property name="junit.output.dir" value="/home/travis/build/icyphy/ptII/reports/junit" />
    <property name="npm.return.code" value="0" />
    <property name="user.dir" value="/home/travis/build/icyphy/ptII/ptolemy/actor/lib/test" />
    <property name="env.TRAVIS_NODE_VERSION" value="7" />
    <property name="env.TRAVIS_EVENT_TYPE" value="cron" />
    <property name="env.MAIL" value="/var/mail/travis" />
    <property name="env.PERLBREW_ROOT" value="/home/travis/perl5/perlbrew" />
    <property name="env.PWD" value="/home/travis/build/icyphy/ptII" />
    <property name="timeout.npm" value="45000" />
    <property name="env.TRAVIS_ARCH" value="amd64" />
    <property name="sun.cpu.endian" value="little" />
    <property name="env.PAGER" value="cat" />
    <property name="env.TRAVIS_BUILD_STAGE_NAME" value="test" />
    <property name="env.PERLBREW_HOME" value="/home/travis/.perlbrew" />
    <property name="java.vm.version" value="11.0.2+9" />
    <property name="env.RAILS_ENV" value="test" />
    <property name="java.class.path" value="/home/travis/.ptolemyII:/home/travis/.ptolemyII/*:/home/travis/build/icyphy/ptII:/home/travis/build/icyphy/ptII/lib/bsh-2.0b4.jar:/home/travis/build/icyphy/ptII/lib/ptCal.jar:/home/travis/build/icyphy/ptII/lib/java_cup.jar:/home/travis/build/icyphy/ptII/lib/saxon8.jar:/home/travis/build/icyphy/ptII/lib/saxon8-dom.jar:/home/travis/build/icyphy/ptII/lib/chic.jar:/home/travis/build/icyphy/ptII/lib/ptcolt.jar:/home/travis/build/icyphy/ptII/vendors/misc/itext/iText.jar:/home/travis/build/icyphy/ptII/lib/g4ltl.jar:/home/travis/build/icyphy/ptII/lib/StructuralCoder.jar:/home/travis/build/icyphy/ptII/lib/jcerti.jar:/home/travis/build/icyphy/ptII/lib/javax.mail.jar:/home/travis/build/icyphy/ptII/vendors/JMF-2.1.1e/lib/jmf.jar:/home/travis/build/icyphy/ptII/lib/jna-4.0.0-variadic.jar:/home/travis/build/icyphy/ptII/vendors/misc/joystick/Joystick.jar:/home/travis/build/icyphy/ptII/lib/ptjacl.jar:/home/travis/build/icyphy/ptII/lib/jsoup-1.8.2.jar:/home/travis/build/icyphy/ptII/lib/junit-4.8.2.jar:/home/travis/build/icyphy/ptII/lib/JUnitParams-0.4.0.jar:/home/travis/build/icyphy/ptII/ptolemy/actor/lib/excel/jxl.jar:/home/travis/build/icyphy/ptII/lib/jython.jar:/home/travis/build/icyphy/ptII/lib/kieler.jar:/home/travis/build/icyphy/ptII/vendors/opencv/share/OpenCV/java/opencv-341.jar:/home/travis/build/icyphy/ptII/lib/oscP5.jar:/home/travis/build/icyphy/ptII/lib/nrjavaserial-3.11.0.devel.jar:/home/travis/build/icyphy/ptII/vendors/j3d/lib/Linux/j3dcore.jar:/home/travis/build/icyphy/ptII/vendors/j3d/lib/Linux/j3dutils.jar:/home/travis/build/icyphy/ptII/vendors/j3d/lib/Linux/vecmath.jar:/home/travis/build/icyphy/ptII/vendors/jogl/lib/Linux/gluegen-rt-natives-linux-amd64.jar:/home/travis/build/icyphy/ptII/vendors/jogl/lib/Linux/gluegen-rt.jar:/home/travis/build/icyphy/ptII/vendors/jogl/lib/Linux/jogl-all-natives-linux-amd64.jar:/home/travis/build/icyphy/ptII/vendors/jogl/lib/Linux/jogl-all.jar:/home/travis/build/icyphy/ptII/ptolemy/distributed/jini/jar/jini-core.jar:/home/travis/build/icyphy/ptII/ptolemy/distributed/jini/jar/jini-ext.jar:/home/travis/build/icyphy/ptII/ptolemy/distributed/jini/jar/sun-util.jar:/home/travis/build/icyphy/ptII/lib/protobuf-java-2.4.1.jar:/home/travis/build/icyphy/ptII/lib/org.eclipse.paho.client.mqttv3.jar:/home/travis/build/icyphy/ptII/lib/mapss.jar:/home/travis/build/icyphy/ptII/ptolemy/actor/ptalon/antlr/antlr.jar:/home/travis/build/icyphy/ptII/lib/JRI.jar:/home/travis/build/icyphy/ptII/lib/commons-lang-2.6.jar:/home/travis/build/icyphy/ptII/lib/commons-logging-1.1.1.jar:/home/travis/build/icyphy/ptII/lib/sootclasses.jar:/home/travis/build/icyphy/ptII/ptolemy/actor/lib/database/mysql-connector-java-5.1.6-bin.jar:/home/travis/build/icyphy/ptII/vendors/misc/sphinx4/sphinx4-data-5prealpha.jar:/home/travis/build/icyphy/ptII/vendors/misc/sphinx4/sphinx4-core-5prealpha.jar:/home/travis/build/icyphy/ptII/lib/PDFRenderer.jar:/home/travis/build/icyphy/ptII/lib/svgSalamander.jar:/home/travis/build/icyphy/ptII/lib/rsyntaxtextarea-2.6.0-SNAPSHOT.jar:/home/travis/build/icyphy/ptII/lib/hazelcast-3.8.2.jar:/home/travis/build/icyphy/ptII/lib/jackson-annotations-2.9.0.jar:/home/travis/build/icyphy/ptII/lib/jackson-core-2.9.3.jar:/home/travis/build/icyphy/ptII/lib/jackson-databind-2.9.3.jar:/home/travis/build/icyphy/ptII/lib/netty-buffer-4.1.19.Final.jar:/home/travis/build/icyphy/ptII/lib/netty-codec-4.1.19.Final.jar:/home/travis/build/icyphy/ptII/lib/netty-codec-dns-4.1.19.Final.jar:/home/travis/build/icyphy/ptII/lib/netty-codec-http-4.1.19.Final.jar:/home/travis/build/icyphy/ptII/lib/netty-codec-http2-4.1.19.Final.jar:/home/travis/build/icyphy/ptII/lib/netty-common-4.1.19.Final.jar:/home/travis/build/icyphy/ptII/lib/netty-handler-4.1.19.Final.jar:/home/travis/build/icyphy/ptII/lib/netty-resolver-4.1.19.Final.jar:/home/travis/build/icyphy/ptII/lib/netty-resolver-dns-4.1.19.Final.jar:/home/travis/build/icyphy/ptII/lib/netty-transport-4.1.19.Final.jar:/home/travis/build/icyphy/ptII/lib/vertx-codegen-3.5.1.jar:/home/travis/build/icyphy/ptII/lib/vertx-core-3.5.2-SNAPSHOT.jar:/home/travis/build/icyphy/ptII/lib/vertx-hazelcast-3.5.1.jar:/home/travis/build/icyphy/ptII/lib/vertx-lang-js-3.5.1.jar:/home/travis/build/icyphy/ptII/lib/vertx-service-proxy-3.5.1.jar:/home/travis/build/icyphy/ptII/lib/vertx-web-3.5.1.jar:/home/travis/build/icyphy/ptII/lib/slf4j-api-1.7.13.jar:/home/travis/build/icyphy/ptII/lib/slf4j-simple-1.7.13.jar:/home/travis/build/icyphy/ptII/lib/webcam-capture-0.3.12.jar:/home/travis/build/icyphy/ptII/lib/bridj-0.7.0.jar:/home/travis/build/icyphy/ptII/lib/xbjlib-1.1.0.nrjavaserial.jar:/home/travis/build/icyphy/ptII/ptolemy/moml/test:/home/travis/build/icyphy/ptII/ant/lib/ant-launcher.jar:/home/travis/build/icyphy/ptII/ant/lib/ant.jar:/home/travis/build/icyphy/ptII/ant/lib/ant-junit.jar:/home/travis/build/icyphy/ptII/ant/lib/ant-junit4.jar" />
    <property name="ant.library.dir" value="/home/travis/build/icyphy/ptII/ant/lib" />
    <property name="os.arch" value="amd64" />
    <property name="env.CONTINUOUS_INTEGRATION" value="true" />
    <property name="env.TRAVIS_LANGUAGE" value="node_js" />
    <property name="env.TRAVIS_STACK_LANGUAGES" value="__sardonyx__ c c++ clojure cplusplus cpp default generic go groovy java node_js php pure_java python ruby scala" />
    <property name="test.name" value="ptolemy.actor.lib.test.junit.JUnitTclTest" />
    <property name="env.APT_KEY_DONT_WARN_ON_DANGEROUS_USAGE" value="1" />
    <property name="sun.java.launcher" value="SUN_STANDARD" />
    <property name="env.PYTHON_CONFIGURE_OPTS" value="--enable-unicode=ucs4 --with-wide-unicode --enable-shared --enable-ipv6 --enable-loadable-sqlite-extensions --with-computed-gotos" />
    <property name="ant.core.lib" value="/home/travis/build/icyphy/ptII/ant/lib/ant.jar" />
    <property name="java.vm.specification.vendor" value="Oracle Corporation" />
    <property name="env.BCVTB_HOME" value="/home/travis/build/icyphy/ptII/lbnl" />
    <property name="file.separator" value="/" />
    <property name="spotbugs.home" value="/home/travis/build/icyphy/ptII/vendors/spotbugs-3.1.1" />
    <property name="java.runtime.version" value="11.0.2+9" />
    <property name="env.ANSI_CLEAR" value="\033[0K" />
    <property name="javafx.verbose" value="true" />
    <property name="env.HAS_JOSH_K_SEAL_OF_APPROVAL" value="true" />
    <property name="env.XDG_RUNTIME_DIR" value="/run/user/2000" />
    <property name="env.TRAVIS_OSX_IMAGE" value="" />
    <property name="env.TRAVIS_JOB_ID" value="403232322" />
    <property name="env.TRAVIS_BRANCH" value="master" />
    <property name="user.country" value="US" />
    <property name="env.CERTI_HOME_TRAVIS" value="/home/travis/pthla/certi-tools" />
    <property name="env.SHELL" value="/bin/bash" />
    <property name="java.maxmemory.large" value="3200m" />
    <property name="model" value="" />
    <property name="env.CASHER_DIR" value="/home/travis/.casher" />
    <property name="env.NVM_CD_FLAGS" value="" />
    <property name="java.vendor.version" value="18.9" />
    <property name="jshint.executable" value="/home/travis/node_modules/jshint/bin/jshint" />
    <property name="env.JRUBY_OPTS" value=" --client -J-XX:+TieredCompilation -J-XX:TieredStopAtLevel=1 -J-Xss2m -Xcompile.invokedynamic=false" />
    <property name="java.vendor" value="Oracle Corporation" />
    <property name="env.TRAVIS_PRE_CHEF_BOOTSTRAP_TIME" value="2020-06-24T13:13:03" />
    <property name="env.TRAVIS_STACK_JOB_BOARD_REGISTER" value="/.job-board-register.yml" />
    <property name="env.ANSI_RED" value="\033[31;1m" />
    <property name="java.specification.version" value="11" />
    <property name="env.IRBRC" value="/home/travis/.rvm/rubies/ruby-2.5.3/.irbrc" />
    <property name="env.TRAVIS" value="true" />
    <property name="sun.arch.data.model" value="64" />
  </properties>
  <testcase classname="ptolemy.util.test.junit.TclTests" name="[0] /home/travis/build/icyphy/ptII/ptolemy/actor/lib/test/AbsoluteValue.tcl (RunTclFile)" time="0.679" />
  <testcase classname="ptolemy.util.test.junit.TclTests" name="[1] /home/travis/build/icyphy/ptII/ptolemy/actor/lib/test/AddSubtract.tcl (RunTclFile)" time="0.192" />
  <testcase classname="ptolemy.util.test.junit.TclTests" name="[2] /home/travis/build/icyphy/ptII/ptolemy/actor/lib/test/Average.tcl (RunTclFile)" time="0.06" />
  <testcase classname="ptolemy.util.test.junit.TclTests" name="[3] /home/travis/build/icyphy/ptII/ptolemy/actor/lib/test/Bernoulli.tcl (RunTclFile)" time="0.024" />
  <testcase classname="ptolemy.util.test.junit.TclTests" name="[4] /home/travis/build/icyphy/ptII/ptolemy/actor/lib/test/Clock.tcl (RunTclFile)" time="0.117" />
  <testcase classname="ptolemy.util.test.junit.TclTests" name="[5] /home/travis/build/icyphy/ptII/ptolemy/actor/lib/test/Commutator.tcl (RunTclFile)" time="0.2" />
  <testcase classname="ptolemy.util.test.junit.TclTests" name="[6] /home/travis/build/icyphy/ptII/ptolemy/actor/lib/test/Const.tcl (RunTclFile)" time="0.166" />
  <testcase classname="ptolemy.util.test.junit.TclTests" name="[7] /home/travis/build/icyphy/ptII/ptolemy/actor/lib/test/CurrentTime.tcl (RunTclFile)" time="0.028" />
  <testcase classname="ptolemy.util.test.junit.TclTests" name="[8] /home/travis/build/icyphy/ptII/ptolemy/actor/lib/test/DB.tcl (RunTclFile)" time="0.041" />
  <testcase classname="ptolemy.util.test.junit.TclTests" name="[9] /home/travis/build/icyphy/ptII/ptolemy/actor/lib/test/DiscreteRandomSource.tcl (RunTclFile)" time="0.027" />
  <testcase classname="ptolemy.util.test.junit.TclTests" name="[10] /home/travis/build/icyphy/ptII/ptolemy/actor/lib/test/Distributor.tcl (RunTclFile)" time="0.084" />
  <testcase classname="ptolemy.util.test.junit.TclTests" name="[11] /home/travis/build/icyphy/ptII/ptolemy/actor/lib/test/Exit.tcl (RunTclFile)" time="0.114" />
  <testcase classname="ptolemy.util.test.junit.TclTests" name="[12] /home/travis/build/icyphy/ptII/ptolemy/actor/lib/test/Expression.tcl (RunTclFile)" time="0.112" />
  <testcase classname="ptolemy.util.test.junit.TclTests" name="[13] /home/travis/build/icyphy/ptII/ptolemy/actor/lib/test/Gaussian.tcl (RunTclFile)" time="0.292" />
  <testcase classname="ptolemy.util.test.junit.TclTests" name="[14] /home/travis/build/icyphy/ptII/ptolemy/actor/lib/test/IIR.tcl (RunTclFile)" time="0.039" />
  <testcase classname="ptolemy.util.test.junit.TclTests" name="[15] /home/travis/build/icyphy/ptII/ptolemy/actor/lib/test/Interpolator.tcl (RunTclFile)" time="0.086" />
  <testcase classname="ptolemy.util.test.junit.TclTests" name="[16] /home/travis/build/icyphy/ptII/ptolemy/actor/lib/test/MathFunction.tcl (RunTclFile)" time="0.058" />
  <testcase classname="ptolemy.util.test.junit.TclTests" name="[17] /home/travis/build/icyphy/ptII/ptolemy/actor/lib/test/Maximum.tcl (RunTclFile)" time="0.05" />
  <testcase classname="ptolemy.util.test.junit.TclTests" name="[18] /home/travis/build/icyphy/ptII/ptolemy/actor/lib/test/Minimum.tcl (RunTclFile)" time="0.032" />
  <testcase classname="ptolemy.util.test.junit.TclTests" name="[19] /home/travis/build/icyphy/ptII/ptolemy/actor/lib/test/MultiplyDivide.tcl (RunTclFile)" time="0.045" />
  <testcase classname="ptolemy.util.test.junit.TclTests" name="[20] /home/travis/build/icyphy/ptII/ptolemy/actor/lib/test/OrderedMerge.tcl (RunTclFile)" time="0.145" />
  <testcase classname="ptolemy.util.test.junit.TclTests" name="[21] /home/travis/build/icyphy/ptII/ptolemy/actor/lib/test/Publisher.tcl (RunTclFile)" time="0.92" />
  <testcase classname="ptolemy.util.test.junit.TclTests" name="[22] /home/travis/build/icyphy/ptII/ptolemy/actor/lib/test/Pulse.tcl (RunTclFile)" time="0.05" />
  <testcase classname="ptolemy.util.test.junit.TclTests" name="[23] /home/travis/build/icyphy/ptII/ptolemy/actor/lib/test/Ramp.tcl (RunTclFile)" time="2.32" />
  <testcase classname="ptolemy.util.test.junit.TclTests" name="[24] /home/travis/build/icyphy/ptII/ptolemy/actor/lib/test/RampContinuous.tcl (RunTclFile)" time="0.018" />
  <testcase classname="ptolemy.util.test.junit.TclTests" name="[25] /home/travis/build/icyphy/ptII/ptolemy/actor/lib/test/RecordAssembler.tcl (RunTclFile)" time="0.017" />
  <testcase classname="ptolemy.util.test.junit.TclTests" name="[26] /home/travis/build/icyphy/ptII/ptolemy/actor/lib/test/RecordDisassembler.tcl (RunTclFile)" time="0.022" />
  <testcase classname="ptolemy.util.test.junit.TclTests" name="[27] /home/travis/build/icyphy/ptII/ptolemy/actor/lib/test/Scale.tcl (RunTclFile)" time="0.019" />
  <testcase classname="ptolemy.util.test.junit.TclTests" name="[28] /home/travis/build/icyphy/ptII/ptolemy/actor/lib/test/SequentialClock.tcl (RunTclFile)" time="0.015" />
  <testcase classname="ptolemy.util.test.junit.TclTests" name="[29] /home/travis/build/icyphy/ptII/ptolemy/actor/lib/test/SetVariable.tcl (RunTclFile)" time="0.01" />
  <testcase classname="ptolemy.util.test.junit.TclTests" name="[30] /home/travis/build/icyphy/ptII/ptolemy/actor/lib/test/Sinewave.tcl (RunTclFile)" time="0.026" />
  <testcase classname="ptolemy.util.test.junit.TclTests" name="[31] /home/travis/build/icyphy/ptII/ptolemy/actor/lib/test/SubscriptionAggregator.tcl (RunTclFile)" time="2.273" />
  <testcase classname="ptolemy.util.test.junit.TclTests" name="[32] /home/travis/build/icyphy/ptII/ptolemy/actor/lib/test/Test.tcl (RunTclFile)" time="0.155" />
  <testcase classname="ptolemy.util.test.junit.TclTests" name="[33] /home/travis/build/icyphy/ptII/ptolemy/actor/lib/test/TestExceptionHandler.tcl (RunTclFile)" time="0.013" />
  <testcase classname="ptolemy.util.test.junit.TclTests" name="[34] /home/travis/build/icyphy/ptII/ptolemy/actor/lib/test/UnionDisassembler.tcl (RunTclFile)" time="0.078" />
  <testcase classname="ptolemy.util.test.junit.TclTests" name="[35] /home/travis/build/icyphy/ptII/ptolemy/actor/lib/test/VariableClock.tcl (RunTclFile)" time="0.034" />
  <testcase classname="ptolemy.util.test.junit.AutoKnownFailedTests" name="[0] /home/travis/build/icyphy/ptII/ptolemy/actor/lib/test/auto/knownFailedTests/PublisherPortToplevelSubscriber.xml (RunModel)" time="0.028" />
  <testcase classname="ptolemy.util.test.junit.AutoKnownFailedTests" name="[1] /home/travis/build/icyphy/ptII/ptolemy/actor/lib/test/auto/knownFailedTests/PublisherSubscriberPortToplevel.xml (RunModel)" time="0.017" />
  <testcase classname="ptolemy.util.test.junit.AutoKnownFailedTests" name="[2] /home/travis/build/icyphy/ptII/ptolemy/actor/lib/test/auto/knownFailedTests/PublisherSubscriptionAggregatorPort.xml (RunModel)" time="0.021" />
  <testcase classname="ptolemy.util.test.junit.AutoKnownFailedTests" name="[3] /home/travis/build/icyphy/ptII/ptolemy/actor/lib/test/auto/knownFailedTests/sizedarray3.xml (RunModel)" time="0.041" />
  <testcase classname="ptolemy.util.test.junit.AutoNameArchTests" name="[0] ThereAreNoAutoArchTests (RunModel)" time="0.001" />
  <testcase classname="ptolemy.util.test.junit.AutoTests" name="[0] /home/travis/build/icyphy/ptII/ptolemy/actor/lib/test/auto/AbsoluteValue.xml (RunModel)" time="0.097" />
  <testcase classname="ptolemy.util.test.junit.AutoTests" name="[1] /home/travis/build/icyphy/ptII/ptolemy/actor/lib/test/auto/AbsoluteValue2.xml (RunModel)" time="0.069" />
  <testcase classname="ptolemy.util.test.junit.AutoTests" name="[2] /home/travis/build/icyphy/ptII/ptolemy/actor/lib/test/auto/Accumulator.xml (RunModel)" time="0.08" />
  <testcase classname="ptolemy.util.test.junit.AutoTests" name="[3] /home/travis/build/icyphy/ptII/ptolemy/actor/lib/test/auto/Accumulator2.xml (RunModel)" time="0.021" />
  <testcase classname="ptolemy.util.test.junit.AutoTests" name="[4] /home/travis/build/icyphy/ptII/ptolemy/actor/lib/test/auto/Accumulator3.xml (RunModel)" time="0.019" />
  <testcase classname="ptolemy.util.test.junit.AutoTests" name="[5] /home/travis/build/icyphy/ptII/ptolemy/actor/lib/test/auto/ArrayAppend.xml (RunModel)" time="0.029" />
  <testcase classname="ptolemy.util.test.junit.AutoTests" name="[6] /home/travis/build/icyphy/ptII/ptolemy/actor/lib/test/auto/ArrayAppend2.xml (RunModel)" time="0.425" />
  <testcase classname="ptolemy.util.test.junit.AutoTests" name="[7] /home/travis/build/icyphy/ptII/ptolemy/actor/lib/test/auto/ArrayAppend3.xml (RunModel)" time="0.052" />
  <testcase classname="ptolemy.util.test.junit.AutoTests" name="[8] /home/travis/build/icyphy/ptII/ptolemy/actor/lib/test/auto/ArrayAppend4.xml (RunModel)" time="0.017" />
  <testcase classname="ptolemy.util.test.junit.AutoTests" name="[9] /home/travis/build/icyphy/ptII/ptolemy/actor/lib/test/auto/ArrayAppend5.xml (RunModel)" time="0.013" />
  <testcase classname="ptolemy.util.test.junit.AutoTests" name="[10] /home/travis/build/icyphy/ptII/ptolemy/actor/lib/test/auto/ArrayAppend6.xml (RunModel)" time="0.013" />
  <testcase classname="ptolemy.util.test.junit.AutoTests" name="[11] /home/travis/build/icyphy/ptII/ptolemy/actor/lib/test/auto/ArrayAppendPerformanceTest.xml (RunModel)" time="0.068" />
  <testcase classname="ptolemy.util.test.junit.AutoTests" name="[12] /home/travis/build/icyphy/ptII/ptolemy/actor/lib/test/auto/ArrayAppendWithEmptyInput.xml (RunModel)" time="0.056" />
  <testcase classname="ptolemy.util.test.junit.AutoTests" name="[13] /home/travis/build/icyphy/ptII/ptolemy/actor/lib/test/auto/ArrayAverage.xml (RunModel)" time="0.046" />
  <testcase classname="ptolemy.util.test.junit.AutoTests" name="[14] /home/travis/build/icyphy/ptII/ptolemy/actor/lib/test/auto/ArrayContains.xml (RunModel)" time="0.03" />
  <testcase classname="ptolemy.util.test.junit.AutoTests" name="[15] /home/travis/build/icyphy/ptII/ptolemy/actor/lib/test/auto/ArrayElement.xml (RunModel)" time="0.023" />
  <testcase classname="ptolemy.util.test.junit.AutoTests" name="[16] /home/travis/build/icyphy/ptII/ptolemy/actor/lib/test/auto/ArrayElementAsMatrix.xml (RunModel)" time="0.053" />
  <testcase classname="ptolemy.util.test.junit.AutoTests" name="[17] /home/travis/build/icyphy/ptII/ptolemy/actor/lib/test/auto/ArrayElementI.xml (RunModel)" time="0.033" />
  <testcase classname="ptolemy.util.test.junit.AutoTests" name="[18] /home/travis/build/icyphy/ptII/ptolemy/actor/lib/test/auto/ArrayExtract.xml (RunModel)" time="0.023" />
  <testcase classname="ptolemy.util.test.junit.AutoTests" name="[19] /home/travis/build/icyphy/ptII/ptolemy/actor/lib/test/auto/ArrayExtract2.xml (RunModel)" time="0.014" />
  <testcase classname="ptolemy.util.test.junit.AutoTests" name="[20] /home/travis/build/icyphy/ptII/ptolemy/actor/lib/test/auto/ArrayLength.xml (RunModel)" time="0.018" />
  <testcase classname="ptolemy.util.test.junit.AutoTests" name="[21] /home/travis/build/icyphy/ptII/ptolemy/actor/lib/test/auto/ArrayLevelCrossing.xml (RunModel)" time="0.027" />
  <testcase classname="ptolemy.util.test.junit.AutoTests" name="[22] /home/travis/build/icyphy/ptII/ptolemy/actor/lib/test/auto/ArrayLevelCrossing2.xml (RunModel)" time="0.029" />
  <testcase classname="ptolemy.util.test.junit.AutoTests" name="[23] /home/travis/build/icyphy/ptII/ptolemy/actor/lib/test/auto/ArrayPeakSearch.xml (RunModel)" time="0.028" />
  <testcase classname="ptolemy.util.test.junit.AutoTests" name="[24] /home/travis/build/icyphy/ptII/ptolemy/actor/lib/test/auto/ArrayPeakSearch2.xml (RunModel)" time="0.033" />
  <testcase classname="ptolemy.util.test.junit.AutoTests" name="[25] /home/travis/build/icyphy/ptII/ptolemy/actor/lib/test/auto/ArrayPeakSearch3.xml (RunModel)" time="0.033" />
  <testcase classname="ptolemy.util.test.junit.AutoTests" name="[26] /home/travis/build/icyphy/ptII/ptolemy/actor/lib/test/auto/ArrayRemoveElement.xml (RunModel)" time="0.029" />
  <testcase classname="ptolemy.util.test.junit.AutoTests" name="[27] /home/travis/build/icyphy/ptII/ptolemy/actor/lib/test/auto/ArraySort.xml (RunModel)" time="0.029" />
  <testcase classname="ptolemy.util.test.junit.AutoTests" name="[28] /home/travis/build/icyphy/ptII/ptolemy/actor/lib/test/auto/ArraySum.xml (RunModel)" time="0.029" />
  <testcase classname="ptolemy.util.test.junit.AutoTests" name="[29] /home/travis/build/icyphy/ptII/ptolemy/actor/lib/test/auto/ArrayToElements.xml (RunModel)" time="0.021" />
  <testcase classname="ptolemy.util.test.junit.AutoTests" name="[30] /home/travis/build/icyphy/ptII/ptolemy/actor/lib/test/auto/ArrayToMatrix.xml (RunModel)" time="0.045" />
  <testcase classname="ptolemy.util.test.junit.AutoTests" name="[31] /home/travis/build/icyphy/ptII/ptolemy/actor/lib/test/auto/ArrayUpdate1.xml (RunModel)" time="0.013" />
  <testcase classname="ptolemy.util.test.junit.AutoTests" name="[32] /home/travis/build/icyphy/ptII/ptolemy/actor/lib/test/auto/ArrayUpdate2.xml (RunModel)" time="0.02" />
  <testcase classname="ptolemy.util.test.junit.AutoTests" name="[33] /home/travis/build/icyphy/ptII/ptolemy/actor/lib/test/auto/ArrayUpdate3.xml (RunModel)" time="0.014" />
  <testcase classname="ptolemy.util.test.junit.AutoTests" name="[34] /home/travis/build/icyphy/ptII/ptolemy/actor/lib/test/auto/Assert1.xml (RunModel)" time="0.02" />
  <testcase classname="ptolemy.util.test.junit.AutoTests" name="[35] /home/travis/build/icyphy/ptII/ptolemy/actor/lib/test/auto/Assert2.xml (RunModel)" time="0.013" />
  <testcase classname="ptolemy.util.test.junit.AutoTests" name="[36] /home/travis/build/icyphy/ptII/ptolemy/actor/lib/test/auto/BooleanMultiplexor.xml (RunModel)" time="0.024" />
  <testcase classname="ptolemy.util.test.junit.AutoTests" name="[37] /home/travis/build/icyphy/ptII/ptolemy/actor/lib/test/auto/BooleanMultiplexor2.xml (RunModel)" time="0.017" />
  <testcase classname="ptolemy.util.test.junit.AutoTests" name="[38] /home/travis/build/icyphy/ptII/ptolemy/actor/lib/test/auto/BooleanMultiplexor3.xml (RunModel)" time="0.016" />
  <testcase classname="ptolemy.util.test.junit.AutoTests" name="[39] /home/travis/build/icyphy/ptII/ptolemy/actor/lib/test/auto/BooleanSelect.xml (RunModel)" time="0.03" />
  <testcase classname="ptolemy.util.test.junit.AutoTests" name="[40] /home/travis/build/icyphy/ptII/ptolemy/actor/lib/test/auto/BooleanSelect2.xml (RunModel)" time="0.017" />
  <testcase classname="ptolemy.util.test.junit.AutoTests" name="[41] /home/travis/build/icyphy/ptII/ptolemy/actor/lib/test/auto/BooleanSwitch.xml (RunModel)" time="0.025" />
  <testcase classname="ptolemy.util.test.junit.AutoTests" name="[42] /home/travis/build/icyphy/ptII/ptolemy/actor/lib/test/auto/BooleanSwitch2.xml (RunModel)" time="0.016" />
  <testcase classname="ptolemy.util.test.junit.AutoTests" name="[43] /home/travis/build/icyphy/ptII/ptolemy/actor/lib/test/auto/BooleanSwitchCloningBugWithClassRelationGroup.xml (RunModel)" time="0.043" />
  <testcase classname="ptolemy.util.test.junit.AutoTests" name="[44] /home/travis/build/icyphy/ptII/ptolemy/actor/lib/test/auto/BusActors.xml (RunModel)" time="0.041" />
  <testcase classname="ptolemy.util.test.junit.AutoTests" name="[45] /home/travis/build/icyphy/ptII/ptolemy/actor/lib/test/auto/ClassWrapper.xml (RunModel)" time="0.032" />
  <testcase classname="ptolemy.util.test.junit.AutoTests" name="[46] /home/travis/build/icyphy/ptII/ptolemy/actor/lib/test/auto/Clock.xml (RunModel)" time="0.024" />
  <testcase classname="ptolemy.util.test.junit.AutoTests" name="[47] /home/travis/build/icyphy/ptII/ptolemy/actor/lib/test/auto/Clock10.xml (RunModel)" time="0.023" />
  <testcase classname="ptolemy.util.test.junit.AutoTests" name="[48] /home/travis/build/icyphy/ptII/ptolemy/actor/lib/test/auto/Clock11.xml (RunModel)" time="0.02" />
  <testcase classname="ptolemy.util.test.junit.AutoTests" name="[49] /home/travis/build/icyphy/ptII/ptolemy/actor/lib/test/auto/Clock12.xml (RunModel)" time="0.021" />
  <testcase classname="ptolemy.util.test.junit.AutoTests" name="[50] /home/travis/build/icyphy/ptII/ptolemy/actor/lib/test/auto/Clock13.xml (RunModel)" time="0.018" />
  <testcase classname="ptolemy.util.test.junit.AutoTests" name="[51] /home/travis/build/icyphy/ptII/ptolemy/actor/lib/test/auto/Clock14.xml (RunModel)" time="0.017" />
  <testcase classname="ptolemy.util.test.junit.AutoTests" name="[52] /home/travis/build/icyphy/ptII/ptolemy/actor/lib/test/auto/Clock15.xml (RunModel)" time="0.02" />
  <testcase classname="ptolemy.util.test.junit.AutoTests" name="[53] /home/travis/build/icyphy/ptII/ptolemy/actor/lib/test/auto/Clock16.xml (RunModel)" time="0.097" />
  <testcase classname="ptolemy.util.test.junit.AutoTests" name="[54] /home/travis/build/icyphy/ptII/ptolemy/actor/lib/test/auto/Clock17.xml (RunModel)" time="0.082" />
  <testcase classname="ptolemy.util.test.junit.AutoTests" name="[55] /home/travis/build/icyphy/ptII/ptolemy/actor/lib/test/auto/Clock18.xml (RunModel)" time="0.046" />
  <testcase classname="ptolemy.util.test.junit.AutoTests" name="[56] /home/travis/build/icyphy/ptII/ptolemy/actor/lib/test/auto/Clock19.xml (RunModel)" time="0.041" />
  <testcase classname="ptolemy.util.test.junit.AutoTests" name="[57] /home/travis/build/icyphy/ptII/ptolemy/actor/lib/test/auto/Clock2.xml (RunModel)" time="0.015" />
  <testcase classname="ptolemy.util.test.junit.AutoTests" name="[58] /home/travis/build/icyphy/ptII/ptolemy/actor/lib/test/auto/Clock20.xml (RunModel)" time="0.024" />
  <testcase classname="ptolemy.util.test.junit.AutoTests" name="[59] /home/travis/build/icyphy/ptII/ptolemy/actor/lib/test/auto/Clock21.xml (RunModel)" time="0.012" />
  <testcase classname="ptolemy.util.test.junit.AutoTests" name="[60] /home/travis/build/icyphy/ptII/ptolemy/actor/lib/test/auto/Clock22.xml (RunModel)" time="0.014" />
  <testcase classname="ptolemy.util.test.junit.AutoTests" name="[61] /home/travis/build/icyphy/ptII/ptolemy/actor/lib/test/auto/Clock23.xml (RunModel)" time="0.015" />
  <testcase classname="ptolemy.util.test.junit.AutoTests" name="[62] /home/travis/build/icyphy/ptII/ptolemy/actor/lib/test/auto/Clock24.xml (RunModel)" time="0.02" />
  <testcase classname="ptolemy.util.test.junit.AutoTests" name="[63] /home/travis/build/icyphy/ptII/ptolemy/actor/lib/test/auto/Clock4.xml (RunModel)" time="0.012" />
  <testcase classname="ptolemy.util.test.junit.AutoTests" name="[64] /home/travis/build/icyphy/ptII/ptolemy/actor/lib/test/auto/Clock5.xml (RunModel)" time="0.013" />
  <testcase classname="ptolemy.util.test.junit.AutoTests" name="[65] /home/travis/build/icyphy/ptII/ptolemy/actor/lib/test/auto/Clock6.xml (RunModel)" time="0.026" />
  <testcase classname="ptolemy.util.test.junit.AutoTests" name="[66] /home/travis/build/icyphy/ptII/ptolemy/actor/lib/test/auto/Clock7.xml (RunModel)" time="0.009" />
  <testcase classname="ptolemy.util.test.junit.AutoTests" name="[67] /home/travis/build/icyphy/ptII/ptolemy/actor/lib/test/auto/Clock8.xml (RunModel)" time="0.013" />
  <testcase classname="ptolemy.util.test.junit.AutoTests" name="[68] /home/travis/build/icyphy/ptII/ptolemy/actor/lib/test/auto/Clock9.xml (RunModel)" time="0.019" />
  <testcase classname="ptolemy.util.test.junit.AutoTests" name="[69] /home/travis/build/icyphy/ptII/ptolemy/actor/lib/test/auto/CommDistDiscard.xml (RunModel)" time="0.018" />
  <testcase classname="ptolemy.util.test.junit.AutoTests" name="[70] /home/travis/build/icyphy/ptII/ptolemy/actor/lib/test/auto/Commutator.xml (RunModel)" time="0.012" />
  <testcase classname="ptolemy.util.test.junit.AutoTests" name="[71] /home/travis/build/icyphy/ptII/ptolemy/actor/lib/test/auto/Commutator2.xml (RunModel)" time="0.009" />
  <testcase classname="ptolemy.util.test.junit.AutoTests" name="[72] /home/travis/build/icyphy/ptII/ptolemy/actor/lib/test/auto/Commutator3.xml (RunModel)" time="0.01" />
  <testcase classname="ptolemy.util.test.junit.AutoTests" name="[73] /home/travis/build/icyphy/ptII/ptolemy/actor/lib/test/auto/Compare.xml (RunModel)" time="0.017" />
  <testcase classname="ptolemy.util.test.junit.AutoTests" name="[74] /home/travis/build/icyphy/ptII/ptolemy/actor/lib/test/auto/CompareDE.xml (RunModel)" time="0.017" />
  <testcase classname="ptolemy.util.test.junit.AutoTests" name="[75] /home/travis/build/icyphy/ptII/ptolemy/actor/lib/test/auto/ComplexDivide.xml (RunModel)" time="0.009" />
  <testcase classname="ptolemy.util.test.junit.AutoTests" name="[76] /home/travis/build/icyphy/ptII/ptolemy/actor/lib/test/auto/ComputeHistogram.xml (RunModel)" time="0.051" />
  <testcase classname="ptolemy.util.test.junit.AutoTests" name="[77] /home/travis/build/icyphy/ptII/ptolemy/actor/lib/test/auto/ConfigurationSelect.xml (RunModel)" time="0.016" />
  <testcase classname="ptolemy.util.test.junit.AutoTests" name="[78] /home/travis/build/icyphy/ptII/ptolemy/actor/lib/test/auto/ConfigurationSelect2.xml (RunModel)" time="0.015" />
  <testcase classname="ptolemy.util.test.junit.AutoTests" name="[79] /home/travis/build/icyphy/ptII/ptolemy/actor/lib/test/auto/ConfigurationSwitch.xml (RunModel)" time="0.037" />
  <testcase classname="ptolemy.util.test.junit.AutoTests" name="[80] /home/travis/build/icyphy/ptII/ptolemy/actor/lib/test/auto/ConfigurationSwitch2.xml (RunModel)" time="0.024" />
  <testcase classname="ptolemy.util.test.junit.AutoTests" name="[81] /home/travis/build/icyphy/ptII/ptolemy/actor/lib/test/auto/ConfigurationSwitchCloningBugWithClassRelationGroup.xml (RunModel)" time="0.02" />
  <testcase classname="ptolemy.util.test.junit.AutoTests" name="[82] /home/travis/build/icyphy/ptII/ptolemy/actor/lib/test/auto/ConfigurationSwitchSelectSDF.xml (RunModel)" time="0.023" />
  <testcase classname="ptolemy.util.test.junit.AutoTests" name="[83] /home/travis/build/icyphy/ptII/ptolemy/actor/lib/test/auto/ConfigurationSwitchSelectSDF2.xml (RunModel)" time="0.018" />
  <testcase classname="ptolemy.util.test.junit.AutoTests" name="[84] /home/travis/build/icyphy/ptII/ptolemy/actor/lib/test/auto/Const.xml (RunModel)" time="0.009" />
  <testcase classname="ptolemy.util.test.junit.AutoTests" name="[85] /home/travis/build/icyphy/ptII/ptolemy/actor/lib/test/auto/Const2.xml (RunModel)" time="0.012" />
  <testcase classname="ptolemy.util.test.junit.AutoTests" name="[86] /home/travis/build/icyphy/ptII/ptolemy/actor/lib/test/auto/Const3.xml (RunModel)" time="0.007" />
  <testcase classname="ptolemy.util.test.junit.AutoTests" name="[87] /home/travis/build/icyphy/ptII/ptolemy/actor/lib/test/auto/ConstantPublisherPort1.xml (RunModel)" time="0.027" />
  <testcase classname="ptolemy.util.test.junit.AutoTests" name="[88] /home/travis/build/icyphy/ptII/ptolemy/actor/lib/test/auto/ConstantPublisherPort2.xml (RunModel)" time="0.03" />
  <testcase classname="ptolemy.util.test.junit.AutoTests" name="[89] /home/travis/build/icyphy/ptII/ptolemy/actor/lib/test/auto/ConstantPublisherPort3.xml (RunModel)" time="0.022" />
  <testcase classname="ptolemy.util.test.junit.AutoTests" name="[90] /home/travis/build/icyphy/ptII/ptolemy/actor/lib/test/auto/ConstantPublisherPort4.xml (RunModel)" time="0.02" />
  <testcase classname="ptolemy.util.test.junit.AutoTests" name="[91] /home/travis/build/icyphy/ptII/ptolemy/actor/lib/test/auto/ConstantPublisherPort5.xml (RunModel)" time="0.047" />
  <testcase classname="ptolemy.util.test.junit.AutoTests" name="[92] /home/travis/build/icyphy/ptII/ptolemy/actor/lib/test/auto/ConstantPublisherPort6.xml (RunModel)" time="0.036" />
  <testcase classname="ptolemy.util.test.junit.AutoTests" name="[93] /home/travis/build/icyphy/ptII/ptolemy/actor/lib/test/auto/ConstantPublisherPort7.xml (RunModel)" time="0.037" />
  <testcase classname="ptolemy.util.test.junit.AutoTests" name="[94] /home/travis/build/icyphy/ptII/ptolemy/actor/lib/test/auto/ConstraintMonitor1.xml (RunModel)" time="0.037" />
  <testcase classname="ptolemy.util.test.junit.AutoTests" name="[95] /home/travis/build/icyphy/ptII/ptolemy/actor/lib/test/auto/ConstraintMonitor2.xml (RunModel)" time="0.016" />
  <testcase classname="ptolemy.util.test.junit.AutoTests" name="[96] /home/travis/build/icyphy/ptII/ptolemy/actor/lib/test/auto/ConstraintMonitor3.xml (RunModel)" time="0.011" />
  <testcase classname="ptolemy.util.test.junit.AutoTests" name="[97] /home/travis/build/icyphy/ptII/ptolemy/actor/lib/test/auto/ConstraintMonitor4.xml (RunModel)" time="0.015" />
  <testcase classname="ptolemy.util.test.junit.AutoTests" name="[98] /home/travis/build/icyphy/ptII/ptolemy/actor/lib/test/auto/ConstraintMonitor5.xml (RunModel)" time="0.016" />
  <testcase classname="ptolemy.util.test.junit.AutoTests" name="[99] /home/travis/build/icyphy/ptII/ptolemy/actor/lib/test/auto/ConstraintMonitor6.xml (RunModel)" time="0.016" />
  <testcase classname="ptolemy.util.test.junit.AutoTests" name="[100] /home/travis/build/icyphy/ptII/ptolemy/actor/lib/test/auto/ConstraintMonitor7.xml (RunModel)" time="0.02" />
  <testcase classname="ptolemy.util.test.junit.AutoTests" name="[101] /home/travis/build/icyphy/ptII/ptolemy/actor/lib/test/auto/ConstraintMonitor8.xml (RunModel)" time="0.022" />
  <testcase classname="ptolemy.util.test.junit.AutoTests" name="[102] /home/travis/build/icyphy/ptII/ptolemy/actor/lib/test/auto/Counter.xml (RunModel)" time="0.015" />
  <testcase classname="ptolemy.util.test.junit.AutoTests" name="[103] /home/travis/build/icyphy/ptII/ptolemy/actor/lib/test/auto/CurrentTimeSDF.xml (RunModel)" time="0.01" />
  <testcase classname="ptolemy.util.test.junit.AutoTests" name="[104] /home/travis/build/icyphy/ptII/ptolemy/actor/lib/test/auto/DB.xml (RunModel)" time="0.012" />
  <testcase classname="ptolemy.util.test.junit.AutoTests" name="[105] /home/travis/build/icyphy/ptII/ptolemy/actor/lib/test/auto/DBDE.xml (RunModel)" time="0.017" />
  <testcase classname="ptolemy.util.test.junit.AutoTests" name="[106] /home/travis/build/icyphy/ptII/ptolemy/actor/lib/test/auto/DateConstructor.xml (RunModel)" time="0.075" />
  <testcase classname="ptolemy.util.test.junit.AutoTests" name="[107] /home/travis/build/icyphy/ptII/ptolemy/actor/lib/test/auto/DelayTime.xml (RunModel)" time="0.018" />
  <testcase classname="ptolemy.util.test.junit.AutoTests" name="[108] /home/travis/build/icyphy/ptII/ptolemy/actor/lib/test/auto/Dictionary1.xml (RunModel)" time="0.02" />
  <testcase classname="ptolemy.util.test.junit.AutoTests" name="[109] /home/travis/build/icyphy/ptII/ptolemy/actor/lib/test/auto/Dictionary2.xml (RunModel)" time="0.014" />
  <testcase classname="ptolemy.util.test.junit.AutoTests" name="[110] /home/travis/build/icyphy/ptII/ptolemy/actor/lib/test/auto/Dictionary3.xml (RunModel)" time="0.015" />
  <testcase classname="ptolemy.util.test.junit.AutoTests" name="[111] /home/travis/build/icyphy/ptII/ptolemy/actor/lib/test/auto/Dictionary4.xml (RunModel)" time="0.018" />
  <testcase classname="ptolemy.util.test.junit.AutoTests" name="[112] /home/travis/build/icyphy/ptII/ptolemy/actor/lib/test/auto/Differential.xml (RunModel)" time="0.018" />
  <testcase classname="ptolemy.util.test.junit.AutoTests" name="[113] /home/travis/build/icyphy/ptII/ptolemy/actor/lib/test/auto/Director.xml (RunModel)" time="0.015" />
  <testcase classname="ptolemy.util.test.junit.AutoTests" name="[114] /home/travis/build/icyphy/ptII/ptolemy/actor/lib/test/auto/DiscreteClock.xml (RunModel)" time="0.008" />
  <testcase classname="ptolemy.util.test.junit.AutoTests" name="[115] /home/travis/build/icyphy/ptII/ptolemy/actor/lib/test/auto/DiscreteClock10.xml (RunModel)" time="0.015" />
  <testcase classname="ptolemy.util.test.junit.AutoTests" name="[116] /home/travis/build/icyphy/ptII/ptolemy/actor/lib/test/auto/DiscreteClock11.xml (RunModel)" time="0.013" />
  <testcase classname="ptolemy.util.test.junit.AutoTests" name="[117] /home/travis/build/icyphy/ptII/ptolemy/actor/lib/test/auto/DiscreteClock12.xml (RunModel)" time="0.016" />
  <testcase classname="ptolemy.util.test.junit.AutoTests" name="[118] /home/travis/build/icyphy/ptII/ptolemy/actor/lib/test/auto/DiscreteClock13.xml (RunModel)" time="0.014" />
  <testcase classname="ptolemy.util.test.junit.AutoTests" name="[119] /home/travis/build/icyphy/ptII/ptolemy/actor/lib/test/auto/DiscreteClock14.xml (RunModel)" time="0.013" />
  <testcase classname="ptolemy.util.test.junit.AutoTests" name="[120] /home/travis/build/icyphy/ptII/ptolemy/actor/lib/test/auto/DiscreteClock15.xml (RunModel)" time="0.015" />
  <testcase classname="ptolemy.util.test.junit.AutoTests" name="[121] /home/travis/build/icyphy/ptII/ptolemy/actor/lib/test/auto/DiscreteClock16.xml (RunModel)" time="0.044" />
  <testcase classname="ptolemy.util.test.junit.AutoTests" name="[122] /home/travis/build/icyphy/ptII/ptolemy/actor/lib/test/auto/DiscreteClock17.xml (RunModel)" time="0.042" />
  <testcase classname="ptolemy.util.test.junit.AutoTests" name="[123] /home/travis/build/icyphy/ptII/ptolemy/actor/lib/test/auto/DiscreteClock18.xml (RunModel)" time="0.045" />
  <testcase classname="ptolemy.util.test.junit.AutoTests" name="[124] /home/travis/build/icyphy/ptII/ptolemy/actor/lib/test/auto/DiscreteClock19.xml (RunModel)" time="0.047" />
  <testcase classname="ptolemy.util.test.junit.AutoTests" name="[125] /home/travis/build/icyphy/ptII/ptolemy/actor/lib/test/auto/DiscreteClock2.xml (RunModel)" time="0.012" />
  <testcase classname="ptolemy.util.test.junit.AutoTests" name="[126] /home/travis/build/icyphy/ptII/ptolemy/actor/lib/test/auto/DiscreteClock20.xml (RunModel)" time="0.021" />
  <testcase classname="ptolemy.util.test.junit.AutoTests" name="[127] /home/travis/build/icyphy/ptII/ptolemy/actor/lib/test/auto/DiscreteClock21.xml (RunModel)" time="0.021" />
  <testcase classname="ptolemy.util.test.junit.AutoTests" name="[128] /home/travis/build/icyphy/ptII/ptolemy/actor/lib/test/auto/DiscreteClock22.xml (RunModel)" time="0.016" />
  <testcase classname="ptolemy.util.test.junit.AutoTests" name="[129] /home/travis/build/icyphy/ptII/ptolemy/actor/lib/test/auto/DiscreteClock23.xml (RunModel)" time="0.022" />
  <testcase classname="ptolemy.util.test.junit.AutoTests" name="[130] /home/travis/build/icyphy/ptII/ptolemy/actor/lib/test/auto/DiscreteClock24.xml (RunModel)" time="0.014" />
  <testcase classname="ptolemy.util.test.junit.AutoTests" name="[131] /home/travis/build/icyphy/ptII/ptolemy/actor/lib/test/auto/DiscreteClock4.xml (RunModel)" time="0.012" />
  <testcase classname="ptolemy.util.test.junit.AutoTests" name="[132] /home/travis/build/icyphy/ptII/ptolemy/actor/lib/test/auto/DiscreteClock5.xml (RunModel)" time="0.01" />
  <testcase classname="ptolemy.util.test.junit.AutoTests" name="[133] /home/travis/build/icyphy/ptII/ptolemy/actor/lib/test/auto/DiscreteClock6.xml (RunModel)" time="0.009" />
  <testcase classname="ptolemy.util.test.junit.AutoTests" name="[134] /home/travis/build/icyphy/ptII/ptolemy/actor/lib/test/auto/DiscreteClock7.xml (RunModel)" time="0.011" />
  <testcase classname="ptolemy.util.test.junit.AutoTests" name="[135] /home/travis/build/icyphy/ptII/ptolemy/actor/lib/test/auto/DiscreteClock8.xml (RunModel)" time="0.023" />
  <testcase classname="ptolemy.util.test.junit.AutoTests" name="[136] /home/travis/build/icyphy/ptII/ptolemy/actor/lib/test/auto/DiscreteClock9.xml (RunModel)" time="0.013" />
  <testcase classname="ptolemy.util.test.junit.AutoTests" name="[137] /home/travis/build/icyphy/ptII/ptolemy/actor/lib/test/auto/DisplayArray.xml (RunModel)" time="0.011" />
  <testcase classname="ptolemy.util.test.junit.AutoTests" name="[138] /home/travis/build/icyphy/ptII/ptolemy/actor/lib/test/auto/Distributor.xml (RunModel)" time="0.009" />
  <testcase classname="ptolemy.util.test.junit.AutoTests" name="[139] /home/travis/build/icyphy/ptII/ptolemy/actor/lib/test/auto/Distributor2.xml (RunModel)" time="0.009" />
  <testcase classname="ptolemy.util.test.junit.AutoTests" name="[140] /home/travis/build/icyphy/ptII/ptolemy/actor/lib/test/auto/DownSample.xml (RunModel)" time="0.011" />
  <testcase classname="ptolemy.util.test.junit.AutoTests" name="[141] /home/travis/build/icyphy/ptII/ptolemy/actor/lib/test/auto/ElectronicUnitBase1.xml (RunModel)" time="0.061" />
  <testcase classname="ptolemy.util.test.junit.AutoTests" name="[142] /home/travis/build/icyphy/ptII/ptolemy/actor/lib/test/auto/ElementsToArray.xml (RunModel)" time="0.014" />
  <testcase classname="ptolemy.util.test.junit.AutoTests" name="[143] /home/travis/build/icyphy/ptII/ptolemy/actor/lib/test/auto/Equals.xml (RunModel)" time="0.015" />
  <testcase classname="ptolemy.util.test.junit.AutoTests" name="[144] /home/travis/build/icyphy/ptII/ptolemy/actor/lib/test/auto/Exec.xml (RunModel)" time="0.031" />
  <testcase classname="ptolemy.util.test.junit.AutoTests" name="[145] /home/travis/build/icyphy/ptII/ptolemy/actor/lib/test/auto/ExecEnvironment.xml (RunModel)" time="0.044" />
  <testcase classname="ptolemy.util.test.junit.AutoTests" name="[146] /home/travis/build/icyphy/ptII/ptolemy/actor/lib/test/auto/ExecNonZeroReturnOutput.xml (RunModel)" time="0.188" />
  <testcase classname="ptolemy.util.test.junit.AutoTests" name="[147] /home/travis/build/icyphy/ptII/ptolemy/actor/lib/test/auto/ExecRunDemos.xml (RunModel)" time="10.982" />
  <testcase classname="ptolemy.util.test.junit.AutoTests" name="[148] /home/travis/build/icyphy/ptII/ptolemy/actor/lib/test/auto/ExecStop.xml (RunModel)" time="5.032" />
  <testcase classname="ptolemy.util.test.junit.AutoTests" name="[149] /home/travis/build/icyphy/ptII/ptolemy/actor/lib/test/auto/ExecutionTimeSDF.xml (RunModel)" time="6.041">
    <error type="java.lang.reflect.InvocationTargetException">java.lang.reflect.InvocationTargetException
	at jdk.internal.reflect.GeneratedConstructorAccessor36.newInstance(Unknown Source)
	at java.base/jdk.internal.reflect.DelegatingConstructorAccessorImpl.newInstance(DelegatingConstructorAccessorImpl.java:45)
	at java.base/java.lang.reflect.Constructor.newInstance(Constructor.java:490)
	at ptolemy.util.test.junit.AutoTests.RunModel(AutoTests.java:193)
	at jdk.internal.reflect.GeneratedMethodAccessor43.invoke(Unknown Source)
	at java.base/jdk.internal.reflect.DelegatingMethodAccessorImpl.invoke(DelegatingMethodAccessorImpl.java:43)
	at junitparams.internal.InvokeParameterisedMethod.evaluate(InvokeParameterisedMethod.java:102)
Caused by: ptolemy.kernel.util.IllegalActionException: Test fails in iteration 0.
Value was: 6003L. Should have been: 6000L
  in .ExecutionTimeSDF.NonStrictTest
	at ptolemy.actor.lib.NonStrictTest.postfire(NonStrictTest.java:328)
	at ptolemy.actor.AtomicActor.iterate(AtomicActor.java:518)
	at ptolemy.actor.sched.StaticSchedulingDirector.fire(StaticSchedulingDirector.java:216)
	at ptolemy.domains.sdf.kernel.SDFDirector.fire(SDFDirector.java:500)
	at ptolemy.actor.CompositeActor.fire(CompositeActor.java:455)
	at ptolemy.actor.Manager.iterate(Manager.java:851)
	at ptolemy.actor.Manager.execute(Manager.java:369)
	at ptolemy.actor.Manager.run(Manager.java:1263)
	at ptolemy.actor.Manager$PtolemyRunThread.run(Manager.java:1933)
</error>
  </testcase>
  <testcase classname="ptolemy.util.test.junit.AutoTests" name="[150] /home/travis/build/icyphy/ptII/ptolemy/actor/lib/test/auto/Expression1.xml (RunModel)" time="0.012" />
  <testcase classname="ptolemy.util.test.junit.AutoTests" name="[151] /home/travis/build/icyphy/ptII/ptolemy/actor/lib/test/auto/Expression10.xml (RunModel)" time="0.017" />
  <testcase classname="ptolemy.util.test.junit.AutoTests" name="[152] /home/travis/build/icyphy/ptII/ptolemy/actor/lib/test/auto/Expression11.xml (RunModel)" time="0.011" />
  <testcase classname="ptolemy.util.test.junit.AutoTests" name="[153] /home/travis/build/icyphy/ptII/ptolemy/actor/lib/test/auto/Expression12.xml (RunModel)" time="0.014" />
  <testcase classname="ptolemy.util.test.junit.AutoTests" name="[154] /home/travis/build/icyphy/ptII/ptolemy/actor/lib/test/auto/Expression13.xml (RunModel)" time="0.013" />
  <testcase classname="ptolemy.util.test.junit.AutoTests" name="[155] /home/travis/build/icyphy/ptII/ptolemy/actor/lib/test/auto/Expression14.xml (RunModel)" time="0.021" />
  <testcase classname="ptolemy.util.test.junit.AutoTests" name="[156] /home/travis/build/icyphy/ptII/ptolemy/actor/lib/test/auto/Expression15.xml (RunModel)" time="0.007" />
  <testcase classname="ptolemy.util.test.junit.AutoTests" name="[157] /home/travis/build/icyphy/ptII/ptolemy/actor/lib/test/auto/Expression16.xml (RunModel)" time="0.015" />
  <testcase classname="ptolemy.util.test.junit.AutoTests" name="[158] /home/travis/build/icyphy/ptII/ptolemy/actor/lib/test/auto/Expression17.xml (RunModel)" time="0.012" />
  <testcase classname="ptolemy.util.test.junit.AutoTests" name="[159] /home/travis/build/icyphy/ptII/ptolemy/actor/lib/test/auto/Expression18.xml (RunModel)" time="0.012" />
  <testcase classname="ptolemy.util.test.junit.AutoTests" name="[160] /home/travis/build/icyphy/ptII/ptolemy/actor/lib/test/auto/Expression2.xml (RunModel)" time="0.016" />
  <testcase classname="ptolemy.util.test.junit.AutoTests" name="[161] /home/travis/build/icyphy/ptII/ptolemy/actor/lib/test/auto/Expression3.xml (RunModel)" time="0.014" />
  <testcase classname="ptolemy.util.test.junit.AutoTests" name="[162] /home/travis/build/icyphy/ptII/ptolemy/actor/lib/test/auto/Expression4.xml (RunModel)" time="0.018" />
  <testcase classname="ptolemy.util.test.junit.AutoTests" name="[163] /home/travis/build/icyphy/ptII/ptolemy/actor/lib/test/auto/Expression5.xml (RunModel)" time="0.013" />
  <testcase classname="ptolemy.util.test.junit.AutoTests" name="[164] /home/travis/build/icyphy/ptII/ptolemy/actor/lib/test/auto/Expression6.xml (RunModel)" time="0.009" />
  <testcase classname="ptolemy.util.test.junit.AutoTests" name="[165] /home/travis/build/icyphy/ptII/ptolemy/actor/lib/test/auto/Expression7.xml (RunModel)" time="0.013" />
  <testcase classname="ptolemy.util.test.junit.AutoTests" name="[166] /home/travis/build/icyphy/ptII/ptolemy/actor/lib/test/auto/Expression8.xml (RunModel)" time="0.015" />
  <testcase classname="ptolemy.util.test.junit.AutoTests" name="[167] /home/travis/build/icyphy/ptII/ptolemy/actor/lib/test/auto/Expression9.xml (RunModel)" time="0.01" />
  <testcase classname="ptolemy.util.test.junit.AutoTests" name="[168] /home/travis/build/icyphy/ptII/ptolemy/actor/lib/test/auto/ExpressionConcatenateArrayType.xml (RunModel)" time="0.025" />
  <testcase classname="ptolemy.util.test.junit.AutoTests" name="[169] /home/travis/build/icyphy/ptII/ptolemy/actor/lib/test/auto/ExpressionConcatenateArrayType2.xml (RunModel)" time="0.02" />
  <testcase classname="ptolemy.util.test.junit.AutoTests" name="[170] /home/travis/build/icyphy/ptII/ptolemy/actor/lib/test/auto/ExpressionFix.xml (RunModel)" time="0.056" />
  <testcase classname="ptolemy.util.test.junit.AutoTests" name="[171] /home/travis/build/icyphy/ptII/ptolemy/actor/lib/test/auto/ExpressionFix2.xml (RunModel)" time="0.013" />
  <testcase classname="ptolemy.util.test.junit.AutoTests" name="[172] /home/travis/build/icyphy/ptII/ptolemy/actor/lib/test/auto/ExpressionFix3.xml (RunModel)" time="0.015" />
  <testcase classname="ptolemy.util.test.junit.AutoTests" name="[173] /home/travis/build/icyphy/ptII/ptolemy/actor/lib/test/auto/FileWriter1.xml (RunModel)" time="0.015" />
  <testcase classname="ptolemy.util.test.junit.AutoTests" name="[174] /home/travis/build/icyphy/ptII/ptolemy/actor/lib/test/auto/FileWriter2.xml (RunModel)" time="0.014" />
  <testcase classname="ptolemy.util.test.junit.AutoTests" name="[175] /home/travis/build/icyphy/ptII/ptolemy/actor/lib/test/auto/FileWriter3.xml (RunModel)" time="0.01" />
  <testcase classname="ptolemy.util.test.junit.AutoTests" name="[176] /home/travis/build/icyphy/ptII/ptolemy/actor/lib/test/auto/Gaussian.xml (RunModel)" time="0.012" />
  <testcase classname="ptolemy.util.test.junit.AutoTests" name="[177] /home/travis/build/icyphy/ptII/ptolemy/actor/lib/test/auto/Gaussian1.xml (RunModel)" time="0.02" />
  <testcase classname="ptolemy.util.test.junit.AutoTests" name="[178] /home/travis/build/icyphy/ptII/ptolemy/actor/lib/test/auto/Gaussian2.xml (RunModel)" time="0.017" />
  <testcase classname="ptolemy.util.test.junit.AutoTests" name="[179] /home/travis/build/icyphy/ptII/ptolemy/actor/lib/test/auto/GradientAdaptiveLattice.xml (RunModel)" time="0.017" />
  <testcase classname="ptolemy.util.test.junit.AutoTests" name="[180] /home/travis/build/icyphy/ptII/ptolemy/actor/lib/test/auto/IIR.xml (RunModel)" time="0.011" />
  <testcase classname="ptolemy.util.test.junit.AutoTests" name="[181] /home/travis/build/icyphy/ptII/ptolemy/actor/lib/test/auto/InputOutputTransparentPorts.xml (RunModel)" time="0.018" />
  <testcase classname="ptolemy.util.test.junit.AutoTests" name="[182] /home/travis/build/icyphy/ptII/ptolemy/actor/lib/test/auto/Interpolator.xml (RunModel)" time="0.013" />
  <testcase classname="ptolemy.util.test.junit.AutoTests" name="[183] /home/travis/build/icyphy/ptII/ptolemy/actor/lib/test/auto/InterpolatorFiringLimitDE.xml (RunModel)" time="0.013" />
  <testcase classname="ptolemy.util.test.junit.AutoTests" name="[184] /home/travis/build/icyphy/ptII/ptolemy/actor/lib/test/auto/Lattice.xml (RunModel)" time="0.009" />
  <testcase classname="ptolemy.util.test.junit.AutoTests" name="[185] /home/travis/build/icyphy/ptII/ptolemy/actor/lib/test/auto/LazyAOCTestLazy.xml (RunModel)" time="0.023" />
  <testcase classname="ptolemy.util.test.junit.AutoTests" name="[186] /home/travis/build/icyphy/ptII/ptolemy/actor/lib/test/auto/LazyAOCTestNonLazy.xml (RunModel)" time="0.047" />
  <testcase classname="ptolemy.util.test.junit.AutoTests" name="[187] /home/travis/build/icyphy/ptII/ptolemy/actor/lib/test/auto/LazyInnerClass.xml (RunModel)" time="0.046" />
  <testcase classname="ptolemy.util.test.junit.AutoTests" name="[188] /home/travis/build/icyphy/ptII/ptolemy/actor/lib/test/auto/LazyPubSub.xml (RunModel)" time="0.058" />
  <testcase classname="ptolemy.util.test.junit.AutoTests" name="[189] /home/travis/build/icyphy/ptII/ptolemy/actor/lib/test/auto/LazyPubSub2.xml (RunModel)" time="0.043" />
  <testcase classname="ptolemy.util.test.junit.AutoTests" name="[190] /home/travis/build/icyphy/ptII/ptolemy/actor/lib/test/auto/LazyPubSub3.xml (RunModel)" time="0.033" />
  <testcase classname="ptolemy.util.test.junit.AutoTests" name="[191] /home/travis/build/icyphy/ptII/ptolemy/actor/lib/test/auto/LazySubClassModel.xml (RunModel)" time="0.024" />
  <testcase classname="ptolemy.util.test.junit.AutoTests" name="[192] /home/travis/build/icyphy/ptII/ptolemy/actor/lib/test/auto/LevelCrossTest1.xml (RunModel)" time="0.01" />
  <testcase classname="ptolemy.util.test.junit.AutoTests" name="[193] /home/travis/build/icyphy/ptII/ptolemy/actor/lib/test/auto/LevelCrossTest10.xml (RunModel)" time="0.015" />
  <testcase classname="ptolemy.util.test.junit.AutoTests" name="[194] /home/travis/build/icyphy/ptII/ptolemy/actor/lib/test/auto/LevelCrossTest11.xml (RunModel)" time="0.017" />
  <testcase classname="ptolemy.util.test.junit.AutoTests" name="[195] /home/travis/build/icyphy/ptII/ptolemy/actor/lib/test/auto/LevelCrossTest12.xml (RunModel)" time="0.026" />
  <testcase classname="ptolemy.util.test.junit.AutoTests" name="[196] /home/travis/build/icyphy/ptII/ptolemy/actor/lib/test/auto/LevelCrossTest13.xml (RunModel)" time="0.021" />
  <testcase classname="ptolemy.util.test.junit.AutoTests" name="[197] /home/travis/build/icyphy/ptII/ptolemy/actor/lib/test/auto/LevelCrossTest2.xml (RunModel)" time="0.012" />
  <testcase classname="ptolemy.util.test.junit.AutoTests" name="[198] /home/travis/build/icyphy/ptII/ptolemy/actor/lib/test/auto/LevelCrossTest3.xml (RunModel)" time="0.012" />
  <testcase classname="ptolemy.util.test.junit.AutoTests" name="[199] /home/travis/build/icyphy/ptII/ptolemy/actor/lib/test/auto/LevelCrossTest4.xml (RunModel)" time="0.009" />
  <testcase classname="ptolemy.util.test.junit.AutoTests" name="[200] /home/travis/build/icyphy/ptII/ptolemy/actor/lib/test/auto/LevelCrossTest5.xml (RunModel)" time="0.015" />
  <testcase classname="ptolemy.util.test.junit.AutoTests" name="[201] /home/travis/build/icyphy/ptII/ptolemy/actor/lib/test/auto/LevelCrossTest6.xml (RunModel)" time="0.021" />
  <testcase classname="ptolemy.util.test.junit.AutoTests" name="[202] /home/travis/build/icyphy/ptII/ptolemy/actor/lib/test/auto/LevelCrossTest7.xml (RunModel)" time="0.016" />
  <testcase classname="ptolemy.util.test.junit.AutoTests" name="[203] /home/travis/build/icyphy/ptII/ptolemy/actor/lib/test/auto/LevelCrossTest8.xml (RunModel)" time="0.012" />
  <testcase classname="ptolemy.util.test.junit.AutoTests" name="[204] /home/travis/build/icyphy/ptII/ptolemy/actor/lib/test/auto/LevelCrossTest9.xml (RunModel)" time="0.019" />
  <testcase classname="ptolemy.util.test.junit.AutoTests" name="[205] /home/travis/build/icyphy/ptII/ptolemy/actor/lib/test/auto/LevinsonDurbin.xml (RunModel)" time="0.009" />
  <testcase classname="ptolemy.util.test.junit.AutoTests" name="[206] /home/travis/build/icyphy/ptII/ptolemy/actor/lib/test/auto/LevinsonDurbin2.xml (RunModel)" time="0.008" />
  <testcase classname="ptolemy.util.test.junit.AutoTests" name="[207] /home/travis/build/icyphy/ptII/ptolemy/actor/lib/test/auto/LevinsonDurbin3.xml (RunModel)" time="0.01" />
  <testcase classname="ptolemy.util.test.junit.AutoTests" name="[208] /home/travis/build/icyphy/ptII/ptolemy/actor/lib/test/auto/Limiter.xml (RunModel)" time="0.043" />
  <testcase classname="ptolemy.util.test.junit.AutoTests" name="[209] /home/travis/build/icyphy/ptII/ptolemy/actor/lib/test/auto/LinearDifferenceEquationSystem.xml (RunModel)" time="0.024" />
  <testcase classname="ptolemy.util.test.junit.AutoTests" name="[210] /home/travis/build/icyphy/ptII/ptolemy/actor/lib/test/auto/LookupTable.xml (RunModel)" time="0.026" />
  <testcase classname="ptolemy.util.test.junit.AutoTests" name="[211] /home/travis/build/icyphy/ptII/ptolemy/actor/lib/test/auto/MathFunction.xml (RunModel)" time="0.019" />
  <testcase classname="ptolemy.util.test.junit.AutoTests" name="[212] /home/travis/build/icyphy/ptII/ptolemy/actor/lib/test/auto/MathFunction2.xml (RunModel)" time="0.01" />
  <testcase classname="ptolemy.util.test.junit.AutoTests" name="[213] /home/travis/build/icyphy/ptII/ptolemy/actor/lib/test/auto/MathFunction3.xml (RunModel)" time="0.018" />
  <testcase classname="ptolemy.util.test.junit.AutoTests" name="[214] /home/travis/build/icyphy/ptII/ptolemy/actor/lib/test/auto/MatrixCropBoolean.xml (RunModel)" time="0.013" />
  <testcase classname="ptolemy.util.test.junit.AutoTests" name="[215] /home/travis/build/icyphy/ptII/ptolemy/actor/lib/test/auto/MatrixCropComplex.xml (RunModel)" time="0.013" />
  <testcase classname="ptolemy.util.test.junit.AutoTests" name="[216] /home/travis/build/icyphy/ptII/ptolemy/actor/lib/test/auto/MatrixCropDouble.xml (RunModel)" time="0.012" />
  <testcase classname="ptolemy.util.test.junit.AutoTests" name="[217] /home/travis/build/icyphy/ptII/ptolemy/actor/lib/test/auto/MatrixCropFix.xml (RunModel)" time="0.016" />
  <testcase classname="ptolemy.util.test.junit.AutoTests" name="[218] /home/travis/build/icyphy/ptII/ptolemy/actor/lib/test/auto/MatrixCropInt.xml (RunModel)" time="0.01" />
  <testcase classname="ptolemy.util.test.junit.AutoTests" name="[219] /home/travis/build/icyphy/ptII/ptolemy/actor/lib/test/auto/MatrixCropLong.xml (RunModel)" time="0.01" />
  <testcase classname="ptolemy.util.test.junit.AutoTests" name="[220] /home/travis/build/icyphy/ptII/ptolemy/actor/lib/test/auto/MatrixToArray.xml (RunModel)" time="0.054" />
  <testcase classname="ptolemy.util.test.junit.AutoTests" name="[221] /home/travis/build/icyphy/ptII/ptolemy/actor/lib/test/auto/MaxIndex.xml (RunModel)" time="0.014" />
  <testcase classname="ptolemy.util.test.junit.AutoTests" name="[222] /home/travis/build/icyphy/ptII/ptolemy/actor/lib/test/auto/Maximum.xml (RunModel)" time="0.019" />
  <testcase classname="ptolemy.util.test.junit.AutoTests" name="[223] /home/travis/build/icyphy/ptII/ptolemy/actor/lib/test/auto/MaximumComplex.xml (RunModel)" time="0.015" />
  <testcase classname="ptolemy.util.test.junit.AutoTests" name="[224] /home/travis/build/icyphy/ptII/ptolemy/actor/lib/test/auto/MethodCallTest.xml (RunModel)" time="0.022" />
  <testcase classname="ptolemy.util.test.junit.AutoTests" name="[225] /home/travis/build/icyphy/ptII/ptolemy/actor/lib/test/auto/Minimum.xml (RunModel)" time="0.016" />
  <testcase classname="ptolemy.util.test.junit.AutoTests" name="[226] /home/travis/build/icyphy/ptII/ptolemy/actor/lib/test/auto/MinimumComplex.xml (RunModel)" time="0.027" />
  <testcase classname="ptolemy.util.test.junit.AutoTests" name="[227] /home/travis/build/icyphy/ptII/ptolemy/actor/lib/test/auto/MinimumMultiports.xml (RunModel)" time="0.017" />
  <testcase classname="ptolemy.util.test.junit.AutoTests" name="[228] /home/travis/build/icyphy/ptII/ptolemy/actor/lib/test/auto/ModifyDate.xml (RunModel)" time="0.041" />
  <testcase classname="ptolemy.util.test.junit.AutoTests" name="[229] /home/travis/build/icyphy/ptII/ptolemy/actor/lib/test/auto/ModifyDate2.xml (RunModel)" time="0.029" />
  <testcase classname="ptolemy.util.test.junit.AutoTests" name="[230] /home/travis/build/icyphy/ptII/ptolemy/actor/lib/test/auto/MovingAverage.xml (RunModel)" time="0.02" />
  <testcase classname="ptolemy.util.test.junit.AutoTests" name="[231] /home/travis/build/icyphy/ptII/ptolemy/actor/lib/test/auto/MovingMaximum.xml (RunModel)" time="0.012" />
  <testcase classname="ptolemy.util.test.junit.AutoTests" name="[232] /home/travis/build/icyphy/ptII/ptolemy/actor/lib/test/auto/MultipleLinksToSameRelation.xml (RunModel)" time="0.01" />
  <testcase classname="ptolemy.util.test.junit.AutoTests" name="[233] /home/travis/build/icyphy/ptII/ptolemy/actor/lib/test/auto/MultipleLinksToSameRelationDE.xml (RunModel)" time="0.008" />
  <testcase classname="ptolemy.util.test.junit.AutoTests" name="[234] /home/travis/build/icyphy/ptII/ptolemy/actor/lib/test/auto/Multiplexor.xml (RunModel)" time="0.012" />
  <testcase classname="ptolemy.util.test.junit.AutoTests" name="[235] /home/travis/build/icyphy/ptII/ptolemy/actor/lib/test/auto/Multiplexor1.xml (RunModel)" time="0.012" />
  <testcase classname="ptolemy.util.test.junit.AutoTests" name="[236] /home/travis/build/icyphy/ptII/ptolemy/actor/lib/test/auto/Multiplexor2.xml (RunModel)" time="0.012" />
  <testcase classname="ptolemy.util.test.junit.AutoTests" name="[237] /home/travis/build/icyphy/ptII/ptolemy/actor/lib/test/auto/Multiplexor3.xml (RunModel)" time="0.009" />
  <testcase classname="ptolemy.util.test.junit.AutoTests" name="[238] /home/travis/build/icyphy/ptII/ptolemy/actor/lib/test/auto/MultiplexorDE.xml (RunModel)" time="0.017" />
  <testcase classname="ptolemy.util.test.junit.AutoTests" name="[239] /home/travis/build/icyphy/ptII/ptolemy/actor/lib/test/auto/MultiportBroadcastTest.xml (RunModel)" time="0.108" />
  <testcase classname="ptolemy.util.test.junit.AutoTests" name="[240] /home/travis/build/icyphy/ptII/ptolemy/actor/lib/test/auto/MultiportOutHangDuringGetWidth.xml (RunModel)" time="0.036" />
  <testcase classname="ptolemy.util.test.junit.AutoTests" name="[241] /home/travis/build/icyphy/ptII/ptolemy/actor/lib/test/auto/NilToken.xml (RunModel)" time="0.008" />
  <testcase classname="ptolemy.util.test.junit.AutoTests" name="[242] /home/travis/build/icyphy/ptII/ptolemy/actor/lib/test/auto/NilTokenNonStrictTest.xml (RunModel)" time="0.011" />
  <testcase classname="ptolemy.util.test.junit.AutoTests" name="[243] /home/travis/build/icyphy/ptII/ptolemy/actor/lib/test/auto/NilTokenRecord.xml (RunModel)" time="0.022" />
  <testcase classname="ptolemy.util.test.junit.AutoTests" name="[244] /home/travis/build/icyphy/ptII/ptolemy/actor/lib/test/auto/NilTokenTypeTest.xml (RunModel)" time="0.033" />
  <testcase classname="ptolemy.util.test.junit.AutoTests" name="[245] /home/travis/build/icyphy/ptII/ptolemy/actor/lib/test/auto/ObjectToken1.xml (RunModel)" time="0.012" />
  <testcase classname="ptolemy.util.test.junit.AutoTests" name="[246] /home/travis/build/icyphy/ptII/ptolemy/actor/lib/test/auto/OrderedMerge.xml (RunModel)" time="0.018" />
  <testcase classname="ptolemy.util.test.junit.AutoTests" name="[247] /home/travis/build/icyphy/ptII/ptolemy/actor/lib/test/auto/OrderedRecordDisassembler.xml (RunModel)" time="0.017" />
  <testcase classname="ptolemy.util.test.junit.AutoTests" name="[248] /home/travis/build/icyphy/ptII/ptolemy/actor/lib/test/auto/OrderedRecordDisassembler2.xml (RunModel)" time="0.021" />
  <testcase classname="ptolemy.util.test.junit.AutoTests" name="[249] /home/travis/build/icyphy/ptII/ptolemy/actor/lib/test/auto/OrderedRecordUpdater.xml (RunModel)" time="0.021" />
  <testcase classname="ptolemy.util.test.junit.AutoTests" name="[250] /home/travis/build/icyphy/ptII/ptolemy/actor/lib/test/auto/OrderedRecordUpdater2.xml (RunModel)" time="0.019" />
  <testcase classname="ptolemy.util.test.junit.AutoTests" name="[251] /home/travis/build/icyphy/ptII/ptolemy/actor/lib/test/auto/PhaseUnwrap.xml (RunModel)" time="0.012" />
  <testcase classname="ptolemy.util.test.junit.AutoTests" name="[252] /home/travis/build/icyphy/ptII/ptolemy/actor/lib/test/auto/PoissonClock.xml (RunModel)" time="0.01" />
  <testcase classname="ptolemy.util.test.junit.AutoTests" name="[253] /home/travis/build/icyphy/ptII/ptolemy/actor/lib/test/auto/PoissonClock2.xml (RunModel)" time="0.008" />
  <testcase classname="ptolemy.util.test.junit.AutoTests" name="[254] /home/travis/build/icyphy/ptII/ptolemy/actor/lib/test/auto/PoissonClock3.xml (RunModel)" time="0.023" />
  <testcase classname="ptolemy.util.test.junit.AutoTests" name="[255] /home/travis/build/icyphy/ptII/ptolemy/actor/lib/test/auto/PubSubWithInitialTokens.xml (RunModel)" time="0.013" />
  <testcase classname="ptolemy.util.test.junit.AutoTests" name="[256] /home/travis/build/icyphy/ptII/ptolemy/actor/lib/test/auto/PubSubWithInitialTokens2.xml (RunModel)" time="0.016" />
  <testcase classname="ptolemy.util.test.junit.AutoTests" name="[257] /home/travis/build/icyphy/ptII/ptolemy/actor/lib/test/auto/PublisherClassNoParameter.xml (RunModel)" time="0.025" />
  <testcase classname="ptolemy.util.test.junit.AutoTests" name="[258] /home/travis/build/icyphy/ptII/ptolemy/actor/lib/test/auto/PublisherClassParameter.xml (RunModel)" time="0.023" />
  <testcase classname="ptolemy.util.test.junit.AutoTests" name="[259] /home/travis/build/icyphy/ptII/ptolemy/actor/lib/test/auto/PublisherNonStrictTest.xml (RunModel)" time="0.015" />
  <testcase classname="ptolemy.util.test.junit.AutoTests" name="[260] /home/travis/build/icyphy/ptII/ptolemy/actor/lib/test/auto/PublisherPort1.xml (RunModel)" time="0.011" />
  <testcase classname="ptolemy.util.test.junit.AutoTests" name="[261] /home/travis/build/icyphy/ptII/ptolemy/actor/lib/test/auto/PublisherPort2.xml (RunModel)" time="0.009" />
  <testcase classname="ptolemy.util.test.junit.AutoTests" name="[262] /home/travis/build/icyphy/ptII/ptolemy/actor/lib/test/auto/PublisherPort3.xml (RunModel)" time="0.02" />
  <testcase classname="ptolemy.util.test.junit.AutoTests" name="[263] /home/travis/build/icyphy/ptII/ptolemy/actor/lib/test/auto/PublisherPort4.xml (RunModel)" time="0.016" />
  <testcase classname="ptolemy.util.test.junit.AutoTests" name="[264] /home/travis/build/icyphy/ptII/ptolemy/actor/lib/test/auto/PublisherPort5.xml (RunModel)" time="0.019" />
  <testcase classname="ptolemy.util.test.junit.AutoTests" name="[265] /home/travis/build/icyphy/ptII/ptolemy/actor/lib/test/auto/PublisherPort5LookAlike.xml (RunModel)" time="0.023" />
  <testcase classname="ptolemy.util.test.junit.AutoTests" name="[266] /home/travis/build/icyphy/ptII/ptolemy/actor/lib/test/auto/PublisherPort6.xml (RunModel)" time="0.012" />
  <testcase classname="ptolemy.util.test.junit.AutoTests" name="[267] /home/travis/build/icyphy/ptII/ptolemy/actor/lib/test/auto/PublisherPort7.xml (RunModel)" time="0.015" />
  <testcase classname="ptolemy.util.test.junit.AutoTests" name="[268] /home/travis/build/icyphy/ptII/ptolemy/actor/lib/test/auto/PublisherPort8.xml (RunModel)" time="0.023" />
  <testcase classname="ptolemy.util.test.junit.AutoTests" name="[269] /home/travis/build/icyphy/ptII/ptolemy/actor/lib/test/auto/PublisherPortSubscriberChannelVariablesAOC2.xml (RunModel)" time="0.035" />
  <testcase classname="ptolemy.util.test.junit.AutoTests" name="[270] /home/travis/build/icyphy/ptII/ptolemy/actor/lib/test/auto/PublisherPortSubscriberOpaqueWidthInference.xml (RunModel)" time="0.014" />
  <testcase classname="ptolemy.util.test.junit.AutoTests" name="[271] /home/travis/build/icyphy/ptII/ptolemy/actor/lib/test/auto/PublisherPortSubscriberPortAdjacent.xml (RunModel)" time="0.024" />
  <testcase classname="ptolemy.util.test.junit.AutoTests" name="[272] /home/travis/build/icyphy/ptII/ptolemy/actor/lib/test/auto/PublisherPortSubscriberPortExpression.xml (RunModel)" time="0.022" />
  <testcase classname="ptolemy.util.test.junit.AutoTests" name="[273] /home/travis/build/icyphy/ptII/ptolemy/actor/lib/test/auto/PublisherPortSubscriberPortOpaqueD3Reverse.xml (RunModel)" time="0.019" />
  <testcase classname="ptolemy.util.test.junit.AutoTests" name="[274] /home/travis/build/icyphy/ptII/ptolemy/actor/lib/test/auto/PublisherPortSubscriberPortOpaqueWidthInference.xml (RunModel)" time="0.015" />
  <testcase classname="ptolemy.util.test.junit.AutoTests" name="[275] /home/travis/build/icyphy/ptII/ptolemy/actor/lib/test/auto/PublisherPortToplevelSubscriberPortAOC.xml (RunModel)" time="0.01" />
  <testcase classname="ptolemy.util.test.junit.AutoTests" name="[276] /home/travis/build/icyphy/ptII/ptolemy/actor/lib/test/auto/PublisherSubscriber.xml (RunModel)" time="0.013" />
  <testcase classname="ptolemy.util.test.junit.AutoTests" name="[277] /home/travis/build/icyphy/ptII/ptolemy/actor/lib/test/auto/PublisherSubscriber10.xml (RunModel)" time="0.023" />
  <testcase classname="ptolemy.util.test.junit.AutoTests" name="[278] /home/travis/build/icyphy/ptII/ptolemy/actor/lib/test/auto/PublisherSubscriber10InitialOutputs.xml (RunModel)" time="0.029" />
  <testcase classname="ptolemy.util.test.junit.AutoTests" name="[279] /home/travis/build/icyphy/ptII/ptolemy/actor/lib/test/auto/PublisherSubscriber11.xml (RunModel)" time="0.013" />
  <testcase classname="ptolemy.util.test.junit.AutoTests" name="[280] /home/travis/build/icyphy/ptII/ptolemy/actor/lib/test/auto/PublisherSubscriber12.xml (RunModel)" time="0.014" />
  <testcase classname="ptolemy.util.test.junit.AutoTests" name="[281] /home/travis/build/icyphy/ptII/ptolemy/actor/lib/test/auto/PublisherSubscriber13.xml (RunModel)" time="0.018" />
  <testcase classname="ptolemy.util.test.junit.AutoTests" name="[282] /home/travis/build/icyphy/ptII/ptolemy/actor/lib/test/auto/PublisherSubscriber14.xml (RunModel)" time="0.022" />
  <testcase classname="ptolemy.util.test.junit.AutoTests" name="[283] /home/travis/build/icyphy/ptII/ptolemy/actor/lib/test/auto/PublisherSubscriber2.xml (RunModel)" time="0.021" />
  <testcase classname="ptolemy.util.test.junit.AutoTests" name="[284] /home/travis/build/icyphy/ptII/ptolemy/actor/lib/test/auto/PublisherSubscriber3.xml (RunModel)" time="0.01" />
  <testcase classname="ptolemy.util.test.junit.AutoTests" name="[285] /home/travis/build/icyphy/ptII/ptolemy/actor/lib/test/auto/PublisherSubscriber4.xml (RunModel)" time="0.009" />
  <testcase classname="ptolemy.util.test.junit.AutoTests" name="[286] /home/travis/build/icyphy/ptII/ptolemy/actor/lib/test/auto/PublisherSubscriber5.xml (RunModel)" time="0.011" />
  <testcase classname="ptolemy.util.test.junit.AutoTests" name="[287] /home/travis/build/icyphy/ptII/ptolemy/actor/lib/test/auto/PublisherSubscriber6.xml (RunModel)" time="0.016" />
  <testcase classname="ptolemy.util.test.junit.AutoTests" name="[288] /home/travis/build/icyphy/ptII/ptolemy/actor/lib/test/auto/PublisherSubscriber7.xml (RunModel)" time="0.018" />
  <testcase classname="ptolemy.util.test.junit.AutoTests" name="[289] /home/travis/build/icyphy/ptII/ptolemy/actor/lib/test/auto/PublisherSubscriber8.xml (RunModel)" time="0.032" />
  <testcase classname="ptolemy.util.test.junit.AutoTests" name="[290] /home/travis/build/icyphy/ptII/ptolemy/actor/lib/test/auto/PublisherSubscriber9.xml (RunModel)" time="0.015" />
  <testcase classname="ptolemy.util.test.junit.AutoTests" name="[291] /home/travis/build/icyphy/ptII/ptolemy/actor/lib/test/auto/PublisherSubscriberAdjacent.xml (RunModel)" time="0.015" />
  <testcase classname="ptolemy.util.test.junit.AutoTests" name="[292] /home/travis/build/icyphy/ptII/ptolemy/actor/lib/test/auto/PublisherSubscriberChannelVariablesAOC2.xml (RunModel)" time="0.028" />
  <testcase classname="ptolemy.util.test.junit.AutoTests" name="[293] /home/travis/build/icyphy/ptII/ptolemy/actor/lib/test/auto/PublisherSubscriberD3.xml (RunModel)" time="0.012" />
  <testcase classname="ptolemy.util.test.junit.AutoTests" name="[294] /home/travis/build/icyphy/ptII/ptolemy/actor/lib/test/auto/PublisherSubscriberD3Reverse.xml (RunModel)" time="0.012" />
  <testcase classname="ptolemy.util.test.junit.AutoTests" name="[295] /home/travis/build/icyphy/ptII/ptolemy/actor/lib/test/auto/PublisherSubscriberExpression.xml (RunModel)" time="0.018" />
  <testcase classname="ptolemy.util.test.junit.AutoTests" name="[296] /home/travis/build/icyphy/ptII/ptolemy/actor/lib/test/auto/PublisherSubscriberOpaque.xml (RunModel)" time="0.04" />
  <testcase classname="ptolemy.util.test.junit.AutoTests" name="[297] /home/travis/build/icyphy/ptII/ptolemy/actor/lib/test/auto/PublisherSubscriberOpaqueD3.xml (RunModel)" time="0.025" />
  <testcase classname="ptolemy.util.test.junit.AutoTests" name="[298] /home/travis/build/icyphy/ptII/ptolemy/actor/lib/test/auto/PublisherSubscriberOpaqueD3Reverse.xml (RunModel)" time="0.021" />
  <testcase classname="ptolemy.util.test.junit.AutoTests" name="[299] /home/travis/build/icyphy/ptII/ptolemy/actor/lib/test/auto/PublisherSubscriberOpaqueWidthInference.xml (RunModel)" time="0.016" />
  <testcase classname="ptolemy.util.test.junit.AutoTests" name="[300] /home/travis/build/icyphy/ptII/ptolemy/actor/lib/test/auto/PublisherTestSubscriber.xml (RunModel)" time="0.014" />
  <testcase classname="ptolemy.util.test.junit.AutoTests" name="[301] /home/travis/build/icyphy/ptII/ptolemy/actor/lib/test/auto/PublisherToplevelSubscriberPortAOC.xml (RunModel)" time="0.016" />
  <testcase classname="ptolemy.util.test.junit.AutoTests" name="[302] /home/travis/build/icyphy/ptII/ptolemy/actor/lib/test/auto/PulseFiringLimitDE.xml (RunModel)" time="0.018" />
  <testcase classname="ptolemy.util.test.junit.AutoTests" name="[303] /home/travis/build/icyphy/ptII/ptolemy/actor/lib/test/auto/Ramp1.xml (RunModel)" time="0.007" />
  <testcase classname="ptolemy.util.test.junit.AutoTests" name="[304] /home/travis/build/icyphy/ptII/ptolemy/actor/lib/test/auto/RampFiringLimitDE.xml (RunModel)" time="0.012" />
  <testcase classname="ptolemy.util.test.junit.AutoTests" name="[305] /home/travis/build/icyphy/ptII/ptolemy/actor/lib/test/auto/RampFiringLimitSDF.xml (RunModel)" time="0.01" />
  <testcase classname="ptolemy.util.test.junit.AutoTests" name="[306] /home/travis/build/icyphy/ptII/ptolemy/actor/lib/test/auto/RandomInteger.xml (RunModel)" time="0.008" />
  <testcase classname="ptolemy.util.test.junit.AutoTests" name="[307] /home/travis/build/icyphy/ptII/ptolemy/actor/lib/test/auto/ReadFile1.xml (RunModel)" time="0.008" />
  <testcase classname="ptolemy.util.test.junit.AutoTests" name="[308] /home/travis/build/icyphy/ptII/ptolemy/actor/lib/test/auto/ReadFile2.xml (RunModel)" time="0.009" />
  <testcase classname="ptolemy.util.test.junit.AutoTests" name="[309] /home/travis/build/icyphy/ptII/ptolemy/actor/lib/test/auto/Reader.xml (RunModel)" time="0.011" />
  <testcase classname="ptolemy.util.test.junit.AutoTests" name="[310] /home/travis/build/icyphy/ptII/ptolemy/actor/lib/test/auto/RecordAssemblerDisplayNameTest.xml (RunModel)" time="3.15" />
  <testcase classname="ptolemy.util.test.junit.AutoTests" name="[311] /home/travis/build/icyphy/ptII/ptolemy/actor/lib/test/auto/RecordAssemblerTypeError.xml (RunModel)" time="0.029" />
  <testcase classname="ptolemy.util.test.junit.AutoTests" name="[312] /home/travis/build/icyphy/ptII/ptolemy/actor/lib/test/auto/RecordDisassember.xml (RunModel)" time="0.016" />
  <testcase classname="ptolemy.util.test.junit.AutoTests" name="[313] /home/travis/build/icyphy/ptII/ptolemy/actor/lib/test/auto/RecordDisassemberDisplayNameTest.xml (RunModel)" time="0.02" />
  <testcase classname="ptolemy.util.test.junit.AutoTests" name="[314] /home/travis/build/icyphy/ptII/ptolemy/actor/lib/test/auto/RecordDisassembler.xml (RunModel)" time="0.01" />
  <testcase classname="ptolemy.util.test.junit.AutoTests" name="[315] /home/travis/build/icyphy/ptII/ptolemy/actor/lib/test/auto/RecordDisassembler2.xml (RunModel)" time="0.01" />
  <testcase classname="ptolemy.util.test.junit.AutoTests" name="[316] /home/travis/build/icyphy/ptII/ptolemy/actor/lib/test/auto/RecordUpdater.xml (RunModel)" time="0.01" />
  <testcase classname="ptolemy.util.test.junit.AutoTests" name="[317] /home/travis/build/icyphy/ptII/ptolemy/actor/lib/test/auto/RecordUpdater2.xml (RunModel)" time="0.008" />
  <testcase classname="ptolemy.util.test.junit.AutoTests" name="[318] /home/travis/build/icyphy/ptII/ptolemy/actor/lib/test/auto/RecursiveLattice.xml (RunModel)" time="0.007" />
  <testcase classname="ptolemy.util.test.junit.AutoTests" name="[319] /home/travis/build/icyphy/ptII/ptolemy/actor/lib/test/auto/Router.xml (RunModel)" time="3.025" />
  <testcase classname="ptolemy.util.test.junit.AutoTests" name="[320] /home/travis/build/icyphy/ptII/ptolemy/actor/lib/test/auto/Router2.xml (RunModel)" time="3.025" />
  <testcase classname="ptolemy.util.test.junit.AutoTests" name="[321] /home/travis/build/icyphy/ptII/ptolemy/actor/lib/test/auto/RunningMaximum.xml (RunModel)" time="0.017" />
  <testcase classname="ptolemy.util.test.junit.AutoTests" name="[322] /home/travis/build/icyphy/ptII/ptolemy/actor/lib/test/auto/RunningMinimum.xml (RunModel)" time="0.013" />
  <testcase classname="ptolemy.util.test.junit.AutoTests" name="[323] /home/travis/build/icyphy/ptII/ptolemy/actor/lib/test/auto/Scale.xml (RunModel)" time="0.036" />
  <testcase classname="ptolemy.util.test.junit.AutoTests" name="[324] /home/travis/build/icyphy/ptII/ptolemy/actor/lib/test/auto/Scale2.xml (RunModel)" time="0.01" />
  <testcase classname="ptolemy.util.test.junit.AutoTests" name="[325] /home/travis/build/icyphy/ptII/ptolemy/actor/lib/test/auto/Scale3.xml (RunModel)" time="0.019" />
  <testcase classname="ptolemy.util.test.junit.AutoTests" name="[326] /home/travis/build/icyphy/ptII/ptolemy/actor/lib/test/auto/ScaleArray.xml (RunModel)" time="0.015" />
  <testcase classname="ptolemy.util.test.junit.AutoTests" name="[327] /home/travis/build/icyphy/ptII/ptolemy/actor/lib/test/auto/ScaleArray2.xml (RunModel)" time="0.007" />
  <testcase classname="ptolemy.util.test.junit.AutoTests" name="[328] /home/travis/build/icyphy/ptII/ptolemy/actor/lib/test/auto/ScaleMatrix.xml (RunModel)" time="0.156" />
  <testcase classname="ptolemy.util.test.junit.AutoTests" name="[329] /home/travis/build/icyphy/ptII/ptolemy/actor/lib/test/auto/Select.xml (RunModel)" time="0.014" />
  <testcase classname="ptolemy.util.test.junit.AutoTests" name="[330] /home/travis/build/icyphy/ptII/ptolemy/actor/lib/test/auto/Select2.xml (RunModel)" time="0.008" />
  <testcase classname="ptolemy.util.test.junit.AutoTests" name="[331] /home/travis/build/icyphy/ptII/ptolemy/actor/lib/test/auto/SequenceToArray2.xml (RunModel)" time="0.136" />
  <testcase classname="ptolemy.util.test.junit.AutoTests" name="[332] /home/travis/build/icyphy/ptII/ptolemy/actor/lib/test/auto/SequentialClock.xml (RunModel)" time="0.016" />
  <testcase classname="ptolemy.util.test.junit.AutoTests" name="[333] /home/travis/build/icyphy/ptII/ptolemy/actor/lib/test/auto/SetVariable.xml (RunModel)" time="0.009" />
  <testcase classname="ptolemy.util.test.junit.AutoTests" name="[334] /home/travis/build/icyphy/ptII/ptolemy/actor/lib/test/auto/SetVariable2.xml (RunModel)" time="0.011" />
  <testcase classname="ptolemy.util.test.junit.AutoTests" name="[335] /home/travis/build/icyphy/ptII/ptolemy/actor/lib/test/auto/SetVariable3.xml (RunModel)" time="0.015" />
  <testcase classname="ptolemy.util.test.junit.AutoTests" name="[336] /home/travis/build/icyphy/ptII/ptolemy/actor/lib/test/auto/SetVariable4.xml (RunModel)" time="0.021" />
  <testcase classname="ptolemy.util.test.junit.AutoTests" name="[337] /home/travis/build/icyphy/ptII/ptolemy/actor/lib/test/auto/SetVariable5.xml (RunModel)" time="0.034" />
  <testcase classname="ptolemy.util.test.junit.AutoTests" name="[338] /home/travis/build/icyphy/ptII/ptolemy/actor/lib/test/auto/Sinewave.xml (RunModel)" time="0.025" />
  <testcase classname="ptolemy.util.test.junit.AutoTests" name="[339] /home/travis/build/icyphy/ptII/ptolemy/actor/lib/test/auto/Sinewave2.xml (RunModel)" time="0.018" />
  <testcase classname="ptolemy.util.test.junit.AutoTests" name="[340] /home/travis/build/icyphy/ptII/ptolemy/actor/lib/test/auto/Sinewave3.xml (RunModel)" time="0.02" />
  <testcase classname="ptolemy.util.test.junit.AutoTests" name="[341] /home/travis/build/icyphy/ptII/ptolemy/actor/lib/test/auto/SingleEvent.xml (RunModel)" time="0.006" />
  <testcase classname="ptolemy.util.test.junit.AutoTests" name="[342] /home/travis/build/icyphy/ptII/ptolemy/actor/lib/test/auto/Sleep.xml (RunModel)" time="6.015" />
  <testcase classname="ptolemy.util.test.junit.AutoTests" name="[343] /home/travis/build/icyphy/ptII/ptolemy/actor/lib/test/auto/SleepMultipleFire.xml (RunModel)" time="1.016" />
  <testcase classname="ptolemy.util.test.junit.AutoTests" name="[344] /home/travis/build/icyphy/ptII/ptolemy/actor/lib/test/auto/StopDE.xml (RunModel)" time="0.014" />
  <testcase classname="ptolemy.util.test.junit.AutoTests" name="[345] /home/travis/build/icyphy/ptII/ptolemy/actor/lib/test/auto/StopSDF.xml (RunModel)" time="0.01" />
  <testcase classname="ptolemy.util.test.junit.AutoTests" name="[346] /home/travis/build/icyphy/ptII/ptolemy/actor/lib/test/auto/StringConstant.xml (RunModel)" time="0.016" />
  <testcase classname="ptolemy.util.test.junit.AutoTests" name="[347] /home/travis/build/icyphy/ptII/ptolemy/actor/lib/test/auto/SubscriberPortInitialValues1.xml (RunModel)" time="0.024" />
  <testcase classname="ptolemy.util.test.junit.AutoTests" name="[348] /home/travis/build/icyphy/ptII/ptolemy/actor/lib/test/auto/SubscriberPortInitialValues13.xml (RunModel)" time="0.026" />
  <testcase classname="ptolemy.util.test.junit.AutoTests" name="[349] /home/travis/build/icyphy/ptII/ptolemy/actor/lib/test/auto/SubscriberPortInitialValues14.xml (RunModel)" time="0.014" />
  <testcase classname="ptolemy.util.test.junit.AutoTests" name="[350] /home/travis/build/icyphy/ptII/ptolemy/actor/lib/test/auto/SubscriberPortInitialValues2.xml (RunModel)" time="0.015" />
  <testcase classname="ptolemy.util.test.junit.AutoTests" name="[351] /home/travis/build/icyphy/ptII/ptolemy/actor/lib/test/auto/SubscriberPortInitialValues3.xml (RunModel)" time="0.019" />
  <testcase classname="ptolemy.util.test.junit.AutoTests" name="[352] /home/travis/build/icyphy/ptII/ptolemy/actor/lib/test/auto/SubscriptionAggregator.xml (RunModel)" time="0.012" />
  <testcase classname="ptolemy.util.test.junit.AutoTests" name="[353] /home/travis/build/icyphy/ptII/ptolemy/actor/lib/test/auto/SubscriptionAggregator2.xml (RunModel)" time="0.011" />
  <testcase classname="ptolemy.util.test.junit.AutoTests" name="[354] /home/travis/build/icyphy/ptII/ptolemy/actor/lib/test/auto/SubscriptionAggregator3.xml (RunModel)" time="0.016" />
  <testcase classname="ptolemy.util.test.junit.AutoTests" name="[355] /home/travis/build/icyphy/ptII/ptolemy/actor/lib/test/auto/SubscriptionAggregatorMultiply.xml (RunModel)" time="0.024" />
  <testcase classname="ptolemy.util.test.junit.AutoTests" name="[356] /home/travis/build/icyphy/ptII/ptolemy/actor/lib/test/auto/SubscriptionAggregatorPortMultiply1.xml (RunModel)" time="0.016" />
  <testcase classname="ptolemy.util.test.junit.AutoTests" name="[357] /home/travis/build/icyphy/ptII/ptolemy/actor/lib/test/auto/Switch.xml (RunModel)" time="0.021" />
  <testcase classname="ptolemy.util.test.junit.AutoTests" name="[358] /home/travis/build/icyphy/ptII/ptolemy/actor/lib/test/auto/Switch2.xml (RunModel)" time="0.011" />
  <testcase classname="ptolemy.util.test.junit.AutoTests" name="[359] /home/travis/build/icyphy/ptII/ptolemy/actor/lib/test/auto/SwitchDE.xml (RunModel)" time="0.014" />
  <testcase classname="ptolemy.util.test.junit.AutoTests" name="[360] /home/travis/build/icyphy/ptII/ptolemy/actor/lib/test/auto/SynchronizerDE.xml (RunModel)" time="0.02" />
  <testcase classname="ptolemy.util.test.junit.AutoTests" name="[361] /home/travis/build/icyphy/ptII/ptolemy/actor/lib/test/auto/Test.xml (RunModel)" time="0.016" />
  <testcase classname="ptolemy.util.test.junit.AutoTests" name="[362] /home/travis/build/icyphy/ptII/ptolemy/actor/lib/test/auto/TestExceptionAttribute1.xml (RunModel)" time="0.012" />
  <testcase classname="ptolemy.util.test.junit.AutoTests" name="[363] /home/travis/build/icyphy/ptII/ptolemy/actor/lib/test/auto/TestExceptionAttribute2.xml (RunModel)" time="0.007" />
  <testcase classname="ptolemy.util.test.junit.AutoTests" name="[364] /home/travis/build/icyphy/ptII/ptolemy/actor/lib/test/auto/TestExceptionAttribute3.xml (RunModel)" time="0.01" />
  <testcase classname="ptolemy.util.test.junit.AutoTests" name="[365] /home/travis/build/icyphy/ptII/ptolemy/actor/lib/test/auto/TestExceptionAttribute4.xml (RunModel)" time="0.008" />
  <testcase classname="ptolemy.util.test.junit.AutoTests" name="[366] /home/travis/build/icyphy/ptII/ptolemy/actor/lib/test/auto/TestExceptionHandler1.xml (RunModel)" time="0.007" />
  <testcase classname="ptolemy.util.test.junit.AutoTests" name="[367] /home/travis/build/icyphy/ptII/ptolemy/actor/lib/test/auto/TestExceptionHandler2.xml (RunModel)" time="0.01" />
  <testcase classname="ptolemy.util.test.junit.AutoTests" name="[368] /home/travis/build/icyphy/ptII/ptolemy/actor/lib/test/auto/TestExceptionHandler3.xml (RunModel)" time="0.007" />
  <testcase classname="ptolemy.util.test.junit.AutoTests" name="[369] /home/travis/build/icyphy/ptII/ptolemy/actor/lib/test/auto/TestExceptionHandler4.xml (RunModel)" time="0.006" />
  <testcase classname="ptolemy.util.test.junit.AutoTests" name="[370] /home/travis/build/icyphy/ptII/ptolemy/actor/lib/test/auto/TestRequireCorrectOrder.xml (RunModel)" time="0.012" />
  <testcase classname="ptolemy.util.test.junit.AutoTests" name="[371] /home/travis/build/icyphy/ptII/ptolemy/actor/lib/test/auto/TestSimple.xml (RunModel)" time="0.006" />
  <testcase classname="ptolemy.util.test.junit.AutoTests" name="[372] /home/travis/build/icyphy/ptII/ptolemy/actor/lib/test/auto/ThrowModelError.xml (RunModel)" time="0.01" />
  <testcase classname="ptolemy.util.test.junit.AutoTests" name="[373] /home/travis/build/icyphy/ptII/ptolemy/actor/lib/test/auto/TimeDelayMicrosteps.xml (RunModel)" time="0.013" />
  <testcase classname="ptolemy.util.test.junit.AutoTests" name="[374] /home/travis/build/icyphy/ptII/ptolemy/actor/lib/test/auto/TimeDelayMicrosteps2.xml (RunModel)" time="0.014" />
  <testcase classname="ptolemy.util.test.junit.AutoTests" name="[375] /home/travis/build/icyphy/ptII/ptolemy/actor/lib/test/auto/TimeDelayMicrosteps3.xml (RunModel)" time="0.011" />
  <testcase classname="ptolemy.util.test.junit.AutoTests" name="[376] /home/travis/build/icyphy/ptII/ptolemy/actor/lib/test/auto/TimeDelayVariableMicrosteps.xml (RunModel)" time="0.011" />
  <testcase classname="ptolemy.util.test.junit.AutoTests" name="[377] /home/travis/build/icyphy/ptII/ptolemy/actor/lib/test/auto/TimeGap.xml (RunModel)" time="0.013" />
  <testcase classname="ptolemy.util.test.junit.AutoTests" name="[378] /home/travis/build/icyphy/ptII/ptolemy/actor/lib/test/auto/TimeGap2.xml (RunModel)" time="0.01" />
  <testcase classname="ptolemy.util.test.junit.AutoTests" name="[379] /home/travis/build/icyphy/ptII/ptolemy/actor/lib/test/auto/TimedSinewave.xml (RunModel)" time="0.047" />
  <testcase classname="ptolemy.util.test.junit.AutoTests" name="[380] /home/travis/build/icyphy/ptII/ptolemy/actor/lib/test/auto/TimedSinewavePhase.xml (RunModel)" time="0.04" />
  <testcase classname="ptolemy.util.test.junit.AutoTests" name="[381] /home/travis/build/icyphy/ptII/ptolemy/actor/lib/test/auto/Timer.xml (RunModel)" time="0.012" />
  <testcase classname="ptolemy.util.test.junit.AutoTests" name="[382] /home/travis/build/icyphy/ptII/ptolemy/actor/lib/test/auto/TriangularDistTestModel.xml (RunModel)" time="0.014" />
  <testcase classname="ptolemy.util.test.junit.AutoTests" name="[383] /home/travis/build/icyphy/ptII/ptolemy/actor/lib/test/auto/TrigFunction.xml (RunModel)" time="0.009" />
  <testcase classname="ptolemy.util.test.junit.AutoTests" name="[384] /home/travis/build/icyphy/ptII/ptolemy/actor/lib/test/auto/TrigFunctionDE.xml (RunModel)" time="0.01" />
  <testcase classname="ptolemy.util.test.junit.AutoTests" name="[385] /home/travis/build/icyphy/ptII/ptolemy/actor/lib/test/auto/TrigFunctionInverse.xml (RunModel)" time="0.009" />
  <testcase classname="ptolemy.util.test.junit.AutoTests" name="[386] /home/travis/build/icyphy/ptII/ptolemy/actor/lib/test/auto/TrigFunctionTan.xml (RunModel)" time="0.007" />
  <testcase classname="ptolemy.util.test.junit.AutoTests" name="[387] /home/travis/build/icyphy/ptII/ptolemy/actor/lib/test/auto/TriggeredClock.xml (RunModel)" time="0.008" />
  <testcase classname="ptolemy.util.test.junit.AutoTests" name="[388] /home/travis/build/icyphy/ptII/ptolemy/actor/lib/test/auto/URLDirectoryReader.xml (RunModel)" time="0.115" />
  <testcase classname="ptolemy.util.test.junit.AutoTests" name="[389] /home/travis/build/icyphy/ptII/ptolemy/actor/lib/test/auto/URLDirectoryReader3.xml (RunModel)" time="1.859" />
  <testcase classname="ptolemy.util.test.junit.AutoTests" name="[390] /home/travis/build/icyphy/ptII/ptolemy/actor/lib/test/auto/UnaryMathFunction.xml (RunModel)" time="0.026" />
  <testcase classname="ptolemy.util.test.junit.AutoTests" name="[391] /home/travis/build/icyphy/ptII/ptolemy/actor/lib/test/auto/Uniform.xml (RunModel)" time="0.013" />
  <testcase classname="ptolemy.util.test.junit.AutoTests" name="[392] /home/travis/build/icyphy/ptII/ptolemy/actor/lib/test/auto/UnionDisassemblerTest.xml (RunModel)" time="0.017" />
  <testcase classname="ptolemy.util.test.junit.AutoTests" name="[393] /home/travis/build/icyphy/ptII/ptolemy/actor/lib/test/auto/UtilityFunctions.xml (RunModel)" time="0.007" />
  <testcase classname="ptolemy.util.test.junit.AutoTests" name="[394] /home/travis/build/icyphy/ptII/ptolemy/actor/lib/test/auto/VariableSleep.xml (RunModel)" time="0.511" />
  <testcase classname="ptolemy.util.test.junit.AutoTests" name="[395] /home/travis/build/icyphy/ptII/ptolemy/actor/lib/test/auto/VectorAssemblerDisassemblerCT.xml (RunModel)" time="0.117" />
  <testcase classname="ptolemy.util.test.junit.AutoTests" name="[396] /home/travis/build/icyphy/ptII/ptolemy/actor/lib/test/auto/VectorAssemblerDisassemblerDE.xml (RunModel)" time="0.013" />
  <testcase classname="ptolemy.util.test.junit.AutoTests" name="[397] /home/travis/build/icyphy/ptII/ptolemy/actor/lib/test/auto/VectorAssemblerDisassemblerSDF.xml (RunModel)" time="0.012" />
  <testcase classname="ptolemy.util.test.junit.AutoTests" name="[398] /home/travis/build/icyphy/ptII/ptolemy/actor/lib/test/auto/WallClockTime.xml (RunModel)" time="1.012" />
  <testcase classname="ptolemy.util.test.junit.AutoTests" name="[399] /home/travis/build/icyphy/ptII/ptolemy/actor/lib/test/auto/WidthTestWithSubscriberPublisher.xml (RunModel)" time="0.04" />
  <testcase classname="ptolemy.util.test.junit.AutoTests" name="[400] /home/travis/build/icyphy/ptII/ptolemy/actor/lib/test/auto/WidthTestWithSubscriberPublisher2.xml (RunModel)" time="0.015" />
  <testcase classname="ptolemy.util.test.junit.AutoTests" name="[401] /home/travis/build/icyphy/ptII/ptolemy/actor/lib/test/auto/WidthTestWithSubscriberPublisher3.xml (RunModel)" time="0.011" />
  <testcase classname="ptolemy.util.test.junit.AutoTests" name="[402] /home/travis/build/icyphy/ptII/ptolemy/actor/lib/test/auto/Writer.xml (RunModel)" time="0.007" />
  <testcase classname="ptolemy.util.test.junit.AutoTests" name="[403] /home/travis/build/icyphy/ptII/ptolemy/actor/lib/test/auto/array.xml (RunModel)" time="0.024" />
  <testcase classname="ptolemy.util.test.junit.AutoTests" name="[404] /home/travis/build/icyphy/ptII/ptolemy/actor/lib/test/auto/array2.xml (RunModel)" time="0.015" />
  <testcase classname="ptolemy.util.test.junit.AutoTests" name="[405] /home/travis/build/icyphy/ptII/ptolemy/actor/lib/test/auto/arrayType.xml (RunModel)" time="0.011" />
  <testcase classname="ptolemy.util.test.junit.AutoTests" name="[406] /home/travis/build/icyphy/ptII/ptolemy/actor/lib/test/auto/arrayType10.xml (RunModel)" time="0.009" />
  <testcase classname="ptolemy.util.test.junit.AutoTests" name="[407] /home/travis/build/icyphy/ptII/ptolemy/actor/lib/test/auto/arrayType11.xml (RunModel)" time="0.009" />
  <testcase classname="ptolemy.util.test.junit.AutoTests" name="[408] /home/travis/build/icyphy/ptII/ptolemy/actor/lib/test/auto/arrayType12.xml (RunModel)" time="0.009" />
  <testcase classname="ptolemy.util.test.junit.AutoTests" name="[409] /home/travis/build/icyphy/ptII/ptolemy/actor/lib/test/auto/arrayType13.xml (RunModel)" time="0.009" />
  <testcase classname="ptolemy.util.test.junit.AutoTests" name="[410] /home/travis/build/icyphy/ptII/ptolemy/actor/lib/test/auto/arrayType14.xml (RunModel)" time="0.012" />
  <testcase classname="ptolemy.util.test.junit.AutoTests" name="[411] /home/travis/build/icyphy/ptII/ptolemy/actor/lib/test/auto/arrayType15.xml (RunModel)" time="0.01" />
  <testcase classname="ptolemy.util.test.junit.AutoTests" name="[412] /home/travis/build/icyphy/ptII/ptolemy/actor/lib/test/auto/arrayType16.xml (RunModel)" time="0.009" />
  <testcase classname="ptolemy.util.test.junit.AutoTests" name="[413] /home/travis/build/icyphy/ptII/ptolemy/actor/lib/test/auto/arrayType17.xml (RunModel)" time="0.009" />
  <testcase classname="ptolemy.util.test.junit.AutoTests" name="[414] /home/travis/build/icyphy/ptII/ptolemy/actor/lib/test/auto/arrayType18.xml (RunModel)" time="0.007" />
  <testcase classname="ptolemy.util.test.junit.AutoTests" name="[415] /home/travis/build/icyphy/ptII/ptolemy/actor/lib/test/auto/arrayType19.xml (RunModel)" time="0.008" />
  <testcase classname="ptolemy.util.test.junit.AutoTests" name="[416] /home/travis/build/icyphy/ptII/ptolemy/actor/lib/test/auto/arrayType2.xml (RunModel)" time="0.009" />
  <testcase classname="ptolemy.util.test.junit.AutoTests" name="[417] /home/travis/build/icyphy/ptII/ptolemy/actor/lib/test/auto/arrayType20.xml (RunModel)" time="0.009" />
  <testcase classname="ptolemy.util.test.junit.AutoTests" name="[418] /home/travis/build/icyphy/ptII/ptolemy/actor/lib/test/auto/arrayType21.xml (RunModel)" time="0.008" />
  <testcase classname="ptolemy.util.test.junit.AutoTests" name="[419] /home/travis/build/icyphy/ptII/ptolemy/actor/lib/test/auto/arrayType22.xml (RunModel)" time="0.008" />
  <testcase classname="ptolemy.util.test.junit.AutoTests" name="[420] /home/travis/build/icyphy/ptII/ptolemy/actor/lib/test/auto/arrayType23.xml (RunModel)" time="0.008" />
  <testcase classname="ptolemy.util.test.junit.AutoTests" name="[421] /home/travis/build/icyphy/ptII/ptolemy/actor/lib/test/auto/arrayType24.xml (RunModel)" time="0.01" />
  <testcase classname="ptolemy.util.test.junit.AutoTests" name="[422] /home/travis/build/icyphy/ptII/ptolemy/actor/lib/test/auto/arrayType25.xml (RunModel)" time="0.008" />
  <testcase classname="ptolemy.util.test.junit.AutoTests" name="[423] /home/travis/build/icyphy/ptII/ptolemy/actor/lib/test/auto/arrayType26.xml (RunModel)" time="0.008" />
  <testcase classname="ptolemy.util.test.junit.AutoTests" name="[424] /home/travis/build/icyphy/ptII/ptolemy/actor/lib/test/auto/arrayType27.xml (RunModel)" time="0.008" />
  <testcase classname="ptolemy.util.test.junit.AutoTests" name="[425] /home/travis/build/icyphy/ptII/ptolemy/actor/lib/test/auto/arrayType28.xml (RunModel)" time="0.008" />
  <testcase classname="ptolemy.util.test.junit.AutoTests" name="[426] /home/travis/build/icyphy/ptII/ptolemy/actor/lib/test/auto/arrayType3.xml (RunModel)" time="0.012" />
  <testcase classname="ptolemy.util.test.junit.AutoTests" name="[427] /home/travis/build/icyphy/ptII/ptolemy/actor/lib/test/auto/arrayType4.xml (RunModel)" time="0.009" />
  <testcase classname="ptolemy.util.test.junit.AutoTests" name="[428] /home/travis/build/icyphy/ptII/ptolemy/actor/lib/test/auto/arrayType5.xml (RunModel)" time="0.008" />
  <testcase classname="ptolemy.util.test.junit.AutoTests" name="[429] /home/travis/build/icyphy/ptII/ptolemy/actor/lib/test/auto/arrayType6.xml (RunModel)" time="0.007" />
  <testcase classname="ptolemy.util.test.junit.AutoTests" name="[430] /home/travis/build/icyphy/ptII/ptolemy/actor/lib/test/auto/arrayType7.xml (RunModel)" time="0.022" />
  <testcase classname="ptolemy.util.test.junit.AutoTests" name="[431] /home/travis/build/icyphy/ptII/ptolemy/actor/lib/test/auto/arrayType8.xml (RunModel)" time="0.012" />
  <testcase classname="ptolemy.util.test.junit.AutoTests" name="[432] /home/travis/build/icyphy/ptII/ptolemy/actor/lib/test/auto/arrayType9.xml (RunModel)" time="0.035" />
  <testcase classname="ptolemy.util.test.junit.AutoTests" name="[433] /home/travis/build/icyphy/ptII/ptolemy/actor/lib/test/auto/cast.xml (RunModel)" time="0.032" />
  <testcase classname="ptolemy.util.test.junit.AutoTests" name="[434] /home/travis/build/icyphy/ptII/ptolemy/actor/lib/test/auto/compositeMultiPort.xml (RunModel)" time="0.042" />
  <testcase classname="ptolemy.util.test.junit.AutoTests" name="[435] /home/travis/build/icyphy/ptII/ptolemy/actor/lib/test/auto/expressionCastInference.xml (RunModel)" time="0.047" />
  <testcase classname="ptolemy.util.test.junit.AutoTests" name="[436] /home/travis/build/icyphy/ptII/ptolemy/actor/lib/test/auto/expressionCastInference2.xml (RunModel)" time="0.007" />
  <testcase classname="ptolemy.util.test.junit.AutoTests" name="[437] /home/travis/build/icyphy/ptII/ptolemy/actor/lib/test/auto/expressionInference.xml (RunModel)" time="0.006" />
  <testcase classname="ptolemy.util.test.junit.AutoTests" name="[438] /home/travis/build/icyphy/ptII/ptolemy/actor/lib/test/auto/expression_bug.xml (RunModel)" time="0.022" />
  <testcase classname="ptolemy.util.test.junit.AutoTests" name="[439] /home/travis/build/icyphy/ptII/ptolemy/actor/lib/test/auto/factorial.xml (RunModel)" time="0.062" />
  <testcase classname="ptolemy.util.test.junit.AutoTests" name="[440] /home/travis/build/icyphy/ptII/ptolemy/actor/lib/test/auto/filterTest1.xml (RunModel)" time="0.018" />
  <testcase classname="ptolemy.util.test.junit.AutoTests" name="[441] /home/travis/build/icyphy/ptII/ptolemy/actor/lib/test/auto/funcApplyInConst.xml (RunModel)" time="0.008" />
  <testcase classname="ptolemy.util.test.junit.AutoTests" name="[442] /home/travis/build/icyphy/ptII/ptolemy/actor/lib/test/auto/funcApplyInExpr.xml (RunModel)" time="0.009" />
  <testcase classname="ptolemy.util.test.junit.AutoTests" name="[443] /home/travis/build/icyphy/ptII/ptolemy/actor/lib/test/auto/function.xml (RunModel)" time="0.009" />
  <testcase classname="ptolemy.util.test.junit.AutoTests" name="[444] /home/travis/build/icyphy/ptII/ptolemy/actor/lib/test/auto/function2.xml (RunModel)" time="0.008" />
  <testcase classname="ptolemy.util.test.junit.AutoTests" name="[445] /home/travis/build/icyphy/ptII/ptolemy/actor/lib/test/auto/function3.xml (RunModel)" time="0.007" />
  <testcase classname="ptolemy.util.test.junit.AutoTests" name="[446] /home/travis/build/icyphy/ptII/ptolemy/actor/lib/test/auto/functionClosureTest1.xml (RunModel)" time="0.009" />
  <testcase classname="ptolemy.util.test.junit.AutoTests" name="[447] /home/travis/build/icyphy/ptII/ptolemy/actor/lib/test/auto/functionClosureTest2.xml (RunModel)" time="0.006" />
  <testcase classname="ptolemy.util.test.junit.AutoTests" name="[448] /home/travis/build/icyphy/ptII/ptolemy/actor/lib/test/auto/functionClosureTest3.xml (RunModel)" time="0.009" />
  <testcase classname="ptolemy.util.test.junit.AutoTests" name="[449] /home/travis/build/icyphy/ptII/ptolemy/actor/lib/test/auto/functionClosureTest4.xml (RunModel)" time="0.012" />
  <testcase classname="ptolemy.util.test.junit.AutoTests" name="[450] /home/travis/build/icyphy/ptII/ptolemy/actor/lib/test/auto/functionClosureTest5.xml (RunModel)" time="0.012" />
  <testcase classname="ptolemy.util.test.junit.AutoTests" name="[451] /home/travis/build/icyphy/ptII/ptolemy/actor/lib/test/auto/functionClosureTest6.xml (RunModel)" time="0.008" />
  <testcase classname="ptolemy.util.test.junit.AutoTests" name="[452] /home/travis/build/icyphy/ptII/ptolemy/actor/lib/test/auto/functionsOnArcs.xml (RunModel)" time="0.009" />
  <testcase classname="ptolemy.util.test.junit.AutoTests" name="[453] /home/travis/build/icyphy/ptII/ptolemy/actor/lib/test/auto/functionsOnArcsHOF.xml (RunModel)" time="0.012" />
  <testcase classname="ptolemy.util.test.junit.AutoTests" name="[454] /home/travis/build/icyphy/ptII/ptolemy/actor/lib/test/auto/logic.xml (RunModel)" time="0.018" />
  <testcase classname="ptolemy.util.test.junit.AutoTests" name="[455] /home/travis/build/icyphy/ptII/ptolemy/actor/lib/test/auto/matrixType.xml (RunModel)" time="0.009" />
  <testcase classname="ptolemy.util.test.junit.AutoTests" name="[456] /home/travis/build/icyphy/ptII/ptolemy/actor/lib/test/auto/matrixType10.xml (RunModel)" time="0.009" />
  <testcase classname="ptolemy.util.test.junit.AutoTests" name="[457] /home/travis/build/icyphy/ptII/ptolemy/actor/lib/test/auto/matrixType11.xml (RunModel)" time="0.007" />
  <testcase classname="ptolemy.util.test.junit.AutoTests" name="[458] /home/travis/build/icyphy/ptII/ptolemy/actor/lib/test/auto/matrixType12.xml (RunModel)" time="0.011" />
  <testcase classname="ptolemy.util.test.junit.AutoTests" name="[459] /home/travis/build/icyphy/ptII/ptolemy/actor/lib/test/auto/matrixType13.xml (RunModel)" time="0.008" />
  <testcase classname="ptolemy.util.test.junit.AutoTests" name="[460] /home/travis/build/icyphy/ptII/ptolemy/actor/lib/test/auto/matrixType14.xml (RunModel)" time="0.01" />
  <testcase classname="ptolemy.util.test.junit.AutoTests" name="[461] /home/travis/build/icyphy/ptII/ptolemy/actor/lib/test/auto/matrixType2.xml (RunModel)" time="0.008" />
  <testcase classname="ptolemy.util.test.junit.AutoTests" name="[462] /home/travis/build/icyphy/ptII/ptolemy/actor/lib/test/auto/matrixType3.xml (RunModel)" time="0.01" />
  <testcase classname="ptolemy.util.test.junit.AutoTests" name="[463] /home/travis/build/icyphy/ptII/ptolemy/actor/lib/test/auto/matrixType4.xml (RunModel)" time="0.008" />
  <testcase classname="ptolemy.util.test.junit.AutoTests" name="[464] /home/travis/build/icyphy/ptII/ptolemy/actor/lib/test/auto/matrixType5.xml (RunModel)" time="0.007" />
  <testcase classname="ptolemy.util.test.junit.AutoTests" name="[465] /home/travis/build/icyphy/ptII/ptolemy/actor/lib/test/auto/matrixType6.xml (RunModel)" time="0.007" />
  <testcase classname="ptolemy.util.test.junit.AutoTests" name="[466] /home/travis/build/icyphy/ptII/ptolemy/actor/lib/test/auto/matrixType7.xml (RunModel)" time="0.008" />
  <testcase classname="ptolemy.util.test.junit.AutoTests" name="[467] /home/travis/build/icyphy/ptII/ptolemy/actor/lib/test/auto/matrixType8.xml (RunModel)" time="0.008" />
  <testcase classname="ptolemy.util.test.junit.AutoTests" name="[468] /home/travis/build/icyphy/ptII/ptolemy/actor/lib/test/auto/matrixType9.xml (RunModel)" time="0.007" />
  <testcase classname="ptolemy.util.test.junit.AutoTests" name="[469] /home/travis/build/icyphy/ptII/ptolemy/actor/lib/test/auto/paraFunctest.xml (RunModel)" time="0.007" />
  <testcase classname="ptolemy.util.test.junit.AutoTests" name="[470] /home/travis/build/icyphy/ptII/ptolemy/actor/lib/test/auto/paraFunctest2.xml (RunModel)" time="0.011" />
  <testcase classname="ptolemy.util.test.junit.AutoTests" name="[471] /home/travis/build/icyphy/ptII/ptolemy/actor/lib/test/auto/parameterPassing.xml (RunModel)" time="0.008" />
  <testcase classname="ptolemy.util.test.junit.AutoTests" name="[472] /home/travis/build/icyphy/ptII/ptolemy/actor/lib/test/auto/record.xml (RunModel)" time="0.009" />
  <testcase classname="ptolemy.util.test.junit.AutoTests" name="[473] /home/travis/build/icyphy/ptII/ptolemy/actor/lib/test/auto/sizedarray1.xml (RunModel)" time="0.009" />
  <testcase classname="ptolemy.util.test.junit.AutoTests" name="[474] /home/travis/build/icyphy/ptII/ptolemy/actor/lib/test/auto/sizedarray2.xml (RunModel)" time="0.01" />
  <testcase classname="ptolemy.util.test.junit.AutoTests" name="[475] /home/travis/build/icyphy/ptII/ptolemy/actor/lib/test/auto/twoPublishers.xml (RunModel)" time="0.032" />
  <system-out><![CDATA[/home/travis/build/icyphy/ptII/ptolemy/actor/lib/test/AbsoluteValue.tcl
testDefs.tcl: setting time out to 9000 seconds at Wed Oct 21 15:52:49 UTC 2020
116 ms. Memory: 129024K Free: 92583K (72%)
9 ms. Memory: 129024K Free: 90519K (70%)
11 ms. Memory: 129024K Free: 90038K (70%)
10 ms. Memory: 129024K Free: 89016K (69%)
/home/travis/build/icyphy/ptII/ptolemy/actor/lib/test/AddSubtract.tcl
22 ms. Memory: 129024K Free: 86968K (67%)
4 ms. Memory: 129024K Free: 86423K (67%)
5 ms. Memory: 129024K Free: 85430K (66%)
12 ms. Memory: 129024K Free: 84920K (66%)
88 ms. Memory: 129024K Free: 81848K (63%)
14 ms. Memory: 129024K Free: 80824K (63%)
/home/travis/build/icyphy/ptII/ptolemy/actor/lib/test/Average.tcl
13 ms. Memory: 129024K Free: 79286K (61%)
6 ms. Memory: 129024K Free: 78262K (61%)
/home/travis/build/icyphy/ptII/ptolemy/actor/lib/test/Bernoulli.tcl
4 ms. Memory: 129024K Free: 76728K (59%)
7 ms. Memory: 129024K Free: 76199K (59%)
/home/travis/build/icyphy/ptII/ptolemy/actor/lib/test/Clock.tcl
preinitializing
resolving types
initializing
executing number 1
wrapping up
idle
32 ms. Memory: 129024K Free: 73656K (57%)
Completed execution with 5 iterations
preinitializing
resolving types
initializing
executing number 1
wrapping up
idle
12 ms. Memory: 129024K Free: 72632K (56%)
Completed execution with 5 iterations
preinitializing
resolving types
initializing
executing number 1
wrapping up
idle
12 ms. Memory: 129024K Free: 72103K (56%)
Completed execution with 5 iterations
/home/travis/build/icyphy/ptII/ptolemy/actor/lib/test/Commutator.tcl
11 ms. Memory: 129024K Free: 70039K (54%)
11 ms. Memory: 129024K Free: 69015K (53%)
20 ms. Memory: 129024K Free: 63416K (49%)
/home/travis/build/icyphy/ptII/ptolemy/actor/lib/test/Const.tcl
7 ms. Memory: 129024K Free: 61847K (48%)
2 ms. Memory: 129024K Free: 61368K (48%)
10 ms. Memory: 129024K Free: 60854K (47%)
9 ms. Memory: 129024K Free: 60344K (47%)
3 ms. Memory: 129024K Free: 59830K (46%)
21 ms. Memory: 129024K Free: 57782K (45%)
5 ms. Memory: 129024K Free: 56743K (44%)
7 ms. Memory: 129024K Free: 56248K (44%)
/home/travis/build/icyphy/ptII/ptolemy/actor/lib/test/CurrentTime.tcl
preinitializing
resolving types
initializing
executing number 1
wrapping up
idle
8 ms. Memory: 129024K Free: 54200K (42%)
Completed execution with 11 iterations
/home/travis/build/icyphy/ptII/ptolemy/actor/lib/test/DB.tcl
8 ms. Memory: 129024K Free: 52647K (41%)
5 ms. Memory: 129024K Free: 52152K (40%)
2 ms. Memory: 129024K Free: 51638K (40%)
/home/travis/build/icyphy/ptII/ptolemy/actor/lib/test/DiscreteRandomSource.tcl
preinitializing
resolving types
initializing
executing number 1
wrapping up
idle
5 ms. Memory: 129024K Free: 50104K (39%)
Completed execution with 4 iterations
preinitializing
resolving types
initializing
executing number 1
wrapping up
idle
3 ms. Memory: 129024K Free: 49583K (38%)
Completed execution with 4 iterations
preinitializing
resolving types
initializing
executing number 1
wrapping up
idle
2 ms. Memory: 129024K Free: 49080K (38%)
Completed execution with 4 iterations
preinitializing
resolving types
initializing
executing number 1
wrapping up
idle
3 ms. Memory: 129024K Free: 48551K (38%)
Completed execution with 4 iterations
preinitializing
resolving types
initializing
executing number 1
wrapping up
idle
4 ms. Memory: 129024K Free: 48056K (37%)
Completed execution with 4 iterations
/home/travis/build/icyphy/ptII/ptolemy/actor/lib/test/Distributor.tcl
5 ms. Memory: 129024K Free: 113041K (88%)
4 ms. Memory: 129024K Free: 112431K (87%)
StreamChangeRequest.changeExecuted(): <deleteEntity name="rec2"/> succeeded
StreamChangeRequest.changeExecuted(): <deleteRelation name="r2"/> succeeded
StreamChangeRequest.changeExecuted(): Record firings per iteration succeeded
17 ms. Memory: 129024K Free: 109487K (85%)
/home/travis/build/icyphy/ptII/ptolemy/actor/lib/test/Exit.tcl
Exit.tcl: this will print a message about Manager.exitAfterWrapup, which can be ignored.
10 ms. Memory: 129024K Free: 106406K (82%)
/home/travis/build/icyphy/ptII/ptolemy/actor/lib/test/Expression.tcl
13 ms. Memory: 129024K Free: 103381K (80%)
3 ms. Memory: 129024K Free: 102801K (80%)
2 ms. Memory: 129024K Free: 101769K (79%)
preinitializing
resolving types
initializing
executing number 1
wrapping up
idle
9 ms. Memory: 129024K Free: 100255K (78%)
Completed execution with 6 iterations
4 ms. Memory: 129024K Free: 99715K (77%)
4 ms. Memory: 129024K Free: 98705K (77%)
11 ms. Memory: 129024K Free: 97659K (76%)
8 ms. Memory: 129024K Free: 96199K (75%)
7 ms. Memory: 129024K Free: 95135K (74%)
/home/travis/build/icyphy/ptII/ptolemy/actor/lib/test/Gaussian.tcl
4 ms. Memory: 129024K Free: 93571K (73%)
sleeping 1 seconds: ...............................................................................................................................................................................................................................................................................................................................................................................................................................................................................................................................................................................................................................................................................................................................................................................................................................................................................................................................................................................................................................................................................................................................................................................................................................................................................................................................................................................................................................................................................................................................................................................................................................................................................................................................................................................................................................................................................................................................................................................................................................................................................................................................................................................................................................................................................................................................................................................................................................................................................................................................................................................................................................................................................................................................................................................................................................................................................................................................................................................................................................................................................................................................................................................................................................................................................................................................................................................................................................................................................................................................................................................................................................................................................................................................................................................................................................................................................................................................................................................................................................................................................................................................................................................................................................................................................................................................................................................................................................................................................................................................................................................................................................................................................................................................................................................................................................................................................................................................................................................................................................................................................................................................................................................................................................................................................................................................................................................................................................................................................................................................................................................................................................................................................................................................................................................................................................................................................................................................................................................................................................................................................................................................................................................................................................................................................................................................................................................................................................................................................................................................................................................................................................................................................................................................................................................................................................................................................................................................................................................................................................................................................................................................................................................................................................................................................................................................................................................................................................................................................................................................................................................................................................................................................................................................................................................................................................................................................................................................................................................................................................................................................................................................................................................................................................................................................................................................................................................................................................................................................................................................................................................................................................................................................................................................................................................................................................................................................................................................................................................................................................................................................................................................................................................................................................................................................................................................................................................................................................................................................................................................................................................................................................................................................................................................................................................................................................................................................................................................................................................................................................................................................................................................................................................................................................................................................................................................................................................................................................................................................................................................................................................................................................................................................................................................................6 ms. Memory: 129024K Free: 106796K (83%)
4 ms. Memory: 129024K Free: 106282K (82%)
2 ms. Memory: 129024K Free: 105244K (82%)
3 ms. Memory: 129024K Free: 104748K (81%)
3 ms. Memory: 129024K Free: 104228K (81%)
/home/travis/build/icyphy/ptII/ptolemy/actor/lib/test/IIR.tcl
/home/travis/build/icyphy/ptII/ptolemy/actor/lib/test/Interpolator.tcl
5 ms. Memory: 129024K Free: 100652K (78%)
2 ms. Memory: 129024K Free: 100138K (78%)
7 ms. Memory: 129024K Free: 99628K (77%)
1 ms. Memory: 129024K Free: 98604K (76%)
11 ms. Memory: 129024K Free: 98076K (76%)
2 ms. Memory: 129024K Free: 97052K (75%)
2 ms. Memory: 129024K Free: 96042K (74%)
3 ms. Memory: 129024K Free: 95532K (74%)
2 ms. Memory: 129024K Free: 94508K (73%)
2 ms. Memory: 129024K Free: 93484K (72%)
/home/travis/build/icyphy/ptII/ptolemy/actor/lib/test/MathFunction.tcl
4 ms. Memory: 129024K Free: 91436K (71%)
2 ms. Memory: 129024K Free: 90412K (70%)
2 ms. Memory: 129024K Free: 89388K (69%)
5 ms. Memory: 129024K Free: 88364K (68%)
4 ms. Memory: 129024K Free: 87340K (68%)
11 ms. Memory: 129024K Free: 85292K (66%)
/home/travis/build/icyphy/ptII/ptolemy/actor/lib/test/Maximum.tcl
5 ms. Memory: 129024K Free: 83244K (65%)
7 ms. Memory: 129024K Free: 82716K (64%)
10 ms. Memory: 129024K Free: 82220K (64%)
4 ms. Memory: 129024K Free: 81196K (63%)
/home/travis/build/icyphy/ptII/ptolemy/actor/lib/test/Minimum.tcl
7 ms. Memory: 129024K Free: 79652K (62%)
4 ms. Memory: 129024K Free: 79148K (61%)
3 ms. Memory: 129024K Free: 78634K (61%)
2 ms. Memory: 129024K Free: 77610K (60%)
/home/travis/build/icyphy/ptII/ptolemy/actor/lib/test/MultiplyDivide.tcl
9 ms. Memory: 129024K Free: 75562K (59%)
10 ms. Memory: 129024K Free: 75052K (58%)
3 ms. Memory: 129024K Free: 74524K (58%)
5 ms. Memory: 129024K Free: 73514K (57%)
4 ms. Memory: 129024K Free: 73004K (57%)
/home/travis/build/icyphy/ptII/ptolemy/actor/lib/test/OrderedMerge.tcl
Connections changed on port: inputA
Connections changed on port: inputB
Connections changed on port: output
Connections changed on port: output
Connections changed on port: output
Connections changed on port: input
.top. Preinitializing ...
Invoking preinitialize():  .top.OrderedMerge
Called preinitialize()
Invoking preinitialize():  .top.Ramp
Called preinitialize()
Invoking preinitialize():  .top.Ramp2
Called preinitialize()
Invoking preinitialize():  .top.Test
Called preinitialize()
Connections changed on port: inputA
Connections changed on port: output
Connections changed on port: output
Connections changed on port: input
Connections changed on port: inputB
Connections changed on port: output
.top. Finished preinitialize().
Called initialize().
Invoking initialize():  .top.OrderedMerge
Initializing actor: .top.OrderedMerge
Adding a thread: .top.OrderedMerge
Invoking initialize():  .top.Ramp
Initializing actor: .top.Ramp
Adding a thread: .top.Ramp
Invoking initialize():  .top.Ramp2
Initializing actor: .top.Ramp2
Adding a thread: .top.Ramp2
Invoking initialize():  .top.Test
Initializing actor: .top.Test
Adding a thread: .top.Test
Called fire().
Checking for deadlock:
-- Starting thread.
Called initialize()
Called prefire()
Called fire()
-- Starting thread.
Called initialize()
Called prefire()
Called fire()
-- Starting thread.
Called initialize()
Called prefire()
Called fire()
-- Starting thread.
Called initialize()
Called prefire()
Called fire()
There are 0 Blocked actors, 0 Stopped actors, and 4 active threads.
Waiting for actors to stop.
Called postfire()
Called prefire()
Called fire()
Called postfire()
Called prefire()
Called fire()
Read input token from inputA with value 0.0
Next port to read input from is inputB
Called postfire()
Called prefire()
Called fire()
Checking for deadlock:
There are 2 Blocked actors, 0 Stopped actors, and 4 active threads.
Waiting for actors to stop.
Called postfire()
Called prefire()
Called fire()
Called postfire()
Called prefire()
Called fire()
Checking for deadlock:
There are 3 Blocked actors, 0 Stopped actors, and 4 active threads.
Waiting for actors to stop.
Read input token from inputB with value 0.0
-- Read input: 0.0, which is expected to match: 0.0
Called prefire()
Called fire()
Checking for deadlock:
There are 3 Blocked actors, 0 Stopped actors, and 4 active threads.
Waiting for actors to stop.
Sent output token with value 0.0
Next port to read input from is inputA
Called postfire()
Called prefire()
Called fire()
Checking for deadlock:
There are 2 Blocked actors, 0 Stopped actors, and 4 active threads.
Waiting for actors to stop.
Called postfire()
Called prefire()
Called fire()
Checking for deadlock:
There are 3 Blocked actors, 0 Stopped actors, and 4 active threads.
Waiting for actors to stop.
Read input token from inputA with value 1.0
Checking for deadlock:
There are 2 Blocked actors, 0 Stopped actors, and 4 active threads.
Waiting for actors to stop.
-- Read input: 0.0, which is expected to match: 0.0
Called prefire()
Called fire()
Checking for deadlock:
There are 3 Blocked actors, 0 Stopped actors, and 4 active threads.
Waiting for actors to stop.
Sent output token with value 0.0
Next port to read input from is inputB
Called postfire()
Called prefire()
Called fire()
Called postfire()
Called prefire()
Called fire()
Checking for deadlock:
There are 3 Blocked actors, 0 Stopped actors, and 4 active threads.
Waiting for actors to stop.
Read input token from inputB with value 1.5
-- Read input: 1.0, which is expected to match: 1.0
Called prefire()
Called fire()
Checking for deadlock:
There are 3 Blocked actors, 0 Stopped actors, and 4 active threads.
Waiting for actors to stop.
Sent output token with value 1.0
Next port to read input from is inputA
Called postfire()
Called prefire()
Called fire()
Checking for deadlock:
There are 2 Blocked actors, 0 Stopped actors, and 4 active threads.
Waiting for actors to stop.
Called postfire()
Called prefire()
Called fire()
Checking for deadlock:
There are 3 Blocked actors, 0 Stopped actors, and 4 active threads.
Waiting for actors to stop.
Read input token from inputA with value 2.0
Checking for deadlock:
There are 2 Blocked actors, 0 Stopped actors, and 4 active threads.
Waiting for actors to stop.
-- Read input: 1.5, which is expected to match: 1.5
Called prefire()
Called fire()
Checking for deadlock:
There are 3 Blocked actors, 0 Stopped actors, and 4 active threads.
Waiting for actors to stop.
Sent output token with value 1.5
Next port to read input from is inputB
Called postfire()
Called prefire()
Called fire()
Called postfire()
Called prefire()
Called fire()
Checking for deadlock:
There are 3 Blocked actors, 0 Stopped actors, and 4 active threads.
Waiting for actors to stop.
Read input token from inputB with value 3.0
-- Read input: 2.0, which is expected to match: 2.0
Called prefire()
Called fire()
Checking for deadlock:
There are 3 Blocked actors, 0 Stopped actors, and 4 active threads.
Waiting for actors to stop.
Sent output token with value 2.0
Next port to read input from is inputA
Called postfire()
Called prefire()
Called fire()
Checking for deadlock:
There are 2 Blocked actors, 0 Stopped actors, and 4 active threads.
Waiting for actors to stop.
Called postfire()
Called prefire()
Called fire()
Checking for deadlock:
There are 3 Blocked actors, 0 Stopped actors, and 4 active threads.
Waiting for actors to stop.
Read input token from inputA with value 3.0
Checking for deadlock:
There are 2 Blocked actors, 0 Stopped actors, and 4 active threads.
Waiting for actors to stop.
-- Read input: 3.0, which is expected to match: 3.0
Called prefire()
Called fire()
Checking for deadlock:
There are 3 Blocked actors, 0 Stopped actors, and 4 active threads.
Waiting for actors to stop.
Sent output token with value 3.0
Next port to read input from is inputB
Called postfire()
Called prefire()
Called fire()
Called postfire()
Called prefire()
Called fire()
Checking for deadlock:
There are 3 Blocked actors, 0 Stopped actors, and 4 active threads.
Waiting for actors to stop.
Read input token from inputB with value 4.5
-- Read input: 3.0, which is expected to match: 3.0
Called prefire()
Called fire()
Checking for deadlock:
There are 3 Blocked actors, 0 Stopped actors, and 4 active threads.
Waiting for actors to stop.
Sent output token with value 3.0
Next port to read input from is inputA
Called postfire()
Called prefire()
Called fire()
Checking for deadlock:
There are 2 Blocked actors, 0 Stopped actors, and 4 active threads.
Waiting for actors to stop.
Called postfire()
Called prefire()
Called fire()
Checking for deadlock:
There are 3 Blocked actors, 0 Stopped actors, and 4 active threads.
Waiting for actors to stop.
Read input token from inputA with value 4.0
Checking for deadlock:
There are 2 Blocked actors, 0 Stopped actors, and 4 active threads.
Waiting for actors to stop.
-- Read input: 4.0, which is expected to match: 4.0
Called prefire()
Called fire()
Past the end of training data. Read and discard all inputs.
Checking for deadlock:
There are 3 Blocked actors, 0 Stopped actors, and 4 active threads.
Waiting for actors to stop.
Sent output token with value 4.0
Next port to read input from is inputA
Called postfire()
Called prefire()
Called fire()
Checking for deadlock:
There are 2 Blocked actors, 0 Stopped actors, and 4 active threads.
Waiting for actors to stop.
Called postfire()
Called prefire()
Called fire()
Checking for deadlock:
There are 3 Blocked actors, 0 Stopped actors, and 4 active threads.
Waiting for actors to stop.
Read input token from inputA with value 5.0
Checking for deadlock:
There are 2 Blocked actors, 0 Stopped actors, and 4 active threads.
Waiting for actors to stop.
Called prefire()
Called fire()
Past the end of training data. Read and discard all inputs.
Checking for deadlock:
There are 3 Blocked actors, 0 Stopped actors, and 4 active threads.
Waiting for actors to stop.
Sent output token with value 4.5
Next port to read input from is inputB
Called postfire()
Called prefire()
Called fire()
Called postfire()
Called prefire()
Called fire()
Checking for deadlock:
There are 3 Blocked actors, 0 Stopped actors, and 4 active threads.
Waiting for actors to stop.
Read input token from inputB with value 6.0
Called prefire()
Called fire()
Past the end of training data. Read and discard all inputs.
Checking for deadlock:
There are 3 Blocked actors, 0 Stopped actors, and 4 active threads.
Waiting for actors to stop.
Sent output token with value 5.0
Next port to read input from is inputA
Called postfire()
Called prefire()
Called fire()
Checking for deadlock:
There are 2 Blocked actors, 0 Stopped actors, and 4 active threads.
Waiting for actors to stop.
Called postfire()
Called prefire()
Called fire()
Checking for deadlock:
There are 3 Blocked actors, 0 Stopped actors, and 4 active threads.
Waiting for actors to stop.
Read input token from inputA with value 6.0
Checking for deadlock:
There are 2 Blocked actors, 0 Stopped actors, and 4 active threads.
Waiting for actors to stop.
Called prefire()
Called fire()
Past the end of training data. Read and discard all inputs.
Checking for deadlock:
There are 3 Blocked actors, 0 Stopped actors, and 4 active threads.
Waiting for actors to stop.
Sent output token with value 6.0
Next port to read input from is inputB
Called postfire()
Called prefire()
Called fire()
Called postfire()
Called prefire()
Called fire()
Checking for deadlock:
There are 3 Blocked actors, 0 Stopped actors, and 4 active threads.
Waiting for actors to stop.
Read input token from inputB with value 7.5
Called prefire()
Called fire()
Past the end of training data. Read and discard all inputs.
Checking for deadlock:
There are 3 Blocked actors, 0 Stopped actors, and 4 active threads.
Waiting for actors to stop.
Sent output token with value 6.0
Next port to read input from is inputA
Called postfire()
Called prefire()
Called fire()
Checking for deadlock:
There are 2 Blocked actors, 0 Stopped actors, and 4 active threads.
Waiting for actors to stop.
Called postfire()
Called prefire()
Called fire()
Checking for deadlock:
There are 3 Blocked actors, 0 Stopped actors, and 4 active threads.
Waiting for actors to stop.
Read input token from inputA with value 7.0
Checking for deadlock:
There are 2 Blocked actors, 0 Stopped actors, and 4 active threads.
Waiting for actors to stop.
Called prefire()
Called fire()
Past the end of training data. Read and discard all inputs.
Checking for deadlock:
There are 3 Blocked actors, 0 Stopped actors, and 4 active threads.
Waiting for actors to stop.
Sent output token with value 7.0
Next port to read input from is inputA
Called postfire()
Called prefire()
Called fire()
Checking for deadlock:
There are 2 Blocked actors, 0 Stopped actors, and 4 active threads.
Waiting for actors to stop.
-- Thread wrapup() called.
Called wrapup()
Thread .top.Ramp is exiting.
-- Thread stopped.
Checking for deadlock:
There are 2 Blocked actors, 0 Stopped actors, and 3 active threads.
Waiting for actors to stop.
Read input token from inputA with value 8.0
Called prefire()
Called fire()
Past the end of training data. Read and discard all inputs.
Checking for deadlock:
There are 2 Blocked actors, 0 Stopped actors, and 3 active threads.
Waiting for actors to stop.
Sent output token with value 7.5
Next port to read input from is inputB
Called postfire()
Called prefire()
Called fire()
Checking for deadlock:
There are 1 Blocked actors, 0 Stopped actors, and 3 active threads.
Waiting for actors to stop.
Called postfire()
Called prefire()
Called fire()
Checking for deadlock:
There are 2 Blocked actors, 0 Stopped actors, and 3 active threads.
Waiting for actors to stop.
Read input token from inputB with value 9.0
Checking for deadlock:
There are 1 Blocked actors, 0 Stopped actors, and 3 active threads.
Waiting for actors to stop.
Called prefire()
Called fire()
Past the end of training data. Read and discard all inputs.
Checking for deadlock:
There are 2 Blocked actors, 0 Stopped actors, and 3 active threads.
Waiting for actors to stop.
Sent output token with value 8.0
Next port to read input from is inputA
Called postfire()
Called prefire()
Called fire()
Read input token from inputA with value 9.0
Called prefire()
Called fire()
Past the end of training data. Read and discard all inputs.
Checking for deadlock:
There are 2 Blocked actors, 0 Stopped actors, and 3 active threads.
Waiting for actors to stop.
Sent output token with value 9.0
Next port to read input from is inputB
Called postfire()
Called prefire()
Called fire()
Called postfire()
Called prefire()
Called fire()
Checking for deadlock:
There are 2 Blocked actors, 0 Stopped actors, and 3 active threads.
Waiting for actors to stop.
Read input token from inputB with value 10.5
Called prefire()
Called fire()
Past the end of training data. Read and discard all inputs.
Checking for deadlock:
There are 2 Blocked actors, 0 Stopped actors, and 3 active threads.
Waiting for actors to stop.
Sent output token with value 9.0
Next port to read input from is inputA
Called postfire()
Called prefire()
Called fire()
Checking for deadlock:
There are 3 Blocked actors, 0 Stopped actors, and 3 active threads.
Actors have stopped.
Checking for deadlock:
There are 3 Blocked actors, 0 Stopped actors, and 3 active threads.
Deadlock detected.
Resolving Deadlock
Checking for deadlock:
There are 3 Blocked actors, 0 Stopped actors, and 3 active threads.
Artificial Deadlock - increasing queue capacity.
increasing the capacity of receiver ptolemy.actor.TypedIOPort {.top.OrderedMerge.inputB} to 2
Director: Called postfire().
Called postfire().
_stopRequested = false
_stopFireRequested = false
Returning from postfire(): true
Called fire().
Checking for deadlock:
There are 2 Blocked actors, 0 Stopped actors, and 3 active threads.
Waiting for actors to stop.
-- Thread wrapup() called.
Called wrapup()
Thread .top.Ramp2 is exiting.
-- Thread stopped.
Checking for deadlock:
There are 2 Blocked actors, 0 Stopped actors, and 2 active threads.
Actors have stopped.
Checking for deadlock:
There are 2 Blocked actors, 0 Stopped actors, and 2 active threads.
Deadlock detected.
Resolving Deadlock
Checking for deadlock:
There are 2 Blocked actors, 0 Stopped actors, and 2 active threads.
Deadlock detected: no processes blocked on write, but some are blocked on read.
Called postfire().
_stopRequested = false
_stopFireRequested = false
Returning from postfire(): false
Finished deactivating branches.
Called wrapup().
-- Thread wrapup() called.
Called wrapup()
Thread .top.Test is exiting.
-- Thread stopped.
-- Blocked Receiver call threw TerminateProcessException.
-- Thread wrapup() called.
Called wrapup()
Thread .top.OrderedMerge is exiting.
-- Thread stopped.
-- Blocked Receiver call threw TerminateProcessException.
76 ms. Memory: 129024K Free: 68908K (53%)
.top. Preinitializing ...
Invoking preinitialize():  .top.OrderedMerge
Called preinitialize()
Invoking preinitialize():  .top.Ramp
Called preinitialize()
Invoking preinitialize():  .top.Ramp2
Called preinitialize()
Invoking preinitialize():  .top.Test
Called preinitialize()
.top. Finished preinitialize().
Called initialize().
Invoking initialize():  .top.OrderedMerge
Initializing actor: .top.OrderedMerge
Adding a thread: .top.OrderedMerge
Invoking initialize():  .top.Ramp
Initializing actor: .top.Ramp
Adding a thread: .top.Ramp
Invoking initialize():  .top.Ramp2
Initializing actor: .top.Ramp2
Adding a thread: .top.Ramp2
Invoking initialize():  .top.Test
Initializing actor: .top.Test
Adding a thread: .top.Test
-- Starting thread.
Called initialize()
Called prefire()
Called fire()
Called postfire()
Called prefire()
Called fire()
Called fire().
Checking for deadlock:
There are 1 Blocked actors, 0 Stopped actors, and 4 active threads.
Waiting for actors to stop.
-- Starting thread.
Called initialize()
Called prefire()
Called fire()
Checking for deadlock:
There are 2 Blocked actors, 0 Stopped actors, and 4 active threads.
Waiting for actors to stop.
-- Starting thread.
Called initialize()
Called prefire()
Called fire()
Called postfire()
Called prefire()
Called fire()
Checking for deadlock:
There are 3 Blocked actors, 0 Stopped actors, and 4 active threads.
Waiting for actors to stop.
-- Starting thread.
Called initialize()
Called prefire()
Called fire()
Read input token from inputA with value 0.0
Next port to read input from is inputB
Called postfire()
Called prefire()
Called fire()
Read input token from inputB with value 0.0
Sent output token with value 0.0
Next port to read input from is inputA
Called postfire()
Called prefire()
Called fire()
Checking for deadlock:
There are 1 Blocked actors, 0 Stopped actors, and 4 active threads.
Waiting for actors to stop.
-- Read input: 0.0, which is expected to match: 0.0
Called prefire()
Called fire()
Called postfire()
Called prefire()
Called fire()
Called postfire()
Called prefire()
Called fire()
Checking for deadlock:
There are 3 Blocked actors, 0 Stopped actors, and 4 active threads.
Waiting for actors to stop.
Read input token from inputA with value 1.0
Sent output token with value 0.0
Next port to read input from is inputB
Called postfire()
Called prefire()
Called fire()
Read input token from inputB with value 1.5
Checking for deadlock:
There are 1 Blocked actors, 0 Stopped actors, and 4 active threads.
Waiting for actors to stop.
-- Read input: 0.0, which is expected to match: 0.0
Called prefire()
Called fire()
Called postfire()
Called prefire()
Called fire()
Called postfire()
Called prefire()
Called fire()
Checking for deadlock:
There are 3 Blocked actors, 0 Stopped actors, and 4 active threads.
Waiting for actors to stop.
Sent output token with value 1.0
Next port to read input from is inputA
Called postfire()
Called prefire()
Called fire()
Read input token from inputA with value 2.0
Checking for deadlock:
There are 2 Blocked actors, 0 Stopped actors, and 4 active threads.
Waiting for actors to stop.
-- Read input: 1.0, which is expected to match: 1.0
Called prefire()
Called fire()
Called postfire()
Called prefire()
Called fire()
Checking for deadlock:
There are 3 Blocked actors, 0 Stopped actors, and 4 active threads.
Waiting for actors to stop.
Sent output token with value 1.5
Checking for deadlock:
There are 2 Blocked actors, 0 Stopped actors, and 4 active threads.
Waiting for actors to stop.
-- Read input: 1.5, which is expected to match: 1.5
Called prefire()
Called fire()
Checking for deadlock:
There are 3 Blocked actors, 0 Stopped actors, and 4 active threads.
Waiting for actors to stop.
Next port to read input from is inputB
Called postfire()
Called prefire()
Called fire()
Checking for deadlock:
There are 2 Blocked actors, 0 Stopped actors, and 4 active threads.
Waiting for actors to stop.
Called postfire()
Called prefire()
Called fire()
Checking for deadlock:
There are 3 Blocked actors, 0 Stopped actors, and 4 active threads.
Waiting for actors to stop.
Read input token from inputB with value 3.0
Checking for deadlock:
There are 2 Blocked actors, 0 Stopped actors, and 4 active threads.
Waiting for actors to stop.
-- Read input: 2.0, which is expected to match: 2.0
Called prefire()
Called fire()
Checking for deadlock:
There are 3 Blocked actors, 0 Stopped actors, and 4 active threads.
Waiting for actors to stop.
Sent output token with value 2.0
Next port to read input from is inputA
Called postfire()
Called prefire()
Called fire()
Checking for deadlock:
There are 2 Blocked actors, 0 Stopped actors, and 4 active threads.
Waiting for actors to stop.
Called postfire()
Called prefire()
Called fire()
Checking for deadlock:
There are 3 Blocked actors, 0 Stopped actors, and 4 active threads.
Waiting for actors to stop.
Read input token from inputA with value 3.0
Sent output token with value 3.0
Next port to read input from is inputB
Called postfire()
Called prefire()
Called fire()
Read input token from inputB with value 4.5
Checking for deadlock:
There are 2 Blocked actors, 0 Stopped actors, and 4 active threads.
Waiting for actors to stop.
-- Read input: 3.0, which is expected to match: 3.0
Called prefire()
Called fire()
Called postfire()
Called prefire()
Called fire()
Checking for deadlock:
There are 3 Blocked actors, 0 Stopped actors, and 4 active threads.
Waiting for actors to stop.
Checking for deadlock:
There are 2 Blocked actors, 0 Stopped actors, and 4 active threads.
Waiting for actors to stop.
-- Read input: 3.0, which is expected to match: 3.0
Called prefire()
Called fire()
Checking for deadlock:
There are 3 Blocked actors, 0 Stopped actors, and 4 active threads.
Waiting for actors to stop.
Sent output token with value 3.0
Next port to read input from is inputA
Called postfire()
Called prefire()
Called fire()
Checking for deadlock:
There are 2 Blocked actors, 0 Stopped actors, and 4 active threads.
Waiting for actors to stop.
Called postfire()
Called prefire()
Called fire()
Checking for deadlock:
There are 3 Blocked actors, 0 Stopped actors, and 4 active threads.
Waiting for actors to stop.
Read input token from inputA with value 4.0
Sent output token with value 4.0
Next port to read input from is inputA
Called postfire()
Called prefire()
Called fire()
Read input token from inputA with value 5.0
Checking for deadlock:
There are 2 Blocked actors, 0 Stopped actors, and 4 active threads.
Waiting for actors to stop.
-- Read input: 4.0, which is expected to match: 4.0
Called prefire()
Called fire()
Past the end of training data. Read and discard all inputs.
Called postfire()
Called prefire()
Called fire()
Checking for deadlock:
There are 3 Blocked actors, 0 Stopped actors, and 4 active threads.
Waiting for actors to stop.
Sent output token with value 4.5
Next port to read input from is inputB
Called postfire()
Called prefire()
Called fire()
Read input token from inputB with value 6.0
Checking for deadlock:
There are 2 Blocked actors, 0 Stopped actors, and 4 active threads.
Waiting for actors to stop.
Called prefire()
Called fire()
Past the end of training data. Read and discard all inputs.
Called postfire()
Called prefire()
Called fire()
Checking for deadlock:
There are 3 Blocked actors, 0 Stopped actors, and 4 active threads.
Waiting for actors to stop.
Checking for deadlock:
There are 2 Blocked actors, 0 Stopped actors, and 4 active threads.
Waiting for actors to stop.
Called prefire()
Called fire()
Past the end of training data. Read and discard all inputs.
Checking for deadlock:
There are 3 Blocked actors, 0 Stopped actors, and 4 active threads.
Waiting for actors to stop.
Sent output token with value 5.0
Next port to read input from is inputA
Called postfire()
Called prefire()
Called fire()
Checking for deadlock:
There are 2 Blocked actors, 0 Stopped actors, and 4 active threads.
Waiting for actors to stop.
Called postfire()
Called prefire()
Called fire()
Checking for deadlock:
There are 3 Blocked actors, 0 Stopped actors, and 4 active threads.
Waiting for actors to stop.
Read input token from inputA with value 6.0
Checking for deadlock:
There are 2 Blocked actors, 0 Stopped actors, and 4 active threads.
Waiting for actors to stop.
Called prefire()
Called fire()
Past the end of training data. Read and discard all inputs.
Checking for deadlock:
There are 3 Blocked actors, 0 Stopped actors, and 4 active threads.
Waiting for actors to stop.
Sent output token with value 6.0
Next port to read input from is inputB
Called postfire()
Called prefire()
Called fire()
Called postfire()
Called prefire()
Called fire()
Checking for deadlock:
There are 3 Blocked actors, 0 Stopped actors, and 4 active threads.
Waiting for actors to stop.
Read input token from inputB with value 7.5
Called prefire()
Called fire()
Past the end of training data. Read and discard all inputs.
Checking for deadlock:
There are 3 Blocked actors, 0 Stopped actors, and 4 active threads.
Waiting for actors to stop.
Sent output token with value 6.0
Next port to read input from is inputA
Called postfire()
Called prefire()
Called fire()
Checking for deadlock:
There are 2 Blocked actors, 0 Stopped actors, and 4 active threads.
Waiting for actors to stop.
Called postfire()
Called prefire()
Called fire()
Checking for deadlock:
There are 3 Blocked actors, 0 Stopped actors, and 4 active threads.
Waiting for actors to stop.
Read input token from inputA with value 7.0
Checking for deadlock:
There are 2 Blocked actors, 0 Stopped actors, and 4 active threads.
Waiting for actors to stop.
Called prefire()
Called fire()
Past the end of training data. Read and discard all inputs.
Checking for deadlock:
There are 3 Blocked actors, 0 Stopped actors, and 4 active threads.
Waiting for actors to stop.
Sent output token with value 7.0
Next port to read input from is inputA
Called postfire()
Called prefire()
Called fire()
Checking for deadlock:
There are 2 Blocked actors, 0 Stopped actors, and 4 active threads.
Waiting for actors to stop.
-- Thread wrapup() called.
Called wrapup()
Thread .top.Ramp is exiting.
Checking for deadlock:
There are 2 Blocked actors, 0 Stopped actors, and 3 active threads.
Waiting for actors to stop.
-- Thread stopped.
Read input token from inputA with value 8.0
Called prefire()
Called fire()
Past the end of training data. Read and discard all inputs.
Checking for deadlock:
There are 2 Blocked actors, 0 Stopped actors, and 3 active threads.
Waiting for actors to stop.
Sent output token with value 7.5
Next port to read input from is inputB
Called postfire()
Called prefire()
Called fire()
Called postfire()
Called prefire()
Called fire()
Checking for deadlock:
There are 2 Blocked actors, 0 Stopped actors, and 3 active threads.
Waiting for actors to stop.
Read input token from inputB with value 9.0
Called prefire()
Called fire()
Past the end of training data. Read and discard all inputs.
Checking for deadlock:
There are 2 Blocked actors, 0 Stopped actors, and 3 active threads.
Waiting for actors to stop.
Sent output token with value 8.0
Next port to read input from is inputA
Called postfire()
Called prefire()
Called fire()
Read input token from inputA with value 9.0
Called prefire()
Called fire()
Past the end of training data. Read and discard all inputs.
Checking for deadlock:
There are 2 Blocked actors, 0 Stopped actors, and 3 active threads.
Waiting for actors to stop.
Sent output token with value 9.0
Next port to read input from is inputB
Called postfire()
Called prefire()
Called fire()
Checking for deadlock:
There are 1 Blocked actors, 0 Stopped actors, and 3 active threads.
Waiting for actors to stop.
Called postfire()
Called prefire()
Called fire()
Checking for deadlock:
There are 2 Blocked actors, 0 Stopped actors, and 3 active threads.
Waiting for actors to stop.
Read input token from inputB with value 10.5
Checking for deadlock:
There are 1 Blocked actors, 0 Stopped actors, and 3 active threads.
Waiting for actors to stop.
Called prefire()
Called fire()
Past the end of training data. Read and discard all inputs.
Checking for deadlock:
There are 2 Blocked actors, 0 Stopped actors, and 3 active threads.
Waiting for actors to stop.
Sent output token with value 9.0
Next port to read input from is inputA
Called postfire()
Called prefire()
Called fire()
Checking for deadlock:
There are 3 Blocked actors, 0 Stopped actors, and 3 active threads.
Actors have stopped.
Checking for deadlock:
There are 3 Blocked actors, 0 Stopped actors, and 3 active threads.
Deadlock detected.
Resolving Deadlock
Checking for deadlock:
There are 3 Blocked actors, 0 Stopped actors, and 3 active threads.
Artificial Deadlock - increasing queue capacity.
increasing the capacity of receiver ptolemy.actor.TypedIOPort {.top.OrderedMerge.inputB} to 2
Director: Called postfire().
Called postfire().
_stopRequested = false
_stopFireRequested = false
Returning from postfire(): true
Called fire().
Checking for deadlock:
There are 2 Blocked actors, 0 Stopped actors, and 3 active threads.
Waiting for actors to stop.
-- Thread wrapup() called.
Called wrapup()
Thread .top.Ramp2 is exiting.
-- Thread stopped.
Checking for deadlock:
There are 2 Blocked actors, 0 Stopped actors, and 2 active threads.
Actors have stopped.
Checking for deadlock:
There are 2 Blocked actors, 0 Stopped actors, and 2 active threads.
Deadlock detected.
Resolving Deadlock
Checking for deadlock:
There are 2 Blocked actors, 0 Stopped actors, and 2 active threads.
Deadlock detected: no processes blocked on write, but some are blocked on read.
Called postfire().
_stopRequested = false
_stopFireRequested = false
Returning from postfire(): false
Finished deactivating branches.
Called wrapup().
-- Thread wrapup() called.
Called wrapup()
Thread .top.OrderedMerge is exiting.
-- Thread wrapup() called.
-- Thread stopped.
-- Blocked Receiver call threw TerminateProcessException.
Called wrapup()
Thread .top.Test is exiting.
-- Thread stopped.
-- Blocked Receiver call threw TerminateProcessException.
48 ms. Memory: 129024K Free: 111528K (86%)
/home/travis/build/icyphy/ptII/ptolemy/actor/lib/test/Publisher.tcl
23 ms. Memory: 129024K Free: 105510K (82%)
28 ms. Memory: 129024K Free: 107723K (83%)
6 ms. Memory: 129024K Free: 103627K (80%)
5 ms. Memory: 129024K Free: 102603K (80%)
11 ms. Memory: 129024K Free: 102089K (79%)
11 ms. Memory: 129024K Free: 101065K (78%)
3 ms. Memory: 129024K Free: 100555K (78%)
4 ms. Memory: 129024K Free: 99531K (77%)
24 ms. Memory: 129024K Free: 89801K (70%)
6 ms. Memory: 129024K Free: 85691K (66%)
3 ms. Memory: 129024K Free: 85195K (66%)
3 ms. Memory: 129024K Free: 82619K (64%)
7 ms. Memory: 129024K Free: 75465K (58%)
5 ms. Memory: 129024K Free: 65739K (51%)
7 ms. Memory: 155648K Free: 134623K (86%)
/home/travis/build/icyphy/ptII/ptolemy/actor/lib/test/Pulse.tcl
2 ms. Memory: 155648K Free: 97239K (62%)
1 ms. Memory: 155648K Free: 96735K (62%)
2 ms. Memory: 155648K Free: 96215K (62%)
2 ms. Memory: 155648K Free: 95711K (61%)
1 ms. Memory: 155648K Free: 95197K (61%)
5 ms. Memory: 155648K Free: 94159K (60%)
5 ms. Memory: 155648K Free: 93119K (60%)
1 ms. Memory: 155648K Free: 92095K (59%)
2 ms. Memory: 155648K Free: 91615K (59%)
/home/travis/build/icyphy/ptII/ptolemy/actor/lib/test/Ramp.tcl
8 ms. Memory: 155648K Free: 89567K (58%)
2 ms. Memory: 155648K Free: 89023K (57%)
2 ms. Memory: 155648K Free: 88015K (57%)
2 ms. Memory: 155648K Free: 87519K (56%)
5 ms. Memory: 155648K Free: 86495K (56%)
9 ms. Memory: 155648K Free: 85471K (55%)
7 ms. Memory: 155648K Free: 84943K (55%)
5 actors
5000 microseconds per iteration to create
10 ms. Memory: 155648K Free: 81871K (53%)
2 ms. Memory: 155648K Free: 81375K (52%)
2 ms. Memory: 155648K Free: 80861K (52%)
1 ms. Memory: 155648K Free: 80351K (52%)
50 actors
47000 microseconds per iteration to create
53 ms. Memory: 155648K Free: 128966K (83%)
9 ms. Memory: 155648K Free: 127972K (82%)
15 ms. Memory: 155648K Free: 126934K (82%)
4 ms. Memory: 155648K Free: 125894K (81%)
500 actors
1734000 microseconds per iteration to create
250 ms. Memory: 155648K Free: 100526K (65%)
41 ms. Memory: 155648K Free: 95421K (61%)
39 ms. Memory: 155648K Free: 90301K (58%)
40 ms. Memory: 155648K Free: 85181K (55%)
/home/travis/build/icyphy/ptII/ptolemy/actor/lib/test/RampContinuous.tcl
8 ms. Memory: 155648K Free: 83647K (54%)
/home/travis/build/icyphy/ptII/ptolemy/actor/lib/test/RecordAssembler.tcl
5 ms. Memory: 155648K Free: 82094K (53%)
3 ms. Memory: 155648K Free: 81078K (52%)
/home/travis/build/icyphy/ptII/ptolemy/actor/lib/test/RecordDisassembler.tcl
6 ms. Memory: 155648K Free: 79037K (51%)
2 ms. Memory: 155648K Free: 78527K (50%)
4 ms. Memory: 155648K Free: 77503K (50%)
/home/travis/build/icyphy/ptII/ptolemy/actor/lib/test/Scale.tcl
3 ms. Memory: 155648K Free: 75455K (48%)
2 ms. Memory: 155648K Free: 74934K (48%)
1 ms. Memory: 155648K Free: 73902K (47%)
1 ms. Memory: 155648K Free: 72893K (47%)
2 ms. Memory: 155648K Free: 72383K (47%)
/home/travis/build/icyphy/ptII/ptolemy/actor/lib/test/SequentialClock.tcl
preinitializing
resolving types
initializing
executing number 1
wrapping up
idle
2 ms. Memory: 155648K Free: 70830K (46%)
Completed execution with 5 iterations
preinitializing
resolving types
initializing
executing number 1
wrapping up
idle
1 ms. Memory: 155648K Free: 70335K (45%)
Completed execution with 5 iterations
preinitializing
resolving types
initializing
executing number 1
wrapping up
idle
2 ms. Memory: 155648K Free: 69806K (45%)
Completed execution with 5 iterations
/home/travis/build/icyphy/ptII/ptolemy/actor/lib/test/SetVariable.tcl
4 ms. Memory: 155648K Free: 68287K (44%)
/home/travis/build/icyphy/ptII/ptolemy/actor/lib/test/Sinewave.tcl
/home/travis/build/icyphy/ptII/ptolemy/actor/lib/test/SubscriptionAggregator.tcl
5 ms. Memory: 187392K Free: 162491K (87%)
3 ms. Memory: 187392K Free: 161981K (86%)
1 ms. Memory: 187392K Free: 161452K (86%)
1 ms. Memory: 187392K Free: 160957K (86%)
3 ms. Memory: 187392K Free: 157356K (84%)
14 ms. Memory: 187392K Free: 155323K (83%)
...............................................................899 ms. Memory: 271360K Free: 108318K (40%)
/home/travis/build/icyphy/ptII/ptolemy/actor/lib/test/Test.tcl
 The next command will produce a warning about training mode,
   which may be ignored.
4 ms. Memory: 271360K Free: 106255K (39%)
3 ms. Memory: 271360K Free: 105231K (39%)
2 ms. Memory: 271360K Free: 104736K (39%)
1 ms. Memory: 271360K Free: 104215K (38%)
1 ms. Memory: 271360K Free: 103712K (38%)
3 ms. Memory: 271360K Free: 102174K (38%)
3 ms. Memory: 271360K Free: 101150K (37%)
 The next command will produce a warning about training mode,
   which may be ignored.
4 ms. Memory: 271360K Free: 98592K (36%)
 The next command will produce a warning about training mode,
   which may be ignored.
2 ms. Memory: 271360K Free: 97568K (36%)
1 ms. Memory: 271360K Free: 97039K (36%)
1 ms. Memory: 271360K Free: 96544K (36%)
2 ms. Memory: 271360K Free: 96015K (35%)
71 ms. Memory: 271360K Free: 225054K (83%)
5 ms. Memory: 271360K Free: 221472K (82%)
/home/travis/build/icyphy/ptII/ptolemy/actor/lib/test/TestExceptionHandler.tcl
 The next command will produce a warning about training mode,
   which may be ignored.
3 ms. Memory: 271360K Free: 219919K (81%)
1 ms. Memory: 271360K Free: 219424K (81%)
1 ms. Memory: 271360K Free: 218895K (81%)
/home/travis/build/icyphy/ptII/ptolemy/actor/lib/test/UnionDisassembler.tcl
27 ms. Memory: 271360K Free: 211711K (78%)
/home/travis/build/icyphy/ptII/ptolemy/actor/lib/test/VariableClock.tcl
preinitializing
resolving types
initializing
executing number 1
wrapping up
idle
9 ms. Memory: 271360K Free: 209663K (77%)
Completed execution with 11 iterations
preinitializing
resolving types
initializing
executing number 1
wrapping up
idle
6 ms. Memory: 271360K Free: 208160K (77%)
Completed execution with 10 iterations
10/21/20 03:52:58
Failed: 0  Total Tests: 233  ((Passed: 233, Newly Passed: 0)  Known Failed: 0) /home/travis/build/icyphy/ptII/ptolemy/actor/lib/test
----------------- testing (KnownFailure) /home/travis/build/icyphy/ptII/ptolemy/actor/lib/test/auto/knownFailedTests/PublisherPortToplevelSubscriber.xml
0 ms. Memory: 271360K Free: 205088K (76%)
Known Failure: java.lang.reflect.InvocationTargetException
----------------- testing (KnownFailure) /home/travis/build/icyphy/ptII/ptolemy/actor/lib/test/auto/knownFailedTests/PublisherSubscriberPortToplevel.xml
1 ms. Memory: 271360K Free: 200992K (74%)
Known Failure: java.lang.reflect.InvocationTargetException
----------------- testing (KnownFailure) /home/travis/build/icyphy/ptII/ptolemy/actor/lib/test/auto/knownFailedTests/PublisherSubscriptionAggregatorPort.xml
0 ms. Memory: 271360K Free: 196896K (73%)
Known Failure: java.lang.reflect.InvocationTargetException
----------------- testing (KnownFailure) /home/travis/build/icyphy/ptII/ptolemy/actor/lib/test/auto/knownFailedTests/sizedarray3.xml
7 ms. Memory: 271360K Free: 192286K (71%)
Known Failure: java.lang.reflect.InvocationTargetException
No auto/linux-amd64/*.xml tests in /home/travis/build/icyphy/ptII/ptolemy/actor/lib/test
AutoTests.java: About to close Vertx.
AutoTests.java: Vertx closed.

===========================================================================================
----------------- testing Wed Oct 21 15:52:58 UTC 2020 /home/travis/build/icyphy/ptII/ptolemy/actor/lib/test/auto/AbsoluteValue.xml
----------------- Instantiating /home/travis/build/icyphy/ptII/ptolemy/actor/lib/test/auto/AbsoluteValue.xml
6 ms. Memory: 271360K Free: 169248K (62%)
----------------- Invoking toplevel() on ptolemy.moml.MoMLSimpleApplication@2569f1c3
----------------- Done invoking toplevel() on ptolemy.moml.MoMLSimpleApplication@2569f1c3
reloadAllAccessors: .AbsoluteValue

===========================================================================================
----------------- testing Wed Oct 21 15:52:59 UTC 2020 /home/travis/build/icyphy/ptII/ptolemy/actor/lib/test/auto/AbsoluteValue2.xml
----------------- Instantiating /home/travis/build/icyphy/ptII/ptolemy/actor/lib/test/auto/AbsoluteValue2.xml
5 ms. Memory: 271360K Free: 162590K (60%)
----------------- Invoking toplevel() on ptolemy.moml.MoMLSimpleApplication@59d3778c
----------------- Done invoking toplevel() on ptolemy.moml.MoMLSimpleApplication@59d3778c
reloadAllAccessors: .AbsoluteValue2

===========================================================================================
----------------- testing Wed Oct 21 15:52:59 UTC 2020 /home/travis/build/icyphy/ptII/ptolemy/actor/lib/test/auto/Accumulator.xml
----------------- Instantiating /home/travis/build/icyphy/ptII/ptolemy/actor/lib/test/auto/Accumulator.xml
6 ms. Memory: 271360K Free: 155936K (57%)
----------------- Invoking toplevel() on ptolemy.moml.MoMLSimpleApplication@34295058
----------------- Done invoking toplevel() on ptolemy.moml.MoMLSimpleApplication@34295058
reloadAllAccessors: .Accumulator

===========================================================================================
----------------- testing Wed Oct 21 15:52:59 UTC 2020 /home/travis/build/icyphy/ptII/ptolemy/actor/lib/test/auto/Accumulator2.xml
----------------- Instantiating /home/travis/build/icyphy/ptII/ptolemy/actor/lib/test/auto/Accumulator2.xml
3 ms. Memory: 271360K Free: 150816K (56%)
----------------- Invoking toplevel() on ptolemy.moml.MoMLSimpleApplication@2c6c9f13
----------------- Done invoking toplevel() on ptolemy.moml.MoMLSimpleApplication@2c6c9f13
reloadAllAccessors: .Accumulator2

===========================================================================================
----------------- testing Wed Oct 21 15:52:59 UTC 2020 /home/travis/build/icyphy/ptII/ptolemy/actor/lib/test/auto/Accumulator3.xml
----------------- Instantiating /home/travis/build/icyphy/ptII/ptolemy/actor/lib/test/auto/Accumulator3.xml
3 ms. Memory: 271360K Free: 146206K (54%)
----------------- Invoking toplevel() on ptolemy.moml.MoMLSimpleApplication@79694ec4
----------------- Done invoking toplevel() on ptolemy.moml.MoMLSimpleApplication@79694ec4
reloadAllAccessors: .Accumulator3

===========================================================================================
----------------- testing Wed Oct 21 15:52:59 UTC 2020 /home/travis/build/icyphy/ptII/ptolemy/actor/lib/test/auto/ArrayAppend.xml
----------------- Instantiating /home/travis/build/icyphy/ptII/ptolemy/actor/lib/test/auto/ArrayAppend.xml
4 ms. Memory: 271360K Free: 140031K (52%)
----------------- Invoking toplevel() on ptolemy.moml.MoMLSimpleApplication@769da9e9
----------------- Done invoking toplevel() on ptolemy.moml.MoMLSimpleApplication@769da9e9
reloadAllAccessors: .ArrayAppend

===========================================================================================
----------------- testing Wed Oct 21 15:52:59 UTC 2020 /home/travis/build/icyphy/ptII/ptolemy/actor/lib/test/auto/ArrayAppend2.xml
----------------- Instantiating /home/travis/build/icyphy/ptII/ptolemy/actor/lib/test/auto/ArrayAppend2.xml
404 ms. Memory: 271360K Free: 222500K (82%)
----------------- Invoking toplevel() on ptolemy.moml.MoMLSimpleApplication@44a0542e
----------------- Done invoking toplevel() on ptolemy.moml.MoMLSimpleApplication@44a0542e
reloadAllAccessors: .ArrayAppend2

===========================================================================================
----------------- testing Wed Oct 21 15:52:59 UTC 2020 /home/travis/build/icyphy/ptII/ptolemy/actor/lib/test/auto/ArrayAppend3.xml
----------------- Instantiating /home/travis/build/icyphy/ptII/ptolemy/actor/lib/test/auto/ArrayAppend3.xml
7 ms. Memory: 271360K Free: 216356K (80%)
----------------- Invoking toplevel() on ptolemy.moml.MoMLSimpleApplication@6c670ffd
----------------- Done invoking toplevel() on ptolemy.moml.MoMLSimpleApplication@6c670ffd
reloadAllAccessors: .ArrayAppend3

===========================================================================================
----------------- testing Wed Oct 21 15:52:59 UTC 2020 /home/travis/build/icyphy/ptII/ptolemy/actor/lib/test/auto/ArrayAppend4.xml
----------------- Instantiating /home/travis/build/icyphy/ptII/ptolemy/actor/lib/test/auto/ArrayAppend4.xml
7 ms. Memory: 271360K Free: 211205K (78%)
----------------- Invoking toplevel() on ptolemy.moml.MoMLSimpleApplication@b5369e9
----------------- Done invoking toplevel() on ptolemy.moml.MoMLSimpleApplication@b5369e9
reloadAllAccessors: .ArrayAppend4

===========================================================================================
----------------- testing Wed Oct 21 15:52:59 UTC 2020 /home/travis/build/icyphy/ptII/ptolemy/actor/lib/test/auto/ArrayAppend5.xml
----------------- Instantiating /home/travis/build/icyphy/ptII/ptolemy/actor/lib/test/auto/ArrayAppend5.xml
2 ms. Memory: 271360K Free: 206116K (76%)
----------------- Invoking toplevel() on ptolemy.moml.MoMLSimpleApplication@6dd6e37c
----------------- Done invoking toplevel() on ptolemy.moml.MoMLSimpleApplication@6dd6e37c
reloadAllAccessors: .ArrayAppend5

===========================================================================================
----------------- testing Wed Oct 21 15:52:59 UTC 2020 /home/travis/build/icyphy/ptII/ptolemy/actor/lib/test/auto/ArrayAppend6.xml
----------------- Instantiating /home/travis/build/icyphy/ptII/ptolemy/actor/lib/test/auto/ArrayAppend6.xml
2 ms. Memory: 271360K Free: 200486K (74%)
----------------- Invoking toplevel() on ptolemy.moml.MoMLSimpleApplication@3122587
----------------- Done invoking toplevel() on ptolemy.moml.MoMLSimpleApplication@3122587
reloadAllAccessors: .ArrayAppend6

===========================================================================================
----------------- testing Wed Oct 21 15:52:59 UTC 2020 /home/travis/build/icyphy/ptII/ptolemy/actor/lib/test/auto/ArrayAppendPerformanceTest.xml
----------------- Instantiating /home/travis/build/icyphy/ptII/ptolemy/actor/lib/test/auto/ArrayAppendPerformanceTest.xml
39 ms. Memory: 271360K Free: 190246K (70%)
----------------- Invoking toplevel() on ptolemy.moml.MoMLSimpleApplication@41975e60
----------------- Done invoking toplevel() on ptolemy.moml.MoMLSimpleApplication@41975e60
reloadAllAccessors: .ArrayAppendPerformanceTest

===========================================================================================
----------------- testing Wed Oct 21 15:52:59 UTC 2020 /home/travis/build/icyphy/ptII/ptolemy/actor/lib/test/auto/ArrayAppendWithEmptyInput.xml
----------------- Instantiating /home/travis/build/icyphy/ptII/ptolemy/actor/lib/test/auto/ArrayAppendWithEmptyInput.xml
16 ms. Memory: 271360K Free: 182054K (67%)
----------------- Invoking toplevel() on ptolemy.moml.MoMLSimpleApplication@2f79b9bf
----------------- Done invoking toplevel() on ptolemy.moml.MoMLSimpleApplication@2f79b9bf
reloadAllAccessors: .ArrayAppendWithEmptyInput

===========================================================================================
----------------- testing Wed Oct 21 15:52:59 UTC 2020 /home/travis/build/icyphy/ptII/ptolemy/actor/lib/test/auto/ArrayAverage.xml
----------------- Instantiating /home/travis/build/icyphy/ptII/ptolemy/actor/lib/test/auto/ArrayAverage.xml
6 ms. Memory: 271360K Free: 174372K (64%)
----------------- Invoking toplevel() on ptolemy.moml.MoMLSimpleApplication@1391949
----------------- Done invoking toplevel() on ptolemy.moml.MoMLSimpleApplication@1391949
reloadAllAccessors: .ArrayAverage

===========================================================================================
----------------- testing Wed Oct 21 15:53:00 UTC 2020 /home/travis/build/icyphy/ptII/ptolemy/actor/lib/test/auto/ArrayContains.xml
----------------- Instantiating /home/travis/build/icyphy/ptII/ptolemy/actor/lib/test/auto/ArrayContains.xml
6 ms. Memory: 271360K Free: 168228K (62%)
----------------- Invoking toplevel() on ptolemy.moml.MoMLSimpleApplication@5e235baa
----------------- Done invoking toplevel() on ptolemy.moml.MoMLSimpleApplication@5e235baa
reloadAllAccessors: .ArrayContains

===========================================================================================
----------------- testing Wed Oct 21 15:53:00 UTC 2020 /home/travis/build/icyphy/ptII/ptolemy/actor/lib/test/auto/ArrayElement.xml
----------------- Instantiating /home/travis/build/icyphy/ptII/ptolemy/actor/lib/test/auto/ArrayElement.xml
3 ms. Memory: 271360K Free: 162598K (60%)
----------------- Invoking toplevel() on ptolemy.moml.MoMLSimpleApplication@13a1744e
----------------- Done invoking toplevel() on ptolemy.moml.MoMLSimpleApplication@13a1744e
reloadAllAccessors: .ArrayElement

===========================================================================================
----------------- testing Wed Oct 21 15:53:00 UTC 2020 /home/travis/build/icyphy/ptII/ptolemy/actor/lib/test/auto/ArrayElementAsMatrix.xml
----------------- Instantiating /home/travis/build/icyphy/ptII/ptolemy/actor/lib/test/auto/ArrayElementAsMatrix.xml
18 ms. Memory: 271360K Free: 152358K (56%)
----------------- Invoking toplevel() on ptolemy.moml.MoMLSimpleApplication@54f177d8
----------------- Done invoking toplevel() on ptolemy.moml.MoMLSimpleApplication@54f177d8
reloadAllAccessors: .ArrayElementAsMatrix

===========================================================================================
----------------- testing Wed Oct 21 15:53:00 UTC 2020 /home/travis/build/icyphy/ptII/ptolemy/actor/lib/test/auto/ArrayElementI.xml
----------------- Instantiating /home/travis/build/icyphy/ptII/ptolemy/actor/lib/test/auto/ArrayElementI.xml
3 ms. Memory: 271360K Free: 147748K (54%)
----------------- Invoking toplevel() on ptolemy.moml.MoMLSimpleApplication@3f36f64a
----------------- Done invoking toplevel() on ptolemy.moml.MoMLSimpleApplication@3f36f64a
reloadAllAccessors: .ArrayElementI

===========================================================================================
----------------- testing Wed Oct 21 15:53:00 UTC 2020 /home/travis/build/icyphy/ptII/ptolemy/actor/lib/test/auto/ArrayExtract.xml
----------------- Instantiating /home/travis/build/icyphy/ptII/ptolemy/actor/lib/test/auto/ArrayExtract.xml
5 ms. Memory: 271360K Free: 140070K (52%)
----------------- Invoking toplevel() on ptolemy.moml.MoMLSimpleApplication@33348a45
----------------- Done invoking toplevel() on ptolemy.moml.MoMLSimpleApplication@33348a45
reloadAllAccessors: .ArrayExtract

===========================================================================================
----------------- testing Wed Oct 21 15:53:00 UTC 2020 /home/travis/build/icyphy/ptII/ptolemy/actor/lib/test/auto/ArrayExtract2.xml
----------------- Instantiating /home/travis/build/icyphy/ptII/ptolemy/actor/lib/test/auto/ArrayExtract2.xml
2 ms. Memory: 271360K Free: 134421K (50%)
----------------- Invoking toplevel() on ptolemy.moml.MoMLSimpleApplication@8dbe563
----------------- Done invoking toplevel() on ptolemy.moml.MoMLSimpleApplication@8dbe563
reloadAllAccessors: .ArrayExtract2

===========================================================================================
----------------- testing Wed Oct 21 15:53:00 UTC 2020 /home/travis/build/icyphy/ptII/ptolemy/actor/lib/test/auto/ArrayLength.xml
----------------- Instantiating /home/travis/build/icyphy/ptII/ptolemy/actor/lib/test/auto/ArrayLength.xml
2 ms. Memory: 271360K Free: 130854K (48%)
----------------- Invoking toplevel() on ptolemy.moml.MoMLSimpleApplication@49cbd163
----------------- Done invoking toplevel() on ptolemy.moml.MoMLSimpleApplication@49cbd163
reloadAllAccessors: .ArrayLength

===========================================================================================
----------------- testing Wed Oct 21 15:53:00 UTC 2020 /home/travis/build/icyphy/ptII/ptolemy/actor/lib/test/auto/ArrayLevelCrossing.xml
----------------- Instantiating /home/travis/build/icyphy/ptII/ptolemy/actor/lib/test/auto/ArrayLevelCrossing.xml
4 ms. Memory: 271360K Free: 122662K (45%)
----------------- Invoking toplevel() on ptolemy.moml.MoMLSimpleApplication@457f796f
----------------- Done invoking toplevel() on ptolemy.moml.MoMLSimpleApplication@457f796f
reloadAllAccessors: .ArrayLevelCrossing

===========================================================================================
----------------- testing Wed Oct 21 15:53:00 UTC 2020 /home/travis/build/icyphy/ptII/ptolemy/actor/lib/test/auto/ArrayLevelCrossing2.xml
----------------- Instantiating /home/travis/build/icyphy/ptII/ptolemy/actor/lib/test/auto/ArrayLevelCrossing2.xml
6 ms. Memory: 271360K Free: 115494K (43%)
----------------- Invoking toplevel() on ptolemy.moml.MoMLSimpleApplication@3c40cbba
----------------- Done invoking toplevel() on ptolemy.moml.MoMLSimpleApplication@3c40cbba
reloadAllAccessors: .ArrayLevelCrossing2

===========================================================================================
----------------- testing Wed Oct 21 15:53:00 UTC 2020 /home/travis/build/icyphy/ptII/ptolemy/actor/lib/test/auto/ArrayPeakSearch.xml
----------------- Instantiating /home/travis/build/icyphy/ptII/ptolemy/actor/lib/test/auto/ArrayPeakSearch.xml
4 ms. Memory: 271360K Free: 106278K (39%)
----------------- Invoking toplevel() on ptolemy.moml.MoMLSimpleApplication@477c4a03
----------------- Done invoking toplevel() on ptolemy.moml.MoMLSimpleApplication@477c4a03
reloadAllAccessors: .ArrayPeakSearch

===========================================================================================
----------------- testing Wed Oct 21 15:53:00 UTC 2020 /home/travis/build/icyphy/ptII/ptolemy/actor/lib/test/auto/ArrayPeakSearch2.xml
----------------- Instantiating /home/travis/build/icyphy/ptII/ptolemy/actor/lib/test/auto/ArrayPeakSearch2.xml
4 ms. Memory: 271360K Free: 96038K (35%)
----------------- Invoking toplevel() on ptolemy.moml.MoMLSimpleApplication@d88ae47
----------------- Done invoking toplevel() on ptolemy.moml.MoMLSimpleApplication@d88ae47
reloadAllAccessors: .ArrayPeakSearch2

===========================================================================================
----------------- testing Wed Oct 21 15:53:00 UTC 2020 /home/travis/build/icyphy/ptII/ptolemy/actor/lib/test/auto/ArrayPeakSearch3.xml
----------------- Instantiating /home/travis/build/icyphy/ptII/ptolemy/actor/lib/test/auto/ArrayPeakSearch3.xml
4 ms. Memory: 271360K Free: 86822K (32%)
----------------- Invoking toplevel() on ptolemy.moml.MoMLSimpleApplication@70a9604
----------------- Done invoking toplevel() on ptolemy.moml.MoMLSimpleApplication@70a9604
reloadAllAccessors: .ArrayPeakSearch3

===========================================================================================
----------------- testing Wed Oct 21 15:53:00 UTC 2020 /home/travis/build/icyphy/ptII/ptolemy/actor/lib/test/auto/ArrayRemoveElement.xml
----------------- Instantiating /home/travis/build/icyphy/ptII/ptolemy/actor/lib/test/auto/ArrayRemoveElement.xml
3 ms. Memory: 271360K Free: 79140K (29%)
----------------- Invoking toplevel() on ptolemy.moml.MoMLSimpleApplication@5d9faacf
----------------- Done invoking toplevel() on ptolemy.moml.MoMLSimpleApplication@5d9faacf
reloadAllAccessors: .ArrayRemoveElement

===========================================================================================
----------------- testing Wed Oct 21 15:53:00 UTC 2020 /home/travis/build/icyphy/ptII/ptolemy/actor/lib/test/auto/ArraySort.xml
----------------- Instantiating /home/travis/build/icyphy/ptII/ptolemy/actor/lib/test/auto/ArraySort.xml
3 ms. Memory: 271360K Free: 69924K (26%)
----------------- Invoking toplevel() on ptolemy.moml.MoMLSimpleApplication@7b431fa6
----------------- Done invoking toplevel() on ptolemy.moml.MoMLSimpleApplication@7b431fa6
reloadAllAccessors: .ArraySort

===========================================================================================
----------------- testing Wed Oct 21 15:53:00 UTC 2020 /home/travis/build/icyphy/ptII/ptolemy/actor/lib/test/auto/ArraySum.xml
----------------- Instantiating /home/travis/build/icyphy/ptII/ptolemy/actor/lib/test/auto/ArraySum.xml
6 ms. Memory: 271360K Free: 222469K (82%)
----------------- Invoking toplevel() on ptolemy.moml.MoMLSimpleApplication@7b0cbae0
----------------- Done invoking toplevel() on ptolemy.moml.MoMLSimpleApplication@7b0cbae0
reloadAllAccessors: .ArraySum

===========================================================================================
----------------- testing Wed Oct 21 15:53:00 UTC 2020 /home/travis/build/icyphy/ptII/ptolemy/actor/lib/test/auto/ArrayToElements.xml
----------------- Instantiating /home/travis/build/icyphy/ptII/ptolemy/actor/lib/test/auto/ArrayToElements.xml
3 ms. Memory: 271360K Free: 216870K (80%)
----------------- Invoking toplevel() on ptolemy.moml.MoMLSimpleApplication@54f0903
----------------- Done invoking toplevel() on ptolemy.moml.MoMLSimpleApplication@54f0903
reloadAllAccessors: .ArrayToElements

===========================================================================================
----------------- testing Wed Oct 21 15:53:00 UTC 2020 /home/travis/build/icyphy/ptII/ptolemy/actor/lib/test/auto/ArrayToMatrix.xml
----------------- Instantiating /home/travis/build/icyphy/ptII/ptolemy/actor/lib/test/auto/ArrayToMatrix.xml
9 ms. Memory: 271360K Free: 202534K (75%)
----------------- Invoking toplevel() on ptolemy.moml.MoMLSimpleApplication@7ebb5283
----------------- Done invoking toplevel() on ptolemy.moml.MoMLSimpleApplication@7ebb5283
reloadAllAccessors: .ArrayToMatrix

===========================================================================================
----------------- testing Wed Oct 21 15:53:00 UTC 2020 /home/travis/build/icyphy/ptII/ptolemy/actor/lib/test/auto/ArrayUpdate1.xml
----------------- Instantiating /home/travis/build/icyphy/ptII/ptolemy/actor/lib/test/auto/ArrayUpdate1.xml
3 ms. Memory: 271360K Free: 197924K (73%)
----------------- Invoking toplevel() on ptolemy.moml.MoMLSimpleApplication@2207a2a6
----------------- Done invoking toplevel() on ptolemy.moml.MoMLSimpleApplication@2207a2a6
reloadAllAccessors: .ArrayUpdate1

===========================================================================================
----------------- testing Wed Oct 21 15:53:00 UTC 2020 /home/travis/build/icyphy/ptII/ptolemy/actor/lib/test/auto/ArrayUpdate2.xml
----------------- Instantiating /home/travis/build/icyphy/ptII/ptolemy/actor/lib/test/auto/ArrayUpdate2.xml
9 ms. Memory: 271360K Free: 191270K (70%)
----------------- Invoking toplevel() on ptolemy.moml.MoMLSimpleApplication@110ec5fb
----------------- Done invoking toplevel() on ptolemy.moml.MoMLSimpleApplication@110ec5fb
reloadAllAccessors: .ArrayUpdate2

===========================================================================================
----------------- testing Wed Oct 21 15:53:00 UTC 2020 /home/travis/build/icyphy/ptII/ptolemy/actor/lib/test/auto/ArrayUpdate3.xml
----------------- Instantiating /home/travis/build/icyphy/ptII/ptolemy/actor/lib/test/auto/ArrayUpdate3.xml
3 ms. Memory: 271360K Free: 186660K (69%)
----------------- Invoking toplevel() on ptolemy.moml.MoMLSimpleApplication@30890051
----------------- Done invoking toplevel() on ptolemy.moml.MoMLSimpleApplication@30890051
reloadAllAccessors: .ArrayUpdate3

===========================================================================================
----------------- testing Wed Oct 21 15:53:00 UTC 2020 /home/travis/build/icyphy/ptII/ptolemy/actor/lib/test/auto/Assert1.xml
----------------- Instantiating /home/travis/build/icyphy/ptII/ptolemy/actor/lib/test/auto/Assert1.xml
7 ms. Memory: 271360K Free: 182054K (67%)
----------------- Invoking toplevel() on ptolemy.moml.MoMLSimpleApplication@1ae6cd0c
----------------- Done invoking toplevel() on ptolemy.moml.MoMLSimpleApplication@1ae6cd0c
reloadAllAccessors: .Assert1

===========================================================================================
----------------- testing Wed Oct 21 15:53:00 UTC 2020 /home/travis/build/icyphy/ptII/ptolemy/actor/lib/test/auto/Assert2.xml
----------------- Instantiating /home/travis/build/icyphy/ptII/ptolemy/actor/lib/test/auto/Assert2.xml
2 ms. Memory: 271360K Free: 177444K (65%)
----------------- Invoking toplevel() on ptolemy.moml.MoMLSimpleApplication@69c1ef6c
----------------- Done invoking toplevel() on ptolemy.moml.MoMLSimpleApplication@69c1ef6c
reloadAllAccessors: .Assert2

===========================================================================================
----------------- testing Wed Oct 21 15:53:00 UTC 2020 /home/travis/build/icyphy/ptII/ptolemy/actor/lib/test/auto/BooleanMultiplexor.xml
----------------- Instantiating /home/travis/build/icyphy/ptII/ptolemy/actor/lib/test/auto/BooleanMultiplexor.xml
3 ms. Memory: 271360K Free: 171814K (63%)
----------------- Invoking toplevel() on ptolemy.moml.MoMLSimpleApplication@40bd0bc9
----------------- Done invoking toplevel() on ptolemy.moml.MoMLSimpleApplication@40bd0bc9
reloadAllAccessors: .BooleanMultiplexor

===========================================================================================
----------------- testing Wed Oct 21 15:53:00 UTC 2020 /home/travis/build/icyphy/ptII/ptolemy/actor/lib/test/auto/BooleanMultiplexor2.xml
----------------- Instantiating /home/travis/build/icyphy/ptII/ptolemy/actor/lib/test/auto/BooleanMultiplexor2.xml
3 ms. Memory: 271360K Free: 165670K (61%)
----------------- Invoking toplevel() on ptolemy.moml.MoMLSimpleApplication@6879f68b
----------------- Done invoking toplevel() on ptolemy.moml.MoMLSimpleApplication@6879f68b
reloadAllAccessors: .BooleanMultiplexor2

===========================================================================================
----------------- testing Wed Oct 21 15:53:00 UTC 2020 /home/travis/build/icyphy/ptII/ptolemy/actor/lib/test/auto/BooleanMultiplexor3.xml
----------------- Instantiating /home/travis/build/icyphy/ptII/ptolemy/actor/lib/test/auto/BooleanMultiplexor3.xml
2 ms. Memory: 271360K Free: 161574K (60%)
----------------- Invoking toplevel() on ptolemy.moml.MoMLSimpleApplication@461f1066
----------------- Done invoking toplevel() on ptolemy.moml.MoMLSimpleApplication@461f1066
reloadAllAccessors: .BooleanMultiplexor3

===========================================================================================
----------------- testing Wed Oct 21 15:53:00 UTC 2020 /home/travis/build/icyphy/ptII/ptolemy/actor/lib/test/auto/BooleanSelect.xml
----------------- Instantiating /home/travis/build/icyphy/ptII/ptolemy/actor/lib/test/auto/BooleanSelect.xml
9 ms. Memory: 271360K Free: 155430K (57%)
----------------- Invoking toplevel() on ptolemy.moml.MoMLSimpleApplication@1382bd5c
----------------- Done invoking toplevel() on ptolemy.moml.MoMLSimpleApplication@1382bd5c
reloadAllAccessors: .BooleanSelect

===========================================================================================
----------------- testing Wed Oct 21 15:53:00 UTC 2020 /home/travis/build/icyphy/ptII/ptolemy/actor/lib/test/auto/BooleanSelect2.xml
----------------- Instantiating /home/travis/build/icyphy/ptII/ptolemy/actor/lib/test/auto/BooleanSelect2.xml
1 ms. Memory: 271360K Free: 150820K (56%)
----------------- Invoking toplevel() on ptolemy.moml.MoMLSimpleApplication@79f5f985
----------------- Done invoking toplevel() on ptolemy.moml.MoMLSimpleApplication@79f5f985
reloadAllAccessors: .BooleanSelect2

===========================================================================================
----------------- testing Wed Oct 21 15:53:00 UTC 2020 /home/travis/build/icyphy/ptII/ptolemy/actor/lib/test/auto/BooleanSwitch.xml
----------------- Instantiating /home/travis/build/icyphy/ptII/ptolemy/actor/lib/test/auto/BooleanSwitch.xml
8 ms. Memory: 271360K Free: 144676K (53%)
----------------- Invoking toplevel() on ptolemy.moml.MoMLSimpleApplication@4e20b978
----------------- Done invoking toplevel() on ptolemy.moml.MoMLSimpleApplication@4e20b978
reloadAllAccessors: .BooleanSwitch

===========================================================================================
----------------- testing Wed Oct 21 15:53:00 UTC 2020 /home/travis/build/icyphy/ptII/ptolemy/actor/lib/test/auto/BooleanSwitch2.xml
----------------- Instantiating /home/travis/build/icyphy/ptII/ptolemy/actor/lib/test/auto/BooleanSwitch2.xml
3 ms. Memory: 271360K Free: 140070K (52%)
----------------- Invoking toplevel() on ptolemy.moml.MoMLSimpleApplication@1adafb69
----------------- Done invoking toplevel() on ptolemy.moml.MoMLSimpleApplication@1adafb69
reloadAllAccessors: .BooleanSwitch2

===========================================================================================
----------------- testing Wed Oct 21 15:53:00 UTC 2020 /home/travis/build/icyphy/ptII/ptolemy/actor/lib/test/auto/BooleanSwitchCloningBugWithClassRelationGroup.xml
----------------- Instantiating /home/travis/build/icyphy/ptII/ptolemy/actor/lib/test/auto/BooleanSwitchCloningBugWithClassRelationGroup.xml
5 ms. Memory: 271360K Free: 133926K (49%)
----------------- Invoking toplevel() on ptolemy.moml.MoMLSimpleApplication@1fd30ce6
----------------- Done invoking toplevel() on ptolemy.moml.MoMLSimpleApplication@1fd30ce6
reloadAllAccessors: .BooleanSwitchCloningBugWithClassRelationGroup

===========================================================================================
----------------- testing Wed Oct 21 15:53:00 UTC 2020 /home/travis/build/icyphy/ptII/ptolemy/actor/lib/test/auto/BusActors.xml
----------------- Instantiating /home/travis/build/icyphy/ptII/ptolemy/actor/lib/test/auto/BusActors.xml
8 ms. Memory: 271360K Free: 125734K (46%)
----------------- Invoking toplevel() on ptolemy.moml.MoMLSimpleApplication@61ac1836
----------------- Done invoking toplevel() on ptolemy.moml.MoMLSimpleApplication@61ac1836
reloadAllAccessors: .BusActors

===========================================================================================
----------------- testing Wed Oct 21 15:53:00 UTC 2020 /home/travis/build/icyphy/ptII/ptolemy/actor/lib/test/auto/ClassWrapper.xml
----------------- Instantiating /home/travis/build/icyphy/ptII/ptolemy/actor/lib/test/auto/ClassWrapper.xml
4 ms. Memory: 271360K Free: 121638K (45%)
----------------- Invoking toplevel() on ptolemy.moml.MoMLSimpleApplication@6a52ba56
----------------- Done invoking toplevel() on ptolemy.moml.MoMLSimpleApplication@6a52ba56
reloadAllAccessors: .ClassWrapper

===========================================================================================
----------------- testing Wed Oct 21 15:53:01 UTC 2020 /home/travis/build/icyphy/ptII/ptolemy/actor/lib/test/auto/Clock.xml
----------------- Instantiating /home/travis/build/icyphy/ptII/ptolemy/actor/lib/test/auto/Clock.xml
4 ms. Memory: 271360K Free: 117542K (43%)
----------------- Invoking toplevel() on ptolemy.moml.MoMLSimpleApplication@4e9161a4
----------------- Done invoking toplevel() on ptolemy.moml.MoMLSimpleApplication@4e9161a4
reloadAllAccessors: .Clock

===========================================================================================
----------------- testing Wed Oct 21 15:53:01 UTC 2020 /home/travis/build/icyphy/ptII/ptolemy/actor/lib/test/auto/Clock10.xml
----------------- Instantiating /home/travis/build/icyphy/ptII/ptolemy/actor/lib/test/auto/Clock10.xml
5 ms. Memory: 271360K Free: 111908K (41%)
----------------- Invoking toplevel() on ptolemy.moml.MoMLSimpleApplication@47569bab
----------------- Done invoking toplevel() on ptolemy.moml.MoMLSimpleApplication@47569bab
reloadAllAccessors: .Clock10

===========================================================================================
----------------- testing Wed Oct 21 15:53:01 UTC 2020 /home/travis/build/icyphy/ptII/ptolemy/actor/lib/test/auto/Clock11.xml
----------------- Instantiating /home/travis/build/icyphy/ptII/ptolemy/actor/lib/test/auto/Clock11.xml
6 ms. Memory: 271360K Free: 105764K (39%)
----------------- Invoking toplevel() on ptolemy.moml.MoMLSimpleApplication@6f48e962
----------------- Done invoking toplevel() on ptolemy.moml.MoMLSimpleApplication@6f48e962
reloadAllAccessors: .Clock11

===========================================================================================
----------------- testing Wed Oct 21 15:53:01 UTC 2020 /home/travis/build/icyphy/ptII/ptolemy/actor/lib/test/auto/Clock12.xml
----------------- Instantiating /home/travis/build/icyphy/ptII/ptolemy/actor/lib/test/auto/Clock12.xml
5 ms. Memory: 271360K Free: 100134K (37%)
----------------- Invoking toplevel() on ptolemy.moml.MoMLSimpleApplication@16cf8b31
----------------- Done invoking toplevel() on ptolemy.moml.MoMLSimpleApplication@16cf8b31
reloadAllAccessors: .Clock12

===========================================================================================
----------------- testing Wed Oct 21 15:53:01 UTC 2020 /home/travis/build/icyphy/ptII/ptolemy/actor/lib/test/auto/Clock13.xml
----------------- Instantiating /home/travis/build/icyphy/ptII/ptolemy/actor/lib/test/auto/Clock13.xml
6 ms. Memory: 271360K Free: 93990K (35%)
----------------- Invoking toplevel() on ptolemy.moml.MoMLSimpleApplication@48296cc7
----------------- Done invoking toplevel() on ptolemy.moml.MoMLSimpleApplication@48296cc7
reloadAllAccessors: .Clock13

===========================================================================================
----------------- testing Wed Oct 21 15:53:01 UTC 2020 /home/travis/build/icyphy/ptII/ptolemy/actor/lib/test/auto/Clock14.xml
----------------- Instantiating /home/travis/build/icyphy/ptII/ptolemy/actor/lib/test/auto/Clock14.xml
3 ms. Memory: 271360K Free: 88325K (33%)
----------------- Invoking toplevel() on ptolemy.moml.MoMLSimpleApplication@ea02189
----------------- Done invoking toplevel() on ptolemy.moml.MoMLSimpleApplication@ea02189
reloadAllAccessors: .Clock14

===========================================================================================
----------------- testing Wed Oct 21 15:53:01 UTC 2020 /home/travis/build/icyphy/ptII/ptolemy/actor/lib/test/auto/Clock15.xml
----------------- Instantiating /home/travis/build/icyphy/ptII/ptolemy/actor/lib/test/auto/Clock15.xml
6 ms. Memory: 271360K Free: 82205K (30%)
----------------- Invoking toplevel() on ptolemy.moml.MoMLSimpleApplication@535c0e59
----------------- Done invoking toplevel() on ptolemy.moml.MoMLSimpleApplication@535c0e59
reloadAllAccessors: .Clock15

===========================================================================================
----------------- testing Wed Oct 21 15:53:01 UTC 2020 /home/travis/build/icyphy/ptII/ptolemy/actor/lib/test/auto/Clock16.xml
----------------- Instantiating /home/travis/build/icyphy/ptII/ptolemy/actor/lib/test/auto/Clock16.xml
36 ms. Memory: 271360K Free: 67366K (25%)
----------------- Invoking toplevel() on ptolemy.moml.MoMLSimpleApplication@7ef8d0ee
----------------- Done invoking toplevel() on ptolemy.moml.MoMLSimpleApplication@7ef8d0ee
reloadAllAccessors: .Clock16

===========================================================================================
----------------- testing Wed Oct 21 15:53:01 UTC 2020 /home/travis/build/icyphy/ptII/ptolemy/actor/lib/test/auto/Clock17.xml
----------------- Instantiating /home/travis/build/icyphy/ptII/ptolemy/actor/lib/test/auto/Clock17.xml
26 ms. Memory: 271360K Free: 214264K (79%)
----------------- Invoking toplevel() on ptolemy.moml.MoMLSimpleApplication@3b62989b
----------------- Done invoking toplevel() on ptolemy.moml.MoMLSimpleApplication@3b62989b
reloadAllAccessors: .Clock17

===========================================================================================
----------------- testing Wed Oct 21 15:53:01 UTC 2020 /home/travis/build/icyphy/ptII/ptolemy/actor/lib/test/auto/Clock18.xml
----------------- Instantiating /home/travis/build/icyphy/ptII/ptolemy/actor/lib/test/auto/Clock18.xml
20 ms. Memory: 271360K Free: 200438K (74%)
----------------- Invoking toplevel() on ptolemy.moml.MoMLSimpleApplication@50b127c0
----------------- Done invoking toplevel() on ptolemy.moml.MoMLSimpleApplication@50b127c0
reloadAllAccessors: .Clock18

===========================================================================================
----------------- testing Wed Oct 21 15:53:01 UTC 2020 /home/travis/build/icyphy/ptII/ptolemy/actor/lib/test/auto/Clock19.xml
----------------- Instantiating /home/travis/build/icyphy/ptII/ptolemy/actor/lib/test/auto/Clock19.xml
13 ms. Memory: 271360K Free: 187096K (69%)
----------------- Invoking toplevel() on ptolemy.moml.MoMLSimpleApplication@6c989f1b
----------------- Done invoking toplevel() on ptolemy.moml.MoMLSimpleApplication@6c989f1b
reloadAllAccessors: .Clock19

===========================================================================================
----------------- testing Wed Oct 21 15:53:01 UTC 2020 /home/travis/build/icyphy/ptII/ptolemy/actor/lib/test/auto/Clock2.xml
----------------- Instantiating /home/travis/build/icyphy/ptII/ptolemy/actor/lib/test/auto/Clock2.xml
6 ms. Memory: 271360K Free: 183024K (67%)
----------------- Invoking toplevel() on ptolemy.moml.MoMLSimpleApplication@561497f1
----------------- Done invoking toplevel() on ptolemy.moml.MoMLSimpleApplication@561497f1
reloadAllAccessors: .Clock2

===========================================================================================
----------------- testing Wed Oct 21 15:53:01 UTC 2020 /home/travis/build/icyphy/ptII/ptolemy/actor/lib/test/auto/Clock20.xml
----------------- Instantiating /home/travis/build/icyphy/ptII/ptolemy/actor/lib/test/auto/Clock20.xml
11 ms. Memory: 271360K Free: 177400K (65%)
----------------- Invoking toplevel() on ptolemy.moml.MoMLSimpleApplication@c4a8fca
----------------- Done invoking toplevel() on ptolemy.moml.MoMLSimpleApplication@c4a8fca
reloadAllAccessors: .Clock20

===========================================================================================
----------------- testing Wed Oct 21 15:53:01 UTC 2020 /home/travis/build/icyphy/ptII/ptolemy/actor/lib/test/auto/Clock21.xml
----------------- Instantiating /home/travis/build/icyphy/ptII/ptolemy/actor/lib/test/auto/Clock21.xml
3 ms. Memory: 271360K Free: 172280K (63%)
----------------- Invoking toplevel() on ptolemy.moml.MoMLSimpleApplication@6d3db5f7
----------------- Done invoking toplevel() on ptolemy.moml.MoMLSimpleApplication@6d3db5f7
reloadAllAccessors: .Clock21

===========================================================================================
----------------- testing Wed Oct 21 15:53:01 UTC 2020 /home/travis/build/icyphy/ptII/ptolemy/actor/lib/test/auto/Clock22.xml
----------------- Instantiating /home/travis/build/icyphy/ptII/ptolemy/actor/lib/test/auto/Clock22.xml
2 ms. Memory: 271360K Free: 166646K (61%)
----------------- Invoking toplevel() on ptolemy.moml.MoMLSimpleApplication@2e78477d
----------------- Done invoking toplevel() on ptolemy.moml.MoMLSimpleApplication@2e78477d
reloadAllAccessors: .Clock22

===========================================================================================
----------------- testing Wed Oct 21 15:53:01 UTC 2020 /home/travis/build/icyphy/ptII/ptolemy/actor/lib/test/auto/Clock23.xml
----------------- Instantiating /home/travis/build/icyphy/ptII/ptolemy/actor/lib/test/auto/Clock23.xml
4 ms. Memory: 271360K Free: 161016K (59%)
----------------- Invoking toplevel() on ptolemy.moml.MoMLSimpleApplication@42185747
----------------- Done invoking toplevel() on ptolemy.moml.MoMLSimpleApplication@42185747
reloadAllAccessors: .Clock23

===========================================================================================
----------------- testing Wed Oct 21 15:53:01 UTC 2020 /home/travis/build/icyphy/ptII/ptolemy/actor/lib/test/auto/Clock24.xml
----------------- Instantiating /home/travis/build/icyphy/ptII/ptolemy/actor/lib/test/auto/Clock24.xml
2 ms. Memory: 271360K Free: 155896K (57%)
----------------- Invoking toplevel() on ptolemy.moml.MoMLSimpleApplication@394449
----------------- Done invoking toplevel() on ptolemy.moml.MoMLSimpleApplication@394449
reloadAllAccessors: .Clock24

===========================================================================================
----------------- testing Wed Oct 21 15:53:01 UTC 2020 /home/travis/build/icyphy/ptII/ptolemy/actor/lib/test/auto/Clock4.xml
----------------- Instantiating /home/travis/build/icyphy/ptII/ptolemy/actor/lib/test/auto/Clock4.xml
1 ms. Memory: 271360K Free: 150776K (56%)
----------------- Invoking toplevel() on ptolemy.moml.MoMLSimpleApplication@442bc44c
----------------- Done invoking toplevel() on ptolemy.moml.MoMLSimpleApplication@442bc44c
reloadAllAccessors: .Clock4

===========================================================================================
----------------- testing Wed Oct 21 15:53:01 UTC 2020 /home/travis/build/icyphy/ptII/ptolemy/actor/lib/test/auto/Clock5.xml
----------------- Instantiating /home/travis/build/icyphy/ptII/ptolemy/actor/lib/test/auto/Clock5.xml
4 ms. Memory: 271360K Free: 145656K (54%)
----------------- Invoking toplevel() on ptolemy.moml.MoMLSimpleApplication@35129641
----------------- Done invoking toplevel() on ptolemy.moml.MoMLSimpleApplication@35129641
reloadAllAccessors: .Clock5

===========================================================================================
----------------- testing Wed Oct 21 15:53:01 UTC 2020 /home/travis/build/icyphy/ptII/ptolemy/actor/lib/test/auto/Clock6.xml
----------------- Instantiating /home/travis/build/icyphy/ptII/ptolemy/actor/lib/test/auto/Clock6.xml
1 ms. Memory: 271360K Free: 141046K (52%)
----------------- Invoking toplevel() on ptolemy.moml.MoMLSimpleApplication@1a35b1f7
----------------- Done invoking toplevel() on ptolemy.moml.MoMLSimpleApplication@1a35b1f7
reloadAllAccessors: .Clock6

===========================================================================================
----------------- testing Wed Oct 21 15:53:01 UTC 2020 /home/travis/build/icyphy/ptII/ptolemy/actor/lib/test/auto/Clock7.xml
----------------- Instantiating /home/travis/build/icyphy/ptII/ptolemy/actor/lib/test/auto/Clock7.xml
2 ms. Memory: 271360K Free: 136950K (50%)
----------------- Invoking toplevel() on ptolemy.moml.MoMLSimpleApplication@5e527fcc
----------------- Done invoking toplevel() on ptolemy.moml.MoMLSimpleApplication@5e527fcc
reloadAllAccessors: .Clock7

===========================================================================================
----------------- testing Wed Oct 21 15:53:01 UTC 2020 /home/travis/build/icyphy/ptII/ptolemy/actor/lib/test/auto/Clock8.xml
----------------- Instantiating /home/travis/build/icyphy/ptII/ptolemy/actor/lib/test/auto/Clock8.xml
4 ms. Memory: 271360K Free: 131320K (48%)
----------------- Invoking toplevel() on ptolemy.moml.MoMLSimpleApplication@d8908e5
----------------- Done invoking toplevel() on ptolemy.moml.MoMLSimpleApplication@d8908e5
reloadAllAccessors: .Clock8

===========================================================================================
----------------- testing Wed Oct 21 15:53:01 UTC 2020 /home/travis/build/icyphy/ptII/ptolemy/actor/lib/test/auto/Clock9.xml
----------------- Instantiating /home/travis/build/icyphy/ptII/ptolemy/actor/lib/test/auto/Clock9.xml
12 ms. Memory: 271360K Free: 125656K (46%)
----------------- Invoking toplevel() on ptolemy.moml.MoMLSimpleApplication@5756c0f7
----------------- Done invoking toplevel() on ptolemy.moml.MoMLSimpleApplication@5756c0f7
reloadAllAccessors: .Clock9

===========================================================================================
----------------- testing Wed Oct 21 15:53:01 UTC 2020 /home/travis/build/icyphy/ptII/ptolemy/actor/lib/test/auto/CommDistDiscard.xml
----------------- Instantiating /home/travis/build/icyphy/ptII/ptolemy/actor/lib/test/auto/CommDistDiscard.xml
1 ms. Memory: 271360K Free: 120566K (44%)
----------------- Invoking toplevel() on ptolemy.moml.MoMLSimpleApplication@33f77f28
----------------- Done invoking toplevel() on ptolemy.moml.MoMLSimpleApplication@33f77f28
reloadAllAccessors: .CommDistDiscard

===========================================================================================
----------------- testing Wed Oct 21 15:53:01 UTC 2020 /home/travis/build/icyphy/ptII/ptolemy/actor/lib/test/auto/Commutator.xml
----------------- Instantiating /home/travis/build/icyphy/ptII/ptolemy/actor/lib/test/auto/Commutator.xml
2 ms. Memory: 271360K Free: 115960K (43%)
----------------- Invoking toplevel() on ptolemy.moml.MoMLSimpleApplication@796bcd8e
----------------- Done invoking toplevel() on ptolemy.moml.MoMLSimpleApplication@796bcd8e
reloadAllAccessors: .Commutator

===========================================================================================
----------------- testing Wed Oct 21 15:53:01 UTC 2020 /home/travis/build/icyphy/ptII/ptolemy/actor/lib/test/auto/Commutator2.xml
----------------- Instantiating /home/travis/build/icyphy/ptII/ptolemy/actor/lib/test/auto/Commutator2.xml
2 ms. Memory: 271360K Free: 111864K (41%)
----------------- Invoking toplevel() on ptolemy.moml.MoMLSimpleApplication@5c248fa7
----------------- Done invoking toplevel() on ptolemy.moml.MoMLSimpleApplication@5c248fa7
reloadAllAccessors: .Commutator2

===========================================================================================
----------------- testing Wed Oct 21 15:53:01 UTC 2020 /home/travis/build/icyphy/ptII/ptolemy/actor/lib/test/auto/Commutator3.xml
----------------- Instantiating /home/travis/build/icyphy/ptII/ptolemy/actor/lib/test/auto/Commutator3.xml
1 ms. Memory: 271360K Free: 107254K (40%)
----------------- Invoking toplevel() on ptolemy.moml.MoMLSimpleApplication@1e4c368e
----------------- Done invoking toplevel() on ptolemy.moml.MoMLSimpleApplication@1e4c368e
reloadAllAccessors: .Commutator3

===========================================================================================
----------------- testing Wed Oct 21 15:53:01 UTC 2020 /home/travis/build/icyphy/ptII/ptolemy/actor/lib/test/auto/Compare.xml
----------------- Instantiating /home/travis/build/icyphy/ptII/ptolemy/actor/lib/test/auto/Compare.xml
2 ms. Memory: 271360K Free: 100600K (37%)
----------------- Invoking toplevel() on ptolemy.moml.MoMLSimpleApplication@5c422090
----------------- Done invoking toplevel() on ptolemy.moml.MoMLSimpleApplication@5c422090
reloadAllAccessors: .Compare

===========================================================================================
----------------- testing Wed Oct 21 15:53:01 UTC 2020 /home/travis/build/icyphy/ptII/ptolemy/actor/lib/test/auto/CompareDE.xml
----------------- Instantiating /home/travis/build/icyphy/ptII/ptolemy/actor/lib/test/auto/CompareDE.xml
3 ms. Memory: 271360K Free: 93928K (35%)
----------------- Invoking toplevel() on ptolemy.moml.MoMLSimpleApplication@451ad4f9
----------------- Done invoking toplevel() on ptolemy.moml.MoMLSimpleApplication@451ad4f9
reloadAllAccessors: .CompareDE

===========================================================================================
----------------- testing Wed Oct 21 15:53:01 UTC 2020 /home/travis/build/icyphy/ptII/ptolemy/actor/lib/test/auto/ComplexDivide.xml
----------------- Instantiating /home/travis/build/icyphy/ptII/ptolemy/actor/lib/test/auto/ComplexDivide.xml
1 ms. Memory: 271360K Free: 89846K (33%)
----------------- Invoking toplevel() on ptolemy.moml.MoMLSimpleApplication@39e78501
----------------- Done invoking toplevel() on ptolemy.moml.MoMLSimpleApplication@39e78501
reloadAllAccessors: .ComplexDivide

===========================================================================================
----------------- testing Wed Oct 21 15:53:01 UTC 2020 /home/travis/build/icyphy/ptII/ptolemy/actor/lib/test/auto/ComputeHistogram.xml
----------------- Instantiating /home/travis/build/icyphy/ptII/ptolemy/actor/lib/test/auto/ComputeHistogram.xml
22 ms. Memory: 271360K Free: 77048K (28%)
----------------- Invoking toplevel() on ptolemy.moml.MoMLSimpleApplication@5933aa02
----------------- Done invoking toplevel() on ptolemy.moml.MoMLSimpleApplication@5933aa02
reloadAllAccessors: .ComputeHistogram

===========================================================================================
----------------- testing Wed Oct 21 15:53:01 UTC 2020 /home/travis/build/icyphy/ptII/ptolemy/actor/lib/test/auto/ConfigurationSelect.xml
----------------- Instantiating /home/travis/build/icyphy/ptII/ptolemy/actor/lib/test/auto/ConfigurationSelect.xml
2 ms. Memory: 271360K Free: 71928K (27%)
----------------- Invoking toplevel() on ptolemy.moml.MoMLSimpleApplication@607a570c
----------------- Done invoking toplevel() on ptolemy.moml.MoMLSimpleApplication@607a570c
reloadAllAccessors: .ConfigurationSelect

===========================================================================================
----------------- testing Wed Oct 21 15:53:01 UTC 2020 /home/travis/build/icyphy/ptII/ptolemy/actor/lib/test/auto/ConfigurationSelect2.xml
----------------- Instantiating /home/travis/build/icyphy/ptII/ptolemy/actor/lib/test/auto/ConfigurationSelect2.xml
2 ms. Memory: 271360K Free: 67318K (25%)
----------------- Invoking toplevel() on ptolemy.moml.MoMLSimpleApplication@5dc3199a
----------------- Done invoking toplevel() on ptolemy.moml.MoMLSimpleApplication@5dc3199a
reloadAllAccessors: .ConfigurationSelect2

===========================================================================================
----------------- testing Wed Oct 21 15:53:01 UTC 2020 /home/travis/build/icyphy/ptII/ptolemy/actor/lib/test/auto/ConfigurationSwitch.xml
----------------- Instantiating /home/travis/build/icyphy/ptII/ptolemy/actor/lib/test/auto/ConfigurationSwitch.xml
2 ms. Memory: 422912K Free: 373282K (88%)
----------------- Invoking toplevel() on ptolemy.moml.MoMLSimpleApplication@1600d4d7
----------------- Done invoking toplevel() on ptolemy.moml.MoMLSimpleApplication@1600d4d7
reloadAllAccessors: .ConfigurationSwitch

===========================================================================================
----------------- testing Wed Oct 21 15:53:02 UTC 2020 /home/travis/build/icyphy/ptII/ptolemy/actor/lib/test/auto/ConfigurationSwitch2.xml
----------------- Instantiating /home/travis/build/icyphy/ptII/ptolemy/actor/lib/test/auto/ConfigurationSwitch2.xml
4 ms. Memory: 422912K Free: 367666K (87%)
----------------- Invoking toplevel() on ptolemy.moml.MoMLSimpleApplication@2803aaba
----------------- Done invoking toplevel() on ptolemy.moml.MoMLSimpleApplication@2803aaba
reloadAllAccessors: .ConfigurationSwitch2

===========================================================================================
----------------- testing Wed Oct 21 15:53:02 UTC 2020 /home/travis/build/icyphy/ptII/ptolemy/actor/lib/test/auto/ConfigurationSwitchCloningBugWithClassRelationGroup.xml
----------------- Instantiating /home/travis/build/icyphy/ptII/ptolemy/actor/lib/test/auto/ConfigurationSwitchCloningBugWithClassRelationGroup.xml
2 ms. Memory: 422912K Free: 361008K (85%)
----------------- Invoking toplevel() on ptolemy.moml.MoMLSimpleApplication@460ef91b
----------------- Done invoking toplevel() on ptolemy.moml.MoMLSimpleApplication@460ef91b
reloadAllAccessors: .ConfigurationSwitchCloningBugWithClassRelationGroup

===========================================================================================
----------------- testing Wed Oct 21 15:53:02 UTC 2020 /home/travis/build/icyphy/ptII/ptolemy/actor/lib/test/auto/ConfigurationSwitchSelectSDF.xml
----------------- Instantiating /home/travis/build/icyphy/ptII/ptolemy/actor/lib/test/auto/ConfigurationSwitchSelectSDF.xml
2 ms. Memory: 422912K Free: 355888K (84%)
----------------- Invoking toplevel() on ptolemy.moml.MoMLSimpleApplication@4bf6d048
----------------- Done invoking toplevel() on ptolemy.moml.MoMLSimpleApplication@4bf6d048
reloadAllAccessors: .ConfigurationSwitchSelectSDF

===========================================================================================
----------------- testing Wed Oct 21 15:53:02 UTC 2020 /home/travis/build/icyphy/ptII/ptolemy/actor/lib/test/auto/ConfigurationSwitchSelectSDF2.xml
----------------- Instantiating /home/travis/build/icyphy/ptII/ptolemy/actor/lib/test/auto/ConfigurationSwitchSelectSDF2.xml
2 ms. Memory: 422912K Free: 349744K (83%)
----------------- Invoking toplevel() on ptolemy.moml.MoMLSimpleApplication@6f1aed39
----------------- Done invoking toplevel() on ptolemy.moml.MoMLSimpleApplication@6f1aed39
reloadAllAccessors: .ConfigurationSwitchSelectSDF2

===========================================================================================
----------------- testing Wed Oct 21 15:53:02 UTC 2020 /home/travis/build/icyphy/ptII/ptolemy/actor/lib/test/auto/Const.xml
----------------- Instantiating /home/travis/build/icyphy/ptII/ptolemy/actor/lib/test/auto/Const.xml
2 ms. Memory: 422912K Free: 346162K (82%)
----------------- Invoking toplevel() on ptolemy.moml.MoMLSimpleApplication@c578627
----------------- Done invoking toplevel() on ptolemy.moml.MoMLSimpleApplication@c578627
reloadAllAccessors: .Const

===========================================================================================
----------------- testing Wed Oct 21 15:53:02 UTC 2020 /home/travis/build/icyphy/ptII/ptolemy/actor/lib/test/auto/Const2.xml
----------------- Instantiating /home/travis/build/icyphy/ptII/ptolemy/actor/lib/test/auto/Const2.xml
1 ms. Memory: 422912K Free: 342576K (81%)
----------------- Invoking toplevel() on ptolemy.moml.MoMLSimpleApplication@ecbc8a0
----------------- Done invoking toplevel() on ptolemy.moml.MoMLSimpleApplication@ecbc8a0
reloadAllAccessors: .Const2

===========================================================================================
----------------- testing Wed Oct 21 15:53:02 UTC 2020 /home/travis/build/icyphy/ptII/ptolemy/actor/lib/test/auto/Const3.xml
----------------- Instantiating /home/travis/build/icyphy/ptII/ptolemy/actor/lib/test/auto/Const3.xml
1 ms. Memory: 422912K Free: 339504K (80%)
----------------- Invoking toplevel() on ptolemy.moml.MoMLSimpleApplication@57af95e0
----------------- Done invoking toplevel() on ptolemy.moml.MoMLSimpleApplication@57af95e0
reloadAllAccessors: .Const3

===========================================================================================
----------------- testing Wed Oct 21 15:53:02 UTC 2020 /home/travis/build/icyphy/ptII/ptolemy/actor/lib/test/auto/ConstantPublisherPort1.xml
----------------- Instantiating /home/travis/build/icyphy/ptII/ptolemy/actor/lib/test/auto/ConstantPublisherPort1.xml
9 ms. Memory: 422912K Free: 330288K (78%)
----------------- Invoking toplevel() on ptolemy.moml.MoMLSimpleApplication@2196e322
----------------- Done invoking toplevel() on ptolemy.moml.MoMLSimpleApplication@2196e322
reloadAllAccessors: .ConstantPublisherPort1

===========================================================================================
----------------- testing Wed Oct 21 15:53:02 UTC 2020 /home/travis/build/icyphy/ptII/ptolemy/actor/lib/test/auto/ConstantPublisherPort2.xml
----------------- Instantiating /home/travis/build/icyphy/ptII/ptolemy/actor/lib/test/auto/ConstantPublisherPort2.xml
12 ms. Memory: 422912K Free: 322610K (76%)
----------------- Invoking toplevel() on ptolemy.moml.MoMLSimpleApplication@2bd55f0d
----------------- Done invoking toplevel() on ptolemy.moml.MoMLSimpleApplication@2bd55f0d
reloadAllAccessors: .ConstantPublisherPort2

===========================================================================================
----------------- testing Wed Oct 21 15:53:02 UTC 2020 /home/travis/build/icyphy/ptII/ptolemy/actor/lib/test/auto/ConstantPublisherPort3.xml
----------------- Instantiating /home/travis/build/icyphy/ptII/ptolemy/actor/lib/test/auto/ConstantPublisherPort3.xml
6 ms. Memory: 422912K Free: 314928K (74%)
----------------- Invoking toplevel() on ptolemy.moml.MoMLSimpleApplication@4bcac99a
----------------- Done invoking toplevel() on ptolemy.moml.MoMLSimpleApplication@4bcac99a
reloadAllAccessors: .ConstantPublisherPort3

===========================================================================================
----------------- testing Wed Oct 21 15:53:02 UTC 2020 /home/travis/build/icyphy/ptII/ptolemy/actor/lib/test/auto/ConstantPublisherPort4.xml
----------------- Instantiating /home/travis/build/icyphy/ptII/ptolemy/actor/lib/test/auto/ConstantPublisherPort4.xml
3 ms. Memory: 422912K Free: 307760K (73%)
----------------- Invoking toplevel() on ptolemy.moml.MoMLSimpleApplication@67174e4f
----------------- Done invoking toplevel() on ptolemy.moml.MoMLSimpleApplication@67174e4f
reloadAllAccessors: .ConstantPublisherPort4

===========================================================================================
----------------- testing Wed Oct 21 15:53:02 UTC 2020 /home/travis/build/icyphy/ptII/ptolemy/actor/lib/test/auto/ConstantPublisherPort5.xml
----------------- Instantiating /home/travis/build/icyphy/ptII/ptolemy/actor/lib/test/auto/ConstantPublisherPort5.xml
30 ms. Memory: 422912K Free: 298544K (71%)
----------------- Invoking toplevel() on ptolemy.moml.MoMLSimpleApplication@3ee1311b
----------------- Done invoking toplevel() on ptolemy.moml.MoMLSimpleApplication@3ee1311b
reloadAllAccessors: .ConstantPublisherPort5

===========================================================================================
----------------- testing Wed Oct 21 15:53:02 UTC 2020 /home/travis/build/icyphy/ptII/ptolemy/actor/lib/test/auto/ConstantPublisherPort6.xml
----------------- Instantiating /home/travis/build/icyphy/ptII/ptolemy/actor/lib/test/auto/ConstantPublisherPort6.xml
20 ms. Memory: 422912K Free: 288818K (68%)
----------------- Invoking toplevel() on ptolemy.moml.MoMLSimpleApplication@43b505e4
----------------- Done invoking toplevel() on ptolemy.moml.MoMLSimpleApplication@43b505e4
reloadAllAccessors: .ConstantPublisherPort6

===========================================================================================
----------------- testing Wed Oct 21 15:53:02 UTC 2020 /home/travis/build/icyphy/ptII/ptolemy/actor/lib/test/auto/ConstantPublisherPort7.xml
----------------- Instantiating /home/travis/build/icyphy/ptII/ptolemy/actor/lib/test/auto/ConstantPublisherPort7.xml
18 ms. Memory: 422912K Free: 279088K (66%)
----------------- Invoking toplevel() on ptolemy.moml.MoMLSimpleApplication@260eb6ba
----------------- Done invoking toplevel() on ptolemy.moml.MoMLSimpleApplication@260eb6ba
reloadAllAccessors: .ConstantPublisherPort7

===========================================================================================
----------------- testing Wed Oct 21 15:53:02 UTC 2020 /home/travis/build/icyphy/ptII/ptolemy/actor/lib/test/auto/ConstraintMonitor1.xml
----------------- Instantiating /home/travis/build/icyphy/ptII/ptolemy/actor/lib/test/auto/ConstraintMonitor1.xml
5 ms. Memory: 422912K Free: 273968K (65%)
----------------- Invoking toplevel() on ptolemy.moml.MoMLSimpleApplication@2972adf5
----------------- Done invoking toplevel() on ptolemy.moml.MoMLSimpleApplication@2972adf5
reloadAllAccessors: .ConstraintMonitor1

===========================================================================================
----------------- testing Wed Oct 21 15:53:02 UTC 2020 /home/travis/build/icyphy/ptII/ptolemy/actor/lib/test/auto/ConstraintMonitor2.xml
----------------- Instantiating /home/travis/build/icyphy/ptII/ptolemy/actor/lib/test/auto/ConstraintMonitor2.xml
4 ms. Memory: 422912K Free: 269362K (64%)
----------------- Invoking toplevel() on ptolemy.moml.MoMLSimpleApplication@65d0a5b5
----------------- Done invoking toplevel() on ptolemy.moml.MoMLSimpleApplication@65d0a5b5
reloadAllAccessors: .ConstraintMonitor2

===========================================================================================
----------------- testing Wed Oct 21 15:53:02 UTC 2020 /home/travis/build/icyphy/ptII/ptolemy/actor/lib/test/auto/ConstraintMonitor3.xml
----------------- Instantiating /home/travis/build/icyphy/ptII/ptolemy/actor/lib/test/auto/ConstraintMonitor3.xml
2 ms. Memory: 422912K Free: 264752K (63%)
----------------- Invoking toplevel() on ptolemy.moml.MoMLSimpleApplication@71d5c55c
----------------- Done invoking toplevel() on ptolemy.moml.MoMLSimpleApplication@71d5c55c
reloadAllAccessors: .ConstraintMonitor3

===========================================================================================
----------------- testing Wed Oct 21 15:53:02 UTC 2020 /home/travis/build/icyphy/ptII/ptolemy/actor/lib/test/auto/ConstraintMonitor4.xml
----------------- Instantiating /home/travis/build/icyphy/ptII/ptolemy/actor/lib/test/auto/ConstraintMonitor4.xml
5 ms. Memory: 422912K Free: 259632K (61%)
----------------- Invoking toplevel() on ptolemy.moml.MoMLSimpleApplication@38e9e74d
----------------- Done invoking toplevel() on ptolemy.moml.MoMLSimpleApplication@38e9e74d
reloadAllAccessors: .ConstraintMonitor4

===========================================================================================
----------------- testing Wed Oct 21 15:53:02 UTC 2020 /home/travis/build/icyphy/ptII/ptolemy/actor/lib/test/auto/ConstraintMonitor5.xml
----------------- Instantiating /home/travis/build/icyphy/ptII/ptolemy/actor/lib/test/auto/ConstraintMonitor5.xml
5 ms. Memory: 422912K Free: 254002K (60%)
----------------- Invoking toplevel() on ptolemy.moml.MoMLSimpleApplication@c372e32
----------------- Done invoking toplevel() on ptolemy.moml.MoMLSimpleApplication@c372e32
reloadAllAccessors: .ConstraintMonitor5

===========================================================================================
----------------- testing Wed Oct 21 15:53:02 UTC 2020 /home/travis/build/icyphy/ptII/ptolemy/actor/lib/test/auto/ConstraintMonitor6.xml
----------------- Instantiating /home/travis/build/icyphy/ptII/ptolemy/actor/lib/test/auto/ConstraintMonitor6.xml
4 ms. Memory: 422912K Free: 247858K (59%)
----------------- Invoking toplevel() on ptolemy.moml.MoMLSimpleApplication@14ef6c65
----------------- Done invoking toplevel() on ptolemy.moml.MoMLSimpleApplication@14ef6c65
reloadAllAccessors: .ConstraintMonitor6

===========================================================================================
----------------- testing Wed Oct 21 15:53:02 UTC 2020 /home/travis/build/icyphy/ptII/ptolemy/actor/lib/test/auto/ConstraintMonitor7.xml
----------------- Instantiating /home/travis/build/icyphy/ptII/ptolemy/actor/lib/test/auto/ConstraintMonitor7.xml
6 ms. Memory: 422912K Free: 241714K (57%)
----------------- Invoking toplevel() on ptolemy.moml.MoMLSimpleApplication@68860fc2
----------------- Done invoking toplevel() on ptolemy.moml.MoMLSimpleApplication@68860fc2
reloadAllAccessors: .ConstraintMonitor7

===========================================================================================
----------------- testing Wed Oct 21 15:53:02 UTC 2020 /home/travis/build/icyphy/ptII/ptolemy/actor/lib/test/auto/ConstraintMonitor8.xml
----------------- Instantiating /home/travis/build/icyphy/ptII/ptolemy/actor/lib/test/auto/ConstraintMonitor8.xml
6 ms. Memory: 422912K Free: 233522K (55%)
----------------- Invoking toplevel() on ptolemy.moml.MoMLSimpleApplication@1a657e36
----------------- Done invoking toplevel() on ptolemy.moml.MoMLSimpleApplication@1a657e36
reloadAllAccessors: .ConstraintMonitor8

===========================================================================================
----------------- testing Wed Oct 21 15:53:02 UTC 2020 /home/travis/build/icyphy/ptII/ptolemy/actor/lib/test/auto/Counter.xml
----------------- Instantiating /home/travis/build/icyphy/ptII/ptolemy/actor/lib/test/auto/Counter.xml
3 ms. Memory: 422912K Free: 228402K (54%)
----------------- Invoking toplevel() on ptolemy.moml.MoMLSimpleApplication@b4160a0
----------------- Done invoking toplevel() on ptolemy.moml.MoMLSimpleApplication@b4160a0
reloadAllAccessors: .Counter

===========================================================================================
----------------- testing Wed Oct 21 15:53:02 UTC 2020 /home/travis/build/icyphy/ptII/ptolemy/actor/lib/test/auto/CurrentTimeSDF.xml
----------------- Instantiating /home/travis/build/icyphy/ptII/ptolemy/actor/lib/test/auto/CurrentTimeSDF.xml
2 ms. Memory: 422912K Free: 224816K (53%)
----------------- Invoking toplevel() on ptolemy.moml.MoMLSimpleApplication@1ff75301
----------------- Done invoking toplevel() on ptolemy.moml.MoMLSimpleApplication@1ff75301
reloadAllAccessors: .CurrentTimeSDF

===========================================================================================
----------------- testing Wed Oct 21 15:53:02 UTC 2020 /home/travis/build/icyphy/ptII/ptolemy/actor/lib/test/auto/DB.xml
----------------- Instantiating /home/travis/build/icyphy/ptII/ptolemy/actor/lib/test/auto/DB.xml
2 ms. Memory: 422912K Free: 219696K (52%)
----------------- Invoking toplevel() on ptolemy.moml.MoMLSimpleApplication@53a28661
----------------- Done invoking toplevel() on ptolemy.moml.MoMLSimpleApplication@53a28661
reloadAllAccessors: .DB

===========================================================================================
----------------- testing Wed Oct 21 15:53:02 UTC 2020 /home/travis/build/icyphy/ptII/ptolemy/actor/lib/test/auto/DBDE.xml
----------------- Instantiating /home/travis/build/icyphy/ptII/ptolemy/actor/lib/test/auto/DBDE.xml
2 ms. Memory: 422912K Free: 213546K (50%)
----------------- Invoking toplevel() on ptolemy.moml.MoMLSimpleApplication@5eb5d6ae
----------------- Done invoking toplevel() on ptolemy.moml.MoMLSimpleApplication@5eb5d6ae
reloadAllAccessors: .DBDE

===========================================================================================
----------------- testing Wed Oct 21 15:53:02 UTC 2020 /home/travis/build/icyphy/ptII/ptolemy/actor/lib/test/auto/DateConstructor.xml
----------------- Instantiating /home/travis/build/icyphy/ptII/ptolemy/actor/lib/test/auto/DateConstructor.xml
31 ms. Memory: 422912K Free: 196144K (46%)
----------------- Invoking toplevel() on ptolemy.moml.MoMLSimpleApplication@6b16bfa4
----------------- Done invoking toplevel() on ptolemy.moml.MoMLSimpleApplication@6b16bfa4
reloadAllAccessors: .DateConstructor

===========================================================================================
----------------- testing Wed Oct 21 15:53:02 UTC 2020 /home/travis/build/icyphy/ptII/ptolemy/actor/lib/test/auto/DelayTime.xml
----------------- Instantiating /home/travis/build/icyphy/ptII/ptolemy/actor/lib/test/auto/DelayTime.xml
5 ms. Memory: 422912K Free: 191024K (45%)
----------------- Invoking toplevel() on ptolemy.moml.MoMLSimpleApplication@24f4716a
----------------- Done invoking toplevel() on ptolemy.moml.MoMLSimpleApplication@24f4716a
reloadAllAccessors: .DelayTime

===========================================================================================
----------------- testing Wed Oct 21 15:53:02 UTC 2020 /home/travis/build/icyphy/ptII/ptolemy/actor/lib/test/auto/Dictionary1.xml
----------------- Instantiating /home/travis/build/icyphy/ptII/ptolemy/actor/lib/test/auto/Dictionary1.xml
1 ms. Memory: 422912K Free: 185394K (44%)
----------------- Invoking toplevel() on ptolemy.moml.MoMLSimpleApplication@6cf4b25e
----------------- Done invoking toplevel() on ptolemy.moml.MoMLSimpleApplication@6cf4b25e
reloadAllAccessors: .Dictionary1

===========================================================================================
----------------- testing Wed Oct 21 15:53:02 UTC 2020 /home/travis/build/icyphy/ptII/ptolemy/actor/lib/test/auto/Dictionary2.xml
----------------- Instantiating /home/travis/build/icyphy/ptII/ptolemy/actor/lib/test/auto/Dictionary2.xml
2 ms. Memory: 422912K Free: 179760K (43%)
----------------- Invoking toplevel() on ptolemy.moml.MoMLSimpleApplication@50ebdbff
----------------- Done invoking toplevel() on ptolemy.moml.MoMLSimpleApplication@50ebdbff
reloadAllAccessors: .Dictionary2

===========================================================================================
----------------- testing Wed Oct 21 15:53:02 UTC 2020 /home/travis/build/icyphy/ptII/ptolemy/actor/lib/test/auto/Dictionary3.xml
----------------- Instantiating /home/travis/build/icyphy/ptII/ptolemy/actor/lib/test/auto/Dictionary3.xml
2 ms. Memory: 422912K Free: 174640K (41%)
----------------- Invoking toplevel() on ptolemy.moml.MoMLSimpleApplication@4c3dfad4
----------------- Done invoking toplevel() on ptolemy.moml.MoMLSimpleApplication@4c3dfad4
reloadAllAccessors: .Dictionary3

===========================================================================================
----------------- testing Wed Oct 21 15:53:02 UTC 2020 /home/travis/build/icyphy/ptII/ptolemy/actor/lib/test/auto/Dictionary4.xml
----------------- Instantiating /home/travis/build/icyphy/ptII/ptolemy/actor/lib/test/auto/Dictionary4.xml
2 ms. Memory: 422912K Free: 167466K (40%)
----------------- Invoking toplevel() on ptolemy.moml.MoMLSimpleApplication@2d0f5258
----------------- Done invoking toplevel() on ptolemy.moml.MoMLSimpleApplication@2d0f5258
reloadAllAccessors: .Dictionary4

===========================================================================================
----------------- testing Wed Oct 21 15:53:02 UTC 2020 /home/travis/build/icyphy/ptII/ptolemy/actor/lib/test/auto/Differential.xml
----------------- Instantiating /home/travis/build/icyphy/ptII/ptolemy/actor/lib/test/auto/Differential.xml
1 ms. Memory: 422912K Free: 371781K (88%)
----------------- Invoking toplevel() on ptolemy.moml.MoMLSimpleApplication@533a09ae
----------------- Done invoking toplevel() on ptolemy.moml.MoMLSimpleApplication@533a09ae
reloadAllAccessors: .Differential

===========================================================================================
----------------- testing Wed Oct 21 15:53:02 UTC 2020 /home/travis/build/icyphy/ptII/ptolemy/actor/lib/test/auto/Director.xml
----------------- Instantiating /home/travis/build/icyphy/ptII/ptolemy/actor/lib/test/auto/Director.xml
4 ms. Memory: 422912K Free: 368195K (87%)
----------------- Invoking toplevel() on ptolemy.moml.MoMLSimpleApplication@55e6e8cb
----------------- Done invoking toplevel() on ptolemy.moml.MoMLSimpleApplication@55e6e8cb
reloadAllAccessors: .Director

===========================================================================================
----------------- testing Wed Oct 21 15:53:02 UTC 2020 /home/travis/build/icyphy/ptII/ptolemy/actor/lib/test/auto/DiscreteClock.xml
----------------- Instantiating /home/travis/build/icyphy/ptII/ptolemy/actor/lib/test/auto/DiscreteClock.xml
2 ms. Memory: 422912K Free: 364099K (86%)
----------------- Invoking toplevel() on ptolemy.moml.MoMLSimpleApplication@57daaa0b
----------------- Done invoking toplevel() on ptolemy.moml.MoMLSimpleApplication@57daaa0b
reloadAllAccessors: .DiscreteClock

===========================================================================================
----------------- testing Wed Oct 21 15:53:02 UTC 2020 /home/travis/build/icyphy/ptII/ptolemy/actor/lib/test/auto/DiscreteClock10.xml
----------------- Instantiating /home/travis/build/icyphy/ptII/ptolemy/actor/lib/test/auto/DiscreteClock10.xml
4 ms. Memory: 422912K Free: 357955K (85%)
----------------- Invoking toplevel() on ptolemy.moml.MoMLSimpleApplication@7ce3b0eb
----------------- Done invoking toplevel() on ptolemy.moml.MoMLSimpleApplication@7ce3b0eb
reloadAllAccessors: .DiscreteClock10

===========================================================================================
----------------- testing Wed Oct 21 15:53:02 UTC 2020 /home/travis/build/icyphy/ptII/ptolemy/actor/lib/test/auto/DiscreteClock11.xml
----------------- Instantiating /home/travis/build/icyphy/ptII/ptolemy/actor/lib/test/auto/DiscreteClock11.xml
2 ms. Memory: 422912K Free: 352325K (83%)
----------------- Invoking toplevel() on ptolemy.moml.MoMLSimpleApplication@bb70367
----------------- Done invoking toplevel() on ptolemy.moml.MoMLSimpleApplication@bb70367
reloadAllAccessors: .DiscreteClock11

===========================================================================================
----------------- testing Wed Oct 21 15:53:02 UTC 2020 /home/travis/build/icyphy/ptII/ptolemy/actor/lib/test/auto/DiscreteClock12.xml
----------------- Instantiating /home/travis/build/icyphy/ptII/ptolemy/actor/lib/test/auto/DiscreteClock12.xml
3 ms. Memory: 422912K Free: 346181K (82%)
----------------- Invoking toplevel() on ptolemy.moml.MoMLSimpleApplication@633b2520
----------------- Done invoking toplevel() on ptolemy.moml.MoMLSimpleApplication@633b2520
reloadAllAccessors: .DiscreteClock12

===========================================================================================
----------------- testing Wed Oct 21 15:53:03 UTC 2020 /home/travis/build/icyphy/ptII/ptolemy/actor/lib/test/auto/DiscreteClock13.xml
----------------- Instantiating /home/travis/build/icyphy/ptII/ptolemy/actor/lib/test/auto/DiscreteClock13.xml
3 ms. Memory: 422912K Free: 340037K (80%)
----------------- Invoking toplevel() on ptolemy.moml.MoMLSimpleApplication@26dd3a92
----------------- Done invoking toplevel() on ptolemy.moml.MoMLSimpleApplication@26dd3a92
reloadAllAccessors: .DiscreteClock13

===========================================================================================
----------------- testing Wed Oct 21 15:53:03 UTC 2020 /home/travis/build/icyphy/ptII/ptolemy/actor/lib/test/auto/DiscreteClock14.xml
----------------- Instantiating /home/travis/build/icyphy/ptII/ptolemy/actor/lib/test/auto/DiscreteClock14.xml
3 ms. Memory: 422912K Free: 333893K (79%)
----------------- Invoking toplevel() on ptolemy.moml.MoMLSimpleApplication@441ec6e
----------------- Done invoking toplevel() on ptolemy.moml.MoMLSimpleApplication@441ec6e
reloadAllAccessors: .DiscreteClock14

===========================================================================================
----------------- testing Wed Oct 21 15:53:03 UTC 2020 /home/travis/build/icyphy/ptII/ptolemy/actor/lib/test/auto/DiscreteClock15.xml
----------------- Instantiating /home/travis/build/icyphy/ptII/ptolemy/actor/lib/test/auto/DiscreteClock15.xml
4 ms. Memory: 422912K Free: 328229K (78%)
----------------- Invoking toplevel() on ptolemy.moml.MoMLSimpleApplication@7ccc3b72
----------------- Done invoking toplevel() on ptolemy.moml.MoMLSimpleApplication@7ccc3b72
reloadAllAccessors: .DiscreteClock15

===========================================================================================
----------------- testing Wed Oct 21 15:53:03 UTC 2020 /home/travis/build/icyphy/ptII/ptolemy/actor/lib/test/auto/DiscreteClock16.xml
----------------- Instantiating /home/travis/build/icyphy/ptII/ptolemy/actor/lib/test/auto/DiscreteClock16.xml
16 ms. Memory: 422912K Free: 314437K (74%)
----------------- Invoking toplevel() on ptolemy.moml.MoMLSimpleApplication@3b5877b5
----------------- Done invoking toplevel() on ptolemy.moml.MoMLSimpleApplication@3b5877b5
reloadAllAccessors: .DiscreteClock16

===========================================================================================
----------------- testing Wed Oct 21 15:53:03 UTC 2020 /home/travis/build/icyphy/ptII/ptolemy/actor/lib/test/auto/DiscreteClock17.xml
----------------- Instantiating /home/travis/build/icyphy/ptII/ptolemy/actor/lib/test/auto/DiscreteClock17.xml
19 ms. Memory: 422912K Free: 299587K (71%)
----------------- Invoking toplevel() on ptolemy.moml.MoMLSimpleApplication@7e22d7d3
----------------- Done invoking toplevel() on ptolemy.moml.MoMLSimpleApplication@7e22d7d3
reloadAllAccessors: .DiscreteClock17

===========================================================================================
----------------- testing Wed Oct 21 15:53:03 UTC 2020 /home/travis/build/icyphy/ptII/ptolemy/actor/lib/test/auto/DiscreteClock18.xml
----------------- Instantiating /home/travis/build/icyphy/ptII/ptolemy/actor/lib/test/auto/DiscreteClock18.xml
22 ms. Memory: 422912K Free: 286261K (68%)
----------------- Invoking toplevel() on ptolemy.moml.MoMLSimpleApplication@236b1a1c
----------------- Done invoking toplevel() on ptolemy.moml.MoMLSimpleApplication@236b1a1c
reloadAllAccessors: .DiscreteClock18

===========================================================================================
----------------- testing Wed Oct 21 15:53:03 UTC 2020 /home/travis/build/icyphy/ptII/ptolemy/actor/lib/test/auto/DiscreteClock19.xml
----------------- Instantiating /home/travis/build/icyphy/ptII/ptolemy/actor/lib/test/auto/DiscreteClock19.xml
17 ms. Memory: 422912K Free: 272963K (65%)
----------------- Invoking toplevel() on ptolemy.moml.MoMLSimpleApplication@54e1cd06
----------------- Done invoking toplevel() on ptolemy.moml.MoMLSimpleApplication@54e1cd06
reloadAllAccessors: .DiscreteClock19

===========================================================================================
----------------- testing Wed Oct 21 15:53:03 UTC 2020 /home/travis/build/icyphy/ptII/ptolemy/actor/lib/test/auto/DiscreteClock2.xml
----------------- Instantiating /home/travis/build/icyphy/ptII/ptolemy/actor/lib/test/auto/DiscreteClock2.xml
2 ms. Memory: 422912K Free: 267837K (63%)
----------------- Invoking toplevel() on ptolemy.moml.MoMLSimpleApplication@7649b393
----------------- Done invoking toplevel() on ptolemy.moml.MoMLSimpleApplication@7649b393
reloadAllAccessors: .DiscreteClock2

===========================================================================================
----------------- testing Wed Oct 21 15:53:03 UTC 2020 /home/travis/build/icyphy/ptII/ptolemy/actor/lib/test/auto/DiscreteClock20.xml
----------------- Instantiating /home/travis/build/icyphy/ptII/ptolemy/actor/lib/test/auto/DiscreteClock20.xml
9 ms. Memory: 422912K Free: 262213K (62%)
----------------- Invoking toplevel() on ptolemy.moml.MoMLSimpleApplication@613c2439
----------------- Done invoking toplevel() on ptolemy.moml.MoMLSimpleApplication@613c2439
reloadAllAccessors: .DiscreteClock20

===========================================================================================
----------------- testing Wed Oct 21 15:53:03 UTC 2020 /home/travis/build/icyphy/ptII/ptolemy/actor/lib/test/auto/DiscreteClock21.xml
----------------- Instantiating /home/travis/build/icyphy/ptII/ptolemy/actor/lib/test/auto/DiscreteClock21.xml
6 ms. Memory: 422912K Free: 256579K (61%)
----------------- Invoking toplevel() on ptolemy.moml.MoMLSimpleApplication@330aaf8a
----------------- Done invoking toplevel() on ptolemy.moml.MoMLSimpleApplication@330aaf8a
reloadAllAccessors: .DiscreteClock21

===========================================================================================
----------------- testing Wed Oct 21 15:53:03 UTC 2020 /home/travis/build/icyphy/ptII/ptolemy/actor/lib/test/auto/DiscreteClock22.xml
----------------- Instantiating /home/travis/build/icyphy/ptII/ptolemy/actor/lib/test/auto/DiscreteClock22.xml
5 ms. Memory: 422912K Free: 251459K (59%)
----------------- Invoking toplevel() on ptolemy.moml.MoMLSimpleApplication@2667806e
----------------- Done invoking toplevel() on ptolemy.moml.MoMLSimpleApplication@2667806e
reloadAllAccessors: .DiscreteClock22

===========================================================================================
----------------- testing Wed Oct 21 15:53:03 UTC 2020 /home/travis/build/icyphy/ptII/ptolemy/actor/lib/test/auto/DiscreteClock23.xml
----------------- Instantiating /home/travis/build/icyphy/ptII/ptolemy/actor/lib/test/auto/DiscreteClock23.xml
9 ms. Memory: 422912K Free: 245829K (58%)
----------------- Invoking toplevel() on ptolemy.moml.MoMLSimpleApplication@7409da14
----------------- Done invoking toplevel() on ptolemy.moml.MoMLSimpleApplication@7409da14
reloadAllAccessors: .DiscreteClock23

===========================================================================================
----------------- testing Wed Oct 21 15:53:03 UTC 2020 /home/travis/build/icyphy/ptII/ptolemy/actor/lib/test/auto/DiscreteClock24.xml
----------------- Instantiating /home/travis/build/icyphy/ptII/ptolemy/actor/lib/test/auto/DiscreteClock24.xml
5 ms. Memory: 422912K Free: 240195K (57%)
----------------- Invoking toplevel() on ptolemy.moml.MoMLSimpleApplication@21042b4f
----------------- Done invoking toplevel() on ptolemy.moml.MoMLSimpleApplication@21042b4f
reloadAllAccessors: .DiscreteClock24

===========================================================================================
----------------- testing Wed Oct 21 15:53:03 UTC 2020 /home/travis/build/icyphy/ptII/ptolemy/actor/lib/test/auto/DiscreteClock4.xml
----------------- Instantiating /home/travis/build/icyphy/ptII/ptolemy/actor/lib/test/auto/DiscreteClock4.xml
4 ms. Memory: 422912K Free: 234565K (55%)
----------------- Invoking toplevel() on ptolemy.moml.MoMLSimpleApplication@1baa149e
----------------- Done invoking toplevel() on ptolemy.moml.MoMLSimpleApplication@1baa149e
reloadAllAccessors: .DiscreteClock4

===========================================================================================
----------------- testing Wed Oct 21 15:53:03 UTC 2020 /home/travis/build/icyphy/ptII/ptolemy/actor/lib/test/auto/DiscreteClock5.xml
----------------- Instantiating /home/travis/build/icyphy/ptII/ptolemy/actor/lib/test/auto/DiscreteClock5.xml
1 ms. Memory: 422912K Free: 229445K (54%)
----------------- Invoking toplevel() on ptolemy.moml.MoMLSimpleApplication@1f319cb5
----------------- Done invoking toplevel() on ptolemy.moml.MoMLSimpleApplication@1f319cb5
reloadAllAccessors: .DiscreteClock5

===========================================================================================
----------------- testing Wed Oct 21 15:53:03 UTC 2020 /home/travis/build/icyphy/ptII/ptolemy/actor/lib/test/auto/DiscreteClock6.xml
----------------- Instantiating /home/travis/build/icyphy/ptII/ptolemy/actor/lib/test/auto/DiscreteClock6.xml
1 ms. Memory: 422912K Free: 225349K (53%)
----------------- Invoking toplevel() on ptolemy.moml.MoMLSimpleApplication@58e0293a
----------------- Done invoking toplevel() on ptolemy.moml.MoMLSimpleApplication@58e0293a
reloadAllAccessors: .DiscreteClock6

===========================================================================================
----------------- testing Wed Oct 21 15:53:03 UTC 2020 /home/travis/build/icyphy/ptII/ptolemy/actor/lib/test/auto/DiscreteClock7.xml
----------------- Instantiating /home/travis/build/icyphy/ptII/ptolemy/actor/lib/test/auto/DiscreteClock7.xml
2 ms. Memory: 422912K Free: 220739K (52%)
----------------- Invoking toplevel() on ptolemy.moml.MoMLSimpleApplication@3d64457c
----------------- Done invoking toplevel() on ptolemy.moml.MoMLSimpleApplication@3d64457c
reloadAllAccessors: .DiscreteClock7

===========================================================================================
----------------- testing Wed Oct 21 15:53:03 UTC 2020 /home/travis/build/icyphy/ptII/ptolemy/actor/lib/test/auto/DiscreteClock8.xml
----------------- Instantiating /home/travis/build/icyphy/ptII/ptolemy/actor/lib/test/auto/DiscreteClock8.xml
2 ms. Memory: 422912K Free: 215109K (51%)
----------------- Invoking toplevel() on ptolemy.moml.MoMLSimpleApplication@2d1894f4
----------------- Done invoking toplevel() on ptolemy.moml.MoMLSimpleApplication@2d1894f4
reloadAllAccessors: .DiscreteClock8

===========================================================================================
----------------- testing Wed Oct 21 15:53:03 UTC 2020 /home/travis/build/icyphy/ptII/ptolemy/actor/lib/test/auto/DiscreteClock9.xml
----------------- Instantiating /home/travis/build/icyphy/ptII/ptolemy/actor/lib/test/auto/DiscreteClock9.xml
4 ms. Memory: 422912K Free: 208965K (49%)
----------------- Invoking toplevel() on ptolemy.moml.MoMLSimpleApplication@24a8711
----------------- Done invoking toplevel() on ptolemy.moml.MoMLSimpleApplication@24a8711
reloadAllAccessors: .DiscreteClock9

===========================================================================================
----------------- testing Wed Oct 21 15:53:03 UTC 2020 /home/travis/build/icyphy/ptII/ptolemy/actor/lib/test/auto/DisplayArray.xml
----------------- Instantiating /home/travis/build/icyphy/ptII/ptolemy/actor/lib/test/auto/DisplayArray.xml
1 ms. Memory: 422912K Free: 205893K (49%)
----------------- Invoking toplevel() on ptolemy.moml.MoMLSimpleApplication@47a479a0
----------------- Done invoking toplevel() on ptolemy.moml.MoMLSimpleApplication@47a479a0
reloadAllAccessors: .DisplayArray

===========================================================================================
----------------- testing Wed Oct 21 15:53:03 UTC 2020 /home/travis/build/icyphy/ptII/ptolemy/actor/lib/test/auto/Distributor.xml
----------------- Instantiating /home/travis/build/icyphy/ptII/ptolemy/actor/lib/test/auto/Distributor.xml
1 ms. Memory: 422912K Free: 201283K (48%)
----------------- Invoking toplevel() on ptolemy.moml.MoMLSimpleApplication@5dbbe933
----------------- Done invoking toplevel() on ptolemy.moml.MoMLSimpleApplication@5dbbe933
reloadAllAccessors: .Distributor

===========================================================================================
----------------- testing Wed Oct 21 15:53:03 UTC 2020 /home/travis/build/icyphy/ptII/ptolemy/actor/lib/test/auto/Distributor2.xml
----------------- Instantiating /home/travis/build/icyphy/ptII/ptolemy/actor/lib/test/auto/Distributor2.xml
1 ms. Memory: 422912K Free: 196163K (46%)
----------------- Invoking toplevel() on ptolemy.moml.MoMLSimpleApplication@6a2d9ea0
----------------- Done invoking toplevel() on ptolemy.moml.MoMLSimpleApplication@6a2d9ea0
reloadAllAccessors: .Distributor2

===========================================================================================
----------------- testing Wed Oct 21 15:53:03 UTC 2020 /home/travis/build/icyphy/ptII/ptolemy/actor/lib/test/auto/DownSample.xml
----------------- Instantiating /home/travis/build/icyphy/ptII/ptolemy/actor/lib/test/auto/DownSample.xml
2 ms. Memory: 422912K Free: 191557K (45%)
----------------- Invoking toplevel() on ptolemy.moml.MoMLSimpleApplication@211e369a
----------------- Done invoking toplevel() on ptolemy.moml.MoMLSimpleApplication@211e369a
reloadAllAccessors: .DownSample

===========================================================================================
----------------- testing Wed Oct 21 15:53:03 UTC 2020 /home/travis/build/icyphy/ptII/ptolemy/actor/lib/test/auto/ElectronicUnitBase1.xml
----------------- Instantiating /home/travis/build/icyphy/ptII/ptolemy/actor/lib/test/auto/ElectronicUnitBase1.xml
18 ms. Memory: 422912K Free: 175173K (41%)
----------------- Invoking toplevel() on ptolemy.moml.MoMLSimpleApplication@536a7e59
----------------- Done invoking toplevel() on ptolemy.moml.MoMLSimpleApplication@536a7e59
reloadAllAccessors: .ElectronicUnitBase1

===========================================================================================
----------------- testing Wed Oct 21 15:53:03 UTC 2020 /home/travis/build/icyphy/ptII/ptolemy/actor/lib/test/auto/ElementsToArray.xml
----------------- Instantiating /home/travis/build/icyphy/ptII/ptolemy/actor/lib/test/auto/ElementsToArray.xml
3 ms. Memory: 422912K Free: 170563K (40%)
----------------- Invoking toplevel() on ptolemy.moml.MoMLSimpleApplication@588144df
----------------- Done invoking toplevel() on ptolemy.moml.MoMLSimpleApplication@588144df
reloadAllAccessors: .ElementsToArray

===========================================================================================
----------------- testing Wed Oct 21 15:53:03 UTC 2020 /home/travis/build/icyphy/ptII/ptolemy/actor/lib/test/auto/Equals.xml
----------------- Instantiating /home/travis/build/icyphy/ptII/ptolemy/actor/lib/test/auto/Equals.xml
4 ms. Memory: 422912K Free: 165957K (39%)
----------------- Invoking toplevel() on ptolemy.moml.MoMLSimpleApplication@2dc699b3
----------------- Done invoking toplevel() on ptolemy.moml.MoMLSimpleApplication@2dc699b3
reloadAllAccessors: .Equals

===========================================================================================
----------------- testing Wed Oct 21 15:53:03 UTC 2020 /home/travis/build/icyphy/ptII/ptolemy/actor/lib/test/auto/Exec.xml
----------------- Instantiating /home/travis/build/icyphy/ptII/ptolemy/actor/lib/test/auto/Exec.xml
20 ms. Memory: 422912K Free: 160323K (38%)
----------------- Invoking toplevel() on ptolemy.moml.MoMLSimpleApplication@542d364f
----------------- Done invoking toplevel() on ptolemy.moml.MoMLSimpleApplication@542d364f
reloadAllAccessors: .Exec

===========================================================================================
----------------- testing Wed Oct 21 15:53:03 UTC 2020 /home/travis/build/icyphy/ptII/ptolemy/actor/lib/test/auto/ExecEnvironment.xml
----------------- Instantiating /home/travis/build/icyphy/ptII/ptolemy/actor/lib/test/auto/ExecEnvironment.xml
30 ms. Memory: 422912K Free: 154691K (37%)
----------------- Invoking toplevel() on ptolemy.moml.MoMLSimpleApplication@2f5035da
----------------- Done invoking toplevel() on ptolemy.moml.MoMLSimpleApplication@2f5035da
reloadAllAccessors: .ExecEnvironment

===========================================================================================
----------------- testing Wed Oct 21 15:53:03 UTC 2020 /home/travis/build/icyphy/ptII/ptolemy/actor/lib/test/auto/ExecNonZeroReturnOutput.xml
----------------- Instantiating /home/travis/build/icyphy/ptII/ptolemy/actor/lib/test/auto/ExecNonZeroReturnOutput.xml
166 ms. Memory: 422912K Free: 143429K (34%)
----------------- Invoking toplevel() on ptolemy.moml.MoMLSimpleApplication@519e213
----------------- Done invoking toplevel() on ptolemy.moml.MoMLSimpleApplication@519e213
reloadAllAccessors: .ExecNonZeroReturnOutput

===========================================================================================
----------------- testing Wed Oct 21 15:53:03 UTC 2020 /home/travis/build/icyphy/ptII/ptolemy/actor/lib/test/auto/ExecRunDemos.xml
----------------- Instantiating /home/travis/build/icyphy/ptII/ptolemy/actor/lib/test/auto/ExecRunDemos.xml
Finished: 113 ms. Memory: 129024K Free: 112419K (87%)

Finished: 75 ms. Memory: 129024K Free: 109455K (85%)

Finished: 101 ms. Memory: 129024K Free: 109650K (85%)

Finished: 73 ms. Memory: 129024K Free: 111051K (86%)

Finished: 80 ms. Memory: 129024K Free: 111774K (87%)

10926 ms. Memory: 422912K Free: 372284K (88%)
----------------- Invoking toplevel() on ptolemy.moml.MoMLSimpleApplication@401fbc83
----------------- Done invoking toplevel() on ptolemy.moml.MoMLSimpleApplication@401fbc83
reloadAllAccessors: .ExecRunDemos

===========================================================================================
----------------- testing Wed Oct 21 15:53:14 UTC 2020 /home/travis/build/icyphy/ptII/ptolemy/actor/lib/test/auto/ExecStop.xml
----------------- Instantiating /home/travis/build/icyphy/ptII/ptolemy/actor/lib/test/auto/ExecStop.xml
5016 ms. Memory: 422912K Free: 245818K (58%)
----------------- Invoking toplevel() on ptolemy.moml.MoMLSimpleApplication@16181e4e
----------------- Done invoking toplevel() on ptolemy.moml.MoMLSimpleApplication@16181e4e
reloadAllAccessors: .ExecStop

===========================================================================================
----------------- testing Wed Oct 21 15:53:19 UTC 2020 /home/travis/build/icyphy/ptII/ptolemy/actor/lib/test/auto/ExecutionTimeSDF.xml
----------------- Instantiating /home/travis/build/icyphy/ptII/ptolemy/actor/lib/test/auto/ExecutionTimeSDF.xml
Fired ExecutionTime: -517367296
Fired ExecutionTime: 1430400000
Fired ExecutionTime: 1542800000
6010 ms. Memory: 422912K Free: 233020K (55%)

===========================================================================================
----------------- testing Wed Oct 21 15:53:26 UTC 2020 /home/travis/build/icyphy/ptII/ptolemy/actor/lib/test/auto/Expression1.xml
----------------- Instantiating /home/travis/build/icyphy/ptII/ptolemy/actor/lib/test/auto/Expression1.xml
1 ms. Memory: 422912K Free: 228924K (54%)
----------------- Invoking toplevel() on ptolemy.moml.MoMLSimpleApplication@472dd581
----------------- Done invoking toplevel() on ptolemy.moml.MoMLSimpleApplication@472dd581
reloadAllAccessors: .Expression1

===========================================================================================
----------------- testing Wed Oct 21 15:53:26 UTC 2020 /home/travis/build/icyphy/ptII/ptolemy/actor/lib/test/auto/Expression10.xml
----------------- Instantiating /home/travis/build/icyphy/ptII/ptolemy/actor/lib/test/auto/Expression10.xml
5 ms. Memory: 422912K Free: 223804K (53%)
----------------- Invoking toplevel() on ptolemy.moml.MoMLSimpleApplication@2c36489a
----------------- Done invoking toplevel() on ptolemy.moml.MoMLSimpleApplication@2c36489a
reloadAllAccessors: .Expression10

===========================================================================================
----------------- testing Wed Oct 21 15:53:26 UTC 2020 /home/travis/build/icyphy/ptII/ptolemy/actor/lib/test/auto/Expression11.xml
----------------- Instantiating /home/travis/build/icyphy/ptII/ptolemy/actor/lib/test/auto/Expression11.xml
2 ms. Memory: 422912K Free: 219194K (52%)
----------------- Invoking toplevel() on ptolemy.moml.MoMLSimpleApplication@279e8469
----------------- Done invoking toplevel() on ptolemy.moml.MoMLSimpleApplication@279e8469
reloadAllAccessors: .Expression11

===========================================================================================
----------------- testing Wed Oct 21 15:53:26 UTC 2020 /home/travis/build/icyphy/ptII/ptolemy/actor/lib/test/auto/Expression12.xml
----------------- Instantiating /home/travis/build/icyphy/ptII/ptolemy/actor/lib/test/auto/Expression12.xml
3 ms. Memory: 422912K Free: 213564K (50%)
----------------- Invoking toplevel() on ptolemy.moml.MoMLSimpleApplication@4f90e785
----------------- Done invoking toplevel() on ptolemy.moml.MoMLSimpleApplication@4f90e785
reloadAllAccessors: .Expression12

===========================================================================================
----------------- testing Wed Oct 21 15:53:26 UTC 2020 /home/travis/build/icyphy/ptII/ptolemy/actor/lib/test/auto/Expression13.xml
----------------- Instantiating /home/travis/build/icyphy/ptII/ptolemy/actor/lib/test/auto/Expression13.xml
4 ms. Memory: 422912K Free: 208954K (49%)
----------------- Invoking toplevel() on ptolemy.moml.MoMLSimpleApplication@72d1dc27
----------------- Done invoking toplevel() on ptolemy.moml.MoMLSimpleApplication@72d1dc27
reloadAllAccessors: .Expression13

===========================================================================================
----------------- testing Wed Oct 21 15:53:26 UTC 2020 /home/travis/build/icyphy/ptII/ptolemy/actor/lib/test/auto/Expression14.xml
----------------- Instantiating /home/travis/build/icyphy/ptII/ptolemy/actor/lib/test/auto/Expression14.xml
8 ms. Memory: 422912K Free: 202810K (48%)
----------------- Invoking toplevel() on ptolemy.moml.MoMLSimpleApplication@4a170a9
----------------- Done invoking toplevel() on ptolemy.moml.MoMLSimpleApplication@4a170a9
reloadAllAccessors: .Expression14

===========================================================================================
----------------- testing Wed Oct 21 15:53:26 UTC 2020 /home/travis/build/icyphy/ptII/ptolemy/actor/lib/test/auto/Expression15.xml
----------------- Instantiating /home/travis/build/icyphy/ptII/ptolemy/actor/lib/test/auto/Expression15.xml
2 ms. Memory: 422912K Free: 199228K (47%)
----------------- Invoking toplevel() on ptolemy.moml.MoMLSimpleApplication@3f8d1abb
----------------- Done invoking toplevel() on ptolemy.moml.MoMLSimpleApplication@3f8d1abb
reloadAllAccessors: .Expression15

===========================================================================================
----------------- testing Wed Oct 21 15:53:26 UTC 2020 /home/travis/build/icyphy/ptII/ptolemy/actor/lib/test/auto/Expression16.xml
----------------- Instantiating /home/travis/build/icyphy/ptII/ptolemy/actor/lib/test/auto/Expression16.xml
4 ms. Memory: 422912K Free: 194108K (46%)
----------------- Invoking toplevel() on ptolemy.moml.MoMLSimpleApplication@70fd0bc5
----------------- Done invoking toplevel() on ptolemy.moml.MoMLSimpleApplication@70fd0bc5
reloadAllAccessors: .Expression16

===========================================================================================
----------------- testing Wed Oct 21 15:53:26 UTC 2020 /home/travis/build/icyphy/ptII/ptolemy/actor/lib/test/auto/Expression17.xml
----------------- Instantiating /home/travis/build/icyphy/ptII/ptolemy/actor/lib/test/auto/Expression17.xml
4 ms. Memory: 422912K Free: 188988K (45%)
----------------- Invoking toplevel() on ptolemy.moml.MoMLSimpleApplication@4d2c5cbd
----------------- Done invoking toplevel() on ptolemy.moml.MoMLSimpleApplication@4d2c5cbd
reloadAllAccessors: .Expression17

===========================================================================================
----------------- testing Wed Oct 21 15:53:26 UTC 2020 /home/travis/build/icyphy/ptII/ptolemy/actor/lib/test/auto/Expression18.xml
----------------- Instantiating /home/travis/build/icyphy/ptII/ptolemy/actor/lib/test/auto/Expression18.xml
2 ms. Memory: 422912K Free: 184378K (44%)
----------------- Invoking toplevel() on ptolemy.moml.MoMLSimpleApplication@75068ba2
----------------- Done invoking toplevel() on ptolemy.moml.MoMLSimpleApplication@75068ba2
reloadAllAccessors: .Expression18

===========================================================================================
----------------- testing Wed Oct 21 15:53:26 UTC 2020 /home/travis/build/icyphy/ptII/ptolemy/actor/lib/test/auto/Expression2.xml
----------------- Instantiating /home/travis/build/icyphy/ptII/ptolemy/actor/lib/test/auto/Expression2.xml
3 ms. Memory: 422912K Free: 179258K (42%)
----------------- Invoking toplevel() on ptolemy.moml.MoMLSimpleApplication@5a748cfb
----------------- Done invoking toplevel() on ptolemy.moml.MoMLSimpleApplication@5a748cfb
reloadAllAccessors: .Expression2

===========================================================================================
----------------- testing Wed Oct 21 15:53:26 UTC 2020 /home/travis/build/icyphy/ptII/ptolemy/actor/lib/test/auto/Expression3.xml
----------------- Instantiating /home/travis/build/icyphy/ptII/ptolemy/actor/lib/test/auto/Expression3.xml
6 ms. Memory: 422912K Free: 174652K (41%)
----------------- Invoking toplevel() on ptolemy.moml.MoMLSimpleApplication@7415915
----------------- Done invoking toplevel() on ptolemy.moml.MoMLSimpleApplication@7415915
reloadAllAccessors: .Expression3

===========================================================================================
----------------- testing Wed Oct 21 15:53:26 UTC 2020 /home/travis/build/icyphy/ptII/ptolemy/actor/lib/test/auto/Expression4.xml
----------------- Instantiating /home/travis/build/icyphy/ptII/ptolemy/actor/lib/test/auto/Expression4.xml
4 ms. Memory: 422912K Free: 166970K (39%)
----------------- Invoking toplevel() on ptolemy.moml.MoMLSimpleApplication@4109d4a5
----------------- Done invoking toplevel() on ptolemy.moml.MoMLSimpleApplication@4109d4a5
reloadAllAccessors: .Expression4

===========================================================================================
----------------- testing Wed Oct 21 15:53:26 UTC 2020 /home/travis/build/icyphy/ptII/ptolemy/actor/lib/test/auto/Expression5.xml
----------------- Instantiating /home/travis/build/icyphy/ptII/ptolemy/actor/lib/test/auto/Expression5.xml
5 ms. Memory: 422912K Free: 161850K (38%)
----------------- Invoking toplevel() on ptolemy.moml.MoMLSimpleApplication@77a4dd66
----------------- Done invoking toplevel() on ptolemy.moml.MoMLSimpleApplication@77a4dd66
reloadAllAccessors: .Expression5

===========================================================================================
----------------- testing Wed Oct 21 15:53:26 UTC 2020 /home/travis/build/icyphy/ptII/ptolemy/actor/lib/test/auto/Expression6.xml
----------------- Instantiating /home/travis/build/icyphy/ptII/ptolemy/actor/lib/test/auto/Expression6.xml
2 ms. Memory: 422912K Free: 157754K (37%)
----------------- Invoking toplevel() on ptolemy.moml.MoMLSimpleApplication@175242b6
----------------- Done invoking toplevel() on ptolemy.moml.MoMLSimpleApplication@175242b6
reloadAllAccessors: .Expression6

===========================================================================================
----------------- testing Wed Oct 21 15:53:26 UTC 2020 /home/travis/build/icyphy/ptII/ptolemy/actor/lib/test/auto/Expression7.xml
----------------- Instantiating /home/travis/build/icyphy/ptII/ptolemy/actor/lib/test/auto/Expression7.xml
4 ms. Memory: 422912K Free: 152634K (36%)
----------------- Invoking toplevel() on ptolemy.moml.MoMLSimpleApplication@140a31f5
----------------- Done invoking toplevel() on ptolemy.moml.MoMLSimpleApplication@140a31f5
reloadAllAccessors: .Expression7

===========================================================================================
----------------- testing Wed Oct 21 15:53:26 UTC 2020 /home/travis/build/icyphy/ptII/ptolemy/actor/lib/test/auto/Expression8.xml
----------------- Instantiating /home/travis/build/icyphy/ptII/ptolemy/actor/lib/test/auto/Expression8.xml
8 ms. Memory: 422912K Free: 147514K (35%)
----------------- Invoking toplevel() on ptolemy.moml.MoMLSimpleApplication@7be91cac
----------------- Done invoking toplevel() on ptolemy.moml.MoMLSimpleApplication@7be91cac
reloadAllAccessors: .Expression8

===========================================================================================
----------------- testing Wed Oct 21 15:53:26 UTC 2020 /home/travis/build/icyphy/ptII/ptolemy/actor/lib/test/auto/Expression9.xml
----------------- Instantiating /home/travis/build/icyphy/ptII/ptolemy/actor/lib/test/auto/Expression9.xml
1 ms. Memory: 422912K Free: 143932K (34%)
----------------- Invoking toplevel() on ptolemy.moml.MoMLSimpleApplication@23bc8808
----------------- Done invoking toplevel() on ptolemy.moml.MoMLSimpleApplication@23bc8808
reloadAllAccessors: .Expression9

===========================================================================================
----------------- testing Wed Oct 21 15:53:26 UTC 2020 /home/travis/build/icyphy/ptII/ptolemy/actor/lib/test/auto/ExpressionConcatenateArrayType.xml
----------------- Instantiating /home/travis/build/icyphy/ptII/ptolemy/actor/lib/test/auto/ExpressionConcatenateArrayType.xml
3 ms. Memory: 422912K Free: 137274K (32%)
----------------- Invoking toplevel() on ptolemy.moml.MoMLSimpleApplication@1fd4a08
----------------- Done invoking toplevel() on ptolemy.moml.MoMLSimpleApplication@1fd4a08
reloadAllAccessors: .ExpressionConcatenateArrayType

===========================================================================================
----------------- testing Wed Oct 21 15:53:26 UTC 2020 /home/travis/build/icyphy/ptII/ptolemy/actor/lib/test/auto/ExpressionConcatenateArrayType2.xml
----------------- Instantiating /home/travis/build/icyphy/ptII/ptolemy/actor/lib/test/auto/ExpressionConcatenateArrayType2.xml
2 ms. Memory: 422912K Free: 131130K (31%)
----------------- Invoking toplevel() on ptolemy.moml.MoMLSimpleApplication@5f19ef21
----------------- Done invoking toplevel() on ptolemy.moml.MoMLSimpleApplication@5f19ef21
reloadAllAccessors: .ExpressionConcatenateArrayType2

===========================================================================================
----------------- testing Wed Oct 21 15:53:26 UTC 2020 /home/travis/build/icyphy/ptII/ptolemy/actor/lib/test/auto/ExpressionFix.xml
----------------- Instantiating /home/travis/build/icyphy/ptII/ptolemy/actor/lib/test/auto/ExpressionFix.xml
35 ms. Memory: 422912K Free: 374011K (88%)
----------------- Invoking toplevel() on ptolemy.moml.MoMLSimpleApplication@127f6a58
----------------- Done invoking toplevel() on ptolemy.moml.MoMLSimpleApplication@127f6a58
reloadAllAccessors: .ExpressionFix

===========================================================================================
----------------- testing Wed Oct 21 15:53:26 UTC 2020 /home/travis/build/icyphy/ptII/ptolemy/actor/lib/test/auto/ExpressionFix2.xml
----------------- Instantiating /home/travis/build/icyphy/ptII/ptolemy/actor/lib/test/auto/ExpressionFix2.xml
4 ms. Memory: 422912K Free: 369671K (87%)
----------------- Invoking toplevel() on ptolemy.moml.MoMLSimpleApplication@28975f05
----------------- Done invoking toplevel() on ptolemy.moml.MoMLSimpleApplication@28975f05
reloadAllAccessors: .ExpressionFix2

===========================================================================================
----------------- testing Wed Oct 21 15:53:26 UTC 2020 /home/travis/build/icyphy/ptII/ptolemy/actor/lib/test/auto/ExpressionFix3.xml
----------------- Instantiating /home/travis/build/icyphy/ptII/ptolemy/actor/lib/test/auto/ExpressionFix3.xml
3 ms. Memory: 422912K Free: 365065K (86%)
----------------- Invoking toplevel() on ptolemy.moml.MoMLSimpleApplication@292ca5f8
----------------- Done invoking toplevel() on ptolemy.moml.MoMLSimpleApplication@292ca5f8
reloadAllAccessors: .ExpressionFix3

===========================================================================================
----------------- testing Wed Oct 21 15:53:26 UTC 2020 /home/travis/build/icyphy/ptII/ptolemy/actor/lib/test/auto/FileWriter1.xml
----------------- Instantiating /home/travis/build/icyphy/ptII/ptolemy/actor/lib/test/auto/FileWriter1.xml
6 ms. Memory: 422912K Free: 360969K (85%)
----------------- Invoking toplevel() on ptolemy.moml.MoMLSimpleApplication@3f462d09
----------------- Done invoking toplevel() on ptolemy.moml.MoMLSimpleApplication@3f462d09
reloadAllAccessors: .FileWriter1

===========================================================================================
----------------- testing Wed Oct 21 15:53:26 UTC 2020 /home/travis/build/icyphy/ptII/ptolemy/actor/lib/test/auto/FileWriter2.xml
----------------- Instantiating /home/travis/build/icyphy/ptII/ptolemy/actor/lib/test/auto/FileWriter2.xml
2 ms. Memory: 422912K Free: 356873K (84%)
----------------- Invoking toplevel() on ptolemy.moml.MoMLSimpleApplication@46ee2955
----------------- Done invoking toplevel() on ptolemy.moml.MoMLSimpleApplication@46ee2955
reloadAllAccessors: .FileWriter2

===========================================================================================
----------------- testing Wed Oct 21 15:53:26 UTC 2020 /home/travis/build/icyphy/ptII/ptolemy/actor/lib/test/auto/FileWriter3.xml
----------------- Instantiating /home/travis/build/icyphy/ptII/ptolemy/actor/lib/test/auto/FileWriter3.xml
1 ms. Memory: 422912K Free: 352777K (83%)
----------------- Invoking toplevel() on ptolemy.moml.MoMLSimpleApplication@3fecf5c4
----------------- Done invoking toplevel() on ptolemy.moml.MoMLSimpleApplication@3fecf5c4
reloadAllAccessors: .FileWriter3

===========================================================================================
----------------- testing Wed Oct 21 15:53:26 UTC 2020 /home/travis/build/icyphy/ptII/ptolemy/actor/lib/test/auto/Gaussian.xml
----------------- Instantiating /home/travis/build/icyphy/ptII/ptolemy/actor/lib/test/auto/Gaussian.xml
2 ms. Memory: 422912K Free: 348167K (82%)
----------------- Invoking toplevel() on ptolemy.moml.MoMLSimpleApplication@737a9433
----------------- Done invoking toplevel() on ptolemy.moml.MoMLSimpleApplication@737a9433
reloadAllAccessors: .Gaussian

===========================================================================================
----------------- testing Wed Oct 21 15:53:26 UTC 2020 /home/travis/build/icyphy/ptII/ptolemy/actor/lib/test/auto/Gaussian1.xml
----------------- Instantiating /home/travis/build/icyphy/ptII/ptolemy/actor/lib/test/auto/Gaussian1.xml
10 ms. Memory: 422912K Free: 343033K (81%)
----------------- Invoking toplevel() on ptolemy.moml.MoMLSimpleApplication@2a3f1092
----------------- Done invoking toplevel() on ptolemy.moml.MoMLSimpleApplication@2a3f1092
reloadAllAccessors: .Gaussian1

===========================================================================================
----------------- testing Wed Oct 21 15:53:26 UTC 2020 /home/travis/build/icyphy/ptII/ptolemy/actor/lib/test/auto/Gaussian2.xml
----------------- Instantiating /home/travis/build/icyphy/ptII/ptolemy/actor/lib/test/auto/Gaussian2.xml
2 ms. Memory: 422912K Free: 337417K (80%)
----------------- Invoking toplevel() on ptolemy.moml.MoMLSimpleApplication@5fe28fa4
----------------- Done invoking toplevel() on ptolemy.moml.MoMLSimpleApplication@5fe28fa4
reloadAllAccessors: .Gaussian2

===========================================================================================
----------------- testing Wed Oct 21 15:53:26 UTC 2020 /home/travis/build/icyphy/ptII/ptolemy/actor/lib/test/auto/GradientAdaptiveLattice.xml
----------------- Instantiating /home/travis/build/icyphy/ptII/ptolemy/actor/lib/test/auto/GradientAdaptiveLattice.xml
2 ms. Memory: 422912K Free: 332297K (79%)
----------------- Invoking toplevel() on ptolemy.moml.MoMLSimpleApplication@7c2879b4
----------------- Done invoking toplevel() on ptolemy.moml.MoMLSimpleApplication@7c2879b4
reloadAllAccessors: .GradientAdaptiveLattice

===========================================================================================
----------------- testing Wed Oct 21 15:53:26 UTC 2020 /home/travis/build/icyphy/ptII/ptolemy/actor/lib/test/auto/IIR.xml
----------------- Instantiating /home/travis/build/icyphy/ptII/ptolemy/actor/lib/test/auto/IIR.xml
1 ms. Memory: 422912K Free: 328201K (78%)
----------------- Invoking toplevel() on ptolemy.moml.MoMLSimpleApplication@6d6d573d
----------------- Done invoking toplevel() on ptolemy.moml.MoMLSimpleApplication@6d6d573d
reloadAllAccessors: .IIR

===========================================================================================
----------------- testing Wed Oct 21 15:53:26 UTC 2020 /home/travis/build/icyphy/ptII/ptolemy/actor/lib/test/auto/InputOutputTransparentPorts.xml
----------------- Instantiating /home/travis/build/icyphy/ptII/ptolemy/actor/lib/test/auto/InputOutputTransparentPorts.xml
2 ms. Memory: 422912K Free: 320519K (76%)
----------------- Invoking toplevel() on ptolemy.moml.MoMLSimpleApplication@62d4e2cf
----------------- Done invoking toplevel() on ptolemy.moml.MoMLSimpleApplication@62d4e2cf
reloadAllAccessors: .InputOutputTransparentPorts

===========================================================================================
----------------- testing Wed Oct 21 15:53:26 UTC 2020 /home/travis/build/icyphy/ptII/ptolemy/actor/lib/test/auto/Interpolator.xml
----------------- Instantiating /home/travis/build/icyphy/ptII/ptolemy/actor/lib/test/auto/Interpolator.xml
5 ms. Memory: 422912K Free: 316423K (75%)
----------------- Invoking toplevel() on ptolemy.moml.MoMLSimpleApplication@14ebfb40
----------------- Done invoking toplevel() on ptolemy.moml.MoMLSimpleApplication@14ebfb40
reloadAllAccessors: .Interpolator

===========================================================================================
----------------- testing Wed Oct 21 15:53:26 UTC 2020 /home/travis/build/icyphy/ptII/ptolemy/actor/lib/test/auto/InterpolatorFiringLimitDE.xml
----------------- Instantiating /home/travis/build/icyphy/ptII/ptolemy/actor/lib/test/auto/InterpolatorFiringLimitDE.xml
2 ms. Memory: 422912K Free: 310793K (73%)
----------------- Invoking toplevel() on ptolemy.moml.MoMLSimpleApplication@44be6075
----------------- Done invoking toplevel() on ptolemy.moml.MoMLSimpleApplication@44be6075
reloadAllAccessors: .InterpolatorFiringLimitDE

===========================================================================================
----------------- testing Wed Oct 21 15:53:26 UTC 2020 /home/travis/build/icyphy/ptII/ptolemy/actor/lib/test/auto/Lattice.xml
----------------- Instantiating /home/travis/build/icyphy/ptII/ptolemy/actor/lib/test/auto/Lattice.xml
1 ms. Memory: 422912K Free: 306697K (73%)
----------------- Invoking toplevel() on ptolemy.moml.MoMLSimpleApplication@7f60e5aa
----------------- Done invoking toplevel() on ptolemy.moml.MoMLSimpleApplication@7f60e5aa
reloadAllAccessors: .Lattice

===========================================================================================
----------------- testing Wed Oct 21 15:53:26 UTC 2020 /home/travis/build/icyphy/ptII/ptolemy/actor/lib/test/auto/LazyAOCTestLazy.xml
----------------- Instantiating /home/travis/build/icyphy/ptII/ptolemy/actor/lib/test/auto/LazyAOCTestLazy.xml
9 ms. Memory: 422912K Free: 300553K (71%)
----------------- Invoking toplevel() on ptolemy.moml.MoMLSimpleApplication@671ad872
----------------- Done invoking toplevel() on ptolemy.moml.MoMLSimpleApplication@671ad872
reloadAllAccessors: .LazyAOCTestLazy

===========================================================================================
----------------- testing Wed Oct 21 15:53:26 UTC 2020 /home/travis/build/icyphy/ptII/ptolemy/actor/lib/test/auto/LazyAOCTestNonLazy.xml
----------------- Instantiating /home/travis/build/icyphy/ptII/ptolemy/actor/lib/test/auto/LazyAOCTestNonLazy.xml
2 ms. Memory: 422912K Free: 294409K (70%)
----------------- Invoking toplevel() on ptolemy.moml.MoMLSimpleApplication@344b0c5
----------------- Done invoking toplevel() on ptolemy.moml.MoMLSimpleApplication@344b0c5
reloadAllAccessors: .LazyAOCTestNonLazy

===========================================================================================
----------------- testing Wed Oct 21 15:53:26 UTC 2020 /home/travis/build/icyphy/ptII/ptolemy/actor/lib/test/auto/LazyInnerClass.xml
----------------- Instantiating /home/travis/build/icyphy/ptII/ptolemy/actor/lib/test/auto/LazyInnerClass.xml
12 ms. Memory: 422912K Free: 285689K (68%)
----------------- Invoking toplevel() on ptolemy.moml.MoMLSimpleApplication@2951d3f8
----------------- Done invoking toplevel() on ptolemy.moml.MoMLSimpleApplication@2951d3f8
reloadAllAccessors: .LazyInnerClass

===========================================================================================
----------------- testing Wed Oct 21 15:53:26 UTC 2020 /home/travis/build/icyphy/ptII/ptolemy/actor/lib/test/auto/LazyPubSub.xml
----------------- Instantiating /home/travis/build/icyphy/ptII/ptolemy/actor/lib/test/auto/LazyPubSub.xml
27 ms. Memory: 422912K Free: 275463K (65%)
----------------- Invoking toplevel() on ptolemy.moml.MoMLSimpleApplication@1d2231c3
----------------- Done invoking toplevel() on ptolemy.moml.MoMLSimpleApplication@1d2231c3
reloadAllAccessors: .LazyPubSub

===========================================================================================
----------------- testing Wed Oct 21 15:53:26 UTC 2020 /home/travis/build/icyphy/ptII/ptolemy/actor/lib/test/auto/LazyPubSub2.xml
----------------- Instantiating /home/travis/build/icyphy/ptII/ptolemy/actor/lib/test/auto/LazyPubSub2.xml
21 ms. Memory: 422912K Free: 265737K (63%)
----------------- Invoking toplevel() on ptolemy.moml.MoMLSimpleApplication@7077596e
----------------- Done invoking toplevel() on ptolemy.moml.MoMLSimpleApplication@7077596e
reloadAllAccessors: .LazyPubSub2

===========================================================================================
----------------- testing Wed Oct 21 15:53:26 UTC 2020 /home/travis/build/icyphy/ptII/ptolemy/actor/lib/test/auto/LazyPubSub3.xml
----------------- Instantiating /home/travis/build/icyphy/ptII/ptolemy/actor/lib/test/auto/LazyPubSub3.xml
10 ms. Memory: 422912K Free: 256007K (61%)
----------------- Invoking toplevel() on ptolemy.moml.MoMLSimpleApplication@464e1bb4
----------------- Done invoking toplevel() on ptolemy.moml.MoMLSimpleApplication@464e1bb4
reloadAllAccessors: .LazyPubSub3

===========================================================================================
----------------- testing Wed Oct 21 15:53:26 UTC 2020 /home/travis/build/icyphy/ptII/ptolemy/actor/lib/test/auto/LazySubClassModel.xml
----------------- Instantiating /home/travis/build/icyphy/ptII/ptolemy/actor/lib/test/auto/LazySubClassModel.xml
2 ms. Memory: 422912K Free: 246791K (58%)
----------------- Invoking toplevel() on ptolemy.moml.MoMLSimpleApplication@678b3cfe
----------------- Done invoking toplevel() on ptolemy.moml.MoMLSimpleApplication@678b3cfe
reloadAllAccessors: .LazySubClassModel

===========================================================================================
----------------- testing Wed Oct 21 15:53:27 UTC 2020 /home/travis/build/icyphy/ptII/ptolemy/actor/lib/test/auto/LevelCrossTest1.xml
----------------- Instantiating /home/travis/build/icyphy/ptII/ptolemy/actor/lib/test/auto/LevelCrossTest1.xml
2 ms. Memory: 422912K Free: 241161K (57%)
----------------- Invoking toplevel() on ptolemy.moml.MoMLSimpleApplication@74699347
----------------- Done invoking toplevel() on ptolemy.moml.MoMLSimpleApplication@74699347
reloadAllAccessors: .broken

===========================================================================================
----------------- testing Wed Oct 21 15:53:27 UTC 2020 /home/travis/build/icyphy/ptII/ptolemy/actor/lib/test/auto/LevelCrossTest10.xml
----------------- Instantiating /home/travis/build/icyphy/ptII/ptolemy/actor/lib/test/auto/LevelCrossTest10.xml
1 ms. Memory: 422912K Free: 233479K (55%)
----------------- Invoking toplevel() on ptolemy.moml.MoMLSimpleApplication@5d4cc622
----------------- Done invoking toplevel() on ptolemy.moml.MoMLSimpleApplication@5d4cc622
reloadAllAccessors: .LevelCrossTest10

===========================================================================================
----------------- testing Wed Oct 21 15:53:27 UTC 2020 /home/travis/build/icyphy/ptII/ptolemy/actor/lib/test/auto/LevelCrossTest11.xml
----------------- Instantiating /home/travis/build/icyphy/ptII/ptolemy/actor/lib/test/auto/LevelCrossTest11.xml
1 ms. Memory: 422912K Free: 225287K (53%)
----------------- Invoking toplevel() on ptolemy.moml.MoMLSimpleApplication@108ae9cf
----------------- Done invoking toplevel() on ptolemy.moml.MoMLSimpleApplication@108ae9cf
reloadAllAccessors: .LevelCrossTest11

===========================================================================================
----------------- testing Wed Oct 21 15:53:27 UTC 2020 /home/travis/build/icyphy/ptII/ptolemy/actor/lib/test/auto/LevelCrossTest12.xml
----------------- Instantiating /home/travis/build/icyphy/ptII/ptolemy/actor/lib/test/auto/LevelCrossTest12.xml
10 ms. Memory: 422912K Free: 218633K (52%)
----------------- Invoking toplevel() on ptolemy.moml.MoMLSimpleApplication@73e37f32
----------------- Done invoking toplevel() on ptolemy.moml.MoMLSimpleApplication@73e37f32
reloadAllAccessors: .LevelCrossTest12

===========================================================================================
----------------- testing Wed Oct 21 15:53:27 UTC 2020 /home/travis/build/icyphy/ptII/ptolemy/actor/lib/test/auto/LevelCrossTest13.xml
----------------- Instantiating /home/travis/build/icyphy/ptII/ptolemy/actor/lib/test/auto/LevelCrossTest13.xml
1 ms. Memory: 422912K Free: 211465K (50%)
----------------- Invoking toplevel() on ptolemy.moml.MoMLSimpleApplication@5f1eed60
----------------- Done invoking toplevel() on ptolemy.moml.MoMLSimpleApplication@5f1eed60
reloadAllAccessors: .LevelCrossTest13

===========================================================================================
----------------- testing Wed Oct 21 15:53:27 UTC 2020 /home/travis/build/icyphy/ptII/ptolemy/actor/lib/test/auto/LevelCrossTest2.xml
----------------- Instantiating /home/travis/build/icyphy/ptII/ptolemy/actor/lib/test/auto/LevelCrossTest2.xml
1 ms. Memory: 422912K Free: 205831K (49%)
----------------- Invoking toplevel() on ptolemy.moml.MoMLSimpleApplication@153fca23
----------------- Done invoking toplevel() on ptolemy.moml.MoMLSimpleApplication@153fca23
reloadAllAccessors: .broken

===========================================================================================
----------------- testing Wed Oct 21 15:53:27 UTC 2020 /home/travis/build/icyphy/ptII/ptolemy/actor/lib/test/auto/LevelCrossTest3.xml
----------------- Instantiating /home/travis/build/icyphy/ptII/ptolemy/actor/lib/test/auto/LevelCrossTest3.xml
1 ms. Memory: 422912K Free: 199687K (47%)
----------------- Invoking toplevel() on ptolemy.moml.MoMLSimpleApplication@138fc3e7
----------------- Done invoking toplevel() on ptolemy.moml.MoMLSimpleApplication@138fc3e7
reloadAllAccessors: .LevelCrossTest3

===========================================================================================
----------------- testing Wed Oct 21 15:53:27 UTC 2020 /home/travis/build/icyphy/ptII/ptolemy/actor/lib/test/auto/LevelCrossTest4.xml
----------------- Instantiating /home/travis/build/icyphy/ptII/ptolemy/actor/lib/test/auto/LevelCrossTest4.xml
1 ms. Memory: 422912K Free: 194057K (46%)
----------------- Invoking toplevel() on ptolemy.moml.MoMLSimpleApplication@3326eb70
----------------- Done invoking toplevel() on ptolemy.moml.MoMLSimpleApplication@3326eb70
reloadAllAccessors: .broken

===========================================================================================
----------------- testing Wed Oct 21 15:53:27 UTC 2020 /home/travis/build/icyphy/ptII/ptolemy/actor/lib/test/auto/LevelCrossTest5.xml
----------------- Instantiating /home/travis/build/icyphy/ptII/ptolemy/actor/lib/test/auto/LevelCrossTest5.xml
3 ms. Memory: 422912K Free: 186889K (44%)
----------------- Invoking toplevel() on ptolemy.moml.MoMLSimpleApplication@1860c663
----------------- Done invoking toplevel() on ptolemy.moml.MoMLSimpleApplication@1860c663
reloadAllAccessors: .LevelCrossTest5

===========================================================================================
----------------- testing Wed Oct 21 15:53:27 UTC 2020 /home/travis/build/icyphy/ptII/ptolemy/actor/lib/test/auto/LevelCrossTest6.xml
----------------- Instantiating /home/travis/build/icyphy/ptII/ptolemy/actor/lib/test/auto/LevelCrossTest6.xml
2 ms. Memory: 422912K Free: 180231K (43%)
----------------- Invoking toplevel() on ptolemy.moml.MoMLSimpleApplication@78de0a27
----------------- Done invoking toplevel() on ptolemy.moml.MoMLSimpleApplication@78de0a27
reloadAllAccessors: .LevelCrossTest6

===========================================================================================
----------------- testing Wed Oct 21 15:53:27 UTC 2020 /home/travis/build/icyphy/ptII/ptolemy/actor/lib/test/auto/LevelCrossTest7.xml
----------------- Instantiating /home/travis/build/icyphy/ptII/ptolemy/actor/lib/test/auto/LevelCrossTest7.xml
2 ms. Memory: 422912K Free: 172039K (41%)
----------------- Invoking toplevel() on ptolemy.moml.MoMLSimpleApplication@7432a6f7
----------------- Done invoking toplevel() on ptolemy.moml.MoMLSimpleApplication@7432a6f7
reloadAllAccessors: .LevelCrossTest7

===========================================================================================
----------------- testing Wed Oct 21 15:53:27 UTC 2020 /home/travis/build/icyphy/ptII/ptolemy/actor/lib/test/auto/LevelCrossTest8.xml
----------------- Instantiating /home/travis/build/icyphy/ptII/ptolemy/actor/lib/test/auto/LevelCrossTest8.xml
1 ms. Memory: 422912K Free: 164361K (39%)
----------------- Invoking toplevel() on ptolemy.moml.MoMLSimpleApplication@e6b8464
----------------- Done invoking toplevel() on ptolemy.moml.MoMLSimpleApplication@e6b8464
reloadAllAccessors: .LevelCrossTest8

===========================================================================================
----------------- testing Wed Oct 21 15:53:27 UTC 2020 /home/travis/build/icyphy/ptII/ptolemy/actor/lib/test/auto/LevelCrossTest9.xml
----------------- Instantiating /home/travis/build/icyphy/ptII/ptolemy/actor/lib/test/auto/LevelCrossTest9.xml
1 ms. Memory: 422912K Free: 157193K (37%)
----------------- Invoking toplevel() on ptolemy.moml.MoMLSimpleApplication@2e634652
----------------- Done invoking toplevel() on ptolemy.moml.MoMLSimpleApplication@2e634652
reloadAllAccessors: .LevelCrossTest9

===========================================================================================
----------------- testing Wed Oct 21 15:53:27 UTC 2020 /home/travis/build/icyphy/ptII/ptolemy/actor/lib/test/auto/LevinsonDurbin.xml
----------------- Instantiating /home/travis/build/icyphy/ptII/ptolemy/actor/lib/test/auto/LevinsonDurbin.xml
1 ms. Memory: 422912K Free: 153607K (36%)
----------------- Invoking toplevel() on ptolemy.moml.MoMLSimpleApplication@70d07c6d
----------------- Done invoking toplevel() on ptolemy.moml.MoMLSimpleApplication@70d07c6d
reloadAllAccessors: .LevinsonDurbin

===========================================================================================
----------------- testing Wed Oct 21 15:53:27 UTC 2020 /home/travis/build/icyphy/ptII/ptolemy/actor/lib/test/auto/LevinsonDurbin2.xml
----------------- Instantiating /home/travis/build/icyphy/ptII/ptolemy/actor/lib/test/auto/LevinsonDurbin2.xml
1 ms. Memory: 422912K Free: 149511K (35%)
----------------- Invoking toplevel() on ptolemy.moml.MoMLSimpleApplication@2d772b8a
----------------- Done invoking toplevel() on ptolemy.moml.MoMLSimpleApplication@2d772b8a
reloadAllAccessors: .LevinsonDurbin2

===========================================================================================
----------------- testing Wed Oct 21 15:53:27 UTC 2020 /home/travis/build/icyphy/ptII/ptolemy/actor/lib/test/auto/LevinsonDurbin3.xml
----------------- Instantiating /home/travis/build/icyphy/ptII/ptolemy/actor/lib/test/auto/LevinsonDurbin3.xml
2 ms. Memory: 422912K Free: 145415K (34%)
----------------- Invoking toplevel() on ptolemy.moml.MoMLSimpleApplication@5e63f54c
----------------- Done invoking toplevel() on ptolemy.moml.MoMLSimpleApplication@5e63f54c
reloadAllAccessors: .LevinsonDurbin3

===========================================================================================
----------------- testing Wed Oct 21 15:53:27 UTC 2020 /home/travis/build/icyphy/ptII/ptolemy/actor/lib/test/auto/Limiter.xml
----------------- Instantiating /home/travis/build/icyphy/ptII/ptolemy/actor/lib/test/auto/Limiter.xml
9 ms. Memory: 422912K Free: 136185K (32%)
----------------- Invoking toplevel() on ptolemy.moml.MoMLSimpleApplication@57c5534e
----------------- Done invoking toplevel() on ptolemy.moml.MoMLSimpleApplication@57c5534e
reloadAllAccessors: .Limiter

===========================================================================================
----------------- testing Wed Oct 21 15:53:27 UTC 2020 /home/travis/build/icyphy/ptII/ptolemy/actor/lib/test/auto/LinearDifferenceEquationSystem.xml
----------------- Instantiating /home/travis/build/icyphy/ptII/ptolemy/actor/lib/test/auto/LinearDifferenceEquationSystem.xml
4 ms. Memory: 422912K Free: 129545K (31%)
----------------- Invoking toplevel() on ptolemy.moml.MoMLSimpleApplication@469c8500
----------------- Done invoking toplevel() on ptolemy.moml.MoMLSimpleApplication@469c8500
reloadAllAccessors: .LinearDifferenceEquationSystem

===========================================================================================
----------------- testing Wed Oct 21 15:53:27 UTC 2020 /home/travis/build/icyphy/ptII/ptolemy/actor/lib/test/auto/LookupTable.xml
----------------- Instantiating /home/travis/build/icyphy/ptII/ptolemy/actor/lib/test/auto/LookupTable.xml
16 ms. Memory: 422912K Free: 374012K (88%)
----------------- Invoking toplevel() on ptolemy.moml.MoMLSimpleApplication@2d6fab87
----------------- Done invoking toplevel() on ptolemy.moml.MoMLSimpleApplication@2d6fab87
reloadAllAccessors: .LookupTable

===========================================================================================
----------------- testing Wed Oct 21 15:53:27 UTC 2020 /home/travis/build/icyphy/ptII/ptolemy/actor/lib/test/auto/MathFunction.xml
----------------- Instantiating /home/travis/build/icyphy/ptII/ptolemy/actor/lib/test/auto/MathFunction.xml
2 ms. Memory: 422912K Free: 365569K (86%)
----------------- Invoking toplevel() on ptolemy.moml.MoMLSimpleApplication@2f6fa8fd
----------------- Done invoking toplevel() on ptolemy.moml.MoMLSimpleApplication@2f6fa8fd
reloadAllAccessors: .MathFunction

===========================================================================================
----------------- testing Wed Oct 21 15:53:27 UTC 2020 /home/travis/build/icyphy/ptII/ptolemy/actor/lib/test/auto/MathFunction2.xml
----------------- Instantiating /home/travis/build/icyphy/ptII/ptolemy/actor/lib/test/auto/MathFunction2.xml
2 ms. Memory: 422912K Free: 361473K (85%)
----------------- Invoking toplevel() on ptolemy.moml.MoMLSimpleApplication@3943dac5
----------------- Done invoking toplevel() on ptolemy.moml.MoMLSimpleApplication@3943dac5
reloadAllAccessors: .MathFunction2

===========================================================================================
----------------- testing Wed Oct 21 15:53:27 UTC 2020 /home/travis/build/icyphy/ptII/ptolemy/actor/lib/test/auto/MathFunction3.xml
----------------- Instantiating /home/travis/build/icyphy/ptII/ptolemy/actor/lib/test/auto/MathFunction3.xml
2 ms. Memory: 422912K Free: 354305K (84%)
----------------- Invoking toplevel() on ptolemy.moml.MoMLSimpleApplication@6a51d3f6
----------------- Done invoking toplevel() on ptolemy.moml.MoMLSimpleApplication@6a51d3f6
reloadAllAccessors: .MathFunction3

===========================================================================================
----------------- testing Wed Oct 21 15:53:27 UTC 2020 /home/travis/build/icyphy/ptII/ptolemy/actor/lib/test/auto/MatrixCropBoolean.xml
----------------- Instantiating /home/travis/build/icyphy/ptII/ptolemy/actor/lib/test/auto/MatrixCropBoolean.xml
1 ms. Memory: 422912K Free: 349155K (83%)
----------------- Invoking toplevel() on ptolemy.moml.MoMLSimpleApplication@38b5563d
----------------- Done invoking toplevel() on ptolemy.moml.MoMLSimpleApplication@38b5563d
reloadAllAccessors: .MatrixCropBoolean

===========================================================================================
----------------- testing Wed Oct 21 15:53:27 UTC 2020 /home/travis/build/icyphy/ptII/ptolemy/actor/lib/test/auto/MatrixCropComplex.xml
----------------- Instantiating /home/travis/build/icyphy/ptII/ptolemy/actor/lib/test/auto/MatrixCropComplex.xml
1 ms. Memory: 422912K Free: 344579K (81%)
----------------- Invoking toplevel() on ptolemy.moml.MoMLSimpleApplication@35f8fd5
----------------- Done invoking toplevel() on ptolemy.moml.MoMLSimpleApplication@35f8fd5
reloadAllAccessors: .MatrixCropComplex

===========================================================================================
----------------- testing Wed Oct 21 15:53:27 UTC 2020 /home/travis/build/icyphy/ptII/ptolemy/actor/lib/test/auto/MatrixCropDouble.xml
----------------- Instantiating /home/travis/build/icyphy/ptII/ptolemy/actor/lib/test/auto/MatrixCropDouble.xml
2 ms. Memory: 422912K Free: 339459K (80%)
----------------- Invoking toplevel() on ptolemy.moml.MoMLSimpleApplication@630b3f5e
----------------- Done invoking toplevel() on ptolemy.moml.MoMLSimpleApplication@630b3f5e
reloadAllAccessors: .MatrixCropDouble

===========================================================================================
----------------- testing Wed Oct 21 15:53:27 UTC 2020 /home/travis/build/icyphy/ptII/ptolemy/actor/lib/test/auto/MatrixCropFix.xml
----------------- Instantiating /home/travis/build/icyphy/ptII/ptolemy/actor/lib/test/auto/MatrixCropFix.xml
2 ms. Memory: 422912K Free: 334339K (79%)
----------------- Invoking toplevel() on ptolemy.moml.MoMLSimpleApplication@7cadaa64
----------------- Done invoking toplevel() on ptolemy.moml.MoMLSimpleApplication@7cadaa64
reloadAllAccessors: .MatrixCropFix

===========================================================================================
----------------- testing Wed Oct 21 15:53:27 UTC 2020 /home/travis/build/icyphy/ptII/ptolemy/actor/lib/test/auto/MatrixCropInt.xml
----------------- Instantiating /home/travis/build/icyphy/ptII/ptolemy/actor/lib/test/auto/MatrixCropInt.xml
2 ms. Memory: 422912K Free: 329723K (78%)
----------------- Invoking toplevel() on ptolemy.moml.MoMLSimpleApplication@44b45fbe
----------------- Done invoking toplevel() on ptolemy.moml.MoMLSimpleApplication@44b45fbe
reloadAllAccessors: .MatrixCropInt

===========================================================================================
----------------- testing Wed Oct 21 15:53:27 UTC 2020 /home/travis/build/icyphy/ptII/ptolemy/actor/lib/test/auto/MatrixCropLong.xml
----------------- Instantiating /home/travis/build/icyphy/ptII/ptolemy/actor/lib/test/auto/MatrixCropLong.xml
2 ms. Memory: 422912K Free: 324579K (77%)
----------------- Invoking toplevel() on ptolemy.moml.MoMLSimpleApplication@5a2c1bc
----------------- Done invoking toplevel() on ptolemy.moml.MoMLSimpleApplication@5a2c1bc
reloadAllAccessors: .MatrixCropLong

===========================================================================================
----------------- testing Wed Oct 21 15:53:27 UTC 2020 /home/travis/build/icyphy/ptII/ptolemy/actor/lib/test/auto/MatrixToArray.xml
----------------- Instantiating /home/travis/build/icyphy/ptII/ptolemy/actor/lib/test/auto/MatrixToArray.xml
6 ms. Memory: 422912K Free: 309763K (73%)
----------------- Invoking toplevel() on ptolemy.moml.MoMLSimpleApplication@361db6af
----------------- Done invoking toplevel() on ptolemy.moml.MoMLSimpleApplication@361db6af
reloadAllAccessors: .MatrixToArray

===========================================================================================
----------------- testing Wed Oct 21 15:53:27 UTC 2020 /home/travis/build/icyphy/ptII/ptolemy/actor/lib/test/auto/MaxIndex.xml
----------------- Instantiating /home/travis/build/icyphy/ptII/ptolemy/actor/lib/test/auto/MaxIndex.xml
2 ms. Memory: 422912K Free: 304643K (72%)
----------------- Invoking toplevel() on ptolemy.moml.MoMLSimpleApplication@3465e817
----------------- Done invoking toplevel() on ptolemy.moml.MoMLSimpleApplication@3465e817
reloadAllAccessors: .MaxIndex

===========================================================================================
----------------- testing Wed Oct 21 15:53:27 UTC 2020 /home/travis/build/icyphy/ptII/ptolemy/actor/lib/test/auto/Maximum.xml
----------------- Instantiating /home/travis/build/icyphy/ptII/ptolemy/actor/lib/test/auto/Maximum.xml
5 ms. Memory: 422912K Free: 297955K (70%)
----------------- Invoking toplevel() on ptolemy.moml.MoMLSimpleApplication@423ba626
----------------- Done invoking toplevel() on ptolemy.moml.MoMLSimpleApplication@423ba626
reloadAllAccessors: .Maximum

===========================================================================================
----------------- testing Wed Oct 21 15:53:27 UTC 2020 /home/travis/build/icyphy/ptII/ptolemy/actor/lib/test/auto/MaximumComplex.xml
----------------- Instantiating /home/travis/build/icyphy/ptII/ptolemy/actor/lib/test/auto/MaximumComplex.xml
4 ms. Memory: 422912K Free: 291827K (69%)
----------------- Invoking toplevel() on ptolemy.moml.MoMLSimpleApplication@721e693c
----------------- Done invoking toplevel() on ptolemy.moml.MoMLSimpleApplication@721e693c
reloadAllAccessors: .MaximumComplex

===========================================================================================
----------------- testing Wed Oct 21 15:53:27 UTC 2020 /home/travis/build/icyphy/ptII/ptolemy/actor/lib/test/auto/MethodCallTest.xml
----------------- Instantiating /home/travis/build/icyphy/ptII/ptolemy/actor/lib/test/auto/MethodCallTest.xml
3 ms. Memory: 422912K Free: 285187K (67%)
----------------- Invoking toplevel() on ptolemy.moml.MoMLSimpleApplication@5bcd5fbe
----------------- Done invoking toplevel() on ptolemy.moml.MoMLSimpleApplication@5bcd5fbe
reloadAllAccessors: .MethodCallTest

===========================================================================================
----------------- testing Wed Oct 21 15:53:27 UTC 2020 /home/travis/build/icyphy/ptII/ptolemy/actor/lib/test/auto/Minimum.xml
----------------- Instantiating /home/travis/build/icyphy/ptII/ptolemy/actor/lib/test/auto/Minimum.xml
3 ms. Memory: 422912K Free: 278515K (66%)
----------------- Invoking toplevel() on ptolemy.moml.MoMLSimpleApplication@12785b2c
----------------- Done invoking toplevel() on ptolemy.moml.MoMLSimpleApplication@12785b2c
reloadAllAccessors: .Minimum

===========================================================================================
----------------- testing Wed Oct 21 15:53:27 UTC 2020 /home/travis/build/icyphy/ptII/ptolemy/actor/lib/test/auto/MinimumComplex.xml
----------------- Instantiating /home/travis/build/icyphy/ptII/ptolemy/actor/lib/test/auto/MinimumComplex.xml
3 ms. Memory: 422912K Free: 272899K (65%)
----------------- Invoking toplevel() on ptolemy.moml.MoMLSimpleApplication@68411809
----------------- Done invoking toplevel() on ptolemy.moml.MoMLSimpleApplication@68411809
reloadAllAccessors: .MinimumComplex

===========================================================================================
----------------- testing Wed Oct 21 15:53:27 UTC 2020 /home/travis/build/icyphy/ptII/ptolemy/actor/lib/test/auto/MinimumMultiports.xml
----------------- Instantiating /home/travis/build/icyphy/ptII/ptolemy/actor/lib/test/auto/MinimumMultiports.xml
3 ms. Memory: 422912K Free: 264179K (62%)
----------------- Invoking toplevel() on ptolemy.moml.MoMLSimpleApplication@3aa6e375
----------------- Done invoking toplevel() on ptolemy.moml.MoMLSimpleApplication@3aa6e375
reloadAllAccessors: .MinimumMultiports

===========================================================================================
----------------- testing Wed Oct 21 15:53:27 UTC 2020 /home/travis/build/icyphy/ptII/ptolemy/actor/lib/test/auto/ModifyDate.xml
----------------- Instantiating /home/travis/build/icyphy/ptII/ptolemy/actor/lib/test/auto/ModifyDate.xml
10 ms. Memory: 422912K Free: 251395K (59%)
----------------- Invoking toplevel() on ptolemy.moml.MoMLSimpleApplication@5e011253
----------------- Done invoking toplevel() on ptolemy.moml.MoMLSimpleApplication@5e011253
reloadAllAccessors: .ModifyDate

===========================================================================================
----------------- testing Wed Oct 21 15:53:27 UTC 2020 /home/travis/build/icyphy/ptII/ptolemy/actor/lib/test/auto/ModifyDate2.xml
----------------- Instantiating /home/travis/build/icyphy/ptII/ptolemy/actor/lib/test/auto/ModifyDate2.xml
3 ms. Memory: 422912K Free: 242689K (57%)
----------------- Invoking toplevel() on ptolemy.moml.MoMLSimpleApplication@124fd059
----------------- Done invoking toplevel() on ptolemy.moml.MoMLSimpleApplication@124fd059
reloadAllAccessors: .ModifyDate2

===========================================================================================
----------------- testing Wed Oct 21 15:53:27 UTC 2020 /home/travis/build/icyphy/ptII/ptolemy/actor/lib/test/auto/MovingAverage.xml
----------------- Instantiating /home/travis/build/icyphy/ptII/ptolemy/actor/lib/test/auto/MovingAverage.xml
11 ms. Memory: 422912K Free: 237569K (56%)
----------------- Invoking toplevel() on ptolemy.moml.MoMLSimpleApplication@68aac228
----------------- Done invoking toplevel() on ptolemy.moml.MoMLSimpleApplication@68aac228
reloadAllAccessors: .MovingAverage

===========================================================================================
----------------- testing Wed Oct 21 15:53:27 UTC 2020 /home/travis/build/icyphy/ptII/ptolemy/actor/lib/test/auto/MovingMaximum.xml
----------------- Instantiating /home/travis/build/icyphy/ptII/ptolemy/actor/lib/test/auto/MovingMaximum.xml
2 ms. Memory: 422912K Free: 232963K (55%)
----------------- Invoking toplevel() on ptolemy.moml.MoMLSimpleApplication@2f7312b9
----------------- Done invoking toplevel() on ptolemy.moml.MoMLSimpleApplication@2f7312b9
reloadAllAccessors: .MovingMaximum

===========================================================================================
----------------- testing Wed Oct 21 15:53:27 UTC 2020 /home/travis/build/icyphy/ptII/ptolemy/actor/lib/test/auto/MultipleLinksToSameRelation.xml
----------------- Instantiating /home/travis/build/icyphy/ptII/ptolemy/actor/lib/test/auto/MultipleLinksToSameRelation.xml
4 ms. Memory: 422912K Free: 229377K (54%)
----------------- Invoking toplevel() on ptolemy.moml.MoMLSimpleApplication@37d82a25
----------------- Done invoking toplevel() on ptolemy.moml.MoMLSimpleApplication@37d82a25
reloadAllAccessors: .MultipleLinksToSameRelation

===========================================================================================
----------------- testing Wed Oct 21 15:53:27 UTC 2020 /home/travis/build/icyphy/ptII/ptolemy/actor/lib/test/auto/MultipleLinksToSameRelationDE.xml
----------------- Instantiating /home/travis/build/icyphy/ptII/ptolemy/actor/lib/test/auto/MultipleLinksToSameRelationDE.xml
1 ms. Memory: 422912K Free: 224771K (53%)
----------------- Invoking toplevel() on ptolemy.moml.MoMLSimpleApplication@231aa19c
----------------- Done invoking toplevel() on ptolemy.moml.MoMLSimpleApplication@231aa19c
reloadAllAccessors: .MultipleLinksToSameRelationDE

===========================================================================================
----------------- testing Wed Oct 21 15:53:27 UTC 2020 /home/travis/build/icyphy/ptII/ptolemy/actor/lib/test/auto/Multiplexor.xml
----------------- Instantiating /home/travis/build/icyphy/ptII/ptolemy/actor/lib/test/auto/Multiplexor.xml
1 ms. Memory: 422912K Free: 219137K (52%)
----------------- Invoking toplevel() on ptolemy.moml.MoMLSimpleApplication@e8ae6c4
----------------- Done invoking toplevel() on ptolemy.moml.MoMLSimpleApplication@e8ae6c4
reloadAllAccessors: .Multiplexor

===========================================================================================
----------------- testing Wed Oct 21 15:53:27 UTC 2020 /home/travis/build/icyphy/ptII/ptolemy/actor/lib/test/auto/Multiplexor1.xml
----------------- Instantiating /home/travis/build/icyphy/ptII/ptolemy/actor/lib/test/auto/Multiplexor1.xml
1 ms. Memory: 422912K Free: 213507K (50%)
----------------- Invoking toplevel() on ptolemy.moml.MoMLSimpleApplication@2d892247
----------------- Done invoking toplevel() on ptolemy.moml.MoMLSimpleApplication@2d892247
reloadAllAccessors: .Multiplexor1

===========================================================================================
----------------- testing Wed Oct 21 15:53:27 UTC 2020 /home/travis/build/icyphy/ptII/ptolemy/actor/lib/test/auto/Multiplexor2.xml
----------------- Instantiating /home/travis/build/icyphy/ptII/ptolemy/actor/lib/test/auto/Multiplexor2.xml
2 ms. Memory: 422912K Free: 206849K (49%)
----------------- Invoking toplevel() on ptolemy.moml.MoMLSimpleApplication@7011cf1d
----------------- Done invoking toplevel() on ptolemy.moml.MoMLSimpleApplication@7011cf1d
reloadAllAccessors: .Multiplexor2

===========================================================================================
----------------- testing Wed Oct 21 15:53:27 UTC 2020 /home/travis/build/icyphy/ptII/ptolemy/actor/lib/test/auto/Multiplexor3.xml
----------------- Instantiating /home/travis/build/icyphy/ptII/ptolemy/actor/lib/test/auto/Multiplexor3.xml
2 ms. Memory: 422912K Free: 202753K (48%)
----------------- Invoking toplevel() on ptolemy.moml.MoMLSimpleApplication@56e1511b
----------------- Done invoking toplevel() on ptolemy.moml.MoMLSimpleApplication@56e1511b
reloadAllAccessors: .Multiplexor3

===========================================================================================
----------------- testing Wed Oct 21 15:53:27 UTC 2020 /home/travis/build/icyphy/ptII/ptolemy/actor/lib/test/auto/MultiplexorDE.xml
----------------- Instantiating /home/travis/build/icyphy/ptII/ptolemy/actor/lib/test/auto/MultiplexorDE.xml
3 ms. Memory: 422912K Free: 195571K (46%)
----------------- Invoking toplevel() on ptolemy.moml.MoMLSimpleApplication@52e4fb5b
----------------- Done invoking toplevel() on ptolemy.moml.MoMLSimpleApplication@52e4fb5b
reloadAllAccessors: .MultiplexorDE

===========================================================================================
----------------- testing Wed Oct 21 15:53:28 UTC 2020 /home/travis/build/icyphy/ptII/ptolemy/actor/lib/test/auto/MultiportBroadcastTest.xml
----------------- Instantiating /home/travis/build/icyphy/ptII/ptolemy/actor/lib/test/auto/MultiportBroadcastTest.xml
100 ms. Memory: 422912K Free: 189435K (45%)
----------------- Invoking toplevel() on ptolemy.moml.MoMLSimpleApplication@115ff15c
----------------- Done invoking toplevel() on ptolemy.moml.MoMLSimpleApplication@115ff15c
reloadAllAccessors: .MultiportBroadcastTest

===========================================================================================
----------------- testing Wed Oct 21 15:53:28 UTC 2020 /home/travis/build/icyphy/ptII/ptolemy/actor/lib/test/auto/MultiportOutHangDuringGetWidth.xml
----------------- Instantiating /home/travis/build/icyphy/ptII/ptolemy/actor/lib/test/auto/MultiportOutHangDuringGetWidth.xml
5 ms. Memory: 422912K Free: 176643K (42%)
----------------- Invoking toplevel() on ptolemy.moml.MoMLSimpleApplication@3843bbb
----------------- Done invoking toplevel() on ptolemy.moml.MoMLSimpleApplication@3843bbb
reloadAllAccessors: .MultiportOutHangDuringGetWidth

===========================================================================================
----------------- testing Wed Oct 21 15:53:28 UTC 2020 /home/travis/build/icyphy/ptII/ptolemy/actor/lib/test/auto/NilToken.xml
----------------- Instantiating /home/travis/build/icyphy/ptII/ptolemy/actor/lib/test/auto/NilToken.xml
1 ms. Memory: 422912K Free: 172547K (41%)
----------------- Invoking toplevel() on ptolemy.moml.MoMLSimpleApplication@7f4d6be7
----------------- Done invoking toplevel() on ptolemy.moml.MoMLSimpleApplication@7f4d6be7
reloadAllAccessors: .NilToken

===========================================================================================
----------------- testing Wed Oct 21 15:53:28 UTC 2020 /home/travis/build/icyphy/ptII/ptolemy/actor/lib/test/auto/NilTokenNonStrictTest.xml
----------------- Instantiating /home/travis/build/icyphy/ptII/ptolemy/actor/lib/test/auto/NilTokenNonStrictTest.xml
2 ms. Memory: 422912K Free: 167937K (40%)
----------------- Invoking toplevel() on ptolemy.moml.MoMLSimpleApplication@15f65bc6
----------------- Done invoking toplevel() on ptolemy.moml.MoMLSimpleApplication@15f65bc6
reloadAllAccessors: .NilTokenNonStrictTest

===========================================================================================
----------------- testing Wed Oct 21 15:53:28 UTC 2020 /home/travis/build/icyphy/ptII/ptolemy/actor/lib/test/auto/NilTokenRecord.xml
----------------- Instantiating /home/travis/build/icyphy/ptII/ptolemy/actor/lib/test/auto/NilTokenRecord.xml
6 ms. Memory: 422912K Free: 161283K (38%)
----------------- Invoking toplevel() on ptolemy.moml.MoMLSimpleApplication@1ad2483e
----------------- Done invoking toplevel() on ptolemy.moml.MoMLSimpleApplication@1ad2483e
reloadAllAccessors: .NilTokenRecord

===========================================================================================
----------------- testing Wed Oct 21 15:53:28 UTC 2020 /home/travis/build/icyphy/ptII/ptolemy/actor/lib/test/auto/NilTokenTypeTest.xml
----------------- Instantiating /home/travis/build/icyphy/ptII/ptolemy/actor/lib/test/auto/NilTokenTypeTest.xml
5 ms. Memory: 422912K Free: 151553K (36%)
----------------- Invoking toplevel() on ptolemy.moml.MoMLSimpleApplication@20166168
----------------- Done invoking toplevel() on ptolemy.moml.MoMLSimpleApplication@20166168
reloadAllAccessors: .NilTokenTypeTest

===========================================================================================
----------------- testing Wed Oct 21 15:53:28 UTC 2020 /home/travis/build/icyphy/ptII/ptolemy/actor/lib/test/auto/ObjectToken1.xml
----------------- Instantiating /home/travis/build/icyphy/ptII/ptolemy/actor/lib/test/auto/ObjectToken1.xml
2 ms. Memory: 422912K Free: 147971K (35%)
----------------- Invoking toplevel() on ptolemy.moml.MoMLSimpleApplication@561b3896
----------------- Done invoking toplevel() on ptolemy.moml.MoMLSimpleApplication@561b3896
reloadAllAccessors: .ObjectToken1

===========================================================================================
----------------- testing Wed Oct 21 15:53:28 UTC 2020 /home/travis/build/icyphy/ptII/ptolemy/actor/lib/test/auto/OrderedMerge.xml
----------------- Instantiating /home/travis/build/icyphy/ptII/ptolemy/actor/lib/test/auto/OrderedMerge.xml
11 ms. Memory: 422912K Free: 142337K (34%)
----------------- Invoking toplevel() on ptolemy.moml.MoMLSimpleApplication@4aa224d3
----------------- Done invoking toplevel() on ptolemy.moml.MoMLSimpleApplication@4aa224d3
reloadAllAccessors: .OrderedMerge

===========================================================================================
----------------- testing Wed Oct 21 15:53:28 UTC 2020 /home/travis/build/icyphy/ptII/ptolemy/actor/lib/test/auto/OrderedRecordDisassembler.xml
----------------- Instantiating /home/travis/build/icyphy/ptII/ptolemy/actor/lib/test/auto/OrderedRecordDisassembler.xml
3 ms. Memory: 422912K Free: 137187K (32%)
----------------- Invoking toplevel() on ptolemy.moml.MoMLSimpleApplication@23b60efd
----------------- Done invoking toplevel() on ptolemy.moml.MoMLSimpleApplication@23b60efd
reloadAllAccessors: .OrderedRecordDisassembler

===========================================================================================
----------------- testing Wed Oct 21 15:53:28 UTC 2020 /home/travis/build/icyphy/ptII/ptolemy/actor/lib/test/auto/OrderedRecordDisassembler2.xml
----------------- Instantiating /home/travis/build/icyphy/ptII/ptolemy/actor/lib/test/auto/OrderedRecordDisassembler2.xml
4 ms. Memory: 422912K Free: 129539K (31%)
----------------- Invoking toplevel() on ptolemy.moml.MoMLSimpleApplication@2c6be91c
----------------- Done invoking toplevel() on ptolemy.moml.MoMLSimpleApplication@2c6be91c
reloadAllAccessors: .OrderedRecordDisassembler2

===========================================================================================
----------------- testing Wed Oct 21 15:53:28 UTC 2020 /home/travis/build/icyphy/ptII/ptolemy/actor/lib/test/auto/OrderedRecordUpdater.xml
----------------- Instantiating /home/travis/build/icyphy/ptII/ptolemy/actor/lib/test/auto/OrderedRecordUpdater.xml
12 ms. Memory: 422912K Free: 372943K (88%)
----------------- Invoking toplevel() on ptolemy.moml.MoMLSimpleApplication@b919297
----------------- Done invoking toplevel() on ptolemy.moml.MoMLSimpleApplication@b919297
reloadAllAccessors: .RecordUpdater

===========================================================================================
----------------- testing Wed Oct 21 15:53:28 UTC 2020 /home/travis/build/icyphy/ptII/ptolemy/actor/lib/test/auto/OrderedRecordUpdater2.xml
----------------- Instantiating /home/travis/build/icyphy/ptII/ptolemy/actor/lib/test/auto/OrderedRecordUpdater2.xml
3 ms. Memory: 422912K Free: 367309K (87%)
----------------- Invoking toplevel() on ptolemy.moml.MoMLSimpleApplication@49454b56
----------------- Done invoking toplevel() on ptolemy.moml.MoMLSimpleApplication@49454b56
reloadAllAccessors: .RecordUpdater2

===========================================================================================
----------------- testing Wed Oct 21 15:53:28 UTC 2020 /home/travis/build/icyphy/ptII/ptolemy/actor/lib/test/auto/PhaseUnwrap.xml
----------------- Instantiating /home/travis/build/icyphy/ptII/ptolemy/actor/lib/test/auto/PhaseUnwrap.xml
2 ms. Memory: 422912K Free: 362703K (86%)
----------------- Invoking toplevel() on ptolemy.moml.MoMLSimpleApplication@e7408a0
----------------- Done invoking toplevel() on ptolemy.moml.MoMLSimpleApplication@e7408a0
reloadAllAccessors: .PhaseUnwrap

===========================================================================================
----------------- testing Wed Oct 21 15:53:28 UTC 2020 /home/travis/build/icyphy/ptII/ptolemy/actor/lib/test/auto/PoissonClock.xml
----------------- Instantiating /home/travis/build/icyphy/ptII/ptolemy/actor/lib/test/auto/PoissonClock.xml
1 ms. Memory: 422912K Free: 358607K (85%)
----------------- Invoking toplevel() on ptolemy.moml.MoMLSimpleApplication@46669df5
----------------- Done invoking toplevel() on ptolemy.moml.MoMLSimpleApplication@46669df5
reloadAllAccessors: .PoissonClock

===========================================================================================
----------------- testing Wed Oct 21 15:53:28 UTC 2020 /home/travis/build/icyphy/ptII/ptolemy/actor/lib/test/auto/PoissonClock2.xml
----------------- Instantiating /home/travis/build/icyphy/ptII/ptolemy/actor/lib/test/auto/PoissonClock2.xml
1 ms. Memory: 422912K Free: 354511K (84%)
----------------- Invoking toplevel() on ptolemy.moml.MoMLSimpleApplication@fa360e3
----------------- Done invoking toplevel() on ptolemy.moml.MoMLSimpleApplication@fa360e3
reloadAllAccessors: .PoissonClock2

===========================================================================================
----------------- testing Wed Oct 21 15:53:28 UTC 2020 /home/travis/build/icyphy/ptII/ptolemy/actor/lib/test/auto/PoissonClock3.xml
----------------- Instantiating /home/travis/build/icyphy/ptII/ptolemy/actor/lib/test/auto/PoissonClock3.xml
1 ms. Memory: 422912K Free: 350415K (83%)
----------------- Invoking toplevel() on ptolemy.moml.MoMLSimpleApplication@48e9b0b3
----------------- Done invoking toplevel() on ptolemy.moml.MoMLSimpleApplication@48e9b0b3
reloadAllAccessors: .PoissonClock3

===========================================================================================
----------------- testing Wed Oct 21 15:53:28 UTC 2020 /home/travis/build/icyphy/ptII/ptolemy/actor/lib/test/auto/PubSubWithInitialTokens.xml
----------------- Instantiating /home/travis/build/icyphy/ptII/ptolemy/actor/lib/test/auto/PubSubWithInitialTokens.xml
2 ms. Memory: 422912K Free: 344775K (82%)
----------------- Invoking toplevel() on ptolemy.moml.MoMLSimpleApplication@1e5280a9
----------------- Done invoking toplevel() on ptolemy.moml.MoMLSimpleApplication@1e5280a9
reloadAllAccessors: .PubSubWithInitialTokens

===========================================================================================
----------------- testing Wed Oct 21 15:53:28 UTC 2020 /home/travis/build/icyphy/ptII/ptolemy/actor/lib/test/auto/PubSubWithInitialTokens2.xml
----------------- Instantiating /home/travis/build/icyphy/ptII/ptolemy/actor/lib/test/auto/PubSubWithInitialTokens2.xml
1 ms. Memory: 422912K Free: 338631K (80%)
----------------- Invoking toplevel() on ptolemy.moml.MoMLSimpleApplication@638c50c5
----------------- Done invoking toplevel() on ptolemy.moml.MoMLSimpleApplication@638c50c5
reloadAllAccessors: .PubSubWithInitialTokens2

===========================================================================================
----------------- testing Wed Oct 21 15:53:28 UTC 2020 /home/travis/build/icyphy/ptII/ptolemy/actor/lib/test/auto/PublisherClassNoParameter.xml
----------------- Instantiating /home/travis/build/icyphy/ptII/ptolemy/actor/lib/test/auto/PublisherClassNoParameter.xml
2 ms. Memory: 422912K Free: 328391K (78%)
----------------- Invoking toplevel() on ptolemy.moml.MoMLSimpleApplication@11043ea9
----------------- Done invoking toplevel() on ptolemy.moml.MoMLSimpleApplication@11043ea9
reloadAllAccessors: .PublisherClassNoParameter

===========================================================================================
----------------- testing Wed Oct 21 15:53:28 UTC 2020 /home/travis/build/icyphy/ptII/ptolemy/actor/lib/test/auto/PublisherClassParameter.xml
----------------- Instantiating /home/travis/build/icyphy/ptII/ptolemy/actor/lib/test/auto/PublisherClassParameter.xml
2 ms. Memory: 422912K Free: 318157K (75%)
----------------- Invoking toplevel() on ptolemy.moml.MoMLSimpleApplication@16233439
----------------- Done invoking toplevel() on ptolemy.moml.MoMLSimpleApplication@16233439
reloadAllAccessors: .PublisherClassParameter

===========================================================================================
----------------- testing Wed Oct 21 15:53:28 UTC 2020 /home/travis/build/icyphy/ptII/ptolemy/actor/lib/test/auto/PublisherNonStrictTest.xml
----------------- Instantiating /home/travis/build/icyphy/ptII/ptolemy/actor/lib/test/auto/PublisherNonStrictTest.xml
3 ms. Memory: 422912K Free: 310479K (73%)
----------------- Invoking toplevel() on ptolemy.moml.MoMLSimpleApplication@30061eca
----------------- Done invoking toplevel() on ptolemy.moml.MoMLSimpleApplication@30061eca
reloadAllAccessors: .PublisherNonStrictTest

===========================================================================================
----------------- testing Wed Oct 21 15:53:28 UTC 2020 /home/travis/build/icyphy/ptII/ptolemy/actor/lib/test/auto/PublisherPort1.xml
----------------- Instantiating /home/travis/build/icyphy/ptII/ptolemy/actor/lib/test/auto/PublisherPort1.xml
3 ms. Memory: 422912K Free: 304839K (72%)
----------------- Invoking toplevel() on ptolemy.moml.MoMLSimpleApplication@4b5f5ad0
----------------- Done invoking toplevel() on ptolemy.moml.MoMLSimpleApplication@4b5f5ad0
reloadAllAccessors: .PublisherPort1

===========================================================================================
----------------- testing Wed Oct 21 15:53:28 UTC 2020 /home/travis/build/icyphy/ptII/ptolemy/actor/lib/test/auto/PublisherPort2.xml
----------------- Instantiating /home/travis/build/icyphy/ptII/ptolemy/actor/lib/test/auto/PublisherPort2.xml
2 ms. Memory: 422912K Free: 299725K (71%)
----------------- Invoking toplevel() on ptolemy.moml.MoMLSimpleApplication@1765c809
----------------- Done invoking toplevel() on ptolemy.moml.MoMLSimpleApplication@1765c809
reloadAllAccessors: .PublisherPort2

===========================================================================================
----------------- testing Wed Oct 21 15:53:28 UTC 2020 /home/travis/build/icyphy/ptII/ptolemy/actor/lib/test/auto/PublisherPort3.xml
----------------- Instantiating /home/travis/build/icyphy/ptII/ptolemy/actor/lib/test/auto/PublisherPort3.xml
12 ms. Memory: 422912K Free: 293071K (69%)
----------------- Invoking toplevel() on ptolemy.moml.MoMLSimpleApplication@418cb705
----------------- Done invoking toplevel() on ptolemy.moml.MoMLSimpleApplication@418cb705
reloadAllAccessors: .PublisherPort3

===========================================================================================
----------------- testing Wed Oct 21 15:53:28 UTC 2020 /home/travis/build/icyphy/ptII/ptolemy/actor/lib/test/auto/PublisherPort4.xml
----------------- Instantiating /home/travis/build/icyphy/ptII/ptolemy/actor/lib/test/auto/PublisherPort4.xml
3 ms. Memory: 422912K Free: 287423K (68%)
----------------- Invoking toplevel() on ptolemy.moml.MoMLSimpleApplication@7c0a8cc4
----------------- Done invoking toplevel() on ptolemy.moml.MoMLSimpleApplication@7c0a8cc4
reloadAllAccessors: .PublisherPort4

===========================================================================================
----------------- testing Wed Oct 21 15:53:28 UTC 2020 /home/travis/build/icyphy/ptII/ptolemy/actor/lib/test/auto/PublisherPort5.xml
----------------- Instantiating /home/travis/build/icyphy/ptII/ptolemy/actor/lib/test/auto/PublisherPort5.xml
5 ms. Memory: 422912K Free: 279759K (66%)
----------------- Invoking toplevel() on ptolemy.moml.MoMLSimpleApplication@777c5dfa
----------------- Done invoking toplevel() on ptolemy.moml.MoMLSimpleApplication@777c5dfa
reloadAllAccessors: .PublisherPort5

===========================================================================================
----------------- testing Wed Oct 21 15:53:28 UTC 2020 /home/travis/build/icyphy/ptII/ptolemy/actor/lib/test/auto/PublisherPort5LookAlike.xml
----------------- Instantiating /home/travis/build/icyphy/ptII/ptolemy/actor/lib/test/auto/PublisherPort5LookAlike.xml
9 ms. Memory: 422912K Free: 272071K (64%)
----------------- Invoking toplevel() on ptolemy.moml.MoMLSimpleApplication@659d70a9
----------------- Done invoking toplevel() on ptolemy.moml.MoMLSimpleApplication@659d70a9
reloadAllAccessors: .PublisherPort5LookAlike

===========================================================================================
----------------- testing Wed Oct 21 15:53:28 UTC 2020 /home/travis/build/icyphy/ptII/ptolemy/actor/lib/test/auto/PublisherPort6.xml
----------------- Instantiating /home/travis/build/icyphy/ptII/ptolemy/actor/lib/test/auto/PublisherPort6.xml
3 ms. Memory: 422912K Free: 265933K (63%)
----------------- Invoking toplevel() on ptolemy.moml.MoMLSimpleApplication@1147d342
----------------- Done invoking toplevel() on ptolemy.moml.MoMLSimpleApplication@1147d342
reloadAllAccessors: .PublisherPort6

===========================================================================================
----------------- testing Wed Oct 21 15:53:28 UTC 2020 /home/travis/build/icyphy/ptII/ptolemy/actor/lib/test/auto/PublisherPort7.xml
----------------- Instantiating /home/travis/build/icyphy/ptII/ptolemy/actor/lib/test/auto/PublisherPort7.xml
3 ms. Memory: 422912K Free: 258255K (61%)
----------------- Invoking toplevel() on ptolemy.moml.MoMLSimpleApplication@575acdfb
----------------- Done invoking toplevel() on ptolemy.moml.MoMLSimpleApplication@575acdfb
reloadAllAccessors: .PublisherPort7

===========================================================================================
----------------- testing Wed Oct 21 15:53:28 UTC 2020 /home/travis/build/icyphy/ptII/ptolemy/actor/lib/test/auto/PublisherPort8.xml
----------------- Instantiating /home/travis/build/icyphy/ptII/ptolemy/actor/lib/test/auto/PublisherPort8.xml
9 ms. Memory: 422912K Free: 249549K (59%)
----------------- Invoking toplevel() on ptolemy.moml.MoMLSimpleApplication@31991fd6
----------------- Done invoking toplevel() on ptolemy.moml.MoMLSimpleApplication@31991fd6
reloadAllAccessors: .PublisherPort8

===========================================================================================
----------------- testing Wed Oct 21 15:53:28 UTC 2020 /home/travis/build/icyphy/ptII/ptolemy/actor/lib/test/auto/PublisherPortSubscriberChannelVariablesAOC2.xml
----------------- Instantiating /home/travis/build/icyphy/ptII/ptolemy/actor/lib/test/auto/PublisherPortSubscriberChannelVariablesAOC2.xml
3 ms. Memory: 422912K Free: 231631K (55%)
----------------- Invoking toplevel() on ptolemy.moml.MoMLSimpleApplication@469de979
----------------- Done invoking toplevel() on ptolemy.moml.MoMLSimpleApplication@469de979
reloadAllAccessors: .PublisherPortSubscriberChannelVariablesAOC2

===========================================================================================
----------------- testing Wed Oct 21 15:53:28 UTC 2020 /home/travis/build/icyphy/ptII/ptolemy/actor/lib/test/auto/PublisherPortSubscriberOpaqueWidthInference.xml
----------------- Instantiating /home/travis/build/icyphy/ptII/ptolemy/actor/lib/test/auto/PublisherPortSubscriberOpaqueWidthInference.xml
3 ms. Memory: 422912K Free: 223439K (53%)
----------------- Invoking toplevel() on ptolemy.moml.MoMLSimpleApplication@331338eb
----------------- Done invoking toplevel() on ptolemy.moml.MoMLSimpleApplication@331338eb
reloadAllAccessors: .PublisherPortSubscriberOpaqueWidthInference

===========================================================================================
----------------- testing Wed Oct 21 15:53:28 UTC 2020 /home/travis/build/icyphy/ptII/ptolemy/actor/lib/test/auto/PublisherPortSubscriberPortAdjacent.xml
----------------- Instantiating /home/travis/build/icyphy/ptII/ptolemy/actor/lib/test/auto/PublisherPortSubscriberPortAdjacent.xml
5 ms. Memory: 422912K Free: 215247K (51%)
----------------- Invoking toplevel() on ptolemy.moml.MoMLSimpleApplication@2adf5dc3
----------------- Done invoking toplevel() on ptolemy.moml.MoMLSimpleApplication@2adf5dc3
reloadAllAccessors: .PublisherPortSubscriberPortAdjacent

===========================================================================================
----------------- testing Wed Oct 21 15:53:28 UTC 2020 /home/travis/build/icyphy/ptII/ptolemy/actor/lib/test/auto/PublisherPortSubscriberPortExpression.xml
----------------- Instantiating /home/travis/build/icyphy/ptII/ptolemy/actor/lib/test/auto/PublisherPortSubscriberPortExpression.xml
4 ms. Memory: 422912K Free: 207559K (49%)
----------------- Invoking toplevel() on ptolemy.moml.MoMLSimpleApplication@3b634925
----------------- Done invoking toplevel() on ptolemy.moml.MoMLSimpleApplication@3b634925
reloadAllAccessors: .PublisherPortSubscriberPortExpression

===========================================================================================
----------------- testing Wed Oct 21 15:53:28 UTC 2020 /home/travis/build/icyphy/ptII/ptolemy/actor/lib/test/auto/PublisherPortSubscriberPortOpaqueD3Reverse.xml
----------------- Instantiating /home/travis/build/icyphy/ptII/ptolemy/actor/lib/test/auto/PublisherPortSubscriberPortOpaqueD3Reverse.xml
6 ms. Memory: 422912K Free: 197325K (47%)
----------------- Invoking toplevel() on ptolemy.moml.MoMLSimpleApplication@2883de22
----------------- Done invoking toplevel() on ptolemy.moml.MoMLSimpleApplication@2883de22
reloadAllAccessors: .PublisherPortSubscriberPortOpaqueD3Reverse

===========================================================================================
----------------- testing Wed Oct 21 15:53:28 UTC 2020 /home/travis/build/icyphy/ptII/ptolemy/actor/lib/test/auto/PublisherPortSubscriberPortOpaqueWidthInference.xml
----------------- Instantiating /home/travis/build/icyphy/ptII/ptolemy/actor/lib/test/auto/PublisherPortSubscriberPortOpaqueWidthInference.xml
4 ms. Memory: 422912K Free: 189647K (45%)
----------------- Invoking toplevel() on ptolemy.moml.MoMLSimpleApplication@58bbc428
----------------- Done invoking toplevel() on ptolemy.moml.MoMLSimpleApplication@58bbc428
reloadAllAccessors: .PublisherPortSubscriberPortOpaqueWidthInference

===========================================================================================
----------------- testing Wed Oct 21 15:53:28 UTC 2020 /home/travis/build/icyphy/ptII/ptolemy/actor/lib/test/auto/PublisherPortToplevelSubscriberPortAOC.xml
----------------- Instantiating /home/travis/build/icyphy/ptII/ptolemy/actor/lib/test/auto/PublisherPortToplevelSubscriberPortAOC.xml
.PublisherPortToplevelSubscriberPortAOC.TestExceptionAttribute: initialize() was not invoked, but wrapup() was.  This is unusual, but not always a problem.  For example, exporting JNLP will do this.
1 ms. Memory: 422912K Free: 183503K (43%)
----------------- Invoking toplevel() on ptolemy.moml.MoMLSimpleApplication@23451ab0
----------------- Done invoking toplevel() on ptolemy.moml.MoMLSimpleApplication@23451ab0
reloadAllAccessors: .PublisherPortToplevelSubscriberPortAOC

===========================================================================================
----------------- testing Wed Oct 21 15:53:28 UTC 2020 /home/travis/build/icyphy/ptII/ptolemy/actor/lib/test/auto/PublisherSubscriber.xml
----------------- Instantiating /home/travis/build/icyphy/ptII/ptolemy/actor/lib/test/auto/PublisherSubscriber.xml
2 ms. Memory: 422912K Free: 175791K (42%)
----------------- Invoking toplevel() on ptolemy.moml.MoMLSimpleApplication@2990973b
----------------- Done invoking toplevel() on ptolemy.moml.MoMLSimpleApplication@2990973b
reloadAllAccessors: .PublisherSubscriber

===========================================================================================
----------------- testing Wed Oct 21 15:53:28 UTC 2020 /home/travis/build/icyphy/ptII/ptolemy/actor/lib/test/auto/PublisherSubscriber10.xml
----------------- Instantiating /home/travis/build/icyphy/ptII/ptolemy/actor/lib/test/auto/PublisherSubscriber10.xml
6 ms. Memory: 422912K Free: 166095K (39%)
----------------- Invoking toplevel() on ptolemy.moml.MoMLSimpleApplication@1216ea71
----------------- Done invoking toplevel() on ptolemy.moml.MoMLSimpleApplication@1216ea71
reloadAllAccessors: .PublisherSubscriber10

===========================================================================================
----------------- testing Wed Oct 21 15:53:28 UTC 2020 /home/travis/build/icyphy/ptII/ptolemy/actor/lib/test/auto/PublisherSubscriber10InitialOutputs.xml
----------------- Instantiating /home/travis/build/icyphy/ptII/ptolemy/actor/lib/test/auto/PublisherSubscriber10InitialOutputs.xml
14 ms. Memory: 422912K Free: 156879K (37%)
----------------- Invoking toplevel() on ptolemy.moml.MoMLSimpleApplication@2fbc48e
----------------- Done invoking toplevel() on ptolemy.moml.MoMLSimpleApplication@2fbc48e
reloadAllAccessors: .PublisherSubscriber10InitialOutputs

===========================================================================================
----------------- testing Wed Oct 21 15:53:28 UTC 2020 /home/travis/build/icyphy/ptII/ptolemy/actor/lib/test/auto/PublisherSubscriber11.xml
----------------- Instantiating /home/travis/build/icyphy/ptII/ptolemy/actor/lib/test/auto/PublisherSubscriber11.xml
2 ms. Memory: 422912K Free: 150735K (36%)
----------------- Invoking toplevel() on ptolemy.moml.MoMLSimpleApplication@3f05ec0b
----------------- Done invoking toplevel() on ptolemy.moml.MoMLSimpleApplication@3f05ec0b
reloadAllAccessors: .PublisherSubscriber11

===========================================================================================
----------------- testing Wed Oct 21 15:53:28 UTC 2020 /home/travis/build/icyphy/ptII/ptolemy/actor/lib/test/auto/PublisherSubscriber12.xml
----------------- Instantiating /home/travis/build/icyphy/ptII/ptolemy/actor/lib/test/auto/PublisherSubscriber12.xml
6 ms. Memory: 422912K Free: 144077K (34%)
----------------- Invoking toplevel() on ptolemy.moml.MoMLSimpleApplication@802508
----------------- Done invoking toplevel() on ptolemy.moml.MoMLSimpleApplication@802508
reloadAllAccessors: .PublisherSubscriber12

===========================================================================================
----------------- testing Wed Oct 21 15:53:29 UTC 2020 /home/travis/build/icyphy/ptII/ptolemy/actor/lib/test/auto/PublisherSubscriber13.xml
----------------- Instantiating /home/travis/build/icyphy/ptII/ptolemy/actor/lib/test/auto/PublisherSubscriber13.xml
3 ms. Memory: 422912K Free: 138447K (33%)
----------------- Invoking toplevel() on ptolemy.moml.MoMLSimpleApplication@46c2eda4
----------------- Done invoking toplevel() on ptolemy.moml.MoMLSimpleApplication@46c2eda4
reloadAllAccessors: .PublisherSubscriber13

===========================================================================================
----------------- testing Wed Oct 21 15:53:29 UTC 2020 /home/travis/build/icyphy/ptII/ptolemy/actor/lib/test/auto/PublisherSubscriber14.xml
----------------- Instantiating /home/travis/build/icyphy/ptII/ptolemy/actor/lib/test/auto/PublisherSubscriber14.xml
2 ms. Memory: 422912K Free: 129727K (31%)
----------------- Invoking toplevel() on ptolemy.moml.MoMLSimpleApplication@29915ba6
----------------- Done invoking toplevel() on ptolemy.moml.MoMLSimpleApplication@29915ba6
reloadAllAccessors: .PublisherSubscriber14

===========================================================================================
----------------- testing Wed Oct 21 15:53:29 UTC 2020 /home/travis/build/icyphy/ptII/ptolemy/actor/lib/test/auto/PublisherSubscriber2.xml
----------------- Instantiating /home/travis/build/icyphy/ptII/ptolemy/actor/lib/test/auto/PublisherSubscriber2.xml
13 ms. Memory: 422912K Free: 372639K (88%)
----------------- Invoking toplevel() on ptolemy.moml.MoMLSimpleApplication@7f30a448
----------------- Done invoking toplevel() on ptolemy.moml.MoMLSimpleApplication@7f30a448
reloadAllAccessors: .PublisherSubscriber2

===========================================================================================
----------------- testing Wed Oct 21 15:53:29 UTC 2020 /home/travis/build/icyphy/ptII/ptolemy/actor/lib/test/auto/PublisherSubscriber3.xml
----------------- Instantiating /home/travis/build/icyphy/ptII/ptolemy/actor/lib/test/auto/PublisherSubscriber3.xml
2 ms. Memory: 422912K Free: 366495K (87%)
----------------- Invoking toplevel() on ptolemy.moml.MoMLSimpleApplication@67a48802
----------------- Done invoking toplevel() on ptolemy.moml.MoMLSimpleApplication@67a48802
reloadAllAccessors: .PublisherSubscriber3

===========================================================================================
----------------- testing Wed Oct 21 15:53:29 UTC 2020 /home/travis/build/icyphy/ptII/ptolemy/actor/lib/test/auto/PublisherSubscriber4.xml
----------------- Instantiating /home/travis/build/icyphy/ptII/ptolemy/actor/lib/test/auto/PublisherSubscriber4.xml
2 ms. Memory: 422912K Free: 361375K (85%)
----------------- Invoking toplevel() on ptolemy.moml.MoMLSimpleApplication@fd81f45
----------------- Done invoking toplevel() on ptolemy.moml.MoMLSimpleApplication@fd81f45
reloadAllAccessors: .PublisherSubscriber4

===========================================================================================
----------------- testing Wed Oct 21 15:53:29 UTC 2020 /home/travis/build/icyphy/ptII/ptolemy/actor/lib/test/auto/PublisherSubscriber5.xml
----------------- Instantiating /home/travis/build/icyphy/ptII/ptolemy/actor/lib/test/auto/PublisherSubscriber5.xml
2 ms. Memory: 422912K Free: 354717K (84%)
----------------- Invoking toplevel() on ptolemy.moml.MoMLSimpleApplication@4a3eab9b
----------------- Done invoking toplevel() on ptolemy.moml.MoMLSimpleApplication@4a3eab9b
reloadAllAccessors: .PublisherSubscriber5

===========================================================================================
----------------- testing Wed Oct 21 15:53:29 UTC 2020 /home/travis/build/icyphy/ptII/ptolemy/actor/lib/test/auto/PublisherSubscriber6.xml
----------------- Instantiating /home/travis/build/icyphy/ptII/ptolemy/actor/lib/test/auto/PublisherSubscriber6.xml
4 ms. Memory: 422912K Free: 347549K (82%)
----------------- Invoking toplevel() on ptolemy.moml.MoMLSimpleApplication@6142ecbb
----------------- Done invoking toplevel() on ptolemy.moml.MoMLSimpleApplication@6142ecbb
reloadAllAccessors: .PublisherSubscriber6

===========================================================================================
----------------- testing Wed Oct 21 15:53:29 UTC 2020 /home/travis/build/icyphy/ptII/ptolemy/actor/lib/test/auto/PublisherSubscriber7.xml
----------------- Instantiating /home/travis/build/icyphy/ptII/ptolemy/actor/lib/test/auto/PublisherSubscriber7.xml
7 ms. Memory: 422912K Free: 340381K (80%)
----------------- Invoking toplevel() on ptolemy.moml.MoMLSimpleApplication@18bceccf
----------------- Done invoking toplevel() on ptolemy.moml.MoMLSimpleApplication@18bceccf
reloadAllAccessors: .PublisherSubscriber7

===========================================================================================
----------------- testing Wed Oct 21 15:53:29 UTC 2020 /home/travis/build/icyphy/ptII/ptolemy/actor/lib/test/auto/PublisherSubscriber8.xml
----------------- Instantiating /home/travis/build/icyphy/ptII/ptolemy/actor/lib/test/auto/PublisherSubscriber8.xml
18 ms. Memory: 422912K Free: 328607K (78%)
----------------- Invoking toplevel() on ptolemy.moml.MoMLSimpleApplication@7adad26f
----------------- Done invoking toplevel() on ptolemy.moml.MoMLSimpleApplication@7adad26f
reloadAllAccessors: .PublisherSubscriber8

===========================================================================================
----------------- testing Wed Oct 21 15:53:29 UTC 2020 /home/travis/build/icyphy/ptII/ptolemy/actor/lib/test/auto/PublisherSubscriber9.xml
----------------- Instantiating /home/travis/build/icyphy/ptII/ptolemy/actor/lib/test/auto/PublisherSubscriber9.xml
2 ms. Memory: 422912K Free: 321439K (76%)
----------------- Invoking toplevel() on ptolemy.moml.MoMLSimpleApplication@3a169b39
----------------- Done invoking toplevel() on ptolemy.moml.MoMLSimpleApplication@3a169b39
reloadAllAccessors: .PublisherSubscriber9

===========================================================================================
----------------- testing Wed Oct 21 15:53:29 UTC 2020 /home/travis/build/icyphy/ptII/ptolemy/actor/lib/test/auto/PublisherSubscriberAdjacent.xml
----------------- Instantiating /home/travis/build/icyphy/ptII/ptolemy/actor/lib/test/auto/PublisherSubscriberAdjacent.xml
2 ms. Memory: 422912K Free: 313247K (74%)
----------------- Invoking toplevel() on ptolemy.moml.MoMLSimpleApplication@3ef007a0
----------------- Done invoking toplevel() on ptolemy.moml.MoMLSimpleApplication@3ef007a0
reloadAllAccessors: .PublisherSubscriberAdjacent

===========================================================================================
----------------- testing Wed Oct 21 15:53:29 UTC 2020 /home/travis/build/icyphy/ptII/ptolemy/actor/lib/test/auto/PublisherSubscriberChannelVariablesAOC2.xml
----------------- Instantiating /home/travis/build/icyphy/ptII/ptolemy/actor/lib/test/auto/PublisherSubscriberChannelVariablesAOC2.xml
3 ms. Memory: 422912K Free: 298383K (71%)
----------------- Invoking toplevel() on ptolemy.moml.MoMLSimpleApplication@7f3b2b7e
----------------- Done invoking toplevel() on ptolemy.moml.MoMLSimpleApplication@7f3b2b7e
reloadAllAccessors: .PublisherSubscriberChannelVariablesAOC2

===========================================================================================
----------------- testing Wed Oct 21 15:53:29 UTC 2020 /home/travis/build/icyphy/ptII/ptolemy/actor/lib/test/auto/PublisherSubscriberD3.xml
----------------- Instantiating /home/travis/build/icyphy/ptII/ptolemy/actor/lib/test/auto/PublisherSubscriberD3.xml
2 ms. Memory: 422912K Free: 291229K (69%)
----------------- Invoking toplevel() on ptolemy.moml.MoMLSimpleApplication@31e8f1b1
----------------- Done invoking toplevel() on ptolemy.moml.MoMLSimpleApplication@31e8f1b1
reloadAllAccessors: .PublisherSubscriberD3

===========================================================================================
----------------- testing Wed Oct 21 15:53:29 UTC 2020 /home/travis/build/icyphy/ptII/ptolemy/actor/lib/test/auto/PublisherSubscriberD3Reverse.xml
----------------- Instantiating /home/travis/build/icyphy/ptII/ptolemy/actor/lib/test/auto/PublisherSubscriberD3Reverse.xml
3 ms. Memory: 422912K Free: 285085K (67%)
----------------- Invoking toplevel() on ptolemy.moml.MoMLSimpleApplication@3c0ed49d
----------------- Done invoking toplevel() on ptolemy.moml.MoMLSimpleApplication@3c0ed49d
reloadAllAccessors: .PublisherSubscriberD3Reverse

===========================================================================================
----------------- testing Wed Oct 21 15:53:29 UTC 2020 /home/travis/build/icyphy/ptII/ptolemy/actor/lib/test/auto/PublisherSubscriberExpression.xml
----------------- Instantiating /home/travis/build/icyphy/ptII/ptolemy/actor/lib/test/auto/PublisherSubscriberExpression.xml
4 ms. Memory: 422912K Free: 276383K (65%)
----------------- Invoking toplevel() on ptolemy.moml.MoMLSimpleApplication@10c01c94
----------------- Done invoking toplevel() on ptolemy.moml.MoMLSimpleApplication@10c01c94
reloadAllAccessors: .PublisherSubscriberExpression

===========================================================================================
----------------- testing Wed Oct 21 15:53:29 UTC 2020 /home/travis/build/icyphy/ptII/ptolemy/actor/lib/test/auto/PublisherSubscriberOpaque.xml
----------------- Instantiating /home/travis/build/icyphy/ptII/ptolemy/actor/lib/test/auto/PublisherSubscriberOpaque.xml
4 ms. Memory: 422912K Free: 268191K (63%)
----------------- Invoking toplevel() on ptolemy.moml.MoMLSimpleApplication@1f3f2c57
----------------- Done invoking toplevel() on ptolemy.moml.MoMLSimpleApplication@1f3f2c57
reloadAllAccessors: .PublisherSubscriberOpaque

===========================================================================================
----------------- testing Wed Oct 21 15:53:29 UTC 2020 /home/travis/build/icyphy/ptII/ptolemy/actor/lib/test/auto/PublisherSubscriberOpaqueD3.xml
----------------- Instantiating /home/travis/build/icyphy/ptII/ptolemy/actor/lib/test/auto/PublisherSubscriberOpaqueD3.xml
5 ms. Memory: 422912K Free: 256927K (61%)
----------------- Invoking toplevel() on ptolemy.moml.MoMLSimpleApplication@f2424e7
----------------- Done invoking toplevel() on ptolemy.moml.MoMLSimpleApplication@f2424e7
reloadAllAccessors: .PublisherSubscriberOpaqueD3

===========================================================================================
----------------- testing Wed Oct 21 15:53:29 UTC 2020 /home/travis/build/icyphy/ptII/ptolemy/actor/lib/test/auto/PublisherSubscriberOpaqueD3Reverse.xml
----------------- Instantiating /home/travis/build/icyphy/ptII/ptolemy/actor/lib/test/auto/PublisherSubscriberOpaqueD3Reverse.xml
7 ms. Memory: 422912K Free: 246173K (58%)
----------------- Invoking toplevel() on ptolemy.moml.MoMLSimpleApplication@60572002
----------------- Done invoking toplevel() on ptolemy.moml.MoMLSimpleApplication@60572002
reloadAllAccessors: .PublisherSubscriberOpaqueD3Reverse

===========================================================================================
----------------- testing Wed Oct 21 15:53:29 UTC 2020 /home/travis/build/icyphy/ptII/ptolemy/actor/lib/test/auto/PublisherSubscriberOpaqueWidthInference.xml
----------------- Instantiating /home/travis/build/icyphy/ptII/ptolemy/actor/lib/test/auto/PublisherSubscriberOpaqueWidthInference.xml
4 ms. Memory: 422912K Free: 237967K (56%)
----------------- Invoking toplevel() on ptolemy.moml.MoMLSimpleApplication@2639d0a0
----------------- Done invoking toplevel() on ptolemy.moml.MoMLSimpleApplication@2639d0a0
reloadAllAccessors: .PublisherSubscriberOpaqueWidthInference

===========================================================================================
----------------- testing Wed Oct 21 15:53:29 UTC 2020 /home/travis/build/icyphy/ptII/ptolemy/actor/lib/test/auto/PublisherTestSubscriber.xml
----------------- Instantiating /home/travis/build/icyphy/ptII/ptolemy/actor/lib/test/auto/PublisherTestSubscriber.xml
3 ms. Memory: 422912K Free: 230303K (54%)
----------------- Invoking toplevel() on ptolemy.moml.MoMLSimpleApplication@7d5881bc
----------------- Done invoking toplevel() on ptolemy.moml.MoMLSimpleApplication@7d5881bc
reloadAllAccessors: .PublisherTestSubscriber

===========================================================================================
----------------- testing Wed Oct 21 15:53:29 UTC 2020 /home/travis/build/icyphy/ptII/ptolemy/actor/lib/test/auto/PublisherToplevelSubscriberPortAOC.xml
----------------- Instantiating /home/travis/build/icyphy/ptII/ptolemy/actor/lib/test/auto/PublisherToplevelSubscriberPortAOC.xml
6 ms. Memory: 422912K Free: 224159K (53%)
----------------- Invoking toplevel() on ptolemy.moml.MoMLSimpleApplication@20f8af49
----------------- Done invoking toplevel() on ptolemy.moml.MoMLSimpleApplication@20f8af49
reloadAllAccessors: .PublisherToplevelSubscriberPortAOC

===========================================================================================
----------------- testing Wed Oct 21 15:53:29 UTC 2020 /home/travis/build/icyphy/ptII/ptolemy/actor/lib/test/auto/PulseFiringLimitDE.xml
----------------- Instantiating /home/travis/build/icyphy/ptII/ptolemy/actor/lib/test/auto/PulseFiringLimitDE.xml
6 ms. Memory: 422912K Free: 217501K (51%)
----------------- Invoking toplevel() on ptolemy.moml.MoMLSimpleApplication@a3a4352
----------------- Done invoking toplevel() on ptolemy.moml.MoMLSimpleApplication@a3a4352
reloadAllAccessors: .PulseFiringLimitDE

===========================================================================================
----------------- testing Wed Oct 21 15:53:29 UTC 2020 /home/travis/build/icyphy/ptII/ptolemy/actor/lib/test/auto/Ramp1.xml
----------------- Instantiating /home/travis/build/icyphy/ptII/ptolemy/actor/lib/test/auto/Ramp1.xml
1 ms. Memory: 422912K Free: 213399K (50%)
----------------- Invoking toplevel() on ptolemy.moml.MoMLSimpleApplication@4dc88c20
----------------- Done invoking toplevel() on ptolemy.moml.MoMLSimpleApplication@4dc88c20
reloadAllAccessors: .Ramp1

===========================================================================================
----------------- testing Wed Oct 21 15:53:29 UTC 2020 /home/travis/build/icyphy/ptII/ptolemy/actor/lib/test/auto/RampFiringLimitDE.xml
----------------- Instantiating /home/travis/build/icyphy/ptII/ptolemy/actor/lib/test/auto/RampFiringLimitDE.xml
3 ms. Memory: 422912K Free: 207247K (49%)
----------------- Invoking toplevel() on ptolemy.moml.MoMLSimpleApplication@3da14a38
----------------- Done invoking toplevel() on ptolemy.moml.MoMLSimpleApplication@3da14a38
reloadAllAccessors: .RampFiringLimitDE

===========================================================================================
----------------- testing Wed Oct 21 15:53:29 UTC 2020 /home/travis/build/icyphy/ptII/ptolemy/actor/lib/test/auto/RampFiringLimitSDF.xml
----------------- Instantiating /home/travis/build/icyphy/ptII/ptolemy/actor/lib/test/auto/RampFiringLimitSDF.xml
2 ms. Memory: 422912K Free: 202127K (48%)
----------------- Invoking toplevel() on ptolemy.moml.MoMLSimpleApplication@673028e6
----------------- Done invoking toplevel() on ptolemy.moml.MoMLSimpleApplication@673028e6
reloadAllAccessors: .RampFiringLimitSDF

===========================================================================================
----------------- testing Wed Oct 21 15:53:29 UTC 2020 /home/travis/build/icyphy/ptII/ptolemy/actor/lib/test/auto/RandomInteger.xml
----------------- Instantiating /home/travis/build/icyphy/ptII/ptolemy/actor/lib/test/auto/RandomInteger.xml
1 ms. Memory: 422912K Free: 198045K (47%)
----------------- Invoking toplevel() on ptolemy.moml.MoMLSimpleApplication@4e260dc
----------------- Done invoking toplevel() on ptolemy.moml.MoMLSimpleApplication@4e260dc
reloadAllAccessors: .RandomInteger

===========================================================================================
----------------- testing Wed Oct 21 15:53:29 UTC 2020 /home/travis/build/icyphy/ptII/ptolemy/actor/lib/test/auto/ReadFile1.xml
----------------- Instantiating /home/travis/build/icyphy/ptII/ptolemy/actor/lib/test/auto/ReadFile1.xml
1 ms. Memory: 422912K Free: 193439K (46%)
----------------- Invoking toplevel() on ptolemy.moml.MoMLSimpleApplication@1a6feff3
----------------- Done invoking toplevel() on ptolemy.moml.MoMLSimpleApplication@1a6feff3
reloadAllAccessors: .ReadFile1

===========================================================================================
----------------- testing Wed Oct 21 15:53:29 UTC 2020 /home/travis/build/icyphy/ptII/ptolemy/actor/lib/test/auto/ReadFile2.xml
----------------- Instantiating /home/travis/build/icyphy/ptII/ptolemy/actor/lib/test/auto/ReadFile2.xml
1 ms. Memory: 422912K Free: 189343K (45%)
----------------- Invoking toplevel() on ptolemy.moml.MoMLSimpleApplication@3a43d09b
----------------- Done invoking toplevel() on ptolemy.moml.MoMLSimpleApplication@3a43d09b
reloadAllAccessors: .ReadFile2

===========================================================================================
----------------- testing Wed Oct 21 15:53:29 UTC 2020 /home/travis/build/icyphy/ptII/ptolemy/actor/lib/test/auto/Reader.xml
----------------- Instantiating /home/travis/build/icyphy/ptII/ptolemy/actor/lib/test/auto/Reader.xml
actor.lib.Reader is obsolete, use actor.lib.io.ExpressionReader instead
4 ms. Memory: 422912K Free: 185247K (44%)
----------------- Invoking toplevel() on ptolemy.moml.MoMLSimpleApplication@2bbfc01f
----------------- Done invoking toplevel() on ptolemy.moml.MoMLSimpleApplication@2bbfc01f
reloadAllAccessors: .Reader

===========================================================================================
----------------- testing Wed Oct 21 15:53:29 UTC 2020 /home/travis/build/icyphy/ptII/ptolemy/actor/lib/test/auto/RecordAssemblerDisplayNameTest.xml
----------------- Instantiating /home/travis/build/icyphy/ptII/ptolemy/actor/lib/test/auto/RecordAssemblerDisplayNameTest.xml
3140 ms. Memory: 422912K Free: 205432K (49%)
----------------- Invoking toplevel() on ptolemy.moml.MoMLSimpleApplication@486c23dc
----------------- Done invoking toplevel() on ptolemy.moml.MoMLSimpleApplication@486c23dc
reloadAllAccessors: .RecordAssemblerDisplayNameTest

===========================================================================================
----------------- testing Wed Oct 21 15:53:32 UTC 2020 /home/travis/build/icyphy/ptII/ptolemy/actor/lib/test/auto/RecordAssemblerTypeError.xml
----------------- Instantiating /home/travis/build/icyphy/ptII/ptolemy/actor/lib/test/auto/RecordAssemblerTypeError.xml
4 ms. Memory: 422912K Free: 195706K (46%)
----------------- Invoking toplevel() on ptolemy.moml.MoMLSimpleApplication@16d5ea71
----------------- Done invoking toplevel() on ptolemy.moml.MoMLSimpleApplication@16d5ea71
reloadAllAccessors: .RecordAssemblerTypeError

===========================================================================================
----------------- testing Wed Oct 21 15:53:32 UTC 2020 /home/travis/build/icyphy/ptII/ptolemy/actor/lib/test/auto/RecordDisassember.xml
----------------- Instantiating /home/travis/build/icyphy/ptII/ptolemy/actor/lib/test/auto/RecordDisassember.xml
10 ms. Memory: 422912K Free: 191066K (45%)
----------------- Invoking toplevel() on ptolemy.moml.MoMLSimpleApplication@6b412202
----------------- Done invoking toplevel() on ptolemy.moml.MoMLSimpleApplication@6b412202
reloadAllAccessors: .RecordDisassember

===========================================================================================
----------------- testing Wed Oct 21 15:53:32 UTC 2020 /home/travis/build/icyphy/ptII/ptolemy/actor/lib/test/auto/RecordDisassemberDisplayNameTest.xml
----------------- Instantiating /home/travis/build/icyphy/ptII/ptolemy/actor/lib/test/auto/RecordDisassemberDisplayNameTest.xml
5 ms. Memory: 422912K Free: 183418K (43%)
----------------- Invoking toplevel() on ptolemy.moml.MoMLSimpleApplication@1e350780
----------------- Done invoking toplevel() on ptolemy.moml.MoMLSimpleApplication@1e350780
reloadAllAccessors: .RecordDisassemberDisplayNameTest

===========================================================================================
----------------- testing Wed Oct 21 15:53:32 UTC 2020 /home/travis/build/icyphy/ptII/ptolemy/actor/lib/test/auto/RecordDisassembler.xml
----------------- Instantiating /home/travis/build/icyphy/ptII/ptolemy/actor/lib/test/auto/RecordDisassembler.xml
2 ms. Memory: 422912K Free: 178298K (42%)
----------------- Invoking toplevel() on ptolemy.moml.MoMLSimpleApplication@6b1115fd
----------------- Done invoking toplevel() on ptolemy.moml.MoMLSimpleApplication@6b1115fd
reloadAllAccessors: .RecordDisassembler

===========================================================================================
----------------- testing Wed Oct 21 15:53:32 UTC 2020 /home/travis/build/icyphy/ptII/ptolemy/actor/lib/test/auto/RecordDisassembler2.xml
----------------- Instantiating /home/travis/build/icyphy/ptII/ptolemy/actor/lib/test/auto/RecordDisassembler2.xml
2 ms. Memory: 422912K Free: 173178K (41%)
----------------- Invoking toplevel() on ptolemy.moml.MoMLSimpleApplication@1bd1f986
----------------- Done invoking toplevel() on ptolemy.moml.MoMLSimpleApplication@1bd1f986
reloadAllAccessors: .RecordDisassembler2

===========================================================================================
----------------- testing Wed Oct 21 15:53:32 UTC 2020 /home/travis/build/icyphy/ptII/ptolemy/actor/lib/test/auto/RecordUpdater.xml
----------------- Instantiating /home/travis/build/icyphy/ptII/ptolemy/actor/lib/test/auto/RecordUpdater.xml
2 ms. Memory: 422912K Free: 168568K (40%)
----------------- Invoking toplevel() on ptolemy.moml.MoMLSimpleApplication@33d9c906
----------------- Done invoking toplevel() on ptolemy.moml.MoMLSimpleApplication@33d9c906
reloadAllAccessors: .RecordUpdater

===========================================================================================
----------------- testing Wed Oct 21 15:53:32 UTC 2020 /home/travis/build/icyphy/ptII/ptolemy/actor/lib/test/auto/RecordUpdater2.xml
----------------- Instantiating /home/travis/build/icyphy/ptII/ptolemy/actor/lib/test/auto/RecordUpdater2.xml
2 ms. Memory: 422912K Free: 162938K (39%)
----------------- Invoking toplevel() on ptolemy.moml.MoMLSimpleApplication@376b8fb4
----------------- Done invoking toplevel() on ptolemy.moml.MoMLSimpleApplication@376b8fb4
reloadAllAccessors: .RecordUpdater2

===========================================================================================
----------------- testing Wed Oct 21 15:53:32 UTC 2020 /home/travis/build/icyphy/ptII/ptolemy/actor/lib/test/auto/RecursiveLattice.xml
----------------- Instantiating /home/travis/build/icyphy/ptII/ptolemy/actor/lib/test/auto/RecursiveLattice.xml
1 ms. Memory: 422912K Free: 158328K (37%)
----------------- Invoking toplevel() on ptolemy.moml.MoMLSimpleApplication@1821cffc
----------------- Done invoking toplevel() on ptolemy.moml.MoMLSimpleApplication@1821cffc
reloadAllAccessors: .RecursiveLattice

===========================================================================================
----------------- testing Wed Oct 21 15:53:32 UTC 2020 /home/travis/build/icyphy/ptII/ptolemy/actor/lib/test/auto/Router.xml
----------------- Instantiating /home/travis/build/icyphy/ptII/ptolemy/actor/lib/test/auto/Router.xml
3004 ms. Memory: 422912K Free: 147064K (35%)
----------------- Invoking toplevel() on ptolemy.moml.MoMLSimpleApplication@76a1fc32
----------------- Done invoking toplevel() on ptolemy.moml.MoMLSimpleApplication@76a1fc32
reloadAllAccessors: .Router

===========================================================================================
----------------- testing Wed Oct 21 15:53:35 UTC 2020 /home/travis/build/icyphy/ptII/ptolemy/actor/lib/test/auto/Router2.xml
----------------- Instantiating /home/travis/build/icyphy/ptII/ptolemy/actor/lib/test/auto/Router2.xml
3004 ms. Memory: 422912K Free: 135800K (32%)
----------------- Invoking toplevel() on ptolemy.moml.MoMLSimpleApplication@11575a3
----------------- Done invoking toplevel() on ptolemy.moml.MoMLSimpleApplication@11575a3
reloadAllAccessors: .Router2

===========================================================================================
----------------- testing Wed Oct 21 15:53:38 UTC 2020 /home/travis/build/icyphy/ptII/ptolemy/actor/lib/test/auto/RunningMaximum.xml
----------------- Instantiating /home/travis/build/icyphy/ptII/ptolemy/actor/lib/test/auto/RunningMaximum.xml
2 ms. Memory: 422912K Free: 131194K (31%)
----------------- Invoking toplevel() on ptolemy.moml.MoMLSimpleApplication@5ba5dc21
----------------- Done invoking toplevel() on ptolemy.moml.MoMLSimpleApplication@5ba5dc21
reloadAllAccessors: .RunningMaximum

===========================================================================================
----------------- testing Wed Oct 21 15:53:38 UTC 2020 /home/travis/build/icyphy/ptII/ptolemy/actor/lib/test/auto/RunningMinimum.xml
----------------- Instantiating /home/travis/build/icyphy/ptII/ptolemy/actor/lib/test/auto/RunningMinimum.xml
2 ms. Memory: 422912K Free: 126584K (30%)
----------------- Invoking toplevel() on ptolemy.moml.MoMLSimpleApplication@4049e7a3
----------------- Done invoking toplevel() on ptolemy.moml.MoMLSimpleApplication@4049e7a3
reloadAllAccessors: .RunningMinimum

===========================================================================================
----------------- testing Wed Oct 21 15:53:38 UTC 2020 /home/travis/build/icyphy/ptII/ptolemy/actor/lib/test/auto/Scale.xml
----------------- Instantiating /home/travis/build/icyphy/ptII/ptolemy/actor/lib/test/auto/Scale.xml
2 ms. Memory: 422912K Free: 370746K (88%)
----------------- Invoking toplevel() on ptolemy.moml.MoMLSimpleApplication@2cb63519
----------------- Done invoking toplevel() on ptolemy.moml.MoMLSimpleApplication@2cb63519
reloadAllAccessors: .Scale

===========================================================================================
----------------- testing Wed Oct 21 15:53:39 UTC 2020 /home/travis/build/icyphy/ptII/ptolemy/actor/lib/test/auto/Scale2.xml
----------------- Instantiating /home/travis/build/icyphy/ptII/ptolemy/actor/lib/test/auto/Scale2.xml
1 ms. Memory: 422912K Free: 365626K (86%)
----------------- Invoking toplevel() on ptolemy.moml.MoMLSimpleApplication@147f1931
----------------- Done invoking toplevel() on ptolemy.moml.MoMLSimpleApplication@147f1931
reloadAllAccessors: .Scale2

===========================================================================================
----------------- testing Wed Oct 21 15:53:39 UTC 2020 /home/travis/build/icyphy/ptII/ptolemy/actor/lib/test/auto/Scale3.xml
----------------- Instantiating /home/travis/build/icyphy/ptII/ptolemy/actor/lib/test/auto/Scale3.xml
9 ms. Memory: 422912K Free: 358968K (85%)
----------------- Invoking toplevel() on ptolemy.moml.MoMLSimpleApplication@29bf3263
----------------- Done invoking toplevel() on ptolemy.moml.MoMLSimpleApplication@29bf3263
reloadAllAccessors: .Scale3

===========================================================================================
----------------- testing Wed Oct 21 15:53:39 UTC 2020 /home/travis/build/icyphy/ptII/ptolemy/actor/lib/test/auto/ScaleArray.xml
----------------- Instantiating /home/travis/build/icyphy/ptII/ptolemy/actor/lib/test/auto/ScaleArray.xml
2 ms. Memory: 422912K Free: 354362K (84%)
----------------- Invoking toplevel() on ptolemy.moml.MoMLSimpleApplication@495b0a25
----------------- Done invoking toplevel() on ptolemy.moml.MoMLSimpleApplication@495b0a25
reloadAllAccessors: .ScaleArray

===========================================================================================
----------------- testing Wed Oct 21 15:53:39 UTC 2020 /home/travis/build/icyphy/ptII/ptolemy/actor/lib/test/auto/ScaleArray2.xml
----------------- Instantiating /home/travis/build/icyphy/ptII/ptolemy/actor/lib/test/auto/ScaleArray2.xml
1 ms. Memory: 422912K Free: 349752K (83%)
----------------- Invoking toplevel() on ptolemy.moml.MoMLSimpleApplication@ee8edae
----------------- Done invoking toplevel() on ptolemy.moml.MoMLSimpleApplication@ee8edae
reloadAllAccessors: .ScaleArray2

===========================================================================================
----------------- testing Wed Oct 21 15:53:39 UTC 2020 /home/travis/build/icyphy/ptII/ptolemy/actor/lib/test/auto/ScaleMatrix.xml
----------------- Instantiating /home/travis/build/icyphy/ptII/ptolemy/actor/lib/test/auto/ScaleMatrix.xml
150 ms. Memory: 422912K Free: 334392K (79%)
----------------- Invoking toplevel() on ptolemy.moml.MoMLSimpleApplication@75186c25
----------------- Done invoking toplevel() on ptolemy.moml.MoMLSimpleApplication@75186c25
reloadAllAccessors: .ScaleMatrix

===========================================================================================
----------------- testing Wed Oct 21 15:53:39 UTC 2020 /home/travis/build/icyphy/ptII/ptolemy/actor/lib/test/auto/Select.xml
----------------- Instantiating /home/travis/build/icyphy/ptII/ptolemy/actor/lib/test/auto/Select.xml
2 ms. Memory: 422912K Free: 328242K (78%)
----------------- Invoking toplevel() on ptolemy.moml.MoMLSimpleApplication@cffde8c
----------------- Done invoking toplevel() on ptolemy.moml.MoMLSimpleApplication@cffde8c
reloadAllAccessors: .Select

===========================================================================================
----------------- testing Wed Oct 21 15:53:39 UTC 2020 /home/travis/build/icyphy/ptII/ptolemy/actor/lib/test/auto/Select2.xml
----------------- Instantiating /home/travis/build/icyphy/ptII/ptolemy/actor/lib/test/auto/Select2.xml
1 ms. Memory: 422912K Free: 323642K (77%)
----------------- Invoking toplevel() on ptolemy.moml.MoMLSimpleApplication@214ffe66
----------------- Done invoking toplevel() on ptolemy.moml.MoMLSimpleApplication@214ffe66
reloadAllAccessors: .Select2

===========================================================================================
----------------- testing Wed Oct 21 15:53:39 UTC 2020 /home/travis/build/icyphy/ptII/ptolemy/actor/lib/test/auto/SequenceToArray2.xml
----------------- Instantiating /home/travis/build/icyphy/ptII/ptolemy/actor/lib/test/auto/SequenceToArray2.xml
103 ms. Memory: 422912K Free: 299562K (71%)
----------------- Invoking toplevel() on ptolemy.moml.MoMLSimpleApplication@7b5bf72a
----------------- Done invoking toplevel() on ptolemy.moml.MoMLSimpleApplication@7b5bf72a
reloadAllAccessors: .SequenceToArray2

===========================================================================================
----------------- testing Wed Oct 21 15:53:39 UTC 2020 /home/travis/build/icyphy/ptII/ptolemy/actor/lib/test/auto/SequentialClock.xml
----------------- Instantiating /home/travis/build/icyphy/ptII/ptolemy/actor/lib/test/auto/SequentialClock.xml
1 ms. Memory: 422912K Free: 295480K (70%)
----------------- Invoking toplevel() on ptolemy.moml.MoMLSimpleApplication@71f0f84a
----------------- Done invoking toplevel() on ptolemy.moml.MoMLSimpleApplication@71f0f84a
reloadAllAccessors: .SequentialClock

===========================================================================================
----------------- testing Wed Oct 21 15:53:39 UTC 2020 /home/travis/build/icyphy/ptII/ptolemy/actor/lib/test/auto/SetVariable.xml
----------------- Instantiating /home/travis/build/icyphy/ptII/ptolemy/actor/lib/test/auto/SetVariable.xml
3 ms. Memory: 422912K Free: 290360K (69%)
----------------- Invoking toplevel() on ptolemy.moml.MoMLSimpleApplication@3aa0867
----------------- Done invoking toplevel() on ptolemy.moml.MoMLSimpleApplication@3aa0867
reloadAllAccessors: .SetVariable

===========================================================================================
----------------- testing Wed Oct 21 15:53:39 UTC 2020 /home/travis/build/icyphy/ptII/ptolemy/actor/lib/test/auto/SetVariable2.xml
----------------- Instantiating /home/travis/build/icyphy/ptII/ptolemy/actor/lib/test/auto/SetVariable2.xml
2 ms. Memory: 422912K Free: 285240K (67%)
----------------- Invoking toplevel() on ptolemy.moml.MoMLSimpleApplication@107377ee
----------------- Done invoking toplevel() on ptolemy.moml.MoMLSimpleApplication@107377ee
reloadAllAccessors: .SetVariable2

===========================================================================================
----------------- testing Wed Oct 21 15:53:39 UTC 2020 /home/travis/build/icyphy/ptII/ptolemy/actor/lib/test/auto/SetVariable3.xml
----------------- Instantiating /home/travis/build/icyphy/ptII/ptolemy/actor/lib/test/auto/SetVariable3.xml
8 ms. Memory: 422912K Free: 280120K (66%)
----------------- Invoking toplevel() on ptolemy.moml.MoMLSimpleApplication@fe6d653
----------------- Done invoking toplevel() on ptolemy.moml.MoMLSimpleApplication@fe6d653
reloadAllAccessors: .SetVariable3

===========================================================================================
----------------- testing Wed Oct 21 15:53:39 UTC 2020 /home/travis/build/icyphy/ptII/ptolemy/actor/lib/test/auto/SetVariable4.xml
----------------- Instantiating /home/travis/build/icyphy/ptII/ptolemy/actor/lib/test/auto/SetVariable4.xml
12 ms. Memory: 422912K Free: 270392K (64%)
----------------- Invoking toplevel() on ptolemy.moml.MoMLSimpleApplication@4470da2a
----------------- Done invoking toplevel() on ptolemy.moml.MoMLSimpleApplication@4470da2a
reloadAllAccessors: .SetVariable4

===========================================================================================
----------------- testing Wed Oct 21 15:53:39 UTC 2020 /home/travis/build/icyphy/ptII/ptolemy/actor/lib/test/auto/SetVariable5.xml
----------------- Instantiating /home/travis/build/icyphy/ptII/ptolemy/actor/lib/test/auto/SetVariable5.xml
16 ms. Memory: 422912K Free: 261178K (62%)
----------------- Invoking toplevel() on ptolemy.moml.MoMLSimpleApplication@4276054b
----------------- Done invoking toplevel() on ptolemy.moml.MoMLSimpleApplication@4276054b
reloadAllAccessors: .SetVariable5

===========================================================================================
----------------- testing Wed Oct 21 15:53:39 UTC 2020 /home/travis/build/icyphy/ptII/ptolemy/actor/lib/test/auto/Sinewave.xml
----------------- Instantiating /home/travis/build/icyphy/ptII/ptolemy/actor/lib/test/auto/Sinewave.xml
4 ms. Memory: 422912K Free: 250938K (59%)
----------------- Invoking toplevel() on ptolemy.moml.MoMLSimpleApplication@3f57c066
----------------- Done invoking toplevel() on ptolemy.moml.MoMLSimpleApplication@3f57c066
reloadAllAccessors: .Sinewave

===========================================================================================
----------------- testing Wed Oct 21 15:53:39 UTC 2020 /home/travis/build/icyphy/ptII/ptolemy/actor/lib/test/auto/Sinewave2.xml
----------------- Instantiating /home/travis/build/icyphy/ptII/ptolemy/actor/lib/test/auto/Sinewave2.xml
8 ms. Memory: 422912K Free: 242746K (57%)
----------------- Invoking toplevel() on ptolemy.moml.MoMLSimpleApplication@74fada9f
----------------- Done invoking toplevel() on ptolemy.moml.MoMLSimpleApplication@74fada9f
reloadAllAccessors: .Sinewave2

===========================================================================================
----------------- testing Wed Oct 21 15:53:39 UTC 2020 /home/travis/build/icyphy/ptII/ptolemy/actor/lib/test/auto/Sinewave3.xml
----------------- Instantiating /home/travis/build/icyphy/ptII/ptolemy/actor/lib/test/auto/Sinewave3.xml
9 ms. Memory: 422912K Free: 234554K (55%)
----------------- Invoking toplevel() on ptolemy.moml.MoMLSimpleApplication@9532894
----------------- Done invoking toplevel() on ptolemy.moml.MoMLSimpleApplication@9532894
reloadAllAccessors: .Sinewave3

===========================================================================================
----------------- testing Wed Oct 21 15:53:39 UTC 2020 /home/travis/build/icyphy/ptII/ptolemy/actor/lib/test/auto/SingleEvent.xml
----------------- Instantiating /home/travis/build/icyphy/ptII/ptolemy/actor/lib/test/auto/SingleEvent.xml
1 ms. Memory: 422912K Free: 230458K (54%)
----------------- Invoking toplevel() on ptolemy.moml.MoMLSimpleApplication@50821dd5
----------------- Done invoking toplevel() on ptolemy.moml.MoMLSimpleApplication@50821dd5
reloadAllAccessors: .SingleEvent

===========================================================================================
----------------- testing Wed Oct 21 15:53:39 UTC 2020 /home/travis/build/icyphy/ptII/ptolemy/actor/lib/test/auto/Sleep.xml
----------------- Instantiating /home/travis/build/icyphy/ptII/ptolemy/actor/lib/test/auto/Sleep.xml
6003 ms. Memory: 422912K Free: 224314K (53%)
----------------- Invoking toplevel() on ptolemy.moml.MoMLSimpleApplication@1e58ab02
----------------- Done invoking toplevel() on ptolemy.moml.MoMLSimpleApplication@1e58ab02
reloadAllAccessors: .Sleep

===========================================================================================
----------------- testing Wed Oct 21 15:53:45 UTC 2020 /home/travis/build/icyphy/ptII/ptolemy/actor/lib/test/auto/SleepMultipleFire.xml
----------------- Instantiating /home/travis/build/icyphy/ptII/ptolemy/actor/lib/test/auto/SleepMultipleFire.xml
1005 ms. Memory: 422912K Free: 218680K (52%)
----------------- Invoking toplevel() on ptolemy.moml.MoMLSimpleApplication@7e300739
----------------- Done invoking toplevel() on ptolemy.moml.MoMLSimpleApplication@7e300739
reloadAllAccessors: .SleepMultipleFire

===========================================================================================
----------------- testing Wed Oct 21 15:53:46 UTC 2020 /home/travis/build/icyphy/ptII/ptolemy/actor/lib/test/auto/StopDE.xml
----------------- Instantiating /home/travis/build/icyphy/ptII/ptolemy/actor/lib/test/auto/StopDE.xml
4 ms. Memory: 422912K Free: 213050K (50%)
----------------- Invoking toplevel() on ptolemy.moml.MoMLSimpleApplication@2f9ba6a
----------------- Done invoking toplevel() on ptolemy.moml.MoMLSimpleApplication@2f9ba6a
reloadAllAccessors: .StopDE

===========================================================================================
----------------- testing Wed Oct 21 15:53:46 UTC 2020 /home/travis/build/icyphy/ptII/ptolemy/actor/lib/test/auto/StopSDF.xml
----------------- Instantiating /home/travis/build/icyphy/ptII/ptolemy/actor/lib/test/auto/StopSDF.xml
3 ms. Memory: 422912K Free: 207930K (49%)
----------------- Invoking toplevel() on ptolemy.moml.MoMLSimpleApplication@515311ce
----------------- Done invoking toplevel() on ptolemy.moml.MoMLSimpleApplication@515311ce
reloadAllAccessors: .StopSDF

===========================================================================================
----------------- testing Wed Oct 21 15:53:46 UTC 2020 /home/travis/build/icyphy/ptII/ptolemy/actor/lib/test/auto/StringConstant.xml
----------------- Instantiating /home/travis/build/icyphy/ptII/ptolemy/actor/lib/test/auto/StringConstant.xml
10 ms. Memory: 422912K Free: 203320K (48%)
----------------- Invoking toplevel() on ptolemy.moml.MoMLSimpleApplication@5dd0ad9f
----------------- Done invoking toplevel() on ptolemy.moml.MoMLSimpleApplication@5dd0ad9f
reloadAllAccessors: .StringConstant

===========================================================================================
----------------- testing Wed Oct 21 15:53:46 UTC 2020 /home/travis/build/icyphy/ptII/ptolemy/actor/lib/test/auto/SubscriberPortInitialValues1.xml
----------------- Instantiating /home/travis/build/icyphy/ptII/ptolemy/actor/lib/test/auto/SubscriberPortInitialValues1.xml
9 ms. Memory: 422912K Free: 194618K (46%)
----------------- Invoking toplevel() on ptolemy.moml.MoMLSimpleApplication@151738a1
----------------- Done invoking toplevel() on ptolemy.moml.MoMLSimpleApplication@151738a1
reloadAllAccessors: .SubscriberPortInitialValues1

===========================================================================================
----------------- testing Wed Oct 21 15:53:46 UTC 2020 /home/travis/build/icyphy/ptII/ptolemy/actor/lib/test/auto/SubscriberPortInitialValues13.xml
----------------- Instantiating /home/travis/build/icyphy/ptII/ptolemy/actor/lib/test/auto/SubscriberPortInitialValues13.xml
5 ms. Memory: 422912K Free: 181306K (43%)
----------------- Invoking toplevel() on ptolemy.moml.MoMLSimpleApplication@5ac06154
----------------- Done invoking toplevel() on ptolemy.moml.MoMLSimpleApplication@5ac06154
reloadAllAccessors: .SubscriberPortInitialValues13

===========================================================================================
----------------- testing Wed Oct 21 15:53:46 UTC 2020 /home/travis/build/icyphy/ptII/ptolemy/actor/lib/test/auto/SubscriberPortInitialValues14.xml
----------------- Instantiating /home/travis/build/icyphy/ptII/ptolemy/actor/lib/test/auto/SubscriberPortInitialValues14.xml
5 ms. Memory: 422912K Free: 173624K (41%)
----------------- Invoking toplevel() on ptolemy.moml.MoMLSimpleApplication@4b1a60a7
----------------- Done invoking toplevel() on ptolemy.moml.MoMLSimpleApplication@4b1a60a7
reloadAllAccessors: .SubscriberPortInitialValues14

===========================================================================================
----------------- testing Wed Oct 21 15:53:46 UTC 2020 /home/travis/build/icyphy/ptII/ptolemy/actor/lib/test/auto/SubscriberPortInitialValues2.xml
----------------- Instantiating /home/travis/build/icyphy/ptII/ptolemy/actor/lib/test/auto/SubscriberPortInitialValues2.xml
3 ms. Memory: 422912K Free: 165946K (39%)
----------------- Invoking toplevel() on ptolemy.moml.MoMLSimpleApplication@41e7fda4
----------------- Done invoking toplevel() on ptolemy.moml.MoMLSimpleApplication@41e7fda4
reloadAllAccessors: .SubscriberPortInitialValues2

===========================================================================================
----------------- testing Wed Oct 21 15:53:46 UTC 2020 /home/travis/build/icyphy/ptII/ptolemy/actor/lib/test/auto/SubscriberPortInitialValues3.xml
----------------- Instantiating /home/travis/build/icyphy/ptII/ptolemy/actor/lib/test/auto/SubscriberPortInitialValues3.xml
4 ms. Memory: 422912K Free: 155192K (37%)
----------------- Invoking toplevel() on ptolemy.moml.MoMLSimpleApplication@1db7ce21
----------------- Done invoking toplevel() on ptolemy.moml.MoMLSimpleApplication@1db7ce21
reloadAllAccessors: .SubscriberPortInitialValues3

===========================================================================================
----------------- testing Wed Oct 21 15:53:46 UTC 2020 /home/travis/build/icyphy/ptII/ptolemy/actor/lib/test/auto/SubscriptionAggregator.xml
----------------- Instantiating /home/travis/build/icyphy/ptII/ptolemy/actor/lib/test/auto/SubscriptionAggregator.xml
3 ms. Memory: 422912K Free: 148010K (35%)
----------------- Invoking toplevel() on ptolemy.moml.MoMLSimpleApplication@2a130cb2
----------------- Done invoking toplevel() on ptolemy.moml.MoMLSimpleApplication@2a130cb2
reloadAllAccessors: .SubscriptionAggregator

===========================================================================================
----------------- testing Wed Oct 21 15:53:46 UTC 2020 /home/travis/build/icyphy/ptII/ptolemy/actor/lib/test/auto/SubscriptionAggregator2.xml
----------------- Instantiating /home/travis/build/icyphy/ptII/ptolemy/actor/lib/test/auto/SubscriptionAggregator2.xml
3 ms. Memory: 422912K Free: 141370K (33%)
----------------- Invoking toplevel() on ptolemy.moml.MoMLSimpleApplication@72558dd9
----------------- Done invoking toplevel() on ptolemy.moml.MoMLSimpleApplication@72558dd9
reloadAllAccessors: .SubscriptionAggregator2

===========================================================================================
----------------- testing Wed Oct 21 15:53:46 UTC 2020 /home/travis/build/icyphy/ptII/ptolemy/actor/lib/test/auto/SubscriptionAggregator3.xml
----------------- Instantiating /home/travis/build/icyphy/ptII/ptolemy/actor/lib/test/auto/SubscriptionAggregator3.xml
3 ms. Memory: 422912K Free: 132658K (31%)
----------------- Invoking toplevel() on ptolemy.moml.MoMLSimpleApplication@7eb97f91
----------------- Done invoking toplevel() on ptolemy.moml.MoMLSimpleApplication@7eb97f91
reloadAllAccessors: .SubscriptionAggregator3

===========================================================================================
----------------- testing Wed Oct 21 15:53:46 UTC 2020 /home/travis/build/icyphy/ptII/ptolemy/actor/lib/test/auto/SubscriptionAggregatorMultiply.xml
----------------- Instantiating /home/travis/build/icyphy/ptII/ptolemy/actor/lib/test/auto/SubscriptionAggregatorMultiply.xml
12 ms. Memory: 422912K Free: 124466K (29%)
----------------- Invoking toplevel() on ptolemy.moml.MoMLSimpleApplication@466cb5e
----------------- Done invoking toplevel() on ptolemy.moml.MoMLSimpleApplication@466cb5e
reloadAllAccessors: .SubscriptionAggregatorMultiply

===========================================================================================
----------------- testing Wed Oct 21 15:53:46 UTC 2020 /home/travis/build/icyphy/ptII/ptolemy/actor/lib/test/auto/SubscriptionAggregatorPortMultiply1.xml
----------------- Instantiating /home/travis/build/icyphy/ptII/ptolemy/actor/lib/test/auto/SubscriptionAggregatorPortMultiply1.xml
4 ms. Memory: 422912K Free: 365529K (86%)
----------------- Invoking toplevel() on ptolemy.moml.MoMLSimpleApplication@343e5518
----------------- Done invoking toplevel() on ptolemy.moml.MoMLSimpleApplication@343e5518
reloadAllAccessors: .SubscriptionAggregatorPortMultiply1

===========================================================================================
----------------- testing Wed Oct 21 15:53:46 UTC 2020 /home/travis/build/icyphy/ptII/ptolemy/actor/lib/test/auto/Switch.xml
----------------- Instantiating /home/travis/build/icyphy/ptII/ptolemy/actor/lib/test/auto/Switch.xml
11 ms. Memory: 422912K Free: 357337K (84%)
----------------- Invoking toplevel() on ptolemy.moml.MoMLSimpleApplication@31f5e942
----------------- Done invoking toplevel() on ptolemy.moml.MoMLSimpleApplication@31f5e942
reloadAllAccessors: .Switch

===========================================================================================
----------------- testing Wed Oct 21 15:53:46 UTC 2020 /home/travis/build/icyphy/ptII/ptolemy/actor/lib/test/auto/Switch2.xml
----------------- Instantiating /home/travis/build/icyphy/ptII/ptolemy/actor/lib/test/auto/Switch2.xml
1 ms. Memory: 422912K Free: 352731K (83%)
----------------- Invoking toplevel() on ptolemy.moml.MoMLSimpleApplication@44b00b9b
----------------- Done invoking toplevel() on ptolemy.moml.MoMLSimpleApplication@44b00b9b
reloadAllAccessors: .Switch2

===========================================================================================
----------------- testing Wed Oct 21 15:53:46 UTC 2020 /home/travis/build/icyphy/ptII/ptolemy/actor/lib/test/auto/SwitchDE.xml
----------------- Instantiating /home/travis/build/icyphy/ptII/ptolemy/actor/lib/test/auto/SwitchDE.xml
3 ms. Memory: 422912K Free: 346587K (82%)
----------------- Invoking toplevel() on ptolemy.moml.MoMLSimpleApplication@a2757b2
----------------- Done invoking toplevel() on ptolemy.moml.MoMLSimpleApplication@a2757b2
reloadAllAccessors: .SwitchDE

===========================================================================================
----------------- testing Wed Oct 21 15:53:46 UTC 2020 /home/travis/build/icyphy/ptII/ptolemy/actor/lib/test/auto/SynchronizerDE.xml
----------------- Instantiating /home/travis/build/icyphy/ptII/ptolemy/actor/lib/test/auto/SynchronizerDE.xml
7 ms. Memory: 422912K Free: 337851K (80%)
----------------- Invoking toplevel() on ptolemy.moml.MoMLSimpleApplication@7daa646a
----------------- Done invoking toplevel() on ptolemy.moml.MoMLSimpleApplication@7daa646a
reloadAllAccessors: .SynchronizerDE

===========================================================================================
----------------- testing Wed Oct 21 15:53:47 UTC 2020 /home/travis/build/icyphy/ptII/ptolemy/actor/lib/test/auto/Test.xml
----------------- Instantiating /home/travis/build/icyphy/ptII/ptolemy/actor/lib/test/auto/Test.xml
9 ms. Memory: 422912K Free: 332731K (79%)
----------------- Invoking toplevel() on ptolemy.moml.MoMLSimpleApplication@4e7cb957
----------------- Done invoking toplevel() on ptolemy.moml.MoMLSimpleApplication@4e7cb957
reloadAllAccessors: .Test

===========================================================================================
----------------- testing Wed Oct 21 15:53:47 UTC 2020 /home/travis/build/icyphy/ptII/ptolemy/actor/lib/test/auto/TestExceptionAttribute1.xml
----------------- Instantiating /home/travis/build/icyphy/ptII/ptolemy/actor/lib/test/auto/TestExceptionAttribute1.xml
1 ms. Memory: 422912K Free: 329179K (78%)
----------------- Invoking toplevel() on ptolemy.moml.MoMLSimpleApplication@3bb82bea
----------------- Done invoking toplevel() on ptolemy.moml.MoMLSimpleApplication@3bb82bea
reloadAllAccessors: .TestExceptionAttribute1

===========================================================================================
----------------- testing Wed Oct 21 15:53:47 UTC 2020 /home/travis/build/icyphy/ptII/ptolemy/actor/lib/test/auto/TestExceptionAttribute2.xml
----------------- Instantiating /home/travis/build/icyphy/ptII/ptolemy/actor/lib/test/auto/TestExceptionAttribute2.xml
1 ms. Memory: 422912K Free: 325593K (77%)
----------------- Invoking toplevel() on ptolemy.moml.MoMLSimpleApplication@30d8dc10
----------------- Done invoking toplevel() on ptolemy.moml.MoMLSimpleApplication@30d8dc10
reloadAllAccessors: .TestExceptionAttribute2

===========================================================================================
----------------- testing Wed Oct 21 15:53:47 UTC 2020 /home/travis/build/icyphy/ptII/ptolemy/actor/lib/test/auto/TestExceptionAttribute3.xml
----------------- Instantiating /home/travis/build/icyphy/ptII/ptolemy/actor/lib/test/auto/TestExceptionAttribute3.xml
.TestExceptionAttribute3.TestExceptionAttribute: initialize() was not invoked, but wrapup() was.  This is unusual, but not always a problem.  For example, exporting JNLP will do this.
0 ms. Memory: 422912K Free: 321497K (76%)
----------------- Invoking toplevel() on ptolemy.moml.MoMLSimpleApplication@30797455
----------------- Done invoking toplevel() on ptolemy.moml.MoMLSimpleApplication@30797455
reloadAllAccessors: .TestExceptionAttribute3

===========================================================================================
----------------- testing Wed Oct 21 15:53:47 UTC 2020 /home/travis/build/icyphy/ptII/ptolemy/actor/lib/test/auto/TestExceptionAttribute4.xml
----------------- Instantiating /home/travis/build/icyphy/ptII/ptolemy/actor/lib/test/auto/TestExceptionAttribute4.xml
.TestExceptionAttribute4.TestExceptionAttribute: initialize() was not invoked, but wrapup() was.  This is unusual, but not always a problem.  For example, exporting JNLP will do this.
.TestExceptionAttribute4.TestExceptionAttribute2: initialize() was not invoked, but wrapup() was.  This is unusual, but not always a problem.  For example, exporting JNLP will do this.
0 ms. Memory: 422912K Free: 317401K (75%)
----------------- Invoking toplevel() on ptolemy.moml.MoMLSimpleApplication@18cc9e
----------------- Done invoking toplevel() on ptolemy.moml.MoMLSimpleApplication@18cc9e
reloadAllAccessors: .TestExceptionAttribute4

===========================================================================================
----------------- testing Wed Oct 21 15:53:47 UTC 2020 /home/travis/build/icyphy/ptII/ptolemy/actor/lib/test/auto/TestExceptionHandler1.xml
----------------- Instantiating /home/travis/build/icyphy/ptII/ptolemy/actor/lib/test/auto/TestExceptionHandler1.xml
1 ms. Memory: 422912K Free: 313819K (74%)
----------------- Invoking toplevel() on ptolemy.moml.MoMLSimpleApplication@eaefa8
----------------- Done invoking toplevel() on ptolemy.moml.MoMLSimpleApplication@eaefa8
reloadAllAccessors: .TestExceptionHandler1

===========================================================================================
----------------- testing Wed Oct 21 15:53:47 UTC 2020 /home/travis/build/icyphy/ptII/ptolemy/actor/lib/test/auto/TestExceptionHandler2.xml
----------------- Instantiating /home/travis/build/icyphy/ptII/ptolemy/actor/lib/test/auto/TestExceptionHandler2.xml
1 ms. Memory: 422912K Free: 310233K (73%)
----------------- Invoking toplevel() on ptolemy.moml.MoMLSimpleApplication@d26398d
----------------- Done invoking toplevel() on ptolemy.moml.MoMLSimpleApplication@d26398d
reloadAllAccessors: .TestExceptionHandler2

===========================================================================================
----------------- testing Wed Oct 21 15:53:47 UTC 2020 /home/travis/build/icyphy/ptII/ptolemy/actor/lib/test/auto/TestExceptionHandler3.xml
----------------- Instantiating /home/travis/build/icyphy/ptII/ptolemy/actor/lib/test/auto/TestExceptionHandler3.xml
1 ms. Memory: 422912K Free: 306651K (73%)
----------------- Invoking toplevel() on ptolemy.moml.MoMLSimpleApplication@18d58bbc
----------------- Done invoking toplevel() on ptolemy.moml.MoMLSimpleApplication@18d58bbc
reloadAllAccessors: .TestExceptionHandler3

===========================================================================================
----------------- testing Wed Oct 21 15:53:47 UTC 2020 /home/travis/build/icyphy/ptII/ptolemy/actor/lib/test/auto/TestExceptionHandler4.xml
----------------- Instantiating /home/travis/build/icyphy/ptII/ptolemy/actor/lib/test/auto/TestExceptionHandler4.xml
1 ms. Memory: 422912K Free: 302041K (71%)
----------------- Invoking toplevel() on ptolemy.moml.MoMLSimpleApplication@6f73bcfb
----------------- Done invoking toplevel() on ptolemy.moml.MoMLSimpleApplication@6f73bcfb
reloadAllAccessors: .TestExceptionHandler4

===========================================================================================
----------------- testing Wed Oct 21 15:53:47 UTC 2020 /home/travis/build/icyphy/ptII/ptolemy/actor/lib/test/auto/TestRequireCorrectOrder.xml
----------------- Instantiating /home/travis/build/icyphy/ptII/ptolemy/actor/lib/test/auto/TestRequireCorrectOrder.xml
6 ms. Memory: 422912K Free: 296891K (70%)
----------------- Invoking toplevel() on ptolemy.moml.MoMLSimpleApplication@3d56a32
----------------- Done invoking toplevel() on ptolemy.moml.MoMLSimpleApplication@3d56a32
reloadAllAccessors: .TestRequireCorrectOrder

===========================================================================================
----------------- testing Wed Oct 21 15:53:47 UTC 2020 /home/travis/build/icyphy/ptII/ptolemy/actor/lib/test/auto/TestSimple.xml
----------------- Instantiating /home/travis/build/icyphy/ptII/ptolemy/actor/lib/test/auto/TestSimple.xml
1 ms. Memory: 422912K Free: 292315K (69%)
----------------- Invoking toplevel() on ptolemy.moml.MoMLSimpleApplication@317022a4
----------------- Done invoking toplevel() on ptolemy.moml.MoMLSimpleApplication@317022a4
reloadAllAccessors: .TestSimple

===========================================================================================
----------------- testing Wed Oct 21 15:53:47 UTC 2020 /home/travis/build/icyphy/ptII/ptolemy/actor/lib/test/auto/ThrowModelError.xml
----------------- Instantiating /home/travis/build/icyphy/ptII/ptolemy/actor/lib/test/auto/ThrowModelError.xml
1 ms. Memory: 422912K Free: 287705K (68%)
----------------- Invoking toplevel() on ptolemy.moml.MoMLSimpleApplication@7129d20a
----------------- Done invoking toplevel() on ptolemy.moml.MoMLSimpleApplication@7129d20a
reloadAllAccessors: .ThrowModelError

===========================================================================================
----------------- testing Wed Oct 21 15:53:47 UTC 2020 /home/travis/build/icyphy/ptII/ptolemy/actor/lib/test/auto/TimeDelayMicrosteps.xml
----------------- Instantiating /home/travis/build/icyphy/ptII/ptolemy/actor/lib/test/auto/TimeDelayMicrosteps.xml
3 ms. Memory: 422912K Free: 281051K (66%)
----------------- Invoking toplevel() on ptolemy.moml.MoMLSimpleApplication@44dc207b
----------------- Done invoking toplevel() on ptolemy.moml.MoMLSimpleApplication@44dc207b
reloadAllAccessors: .TimeDelayMicrosteps

===========================================================================================
----------------- testing Wed Oct 21 15:53:47 UTC 2020 /home/travis/build/icyphy/ptII/ptolemy/actor/lib/test/auto/TimeDelayMicrosteps2.xml
----------------- Instantiating /home/travis/build/icyphy/ptII/ptolemy/actor/lib/test/auto/TimeDelayMicrosteps2.xml
4 ms. Memory: 422912K Free: 273363K (65%)
----------------- Invoking toplevel() on ptolemy.moml.MoMLSimpleApplication@258f0340
----------------- Done invoking toplevel() on ptolemy.moml.MoMLSimpleApplication@258f0340
reloadAllAccessors: .TimeDelayMicrosteps2

===========================================================================================
----------------- testing Wed Oct 21 15:53:47 UTC 2020 /home/travis/build/icyphy/ptII/ptolemy/actor/lib/test/auto/TimeDelayMicrosteps3.xml
----------------- Instantiating /home/travis/build/icyphy/ptII/ptolemy/actor/lib/test/auto/TimeDelayMicrosteps3.xml
2 ms. Memory: 422912K Free: 266715K (63%)
----------------- Invoking toplevel() on ptolemy.moml.MoMLSimpleApplication@82755ba
----------------- Done invoking toplevel() on ptolemy.moml.MoMLSimpleApplication@82755ba
reloadAllAccessors: .TimeDelayMicrosteps3

===========================================================================================
----------------- testing Wed Oct 21 15:53:47 UTC 2020 /home/travis/build/icyphy/ptII/ptolemy/actor/lib/test/auto/TimeDelayVariableMicrosteps.xml
----------------- Instantiating /home/travis/build/icyphy/ptII/ptolemy/actor/lib/test/auto/TimeDelayVariableMicrosteps.xml
4 ms. Memory: 422912K Free: 260057K (61%)
----------------- Invoking toplevel() on ptolemy.moml.MoMLSimpleApplication@26ce5d25
----------------- Done invoking toplevel() on ptolemy.moml.MoMLSimpleApplication@26ce5d25
reloadAllAccessors: .TimeDelayVariableMicrosteps

===========================================================================================
----------------- testing Wed Oct 21 15:53:47 UTC 2020 /home/travis/build/icyphy/ptII/ptolemy/actor/lib/test/auto/TimeGap.xml
----------------- Instantiating /home/travis/build/icyphy/ptII/ptolemy/actor/lib/test/auto/TimeGap.xml
3 ms. Memory: 422912K Free: 254923K (60%)
----------------- Invoking toplevel() on ptolemy.moml.MoMLSimpleApplication@46269f4f
----------------- Done invoking toplevel() on ptolemy.moml.MoMLSimpleApplication@46269f4f
reloadAllAccessors: .TimeGap

===========================================================================================
----------------- testing Wed Oct 21 15:53:47 UTC 2020 /home/travis/build/icyphy/ptII/ptolemy/actor/lib/test/auto/TimeGap2.xml
----------------- Instantiating /home/travis/build/icyphy/ptII/ptolemy/actor/lib/test/auto/TimeGap2.xml
2 ms. Memory: 422912K Free: 248763K (59%)
----------------- Invoking toplevel() on ptolemy.moml.MoMLSimpleApplication@210142eb
----------------- Done invoking toplevel() on ptolemy.moml.MoMLSimpleApplication@210142eb
reloadAllAccessors: .TimeGap2

===========================================================================================
----------------- testing Wed Oct 21 15:53:47 UTC 2020 /home/travis/build/icyphy/ptII/ptolemy/actor/lib/test/auto/TimedSinewave.xml
----------------- Instantiating /home/travis/build/icyphy/ptII/ptolemy/actor/lib/test/auto/TimedSinewave.xml
21 ms. Memory: 422912K Free: 234457K (55%)
----------------- Invoking toplevel() on ptolemy.moml.MoMLSimpleApplication@27e8f684
----------------- Done invoking toplevel() on ptolemy.moml.MoMLSimpleApplication@27e8f684
reloadAllAccessors: .TimedSinewave

===========================================================================================
----------------- testing Wed Oct 21 15:53:47 UTC 2020 /home/travis/build/icyphy/ptII/ptolemy/actor/lib/test/auto/TimedSinewavePhase.xml
----------------- Instantiating /home/travis/build/icyphy/ptII/ptolemy/actor/lib/test/auto/TimedSinewavePhase.xml
8 ms. Memory: 422912K Free: 224731K (53%)
----------------- Invoking toplevel() on ptolemy.moml.MoMLSimpleApplication@17cd9a18
----------------- Done invoking toplevel() on ptolemy.moml.MoMLSimpleApplication@17cd9a18
reloadAllAccessors: .TimedSinewavePhase

===========================================================================================
----------------- testing Wed Oct 21 15:53:47 UTC 2020 /home/travis/build/icyphy/ptII/ptolemy/actor/lib/test/auto/Timer.xml
----------------- Instantiating /home/travis/build/icyphy/ptII/ptolemy/actor/lib/test/auto/Timer.xml
1 ms. Memory: 422912K Free: 219091K (52%)
----------------- Invoking toplevel() on ptolemy.moml.MoMLSimpleApplication@1bc769bf
----------------- Done invoking toplevel() on ptolemy.moml.MoMLSimpleApplication@1bc769bf
reloadAllAccessors: .Timer

===========================================================================================
----------------- testing Wed Oct 21 15:53:47 UTC 2020 /home/travis/build/icyphy/ptII/ptolemy/actor/lib/test/auto/TriangularDistTestModel.xml
----------------- Instantiating /home/travis/build/icyphy/ptII/ptolemy/actor/lib/test/auto/TriangularDistTestModel.xml
2 ms. Memory: 422912K Free: 212923K (50%)
----------------- Invoking toplevel() on ptolemy.moml.MoMLSimpleApplication@4ff84226
----------------- Done invoking toplevel() on ptolemy.moml.MoMLSimpleApplication@4ff84226
reloadAllAccessors: .TriangularDistTestModel

===========================================================================================
----------------- testing Wed Oct 21 15:53:47 UTC 2020 /home/travis/build/icyphy/ptII/ptolemy/actor/lib/test/auto/TrigFunction.xml
----------------- Instantiating /home/travis/build/icyphy/ptII/ptolemy/actor/lib/test/auto/TrigFunction.xml
3 ms. Memory: 422912K Free: 207833K (49%)
----------------- Invoking toplevel() on ptolemy.moml.MoMLSimpleApplication@282186f5
----------------- Done invoking toplevel() on ptolemy.moml.MoMLSimpleApplication@282186f5
reloadAllAccessors: .TrigFunction

===========================================================================================
----------------- testing Wed Oct 21 15:53:47 UTC 2020 /home/travis/build/icyphy/ptII/ptolemy/actor/lib/test/auto/TrigFunctionDE.xml
----------------- Instantiating /home/travis/build/icyphy/ptII/ptolemy/actor/lib/test/auto/TrigFunctionDE.xml
1 ms. Memory: 422912K Free: 202203K (48%)
----------------- Invoking toplevel() on ptolemy.moml.MoMLSimpleApplication@178b3a4c
----------------- Done invoking toplevel() on ptolemy.moml.MoMLSimpleApplication@178b3a4c
reloadAllAccessors: .TrigFunctionDE

===========================================================================================
----------------- testing Wed Oct 21 15:53:47 UTC 2020 /home/travis/build/icyphy/ptII/ptolemy/actor/lib/test/auto/TrigFunctionInverse.xml
----------------- Instantiating /home/travis/build/icyphy/ptII/ptolemy/actor/lib/test/auto/TrigFunctionInverse.xml
2 ms. Memory: 422912K Free: 196569K (46%)
----------------- Invoking toplevel() on ptolemy.moml.MoMLSimpleApplication@20378d9d
----------------- Done invoking toplevel() on ptolemy.moml.MoMLSimpleApplication@20378d9d
reloadAllAccessors: .TrigFunctionInverse

===========================================================================================
----------------- testing Wed Oct 21 15:53:47 UTC 2020 /home/travis/build/icyphy/ptII/ptolemy/actor/lib/test/auto/TrigFunctionTan.xml
----------------- Instantiating /home/travis/build/icyphy/ptII/ptolemy/actor/lib/test/auto/TrigFunctionTan.xml
1 ms. Memory: 422912K Free: 192473K (46%)
----------------- Invoking toplevel() on ptolemy.moml.MoMLSimpleApplication@269d3780
----------------- Done invoking toplevel() on ptolemy.moml.MoMLSimpleApplication@269d3780
reloadAllAccessors: .TrigFunctionTan

===========================================================================================
----------------- testing Wed Oct 21 15:53:47 UTC 2020 /home/travis/build/icyphy/ptII/ptolemy/actor/lib/test/auto/TriggeredClock.xml
----------------- Instantiating /home/travis/build/icyphy/ptII/ptolemy/actor/lib/test/auto/TriggeredClock.xml
1 ms. Memory: 422912K Free: 187835K (44%)
----------------- Invoking toplevel() on ptolemy.moml.MoMLSimpleApplication@4a34c69f
----------------- Done invoking toplevel() on ptolemy.moml.MoMLSimpleApplication@4a34c69f
reloadAllAccessors: .TriggeredClock

===========================================================================================
----------------- testing Wed Oct 21 15:53:47 UTC 2020 /home/travis/build/icyphy/ptII/ptolemy/actor/lib/test/auto/URLDirectoryReader.xml
----------------- Instantiating /home/travis/build/icyphy/ptII/ptolemy/actor/lib/test/auto/URLDirectoryReader.xml
41 ms. Memory: 422912K Free: 178137K (42%)
----------------- Invoking toplevel() on ptolemy.moml.MoMLSimpleApplication@79dc9c5
----------------- Done invoking toplevel() on ptolemy.moml.MoMLSimpleApplication@79dc9c5
reloadAllAccessors: .URLDirectoryReader

===========================================================================================
----------------- testing Wed Oct 21 15:53:47 UTC 2020 /home/travis/build/icyphy/ptII/ptolemy/actor/lib/test/auto/URLDirectoryReader3.xml
----------------- Instantiating /home/travis/build/icyphy/ptII/ptolemy/actor/lib/test/auto/URLDirectoryReader3.xml
1450 ms. Memory: 422912K Free: 363884K (86%)
----------------- Invoking toplevel() on ptolemy.moml.MoMLSimpleApplication@f9b21a8
----------------- Done invoking toplevel() on ptolemy.moml.MoMLSimpleApplication@f9b21a8
reloadAllAccessors: .URLDirectoryReader3

===========================================================================================
----------------- testing Wed Oct 21 15:53:49 UTC 2020 /home/travis/build/icyphy/ptII/ptolemy/actor/lib/test/auto/UnaryMathFunction.xml
----------------- Instantiating /home/travis/build/icyphy/ptII/ptolemy/actor/lib/test/auto/UnaryMathFunction.xml
3 ms. Memory: 422912K Free: 356051K (84%)
----------------- Invoking toplevel() on ptolemy.moml.MoMLSimpleApplication@12df85b4
----------------- Done invoking toplevel() on ptolemy.moml.MoMLSimpleApplication@12df85b4
reloadAllAccessors: .UnaryMathFunction

===========================================================================================
----------------- testing Wed Oct 21 15:53:49 UTC 2020 /home/travis/build/icyphy/ptII/ptolemy/actor/lib/test/auto/Uniform.xml
----------------- Instantiating /home/travis/build/icyphy/ptII/ptolemy/actor/lib/test/auto/Uniform.xml
5 ms. Memory: 422912K Free: 351441K (83%)
----------------- Invoking toplevel() on ptolemy.moml.MoMLSimpleApplication@53f56eb1
----------------- Done invoking toplevel() on ptolemy.moml.MoMLSimpleApplication@53f56eb1
reloadAllAccessors: .Uniform

===========================================================================================
----------------- testing Wed Oct 21 15:53:49 UTC 2020 /home/travis/build/icyphy/ptII/ptolemy/actor/lib/test/auto/UnionDisassemblerTest.xml
----------------- Instantiating /home/travis/build/icyphy/ptII/ptolemy/actor/lib/test/auto/UnionDisassemblerTest.xml
17 ms. Memory: 422912K Free: 347859K (82%)
----------------- Invoking toplevel() on ptolemy.moml.MoMLSimpleApplication@21c32799
----------------- Done invoking toplevel() on ptolemy.moml.MoMLSimpleApplication@21c32799
reloadAllAccessors: .UnionDisassemblerTest

===========================================================================================
----------------- testing Wed Oct 21 15:53:49 UTC 2020 /home/travis/build/icyphy/ptII/ptolemy/actor/lib/test/auto/UtilityFunctions.xml
----------------- Instantiating /home/travis/build/icyphy/ptII/ptolemy/actor/lib/test/auto/UtilityFunctions.xml
2 ms. Memory: 422912K Free: 343763K (81%)
----------------- Invoking toplevel() on ptolemy.moml.MoMLSimpleApplication@7e9cc915
----------------- Done invoking toplevel() on ptolemy.moml.MoMLSimpleApplication@7e9cc915
reloadAllAccessors: .UtilityFunctions

===========================================================================================
----------------- testing Wed Oct 21 15:53:49 UTC 2020 /home/travis/build/icyphy/ptII/ptolemy/actor/lib/test/auto/VariableSleep.xml
----------------- Instantiating /home/travis/build/icyphy/ptII/ptolemy/actor/lib/test/auto/VariableSleep.xml
503 ms. Memory: 422912K Free: 338643K (80%)
----------------- Invoking toplevel() on ptolemy.moml.MoMLSimpleApplication@5030f5c3
----------------- Done invoking toplevel() on ptolemy.moml.MoMLSimpleApplication@5030f5c3
reloadAllAccessors: .VariableSleep

===========================================================================================
----------------- testing Wed Oct 21 15:53:50 UTC 2020 /home/travis/build/icyphy/ptII/ptolemy/actor/lib/test/auto/VectorAssemblerDisassemblerCT.xml
----------------- Instantiating /home/travis/build/icyphy/ptII/ptolemy/actor/lib/test/auto/VectorAssemblerDisassemblerCT.xml
76 ms. Memory: 422912K Free: 318673K (75%)
----------------- Invoking toplevel() on ptolemy.moml.MoMLSimpleApplication@208da180
----------------- Done invoking toplevel() on ptolemy.moml.MoMLSimpleApplication@208da180
reloadAllAccessors: .VectorAssemblerDisassemblerCT

===========================================================================================
----------------- testing Wed Oct 21 15:53:50 UTC 2020 /home/travis/build/icyphy/ptII/ptolemy/actor/lib/test/auto/VectorAssemblerDisassemblerDE.xml
----------------- Instantiating /home/travis/build/icyphy/ptII/ptolemy/actor/lib/test/auto/VectorAssemblerDisassemblerDE.xml
3 ms. Memory: 422912K Free: 311505K (74%)
----------------- Invoking toplevel() on ptolemy.moml.MoMLSimpleApplication@4d416df
----------------- Done invoking toplevel() on ptolemy.moml.MoMLSimpleApplication@4d416df
reloadAllAccessors: .VectorAssemblerDisassemblerDE

===========================================================================================
----------------- testing Wed Oct 21 15:53:50 UTC 2020 /home/travis/build/icyphy/ptII/ptolemy/actor/lib/test/auto/VectorAssemblerDisassemblerSDF.xml
----------------- Instantiating /home/travis/build/icyphy/ptII/ptolemy/actor/lib/test/auto/VectorAssemblerDisassemblerSDF.xml
2 ms. Memory: 422912K Free: 304851K (72%)
----------------- Invoking toplevel() on ptolemy.moml.MoMLSimpleApplication@180ed4b3
----------------- Done invoking toplevel() on ptolemy.moml.MoMLSimpleApplication@180ed4b3
reloadAllAccessors: .VectorAssemblerDisassemblerSDF

===========================================================================================
----------------- testing Wed Oct 21 15:53:50 UTC 2020 /home/travis/build/icyphy/ptII/ptolemy/actor/lib/test/auto/WallClockTime.xml
----------------- Instantiating /home/travis/build/icyphy/ptII/ptolemy/actor/lib/test/auto/WallClockTime.xml
1004 ms. Memory: 422912K Free: 299217K (71%)
----------------- Invoking toplevel() on ptolemy.moml.MoMLSimpleApplication@1e23aa62
----------------- Done invoking toplevel() on ptolemy.moml.MoMLSimpleApplication@1e23aa62
reloadAllAccessors: .WallClockTime

===========================================================================================
----------------- testing Wed Oct 21 15:53:51 UTC 2020 /home/travis/build/icyphy/ptII/ptolemy/actor/lib/test/auto/WidthTestWithSubscriberPublisher.xml
----------------- Instantiating /home/travis/build/icyphy/ptII/ptolemy/actor/lib/test/auto/WidthTestWithSubscriberPublisher.xml
10 ms. Memory: 422912K Free: 280275K (66%)
----------------- Invoking toplevel() on ptolemy.moml.MoMLSimpleApplication@7acc4a8e
----------------- Done invoking toplevel() on ptolemy.moml.MoMLSimpleApplication@7acc4a8e
reloadAllAccessors: .WidthTestWithSubscriberPublisher

===========================================================================================
----------------- testing Wed Oct 21 15:53:51 UTC 2020 /home/travis/build/icyphy/ptII/ptolemy/actor/lib/test/auto/WidthTestWithSubscriberPublisher2.xml
----------------- Instantiating /home/travis/build/icyphy/ptII/ptolemy/actor/lib/test/auto/WidthTestWithSubscriberPublisher2.xml
2 ms. Memory: 422912K Free: 273617K (65%)
----------------- Invoking toplevel() on ptolemy.moml.MoMLSimpleApplication@58b0daf7
----------------- Done invoking toplevel() on ptolemy.moml.MoMLSimpleApplication@58b0daf7
reloadAllAccessors: .WidthTestWithSubscriberPublisher2

===========================================================================================
----------------- testing Wed Oct 21 15:53:51 UTC 2020 /home/travis/build/icyphy/ptII/ptolemy/actor/lib/test/auto/WidthTestWithSubscriberPublisher3.xml
----------------- Instantiating /home/travis/build/icyphy/ptII/ptolemy/actor/lib/test/auto/WidthTestWithSubscriberPublisher3.xml
2 ms. Memory: 422912K Free: 267987K (63%)
----------------- Invoking toplevel() on ptolemy.moml.MoMLSimpleApplication@e4e1da6
----------------- Done invoking toplevel() on ptolemy.moml.MoMLSimpleApplication@e4e1da6
reloadAllAccessors: .WidthTestWithSubscriberPublisher3

===========================================================================================
----------------- testing Wed Oct 21 15:53:51 UTC 2020 /home/travis/build/icyphy/ptII/ptolemy/actor/lib/test/auto/Writer.xml
----------------- Instantiating /home/travis/build/icyphy/ptII/ptolemy/actor/lib/test/auto/Writer.xml
0
1
2
3
4
1 ms. Memory: 422912K Free: 263371K (62%)
----------------- Invoking toplevel() on ptolemy.moml.MoMLSimpleApplication@40084f0
----------------- Done invoking toplevel() on ptolemy.moml.MoMLSimpleApplication@40084f0
reloadAllAccessors: .Writer

===========================================================================================
----------------- testing Wed Oct 21 15:53:51 UTC 2020 /home/travis/build/icyphy/ptII/ptolemy/actor/lib/test/auto/array.xml
----------------- Instantiating /home/travis/build/icyphy/ptII/ptolemy/actor/lib/test/auto/array.xml
2 ms. Memory: 422912K Free: 258771K (61%)
----------------- Invoking toplevel() on ptolemy.moml.MoMLSimpleApplication@273de7a1
----------------- Done invoking toplevel() on ptolemy.moml.MoMLSimpleApplication@273de7a1
reloadAllAccessors: .array

===========================================================================================
----------------- testing Wed Oct 21 15:53:51 UTC 2020 /home/travis/build/icyphy/ptII/ptolemy/actor/lib/test/auto/array2.xml
----------------- Instantiating /home/travis/build/icyphy/ptII/ptolemy/actor/lib/test/auto/array2.xml
9 ms. Memory: 422912K Free: 253651K (60%)
----------------- Invoking toplevel() on ptolemy.moml.MoMLSimpleApplication@2cab9a80
----------------- Done invoking toplevel() on ptolemy.moml.MoMLSimpleApplication@2cab9a80
reloadAllAccessors: .array2

===========================================================================================
----------------- testing Wed Oct 21 15:53:51 UTC 2020 /home/travis/build/icyphy/ptII/ptolemy/actor/lib/test/auto/arrayType.xml
----------------- Instantiating /home/travis/build/icyphy/ptII/ptolemy/actor/lib/test/auto/arrayType.xml
3 ms. Memory: 422912K Free: 248531K (59%)
----------------- Invoking toplevel() on ptolemy.moml.MoMLSimpleApplication@29057000
----------------- Done invoking toplevel() on ptolemy.moml.MoMLSimpleApplication@29057000
reloadAllAccessors: .arrayType

===========================================================================================
----------------- testing Wed Oct 21 15:53:51 UTC 2020 /home/travis/build/icyphy/ptII/ptolemy/actor/lib/test/auto/arrayType10.xml
----------------- Instantiating /home/travis/build/icyphy/ptII/ptolemy/actor/lib/test/auto/arrayType10.xml
2 ms. Memory: 422912K Free: 243921K (58%)
----------------- Invoking toplevel() on ptolemy.moml.MoMLSimpleApplication@25cf49a4
----------------- Done invoking toplevel() on ptolemy.moml.MoMLSimpleApplication@25cf49a4
reloadAllAccessors: .arrayType10

===========================================================================================
----------------- testing Wed Oct 21 15:53:51 UTC 2020 /home/travis/build/icyphy/ptII/ptolemy/actor/lib/test/auto/arrayType11.xml
----------------- Instantiating /home/travis/build/icyphy/ptII/ptolemy/actor/lib/test/auto/arrayType11.xml
1 ms. Memory: 422912K Free: 238801K (56%)
----------------- Invoking toplevel() on ptolemy.moml.MoMLSimpleApplication@13606aa4
----------------- Done invoking toplevel() on ptolemy.moml.MoMLSimpleApplication@13606aa4
reloadAllAccessors: .arrayType11

===========================================================================================
----------------- testing Wed Oct 21 15:53:51 UTC 2020 /home/travis/build/icyphy/ptII/ptolemy/actor/lib/test/auto/arrayType12.xml
----------------- Instantiating /home/travis/build/icyphy/ptII/ptolemy/actor/lib/test/auto/arrayType12.xml
1 ms. Memory: 422912K Free: 234195K (55%)
----------------- Invoking toplevel() on ptolemy.moml.MoMLSimpleApplication@70119047
----------------- Done invoking toplevel() on ptolemy.moml.MoMLSimpleApplication@70119047
reloadAllAccessors: .arrayType12

===========================================================================================
----------------- testing Wed Oct 21 15:53:51 UTC 2020 /home/travis/build/icyphy/ptII/ptolemy/actor/lib/test/auto/arrayType13.xml
----------------- Instantiating /home/travis/build/icyphy/ptII/ptolemy/actor/lib/test/auto/arrayType13.xml
1 ms. Memory: 422912K Free: 229075K (54%)
----------------- Invoking toplevel() on ptolemy.moml.MoMLSimpleApplication@2d8a7b72
----------------- Done invoking toplevel() on ptolemy.moml.MoMLSimpleApplication@2d8a7b72
reloadAllAccessors: .arrayType13

===========================================================================================
----------------- testing Wed Oct 21 15:53:51 UTC 2020 /home/travis/build/icyphy/ptII/ptolemy/actor/lib/test/auto/arrayType14.xml
----------------- Instantiating /home/travis/build/icyphy/ptII/ptolemy/actor/lib/test/auto/arrayType14.xml
4 ms. Memory: 422912K Free: 223955K (53%)
----------------- Invoking toplevel() on ptolemy.moml.MoMLSimpleApplication@1be61659
----------------- Done invoking toplevel() on ptolemy.moml.MoMLSimpleApplication@1be61659
reloadAllAccessors: .arrayType14

===========================================================================================
----------------- testing Wed Oct 21 15:53:51 UTC 2020 /home/travis/build/icyphy/ptII/ptolemy/actor/lib/test/auto/arrayType15.xml
----------------- Instantiating /home/travis/build/icyphy/ptII/ptolemy/actor/lib/test/auto/arrayType15.xml
3 ms. Memory: 422912K Free: 218321K (52%)
----------------- Invoking toplevel() on ptolemy.moml.MoMLSimpleApplication@5851408e
----------------- Done invoking toplevel() on ptolemy.moml.MoMLSimpleApplication@5851408e
reloadAllAccessors: .arrayType15

===========================================================================================
----------------- testing Wed Oct 21 15:53:51 UTC 2020 /home/travis/build/icyphy/ptII/ptolemy/actor/lib/test/auto/arrayType16.xml
----------------- Instantiating /home/travis/build/icyphy/ptII/ptolemy/actor/lib/test/auto/arrayType16.xml
2 ms. Memory: 422912K Free: 213201K (50%)
----------------- Invoking toplevel() on ptolemy.moml.MoMLSimpleApplication@4b6ba3cc
----------------- Done invoking toplevel() on ptolemy.moml.MoMLSimpleApplication@4b6ba3cc
reloadAllAccessors: .arrayType16

===========================================================================================
----------------- testing Wed Oct 21 15:53:51 UTC 2020 /home/travis/build/icyphy/ptII/ptolemy/actor/lib/test/auto/arrayType17.xml
----------------- Instantiating /home/travis/build/icyphy/ptII/ptolemy/actor/lib/test/auto/arrayType17.xml
1 ms. Memory: 422912K Free: 208081K (49%)
----------------- Invoking toplevel() on ptolemy.moml.MoMLSimpleApplication@e6aeeea
----------------- Done invoking toplevel() on ptolemy.moml.MoMLSimpleApplication@e6aeeea
reloadAllAccessors: .arrayType17

===========================================================================================
----------------- testing Wed Oct 21 15:53:51 UTC 2020 /home/travis/build/icyphy/ptII/ptolemy/actor/lib/test/auto/arrayType18.xml
----------------- Instantiating /home/travis/build/icyphy/ptII/ptolemy/actor/lib/test/auto/arrayType18.xml
1 ms. Memory: 422912K Free: 202961K (48%)
----------------- Invoking toplevel() on ptolemy.moml.MoMLSimpleApplication@503c574e
----------------- Done invoking toplevel() on ptolemy.moml.MoMLSimpleApplication@503c574e
reloadAllAccessors: .arrayType18

===========================================================================================
----------------- testing Wed Oct 21 15:53:51 UTC 2020 /home/travis/build/icyphy/ptII/ptolemy/actor/lib/test/auto/arrayType19.xml
----------------- Instantiating /home/travis/build/icyphy/ptII/ptolemy/actor/lib/test/auto/arrayType19.xml
1 ms. Memory: 422912K Free: 198355K (47%)
----------------- Invoking toplevel() on ptolemy.moml.MoMLSimpleApplication@497ab86b
----------------- Done invoking toplevel() on ptolemy.moml.MoMLSimpleApplication@497ab86b
reloadAllAccessors: .arrayType19

===========================================================================================
----------------- testing Wed Oct 21 15:53:51 UTC 2020 /home/travis/build/icyphy/ptII/ptolemy/actor/lib/test/auto/arrayType2.xml
----------------- Instantiating /home/travis/build/icyphy/ptII/ptolemy/actor/lib/test/auto/arrayType2.xml
1 ms. Memory: 422912K Free: 193235K (46%)
----------------- Invoking toplevel() on ptolemy.moml.MoMLSimpleApplication@6d145af0
----------------- Done invoking toplevel() on ptolemy.moml.MoMLSimpleApplication@6d145af0
reloadAllAccessors: .arrayType2

===========================================================================================
----------------- testing Wed Oct 21 15:53:51 UTC 2020 /home/travis/build/icyphy/ptII/ptolemy/actor/lib/test/auto/arrayType20.xml
----------------- Instantiating /home/travis/build/icyphy/ptII/ptolemy/actor/lib/test/auto/arrayType20.xml
1 ms. Memory: 422912K Free: 188625K (45%)
----------------- Invoking toplevel() on ptolemy.moml.MoMLSimpleApplication@6ea27ff7
----------------- Done invoking toplevel() on ptolemy.moml.MoMLSimpleApplication@6ea27ff7
reloadAllAccessors: .arrayType20

===========================================================================================
----------------- testing Wed Oct 21 15:53:51 UTC 2020 /home/travis/build/icyphy/ptII/ptolemy/actor/lib/test/auto/arrayType21.xml
----------------- Instantiating /home/travis/build/icyphy/ptII/ptolemy/actor/lib/test/auto/arrayType21.xml
1 ms. Memory: 422912K Free: 183505K (43%)
----------------- Invoking toplevel() on ptolemy.moml.MoMLSimpleApplication@269e2a86
----------------- Done invoking toplevel() on ptolemy.moml.MoMLSimpleApplication@269e2a86
reloadAllAccessors: .arrayType21

===========================================================================================
----------------- testing Wed Oct 21 15:53:51 UTC 2020 /home/travis/build/icyphy/ptII/ptolemy/actor/lib/test/auto/arrayType22.xml
----------------- Instantiating /home/travis/build/icyphy/ptII/ptolemy/actor/lib/test/auto/arrayType22.xml
1 ms. Memory: 422912K Free: 178899K (42%)
----------------- Invoking toplevel() on ptolemy.moml.MoMLSimpleApplication@47bb3083
----------------- Done invoking toplevel() on ptolemy.moml.MoMLSimpleApplication@47bb3083
reloadAllAccessors: .arrayType22

===========================================================================================
----------------- testing Wed Oct 21 15:53:51 UTC 2020 /home/travis/build/icyphy/ptII/ptolemy/actor/lib/test/auto/arrayType23.xml
----------------- Instantiating /home/travis/build/icyphy/ptII/ptolemy/actor/lib/test/auto/arrayType23.xml
1 ms. Memory: 422912K Free: 174289K (41%)
----------------- Invoking toplevel() on ptolemy.moml.MoMLSimpleApplication@510f7b80
----------------- Done invoking toplevel() on ptolemy.moml.MoMLSimpleApplication@510f7b80
reloadAllAccessors: .arrayType23

===========================================================================================
----------------- testing Wed Oct 21 15:53:51 UTC 2020 /home/travis/build/icyphy/ptII/ptolemy/actor/lib/test/auto/arrayType24.xml
----------------- Instantiating /home/travis/build/icyphy/ptII/ptolemy/actor/lib/test/auto/arrayType24.xml
3 ms. Memory: 422912K Free: 169681K (40%)
----------------- Invoking toplevel() on ptolemy.moml.MoMLSimpleApplication@7da74ba5
----------------- Done invoking toplevel() on ptolemy.moml.MoMLSimpleApplication@7da74ba5
reloadAllAccessors: .arrayType24

===========================================================================================
----------------- testing Wed Oct 21 15:53:51 UTC 2020 /home/travis/build/icyphy/ptII/ptolemy/actor/lib/test/auto/arrayType25.xml
----------------- Instantiating /home/travis/build/icyphy/ptII/ptolemy/actor/lib/test/auto/arrayType25.xml
1 ms. Memory: 422912K Free: 163539K (39%)
----------------- Invoking toplevel() on ptolemy.moml.MoMLSimpleApplication@62fd0d40
----------------- Done invoking toplevel() on ptolemy.moml.MoMLSimpleApplication@62fd0d40
reloadAllAccessors: .arrayType25

===========================================================================================
----------------- testing Wed Oct 21 15:53:51 UTC 2020 /home/travis/build/icyphy/ptII/ptolemy/actor/lib/test/auto/arrayType26.xml
----------------- Instantiating /home/travis/build/icyphy/ptII/ptolemy/actor/lib/test/auto/arrayType26.xml
1 ms. Memory: 422912K Free: 158419K (37%)
----------------- Invoking toplevel() on ptolemy.moml.MoMLSimpleApplication@6a81fd09
----------------- Done invoking toplevel() on ptolemy.moml.MoMLSimpleApplication@6a81fd09
reloadAllAccessors: .arrayType26

===========================================================================================
----------------- testing Wed Oct 21 15:53:51 UTC 2020 /home/travis/build/icyphy/ptII/ptolemy/actor/lib/test/auto/arrayType27.xml
----------------- Instantiating /home/travis/build/icyphy/ptII/ptolemy/actor/lib/test/auto/arrayType27.xml
2 ms. Memory: 422912K Free: 153299K (36%)
----------------- Invoking toplevel() on ptolemy.moml.MoMLSimpleApplication@7b01db1f
----------------- Done invoking toplevel() on ptolemy.moml.MoMLSimpleApplication@7b01db1f
reloadAllAccessors: .arrayType27

===========================================================================================
----------------- testing Wed Oct 21 15:53:51 UTC 2020 /home/travis/build/icyphy/ptII/ptolemy/actor/lib/test/auto/arrayType28.xml
----------------- Instantiating /home/travis/build/icyphy/ptII/ptolemy/actor/lib/test/auto/arrayType28.xml
2 ms. Memory: 422912K Free: 147665K (35%)
----------------- Invoking toplevel() on ptolemy.moml.MoMLSimpleApplication@46acd075
----------------- Done invoking toplevel() on ptolemy.moml.MoMLSimpleApplication@46acd075
reloadAllAccessors: .arrayType28

===========================================================================================
----------------- testing Wed Oct 21 15:53:51 UTC 2020 /home/travis/build/icyphy/ptII/ptolemy/actor/lib/test/auto/arrayType3.xml
----------------- Instantiating /home/travis/build/icyphy/ptII/ptolemy/actor/lib/test/auto/arrayType3.xml
5 ms. Memory: 422912K Free: 142545K (34%)
----------------- Invoking toplevel() on ptolemy.moml.MoMLSimpleApplication@1ecfe01b
----------------- Done invoking toplevel() on ptolemy.moml.MoMLSimpleApplication@1ecfe01b
reloadAllAccessors: .arrayType3

===========================================================================================
----------------- testing Wed Oct 21 15:53:51 UTC 2020 /home/travis/build/icyphy/ptII/ptolemy/actor/lib/test/auto/arrayType4.xml
----------------- Instantiating /home/travis/build/icyphy/ptII/ptolemy/actor/lib/test/auto/arrayType4.xml
1 ms. Memory: 422912K Free: 137425K (32%)
----------------- Invoking toplevel() on ptolemy.moml.MoMLSimpleApplication@777620ad
----------------- Done invoking toplevel() on ptolemy.moml.MoMLSimpleApplication@777620ad
reloadAllAccessors: .arrayType4

===========================================================================================
----------------- testing Wed Oct 21 15:53:51 UTC 2020 /home/travis/build/icyphy/ptII/ptolemy/actor/lib/test/auto/arrayType5.xml
----------------- Instantiating /home/travis/build/icyphy/ptII/ptolemy/actor/lib/test/auto/arrayType5.xml
2 ms. Memory: 422912K Free: 132305K (31%)
----------------- Invoking toplevel() on ptolemy.moml.MoMLSimpleApplication@da0ad8b
----------------- Done invoking toplevel() on ptolemy.moml.MoMLSimpleApplication@da0ad8b
reloadAllAccessors: .arrayType5

===========================================================================================
----------------- testing Wed Oct 21 15:53:51 UTC 2020 /home/travis/build/icyphy/ptII/ptolemy/actor/lib/test/auto/arrayType6.xml
----------------- Instantiating /home/travis/build/icyphy/ptII/ptolemy/actor/lib/test/auto/arrayType6.xml
1 ms. Memory: 422912K Free: 127185K (30%)
----------------- Invoking toplevel() on ptolemy.moml.MoMLSimpleApplication@2dc4f63b
----------------- Done invoking toplevel() on ptolemy.moml.MoMLSimpleApplication@2dc4f63b
reloadAllAccessors: .arrayType6

===========================================================================================
----------------- testing Wed Oct 21 15:53:51 UTC 2020 /home/travis/build/icyphy/ptII/ptolemy/actor/lib/test/auto/arrayType7.xml
----------------- Instantiating /home/travis/build/icyphy/ptII/ptolemy/actor/lib/test/auto/arrayType7.xml
6 ms. Memory: 422912K Free: 122579K (29%)
----------------- Invoking toplevel() on ptolemy.moml.MoMLSimpleApplication@48d1b8b7
----------------- Done invoking toplevel() on ptolemy.moml.MoMLSimpleApplication@48d1b8b7
reloadAllAccessors: .arrayType7

===========================================================================================
----------------- testing Wed Oct 21 15:53:51 UTC 2020 /home/travis/build/icyphy/ptII/ptolemy/actor/lib/test/auto/arrayType8.xml
----------------- Instantiating /home/travis/build/icyphy/ptII/ptolemy/actor/lib/test/auto/arrayType8.xml
1 ms. Memory: 422912K Free: 365220K (86%)
----------------- Invoking toplevel() on ptolemy.moml.MoMLSimpleApplication@7a89f3b7
----------------- Done invoking toplevel() on ptolemy.moml.MoMLSimpleApplication@7a89f3b7
reloadAllAccessors: .arrayType8

===========================================================================================
----------------- testing Wed Oct 21 15:53:51 UTC 2020 /home/travis/build/icyphy/ptII/ptolemy/actor/lib/test/auto/arrayType9.xml
----------------- Instantiating /home/travis/build/icyphy/ptII/ptolemy/actor/lib/test/auto/arrayType9.xml
1 ms. Memory: 422912K Free: 360100K (85%)
----------------- Invoking toplevel() on ptolemy.moml.MoMLSimpleApplication@21f47c59
----------------- Done invoking toplevel() on ptolemy.moml.MoMLSimpleApplication@21f47c59
reloadAllAccessors: .arrayType9

===========================================================================================
----------------- testing Wed Oct 21 15:53:51 UTC 2020 /home/travis/build/icyphy/ptII/ptolemy/actor/lib/test/auto/cast.xml
----------------- Instantiating /home/travis/build/icyphy/ptII/ptolemy/actor/lib/test/auto/cast.xml
2 ms. Memory: 422912K Free: 355494K (84%)
----------------- Invoking toplevel() on ptolemy.moml.MoMLSimpleApplication@70559743
----------------- Done invoking toplevel() on ptolemy.moml.MoMLSimpleApplication@70559743
reloadAllAccessors: .cast

===========================================================================================
----------------- testing Wed Oct 21 15:53:51 UTC 2020 /home/travis/build/icyphy/ptII/ptolemy/actor/lib/test/auto/compositeMultiPort.xml
----------------- Instantiating /home/travis/build/icyphy/ptII/ptolemy/actor/lib/test/auto/compositeMultiPort.xml
7 ms. Memory: 422912K Free: 346774K (82%)
----------------- Invoking toplevel() on ptolemy.moml.MoMLSimpleApplication@a2ce8
----------------- Done invoking toplevel() on ptolemy.moml.MoMLSimpleApplication@a2ce8
reloadAllAccessors: .compositeMultiPort

===========================================================================================
----------------- testing Wed Oct 21 15:53:51 UTC 2020 /home/travis/build/icyphy/ptII/ptolemy/actor/lib/test/auto/expressionCastInference.xml
----------------- Instantiating /home/travis/build/icyphy/ptII/ptolemy/actor/lib/test/auto/expressionCastInference.xml
2 ms. Memory: 422912K Free: 341668K (81%)
----------------- Invoking toplevel() on ptolemy.moml.MoMLSimpleApplication@38ad4304
----------------- Done invoking toplevel() on ptolemy.moml.MoMLSimpleApplication@38ad4304
reloadAllAccessors: .expressionCastInference

===========================================================================================
----------------- testing Wed Oct 21 15:53:51 UTC 2020 /home/travis/build/icyphy/ptII/ptolemy/actor/lib/test/auto/expressionCastInference2.xml
----------------- Instantiating /home/travis/build/icyphy/ptII/ptolemy/actor/lib/test/auto/expressionCastInference2.xml
3 ms. Memory: 422912K Free: 337062K (80%)
----------------- Invoking toplevel() on ptolemy.moml.MoMLSimpleApplication@17daebf
----------------- Done invoking toplevel() on ptolemy.moml.MoMLSimpleApplication@17daebf
reloadAllAccessors: .expressionCastInference2

===========================================================================================
----------------- testing Wed Oct 21 15:53:51 UTC 2020 /home/travis/build/icyphy/ptII/ptolemy/actor/lib/test/auto/expressionInference.xml
----------------- Instantiating /home/travis/build/icyphy/ptII/ptolemy/actor/lib/test/auto/expressionInference.xml
1 ms. Memory: 422912K Free: 332966K (79%)
----------------- Invoking toplevel() on ptolemy.moml.MoMLSimpleApplication@5dd271d2
----------------- Done invoking toplevel() on ptolemy.moml.MoMLSimpleApplication@5dd271d2
reloadAllAccessors: .expressionInference

===========================================================================================
----------------- testing Wed Oct 21 15:53:51 UTC 2020 /home/travis/build/icyphy/ptII/ptolemy/actor/lib/test/auto/expression_bug.xml
----------------- Instantiating /home/travis/build/icyphy/ptII/ptolemy/actor/lib/test/auto/expression_bug.xml
1 ms. Memory: 422912K Free: 328356K (78%)
----------------- Invoking toplevel() on ptolemy.moml.MoMLSimpleApplication@727f932c
----------------- Done invoking toplevel() on ptolemy.moml.MoMLSimpleApplication@727f932c
reloadAllAccessors: .expression_bug

===========================================================================================
----------------- testing Wed Oct 21 15:53:51 UTC 2020 /home/travis/build/icyphy/ptII/ptolemy/actor/lib/test/auto/factorial.xml
----------------- Instantiating /home/travis/build/icyphy/ptII/ptolemy/actor/lib/test/auto/factorial.xml
30 ms. Memory: 422912K Free: 320164K (76%)
----------------- Invoking toplevel() on ptolemy.moml.MoMLSimpleApplication@708529f9
----------------- Done invoking toplevel() on ptolemy.moml.MoMLSimpleApplication@708529f9
reloadAllAccessors: .factorial

===========================================================================================
----------------- testing Wed Oct 21 15:53:52 UTC 2020 /home/travis/build/icyphy/ptII/ptolemy/actor/lib/test/auto/filterTest1.xml
----------------- Instantiating /home/travis/build/icyphy/ptII/ptolemy/actor/lib/test/auto/filterTest1.xml
3 ms. Memory: 422912K Free: 314534K (74%)
----------------- Invoking toplevel() on ptolemy.moml.MoMLSimpleApplication@2a269911
----------------- Done invoking toplevel() on ptolemy.moml.MoMLSimpleApplication@2a269911
reloadAllAccessors: .filterTest1

===========================================================================================
----------------- testing Wed Oct 21 15:53:52 UTC 2020 /home/travis/build/icyphy/ptII/ptolemy/actor/lib/test/auto/funcApplyInConst.xml
----------------- Instantiating /home/travis/build/icyphy/ptII/ptolemy/actor/lib/test/auto/funcApplyInConst.xml
1 ms. Memory: 422912K Free: 310438K (73%)
----------------- Invoking toplevel() on ptolemy.moml.MoMLSimpleApplication@4c504e75
----------------- Done invoking toplevel() on ptolemy.moml.MoMLSimpleApplication@4c504e75
reloadAllAccessors: .funcApplyInConst

===========================================================================================
----------------- testing Wed Oct 21 15:53:52 UTC 2020 /home/travis/build/icyphy/ptII/ptolemy/actor/lib/test/auto/funcApplyInExpr.xml
----------------- Instantiating /home/travis/build/icyphy/ptII/ptolemy/actor/lib/test/auto/funcApplyInExpr.xml
2 ms. Memory: 422912K Free: 306852K (73%)
----------------- Invoking toplevel() on ptolemy.moml.MoMLSimpleApplication@6773311e
----------------- Done invoking toplevel() on ptolemy.moml.MoMLSimpleApplication@6773311e
reloadAllAccessors: .funcApplyInExpr

===========================================================================================
----------------- testing Wed Oct 21 15:53:52 UTC 2020 /home/travis/build/icyphy/ptII/ptolemy/actor/lib/test/auto/function.xml
----------------- Instantiating /home/travis/build/icyphy/ptII/ptolemy/actor/lib/test/auto/function.xml
2 ms. Memory: 422912K Free: 302246K (71%)
----------------- Invoking toplevel() on ptolemy.moml.MoMLSimpleApplication@3da122db
----------------- Done invoking toplevel() on ptolemy.moml.MoMLSimpleApplication@3da122db
reloadAllAccessors: .function

===========================================================================================
----------------- testing Wed Oct 21 15:53:52 UTC 2020 /home/travis/build/icyphy/ptII/ptolemy/actor/lib/test/auto/function2.xml
----------------- Instantiating /home/travis/build/icyphy/ptII/ptolemy/actor/lib/test/auto/function2.xml
1 ms. Memory: 422912K Free: 297126K (70%)
----------------- Invoking toplevel() on ptolemy.moml.MoMLSimpleApplication@2f337514
----------------- Done invoking toplevel() on ptolemy.moml.MoMLSimpleApplication@2f337514
reloadAllAccessors: .function2

===========================================================================================
----------------- testing Wed Oct 21 15:53:52 UTC 2020 /home/travis/build/icyphy/ptII/ptolemy/actor/lib/test/auto/function3.xml
----------------- Instantiating /home/travis/build/icyphy/ptII/ptolemy/actor/lib/test/auto/function3.xml
1 ms. Memory: 422912K Free: 293540K (69%)
----------------- Invoking toplevel() on ptolemy.moml.MoMLSimpleApplication@8c5cddc
----------------- Done invoking toplevel() on ptolemy.moml.MoMLSimpleApplication@8c5cddc
reloadAllAccessors: .function3

===========================================================================================
----------------- testing Wed Oct 21 15:53:52 UTC 2020 /home/travis/build/icyphy/ptII/ptolemy/actor/lib/test/auto/functionClosureTest1.xml
----------------- Instantiating /home/travis/build/icyphy/ptII/ptolemy/actor/lib/test/auto/functionClosureTest1.xml
2 ms. Memory: 422912K Free: 287910K (68%)
----------------- Invoking toplevel() on ptolemy.moml.MoMLSimpleApplication@3f5ccbd6
----------------- Done invoking toplevel() on ptolemy.moml.MoMLSimpleApplication@3f5ccbd6
reloadAllAccessors: .functionClosureTest1

===========================================================================================
----------------- testing Wed Oct 21 15:53:52 UTC 2020 /home/travis/build/icyphy/ptII/ptolemy/actor/lib/test/auto/functionClosureTest2.xml
----------------- Instantiating /home/travis/build/icyphy/ptII/ptolemy/actor/lib/test/auto/functionClosureTest2.xml
1 ms. Memory: 422912K Free: 283814K (67%)
----------------- Invoking toplevel() on ptolemy.moml.MoMLSimpleApplication@c093336
----------------- Done invoking toplevel() on ptolemy.moml.MoMLSimpleApplication@c093336
reloadAllAccessors: .functionClosureTest2

===========================================================================================
----------------- testing Wed Oct 21 15:53:52 UTC 2020 /home/travis/build/icyphy/ptII/ptolemy/actor/lib/test/auto/functionClosureTest3.xml
----------------- Instantiating /home/travis/build/icyphy/ptII/ptolemy/actor/lib/test/auto/functionClosureTest3.xml
2 ms. Memory: 422912K Free: 278694K (66%)
----------------- Invoking toplevel() on ptolemy.moml.MoMLSimpleApplication@456482ab
----------------- Done invoking toplevel() on ptolemy.moml.MoMLSimpleApplication@456482ab
reloadAllAccessors: .functionClosureTest3

===========================================================================================
----------------- testing Wed Oct 21 15:53:52 UTC 2020 /home/travis/build/icyphy/ptII/ptolemy/actor/lib/test/auto/functionClosureTest4.xml
----------------- Instantiating /home/travis/build/icyphy/ptII/ptolemy/actor/lib/test/auto/functionClosureTest4.xml
2 ms. Memory: 422912K Free: 272036K (64%)
----------------- Invoking toplevel() on ptolemy.moml.MoMLSimpleApplication@847b15d
----------------- Done invoking toplevel() on ptolemy.moml.MoMLSimpleApplication@847b15d
reloadAllAccessors: .functionClosureTest4

===========================================================================================
----------------- testing Wed Oct 21 15:53:52 UTC 2020 /home/travis/build/icyphy/ptII/ptolemy/actor/lib/test/auto/functionClosureTest5.xml
----------------- Instantiating /home/travis/build/icyphy/ptII/ptolemy/actor/lib/test/auto/functionClosureTest5.xml
4 ms. Memory: 422912K Free: 266902K (63%)
----------------- Invoking toplevel() on ptolemy.moml.MoMLSimpleApplication@28fef503
----------------- Done invoking toplevel() on ptolemy.moml.MoMLSimpleApplication@28fef503
reloadAllAccessors: .functionClosureTest5

===========================================================================================
----------------- testing Wed Oct 21 15:53:52 UTC 2020 /home/travis/build/icyphy/ptII/ptolemy/actor/lib/test/auto/functionClosureTest6.xml
----------------- Instantiating /home/travis/build/icyphy/ptII/ptolemy/actor/lib/test/auto/functionClosureTest6.xml
2 ms. Memory: 422912K Free: 262310K (62%)
----------------- Invoking toplevel() on ptolemy.moml.MoMLSimpleApplication@3cccfb90
----------------- Done invoking toplevel() on ptolemy.moml.MoMLSimpleApplication@3cccfb90
reloadAllAccessors: .functionClosureTest6

===========================================================================================
----------------- testing Wed Oct 21 15:53:52 UTC 2020 /home/travis/build/icyphy/ptII/ptolemy/actor/lib/test/auto/functionsOnArcs.xml
----------------- Instantiating /home/travis/build/icyphy/ptII/ptolemy/actor/lib/test/auto/functionsOnArcs.xml
2 ms. Memory: 422912K Free: 256676K (61%)
----------------- Invoking toplevel() on ptolemy.moml.MoMLSimpleApplication@5fa3649d
----------------- Done invoking toplevel() on ptolemy.moml.MoMLSimpleApplication@5fa3649d
reloadAllAccessors: .functionsOnArcs

===========================================================================================
----------------- testing Wed Oct 21 15:53:52 UTC 2020 /home/travis/build/icyphy/ptII/ptolemy/actor/lib/test/auto/functionsOnArcsHOF.xml
----------------- Instantiating /home/travis/build/icyphy/ptII/ptolemy/actor/lib/test/auto/functionsOnArcsHOF.xml
4 ms. Memory: 422912K Free: 251046K (59%)
----------------- Invoking toplevel() on ptolemy.moml.MoMLSimpleApplication@3a4ad249
----------------- Done invoking toplevel() on ptolemy.moml.MoMLSimpleApplication@3a4ad249
reloadAllAccessors: .functionsOnArcsHOF

===========================================================================================
----------------- testing Wed Oct 21 15:53:52 UTC 2020 /home/travis/build/icyphy/ptII/ptolemy/actor/lib/test/auto/logic.xml
----------------- Instantiating /home/travis/build/icyphy/ptII/ptolemy/actor/lib/test/auto/logic.xml
2 ms. Memory: 422912K Free: 243878K (58%)
----------------- Invoking toplevel() on ptolemy.moml.MoMLSimpleApplication@53776734
----------------- Done invoking toplevel() on ptolemy.moml.MoMLSimpleApplication@53776734
reloadAllAccessors: .logic

===========================================================================================
----------------- testing Wed Oct 21 15:53:52 UTC 2020 /home/travis/build/icyphy/ptII/ptolemy/actor/lib/test/auto/matrixType.xml
----------------- Instantiating /home/travis/build/icyphy/ptII/ptolemy/actor/lib/test/auto/matrixType.xml
2 ms. Memory: 422912K Free: 238244K (56%)
----------------- Invoking toplevel() on ptolemy.moml.MoMLSimpleApplication@41bdd199
----------------- Done invoking toplevel() on ptolemy.moml.MoMLSimpleApplication@41bdd199
reloadAllAccessors: .matrixType

===========================================================================================
----------------- testing Wed Oct 21 15:53:52 UTC 2020 /home/travis/build/icyphy/ptII/ptolemy/actor/lib/test/auto/matrixType10.xml
----------------- Instantiating /home/travis/build/icyphy/ptII/ptolemy/actor/lib/test/auto/matrixType10.xml
2 ms. Memory: 422912K Free: 233638K (55%)
----------------- Invoking toplevel() on ptolemy.moml.MoMLSimpleApplication@3af79758
----------------- Done invoking toplevel() on ptolemy.moml.MoMLSimpleApplication@3af79758
reloadAllAccessors: .matrixType10

===========================================================================================
----------------- testing Wed Oct 21 15:53:52 UTC 2020 /home/travis/build/icyphy/ptII/ptolemy/actor/lib/test/auto/matrixType11.xml
----------------- Instantiating /home/travis/build/icyphy/ptII/ptolemy/actor/lib/test/auto/matrixType11.xml
1 ms. Memory: 422912K Free: 228518K (54%)
----------------- Invoking toplevel() on ptolemy.moml.MoMLSimpleApplication@741a51b0
----------------- Done invoking toplevel() on ptolemy.moml.MoMLSimpleApplication@741a51b0
reloadAllAccessors: .matrixType11

===========================================================================================
----------------- testing Wed Oct 21 15:53:52 UTC 2020 /home/travis/build/icyphy/ptII/ptolemy/actor/lib/test/auto/matrixType12.xml
----------------- Instantiating /home/travis/build/icyphy/ptII/ptolemy/actor/lib/test/auto/matrixType12.xml
1 ms. Memory: 422912K Free: 223908K (53%)
----------------- Invoking toplevel() on ptolemy.moml.MoMLSimpleApplication@71cd9d99
----------------- Done invoking toplevel() on ptolemy.moml.MoMLSimpleApplication@71cd9d99
reloadAllAccessors: .matrixType12

===========================================================================================
----------------- testing Wed Oct 21 15:53:52 UTC 2020 /home/travis/build/icyphy/ptII/ptolemy/actor/lib/test/auto/matrixType13.xml
----------------- Instantiating /home/travis/build/icyphy/ptII/ptolemy/actor/lib/test/auto/matrixType13.xml
2 ms. Memory: 422912K Free: 219302K (52%)
----------------- Invoking toplevel() on ptolemy.moml.MoMLSimpleApplication@3a33d6f0
----------------- Done invoking toplevel() on ptolemy.moml.MoMLSimpleApplication@3a33d6f0
reloadAllAccessors: .matrixType13

===========================================================================================
----------------- testing Wed Oct 21 15:53:52 UTC 2020 /home/travis/build/icyphy/ptII/ptolemy/actor/lib/test/auto/matrixType14.xml
----------------- Instantiating /home/travis/build/icyphy/ptII/ptolemy/actor/lib/test/auto/matrixType14.xml
1 ms. Memory: 422912K Free: 213668K (51%)
----------------- Invoking toplevel() on ptolemy.moml.MoMLSimpleApplication@5c06cdf0
----------------- Done invoking toplevel() on ptolemy.moml.MoMLSimpleApplication@5c06cdf0
reloadAllAccessors: .matrixType14

===========================================================================================
----------------- testing Wed Oct 21 15:53:52 UTC 2020 /home/travis/build/icyphy/ptII/ptolemy/actor/lib/test/auto/matrixType2.xml
----------------- Instantiating /home/travis/build/icyphy/ptII/ptolemy/actor/lib/test/auto/matrixType2.xml
1 ms. Memory: 422912K Free: 209060K (49%)
----------------- Invoking toplevel() on ptolemy.moml.MoMLSimpleApplication@5b5f34a7
----------------- Done invoking toplevel() on ptolemy.moml.MoMLSimpleApplication@5b5f34a7
reloadAllAccessors: .matrixType2

===========================================================================================
----------------- testing Wed Oct 21 15:53:52 UTC 2020 /home/travis/build/icyphy/ptII/ptolemy/actor/lib/test/auto/matrixType3.xml
----------------- Instantiating /home/travis/build/icyphy/ptII/ptolemy/actor/lib/test/auto/matrixType3.xml
3 ms. Memory: 422912K Free: 203942K (48%)
----------------- Invoking toplevel() on ptolemy.moml.MoMLSimpleApplication@71f25298
----------------- Done invoking toplevel() on ptolemy.moml.MoMLSimpleApplication@71f25298
reloadAllAccessors: .matrixType3

===========================================================================================
----------------- testing Wed Oct 21 15:53:52 UTC 2020 /home/travis/build/icyphy/ptII/ptolemy/actor/lib/test/auto/matrixType4.xml
----------------- Instantiating /home/travis/build/icyphy/ptII/ptolemy/actor/lib/test/auto/matrixType4.xml
2 ms. Memory: 422912K Free: 199332K (47%)
----------------- Invoking toplevel() on ptolemy.moml.MoMLSimpleApplication@79f5c9ab
----------------- Done invoking toplevel() on ptolemy.moml.MoMLSimpleApplication@79f5c9ab
reloadAllAccessors: .matrixType4

===========================================================================================
----------------- testing Wed Oct 21 15:53:52 UTC 2020 /home/travis/build/icyphy/ptII/ptolemy/actor/lib/test/auto/matrixType5.xml
----------------- Instantiating /home/travis/build/icyphy/ptII/ptolemy/actor/lib/test/auto/matrixType5.xml
1 ms. Memory: 422912K Free: 194726K (46%)
----------------- Invoking toplevel() on ptolemy.moml.MoMLSimpleApplication@65281f11
----------------- Done invoking toplevel() on ptolemy.moml.MoMLSimpleApplication@65281f11
reloadAllAccessors: .matrixType5

===========================================================================================
----------------- testing Wed Oct 21 15:53:52 UTC 2020 /home/travis/build/icyphy/ptII/ptolemy/actor/lib/test/auto/matrixType6.xml
----------------- Instantiating /home/travis/build/icyphy/ptII/ptolemy/actor/lib/test/auto/matrixType6.xml
1 ms. Memory: 422912K Free: 189606K (45%)
----------------- Invoking toplevel() on ptolemy.moml.MoMLSimpleApplication@1e807b84
----------------- Done invoking toplevel() on ptolemy.moml.MoMLSimpleApplication@1e807b84
reloadAllAccessors: .matrixType6

===========================================================================================
----------------- testing Wed Oct 21 15:53:52 UTC 2020 /home/travis/build/icyphy/ptII/ptolemy/actor/lib/test/auto/matrixType7.xml
----------------- Instantiating /home/travis/build/icyphy/ptII/ptolemy/actor/lib/test/auto/matrixType7.xml
2 ms. Memory: 422912K Free: 184996K (44%)
----------------- Invoking toplevel() on ptolemy.moml.MoMLSimpleApplication@530a007a
----------------- Done invoking toplevel() on ptolemy.moml.MoMLSimpleApplication@530a007a
reloadAllAccessors: .matrixType7

===========================================================================================
----------------- testing Wed Oct 21 15:53:52 UTC 2020 /home/travis/build/icyphy/ptII/ptolemy/actor/lib/test/auto/matrixType8.xml
----------------- Instantiating /home/travis/build/icyphy/ptII/ptolemy/actor/lib/test/auto/matrixType8.xml
1 ms. Memory: 422912K Free: 179876K (43%)
----------------- Invoking toplevel() on ptolemy.moml.MoMLSimpleApplication@1d6be8db
----------------- Done invoking toplevel() on ptolemy.moml.MoMLSimpleApplication@1d6be8db
reloadAllAccessors: .matrixType8

===========================================================================================
----------------- testing Wed Oct 21 15:53:52 UTC 2020 /home/travis/build/icyphy/ptII/ptolemy/actor/lib/test/auto/matrixType9.xml
----------------- Instantiating /home/travis/build/icyphy/ptII/ptolemy/actor/lib/test/auto/matrixType9.xml
2 ms. Memory: 422912K Free: 175270K (41%)
----------------- Invoking toplevel() on ptolemy.moml.MoMLSimpleApplication@5b361a5a
----------------- Done invoking toplevel() on ptolemy.moml.MoMLSimpleApplication@5b361a5a
reloadAllAccessors: .matrixType9

===========================================================================================
----------------- testing Wed Oct 21 15:53:52 UTC 2020 /home/travis/build/icyphy/ptII/ptolemy/actor/lib/test/auto/paraFunctest.xml
----------------- Instantiating /home/travis/build/icyphy/ptII/ptolemy/actor/lib/test/auto/paraFunctest.xml
1 ms. Memory: 422912K Free: 171174K (40%)
----------------- Invoking toplevel() on ptolemy.moml.MoMLSimpleApplication@43ae4e3a
----------------- Done invoking toplevel() on ptolemy.moml.MoMLSimpleApplication@43ae4e3a
reloadAllAccessors: .paraFunctest

===========================================================================================
----------------- testing Wed Oct 21 15:53:52 UTC 2020 /home/travis/build/icyphy/ptII/ptolemy/actor/lib/test/auto/paraFunctest2.xml
----------------- Instantiating /home/travis/build/icyphy/ptII/ptolemy/actor/lib/test/auto/paraFunctest2.xml
1 ms. Memory: 422912K Free: 167078K (40%)
----------------- Invoking toplevel() on ptolemy.moml.MoMLSimpleApplication@15a2849e
----------------- Done invoking toplevel() on ptolemy.moml.MoMLSimpleApplication@15a2849e
reloadAllAccessors: .paraFunctest2

===========================================================================================
----------------- testing Wed Oct 21 15:53:52 UTC 2020 /home/travis/build/icyphy/ptII/ptolemy/actor/lib/test/auto/parameterPassing.xml
----------------- Instantiating /home/travis/build/icyphy/ptII/ptolemy/actor/lib/test/auto/parameterPassing.xml
1 ms. Memory: 422912K Free: 162982K (39%)
----------------- Invoking toplevel() on ptolemy.moml.MoMLSimpleApplication@36cf5e63
----------------- Done invoking toplevel() on ptolemy.moml.MoMLSimpleApplication@36cf5e63
reloadAllAccessors: .parameterPassing

===========================================================================================
----------------- testing Wed Oct 21 15:53:52 UTC 2020 /home/travis/build/icyphy/ptII/ptolemy/actor/lib/test/auto/record.xml
----------------- Instantiating /home/travis/build/icyphy/ptII/ptolemy/actor/lib/test/auto/record.xml
2 ms. Memory: 422912K Free: 157862K (37%)
----------------- Invoking toplevel() on ptolemy.moml.MoMLSimpleApplication@68321981
----------------- Done invoking toplevel() on ptolemy.moml.MoMLSimpleApplication@68321981
reloadAllAccessors: .record

===========================================================================================
----------------- testing Wed Oct 21 15:53:52 UTC 2020 /home/travis/build/icyphy/ptII/ptolemy/actor/lib/test/auto/sizedarray1.xml
----------------- Instantiating /home/travis/build/icyphy/ptII/ptolemy/actor/lib/test/auto/sizedarray1.xml
2 ms. Memory: 422912K Free: 152742K (36%)
----------------- Invoking toplevel() on ptolemy.moml.MoMLSimpleApplication@7d8acf8c
----------------- Done invoking toplevel() on ptolemy.moml.MoMLSimpleApplication@7d8acf8c
reloadAllAccessors: .sizedarray1

===========================================================================================
----------------- testing Wed Oct 21 15:53:52 UTC 2020 /home/travis/build/icyphy/ptII/ptolemy/actor/lib/test/auto/sizedarray2.xml
----------------- Instantiating /home/travis/build/icyphy/ptII/ptolemy/actor/lib/test/auto/sizedarray2.xml
2 ms. Memory: 422912K Free: 147108K (35%)
----------------- Invoking toplevel() on ptolemy.moml.MoMLSimpleApplication@39c867ea
----------------- Done invoking toplevel() on ptolemy.moml.MoMLSimpleApplication@39c867ea
reloadAllAccessors: .sizedarray2

===========================================================================================
----------------- testing Wed Oct 21 15:53:52 UTC 2020 /home/travis/build/icyphy/ptII/ptolemy/actor/lib/test/auto/twoPublishers.xml
----------------- Instantiating /home/travis/build/icyphy/ptII/ptolemy/actor/lib/test/auto/twoPublishers.xml
6 ms. Memory: 422912K Free: 135844K (32%)
----------------- Invoking toplevel() on ptolemy.moml.MoMLSimpleApplication@1b9a9a04
----------------- Done invoking toplevel() on ptolemy.moml.MoMLSimpleApplication@1b9a9a04
reloadAllAccessors: .twoPublishers
AutoTests.java: About to close Vertx.
AutoTests.java: Vertx closed.
]]></system-out>
  <system-err><![CDATA[java.lang.RuntimeException: Execution failed
	at ptolemy.moml.MoMLSimpleApplication$UnloadThread.run(MoMLSimpleApplication.java:402)
Caused by: java.lang.RuntimeException: StringUtilities.exit() was called. Normally, we would exit here because Manager.exitAfterWrapup() was called.  However, because the ptolemy.ptII.exitAfterWrapup property is set, we throw this exception instead.
	at ptolemy.util.StringUtilities.exit(StringUtilities.java:365)
	at ptolemy.actor.Manager.wrapup(Manager.java:1549)
	at ptolemy.actor.Manager.execute(Manager.java:407)
	at ptolemy.actor.Manager.run(Manager.java:1263)
	at ptolemy.actor.Manager$PtolemyRunThread.run(Manager.java:1933)
Warning: '.top.test' is in training mode, set the trainingMode parameter to false before checking in
Warning: '.top.test' is in training mode, set the trainingMode parameter to false before checking in
Warning: '.top.test' is in training mode, set the trainingMode parameter to false before checking in
Warning: '.BooleanSwitch_RegressionTest_WrongTrainingValues.Test' is in training mode, set the trainingMode parameter to false before checking in
Warning: '.BooleanSwitch_RegressionTest_WrongTrainingValues.Test2' is in training mode, set the trainingMode parameter to false before checking in
Warning: '.BooleanSwitch_RegressionTest_WrongTrainingValues.Test2' The test produced 0 tokens.
Warning: '.top.testExceptionHandler' is in training mode, set the trainingMode parameter to false before checking in
java.lang.RuntimeException: Execution failed
	at ptolemy.moml.MoMLSimpleApplication$UnloadThread.run(MoMLSimpleApplication.java:402)
Caused by: ptolemy.kernel.util.IllegalActionException: PublisherPorts cannot be used at the top level, use a Publisher actor instead.
  in .PublisherPortToplevelSubscriber.PublisherPort
	at ptolemy.actor.PublisherPort.preinitialize(PublisherPort.java:403)
	at ptolemy.actor.CompositeActor.preinitialize(CompositeActor.java:1769)
	at ptolemy.actor.Manager.preinitializeAndResolveTypes(Manager.java:1040)
	at ptolemy.actor.Manager.initialize(Manager.java:710)
	at ptolemy.actor.Manager.execute(Manager.java:356)
	at ptolemy.actor.Manager.run(Manager.java:1263)
	at ptolemy.actor.Manager$PtolemyRunThread.run(Manager.java:1933)
java.lang.reflect.InvocationTargetException
	at java.base/jdk.internal.reflect.NativeConstructorAccessorImpl.newInstance0(Native Method)
	at java.base/jdk.internal.reflect.NativeConstructorAccessorImpl.newInstance(NativeConstructorAccessorImpl.java:62)
	at java.base/jdk.internal.reflect.DelegatingConstructorAccessorImpl.newInstance(DelegatingConstructorAccessorImpl.java:45)
	at java.base/java.lang.reflect.Constructor.newInstance(Constructor.java:490)
	at ptolemy.util.test.junit.AutoKnownFailedTests.RunModel(AutoKnownFailedTests.java:105)
	at java.base/jdk.internal.reflect.NativeMethodAccessorImpl.invoke0(Native Method)
	at java.base/jdk.internal.reflect.NativeMethodAccessorImpl.invoke(NativeMethodAccessorImpl.java:62)
	at java.base/jdk.internal.reflect.DelegatingMethodAccessorImpl.invoke(DelegatingMethodAccessorImpl.java:43)
	at java.base/java.lang.reflect.Method.invoke(Method.java:566)
	at org.junit.runners.model.FrameworkMethod$1.runReflectiveCall(FrameworkMethod.java:44)
	at org.junit.internal.runners.model.ReflectiveCallable.run(ReflectiveCallable.java:15)
	at org.junit.runners.model.FrameworkMethod.invokeExplosively(FrameworkMethod.java:41)
	at junitparams.internal.InvokeParameterisedMethod.evaluate(InvokeParameterisedMethod.java:102)
	at org.junit.internal.runners.statements.FailOnTimeout$1.run(FailOnTimeout.java:28)
Caused by: ptolemy.kernel.util.IllegalActionException: PublisherPorts cannot be used at the top level, use a Publisher actor instead.
  in .PublisherPortToplevelSubscriber.PublisherPort
	at ptolemy.actor.PublisherPort.preinitialize(PublisherPort.java:403)
	at ptolemy.actor.CompositeActor.preinitialize(CompositeActor.java:1769)
	at ptolemy.actor.Manager.preinitializeAndResolveTypes(Manager.java:1040)
	at ptolemy.actor.Manager.initialize(Manager.java:710)
	at ptolemy.actor.Manager.execute(Manager.java:356)
	at ptolemy.actor.Manager.run(Manager.java:1263)
	at ptolemy.actor.Manager$PtolemyRunThread.run(Manager.java:1933)
java.lang.RuntimeException: Execution failed
	at ptolemy.moml.MoMLSimpleApplication$UnloadThread.run(MoMLSimpleApplication.java:402)
Caused by: ptolemy.kernel.util.IllegalActionException: SubscriberPorts cannot be used at the top level, use a Subscriber actor instead.
  in .PublisherSubscriberPortToplevel.SubscriberPort
	at ptolemy.actor.SubscriberPort.preinitialize(SubscriberPort.java:328)
	at ptolemy.actor.CompositeActor.preinitialize(CompositeActor.java:1769)
	at ptolemy.actor.Manager.preinitializeAndResolveTypes(Manager.java:1040)
	at ptolemy.actor.Manager.initialize(Manager.java:710)
	at ptolemy.actor.Manager.execute(Manager.java:356)
	at ptolemy.actor.Manager.run(Manager.java:1263)
	at ptolemy.actor.Manager$PtolemyRunThread.run(Manager.java:1933)
java.lang.reflect.InvocationTargetException
	at java.base/jdk.internal.reflect.NativeConstructorAccessorImpl.newInstance0(Native Method)
	at java.base/jdk.internal.reflect.NativeConstructorAccessorImpl.newInstance(NativeConstructorAccessorImpl.java:62)
	at java.base/jdk.internal.reflect.DelegatingConstructorAccessorImpl.newInstance(DelegatingConstructorAccessorImpl.java:45)
	at java.base/java.lang.reflect.Constructor.newInstance(Constructor.java:490)
	at ptolemy.util.test.junit.AutoKnownFailedTests.RunModel(AutoKnownFailedTests.java:105)
	at java.base/jdk.internal.reflect.NativeMethodAccessorImpl.invoke0(Native Method)
	at java.base/jdk.internal.reflect.NativeMethodAccessorImpl.invoke(NativeMethodAccessorImpl.java:62)
	at java.base/jdk.internal.reflect.DelegatingMethodAccessorImpl.invoke(DelegatingMethodAccessorImpl.java:43)
	at java.base/java.lang.reflect.Method.invoke(Method.java:566)
	at org.junit.runners.model.FrameworkMethod$1.runReflectiveCall(FrameworkMethod.java:44)
	at org.junit.internal.runners.model.ReflectiveCallable.run(ReflectiveCallable.java:15)
	at org.junit.runners.model.FrameworkMethod.invokeExplosively(FrameworkMethod.java:41)
	at junitparams.internal.InvokeParameterisedMethod.evaluate(InvokeParameterisedMethod.java:102)
	at org.junit.internal.runners.statements.FailOnTimeout$1.run(FailOnTimeout.java:28)
Caused by: ptolemy.kernel.util.IllegalActionException: SubscriberPorts cannot be used at the top level, use a Subscriber actor instead.
  in .PublisherSubscriberPortToplevel.SubscriberPort
	at ptolemy.actor.SubscriberPort.preinitialize(SubscriberPort.java:328)
	at ptolemy.actor.CompositeActor.preinitialize(CompositeActor.java:1769)
	at ptolemy.actor.Manager.preinitializeAndResolveTypes(Manager.java:1040)
	at ptolemy.actor.Manager.initialize(Manager.java:710)
	at ptolemy.actor.Manager.execute(Manager.java:356)
	at ptolemy.actor.Manager.run(Manager.java:1263)
	at ptolemy.actor.Manager$PtolemyRunThread.run(Manager.java:1933)
java.lang.RuntimeException: Execution failed
	at ptolemy.moml.MoMLSimpleApplication$UnloadThread.run(MoMLSimpleApplication.java:402)
Caused by: ptolemy.kernel.util.IllegalActionException: SubscriptionAggregatorPorts cannot be used at the top level, use a SubscriptionAggregator actor instead.
  in .PublisherSubscriptionAggregatorPort.SubscriptionAggregatorPort
	at ptolemy.actor.SubscriptionAggregatorPort.preinitialize(SubscriptionAggregatorPort.java:353)
	at ptolemy.actor.CompositeActor.preinitialize(CompositeActor.java:1769)
	at ptolemy.actor.Manager.preinitializeAndResolveTypes(Manager.java:1040)
	at ptolemy.actor.Manager.initialize(Manager.java:710)
	at ptolemy.actor.Manager.execute(Manager.java:356)
	at ptolemy.actor.Manager.run(Manager.java:1263)
	at ptolemy.actor.Manager$PtolemyRunThread.run(Manager.java:1933)
java.lang.reflect.InvocationTargetException
	at java.base/jdk.internal.reflect.NativeConstructorAccessorImpl.newInstance0(Native Method)
	at java.base/jdk.internal.reflect.NativeConstructorAccessorImpl.newInstance(NativeConstructorAccessorImpl.java:62)
	at java.base/jdk.internal.reflect.DelegatingConstructorAccessorImpl.newInstance(DelegatingConstructorAccessorImpl.java:45)
	at java.base/java.lang.reflect.Constructor.newInstance(Constructor.java:490)
	at ptolemy.util.test.junit.AutoKnownFailedTests.RunModel(AutoKnownFailedTests.java:105)
	at java.base/jdk.internal.reflect.NativeMethodAccessorImpl.invoke0(Native Method)
	at java.base/jdk.internal.reflect.NativeMethodAccessorImpl.invoke(NativeMethodAccessorImpl.java:62)
	at java.base/jdk.internal.reflect.DelegatingMethodAccessorImpl.invoke(DelegatingMethodAccessorImpl.java:43)
	at java.base/java.lang.reflect.Method.invoke(Method.java:566)
	at org.junit.runners.model.FrameworkMethod$1.runReflectiveCall(FrameworkMethod.java:44)
	at org.junit.internal.runners.model.ReflectiveCallable.run(ReflectiveCallable.java:15)
	at org.junit.runners.model.FrameworkMethod.invokeExplosively(FrameworkMethod.java:41)
	at junitparams.internal.InvokeParameterisedMethod.evaluate(InvokeParameterisedMethod.java:102)
	at org.junit.internal.runners.statements.FailOnTimeout$1.run(FailOnTimeout.java:28)
Caused by: ptolemy.kernel.util.IllegalActionException: SubscriptionAggregatorPorts cannot be used at the top level, use a SubscriptionAggregator actor instead.
  in .PublisherSubscriptionAggregatorPort.SubscriptionAggregatorPort
	at ptolemy.actor.SubscriptionAggregatorPort.preinitialize(SubscriptionAggregatorPort.java:353)
	at ptolemy.actor.CompositeActor.preinitialize(CompositeActor.java:1769)
	at ptolemy.actor.Manager.preinitializeAndResolveTypes(Manager.java:1040)
	at ptolemy.actor.Manager.initialize(Manager.java:710)
	at ptolemy.actor.Manager.execute(Manager.java:356)
	at ptolemy.actor.Manager.run(Manager.java:1263)
	at ptolemy.actor.Manager$PtolemyRunThread.run(Manager.java:1933)
java.lang.RuntimeException: Execution failed
	at ptolemy.moml.MoMLSimpleApplication$UnloadThread.run(MoMLSimpleApplication.java:402)
Caused by: ptolemy.kernel.util.IllegalActionException: TypeTest actor has no training data.
  in .sizedarray3.TypeTest
	at ptolemy.actor.lib.TypeTest.initialize(TypeTest.java:250)
	at ptolemy.actor.Director.initialize(Director.java:938)
	at ptolemy.actor.Director.initialize(Director.java:907)
	at ptolemy.actor.sched.StaticSchedulingDirector.initialize(StaticSchedulingDirector.java:159)
	at ptolemy.domains.sdf.kernel.SDFDirector.initialize(SDFDirector.java:544)
	at ptolemy.actor.CompositeActor.initialize(CompositeActor.java:935)
	at ptolemy.actor.Manager.initialize(Manager.java:724)
	at ptolemy.actor.Manager.execute(Manager.java:356)
	at ptolemy.actor.Manager.run(Manager.java:1263)
	at ptolemy.actor.Manager$PtolemyRunThread.run(Manager.java:1933)
java.lang.reflect.InvocationTargetException
	at java.base/jdk.internal.reflect.NativeConstructorAccessorImpl.newInstance0(Native Method)
	at java.base/jdk.internal.reflect.NativeConstructorAccessorImpl.newInstance(NativeConstructorAccessorImpl.java:62)
	at java.base/jdk.internal.reflect.DelegatingConstructorAccessorImpl.newInstance(DelegatingConstructorAccessorImpl.java:45)
	at java.base/java.lang.reflect.Constructor.newInstance(Constructor.java:490)
	at ptolemy.util.test.junit.AutoKnownFailedTests.RunModel(AutoKnownFailedTests.java:105)
	at java.base/jdk.internal.reflect.NativeMethodAccessorImpl.invoke0(Native Method)
	at java.base/jdk.internal.reflect.NativeMethodAccessorImpl.invoke(NativeMethodAccessorImpl.java:62)
	at java.base/jdk.internal.reflect.DelegatingMethodAccessorImpl.invoke(DelegatingMethodAccessorImpl.java:43)
	at java.base/java.lang.reflect.Method.invoke(Method.java:566)
	at org.junit.runners.model.FrameworkMethod$1.runReflectiveCall(FrameworkMethod.java:44)
	at org.junit.internal.runners.model.ReflectiveCallable.run(ReflectiveCallable.java:15)
	at org.junit.runners.model.FrameworkMethod.invokeExplosively(FrameworkMethod.java:41)
	at junitparams.internal.InvokeParameterisedMethod.evaluate(InvokeParameterisedMethod.java:102)
	at org.junit.internal.runners.statements.FailOnTimeout$1.run(FailOnTimeout.java:28)
Caused by: ptolemy.kernel.util.IllegalActionException: TypeTest actor has no training data.
  in .sizedarray3.TypeTest
	at ptolemy.actor.lib.TypeTest.initialize(TypeTest.java:250)
	at ptolemy.actor.Director.initialize(Director.java:938)
	at ptolemy.actor.Director.initialize(Director.java:907)
	at ptolemy.actor.sched.StaticSchedulingDirector.initialize(StaticSchedulingDirector.java:159)
	at ptolemy.domains.sdf.kernel.SDFDirector.initialize(SDFDirector.java:544)
	at ptolemy.actor.CompositeActor.initialize(CompositeActor.java:935)
	at ptolemy.actor.Manager.initialize(Manager.java:724)
	at ptolemy.actor.Manager.execute(Manager.java:356)
	at ptolemy.actor.Manager.run(Manager.java:1263)
	at ptolemy.actor.Manager$PtolemyRunThread.run(Manager.java:1933)
java.lang.RuntimeException: Execution failed
	at ptolemy.moml.MoMLSimpleApplication$UnloadThread.run(MoMLSimpleApplication.java:402)
Caused by: ptolemy.kernel.util.IllegalActionException: Test fails in iteration 0.
Value was: 6003L. Should have been: 6000L
  in .ExecutionTimeSDF.NonStrictTest
	at ptolemy.actor.lib.NonStrictTest.postfire(NonStrictTest.java:328)
	at ptolemy.actor.AtomicActor.iterate(AtomicActor.java:518)
	at ptolemy.actor.sched.StaticSchedulingDirector.fire(StaticSchedulingDirector.java:216)
	at ptolemy.domains.sdf.kernel.SDFDirector.fire(SDFDirector.java:500)
	at ptolemy.actor.CompositeActor.fire(CompositeActor.java:455)
	at ptolemy.actor.Manager.iterate(Manager.java:851)
	at ptolemy.actor.Manager.execute(Manager.java:369)
	at ptolemy.actor.Manager.run(Manager.java:1263)
	at ptolemy.actor.Manager$PtolemyRunThread.run(Manager.java:1933)
]]></system-err>
</testsuite>
