<?xml version="1.0" encoding="UTF-8" ?>
<testsuite errors="0" failures="0" hostname="travis-job-becad1d2-25af-4bc8-9c94-20ca2e335e71" name="ptolemy.actor.lib.test.junit.JUnitTclTest" skipped="0" tests="517" time="58.984" timestamp="2020-05-20T14:27:34">
  <properties>
    <property name="npm.executable" value="npm" />
    <property name="env.TRAVIS_ROOT" value="/" />
    <property name="ptII.mk.exists" value="true" />
    <property name="env.TRAVIS_APP_HOST" value="build.travis-ci.org" />
    <property name="env.rvm_bin_path" value="/home/travis/.rvm/bin" />
    <property name="java.home" value="/usr/local/lib/jvm/openjdk11" />
    <property name="env.TRAVIS_JOB_NUMBER" value="1637.8" />
    <property name="env.TRAVIS_HOME" value="/home/travis" />
    <property name="env.DISPLAY" value=":99.0" />
    <property name="env.TRAVIS_INIT" value="systemd" />
    <property name="env.SSH_TTY" value="/dev/pts/0" />
    <property name="java.net.preferIPv4Stack" value="true" />
    <property name="env.RUN_TESTS" value="true" />
    <property name="timeout.short" value="1000000" />
    <property name="junit.formatter" value="xml" />
    <property name="env.TRAVIS_SUDO" value="true" />
    <property name="env.TRAVIS_JOB_NAME" value="" />
    <property name="env.TRAVIS_STACK_NODE_ATTRIBUTES" value="/.node-attributes.yml" />
    <property name="env.LOGNAME" value="travis" />
    <property name="env.PT_TRAVIS_TEST_CORE1_XML" value="true" />
    <property name="jsdoc.home" value="node_modules/@terraswarm/jsdoc" />
    <property name="debuglevel" value="source,lines,vars" />
    <property name="checkstyle.formatter" value="xml" />
    <property name="env._system_version" value="16.04" />
    <property name="bin.vergil.makeable" value="true" />
    <property name="sun.os.patch.level" value="unknown" />
    <property name="java.vendor.url" value="http://java.oracle.com/" />
    <property name="env.TRAVIS_BUILD_WEB_URL" value="https://travis-ci.org/icyphy/ptII/builds/689259020" />
    <property name="java.version" value="11.0.2" />
    <property name="env.TZ" value="UTC" />
    <property name="env.TRAVIS_PULL_REQUEST_SHA" value="" />
    <property name="env.PT_NO_NET" value="true" />
    <property name="env.TRAVIS_SECURE_ENV_VARS" value="true" />
    <property name="env._system_type" value="Linux" />
    <property name="java.vendor.url.bug" value="http://bugreport.java.com/bugreport/" />
    <property name="npmjs-org-is-up" value="true" />
    <property name="env.LANGUAGE" value="en_US.UTF-8" />
    <property name="env.SSH_CLIENT" value="10.52.4.29 46164 22" />
    <property name="env.GEM_HOME" value="/home/travis/.rvm/gems/ruby-2.5.3" />
    <property name="env.HAS_ANTARES_THREE_LITTLE_FRONZIES_BADGE" value="true" />
    <property name="java.version.date" value="2019-01-15" />
    <property name="env.PS4" value="+" />
    <property name="ant.project.invoked-targets" value="build,test.core1.xml" />
    <property name="env.TRAVIS_PULL_REQUEST_BRANCH" value="" />
    <property name="env.TRAVIS_REPO_SLUG" value="icyphy/ptII" />
    <property name="env.XDG_DATA_DIRS" value="/usr/local/share:/usr/share:/var/lib/snapd/desktop" />
    <property name="jdk.debug" value="release" />
    <property name="env.TRAVIS_APT_PROXY" value="http://build-cache.travisci.net" />
    <property name="env.TRAVIS_CPU_ARCH" value="amd64" />
    <property name="node.in.path" value="true" />
    <property name="user.name" value="travis" />
    <property name="java.maxmemory" value="1400m" />
    <property name="env.RUBY_VERSION" value="ruby-2.5.3" />
    <property name="env.LANG" value="en_US.UTF-8" />
    <property name="sun.io.unicode.encoding" value="UnicodeLittle" />
    <property name="sun.jnu.encoding" value="UTF-8" />
    <property name="java.runtime.name" value="OpenJDK Runtime Environment" />
    <property name="usefile" value="false" />
    <property name="return.code" value="0" />
    <property name="junit.single.formatter" value="plain" />
    <property name="env.DYLD_LIBRARY_PATH" value="/home/travis/pthla/certi-tools/lib:" />
    <property name="env.DEBIAN_FRONTEND" value="noninteractive" />
    <property name="env.SSH_CONNECTION" value="10.52.4.29 46164 10.20.1.92 22" />
    <property name="env.MYSQL_UNIX_PORT" value="/var/run/mysqld/mysqld.sock" />
    <property name="env.LC_ALL" value="en_US.UTF-8" />
    <property name="env.TRAVIS_ALLOW_FAILURE" value="" />
    <property name="env.TRAVIS_JOB_WEB_URL" value="https://travis-ci.org/icyphy/ptII/jobs/689259077" />
    <property name="java.specification.name" value="Java Platform API Specification" />
    <property name="node.works" value="true" />
    <property name="user.timezone" value="" />
    <property name="path.separator" value=":" />
    <property name="env.TRAVIS_ENABLE_INFRA_DETECTION" value="true" />
    <property name="env.PYTHON_CFLAGS" value="-g -fstack-protector --param=ssp-buffer-size=4 -Wformat -Werror=format-security" />
    <property name="timeout.long" value="4000000" />
    <property name="env.CERTI_HOME" value="/home/travis/pthla/certi-tools" />
    <property name="ant.file.ptII" value="/home/travis/build/icyphy/ptII/build.xml" />
    <property name="javadoc.packagenames" value="com.*,diva.*,lbnl.*,org.hlacerti.*,org.json.*,org.ptolemy.*,org.terraswarm.*,ptolemy.*,ptserver.*" />
    <property name="file.encoding" value="UTF-8" />
    <property name="env.TRAVIS_PULL_REQUEST_SLUG" value="" />
    <property name="ant.project.default-target" value="build" />
    <property name="env.GIT_ASKPASS" value="echo" />
    <property name="env.HOME" value="/home/travis" />
    <property name="sun.java.command" value="org.apache.tools.ant.taskdefs.optional.junit.JUnitTestRunner ptolemy.actor.lib.test.junit.JUnitTclTest skipNonTests=false filtertrace=true haltOnError=false haltOnFailure=false formatter=org.apache.tools.ant.taskdefs.optional.junit.OutErrSummaryJUnitResultFormatter showoutput=true outputtoformatters=true logfailedtests=true threadid=0 logtestlistenerevents=false formatter=org.apache.tools.ant.taskdefs.optional.junit.XMLJUnitResultFormatter,/home/travis/build/icyphy/ptII/reports/junit/TEST-ptolemy.actor.lib.test.junit.JUnitTclTest.xml crashfile=/home/travis/build/icyphy/ptII/junitvmwatcher18316290294171743654.properties propsfile=/home/travis/build/icyphy/ptII/junit1395034993650598180.properties" />
    <property name="env.COMPOSER_NO_INTERACTION" value="1" />
    <property name="env.MANPATH" value="/home/travis/.nvm/versions/node/v7.10.1/share/man:/home/travis/.rvm/rubies/ruby-2.5.3/share/man:/usr/local/cmake-3.12.4/man:/usr/local/clang-7.0.0/share/man:/usr/local/man:/usr/local/share/man:/usr/share/man:/home/travis/.rvm/man" />
    <property name="env.TRAVIS_TIMER_ID" value="02e852fe" />
    <property name="ant.file" value="/home/travis/build/icyphy/ptII/build.xml" />
    <property name="env.TRAVIS_COMMIT_RANGE" value="3e950cfe0f3c004454147d0a7dfedd7f8d8e77cc...52bfcaaec950ad6b43d11ffdb9cd3f924b0c1f76" />
    <property name="env._system_name" value="Ubuntu" />
    <property name="ptII.classpath.optional.property" value="/home/travis/build/icyphy/ptII/lib/bsh-2.0b4.jar:/home/travis/build/icyphy/ptII/lib/ptCal.jar:/home/travis/build/icyphy/ptII/lib/java_cup.jar:/home/travis/build/icyphy/ptII/lib/saxon8.jar:/home/travis/build/icyphy/ptII/lib/saxon8-dom.jar:/home/travis/build/icyphy/ptII/lib/chic.jar:/home/travis/build/icyphy/ptII/lib/ptcolt.jar:/home/travis/build/icyphy/ptII/vendors/misc/itext/iText.jar:/home/travis/build/icyphy/ptII/lib/g4ltl.jar:/home/travis/build/icyphy/ptII/lib/StructuralCoder.jar:/home/travis/build/icyphy/ptII/lib/jcerti.jar:/home/travis/build/icyphy/ptII/lib/javax.mail.jar:/home/travis/build/icyphy/ptII/vendors/JMF-2.1.1e/lib/jmf.jar:/home/travis/build/icyphy/ptII/lib/jna-4.0.0-variadic.jar:/home/travis/build/icyphy/ptII/vendors/misc/joystick/Joystick.jar:/home/travis/build/icyphy/ptII/lib/ptjacl.jar:/home/travis/build/icyphy/ptII/lib/jsoup-1.8.2.jar:/home/travis/build/icyphy/ptII/lib/junit-4.8.2.jar:/home/travis/build/icyphy/ptII/lib/JUnitParams-0.4.0.jar:/home/travis/build/icyphy/ptII/ptolemy/actor/lib/excel/jxl.jar:/home/travis/build/icyphy/ptII/lib/jython.jar:/home/travis/build/icyphy/ptII/lib/kieler.jar:/home/travis/build/icyphy/ptII/vendors/opencv/share/OpenCV/java/opencv-341.jar:/home/travis/build/icyphy/ptII/lib/oscP5.jar:/home/travis/build/icyphy/ptII/lib/nrjavaserial-3.11.0.devel.jar:/home/travis/build/icyphy/ptII/vendors/j3d/lib/Linux/j3dcore.jar:/home/travis/build/icyphy/ptII/vendors/j3d/lib/Linux/j3dutils.jar:/home/travis/build/icyphy/ptII/vendors/j3d/lib/Linux/vecmath.jar:/home/travis/build/icyphy/ptII/vendors/jogl/lib/Linux/gluegen-rt-natives-linux-amd64.jar:/home/travis/build/icyphy/ptII/vendors/jogl/lib/Linux/gluegen-rt.jar:/home/travis/build/icyphy/ptII/vendors/jogl/lib/Linux/jogl-all-natives-linux-amd64.jar:/home/travis/build/icyphy/ptII/vendors/jogl/lib/Linux/jogl-all.jar:/home/travis/build/icyphy/ptII/ptolemy/distributed/jini/jar/jini-core.jar:/home/travis/build/icyphy/ptII/ptolemy/distributed/jini/jar/jini-ext.jar:/home/travis/build/icyphy/ptII/ptolemy/distributed/jini/jar/sun-util.jar:/home/travis/build/icyphy/ptII/lib/protobuf-java-2.4.1.jar:/home/travis/build/icyphy/ptII/lib/org.eclipse.paho.client.mqttv3.jar:/home/travis/build/icyphy/ptII/lib/mapss.jar:/home/travis/build/icyphy/ptII/ptolemy/actor/ptalon/antlr/antlr.jar:/home/travis/build/icyphy/ptII/lib/JRI.jar:/home/travis/build/icyphy/ptII/lib/commons-lang-2.6.jar:/home/travis/build/icyphy/ptII/lib/commons-logging-1.1.1.jar:/home/travis/build/icyphy/ptII/lib/sootclasses.jar:/home/travis/build/icyphy/ptII/ptolemy/actor/lib/database/mysql-connector-java-5.1.6-bin.jar:/home/travis/build/icyphy/ptII/vendors/misc/sphinx4/sphinx4-data-5prealpha.jar:/home/travis/build/icyphy/ptII/vendors/misc/sphinx4/sphinx4-core-5prealpha.jar:/home/travis/build/icyphy/ptII/lib/PDFRenderer.jar:/home/travis/build/icyphy/ptII/lib/svgSalamander.jar:/home/travis/build/icyphy/ptII/lib/rsyntaxtextarea-2.6.0-SNAPSHOT.jar:/home/travis/build/icyphy/ptII/lib/hazelcast-3.8.2.jar:/home/travis/build/icyphy/ptII/lib/jackson-annotations-2.9.0.jar:/home/travis/build/icyphy/ptII/lib/jackson-core-2.9.3.jar:/home/travis/build/icyphy/ptII/lib/jackson-databind-2.9.3.jar:/home/travis/build/icyphy/ptII/lib/netty-buffer-4.1.19.Final.jar:/home/travis/build/icyphy/ptII/lib/netty-codec-4.1.19.Final.jar:/home/travis/build/icyphy/ptII/lib/netty-codec-dns-4.1.19.Final.jar:/home/travis/build/icyphy/ptII/lib/netty-codec-http-4.1.19.Final.jar:/home/travis/build/icyphy/ptII/lib/netty-codec-http2-4.1.19.Final.jar:/home/travis/build/icyphy/ptII/lib/netty-common-4.1.19.Final.jar:/home/travis/build/icyphy/ptII/lib/netty-handler-4.1.19.Final.jar:/home/travis/build/icyphy/ptII/lib/netty-resolver-4.1.19.Final.jar:/home/travis/build/icyphy/ptII/lib/netty-resolver-dns-4.1.19.Final.jar:/home/travis/build/icyphy/ptII/lib/netty-transport-4.1.19.Final.jar:/home/travis/build/icyphy/ptII/lib/vertx-codegen-3.5.1.jar:/home/travis/build/icyphy/ptII/lib/vertx-core-3.5.2-SNAPSHOT.jar:/home/travis/build/icyphy/ptII/lib/vertx-hazelcast-3.5.1.jar:/home/travis/build/icyphy/ptII/lib/vertx-lang-js-3.5.1.jar:/home/travis/build/icyphy/ptII/lib/vertx-service-proxy-3.5.1.jar:/home/travis/build/icyphy/ptII/lib/vertx-web-3.5.1.jar:/home/travis/build/icyphy/ptII/lib/slf4j-api-1.7.13.jar:/home/travis/build/icyphy/ptII/lib/slf4j-simple-1.7.13.jar:/home/travis/build/icyphy/ptII/lib/webcam-capture-0.3.12.jar:/home/travis/build/icyphy/ptII/lib/bridj-0.7.0.jar:/home/travis/build/icyphy/ptII/lib/xbjlib-1.1.0.nrjavaserial.jar" />
    <property name="timeout" value="2400000" />
    <property name="test.batch" value="**/junit/*.java" />
    <property name="env._" value="/usr/bin/timeout" />
    <property name="java.io.tmpdir" value="/tmp" />
    <property name="user.language" value="en" />
    <property name="env.TRAVIS_INTERNAL_RUBY_REGEX" value="^ruby-(2\.[0-4]\.[0-9]|1\.9\.3)" />
    <property name="env.HISTCONTROL" value="ignoredups:ignorespace" />
    <property name="env.GOROOT" value="/home/travis/.gimme/versions/go1.11.1.linux.amd64" />
    <property name="line.separator" value="&#xa;" />
    <property name="target" value="11" />
    <property name="env.TRAVIS_BUILD_DIR" value="/home/travis/build/icyphy/ptII" />
    <property name="env.ANT_OPTS" value="-Xmx2048m" />
    <property name="ant.file.type" value="file" />
    <property name="ptolemy.ptII.batchMode" value="true" />
    <property name="env.HISTSIZE" value="1000" />
    <property name="env.MERB_ENV" value="test" />
    <property name="java.vm.info" value="mixed mode" />
    <property name="source" value="11" />
    <property name="java.vm.specification.name" value="Java Virtual Machine Specification" />
    <property name="env.TRAVIS_TEST_RESULT" value="0" />
    <property name="jsdoc.command" value="node_modules/@terraswarm/jsdoc/jsdoc.js" />
    <property name="npm.works" value="true" />
    <property name="cobertura.dir" value="/home/travis/build/icyphy/ptII/vendors/cobertura-2.0.3" />
    <property name="jsdoc.command.exists" value="true" />
    <property name="env.rvm_path" value="/home/travis/.rvm" />
    <property name="env.GEM_PATH" value="/home/travis/.rvm/gems/ruby-2.5.3:/home/travis/.rvm/gems/ruby-2.5.3@global" />
    <property name="env.LC_CTYPE" value="en_US.UTF-8" />
    <property name="env.TRAVIS_CMD" value="$PTII/bin/ptIITravisBuild.sh $SECONDS" />
    <property name="java.awt.printerjob" value="sun.print.PSPrinterJob" />
    <property name="env.TRAVIS_STACK_NAME" value="sardonyx" />
    <property name="env.TRAVIS_TIMER_START_TIME" value="1589984280331296190" />
    <property name="ant.version" value="Apache Ant(TM) version 1.10.1 compiled on February 2 2017" />
    <property name="ptII.reports" value="/home/travis/build/icyphy/ptII/reports" />
    <property name="env.TRAVIS_STACK_TIMESTAMP" value="2019-03-25 16:16:56 UTC" />
    <property name="ant.file.type.ptII" value="file" />
    <property name="env.RBENV_SHELL" value="bash" />
    <property name="os.name" value="Linux" />
    <property name="java.specification.vendor" value="Oracle Corporation" />
    <property name="env.rvm_version" value="1.29.7 (latest)" />
    <property name="env.TRAVIS_INFRA" value="unknown" />
    <property name="env.TERM" value="xterm" />
    <property name="java.vm.name" value="OpenJDK 64-Bit Server VM" />
    <property name="env.TRAVIS_BUILD_NUMBER" value="1637" />
    <property name="env.CI" value="true" />
    <property name="java.library.path" value="/home/travis/pthla/certi-tools/lib:/usr/lib/jni:/usr/local/share/OpenCV/java/:/usr/share/OpenCV/java::/usr/java/packages/lib:/usr/lib64:/lib64:/lib:/usr/lib" />
    <property name="jdk.module.path" value="/home/travis/build/icyphy/ptII/vendors/javafx/javafx-sdk-11.0.2/lib:" />
    <property name="env.rvm_prefix" value="/home/travis" />
    <property name="env.PATH" value="/home/travis/pthla/certi-tools/share/scripts:/home/travis/.rvm/gems/ruby-2.5.3/bin:/home/travis/.rvm/gems/ruby-2.5.3@global/bin:/home/travis/.rvm/rubies/ruby-2.5.3/bin:/home/travis/.rvm/bin:/home/travis/.nvm/versions/node/v7.10.1/bin:./node_modules/.bin:/home/travis/build/icyphy/ptII/bin:/home/travis/pthla/certi-tools/bin:/home/travis/bin:/home/travis/.local/bin:/usr/local/lib/jvm/openjdk11/bin:/opt/pyenv/shims:/home/travis/.phpenv/shims:/home/travis/perl5/perlbrew/bin:/home/travis/gopath/bin:/home/travis/.gimme/versions/go1.11.1.linux.amd64/bin:/usr/local/maven-3.6.0/bin:/usr/local/cmake-3.12.4/bin:/usr/local/clang-7.0.0/bin:/usr/local/sbin:/usr/local/bin:/usr/sbin:/usr/bin:/sbin:/bin:/snap/bin:/home/travis/.phpenv/bin:/opt/pyenv/bin:/home/travis/.yarn/bin" />
    <property name="env.TRAVIS_OS_NAME" value="linux" />
    <property name="ant.java.version" value="9" />
    <property name="basedir" value="/home/travis/build/icyphy/ptII" />
    <property name="java.class.version" value="55.0" />
    <property name="env.SHLVL" value="3" />
    <property name="env.LD_LIBRARY_PATH" value="/home/travis/pthla/certi-tools/lib:/usr/lib/jni:/usr/local/share/OpenCV/java/:/usr/share/OpenCV/java:" />
    <property name="env.RACK_ENV" value="test" />
    <property name="ant.home" value="/home/travis/build/icyphy/ptII/ant" />
    <property name="env.NVM_DIR" value="/home/travis/.nvm" />
    <property name="env.CERTI_FOM_PATH" value="/home/travis/pthla/certi-tools/share/federations" />
    <property name="env.TRAVIS_BUILD_ID" value="689259020" />
    <property name="env.PYENV_ROOT" value="/opt/pyenv" />
    <property name="env.TRAVIS_UID" value="2000" />
    <property name="prism.verbose" value="true" />
    <property name="env.NVM_BIN" value="/home/travis/.nvm/versions/node/v7.10.1/bin" />
    <property name="env.TRAVIS_COMMIT" value="52bfcaaec950ad6b43d11ffdb9cd3f924b0c1f76" />
    <property name="env._system_arch" value="x86_64" />
    <property name="node.executable" value="node" />
    <property name="sun.boot.library.path" value="/usr/local/lib/jvm/openjdk11/lib" />
    <property name="sun.management.compiler" value="HotSpot 64-Bit Tiered Compilers" />
    <property name="java.awt.graphicsenv" value="sun.awt.X11GraphicsEnvironment" />
    <property name="env.GOPATH" value="/home/travis/gopath" />
    <property name="ptolemy.ptII.dir" value="/home/travis/build/icyphy/ptII" />
    <property name="env.USER" value="travis" />
    <property name="env.HISTFILESIZE" value="2000" />
    <property name="env.NVM_INC" value="/home/travis/.nvm/versions/node/v7.10.1/include/node" />
    <property name="timeout.longest" value="19000000" />
    <property name="env.PERLBREW_SHELLRC_VERSION" value="0.86" />
    <property name="env.TRAVIS_STACK_FEATURES" value="basic couchdb disabled-ipv6 docker docker-compose elasticsearch firefox go-toolchain google-chrome jdk memcached mongodb mysql nodejs_interpreter perl_interpreter perlbrew phantomjs postgresql python_interpreter redis ruby_interpreter sqlite xserver" />
    <property name="env.TRAVIS_PULL_REQUEST" value="false" />
    <property name="env.PYENV_SHELL" value="bash" />
    <property name="ant.project.name" value="ptII" />
    <property name="env.ANSI_RESET" value="\033[0m" />
    <property name="java.vm.specification.version" value="11" />
    <property name="env.TRAVIS_DIST" value="xenial" />
    <property name="env.CERTI_VERSION" value="4.0.0" />
    <property name="env.CERTI_HOST" value="localhost" />
    <property name="awt.toolkit" value="sun.awt.X11.XToolkit" />
    <property name="env.MY_RUBY_HOME" value="/home/travis/.rvm/rubies/ruby-2.5.3" />
    <property name="sun.cpu.isalist" value="" />
    <property name="env.TRAVIS_TMPDIR" value="/tmp/tmp.s04w1KpXAV" />
    <property name="java.vm.compressedOopsMode" value="Zero based" />
    <property name="os.version" value="4.15.0-1028-gcp" />
    <property name="user.home" value="/home/travis" />
    <property name="java.vm.vendor" value="Oracle Corporation" />
    <property name="env.TRAVIS_TAG" value="nightly" />
    <property name="env.ANSI_YELLOW" value="\033[33;1m" />
    <property name="env.TRAVIS_FILTERED" value="redirect_io" />
    <property name="env.ANSI_GREEN" value="\033[32;1m" />
    <property name="env.JAVA_HOME" value="/usr/local/lib/jvm/openjdk11" />
    <property name="javadoc.excludepackagenames" value="adm.cvs2svn.*,build.*,config.*,doc.coding.templates.*,jni.test.jni.meaningOfLife.*,jni.test.jni.testDeux.*,jni.test.jni.testTrois.*,org.terraswarm.accessor.accessors.web.node_modules.*,org.terraswarm.accessor.accessors.web.hosts.cordova.demo.*,org.terraswarm.accessor.accessors.web.hosts.cordova.plugins.*,org.terraswarm.accessor.accessors-svn.*,pt-modules.*,ptolemy.apps.agilent.*,ptolemy.apps.anytimecontrol.*,ptolemy.apps.apes.*,ptolemy.apps.charon.*,ptolemy.apps.crazyboard.*,ptolemy.apps.eclipse.*,ptolemy.apps.etherealSting.*,ptolemy.apps.fullscreen.*,ptolemy.apps.giotto.*,ptolemy.apps.ia.*,ptolemy.apps.interfaces.*,ptolemy.apps.jmf.*,ptolemy.apps.kurt.*,ptolemy.apps.kvm.*,ptolemy.apps.lego.*,ptolemy.apps.lejos.*,ptolemy.apps.midp.*,ptolemy.apps.mobileCoding.*,ptolemy.apps.pendulum.*,ptolemy.apps.rijndael.*,ptolemy.apps.robot.*,ptolemy.apps.security.*,ptolemy.apps.sobel.*,ptolemy.apps.soot.*,ptolemy.apps.throttle.*,ptolemy.apps.tini.*,ptolemy.apps.transmission.*,ptolemy.apps.vergil.*,ptolemy.apps.waba.*,ptolemy.apps.websensor.*,ptolemy.apps.webstart.*,ptolemy.apps.xsl.*,ptolemy.apps.zaurus.*,ptolemy.codegen.c.actor.lib.oldJavaFiles.*,ptolemy.codegen.dsp.lib.*,ptolemy.codegen.kernel.newInterfaces.*,ptolemy.codegen.lib.*,ptolemy.copernicus.kernel.fragment.*,ptolemy.copernicus.shallow.cg.*,ptolemy.domains.giotto.demo.Hierarchy.Hierarchy.*,ptolemy.domains.giotto.demo.Multimode.Multimode.*,ptolemy.domains.giotto.demo.Simple.Simple.*,ptolemy.domains.gr.lib.experimental.*,ptolemy.domains.gro.*,ptolemy.domains.pdf.*,ptolemy.domains.ptinyos.demo.Surge.output.*,ptolemy.moml.test.NoPackageActor.java*,ptolemy.plot.adm.*,ptolemy.plot.servlet.*,reports.*,signed.*,src.*,target.*,vendors.*,ptolemy.copernicus.applet.*,ptolemy.media.viewer.*,ptolemy.actor.corba.*,doc.doclets.*,ptolemy.apps.eclipse.awt.*,ptolemy.backtrack.*,ptolemy.backtrack.ast.*,ptolemy.cg.adapter.generic.program.procedural.c.mbed*,ptolemy.homer.*,ptolemy.actor.lib.jai.*,org.ptolemy.scala.*,diva.util.java2d.svg.*,ptolemy.domains.ptinyos.*,ptolemy.actor.lib.fmi.fmipp.*,,org.terraswarm.accessor.accessors.web.node_modules.*,org.terraswarm.accessor.accessors-svn,ptolemy.apps.*,ptolemy.actor.ptalon.demo.ptinyos.SendAndReceiveCnt.output,ptolemy.actor.ptalon.demo.ptinyos.SenseToLeds.output,ptolemy.domains.ptinyos.demo.CntToLedsAndRfm.output,ptolemy.domains.ptinyos.demo.RfmToLeds.output,ptolemy.domains.ptinyos.demo.SendAndReceiveCnt.output,ptolemy.domains.ptinyos.demo.SenseToLeds.output,ptolemy.actor.lib.jjs.modules.udpSocket.*" />
    <property name="env.PTII" value="/home/travis/build/icyphy/ptII" />
    <property name="env.XDG_SESSION_ID" value="2" />
    <property name="keystore" value="ptKeystore" />
    <property name="env.TRAVIS_COMMIT_MESSAGE" value="Updating models using array data type." />
    <property name="junit.output.dir" value="/home/travis/build/icyphy/ptII/reports/junit" />
    <property name="npm.return.code" value="0" />
    <property name="user.dir" value="/home/travis/build/icyphy/ptII/ptolemy/actor/lib/test" />
    <property name="env.TRAVIS_NODE_VERSION" value="7" />
    <property name="env.TRAVIS_EVENT_TYPE" value="cron" />
    <property name="env.MAIL" value="/var/mail/travis" />
    <property name="env.PERLBREW_ROOT" value="/home/travis/perl5/perlbrew" />
    <property name="env.PWD" value="/home/travis/build/icyphy/ptII" />
    <property name="timeout.npm" value="45000" />
    <property name="env.TRAVIS_ARCH" value="amd64" />
    <property name="sun.cpu.endian" value="little" />
    <property name="env.PAGER" value="cat" />
    <property name="env.TRAVIS_BUILD_STAGE_NAME" value="test" />
    <property name="env.PERLBREW_HOME" value="/home/travis/.perlbrew" />
    <property name="java.vm.version" value="11.0.2+9" />
    <property name="env.RAILS_ENV" value="test" />
    <property name="java.class.path" value="/home/travis/.ptolemyII:/home/travis/.ptolemyII/*:/home/travis/build/icyphy/ptII:/home/travis/build/icyphy/ptII/lib/bsh-2.0b4.jar:/home/travis/build/icyphy/ptII/lib/ptCal.jar:/home/travis/build/icyphy/ptII/lib/java_cup.jar:/home/travis/build/icyphy/ptII/lib/saxon8.jar:/home/travis/build/icyphy/ptII/lib/saxon8-dom.jar:/home/travis/build/icyphy/ptII/lib/chic.jar:/home/travis/build/icyphy/ptII/lib/ptcolt.jar:/home/travis/build/icyphy/ptII/vendors/misc/itext/iText.jar:/home/travis/build/icyphy/ptII/lib/g4ltl.jar:/home/travis/build/icyphy/ptII/lib/StructuralCoder.jar:/home/travis/build/icyphy/ptII/lib/jcerti.jar:/home/travis/build/icyphy/ptII/lib/javax.mail.jar:/home/travis/build/icyphy/ptII/vendors/JMF-2.1.1e/lib/jmf.jar:/home/travis/build/icyphy/ptII/lib/jna-4.0.0-variadic.jar:/home/travis/build/icyphy/ptII/vendors/misc/joystick/Joystick.jar:/home/travis/build/icyphy/ptII/lib/ptjacl.jar:/home/travis/build/icyphy/ptII/lib/jsoup-1.8.2.jar:/home/travis/build/icyphy/ptII/lib/junit-4.8.2.jar:/home/travis/build/icyphy/ptII/lib/JUnitParams-0.4.0.jar:/home/travis/build/icyphy/ptII/ptolemy/actor/lib/excel/jxl.jar:/home/travis/build/icyphy/ptII/lib/jython.jar:/home/travis/build/icyphy/ptII/lib/kieler.jar:/home/travis/build/icyphy/ptII/vendors/opencv/share/OpenCV/java/opencv-341.jar:/home/travis/build/icyphy/ptII/lib/oscP5.jar:/home/travis/build/icyphy/ptII/lib/nrjavaserial-3.11.0.devel.jar:/home/travis/build/icyphy/ptII/vendors/j3d/lib/Linux/j3dcore.jar:/home/travis/build/icyphy/ptII/vendors/j3d/lib/Linux/j3dutils.jar:/home/travis/build/icyphy/ptII/vendors/j3d/lib/Linux/vecmath.jar:/home/travis/build/icyphy/ptII/vendors/jogl/lib/Linux/gluegen-rt-natives-linux-amd64.jar:/home/travis/build/icyphy/ptII/vendors/jogl/lib/Linux/gluegen-rt.jar:/home/travis/build/icyphy/ptII/vendors/jogl/lib/Linux/jogl-all-natives-linux-amd64.jar:/home/travis/build/icyphy/ptII/vendors/jogl/lib/Linux/jogl-all.jar:/home/travis/build/icyphy/ptII/ptolemy/distributed/jini/jar/jini-core.jar:/home/travis/build/icyphy/ptII/ptolemy/distributed/jini/jar/jini-ext.jar:/home/travis/build/icyphy/ptII/ptolemy/distributed/jini/jar/sun-util.jar:/home/travis/build/icyphy/ptII/lib/protobuf-java-2.4.1.jar:/home/travis/build/icyphy/ptII/lib/org.eclipse.paho.client.mqttv3.jar:/home/travis/build/icyphy/ptII/lib/mapss.jar:/home/travis/build/icyphy/ptII/ptolemy/actor/ptalon/antlr/antlr.jar:/home/travis/build/icyphy/ptII/lib/JRI.jar:/home/travis/build/icyphy/ptII/lib/commons-lang-2.6.jar:/home/travis/build/icyphy/ptII/lib/commons-logging-1.1.1.jar:/home/travis/build/icyphy/ptII/lib/sootclasses.jar:/home/travis/build/icyphy/ptII/ptolemy/actor/lib/database/mysql-connector-java-5.1.6-bin.jar:/home/travis/build/icyphy/ptII/vendors/misc/sphinx4/sphinx4-data-5prealpha.jar:/home/travis/build/icyphy/ptII/vendors/misc/sphinx4/sphinx4-core-5prealpha.jar:/home/travis/build/icyphy/ptII/lib/PDFRenderer.jar:/home/travis/build/icyphy/ptII/lib/svgSalamander.jar:/home/travis/build/icyphy/ptII/lib/rsyntaxtextarea-2.6.0-SNAPSHOT.jar:/home/travis/build/icyphy/ptII/lib/hazelcast-3.8.2.jar:/home/travis/build/icyphy/ptII/lib/jackson-annotations-2.9.0.jar:/home/travis/build/icyphy/ptII/lib/jackson-core-2.9.3.jar:/home/travis/build/icyphy/ptII/lib/jackson-databind-2.9.3.jar:/home/travis/build/icyphy/ptII/lib/netty-buffer-4.1.19.Final.jar:/home/travis/build/icyphy/ptII/lib/netty-codec-4.1.19.Final.jar:/home/travis/build/icyphy/ptII/lib/netty-codec-dns-4.1.19.Final.jar:/home/travis/build/icyphy/ptII/lib/netty-codec-http-4.1.19.Final.jar:/home/travis/build/icyphy/ptII/lib/netty-codec-http2-4.1.19.Final.jar:/home/travis/build/icyphy/ptII/lib/netty-common-4.1.19.Final.jar:/home/travis/build/icyphy/ptII/lib/netty-handler-4.1.19.Final.jar:/home/travis/build/icyphy/ptII/lib/netty-resolver-4.1.19.Final.jar:/home/travis/build/icyphy/ptII/lib/netty-resolver-dns-4.1.19.Final.jar:/home/travis/build/icyphy/ptII/lib/netty-transport-4.1.19.Final.jar:/home/travis/build/icyphy/ptII/lib/vertx-codegen-3.5.1.jar:/home/travis/build/icyphy/ptII/lib/vertx-core-3.5.2-SNAPSHOT.jar:/home/travis/build/icyphy/ptII/lib/vertx-hazelcast-3.5.1.jar:/home/travis/build/icyphy/ptII/lib/vertx-lang-js-3.5.1.jar:/home/travis/build/icyphy/ptII/lib/vertx-service-proxy-3.5.1.jar:/home/travis/build/icyphy/ptII/lib/vertx-web-3.5.1.jar:/home/travis/build/icyphy/ptII/lib/slf4j-api-1.7.13.jar:/home/travis/build/icyphy/ptII/lib/slf4j-simple-1.7.13.jar:/home/travis/build/icyphy/ptII/lib/webcam-capture-0.3.12.jar:/home/travis/build/icyphy/ptII/lib/bridj-0.7.0.jar:/home/travis/build/icyphy/ptII/lib/xbjlib-1.1.0.nrjavaserial.jar:/home/travis/build/icyphy/ptII/ptolemy/moml/test:/home/travis/build/icyphy/ptII/ant/lib/ant-launcher.jar:/home/travis/build/icyphy/ptII/ant/lib/ant.jar:/home/travis/build/icyphy/ptII/ant/lib/ant-junit.jar:/home/travis/build/icyphy/ptII/ant/lib/ant-junit4.jar" />
    <property name="ant.library.dir" value="/home/travis/build/icyphy/ptII/ant/lib" />
    <property name="os.arch" value="amd64" />
    <property name="env.CONTINUOUS_INTEGRATION" value="true" />
    <property name="env.TRAVIS_LANGUAGE" value="node_js" />
    <property name="env.TRAVIS_STACK_LANGUAGES" value="__sardonyx__ c c++ clojure cplusplus cpp default generic go groovy java node_js php pure_java python ruby scala" />
    <property name="test.name" value="ptolemy.actor.lib.test.junit.JUnitTclTest" />
    <property name="env.APT_KEY_DONT_WARN_ON_DANGEROUS_USAGE" value="1" />
    <property name="sun.java.launcher" value="SUN_STANDARD" />
    <property name="env.PYTHON_CONFIGURE_OPTS" value="--enable-unicode=ucs4 --with-wide-unicode --enable-shared --enable-ipv6 --enable-loadable-sqlite-extensions --with-computed-gotos" />
    <property name="ant.core.lib" value="/home/travis/build/icyphy/ptII/ant/lib/ant.jar" />
    <property name="java.vm.specification.vendor" value="Oracle Corporation" />
    <property name="env.BCVTB_HOME" value="/home/travis/build/icyphy/ptII/lbnl" />
    <property name="file.separator" value="/" />
    <property name="spotbugs.home" value="/home/travis/build/icyphy/ptII/vendors/spotbugs-3.1.1" />
    <property name="java.runtime.version" value="11.0.2+9" />
    <property name="env.ANSI_CLEAR" value="\033[0K" />
    <property name="javafx.verbose" value="true" />
    <property name="env.HAS_JOSH_K_SEAL_OF_APPROVAL" value="true" />
    <property name="env.XDG_RUNTIME_DIR" value="/run/user/2000" />
    <property name="env.TRAVIS_OSX_IMAGE" value="" />
    <property name="env.TRAVIS_JOB_ID" value="689259077" />
    <property name="env.TRAVIS_BRANCH" value="master" />
    <property name="user.country" value="US" />
    <property name="env.CERTI_HOME_TRAVIS" value="/home/travis/pthla/certi-tools" />
    <property name="env.SHELL" value="/bin/bash" />
    <property name="java.maxmemory.large" value="3200m" />
    <property name="model" value="" />
    <property name="env.CASHER_DIR" value="/home/travis/.casher" />
    <property name="env.NVM_CD_FLAGS" value="" />
    <property name="java.vendor.version" value="18.9" />
    <property name="jshint.executable" value="/home/travis/node_modules/jshint/bin/jshint" />
    <property name="env.JRUBY_OPTS" value=" --client -J-XX:+TieredCompilation -J-XX:TieredStopAtLevel=1 -J-Xss2m -Xcompile.invokedynamic=false" />
    <property name="java.vendor" value="Oracle Corporation" />
    <property name="env.TRAVIS_PRE_CHEF_BOOTSTRAP_TIME" value="2019-03-25T16:16:42" />
    <property name="env.TRAVIS_STACK_JOB_BOARD_REGISTER" value="/.job-board-register.yml" />
    <property name="env.ANSI_RED" value="\033[31;1m" />
    <property name="java.specification.version" value="11" />
    <property name="env.IRBRC" value="/home/travis/.rvm/rubies/ruby-2.5.3/.irbrc" />
    <property name="env.TRAVIS" value="true" />
    <property name="sun.arch.data.model" value="64" />
  </properties>
  <testcase classname="ptolemy.util.test.junit.TclTests" name="[0] /home/travis/build/icyphy/ptII/ptolemy/actor/lib/test/AbsoluteValue.tcl (RunTclFile)" time="0.455" />
  <testcase classname="ptolemy.util.test.junit.TclTests" name="[1] /home/travis/build/icyphy/ptII/ptolemy/actor/lib/test/AddSubtract.tcl (RunTclFile)" time="0.112" />
  <testcase classname="ptolemy.util.test.junit.TclTests" name="[2] /home/travis/build/icyphy/ptII/ptolemy/actor/lib/test/Average.tcl (RunTclFile)" time="0.03" />
  <testcase classname="ptolemy.util.test.junit.TclTests" name="[3] /home/travis/build/icyphy/ptII/ptolemy/actor/lib/test/Bernoulli.tcl (RunTclFile)" time="0.017" />
  <testcase classname="ptolemy.util.test.junit.TclTests" name="[4] /home/travis/build/icyphy/ptII/ptolemy/actor/lib/test/Clock.tcl (RunTclFile)" time="0.104" />
  <testcase classname="ptolemy.util.test.junit.TclTests" name="[5] /home/travis/build/icyphy/ptII/ptolemy/actor/lib/test/Commutator.tcl (RunTclFile)" time="0.152" />
  <testcase classname="ptolemy.util.test.junit.TclTests" name="[6] /home/travis/build/icyphy/ptII/ptolemy/actor/lib/test/Const.tcl (RunTclFile)" time="0.079" />
  <testcase classname="ptolemy.util.test.junit.TclTests" name="[7] /home/travis/build/icyphy/ptII/ptolemy/actor/lib/test/CurrentTime.tcl (RunTclFile)" time="0.019" />
  <testcase classname="ptolemy.util.test.junit.TclTests" name="[8] /home/travis/build/icyphy/ptII/ptolemy/actor/lib/test/DB.tcl (RunTclFile)" time="0.031" />
  <testcase classname="ptolemy.util.test.junit.TclTests" name="[9] /home/travis/build/icyphy/ptII/ptolemy/actor/lib/test/DiscreteRandomSource.tcl (RunTclFile)" time="0.025" />
  <testcase classname="ptolemy.util.test.junit.TclTests" name="[10] /home/travis/build/icyphy/ptII/ptolemy/actor/lib/test/Distributor.tcl (RunTclFile)" time="0.07" />
  <testcase classname="ptolemy.util.test.junit.TclTests" name="[11] /home/travis/build/icyphy/ptII/ptolemy/actor/lib/test/Exit.tcl (RunTclFile)" time="0.113" />
  <testcase classname="ptolemy.util.test.junit.TclTests" name="[12] /home/travis/build/icyphy/ptII/ptolemy/actor/lib/test/Expression.tcl (RunTclFile)" time="0.077" />
  <testcase classname="ptolemy.util.test.junit.TclTests" name="[13] /home/travis/build/icyphy/ptII/ptolemy/actor/lib/test/Gaussian.tcl (RunTclFile)" time="0.472" />
  <testcase classname="ptolemy.util.test.junit.TclTests" name="[14] /home/travis/build/icyphy/ptII/ptolemy/actor/lib/test/IIR.tcl (RunTclFile)" time="0.05" />
  <testcase classname="ptolemy.util.test.junit.TclTests" name="[15] /home/travis/build/icyphy/ptII/ptolemy/actor/lib/test/Interpolator.tcl (RunTclFile)" time="0.067" />
  <testcase classname="ptolemy.util.test.junit.TclTests" name="[16] /home/travis/build/icyphy/ptII/ptolemy/actor/lib/test/MathFunction.tcl (RunTclFile)" time="0.039" />
  <testcase classname="ptolemy.util.test.junit.TclTests" name="[17] /home/travis/build/icyphy/ptII/ptolemy/actor/lib/test/Maximum.tcl (RunTclFile)" time="0.026" />
  <testcase classname="ptolemy.util.test.junit.TclTests" name="[18] /home/travis/build/icyphy/ptII/ptolemy/actor/lib/test/Minimum.tcl (RunTclFile)" time="0.034" />
  <testcase classname="ptolemy.util.test.junit.TclTests" name="[19] /home/travis/build/icyphy/ptII/ptolemy/actor/lib/test/MultiplyDivide.tcl (RunTclFile)" time="0.038" />
  <testcase classname="ptolemy.util.test.junit.TclTests" name="[20] /home/travis/build/icyphy/ptII/ptolemy/actor/lib/test/OrderedMerge.tcl (RunTclFile)" time="0.117" />
  <testcase classname="ptolemy.util.test.junit.TclTests" name="[21] /home/travis/build/icyphy/ptII/ptolemy/actor/lib/test/Publisher.tcl (RunTclFile)" time="0.751" />
  <testcase classname="ptolemy.util.test.junit.TclTests" name="[22] /home/travis/build/icyphy/ptII/ptolemy/actor/lib/test/Pulse.tcl (RunTclFile)" time="0.059" />
  <testcase classname="ptolemy.util.test.junit.TclTests" name="[23] /home/travis/build/icyphy/ptII/ptolemy/actor/lib/test/Ramp.tcl (RunTclFile)" time="1.828" />
  <testcase classname="ptolemy.util.test.junit.TclTests" name="[24] /home/travis/build/icyphy/ptII/ptolemy/actor/lib/test/RampContinuous.tcl (RunTclFile)" time="0.016" />
  <testcase classname="ptolemy.util.test.junit.TclTests" name="[25] /home/travis/build/icyphy/ptII/ptolemy/actor/lib/test/RecordAssembler.tcl (RunTclFile)" time="0.013" />
  <testcase classname="ptolemy.util.test.junit.TclTests" name="[26] /home/travis/build/icyphy/ptII/ptolemy/actor/lib/test/RecordDisassembler.tcl (RunTclFile)" time="0.015" />
  <testcase classname="ptolemy.util.test.junit.TclTests" name="[27] /home/travis/build/icyphy/ptII/ptolemy/actor/lib/test/Scale.tcl (RunTclFile)" time="0.014" />
  <testcase classname="ptolemy.util.test.junit.TclTests" name="[28] /home/travis/build/icyphy/ptII/ptolemy/actor/lib/test/SequentialClock.tcl (RunTclFile)" time="0.01" />
  <testcase classname="ptolemy.util.test.junit.TclTests" name="[29] /home/travis/build/icyphy/ptII/ptolemy/actor/lib/test/SetVariable.tcl (RunTclFile)" time="0.008" />
  <testcase classname="ptolemy.util.test.junit.TclTests" name="[30] /home/travis/build/icyphy/ptII/ptolemy/actor/lib/test/Sinewave.tcl (RunTclFile)" time="0.024" />
  <testcase classname="ptolemy.util.test.junit.TclTests" name="[31] /home/travis/build/icyphy/ptII/ptolemy/actor/lib/test/SubscriptionAggregator.tcl (RunTclFile)" time="2.124" />
  <testcase classname="ptolemy.util.test.junit.TclTests" name="[32] /home/travis/build/icyphy/ptII/ptolemy/actor/lib/test/Test.tcl (RunTclFile)" time="0.102" />
  <testcase classname="ptolemy.util.test.junit.TclTests" name="[33] /home/travis/build/icyphy/ptII/ptolemy/actor/lib/test/TestExceptionHandler.tcl (RunTclFile)" time="0.012" />
  <testcase classname="ptolemy.util.test.junit.TclTests" name="[34] /home/travis/build/icyphy/ptII/ptolemy/actor/lib/test/UnionDisassembler.tcl (RunTclFile)" time="0.06" />
  <testcase classname="ptolemy.util.test.junit.TclTests" name="[35] /home/travis/build/icyphy/ptII/ptolemy/actor/lib/test/VariableClock.tcl (RunTclFile)" time="0.026" />
  <testcase classname="ptolemy.util.test.junit.AutoKnownFailedTests" name="[0] /home/travis/build/icyphy/ptII/ptolemy/actor/lib/test/auto/knownFailedTests/PublisherPortToplevelSubscriber.xml (RunModel)" time="0.023" />
  <testcase classname="ptolemy.util.test.junit.AutoKnownFailedTests" name="[1] /home/travis/build/icyphy/ptII/ptolemy/actor/lib/test/auto/knownFailedTests/PublisherSubscriberPortToplevel.xml (RunModel)" time="0.018" />
  <testcase classname="ptolemy.util.test.junit.AutoKnownFailedTests" name="[2] /home/travis/build/icyphy/ptII/ptolemy/actor/lib/test/auto/knownFailedTests/PublisherSubscriptionAggregatorPort.xml (RunModel)" time="0.02" />
  <testcase classname="ptolemy.util.test.junit.AutoKnownFailedTests" name="[3] /home/travis/build/icyphy/ptII/ptolemy/actor/lib/test/auto/knownFailedTests/sizedarray3.xml (RunModel)" time="0.026" />
  <testcase classname="ptolemy.util.test.junit.AutoNameArchTests" name="[0] ThereAreNoAutoArchTests (RunModel)" time="0.001" />
  <testcase classname="ptolemy.util.test.junit.AutoTests" name="[0] /home/travis/build/icyphy/ptII/ptolemy/actor/lib/test/auto/AbsoluteValue.xml (RunModel)" time="0.071" />
  <testcase classname="ptolemy.util.test.junit.AutoTests" name="[1] /home/travis/build/icyphy/ptII/ptolemy/actor/lib/test/auto/AbsoluteValue2.xml (RunModel)" time="0.059" />
  <testcase classname="ptolemy.util.test.junit.AutoTests" name="[2] /home/travis/build/icyphy/ptII/ptolemy/actor/lib/test/auto/Accumulator.xml (RunModel)" time="0.056" />
  <testcase classname="ptolemy.util.test.junit.AutoTests" name="[3] /home/travis/build/icyphy/ptII/ptolemy/actor/lib/test/auto/Accumulator2.xml (RunModel)" time="0.041" />
  <testcase classname="ptolemy.util.test.junit.AutoTests" name="[4] /home/travis/build/icyphy/ptII/ptolemy/actor/lib/test/auto/Accumulator3.xml (RunModel)" time="0.095" />
  <testcase classname="ptolemy.util.test.junit.AutoTests" name="[5] /home/travis/build/icyphy/ptII/ptolemy/actor/lib/test/auto/ArrayAppend.xml (RunModel)" time="0.023" />
  <testcase classname="ptolemy.util.test.junit.AutoTests" name="[6] /home/travis/build/icyphy/ptII/ptolemy/actor/lib/test/auto/ArrayAppend2.xml (RunModel)" time="0.339" />
  <testcase classname="ptolemy.util.test.junit.AutoTests" name="[7] /home/travis/build/icyphy/ptII/ptolemy/actor/lib/test/auto/ArrayAppend3.xml (RunModel)" time="0.03" />
  <testcase classname="ptolemy.util.test.junit.AutoTests" name="[8] /home/travis/build/icyphy/ptII/ptolemy/actor/lib/test/auto/ArrayAppend4.xml (RunModel)" time="0.018" />
  <testcase classname="ptolemy.util.test.junit.AutoTests" name="[9] /home/travis/build/icyphy/ptII/ptolemy/actor/lib/test/auto/ArrayAppend5.xml (RunModel)" time="0.013" />
  <testcase classname="ptolemy.util.test.junit.AutoTests" name="[10] /home/travis/build/icyphy/ptII/ptolemy/actor/lib/test/auto/ArrayAppend6.xml (RunModel)" time="0.023" />
  <testcase classname="ptolemy.util.test.junit.AutoTests" name="[11] /home/travis/build/icyphy/ptII/ptolemy/actor/lib/test/auto/ArrayAppendPerformanceTest.xml (RunModel)" time="0.054" />
  <testcase classname="ptolemy.util.test.junit.AutoTests" name="[12] /home/travis/build/icyphy/ptII/ptolemy/actor/lib/test/auto/ArrayAppendWithEmptyInput.xml (RunModel)" time="0.029" />
  <testcase classname="ptolemy.util.test.junit.AutoTests" name="[13] /home/travis/build/icyphy/ptII/ptolemy/actor/lib/test/auto/ArrayAverage.xml (RunModel)" time="0.025" />
  <testcase classname="ptolemy.util.test.junit.AutoTests" name="[14] /home/travis/build/icyphy/ptII/ptolemy/actor/lib/test/auto/ArrayContains.xml (RunModel)" time="0.027" />
  <testcase classname="ptolemy.util.test.junit.AutoTests" name="[15] /home/travis/build/icyphy/ptII/ptolemy/actor/lib/test/auto/ArrayElement.xml (RunModel)" time="0.017" />
  <testcase classname="ptolemy.util.test.junit.AutoTests" name="[16] /home/travis/build/icyphy/ptII/ptolemy/actor/lib/test/auto/ArrayElementAsMatrix.xml (RunModel)" time="0.066" />
  <testcase classname="ptolemy.util.test.junit.AutoTests" name="[17] /home/travis/build/icyphy/ptII/ptolemy/actor/lib/test/auto/ArrayElementI.xml (RunModel)" time="0.017" />
  <testcase classname="ptolemy.util.test.junit.AutoTests" name="[18] /home/travis/build/icyphy/ptII/ptolemy/actor/lib/test/auto/ArrayExtract.xml (RunModel)" time="0.08" />
  <testcase classname="ptolemy.util.test.junit.AutoTests" name="[19] /home/travis/build/icyphy/ptII/ptolemy/actor/lib/test/auto/ArrayExtract2.xml (RunModel)" time="0.012" />
  <testcase classname="ptolemy.util.test.junit.AutoTests" name="[20] /home/travis/build/icyphy/ptII/ptolemy/actor/lib/test/auto/ArrayLength.xml (RunModel)" time="0.017" />
  <testcase classname="ptolemy.util.test.junit.AutoTests" name="[21] /home/travis/build/icyphy/ptII/ptolemy/actor/lib/test/auto/ArrayLevelCrossing.xml (RunModel)" time="0.024" />
  <testcase classname="ptolemy.util.test.junit.AutoTests" name="[22] /home/travis/build/icyphy/ptII/ptolemy/actor/lib/test/auto/ArrayLevelCrossing2.xml (RunModel)" time="0.02" />
  <testcase classname="ptolemy.util.test.junit.AutoTests" name="[23] /home/travis/build/icyphy/ptII/ptolemy/actor/lib/test/auto/ArrayPeakSearch.xml (RunModel)" time="0.025" />
  <testcase classname="ptolemy.util.test.junit.AutoTests" name="[24] /home/travis/build/icyphy/ptII/ptolemy/actor/lib/test/auto/ArrayPeakSearch2.xml (RunModel)" time="0.028" />
  <testcase classname="ptolemy.util.test.junit.AutoTests" name="[25] /home/travis/build/icyphy/ptII/ptolemy/actor/lib/test/auto/ArrayPeakSearch3.xml (RunModel)" time="0.028" />
  <testcase classname="ptolemy.util.test.junit.AutoTests" name="[26] /home/travis/build/icyphy/ptII/ptolemy/actor/lib/test/auto/ArrayRemoveElement.xml (RunModel)" time="0.023" />
  <testcase classname="ptolemy.util.test.junit.AutoTests" name="[27] /home/travis/build/icyphy/ptII/ptolemy/actor/lib/test/auto/ArraySort.xml (RunModel)" time="0.023" />
  <testcase classname="ptolemy.util.test.junit.AutoTests" name="[28] /home/travis/build/icyphy/ptII/ptolemy/actor/lib/test/auto/ArraySum.xml (RunModel)" time="0.012" />
  <testcase classname="ptolemy.util.test.junit.AutoTests" name="[29] /home/travis/build/icyphy/ptII/ptolemy/actor/lib/test/auto/ArrayToElements.xml (RunModel)" time="0.018" />
  <testcase classname="ptolemy.util.test.junit.AutoTests" name="[30] /home/travis/build/icyphy/ptII/ptolemy/actor/lib/test/auto/ArrayToMatrix.xml (RunModel)" time="0.06" />
  <testcase classname="ptolemy.util.test.junit.AutoTests" name="[31] /home/travis/build/icyphy/ptII/ptolemy/actor/lib/test/auto/ArrayUpdate1.xml (RunModel)" time="0.014" />
  <testcase classname="ptolemy.util.test.junit.AutoTests" name="[32] /home/travis/build/icyphy/ptII/ptolemy/actor/lib/test/auto/ArrayUpdate2.xml (RunModel)" time="0.024" />
  <testcase classname="ptolemy.util.test.junit.AutoTests" name="[33] /home/travis/build/icyphy/ptII/ptolemy/actor/lib/test/auto/ArrayUpdate3.xml (RunModel)" time="0.011" />
  <testcase classname="ptolemy.util.test.junit.AutoTests" name="[34] /home/travis/build/icyphy/ptII/ptolemy/actor/lib/test/auto/Assert1.xml (RunModel)" time="0.02" />
  <testcase classname="ptolemy.util.test.junit.AutoTests" name="[35] /home/travis/build/icyphy/ptII/ptolemy/actor/lib/test/auto/Assert2.xml (RunModel)" time="0.009" />
  <testcase classname="ptolemy.util.test.junit.AutoTests" name="[36] /home/travis/build/icyphy/ptII/ptolemy/actor/lib/test/auto/BooleanMultiplexor.xml (RunModel)" time="0.012" />
  <testcase classname="ptolemy.util.test.junit.AutoTests" name="[37] /home/travis/build/icyphy/ptII/ptolemy/actor/lib/test/auto/BooleanMultiplexor2.xml (RunModel)" time="0.012" />
  <testcase classname="ptolemy.util.test.junit.AutoTests" name="[38] /home/travis/build/icyphy/ptII/ptolemy/actor/lib/test/auto/BooleanMultiplexor3.xml (RunModel)" time="0.009" />
  <testcase classname="ptolemy.util.test.junit.AutoTests" name="[39] /home/travis/build/icyphy/ptII/ptolemy/actor/lib/test/auto/BooleanSelect.xml (RunModel)" time="0.019" />
  <testcase classname="ptolemy.util.test.junit.AutoTests" name="[40] /home/travis/build/icyphy/ptII/ptolemy/actor/lib/test/auto/BooleanSelect2.xml (RunModel)" time="0.017" />
  <testcase classname="ptolemy.util.test.junit.AutoTests" name="[41] /home/travis/build/icyphy/ptII/ptolemy/actor/lib/test/auto/BooleanSwitch.xml (RunModel)" time="0.017" />
  <testcase classname="ptolemy.util.test.junit.AutoTests" name="[42] /home/travis/build/icyphy/ptII/ptolemy/actor/lib/test/auto/BooleanSwitch2.xml (RunModel)" time="0.013" />
  <testcase classname="ptolemy.util.test.junit.AutoTests" name="[43] /home/travis/build/icyphy/ptII/ptolemy/actor/lib/test/auto/BooleanSwitchCloningBugWithClassRelationGroup.xml (RunModel)" time="0.021" />
  <testcase classname="ptolemy.util.test.junit.AutoTests" name="[44] /home/travis/build/icyphy/ptII/ptolemy/actor/lib/test/auto/BusActors.xml (RunModel)" time="0.061" />
  <testcase classname="ptolemy.util.test.junit.AutoTests" name="[45] /home/travis/build/icyphy/ptII/ptolemy/actor/lib/test/auto/ClassWrapper.xml (RunModel)" time="0.027" />
  <testcase classname="ptolemy.util.test.junit.AutoTests" name="[46] /home/travis/build/icyphy/ptII/ptolemy/actor/lib/test/auto/Clock.xml (RunModel)" time="0.011" />
  <testcase classname="ptolemy.util.test.junit.AutoTests" name="[47] /home/travis/build/icyphy/ptII/ptolemy/actor/lib/test/auto/Clock10.xml (RunModel)" time="0.025" />
  <testcase classname="ptolemy.util.test.junit.AutoTests" name="[48] /home/travis/build/icyphy/ptII/ptolemy/actor/lib/test/auto/Clock11.xml (RunModel)" time="0.017" />
  <testcase classname="ptolemy.util.test.junit.AutoTests" name="[49] /home/travis/build/icyphy/ptII/ptolemy/actor/lib/test/auto/Clock12.xml (RunModel)" time="0.015" />
  <testcase classname="ptolemy.util.test.junit.AutoTests" name="[50] /home/travis/build/icyphy/ptII/ptolemy/actor/lib/test/auto/Clock13.xml (RunModel)" time="0.013" />
  <testcase classname="ptolemy.util.test.junit.AutoTests" name="[51] /home/travis/build/icyphy/ptII/ptolemy/actor/lib/test/auto/Clock14.xml (RunModel)" time="0.017" />
  <testcase classname="ptolemy.util.test.junit.AutoTests" name="[52] /home/travis/build/icyphy/ptII/ptolemy/actor/lib/test/auto/Clock15.xml (RunModel)" time="0.009" />
  <testcase classname="ptolemy.util.test.junit.AutoTests" name="[53] /home/travis/build/icyphy/ptII/ptolemy/actor/lib/test/auto/Clock16.xml (RunModel)" time="0.075" />
  <testcase classname="ptolemy.util.test.junit.AutoTests" name="[54] /home/travis/build/icyphy/ptII/ptolemy/actor/lib/test/auto/Clock17.xml (RunModel)" time="0.06" />
  <testcase classname="ptolemy.util.test.junit.AutoTests" name="[55] /home/travis/build/icyphy/ptII/ptolemy/actor/lib/test/auto/Clock18.xml (RunModel)" time="0.048" />
  <testcase classname="ptolemy.util.test.junit.AutoTests" name="[56] /home/travis/build/icyphy/ptII/ptolemy/actor/lib/test/auto/Clock19.xml (RunModel)" time="0.03" />
  <testcase classname="ptolemy.util.test.junit.AutoTests" name="[57] /home/travis/build/icyphy/ptII/ptolemy/actor/lib/test/auto/Clock2.xml (RunModel)" time="0.011" />
  <testcase classname="ptolemy.util.test.junit.AutoTests" name="[58] /home/travis/build/icyphy/ptII/ptolemy/actor/lib/test/auto/Clock20.xml (RunModel)" time="0.016" />
  <testcase classname="ptolemy.util.test.junit.AutoTests" name="[59] /home/travis/build/icyphy/ptII/ptolemy/actor/lib/test/auto/Clock21.xml (RunModel)" time="0.019" />
  <testcase classname="ptolemy.util.test.junit.AutoTests" name="[60] /home/travis/build/icyphy/ptII/ptolemy/actor/lib/test/auto/Clock22.xml (RunModel)" time="0.011" />
  <testcase classname="ptolemy.util.test.junit.AutoTests" name="[61] /home/travis/build/icyphy/ptII/ptolemy/actor/lib/test/auto/Clock23.xml (RunModel)" time="0.016" />
  <testcase classname="ptolemy.util.test.junit.AutoTests" name="[62] /home/travis/build/icyphy/ptII/ptolemy/actor/lib/test/auto/Clock24.xml (RunModel)" time="0.012" />
  <testcase classname="ptolemy.util.test.junit.AutoTests" name="[63] /home/travis/build/icyphy/ptII/ptolemy/actor/lib/test/auto/Clock4.xml (RunModel)" time="0.01" />
  <testcase classname="ptolemy.util.test.junit.AutoTests" name="[64] /home/travis/build/icyphy/ptII/ptolemy/actor/lib/test/auto/Clock5.xml (RunModel)" time="0.012" />
  <testcase classname="ptolemy.util.test.junit.AutoTests" name="[65] /home/travis/build/icyphy/ptII/ptolemy/actor/lib/test/auto/Clock6.xml (RunModel)" time="0.007" />
  <testcase classname="ptolemy.util.test.junit.AutoTests" name="[66] /home/travis/build/icyphy/ptII/ptolemy/actor/lib/test/auto/Clock7.xml (RunModel)" time="0.006" />
  <testcase classname="ptolemy.util.test.junit.AutoTests" name="[67] /home/travis/build/icyphy/ptII/ptolemy/actor/lib/test/auto/Clock8.xml (RunModel)" time="0.008" />
  <testcase classname="ptolemy.util.test.junit.AutoTests" name="[68] /home/travis/build/icyphy/ptII/ptolemy/actor/lib/test/auto/Clock9.xml (RunModel)" time="0.01" />
  <testcase classname="ptolemy.util.test.junit.AutoTests" name="[69] /home/travis/build/icyphy/ptII/ptolemy/actor/lib/test/auto/CommDistDiscard.xml (RunModel)" time="0.02" />
  <testcase classname="ptolemy.util.test.junit.AutoTests" name="[70] /home/travis/build/icyphy/ptII/ptolemy/actor/lib/test/auto/Commutator.xml (RunModel)" time="0.011" />
  <testcase classname="ptolemy.util.test.junit.AutoTests" name="[71] /home/travis/build/icyphy/ptII/ptolemy/actor/lib/test/auto/Commutator2.xml (RunModel)" time="0.011" />
  <testcase classname="ptolemy.util.test.junit.AutoTests" name="[72] /home/travis/build/icyphy/ptII/ptolemy/actor/lib/test/auto/Commutator3.xml (RunModel)" time="0.012" />
  <testcase classname="ptolemy.util.test.junit.AutoTests" name="[73] /home/travis/build/icyphy/ptII/ptolemy/actor/lib/test/auto/Compare.xml (RunModel)" time="0.018" />
  <testcase classname="ptolemy.util.test.junit.AutoTests" name="[74] /home/travis/build/icyphy/ptII/ptolemy/actor/lib/test/auto/CompareDE.xml (RunModel)" time="0.017" />
  <testcase classname="ptolemy.util.test.junit.AutoTests" name="[75] /home/travis/build/icyphy/ptII/ptolemy/actor/lib/test/auto/ComplexDivide.xml (RunModel)" time="0.011" />
  <testcase classname="ptolemy.util.test.junit.AutoTests" name="[76] /home/travis/build/icyphy/ptII/ptolemy/actor/lib/test/auto/ComputeHistogram.xml (RunModel)" time="0.064" />
  <testcase classname="ptolemy.util.test.junit.AutoTests" name="[77] /home/travis/build/icyphy/ptII/ptolemy/actor/lib/test/auto/ConfigurationSelect.xml (RunModel)" time="0.021" />
  <testcase classname="ptolemy.util.test.junit.AutoTests" name="[78] /home/travis/build/icyphy/ptII/ptolemy/actor/lib/test/auto/ConfigurationSelect2.xml (RunModel)" time="0.015" />
  <testcase classname="ptolemy.util.test.junit.AutoTests" name="[79] /home/travis/build/icyphy/ptII/ptolemy/actor/lib/test/auto/ConfigurationSwitch.xml (RunModel)" time="0.021" />
  <testcase classname="ptolemy.util.test.junit.AutoTests" name="[80] /home/travis/build/icyphy/ptII/ptolemy/actor/lib/test/auto/ConfigurationSwitch2.xml (RunModel)" time="0.023" />
  <testcase classname="ptolemy.util.test.junit.AutoTests" name="[81] /home/travis/build/icyphy/ptII/ptolemy/actor/lib/test/auto/ConfigurationSwitchCloningBugWithClassRelationGroup.xml (RunModel)" time="0.02" />
  <testcase classname="ptolemy.util.test.junit.AutoTests" name="[82] /home/travis/build/icyphy/ptII/ptolemy/actor/lib/test/auto/ConfigurationSwitchSelectSDF.xml (RunModel)" time="0.019" />
  <testcase classname="ptolemy.util.test.junit.AutoTests" name="[83] /home/travis/build/icyphy/ptII/ptolemy/actor/lib/test/auto/ConfigurationSwitchSelectSDF2.xml (RunModel)" time="0.015" />
  <testcase classname="ptolemy.util.test.junit.AutoTests" name="[84] /home/travis/build/icyphy/ptII/ptolemy/actor/lib/test/auto/Const.xml (RunModel)" time="0.007" />
  <testcase classname="ptolemy.util.test.junit.AutoTests" name="[85] /home/travis/build/icyphy/ptII/ptolemy/actor/lib/test/auto/Const2.xml (RunModel)" time="0.01" />
  <testcase classname="ptolemy.util.test.junit.AutoTests" name="[86] /home/travis/build/icyphy/ptII/ptolemy/actor/lib/test/auto/Const3.xml (RunModel)" time="0.006" />
  <testcase classname="ptolemy.util.test.junit.AutoTests" name="[87] /home/travis/build/icyphy/ptII/ptolemy/actor/lib/test/auto/ConstantPublisherPort1.xml (RunModel)" time="0.026" />
  <testcase classname="ptolemy.util.test.junit.AutoTests" name="[88] /home/travis/build/icyphy/ptII/ptolemy/actor/lib/test/auto/ConstantPublisherPort2.xml (RunModel)" time="0.024" />
  <testcase classname="ptolemy.util.test.junit.AutoTests" name="[89] /home/travis/build/icyphy/ptII/ptolemy/actor/lib/test/auto/ConstantPublisherPort3.xml (RunModel)" time="0.021" />
  <testcase classname="ptolemy.util.test.junit.AutoTests" name="[90] /home/travis/build/icyphy/ptII/ptolemy/actor/lib/test/auto/ConstantPublisherPort4.xml (RunModel)" time="0.016" />
  <testcase classname="ptolemy.util.test.junit.AutoTests" name="[91] /home/travis/build/icyphy/ptII/ptolemy/actor/lib/test/auto/ConstantPublisherPort5.xml (RunModel)" time="0.055" />
  <testcase classname="ptolemy.util.test.junit.AutoTests" name="[92] /home/travis/build/icyphy/ptII/ptolemy/actor/lib/test/auto/ConstantPublisherPort6.xml (RunModel)" time="0.033" />
  <testcase classname="ptolemy.util.test.junit.AutoTests" name="[93] /home/travis/build/icyphy/ptII/ptolemy/actor/lib/test/auto/ConstantPublisherPort7.xml (RunModel)" time="0.034" />
  <testcase classname="ptolemy.util.test.junit.AutoTests" name="[94] /home/travis/build/icyphy/ptII/ptolemy/actor/lib/test/auto/ConstraintMonitor1.xml (RunModel)" time="0.048" />
  <testcase classname="ptolemy.util.test.junit.AutoTests" name="[95] /home/travis/build/icyphy/ptII/ptolemy/actor/lib/test/auto/ConstraintMonitor2.xml (RunModel)" time="0.011" />
  <testcase classname="ptolemy.util.test.junit.AutoTests" name="[96] /home/travis/build/icyphy/ptII/ptolemy/actor/lib/test/auto/ConstraintMonitor3.xml (RunModel)" time="0.013" />
  <testcase classname="ptolemy.util.test.junit.AutoTests" name="[97] /home/travis/build/icyphy/ptII/ptolemy/actor/lib/test/auto/ConstraintMonitor4.xml (RunModel)" time="0.013" />
  <testcase classname="ptolemy.util.test.junit.AutoTests" name="[98] /home/travis/build/icyphy/ptII/ptolemy/actor/lib/test/auto/ConstraintMonitor5.xml (RunModel)" time="0.012" />
  <testcase classname="ptolemy.util.test.junit.AutoTests" name="[99] /home/travis/build/icyphy/ptII/ptolemy/actor/lib/test/auto/ConstraintMonitor6.xml (RunModel)" time="0.026" />
  <testcase classname="ptolemy.util.test.junit.AutoTests" name="[100] /home/travis/build/icyphy/ptII/ptolemy/actor/lib/test/auto/ConstraintMonitor7.xml (RunModel)" time="0.016" />
  <testcase classname="ptolemy.util.test.junit.AutoTests" name="[101] /home/travis/build/icyphy/ptII/ptolemy/actor/lib/test/auto/ConstraintMonitor8.xml (RunModel)" time="0.021" />
  <testcase classname="ptolemy.util.test.junit.AutoTests" name="[102] /home/travis/build/icyphy/ptII/ptolemy/actor/lib/test/auto/Counter.xml (RunModel)" time="0.014" />
  <testcase classname="ptolemy.util.test.junit.AutoTests" name="[103] /home/travis/build/icyphy/ptII/ptolemy/actor/lib/test/auto/CurrentTimeSDF.xml (RunModel)" time="0.011" />
  <testcase classname="ptolemy.util.test.junit.AutoTests" name="[104] /home/travis/build/icyphy/ptII/ptolemy/actor/lib/test/auto/DB.xml (RunModel)" time="0.011" />
  <testcase classname="ptolemy.util.test.junit.AutoTests" name="[105] /home/travis/build/icyphy/ptII/ptolemy/actor/lib/test/auto/DBDE.xml (RunModel)" time="0.012" />
  <testcase classname="ptolemy.util.test.junit.AutoTests" name="[106] /home/travis/build/icyphy/ptII/ptolemy/actor/lib/test/auto/DateConstructor.xml (RunModel)" time="0.063" />
  <testcase classname="ptolemy.util.test.junit.AutoTests" name="[107] /home/travis/build/icyphy/ptII/ptolemy/actor/lib/test/auto/DelayTime.xml (RunModel)" time="0.018" />
  <testcase classname="ptolemy.util.test.junit.AutoTests" name="[108] /home/travis/build/icyphy/ptII/ptolemy/actor/lib/test/auto/Dictionary1.xml (RunModel)" time="0.013" />
  <testcase classname="ptolemy.util.test.junit.AutoTests" name="[109] /home/travis/build/icyphy/ptII/ptolemy/actor/lib/test/auto/Dictionary2.xml (RunModel)" time="0.011" />
  <testcase classname="ptolemy.util.test.junit.AutoTests" name="[110] /home/travis/build/icyphy/ptII/ptolemy/actor/lib/test/auto/Dictionary3.xml (RunModel)" time="0.01" />
  <testcase classname="ptolemy.util.test.junit.AutoTests" name="[111] /home/travis/build/icyphy/ptII/ptolemy/actor/lib/test/auto/Dictionary4.xml (RunModel)" time="0.013" />
  <testcase classname="ptolemy.util.test.junit.AutoTests" name="[112] /home/travis/build/icyphy/ptII/ptolemy/actor/lib/test/auto/Differential.xml (RunModel)" time="0.009" />
  <testcase classname="ptolemy.util.test.junit.AutoTests" name="[113] /home/travis/build/icyphy/ptII/ptolemy/actor/lib/test/auto/Director.xml (RunModel)" time="0.014" />
  <testcase classname="ptolemy.util.test.junit.AutoTests" name="[114] /home/travis/build/icyphy/ptII/ptolemy/actor/lib/test/auto/DiscreteClock.xml (RunModel)" time="0.006" />
  <testcase classname="ptolemy.util.test.junit.AutoTests" name="[115] /home/travis/build/icyphy/ptII/ptolemy/actor/lib/test/auto/DiscreteClock10.xml (RunModel)" time="0.011" />
  <testcase classname="ptolemy.util.test.junit.AutoTests" name="[116] /home/travis/build/icyphy/ptII/ptolemy/actor/lib/test/auto/DiscreteClock11.xml (RunModel)" time="0.009" />
  <testcase classname="ptolemy.util.test.junit.AutoTests" name="[117] /home/travis/build/icyphy/ptII/ptolemy/actor/lib/test/auto/DiscreteClock12.xml (RunModel)" time="0.011" />
  <testcase classname="ptolemy.util.test.junit.AutoTests" name="[118] /home/travis/build/icyphy/ptII/ptolemy/actor/lib/test/auto/DiscreteClock13.xml (RunModel)" time="0.011" />
  <testcase classname="ptolemy.util.test.junit.AutoTests" name="[119] /home/travis/build/icyphy/ptII/ptolemy/actor/lib/test/auto/DiscreteClock14.xml (RunModel)" time="0.01" />
  <testcase classname="ptolemy.util.test.junit.AutoTests" name="[120] /home/travis/build/icyphy/ptII/ptolemy/actor/lib/test/auto/DiscreteClock15.xml (RunModel)" time="0.012" />
  <testcase classname="ptolemy.util.test.junit.AutoTests" name="[121] /home/travis/build/icyphy/ptII/ptolemy/actor/lib/test/auto/DiscreteClock16.xml (RunModel)" time="0.037" />
  <testcase classname="ptolemy.util.test.junit.AutoTests" name="[122] /home/travis/build/icyphy/ptII/ptolemy/actor/lib/test/auto/DiscreteClock17.xml (RunModel)" time="0.032" />
  <testcase classname="ptolemy.util.test.junit.AutoTests" name="[123] /home/travis/build/icyphy/ptII/ptolemy/actor/lib/test/auto/DiscreteClock18.xml (RunModel)" time="0.032" />
  <testcase classname="ptolemy.util.test.junit.AutoTests" name="[124] /home/travis/build/icyphy/ptII/ptolemy/actor/lib/test/auto/DiscreteClock19.xml (RunModel)" time="0.03" />
  <testcase classname="ptolemy.util.test.junit.AutoTests" name="[125] /home/travis/build/icyphy/ptII/ptolemy/actor/lib/test/auto/DiscreteClock2.xml (RunModel)" time="0.007" />
  <testcase classname="ptolemy.util.test.junit.AutoTests" name="[126] /home/travis/build/icyphy/ptII/ptolemy/actor/lib/test/auto/DiscreteClock20.xml (RunModel)" time="0.013" />
  <testcase classname="ptolemy.util.test.junit.AutoTests" name="[127] /home/travis/build/icyphy/ptII/ptolemy/actor/lib/test/auto/DiscreteClock21.xml (RunModel)" time="0.013" />
  <testcase classname="ptolemy.util.test.junit.AutoTests" name="[128] /home/travis/build/icyphy/ptII/ptolemy/actor/lib/test/auto/DiscreteClock22.xml (RunModel)" time="0.009" />
  <testcase classname="ptolemy.util.test.junit.AutoTests" name="[129] /home/travis/build/icyphy/ptII/ptolemy/actor/lib/test/auto/DiscreteClock23.xml (RunModel)" time="0.012" />
  <testcase classname="ptolemy.util.test.junit.AutoTests" name="[130] /home/travis/build/icyphy/ptII/ptolemy/actor/lib/test/auto/DiscreteClock24.xml (RunModel)" time="0.013" />
  <testcase classname="ptolemy.util.test.junit.AutoTests" name="[131] /home/travis/build/icyphy/ptII/ptolemy/actor/lib/test/auto/DiscreteClock4.xml (RunModel)" time="0.008" />
  <testcase classname="ptolemy.util.test.junit.AutoTests" name="[132] /home/travis/build/icyphy/ptII/ptolemy/actor/lib/test/auto/DiscreteClock5.xml (RunModel)" time="0.008" />
  <testcase classname="ptolemy.util.test.junit.AutoTests" name="[133] /home/travis/build/icyphy/ptII/ptolemy/actor/lib/test/auto/DiscreteClock6.xml (RunModel)" time="0.007" />
  <testcase classname="ptolemy.util.test.junit.AutoTests" name="[134] /home/travis/build/icyphy/ptII/ptolemy/actor/lib/test/auto/DiscreteClock7.xml (RunModel)" time="0.006" />
  <testcase classname="ptolemy.util.test.junit.AutoTests" name="[135] /home/travis/build/icyphy/ptII/ptolemy/actor/lib/test/auto/DiscreteClock8.xml (RunModel)" time="0.014" />
  <testcase classname="ptolemy.util.test.junit.AutoTests" name="[136] /home/travis/build/icyphy/ptII/ptolemy/actor/lib/test/auto/DiscreteClock9.xml (RunModel)" time="0.015" />
  <testcase classname="ptolemy.util.test.junit.AutoTests" name="[137] /home/travis/build/icyphy/ptII/ptolemy/actor/lib/test/auto/DisplayArray.xml (RunModel)" time="0.007" />
  <testcase classname="ptolemy.util.test.junit.AutoTests" name="[138] /home/travis/build/icyphy/ptII/ptolemy/actor/lib/test/auto/Distributor.xml (RunModel)" time="0.007" />
  <testcase classname="ptolemy.util.test.junit.AutoTests" name="[139] /home/travis/build/icyphy/ptII/ptolemy/actor/lib/test/auto/Distributor2.xml (RunModel)" time="0.008" />
  <testcase classname="ptolemy.util.test.junit.AutoTests" name="[140] /home/travis/build/icyphy/ptII/ptolemy/actor/lib/test/auto/DownSample.xml (RunModel)" time="0.011" />
  <testcase classname="ptolemy.util.test.junit.AutoTests" name="[141] /home/travis/build/icyphy/ptII/ptolemy/actor/lib/test/auto/ElectronicUnitBase1.xml (RunModel)" time="0.05" />
  <testcase classname="ptolemy.util.test.junit.AutoTests" name="[142] /home/travis/build/icyphy/ptII/ptolemy/actor/lib/test/auto/ElementsToArray.xml (RunModel)" time="0.011" />
  <testcase classname="ptolemy.util.test.junit.AutoTests" name="[143] /home/travis/build/icyphy/ptII/ptolemy/actor/lib/test/auto/Equals.xml (RunModel)" time="0.013" />
  <testcase classname="ptolemy.util.test.junit.AutoTests" name="[144] /home/travis/build/icyphy/ptII/ptolemy/actor/lib/test/auto/Exec.xml (RunModel)" time="0.03" />
  <testcase classname="ptolemy.util.test.junit.AutoTests" name="[145] /home/travis/build/icyphy/ptII/ptolemy/actor/lib/test/auto/ExecEnvironment.xml (RunModel)" time="0.045" />
  <testcase classname="ptolemy.util.test.junit.AutoTests" name="[146] /home/travis/build/icyphy/ptII/ptolemy/actor/lib/test/auto/ExecNonZeroReturnOutput.xml (RunModel)" time="0.199" />
  <testcase classname="ptolemy.util.test.junit.AutoTests" name="[147] /home/travis/build/icyphy/ptII/ptolemy/actor/lib/test/auto/ExecRunDemos.xml (RunModel)" time="10.03" />
  <testcase classname="ptolemy.util.test.junit.AutoTests" name="[148] /home/travis/build/icyphy/ptII/ptolemy/actor/lib/test/auto/ExecStop.xml (RunModel)" time="5.029" />
  <testcase classname="ptolemy.util.test.junit.AutoTests" name="[149] /home/travis/build/icyphy/ptII/ptolemy/actor/lib/test/auto/ExecutionTimeSDF.xml (RunModel)" time="6.032" />
  <testcase classname="ptolemy.util.test.junit.AutoTests" name="[150] /home/travis/build/icyphy/ptII/ptolemy/actor/lib/test/auto/Expression1.xml (RunModel)" time="0.01" />
  <testcase classname="ptolemy.util.test.junit.AutoTests" name="[151] /home/travis/build/icyphy/ptII/ptolemy/actor/lib/test/auto/Expression10.xml (RunModel)" time="0.014" />
  <testcase classname="ptolemy.util.test.junit.AutoTests" name="[152] /home/travis/build/icyphy/ptII/ptolemy/actor/lib/test/auto/Expression11.xml (RunModel)" time="0.009" />
  <testcase classname="ptolemy.util.test.junit.AutoTests" name="[153] /home/travis/build/icyphy/ptII/ptolemy/actor/lib/test/auto/Expression12.xml (RunModel)" time="0.013" />
  <testcase classname="ptolemy.util.test.junit.AutoTests" name="[154] /home/travis/build/icyphy/ptII/ptolemy/actor/lib/test/auto/Expression13.xml (RunModel)" time="0.009" />
  <testcase classname="ptolemy.util.test.junit.AutoTests" name="[155] /home/travis/build/icyphy/ptII/ptolemy/actor/lib/test/auto/Expression14.xml (RunModel)" time="0.017" />
  <testcase classname="ptolemy.util.test.junit.AutoTests" name="[156] /home/travis/build/icyphy/ptII/ptolemy/actor/lib/test/auto/Expression15.xml (RunModel)" time="0.006" />
  <testcase classname="ptolemy.util.test.junit.AutoTests" name="[157] /home/travis/build/icyphy/ptII/ptolemy/actor/lib/test/auto/Expression16.xml (RunModel)" time="0.01" />
  <testcase classname="ptolemy.util.test.junit.AutoTests" name="[158] /home/travis/build/icyphy/ptII/ptolemy/actor/lib/test/auto/Expression17.xml (RunModel)" time="0.011" />
  <testcase classname="ptolemy.util.test.junit.AutoTests" name="[159] /home/travis/build/icyphy/ptII/ptolemy/actor/lib/test/auto/Expression18.xml (RunModel)" time="0.01" />
  <testcase classname="ptolemy.util.test.junit.AutoTests" name="[160] /home/travis/build/icyphy/ptII/ptolemy/actor/lib/test/auto/Expression2.xml (RunModel)" time="0.012" />
  <testcase classname="ptolemy.util.test.junit.AutoTests" name="[161] /home/travis/build/icyphy/ptII/ptolemy/actor/lib/test/auto/Expression3.xml (RunModel)" time="0.011" />
  <testcase classname="ptolemy.util.test.junit.AutoTests" name="[162] /home/travis/build/icyphy/ptII/ptolemy/actor/lib/test/auto/Expression4.xml (RunModel)" time="0.014" />
  <testcase classname="ptolemy.util.test.junit.AutoTests" name="[163] /home/travis/build/icyphy/ptII/ptolemy/actor/lib/test/auto/Expression5.xml (RunModel)" time="0.011" />
  <testcase classname="ptolemy.util.test.junit.AutoTests" name="[164] /home/travis/build/icyphy/ptII/ptolemy/actor/lib/test/auto/Expression6.xml (RunModel)" time="0.008" />
  <testcase classname="ptolemy.util.test.junit.AutoTests" name="[165] /home/travis/build/icyphy/ptII/ptolemy/actor/lib/test/auto/Expression7.xml (RunModel)" time="0.014" />
  <testcase classname="ptolemy.util.test.junit.AutoTests" name="[166] /home/travis/build/icyphy/ptII/ptolemy/actor/lib/test/auto/Expression8.xml (RunModel)" time="0.014" />
  <testcase classname="ptolemy.util.test.junit.AutoTests" name="[167] /home/travis/build/icyphy/ptII/ptolemy/actor/lib/test/auto/Expression9.xml (RunModel)" time="0.006" />
  <testcase classname="ptolemy.util.test.junit.AutoTests" name="[168] /home/travis/build/icyphy/ptII/ptolemy/actor/lib/test/auto/ExpressionConcatenateArrayType.xml (RunModel)" time="0.028" />
  <testcase classname="ptolemy.util.test.junit.AutoTests" name="[169] /home/travis/build/icyphy/ptII/ptolemy/actor/lib/test/auto/ExpressionConcatenateArrayType2.xml (RunModel)" time="0.023" />
  <testcase classname="ptolemy.util.test.junit.AutoTests" name="[170] /home/travis/build/icyphy/ptII/ptolemy/actor/lib/test/auto/ExpressionFix.xml (RunModel)" time="0.043" />
  <testcase classname="ptolemy.util.test.junit.AutoTests" name="[171] /home/travis/build/icyphy/ptII/ptolemy/actor/lib/test/auto/ExpressionFix2.xml (RunModel)" time="0.012" />
  <testcase classname="ptolemy.util.test.junit.AutoTests" name="[172] /home/travis/build/icyphy/ptII/ptolemy/actor/lib/test/auto/ExpressionFix3.xml (RunModel)" time="0.012" />
  <testcase classname="ptolemy.util.test.junit.AutoTests" name="[173] /home/travis/build/icyphy/ptII/ptolemy/actor/lib/test/auto/FileWriter1.xml (RunModel)" time="0.012" />
  <testcase classname="ptolemy.util.test.junit.AutoTests" name="[174] /home/travis/build/icyphy/ptII/ptolemy/actor/lib/test/auto/FileWriter2.xml (RunModel)" time="0.008" />
  <testcase classname="ptolemy.util.test.junit.AutoTests" name="[175] /home/travis/build/icyphy/ptII/ptolemy/actor/lib/test/auto/FileWriter3.xml (RunModel)" time="0.012" />
  <testcase classname="ptolemy.util.test.junit.AutoTests" name="[176] /home/travis/build/icyphy/ptII/ptolemy/actor/lib/test/auto/Gaussian.xml (RunModel)" time="0.013" />
  <testcase classname="ptolemy.util.test.junit.AutoTests" name="[177] /home/travis/build/icyphy/ptII/ptolemy/actor/lib/test/auto/Gaussian1.xml (RunModel)" time="0.015" />
  <testcase classname="ptolemy.util.test.junit.AutoTests" name="[178] /home/travis/build/icyphy/ptII/ptolemy/actor/lib/test/auto/Gaussian2.xml (RunModel)" time="0.023" />
  <testcase classname="ptolemy.util.test.junit.AutoTests" name="[179] /home/travis/build/icyphy/ptII/ptolemy/actor/lib/test/auto/GradientAdaptiveLattice.xml (RunModel)" time="0.016" />
  <testcase classname="ptolemy.util.test.junit.AutoTests" name="[180] /home/travis/build/icyphy/ptII/ptolemy/actor/lib/test/auto/IIR.xml (RunModel)" time="0.01" />
  <testcase classname="ptolemy.util.test.junit.AutoTests" name="[181] /home/travis/build/icyphy/ptII/ptolemy/actor/lib/test/auto/InputOutputTransparentPorts.xml (RunModel)" time="0.022" />
  <testcase classname="ptolemy.util.test.junit.AutoTests" name="[182] /home/travis/build/icyphy/ptII/ptolemy/actor/lib/test/auto/Interpolator.xml (RunModel)" time="0.012" />
  <testcase classname="ptolemy.util.test.junit.AutoTests" name="[183] /home/travis/build/icyphy/ptII/ptolemy/actor/lib/test/auto/InterpolatorFiringLimitDE.xml (RunModel)" time="0.014" />
  <testcase classname="ptolemy.util.test.junit.AutoTests" name="[184] /home/travis/build/icyphy/ptII/ptolemy/actor/lib/test/auto/Lattice.xml (RunModel)" time="0.007" />
  <testcase classname="ptolemy.util.test.junit.AutoTests" name="[185] /home/travis/build/icyphy/ptII/ptolemy/actor/lib/test/auto/LazyAOCTestLazy.xml (RunModel)" time="0.025" />
  <testcase classname="ptolemy.util.test.junit.AutoTests" name="[186] /home/travis/build/icyphy/ptII/ptolemy/actor/lib/test/auto/LazyAOCTestNonLazy.xml (RunModel)" time="0.042" />
  <testcase classname="ptolemy.util.test.junit.AutoTests" name="[187] /home/travis/build/icyphy/ptII/ptolemy/actor/lib/test/auto/LazyInnerClass.xml (RunModel)" time="0.04" />
  <testcase classname="ptolemy.util.test.junit.AutoTests" name="[188] /home/travis/build/icyphy/ptII/ptolemy/actor/lib/test/auto/LazyPubSub.xml (RunModel)" time="0.028" />
  <testcase classname="ptolemy.util.test.junit.AutoTests" name="[189] /home/travis/build/icyphy/ptII/ptolemy/actor/lib/test/auto/LazyPubSub2.xml (RunModel)" time="0.059" />
  <testcase classname="ptolemy.util.test.junit.AutoTests" name="[190] /home/travis/build/icyphy/ptII/ptolemy/actor/lib/test/auto/LazyPubSub3.xml (RunModel)" time="0.022" />
  <testcase classname="ptolemy.util.test.junit.AutoTests" name="[191] /home/travis/build/icyphy/ptII/ptolemy/actor/lib/test/auto/LazySubClassModel.xml (RunModel)" time="0.018" />
  <testcase classname="ptolemy.util.test.junit.AutoTests" name="[192] /home/travis/build/icyphy/ptII/ptolemy/actor/lib/test/auto/LevelCrossTest1.xml (RunModel)" time="0.008" />
  <testcase classname="ptolemy.util.test.junit.AutoTests" name="[193] /home/travis/build/icyphy/ptII/ptolemy/actor/lib/test/auto/LevelCrossTest10.xml (RunModel)" time="0.012" />
  <testcase classname="ptolemy.util.test.junit.AutoTests" name="[194] /home/travis/build/icyphy/ptII/ptolemy/actor/lib/test/auto/LevelCrossTest11.xml (RunModel)" time="0.01" />
  <testcase classname="ptolemy.util.test.junit.AutoTests" name="[195] /home/travis/build/icyphy/ptII/ptolemy/actor/lib/test/auto/LevelCrossTest12.xml (RunModel)" time="0.011" />
  <testcase classname="ptolemy.util.test.junit.AutoTests" name="[196] /home/travis/build/icyphy/ptII/ptolemy/actor/lib/test/auto/LevelCrossTest13.xml (RunModel)" time="0.011" />
  <testcase classname="ptolemy.util.test.junit.AutoTests" name="[197] /home/travis/build/icyphy/ptII/ptolemy/actor/lib/test/auto/LevelCrossTest2.xml (RunModel)" time="0.008" />
  <testcase classname="ptolemy.util.test.junit.AutoTests" name="[198] /home/travis/build/icyphy/ptII/ptolemy/actor/lib/test/auto/LevelCrossTest3.xml (RunModel)" time="0.044" />
  <testcase classname="ptolemy.util.test.junit.AutoTests" name="[199] /home/travis/build/icyphy/ptII/ptolemy/actor/lib/test/auto/LevelCrossTest4.xml (RunModel)" time="0.009" />
  <testcase classname="ptolemy.util.test.junit.AutoTests" name="[200] /home/travis/build/icyphy/ptII/ptolemy/actor/lib/test/auto/LevelCrossTest5.xml (RunModel)" time="0.015" />
  <testcase classname="ptolemy.util.test.junit.AutoTests" name="[201] /home/travis/build/icyphy/ptII/ptolemy/actor/lib/test/auto/LevelCrossTest6.xml (RunModel)" time="0.01" />
  <testcase classname="ptolemy.util.test.junit.AutoTests" name="[202] /home/travis/build/icyphy/ptII/ptolemy/actor/lib/test/auto/LevelCrossTest7.xml (RunModel)" time="0.017" />
  <testcase classname="ptolemy.util.test.junit.AutoTests" name="[203] /home/travis/build/icyphy/ptII/ptolemy/actor/lib/test/auto/LevelCrossTest8.xml (RunModel)" time="0.01" />
  <testcase classname="ptolemy.util.test.junit.AutoTests" name="[204] /home/travis/build/icyphy/ptII/ptolemy/actor/lib/test/auto/LevelCrossTest9.xml (RunModel)" time="0.01" />
  <testcase classname="ptolemy.util.test.junit.AutoTests" name="[205] /home/travis/build/icyphy/ptII/ptolemy/actor/lib/test/auto/LevinsonDurbin.xml (RunModel)" time="0.017" />
  <testcase classname="ptolemy.util.test.junit.AutoTests" name="[206] /home/travis/build/icyphy/ptII/ptolemy/actor/lib/test/auto/LevinsonDurbin2.xml (RunModel)" time="0.012" />
  <testcase classname="ptolemy.util.test.junit.AutoTests" name="[207] /home/travis/build/icyphy/ptII/ptolemy/actor/lib/test/auto/LevinsonDurbin3.xml (RunModel)" time="0.008" />
  <testcase classname="ptolemy.util.test.junit.AutoTests" name="[208] /home/travis/build/icyphy/ptII/ptolemy/actor/lib/test/auto/Limiter.xml (RunModel)" time="0.032" />
  <testcase classname="ptolemy.util.test.junit.AutoTests" name="[209] /home/travis/build/icyphy/ptII/ptolemy/actor/lib/test/auto/LinearDifferenceEquationSystem.xml (RunModel)" time="0.023" />
  <testcase classname="ptolemy.util.test.junit.AutoTests" name="[210] /home/travis/build/icyphy/ptII/ptolemy/actor/lib/test/auto/LookupTable.xml (RunModel)" time="0.009" />
  <testcase classname="ptolemy.util.test.junit.AutoTests" name="[211] /home/travis/build/icyphy/ptII/ptolemy/actor/lib/test/auto/MathFunction.xml (RunModel)" time="0.016" />
  <testcase classname="ptolemy.util.test.junit.AutoTests" name="[212] /home/travis/build/icyphy/ptII/ptolemy/actor/lib/test/auto/MathFunction2.xml (RunModel)" time="0.007" />
  <testcase classname="ptolemy.util.test.junit.AutoTests" name="[213] /home/travis/build/icyphy/ptII/ptolemy/actor/lib/test/auto/MathFunction3.xml (RunModel)" time="0.013" />
  <testcase classname="ptolemy.util.test.junit.AutoTests" name="[214] /home/travis/build/icyphy/ptII/ptolemy/actor/lib/test/auto/MatrixCropBoolean.xml (RunModel)" time="0.011" />
  <testcase classname="ptolemy.util.test.junit.AutoTests" name="[215] /home/travis/build/icyphy/ptII/ptolemy/actor/lib/test/auto/MatrixCropComplex.xml (RunModel)" time="0.008" />
  <testcase classname="ptolemy.util.test.junit.AutoTests" name="[216] /home/travis/build/icyphy/ptII/ptolemy/actor/lib/test/auto/MatrixCropDouble.xml (RunModel)" time="0.008" />
  <testcase classname="ptolemy.util.test.junit.AutoTests" name="[217] /home/travis/build/icyphy/ptII/ptolemy/actor/lib/test/auto/MatrixCropFix.xml (RunModel)" time="0.009" />
  <testcase classname="ptolemy.util.test.junit.AutoTests" name="[218] /home/travis/build/icyphy/ptII/ptolemy/actor/lib/test/auto/MatrixCropInt.xml (RunModel)" time="0.009" />
  <testcase classname="ptolemy.util.test.junit.AutoTests" name="[219] /home/travis/build/icyphy/ptII/ptolemy/actor/lib/test/auto/MatrixCropLong.xml (RunModel)" time="0.007" />
  <testcase classname="ptolemy.util.test.junit.AutoTests" name="[220] /home/travis/build/icyphy/ptII/ptolemy/actor/lib/test/auto/MatrixToArray.xml (RunModel)" time="0.044" />
  <testcase classname="ptolemy.util.test.junit.AutoTests" name="[221] /home/travis/build/icyphy/ptII/ptolemy/actor/lib/test/auto/MaxIndex.xml (RunModel)" time="0.011" />
  <testcase classname="ptolemy.util.test.junit.AutoTests" name="[222] /home/travis/build/icyphy/ptII/ptolemy/actor/lib/test/auto/Maximum.xml (RunModel)" time="0.014" />
  <testcase classname="ptolemy.util.test.junit.AutoTests" name="[223] /home/travis/build/icyphy/ptII/ptolemy/actor/lib/test/auto/MaximumComplex.xml (RunModel)" time="0.012" />
  <testcase classname="ptolemy.util.test.junit.AutoTests" name="[224] /home/travis/build/icyphy/ptII/ptolemy/actor/lib/test/auto/MethodCallTest.xml (RunModel)" time="0.018" />
  <testcase classname="ptolemy.util.test.junit.AutoTests" name="[225] /home/travis/build/icyphy/ptII/ptolemy/actor/lib/test/auto/Minimum.xml (RunModel)" time="0.011" />
  <testcase classname="ptolemy.util.test.junit.AutoTests" name="[226] /home/travis/build/icyphy/ptII/ptolemy/actor/lib/test/auto/MinimumComplex.xml (RunModel)" time="0.022" />
  <testcase classname="ptolemy.util.test.junit.AutoTests" name="[227] /home/travis/build/icyphy/ptII/ptolemy/actor/lib/test/auto/MinimumMultiports.xml (RunModel)" time="0.014" />
  <testcase classname="ptolemy.util.test.junit.AutoTests" name="[228] /home/travis/build/icyphy/ptII/ptolemy/actor/lib/test/auto/ModifyDate.xml (RunModel)" time="0.04" />
  <testcase classname="ptolemy.util.test.junit.AutoTests" name="[229] /home/travis/build/icyphy/ptII/ptolemy/actor/lib/test/auto/ModifyDate2.xml (RunModel)" time="0.029" />
  <testcase classname="ptolemy.util.test.junit.AutoTests" name="[230] /home/travis/build/icyphy/ptII/ptolemy/actor/lib/test/auto/MovingAverage.xml (RunModel)" time="0.011" />
  <testcase classname="ptolemy.util.test.junit.AutoTests" name="[231] /home/travis/build/icyphy/ptII/ptolemy/actor/lib/test/auto/MovingMaximum.xml (RunModel)" time="0.01" />
  <testcase classname="ptolemy.util.test.junit.AutoTests" name="[232] /home/travis/build/icyphy/ptII/ptolemy/actor/lib/test/auto/MultipleLinksToSameRelation.xml (RunModel)" time="0.006" />
  <testcase classname="ptolemy.util.test.junit.AutoTests" name="[233] /home/travis/build/icyphy/ptII/ptolemy/actor/lib/test/auto/MultipleLinksToSameRelationDE.xml (RunModel)" time="0.015" />
  <testcase classname="ptolemy.util.test.junit.AutoTests" name="[234] /home/travis/build/icyphy/ptII/ptolemy/actor/lib/test/auto/Multiplexor.xml (RunModel)" time="0.009" />
  <testcase classname="ptolemy.util.test.junit.AutoTests" name="[235] /home/travis/build/icyphy/ptII/ptolemy/actor/lib/test/auto/Multiplexor1.xml (RunModel)" time="0.01" />
  <testcase classname="ptolemy.util.test.junit.AutoTests" name="[236] /home/travis/build/icyphy/ptII/ptolemy/actor/lib/test/auto/Multiplexor2.xml (RunModel)" time="0.016" />
  <testcase classname="ptolemy.util.test.junit.AutoTests" name="[237] /home/travis/build/icyphy/ptII/ptolemy/actor/lib/test/auto/Multiplexor3.xml (RunModel)" time="0.007" />
  <testcase classname="ptolemy.util.test.junit.AutoTests" name="[238] /home/travis/build/icyphy/ptII/ptolemy/actor/lib/test/auto/MultiplexorDE.xml (RunModel)" time="0.013" />
  <testcase classname="ptolemy.util.test.junit.AutoTests" name="[239] /home/travis/build/icyphy/ptII/ptolemy/actor/lib/test/auto/MultiportBroadcastTest.xml (RunModel)" time="0.091" />
  <testcase classname="ptolemy.util.test.junit.AutoTests" name="[240] /home/travis/build/icyphy/ptII/ptolemy/actor/lib/test/auto/MultiportOutHangDuringGetWidth.xml (RunModel)" time="0.03" />
  <testcase classname="ptolemy.util.test.junit.AutoTests" name="[241] /home/travis/build/icyphy/ptII/ptolemy/actor/lib/test/auto/NilToken.xml (RunModel)" time="0.009" />
  <testcase classname="ptolemy.util.test.junit.AutoTests" name="[242] /home/travis/build/icyphy/ptII/ptolemy/actor/lib/test/auto/NilTokenNonStrictTest.xml (RunModel)" time="0.008" />
  <testcase classname="ptolemy.util.test.junit.AutoTests" name="[243] /home/travis/build/icyphy/ptII/ptolemy/actor/lib/test/auto/NilTokenRecord.xml (RunModel)" time="0.019" />
  <testcase classname="ptolemy.util.test.junit.AutoTests" name="[244] /home/travis/build/icyphy/ptII/ptolemy/actor/lib/test/auto/NilTokenTypeTest.xml (RunModel)" time="0.027" />
  <testcase classname="ptolemy.util.test.junit.AutoTests" name="[245] /home/travis/build/icyphy/ptII/ptolemy/actor/lib/test/auto/ObjectToken1.xml (RunModel)" time="0.006" />
  <testcase classname="ptolemy.util.test.junit.AutoTests" name="[246] /home/travis/build/icyphy/ptII/ptolemy/actor/lib/test/auto/OrderedMerge.xml (RunModel)" time="0.017" />
  <testcase classname="ptolemy.util.test.junit.AutoTests" name="[247] /home/travis/build/icyphy/ptII/ptolemy/actor/lib/test/auto/OrderedRecordDisassembler.xml (RunModel)" time="0.013" />
  <testcase classname="ptolemy.util.test.junit.AutoTests" name="[248] /home/travis/build/icyphy/ptII/ptolemy/actor/lib/test/auto/OrderedRecordDisassembler2.xml (RunModel)" time="0.016" />
  <testcase classname="ptolemy.util.test.junit.AutoTests" name="[249] /home/travis/build/icyphy/ptII/ptolemy/actor/lib/test/auto/OrderedRecordUpdater.xml (RunModel)" time="0.008" />
  <testcase classname="ptolemy.util.test.junit.AutoTests" name="[250] /home/travis/build/icyphy/ptII/ptolemy/actor/lib/test/auto/OrderedRecordUpdater2.xml (RunModel)" time="0.014" />
  <testcase classname="ptolemy.util.test.junit.AutoTests" name="[251] /home/travis/build/icyphy/ptII/ptolemy/actor/lib/test/auto/PhaseUnwrap.xml (RunModel)" time="0.011" />
  <testcase classname="ptolemy.util.test.junit.AutoTests" name="[252] /home/travis/build/icyphy/ptII/ptolemy/actor/lib/test/auto/PoissonClock.xml (RunModel)" time="0.008" />
  <testcase classname="ptolemy.util.test.junit.AutoTests" name="[253] /home/travis/build/icyphy/ptII/ptolemy/actor/lib/test/auto/PoissonClock2.xml (RunModel)" time="0.006" />
  <testcase classname="ptolemy.util.test.junit.AutoTests" name="[254] /home/travis/build/icyphy/ptII/ptolemy/actor/lib/test/auto/PoissonClock3.xml (RunModel)" time="0.022" />
  <testcase classname="ptolemy.util.test.junit.AutoTests" name="[255] /home/travis/build/icyphy/ptII/ptolemy/actor/lib/test/auto/PubSubWithInitialTokens.xml (RunModel)" time="0.051" />
  <testcase classname="ptolemy.util.test.junit.AutoTests" name="[256] /home/travis/build/icyphy/ptII/ptolemy/actor/lib/test/auto/PubSubWithInitialTokens2.xml (RunModel)" time="0.01" />
  <testcase classname="ptolemy.util.test.junit.AutoTests" name="[257] /home/travis/build/icyphy/ptII/ptolemy/actor/lib/test/auto/PublisherClassNoParameter.xml (RunModel)" time="0.021" />
  <testcase classname="ptolemy.util.test.junit.AutoTests" name="[258] /home/travis/build/icyphy/ptII/ptolemy/actor/lib/test/auto/PublisherClassParameter.xml (RunModel)" time="0.017" />
  <testcase classname="ptolemy.util.test.junit.AutoTests" name="[259] /home/travis/build/icyphy/ptII/ptolemy/actor/lib/test/auto/PublisherNonStrictTest.xml (RunModel)" time="0.012" />
  <testcase classname="ptolemy.util.test.junit.AutoTests" name="[260] /home/travis/build/icyphy/ptII/ptolemy/actor/lib/test/auto/PublisherPort1.xml (RunModel)" time="0.008" />
  <testcase classname="ptolemy.util.test.junit.AutoTests" name="[261] /home/travis/build/icyphy/ptII/ptolemy/actor/lib/test/auto/PublisherPort2.xml (RunModel)" time="0.007" />
  <testcase classname="ptolemy.util.test.junit.AutoTests" name="[262] /home/travis/build/icyphy/ptII/ptolemy/actor/lib/test/auto/PublisherPort3.xml (RunModel)" time="0.017" />
  <testcase classname="ptolemy.util.test.junit.AutoTests" name="[263] /home/travis/build/icyphy/ptII/ptolemy/actor/lib/test/auto/PublisherPort4.xml (RunModel)" time="0.013" />
  <testcase classname="ptolemy.util.test.junit.AutoTests" name="[264] /home/travis/build/icyphy/ptII/ptolemy/actor/lib/test/auto/PublisherPort5.xml (RunModel)" time="0.011" />
  <testcase classname="ptolemy.util.test.junit.AutoTests" name="[265] /home/travis/build/icyphy/ptII/ptolemy/actor/lib/test/auto/PublisherPort5LookAlike.xml (RunModel)" time="0.014" />
  <testcase classname="ptolemy.util.test.junit.AutoTests" name="[266] /home/travis/build/icyphy/ptII/ptolemy/actor/lib/test/auto/PublisherPort6.xml (RunModel)" time="0.008" />
  <testcase classname="ptolemy.util.test.junit.AutoTests" name="[267] /home/travis/build/icyphy/ptII/ptolemy/actor/lib/test/auto/PublisherPort7.xml (RunModel)" time="0.012" />
  <testcase classname="ptolemy.util.test.junit.AutoTests" name="[268] /home/travis/build/icyphy/ptII/ptolemy/actor/lib/test/auto/PublisherPort8.xml (RunModel)" time="0.021" />
  <testcase classname="ptolemy.util.test.junit.AutoTests" name="[269] /home/travis/build/icyphy/ptII/ptolemy/actor/lib/test/auto/PublisherPortSubscriberChannelVariablesAOC2.xml (RunModel)" time="0.03" />
  <testcase classname="ptolemy.util.test.junit.AutoTests" name="[270] /home/travis/build/icyphy/ptII/ptolemy/actor/lib/test/auto/PublisherPortSubscriberOpaqueWidthInference.xml (RunModel)" time="0.011" />
  <testcase classname="ptolemy.util.test.junit.AutoTests" name="[271] /home/travis/build/icyphy/ptII/ptolemy/actor/lib/test/auto/PublisherPortSubscriberPortAdjacent.xml (RunModel)" time="0.013" />
  <testcase classname="ptolemy.util.test.junit.AutoTests" name="[272] /home/travis/build/icyphy/ptII/ptolemy/actor/lib/test/auto/PublisherPortSubscriberPortExpression.xml (RunModel)" time="0.012" />
  <testcase classname="ptolemy.util.test.junit.AutoTests" name="[273] /home/travis/build/icyphy/ptII/ptolemy/actor/lib/test/auto/PublisherPortSubscriberPortOpaqueD3Reverse.xml (RunModel)" time="0.029" />
  <testcase classname="ptolemy.util.test.junit.AutoTests" name="[274] /home/travis/build/icyphy/ptII/ptolemy/actor/lib/test/auto/PublisherPortSubscriberPortOpaqueWidthInference.xml (RunModel)" time="0.012" />
  <testcase classname="ptolemy.util.test.junit.AutoTests" name="[275] /home/travis/build/icyphy/ptII/ptolemy/actor/lib/test/auto/PublisherPortToplevelSubscriberPortAOC.xml (RunModel)" time="0.008" />
  <testcase classname="ptolemy.util.test.junit.AutoTests" name="[276] /home/travis/build/icyphy/ptII/ptolemy/actor/lib/test/auto/PublisherSubscriber.xml (RunModel)" time="0.01" />
  <testcase classname="ptolemy.util.test.junit.AutoTests" name="[277] /home/travis/build/icyphy/ptII/ptolemy/actor/lib/test/auto/PublisherSubscriber10.xml (RunModel)" time="0.016" />
  <testcase classname="ptolemy.util.test.junit.AutoTests" name="[278] /home/travis/build/icyphy/ptII/ptolemy/actor/lib/test/auto/PublisherSubscriber10InitialOutputs.xml (RunModel)" time="0.021" />
  <testcase classname="ptolemy.util.test.junit.AutoTests" name="[279] /home/travis/build/icyphy/ptII/ptolemy/actor/lib/test/auto/PublisherSubscriber11.xml (RunModel)" time="0.016" />
  <testcase classname="ptolemy.util.test.junit.AutoTests" name="[280] /home/travis/build/icyphy/ptII/ptolemy/actor/lib/test/auto/PublisherSubscriber12.xml (RunModel)" time="0.018" />
  <testcase classname="ptolemy.util.test.junit.AutoTests" name="[281] /home/travis/build/icyphy/ptII/ptolemy/actor/lib/test/auto/PublisherSubscriber13.xml (RunModel)" time="0.008" />
  <testcase classname="ptolemy.util.test.junit.AutoTests" name="[282] /home/travis/build/icyphy/ptII/ptolemy/actor/lib/test/auto/PublisherSubscriber14.xml (RunModel)" time="0.018" />
  <testcase classname="ptolemy.util.test.junit.AutoTests" name="[283] /home/travis/build/icyphy/ptII/ptolemy/actor/lib/test/auto/PublisherSubscriber2.xml (RunModel)" time="0.008" />
  <testcase classname="ptolemy.util.test.junit.AutoTests" name="[284] /home/travis/build/icyphy/ptII/ptolemy/actor/lib/test/auto/PublisherSubscriber3.xml (RunModel)" time="0.007" />
  <testcase classname="ptolemy.util.test.junit.AutoTests" name="[285] /home/travis/build/icyphy/ptII/ptolemy/actor/lib/test/auto/PublisherSubscriber4.xml (RunModel)" time="0.007" />
  <testcase classname="ptolemy.util.test.junit.AutoTests" name="[286] /home/travis/build/icyphy/ptII/ptolemy/actor/lib/test/auto/PublisherSubscriber5.xml (RunModel)" time="0.009" />
  <testcase classname="ptolemy.util.test.junit.AutoTests" name="[287] /home/travis/build/icyphy/ptII/ptolemy/actor/lib/test/auto/PublisherSubscriber6.xml (RunModel)" time="0.015" />
  <testcase classname="ptolemy.util.test.junit.AutoTests" name="[288] /home/travis/build/icyphy/ptII/ptolemy/actor/lib/test/auto/PublisherSubscriber7.xml (RunModel)" time="0.016" />
  <testcase classname="ptolemy.util.test.junit.AutoTests" name="[289] /home/travis/build/icyphy/ptII/ptolemy/actor/lib/test/auto/PublisherSubscriber8.xml (RunModel)" time="0.025" />
  <testcase classname="ptolemy.util.test.junit.AutoTests" name="[290] /home/travis/build/icyphy/ptII/ptolemy/actor/lib/test/auto/PublisherSubscriber9.xml (RunModel)" time="0.015" />
  <testcase classname="ptolemy.util.test.junit.AutoTests" name="[291] /home/travis/build/icyphy/ptII/ptolemy/actor/lib/test/auto/PublisherSubscriberAdjacent.xml (RunModel)" time="0.014" />
  <testcase classname="ptolemy.util.test.junit.AutoTests" name="[292] /home/travis/build/icyphy/ptII/ptolemy/actor/lib/test/auto/PublisherSubscriberChannelVariablesAOC2.xml (RunModel)" time="0.022" />
  <testcase classname="ptolemy.util.test.junit.AutoTests" name="[293] /home/travis/build/icyphy/ptII/ptolemy/actor/lib/test/auto/PublisherSubscriberD3.xml (RunModel)" time="0.018" />
  <testcase classname="ptolemy.util.test.junit.AutoTests" name="[294] /home/travis/build/icyphy/ptII/ptolemy/actor/lib/test/auto/PublisherSubscriberD3Reverse.xml (RunModel)" time="0.015" />
  <testcase classname="ptolemy.util.test.junit.AutoTests" name="[295] /home/travis/build/icyphy/ptII/ptolemy/actor/lib/test/auto/PublisherSubscriberExpression.xml (RunModel)" time="0.017" />
  <testcase classname="ptolemy.util.test.junit.AutoTests" name="[296] /home/travis/build/icyphy/ptII/ptolemy/actor/lib/test/auto/PublisherSubscriberOpaque.xml (RunModel)" time="0.012" />
  <testcase classname="ptolemy.util.test.junit.AutoTests" name="[297] /home/travis/build/icyphy/ptII/ptolemy/actor/lib/test/auto/PublisherSubscriberOpaqueD3.xml (RunModel)" time="0.019" />
  <testcase classname="ptolemy.util.test.junit.AutoTests" name="[298] /home/travis/build/icyphy/ptII/ptolemy/actor/lib/test/auto/PublisherSubscriberOpaqueD3Reverse.xml (RunModel)" time="0.017" />
  <testcase classname="ptolemy.util.test.junit.AutoTests" name="[299] /home/travis/build/icyphy/ptII/ptolemy/actor/lib/test/auto/PublisherSubscriberOpaqueWidthInference.xml (RunModel)" time="0.044" />
  <testcase classname="ptolemy.util.test.junit.AutoTests" name="[300] /home/travis/build/icyphy/ptII/ptolemy/actor/lib/test/auto/PublisherTestSubscriber.xml (RunModel)" time="0.013" />
  <testcase classname="ptolemy.util.test.junit.AutoTests" name="[301] /home/travis/build/icyphy/ptII/ptolemy/actor/lib/test/auto/PublisherToplevelSubscriberPortAOC.xml (RunModel)" time="0.01" />
  <testcase classname="ptolemy.util.test.junit.AutoTests" name="[302] /home/travis/build/icyphy/ptII/ptolemy/actor/lib/test/auto/PulseFiringLimitDE.xml (RunModel)" time="0.012" />
  <testcase classname="ptolemy.util.test.junit.AutoTests" name="[303] /home/travis/build/icyphy/ptII/ptolemy/actor/lib/test/auto/Ramp1.xml (RunModel)" time="0.006" />
  <testcase classname="ptolemy.util.test.junit.AutoTests" name="[304] /home/travis/build/icyphy/ptII/ptolemy/actor/lib/test/auto/RampFiringLimitDE.xml (RunModel)" time="0.008" />
  <testcase classname="ptolemy.util.test.junit.AutoTests" name="[305] /home/travis/build/icyphy/ptII/ptolemy/actor/lib/test/auto/RampFiringLimitSDF.xml (RunModel)" time="0.007" />
  <testcase classname="ptolemy.util.test.junit.AutoTests" name="[306] /home/travis/build/icyphy/ptII/ptolemy/actor/lib/test/auto/RandomInteger.xml (RunModel)" time="0.006" />
  <testcase classname="ptolemy.util.test.junit.AutoTests" name="[307] /home/travis/build/icyphy/ptII/ptolemy/actor/lib/test/auto/ReadFile1.xml (RunModel)" time="0.006" />
  <testcase classname="ptolemy.util.test.junit.AutoTests" name="[308] /home/travis/build/icyphy/ptII/ptolemy/actor/lib/test/auto/ReadFile2.xml (RunModel)" time="0.005" />
  <testcase classname="ptolemy.util.test.junit.AutoTests" name="[309] /home/travis/build/icyphy/ptII/ptolemy/actor/lib/test/auto/Reader.xml (RunModel)" time="0.009" />
  <testcase classname="ptolemy.util.test.junit.AutoTests" name="[310] /home/travis/build/icyphy/ptII/ptolemy/actor/lib/test/auto/RecordAssemblerDisplayNameTest.xml (RunModel)" time="3.162" />
  <testcase classname="ptolemy.util.test.junit.AutoTests" name="[311] /home/travis/build/icyphy/ptII/ptolemy/actor/lib/test/auto/RecordAssemblerTypeError.xml (RunModel)" time="0.035" />
  <testcase classname="ptolemy.util.test.junit.AutoTests" name="[312] /home/travis/build/icyphy/ptII/ptolemy/actor/lib/test/auto/RecordDisassember.xml (RunModel)" time="0.014" />
  <testcase classname="ptolemy.util.test.junit.AutoTests" name="[313] /home/travis/build/icyphy/ptII/ptolemy/actor/lib/test/auto/RecordDisassemberDisplayNameTest.xml (RunModel)" time="0.021" />
  <testcase classname="ptolemy.util.test.junit.AutoTests" name="[314] /home/travis/build/icyphy/ptII/ptolemy/actor/lib/test/auto/RecordDisassembler.xml (RunModel)" time="0.01" />
  <testcase classname="ptolemy.util.test.junit.AutoTests" name="[315] /home/travis/build/icyphy/ptII/ptolemy/actor/lib/test/auto/RecordDisassembler2.xml (RunModel)" time="0.008" />
  <testcase classname="ptolemy.util.test.junit.AutoTests" name="[316] /home/travis/build/icyphy/ptII/ptolemy/actor/lib/test/auto/RecordUpdater.xml (RunModel)" time="0.008" />
  <testcase classname="ptolemy.util.test.junit.AutoTests" name="[317] /home/travis/build/icyphy/ptII/ptolemy/actor/lib/test/auto/RecordUpdater2.xml (RunModel)" time="0.006" />
  <testcase classname="ptolemy.util.test.junit.AutoTests" name="[318] /home/travis/build/icyphy/ptII/ptolemy/actor/lib/test/auto/RecursiveLattice.xml (RunModel)" time="0.006" />
  <testcase classname="ptolemy.util.test.junit.AutoTests" name="[319] /home/travis/build/icyphy/ptII/ptolemy/actor/lib/test/auto/Router.xml (RunModel)" time="3.021" />
  <testcase classname="ptolemy.util.test.junit.AutoTests" name="[320] /home/travis/build/icyphy/ptII/ptolemy/actor/lib/test/auto/Router2.xml (RunModel)" time="3.026" />
  <testcase classname="ptolemy.util.test.junit.AutoTests" name="[321] /home/travis/build/icyphy/ptII/ptolemy/actor/lib/test/auto/RunningMaximum.xml (RunModel)" time="0.018" />
  <testcase classname="ptolemy.util.test.junit.AutoTests" name="[322] /home/travis/build/icyphy/ptII/ptolemy/actor/lib/test/auto/RunningMinimum.xml (RunModel)" time="0.018" />
  <testcase classname="ptolemy.util.test.junit.AutoTests" name="[323] /home/travis/build/icyphy/ptII/ptolemy/actor/lib/test/auto/Scale.xml (RunModel)" time="0.011" />
  <testcase classname="ptolemy.util.test.junit.AutoTests" name="[324] /home/travis/build/icyphy/ptII/ptolemy/actor/lib/test/auto/Scale2.xml (RunModel)" time="0.014" />
  <testcase classname="ptolemy.util.test.junit.AutoTests" name="[325] /home/travis/build/icyphy/ptII/ptolemy/actor/lib/test/auto/Scale3.xml (RunModel)" time="0.012" />
  <testcase classname="ptolemy.util.test.junit.AutoTests" name="[326] /home/travis/build/icyphy/ptII/ptolemy/actor/lib/test/auto/ScaleArray.xml (RunModel)" time="0.006" />
  <testcase classname="ptolemy.util.test.junit.AutoTests" name="[327] /home/travis/build/icyphy/ptII/ptolemy/actor/lib/test/auto/ScaleArray2.xml (RunModel)" time="0.006" />
  <testcase classname="ptolemy.util.test.junit.AutoTests" name="[328] /home/travis/build/icyphy/ptII/ptolemy/actor/lib/test/auto/ScaleMatrix.xml (RunModel)" time="0.185" />
  <testcase classname="ptolemy.util.test.junit.AutoTests" name="[329] /home/travis/build/icyphy/ptII/ptolemy/actor/lib/test/auto/Select.xml (RunModel)" time="0.013" />
  <testcase classname="ptolemy.util.test.junit.AutoTests" name="[330] /home/travis/build/icyphy/ptII/ptolemy/actor/lib/test/auto/Select2.xml (RunModel)" time="0.007" />
  <testcase classname="ptolemy.util.test.junit.AutoTests" name="[331] /home/travis/build/icyphy/ptII/ptolemy/actor/lib/test/auto/SequenceToArray2.xml (RunModel)" time="0.132" />
  <testcase classname="ptolemy.util.test.junit.AutoTests" name="[332] /home/travis/build/icyphy/ptII/ptolemy/actor/lib/test/auto/SequentialClock.xml (RunModel)" time="0.012" />
  <testcase classname="ptolemy.util.test.junit.AutoTests" name="[333] /home/travis/build/icyphy/ptII/ptolemy/actor/lib/test/auto/SetVariable.xml (RunModel)" time="0.038" />
  <testcase classname="ptolemy.util.test.junit.AutoTests" name="[334] /home/travis/build/icyphy/ptII/ptolemy/actor/lib/test/auto/SetVariable2.xml (RunModel)" time="0.008" />
  <testcase classname="ptolemy.util.test.junit.AutoTests" name="[335] /home/travis/build/icyphy/ptII/ptolemy/actor/lib/test/auto/SetVariable3.xml (RunModel)" time="0.016" />
  <testcase classname="ptolemy.util.test.junit.AutoTests" name="[336] /home/travis/build/icyphy/ptII/ptolemy/actor/lib/test/auto/SetVariable4.xml (RunModel)" time="0.024" />
  <testcase classname="ptolemy.util.test.junit.AutoTests" name="[337] /home/travis/build/icyphy/ptII/ptolemy/actor/lib/test/auto/SetVariable5.xml (RunModel)" time="0.032" />
  <testcase classname="ptolemy.util.test.junit.AutoTests" name="[338] /home/travis/build/icyphy/ptII/ptolemy/actor/lib/test/auto/Sinewave.xml (RunModel)" time="0.021" />
  <testcase classname="ptolemy.util.test.junit.AutoTests" name="[339] /home/travis/build/icyphy/ptII/ptolemy/actor/lib/test/auto/Sinewave2.xml (RunModel)" time="0.015" />
  <testcase classname="ptolemy.util.test.junit.AutoTests" name="[340] /home/travis/build/icyphy/ptII/ptolemy/actor/lib/test/auto/Sinewave3.xml (RunModel)" time="0.016" />
  <testcase classname="ptolemy.util.test.junit.AutoTests" name="[341] /home/travis/build/icyphy/ptII/ptolemy/actor/lib/test/auto/SingleEvent.xml (RunModel)" time="0.005" />
  <testcase classname="ptolemy.util.test.junit.AutoTests" name="[342] /home/travis/build/icyphy/ptII/ptolemy/actor/lib/test/auto/Sleep.xml (RunModel)" time="6.013" />
  <testcase classname="ptolemy.util.test.junit.AutoTests" name="[343] /home/travis/build/icyphy/ptII/ptolemy/actor/lib/test/auto/SleepMultipleFire.xml (RunModel)" time="1.016" />
  <testcase classname="ptolemy.util.test.junit.AutoTests" name="[344] /home/travis/build/icyphy/ptII/ptolemy/actor/lib/test/auto/StopDE.xml (RunModel)" time="0.017" />
  <testcase classname="ptolemy.util.test.junit.AutoTests" name="[345] /home/travis/build/icyphy/ptII/ptolemy/actor/lib/test/auto/StopSDF.xml (RunModel)" time="0.01" />
  <testcase classname="ptolemy.util.test.junit.AutoTests" name="[346] /home/travis/build/icyphy/ptII/ptolemy/actor/lib/test/auto/StringConstant.xml (RunModel)" time="0.015" />
  <testcase classname="ptolemy.util.test.junit.AutoTests" name="[347] /home/travis/build/icyphy/ptII/ptolemy/actor/lib/test/auto/SubscriberPortInitialValues1.xml (RunModel)" time="0.016" />
  <testcase classname="ptolemy.util.test.junit.AutoTests" name="[348] /home/travis/build/icyphy/ptII/ptolemy/actor/lib/test/auto/SubscriberPortInitialValues13.xml (RunModel)" time="0.023" />
  <testcase classname="ptolemy.util.test.junit.AutoTests" name="[349] /home/travis/build/icyphy/ptII/ptolemy/actor/lib/test/auto/SubscriberPortInitialValues14.xml (RunModel)" time="0.013" />
  <testcase classname="ptolemy.util.test.junit.AutoTests" name="[350] /home/travis/build/icyphy/ptII/ptolemy/actor/lib/test/auto/SubscriberPortInitialValues2.xml (RunModel)" time="0.013" />
  <testcase classname="ptolemy.util.test.junit.AutoTests" name="[351] /home/travis/build/icyphy/ptII/ptolemy/actor/lib/test/auto/SubscriberPortInitialValues3.xml (RunModel)" time="0.015" />
  <testcase classname="ptolemy.util.test.junit.AutoTests" name="[352] /home/travis/build/icyphy/ptII/ptolemy/actor/lib/test/auto/SubscriptionAggregator.xml (RunModel)" time="0.009" />
  <testcase classname="ptolemy.util.test.junit.AutoTests" name="[353] /home/travis/build/icyphy/ptII/ptolemy/actor/lib/test/auto/SubscriptionAggregator2.xml (RunModel)" time="0.009" />
  <testcase classname="ptolemy.util.test.junit.AutoTests" name="[354] /home/travis/build/icyphy/ptII/ptolemy/actor/lib/test/auto/SubscriptionAggregator3.xml (RunModel)" time="0.014" />
  <testcase classname="ptolemy.util.test.junit.AutoTests" name="[355] /home/travis/build/icyphy/ptII/ptolemy/actor/lib/test/auto/SubscriptionAggregatorMultiply.xml (RunModel)" time="0.011" />
  <testcase classname="ptolemy.util.test.junit.AutoTests" name="[356] /home/travis/build/icyphy/ptII/ptolemy/actor/lib/test/auto/SubscriptionAggregatorPortMultiply1.xml (RunModel)" time="0.015" />
  <testcase classname="ptolemy.util.test.junit.AutoTests" name="[357] /home/travis/build/icyphy/ptII/ptolemy/actor/lib/test/auto/Switch.xml (RunModel)" time="0.015" />
  <testcase classname="ptolemy.util.test.junit.AutoTests" name="[358] /home/travis/build/icyphy/ptII/ptolemy/actor/lib/test/auto/Switch2.xml (RunModel)" time="0.01" />
  <testcase classname="ptolemy.util.test.junit.AutoTests" name="[359] /home/travis/build/icyphy/ptII/ptolemy/actor/lib/test/auto/SwitchDE.xml (RunModel)" time="0.011" />
  <testcase classname="ptolemy.util.test.junit.AutoTests" name="[360] /home/travis/build/icyphy/ptII/ptolemy/actor/lib/test/auto/SynchronizerDE.xml (RunModel)" time="0.021" />
  <testcase classname="ptolemy.util.test.junit.AutoTests" name="[361] /home/travis/build/icyphy/ptII/ptolemy/actor/lib/test/auto/Test.xml (RunModel)" time="0.007" />
  <testcase classname="ptolemy.util.test.junit.AutoTests" name="[362] /home/travis/build/icyphy/ptII/ptolemy/actor/lib/test/auto/TestExceptionAttribute1.xml (RunModel)" time="0.006" />
  <testcase classname="ptolemy.util.test.junit.AutoTests" name="[363] /home/travis/build/icyphy/ptII/ptolemy/actor/lib/test/auto/TestExceptionAttribute2.xml (RunModel)" time="0.005" />
  <testcase classname="ptolemy.util.test.junit.AutoTests" name="[364] /home/travis/build/icyphy/ptII/ptolemy/actor/lib/test/auto/TestExceptionAttribute3.xml (RunModel)" time="0.008" />
  <testcase classname="ptolemy.util.test.junit.AutoTests" name="[365] /home/travis/build/icyphy/ptII/ptolemy/actor/lib/test/auto/TestExceptionAttribute4.xml (RunModel)" time="0.005" />
  <testcase classname="ptolemy.util.test.junit.AutoTests" name="[366] /home/travis/build/icyphy/ptII/ptolemy/actor/lib/test/auto/TestExceptionHandler1.xml (RunModel)" time="0.006" />
  <testcase classname="ptolemy.util.test.junit.AutoTests" name="[367] /home/travis/build/icyphy/ptII/ptolemy/actor/lib/test/auto/TestExceptionHandler2.xml (RunModel)" time="0.005" />
  <testcase classname="ptolemy.util.test.junit.AutoTests" name="[368] /home/travis/build/icyphy/ptII/ptolemy/actor/lib/test/auto/TestExceptionHandler3.xml (RunModel)" time="0.004" />
  <testcase classname="ptolemy.util.test.junit.AutoTests" name="[369] /home/travis/build/icyphy/ptII/ptolemy/actor/lib/test/auto/TestExceptionHandler4.xml (RunModel)" time="0.005" />
  <testcase classname="ptolemy.util.test.junit.AutoTests" name="[370] /home/travis/build/icyphy/ptII/ptolemy/actor/lib/test/auto/TestRequireCorrectOrder.xml (RunModel)" time="0.016" />
  <testcase classname="ptolemy.util.test.junit.AutoTests" name="[371] /home/travis/build/icyphy/ptII/ptolemy/actor/lib/test/auto/TestSimple.xml (RunModel)" time="0.006" />
  <testcase classname="ptolemy.util.test.junit.AutoTests" name="[372] /home/travis/build/icyphy/ptII/ptolemy/actor/lib/test/auto/ThrowModelError.xml (RunModel)" time="0.008" />
  <testcase classname="ptolemy.util.test.junit.AutoTests" name="[373] /home/travis/build/icyphy/ptII/ptolemy/actor/lib/test/auto/TimeDelayMicrosteps.xml (RunModel)" time="0.013" />
  <testcase classname="ptolemy.util.test.junit.AutoTests" name="[374] /home/travis/build/icyphy/ptII/ptolemy/actor/lib/test/auto/TimeDelayMicrosteps2.xml (RunModel)" time="0.011" />
  <testcase classname="ptolemy.util.test.junit.AutoTests" name="[375] /home/travis/build/icyphy/ptII/ptolemy/actor/lib/test/auto/TimeDelayMicrosteps3.xml (RunModel)" time="0.009" />
  <testcase classname="ptolemy.util.test.junit.AutoTests" name="[376] /home/travis/build/icyphy/ptII/ptolemy/actor/lib/test/auto/TimeDelayVariableMicrosteps.xml (RunModel)" time="0.009" />
  <testcase classname="ptolemy.util.test.junit.AutoTests" name="[377] /home/travis/build/icyphy/ptII/ptolemy/actor/lib/test/auto/TimeGap.xml (RunModel)" time="0.014" />
  <testcase classname="ptolemy.util.test.junit.AutoTests" name="[378] /home/travis/build/icyphy/ptII/ptolemy/actor/lib/test/auto/TimeGap2.xml (RunModel)" time="0.007" />
  <testcase classname="ptolemy.util.test.junit.AutoTests" name="[379] /home/travis/build/icyphy/ptII/ptolemy/actor/lib/test/auto/TimedSinewave.xml (RunModel)" time="0.044" />
  <testcase classname="ptolemy.util.test.junit.AutoTests" name="[380] /home/travis/build/icyphy/ptII/ptolemy/actor/lib/test/auto/TimedSinewavePhase.xml (RunModel)" time="0.033" />
  <testcase classname="ptolemy.util.test.junit.AutoTests" name="[381] /home/travis/build/icyphy/ptII/ptolemy/actor/lib/test/auto/Timer.xml (RunModel)" time="0.016" />
  <testcase classname="ptolemy.util.test.junit.AutoTests" name="[382] /home/travis/build/icyphy/ptII/ptolemy/actor/lib/test/auto/TriangularDistTestModel.xml (RunModel)" time="0.012" />
  <testcase classname="ptolemy.util.test.junit.AutoTests" name="[383] /home/travis/build/icyphy/ptII/ptolemy/actor/lib/test/auto/TrigFunction.xml (RunModel)" time="0.006" />
  <testcase classname="ptolemy.util.test.junit.AutoTests" name="[384] /home/travis/build/icyphy/ptII/ptolemy/actor/lib/test/auto/TrigFunctionDE.xml (RunModel)" time="0.008" />
  <testcase classname="ptolemy.util.test.junit.AutoTests" name="[385] /home/travis/build/icyphy/ptII/ptolemy/actor/lib/test/auto/TrigFunctionInverse.xml (RunModel)" time="0.006" />
  <testcase classname="ptolemy.util.test.junit.AutoTests" name="[386] /home/travis/build/icyphy/ptII/ptolemy/actor/lib/test/auto/TrigFunctionTan.xml (RunModel)" time="0.004" />
  <testcase classname="ptolemy.util.test.junit.AutoTests" name="[387] /home/travis/build/icyphy/ptII/ptolemy/actor/lib/test/auto/TriggeredClock.xml (RunModel)" time="0.046" />
  <testcase classname="ptolemy.util.test.junit.AutoTests" name="[388] /home/travis/build/icyphy/ptII/ptolemy/actor/lib/test/auto/URLDirectoryReader.xml (RunModel)" time="0.083" />
  <testcase classname="ptolemy.util.test.junit.AutoTests" name="[389] /home/travis/build/icyphy/ptII/ptolemy/actor/lib/test/auto/URLDirectoryReader3.xml (RunModel)" time="1.705" />
  <testcase classname="ptolemy.util.test.junit.AutoTests" name="[390] /home/travis/build/icyphy/ptII/ptolemy/actor/lib/test/auto/UnaryMathFunction.xml (RunModel)" time="0.028" />
  <testcase classname="ptolemy.util.test.junit.AutoTests" name="[391] /home/travis/build/icyphy/ptII/ptolemy/actor/lib/test/auto/Uniform.xml (RunModel)" time="0.014" />
  <testcase classname="ptolemy.util.test.junit.AutoTests" name="[392] /home/travis/build/icyphy/ptII/ptolemy/actor/lib/test/auto/UnionDisassemblerTest.xml (RunModel)" time="0.018" />
  <testcase classname="ptolemy.util.test.junit.AutoTests" name="[393] /home/travis/build/icyphy/ptII/ptolemy/actor/lib/test/auto/UtilityFunctions.xml (RunModel)" time="0.006" />
  <testcase classname="ptolemy.util.test.junit.AutoTests" name="[394] /home/travis/build/icyphy/ptII/ptolemy/actor/lib/test/auto/VariableSleep.xml (RunModel)" time="0.512" />
  <testcase classname="ptolemy.util.test.junit.AutoTests" name="[395] /home/travis/build/icyphy/ptII/ptolemy/actor/lib/test/auto/VectorAssemblerDisassemblerCT.xml (RunModel)" time="0.106" />
  <testcase classname="ptolemy.util.test.junit.AutoTests" name="[396] /home/travis/build/icyphy/ptII/ptolemy/actor/lib/test/auto/VectorAssemblerDisassemblerDE.xml (RunModel)" time="0.012" />
  <testcase classname="ptolemy.util.test.junit.AutoTests" name="[397] /home/travis/build/icyphy/ptII/ptolemy/actor/lib/test/auto/VectorAssemblerDisassemblerSDF.xml (RunModel)" time="0.011" />
  <testcase classname="ptolemy.util.test.junit.AutoTests" name="[398] /home/travis/build/icyphy/ptII/ptolemy/actor/lib/test/auto/WallClockTime.xml (RunModel)" time="1.011" />
  <testcase classname="ptolemy.util.test.junit.AutoTests" name="[399] /home/travis/build/icyphy/ptII/ptolemy/actor/lib/test/auto/WidthTestWithSubscriberPublisher.xml (RunModel)" time="0.033" />
  <testcase classname="ptolemy.util.test.junit.AutoTests" name="[400] /home/travis/build/icyphy/ptII/ptolemy/actor/lib/test/auto/WidthTestWithSubscriberPublisher2.xml (RunModel)" time="0.012" />
  <testcase classname="ptolemy.util.test.junit.AutoTests" name="[401] /home/travis/build/icyphy/ptII/ptolemy/actor/lib/test/auto/WidthTestWithSubscriberPublisher3.xml (RunModel)" time="0.012" />
  <testcase classname="ptolemy.util.test.junit.AutoTests" name="[402] /home/travis/build/icyphy/ptII/ptolemy/actor/lib/test/auto/Writer.xml (RunModel)" time="0.006" />
  <testcase classname="ptolemy.util.test.junit.AutoTests" name="[403] /home/travis/build/icyphy/ptII/ptolemy/actor/lib/test/auto/array.xml (RunModel)" time="0.007" />
  <testcase classname="ptolemy.util.test.junit.AutoTests" name="[404] /home/travis/build/icyphy/ptII/ptolemy/actor/lib/test/auto/array2.xml (RunModel)" time="0.019" />
  <testcase classname="ptolemy.util.test.junit.AutoTests" name="[405] /home/travis/build/icyphy/ptII/ptolemy/actor/lib/test/auto/arrayType.xml (RunModel)" time="0.007" />
  <testcase classname="ptolemy.util.test.junit.AutoTests" name="[406] /home/travis/build/icyphy/ptII/ptolemy/actor/lib/test/auto/arrayType10.xml (RunModel)" time="0.006" />
  <testcase classname="ptolemy.util.test.junit.AutoTests" name="[407] /home/travis/build/icyphy/ptII/ptolemy/actor/lib/test/auto/arrayType11.xml (RunModel)" time="0.007" />
  <testcase classname="ptolemy.util.test.junit.AutoTests" name="[408] /home/travis/build/icyphy/ptII/ptolemy/actor/lib/test/auto/arrayType12.xml (RunModel)" time="0.01" />
  <testcase classname="ptolemy.util.test.junit.AutoTests" name="[409] /home/travis/build/icyphy/ptII/ptolemy/actor/lib/test/auto/arrayType13.xml (RunModel)" time="0.007" />
  <testcase classname="ptolemy.util.test.junit.AutoTests" name="[410] /home/travis/build/icyphy/ptII/ptolemy/actor/lib/test/auto/arrayType14.xml (RunModel)" time="0.006" />
  <testcase classname="ptolemy.util.test.junit.AutoTests" name="[411] /home/travis/build/icyphy/ptII/ptolemy/actor/lib/test/auto/arrayType15.xml (RunModel)" time="0.007" />
  <testcase classname="ptolemy.util.test.junit.AutoTests" name="[412] /home/travis/build/icyphy/ptII/ptolemy/actor/lib/test/auto/arrayType16.xml (RunModel)" time="0.006" />
  <testcase classname="ptolemy.util.test.junit.AutoTests" name="[413] /home/travis/build/icyphy/ptII/ptolemy/actor/lib/test/auto/arrayType17.xml (RunModel)" time="0.006" />
  <testcase classname="ptolemy.util.test.junit.AutoTests" name="[414] /home/travis/build/icyphy/ptII/ptolemy/actor/lib/test/auto/arrayType18.xml (RunModel)" time="0.005" />
  <testcase classname="ptolemy.util.test.junit.AutoTests" name="[415] /home/travis/build/icyphy/ptII/ptolemy/actor/lib/test/auto/arrayType19.xml (RunModel)" time="0.006" />
  <testcase classname="ptolemy.util.test.junit.AutoTests" name="[416] /home/travis/build/icyphy/ptII/ptolemy/actor/lib/test/auto/arrayType2.xml (RunModel)" time="0.006" />
  <testcase classname="ptolemy.util.test.junit.AutoTests" name="[417] /home/travis/build/icyphy/ptII/ptolemy/actor/lib/test/auto/arrayType20.xml (RunModel)" time="0.007" />
  <testcase classname="ptolemy.util.test.junit.AutoTests" name="[418] /home/travis/build/icyphy/ptII/ptolemy/actor/lib/test/auto/arrayType21.xml (RunModel)" time="0.006" />
  <testcase classname="ptolemy.util.test.junit.AutoTests" name="[419] /home/travis/build/icyphy/ptII/ptolemy/actor/lib/test/auto/arrayType22.xml (RunModel)" time="0.006" />
  <testcase classname="ptolemy.util.test.junit.AutoTests" name="[420] /home/travis/build/icyphy/ptII/ptolemy/actor/lib/test/auto/arrayType23.xml (RunModel)" time="0.007" />
  <testcase classname="ptolemy.util.test.junit.AutoTests" name="[421] /home/travis/build/icyphy/ptII/ptolemy/actor/lib/test/auto/arrayType24.xml (RunModel)" time="0.007" />
  <testcase classname="ptolemy.util.test.junit.AutoTests" name="[422] /home/travis/build/icyphy/ptII/ptolemy/actor/lib/test/auto/arrayType25.xml (RunModel)" time="0.006" />
  <testcase classname="ptolemy.util.test.junit.AutoTests" name="[423] /home/travis/build/icyphy/ptII/ptolemy/actor/lib/test/auto/arrayType26.xml (RunModel)" time="0.006" />
  <testcase classname="ptolemy.util.test.junit.AutoTests" name="[424] /home/travis/build/icyphy/ptII/ptolemy/actor/lib/test/auto/arrayType27.xml (RunModel)" time="0.006" />
  <testcase classname="ptolemy.util.test.junit.AutoTests" name="[425] /home/travis/build/icyphy/ptII/ptolemy/actor/lib/test/auto/arrayType28.xml (RunModel)" time="0.007" />
  <testcase classname="ptolemy.util.test.junit.AutoTests" name="[426] /home/travis/build/icyphy/ptII/ptolemy/actor/lib/test/auto/arrayType3.xml (RunModel)" time="0.013" />
  <testcase classname="ptolemy.util.test.junit.AutoTests" name="[427] /home/travis/build/icyphy/ptII/ptolemy/actor/lib/test/auto/arrayType4.xml (RunModel)" time="0.018" />
  <testcase classname="ptolemy.util.test.junit.AutoTests" name="[428] /home/travis/build/icyphy/ptII/ptolemy/actor/lib/test/auto/arrayType5.xml (RunModel)" time="0.008" />
  <testcase classname="ptolemy.util.test.junit.AutoTests" name="[429] /home/travis/build/icyphy/ptII/ptolemy/actor/lib/test/auto/arrayType6.xml (RunModel)" time="0.007" />
  <testcase classname="ptolemy.util.test.junit.AutoTests" name="[430] /home/travis/build/icyphy/ptII/ptolemy/actor/lib/test/auto/arrayType7.xml (RunModel)" time="0.01" />
  <testcase classname="ptolemy.util.test.junit.AutoTests" name="[431] /home/travis/build/icyphy/ptII/ptolemy/actor/lib/test/auto/arrayType8.xml (RunModel)" time="0.007" />
  <testcase classname="ptolemy.util.test.junit.AutoTests" name="[432] /home/travis/build/icyphy/ptII/ptolemy/actor/lib/test/auto/arrayType9.xml (RunModel)" time="0.006" />
  <testcase classname="ptolemy.util.test.junit.AutoTests" name="[433] /home/travis/build/icyphy/ptII/ptolemy/actor/lib/test/auto/cast.xml (RunModel)" time="0.006" />
  <testcase classname="ptolemy.util.test.junit.AutoTests" name="[434] /home/travis/build/icyphy/ptII/ptolemy/actor/lib/test/auto/compositeMultiPort.xml (RunModel)" time="0.015" />
  <testcase classname="ptolemy.util.test.junit.AutoTests" name="[435] /home/travis/build/icyphy/ptII/ptolemy/actor/lib/test/auto/expressionCastInference.xml (RunModel)" time="0.006" />
  <testcase classname="ptolemy.util.test.junit.AutoTests" name="[436] /home/travis/build/icyphy/ptII/ptolemy/actor/lib/test/auto/expressionCastInference2.xml (RunModel)" time="0.005" />
  <testcase classname="ptolemy.util.test.junit.AutoTests" name="[437] /home/travis/build/icyphy/ptII/ptolemy/actor/lib/test/auto/expressionInference.xml (RunModel)" time="0.005" />
  <testcase classname="ptolemy.util.test.junit.AutoTests" name="[438] /home/travis/build/icyphy/ptII/ptolemy/actor/lib/test/auto/expression_bug.xml (RunModel)" time="0.005" />
  <testcase classname="ptolemy.util.test.junit.AutoTests" name="[439] /home/travis/build/icyphy/ptII/ptolemy/actor/lib/test/auto/factorial.xml (RunModel)" time="0.05" />
  <testcase classname="ptolemy.util.test.junit.AutoTests" name="[440] /home/travis/build/icyphy/ptII/ptolemy/actor/lib/test/auto/filterTest1.xml (RunModel)" time="0.015" />
  <testcase classname="ptolemy.util.test.junit.AutoTests" name="[441] /home/travis/build/icyphy/ptII/ptolemy/actor/lib/test/auto/funcApplyInConst.xml (RunModel)" time="0.005" />
  <testcase classname="ptolemy.util.test.junit.AutoTests" name="[442] /home/travis/build/icyphy/ptII/ptolemy/actor/lib/test/auto/funcApplyInExpr.xml (RunModel)" time="0.004" />
  <testcase classname="ptolemy.util.test.junit.AutoTests" name="[443] /home/travis/build/icyphy/ptII/ptolemy/actor/lib/test/auto/function.xml (RunModel)" time="0.009" />
  <testcase classname="ptolemy.util.test.junit.AutoTests" name="[444] /home/travis/build/icyphy/ptII/ptolemy/actor/lib/test/auto/function2.xml (RunModel)" time="0.006" />
  <testcase classname="ptolemy.util.test.junit.AutoTests" name="[445] /home/travis/build/icyphy/ptII/ptolemy/actor/lib/test/auto/function3.xml (RunModel)" time="0.005" />
  <testcase classname="ptolemy.util.test.junit.AutoTests" name="[446] /home/travis/build/icyphy/ptII/ptolemy/actor/lib/test/auto/functionClosureTest1.xml (RunModel)" time="0.008" />
  <testcase classname="ptolemy.util.test.junit.AutoTests" name="[447] /home/travis/build/icyphy/ptII/ptolemy/actor/lib/test/auto/functionClosureTest2.xml (RunModel)" time="0.005" />
  <testcase classname="ptolemy.util.test.junit.AutoTests" name="[448] /home/travis/build/icyphy/ptII/ptolemy/actor/lib/test/auto/functionClosureTest3.xml (RunModel)" time="0.007" />
  <testcase classname="ptolemy.util.test.junit.AutoTests" name="[449] /home/travis/build/icyphy/ptII/ptolemy/actor/lib/test/auto/functionClosureTest4.xml (RunModel)" time="0.016" />
  <testcase classname="ptolemy.util.test.junit.AutoTests" name="[450] /home/travis/build/icyphy/ptII/ptolemy/actor/lib/test/auto/functionClosureTest5.xml (RunModel)" time="0.057" />
  <testcase classname="ptolemy.util.test.junit.AutoTests" name="[451] /home/travis/build/icyphy/ptII/ptolemy/actor/lib/test/auto/functionClosureTest6.xml (RunModel)" time="0.007" />
  <testcase classname="ptolemy.util.test.junit.AutoTests" name="[452] /home/travis/build/icyphy/ptII/ptolemy/actor/lib/test/auto/functionsOnArcs.xml (RunModel)" time="0.008" />
  <testcase classname="ptolemy.util.test.junit.AutoTests" name="[453] /home/travis/build/icyphy/ptII/ptolemy/actor/lib/test/auto/functionsOnArcsHOF.xml (RunModel)" time="0.012" />
  <testcase classname="ptolemy.util.test.junit.AutoTests" name="[454] /home/travis/build/icyphy/ptII/ptolemy/actor/lib/test/auto/logic.xml (RunModel)" time="0.014" />
  <testcase classname="ptolemy.util.test.junit.AutoTests" name="[455] /home/travis/build/icyphy/ptII/ptolemy/actor/lib/test/auto/matrixType.xml (RunModel)" time="0.037" />
  <testcase classname="ptolemy.util.test.junit.AutoTests" name="[456] /home/travis/build/icyphy/ptII/ptolemy/actor/lib/test/auto/matrixType10.xml (RunModel)" time="0.044" />
  <testcase classname="ptolemy.util.test.junit.AutoTests" name="[457] /home/travis/build/icyphy/ptII/ptolemy/actor/lib/test/auto/matrixType11.xml (RunModel)" time="0.031" />
  <testcase classname="ptolemy.util.test.junit.AutoTests" name="[458] /home/travis/build/icyphy/ptII/ptolemy/actor/lib/test/auto/matrixType12.xml (RunModel)" time="0.025" />
  <testcase classname="ptolemy.util.test.junit.AutoTests" name="[459] /home/travis/build/icyphy/ptII/ptolemy/actor/lib/test/auto/matrixType13.xml (RunModel)" time="0.032" />
  <testcase classname="ptolemy.util.test.junit.AutoTests" name="[460] /home/travis/build/icyphy/ptII/ptolemy/actor/lib/test/auto/matrixType14.xml (RunModel)" time="0.024" />
  <testcase classname="ptolemy.util.test.junit.AutoTests" name="[461] /home/travis/build/icyphy/ptII/ptolemy/actor/lib/test/auto/matrixType2.xml (RunModel)" time="0.007" />
  <testcase classname="ptolemy.util.test.junit.AutoTests" name="[462] /home/travis/build/icyphy/ptII/ptolemy/actor/lib/test/auto/matrixType3.xml (RunModel)" time="0.008" />
  <testcase classname="ptolemy.util.test.junit.AutoTests" name="[463] /home/travis/build/icyphy/ptII/ptolemy/actor/lib/test/auto/matrixType4.xml (RunModel)" time="0.008" />
  <testcase classname="ptolemy.util.test.junit.AutoTests" name="[464] /home/travis/build/icyphy/ptII/ptolemy/actor/lib/test/auto/matrixType5.xml (RunModel)" time="0.008" />
  <testcase classname="ptolemy.util.test.junit.AutoTests" name="[465] /home/travis/build/icyphy/ptII/ptolemy/actor/lib/test/auto/matrixType6.xml (RunModel)" time="0.006" />
  <testcase classname="ptolemy.util.test.junit.AutoTests" name="[466] /home/travis/build/icyphy/ptII/ptolemy/actor/lib/test/auto/matrixType7.xml (RunModel)" time="0.007" />
  <testcase classname="ptolemy.util.test.junit.AutoTests" name="[467] /home/travis/build/icyphy/ptII/ptolemy/actor/lib/test/auto/matrixType8.xml (RunModel)" time="0.007" />
  <testcase classname="ptolemy.util.test.junit.AutoTests" name="[468] /home/travis/build/icyphy/ptII/ptolemy/actor/lib/test/auto/matrixType9.xml (RunModel)" time="0.006" />
  <testcase classname="ptolemy.util.test.junit.AutoTests" name="[469] /home/travis/build/icyphy/ptII/ptolemy/actor/lib/test/auto/paraFunctest.xml (RunModel)" time="0.005" />
  <testcase classname="ptolemy.util.test.junit.AutoTests" name="[470] /home/travis/build/icyphy/ptII/ptolemy/actor/lib/test/auto/paraFunctest2.xml (RunModel)" time="0.009" />
  <testcase classname="ptolemy.util.test.junit.AutoTests" name="[471] /home/travis/build/icyphy/ptII/ptolemy/actor/lib/test/auto/parameterPassing.xml (RunModel)" time="0.006" />
  <testcase classname="ptolemy.util.test.junit.AutoTests" name="[472] /home/travis/build/icyphy/ptII/ptolemy/actor/lib/test/auto/record.xml (RunModel)" time="0.006" />
  <testcase classname="ptolemy.util.test.junit.AutoTests" name="[473] /home/travis/build/icyphy/ptII/ptolemy/actor/lib/test/auto/sizedarray1.xml (RunModel)" time="0.007" />
  <testcase classname="ptolemy.util.test.junit.AutoTests" name="[474] /home/travis/build/icyphy/ptII/ptolemy/actor/lib/test/auto/sizedarray2.xml (RunModel)" time="0.008" />
  <testcase classname="ptolemy.util.test.junit.AutoTests" name="[475] /home/travis/build/icyphy/ptII/ptolemy/actor/lib/test/auto/twoPublishers.xml (RunModel)" time="0.025" />
  <system-out><![CDATA[/home/travis/build/icyphy/ptII/ptolemy/actor/lib/test/AbsoluteValue.tcl
testDefs.tcl: setting time out to 9000 seconds at Wed May 20 14:27:34 UTC 2020
92 ms. Memory: 129024K Free: 93128K (72%)
4 ms. Memory: 129024K Free: 91080K (71%)
12 ms. Memory: 129024K Free: 90056K (70%)
4 ms. Memory: 129024K Free: 89542K (69%)
/home/travis/build/icyphy/ptII/ptolemy/actor/lib/test/AddSubtract.tcl
14 ms. Memory: 129024K Free: 87479K (68%)
15 ms. Memory: 129024K Free: 86984K (67%)
5 ms. Memory: 129024K Free: 85960K (67%)
7 ms. Memory: 129024K Free: 85431K (66%)
39 ms. Memory: 129024K Free: 82374K (64%)
5 ms. Memory: 129024K Free: 81319K (63%)
/home/travis/build/icyphy/ptII/ptolemy/actor/lib/test/Average.tcl
7 ms. Memory: 129024K Free: 79816K (62%)
6 ms. Memory: 129024K Free: 78792K (61%)
/home/travis/build/icyphy/ptII/ptolemy/actor/lib/test/Bernoulli.tcl
4 ms. Memory: 129024K Free: 77247K (60%)
2 ms. Memory: 129024K Free: 76744K (59%)
/home/travis/build/icyphy/ptII/ptolemy/actor/lib/test/Clock.tcl
preinitializing
resolving types
initializing
executing number 1
wrapping up
idle
33 ms. Memory: 129024K Free: 74182K (57%)
Completed execution with 5 iterations
preinitializing
resolving types
initializing
executing number 1
wrapping up
idle
3 ms. Memory: 129024K Free: 73143K (57%)
Completed execution with 5 iterations
preinitializing
resolving types
initializing
executing number 1
wrapping up
idle
6 ms. Memory: 129024K Free: 72648K (56%)
Completed execution with 5 iterations
/home/travis/build/icyphy/ptII/ptolemy/actor/lib/test/Commutator.tcl
13 ms. Memory: 129024K Free: 70600K (55%)
6 ms. Memory: 129024K Free: 69576K (54%)
16 ms. Memory: 129024K Free: 63927K (50%)
/home/travis/build/icyphy/ptII/ptolemy/actor/lib/test/Const.tcl
4 ms. Memory: 129024K Free: 62408K (48%)
2 ms. Memory: 129024K Free: 61879K (48%)
2 ms. Memory: 129024K Free: 61384K (48%)
2 ms. Memory: 129024K Free: 60870K (47%)
2 ms. Memory: 129024K Free: 60360K (47%)
20 ms. Memory: 129024K Free: 58312K (45%)
4 ms. Memory: 129024K Free: 57288K (44%)
3 ms. Memory: 129024K Free: 56767K (44%)
/home/travis/build/icyphy/ptII/ptolemy/actor/lib/test/CurrentTime.tcl
preinitializing
resolving types
initializing
executing number 1
wrapping up
idle
7 ms. Memory: 129024K Free: 54711K (42%)
Completed execution with 11 iterations
/home/travis/build/icyphy/ptII/ptolemy/actor/lib/test/DB.tcl
4 ms. Memory: 129024K Free: 53192K (41%)
10 ms. Memory: 129024K Free: 52168K (40%)
2 ms. Memory: 129024K Free: 52168K (40%)
/home/travis/build/icyphy/ptII/ptolemy/actor/lib/test/DiscreteRandomSource.tcl
preinitializing
resolving types
initializing
executing number 1
wrapping up
idle
3 ms. Memory: 129024K Free: 50615K (39%)
Completed execution with 4 iterations
preinitializing
resolving types
initializing
executing number 1
wrapping up
idle
2 ms. Memory: 129024K Free: 50120K (39%)
Completed execution with 4 iterations
preinitializing
resolving types
initializing
executing number 1
wrapping up
idle
2 ms. Memory: 129024K Free: 49591K (38%)
Completed execution with 4 iterations
preinitializing
resolving types
initializing
executing number 1
wrapping up
idle
2 ms. Memory: 129024K Free: 49096K (38%)
Completed execution with 4 iterations
preinitializing
resolving types
initializing
executing number 1
wrapping up
idle
4 ms. Memory: 129024K Free: 48567K (38%)
Completed execution with 4 iterations
/home/travis/build/icyphy/ptII/ptolemy/actor/lib/test/Distributor.tcl
25 ms. Memory: 129024K Free: 113771K (88%)
10 ms. Memory: 129024K Free: 112770K (87%)
StreamChangeRequest.changeExecuted(): <deleteEntity name="rec2"/> succeeded
StreamChangeRequest.changeExecuted(): <deleteRelation name="r2"/> succeeded
StreamChangeRequest.changeExecuted(): Record firings per iteration succeeded
5 ms. Memory: 129024K Free: 110699K (86%)
/home/travis/build/icyphy/ptII/ptolemy/actor/lib/test/Exit.tcl
Exit.tcl: this will print a message about Manager.exitAfterWrapup, which can be ignored.
9 ms. Memory: 129024K Free: 107742K (84%)
/home/travis/build/icyphy/ptII/ptolemy/actor/lib/test/Expression.tcl
12 ms. Memory: 129024K Free: 104068K (81%)
3 ms. Memory: 129024K Free: 103576K (80%)
2 ms. Memory: 129024K Free: 102530K (79%)
preinitializing
resolving types
initializing
executing number 1
wrapping up
idle
4 ms. Memory: 129024K Free: 101483K (79%)
Completed execution with 6 iterations
2 ms. Memory: 129024K Free: 100472K (78%)
3 ms. Memory: 129024K Free: 99442K (77%)
4 ms. Memory: 129024K Free: 98442K (76%)
2 ms. Memory: 129024K Free: 97387K (75%)
10 ms. Memory: 129024K Free: 95876K (74%)
/home/travis/build/icyphy/ptII/ptolemy/actor/lib/test/Gaussian.tcl
9 ms. Memory: 129024K Free: 94330K (73%)
sleeping 1 seconds: ................................................................................................................................................................................................................................................................................................................................................................................................................................................................................................................................................................................................................................................................................................................................................................................................................................................................................................................................................................................................................................................................................................................................................................................................................................................................................................................................................................................................................................................................................................................................................................................................................................................................................................................................................................................................................................................................................................................................................................................................................................................................................................................................................................................................................................................................................................................................................................................................................................................................................................................................................................................................................................................................................................................................................................................................................................................................................................................................................................................................................................................................................................................................................................................................................................................................................................................................................................................................................................................................................................................................................................................................................................................................................................................................................................................................................................................................................................................................................................................................................................................................................................................................................................................................................................................................................................................................................................................................................................................................................................................................................................................................................................................................................................................................................................................................................................................................................................................................................................................................................................................................................................................................................................................................................................................................................................................................................................................................................................................................................................................................................................................................................................................................................................................................................................................................................................................................................................................................................................................................................................................................................................................................................................................................................................................................................................................................................................................................................................................................................................................................................................................................................................................................................................................................................................................................................................................................................................................................................................................................................................................................................................................................................................................................................................................................................................................................................................................................................................................................................................................................................................................................................................................................................................................................................................................................................................................................................................................................................................................................................................................................................................................................................................................................................................................................................................................................................................................................................................................................................................................................................................................................................................................................................................................................................................................................................................................................................................................................................................................................................................................................................................................................................................................................................................................................................................................................................................................................................................................................................................................................................................................................................................................................................................................................................................................................................................................................................................................................................................................................................................................................................................................................................................................................................................................................................................................................................................................................................................................................................................................................................................................................................................................................................................................................................................................................................................................................................................................................................................................................................................................................................................................................................................................................................................................................................................................................................................................................................................................................................................................................................................................................................................................................................................................................................................................................................................................................................................................................................................................................................................................................................................................................................................................................................................................................................................................................................................................................................................................................................................................................................................................................................................................................................................................................................................................................................................................................................................................................................................................................................................................................................................................................................................................................................................................................................................................................................................................................................................................................................................................................................................................................................................................................................................................................................................................................................................................................................................................................................................................................................................................................................................................................................................................................................................................................................................................................................................................................................................................................................................................................................................................................................................................................................................................................................................................................................................................................................................................................................................................................................................................................................................................................................................................................................................................................................................................................................................................................................................................................................................................................................................................................................................................................................................................................................................................................................................................................................................................................................................................................................................................................................................................................................................................................................................................................................................................................................................................................................................................................................................................................................................................................................................................................................................................................................................................................................................................................................................................................................................................................................................................................................................................................................................................................................................................................................................................................................................................................................................................................................................................................................................................................................................................................................................................................................................................................................................................................................................................................................................................................................................................................................................................................................................................................................................................................................................................................................................................................................................................................................................................................................................................................................................................................................................................................................................................................................................................................................................................................................................................................................................................................................................................................................................................................................................................................................................................................................................................................................................................................................................................................................................................................................................................................................................................................................................................................................................................................................................................................................................................................................................................................................................................................................................................................................................................................................................................................................................................................................................................................................................................................................................................................................................................................................................................................................................................................................................................................................................................................................................................................................................................................................................................................................................................................................................5 ms. Memory: 129024K Free: 69369K (54%)
3 ms. Memory: 129024K Free: 68472K (53%)
2 ms. Memory: 129024K Free: 67976K (53%)
4 ms. Memory: 129024K Free: 66952K (52%)
3 ms. Memory: 129024K Free: 66408K (51%)
/home/travis/build/icyphy/ptII/ptolemy/actor/lib/test/IIR.tcl
/home/travis/build/icyphy/ptII/ptolemy/actor/lib/test/Interpolator.tcl
3 ms. Memory: 129024K Free: 62856K (49%)
7 ms. Memory: 129024K Free: 113166K (88%)
2 ms. Memory: 129024K Free: 112253K (87%)
3 ms. Memory: 129024K Free: 111757K (87%)
2 ms. Memory: 129024K Free: 111229K (86%)
1 ms. Memory: 129024K Free: 110205K (85%)
2 ms. Memory: 129024K Free: 109195K (85%)
1 ms. Memory: 129024K Free: 108171K (84%)
2 ms. Memory: 129024K Free: 107661K (83%)
2 ms. Memory: 129024K Free: 106637K (83%)
/home/travis/build/icyphy/ptII/ptolemy/actor/lib/test/MathFunction.tcl
4 ms. Memory: 129024K Free: 104589K (81%)
2 ms. Memory: 129024K Free: 103565K (80%)
2 ms. Memory: 129024K Free: 102541K (79%)
2 ms. Memory: 129024K Free: 101517K (79%)
3 ms. Memory: 129024K Free: 100493K (78%)
5 ms. Memory: 129024K Free: 98445K (76%)
/home/travis/build/icyphy/ptII/ptolemy/actor/lib/test/Maximum.tcl
2 ms. Memory: 129024K Free: 96397K (75%)
2 ms. Memory: 129024K Free: 95877K (74%)
1 ms. Memory: 129024K Free: 95373K (74%)
6 ms. Memory: 129024K Free: 94349K (73%)
/home/travis/build/icyphy/ptII/ptolemy/actor/lib/test/Minimum.tcl
5 ms. Memory: 129024K Free: 92811K (72%)
4 ms. Memory: 129024K Free: 92301K (72%)
3 ms. Memory: 129024K Free: 91277K (71%)
2 ms. Memory: 129024K Free: 90763K (70%)
/home/travis/build/icyphy/ptII/ptolemy/actor/lib/test/MultiplyDivide.tcl
8 ms. Memory: 129024K Free: 88715K (69%)
4 ms. Memory: 129024K Free: 88205K (68%)
2 ms. Memory: 129024K Free: 87677K (68%)
2 ms. Memory: 129024K Free: 86667K (67%)
12 ms. Memory: 129024K Free: 86157K (67%)
/home/travis/build/icyphy/ptII/ptolemy/actor/lib/test/OrderedMerge.tcl
Connections changed on port: inputA
Connections changed on port: inputB
Connections changed on port: output
Connections changed on port: output
Connections changed on port: output
Connections changed on port: input
.top. Preinitializing ...
Invoking preinitialize():  .top.OrderedMerge
Called preinitialize()
Invoking preinitialize():  .top.Ramp
Called preinitialize()
Invoking preinitialize():  .top.Ramp2
Called preinitialize()
Invoking preinitialize():  .top.Test
Called preinitialize()
Connections changed on port: inputA
Connections changed on port: output
Connections changed on port: output
Connections changed on port: input
Connections changed on port: inputB
Connections changed on port: output
.top. Finished preinitialize().
Called initialize().
Invoking initialize():  .top.OrderedMerge
Initializing actor: .top.OrderedMerge
Adding a thread: .top.OrderedMerge
Invoking initialize():  .top.Ramp
Initializing actor: .top.Ramp
Adding a thread: .top.Ramp
Invoking initialize():  .top.Ramp2
Initializing actor: .top.Ramp2
Adding a thread: .top.Ramp2
Invoking initialize():  .top.Test
Initializing actor: .top.Test
Adding a thread: .top.Test
Called fire().
Checking for deadlock:
-- Starting thread.
Called initialize()
Called prefire()
Called fire()
-- Starting thread.
Called initialize()
Called prefire()
Called fire()
-- Starting thread.
Called initialize()
Called prefire()
-- Starting thread.
Called initialize()
Called prefire()
Called fire()
There are 0 Blocked actors, 0 Stopped actors, and 4 active threads.
Waiting for actors to stop.
Called fire()
Checking for deadlock:
There are 2 Blocked actors, 0 Stopped actors, and 4 active threads.
Waiting for actors to stop.
Checking for deadlock:
There are 1 Blocked actors, 0 Stopped actors, and 4 active threads.
Waiting for actors to stop.
Called postfire()
Called prefire()
Called fire()
Called postfire()
Called prefire()
Called fire()
Read input token from inputA with value 0.0
Next port to read input from is inputB
Called postfire()
Called prefire()
Called fire()
Called postfire()
Called prefire()
Called fire()
Read input token from inputB with value 0.0
Called postfire()
Called prefire()
Called fire()
Sent output token with value 0.0
Next port to read input from is inputA
Called postfire()
Called prefire()
Called fire()
Read input token from inputA with value 1.0
Checking for deadlock:
There are 2 Blocked actors, 0 Stopped actors, and 4 active threads.
Waiting for actors to stop.
Called postfire()
Called prefire()
Called fire()
-- Read input: 0.0, which is expected to match: 0.0
Called prefire()
Called fire()
Checking for deadlock:
There are 3 Blocked actors, 0 Stopped actors, and 4 active threads.
Waiting for actors to stop.
Sent output token with value 0.0
Next port to read input from is inputB
Called postfire()
Called prefire()
Called fire()
Read input token from inputB with value 1.5
Called postfire()
Called prefire()
Called fire()
Checking for deadlock:
There are 3 Blocked actors, 0 Stopped actors, and 4 active threads.
Waiting for actors to stop.
-- Read input: 0.0, which is expected to match: 0.0
Sent output token with value 1.0
Called prefire()
Called fire()
Next port to read input from is inputA
Called postfire()
Called prefire()
Called fire()
-- Read input: 1.0, which is expected to match: 1.0
Read input token from inputA with value 2.0
Called prefire()
Called fire()
Sent output token with value 1.5
Next port to read input from is inputB
-- Read input: 1.5, which is expected to match: 1.5
Called postfire()
Called prefire()
Called fire()
Checking for deadlock:
There are 1 Blocked actors, 0 Stopped actors, and 4 active threads.
Waiting for actors to stop.
Called postfire()
Called prefire()
Called fire()
Called prefire()
Called fire()
Read input token from inputB with value 3.0
Sent output token with value 2.0
Next port to read input from is inputA
Called postfire()
Called prefire()
Called fire()
Read input token from inputA with value 3.0
Checking for deadlock:
There are 1 Blocked actors, 0 Stopped actors, and 4 active threads.
Waiting for actors to stop.
Called postfire()
Called prefire()
Called fire()
Called postfire()
Called prefire()
Called fire()
Checking for deadlock:
There are 2 Blocked actors, 0 Stopped actors, and 4 active threads.
-- Read input: 2.0, which is expected to match: 2.0
Called prefire()
Called fire()
Waiting for actors to stop.
Sent output token with value 3.0
Next port to read input from is inputB
Called postfire()
Called prefire()
Called fire()
Read input token from inputB with value 4.5
Checking for deadlock:
There are 1 Blocked actors, 0 Stopped actors, and 4 active threads.
Waiting for actors to stop.
-- Read input: 3.0, which is expected to match: 3.0
Called postfire()
Called prefire()
Called prefire()
Called fire()
Called fire()
Sent output token with value 3.0
-- Read input: 3.0, which is expected to match: 3.0
Next port to read input from is inputA
Called postfire()
Called prefire()
Called fire()
Called prefire()
Called fire()
Read input token from inputA with value 4.0
Sent output token with value 4.0
Next port to read input from is inputA
Called postfire()
Called prefire()
Called fire()
Checking for deadlock:
There are 2 Blocked actors, 0 Stopped actors, and 4 active threads.
Waiting for actors to stop.
Called postfire()
Called prefire()
-- Read input: 4.0, which is expected to match: 4.0
Called fire()
Called prefire()
Called fire()
Past the end of training data. Read and discard all inputs.
Checking for deadlock:
There are 2 Blocked actors, 0 Stopped actors, and 4 active threads.
Waiting for actors to stop.
Read input token from inputA with value 5.0
Sent output token with value 4.5
Next port to read input from is inputB
Called postfire()
Called prefire()
Called fire()
Read input token from inputB with value 6.0
Checking for deadlock:
There are 1 Blocked actors, 0 Stopped actors, and 4 active threads.
Waiting for actors to stop.
Called postfire()
Called prefire()
Called fire()
Called postfire()
Called prefire()
Called fire()
Checking for deadlock:
There are 3 Blocked actors, 0 Stopped actors, and 4 active threads.
Waiting for actors to stop.
Called prefire()
Called fire()
Past the end of training data. Read and discard all inputs.
Called prefire()
Called fire()
Past the end of training data. Read and discard all inputs.
Checking for deadlock:
There are 2 Blocked actors, 0 Stopped actors, and 4 active threads.
Waiting for actors to stop.
Checking for deadlock:
There are 3 Blocked actors, 0 Stopped actors, and 4 active threads.
Waiting for actors to stop.
Sent output token with value 5.0
Next port to read input from is inputA
Called postfire()
Called prefire()
Called fire()
Read input token from inputA with value 6.0
Sent output token with value 6.0
Next port to read input from is inputB
Called postfire()
Called prefire()
Called fire()
Read input token from inputB with value 7.5
Checking for deadlock:
There are 1 Blocked actors, 0 Stopped actors, and 4 active threads.
Waiting for actors to stop.
Called postfire()
Called prefire()
Called fire()
Called prefire()
Called fire()
Checking for deadlock:
Called postfire()
There are 1 Blocked actors, 0 Stopped actors, and 4 active threads.
Waiting for actors to stop.
Called prefire()
Called fire()
Past the end of training data. Read and discard all inputs.
Checking for deadlock:
Called prefire()
There are 2 Blocked actors, 0 Stopped actors, and 4 active threads.
Called fire()
Past the end of training data. Read and discard all inputs.
Waiting for actors to stop.
Sent output token with value 6.0
Next port to read input from is inputA
Called postfire()
Called prefire()
Called fire()
Read input token from inputA with value 7.0
Sent output token with value 7.0
Next port to read input from is inputA
Called postfire()
Called prefire()
Called fire()
Checking for deadlock:
There are 2 Blocked actors, 0 Stopped actors, and 4 active threads.
Waiting for actors to stop.
Called postfire()
Called prefire()
Called fire()
Checking for deadlock:
Called prefire()
Past the end of training data. Read and discard all inputs.
Called fire()
There are 1 Blocked actors, 0 Stopped actors, and 4 active threads.
Waiting for actors to stop.
-- Thread wrapup() called.
Called wrapup()
Thread .top.Ramp is exiting.
-- Thread stopped.
Read input token from inputA with value 8.0
Sent output token with value 7.5
Next port to read input from is inputB
Called postfire()
Called prefire()
Called fire()
Read input token from inputB with value 9.0
Checking for deadlock:
There are 1 Blocked actors, 0 Stopped actors, and 3 active threads.
Waiting for actors to stop.
Checking for deadlock:
Called postfire()
Called prefire()
Called prefire()
Called fire()
Called fire()
Past the end of training data. Read and discard all inputs.
There are 0 Blocked actors, 0 Stopped actors, and 3 active threads.
Waiting for actors to stop.
Checking for deadlock:
There are 2 Blocked actors, 0 Stopped actors, and 3 active threads.
Waiting for actors to stop.
Checking for deadlock:
There are 1 Blocked actors, 0 Stopped actors, and 3 active threads.
Waiting for actors to stop.
Called prefire()
Called fire()
Past the end of training data. Read and discard all inputs.
Checking for deadlock:
There are 2 Blocked actors, 0 Stopped actors, and 3 active threads.
Waiting for actors to stop.
Sent output token with value 8.0
Next port to read input from is inputA
Called postfire()
Called prefire()
Called fire()
Read input token from inputA with value 9.0
Called prefire()
Called fire()
Past the end of training data. Read and discard all inputs.
Checking for deadlock:
There are 2 Blocked actors, 0 Stopped actors, and 3 active threads.
Waiting for actors to stop.
Sent output token with value 9.0
Next port to read input from is inputB
Called postfire()
Called prefire()
Called fire()
Called postfire()
Called prefire()
Called fire()
Checking for deadlock:
There are 2 Blocked actors, 0 Stopped actors, and 3 active threads.
Waiting for actors to stop.
Read input token from inputB with value 10.5
Called prefire()
Called fire()
Past the end of training data. Read and discard all inputs.
Checking for deadlock:
There are 2 Blocked actors, 0 Stopped actors, and 3 active threads.
Waiting for actors to stop.
Sent output token with value 9.0
Next port to read input from is inputA
Called postfire()
Called prefire()
Called fire()
Checking for deadlock:
There are 3 Blocked actors, 0 Stopped actors, and 3 active threads.
Actors have stopped.
Checking for deadlock:
There are 3 Blocked actors, 0 Stopped actors, and 3 active threads.
Deadlock detected.
Resolving Deadlock
Checking for deadlock:
There are 3 Blocked actors, 0 Stopped actors, and 3 active threads.
Artificial Deadlock - increasing queue capacity.
increasing the capacity of receiver ptolemy.actor.TypedIOPort {.top.OrderedMerge.inputB} to 2
Director: Called postfire().
Called postfire().
_stopRequested = false
_stopFireRequested = false
Returning from postfire(): true
Called fire().
Checking for deadlock:
There are 2 Blocked actors, 0 Stopped actors, and 3 active threads.
Waiting for actors to stop.
-- Thread wrapup() called.
Called wrapup()
Thread .top.Ramp2 is exiting.
-- Thread stopped.
Checking for deadlock:
There are 2 Blocked actors, 0 Stopped actors, and 2 active threads.
Actors have stopped.
Checking for deadlock:
There are 2 Blocked actors, 0 Stopped actors, and 2 active threads.
Deadlock detected.
Resolving Deadlock
Checking for deadlock:
There are 2 Blocked actors, 0 Stopped actors, and 2 active threads.
Deadlock detected: no processes blocked on write, but some are blocked on read.
Called postfire().
_stopRequested = false
_stopFireRequested = false
Returning from postfire(): false
Finished deactivating branches.
Called wrapup().
-- Thread wrapup() called.
Called wrapup()
Thread .top.Test is exiting.
-- Thread stopped.
-- Blocked Receiver call threw TerminateProcessException.
-- Thread wrapup() called.
Called wrapup()
Thread .top.OrderedMerge is exiting.
-- Thread stopped.
-- Blocked Receiver call threw TerminateProcessException.
50 ms. Memory: 129024K Free: 81037K (63%)
.top. Preinitializing ...
Invoking preinitialize():  .top.OrderedMerge
Called preinitialize()
Invoking preinitialize():  .top.Ramp
Called preinitialize()
Invoking preinitialize():  .top.Ramp2
Called preinitialize()
Invoking preinitialize():  .top.Test
Called preinitialize()
.top. Finished preinitialize().
Called initialize().
Invoking initialize():  .top.OrderedMerge
Initializing actor: .top.OrderedMerge
Adding a thread: .top.OrderedMerge
Invoking initialize():  .top.Ramp
Initializing actor: .top.Ramp
Adding a thread: .top.Ramp
Invoking initialize():  .top.Ramp2
Initializing actor: .top.Ramp2
Adding a thread: .top.Ramp2
Invoking initialize():  .top.Test
Initializing actor: .top.Test
Adding a thread: .top.Test
-- Starting thread.
Called initialize()
Called prefire()
Called fire()
-- Starting thread.
Called initialize()
Called prefire()
Called fire()
Called postfire()
Called prefire()
Called fire()
-- Starting thread.
Called initialize()
Called prefire()
Called fire()
Called postfire()
Called prefire()
Called fire()
Called fire().
Checking for deadlock:
There are 3 Blocked actors, 0 Stopped actors, and 4 active threads.
Waiting for actors to stop.
-- Starting thread.
Called initialize()
Called prefire()
Called fire()
Called postfire()
Read input token from inputA with value 0.0
Checking for deadlock:
There are 2 Blocked actors, 0 Stopped actors, and 4 active threads.
Waiting for actors to stop.
Called prefire()
Called fire()
Checking for deadlock:
There are 3 Blocked actors, 0 Stopped actors, and 4 active threads.
Waiting for actors to stop.
Next port to read input from is inputB
Called postfire()
Called prefire()
Called fire()
Read input token from inputB with value 0.0
Called postfire()
Called prefire()
Called fire()
Sent output token with value 0.0
Next port to read input from is inputA
Called postfire()
Called prefire()
-- Read input: 0.0, which is expected to match: 0.0
Called fire()
Called prefire()
Called fire()
Read input token from inputA with value 1.0
Checking for deadlock:
There are 2 Blocked actors, 0 Stopped actors, and 4 active threads.
Waiting for actors to stop.
Sent output token with value 0.0
Called postfire()
Next port to read input from is inputB
Called prefire()
Called fire()
Called postfire()
Called prefire()
Called fire()
Checking for deadlock:
There are 2 Blocked actors, 0 Stopped actors, and 4 active threads.
Waiting for actors to stop.
-- Read input: 0.0, which is expected to match: 0.0
Called prefire()
Called fire()
Called postfire()
Called prefire()
Read input token from inputB with value 1.5
Called fire()
Checking for deadlock:
Sent output token with value 1.0
There are 2 Blocked actors, 0 Stopped actors, and 4 active threads.
Waiting for actors to stop.
Next port to read input from is inputA
-- Read input: 1.0, which is expected to match: 1.0
Called prefire()
Called fire()
Called postfire()
Called prefire()
Called fire()
Checking for deadlock:
There are 2 Blocked actors, 0 Stopped actors, and 4 active threads.
Waiting for actors to stop.
Read input token from inputA with value 2.0
Called postfire()
Called prefire()
Called fire()
Sent output token with value 1.5
Checking for deadlock:
There are 2 Blocked actors, 0 Stopped actors, and 4 active threads.
Waiting for actors to stop.
-- Read input: 1.5, which is expected to match: 1.5
Called prefire()
Called fire()
Checking for deadlock:
There are 3 Blocked actors, 0 Stopped actors, and 4 active threads.
Waiting for actors to stop.
Next port to read input from is inputB
Called postfire()
Called prefire()
Called fire()
Read input token from inputB with value 3.0
Called postfire()
Called prefire()
Called fire()
Sent output token with value 2.0
Checking for deadlock:
Next port to read input from is inputA
Called postfire()
There are 2 Blocked actors, 0 Stopped actors, and 4 active threads.
Called prefire()
Waiting for actors to stop.
Called fire()
-- Read input: 2.0, which is expected to match: 2.0
Called prefire()
Called fire()
Checking for deadlock:
There are 3 Blocked actors, 0 Stopped actors, and 4 active threads.
Waiting for actors to stop.
Checking for deadlock:
There are 2 Blocked actors, 0 Stopped actors, and 4 active threads.
Waiting for actors to stop.
Read input token from inputA with value 3.0
Called postfire()
Called prefire()
Sent output token with value 3.0
Called fire()
Next port to read input from is inputB
Called postfire()
Called prefire()
Called fire()
Checking for deadlock:
There are 2 Blocked actors, 0 Stopped actors, and 4 active threads.
Waiting for actors to stop.
-- Read input: 3.0, which is expected to match: 3.0
Called prefire()
Called fire()
Called postfire()
Read input token from inputB with value 4.5
Checking for deadlock:
There are 2 Blocked actors, 0 Stopped actors, and 4 active threads.
Waiting for actors to stop.
Called prefire()
Called fire()
Checking for deadlock:
There are 2 Blocked actors, 0 Stopped actors, and 4 active threads.
Waiting for actors to stop.
-- Read input: 3.0, which is expected to match: 3.0
Called prefire()
Called fire()
Sent output token with value 3.0
Checking for deadlock:
There are 3 Blocked actors, 0 Stopped actors, and 4 active threads.
Waiting for actors to stop.
Next port to read input from is inputA
Called postfire()
Called prefire()
Called fire()
Checking for deadlock:
There are 2 Blocked actors, 0 Stopped actors, and 4 active threads.
Waiting for actors to stop.
Read input token from inputA with value 4.0
Called postfire()
Called prefire()
Called fire()
Sent output token with value 4.0
Next port to read input from is inputA
Called postfire()
Called prefire()
Called fire()
Checking for deadlock:
There are 2 Blocked actors, 0 Stopped actors, and 4 active threads.
Waiting for actors to stop.
-- Read input: 4.0, which is expected to match: 4.0
Called prefire()
Called fire()
Past the end of training data. Read and discard all inputs.
Checking for deadlock:
There are 2 Blocked actors, 0 Stopped actors, and 4 active threads.
Read input token from inputA with value 5.0
Waiting for actors to stop.
Sent output token with value 4.5
Called postfire()
Next port to read input from is inputB
Called prefire()
Called fire()
Checking for deadlock:
There are 2 Blocked actors, 0 Stopped actors, and 4 active threads.
Waiting for actors to stop.
Called prefire()
Called fire()
Past the end of training data. Read and discard all inputs.
Called postfire()
Called prefire()
Called fire()
Checking for deadlock:
There are 2 Blocked actors, 0 Stopped actors, and 4 active threads.
Waiting for actors to stop.
Read input token from inputB with value 6.0
Called postfire()
Called prefire()
Called fire()
Sent output token with value 5.0
Checking for deadlock:
Called prefire()
There are 2 Blocked actors, 0 Stopped actors, and 4 active threads.
Waiting for actors to stop.
Called fire()
Past the end of training data. Read and discard all inputs.
Next port to read input from is inputA
Called postfire()
Checking for deadlock:
There are 3 Blocked actors, 0 Stopped actors, and 4 active threads.
Waiting for actors to stop.
Called prefire()
Called fire()
Called postfire()
Called prefire()
Called fire()
Checking for deadlock:
There are 3 Blocked actors, 0 Stopped actors, and 4 active threads.
Waiting for actors to stop.
Read input token from inputA with value 6.0
Checking for deadlock:
There are 2 Blocked actors, 0 Stopped actors, and 4 active threads.
Waiting for actors to stop.
Called prefire()
Called fire()
Past the end of training data. Read and discard all inputs.
Sent output token with value 6.0
Checking for deadlock:
There are 3 Blocked actors, 0 Stopped actors, and 4 active threads.
Next port to read input from is inputB
Called postfire()
Waiting for actors to stop.
Called prefire()
Called fire()
Called postfire()
Called prefire()
Called fire()
Checking for deadlock:
There are 3 Blocked actors, 0 Stopped actors, and 4 active threads.
Waiting for actors to stop.
Read input token from inputB with value 7.5
Called prefire()
Called fire()
Sent output token with value 6.0
Checking for deadlock:
There are 2 Blocked actors, 0 Stopped actors, and 4 active threads.
Next port to read input from is inputA
Called postfire()
Past the end of training data. Read and discard all inputs.
Called prefire()
Called fire()
Waiting for actors to stop.
Checking for deadlock:
Read input token from inputA with value 7.0
There are 1 Blocked actors, 0 Stopped actors, and 4 active threads.
Waiting for actors to stop.
Checking for deadlock:
There are 2 Blocked actors, 0 Stopped actors, and 4 active threads.
Waiting for actors to stop.
Called postfire()
Called prefire()
Called fire()
Sent output token with value 7.0
Next port to read input from is inputA
Called postfire()
Called prefire()
Called fire()
Read input token from inputA with value 8.0
Checking for deadlock:
-- Thread wrapup() called.
Called wrapup()
There are 2 Blocked actors, 0 Stopped actors, and 4 active threads.
Waiting for actors to stop.
Thread .top.Ramp is exiting.
Called prefire()
Called fire()
-- Thread stopped.
Checking for deadlock:
There are 1 Blocked actors, 0 Stopped actors, and 3 active threads.
Waiting for actors to stop.
Past the end of training data. Read and discard all inputs.
Checking for deadlock:
There are 2 Blocked actors, 0 Stopped actors, and 3 active threads.
Waiting for actors to stop.
Called prefire()
Called fire()
Sent output token with value 7.5
Checking for deadlock:
There are 1 Blocked actors, 0 Stopped actors, and 3 active threads.
Waiting for actors to stop.
Next port to read input from is inputB
Called postfire()
Past the end of training data. Read and discard all inputs.
Called prefire()
Called fire()
Called postfire()
Called prefire()
Called fire()
Read input token from inputB with value 9.0
Checking for deadlock:
There are 2 Blocked actors, 0 Stopped actors, and 3 active threads.
Waiting for actors to stop.
Called prefire()
Called fire()
Sent output token with value 8.0
Checking for deadlock:
There are 1 Blocked actors, 0 Stopped actors, and 3 active threads.
Waiting for actors to stop.
Past the end of training data. Read and discard all inputs.
Next port to read input from is inputA
Called postfire()
Checking for deadlock:
Called prefire()
Called fire()
There are 2 Blocked actors, 0 Stopped actors, and 3 active threads.
Waiting for actors to stop.
Read input token from inputA with value 9.0
Sent output token with value 9.0
Called prefire()
Called fire()
Next port to read input from is inputB
Called postfire()
Called prefire()
Called fire()
Checking for deadlock:
There are 1 Blocked actors, 0 Stopped actors, and 3 active threads.
Waiting for actors to stop.
Past the end of training data. Read and discard all inputs.
Called postfire()
Read input token from inputB with value 10.5
Called prefire()
Called fire()
Checking for deadlock:
Sent output token with value 9.0
There are 1 Blocked actors, 0 Stopped actors, and 3 active threads.
Waiting for actors to stop.
Next port to read input from is inputA
Called postfire()
Called prefire()
Called fire()
Called prefire()
Called fire()
Past the end of training data. Read and discard all inputs.
Checking for deadlock:
There are 3 Blocked actors, 0 Stopped actors, and 3 active threads.
Actors have stopped.
Checking for deadlock:
There are 3 Blocked actors, 0 Stopped actors, and 3 active threads.
Deadlock detected.
Resolving Deadlock
Checking for deadlock:
There are 3 Blocked actors, 0 Stopped actors, and 3 active threads.
Artificial Deadlock - increasing queue capacity.
increasing the capacity of receiver ptolemy.actor.TypedIOPort {.top.OrderedMerge.inputB} to 2
Director: Called postfire().
Called postfire().
_stopRequested = false
_stopFireRequested = false
Returning from postfire(): true
Called fire().
Checking for deadlock:
There are 2 Blocked actors, 0 Stopped actors, and 3 active threads.
Waiting for actors to stop.
-- Thread wrapup() called.
Called wrapup()
Thread .top.Ramp2 is exiting.
-- Thread stopped.
Checking for deadlock:
There are 2 Blocked actors, 0 Stopped actors, and 2 active threads.
Actors have stopped.
Checking for deadlock:
There are 2 Blocked actors, 0 Stopped actors, and 2 active threads.
Deadlock detected.
Resolving Deadlock
Checking for deadlock:
There are 2 Blocked actors, 0 Stopped actors, and 2 active threads.
Deadlock detected: no processes blocked on write, but some are blocked on read.
Called postfire().
_stopRequested = false
_stopFireRequested = false
Returning from postfire(): false
Finished deactivating branches.
Called wrapup().
-- Thread wrapup() called.
Called wrapup()
-- Thread wrapup() called.
Called wrapup()
Thread .top.Test is exiting.
-- Thread stopped.
-- Blocked Receiver call threw TerminateProcessException.
Thread .top.OrderedMerge is exiting.
-- Thread stopped.
-- Blocked Receiver call threw TerminateProcessException.
37 ms. Memory: 129024K Free: 78475K (61%)
/home/travis/build/icyphy/ptII/ptolemy/actor/lib/test/Publisher.tcl
26 ms. Memory: 129024K Free: 72331K (56%)
4 ms. Memory: 129024K Free: 67205K (52%)
2 ms. Memory: 129024K Free: 63629K (49%)
11 ms. Memory: 129024K Free: 62605K (49%)
2 ms. Memory: 129024K Free: 61581K (48%)
6 ms. Memory: 129024K Free: 111963K (87%)
4 ms. Memory: 129024K Free: 110939K (86%)
14 ms. Memory: 129024K Free: 110411K (86%)
14 ms. Memory: 129024K Free: 100185K (78%)
3 ms. Memory: 129024K Free: 96603K (75%)
2 ms. Memory: 129024K Free: 95579K (74%)
3 ms. Memory: 129024K Free: 93531K (72%)
6 ms. Memory: 129024K Free: 85849K (67%)
17 ms. Memory: 129024K Free: 76123K (59%)
5 ms. Memory: 129024K Free: 65355K (51%)
/home/travis/build/icyphy/ptII/ptolemy/actor/lib/test/Pulse.tcl
4 ms. Memory: 161792K Free: 122596K (76%)
8 ms. Memory: 161792K Free: 121586K (75%)
2 ms. Memory: 161792K Free: 121076K (75%)
4 ms. Memory: 161792K Free: 120532K (74%)
4 ms. Memory: 161792K Free: 120052K (74%)
6 ms. Memory: 161792K Free: 119028K (74%)
8 ms. Memory: 161792K Free: 118004K (73%)
1 ms. Memory: 161792K Free: 117460K (73%)
1 ms. Memory: 161792K Free: 116466K (72%)
/home/travis/build/icyphy/ptII/ptolemy/actor/lib/test/Ramp.tcl
2 ms. Memory: 161792K Free: 114932K (71%)
1 ms. Memory: 161792K Free: 113908K (70%)
2 ms. Memory: 161792K Free: 113380K (70%)
2 ms. Memory: 161792K Free: 112340K (69%)
3 ms. Memory: 161792K Free: 111860K (69%)
4 ms. Memory: 161792K Free: 110836K (69%)
4 ms. Memory: 161792K Free: 109812K (68%)
5 actors
7000 microseconds per iteration to create
8 ms. Memory: 161792K Free: 107250K (66%)
2 ms. Memory: 161792K Free: 106740K (66%)
6 ms. Memory: 161792K Free: 105716K (65%)
2 ms. Memory: 161792K Free: 105202K (65%)
50 actors
48000 microseconds per iteration to create
42 ms. Memory: 161792K Free: 89842K (56%)
4 ms. Memory: 161792K Free: 88308K (55%)
12 ms. Memory: 161792K Free: 87284K (54%)
8 ms. Memory: 161792K Free: 86260K (53%)
500 actors
1367000 microseconds per iteration to create
183 ms. Memory: 161792K Free: 72461K (45%)
28 ms. Memory: 161792K Free: 67347K (42%)
26 ms. Memory: 161792K Free: 61717K (38%)
42 ms. Memory: 161792K Free: 134705K (83%)
/home/travis/build/icyphy/ptII/ptolemy/actor/lib/test/RampContinuous.tcl
6 ms. Memory: 161792K Free: 133134K (82%)
/home/travis/build/icyphy/ptII/ptolemy/actor/lib/test/RecordAssembler.tcl
4 ms. Memory: 161792K Free: 131633K (81%)
3 ms. Memory: 161792K Free: 130609K (81%)
/home/travis/build/icyphy/ptII/ptolemy/actor/lib/test/RecordDisassembler.tcl
5 ms. Memory: 161792K Free: 129064K (80%)
2 ms. Memory: 161792K Free: 128047K (79%)
2 ms. Memory: 161792K Free: 127023K (79%)
/home/travis/build/icyphy/ptII/ptolemy/actor/lib/test/Scale.tcl
2 ms. Memory: 161792K Free: 125489K (78%)
1 ms. Memory: 161792K Free: 124465K (77%)
1 ms. Memory: 161792K Free: 123936K (77%)
2 ms. Memory: 161792K Free: 122912K (76%)
1 ms. Memory: 161792K Free: 121872K (75%)
/home/travis/build/icyphy/ptII/ptolemy/actor/lib/test/SequentialClock.tcl
preinitializing
resolving types
initializing
executing number 1
wrapping up
idle
1 ms. Memory: 161792K Free: 120848K (75%)
Completed execution with 5 iterations
preinitializing
resolving types
initializing
executing number 1
wrapping up
idle
1 ms. Memory: 161792K Free: 120369K (74%)
Completed execution with 5 iterations
preinitializing
resolving types
initializing
executing number 1
wrapping up
idle
1 ms. Memory: 161792K Free: 119855K (74%)
Completed execution with 5 iterations
/home/travis/build/icyphy/ptII/ptolemy/actor/lib/test/SetVariable.tcl
3 ms. Memory: 161792K Free: 117792K (73%)
/home/travis/build/icyphy/ptII/ptolemy/actor/lib/test/Sinewave.tcl
/home/travis/build/icyphy/ptII/ptolemy/actor/lib/test/SubscriptionAggregator.tcl
4 ms. Memory: 161792K Free: 106536K (66%)
1 ms. Memory: 161792K Free: 105519K (65%)
0 ms. Memory: 161792K Free: 105519K (65%)
0 ms. Memory: 161792K Free: 105009K (65%)
1 ms. Memory: 161792K Free: 101392K (63%)
8 ms. Memory: 161792K Free: 98865K (61%)
...............................................................955 ms. Memory: 307200K Free: 211620K (69%)
/home/travis/build/icyphy/ptII/ptolemy/actor/lib/test/Test.tcl
 The next command will produce a warning about training mode,
   which may be ignored.
5 ms. Memory: 307200K Free: 209550K (68%)
3 ms. Memory: 307200K Free: 209071K (68%)
1 ms. Memory: 307200K Free: 208542K (68%)
1 ms. Memory: 307200K Free: 207533K (68%)
5 ms. Memory: 307200K Free: 207023K (67%)
3 ms. Memory: 307200K Free: 205999K (67%)
5 ms. Memory: 307200K Free: 204446K (67%)
 The next command will produce a warning about training mode,
   which may be ignored.
4 ms. Memory: 307200K Free: 202398K (66%)
 The next command will produce a warning about training mode,
   which may be ignored.
2 ms. Memory: 307200K Free: 200879K (65%)
1 ms. Memory: 307200K Free: 200365K (65%)
2 ms. Memory: 307200K Free: 200365K (65%)
3 ms. Memory: 307200K Free: 199341K (65%)
7 ms. Memory: 307200K Free: 198831K (65%)
6 ms. Memory: 307200K Free: 194735K (63%)
/home/travis/build/icyphy/ptII/ptolemy/actor/lib/test/TestExceptionHandler.tcl
 The next command will produce a warning about training mode,
   which may be ignored.
3 ms. Memory: 307200K Free: 193711K (63%)
1 ms. Memory: 307200K Free: 193182K (63%)
1 ms. Memory: 307200K Free: 192687K (63%)
/home/travis/build/icyphy/ptII/ptolemy/actor/lib/test/UnionDisassembler.tcl
21 ms. Memory: 307200K Free: 185005K (60%)
/home/travis/build/icyphy/ptII/ptolemy/actor/lib/test/VariableClock.tcl
preinitializing
resolving types
initializing
executing number 1
wrapping up
idle
9 ms. Memory: 307200K Free: 183471K (60%)
Completed execution with 11 iterations
preinitializing
resolving types
initializing
executing number 1
wrapping up
idle
8 ms. Memory: 307200K Free: 181926K (59%)
Completed execution with 10 iterations
05/20/20 02:27:41
Failed: 0  Total Tests: 233  ((Passed: 233, Newly Passed: 0)  Known Failed: 0) /home/travis/build/icyphy/ptII/ptolemy/actor/lib/test
----------------- testing (KnownFailure) /home/travis/build/icyphy/ptII/ptolemy/actor/lib/test/auto/knownFailedTests/PublisherPortToplevelSubscriber.xml
0 ms. Memory: 307200K Free: 178351K (58%)
Known Failure: java.lang.reflect.InvocationTargetException
----------------- testing (KnownFailure) /home/travis/build/icyphy/ptII/ptolemy/actor/lib/test/auto/knownFailedTests/PublisherSubscriberPortToplevel.xml
1 ms. Memory: 307200K Free: 174765K (57%)
Known Failure: java.lang.reflect.InvocationTargetException
----------------- testing (KnownFailure) /home/travis/build/icyphy/ptII/ptolemy/actor/lib/test/auto/knownFailedTests/PublisherSubscriptionAggregatorPort.xml
0 ms. Memory: 307200K Free: 170669K (56%)
Known Failure: java.lang.reflect.InvocationTargetException
----------------- testing (KnownFailure) /home/travis/build/icyphy/ptII/ptolemy/actor/lib/test/auto/knownFailedTests/sizedarray3.xml
4 ms. Memory: 307200K Free: 166573K (54%)
Known Failure: java.lang.reflect.InvocationTargetException
No auto/linux-amd64/*.xml tests in /home/travis/build/icyphy/ptII/ptolemy/actor/lib/test
AutoTests.java: About to close Vertx.
AutoTests.java: Vertx closed.

===========================================================================================
----------------- testing Wed May 20 14:27:41 UTC 2020 /home/travis/build/icyphy/ptII/ptolemy/actor/lib/test/auto/AbsoluteValue.xml
----------------- Instantiating /home/travis/build/icyphy/ptII/ptolemy/actor/lib/test/auto/AbsoluteValue.xml
3 ms. Memory: 307200K Free: 144045K (47%)
----------------- Invoking toplevel() on ptolemy.moml.MoMLSimpleApplication@1d0dd158
----------------- Done invoking toplevel() on ptolemy.moml.MoMLSimpleApplication@1d0dd158
reloadAllAccessors: .AbsoluteValue

===========================================================================================
----------------- testing Wed May 20 14:27:41 UTC 2020 /home/travis/build/icyphy/ptII/ptolemy/actor/lib/test/auto/AbsoluteValue2.xml
----------------- Instantiating /home/travis/build/icyphy/ptII/ptolemy/actor/lib/test/auto/AbsoluteValue2.xml
4 ms. Memory: 307200K Free: 136877K (45%)
----------------- Invoking toplevel() on ptolemy.moml.MoMLSimpleApplication@182a4583
----------------- Done invoking toplevel() on ptolemy.moml.MoMLSimpleApplication@182a4583
reloadAllAccessors: .AbsoluteValue2

===========================================================================================
----------------- testing Wed May 20 14:27:42 UTC 2020 /home/travis/build/icyphy/ptII/ptolemy/actor/lib/test/auto/Accumulator.xml
----------------- Instantiating /home/travis/build/icyphy/ptII/ptolemy/actor/lib/test/auto/Accumulator.xml
5 ms. Memory: 307200K Free: 130733K (43%)
----------------- Invoking toplevel() on ptolemy.moml.MoMLSimpleApplication@6222bcfd
----------------- Done invoking toplevel() on ptolemy.moml.MoMLSimpleApplication@6222bcfd
reloadAllAccessors: .Accumulator

===========================================================================================
----------------- testing Wed May 20 14:27:42 UTC 2020 /home/travis/build/icyphy/ptII/ptolemy/actor/lib/test/auto/Accumulator2.xml
----------------- Instantiating /home/travis/build/icyphy/ptII/ptolemy/actor/lib/test/auto/Accumulator2.xml
3 ms. Memory: 307200K Free: 125103K (41%)
----------------- Invoking toplevel() on ptolemy.moml.MoMLSimpleApplication@681596e1
----------------- Done invoking toplevel() on ptolemy.moml.MoMLSimpleApplication@681596e1
reloadAllAccessors: .Accumulator2

===========================================================================================
----------------- testing Wed May 20 14:27:42 UTC 2020 /home/travis/build/icyphy/ptII/ptolemy/actor/lib/test/auto/Accumulator3.xml
----------------- Instantiating /home/travis/build/icyphy/ptII/ptolemy/actor/lib/test/auto/Accumulator3.xml
10 ms. Memory: 307200K Free: 255665K (83%)
----------------- Invoking toplevel() on ptolemy.moml.MoMLSimpleApplication@82a2939
----------------- Done invoking toplevel() on ptolemy.moml.MoMLSimpleApplication@82a2939
reloadAllAccessors: .Accumulator3

===========================================================================================
----------------- testing Wed May 20 14:27:42 UTC 2020 /home/travis/build/icyphy/ptII/ptolemy/actor/lib/test/auto/ArrayAppend.xml
----------------- Instantiating /home/travis/build/icyphy/ptII/ptolemy/actor/lib/test/auto/ArrayAppend.xml
2 ms. Memory: 307200K Free: 249523K (81%)
----------------- Invoking toplevel() on ptolemy.moml.MoMLSimpleApplication@6c3f9f95
----------------- Done invoking toplevel() on ptolemy.moml.MoMLSimpleApplication@6c3f9f95
reloadAllAccessors: .ArrayAppend

===========================================================================================
----------------- testing Wed May 20 14:27:42 UTC 2020 /home/travis/build/icyphy/ptII/ptolemy/actor/lib/test/auto/ArrayAppend2.xml
----------------- Instantiating /home/travis/build/icyphy/ptII/ptolemy/actor/lib/test/auto/ArrayAppend2.xml
317 ms. Memory: 307200K Free: 167089K (54%)
----------------- Invoking toplevel() on ptolemy.moml.MoMLSimpleApplication@7e4a3407
----------------- Done invoking toplevel() on ptolemy.moml.MoMLSimpleApplication@7e4a3407
reloadAllAccessors: .ArrayAppend2

===========================================================================================
----------------- testing Wed May 20 14:27:42 UTC 2020 /home/travis/build/icyphy/ptII/ptolemy/actor/lib/test/auto/ArrayAppend3.xml
----------------- Instantiating /home/travis/build/icyphy/ptII/ptolemy/actor/lib/test/auto/ArrayAppend3.xml
5 ms. Memory: 307200K Free: 161459K (53%)
----------------- Invoking toplevel() on ptolemy.moml.MoMLSimpleApplication@146250ce
----------------- Done invoking toplevel() on ptolemy.moml.MoMLSimpleApplication@146250ce
reloadAllAccessors: .ArrayAppend3

===========================================================================================
----------------- testing Wed May 20 14:27:42 UTC 2020 /home/travis/build/icyphy/ptII/ptolemy/actor/lib/test/auto/ArrayAppend4.xml
----------------- Instantiating /home/travis/build/icyphy/ptII/ptolemy/actor/lib/test/auto/ArrayAppend4.xml
2 ms. Memory: 307200K Free: 156849K (51%)
----------------- Invoking toplevel() on ptolemy.moml.MoMLSimpleApplication@bbc0715
----------------- Done invoking toplevel() on ptolemy.moml.MoMLSimpleApplication@bbc0715
reloadAllAccessors: .ArrayAppend4

===========================================================================================
----------------- testing Wed May 20 14:27:42 UTC 2020 /home/travis/build/icyphy/ptII/ptolemy/actor/lib/test/auto/ArrayAppend5.xml
----------------- Instantiating /home/travis/build/icyphy/ptII/ptolemy/actor/lib/test/auto/ArrayAppend5.xml
2 ms. Memory: 307200K Free: 150705K (49%)
----------------- Invoking toplevel() on ptolemy.moml.MoMLSimpleApplication@7d1e7e95
----------------- Done invoking toplevel() on ptolemy.moml.MoMLSimpleApplication@7d1e7e95
reloadAllAccessors: .ArrayAppend5

===========================================================================================
----------------- testing Wed May 20 14:27:42 UTC 2020 /home/travis/build/icyphy/ptII/ptolemy/actor/lib/test/auto/ArrayAppend6.xml
----------------- Instantiating /home/travis/build/icyphy/ptII/ptolemy/actor/lib/test/auto/ArrayAppend6.xml
9 ms. Memory: 307200K Free: 145585K (47%)
----------------- Invoking toplevel() on ptolemy.moml.MoMLSimpleApplication@53a71fa7
----------------- Done invoking toplevel() on ptolemy.moml.MoMLSimpleApplication@53a71fa7
reloadAllAccessors: .ArrayAppend6

===========================================================================================
----------------- testing Wed May 20 14:27:42 UTC 2020 /home/travis/build/icyphy/ptII/ptolemy/actor/lib/test/auto/ArrayAppendPerformanceTest.xml
----------------- Instantiating /home/travis/build/icyphy/ptII/ptolemy/actor/lib/test/auto/ArrayAppendPerformanceTest.xml
31 ms. Memory: 307200K Free: 135345K (44%)
----------------- Invoking toplevel() on ptolemy.moml.MoMLSimpleApplication@7ea3b637
----------------- Done invoking toplevel() on ptolemy.moml.MoMLSimpleApplication@7ea3b637
reloadAllAccessors: .ArrayAppendPerformanceTest

===========================================================================================
----------------- testing Wed May 20 14:27:42 UTC 2020 /home/travis/build/icyphy/ptII/ptolemy/actor/lib/test/auto/ArrayAppendWithEmptyInput.xml
----------------- Instantiating /home/travis/build/icyphy/ptII/ptolemy/actor/lib/test/auto/ArrayAppendWithEmptyInput.xml
6 ms. Memory: 307200K Free: 126643K (41%)
----------------- Invoking toplevel() on ptolemy.moml.MoMLSimpleApplication@7941ee67
----------------- Done invoking toplevel() on ptolemy.moml.MoMLSimpleApplication@7941ee67
reloadAllAccessors: .ArrayAppendWithEmptyInput

===========================================================================================
----------------- testing Wed May 20 14:27:42 UTC 2020 /home/travis/build/icyphy/ptII/ptolemy/actor/lib/test/auto/ArrayAverage.xml
----------------- Instantiating /home/travis/build/icyphy/ptII/ptolemy/actor/lib/test/auto/ArrayAverage.xml
4 ms. Memory: 307200K Free: 118961K (39%)
----------------- Invoking toplevel() on ptolemy.moml.MoMLSimpleApplication@114169e0
----------------- Done invoking toplevel() on ptolemy.moml.MoMLSimpleApplication@114169e0
reloadAllAccessors: .ArrayAverage

===========================================================================================
----------------- testing Wed May 20 14:27:42 UTC 2020 /home/travis/build/icyphy/ptII/ptolemy/actor/lib/test/auto/ArrayContains.xml
----------------- Instantiating /home/travis/build/icyphy/ptII/ptolemy/actor/lib/test/auto/ArrayContains.xml
7 ms. Memory: 307200K Free: 113331K (37%)
----------------- Invoking toplevel() on ptolemy.moml.MoMLSimpleApplication@6c2eaaef
----------------- Done invoking toplevel() on ptolemy.moml.MoMLSimpleApplication@6c2eaaef
reloadAllAccessors: .ArrayContains

===========================================================================================
----------------- testing Wed May 20 14:27:42 UTC 2020 /home/travis/build/icyphy/ptII/ptolemy/actor/lib/test/auto/ArrayElement.xml
----------------- Instantiating /home/travis/build/icyphy/ptII/ptolemy/actor/lib/test/auto/ArrayElement.xml
3 ms. Memory: 307200K Free: 107187K (35%)
----------------- Invoking toplevel() on ptolemy.moml.MoMLSimpleApplication@374536e1
----------------- Done invoking toplevel() on ptolemy.moml.MoMLSimpleApplication@374536e1
reloadAllAccessors: .ArrayElement

===========================================================================================
----------------- testing Wed May 20 14:27:42 UTC 2020 /home/travis/build/icyphy/ptII/ptolemy/actor/lib/test/auto/ArrayElementAsMatrix.xml
----------------- Instantiating /home/travis/build/icyphy/ptII/ptolemy/actor/lib/test/auto/ArrayElementAsMatrix.xml
19 ms. Memory: 307200K Free: 97457K (32%)
----------------- Invoking toplevel() on ptolemy.moml.MoMLSimpleApplication@4f9ead2e
----------------- Done invoking toplevel() on ptolemy.moml.MoMLSimpleApplication@4f9ead2e
reloadAllAccessors: .ArrayElementAsMatrix

===========================================================================================
----------------- testing Wed May 20 14:27:42 UTC 2020 /home/travis/build/icyphy/ptII/ptolemy/actor/lib/test/auto/ArrayElementI.xml
----------------- Instantiating /home/travis/build/icyphy/ptII/ptolemy/actor/lib/test/auto/ArrayElementI.xml
3 ms. Memory: 307200K Free: 91827K (30%)
----------------- Invoking toplevel() on ptolemy.moml.MoMLSimpleApplication@30d45d97
----------------- Done invoking toplevel() on ptolemy.moml.MoMLSimpleApplication@30d45d97
reloadAllAccessors: .ArrayElementI

===========================================================================================
----------------- testing Wed May 20 14:27:43 UTC 2020 /home/travis/build/icyphy/ptII/ptolemy/actor/lib/test/auto/ArrayExtract.xml
----------------- Instantiating /home/travis/build/icyphy/ptII/ptolemy/actor/lib/test/auto/ArrayExtract.xml
4 ms. Memory: 307200K Free: 251012K (82%)
----------------- Invoking toplevel() on ptolemy.moml.MoMLSimpleApplication@6603720
----------------- Done invoking toplevel() on ptolemy.moml.MoMLSimpleApplication@6603720
reloadAllAccessors: .ArrayExtract

===========================================================================================
----------------- testing Wed May 20 14:27:43 UTC 2020 /home/travis/build/icyphy/ptII/ptolemy/actor/lib/test/auto/ArrayExtract2.xml
----------------- Instantiating /home/travis/build/icyphy/ptII/ptolemy/actor/lib/test/auto/ArrayExtract2.xml
2 ms. Memory: 307200K Free: 245364K (80%)
----------------- Invoking toplevel() on ptolemy.moml.MoMLSimpleApplication@2706539c
----------------- Done invoking toplevel() on ptolemy.moml.MoMLSimpleApplication@2706539c
reloadAllAccessors: .ArrayExtract2

===========================================================================================
----------------- testing Wed May 20 14:27:43 UTC 2020 /home/travis/build/icyphy/ptII/ptolemy/actor/lib/test/auto/ArrayLength.xml
----------------- Instantiating /home/travis/build/icyphy/ptII/ptolemy/actor/lib/test/auto/ArrayLength.xml
1 ms. Memory: 307200K Free: 241796K (79%)
----------------- Invoking toplevel() on ptolemy.moml.MoMLSimpleApplication@478aed0b
----------------- Done invoking toplevel() on ptolemy.moml.MoMLSimpleApplication@478aed0b
reloadAllAccessors: .ArrayLength

===========================================================================================
----------------- testing Wed May 20 14:27:43 UTC 2020 /home/travis/build/icyphy/ptII/ptolemy/actor/lib/test/auto/ArrayLevelCrossing.xml
----------------- Instantiating /home/travis/build/icyphy/ptII/ptolemy/actor/lib/test/auto/ArrayLevelCrossing.xml
3 ms. Memory: 307200K Free: 233604K (76%)
----------------- Invoking toplevel() on ptolemy.moml.MoMLSimpleApplication@44417a71
----------------- Done invoking toplevel() on ptolemy.moml.MoMLSimpleApplication@44417a71
reloadAllAccessors: .ArrayLevelCrossing

===========================================================================================
----------------- testing Wed May 20 14:27:43 UTC 2020 /home/travis/build/icyphy/ptII/ptolemy/actor/lib/test/auto/ArrayLevelCrossing2.xml
----------------- Instantiating /home/travis/build/icyphy/ptII/ptolemy/actor/lib/test/auto/ArrayLevelCrossing2.xml
2 ms. Memory: 307200K Free: 226436K (74%)
----------------- Invoking toplevel() on ptolemy.moml.MoMLSimpleApplication@ac85c21
----------------- Done invoking toplevel() on ptolemy.moml.MoMLSimpleApplication@ac85c21
reloadAllAccessors: .ArrayLevelCrossing2

===========================================================================================
----------------- testing Wed May 20 14:27:43 UTC 2020 /home/travis/build/icyphy/ptII/ptolemy/actor/lib/test/auto/ArrayPeakSearch.xml
----------------- Instantiating /home/travis/build/icyphy/ptII/ptolemy/actor/lib/test/auto/ArrayPeakSearch.xml
3 ms. Memory: 307200K Free: 217220K (71%)
----------------- Invoking toplevel() on ptolemy.moml.MoMLSimpleApplication@76121cb8
----------------- Done invoking toplevel() on ptolemy.moml.MoMLSimpleApplication@76121cb8
reloadAllAccessors: .ArrayPeakSearch

===========================================================================================
----------------- testing Wed May 20 14:27:43 UTC 2020 /home/travis/build/icyphy/ptII/ptolemy/actor/lib/test/auto/ArrayPeakSearch2.xml
----------------- Instantiating /home/travis/build/icyphy/ptII/ptolemy/actor/lib/test/auto/ArrayPeakSearch2.xml
3 ms. Memory: 307200K Free: 206980K (67%)
----------------- Invoking toplevel() on ptolemy.moml.MoMLSimpleApplication@3da57e10
----------------- Done invoking toplevel() on ptolemy.moml.MoMLSimpleApplication@3da57e10
reloadAllAccessors: .ArrayPeakSearch2

===========================================================================================
----------------- testing Wed May 20 14:27:43 UTC 2020 /home/travis/build/icyphy/ptII/ptolemy/actor/lib/test/auto/ArrayPeakSearch3.xml
----------------- Instantiating /home/travis/build/icyphy/ptII/ptolemy/actor/lib/test/auto/ArrayPeakSearch3.xml
4 ms. Memory: 307200K Free: 197764K (64%)
----------------- Invoking toplevel() on ptolemy.moml.MoMLSimpleApplication@3f23dd3b
----------------- Done invoking toplevel() on ptolemy.moml.MoMLSimpleApplication@3f23dd3b
reloadAllAccessors: .ArrayPeakSearch3

===========================================================================================
----------------- testing Wed May 20 14:27:43 UTC 2020 /home/travis/build/icyphy/ptII/ptolemy/actor/lib/test/auto/ArrayRemoveElement.xml
----------------- Instantiating /home/travis/build/icyphy/ptII/ptolemy/actor/lib/test/auto/ArrayRemoveElement.xml
3 ms. Memory: 307200K Free: 190082K (62%)
----------------- Invoking toplevel() on ptolemy.moml.MoMLSimpleApplication@15aeca24
----------------- Done invoking toplevel() on ptolemy.moml.MoMLSimpleApplication@15aeca24
reloadAllAccessors: .ArrayRemoveElement

===========================================================================================
----------------- testing Wed May 20 14:27:43 UTC 2020 /home/travis/build/icyphy/ptII/ptolemy/actor/lib/test/auto/ArraySort.xml
----------------- Instantiating /home/travis/build/icyphy/ptII/ptolemy/actor/lib/test/auto/ArraySort.xml
3 ms. Memory: 307200K Free: 180866K (59%)
----------------- Invoking toplevel() on ptolemy.moml.MoMLSimpleApplication@57bc5fcb
----------------- Done invoking toplevel() on ptolemy.moml.MoMLSimpleApplication@57bc5fcb
reloadAllAccessors: .ArraySort

===========================================================================================
----------------- testing Wed May 20 14:27:43 UTC 2020 /home/travis/build/icyphy/ptII/ptolemy/actor/lib/test/auto/ArraySum.xml
----------------- Instantiating /home/travis/build/icyphy/ptII/ptolemy/actor/lib/test/auto/ArraySum.xml
2 ms. Memory: 307200K Free: 175746K (57%)
----------------- Invoking toplevel() on ptolemy.moml.MoMLSimpleApplication@5b0896f0
----------------- Done invoking toplevel() on ptolemy.moml.MoMLSimpleApplication@5b0896f0
reloadAllAccessors: .ArraySum

===========================================================================================
----------------- testing Wed May 20 14:27:43 UTC 2020 /home/travis/build/icyphy/ptII/ptolemy/actor/lib/test/auto/ArrayToElements.xml
----------------- Instantiating /home/travis/build/icyphy/ptII/ptolemy/actor/lib/test/auto/ArrayToElements.xml
4 ms. Memory: 307200K Free: 170116K (55%)
----------------- Invoking toplevel() on ptolemy.moml.MoMLSimpleApplication@685ce9bd
----------------- Done invoking toplevel() on ptolemy.moml.MoMLSimpleApplication@685ce9bd
reloadAllAccessors: .ArrayToElements

===========================================================================================
----------------- testing Wed May 20 14:27:43 UTC 2020 /home/travis/build/icyphy/ptII/ptolemy/actor/lib/test/auto/ArrayToMatrix.xml
----------------- Instantiating /home/travis/build/icyphy/ptII/ptolemy/actor/lib/test/auto/ArrayToMatrix.xml
11 ms. Memory: 307200K Free: 156290K (51%)
----------------- Invoking toplevel() on ptolemy.moml.MoMLSimpleApplication@201b6dd2
----------------- Done invoking toplevel() on ptolemy.moml.MoMLSimpleApplication@201b6dd2
reloadAllAccessors: .ArrayToMatrix

===========================================================================================
----------------- testing Wed May 20 14:27:43 UTC 2020 /home/travis/build/icyphy/ptII/ptolemy/actor/lib/test/auto/ArrayUpdate1.xml
----------------- Instantiating /home/travis/build/icyphy/ptII/ptolemy/actor/lib/test/auto/ArrayUpdate1.xml
3 ms. Memory: 307200K Free: 151170K (49%)
----------------- Invoking toplevel() on ptolemy.moml.MoMLSimpleApplication@29eb360d
----------------- Done invoking toplevel() on ptolemy.moml.MoMLSimpleApplication@29eb360d
reloadAllAccessors: .ArrayUpdate1

===========================================================================================
----------------- testing Wed May 20 14:27:43 UTC 2020 /home/travis/build/icyphy/ptII/ptolemy/actor/lib/test/auto/ArrayUpdate2.xml
----------------- Instantiating /home/travis/build/icyphy/ptII/ptolemy/actor/lib/test/auto/ArrayUpdate2.xml
14 ms. Memory: 307200K Free: 145026K (47%)
----------------- Invoking toplevel() on ptolemy.moml.MoMLSimpleApplication@6e7e6d7b
----------------- Done invoking toplevel() on ptolemy.moml.MoMLSimpleApplication@6e7e6d7b
reloadAllAccessors: .ArrayUpdate2

===========================================================================================
----------------- testing Wed May 20 14:27:43 UTC 2020 /home/travis/build/icyphy/ptII/ptolemy/actor/lib/test/auto/ArrayUpdate3.xml
----------------- Instantiating /home/travis/build/icyphy/ptII/ptolemy/actor/lib/test/auto/ArrayUpdate3.xml
3 ms. Memory: 307200K Free: 139906K (46%)
----------------- Invoking toplevel() on ptolemy.moml.MoMLSimpleApplication@5e110d6
----------------- Done invoking toplevel() on ptolemy.moml.MoMLSimpleApplication@5e110d6
reloadAllAccessors: .ArrayUpdate3

===========================================================================================
----------------- testing Wed May 20 14:27:43 UTC 2020 /home/travis/build/icyphy/ptII/ptolemy/actor/lib/test/auto/Assert1.xml
----------------- Instantiating /home/travis/build/icyphy/ptII/ptolemy/actor/lib/test/auto/Assert1.xml
7 ms. Memory: 307200K Free: 135810K (44%)
----------------- Invoking toplevel() on ptolemy.moml.MoMLSimpleApplication@ce1ffd4
----------------- Done invoking toplevel() on ptolemy.moml.MoMLSimpleApplication@ce1ffd4
reloadAllAccessors: .Assert1

===========================================================================================
----------------- testing Wed May 20 14:27:43 UTC 2020 /home/travis/build/icyphy/ptII/ptolemy/actor/lib/test/auto/Assert2.xml
----------------- Instantiating /home/travis/build/icyphy/ptII/ptolemy/actor/lib/test/auto/Assert2.xml
1 ms. Memory: 307200K Free: 130690K (43%)
----------------- Invoking toplevel() on ptolemy.moml.MoMLSimpleApplication@2baeb71
----------------- Done invoking toplevel() on ptolemy.moml.MoMLSimpleApplication@2baeb71
reloadAllAccessors: .Assert2

===========================================================================================
----------------- testing Wed May 20 14:27:43 UTC 2020 /home/travis/build/icyphy/ptII/ptolemy/actor/lib/test/auto/BooleanMultiplexor.xml
----------------- Instantiating /home/travis/build/icyphy/ptII/ptolemy/actor/lib/test/auto/BooleanMultiplexor.xml
1 ms. Memory: 307200K Free: 125564K (41%)
----------------- Invoking toplevel() on ptolemy.moml.MoMLSimpleApplication@eb326e6
----------------- Done invoking toplevel() on ptolemy.moml.MoMLSimpleApplication@eb326e6
reloadAllAccessors: .BooleanMultiplexor

===========================================================================================
----------------- testing Wed May 20 14:27:43 UTC 2020 /home/travis/build/icyphy/ptII/ptolemy/actor/lib/test/auto/BooleanMultiplexor2.xml
----------------- Instantiating /home/travis/build/icyphy/ptII/ptolemy/actor/lib/test/auto/BooleanMultiplexor2.xml
3 ms. Memory: 307200K Free: 118916K (39%)
----------------- Invoking toplevel() on ptolemy.moml.MoMLSimpleApplication@409f3242
----------------- Done invoking toplevel() on ptolemy.moml.MoMLSimpleApplication@409f3242
reloadAllAccessors: .BooleanMultiplexor2

===========================================================================================
----------------- testing Wed May 20 14:27:43 UTC 2020 /home/travis/build/icyphy/ptII/ptolemy/actor/lib/test/auto/BooleanMultiplexor3.xml
----------------- Instantiating /home/travis/build/icyphy/ptII/ptolemy/actor/lib/test/auto/BooleanMultiplexor3.xml
1 ms. Memory: 307200K Free: 115330K (38%)
----------------- Invoking toplevel() on ptolemy.moml.MoMLSimpleApplication@79334f6a
----------------- Done invoking toplevel() on ptolemy.moml.MoMLSimpleApplication@79334f6a
reloadAllAccessors: .BooleanMultiplexor3

===========================================================================================
----------------- testing Wed May 20 14:27:43 UTC 2020 /home/travis/build/icyphy/ptII/ptolemy/actor/lib/test/auto/BooleanSelect.xml
----------------- Instantiating /home/travis/build/icyphy/ptII/ptolemy/actor/lib/test/auto/BooleanSelect.xml
3 ms. Memory: 307200K Free: 109156K (36%)
----------------- Invoking toplevel() on ptolemy.moml.MoMLSimpleApplication@8999af5
----------------- Done invoking toplevel() on ptolemy.moml.MoMLSimpleApplication@8999af5
reloadAllAccessors: .BooleanSelect

===========================================================================================
----------------- testing Wed May 20 14:27:43 UTC 2020 /home/travis/build/icyphy/ptII/ptolemy/actor/lib/test/auto/BooleanSelect2.xml
----------------- Instantiating /home/travis/build/icyphy/ptII/ptolemy/actor/lib/test/auto/BooleanSelect2.xml
1 ms. Memory: 307200K Free: 105090K (34%)
----------------- Invoking toplevel() on ptolemy.moml.MoMLSimpleApplication@12d0eb08
----------------- Done invoking toplevel() on ptolemy.moml.MoMLSimpleApplication@12d0eb08
reloadAllAccessors: .BooleanSelect2

===========================================================================================
----------------- testing Wed May 20 14:27:43 UTC 2020 /home/travis/build/icyphy/ptII/ptolemy/actor/lib/test/auto/BooleanSwitch.xml
----------------- Instantiating /home/travis/build/icyphy/ptII/ptolemy/actor/lib/test/auto/BooleanSwitch.xml
6 ms. Memory: 307200K Free: 98946K (32%)
----------------- Invoking toplevel() on ptolemy.moml.MoMLSimpleApplication@24b4f32d
----------------- Done invoking toplevel() on ptolemy.moml.MoMLSimpleApplication@24b4f32d
reloadAllAccessors: .BooleanSwitch

===========================================================================================
----------------- testing Wed May 20 14:27:43 UTC 2020 /home/travis/build/icyphy/ptII/ptolemy/actor/lib/test/auto/BooleanSwitch2.xml
----------------- Instantiating /home/travis/build/icyphy/ptII/ptolemy/actor/lib/test/auto/BooleanSwitch2.xml
1 ms. Memory: 307200K Free: 94850K (31%)
----------------- Invoking toplevel() on ptolemy.moml.MoMLSimpleApplication@1e51184a
----------------- Done invoking toplevel() on ptolemy.moml.MoMLSimpleApplication@1e51184a
reloadAllAccessors: .BooleanSwitch2

===========================================================================================
----------------- testing Wed May 20 14:27:43 UTC 2020 /home/travis/build/icyphy/ptII/ptolemy/actor/lib/test/auto/BooleanSwitchCloningBugWithClassRelationGroup.xml
----------------- Instantiating /home/travis/build/icyphy/ptII/ptolemy/actor/lib/test/auto/BooleanSwitchCloningBugWithClassRelationGroup.xml
2 ms. Memory: 307200K Free: 88196K (29%)
----------------- Invoking toplevel() on ptolemy.moml.MoMLSimpleApplication@4397861a
----------------- Done invoking toplevel() on ptolemy.moml.MoMLSimpleApplication@4397861a
reloadAllAccessors: .BooleanSwitchCloningBugWithClassRelationGroup

===========================================================================================
----------------- testing Wed May 20 14:27:43 UTC 2020 /home/travis/build/icyphy/ptII/ptolemy/actor/lib/test/auto/BusActors.xml
----------------- Instantiating /home/travis/build/icyphy/ptII/ptolemy/actor/lib/test/auto/BusActors.xml
5 ms. Memory: 307200K Free: 255106K (83%)
----------------- Invoking toplevel() on ptolemy.moml.MoMLSimpleApplication@7429b6fb
----------------- Done invoking toplevel() on ptolemy.moml.MoMLSimpleApplication@7429b6fb
reloadAllAccessors: .BusActors

===========================================================================================
----------------- testing Wed May 20 14:27:43 UTC 2020 /home/travis/build/icyphy/ptII/ptolemy/actor/lib/test/auto/ClassWrapper.xml
----------------- Instantiating /home/travis/build/icyphy/ptII/ptolemy/actor/lib/test/auto/ClassWrapper.xml
3 ms. Memory: 307200K Free: 250500K (82%)
----------------- Invoking toplevel() on ptolemy.moml.MoMLSimpleApplication@2d4ae020
----------------- Done invoking toplevel() on ptolemy.moml.MoMLSimpleApplication@2d4ae020
reloadAllAccessors: .ClassWrapper

===========================================================================================
----------------- testing Wed May 20 14:27:43 UTC 2020 /home/travis/build/icyphy/ptII/ptolemy/actor/lib/test/auto/Clock.xml
----------------- Instantiating /home/travis/build/icyphy/ptII/ptolemy/actor/lib/test/auto/Clock.xml
1 ms. Memory: 307200K Free: 246402K (80%)
----------------- Invoking toplevel() on ptolemy.moml.MoMLSimpleApplication@582e6e3
----------------- Done invoking toplevel() on ptolemy.moml.MoMLSimpleApplication@582e6e3
reloadAllAccessors: .Clock

===========================================================================================
----------------- testing Wed May 20 14:27:43 UTC 2020 /home/travis/build/icyphy/ptII/ptolemy/actor/lib/test/auto/Clock10.xml
----------------- Instantiating /home/travis/build/icyphy/ptII/ptolemy/actor/lib/test/auto/Clock10.xml
4 ms. Memory: 307200K Free: 240770K (78%)
----------------- Invoking toplevel() on ptolemy.moml.MoMLSimpleApplication@ace4294
----------------- Done invoking toplevel() on ptolemy.moml.MoMLSimpleApplication@ace4294
reloadAllAccessors: .Clock10

===========================================================================================
----------------- testing Wed May 20 14:27:43 UTC 2020 /home/travis/build/icyphy/ptII/ptolemy/actor/lib/test/auto/Clock11.xml
----------------- Instantiating /home/travis/build/icyphy/ptII/ptolemy/actor/lib/test/auto/Clock11.xml
6 ms. Memory: 307200K Free: 234626K (76%)
----------------- Invoking toplevel() on ptolemy.moml.MoMLSimpleApplication@182d1f1
----------------- Done invoking toplevel() on ptolemy.moml.MoMLSimpleApplication@182d1f1
reloadAllAccessors: .Clock11

===========================================================================================
----------------- testing Wed May 20 14:27:43 UTC 2020 /home/travis/build/icyphy/ptII/ptolemy/actor/lib/test/auto/Clock12.xml
----------------- Instantiating /home/travis/build/icyphy/ptII/ptolemy/actor/lib/test/auto/Clock12.xml
5 ms. Memory: 307200K Free: 228996K (75%)
----------------- Invoking toplevel() on ptolemy.moml.MoMLSimpleApplication@2aa93d6a
----------------- Done invoking toplevel() on ptolemy.moml.MoMLSimpleApplication@2aa93d6a
reloadAllAccessors: .Clock12

===========================================================================================
----------------- testing Wed May 20 14:27:43 UTC 2020 /home/travis/build/icyphy/ptII/ptolemy/actor/lib/test/auto/Clock13.xml
----------------- Instantiating /home/travis/build/icyphy/ptII/ptolemy/actor/lib/test/auto/Clock13.xml
3 ms. Memory: 307200K Free: 222852K (73%)
----------------- Invoking toplevel() on ptolemy.moml.MoMLSimpleApplication@1856a45f
----------------- Done invoking toplevel() on ptolemy.moml.MoMLSimpleApplication@1856a45f
reloadAllAccessors: .Clock13

===========================================================================================
----------------- testing Wed May 20 14:27:43 UTC 2020 /home/travis/build/icyphy/ptII/ptolemy/actor/lib/test/auto/Clock14.xml
----------------- Instantiating /home/travis/build/icyphy/ptII/ptolemy/actor/lib/test/auto/Clock14.xml
5 ms. Memory: 307200K Free: 217212K (71%)
----------------- Invoking toplevel() on ptolemy.moml.MoMLSimpleApplication@6d09f43e
----------------- Done invoking toplevel() on ptolemy.moml.MoMLSimpleApplication@6d09f43e
reloadAllAccessors: .Clock14

===========================================================================================
----------------- testing Wed May 20 14:27:43 UTC 2020 /home/travis/build/icyphy/ptII/ptolemy/actor/lib/test/auto/Clock15.xml
----------------- Instantiating /home/travis/build/icyphy/ptII/ptolemy/actor/lib/test/auto/Clock15.xml
2 ms. Memory: 307200K Free: 211044K (69%)
----------------- Invoking toplevel() on ptolemy.moml.MoMLSimpleApplication@6bddbdf4
----------------- Done invoking toplevel() on ptolemy.moml.MoMLSimpleApplication@6bddbdf4
reloadAllAccessors: .Clock15

===========================================================================================
----------------- testing Wed May 20 14:27:43 UTC 2020 /home/travis/build/icyphy/ptII/ptolemy/actor/lib/test/auto/Clock16.xml
----------------- Instantiating /home/travis/build/icyphy/ptII/ptolemy/actor/lib/test/auto/Clock16.xml
28 ms. Memory: 307200K Free: 196732K (64%)
----------------- Invoking toplevel() on ptolemy.moml.MoMLSimpleApplication@279c2521
----------------- Done invoking toplevel() on ptolemy.moml.MoMLSimpleApplication@279c2521
reloadAllAccessors: .Clock16

===========================================================================================
----------------- testing Wed May 20 14:27:43 UTC 2020 /home/travis/build/icyphy/ptII/ptolemy/actor/lib/test/auto/Clock17.xml
----------------- Instantiating /home/travis/build/icyphy/ptII/ptolemy/actor/lib/test/auto/Clock17.xml
23 ms. Memory: 307200K Free: 182388K (59%)
----------------- Invoking toplevel() on ptolemy.moml.MoMLSimpleApplication@12fcb07
----------------- Done invoking toplevel() on ptolemy.moml.MoMLSimpleApplication@12fcb07
reloadAllAccessors: .Clock17

===========================================================================================
----------------- testing Wed May 20 14:27:44 UTC 2020 /home/travis/build/icyphy/ptII/ptolemy/actor/lib/test/auto/Clock18.xml
----------------- Instantiating /home/travis/build/icyphy/ptII/ptolemy/actor/lib/test/auto/Clock18.xml
18 ms. Memory: 307200K Free: 169076K (55%)
----------------- Invoking toplevel() on ptolemy.moml.MoMLSimpleApplication@444eda9e
----------------- Done invoking toplevel() on ptolemy.moml.MoMLSimpleApplication@444eda9e
reloadAllAccessors: .Clock18

===========================================================================================
----------------- testing Wed May 20 14:27:44 UTC 2020 /home/travis/build/icyphy/ptII/ptolemy/actor/lib/test/auto/Clock19.xml
----------------- Instantiating /home/travis/build/icyphy/ptII/ptolemy/actor/lib/test/auto/Clock19.xml
9 ms. Memory: 307200K Free: 156292K (51%)
----------------- Invoking toplevel() on ptolemy.moml.MoMLSimpleApplication@321e861c
----------------- Done invoking toplevel() on ptolemy.moml.MoMLSimpleApplication@321e861c
reloadAllAccessors: .Clock19

===========================================================================================
----------------- testing Wed May 20 14:27:44 UTC 2020 /home/travis/build/icyphy/ptII/ptolemy/actor/lib/test/auto/Clock2.xml
----------------- Instantiating /home/travis/build/icyphy/ptII/ptolemy/actor/lib/test/auto/Clock2.xml
4 ms. Memory: 307200K Free: 151172K (49%)
----------------- Invoking toplevel() on ptolemy.moml.MoMLSimpleApplication@7bab9243
----------------- Done invoking toplevel() on ptolemy.moml.MoMLSimpleApplication@7bab9243
reloadAllAccessors: .Clock2

===========================================================================================
----------------- testing Wed May 20 14:27:44 UTC 2020 /home/travis/build/icyphy/ptII/ptolemy/actor/lib/test/auto/Clock20.xml
----------------- Instantiating /home/travis/build/icyphy/ptII/ptolemy/actor/lib/test/auto/Clock20.xml
6 ms. Memory: 307200K Free: 146052K (48%)
----------------- Invoking toplevel() on ptolemy.moml.MoMLSimpleApplication@6730ce2b
----------------- Done invoking toplevel() on ptolemy.moml.MoMLSimpleApplication@6730ce2b
reloadAllAccessors: .Clock20

===========================================================================================
----------------- testing Wed May 20 14:27:44 UTC 2020 /home/travis/build/icyphy/ptII/ptolemy/actor/lib/test/auto/Clock21.xml
----------------- Instantiating /home/travis/build/icyphy/ptII/ptolemy/actor/lib/test/auto/Clock21.xml
8 ms. Memory: 307200K Free: 140418K (46%)
----------------- Invoking toplevel() on ptolemy.moml.MoMLSimpleApplication@213fbf65
----------------- Done invoking toplevel() on ptolemy.moml.MoMLSimpleApplication@213fbf65
reloadAllAccessors: .Clock21

===========================================================================================
----------------- testing Wed May 20 14:27:44 UTC 2020 /home/travis/build/icyphy/ptII/ptolemy/actor/lib/test/auto/Clock22.xml
----------------- Instantiating /home/travis/build/icyphy/ptII/ptolemy/actor/lib/test/auto/Clock22.xml
2 ms. Memory: 307200K Free: 135298K (44%)
----------------- Invoking toplevel() on ptolemy.moml.MoMLSimpleApplication@3fb9e06d
----------------- Done invoking toplevel() on ptolemy.moml.MoMLSimpleApplication@3fb9e06d
reloadAllAccessors: .Clock22

===========================================================================================
----------------- testing Wed May 20 14:27:44 UTC 2020 /home/travis/build/icyphy/ptII/ptolemy/actor/lib/test/auto/Clock23.xml
----------------- Instantiating /home/travis/build/icyphy/ptII/ptolemy/actor/lib/test/auto/Clock23.xml
3 ms. Memory: 307200K Free: 129668K (42%)
----------------- Invoking toplevel() on ptolemy.moml.MoMLSimpleApplication@6c088f11
----------------- Done invoking toplevel() on ptolemy.moml.MoMLSimpleApplication@6c088f11
reloadAllAccessors: .Clock23

===========================================================================================
----------------- testing Wed May 20 14:27:44 UTC 2020 /home/travis/build/icyphy/ptII/ptolemy/actor/lib/test/auto/Clock24.xml
----------------- Instantiating /home/travis/build/icyphy/ptII/ptolemy/actor/lib/test/auto/Clock24.xml
3 ms. Memory: 307200K Free: 124034K (40%)
----------------- Invoking toplevel() on ptolemy.moml.MoMLSimpleApplication@479d14bd
----------------- Done invoking toplevel() on ptolemy.moml.MoMLSimpleApplication@479d14bd
reloadAllAccessors: .Clock24

===========================================================================================
----------------- testing Wed May 20 14:27:44 UTC 2020 /home/travis/build/icyphy/ptII/ptolemy/actor/lib/test/auto/Clock4.xml
----------------- Instantiating /home/travis/build/icyphy/ptII/ptolemy/actor/lib/test/auto/Clock4.xml
1 ms. Memory: 307200K Free: 119428K (39%)
----------------- Invoking toplevel() on ptolemy.moml.MoMLSimpleApplication@7e06e4d5
----------------- Done invoking toplevel() on ptolemy.moml.MoMLSimpleApplication@7e06e4d5
reloadAllAccessors: .Clock4

===========================================================================================
----------------- testing Wed May 20 14:27:44 UTC 2020 /home/travis/build/icyphy/ptII/ptolemy/actor/lib/test/auto/Clock5.xml
----------------- Instantiating /home/travis/build/icyphy/ptII/ptolemy/actor/lib/test/auto/Clock5.xml
1 ms. Memory: 307200K Free: 113788K (37%)
----------------- Invoking toplevel() on ptolemy.moml.MoMLSimpleApplication@f6ed279
----------------- Done invoking toplevel() on ptolemy.moml.MoMLSimpleApplication@f6ed279
reloadAllAccessors: .Clock5

===========================================================================================
----------------- testing Wed May 20 14:27:44 UTC 2020 /home/travis/build/icyphy/ptII/ptolemy/actor/lib/test/auto/Clock6.xml
----------------- Instantiating /home/travis/build/icyphy/ptII/ptolemy/actor/lib/test/auto/Clock6.xml
1 ms. Memory: 307200K Free: 109698K (36%)
----------------- Invoking toplevel() on ptolemy.moml.MoMLSimpleApplication@6103827d
----------------- Done invoking toplevel() on ptolemy.moml.MoMLSimpleApplication@6103827d
reloadAllAccessors: .Clock6

===========================================================================================
----------------- testing Wed May 20 14:27:44 UTC 2020 /home/travis/build/icyphy/ptII/ptolemy/actor/lib/test/auto/Clock7.xml
----------------- Instantiating /home/travis/build/icyphy/ptII/ptolemy/actor/lib/test/auto/Clock7.xml
1 ms. Memory: 307200K Free: 104578K (34%)
----------------- Invoking toplevel() on ptolemy.moml.MoMLSimpleApplication@8c0f198
----------------- Done invoking toplevel() on ptolemy.moml.MoMLSimpleApplication@8c0f198
reloadAllAccessors: .Clock7

===========================================================================================
----------------- testing Wed May 20 14:27:44 UTC 2020 /home/travis/build/icyphy/ptII/ptolemy/actor/lib/test/auto/Clock8.xml
----------------- Instantiating /home/travis/build/icyphy/ptII/ptolemy/actor/lib/test/auto/Clock8.xml
2 ms. Memory: 307200K Free: 99428K (32%)
----------------- Invoking toplevel() on ptolemy.moml.MoMLSimpleApplication@6c0fd4e5
----------------- Done invoking toplevel() on ptolemy.moml.MoMLSimpleApplication@6c0fd4e5
reloadAllAccessors: .Clock8

===========================================================================================
----------------- testing Wed May 20 14:27:44 UTC 2020 /home/travis/build/icyphy/ptII/ptolemy/actor/lib/test/auto/Clock9.xml
----------------- Instantiating /home/travis/build/icyphy/ptII/ptolemy/actor/lib/test/auto/Clock9.xml
3 ms. Memory: 307200K Free: 93828K (31%)
----------------- Invoking toplevel() on ptolemy.moml.MoMLSimpleApplication@25cc5fab
----------------- Done invoking toplevel() on ptolemy.moml.MoMLSimpleApplication@25cc5fab
reloadAllAccessors: .Clock9

===========================================================================================
----------------- testing Wed May 20 14:27:44 UTC 2020 /home/travis/build/icyphy/ptII/ptolemy/actor/lib/test/auto/CommDistDiscard.xml
----------------- Instantiating /home/travis/build/icyphy/ptII/ptolemy/actor/lib/test/auto/CommDistDiscard.xml
3 ms. Memory: 307200K Free: 88194K (29%)
----------------- Invoking toplevel() on ptolemy.moml.MoMLSimpleApplication@33bded39
----------------- Done invoking toplevel() on ptolemy.moml.MoMLSimpleApplication@33bded39
reloadAllAccessors: .CommDistDiscard

===========================================================================================
----------------- testing Wed May 20 14:27:44 UTC 2020 /home/travis/build/icyphy/ptII/ptolemy/actor/lib/test/auto/Commutator.xml
----------------- Instantiating /home/travis/build/icyphy/ptII/ptolemy/actor/lib/test/auto/Commutator.xml
1 ms. Memory: 307200K Free: 84098K (27%)
----------------- Invoking toplevel() on ptolemy.moml.MoMLSimpleApplication@655e24e
----------------- Done invoking toplevel() on ptolemy.moml.MoMLSimpleApplication@655e24e
reloadAllAccessors: .Commutator

===========================================================================================
----------------- testing Wed May 20 14:27:44 UTC 2020 /home/travis/build/icyphy/ptII/ptolemy/actor/lib/test/auto/Commutator2.xml
----------------- Instantiating /home/travis/build/icyphy/ptII/ptolemy/actor/lib/test/auto/Commutator2.xml
1 ms. Memory: 612352K Free: 558212K (91%)
----------------- Invoking toplevel() on ptolemy.moml.MoMLSimpleApplication@53a4fe4e
----------------- Done invoking toplevel() on ptolemy.moml.MoMLSimpleApplication@53a4fe4e
reloadAllAccessors: .Commutator2

===========================================================================================
----------------- testing Wed May 20 14:27:44 UTC 2020 /home/travis/build/icyphy/ptII/ptolemy/actor/lib/test/auto/Commutator3.xml
----------------- Instantiating /home/travis/build/icyphy/ptII/ptolemy/actor/lib/test/auto/Commutator3.xml
3 ms. Memory: 612352K Free: 553602K (90%)
----------------- Invoking toplevel() on ptolemy.moml.MoMLSimpleApplication@709ecb27
----------------- Done invoking toplevel() on ptolemy.moml.MoMLSimpleApplication@709ecb27
reloadAllAccessors: .Commutator3

===========================================================================================
----------------- testing Wed May 20 14:27:44 UTC 2020 /home/travis/build/icyphy/ptII/ptolemy/actor/lib/test/auto/Compare.xml
----------------- Instantiating /home/travis/build/icyphy/ptII/ptolemy/actor/lib/test/auto/Compare.xml
1 ms. Memory: 612352K Free: 547458K (89%)
----------------- Invoking toplevel() on ptolemy.moml.MoMLSimpleApplication@5581a4af
----------------- Done invoking toplevel() on ptolemy.moml.MoMLSimpleApplication@5581a4af
reloadAllAccessors: .Compare

===========================================================================================
----------------- testing Wed May 20 14:27:44 UTC 2020 /home/travis/build/icyphy/ptII/ptolemy/actor/lib/test/auto/CompareDE.xml
----------------- Instantiating /home/travis/build/icyphy/ptII/ptolemy/actor/lib/test/auto/CompareDE.xml
3 ms. Memory: 612352K Free: 540276K (88%)
----------------- Invoking toplevel() on ptolemy.moml.MoMLSimpleApplication@32e72fa3
----------------- Done invoking toplevel() on ptolemy.moml.MoMLSimpleApplication@32e72fa3
reloadAllAccessors: .CompareDE

===========================================================================================
----------------- testing Wed May 20 14:27:44 UTC 2020 /home/travis/build/icyphy/ptII/ptolemy/actor/lib/test/auto/ComplexDivide.xml
----------------- Instantiating /home/travis/build/icyphy/ptII/ptolemy/actor/lib/test/auto/ComplexDivide.xml
1 ms. Memory: 612352K Free: 536708K (88%)
----------------- Invoking toplevel() on ptolemy.moml.MoMLSimpleApplication@7740f1b2
----------------- Done invoking toplevel() on ptolemy.moml.MoMLSimpleApplication@7740f1b2
reloadAllAccessors: .ComplexDivide

===========================================================================================
----------------- testing Wed May 20 14:27:44 UTC 2020 /home/travis/build/icyphy/ptII/ptolemy/actor/lib/test/auto/ComputeHistogram.xml
----------------- Instantiating /home/travis/build/icyphy/ptII/ptolemy/actor/lib/test/auto/ComputeHistogram.xml
31 ms. Memory: 612352K Free: 523906K (86%)
----------------- Invoking toplevel() on ptolemy.moml.MoMLSimpleApplication@32232d6a
----------------- Done invoking toplevel() on ptolemy.moml.MoMLSimpleApplication@32232d6a
reloadAllAccessors: .ComputeHistogram

===========================================================================================
----------------- testing Wed May 20 14:27:44 UTC 2020 /home/travis/build/icyphy/ptII/ptolemy/actor/lib/test/auto/ConfigurationSelect.xml
----------------- Instantiating /home/travis/build/icyphy/ptII/ptolemy/actor/lib/test/auto/ConfigurationSelect.xml
8 ms. Memory: 612352K Free: 518276K (85%)
----------------- Invoking toplevel() on ptolemy.moml.MoMLSimpleApplication@72feac56
----------------- Done invoking toplevel() on ptolemy.moml.MoMLSimpleApplication@72feac56
reloadAllAccessors: .ConfigurationSelect

===========================================================================================
----------------- testing Wed May 20 14:27:44 UTC 2020 /home/travis/build/icyphy/ptII/ptolemy/actor/lib/test/auto/ConfigurationSelect2.xml
----------------- Instantiating /home/travis/build/icyphy/ptII/ptolemy/actor/lib/test/auto/ConfigurationSelect2.xml
2 ms. Memory: 612352K Free: 514180K (84%)
----------------- Invoking toplevel() on ptolemy.moml.MoMLSimpleApplication@4e9c5a39
----------------- Done invoking toplevel() on ptolemy.moml.MoMLSimpleApplication@4e9c5a39
reloadAllAccessors: .ConfigurationSelect2

===========================================================================================
----------------- testing Wed May 20 14:27:44 UTC 2020 /home/travis/build/icyphy/ptII/ptolemy/actor/lib/test/auto/ConfigurationSwitch.xml
----------------- Instantiating /home/travis/build/icyphy/ptII/ptolemy/actor/lib/test/auto/ConfigurationSwitch.xml
2 ms. Memory: 612352K Free: 508546K (83%)
----------------- Invoking toplevel() on ptolemy.moml.MoMLSimpleApplication@474d020c
----------------- Done invoking toplevel() on ptolemy.moml.MoMLSimpleApplication@474d020c
reloadAllAccessors: .ConfigurationSwitch

===========================================================================================
----------------- testing Wed May 20 14:27:44 UTC 2020 /home/travis/build/icyphy/ptII/ptolemy/actor/lib/test/auto/ConfigurationSwitch2.xml
----------------- Instantiating /home/travis/build/icyphy/ptII/ptolemy/actor/lib/test/auto/ConfigurationSwitch2.xml
2 ms. Memory: 612352K Free: 503426K (82%)
----------------- Invoking toplevel() on ptolemy.moml.MoMLSimpleApplication@2fc3e6e3
----------------- Done invoking toplevel() on ptolemy.moml.MoMLSimpleApplication@2fc3e6e3
reloadAllAccessors: .ConfigurationSwitch2

===========================================================================================
----------------- testing Wed May 20 14:27:44 UTC 2020 /home/travis/build/icyphy/ptII/ptolemy/actor/lib/test/auto/ConfigurationSwitchCloningBugWithClassRelationGroup.xml
----------------- Instantiating /home/travis/build/icyphy/ptII/ptolemy/actor/lib/test/auto/ConfigurationSwitchCloningBugWithClassRelationGroup.xml
1 ms. Memory: 612352K Free: 496258K (81%)
----------------- Invoking toplevel() on ptolemy.moml.MoMLSimpleApplication@3c54b253
----------------- Done invoking toplevel() on ptolemy.moml.MoMLSimpleApplication@3c54b253
reloadAllAccessors: .ConfigurationSwitchCloningBugWithClassRelationGroup

===========================================================================================
----------------- testing Wed May 20 14:27:44 UTC 2020 /home/travis/build/icyphy/ptII/ptolemy/actor/lib/test/auto/ConfigurationSwitchSelectSDF.xml
----------------- Instantiating /home/travis/build/icyphy/ptII/ptolemy/actor/lib/test/auto/ConfigurationSwitchSelectSDF.xml
5 ms. Memory: 612352K Free: 490628K (80%)
----------------- Invoking toplevel() on ptolemy.moml.MoMLSimpleApplication@9674211
----------------- Done invoking toplevel() on ptolemy.moml.MoMLSimpleApplication@9674211
reloadAllAccessors: .ConfigurationSwitchSelectSDF

===========================================================================================
----------------- testing Wed May 20 14:27:44 UTC 2020 /home/travis/build/icyphy/ptII/ptolemy/actor/lib/test/auto/ConfigurationSwitchSelectSDF2.xml
----------------- Instantiating /home/travis/build/icyphy/ptII/ptolemy/actor/lib/test/auto/ConfigurationSwitchSelectSDF2.xml
2 ms. Memory: 612352K Free: 484994K (79%)
----------------- Invoking toplevel() on ptolemy.moml.MoMLSimpleApplication@627ab260
----------------- Done invoking toplevel() on ptolemy.moml.MoMLSimpleApplication@627ab260
reloadAllAccessors: .ConfigurationSwitchSelectSDF2

===========================================================================================
----------------- testing Wed May 20 14:27:44 UTC 2020 /home/travis/build/icyphy/ptII/ptolemy/actor/lib/test/auto/Const.xml
----------------- Instantiating /home/travis/build/icyphy/ptII/ptolemy/actor/lib/test/auto/Const.xml
1 ms. Memory: 612352K Free: 480898K (79%)
----------------- Invoking toplevel() on ptolemy.moml.MoMLSimpleApplication@8362e93
----------------- Done invoking toplevel() on ptolemy.moml.MoMLSimpleApplication@8362e93
reloadAllAccessors: .Const

===========================================================================================
----------------- testing Wed May 20 14:27:44 UTC 2020 /home/travis/build/icyphy/ptII/ptolemy/actor/lib/test/auto/Const2.xml
----------------- Instantiating /home/travis/build/icyphy/ptII/ptolemy/actor/lib/test/auto/Const2.xml
1 ms. Memory: 612352K Free: 476802K (78%)
----------------- Invoking toplevel() on ptolemy.moml.MoMLSimpleApplication@2ef8ded6
----------------- Done invoking toplevel() on ptolemy.moml.MoMLSimpleApplication@2ef8ded6
reloadAllAccessors: .Const2

===========================================================================================
----------------- testing Wed May 20 14:27:44 UTC 2020 /home/travis/build/icyphy/ptII/ptolemy/actor/lib/test/auto/Const3.xml
----------------- Instantiating /home/travis/build/icyphy/ptII/ptolemy/actor/lib/test/auto/Const3.xml
1 ms. Memory: 612352K Free: 474244K (77%)
----------------- Invoking toplevel() on ptolemy.moml.MoMLSimpleApplication@4d47c745
----------------- Done invoking toplevel() on ptolemy.moml.MoMLSimpleApplication@4d47c745
reloadAllAccessors: .Const3

===========================================================================================
----------------- testing Wed May 20 14:27:44 UTC 2020 /home/travis/build/icyphy/ptII/ptolemy/actor/lib/test/auto/ConstantPublisherPort1.xml
----------------- Instantiating /home/travis/build/icyphy/ptII/ptolemy/actor/lib/test/auto/ConstantPublisherPort1.xml
6 ms. Memory: 612352K Free: 465538K (76%)
----------------- Invoking toplevel() on ptolemy.moml.MoMLSimpleApplication@c363180
----------------- Done invoking toplevel() on ptolemy.moml.MoMLSimpleApplication@c363180
reloadAllAccessors: .ConstantPublisherPort1

===========================================================================================
----------------- testing Wed May 20 14:27:44 UTC 2020 /home/travis/build/icyphy/ptII/ptolemy/actor/lib/test/auto/ConstantPublisherPort2.xml
----------------- Instantiating /home/travis/build/icyphy/ptII/ptolemy/actor/lib/test/auto/ConstantPublisherPort2.xml
9 ms. Memory: 612352K Free: 457346K (75%)
----------------- Invoking toplevel() on ptolemy.moml.MoMLSimpleApplication@7aace561
----------------- Done invoking toplevel() on ptolemy.moml.MoMLSimpleApplication@7aace561
reloadAllAccessors: .ConstantPublisherPort2

===========================================================================================
----------------- testing Wed May 20 14:27:44 UTC 2020 /home/travis/build/icyphy/ptII/ptolemy/actor/lib/test/auto/ConstantPublisherPort3.xml
----------------- Instantiating /home/travis/build/icyphy/ptII/ptolemy/actor/lib/test/auto/ConstantPublisherPort3.xml
7 ms. Memory: 612352K Free: 450178K (74%)
----------------- Invoking toplevel() on ptolemy.moml.MoMLSimpleApplication@45965c35
----------------- Done invoking toplevel() on ptolemy.moml.MoMLSimpleApplication@45965c35
reloadAllAccessors: .ConstantPublisherPort3

===========================================================================================
----------------- testing Wed May 20 14:27:44 UTC 2020 /home/travis/build/icyphy/ptII/ptolemy/actor/lib/test/auto/ConstantPublisherPort4.xml
----------------- Instantiating /home/travis/build/icyphy/ptII/ptolemy/actor/lib/test/auto/ConstantPublisherPort4.xml
2 ms. Memory: 612352K Free: 443010K (72%)
----------------- Invoking toplevel() on ptolemy.moml.MoMLSimpleApplication@2dad5c44
----------------- Done invoking toplevel() on ptolemy.moml.MoMLSimpleApplication@2dad5c44
reloadAllAccessors: .ConstantPublisherPort4

===========================================================================================
----------------- testing Wed May 20 14:27:44 UTC 2020 /home/travis/build/icyphy/ptII/ptolemy/actor/lib/test/auto/ConstantPublisherPort5.xml
----------------- Instantiating /home/travis/build/icyphy/ptII/ptolemy/actor/lib/test/auto/ConstantPublisherPort5.xml
39 ms. Memory: 612352K Free: 432770K (71%)
----------------- Invoking toplevel() on ptolemy.moml.MoMLSimpleApplication@72eba243
----------------- Done invoking toplevel() on ptolemy.moml.MoMLSimpleApplication@72eba243
reloadAllAccessors: .ConstantPublisherPort5

===========================================================================================
----------------- testing Wed May 20 14:27:44 UTC 2020 /home/travis/build/icyphy/ptII/ptolemy/actor/lib/test/auto/ConstantPublisherPort6.xml
----------------- Instantiating /home/travis/build/icyphy/ptII/ptolemy/actor/lib/test/auto/ConstantPublisherPort6.xml
20 ms. Memory: 612352K Free: 423554K (69%)
----------------- Invoking toplevel() on ptolemy.moml.MoMLSimpleApplication@12e051a4
----------------- Done invoking toplevel() on ptolemy.moml.MoMLSimpleApplication@12e051a4
reloadAllAccessors: .ConstantPublisherPort6

===========================================================================================
----------------- testing Wed May 20 14:27:44 UTC 2020 /home/travis/build/icyphy/ptII/ptolemy/actor/lib/test/auto/ConstantPublisherPort7.xml
----------------- Instantiating /home/travis/build/icyphy/ptII/ptolemy/actor/lib/test/auto/ConstantPublisherPort7.xml
20 ms. Memory: 612352K Free: 413828K (68%)
----------------- Invoking toplevel() on ptolemy.moml.MoMLSimpleApplication@57382a5
----------------- Done invoking toplevel() on ptolemy.moml.MoMLSimpleApplication@57382a5
reloadAllAccessors: .ConstantPublisherPort7

===========================================================================================
----------------- testing Wed May 20 14:27:45 UTC 2020 /home/travis/build/icyphy/ptII/ptolemy/actor/lib/test/auto/ConstraintMonitor1.xml
----------------- Instantiating /home/travis/build/icyphy/ptII/ptolemy/actor/lib/test/auto/ConstraintMonitor1.xml
3 ms. Memory: 612352K Free: 408708K (67%)
----------------- Invoking toplevel() on ptolemy.moml.MoMLSimpleApplication@e1f9ddc
----------------- Done invoking toplevel() on ptolemy.moml.MoMLSimpleApplication@e1f9ddc
reloadAllAccessors: .ConstraintMonitor1

===========================================================================================
----------------- testing Wed May 20 14:27:45 UTC 2020 /home/travis/build/icyphy/ptII/ptolemy/actor/lib/test/auto/ConstraintMonitor2.xml
----------------- Instantiating /home/travis/build/icyphy/ptII/ptolemy/actor/lib/test/auto/ConstraintMonitor2.xml
2 ms. Memory: 612352K Free: 404612K (66%)
----------------- Invoking toplevel() on ptolemy.moml.MoMLSimpleApplication@2c089ec3
----------------- Done invoking toplevel() on ptolemy.moml.MoMLSimpleApplication@2c089ec3
reloadAllAccessors: .ConstraintMonitor2

===========================================================================================
----------------- testing Wed May 20 14:27:45 UTC 2020 /home/travis/build/icyphy/ptII/ptolemy/actor/lib/test/auto/ConstraintMonitor3.xml
----------------- Instantiating /home/travis/build/icyphy/ptII/ptolemy/actor/lib/test/auto/ConstraintMonitor3.xml
2 ms. Memory: 612352K Free: 400002K (65%)
----------------- Invoking toplevel() on ptolemy.moml.MoMLSimpleApplication@675dbadc
----------------- Done invoking toplevel() on ptolemy.moml.MoMLSimpleApplication@675dbadc
reloadAllAccessors: .ConstraintMonitor3

===========================================================================================
----------------- testing Wed May 20 14:27:45 UTC 2020 /home/travis/build/icyphy/ptII/ptolemy/actor/lib/test/auto/ConstraintMonitor4.xml
----------------- Instantiating /home/travis/build/icyphy/ptII/ptolemy/actor/lib/test/auto/ConstraintMonitor4.xml
1 ms. Memory: 612352K Free: 394882K (64%)
----------------- Invoking toplevel() on ptolemy.moml.MoMLSimpleApplication@b157273
----------------- Done invoking toplevel() on ptolemy.moml.MoMLSimpleApplication@b157273
reloadAllAccessors: .ConstraintMonitor4

===========================================================================================
----------------- testing Wed May 20 14:27:45 UTC 2020 /home/travis/build/icyphy/ptII/ptolemy/actor/lib/test/auto/ConstraintMonitor5.xml
----------------- Instantiating /home/travis/build/icyphy/ptII/ptolemy/actor/lib/test/auto/ConstraintMonitor5.xml
2 ms. Memory: 612352K Free: 390274K (64%)
----------------- Invoking toplevel() on ptolemy.moml.MoMLSimpleApplication@1a13b73
----------------- Done invoking toplevel() on ptolemy.moml.MoMLSimpleApplication@1a13b73
reloadAllAccessors: .ConstraintMonitor5

===========================================================================================
----------------- testing Wed May 20 14:27:45 UTC 2020 /home/travis/build/icyphy/ptII/ptolemy/actor/lib/test/auto/ConstraintMonitor6.xml
----------------- Instantiating /home/travis/build/icyphy/ptII/ptolemy/actor/lib/test/auto/ConstraintMonitor6.xml
9 ms. Memory: 612352K Free: 383588K (63%)
----------------- Invoking toplevel() on ptolemy.moml.MoMLSimpleApplication@4a67739e
----------------- Done invoking toplevel() on ptolemy.moml.MoMLSimpleApplication@4a67739e
reloadAllAccessors: .ConstraintMonitor6

===========================================================================================
----------------- testing Wed May 20 14:27:45 UTC 2020 /home/travis/build/icyphy/ptII/ptolemy/actor/lib/test/auto/ConstraintMonitor7.xml
----------------- Instantiating /home/travis/build/icyphy/ptII/ptolemy/actor/lib/test/auto/ConstraintMonitor7.xml
4 ms. Memory: 612352K Free: 376964K (62%)
----------------- Invoking toplevel() on ptolemy.moml.MoMLSimpleApplication@51f2dcfc
----------------- Done invoking toplevel() on ptolemy.moml.MoMLSimpleApplication@51f2dcfc
reloadAllAccessors: .ConstraintMonitor7

===========================================================================================
----------------- testing Wed May 20 14:27:45 UTC 2020 /home/travis/build/icyphy/ptII/ptolemy/actor/lib/test/auto/ConstraintMonitor8.xml
----------------- Instantiating /home/travis/build/icyphy/ptII/ptolemy/actor/lib/test/auto/ConstraintMonitor8.xml
3 ms. Memory: 612352K Free: 369796K (60%)
----------------- Invoking toplevel() on ptolemy.moml.MoMLSimpleApplication@4112b283
----------------- Done invoking toplevel() on ptolemy.moml.MoMLSimpleApplication@4112b283
reloadAllAccessors: .ConstraintMonitor8

===========================================================================================
----------------- testing Wed May 20 14:27:45 UTC 2020 /home/travis/build/icyphy/ptII/ptolemy/actor/lib/test/auto/Counter.xml
----------------- Instantiating /home/travis/build/icyphy/ptII/ptolemy/actor/lib/test/auto/Counter.xml
2 ms. Memory: 612352K Free: 364676K (60%)
----------------- Invoking toplevel() on ptolemy.moml.MoMLSimpleApplication@5bc0d306
----------------- Done invoking toplevel() on ptolemy.moml.MoMLSimpleApplication@5bc0d306
reloadAllAccessors: .Counter

===========================================================================================
----------------- testing Wed May 20 14:27:45 UTC 2020 /home/travis/build/icyphy/ptII/ptolemy/actor/lib/test/auto/CurrentTimeSDF.xml
----------------- Instantiating /home/travis/build/icyphy/ptII/ptolemy/actor/lib/test/auto/CurrentTimeSDF.xml
1 ms. Memory: 612352K Free: 360580K (59%)
----------------- Invoking toplevel() on ptolemy.moml.MoMLSimpleApplication@379796b4
----------------- Done invoking toplevel() on ptolemy.moml.MoMLSimpleApplication@379796b4
reloadAllAccessors: .CurrentTimeSDF

===========================================================================================
----------------- testing Wed May 20 14:27:45 UTC 2020 /home/travis/build/icyphy/ptII/ptolemy/actor/lib/test/auto/DB.xml
----------------- Instantiating /home/travis/build/icyphy/ptII/ptolemy/actor/lib/test/auto/DB.xml
1 ms. Memory: 612352K Free: 355970K (58%)
----------------- Invoking toplevel() on ptolemy.moml.MoMLSimpleApplication@739b8bcb
----------------- Done invoking toplevel() on ptolemy.moml.MoMLSimpleApplication@739b8bcb
reloadAllAccessors: .DB

===========================================================================================
----------------- testing Wed May 20 14:27:45 UTC 2020 /home/travis/build/icyphy/ptII/ptolemy/actor/lib/test/auto/DBDE.xml
----------------- Instantiating /home/travis/build/icyphy/ptII/ptolemy/actor/lib/test/auto/DBDE.xml
2 ms. Memory: 612352K Free: 349796K (57%)
----------------- Invoking toplevel() on ptolemy.moml.MoMLSimpleApplication@689d880a
----------------- Done invoking toplevel() on ptolemy.moml.MoMLSimpleApplication@689d880a
reloadAllAccessors: .DBDE

===========================================================================================
----------------- testing Wed May 20 14:27:45 UTC 2020 /home/travis/build/icyphy/ptII/ptolemy/actor/lib/test/auto/DateConstructor.xml
----------------- Instantiating /home/travis/build/icyphy/ptII/ptolemy/actor/lib/test/auto/DateConstructor.xml
25 ms. Memory: 612352K Free: 331908K (54%)
----------------- Invoking toplevel() on ptolemy.moml.MoMLSimpleApplication@3a145b66
----------------- Done invoking toplevel() on ptolemy.moml.MoMLSimpleApplication@3a145b66
reloadAllAccessors: .DateConstructor

===========================================================================================
----------------- testing Wed May 20 14:27:45 UTC 2020 /home/travis/build/icyphy/ptII/ptolemy/actor/lib/test/auto/DelayTime.xml
----------------- Instantiating /home/travis/build/icyphy/ptII/ptolemy/actor/lib/test/auto/DelayTime.xml
10 ms. Memory: 612352K Free: 557700K (91%)
----------------- Invoking toplevel() on ptolemy.moml.MoMLSimpleApplication@2c53522b
----------------- Done invoking toplevel() on ptolemy.moml.MoMLSimpleApplication@2c53522b
reloadAllAccessors: .DelayTime

===========================================================================================
----------------- testing Wed May 20 14:27:45 UTC 2020 /home/travis/build/icyphy/ptII/ptolemy/actor/lib/test/auto/Dictionary1.xml
----------------- Instantiating /home/travis/build/icyphy/ptII/ptolemy/actor/lib/test/auto/Dictionary1.xml
1 ms. Memory: 612352K Free: 552580K (90%)
----------------- Invoking toplevel() on ptolemy.moml.MoMLSimpleApplication@15c2f06b
----------------- Done invoking toplevel() on ptolemy.moml.MoMLSimpleApplication@15c2f06b
reloadAllAccessors: .Dictionary1

===========================================================================================
----------------- testing Wed May 20 14:27:45 UTC 2020 /home/travis/build/icyphy/ptII/ptolemy/actor/lib/test/auto/Dictionary2.xml
----------------- Instantiating /home/travis/build/icyphy/ptII/ptolemy/actor/lib/test/auto/Dictionary2.xml
2 ms. Memory: 612352K Free: 546946K (89%)
----------------- Invoking toplevel() on ptolemy.moml.MoMLSimpleApplication@6afac3d1
----------------- Done invoking toplevel() on ptolemy.moml.MoMLSimpleApplication@6afac3d1
reloadAllAccessors: .Dictionary2

===========================================================================================
----------------- testing Wed May 20 14:27:45 UTC 2020 /home/travis/build/icyphy/ptII/ptolemy/actor/lib/test/auto/Dictionary3.xml
----------------- Instantiating /home/travis/build/icyphy/ptII/ptolemy/actor/lib/test/auto/Dictionary3.xml
2 ms. Memory: 612352K Free: 541316K (88%)
----------------- Invoking toplevel() on ptolemy.moml.MoMLSimpleApplication@386d2b04
----------------- Done invoking toplevel() on ptolemy.moml.MoMLSimpleApplication@386d2b04
reloadAllAccessors: .Dictionary3

===========================================================================================
----------------- testing Wed May 20 14:27:45 UTC 2020 /home/travis/build/icyphy/ptII/ptolemy/actor/lib/test/auto/Dictionary4.xml
----------------- Instantiating /home/travis/build/icyphy/ptII/ptolemy/actor/lib/test/auto/Dictionary4.xml
2 ms. Memory: 612352K Free: 534652K (87%)
----------------- Invoking toplevel() on ptolemy.moml.MoMLSimpleApplication@1737ec71
----------------- Done invoking toplevel() on ptolemy.moml.MoMLSimpleApplication@1737ec71
reloadAllAccessors: .Dictionary4

===========================================================================================
----------------- testing Wed May 20 14:27:45 UTC 2020 /home/travis/build/icyphy/ptII/ptolemy/actor/lib/test/auto/Differential.xml
----------------- Instantiating /home/travis/build/icyphy/ptII/ptolemy/actor/lib/test/auto/Differential.xml
2 ms. Memory: 612352K Free: 530052K (87%)
----------------- Invoking toplevel() on ptolemy.moml.MoMLSimpleApplication@7f88c088
----------------- Done invoking toplevel() on ptolemy.moml.MoMLSimpleApplication@7f88c088
reloadAllAccessors: .Differential

===========================================================================================
----------------- testing Wed May 20 14:27:45 UTC 2020 /home/travis/build/icyphy/ptII/ptolemy/actor/lib/test/auto/Director.xml
----------------- Instantiating /home/travis/build/icyphy/ptII/ptolemy/actor/lib/test/auto/Director.xml
3 ms. Memory: 612352K Free: 526466K (86%)
----------------- Invoking toplevel() on ptolemy.moml.MoMLSimpleApplication@657b1cf0
----------------- Done invoking toplevel() on ptolemy.moml.MoMLSimpleApplication@657b1cf0
reloadAllAccessors: .Director

===========================================================================================
----------------- testing Wed May 20 14:27:45 UTC 2020 /home/travis/build/icyphy/ptII/ptolemy/actor/lib/test/auto/DiscreteClock.xml
----------------- Instantiating /home/travis/build/icyphy/ptII/ptolemy/actor/lib/test/auto/DiscreteClock.xml
1 ms. Memory: 612352K Free: 522370K (85%)
----------------- Invoking toplevel() on ptolemy.moml.MoMLSimpleApplication@2b618a50
----------------- Done invoking toplevel() on ptolemy.moml.MoMLSimpleApplication@2b618a50
reloadAllAccessors: .DiscreteClock

===========================================================================================
----------------- testing Wed May 20 14:27:45 UTC 2020 /home/travis/build/icyphy/ptII/ptolemy/actor/lib/test/auto/DiscreteClock10.xml
----------------- Instantiating /home/travis/build/icyphy/ptII/ptolemy/actor/lib/test/auto/DiscreteClock10.xml
3 ms. Memory: 612352K Free: 516740K (84%)
----------------- Invoking toplevel() on ptolemy.moml.MoMLSimpleApplication@848e9aa
----------------- Done invoking toplevel() on ptolemy.moml.MoMLSimpleApplication@848e9aa
reloadAllAccessors: .DiscreteClock10

===========================================================================================
----------------- testing Wed May 20 14:27:45 UTC 2020 /home/travis/build/icyphy/ptII/ptolemy/actor/lib/test/auto/DiscreteClock11.xml
----------------- Instantiating /home/travis/build/icyphy/ptII/ptolemy/actor/lib/test/auto/DiscreteClock11.xml
1 ms. Memory: 612352K Free: 510596K (83%)
----------------- Invoking toplevel() on ptolemy.moml.MoMLSimpleApplication@6dfe489f
----------------- Done invoking toplevel() on ptolemy.moml.MoMLSimpleApplication@6dfe489f
reloadAllAccessors: .DiscreteClock11

===========================================================================================
----------------- testing Wed May 20 14:27:45 UTC 2020 /home/travis/build/icyphy/ptII/ptolemy/actor/lib/test/auto/DiscreteClock12.xml
----------------- Instantiating /home/travis/build/icyphy/ptII/ptolemy/actor/lib/test/auto/DiscreteClock12.xml
3 ms. Memory: 612352K Free: 504452K (82%)
----------------- Invoking toplevel() on ptolemy.moml.MoMLSimpleApplication@16489803
----------------- Done invoking toplevel() on ptolemy.moml.MoMLSimpleApplication@16489803
reloadAllAccessors: .DiscreteClock12

===========================================================================================
----------------- testing Wed May 20 14:27:45 UTC 2020 /home/travis/build/icyphy/ptII/ptolemy/actor/lib/test/auto/DiscreteClock13.xml
----------------- Instantiating /home/travis/build/icyphy/ptII/ptolemy/actor/lib/test/auto/DiscreteClock13.xml
2 ms. Memory: 612352K Free: 498812K (81%)
----------------- Invoking toplevel() on ptolemy.moml.MoMLSimpleApplication@61823104
----------------- Done invoking toplevel() on ptolemy.moml.MoMLSimpleApplication@61823104
reloadAllAccessors: .DiscreteClock13

===========================================================================================
----------------- testing Wed May 20 14:27:45 UTC 2020 /home/travis/build/icyphy/ptII/ptolemy/actor/lib/test/auto/DiscreteClock14.xml
----------------- Instantiating /home/travis/build/icyphy/ptII/ptolemy/actor/lib/test/auto/DiscreteClock14.xml
3 ms. Memory: 612352K Free: 492644K (80%)
----------------- Invoking toplevel() on ptolemy.moml.MoMLSimpleApplication@44ba70e4
----------------- Done invoking toplevel() on ptolemy.moml.MoMLSimpleApplication@44ba70e4
reloadAllAccessors: .DiscreteClock14

===========================================================================================
----------------- testing Wed May 20 14:27:45 UTC 2020 /home/travis/build/icyphy/ptII/ptolemy/actor/lib/test/auto/DiscreteClock15.xml
----------------- Instantiating /home/travis/build/icyphy/ptII/ptolemy/actor/lib/test/auto/DiscreteClock15.xml
2 ms. Memory: 612352K Free: 486500K (79%)
----------------- Invoking toplevel() on ptolemy.moml.MoMLSimpleApplication@2004a065
----------------- Done invoking toplevel() on ptolemy.moml.MoMLSimpleApplication@2004a065
reloadAllAccessors: .DiscreteClock15

===========================================================================================
----------------- testing Wed May 20 14:27:45 UTC 2020 /home/travis/build/icyphy/ptII/ptolemy/actor/lib/test/auto/DiscreteClock16.xml
----------------- Instantiating /home/travis/build/icyphy/ptII/ptolemy/actor/lib/test/auto/DiscreteClock16.xml
11 ms. Memory: 612352K Free: 472708K (77%)
----------------- Invoking toplevel() on ptolemy.moml.MoMLSimpleApplication@59b0004f
----------------- Done invoking toplevel() on ptolemy.moml.MoMLSimpleApplication@59b0004f
reloadAllAccessors: .DiscreteClock16

===========================================================================================
----------------- testing Wed May 20 14:27:45 UTC 2020 /home/travis/build/icyphy/ptII/ptolemy/actor/lib/test/auto/DiscreteClock17.xml
----------------- Instantiating /home/travis/build/icyphy/ptII/ptolemy/actor/lib/test/auto/DiscreteClock17.xml
12 ms. Memory: 612352K Free: 457844K (75%)
----------------- Invoking toplevel() on ptolemy.moml.MoMLSimpleApplication@5dbf5fad
----------------- Done invoking toplevel() on ptolemy.moml.MoMLSimpleApplication@5dbf5fad
reloadAllAccessors: .DiscreteClock17

===========================================================================================
----------------- testing Wed May 20 14:27:45 UTC 2020 /home/travis/build/icyphy/ptII/ptolemy/actor/lib/test/auto/DiscreteClock18.xml
----------------- Instantiating /home/travis/build/icyphy/ptII/ptolemy/actor/lib/test/auto/DiscreteClock18.xml
8 ms. Memory: 612352K Free: 444546K (73%)
----------------- Invoking toplevel() on ptolemy.moml.MoMLSimpleApplication@66cbbf31
----------------- Done invoking toplevel() on ptolemy.moml.MoMLSimpleApplication@66cbbf31
reloadAllAccessors: .DiscreteClock18

===========================================================================================
----------------- testing Wed May 20 14:27:45 UTC 2020 /home/travis/build/icyphy/ptII/ptolemy/actor/lib/test/auto/DiscreteClock19.xml
----------------- Instantiating /home/travis/build/icyphy/ptII/ptolemy/actor/lib/test/auto/DiscreteClock19.xml
9 ms. Memory: 612352K Free: 430724K (70%)
----------------- Invoking toplevel() on ptolemy.moml.MoMLSimpleApplication@21ff055c
----------------- Done invoking toplevel() on ptolemy.moml.MoMLSimpleApplication@21ff055c
reloadAllAccessors: .DiscreteClock19

===========================================================================================
----------------- testing Wed May 20 14:27:45 UTC 2020 /home/travis/build/icyphy/ptII/ptolemy/actor/lib/test/auto/DiscreteClock2.xml
----------------- Instantiating /home/travis/build/icyphy/ptII/ptolemy/actor/lib/test/auto/DiscreteClock2.xml
2 ms. Memory: 612352K Free: 425604K (70%)
----------------- Invoking toplevel() on ptolemy.moml.MoMLSimpleApplication@303e141e
----------------- Done invoking toplevel() on ptolemy.moml.MoMLSimpleApplication@303e141e
reloadAllAccessors: .DiscreteClock2

===========================================================================================
----------------- testing Wed May 20 14:27:45 UTC 2020 /home/travis/build/icyphy/ptII/ptolemy/actor/lib/test/auto/DiscreteClock20.xml
----------------- Instantiating /home/travis/build/icyphy/ptII/ptolemy/actor/lib/test/auto/DiscreteClock20.xml
6 ms. Memory: 612352K Free: 420484K (69%)
----------------- Invoking toplevel() on ptolemy.moml.MoMLSimpleApplication@657edef7
----------------- Done invoking toplevel() on ptolemy.moml.MoMLSimpleApplication@657edef7
reloadAllAccessors: .DiscreteClock20

===========================================================================================
----------------- testing Wed May 20 14:27:45 UTC 2020 /home/travis/build/icyphy/ptII/ptolemy/actor/lib/test/auto/DiscreteClock21.xml
----------------- Instantiating /home/travis/build/icyphy/ptII/ptolemy/actor/lib/test/auto/DiscreteClock21.xml
5 ms. Memory: 612352K Free: 414850K (68%)
----------------- Invoking toplevel() on ptolemy.moml.MoMLSimpleApplication@2545a046
----------------- Done invoking toplevel() on ptolemy.moml.MoMLSimpleApplication@2545a046
reloadAllAccessors: .DiscreteClock21

===========================================================================================
----------------- testing Wed May 20 14:27:45 UTC 2020 /home/travis/build/icyphy/ptII/ptolemy/actor/lib/test/auto/DiscreteClock22.xml
----------------- Instantiating /home/travis/build/icyphy/ptII/ptolemy/actor/lib/test/auto/DiscreteClock22.xml
2 ms. Memory: 612352K Free: 409220K (67%)
----------------- Invoking toplevel() on ptolemy.moml.MoMLSimpleApplication@2c2a1ef8
----------------- Done invoking toplevel() on ptolemy.moml.MoMLSimpleApplication@2c2a1ef8
reloadAllAccessors: .DiscreteClock22

===========================================================================================
----------------- testing Wed May 20 14:27:45 UTC 2020 /home/travis/build/icyphy/ptII/ptolemy/actor/lib/test/auto/DiscreteClock23.xml
----------------- Instantiating /home/travis/build/icyphy/ptII/ptolemy/actor/lib/test/auto/DiscreteClock23.xml
4 ms. Memory: 612352K Free: 404100K (66%)
----------------- Invoking toplevel() on ptolemy.moml.MoMLSimpleApplication@72982177
----------------- Done invoking toplevel() on ptolemy.moml.MoMLSimpleApplication@72982177
reloadAllAccessors: .DiscreteClock23

===========================================================================================
----------------- testing Wed May 20 14:27:45 UTC 2020 /home/travis/build/icyphy/ptII/ptolemy/actor/lib/test/auto/DiscreteClock24.xml
----------------- Instantiating /home/travis/build/icyphy/ptII/ptolemy/actor/lib/test/auto/DiscreteClock24.xml
5 ms. Memory: 612352K Free: 398466K (65%)
----------------- Invoking toplevel() on ptolemy.moml.MoMLSimpleApplication@25007d76
----------------- Done invoking toplevel() on ptolemy.moml.MoMLSimpleApplication@25007d76
reloadAllAccessors: .DiscreteClock24

===========================================================================================
----------------- testing Wed May 20 14:27:45 UTC 2020 /home/travis/build/icyphy/ptII/ptolemy/actor/lib/test/auto/DiscreteClock4.xml
----------------- Instantiating /home/travis/build/icyphy/ptII/ptolemy/actor/lib/test/auto/DiscreteClock4.xml
1 ms. Memory: 612352K Free: 392836K (64%)
----------------- Invoking toplevel() on ptolemy.moml.MoMLSimpleApplication@4a5d8d9e
----------------- Done invoking toplevel() on ptolemy.moml.MoMLSimpleApplication@4a5d8d9e
reloadAllAccessors: .DiscreteClock4

===========================================================================================
----------------- testing Wed May 20 14:27:45 UTC 2020 /home/travis/build/icyphy/ptII/ptolemy/actor/lib/test/auto/DiscreteClock5.xml
----------------- Instantiating /home/travis/build/icyphy/ptII/ptolemy/actor/lib/test/auto/DiscreteClock5.xml
2 ms. Memory: 612352K Free: 387202K (63%)
----------------- Invoking toplevel() on ptolemy.moml.MoMLSimpleApplication@719ff233
----------------- Done invoking toplevel() on ptolemy.moml.MoMLSimpleApplication@719ff233
reloadAllAccessors: .DiscreteClock5

===========================================================================================
----------------- testing Wed May 20 14:27:45 UTC 2020 /home/travis/build/icyphy/ptII/ptolemy/actor/lib/test/auto/DiscreteClock6.xml
----------------- Instantiating /home/travis/build/icyphy/ptII/ptolemy/actor/lib/test/auto/DiscreteClock6.xml
1 ms. Memory: 612352K Free: 383620K (63%)
----------------- Invoking toplevel() on ptolemy.moml.MoMLSimpleApplication@3b365f31
----------------- Done invoking toplevel() on ptolemy.moml.MoMLSimpleApplication@3b365f31
reloadAllAccessors: .DiscreteClock6

===========================================================================================
----------------- testing Wed May 20 14:27:45 UTC 2020 /home/travis/build/icyphy/ptII/ptolemy/actor/lib/test/auto/DiscreteClock7.xml
----------------- Instantiating /home/travis/build/icyphy/ptII/ptolemy/actor/lib/test/auto/DiscreteClock7.xml
1 ms. Memory: 612352K Free: 379010K (62%)
----------------- Invoking toplevel() on ptolemy.moml.MoMLSimpleApplication@429282e8
----------------- Done invoking toplevel() on ptolemy.moml.MoMLSimpleApplication@429282e8
reloadAllAccessors: .DiscreteClock7

===========================================================================================
----------------- testing Wed May 20 14:27:45 UTC 2020 /home/travis/build/icyphy/ptII/ptolemy/actor/lib/test/auto/DiscreteClock8.xml
----------------- Instantiating /home/travis/build/icyphy/ptII/ptolemy/actor/lib/test/auto/DiscreteClock8.xml
8 ms. Memory: 612352K Free: 373380K (61%)
----------------- Invoking toplevel() on ptolemy.moml.MoMLSimpleApplication@7088aa98
----------------- Done invoking toplevel() on ptolemy.moml.MoMLSimpleApplication@7088aa98
reloadAllAccessors: .DiscreteClock8

===========================================================================================
----------------- testing Wed May 20 14:27:45 UTC 2020 /home/travis/build/icyphy/ptII/ptolemy/actor/lib/test/auto/DiscreteClock9.xml
----------------- Instantiating /home/travis/build/icyphy/ptII/ptolemy/actor/lib/test/auto/DiscreteClock9.xml
7 ms. Memory: 612352K Free: 367716K (60%)
----------------- Invoking toplevel() on ptolemy.moml.MoMLSimpleApplication@6c0c51b6
----------------- Done invoking toplevel() on ptolemy.moml.MoMLSimpleApplication@6c0c51b6
reloadAllAccessors: .DiscreteClock9

===========================================================================================
----------------- testing Wed May 20 14:27:45 UTC 2020 /home/travis/build/icyphy/ptII/ptolemy/actor/lib/test/auto/DisplayArray.xml
----------------- Instantiating /home/travis/build/icyphy/ptII/ptolemy/actor/lib/test/auto/DisplayArray.xml
1 ms. Memory: 612352K Free: 364164K (59%)
----------------- Invoking toplevel() on ptolemy.moml.MoMLSimpleApplication@9d8424d
----------------- Done invoking toplevel() on ptolemy.moml.MoMLSimpleApplication@9d8424d
reloadAllAccessors: .DisplayArray

===========================================================================================
----------------- testing Wed May 20 14:27:45 UTC 2020 /home/travis/build/icyphy/ptII/ptolemy/actor/lib/test/auto/Distributor.xml
----------------- Instantiating /home/travis/build/icyphy/ptII/ptolemy/actor/lib/test/auto/Distributor.xml
1 ms. Memory: 612352K Free: 359044K (59%)
----------------- Invoking toplevel() on ptolemy.moml.MoMLSimpleApplication@52f20e41
----------------- Done invoking toplevel() on ptolemy.moml.MoMLSimpleApplication@52f20e41
reloadAllAccessors: .Distributor

===========================================================================================
----------------- testing Wed May 20 14:27:45 UTC 2020 /home/travis/build/icyphy/ptII/ptolemy/actor/lib/test/auto/Distributor2.xml
----------------- Instantiating /home/travis/build/icyphy/ptII/ptolemy/actor/lib/test/auto/Distributor2.xml
1 ms. Memory: 612352K Free: 353924K (58%)
----------------- Invoking toplevel() on ptolemy.moml.MoMLSimpleApplication@1f69f1b4
----------------- Done invoking toplevel() on ptolemy.moml.MoMLSimpleApplication@1f69f1b4
reloadAllAccessors: .Distributor2

===========================================================================================
----------------- testing Wed May 20 14:27:45 UTC 2020 /home/travis/build/icyphy/ptII/ptolemy/actor/lib/test/auto/DownSample.xml
----------------- Instantiating /home/travis/build/icyphy/ptII/ptolemy/actor/lib/test/auto/DownSample.xml
1 ms. Memory: 612352K Free: 349314K (57%)
----------------- Invoking toplevel() on ptolemy.moml.MoMLSimpleApplication@5be22b4d
----------------- Done invoking toplevel() on ptolemy.moml.MoMLSimpleApplication@5be22b4d
reloadAllAccessors: .DownSample

===========================================================================================
----------------- testing Wed May 20 14:27:45 UTC 2020 /home/travis/build/icyphy/ptII/ptolemy/actor/lib/test/auto/ElectronicUnitBase1.xml
----------------- Instantiating /home/travis/build/icyphy/ptII/ptolemy/actor/lib/test/auto/ElectronicUnitBase1.xml
13 ms. Memory: 612352K Free: 333954K (55%)
----------------- Invoking toplevel() on ptolemy.moml.MoMLSimpleApplication@62394248
----------------- Done invoking toplevel() on ptolemy.moml.MoMLSimpleApplication@62394248
reloadAllAccessors: .ElectronicUnitBase1

===========================================================================================
----------------- testing Wed May 20 14:27:46 UTC 2020 /home/travis/build/icyphy/ptII/ptolemy/actor/lib/test/auto/ElementsToArray.xml
----------------- Instantiating /home/travis/build/icyphy/ptII/ptolemy/actor/lib/test/auto/ElementsToArray.xml
3 ms. Memory: 612352K Free: 328834K (54%)
----------------- Invoking toplevel() on ptolemy.moml.MoMLSimpleApplication@366713a7
----------------- Done invoking toplevel() on ptolemy.moml.MoMLSimpleApplication@366713a7
reloadAllAccessors: .ElementsToArray

===========================================================================================
----------------- testing Wed May 20 14:27:46 UTC 2020 /home/travis/build/icyphy/ptII/ptolemy/actor/lib/test/auto/Equals.xml
----------------- Instantiating /home/travis/build/icyphy/ptII/ptolemy/actor/lib/test/auto/Equals.xml
3 ms. Memory: 612352K Free: 324228K (53%)
----------------- Invoking toplevel() on ptolemy.moml.MoMLSimpleApplication@33230c33
----------------- Done invoking toplevel() on ptolemy.moml.MoMLSimpleApplication@33230c33
reloadAllAccessors: .Equals

===========================================================================================
----------------- testing Wed May 20 14:27:46 UTC 2020 /home/travis/build/icyphy/ptII/ptolemy/actor/lib/test/auto/Exec.xml
----------------- Instantiating /home/travis/build/icyphy/ptII/ptolemy/actor/lib/test/auto/Exec.xml
20 ms. Memory: 612352K Free: 318594K (52%)
----------------- Invoking toplevel() on ptolemy.moml.MoMLSimpleApplication@443dfd6f
----------------- Done invoking toplevel() on ptolemy.moml.MoMLSimpleApplication@443dfd6f
reloadAllAccessors: .Exec

===========================================================================================
----------------- testing Wed May 20 14:27:46 UTC 2020 /home/travis/build/icyphy/ptII/ptolemy/actor/lib/test/auto/ExecEnvironment.xml
----------------- Instantiating /home/travis/build/icyphy/ptII/ptolemy/actor/lib/test/auto/ExecEnvironment.xml
31 ms. Memory: 612352K Free: 312962K (51%)
----------------- Invoking toplevel() on ptolemy.moml.MoMLSimpleApplication@363e3a5b
----------------- Done invoking toplevel() on ptolemy.moml.MoMLSimpleApplication@363e3a5b
reloadAllAccessors: .ExecEnvironment

===========================================================================================
----------------- testing Wed May 20 14:27:46 UTC 2020 /home/travis/build/icyphy/ptII/ptolemy/actor/lib/test/auto/ExecNonZeroReturnOutput.xml
----------------- Instantiating /home/travis/build/icyphy/ptII/ptolemy/actor/lib/test/auto/ExecNonZeroReturnOutput.xml
173 ms. Memory: 612352K Free: 301700K (49%)
----------------- Invoking toplevel() on ptolemy.moml.MoMLSimpleApplication@50eb04b0
----------------- Done invoking toplevel() on ptolemy.moml.MoMLSimpleApplication@50eb04b0
reloadAllAccessors: .ExecNonZeroReturnOutput

===========================================================================================
----------------- testing Wed May 20 14:27:46 UTC 2020 /home/travis/build/icyphy/ptII/ptolemy/actor/lib/test/auto/ExecRunDemos.xml
----------------- Instantiating /home/travis/build/icyphy/ptII/ptolemy/actor/lib/test/auto/ExecRunDemos.xml
Finished: 73 ms. Memory: 129024K Free: 112407K (87%)

Finished: 63 ms. Memory: 129024K Free: 109415K (85%)

Finished: 93 ms. Memory: 129024K Free: 109548K (85%)

Finished: 64 ms. Memory: 129024K Free: 111142K (86%)

Finished: 57 ms. Memory: 129024K Free: 112010K (87%)

9991 ms. Memory: 612352K Free: 280194K (46%)
----------------- Invoking toplevel() on ptolemy.moml.MoMLSimpleApplication@4f890499
----------------- Done invoking toplevel() on ptolemy.moml.MoMLSimpleApplication@4f890499
reloadAllAccessors: .ExecRunDemos

===========================================================================================
----------------- testing Wed May 20 14:27:56 UTC 2020 /home/travis/build/icyphy/ptII/ptolemy/actor/lib/test/auto/ExecStop.xml
----------------- Instantiating /home/travis/build/icyphy/ptII/ptolemy/actor/lib/test/auto/ExecStop.xml
5015 ms. Memory: 612352K Free: 499843K (82%)
----------------- Invoking toplevel() on ptolemy.moml.MoMLSimpleApplication@2545ef24
----------------- Done invoking toplevel() on ptolemy.moml.MoMLSimpleApplication@2545ef24
reloadAllAccessors: .ExecStop

===========================================================================================
----------------- testing Wed May 20 14:28:01 UTC 2020 /home/travis/build/icyphy/ptII/ptolemy/actor/lib/test/auto/ExecutionTimeSDF.xml
----------------- Instantiating /home/travis/build/icyphy/ptII/ptolemy/actor/lib/test/auto/ExecutionTimeSDF.xml
Fired ExecutionTime: -439367296
Fired ExecutionTime: 1320400000
Fired ExecutionTime: -284167296
6005 ms. Memory: 612352K Free: 486516K (79%)
----------------- Invoking toplevel() on ptolemy.moml.MoMLSimpleApplication@7dd10b03
----------------- Done invoking toplevel() on ptolemy.moml.MoMLSimpleApplication@7dd10b03
reloadAllAccessors: .ExecutionTimeSDF

===========================================================================================
----------------- testing Wed May 20 14:28:07 UTC 2020 /home/travis/build/icyphy/ptII/ptolemy/actor/lib/test/auto/Expression1.xml
----------------- Instantiating /home/travis/build/icyphy/ptII/ptolemy/actor/lib/test/auto/Expression1.xml
2 ms. Memory: 612352K Free: 482948K (79%)
----------------- Invoking toplevel() on ptolemy.moml.MoMLSimpleApplication@526f8f63
----------------- Done invoking toplevel() on ptolemy.moml.MoMLSimpleApplication@526f8f63
reloadAllAccessors: .Expression1

===========================================================================================
----------------- testing Wed May 20 14:28:07 UTC 2020 /home/travis/build/icyphy/ptII/ptolemy/actor/lib/test/auto/Expression10.xml
----------------- Instantiating /home/travis/build/icyphy/ptII/ptolemy/actor/lib/test/auto/Expression10.xml
6 ms. Memory: 612352K Free: 477828K (78%)
----------------- Invoking toplevel() on ptolemy.moml.MoMLSimpleApplication@ca6831f
----------------- Done invoking toplevel() on ptolemy.moml.MoMLSimpleApplication@ca6831f
reloadAllAccessors: .Expression10

===========================================================================================
----------------- testing Wed May 20 14:28:07 UTC 2020 /home/travis/build/icyphy/ptII/ptolemy/actor/lib/test/auto/Expression11.xml
----------------- Instantiating /home/travis/build/icyphy/ptII/ptolemy/actor/lib/test/auto/Expression11.xml
2 ms. Memory: 612352K Free: 473218K (77%)
----------------- Invoking toplevel() on ptolemy.moml.MoMLSimpleApplication@5582bae3
----------------- Done invoking toplevel() on ptolemy.moml.MoMLSimpleApplication@5582bae3
reloadAllAccessors: .Expression11

===========================================================================================
----------------- testing Wed May 20 14:28:07 UTC 2020 /home/travis/build/icyphy/ptII/ptolemy/actor/lib/test/auto/Expression12.xml
----------------- Instantiating /home/travis/build/icyphy/ptII/ptolemy/actor/lib/test/auto/Expression12.xml
4 ms. Memory: 612352K Free: 467588K (76%)
----------------- Invoking toplevel() on ptolemy.moml.MoMLSimpleApplication@35cf242a
----------------- Done invoking toplevel() on ptolemy.moml.MoMLSimpleApplication@35cf242a
reloadAllAccessors: .Expression12

===========================================================================================
----------------- testing Wed May 20 14:28:07 UTC 2020 /home/travis/build/icyphy/ptII/ptolemy/actor/lib/test/auto/Expression13.xml
----------------- Instantiating /home/travis/build/icyphy/ptII/ptolemy/actor/lib/test/auto/Expression13.xml
3 ms. Memory: 612352K Free: 462468K (76%)
----------------- Invoking toplevel() on ptolemy.moml.MoMLSimpleApplication@40ccccf9
----------------- Done invoking toplevel() on ptolemy.moml.MoMLSimpleApplication@40ccccf9
reloadAllAccessors: .Expression13

===========================================================================================
----------------- testing Wed May 20 14:28:07 UTC 2020 /home/travis/build/icyphy/ptII/ptolemy/actor/lib/test/auto/Expression14.xml
----------------- Instantiating /home/travis/build/icyphy/ptII/ptolemy/actor/lib/test/auto/Expression14.xml
7 ms. Memory: 612352K Free: 456324K (75%)
----------------- Invoking toplevel() on ptolemy.moml.MoMLSimpleApplication@6a373270
----------------- Done invoking toplevel() on ptolemy.moml.MoMLSimpleApplication@6a373270
reloadAllAccessors: .Expression14

===========================================================================================
----------------- testing Wed May 20 14:28:07 UTC 2020 /home/travis/build/icyphy/ptII/ptolemy/actor/lib/test/auto/Expression15.xml
----------------- Instantiating /home/travis/build/icyphy/ptII/ptolemy/actor/lib/test/auto/Expression15.xml
1 ms. Memory: 612352K Free: 453252K (74%)
----------------- Invoking toplevel() on ptolemy.moml.MoMLSimpleApplication@5fd9c16a
----------------- Done invoking toplevel() on ptolemy.moml.MoMLSimpleApplication@5fd9c16a
reloadAllAccessors: .Expression15

===========================================================================================
----------------- testing Wed May 20 14:28:07 UTC 2020 /home/travis/build/icyphy/ptII/ptolemy/actor/lib/test/auto/Expression16.xml
----------------- Instantiating /home/travis/build/icyphy/ptII/ptolemy/actor/lib/test/auto/Expression16.xml
2 ms. Memory: 612352K Free: 448132K (73%)
----------------- Invoking toplevel() on ptolemy.moml.MoMLSimpleApplication@159ccefd
----------------- Done invoking toplevel() on ptolemy.moml.MoMLSimpleApplication@159ccefd
reloadAllAccessors: .Expression16

===========================================================================================
----------------- testing Wed May 20 14:28:07 UTC 2020 /home/travis/build/icyphy/ptII/ptolemy/actor/lib/test/auto/Expression17.xml
----------------- Instantiating /home/travis/build/icyphy/ptII/ptolemy/actor/lib/test/auto/Expression17.xml
3 ms. Memory: 612352K Free: 443012K (72%)
----------------- Invoking toplevel() on ptolemy.moml.MoMLSimpleApplication@37ddde34
----------------- Done invoking toplevel() on ptolemy.moml.MoMLSimpleApplication@37ddde34
reloadAllAccessors: .Expression17

===========================================================================================
----------------- testing Wed May 20 14:28:07 UTC 2020 /home/travis/build/icyphy/ptII/ptolemy/actor/lib/test/auto/Expression18.xml
----------------- Instantiating /home/travis/build/icyphy/ptII/ptolemy/actor/lib/test/auto/Expression18.xml
2 ms. Memory: 612352K Free: 437890K (72%)
----------------- Invoking toplevel() on ptolemy.moml.MoMLSimpleApplication@1c5b23e7
----------------- Done invoking toplevel() on ptolemy.moml.MoMLSimpleApplication@1c5b23e7
reloadAllAccessors: .Expression18

===========================================================================================
----------------- testing Wed May 20 14:28:07 UTC 2020 /home/travis/build/icyphy/ptII/ptolemy/actor/lib/test/auto/Expression2.xml
----------------- Instantiating /home/travis/build/icyphy/ptII/ptolemy/actor/lib/test/auto/Expression2.xml
2 ms. Memory: 612352K Free: 433282K (71%)
----------------- Invoking toplevel() on ptolemy.moml.MoMLSimpleApplication@72d163be
----------------- Done invoking toplevel() on ptolemy.moml.MoMLSimpleApplication@72d163be
reloadAllAccessors: .Expression2

===========================================================================================
----------------- testing Wed May 20 14:28:07 UTC 2020 /home/travis/build/icyphy/ptII/ptolemy/actor/lib/test/auto/Expression3.xml
----------------- Instantiating /home/travis/build/icyphy/ptII/ptolemy/actor/lib/test/auto/Expression3.xml
5 ms. Memory: 612352K Free: 428162K (70%)
----------------- Invoking toplevel() on ptolemy.moml.MoMLSimpleApplication@58c2e627
----------------- Done invoking toplevel() on ptolemy.moml.MoMLSimpleApplication@58c2e627
reloadAllAccessors: .Expression3

===========================================================================================
----------------- testing Wed May 20 14:28:07 UTC 2020 /home/travis/build/icyphy/ptII/ptolemy/actor/lib/test/auto/Expression4.xml
----------------- Instantiating /home/travis/build/icyphy/ptII/ptolemy/actor/lib/test/auto/Expression4.xml
3 ms. Memory: 612352K Free: 420484K (69%)
----------------- Invoking toplevel() on ptolemy.moml.MoMLSimpleApplication@55327512
----------------- Done invoking toplevel() on ptolemy.moml.MoMLSimpleApplication@55327512
reloadAllAccessors: .Expression4

===========================================================================================
----------------- testing Wed May 20 14:28:07 UTC 2020 /home/travis/build/icyphy/ptII/ptolemy/actor/lib/test/auto/Expression5.xml
----------------- Instantiating /home/travis/build/icyphy/ptII/ptolemy/actor/lib/test/auto/Expression5.xml
5 ms. Memory: 612352K Free: 415364K (68%)
----------------- Invoking toplevel() on ptolemy.moml.MoMLSimpleApplication@e4f6ff9
----------------- Done invoking toplevel() on ptolemy.moml.MoMLSimpleApplication@e4f6ff9
reloadAllAccessors: .Expression5

===========================================================================================
----------------- testing Wed May 20 14:28:07 UTC 2020 /home/travis/build/icyphy/ptII/ptolemy/actor/lib/test/auto/Expression6.xml
----------------- Instantiating /home/travis/build/icyphy/ptII/ptolemy/actor/lib/test/auto/Expression6.xml
2 ms. Memory: 612352K Free: 410754K (67%)
----------------- Invoking toplevel() on ptolemy.moml.MoMLSimpleApplication@dcbee7d
----------------- Done invoking toplevel() on ptolemy.moml.MoMLSimpleApplication@dcbee7d
reloadAllAccessors: .Expression6

===========================================================================================
----------------- testing Wed May 20 14:28:07 UTC 2020 /home/travis/build/icyphy/ptII/ptolemy/actor/lib/test/auto/Expression7.xml
----------------- Instantiating /home/travis/build/icyphy/ptII/ptolemy/actor/lib/test/auto/Expression7.xml
7 ms. Memory: 612352K Free: 406146K (66%)
----------------- Invoking toplevel() on ptolemy.moml.MoMLSimpleApplication@7ec31e5c
----------------- Done invoking toplevel() on ptolemy.moml.MoMLSimpleApplication@7ec31e5c
reloadAllAccessors: .Expression7

===========================================================================================
----------------- testing Wed May 20 14:28:07 UTC 2020 /home/travis/build/icyphy/ptII/ptolemy/actor/lib/test/auto/Expression8.xml
----------------- Instantiating /home/travis/build/icyphy/ptII/ptolemy/actor/lib/test/auto/Expression8.xml
8 ms. Memory: 612352K Free: 401028K (65%)
----------------- Invoking toplevel() on ptolemy.moml.MoMLSimpleApplication@509eef1d
----------------- Done invoking toplevel() on ptolemy.moml.MoMLSimpleApplication@509eef1d
reloadAllAccessors: .Expression8

===========================================================================================
----------------- testing Wed May 20 14:28:07 UTC 2020 /home/travis/build/icyphy/ptII/ptolemy/actor/lib/test/auto/Expression9.xml
----------------- Instantiating /home/travis/build/icyphy/ptII/ptolemy/actor/lib/test/auto/Expression9.xml
0 ms. Memory: 612352K Free: 396932K (65%)
----------------- Invoking toplevel() on ptolemy.moml.MoMLSimpleApplication@2b3e135f
----------------- Done invoking toplevel() on ptolemy.moml.MoMLSimpleApplication@2b3e135f
reloadAllAccessors: .Expression9

===========================================================================================
----------------- testing Wed May 20 14:28:07 UTC 2020 /home/travis/build/icyphy/ptII/ptolemy/actor/lib/test/auto/ExpressionConcatenateArrayType.xml
----------------- Instantiating /home/travis/build/icyphy/ptII/ptolemy/actor/lib/test/auto/ExpressionConcatenateArrayType.xml
2 ms. Memory: 612352K Free: 390274K (64%)
----------------- Invoking toplevel() on ptolemy.moml.MoMLSimpleApplication@8a9c741
----------------- Done invoking toplevel() on ptolemy.moml.MoMLSimpleApplication@8a9c741
reloadAllAccessors: .ExpressionConcatenateArrayType

===========================================================================================
----------------- testing Wed May 20 14:28:07 UTC 2020 /home/travis/build/icyphy/ptII/ptolemy/actor/lib/test/auto/ExpressionConcatenateArrayType2.xml
----------------- Instantiating /home/travis/build/icyphy/ptII/ptolemy/actor/lib/test/auto/ExpressionConcatenateArrayType2.xml
2 ms. Memory: 612352K Free: 384130K (63%)
----------------- Invoking toplevel() on ptolemy.moml.MoMLSimpleApplication@1e9664e1
----------------- Done invoking toplevel() on ptolemy.moml.MoMLSimpleApplication@1e9664e1
reloadAllAccessors: .ExpressionConcatenateArrayType2

===========================================================================================
----------------- testing Wed May 20 14:28:07 UTC 2020 /home/travis/build/icyphy/ptII/ptolemy/actor/lib/test/auto/ExpressionFix.xml
----------------- Instantiating /home/travis/build/icyphy/ptII/ptolemy/actor/lib/test/auto/ExpressionFix.xml
20 ms. Memory: 612352K Free: 377476K (62%)
----------------- Invoking toplevel() on ptolemy.moml.MoMLSimpleApplication@359eb362
----------------- Done invoking toplevel() on ptolemy.moml.MoMLSimpleApplication@359eb362
reloadAllAccessors: .ExpressionFix

===========================================================================================
----------------- testing Wed May 20 14:28:07 UTC 2020 /home/travis/build/icyphy/ptII/ptolemy/actor/lib/test/auto/ExpressionFix2.xml
----------------- Instantiating /home/travis/build/icyphy/ptII/ptolemy/actor/lib/test/auto/ExpressionFix2.xml
3 ms. Memory: 612352K Free: 373890K (61%)
----------------- Invoking toplevel() on ptolemy.moml.MoMLSimpleApplication@327660a5
----------------- Done invoking toplevel() on ptolemy.moml.MoMLSimpleApplication@327660a5
reloadAllAccessors: .ExpressionFix2

===========================================================================================
----------------- testing Wed May 20 14:28:07 UTC 2020 /home/travis/build/icyphy/ptII/ptolemy/actor/lib/test/auto/ExpressionFix3.xml
----------------- Instantiating /home/travis/build/icyphy/ptII/ptolemy/actor/lib/test/auto/ExpressionFix3.xml
3 ms. Memory: 612352K Free: 369284K (60%)
----------------- Invoking toplevel() on ptolemy.moml.MoMLSimpleApplication@74f6f83c
----------------- Done invoking toplevel() on ptolemy.moml.MoMLSimpleApplication@74f6f83c
reloadAllAccessors: .ExpressionFix3

===========================================================================================
----------------- testing Wed May 20 14:28:07 UTC 2020 /home/travis/build/icyphy/ptII/ptolemy/actor/lib/test/auto/FileWriter1.xml
----------------- Instantiating /home/travis/build/icyphy/ptII/ptolemy/actor/lib/test/auto/FileWriter1.xml
5 ms. Memory: 612352K Free: 365188K (60%)
----------------- Invoking toplevel() on ptolemy.moml.MoMLSimpleApplication@517441c8
----------------- Done invoking toplevel() on ptolemy.moml.MoMLSimpleApplication@517441c8
reloadAllAccessors: .FileWriter1

===========================================================================================
----------------- testing Wed May 20 14:28:07 UTC 2020 /home/travis/build/icyphy/ptII/ptolemy/actor/lib/test/auto/FileWriter2.xml
----------------- Instantiating /home/travis/build/icyphy/ptII/ptolemy/actor/lib/test/auto/FileWriter2.xml
2 ms. Memory: 612352K Free: 360564K (59%)
----------------- Invoking toplevel() on ptolemy.moml.MoMLSimpleApplication@11400d4c
----------------- Done invoking toplevel() on ptolemy.moml.MoMLSimpleApplication@11400d4c
reloadAllAccessors: .FileWriter2

===========================================================================================
----------------- testing Wed May 20 14:28:07 UTC 2020 /home/travis/build/icyphy/ptII/ptolemy/actor/lib/test/auto/FileWriter3.xml
----------------- Instantiating /home/travis/build/icyphy/ptII/ptolemy/actor/lib/test/auto/FileWriter3.xml
3 ms. Memory: 612352K Free: 356482K (58%)
----------------- Invoking toplevel() on ptolemy.moml.MoMLSimpleApplication@49ffd070
----------------- Done invoking toplevel() on ptolemy.moml.MoMLSimpleApplication@49ffd070
reloadAllAccessors: .FileWriter3

===========================================================================================
----------------- testing Wed May 20 14:28:07 UTC 2020 /home/travis/build/icyphy/ptII/ptolemy/actor/lib/test/auto/Gaussian.xml
----------------- Instantiating /home/travis/build/icyphy/ptII/ptolemy/actor/lib/test/auto/Gaussian.xml
4 ms. Memory: 612352K Free: 351876K (57%)
----------------- Invoking toplevel() on ptolemy.moml.MoMLSimpleApplication@494085ea
----------------- Done invoking toplevel() on ptolemy.moml.MoMLSimpleApplication@494085ea
reloadAllAccessors: .Gaussian

===========================================================================================
----------------- testing Wed May 20 14:28:07 UTC 2020 /home/travis/build/icyphy/ptII/ptolemy/actor/lib/test/auto/Gaussian1.xml
----------------- Instantiating /home/travis/build/icyphy/ptII/ptolemy/actor/lib/test/auto/Gaussian1.xml
3 ms. Memory: 612352K Free: 346756K (57%)
----------------- Invoking toplevel() on ptolemy.moml.MoMLSimpleApplication@26380d62
----------------- Done invoking toplevel() on ptolemy.moml.MoMLSimpleApplication@26380d62
reloadAllAccessors: .Gaussian1

===========================================================================================
----------------- testing Wed May 20 14:28:07 UTC 2020 /home/travis/build/icyphy/ptII/ptolemy/actor/lib/test/auto/Gaussian2.xml
----------------- Instantiating /home/travis/build/icyphy/ptII/ptolemy/actor/lib/test/auto/Gaussian2.xml
8 ms. Memory: 612352K Free: 341108K (56%)
----------------- Invoking toplevel() on ptolemy.moml.MoMLSimpleApplication@b0d6272
----------------- Done invoking toplevel() on ptolemy.moml.MoMLSimpleApplication@b0d6272
reloadAllAccessors: .Gaussian2

===========================================================================================
----------------- testing Wed May 20 14:28:07 UTC 2020 /home/travis/build/icyphy/ptII/ptolemy/actor/lib/test/auto/GradientAdaptiveLattice.xml
----------------- Instantiating /home/travis/build/icyphy/ptII/ptolemy/actor/lib/test/auto/GradientAdaptiveLattice.xml
3 ms. Memory: 612352K Free: 336002K (55%)
----------------- Invoking toplevel() on ptolemy.moml.MoMLSimpleApplication@7bb2ff28
----------------- Done invoking toplevel() on ptolemy.moml.MoMLSimpleApplication@7bb2ff28
reloadAllAccessors: .GradientAdaptiveLattice

===========================================================================================
----------------- testing Wed May 20 14:28:07 UTC 2020 /home/travis/build/icyphy/ptII/ptolemy/actor/lib/test/auto/IIR.xml
----------------- Instantiating /home/travis/build/icyphy/ptII/ptolemy/actor/lib/test/auto/IIR.xml
2 ms. Memory: 612352K Free: 331396K (54%)
----------------- Invoking toplevel() on ptolemy.moml.MoMLSimpleApplication@1b4b771e
----------------- Done invoking toplevel() on ptolemy.moml.MoMLSimpleApplication@1b4b771e
reloadAllAccessors: .IIR

===========================================================================================
----------------- testing Wed May 20 14:28:08 UTC 2020 /home/travis/build/icyphy/ptII/ptolemy/actor/lib/test/auto/InputOutputTransparentPorts.xml
----------------- Instantiating /home/travis/build/icyphy/ptII/ptolemy/actor/lib/test/auto/InputOutputTransparentPorts.xml
2 ms. Memory: 612352K Free: 323714K (53%)
----------------- Invoking toplevel() on ptolemy.moml.MoMLSimpleApplication@3a7cf9e4
----------------- Done invoking toplevel() on ptolemy.moml.MoMLSimpleApplication@3a7cf9e4
reloadAllAccessors: .InputOutputTransparentPorts

===========================================================================================
----------------- testing Wed May 20 14:28:08 UTC 2020 /home/travis/build/icyphy/ptII/ptolemy/actor/lib/test/auto/Interpolator.xml
----------------- Instantiating /home/travis/build/icyphy/ptII/ptolemy/actor/lib/test/auto/Interpolator.xml
4 ms. Memory: 612352K Free: 319618K (52%)
----------------- Invoking toplevel() on ptolemy.moml.MoMLSimpleApplication@5a53c840
----------------- Done invoking toplevel() on ptolemy.moml.MoMLSimpleApplication@5a53c840
reloadAllAccessors: .Interpolator

===========================================================================================
----------------- testing Wed May 20 14:28:08 UTC 2020 /home/travis/build/icyphy/ptII/ptolemy/actor/lib/test/auto/InterpolatorFiringLimitDE.xml
----------------- Instantiating /home/travis/build/icyphy/ptII/ptolemy/actor/lib/test/auto/InterpolatorFiringLimitDE.xml
2 ms. Memory: 612352K Free: 313474K (51%)
----------------- Invoking toplevel() on ptolemy.moml.MoMLSimpleApplication@2688f807
----------------- Done invoking toplevel() on ptolemy.moml.MoMLSimpleApplication@2688f807
reloadAllAccessors: .InterpolatorFiringLimitDE

===========================================================================================
----------------- testing Wed May 20 14:28:08 UTC 2020 /home/travis/build/icyphy/ptII/ptolemy/actor/lib/test/auto/Lattice.xml
----------------- Instantiating /home/travis/build/icyphy/ptII/ptolemy/actor/lib/test/auto/Lattice.xml
1 ms. Memory: 612352K Free: 309892K (51%)
----------------- Invoking toplevel() on ptolemy.moml.MoMLSimpleApplication@53eaaf65
----------------- Done invoking toplevel() on ptolemy.moml.MoMLSimpleApplication@53eaaf65
reloadAllAccessors: .Lattice

===========================================================================================
----------------- testing Wed May 20 14:28:08 UTC 2020 /home/travis/build/icyphy/ptII/ptolemy/actor/lib/test/auto/LazyAOCTestLazy.xml
----------------- Instantiating /home/travis/build/icyphy/ptII/ptolemy/actor/lib/test/auto/LazyAOCTestLazy.xml
14 ms. Memory: 612352K Free: 303748K (50%)
----------------- Invoking toplevel() on ptolemy.moml.MoMLSimpleApplication@71365a84
----------------- Done invoking toplevel() on ptolemy.moml.MoMLSimpleApplication@71365a84
reloadAllAccessors: .LazyAOCTestLazy

===========================================================================================
----------------- testing Wed May 20 14:28:08 UTC 2020 /home/travis/build/icyphy/ptII/ptolemy/actor/lib/test/auto/LazyAOCTestNonLazy.xml
----------------- Instantiating /home/travis/build/icyphy/ptII/ptolemy/actor/lib/test/auto/LazyAOCTestNonLazy.xml
2 ms. Memory: 612352K Free: 296580K (48%)
----------------- Invoking toplevel() on ptolemy.moml.MoMLSimpleApplication@894cb7b
----------------- Done invoking toplevel() on ptolemy.moml.MoMLSimpleApplication@894cb7b
reloadAllAccessors: .LazyAOCTestNonLazy

===========================================================================================
----------------- testing Wed May 20 14:28:08 UTC 2020 /home/travis/build/icyphy/ptII/ptolemy/actor/lib/test/auto/LazyInnerClass.xml
----------------- Instantiating /home/travis/build/icyphy/ptII/ptolemy/actor/lib/test/auto/LazyInnerClass.xml
19 ms. Memory: 612352K Free: 287860K (47%)
----------------- Invoking toplevel() on ptolemy.moml.MoMLSimpleApplication@736b5dfe
----------------- Done invoking toplevel() on ptolemy.moml.MoMLSimpleApplication@736b5dfe
reloadAllAccessors: .LazyInnerClass

===========================================================================================
----------------- testing Wed May 20 14:28:08 UTC 2020 /home/travis/build/icyphy/ptII/ptolemy/actor/lib/test/auto/LazyPubSub.xml
----------------- Instantiating /home/travis/build/icyphy/ptII/ptolemy/actor/lib/test/auto/LazyPubSub.xml
17 ms. Memory: 612352K Free: 277124K (45%)
----------------- Invoking toplevel() on ptolemy.moml.MoMLSimpleApplication@5a66b1b0
----------------- Done invoking toplevel() on ptolemy.moml.MoMLSimpleApplication@5a66b1b0
reloadAllAccessors: .LazyPubSub

===========================================================================================
----------------- testing Wed May 20 14:28:08 UTC 2020 /home/travis/build/icyphy/ptII/ptolemy/actor/lib/test/auto/LazyPubSub2.xml
----------------- Instantiating /home/travis/build/icyphy/ptII/ptolemy/actor/lib/test/auto/LazyPubSub2.xml
25 ms. Memory: 612352K Free: 267394K (44%)
----------------- Invoking toplevel() on ptolemy.moml.MoMLSimpleApplication@6b4c7fc2
----------------- Done invoking toplevel() on ptolemy.moml.MoMLSimpleApplication@6b4c7fc2
reloadAllAccessors: .LazyPubSub2

===========================================================================================
----------------- testing Wed May 20 14:28:08 UTC 2020 /home/travis/build/icyphy/ptII/ptolemy/actor/lib/test/auto/LazyPubSub3.xml
----------------- Instantiating /home/travis/build/icyphy/ptII/ptolemy/actor/lib/test/auto/LazyPubSub3.xml
12 ms. Memory: 612352K Free: 257154K (42%)
----------------- Invoking toplevel() on ptolemy.moml.MoMLSimpleApplication@53402005
----------------- Done invoking toplevel() on ptolemy.moml.MoMLSimpleApplication@53402005
reloadAllAccessors: .LazyPubSub3

===========================================================================================
----------------- testing Wed May 20 14:28:08 UTC 2020 /home/travis/build/icyphy/ptII/ptolemy/actor/lib/test/auto/LazySubClassModel.xml
----------------- Instantiating /home/travis/build/icyphy/ptII/ptolemy/actor/lib/test/auto/LazySubClassModel.xml
1 ms. Memory: 612352K Free: 247938K (40%)
----------------- Invoking toplevel() on ptolemy.moml.MoMLSimpleApplication@24d1891d
----------------- Done invoking toplevel() on ptolemy.moml.MoMLSimpleApplication@24d1891d
reloadAllAccessors: .LazySubClassModel

===========================================================================================
----------------- testing Wed May 20 14:28:08 UTC 2020 /home/travis/build/icyphy/ptII/ptolemy/actor/lib/test/auto/LevelCrossTest1.xml
----------------- Instantiating /home/travis/build/icyphy/ptII/ptolemy/actor/lib/test/auto/LevelCrossTest1.xml
1 ms. Memory: 612352K Free: 242308K (40%)
----------------- Invoking toplevel() on ptolemy.moml.MoMLSimpleApplication@17b00f54
----------------- Done invoking toplevel() on ptolemy.moml.MoMLSimpleApplication@17b00f54
reloadAllAccessors: .broken

===========================================================================================
----------------- testing Wed May 20 14:28:08 UTC 2020 /home/travis/build/icyphy/ptII/ptolemy/actor/lib/test/auto/LevelCrossTest10.xml
----------------- Instantiating /home/travis/build/icyphy/ptII/ptolemy/actor/lib/test/auto/LevelCrossTest10.xml
1 ms. Memory: 612352K Free: 235650K (38%)
----------------- Invoking toplevel() on ptolemy.moml.MoMLSimpleApplication@7f94ad69
----------------- Done invoking toplevel() on ptolemy.moml.MoMLSimpleApplication@7f94ad69
reloadAllAccessors: .LevelCrossTest10

===========================================================================================
----------------- testing Wed May 20 14:28:08 UTC 2020 /home/travis/build/icyphy/ptII/ptolemy/actor/lib/test/auto/LevelCrossTest11.xml
----------------- Instantiating /home/travis/build/icyphy/ptII/ptolemy/actor/lib/test/auto/LevelCrossTest11.xml
1 ms. Memory: 612352K Free: 228996K (37%)
----------------- Invoking toplevel() on ptolemy.moml.MoMLSimpleApplication@55e5717
----------------- Done invoking toplevel() on ptolemy.moml.MoMLSimpleApplication@55e5717
reloadAllAccessors: .LevelCrossTest11

===========================================================================================
----------------- testing Wed May 20 14:28:08 UTC 2020 /home/travis/build/icyphy/ptII/ptolemy/actor/lib/test/auto/LevelCrossTest12.xml
----------------- Instantiating /home/travis/build/icyphy/ptII/ptolemy/actor/lib/test/auto/LevelCrossTest12.xml
1 ms. Memory: 612352K Free: 222338K (36%)
----------------- Invoking toplevel() on ptolemy.moml.MoMLSimpleApplication@1ddeab89
----------------- Done invoking toplevel() on ptolemy.moml.MoMLSimpleApplication@1ddeab89
reloadAllAccessors: .LevelCrossTest12

===========================================================================================
----------------- testing Wed May 20 14:28:08 UTC 2020 /home/travis/build/icyphy/ptII/ptolemy/actor/lib/test/auto/LevelCrossTest13.xml
----------------- Instantiating /home/travis/build/icyphy/ptII/ptolemy/actor/lib/test/auto/LevelCrossTest13.xml
1 ms. Memory: 612352K Free: 215170K (35%)
----------------- Invoking toplevel() on ptolemy.moml.MoMLSimpleApplication@58bbb6c4
----------------- Done invoking toplevel() on ptolemy.moml.MoMLSimpleApplication@58bbb6c4
reloadAllAccessors: .LevelCrossTest13

===========================================================================================
----------------- testing Wed May 20 14:28:08 UTC 2020 /home/travis/build/icyphy/ptII/ptolemy/actor/lib/test/auto/LevelCrossTest2.xml
----------------- Instantiating /home/travis/build/icyphy/ptII/ptolemy/actor/lib/test/auto/LevelCrossTest2.xml
2 ms. Memory: 612352K Free: 209540K (34%)
----------------- Invoking toplevel() on ptolemy.moml.MoMLSimpleApplication@602724c3
----------------- Done invoking toplevel() on ptolemy.moml.MoMLSimpleApplication@602724c3
reloadAllAccessors: .broken

===========================================================================================
----------------- testing Wed May 20 14:28:08 UTC 2020 /home/travis/build/icyphy/ptII/ptolemy/actor/lib/test/auto/LevelCrossTest3.xml
----------------- Instantiating /home/travis/build/icyphy/ptII/ptolemy/actor/lib/test/auto/LevelCrossTest3.xml
1 ms. Memory: 612352K Free: 558210K (91%)
----------------- Invoking toplevel() on ptolemy.moml.MoMLSimpleApplication@3eebf627
----------------- Done invoking toplevel() on ptolemy.moml.MoMLSimpleApplication@3eebf627
reloadAllAccessors: .LevelCrossTest3

===========================================================================================
----------------- testing Wed May 20 14:28:08 UTC 2020 /home/travis/build/icyphy/ptII/ptolemy/actor/lib/test/auto/LevelCrossTest4.xml
----------------- Instantiating /home/travis/build/icyphy/ptII/ptolemy/actor/lib/test/auto/LevelCrossTest4.xml
1 ms. Memory: 612352K Free: 552580K (90%)
----------------- Invoking toplevel() on ptolemy.moml.MoMLSimpleApplication@44f446af
----------------- Done invoking toplevel() on ptolemy.moml.MoMLSimpleApplication@44f446af
reloadAllAccessors: .broken

===========================================================================================
----------------- testing Wed May 20 14:28:08 UTC 2020 /home/travis/build/icyphy/ptII/ptolemy/actor/lib/test/auto/LevelCrossTest5.xml
----------------- Instantiating /home/travis/build/icyphy/ptII/ptolemy/actor/lib/test/auto/LevelCrossTest5.xml
3 ms. Memory: 612352K Free: 545922K (89%)
----------------- Invoking toplevel() on ptolemy.moml.MoMLSimpleApplication@1090e745
----------------- Done invoking toplevel() on ptolemy.moml.MoMLSimpleApplication@1090e745
reloadAllAccessors: .LevelCrossTest5

===========================================================================================
----------------- testing Wed May 20 14:28:08 UTC 2020 /home/travis/build/icyphy/ptII/ptolemy/actor/lib/test/auto/LevelCrossTest6.xml
----------------- Instantiating /home/travis/build/icyphy/ptII/ptolemy/actor/lib/test/auto/LevelCrossTest6.xml
1 ms. Memory: 612352K Free: 539268K (88%)
----------------- Invoking toplevel() on ptolemy.moml.MoMLSimpleApplication@4dc4a83a
----------------- Done invoking toplevel() on ptolemy.moml.MoMLSimpleApplication@4dc4a83a
reloadAllAccessors: .LevelCrossTest6

===========================================================================================
----------------- testing Wed May 20 14:28:08 UTC 2020 /home/travis/build/icyphy/ptII/ptolemy/actor/lib/test/auto/LevelCrossTest7.xml
----------------- Instantiating /home/travis/build/icyphy/ptII/ptolemy/actor/lib/test/auto/LevelCrossTest7.xml
1 ms. Memory: 612352K Free: 531586K (87%)
----------------- Invoking toplevel() on ptolemy.moml.MoMLSimpleApplication@71fae4fe
----------------- Done invoking toplevel() on ptolemy.moml.MoMLSimpleApplication@71fae4fe
reloadAllAccessors: .LevelCrossTest7

===========================================================================================
----------------- testing Wed May 20 14:28:08 UTC 2020 /home/travis/build/icyphy/ptII/ptolemy/actor/lib/test/auto/LevelCrossTest8.xml
----------------- Instantiating /home/travis/build/icyphy/ptII/ptolemy/actor/lib/test/auto/LevelCrossTest8.xml
1 ms. Memory: 612352K Free: 524932K (86%)
----------------- Invoking toplevel() on ptolemy.moml.MoMLSimpleApplication@2f212c9a
----------------- Done invoking toplevel() on ptolemy.moml.MoMLSimpleApplication@2f212c9a
reloadAllAccessors: .LevelCrossTest8

===========================================================================================
----------------- testing Wed May 20 14:28:08 UTC 2020 /home/travis/build/icyphy/ptII/ptolemy/actor/lib/test/auto/LevelCrossTest9.xml
----------------- Instantiating /home/travis/build/icyphy/ptII/ptolemy/actor/lib/test/auto/LevelCrossTest9.xml
2 ms. Memory: 612352K Free: 518274K (85%)
----------------- Invoking toplevel() on ptolemy.moml.MoMLSimpleApplication@40ca3fea
----------------- Done invoking toplevel() on ptolemy.moml.MoMLSimpleApplication@40ca3fea
reloadAllAccessors: .LevelCrossTest9

===========================================================================================
----------------- testing Wed May 20 14:28:08 UTC 2020 /home/travis/build/icyphy/ptII/ptolemy/actor/lib/test/auto/LevinsonDurbin.xml
----------------- Instantiating /home/travis/build/icyphy/ptII/ptolemy/actor/lib/test/auto/LevinsonDurbin.xml
10 ms. Memory: 612352K Free: 514178K (84%)
----------------- Invoking toplevel() on ptolemy.moml.MoMLSimpleApplication@224ae13b
----------------- Done invoking toplevel() on ptolemy.moml.MoMLSimpleApplication@224ae13b
reloadAllAccessors: .LevinsonDurbin

===========================================================================================
----------------- testing Wed May 20 14:28:08 UTC 2020 /home/travis/build/icyphy/ptII/ptolemy/actor/lib/test/auto/LevinsonDurbin2.xml
----------------- Instantiating /home/travis/build/icyphy/ptII/ptolemy/actor/lib/test/auto/LevinsonDurbin2.xml
1 ms. Memory: 612352K Free: 510082K (83%)
----------------- Invoking toplevel() on ptolemy.moml.MoMLSimpleApplication@188f6442
----------------- Done invoking toplevel() on ptolemy.moml.MoMLSimpleApplication@188f6442
reloadAllAccessors: .LevinsonDurbin2

===========================================================================================
----------------- testing Wed May 20 14:28:08 UTC 2020 /home/travis/build/icyphy/ptII/ptolemy/actor/lib/test/auto/LevinsonDurbin3.xml
----------------- Instantiating /home/travis/build/icyphy/ptII/ptolemy/actor/lib/test/auto/LevinsonDurbin3.xml
1 ms. Memory: 612352K Free: 505986K (83%)
----------------- Invoking toplevel() on ptolemy.moml.MoMLSimpleApplication@735d035a
----------------- Done invoking toplevel() on ptolemy.moml.MoMLSimpleApplication@735d035a
reloadAllAccessors: .LevinsonDurbin3

===========================================================================================
----------------- testing Wed May 20 14:28:08 UTC 2020 /home/travis/build/icyphy/ptII/ptolemy/actor/lib/test/auto/Limiter.xml
----------------- Instantiating /home/travis/build/icyphy/ptII/ptolemy/actor/lib/test/auto/Limiter.xml
4 ms. Memory: 612352K Free: 496756K (81%)
----------------- Invoking toplevel() on ptolemy.moml.MoMLSimpleApplication@dc6e575
----------------- Done invoking toplevel() on ptolemy.moml.MoMLSimpleApplication@dc6e575
reloadAllAccessors: .Limiter

===========================================================================================
----------------- testing Wed May 20 14:28:08 UTC 2020 /home/travis/build/icyphy/ptII/ptolemy/actor/lib/test/auto/LinearDifferenceEquationSystem.xml
----------------- Instantiating /home/travis/build/icyphy/ptII/ptolemy/actor/lib/test/auto/LinearDifferenceEquationSystem.xml
5 ms. Memory: 612352K Free: 489092K (80%)
----------------- Invoking toplevel() on ptolemy.moml.MoMLSimpleApplication@3c02379
----------------- Done invoking toplevel() on ptolemy.moml.MoMLSimpleApplication@3c02379
reloadAllAccessors: .LinearDifferenceEquationSystem

===========================================================================================
----------------- testing Wed May 20 14:28:08 UTC 2020 /home/travis/build/icyphy/ptII/ptolemy/actor/lib/test/auto/LookupTable.xml
----------------- Instantiating /home/travis/build/icyphy/ptII/ptolemy/actor/lib/test/auto/LookupTable.xml
1 ms. Memory: 612352K Free: 484482K (79%)
----------------- Invoking toplevel() on ptolemy.moml.MoMLSimpleApplication@6b119bdf
----------------- Done invoking toplevel() on ptolemy.moml.MoMLSimpleApplication@6b119bdf
reloadAllAccessors: .LookupTable

===========================================================================================
----------------- testing Wed May 20 14:28:08 UTC 2020 /home/travis/build/icyphy/ptII/ptolemy/actor/lib/test/auto/MathFunction.xml
----------------- Instantiating /home/travis/build/icyphy/ptII/ptolemy/actor/lib/test/auto/MathFunction.xml
1 ms. Memory: 612352K Free: 476290K (78%)
----------------- Invoking toplevel() on ptolemy.moml.MoMLSimpleApplication@1b33bac3
----------------- Done invoking toplevel() on ptolemy.moml.MoMLSimpleApplication@1b33bac3
reloadAllAccessors: .MathFunction

===========================================================================================
----------------- testing Wed May 20 14:28:08 UTC 2020 /home/travis/build/icyphy/ptII/ptolemy/actor/lib/test/auto/MathFunction2.xml
----------------- Instantiating /home/travis/build/icyphy/ptII/ptolemy/actor/lib/test/auto/MathFunction2.xml
1 ms. Memory: 612352K Free: 472708K (77%)
----------------- Invoking toplevel() on ptolemy.moml.MoMLSimpleApplication@4cf0229c
----------------- Done invoking toplevel() on ptolemy.moml.MoMLSimpleApplication@4cf0229c
reloadAllAccessors: .MathFunction2

===========================================================================================
----------------- testing Wed May 20 14:28:08 UTC 2020 /home/travis/build/icyphy/ptII/ptolemy/actor/lib/test/auto/MathFunction3.xml
----------------- Instantiating /home/travis/build/icyphy/ptII/ptolemy/actor/lib/test/auto/MathFunction3.xml
2 ms. Memory: 612352K Free: 465540K (76%)
----------------- Invoking toplevel() on ptolemy.moml.MoMLSimpleApplication@19908350
----------------- Done invoking toplevel() on ptolemy.moml.MoMLSimpleApplication@19908350
reloadAllAccessors: .MathFunction3

===========================================================================================
----------------- testing Wed May 20 14:28:08 UTC 2020 /home/travis/build/icyphy/ptII/ptolemy/actor/lib/test/auto/MatrixCropBoolean.xml
----------------- Instantiating /home/travis/build/icyphy/ptII/ptolemy/actor/lib/test/auto/MatrixCropBoolean.xml
2 ms. Memory: 612352K Free: 460420K (75%)
----------------- Invoking toplevel() on ptolemy.moml.MoMLSimpleApplication@41bc9e4
----------------- Done invoking toplevel() on ptolemy.moml.MoMLSimpleApplication@41bc9e4
reloadAllAccessors: .MatrixCropBoolean

===========================================================================================
----------------- testing Wed May 20 14:28:08 UTC 2020 /home/travis/build/icyphy/ptII/ptolemy/actor/lib/test/auto/MatrixCropComplex.xml
----------------- Instantiating /home/travis/build/icyphy/ptII/ptolemy/actor/lib/test/auto/MatrixCropComplex.xml
2 ms. Memory: 612352K Free: 455300K (74%)
----------------- Invoking toplevel() on ptolemy.moml.MoMLSimpleApplication@55e43833
----------------- Done invoking toplevel() on ptolemy.moml.MoMLSimpleApplication@55e43833
reloadAllAccessors: .MatrixCropComplex

===========================================================================================
----------------- testing Wed May 20 14:28:08 UTC 2020 /home/travis/build/icyphy/ptII/ptolemy/actor/lib/test/auto/MatrixCropDouble.xml
----------------- Instantiating /home/travis/build/icyphy/ptII/ptolemy/actor/lib/test/auto/MatrixCropDouble.xml
1 ms. Memory: 612352K Free: 450180K (74%)
----------------- Invoking toplevel() on ptolemy.moml.MoMLSimpleApplication@4216b745
----------------- Done invoking toplevel() on ptolemy.moml.MoMLSimpleApplication@4216b745
reloadAllAccessors: .MatrixCropDouble

===========================================================================================
----------------- testing Wed May 20 14:28:08 UTC 2020 /home/travis/build/icyphy/ptII/ptolemy/actor/lib/test/auto/MatrixCropFix.xml
----------------- Instantiating /home/travis/build/icyphy/ptII/ptolemy/actor/lib/test/auto/MatrixCropFix.xml
3 ms. Memory: 612352K Free: 445060K (73%)
----------------- Invoking toplevel() on ptolemy.moml.MoMLSimpleApplication@20c37b99
----------------- Done invoking toplevel() on ptolemy.moml.MoMLSimpleApplication@20c37b99
reloadAllAccessors: .MatrixCropFix

===========================================================================================
----------------- testing Wed May 20 14:28:08 UTC 2020 /home/travis/build/icyphy/ptII/ptolemy/actor/lib/test/auto/MatrixCropInt.xml
----------------- Instantiating /home/travis/build/icyphy/ptII/ptolemy/actor/lib/test/auto/MatrixCropInt.xml
1 ms. Memory: 612352K Free: 439940K (72%)
----------------- Invoking toplevel() on ptolemy.moml.MoMLSimpleApplication@400317e6
----------------- Done invoking toplevel() on ptolemy.moml.MoMLSimpleApplication@400317e6
reloadAllAccessors: .MatrixCropInt

===========================================================================================
----------------- testing Wed May 20 14:28:08 UTC 2020 /home/travis/build/icyphy/ptII/ptolemy/actor/lib/test/auto/MatrixCropLong.xml
----------------- Instantiating /home/travis/build/icyphy/ptII/ptolemy/actor/lib/test/auto/MatrixCropLong.xml
2 ms. Memory: 612352K Free: 434820K (71%)
----------------- Invoking toplevel() on ptolemy.moml.MoMLSimpleApplication@203066dd
----------------- Done invoking toplevel() on ptolemy.moml.MoMLSimpleApplication@203066dd
reloadAllAccessors: .MatrixCropLong

===========================================================================================
----------------- testing Wed May 20 14:28:08 UTC 2020 /home/travis/build/icyphy/ptII/ptolemy/actor/lib/test/auto/MatrixToArray.xml
----------------- Instantiating /home/travis/build/icyphy/ptII/ptolemy/actor/lib/test/auto/MatrixToArray.xml
5 ms. Memory: 612352K Free: 419460K (68%)
----------------- Invoking toplevel() on ptolemy.moml.MoMLSimpleApplication@461b9ce1
----------------- Done invoking toplevel() on ptolemy.moml.MoMLSimpleApplication@461b9ce1
reloadAllAccessors: .MatrixToArray

===========================================================================================
----------------- testing Wed May 20 14:28:08 UTC 2020 /home/travis/build/icyphy/ptII/ptolemy/actor/lib/test/auto/MaxIndex.xml
----------------- Instantiating /home/travis/build/icyphy/ptII/ptolemy/actor/lib/test/auto/MaxIndex.xml
3 ms. Memory: 612352K Free: 414340K (68%)
----------------- Invoking toplevel() on ptolemy.moml.MoMLSimpleApplication@40944a9d
----------------- Done invoking toplevel() on ptolemy.moml.MoMLSimpleApplication@40944a9d
reloadAllAccessors: .MaxIndex

===========================================================================================
----------------- testing Wed May 20 14:28:08 UTC 2020 /home/travis/build/icyphy/ptII/ptolemy/actor/lib/test/auto/Maximum.xml
----------------- Instantiating /home/travis/build/icyphy/ptII/ptolemy/actor/lib/test/auto/Maximum.xml
5 ms. Memory: 612352K Free: 407652K (67%)
----------------- Invoking toplevel() on ptolemy.moml.MoMLSimpleApplication@75a1e60f
----------------- Done invoking toplevel() on ptolemy.moml.MoMLSimpleApplication@75a1e60f
reloadAllAccessors: .Maximum

===========================================================================================
----------------- testing Wed May 20 14:28:08 UTC 2020 /home/travis/build/icyphy/ptII/ptolemy/actor/lib/test/auto/MaximumComplex.xml
----------------- Instantiating /home/travis/build/icyphy/ptII/ptolemy/actor/lib/test/auto/MaximumComplex.xml
4 ms. Memory: 612352K Free: 401524K (66%)
----------------- Invoking toplevel() on ptolemy.moml.MoMLSimpleApplication@5942e6ea
----------------- Done invoking toplevel() on ptolemy.moml.MoMLSimpleApplication@5942e6ea
reloadAllAccessors: .MaximumComplex

===========================================================================================
----------------- testing Wed May 20 14:28:08 UTC 2020 /home/travis/build/icyphy/ptII/ptolemy/actor/lib/test/auto/MethodCallTest.xml
----------------- Instantiating /home/travis/build/icyphy/ptII/ptolemy/actor/lib/test/auto/MethodCallTest.xml
2 ms. Memory: 612352K Free: 394884K (64%)
----------------- Invoking toplevel() on ptolemy.moml.MoMLSimpleApplication@a54c06b
----------------- Done invoking toplevel() on ptolemy.moml.MoMLSimpleApplication@a54c06b
reloadAllAccessors: .MethodCallTest

===========================================================================================
----------------- testing Wed May 20 14:28:08 UTC 2020 /home/travis/build/icyphy/ptII/ptolemy/actor/lib/test/auto/Minimum.xml
----------------- Instantiating /home/travis/build/icyphy/ptII/ptolemy/actor/lib/test/auto/Minimum.xml
2 ms. Memory: 612352K Free: 388740K (63%)
----------------- Invoking toplevel() on ptolemy.moml.MoMLSimpleApplication@3a37035d
----------------- Done invoking toplevel() on ptolemy.moml.MoMLSimpleApplication@3a37035d
reloadAllAccessors: .Minimum

===========================================================================================
----------------- testing Wed May 20 14:28:08 UTC 2020 /home/travis/build/icyphy/ptII/ptolemy/actor/lib/test/auto/MinimumComplex.xml
----------------- Instantiating /home/travis/build/icyphy/ptII/ptolemy/actor/lib/test/auto/MinimumComplex.xml
3 ms. Memory: 612352K Free: 382596K (62%)
----------------- Invoking toplevel() on ptolemy.moml.MoMLSimpleApplication@1517c72b
----------------- Done invoking toplevel() on ptolemy.moml.MoMLSimpleApplication@1517c72b
reloadAllAccessors: .MinimumComplex

===========================================================================================
----------------- testing Wed May 20 14:28:08 UTC 2020 /home/travis/build/icyphy/ptII/ptolemy/actor/lib/test/auto/MinimumMultiports.xml
----------------- Instantiating /home/travis/build/icyphy/ptII/ptolemy/actor/lib/test/auto/MinimumMultiports.xml
3 ms. Memory: 612352K Free: 373876K (61%)
----------------- Invoking toplevel() on ptolemy.moml.MoMLSimpleApplication@3e33eb4
----------------- Done invoking toplevel() on ptolemy.moml.MoMLSimpleApplication@3e33eb4
reloadAllAccessors: .MinimumMultiports

===========================================================================================
----------------- testing Wed May 20 14:28:08 UTC 2020 /home/travis/build/icyphy/ptII/ptolemy/actor/lib/test/auto/ModifyDate.xml
----------------- Instantiating /home/travis/build/icyphy/ptII/ptolemy/actor/lib/test/auto/ModifyDate.xml
7 ms. Memory: 612352K Free: 361092K (59%)
----------------- Invoking toplevel() on ptolemy.moml.MoMLSimpleApplication@2776bfff
----------------- Done invoking toplevel() on ptolemy.moml.MoMLSimpleApplication@2776bfff
reloadAllAccessors: .ModifyDate

===========================================================================================
----------------- testing Wed May 20 14:28:09 UTC 2020 /home/travis/build/icyphy/ptII/ptolemy/actor/lib/test/auto/ModifyDate2.xml
----------------- Instantiating /home/travis/build/icyphy/ptII/ptolemy/actor/lib/test/auto/ModifyDate2.xml
4 ms. Memory: 612352K Free: 352386K (58%)
----------------- Invoking toplevel() on ptolemy.moml.MoMLSimpleApplication@3658005b
----------------- Done invoking toplevel() on ptolemy.moml.MoMLSimpleApplication@3658005b
reloadAllAccessors: .ModifyDate2

===========================================================================================
----------------- testing Wed May 20 14:28:09 UTC 2020 /home/travis/build/icyphy/ptII/ptolemy/actor/lib/test/auto/MovingAverage.xml
----------------- Instantiating /home/travis/build/icyphy/ptII/ptolemy/actor/lib/test/auto/MovingAverage.xml
1 ms. Memory: 612352K Free: 347266K (57%)
----------------- Invoking toplevel() on ptolemy.moml.MoMLSimpleApplication@58caed7b
----------------- Done invoking toplevel() on ptolemy.moml.MoMLSimpleApplication@58caed7b
reloadAllAccessors: .MovingAverage

===========================================================================================
----------------- testing Wed May 20 14:28:09 UTC 2020 /home/travis/build/icyphy/ptII/ptolemy/actor/lib/test/auto/MovingMaximum.xml
----------------- Instantiating /home/travis/build/icyphy/ptII/ptolemy/actor/lib/test/auto/MovingMaximum.xml
1 ms. Memory: 612352K Free: 342660K (56%)
----------------- Invoking toplevel() on ptolemy.moml.MoMLSimpleApplication@5db5c33
----------------- Done invoking toplevel() on ptolemy.moml.MoMLSimpleApplication@5db5c33
reloadAllAccessors: .MovingMaximum

===========================================================================================
----------------- testing Wed May 20 14:28:09 UTC 2020 /home/travis/build/icyphy/ptII/ptolemy/actor/lib/test/auto/MultipleLinksToSameRelation.xml
----------------- Instantiating /home/travis/build/icyphy/ptII/ptolemy/actor/lib/test/auto/MultipleLinksToSameRelation.xml
2 ms. Memory: 612352K Free: 338564K (55%)
----------------- Invoking toplevel() on ptolemy.moml.MoMLSimpleApplication@396e8b82
----------------- Done invoking toplevel() on ptolemy.moml.MoMLSimpleApplication@396e8b82
reloadAllAccessors: .MultipleLinksToSameRelation

===========================================================================================
----------------- testing Wed May 20 14:28:09 UTC 2020 /home/travis/build/icyphy/ptII/ptolemy/actor/lib/test/auto/MultipleLinksToSameRelationDE.xml
----------------- Instantiating /home/travis/build/icyphy/ptII/ptolemy/actor/lib/test/auto/MultipleLinksToSameRelationDE.xml
8 ms. Memory: 612352K Free: 333940K (55%)
----------------- Invoking toplevel() on ptolemy.moml.MoMLSimpleApplication@5052362f
----------------- Done invoking toplevel() on ptolemy.moml.MoMLSimpleApplication@5052362f
reloadAllAccessors: .MultipleLinksToSameRelationDE

===========================================================================================
----------------- testing Wed May 20 14:28:09 UTC 2020 /home/travis/build/icyphy/ptII/ptolemy/actor/lib/test/auto/Multiplexor.xml
----------------- Instantiating /home/travis/build/icyphy/ptII/ptolemy/actor/lib/test/auto/Multiplexor.xml
2 ms. Memory: 612352K Free: 328324K (54%)
----------------- Invoking toplevel() on ptolemy.moml.MoMLSimpleApplication@4c880a9d
----------------- Done invoking toplevel() on ptolemy.moml.MoMLSimpleApplication@4c880a9d
reloadAllAccessors: .Multiplexor

===========================================================================================
----------------- testing Wed May 20 14:28:09 UTC 2020 /home/travis/build/icyphy/ptII/ptolemy/actor/lib/test/auto/Multiplexor1.xml
----------------- Instantiating /home/travis/build/icyphy/ptII/ptolemy/actor/lib/test/auto/Multiplexor1.xml
2 ms. Memory: 612352K Free: 322660K (53%)
----------------- Invoking toplevel() on ptolemy.moml.MoMLSimpleApplication@15e94c5b
----------------- Done invoking toplevel() on ptolemy.moml.MoMLSimpleApplication@15e94c5b
reloadAllAccessors: .Multiplexor1

===========================================================================================
----------------- testing Wed May 20 14:28:09 UTC 2020 /home/travis/build/icyphy/ptII/ptolemy/actor/lib/test/auto/Multiplexor2.xml
----------------- Instantiating /home/travis/build/icyphy/ptII/ptolemy/actor/lib/test/auto/Multiplexor2.xml
5 ms. Memory: 612352K Free: 316034K (52%)
----------------- Invoking toplevel() on ptolemy.moml.MoMLSimpleApplication@5935d033
----------------- Done invoking toplevel() on ptolemy.moml.MoMLSimpleApplication@5935d033
reloadAllAccessors: .Multiplexor2

===========================================================================================
----------------- testing Wed May 20 14:28:09 UTC 2020 /home/travis/build/icyphy/ptII/ptolemy/actor/lib/test/auto/Multiplexor3.xml
----------------- Instantiating /home/travis/build/icyphy/ptII/ptolemy/actor/lib/test/auto/Multiplexor3.xml
2 ms. Memory: 612352K Free: 311940K (51%)
----------------- Invoking toplevel() on ptolemy.moml.MoMLSimpleApplication@7e903d27
----------------- Done invoking toplevel() on ptolemy.moml.MoMLSimpleApplication@7e903d27
reloadAllAccessors: .Multiplexor3

===========================================================================================
----------------- testing Wed May 20 14:28:09 UTC 2020 /home/travis/build/icyphy/ptII/ptolemy/actor/lib/test/auto/MultiplexorDE.xml
----------------- Instantiating /home/travis/build/icyphy/ptII/ptolemy/actor/lib/test/auto/MultiplexorDE.xml
3 ms. Memory: 612352K Free: 304228K (50%)
----------------- Invoking toplevel() on ptolemy.moml.MoMLSimpleApplication@61b2cae7
----------------- Done invoking toplevel() on ptolemy.moml.MoMLSimpleApplication@61b2cae7
reloadAllAccessors: .MultiplexorDE

===========================================================================================
----------------- testing Wed May 20 14:28:09 UTC 2020 /home/travis/build/icyphy/ptII/ptolemy/actor/lib/test/auto/MultiportBroadcastTest.xml
----------------- Instantiating /home/travis/build/icyphy/ptII/ptolemy/actor/lib/test/auto/MultiportBroadcastTest.xml
83 ms. Memory: 612352K Free: 298113K (49%)
----------------- Invoking toplevel() on ptolemy.moml.MoMLSimpleApplication@3966036a
----------------- Done invoking toplevel() on ptolemy.moml.MoMLSimpleApplication@3966036a
reloadAllAccessors: .MultiportBroadcastTest

===========================================================================================
----------------- testing Wed May 20 14:28:09 UTC 2020 /home/travis/build/icyphy/ptII/ptolemy/actor/lib/test/auto/MultiportOutHangDuringGetWidth.xml
----------------- Instantiating /home/travis/build/icyphy/ptII/ptolemy/actor/lib/test/auto/MultiportOutHangDuringGetWidth.xml
4 ms. Memory: 612352K Free: 285812K (47%)
----------------- Invoking toplevel() on ptolemy.moml.MoMLSimpleApplication@43f38e2d
----------------- Done invoking toplevel() on ptolemy.moml.MoMLSimpleApplication@43f38e2d
reloadAllAccessors: .MultiportOutHangDuringGetWidth

===========================================================================================
----------------- testing Wed May 20 14:28:09 UTC 2020 /home/travis/build/icyphy/ptII/ptolemy/actor/lib/test/auto/NilToken.xml
----------------- Instantiating /home/travis/build/icyphy/ptII/ptolemy/actor/lib/test/auto/NilToken.xml
0 ms. Memory: 612352K Free: 281730K (46%)
----------------- Invoking toplevel() on ptolemy.moml.MoMLSimpleApplication@6942ca51
----------------- Done invoking toplevel() on ptolemy.moml.MoMLSimpleApplication@6942ca51
reloadAllAccessors: .NilToken

===========================================================================================
----------------- testing Wed May 20 14:28:09 UTC 2020 /home/travis/build/icyphy/ptII/ptolemy/actor/lib/test/auto/NilTokenNonStrictTest.xml
----------------- Instantiating /home/travis/build/icyphy/ptII/ptolemy/actor/lib/test/auto/NilTokenNonStrictTest.xml
1 ms. Memory: 612352K Free: 276610K (45%)
----------------- Invoking toplevel() on ptolemy.moml.MoMLSimpleApplication@30b49667
----------------- Done invoking toplevel() on ptolemy.moml.MoMLSimpleApplication@30b49667
reloadAllAccessors: .NilTokenNonStrictTest

===========================================================================================
----------------- testing Wed May 20 14:28:09 UTC 2020 /home/travis/build/icyphy/ptII/ptolemy/actor/lib/test/auto/NilTokenRecord.xml
----------------- Instantiating /home/travis/build/icyphy/ptII/ptolemy/actor/lib/test/auto/NilTokenRecord.xml
5 ms. Memory: 612352K Free: 269956K (44%)
----------------- Invoking toplevel() on ptolemy.moml.MoMLSimpleApplication@1516602a
----------------- Done invoking toplevel() on ptolemy.moml.MoMLSimpleApplication@1516602a
reloadAllAccessors: .NilTokenRecord

===========================================================================================
----------------- testing Wed May 20 14:28:09 UTC 2020 /home/travis/build/icyphy/ptII/ptolemy/actor/lib/test/auto/NilTokenTypeTest.xml
----------------- Instantiating /home/travis/build/icyphy/ptII/ptolemy/actor/lib/test/auto/NilTokenTypeTest.xml
8 ms. Memory: 612352K Free: 260226K (42%)
----------------- Invoking toplevel() on ptolemy.moml.MoMLSimpleApplication@11a42525
----------------- Done invoking toplevel() on ptolemy.moml.MoMLSimpleApplication@11a42525
reloadAllAccessors: .NilTokenTypeTest

===========================================================================================
----------------- testing Wed May 20 14:28:09 UTC 2020 /home/travis/build/icyphy/ptII/ptolemy/actor/lib/test/auto/ObjectToken1.xml
----------------- Instantiating /home/travis/build/icyphy/ptII/ptolemy/actor/lib/test/auto/ObjectToken1.xml
2 ms. Memory: 612352K Free: 256130K (42%)
----------------- Invoking toplevel() on ptolemy.moml.MoMLSimpleApplication@476c302a
----------------- Done invoking toplevel() on ptolemy.moml.MoMLSimpleApplication@476c302a
reloadAllAccessors: .ObjectToken1

===========================================================================================
----------------- testing Wed May 20 14:28:09 UTC 2020 /home/travis/build/icyphy/ptII/ptolemy/actor/lib/test/auto/OrderedMerge.xml
----------------- Instantiating /home/travis/build/icyphy/ptII/ptolemy/actor/lib/test/auto/OrderedMerge.xml
11 ms. Memory: 612352K Free: 250500K (41%)
----------------- Invoking toplevel() on ptolemy.moml.MoMLSimpleApplication@5f3d0d7b
----------------- Done invoking toplevel() on ptolemy.moml.MoMLSimpleApplication@5f3d0d7b
reloadAllAccessors: .OrderedMerge

===========================================================================================
----------------- testing Wed May 20 14:28:09 UTC 2020 /home/travis/build/icyphy/ptII/ptolemy/actor/lib/test/auto/OrderedRecordDisassembler.xml
----------------- Instantiating /home/travis/build/icyphy/ptII/ptolemy/actor/lib/test/auto/OrderedRecordDisassembler.xml
2 ms. Memory: 612352K Free: 245380K (40%)
----------------- Invoking toplevel() on ptolemy.moml.MoMLSimpleApplication@454d0cac
----------------- Done invoking toplevel() on ptolemy.moml.MoMLSimpleApplication@454d0cac
reloadAllAccessors: .OrderedRecordDisassembler

===========================================================================================
----------------- testing Wed May 20 14:28:09 UTC 2020 /home/travis/build/icyphy/ptII/ptolemy/actor/lib/test/auto/OrderedRecordDisassembler2.xml
----------------- Instantiating /home/travis/build/icyphy/ptII/ptolemy/actor/lib/test/auto/OrderedRecordDisassembler2.xml
3 ms. Memory: 612352K Free: 237188K (39%)
----------------- Invoking toplevel() on ptolemy.moml.MoMLSimpleApplication@28fb2cfe
----------------- Done invoking toplevel() on ptolemy.moml.MoMLSimpleApplication@28fb2cfe
reloadAllAccessors: .OrderedRecordDisassembler2

===========================================================================================
----------------- testing Wed May 20 14:28:09 UTC 2020 /home/travis/build/icyphy/ptII/ptolemy/actor/lib/test/auto/OrderedRecordUpdater.xml
----------------- Instantiating /home/travis/build/icyphy/ptII/ptolemy/actor/lib/test/auto/OrderedRecordUpdater.xml
1 ms. Memory: 612352K Free: 232578K (38%)
----------------- Invoking toplevel() on ptolemy.moml.MoMLSimpleApplication@62eed02d
----------------- Done invoking toplevel() on ptolemy.moml.MoMLSimpleApplication@62eed02d
reloadAllAccessors: .RecordUpdater

===========================================================================================
----------------- testing Wed May 20 14:28:09 UTC 2020 /home/travis/build/icyphy/ptII/ptolemy/actor/lib/test/auto/OrderedRecordUpdater2.xml
----------------- Instantiating /home/travis/build/icyphy/ptII/ptolemy/actor/lib/test/auto/OrderedRecordUpdater2.xml
3 ms. Memory: 612352K Free: 227458K (37%)
----------------- Invoking toplevel() on ptolemy.moml.MoMLSimpleApplication@1b17fb99
----------------- Done invoking toplevel() on ptolemy.moml.MoMLSimpleApplication@1b17fb99
reloadAllAccessors: .RecordUpdater2

===========================================================================================
----------------- testing Wed May 20 14:28:09 UTC 2020 /home/travis/build/icyphy/ptII/ptolemy/actor/lib/test/auto/PhaseUnwrap.xml
----------------- Instantiating /home/travis/build/icyphy/ptII/ptolemy/actor/lib/test/auto/PhaseUnwrap.xml
1 ms. Memory: 612352K Free: 222852K (36%)
----------------- Invoking toplevel() on ptolemy.moml.MoMLSimpleApplication@b5c60aa
----------------- Done invoking toplevel() on ptolemy.moml.MoMLSimpleApplication@b5c60aa
reloadAllAccessors: .PhaseUnwrap

===========================================================================================
----------------- testing Wed May 20 14:28:09 UTC 2020 /home/travis/build/icyphy/ptII/ptolemy/actor/lib/test/auto/PoissonClock.xml
----------------- Instantiating /home/travis/build/icyphy/ptII/ptolemy/actor/lib/test/auto/PoissonClock.xml
2 ms. Memory: 612352K Free: 218756K (36%)
----------------- Invoking toplevel() on ptolemy.moml.MoMLSimpleApplication@4a6c4b3e
----------------- Done invoking toplevel() on ptolemy.moml.MoMLSimpleApplication@4a6c4b3e
reloadAllAccessors: .PoissonClock

===========================================================================================
----------------- testing Wed May 20 14:28:09 UTC 2020 /home/travis/build/icyphy/ptII/ptolemy/actor/lib/test/auto/PoissonClock2.xml
----------------- Instantiating /home/travis/build/icyphy/ptII/ptolemy/actor/lib/test/auto/PoissonClock2.xml
1 ms. Memory: 612352K Free: 214146K (35%)
----------------- Invoking toplevel() on ptolemy.moml.MoMLSimpleApplication@1826dde5
----------------- Done invoking toplevel() on ptolemy.moml.MoMLSimpleApplication@1826dde5
reloadAllAccessors: .PoissonClock2

===========================================================================================
----------------- testing Wed May 20 14:28:09 UTC 2020 /home/travis/build/icyphy/ptII/ptolemy/actor/lib/test/auto/PoissonClock3.xml
----------------- Instantiating /home/travis/build/icyphy/ptII/ptolemy/actor/lib/test/auto/PoissonClock3.xml
2 ms. Memory: 612352K Free: 209540K (34%)
----------------- Invoking toplevel() on ptolemy.moml.MoMLSimpleApplication@467d730b
----------------- Done invoking toplevel() on ptolemy.moml.MoMLSimpleApplication@467d730b
reloadAllAccessors: .PoissonClock3

===========================================================================================
----------------- testing Wed May 20 14:28:09 UTC 2020 /home/travis/build/icyphy/ptII/ptolemy/actor/lib/test/auto/PubSubWithInitialTokens.xml
----------------- Instantiating /home/travis/build/icyphy/ptII/ptolemy/actor/lib/test/auto/PubSubWithInitialTokens.xml
2 ms. Memory: 612352K Free: 558708K (91%)
----------------- Invoking toplevel() on ptolemy.moml.MoMLSimpleApplication@3088f1ed
----------------- Done invoking toplevel() on ptolemy.moml.MoMLSimpleApplication@3088f1ed
reloadAllAccessors: .PubSubWithInitialTokens

===========================================================================================
----------------- testing Wed May 20 14:28:09 UTC 2020 /home/travis/build/icyphy/ptII/ptolemy/actor/lib/test/auto/PubSubWithInitialTokens2.xml
----------------- Instantiating /home/travis/build/icyphy/ptII/ptolemy/actor/lib/test/auto/PubSubWithInitialTokens2.xml
2 ms. Memory: 612352K Free: 552068K (90%)
----------------- Invoking toplevel() on ptolemy.moml.MoMLSimpleApplication@6c88601e
----------------- Done invoking toplevel() on ptolemy.moml.MoMLSimpleApplication@6c88601e
reloadAllAccessors: .PubSubWithInitialTokens2

===========================================================================================
----------------- testing Wed May 20 14:28:09 UTC 2020 /home/travis/build/icyphy/ptII/ptolemy/actor/lib/test/auto/PublisherClassNoParameter.xml
----------------- Instantiating /home/travis/build/icyphy/ptII/ptolemy/actor/lib/test/auto/PublisherClassNoParameter.xml
2 ms. Memory: 612352K Free: 541828K (88%)
----------------- Invoking toplevel() on ptolemy.moml.MoMLSimpleApplication@769716c
----------------- Done invoking toplevel() on ptolemy.moml.MoMLSimpleApplication@769716c
reloadAllAccessors: .PublisherClassNoParameter

===========================================================================================
----------------- testing Wed May 20 14:28:09 UTC 2020 /home/travis/build/icyphy/ptII/ptolemy/actor/lib/test/auto/PublisherClassParameter.xml
----------------- Instantiating /home/travis/build/icyphy/ptII/ptolemy/actor/lib/test/auto/PublisherClassParameter.xml
1 ms. Memory: 612352K Free: 531068K (87%)
----------------- Invoking toplevel() on ptolemy.moml.MoMLSimpleApplication@46f46203
----------------- Done invoking toplevel() on ptolemy.moml.MoMLSimpleApplication@46f46203
reloadAllAccessors: .PublisherClassParameter

===========================================================================================
----------------- testing Wed May 20 14:28:09 UTC 2020 /home/travis/build/icyphy/ptII/ptolemy/actor/lib/test/auto/PublisherNonStrictTest.xml
----------------- Instantiating /home/travis/build/icyphy/ptII/ptolemy/actor/lib/test/auto/PublisherNonStrictTest.xml
2 ms. Memory: 612352K Free: 522876K (85%)
----------------- Invoking toplevel() on ptolemy.moml.MoMLSimpleApplication@7f9cb99a
----------------- Done invoking toplevel() on ptolemy.moml.MoMLSimpleApplication@7f9cb99a
reloadAllAccessors: .PublisherNonStrictTest

===========================================================================================
----------------- testing Wed May 20 14:28:09 UTC 2020 /home/travis/build/icyphy/ptII/ptolemy/actor/lib/test/auto/PublisherPort1.xml
----------------- Instantiating /home/travis/build/icyphy/ptII/ptolemy/actor/lib/test/auto/PublisherPort1.xml
2 ms. Memory: 612352K Free: 517252K (84%)
----------------- Invoking toplevel() on ptolemy.moml.MoMLSimpleApplication@1c14174f
----------------- Done invoking toplevel() on ptolemy.moml.MoMLSimpleApplication@1c14174f
reloadAllAccessors: .PublisherPort1

===========================================================================================
----------------- testing Wed May 20 14:28:09 UTC 2020 /home/travis/build/icyphy/ptII/ptolemy/actor/lib/test/auto/PublisherPort2.xml
----------------- Instantiating /home/travis/build/icyphy/ptII/ptolemy/actor/lib/test/auto/PublisherPort2.xml
1 ms. Memory: 612352K Free: 512132K (84%)
----------------- Invoking toplevel() on ptolemy.moml.MoMLSimpleApplication@7003cbaf
----------------- Done invoking toplevel() on ptolemy.moml.MoMLSimpleApplication@7003cbaf
reloadAllAccessors: .PublisherPort2

===========================================================================================
----------------- testing Wed May 20 14:28:09 UTC 2020 /home/travis/build/icyphy/ptII/ptolemy/actor/lib/test/auto/PublisherPort3.xml
----------------- Instantiating /home/travis/build/icyphy/ptII/ptolemy/actor/lib/test/auto/PublisherPort3.xml
11 ms. Memory: 612352K Free: 505444K (83%)
----------------- Invoking toplevel() on ptolemy.moml.MoMLSimpleApplication@4791e9b6
----------------- Done invoking toplevel() on ptolemy.moml.MoMLSimpleApplication@4791e9b6
reloadAllAccessors: .PublisherPort3

===========================================================================================
----------------- testing Wed May 20 14:28:09 UTC 2020 /home/travis/build/icyphy/ptII/ptolemy/actor/lib/test/auto/PublisherPort4.xml
----------------- Instantiating /home/travis/build/icyphy/ptII/ptolemy/actor/lib/test/auto/PublisherPort4.xml
4 ms. Memory: 612352K Free: 499844K (82%)
----------------- Invoking toplevel() on ptolemy.moml.MoMLSimpleApplication@21f891ab
----------------- Done invoking toplevel() on ptolemy.moml.MoMLSimpleApplication@21f891ab
reloadAllAccessors: .PublisherPort4

===========================================================================================
----------------- testing Wed May 20 14:28:09 UTC 2020 /home/travis/build/icyphy/ptII/ptolemy/actor/lib/test/auto/PublisherPort5.xml
----------------- Instantiating /home/travis/build/icyphy/ptII/ptolemy/actor/lib/test/auto/PublisherPort5.xml
3 ms. Memory: 612352K Free: 492162K (80%)
----------------- Invoking toplevel() on ptolemy.moml.MoMLSimpleApplication@6cabf7bb
----------------- Done invoking toplevel() on ptolemy.moml.MoMLSimpleApplication@6cabf7bb
reloadAllAccessors: .PublisherPort5

===========================================================================================
----------------- testing Wed May 20 14:28:09 UTC 2020 /home/travis/build/icyphy/ptII/ptolemy/actor/lib/test/auto/PublisherPort5LookAlike.xml
----------------- Instantiating /home/travis/build/icyphy/ptII/ptolemy/actor/lib/test/auto/PublisherPort5LookAlike.xml
6 ms. Memory: 612352K Free: 484484K (79%)
----------------- Invoking toplevel() on ptolemy.moml.MoMLSimpleApplication@1f178c7f
----------------- Done invoking toplevel() on ptolemy.moml.MoMLSimpleApplication@1f178c7f
reloadAllAccessors: .PublisherPort5LookAlike

===========================================================================================
----------------- testing Wed May 20 14:28:09 UTC 2020 /home/travis/build/icyphy/ptII/ptolemy/actor/lib/test/auto/PublisherPort6.xml
----------------- Instantiating /home/travis/build/icyphy/ptII/ptolemy/actor/lib/test/auto/PublisherPort6.xml
2 ms. Memory: 612352K Free: 477826K (78%)
----------------- Invoking toplevel() on ptolemy.moml.MoMLSimpleApplication@ec4fe09
----------------- Done invoking toplevel() on ptolemy.moml.MoMLSimpleApplication@ec4fe09
reloadAllAccessors: .PublisherPort6

===========================================================================================
----------------- testing Wed May 20 14:28:09 UTC 2020 /home/travis/build/icyphy/ptII/ptolemy/actor/lib/test/auto/PublisherPort7.xml
----------------- Instantiating /home/travis/build/icyphy/ptII/ptolemy/actor/lib/test/auto/PublisherPort7.xml
3 ms. Memory: 612352K Free: 469634K (77%)
----------------- Invoking toplevel() on ptolemy.moml.MoMLSimpleApplication@2b4aaa7e
----------------- Done invoking toplevel() on ptolemy.moml.MoMLSimpleApplication@2b4aaa7e
reloadAllAccessors: .PublisherPort7

===========================================================================================
----------------- testing Wed May 20 14:28:09 UTC 2020 /home/travis/build/icyphy/ptII/ptolemy/actor/lib/test/auto/PublisherPort8.xml
----------------- Instantiating /home/travis/build/icyphy/ptII/ptolemy/actor/lib/test/auto/PublisherPort8.xml
4 ms. Memory: 612352K Free: 460932K (75%)
----------------- Invoking toplevel() on ptolemy.moml.MoMLSimpleApplication@4c9f68c1
----------------- Done invoking toplevel() on ptolemy.moml.MoMLSimpleApplication@4c9f68c1
reloadAllAccessors: .PublisherPort8

===========================================================================================
----------------- testing Wed May 20 14:28:09 UTC 2020 /home/travis/build/icyphy/ptII/ptolemy/actor/lib/test/auto/PublisherPortSubscriberChannelVariablesAOC2.xml
----------------- Instantiating /home/travis/build/icyphy/ptII/ptolemy/actor/lib/test/auto/PublisherPortSubscriberChannelVariablesAOC2.xml
2 ms. Memory: 612352K Free: 442500K (72%)
----------------- Invoking toplevel() on ptolemy.moml.MoMLSimpleApplication@6d86c211
----------------- Done invoking toplevel() on ptolemy.moml.MoMLSimpleApplication@6d86c211
reloadAllAccessors: .PublisherPortSubscriberChannelVariablesAOC2

===========================================================================================
----------------- testing Wed May 20 14:28:09 UTC 2020 /home/travis/build/icyphy/ptII/ptolemy/actor/lib/test/auto/PublisherPortSubscriberOpaqueWidthInference.xml
----------------- Instantiating /home/travis/build/icyphy/ptII/ptolemy/actor/lib/test/auto/PublisherPortSubscriberOpaqueWidthInference.xml
3 ms. Memory: 612352K Free: 434308K (71%)
----------------- Invoking toplevel() on ptolemy.moml.MoMLSimpleApplication@4c817f76
----------------- Done invoking toplevel() on ptolemy.moml.MoMLSimpleApplication@4c817f76
reloadAllAccessors: .PublisherPortSubscriberOpaqueWidthInference

===========================================================================================
----------------- testing Wed May 20 14:28:09 UTC 2020 /home/travis/build/icyphy/ptII/ptolemy/actor/lib/test/auto/PublisherPortSubscriberPortAdjacent.xml
----------------- Instantiating /home/travis/build/icyphy/ptII/ptolemy/actor/lib/test/auto/PublisherPortSubscriberPortAdjacent.xml
1 ms. Memory: 612352K Free: 426116K (70%)
----------------- Invoking toplevel() on ptolemy.moml.MoMLSimpleApplication@41cb5a20
----------------- Done invoking toplevel() on ptolemy.moml.MoMLSimpleApplication@41cb5a20
reloadAllAccessors: .PublisherPortSubscriberPortAdjacent

===========================================================================================
----------------- testing Wed May 20 14:28:09 UTC 2020 /home/travis/build/icyphy/ptII/ptolemy/actor/lib/test/auto/PublisherPortSubscriberPortExpression.xml
----------------- Instantiating /home/travis/build/icyphy/ptII/ptolemy/actor/lib/test/auto/PublisherPortSubscriberPortExpression.xml
3 ms. Memory: 612352K Free: 418420K (68%)
----------------- Invoking toplevel() on ptolemy.moml.MoMLSimpleApplication@1f374f3e
----------------- Done invoking toplevel() on ptolemy.moml.MoMLSimpleApplication@1f374f3e
reloadAllAccessors: .PublisherPortSubscriberPortExpression

===========================================================================================
----------------- testing Wed May 20 14:28:09 UTC 2020 /home/travis/build/icyphy/ptII/ptolemy/actor/lib/test/auto/PublisherPortSubscriberPortOpaqueD3Reverse.xml
----------------- Instantiating /home/travis/build/icyphy/ptII/ptolemy/actor/lib/test/auto/PublisherPortSubscriberPortOpaqueD3Reverse.xml
7 ms. Memory: 612352K Free: 408194K (67%)
----------------- Invoking toplevel() on ptolemy.moml.MoMLSimpleApplication@67e47162
----------------- Done invoking toplevel() on ptolemy.moml.MoMLSimpleApplication@67e47162
reloadAllAccessors: .PublisherPortSubscriberPortOpaqueD3Reverse

===========================================================================================
----------------- testing Wed May 20 14:28:09 UTC 2020 /home/travis/build/icyphy/ptII/ptolemy/actor/lib/test/auto/PublisherPortSubscriberPortOpaqueWidthInference.xml
----------------- Instantiating /home/travis/build/icyphy/ptII/ptolemy/actor/lib/test/auto/PublisherPortSubscriberPortOpaqueWidthInference.xml
3 ms. Memory: 612352K Free: 400516K (65%)
----------------- Invoking toplevel() on ptolemy.moml.MoMLSimpleApplication@177a1381
----------------- Done invoking toplevel() on ptolemy.moml.MoMLSimpleApplication@177a1381
reloadAllAccessors: .PublisherPortSubscriberPortOpaqueWidthInference

===========================================================================================
----------------- testing Wed May 20 14:28:09 UTC 2020 /home/travis/build/icyphy/ptII/ptolemy/actor/lib/test/auto/PublisherPortToplevelSubscriberPortAOC.xml
----------------- Instantiating /home/travis/build/icyphy/ptII/ptolemy/actor/lib/test/auto/PublisherPortToplevelSubscriberPortAOC.xml
.PublisherPortToplevelSubscriberPortAOC.TestExceptionAttribute: initialize() was not invoked, but wrapup() was.  This is unusual, but not always a problem.  For example, exporting JNLP will do this.
0 ms. Memory: 612352K Free: 394882K (64%)
----------------- Invoking toplevel() on ptolemy.moml.MoMLSimpleApplication@2ea55fe4
----------------- Done invoking toplevel() on ptolemy.moml.MoMLSimpleApplication@2ea55fe4
reloadAllAccessors: .PublisherPortToplevelSubscriberPortAOC

===========================================================================================
----------------- testing Wed May 20 14:28:09 UTC 2020 /home/travis/build/icyphy/ptII/ptolemy/actor/lib/test/auto/PublisherSubscriber.xml
----------------- Instantiating /home/travis/build/icyphy/ptII/ptolemy/actor/lib/test/auto/PublisherSubscriber.xml
2 ms. Memory: 612352K Free: 387204K (63%)
----------------- Invoking toplevel() on ptolemy.moml.MoMLSimpleApplication@60efa926
----------------- Done invoking toplevel() on ptolemy.moml.MoMLSimpleApplication@60efa926
reloadAllAccessors: .PublisherSubscriber

===========================================================================================
----------------- testing Wed May 20 14:28:09 UTC 2020 /home/travis/build/icyphy/ptII/ptolemy/actor/lib/test/auto/PublisherSubscriber10.xml
----------------- Instantiating /home/travis/build/icyphy/ptII/ptolemy/actor/lib/test/auto/PublisherSubscriber10.xml
6 ms. Memory: 612352K Free: 377474K (62%)
----------------- Invoking toplevel() on ptolemy.moml.MoMLSimpleApplication@72b47732
----------------- Done invoking toplevel() on ptolemy.moml.MoMLSimpleApplication@72b47732
reloadAllAccessors: .PublisherSubscriber10

===========================================================================================
----------------- testing Wed May 20 14:28:09 UTC 2020 /home/travis/build/icyphy/ptII/ptolemy/actor/lib/test/auto/PublisherSubscriber10InitialOutputs.xml
----------------- Instantiating /home/travis/build/icyphy/ptII/ptolemy/actor/lib/test/auto/PublisherSubscriber10InitialOutputs.xml
11 ms. Memory: 612352K Free: 368258K (60%)
----------------- Invoking toplevel() on ptolemy.moml.MoMLSimpleApplication@3ed9855c
----------------- Done invoking toplevel() on ptolemy.moml.MoMLSimpleApplication@3ed9855c
reloadAllAccessors: .PublisherSubscriber10InitialOutputs

===========================================================================================
----------------- testing Wed May 20 14:28:10 UTC 2020 /home/travis/build/icyphy/ptII/ptolemy/actor/lib/test/auto/PublisherSubscriber11.xml
----------------- Instantiating /home/travis/build/icyphy/ptII/ptolemy/actor/lib/test/auto/PublisherSubscriber11.xml
2 ms. Memory: 612352K Free: 361604K (59%)
----------------- Invoking toplevel() on ptolemy.moml.MoMLSimpleApplication@55b4b774
----------------- Done invoking toplevel() on ptolemy.moml.MoMLSimpleApplication@55b4b774
reloadAllAccessors: .PublisherSubscriber11

===========================================================================================
----------------- testing Wed May 20 14:28:10 UTC 2020 /home/travis/build/icyphy/ptII/ptolemy/actor/lib/test/auto/PublisherSubscriber12.xml
----------------- Instantiating /home/travis/build/icyphy/ptII/ptolemy/actor/lib/test/auto/PublisherSubscriber12.xml
4 ms. Memory: 612352K Free: 354946K (58%)
----------------- Invoking toplevel() on ptolemy.moml.MoMLSimpleApplication@1182759c
----------------- Done invoking toplevel() on ptolemy.moml.MoMLSimpleApplication@1182759c
reloadAllAccessors: .PublisherSubscriber12

===========================================================================================
----------------- testing Wed May 20 14:28:10 UTC 2020 /home/travis/build/icyphy/ptII/ptolemy/actor/lib/test/auto/PublisherSubscriber13.xml
----------------- Instantiating /home/travis/build/icyphy/ptII/ptolemy/actor/lib/test/auto/PublisherSubscriber13.xml
2 ms. Memory: 612352K Free: 349316K (57%)
----------------- Invoking toplevel() on ptolemy.moml.MoMLSimpleApplication@10a74655
----------------- Done invoking toplevel() on ptolemy.moml.MoMLSimpleApplication@10a74655
reloadAllAccessors: .PublisherSubscriber13

===========================================================================================
----------------- testing Wed May 20 14:28:10 UTC 2020 /home/travis/build/icyphy/ptII/ptolemy/actor/lib/test/auto/PublisherSubscriber14.xml
----------------- Instantiating /home/travis/build/icyphy/ptII/ptolemy/actor/lib/test/auto/PublisherSubscriber14.xml
1 ms. Memory: 612352K Free: 340580K (56%)
----------------- Invoking toplevel() on ptolemy.moml.MoMLSimpleApplication@24820734
----------------- Done invoking toplevel() on ptolemy.moml.MoMLSimpleApplication@24820734
reloadAllAccessors: .PublisherSubscriber14

===========================================================================================
----------------- testing Wed May 20 14:28:10 UTC 2020 /home/travis/build/icyphy/ptII/ptolemy/actor/lib/test/auto/PublisherSubscriber2.xml
----------------- Instantiating /home/travis/build/icyphy/ptII/ptolemy/actor/lib/test/auto/PublisherSubscriber2.xml
3 ms. Memory: 612352K Free: 334436K (55%)
----------------- Invoking toplevel() on ptolemy.moml.MoMLSimpleApplication@6cfaa262
----------------- Done invoking toplevel() on ptolemy.moml.MoMLSimpleApplication@6cfaa262
reloadAllAccessors: .PublisherSubscriber2

===========================================================================================
----------------- testing Wed May 20 14:28:10 UTC 2020 /home/travis/build/icyphy/ptII/ptolemy/actor/lib/test/auto/PublisherSubscriber3.xml
----------------- Instantiating /home/travis/build/icyphy/ptII/ptolemy/actor/lib/test/auto/PublisherSubscriber3.xml
1 ms. Memory: 612352K Free: 328836K (54%)
----------------- Invoking toplevel() on ptolemy.moml.MoMLSimpleApplication@1bd39cf7
----------------- Done invoking toplevel() on ptolemy.moml.MoMLSimpleApplication@1bd39cf7
reloadAllAccessors: .PublisherSubscriber3

===========================================================================================
----------------- testing Wed May 20 14:28:10 UTC 2020 /home/travis/build/icyphy/ptII/ptolemy/actor/lib/test/auto/PublisherSubscriber4.xml
----------------- Instantiating /home/travis/build/icyphy/ptII/ptolemy/actor/lib/test/auto/PublisherSubscriber4.xml
1 ms. Memory: 612352K Free: 323716K (53%)
----------------- Invoking toplevel() on ptolemy.moml.MoMLSimpleApplication@5cdd04da
----------------- Done invoking toplevel() on ptolemy.moml.MoMLSimpleApplication@5cdd04da
reloadAllAccessors: .PublisherSubscriber4

===========================================================================================
----------------- testing Wed May 20 14:28:10 UTC 2020 /home/travis/build/icyphy/ptII/ptolemy/actor/lib/test/auto/PublisherSubscriber5.xml
----------------- Instantiating /home/travis/build/icyphy/ptII/ptolemy/actor/lib/test/auto/PublisherSubscriber5.xml
2 ms. Memory: 612352K Free: 317052K (52%)
----------------- Invoking toplevel() on ptolemy.moml.MoMLSimpleApplication@5e47c8e3
----------------- Done invoking toplevel() on ptolemy.moml.MoMLSimpleApplication@5e47c8e3
reloadAllAccessors: .PublisherSubscriber5

===========================================================================================
----------------- testing Wed May 20 14:28:10 UTC 2020 /home/travis/build/icyphy/ptII/ptolemy/actor/lib/test/auto/PublisherSubscriber6.xml
----------------- Instantiating /home/travis/build/icyphy/ptII/ptolemy/actor/lib/test/auto/PublisherSubscriber6.xml
4 ms. Memory: 612352K Free: 310404K (51%)
----------------- Invoking toplevel() on ptolemy.moml.MoMLSimpleApplication@269b9570
----------------- Done invoking toplevel() on ptolemy.moml.MoMLSimpleApplication@269b9570
reloadAllAccessors: .PublisherSubscriber6

===========================================================================================
----------------- testing Wed May 20 14:28:10 UTC 2020 /home/travis/build/icyphy/ptII/ptolemy/actor/lib/test/auto/PublisherSubscriber7.xml
----------------- Instantiating /home/travis/build/icyphy/ptII/ptolemy/actor/lib/test/auto/PublisherSubscriber7.xml
6 ms. Memory: 612352K Free: 303732K (50%)
----------------- Invoking toplevel() on ptolemy.moml.MoMLSimpleApplication@6d7e736a
----------------- Done invoking toplevel() on ptolemy.moml.MoMLSimpleApplication@6d7e736a
reloadAllAccessors: .PublisherSubscriber7

===========================================================================================
----------------- testing Wed May 20 14:28:10 UTC 2020 /home/travis/build/icyphy/ptII/ptolemy/actor/lib/test/auto/PublisherSubscriber8.xml
----------------- Instantiating /home/travis/build/icyphy/ptII/ptolemy/actor/lib/test/auto/PublisherSubscriber8.xml
14 ms. Memory: 612352K Free: 291458K (48%)
----------------- Invoking toplevel() on ptolemy.moml.MoMLSimpleApplication@70809dd
----------------- Done invoking toplevel() on ptolemy.moml.MoMLSimpleApplication@70809dd
reloadAllAccessors: .PublisherSubscriber8

===========================================================================================
----------------- testing Wed May 20 14:28:10 UTC 2020 /home/travis/build/icyphy/ptII/ptolemy/actor/lib/test/auto/PublisherSubscriber9.xml
----------------- Instantiating /home/travis/build/icyphy/ptII/ptolemy/actor/lib/test/auto/PublisherSubscriber9.xml
3 ms. Memory: 612352K Free: 284290K (46%)
----------------- Invoking toplevel() on ptolemy.moml.MoMLSimpleApplication@cf93da7
----------------- Done invoking toplevel() on ptolemy.moml.MoMLSimpleApplication@cf93da7
reloadAllAccessors: .PublisherSubscriber9

===========================================================================================
----------------- testing Wed May 20 14:28:10 UTC 2020 /home/travis/build/icyphy/ptII/ptolemy/actor/lib/test/auto/PublisherSubscriberAdjacent.xml
----------------- Instantiating /home/travis/build/icyphy/ptII/ptolemy/actor/lib/test/auto/PublisherSubscriberAdjacent.xml
1 ms. Memory: 612352K Free: 276098K (45%)
----------------- Invoking toplevel() on ptolemy.moml.MoMLSimpleApplication@75a58bdf
----------------- Done invoking toplevel() on ptolemy.moml.MoMLSimpleApplication@75a58bdf
reloadAllAccessors: .PublisherSubscriberAdjacent

===========================================================================================
----------------- testing Wed May 20 14:28:10 UTC 2020 /home/travis/build/icyphy/ptII/ptolemy/actor/lib/test/auto/PublisherSubscriberChannelVariablesAOC2.xml
----------------- Instantiating /home/travis/build/icyphy/ptII/ptolemy/actor/lib/test/auto/PublisherSubscriberChannelVariablesAOC2.xml
2 ms. Memory: 612352K Free: 261748K (43%)
----------------- Invoking toplevel() on ptolemy.moml.MoMLSimpleApplication@1d144f5e
----------------- Done invoking toplevel() on ptolemy.moml.MoMLSimpleApplication@1d144f5e
reloadAllAccessors: .PublisherSubscriberChannelVariablesAOC2

===========================================================================================
----------------- testing Wed May 20 14:28:10 UTC 2020 /home/travis/build/icyphy/ptII/ptolemy/actor/lib/test/auto/PublisherSubscriberD3.xml
----------------- Instantiating /home/travis/build/icyphy/ptII/ptolemy/actor/lib/test/auto/PublisherSubscriberD3.xml
1 ms. Memory: 612352K Free: 254594K (42%)
----------------- Invoking toplevel() on ptolemy.moml.MoMLSimpleApplication@346e52f2
----------------- Done invoking toplevel() on ptolemy.moml.MoMLSimpleApplication@346e52f2
reloadAllAccessors: .PublisherSubscriberD3

===========================================================================================
----------------- testing Wed May 20 14:28:10 UTC 2020 /home/travis/build/icyphy/ptII/ptolemy/actor/lib/test/auto/PublisherSubscriberD3Reverse.xml
----------------- Instantiating /home/travis/build/icyphy/ptII/ptolemy/actor/lib/test/auto/PublisherSubscriberD3Reverse.xml
2 ms. Memory: 612352K Free: 248450K (41%)
----------------- Invoking toplevel() on ptolemy.moml.MoMLSimpleApplication@735b9134
----------------- Done invoking toplevel() on ptolemy.moml.MoMLSimpleApplication@735b9134
reloadAllAccessors: .PublisherSubscriberD3Reverse

===========================================================================================
----------------- testing Wed May 20 14:28:10 UTC 2020 /home/travis/build/icyphy/ptII/ptolemy/actor/lib/test/auto/PublisherSubscriberExpression.xml
----------------- Instantiating /home/travis/build/icyphy/ptII/ptolemy/actor/lib/test/auto/PublisherSubscriberExpression.xml
3 ms. Memory: 612352K Free: 239204K (39%)
----------------- Invoking toplevel() on ptolemy.moml.MoMLSimpleApplication@7fa04908
----------------- Done invoking toplevel() on ptolemy.moml.MoMLSimpleApplication@7fa04908
reloadAllAccessors: .PublisherSubscriberExpression

===========================================================================================
----------------- testing Wed May 20 14:28:10 UTC 2020 /home/travis/build/icyphy/ptII/ptolemy/actor/lib/test/auto/PublisherSubscriberOpaque.xml
----------------- Instantiating /home/travis/build/icyphy/ptII/ptolemy/actor/lib/test/auto/PublisherSubscriberOpaque.xml
3 ms. Memory: 612352K Free: 231042K (38%)
----------------- Invoking toplevel() on ptolemy.moml.MoMLSimpleApplication@596d2e9c
----------------- Done invoking toplevel() on ptolemy.moml.MoMLSimpleApplication@596d2e9c
reloadAllAccessors: .PublisherSubscriberOpaque

===========================================================================================
----------------- testing Wed May 20 14:28:10 UTC 2020 /home/travis/build/icyphy/ptII/ptolemy/actor/lib/test/auto/PublisherSubscriberOpaqueD3.xml
----------------- Instantiating /home/travis/build/icyphy/ptII/ptolemy/actor/lib/test/auto/PublisherSubscriberOpaqueD3.xml
4 ms. Memory: 612352K Free: 219778K (36%)
----------------- Invoking toplevel() on ptolemy.moml.MoMLSimpleApplication@6b54d658
----------------- Done invoking toplevel() on ptolemy.moml.MoMLSimpleApplication@6b54d658
reloadAllAccessors: .PublisherSubscriberOpaqueD3

===========================================================================================
----------------- testing Wed May 20 14:28:10 UTC 2020 /home/travis/build/icyphy/ptII/ptolemy/actor/lib/test/auto/PublisherSubscriberOpaqueD3Reverse.xml
----------------- Instantiating /home/travis/build/icyphy/ptII/ptolemy/actor/lib/test/auto/PublisherSubscriberOpaqueD3Reverse.xml
6 ms. Memory: 612352K Free: 208514K (34%)
----------------- Invoking toplevel() on ptolemy.moml.MoMLSimpleApplication@372b2b8d
----------------- Done invoking toplevel() on ptolemy.moml.MoMLSimpleApplication@372b2b8d
reloadAllAccessors: .PublisherSubscriberOpaqueD3Reverse

===========================================================================================
----------------- testing Wed May 20 14:28:10 UTC 2020 /home/travis/build/icyphy/ptII/ptolemy/actor/lib/test/auto/PublisherSubscriberOpaqueWidthInference.xml
----------------- Instantiating /home/travis/build/icyphy/ptII/ptolemy/actor/lib/test/auto/PublisherSubscriberOpaqueWidthInference.xml
5 ms. Memory: 612352K Free: 555650K (91%)
----------------- Invoking toplevel() on ptolemy.moml.MoMLSimpleApplication@1a34803
----------------- Done invoking toplevel() on ptolemy.moml.MoMLSimpleApplication@1a34803
reloadAllAccessors: .PublisherSubscriberOpaqueWidthInference

===========================================================================================
----------------- testing Wed May 20 14:28:10 UTC 2020 /home/travis/build/icyphy/ptII/ptolemy/actor/lib/test/auto/PublisherTestSubscriber.xml
----------------- Instantiating /home/travis/build/icyphy/ptII/ptolemy/actor/lib/test/auto/PublisherTestSubscriber.xml
3 ms. Memory: 612352K Free: 547452K (89%)
----------------- Invoking toplevel() on ptolemy.moml.MoMLSimpleApplication@71cfbcef
----------------- Done invoking toplevel() on ptolemy.moml.MoMLSimpleApplication@71cfbcef
reloadAllAccessors: .PublisherTestSubscriber

===========================================================================================
----------------- testing Wed May 20 14:28:10 UTC 2020 /home/travis/build/icyphy/ptII/ptolemy/actor/lib/test/auto/PublisherToplevelSubscriberPortAOC.xml
----------------- Instantiating /home/travis/build/icyphy/ptII/ptolemy/actor/lib/test/auto/PublisherToplevelSubscriberPortAOC.xml
2 ms. Memory: 612352K Free: 541284K (88%)
----------------- Invoking toplevel() on ptolemy.moml.MoMLSimpleApplication@211584a3
----------------- Done invoking toplevel() on ptolemy.moml.MoMLSimpleApplication@211584a3
reloadAllAccessors: .PublisherToplevelSubscriberPortAOC

===========================================================================================
----------------- testing Wed May 20 14:28:10 UTC 2020 /home/travis/build/icyphy/ptII/ptolemy/actor/lib/test/auto/PulseFiringLimitDE.xml
----------------- Instantiating /home/travis/build/icyphy/ptII/ptolemy/actor/lib/test/auto/PulseFiringLimitDE.xml
2 ms. Memory: 612352K Free: 535170K (87%)
----------------- Invoking toplevel() on ptolemy.moml.MoMLSimpleApplication@4cab83a
----------------- Done invoking toplevel() on ptolemy.moml.MoMLSimpleApplication@4cab83a
reloadAllAccessors: .PulseFiringLimitDE

===========================================================================================
----------------- testing Wed May 20 14:28:10 UTC 2020 /home/travis/build/icyphy/ptII/ptolemy/actor/lib/test/auto/Ramp1.xml
----------------- Instantiating /home/travis/build/icyphy/ptII/ptolemy/actor/lib/test/auto/Ramp1.xml
1 ms. Memory: 612352K Free: 531068K (87%)
----------------- Invoking toplevel() on ptolemy.moml.MoMLSimpleApplication@62d98258
----------------- Done invoking toplevel() on ptolemy.moml.MoMLSimpleApplication@62d98258
reloadAllAccessors: .Ramp1

===========================================================================================
----------------- testing Wed May 20 14:28:10 UTC 2020 /home/travis/build/icyphy/ptII/ptolemy/actor/lib/test/auto/RampFiringLimitDE.xml
----------------- Instantiating /home/travis/build/icyphy/ptII/ptolemy/actor/lib/test/auto/RampFiringLimitDE.xml
1 ms. Memory: 612352K Free: 524420K (86%)
----------------- Invoking toplevel() on ptolemy.moml.MoMLSimpleApplication@2ac321b3
----------------- Done invoking toplevel() on ptolemy.moml.MoMLSimpleApplication@2ac321b3
reloadAllAccessors: .RampFiringLimitDE

===========================================================================================
----------------- testing Wed May 20 14:28:10 UTC 2020 /home/travis/build/icyphy/ptII/ptolemy/actor/lib/test/auto/RampFiringLimitSDF.xml
----------------- Instantiating /home/travis/build/icyphy/ptII/ptolemy/actor/lib/test/auto/RampFiringLimitSDF.xml
2 ms. Memory: 612352K Free: 519300K (85%)
----------------- Invoking toplevel() on ptolemy.moml.MoMLSimpleApplication@75fbb3d
----------------- Done invoking toplevel() on ptolemy.moml.MoMLSimpleApplication@75fbb3d
reloadAllAccessors: .RampFiringLimitSDF

===========================================================================================
----------------- testing Wed May 20 14:28:10 UTC 2020 /home/travis/build/icyphy/ptII/ptolemy/actor/lib/test/auto/RandomInteger.xml
----------------- Instantiating /home/travis/build/icyphy/ptII/ptolemy/actor/lib/test/auto/RandomInteger.xml
1 ms. Memory: 612352K Free: 515204K (84%)
----------------- Invoking toplevel() on ptolemy.moml.MoMLSimpleApplication@3acadf65
----------------- Done invoking toplevel() on ptolemy.moml.MoMLSimpleApplication@3acadf65
reloadAllAccessors: .RandomInteger

===========================================================================================
----------------- testing Wed May 20 14:28:10 UTC 2020 /home/travis/build/icyphy/ptII/ptolemy/actor/lib/test/auto/ReadFile1.xml
----------------- Instantiating /home/travis/build/icyphy/ptII/ptolemy/actor/lib/test/auto/ReadFile1.xml
1 ms. Memory: 612352K Free: 510594K (83%)
----------------- Invoking toplevel() on ptolemy.moml.MoMLSimpleApplication@3772b82e
----------------- Done invoking toplevel() on ptolemy.moml.MoMLSimpleApplication@3772b82e
reloadAllAccessors: .ReadFile1

===========================================================================================
----------------- testing Wed May 20 14:28:10 UTC 2020 /home/travis/build/icyphy/ptII/ptolemy/actor/lib/test/auto/ReadFile2.xml
----------------- Instantiating /home/travis/build/icyphy/ptII/ptolemy/actor/lib/test/auto/ReadFile2.xml
1 ms. Memory: 612352K Free: 506498K (83%)
----------------- Invoking toplevel() on ptolemy.moml.MoMLSimpleApplication@589a2ca
----------------- Done invoking toplevel() on ptolemy.moml.MoMLSimpleApplication@589a2ca
reloadAllAccessors: .ReadFile2

===========================================================================================
----------------- testing Wed May 20 14:28:10 UTC 2020 /home/travis/build/icyphy/ptII/ptolemy/actor/lib/test/auto/Reader.xml
----------------- Instantiating /home/travis/build/icyphy/ptII/ptolemy/actor/lib/test/auto/Reader.xml
actor.lib.Reader is obsolete, use actor.lib.io.ExpressionReader instead
3 ms. Memory: 612352K Free: 501892K (82%)
----------------- Invoking toplevel() on ptolemy.moml.MoMLSimpleApplication@1b6bba51
----------------- Done invoking toplevel() on ptolemy.moml.MoMLSimpleApplication@1b6bba51
reloadAllAccessors: .Reader

===========================================================================================
----------------- testing Wed May 20 14:28:10 UTC 2020 /home/travis/build/icyphy/ptII/ptolemy/actor/lib/test/auto/RecordAssemblerDisplayNameTest.xml
----------------- Instantiating /home/travis/build/icyphy/ptII/ptolemy/actor/lib/test/auto/RecordAssemblerDisplayNameTest.xml
3153 ms. Memory: 612352K Free: 367234K (60%)
----------------- Invoking toplevel() on ptolemy.moml.MoMLSimpleApplication@15389dff
----------------- Done invoking toplevel() on ptolemy.moml.MoMLSimpleApplication@15389dff
reloadAllAccessors: .RecordAssemblerDisplayNameTest

===========================================================================================
----------------- testing Wed May 20 14:28:13 UTC 2020 /home/travis/build/icyphy/ptII/ptolemy/actor/lib/test/auto/RecordAssemblerTypeError.xml
----------------- Instantiating /home/travis/build/icyphy/ptII/ptolemy/actor/lib/test/auto/RecordAssemblerTypeError.xml
16 ms. Memory: 612352K Free: 357508K (58%)
----------------- Invoking toplevel() on ptolemy.moml.MoMLSimpleApplication@1bbd1e64
----------------- Done invoking toplevel() on ptolemy.moml.MoMLSimpleApplication@1bbd1e64
reloadAllAccessors: .RecordAssemblerTypeError

===========================================================================================
----------------- testing Wed May 20 14:28:13 UTC 2020 /home/travis/build/icyphy/ptII/ptolemy/actor/lib/test/auto/RecordDisassember.xml
----------------- Instantiating /home/travis/build/icyphy/ptII/ptolemy/actor/lib/test/auto/RecordDisassember.xml
7 ms. Memory: 612352K Free: 352868K (58%)
----------------- Invoking toplevel() on ptolemy.moml.MoMLSimpleApplication@521d4349
----------------- Done invoking toplevel() on ptolemy.moml.MoMLSimpleApplication@521d4349
reloadAllAccessors: .RecordDisassember

===========================================================================================
----------------- testing Wed May 20 14:28:13 UTC 2020 /home/travis/build/icyphy/ptII/ptolemy/actor/lib/test/auto/RecordDisassemberDisplayNameTest.xml
----------------- Instantiating /home/travis/build/icyphy/ptII/ptolemy/actor/lib/test/auto/RecordDisassemberDisplayNameTest.xml
5 ms. Memory: 612352K Free: 344706K (56%)
----------------- Invoking toplevel() on ptolemy.moml.MoMLSimpleApplication@1e8aba21
----------------- Done invoking toplevel() on ptolemy.moml.MoMLSimpleApplication@1e8aba21
reloadAllAccessors: .RecordDisassemberDisplayNameTest

===========================================================================================
----------------- testing Wed May 20 14:28:13 UTC 2020 /home/travis/build/icyphy/ptII/ptolemy/actor/lib/test/auto/RecordDisassembler.xml
----------------- Instantiating /home/travis/build/icyphy/ptII/ptolemy/actor/lib/test/auto/RecordDisassembler.xml
3 ms. Memory: 612352K Free: 339580K (55%)
----------------- Invoking toplevel() on ptolemy.moml.MoMLSimpleApplication@689862b9
----------------- Done invoking toplevel() on ptolemy.moml.MoMLSimpleApplication@689862b9
reloadAllAccessors: .RecordDisassembler

===========================================================================================
----------------- testing Wed May 20 14:28:13 UTC 2020 /home/travis/build/icyphy/ptII/ptolemy/actor/lib/test/auto/RecordDisassembler2.xml
----------------- Instantiating /home/travis/build/icyphy/ptII/ptolemy/actor/lib/test/auto/RecordDisassembler2.xml
2 ms. Memory: 612352K Free: 334436K (55%)
----------------- Invoking toplevel() on ptolemy.moml.MoMLSimpleApplication@1b9d63d6
----------------- Done invoking toplevel() on ptolemy.moml.MoMLSimpleApplication@1b9d63d6
reloadAllAccessors: .RecordDisassembler2

===========================================================================================
----------------- testing Wed May 20 14:28:13 UTC 2020 /home/travis/build/icyphy/ptII/ptolemy/actor/lib/test/auto/RecordUpdater.xml
----------------- Instantiating /home/travis/build/icyphy/ptII/ptolemy/actor/lib/test/auto/RecordUpdater.xml
2 ms. Memory: 612352K Free: 329346K (54%)
----------------- Invoking toplevel() on ptolemy.moml.MoMLSimpleApplication@67224667
----------------- Done invoking toplevel() on ptolemy.moml.MoMLSimpleApplication@67224667
reloadAllAccessors: .RecordUpdater

===========================================================================================
----------------- testing Wed May 20 14:28:13 UTC 2020 /home/travis/build/icyphy/ptII/ptolemy/actor/lib/test/auto/RecordUpdater2.xml
----------------- Instantiating /home/travis/build/icyphy/ptII/ptolemy/actor/lib/test/auto/RecordUpdater2.xml
1 ms. Memory: 612352K Free: 324226K (53%)
----------------- Invoking toplevel() on ptolemy.moml.MoMLSimpleApplication@31b80f7f
----------------- Done invoking toplevel() on ptolemy.moml.MoMLSimpleApplication@31b80f7f
reloadAllAccessors: .RecordUpdater2

===========================================================================================
----------------- testing Wed May 20 14:28:13 UTC 2020 /home/travis/build/icyphy/ptII/ptolemy/actor/lib/test/auto/RecursiveLattice.xml
----------------- Instantiating /home/travis/build/icyphy/ptII/ptolemy/actor/lib/test/auto/RecursiveLattice.xml
1 ms. Memory: 612352K Free: 320100K (52%)
----------------- Invoking toplevel() on ptolemy.moml.MoMLSimpleApplication@63d06154
----------------- Done invoking toplevel() on ptolemy.moml.MoMLSimpleApplication@63d06154
reloadAllAccessors: .RecursiveLattice

===========================================================================================
----------------- testing Wed May 20 14:28:13 UTC 2020 /home/travis/build/icyphy/ptII/ptolemy/actor/lib/test/auto/Router.xml
----------------- Instantiating /home/travis/build/icyphy/ptII/ptolemy/actor/lib/test/auto/Router.xml
3004 ms. Memory: 612352K Free: 308356K (50%)
----------------- Invoking toplevel() on ptolemy.moml.MoMLSimpleApplication@168c801f
----------------- Done invoking toplevel() on ptolemy.moml.MoMLSimpleApplication@168c801f
reloadAllAccessors: .Router

===========================================================================================
----------------- testing Wed May 20 14:28:16 UTC 2020 /home/travis/build/icyphy/ptII/ptolemy/actor/lib/test/auto/Router2.xml
----------------- Instantiating /home/travis/build/icyphy/ptII/ptolemy/actor/lib/test/auto/Router2.xml
3002 ms. Memory: 612352K Free: 297602K (49%)
----------------- Invoking toplevel() on ptolemy.moml.MoMLSimpleApplication@2c7bf512
----------------- Done invoking toplevel() on ptolemy.moml.MoMLSimpleApplication@2c7bf512
reloadAllAccessors: .Router2

===========================================================================================
----------------- testing Wed May 20 14:28:19 UTC 2020 /home/travis/build/icyphy/ptII/ptolemy/actor/lib/test/auto/RunningMaximum.xml
----------------- Instantiating /home/travis/build/icyphy/ptII/ptolemy/actor/lib/test/auto/RunningMaximum.xml
1 ms. Memory: 612352K Free: 292482K (48%)
----------------- Invoking toplevel() on ptolemy.moml.MoMLSimpleApplication@8fed27f
----------------- Done invoking toplevel() on ptolemy.moml.MoMLSimpleApplication@8fed27f
reloadAllAccessors: .RunningMaximum

===========================================================================================
----------------- testing Wed May 20 14:28:19 UTC 2020 /home/travis/build/icyphy/ptII/ptolemy/actor/lib/test/auto/RunningMinimum.xml
----------------- Instantiating /home/travis/build/icyphy/ptII/ptolemy/actor/lib/test/auto/RunningMinimum.xml
12 ms. Memory: 612352K Free: 287876K (47%)
----------------- Invoking toplevel() on ptolemy.moml.MoMLSimpleApplication@25228eba
----------------- Done invoking toplevel() on ptolemy.moml.MoMLSimpleApplication@25228eba
reloadAllAccessors: .RunningMinimum

===========================================================================================
----------------- testing Wed May 20 14:28:19 UTC 2020 /home/travis/build/icyphy/ptII/ptolemy/actor/lib/test/auto/Scale.xml
----------------- Instantiating /home/travis/build/icyphy/ptII/ptolemy/actor/lib/test/auto/Scale.xml
1 ms. Memory: 612352K Free: 283266K (46%)
----------------- Invoking toplevel() on ptolemy.moml.MoMLSimpleApplication@551497f4
----------------- Done invoking toplevel() on ptolemy.moml.MoMLSimpleApplication@551497f4
reloadAllAccessors: .Scale

===========================================================================================
----------------- testing Wed May 20 14:28:19 UTC 2020 /home/travis/build/icyphy/ptII/ptolemy/actor/lib/test/auto/Scale2.xml
----------------- Instantiating /home/travis/build/icyphy/ptII/ptolemy/actor/lib/test/auto/Scale2.xml
6 ms. Memory: 612352K Free: 278146K (45%)
----------------- Invoking toplevel() on ptolemy.moml.MoMLSimpleApplication@7a602cd
----------------- Done invoking toplevel() on ptolemy.moml.MoMLSimpleApplication@7a602cd
reloadAllAccessors: .Scale2

===========================================================================================
----------------- testing Wed May 20 14:28:19 UTC 2020 /home/travis/build/icyphy/ptII/ptolemy/actor/lib/test/auto/Scale3.xml
----------------- Instantiating /home/travis/build/icyphy/ptII/ptolemy/actor/lib/test/auto/Scale3.xml
3 ms. Memory: 612352K Free: 272002K (44%)
----------------- Invoking toplevel() on ptolemy.moml.MoMLSimpleApplication@35ffd42e
----------------- Done invoking toplevel() on ptolemy.moml.MoMLSimpleApplication@35ffd42e
reloadAllAccessors: .Scale3

===========================================================================================
----------------- testing Wed May 20 14:28:19 UTC 2020 /home/travis/build/icyphy/ptII/ptolemy/actor/lib/test/auto/ScaleArray.xml
----------------- Instantiating /home/travis/build/icyphy/ptII/ptolemy/actor/lib/test/auto/ScaleArray.xml
2 ms. Memory: 612352K Free: 267396K (44%)
----------------- Invoking toplevel() on ptolemy.moml.MoMLSimpleApplication@5475e31b
----------------- Done invoking toplevel() on ptolemy.moml.MoMLSimpleApplication@5475e31b
reloadAllAccessors: .ScaleArray

===========================================================================================
----------------- testing Wed May 20 14:28:19 UTC 2020 /home/travis/build/icyphy/ptII/ptolemy/actor/lib/test/auto/ScaleArray2.xml
----------------- Instantiating /home/travis/build/icyphy/ptII/ptolemy/actor/lib/test/auto/ScaleArray2.xml
2 ms. Memory: 612352K Free: 262786K (43%)
----------------- Invoking toplevel() on ptolemy.moml.MoMLSimpleApplication@14912193
----------------- Done invoking toplevel() on ptolemy.moml.MoMLSimpleApplication@14912193
reloadAllAccessors: .ScaleArray2

===========================================================================================
----------------- testing Wed May 20 14:28:19 UTC 2020 /home/travis/build/icyphy/ptII/ptolemy/actor/lib/test/auto/ScaleMatrix.xml
----------------- Instantiating /home/travis/build/icyphy/ptII/ptolemy/actor/lib/test/auto/ScaleMatrix.xml
180 ms. Memory: 612352K Free: 249474K (41%)
----------------- Invoking toplevel() on ptolemy.moml.MoMLSimpleApplication@62d65420
----------------- Done invoking toplevel() on ptolemy.moml.MoMLSimpleApplication@62d65420
reloadAllAccessors: .ScaleMatrix

===========================================================================================
----------------- testing Wed May 20 14:28:20 UTC 2020 /home/travis/build/icyphy/ptII/ptolemy/actor/lib/test/auto/Select.xml
----------------- Instantiating /home/travis/build/icyphy/ptII/ptolemy/actor/lib/test/auto/Select.xml
4 ms. Memory: 612352K Free: 243316K (40%)
----------------- Invoking toplevel() on ptolemy.moml.MoMLSimpleApplication@2f44fb22
----------------- Done invoking toplevel() on ptolemy.moml.MoMLSimpleApplication@2f44fb22
reloadAllAccessors: .Select

===========================================================================================
----------------- testing Wed May 20 14:28:20 UTC 2020 /home/travis/build/icyphy/ptII/ptolemy/actor/lib/test/auto/Select2.xml
----------------- Instantiating /home/travis/build/icyphy/ptII/ptolemy/actor/lib/test/auto/Select2.xml
1 ms. Memory: 612352K Free: 238724K (39%)
----------------- Invoking toplevel() on ptolemy.moml.MoMLSimpleApplication@3f4f8754
----------------- Done invoking toplevel() on ptolemy.moml.MoMLSimpleApplication@3f4f8754
reloadAllAccessors: .Select2

===========================================================================================
----------------- testing Wed May 20 14:28:20 UTC 2020 /home/travis/build/icyphy/ptII/ptolemy/actor/lib/test/auto/SequenceToArray2.xml
----------------- Instantiating /home/travis/build/icyphy/ptII/ptolemy/actor/lib/test/auto/SequenceToArray2.xml
95 ms. Memory: 612352K Free: 214644K (35%)
----------------- Invoking toplevel() on ptolemy.moml.MoMLSimpleApplication@19dd5cbd
----------------- Done invoking toplevel() on ptolemy.moml.MoMLSimpleApplication@19dd5cbd
reloadAllAccessors: .SequenceToArray2

===========================================================================================
----------------- testing Wed May 20 14:28:20 UTC 2020 /home/travis/build/icyphy/ptII/ptolemy/actor/lib/test/auto/SequentialClock.xml
----------------- Instantiating /home/travis/build/icyphy/ptII/ptolemy/actor/lib/test/auto/SequentialClock.xml
2 ms. Memory: 612352K Free: 210052K (34%)
----------------- Invoking toplevel() on ptolemy.moml.MoMLSimpleApplication@1003b389
----------------- Done invoking toplevel() on ptolemy.moml.MoMLSimpleApplication@1003b389
reloadAllAccessors: .SequentialClock

===========================================================================================
----------------- testing Wed May 20 14:28:20 UTC 2020 /home/travis/build/icyphy/ptII/ptolemy/actor/lib/test/auto/SetVariable.xml
----------------- Instantiating /home/travis/build/icyphy/ptII/ptolemy/actor/lib/test/auto/SetVariable.xml
31 ms. Memory: 612352K Free: 561021K (92%)
----------------- Invoking toplevel() on ptolemy.moml.MoMLSimpleApplication@60fed414
----------------- Done invoking toplevel() on ptolemy.moml.MoMLSimpleApplication@60fed414
reloadAllAccessors: .SetVariable

===========================================================================================
----------------- testing Wed May 20 14:28:20 UTC 2020 /home/travis/build/icyphy/ptII/ptolemy/actor/lib/test/auto/SetVariable2.xml
----------------- Instantiating /home/travis/build/icyphy/ptII/ptolemy/actor/lib/test/auto/SetVariable2.xml
2 ms. Memory: 612352K Free: 555140K (91%)
----------------- Invoking toplevel() on ptolemy.moml.MoMLSimpleApplication@239ebd80
----------------- Done invoking toplevel() on ptolemy.moml.MoMLSimpleApplication@239ebd80
reloadAllAccessors: .SetVariable2

===========================================================================================
----------------- testing Wed May 20 14:28:20 UTC 2020 /home/travis/build/icyphy/ptII/ptolemy/actor/lib/test/auto/SetVariable3.xml
----------------- Instantiating /home/travis/build/icyphy/ptII/ptolemy/actor/lib/test/auto/SetVariable3.xml
10 ms. Memory: 612352K Free: 550020K (90%)
----------------- Invoking toplevel() on ptolemy.moml.MoMLSimpleApplication@6adca5c
----------------- Done invoking toplevel() on ptolemy.moml.MoMLSimpleApplication@6adca5c
reloadAllAccessors: .SetVariable3

===========================================================================================
----------------- testing Wed May 20 14:28:20 UTC 2020 /home/travis/build/icyphy/ptII/ptolemy/actor/lib/test/auto/SetVariable4.xml
----------------- Instantiating /home/travis/build/icyphy/ptII/ptolemy/actor/lib/test/auto/SetVariable4.xml
16 ms. Memory: 612352K Free: 540802K (88%)
----------------- Invoking toplevel() on ptolemy.moml.MoMLSimpleApplication@7559ca95
----------------- Done invoking toplevel() on ptolemy.moml.MoMLSimpleApplication@7559ca95
reloadAllAccessors: .SetVariable4

===========================================================================================
----------------- testing Wed May 20 14:28:20 UTC 2020 /home/travis/build/icyphy/ptII/ptolemy/actor/lib/test/auto/SetVariable5.xml
----------------- Instantiating /home/travis/build/icyphy/ptII/ptolemy/actor/lib/test/auto/SetVariable5.xml
17 ms. Memory: 612352K Free: 531074K (87%)
----------------- Invoking toplevel() on ptolemy.moml.MoMLSimpleApplication@723bc48c
----------------- Done invoking toplevel() on ptolemy.moml.MoMLSimpleApplication@723bc48c
reloadAllAccessors: .SetVariable5

===========================================================================================
----------------- testing Wed May 20 14:28:20 UTC 2020 /home/travis/build/icyphy/ptII/ptolemy/actor/lib/test/auto/Sinewave.xml
----------------- Instantiating /home/travis/build/icyphy/ptII/ptolemy/actor/lib/test/auto/Sinewave.xml
4 ms. Memory: 612352K Free: 520324K (85%)
----------------- Invoking toplevel() on ptolemy.moml.MoMLSimpleApplication@1299a19
----------------- Done invoking toplevel() on ptolemy.moml.MoMLSimpleApplication@1299a19
reloadAllAccessors: .Sinewave

===========================================================================================
----------------- testing Wed May 20 14:28:20 UTC 2020 /home/travis/build/icyphy/ptII/ptolemy/actor/lib/test/auto/Sinewave2.xml
----------------- Instantiating /home/travis/build/icyphy/ptII/ptolemy/actor/lib/test/auto/Sinewave2.xml
7 ms. Memory: 612352K Free: 512132K (84%)
----------------- Invoking toplevel() on ptolemy.moml.MoMLSimpleApplication@39619386
----------------- Done invoking toplevel() on ptolemy.moml.MoMLSimpleApplication@39619386
reloadAllAccessors: .Sinewave2

===========================================================================================
----------------- testing Wed May 20 14:28:20 UTC 2020 /home/travis/build/icyphy/ptII/ptolemy/actor/lib/test/auto/Sinewave3.xml
----------------- Instantiating /home/travis/build/icyphy/ptII/ptolemy/actor/lib/test/auto/Sinewave3.xml
7 ms. Memory: 612352K Free: 503396K (82%)
----------------- Invoking toplevel() on ptolemy.moml.MoMLSimpleApplication@41f9be8b
----------------- Done invoking toplevel() on ptolemy.moml.MoMLSimpleApplication@41f9be8b
reloadAllAccessors: .Sinewave3

===========================================================================================
----------------- testing Wed May 20 14:28:20 UTC 2020 /home/travis/build/icyphy/ptII/ptolemy/actor/lib/test/auto/SingleEvent.xml
----------------- Instantiating /home/travis/build/icyphy/ptII/ptolemy/actor/lib/test/auto/SingleEvent.xml
1 ms. Memory: 612352K Free: 499330K (82%)
----------------- Invoking toplevel() on ptolemy.moml.MoMLSimpleApplication@31d6f447
----------------- Done invoking toplevel() on ptolemy.moml.MoMLSimpleApplication@31d6f447
reloadAllAccessors: .SingleEvent

===========================================================================================
----------------- testing Wed May 20 14:28:20 UTC 2020 /home/travis/build/icyphy/ptII/ptolemy/actor/lib/test/auto/Sleep.xml
----------------- Instantiating /home/travis/build/icyphy/ptII/ptolemy/actor/lib/test/auto/Sleep.xml
6002 ms. Memory: 612352K Free: 493700K (81%)
----------------- Invoking toplevel() on ptolemy.moml.MoMLSimpleApplication@28017aa7
----------------- Done invoking toplevel() on ptolemy.moml.MoMLSimpleApplication@28017aa7
reloadAllAccessors: .Sleep

===========================================================================================
----------------- testing Wed May 20 14:28:26 UTC 2020 /home/travis/build/icyphy/ptII/ptolemy/actor/lib/test/auto/SleepMultipleFire.xml
----------------- Instantiating /home/travis/build/icyphy/ptII/ptolemy/actor/lib/test/auto/SleepMultipleFire.xml
1005 ms. Memory: 612352K Free: 487556K (80%)
----------------- Invoking toplevel() on ptolemy.moml.MoMLSimpleApplication@4ea57b11
----------------- Done invoking toplevel() on ptolemy.moml.MoMLSimpleApplication@4ea57b11
reloadAllAccessors: .SleepMultipleFire

===========================================================================================
----------------- testing Wed May 20 14:28:27 UTC 2020 /home/travis/build/icyphy/ptII/ptolemy/actor/lib/test/auto/StopDE.xml
----------------- Instantiating /home/travis/build/icyphy/ptII/ptolemy/actor/lib/test/auto/StopDE.xml
5 ms. Memory: 612352K Free: 481922K (79%)
----------------- Invoking toplevel() on ptolemy.moml.MoMLSimpleApplication@5bfe7cf
----------------- Done invoking toplevel() on ptolemy.moml.MoMLSimpleApplication@5bfe7cf
reloadAllAccessors: .StopDE

===========================================================================================
----------------- testing Wed May 20 14:28:27 UTC 2020 /home/travis/build/icyphy/ptII/ptolemy/actor/lib/test/auto/StopSDF.xml
----------------- Instantiating /home/travis/build/icyphy/ptII/ptolemy/actor/lib/test/auto/StopSDF.xml
2 ms. Memory: 612352K Free: 476802K (78%)
----------------- Invoking toplevel() on ptolemy.moml.MoMLSimpleApplication@fe13cf5
----------------- Done invoking toplevel() on ptolemy.moml.MoMLSimpleApplication@fe13cf5
reloadAllAccessors: .StopSDF

===========================================================================================
----------------- testing Wed May 20 14:28:27 UTC 2020 /home/travis/build/icyphy/ptII/ptolemy/actor/lib/test/auto/StringConstant.xml
----------------- Instantiating /home/travis/build/icyphy/ptII/ptolemy/actor/lib/test/auto/StringConstant.xml
9 ms. Memory: 612352K Free: 472196K (77%)
----------------- Invoking toplevel() on ptolemy.moml.MoMLSimpleApplication@50260757
----------------- Done invoking toplevel() on ptolemy.moml.MoMLSimpleApplication@50260757
reloadAllAccessors: .StringConstant

===========================================================================================
----------------- testing Wed May 20 14:28:27 UTC 2020 /home/travis/build/icyphy/ptII/ptolemy/actor/lib/test/auto/SubscriberPortInitialValues1.xml
----------------- Instantiating /home/travis/build/icyphy/ptII/ptolemy/actor/lib/test/auto/SubscriberPortInitialValues1.xml
7 ms. Memory: 612352K Free: 463490K (76%)
----------------- Invoking toplevel() on ptolemy.moml.MoMLSimpleApplication@7fc63da8
----------------- Done invoking toplevel() on ptolemy.moml.MoMLSimpleApplication@7fc63da8
reloadAllAccessors: .SubscriberPortInitialValues1

===========================================================================================
----------------- testing Wed May 20 14:28:27 UTC 2020 /home/travis/build/icyphy/ptII/ptolemy/actor/lib/test/auto/SubscriberPortInitialValues13.xml
----------------- Instantiating /home/travis/build/icyphy/ptII/ptolemy/actor/lib/test/auto/SubscriberPortInitialValues13.xml
4 ms. Memory: 612352K Free: 449668K (73%)
----------------- Invoking toplevel() on ptolemy.moml.MoMLSimpleApplication@5df8b8ed
----------------- Done invoking toplevel() on ptolemy.moml.MoMLSimpleApplication@5df8b8ed
reloadAllAccessors: .SubscriberPortInitialValues13

===========================================================================================
----------------- testing Wed May 20 14:28:27 UTC 2020 /home/travis/build/icyphy/ptII/ptolemy/actor/lib/test/auto/SubscriberPortInitialValues14.xml
----------------- Instantiating /home/travis/build/icyphy/ptII/ptolemy/actor/lib/test/auto/SubscriberPortInitialValues14.xml
4 ms. Memory: 612352K Free: 441986K (72%)
----------------- Invoking toplevel() on ptolemy.moml.MoMLSimpleApplication@292e0da1
----------------- Done invoking toplevel() on ptolemy.moml.MoMLSimpleApplication@292e0da1
reloadAllAccessors: .SubscriberPortInitialValues14

===========================================================================================
----------------- testing Wed May 20 14:28:27 UTC 2020 /home/travis/build/icyphy/ptII/ptolemy/actor/lib/test/auto/SubscriberPortInitialValues2.xml
----------------- Instantiating /home/travis/build/icyphy/ptII/ptolemy/actor/lib/test/auto/SubscriberPortInitialValues2.xml
4 ms. Memory: 612352K Free: 434308K (71%)
----------------- Invoking toplevel() on ptolemy.moml.MoMLSimpleApplication@62c53940
----------------- Done invoking toplevel() on ptolemy.moml.MoMLSimpleApplication@62c53940
reloadAllAccessors: .SubscriberPortInitialValues2

===========================================================================================
----------------- testing Wed May 20 14:28:27 UTC 2020 /home/travis/build/icyphy/ptII/ptolemy/actor/lib/test/auto/SubscriberPortInitialValues3.xml
----------------- Instantiating /home/travis/build/icyphy/ptII/ptolemy/actor/lib/test/auto/SubscriberPortInitialValues3.xml
3 ms. Memory: 612352K Free: 423554K (69%)
----------------- Invoking toplevel() on ptolemy.moml.MoMLSimpleApplication@138bf9c8
----------------- Done invoking toplevel() on ptolemy.moml.MoMLSimpleApplication@138bf9c8
reloadAllAccessors: .SubscriberPortInitialValues3

===========================================================================================
----------------- testing Wed May 20 14:28:27 UTC 2020 /home/travis/build/icyphy/ptII/ptolemy/actor/lib/test/auto/SubscriptionAggregator.xml
----------------- Instantiating /home/travis/build/icyphy/ptII/ptolemy/actor/lib/test/auto/SubscriptionAggregator.xml
2 ms. Memory: 612352K Free: 415876K (68%)
----------------- Invoking toplevel() on ptolemy.moml.MoMLSimpleApplication@29e7136d
----------------- Done invoking toplevel() on ptolemy.moml.MoMLSimpleApplication@29e7136d
reloadAllAccessors: .SubscriptionAggregator

===========================================================================================
----------------- testing Wed May 20 14:28:27 UTC 2020 /home/travis/build/icyphy/ptII/ptolemy/actor/lib/test/auto/SubscriptionAggregator2.xml
----------------- Instantiating /home/travis/build/icyphy/ptII/ptolemy/actor/lib/test/auto/SubscriptionAggregator2.xml
2 ms. Memory: 612352K Free: 409212K (67%)
----------------- Invoking toplevel() on ptolemy.moml.MoMLSimpleApplication@1a0ae005
----------------- Done invoking toplevel() on ptolemy.moml.MoMLSimpleApplication@1a0ae005
reloadAllAccessors: .SubscriptionAggregator2

===========================================================================================
----------------- testing Wed May 20 14:28:27 UTC 2020 /home/travis/build/icyphy/ptII/ptolemy/actor/lib/test/auto/SubscriptionAggregator3.xml
----------------- Instantiating /home/travis/build/icyphy/ptII/ptolemy/actor/lib/test/auto/SubscriptionAggregator3.xml
3 ms. Memory: 612352K Free: 400516K (65%)
----------------- Invoking toplevel() on ptolemy.moml.MoMLSimpleApplication@78a2b44d
----------------- Done invoking toplevel() on ptolemy.moml.MoMLSimpleApplication@78a2b44d
reloadAllAccessors: .SubscriptionAggregator3

===========================================================================================
----------------- testing Wed May 20 14:28:27 UTC 2020 /home/travis/build/icyphy/ptII/ptolemy/actor/lib/test/auto/SubscriptionAggregatorMultiply.xml
----------------- Instantiating /home/travis/build/icyphy/ptII/ptolemy/actor/lib/test/auto/SubscriptionAggregatorMultiply.xml
3 ms. Memory: 612352K Free: 391300K (64%)
----------------- Invoking toplevel() on ptolemy.moml.MoMLSimpleApplication@7f61054c
----------------- Done invoking toplevel() on ptolemy.moml.MoMLSimpleApplication@7f61054c
reloadAllAccessors: .SubscriptionAggregatorMultiply

===========================================================================================
----------------- testing Wed May 20 14:28:27 UTC 2020 /home/travis/build/icyphy/ptII/ptolemy/actor/lib/test/auto/SubscriptionAggregatorPortMultiply1.xml
----------------- Instantiating /home/travis/build/icyphy/ptII/ptolemy/actor/lib/test/auto/SubscriptionAggregatorPortMultiply1.xml
4 ms. Memory: 612352K Free: 383108K (63%)
----------------- Invoking toplevel() on ptolemy.moml.MoMLSimpleApplication@7a02126c
----------------- Done invoking toplevel() on ptolemy.moml.MoMLSimpleApplication@7a02126c
reloadAllAccessors: .SubscriptionAggregatorPortMultiply1

===========================================================================================
----------------- testing Wed May 20 14:28:27 UTC 2020 /home/travis/build/icyphy/ptII/ptolemy/actor/lib/test/auto/Switch.xml
----------------- Instantiating /home/travis/build/icyphy/ptII/ptolemy/actor/lib/test/auto/Switch.xml
6 ms. Memory: 612352K Free: 374916K (61%)
----------------- Invoking toplevel() on ptolemy.moml.MoMLSimpleApplication@6576f4b1
----------------- Done invoking toplevel() on ptolemy.moml.MoMLSimpleApplication@6576f4b1
reloadAllAccessors: .Switch

===========================================================================================
----------------- testing Wed May 20 14:28:27 UTC 2020 /home/travis/build/icyphy/ptII/ptolemy/actor/lib/test/auto/Switch2.xml
----------------- Instantiating /home/travis/build/icyphy/ptII/ptolemy/actor/lib/test/auto/Switch2.xml
1 ms. Memory: 612352K Free: 370306K (60%)
----------------- Invoking toplevel() on ptolemy.moml.MoMLSimpleApplication@5d8c3f3e
----------------- Done invoking toplevel() on ptolemy.moml.MoMLSimpleApplication@5d8c3f3e
reloadAllAccessors: .Switch2

===========================================================================================
----------------- testing Wed May 20 14:28:27 UTC 2020 /home/travis/build/icyphy/ptII/ptolemy/actor/lib/test/auto/SwitchDE.xml
----------------- Instantiating /home/travis/build/icyphy/ptII/ptolemy/actor/lib/test/auto/SwitchDE.xml
2 ms. Memory: 612352K Free: 363652K (59%)
----------------- Invoking toplevel() on ptolemy.moml.MoMLSimpleApplication@484b05b
----------------- Done invoking toplevel() on ptolemy.moml.MoMLSimpleApplication@484b05b
reloadAllAccessors: .SwitchDE

===========================================================================================
----------------- testing Wed May 20 14:28:27 UTC 2020 /home/travis/build/icyphy/ptII/ptolemy/actor/lib/test/auto/SynchronizerDE.xml
----------------- Instantiating /home/travis/build/icyphy/ptII/ptolemy/actor/lib/test/auto/SynchronizerDE.xml
5 ms. Memory: 612352K Free: 355460K (58%)
----------------- Invoking toplevel() on ptolemy.moml.MoMLSimpleApplication@72be6e12
----------------- Done invoking toplevel() on ptolemy.moml.MoMLSimpleApplication@72be6e12
reloadAllAccessors: .SynchronizerDE

===========================================================================================
----------------- testing Wed May 20 14:28:27 UTC 2020 /home/travis/build/icyphy/ptII/ptolemy/actor/lib/test/auto/Test.xml
----------------- Instantiating /home/travis/build/icyphy/ptII/ptolemy/actor/lib/test/auto/Test.xml
1 ms. Memory: 612352K Free: 350340K (57%)
----------------- Invoking toplevel() on ptolemy.moml.MoMLSimpleApplication@7fa179a9
----------------- Done invoking toplevel() on ptolemy.moml.MoMLSimpleApplication@7fa179a9
reloadAllAccessors: .Test

===========================================================================================
----------------- testing Wed May 20 14:28:27 UTC 2020 /home/travis/build/icyphy/ptII/ptolemy/actor/lib/test/auto/TestExceptionAttribute1.xml
----------------- Instantiating /home/travis/build/icyphy/ptII/ptolemy/actor/lib/test/auto/TestExceptionAttribute1.xml
1 ms. Memory: 612352K Free: 346754K (57%)
----------------- Invoking toplevel() on ptolemy.moml.MoMLSimpleApplication@1413ded5
----------------- Done invoking toplevel() on ptolemy.moml.MoMLSimpleApplication@1413ded5
reloadAllAccessors: .TestExceptionAttribute1

===========================================================================================
----------------- testing Wed May 20 14:28:27 UTC 2020 /home/travis/build/icyphy/ptII/ptolemy/actor/lib/test/auto/TestExceptionAttribute2.xml
----------------- Instantiating /home/travis/build/icyphy/ptII/ptolemy/actor/lib/test/auto/TestExceptionAttribute2.xml
1 ms. Memory: 612352K Free: 342658K (56%)
----------------- Invoking toplevel() on ptolemy.moml.MoMLSimpleApplication@739099aa
----------------- Done invoking toplevel() on ptolemy.moml.MoMLSimpleApplication@739099aa
reloadAllAccessors: .TestExceptionAttribute2

===========================================================================================
----------------- testing Wed May 20 14:28:27 UTC 2020 /home/travis/build/icyphy/ptII/ptolemy/actor/lib/test/auto/TestExceptionAttribute3.xml
----------------- Instantiating /home/travis/build/icyphy/ptII/ptolemy/actor/lib/test/auto/TestExceptionAttribute3.xml
.TestExceptionAttribute3.TestExceptionAttribute: initialize() was not invoked, but wrapup() was.  This is unusual, but not always a problem.  For example, exporting JNLP will do this.
1 ms. Memory: 612352K Free: 339076K (55%)
----------------- Invoking toplevel() on ptolemy.moml.MoMLSimpleApplication@34b67c7b
----------------- Done invoking toplevel() on ptolemy.moml.MoMLSimpleApplication@34b67c7b
reloadAllAccessors: .TestExceptionAttribute3

===========================================================================================
----------------- testing Wed May 20 14:28:27 UTC 2020 /home/travis/build/icyphy/ptII/ptolemy/actor/lib/test/auto/TestExceptionAttribute4.xml
----------------- Instantiating /home/travis/build/icyphy/ptII/ptolemy/actor/lib/test/auto/TestExceptionAttribute4.xml
.TestExceptionAttribute4.TestExceptionAttribute: initialize() was not invoked, but wrapup() was.  This is unusual, but not always a problem.  For example, exporting JNLP will do this.
.TestExceptionAttribute4.TestExceptionAttribute2: initialize() was not invoked, but wrapup() was.  This is unusual, but not always a problem.  For example, exporting JNLP will do this.
1 ms. Memory: 612352K Free: 334980K (55%)
----------------- Invoking toplevel() on ptolemy.moml.MoMLSimpleApplication@68e9cf70
----------------- Done invoking toplevel() on ptolemy.moml.MoMLSimpleApplication@68e9cf70
reloadAllAccessors: .TestExceptionAttribute4

===========================================================================================
----------------- testing Wed May 20 14:28:27 UTC 2020 /home/travis/build/icyphy/ptII/ptolemy/actor/lib/test/auto/TestExceptionHandler1.xml
----------------- Instantiating /home/travis/build/icyphy/ptII/ptolemy/actor/lib/test/auto/TestExceptionHandler1.xml
0 ms. Memory: 612352K Free: 330884K (54%)
----------------- Invoking toplevel() on ptolemy.moml.MoMLSimpleApplication@259fe1b1
----------------- Done invoking toplevel() on ptolemy.moml.MoMLSimpleApplication@259fe1b1
reloadAllAccessors: .TestExceptionHandler1

===========================================================================================
----------------- testing Wed May 20 14:28:27 UTC 2020 /home/travis/build/icyphy/ptII/ptolemy/actor/lib/test/auto/TestExceptionHandler2.xml
----------------- Instantiating /home/travis/build/icyphy/ptII/ptolemy/actor/lib/test/auto/TestExceptionHandler2.xml
0 ms. Memory: 612352K Free: 327298K (53%)
----------------- Invoking toplevel() on ptolemy.moml.MoMLSimpleApplication@5a0a4f15
----------------- Done invoking toplevel() on ptolemy.moml.MoMLSimpleApplication@5a0a4f15
reloadAllAccessors: .TestExceptionHandler2

===========================================================================================
----------------- testing Wed May 20 14:28:27 UTC 2020 /home/travis/build/icyphy/ptII/ptolemy/actor/lib/test/auto/TestExceptionHandler3.xml
----------------- Instantiating /home/travis/build/icyphy/ptII/ptolemy/actor/lib/test/auto/TestExceptionHandler3.xml
1 ms. Memory: 612352K Free: 323716K (53%)
----------------- Invoking toplevel() on ptolemy.moml.MoMLSimpleApplication@521cb173
----------------- Done invoking toplevel() on ptolemy.moml.MoMLSimpleApplication@521cb173
reloadAllAccessors: .TestExceptionHandler3

===========================================================================================
----------------- testing Wed May 20 14:28:27 UTC 2020 /home/travis/build/icyphy/ptII/ptolemy/actor/lib/test/auto/TestExceptionHandler4.xml
----------------- Instantiating /home/travis/build/icyphy/ptII/ptolemy/actor/lib/test/auto/TestExceptionHandler4.xml
1 ms. Memory: 612352K Free: 319620K (52%)
----------------- Invoking toplevel() on ptolemy.moml.MoMLSimpleApplication@384653f5
----------------- Done invoking toplevel() on ptolemy.moml.MoMLSimpleApplication@384653f5
reloadAllAccessors: .TestExceptionHandler4

===========================================================================================
----------------- testing Wed May 20 14:28:27 UTC 2020 /home/travis/build/icyphy/ptII/ptolemy/actor/lib/test/auto/TestRequireCorrectOrder.xml
----------------- Instantiating /home/travis/build/icyphy/ptII/ptolemy/actor/lib/test/auto/TestRequireCorrectOrder.xml
10 ms. Memory: 612352K Free: 313972K (51%)
----------------- Invoking toplevel() on ptolemy.moml.MoMLSimpleApplication@1f7a80a6
----------------- Done invoking toplevel() on ptolemy.moml.MoMLSimpleApplication@1f7a80a6
reloadAllAccessors: .TestRequireCorrectOrder

===========================================================================================
----------------- testing Wed May 20 14:28:27 UTC 2020 /home/travis/build/icyphy/ptII/ptolemy/actor/lib/test/auto/TestSimple.xml
----------------- Instantiating /home/travis/build/icyphy/ptII/ptolemy/actor/lib/test/auto/TestSimple.xml
1 ms. Memory: 612352K Free: 309890K (51%)
----------------- Invoking toplevel() on ptolemy.moml.MoMLSimpleApplication@9a20961
----------------- Done invoking toplevel() on ptolemy.moml.MoMLSimpleApplication@9a20961
reloadAllAccessors: .TestSimple

===========================================================================================
----------------- testing Wed May 20 14:28:28 UTC 2020 /home/travis/build/icyphy/ptII/ptolemy/actor/lib/test/auto/ThrowModelError.xml
----------------- Instantiating /home/travis/build/icyphy/ptII/ptolemy/actor/lib/test/auto/ThrowModelError.xml
2 ms. Memory: 612352K Free: 305284K (50%)
----------------- Invoking toplevel() on ptolemy.moml.MoMLSimpleApplication@5a5128b5
----------------- Done invoking toplevel() on ptolemy.moml.MoMLSimpleApplication@5a5128b5
reloadAllAccessors: .ThrowModelError

===========================================================================================
----------------- testing Wed May 20 14:28:28 UTC 2020 /home/travis/build/icyphy/ptII/ptolemy/actor/lib/test/auto/TimeDelayMicrosteps.xml
----------------- Instantiating /home/travis/build/icyphy/ptII/ptolemy/actor/lib/test/auto/TimeDelayMicrosteps.xml
4 ms. Memory: 612352K Free: 298116K (49%)
----------------- Invoking toplevel() on ptolemy.moml.MoMLSimpleApplication@415577f9
----------------- Done invoking toplevel() on ptolemy.moml.MoMLSimpleApplication@415577f9
reloadAllAccessors: .TimeDelayMicrosteps

===========================================================================================
----------------- testing Wed May 20 14:28:28 UTC 2020 /home/travis/build/icyphy/ptII/ptolemy/actor/lib/test/auto/TimeDelayMicrosteps2.xml
----------------- Instantiating /home/travis/build/icyphy/ptII/ptolemy/actor/lib/test/auto/TimeDelayMicrosteps2.xml
3 ms. Memory: 612352K Free: 290948K (48%)
----------------- Invoking toplevel() on ptolemy.moml.MoMLSimpleApplication@5e50d360
----------------- Done invoking toplevel() on ptolemy.moml.MoMLSimpleApplication@5e50d360
reloadAllAccessors: .TimeDelayMicrosteps2

===========================================================================================
----------------- testing Wed May 20 14:28:28 UTC 2020 /home/travis/build/icyphy/ptII/ptolemy/actor/lib/test/auto/TimeDelayMicrosteps3.xml
----------------- Instantiating /home/travis/build/icyphy/ptII/ptolemy/actor/lib/test/auto/TimeDelayMicrosteps3.xml
2 ms. Memory: 612352K Free: 284260K (46%)
----------------- Invoking toplevel() on ptolemy.moml.MoMLSimpleApplication@164f4b59
----------------- Done invoking toplevel() on ptolemy.moml.MoMLSimpleApplication@164f4b59
reloadAllAccessors: .TimeDelayMicrosteps3

===========================================================================================
----------------- testing Wed May 20 14:28:28 UTC 2020 /home/travis/build/icyphy/ptII/ptolemy/actor/lib/test/auto/TimeDelayVariableMicrosteps.xml
----------------- Instantiating /home/travis/build/icyphy/ptII/ptolemy/actor/lib/test/auto/TimeDelayVariableMicrosteps.xml
3 ms. Memory: 612352K Free: 277636K (45%)
----------------- Invoking toplevel() on ptolemy.moml.MoMLSimpleApplication@3b181275
----------------- Done invoking toplevel() on ptolemy.moml.MoMLSimpleApplication@3b181275
reloadAllAccessors: .TimeDelayVariableMicrosteps

===========================================================================================
----------------- testing Wed May 20 14:28:28 UTC 2020 /home/travis/build/icyphy/ptII/ptolemy/actor/lib/test/auto/TimeGap.xml
----------------- Instantiating /home/travis/build/icyphy/ptII/ptolemy/actor/lib/test/auto/TimeGap.xml
3 ms. Memory: 612352K Free: 272516K (45%)
----------------- Invoking toplevel() on ptolemy.moml.MoMLSimpleApplication@31cf4803
----------------- Done invoking toplevel() on ptolemy.moml.MoMLSimpleApplication@31cf4803
reloadAllAccessors: .TimeGap

===========================================================================================
----------------- testing Wed May 20 14:28:28 UTC 2020 /home/travis/build/icyphy/ptII/ptolemy/actor/lib/test/auto/TimeGap2.xml
----------------- Instantiating /home/travis/build/icyphy/ptII/ptolemy/actor/lib/test/auto/TimeGap2.xml
1 ms. Memory: 612352K Free: 266852K (44%)
----------------- Invoking toplevel() on ptolemy.moml.MoMLSimpleApplication@3db96394
----------------- Done invoking toplevel() on ptolemy.moml.MoMLSimpleApplication@3db96394
reloadAllAccessors: .TimeGap2

===========================================================================================
----------------- testing Wed May 20 14:28:28 UTC 2020 /home/travis/build/icyphy/ptII/ptolemy/actor/lib/test/auto/TimedSinewave.xml
----------------- Instantiating /home/travis/build/icyphy/ptII/ptolemy/actor/lib/test/auto/TimedSinewave.xml
24 ms. Memory: 612352K Free: 252036K (41%)
----------------- Invoking toplevel() on ptolemy.moml.MoMLSimpleApplication@263055ad
----------------- Done invoking toplevel() on ptolemy.moml.MoMLSimpleApplication@263055ad
reloadAllAccessors: .TimedSinewave

===========================================================================================
----------------- testing Wed May 20 14:28:28 UTC 2020 /home/travis/build/icyphy/ptII/ptolemy/actor/lib/test/auto/TimedSinewavePhase.xml
----------------- Instantiating /home/travis/build/icyphy/ptII/ptolemy/actor/lib/test/auto/TimedSinewavePhase.xml
9 ms. Memory: 612352K Free: 242306K (40%)
----------------- Invoking toplevel() on ptolemy.moml.MoMLSimpleApplication@39c98633
----------------- Done invoking toplevel() on ptolemy.moml.MoMLSimpleApplication@39c98633
reloadAllAccessors: .TimedSinewavePhase

===========================================================================================
----------------- testing Wed May 20 14:28:28 UTC 2020 /home/travis/build/icyphy/ptII/ptolemy/actor/lib/test/auto/Timer.xml
----------------- Instantiating /home/travis/build/icyphy/ptII/ptolemy/actor/lib/test/auto/Timer.xml
3 ms. Memory: 612352K Free: 236676K (39%)
----------------- Invoking toplevel() on ptolemy.moml.MoMLSimpleApplication@788a6eac
----------------- Done invoking toplevel() on ptolemy.moml.MoMLSimpleApplication@788a6eac
reloadAllAccessors: .Timer

===========================================================================================
----------------- testing Wed May 20 14:28:28 UTC 2020 /home/travis/build/icyphy/ptII/ptolemy/actor/lib/test/auto/TriangularDistTestModel.xml
----------------- Instantiating /home/travis/build/icyphy/ptII/ptolemy/actor/lib/test/auto/TriangularDistTestModel.xml
2 ms. Memory: 612352K Free: 230532K (38%)
----------------- Invoking toplevel() on ptolemy.moml.MoMLSimpleApplication@4cdaf2c1
----------------- Done invoking toplevel() on ptolemy.moml.MoMLSimpleApplication@4cdaf2c1
reloadAllAccessors: .TriangularDistTestModel

===========================================================================================
----------------- testing Wed May 20 14:28:28 UTC 2020 /home/travis/build/icyphy/ptII/ptolemy/actor/lib/test/auto/TrigFunction.xml
----------------- Instantiating /home/travis/build/icyphy/ptII/ptolemy/actor/lib/test/auto/TrigFunction.xml
2 ms. Memory: 612352K Free: 225922K (37%)
----------------- Invoking toplevel() on ptolemy.moml.MoMLSimpleApplication@2bce4803
----------------- Done invoking toplevel() on ptolemy.moml.MoMLSimpleApplication@2bce4803
reloadAllAccessors: .TrigFunction

===========================================================================================
----------------- testing Wed May 20 14:28:28 UTC 2020 /home/travis/build/icyphy/ptII/ptolemy/actor/lib/test/auto/TrigFunctionDE.xml
----------------- Instantiating /home/travis/build/icyphy/ptII/ptolemy/actor/lib/test/auto/TrigFunctionDE.xml
2 ms. Memory: 612352K Free: 220292K (36%)
----------------- Invoking toplevel() on ptolemy.moml.MoMLSimpleApplication@35125ce
----------------- Done invoking toplevel() on ptolemy.moml.MoMLSimpleApplication@35125ce
reloadAllAccessors: .TrigFunctionDE

===========================================================================================
----------------- testing Wed May 20 14:28:28 UTC 2020 /home/travis/build/icyphy/ptII/ptolemy/actor/lib/test/auto/TrigFunctionInverse.xml
----------------- Instantiating /home/travis/build/icyphy/ptII/ptolemy/actor/lib/test/auto/TrigFunctionInverse.xml
2 ms. Memory: 612352K Free: 214658K (35%)
----------------- Invoking toplevel() on ptolemy.moml.MoMLSimpleApplication@6399748d
----------------- Done invoking toplevel() on ptolemy.moml.MoMLSimpleApplication@6399748d
reloadAllAccessors: .TrigFunctionInverse

===========================================================================================
----------------- testing Wed May 20 14:28:28 UTC 2020 /home/travis/build/icyphy/ptII/ptolemy/actor/lib/test/auto/TrigFunctionTan.xml
----------------- Instantiating /home/travis/build/icyphy/ptII/ptolemy/actor/lib/test/auto/TrigFunctionTan.xml
1 ms. Memory: 612352K Free: 210562K (34%)
----------------- Invoking toplevel() on ptolemy.moml.MoMLSimpleApplication@421fdc4a
----------------- Done invoking toplevel() on ptolemy.moml.MoMLSimpleApplication@421fdc4a
reloadAllAccessors: .TrigFunctionTan

===========================================================================================
----------------- testing Wed May 20 14:28:28 UTC 2020 /home/travis/build/icyphy/ptII/ptolemy/actor/lib/test/auto/TriggeredClock.xml
----------------- Instantiating /home/travis/build/icyphy/ptII/ptolemy/actor/lib/test/auto/TriggeredClock.xml
41 ms. Memory: 612352K Free: 560488K (92%)
----------------- Invoking toplevel() on ptolemy.moml.MoMLSimpleApplication@2c707c82
----------------- Done invoking toplevel() on ptolemy.moml.MoMLSimpleApplication@2c707c82
reloadAllAccessors: .TriggeredClock

===========================================================================================
----------------- testing Wed May 20 14:28:28 UTC 2020 /home/travis/build/icyphy/ptII/ptolemy/actor/lib/test/auto/URLDirectoryReader.xml
----------------- Instantiating /home/travis/build/icyphy/ptII/ptolemy/actor/lib/test/auto/URLDirectoryReader.xml
28 ms. Memory: 612352K Free: 550018K (90%)
----------------- Invoking toplevel() on ptolemy.moml.MoMLSimpleApplication@4e1fb600
----------------- Done invoking toplevel() on ptolemy.moml.MoMLSimpleApplication@4e1fb600
reloadAllAccessors: .URLDirectoryReader

===========================================================================================
----------------- testing Wed May 20 14:28:28 UTC 2020 /home/travis/build/icyphy/ptII/ptolemy/actor/lib/test/auto/URLDirectoryReader3.xml
----------------- Instantiating /home/travis/build/icyphy/ptII/ptolemy/actor/lib/test/auto/URLDirectoryReader3.xml
1373 ms. Memory: 612352K Free: 551555K (90%)
----------------- Invoking toplevel() on ptolemy.moml.MoMLSimpleApplication@1d23d119
----------------- Done invoking toplevel() on ptolemy.moml.MoMLSimpleApplication@1d23d119
reloadAllAccessors: .URLDirectoryReader3

===========================================================================================
----------------- testing Wed May 20 14:28:30 UTC 2020 /home/travis/build/icyphy/ptII/ptolemy/actor/lib/test/auto/UnaryMathFunction.xml
----------------- Instantiating /home/travis/build/icyphy/ptII/ptolemy/actor/lib/test/auto/UnaryMathFunction.xml
2 ms. Memory: 612352K Free: 543362K (89%)
----------------- Invoking toplevel() on ptolemy.moml.MoMLSimpleApplication@3f59eb8d
----------------- Done invoking toplevel() on ptolemy.moml.MoMLSimpleApplication@3f59eb8d
reloadAllAccessors: .UnaryMathFunction

===========================================================================================
----------------- testing Wed May 20 14:28:30 UTC 2020 /home/travis/build/icyphy/ptII/ptolemy/actor/lib/test/auto/Uniform.xml
----------------- Instantiating /home/travis/build/icyphy/ptII/ptolemy/actor/lib/test/auto/Uniform.xml
4 ms. Memory: 612352K Free: 538756K (88%)
----------------- Invoking toplevel() on ptolemy.moml.MoMLSimpleApplication@63a6466b
----------------- Done invoking toplevel() on ptolemy.moml.MoMLSimpleApplication@63a6466b
reloadAllAccessors: .Uniform

===========================================================================================
----------------- testing Wed May 20 14:28:30 UTC 2020 /home/travis/build/icyphy/ptII/ptolemy/actor/lib/test/auto/UnionDisassemblerTest.xml
----------------- Instantiating /home/travis/build/icyphy/ptII/ptolemy/actor/lib/test/auto/UnionDisassemblerTest.xml
17 ms. Memory: 612352K Free: 534660K (87%)
----------------- Invoking toplevel() on ptolemy.moml.MoMLSimpleApplication@61ad5a90
----------------- Done invoking toplevel() on ptolemy.moml.MoMLSimpleApplication@61ad5a90
reloadAllAccessors: .UnionDisassemblerTest

===========================================================================================
----------------- testing Wed May 20 14:28:30 UTC 2020 /home/travis/build/icyphy/ptII/ptolemy/actor/lib/test/auto/UtilityFunctions.xml
----------------- Instantiating /home/travis/build/icyphy/ptII/ptolemy/actor/lib/test/auto/UtilityFunctions.xml
1 ms. Memory: 612352K Free: 530564K (87%)
----------------- Invoking toplevel() on ptolemy.moml.MoMLSimpleApplication@684f16a4
----------------- Done invoking toplevel() on ptolemy.moml.MoMLSimpleApplication@684f16a4
reloadAllAccessors: .UtilityFunctions

===========================================================================================
----------------- testing Wed May 20 14:28:30 UTC 2020 /home/travis/build/icyphy/ptII/ptolemy/actor/lib/test/auto/VariableSleep.xml
----------------- Instantiating /home/travis/build/icyphy/ptII/ptolemy/actor/lib/test/auto/VariableSleep.xml
504 ms. Memory: 612352K Free: 525444K (86%)
----------------- Invoking toplevel() on ptolemy.moml.MoMLSimpleApplication@1621e141
----------------- Done invoking toplevel() on ptolemy.moml.MoMLSimpleApplication@1621e141
reloadAllAccessors: .VariableSleep

===========================================================================================
----------------- testing Wed May 20 14:28:30 UTC 2020 /home/travis/build/icyphy/ptII/ptolemy/actor/lib/test/auto/VectorAssemblerDisassemblerCT.xml
----------------- Instantiating /home/travis/build/icyphy/ptII/ptolemy/actor/lib/test/auto/VectorAssemblerDisassemblerCT.xml
66 ms. Memory: 612352K Free: 504450K (82%)
----------------- Invoking toplevel() on ptolemy.moml.MoMLSimpleApplication@587f7ea8
----------------- Done invoking toplevel() on ptolemy.moml.MoMLSimpleApplication@587f7ea8
reloadAllAccessors: .VectorAssemblerDisassemblerCT

===========================================================================================
----------------- testing Wed May 20 14:28:30 UTC 2020 /home/travis/build/icyphy/ptII/ptolemy/actor/lib/test/auto/VectorAssemblerDisassemblerDE.xml
----------------- Instantiating /home/travis/build/icyphy/ptII/ptolemy/actor/lib/test/auto/VectorAssemblerDisassemblerDE.xml
3 ms. Memory: 612352K Free: 497282K (81%)
----------------- Invoking toplevel() on ptolemy.moml.MoMLSimpleApplication@4a413c2b
----------------- Done invoking toplevel() on ptolemy.moml.MoMLSimpleApplication@4a413c2b
reloadAllAccessors: .VectorAssemblerDisassemblerDE

===========================================================================================
----------------- testing Wed May 20 14:28:30 UTC 2020 /home/travis/build/icyphy/ptII/ptolemy/actor/lib/test/auto/VectorAssemblerDisassemblerSDF.xml
----------------- Instantiating /home/travis/build/icyphy/ptII/ptolemy/actor/lib/test/auto/VectorAssemblerDisassemblerSDF.xml
3 ms. Memory: 612352K Free: 490628K (80%)
----------------- Invoking toplevel() on ptolemy.moml.MoMLSimpleApplication@747813df
----------------- Done invoking toplevel() on ptolemy.moml.MoMLSimpleApplication@747813df
reloadAllAccessors: .VectorAssemblerDisassemblerSDF

===========================================================================================
----------------- testing Wed May 20 14:28:30 UTC 2020 /home/travis/build/icyphy/ptII/ptolemy/actor/lib/test/auto/WallClockTime.xml
----------------- Instantiating /home/travis/build/icyphy/ptII/ptolemy/actor/lib/test/auto/WallClockTime.xml
1003 ms. Memory: 612352K Free: 484994K (79%)
----------------- Invoking toplevel() on ptolemy.moml.MoMLSimpleApplication@6f2f0728
----------------- Done invoking toplevel() on ptolemy.moml.MoMLSimpleApplication@6f2f0728
reloadAllAccessors: .WallClockTime

===========================================================================================
----------------- testing Wed May 20 14:28:31 UTC 2020 /home/travis/build/icyphy/ptII/ptolemy/actor/lib/test/auto/WidthTestWithSubscriberPublisher.xml
----------------- Instantiating /home/travis/build/icyphy/ptII/ptolemy/actor/lib/test/auto/WidthTestWithSubscriberPublisher.xml
6 ms. Memory: 612352K Free: 467076K (76%)
----------------- Invoking toplevel() on ptolemy.moml.MoMLSimpleApplication@67787331
----------------- Done invoking toplevel() on ptolemy.moml.MoMLSimpleApplication@67787331
reloadAllAccessors: .WidthTestWithSubscriberPublisher

===========================================================================================
----------------- testing Wed May 20 14:28:31 UTC 2020 /home/travis/build/icyphy/ptII/ptolemy/actor/lib/test/auto/WidthTestWithSubscriberPublisher2.xml
----------------- Instantiating /home/travis/build/icyphy/ptII/ptolemy/actor/lib/test/auto/WidthTestWithSubscriberPublisher2.xml
2 ms. Memory: 612352K Free: 460932K (75%)
----------------- Invoking toplevel() on ptolemy.moml.MoMLSimpleApplication@5577b009
----------------- Done invoking toplevel() on ptolemy.moml.MoMLSimpleApplication@5577b009
reloadAllAccessors: .WidthTestWithSubscriberPublisher2

===========================================================================================
----------------- testing Wed May 20 14:28:31 UTC 2020 /home/travis/build/icyphy/ptII/ptolemy/actor/lib/test/auto/WidthTestWithSubscriberPublisher3.xml
----------------- Instantiating /home/travis/build/icyphy/ptII/ptolemy/actor/lib/test/auto/WidthTestWithSubscriberPublisher3.xml
2 ms. Memory: 612352K Free: 454788K (74%)
----------------- Invoking toplevel() on ptolemy.moml.MoMLSimpleApplication@32f0410b
----------------- Done invoking toplevel() on ptolemy.moml.MoMLSimpleApplication@32f0410b
reloadAllAccessors: .WidthTestWithSubscriberPublisher3

===========================================================================================
----------------- testing Wed May 20 14:28:31 UTC 2020 /home/travis/build/icyphy/ptII/ptolemy/actor/lib/test/auto/Writer.xml
----------------- Instantiating /home/travis/build/icyphy/ptII/ptolemy/actor/lib/test/auto/Writer.xml
0
1
2
3
4
1 ms. Memory: 612352K Free: 450692K (74%)
----------------- Invoking toplevel() on ptolemy.moml.MoMLSimpleApplication@66083561
----------------- Done invoking toplevel() on ptolemy.moml.MoMLSimpleApplication@66083561
reloadAllAccessors: .Writer

===========================================================================================
----------------- testing Wed May 20 14:28:31 UTC 2020 /home/travis/build/icyphy/ptII/ptolemy/actor/lib/test/auto/array.xml
----------------- Instantiating /home/travis/build/icyphy/ptII/ptolemy/actor/lib/test/auto/array.xml
1 ms. Memory: 612352K Free: 446082K (73%)
----------------- Invoking toplevel() on ptolemy.moml.MoMLSimpleApplication@21210416
----------------- Done invoking toplevel() on ptolemy.moml.MoMLSimpleApplication@21210416
reloadAllAccessors: .array

===========================================================================================
----------------- testing Wed May 20 14:28:31 UTC 2020 /home/travis/build/icyphy/ptII/ptolemy/actor/lib/test/auto/array2.xml
----------------- Instantiating /home/travis/build/icyphy/ptII/ptolemy/actor/lib/test/auto/array2.xml
14 ms. Memory: 612352K Free: 440452K (72%)
----------------- Invoking toplevel() on ptolemy.moml.MoMLSimpleApplication@339b5188
----------------- Done invoking toplevel() on ptolemy.moml.MoMLSimpleApplication@339b5188
reloadAllAccessors: .array2

===========================================================================================
----------------- testing Wed May 20 14:28:31 UTC 2020 /home/travis/build/icyphy/ptII/ptolemy/actor/lib/test/auto/arrayType.xml
----------------- Instantiating /home/travis/build/icyphy/ptII/ptolemy/actor/lib/test/auto/arrayType.xml
1 ms. Memory: 612352K Free: 435332K (71%)
----------------- Invoking toplevel() on ptolemy.moml.MoMLSimpleApplication@2a6f43e0
----------------- Done invoking toplevel() on ptolemy.moml.MoMLSimpleApplication@2a6f43e0
reloadAllAccessors: .arrayType

===========================================================================================
----------------- testing Wed May 20 14:28:31 UTC 2020 /home/travis/build/icyphy/ptII/ptolemy/actor/lib/test/auto/arrayType10.xml
----------------- Instantiating /home/travis/build/icyphy/ptII/ptolemy/actor/lib/test/auto/arrayType10.xml
1 ms. Memory: 612352K Free: 430722K (70%)
----------------- Invoking toplevel() on ptolemy.moml.MoMLSimpleApplication@6b9056f2
----------------- Done invoking toplevel() on ptolemy.moml.MoMLSimpleApplication@6b9056f2
reloadAllAccessors: .arrayType10

===========================================================================================
----------------- testing Wed May 20 14:28:31 UTC 2020 /home/travis/build/icyphy/ptII/ptolemy/actor/lib/test/auto/arrayType11.xml
----------------- Instantiating /home/travis/build/icyphy/ptII/ptolemy/actor/lib/test/auto/arrayType11.xml
2 ms. Memory: 612352K Free: 425602K (70%)
----------------- Invoking toplevel() on ptolemy.moml.MoMLSimpleApplication@6c82849
----------------- Done invoking toplevel() on ptolemy.moml.MoMLSimpleApplication@6c82849
reloadAllAccessors: .arrayType11

===========================================================================================
----------------- testing Wed May 20 14:28:31 UTC 2020 /home/travis/build/icyphy/ptII/ptolemy/actor/lib/test/auto/arrayType12.xml
----------------- Instantiating /home/travis/build/icyphy/ptII/ptolemy/actor/lib/test/auto/arrayType12.xml
6 ms. Memory: 612352K Free: 420996K (69%)
----------------- Invoking toplevel() on ptolemy.moml.MoMLSimpleApplication@7e1de333
----------------- Done invoking toplevel() on ptolemy.moml.MoMLSimpleApplication@7e1de333
reloadAllAccessors: .arrayType12

===========================================================================================
----------------- testing Wed May 20 14:28:32 UTC 2020 /home/travis/build/icyphy/ptII/ptolemy/actor/lib/test/auto/arrayType13.xml
----------------- Instantiating /home/travis/build/icyphy/ptII/ptolemy/actor/lib/test/auto/arrayType13.xml
1 ms. Memory: 612352K Free: 415876K (68%)
----------------- Invoking toplevel() on ptolemy.moml.MoMLSimpleApplication@65dff212
----------------- Done invoking toplevel() on ptolemy.moml.MoMLSimpleApplication@65dff212
reloadAllAccessors: .arrayType13

===========================================================================================
----------------- testing Wed May 20 14:28:32 UTC 2020 /home/travis/build/icyphy/ptII/ptolemy/actor/lib/test/auto/arrayType14.xml
----------------- Instantiating /home/travis/build/icyphy/ptII/ptolemy/actor/lib/test/auto/arrayType14.xml
1 ms. Memory: 612352K Free: 410242K (67%)
----------------- Invoking toplevel() on ptolemy.moml.MoMLSimpleApplication@686304f0
----------------- Done invoking toplevel() on ptolemy.moml.MoMLSimpleApplication@686304f0
reloadAllAccessors: .arrayType14

===========================================================================================
----------------- testing Wed May 20 14:28:32 UTC 2020 /home/travis/build/icyphy/ptII/ptolemy/actor/lib/test/auto/arrayType15.xml
----------------- Instantiating /home/travis/build/icyphy/ptII/ptolemy/actor/lib/test/auto/arrayType15.xml
2 ms. Memory: 612352K Free: 405122K (66%)
----------------- Invoking toplevel() on ptolemy.moml.MoMLSimpleApplication@5173efa0
----------------- Done invoking toplevel() on ptolemy.moml.MoMLSimpleApplication@5173efa0
reloadAllAccessors: .arrayType15

===========================================================================================
----------------- testing Wed May 20 14:28:32 UTC 2020 /home/travis/build/icyphy/ptII/ptolemy/actor/lib/test/auto/arrayType16.xml
----------------- Instantiating /home/travis/build/icyphy/ptII/ptolemy/actor/lib/test/auto/arrayType16.xml
2 ms. Memory: 612352K Free: 400002K (65%)
----------------- Invoking toplevel() on ptolemy.moml.MoMLSimpleApplication@278fb1b8
----------------- Done invoking toplevel() on ptolemy.moml.MoMLSimpleApplication@278fb1b8
reloadAllAccessors: .arrayType16

===========================================================================================
----------------- testing Wed May 20 14:28:32 UTC 2020 /home/travis/build/icyphy/ptII/ptolemy/actor/lib/test/auto/arrayType17.xml
----------------- Instantiating /home/travis/build/icyphy/ptII/ptolemy/actor/lib/test/auto/arrayType17.xml
1 ms. Memory: 612352K Free: 394372K (64%)
----------------- Invoking toplevel() on ptolemy.moml.MoMLSimpleApplication@3531b71b
----------------- Done invoking toplevel() on ptolemy.moml.MoMLSimpleApplication@3531b71b
reloadAllAccessors: .arrayType17

===========================================================================================
----------------- testing Wed May 20 14:28:32 UTC 2020 /home/travis/build/icyphy/ptII/ptolemy/actor/lib/test/auto/arrayType18.xml
----------------- Instantiating /home/travis/build/icyphy/ptII/ptolemy/actor/lib/test/auto/arrayType18.xml
1 ms. Memory: 612352K Free: 389762K (64%)
----------------- Invoking toplevel() on ptolemy.moml.MoMLSimpleApplication@54d8a6a0
----------------- Done invoking toplevel() on ptolemy.moml.MoMLSimpleApplication@54d8a6a0
reloadAllAccessors: .arrayType18

===========================================================================================
----------------- testing Wed May 20 14:28:32 UTC 2020 /home/travis/build/icyphy/ptII/ptolemy/actor/lib/test/auto/arrayType19.xml
----------------- Instantiating /home/travis/build/icyphy/ptII/ptolemy/actor/lib/test/auto/arrayType19.xml
1 ms. Memory: 612352K Free: 385156K (63%)
----------------- Invoking toplevel() on ptolemy.moml.MoMLSimpleApplication@276d45c7
----------------- Done invoking toplevel() on ptolemy.moml.MoMLSimpleApplication@276d45c7
reloadAllAccessors: .arrayType19

===========================================================================================
----------------- testing Wed May 20 14:28:32 UTC 2020 /home/travis/build/icyphy/ptII/ptolemy/actor/lib/test/auto/arrayType2.xml
----------------- Instantiating /home/travis/build/icyphy/ptII/ptolemy/actor/lib/test/auto/arrayType2.xml
1 ms. Memory: 612352K Free: 379522K (62%)
----------------- Invoking toplevel() on ptolemy.moml.MoMLSimpleApplication@323b4b86
----------------- Done invoking toplevel() on ptolemy.moml.MoMLSimpleApplication@323b4b86
reloadAllAccessors: .arrayType2

===========================================================================================
----------------- testing Wed May 20 14:28:32 UTC 2020 /home/travis/build/icyphy/ptII/ptolemy/actor/lib/test/auto/arrayType20.xml
----------------- Instantiating /home/travis/build/icyphy/ptII/ptolemy/actor/lib/test/auto/arrayType20.xml
1 ms. Memory: 612352K Free: 374916K (61%)
----------------- Invoking toplevel() on ptolemy.moml.MoMLSimpleApplication@3985baba
----------------- Done invoking toplevel() on ptolemy.moml.MoMLSimpleApplication@3985baba
reloadAllAccessors: .arrayType20

===========================================================================================
----------------- testing Wed May 20 14:28:32 UTC 2020 /home/travis/build/icyphy/ptII/ptolemy/actor/lib/test/auto/arrayType21.xml
----------------- Instantiating /home/travis/build/icyphy/ptII/ptolemy/actor/lib/test/auto/arrayType21.xml
1 ms. Memory: 612352K Free: 369796K (60%)
----------------- Invoking toplevel() on ptolemy.moml.MoMLSimpleApplication@255fe86c
----------------- Done invoking toplevel() on ptolemy.moml.MoMLSimpleApplication@255fe86c
reloadAllAccessors: .arrayType21

===========================================================================================
----------------- testing Wed May 20 14:28:32 UTC 2020 /home/travis/build/icyphy/ptII/ptolemy/actor/lib/test/auto/arrayType22.xml
----------------- Instantiating /home/travis/build/icyphy/ptII/ptolemy/actor/lib/test/auto/arrayType22.xml
1 ms. Memory: 612352K Free: 365186K (60%)
----------------- Invoking toplevel() on ptolemy.moml.MoMLSimpleApplication@36b64bf6
----------------- Done invoking toplevel() on ptolemy.moml.MoMLSimpleApplication@36b64bf6
reloadAllAccessors: .arrayType22

===========================================================================================
----------------- testing Wed May 20 14:28:32 UTC 2020 /home/travis/build/icyphy/ptII/ptolemy/actor/lib/test/auto/arrayType23.xml
----------------- Instantiating /home/travis/build/icyphy/ptII/ptolemy/actor/lib/test/auto/arrayType23.xml
2 ms. Memory: 612352K Free: 360580K (59%)
----------------- Invoking toplevel() on ptolemy.moml.MoMLSimpleApplication@672f6b51
----------------- Done invoking toplevel() on ptolemy.moml.MoMLSimpleApplication@672f6b51
reloadAllAccessors: .arrayType23

===========================================================================================
----------------- testing Wed May 20 14:28:32 UTC 2020 /home/travis/build/icyphy/ptII/ptolemy/actor/lib/test/auto/arrayType24.xml
----------------- Instantiating /home/travis/build/icyphy/ptII/ptolemy/actor/lib/test/auto/arrayType24.xml
2 ms. Memory: 612352K Free: 355460K (58%)
----------------- Invoking toplevel() on ptolemy.moml.MoMLSimpleApplication@38910359
----------------- Done invoking toplevel() on ptolemy.moml.MoMLSimpleApplication@38910359
reloadAllAccessors: .arrayType24

===========================================================================================
----------------- testing Wed May 20 14:28:32 UTC 2020 /home/travis/build/icyphy/ptII/ptolemy/actor/lib/test/auto/arrayType25.xml
----------------- Instantiating /home/travis/build/icyphy/ptII/ptolemy/actor/lib/test/auto/arrayType25.xml
1 ms. Memory: 612352K Free: 350340K (57%)
----------------- Invoking toplevel() on ptolemy.moml.MoMLSimpleApplication@341ceb24
----------------- Done invoking toplevel() on ptolemy.moml.MoMLSimpleApplication@341ceb24
reloadAllAccessors: .arrayType25

===========================================================================================
----------------- testing Wed May 20 14:28:32 UTC 2020 /home/travis/build/icyphy/ptII/ptolemy/actor/lib/test/auto/arrayType26.xml
----------------- Instantiating /home/travis/build/icyphy/ptII/ptolemy/actor/lib/test/auto/arrayType26.xml
1 ms. Memory: 612352K Free: 345220K (56%)
----------------- Invoking toplevel() on ptolemy.moml.MoMLSimpleApplication@7b21fd25
----------------- Done invoking toplevel() on ptolemy.moml.MoMLSimpleApplication@7b21fd25
reloadAllAccessors: .arrayType26

===========================================================================================
----------------- testing Wed May 20 14:28:32 UTC 2020 /home/travis/build/icyphy/ptII/ptolemy/actor/lib/test/auto/arrayType27.xml
----------------- Instantiating /home/travis/build/icyphy/ptII/ptolemy/actor/lib/test/auto/arrayType27.xml
1 ms. Memory: 612352K Free: 339586K (55%)
----------------- Invoking toplevel() on ptolemy.moml.MoMLSimpleApplication@46de0a37
----------------- Done invoking toplevel() on ptolemy.moml.MoMLSimpleApplication@46de0a37
reloadAllAccessors: .arrayType27

===========================================================================================
----------------- testing Wed May 20 14:28:32 UTC 2020 /home/travis/build/icyphy/ptII/ptolemy/actor/lib/test/auto/arrayType28.xml
----------------- Instantiating /home/travis/build/icyphy/ptII/ptolemy/actor/lib/test/auto/arrayType28.xml
1 ms. Memory: 612352K Free: 334466K (55%)
----------------- Invoking toplevel() on ptolemy.moml.MoMLSimpleApplication@98f7878
----------------- Done invoking toplevel() on ptolemy.moml.MoMLSimpleApplication@98f7878
reloadAllAccessors: .arrayType28

===========================================================================================
----------------- testing Wed May 20 14:28:32 UTC 2020 /home/travis/build/icyphy/ptII/ptolemy/actor/lib/test/auto/arrayType3.xml
----------------- Instantiating /home/travis/build/icyphy/ptII/ptolemy/actor/lib/test/auto/arrayType3.xml
7 ms. Memory: 612352K Free: 328836K (54%)
----------------- Invoking toplevel() on ptolemy.moml.MoMLSimpleApplication@5e4db58d
----------------- Done invoking toplevel() on ptolemy.moml.MoMLSimpleApplication@5e4db58d
reloadAllAccessors: .arrayType3

===========================================================================================
----------------- testing Wed May 20 14:28:32 UTC 2020 /home/travis/build/icyphy/ptII/ptolemy/actor/lib/test/auto/arrayType4.xml
----------------- Instantiating /home/travis/build/icyphy/ptII/ptolemy/actor/lib/test/auto/arrayType4.xml
1 ms. Memory: 612352K Free: 323716K (53%)
----------------- Invoking toplevel() on ptolemy.moml.MoMLSimpleApplication@2ada5d3c
----------------- Done invoking toplevel() on ptolemy.moml.MoMLSimpleApplication@2ada5d3c
reloadAllAccessors: .arrayType4

===========================================================================================
----------------- testing Wed May 20 14:28:32 UTC 2020 /home/travis/build/icyphy/ptII/ptolemy/actor/lib/test/auto/arrayType5.xml
----------------- Instantiating /home/travis/build/icyphy/ptII/ptolemy/actor/lib/test/auto/arrayType5.xml
1 ms. Memory: 612352K Free: 318596K (52%)
----------------- Invoking toplevel() on ptolemy.moml.MoMLSimpleApplication@29057000
----------------- Done invoking toplevel() on ptolemy.moml.MoMLSimpleApplication@29057000
reloadAllAccessors: .arrayType5

===========================================================================================
----------------- testing Wed May 20 14:28:32 UTC 2020 /home/travis/build/icyphy/ptII/ptolemy/actor/lib/test/auto/arrayType6.xml
----------------- Instantiating /home/travis/build/icyphy/ptII/ptolemy/actor/lib/test/auto/arrayType6.xml
1 ms. Memory: 612352K Free: 313476K (51%)
----------------- Invoking toplevel() on ptolemy.moml.MoMLSimpleApplication@5e3e7fa5
----------------- Done invoking toplevel() on ptolemy.moml.MoMLSimpleApplication@5e3e7fa5
reloadAllAccessors: .arrayType6

===========================================================================================
----------------- testing Wed May 20 14:28:32 UTC 2020 /home/travis/build/icyphy/ptII/ptolemy/actor/lib/test/auto/arrayType7.xml
----------------- Instantiating /home/travis/build/icyphy/ptII/ptolemy/actor/lib/test/auto/arrayType7.xml
1 ms. Memory: 612352K Free: 308866K (50%)
----------------- Invoking toplevel() on ptolemy.moml.MoMLSimpleApplication@6c27c45d
----------------- Done invoking toplevel() on ptolemy.moml.MoMLSimpleApplication@6c27c45d
reloadAllAccessors: .arrayType7

===========================================================================================
----------------- testing Wed May 20 14:28:32 UTC 2020 /home/travis/build/icyphy/ptII/ptolemy/actor/lib/test/auto/arrayType8.xml
----------------- Instantiating /home/travis/build/icyphy/ptII/ptolemy/actor/lib/test/auto/arrayType8.xml
1 ms. Memory: 612352K Free: 303236K (50%)
----------------- Invoking toplevel() on ptolemy.moml.MoMLSimpleApplication@76902cb0
----------------- Done invoking toplevel() on ptolemy.moml.MoMLSimpleApplication@76902cb0
reloadAllAccessors: .arrayType8

===========================================================================================
----------------- testing Wed May 20 14:28:32 UTC 2020 /home/travis/build/icyphy/ptII/ptolemy/actor/lib/test/auto/arrayType9.xml
----------------- Instantiating /home/travis/build/icyphy/ptII/ptolemy/actor/lib/test/auto/arrayType9.xml
1 ms. Memory: 612352K Free: 298626K (49%)
----------------- Invoking toplevel() on ptolemy.moml.MoMLSimpleApplication@1205afe0
----------------- Done invoking toplevel() on ptolemy.moml.MoMLSimpleApplication@1205afe0
reloadAllAccessors: .arrayType9

===========================================================================================
----------------- testing Wed May 20 14:28:32 UTC 2020 /home/travis/build/icyphy/ptII/ptolemy/actor/lib/test/auto/cast.xml
----------------- Instantiating /home/travis/build/icyphy/ptII/ptolemy/actor/lib/test/auto/cast.xml
2 ms. Memory: 612352K Free: 294020K (48%)
----------------- Invoking toplevel() on ptolemy.moml.MoMLSimpleApplication@3ba20931
----------------- Done invoking toplevel() on ptolemy.moml.MoMLSimpleApplication@3ba20931
reloadAllAccessors: .cast

===========================================================================================
----------------- testing Wed May 20 14:28:32 UTC 2020 /home/travis/build/icyphy/ptII/ptolemy/actor/lib/test/auto/compositeMultiPort.xml
----------------- Instantiating /home/travis/build/icyphy/ptII/ptolemy/actor/lib/test/auto/compositeMultiPort.xml
2 ms. Memory: 612352K Free: 284804K (47%)
----------------- Invoking toplevel() on ptolemy.moml.MoMLSimpleApplication@5b06f867
----------------- Done invoking toplevel() on ptolemy.moml.MoMLSimpleApplication@5b06f867
reloadAllAccessors: .compositeMultiPort

===========================================================================================
----------------- testing Wed May 20 14:28:32 UTC 2020 /home/travis/build/icyphy/ptII/ptolemy/actor/lib/test/auto/expressionCastInference.xml
----------------- Instantiating /home/travis/build/icyphy/ptII/ptolemy/actor/lib/test/auto/expressionCastInference.xml
3 ms. Memory: 612352K Free: 280194K (46%)
----------------- Invoking toplevel() on ptolemy.moml.MoMLSimpleApplication@9e05283
----------------- Done invoking toplevel() on ptolemy.moml.MoMLSimpleApplication@9e05283
reloadAllAccessors: .expressionCastInference

===========================================================================================
----------------- testing Wed May 20 14:28:32 UTC 2020 /home/travis/build/icyphy/ptII/ptolemy/actor/lib/test/auto/expressionCastInference2.xml
----------------- Instantiating /home/travis/build/icyphy/ptII/ptolemy/actor/lib/test/auto/expressionCastInference2.xml
1 ms. Memory: 612352K Free: 275074K (45%)
----------------- Invoking toplevel() on ptolemy.moml.MoMLSimpleApplication@49ead33f
----------------- Done invoking toplevel() on ptolemy.moml.MoMLSimpleApplication@49ead33f
reloadAllAccessors: .expressionCastInference2

===========================================================================================
----------------- testing Wed May 20 14:28:32 UTC 2020 /home/travis/build/icyphy/ptII/ptolemy/actor/lib/test/auto/expressionInference.xml
----------------- Instantiating /home/travis/build/icyphy/ptII/ptolemy/actor/lib/test/auto/expressionInference.xml
1 ms. Memory: 612352K Free: 270978K (44%)
----------------- Invoking toplevel() on ptolemy.moml.MoMLSimpleApplication@697f8ddd
----------------- Done invoking toplevel() on ptolemy.moml.MoMLSimpleApplication@697f8ddd
reloadAllAccessors: .expressionInference

===========================================================================================
----------------- testing Wed May 20 14:28:32 UTC 2020 /home/travis/build/icyphy/ptII/ptolemy/actor/lib/test/auto/expression_bug.xml
----------------- Instantiating /home/travis/build/icyphy/ptII/ptolemy/actor/lib/test/auto/expression_bug.xml
1 ms. Memory: 612352K Free: 266882K (44%)
----------------- Invoking toplevel() on ptolemy.moml.MoMLSimpleApplication@7abf2a6f
----------------- Done invoking toplevel() on ptolemy.moml.MoMLSimpleApplication@7abf2a6f
reloadAllAccessors: .expression_bug

===========================================================================================
----------------- testing Wed May 20 14:28:32 UTC 2020 /home/travis/build/icyphy/ptII/ptolemy/actor/lib/test/auto/factorial.xml
----------------- Instantiating /home/travis/build/icyphy/ptII/ptolemy/actor/lib/test/auto/factorial.xml
34 ms. Memory: 612352K Free: 258180K (42%)
----------------- Invoking toplevel() on ptolemy.moml.MoMLSimpleApplication@1d88acb2
----------------- Done invoking toplevel() on ptolemy.moml.MoMLSimpleApplication@1d88acb2
reloadAllAccessors: .factorial

===========================================================================================
----------------- testing Wed May 20 14:28:32 UTC 2020 /home/travis/build/icyphy/ptII/ptolemy/actor/lib/test/auto/filterTest1.xml
----------------- Instantiating /home/travis/build/icyphy/ptII/ptolemy/actor/lib/test/auto/filterTest1.xml
2 ms. Memory: 612352K Free: 252532K (41%)
----------------- Invoking toplevel() on ptolemy.moml.MoMLSimpleApplication@7192800b
----------------- Done invoking toplevel() on ptolemy.moml.MoMLSimpleApplication@7192800b
reloadAllAccessors: .filterTest1

===========================================================================================
----------------- testing Wed May 20 14:28:32 UTC 2020 /home/travis/build/icyphy/ptII/ptolemy/actor/lib/test/auto/funcApplyInConst.xml
----------------- Instantiating /home/travis/build/icyphy/ptII/ptolemy/actor/lib/test/auto/funcApplyInConst.xml
0 ms. Memory: 612352K Free: 248450K (41%)
----------------- Invoking toplevel() on ptolemy.moml.MoMLSimpleApplication@6b1f9983
----------------- Done invoking toplevel() on ptolemy.moml.MoMLSimpleApplication@6b1f9983
reloadAllAccessors: .funcApplyInConst

===========================================================================================
----------------- testing Wed May 20 14:28:32 UTC 2020 /home/travis/build/icyphy/ptII/ptolemy/actor/lib/test/auto/funcApplyInExpr.xml
----------------- Instantiating /home/travis/build/icyphy/ptII/ptolemy/actor/lib/test/auto/funcApplyInExpr.xml
1 ms. Memory: 612352K Free: 244868K (40%)
----------------- Invoking toplevel() on ptolemy.moml.MoMLSimpleApplication@57630dd1
----------------- Done invoking toplevel() on ptolemy.moml.MoMLSimpleApplication@57630dd1
reloadAllAccessors: .funcApplyInExpr

===========================================================================================
----------------- testing Wed May 20 14:28:32 UTC 2020 /home/travis/build/icyphy/ptII/ptolemy/actor/lib/test/auto/function.xml
----------------- Instantiating /home/travis/build/icyphy/ptII/ptolemy/actor/lib/test/auto/function.xml
3 ms. Memory: 612352K Free: 239748K (39%)
----------------- Invoking toplevel() on ptolemy.moml.MoMLSimpleApplication@4ca09268
----------------- Done invoking toplevel() on ptolemy.moml.MoMLSimpleApplication@4ca09268
reloadAllAccessors: .function

===========================================================================================
----------------- testing Wed May 20 14:28:32 UTC 2020 /home/travis/build/icyphy/ptII/ptolemy/actor/lib/test/auto/function2.xml
----------------- Instantiating /home/travis/build/icyphy/ptII/ptolemy/actor/lib/test/auto/function2.xml
2 ms. Memory: 612352K Free: 235138K (38%)
----------------- Invoking toplevel() on ptolemy.moml.MoMLSimpleApplication@61afdec8
----------------- Done invoking toplevel() on ptolemy.moml.MoMLSimpleApplication@61afdec8
reloadAllAccessors: .function2

===========================================================================================
----------------- testing Wed May 20 14:28:32 UTC 2020 /home/travis/build/icyphy/ptII/ptolemy/actor/lib/test/auto/function3.xml
----------------- Instantiating /home/travis/build/icyphy/ptII/ptolemy/actor/lib/test/auto/function3.xml
1 ms. Memory: 612352K Free: 231556K (38%)
----------------- Invoking toplevel() on ptolemy.moml.MoMLSimpleApplication@1ff2afc3
----------------- Done invoking toplevel() on ptolemy.moml.MoMLSimpleApplication@1ff2afc3
reloadAllAccessors: .function3

===========================================================================================
----------------- testing Wed May 20 14:28:32 UTC 2020 /home/travis/build/icyphy/ptII/ptolemy/actor/lib/test/auto/functionClosureTest1.xml
----------------- Instantiating /home/travis/build/icyphy/ptII/ptolemy/actor/lib/test/auto/functionClosureTest1.xml
1 ms. Memory: 612352K Free: 225412K (37%)
----------------- Invoking toplevel() on ptolemy.moml.MoMLSimpleApplication@42f5d180
----------------- Done invoking toplevel() on ptolemy.moml.MoMLSimpleApplication@42f5d180
reloadAllAccessors: .functionClosureTest1

===========================================================================================
----------------- testing Wed May 20 14:28:32 UTC 2020 /home/travis/build/icyphy/ptII/ptolemy/actor/lib/test/auto/functionClosureTest2.xml
----------------- Instantiating /home/travis/build/icyphy/ptII/ptolemy/actor/lib/test/auto/functionClosureTest2.xml
1 ms. Memory: 612352K Free: 221826K (36%)
----------------- Invoking toplevel() on ptolemy.moml.MoMLSimpleApplication@1475b1bb
----------------- Done invoking toplevel() on ptolemy.moml.MoMLSimpleApplication@1475b1bb
reloadAllAccessors: .functionClosureTest2

===========================================================================================
----------------- testing Wed May 20 14:28:32 UTC 2020 /home/travis/build/icyphy/ptII/ptolemy/actor/lib/test/auto/functionClosureTest3.xml
----------------- Instantiating /home/travis/build/icyphy/ptII/ptolemy/actor/lib/test/auto/functionClosureTest3.xml
2 ms. Memory: 612352K Free: 216196K (35%)
----------------- Invoking toplevel() on ptolemy.moml.MoMLSimpleApplication@50529767
----------------- Done invoking toplevel() on ptolemy.moml.MoMLSimpleApplication@50529767
reloadAllAccessors: .functionClosureTest3

===========================================================================================
----------------- testing Wed May 20 14:28:32 UTC 2020 /home/travis/build/icyphy/ptII/ptolemy/actor/lib/test/auto/functionClosureTest4.xml
----------------- Instantiating /home/travis/build/icyphy/ptII/ptolemy/actor/lib/test/auto/functionClosureTest4.xml
6 ms. Memory: 612352K Free: 210052K (34%)
----------------- Invoking toplevel() on ptolemy.moml.MoMLSimpleApplication@6f286337
----------------- Done invoking toplevel() on ptolemy.moml.MoMLSimpleApplication@6f286337
reloadAllAccessors: .functionClosureTest4

===========================================================================================
----------------- testing Wed May 20 14:28:32 UTC 2020 /home/travis/build/icyphy/ptII/ptolemy/actor/lib/test/auto/functionClosureTest5.xml
----------------- Instantiating /home/travis/build/icyphy/ptII/ptolemy/actor/lib/test/auto/functionClosureTest5.xml
52 ms. Memory: 612352K Free: 556520K (91%)
----------------- Invoking toplevel() on ptolemy.moml.MoMLSimpleApplication@7508d3b
----------------- Done invoking toplevel() on ptolemy.moml.MoMLSimpleApplication@7508d3b
reloadAllAccessors: .functionClosureTest5

===========================================================================================
----------------- testing Wed May 20 14:28:32 UTC 2020 /home/travis/build/icyphy/ptII/ptolemy/actor/lib/test/auto/functionClosureTest6.xml
----------------- Instantiating /home/travis/build/icyphy/ptII/ptolemy/actor/lib/test/auto/functionClosureTest6.xml
2 ms. Memory: 612352K Free: 551179K (90%)
----------------- Invoking toplevel() on ptolemy.moml.MoMLSimpleApplication@52c4faee
----------------- Done invoking toplevel() on ptolemy.moml.MoMLSimpleApplication@52c4faee
reloadAllAccessors: .functionClosureTest6

===========================================================================================
----------------- testing Wed May 20 14:28:32 UTC 2020 /home/travis/build/icyphy/ptII/ptolemy/actor/lib/test/auto/functionsOnArcs.xml
----------------- Instantiating /home/travis/build/icyphy/ptII/ptolemy/actor/lib/test/auto/functionsOnArcs.xml
2 ms. Memory: 612352K Free: 546059K (89%)
----------------- Invoking toplevel() on ptolemy.moml.MoMLSimpleApplication@14762bd7
----------------- Done invoking toplevel() on ptolemy.moml.MoMLSimpleApplication@14762bd7
reloadAllAccessors: .functionsOnArcs

===========================================================================================
----------------- testing Wed May 20 14:28:32 UTC 2020 /home/travis/build/icyphy/ptII/ptolemy/actor/lib/test/auto/functionsOnArcsHOF.xml
----------------- Instantiating /home/travis/build/icyphy/ptII/ptolemy/actor/lib/test/auto/functionsOnArcsHOF.xml
5 ms. Memory: 612352K Free: 539915K (88%)
----------------- Invoking toplevel() on ptolemy.moml.MoMLSimpleApplication@3436d02
----------------- Done invoking toplevel() on ptolemy.moml.MoMLSimpleApplication@3436d02
reloadAllAccessors: .functionsOnArcsHOF

===========================================================================================
----------------- testing Wed May 20 14:28:32 UTC 2020 /home/travis/build/icyphy/ptII/ptolemy/actor/lib/test/auto/logic.xml
----------------- Instantiating /home/travis/build/icyphy/ptII/ptolemy/actor/lib/test/auto/logic.xml
2 ms. Memory: 612352K Free: 532747K (87%)
----------------- Invoking toplevel() on ptolemy.moml.MoMLSimpleApplication@370b39b9
----------------- Done invoking toplevel() on ptolemy.moml.MoMLSimpleApplication@370b39b9
reloadAllAccessors: .logic

===========================================================================================
----------------- testing Wed May 20 14:28:32 UTC 2020 /home/travis/build/icyphy/ptII/ptolemy/actor/lib/test/auto/matrixType.xml
----------------- Instantiating /home/travis/build/icyphy/ptII/ptolemy/actor/lib/test/auto/matrixType.xml
1 ms. Memory: 612352K Free: 527113K (86%)
----------------- Invoking toplevel() on ptolemy.moml.MoMLSimpleApplication@3652fd65
----------------- Done invoking toplevel() on ptolemy.moml.MoMLSimpleApplication@3652fd65
reloadAllAccessors: .matrixType

===========================================================================================
----------------- testing Wed May 20 14:28:32 UTC 2020 /home/travis/build/icyphy/ptII/ptolemy/actor/lib/test/auto/matrixType10.xml
----------------- Instantiating /home/travis/build/icyphy/ptII/ptolemy/actor/lib/test/auto/matrixType10.xml
1 ms. Memory: 612352K Free: 522507K (85%)
----------------- Invoking toplevel() on ptolemy.moml.MoMLSimpleApplication@6743fb6b
----------------- Done invoking toplevel() on ptolemy.moml.MoMLSimpleApplication@6743fb6b
reloadAllAccessors: .matrixType10

===========================================================================================
----------------- testing Wed May 20 14:28:32 UTC 2020 /home/travis/build/icyphy/ptII/ptolemy/actor/lib/test/auto/matrixType11.xml
----------------- Instantiating /home/travis/build/icyphy/ptII/ptolemy/actor/lib/test/auto/matrixType11.xml
1 ms. Memory: 612352K Free: 517387K (84%)
----------------- Invoking toplevel() on ptolemy.moml.MoMLSimpleApplication@63c1e07a
----------------- Done invoking toplevel() on ptolemy.moml.MoMLSimpleApplication@63c1e07a
reloadAllAccessors: .matrixType11

===========================================================================================
----------------- testing Wed May 20 14:28:32 UTC 2020 /home/travis/build/icyphy/ptII/ptolemy/actor/lib/test/auto/matrixType12.xml
----------------- Instantiating /home/travis/build/icyphy/ptII/ptolemy/actor/lib/test/auto/matrixType12.xml
1 ms. Memory: 612352K Free: 512777K (84%)
----------------- Invoking toplevel() on ptolemy.moml.MoMLSimpleApplication@6180d201
----------------- Done invoking toplevel() on ptolemy.moml.MoMLSimpleApplication@6180d201
reloadAllAccessors: .matrixType12

===========================================================================================
----------------- testing Wed May 20 14:28:32 UTC 2020 /home/travis/build/icyphy/ptII/ptolemy/actor/lib/test/auto/matrixType13.xml
----------------- Instantiating /home/travis/build/icyphy/ptII/ptolemy/actor/lib/test/auto/matrixType13.xml
1 ms. Memory: 612352K Free: 507657K (83%)
----------------- Invoking toplevel() on ptolemy.moml.MoMLSimpleApplication@135ec336
----------------- Done invoking toplevel() on ptolemy.moml.MoMLSimpleApplication@135ec336
reloadAllAccessors: .matrixType13

===========================================================================================
----------------- testing Wed May 20 14:28:32 UTC 2020 /home/travis/build/icyphy/ptII/ptolemy/actor/lib/test/auto/matrixType14.xml
----------------- Instantiating /home/travis/build/icyphy/ptII/ptolemy/actor/lib/test/auto/matrixType14.xml
1 ms. Memory: 612352K Free: 502522K (82%)
----------------- Invoking toplevel() on ptolemy.moml.MoMLSimpleApplication@636d83da
----------------- Done invoking toplevel() on ptolemy.moml.MoMLSimpleApplication@636d83da
reloadAllAccessors: .matrixType14

===========================================================================================
----------------- testing Wed May 20 14:28:32 UTC 2020 /home/travis/build/icyphy/ptII/ptolemy/actor/lib/test/auto/matrixType2.xml
----------------- Instantiating /home/travis/build/icyphy/ptII/ptolemy/actor/lib/test/auto/matrixType2.xml
1 ms. Memory: 612352K Free: 497417K (81%)
----------------- Invoking toplevel() on ptolemy.moml.MoMLSimpleApplication@6a333577
----------------- Done invoking toplevel() on ptolemy.moml.MoMLSimpleApplication@6a333577
reloadAllAccessors: .matrixType2

===========================================================================================
----------------- testing Wed May 20 14:28:32 UTC 2020 /home/travis/build/icyphy/ptII/ptolemy/actor/lib/test/auto/matrixType3.xml
----------------- Instantiating /home/travis/build/icyphy/ptII/ptolemy/actor/lib/test/auto/matrixType3.xml
2 ms. Memory: 612352K Free: 492811K (80%)
----------------- Invoking toplevel() on ptolemy.moml.MoMLSimpleApplication@25afda99
----------------- Done invoking toplevel() on ptolemy.moml.MoMLSimpleApplication@25afda99
reloadAllAccessors: .matrixType3

===========================================================================================
----------------- testing Wed May 20 14:28:32 UTC 2020 /home/travis/build/icyphy/ptII/ptolemy/actor/lib/test/auto/matrixType4.xml
----------------- Instantiating /home/travis/build/icyphy/ptII/ptolemy/actor/lib/test/auto/matrixType4.xml
1 ms. Memory: 612352K Free: 487691K (80%)
----------------- Invoking toplevel() on ptolemy.moml.MoMLSimpleApplication@9503ca0
----------------- Done invoking toplevel() on ptolemy.moml.MoMLSimpleApplication@9503ca0
reloadAllAccessors: .matrixType4

===========================================================================================
----------------- testing Wed May 20 14:28:32 UTC 2020 /home/travis/build/icyphy/ptII/ptolemy/actor/lib/test/auto/matrixType5.xml
----------------- Instantiating /home/travis/build/icyphy/ptII/ptolemy/actor/lib/test/auto/matrixType5.xml
1 ms. Memory: 612352K Free: 483081K (79%)
----------------- Invoking toplevel() on ptolemy.moml.MoMLSimpleApplication@3e52eae0
----------------- Done invoking toplevel() on ptolemy.moml.MoMLSimpleApplication@3e52eae0
reloadAllAccessors: .matrixType5

===========================================================================================
----------------- testing Wed May 20 14:28:32 UTC 2020 /home/travis/build/icyphy/ptII/ptolemy/actor/lib/test/auto/matrixType6.xml
----------------- Instantiating /home/travis/build/icyphy/ptII/ptolemy/actor/lib/test/auto/matrixType6.xml
1 ms. Memory: 612352K Free: 477961K (78%)
----------------- Invoking toplevel() on ptolemy.moml.MoMLSimpleApplication@6dcdc4ae
----------------- Done invoking toplevel() on ptolemy.moml.MoMLSimpleApplication@6dcdc4ae
reloadAllAccessors: .matrixType6

===========================================================================================
----------------- testing Wed May 20 14:28:32 UTC 2020 /home/travis/build/icyphy/ptII/ptolemy/actor/lib/test/auto/matrixType7.xml
----------------- Instantiating /home/travis/build/icyphy/ptII/ptolemy/actor/lib/test/auto/matrixType7.xml
1 ms. Memory: 612352K Free: 473355K (77%)
----------------- Invoking toplevel() on ptolemy.moml.MoMLSimpleApplication@5b0546b0
----------------- Done invoking toplevel() on ptolemy.moml.MoMLSimpleApplication@5b0546b0
reloadAllAccessors: .matrixType7

===========================================================================================
----------------- testing Wed May 20 14:28:32 UTC 2020 /home/travis/build/icyphy/ptII/ptolemy/actor/lib/test/auto/matrixType8.xml
----------------- Instantiating /home/travis/build/icyphy/ptII/ptolemy/actor/lib/test/auto/matrixType8.xml
1 ms. Memory: 612352K Free: 468235K (76%)
----------------- Invoking toplevel() on ptolemy.moml.MoMLSimpleApplication@6016f1b3
----------------- Done invoking toplevel() on ptolemy.moml.MoMLSimpleApplication@6016f1b3
reloadAllAccessors: .matrixType8

===========================================================================================
----------------- testing Wed May 20 14:28:32 UTC 2020 /home/travis/build/icyphy/ptII/ptolemy/actor/lib/test/auto/matrixType9.xml
----------------- Instantiating /home/travis/build/icyphy/ptII/ptolemy/actor/lib/test/auto/matrixType9.xml
1 ms. Memory: 612352K Free: 463625K (76%)
----------------- Invoking toplevel() on ptolemy.moml.MoMLSimpleApplication@234f674e
----------------- Done invoking toplevel() on ptolemy.moml.MoMLSimpleApplication@234f674e
reloadAllAccessors: .matrixType9

===========================================================================================
----------------- testing Wed May 20 14:28:32 UTC 2020 /home/travis/build/icyphy/ptII/ptolemy/actor/lib/test/auto/paraFunctest.xml
----------------- Instantiating /home/travis/build/icyphy/ptII/ptolemy/actor/lib/test/auto/paraFunctest.xml
2 ms. Memory: 612352K Free: 459529K (75%)
----------------- Invoking toplevel() on ptolemy.moml.MoMLSimpleApplication@213bc25c
----------------- Done invoking toplevel() on ptolemy.moml.MoMLSimpleApplication@213bc25c
reloadAllAccessors: .paraFunctest

===========================================================================================
----------------- testing Wed May 20 14:28:32 UTC 2020 /home/travis/build/icyphy/ptII/ptolemy/actor/lib/test/auto/paraFunctest2.xml
----------------- Instantiating /home/travis/build/icyphy/ptII/ptolemy/actor/lib/test/auto/paraFunctest2.xml
1 ms. Memory: 612352K Free: 455947K (74%)
----------------- Invoking toplevel() on ptolemy.moml.MoMLSimpleApplication@68a17258
----------------- Done invoking toplevel() on ptolemy.moml.MoMLSimpleApplication@68a17258
reloadAllAccessors: .paraFunctest2

===========================================================================================
----------------- testing Wed May 20 14:28:32 UTC 2020 /home/travis/build/icyphy/ptII/ptolemy/actor/lib/test/auto/parameterPassing.xml
----------------- Instantiating /home/travis/build/icyphy/ptII/ptolemy/actor/lib/test/auto/parameterPassing.xml
1 ms. Memory: 612352K Free: 451337K (74%)
----------------- Invoking toplevel() on ptolemy.moml.MoMLSimpleApplication@756918b6
----------------- Done invoking toplevel() on ptolemy.moml.MoMLSimpleApplication@756918b6
reloadAllAccessors: .parameterPassing

===========================================================================================
----------------- testing Wed May 20 14:28:32 UTC 2020 /home/travis/build/icyphy/ptII/ptolemy/actor/lib/test/auto/record.xml
----------------- Instantiating /home/travis/build/icyphy/ptII/ptolemy/actor/lib/test/auto/record.xml
2 ms. Memory: 612352K Free: 446731K (73%)
----------------- Invoking toplevel() on ptolemy.moml.MoMLSimpleApplication@75033ddb
----------------- Done invoking toplevel() on ptolemy.moml.MoMLSimpleApplication@75033ddb
reloadAllAccessors: .record

===========================================================================================
----------------- testing Wed May 20 14:28:32 UTC 2020 /home/travis/build/icyphy/ptII/ptolemy/actor/lib/test/auto/sizedarray1.xml
----------------- Instantiating /home/travis/build/icyphy/ptII/ptolemy/actor/lib/test/auto/sizedarray1.xml
1 ms. Memory: 612352K Free: 441097K (72%)
----------------- Invoking toplevel() on ptolemy.moml.MoMLSimpleApplication@33689cda
----------------- Done invoking toplevel() on ptolemy.moml.MoMLSimpleApplication@33689cda
reloadAllAccessors: .sizedarray1

===========================================================================================
----------------- testing Wed May 20 14:28:32 UTC 2020 /home/travis/build/icyphy/ptII/ptolemy/actor/lib/test/auto/sizedarray2.xml
----------------- Instantiating /home/travis/build/icyphy/ptII/ptolemy/actor/lib/test/auto/sizedarray2.xml
2 ms. Memory: 612352K Free: 435977K (71%)
----------------- Invoking toplevel() on ptolemy.moml.MoMLSimpleApplication@5c4b1aaa
----------------- Done invoking toplevel() on ptolemy.moml.MoMLSimpleApplication@5c4b1aaa
reloadAllAccessors: .sizedarray2

===========================================================================================
----------------- testing Wed May 20 14:28:33 UTC 2020 /home/travis/build/icyphy/ptII/ptolemy/actor/lib/test/auto/twoPublishers.xml
----------------- Instantiating /home/travis/build/icyphy/ptII/ptolemy/actor/lib/test/auto/twoPublishers.xml
5 ms. Memory: 612352K Free: 425227K (69%)
----------------- Invoking toplevel() on ptolemy.moml.MoMLSimpleApplication@6d6b95f7
----------------- Done invoking toplevel() on ptolemy.moml.MoMLSimpleApplication@6d6b95f7
reloadAllAccessors: .twoPublishers
AutoTests.java: About to close Vertx.
AutoTests.java: Vertx closed.
]]></system-out>
  <system-err><![CDATA[java.lang.RuntimeException: Execution failed
	at ptolemy.moml.MoMLSimpleApplication$UnloadThread.run(MoMLSimpleApplication.java:402)
Caused by: java.lang.RuntimeException: StringUtilities.exit() was called. Normally, we would exit here because Manager.exitAfterWrapup() was called.  However, because the ptolemy.ptII.exitAfterWrapup property is set, we throw this exception instead.
	at ptolemy.util.StringUtilities.exit(StringUtilities.java:365)
	at ptolemy.actor.Manager.wrapup(Manager.java:1549)
	at ptolemy.actor.Manager.execute(Manager.java:407)
	at ptolemy.actor.Manager.run(Manager.java:1263)
	at ptolemy.actor.Manager$PtolemyRunThread.run(Manager.java:1933)
Warning: '.top.test' is in training mode, set the trainingMode parameter to false before checking in
Warning: '.top.test' is in training mode, set the trainingMode parameter to false before checking in
Warning: '.top.test' is in training mode, set the trainingMode parameter to false before checking in
Warning: '.BooleanSwitch_RegressionTest_WrongTrainingValues.Test' is in training mode, set the trainingMode parameter to false before checking in
Warning: '.BooleanSwitch_RegressionTest_WrongTrainingValues.Test2' is in training mode, set the trainingMode parameter to false before checking in
Warning: '.BooleanSwitch_RegressionTest_WrongTrainingValues.Test2' The test produced 0 tokens.
Warning: '.top.testExceptionHandler' is in training mode, set the trainingMode parameter to false before checking in
java.lang.RuntimeException: Execution failed
	at ptolemy.moml.MoMLSimpleApplication$UnloadThread.run(MoMLSimpleApplication.java:402)
Caused by: ptolemy.kernel.util.IllegalActionException: PublisherPorts cannot be used at the top level, use a Publisher actor instead.
  in .PublisherPortToplevelSubscriber.PublisherPort
	at ptolemy.actor.PublisherPort.preinitialize(PublisherPort.java:403)
	at ptolemy.actor.CompositeActor.preinitialize(CompositeActor.java:1769)
	at ptolemy.actor.Manager.preinitializeAndResolveTypes(Manager.java:1040)
	at ptolemy.actor.Manager.initialize(Manager.java:710)
	at ptolemy.actor.Manager.execute(Manager.java:356)
	at ptolemy.actor.Manager.run(Manager.java:1263)
	at ptolemy.actor.Manager$PtolemyRunThread.run(Manager.java:1933)
java.lang.reflect.InvocationTargetException
	at java.base/jdk.internal.reflect.NativeConstructorAccessorImpl.newInstance0(Native Method)
	at java.base/jdk.internal.reflect.NativeConstructorAccessorImpl.newInstance(NativeConstructorAccessorImpl.java:62)
	at java.base/jdk.internal.reflect.DelegatingConstructorAccessorImpl.newInstance(DelegatingConstructorAccessorImpl.java:45)
	at java.base/java.lang.reflect.Constructor.newInstance(Constructor.java:490)
	at ptolemy.util.test.junit.AutoKnownFailedTests.RunModel(AutoKnownFailedTests.java:105)
	at java.base/jdk.internal.reflect.NativeMethodAccessorImpl.invoke0(Native Method)
	at java.base/jdk.internal.reflect.NativeMethodAccessorImpl.invoke(NativeMethodAccessorImpl.java:62)
	at java.base/jdk.internal.reflect.DelegatingMethodAccessorImpl.invoke(DelegatingMethodAccessorImpl.java:43)
	at java.base/java.lang.reflect.Method.invoke(Method.java:566)
	at org.junit.runners.model.FrameworkMethod$1.runReflectiveCall(FrameworkMethod.java:44)
	at org.junit.internal.runners.model.ReflectiveCallable.run(ReflectiveCallable.java:15)
	at org.junit.runners.model.FrameworkMethod.invokeExplosively(FrameworkMethod.java:41)
	at junitparams.internal.InvokeParameterisedMethod.evaluate(InvokeParameterisedMethod.java:102)
	at org.junit.internal.runners.statements.FailOnTimeout$1.run(FailOnTimeout.java:28)
Caused by: ptolemy.kernel.util.IllegalActionException: PublisherPorts cannot be used at the top level, use a Publisher actor instead.
  in .PublisherPortToplevelSubscriber.PublisherPort
	at ptolemy.actor.PublisherPort.preinitialize(PublisherPort.java:403)
	at ptolemy.actor.CompositeActor.preinitialize(CompositeActor.java:1769)
	at ptolemy.actor.Manager.preinitializeAndResolveTypes(Manager.java:1040)
	at ptolemy.actor.Manager.initialize(Manager.java:710)
	at ptolemy.actor.Manager.execute(Manager.java:356)
	at ptolemy.actor.Manager.run(Manager.java:1263)
	at ptolemy.actor.Manager$PtolemyRunThread.run(Manager.java:1933)
java.lang.RuntimeException: Execution failed
	at ptolemy.moml.MoMLSimpleApplication$UnloadThread.run(MoMLSimpleApplication.java:402)
Caused by: ptolemy.kernel.util.IllegalActionException: SubscriberPorts cannot be used at the top level, use a Subscriber actor instead.
  in .PublisherSubscriberPortToplevel.SubscriberPort
	at ptolemy.actor.SubscriberPort.preinitialize(SubscriberPort.java:328)
	at ptolemy.actor.CompositeActor.preinitialize(CompositeActor.java:1769)
	at ptolemy.actor.Manager.preinitializeAndResolveTypes(Manager.java:1040)
	at ptolemy.actor.Manager.initialize(Manager.java:710)
	at ptolemy.actor.Manager.execute(Manager.java:356)
	at ptolemy.actor.Manager.run(Manager.java:1263)
	at ptolemy.actor.Manager$PtolemyRunThread.run(Manager.java:1933)
java.lang.reflect.InvocationTargetException
	at java.base/jdk.internal.reflect.NativeConstructorAccessorImpl.newInstance0(Native Method)
	at java.base/jdk.internal.reflect.NativeConstructorAccessorImpl.newInstance(NativeConstructorAccessorImpl.java:62)
	at java.base/jdk.internal.reflect.DelegatingConstructorAccessorImpl.newInstance(DelegatingConstructorAccessorImpl.java:45)
	at java.base/java.lang.reflect.Constructor.newInstance(Constructor.java:490)
	at ptolemy.util.test.junit.AutoKnownFailedTests.RunModel(AutoKnownFailedTests.java:105)
	at java.base/jdk.internal.reflect.NativeMethodAccessorImpl.invoke0(Native Method)
	at java.base/jdk.internal.reflect.NativeMethodAccessorImpl.invoke(NativeMethodAccessorImpl.java:62)
	at java.base/jdk.internal.reflect.DelegatingMethodAccessorImpl.invoke(DelegatingMethodAccessorImpl.java:43)
	at java.base/java.lang.reflect.Method.invoke(Method.java:566)
	at org.junit.runners.model.FrameworkMethod$1.runReflectiveCall(FrameworkMethod.java:44)
	at org.junit.internal.runners.model.ReflectiveCallable.run(ReflectiveCallable.java:15)
	at org.junit.runners.model.FrameworkMethod.invokeExplosively(FrameworkMethod.java:41)
	at junitparams.internal.InvokeParameterisedMethod.evaluate(InvokeParameterisedMethod.java:102)
	at org.junit.internal.runners.statements.FailOnTimeout$1.run(FailOnTimeout.java:28)
Caused by: ptolemy.kernel.util.IllegalActionException: SubscriberPorts cannot be used at the top level, use a Subscriber actor instead.
  in .PublisherSubscriberPortToplevel.SubscriberPort
	at ptolemy.actor.SubscriberPort.preinitialize(SubscriberPort.java:328)
	at ptolemy.actor.CompositeActor.preinitialize(CompositeActor.java:1769)
	at ptolemy.actor.Manager.preinitializeAndResolveTypes(Manager.java:1040)
	at ptolemy.actor.Manager.initialize(Manager.java:710)
	at ptolemy.actor.Manager.execute(Manager.java:356)
	at ptolemy.actor.Manager.run(Manager.java:1263)
	at ptolemy.actor.Manager$PtolemyRunThread.run(Manager.java:1933)
java.lang.RuntimeException: Execution failed
	at ptolemy.moml.MoMLSimpleApplication$UnloadThread.run(MoMLSimpleApplication.java:402)
Caused by: ptolemy.kernel.util.IllegalActionException: SubscriptionAggregatorPorts cannot be used at the top level, use a SubscriptionAggregator actor instead.
  in .PublisherSubscriptionAggregatorPort.SubscriptionAggregatorPort
	at ptolemy.actor.SubscriptionAggregatorPort.preinitialize(SubscriptionAggregatorPort.java:353)
	at ptolemy.actor.CompositeActor.preinitialize(CompositeActor.java:1769)
	at ptolemy.actor.Manager.preinitializeAndResolveTypes(Manager.java:1040)
	at ptolemy.actor.Manager.initialize(Manager.java:710)
	at ptolemy.actor.Manager.execute(Manager.java:356)
	at ptolemy.actor.Manager.run(Manager.java:1263)
	at ptolemy.actor.Manager$PtolemyRunThread.run(Manager.java:1933)
java.lang.reflect.InvocationTargetException
	at java.base/jdk.internal.reflect.NativeConstructorAccessorImpl.newInstance0(Native Method)
	at java.base/jdk.internal.reflect.NativeConstructorAccessorImpl.newInstance(NativeConstructorAccessorImpl.java:62)
	at java.base/jdk.internal.reflect.DelegatingConstructorAccessorImpl.newInstance(DelegatingConstructorAccessorImpl.java:45)
	at java.base/java.lang.reflect.Constructor.newInstance(Constructor.java:490)
	at ptolemy.util.test.junit.AutoKnownFailedTests.RunModel(AutoKnownFailedTests.java:105)
	at java.base/jdk.internal.reflect.NativeMethodAccessorImpl.invoke0(Native Method)
	at java.base/jdk.internal.reflect.NativeMethodAccessorImpl.invoke(NativeMethodAccessorImpl.java:62)
	at java.base/jdk.internal.reflect.DelegatingMethodAccessorImpl.invoke(DelegatingMethodAccessorImpl.java:43)
	at java.base/java.lang.reflect.Method.invoke(Method.java:566)
	at org.junit.runners.model.FrameworkMethod$1.runReflectiveCall(FrameworkMethod.java:44)
	at org.junit.internal.runners.model.ReflectiveCallable.run(ReflectiveCallable.java:15)
	at org.junit.runners.model.FrameworkMethod.invokeExplosively(FrameworkMethod.java:41)
	at junitparams.internal.InvokeParameterisedMethod.evaluate(InvokeParameterisedMethod.java:102)
	at org.junit.internal.runners.statements.FailOnTimeout$1.run(FailOnTimeout.java:28)
Caused by: ptolemy.kernel.util.IllegalActionException: SubscriptionAggregatorPorts cannot be used at the top level, use a SubscriptionAggregator actor instead.
  in .PublisherSubscriptionAggregatorPort.SubscriptionAggregatorPort
	at ptolemy.actor.SubscriptionAggregatorPort.preinitialize(SubscriptionAggregatorPort.java:353)
	at ptolemy.actor.CompositeActor.preinitialize(CompositeActor.java:1769)
	at ptolemy.actor.Manager.preinitializeAndResolveTypes(Manager.java:1040)
	at ptolemy.actor.Manager.initialize(Manager.java:710)
	at ptolemy.actor.Manager.execute(Manager.java:356)
	at ptolemy.actor.Manager.run(Manager.java:1263)
	at ptolemy.actor.Manager$PtolemyRunThread.run(Manager.java:1933)
java.lang.RuntimeException: Execution failed
	at ptolemy.moml.MoMLSimpleApplication$UnloadThread.run(MoMLSimpleApplication.java:402)
Caused by: ptolemy.kernel.util.IllegalActionException: TypeTest actor has no training data.
  in .sizedarray3.TypeTest
	at ptolemy.actor.lib.TypeTest.initialize(TypeTest.java:250)
	at ptolemy.actor.Director.initialize(Director.java:938)
	at ptolemy.actor.Director.initialize(Director.java:907)
	at ptolemy.actor.sched.StaticSchedulingDirector.initialize(StaticSchedulingDirector.java:159)
	at ptolemy.domains.sdf.kernel.SDFDirector.initialize(SDFDirector.java:544)
	at ptolemy.actor.CompositeActor.initialize(CompositeActor.java:935)
	at ptolemy.actor.Manager.initialize(Manager.java:724)
	at ptolemy.actor.Manager.execute(Manager.java:356)
	at ptolemy.actor.Manager.run(Manager.java:1263)
	at ptolemy.actor.Manager$PtolemyRunThread.run(Manager.java:1933)
java.lang.reflect.InvocationTargetException
	at java.base/jdk.internal.reflect.NativeConstructorAccessorImpl.newInstance0(Native Method)
	at java.base/jdk.internal.reflect.NativeConstructorAccessorImpl.newInstance(NativeConstructorAccessorImpl.java:62)
	at java.base/jdk.internal.reflect.DelegatingConstructorAccessorImpl.newInstance(DelegatingConstructorAccessorImpl.java:45)
	at java.base/java.lang.reflect.Constructor.newInstance(Constructor.java:490)
	at ptolemy.util.test.junit.AutoKnownFailedTests.RunModel(AutoKnownFailedTests.java:105)
	at java.base/jdk.internal.reflect.NativeMethodAccessorImpl.invoke0(Native Method)
	at java.base/jdk.internal.reflect.NativeMethodAccessorImpl.invoke(NativeMethodAccessorImpl.java:62)
	at java.base/jdk.internal.reflect.DelegatingMethodAccessorImpl.invoke(DelegatingMethodAccessorImpl.java:43)
	at java.base/java.lang.reflect.Method.invoke(Method.java:566)
	at org.junit.runners.model.FrameworkMethod$1.runReflectiveCall(FrameworkMethod.java:44)
	at org.junit.internal.runners.model.ReflectiveCallable.run(ReflectiveCallable.java:15)
	at org.junit.runners.model.FrameworkMethod.invokeExplosively(FrameworkMethod.java:41)
	at junitparams.internal.InvokeParameterisedMethod.evaluate(InvokeParameterisedMethod.java:102)
	at org.junit.internal.runners.statements.FailOnTimeout$1.run(FailOnTimeout.java:28)
Caused by: ptolemy.kernel.util.IllegalActionException: TypeTest actor has no training data.
  in .sizedarray3.TypeTest
	at ptolemy.actor.lib.TypeTest.initialize(TypeTest.java:250)
	at ptolemy.actor.Director.initialize(Director.java:938)
	at ptolemy.actor.Director.initialize(Director.java:907)
	at ptolemy.actor.sched.StaticSchedulingDirector.initialize(StaticSchedulingDirector.java:159)
	at ptolemy.domains.sdf.kernel.SDFDirector.initialize(SDFDirector.java:544)
	at ptolemy.actor.CompositeActor.initialize(CompositeActor.java:935)
	at ptolemy.actor.Manager.initialize(Manager.java:724)
	at ptolemy.actor.Manager.execute(Manager.java:356)
	at ptolemy.actor.Manager.run(Manager.java:1263)
	at ptolemy.actor.Manager$PtolemyRunThread.run(Manager.java:1933)
]]></system-err>
</testsuite>
