<?xml version="1.0" encoding="UTF-8" ?>
<testsuite errors="0" failures="0" hostname="travis-job-5bc43107-6bbd-4ae1-978d-c2576cb25361" name="ptolemy.domains.de.test.junit.JUnitTclTest" skipped="0" tests="101" time="131.8" timestamp="2019-03-01T21:48:03">
  <properties>
    <property name="npm.executable" value="npm" />
    <property name="file.encoding.pkg" value="sun.io" />
    <property name="env.TRAVIS_ROOT" value="/" />
    <property name="ptII.mk.exists" value="true" />
    <property name="env.TRAVIS_APP_HOST" value="build.travis-ci.org" />
    <property name="env.rvm_bin_path" value="/home/travis/.rvm/bin" />
    <property name="java.home" value="/usr/lib/jvm/java-8-oracle/jre" />
    <property name="env.TRAVIS_JOB_NUMBER" value="1027.9" />
    <property name="env.TRAVIS_HOME" value="/home/travis" />
    <property name="env.DISPLAY" value=":99.0" />
    <property name="java.net.preferIPv4Stack" value="true" />
    <property name="env.TRAVIS_INIT" value="upstart" />
    <property name="env.SSH_TTY" value="/dev/pts/0" />
    <property name="env.RUN_TESTS" value="true" />
    <property name="timeout.short" value="1000000" />
    <property name="env.TRAVIS_JOB_NAME" value="" />
    <property name="env.TRAVIS_STACK_NODE_ATTRIBUTES" value="/.node-attributes.yml" />
    <property name="junit.formatter" value="xml" />
    <property name="java.endorsed.dirs" value="/usr/lib/jvm/java-8-oracle/jre/lib/endorsed" />
    <property name="env.TRAVIS_SUDO" value="true" />
    <property name="env.LOGNAME" value="travis" />
    <property name="jsdoc.home" value="node_modules/@terraswarm/jsdoc" />
    <property name="debuglevel" value="source,lines,vars" />
    <property name="checkstyle.formatter" value="xml" />
    <property name="bin.vergil.makeable" value="true" />
    <property name="env._system_version" value="14.04" />
    <property name="sun.os.patch.level" value="unknown" />
    <property name="java.vendor.url" value="http://java.oracle.com/" />
    <property name="env.TRAVIS_BUILD_WEB_URL" value="https://travis-ci.org/icyphy/ptII/builds/500550915" />
    <property name="java.version" value="1.8.0_151" />
    <property name="env.TZ" value="UTC" />
    <property name="env.PT_NO_NET" value="true" />
    <property name="env.TRAVIS_PULL_REQUEST_SHA" value="" />
    <property name="env.TRAVIS_SECURE_ENV_VARS" value="true" />
    <property name="env._system_type" value="Linux" />
    <property name="java.vendor.url.bug" value="http://bugreport.sun.com/bugreport/" />
    <property name="env.SSH_CLIENT" value="10.10.4.114 40656 22" />
    <property name="npmjs-org-is-up" value="true" />
    <property name="env.GEM_HOME" value="/home/travis/.rvm/gems/ruby-2.4.1" />
    <property name="env.HAS_ANTARES_THREE_LITTLE_FRONZIES_BADGE" value="true" />
    <property name="env.PS4" value="+" />
    <property name="ant.project.invoked-targets" value="build,test.core2.xml" />
    <property name="env.TRAVIS_PULL_REQUEST_BRANCH" value="" />
    <property name="env.TRAVIS_REPO_SLUG" value="icyphy/ptII" />
    <property name="env.TRAVIS_APT_PROXY" value="http://build-cache.travisci.net" />
    <property name="node.in.path" value="true" />
    <property name="java.maxmemory" value="1400m" />
    <property name="env.RUBY_VERSION" value="ruby-2.4.1" />
    <property name="user.name" value="travis" />
    <property name="env.LANG" value="en_US.UTF-8" />
    <property name="sun.io.unicode.encoding" value="UnicodeLittle" />
    <property name="sun.jnu.encoding" value="UTF-8" />
    <property name="java.runtime.name" value="Java(TM) SE Runtime Environment" />
    <property name="usefile" value="false" />
    <property name="return.code" value="0" />
    <property name="junit.single.formatter" value="plain" />
    <property name="env.DYLD_LIBRARY_PATH" value="/home/travis/pthla/certi-tools/lib:" />
    <property name="env.DEBIAN_FRONTEND" value="noninteractive" />
    <property name="env.SSH_CONNECTION" value="10.10.4.114 40656 10.20.5.123 22" />
    <property name="env.MYSQL_UNIX_PORT" value="/var/run/mysqld/mysqld.sock" />
    <property name="env.TRAVIS_ALLOW_FAILURE" value="false" />
    <property name="env.LC_ALL" value="en_US.UTF-8" />
    <property name="env.TRAVIS_JOB_WEB_URL" value="https://travis-ci.org/icyphy/ptII/jobs/500550924" />
    <property name="java.specification.name" value="Java Platform API Specification" />
    <property name="node.works" value="true" />
    <property name="user.timezone" value="" />
    <property name="path.separator" value=":" />
    <property name="env.TRAVIS_ENABLE_INFRA_DETECTION" value="true" />
    <property name="env.PYTHON_CFLAGS" value="-g -fstack-protector --param=ssp-buffer-size=4 -Wformat -Werror=format-security" />
    <property name="timeout.long" value="4000000" />
    <property name="env.CERTI_HOME" value="/home/travis/pthla/certi-tools" />
    <property name="file.encoding" value="UTF-8" />
    <property name="ant.file.ptII" value="/home/travis/build/icyphy/ptII/build.xml" />
    <property name="javadoc.packagenames" value="com.*,diva.*,lbnl.*,org.hlacerti.*,org.json.*,org.ptolemy.*,org.terraswarm.*,ptolemy.*,ptserver.*" />
    <property name="env.TRAVIS_PULL_REQUEST_SLUG" value="" />
    <property name="ant.project.default-target" value="build" />
    <property name="env.GIT_ASKPASS" value="echo" />
    <property name="env.HOME" value="/home/travis" />
    <property name="sun.java.command" value="org.apache.tools.ant.taskdefs.optional.junit.JUnitTestRunner ptolemy.domains.de.test.junit.JUnitTclTest skipNonTests=false filtertrace=true haltOnError=false haltOnFailure=false formatter=org.apache.tools.ant.taskdefs.optional.junit.OutErrSummaryJUnitResultFormatter showoutput=true outputtoformatters=true logfailedtests=true threadid=0 logtestlistenerevents=false formatter=org.apache.tools.ant.taskdefs.optional.junit.XMLJUnitResultFormatter,/home/travis/build/icyphy/ptII/reports/junit/TEST-ptolemy.domains.de.test.junit.JUnitTclTest.xml crashfile=/home/travis/build/icyphy/ptII/junitvmwatcher640133285927511617.properties propsfile=/home/travis/build/icyphy/ptII/junit6332984609973794638.properties" />
    <property name="env.MANPATH" value="/home/travis/.nvm/versions/node/v7.10.1/share/man:/home/travis/.kiex/elixirs/elixir-1.4.5/man:/home/travis/.rvm/rubies/ruby-2.4.1/share/man:/usr/local/man:/usr/local/cmake-3.9.2/man:/usr/local/clang-5.0.0/share/man:/usr/local/share/man:/usr/share/man:/home/travis/.rvm/man" />
    <property name="env.COMPOSER_NO_INTERACTION" value="1" />
    <property name="env.JDK_SWITCHER_DEFAULT" value="oraclejdk8" />
    <property name="env.TRAVIS_TIMER_ID" value="0d127bfb" />
    <property name="ant.file" value="/home/travis/build/icyphy/ptII/build.xml" />
    <property name="env.TRAVIS_COMMIT_RANGE" value="006db017d47b...289d4c3eedb1" />
    <property name="env._system_name" value="Ubuntu" />
    <property name="timeout" value="2400000" />
    <property name="ptII.classpath.optional.property" value="/home/travis/build/icyphy/ptII/lib/bsh-2.0b4.jar:/home/travis/build/icyphy/ptII/lib/ptCal.jar:/home/travis/build/icyphy/ptII/lib/java_cup.jar:/home/travis/build/icyphy/ptII/lib/saxon8.jar:/home/travis/build/icyphy/ptII/lib/saxon8-dom.jar:/home/travis/build/icyphy/ptII/lib/chic.jar:/home/travis/build/icyphy/ptII/lib/ptcolt.jar:/usr/lib/jvm/java-8-oracle/lib/tools.jar:/home/travis/build/icyphy/ptII/vendors/misc/itext/iText.jar:/home/travis/build/icyphy/ptII/lib/g4ltl.jar:/home/travis/build/icyphy/ptII/lib/StructuralCoder.jar:/home/travis/build/icyphy/ptII/vendors/jai-1_1_2_01/lib/jai_core.jar:/home/travis/build/icyphy/ptII/vendors/jai-1_1_2_01/lib/jai_codec.jar:/home/travis/build/icyphy/ptII/lib/jcerti.jar:/home/travis/build/icyphy/ptII/lib/javax.mail.jar:/home/travis/build/icyphy/ptII/vendors/JMF-2.1.1e/lib/jmf.jar:/home/travis/build/icyphy/ptII/lib/jna-4.0.0-variadic.jar:/home/travis/build/icyphy/ptII/vendors/misc/joystick/Joystick.jar:/home/travis/build/icyphy/ptII/lib/ptjacl.jar:/home/travis/build/icyphy/ptII/lib/jsoup-1.8.2.jar:/home/travis/build/icyphy/ptII/lib/junit-4.8.2.jar:/home/travis/build/icyphy/ptII/lib/JUnitParams-0.4.0.jar:/home/travis/build/icyphy/ptII/ptolemy/actor/lib/excel/jxl.jar:/home/travis/build/icyphy/ptII/lib/jython.jar:/home/travis/build/icyphy/ptII/lib/kieler.jar:/home/travis/build/icyphy/ptII/vendors/opencv/share/OpenCV/java/opencv-341.jar:/home/travis/build/icyphy/ptII/lib/oscP5.jar:/home/travis/build/icyphy/ptII/lib/nrjavaserial-3.11.0.devel.jar:/home/travis/build/icyphy/ptII/vendors/j3d/lib/j3dcore.jar:/home/travis/build/icyphy/ptII/vendors/j3d/lib/j3dutils.jar:/home/travis/build/icyphy/ptII/vendors/j3d/lib/vecmath.jar:/home/travis/build/icyphy/ptII/ptolemy/distributed/jini/jar/jini-core.jar:/home/travis/build/icyphy/ptII/ptolemy/distributed/jini/jar/jini-ext.jar:/home/travis/build/icyphy/ptII/ptolemy/distributed/jini/jar/sun-util.jar:/home/travis/build/icyphy/ptII/lib/protobuf-java-2.4.1.jar:/home/travis/build/icyphy/ptII/lib/org.eclipse.paho.client.mqttv3.jar:/home/travis/build/icyphy/ptII/lib/mapss.jar:/home/travis/build/icyphy/ptII/ptolemy/actor/ptalon/antlr/antlr.jar:/home/travis/build/icyphy/ptII/lib/JRI.jar:/home/travis/build/icyphy/ptII/lib/commons-lang-2.6.jar:/home/travis/build/icyphy/ptII/lib/commons-logging-1.1.1.jar:/home/travis/build/icyphy/ptII/lib/sootclasses.jar:/home/travis/build/icyphy/ptII/ptolemy/actor/lib/database/mysql-connector-java-5.1.6-bin.jar:/home/travis/build/icyphy/ptII/vendors/misc/sphinx4/sphinx4-data-5prealpha.jar:/home/travis/build/icyphy/ptII/vendors/misc/sphinx4/sphinx4-core-5prealpha.jar:/home/travis/build/icyphy/ptII/lib/PDFRenderer.jar:/home/travis/build/icyphy/ptII/lib/svgSalamander.jar:/home/travis/build/icyphy/ptII/lib/rsyntaxtextarea-2.6.0-SNAPSHOT.jar:/home/travis/build/icyphy/ptII/lib/hazelcast-3.8.2.jar:/home/travis/build/icyphy/ptII/lib/jackson-annotations-2.9.0.jar:/home/travis/build/icyphy/ptII/lib/jackson-core-2.9.3.jar:/home/travis/build/icyphy/ptII/lib/jackson-databind-2.9.3.jar:/home/travis/build/icyphy/ptII/lib/netty-buffer-4.1.19.Final.jar:/home/travis/build/icyphy/ptII/lib/netty-codec-4.1.19.Final.jar:/home/travis/build/icyphy/ptII/lib/netty-codec-dns-4.1.19.Final.jar:/home/travis/build/icyphy/ptII/lib/netty-codec-http-4.1.19.Final.jar:/home/travis/build/icyphy/ptII/lib/netty-codec-http2-4.1.19.Final.jar:/home/travis/build/icyphy/ptII/lib/netty-common-4.1.19.Final.jar:/home/travis/build/icyphy/ptII/lib/netty-handler-4.1.19.Final.jar:/home/travis/build/icyphy/ptII/lib/netty-resolver-4.1.19.Final.jar:/home/travis/build/icyphy/ptII/lib/netty-resolver-dns-4.1.19.Final.jar:/home/travis/build/icyphy/ptII/lib/netty-transport-4.1.19.Final.jar:/home/travis/build/icyphy/ptII/lib/vertx-codegen-3.5.1.jar:/home/travis/build/icyphy/ptII/lib/vertx-core-3.5.2-SNAPSHOT.jar:/home/travis/build/icyphy/ptII/lib/vertx-hazelcast-3.5.1.jar:/home/travis/build/icyphy/ptII/lib/vertx-lang-js-3.5.1.jar:/home/travis/build/icyphy/ptII/lib/vertx-service-proxy-3.5.1.jar:/home/travis/build/icyphy/ptII/lib/vertx-web-3.5.1.jar:/home/travis/build/icyphy/ptII/lib/slf4j-api-1.7.13.jar:/home/travis/build/icyphy/ptII/lib/slf4j-simple-1.7.13.jar:/home/travis/build/icyphy/ptII/lib/webcam-capture-0.3.12.jar:/home/travis/build/icyphy/ptII/lib/bridj-0.7.0.jar:/home/travis/build/icyphy/ptII/lib/xbjlib-1.1.0.nrjavaserial.jar" />
    <property name="test.batch" value="**/junit/*.java" />
    <property name="env._" value="/usr/bin/timeout" />
    <property name="java.io.tmpdir" value="/tmp" />
    <property name="env.TRAVIS_INTERNAL_RUBY_REGEX" value="^ruby-(2\.[0-4]\.[0-9]|1\.9\.3)" />
    <property name="user.language" value="en" />
    <property name="env.HISTCONTROL" value="ignoredups:ignorespace" />
    <property name="env.GOROOT" value="/home/travis/.gimme/versions/go1.7.4.linux.amd64" />
    <property name="line.separator" value="&#xa;" />
    <property name="target" value="1.8" />
    <property name="env.TRAVIS_BUILD_DIR" value="/home/travis/build/icyphy/ptII" />
    <property name="env.ANT_OPTS" value="-Xmx2048m" />
    <property name="ant.file.type" value="file" />
    <property name="ptolemy.ptII.batchMode" value="true" />
    <property name="env.HISTSIZE" value="1000" />
    <property name="env.MERB_ENV" value="test" />
    <property name="java.vm.info" value="mixed mode" />
    <property name="source" value="1.8" />
    <property name="java.vm.specification.name" value="Java Virtual Machine Specification" />
    <property name="env.TRAVIS_TEST_RESULT" value="0" />
    <property name="jsdoc.command" value="node_modules/@terraswarm/jsdoc/jsdoc.js" />
    <property name="npm.works" value="true" />
    <property name="cobertura.dir" value="/home/travis/build/icyphy/ptII/vendors/cobertura-2.0.3" />
    <property name="env.rvm_path" value="/home/travis/.rvm" />
    <property name="env.GEM_PATH" value="/home/travis/.rvm/gems/ruby-2.4.1:/home/travis/.rvm/gems/ruby-2.4.1@global" />
    <property name="env.LC_CTYPE" value="en_US.UTF-8" />
    <property name="java.awt.printerjob" value="sun.print.PSPrinterJob" />
    <property name="env.TRAVIS_CMD" value="$PTII/bin/ptIITravisBuild.sh $SECONDS" />
    <property name="env.TRAVIS_STACK_NAME" value="garnet" />
    <property name="env.TRAVIS_TIMER_START_TIME" value="1551476319344206479" />
    <property name="ant.version" value="Apache Ant(TM) version 1.10.1 compiled on February 2 2017" />
    <property name="ptII.reports" value="/home/travis/build/icyphy/ptII/reports" />
    <property name="env.TRAVIS_STACK_TIMESTAMP" value="2017-12-05 19:33:09 UTC" />
    <property name="ant.file.type.ptII" value="file" />
    <property name="env.RBENV_SHELL" value="bash" />
    <property name="os.name" value="Linux" />
    <property name="java.specification.vendor" value="Oracle Corporation" />
    <property name="env.rvm_version" value="1.29.3 (latest)" />
    <property name="env.TRAVIS_INFRA" value="gce" />
    <property name="env.TERM" value="xterm" />
    <property name="java.vm.name" value="Java HotSpot(TM) 64-Bit Server VM" />
    <property name="env.TRAVIS_BUILD_NUMBER" value="1027" />
    <property name="env.CI" value="true" />
    <property name="java.library.path" value="/home/travis/pthla/certi-tools/lib:/usr/lib/jni:/usr/local/share/OpenCV/java/:/usr/share/OpenCV/java::/usr/java/packages/lib/amd64:/usr/lib64:/lib64:/lib:/usr/lib" />
    <property name="env.rvm_prefix" value="/home/travis" />
    <property name="env.PATH" value="/home/travis/pthla/certi-tools/share/scripts:/home/travis/.rvm/gems/ruby-2.4.1/bin:/home/travis/.rvm/gems/ruby-2.4.1@global/bin:/home/travis/.rvm/rubies/ruby-2.4.1/bin:/home/travis/.rvm/bin:/home/travis/.nvm/versions/node/v7.10.1/bin:./node_modules/.bin:/home/travis/build/icyphy/ptII/bin:/home/travis/pthla/certi-tools/bin:/home/travis/bin:/home/travis/.local/bin:/opt/pyenv/shims:/home/travis/.phpenv/shims:/home/travis/perl5/perlbrew/bin:/home/travis/.kiex/elixirs/elixir-1.4.5/bin:/home/travis/.kiex/bin:/home/travis/gopath/bin:/home/travis/.gimme/versions/go1.7.4.linux.amd64/bin:/usr/local/phantomjs/bin:/usr/local/phantomjs:/usr/local/neo4j-3.2.7/bin:/usr/local/maven-3.5.2/bin:/usr/local/cmake-3.9.2/bin:/usr/local/clang-5.0.0/bin:/usr/local/sbin:/usr/local/bin:/usr/sbin:/usr/bin:/sbin:/bin:/home/travis/.phpenv/bin:/opt/pyenv/bin:/home/travis/.yarn/bin" />
    <property name="env.TRAVIS_OS_NAME" value="linux" />
    <property name="ant.java.version" value="1.8" />
    <property name="basedir" value="/home/travis/build/icyphy/ptII" />
    <property name="java.class.version" value="52.0" />
    <property name="env.SHLVL" value="3" />
    <property name="env.LD_LIBRARY_PATH" value="/home/travis/pthla/certi-tools/lib:/usr/lib/jni:/usr/local/share/OpenCV/java/:/usr/share/OpenCV/java:" />
    <property name="env.RACK_ENV" value="test" />
    <property name="ant.home" value="/home/travis/build/icyphy/ptII/ant" />
    <property name="env.PERLBREW_BASHRC_VERSION" value="0.80" />
    <property name="env.NVM_DIR" value="/home/travis/.nvm" />
    <property name="env.TRAVIS_BUILD_ID" value="500550915" />
    <property name="env.CERTI_FOM_PATH" value="/home/travis/pthla/certi-tools/share/federations" />
    <property name="env.PYENV_ROOT" value="/opt/pyenv" />
    <property name="env.TRAVIS_UID" value="2000" />
    <property name="env.rvm_pretty_print_flag" value="auto" />
    <property name="env.NVM_BIN" value="/home/travis/.nvm/versions/node/v7.10.1/bin" />
    <property name="env.TRAVIS_COMMIT" value="289d4c3eedb1689adbd9f328c96616edf11ff89b" />
    <property name="env._system_arch" value="x86_64" />
    <property name="node.executable" value="node" />
    <property name="sun.boot.library.path" value="/usr/lib/jvm/java-8-oracle/jre/lib/amd64" />
    <property name="sun.management.compiler" value="HotSpot 64-Bit Tiered Compilers" />
    <property name="env.GOPATH" value="/home/travis/gopath" />
    <property name="java.awt.graphicsenv" value="sun.awt.X11GraphicsEnvironment" />
    <property name="ptolemy.ptII.dir" value="/home/travis/build/icyphy/ptII" />
    <property name="env.USER" value="travis" />
    <property name="env.HISTFILESIZE" value="2000" />
    <property name="timeout.longest" value="19000000" />
    <property name="env.TRAVIS_STACK_FEATURES" value="basic cassandra chromium couchdb disabled-ipv6 docker docker-compose elasticsearch firefox go-toolchain google-chrome jdk memcached mongodb mysql neo4j nodejs_interpreter perl_interpreter perlbrew phantomjs postgresql python_interpreter rabbitmq redis riak ruby_interpreter sqlite xserver" />
    <property name="env.TRAVIS_PULL_REQUEST" value="false" />
    <property name="env.PYENV_SHELL" value="bash" />
    <property name="ant.project.name" value="ptII" />
    <property name="java.vm.specification.version" value="1.8" />
    <property name="env.ANSI_RESET" value="\033[0m" />
    <property name="env.TRAVIS_DIST" value="trusty" />
    <property name="env.CERTI_VERSION" value="4.0.0" />
    <property name="env.NLSPATH" value="/usr/dt/lib/nls/msg/%L/%N.cat" />
    <property name="awt.toolkit" value="sun.awt.X11.XToolkit" />
    <property name="env.CERTI_HOST" value="localhost" />
    <property name="env.MY_RUBY_HOME" value="/home/travis/.rvm/rubies/ruby-2.4.1" />
    <property name="sun.cpu.isalist" value="" />
    <property name="env.TRAVIS_TMPDIR" value="/tmp/tmp.UgfldVHAZp" />
    <property name="java.ext.dirs" value="/usr/lib/jvm/java-8-oracle/jre/lib/ext:/usr/java/packages/lib/ext" />
    <property name="os.version" value="4.4.0-101-generic" />
    <property name="user.home" value="/home/travis" />
    <property name="env.MIX_ARCHIVES" value="/home/travis/.kiex/mix/elixir-1.4.5" />
    <property name="java.vm.vendor" value="Oracle Corporation" />
    <property name="env.TRAVIS_TAG" value="nightly" />
    <property name="env.ANSI_YELLOW" value="\033[33;1m" />
    <property name="env.TRAVIS_FILTERED" value="redirect_io" />
    <property name="env.ANSI_GREEN" value="\033[32;1m" />
    <property name="env.JAVA_HOME" value="/usr/lib/jvm/java-8-oracle" />
    <property name="env.PTII" value="/home/travis/build/icyphy/ptII" />
    <property name="javadoc.excludepackagenames" value="adm.cvs2svn.*,build.*,config.*,doc.coding.templates.*,jni.test.jni.meaningOfLife.*,jni.test.jni.testDeux.*,jni.test.jni.testTrois.*,org.terraswarm.accessor.accessors.web.node_modules.*,org.terraswarm.accessor.accessors.web.hosts.cordova.demo.*,org.terraswarm.accessor.accessors.web.hosts.cordova.plugins.*,org.terraswarm.accessor.accessors-svn.*,pt-modules.*,ptolemy.apps.agilent.*,ptolemy.apps.anytimecontrol.*,ptolemy.apps.apes.*,ptolemy.apps.charon.*,ptolemy.apps.crazyboard.*,ptolemy.apps.eclipse.*,ptolemy.apps.etherealSting.*,ptolemy.apps.fullscreen.*,ptolemy.apps.giotto.*,ptolemy.apps.ia.*,ptolemy.apps.interfaces.*,ptolemy.apps.jmf.*,ptolemy.apps.kurt.*,ptolemy.apps.kvm.*,ptolemy.apps.lego.*,ptolemy.apps.lejos.*,ptolemy.apps.midp.*,ptolemy.apps.mobileCoding.*,ptolemy.apps.pendulum.*,ptolemy.apps.rijndael.*,ptolemy.apps.robot.*,ptolemy.apps.security.*,ptolemy.apps.sobel.*,ptolemy.apps.soot.*,ptolemy.apps.throttle.*,ptolemy.apps.tini.*,ptolemy.apps.transmission.*,ptolemy.apps.vergil.*,ptolemy.apps.waba.*,ptolemy.apps.websensor.*,ptolemy.apps.webstart.*,ptolemy.apps.xsl.*,ptolemy.apps.zaurus.*,ptolemy.codegen.c.actor.lib.oldJavaFiles.*,ptolemy.codegen.dsp.lib.*,ptolemy.codegen.kernel.newInterfaces.*,ptolemy.codegen.lib.*,ptolemy.copernicus.kernel.fragment.*,ptolemy.copernicus.shallow.cg.*,ptolemy.domains.giotto.demo.Hierarchy.Hierarchy.*,ptolemy.domains.giotto.demo.Multimode.Multimode.*,ptolemy.domains.giotto.demo.Simple.Simple.*,ptolemy.domains.gr.lib.experimental.*,ptolemy.domains.gro.*,ptolemy.domains.pdf.*,ptolemy.domains.ptinyos.demo.Surge.output.*,ptolemy.moml.test.NoPackageActor.java*,ptolemy.plot.adm.*,ptolemy.plot.servlet.*,reports.*,signed.*,src.*,target.*,vendors.*,ptolemy.apps.eclipse.awt.*,ptolemy.backtrack.*,ptolemy.backtrack.ast.*,ptolemy.cg.adapter.generic.program.procedural.c.mbed*,ptolemy.homer.*,org.ptolemy.scala.*,diva.util.java2d.svg.*,ptolemy.domains.ptinyos.*,ptolemy.actor.lib.fmi.fmipp.*,,org.terraswarm.accessor.accessors.web.node_modules.*,org.terraswarm.accessor.accessors-svn,ptolemy.apps.*,ptolemy.actor.ptalon.demo.ptinyos.SendAndReceiveCnt.output,ptolemy.actor.ptalon.demo.ptinyos.SenseToLeds.output,ptolemy.domains.ptinyos.demo.CntToLedsAndRfm.output,ptolemy.domains.ptinyos.demo.RfmToLeds.output,ptolemy.domains.ptinyos.demo.SendAndReceiveCnt.output,ptolemy.domains.ptinyos.demo.SenseToLeds.output,ptolemy.actor.lib.jjs.modules.udpSocket.*" />
    <property name="env.TRAVIS_COMMIT_MESSAGE" value="Fixing new name in org/hlacerti/test/auto/DuplicatedInstanceName*er.xml so the test works." />
    <property name="keystore" value="ptKeystore" />
    <property name="env.XDG_SESSION_ID" value="2" />
    <property name="junit.output.dir" value="/home/travis/build/icyphy/ptII/reports/junit" />
    <property name="npm.return.code" value="0" />
    <property name="user.dir" value="/home/travis/build/icyphy/ptII/ptolemy/domains/de/test" />
    <property name="env.TRAVIS_NODE_VERSION" value="7" />
    <property name="env.XFILESEARCHPATH" value="/usr/dt/app-defaults/%L/Dt" />
    <property name="env.TRAVIS_EVENT_TYPE" value="push" />
    <property name="env.MAIL" value="/var/mail/travis" />
    <property name="env.PWD" value="/home/travis/build/icyphy/ptII" />
    <property name="env.PERLBREW_ROOT" value="/home/travis/perl5/perlbrew" />
    <property name="timeout.npm" value="45000" />
    <property name="env.PT_TRAVIS_TEST_CORE2_XML" value="true" />
    <property name="env.TRAVIS_ARCH" value="amd64" />
    <property name="env.PAGER" value="cat" />
    <property name="sun.cpu.endian" value="little" />
    <property name="env.TRAVIS_BUILD_STAGE_NAME" value="Test" />
    <property name="env.PERLBREW_HOME" value="/home/travis/.perlbrew" />
    <property name="env.RAILS_ENV" value="test" />
    <property name="java.vm.version" value="25.151-b12" />
    <property name="java.class.path" value="/home/travis/build/icyphy/ptII:/home/travis/build/icyphy/ptII/lib/bsh-2.0b4.jar:/home/travis/build/icyphy/ptII/lib/ptCal.jar:/home/travis/build/icyphy/ptII/lib/java_cup.jar:/home/travis/build/icyphy/ptII/lib/saxon8.jar:/home/travis/build/icyphy/ptII/lib/saxon8-dom.jar:/home/travis/build/icyphy/ptII/lib/chic.jar:/home/travis/build/icyphy/ptII/lib/ptcolt.jar:/usr/lib/jvm/java-8-oracle/lib/tools.jar:/home/travis/build/icyphy/ptII/vendors/misc/itext/iText.jar:/home/travis/build/icyphy/ptII/lib/g4ltl.jar:/home/travis/build/icyphy/ptII/lib/StructuralCoder.jar:/home/travis/build/icyphy/ptII/vendors/jai-1_1_2_01/lib/jai_core.jar:/home/travis/build/icyphy/ptII/vendors/jai-1_1_2_01/lib/jai_codec.jar:/home/travis/build/icyphy/ptII/lib/jcerti.jar:/home/travis/build/icyphy/ptII/lib/javax.mail.jar:/home/travis/build/icyphy/ptII/vendors/JMF-2.1.1e/lib/jmf.jar:/home/travis/build/icyphy/ptII/lib/jna-4.0.0-variadic.jar:/home/travis/build/icyphy/ptII/vendors/misc/joystick/Joystick.jar:/home/travis/build/icyphy/ptII/lib/ptjacl.jar:/home/travis/build/icyphy/ptII/lib/jsoup-1.8.2.jar:/home/travis/build/icyphy/ptII/lib/junit-4.8.2.jar:/home/travis/build/icyphy/ptII/lib/JUnitParams-0.4.0.jar:/home/travis/build/icyphy/ptII/ptolemy/actor/lib/excel/jxl.jar:/home/travis/build/icyphy/ptII/lib/jython.jar:/home/travis/build/icyphy/ptII/lib/kieler.jar:/home/travis/build/icyphy/ptII/vendors/opencv/share/OpenCV/java/opencv-341.jar:/home/travis/build/icyphy/ptII/lib/oscP5.jar:/home/travis/build/icyphy/ptII/lib/nrjavaserial-3.11.0.devel.jar:/home/travis/build/icyphy/ptII/vendors/j3d/lib/j3dcore.jar:/home/travis/build/icyphy/ptII/vendors/j3d/lib/j3dutils.jar:/home/travis/build/icyphy/ptII/vendors/j3d/lib/vecmath.jar:/home/travis/build/icyphy/ptII/ptolemy/distributed/jini/jar/jini-core.jar:/home/travis/build/icyphy/ptII/ptolemy/distributed/jini/jar/jini-ext.jar:/home/travis/build/icyphy/ptII/ptolemy/distributed/jini/jar/sun-util.jar:/home/travis/build/icyphy/ptII/lib/protobuf-java-2.4.1.jar:/home/travis/build/icyphy/ptII/lib/org.eclipse.paho.client.mqttv3.jar:/home/travis/build/icyphy/ptII/lib/mapss.jar:/home/travis/build/icyphy/ptII/ptolemy/actor/ptalon/antlr/antlr.jar:/home/travis/build/icyphy/ptII/lib/JRI.jar:/home/travis/build/icyphy/ptII/lib/commons-lang-2.6.jar:/home/travis/build/icyphy/ptII/lib/commons-logging-1.1.1.jar:/home/travis/build/icyphy/ptII/lib/sootclasses.jar:/home/travis/build/icyphy/ptII/ptolemy/actor/lib/database/mysql-connector-java-5.1.6-bin.jar:/home/travis/build/icyphy/ptII/vendors/misc/sphinx4/sphinx4-data-5prealpha.jar:/home/travis/build/icyphy/ptII/vendors/misc/sphinx4/sphinx4-core-5prealpha.jar:/home/travis/build/icyphy/ptII/lib/PDFRenderer.jar:/home/travis/build/icyphy/ptII/lib/svgSalamander.jar:/home/travis/build/icyphy/ptII/lib/rsyntaxtextarea-2.6.0-SNAPSHOT.jar:/home/travis/build/icyphy/ptII/lib/hazelcast-3.8.2.jar:/home/travis/build/icyphy/ptII/lib/jackson-annotations-2.9.0.jar:/home/travis/build/icyphy/ptII/lib/jackson-core-2.9.3.jar:/home/travis/build/icyphy/ptII/lib/jackson-databind-2.9.3.jar:/home/travis/build/icyphy/ptII/lib/netty-buffer-4.1.19.Final.jar:/home/travis/build/icyphy/ptII/lib/netty-codec-4.1.19.Final.jar:/home/travis/build/icyphy/ptII/lib/netty-codec-dns-4.1.19.Final.jar:/home/travis/build/icyphy/ptII/lib/netty-codec-http-4.1.19.Final.jar:/home/travis/build/icyphy/ptII/lib/netty-codec-http2-4.1.19.Final.jar:/home/travis/build/icyphy/ptII/lib/netty-common-4.1.19.Final.jar:/home/travis/build/icyphy/ptII/lib/netty-handler-4.1.19.Final.jar:/home/travis/build/icyphy/ptII/lib/netty-resolver-4.1.19.Final.jar:/home/travis/build/icyphy/ptII/lib/netty-resolver-dns-4.1.19.Final.jar:/home/travis/build/icyphy/ptII/lib/netty-transport-4.1.19.Final.jar:/home/travis/build/icyphy/ptII/lib/vertx-codegen-3.5.1.jar:/home/travis/build/icyphy/ptII/lib/vertx-core-3.5.2-SNAPSHOT.jar:/home/travis/build/icyphy/ptII/lib/vertx-hazelcast-3.5.1.jar:/home/travis/build/icyphy/ptII/lib/vertx-lang-js-3.5.1.jar:/home/travis/build/icyphy/ptII/lib/vertx-service-proxy-3.5.1.jar:/home/travis/build/icyphy/ptII/lib/vertx-web-3.5.1.jar:/home/travis/build/icyphy/ptII/lib/slf4j-api-1.7.13.jar:/home/travis/build/icyphy/ptII/lib/slf4j-simple-1.7.13.jar:/home/travis/build/icyphy/ptII/lib/webcam-capture-0.3.12.jar:/home/travis/build/icyphy/ptII/lib/bridj-0.7.0.jar:/home/travis/build/icyphy/ptII/lib/xbjlib-1.1.0.nrjavaserial.jar:/home/travis/build/icyphy/ptII/ptolemy/moml/test:/home/travis/build/icyphy/ptII/ant/lib/ant-launcher.jar:/home/travis/build/icyphy/ptII/ant/lib/ant.jar:/home/travis/build/icyphy/ptII/ant/lib/ant-junit.jar:/home/travis/build/icyphy/ptII/ant/lib/ant-junit4.jar" />
    <property name="ant.library.dir" value="/home/travis/build/icyphy/ptII/ant/lib" />
    <property name="os.arch" value="amd64" />
    <property name="env.TRAVIS_LANGUAGE" value="node_js" />
    <property name="env.CONTINUOUS_INTEGRATION" value="true" />
    <property name="env.TRAVIS_STACK_LANGUAGES" value="__garnet__ c c++ clojure cplusplus cpp default go groovy java node_js php pure_java python ruby scala" />
    <property name="test.name" value="ptolemy.actor.lib.test.junit.JUnitTclTest" />
    <property name="sun.java.launcher" value="SUN_STANDARD" />
    <property name="env.PYTHON_CONFIGURE_OPTS" value="--enable-unicode=ucs4 --with-wide-unicode --enable-shared --enable-ipv6 --enable-loadable-sqlite-extensions --with-computed-gotos" />
    <property name="ant.core.lib" value="/home/travis/build/icyphy/ptII/ant/lib/ant.jar" />
    <property name="java.vm.specification.vendor" value="Oracle Corporation" />
    <property name="env.BCVTB_HOME" value="/home/travis/build/icyphy/ptII/lbnl" />
    <property name="file.separator" value="/" />
    <property name="spotbugs.home" value="/home/travis/build/icyphy/ptII/vendors/spotbugs-3.1.1" />
    <property name="java.runtime.version" value="1.8.0_151-b12" />
    <property name="sun.boot.class.path" value="/usr/lib/jvm/java-8-oracle/jre/lib/resources.jar:/usr/lib/jvm/java-8-oracle/jre/lib/rt.jar:/usr/lib/jvm/java-8-oracle/jre/lib/sunrsasign.jar:/usr/lib/jvm/java-8-oracle/jre/lib/jsse.jar:/usr/lib/jvm/java-8-oracle/jre/lib/jce.jar:/usr/lib/jvm/java-8-oracle/jre/lib/charsets.jar:/usr/lib/jvm/java-8-oracle/jre/lib/jfr.jar:/usr/lib/jvm/java-8-oracle/jre/classes" />
    <property name="env.ANSI_CLEAR" value="\033[0K" />
    <property name="env.HAS_JOSH_K_SEAL_OF_APPROVAL" value="true" />
    <property name="env.XDG_RUNTIME_DIR" value="/run/user/2000" />
    <property name="env.TRAVIS_OSX_IMAGE" value="" />
    <property name="env.TRAVIS_BRANCH" value="master" />
    <property name="env.TRAVIS_JOB_ID" value="500550924" />
    <property name="user.country" value="US" />
    <property name="env.CERTI_HOME_TRAVIS" value="/home/travis/pthla/certi-tools" />
    <property name="env.SHELL" value="/bin/bash" />
    <property name="java.maxmemory.large" value="5000m" />
    <property name="model" value="" />
    <property name="env.CASHER_DIR" value="/home/travis/.casher" />
    <property name="env.NVM_CD_FLAGS" value="" />
    <property name="jshint.executable" value="/home/travis/node_modules/jshint/bin/jshint" />
    <property name="java.vendor" value="Oracle Corporation" />
    <property name="env.JRUBY_OPTS" value=" --client -J-XX:+TieredCompilation -J-XX:TieredStopAtLevel=1 -J-Xss2m -Xcompile.invokedynamic=false" />
    <property name="env.TRAVIS_PRE_CHEF_BOOTSTRAP_TIME" value="2017-12-05T19:32:55" />
    <property name="env.TRAVIS_STACK_JOB_BOARD_REGISTER" value="/.job-board-register.yml" />
    <property name="env.ELIXIR_VERSION" value="1.4.5" />
    <property name="env.ANSI_RED" value="\033[31;1m" />
    <property name="java.specification.version" value="1.8" />
    <property name="env.TRAVIS" value="true" />
    <property name="env.IRBRC" value="/home/travis/.rvm/rubies/ruby-2.4.1/.irbrc" />
    <property name="sun.arch.data.model" value="64" />
  </properties>
  <testcase classname="ptolemy.util.test.junit.TclTests" name="[0] /home/travis/build/icyphy/ptII/ptolemy/domains/de/test/DependencyLoop.tcl (RunTclFile)" time="0.81" />
  <testcase classname="ptolemy.util.test.junit.TclTests" name="[1] /home/travis/build/icyphy/ptII/ptolemy/domains/de/test/RunDETestsAsQSS.tcl (RunTclFile)" time="90.324" />
  <testcase classname="ptolemy.util.test.junit.AutoKnownFailedTests" name="[0] /home/travis/build/icyphy/ptII/ptolemy/domains/de/test/auto/knownFailedTests/DESDFClockTest.xml (RunModel)" time="2.05" />
  <testcase classname="ptolemy.util.test.junit.AutoKnownFailedTests" name="[1] /home/travis/build/icyphy/ptII/ptolemy/domains/de/test/auto/knownFailedTests/DirectFeedback.xml (RunModel)" time="0.019" />
  <testcase classname="ptolemy.util.test.junit.AutoKnownFailedTests" name="[2] /home/travis/build/icyphy/ptII/ptolemy/domains/de/test/auto/knownFailedTests/FSMSource.xml (RunModel)" time="0.023" />
  <testcase classname="ptolemy.util.test.junit.AutoKnownFailedTests" name="[3] /home/travis/build/icyphy/ptII/ptolemy/domains/de/test/auto/knownFailedTests/HierarchicalModel.xml (RunModel)" time="0.058" />
  <testcase classname="ptolemy.util.test.junit.AutoKnownFailedTests" name="[4] /home/travis/build/icyphy/ptII/ptolemy/domains/de/test/auto/knownFailedTests/dependencyLoop.xml (RunModel)" time="0.044" />
  <testcase classname="ptolemy.util.test.junit.AutoKnownFailedTests" name="[5] /home/travis/build/icyphy/ptII/ptolemy/domains/de/test/auto/knownFailedTests/dependencyLoop2.xml (RunModel)" time="0.05" />
  <testcase classname="ptolemy.util.test.junit.AutoNameArchTests" name="[0] ThereAreNoAutoArchTests (RunModel)" time="0.0" />
  <testcase classname="ptolemy.util.test.junit.AutoTests" name="[0] /home/travis/build/icyphy/ptII/ptolemy/domains/de/test/auto/ActorDepthCalculation_actorWithoutPorts.xml (RunModel)" time="0.016" />
  <testcase classname="ptolemy.util.test.junit.AutoTests" name="[1] /home/travis/build/icyphy/ptII/ptolemy/domains/de/test/auto/AssemblyLine.xml (RunModel)" time="0.02" />
  <testcase classname="ptolemy.util.test.junit.AutoTests" name="[2] /home/travis/build/icyphy/ptII/ptolemy/domains/de/test/auto/CQBug1.xml (RunModel)" time="0.012" />
  <testcase classname="ptolemy.util.test.junit.AutoTests" name="[3] /home/travis/build/icyphy/ptII/ptolemy/domains/de/test/auto/CancelFireAt.xml (RunModel)" time="0.012" />
  <testcase classname="ptolemy.util.test.junit.AutoTests" name="[4] /home/travis/build/icyphy/ptII/ptolemy/domains/de/test/auto/CausalityAndComposabilityAnalysis.xml (RunModel)" time="0.013" />
  <testcase classname="ptolemy.util.test.junit.AutoTests" name="[5] /home/travis/build/icyphy/ptII/ptolemy/domains/de/test/auto/CausalityInterface1.xml (RunModel)" time="0.015" />
  <testcase classname="ptolemy.util.test.junit.AutoTests" name="[6] /home/travis/build/icyphy/ptII/ptolemy/domains/de/test/auto/CausalityInterface15.xml (RunModel)" time="0.014" />
  <testcase classname="ptolemy.util.test.junit.AutoTests" name="[7] /home/travis/build/icyphy/ptII/ptolemy/domains/de/test/auto/CausalityInterface2.xml (RunModel)" time="0.012" />
  <testcase classname="ptolemy.util.test.junit.AutoTests" name="[8] /home/travis/build/icyphy/ptII/ptolemy/domains/de/test/auto/CausalityInterface3.xml (RunModel)" time="0.014" />
  <testcase classname="ptolemy.util.test.junit.AutoTests" name="[9] /home/travis/build/icyphy/ptII/ptolemy/domains/de/test/auto/ClockDrift.xml (RunModel)" time="0.035" />
  <testcase classname="ptolemy.util.test.junit.AutoTests" name="[10] /home/travis/build/icyphy/ptII/ptolemy/domains/de/test/auto/ClockDriftAndValueChange.xml (RunModel)" time="0.03" />
  <testcase classname="ptolemy.util.test.junit.AutoTests" name="[11] /home/travis/build/icyphy/ptII/ptolemy/domains/de/test/auto/ClockDriftChange.xml (RunModel)" time="0.03" />
  <testcase classname="ptolemy.util.test.junit.AutoTests" name="[12] /home/travis/build/icyphy/ptII/ptolemy/domains/de/test/auto/ComposableCausalityAnalysis.xml (RunModel)" time="0.021" />
  <testcase classname="ptolemy.util.test.junit.AutoTests" name="[13] /home/travis/build/icyphy/ptII/ptolemy/domains/de/test/auto/DEFixedPointLimitation.xml (RunModel)" time="0.012" />
  <testcase classname="ptolemy.util.test.junit.AutoTests" name="[14] /home/travis/build/icyphy/ptII/ptolemy/domains/de/test/auto/DEScheduleTest.xml (RunModel)" time="0.014" />
  <testcase classname="ptolemy.util.test.junit.AutoTests" name="[15] /home/travis/build/icyphy/ptII/ptolemy/domains/de/test/auto/DEinDEwithStartTimes.xml (RunModel)" time="0.015" />
  <testcase classname="ptolemy.util.test.junit.AutoTests" name="[16] /home/travis/build/icyphy/ptII/ptolemy/domains/de/test/auto/DEinDEwithStartTimes2.xml (RunModel)" time="0.015" />
  <testcase classname="ptolemy.util.test.junit.AutoTests" name="[17] /home/travis/build/icyphy/ptII/ptolemy/domains/de/test/auto/DateDemo.xml (RunModel)" time="0.031" />
  <testcase classname="ptolemy.util.test.junit.AutoTests" name="[18] /home/travis/build/icyphy/ptII/ptolemy/domains/de/test/auto/DateToEvent.xml (RunModel)" time="2.043" />
  <testcase classname="ptolemy.util.test.junit.AutoTests" name="[19] /home/travis/build/icyphy/ptII/ptolemy/domains/de/test/auto/DepthTest1.xml (RunModel)" time="0.02" />
  <testcase classname="ptolemy.util.test.junit.AutoTests" name="[20] /home/travis/build/icyphy/ptII/ptolemy/domains/de/test/auto/DepthTest2.xml (RunModel)" time="0.027" />
  <testcase classname="ptolemy.util.test.junit.AutoTests" name="[21] /home/travis/build/icyphy/ptII/ptolemy/domains/de/test/auto/DepthTest3.xml (RunModel)" time="0.011" />
  <testcase classname="ptolemy.util.test.junit.AutoTests" name="[22] /home/travis/build/icyphy/ptII/ptolemy/domains/de/test/auto/DepthTest4.xml (RunModel)" time="0.017" />
  <testcase classname="ptolemy.util.test.junit.AutoTests" name="[23] /home/travis/build/icyphy/ptII/ptolemy/domains/de/test/auto/DepthTest5.xml (RunModel)" time="0.016" />
  <testcase classname="ptolemy.util.test.junit.AutoTests" name="[24] /home/travis/build/icyphy/ptII/ptolemy/domains/de/test/auto/DepthTest6.xml (RunModel)" time="0.021" />
  <testcase classname="ptolemy.util.test.junit.AutoTests" name="[25] /home/travis/build/icyphy/ptII/ptolemy/domains/de/test/auto/DepthTest7.xml (RunModel)" time="0.026" />
  <testcase classname="ptolemy.util.test.junit.AutoTests" name="[26] /home/travis/build/icyphy/ptII/ptolemy/domains/de/test/auto/EventToDate.xml (RunModel)" time="3.045" />
  <testcase classname="ptolemy.util.test.junit.AutoTests" name="[27] /home/travis/build/icyphy/ptII/ptolemy/domains/de/test/auto/FSM1.xml (RunModel)" time="0.036" />
  <testcase classname="ptolemy.util.test.junit.AutoTests" name="[28] /home/travis/build/icyphy/ptII/ptolemy/domains/de/test/auto/FSM7.xml (RunModel)" time="0.038" />
  <testcase classname="ptolemy.util.test.junit.AutoTests" name="[29] /home/travis/build/icyphy/ptII/ptolemy/domains/de/test/auto/Inspection.xml (RunModel)" time="0.042" />
  <testcase classname="ptolemy.util.test.junit.AutoTests" name="[30] /home/travis/build/icyphy/ptII/ptolemy/domains/de/test/auto/Iteration.xml (RunModel)" time="0.019" />
  <testcase classname="ptolemy.util.test.junit.AutoTests" name="[31] /home/travis/build/icyphy/ptII/ptolemy/domains/de/test/auto/LineFault.xml (RunModel)" time="0.573" />
  <testcase classname="ptolemy.util.test.junit.AutoTests" name="[32] /home/travis/build/icyphy/ptII/ptolemy/domains/de/test/auto/MergeModel1Add.xml (RunModel)" time="0.044" />
  <testcase classname="ptolemy.util.test.junit.AutoTests" name="[33] /home/travis/build/icyphy/ptII/ptolemy/domains/de/test/auto/MergeModel2Add.xml (RunModel)" time="0.036" />
  <testcase classname="ptolemy.util.test.junit.AutoTests" name="[34] /home/travis/build/icyphy/ptII/ptolemy/domains/de/test/auto/MergeModel3Add.xml (RunModel)" time="0.037" />
  <testcase classname="ptolemy.util.test.junit.AutoTests" name="[35] /home/travis/build/icyphy/ptII/ptolemy/domains/de/test/auto/MergeWithoutDiscard.xml (RunModel)" time="0.011" />
  <testcase classname="ptolemy.util.test.junit.AutoTests" name="[36] /home/travis/build/icyphy/ptII/ptolemy/domains/de/test/auto/Modal1.xml (RunModel)" time="0.03" />
  <testcase classname="ptolemy.util.test.junit.AutoTests" name="[37] /home/travis/build/icyphy/ptII/ptolemy/domains/de/test/auto/Modal2.xml (RunModel)" time="0.03" />
  <testcase classname="ptolemy.util.test.junit.AutoTests" name="[38] /home/travis/build/icyphy/ptII/ptolemy/domains/de/test/auto/Modal3.xml (RunModel)" time="0.031" />
  <testcase classname="ptolemy.util.test.junit.AutoTests" name="[39] /home/travis/build/icyphy/ptII/ptolemy/domains/de/test/auto/Modal4.xml (RunModel)" time="0.036" />
  <testcase classname="ptolemy.util.test.junit.AutoTests" name="[40] /home/travis/build/icyphy/ptII/ptolemy/domains/de/test/auto/Modal5.xml (RunModel)" time="0.034" />
  <testcase classname="ptolemy.util.test.junit.AutoTests" name="[41] /home/travis/build/icyphy/ptII/ptolemy/domains/de/test/auto/Modal6.xml (RunModel)" time="0.03" />
  <testcase classname="ptolemy.util.test.junit.AutoTests" name="[42] /home/travis/build/icyphy/ptII/ptolemy/domains/de/test/auto/Modal7.xml (RunModel)" time="0.034" />
  <testcase classname="ptolemy.util.test.junit.AutoTests" name="[43] /home/travis/build/icyphy/ptII/ptolemy/domains/de/test/auto/ModalModel.xml (RunModel)" time="0.187" />
  <testcase classname="ptolemy.util.test.junit.AutoTests" name="[44] /home/travis/build/icyphy/ptII/ptolemy/domains/de/test/auto/ModalSource.xml (RunModel)" time="0.022" />
  <testcase classname="ptolemy.util.test.junit.AutoTests" name="[45] /home/travis/build/icyphy/ptII/ptolemy/domains/de/test/auto/NonInterruptibleTimerZeroDelay.xml (RunModel)" time="0.01" />
  <testcase classname="ptolemy.util.test.junit.AutoTests" name="[46] /home/travis/build/icyphy/ptII/ptolemy/domains/de/test/auto/OpenQueueingNetwork.xml (RunModel)" time="2.46" />
  <testcase classname="ptolemy.util.test.junit.AutoTests" name="[47] /home/travis/build/icyphy/ptII/ptolemy/domains/de/test/auto/OpenQueuingNetwork.xml (RunModel)" time="0.286" />
  <testcase classname="ptolemy.util.test.junit.AutoTests" name="[48] /home/travis/build/icyphy/ptII/ptolemy/domains/de/test/auto/PeriodicSampler.xml (RunModel)" time="0.009" />
  <testcase classname="ptolemy.util.test.junit.AutoTests" name="[49] /home/travis/build/icyphy/ptII/ptolemy/domains/de/test/auto/PersistentIO.xml (RunModel)" time="0.02" />
  <testcase classname="ptolemy.util.test.junit.AutoTests" name="[50] /home/travis/build/icyphy/ptII/ptolemy/domains/de/test/auto/PortParameterResetOnInitialize.xml (RunModel)" time="0.01" />
  <testcase classname="ptolemy.util.test.junit.AutoTests" name="[51] /home/travis/build/icyphy/ptII/ptolemy/domains/de/test/auto/PortParameterUpdates.xml (RunModel)" time="0.024" />
  <testcase classname="ptolemy.util.test.junit.AutoTests" name="[52] /home/travis/build/icyphy/ptII/ptolemy/domains/de/test/auto/QueueAndServer.xml (RunModel)" time="0.028" />
  <testcase classname="ptolemy.util.test.junit.AutoTests" name="[53] /home/travis/build/icyphy/ptII/ptolemy/domains/de/test/auto/Records.xml (RunModel)" time="0.014" />
  <testcase classname="ptolemy.util.test.junit.AutoTests" name="[54] /home/travis/build/icyphy/ptII/ptolemy/domains/de/test/auto/ResetTransitionWithStartTime1.xml (RunModel)" time="0.019" />
  <testcase classname="ptolemy.util.test.junit.AutoTests" name="[55] /home/travis/build/icyphy/ptII/ptolemy/domains/de/test/auto/ResetTransitionWithStartTime2.xml (RunModel)" time="0.02" />
  <testcase classname="ptolemy.util.test.junit.AutoTests" name="[56] /home/travis/build/icyphy/ptII/ptolemy/domains/de/test/auto/ResetTransitionWithStartTime3.xml (RunModel)" time="0.02" />
  <testcase classname="ptolemy.util.test.junit.AutoTests" name="[57] /home/travis/build/icyphy/ptII/ptolemy/domains/de/test/auto/ResetTransitionWithStartTime4.xml (RunModel)" time="0.022" />
  <testcase classname="ptolemy.util.test.junit.AutoTests" name="[58] /home/travis/build/icyphy/ptII/ptolemy/domains/de/test/auto/ResettableTimer1.xml (RunModel)" time="0.011" />
  <testcase classname="ptolemy.util.test.junit.AutoTests" name="[59] /home/travis/build/icyphy/ptII/ptolemy/domains/de/test/auto/ResettableTimer2.xml (RunModel)" time="0.01" />
  <testcase classname="ptolemy.util.test.junit.AutoTests" name="[60] /home/travis/build/icyphy/ptII/ptolemy/domains/de/test/auto/ResettableTimer3.xml (RunModel)" time="0.01" />
  <testcase classname="ptolemy.util.test.junit.AutoTests" name="[61] /home/travis/build/icyphy/ptII/ptolemy/domains/de/test/auto/ResettableTimer4.xml (RunModel)" time="0.012" />
  <testcase classname="ptolemy.util.test.junit.AutoTests" name="[62] /home/travis/build/icyphy/ptII/ptolemy/domains/de/test/auto/ResettableTimer5.xml (RunModel)" time="0.01" />
  <testcase classname="ptolemy.util.test.junit.AutoTests" name="[63] /home/travis/build/icyphy/ptII/ptolemy/domains/de/test/auto/ResettableTimer6.xml (RunModel)" time="0.02" />
  <testcase classname="ptolemy.util.test.junit.AutoTests" name="[64] /home/travis/build/icyphy/ptII/ptolemy/domains/de/test/auto/ServerZeroDelay.xml (RunModel)" time="0.018" />
  <testcase classname="ptolemy.util.test.junit.AutoTests" name="[65] /home/travis/build/icyphy/ptII/ptolemy/domains/de/test/auto/SmartSender.xml (RunModel)" time="3.011" />
  <testcase classname="ptolemy.util.test.junit.AutoTests" name="[66] /home/travis/build/icyphy/ptII/ptolemy/domains/de/test/auto/ThreadedComposite.xml (RunModel)" time="0.221" />
  <testcase classname="ptolemy.util.test.junit.AutoTests" name="[67] /home/travis/build/icyphy/ptII/ptolemy/domains/de/test/auto/Time.xml (RunModel)" time="0.424" />
  <testcase classname="ptolemy.util.test.junit.AutoTests" name="[68] /home/travis/build/icyphy/ptII/ptolemy/domains/de/test/auto/TimeDelayZeroDelay.xml (RunModel)" time="0.013" />
  <testcase classname="ptolemy.util.test.junit.AutoTests" name="[69] /home/travis/build/icyphy/ptII/ptolemy/domains/de/test/auto/TimerZeroDelay.xml (RunModel)" time="0.011" />
  <testcase classname="ptolemy.util.test.junit.AutoTests" name="[70] /home/travis/build/icyphy/ptII/ptolemy/domains/de/test/auto/TimingParadox.xml (RunModel)" time="0.352" />
  <testcase classname="ptolemy.util.test.junit.AutoTests" name="[71] /home/travis/build/icyphy/ptII/ptolemy/domains/de/test/auto/TransferInputs.xml (RunModel)" time="0.016" />
  <testcase classname="ptolemy.util.test.junit.AutoTests" name="[72] /home/travis/build/icyphy/ptII/ptolemy/domains/de/test/auto/TransferOutputs2.xml (RunModel)" time="0.017" />
  <testcase classname="ptolemy.util.test.junit.AutoTests" name="[73] /home/travis/build/icyphy/ptII/ptolemy/domains/de/test/auto/Trilateration.xml (RunModel)" time="11.884" />
  <testcase classname="ptolemy.util.test.junit.AutoTests" name="[74] /home/travis/build/icyphy/ptII/ptolemy/domains/de/test/auto/TwoSigmaDelta.xml (RunModel)" time="2.056" />
  <testcase classname="ptolemy.util.test.junit.AutoTests" name="[75] /home/travis/build/icyphy/ptII/ptolemy/domains/de/test/auto/VariableDelay.xml (RunModel)" time="0.019" />
  <testcase classname="ptolemy.util.test.junit.AutoTests" name="[76] /home/travis/build/icyphy/ptII/ptolemy/domains/de/test/auto/VariableDelay2.xml (RunModel)" time="0.009" />
  <testcase classname="ptolemy.util.test.junit.AutoTests" name="[77] /home/travis/build/icyphy/ptII/ptolemy/domains/de/test/auto/VariableDelayZeroDelay.xml (RunModel)" time="0.011" />
  <testcase classname="ptolemy.util.test.junit.AutoTests" name="[78] /home/travis/build/icyphy/ptII/ptolemy/domains/de/test/auto/VariableDelayZeroDelay2.xml (RunModel)" time="0.011" />
  <testcase classname="ptolemy.util.test.junit.AutoTests" name="[79] /home/travis/build/icyphy/ptII/ptolemy/domains/de/test/auto/deInCt.xml (RunModel)" time="0.018" />
  <testcase classname="ptolemy.util.test.junit.AutoTests" name="[80] /home/travis/build/icyphy/ptII/ptolemy/domains/de/test/auto/deInCt2.xml (RunModel)" time="0.017" />
  <testcase classname="ptolemy.util.test.junit.AutoTests" name="[81] /home/travis/build/icyphy/ptII/ptolemy/domains/de/test/auto/dynamicCausalityInterface1.xml (RunModel)" time="0.019" />
  <testcase classname="ptolemy.util.test.junit.AutoTests" name="[82] /home/travis/build/icyphy/ptII/ptolemy/domains/de/test/auto/fsm_de_test.xml (RunModel)" time="0.022" />
  <testcase classname="ptolemy.util.test.junit.AutoTests" name="[83] /home/travis/build/icyphy/ptII/ptolemy/domains/de/test/auto/functionDependencyReconstruction.xml (RunModel)" time="0.035" />
  <testcase classname="ptolemy.util.test.junit.AutoTests" name="[84] /home/travis/build/icyphy/ptII/ptolemy/domains/de/test/auto/multirate.xml (RunModel)" time="0.018" />
  <testcase classname="ptolemy.util.test.junit.AutoTests" name="[85] /home/travis/build/icyphy/ptII/ptolemy/domains/de/test/auto/multirate2.xml (RunModel)" time="0.015" />
  <testcase classname="ptolemy.util.test.junit.AutoTests" name="[86] /home/travis/build/icyphy/ptII/ptolemy/domains/de/test/auto/realtime.xml (RunModel)" time="10.011" />
  <testcase classname="ptolemy.util.test.junit.AutoTests" name="[87] /home/travis/build/icyphy/ptII/ptolemy/domains/de/test/auto/relationGroup.xml (RunModel)" time="0.008" />
  <testcase classname="ptolemy.util.test.junit.AutoTests" name="[88] /home/travis/build/icyphy/ptII/ptolemy/domains/de/test/auto/relationGroup2.xml (RunModel)" time="0.008" />
  <testcase classname="ptolemy.util.test.junit.AutoTests" name="[89] /home/travis/build/icyphy/ptII/ptolemy/domains/de/test/auto/sortWithOpaquePorts.xml (RunModel)" time="0.009" />
  <testcase classname="ptolemy.util.test.junit.AutoTests" name="[90] /home/travis/build/icyphy/ptII/ptolemy/domains/de/test/auto/transferInputsandOutputs.xml (RunModel)" time="0.015" />
  <testcase classname="ptolemy.util.test.junit.AutoTests" name="[91] /home/travis/build/icyphy/ptII/ptolemy/domains/de/test/auto/triggerType.xml (RunModel)" time="0.008" />
  <system-out><![CDATA[/home/travis/build/icyphy/ptII/ptolemy/domains/de/test/DependencyLoop.tcl
testDefs.tcl: setting time out to 9000 seconds at Fri Mar 01 21:48:03 UTC 2019
14 ms. Memory: 116224K Free: 97571K (84%)
27 ms. Memory: 146944K Free: 142363K (97%)
/home/travis/build/icyphy/ptII/ptolemy/domains/de/test/RunDETestsAsQSS.tcl
Run the DE tests using ptolemy.domains.qss.test.QSSDirectorTest, which extends QSSDirector and prints a message in the constructors.
------------------ testing $PTII/ptolemy/domains/de/test/auto/knownFailedTests/dependencyLoop.xml (Known Failure) 
7 ms. Memory: 146944K Free: 136888K (93%)


==== $PTIIhome/travis/build/icyphy/ptII/ptolemy/domains/de/test/../../../../: Auto Automatic test in file $PTII/ptolemy/domains/de/test/auto/knownFailedTests/dependencyLoop.xml
==== Contents of test case:

	    # FIXME: we should use $relativeFilename here, but it
	    # might have backslashes under Windows, which causes no end
	    # of trouble.
	    createAndExecute $file
	    list {}
	
.... Test generated KNOWN error:
    while executing
ptolemy.kernel.util.IllegalActionException: Found a zero delay loop containing .dependencyLoop.original
  in .dependencyLoop and .dependencyLoop.original
	at ptolemy.actor.util.CausalityInterfaceForComposites._computeOutputPortDepth(CausalityInterfaceForComposites.java:759)
	at ptolemy.actor.util.CausalityInterfaceForComposites._computeInputDepth(CausalityInterfaceForComposites.java:696)
	at ptolemy.actor.util.CausalityInterfaceForComposites._computeOutputPortDepth(CausalityInterfaceForComposites.java:765)
	at ptolemy.actor.util.CausalityInterfaceForComposites._computeInputDepth(CausalityInterfaceForComposites.java:696)
	at ptolemy.actor.util.CausalityInterfaceForComposites._computeOutputPortDepth(CausalityInterfaceForComposites.java:765)
	at ptolemy.actor.util.CausalityInterfaceForComposites._computeInputDepth(CausalityInterfaceForComposites.java:696)
	at ptolemy.actor.util.CausalityInterfaceForComposites._computeActorDepth(CausalityInterfaceForComposites.java:532)
	at ptolemy.actor.util.CausalityInterfaceForComposites.checkForCycles(CausalityInterfaceForComposites.java:96)
	at ptolemy.domains.de.kernel.DEDirector.preinitialize(DEDirector.java:1338)
	at ptolemy.actor.CompositeActor.preinitialize(CompositeActor.java:1828)
	at ptolemy.actor.Manager.preinitializeAndResolveTypes(Manager.java:1040)
	at ptolemy.actor.Manager.initialize(Manager.java:710)
	at ptolemy.actor.Manager.execute(Manager.java:356)
	at ptolemy.actor.Manager.run(Manager.java:1263)
	at ptolemy.actor.Manager$PtolemyRunThread.run(Manager.java:1915)

    while executing
ptolemy.kernel.util.IllegalActionException: Found a zero delay loop containing .dependencyLoop.original
  in .dependencyLoop and .dependencyLoop.original
    while executing
"java::new ptolemy.moml.MoMLSimpleApplication $file
"
    (procedure "createAndExecute" line 2)
    invoked from within
"createAndExecute $file"
    ("uplevel" body line 5)
    invoked from within
"uplevel $contents_of_test"
------------------ testing $PTII/ptolemy/domains/de/test/auto/knownFailedTests/DESDFClockTest.xml (Known Failure) 
2071 ms. Memory: 146944K Free: 121326K (83%)


==== $PTIIhome/travis/build/icyphy/ptII/ptolemy/domains/de/test/../../../../: Auto Automatic test in file $PTII/ptolemy/domains/de/test/auto/knownFailedTests/DESDFClockTest.xml
==== Contents of test case:

	    # FIXME: we should use $relativeFilename here, but it
	    # might have backslashes under Windows, which causes no end
	    # of trouble.
	    createAndExecute $file
	    list {}
	
.... Test generated KNOWN error:
    while executing
ptolemy.kernel.util.IllegalActionException: Actor is not ready to fire.  Perhaps UpSample.prefire() returned false? Try debugging the actor by selecting "Listen to Actor".  Also, for SDF check moml for tokenConsumptionRate on input.
  in .DESDFClockTest.Play Bell.Copy1:SDF Director and .DESDFClockTest.Play Bell.UpSample
	at ptolemy.actor.sched.StaticSchedulingDirector.fire(StaticSchedulingDirector.java:227)
	at ptolemy.domains.sdf.kernel.SDFDirector.fire(SDFDirector.java:500)
	at ptolemy.actor.CompositeActor.fire(CompositeActor.java:455)
	at ptolemy.domains.de.kernel.DEDirector._fire(DEDirector.java:1949)
	at ptolemy.domains.de.kernel.DEDirector.fire(DEDirector.java:502)
	at ptolemy.actor.CompositeActor.fire(CompositeActor.java:455)
	at ptolemy.actor.Manager.iterate(Manager.java:851)
	at ptolemy.actor.Manager.execute(Manager.java:369)
	at ptolemy.actor.Manager.run(Manager.java:1263)
	at ptolemy.actor.Manager$PtolemyRunThread.run(Manager.java:1915)

    while executing
ptolemy.kernel.util.IllegalActionException: Actor is not ready to fire.  Perhaps UpSample.prefire() returned false? Try debugging the actor by selecting "Listen to Actor".  Also, for SDF check moml for tokenConsumptionRate on input.
  in .DESDFClockTest.Play Bell.Copy1:SDF Director and .DESDFClockTest.Play Bell.UpSample
    while executing
"java::new ptolemy.moml.MoMLSimpleApplication $file
"
    (procedure "createAndExecute" line 2)
    invoked from within
"createAndExecute $file"
    ("uplevel" body line 5)
    invoked from within
"uplevel $contents_of_test"
------------------ testing $PTII/ptolemy/domains/de/test/auto/knownFailedTests/FSMSource.xml (Known Failure) 
43 ms. Memory: 146944K Free: 111925K (76%)
!!!! Auto was marked as failing, but now passes
------------------ testing $PTII/ptolemy/domains/de/test/auto/knownFailedTests/dependencyLoop2.xml (Known Failure) 
6 ms. Memory: 146944K Free: 110065K (75%)


==== $PTIIhome/travis/build/icyphy/ptII/ptolemy/domains/de/test/../../../../: Auto Automatic test in file $PTII/ptolemy/domains/de/test/auto/knownFailedTests/dependencyLoop2.xml
==== Contents of test case:

	    # FIXME: we should use $relativeFilename here, but it
	    # might have backslashes under Windows, which causes no end
	    # of trouble.
	    createAndExecute $file
	    list {}
	
.... Test generated KNOWN error:
    while executing
ptolemy.kernel.util.IllegalActionException: Found a zero delay loop containing .dependencyLoop2.original
  in .dependencyLoop2 and .dependencyLoop2.original
	at ptolemy.actor.util.CausalityInterfaceForComposites._computeOutputPortDepth(CausalityInterfaceForComposites.java:759)
	at ptolemy.actor.util.CausalityInterfaceForComposites._computeInputDepth(CausalityInterfaceForComposites.java:696)
	at ptolemy.actor.util.CausalityInterfaceForComposites._computeOutputPortDepth(CausalityInterfaceForComposites.java:765)
	at ptolemy.actor.util.CausalityInterfaceForComposites._computeInputDepth(CausalityInterfaceForComposites.java:696)
	at ptolemy.actor.util.CausalityInterfaceForComposites._computeOutputPortDepth(CausalityInterfaceForComposites.java:765)
	at ptolemy.actor.util.CausalityInterfaceForComposites._computeInputDepth(CausalityInterfaceForComposites.java:696)
	at ptolemy.actor.util.CausalityInterfaceForComposites._computeActorDepth(CausalityInterfaceForComposites.java:532)
	at ptolemy.actor.util.CausalityInterfaceForComposites.checkForCycles(CausalityInterfaceForComposites.java:96)
	at ptolemy.domains.de.kernel.DEDirector.preinitialize(DEDirector.java:1338)
	at ptolemy.actor.CompositeActor.preinitialize(CompositeActor.java:1828)
	at ptolemy.actor.Manager.preinitializeAndResolveTypes(Manager.java:1040)
	at ptolemy.actor.Manager.initialize(Manager.java:710)
	at ptolemy.actor.Manager.execute(Manager.java:356)
	at ptolemy.actor.Manager.run(Manager.java:1263)
	at ptolemy.actor.Manager$PtolemyRunThread.run(Manager.java:1915)

    while executing
ptolemy.kernel.util.IllegalActionException: Found a zero delay loop containing .dependencyLoop2.original
  in .dependencyLoop2 and .dependencyLoop2.original
    while executing
"java::new ptolemy.moml.MoMLSimpleApplication $file
"
    (procedure "createAndExecute" line 2)
    invoked from within
"createAndExecute $file"
    ("uplevel" body line 5)
    invoked from within
"uplevel $contents_of_test"
------------------ testing $PTII/ptolemy/domains/de/test/auto/knownFailedTests/HierarchicalModel.xml (Known Failure) 
8 ms. Memory: 146944K Free: 89978K (61%)


==== $PTIIhome/travis/build/icyphy/ptII/ptolemy/domains/de/test/../../../../: Auto Automatic test in file $PTII/ptolemy/domains/de/test/auto/knownFailedTests/HierarchicalModel.xml
==== Contents of test case:

	    # FIXME: we should use $relativeFilename here, but it
	    # might have backslashes under Windows, which causes no end
	    # of trouble.
	    createAndExecute $file
	    list {}
	
.... Test generated KNOWN error:
    while executing
ptolemy.kernel.util.IllegalActionException: Found a zero delay loop containing .HierarchicalModel.A
  in .HierarchicalModel and .HierarchicalModel.A
	at ptolemy.actor.util.CausalityInterfaceForComposites._computeOutputPortDepth(CausalityInterfaceForComposites.java:759)
	at ptolemy.actor.util.CausalityInterfaceForComposites._computeInputDepth(CausalityInterfaceForComposites.java:696)
	at ptolemy.actor.util.CausalityInterfaceForComposites._computeOutputPortDepth(CausalityInterfaceForComposites.java:765)
	at ptolemy.actor.util.CausalityInterfaceForComposites._computeInputDepth(CausalityInterfaceForComposites.java:696)
	at ptolemy.actor.util.CausalityInterfaceForComposites._computeOutputPortDepth(CausalityInterfaceForComposites.java:765)
	at ptolemy.actor.util.CausalityInterfaceForComposites._computeInputDepth(CausalityInterfaceForComposites.java:696)
	at ptolemy.actor.util.CausalityInterfaceForComposites._computeActorDepth(CausalityInterfaceForComposites.java:532)
	at ptolemy.actor.util.CausalityInterfaceForComposites.checkForCycles(CausalityInterfaceForComposites.java:96)
	at ptolemy.domains.de.kernel.DEDirector.preinitialize(DEDirector.java:1338)
	at ptolemy.actor.CompositeActor.preinitialize(CompositeActor.java:1828)
	at ptolemy.actor.Manager.preinitializeAndResolveTypes(Manager.java:1040)
	at ptolemy.actor.Manager.initialize(Manager.java:710)
	at ptolemy.actor.Manager.execute(Manager.java:356)
	at ptolemy.actor.Manager.run(Manager.java:1263)
	at ptolemy.actor.Manager$PtolemyRunThread.run(Manager.java:1915)

    while executing
ptolemy.kernel.util.IllegalActionException: Found a zero delay loop containing .HierarchicalModel.A
  in .HierarchicalModel and .HierarchicalModel.A
    while executing
"java::new ptolemy.moml.MoMLSimpleApplication $file
"
    (procedure "createAndExecute" line 2)
    invoked from within
"createAndExecute $file"
    ("uplevel" body line 5)
    invoked from within
"uplevel $contents_of_test"
------------------ testing $PTII/ptolemy/domains/de/test/auto/knownFailedTests/DirectFeedback.xml (Known Failure) 
4 ms. Memory: 146944K Free: 85868K (58%)


==== $PTIIhome/travis/build/icyphy/ptII/ptolemy/domains/de/test/../../../../: Auto Automatic test in file $PTII/ptolemy/domains/de/test/auto/knownFailedTests/DirectFeedback.xml
==== Contents of test case:

	    # FIXME: we should use $relativeFilename here, but it
	    # might have backslashes under Windows, which causes no end
	    # of trouble.
	    createAndExecute $file
	    list {}
	
.... Test generated KNOWN error:
    while executing
ptolemy.kernel.util.IllegalActionException: Test fails in iteration 1.
Value was: 1.0. Should have been: 2.0
  in .DirectFeedback.Test
	at ptolemy.actor.lib.Test.fire(Test.java:268)
	at ptolemy.domains.de.kernel.DEDirector._fire(DEDirector.java:1949)
	at ptolemy.domains.de.kernel.DEDirector.fire(DEDirector.java:502)
	at ptolemy.actor.CompositeActor.fire(CompositeActor.java:455)
	at ptolemy.actor.Manager.iterate(Manager.java:851)
	at ptolemy.actor.Manager.execute(Manager.java:369)
	at ptolemy.actor.Manager.run(Manager.java:1263)
	at ptolemy.actor.Manager$PtolemyRunThread.run(Manager.java:1915)

    while executing
ptolemy.kernel.util.IllegalActionException: Test fails in iteration 1.
Value was: 1.0. Should have been: 2.0
  in .DirectFeedback.Test
    while executing
"java::new ptolemy.moml.MoMLSimpleApplication $file
"
    (procedure "createAndExecute" line 2)
    invoked from within
"createAndExecute $file"
    ("uplevel" body line 5)
    invoked from within
"uplevel $contents_of_test"
------------------ testing $PTII/ptolemy/domains/de/test/auto/ActorDepthCalculation_actorWithoutPorts.xml
auto.tcl: Setting watchdog for 200 seconds at Fri Mar 01 21:48:06 UTC 2019
8 ms. Memory: 146944K Free: 138630K (94%)
ptolemy.util.test.WatchDog.cancel(): canceling Fri Mar 01 21:48:06 UTC 2019
auto.tcl: Setting watchdog for 200 seconds at Fri Mar 01 21:48:06 UTC 2019
4 ms. Memory: 146944K Free: 136587K (93%)
ptolemy.util.test.WatchDog.cancel(): canceling Fri Mar 01 21:48:06 UTC 2019
------------------ testing $PTII/ptolemy/domains/de/test/auto/AssemblyLine.xml
auto.tcl: Setting watchdog for 200 seconds at Fri Mar 01 21:48:07 UTC 2019
24 ms. Memory: 208384K Free: 183389K (88%)
ptolemy.util.test.WatchDog.cancel(): canceling Fri Mar 01 21:48:07 UTC 2019
auto.tcl: Setting watchdog for 200 seconds at Fri Mar 01 21:48:07 UTC 2019
13 ms. Memory: 208384K Free: 183389K (88%)
ptolemy.util.test.WatchDog.cancel(): canceling Fri Mar 01 21:48:07 UTC 2019
------------------ testing $PTII/ptolemy/domains/de/test/auto/CQBug1.xml
auto.tcl: Setting watchdog for 200 seconds at Fri Mar 01 21:48:07 UTC 2019
7 ms. Memory: 208384K Free: 197900K (95%)
ptolemy.util.test.WatchDog.cancel(): canceling Fri Mar 01 21:48:07 UTC 2019
auto.tcl: Setting watchdog for 200 seconds at Fri Mar 01 21:48:07 UTC 2019
2 ms. Memory: 208384K Free: 197900K (95%)
ptolemy.util.test.WatchDog.cancel(): canceling Fri Mar 01 21:48:07 UTC 2019
------------------ testing $PTII/ptolemy/domains/de/test/auto/CancelFireAt.xml
auto.tcl: Setting watchdog for 200 seconds at Fri Mar 01 21:48:07 UTC 2019
5 ms. Memory: 208384K Free: 201564K (97%)
ptolemy.util.test.WatchDog.cancel(): canceling Fri Mar 01 21:48:07 UTC 2019
auto.tcl: Setting watchdog for 200 seconds at Fri Mar 01 21:48:07 UTC 2019
6 ms. Memory: 208384K Free: 199520K (96%)
ptolemy.util.test.WatchDog.cancel(): canceling Fri Mar 01 21:48:07 UTC 2019
------------------ testing $PTII/ptolemy/domains/de/test/auto/CausalityAndComposabilityAnalysis.xml
auto.tcl: Setting watchdog for 200 seconds at Fri Mar 01 21:48:07 UTC 2019
9 ms. Memory: 208384K Free: 199118K (96%)
ptolemy.util.test.WatchDog.cancel(): canceling Fri Mar 01 21:48:07 UTC 2019
auto.tcl: Setting watchdog for 200 seconds at Fri Mar 01 21:48:07 UTC 2019
13 ms. Memory: 208384K Free: 197075K (95%)
ptolemy.util.test.WatchDog.cancel(): canceling Fri Mar 01 21:48:07 UTC 2019
------------------ testing $PTII/ptolemy/domains/de/test/auto/CausalityInterface1.xml
auto.tcl: Setting watchdog for 200 seconds at Fri Mar 01 21:48:07 UTC 2019
23 ms. Memory: 208384K Free: 196493K (94%)
ptolemy.util.test.WatchDog.cancel(): canceling Fri Mar 01 21:48:07 UTC 2019
auto.tcl: Setting watchdog for 200 seconds at Fri Mar 01 21:48:07 UTC 2019
4 ms. Memory: 208384K Free: 196493K (94%)
ptolemy.util.test.WatchDog.cancel(): canceling Fri Mar 01 21:48:07 UTC 2019
------------------ testing $PTII/ptolemy/domains/de/test/auto/CausalityInterface15.xml
auto.tcl: Setting watchdog for 200 seconds at Fri Mar 01 21:48:07 UTC 2019
8 ms. Memory: 208384K Free: 196451K (94%)
ptolemy.util.test.WatchDog.cancel(): canceling Fri Mar 01 21:48:07 UTC 2019
auto.tcl: Setting watchdog for 200 seconds at Fri Mar 01 21:48:07 UTC 2019
4 ms. Memory: 208384K Free: 196451K (94%)
ptolemy.util.test.WatchDog.cancel(): canceling Fri Mar 01 21:48:07 UTC 2019
------------------ testing $PTII/ptolemy/domains/de/test/auto/CausalityInterface2.xml
auto.tcl: Setting watchdog for 200 seconds at Fri Mar 01 21:48:07 UTC 2019
4 ms. Memory: 208384K Free: 196467K (94%)
ptolemy.util.test.WatchDog.cancel(): canceling Fri Mar 01 21:48:08 UTC 2019
auto.tcl: Setting watchdog for 200 seconds at Fri Mar 01 21:48:08 UTC 2019
3 ms. Memory: 208384K Free: 196467K (94%)
ptolemy.util.test.WatchDog.cancel(): canceling Fri Mar 01 21:48:08 UTC 2019
------------------ testing $PTII/ptolemy/domains/de/test/auto/CausalityInterface3.xml
auto.tcl: Setting watchdog for 200 seconds at Fri Mar 01 21:48:08 UTC 2019
10 ms. Memory: 208384K Free: 196480K (94%)
ptolemy.util.test.WatchDog.cancel(): canceling Fri Mar 01 21:48:08 UTC 2019
auto.tcl: Setting watchdog for 200 seconds at Fri Mar 01 21:48:08 UTC 2019
3 ms. Memory: 208384K Free: 196480K (94%)
ptolemy.util.test.WatchDog.cancel(): canceling Fri Mar 01 21:48:08 UTC 2019
------------------ testing $PTII/ptolemy/domains/de/test/auto/ClockDrift.xml
auto.tcl: Setting watchdog for 200 seconds at Fri Mar 01 21:48:08 UTC 2019
80 ms. Memory: 208384K Free: 187880K (90%)
ptolemy.util.test.WatchDog.cancel(): canceling Fri Mar 01 21:48:08 UTC 2019
auto.tcl: Setting watchdog for 200 seconds at Fri Mar 01 21:48:08 UTC 2019
45 ms. Memory: 208384K Free: 185837K (89%)
ptolemy.util.test.WatchDog.cancel(): canceling Fri Mar 01 21:48:08 UTC 2019
------------------ testing $PTII/ptolemy/domains/de/test/auto/ClockDriftAndValueChange.xml
auto.tcl: Setting watchdog for 200 seconds at Fri Mar 01 21:48:08 UTC 2019
31 ms. Memory: 208384K Free: 189760K (91%)
ptolemy.util.test.WatchDog.cancel(): canceling Fri Mar 01 21:48:08 UTC 2019
auto.tcl: Setting watchdog for 200 seconds at Fri Mar 01 21:48:08 UTC 2019
31 ms. Memory: 208384K Free: 185670K (89%)
ptolemy.util.test.WatchDog.cancel(): canceling Fri Mar 01 21:48:08 UTC 2019
------------------ testing $PTII/ptolemy/domains/de/test/auto/ClockDriftChange.xml
auto.tcl: Setting watchdog for 200 seconds at Fri Mar 01 21:48:08 UTC 2019
47 ms. Memory: 208384K Free: 190985K (92%)
ptolemy.util.test.WatchDog.cancel(): canceling Fri Mar 01 21:48:08 UTC 2019
auto.tcl: Setting watchdog for 200 seconds at Fri Mar 01 21:48:08 UTC 2019
23 ms. Memory: 208384K Free: 188941K (91%)
ptolemy.util.test.WatchDog.cancel(): canceling Fri Mar 01 21:48:08 UTC 2019
------------------ testing $PTII/ptolemy/domains/de/test/auto/ComposableCausalityAnalysis.xml
auto.tcl: Setting watchdog for 200 seconds at Fri Mar 01 21:48:08 UTC 2019
3 ms. Memory: 208384K Free: 196334K (94%)
ptolemy.util.test.WatchDog.cancel(): canceling Fri Mar 01 21:48:08 UTC 2019
auto.tcl: Setting watchdog for 200 seconds at Fri Mar 01 21:48:08 UTC 2019
2 ms. Memory: 208384K Free: 194290K (93%)
ptolemy.util.test.WatchDog.cancel(): canceling Fri Mar 01 21:48:08 UTC 2019
------------------ testing $PTII/ptolemy/domains/de/test/auto/DEFixedPointLimitation.xml
auto.tcl: Setting watchdog for 200 seconds at Fri Mar 01 21:48:08 UTC 2019
2 ms. Memory: 208384K Free: 198458K (95%)
ptolemy.util.test.WatchDog.cancel(): canceling Fri Mar 01 21:48:08 UTC 2019
auto.tcl: Setting watchdog for 200 seconds at Fri Mar 01 21:48:08 UTC 2019
2 ms. Memory: 208384K Free: 196414K (94%)
ptolemy.util.test.WatchDog.cancel(): canceling Fri Mar 01 21:48:08 UTC 2019
------------------ testing $PTII/ptolemy/domains/de/test/auto/DEScheduleTest.xml
auto.tcl: Setting watchdog for 200 seconds at Fri Mar 01 21:48:08 UTC 2019
4 ms. Memory: 208384K Free: 199013K (96%)
ptolemy.util.test.WatchDog.cancel(): canceling Fri Mar 01 21:48:09 UTC 2019
auto.tcl: Setting watchdog for 200 seconds at Fri Mar 01 21:48:09 UTC 2019
5 ms. Memory: 208384K Free: 196969K (95%)
ptolemy.util.test.WatchDog.cancel(): canceling Fri Mar 01 21:48:09 UTC 2019
------------------ testing $PTII/ptolemy/domains/de/test/auto/DEinDEwithStartTimes.xml
auto.tcl: Setting watchdog for 200 seconds at Fri Mar 01 21:48:09 UTC 2019
7 ms. Memory: 208384K Free: 196420K (94%)
ptolemy.util.test.WatchDog.cancel(): canceling Fri Mar 01 21:48:09 UTC 2019
auto.tcl: Setting watchdog for 200 seconds at Fri Mar 01 21:48:09 UTC 2019
5 ms. Memory: 208384K Free: 196420K (94%)
ptolemy.util.test.WatchDog.cancel(): canceling Fri Mar 01 21:48:09 UTC 2019
------------------ testing $PTII/ptolemy/domains/de/test/auto/DEinDEwithStartTimes2.xml
auto.tcl: Setting watchdog for 200 seconds at Fri Mar 01 21:48:09 UTC 2019
9 ms. Memory: 208384K Free: 196400K (94%)
ptolemy.util.test.WatchDog.cancel(): canceling Fri Mar 01 21:48:09 UTC 2019
auto.tcl: Setting watchdog for 200 seconds at Fri Mar 01 21:48:09 UTC 2019
5 ms. Memory: 208384K Free: 194356K (93%)
ptolemy.util.test.WatchDog.cancel(): canceling Fri Mar 01 21:48:09 UTC 2019
------------------ testing $PTII/ptolemy/domains/de/test/auto/DateDemo.xml
auto.tcl: Setting watchdog for 200 seconds at Fri Mar 01 21:48:09 UTC 2019
9 ms. Memory: 208384K Free: 189006K (91%)
ptolemy.util.test.WatchDog.cancel(): canceling Fri Mar 01 21:48:09 UTC 2019
auto.tcl: Setting watchdog for 200 seconds at Fri Mar 01 21:48:09 UTC 2019
15 ms. Memory: 208384K Free: 186963K (90%)
ptolemy.util.test.WatchDog.cancel(): canceling Fri Mar 01 21:48:09 UTC 2019
------------------ testing $PTII/ptolemy/domains/de/test/auto/DateToEvent.xml
auto.tcl: Setting watchdog for 200 seconds at Fri Mar 01 21:48:09 UTC 2019
2012 ms. Memory: 208384K Free: 183907K (88%)
ptolemy.util.test.WatchDog.cancel(): canceling Fri Mar 01 21:48:11 UTC 2019
auto.tcl: Setting watchdog for 200 seconds at Fri Mar 01 21:48:11 UTC 2019
2007 ms. Memory: 208384K Free: 183907K (88%)
ptolemy.util.test.WatchDog.cancel(): canceling Fri Mar 01 21:48:13 UTC 2019
------------------ testing $PTII/ptolemy/domains/de/test/auto/DepthTest1.xml
auto.tcl: Setting watchdog for 200 seconds at Fri Mar 01 21:48:13 UTC 2019
3 ms. Memory: 208384K Free: 198021K (95%)
ptolemy.util.test.WatchDog.cancel(): canceling Fri Mar 01 21:48:13 UTC 2019
auto.tcl: Setting watchdog for 200 seconds at Fri Mar 01 21:48:13 UTC 2019
4 ms. Memory: 208384K Free: 198021K (95%)
ptolemy.util.test.WatchDog.cancel(): canceling Fri Mar 01 21:48:13 UTC 2019
------------------ testing $PTII/ptolemy/domains/de/test/auto/DepthTest2.xml
auto.tcl: Setting watchdog for 200 seconds at Fri Mar 01 21:48:13 UTC 2019
8 ms. Memory: 208384K Free: 194368K (93%)
ptolemy.util.test.WatchDog.cancel(): canceling Fri Mar 01 21:48:13 UTC 2019
auto.tcl: Setting watchdog for 200 seconds at Fri Mar 01 21:48:13 UTC 2019
6 ms. Memory: 208384K Free: 194368K (93%)
ptolemy.util.test.WatchDog.cancel(): canceling Fri Mar 01 21:48:13 UTC 2019
------------------ testing $PTII/ptolemy/domains/de/test/auto/DepthTest3.xml
auto.tcl: Setting watchdog for 200 seconds at Fri Mar 01 21:48:13 UTC 2019
2 ms. Memory: 208384K Free: 198356K (95%)
ptolemy.util.test.WatchDog.cancel(): canceling Fri Mar 01 21:48:13 UTC 2019
auto.tcl: Setting watchdog for 200 seconds at Fri Mar 01 21:48:13 UTC 2019
2 ms. Memory: 208384K Free: 198356K (95%)
ptolemy.util.test.WatchDog.cancel(): canceling Fri Mar 01 21:48:13 UTC 2019
------------------ testing $PTII/ptolemy/domains/de/test/auto/DepthTest4.xml
auto.tcl: Setting watchdog for 200 seconds at Fri Mar 01 21:48:13 UTC 2019
11 ms. Memory: 208384K Free: 196400K (94%)
ptolemy.util.test.WatchDog.cancel(): canceling Fri Mar 01 21:48:13 UTC 2019
auto.tcl: Setting watchdog for 200 seconds at Fri Mar 01 21:48:13 UTC 2019
3 ms. Memory: 208384K Free: 196400K (94%)
ptolemy.util.test.WatchDog.cancel(): canceling Fri Mar 01 21:48:13 UTC 2019
------------------ testing $PTII/ptolemy/domains/de/test/auto/DepthTest5.xml
auto.tcl: Setting watchdog for 200 seconds at Fri Mar 01 21:48:13 UTC 2019
3 ms. Memory: 208384K Free: 196347K (94%)
ptolemy.util.test.WatchDog.cancel(): canceling Fri Mar 01 21:48:13 UTC 2019
auto.tcl: Setting watchdog for 200 seconds at Fri Mar 01 21:48:13 UTC 2019
2 ms. Memory: 208384K Free: 196347K (94%)
ptolemy.util.test.WatchDog.cancel(): canceling Fri Mar 01 21:48:13 UTC 2019
------------------ testing $PTII/ptolemy/domains/de/test/auto/DepthTest6.xml
auto.tcl: Setting watchdog for 200 seconds at Fri Mar 01 21:48:13 UTC 2019
9 ms. Memory: 208384K Free: 196842K (94%)
ptolemy.util.test.WatchDog.cancel(): canceling Fri Mar 01 21:48:13 UTC 2019
auto.tcl: Setting watchdog for 200 seconds at Fri Mar 01 21:48:13 UTC 2019
2 ms. Memory: 208384K Free: 196842K (94%)
ptolemy.util.test.WatchDog.cancel(): canceling Fri Mar 01 21:48:14 UTC 2019
------------------ testing $PTII/ptolemy/domains/de/test/auto/DepthTest7.xml
auto.tcl: Setting watchdog for 200 seconds at Fri Mar 01 21:48:14 UTC 2019
2 ms. Memory: 208384K Free: 196304K (94%)
ptolemy.util.test.WatchDog.cancel(): canceling Fri Mar 01 21:48:14 UTC 2019
auto.tcl: Setting watchdog for 200 seconds at Fri Mar 01 21:48:14 UTC 2019
2 ms. Memory: 208384K Free: 196304K (94%)
ptolemy.util.test.WatchDog.cancel(): canceling Fri Mar 01 21:48:14 UTC 2019
------------------ testing $PTII/ptolemy/domains/de/test/auto/EventToDate.xml
auto.tcl: Setting watchdog for 200 seconds at Fri Mar 01 21:48:14 UTC 2019
3009 ms. Memory: 208384K Free: 186101K (89%)
ptolemy.util.test.WatchDog.cancel(): canceling Fri Mar 01 21:48:17 UTC 2019
auto.tcl: Setting watchdog for 200 seconds at Fri Mar 01 21:48:17 UTC 2019
3004 ms. Memory: 208384K Free: 186101K (89%)
ptolemy.util.test.WatchDog.cancel(): canceling Fri Mar 01 21:48:20 UTC 2019
------------------ testing $PTII/ptolemy/domains/de/test/auto/FSM1.xml
auto.tcl: Setting watchdog for 200 seconds at Fri Mar 01 21:48:20 UTC 2019
18 ms. Memory: 208384K Free: 189989K (91%)
ptolemy.util.test.WatchDog.cancel(): canceling Fri Mar 01 21:48:20 UTC 2019
auto.tcl: Setting watchdog for 200 seconds at Fri Mar 01 21:48:20 UTC 2019
22 ms. Memory: 208384K Free: 185382K (89%)
ptolemy.util.test.WatchDog.cancel(): canceling Fri Mar 01 21:48:20 UTC 2019
------------------ testing $PTII/ptolemy/domains/de/test/auto/FSM7.xml
auto.tcl: Setting watchdog for 200 seconds at Fri Mar 01 21:48:20 UTC 2019
29 ms. Memory: 208384K Free: 189673K (91%)
ptolemy.util.test.WatchDog.cancel(): canceling Fri Mar 01 21:48:20 UTC 2019
auto.tcl: Setting watchdog for 200 seconds at Fri Mar 01 21:48:20 UTC 2019
27 ms. Memory: 208384K Free: 185586K (89%)
ptolemy.util.test.WatchDog.cancel(): canceling Fri Mar 01 21:48:20 UTC 2019
------------------ testing $PTII/ptolemy/domains/de/test/auto/Inspection.xml
auto.tcl: Setting watchdog for 200 seconds at Fri Mar 01 21:48:20 UTC 2019
42 ms. Memory: 208384K Free: 189361K (91%)
ptolemy.util.test.WatchDog.cancel(): canceling Fri Mar 01 21:48:20 UTC 2019
auto.tcl: Setting watchdog for 200 seconds at Fri Mar 01 21:48:20 UTC 2019
33 ms. Memory: 208384K Free: 187317K (90%)
ptolemy.util.test.WatchDog.cancel(): canceling Fri Mar 01 21:48:20 UTC 2019
------------------ testing $PTII/ptolemy/domains/de/test/auto/Iteration.xml
auto.tcl: Setting watchdog for 200 seconds at Fri Mar 01 21:48:20 UTC 2019
10 ms. Memory: 208384K Free: 196110K (94%)
ptolemy.util.test.WatchDog.cancel(): canceling Fri Mar 01 21:48:20 UTC 2019
auto.tcl: Setting watchdog for 200 seconds at Fri Mar 01 21:48:20 UTC 2019
7 ms. Memory: 208384K Free: 194066K (93%)
ptolemy.util.test.WatchDog.cancel(): canceling Fri Mar 01 21:48:20 UTC 2019
------------------ testing $PTII/ptolemy/domains/de/test/auto/LineFault.xml
auto.tcl: Setting watchdog for 200 seconds at Fri Mar 01 21:48:20 UTC 2019
816 ms. Memory: 208384K Free: 199810K (96%)
ptolemy.util.test.WatchDog.cancel(): canceling Fri Mar 01 21:48:21 UTC 2019
auto.tcl: Setting watchdog for 200 seconds at Fri Mar 01 21:48:21 UTC 2019
654 ms. Memory: 208384K Free: 142336K (68%)
ptolemy.util.test.WatchDog.cancel(): canceling Fri Mar 01 21:48:22 UTC 2019
------------------ testing $PTII/ptolemy/domains/de/test/auto/MergeModel1Add.xml
auto.tcl: Setting watchdog for 200 seconds at Fri Mar 01 21:48:22 UTC 2019
38 ms. Memory: 331264K Free: 300773K (91%)
ptolemy.util.test.WatchDog.cancel(): canceling Fri Mar 01 21:48:22 UTC 2019
auto.tcl: Setting watchdog for 200 seconds at Fri Mar 01 21:48:22 UTC 2019
15 ms. Memory: 331264K Free: 300773K (91%)
ptolemy.util.test.WatchDog.cancel(): canceling Fri Mar 01 21:48:22 UTC 2019
------------------ testing $PTII/ptolemy/domains/de/test/auto/MergeModel2Add.xml
auto.tcl: Setting watchdog for 200 seconds at Fri Mar 01 21:48:22 UTC 2019
10 ms. Memory: 331264K Free: 305715K (92%)
ptolemy.util.test.WatchDog.cancel(): canceling Fri Mar 01 21:48:22 UTC 2019
auto.tcl: Setting watchdog for 200 seconds at Fri Mar 01 21:48:22 UTC 2019
11 ms. Memory: 331264K Free: 302144K (91%)
ptolemy.util.test.WatchDog.cancel(): canceling Fri Mar 01 21:48:22 UTC 2019
------------------ testing $PTII/ptolemy/domains/de/test/auto/MergeModel3Add.xml
auto.tcl: Setting watchdog for 200 seconds at Fri Mar 01 21:48:22 UTC 2019
12 ms. Memory: 331264K Free: 305694K (92%)
ptolemy.util.test.WatchDog.cancel(): canceling Fri Mar 01 21:48:23 UTC 2019
auto.tcl: Setting watchdog for 200 seconds at Fri Mar 01 21:48:23 UTC 2019
10 ms. Memory: 331264K Free: 302123K (91%)
ptolemy.util.test.WatchDog.cancel(): canceling Fri Mar 01 21:48:23 UTC 2019
------------------ testing $PTII/ptolemy/domains/de/test/auto/MergeWithoutDiscard.xml
auto.tcl: Setting watchdog for 200 seconds at Fri Mar 01 21:48:23 UTC 2019
4 ms. Memory: 331264K Free: 316435K (96%)
ptolemy.util.test.WatchDog.cancel(): canceling Fri Mar 01 21:48:23 UTC 2019
auto.tcl: Setting watchdog for 200 seconds at Fri Mar 01 21:48:23 UTC 2019
2 ms. Memory: 331264K Free: 316435K (96%)
ptolemy.util.test.WatchDog.cancel(): canceling Fri Mar 01 21:48:23 UTC 2019
------------------ testing $PTII/ptolemy/domains/de/test/auto/Modal1.xml
auto.tcl: Setting watchdog for 200 seconds at Fri Mar 01 21:48:23 UTC 2019
11 ms. Memory: 331264K Free: 310705K (94%)
ptolemy.util.test.WatchDog.cancel(): canceling Fri Mar 01 21:48:23 UTC 2019
auto.tcl: Setting watchdog for 200 seconds at Fri Mar 01 21:48:23 UTC 2019
13 ms. Memory: 331264K Free: 307134K (93%)
ptolemy.util.test.WatchDog.cancel(): canceling Fri Mar 01 21:48:23 UTC 2019
------------------ testing $PTII/ptolemy/domains/de/test/auto/Modal2.xml
auto.tcl: Setting watchdog for 200 seconds at Fri Mar 01 21:48:23 UTC 2019
11 ms. Memory: 331264K Free: 305647K (92%)
ptolemy.util.test.WatchDog.cancel(): canceling Fri Mar 01 21:48:23 UTC 2019
auto.tcl: Setting watchdog for 200 seconds at Fri Mar 01 21:48:23 UTC 2019
12 ms. Memory: 331264K Free: 302076K (91%)
ptolemy.util.test.WatchDog.cancel(): canceling Fri Mar 01 21:48:23 UTC 2019
------------------ testing $PTII/ptolemy/domains/de/test/auto/Modal3.xml
auto.tcl: Setting watchdog for 200 seconds at Fri Mar 01 21:48:23 UTC 2019
12 ms. Memory: 331264K Free: 310577K (94%)
ptolemy.util.test.WatchDog.cancel(): canceling Fri Mar 01 21:48:23 UTC 2019
auto.tcl: Setting watchdog for 200 seconds at Fri Mar 01 21:48:23 UTC 2019
12 ms. Memory: 331264K Free: 307006K (93%)
ptolemy.util.test.WatchDog.cancel(): canceling Fri Mar 01 21:48:23 UTC 2019
------------------ testing $PTII/ptolemy/domains/de/test/auto/Modal4.xml
auto.tcl: Setting watchdog for 200 seconds at Fri Mar 01 21:48:23 UTC 2019
34 ms. Memory: 331264K Free: 310590K (94%)
ptolemy.util.test.WatchDog.cancel(): canceling Fri Mar 01 21:48:23 UTC 2019
auto.tcl: Setting watchdog for 200 seconds at Fri Mar 01 21:48:23 UTC 2019
26 ms. Memory: 331264K Free: 307019K (93%)
ptolemy.util.test.WatchDog.cancel(): canceling Fri Mar 01 21:48:23 UTC 2019
------------------ testing $PTII/ptolemy/domains/de/test/auto/Modal5.xml
auto.tcl: Setting watchdog for 200 seconds at Fri Mar 01 21:48:23 UTC 2019
19 ms. Memory: 331264K Free: 310577K (94%)
ptolemy.util.test.WatchDog.cancel(): canceling Fri Mar 01 21:48:23 UTC 2019
auto.tcl: Setting watchdog for 200 seconds at Fri Mar 01 21:48:23 UTC 2019
14 ms. Memory: 331264K Free: 307006K (93%)
ptolemy.util.test.WatchDog.cancel(): canceling Fri Mar 01 21:48:23 UTC 2019
------------------ testing $PTII/ptolemy/domains/de/test/auto/Modal6.xml
auto.tcl: Setting watchdog for 200 seconds at Fri Mar 01 21:48:23 UTC 2019
15 ms. Memory: 331264K Free: 310574K (94%)
ptolemy.util.test.WatchDog.cancel(): canceling Fri Mar 01 21:48:23 UTC 2019
auto.tcl: Setting watchdog for 200 seconds at Fri Mar 01 21:48:23 UTC 2019
21 ms. Memory: 331264K Free: 307003K (93%)
ptolemy.util.test.WatchDog.cancel(): canceling Fri Mar 01 21:48:23 UTC 2019
------------------ testing $PTII/ptolemy/domains/de/test/auto/Modal7.xml
auto.tcl: Setting watchdog for 200 seconds at Fri Mar 01 21:48:23 UTC 2019
20 ms. Memory: 331264K Free: 307004K (93%)
ptolemy.util.test.WatchDog.cancel(): canceling Fri Mar 01 21:48:23 UTC 2019
auto.tcl: Setting watchdog for 200 seconds at Fri Mar 01 21:48:23 UTC 2019
10 ms. Memory: 331264K Free: 303432K (92%)
ptolemy.util.test.WatchDog.cancel(): canceling Fri Mar 01 21:48:23 UTC 2019
------------------ testing $PTII/ptolemy/domains/de/test/auto/ModalModel.xml
auto.tcl: Setting watchdog for 200 seconds at Fri Mar 01 21:48:23 UTC 2019
180 ms. Memory: 331264K Free: 248219K (75%)
ptolemy.util.test.WatchDog.cancel(): canceling Fri Mar 01 21:48:24 UTC 2019
auto.tcl: Setting watchdog for 200 seconds at Fri Mar 01 21:48:24 UTC 2019
192 ms. Memory: 331264K Free: 191083K (58%)
ptolemy.util.test.WatchDog.cancel(): canceling Fri Mar 01 21:48:24 UTC 2019
------------------ testing $PTII/ptolemy/domains/de/test/auto/ModalSource.xml
auto.tcl: Setting watchdog for 200 seconds at Fri Mar 01 21:48:24 UTC 2019
11 ms. Memory: 331264K Free: 316859K (96%)
ptolemy.util.test.WatchDog.cancel(): canceling Fri Mar 01 21:48:24 UTC 2019
auto.tcl: Setting watchdog for 200 seconds at Fri Mar 01 21:48:24 UTC 2019
7 ms. Memory: 331264K Free: 313588K (95%)
ptolemy.util.test.WatchDog.cancel(): canceling Fri Mar 01 21:48:24 UTC 2019
------------------ testing $PTII/ptolemy/domains/de/test/auto/NonInterruptibleTimerZeroDelay.xml
auto.tcl: Setting watchdog for 200 seconds at Fri Mar 01 21:48:24 UTC 2019
5 ms. Memory: 331264K Free: 320781K (97%)
ptolemy.util.test.WatchDog.cancel(): canceling Fri Mar 01 21:48:24 UTC 2019
auto.tcl: Setting watchdog for 200 seconds at Fri Mar 01 21:48:24 UTC 2019
2 ms. Memory: 331264K Free: 317511K (96%)
ptolemy.util.test.WatchDog.cancel(): canceling Fri Mar 01 21:48:24 UTC 2019
------------------ testing $PTII/ptolemy/domains/de/test/auto/OpenQueueingNetwork.xml
auto.tcl: Setting watchdog for 200 seconds at Fri Mar 01 21:48:24 UTC 2019
2966 ms. Memory: 573952K Free: 414476K (72%)
ptolemy.util.test.WatchDog.cancel(): canceling Fri Mar 01 21:48:27 UTC 2019
auto.tcl: Setting watchdog for 200 seconds at Fri Mar 01 21:48:27 UTC 2019
2340 ms. Memory: 550912K Free: 325316K (59%)
ptolemy.util.test.WatchDog.cancel(): canceling Fri Mar 01 21:48:30 UTC 2019
------------------ testing $PTII/ptolemy/domains/de/test/auto/OpenQueuingNetwork.xml
auto.tcl: Setting watchdog for 200 seconds at Fri Mar 01 21:48:30 UTC 2019
238 ms. Memory: 549888K Free: 446453K (81%)
ptolemy.util.test.WatchDog.cancel(): canceling Fri Mar 01 21:48:30 UTC 2019
auto.tcl: Setting watchdog for 200 seconds at Fri Mar 01 21:48:30 UTC 2019
226 ms. Memory: 549888K Free: 388991K (71%)
ptolemy.util.test.WatchDog.cancel(): canceling Fri Mar 01 21:48:30 UTC 2019
------------------ testing $PTII/ptolemy/domains/de/test/auto/PeriodicSampler.xml
auto.tcl: Setting watchdog for 200 seconds at Fri Mar 01 21:48:30 UTC 2019
2 ms. Memory: 551936K Free: 537106K (97%)
ptolemy.util.test.WatchDog.cancel(): canceling Fri Mar 01 21:48:30 UTC 2019
auto.tcl: Setting watchdog for 200 seconds at Fri Mar 01 21:48:30 UTC 2019
2 ms. Memory: 551936K Free: 537106K (97%)
ptolemy.util.test.WatchDog.cancel(): canceling Fri Mar 01 21:48:30 UTC 2019
------------------ testing $PTII/ptolemy/domains/de/test/auto/PersistentIO.xml
auto.tcl: Setting watchdog for 200 seconds at Fri Mar 01 21:48:30 UTC 2019
14 ms. Memory: 549376K Free: 525226K (96%)
ptolemy.util.test.WatchDog.cancel(): canceling Fri Mar 01 21:48:30 UTC 2019
auto.tcl: Setting watchdog for 200 seconds at Fri Mar 01 21:48:30 UTC 2019
3 ms. Memory: 549376K Free: 525226K (96%)
ptolemy.util.test.WatchDog.cancel(): canceling Fri Mar 01 21:48:30 UTC 2019
------------------ testing $PTII/ptolemy/domains/de/test/auto/PortParameterResetOnInitialize.xml
auto.tcl: Setting watchdog for 200 seconds at Fri Mar 01 21:48:30 UTC 2019
3 ms. Memory: 551424K Free: 536512K (97%)
ptolemy.util.test.WatchDog.cancel(): canceling Fri Mar 01 21:48:30 UTC 2019
auto.tcl: Setting watchdog for 200 seconds at Fri Mar 01 21:48:30 UTC 2019
1 ms. Memory: 551424K Free: 536512K (97%)
ptolemy.util.test.WatchDog.cancel(): canceling Fri Mar 01 21:48:30 UTC 2019
------------------ testing $PTII/ptolemy/domains/de/test/auto/PortParameterUpdates.xml
auto.tcl: Setting watchdog for 200 seconds at Fri Mar 01 21:48:31 UTC 2019
6 ms. Memory: 549376K Free: 534597K (97%)
ptolemy.util.test.WatchDog.cancel(): canceling Fri Mar 01 21:48:31 UTC 2019
auto.tcl: Setting watchdog for 200 seconds at Fri Mar 01 21:48:31 UTC 2019
4 ms. Memory: 549376K Free: 529357K (96%)
ptolemy.util.test.WatchDog.cancel(): canceling Fri Mar 01 21:48:31 UTC 2019
------------------ testing $PTII/ptolemy/domains/de/test/auto/QueueAndServer.xml
auto.tcl: Setting watchdog for 200 seconds at Fri Mar 01 21:48:31 UTC 2019
16 ms. Memory: 551424K Free: 531369K (96%)
ptolemy.util.test.WatchDog.cancel(): canceling Fri Mar 01 21:48:31 UTC 2019
auto.tcl: Setting watchdog for 200 seconds at Fri Mar 01 21:48:31 UTC 2019
12 ms. Memory: 551424K Free: 531369K (96%)
ptolemy.util.test.WatchDog.cancel(): canceling Fri Mar 01 21:48:31 UTC 2019
------------------ testing $PTII/ptolemy/domains/de/test/auto/Records.xml
auto.tcl: Setting watchdog for 200 seconds at Fri Mar 01 21:48:31 UTC 2019
3 ms. Memory: 549376K Free: 534503K (97%)
ptolemy.util.test.WatchDog.cancel(): canceling Fri Mar 01 21:48:31 UTC 2019
auto.tcl: Setting watchdog for 200 seconds at Fri Mar 01 21:48:31 UTC 2019
3 ms. Memory: 549376K Free: 529279K (96%)
ptolemy.util.test.WatchDog.cancel(): canceling Fri Mar 01 21:48:31 UTC 2019
------------------ testing $PTII/ptolemy/domains/de/test/auto/ResetTransitionWithStartTime1.xml
auto.tcl: Setting watchdog for 200 seconds at Fri Mar 01 21:48:31 UTC 2019
16 ms. Memory: 551424K Free: 531879K (96%)
ptolemy.util.test.WatchDog.cancel(): canceling Fri Mar 01 21:48:31 UTC 2019
auto.tcl: Setting watchdog for 200 seconds at Fri Mar 01 21:48:31 UTC 2019
8 ms. Memory: 551424K Free: 531336K (96%)
ptolemy.util.test.WatchDog.cancel(): canceling Fri Mar 01 21:48:31 UTC 2019
------------------ testing $PTII/ptolemy/domains/de/test/auto/ResetTransitionWithStartTime2.xml
auto.tcl: Setting watchdog for 200 seconds at Fri Mar 01 21:48:31 UTC 2019
10 ms. Memory: 549376K Free: 529823K (96%)
ptolemy.util.test.WatchDog.cancel(): canceling Fri Mar 01 21:48:31 UTC 2019
auto.tcl: Setting watchdog for 200 seconds at Fri Mar 01 21:48:31 UTC 2019
4 ms. Memory: 549376K Free: 529823K (96%)
ptolemy.util.test.WatchDog.cancel(): canceling Fri Mar 01 21:48:31 UTC 2019
------------------ testing $PTII/ptolemy/domains/de/test/auto/ResetTransitionWithStartTime3.xml
auto.tcl: Setting watchdog for 200 seconds at Fri Mar 01 21:48:31 UTC 2019
7 ms. Memory: 550912K Free: 530814K (96%)
ptolemy.util.test.WatchDog.cancel(): canceling Fri Mar 01 21:48:31 UTC 2019
auto.tcl: Setting watchdog for 200 seconds at Fri Mar 01 21:48:31 UTC 2019
6 ms. Memory: 550912K Free: 530814K (96%)
ptolemy.util.test.WatchDog.cancel(): canceling Fri Mar 01 21:48:31 UTC 2019
------------------ testing $PTII/ptolemy/domains/de/test/auto/ResetTransitionWithStartTime4.xml
auto.tcl: Setting watchdog for 200 seconds at Fri Mar 01 21:48:31 UTC 2019
4 ms. Memory: 549376K Free: 529277K (96%)
ptolemy.util.test.WatchDog.cancel(): canceling Fri Mar 01 21:48:31 UTC 2019
auto.tcl: Setting watchdog for 200 seconds at Fri Mar 01 21:48:31 UTC 2019
4 ms. Memory: 549376K Free: 529277K (96%)
ptolemy.util.test.WatchDog.cancel(): canceling Fri Mar 01 21:48:31 UTC 2019
------------------ testing $PTII/ptolemy/domains/de/test/auto/ResettableTimer1.xml
auto.tcl: Setting watchdog for 200 seconds at Fri Mar 01 21:48:31 UTC 2019
3 ms. Memory: 550912K Free: 536049K (97%)
ptolemy.util.test.WatchDog.cancel(): canceling Fri Mar 01 21:48:31 UTC 2019
auto.tcl: Setting watchdog for 200 seconds at Fri Mar 01 21:48:31 UTC 2019
2 ms. Memory: 550912K Free: 536049K (97%)
ptolemy.util.test.WatchDog.cancel(): canceling Fri Mar 01 21:48:31 UTC 2019
------------------ testing $PTII/ptolemy/domains/de/test/auto/ResettableTimer2.xml
auto.tcl: Setting watchdog for 200 seconds at Fri Mar 01 21:48:31 UTC 2019
3 ms. Memory: 549376K Free: 535114K (97%)
ptolemy.util.test.WatchDog.cancel(): canceling Fri Mar 01 21:48:31 UTC 2019
auto.tcl: Setting watchdog for 200 seconds at Fri Mar 01 21:48:31 UTC 2019
2 ms. Memory: 549376K Free: 535114K (97%)
ptolemy.util.test.WatchDog.cancel(): canceling Fri Mar 01 21:48:31 UTC 2019
------------------ testing $PTII/ptolemy/domains/de/test/auto/ResettableTimer3.xml
auto.tcl: Setting watchdog for 200 seconds at Fri Mar 01 21:48:31 UTC 2019
1 ms. Memory: 550912K Free: 536106K (97%)
ptolemy.util.test.WatchDog.cancel(): canceling Fri Mar 01 21:48:31 UTC 2019
auto.tcl: Setting watchdog for 200 seconds at Fri Mar 01 21:48:31 UTC 2019
2 ms. Memory: 550912K Free: 536106K (97%)
ptolemy.util.test.WatchDog.cancel(): canceling Fri Mar 01 21:48:31 UTC 2019
------------------ testing $PTII/ptolemy/domains/de/test/auto/ResettableTimer4.xml
auto.tcl: Setting watchdog for 200 seconds at Fri Mar 01 21:48:31 UTC 2019
2 ms. Memory: 549376K Free: 535126K (97%)
ptolemy.util.test.WatchDog.cancel(): canceling Fri Mar 01 21:48:31 UTC 2019
auto.tcl: Setting watchdog for 200 seconds at Fri Mar 01 21:48:31 UTC 2019
1 ms. Memory: 549376K Free: 535126K (97%)
ptolemy.util.test.WatchDog.cancel(): canceling Fri Mar 01 21:48:31 UTC 2019
------------------ testing $PTII/ptolemy/domains/de/test/auto/ResettableTimer5.xml
auto.tcl: Setting watchdog for 200 seconds at Fri Mar 01 21:48:31 UTC 2019
2 ms. Memory: 550400K Free: 531468K (97%)
ptolemy.util.test.WatchDog.cancel(): canceling Fri Mar 01 21:48:31 UTC 2019
auto.tcl: Setting watchdog for 200 seconds at Fri Mar 01 21:48:31 UTC 2019
2 ms. Memory: 550400K Free: 531468K (97%)
ptolemy.util.test.WatchDog.cancel(): canceling Fri Mar 01 21:48:31 UTC 2019
------------------ testing $PTII/ptolemy/domains/de/test/auto/ResettableTimer6.xml
auto.tcl: Setting watchdog for 200 seconds at Fri Mar 01 21:48:31 UTC 2019
2 ms. Memory: 549376K Free: 520491K (95%)
ptolemy.util.test.WatchDog.cancel(): canceling Fri Mar 01 21:48:31 UTC 2019
auto.tcl: Setting watchdog for 200 seconds at Fri Mar 01 21:48:31 UTC 2019
2 ms. Memory: 549376K Free: 520491K (95%)
ptolemy.util.test.WatchDog.cancel(): canceling Fri Mar 01 21:48:31 UTC 2019
------------------ testing $PTII/ptolemy/domains/de/test/auto/ServerZeroDelay.xml
auto.tcl: Setting watchdog for 200 seconds at Fri Mar 01 21:48:32 UTC 2019
8 ms. Memory: 550400K Free: 536088K (97%)
ptolemy.util.test.WatchDog.cancel(): canceling Fri Mar 01 21:48:32 UTC 2019
auto.tcl: Setting watchdog for 200 seconds at Fri Mar 01 21:48:32 UTC 2019
2 ms. Memory: 550400K Free: 536088K (97%)
ptolemy.util.test.WatchDog.cancel(): canceling Fri Mar 01 21:48:32 UTC 2019
------------------ testing $PTII/ptolemy/domains/de/test/auto/SmartSender.xml
auto.tcl: Setting watchdog for 200 seconds at Fri Mar 01 21:48:32 UTC 2019
3001 ms. Memory: 549376K Free: 535060K (97%)
ptolemy.util.test.WatchDog.cancel(): canceling Fri Mar 01 21:48:35 UTC 2019
auto.tcl: Setting watchdog for 200 seconds at Fri Mar 01 21:48:35 UTC 2019
3001 ms. Memory: 549376K Free: 535060K (97%)
ptolemy.util.test.WatchDog.cancel(): canceling Fri Mar 01 21:48:38 UTC 2019
------------------ testing $PTII/ptolemy/domains/de/test/auto/ThreadedComposite.xml
auto.tcl: Setting watchdog for 200 seconds at Fri Mar 01 21:48:38 UTC 2019
270 ms. Memory: 550400K Free: 511035K (93%)
ptolemy.util.test.WatchDog.cancel(): canceling Fri Mar 01 21:48:38 UTC 2019
auto.tcl: Setting watchdog for 200 seconds at Fri Mar 01 21:48:38 UTC 2019
139 ms. Memory: 550400K Free: 496452K (90%)
ptolemy.util.test.WatchDog.cancel(): canceling Fri Mar 01 21:48:38 UTC 2019
------------------ testing $PTII/ptolemy/domains/de/test/auto/Time.xml
auto.tcl: Setting watchdog for 200 seconds at Fri Mar 01 21:48:38 UTC 2019
479 ms. Memory: 549376K Free: 487444K (89%)
ptolemy.util.test.WatchDog.cancel(): canceling Fri Mar 01 21:48:39 UTC 2019
auto.tcl: Setting watchdog for 200 seconds at Fri Mar 01 21:48:39 UTC 2019
468 ms. Memory: 549376K Free: 435205K (79%)
ptolemy.util.test.WatchDog.cancel(): canceling Fri Mar 01 21:48:39 UTC 2019
------------------ testing $PTII/ptolemy/domains/de/test/auto/TimeDelayZeroDelay.xml
auto.tcl: Setting watchdog for 200 seconds at Fri Mar 01 21:48:39 UTC 2019
2 ms. Memory: 550400K Free: 535462K (97%)
ptolemy.util.test.WatchDog.cancel(): canceling Fri Mar 01 21:48:39 UTC 2019
auto.tcl: Setting watchdog for 200 seconds at Fri Mar 01 21:48:39 UTC 2019
2 ms. Memory: 550400K Free: 535462K (97%)
ptolemy.util.test.WatchDog.cancel(): canceling Fri Mar 01 21:48:39 UTC 2019
------------------ testing $PTII/ptolemy/domains/de/test/auto/TimerZeroDelay.xml
auto.tcl: Setting watchdog for 200 seconds at Fri Mar 01 21:48:39 UTC 2019
4 ms. Memory: 549376K Free: 535025K (97%)
ptolemy.util.test.WatchDog.cancel(): canceling Fri Mar 01 21:48:39 UTC 2019
auto.tcl: Setting watchdog for 200 seconds at Fri Mar 01 21:48:39 UTC 2019
2 ms. Memory: 549376K Free: 535025K (97%)
ptolemy.util.test.WatchDog.cancel(): canceling Fri Mar 01 21:48:39 UTC 2019
------------------ testing $PTII/ptolemy/domains/de/test/auto/TimingParadox.xml
auto.tcl: Setting watchdog for 200 seconds at Fri Mar 01 21:48:39 UTC 2019
352 ms. Memory: 549888K Free: 470828K (86%)
ptolemy.util.test.WatchDog.cancel(): canceling Fri Mar 01 21:48:40 UTC 2019
auto.tcl: Setting watchdog for 200 seconds at Fri Mar 01 21:48:40 UTC 2019
317 ms. Memory: 549888K Free: 434261K (79%)
ptolemy.util.test.WatchDog.cancel(): canceling Fri Mar 01 21:48:40 UTC 2019
------------------ testing $PTII/ptolemy/domains/de/test/auto/TransferInputs.xml
auto.tcl: Setting watchdog for 200 seconds at Fri Mar 01 21:48:40 UTC 2019
1 ms. Memory: 549888K Free: 534496K (97%)
ptolemy.util.test.WatchDog.cancel(): canceling Fri Mar 01 21:48:40 UTC 2019
auto.tcl: Setting watchdog for 200 seconds at Fri Mar 01 21:48:40 UTC 2019
1 ms. Memory: 549888K Free: 534496K (97%)
ptolemy.util.test.WatchDog.cancel(): canceling Fri Mar 01 21:48:40 UTC 2019
------------------ testing $PTII/ptolemy/domains/de/test/auto/TransferOutputs2.xml
auto.tcl: Setting watchdog for 200 seconds at Fri Mar 01 21:48:40 UTC 2019
3 ms. Memory: 549376K Free: 525166K (96%)
ptolemy.util.test.WatchDog.cancel(): canceling Fri Mar 01 21:48:40 UTC 2019
auto.tcl: Setting watchdog for 200 seconds at Fri Mar 01 21:48:40 UTC 2019
3 ms. Memory: 549376K Free: 525166K (96%)
ptolemy.util.test.WatchDog.cancel(): canceling Fri Mar 01 21:48:40 UTC 2019
------------------ testing $PTII/ptolemy/domains/de/test/auto/Trilateration.xml
auto.tcl: Setting watchdog for 200 seconds at Fri Mar 01 21:48:40 UTC 2019
14274 ms. Memory: 766976K Free: 260464K (34%)
ptolemy.util.test.WatchDog.cancel(): canceling Fri Mar 01 21:48:55 UTC 2019
auto.tcl: Setting watchdog for 200 seconds at Fri Mar 01 21:48:55 UTC 2019
11347 ms. Memory: 646144K Free: 109880K (17%)
ptolemy.util.test.WatchDog.cancel(): canceling Fri Mar 01 21:49:07 UTC 2019
------------------ testing $PTII/ptolemy/domains/de/test/auto/TwoSigmaDelta.xml
auto.tcl: Setting watchdog for 200 seconds at Fri Mar 01 21:49:07 UTC 2019
3169 ms. Memory: 649728K Free: 330279K (51%)
ptolemy.util.test.WatchDog.cancel(): canceling Fri Mar 01 21:49:10 UTC 2019
auto.tcl: Setting watchdog for 200 seconds at Fri Mar 01 21:49:10 UTC 2019
2236 ms. Memory: 649728K Free: 84474K (13%)
ptolemy.util.test.WatchDog.cancel(): canceling Fri Mar 01 21:49:13 UTC 2019
------------------ testing $PTII/ptolemy/domains/de/test/auto/VariableDelay.xml
auto.tcl: Setting watchdog for 200 seconds at Fri Mar 01 21:49:13 UTC 2019
3 ms. Memory: 646656K Free: 627506K (97%)
ptolemy.util.test.WatchDog.cancel(): canceling Fri Mar 01 21:49:13 UTC 2019
auto.tcl: Setting watchdog for 200 seconds at Fri Mar 01 21:49:13 UTC 2019
2 ms. Memory: 646656K Free: 627506K (97%)
ptolemy.util.test.WatchDog.cancel(): canceling Fri Mar 01 21:49:13 UTC 2019
------------------ testing $PTII/ptolemy/domains/de/test/auto/VariableDelay2.xml
auto.tcl: Setting watchdog for 200 seconds at Fri Mar 01 21:49:13 UTC 2019
5 ms. Memory: 646144K Free: 627483K (97%)
ptolemy.util.test.WatchDog.cancel(): canceling Fri Mar 01 21:49:13 UTC 2019
auto.tcl: Setting watchdog for 200 seconds at Fri Mar 01 21:49:13 UTC 2019
2 ms. Memory: 646144K Free: 627483K (97%)
ptolemy.util.test.WatchDog.cancel(): canceling Fri Mar 01 21:49:13 UTC 2019
------------------ testing $PTII/ptolemy/domains/de/test/auto/VariableDelayZeroDelay.xml
auto.tcl: Setting watchdog for 200 seconds at Fri Mar 01 21:49:13 UTC 2019
2 ms. Memory: 646144K Free: 621834K (96%)
ptolemy.util.test.WatchDog.cancel(): canceling Fri Mar 01 21:49:13 UTC 2019
auto.tcl: Setting watchdog for 200 seconds at Fri Mar 01 21:49:13 UTC 2019
2 ms. Memory: 646144K Free: 621834K (96%)
ptolemy.util.test.WatchDog.cancel(): canceling Fri Mar 01 21:49:13 UTC 2019
------------------ testing $PTII/ptolemy/domains/de/test/auto/VariableDelayZeroDelay2.xml
auto.tcl: Setting watchdog for 200 seconds at Fri Mar 01 21:49:13 UTC 2019
1 ms. Memory: 649216K Free: 624905K (96%)
ptolemy.util.test.WatchDog.cancel(): canceling Fri Mar 01 21:49:13 UTC 2019
auto.tcl: Setting watchdog for 200 seconds at Fri Mar 01 21:49:13 UTC 2019
2 ms. Memory: 649216K Free: 624905K (96%)
ptolemy.util.test.WatchDog.cancel(): canceling Fri Mar 01 21:49:13 UTC 2019
------------------ testing $PTII/ptolemy/domains/de/test/auto/deInCt.xml
auto.tcl: Setting watchdog for 200 seconds at Fri Mar 01 21:49:13 UTC 2019
0
1
1
1
1
1
0
0
0
1
1
1
1
0
0
0
1
1
1
1
1
0
0
0
1
1
0
0
0
1
1
1
0
0
0
1
1
1
1
7 ms. Memory: 646144K Free: 621754K (96%)
ptolemy.util.test.WatchDog.cancel(): canceling Fri Mar 01 21:49:13 UTC 2019
auto.tcl: Setting watchdog for 200 seconds at Fri Mar 01 21:49:13 UTC 2019
0
1
1
1
1
0
0
1
1
1
1
1
0
0
0
0
1
1
1
0
0
0
1
1
1
1
1
0
0
0
0
0
6 ms. Memory: 646144K Free: 621754K (96%)
ptolemy.util.test.WatchDog.cancel(): canceling Fri Mar 01 21:49:13 UTC 2019
------------------ testing $PTII/ptolemy/domains/de/test/auto/deInCt2.xml
auto.tcl: Setting watchdog for 200 seconds at Fri Mar 01 21:49:13 UTC 2019
0
1
1
1
0
0
1
1
1
0
0
1
1
1
0
0
1
1
1
0
0
1
1
1
0
0
1
1
1
0
0
1
1
1
0
0
1
1
1
0
0
0
9 ms. Memory: 648704K Free: 624313K (96%)
ptolemy.util.test.WatchDog.cancel(): canceling Fri Mar 01 21:49:13 UTC 2019
auto.tcl: Setting watchdog for 200 seconds at Fri Mar 01 21:49:13 UTC 2019
0
1
1
1
0
0
1
1
1
0
0
1
1
1
0
0
1
1
1
0
0
1
1
1
0
0
1
1
1
0
0
1
1
1
0
0
1
1
1
0
0
0
6 ms. Memory: 648704K Free: 624313K (96%)
ptolemy.util.test.WatchDog.cancel(): canceling Fri Mar 01 21:49:13 UTC 2019
------------------ testing $PTII/ptolemy/domains/de/test/auto/dynamicCausalityInterface1.xml
auto.tcl: Setting watchdog for 200 seconds at Fri Mar 01 21:49:13 UTC 2019
1 ms. Memory: 646144K Free: 618971K (96%)
ptolemy.util.test.WatchDog.cancel(): canceling Fri Mar 01 21:49:13 UTC 2019
auto.tcl: Setting watchdog for 200 seconds at Fri Mar 01 21:49:13 UTC 2019
1 ms. Memory: 646144K Free: 618971K (96%)
ptolemy.util.test.WatchDog.cancel(): canceling Fri Mar 01 21:49:13 UTC 2019
------------------ testing $PTII/ptolemy/domains/de/test/auto/fsm_de_test.xml
auto.tcl: Setting watchdog for 200 seconds at Fri Mar 01 21:49:13 UTC 2019
9 ms. Memory: 648192K Free: 623767K (96%)
ptolemy.util.test.WatchDog.cancel(): canceling Fri Mar 01 21:49:13 UTC 2019
auto.tcl: Setting watchdog for 200 seconds at Fri Mar 01 21:49:13 UTC 2019
5 ms. Memory: 648192K Free: 615250K (95%)
ptolemy.util.test.WatchDog.cancel(): canceling Fri Mar 01 21:49:13 UTC 2019
------------------ testing $PTII/ptolemy/domains/de/test/auto/functionDependencyReconstruction.xml
auto.tcl: Setting watchdog for 200 seconds at Fri Mar 01 21:49:13 UTC 2019
2 ms. Memory: 646144K Free: 613193K (95%)
ptolemy.util.test.WatchDog.cancel(): canceling Fri Mar 01 21:49:13 UTC 2019
auto.tcl: Setting watchdog for 200 seconds at Fri Mar 01 21:49:13 UTC 2019
3 ms. Memory: 646144K Free: 613193K (95%)
ptolemy.util.test.WatchDog.cancel(): canceling Fri Mar 01 21:49:13 UTC 2019
------------------ testing $PTII/ptolemy/domains/de/test/auto/multirate.xml
auto.tcl: Setting watchdog for 200 seconds at Fri Mar 01 21:49:13 UTC 2019
5 ms. Memory: 648192K Free: 629203K (97%)
ptolemy.util.test.WatchDog.cancel(): canceling Fri Mar 01 21:49:13 UTC 2019
auto.tcl: Setting watchdog for 200 seconds at Fri Mar 01 21:49:13 UTC 2019
4 ms. Memory: 648192K Free: 629203K (97%)
ptolemy.util.test.WatchDog.cancel(): canceling Fri Mar 01 21:49:13 UTC 2019
------------------ testing $PTII/ptolemy/domains/de/test/auto/multirate2.xml
auto.tcl: Setting watchdog for 200 seconds at Fri Mar 01 21:49:13 UTC 2019
7 ms. Memory: 646144K Free: 627418K (97%)
ptolemy.util.test.WatchDog.cancel(): canceling Fri Mar 01 21:49:13 UTC 2019
auto.tcl: Setting watchdog for 200 seconds at Fri Mar 01 21:49:13 UTC 2019
3 ms. Memory: 646144K Free: 627418K (97%)
ptolemy.util.test.WatchDog.cancel(): canceling Fri Mar 01 21:49:13 UTC 2019
------------------ testing $PTII/ptolemy/domains/de/test/auto/realtime.xml
auto.tcl: Setting watchdog for 200 seconds at Fri Mar 01 21:49:13 UTC 2019
10002 ms. Memory: 647680K Free: 623229K (96%)
ptolemy.util.test.WatchDog.cancel(): canceling Fri Mar 01 21:49:23 UTC 2019
auto.tcl: Setting watchdog for 200 seconds at Fri Mar 01 21:49:23 UTC 2019
10001 ms. Memory: 647680K Free: 623229K (96%)
ptolemy.util.test.WatchDog.cancel(): canceling Fri Mar 01 21:49:33 UTC 2019
------------------ testing $PTII/ptolemy/domains/de/test/auto/relationGroup.xml
auto.tcl: Setting watchdog for 200 seconds at Fri Mar 01 21:49:33 UTC 2019
2 ms. Memory: 646144K Free: 627442K (97%)
ptolemy.util.test.WatchDog.cancel(): canceling Fri Mar 01 21:49:33 UTC 2019
auto.tcl: Setting watchdog for 200 seconds at Fri Mar 01 21:49:33 UTC 2019
2 ms. Memory: 646144K Free: 627442K (97%)
ptolemy.util.test.WatchDog.cancel(): canceling Fri Mar 01 21:49:33 UTC 2019
------------------ testing $PTII/ptolemy/domains/de/test/auto/relationGroup2.xml
auto.tcl: Setting watchdog for 200 seconds at Fri Mar 01 21:49:34 UTC 2019
2 ms. Memory: 647680K Free: 623357K (96%)
ptolemy.util.test.WatchDog.cancel(): canceling Fri Mar 01 21:49:34 UTC 2019
auto.tcl: Setting watchdog for 200 seconds at Fri Mar 01 21:49:34 UTC 2019
2 ms. Memory: 647680K Free: 623357K (96%)
ptolemy.util.test.WatchDog.cancel(): canceling Fri Mar 01 21:49:34 UTC 2019
------------------ testing $PTII/ptolemy/domains/de/test/auto/sortWithOpaquePorts.xml
auto.tcl: Setting watchdog for 200 seconds at Fri Mar 01 21:49:34 UTC 2019
2 ms. Memory: 646144K Free: 621820K (96%)
ptolemy.util.test.WatchDog.cancel(): canceling Fri Mar 01 21:49:34 UTC 2019
auto.tcl: Setting watchdog for 200 seconds at Fri Mar 01 21:49:34 UTC 2019
2 ms. Memory: 646144K Free: 621820K (96%)
ptolemy.util.test.WatchDog.cancel(): canceling Fri Mar 01 21:49:34 UTC 2019
------------------ testing $PTII/ptolemy/domains/de/test/auto/transferInputsandOutputs.xml
auto.tcl: Setting watchdog for 200 seconds at Fri Mar 01 21:49:34 UTC 2019
3 ms. Memory: 647168K Free: 622832K (96%)
ptolemy.util.test.WatchDog.cancel(): canceling Fri Mar 01 21:49:34 UTC 2019
auto.tcl: Setting watchdog for 200 seconds at Fri Mar 01 21:49:34 UTC 2019
2 ms. Memory: 647168K Free: 622832K (96%)
ptolemy.util.test.WatchDog.cancel(): canceling Fri Mar 01 21:49:34 UTC 2019
------------------ testing $PTII/ptolemy/domains/de/test/auto/triggerType.xml
auto.tcl: Setting watchdog for 200 seconds at Fri Mar 01 21:49:34 UTC 2019
1 ms. Memory: 646144K Free: 621758K (96%)
ptolemy.util.test.WatchDog.cancel(): canceling Fri Mar 01 21:49:34 UTC 2019
auto.tcl: Setting watchdog for 200 seconds at Fri Mar 01 21:49:34 UTC 2019
2 ms. Memory: 646144K Free: 621758K (96%)
ptolemy.util.test.WatchDog.cancel(): canceling Fri Mar 01 21:49:34 UTC 2019
03/01/19 09:49:34
Failed: 0  Total Tests: 192  ((Passed: 187, Newly Passed: 1)  Known Failed: 5) /home/travis/build/icyphy/ptII/ptolemy/domains/de/test
03/01/19 09:49:34
Failed: 0  Total Tests: 192  ((Passed: 187, Newly Passed: 1)  Known Failed: 5) /home/travis/build/icyphy/ptII/ptolemy/domains/de/test
----------------- testing (KnownFailure) /home/travis/build/icyphy/ptII/ptolemy/domains/de/test/auto/knownFailedTests/DESDFClockTest.xml
2024 ms. Memory: 647168K Free: 611465K (94%)
Known Failure: java.lang.reflect.InvocationTargetException
----------------- testing (KnownFailure) /home/travis/build/icyphy/ptII/ptolemy/domains/de/test/auto/knownFailedTests/DirectFeedback.xml
2 ms. Memory: 647168K Free: 566286K (88%)
Known Failure: java.lang.reflect.InvocationTargetException
----------------- testing (KnownFailure) /home/travis/build/icyphy/ptII/ptolemy/domains/de/test/auto/knownFailedTests/FSMSource.xml
6 ms. Memory: 647168K Free: 521107K (81%)
----------------- testing (KnownFailure) /home/travis/build/icyphy/ptII/ptolemy/domains/de/test/auto/knownFailedTests/HierarchicalModel.xml
3 ms. Memory: 647168K Free: 487206K (75%)
Known Failure: java.lang.reflect.InvocationTargetException
----------------- testing (KnownFailure) /home/travis/build/icyphy/ptII/ptolemy/domains/de/test/auto/knownFailedTests/dependencyLoop.xml
2 ms. Memory: 647168K Free: 430716K (67%)
Known Failure: java.lang.reflect.InvocationTargetException
----------------- testing (KnownFailure) /home/travis/build/icyphy/ptII/ptolemy/domains/de/test/auto/knownFailedTests/dependencyLoop2.xml
3 ms. Memory: 647168K Free: 374227K (58%)
Known Failure: java.lang.reflect.InvocationTargetException
No auto/linux-amd64/*.xml tests in /home/travis/build/icyphy/ptII/ptolemy/domains/de/test
AutoTests.java: About to close Vertx.
AutoTests.java: Vertx closed.

===========================================================================================
----------------- testing Fri Mar 01 21:49:36 UTC 2019 /home/travis/build/icyphy/ptII/ptolemy/domains/de/test/auto/ActorDepthCalculation_actorWithoutPorts.xml
----------------- Instantiating /home/travis/build/icyphy/ptII/ptolemy/domains/de/test/auto/ActorDepthCalculation_actorWithoutPorts.xml
1 ms. Memory: 647168K Free: 317753K (49%)
----------------- Invoking toplevel() on ptolemy.moml.MoMLSimpleApplication@44c55871
----------------- Done invoking toplevel() on ptolemy.moml.MoMLSimpleApplication@44c55871
reloadAllAccessors: .ActorDepthCalculation_actorWithoutPorts

===========================================================================================
----------------- testing Fri Mar 01 21:49:36 UTC 2019 /home/travis/build/icyphy/ptII/ptolemy/domains/de/test/auto/AssemblyLine.xml
----------------- Instantiating /home/travis/build/icyphy/ptII/ptolemy/domains/de/test/auto/AssemblyLine.xml
2 ms. Memory: 647168K Free: 295163K (46%)
----------------- Invoking toplevel() on ptolemy.moml.MoMLSimpleApplication@54a56132
----------------- Done invoking toplevel() on ptolemy.moml.MoMLSimpleApplication@54a56132
reloadAllAccessors: .AssemblyLine

===========================================================================================
----------------- testing Fri Mar 01 21:49:36 UTC 2019 /home/travis/build/icyphy/ptII/ptolemy/domains/de/test/auto/CQBug1.xml
----------------- Instantiating /home/travis/build/icyphy/ptII/ptolemy/domains/de/test/auto/CQBug1.xml
1 ms. Memory: 647168K Free: 272574K (42%)
----------------- Invoking toplevel() on ptolemy.moml.MoMLSimpleApplication@5c774bb2
----------------- Done invoking toplevel() on ptolemy.moml.MoMLSimpleApplication@5c774bb2
reloadAllAccessors: .CQBug1

===========================================================================================
----------------- testing Fri Mar 01 21:49:36 UTC 2019 /home/travis/build/icyphy/ptII/ptolemy/domains/de/test/auto/CancelFireAt.xml
----------------- Instantiating /home/travis/build/icyphy/ptII/ptolemy/domains/de/test/auto/CancelFireAt.xml
3 ms. Memory: 647168K Free: 249984K (39%)
----------------- Invoking toplevel() on ptolemy.moml.MoMLSimpleApplication@2369333f
----------------- Done invoking toplevel() on ptolemy.moml.MoMLSimpleApplication@2369333f
reloadAllAccessors: .CancelFireAt

===========================================================================================
----------------- testing Fri Mar 01 21:49:36 UTC 2019 /home/travis/build/icyphy/ptII/ptolemy/domains/de/test/auto/CausalityAndComposabilityAnalysis.xml
----------------- Instantiating /home/travis/build/icyphy/ptII/ptolemy/domains/de/test/auto/CausalityAndComposabilityAnalysis.xml
2 ms. Memory: 647168K Free: 227395K (35%)
----------------- Invoking toplevel() on ptolemy.moml.MoMLSimpleApplication@2398f961
----------------- Done invoking toplevel() on ptolemy.moml.MoMLSimpleApplication@2398f961
reloadAllAccessors: .CausalityAndComposabilityAnalysis

===========================================================================================
----------------- testing Fri Mar 01 21:49:36 UTC 2019 /home/travis/build/icyphy/ptII/ptolemy/domains/de/test/auto/CausalityInterface1.xml
----------------- Instantiating /home/travis/build/icyphy/ptII/ptolemy/domains/de/test/auto/CausalityInterface1.xml
5 ms. Memory: 647168K Free: 204805K (32%)
----------------- Invoking toplevel() on ptolemy.moml.MoMLSimpleApplication@259df8dd
----------------- Done invoking toplevel() on ptolemy.moml.MoMLSimpleApplication@259df8dd
reloadAllAccessors: .CausalityInterface1

===========================================================================================
----------------- testing Fri Mar 01 21:49:36 UTC 2019 /home/travis/build/icyphy/ptII/ptolemy/domains/de/test/auto/CausalityInterface15.xml
----------------- Instantiating /home/travis/build/icyphy/ptII/ptolemy/domains/de/test/auto/CausalityInterface15.xml
2 ms. Memory: 647168K Free: 182216K (28%)
----------------- Invoking toplevel() on ptolemy.moml.MoMLSimpleApplication@41823708
----------------- Done invoking toplevel() on ptolemy.moml.MoMLSimpleApplication@41823708
reloadAllAccessors: .CausalityInterface15

===========================================================================================
----------------- testing Fri Mar 01 21:49:36 UTC 2019 /home/travis/build/icyphy/ptII/ptolemy/domains/de/test/auto/CausalityInterface2.xml
----------------- Instantiating /home/travis/build/icyphy/ptII/ptolemy/domains/de/test/auto/CausalityInterface2.xml
2 ms. Memory: 647168K Free: 159626K (25%)
----------------- Invoking toplevel() on ptolemy.moml.MoMLSimpleApplication@35b0fc5b
----------------- Done invoking toplevel() on ptolemy.moml.MoMLSimpleApplication@35b0fc5b
reloadAllAccessors: .CausalityInterface2

===========================================================================================
----------------- testing Fri Mar 01 21:49:36 UTC 2019 /home/travis/build/icyphy/ptII/ptolemy/domains/de/test/auto/CausalityInterface3.xml
----------------- Instantiating /home/travis/build/icyphy/ptII/ptolemy/domains/de/test/auto/CausalityInterface3.xml
1 ms. Memory: 647168K Free: 137037K (21%)
----------------- Invoking toplevel() on ptolemy.moml.MoMLSimpleApplication@622da39b
----------------- Done invoking toplevel() on ptolemy.moml.MoMLSimpleApplication@622da39b
reloadAllAccessors: .CausalityInterface3

===========================================================================================
----------------- testing Fri Mar 01 21:49:36 UTC 2019 /home/travis/build/icyphy/ptII/ptolemy/domains/de/test/auto/ClockDrift.xml
----------------- Instantiating /home/travis/build/icyphy/ptII/ptolemy/domains/de/test/auto/ClockDrift.xml
10 ms. Memory: 647168K Free: 114447K (18%)
----------------- Invoking toplevel() on ptolemy.moml.MoMLSimpleApplication@7294047
----------------- Done invoking toplevel() on ptolemy.moml.MoMLSimpleApplication@7294047
reloadAllAccessors: .ClockDrift

===========================================================================================
----------------- testing Fri Mar 01 21:49:36 UTC 2019 /home/travis/build/icyphy/ptII/ptolemy/domains/de/test/auto/ClockDriftAndValueChange.xml
----------------- Instantiating /home/travis/build/icyphy/ptII/ptolemy/domains/de/test/auto/ClockDriftAndValueChange.xml
14 ms. Memory: 647168K Free: 91858K (14%)
----------------- Invoking toplevel() on ptolemy.moml.MoMLSimpleApplication@39e891b1
----------------- Done invoking toplevel() on ptolemy.moml.MoMLSimpleApplication@39e891b1
reloadAllAccessors: .ClockDriftAndValueChange

===========================================================================================
----------------- testing Fri Mar 01 21:49:36 UTC 2019 /home/travis/build/icyphy/ptII/ptolemy/domains/de/test/auto/ClockDriftChange.xml
----------------- Instantiating /home/travis/build/icyphy/ptII/ptolemy/domains/de/test/auto/ClockDriftChange.xml
11 ms. Memory: 647168K Free: 77896K (12%)
----------------- Invoking toplevel() on ptolemy.moml.MoMLSimpleApplication@15f42bee
----------------- Done invoking toplevel() on ptolemy.moml.MoMLSimpleApplication@15f42bee
reloadAllAccessors: .ClockDriftChange

===========================================================================================
----------------- testing Fri Mar 01 21:49:36 UTC 2019 /home/travis/build/icyphy/ptII/ptolemy/domains/de/test/auto/ComposableCausalityAnalysis.xml
----------------- Instantiating /home/travis/build/icyphy/ptII/ptolemy/domains/de/test/auto/ComposableCausalityAnalysis.xml
1 ms. Memory: 619520K Free: 593194K (96%)
----------------- Invoking toplevel() on ptolemy.moml.MoMLSimpleApplication@3e3812a0
----------------- Done invoking toplevel() on ptolemy.moml.MoMLSimpleApplication@3e3812a0
reloadAllAccessors: .ComposableCausalityAnalysis

===========================================================================================
----------------- testing Fri Mar 01 21:49:36 UTC 2019 /home/travis/build/icyphy/ptII/ptolemy/domains/de/test/auto/DEFixedPointLimitation.xml
----------------- Instantiating /home/travis/build/icyphy/ptII/ptolemy/domains/de/test/auto/DEFixedPointLimitation.xml
1 ms. Memory: 619520K Free: 566404K (91%)
----------------- Invoking toplevel() on ptolemy.moml.MoMLSimpleApplication@7ac16d8e
----------------- Done invoking toplevel() on ptolemy.moml.MoMLSimpleApplication@7ac16d8e
reloadAllAccessors: .DEFixedPointLimitation

===========================================================================================
----------------- testing Fri Mar 01 21:49:36 UTC 2019 /home/travis/build/icyphy/ptII/ptolemy/domains/de/test/auto/DEScheduleTest.xml
----------------- Instantiating /home/travis/build/icyphy/ptII/ptolemy/domains/de/test/auto/DEScheduleTest.xml
2 ms. Memory: 619520K Free: 544880K (88%)
----------------- Invoking toplevel() on ptolemy.moml.MoMLSimpleApplication@1436f4d7
----------------- Done invoking toplevel() on ptolemy.moml.MoMLSimpleApplication@1436f4d7
reloadAllAccessors: .DEScheduleTest

===========================================================================================
----------------- testing Fri Mar 01 21:49:36 UTC 2019 /home/travis/build/icyphy/ptII/ptolemy/domains/de/test/auto/DEinDEwithStartTimes.xml
----------------- Instantiating /home/travis/build/icyphy/ptII/ptolemy/domains/de/test/auto/DEinDEwithStartTimes.xml
2 ms. Memory: 619520K Free: 523355K (84%)
----------------- Invoking toplevel() on ptolemy.moml.MoMLSimpleApplication@749ad5a
----------------- Done invoking toplevel() on ptolemy.moml.MoMLSimpleApplication@749ad5a
reloadAllAccessors: .DEinDEwithStartTimes

===========================================================================================
----------------- testing Fri Mar 01 21:49:36 UTC 2019 /home/travis/build/icyphy/ptII/ptolemy/domains/de/test/auto/DEinDEwithStartTimes2.xml
----------------- Instantiating /home/travis/build/icyphy/ptII/ptolemy/domains/de/test/auto/DEinDEwithStartTimes2.xml
2 ms. Memory: 619520K Free: 501831K (81%)
----------------- Invoking toplevel() on ptolemy.moml.MoMLSimpleApplication@6cc413ea
----------------- Done invoking toplevel() on ptolemy.moml.MoMLSimpleApplication@6cc413ea
reloadAllAccessors: .DEinDEwithStartTimes2

===========================================================================================
----------------- testing Fri Mar 01 21:49:36 UTC 2019 /home/travis/build/icyphy/ptII/ptolemy/domains/de/test/auto/DateDemo.xml
----------------- Instantiating /home/travis/build/icyphy/ptII/ptolemy/domains/de/test/auto/DateDemo.xml
4 ms. Memory: 619520K Free: 480259K (78%)
----------------- Invoking toplevel() on ptolemy.moml.MoMLSimpleApplication@5b78ad3b
----------------- Done invoking toplevel() on ptolemy.moml.MoMLSimpleApplication@5b78ad3b
reloadAllAccessors: .DateDemo

===========================================================================================
----------------- testing Fri Mar 01 21:49:36 UTC 2019 /home/travis/build/icyphy/ptII/ptolemy/domains/de/test/auto/DateToEvent.xml
----------------- Instantiating /home/travis/build/icyphy/ptII/ptolemy/domains/de/test/auto/DateToEvent.xml
2005 ms. Memory: 619520K Free: 447964K (72%)
----------------- Invoking toplevel() on ptolemy.moml.MoMLSimpleApplication@7dc15744
----------------- Done invoking toplevel() on ptolemy.moml.MoMLSimpleApplication@7dc15744
reloadAllAccessors: .DateToEvent

===========================================================================================
----------------- testing Fri Mar 01 21:49:39 UTC 2019 /home/travis/build/icyphy/ptII/ptolemy/domains/de/test/auto/DepthTest1.xml
----------------- Instantiating /home/travis/build/icyphy/ptII/ptolemy/domains/de/test/auto/DepthTest1.xml
2 ms. Memory: 619520K Free: 426440K (69%)
----------------- Invoking toplevel() on ptolemy.moml.MoMLSimpleApplication@eb9561c
----------------- Done invoking toplevel() on ptolemy.moml.MoMLSimpleApplication@eb9561c
reloadAllAccessors: .DepthTest1

===========================================================================================
----------------- testing Fri Mar 01 21:49:39 UTC 2019 /home/travis/build/icyphy/ptII/ptolemy/domains/de/test/auto/DepthTest2.xml
----------------- Instantiating /home/travis/build/icyphy/ptII/ptolemy/domains/de/test/auto/DepthTest2.xml
6 ms. Memory: 619520K Free: 404915K (65%)
----------------- Invoking toplevel() on ptolemy.moml.MoMLSimpleApplication@2a9969af
----------------- Done invoking toplevel() on ptolemy.moml.MoMLSimpleApplication@2a9969af
reloadAllAccessors: .DepthTest2

===========================================================================================
----------------- testing Fri Mar 01 21:49:39 UTC 2019 /home/travis/build/icyphy/ptII/ptolemy/domains/de/test/auto/DepthTest3.xml
----------------- Instantiating /home/travis/build/icyphy/ptII/ptolemy/domains/de/test/auto/DepthTest3.xml
1 ms. Memory: 619520K Free: 383391K (62%)
----------------- Invoking toplevel() on ptolemy.moml.MoMLSimpleApplication@590d3ffb
----------------- Done invoking toplevel() on ptolemy.moml.MoMLSimpleApplication@590d3ffb
reloadAllAccessors: .DepthTest3

===========================================================================================
----------------- testing Fri Mar 01 21:49:39 UTC 2019 /home/travis/build/icyphy/ptII/ptolemy/domains/de/test/auto/DepthTest4.xml
----------------- Instantiating /home/travis/build/icyphy/ptII/ptolemy/domains/de/test/auto/DepthTest4.xml
2 ms. Memory: 619520K Free: 361866K (58%)
----------------- Invoking toplevel() on ptolemy.moml.MoMLSimpleApplication@265d794a
----------------- Done invoking toplevel() on ptolemy.moml.MoMLSimpleApplication@265d794a
reloadAllAccessors: .DepthTest4

===========================================================================================
----------------- testing Fri Mar 01 21:49:39 UTC 2019 /home/travis/build/icyphy/ptII/ptolemy/domains/de/test/auto/DepthTest5.xml
----------------- Instantiating /home/travis/build/icyphy/ptII/ptolemy/domains/de/test/auto/DepthTest5.xml
2 ms. Memory: 619520K Free: 340342K (55%)
----------------- Invoking toplevel() on ptolemy.moml.MoMLSimpleApplication@10d9a4ac
----------------- Done invoking toplevel() on ptolemy.moml.MoMLSimpleApplication@10d9a4ac
reloadAllAccessors: .DepthTest5

===========================================================================================
----------------- testing Fri Mar 01 21:49:39 UTC 2019 /home/travis/build/icyphy/ptII/ptolemy/domains/de/test/auto/DepthTest6.xml
----------------- Instantiating /home/travis/build/icyphy/ptII/ptolemy/domains/de/test/auto/DepthTest6.xml
6 ms. Memory: 619520K Free: 313552K (51%)
----------------- Invoking toplevel() on ptolemy.moml.MoMLSimpleApplication@165ec056
----------------- Done invoking toplevel() on ptolemy.moml.MoMLSimpleApplication@165ec056
reloadAllAccessors: .DepthTest6

===========================================================================================
----------------- testing Fri Mar 01 21:49:39 UTC 2019 /home/travis/build/icyphy/ptII/ptolemy/domains/de/test/auto/DepthTest7.xml
----------------- Instantiating /home/travis/build/icyphy/ptII/ptolemy/domains/de/test/auto/DepthTest7.xml
2 ms. Memory: 619520K Free: 292027K (47%)
----------------- Invoking toplevel() on ptolemy.moml.MoMLSimpleApplication@224c5714
----------------- Done invoking toplevel() on ptolemy.moml.MoMLSimpleApplication@224c5714
reloadAllAccessors: .DepthTest7

===========================================================================================
----------------- testing Fri Mar 01 21:49:39 UTC 2019 /home/travis/build/icyphy/ptII/ptolemy/domains/de/test/auto/EventToDate.xml
----------------- Instantiating /home/travis/build/icyphy/ptII/ptolemy/domains/de/test/auto/EventToDate.xml
3004 ms. Memory: 619520K Free: 259725K (42%)
----------------- Invoking toplevel() on ptolemy.moml.MoMLSimpleApplication@77100cff
----------------- Done invoking toplevel() on ptolemy.moml.MoMLSimpleApplication@77100cff
reloadAllAccessors: .EventToDate

===========================================================================================
----------------- testing Fri Mar 01 21:49:42 UTC 2019 /home/travis/build/icyphy/ptII/ptolemy/domains/de/test/auto/FSM1.xml
----------------- Instantiating /home/travis/build/icyphy/ptII/ptolemy/domains/de/test/auto/FSM1.xml
10 ms. Memory: 619520K Free: 238200K (38%)
----------------- Invoking toplevel() on ptolemy.moml.MoMLSimpleApplication@b3db752
----------------- Done invoking toplevel() on ptolemy.moml.MoMLSimpleApplication@b3db752
reloadAllAccessors: .FSM1

===========================================================================================
----------------- testing Fri Mar 01 21:49:42 UTC 2019 /home/travis/build/icyphy/ptII/ptolemy/domains/de/test/auto/FSM7.xml
----------------- Instantiating /home/travis/build/icyphy/ptII/ptolemy/domains/de/test/auto/FSM7.xml
11 ms. Memory: 619520K Free: 216675K (35%)
----------------- Invoking toplevel() on ptolemy.moml.MoMLSimpleApplication@5c02bf0b
----------------- Done invoking toplevel() on ptolemy.moml.MoMLSimpleApplication@5c02bf0b
reloadAllAccessors: .FSM7

===========================================================================================
----------------- testing Fri Mar 01 21:49:42 UTC 2019 /home/travis/build/icyphy/ptII/ptolemy/domains/de/test/auto/Inspection.xml
----------------- Instantiating /home/travis/build/icyphy/ptII/ptolemy/domains/de/test/auto/Inspection.xml
12 ms. Memory: 619520K Free: 184389K (30%)
----------------- Invoking toplevel() on ptolemy.moml.MoMLSimpleApplication@2b7df95a
----------------- Done invoking toplevel() on ptolemy.moml.MoMLSimpleApplication@2b7df95a
reloadAllAccessors: .Inspection

===========================================================================================
----------------- testing Fri Mar 01 21:49:42 UTC 2019 /home/travis/build/icyphy/ptII/ptolemy/domains/de/test/auto/Iteration.xml
----------------- Instantiating /home/travis/build/icyphy/ptII/ptolemy/domains/de/test/auto/Iteration.xml
5 ms. Memory: 619520K Free: 162864K (26%)
----------------- Invoking toplevel() on ptolemy.moml.MoMLSimpleApplication@65ab62ed
----------------- Done invoking toplevel() on ptolemy.moml.MoMLSimpleApplication@65ab62ed
reloadAllAccessors: .Iteration

===========================================================================================
----------------- testing Fri Mar 01 21:49:42 UTC 2019 /home/travis/build/icyphy/ptII/ptolemy/domains/de/test/auto/LineFault.xml
----------------- Instantiating /home/travis/build/icyphy/ptII/ptolemy/domains/de/test/auto/LineFault.xml
439 ms. Memory: 595456K Free: 556718K (93%)
----------------- Invoking toplevel() on ptolemy.moml.MoMLSimpleApplication@2d52d7d1
----------------- Done invoking toplevel() on ptolemy.moml.MoMLSimpleApplication@2d52d7d1
reloadAllAccessors: .LineFault

===========================================================================================
----------------- testing Fri Mar 01 21:49:42 UTC 2019 /home/travis/build/icyphy/ptII/ptolemy/domains/de/test/auto/MergeModel1Add.xml
----------------- Instantiating /home/travis/build/icyphy/ptII/ptolemy/domains/de/test/auto/MergeModel1Add.xml
7 ms. Memory: 595456K Free: 522080K (88%)
----------------- Invoking toplevel() on ptolemy.moml.MoMLSimpleApplication@326bc090
----------------- Done invoking toplevel() on ptolemy.moml.MoMLSimpleApplication@326bc090
reloadAllAccessors: .MergeModel1Add

===========================================================================================
----------------- testing Fri Mar 01 21:49:42 UTC 2019 /home/travis/build/icyphy/ptII/ptolemy/domains/de/test/auto/MergeModel2Add.xml
----------------- Instantiating /home/travis/build/icyphy/ptII/ptolemy/domains/de/test/auto/MergeModel2Add.xml
5 ms. Memory: 595456K Free: 496397K (83%)
----------------- Invoking toplevel() on ptolemy.moml.MoMLSimpleApplication@7ee9f3a1
----------------- Done invoking toplevel() on ptolemy.moml.MoMLSimpleApplication@7ee9f3a1
reloadAllAccessors: .MergeModel2Add

===========================================================================================
----------------- testing Fri Mar 01 21:49:42 UTC 2019 /home/travis/build/icyphy/ptII/ptolemy/domains/de/test/auto/MergeModel3Add.xml
----------------- Instantiating /home/travis/build/icyphy/ptII/ptolemy/domains/de/test/auto/MergeModel3Add.xml
5 ms. Memory: 595456K Free: 470714K (79%)
----------------- Invoking toplevel() on ptolemy.moml.MoMLSimpleApplication@3580714b
----------------- Done invoking toplevel() on ptolemy.moml.MoMLSimpleApplication@3580714b
reloadAllAccessors: .MergeModel3Add

===========================================================================================
----------------- testing Fri Mar 01 21:49:43 UTC 2019 /home/travis/build/icyphy/ptII/ptolemy/domains/de/test/auto/MergeWithoutDiscard.xml
----------------- Instantiating /home/travis/build/icyphy/ptII/ptolemy/domains/de/test/auto/MergeWithoutDiscard.xml
1 ms. Memory: 595456K Free: 460424K (77%)
----------------- Invoking toplevel() on ptolemy.moml.MoMLSimpleApplication@1596121c
----------------- Done invoking toplevel() on ptolemy.moml.MoMLSimpleApplication@1596121c
reloadAllAccessors: .MergeWithoutDiscard

===========================================================================================
----------------- testing Fri Mar 01 21:49:43 UTC 2019 /home/travis/build/icyphy/ptII/ptolemy/domains/de/test/auto/Modal1.xml
----------------- Instantiating /home/travis/build/icyphy/ptII/ptolemy/domains/de/test/auto/Modal1.xml
7 ms. Memory: 595456K Free: 445017K (75%)
----------------- Invoking toplevel() on ptolemy.moml.MoMLSimpleApplication@1bd150cb
----------------- Done invoking toplevel() on ptolemy.moml.MoMLSimpleApplication@1bd150cb
reloadAllAccessors: .Modal1

===========================================================================================
----------------- testing Fri Mar 01 21:49:43 UTC 2019 /home/travis/build/icyphy/ptII/ptolemy/domains/de/test/auto/Modal2.xml
----------------- Instantiating /home/travis/build/icyphy/ptII/ptolemy/domains/de/test/auto/Modal2.xml
8 ms. Memory: 595456K Free: 429627K (72%)
----------------- Invoking toplevel() on ptolemy.moml.MoMLSimpleApplication@2172826d
----------------- Done invoking toplevel() on ptolemy.moml.MoMLSimpleApplication@2172826d
reloadAllAccessors: .Modal2

===========================================================================================
----------------- testing Fri Mar 01 21:49:43 UTC 2019 /home/travis/build/icyphy/ptII/ptolemy/domains/de/test/auto/Modal3.xml
----------------- Instantiating /home/travis/build/icyphy/ptII/ptolemy/domains/de/test/auto/Modal3.xml
7 ms. Memory: 595456K Free: 410877K (69%)
----------------- Invoking toplevel() on ptolemy.moml.MoMLSimpleApplication@1c101f20
----------------- Done invoking toplevel() on ptolemy.moml.MoMLSimpleApplication@1c101f20
reloadAllAccessors: .Modal3

===========================================================================================
----------------- testing Fri Mar 01 21:49:43 UTC 2019 /home/travis/build/icyphy/ptII/ptolemy/domains/de/test/auto/Modal4.xml
----------------- Instantiating /home/travis/build/icyphy/ptII/ptolemy/domains/de/test/auto/Modal4.xml
13 ms. Memory: 595456K Free: 395478K (66%)
----------------- Invoking toplevel() on ptolemy.moml.MoMLSimpleApplication@20c349d3
----------------- Done invoking toplevel() on ptolemy.moml.MoMLSimpleApplication@20c349d3
reloadAllAccessors: .Modal4

===========================================================================================
----------------- testing Fri Mar 01 21:49:43 UTC 2019 /home/travis/build/icyphy/ptII/ptolemy/domains/de/test/auto/Modal5.xml
----------------- Instantiating /home/travis/build/icyphy/ptII/ptolemy/domains/de/test/auto/Modal5.xml
12 ms. Memory: 595456K Free: 380079K (64%)
----------------- Invoking toplevel() on ptolemy.moml.MoMLSimpleApplication@2eea3b5d
----------------- Done invoking toplevel() on ptolemy.moml.MoMLSimpleApplication@2eea3b5d
reloadAllAccessors: .Modal5

===========================================================================================
----------------- testing Fri Mar 01 21:49:43 UTC 2019 /home/travis/build/icyphy/ptII/ptolemy/domains/de/test/auto/Modal6.xml
----------------- Instantiating /home/travis/build/icyphy/ptII/ptolemy/domains/de/test/auto/Modal6.xml
10 ms. Memory: 595456K Free: 364673K (61%)
----------------- Invoking toplevel() on ptolemy.moml.MoMLSimpleApplication@1aa73865
----------------- Done invoking toplevel() on ptolemy.moml.MoMLSimpleApplication@1aa73865
reloadAllAccessors: .Modal6

===========================================================================================
----------------- testing Fri Mar 01 21:49:43 UTC 2019 /home/travis/build/icyphy/ptII/ptolemy/domains/de/test/auto/Modal7.xml
----------------- Instantiating /home/travis/build/icyphy/ptII/ptolemy/domains/de/test/auto/Modal7.xml
8 ms. Memory: 595456K Free: 344135K (58%)
----------------- Invoking toplevel() on ptolemy.moml.MoMLSimpleApplication@6a5e3754
----------------- Done invoking toplevel() on ptolemy.moml.MoMLSimpleApplication@6a5e3754
reloadAllAccessors: .Modal7

===========================================================================================
----------------- testing Fri Mar 01 21:49:43 UTC 2019 /home/travis/build/icyphy/ptII/ptolemy/domains/de/test/auto/ModalModel.xml
----------------- Instantiating /home/travis/build/icyphy/ptII/ptolemy/domains/de/test/auto/ModalModel.xml
139 ms. Memory: 595456K Free: 272215K (46%)
----------------- Invoking toplevel() on ptolemy.moml.MoMLSimpleApplication@419c2332
----------------- Done invoking toplevel() on ptolemy.moml.MoMLSimpleApplication@419c2332
reloadAllAccessors: .ModalModel

===========================================================================================
----------------- testing Fri Mar 01 21:49:43 UTC 2019 /home/travis/build/icyphy/ptII/ptolemy/domains/de/test/auto/ModalSource.xml
----------------- Instantiating /home/travis/build/icyphy/ptII/ptolemy/domains/de/test/auto/ModalSource.xml
5 ms. Memory: 595456K Free: 256808K (43%)
----------------- Invoking toplevel() on ptolemy.moml.MoMLSimpleApplication@67b92d76
----------------- Done invoking toplevel() on ptolemy.moml.MoMLSimpleApplication@67b92d76
reloadAllAccessors: .ModalSource

===========================================================================================
----------------- testing Fri Mar 01 21:49:43 UTC 2019 /home/travis/build/icyphy/ptII/ptolemy/domains/de/test/auto/NonInterruptibleTimerZeroDelay.xml
----------------- Instantiating /home/travis/build/icyphy/ptII/ptolemy/domains/de/test/auto/NonInterruptibleTimerZeroDelay.xml
2 ms. Memory: 595456K Free: 243205K (41%)
----------------- Invoking toplevel() on ptolemy.moml.MoMLSimpleApplication@45c95a93
----------------- Done invoking toplevel() on ptolemy.moml.MoMLSimpleApplication@45c95a93
reloadAllAccessors: .NonInterruptibleTimerZeroDelay

===========================================================================================
----------------- testing Fri Mar 01 21:49:43 UTC 2019 /home/travis/build/icyphy/ptII/ptolemy/domains/de/test/auto/OpenQueueingNetwork.xml
----------------- Instantiating /home/travis/build/icyphy/ptII/ptolemy/domains/de/test/auto/OpenQueueingNetwork.xml
2365 ms. Memory: 571392K Free: 76615K (13%)
----------------- Invoking toplevel() on ptolemy.moml.MoMLSimpleApplication@283adbd9
----------------- Done invoking toplevel() on ptolemy.moml.MoMLSimpleApplication@283adbd9
reloadAllAccessors: .OpenQueueingNetwork

===========================================================================================
----------------- testing Fri Mar 01 21:49:45 UTC 2019 /home/travis/build/icyphy/ptII/ptolemy/domains/de/test/auto/OpenQueuingNetwork.xml
----------------- Instantiating /home/travis/build/icyphy/ptII/ptolemy/domains/de/test/auto/OpenQueuingNetwork.xml
234 ms. Memory: 547840K Free: 448824K (82%)
----------------- Invoking toplevel() on ptolemy.moml.MoMLSimpleApplication@37c4604
----------------- Done invoking toplevel() on ptolemy.moml.MoMLSimpleApplication@37c4604
reloadAllAccessors: .OpenQueuingNetwork

===========================================================================================
----------------- testing Fri Mar 01 21:49:46 UTC 2019 /home/travis/build/icyphy/ptII/ptolemy/domains/de/test/auto/PeriodicSampler.xml
----------------- Instantiating /home/travis/build/icyphy/ptII/ptolemy/domains/de/test/auto/PeriodicSampler.xml
2 ms. Memory: 547840K Free: 439496K (80%)
----------------- Invoking toplevel() on ptolemy.moml.MoMLSimpleApplication@69ae80e5
----------------- Done invoking toplevel() on ptolemy.moml.MoMLSimpleApplication@69ae80e5
reloadAllAccessors: .PeriodicSampler

===========================================================================================
----------------- testing Fri Mar 01 21:49:46 UTC 2019 /home/travis/build/icyphy/ptII/ptolemy/domains/de/test/auto/PersistentIO.xml
----------------- Instantiating /home/travis/build/icyphy/ptII/ptolemy/domains/de/test/auto/PersistentIO.xml
5 ms. Memory: 547840K Free: 425495K (78%)
----------------- Invoking toplevel() on ptolemy.moml.MoMLSimpleApplication@69f0c843
----------------- Done invoking toplevel() on ptolemy.moml.MoMLSimpleApplication@69f0c843
reloadAllAccessors: .PersistentIO

===========================================================================================
----------------- testing Fri Mar 01 21:49:46 UTC 2019 /home/travis/build/icyphy/ptII/ptolemy/domains/de/test/auto/PortParameterResetOnInitialize.xml
----------------- Instantiating /home/travis/build/icyphy/ptII/ptolemy/domains/de/test/auto/PortParameterResetOnInitialize.xml
2 ms. Memory: 547840K Free: 414830K (76%)
----------------- Invoking toplevel() on ptolemy.moml.MoMLSimpleApplication@67ee9c5a
----------------- Done invoking toplevel() on ptolemy.moml.MoMLSimpleApplication@67ee9c5a
reloadAllAccessors: .PortParameterResetOnInitialize

===========================================================================================
----------------- testing Fri Mar 01 21:49:46 UTC 2019 /home/travis/build/icyphy/ptII/ptolemy/domains/de/test/auto/PortParameterUpdates.xml
----------------- Instantiating /home/travis/build/icyphy/ptII/ptolemy/domains/de/test/auto/PortParameterUpdates.xml
7 ms. Memory: 547840K Free: 400821K (73%)
----------------- Invoking toplevel() on ptolemy.moml.MoMLSimpleApplication@60423074
----------------- Done invoking toplevel() on ptolemy.moml.MoMLSimpleApplication@60423074
reloadAllAccessors: .PortParameterUpdates

===========================================================================================
----------------- testing Fri Mar 01 21:49:46 UTC 2019 /home/travis/build/icyphy/ptII/ptolemy/domains/de/test/auto/QueueAndServer.xml
----------------- Instantiating /home/travis/build/icyphy/ptII/ptolemy/domains/de/test/auto/QueueAndServer.xml
5 ms. Memory: 547840K Free: 385476K (70%)
----------------- Invoking toplevel() on ptolemy.moml.MoMLSimpleApplication@3e27e882
----------------- Done invoking toplevel() on ptolemy.moml.MoMLSimpleApplication@3e27e882
reloadAllAccessors: .QueueAndServer

===========================================================================================
----------------- testing Fri Mar 01 21:49:46 UTC 2019 /home/travis/build/icyphy/ptII/ptolemy/domains/de/test/auto/Records.xml
----------------- Instantiating /home/travis/build/icyphy/ptII/ptolemy/domains/de/test/auto/Records.xml
3 ms. Memory: 547840K Free: 376148K (69%)
----------------- Invoking toplevel() on ptolemy.moml.MoMLSimpleApplication@15745176
----------------- Done invoking toplevel() on ptolemy.moml.MoMLSimpleApplication@15745176
reloadAllAccessors: .Records

===========================================================================================
----------------- testing Fri Mar 01 21:49:46 UTC 2019 /home/travis/build/icyphy/ptII/ptolemy/domains/de/test/auto/ResetTransitionWithStartTime1.xml
----------------- Instantiating /home/travis/build/icyphy/ptII/ptolemy/domains/de/test/auto/ResetTransitionWithStartTime1.xml
5 ms. Memory: 547840K Free: 362139K (66%)
----------------- Invoking toplevel() on ptolemy.moml.MoMLSimpleApplication@30a2948e
----------------- Done invoking toplevel() on ptolemy.moml.MoMLSimpleApplication@30a2948e
reloadAllAccessors: .ResetTransitionWithStartTime1

===========================================================================================
----------------- testing Fri Mar 01 21:49:46 UTC 2019 /home/travis/build/icyphy/ptII/ptolemy/domains/de/test/auto/ResetTransitionWithStartTime2.xml
----------------- Instantiating /home/travis/build/icyphy/ptII/ptolemy/domains/de/test/auto/ResetTransitionWithStartTime2.xml
5 ms. Memory: 547840K Free: 346794K (63%)
----------------- Invoking toplevel() on ptolemy.moml.MoMLSimpleApplication@72b31b3b
----------------- Done invoking toplevel() on ptolemy.moml.MoMLSimpleApplication@72b31b3b
reloadAllAccessors: .ResetTransitionWithStartTime2

===========================================================================================
----------------- testing Fri Mar 01 21:49:46 UTC 2019 /home/travis/build/icyphy/ptII/ptolemy/domains/de/test/auto/ResetTransitionWithStartTime3.xml
----------------- Instantiating /home/travis/build/icyphy/ptII/ptolemy/domains/de/test/auto/ResetTransitionWithStartTime3.xml
4 ms. Memory: 547840K Free: 332785K (61%)
----------------- Invoking toplevel() on ptolemy.moml.MoMLSimpleApplication@4100cab1
----------------- Done invoking toplevel() on ptolemy.moml.MoMLSimpleApplication@4100cab1
reloadAllAccessors: .ResetTransitionWithStartTime3

===========================================================================================
----------------- testing Fri Mar 01 21:49:46 UTC 2019 /home/travis/build/icyphy/ptII/ptolemy/domains/de/test/auto/ResetTransitionWithStartTime4.xml
----------------- Instantiating /home/travis/build/icyphy/ptII/ptolemy/domains/de/test/auto/ResetTransitionWithStartTime4.xml
4 ms. Memory: 547840K Free: 318784K (58%)
----------------- Invoking toplevel() on ptolemy.moml.MoMLSimpleApplication@392d8162
----------------- Done invoking toplevel() on ptolemy.moml.MoMLSimpleApplication@392d8162
reloadAllAccessors: .ResetTransitionWithStartTime4

===========================================================================================
----------------- testing Fri Mar 01 21:49:46 UTC 2019 /home/travis/build/icyphy/ptII/ptolemy/domains/de/test/auto/ResettableTimer1.xml
----------------- Instantiating /home/travis/build/icyphy/ptII/ptolemy/domains/de/test/auto/ResettableTimer1.xml
2 ms. Memory: 547840K Free: 308119K (56%)
----------------- Invoking toplevel() on ptolemy.moml.MoMLSimpleApplication@dcd5ac1
----------------- Done invoking toplevel() on ptolemy.moml.MoMLSimpleApplication@dcd5ac1
reloadAllAccessors: .ResettableTimer1

===========================================================================================
----------------- testing Fri Mar 01 21:49:46 UTC 2019 /home/travis/build/icyphy/ptII/ptolemy/domains/de/test/auto/ResettableTimer2.xml
----------------- Instantiating /home/travis/build/icyphy/ptII/ptolemy/domains/de/test/auto/ResettableTimer2.xml
2 ms. Memory: 547840K Free: 298791K (55%)
----------------- Invoking toplevel() on ptolemy.moml.MoMLSimpleApplication@5aa2fd5d
----------------- Done invoking toplevel() on ptolemy.moml.MoMLSimpleApplication@5aa2fd5d
reloadAllAccessors: .ResettableTimer2

===========================================================================================
----------------- testing Fri Mar 01 21:49:46 UTC 2019 /home/travis/build/icyphy/ptII/ptolemy/domains/de/test/auto/ResettableTimer3.xml
----------------- Instantiating /home/travis/build/icyphy/ptII/ptolemy/domains/de/test/auto/ResettableTimer3.xml
1 ms. Memory: 547840K Free: 288126K (53%)
----------------- Invoking toplevel() on ptolemy.moml.MoMLSimpleApplication@3d8fdece
----------------- Done invoking toplevel() on ptolemy.moml.MoMLSimpleApplication@3d8fdece
reloadAllAccessors: .ResettableTimer3

===========================================================================================
----------------- testing Fri Mar 01 21:49:46 UTC 2019 /home/travis/build/icyphy/ptII/ptolemy/domains/de/test/auto/ResettableTimer4.xml
----------------- Instantiating /home/travis/build/icyphy/ptII/ptolemy/domains/de/test/auto/ResettableTimer4.xml
1 ms. Memory: 547840K Free: 278797K (51%)
----------------- Invoking toplevel() on ptolemy.moml.MoMLSimpleApplication@209a02ea
----------------- Done invoking toplevel() on ptolemy.moml.MoMLSimpleApplication@209a02ea
reloadAllAccessors: .ResettableTimer4

===========================================================================================
----------------- testing Fri Mar 01 21:49:46 UTC 2019 /home/travis/build/icyphy/ptII/ptolemy/domains/de/test/auto/ResettableTimer5.xml
----------------- Instantiating /home/travis/build/icyphy/ptII/ptolemy/domains/de/test/auto/ResettableTimer5.xml
1 ms. Memory: 547840K Free: 269469K (49%)
----------------- Invoking toplevel() on ptolemy.moml.MoMLSimpleApplication@5d3e9a3
----------------- Done invoking toplevel() on ptolemy.moml.MoMLSimpleApplication@5d3e9a3
reloadAllAccessors: .ResettableTimer5

===========================================================================================
----------------- testing Fri Mar 01 21:49:46 UTC 2019 /home/travis/build/icyphy/ptII/ptolemy/domains/de/test/auto/ResettableTimer6.xml
----------------- Instantiating /home/travis/build/icyphy/ptII/ptolemy/domains/de/test/auto/ResettableTimer6.xml
5 ms. Memory: 547840K Free: 258804K (47%)
----------------- Invoking toplevel() on ptolemy.moml.MoMLSimpleApplication@63fc5f64
----------------- Done invoking toplevel() on ptolemy.moml.MoMLSimpleApplication@63fc5f64
reloadAllAccessors: .ResettableTimer6

===========================================================================================
----------------- testing Fri Mar 01 21:49:46 UTC 2019 /home/travis/build/icyphy/ptII/ptolemy/domains/de/test/auto/ServerZeroDelay.xml
----------------- Instantiating /home/travis/build/icyphy/ptII/ptolemy/domains/de/test/auto/ServerZeroDelay.xml
2 ms. Memory: 547840K Free: 249475K (46%)
----------------- Invoking toplevel() on ptolemy.moml.MoMLSimpleApplication@763e4f4b
----------------- Done invoking toplevel() on ptolemy.moml.MoMLSimpleApplication@763e4f4b
reloadAllAccessors: .ServerZeroDelay

===========================================================================================
----------------- testing Fri Mar 01 21:49:46 UTC 2019 /home/travis/build/icyphy/ptII/ptolemy/domains/de/test/auto/SmartSender.xml
----------------- Instantiating /home/travis/build/icyphy/ptII/ptolemy/domains/de/test/auto/SmartSender.xml
3001 ms. Memory: 547840K Free: 238811K (44%)
----------------- Invoking toplevel() on ptolemy.moml.MoMLSimpleApplication@483425c4
----------------- Done invoking toplevel() on ptolemy.moml.MoMLSimpleApplication@483425c4
reloadAllAccessors: .SmartSender

===========================================================================================
----------------- testing Fri Mar 01 21:49:49 UTC 2019 /home/travis/build/icyphy/ptII/ptolemy/domains/de/test/auto/ThreadedComposite.xml
----------------- Instantiating /home/travis/build/icyphy/ptII/ptolemy/domains/de/test/auto/ThreadedComposite.xml
192 ms. Memory: 547840K Free: 201496K (37%)
----------------- Invoking toplevel() on ptolemy.moml.MoMLSimpleApplication@290fb5ef
----------------- Done invoking toplevel() on ptolemy.moml.MoMLSimpleApplication@290fb5ef
reloadAllAccessors: .ThreadedComposite

===========================================================================================
----------------- testing Fri Mar 01 21:49:49 UTC 2019 /home/travis/build/icyphy/ptII/ptolemy/domains/de/test/auto/Time.xml
----------------- Instantiating /home/travis/build/icyphy/ptII/ptolemy/domains/de/test/auto/Time.xml
413 ms. Memory: 547840K Free: 145524K (27%)
----------------- Invoking toplevel() on ptolemy.moml.MoMLSimpleApplication@2e733256
----------------- Done invoking toplevel() on ptolemy.moml.MoMLSimpleApplication@2e733256
reloadAllAccessors: .Time

===========================================================================================
----------------- testing Fri Mar 01 21:49:50 UTC 2019 /home/travis/build/icyphy/ptII/ptolemy/domains/de/test/auto/TimeDelayZeroDelay.xml
----------------- Instantiating /home/travis/build/icyphy/ptII/ptolemy/domains/de/test/auto/TimeDelayZeroDelay.xml
4 ms. Memory: 547840K Free: 134859K (25%)
----------------- Invoking toplevel() on ptolemy.moml.MoMLSimpleApplication@4aa77cc7
----------------- Done invoking toplevel() on ptolemy.moml.MoMLSimpleApplication@4aa77cc7
reloadAllAccessors: .TimeDelayZeroDelay

===========================================================================================
----------------- testing Fri Mar 01 21:49:50 UTC 2019 /home/travis/build/icyphy/ptII/ptolemy/domains/de/test/auto/TimerZeroDelay.xml
----------------- Instantiating /home/travis/build/icyphy/ptII/ptolemy/domains/de/test/auto/TimerZeroDelay.xml
2 ms. Memory: 547840K Free: 125530K (23%)
----------------- Invoking toplevel() on ptolemy.moml.MoMLSimpleApplication@623f848e
----------------- Done invoking toplevel() on ptolemy.moml.MoMLSimpleApplication@623f848e
reloadAllAccessors: .TimerZeroDelay

===========================================================================================
----------------- testing Fri Mar 01 21:49:50 UTC 2019 /home/travis/build/icyphy/ptII/ptolemy/domains/de/test/auto/TimingParadox.xml
----------------- Instantiating /home/travis/build/icyphy/ptII/ptolemy/domains/de/test/auto/TimingParadox.xml
284 ms. Memory: 527360K Free: 500189K (95%)
----------------- Invoking toplevel() on ptolemy.moml.MoMLSimpleApplication@548a16f6
----------------- Done invoking toplevel() on ptolemy.moml.MoMLSimpleApplication@548a16f6
reloadAllAccessors: .TimingParadox

===========================================================================================
----------------- testing Fri Mar 01 21:49:50 UTC 2019 /home/travis/build/icyphy/ptII/ptolemy/domains/de/test/auto/TransferInputs.xml
----------------- Instantiating /home/travis/build/icyphy/ptII/ptolemy/domains/de/test/auto/TransferInputs.xml
3 ms. Memory: 527360K Free: 487890K (93%)
----------------- Invoking toplevel() on ptolemy.moml.MoMLSimpleApplication@db0b11f
----------------- Done invoking toplevel() on ptolemy.moml.MoMLSimpleApplication@db0b11f
reloadAllAccessors: .TransferInputs

===========================================================================================
----------------- testing Fri Mar 01 21:49:50 UTC 2019 /home/travis/build/icyphy/ptII/ptolemy/domains/de/test/auto/TransferOutputs2.xml
----------------- Instantiating /home/travis/build/icyphy/ptII/ptolemy/domains/de/test/auto/TransferOutputs2.xml
3 ms. Memory: 527360K Free: 475108K (90%)
----------------- Invoking toplevel() on ptolemy.moml.MoMLSimpleApplication@19b5acf7
----------------- Done invoking toplevel() on ptolemy.moml.MoMLSimpleApplication@19b5acf7
reloadAllAccessors: .TransferOutputs2

===========================================================================================
----------------- testing Fri Mar 01 21:49:50 UTC 2019 /home/travis/build/icyphy/ptII/ptolemy/domains/de/test/auto/Trilateration.xml
----------------- Instantiating /home/travis/build/icyphy/ptII/ptolemy/domains/de/test/auto/Trilateration.xml
11158 ms. Memory: 871936K Free: 725287K (83%)
----------------- Invoking toplevel() on ptolemy.moml.MoMLSimpleApplication@327cde84
----------------- Done invoking toplevel() on ptolemy.moml.MoMLSimpleApplication@327cde84
reloadAllAccessors: .Trilateration

===========================================================================================
----------------- testing Fri Mar 01 21:50:02 UTC 2019 /home/travis/build/icyphy/ptII/ptolemy/domains/de/test/auto/TwoSigmaDelta.xml
----------------- Instantiating /home/travis/build/icyphy/ptII/ptolemy/domains/de/test/auto/TwoSigmaDelta.xml
1999 ms. Memory: 871936K Free: 422798K (48%)
----------------- Invoking toplevel() on ptolemy.moml.MoMLSimpleApplication@16f05701
----------------- Done invoking toplevel() on ptolemy.moml.MoMLSimpleApplication@16f05701
reloadAllAccessors: .TwoSigmaDelta

===========================================================================================
----------------- testing Fri Mar 01 21:50:04 UTC 2019 /home/travis/build/icyphy/ptII/ptolemy/domains/de/test/auto/VariableDelay.xml
----------------- Instantiating /home/travis/build/icyphy/ptII/ptolemy/domains/de/test/auto/VariableDelay.xml
6 ms. Memory: 871936K Free: 405926K (47%)
----------------- Invoking toplevel() on ptolemy.moml.MoMLSimpleApplication@6d008bcb
----------------- Done invoking toplevel() on ptolemy.moml.MoMLSimpleApplication@6d008bcb
reloadAllAccessors: .VariableDelay

===========================================================================================
----------------- testing Fri Mar 01 21:50:04 UTC 2019 /home/travis/build/icyphy/ptII/ptolemy/domains/de/test/auto/VariableDelay2.xml
----------------- Instantiating /home/travis/build/icyphy/ptII/ptolemy/domains/de/test/auto/VariableDelay2.xml
1 ms. Memory: 871936K Free: 390115K (45%)
----------------- Invoking toplevel() on ptolemy.moml.MoMLSimpleApplication@4f028636
----------------- Done invoking toplevel() on ptolemy.moml.MoMLSimpleApplication@4f028636
reloadAllAccessors: .VariableDelay2

===========================================================================================
----------------- testing Fri Mar 01 21:50:04 UTC 2019 /home/travis/build/icyphy/ptII/ptolemy/domains/de/test/auto/VariableDelayZeroDelay.xml
----------------- Instantiating /home/travis/build/icyphy/ptII/ptolemy/domains/de/test/auto/VariableDelayZeroDelay.xml
2 ms. Memory: 871936K Free: 373243K (43%)
----------------- Invoking toplevel() on ptolemy.moml.MoMLSimpleApplication@5174d77a
----------------- Done invoking toplevel() on ptolemy.moml.MoMLSimpleApplication@5174d77a
reloadAllAccessors: .VariableDelayZeroDelay

===========================================================================================
----------------- testing Fri Mar 01 21:50:04 UTC 2019 /home/travis/build/icyphy/ptII/ptolemy/domains/de/test/auto/VariableDelayZeroDelay2.xml
----------------- Instantiating /home/travis/build/icyphy/ptII/ptolemy/domains/de/test/auto/VariableDelayZeroDelay2.xml
2 ms. Memory: 871936K Free: 357433K (41%)
----------------- Invoking toplevel() on ptolemy.moml.MoMLSimpleApplication@63d54144
----------------- Done invoking toplevel() on ptolemy.moml.MoMLSimpleApplication@63d54144
reloadAllAccessors: .VariableDelayZeroDelay2

===========================================================================================
----------------- testing Fri Mar 01 21:50:04 UTC 2019 /home/travis/build/icyphy/ptII/ptolemy/domains/de/test/auto/deInCt.xml
----------------- Instantiating /home/travis/build/icyphy/ptII/ptolemy/domains/de/test/auto/deInCt.xml
0
1
1
1
0
0
0
0
1
1
1
0
0
0
0
0
0
1
1
1
0
0
0
0
0
1
1
1
1
8 ms. Memory: 871936K Free: 340561K (39%)
----------------- Invoking toplevel() on ptolemy.moml.MoMLSimpleApplication@2d2ba53e
----------------- Done invoking toplevel() on ptolemy.moml.MoMLSimpleApplication@2d2ba53e
reloadAllAccessors: .deInCt

===========================================================================================
----------------- testing Fri Mar 01 21:50:04 UTC 2019 /home/travis/build/icyphy/ptII/ptolemy/domains/de/test/auto/deInCt2.xml
----------------- Instantiating /home/travis/build/icyphy/ptII/ptolemy/domains/de/test/auto/deInCt2.xml
0
1
1
1
0
0
1
1
1
0
0
1
1
1
0
0
1
1
1
0
0
1
1
1
0
0
1
1
1
0
0
1
1
1
0
0
1
1
1
0
0
0
8 ms. Memory: 871936K Free: 324750K (37%)
----------------- Invoking toplevel() on ptolemy.moml.MoMLSimpleApplication@4f299887
----------------- Done invoking toplevel() on ptolemy.moml.MoMLSimpleApplication@4f299887
reloadAllAccessors: .deInCt2

===========================================================================================
----------------- testing Fri Mar 01 21:50:04 UTC 2019 /home/travis/build/icyphy/ptII/ptolemy/domains/de/test/auto/dynamicCausalityInterface1.xml
----------------- Instantiating /home/travis/build/icyphy/ptII/ptolemy/domains/de/test/auto/dynamicCausalityInterface1.xml
1 ms. Memory: 871936K Free: 299957K (34%)
----------------- Invoking toplevel() on ptolemy.moml.MoMLSimpleApplication@22eb0593
----------------- Done invoking toplevel() on ptolemy.moml.MoMLSimpleApplication@22eb0593
reloadAllAccessors: .dynamicCausalityInterface1

===========================================================================================
----------------- testing Fri Mar 01 21:50:04 UTC 2019 /home/travis/build/icyphy/ptII/ptolemy/domains/de/test/auto/fsm_de_test.xml
----------------- Instantiating /home/travis/build/icyphy/ptII/ptolemy/domains/de/test/auto/fsm_de_test.xml
5 ms. Memory: 871936K Free: 284134K (33%)
----------------- Invoking toplevel() on ptolemy.moml.MoMLSimpleApplication@2f167269
----------------- Done invoking toplevel() on ptolemy.moml.MoMLSimpleApplication@2f167269
reloadAllAccessors: .fsm_de_test

===========================================================================================
----------------- testing Fri Mar 01 21:50:04 UTC 2019 /home/travis/build/icyphy/ptII/ptolemy/domains/de/test/auto/functionDependencyReconstruction.xml
----------------- Instantiating /home/travis/build/icyphy/ptII/ptolemy/domains/de/test/auto/functionDependencyReconstruction.xml
2 ms. Memory: 871936K Free: 259341K (30%)
----------------- Invoking toplevel() on ptolemy.moml.MoMLSimpleApplication@5cb554f5
----------------- Done invoking toplevel() on ptolemy.moml.MoMLSimpleApplication@5cb554f5
reloadAllAccessors: .functionDependencyReconstruction

===========================================================================================
----------------- testing Fri Mar 01 21:50:04 UTC 2019 /home/travis/build/icyphy/ptII/ptolemy/domains/de/test/auto/multirate.xml
----------------- Instantiating /home/travis/build/icyphy/ptII/ptolemy/domains/de/test/auto/multirate.xml
5 ms. Memory: 871936K Free: 243530K (28%)
----------------- Invoking toplevel() on ptolemy.moml.MoMLSimpleApplication@6d2d8f03
----------------- Done invoking toplevel() on ptolemy.moml.MoMLSimpleApplication@6d2d8f03
reloadAllAccessors: .multirate

===========================================================================================
----------------- testing Fri Mar 01 21:50:04 UTC 2019 /home/travis/build/icyphy/ptII/ptolemy/domains/de/test/auto/multirate2.xml
----------------- Instantiating /home/travis/build/icyphy/ptII/ptolemy/domains/de/test/auto/multirate2.xml
3 ms. Memory: 871936K Free: 226659K (26%)
----------------- Invoking toplevel() on ptolemy.moml.MoMLSimpleApplication@3069825e
----------------- Done invoking toplevel() on ptolemy.moml.MoMLSimpleApplication@3069825e
reloadAllAccessors: .multirate2

===========================================================================================
----------------- testing Fri Mar 01 21:50:04 UTC 2019 /home/travis/build/icyphy/ptII/ptolemy/domains/de/test/auto/realtime.xml
----------------- Instantiating /home/travis/build/icyphy/ptII/ptolemy/domains/de/test/auto/realtime.xml
10002 ms. Memory: 871936K Free: 210848K (24%)
----------------- Invoking toplevel() on ptolemy.moml.MoMLSimpleApplication@4f4d9083
----------------- Done invoking toplevel() on ptolemy.moml.MoMLSimpleApplication@4f4d9083
reloadAllAccessors: .realtime

===========================================================================================
----------------- testing Fri Mar 01 21:50:14 UTC 2019 /home/travis/build/icyphy/ptII/ptolemy/domains/de/test/auto/relationGroup.xml
----------------- Instantiating /home/travis/build/icyphy/ptII/ptolemy/domains/de/test/auto/relationGroup.xml
1 ms. Memory: 871936K Free: 193976K (22%)
----------------- Invoking toplevel() on ptolemy.moml.MoMLSimpleApplication@861a02e
----------------- Done invoking toplevel() on ptolemy.moml.MoMLSimpleApplication@861a02e
reloadAllAccessors: .relationGroup

===========================================================================================
----------------- testing Fri Mar 01 21:50:14 UTC 2019 /home/travis/build/icyphy/ptII/ptolemy/domains/de/test/auto/relationGroup2.xml
----------------- Instantiating /home/travis/build/icyphy/ptII/ptolemy/domains/de/test/auto/relationGroup2.xml
1 ms. Memory: 871936K Free: 178165K (20%)
----------------- Invoking toplevel() on ptolemy.moml.MoMLSimpleApplication@2d6da345
----------------- Done invoking toplevel() on ptolemy.moml.MoMLSimpleApplication@2d6da345
reloadAllAccessors: .relationGroup2

===========================================================================================
----------------- testing Fri Mar 01 21:50:14 UTC 2019 /home/travis/build/icyphy/ptII/ptolemy/domains/de/test/auto/sortWithOpaquePorts.xml
----------------- Instantiating /home/travis/build/icyphy/ptII/ptolemy/domains/de/test/auto/sortWithOpaquePorts.xml
1 ms. Memory: 871936K Free: 161293K (18%)
----------------- Invoking toplevel() on ptolemy.moml.MoMLSimpleApplication@53b4092f
----------------- Done invoking toplevel() on ptolemy.moml.MoMLSimpleApplication@53b4092f
reloadAllAccessors: .sortWithOpaquePorts

===========================================================================================
----------------- testing Fri Mar 01 21:50:14 UTC 2019 /home/travis/build/icyphy/ptII/ptolemy/domains/de/test/auto/transferInputsandOutputs.xml
----------------- Instantiating /home/travis/build/icyphy/ptII/ptolemy/domains/de/test/auto/transferInputsandOutputs.xml
2 ms. Memory: 871936K Free: 145483K (17%)
----------------- Invoking toplevel() on ptolemy.moml.MoMLSimpleApplication@5bd99c40
----------------- Done invoking toplevel() on ptolemy.moml.MoMLSimpleApplication@5bd99c40
reloadAllAccessors: .transferInputsandOutputs

===========================================================================================
----------------- testing Fri Mar 01 21:50:14 UTC 2019 /home/travis/build/icyphy/ptII/ptolemy/domains/de/test/auto/triggerType.xml
----------------- Instantiating /home/travis/build/icyphy/ptII/ptolemy/domains/de/test/auto/triggerType.xml
1 ms. Memory: 871936K Free: 128611K (15%)
----------------- Invoking toplevel() on ptolemy.moml.MoMLSimpleApplication@3d8368dc
----------------- Done invoking toplevel() on ptolemy.moml.MoMLSimpleApplication@3d8368dc
reloadAllAccessors: .triggerType
AutoTests.java: About to close Vertx.
AutoTests.java: Vertx closed.
]]></system-out>
  <system-err><![CDATA[java.lang.RuntimeException: Execution failed
	at ptolemy.moml.MoMLSimpleApplication$UnloadThread.run(MoMLSimpleApplication.java:402)
Caused by: ptolemy.kernel.util.IllegalActionException: Found a zero delay loop containing .dependencyLoop.original
  in .dependencyLoop and .dependencyLoop.original
	at ptolemy.actor.util.CausalityInterfaceForComposites._computeOutputPortDepth(CausalityInterfaceForComposites.java:759)
	at ptolemy.actor.util.CausalityInterfaceForComposites._computeInputDepth(CausalityInterfaceForComposites.java:696)
	at ptolemy.actor.util.CausalityInterfaceForComposites._computeOutputPortDepth(CausalityInterfaceForComposites.java:765)
	at ptolemy.actor.util.CausalityInterfaceForComposites._computeInputDepth(CausalityInterfaceForComposites.java:696)
	at ptolemy.actor.util.CausalityInterfaceForComposites._computeOutputPortDepth(CausalityInterfaceForComposites.java:765)
	at ptolemy.actor.util.CausalityInterfaceForComposites._computeInputDepth(CausalityInterfaceForComposites.java:696)
	at ptolemy.actor.util.CausalityInterfaceForComposites._computeActorDepth(CausalityInterfaceForComposites.java:532)
	at ptolemy.actor.util.CausalityInterfaceForComposites.checkForCycles(CausalityInterfaceForComposites.java:96)
	at ptolemy.domains.de.kernel.DEDirector.preinitialize(DEDirector.java:1338)
	at ptolemy.actor.CompositeActor.preinitialize(CompositeActor.java:1828)
	at ptolemy.actor.Manager.preinitializeAndResolveTypes(Manager.java:1040)
	at ptolemy.actor.Manager.initialize(Manager.java:710)
	at ptolemy.actor.Manager.execute(Manager.java:356)
	at ptolemy.actor.Manager.run(Manager.java:1263)
	at ptolemy.actor.Manager$PtolemyRunThread.run(Manager.java:1915)
java.lang.RuntimeException: Execution failed
	at ptolemy.moml.MoMLSimpleApplication$UnloadThread.run(MoMLSimpleApplication.java:402)
Caused by: ptolemy.kernel.util.IllegalActionException: Found a zero delay loop containing .dependencyLoop2.original
  in .dependencyLoop2 and .dependencyLoop2.original
	at ptolemy.actor.util.CausalityInterfaceForComposites._computeOutputPortDepth(CausalityInterfaceForComposites.java:759)
	at ptolemy.actor.util.CausalityInterfaceForComposites._computeInputDepth(CausalityInterfaceForComposites.java:696)
	at ptolemy.actor.util.CausalityInterfaceForComposites._computeOutputPortDepth(CausalityInterfaceForComposites.java:765)
	at ptolemy.actor.util.CausalityInterfaceForComposites._computeInputDepth(CausalityInterfaceForComposites.java:696)
	at ptolemy.actor.util.CausalityInterfaceForComposites._computeOutputPortDepth(CausalityInterfaceForComposites.java:765)
	at ptolemy.actor.util.CausalityInterfaceForComposites._computeInputDepth(CausalityInterfaceForComposites.java:696)
	at ptolemy.actor.util.CausalityInterfaceForComposites._computeActorDepth(CausalityInterfaceForComposites.java:532)
	at ptolemy.actor.util.CausalityInterfaceForComposites.checkForCycles(CausalityInterfaceForComposites.java:96)
	at ptolemy.domains.de.kernel.DEDirector.preinitialize(DEDirector.java:1338)
	at ptolemy.actor.CompositeActor.preinitialize(CompositeActor.java:1828)
	at ptolemy.actor.Manager.preinitializeAndResolveTypes(Manager.java:1040)
	at ptolemy.actor.Manager.initialize(Manager.java:710)
	at ptolemy.actor.Manager.execute(Manager.java:356)
	at ptolemy.actor.Manager.run(Manager.java:1263)
	at ptolemy.actor.Manager$PtolemyRunThread.run(Manager.java:1915)
java.lang.RuntimeException: Execution failed
	at ptolemy.moml.MoMLSimpleApplication$UnloadThread.run(MoMLSimpleApplication.java:402)
Caused by: ptolemy.kernel.util.IllegalActionException: Found a zero delay loop containing .dependencyLoop.original
  in .dependencyLoop and .dependencyLoop.original
	at ptolemy.actor.util.CausalityInterfaceForComposites._computeOutputPortDepth(CausalityInterfaceForComposites.java:759)
	at ptolemy.actor.util.CausalityInterfaceForComposites._computeInputDepth(CausalityInterfaceForComposites.java:696)
	at ptolemy.actor.util.CausalityInterfaceForComposites._computeOutputPortDepth(CausalityInterfaceForComposites.java:765)
	at ptolemy.actor.util.CausalityInterfaceForComposites._computeInputDepth(CausalityInterfaceForComposites.java:696)
	at ptolemy.actor.util.CausalityInterfaceForComposites._computeOutputPortDepth(CausalityInterfaceForComposites.java:765)
	at ptolemy.actor.util.CausalityInterfaceForComposites._computeInputDepth(CausalityInterfaceForComposites.java:696)
	at ptolemy.actor.util.CausalityInterfaceForComposites._computeActorDepth(CausalityInterfaceForComposites.java:532)
	at ptolemy.actor.util.CausalityInterfaceForComposites.checkForCycles(CausalityInterfaceForComposites.java:96)
	at ptolemy.domains.de.kernel.DEDirector.preinitialize(DEDirector.java:1338)
	at ptolemy.actor.CompositeActor.preinitialize(CompositeActor.java:1828)
	at ptolemy.actor.Manager.preinitializeAndResolveTypes(Manager.java:1040)
	at ptolemy.actor.Manager.initialize(Manager.java:710)
	at ptolemy.actor.Manager.execute(Manager.java:356)
	at ptolemy.actor.Manager.run(Manager.java:1263)
	at ptolemy.actor.Manager$PtolemyRunThread.run(Manager.java:1915)
java.lang.RuntimeException: Execution failed
	at ptolemy.moml.MoMLSimpleApplication$UnloadThread.run(MoMLSimpleApplication.java:402)
Caused by: ptolemy.kernel.util.IllegalActionException: Actor is not ready to fire.  Perhaps UpSample.prefire() returned false? Try debugging the actor by selecting "Listen to Actor".  Also, for SDF check moml for tokenConsumptionRate on input.
  in .DESDFClockTest.Play Bell.Copy1:SDF Director and .DESDFClockTest.Play Bell.UpSample
	at ptolemy.actor.sched.StaticSchedulingDirector.fire(StaticSchedulingDirector.java:227)
	at ptolemy.domains.sdf.kernel.SDFDirector.fire(SDFDirector.java:500)
	at ptolemy.actor.CompositeActor.fire(CompositeActor.java:455)
	at ptolemy.domains.de.kernel.DEDirector._fire(DEDirector.java:1949)
	at ptolemy.domains.de.kernel.DEDirector.fire(DEDirector.java:502)
	at ptolemy.actor.CompositeActor.fire(CompositeActor.java:455)
	at ptolemy.actor.Manager.iterate(Manager.java:851)
	at ptolemy.actor.Manager.execute(Manager.java:369)
	at ptolemy.actor.Manager.run(Manager.java:1263)
	at ptolemy.actor.Manager$PtolemyRunThread.run(Manager.java:1915)
java.lang.RuntimeException: Execution failed
	at ptolemy.moml.MoMLSimpleApplication$UnloadThread.run(MoMLSimpleApplication.java:402)
Caused by: ptolemy.kernel.util.IllegalActionException: Found a zero delay loop containing .dependencyLoop2.original
  in .dependencyLoop2 and .dependencyLoop2.original
	at ptolemy.actor.util.CausalityInterfaceForComposites._computeOutputPortDepth(CausalityInterfaceForComposites.java:759)
	at ptolemy.actor.util.CausalityInterfaceForComposites._computeInputDepth(CausalityInterfaceForComposites.java:696)
	at ptolemy.actor.util.CausalityInterfaceForComposites._computeOutputPortDepth(CausalityInterfaceForComposites.java:765)
	at ptolemy.actor.util.CausalityInterfaceForComposites._computeInputDepth(CausalityInterfaceForComposites.java:696)
	at ptolemy.actor.util.CausalityInterfaceForComposites._computeOutputPortDepth(CausalityInterfaceForComposites.java:765)
	at ptolemy.actor.util.CausalityInterfaceForComposites._computeInputDepth(CausalityInterfaceForComposites.java:696)
	at ptolemy.actor.util.CausalityInterfaceForComposites._computeActorDepth(CausalityInterfaceForComposites.java:532)
	at ptolemy.actor.util.CausalityInterfaceForComposites.checkForCycles(CausalityInterfaceForComposites.java:96)
	at ptolemy.domains.de.kernel.DEDirector.preinitialize(DEDirector.java:1338)
	at ptolemy.actor.CompositeActor.preinitialize(CompositeActor.java:1828)
	at ptolemy.actor.Manager.preinitializeAndResolveTypes(Manager.java:1040)
	at ptolemy.actor.Manager.initialize(Manager.java:710)
	at ptolemy.actor.Manager.execute(Manager.java:356)
	at ptolemy.actor.Manager.run(Manager.java:1263)
	at ptolemy.actor.Manager$PtolemyRunThread.run(Manager.java:1915)
java.lang.RuntimeException: Execution failed
	at ptolemy.moml.MoMLSimpleApplication$UnloadThread.run(MoMLSimpleApplication.java:402)
Caused by: ptolemy.kernel.util.IllegalActionException: Found a zero delay loop containing .HierarchicalModel.A
  in .HierarchicalModel and .HierarchicalModel.A
	at ptolemy.actor.util.CausalityInterfaceForComposites._computeOutputPortDepth(CausalityInterfaceForComposites.java:759)
	at ptolemy.actor.util.CausalityInterfaceForComposites._computeInputDepth(CausalityInterfaceForComposites.java:696)
	at ptolemy.actor.util.CausalityInterfaceForComposites._computeOutputPortDepth(CausalityInterfaceForComposites.java:765)
	at ptolemy.actor.util.CausalityInterfaceForComposites._computeInputDepth(CausalityInterfaceForComposites.java:696)
	at ptolemy.actor.util.CausalityInterfaceForComposites._computeOutputPortDepth(CausalityInterfaceForComposites.java:765)
	at ptolemy.actor.util.CausalityInterfaceForComposites._computeInputDepth(CausalityInterfaceForComposites.java:696)
	at ptolemy.actor.util.CausalityInterfaceForComposites._computeActorDepth(CausalityInterfaceForComposites.java:532)
	at ptolemy.actor.util.CausalityInterfaceForComposites.checkForCycles(CausalityInterfaceForComposites.java:96)
	at ptolemy.domains.de.kernel.DEDirector.preinitialize(DEDirector.java:1338)
	at ptolemy.actor.CompositeActor.preinitialize(CompositeActor.java:1828)
	at ptolemy.actor.Manager.preinitializeAndResolveTypes(Manager.java:1040)
	at ptolemy.actor.Manager.initialize(Manager.java:710)
	at ptolemy.actor.Manager.execute(Manager.java:356)
	at ptolemy.actor.Manager.run(Manager.java:1263)
	at ptolemy.actor.Manager$PtolemyRunThread.run(Manager.java:1915)
java.lang.RuntimeException: Execution failed
	at ptolemy.moml.MoMLSimpleApplication$UnloadThread.run(MoMLSimpleApplication.java:402)
Caused by: ptolemy.kernel.util.IllegalActionException: Test fails in iteration 1.
Value was: 1.0. Should have been: 2.0
  in .DirectFeedback.Test
	at ptolemy.actor.lib.Test.fire(Test.java:268)
	at ptolemy.domains.de.kernel.DEDirector._fire(DEDirector.java:1949)
	at ptolemy.domains.de.kernel.DEDirector.fire(DEDirector.java:502)
	at ptolemy.actor.CompositeActor.fire(CompositeActor.java:455)
	at ptolemy.actor.Manager.iterate(Manager.java:851)
	at ptolemy.actor.Manager.execute(Manager.java:369)
	at ptolemy.actor.Manager.run(Manager.java:1263)
	at ptolemy.actor.Manager$PtolemyRunThread.run(Manager.java:1915)
java.lang.RuntimeException: Execution failed
	at ptolemy.moml.MoMLSimpleApplication$UnloadThread.run(MoMLSimpleApplication.java:402)
Caused by: ptolemy.kernel.util.IllegalActionException: Actor is not ready to fire.  Perhaps UpSample.prefire() returned false? Try debugging the actor by selecting "Listen to Actor".  Also, for SDF check moml for tokenConsumptionRate on input.
  in .DESDFClockTest.Play Bell.Copy1:SDF Director and .DESDFClockTest.Play Bell.UpSample
	at ptolemy.actor.sched.StaticSchedulingDirector.fire(StaticSchedulingDirector.java:227)
	at ptolemy.domains.sdf.kernel.SDFDirector.fire(SDFDirector.java:500)
	at ptolemy.actor.CompositeActor.fire(CompositeActor.java:455)
	at ptolemy.domains.de.kernel.DEDirector._fire(DEDirector.java:1949)
	at ptolemy.domains.de.kernel.DEDirector.fire(DEDirector.java:502)
	at ptolemy.actor.CompositeActor.fire(CompositeActor.java:455)
	at ptolemy.actor.Manager.iterate(Manager.java:851)
	at ptolemy.actor.Manager.execute(Manager.java:369)
	at ptolemy.actor.Manager.run(Manager.java:1263)
	at ptolemy.actor.Manager$PtolemyRunThread.run(Manager.java:1915)
java.lang.reflect.InvocationTargetException
	at sun.reflect.NativeConstructorAccessorImpl.newInstance0(Native Method)
	at sun.reflect.NativeConstructorAccessorImpl.newInstance(NativeConstructorAccessorImpl.java:62)
	at sun.reflect.DelegatingConstructorAccessorImpl.newInstance(DelegatingConstructorAccessorImpl.java:45)
	at java.lang.reflect.Constructor.newInstance(Constructor.java:423)
	at ptolemy.util.test.junit.AutoKnownFailedTests.RunModel(AutoKnownFailedTests.java:105)
	at sun.reflect.NativeMethodAccessorImpl.invoke0(Native Method)
	at sun.reflect.NativeMethodAccessorImpl.invoke(NativeMethodAccessorImpl.java:62)
	at sun.reflect.DelegatingMethodAccessorImpl.invoke(DelegatingMethodAccessorImpl.java:43)
	at java.lang.reflect.Method.invoke(Method.java:498)
	at org.junit.runners.model.FrameworkMethod$1.runReflectiveCall(FrameworkMethod.java:44)
	at org.junit.internal.runners.model.ReflectiveCallable.run(ReflectiveCallable.java:15)
	at org.junit.runners.model.FrameworkMethod.invokeExplosively(FrameworkMethod.java:41)
	at junitparams.internal.InvokeParameterisedMethod.evaluate(InvokeParameterisedMethod.java:102)
	at org.junit.internal.runners.statements.FailOnTimeout$1.run(FailOnTimeout.java:28)
Caused by: ptolemy.kernel.util.IllegalActionException: Actor is not ready to fire.  Perhaps UpSample.prefire() returned false? Try debugging the actor by selecting "Listen to Actor".  Also, for SDF check moml for tokenConsumptionRate on input.
  in .DESDFClockTest.Play Bell.Copy1:SDF Director and .DESDFClockTest.Play Bell.UpSample
	at ptolemy.actor.sched.StaticSchedulingDirector.fire(StaticSchedulingDirector.java:227)
	at ptolemy.domains.sdf.kernel.SDFDirector.fire(SDFDirector.java:500)
	at ptolemy.actor.CompositeActor.fire(CompositeActor.java:455)
	at ptolemy.domains.de.kernel.DEDirector._fire(DEDirector.java:1949)
	at ptolemy.domains.de.kernel.DEDirector.fire(DEDirector.java:502)
	at ptolemy.actor.CompositeActor.fire(CompositeActor.java:455)
	at ptolemy.actor.Manager.iterate(Manager.java:851)
	at ptolemy.actor.Manager.execute(Manager.java:369)
	at ptolemy.actor.Manager.run(Manager.java:1263)
	at ptolemy.actor.Manager$PtolemyRunThread.run(Manager.java:1915)
java.lang.RuntimeException: Execution failed
	at ptolemy.moml.MoMLSimpleApplication$UnloadThread.run(MoMLSimpleApplication.java:402)
Caused by: ptolemy.kernel.util.IllegalActionException: Test fails in iteration 1.
Value was: 1.0. Should have been: 2.0
  in .DirectFeedback.Test
	at ptolemy.actor.lib.Test.fire(Test.java:268)
	at ptolemy.domains.de.kernel.DEDirector._fire(DEDirector.java:1949)
	at ptolemy.domains.de.kernel.DEDirector.fire(DEDirector.java:502)
	at ptolemy.actor.CompositeActor.fire(CompositeActor.java:455)
	at ptolemy.actor.Manager.iterate(Manager.java:851)
	at ptolemy.actor.Manager.execute(Manager.java:369)
	at ptolemy.actor.Manager.run(Manager.java:1263)
	at ptolemy.actor.Manager$PtolemyRunThread.run(Manager.java:1915)
java.lang.reflect.InvocationTargetException
	at sun.reflect.NativeConstructorAccessorImpl.newInstance0(Native Method)
	at sun.reflect.NativeConstructorAccessorImpl.newInstance(NativeConstructorAccessorImpl.java:62)
	at sun.reflect.DelegatingConstructorAccessorImpl.newInstance(DelegatingConstructorAccessorImpl.java:45)
	at java.lang.reflect.Constructor.newInstance(Constructor.java:423)
	at ptolemy.util.test.junit.AutoKnownFailedTests.RunModel(AutoKnownFailedTests.java:105)
	at sun.reflect.NativeMethodAccessorImpl.invoke0(Native Method)
	at sun.reflect.NativeMethodAccessorImpl.invoke(NativeMethodAccessorImpl.java:62)
	at sun.reflect.DelegatingMethodAccessorImpl.invoke(DelegatingMethodAccessorImpl.java:43)
	at java.lang.reflect.Method.invoke(Method.java:498)
	at org.junit.runners.model.FrameworkMethod$1.runReflectiveCall(FrameworkMethod.java:44)
	at org.junit.internal.runners.model.ReflectiveCallable.run(ReflectiveCallable.java:15)
	at org.junit.runners.model.FrameworkMethod.invokeExplosively(FrameworkMethod.java:41)
	at junitparams.internal.InvokeParameterisedMethod.evaluate(InvokeParameterisedMethod.java:102)
	at org.junit.internal.runners.statements.FailOnTimeout$1.run(FailOnTimeout.java:28)
Caused by: ptolemy.kernel.util.IllegalActionException: Test fails in iteration 1.
Value was: 1.0. Should have been: 2.0
  in .DirectFeedback.Test
	at ptolemy.actor.lib.Test.fire(Test.java:268)
	at ptolemy.domains.de.kernel.DEDirector._fire(DEDirector.java:1949)
	at ptolemy.domains.de.kernel.DEDirector.fire(DEDirector.java:502)
	at ptolemy.actor.CompositeActor.fire(CompositeActor.java:455)
	at ptolemy.actor.Manager.iterate(Manager.java:851)
	at ptolemy.actor.Manager.execute(Manager.java:369)
	at ptolemy.actor.Manager.run(Manager.java:1263)
	at ptolemy.actor.Manager$PtolemyRunThread.run(Manager.java:1915)
java.lang.RuntimeException: Execution failed
	at ptolemy.moml.MoMLSimpleApplication$UnloadThread.run(MoMLSimpleApplication.java:402)
Caused by: ptolemy.kernel.util.IllegalActionException: Found a zero delay loop containing .HierarchicalModel.A
  in .HierarchicalModel and .HierarchicalModel.A
	at ptolemy.actor.util.CausalityInterfaceForComposites._computeOutputPortDepth(CausalityInterfaceForComposites.java:759)
	at ptolemy.actor.util.CausalityInterfaceForComposites._computeInputDepth(CausalityInterfaceForComposites.java:696)
	at ptolemy.actor.util.CausalityInterfaceForComposites._computeOutputPortDepth(CausalityInterfaceForComposites.java:765)
	at ptolemy.actor.util.CausalityInterfaceForComposites._computeInputDepth(CausalityInterfaceForComposites.java:696)
	at ptolemy.actor.util.CausalityInterfaceForComposites._computeOutputPortDepth(CausalityInterfaceForComposites.java:765)
	at ptolemy.actor.util.CausalityInterfaceForComposites._computeInputDepth(CausalityInterfaceForComposites.java:696)
	at ptolemy.actor.util.CausalityInterfaceForComposites._computeActorDepth(CausalityInterfaceForComposites.java:532)
	at ptolemy.actor.util.CausalityInterfaceForComposites.checkForCycles(CausalityInterfaceForComposites.java:96)
	at ptolemy.domains.de.kernel.DEDirector.preinitialize(DEDirector.java:1338)
	at ptolemy.actor.CompositeActor.preinitialize(CompositeActor.java:1828)
	at ptolemy.actor.Manager.preinitializeAndResolveTypes(Manager.java:1040)
	at ptolemy.actor.Manager.initialize(Manager.java:710)
	at ptolemy.actor.Manager.execute(Manager.java:356)
	at ptolemy.actor.Manager.run(Manager.java:1263)
	at ptolemy.actor.Manager$PtolemyRunThread.run(Manager.java:1915)
java.lang.reflect.InvocationTargetException
	at sun.reflect.NativeConstructorAccessorImpl.newInstance0(Native Method)
	at sun.reflect.NativeConstructorAccessorImpl.newInstance(NativeConstructorAccessorImpl.java:62)
	at sun.reflect.DelegatingConstructorAccessorImpl.newInstance(DelegatingConstructorAccessorImpl.java:45)
	at java.lang.reflect.Constructor.newInstance(Constructor.java:423)
	at ptolemy.util.test.junit.AutoKnownFailedTests.RunModel(AutoKnownFailedTests.java:105)
	at sun.reflect.NativeMethodAccessorImpl.invoke0(Native Method)
	at sun.reflect.NativeMethodAccessorImpl.invoke(NativeMethodAccessorImpl.java:62)
	at sun.reflect.DelegatingMethodAccessorImpl.invoke(DelegatingMethodAccessorImpl.java:43)
	at java.lang.reflect.Method.invoke(Method.java:498)
	at org.junit.runners.model.FrameworkMethod$1.runReflectiveCall(FrameworkMethod.java:44)
	at org.junit.internal.runners.model.ReflectiveCallable.run(ReflectiveCallable.java:15)
	at org.junit.runners.model.FrameworkMethod.invokeExplosively(FrameworkMethod.java:41)
	at junitparams.internal.InvokeParameterisedMethod.evaluate(InvokeParameterisedMethod.java:102)
	at org.junit.internal.runners.statements.FailOnTimeout$1.run(FailOnTimeout.java:28)
Caused by: ptolemy.kernel.util.IllegalActionException: Found a zero delay loop containing .HierarchicalModel.A
  in .HierarchicalModel and .HierarchicalModel.A
	at ptolemy.actor.util.CausalityInterfaceForComposites._computeOutputPortDepth(CausalityInterfaceForComposites.java:759)
	at ptolemy.actor.util.CausalityInterfaceForComposites._computeInputDepth(CausalityInterfaceForComposites.java:696)
	at ptolemy.actor.util.CausalityInterfaceForComposites._computeOutputPortDepth(CausalityInterfaceForComposites.java:765)
	at ptolemy.actor.util.CausalityInterfaceForComposites._computeInputDepth(CausalityInterfaceForComposites.java:696)
	at ptolemy.actor.util.CausalityInterfaceForComposites._computeOutputPortDepth(CausalityInterfaceForComposites.java:765)
	at ptolemy.actor.util.CausalityInterfaceForComposites._computeInputDepth(CausalityInterfaceForComposites.java:696)
	at ptolemy.actor.util.CausalityInterfaceForComposites._computeActorDepth(CausalityInterfaceForComposites.java:532)
	at ptolemy.actor.util.CausalityInterfaceForComposites.checkForCycles(CausalityInterfaceForComposites.java:96)
	at ptolemy.domains.de.kernel.DEDirector.preinitialize(DEDirector.java:1338)
	at ptolemy.actor.CompositeActor.preinitialize(CompositeActor.java:1828)
	at ptolemy.actor.Manager.preinitializeAndResolveTypes(Manager.java:1040)
	at ptolemy.actor.Manager.initialize(Manager.java:710)
	at ptolemy.actor.Manager.execute(Manager.java:356)
	at ptolemy.actor.Manager.run(Manager.java:1263)
	at ptolemy.actor.Manager$PtolemyRunThread.run(Manager.java:1915)
java.lang.RuntimeException: Execution failed
	at ptolemy.moml.MoMLSimpleApplication$UnloadThread.run(MoMLSimpleApplication.java:402)
Caused by: ptolemy.kernel.util.IllegalActionException: Found a zero delay loop containing .dependencyLoop.original
  in .dependencyLoop and .dependencyLoop.original
	at ptolemy.actor.util.CausalityInterfaceForComposites._computeOutputPortDepth(CausalityInterfaceForComposites.java:759)
	at ptolemy.actor.util.CausalityInterfaceForComposites._computeInputDepth(CausalityInterfaceForComposites.java:696)
	at ptolemy.actor.util.CausalityInterfaceForComposites._computeOutputPortDepth(CausalityInterfaceForComposites.java:765)
	at ptolemy.actor.util.CausalityInterfaceForComposites._computeInputDepth(CausalityInterfaceForComposites.java:696)
	at ptolemy.actor.util.CausalityInterfaceForComposites._computeOutputPortDepth(CausalityInterfaceForComposites.java:765)
	at ptolemy.actor.util.CausalityInterfaceForComposites._computeInputDepth(CausalityInterfaceForComposites.java:696)
	at ptolemy.actor.util.CausalityInterfaceForComposites._computeActorDepth(CausalityInterfaceForComposites.java:532)
	at ptolemy.actor.util.CausalityInterfaceForComposites.checkForCycles(CausalityInterfaceForComposites.java:96)
	at ptolemy.domains.de.kernel.DEDirector.preinitialize(DEDirector.java:1338)
	at ptolemy.actor.CompositeActor.preinitialize(CompositeActor.java:1828)
	at ptolemy.actor.Manager.preinitializeAndResolveTypes(Manager.java:1040)
	at ptolemy.actor.Manager.initialize(Manager.java:710)
	at ptolemy.actor.Manager.execute(Manager.java:356)
	at ptolemy.actor.Manager.run(Manager.java:1263)
	at ptolemy.actor.Manager$PtolemyRunThread.run(Manager.java:1915)
java.lang.reflect.InvocationTargetException
	at sun.reflect.NativeConstructorAccessorImpl.newInstance0(Native Method)
	at sun.reflect.NativeConstructorAccessorImpl.newInstance(NativeConstructorAccessorImpl.java:62)
	at sun.reflect.DelegatingConstructorAccessorImpl.newInstance(DelegatingConstructorAccessorImpl.java:45)
	at java.lang.reflect.Constructor.newInstance(Constructor.java:423)
	at ptolemy.util.test.junit.AutoKnownFailedTests.RunModel(AutoKnownFailedTests.java:105)
	at sun.reflect.NativeMethodAccessorImpl.invoke0(Native Method)
	at sun.reflect.NativeMethodAccessorImpl.invoke(NativeMethodAccessorImpl.java:62)
	at sun.reflect.DelegatingMethodAccessorImpl.invoke(DelegatingMethodAccessorImpl.java:43)
	at java.lang.reflect.Method.invoke(Method.java:498)
	at org.junit.runners.model.FrameworkMethod$1.runReflectiveCall(FrameworkMethod.java:44)
	at org.junit.internal.runners.model.ReflectiveCallable.run(ReflectiveCallable.java:15)
	at org.junit.runners.model.FrameworkMethod.invokeExplosively(FrameworkMethod.java:41)
	at junitparams.internal.InvokeParameterisedMethod.evaluate(InvokeParameterisedMethod.java:102)
	at org.junit.internal.runners.statements.FailOnTimeout$1.run(FailOnTimeout.java:28)
Caused by: ptolemy.kernel.util.IllegalActionException: Found a zero delay loop containing .dependencyLoop.original
  in .dependencyLoop and .dependencyLoop.original
	at ptolemy.actor.util.CausalityInterfaceForComposites._computeOutputPortDepth(CausalityInterfaceForComposites.java:759)
	at ptolemy.actor.util.CausalityInterfaceForComposites._computeInputDepth(CausalityInterfaceForComposites.java:696)
	at ptolemy.actor.util.CausalityInterfaceForComposites._computeOutputPortDepth(CausalityInterfaceForComposites.java:765)
	at ptolemy.actor.util.CausalityInterfaceForComposites._computeInputDepth(CausalityInterfaceForComposites.java:696)
	at ptolemy.actor.util.CausalityInterfaceForComposites._computeOutputPortDepth(CausalityInterfaceForComposites.java:765)
	at ptolemy.actor.util.CausalityInterfaceForComposites._computeInputDepth(CausalityInterfaceForComposites.java:696)
	at ptolemy.actor.util.CausalityInterfaceForComposites._computeActorDepth(CausalityInterfaceForComposites.java:532)
	at ptolemy.actor.util.CausalityInterfaceForComposites.checkForCycles(CausalityInterfaceForComposites.java:96)
	at ptolemy.domains.de.kernel.DEDirector.preinitialize(DEDirector.java:1338)
	at ptolemy.actor.CompositeActor.preinitialize(CompositeActor.java:1828)
	at ptolemy.actor.Manager.preinitializeAndResolveTypes(Manager.java:1040)
	at ptolemy.actor.Manager.initialize(Manager.java:710)
	at ptolemy.actor.Manager.execute(Manager.java:356)
	at ptolemy.actor.Manager.run(Manager.java:1263)
	at ptolemy.actor.Manager$PtolemyRunThread.run(Manager.java:1915)
java.lang.RuntimeException: Execution failed
	at ptolemy.moml.MoMLSimpleApplication$UnloadThread.run(MoMLSimpleApplication.java:402)
Caused by: ptolemy.kernel.util.IllegalActionException: Found a zero delay loop containing .dependencyLoop2.original
  in .dependencyLoop2 and .dependencyLoop2.original
	at ptolemy.actor.util.CausalityInterfaceForComposites._computeOutputPortDepth(CausalityInterfaceForComposites.java:759)
	at ptolemy.actor.util.CausalityInterfaceForComposites._computeInputDepth(CausalityInterfaceForComposites.java:696)
	at ptolemy.actor.util.CausalityInterfaceForComposites._computeOutputPortDepth(CausalityInterfaceForComposites.java:765)
	at ptolemy.actor.util.CausalityInterfaceForComposites._computeInputDepth(CausalityInterfaceForComposites.java:696)
	at ptolemy.actor.util.CausalityInterfaceForComposites._computeOutputPortDepth(CausalityInterfaceForComposites.java:765)
	at ptolemy.actor.util.CausalityInterfaceForComposites._computeInputDepth(CausalityInterfaceForComposites.java:696)
	at ptolemy.actor.util.CausalityInterfaceForComposites._computeActorDepth(CausalityInterfaceForComposites.java:532)
	at ptolemy.actor.util.CausalityInterfaceForComposites.checkForCycles(CausalityInterfaceForComposites.java:96)
	at ptolemy.domains.de.kernel.DEDirector.preinitialize(DEDirector.java:1338)
	at ptolemy.actor.CompositeActor.preinitialize(CompositeActor.java:1828)
	at ptolemy.actor.Manager.preinitializeAndResolveTypes(Manager.java:1040)
	at ptolemy.actor.Manager.initialize(Manager.java:710)
	at ptolemy.actor.Manager.execute(Manager.java:356)
	at ptolemy.actor.Manager.run(Manager.java:1263)
	at ptolemy.actor.Manager$PtolemyRunThread.run(Manager.java:1915)
java.lang.reflect.InvocationTargetException
	at sun.reflect.NativeConstructorAccessorImpl.newInstance0(Native Method)
	at sun.reflect.NativeConstructorAccessorImpl.newInstance(NativeConstructorAccessorImpl.java:62)
	at sun.reflect.DelegatingConstructorAccessorImpl.newInstance(DelegatingConstructorAccessorImpl.java:45)
	at java.lang.reflect.Constructor.newInstance(Constructor.java:423)
	at ptolemy.util.test.junit.AutoKnownFailedTests.RunModel(AutoKnownFailedTests.java:105)
	at sun.reflect.NativeMethodAccessorImpl.invoke0(Native Method)
	at sun.reflect.NativeMethodAccessorImpl.invoke(NativeMethodAccessorImpl.java:62)
	at sun.reflect.DelegatingMethodAccessorImpl.invoke(DelegatingMethodAccessorImpl.java:43)
	at java.lang.reflect.Method.invoke(Method.java:498)
	at org.junit.runners.model.FrameworkMethod$1.runReflectiveCall(FrameworkMethod.java:44)
	at org.junit.internal.runners.model.ReflectiveCallable.run(ReflectiveCallable.java:15)
	at org.junit.runners.model.FrameworkMethod.invokeExplosively(FrameworkMethod.java:41)
	at junitparams.internal.InvokeParameterisedMethod.evaluate(InvokeParameterisedMethod.java:102)
	at org.junit.internal.runners.statements.FailOnTimeout$1.run(FailOnTimeout.java:28)
Caused by: ptolemy.kernel.util.IllegalActionException: Found a zero delay loop containing .dependencyLoop2.original
  in .dependencyLoop2 and .dependencyLoop2.original
	at ptolemy.actor.util.CausalityInterfaceForComposites._computeOutputPortDepth(CausalityInterfaceForComposites.java:759)
	at ptolemy.actor.util.CausalityInterfaceForComposites._computeInputDepth(CausalityInterfaceForComposites.java:696)
	at ptolemy.actor.util.CausalityInterfaceForComposites._computeOutputPortDepth(CausalityInterfaceForComposites.java:765)
	at ptolemy.actor.util.CausalityInterfaceForComposites._computeInputDepth(CausalityInterfaceForComposites.java:696)
	at ptolemy.actor.util.CausalityInterfaceForComposites._computeOutputPortDepth(CausalityInterfaceForComposites.java:765)
	at ptolemy.actor.util.CausalityInterfaceForComposites._computeInputDepth(CausalityInterfaceForComposites.java:696)
	at ptolemy.actor.util.CausalityInterfaceForComposites._computeActorDepth(CausalityInterfaceForComposites.java:532)
	at ptolemy.actor.util.CausalityInterfaceForComposites.checkForCycles(CausalityInterfaceForComposites.java:96)
	at ptolemy.domains.de.kernel.DEDirector.preinitialize(DEDirector.java:1338)
	at ptolemy.actor.CompositeActor.preinitialize(CompositeActor.java:1828)
	at ptolemy.actor.Manager.preinitializeAndResolveTypes(Manager.java:1040)
	at ptolemy.actor.Manager.initialize(Manager.java:710)
	at ptolemy.actor.Manager.execute(Manager.java:356)
	at ptolemy.actor.Manager.run(Manager.java:1263)
	at ptolemy.actor.Manager$PtolemyRunThread.run(Manager.java:1915)
]]></system-err>
</testsuite>
