<?xml version="1.0" encoding="UTF-8" ?>
<testsuite errors="0" failures="0" hostname="travis-job-b4b598ab-0d45-4955-8a0a-0a42893c0b80" name="ptolemy.actor.lib.test.junit.JUnitTclTest" skipped="0" tests="517" time="62.478" timestamp="2020-10-18T15:50:50">
  <properties>
    <property name="npm.executable" value="npm" />
    <property name="env.TRAVIS_ROOT" value="/" />
    <property name="ptII.mk.exists" value="true" />
    <property name="env.TRAVIS_APP_HOST" value="build.travis-ci.com" />
    <property name="env.rvm_bin_path" value="/home/travis/.rvm/bin" />
    <property name="java.home" value="/usr/local/lib/jvm/openjdk11" />
    <property name="env.TRAVIS_JOB_NUMBER" value="1803.8" />
    <property name="env.TRAVIS_HOME" value="/home/travis" />
    <property name="env.DISPLAY" value=":99.0" />
    <property name="env.TRAVIS_INIT" value="systemd" />
    <property name="env.SSH_TTY" value="/dev/pts/0" />
    <property name="java.net.preferIPv4Stack" value="true" />
    <property name="env.RUN_TESTS" value="true" />
    <property name="timeout.short" value="1000000" />
    <property name="junit.formatter" value="xml" />
    <property name="env.TRAVIS_SUDO" value="true" />
    <property name="env.TRAVIS_JOB_NAME" value="" />
    <property name="env.TRAVIS_STACK_NODE_ATTRIBUTES" value="/.node-attributes.yml" />
    <property name="env.LOGNAME" value="travis" />
    <property name="env.PT_TRAVIS_TEST_CORE1_XML" value="true" />
    <property name="jsdoc.home" value="node_modules/@terraswarm/jsdoc" />
    <property name="debuglevel" value="source,lines,vars" />
    <property name="checkstyle.formatter" value="xml" />
    <property name="bin.vergil.makeable" value="true" />
    <property name="sun.os.patch.level" value="unknown" />
    <property name="java.vendor.url" value="http://java.oracle.com/" />
    <property name="env.TRAVIS_BUILD_WEB_URL" value="https://travis-ci.com/icyphy/ptII/builds/190782097" />
    <property name="java.version" value="11.0.2" />
    <property name="env.TZ" value="UTC" />
    <property name="env.TRAVIS_PULL_REQUEST_SHA" value="" />
    <property name="env.PT_NO_NET" value="true" />
    <property name="env.TRAVIS_SECURE_ENV_VARS" value="true" />
    <property name="java.vendor.url.bug" value="http://bugreport.java.com/bugreport/" />
    <property name="npmjs-org-is-up" value="true" />
    <property name="env.LANGUAGE" value="en_US.UTF-8" />
    <property name="env.SSH_CLIENT" value="10.16.4.12 48030 22" />
    <property name="env.GEM_HOME" value="/home/travis/.rvm/gems/ruby-2.5.3" />
    <property name="env.HAS_ANTARES_THREE_LITTLE_FRONZIES_BADGE" value="true" />
    <property name="java.version.date" value="2019-01-15" />
    <property name="env.PS4" value="+" />
    <property name="ant.project.invoked-targets" value="build,test.core1.xml" />
    <property name="env.TRAVIS_PULL_REQUEST_BRANCH" value="" />
    <property name="env.TRAVIS_REPO_SLUG" value="icyphy/ptII" />
    <property name="env.XDG_DATA_DIRS" value="/usr/local/share:/usr/share:/var/lib/snapd/desktop" />
    <property name="jdk.debug" value="release" />
    <property name="env.TRAVIS_APT_PROXY" value="http://build-cache.travisci.net" />
    <property name="env.TRAVIS_CPU_ARCH" value="amd64" />
    <property name="node.in.path" value="true" />
    <property name="user.name" value="travis" />
    <property name="java.maxmemory" value="1400m" />
    <property name="env.RUBY_VERSION" value="ruby-2.5.3" />
    <property name="env.LANG" value="en_US.UTF-8" />
    <property name="sun.io.unicode.encoding" value="UnicodeLittle" />
    <property name="sun.jnu.encoding" value="UTF-8" />
    <property name="java.runtime.name" value="OpenJDK Runtime Environment" />
    <property name="usefile" value="false" />
    <property name="return.code" value="0" />
    <property name="junit.single.formatter" value="plain" />
    <property name="env.DYLD_LIBRARY_PATH" value="/home/travis/pthla/certi-tools/lib:" />
    <property name="env.DEBIAN_FRONTEND" value="noninteractive" />
    <property name="env.SSH_CONNECTION" value="10.16.4.12 48030 10.30.3.130 22" />
    <property name="env.MYSQL_UNIX_PORT" value="/var/run/mysqld/mysqld.sock" />
    <property name="env.LC_ALL" value="en_US.UTF-8" />
    <property name="env.TRAVIS_ALLOW_FAILURE" value="" />
    <property name="env.TRAVIS_JOB_WEB_URL" value="https://travis-ci.com/icyphy/ptII/jobs/401573478" />
    <property name="java.specification.name" value="Java Platform API Specification" />
    <property name="node.works" value="true" />
    <property name="user.timezone" value="" />
    <property name="path.separator" value=":" />
    <property name="env.TRAVIS_ENABLE_INFRA_DETECTION" value="true" />
    <property name="env.PYTHON_CFLAGS" value="-g -fstack-protector --param=ssp-buffer-size=4 -Wformat -Werror=format-security" />
    <property name="timeout.long" value="4000000" />
    <property name="env.CERTI_HOME" value="/home/travis/pthla/certi-tools" />
    <property name="ant.file.ptII" value="/home/travis/build/icyphy/ptII/build.xml" />
    <property name="javadoc.packagenames" value="com.*,diva.*,lbnl.*,org.hlacerti.*,org.json.*,org.ptolemy.*,org.terraswarm.*,ptolemy.*,ptserver.*" />
    <property name="file.encoding" value="UTF-8" />
    <property name="env.TRAVIS_PULL_REQUEST_SLUG" value="" />
    <property name="ant.project.default-target" value="build" />
    <property name="env.GIT_ASKPASS" value="echo" />
    <property name="env.HOME" value="/home/travis" />
    <property name="sun.java.command" value="org.apache.tools.ant.taskdefs.optional.junit.JUnitTestRunner ptolemy.actor.lib.test.junit.JUnitTclTest skipNonTests=false filtertrace=true haltOnError=false haltOnFailure=false formatter=org.apache.tools.ant.taskdefs.optional.junit.OutErrSummaryJUnitResultFormatter showoutput=true outputtoformatters=true logfailedtests=true threadid=0 logtestlistenerevents=false formatter=org.apache.tools.ant.taskdefs.optional.junit.XMLJUnitResultFormatter,/home/travis/build/icyphy/ptII/reports/junit/TEST-ptolemy.actor.lib.test.junit.JUnitTclTest.xml crashfile=/home/travis/build/icyphy/ptII/junitvmwatcher17782842728656595283.properties propsfile=/home/travis/build/icyphy/ptII/junit4081692824339471982.properties" />
    <property name="env.COMPOSER_NO_INTERACTION" value="1" />
    <property name="env.MANPATH" value="/home/travis/.nvm/versions/node/v7.10.1/share/man:/home/travis/.rvm/rubies/ruby-2.5.3/share/man:/usr/local/cmake-3.12.4/man:/usr/local/clang-7.0.0/share/man:/usr/local/man:/usr/local/share/man:/usr/share/man:/home/travis/.rvm/man" />
    <property name="env.TRAVIS_TIMER_ID" value="282c4814" />
    <property name="ant.file" value="/home/travis/build/icyphy/ptII/build.xml" />
    <property name="env.TRAVIS_COMMIT_RANGE" value="74248200255084cca0f8d02e5ad09f36c0965423...8f4ad28aa53cc81362f26fdbf8d406fb619899a6" />
    <property name="ptII.classpath.optional.property" value="/home/travis/build/icyphy/ptII/lib/bsh-2.0b4.jar:/home/travis/build/icyphy/ptII/lib/ptCal.jar:/home/travis/build/icyphy/ptII/lib/java_cup.jar:/home/travis/build/icyphy/ptII/lib/saxon8.jar:/home/travis/build/icyphy/ptII/lib/saxon8-dom.jar:/home/travis/build/icyphy/ptII/lib/chic.jar:/home/travis/build/icyphy/ptII/lib/ptcolt.jar:/home/travis/build/icyphy/ptII/vendors/misc/itext/iText.jar:/home/travis/build/icyphy/ptII/lib/g4ltl.jar:/home/travis/build/icyphy/ptII/lib/StructuralCoder.jar:/home/travis/build/icyphy/ptII/lib/jcerti.jar:/home/travis/build/icyphy/ptII/lib/javax.mail.jar:/home/travis/build/icyphy/ptII/vendors/JMF-2.1.1e/lib/jmf.jar:/home/travis/build/icyphy/ptII/lib/jna-4.0.0-variadic.jar:/home/travis/build/icyphy/ptII/vendors/misc/joystick/Joystick.jar:/home/travis/build/icyphy/ptII/lib/ptjacl.jar:/home/travis/build/icyphy/ptII/lib/jsoup-1.8.2.jar:/home/travis/build/icyphy/ptII/lib/junit-4.8.2.jar:/home/travis/build/icyphy/ptII/lib/JUnitParams-0.4.0.jar:/home/travis/build/icyphy/ptII/ptolemy/actor/lib/excel/jxl.jar:/home/travis/build/icyphy/ptII/lib/jython.jar:/home/travis/build/icyphy/ptII/lib/kieler.jar:/home/travis/build/icyphy/ptII/vendors/opencv/share/OpenCV/java/opencv-341.jar:/home/travis/build/icyphy/ptII/lib/oscP5.jar:/home/travis/build/icyphy/ptII/lib/nrjavaserial-3.11.0.devel.jar:/home/travis/build/icyphy/ptII/vendors/j3d/lib/Linux/j3dcore.jar:/home/travis/build/icyphy/ptII/vendors/j3d/lib/Linux/j3dutils.jar:/home/travis/build/icyphy/ptII/vendors/j3d/lib/Linux/vecmath.jar:/home/travis/build/icyphy/ptII/vendors/jogl/lib/Linux/gluegen-rt-natives-linux-amd64.jar:/home/travis/build/icyphy/ptII/vendors/jogl/lib/Linux/gluegen-rt.jar:/home/travis/build/icyphy/ptII/vendors/jogl/lib/Linux/jogl-all-natives-linux-amd64.jar:/home/travis/build/icyphy/ptII/vendors/jogl/lib/Linux/jogl-all.jar:/home/travis/build/icyphy/ptII/ptolemy/distributed/jini/jar/jini-core.jar:/home/travis/build/icyphy/ptII/ptolemy/distributed/jini/jar/jini-ext.jar:/home/travis/build/icyphy/ptII/ptolemy/distributed/jini/jar/sun-util.jar:/home/travis/build/icyphy/ptII/lib/protobuf-java-2.4.1.jar:/home/travis/build/icyphy/ptII/lib/org.eclipse.paho.client.mqttv3.jar:/home/travis/build/icyphy/ptII/lib/mapss.jar:/home/travis/build/icyphy/ptII/ptolemy/actor/ptalon/antlr/antlr.jar:/home/travis/build/icyphy/ptII/lib/JRI.jar:/home/travis/build/icyphy/ptII/lib/commons-lang-2.6.jar:/home/travis/build/icyphy/ptII/lib/commons-logging-1.1.1.jar:/home/travis/build/icyphy/ptII/lib/sootclasses.jar:/home/travis/build/icyphy/ptII/ptolemy/actor/lib/database/mysql-connector-java-5.1.6-bin.jar:/home/travis/build/icyphy/ptII/vendors/misc/sphinx4/sphinx4-data-5prealpha.jar:/home/travis/build/icyphy/ptII/vendors/misc/sphinx4/sphinx4-core-5prealpha.jar:/home/travis/build/icyphy/ptII/lib/PDFRenderer.jar:/home/travis/build/icyphy/ptII/lib/svgSalamander.jar:/home/travis/build/icyphy/ptII/lib/rsyntaxtextarea-2.6.0-SNAPSHOT.jar:/home/travis/build/icyphy/ptII/lib/hazelcast-3.8.2.jar:/home/travis/build/icyphy/ptII/lib/jackson-annotations-2.9.0.jar:/home/travis/build/icyphy/ptII/lib/jackson-core-2.9.3.jar:/home/travis/build/icyphy/ptII/lib/jackson-databind-2.9.3.jar:/home/travis/build/icyphy/ptII/lib/netty-buffer-4.1.19.Final.jar:/home/travis/build/icyphy/ptII/lib/netty-codec-4.1.19.Final.jar:/home/travis/build/icyphy/ptII/lib/netty-codec-dns-4.1.19.Final.jar:/home/travis/build/icyphy/ptII/lib/netty-codec-http-4.1.19.Final.jar:/home/travis/build/icyphy/ptII/lib/netty-codec-http2-4.1.19.Final.jar:/home/travis/build/icyphy/ptII/lib/netty-common-4.1.19.Final.jar:/home/travis/build/icyphy/ptII/lib/netty-handler-4.1.19.Final.jar:/home/travis/build/icyphy/ptII/lib/netty-resolver-4.1.19.Final.jar:/home/travis/build/icyphy/ptII/lib/netty-resolver-dns-4.1.19.Final.jar:/home/travis/build/icyphy/ptII/lib/netty-transport-4.1.19.Final.jar:/home/travis/build/icyphy/ptII/lib/vertx-codegen-3.5.1.jar:/home/travis/build/icyphy/ptII/lib/vertx-core-3.5.2-SNAPSHOT.jar:/home/travis/build/icyphy/ptII/lib/vertx-hazelcast-3.5.1.jar:/home/travis/build/icyphy/ptII/lib/vertx-lang-js-3.5.1.jar:/home/travis/build/icyphy/ptII/lib/vertx-service-proxy-3.5.1.jar:/home/travis/build/icyphy/ptII/lib/vertx-web-3.5.1.jar:/home/travis/build/icyphy/ptII/lib/slf4j-api-1.7.13.jar:/home/travis/build/icyphy/ptII/lib/slf4j-simple-1.7.13.jar:/home/travis/build/icyphy/ptII/lib/webcam-capture-0.3.12.jar:/home/travis/build/icyphy/ptII/lib/bridj-0.7.0.jar:/home/travis/build/icyphy/ptII/lib/xbjlib-1.1.0.nrjavaserial.jar" />
    <property name="timeout" value="2400000" />
    <property name="test.batch" value="**/junit/*.java" />
    <property name="env._" value="/usr/bin/timeout" />
    <property name="java.io.tmpdir" value="/tmp" />
    <property name="user.language" value="en" />
    <property name="env.TRAVIS_INTERNAL_RUBY_REGEX" value="^ruby-(2\.[0-4]\.[0-9]|1\.9\.3)" />
    <property name="env.HISTCONTROL" value="ignoredups:ignorespace" />
    <property name="env.GOROOT" value="/home/travis/.gimme/versions/go1.11.1.linux.amd64" />
    <property name="line.separator" value="&#xa;" />
    <property name="target" value="11" />
    <property name="env.TRAVIS_BUILD_DIR" value="/home/travis/build/icyphy/ptII" />
    <property name="env.ANT_OPTS" value="-Xmx2048m" />
    <property name="ant.file.type" value="file" />
    <property name="ptolemy.ptII.batchMode" value="true" />
    <property name="env.HISTSIZE" value="1000" />
    <property name="env.MERB_ENV" value="test" />
    <property name="java.vm.info" value="mixed mode" />
    <property name="source" value="11" />
    <property name="java.vm.specification.name" value="Java Virtual Machine Specification" />
    <property name="env.TRAVIS_TEST_RESULT" value="0" />
    <property name="jsdoc.command" value="node_modules/@terraswarm/jsdoc/jsdoc.js" />
    <property name="npm.works" value="true" />
    <property name="cobertura.dir" value="/home/travis/build/icyphy/ptII/vendors/cobertura-2.0.3" />
    <property name="jsdoc.command.exists" value="true" />
    <property name="env.rvm_path" value="/home/travis/.rvm" />
    <property name="env.GEM_PATH" value="/home/travis/.rvm/gems/ruby-2.5.3:/home/travis/.rvm/gems/ruby-2.5.3@global" />
    <property name="env.LC_CTYPE" value="en_US.UTF-8" />
    <property name="env.TRAVIS_CMD" value="$PTII/bin/ptIITravisBuild.sh $SECONDS" />
    <property name="java.awt.printerjob" value="sun.print.PSPrinterJob" />
    <property name="env.TRAVIS_STACK_NAME" value="sardonyx" />
    <property name="env.TRAVIS_TIMER_START_TIME" value="1603035609547410359" />
    <property name="ant.version" value="Apache Ant(TM) version 1.10.1 compiled on February 2 2017" />
    <property name="ptII.reports" value="/home/travis/build/icyphy/ptII/reports" />
    <property name="env.TRAVIS_STACK_TIMESTAMP" value="2020-06-24 13:13:18 UTC" />
    <property name="ant.file.type.ptII" value="file" />
    <property name="env.RBENV_SHELL" value="bash" />
    <property name="os.name" value="Linux" />
    <property name="java.specification.vendor" value="Oracle Corporation" />
    <property name="env.rvm_version" value="1.29.10 (latest)" />
    <property name="env.TRAVIS_INFRA" value="unknown" />
    <property name="env.TERM" value="xterm" />
    <property name="java.vm.name" value="OpenJDK 64-Bit Server VM" />
    <property name="env.TRAVIS_BUILD_NUMBER" value="1803" />
    <property name="env.CI" value="true" />
    <property name="java.library.path" value="/home/travis/pthla/certi-tools/lib:/usr/lib/jni:/usr/local/share/OpenCV/java/:/usr/share/OpenCV/java::/usr/java/packages/lib:/usr/lib64:/lib64:/lib:/usr/lib" />
    <property name="jdk.module.path" value="/home/travis/build/icyphy/ptII/vendors/javafx/javafx-sdk-11.0.2/lib:" />
    <property name="env.rvm_prefix" value="/home/travis" />
    <property name="env.PATH" value="/home/travis/pthla/certi-tools/share/scripts:/home/travis/.rvm/gems/ruby-2.5.3/bin:/home/travis/.rvm/gems/ruby-2.5.3@global/bin:/home/travis/.rvm/rubies/ruby-2.5.3/bin:/home/travis/.rvm/bin:/home/travis/.nvm/versions/node/v7.10.1/bin:./node_modules/.bin:/home/travis/build/icyphy/ptII/bin:/home/travis/pthla/certi-tools/bin:/home/travis/bin:/home/travis/.local/bin:/usr/local/lib/jvm/openjdk11/bin:/opt/pyenv/shims:/home/travis/.phpenv/shims:/home/travis/perl5/perlbrew/bin:/home/travis/gopath/bin:/home/travis/.gimme/versions/go1.11.1.linux.amd64/bin:/usr/local/maven-3.6.3/bin:/usr/local/cmake-3.12.4/bin:/usr/local/clang-7.0.0/bin:/usr/local/sbin:/usr/local/bin:/usr/sbin:/usr/bin:/sbin:/bin:/snap/bin:/home/travis/.phpenv/bin:/opt/pyenv/bin:/home/travis/.yarn/bin" />
    <property name="env.TRAVIS_OS_NAME" value="linux" />
    <property name="ant.java.version" value="9" />
    <property name="basedir" value="/home/travis/build/icyphy/ptII" />
    <property name="java.class.version" value="55.0" />
    <property name="env.SHLVL" value="3" />
    <property name="env.LD_LIBRARY_PATH" value="/home/travis/pthla/certi-tools/lib:/usr/lib/jni:/usr/local/share/OpenCV/java/:/usr/share/OpenCV/java:" />
    <property name="env.RACK_ENV" value="test" />
    <property name="ant.home" value="/home/travis/build/icyphy/ptII/ant" />
    <property name="env.NVM_DIR" value="/home/travis/.nvm" />
    <property name="env.CERTI_FOM_PATH" value="/home/travis/pthla/certi-tools/share/federations" />
    <property name="env.TRAVIS_BUILD_ID" value="190782097" />
    <property name="env.PYENV_ROOT" value="/opt/pyenv" />
    <property name="env.TRAVIS_UID" value="2000" />
    <property name="prism.verbose" value="true" />
    <property name="env.NVM_BIN" value="/home/travis/.nvm/versions/node/v7.10.1/bin" />
    <property name="env.TRAVIS_COMMIT" value="8f4ad28aa53cc81362f26fdbf8d406fb619899a6" />
    <property name="node.executable" value="node" />
    <property name="sun.boot.library.path" value="/usr/local/lib/jvm/openjdk11/lib" />
    <property name="sun.management.compiler" value="HotSpot 64-Bit Tiered Compilers" />
    <property name="java.awt.graphicsenv" value="sun.awt.X11GraphicsEnvironment" />
    <property name="env.GOPATH" value="/home/travis/gopath" />
    <property name="ptolemy.ptII.dir" value="/home/travis/build/icyphy/ptII" />
    <property name="env.USER" value="travis" />
    <property name="env.HISTFILESIZE" value="2000" />
    <property name="env.NVM_INC" value="/home/travis/.nvm/versions/node/v7.10.1/include/node" />
    <property name="timeout.longest" value="19000000" />
    <property name="env.PERLBREW_SHELLRC_VERSION" value="0.88" />
    <property name="env.TRAVIS_STACK_FEATURES" value="basic couchdb disabled-ipv6 docker docker-compose elasticsearch firefox go-toolchain google-chrome jdk memcached mongodb mysql nodejs_interpreter perl_interpreter perlbrew phantomjs postgresql python_interpreter redis ruby_interpreter sqlite xserver" />
    <property name="env.TRAVIS_PULL_REQUEST" value="false" />
    <property name="env.PYENV_SHELL" value="bash" />
    <property name="ant.project.name" value="ptII" />
    <property name="env.ANSI_RESET" value="\033[0m" />
    <property name="java.vm.specification.version" value="11" />
    <property name="env.TRAVIS_DIST" value="xenial" />
    <property name="env.CERTI_VERSION" value="4.0.0" />
    <property name="env.CERTI_HOST" value="localhost" />
    <property name="awt.toolkit" value="sun.awt.X11.XToolkit" />
    <property name="env.MY_RUBY_HOME" value="/home/travis/.rvm/rubies/ruby-2.5.3" />
    <property name="sun.cpu.isalist" value="" />
    <property name="env.TRAVIS_TMPDIR" value="/tmp/tmp.NerBFAY5MF" />
    <property name="java.vm.compressedOopsMode" value="Zero based" />
    <property name="os.version" value="4.15.0-1077-gcp" />
    <property name="user.home" value="/home/travis" />
    <property name="java.vm.vendor" value="Oracle Corporation" />
    <property name="env.TRAVIS_TAG" value="nightly" />
    <property name="env.ANSI_YELLOW" value="\033[33;1m" />
    <property name="env.TRAVIS_FILTERED" value="redirect_io" />
    <property name="env.ANSI_GREEN" value="\033[32;1m" />
    <property name="env.JAVA_HOME" value="/usr/local/lib/jvm/openjdk11" />
    <property name="javadoc.excludepackagenames" value="adm.cvs2svn.*,build.*,config.*,doc.coding.templates.*,jni.test.jni.meaningOfLife.*,jni.test.jni.testDeux.*,jni.test.jni.testTrois.*,org.terraswarm.accessor.accessors.web.node_modules.*,org.terraswarm.accessor.accessors.web.hosts.cordova.demo.*,org.terraswarm.accessor.accessors.web.hosts.cordova.plugins.*,org.terraswarm.accessor.accessors-svn.*,pt-modules.*,ptolemy.apps.agilent.*,ptolemy.apps.anytimecontrol.*,ptolemy.apps.apes.*,ptolemy.apps.charon.*,ptolemy.apps.crazyboard.*,ptolemy.apps.eclipse.*,ptolemy.apps.etherealSting.*,ptolemy.apps.fullscreen.*,ptolemy.apps.giotto.*,ptolemy.apps.ia.*,ptolemy.apps.interfaces.*,ptolemy.apps.jmf.*,ptolemy.apps.kurt.*,ptolemy.apps.kvm.*,ptolemy.apps.lego.*,ptolemy.apps.lejos.*,ptolemy.apps.midp.*,ptolemy.apps.mobileCoding.*,ptolemy.apps.pendulum.*,ptolemy.apps.rijndael.*,ptolemy.apps.robot.*,ptolemy.apps.security.*,ptolemy.apps.sobel.*,ptolemy.apps.soot.*,ptolemy.apps.throttle.*,ptolemy.apps.tini.*,ptolemy.apps.transmission.*,ptolemy.apps.vergil.*,ptolemy.apps.waba.*,ptolemy.apps.websensor.*,ptolemy.apps.webstart.*,ptolemy.apps.xsl.*,ptolemy.apps.zaurus.*,ptolemy.codegen.c.actor.lib.oldJavaFiles.*,ptolemy.codegen.dsp.lib.*,ptolemy.codegen.kernel.newInterfaces.*,ptolemy.codegen.lib.*,ptolemy.copernicus.kernel.fragment.*,ptolemy.copernicus.shallow.cg.*,ptolemy.domains.giotto.demo.Hierarchy.Hierarchy.*,ptolemy.domains.giotto.demo.Multimode.Multimode.*,ptolemy.domains.giotto.demo.Simple.Simple.*,ptolemy.domains.gr.lib.experimental.*,ptolemy.domains.gro.*,ptolemy.domains.pdf.*,ptolemy.domains.ptinyos.demo.Surge.output.*,ptolemy.moml.test.NoPackageActor.java*,ptolemy.plot.adm.*,ptolemy.plot.servlet.*,reports.*,signed.*,src.*,target.*,vendors.*,ptolemy.copernicus.applet.*,ptolemy.media.viewer.*,ptolemy.actor.corba.*,doc.doclets.*,ptolemy.apps.eclipse.awt.*,ptolemy.backtrack.*,ptolemy.backtrack.ast.*,ptolemy.cg.adapter.generic.program.procedural.c.mbed*,ptolemy.homer.*,ptolemy.actor.lib.jai.*,org.ptolemy.scala.*,diva.util.java2d.svg.*,ptolemy.domains.ptinyos.*,ptolemy.actor.lib.fmi.fmipp.*,,org.terraswarm.accessor.accessors.web.node_modules.*,org.terraswarm.accessor.accessors-svn,ptolemy.apps.*,ptolemy.actor.ptalon.demo.ptinyos.SendAndReceiveCnt.output,ptolemy.actor.ptalon.demo.ptinyos.SenseToLeds.output,ptolemy.domains.ptinyos.demo.CntToLedsAndRfm.output,ptolemy.domains.ptinyos.demo.RfmToLeds.output,ptolemy.domains.ptinyos.demo.SendAndReceiveCnt.output,ptolemy.domains.ptinyos.demo.SenseToLeds.output,ptolemy.actor.lib.jjs.modules.udpSocket.*" />
    <property name="env.PTII" value="/home/travis/build/icyphy/ptII" />
    <property name="env.XDG_SESSION_ID" value="2" />
    <property name="keystore" value="ptKeystore" />
    <property name="env.TRAVIS_COMMIT_MESSAGE" value="Fixing federation name in some FED files and data types in some FDD files." />
    <property name="junit.output.dir" value="/home/travis/build/icyphy/ptII/reports/junit" />
    <property name="npm.return.code" value="0" />
    <property name="user.dir" value="/home/travis/build/icyphy/ptII/ptolemy/actor/lib/test" />
    <property name="env.TRAVIS_NODE_VERSION" value="7" />
    <property name="env.TRAVIS_EVENT_TYPE" value="cron" />
    <property name="env.MAIL" value="/var/mail/travis" />
    <property name="env.PERLBREW_ROOT" value="/home/travis/perl5/perlbrew" />
    <property name="env.PWD" value="/home/travis/build/icyphy/ptII" />
    <property name="timeout.npm" value="45000" />
    <property name="env.TRAVIS_ARCH" value="amd64" />
    <property name="sun.cpu.endian" value="little" />
    <property name="env.PAGER" value="cat" />
    <property name="env.TRAVIS_BUILD_STAGE_NAME" value="test" />
    <property name="env.PERLBREW_HOME" value="/home/travis/.perlbrew" />
    <property name="java.vm.version" value="11.0.2+9" />
    <property name="env.RAILS_ENV" value="test" />
    <property name="java.class.path" value="/home/travis/.ptolemyII:/home/travis/.ptolemyII/*:/home/travis/build/icyphy/ptII:/home/travis/build/icyphy/ptII/lib/bsh-2.0b4.jar:/home/travis/build/icyphy/ptII/lib/ptCal.jar:/home/travis/build/icyphy/ptII/lib/java_cup.jar:/home/travis/build/icyphy/ptII/lib/saxon8.jar:/home/travis/build/icyphy/ptII/lib/saxon8-dom.jar:/home/travis/build/icyphy/ptII/lib/chic.jar:/home/travis/build/icyphy/ptII/lib/ptcolt.jar:/home/travis/build/icyphy/ptII/vendors/misc/itext/iText.jar:/home/travis/build/icyphy/ptII/lib/g4ltl.jar:/home/travis/build/icyphy/ptII/lib/StructuralCoder.jar:/home/travis/build/icyphy/ptII/lib/jcerti.jar:/home/travis/build/icyphy/ptII/lib/javax.mail.jar:/home/travis/build/icyphy/ptII/vendors/JMF-2.1.1e/lib/jmf.jar:/home/travis/build/icyphy/ptII/lib/jna-4.0.0-variadic.jar:/home/travis/build/icyphy/ptII/vendors/misc/joystick/Joystick.jar:/home/travis/build/icyphy/ptII/lib/ptjacl.jar:/home/travis/build/icyphy/ptII/lib/jsoup-1.8.2.jar:/home/travis/build/icyphy/ptII/lib/junit-4.8.2.jar:/home/travis/build/icyphy/ptII/lib/JUnitParams-0.4.0.jar:/home/travis/build/icyphy/ptII/ptolemy/actor/lib/excel/jxl.jar:/home/travis/build/icyphy/ptII/lib/jython.jar:/home/travis/build/icyphy/ptII/lib/kieler.jar:/home/travis/build/icyphy/ptII/vendors/opencv/share/OpenCV/java/opencv-341.jar:/home/travis/build/icyphy/ptII/lib/oscP5.jar:/home/travis/build/icyphy/ptII/lib/nrjavaserial-3.11.0.devel.jar:/home/travis/build/icyphy/ptII/vendors/j3d/lib/Linux/j3dcore.jar:/home/travis/build/icyphy/ptII/vendors/j3d/lib/Linux/j3dutils.jar:/home/travis/build/icyphy/ptII/vendors/j3d/lib/Linux/vecmath.jar:/home/travis/build/icyphy/ptII/vendors/jogl/lib/Linux/gluegen-rt-natives-linux-amd64.jar:/home/travis/build/icyphy/ptII/vendors/jogl/lib/Linux/gluegen-rt.jar:/home/travis/build/icyphy/ptII/vendors/jogl/lib/Linux/jogl-all-natives-linux-amd64.jar:/home/travis/build/icyphy/ptII/vendors/jogl/lib/Linux/jogl-all.jar:/home/travis/build/icyphy/ptII/ptolemy/distributed/jini/jar/jini-core.jar:/home/travis/build/icyphy/ptII/ptolemy/distributed/jini/jar/jini-ext.jar:/home/travis/build/icyphy/ptII/ptolemy/distributed/jini/jar/sun-util.jar:/home/travis/build/icyphy/ptII/lib/protobuf-java-2.4.1.jar:/home/travis/build/icyphy/ptII/lib/org.eclipse.paho.client.mqttv3.jar:/home/travis/build/icyphy/ptII/lib/mapss.jar:/home/travis/build/icyphy/ptII/ptolemy/actor/ptalon/antlr/antlr.jar:/home/travis/build/icyphy/ptII/lib/JRI.jar:/home/travis/build/icyphy/ptII/lib/commons-lang-2.6.jar:/home/travis/build/icyphy/ptII/lib/commons-logging-1.1.1.jar:/home/travis/build/icyphy/ptII/lib/sootclasses.jar:/home/travis/build/icyphy/ptII/ptolemy/actor/lib/database/mysql-connector-java-5.1.6-bin.jar:/home/travis/build/icyphy/ptII/vendors/misc/sphinx4/sphinx4-data-5prealpha.jar:/home/travis/build/icyphy/ptII/vendors/misc/sphinx4/sphinx4-core-5prealpha.jar:/home/travis/build/icyphy/ptII/lib/PDFRenderer.jar:/home/travis/build/icyphy/ptII/lib/svgSalamander.jar:/home/travis/build/icyphy/ptII/lib/rsyntaxtextarea-2.6.0-SNAPSHOT.jar:/home/travis/build/icyphy/ptII/lib/hazelcast-3.8.2.jar:/home/travis/build/icyphy/ptII/lib/jackson-annotations-2.9.0.jar:/home/travis/build/icyphy/ptII/lib/jackson-core-2.9.3.jar:/home/travis/build/icyphy/ptII/lib/jackson-databind-2.9.3.jar:/home/travis/build/icyphy/ptII/lib/netty-buffer-4.1.19.Final.jar:/home/travis/build/icyphy/ptII/lib/netty-codec-4.1.19.Final.jar:/home/travis/build/icyphy/ptII/lib/netty-codec-dns-4.1.19.Final.jar:/home/travis/build/icyphy/ptII/lib/netty-codec-http-4.1.19.Final.jar:/home/travis/build/icyphy/ptII/lib/netty-codec-http2-4.1.19.Final.jar:/home/travis/build/icyphy/ptII/lib/netty-common-4.1.19.Final.jar:/home/travis/build/icyphy/ptII/lib/netty-handler-4.1.19.Final.jar:/home/travis/build/icyphy/ptII/lib/netty-resolver-4.1.19.Final.jar:/home/travis/build/icyphy/ptII/lib/netty-resolver-dns-4.1.19.Final.jar:/home/travis/build/icyphy/ptII/lib/netty-transport-4.1.19.Final.jar:/home/travis/build/icyphy/ptII/lib/vertx-codegen-3.5.1.jar:/home/travis/build/icyphy/ptII/lib/vertx-core-3.5.2-SNAPSHOT.jar:/home/travis/build/icyphy/ptII/lib/vertx-hazelcast-3.5.1.jar:/home/travis/build/icyphy/ptII/lib/vertx-lang-js-3.5.1.jar:/home/travis/build/icyphy/ptII/lib/vertx-service-proxy-3.5.1.jar:/home/travis/build/icyphy/ptII/lib/vertx-web-3.5.1.jar:/home/travis/build/icyphy/ptII/lib/slf4j-api-1.7.13.jar:/home/travis/build/icyphy/ptII/lib/slf4j-simple-1.7.13.jar:/home/travis/build/icyphy/ptII/lib/webcam-capture-0.3.12.jar:/home/travis/build/icyphy/ptII/lib/bridj-0.7.0.jar:/home/travis/build/icyphy/ptII/lib/xbjlib-1.1.0.nrjavaserial.jar:/home/travis/build/icyphy/ptII/ptolemy/moml/test:/home/travis/build/icyphy/ptII/ant/lib/ant-launcher.jar:/home/travis/build/icyphy/ptII/ant/lib/ant.jar:/home/travis/build/icyphy/ptII/ant/lib/ant-junit.jar:/home/travis/build/icyphy/ptII/ant/lib/ant-junit4.jar" />
    <property name="ant.library.dir" value="/home/travis/build/icyphy/ptII/ant/lib" />
    <property name="os.arch" value="amd64" />
    <property name="env.CONTINUOUS_INTEGRATION" value="true" />
    <property name="env.TRAVIS_LANGUAGE" value="node_js" />
    <property name="env.TRAVIS_STACK_LANGUAGES" value="__sardonyx__ c c++ clojure cplusplus cpp default generic go groovy java node_js php pure_java python ruby scala" />
    <property name="test.name" value="ptolemy.actor.lib.test.junit.JUnitTclTest" />
    <property name="env.APT_KEY_DONT_WARN_ON_DANGEROUS_USAGE" value="1" />
    <property name="sun.java.launcher" value="SUN_STANDARD" />
    <property name="env.PYTHON_CONFIGURE_OPTS" value="--enable-unicode=ucs4 --with-wide-unicode --enable-shared --enable-ipv6 --enable-loadable-sqlite-extensions --with-computed-gotos" />
    <property name="ant.core.lib" value="/home/travis/build/icyphy/ptII/ant/lib/ant.jar" />
    <property name="java.vm.specification.vendor" value="Oracle Corporation" />
    <property name="env.BCVTB_HOME" value="/home/travis/build/icyphy/ptII/lbnl" />
    <property name="file.separator" value="/" />
    <property name="spotbugs.home" value="/home/travis/build/icyphy/ptII/vendors/spotbugs-3.1.1" />
    <property name="java.runtime.version" value="11.0.2+9" />
    <property name="env.ANSI_CLEAR" value="\033[0K" />
    <property name="javafx.verbose" value="true" />
    <property name="env.HAS_JOSH_K_SEAL_OF_APPROVAL" value="true" />
    <property name="env.XDG_RUNTIME_DIR" value="/run/user/2000" />
    <property name="env.TRAVIS_OSX_IMAGE" value="" />
    <property name="env.TRAVIS_JOB_ID" value="401573478" />
    <property name="env.TRAVIS_BRANCH" value="master" />
    <property name="user.country" value="US" />
    <property name="env.CERTI_HOME_TRAVIS" value="/home/travis/pthla/certi-tools" />
    <property name="env.SHELL" value="/bin/bash" />
    <property name="java.maxmemory.large" value="3200m" />
    <property name="model" value="" />
    <property name="env.CASHER_DIR" value="/home/travis/.casher" />
    <property name="env.NVM_CD_FLAGS" value="" />
    <property name="java.vendor.version" value="18.9" />
    <property name="jshint.executable" value="/home/travis/node_modules/jshint/bin/jshint" />
    <property name="env.JRUBY_OPTS" value=" --client -J-XX:+TieredCompilation -J-XX:TieredStopAtLevel=1 -J-Xss2m -Xcompile.invokedynamic=false" />
    <property name="java.vendor" value="Oracle Corporation" />
    <property name="env.TRAVIS_PRE_CHEF_BOOTSTRAP_TIME" value="2020-06-24T13:13:03" />
    <property name="env.TRAVIS_STACK_JOB_BOARD_REGISTER" value="/.job-board-register.yml" />
    <property name="env.ANSI_RED" value="\033[31;1m" />
    <property name="java.specification.version" value="11" />
    <property name="env.IRBRC" value="/home/travis/.rvm/rubies/ruby-2.5.3/.irbrc" />
    <property name="env.TRAVIS" value="true" />
    <property name="sun.arch.data.model" value="64" />
  </properties>
  <testcase classname="ptolemy.util.test.junit.TclTests" name="[0] /home/travis/build/icyphy/ptII/ptolemy/actor/lib/test/AbsoluteValue.tcl (RunTclFile)" time="0.514" />
  <testcase classname="ptolemy.util.test.junit.TclTests" name="[1] /home/travis/build/icyphy/ptII/ptolemy/actor/lib/test/AddSubtract.tcl (RunTclFile)" time="0.13" />
  <testcase classname="ptolemy.util.test.junit.TclTests" name="[2] /home/travis/build/icyphy/ptII/ptolemy/actor/lib/test/Average.tcl (RunTclFile)" time="0.074" />
  <testcase classname="ptolemy.util.test.junit.TclTests" name="[3] /home/travis/build/icyphy/ptII/ptolemy/actor/lib/test/Bernoulli.tcl (RunTclFile)" time="0.053" />
  <testcase classname="ptolemy.util.test.junit.TclTests" name="[4] /home/travis/build/icyphy/ptII/ptolemy/actor/lib/test/Clock.tcl (RunTclFile)" time="0.13" />
  <testcase classname="ptolemy.util.test.junit.TclTests" name="[5] /home/travis/build/icyphy/ptII/ptolemy/actor/lib/test/Commutator.tcl (RunTclFile)" time="0.185" />
  <testcase classname="ptolemy.util.test.junit.TclTests" name="[6] /home/travis/build/icyphy/ptII/ptolemy/actor/lib/test/Const.tcl (RunTclFile)" time="0.105" />
  <testcase classname="ptolemy.util.test.junit.TclTests" name="[7] /home/travis/build/icyphy/ptII/ptolemy/actor/lib/test/CurrentTime.tcl (RunTclFile)" time="0.018" />
  <testcase classname="ptolemy.util.test.junit.TclTests" name="[8] /home/travis/build/icyphy/ptII/ptolemy/actor/lib/test/DB.tcl (RunTclFile)" time="0.035" />
  <testcase classname="ptolemy.util.test.junit.TclTests" name="[9] /home/travis/build/icyphy/ptII/ptolemy/actor/lib/test/DiscreteRandomSource.tcl (RunTclFile)" time="0.052" />
  <testcase classname="ptolemy.util.test.junit.TclTests" name="[10] /home/travis/build/icyphy/ptII/ptolemy/actor/lib/test/Distributor.tcl (RunTclFile)" time="0.072" />
  <testcase classname="ptolemy.util.test.junit.TclTests" name="[11] /home/travis/build/icyphy/ptII/ptolemy/actor/lib/test/Exit.tcl (RunTclFile)" time="0.118" />
  <testcase classname="ptolemy.util.test.junit.TclTests" name="[12] /home/travis/build/icyphy/ptII/ptolemy/actor/lib/test/Expression.tcl (RunTclFile)" time="0.138" />
  <testcase classname="ptolemy.util.test.junit.TclTests" name="[13] /home/travis/build/icyphy/ptII/ptolemy/actor/lib/test/Gaussian.tcl (RunTclFile)" time="0.287" />
  <testcase classname="ptolemy.util.test.junit.TclTests" name="[14] /home/travis/build/icyphy/ptII/ptolemy/actor/lib/test/IIR.tcl (RunTclFile)" time="0.021" />
  <testcase classname="ptolemy.util.test.junit.TclTests" name="[15] /home/travis/build/icyphy/ptII/ptolemy/actor/lib/test/Interpolator.tcl (RunTclFile)" time="0.055" />
  <testcase classname="ptolemy.util.test.junit.TclTests" name="[16] /home/travis/build/icyphy/ptII/ptolemy/actor/lib/test/MathFunction.tcl (RunTclFile)" time="0.093" />
  <testcase classname="ptolemy.util.test.junit.TclTests" name="[17] /home/travis/build/icyphy/ptII/ptolemy/actor/lib/test/Maximum.tcl (RunTclFile)" time="0.033" />
  <testcase classname="ptolemy.util.test.junit.TclTests" name="[18] /home/travis/build/icyphy/ptII/ptolemy/actor/lib/test/Minimum.tcl (RunTclFile)" time="0.032" />
  <testcase classname="ptolemy.util.test.junit.TclTests" name="[19] /home/travis/build/icyphy/ptII/ptolemy/actor/lib/test/MultiplyDivide.tcl (RunTclFile)" time="0.04" />
  <testcase classname="ptolemy.util.test.junit.TclTests" name="[20] /home/travis/build/icyphy/ptII/ptolemy/actor/lib/test/OrderedMerge.tcl (RunTclFile)" time="0.135" />
  <testcase classname="ptolemy.util.test.junit.TclTests" name="[21] /home/travis/build/icyphy/ptII/ptolemy/actor/lib/test/Publisher.tcl (RunTclFile)" time="0.861" />
  <testcase classname="ptolemy.util.test.junit.TclTests" name="[22] /home/travis/build/icyphy/ptII/ptolemy/actor/lib/test/Pulse.tcl (RunTclFile)" time="0.067" />
  <testcase classname="ptolemy.util.test.junit.TclTests" name="[23] /home/travis/build/icyphy/ptII/ptolemy/actor/lib/test/Ramp.tcl (RunTclFile)" time="1.981" />
  <testcase classname="ptolemy.util.test.junit.TclTests" name="[24] /home/travis/build/icyphy/ptII/ptolemy/actor/lib/test/RampContinuous.tcl (RunTclFile)" time="0.017" />
  <testcase classname="ptolemy.util.test.junit.TclTests" name="[25] /home/travis/build/icyphy/ptII/ptolemy/actor/lib/test/RecordAssembler.tcl (RunTclFile)" time="0.014" />
  <testcase classname="ptolemy.util.test.junit.TclTests" name="[26] /home/travis/build/icyphy/ptII/ptolemy/actor/lib/test/RecordDisassembler.tcl (RunTclFile)" time="0.019" />
  <testcase classname="ptolemy.util.test.junit.TclTests" name="[27] /home/travis/build/icyphy/ptII/ptolemy/actor/lib/test/Scale.tcl (RunTclFile)" time="0.016" />
  <testcase classname="ptolemy.util.test.junit.TclTests" name="[28] /home/travis/build/icyphy/ptII/ptolemy/actor/lib/test/SequentialClock.tcl (RunTclFile)" time="0.013" />
  <testcase classname="ptolemy.util.test.junit.TclTests" name="[29] /home/travis/build/icyphy/ptII/ptolemy/actor/lib/test/SetVariable.tcl (RunTclFile)" time="0.01" />
  <testcase classname="ptolemy.util.test.junit.TclTests" name="[30] /home/travis/build/icyphy/ptII/ptolemy/actor/lib/test/Sinewave.tcl (RunTclFile)" time="0.046" />
  <testcase classname="ptolemy.util.test.junit.TclTests" name="[31] /home/travis/build/icyphy/ptII/ptolemy/actor/lib/test/SubscriptionAggregator.tcl (RunTclFile)" time="2.197" />
  <testcase classname="ptolemy.util.test.junit.TclTests" name="[32] /home/travis/build/icyphy/ptII/ptolemy/actor/lib/test/Test.tcl (RunTclFile)" time="0.13" />
  <testcase classname="ptolemy.util.test.junit.TclTests" name="[33] /home/travis/build/icyphy/ptII/ptolemy/actor/lib/test/TestExceptionHandler.tcl (RunTclFile)" time="0.015" />
  <testcase classname="ptolemy.util.test.junit.TclTests" name="[34] /home/travis/build/icyphy/ptII/ptolemy/actor/lib/test/UnionDisassembler.tcl (RunTclFile)" time="0.076" />
  <testcase classname="ptolemy.util.test.junit.TclTests" name="[35] /home/travis/build/icyphy/ptII/ptolemy/actor/lib/test/VariableClock.tcl (RunTclFile)" time="0.016" />
  <testcase classname="ptolemy.util.test.junit.AutoKnownFailedTests" name="[0] /home/travis/build/icyphy/ptII/ptolemy/actor/lib/test/auto/knownFailedTests/PublisherPortToplevelSubscriber.xml (RunModel)" time="0.028" />
  <testcase classname="ptolemy.util.test.junit.AutoKnownFailedTests" name="[1] /home/travis/build/icyphy/ptII/ptolemy/actor/lib/test/auto/knownFailedTests/PublisherSubscriberPortToplevel.xml (RunModel)" time="0.025" />
  <testcase classname="ptolemy.util.test.junit.AutoKnownFailedTests" name="[2] /home/travis/build/icyphy/ptII/ptolemy/actor/lib/test/auto/knownFailedTests/PublisherSubscriptionAggregatorPort.xml (RunModel)" time="0.025" />
  <testcase classname="ptolemy.util.test.junit.AutoKnownFailedTests" name="[3] /home/travis/build/icyphy/ptII/ptolemy/actor/lib/test/auto/knownFailedTests/sizedarray3.xml (RunModel)" time="0.032" />
  <testcase classname="ptolemy.util.test.junit.AutoNameArchTests" name="[0] ThereAreNoAutoArchTests (RunModel)" time="0.001" />
  <testcase classname="ptolemy.util.test.junit.AutoTests" name="[0] /home/travis/build/icyphy/ptII/ptolemy/actor/lib/test/auto/AbsoluteValue.xml (RunModel)" time="0.114" />
  <testcase classname="ptolemy.util.test.junit.AutoTests" name="[1] /home/travis/build/icyphy/ptII/ptolemy/actor/lib/test/auto/AbsoluteValue2.xml (RunModel)" time="0.068" />
  <testcase classname="ptolemy.util.test.junit.AutoTests" name="[2] /home/travis/build/icyphy/ptII/ptolemy/actor/lib/test/auto/Accumulator.xml (RunModel)" time="0.07" />
  <testcase classname="ptolemy.util.test.junit.AutoTests" name="[3] /home/travis/build/icyphy/ptII/ptolemy/actor/lib/test/auto/Accumulator2.xml (RunModel)" time="0.054" />
  <testcase classname="ptolemy.util.test.junit.AutoTests" name="[4] /home/travis/build/icyphy/ptII/ptolemy/actor/lib/test/auto/Accumulator3.xml (RunModel)" time="0.039" />
  <testcase classname="ptolemy.util.test.junit.AutoTests" name="[5] /home/travis/build/icyphy/ptII/ptolemy/actor/lib/test/auto/ArrayAppend.xml (RunModel)" time="0.044" />
  <testcase classname="ptolemy.util.test.junit.AutoTests" name="[6] /home/travis/build/icyphy/ptII/ptolemy/actor/lib/test/auto/ArrayAppend2.xml (RunModel)" time="0.309" />
  <testcase classname="ptolemy.util.test.junit.AutoTests" name="[7] /home/travis/build/icyphy/ptII/ptolemy/actor/lib/test/auto/ArrayAppend3.xml (RunModel)" time="0.02" />
  <testcase classname="ptolemy.util.test.junit.AutoTests" name="[8] /home/travis/build/icyphy/ptII/ptolemy/actor/lib/test/auto/ArrayAppend4.xml (RunModel)" time="0.015" />
  <testcase classname="ptolemy.util.test.junit.AutoTests" name="[9] /home/travis/build/icyphy/ptII/ptolemy/actor/lib/test/auto/ArrayAppend5.xml (RunModel)" time="0.015" />
  <testcase classname="ptolemy.util.test.junit.AutoTests" name="[10] /home/travis/build/icyphy/ptII/ptolemy/actor/lib/test/auto/ArrayAppend6.xml (RunModel)" time="0.015" />
  <testcase classname="ptolemy.util.test.junit.AutoTests" name="[11] /home/travis/build/icyphy/ptII/ptolemy/actor/lib/test/auto/ArrayAppendPerformanceTest.xml (RunModel)" time="0.057" />
  <testcase classname="ptolemy.util.test.junit.AutoTests" name="[12] /home/travis/build/icyphy/ptII/ptolemy/actor/lib/test/auto/ArrayAppendWithEmptyInput.xml (RunModel)" time="0.06" />
  <testcase classname="ptolemy.util.test.junit.AutoTests" name="[13] /home/travis/build/icyphy/ptII/ptolemy/actor/lib/test/auto/ArrayAverage.xml (RunModel)" time="0.065" />
  <testcase classname="ptolemy.util.test.junit.AutoTests" name="[14] /home/travis/build/icyphy/ptII/ptolemy/actor/lib/test/auto/ArrayContains.xml (RunModel)" time="0.033" />
  <testcase classname="ptolemy.util.test.junit.AutoTests" name="[15] /home/travis/build/icyphy/ptII/ptolemy/actor/lib/test/auto/ArrayElement.xml (RunModel)" time="0.033" />
  <testcase classname="ptolemy.util.test.junit.AutoTests" name="[16] /home/travis/build/icyphy/ptII/ptolemy/actor/lib/test/auto/ArrayElementAsMatrix.xml (RunModel)" time="0.062" />
  <testcase classname="ptolemy.util.test.junit.AutoTests" name="[17] /home/travis/build/icyphy/ptII/ptolemy/actor/lib/test/auto/ArrayElementI.xml (RunModel)" time="0.019" />
  <testcase classname="ptolemy.util.test.junit.AutoTests" name="[18] /home/travis/build/icyphy/ptII/ptolemy/actor/lib/test/auto/ArrayExtract.xml (RunModel)" time="0.029" />
  <testcase classname="ptolemy.util.test.junit.AutoTests" name="[19] /home/travis/build/icyphy/ptII/ptolemy/actor/lib/test/auto/ArrayExtract2.xml (RunModel)" time="0.032" />
  <testcase classname="ptolemy.util.test.junit.AutoTests" name="[20] /home/travis/build/icyphy/ptII/ptolemy/actor/lib/test/auto/ArrayLength.xml (RunModel)" time="0.021" />
  <testcase classname="ptolemy.util.test.junit.AutoTests" name="[21] /home/travis/build/icyphy/ptII/ptolemy/actor/lib/test/auto/ArrayLevelCrossing.xml (RunModel)" time="0.029" />
  <testcase classname="ptolemy.util.test.junit.AutoTests" name="[22] /home/travis/build/icyphy/ptII/ptolemy/actor/lib/test/auto/ArrayLevelCrossing2.xml (RunModel)" time="0.025" />
  <testcase classname="ptolemy.util.test.junit.AutoTests" name="[23] /home/travis/build/icyphy/ptII/ptolemy/actor/lib/test/auto/ArrayPeakSearch.xml (RunModel)" time="0.051" />
  <testcase classname="ptolemy.util.test.junit.AutoTests" name="[24] /home/travis/build/icyphy/ptII/ptolemy/actor/lib/test/auto/ArrayPeakSearch2.xml (RunModel)" time="0.04" />
  <testcase classname="ptolemy.util.test.junit.AutoTests" name="[25] /home/travis/build/icyphy/ptII/ptolemy/actor/lib/test/auto/ArrayPeakSearch3.xml (RunModel)" time="0.043" />
  <testcase classname="ptolemy.util.test.junit.AutoTests" name="[26] /home/travis/build/icyphy/ptII/ptolemy/actor/lib/test/auto/ArrayRemoveElement.xml (RunModel)" time="0.035" />
  <testcase classname="ptolemy.util.test.junit.AutoTests" name="[27] /home/travis/build/icyphy/ptII/ptolemy/actor/lib/test/auto/ArraySort.xml (RunModel)" time="0.04" />
  <testcase classname="ptolemy.util.test.junit.AutoTests" name="[28] /home/travis/build/icyphy/ptII/ptolemy/actor/lib/test/auto/ArraySum.xml (RunModel)" time="0.026" />
  <testcase classname="ptolemy.util.test.junit.AutoTests" name="[29] /home/travis/build/icyphy/ptII/ptolemy/actor/lib/test/auto/ArrayToElements.xml (RunModel)" time="0.027" />
  <testcase classname="ptolemy.util.test.junit.AutoTests" name="[30] /home/travis/build/icyphy/ptII/ptolemy/actor/lib/test/auto/ArrayToMatrix.xml (RunModel)" time="0.061" />
  <testcase classname="ptolemy.util.test.junit.AutoTests" name="[31] /home/travis/build/icyphy/ptII/ptolemy/actor/lib/test/auto/ArrayUpdate1.xml (RunModel)" time="0.028" />
  <testcase classname="ptolemy.util.test.junit.AutoTests" name="[32] /home/travis/build/icyphy/ptII/ptolemy/actor/lib/test/auto/ArrayUpdate2.xml (RunModel)" time="0.021" />
  <testcase classname="ptolemy.util.test.junit.AutoTests" name="[33] /home/travis/build/icyphy/ptII/ptolemy/actor/lib/test/auto/ArrayUpdate3.xml (RunModel)" time="0.015" />
  <testcase classname="ptolemy.util.test.junit.AutoTests" name="[34] /home/travis/build/icyphy/ptII/ptolemy/actor/lib/test/auto/Assert1.xml (RunModel)" time="0.025" />
  <testcase classname="ptolemy.util.test.junit.AutoTests" name="[35] /home/travis/build/icyphy/ptII/ptolemy/actor/lib/test/auto/Assert2.xml (RunModel)" time="0.012" />
  <testcase classname="ptolemy.util.test.junit.AutoTests" name="[36] /home/travis/build/icyphy/ptII/ptolemy/actor/lib/test/auto/BooleanMultiplexor.xml (RunModel)" time="0.016" />
  <testcase classname="ptolemy.util.test.junit.AutoTests" name="[37] /home/travis/build/icyphy/ptII/ptolemy/actor/lib/test/auto/BooleanMultiplexor2.xml (RunModel)" time="0.029" />
  <testcase classname="ptolemy.util.test.junit.AutoTests" name="[38] /home/travis/build/icyphy/ptII/ptolemy/actor/lib/test/auto/BooleanMultiplexor3.xml (RunModel)" time="0.02" />
  <testcase classname="ptolemy.util.test.junit.AutoTests" name="[39] /home/travis/build/icyphy/ptII/ptolemy/actor/lib/test/auto/BooleanSelect.xml (RunModel)" time="0.025" />
  <testcase classname="ptolemy.util.test.junit.AutoTests" name="[40] /home/travis/build/icyphy/ptII/ptolemy/actor/lib/test/auto/BooleanSelect2.xml (RunModel)" time="0.015" />
  <testcase classname="ptolemy.util.test.junit.AutoTests" name="[41] /home/travis/build/icyphy/ptII/ptolemy/actor/lib/test/auto/BooleanSwitch.xml (RunModel)" time="0.03" />
  <testcase classname="ptolemy.util.test.junit.AutoTests" name="[42] /home/travis/build/icyphy/ptII/ptolemy/actor/lib/test/auto/BooleanSwitch2.xml (RunModel)" time="0.015" />
  <testcase classname="ptolemy.util.test.junit.AutoTests" name="[43] /home/travis/build/icyphy/ptII/ptolemy/actor/lib/test/auto/BooleanSwitchCloningBugWithClassRelationGroup.xml (RunModel)" time="0.029" />
  <testcase classname="ptolemy.util.test.junit.AutoTests" name="[44] /home/travis/build/icyphy/ptII/ptolemy/actor/lib/test/auto/BusActors.xml (RunModel)" time="0.037" />
  <testcase classname="ptolemy.util.test.junit.AutoTests" name="[45] /home/travis/build/icyphy/ptII/ptolemy/actor/lib/test/auto/ClassWrapper.xml (RunModel)" time="0.022" />
  <testcase classname="ptolemy.util.test.junit.AutoTests" name="[46] /home/travis/build/icyphy/ptII/ptolemy/actor/lib/test/auto/Clock.xml (RunModel)" time="0.025" />
  <testcase classname="ptolemy.util.test.junit.AutoTests" name="[47] /home/travis/build/icyphy/ptII/ptolemy/actor/lib/test/auto/Clock10.xml (RunModel)" time="0.03" />
  <testcase classname="ptolemy.util.test.junit.AutoTests" name="[48] /home/travis/build/icyphy/ptII/ptolemy/actor/lib/test/auto/Clock11.xml (RunModel)" time="0.019" />
  <testcase classname="ptolemy.util.test.junit.AutoTests" name="[49] /home/travis/build/icyphy/ptII/ptolemy/actor/lib/test/auto/Clock12.xml (RunModel)" time="0.02" />
  <testcase classname="ptolemy.util.test.junit.AutoTests" name="[50] /home/travis/build/icyphy/ptII/ptolemy/actor/lib/test/auto/Clock13.xml (RunModel)" time="0.023" />
  <testcase classname="ptolemy.util.test.junit.AutoTests" name="[51] /home/travis/build/icyphy/ptII/ptolemy/actor/lib/test/auto/Clock14.xml (RunModel)" time="0.019" />
  <testcase classname="ptolemy.util.test.junit.AutoTests" name="[52] /home/travis/build/icyphy/ptII/ptolemy/actor/lib/test/auto/Clock15.xml (RunModel)" time="0.017" />
  <testcase classname="ptolemy.util.test.junit.AutoTests" name="[53] /home/travis/build/icyphy/ptII/ptolemy/actor/lib/test/auto/Clock16.xml (RunModel)" time="0.082" />
  <testcase classname="ptolemy.util.test.junit.AutoTests" name="[54] /home/travis/build/icyphy/ptII/ptolemy/actor/lib/test/auto/Clock17.xml (RunModel)" time="0.077" />
  <testcase classname="ptolemy.util.test.junit.AutoTests" name="[55] /home/travis/build/icyphy/ptII/ptolemy/actor/lib/test/auto/Clock18.xml (RunModel)" time="0.038" />
  <testcase classname="ptolemy.util.test.junit.AutoTests" name="[56] /home/travis/build/icyphy/ptII/ptolemy/actor/lib/test/auto/Clock19.xml (RunModel)" time="0.046" />
  <testcase classname="ptolemy.util.test.junit.AutoTests" name="[57] /home/travis/build/icyphy/ptII/ptolemy/actor/lib/test/auto/Clock2.xml (RunModel)" time="0.014" />
  <testcase classname="ptolemy.util.test.junit.AutoTests" name="[58] /home/travis/build/icyphy/ptII/ptolemy/actor/lib/test/auto/Clock20.xml (RunModel)" time="0.051" />
  <testcase classname="ptolemy.util.test.junit.AutoTests" name="[59] /home/travis/build/icyphy/ptII/ptolemy/actor/lib/test/auto/Clock21.xml (RunModel)" time="0.017" />
  <testcase classname="ptolemy.util.test.junit.AutoTests" name="[60] /home/travis/build/icyphy/ptII/ptolemy/actor/lib/test/auto/Clock22.xml (RunModel)" time="0.017" />
  <testcase classname="ptolemy.util.test.junit.AutoTests" name="[61] /home/travis/build/icyphy/ptII/ptolemy/actor/lib/test/auto/Clock23.xml (RunModel)" time="0.019" />
  <testcase classname="ptolemy.util.test.junit.AutoTests" name="[62] /home/travis/build/icyphy/ptII/ptolemy/actor/lib/test/auto/Clock24.xml (RunModel)" time="0.019" />
  <testcase classname="ptolemy.util.test.junit.AutoTests" name="[63] /home/travis/build/icyphy/ptII/ptolemy/actor/lib/test/auto/Clock4.xml (RunModel)" time="0.012" />
  <testcase classname="ptolemy.util.test.junit.AutoTests" name="[64] /home/travis/build/icyphy/ptII/ptolemy/actor/lib/test/auto/Clock5.xml (RunModel)" time="0.014" />
  <testcase classname="ptolemy.util.test.junit.AutoTests" name="[65] /home/travis/build/icyphy/ptII/ptolemy/actor/lib/test/auto/Clock6.xml (RunModel)" time="0.014" />
  <testcase classname="ptolemy.util.test.junit.AutoTests" name="[66] /home/travis/build/icyphy/ptII/ptolemy/actor/lib/test/auto/Clock7.xml (RunModel)" time="0.011" />
  <testcase classname="ptolemy.util.test.junit.AutoTests" name="[67] /home/travis/build/icyphy/ptII/ptolemy/actor/lib/test/auto/Clock8.xml (RunModel)" time="0.016" />
  <testcase classname="ptolemy.util.test.junit.AutoTests" name="[68] /home/travis/build/icyphy/ptII/ptolemy/actor/lib/test/auto/Clock9.xml (RunModel)" time="0.017" />
  <testcase classname="ptolemy.util.test.junit.AutoTests" name="[69] /home/travis/build/icyphy/ptII/ptolemy/actor/lib/test/auto/CommDistDiscard.xml (RunModel)" time="0.024" />
  <testcase classname="ptolemy.util.test.junit.AutoTests" name="[70] /home/travis/build/icyphy/ptII/ptolemy/actor/lib/test/auto/Commutator.xml (RunModel)" time="0.017" />
  <testcase classname="ptolemy.util.test.junit.AutoTests" name="[71] /home/travis/build/icyphy/ptII/ptolemy/actor/lib/test/auto/Commutator2.xml (RunModel)" time="0.012" />
  <testcase classname="ptolemy.util.test.junit.AutoTests" name="[72] /home/travis/build/icyphy/ptII/ptolemy/actor/lib/test/auto/Commutator3.xml (RunModel)" time="0.015" />
  <testcase classname="ptolemy.util.test.junit.AutoTests" name="[73] /home/travis/build/icyphy/ptII/ptolemy/actor/lib/test/auto/Compare.xml (RunModel)" time="0.027" />
  <testcase classname="ptolemy.util.test.junit.AutoTests" name="[74] /home/travis/build/icyphy/ptII/ptolemy/actor/lib/test/auto/CompareDE.xml (RunModel)" time="0.02" />
  <testcase classname="ptolemy.util.test.junit.AutoTests" name="[75] /home/travis/build/icyphy/ptII/ptolemy/actor/lib/test/auto/ComplexDivide.xml (RunModel)" time="0.01" />
  <testcase classname="ptolemy.util.test.junit.AutoTests" name="[76] /home/travis/build/icyphy/ptII/ptolemy/actor/lib/test/auto/ComputeHistogram.xml (RunModel)" time="0.077" />
  <testcase classname="ptolemy.util.test.junit.AutoTests" name="[77] /home/travis/build/icyphy/ptII/ptolemy/actor/lib/test/auto/ConfigurationSelect.xml (RunModel)" time="0.023" />
  <testcase classname="ptolemy.util.test.junit.AutoTests" name="[78] /home/travis/build/icyphy/ptII/ptolemy/actor/lib/test/auto/ConfigurationSelect2.xml (RunModel)" time="0.018" />
  <testcase classname="ptolemy.util.test.junit.AutoTests" name="[79] /home/travis/build/icyphy/ptII/ptolemy/actor/lib/test/auto/ConfigurationSwitch.xml (RunModel)" time="0.027" />
  <testcase classname="ptolemy.util.test.junit.AutoTests" name="[80] /home/travis/build/icyphy/ptII/ptolemy/actor/lib/test/auto/ConfigurationSwitch2.xml (RunModel)" time="0.025" />
  <testcase classname="ptolemy.util.test.junit.AutoTests" name="[81] /home/travis/build/icyphy/ptII/ptolemy/actor/lib/test/auto/ConfigurationSwitchCloningBugWithClassRelationGroup.xml (RunModel)" time="0.019" />
  <testcase classname="ptolemy.util.test.junit.AutoTests" name="[82] /home/travis/build/icyphy/ptII/ptolemy/actor/lib/test/auto/ConfigurationSwitchSelectSDF.xml (RunModel)" time="0.016" />
  <testcase classname="ptolemy.util.test.junit.AutoTests" name="[83] /home/travis/build/icyphy/ptII/ptolemy/actor/lib/test/auto/ConfigurationSwitchSelectSDF2.xml (RunModel)" time="0.015" />
  <testcase classname="ptolemy.util.test.junit.AutoTests" name="[84] /home/travis/build/icyphy/ptII/ptolemy/actor/lib/test/auto/Const.xml (RunModel)" time="0.008" />
  <testcase classname="ptolemy.util.test.junit.AutoTests" name="[85] /home/travis/build/icyphy/ptII/ptolemy/actor/lib/test/auto/Const2.xml (RunModel)" time="0.01" />
  <testcase classname="ptolemy.util.test.junit.AutoTests" name="[86] /home/travis/build/icyphy/ptII/ptolemy/actor/lib/test/auto/Const3.xml (RunModel)" time="0.006" />
  <testcase classname="ptolemy.util.test.junit.AutoTests" name="[87] /home/travis/build/icyphy/ptII/ptolemy/actor/lib/test/auto/ConstantPublisherPort1.xml (RunModel)" time="0.022" />
  <testcase classname="ptolemy.util.test.junit.AutoTests" name="[88] /home/travis/build/icyphy/ptII/ptolemy/actor/lib/test/auto/ConstantPublisherPort2.xml (RunModel)" time="0.02" />
  <testcase classname="ptolemy.util.test.junit.AutoTests" name="[89] /home/travis/build/icyphy/ptII/ptolemy/actor/lib/test/auto/ConstantPublisherPort3.xml (RunModel)" time="0.023" />
  <testcase classname="ptolemy.util.test.junit.AutoTests" name="[90] /home/travis/build/icyphy/ptII/ptolemy/actor/lib/test/auto/ConstantPublisherPort4.xml (RunModel)" time="0.018" />
  <testcase classname="ptolemy.util.test.junit.AutoTests" name="[91] /home/travis/build/icyphy/ptII/ptolemy/actor/lib/test/auto/ConstantPublisherPort5.xml (RunModel)" time="0.043" />
  <testcase classname="ptolemy.util.test.junit.AutoTests" name="[92] /home/travis/build/icyphy/ptII/ptolemy/actor/lib/test/auto/ConstantPublisherPort6.xml (RunModel)" time="0.036" />
  <testcase classname="ptolemy.util.test.junit.AutoTests" name="[93] /home/travis/build/icyphy/ptII/ptolemy/actor/lib/test/auto/ConstantPublisherPort7.xml (RunModel)" time="0.033" />
  <testcase classname="ptolemy.util.test.junit.AutoTests" name="[94] /home/travis/build/icyphy/ptII/ptolemy/actor/lib/test/auto/ConstraintMonitor1.xml (RunModel)" time="0.04" />
  <testcase classname="ptolemy.util.test.junit.AutoTests" name="[95] /home/travis/build/icyphy/ptII/ptolemy/actor/lib/test/auto/ConstraintMonitor2.xml (RunModel)" time="0.048" />
  <testcase classname="ptolemy.util.test.junit.AutoTests" name="[96] /home/travis/build/icyphy/ptII/ptolemy/actor/lib/test/auto/ConstraintMonitor3.xml (RunModel)" time="0.014" />
  <testcase classname="ptolemy.util.test.junit.AutoTests" name="[97] /home/travis/build/icyphy/ptII/ptolemy/actor/lib/test/auto/ConstraintMonitor4.xml (RunModel)" time="0.013" />
  <testcase classname="ptolemy.util.test.junit.AutoTests" name="[98] /home/travis/build/icyphy/ptII/ptolemy/actor/lib/test/auto/ConstraintMonitor5.xml (RunModel)" time="0.011" />
  <testcase classname="ptolemy.util.test.junit.AutoTests" name="[99] /home/travis/build/icyphy/ptII/ptolemy/actor/lib/test/auto/ConstraintMonitor6.xml (RunModel)" time="0.011" />
  <testcase classname="ptolemy.util.test.junit.AutoTests" name="[100] /home/travis/build/icyphy/ptII/ptolemy/actor/lib/test/auto/ConstraintMonitor7.xml (RunModel)" time="0.016" />
  <testcase classname="ptolemy.util.test.junit.AutoTests" name="[101] /home/travis/build/icyphy/ptII/ptolemy/actor/lib/test/auto/ConstraintMonitor8.xml (RunModel)" time="0.018" />
  <testcase classname="ptolemy.util.test.junit.AutoTests" name="[102] /home/travis/build/icyphy/ptII/ptolemy/actor/lib/test/auto/Counter.xml (RunModel)" time="0.013" />
  <testcase classname="ptolemy.util.test.junit.AutoTests" name="[103] /home/travis/build/icyphy/ptII/ptolemy/actor/lib/test/auto/CurrentTimeSDF.xml (RunModel)" time="0.01" />
  <testcase classname="ptolemy.util.test.junit.AutoTests" name="[104] /home/travis/build/icyphy/ptII/ptolemy/actor/lib/test/auto/DB.xml (RunModel)" time="0.012" />
  <testcase classname="ptolemy.util.test.junit.AutoTests" name="[105] /home/travis/build/icyphy/ptII/ptolemy/actor/lib/test/auto/DBDE.xml (RunModel)" time="0.015" />
  <testcase classname="ptolemy.util.test.junit.AutoTests" name="[106] /home/travis/build/icyphy/ptII/ptolemy/actor/lib/test/auto/DateConstructor.xml (RunModel)" time="0.077" />
  <testcase classname="ptolemy.util.test.junit.AutoTests" name="[107] /home/travis/build/icyphy/ptII/ptolemy/actor/lib/test/auto/DelayTime.xml (RunModel)" time="0.015" />
  <testcase classname="ptolemy.util.test.junit.AutoTests" name="[108] /home/travis/build/icyphy/ptII/ptolemy/actor/lib/test/auto/Dictionary1.xml (RunModel)" time="0.022" />
  <testcase classname="ptolemy.util.test.junit.AutoTests" name="[109] /home/travis/build/icyphy/ptII/ptolemy/actor/lib/test/auto/Dictionary2.xml (RunModel)" time="0.018" />
  <testcase classname="ptolemy.util.test.junit.AutoTests" name="[110] /home/travis/build/icyphy/ptII/ptolemy/actor/lib/test/auto/Dictionary3.xml (RunModel)" time="0.018" />
  <testcase classname="ptolemy.util.test.junit.AutoTests" name="[111] /home/travis/build/icyphy/ptII/ptolemy/actor/lib/test/auto/Dictionary4.xml (RunModel)" time="0.021" />
  <testcase classname="ptolemy.util.test.junit.AutoTests" name="[112] /home/travis/build/icyphy/ptII/ptolemy/actor/lib/test/auto/Differential.xml (RunModel)" time="0.015" />
  <testcase classname="ptolemy.util.test.junit.AutoTests" name="[113] /home/travis/build/icyphy/ptII/ptolemy/actor/lib/test/auto/Director.xml (RunModel)" time="0.013" />
  <testcase classname="ptolemy.util.test.junit.AutoTests" name="[114] /home/travis/build/icyphy/ptII/ptolemy/actor/lib/test/auto/DiscreteClock.xml (RunModel)" time="0.009" />
  <testcase classname="ptolemy.util.test.junit.AutoTests" name="[115] /home/travis/build/icyphy/ptII/ptolemy/actor/lib/test/auto/DiscreteClock10.xml (RunModel)" time="0.014" />
  <testcase classname="ptolemy.util.test.junit.AutoTests" name="[116] /home/travis/build/icyphy/ptII/ptolemy/actor/lib/test/auto/DiscreteClock11.xml (RunModel)" time="0.012" />
  <testcase classname="ptolemy.util.test.junit.AutoTests" name="[117] /home/travis/build/icyphy/ptII/ptolemy/actor/lib/test/auto/DiscreteClock12.xml (RunModel)" time="0.015" />
  <testcase classname="ptolemy.util.test.junit.AutoTests" name="[118] /home/travis/build/icyphy/ptII/ptolemy/actor/lib/test/auto/DiscreteClock13.xml (RunModel)" time="0.015" />
  <testcase classname="ptolemy.util.test.junit.AutoTests" name="[119] /home/travis/build/icyphy/ptII/ptolemy/actor/lib/test/auto/DiscreteClock14.xml (RunModel)" time="0.012" />
  <testcase classname="ptolemy.util.test.junit.AutoTests" name="[120] /home/travis/build/icyphy/ptII/ptolemy/actor/lib/test/auto/DiscreteClock15.xml (RunModel)" time="0.016" />
  <testcase classname="ptolemy.util.test.junit.AutoTests" name="[121] /home/travis/build/icyphy/ptII/ptolemy/actor/lib/test/auto/DiscreteClock16.xml (RunModel)" time="0.055" />
  <testcase classname="ptolemy.util.test.junit.AutoTests" name="[122] /home/travis/build/icyphy/ptII/ptolemy/actor/lib/test/auto/DiscreteClock17.xml (RunModel)" time="0.037" />
  <testcase classname="ptolemy.util.test.junit.AutoTests" name="[123] /home/travis/build/icyphy/ptII/ptolemy/actor/lib/test/auto/DiscreteClock18.xml (RunModel)" time="0.048" />
  <testcase classname="ptolemy.util.test.junit.AutoTests" name="[124] /home/travis/build/icyphy/ptII/ptolemy/actor/lib/test/auto/DiscreteClock19.xml (RunModel)" time="0.053" />
  <testcase classname="ptolemy.util.test.junit.AutoTests" name="[125] /home/travis/build/icyphy/ptII/ptolemy/actor/lib/test/auto/DiscreteClock2.xml (RunModel)" time="0.016" />
  <testcase classname="ptolemy.util.test.junit.AutoTests" name="[126] /home/travis/build/icyphy/ptII/ptolemy/actor/lib/test/auto/DiscreteClock20.xml (RunModel)" time="0.019" />
  <testcase classname="ptolemy.util.test.junit.AutoTests" name="[127] /home/travis/build/icyphy/ptII/ptolemy/actor/lib/test/auto/DiscreteClock21.xml (RunModel)" time="0.018" />
  <testcase classname="ptolemy.util.test.junit.AutoTests" name="[128] /home/travis/build/icyphy/ptII/ptolemy/actor/lib/test/auto/DiscreteClock22.xml (RunModel)" time="0.017" />
  <testcase classname="ptolemy.util.test.junit.AutoTests" name="[129] /home/travis/build/icyphy/ptII/ptolemy/actor/lib/test/auto/DiscreteClock23.xml (RunModel)" time="0.022" />
  <testcase classname="ptolemy.util.test.junit.AutoTests" name="[130] /home/travis/build/icyphy/ptII/ptolemy/actor/lib/test/auto/DiscreteClock24.xml (RunModel)" time="0.017" />
  <testcase classname="ptolemy.util.test.junit.AutoTests" name="[131] /home/travis/build/icyphy/ptII/ptolemy/actor/lib/test/auto/DiscreteClock4.xml (RunModel)" time="0.013" />
  <testcase classname="ptolemy.util.test.junit.AutoTests" name="[132] /home/travis/build/icyphy/ptII/ptolemy/actor/lib/test/auto/DiscreteClock5.xml (RunModel)" time="0.012" />
  <testcase classname="ptolemy.util.test.junit.AutoTests" name="[133] /home/travis/build/icyphy/ptII/ptolemy/actor/lib/test/auto/DiscreteClock6.xml (RunModel)" time="0.011" />
  <testcase classname="ptolemy.util.test.junit.AutoTests" name="[134] /home/travis/build/icyphy/ptII/ptolemy/actor/lib/test/auto/DiscreteClock7.xml (RunModel)" time="0.011" />
  <testcase classname="ptolemy.util.test.junit.AutoTests" name="[135] /home/travis/build/icyphy/ptII/ptolemy/actor/lib/test/auto/DiscreteClock8.xml (RunModel)" time="0.019" />
  <testcase classname="ptolemy.util.test.junit.AutoTests" name="[136] /home/travis/build/icyphy/ptII/ptolemy/actor/lib/test/auto/DiscreteClock9.xml (RunModel)" time="0.013" />
  <testcase classname="ptolemy.util.test.junit.AutoTests" name="[137] /home/travis/build/icyphy/ptII/ptolemy/actor/lib/test/auto/DisplayArray.xml (RunModel)" time="0.011" />
  <testcase classname="ptolemy.util.test.junit.AutoTests" name="[138] /home/travis/build/icyphy/ptII/ptolemy/actor/lib/test/auto/Distributor.xml (RunModel)" time="0.036" />
  <testcase classname="ptolemy.util.test.junit.AutoTests" name="[139] /home/travis/build/icyphy/ptII/ptolemy/actor/lib/test/auto/Distributor2.xml (RunModel)" time="0.014" />
  <testcase classname="ptolemy.util.test.junit.AutoTests" name="[140] /home/travis/build/icyphy/ptII/ptolemy/actor/lib/test/auto/DownSample.xml (RunModel)" time="0.01" />
  <testcase classname="ptolemy.util.test.junit.AutoTests" name="[141] /home/travis/build/icyphy/ptII/ptolemy/actor/lib/test/auto/ElectronicUnitBase1.xml (RunModel)" time="0.061" />
  <testcase classname="ptolemy.util.test.junit.AutoTests" name="[142] /home/travis/build/icyphy/ptII/ptolemy/actor/lib/test/auto/ElementsToArray.xml (RunModel)" time="0.011" />
  <testcase classname="ptolemy.util.test.junit.AutoTests" name="[143] /home/travis/build/icyphy/ptII/ptolemy/actor/lib/test/auto/Equals.xml (RunModel)" time="0.014" />
  <testcase classname="ptolemy.util.test.junit.AutoTests" name="[144] /home/travis/build/icyphy/ptII/ptolemy/actor/lib/test/auto/Exec.xml (RunModel)" time="0.029" />
  <testcase classname="ptolemy.util.test.junit.AutoTests" name="[145] /home/travis/build/icyphy/ptII/ptolemy/actor/lib/test/auto/ExecEnvironment.xml (RunModel)" time="0.059" />
  <testcase classname="ptolemy.util.test.junit.AutoTests" name="[146] /home/travis/build/icyphy/ptII/ptolemy/actor/lib/test/auto/ExecNonZeroReturnOutput.xml (RunModel)" time="0.187" />
  <testcase classname="ptolemy.util.test.junit.AutoTests" name="[147] /home/travis/build/icyphy/ptII/ptolemy/actor/lib/test/auto/ExecRunDemos.xml (RunModel)" time="10.896" />
  <testcase classname="ptolemy.util.test.junit.AutoTests" name="[148] /home/travis/build/icyphy/ptII/ptolemy/actor/lib/test/auto/ExecStop.xml (RunModel)" time="5.038" />
  <testcase classname="ptolemy.util.test.junit.AutoTests" name="[149] /home/travis/build/icyphy/ptII/ptolemy/actor/lib/test/auto/ExecutionTimeSDF.xml (RunModel)" time="6.03" />
  <testcase classname="ptolemy.util.test.junit.AutoTests" name="[150] /home/travis/build/icyphy/ptII/ptolemy/actor/lib/test/auto/Expression1.xml (RunModel)" time="0.016" />
  <testcase classname="ptolemy.util.test.junit.AutoTests" name="[151] /home/travis/build/icyphy/ptII/ptolemy/actor/lib/test/auto/Expression10.xml (RunModel)" time="0.033" />
  <testcase classname="ptolemy.util.test.junit.AutoTests" name="[152] /home/travis/build/icyphy/ptII/ptolemy/actor/lib/test/auto/Expression11.xml (RunModel)" time="0.014" />
  <testcase classname="ptolemy.util.test.junit.AutoTests" name="[153] /home/travis/build/icyphy/ptII/ptolemy/actor/lib/test/auto/Expression12.xml (RunModel)" time="0.015" />
  <testcase classname="ptolemy.util.test.junit.AutoTests" name="[154] /home/travis/build/icyphy/ptII/ptolemy/actor/lib/test/auto/Expression13.xml (RunModel)" time="0.013" />
  <testcase classname="ptolemy.util.test.junit.AutoTests" name="[155] /home/travis/build/icyphy/ptII/ptolemy/actor/lib/test/auto/Expression14.xml (RunModel)" time="0.02" />
  <testcase classname="ptolemy.util.test.junit.AutoTests" name="[156] /home/travis/build/icyphy/ptII/ptolemy/actor/lib/test/auto/Expression15.xml (RunModel)" time="0.008" />
  <testcase classname="ptolemy.util.test.junit.AutoTests" name="[157] /home/travis/build/icyphy/ptII/ptolemy/actor/lib/test/auto/Expression16.xml (RunModel)" time="0.011" />
  <testcase classname="ptolemy.util.test.junit.AutoTests" name="[158] /home/travis/build/icyphy/ptII/ptolemy/actor/lib/test/auto/Expression17.xml (RunModel)" time="0.011" />
  <testcase classname="ptolemy.util.test.junit.AutoTests" name="[159] /home/travis/build/icyphy/ptII/ptolemy/actor/lib/test/auto/Expression18.xml (RunModel)" time="0.013" />
  <testcase classname="ptolemy.util.test.junit.AutoTests" name="[160] /home/travis/build/icyphy/ptII/ptolemy/actor/lib/test/auto/Expression2.xml (RunModel)" time="0.02" />
  <testcase classname="ptolemy.util.test.junit.AutoTests" name="[161] /home/travis/build/icyphy/ptII/ptolemy/actor/lib/test/auto/Expression3.xml (RunModel)" time="0.012" />
  <testcase classname="ptolemy.util.test.junit.AutoTests" name="[162] /home/travis/build/icyphy/ptII/ptolemy/actor/lib/test/auto/Expression4.xml (RunModel)" time="0.044" />
  <testcase classname="ptolemy.util.test.junit.AutoTests" name="[163] /home/travis/build/icyphy/ptII/ptolemy/actor/lib/test/auto/Expression5.xml (RunModel)" time="0.014" />
  <testcase classname="ptolemy.util.test.junit.AutoTests" name="[164] /home/travis/build/icyphy/ptII/ptolemy/actor/lib/test/auto/Expression6.xml (RunModel)" time="0.01" />
  <testcase classname="ptolemy.util.test.junit.AutoTests" name="[165] /home/travis/build/icyphy/ptII/ptolemy/actor/lib/test/auto/Expression7.xml (RunModel)" time="0.012" />
  <testcase classname="ptolemy.util.test.junit.AutoTests" name="[166] /home/travis/build/icyphy/ptII/ptolemy/actor/lib/test/auto/Expression8.xml (RunModel)" time="0.015" />
  <testcase classname="ptolemy.util.test.junit.AutoTests" name="[167] /home/travis/build/icyphy/ptII/ptolemy/actor/lib/test/auto/Expression9.xml (RunModel)" time="0.009" />
  <testcase classname="ptolemy.util.test.junit.AutoTests" name="[168] /home/travis/build/icyphy/ptII/ptolemy/actor/lib/test/auto/ExpressionConcatenateArrayType.xml (RunModel)" time="0.025" />
  <testcase classname="ptolemy.util.test.junit.AutoTests" name="[169] /home/travis/build/icyphy/ptII/ptolemy/actor/lib/test/auto/ExpressionConcatenateArrayType2.xml (RunModel)" time="0.023" />
  <testcase classname="ptolemy.util.test.junit.AutoTests" name="[170] /home/travis/build/icyphy/ptII/ptolemy/actor/lib/test/auto/ExpressionFix.xml (RunModel)" time="0.043" />
  <testcase classname="ptolemy.util.test.junit.AutoTests" name="[171] /home/travis/build/icyphy/ptII/ptolemy/actor/lib/test/auto/ExpressionFix2.xml (RunModel)" time="0.017" />
  <testcase classname="ptolemy.util.test.junit.AutoTests" name="[172] /home/travis/build/icyphy/ptII/ptolemy/actor/lib/test/auto/ExpressionFix3.xml (RunModel)" time="0.012" />
  <testcase classname="ptolemy.util.test.junit.AutoTests" name="[173] /home/travis/build/icyphy/ptII/ptolemy/actor/lib/test/auto/FileWriter1.xml (RunModel)" time="0.012" />
  <testcase classname="ptolemy.util.test.junit.AutoTests" name="[174] /home/travis/build/icyphy/ptII/ptolemy/actor/lib/test/auto/FileWriter2.xml (RunModel)" time="0.012" />
  <testcase classname="ptolemy.util.test.junit.AutoTests" name="[175] /home/travis/build/icyphy/ptII/ptolemy/actor/lib/test/auto/FileWriter3.xml (RunModel)" time="0.012" />
  <testcase classname="ptolemy.util.test.junit.AutoTests" name="[176] /home/travis/build/icyphy/ptII/ptolemy/actor/lib/test/auto/Gaussian.xml (RunModel)" time="0.014" />
  <testcase classname="ptolemy.util.test.junit.AutoTests" name="[177] /home/travis/build/icyphy/ptII/ptolemy/actor/lib/test/auto/Gaussian1.xml (RunModel)" time="0.02" />
  <testcase classname="ptolemy.util.test.junit.AutoTests" name="[178] /home/travis/build/icyphy/ptII/ptolemy/actor/lib/test/auto/Gaussian2.xml (RunModel)" time="0.018" />
  <testcase classname="ptolemy.util.test.junit.AutoTests" name="[179] /home/travis/build/icyphy/ptII/ptolemy/actor/lib/test/auto/GradientAdaptiveLattice.xml (RunModel)" time="0.015" />
  <testcase classname="ptolemy.util.test.junit.AutoTests" name="[180] /home/travis/build/icyphy/ptII/ptolemy/actor/lib/test/auto/IIR.xml (RunModel)" time="0.01" />
  <testcase classname="ptolemy.util.test.junit.AutoTests" name="[181] /home/travis/build/icyphy/ptII/ptolemy/actor/lib/test/auto/InputOutputTransparentPorts.xml (RunModel)" time="0.019" />
  <testcase classname="ptolemy.util.test.junit.AutoTests" name="[182] /home/travis/build/icyphy/ptII/ptolemy/actor/lib/test/auto/Interpolator.xml (RunModel)" time="0.011" />
  <testcase classname="ptolemy.util.test.junit.AutoTests" name="[183] /home/travis/build/icyphy/ptII/ptolemy/actor/lib/test/auto/InterpolatorFiringLimitDE.xml (RunModel)" time="0.013" />
  <testcase classname="ptolemy.util.test.junit.AutoTests" name="[184] /home/travis/build/icyphy/ptII/ptolemy/actor/lib/test/auto/Lattice.xml (RunModel)" time="0.009" />
  <testcase classname="ptolemy.util.test.junit.AutoTests" name="[185] /home/travis/build/icyphy/ptII/ptolemy/actor/lib/test/auto/LazyAOCTestLazy.xml (RunModel)" time="0.018" />
  <testcase classname="ptolemy.util.test.junit.AutoTests" name="[186] /home/travis/build/icyphy/ptII/ptolemy/actor/lib/test/auto/LazyAOCTestNonLazy.xml (RunModel)" time="0.037" />
  <testcase classname="ptolemy.util.test.junit.AutoTests" name="[187] /home/travis/build/icyphy/ptII/ptolemy/actor/lib/test/auto/LazyInnerClass.xml (RunModel)" time="0.044" />
  <testcase classname="ptolemy.util.test.junit.AutoTests" name="[188] /home/travis/build/icyphy/ptII/ptolemy/actor/lib/test/auto/LazyPubSub.xml (RunModel)" time="0.071" />
  <testcase classname="ptolemy.util.test.junit.AutoTests" name="[189] /home/travis/build/icyphy/ptII/ptolemy/actor/lib/test/auto/LazyPubSub2.xml (RunModel)" time="0.053" />
  <testcase classname="ptolemy.util.test.junit.AutoTests" name="[190] /home/travis/build/icyphy/ptII/ptolemy/actor/lib/test/auto/LazyPubSub3.xml (RunModel)" time="0.03" />
  <testcase classname="ptolemy.util.test.junit.AutoTests" name="[191] /home/travis/build/icyphy/ptII/ptolemy/actor/lib/test/auto/LazySubClassModel.xml (RunModel)" time="0.021" />
  <testcase classname="ptolemy.util.test.junit.AutoTests" name="[192] /home/travis/build/icyphy/ptII/ptolemy/actor/lib/test/auto/LevelCrossTest1.xml (RunModel)" time="0.017" />
  <testcase classname="ptolemy.util.test.junit.AutoTests" name="[193] /home/travis/build/icyphy/ptII/ptolemy/actor/lib/test/auto/LevelCrossTest10.xml (RunModel)" time="0.014" />
  <testcase classname="ptolemy.util.test.junit.AutoTests" name="[194] /home/travis/build/icyphy/ptII/ptolemy/actor/lib/test/auto/LevelCrossTest11.xml (RunModel)" time="0.015" />
  <testcase classname="ptolemy.util.test.junit.AutoTests" name="[195] /home/travis/build/icyphy/ptII/ptolemy/actor/lib/test/auto/LevelCrossTest12.xml (RunModel)" time="0.019" />
  <testcase classname="ptolemy.util.test.junit.AutoTests" name="[196] /home/travis/build/icyphy/ptII/ptolemy/actor/lib/test/auto/LevelCrossTest13.xml (RunModel)" time="0.013" />
  <testcase classname="ptolemy.util.test.junit.AutoTests" name="[197] /home/travis/build/icyphy/ptII/ptolemy/actor/lib/test/auto/LevelCrossTest2.xml (RunModel)" time="0.01" />
  <testcase classname="ptolemy.util.test.junit.AutoTests" name="[198] /home/travis/build/icyphy/ptII/ptolemy/actor/lib/test/auto/LevelCrossTest3.xml (RunModel)" time="0.012" />
  <testcase classname="ptolemy.util.test.junit.AutoTests" name="[199] /home/travis/build/icyphy/ptII/ptolemy/actor/lib/test/auto/LevelCrossTest4.xml (RunModel)" time="0.01" />
  <testcase classname="ptolemy.util.test.junit.AutoTests" name="[200] /home/travis/build/icyphy/ptII/ptolemy/actor/lib/test/auto/LevelCrossTest5.xml (RunModel)" time="0.016" />
  <testcase classname="ptolemy.util.test.junit.AutoTests" name="[201] /home/travis/build/icyphy/ptII/ptolemy/actor/lib/test/auto/LevelCrossTest6.xml (RunModel)" time="0.019" />
  <testcase classname="ptolemy.util.test.junit.AutoTests" name="[202] /home/travis/build/icyphy/ptII/ptolemy/actor/lib/test/auto/LevelCrossTest7.xml (RunModel)" time="0.014" />
  <testcase classname="ptolemy.util.test.junit.AutoTests" name="[203] /home/travis/build/icyphy/ptII/ptolemy/actor/lib/test/auto/LevelCrossTest8.xml (RunModel)" time="0.013" />
  <testcase classname="ptolemy.util.test.junit.AutoTests" name="[204] /home/travis/build/icyphy/ptII/ptolemy/actor/lib/test/auto/LevelCrossTest9.xml (RunModel)" time="0.012" />
  <testcase classname="ptolemy.util.test.junit.AutoTests" name="[205] /home/travis/build/icyphy/ptII/ptolemy/actor/lib/test/auto/LevinsonDurbin.xml (RunModel)" time="0.015" />
  <testcase classname="ptolemy.util.test.junit.AutoTests" name="[206] /home/travis/build/icyphy/ptII/ptolemy/actor/lib/test/auto/LevinsonDurbin2.xml (RunModel)" time="0.011" />
  <testcase classname="ptolemy.util.test.junit.AutoTests" name="[207] /home/travis/build/icyphy/ptII/ptolemy/actor/lib/test/auto/LevinsonDurbin3.xml (RunModel)" time="0.04" />
  <testcase classname="ptolemy.util.test.junit.AutoTests" name="[208] /home/travis/build/icyphy/ptII/ptolemy/actor/lib/test/auto/Limiter.xml (RunModel)" time="0.039" />
  <testcase classname="ptolemy.util.test.junit.AutoTests" name="[209] /home/travis/build/icyphy/ptII/ptolemy/actor/lib/test/auto/LinearDifferenceEquationSystem.xml (RunModel)" time="0.028" />
  <testcase classname="ptolemy.util.test.junit.AutoTests" name="[210] /home/travis/build/icyphy/ptII/ptolemy/actor/lib/test/auto/LookupTable.xml (RunModel)" time="0.019" />
  <testcase classname="ptolemy.util.test.junit.AutoTests" name="[211] /home/travis/build/icyphy/ptII/ptolemy/actor/lib/test/auto/MathFunction.xml (RunModel)" time="0.021" />
  <testcase classname="ptolemy.util.test.junit.AutoTests" name="[212] /home/travis/build/icyphy/ptII/ptolemy/actor/lib/test/auto/MathFunction2.xml (RunModel)" time="0.012" />
  <testcase classname="ptolemy.util.test.junit.AutoTests" name="[213] /home/travis/build/icyphy/ptII/ptolemy/actor/lib/test/auto/MathFunction3.xml (RunModel)" time="0.019" />
  <testcase classname="ptolemy.util.test.junit.AutoTests" name="[214] /home/travis/build/icyphy/ptII/ptolemy/actor/lib/test/auto/MatrixCropBoolean.xml (RunModel)" time="0.014" />
  <testcase classname="ptolemy.util.test.junit.AutoTests" name="[215] /home/travis/build/icyphy/ptII/ptolemy/actor/lib/test/auto/MatrixCropComplex.xml (RunModel)" time="0.011" />
  <testcase classname="ptolemy.util.test.junit.AutoTests" name="[216] /home/travis/build/icyphy/ptII/ptolemy/actor/lib/test/auto/MatrixCropDouble.xml (RunModel)" time="0.01" />
  <testcase classname="ptolemy.util.test.junit.AutoTests" name="[217] /home/travis/build/icyphy/ptII/ptolemy/actor/lib/test/auto/MatrixCropFix.xml (RunModel)" time="0.015" />
  <testcase classname="ptolemy.util.test.junit.AutoTests" name="[218] /home/travis/build/icyphy/ptII/ptolemy/actor/lib/test/auto/MatrixCropInt.xml (RunModel)" time="0.01" />
  <testcase classname="ptolemy.util.test.junit.AutoTests" name="[219] /home/travis/build/icyphy/ptII/ptolemy/actor/lib/test/auto/MatrixCropLong.xml (RunModel)" time="0.012" />
  <testcase classname="ptolemy.util.test.junit.AutoTests" name="[220] /home/travis/build/icyphy/ptII/ptolemy/actor/lib/test/auto/MatrixToArray.xml (RunModel)" time="0.053" />
  <testcase classname="ptolemy.util.test.junit.AutoTests" name="[221] /home/travis/build/icyphy/ptII/ptolemy/actor/lib/test/auto/MaxIndex.xml (RunModel)" time="0.013" />
  <testcase classname="ptolemy.util.test.junit.AutoTests" name="[222] /home/travis/build/icyphy/ptII/ptolemy/actor/lib/test/auto/Maximum.xml (RunModel)" time="0.013" />
  <testcase classname="ptolemy.util.test.junit.AutoTests" name="[223] /home/travis/build/icyphy/ptII/ptolemy/actor/lib/test/auto/MaximumComplex.xml (RunModel)" time="0.015" />
  <testcase classname="ptolemy.util.test.junit.AutoTests" name="[224] /home/travis/build/icyphy/ptII/ptolemy/actor/lib/test/auto/MethodCallTest.xml (RunModel)" time="0.023" />
  <testcase classname="ptolemy.util.test.junit.AutoTests" name="[225] /home/travis/build/icyphy/ptII/ptolemy/actor/lib/test/auto/Minimum.xml (RunModel)" time="0.016" />
  <testcase classname="ptolemy.util.test.junit.AutoTests" name="[226] /home/travis/build/icyphy/ptII/ptolemy/actor/lib/test/auto/MinimumComplex.xml (RunModel)" time="0.029" />
  <testcase classname="ptolemy.util.test.junit.AutoTests" name="[227] /home/travis/build/icyphy/ptII/ptolemy/actor/lib/test/auto/MinimumMultiports.xml (RunModel)" time="0.017" />
  <testcase classname="ptolemy.util.test.junit.AutoTests" name="[228] /home/travis/build/icyphy/ptII/ptolemy/actor/lib/test/auto/ModifyDate.xml (RunModel)" time="0.045" />
  <testcase classname="ptolemy.util.test.junit.AutoTests" name="[229] /home/travis/build/icyphy/ptII/ptolemy/actor/lib/test/auto/ModifyDate2.xml (RunModel)" time="0.026" />
  <testcase classname="ptolemy.util.test.junit.AutoTests" name="[230] /home/travis/build/icyphy/ptII/ptolemy/actor/lib/test/auto/MovingAverage.xml (RunModel)" time="0.019" />
  <testcase classname="ptolemy.util.test.junit.AutoTests" name="[231] /home/travis/build/icyphy/ptII/ptolemy/actor/lib/test/auto/MovingMaximum.xml (RunModel)" time="0.019" />
  <testcase classname="ptolemy.util.test.junit.AutoTests" name="[232] /home/travis/build/icyphy/ptII/ptolemy/actor/lib/test/auto/MultipleLinksToSameRelation.xml (RunModel)" time="0.008" />
  <testcase classname="ptolemy.util.test.junit.AutoTests" name="[233] /home/travis/build/icyphy/ptII/ptolemy/actor/lib/test/auto/MultipleLinksToSameRelationDE.xml (RunModel)" time="0.01" />
  <testcase classname="ptolemy.util.test.junit.AutoTests" name="[234] /home/travis/build/icyphy/ptII/ptolemy/actor/lib/test/auto/Multiplexor.xml (RunModel)" time="0.013" />
  <testcase classname="ptolemy.util.test.junit.AutoTests" name="[235] /home/travis/build/icyphy/ptII/ptolemy/actor/lib/test/auto/Multiplexor1.xml (RunModel)" time="0.01" />
  <testcase classname="ptolemy.util.test.junit.AutoTests" name="[236] /home/travis/build/icyphy/ptII/ptolemy/actor/lib/test/auto/Multiplexor2.xml (RunModel)" time="0.018" />
  <testcase classname="ptolemy.util.test.junit.AutoTests" name="[237] /home/travis/build/icyphy/ptII/ptolemy/actor/lib/test/auto/Multiplexor3.xml (RunModel)" time="0.009" />
  <testcase classname="ptolemy.util.test.junit.AutoTests" name="[238] /home/travis/build/icyphy/ptII/ptolemy/actor/lib/test/auto/MultiplexorDE.xml (RunModel)" time="0.014" />
  <testcase classname="ptolemy.util.test.junit.AutoTests" name="[239] /home/travis/build/icyphy/ptII/ptolemy/actor/lib/test/auto/MultiportBroadcastTest.xml (RunModel)" time="0.098" />
  <testcase classname="ptolemy.util.test.junit.AutoTests" name="[240] /home/travis/build/icyphy/ptII/ptolemy/actor/lib/test/auto/MultiportOutHangDuringGetWidth.xml (RunModel)" time="0.028" />
  <testcase classname="ptolemy.util.test.junit.AutoTests" name="[241] /home/travis/build/icyphy/ptII/ptolemy/actor/lib/test/auto/NilToken.xml (RunModel)" time="0.007" />
  <testcase classname="ptolemy.util.test.junit.AutoTests" name="[242] /home/travis/build/icyphy/ptII/ptolemy/actor/lib/test/auto/NilTokenNonStrictTest.xml (RunModel)" time="0.011" />
  <testcase classname="ptolemy.util.test.junit.AutoTests" name="[243] /home/travis/build/icyphy/ptII/ptolemy/actor/lib/test/auto/NilTokenRecord.xml (RunModel)" time="0.021" />
  <testcase classname="ptolemy.util.test.junit.AutoTests" name="[244] /home/travis/build/icyphy/ptII/ptolemy/actor/lib/test/auto/NilTokenTypeTest.xml (RunModel)" time="0.032" />
  <testcase classname="ptolemy.util.test.junit.AutoTests" name="[245] /home/travis/build/icyphy/ptII/ptolemy/actor/lib/test/auto/ObjectToken1.xml (RunModel)" time="0.012" />
  <testcase classname="ptolemy.util.test.junit.AutoTests" name="[246] /home/travis/build/icyphy/ptII/ptolemy/actor/lib/test/auto/OrderedMerge.xml (RunModel)" time="0.018" />
  <testcase classname="ptolemy.util.test.junit.AutoTests" name="[247] /home/travis/build/icyphy/ptII/ptolemy/actor/lib/test/auto/OrderedRecordDisassembler.xml (RunModel)" time="0.018" />
  <testcase classname="ptolemy.util.test.junit.AutoTests" name="[248] /home/travis/build/icyphy/ptII/ptolemy/actor/lib/test/auto/OrderedRecordDisassembler2.xml (RunModel)" time="0.018" />
  <testcase classname="ptolemy.util.test.junit.AutoTests" name="[249] /home/travis/build/icyphy/ptII/ptolemy/actor/lib/test/auto/OrderedRecordUpdater.xml (RunModel)" time="0.011" />
  <testcase classname="ptolemy.util.test.junit.AutoTests" name="[250] /home/travis/build/icyphy/ptII/ptolemy/actor/lib/test/auto/OrderedRecordUpdater2.xml (RunModel)" time="0.056" />
  <testcase classname="ptolemy.util.test.junit.AutoTests" name="[251] /home/travis/build/icyphy/ptII/ptolemy/actor/lib/test/auto/PhaseUnwrap.xml (RunModel)" time="0.012" />
  <testcase classname="ptolemy.util.test.junit.AutoTests" name="[252] /home/travis/build/icyphy/ptII/ptolemy/actor/lib/test/auto/PoissonClock.xml (RunModel)" time="0.012" />
  <testcase classname="ptolemy.util.test.junit.AutoTests" name="[253] /home/travis/build/icyphy/ptII/ptolemy/actor/lib/test/auto/PoissonClock2.xml (RunModel)" time="0.008" />
  <testcase classname="ptolemy.util.test.junit.AutoTests" name="[254] /home/travis/build/icyphy/ptII/ptolemy/actor/lib/test/auto/PoissonClock3.xml (RunModel)" time="0.023" />
  <testcase classname="ptolemy.util.test.junit.AutoTests" name="[255] /home/travis/build/icyphy/ptII/ptolemy/actor/lib/test/auto/PubSubWithInitialTokens.xml (RunModel)" time="0.018" />
  <testcase classname="ptolemy.util.test.junit.AutoTests" name="[256] /home/travis/build/icyphy/ptII/ptolemy/actor/lib/test/auto/PubSubWithInitialTokens2.xml (RunModel)" time="0.014" />
  <testcase classname="ptolemy.util.test.junit.AutoTests" name="[257] /home/travis/build/icyphy/ptII/ptolemy/actor/lib/test/auto/PublisherClassNoParameter.xml (RunModel)" time="0.027" />
  <testcase classname="ptolemy.util.test.junit.AutoTests" name="[258] /home/travis/build/icyphy/ptII/ptolemy/actor/lib/test/auto/PublisherClassParameter.xml (RunModel)" time="0.022" />
  <testcase classname="ptolemy.util.test.junit.AutoTests" name="[259] /home/travis/build/icyphy/ptII/ptolemy/actor/lib/test/auto/PublisherNonStrictTest.xml (RunModel)" time="0.016" />
  <testcase classname="ptolemy.util.test.junit.AutoTests" name="[260] /home/travis/build/icyphy/ptII/ptolemy/actor/lib/test/auto/PublisherPort1.xml (RunModel)" time="0.017" />
  <testcase classname="ptolemy.util.test.junit.AutoTests" name="[261] /home/travis/build/icyphy/ptII/ptolemy/actor/lib/test/auto/PublisherPort2.xml (RunModel)" time="0.015" />
  <testcase classname="ptolemy.util.test.junit.AutoTests" name="[262] /home/travis/build/icyphy/ptII/ptolemy/actor/lib/test/auto/PublisherPort3.xml (RunModel)" time="0.014" />
  <testcase classname="ptolemy.util.test.junit.AutoTests" name="[263] /home/travis/build/icyphy/ptII/ptolemy/actor/lib/test/auto/PublisherPort4.xml (RunModel)" time="0.011" />
  <testcase classname="ptolemy.util.test.junit.AutoTests" name="[264] /home/travis/build/icyphy/ptII/ptolemy/actor/lib/test/auto/PublisherPort5.xml (RunModel)" time="0.014" />
  <testcase classname="ptolemy.util.test.junit.AutoTests" name="[265] /home/travis/build/icyphy/ptII/ptolemy/actor/lib/test/auto/PublisherPort5LookAlike.xml (RunModel)" time="0.018" />
  <testcase classname="ptolemy.util.test.junit.AutoTests" name="[266] /home/travis/build/icyphy/ptII/ptolemy/actor/lib/test/auto/PublisherPort6.xml (RunModel)" time="0.011" />
  <testcase classname="ptolemy.util.test.junit.AutoTests" name="[267] /home/travis/build/icyphy/ptII/ptolemy/actor/lib/test/auto/PublisherPort7.xml (RunModel)" time="0.015" />
  <testcase classname="ptolemy.util.test.junit.AutoTests" name="[268] /home/travis/build/icyphy/ptII/ptolemy/actor/lib/test/auto/PublisherPort8.xml (RunModel)" time="0.025" />
  <testcase classname="ptolemy.util.test.junit.AutoTests" name="[269] /home/travis/build/icyphy/ptII/ptolemy/actor/lib/test/auto/PublisherPortSubscriberChannelVariablesAOC2.xml (RunModel)" time="0.031" />
  <testcase classname="ptolemy.util.test.junit.AutoTests" name="[270] /home/travis/build/icyphy/ptII/ptolemy/actor/lib/test/auto/PublisherPortSubscriberOpaqueWidthInference.xml (RunModel)" time="0.014" />
  <testcase classname="ptolemy.util.test.junit.AutoTests" name="[271] /home/travis/build/icyphy/ptII/ptolemy/actor/lib/test/auto/PublisherPortSubscriberPortAdjacent.xml (RunModel)" time="0.017" />
  <testcase classname="ptolemy.util.test.junit.AutoTests" name="[272] /home/travis/build/icyphy/ptII/ptolemy/actor/lib/test/auto/PublisherPortSubscriberPortExpression.xml (RunModel)" time="0.02" />
  <testcase classname="ptolemy.util.test.junit.AutoTests" name="[273] /home/travis/build/icyphy/ptII/ptolemy/actor/lib/test/auto/PublisherPortSubscriberPortOpaqueD3Reverse.xml (RunModel)" time="0.019" />
  <testcase classname="ptolemy.util.test.junit.AutoTests" name="[274] /home/travis/build/icyphy/ptII/ptolemy/actor/lib/test/auto/PublisherPortSubscriberPortOpaqueWidthInference.xml (RunModel)" time="0.014" />
  <testcase classname="ptolemy.util.test.junit.AutoTests" name="[275] /home/travis/build/icyphy/ptII/ptolemy/actor/lib/test/auto/PublisherPortToplevelSubscriberPortAOC.xml (RunModel)" time="0.01" />
  <testcase classname="ptolemy.util.test.junit.AutoTests" name="[276] /home/travis/build/icyphy/ptII/ptolemy/actor/lib/test/auto/PublisherSubscriber.xml (RunModel)" time="0.012" />
  <testcase classname="ptolemy.util.test.junit.AutoTests" name="[277] /home/travis/build/icyphy/ptII/ptolemy/actor/lib/test/auto/PublisherSubscriber10.xml (RunModel)" time="0.021" />
  <testcase classname="ptolemy.util.test.junit.AutoTests" name="[278] /home/travis/build/icyphy/ptII/ptolemy/actor/lib/test/auto/PublisherSubscriber10InitialOutputs.xml (RunModel)" time="0.029" />
  <testcase classname="ptolemy.util.test.junit.AutoTests" name="[279] /home/travis/build/icyphy/ptII/ptolemy/actor/lib/test/auto/PublisherSubscriber11.xml (RunModel)" time="0.015" />
  <testcase classname="ptolemy.util.test.junit.AutoTests" name="[280] /home/travis/build/icyphy/ptII/ptolemy/actor/lib/test/auto/PublisherSubscriber12.xml (RunModel)" time="0.02" />
  <testcase classname="ptolemy.util.test.junit.AutoTests" name="[281] /home/travis/build/icyphy/ptII/ptolemy/actor/lib/test/auto/PublisherSubscriber13.xml (RunModel)" time="0.012" />
  <testcase classname="ptolemy.util.test.junit.AutoTests" name="[282] /home/travis/build/icyphy/ptII/ptolemy/actor/lib/test/auto/PublisherSubscriber14.xml (RunModel)" time="0.027" />
  <testcase classname="ptolemy.util.test.junit.AutoTests" name="[283] /home/travis/build/icyphy/ptII/ptolemy/actor/lib/test/auto/PublisherSubscriber2.xml (RunModel)" time="0.012" />
  <testcase classname="ptolemy.util.test.junit.AutoTests" name="[284] /home/travis/build/icyphy/ptII/ptolemy/actor/lib/test/auto/PublisherSubscriber3.xml (RunModel)" time="0.011" />
  <testcase classname="ptolemy.util.test.junit.AutoTests" name="[285] /home/travis/build/icyphy/ptII/ptolemy/actor/lib/test/auto/PublisherSubscriber4.xml (RunModel)" time="0.01" />
  <testcase classname="ptolemy.util.test.junit.AutoTests" name="[286] /home/travis/build/icyphy/ptII/ptolemy/actor/lib/test/auto/PublisherSubscriber5.xml (RunModel)" time="0.013" />
  <testcase classname="ptolemy.util.test.junit.AutoTests" name="[287] /home/travis/build/icyphy/ptII/ptolemy/actor/lib/test/auto/PublisherSubscriber6.xml (RunModel)" time="0.028" />
  <testcase classname="ptolemy.util.test.junit.AutoTests" name="[288] /home/travis/build/icyphy/ptII/ptolemy/actor/lib/test/auto/PublisherSubscriber7.xml (RunModel)" time="0.057" />
  <testcase classname="ptolemy.util.test.junit.AutoTests" name="[289] /home/travis/build/icyphy/ptII/ptolemy/actor/lib/test/auto/PublisherSubscriber8.xml (RunModel)" time="0.029" />
  <testcase classname="ptolemy.util.test.junit.AutoTests" name="[290] /home/travis/build/icyphy/ptII/ptolemy/actor/lib/test/auto/PublisherSubscriber9.xml (RunModel)" time="0.02" />
  <testcase classname="ptolemy.util.test.junit.AutoTests" name="[291] /home/travis/build/icyphy/ptII/ptolemy/actor/lib/test/auto/PublisherSubscriberAdjacent.xml (RunModel)" time="0.016" />
  <testcase classname="ptolemy.util.test.junit.AutoTests" name="[292] /home/travis/build/icyphy/ptII/ptolemy/actor/lib/test/auto/PublisherSubscriberChannelVariablesAOC2.xml (RunModel)" time="0.025" />
  <testcase classname="ptolemy.util.test.junit.AutoTests" name="[293] /home/travis/build/icyphy/ptII/ptolemy/actor/lib/test/auto/PublisherSubscriberD3.xml (RunModel)" time="0.013" />
  <testcase classname="ptolemy.util.test.junit.AutoTests" name="[294] /home/travis/build/icyphy/ptII/ptolemy/actor/lib/test/auto/PublisherSubscriberD3Reverse.xml (RunModel)" time="0.014" />
  <testcase classname="ptolemy.util.test.junit.AutoTests" name="[295] /home/travis/build/icyphy/ptII/ptolemy/actor/lib/test/auto/PublisherSubscriberExpression.xml (RunModel)" time="0.016" />
  <testcase classname="ptolemy.util.test.junit.AutoTests" name="[296] /home/travis/build/icyphy/ptII/ptolemy/actor/lib/test/auto/PublisherSubscriberOpaque.xml (RunModel)" time="0.015" />
  <testcase classname="ptolemy.util.test.junit.AutoTests" name="[297] /home/travis/build/icyphy/ptII/ptolemy/actor/lib/test/auto/PublisherSubscriberOpaqueD3.xml (RunModel)" time="0.022" />
  <testcase classname="ptolemy.util.test.junit.AutoTests" name="[298] /home/travis/build/icyphy/ptII/ptolemy/actor/lib/test/auto/PublisherSubscriberOpaqueD3Reverse.xml (RunModel)" time="0.02" />
  <testcase classname="ptolemy.util.test.junit.AutoTests" name="[299] /home/travis/build/icyphy/ptII/ptolemy/actor/lib/test/auto/PublisherSubscriberOpaqueWidthInference.xml (RunModel)" time="0.017" />
  <testcase classname="ptolemy.util.test.junit.AutoTests" name="[300] /home/travis/build/icyphy/ptII/ptolemy/actor/lib/test/auto/PublisherTestSubscriber.xml (RunModel)" time="0.016" />
  <testcase classname="ptolemy.util.test.junit.AutoTests" name="[301] /home/travis/build/icyphy/ptII/ptolemy/actor/lib/test/auto/PublisherToplevelSubscriberPortAOC.xml (RunModel)" time="0.011" />
  <testcase classname="ptolemy.util.test.junit.AutoTests" name="[302] /home/travis/build/icyphy/ptII/ptolemy/actor/lib/test/auto/PulseFiringLimitDE.xml (RunModel)" time="0.014" />
  <testcase classname="ptolemy.util.test.junit.AutoTests" name="[303] /home/travis/build/icyphy/ptII/ptolemy/actor/lib/test/auto/Ramp1.xml (RunModel)" time="0.007" />
  <testcase classname="ptolemy.util.test.junit.AutoTests" name="[304] /home/travis/build/icyphy/ptII/ptolemy/actor/lib/test/auto/RampFiringLimitDE.xml (RunModel)" time="0.01" />
  <testcase classname="ptolemy.util.test.junit.AutoTests" name="[305] /home/travis/build/icyphy/ptII/ptolemy/actor/lib/test/auto/RampFiringLimitSDF.xml (RunModel)" time="0.011" />
  <testcase classname="ptolemy.util.test.junit.AutoTests" name="[306] /home/travis/build/icyphy/ptII/ptolemy/actor/lib/test/auto/RandomInteger.xml (RunModel)" time="0.008" />
  <testcase classname="ptolemy.util.test.junit.AutoTests" name="[307] /home/travis/build/icyphy/ptII/ptolemy/actor/lib/test/auto/ReadFile1.xml (RunModel)" time="0.008" />
  <testcase classname="ptolemy.util.test.junit.AutoTests" name="[308] /home/travis/build/icyphy/ptII/ptolemy/actor/lib/test/auto/ReadFile2.xml (RunModel)" time="0.008" />
  <testcase classname="ptolemy.util.test.junit.AutoTests" name="[309] /home/travis/build/icyphy/ptII/ptolemy/actor/lib/test/auto/Reader.xml (RunModel)" time="0.015" />
  <testcase classname="ptolemy.util.test.junit.AutoTests" name="[310] /home/travis/build/icyphy/ptII/ptolemy/actor/lib/test/auto/RecordAssemblerDisplayNameTest.xml (RunModel)" time="3.293" />
  <testcase classname="ptolemy.util.test.junit.AutoTests" name="[311] /home/travis/build/icyphy/ptII/ptolemy/actor/lib/test/auto/RecordAssemblerTypeError.xml (RunModel)" time="0.086" />
  <testcase classname="ptolemy.util.test.junit.AutoTests" name="[312] /home/travis/build/icyphy/ptII/ptolemy/actor/lib/test/auto/RecordDisassember.xml (RunModel)" time="0.024" />
  <testcase classname="ptolemy.util.test.junit.AutoTests" name="[313] /home/travis/build/icyphy/ptII/ptolemy/actor/lib/test/auto/RecordDisassemberDisplayNameTest.xml (RunModel)" time="0.026" />
  <testcase classname="ptolemy.util.test.junit.AutoTests" name="[314] /home/travis/build/icyphy/ptII/ptolemy/actor/lib/test/auto/RecordDisassembler.xml (RunModel)" time="0.012" />
  <testcase classname="ptolemy.util.test.junit.AutoTests" name="[315] /home/travis/build/icyphy/ptII/ptolemy/actor/lib/test/auto/RecordDisassembler2.xml (RunModel)" time="0.012" />
  <testcase classname="ptolemy.util.test.junit.AutoTests" name="[316] /home/travis/build/icyphy/ptII/ptolemy/actor/lib/test/auto/RecordUpdater.xml (RunModel)" time="0.009" />
  <testcase classname="ptolemy.util.test.junit.AutoTests" name="[317] /home/travis/build/icyphy/ptII/ptolemy/actor/lib/test/auto/RecordUpdater2.xml (RunModel)" time="0.008" />
  <testcase classname="ptolemy.util.test.junit.AutoTests" name="[318] /home/travis/build/icyphy/ptII/ptolemy/actor/lib/test/auto/RecursiveLattice.xml (RunModel)" time="0.009" />
  <testcase classname="ptolemy.util.test.junit.AutoTests" name="[319] /home/travis/build/icyphy/ptII/ptolemy/actor/lib/test/auto/Router.xml (RunModel)" time="3.024" />
  <testcase classname="ptolemy.util.test.junit.AutoTests" name="[320] /home/travis/build/icyphy/ptII/ptolemy/actor/lib/test/auto/Router2.xml (RunModel)" time="3.029" />
  <testcase classname="ptolemy.util.test.junit.AutoTests" name="[321] /home/travis/build/icyphy/ptII/ptolemy/actor/lib/test/auto/RunningMaximum.xml (RunModel)" time="0.013" />
  <testcase classname="ptolemy.util.test.junit.AutoTests" name="[322] /home/travis/build/icyphy/ptII/ptolemy/actor/lib/test/auto/RunningMinimum.xml (RunModel)" time="0.024" />
  <testcase classname="ptolemy.util.test.junit.AutoTests" name="[323] /home/travis/build/icyphy/ptII/ptolemy/actor/lib/test/auto/Scale.xml (RunModel)" time="0.015" />
  <testcase classname="ptolemy.util.test.junit.AutoTests" name="[324] /home/travis/build/icyphy/ptII/ptolemy/actor/lib/test/auto/Scale2.xml (RunModel)" time="0.01" />
  <testcase classname="ptolemy.util.test.junit.AutoTests" name="[325] /home/travis/build/icyphy/ptII/ptolemy/actor/lib/test/auto/Scale3.xml (RunModel)" time="0.025" />
  <testcase classname="ptolemy.util.test.junit.AutoTests" name="[326] /home/travis/build/icyphy/ptII/ptolemy/actor/lib/test/auto/ScaleArray.xml (RunModel)" time="0.008" />
  <testcase classname="ptolemy.util.test.junit.AutoTests" name="[327] /home/travis/build/icyphy/ptII/ptolemy/actor/lib/test/auto/ScaleArray2.xml (RunModel)" time="0.008" />
  <testcase classname="ptolemy.util.test.junit.AutoTests" name="[328] /home/travis/build/icyphy/ptII/ptolemy/actor/lib/test/auto/ScaleMatrix.xml (RunModel)" time="0.205" />
  <testcase classname="ptolemy.util.test.junit.AutoTests" name="[329] /home/travis/build/icyphy/ptII/ptolemy/actor/lib/test/auto/Select.xml (RunModel)" time="0.014" />
  <testcase classname="ptolemy.util.test.junit.AutoTests" name="[330] /home/travis/build/icyphy/ptII/ptolemy/actor/lib/test/auto/Select2.xml (RunModel)" time="0.009" />
  <testcase classname="ptolemy.util.test.junit.AutoTests" name="[331] /home/travis/build/icyphy/ptII/ptolemy/actor/lib/test/auto/SequenceToArray2.xml (RunModel)" time="0.149" />
  <testcase classname="ptolemy.util.test.junit.AutoTests" name="[332] /home/travis/build/icyphy/ptII/ptolemy/actor/lib/test/auto/SequentialClock.xml (RunModel)" time="0.011" />
  <testcase classname="ptolemy.util.test.junit.AutoTests" name="[333] /home/travis/build/icyphy/ptII/ptolemy/actor/lib/test/auto/SetVariable.xml (RunModel)" time="0.011" />
  <testcase classname="ptolemy.util.test.junit.AutoTests" name="[334] /home/travis/build/icyphy/ptII/ptolemy/actor/lib/test/auto/SetVariable2.xml (RunModel)" time="0.01" />
  <testcase classname="ptolemy.util.test.junit.AutoTests" name="[335] /home/travis/build/icyphy/ptII/ptolemy/actor/lib/test/auto/SetVariable3.xml (RunModel)" time="0.017" />
  <testcase classname="ptolemy.util.test.junit.AutoTests" name="[336] /home/travis/build/icyphy/ptII/ptolemy/actor/lib/test/auto/SetVariable4.xml (RunModel)" time="0.028" />
  <testcase classname="ptolemy.util.test.junit.AutoTests" name="[337] /home/travis/build/icyphy/ptII/ptolemy/actor/lib/test/auto/SetVariable5.xml (RunModel)" time="0.038" />
  <testcase classname="ptolemy.util.test.junit.AutoTests" name="[338] /home/travis/build/icyphy/ptII/ptolemy/actor/lib/test/auto/Sinewave.xml (RunModel)" time="0.028" />
  <testcase classname="ptolemy.util.test.junit.AutoTests" name="[339] /home/travis/build/icyphy/ptII/ptolemy/actor/lib/test/auto/Sinewave2.xml (RunModel)" time="0.019" />
  <testcase classname="ptolemy.util.test.junit.AutoTests" name="[340] /home/travis/build/icyphy/ptII/ptolemy/actor/lib/test/auto/Sinewave3.xml (RunModel)" time="0.024" />
  <testcase classname="ptolemy.util.test.junit.AutoTests" name="[341] /home/travis/build/icyphy/ptII/ptolemy/actor/lib/test/auto/SingleEvent.xml (RunModel)" time="0.007" />
  <testcase classname="ptolemy.util.test.junit.AutoTests" name="[342] /home/travis/build/icyphy/ptII/ptolemy/actor/lib/test/auto/Sleep.xml (RunModel)" time="6.015" />
  <testcase classname="ptolemy.util.test.junit.AutoTests" name="[343] /home/travis/build/icyphy/ptII/ptolemy/actor/lib/test/auto/SleepMultipleFire.xml (RunModel)" time="1.016" />
  <testcase classname="ptolemy.util.test.junit.AutoTests" name="[344] /home/travis/build/icyphy/ptII/ptolemy/actor/lib/test/auto/StopDE.xml (RunModel)" time="0.019" />
  <testcase classname="ptolemy.util.test.junit.AutoTests" name="[345] /home/travis/build/icyphy/ptII/ptolemy/actor/lib/test/auto/StopSDF.xml (RunModel)" time="0.014" />
  <testcase classname="ptolemy.util.test.junit.AutoTests" name="[346] /home/travis/build/icyphy/ptII/ptolemy/actor/lib/test/auto/StringConstant.xml (RunModel)" time="0.018" />
  <testcase classname="ptolemy.util.test.junit.AutoTests" name="[347] /home/travis/build/icyphy/ptII/ptolemy/actor/lib/test/auto/SubscriberPortInitialValues1.xml (RunModel)" time="0.019" />
  <testcase classname="ptolemy.util.test.junit.AutoTests" name="[348] /home/travis/build/icyphy/ptII/ptolemy/actor/lib/test/auto/SubscriberPortInitialValues13.xml (RunModel)" time="0.034" />
  <testcase classname="ptolemy.util.test.junit.AutoTests" name="[349] /home/travis/build/icyphy/ptII/ptolemy/actor/lib/test/auto/SubscriberPortInitialValues14.xml (RunModel)" time="0.047" />
  <testcase classname="ptolemy.util.test.junit.AutoTests" name="[350] /home/travis/build/icyphy/ptII/ptolemy/actor/lib/test/auto/SubscriberPortInitialValues2.xml (RunModel)" time="0.016" />
  <testcase classname="ptolemy.util.test.junit.AutoTests" name="[351] /home/travis/build/icyphy/ptII/ptolemy/actor/lib/test/auto/SubscriberPortInitialValues3.xml (RunModel)" time="0.021" />
  <testcase classname="ptolemy.util.test.junit.AutoTests" name="[352] /home/travis/build/icyphy/ptII/ptolemy/actor/lib/test/auto/SubscriptionAggregator.xml (RunModel)" time="0.011" />
  <testcase classname="ptolemy.util.test.junit.AutoTests" name="[353] /home/travis/build/icyphy/ptII/ptolemy/actor/lib/test/auto/SubscriptionAggregator2.xml (RunModel)" time="0.012" />
  <testcase classname="ptolemy.util.test.junit.AutoTests" name="[354] /home/travis/build/icyphy/ptII/ptolemy/actor/lib/test/auto/SubscriptionAggregator3.xml (RunModel)" time="0.016" />
  <testcase classname="ptolemy.util.test.junit.AutoTests" name="[355] /home/travis/build/icyphy/ptII/ptolemy/actor/lib/test/auto/SubscriptionAggregatorMultiply.xml (RunModel)" time="0.024" />
  <testcase classname="ptolemy.util.test.junit.AutoTests" name="[356] /home/travis/build/icyphy/ptII/ptolemy/actor/lib/test/auto/SubscriptionAggregatorPortMultiply1.xml (RunModel)" time="0.014" />
  <testcase classname="ptolemy.util.test.junit.AutoTests" name="[357] /home/travis/build/icyphy/ptII/ptolemy/actor/lib/test/auto/Switch.xml (RunModel)" time="0.02" />
  <testcase classname="ptolemy.util.test.junit.AutoTests" name="[358] /home/travis/build/icyphy/ptII/ptolemy/actor/lib/test/auto/Switch2.xml (RunModel)" time="0.013" />
  <testcase classname="ptolemy.util.test.junit.AutoTests" name="[359] /home/travis/build/icyphy/ptII/ptolemy/actor/lib/test/auto/SwitchDE.xml (RunModel)" time="0.013" />
  <testcase classname="ptolemy.util.test.junit.AutoTests" name="[360] /home/travis/build/icyphy/ptII/ptolemy/actor/lib/test/auto/SynchronizerDE.xml (RunModel)" time="0.023" />
  <testcase classname="ptolemy.util.test.junit.AutoTests" name="[361] /home/travis/build/icyphy/ptII/ptolemy/actor/lib/test/auto/Test.xml (RunModel)" time="0.015" />
  <testcase classname="ptolemy.util.test.junit.AutoTests" name="[362] /home/travis/build/icyphy/ptII/ptolemy/actor/lib/test/auto/TestExceptionAttribute1.xml (RunModel)" time="0.01" />
  <testcase classname="ptolemy.util.test.junit.AutoTests" name="[363] /home/travis/build/icyphy/ptII/ptolemy/actor/lib/test/auto/TestExceptionAttribute2.xml (RunModel)" time="0.007" />
  <testcase classname="ptolemy.util.test.junit.AutoTests" name="[364] /home/travis/build/icyphy/ptII/ptolemy/actor/lib/test/auto/TestExceptionAttribute3.xml (RunModel)" time="0.01" />
  <testcase classname="ptolemy.util.test.junit.AutoTests" name="[365] /home/travis/build/icyphy/ptII/ptolemy/actor/lib/test/auto/TestExceptionAttribute4.xml (RunModel)" time="0.007" />
  <testcase classname="ptolemy.util.test.junit.AutoTests" name="[366] /home/travis/build/icyphy/ptII/ptolemy/actor/lib/test/auto/TestExceptionHandler1.xml (RunModel)" time="0.007" />
  <testcase classname="ptolemy.util.test.junit.AutoTests" name="[367] /home/travis/build/icyphy/ptII/ptolemy/actor/lib/test/auto/TestExceptionHandler2.xml (RunModel)" time="0.006" />
  <testcase classname="ptolemy.util.test.junit.AutoTests" name="[368] /home/travis/build/icyphy/ptII/ptolemy/actor/lib/test/auto/TestExceptionHandler3.xml (RunModel)" time="0.008" />
  <testcase classname="ptolemy.util.test.junit.AutoTests" name="[369] /home/travis/build/icyphy/ptII/ptolemy/actor/lib/test/auto/TestExceptionHandler4.xml (RunModel)" time="0.006" />
  <testcase classname="ptolemy.util.test.junit.AutoTests" name="[370] /home/travis/build/icyphy/ptII/ptolemy/actor/lib/test/auto/TestRequireCorrectOrder.xml (RunModel)" time="0.009" />
  <testcase classname="ptolemy.util.test.junit.AutoTests" name="[371] /home/travis/build/icyphy/ptII/ptolemy/actor/lib/test/auto/TestSimple.xml (RunModel)" time="0.01" />
  <testcase classname="ptolemy.util.test.junit.AutoTests" name="[372] /home/travis/build/icyphy/ptII/ptolemy/actor/lib/test/auto/ThrowModelError.xml (RunModel)" time="0.01" />
  <testcase classname="ptolemy.util.test.junit.AutoTests" name="[373] /home/travis/build/icyphy/ptII/ptolemy/actor/lib/test/auto/TimeDelayMicrosteps.xml (RunModel)" time="0.012" />
  <testcase classname="ptolemy.util.test.junit.AutoTests" name="[374] /home/travis/build/icyphy/ptII/ptolemy/actor/lib/test/auto/TimeDelayMicrosteps2.xml (RunModel)" time="0.013" />
  <testcase classname="ptolemy.util.test.junit.AutoTests" name="[375] /home/travis/build/icyphy/ptII/ptolemy/actor/lib/test/auto/TimeDelayMicrosteps3.xml (RunModel)" time="0.011" />
  <testcase classname="ptolemy.util.test.junit.AutoTests" name="[376] /home/travis/build/icyphy/ptII/ptolemy/actor/lib/test/auto/TimeDelayVariableMicrosteps.xml (RunModel)" time="0.012" />
  <testcase classname="ptolemy.util.test.junit.AutoTests" name="[377] /home/travis/build/icyphy/ptII/ptolemy/actor/lib/test/auto/TimeGap.xml (RunModel)" time="0.017" />
  <testcase classname="ptolemy.util.test.junit.AutoTests" name="[378] /home/travis/build/icyphy/ptII/ptolemy/actor/lib/test/auto/TimeGap2.xml (RunModel)" time="0.011" />
  <testcase classname="ptolemy.util.test.junit.AutoTests" name="[379] /home/travis/build/icyphy/ptII/ptolemy/actor/lib/test/auto/TimedSinewave.xml (RunModel)" time="0.052" />
  <testcase classname="ptolemy.util.test.junit.AutoTests" name="[380] /home/travis/build/icyphy/ptII/ptolemy/actor/lib/test/auto/TimedSinewavePhase.xml (RunModel)" time="0.041" />
  <testcase classname="ptolemy.util.test.junit.AutoTests" name="[381] /home/travis/build/icyphy/ptII/ptolemy/actor/lib/test/auto/Timer.xml (RunModel)" time="0.019" />
  <testcase classname="ptolemy.util.test.junit.AutoTests" name="[382] /home/travis/build/icyphy/ptII/ptolemy/actor/lib/test/auto/TriangularDistTestModel.xml (RunModel)" time="0.018" />
  <testcase classname="ptolemy.util.test.junit.AutoTests" name="[383] /home/travis/build/icyphy/ptII/ptolemy/actor/lib/test/auto/TrigFunction.xml (RunModel)" time="0.01" />
  <testcase classname="ptolemy.util.test.junit.AutoTests" name="[384] /home/travis/build/icyphy/ptII/ptolemy/actor/lib/test/auto/TrigFunctionDE.xml (RunModel)" time="0.011" />
  <testcase classname="ptolemy.util.test.junit.AutoTests" name="[385] /home/travis/build/icyphy/ptII/ptolemy/actor/lib/test/auto/TrigFunctionInverse.xml (RunModel)" time="0.009" />
  <testcase classname="ptolemy.util.test.junit.AutoTests" name="[386] /home/travis/build/icyphy/ptII/ptolemy/actor/lib/test/auto/TrigFunctionTan.xml (RunModel)" time="0.007" />
  <testcase classname="ptolemy.util.test.junit.AutoTests" name="[387] /home/travis/build/icyphy/ptII/ptolemy/actor/lib/test/auto/TriggeredClock.xml (RunModel)" time="0.009" />
  <testcase classname="ptolemy.util.test.junit.AutoTests" name="[388] /home/travis/build/icyphy/ptII/ptolemy/actor/lib/test/auto/URLDirectoryReader.xml (RunModel)" time="0.117" />
  <testcase classname="ptolemy.util.test.junit.AutoTests" name="[389] /home/travis/build/icyphy/ptII/ptolemy/actor/lib/test/auto/URLDirectoryReader3.xml (RunModel)" time="1.804" />
  <testcase classname="ptolemy.util.test.junit.AutoTests" name="[390] /home/travis/build/icyphy/ptII/ptolemy/actor/lib/test/auto/UnaryMathFunction.xml (RunModel)" time="0.027" />
  <testcase classname="ptolemy.util.test.junit.AutoTests" name="[391] /home/travis/build/icyphy/ptII/ptolemy/actor/lib/test/auto/Uniform.xml (RunModel)" time="0.023" />
  <testcase classname="ptolemy.util.test.junit.AutoTests" name="[392] /home/travis/build/icyphy/ptII/ptolemy/actor/lib/test/auto/UnionDisassemblerTest.xml (RunModel)" time="0.02" />
  <testcase classname="ptolemy.util.test.junit.AutoTests" name="[393] /home/travis/build/icyphy/ptII/ptolemy/actor/lib/test/auto/UtilityFunctions.xml (RunModel)" time="0.012" />
  <testcase classname="ptolemy.util.test.junit.AutoTests" name="[394] /home/travis/build/icyphy/ptII/ptolemy/actor/lib/test/auto/VariableSleep.xml (RunModel)" time="0.512" />
  <testcase classname="ptolemy.util.test.junit.AutoTests" name="[395] /home/travis/build/icyphy/ptII/ptolemy/actor/lib/test/auto/VectorAssemblerDisassemblerCT.xml (RunModel)" time="0.091" />
  <testcase classname="ptolemy.util.test.junit.AutoTests" name="[396] /home/travis/build/icyphy/ptII/ptolemy/actor/lib/test/auto/VectorAssemblerDisassemblerDE.xml (RunModel)" time="0.011" />
  <testcase classname="ptolemy.util.test.junit.AutoTests" name="[397] /home/travis/build/icyphy/ptII/ptolemy/actor/lib/test/auto/VectorAssemblerDisassemblerSDF.xml (RunModel)" time="0.011" />
  <testcase classname="ptolemy.util.test.junit.AutoTests" name="[398] /home/travis/build/icyphy/ptII/ptolemy/actor/lib/test/auto/WallClockTime.xml (RunModel)" time="1.012" />
  <testcase classname="ptolemy.util.test.junit.AutoTests" name="[399] /home/travis/build/icyphy/ptII/ptolemy/actor/lib/test/auto/WidthTestWithSubscriberPublisher.xml (RunModel)" time="0.038" />
  <testcase classname="ptolemy.util.test.junit.AutoTests" name="[400] /home/travis/build/icyphy/ptII/ptolemy/actor/lib/test/auto/WidthTestWithSubscriberPublisher2.xml (RunModel)" time="0.019" />
  <testcase classname="ptolemy.util.test.junit.AutoTests" name="[401] /home/travis/build/icyphy/ptII/ptolemy/actor/lib/test/auto/WidthTestWithSubscriberPublisher3.xml (RunModel)" time="0.011" />
  <testcase classname="ptolemy.util.test.junit.AutoTests" name="[402] /home/travis/build/icyphy/ptII/ptolemy/actor/lib/test/auto/Writer.xml (RunModel)" time="0.007" />
  <testcase classname="ptolemy.util.test.junit.AutoTests" name="[403] /home/travis/build/icyphy/ptII/ptolemy/actor/lib/test/auto/array.xml (RunModel)" time="0.008" />
  <testcase classname="ptolemy.util.test.junit.AutoTests" name="[404] /home/travis/build/icyphy/ptII/ptolemy/actor/lib/test/auto/array2.xml (RunModel)" time="0.012" />
  <testcase classname="ptolemy.util.test.junit.AutoTests" name="[405] /home/travis/build/icyphy/ptII/ptolemy/actor/lib/test/auto/arrayType.xml (RunModel)" time="0.012" />
  <testcase classname="ptolemy.util.test.junit.AutoTests" name="[406] /home/travis/build/icyphy/ptII/ptolemy/actor/lib/test/auto/arrayType10.xml (RunModel)" time="0.008" />
  <testcase classname="ptolemy.util.test.junit.AutoTests" name="[407] /home/travis/build/icyphy/ptII/ptolemy/actor/lib/test/auto/arrayType11.xml (RunModel)" time="0.009" />
  <testcase classname="ptolemy.util.test.junit.AutoTests" name="[408] /home/travis/build/icyphy/ptII/ptolemy/actor/lib/test/auto/arrayType12.xml (RunModel)" time="0.012" />
  <testcase classname="ptolemy.util.test.junit.AutoTests" name="[409] /home/travis/build/icyphy/ptII/ptolemy/actor/lib/test/auto/arrayType13.xml (RunModel)" time="0.009" />
  <testcase classname="ptolemy.util.test.junit.AutoTests" name="[410] /home/travis/build/icyphy/ptII/ptolemy/actor/lib/test/auto/arrayType14.xml (RunModel)" time="0.008" />
  <testcase classname="ptolemy.util.test.junit.AutoTests" name="[411] /home/travis/build/icyphy/ptII/ptolemy/actor/lib/test/auto/arrayType15.xml (RunModel)" time="0.01" />
  <testcase classname="ptolemy.util.test.junit.AutoTests" name="[412] /home/travis/build/icyphy/ptII/ptolemy/actor/lib/test/auto/arrayType16.xml (RunModel)" time="0.009" />
  <testcase classname="ptolemy.util.test.junit.AutoTests" name="[413] /home/travis/build/icyphy/ptII/ptolemy/actor/lib/test/auto/arrayType17.xml (RunModel)" time="0.009" />
  <testcase classname="ptolemy.util.test.junit.AutoTests" name="[414] /home/travis/build/icyphy/ptII/ptolemy/actor/lib/test/auto/arrayType18.xml (RunModel)" time="0.008" />
  <testcase classname="ptolemy.util.test.junit.AutoTests" name="[415] /home/travis/build/icyphy/ptII/ptolemy/actor/lib/test/auto/arrayType19.xml (RunModel)" time="0.008" />
  <testcase classname="ptolemy.util.test.junit.AutoTests" name="[416] /home/travis/build/icyphy/ptII/ptolemy/actor/lib/test/auto/arrayType2.xml (RunModel)" time="0.009" />
  <testcase classname="ptolemy.util.test.junit.AutoTests" name="[417] /home/travis/build/icyphy/ptII/ptolemy/actor/lib/test/auto/arrayType20.xml (RunModel)" time="0.009" />
  <testcase classname="ptolemy.util.test.junit.AutoTests" name="[418] /home/travis/build/icyphy/ptII/ptolemy/actor/lib/test/auto/arrayType21.xml (RunModel)" time="0.007" />
  <testcase classname="ptolemy.util.test.junit.AutoTests" name="[419] /home/travis/build/icyphy/ptII/ptolemy/actor/lib/test/auto/arrayType22.xml (RunModel)" time="0.008" />
  <testcase classname="ptolemy.util.test.junit.AutoTests" name="[420] /home/travis/build/icyphy/ptII/ptolemy/actor/lib/test/auto/arrayType23.xml (RunModel)" time="0.007" />
  <testcase classname="ptolemy.util.test.junit.AutoTests" name="[421] /home/travis/build/icyphy/ptII/ptolemy/actor/lib/test/auto/arrayType24.xml (RunModel)" time="0.008" />
  <testcase classname="ptolemy.util.test.junit.AutoTests" name="[422] /home/travis/build/icyphy/ptII/ptolemy/actor/lib/test/auto/arrayType25.xml (RunModel)" time="0.008" />
  <testcase classname="ptolemy.util.test.junit.AutoTests" name="[423] /home/travis/build/icyphy/ptII/ptolemy/actor/lib/test/auto/arrayType26.xml (RunModel)" time="0.009" />
  <testcase classname="ptolemy.util.test.junit.AutoTests" name="[424] /home/travis/build/icyphy/ptII/ptolemy/actor/lib/test/auto/arrayType27.xml (RunModel)" time="0.008" />
  <testcase classname="ptolemy.util.test.junit.AutoTests" name="[425] /home/travis/build/icyphy/ptII/ptolemy/actor/lib/test/auto/arrayType28.xml (RunModel)" time="0.01" />
  <testcase classname="ptolemy.util.test.junit.AutoTests" name="[426] /home/travis/build/icyphy/ptII/ptolemy/actor/lib/test/auto/arrayType3.xml (RunModel)" time="0.008" />
  <testcase classname="ptolemy.util.test.junit.AutoTests" name="[427] /home/travis/build/icyphy/ptII/ptolemy/actor/lib/test/auto/arrayType4.xml (RunModel)" time="0.009" />
  <testcase classname="ptolemy.util.test.junit.AutoTests" name="[428] /home/travis/build/icyphy/ptII/ptolemy/actor/lib/test/auto/arrayType5.xml (RunModel)" time="0.013" />
  <testcase classname="ptolemy.util.test.junit.AutoTests" name="[429] /home/travis/build/icyphy/ptII/ptolemy/actor/lib/test/auto/arrayType6.xml (RunModel)" time="0.019" />
  <testcase classname="ptolemy.util.test.junit.AutoTests" name="[430] /home/travis/build/icyphy/ptII/ptolemy/actor/lib/test/auto/arrayType7.xml (RunModel)" time="0.008" />
  <testcase classname="ptolemy.util.test.junit.AutoTests" name="[431] /home/travis/build/icyphy/ptII/ptolemy/actor/lib/test/auto/arrayType8.xml (RunModel)" time="0.016" />
  <testcase classname="ptolemy.util.test.junit.AutoTests" name="[432] /home/travis/build/icyphy/ptII/ptolemy/actor/lib/test/auto/arrayType9.xml (RunModel)" time="0.008" />
  <testcase classname="ptolemy.util.test.junit.AutoTests" name="[433] /home/travis/build/icyphy/ptII/ptolemy/actor/lib/test/auto/cast.xml (RunModel)" time="0.008" />
  <testcase classname="ptolemy.util.test.junit.AutoTests" name="[434] /home/travis/build/icyphy/ptII/ptolemy/actor/lib/test/auto/compositeMultiPort.xml (RunModel)" time="0.017" />
  <testcase classname="ptolemy.util.test.junit.AutoTests" name="[435] /home/travis/build/icyphy/ptII/ptolemy/actor/lib/test/auto/expressionCastInference.xml (RunModel)" time="0.007" />
  <testcase classname="ptolemy.util.test.junit.AutoTests" name="[436] /home/travis/build/icyphy/ptII/ptolemy/actor/lib/test/auto/expressionCastInference2.xml (RunModel)" time="0.035" />
  <testcase classname="ptolemy.util.test.junit.AutoTests" name="[437] /home/travis/build/icyphy/ptII/ptolemy/actor/lib/test/auto/expressionInference.xml (RunModel)" time="0.032" />
  <testcase classname="ptolemy.util.test.junit.AutoTests" name="[438] /home/travis/build/icyphy/ptII/ptolemy/actor/lib/test/auto/expression_bug.xml (RunModel)" time="0.028" />
  <testcase classname="ptolemy.util.test.junit.AutoTests" name="[439] /home/travis/build/icyphy/ptII/ptolemy/actor/lib/test/auto/factorial.xml (RunModel)" time="0.117" />
  <testcase classname="ptolemy.util.test.junit.AutoTests" name="[440] /home/travis/build/icyphy/ptII/ptolemy/actor/lib/test/auto/filterTest1.xml (RunModel)" time="0.031" />
  <testcase classname="ptolemy.util.test.junit.AutoTests" name="[441] /home/travis/build/icyphy/ptII/ptolemy/actor/lib/test/auto/funcApplyInConst.xml (RunModel)" time="0.022" />
  <testcase classname="ptolemy.util.test.junit.AutoTests" name="[442] /home/travis/build/icyphy/ptII/ptolemy/actor/lib/test/auto/funcApplyInExpr.xml (RunModel)" time="0.03" />
  <testcase classname="ptolemy.util.test.junit.AutoTests" name="[443] /home/travis/build/icyphy/ptII/ptolemy/actor/lib/test/auto/function.xml (RunModel)" time="0.009" />
  <testcase classname="ptolemy.util.test.junit.AutoTests" name="[444] /home/travis/build/icyphy/ptII/ptolemy/actor/lib/test/auto/function2.xml (RunModel)" time="0.009" />
  <testcase classname="ptolemy.util.test.junit.AutoTests" name="[445] /home/travis/build/icyphy/ptII/ptolemy/actor/lib/test/auto/function3.xml (RunModel)" time="0.009" />
  <testcase classname="ptolemy.util.test.junit.AutoTests" name="[446] /home/travis/build/icyphy/ptII/ptolemy/actor/lib/test/auto/functionClosureTest1.xml (RunModel)" time="0.012" />
  <testcase classname="ptolemy.util.test.junit.AutoTests" name="[447] /home/travis/build/icyphy/ptII/ptolemy/actor/lib/test/auto/functionClosureTest2.xml (RunModel)" time="0.006" />
  <testcase classname="ptolemy.util.test.junit.AutoTests" name="[448] /home/travis/build/icyphy/ptII/ptolemy/actor/lib/test/auto/functionClosureTest3.xml (RunModel)" time="0.008" />
  <testcase classname="ptolemy.util.test.junit.AutoTests" name="[449] /home/travis/build/icyphy/ptII/ptolemy/actor/lib/test/auto/functionClosureTest4.xml (RunModel)" time="0.012" />
  <testcase classname="ptolemy.util.test.junit.AutoTests" name="[450] /home/travis/build/icyphy/ptII/ptolemy/actor/lib/test/auto/functionClosureTest5.xml (RunModel)" time="0.01" />
  <testcase classname="ptolemy.util.test.junit.AutoTests" name="[451] /home/travis/build/icyphy/ptII/ptolemy/actor/lib/test/auto/functionClosureTest6.xml (RunModel)" time="0.007" />
  <testcase classname="ptolemy.util.test.junit.AutoTests" name="[452] /home/travis/build/icyphy/ptII/ptolemy/actor/lib/test/auto/functionsOnArcs.xml (RunModel)" time="0.01" />
  <testcase classname="ptolemy.util.test.junit.AutoTests" name="[453] /home/travis/build/icyphy/ptII/ptolemy/actor/lib/test/auto/functionsOnArcsHOF.xml (RunModel)" time="0.011" />
  <testcase classname="ptolemy.util.test.junit.AutoTests" name="[454] /home/travis/build/icyphy/ptII/ptolemy/actor/lib/test/auto/logic.xml (RunModel)" time="0.016" />
  <testcase classname="ptolemy.util.test.junit.AutoTests" name="[455] /home/travis/build/icyphy/ptII/ptolemy/actor/lib/test/auto/matrixType.xml (RunModel)" time="0.008" />
  <testcase classname="ptolemy.util.test.junit.AutoTests" name="[456] /home/travis/build/icyphy/ptII/ptolemy/actor/lib/test/auto/matrixType10.xml (RunModel)" time="0.008" />
  <testcase classname="ptolemy.util.test.junit.AutoTests" name="[457] /home/travis/build/icyphy/ptII/ptolemy/actor/lib/test/auto/matrixType11.xml (RunModel)" time="0.008" />
  <testcase classname="ptolemy.util.test.junit.AutoTests" name="[458] /home/travis/build/icyphy/ptII/ptolemy/actor/lib/test/auto/matrixType12.xml (RunModel)" time="0.011" />
  <testcase classname="ptolemy.util.test.junit.AutoTests" name="[459] /home/travis/build/icyphy/ptII/ptolemy/actor/lib/test/auto/matrixType13.xml (RunModel)" time="0.007" />
  <testcase classname="ptolemy.util.test.junit.AutoTests" name="[460] /home/travis/build/icyphy/ptII/ptolemy/actor/lib/test/auto/matrixType14.xml (RunModel)" time="0.01" />
  <testcase classname="ptolemy.util.test.junit.AutoTests" name="[461] /home/travis/build/icyphy/ptII/ptolemy/actor/lib/test/auto/matrixType2.xml (RunModel)" time="0.008" />
  <testcase classname="ptolemy.util.test.junit.AutoTests" name="[462] /home/travis/build/icyphy/ptII/ptolemy/actor/lib/test/auto/matrixType3.xml (RunModel)" time="0.009" />
  <testcase classname="ptolemy.util.test.junit.AutoTests" name="[463] /home/travis/build/icyphy/ptII/ptolemy/actor/lib/test/auto/matrixType4.xml (RunModel)" time="0.008" />
  <testcase classname="ptolemy.util.test.junit.AutoTests" name="[464] /home/travis/build/icyphy/ptII/ptolemy/actor/lib/test/auto/matrixType5.xml (RunModel)" time="0.008" />
  <testcase classname="ptolemy.util.test.junit.AutoTests" name="[465] /home/travis/build/icyphy/ptII/ptolemy/actor/lib/test/auto/matrixType6.xml (RunModel)" time="0.008" />
  <testcase classname="ptolemy.util.test.junit.AutoTests" name="[466] /home/travis/build/icyphy/ptII/ptolemy/actor/lib/test/auto/matrixType7.xml (RunModel)" time="0.01" />
  <testcase classname="ptolemy.util.test.junit.AutoTests" name="[467] /home/travis/build/icyphy/ptII/ptolemy/actor/lib/test/auto/matrixType8.xml (RunModel)" time="0.009" />
  <testcase classname="ptolemy.util.test.junit.AutoTests" name="[468] /home/travis/build/icyphy/ptII/ptolemy/actor/lib/test/auto/matrixType9.xml (RunModel)" time="0.008" />
  <testcase classname="ptolemy.util.test.junit.AutoTests" name="[469] /home/travis/build/icyphy/ptII/ptolemy/actor/lib/test/auto/paraFunctest.xml (RunModel)" time="0.007" />
  <testcase classname="ptolemy.util.test.junit.AutoTests" name="[470] /home/travis/build/icyphy/ptII/ptolemy/actor/lib/test/auto/paraFunctest2.xml (RunModel)" time="0.012" />
  <testcase classname="ptolemy.util.test.junit.AutoTests" name="[471] /home/travis/build/icyphy/ptII/ptolemy/actor/lib/test/auto/parameterPassing.xml (RunModel)" time="0.012" />
  <testcase classname="ptolemy.util.test.junit.AutoTests" name="[472] /home/travis/build/icyphy/ptII/ptolemy/actor/lib/test/auto/record.xml (RunModel)" time="0.009" />
  <testcase classname="ptolemy.util.test.junit.AutoTests" name="[473] /home/travis/build/icyphy/ptII/ptolemy/actor/lib/test/auto/sizedarray1.xml (RunModel)" time="0.01" />
  <testcase classname="ptolemy.util.test.junit.AutoTests" name="[474] /home/travis/build/icyphy/ptII/ptolemy/actor/lib/test/auto/sizedarray2.xml (RunModel)" time="0.01" />
  <testcase classname="ptolemy.util.test.junit.AutoTests" name="[475] /home/travis/build/icyphy/ptII/ptolemy/actor/lib/test/auto/twoPublishers.xml (RunModel)" time="0.021" />
  <system-out><![CDATA[/home/travis/build/icyphy/ptII/ptolemy/actor/lib/test/AbsoluteValue.tcl
testDefs.tcl: setting time out to 9000 seconds at Sun Oct 18 15:50:51 UTC 2020
87 ms. Memory: 129024K Free: 93128K (72%)
4 ms. Memory: 129024K Free: 91080K (71%)
5 ms. Memory: 129024K Free: 90056K (70%)
4 ms. Memory: 129024K Free: 89527K (69%)
/home/travis/build/icyphy/ptII/ptolemy/actor/lib/test/AddSubtract.tcl
18 ms. Memory: 129024K Free: 87494K (68%)
6 ms. Memory: 129024K Free: 86984K (67%)
5 ms. Memory: 129024K Free: 85960K (67%)
8 ms. Memory: 129024K Free: 85439K (66%)
54 ms. Memory: 129024K Free: 82374K (64%)
9 ms. Memory: 129024K Free: 81350K (63%)
/home/travis/build/icyphy/ptII/ptolemy/actor/lib/test/Average.tcl
15 ms. Memory: 129024K Free: 79816K (62%)
8 ms. Memory: 129024K Free: 78792K (61%)
/home/travis/build/icyphy/ptII/ptolemy/actor/lib/test/Bernoulli.tcl
19 ms. Memory: 129024K Free: 77239K (60%)
2 ms. Memory: 129024K Free: 76744K (59%)
/home/travis/build/icyphy/ptII/ptolemy/actor/lib/test/Clock.tcl
preinitializing
resolving types
initializing
executing number 1
wrapping up
idle
46 ms. Memory: 129024K Free: 74182K (57%)
Completed execution with 5 iterations
preinitializing
resolving types
initializing
executing number 1
wrapping up
idle
4 ms. Memory: 129024K Free: 73127K (57%)
Completed execution with 5 iterations
preinitializing
resolving types
initializing
executing number 1
wrapping up
idle
7 ms. Memory: 129024K Free: 72648K (56%)
Completed execution with 5 iterations
/home/travis/build/icyphy/ptII/ptolemy/actor/lib/test/Commutator.tcl
15 ms. Memory: 129024K Free: 70600K (55%)
14 ms. Memory: 129024K Free: 69576K (54%)
16 ms. Memory: 129024K Free: 63911K (50%)
/home/travis/build/icyphy/ptII/ptolemy/actor/lib/test/Const.tcl
3 ms. Memory: 129024K Free: 62408K (48%)
2 ms. Memory: 129024K Free: 61879K (48%)
7 ms. Memory: 129024K Free: 61384K (48%)
2 ms. Memory: 129024K Free: 60863K (47%)
2 ms. Memory: 129024K Free: 60360K (47%)
11 ms. Memory: 129024K Free: 58822K (46%)
4 ms. Memory: 129024K Free: 57288K (44%)
3 ms. Memory: 129024K Free: 56767K (44%)
/home/travis/build/icyphy/ptII/ptolemy/actor/lib/test/CurrentTime.tcl
preinitializing
resolving types
initializing
executing number 1
wrapping up
idle
7 ms. Memory: 129024K Free: 54711K (42%)
Completed execution with 11 iterations
/home/travis/build/icyphy/ptII/ptolemy/actor/lib/test/DB.tcl
5 ms. Memory: 129024K Free: 53192K (41%)
4 ms. Memory: 129024K Free: 52677K (41%)
3 ms. Memory: 129024K Free: 52168K (40%)
/home/travis/build/icyphy/ptII/ptolemy/actor/lib/test/DiscreteRandomSource.tcl
preinitializing
resolving types
initializing
executing number 1
wrapping up
idle
6 ms. Memory: 129024K Free: 50615K (39%)
Completed execution with 4 iterations
preinitializing
resolving types
initializing
executing number 1
wrapping up
idle
4 ms. Memory: 129024K Free: 50120K (39%)
Completed execution with 4 iterations
preinitializing
resolving types
initializing
executing number 1
wrapping up
idle
6 ms. Memory: 129024K Free: 49606K (38%)
Completed execution with 4 iterations
preinitializing
resolving types
initializing
executing number 1
wrapping up
idle
2 ms. Memory: 129024K Free: 49096K (38%)
Completed execution with 4 iterations
preinitializing
resolving types
initializing
executing number 1
wrapping up
idle
8 ms. Memory: 129024K Free: 48582K (38%)
Completed execution with 4 iterations
/home/travis/build/icyphy/ptII/ptolemy/actor/lib/test/Distributor.tcl
22 ms. Memory: 129024K Free: 113721K (88%)
3 ms. Memory: 129024K Free: 113013K (88%)
StreamChangeRequest.changeExecuted(): <deleteEntity name="rec2"/> succeeded
StreamChangeRequest.changeExecuted(): <deleteRelation name="r2"/> succeeded
StreamChangeRequest.changeExecuted(): Record firings per iteration succeeded
4 ms. Memory: 129024K Free: 110679K (86%)
/home/travis/build/icyphy/ptII/ptolemy/actor/lib/test/Exit.tcl
Exit.tcl: this will print a message about Manager.exitAfterWrapup, which can be ignored.
8 ms. Memory: 129024K Free: 107598K (83%)
/home/travis/build/icyphy/ptII/ptolemy/actor/lib/test/Expression.tcl
22 ms. Memory: 129024K Free: 103995K (81%)
7 ms. Memory: 129024K Free: 103495K (80%)
3 ms. Memory: 129024K Free: 102449K (79%)
preinitializing
resolving types
initializing
executing number 1
wrapping up
idle
11 ms. Memory: 129024K Free: 101433K (79%)
Completed execution with 6 iterations
7 ms. Memory: 129024K Free: 100439K (78%)
3 ms. Memory: 129024K Free: 99377K (77%)
12 ms. Memory: 129024K Free: 98361K (76%)
6 ms. Memory: 129024K Free: 97313K (75%)
7 ms. Memory: 129024K Free: 95773K (74%)
/home/travis/build/icyphy/ptII/ptolemy/actor/lib/test/Gaussian.tcl
11 ms. Memory: 129024K Free: 94273K (73%)
sleeping 1 seconds: .....................................................................................................................................................................................................................................................................................................................................................................................................................................................................................................................................................................................................................................................................................................................................................................................................................................................................................................................................................................................................................................................................................................................................................................................................................................................................................................................................................................................................................................................................................................................................................................................................................................................................................................................................................................................................................................................................................................................................................................................................................................................................................................................................................................................................................................................................................................................................................................................................................................................................................................................................................................................................................................................................................................................................................................................................................................................................................................................................................................................................................................................................................................................................................................................................................................................................................................................................................................................................................................................................................................................................................................................................................................................................................................................................................................................................................................................................................................................................................................................................................................................................................................................................................................................................................................................................................................................................................................................................................................................................................................................................................................................................................................................................................................................................................................................................................................................................................................................................................................................................................................................................................................................................................................................................................................................................................................................................................................................................................................................................................................................................................................................................................................................................................................................................................................................................................................................................................................................................................................................................................................................................................................................................................................................................................................................................................................................................................................................................................................................................................................................................................................................................................................................................................................................................................................................................................................................................................................................................................................................................................................................................................................................................................................................................................................................................................................................................................................................................................................................................................................................................................................................................................................................................................................................................................................................................................................................................................................................................................................................................................................................................................................................................................................................................................................................................................................................................................................................................................................................................................................................................................................................................................................................................................................................................................................................................................................................................................................................................................................................................................................................................................................................................................................................................................................................................................................................................................................................................................................................................................................................................................................................................................................................................................................................................................................................................................................................................................................................................................................................................................................................................2 ms. Memory: 129024K Free: 75190K (58%)
2 ms. Memory: 129024K Free: 74181K (57%)
2 ms. Memory: 129024K Free: 73671K (57%)
4 ms. Memory: 129024K Free: 113368K (88%)
1 ms. Memory: 129024K Free: 112872K (87%)
/home/travis/build/icyphy/ptII/ptolemy/actor/lib/test/IIR.tcl
/home/travis/build/icyphy/ptII/ptolemy/actor/lib/test/Interpolator.tcl
3 ms. Memory: 129024K Free: 108776K (84%)
1 ms. Memory: 129024K Free: 108248K (84%)
2 ms. Memory: 129024K Free: 107752K (84%)
1 ms. Memory: 129024K Free: 107208K (83%)
2 ms. Memory: 129024K Free: 106184K (82%)
2 ms. Memory: 129024K Free: 105704K (82%)
2 ms. Memory: 129024K Free: 104680K (81%)
2 ms. Memory: 129024K Free: 103656K (80%)
2 ms. Memory: 129024K Free: 103136K (80%)
2 ms. Memory: 129024K Free: 102112K (79%)
/home/travis/build/icyphy/ptII/ptolemy/actor/lib/test/MathFunction.tcl
5 ms. Memory: 129024K Free: 100070K (78%)
6 ms. Memory: 129024K Free: 99046K (77%)
2 ms. Memory: 129024K Free: 98008K (76%)
7 ms. Memory: 129024K Free: 96968K (75%)
10 ms. Memory: 129024K Free: 95464K (74%)
14 ms. Memory: 129024K Free: 93896K (73%)
/home/travis/build/icyphy/ptII/ptolemy/actor/lib/test/Maximum.tcl
5 ms. Memory: 129024K Free: 91864K (71%)
5 ms. Memory: 129024K Free: 91368K (71%)
2 ms. Memory: 129024K Free: 90344K (70%)
3 ms. Memory: 129024K Free: 89816K (70%)
/home/travis/build/icyphy/ptII/ptolemy/actor/lib/test/Minimum.tcl
8 ms. Memory: 129024K Free: 88296K (68%)
3 ms. Memory: 129024K Free: 87272K (68%)
2 ms. Memory: 129024K Free: 86744K (67%)
2 ms. Memory: 129024K Free: 86248K (67%)
/home/travis/build/icyphy/ptII/ptolemy/actor/lib/test/MultiplyDivide.tcl
9 ms. Memory: 129024K Free: 84200K (65%)
8 ms. Memory: 129024K Free: 83176K (64%)
3 ms. Memory: 129024K Free: 82648K (64%)
4 ms. Memory: 129024K Free: 82152K (64%)
5 ms. Memory: 129024K Free: 81128K (63%)
/home/travis/build/icyphy/ptII/ptolemy/actor/lib/test/OrderedMerge.tcl
Connections changed on port: inputA
Connections changed on port: inputB
Connections changed on port: output
Connections changed on port: output
Connections changed on port: output
Connections changed on port: input
.top. Preinitializing ...
Invoking preinitialize():  .top.OrderedMerge
Called preinitialize()
Invoking preinitialize():  .top.Ramp
Called preinitialize()
Invoking preinitialize():  .top.Ramp2
Called preinitialize()
Invoking preinitialize():  .top.Test
Called preinitialize()
Connections changed on port: inputA
Connections changed on port: output
Connections changed on port: output
Connections changed on port: input
Connections changed on port: inputB
Connections changed on port: output
.top. Finished preinitialize().
Called initialize().
Invoking initialize():  .top.OrderedMerge
Initializing actor: .top.OrderedMerge
Adding a thread: .top.OrderedMerge
Invoking initialize():  .top.Ramp
Initializing actor: .top.Ramp
Adding a thread: .top.Ramp
Invoking initialize():  .top.Ramp2
Initializing actor: .top.Ramp2
Adding a thread: .top.Ramp2
Invoking initialize():  .top.Test
Initializing actor: .top.Test
Adding a thread: .top.Test
Called fire().
Checking for deadlock:
-- Starting thread.
Called initialize()
-- Starting thread.
Called initialize()
Called prefire()
Called fire()
-- Starting thread.
Called initialize()
Called prefire()
Called prefire()
Called fire()
Called fire()
-- Starting thread.
Called initialize()
Called prefire()
Called fire()
There are 0 Blocked actors, 0 Stopped actors, and 4 active threads.
Waiting for actors to stop.
Called postfire()
Called prefire()
Called fire()
Called postfire()
Called prefire()
Called fire()
Checking for deadlock:
There are 2 Blocked actors, 0 Stopped actors, and 4 active threads.
Waiting for actors to stop.
Called postfire()
Called prefire()
Called fire()
Checking for deadlock:
There are 3 Blocked actors, 0 Stopped actors, and 4 active threads.
Waiting for actors to stop.
Read input token from inputA with value 0.0
Next port to read input from is inputB
Called postfire()
Called prefire()
Called fire()
Checking for deadlock:
There are 2 Blocked actors, 0 Stopped actors, and 4 active threads.
Waiting for actors to stop.
Called postfire()
Called prefire()
Called fire()
Checking for deadlock:
There are 3 Blocked actors, 0 Stopped actors, and 4 active threads.
Waiting for actors to stop.
Read input token from inputB with value 0.0
Checking for deadlock:
There are 2 Blocked actors, 0 Stopped actors, and 4 active threads.
Waiting for actors to stop.
Sent output token with value 0.0
-- Read input: 0.0, which is expected to match: 0.0
Called prefire()
Called fire()
Checking for deadlock:
There are 3 Blocked actors, 0 Stopped actors, and 4 active threads.
Waiting for actors to stop.
Next port to read input from is inputA
Called postfire()
Called prefire()
Called fire()
Checking for deadlock:
There are 2 Blocked actors, 0 Stopped actors, and 4 active threads.
Waiting for actors to stop.
Called postfire()
Called prefire()
Called fire()
Checking for deadlock:
There are 3 Blocked actors, 0 Stopped actors, and 4 active threads.
Waiting for actors to stop.
Read input token from inputA with value 1.0
Checking for deadlock:
There are 2 Blocked actors, 0 Stopped actors, and 4 active threads.
Waiting for actors to stop.
-- Read input: 0.0, which is expected to match: 0.0
Called prefire()
Sent output token with value 0.0
Called fire()
Checking for deadlock:
There are 3 Blocked actors, 0 Stopped actors, and 4 active threads.
Waiting for actors to stop.
Next port to read input from is inputB
Called postfire()
Called prefire()
Called fire()
Checking for deadlock:
There are 2 Blocked actors, 0 Stopped actors, and 4 active threads.
Waiting for actors to stop.
Called postfire()
Called prefire()
Called fire()
Checking for deadlock:
There are 3 Blocked actors, 0 Stopped actors, and 4 active threads.
Waiting for actors to stop.
Read input token from inputB with value 1.5
Checking for deadlock:
There are 2 Blocked actors, 0 Stopped actors, and 4 active threads.
Waiting for actors to stop.
-- Read input: 1.0, which is expected to match: 1.0
Sent output token with value 1.0
Called prefire()
Called fire()
Checking for deadlock:
There are 3 Blocked actors, 0 Stopped actors, and 4 active threads.
Waiting for actors to stop.
Next port to read input from is inputA
Called postfire()
Called prefire()
Called fire()
Checking for deadlock:
There are 2 Blocked actors, 0 Stopped actors, and 4 active threads.
Waiting for actors to stop.
Called postfire()
Called prefire()
Called fire()
Checking for deadlock:
There are 3 Blocked actors, 0 Stopped actors, and 4 active threads.
Waiting for actors to stop.
Read input token from inputA with value 2.0
Checking for deadlock:
There are 2 Blocked actors, 0 Stopped actors, and 4 active threads.
Waiting for actors to stop.
-- Read input: 1.5, which is expected to match: 1.5
Called prefire()
Called fire()
Checking for deadlock:
There are 3 Blocked actors, 0 Stopped actors, and 4 active threads.
Waiting for actors to stop.
Sent output token with value 1.5
Next port to read input from is inputB
Called postfire()
Called prefire()
Called fire()
Checking for deadlock:
There are 2 Blocked actors, 0 Stopped actors, and 4 active threads.
Waiting for actors to stop.
Called postfire()
Called prefire()
Called fire()
Checking for deadlock:
There are 3 Blocked actors, 0 Stopped actors, and 4 active threads.
Waiting for actors to stop.
Read input token from inputB with value 3.0
Checking for deadlock:
There are 2 Blocked actors, 0 Stopped actors, and 4 active threads.
Waiting for actors to stop.
-- Read input: 2.0, which is expected to match: 2.0
Called prefire()
Called fire()
Checking for deadlock:
There are 3 Blocked actors, 0 Stopped actors, and 4 active threads.
Waiting for actors to stop.
Sent output token with value 2.0
Next port to read input from is inputA
Called postfire()
Called prefire()
Called fire()
Checking for deadlock:
There are 2 Blocked actors, 0 Stopped actors, and 4 active threads.
Waiting for actors to stop.
Called postfire()
Called prefire()
Called fire()
Checking for deadlock:
There are 3 Blocked actors, 0 Stopped actors, and 4 active threads.
Waiting for actors to stop.
Read input token from inputA with value 3.0
Checking for deadlock:
There are 2 Blocked actors, 0 Stopped actors, and 4 active threads.
Waiting for actors to stop.
-- Read input: 3.0, which is expected to match: 3.0
Sent output token with value 3.0
Called prefire()
Called fire()
Next port to read input from is inputB
Called postfire()
Checking for deadlock:
There are 3 Blocked actors, 0 Stopped actors, and 4 active threads.
Waiting for actors to stop.
Called prefire()
Called fire()
Checking for deadlock:
There are 2 Blocked actors, 0 Stopped actors, and 4 active threads.
Waiting for actors to stop.
Called postfire()
Called prefire()
Called fire()
Checking for deadlock:
There are 3 Blocked actors, 0 Stopped actors, and 4 active threads.
Waiting for actors to stop.
Read input token from inputB with value 4.5
Checking for deadlock:
There are 2 Blocked actors, 0 Stopped actors, and 4 active threads.
Waiting for actors to stop.
-- Read input: 3.0, which is expected to match: 3.0
Called prefire()
Called fire()
Checking for deadlock:
There are 3 Blocked actors, 0 Stopped actors, and 4 active threads.
Waiting for actors to stop.
Sent output token with value 3.0
Next port to read input from is inputA
Called postfire()
Called prefire()
Called fire()
Checking for deadlock:
There are 2 Blocked actors, 0 Stopped actors, and 4 active threads.
Waiting for actors to stop.
Called postfire()
Called prefire()
Called fire()
Checking for deadlock:
There are 3 Blocked actors, 0 Stopped actors, and 4 active threads.
Waiting for actors to stop.
Read input token from inputA with value 4.0
Checking for deadlock:
There are 2 Blocked actors, 0 Stopped actors, and 4 active threads.
-- Read input: 4.0, which is expected to match: 4.0
Called prefire()
Called fire()
Past the end of training data. Read and discard all inputs.
Waiting for actors to stop.
Checking for deadlock:
There are 3 Blocked actors, 0 Stopped actors, and 4 active threads.
Waiting for actors to stop.
Sent output token with value 4.0
Next port to read input from is inputA
Called postfire()
Called prefire()
Called fire()
Checking for deadlock:
There are 2 Blocked actors, 0 Stopped actors, and 4 active threads.
Waiting for actors to stop.
Called postfire()
Called prefire()
Called fire()
Checking for deadlock:
There are 3 Blocked actors, 0 Stopped actors, and 4 active threads.
Waiting for actors to stop.
Read input token from inputA with value 5.0
Checking for deadlock:
There are 2 Blocked actors, 0 Stopped actors, and 4 active threads.
Waiting for actors to stop.
Called prefire()
Called fire()
Past the end of training data. Read and discard all inputs.
Checking for deadlock:
There are 3 Blocked actors, 0 Stopped actors, and 4 active threads.
Waiting for actors to stop.
Sent output token with value 4.5
Next port to read input from is inputB
Called postfire()
Called prefire()
Called fire()
Checking for deadlock:
There are 2 Blocked actors, 0 Stopped actors, and 4 active threads.
Waiting for actors to stop.
Called postfire()
Called prefire()
Called fire()
Checking for deadlock:
There are 3 Blocked actors, 0 Stopped actors, and 4 active threads.
Waiting for actors to stop.
Read input token from inputB with value 6.0
Checking for deadlock:
Called prefire()
There are 2 Blocked actors, 0 Stopped actors, and 4 active threads.
Called fire()
Waiting for actors to stop.
Past the end of training data. Read and discard all inputs.
Checking for deadlock:
There are 3 Blocked actors, 0 Stopped actors, and 4 active threads.
Waiting for actors to stop.
Sent output token with value 5.0
Next port to read input from is inputA
Called postfire()
Called prefire()
Called fire()
Checking for deadlock:
There are 2 Blocked actors, 0 Stopped actors, and 4 active threads.
Waiting for actors to stop.
Called postfire()
Called prefire()
Called fire()
Checking for deadlock:
There are 3 Blocked actors, 0 Stopped actors, and 4 active threads.
Waiting for actors to stop.
Read input token from inputA with value 6.0
Checking for deadlock:
Called prefire()
There are 2 Blocked actors, 0 Stopped actors, and 4 active threads.
Called fire()
Waiting for actors to stop.
Past the end of training data. Read and discard all inputs.
Checking for deadlock:
There are 3 Blocked actors, 0 Stopped actors, and 4 active threads.
Waiting for actors to stop.
Sent output token with value 6.0
Next port to read input from is inputB
Called postfire()
Called prefire()
Called fire()
Checking for deadlock:
There are 2 Blocked actors, 0 Stopped actors, and 4 active threads.
Waiting for actors to stop.
Called postfire()
Called prefire()
Called fire()
Checking for deadlock:
There are 3 Blocked actors, 0 Stopped actors, and 4 active threads.
Waiting for actors to stop.
Read input token from inputB with value 7.5
Checking for deadlock:
Called prefire()
There are 2 Blocked actors, 0 Stopped actors, and 4 active threads.
Waiting for actors to stop.
Called fire()
Past the end of training data. Read and discard all inputs.
Checking for deadlock:
There are 3 Blocked actors, 0 Stopped actors, and 4 active threads.
Waiting for actors to stop.
Sent output token with value 6.0
Next port to read input from is inputA
Called postfire()
Called prefire()
Called fire()
Checking for deadlock:
There are 2 Blocked actors, 0 Stopped actors, and 4 active threads.
Waiting for actors to stop.
Called postfire()
Called prefire()
Called fire()
Checking for deadlock:
There are 3 Blocked actors, 0 Stopped actors, and 4 active threads.
Waiting for actors to stop.
Read input token from inputA with value 7.0
Checking for deadlock:
There are 2 Blocked actors, 0 Stopped actors, and 4 active threads.
Waiting for actors to stop.
Called prefire()
Called fire()
Sent output token with value 7.0
Past the end of training data. Read and discard all inputs.
Next port to read input from is inputA
Checking for deadlock:
There are 3 Blocked actors, 0 Stopped actors, and 4 active threads.
Waiting for actors to stop.
Called postfire()
Called prefire()
Called fire()
Read input token from inputA with value 8.0
Checking for deadlock:
There are 2 Blocked actors, 0 Stopped actors, and 4 active threads.
Waiting for actors to stop.
-- Thread wrapup() called.
Called wrapup()
Thread .top.Ramp is exiting.
-- Thread stopped.
Checking for deadlock:
There are 1 Blocked actors, 0 Stopped actors, and 3 active threads.
Waiting for actors to stop.
Called prefire()
Called fire()
Past the end of training data. Read and discard all inputs.
Checking for deadlock:
There are 2 Blocked actors, 0 Stopped actors, and 3 active threads.
Waiting for actors to stop.
Sent output token with value 7.5
Next port to read input from is inputB
Called postfire()
Called prefire()
Called fire()
Called postfire()
Called prefire()
Called fire()
Checking for deadlock:
There are 2 Blocked actors, 0 Stopped actors, and 3 active threads.
Waiting for actors to stop.
Read input token from inputB with value 9.0
Checking for deadlock:
There are 1 Blocked actors, 0 Stopped actors, and 3 active threads.
Waiting for actors to stop.
Called prefire()
Sent output token with value 8.0
Called fire()
Past the end of training data. Read and discard all inputs.
Next port to read input from is inputA
Checking for deadlock:
There are 2 Blocked actors, 0 Stopped actors, and 3 active threads.
Waiting for actors to stop.
Called postfire()
Called prefire()
Called fire()
Read input token from inputA with value 9.0
Checking for deadlock:
Called prefire()
Called fire()
There are 1 Blocked actors, 0 Stopped actors, and 3 active threads.
Waiting for actors to stop.
Past the end of training data. Read and discard all inputs.
Checking for deadlock:
There are 2 Blocked actors, 0 Stopped actors, and 3 active threads.
Waiting for actors to stop.
Sent output token with value 9.0
Next port to read input from is inputB
Called postfire()
Called prefire()
Called fire()
Called postfire()
Called prefire()
Called fire()
Checking for deadlock:
There are 2 Blocked actors, 0 Stopped actors, and 3 active threads.
Waiting for actors to stop.
Read input token from inputB with value 10.5
Checking for deadlock:
There are 1 Blocked actors, 0 Stopped actors, and 3 active threads.
Waiting for actors to stop.
Called prefire()
Called fire()
Past the end of training data. Read and discard all inputs.
Checking for deadlock:
There are 2 Blocked actors, 0 Stopped actors, and 3 active threads.
Waiting for actors to stop.
Sent output token with value 9.0
Next port to read input from is inputA
Called postfire()
Called prefire()
Called fire()
Checking for deadlock:
There are 3 Blocked actors, 0 Stopped actors, and 3 active threads.
Actors have stopped.
Checking for deadlock:
There are 3 Blocked actors, 0 Stopped actors, and 3 active threads.
Deadlock detected.
Resolving Deadlock
Checking for deadlock:
There are 3 Blocked actors, 0 Stopped actors, and 3 active threads.
Artificial Deadlock - increasing queue capacity.
increasing the capacity of receiver ptolemy.actor.TypedIOPort {.top.OrderedMerge.inputB} to 2
Director: Called postfire().
Called postfire().
_stopRequested = false
_stopFireRequested = false
Returning from postfire(): true
Called fire().
Checking for deadlock:
There are 2 Blocked actors, 0 Stopped actors, and 3 active threads.
Waiting for actors to stop.
-- Thread wrapup() called.
Called wrapup()
Thread .top.Ramp2 is exiting.
-- Thread stopped.
Checking for deadlock:
There are 2 Blocked actors, 0 Stopped actors, and 2 active threads.
Actors have stopped.
Checking for deadlock:
There are 2 Blocked actors, 0 Stopped actors, and 2 active threads.
Deadlock detected.
Resolving Deadlock
Checking for deadlock:
There are 2 Blocked actors, 0 Stopped actors, and 2 active threads.
Deadlock detected: no processes blocked on write, but some are blocked on read.
Called postfire().
_stopRequested = false
_stopFireRequested = false
Returning from postfire(): false
Finished deactivating branches.
Called wrapup().
-- Thread wrapup() called.
-- Thread wrapup() called.
Called wrapup()
Called wrapup()
Thread .top.OrderedMerge is exiting.
-- Thread stopped.
-- Blocked Receiver call threw TerminateProcessException.
Thread .top.Test is exiting.
-- Thread stopped.
-- Blocked Receiver call threw TerminateProcessException.
73 ms. Memory: 129024K Free: 76006K (59%)
.top. Preinitializing ...
Invoking preinitialize():  .top.OrderedMerge
Called preinitialize()
Invoking preinitialize():  .top.Ramp
Called preinitialize()
Invoking preinitialize():  .top.Ramp2
Called preinitialize()
Invoking preinitialize():  .top.Test
Called preinitialize()
.top. Finished preinitialize().
Called initialize().
Invoking initialize():  .top.OrderedMerge
Initializing actor: .top.OrderedMerge
Adding a thread: .top.OrderedMerge
Invoking initialize():  .top.Ramp
Initializing actor: .top.Ramp
Adding a thread: .top.Ramp
Invoking initialize():  .top.Ramp2
Initializing actor: .top.Ramp2
Adding a thread: .top.Ramp2
Invoking initialize():  .top.Test
Initializing actor: .top.Test
Adding a thread: .top.Test
-- Starting thread.
Called initialize()
Called prefire()
Called fire()
-- Starting thread.
Called initialize()
Called prefire()
Called fire()
Called postfire()
Called prefire()
Called fire()
-- Starting thread.
Called initialize()
Called prefire()
Called fire()
Called postfire()
Called prefire()
Called fire()
Called fire().
Checking for deadlock:
There are 3 Blocked actors, 0 Stopped actors, and 4 active threads.
Waiting for actors to stop.
-- Starting thread.
Called initialize()
Called prefire()
Called fire()
Checking for deadlock:
There are 2 Blocked actors, 0 Stopped actors, and 4 active threads.
Waiting for actors to stop.
Called postfire()
Called prefire()
Called fire()
Checking for deadlock:
There are 3 Blocked actors, 0 Stopped actors, and 4 active threads.
Waiting for actors to stop.
Read input token from inputA with value 0.0
Next port to read input from is inputB
Called postfire()
Called prefire()
Called fire()
Checking for deadlock:
There are 2 Blocked actors, 0 Stopped actors, and 4 active threads.
Waiting for actors to stop.
Called postfire()
Called prefire()
Called fire()
Checking for deadlock:
There are 3 Blocked actors, 0 Stopped actors, and 4 active threads.
Waiting for actors to stop.
Read input token from inputB with value 0.0
-- Read input: 0.0, which is expected to match: 0.0
Called prefire()
Called fire()
Checking for deadlock:
There are 3 Blocked actors, 0 Stopped actors, and 4 active threads.
Waiting for actors to stop.
Sent output token with value 0.0
Next port to read input from is inputA
Called postfire()
Called prefire()
Called fire()
Called postfire()
Called prefire()
Called fire()
Checking for deadlock:
There are 3 Blocked actors, 0 Stopped actors, and 4 active threads.
Waiting for actors to stop.
Read input token from inputA with value 1.0
-- Read input: 0.0, which is expected to match: 0.0
Called prefire()
Called fire()
Checking for deadlock:
There are 3 Blocked actors, 0 Stopped actors, and 4 active threads.
Waiting for actors to stop.
Sent output token with value 0.0
Next port to read input from is inputB
Called postfire()
Called prefire()
Called fire()
Called postfire()
Called prefire()
Called fire()
Checking for deadlock:
There are 3 Blocked actors, 0 Stopped actors, and 4 active threads.
Waiting for actors to stop.
Read input token from inputB with value 1.5
-- Read input: 1.0, which is expected to match: 1.0
Called prefire()
Called fire()
Checking for deadlock:
There are 3 Blocked actors, 0 Stopped actors, and 4 active threads.
Waiting for actors to stop.
Sent output token with value 1.0
Next port to read input from is inputA
Called postfire()
Called prefire()
Called fire()
Called postfire()
Called prefire()
Called fire()
Checking for deadlock:
There are 3 Blocked actors, 0 Stopped actors, and 4 active threads.
Waiting for actors to stop.
Read input token from inputA with value 2.0
-- Read input: 1.5, which is expected to match: 1.5
Called prefire()
Called fire()
Checking for deadlock:
There are 3 Blocked actors, 0 Stopped actors, and 4 active threads.
Waiting for actors to stop.
Sent output token with value 1.5
Next port to read input from is inputB
Called postfire()
Called prefire()
Called fire()
Called postfire()
Called prefire()
Called fire()
Checking for deadlock:
There are 3 Blocked actors, 0 Stopped actors, and 4 active threads.
Waiting for actors to stop.
Read input token from inputB with value 3.0
-- Read input: 2.0, which is expected to match: 2.0
Called prefire()
Called fire()
Checking for deadlock:
There are 3 Blocked actors, 0 Stopped actors, and 4 active threads.
Waiting for actors to stop.
Sent output token with value 2.0
Next port to read input from is inputA
Called postfire()
Called prefire()
Called fire()
Called postfire()
Called prefire()
Called fire()
Checking for deadlock:
There are 3 Blocked actors, 0 Stopped actors, and 4 active threads.
Waiting for actors to stop.
Read input token from inputA with value 3.0
-- Read input: 3.0, which is expected to match: 3.0
Called prefire()
Called fire()
Checking for deadlock:
There are 3 Blocked actors, 0 Stopped actors, and 4 active threads.
Waiting for actors to stop.
Sent output token with value 3.0
Next port to read input from is inputB
Called postfire()
Called prefire()
Called fire()
Called postfire()
Called prefire()
Called fire()
Checking for deadlock:
There are 3 Blocked actors, 0 Stopped actors, and 4 active threads.
Waiting for actors to stop.
Read input token from inputB with value 4.5
-- Read input: 3.0, which is expected to match: 3.0
Called prefire()
Called fire()
Checking for deadlock:
There are 3 Blocked actors, 0 Stopped actors, and 4 active threads.
Waiting for actors to stop.
Sent output token with value 3.0
Next port to read input from is inputA
Called postfire()
Called prefire()
Called fire()
Called postfire()
Called prefire()
Called fire()
Checking for deadlock:
There are 3 Blocked actors, 0 Stopped actors, and 4 active threads.
Waiting for actors to stop.
Read input token from inputA with value 4.0
-- Read input: 4.0, which is expected to match: 4.0
Called prefire()
Called fire()
Past the end of training data. Read and discard all inputs.
Checking for deadlock:
There are 3 Blocked actors, 0 Stopped actors, and 4 active threads.
Waiting for actors to stop.
Sent output token with value 4.0
Next port to read input from is inputA
Called postfire()
Called prefire()
Called fire()
Called postfire()
Called prefire()
Called fire()
Checking for deadlock:
There are 3 Blocked actors, 0 Stopped actors, and 4 active threads.
Waiting for actors to stop.
Read input token from inputA with value 5.0
Called prefire()
Called fire()
Past the end of training data. Read and discard all inputs.
Checking for deadlock:
There are 3 Blocked actors, 0 Stopped actors, and 4 active threads.
Waiting for actors to stop.
Sent output token with value 4.5
Next port to read input from is inputB
Called postfire()
Called prefire()
Called fire()
Called postfire()
Called prefire()
Called fire()
Checking for deadlock:
There are 3 Blocked actors, 0 Stopped actors, and 4 active threads.
Waiting for actors to stop.
Read input token from inputB with value 6.0
Called prefire()
Called fire()
Past the end of training data. Read and discard all inputs.
Checking for deadlock:
There are 3 Blocked actors, 0 Stopped actors, and 4 active threads.
Waiting for actors to stop.
Sent output token with value 5.0
Next port to read input from is inputA
Called postfire()
Called prefire()
Called fire()
Called postfire()
Called prefire()
Called fire()
Checking for deadlock:
There are 3 Blocked actors, 0 Stopped actors, and 4 active threads.
Waiting for actors to stop.
Read input token from inputA with value 6.0
Called prefire()
Called fire()
Past the end of training data. Read and discard all inputs.
Checking for deadlock:
There are 3 Blocked actors, 0 Stopped actors, and 4 active threads.
Waiting for actors to stop.
Sent output token with value 6.0
Next port to read input from is inputB
Called postfire()
Called prefire()
Called fire()
Called postfire()
Called prefire()
Called fire()
Checking for deadlock:
There are 3 Blocked actors, 0 Stopped actors, and 4 active threads.
Waiting for actors to stop.
Read input token from inputB with value 7.5
Called prefire()
Called fire()
Past the end of training data. Read and discard all inputs.
Checking for deadlock:
There are 3 Blocked actors, 0 Stopped actors, and 4 active threads.
Waiting for actors to stop.
Sent output token with value 6.0
Next port to read input from is inputA
Called postfire()
Called prefire()
Called fire()
Checking for deadlock:
There are 2 Blocked actors, 0 Stopped actors, and 4 active threads.
Waiting for actors to stop.
Called postfire()
Called prefire()
Called fire()
Checking for deadlock:
There are 3 Blocked actors, 0 Stopped actors, and 4 active threads.
Waiting for actors to stop.
Read input token from inputA with value 7.0
Checking for deadlock:
There are 2 Blocked actors, 0 Stopped actors, and 4 active threads.
Waiting for actors to stop.
Called prefire()
Called fire()
Past the end of training data. Read and discard all inputs.
Checking for deadlock:
There are 3 Blocked actors, 0 Stopped actors, and 4 active threads.
Waiting for actors to stop.
Sent output token with value 7.0
Next port to read input from is inputA
Called postfire()
Called prefire()
Called fire()
Checking for deadlock:
There are 2 Blocked actors, 0 Stopped actors, and 4 active threads.
Waiting for actors to stop.
-- Thread wrapup() called.
Called wrapup()
Thread .top.Ramp is exiting.
-- Thread stopped.
Checking for deadlock:
There are 2 Blocked actors, 0 Stopped actors, and 3 active threads.
Waiting for actors to stop.
Read input token from inputA with value 8.0
Called prefire()
Called fire()
Past the end of training data. Read and discard all inputs.
Checking for deadlock:
There are 2 Blocked actors, 0 Stopped actors, and 3 active threads.
Waiting for actors to stop.
Sent output token with value 7.5
Next port to read input from is inputB
Called postfire()
Called prefire()
Called fire()
Checking for deadlock:
There are 1 Blocked actors, 0 Stopped actors, and 3 active threads.
Waiting for actors to stop.
Called postfire()
Called prefire()
Called fire()
Checking for deadlock:
There are 2 Blocked actors, 0 Stopped actors, and 3 active threads.
Waiting for actors to stop.
Read input token from inputB with value 9.0
Checking for deadlock:
There are 1 Blocked actors, 0 Stopped actors, and 3 active threads.
Waiting for actors to stop.
Called prefire()
Called fire()
Past the end of training data. Read and discard all inputs.
Checking for deadlock:
There are 2 Blocked actors, 0 Stopped actors, and 3 active threads.
Waiting for actors to stop.
Sent output token with value 8.0
Next port to read input from is inputA
Called postfire()
Called prefire()
Called fire()
Read input token from inputA with value 9.0
Called prefire()
Called fire()
Past the end of training data. Read and discard all inputs.
Checking for deadlock:
There are 2 Blocked actors, 0 Stopped actors, and 3 active threads.
Waiting for actors to stop.
Sent output token with value 9.0
Next port to read input from is inputB
Called postfire()
Called prefire()
Called fire()
Called postfire()
Called prefire()
Called fire()
Checking for deadlock:
There are 2 Blocked actors, 0 Stopped actors, and 3 active threads.
Waiting for actors to stop.
Read input token from inputB with value 10.5
Called prefire()
Called fire()
Past the end of training data. Read and discard all inputs.
Checking for deadlock:
There are 2 Blocked actors, 0 Stopped actors, and 3 active threads.
Waiting for actors to stop.
Sent output token with value 9.0
Next port to read input from is inputA
Called postfire()
Called prefire()
Called fire()
Checking for deadlock:
There are 3 Blocked actors, 0 Stopped actors, and 3 active threads.
Actors have stopped.
Checking for deadlock:
There are 3 Blocked actors, 0 Stopped actors, and 3 active threads.
Deadlock detected.
Resolving Deadlock
Checking for deadlock:
There are 3 Blocked actors, 0 Stopped actors, and 3 active threads.
Artificial Deadlock - increasing queue capacity.
increasing the capacity of receiver ptolemy.actor.TypedIOPort {.top.OrderedMerge.inputB} to 2
Director: Called postfire().
Called postfire().
_stopRequested = false
_stopFireRequested = false
Returning from postfire(): true
Called fire().
Checking for deadlock:
There are 2 Blocked actors, 0 Stopped actors, and 3 active threads.
Waiting for actors to stop.
-- Thread wrapup() called.
Called wrapup()
Thread .top.Ramp2 is exiting.
-- Thread stopped.
Checking for deadlock:
There are 2 Blocked actors, 0 Stopped actors, and 2 active threads.
Actors have stopped.
Checking for deadlock:
There are 2 Blocked actors, 0 Stopped actors, and 2 active threads.
Deadlock detected.
Resolving Deadlock
Checking for deadlock:
There are 2 Blocked actors, 0 Stopped actors, and 2 active threads.
Deadlock detected: no processes blocked on write, but some are blocked on read.
Called postfire().
_stopRequested = false
_stopFireRequested = false
Returning from postfire(): false
Finished deactivating branches.
Called wrapup().
-- Thread wrapup() called.
Called wrapup()
-- Thread wrapup() called.
Called wrapup()
Thread .top.Test is exiting.
-- Thread stopped.
-- Blocked Receiver call threw TerminateProcessException.
Thread .top.OrderedMerge is exiting.
40 ms. Memory: 129024K Free: 73960K (57%)
/home/travis/build/icyphy/ptII/ptolemy/actor/lib/test/Publisher.tcl
-- Thread stopped.
-- Blocked Receiver call threw TerminateProcessException.
17 ms. Memory: 129024K Free: 67816K (53%)
5 ms. Memory: 129024K Free: 110087K (85%)
6 ms. Memory: 129024K Free: 106505K (83%)
7 ms. Memory: 129024K Free: 105481K (82%)
4 ms. Memory: 129024K Free: 104961K (81%)
11 ms. Memory: 129024K Free: 103929K (81%)
2 ms. Memory: 129024K Free: 102905K (80%)
8 ms. Memory: 129024K Free: 102409K (79%)
15 ms. Memory: 129024K Free: 102343K (79%)
3 ms. Memory: 129024K Free: 98742K (77%)
2 ms. Memory: 129024K Free: 98247K (76%)
4 ms. Memory: 129024K Free: 95670K (74%)
17 ms. Memory: 129024K Free: 88007K (68%)
13 ms. Memory: 129024K Free: 78791K (61%)
18 ms. Memory: 129024K Free: 67527K (52%)
/home/travis/build/icyphy/ptII/ptolemy/actor/lib/test/Pulse.tcl
4 ms. Memory: 129024K Free: 80119K (62%)
4 ms. Memory: 129024K Free: 79605K (62%)
1 ms. Memory: 129024K Free: 79095K (61%)
2 ms. Memory: 129024K Free: 78551K (61%)
11 ms. Memory: 129024K Free: 78071K (61%)
8 ms. Memory: 129024K Free: 76533K (59%)
6 ms. Memory: 129024K Free: 76023K (59%)
4 ms. Memory: 129024K Free: 74999K (58%)
2 ms. Memory: 129024K Free: 74485K (58%)
/home/travis/build/icyphy/ptII/ptolemy/actor/lib/test/Ramp.tcl
6 ms. Memory: 129024K Free: 72431K (56%)
2 ms. Memory: 129024K Free: 71927K (56%)
4 ms. Memory: 129024K Free: 70903K (55%)
2 ms. Memory: 129024K Free: 70375K (55%)
5 ms. Memory: 129024K Free: 69365K (54%)
9 ms. Memory: 129024K Free: 68327K (53%)
5 ms. Memory: 129024K Free: 67317K (52%)
5 actors
5000 microseconds per iteration to create
10 ms. Memory: 129024K Free: 64759K (50%)
2 ms. Memory: 129024K Free: 64215K (50%)
5 ms. Memory: 129024K Free: 63735K (49%)
2 ms. Memory: 129024K Free: 63191K (49%)
50 actors
36000 microseconds per iteration to create
40 ms. Memory: 155648K Free: 128249K (82%)
5 ms. Memory: 155648K Free: 127225K (82%)
5 ms. Memory: 155648K Free: 126201K (81%)
5 ms. Memory: 155648K Free: 125177K (80%)
500 actors
1443000 microseconds per iteration to create
267 ms. Memory: 155648K Free: 102288K (66%)
32 ms. Memory: 155648K Free: 97168K (62%)
31 ms. Memory: 155648K Free: 91538K (59%)
34 ms. Memory: 155648K Free: 86418K (56%)
/home/travis/build/icyphy/ptII/ptolemy/actor/lib/test/RampContinuous.tcl
6 ms. Memory: 155648K Free: 84865K (55%)
/home/travis/build/icyphy/ptII/ptolemy/actor/lib/test/RecordAssembler.tcl
4 ms. Memory: 155648K Free: 83346K (54%)
2 ms. Memory: 155648K Free: 82322K (53%)
/home/travis/build/icyphy/ptII/ptolemy/actor/lib/test/RecordDisassembler.tcl
6 ms. Memory: 155648K Free: 80777K (52%)
3 ms. Memory: 155648K Free: 79760K (51%)
3 ms. Memory: 155648K Free: 78736K (51%)
/home/travis/build/icyphy/ptII/ptolemy/actor/lib/test/Scale.tcl
3 ms. Memory: 155648K Free: 77202K (50%)
2 ms. Memory: 155648K Free: 76178K (49%)
1 ms. Memory: 155648K Free: 75649K (49%)
2 ms. Memory: 155648K Free: 74625K (48%)
2 ms. Memory: 155648K Free: 73585K (47%)
/home/travis/build/icyphy/ptII/ptolemy/actor/lib/test/SequentialClock.tcl
preinitializing
resolving types
initializing
executing number 1
wrapping up
idle
3 ms. Memory: 155648K Free: 72577K (47%)
Completed execution with 5 iterations
preinitializing
resolving types
initializing
executing number 1
wrapping up
idle
1 ms. Memory: 155648K Free: 72082K (46%)
Completed execution with 5 iterations
preinitializing
resolving types
initializing
executing number 1
wrapping up
idle
1 ms. Memory: 155648K Free: 71568K (46%)
Completed execution with 5 iterations
/home/travis/build/icyphy/ptII/ptolemy/actor/lib/test/SetVariable.tcl
4 ms. Memory: 155648K Free: 69505K (45%)
/home/travis/build/icyphy/ptII/ptolemy/actor/lib/test/Sinewave.tcl
/home/travis/build/icyphy/ptII/ptolemy/actor/lib/test/SubscriptionAggregator.tcl
22 ms. Memory: 155648K Free: 131646K (85%)
3 ms. Memory: 155648K Free: 130637K (84%)
1 ms. Memory: 155648K Free: 130637K (84%)
1 ms. Memory: 155648K Free: 130127K (84%)
2 ms. Memory: 155648K Free: 126541K (81%)
9 ms. Memory: 155648K Free: 123983K (80%)
...............................................................1018 ms. Memory: 269312K Free: 190275K (71%)
/home/travis/build/icyphy/ptII/ptolemy/actor/lib/test/Test.tcl
 The next command will produce a warning about training mode,
   which may be ignored.
19 ms. Memory: 269312K Free: 188227K (70%)
4 ms. Memory: 269312K Free: 187717K (70%)
2 ms. Memory: 269312K Free: 187197K (70%)
2 ms. Memory: 269312K Free: 186149K (69%)
2 ms. Memory: 269312K Free: 185669K (69%)
3 ms. Memory: 269312K Free: 184645K (69%)
4 ms. Memory: 269312K Free: 183101K (68%)
 The next command will produce a warning about training mode,
   which may be ignored.
5 ms. Memory: 269312K Free: 181053K (67%)
 The next command will produce a warning about training mode,
   which may be ignored.
3 ms. Memory: 269312K Free: 179525K (67%)
1 ms. Memory: 269312K Free: 179525K (67%)
1 ms. Memory: 269312K Free: 179011K (66%)
3 ms. Memory: 269312K Free: 178501K (66%)
8 ms. Memory: 269312K Free: 177477K (66%)
5 ms. Memory: 269312K Free: 173381K (64%)
/home/travis/build/icyphy/ptII/ptolemy/actor/lib/test/TestExceptionHandler.tcl
 The next command will produce a warning about training mode,
   which may be ignored.
3 ms. Memory: 269312K Free: 172357K (64%)
1 ms. Memory: 269312K Free: 171843K (64%)
1 ms. Memory: 269312K Free: 171333K (64%)
/home/travis/build/icyphy/ptII/ptolemy/actor/lib/test/UnionDisassembler.tcl
23 ms. Memory: 269312K Free: 163651K (61%)
/home/travis/build/icyphy/ptII/ptolemy/actor/lib/test/VariableClock.tcl
preinitializing
resolving types
initializing
executing number 1
wrapping up
idle
4 ms. Memory: 269312K Free: 162117K (60%)
Completed execution with 11 iterations
preinitializing
resolving types
initializing
executing number 1
wrapping up
idle
3 ms. Memory: 269312K Free: 160579K (60%)
Completed execution with 10 iterations
10/18/20 03:50:58
Failed: 0  Total Tests: 233  ((Passed: 233, Newly Passed: 0)  Known Failed: 0) /home/travis/build/icyphy/ptII/ptolemy/actor/lib/test
----------------- testing (KnownFailure) /home/travis/build/icyphy/ptII/ptolemy/actor/lib/test/auto/knownFailedTests/PublisherPortToplevelSubscriber.xml
1 ms. Memory: 269312K Free: 156997K (58%)
Known Failure: java.lang.reflect.InvocationTargetException
----------------- testing (KnownFailure) /home/travis/build/icyphy/ptII/ptolemy/actor/lib/test/auto/knownFailedTests/PublisherSubscriberPortToplevel.xml
0 ms. Memory: 269312K Free: 153411K (57%)
Known Failure: java.lang.reflect.InvocationTargetException
----------------- testing (KnownFailure) /home/travis/build/icyphy/ptII/ptolemy/actor/lib/test/auto/knownFailedTests/PublisherSubscriptionAggregatorPort.xml
1 ms. Memory: 269312K Free: 148805K (55%)
Known Failure: java.lang.reflect.InvocationTargetException
----------------- testing (KnownFailure) /home/travis/build/icyphy/ptII/ptolemy/actor/lib/test/auto/knownFailedTests/sizedarray3.xml
7 ms. Memory: 269312K Free: 144709K (54%)
Known Failure: java.lang.reflect.InvocationTargetException
No auto/linux-amd64/*.xml tests in /home/travis/build/icyphy/ptII/ptolemy/actor/lib/test
AutoTests.java: About to close Vertx.
AutoTests.java: Vertx closed.

===========================================================================================
----------------- testing Sun Oct 18 15:50:59 UTC 2020 /home/travis/build/icyphy/ptII/ptolemy/actor/lib/test/auto/AbsoluteValue.xml
----------------- Instantiating /home/travis/build/icyphy/ptII/ptolemy/actor/lib/test/auto/AbsoluteValue.xml
13 ms. Memory: 269312K Free: 121667K (45%)
----------------- Invoking toplevel() on ptolemy.moml.MoMLSimpleApplication@712cf2c0
----------------- Done invoking toplevel() on ptolemy.moml.MoMLSimpleApplication@712cf2c0
reloadAllAccessors: .AbsoluteValue

===========================================================================================
----------------- testing Sun Oct 18 15:50:59 UTC 2020 /home/travis/build/icyphy/ptII/ptolemy/actor/lib/test/auto/AbsoluteValue2.xml
----------------- Instantiating /home/travis/build/icyphy/ptII/ptolemy/actor/lib/test/auto/AbsoluteValue2.xml
5 ms. Memory: 269312K Free: 114499K (43%)
----------------- Invoking toplevel() on ptolemy.moml.MoMLSimpleApplication@6f9f6caf
----------------- Done invoking toplevel() on ptolemy.moml.MoMLSimpleApplication@6f9f6caf
reloadAllAccessors: .AbsoluteValue2

===========================================================================================
----------------- testing Sun Oct 18 15:50:59 UTC 2020 /home/travis/build/icyphy/ptII/ptolemy/actor/lib/test/auto/Accumulator.xml
----------------- Instantiating /home/travis/build/icyphy/ptII/ptolemy/actor/lib/test/auto/Accumulator.xml
6 ms. Memory: 269312K Free: 108355K (40%)
----------------- Invoking toplevel() on ptolemy.moml.MoMLSimpleApplication@4044401f
----------------- Done invoking toplevel() on ptolemy.moml.MoMLSimpleApplication@4044401f
reloadAllAccessors: .Accumulator

===========================================================================================
----------------- testing Sun Oct 18 15:50:59 UTC 2020 /home/travis/build/icyphy/ptII/ptolemy/actor/lib/test/auto/Accumulator2.xml
----------------- Instantiating /home/travis/build/icyphy/ptII/ptolemy/actor/lib/test/auto/Accumulator2.xml
4 ms. Memory: 269312K Free: 102725K (38%)
----------------- Invoking toplevel() on ptolemy.moml.MoMLSimpleApplication@1714ee2d
----------------- Done invoking toplevel() on ptolemy.moml.MoMLSimpleApplication@1714ee2d
reloadAllAccessors: .Accumulator2

===========================================================================================
----------------- testing Sun Oct 18 15:50:59 UTC 2020 /home/travis/build/icyphy/ptII/ptolemy/actor/lib/test/auto/Accumulator3.xml
----------------- Instantiating /home/travis/build/icyphy/ptII/ptolemy/actor/lib/test/auto/Accumulator3.xml
4 ms. Memory: 269312K Free: 98629K (37%)
----------------- Invoking toplevel() on ptolemy.moml.MoMLSimpleApplication@5a5ac581
----------------- Done invoking toplevel() on ptolemy.moml.MoMLSimpleApplication@5a5ac581
reloadAllAccessors: .Accumulator3

===========================================================================================
----------------- testing Sun Oct 18 15:50:59 UTC 2020 /home/travis/build/icyphy/ptII/ptolemy/actor/lib/test/auto/ArrayAppend.xml
----------------- Instantiating /home/travis/build/icyphy/ptII/ptolemy/actor/lib/test/auto/ArrayAppend.xml
4 ms. Memory: 269312K Free: 212581K (79%)
----------------- Invoking toplevel() on ptolemy.moml.MoMLSimpleApplication@1d2bdce3
----------------- Done invoking toplevel() on ptolemy.moml.MoMLSimpleApplication@1d2bdce3
reloadAllAccessors: .ArrayAppend

===========================================================================================
----------------- testing Sun Oct 18 15:50:59 UTC 2020 /home/travis/build/icyphy/ptII/ptolemy/actor/lib/test/auto/ArrayAppend2.xml
----------------- Instantiating /home/travis/build/icyphy/ptII/ptolemy/actor/lib/test/auto/ArrayAppend2.xml
289 ms. Memory: 269312K Free: 138339K (51%)
----------------- Invoking toplevel() on ptolemy.moml.MoMLSimpleApplication@3f87efaf
----------------- Done invoking toplevel() on ptolemy.moml.MoMLSimpleApplication@3f87efaf
reloadAllAccessors: .ArrayAppend2

===========================================================================================
----------------- testing Sun Oct 18 15:51:00 UTC 2020 /home/travis/build/icyphy/ptII/ptolemy/actor/lib/test/auto/ArrayAppend3.xml
----------------- Instantiating /home/travis/build/icyphy/ptII/ptolemy/actor/lib/test/auto/ArrayAppend3.xml
3 ms. Memory: 269312K Free: 133219K (49%)
----------------- Invoking toplevel() on ptolemy.moml.MoMLSimpleApplication@4b30ae74
----------------- Done invoking toplevel() on ptolemy.moml.MoMLSimpleApplication@4b30ae74
reloadAllAccessors: .ArrayAppend3

===========================================================================================
----------------- testing Sun Oct 18 15:51:00 UTC 2020 /home/travis/build/icyphy/ptII/ptolemy/actor/lib/test/auto/ArrayAppend4.xml
----------------- Instantiating /home/travis/build/icyphy/ptII/ptolemy/actor/lib/test/auto/ArrayAppend4.xml
3 ms. Memory: 269312K Free: 128099K (48%)
----------------- Invoking toplevel() on ptolemy.moml.MoMLSimpleApplication@78f04aa4
----------------- Done invoking toplevel() on ptolemy.moml.MoMLSimpleApplication@78f04aa4
reloadAllAccessors: .ArrayAppend4

===========================================================================================
----------------- testing Sun Oct 18 15:51:00 UTC 2020 /home/travis/build/icyphy/ptII/ptolemy/actor/lib/test/auto/ArrayAppend5.xml
----------------- Instantiating /home/travis/build/icyphy/ptII/ptolemy/actor/lib/test/auto/ArrayAppend5.xml
2 ms. Memory: 269312K Free: 122979K (46%)
----------------- Invoking toplevel() on ptolemy.moml.MoMLSimpleApplication@367e9ba3
----------------- Done invoking toplevel() on ptolemy.moml.MoMLSimpleApplication@367e9ba3
reloadAllAccessors: .ArrayAppend5

===========================================================================================
----------------- testing Sun Oct 18 15:51:00 UTC 2020 /home/travis/build/icyphy/ptII/ptolemy/actor/lib/test/auto/ArrayAppend6.xml
----------------- Instantiating /home/travis/build/icyphy/ptII/ptolemy/actor/lib/test/auto/ArrayAppend6.xml
1 ms. Memory: 269312K Free: 117349K (44%)
----------------- Invoking toplevel() on ptolemy.moml.MoMLSimpleApplication@4b8a423a
----------------- Done invoking toplevel() on ptolemy.moml.MoMLSimpleApplication@4b8a423a
reloadAllAccessors: .ArrayAppend6

===========================================================================================
----------------- testing Sun Oct 18 15:51:00 UTC 2020 /home/travis/build/icyphy/ptII/ptolemy/actor/lib/test/auto/ArrayAppendPerformanceTest.xml
----------------- Instantiating /home/travis/build/icyphy/ptII/ptolemy/actor/lib/test/auto/ArrayAppendPerformanceTest.xml
28 ms. Memory: 269312K Free: 106595K (40%)
----------------- Invoking toplevel() on ptolemy.moml.MoMLSimpleApplication@e9dc71c
----------------- Done invoking toplevel() on ptolemy.moml.MoMLSimpleApplication@e9dc71c
reloadAllAccessors: .ArrayAppendPerformanceTest

===========================================================================================
----------------- testing Sun Oct 18 15:51:00 UTC 2020 /home/travis/build/icyphy/ptII/ptolemy/actor/lib/test/auto/ArrayAppendWithEmptyInput.xml
----------------- Instantiating /home/travis/build/icyphy/ptII/ptolemy/actor/lib/test/auto/ArrayAppendWithEmptyInput.xml
18 ms. Memory: 269312K Free: 98403K (37%)
----------------- Invoking toplevel() on ptolemy.moml.MoMLSimpleApplication@9769dbd
----------------- Done invoking toplevel() on ptolemy.moml.MoMLSimpleApplication@9769dbd
reloadAllAccessors: .ArrayAppendWithEmptyInput

===========================================================================================
----------------- testing Sun Oct 18 15:51:00 UTC 2020 /home/travis/build/icyphy/ptII/ptolemy/actor/lib/test/auto/ArrayAverage.xml
----------------- Instantiating /home/travis/build/icyphy/ptII/ptolemy/actor/lib/test/auto/ArrayAverage.xml
13 ms. Memory: 269312K Free: 91235K (34%)
----------------- Invoking toplevel() on ptolemy.moml.MoMLSimpleApplication@280b1bda
----------------- Done invoking toplevel() on ptolemy.moml.MoMLSimpleApplication@280b1bda
reloadAllAccessors: .ArrayAverage

===========================================================================================
----------------- testing Sun Oct 18 15:51:00 UTC 2020 /home/travis/build/icyphy/ptII/ptolemy/actor/lib/test/auto/ArrayContains.xml
----------------- Instantiating /home/travis/build/icyphy/ptII/ptolemy/actor/lib/test/auto/ArrayContains.xml
9 ms. Memory: 269312K Free: 84581K (31%)
----------------- Invoking toplevel() on ptolemy.moml.MoMLSimpleApplication@69c25da9
----------------- Done invoking toplevel() on ptolemy.moml.MoMLSimpleApplication@69c25da9
reloadAllAccessors: .ArrayContains

===========================================================================================
----------------- testing Sun Oct 18 15:51:00 UTC 2020 /home/travis/build/icyphy/ptII/ptolemy/actor/lib/test/auto/ArrayElement.xml
----------------- Instantiating /home/travis/build/icyphy/ptII/ptolemy/actor/lib/test/auto/ArrayElement.xml
12 ms. Memory: 269312K Free: 214117K (80%)
----------------- Invoking toplevel() on ptolemy.moml.MoMLSimpleApplication@4a859bb1
----------------- Done invoking toplevel() on ptolemy.moml.MoMLSimpleApplication@4a859bb1
reloadAllAccessors: .ArrayElement

===========================================================================================
----------------- testing Sun Oct 18 15:51:00 UTC 2020 /home/travis/build/icyphy/ptII/ptolemy/actor/lib/test/auto/ArrayElementAsMatrix.xml
----------------- Instantiating /home/travis/build/icyphy/ptII/ptolemy/actor/lib/test/auto/ArrayElementAsMatrix.xml
24 ms. Memory: 269312K Free: 203363K (76%)
----------------- Invoking toplevel() on ptolemy.moml.MoMLSimpleApplication@7531c839
----------------- Done invoking toplevel() on ptolemy.moml.MoMLSimpleApplication@7531c839
reloadAllAccessors: .ArrayElementAsMatrix

===========================================================================================
----------------- testing Sun Oct 18 15:51:00 UTC 2020 /home/travis/build/icyphy/ptII/ptolemy/actor/lib/test/auto/ArrayElementI.xml
----------------- Instantiating /home/travis/build/icyphy/ptII/ptolemy/actor/lib/test/auto/ArrayElementI.xml
6 ms. Memory: 269312K Free: 198243K (74%)
----------------- Invoking toplevel() on ptolemy.moml.MoMLSimpleApplication@386346b5
----------------- Done invoking toplevel() on ptolemy.moml.MoMLSimpleApplication@386346b5
reloadAllAccessors: .ArrayElementI

===========================================================================================
----------------- testing Sun Oct 18 15:51:00 UTC 2020 /home/travis/build/icyphy/ptII/ptolemy/actor/lib/test/auto/ArrayExtract.xml
----------------- Instantiating /home/travis/build/icyphy/ptII/ptolemy/actor/lib/test/auto/ArrayExtract.xml
5 ms. Memory: 269312K Free: 190051K (71%)
----------------- Invoking toplevel() on ptolemy.moml.MoMLSimpleApplication@76a5d4a4
----------------- Done invoking toplevel() on ptolemy.moml.MoMLSimpleApplication@76a5d4a4
reloadAllAccessors: .ArrayExtract

===========================================================================================
----------------- testing Sun Oct 18 15:51:00 UTC 2020 /home/travis/build/icyphy/ptII/ptolemy/actor/lib/test/auto/ArrayExtract2.xml
----------------- Instantiating /home/travis/build/icyphy/ptII/ptolemy/actor/lib/test/auto/ArrayExtract2.xml
2 ms. Memory: 269312K Free: 184916K (69%)
----------------- Invoking toplevel() on ptolemy.moml.MoMLSimpleApplication@9435e95
----------------- Done invoking toplevel() on ptolemy.moml.MoMLSimpleApplication@9435e95
reloadAllAccessors: .ArrayExtract2

===========================================================================================
----------------- testing Sun Oct 18 15:51:00 UTC 2020 /home/travis/build/icyphy/ptII/ptolemy/actor/lib/test/auto/ArrayLength.xml
----------------- Instantiating /home/travis/build/icyphy/ptII/ptolemy/actor/lib/test/auto/ArrayLength.xml
2 ms. Memory: 269312K Free: 180835K (67%)
----------------- Invoking toplevel() on ptolemy.moml.MoMLSimpleApplication@3c697275
----------------- Done invoking toplevel() on ptolemy.moml.MoMLSimpleApplication@3c697275
reloadAllAccessors: .ArrayLength

===========================================================================================
----------------- testing Sun Oct 18 15:51:00 UTC 2020 /home/travis/build/icyphy/ptII/ptolemy/actor/lib/test/auto/ArrayLevelCrossing.xml
----------------- Instantiating /home/travis/build/icyphy/ptII/ptolemy/actor/lib/test/auto/ArrayLevelCrossing.xml
4 ms. Memory: 269312K Free: 173157K (64%)
----------------- Invoking toplevel() on ptolemy.moml.MoMLSimpleApplication@a82d825
----------------- Done invoking toplevel() on ptolemy.moml.MoMLSimpleApplication@a82d825
reloadAllAccessors: .ArrayLevelCrossing

===========================================================================================
----------------- testing Sun Oct 18 15:51:00 UTC 2020 /home/travis/build/icyphy/ptII/ptolemy/actor/lib/test/auto/ArrayLevelCrossing2.xml
----------------- Instantiating /home/travis/build/icyphy/ptII/ptolemy/actor/lib/test/auto/ArrayLevelCrossing2.xml
3 ms. Memory: 269312K Free: 165444K (61%)
----------------- Invoking toplevel() on ptolemy.moml.MoMLSimpleApplication@5dff9362
----------------- Done invoking toplevel() on ptolemy.moml.MoMLSimpleApplication@5dff9362
reloadAllAccessors: .ArrayLevelCrossing2

===========================================================================================
----------------- testing Sun Oct 18 15:51:00 UTC 2020 /home/travis/build/icyphy/ptII/ptolemy/actor/lib/test/auto/ArrayPeakSearch.xml
----------------- Instantiating /home/travis/build/icyphy/ptII/ptolemy/actor/lib/test/auto/ArrayPeakSearch.xml
8 ms. Memory: 269312K Free: 156773K (58%)
----------------- Invoking toplevel() on ptolemy.moml.MoMLSimpleApplication@14bb624e
----------------- Done invoking toplevel() on ptolemy.moml.MoMLSimpleApplication@14bb624e
reloadAllAccessors: .ArrayPeakSearch

===========================================================================================
----------------- testing Sun Oct 18 15:51:00 UTC 2020 /home/travis/build/icyphy/ptII/ptolemy/actor/lib/test/auto/ArrayPeakSearch2.xml
----------------- Instantiating /home/travis/build/icyphy/ptII/ptolemy/actor/lib/test/auto/ArrayPeakSearch2.xml
4 ms. Memory: 269312K Free: 146533K (54%)
----------------- Invoking toplevel() on ptolemy.moml.MoMLSimpleApplication@2bf65fb3
----------------- Done invoking toplevel() on ptolemy.moml.MoMLSimpleApplication@2bf65fb3
reloadAllAccessors: .ArrayPeakSearch2

===========================================================================================
----------------- testing Sun Oct 18 15:51:00 UTC 2020 /home/travis/build/icyphy/ptII/ptolemy/actor/lib/test/auto/ArrayPeakSearch3.xml
----------------- Instantiating /home/travis/build/icyphy/ptII/ptolemy/actor/lib/test/auto/ArrayPeakSearch3.xml
5 ms. Memory: 269312K Free: 137317K (51%)
----------------- Invoking toplevel() on ptolemy.moml.MoMLSimpleApplication@46543cf5
----------------- Done invoking toplevel() on ptolemy.moml.MoMLSimpleApplication@46543cf5
reloadAllAccessors: .ArrayPeakSearch3

===========================================================================================
----------------- testing Sun Oct 18 15:51:00 UTC 2020 /home/travis/build/icyphy/ptII/ptolemy/actor/lib/test/auto/ArrayRemoveElement.xml
----------------- Instantiating /home/travis/build/icyphy/ptII/ptolemy/actor/lib/test/auto/ArrayRemoveElement.xml
7 ms. Memory: 269312K Free: 129635K (48%)
----------------- Invoking toplevel() on ptolemy.moml.MoMLSimpleApplication@70f0ebed
----------------- Done invoking toplevel() on ptolemy.moml.MoMLSimpleApplication@70f0ebed
reloadAllAccessors: .ArrayRemoveElement

===========================================================================================
----------------- testing Sun Oct 18 15:51:00 UTC 2020 /home/travis/build/icyphy/ptII/ptolemy/actor/lib/test/auto/ArraySort.xml
----------------- Instantiating /home/travis/build/icyphy/ptII/ptolemy/actor/lib/test/auto/ArraySort.xml
5 ms. Memory: 269312K Free: 120419K (45%)
----------------- Invoking toplevel() on ptolemy.moml.MoMLSimpleApplication@3da77ecf
----------------- Done invoking toplevel() on ptolemy.moml.MoMLSimpleApplication@3da77ecf
reloadAllAccessors: .ArraySort

===========================================================================================
----------------- testing Sun Oct 18 15:51:00 UTC 2020 /home/travis/build/icyphy/ptII/ptolemy/actor/lib/test/auto/ArraySum.xml
----------------- Instantiating /home/travis/build/icyphy/ptII/ptolemy/actor/lib/test/auto/ArraySum.xml
9 ms. Memory: 269312K Free: 115299K (43%)
----------------- Invoking toplevel() on ptolemy.moml.MoMLSimpleApplication@29d95fe8
----------------- Done invoking toplevel() on ptolemy.moml.MoMLSimpleApplication@29d95fe8
reloadAllAccessors: .ArraySum

===========================================================================================
----------------- testing Sun Oct 18 15:51:01 UTC 2020 /home/travis/build/icyphy/ptII/ptolemy/actor/lib/test/auto/ArrayToElements.xml
----------------- Instantiating /home/travis/build/icyphy/ptII/ptolemy/actor/lib/test/auto/ArrayToElements.xml
13 ms. Memory: 269312K Free: 109669K (41%)
----------------- Invoking toplevel() on ptolemy.moml.MoMLSimpleApplication@32db2fef
----------------- Done invoking toplevel() on ptolemy.moml.MoMLSimpleApplication@32db2fef
reloadAllAccessors: .ArrayToElements

===========================================================================================
----------------- testing Sun Oct 18 15:51:01 UTC 2020 /home/travis/build/icyphy/ptII/ptolemy/actor/lib/test/auto/ArrayToMatrix.xml
----------------- Instantiating /home/travis/build/icyphy/ptII/ptolemy/actor/lib/test/auto/ArrayToMatrix.xml
19 ms. Memory: 269312K Free: 95843K (36%)
----------------- Invoking toplevel() on ptolemy.moml.MoMLSimpleApplication@53f4e4c
----------------- Done invoking toplevel() on ptolemy.moml.MoMLSimpleApplication@53f4e4c
reloadAllAccessors: .ArrayToMatrix

===========================================================================================
----------------- testing Sun Oct 18 15:51:01 UTC 2020 /home/travis/build/icyphy/ptII/ptolemy/actor/lib/test/auto/ArrayUpdate1.xml
----------------- Instantiating /home/travis/build/icyphy/ptII/ptolemy/actor/lib/test/auto/ArrayUpdate1.xml
5 ms. Memory: 269312K Free: 90723K (34%)
----------------- Invoking toplevel() on ptolemy.moml.MoMLSimpleApplication@e89434e
----------------- Done invoking toplevel() on ptolemy.moml.MoMLSimpleApplication@e89434e
reloadAllAccessors: .ArrayUpdate1

===========================================================================================
----------------- testing Sun Oct 18 15:51:01 UTC 2020 /home/travis/build/icyphy/ptII/ptolemy/actor/lib/test/auto/ArrayUpdate2.xml
----------------- Instantiating /home/travis/build/icyphy/ptII/ptolemy/actor/lib/test/auto/ArrayUpdate2.xml
7 ms. Memory: 269312K Free: 84579K (31%)
----------------- Invoking toplevel() on ptolemy.moml.MoMLSimpleApplication@7b9aaf63
----------------- Done invoking toplevel() on ptolemy.moml.MoMLSimpleApplication@7b9aaf63
reloadAllAccessors: .ArrayUpdate2

===========================================================================================
----------------- testing Sun Oct 18 15:51:01 UTC 2020 /home/travis/build/icyphy/ptII/ptolemy/actor/lib/test/auto/ArrayUpdate3.xml
----------------- Instantiating /home/travis/build/icyphy/ptII/ptolemy/actor/lib/test/auto/ArrayUpdate3.xml
4 ms. Memory: 269312K Free: 79459K (30%)
----------------- Invoking toplevel() on ptolemy.moml.MoMLSimpleApplication@1f5d7446
----------------- Done invoking toplevel() on ptolemy.moml.MoMLSimpleApplication@1f5d7446
reloadAllAccessors: .ArrayUpdate3

===========================================================================================
----------------- testing Sun Oct 18 15:51:01 UTC 2020 /home/travis/build/icyphy/ptII/ptolemy/actor/lib/test/auto/Assert1.xml
----------------- Instantiating /home/travis/build/icyphy/ptII/ptolemy/actor/lib/test/auto/Assert1.xml
6 ms. Memory: 269312K Free: 75363K (28%)
----------------- Invoking toplevel() on ptolemy.moml.MoMLSimpleApplication@336311f2
----------------- Done invoking toplevel() on ptolemy.moml.MoMLSimpleApplication@336311f2
reloadAllAccessors: .Assert1

===========================================================================================
----------------- testing Sun Oct 18 15:51:01 UTC 2020 /home/travis/build/icyphy/ptII/ptolemy/actor/lib/test/auto/Assert2.xml
----------------- Instantiating /home/travis/build/icyphy/ptII/ptolemy/actor/lib/test/auto/Assert2.xml
2 ms. Memory: 269312K Free: 70243K (26%)
----------------- Invoking toplevel() on ptolemy.moml.MoMLSimpleApplication@53746b44
----------------- Done invoking toplevel() on ptolemy.moml.MoMLSimpleApplication@53746b44
reloadAllAccessors: .Assert2

===========================================================================================
----------------- testing Sun Oct 18 15:51:01 UTC 2020 /home/travis/build/icyphy/ptII/ptolemy/actor/lib/test/auto/BooleanMultiplexor.xml
----------------- Instantiating /home/travis/build/icyphy/ptII/ptolemy/actor/lib/test/auto/BooleanMultiplexor.xml
2 ms. Memory: 269312K Free: 65092K (24%)
----------------- Invoking toplevel() on ptolemy.moml.MoMLSimpleApplication@77f5481f
----------------- Done invoking toplevel() on ptolemy.moml.MoMLSimpleApplication@77f5481f
reloadAllAccessors: .BooleanMultiplexor

===========================================================================================
----------------- testing Sun Oct 18 15:51:01 UTC 2020 /home/travis/build/icyphy/ptII/ptolemy/actor/lib/test/auto/BooleanMultiplexor2.xml
----------------- Instantiating /home/travis/build/icyphy/ptII/ptolemy/actor/lib/test/auto/BooleanMultiplexor2.xml
10 ms. Memory: 269312K Free: 212067K (79%)
----------------- Invoking toplevel() on ptolemy.moml.MoMLSimpleApplication@553ed566
----------------- Done invoking toplevel() on ptolemy.moml.MoMLSimpleApplication@553ed566
reloadAllAccessors: .BooleanMultiplexor2

===========================================================================================
----------------- testing Sun Oct 18 15:51:01 UTC 2020 /home/travis/build/icyphy/ptII/ptolemy/actor/lib/test/auto/BooleanMultiplexor3.xml
----------------- Instantiating /home/travis/build/icyphy/ptII/ptolemy/actor/lib/test/auto/BooleanMultiplexor3.xml
4 ms. Memory: 269312K Free: 208483K (77%)
----------------- Invoking toplevel() on ptolemy.moml.MoMLSimpleApplication@561e9fa2
----------------- Done invoking toplevel() on ptolemy.moml.MoMLSimpleApplication@561e9fa2
reloadAllAccessors: .BooleanMultiplexor3

===========================================================================================
----------------- testing Sun Oct 18 15:51:01 UTC 2020 /home/travis/build/icyphy/ptII/ptolemy/actor/lib/test/auto/BooleanSelect.xml
----------------- Instantiating /home/travis/build/icyphy/ptII/ptolemy/actor/lib/test/auto/BooleanSelect.xml
10 ms. Memory: 269312K Free: 202308K (75%)
----------------- Invoking toplevel() on ptolemy.moml.MoMLSimpleApplication@7ae7ccb0
----------------- Done invoking toplevel() on ptolemy.moml.MoMLSimpleApplication@7ae7ccb0
reloadAllAccessors: .BooleanSelect

===========================================================================================
----------------- testing Sun Oct 18 15:51:01 UTC 2020 /home/travis/build/icyphy/ptII/ptolemy/actor/lib/test/auto/BooleanSelect2.xml
----------------- Instantiating /home/travis/build/icyphy/ptII/ptolemy/actor/lib/test/auto/BooleanSelect2.xml
2 ms. Memory: 269312K Free: 197733K (73%)
----------------- Invoking toplevel() on ptolemy.moml.MoMLSimpleApplication@6ecb435e
----------------- Done invoking toplevel() on ptolemy.moml.MoMLSimpleApplication@6ecb435e
reloadAllAccessors: .BooleanSelect2

===========================================================================================
----------------- testing Sun Oct 18 15:51:01 UTC 2020 /home/travis/build/icyphy/ptII/ptolemy/actor/lib/test/auto/BooleanSwitch.xml
----------------- Instantiating /home/travis/build/icyphy/ptII/ptolemy/actor/lib/test/auto/BooleanSwitch.xml
8 ms. Memory: 269312K Free: 192099K (71%)
----------------- Invoking toplevel() on ptolemy.moml.MoMLSimpleApplication@3f267854
----------------- Done invoking toplevel() on ptolemy.moml.MoMLSimpleApplication@3f267854
reloadAllAccessors: .BooleanSwitch

===========================================================================================
----------------- testing Sun Oct 18 15:51:01 UTC 2020 /home/travis/build/icyphy/ptII/ptolemy/actor/lib/test/auto/BooleanSwitch2.xml
----------------- Instantiating /home/travis/build/icyphy/ptII/ptolemy/actor/lib/test/auto/BooleanSwitch2.xml
2 ms. Memory: 269312K Free: 187493K (70%)
----------------- Invoking toplevel() on ptolemy.moml.MoMLSimpleApplication@13167be9
----------------- Done invoking toplevel() on ptolemy.moml.MoMLSimpleApplication@13167be9
reloadAllAccessors: .BooleanSwitch2

===========================================================================================
----------------- testing Sun Oct 18 15:51:01 UTC 2020 /home/travis/build/icyphy/ptII/ptolemy/actor/lib/test/auto/BooleanSwitchCloningBugWithClassRelationGroup.xml
----------------- Instantiating /home/travis/build/icyphy/ptII/ptolemy/actor/lib/test/auto/BooleanSwitchCloningBugWithClassRelationGroup.xml
3 ms. Memory: 269312K Free: 181349K (67%)
----------------- Invoking toplevel() on ptolemy.moml.MoMLSimpleApplication@50975704
----------------- Done invoking toplevel() on ptolemy.moml.MoMLSimpleApplication@50975704
reloadAllAccessors: .BooleanSwitchCloningBugWithClassRelationGroup

===========================================================================================
----------------- testing Sun Oct 18 15:51:01 UTC 2020 /home/travis/build/icyphy/ptII/ptolemy/actor/lib/test/auto/BusActors.xml
----------------- Instantiating /home/travis/build/icyphy/ptII/ptolemy/actor/lib/test/auto/BusActors.xml
7 ms. Memory: 269312K Free: 173157K (64%)
----------------- Invoking toplevel() on ptolemy.moml.MoMLSimpleApplication@6da2cd12
----------------- Done invoking toplevel() on ptolemy.moml.MoMLSimpleApplication@6da2cd12
reloadAllAccessors: .BusActors

===========================================================================================
----------------- testing Sun Oct 18 15:51:01 UTC 2020 /home/travis/build/icyphy/ptII/ptolemy/actor/lib/test/auto/ClassWrapper.xml
----------------- Instantiating /home/travis/build/icyphy/ptII/ptolemy/actor/lib/test/auto/ClassWrapper.xml
2 ms. Memory: 269312K Free: 169061K (63%)
----------------- Invoking toplevel() on ptolemy.moml.MoMLSimpleApplication@7e6a7452
----------------- Done invoking toplevel() on ptolemy.moml.MoMLSimpleApplication@7e6a7452
reloadAllAccessors: .ClassWrapper

===========================================================================================
----------------- testing Sun Oct 18 15:51:01 UTC 2020 /home/travis/build/icyphy/ptII/ptolemy/actor/lib/test/auto/Clock.xml
----------------- Instantiating /home/travis/build/icyphy/ptII/ptolemy/actor/lib/test/auto/Clock.xml
3 ms. Memory: 269312K Free: 164965K (61%)
----------------- Invoking toplevel() on ptolemy.moml.MoMLSimpleApplication@7e77d4dd
----------------- Done invoking toplevel() on ptolemy.moml.MoMLSimpleApplication@7e77d4dd
reloadAllAccessors: .Clock

===========================================================================================
----------------- testing Sun Oct 18 15:51:01 UTC 2020 /home/travis/build/icyphy/ptII/ptolemy/actor/lib/test/auto/Clock10.xml
----------------- Instantiating /home/travis/build/icyphy/ptII/ptolemy/actor/lib/test/auto/Clock10.xml
6 ms. Memory: 269312K Free: 159331K (59%)
----------------- Invoking toplevel() on ptolemy.moml.MoMLSimpleApplication@b8ca5e1
----------------- Done invoking toplevel() on ptolemy.moml.MoMLSimpleApplication@b8ca5e1
reloadAllAccessors: .Clock10

===========================================================================================
----------------- testing Sun Oct 18 15:51:01 UTC 2020 /home/travis/build/icyphy/ptII/ptolemy/actor/lib/test/auto/Clock11.xml
----------------- Instantiating /home/travis/build/icyphy/ptII/ptolemy/actor/lib/test/auto/Clock11.xml
4 ms. Memory: 269312K Free: 153187K (57%)
----------------- Invoking toplevel() on ptolemy.moml.MoMLSimpleApplication@6f48e962
----------------- Done invoking toplevel() on ptolemy.moml.MoMLSimpleApplication@6f48e962
reloadAllAccessors: .Clock11

===========================================================================================
----------------- testing Sun Oct 18 15:51:01 UTC 2020 /home/travis/build/icyphy/ptII/ptolemy/actor/lib/test/auto/Clock12.xml
----------------- Instantiating /home/travis/build/icyphy/ptII/ptolemy/actor/lib/test/auto/Clock12.xml
6 ms. Memory: 269312K Free: 147557K (55%)
----------------- Invoking toplevel() on ptolemy.moml.MoMLSimpleApplication@6618f87e
----------------- Done invoking toplevel() on ptolemy.moml.MoMLSimpleApplication@6618f87e
reloadAllAccessors: .Clock12

===========================================================================================
----------------- testing Sun Oct 18 15:51:01 UTC 2020 /home/travis/build/icyphy/ptII/ptolemy/actor/lib/test/auto/Clock13.xml
----------------- Instantiating /home/travis/build/icyphy/ptII/ptolemy/actor/lib/test/auto/Clock13.xml
6 ms. Memory: 269312K Free: 141413K (53%)
----------------- Invoking toplevel() on ptolemy.moml.MoMLSimpleApplication@1dcda54b
----------------- Done invoking toplevel() on ptolemy.moml.MoMLSimpleApplication@1dcda54b
reloadAllAccessors: .Clock13

===========================================================================================
----------------- testing Sun Oct 18 15:51:01 UTC 2020 /home/travis/build/icyphy/ptII/ptolemy/actor/lib/test/auto/Clock14.xml
----------------- Instantiating /home/travis/build/icyphy/ptII/ptolemy/actor/lib/test/auto/Clock14.xml
5 ms. Memory: 269312K Free: 135748K (50%)
----------------- Invoking toplevel() on ptolemy.moml.MoMLSimpleApplication@23074f9b
----------------- Done invoking toplevel() on ptolemy.moml.MoMLSimpleApplication@23074f9b
reloadAllAccessors: .Clock14

===========================================================================================
----------------- testing Sun Oct 18 15:51:01 UTC 2020 /home/travis/build/icyphy/ptII/ptolemy/actor/lib/test/auto/Clock15.xml
----------------- Instantiating /home/travis/build/icyphy/ptII/ptolemy/actor/lib/test/auto/Clock15.xml
6 ms. Memory: 269312K Free: 129604K (48%)
----------------- Invoking toplevel() on ptolemy.moml.MoMLSimpleApplication@cb5d5b3
----------------- Done invoking toplevel() on ptolemy.moml.MoMLSimpleApplication@cb5d5b3
reloadAllAccessors: .Clock15

===========================================================================================
----------------- testing Sun Oct 18 15:51:01 UTC 2020 /home/travis/build/icyphy/ptII/ptolemy/actor/lib/test/auto/Clock16.xml
----------------- Instantiating /home/travis/build/icyphy/ptII/ptolemy/actor/lib/test/auto/Clock16.xml
26 ms. Memory: 269312K Free: 114756K (43%)
----------------- Invoking toplevel() on ptolemy.moml.MoMLSimpleApplication@49cd8588
----------------- Done invoking toplevel() on ptolemy.moml.MoMLSimpleApplication@49cd8588
reloadAllAccessors: .Clock16

===========================================================================================
----------------- testing Sun Oct 18 15:51:01 UTC 2020 /home/travis/build/icyphy/ptII/ptolemy/actor/lib/test/auto/Clock17.xml
----------------- Instantiating /home/travis/build/icyphy/ptII/ptolemy/actor/lib/test/auto/Clock17.xml
28 ms. Memory: 269312K Free: 100948K (37%)
----------------- Invoking toplevel() on ptolemy.moml.MoMLSimpleApplication@1f769d91
----------------- Done invoking toplevel() on ptolemy.moml.MoMLSimpleApplication@1f769d91
reloadAllAccessors: .Clock17

===========================================================================================
----------------- testing Sun Oct 18 15:51:01 UTC 2020 /home/travis/build/icyphy/ptII/ptolemy/actor/lib/test/auto/Clock18.xml
----------------- Instantiating /home/travis/build/icyphy/ptII/ptolemy/actor/lib/test/auto/Clock18.xml
14 ms. Memory: 269312K Free: 87141K (32%)
----------------- Invoking toplevel() on ptolemy.moml.MoMLSimpleApplication@50b127c0
----------------- Done invoking toplevel() on ptolemy.moml.MoMLSimpleApplication@50b127c0
reloadAllAccessors: .Clock18

===========================================================================================
----------------- testing Sun Oct 18 15:51:01 UTC 2020 /home/travis/build/icyphy/ptII/ptolemy/actor/lib/test/auto/Clock19.xml
----------------- Instantiating /home/travis/build/icyphy/ptII/ptolemy/actor/lib/test/auto/Clock19.xml
14 ms. Memory: 269312K Free: 74324K (28%)
----------------- Invoking toplevel() on ptolemy.moml.MoMLSimpleApplication@6c989f1b
----------------- Done invoking toplevel() on ptolemy.moml.MoMLSimpleApplication@6c989f1b
reloadAllAccessors: .Clock19

===========================================================================================
----------------- testing Sun Oct 18 15:51:02 UTC 2020 /home/travis/build/icyphy/ptII/ptolemy/actor/lib/test/auto/Clock2.xml
----------------- Instantiating /home/travis/build/icyphy/ptII/ptolemy/actor/lib/test/auto/Clock2.xml
8 ms. Memory: 269312K Free: 69733K (26%)
----------------- Invoking toplevel() on ptolemy.moml.MoMLSimpleApplication@9588cad
----------------- Done invoking toplevel() on ptolemy.moml.MoMLSimpleApplication@9588cad
reloadAllAccessors: .Clock2

===========================================================================================
----------------- testing Sun Oct 18 15:51:02 UTC 2020 /home/travis/build/icyphy/ptII/ptolemy/actor/lib/test/auto/Clock20.xml
----------------- Instantiating /home/travis/build/icyphy/ptII/ptolemy/actor/lib/test/auto/Clock20.xml
39 ms. Memory: 475136K Free: 423661K (89%)
----------------- Invoking toplevel() on ptolemy.moml.MoMLSimpleApplication@4537f3ba
----------------- Done invoking toplevel() on ptolemy.moml.MoMLSimpleApplication@4537f3ba
reloadAllAccessors: .Clock20

===========================================================================================
----------------- testing Sun Oct 18 15:51:02 UTC 2020 /home/travis/build/icyphy/ptII/ptolemy/actor/lib/test/auto/Clock21.xml
----------------- Instantiating /home/travis/build/icyphy/ptII/ptolemy/actor/lib/test/auto/Clock21.xml
6 ms. Memory: 475136K Free: 417379K (88%)
----------------- Invoking toplevel() on ptolemy.moml.MoMLSimpleApplication@2726fbeb
----------------- Done invoking toplevel() on ptolemy.moml.MoMLSimpleApplication@2726fbeb
reloadAllAccessors: .Clock21

===========================================================================================
----------------- testing Sun Oct 18 15:51:02 UTC 2020 /home/travis/build/icyphy/ptII/ptolemy/actor/lib/test/auto/Clock22.xml
----------------- Instantiating /home/travis/build/icyphy/ptII/ptolemy/actor/lib/test/auto/Clock22.xml
5 ms. Memory: 475136K Free: 412259K (87%)
----------------- Invoking toplevel() on ptolemy.moml.MoMLSimpleApplication@2e78477d
----------------- Done invoking toplevel() on ptolemy.moml.MoMLSimpleApplication@2e78477d
reloadAllAccessors: .Clock22

===========================================================================================
----------------- testing Sun Oct 18 15:51:02 UTC 2020 /home/travis/build/icyphy/ptII/ptolemy/actor/lib/test/auto/Clock23.xml
----------------- Instantiating /home/travis/build/icyphy/ptII/ptolemy/actor/lib/test/auto/Clock23.xml
5 ms. Memory: 475136K Free: 406629K (86%)
----------------- Invoking toplevel() on ptolemy.moml.MoMLSimpleApplication@42185747
----------------- Done invoking toplevel() on ptolemy.moml.MoMLSimpleApplication@42185747
reloadAllAccessors: .Clock23

===========================================================================================
----------------- testing Sun Oct 18 15:51:02 UTC 2020 /home/travis/build/icyphy/ptII/ptolemy/actor/lib/test/auto/Clock24.xml
----------------- Instantiating /home/travis/build/icyphy/ptII/ptolemy/actor/lib/test/auto/Clock24.xml
6 ms. Memory: 475136K Free: 401509K (85%)
----------------- Invoking toplevel() on ptolemy.moml.MoMLSimpleApplication@49bb2c35
----------------- Done invoking toplevel() on ptolemy.moml.MoMLSimpleApplication@49bb2c35
reloadAllAccessors: .Clock24

===========================================================================================
----------------- testing Sun Oct 18 15:51:02 UTC 2020 /home/travis/build/icyphy/ptII/ptolemy/actor/lib/test/auto/Clock4.xml
----------------- Instantiating /home/travis/build/icyphy/ptII/ptolemy/actor/lib/test/auto/Clock4.xml
2 ms. Memory: 475136K Free: 396389K (83%)
----------------- Invoking toplevel() on ptolemy.moml.MoMLSimpleApplication@655df079
----------------- Done invoking toplevel() on ptolemy.moml.MoMLSimpleApplication@655df079
reloadAllAccessors: .Clock4

===========================================================================================
----------------- testing Sun Oct 18 15:51:02 UTC 2020 /home/travis/build/icyphy/ptII/ptolemy/actor/lib/test/auto/Clock5.xml
----------------- Instantiating /home/travis/build/icyphy/ptII/ptolemy/actor/lib/test/auto/Clock5.xml
2 ms. Memory: 475136K Free: 391269K (82%)
----------------- Invoking toplevel() on ptolemy.moml.MoMLSimpleApplication@785ae0a
----------------- Done invoking toplevel() on ptolemy.moml.MoMLSimpleApplication@785ae0a
reloadAllAccessors: .Clock5

===========================================================================================
----------------- testing Sun Oct 18 15:51:02 UTC 2020 /home/travis/build/icyphy/ptII/ptolemy/actor/lib/test/auto/Clock6.xml
----------------- Instantiating /home/travis/build/icyphy/ptII/ptolemy/actor/lib/test/auto/Clock6.xml
4 ms. Memory: 475136K Free: 386659K (81%)
----------------- Invoking toplevel() on ptolemy.moml.MoMLSimpleApplication@31ed7822
----------------- Done invoking toplevel() on ptolemy.moml.MoMLSimpleApplication@31ed7822
reloadAllAccessors: .Clock6

===========================================================================================
----------------- testing Sun Oct 18 15:51:02 UTC 2020 /home/travis/build/icyphy/ptII/ptolemy/actor/lib/test/auto/Clock7.xml
----------------- Instantiating /home/travis/build/icyphy/ptII/ptolemy/actor/lib/test/auto/Clock7.xml
2 ms. Memory: 475136K Free: 381539K (80%)
----------------- Invoking toplevel() on ptolemy.moml.MoMLSimpleApplication@7b43b0f6
----------------- Done invoking toplevel() on ptolemy.moml.MoMLSimpleApplication@7b43b0f6
reloadAllAccessors: .Clock7

===========================================================================================
----------------- testing Sun Oct 18 15:51:02 UTC 2020 /home/travis/build/icyphy/ptII/ptolemy/actor/lib/test/auto/Clock8.xml
----------------- Instantiating /home/travis/build/icyphy/ptII/ptolemy/actor/lib/test/auto/Clock8.xml
5 ms. Memory: 475136K Free: 376388K (79%)
----------------- Invoking toplevel() on ptolemy.moml.MoMLSimpleApplication@d8908e5
----------------- Done invoking toplevel() on ptolemy.moml.MoMLSimpleApplication@d8908e5
reloadAllAccessors: .Clock8

===========================================================================================
----------------- testing Sun Oct 18 15:51:02 UTC 2020 /home/travis/build/icyphy/ptII/ptolemy/actor/lib/test/auto/Clock9.xml
----------------- Instantiating /home/travis/build/icyphy/ptII/ptolemy/actor/lib/test/auto/Clock9.xml
6 ms. Memory: 475136K Free: 370789K (78%)
----------------- Invoking toplevel() on ptolemy.moml.MoMLSimpleApplication@5756c0f7
----------------- Done invoking toplevel() on ptolemy.moml.MoMLSimpleApplication@5756c0f7
reloadAllAccessors: .Clock9

===========================================================================================
----------------- testing Sun Oct 18 15:51:02 UTC 2020 /home/travis/build/icyphy/ptII/ptolemy/actor/lib/test/auto/CommDistDiscard.xml
----------------- Instantiating /home/travis/build/icyphy/ptII/ptolemy/actor/lib/test/auto/CommDistDiscard.xml
4 ms. Memory: 475136K Free: 365669K (77%)
----------------- Invoking toplevel() on ptolemy.moml.MoMLSimpleApplication@33f77f28
----------------- Done invoking toplevel() on ptolemy.moml.MoMLSimpleApplication@33f77f28
reloadAllAccessors: .CommDistDiscard

===========================================================================================
----------------- testing Sun Oct 18 15:51:02 UTC 2020 /home/travis/build/icyphy/ptII/ptolemy/actor/lib/test/auto/Commutator.xml
----------------- Instantiating /home/travis/build/icyphy/ptII/ptolemy/actor/lib/test/auto/Commutator.xml
3 ms. Memory: 475136K Free: 361059K (76%)
----------------- Invoking toplevel() on ptolemy.moml.MoMLSimpleApplication@796bcd8e
----------------- Done invoking toplevel() on ptolemy.moml.MoMLSimpleApplication@796bcd8e
reloadAllAccessors: .Commutator

===========================================================================================
----------------- testing Sun Oct 18 15:51:02 UTC 2020 /home/travis/build/icyphy/ptII/ptolemy/actor/lib/test/auto/Commutator2.xml
----------------- Instantiating /home/travis/build/icyphy/ptII/ptolemy/actor/lib/test/auto/Commutator2.xml
2 ms. Memory: 475136K Free: 356453K (75%)
----------------- Invoking toplevel() on ptolemy.moml.MoMLSimpleApplication@5c248fa7
----------------- Done invoking toplevel() on ptolemy.moml.MoMLSimpleApplication@5c248fa7
reloadAllAccessors: .Commutator2

===========================================================================================
----------------- testing Sun Oct 18 15:51:02 UTC 2020 /home/travis/build/icyphy/ptII/ptolemy/actor/lib/test/auto/Commutator3.xml
----------------- Instantiating /home/travis/build/icyphy/ptII/ptolemy/actor/lib/test/auto/Commutator3.xml
2 ms. Memory: 475136K Free: 352357K (74%)
----------------- Invoking toplevel() on ptolemy.moml.MoMLSimpleApplication@1e4c368e
----------------- Done invoking toplevel() on ptolemy.moml.MoMLSimpleApplication@1e4c368e
reloadAllAccessors: .Commutator3

===========================================================================================
----------------- testing Sun Oct 18 15:51:02 UTC 2020 /home/travis/build/icyphy/ptII/ptolemy/actor/lib/test/auto/Compare.xml
----------------- Instantiating /home/travis/build/icyphy/ptII/ptolemy/actor/lib/test/auto/Compare.xml
3 ms. Memory: 475136K Free: 345699K (73%)
----------------- Invoking toplevel() on ptolemy.moml.MoMLSimpleApplication@5c422090
----------------- Done invoking toplevel() on ptolemy.moml.MoMLSimpleApplication@5c422090
reloadAllAccessors: .Compare

===========================================================================================
----------------- testing Sun Oct 18 15:51:02 UTC 2020 /home/travis/build/icyphy/ptII/ptolemy/actor/lib/test/auto/CompareDE.xml
----------------- Instantiating /home/travis/build/icyphy/ptII/ptolemy/actor/lib/test/auto/CompareDE.xml
5 ms. Memory: 475136K Free: 339045K (71%)
----------------- Invoking toplevel() on ptolemy.moml.MoMLSimpleApplication@451ad4f9
----------------- Done invoking toplevel() on ptolemy.moml.MoMLSimpleApplication@451ad4f9
reloadAllAccessors: .CompareDE

===========================================================================================
----------------- testing Sun Oct 18 15:51:02 UTC 2020 /home/travis/build/icyphy/ptII/ptolemy/actor/lib/test/auto/ComplexDivide.xml
----------------- Instantiating /home/travis/build/icyphy/ptII/ptolemy/actor/lib/test/auto/ComplexDivide.xml
1 ms. Memory: 475136K Free: 334949K (70%)
----------------- Invoking toplevel() on ptolemy.moml.MoMLSimpleApplication@39e78501
----------------- Done invoking toplevel() on ptolemy.moml.MoMLSimpleApplication@39e78501
reloadAllAccessors: .ComplexDivide

===========================================================================================
----------------- testing Sun Oct 18 15:51:02 UTC 2020 /home/travis/build/icyphy/ptII/ptolemy/actor/lib/test/auto/ComputeHistogram.xml
----------------- Instantiating /home/travis/build/icyphy/ptII/ptolemy/actor/lib/test/auto/ComputeHistogram.xml
33 ms. Memory: 475136K Free: 322147K (68%)
----------------- Invoking toplevel() on ptolemy.moml.MoMLSimpleApplication@6785eb0b
----------------- Done invoking toplevel() on ptolemy.moml.MoMLSimpleApplication@6785eb0b
reloadAllAccessors: .ComputeHistogram

===========================================================================================
----------------- testing Sun Oct 18 15:51:02 UTC 2020 /home/travis/build/icyphy/ptII/ptolemy/actor/lib/test/auto/ConfigurationSelect.xml
----------------- Instantiating /home/travis/build/icyphy/ptII/ptolemy/actor/lib/test/auto/ConfigurationSelect.xml
3 ms. Memory: 475136K Free: 317012K (67%)
----------------- Invoking toplevel() on ptolemy.moml.MoMLSimpleApplication@58a1a83a
----------------- Done invoking toplevel() on ptolemy.moml.MoMLSimpleApplication@58a1a83a
reloadAllAccessors: .ConfigurationSelect

===========================================================================================
----------------- testing Sun Oct 18 15:51:02 UTC 2020 /home/travis/build/icyphy/ptII/ptolemy/actor/lib/test/auto/ConfigurationSelect2.xml
----------------- Instantiating /home/travis/build/icyphy/ptII/ptolemy/actor/lib/test/auto/ConfigurationSelect2.xml
2 ms. Memory: 475136K Free: 312421K (66%)
----------------- Invoking toplevel() on ptolemy.moml.MoMLSimpleApplication@457a8a79
----------------- Done invoking toplevel() on ptolemy.moml.MoMLSimpleApplication@457a8a79
reloadAllAccessors: .ConfigurationSelect2

===========================================================================================
----------------- testing Sun Oct 18 15:51:02 UTC 2020 /home/travis/build/icyphy/ptII/ptolemy/actor/lib/test/auto/ConfigurationSwitch.xml
----------------- Instantiating /home/travis/build/icyphy/ptII/ptolemy/actor/lib/test/auto/ConfigurationSwitch.xml
2 ms. Memory: 475136K Free: 306787K (65%)
----------------- Invoking toplevel() on ptolemy.moml.MoMLSimpleApplication@75b5935d
----------------- Done invoking toplevel() on ptolemy.moml.MoMLSimpleApplication@75b5935d
reloadAllAccessors: .ConfigurationSwitch

===========================================================================================
----------------- testing Sun Oct 18 15:51:02 UTC 2020 /home/travis/build/icyphy/ptII/ptolemy/actor/lib/test/auto/ConfigurationSwitch2.xml
----------------- Instantiating /home/travis/build/icyphy/ptII/ptolemy/actor/lib/test/auto/ConfigurationSwitch2.xml
3 ms. Memory: 475136K Free: 301667K (63%)
----------------- Invoking toplevel() on ptolemy.moml.MoMLSimpleApplication@2803aaba
----------------- Done invoking toplevel() on ptolemy.moml.MoMLSimpleApplication@2803aaba
reloadAllAccessors: .ConfigurationSwitch2

===========================================================================================
----------------- testing Sun Oct 18 15:51:02 UTC 2020 /home/travis/build/icyphy/ptII/ptolemy/actor/lib/test/auto/ConfigurationSwitchCloningBugWithClassRelationGroup.xml
----------------- Instantiating /home/travis/build/icyphy/ptII/ptolemy/actor/lib/test/auto/ConfigurationSwitchCloningBugWithClassRelationGroup.xml
1 ms. Memory: 475136K Free: 295013K (62%)
----------------- Invoking toplevel() on ptolemy.moml.MoMLSimpleApplication@7abd15de
----------------- Done invoking toplevel() on ptolemy.moml.MoMLSimpleApplication@7abd15de
reloadAllAccessors: .ConfigurationSwitchCloningBugWithClassRelationGroup

===========================================================================================
----------------- testing Sun Oct 18 15:51:02 UTC 2020 /home/travis/build/icyphy/ptII/ptolemy/actor/lib/test/auto/ConfigurationSwitchSelectSDF.xml
----------------- Instantiating /home/travis/build/icyphy/ptII/ptolemy/actor/lib/test/auto/ConfigurationSwitchSelectSDF.xml
3 ms. Memory: 475136K Free: 289893K (61%)
----------------- Invoking toplevel() on ptolemy.moml.MoMLSimpleApplication@7161fb8f
----------------- Done invoking toplevel() on ptolemy.moml.MoMLSimpleApplication@7161fb8f
reloadAllAccessors: .ConfigurationSwitchSelectSDF

===========================================================================================
----------------- testing Sun Oct 18 15:51:02 UTC 2020 /home/travis/build/icyphy/ptII/ptolemy/actor/lib/test/auto/ConfigurationSwitchSelectSDF2.xml
----------------- Instantiating /home/travis/build/icyphy/ptII/ptolemy/actor/lib/test/auto/ConfigurationSwitchSelectSDF2.xml
2 ms. Memory: 475136K Free: 283749K (60%)
----------------- Invoking toplevel() on ptolemy.moml.MoMLSimpleApplication@1c557e00
----------------- Done invoking toplevel() on ptolemy.moml.MoMLSimpleApplication@1c557e00
reloadAllAccessors: .ConfigurationSwitchSelectSDF2

===========================================================================================
----------------- testing Sun Oct 18 15:51:02 UTC 2020 /home/travis/build/icyphy/ptII/ptolemy/actor/lib/test/auto/Const.xml
----------------- Instantiating /home/travis/build/icyphy/ptII/ptolemy/actor/lib/test/auto/Const.xml
1 ms. Memory: 475136K Free: 280163K (59%)
----------------- Invoking toplevel() on ptolemy.moml.MoMLSimpleApplication@7fb8f92d
----------------- Done invoking toplevel() on ptolemy.moml.MoMLSimpleApplication@7fb8f92d
reloadAllAccessors: .Const

===========================================================================================
----------------- testing Sun Oct 18 15:51:02 UTC 2020 /home/travis/build/icyphy/ptII/ptolemy/actor/lib/test/auto/Const2.xml
----------------- Instantiating /home/travis/build/icyphy/ptII/ptolemy/actor/lib/test/auto/Const2.xml
2 ms. Memory: 475136K Free: 276581K (58%)
----------------- Invoking toplevel() on ptolemy.moml.MoMLSimpleApplication@ecbc8a0
----------------- Done invoking toplevel() on ptolemy.moml.MoMLSimpleApplication@ecbc8a0
reloadAllAccessors: .Const2

===========================================================================================
----------------- testing Sun Oct 18 15:51:02 UTC 2020 /home/travis/build/icyphy/ptII/ptolemy/actor/lib/test/auto/Const3.xml
----------------- Instantiating /home/travis/build/icyphy/ptII/ptolemy/actor/lib/test/auto/Const3.xml
1 ms. Memory: 475136K Free: 273509K (58%)
----------------- Invoking toplevel() on ptolemy.moml.MoMLSimpleApplication@941c72b
----------------- Done invoking toplevel() on ptolemy.moml.MoMLSimpleApplication@941c72b
reloadAllAccessors: .Const3

===========================================================================================
----------------- testing Sun Oct 18 15:51:02 UTC 2020 /home/travis/build/icyphy/ptII/ptolemy/actor/lib/test/auto/ConstantPublisherPort1.xml
----------------- Instantiating /home/travis/build/icyphy/ptII/ptolemy/actor/lib/test/auto/ConstantPublisherPort1.xml
6 ms. Memory: 475136K Free: 264293K (56%)
----------------- Invoking toplevel() on ptolemy.moml.MoMLSimpleApplication@2196e322
----------------- Done invoking toplevel() on ptolemy.moml.MoMLSimpleApplication@2196e322
reloadAllAccessors: .ConstantPublisherPort1

===========================================================================================
----------------- testing Sun Oct 18 15:51:02 UTC 2020 /home/travis/build/icyphy/ptII/ptolemy/actor/lib/test/auto/ConstantPublisherPort2.xml
----------------- Instantiating /home/travis/build/icyphy/ptII/ptolemy/actor/lib/test/auto/ConstantPublisherPort2.xml
4 ms. Memory: 475136K Free: 256611K (54%)
----------------- Invoking toplevel() on ptolemy.moml.MoMLSimpleApplication@2bd55f0d
----------------- Done invoking toplevel() on ptolemy.moml.MoMLSimpleApplication@2bd55f0d
reloadAllAccessors: .ConstantPublisherPort2

===========================================================================================
----------------- testing Sun Oct 18 15:51:02 UTC 2020 /home/travis/build/icyphy/ptII/ptolemy/actor/lib/test/auto/ConstantPublisherPort3.xml
----------------- Instantiating /home/travis/build/icyphy/ptII/ptolemy/actor/lib/test/auto/ConstantPublisherPort3.xml
8 ms. Memory: 475136K Free: 248933K (52%)
----------------- Invoking toplevel() on ptolemy.moml.MoMLSimpleApplication@276147df
----------------- Done invoking toplevel() on ptolemy.moml.MoMLSimpleApplication@276147df
reloadAllAccessors: .ConstantPublisherPort3

===========================================================================================
----------------- testing Sun Oct 18 15:51:02 UTC 2020 /home/travis/build/icyphy/ptII/ptolemy/actor/lib/test/auto/ConstantPublisherPort4.xml
----------------- Instantiating /home/travis/build/icyphy/ptII/ptolemy/actor/lib/test/auto/ConstantPublisherPort4.xml
2 ms. Memory: 475136K Free: 241765K (51%)
----------------- Invoking toplevel() on ptolemy.moml.MoMLSimpleApplication@653b1dbd
----------------- Done invoking toplevel() on ptolemy.moml.MoMLSimpleApplication@653b1dbd
reloadAllAccessors: .ConstantPublisherPort4

===========================================================================================
----------------- testing Sun Oct 18 15:51:02 UTC 2020 /home/travis/build/icyphy/ptII/ptolemy/actor/lib/test/auto/ConstantPublisherPort5.xml
----------------- Instantiating /home/travis/build/icyphy/ptII/ptolemy/actor/lib/test/auto/ConstantPublisherPort5.xml
25 ms. Memory: 475136K Free: 233059K (49%)
----------------- Invoking toplevel() on ptolemy.moml.MoMLSimpleApplication@16c2571f
----------------- Done invoking toplevel() on ptolemy.moml.MoMLSimpleApplication@16c2571f
reloadAllAccessors: .ConstantPublisherPort5

===========================================================================================
----------------- testing Sun Oct 18 15:51:02 UTC 2020 /home/travis/build/icyphy/ptII/ptolemy/actor/lib/test/auto/ConstantPublisherPort6.xml
----------------- Instantiating /home/travis/build/icyphy/ptII/ptolemy/actor/lib/test/auto/ConstantPublisherPort6.xml
17 ms. Memory: 475136K Free: 223843K (47%)
----------------- Invoking toplevel() on ptolemy.moml.MoMLSimpleApplication@3e98a21e
----------------- Done invoking toplevel() on ptolemy.moml.MoMLSimpleApplication@3e98a21e
reloadAllAccessors: .ConstantPublisherPort6

===========================================================================================
----------------- testing Sun Oct 18 15:51:02 UTC 2020 /home/travis/build/icyphy/ptII/ptolemy/actor/lib/test/auto/ConstantPublisherPort7.xml
----------------- Instantiating /home/travis/build/icyphy/ptII/ptolemy/actor/lib/test/auto/ConstantPublisherPort7.xml
15 ms. Memory: 475136K Free: 214627K (45%)
----------------- Invoking toplevel() on ptolemy.moml.MoMLSimpleApplication@251827ac
----------------- Done invoking toplevel() on ptolemy.moml.MoMLSimpleApplication@251827ac
reloadAllAccessors: .ConstantPublisherPort7

===========================================================================================
----------------- testing Sun Oct 18 15:51:03 UTC 2020 /home/travis/build/icyphy/ptII/ptolemy/actor/lib/test/auto/ConstraintMonitor1.xml
----------------- Instantiating /home/travis/build/icyphy/ptII/ptolemy/actor/lib/test/auto/ConstraintMonitor1.xml
9 ms. Memory: 475136K Free: 210021K (44%)
----------------- Invoking toplevel() on ptolemy.moml.MoMLSimpleApplication@22eed2ec
----------------- Done invoking toplevel() on ptolemy.moml.MoMLSimpleApplication@22eed2ec
reloadAllAccessors: .ConstraintMonitor1

===========================================================================================
----------------- testing Sun Oct 18 15:51:03 UTC 2020 /home/travis/build/icyphy/ptII/ptolemy/actor/lib/test/auto/ConstraintMonitor2.xml
----------------- Instantiating /home/travis/build/icyphy/ptII/ptolemy/actor/lib/test/auto/ConstraintMonitor2.xml
11 ms. Memory: 475136K Free: 423156K (89%)
----------------- Invoking toplevel() on ptolemy.moml.MoMLSimpleApplication@59fa7057
----------------- Done invoking toplevel() on ptolemy.moml.MoMLSimpleApplication@59fa7057
reloadAllAccessors: .ConstraintMonitor2

===========================================================================================
----------------- testing Sun Oct 18 15:51:03 UTC 2020 /home/travis/build/icyphy/ptII/ptolemy/actor/lib/test/auto/ConstraintMonitor3.xml
----------------- Instantiating /home/travis/build/icyphy/ptII/ptolemy/actor/lib/test/auto/ConstraintMonitor3.xml
5 ms. Memory: 475136K Free: 417893K (88%)
----------------- Invoking toplevel() on ptolemy.moml.MoMLSimpleApplication@6a08b0e4
----------------- Done invoking toplevel() on ptolemy.moml.MoMLSimpleApplication@6a08b0e4
reloadAllAccessors: .ConstraintMonitor3

===========================================================================================
----------------- testing Sun Oct 18 15:51:03 UTC 2020 /home/travis/build/icyphy/ptII/ptolemy/actor/lib/test/auto/ConstraintMonitor4.xml
----------------- Instantiating /home/travis/build/icyphy/ptII/ptolemy/actor/lib/test/auto/ConstraintMonitor4.xml
4 ms. Memory: 475136K Free: 412773K (87%)
----------------- Invoking toplevel() on ptolemy.moml.MoMLSimpleApplication@5dc3a1ec
----------------- Done invoking toplevel() on ptolemy.moml.MoMLSimpleApplication@5dc3a1ec
reloadAllAccessors: .ConstraintMonitor4

===========================================================================================
----------------- testing Sun Oct 18 15:51:03 UTC 2020 /home/travis/build/icyphy/ptII/ptolemy/actor/lib/test/auto/ConstraintMonitor5.xml
----------------- Instantiating /home/travis/build/icyphy/ptII/ptolemy/actor/lib/test/auto/ConstraintMonitor5.xml
1 ms. Memory: 475136K Free: 408163K (86%)
----------------- Invoking toplevel() on ptolemy.moml.MoMLSimpleApplication@606d3859
----------------- Done invoking toplevel() on ptolemy.moml.MoMLSimpleApplication@606d3859
reloadAllAccessors: .ConstraintMonitor5

===========================================================================================
----------------- testing Sun Oct 18 15:51:03 UTC 2020 /home/travis/build/icyphy/ptII/ptolemy/actor/lib/test/auto/ConstraintMonitor6.xml
----------------- Instantiating /home/travis/build/icyphy/ptII/ptolemy/actor/lib/test/auto/ConstraintMonitor6.xml
3 ms. Memory: 475136K Free: 402004K (85%)
----------------- Invoking toplevel() on ptolemy.moml.MoMLSimpleApplication@46f1fb3e
----------------- Done invoking toplevel() on ptolemy.moml.MoMLSimpleApplication@46f1fb3e
reloadAllAccessors: .ConstraintMonitor6

===========================================================================================
----------------- testing Sun Oct 18 15:51:03 UTC 2020 /home/travis/build/icyphy/ptII/ptolemy/actor/lib/test/auto/ConstraintMonitor7.xml
----------------- Instantiating /home/travis/build/icyphy/ptII/ptolemy/actor/lib/test/auto/ConstraintMonitor7.xml
5 ms. Memory: 475136K Free: 395365K (83%)
----------------- Invoking toplevel() on ptolemy.moml.MoMLSimpleApplication@68860fc2
----------------- Done invoking toplevel() on ptolemy.moml.MoMLSimpleApplication@68860fc2
reloadAllAccessors: .ConstraintMonitor7

===========================================================================================
----------------- testing Sun Oct 18 15:51:03 UTC 2020 /home/travis/build/icyphy/ptII/ptolemy/actor/lib/test/auto/ConstraintMonitor8.xml
----------------- Instantiating /home/travis/build/icyphy/ptII/ptolemy/actor/lib/test/auto/ConstraintMonitor8.xml
6 ms. Memory: 475136K Free: 388197K (82%)
----------------- Invoking toplevel() on ptolemy.moml.MoMLSimpleApplication@d74aad9
----------------- Done invoking toplevel() on ptolemy.moml.MoMLSimpleApplication@d74aad9
reloadAllAccessors: .ConstraintMonitor8

===========================================================================================
----------------- testing Sun Oct 18 15:51:03 UTC 2020 /home/travis/build/icyphy/ptII/ptolemy/actor/lib/test/auto/Counter.xml
----------------- Instantiating /home/travis/build/icyphy/ptII/ptolemy/actor/lib/test/auto/Counter.xml
2 ms. Memory: 475136K Free: 382563K (81%)
----------------- Invoking toplevel() on ptolemy.moml.MoMLSimpleApplication@2c40cd09
----------------- Done invoking toplevel() on ptolemy.moml.MoMLSimpleApplication@2c40cd09
reloadAllAccessors: .Counter

===========================================================================================
----------------- testing Sun Oct 18 15:51:03 UTC 2020 /home/travis/build/icyphy/ptII/ptolemy/actor/lib/test/auto/CurrentTimeSDF.xml
----------------- Instantiating /home/travis/build/icyphy/ptII/ptolemy/actor/lib/test/auto/CurrentTimeSDF.xml
1 ms. Memory: 475136K Free: 378467K (80%)
----------------- Invoking toplevel() on ptolemy.moml.MoMLSimpleApplication@1ff75301
----------------- Done invoking toplevel() on ptolemy.moml.MoMLSimpleApplication@1ff75301
reloadAllAccessors: .CurrentTimeSDF

===========================================================================================
----------------- testing Sun Oct 18 15:51:03 UTC 2020 /home/travis/build/icyphy/ptII/ptolemy/actor/lib/test/auto/DB.xml
----------------- Instantiating /home/travis/build/icyphy/ptII/ptolemy/actor/lib/test/auto/DB.xml
2 ms. Memory: 475136K Free: 373861K (79%)
----------------- Invoking toplevel() on ptolemy.moml.MoMLSimpleApplication@2f0d25a5
----------------- Done invoking toplevel() on ptolemy.moml.MoMLSimpleApplication@2f0d25a5
reloadAllAccessors: .DB

===========================================================================================
----------------- testing Sun Oct 18 15:51:03 UTC 2020 /home/travis/build/icyphy/ptII/ptolemy/actor/lib/test/auto/DBDE.xml
----------------- Instantiating /home/travis/build/icyphy/ptII/ptolemy/actor/lib/test/auto/DBDE.xml
2 ms. Memory: 475136K Free: 367717K (77%)
----------------- Invoking toplevel() on ptolemy.moml.MoMLSimpleApplication@52f8d199
----------------- Done invoking toplevel() on ptolemy.moml.MoMLSimpleApplication@52f8d199
reloadAllAccessors: .DBDE

===========================================================================================
----------------- testing Sun Oct 18 15:51:03 UTC 2020 /home/travis/build/icyphy/ptII/ptolemy/actor/lib/test/auto/DateConstructor.xml
----------------- Instantiating /home/travis/build/icyphy/ptII/ptolemy/actor/lib/test/auto/DateConstructor.xml
31 ms. Memory: 475136K Free: 349795K (74%)
----------------- Invoking toplevel() on ptolemy.moml.MoMLSimpleApplication@45180c06
----------------- Done invoking toplevel() on ptolemy.moml.MoMLSimpleApplication@45180c06
reloadAllAccessors: .DateConstructor

===========================================================================================
----------------- testing Sun Oct 18 15:51:03 UTC 2020 /home/travis/build/icyphy/ptII/ptolemy/actor/lib/test/auto/DelayTime.xml
----------------- Instantiating /home/travis/build/icyphy/ptII/ptolemy/actor/lib/test/auto/DelayTime.xml
5 ms. Memory: 475136K Free: 345189K (73%)
----------------- Invoking toplevel() on ptolemy.moml.MoMLSimpleApplication@33dd0815
----------------- Done invoking toplevel() on ptolemy.moml.MoMLSimpleApplication@33dd0815
reloadAllAccessors: .DelayTime

===========================================================================================
----------------- testing Sun Oct 18 15:51:03 UTC 2020 /home/travis/build/icyphy/ptII/ptolemy/actor/lib/test/auto/Dictionary1.xml
----------------- Instantiating /home/travis/build/icyphy/ptII/ptolemy/actor/lib/test/auto/Dictionary1.xml
3 ms. Memory: 475136K Free: 339555K (71%)
----------------- Invoking toplevel() on ptolemy.moml.MoMLSimpleApplication@6bf04aa8
----------------- Done invoking toplevel() on ptolemy.moml.MoMLSimpleApplication@6bf04aa8
reloadAllAccessors: .Dictionary1

===========================================================================================
----------------- testing Sun Oct 18 15:51:03 UTC 2020 /home/travis/build/icyphy/ptII/ptolemy/actor/lib/test/auto/Dictionary2.xml
----------------- Instantiating /home/travis/build/icyphy/ptII/ptolemy/actor/lib/test/auto/Dictionary2.xml
3 ms. Memory: 475136K Free: 333925K (70%)
----------------- Invoking toplevel() on ptolemy.moml.MoMLSimpleApplication@378f84fb
----------------- Done invoking toplevel() on ptolemy.moml.MoMLSimpleApplication@378f84fb
reloadAllAccessors: .Dictionary2

===========================================================================================
----------------- testing Sun Oct 18 15:51:03 UTC 2020 /home/travis/build/icyphy/ptII/ptolemy/actor/lib/test/auto/Dictionary3.xml
----------------- Instantiating /home/travis/build/icyphy/ptII/ptolemy/actor/lib/test/auto/Dictionary3.xml
2 ms. Memory: 475136K Free: 328291K (69%)
----------------- Invoking toplevel() on ptolemy.moml.MoMLSimpleApplication@4aae4ec0
----------------- Done invoking toplevel() on ptolemy.moml.MoMLSimpleApplication@4aae4ec0
reloadAllAccessors: .Dictionary3

===========================================================================================
----------------- testing Sun Oct 18 15:51:03 UTC 2020 /home/travis/build/icyphy/ptII/ptolemy/actor/lib/test/auto/Dictionary4.xml
----------------- Instantiating /home/travis/build/icyphy/ptII/ptolemy/actor/lib/test/auto/Dictionary4.xml
3 ms. Memory: 475136K Free: 321637K (68%)
----------------- Invoking toplevel() on ptolemy.moml.MoMLSimpleApplication@17db73be
----------------- Done invoking toplevel() on ptolemy.moml.MoMLSimpleApplication@17db73be
reloadAllAccessors: .Dictionary4

===========================================================================================
----------------- testing Sun Oct 18 15:51:03 UTC 2020 /home/travis/build/icyphy/ptII/ptolemy/actor/lib/test/auto/Differential.xml
----------------- Instantiating /home/travis/build/icyphy/ptII/ptolemy/actor/lib/test/auto/Differential.xml
3 ms. Memory: 475136K Free: 317027K (67%)
----------------- Invoking toplevel() on ptolemy.moml.MoMLSimpleApplication@58b2fc61
----------------- Done invoking toplevel() on ptolemy.moml.MoMLSimpleApplication@58b2fc61
reloadAllAccessors: .Differential

===========================================================================================
----------------- testing Sun Oct 18 15:51:03 UTC 2020 /home/travis/build/icyphy/ptII/ptolemy/actor/lib/test/auto/Director.xml
----------------- Instantiating /home/travis/build/icyphy/ptII/ptolemy/actor/lib/test/auto/Director.xml
4 ms. Memory: 475136K Free: 313445K (66%)
----------------- Invoking toplevel() on ptolemy.moml.MoMLSimpleApplication@24689c06
----------------- Done invoking toplevel() on ptolemy.moml.MoMLSimpleApplication@24689c06
reloadAllAccessors: .Director

===========================================================================================
----------------- testing Sun Oct 18 15:51:03 UTC 2020 /home/travis/build/icyphy/ptII/ptolemy/actor/lib/test/auto/DiscreteClock.xml
----------------- Instantiating /home/travis/build/icyphy/ptII/ptolemy/actor/lib/test/auto/DiscreteClock.xml
3 ms. Memory: 475136K Free: 309859K (65%)
----------------- Invoking toplevel() on ptolemy.moml.MoMLSimpleApplication@5f1fdf0c
----------------- Done invoking toplevel() on ptolemy.moml.MoMLSimpleApplication@5f1fdf0c
reloadAllAccessors: .DiscreteClock

===========================================================================================
----------------- testing Sun Oct 18 15:51:03 UTC 2020 /home/travis/build/icyphy/ptII/ptolemy/actor/lib/test/auto/DiscreteClock10.xml
----------------- Instantiating /home/travis/build/icyphy/ptII/ptolemy/actor/lib/test/auto/DiscreteClock10.xml
2 ms. Memory: 475136K Free: 303715K (64%)
----------------- Invoking toplevel() on ptolemy.moml.MoMLSimpleApplication@743b028b
----------------- Done invoking toplevel() on ptolemy.moml.MoMLSimpleApplication@743b028b
reloadAllAccessors: .DiscreteClock10

===========================================================================================
----------------- testing Sun Oct 18 15:51:03 UTC 2020 /home/travis/build/icyphy/ptII/ptolemy/actor/lib/test/auto/DiscreteClock11.xml
----------------- Instantiating /home/travis/build/icyphy/ptII/ptolemy/actor/lib/test/auto/DiscreteClock11.xml
2 ms. Memory: 475136K Free: 297571K (63%)
----------------- Invoking toplevel() on ptolemy.moml.MoMLSimpleApplication@39ad79d
----------------- Done invoking toplevel() on ptolemy.moml.MoMLSimpleApplication@39ad79d
reloadAllAccessors: .DiscreteClock11

===========================================================================================
----------------- testing Sun Oct 18 15:51:03 UTC 2020 /home/travis/build/icyphy/ptII/ptolemy/actor/lib/test/auto/DiscreteClock12.xml
----------------- Instantiating /home/travis/build/icyphy/ptII/ptolemy/actor/lib/test/auto/DiscreteClock12.xml
3 ms. Memory: 475136K Free: 291427K (61%)
----------------- Invoking toplevel() on ptolemy.moml.MoMLSimpleApplication@27183f67
----------------- Done invoking toplevel() on ptolemy.moml.MoMLSimpleApplication@27183f67
reloadAllAccessors: .DiscreteClock12

===========================================================================================
----------------- testing Sun Oct 18 15:51:03 UTC 2020 /home/travis/build/icyphy/ptII/ptolemy/actor/lib/test/auto/DiscreteClock13.xml
----------------- Instantiating /home/travis/build/icyphy/ptII/ptolemy/actor/lib/test/auto/DiscreteClock13.xml
3 ms. Memory: 475136K Free: 285797K (60%)
----------------- Invoking toplevel() on ptolemy.moml.MoMLSimpleApplication@1765cb63
----------------- Done invoking toplevel() on ptolemy.moml.MoMLSimpleApplication@1765cb63
reloadAllAccessors: .DiscreteClock13

===========================================================================================
----------------- testing Sun Oct 18 15:51:03 UTC 2020 /home/travis/build/icyphy/ptII/ptolemy/actor/lib/test/auto/DiscreteClock14.xml
----------------- Instantiating /home/travis/build/icyphy/ptII/ptolemy/actor/lib/test/auto/DiscreteClock14.xml
2 ms. Memory: 475136K Free: 279653K (59%)
----------------- Invoking toplevel() on ptolemy.moml.MoMLSimpleApplication@441ec6e
----------------- Done invoking toplevel() on ptolemy.moml.MoMLSimpleApplication@441ec6e
reloadAllAccessors: .DiscreteClock14

===========================================================================================
----------------- testing Sun Oct 18 15:51:03 UTC 2020 /home/travis/build/icyphy/ptII/ptolemy/actor/lib/test/auto/DiscreteClock15.xml
----------------- Instantiating /home/travis/build/icyphy/ptII/ptolemy/actor/lib/test/auto/DiscreteClock15.xml
3 ms. Memory: 475136K Free: 273509K (58%)
----------------- Invoking toplevel() on ptolemy.moml.MoMLSimpleApplication@7ccc3b72
----------------- Done invoking toplevel() on ptolemy.moml.MoMLSimpleApplication@7ccc3b72
reloadAllAccessors: .DiscreteClock15

===========================================================================================
----------------- testing Sun Oct 18 15:51:03 UTC 2020 /home/travis/build/icyphy/ptII/ptolemy/actor/lib/test/auto/DiscreteClock16.xml
----------------- Instantiating /home/travis/build/icyphy/ptII/ptolemy/actor/lib/test/auto/DiscreteClock16.xml
20 ms. Memory: 475136K Free: 259668K (55%)
----------------- Invoking toplevel() on ptolemy.moml.MoMLSimpleApplication@3b5877b5
----------------- Done invoking toplevel() on ptolemy.moml.MoMLSimpleApplication@3b5877b5
reloadAllAccessors: .DiscreteClock16

===========================================================================================
----------------- testing Sun Oct 18 15:51:03 UTC 2020 /home/travis/build/icyphy/ptII/ptolemy/actor/lib/test/auto/DiscreteClock17.xml
----------------- Instantiating /home/travis/build/icyphy/ptII/ptolemy/actor/lib/test/auto/DiscreteClock17.xml
14 ms. Memory: 475136K Free: 245332K (52%)
----------------- Invoking toplevel() on ptolemy.moml.MoMLSimpleApplication@1a1856d3
----------------- Done invoking toplevel() on ptolemy.moml.MoMLSimpleApplication@1a1856d3
reloadAllAccessors: .DiscreteClock17

===========================================================================================
----------------- testing Sun Oct 18 15:51:03 UTC 2020 /home/travis/build/icyphy/ptII/ptolemy/actor/lib/test/auto/DiscreteClock18.xml
----------------- Instantiating /home/travis/build/icyphy/ptII/ptolemy/actor/lib/test/auto/DiscreteClock18.xml
25 ms. Memory: 475136K Free: 232020K (49%)
----------------- Invoking toplevel() on ptolemy.moml.MoMLSimpleApplication@236b1a1c
----------------- Done invoking toplevel() on ptolemy.moml.MoMLSimpleApplication@236b1a1c
reloadAllAccessors: .DiscreteClock18

===========================================================================================
----------------- testing Sun Oct 18 15:51:03 UTC 2020 /home/travis/build/icyphy/ptII/ptolemy/actor/lib/test/auto/DiscreteClock19.xml
----------------- Instantiating /home/travis/build/icyphy/ptII/ptolemy/actor/lib/test/auto/DiscreteClock19.xml
21 ms. Memory: 475136K Free: 218211K (46%)
----------------- Invoking toplevel() on ptolemy.moml.MoMLSimpleApplication@7bf10e98
----------------- Done invoking toplevel() on ptolemy.moml.MoMLSimpleApplication@7bf10e98
reloadAllAccessors: .DiscreteClock19

===========================================================================================
----------------- testing Sun Oct 18 15:51:03 UTC 2020 /home/travis/build/icyphy/ptII/ptolemy/actor/lib/test/auto/DiscreteClock2.xml
----------------- Instantiating /home/travis/build/icyphy/ptII/ptolemy/actor/lib/test/auto/DiscreteClock2.xml
8 ms. Memory: 475136K Free: 213093K (45%)
----------------- Invoking toplevel() on ptolemy.moml.MoMLSimpleApplication@4e2717e6
----------------- Done invoking toplevel() on ptolemy.moml.MoMLSimpleApplication@4e2717e6
reloadAllAccessors: .DiscreteClock2

===========================================================================================
----------------- testing Sun Oct 18 15:51:03 UTC 2020 /home/travis/build/icyphy/ptII/ptolemy/actor/lib/test/auto/DiscreteClock20.xml
----------------- Instantiating /home/travis/build/icyphy/ptII/ptolemy/actor/lib/test/auto/DiscreteClock20.xml
7 ms. Memory: 475136K Free: 207973K (44%)
----------------- Invoking toplevel() on ptolemy.moml.MoMLSimpleApplication@655e17d0
----------------- Done invoking toplevel() on ptolemy.moml.MoMLSimpleApplication@655e17d0
reloadAllAccessors: .DiscreteClock20

===========================================================================================
----------------- testing Sun Oct 18 15:51:03 UTC 2020 /home/travis/build/icyphy/ptII/ptolemy/actor/lib/test/auto/DiscreteClock21.xml
----------------- Instantiating /home/travis/build/icyphy/ptII/ptolemy/actor/lib/test/auto/DiscreteClock21.xml
3 ms. Memory: 475136K Free: 202339K (43%)
----------------- Invoking toplevel() on ptolemy.moml.MoMLSimpleApplication@77ecb0e2
----------------- Done invoking toplevel() on ptolemy.moml.MoMLSimpleApplication@77ecb0e2
reloadAllAccessors: .DiscreteClock21

===========================================================================================
----------------- testing Sun Oct 18 15:51:03 UTC 2020 /home/travis/build/icyphy/ptII/ptolemy/actor/lib/test/auto/DiscreteClock22.xml
----------------- Instantiating /home/travis/build/icyphy/ptII/ptolemy/actor/lib/test/auto/DiscreteClock22.xml
6 ms. Memory: 475136K Free: 196709K (41%)
----------------- Invoking toplevel() on ptolemy.moml.MoMLSimpleApplication@58292cc0
----------------- Done invoking toplevel() on ptolemy.moml.MoMLSimpleApplication@58292cc0
reloadAllAccessors: .DiscreteClock22

===========================================================================================
----------------- testing Sun Oct 18 15:51:03 UTC 2020 /home/travis/build/icyphy/ptII/ptolemy/actor/lib/test/auto/DiscreteClock23.xml
----------------- Instantiating /home/travis/build/icyphy/ptII/ptolemy/actor/lib/test/auto/DiscreteClock23.xml
6 ms. Memory: 475136K Free: 191075K (40%)
----------------- Invoking toplevel() on ptolemy.moml.MoMLSimpleApplication@c6b4f47
----------------- Done invoking toplevel() on ptolemy.moml.MoMLSimpleApplication@c6b4f47
reloadAllAccessors: .DiscreteClock23

===========================================================================================
----------------- testing Sun Oct 18 15:51:03 UTC 2020 /home/travis/build/icyphy/ptII/ptolemy/actor/lib/test/auto/DiscreteClock24.xml
----------------- Instantiating /home/travis/build/icyphy/ptII/ptolemy/actor/lib/test/auto/DiscreteClock24.xml
6 ms. Memory: 475136K Free: 185955K (39%)
----------------- Invoking toplevel() on ptolemy.moml.MoMLSimpleApplication@6f477a21
----------------- Done invoking toplevel() on ptolemy.moml.MoMLSimpleApplication@6f477a21
reloadAllAccessors: .DiscreteClock24

===========================================================================================
----------------- testing Sun Oct 18 15:51:04 UTC 2020 /home/travis/build/icyphy/ptII/ptolemy/actor/lib/test/auto/DiscreteClock4.xml
----------------- Instantiating /home/travis/build/icyphy/ptII/ptolemy/actor/lib/test/auto/DiscreteClock4.xml
4 ms. Memory: 475136K Free: 180325K (38%)
----------------- Invoking toplevel() on ptolemy.moml.MoMLSimpleApplication@3fe3582a
----------------- Done invoking toplevel() on ptolemy.moml.MoMLSimpleApplication@3fe3582a
reloadAllAccessors: .DiscreteClock4

===========================================================================================
----------------- testing Sun Oct 18 15:51:04 UTC 2020 /home/travis/build/icyphy/ptII/ptolemy/actor/lib/test/auto/DiscreteClock5.xml
----------------- Instantiating /home/travis/build/icyphy/ptII/ptolemy/actor/lib/test/auto/DiscreteClock5.xml
2 ms. Memory: 475136K Free: 174684K (37%)
----------------- Invoking toplevel() on ptolemy.moml.MoMLSimpleApplication@64b0041a
----------------- Done invoking toplevel() on ptolemy.moml.MoMLSimpleApplication@64b0041a
reloadAllAccessors: .DiscreteClock5

===========================================================================================
----------------- testing Sun Oct 18 15:51:04 UTC 2020 /home/travis/build/icyphy/ptII/ptolemy/actor/lib/test/auto/DiscreteClock6.xml
----------------- Instantiating /home/travis/build/icyphy/ptII/ptolemy/actor/lib/test/auto/DiscreteClock6.xml
2 ms. Memory: 475136K Free: 170085K (36%)
----------------- Invoking toplevel() on ptolemy.moml.MoMLSimpleApplication@3fad76b6
----------------- Done invoking toplevel() on ptolemy.moml.MoMLSimpleApplication@3fad76b6
reloadAllAccessors: .DiscreteClock6

===========================================================================================
----------------- testing Sun Oct 18 15:51:04 UTC 2020 /home/travis/build/icyphy/ptII/ptolemy/actor/lib/test/auto/DiscreteClock7.xml
----------------- Instantiating /home/travis/build/icyphy/ptII/ptolemy/actor/lib/test/auto/DiscreteClock7.xml
2 ms. Memory: 475136K Free: 165475K (35%)
----------------- Invoking toplevel() on ptolemy.moml.MoMLSimpleApplication@64089f02
----------------- Done invoking toplevel() on ptolemy.moml.MoMLSimpleApplication@64089f02
reloadAllAccessors: .DiscreteClock7

===========================================================================================
----------------- testing Sun Oct 18 15:51:04 UTC 2020 /home/travis/build/icyphy/ptII/ptolemy/actor/lib/test/auto/DiscreteClock8.xml
----------------- Instantiating /home/travis/build/icyphy/ptII/ptolemy/actor/lib/test/auto/DiscreteClock8.xml
4 ms. Memory: 475136K Free: 160324K (34%)
----------------- Invoking toplevel() on ptolemy.moml.MoMLSimpleApplication@3aa67b09
----------------- Done invoking toplevel() on ptolemy.moml.MoMLSimpleApplication@3aa67b09
reloadAllAccessors: .DiscreteClock8

===========================================================================================
----------------- testing Sun Oct 18 15:51:04 UTC 2020 /home/travis/build/icyphy/ptII/ptolemy/actor/lib/test/auto/DiscreteClock9.xml
----------------- Instantiating /home/travis/build/icyphy/ptII/ptolemy/actor/lib/test/auto/DiscreteClock9.xml
5 ms. Memory: 475136K Free: 154180K (32%)
----------------- Invoking toplevel() on ptolemy.moml.MoMLSimpleApplication@17be60fe
----------------- Done invoking toplevel() on ptolemy.moml.MoMLSimpleApplication@17be60fe
reloadAllAccessors: .DiscreteClock9

===========================================================================================
----------------- testing Sun Oct 18 15:51:04 UTC 2020 /home/travis/build/icyphy/ptII/ptolemy/actor/lib/test/auto/DisplayArray.xml
----------------- Instantiating /home/travis/build/icyphy/ptII/ptolemy/actor/lib/test/auto/DisplayArray.xml
2 ms. Memory: 475136K Free: 150629K (32%)
----------------- Invoking toplevel() on ptolemy.moml.MoMLSimpleApplication@177d08b0
----------------- Done invoking toplevel() on ptolemy.moml.MoMLSimpleApplication@177d08b0
reloadAllAccessors: .DisplayArray

===========================================================================================
----------------- testing Sun Oct 18 15:51:04 UTC 2020 /home/travis/build/icyphy/ptII/ptolemy/actor/lib/test/auto/Distributor.xml
----------------- Instantiating /home/travis/build/icyphy/ptII/ptolemy/actor/lib/test/auto/Distributor.xml
24 ms. Memory: 475136K Free: 423013K (89%)
----------------- Invoking toplevel() on ptolemy.moml.MoMLSimpleApplication@3694005c
----------------- Done invoking toplevel() on ptolemy.moml.MoMLSimpleApplication@3694005c
reloadAllAccessors: .Distributor

===========================================================================================
----------------- testing Sun Oct 18 15:51:04 UTC 2020 /home/travis/build/icyphy/ptII/ptolemy/actor/lib/test/auto/Distributor2.xml
----------------- Instantiating /home/travis/build/icyphy/ptII/ptolemy/actor/lib/test/auto/Distributor2.xml
1 ms. Memory: 475136K Free: 417379K (88%)
----------------- Invoking toplevel() on ptolemy.moml.MoMLSimpleApplication@a7e34ad
----------------- Done invoking toplevel() on ptolemy.moml.MoMLSimpleApplication@a7e34ad
reloadAllAccessors: .Distributor2

===========================================================================================
----------------- testing Sun Oct 18 15:51:04 UTC 2020 /home/travis/build/icyphy/ptII/ptolemy/actor/lib/test/auto/DownSample.xml
----------------- Instantiating /home/travis/build/icyphy/ptII/ptolemy/actor/lib/test/auto/DownSample.xml
1 ms. Memory: 475136K Free: 412773K (87%)
----------------- Invoking toplevel() on ptolemy.moml.MoMLSimpleApplication@45018a06
----------------- Done invoking toplevel() on ptolemy.moml.MoMLSimpleApplication@45018a06
reloadAllAccessors: .DownSample

===========================================================================================
----------------- testing Sun Oct 18 15:51:04 UTC 2020 /home/travis/build/icyphy/ptII/ptolemy/actor/lib/test/auto/ElectronicUnitBase1.xml
----------------- Instantiating /home/travis/build/icyphy/ptII/ptolemy/actor/lib/test/auto/ElectronicUnitBase1.xml
18 ms. Memory: 475136K Free: 397413K (84%)
----------------- Invoking toplevel() on ptolemy.moml.MoMLSimpleApplication@42429576
----------------- Done invoking toplevel() on ptolemy.moml.MoMLSimpleApplication@42429576
reloadAllAccessors: .ElectronicUnitBase1

===========================================================================================
----------------- testing Sun Oct 18 15:51:04 UTC 2020 /home/travis/build/icyphy/ptII/ptolemy/actor/lib/test/auto/ElementsToArray.xml
----------------- Instantiating /home/travis/build/icyphy/ptII/ptolemy/actor/lib/test/auto/ElementsToArray.xml
2 ms. Memory: 475136K Free: 392293K (83%)
----------------- Invoking toplevel() on ptolemy.moml.MoMLSimpleApplication@185152e7
----------------- Done invoking toplevel() on ptolemy.moml.MoMLSimpleApplication@185152e7
reloadAllAccessors: .ElementsToArray

===========================================================================================
----------------- testing Sun Oct 18 15:51:04 UTC 2020 /home/travis/build/icyphy/ptII/ptolemy/actor/lib/test/auto/Equals.xml
----------------- Instantiating /home/travis/build/icyphy/ptII/ptolemy/actor/lib/test/auto/Equals.xml
3 ms. Memory: 475136K Free: 387683K (82%)
----------------- Invoking toplevel() on ptolemy.moml.MoMLSimpleApplication@6198824e
----------------- Done invoking toplevel() on ptolemy.moml.MoMLSimpleApplication@6198824e
reloadAllAccessors: .Equals

===========================================================================================
----------------- testing Sun Oct 18 15:51:04 UTC 2020 /home/travis/build/icyphy/ptII/ptolemy/actor/lib/test/auto/Exec.xml
----------------- Instantiating /home/travis/build/icyphy/ptII/ptolemy/actor/lib/test/auto/Exec.xml
19 ms. Memory: 475136K Free: 382053K (80%)
----------------- Invoking toplevel() on ptolemy.moml.MoMLSimpleApplication@59255b59
----------------- Done invoking toplevel() on ptolemy.moml.MoMLSimpleApplication@59255b59
reloadAllAccessors: .Exec

===========================================================================================
----------------- testing Sun Oct 18 15:51:04 UTC 2020 /home/travis/build/icyphy/ptII/ptolemy/actor/lib/test/auto/ExecEnvironment.xml
----------------- Instantiating /home/travis/build/icyphy/ptII/ptolemy/actor/lib/test/auto/ExecEnvironment.xml
43 ms. Memory: 475136K Free: 375909K (79%)
----------------- Invoking toplevel() on ptolemy.moml.MoMLSimpleApplication@6711ed85
----------------- Done invoking toplevel() on ptolemy.moml.MoMLSimpleApplication@6711ed85
reloadAllAccessors: .ExecEnvironment

===========================================================================================
----------------- testing Sun Oct 18 15:51:04 UTC 2020 /home/travis/build/icyphy/ptII/ptolemy/actor/lib/test/auto/ExecNonZeroReturnOutput.xml
----------------- Instantiating /home/travis/build/icyphy/ptII/ptolemy/actor/lib/test/auto/ExecNonZeroReturnOutput.xml
171 ms. Memory: 475136K Free: 365155K (77%)
----------------- Invoking toplevel() on ptolemy.moml.MoMLSimpleApplication@3b4d02ba
----------------- Done invoking toplevel() on ptolemy.moml.MoMLSimpleApplication@3b4d02ba
reloadAllAccessors: .ExecNonZeroReturnOutput

===========================================================================================
----------------- testing Sun Oct 18 15:51:04 UTC 2020 /home/travis/build/icyphy/ptII/ptolemy/actor/lib/test/auto/ExecRunDemos.xml
----------------- Instantiating /home/travis/build/icyphy/ptII/ptolemy/actor/lib/test/auto/ExecRunDemos.xml
Finished: 148 ms. Memory: 129024K Free: 112177K (87%)

Finished: 92 ms. Memory: 129024K Free: 109535K (85%)

Finished: 88 ms. Memory: 129024K Free: 109749K (85%)

Finished: 67 ms. Memory: 129024K Free: 111022K (86%)

Finished: 85 ms. Memory: 129024K Free: 111879K (87%)

10840 ms. Memory: 475136K Free: 344163K (72%)
----------------- Invoking toplevel() on ptolemy.moml.MoMLSimpleApplication@556d2d51
----------------- Done invoking toplevel() on ptolemy.moml.MoMLSimpleApplication@556d2d51
reloadAllAccessors: .ExecRunDemos

===========================================================================================
----------------- testing Sun Oct 18 15:51:15 UTC 2020 /home/travis/build/icyphy/ptII/ptolemy/actor/lib/test/auto/ExecStop.xml
----------------- Instantiating /home/travis/build/icyphy/ptII/ptolemy/actor/lib/test/auto/ExecStop.xml
5022 ms. Memory: 475136K Free: 221285K (47%)
----------------- Invoking toplevel() on ptolemy.moml.MoMLSimpleApplication@50df0eec
----------------- Done invoking toplevel() on ptolemy.moml.MoMLSimpleApplication@50df0eec
reloadAllAccessors: .ExecStop

===========================================================================================
----------------- testing Sun Oct 18 15:51:20 UTC 2020 /home/travis/build/icyphy/ptII/ptolemy/actor/lib/test/auto/ExecutionTimeSDF.xml
----------------- Instantiating /home/travis/build/icyphy/ptII/ptolemy/actor/lib/test/auto/ExecutionTimeSDF.xml
Fired ExecutionTime: -426967296
Fired ExecutionTime: 1333600000
Fired ExecutionTime: 188632704
6005 ms. Memory: 475136K Free: 208997K (44%)
----------------- Invoking toplevel() on ptolemy.moml.MoMLSimpleApplication@7c5dd42b
----------------- Done invoking toplevel() on ptolemy.moml.MoMLSimpleApplication@7c5dd42b
reloadAllAccessors: .ExecutionTimeSDF

===========================================================================================
----------------- testing Sun Oct 18 15:51:26 UTC 2020 /home/travis/build/icyphy/ptII/ptolemy/actor/lib/test/auto/Expression1.xml
----------------- Instantiating /home/travis/build/icyphy/ptII/ptolemy/actor/lib/test/auto/Expression1.xml
1 ms. Memory: 475136K Free: 205411K (43%)
----------------- Invoking toplevel() on ptolemy.moml.MoMLSimpleApplication@78494333
----------------- Done invoking toplevel() on ptolemy.moml.MoMLSimpleApplication@78494333
reloadAllAccessors: .Expression1

===========================================================================================
----------------- testing Sun Oct 18 15:51:26 UTC 2020 /home/travis/build/icyphy/ptII/ptolemy/actor/lib/test/auto/Expression10.xml
----------------- Instantiating /home/travis/build/icyphy/ptII/ptolemy/actor/lib/test/auto/Expression10.xml
5 ms. Memory: 475136K Free: 199781K (42%)
----------------- Invoking toplevel() on ptolemy.moml.MoMLSimpleApplication@351a6beb
----------------- Done invoking toplevel() on ptolemy.moml.MoMLSimpleApplication@351a6beb
reloadAllAccessors: .Expression10

===========================================================================================
----------------- testing Sun Oct 18 15:51:26 UTC 2020 /home/travis/build/icyphy/ptII/ptolemy/actor/lib/test/auto/Expression11.xml
----------------- Instantiating /home/travis/build/icyphy/ptII/ptolemy/actor/lib/test/auto/Expression11.xml
4 ms. Memory: 475136K Free: 195685K (41%)
----------------- Invoking toplevel() on ptolemy.moml.MoMLSimpleApplication@5548c178
----------------- Done invoking toplevel() on ptolemy.moml.MoMLSimpleApplication@5548c178
reloadAllAccessors: .Expression11

===========================================================================================
----------------- testing Sun Oct 18 15:51:26 UTC 2020 /home/travis/build/icyphy/ptII/ptolemy/actor/lib/test/auto/Expression12.xml
----------------- Instantiating /home/travis/build/icyphy/ptII/ptolemy/actor/lib/test/auto/Expression12.xml
3 ms. Memory: 475136K Free: 190051K (40%)
----------------- Invoking toplevel() on ptolemy.moml.MoMLSimpleApplication@163b415d
----------------- Done invoking toplevel() on ptolemy.moml.MoMLSimpleApplication@163b415d
reloadAllAccessors: .Expression12

===========================================================================================
----------------- testing Sun Oct 18 15:51:26 UTC 2020 /home/travis/build/icyphy/ptII/ptolemy/actor/lib/test/auto/Expression13.xml
----------------- Instantiating /home/travis/build/icyphy/ptII/ptolemy/actor/lib/test/auto/Expression13.xml
4 ms. Memory: 475136K Free: 184931K (39%)
----------------- Invoking toplevel() on ptolemy.moml.MoMLSimpleApplication@c18fbc7
----------------- Done invoking toplevel() on ptolemy.moml.MoMLSimpleApplication@c18fbc7
reloadAllAccessors: .Expression13

===========================================================================================
----------------- testing Sun Oct 18 15:51:26 UTC 2020 /home/travis/build/icyphy/ptII/ptolemy/actor/lib/test/auto/Expression14.xml
----------------- Instantiating /home/travis/build/icyphy/ptII/ptolemy/actor/lib/test/auto/Expression14.xml
8 ms. Memory: 475136K Free: 178787K (38%)
----------------- Invoking toplevel() on ptolemy.moml.MoMLSimpleApplication@196ec076
----------------- Done invoking toplevel() on ptolemy.moml.MoMLSimpleApplication@196ec076
reloadAllAccessors: .Expression14

===========================================================================================
----------------- testing Sun Oct 18 15:51:26 UTC 2020 /home/travis/build/icyphy/ptII/ptolemy/actor/lib/test/auto/Expression15.xml
----------------- Instantiating /home/travis/build/icyphy/ptII/ptolemy/actor/lib/test/auto/Expression15.xml
2 ms. Memory: 475136K Free: 175205K (37%)
----------------- Invoking toplevel() on ptolemy.moml.MoMLSimpleApplication@3263b79c
----------------- Done invoking toplevel() on ptolemy.moml.MoMLSimpleApplication@3263b79c
reloadAllAccessors: .Expression15

===========================================================================================
----------------- testing Sun Oct 18 15:51:26 UTC 2020 /home/travis/build/icyphy/ptII/ptolemy/actor/lib/test/auto/Expression16.xml
----------------- Instantiating /home/travis/build/icyphy/ptII/ptolemy/actor/lib/test/auto/Expression16.xml
3 ms. Memory: 475136K Free: 169571K (36%)
----------------- Invoking toplevel() on ptolemy.moml.MoMLSimpleApplication@4801f85e
----------------- Done invoking toplevel() on ptolemy.moml.MoMLSimpleApplication@4801f85e
reloadAllAccessors: .Expression16

===========================================================================================
----------------- testing Sun Oct 18 15:51:26 UTC 2020 /home/travis/build/icyphy/ptII/ptolemy/actor/lib/test/auto/Expression17.xml
----------------- Instantiating /home/travis/build/icyphy/ptII/ptolemy/actor/lib/test/auto/Expression17.xml
3 ms. Memory: 475136K Free: 164451K (35%)
----------------- Invoking toplevel() on ptolemy.moml.MoMLSimpleApplication@19b6815a
----------------- Done invoking toplevel() on ptolemy.moml.MoMLSimpleApplication@19b6815a
reloadAllAccessors: .Expression17

===========================================================================================
----------------- testing Sun Oct 18 15:51:26 UTC 2020 /home/travis/build/icyphy/ptII/ptolemy/actor/lib/test/auto/Expression18.xml
----------------- Instantiating /home/travis/build/icyphy/ptII/ptolemy/actor/lib/test/auto/Expression18.xml
3 ms. Memory: 475136K Free: 159331K (34%)
----------------- Invoking toplevel() on ptolemy.moml.MoMLSimpleApplication@5d427e1b
----------------- Done invoking toplevel() on ptolemy.moml.MoMLSimpleApplication@5d427e1b
reloadAllAccessors: .Expression18

===========================================================================================
----------------- testing Sun Oct 18 15:51:26 UTC 2020 /home/travis/build/icyphy/ptII/ptolemy/actor/lib/test/auto/Expression2.xml
----------------- Instantiating /home/travis/build/icyphy/ptII/ptolemy/actor/lib/test/auto/Expression2.xml
3 ms. Memory: 475136K Free: 154211K (32%)
----------------- Invoking toplevel() on ptolemy.moml.MoMLSimpleApplication@4a1ffd7b
----------------- Done invoking toplevel() on ptolemy.moml.MoMLSimpleApplication@4a1ffd7b
reloadAllAccessors: .Expression2

===========================================================================================
----------------- testing Sun Oct 18 15:51:26 UTC 2020 /home/travis/build/icyphy/ptII/ptolemy/actor/lib/test/auto/Expression3.xml
----------------- Instantiating /home/travis/build/icyphy/ptII/ptolemy/actor/lib/test/auto/Expression3.xml
6 ms. Memory: 475136K Free: 149605K (31%)
----------------- Invoking toplevel() on ptolemy.moml.MoMLSimpleApplication@3d2219f3
----------------- Done invoking toplevel() on ptolemy.moml.MoMLSimpleApplication@3d2219f3
reloadAllAccessors: .Expression3

===========================================================================================
----------------- testing Sun Oct 18 15:51:26 UTC 2020 /home/travis/build/icyphy/ptII/ptolemy/actor/lib/test/auto/Expression4.xml
----------------- Instantiating /home/travis/build/icyphy/ptII/ptolemy/actor/lib/test/auto/Expression4.xml
3 ms. Memory: 475136K Free: 418403K (88%)
----------------- Invoking toplevel() on ptolemy.moml.MoMLSimpleApplication@3b2066a0
----------------- Done invoking toplevel() on ptolemy.moml.MoMLSimpleApplication@3b2066a0
reloadAllAccessors: .Expression4

===========================================================================================
----------------- testing Sun Oct 18 15:51:26 UTC 2020 /home/travis/build/icyphy/ptII/ptolemy/actor/lib/test/auto/Expression5.xml
----------------- Instantiating /home/travis/build/icyphy/ptII/ptolemy/actor/lib/test/auto/Expression5.xml
4 ms. Memory: 475136K Free: 413283K (87%)
----------------- Invoking toplevel() on ptolemy.moml.MoMLSimpleApplication@52cadba2
----------------- Done invoking toplevel() on ptolemy.moml.MoMLSimpleApplication@52cadba2
reloadAllAccessors: .Expression5

===========================================================================================
----------------- testing Sun Oct 18 15:51:26 UTC 2020 /home/travis/build/icyphy/ptII/ptolemy/actor/lib/test/auto/Expression6.xml
----------------- Instantiating /home/travis/build/icyphy/ptII/ptolemy/actor/lib/test/auto/Expression6.xml
2 ms. Memory: 475136K Free: 408677K (86%)
----------------- Invoking toplevel() on ptolemy.moml.MoMLSimpleApplication@1ed5d79
----------------- Done invoking toplevel() on ptolemy.moml.MoMLSimpleApplication@1ed5d79
reloadAllAccessors: .Expression6

===========================================================================================
----------------- testing Sun Oct 18 15:51:26 UTC 2020 /home/travis/build/icyphy/ptII/ptolemy/actor/lib/test/auto/Expression7.xml
----------------- Instantiating /home/travis/build/icyphy/ptII/ptolemy/actor/lib/test/auto/Expression7.xml
2 ms. Memory: 475136K Free: 403557K (85%)
----------------- Invoking toplevel() on ptolemy.moml.MoMLSimpleApplication@5a011757
----------------- Done invoking toplevel() on ptolemy.moml.MoMLSimpleApplication@5a011757
reloadAllAccessors: .Expression7

===========================================================================================
----------------- testing Sun Oct 18 15:51:26 UTC 2020 /home/travis/build/icyphy/ptII/ptolemy/actor/lib/test/auto/Expression8.xml
----------------- Instantiating /home/travis/build/icyphy/ptII/ptolemy/actor/lib/test/auto/Expression8.xml
8 ms. Memory: 475136K Free: 398437K (84%)
----------------- Invoking toplevel() on ptolemy.moml.MoMLSimpleApplication@45bce671
----------------- Done invoking toplevel() on ptolemy.moml.MoMLSimpleApplication@45bce671
reloadAllAccessors: .Expression8

===========================================================================================
----------------- testing Sun Oct 18 15:51:26 UTC 2020 /home/travis/build/icyphy/ptII/ptolemy/actor/lib/test/auto/Expression9.xml
----------------- Instantiating /home/travis/build/icyphy/ptII/ptolemy/actor/lib/test/auto/Expression9.xml
1 ms. Memory: 475136K Free: 394341K (83%)
----------------- Invoking toplevel() on ptolemy.moml.MoMLSimpleApplication@503f20f4
----------------- Done invoking toplevel() on ptolemy.moml.MoMLSimpleApplication@503f20f4
reloadAllAccessors: .Expression9

===========================================================================================
----------------- testing Sun Oct 18 15:51:26 UTC 2020 /home/travis/build/icyphy/ptII/ptolemy/actor/lib/test/auto/ExpressionConcatenateArrayType.xml
----------------- Instantiating /home/travis/build/icyphy/ptII/ptolemy/actor/lib/test/auto/ExpressionConcatenateArrayType.xml
4 ms. Memory: 475136K Free: 387683K (82%)
----------------- Invoking toplevel() on ptolemy.moml.MoMLSimpleApplication@4b0dc2f6
----------------- Done invoking toplevel() on ptolemy.moml.MoMLSimpleApplication@4b0dc2f6
reloadAllAccessors: .ExpressionConcatenateArrayType

===========================================================================================
----------------- testing Sun Oct 18 15:51:26 UTC 2020 /home/travis/build/icyphy/ptII/ptolemy/actor/lib/test/auto/ExpressionConcatenateArrayType2.xml
----------------- Instantiating /home/travis/build/icyphy/ptII/ptolemy/actor/lib/test/auto/ExpressionConcatenateArrayType2.xml
2 ms. Memory: 475136K Free: 381539K (80%)
----------------- Invoking toplevel() on ptolemy.moml.MoMLSimpleApplication@7c6e9bbb
----------------- Done invoking toplevel() on ptolemy.moml.MoMLSimpleApplication@7c6e9bbb
reloadAllAccessors: .ExpressionConcatenateArrayType2

===========================================================================================
----------------- testing Sun Oct 18 15:51:26 UTC 2020 /home/travis/build/icyphy/ptII/ptolemy/actor/lib/test/auto/ExpressionFix.xml
----------------- Instantiating /home/travis/build/icyphy/ptII/ptolemy/actor/lib/test/auto/ExpressionFix.xml
22 ms. Memory: 475136K Free: 375395K (79%)
----------------- Invoking toplevel() on ptolemy.moml.MoMLSimpleApplication@69e9d5bf
----------------- Done invoking toplevel() on ptolemy.moml.MoMLSimpleApplication@69e9d5bf
reloadAllAccessors: .ExpressionFix

===========================================================================================
----------------- testing Sun Oct 18 15:51:27 UTC 2020 /home/travis/build/icyphy/ptII/ptolemy/actor/lib/test/auto/ExpressionFix2.xml
----------------- Instantiating /home/travis/build/icyphy/ptII/ptolemy/actor/lib/test/auto/ExpressionFix2.xml
4 ms. Memory: 475136K Free: 371299K (78%)
----------------- Invoking toplevel() on ptolemy.moml.MoMLSimpleApplication@1fa8a4c3
----------------- Done invoking toplevel() on ptolemy.moml.MoMLSimpleApplication@1fa8a4c3
reloadAllAccessors: .ExpressionFix2

===========================================================================================
----------------- testing Sun Oct 18 15:51:27 UTC 2020 /home/travis/build/icyphy/ptII/ptolemy/actor/lib/test/auto/ExpressionFix3.xml
----------------- Instantiating /home/travis/build/icyphy/ptII/ptolemy/actor/lib/test/auto/ExpressionFix3.xml
3 ms. Memory: 475136K Free: 366693K (77%)
----------------- Invoking toplevel() on ptolemy.moml.MoMLSimpleApplication@6dd6b6e9
----------------- Done invoking toplevel() on ptolemy.moml.MoMLSimpleApplication@6dd6b6e9
reloadAllAccessors: .ExpressionFix3

===========================================================================================
----------------- testing Sun Oct 18 15:51:27 UTC 2020 /home/travis/build/icyphy/ptII/ptolemy/actor/lib/test/auto/FileWriter1.xml
----------------- Instantiating /home/travis/build/icyphy/ptII/ptolemy/actor/lib/test/auto/FileWriter1.xml
5 ms. Memory: 475136K Free: 362597K (76%)
----------------- Invoking toplevel() on ptolemy.moml.MoMLSimpleApplication@565df17a
----------------- Done invoking toplevel() on ptolemy.moml.MoMLSimpleApplication@565df17a
reloadAllAccessors: .FileWriter1

===========================================================================================
----------------- testing Sun Oct 18 15:51:27 UTC 2020 /home/travis/build/icyphy/ptII/ptolemy/actor/lib/test/auto/FileWriter2.xml
----------------- Instantiating /home/travis/build/icyphy/ptII/ptolemy/actor/lib/test/auto/FileWriter2.xml
2 ms. Memory: 475136K Free: 357972K (75%)
----------------- Invoking toplevel() on ptolemy.moml.MoMLSimpleApplication@4eef172
----------------- Done invoking toplevel() on ptolemy.moml.MoMLSimpleApplication@4eef172
reloadAllAccessors: .FileWriter2

===========================================================================================
----------------- testing Sun Oct 18 15:51:27 UTC 2020 /home/travis/build/icyphy/ptII/ptolemy/actor/lib/test/auto/FileWriter3.xml
----------------- Instantiating /home/travis/build/icyphy/ptII/ptolemy/actor/lib/test/auto/FileWriter3.xml
4 ms. Memory: 475136K Free: 353891K (74%)
----------------- Invoking toplevel() on ptolemy.moml.MoMLSimpleApplication@12f8a4b
----------------- Done invoking toplevel() on ptolemy.moml.MoMLSimpleApplication@12f8a4b
reloadAllAccessors: .FileWriter3

===========================================================================================
----------------- testing Sun Oct 18 15:51:27 UTC 2020 /home/travis/build/icyphy/ptII/ptolemy/actor/lib/test/auto/Gaussian.xml
----------------- Instantiating /home/travis/build/icyphy/ptII/ptolemy/actor/lib/test/auto/Gaussian.xml
2 ms. Memory: 475136K Free: 349285K (74%)
----------------- Invoking toplevel() on ptolemy.moml.MoMLSimpleApplication@bf4d65e
----------------- Done invoking toplevel() on ptolemy.moml.MoMLSimpleApplication@bf4d65e
reloadAllAccessors: .Gaussian

===========================================================================================
----------------- testing Sun Oct 18 15:51:27 UTC 2020 /home/travis/build/icyphy/ptII/ptolemy/actor/lib/test/auto/Gaussian1.xml
----------------- Instantiating /home/travis/build/icyphy/ptII/ptolemy/actor/lib/test/auto/Gaussian1.xml
9 ms. Memory: 475136K Free: 343636K (72%)
----------------- Invoking toplevel() on ptolemy.moml.MoMLSimpleApplication@2ff81b46
----------------- Done invoking toplevel() on ptolemy.moml.MoMLSimpleApplication@2ff81b46
reloadAllAccessors: .Gaussian1

===========================================================================================
----------------- testing Sun Oct 18 15:51:27 UTC 2020 /home/travis/build/icyphy/ptII/ptolemy/actor/lib/test/auto/Gaussian2.xml
----------------- Instantiating /home/travis/build/icyphy/ptII/ptolemy/actor/lib/test/auto/Gaussian2.xml
3 ms. Memory: 475136K Free: 338021K (71%)
----------------- Invoking toplevel() on ptolemy.moml.MoMLSimpleApplication@43dfe019
----------------- Done invoking toplevel() on ptolemy.moml.MoMLSimpleApplication@43dfe019
reloadAllAccessors: .Gaussian2

===========================================================================================
----------------- testing Sun Oct 18 15:51:27 UTC 2020 /home/travis/build/icyphy/ptII/ptolemy/actor/lib/test/auto/GradientAdaptiveLattice.xml
----------------- Instantiating /home/travis/build/icyphy/ptII/ptolemy/actor/lib/test/auto/GradientAdaptiveLattice.xml
2 ms. Memory: 475136K Free: 333411K (70%)
----------------- Invoking toplevel() on ptolemy.moml.MoMLSimpleApplication@2fddc33d
----------------- Done invoking toplevel() on ptolemy.moml.MoMLSimpleApplication@2fddc33d
reloadAllAccessors: .GradientAdaptiveLattice

===========================================================================================
----------------- testing Sun Oct 18 15:51:27 UTC 2020 /home/travis/build/icyphy/ptII/ptolemy/actor/lib/test/auto/IIR.xml
----------------- Instantiating /home/travis/build/icyphy/ptII/ptolemy/actor/lib/test/auto/IIR.xml
2 ms. Memory: 475136K Free: 328805K (69%)
----------------- Invoking toplevel() on ptolemy.moml.MoMLSimpleApplication@2f3e8beb
----------------- Done invoking toplevel() on ptolemy.moml.MoMLSimpleApplication@2f3e8beb
reloadAllAccessors: .IIR

===========================================================================================
----------------- testing Sun Oct 18 15:51:27 UTC 2020 /home/travis/build/icyphy/ptII/ptolemy/actor/lib/test/auto/InputOutputTransparentPorts.xml
----------------- Instantiating /home/travis/build/icyphy/ptII/ptolemy/actor/lib/test/auto/InputOutputTransparentPorts.xml
3 ms. Memory: 475136K Free: 321123K (68%)
----------------- Invoking toplevel() on ptolemy.moml.MoMLSimpleApplication@197743fc
----------------- Done invoking toplevel() on ptolemy.moml.MoMLSimpleApplication@197743fc
reloadAllAccessors: .InputOutputTransparentPorts

===========================================================================================
----------------- testing Sun Oct 18 15:51:27 UTC 2020 /home/travis/build/icyphy/ptII/ptolemy/actor/lib/test/auto/Interpolator.xml
----------------- Instantiating /home/travis/build/icyphy/ptII/ptolemy/actor/lib/test/auto/Interpolator.xml
3 ms. Memory: 475136K Free: 317027K (67%)
----------------- Invoking toplevel() on ptolemy.moml.MoMLSimpleApplication@5da157d4
----------------- Done invoking toplevel() on ptolemy.moml.MoMLSimpleApplication@5da157d4
reloadAllAccessors: .Interpolator

===========================================================================================
----------------- testing Sun Oct 18 15:51:27 UTC 2020 /home/travis/build/icyphy/ptII/ptolemy/actor/lib/test/auto/InterpolatorFiringLimitDE.xml
----------------- Instantiating /home/travis/build/icyphy/ptII/ptolemy/actor/lib/test/auto/InterpolatorFiringLimitDE.xml
1 ms. Memory: 475136K Free: 310883K (65%)
----------------- Invoking toplevel() on ptolemy.moml.MoMLSimpleApplication@3ef0efae
----------------- Done invoking toplevel() on ptolemy.moml.MoMLSimpleApplication@3ef0efae
reloadAllAccessors: .InterpolatorFiringLimitDE

===========================================================================================
----------------- testing Sun Oct 18 15:51:27 UTC 2020 /home/travis/build/icyphy/ptII/ptolemy/actor/lib/test/auto/Lattice.xml
----------------- Instantiating /home/travis/build/icyphy/ptII/ptolemy/actor/lib/test/auto/Lattice.xml
1 ms. Memory: 475136K Free: 306787K (65%)
----------------- Invoking toplevel() on ptolemy.moml.MoMLSimpleApplication@6b1d2d84
----------------- Done invoking toplevel() on ptolemy.moml.MoMLSimpleApplication@6b1d2d84
reloadAllAccessors: .Lattice

===========================================================================================
----------------- testing Sun Oct 18 15:51:27 UTC 2020 /home/travis/build/icyphy/ptII/ptolemy/actor/lib/test/auto/LazyAOCTestLazy.xml
----------------- Instantiating /home/travis/build/icyphy/ptII/ptolemy/actor/lib/test/auto/LazyAOCTestLazy.xml
7 ms. Memory: 475136K Free: 300628K (63%)
----------------- Invoking toplevel() on ptolemy.moml.MoMLSimpleApplication@447ed0ba
----------------- Done invoking toplevel() on ptolemy.moml.MoMLSimpleApplication@447ed0ba
reloadAllAccessors: .LazyAOCTestLazy

===========================================================================================
----------------- testing Sun Oct 18 15:51:27 UTC 2020 /home/travis/build/icyphy/ptII/ptolemy/actor/lib/test/auto/LazyAOCTestNonLazy.xml
----------------- Instantiating /home/travis/build/icyphy/ptII/ptolemy/actor/lib/test/auto/LazyAOCTestNonLazy.xml
2 ms. Memory: 475136K Free: 294499K (62%)
----------------- Invoking toplevel() on ptolemy.moml.MoMLSimpleApplication@3d7133b4
----------------- Done invoking toplevel() on ptolemy.moml.MoMLSimpleApplication@3d7133b4
reloadAllAccessors: .LazyAOCTestNonLazy

===========================================================================================
----------------- testing Sun Oct 18 15:51:27 UTC 2020 /home/travis/build/icyphy/ptII/ptolemy/actor/lib/test/auto/LazyInnerClass.xml
----------------- Instantiating /home/travis/build/icyphy/ptII/ptolemy/actor/lib/test/auto/LazyInnerClass.xml
16 ms. Memory: 475136K Free: 285797K (60%)
----------------- Invoking toplevel() on ptolemy.moml.MoMLSimpleApplication@4da560fc
----------------- Done invoking toplevel() on ptolemy.moml.MoMLSimpleApplication@4da560fc
reloadAllAccessors: .LazyInnerClass

===========================================================================================
----------------- testing Sun Oct 18 15:51:27 UTC 2020 /home/travis/build/icyphy/ptII/ptolemy/actor/lib/test/auto/LazyPubSub.xml
----------------- Instantiating /home/travis/build/icyphy/ptII/ptolemy/actor/lib/test/auto/LazyPubSub.xml
25 ms. Memory: 475136K Free: 276067K (58%)
----------------- Invoking toplevel() on ptolemy.moml.MoMLSimpleApplication@79ad94de
----------------- Done invoking toplevel() on ptolemy.moml.MoMLSimpleApplication@79ad94de
reloadAllAccessors: .LazyPubSub

===========================================================================================
----------------- testing Sun Oct 18 15:51:27 UTC 2020 /home/travis/build/icyphy/ptII/ptolemy/actor/lib/test/auto/LazyPubSub2.xml
----------------- Instantiating /home/travis/build/icyphy/ptII/ptolemy/actor/lib/test/auto/LazyPubSub2.xml
18 ms. Memory: 475136K Free: 265827K (56%)
----------------- Invoking toplevel() on ptolemy.moml.MoMLSimpleApplication@4ce236b6
----------------- Done invoking toplevel() on ptolemy.moml.MoMLSimpleApplication@4ce236b6
reloadAllAccessors: .LazyPubSub2

===========================================================================================
----------------- testing Sun Oct 18 15:51:27 UTC 2020 /home/travis/build/icyphy/ptII/ptolemy/actor/lib/test/auto/LazyPubSub3.xml
----------------- Instantiating /home/travis/build/icyphy/ptII/ptolemy/actor/lib/test/auto/LazyPubSub3.xml
13 ms. Memory: 475136K Free: 255587K (54%)
----------------- Invoking toplevel() on ptolemy.moml.MoMLSimpleApplication@51d291fa
----------------- Done invoking toplevel() on ptolemy.moml.MoMLSimpleApplication@51d291fa
reloadAllAccessors: .LazyPubSub3

===========================================================================================
----------------- testing Sun Oct 18 15:51:27 UTC 2020 /home/travis/build/icyphy/ptII/ptolemy/actor/lib/test/auto/LazySubClassModel.xml
----------------- Instantiating /home/travis/build/icyphy/ptII/ptolemy/actor/lib/test/auto/LazySubClassModel.xml
2 ms. Memory: 475136K Free: 245861K (52%)
----------------- Invoking toplevel() on ptolemy.moml.MoMLSimpleApplication@4c1cab5c
----------------- Done invoking toplevel() on ptolemy.moml.MoMLSimpleApplication@4c1cab5c
reloadAllAccessors: .LazySubClassModel

===========================================================================================
----------------- testing Sun Oct 18 15:51:27 UTC 2020 /home/travis/build/icyphy/ptII/ptolemy/actor/lib/test/auto/LevelCrossTest1.xml
----------------- Instantiating /home/travis/build/icyphy/ptII/ptolemy/actor/lib/test/auto/LevelCrossTest1.xml
8 ms. Memory: 475136K Free: 240227K (51%)
----------------- Invoking toplevel() on ptolemy.moml.MoMLSimpleApplication@1de136a8
----------------- Done invoking toplevel() on ptolemy.moml.MoMLSimpleApplication@1de136a8
reloadAllAccessors: .broken

===========================================================================================
----------------- testing Sun Oct 18 15:51:27 UTC 2020 /home/travis/build/icyphy/ptII/ptolemy/actor/lib/test/auto/LevelCrossTest10.xml
----------------- Instantiating /home/travis/build/icyphy/ptII/ptolemy/actor/lib/test/auto/LevelCrossTest10.xml
2 ms. Memory: 475136K Free: 233059K (49%)
----------------- Invoking toplevel() on ptolemy.moml.MoMLSimpleApplication@3d94ebd4
----------------- Done invoking toplevel() on ptolemy.moml.MoMLSimpleApplication@3d94ebd4
reloadAllAccessors: .LevelCrossTest10

===========================================================================================
----------------- testing Sun Oct 18 15:51:27 UTC 2020 /home/travis/build/icyphy/ptII/ptolemy/actor/lib/test/auto/LevelCrossTest11.xml
----------------- Instantiating /home/travis/build/icyphy/ptII/ptolemy/actor/lib/test/auto/LevelCrossTest11.xml
1 ms. Memory: 475136K Free: 226405K (48%)
----------------- Invoking toplevel() on ptolemy.moml.MoMLSimpleApplication@53694921
----------------- Done invoking toplevel() on ptolemy.moml.MoMLSimpleApplication@53694921
reloadAllAccessors: .LevelCrossTest11

===========================================================================================
----------------- testing Sun Oct 18 15:51:27 UTC 2020 /home/travis/build/icyphy/ptII/ptolemy/actor/lib/test/auto/LevelCrossTest12.xml
----------------- Instantiating /home/travis/build/icyphy/ptII/ptolemy/actor/lib/test/auto/LevelCrossTest12.xml
1 ms. Memory: 475136K Free: 219237K (46%)
----------------- Invoking toplevel() on ptolemy.moml.MoMLSimpleApplication@36483dc1
----------------- Done invoking toplevel() on ptolemy.moml.MoMLSimpleApplication@36483dc1
reloadAllAccessors: .LevelCrossTest12

===========================================================================================
----------------- testing Sun Oct 18 15:51:27 UTC 2020 /home/travis/build/icyphy/ptII/ptolemy/actor/lib/test/auto/LevelCrossTest13.xml
----------------- Instantiating /home/travis/build/icyphy/ptII/ptolemy/actor/lib/test/auto/LevelCrossTest13.xml
1 ms. Memory: 475136K Free: 210531K (44%)
----------------- Invoking toplevel() on ptolemy.moml.MoMLSimpleApplication@5fb58e79
----------------- Done invoking toplevel() on ptolemy.moml.MoMLSimpleApplication@5fb58e79
reloadAllAccessors: .LevelCrossTest13

===========================================================================================
----------------- testing Sun Oct 18 15:51:27 UTC 2020 /home/travis/build/icyphy/ptII/ptolemy/actor/lib/test/auto/LevelCrossTest2.xml
----------------- Instantiating /home/travis/build/icyphy/ptII/ptolemy/actor/lib/test/auto/LevelCrossTest2.xml
1 ms. Memory: 475136K Free: 204901K (43%)
----------------- Invoking toplevel() on ptolemy.moml.MoMLSimpleApplication@3f4689ac
----------------- Done invoking toplevel() on ptolemy.moml.MoMLSimpleApplication@3f4689ac
reloadAllAccessors: .broken

===========================================================================================
----------------- testing Sun Oct 18 15:51:27 UTC 2020 /home/travis/build/icyphy/ptII/ptolemy/actor/lib/test/auto/LevelCrossTest3.xml
----------------- Instantiating /home/travis/build/icyphy/ptII/ptolemy/actor/lib/test/auto/LevelCrossTest3.xml
1 ms. Memory: 475136K Free: 198757K (42%)
----------------- Invoking toplevel() on ptolemy.moml.MoMLSimpleApplication@6f3d4ede
----------------- Done invoking toplevel() on ptolemy.moml.MoMLSimpleApplication@6f3d4ede
reloadAllAccessors: .LevelCrossTest3

===========================================================================================
----------------- testing Sun Oct 18 15:51:27 UTC 2020 /home/travis/build/icyphy/ptII/ptolemy/actor/lib/test/auto/LevelCrossTest4.xml
----------------- Instantiating /home/travis/build/icyphy/ptII/ptolemy/actor/lib/test/auto/LevelCrossTest4.xml
1 ms. Memory: 475136K Free: 193637K (41%)
----------------- Invoking toplevel() on ptolemy.moml.MoMLSimpleApplication@78309a79
----------------- Done invoking toplevel() on ptolemy.moml.MoMLSimpleApplication@78309a79
reloadAllAccessors: .broken

===========================================================================================
----------------- testing Sun Oct 18 15:51:27 UTC 2020 /home/travis/build/icyphy/ptII/ptolemy/actor/lib/test/auto/LevelCrossTest5.xml
----------------- Instantiating /home/travis/build/icyphy/ptII/ptolemy/actor/lib/test/auto/LevelCrossTest5.xml
4 ms. Memory: 475136K Free: 186469K (39%)
----------------- Invoking toplevel() on ptolemy.moml.MoMLSimpleApplication@52eba53f
----------------- Done invoking toplevel() on ptolemy.moml.MoMLSimpleApplication@52eba53f
reloadAllAccessors: .LevelCrossTest5

===========================================================================================
----------------- testing Sun Oct 18 15:51:27 UTC 2020 /home/travis/build/icyphy/ptII/ptolemy/actor/lib/test/auto/LevelCrossTest6.xml
----------------- Instantiating /home/travis/build/icyphy/ptII/ptolemy/actor/lib/test/auto/LevelCrossTest6.xml
2 ms. Memory: 475136K Free: 179811K (38%)
----------------- Invoking toplevel() on ptolemy.moml.MoMLSimpleApplication@464f4ce5
----------------- Done invoking toplevel() on ptolemy.moml.MoMLSimpleApplication@464f4ce5
reloadAllAccessors: .LevelCrossTest6

===========================================================================================
----------------- testing Sun Oct 18 15:51:27 UTC 2020 /home/travis/build/icyphy/ptII/ptolemy/actor/lib/test/auto/LevelCrossTest7.xml
----------------- Instantiating /home/travis/build/icyphy/ptII/ptolemy/actor/lib/test/auto/LevelCrossTest7.xml
1 ms. Memory: 475136K Free: 172133K (36%)
----------------- Invoking toplevel() on ptolemy.moml.MoMLSimpleApplication@70b7ffc0
----------------- Done invoking toplevel() on ptolemy.moml.MoMLSimpleApplication@70b7ffc0
reloadAllAccessors: .LevelCrossTest7

===========================================================================================
----------------- testing Sun Oct 18 15:51:27 UTC 2020 /home/travis/build/icyphy/ptII/ptolemy/actor/lib/test/auto/LevelCrossTest8.xml
----------------- Instantiating /home/travis/build/icyphy/ptII/ptolemy/actor/lib/test/auto/LevelCrossTest8.xml
1 ms. Memory: 475136K Free: 164965K (35%)
----------------- Invoking toplevel() on ptolemy.moml.MoMLSimpleApplication@738d65ab
----------------- Done invoking toplevel() on ptolemy.moml.MoMLSimpleApplication@738d65ab
reloadAllAccessors: .LevelCrossTest8

===========================================================================================
----------------- testing Sun Oct 18 15:51:27 UTC 2020 /home/travis/build/icyphy/ptII/ptolemy/actor/lib/test/auto/LevelCrossTest9.xml
----------------- Instantiating /home/travis/build/icyphy/ptII/ptolemy/actor/lib/test/auto/LevelCrossTest9.xml
1 ms. Memory: 475136K Free: 158307K (33%)
----------------- Invoking toplevel() on ptolemy.moml.MoMLSimpleApplication@69ed17ba
----------------- Done invoking toplevel() on ptolemy.moml.MoMLSimpleApplication@69ed17ba
reloadAllAccessors: .LevelCrossTest9

===========================================================================================
----------------- testing Sun Oct 18 15:51:27 UTC 2020 /home/travis/build/icyphy/ptII/ptolemy/actor/lib/test/auto/LevinsonDurbin.xml
----------------- Instantiating /home/travis/build/icyphy/ptII/ptolemy/actor/lib/test/auto/LevinsonDurbin.xml
2 ms. Memory: 475136K Free: 154211K (32%)
----------------- Invoking toplevel() on ptolemy.moml.MoMLSimpleApplication@1907c4c3
----------------- Done invoking toplevel() on ptolemy.moml.MoMLSimpleApplication@1907c4c3
reloadAllAccessors: .LevinsonDurbin

===========================================================================================
----------------- testing Sun Oct 18 15:51:27 UTC 2020 /home/travis/build/icyphy/ptII/ptolemy/actor/lib/test/auto/LevinsonDurbin2.xml
----------------- Instantiating /home/travis/build/icyphy/ptII/ptolemy/actor/lib/test/auto/LevinsonDurbin2.xml
3 ms. Memory: 475136K Free: 150115K (32%)
----------------- Invoking toplevel() on ptolemy.moml.MoMLSimpleApplication@47a05e9d
----------------- Done invoking toplevel() on ptolemy.moml.MoMLSimpleApplication@47a05e9d
reloadAllAccessors: .LevinsonDurbin2

===========================================================================================
----------------- testing Sun Oct 18 15:51:27 UTC 2020 /home/travis/build/icyphy/ptII/ptolemy/actor/lib/test/auto/LevinsonDurbin3.xml
----------------- Instantiating /home/travis/build/icyphy/ptII/ptolemy/actor/lib/test/auto/LevinsonDurbin3.xml
32 ms. Memory: 475136K Free: 422726K (89%)
----------------- Invoking toplevel() on ptolemy.moml.MoMLSimpleApplication@a5224f6
----------------- Done invoking toplevel() on ptolemy.moml.MoMLSimpleApplication@a5224f6
reloadAllAccessors: .LevinsonDurbin3

===========================================================================================
----------------- testing Sun Oct 18 15:51:27 UTC 2020 /home/travis/build/icyphy/ptII/ptolemy/actor/lib/test/auto/Limiter.xml
----------------- Instantiating /home/travis/build/icyphy/ptII/ptolemy/actor/lib/test/auto/Limiter.xml
4 ms. Memory: 475136K Free: 413000K (87%)
----------------- Invoking toplevel() on ptolemy.moml.MoMLSimpleApplication@403e47ef
----------------- Done invoking toplevel() on ptolemy.moml.MoMLSimpleApplication@403e47ef
reloadAllAccessors: .Limiter

===========================================================================================
----------------- testing Sun Oct 18 15:51:27 UTC 2020 /home/travis/build/icyphy/ptII/ptolemy/actor/lib/test/auto/LinearDifferenceEquationSystem.xml
----------------- Instantiating /home/travis/build/icyphy/ptII/ptolemy/actor/lib/test/auto/LinearDifferenceEquationSystem.xml
12 ms. Memory: 475136K Free: 405318K (85%)
----------------- Invoking toplevel() on ptolemy.moml.MoMLSimpleApplication@3c423ed7
----------------- Done invoking toplevel() on ptolemy.moml.MoMLSimpleApplication@3c423ed7
reloadAllAccessors: .LinearDifferenceEquationSystem

===========================================================================================
----------------- testing Sun Oct 18 15:51:27 UTC 2020 /home/travis/build/icyphy/ptII/ptolemy/actor/lib/test/auto/LookupTable.xml
----------------- Instantiating /home/travis/build/icyphy/ptII/ptolemy/actor/lib/test/auto/LookupTable.xml
1 ms. Memory: 475136K Free: 400712K (84%)
----------------- Invoking toplevel() on ptolemy.moml.MoMLSimpleApplication@6dad4363
----------------- Done invoking toplevel() on ptolemy.moml.MoMLSimpleApplication@6dad4363
reloadAllAccessors: .LookupTable

===========================================================================================
----------------- testing Sun Oct 18 15:51:27 UTC 2020 /home/travis/build/icyphy/ptII/ptolemy/actor/lib/test/auto/MathFunction.xml
----------------- Instantiating /home/travis/build/icyphy/ptII/ptolemy/actor/lib/test/auto/MathFunction.xml
2 ms. Memory: 475136K Free: 392520K (83%)
----------------- Invoking toplevel() on ptolemy.moml.MoMLSimpleApplication@23cfb4c1
----------------- Done invoking toplevel() on ptolemy.moml.MoMLSimpleApplication@23cfb4c1
reloadAllAccessors: .MathFunction

===========================================================================================
----------------- testing Sun Oct 18 15:51:27 UTC 2020 /home/travis/build/icyphy/ptII/ptolemy/actor/lib/test/auto/MathFunction2.xml
----------------- Instantiating /home/travis/build/icyphy/ptII/ptolemy/actor/lib/test/auto/MathFunction2.xml
4 ms. Memory: 475136K Free: 388424K (82%)
----------------- Invoking toplevel() on ptolemy.moml.MoMLSimpleApplication@5a83bb34
----------------- Done invoking toplevel() on ptolemy.moml.MoMLSimpleApplication@5a83bb34
reloadAllAccessors: .MathFunction2

===========================================================================================
----------------- testing Sun Oct 18 15:51:27 UTC 2020 /home/travis/build/icyphy/ptII/ptolemy/actor/lib/test/auto/MathFunction3.xml
----------------- Instantiating /home/travis/build/icyphy/ptII/ptolemy/actor/lib/test/auto/MathFunction3.xml
3 ms. Memory: 475136K Free: 381256K (80%)
----------------- Invoking toplevel() on ptolemy.moml.MoMLSimpleApplication@26e0eb2a
----------------- Done invoking toplevel() on ptolemy.moml.MoMLSimpleApplication@26e0eb2a
reloadAllAccessors: .MathFunction3

===========================================================================================
----------------- testing Sun Oct 18 15:51:28 UTC 2020 /home/travis/build/icyphy/ptII/ptolemy/actor/lib/test/auto/MatrixCropBoolean.xml
----------------- Instantiating /home/travis/build/icyphy/ptII/ptolemy/actor/lib/test/auto/MatrixCropBoolean.xml
2 ms. Memory: 475136K Free: 376136K (79%)
----------------- Invoking toplevel() on ptolemy.moml.MoMLSimpleApplication@3ecf648a
----------------- Done invoking toplevel() on ptolemy.moml.MoMLSimpleApplication@3ecf648a
reloadAllAccessors: .MatrixCropBoolean

===========================================================================================
----------------- testing Sun Oct 18 15:51:28 UTC 2020 /home/travis/build/icyphy/ptII/ptolemy/actor/lib/test/auto/MatrixCropComplex.xml
----------------- Instantiating /home/travis/build/icyphy/ptII/ptolemy/actor/lib/test/auto/MatrixCropComplex.xml
1 ms. Memory: 475136K Free: 371016K (78%)
----------------- Invoking toplevel() on ptolemy.moml.MoMLSimpleApplication@5cfb5a05
----------------- Done invoking toplevel() on ptolemy.moml.MoMLSimpleApplication@5cfb5a05
reloadAllAccessors: .MatrixCropComplex

===========================================================================================
----------------- testing Sun Oct 18 15:51:28 UTC 2020 /home/travis/build/icyphy/ptII/ptolemy/actor/lib/test/auto/MatrixCropDouble.xml
----------------- Instantiating /home/travis/build/icyphy/ptII/ptolemy/actor/lib/test/auto/MatrixCropDouble.xml
2 ms. Memory: 475136K Free: 365896K (77%)
----------------- Invoking toplevel() on ptolemy.moml.MoMLSimpleApplication@457d7bb4
----------------- Done invoking toplevel() on ptolemy.moml.MoMLSimpleApplication@457d7bb4
reloadAllAccessors: .MatrixCropDouble

===========================================================================================
----------------- testing Sun Oct 18 15:51:28 UTC 2020 /home/travis/build/icyphy/ptII/ptolemy/actor/lib/test/auto/MatrixCropFix.xml
----------------- Instantiating /home/travis/build/icyphy/ptII/ptolemy/actor/lib/test/auto/MatrixCropFix.xml
2 ms. Memory: 475136K Free: 360776K (76%)
----------------- Invoking toplevel() on ptolemy.moml.MoMLSimpleApplication@6e14fb14
----------------- Done invoking toplevel() on ptolemy.moml.MoMLSimpleApplication@6e14fb14
reloadAllAccessors: .MatrixCropFix

===========================================================================================
----------------- testing Sun Oct 18 15:51:28 UTC 2020 /home/travis/build/icyphy/ptII/ptolemy/actor/lib/test/auto/MatrixCropInt.xml
----------------- Instantiating /home/travis/build/icyphy/ptII/ptolemy/actor/lib/test/auto/MatrixCropInt.xml
1 ms. Memory: 475136K Free: 356160K (75%)
----------------- Invoking toplevel() on ptolemy.moml.MoMLSimpleApplication@7624dc0d
----------------- Done invoking toplevel() on ptolemy.moml.MoMLSimpleApplication@7624dc0d
reloadAllAccessors: .MatrixCropInt

===========================================================================================
----------------- testing Sun Oct 18 15:51:28 UTC 2020 /home/travis/build/icyphy/ptII/ptolemy/actor/lib/test/auto/MatrixCropLong.xml
----------------- Instantiating /home/travis/build/icyphy/ptII/ptolemy/actor/lib/test/auto/MatrixCropLong.xml
2 ms. Memory: 475136K Free: 351560K (74%)
----------------- Invoking toplevel() on ptolemy.moml.MoMLSimpleApplication@30f5ca93
----------------- Done invoking toplevel() on ptolemy.moml.MoMLSimpleApplication@30f5ca93
reloadAllAccessors: .MatrixCropLong

===========================================================================================
----------------- testing Sun Oct 18 15:51:28 UTC 2020 /home/travis/build/icyphy/ptII/ptolemy/actor/lib/test/auto/MatrixToArray.xml
----------------- Instantiating /home/travis/build/icyphy/ptII/ptolemy/actor/lib/test/auto/MatrixToArray.xml
5 ms. Memory: 475136K Free: 336200K (71%)
----------------- Invoking toplevel() on ptolemy.moml.MoMLSimpleApplication@39dae9c4
----------------- Done invoking toplevel() on ptolemy.moml.MoMLSimpleApplication@39dae9c4
reloadAllAccessors: .MatrixToArray

===========================================================================================
----------------- testing Sun Oct 18 15:51:28 UTC 2020 /home/travis/build/icyphy/ptII/ptolemy/actor/lib/test/auto/MaxIndex.xml
----------------- Instantiating /home/travis/build/icyphy/ptII/ptolemy/actor/lib/test/auto/MaxIndex.xml
2 ms. Memory: 475136K Free: 331080K (70%)
----------------- Invoking toplevel() on ptolemy.moml.MoMLSimpleApplication@7de0d7d7
----------------- Done invoking toplevel() on ptolemy.moml.MoMLSimpleApplication@7de0d7d7
reloadAllAccessors: .MaxIndex

===========================================================================================
----------------- testing Sun Oct 18 15:51:28 UTC 2020 /home/travis/build/icyphy/ptII/ptolemy/actor/lib/test/auto/Maximum.xml
----------------- Instantiating /home/travis/build/icyphy/ptII/ptolemy/actor/lib/test/auto/Maximum.xml
2 ms. Memory: 475136K Free: 324392K (68%)
----------------- Invoking toplevel() on ptolemy.moml.MoMLSimpleApplication@437b1e52
----------------- Done invoking toplevel() on ptolemy.moml.MoMLSimpleApplication@437b1e52
reloadAllAccessors: .Maximum

===========================================================================================
----------------- testing Sun Oct 18 15:51:28 UTC 2020 /home/travis/build/icyphy/ptII/ptolemy/actor/lib/test/auto/MaximumComplex.xml
----------------- Instantiating /home/travis/build/icyphy/ptII/ptolemy/actor/lib/test/auto/MaximumComplex.xml
4 ms. Memory: 475136K Free: 318264K (67%)
----------------- Invoking toplevel() on ptolemy.moml.MoMLSimpleApplication@1d8bf559
----------------- Done invoking toplevel() on ptolemy.moml.MoMLSimpleApplication@1d8bf559
reloadAllAccessors: .MaximumComplex

===========================================================================================
----------------- testing Sun Oct 18 15:51:28 UTC 2020 /home/travis/build/icyphy/ptII/ptolemy/actor/lib/test/auto/MethodCallTest.xml
----------------- Instantiating /home/travis/build/icyphy/ptII/ptolemy/actor/lib/test/auto/MethodCallTest.xml
2 ms. Memory: 475136K Free: 311624K (66%)
----------------- Invoking toplevel() on ptolemy.moml.MoMLSimpleApplication@16b49511
----------------- Done invoking toplevel() on ptolemy.moml.MoMLSimpleApplication@16b49511
reloadAllAccessors: .MethodCallTest

===========================================================================================
----------------- testing Sun Oct 18 15:51:28 UTC 2020 /home/travis/build/icyphy/ptII/ptolemy/actor/lib/test/auto/Minimum.xml
----------------- Instantiating /home/travis/build/icyphy/ptII/ptolemy/actor/lib/test/auto/Minimum.xml
2 ms. Memory: 475136K Free: 305480K (64%)
----------------- Invoking toplevel() on ptolemy.moml.MoMLSimpleApplication@709f52b5
----------------- Done invoking toplevel() on ptolemy.moml.MoMLSimpleApplication@709f52b5
reloadAllAccessors: .Minimum

===========================================================================================
----------------- testing Sun Oct 18 15:51:28 UTC 2020 /home/travis/build/icyphy/ptII/ptolemy/actor/lib/test/auto/MinimumComplex.xml
----------------- Instantiating /home/travis/build/icyphy/ptII/ptolemy/actor/lib/test/auto/MinimumComplex.xml
5 ms. Memory: 475136K Free: 299336K (63%)
----------------- Invoking toplevel() on ptolemy.moml.MoMLSimpleApplication@5296efc4
----------------- Done invoking toplevel() on ptolemy.moml.MoMLSimpleApplication@5296efc4
reloadAllAccessors: .MinimumComplex

===========================================================================================
----------------- testing Sun Oct 18 15:51:28 UTC 2020 /home/travis/build/icyphy/ptII/ptolemy/actor/lib/test/auto/MinimumMultiports.xml
----------------- Instantiating /home/travis/build/icyphy/ptII/ptolemy/actor/lib/test/auto/MinimumMultiports.xml
3 ms. Memory: 475136K Free: 290616K (61%)
----------------- Invoking toplevel() on ptolemy.moml.MoMLSimpleApplication@33d7ec0
----------------- Done invoking toplevel() on ptolemy.moml.MoMLSimpleApplication@33d7ec0
reloadAllAccessors: .MinimumMultiports

===========================================================================================
----------------- testing Sun Oct 18 15:51:28 UTC 2020 /home/travis/build/icyphy/ptII/ptolemy/actor/lib/test/auto/ModifyDate.xml
----------------- Instantiating /home/travis/build/icyphy/ptII/ptolemy/actor/lib/test/auto/ModifyDate.xml
11 ms. Memory: 475136K Free: 277832K (58%)
----------------- Invoking toplevel() on ptolemy.moml.MoMLSimpleApplication@1c3fecdb
----------------- Done invoking toplevel() on ptolemy.moml.MoMLSimpleApplication@1c3fecdb
reloadAllAccessors: .ModifyDate

===========================================================================================
----------------- testing Sun Oct 18 15:51:28 UTC 2020 /home/travis/build/icyphy/ptII/ptolemy/actor/lib/test/auto/ModifyDate2.xml
----------------- Instantiating /home/travis/build/icyphy/ptII/ptolemy/actor/lib/test/auto/ModifyDate2.xml
2 ms. Memory: 475136K Free: 269126K (57%)
----------------- Invoking toplevel() on ptolemy.moml.MoMLSimpleApplication@249f6856
----------------- Done invoking toplevel() on ptolemy.moml.MoMLSimpleApplication@249f6856
reloadAllAccessors: .ModifyDate2

===========================================================================================
----------------- testing Sun Oct 18 15:51:28 UTC 2020 /home/travis/build/icyphy/ptII/ptolemy/actor/lib/test/auto/MovingAverage.xml
----------------- Instantiating /home/travis/build/icyphy/ptII/ptolemy/actor/lib/test/auto/MovingAverage.xml
10 ms. Memory: 475136K Free: 264006K (56%)
----------------- Invoking toplevel() on ptolemy.moml.MoMLSimpleApplication@2aafe450
----------------- Done invoking toplevel() on ptolemy.moml.MoMLSimpleApplication@2aafe450
reloadAllAccessors: .MovingAverage

===========================================================================================
----------------- testing Sun Oct 18 15:51:28 UTC 2020 /home/travis/build/icyphy/ptII/ptolemy/actor/lib/test/auto/MovingMaximum.xml
----------------- Instantiating /home/travis/build/icyphy/ptII/ptolemy/actor/lib/test/auto/MovingMaximum.xml
2 ms. Memory: 475136K Free: 259400K (55%)
----------------- Invoking toplevel() on ptolemy.moml.MoMLSimpleApplication@1cccce2c
----------------- Done invoking toplevel() on ptolemy.moml.MoMLSimpleApplication@1cccce2c
reloadAllAccessors: .MovingMaximum

===========================================================================================
----------------- testing Sun Oct 18 15:51:28 UTC 2020 /home/travis/build/icyphy/ptII/ptolemy/actor/lib/test/auto/MultipleLinksToSameRelation.xml
----------------- Instantiating /home/travis/build/icyphy/ptII/ptolemy/actor/lib/test/auto/MultipleLinksToSameRelation.xml
2 ms. Memory: 475136K Free: 254790K (54%)
----------------- Invoking toplevel() on ptolemy.moml.MoMLSimpleApplication@1042d38d
----------------- Done invoking toplevel() on ptolemy.moml.MoMLSimpleApplication@1042d38d
reloadAllAccessors: .MultipleLinksToSameRelation

===========================================================================================
----------------- testing Sun Oct 18 15:51:28 UTC 2020 /home/travis/build/icyphy/ptII/ptolemy/actor/lib/test/auto/MultipleLinksToSameRelationDE.xml
----------------- Instantiating /home/travis/build/icyphy/ptII/ptolemy/actor/lib/test/auto/MultipleLinksToSameRelationDE.xml
4 ms. Memory: 475136K Free: 250184K (53%)
----------------- Invoking toplevel() on ptolemy.moml.MoMLSimpleApplication@2198f73
----------------- Done invoking toplevel() on ptolemy.moml.MoMLSimpleApplication@2198f73
reloadAllAccessors: .MultipleLinksToSameRelationDE

===========================================================================================
----------------- testing Sun Oct 18 15:51:28 UTC 2020 /home/travis/build/icyphy/ptII/ptolemy/actor/lib/test/auto/Multiplexor.xml
----------------- Instantiating /home/travis/build/icyphy/ptII/ptolemy/actor/lib/test/auto/Multiplexor.xml
2 ms. Memory: 475136K Free: 244550K (51%)
----------------- Invoking toplevel() on ptolemy.moml.MoMLSimpleApplication@345d290e
----------------- Done invoking toplevel() on ptolemy.moml.MoMLSimpleApplication@345d290e
reloadAllAccessors: .Multiplexor

===========================================================================================
----------------- testing Sun Oct 18 15:51:28 UTC 2020 /home/travis/build/icyphy/ptII/ptolemy/actor/lib/test/auto/Multiplexor1.xml
----------------- Instantiating /home/travis/build/icyphy/ptII/ptolemy/actor/lib/test/auto/Multiplexor1.xml
2 ms. Memory: 475136K Free: 238920K (50%)
----------------- Invoking toplevel() on ptolemy.moml.MoMLSimpleApplication@10af9f50
----------------- Done invoking toplevel() on ptolemy.moml.MoMLSimpleApplication@10af9f50
reloadAllAccessors: .Multiplexor1

===========================================================================================
----------------- testing Sun Oct 18 15:51:28 UTC 2020 /home/travis/build/icyphy/ptII/ptolemy/actor/lib/test/auto/Multiplexor2.xml
----------------- Instantiating /home/travis/build/icyphy/ptII/ptolemy/actor/lib/test/auto/Multiplexor2.xml
5 ms. Memory: 475136K Free: 232262K (49%)
----------------- Invoking toplevel() on ptolemy.moml.MoMLSimpleApplication@eb5691d
----------------- Done invoking toplevel() on ptolemy.moml.MoMLSimpleApplication@eb5691d
reloadAllAccessors: .Multiplexor2

===========================================================================================
----------------- testing Sun Oct 18 15:51:28 UTC 2020 /home/travis/build/icyphy/ptII/ptolemy/actor/lib/test/auto/Multiplexor3.xml
----------------- Instantiating /home/travis/build/icyphy/ptII/ptolemy/actor/lib/test/auto/Multiplexor3.xml
1 ms. Memory: 475136K Free: 228166K (48%)
----------------- Invoking toplevel() on ptolemy.moml.MoMLSimpleApplication@75a627c8
----------------- Done invoking toplevel() on ptolemy.moml.MoMLSimpleApplication@75a627c8
reloadAllAccessors: .Multiplexor3

===========================================================================================
----------------- testing Sun Oct 18 15:51:28 UTC 2020 /home/travis/build/icyphy/ptII/ptolemy/actor/lib/test/auto/MultiplexorDE.xml
----------------- Instantiating /home/travis/build/icyphy/ptII/ptolemy/actor/lib/test/auto/MultiplexorDE.xml
1 ms. Memory: 475136K Free: 220488K (46%)
----------------- Invoking toplevel() on ptolemy.moml.MoMLSimpleApplication@60247e3a
----------------- Done invoking toplevel() on ptolemy.moml.MoMLSimpleApplication@60247e3a
reloadAllAccessors: .MultiplexorDE

===========================================================================================
----------------- testing Sun Oct 18 15:51:28 UTC 2020 /home/travis/build/icyphy/ptII/ptolemy/actor/lib/test/auto/MultiportBroadcastTest.xml
----------------- Instantiating /home/travis/build/icyphy/ptII/ptolemy/actor/lib/test/auto/MultiportBroadcastTest.xml
88 ms. Memory: 475136K Free: 214344K (45%)
----------------- Invoking toplevel() on ptolemy.moml.MoMLSimpleApplication@2bd7296d
----------------- Done invoking toplevel() on ptolemy.moml.MoMLSimpleApplication@2bd7296d
reloadAllAccessors: .MultiportBroadcastTest

===========================================================================================
----------------- testing Sun Oct 18 15:51:28 UTC 2020 /home/travis/build/icyphy/ptII/ptolemy/actor/lib/test/auto/MultiportOutHangDuringGetWidth.xml
----------------- Instantiating /home/travis/build/icyphy/ptII/ptolemy/actor/lib/test/auto/MultiportOutHangDuringGetWidth.xml
5 ms. Memory: 475136K Free: 202552K (43%)
----------------- Invoking toplevel() on ptolemy.moml.MoMLSimpleApplication@526db0
----------------- Done invoking toplevel() on ptolemy.moml.MoMLSimpleApplication@526db0
reloadAllAccessors: .MultiportOutHangDuringGetWidth

===========================================================================================
----------------- testing Sun Oct 18 15:51:28 UTC 2020 /home/travis/build/icyphy/ptII/ptolemy/actor/lib/test/auto/NilToken.xml
----------------- Instantiating /home/travis/build/icyphy/ptII/ptolemy/actor/lib/test/auto/NilToken.xml
1 ms. Memory: 475136K Free: 198470K (42%)
----------------- Invoking toplevel() on ptolemy.moml.MoMLSimpleApplication@7dcb5db3
----------------- Done invoking toplevel() on ptolemy.moml.MoMLSimpleApplication@7dcb5db3
reloadAllAccessors: .NilToken

===========================================================================================
----------------- testing Sun Oct 18 15:51:28 UTC 2020 /home/travis/build/icyphy/ptII/ptolemy/actor/lib/test/auto/NilTokenNonStrictTest.xml
----------------- Instantiating /home/travis/build/icyphy/ptII/ptolemy/actor/lib/test/auto/NilTokenNonStrictTest.xml
2 ms. Memory: 475136K Free: 193350K (41%)
----------------- Invoking toplevel() on ptolemy.moml.MoMLSimpleApplication@17c32ebd
----------------- Done invoking toplevel() on ptolemy.moml.MoMLSimpleApplication@17c32ebd
reloadAllAccessors: .NilTokenNonStrictTest

===========================================================================================
----------------- testing Sun Oct 18 15:51:28 UTC 2020 /home/travis/build/icyphy/ptII/ptolemy/actor/lib/test/auto/NilTokenRecord.xml
----------------- Instantiating /home/travis/build/icyphy/ptII/ptolemy/actor/lib/test/auto/NilTokenRecord.xml
6 ms. Memory: 475136K Free: 186696K (39%)
----------------- Invoking toplevel() on ptolemy.moml.MoMLSimpleApplication@39cff6be
----------------- Done invoking toplevel() on ptolemy.moml.MoMLSimpleApplication@39cff6be
reloadAllAccessors: .NilTokenRecord

===========================================================================================
----------------- testing Sun Oct 18 15:51:28 UTC 2020 /home/travis/build/icyphy/ptII/ptolemy/actor/lib/test/auto/NilTokenTypeTest.xml
----------------- Instantiating /home/travis/build/icyphy/ptII/ptolemy/actor/lib/test/auto/NilTokenTypeTest.xml
9 ms. Memory: 475136K Free: 176966K (37%)
----------------- Invoking toplevel() on ptolemy.moml.MoMLSimpleApplication@407e732e
----------------- Done invoking toplevel() on ptolemy.moml.MoMLSimpleApplication@407e732e
reloadAllAccessors: .NilTokenTypeTest

===========================================================================================
----------------- testing Sun Oct 18 15:51:28 UTC 2020 /home/travis/build/icyphy/ptII/ptolemy/actor/lib/test/auto/ObjectToken1.xml
----------------- Instantiating /home/travis/build/icyphy/ptII/ptolemy/actor/lib/test/auto/ObjectToken1.xml
4 ms. Memory: 475136K Free: 172870K (36%)
----------------- Invoking toplevel() on ptolemy.moml.MoMLSimpleApplication@cbbcdfa
----------------- Done invoking toplevel() on ptolemy.moml.MoMLSimpleApplication@cbbcdfa
reloadAllAccessors: .ObjectToken1

===========================================================================================
----------------- testing Sun Oct 18 15:51:28 UTC 2020 /home/travis/build/icyphy/ptII/ptolemy/actor/lib/test/auto/OrderedMerge.xml
----------------- Instantiating /home/travis/build/icyphy/ptII/ptolemy/actor/lib/test/auto/OrderedMerge.xml
9 ms. Memory: 475136K Free: 166726K (35%)
----------------- Invoking toplevel() on ptolemy.moml.MoMLSimpleApplication@6ccc9d3c
----------------- Done invoking toplevel() on ptolemy.moml.MoMLSimpleApplication@6ccc9d3c
reloadAllAccessors: .OrderedMerge

===========================================================================================
----------------- testing Sun Oct 18 15:51:28 UTC 2020 /home/travis/build/icyphy/ptII/ptolemy/actor/lib/test/auto/OrderedRecordDisassembler.xml
----------------- Instantiating /home/travis/build/icyphy/ptII/ptolemy/actor/lib/test/auto/OrderedRecordDisassembler.xml
3 ms. Memory: 475136K Free: 161576K (34%)
----------------- Invoking toplevel() on ptolemy.moml.MoMLSimpleApplication@4ce5e82
----------------- Done invoking toplevel() on ptolemy.moml.MoMLSimpleApplication@4ce5e82
reloadAllAccessors: .OrderedRecordDisassembler

===========================================================================================
----------------- testing Sun Oct 18 15:51:28 UTC 2020 /home/travis/build/icyphy/ptII/ptolemy/actor/lib/test/auto/OrderedRecordDisassembler2.xml
----------------- Instantiating /home/travis/build/icyphy/ptII/ptolemy/actor/lib/test/auto/OrderedRecordDisassembler2.xml
4 ms. Memory: 475136K Free: 153928K (32%)
----------------- Invoking toplevel() on ptolemy.moml.MoMLSimpleApplication@69e0ed09
----------------- Done invoking toplevel() on ptolemy.moml.MoMLSimpleApplication@69e0ed09
reloadAllAccessors: .OrderedRecordDisassembler2

===========================================================================================
----------------- testing Sun Oct 18 15:51:28 UTC 2020 /home/travis/build/icyphy/ptII/ptolemy/actor/lib/test/auto/OrderedRecordUpdater.xml
----------------- Instantiating /home/travis/build/icyphy/ptII/ptolemy/actor/lib/test/auto/OrderedRecordUpdater.xml
2 ms. Memory: 475136K Free: 149318K (31%)
----------------- Invoking toplevel() on ptolemy.moml.MoMLSimpleApplication@e1e10cd
----------------- Done invoking toplevel() on ptolemy.moml.MoMLSimpleApplication@e1e10cd
reloadAllAccessors: .RecordUpdater

===========================================================================================
----------------- testing Sun Oct 18 15:51:28 UTC 2020 /home/travis/build/icyphy/ptII/ptolemy/actor/lib/test/auto/OrderedRecordUpdater2.xml
----------------- Instantiating /home/travis/build/icyphy/ptII/ptolemy/actor/lib/test/auto/OrderedRecordUpdater2.xml
3 ms. Memory: 475136K Free: 419924K (88%)
----------------- Invoking toplevel() on ptolemy.moml.MoMLSimpleApplication@4211b96c
----------------- Done invoking toplevel() on ptolemy.moml.MoMLSimpleApplication@4211b96c
reloadAllAccessors: .RecordUpdater2

===========================================================================================
----------------- testing Sun Oct 18 15:51:28 UTC 2020 /home/travis/build/icyphy/ptII/ptolemy/actor/lib/test/auto/PhaseUnwrap.xml
----------------- Instantiating /home/travis/build/icyphy/ptII/ptolemy/actor/lib/test/auto/PhaseUnwrap.xml
2 ms. Memory: 475136K Free: 414819K (87%)
----------------- Invoking toplevel() on ptolemy.moml.MoMLSimpleApplication@3a1fc970
----------------- Done invoking toplevel() on ptolemy.moml.MoMLSimpleApplication@3a1fc970
reloadAllAccessors: .PhaseUnwrap

===========================================================================================
----------------- testing Sun Oct 18 15:51:28 UTC 2020 /home/travis/build/icyphy/ptII/ptolemy/actor/lib/test/auto/PoissonClock.xml
----------------- Instantiating /home/travis/build/icyphy/ptII/ptolemy/actor/lib/test/auto/PoissonClock.xml
4 ms. Memory: 475136K Free: 410723K (86%)
----------------- Invoking toplevel() on ptolemy.moml.MoMLSimpleApplication@48d9bbf0
----------------- Done invoking toplevel() on ptolemy.moml.MoMLSimpleApplication@48d9bbf0
reloadAllAccessors: .PoissonClock

===========================================================================================
----------------- testing Sun Oct 18 15:51:28 UTC 2020 /home/travis/build/icyphy/ptII/ptolemy/actor/lib/test/auto/PoissonClock2.xml
----------------- Instantiating /home/travis/build/icyphy/ptII/ptolemy/actor/lib/test/auto/PoissonClock2.xml
1 ms. Memory: 475136K Free: 406117K (85%)
----------------- Invoking toplevel() on ptolemy.moml.MoMLSimpleApplication@220835ca
----------------- Done invoking toplevel() on ptolemy.moml.MoMLSimpleApplication@220835ca
reloadAllAccessors: .PoissonClock2

===========================================================================================
----------------- testing Sun Oct 18 15:51:28 UTC 2020 /home/travis/build/icyphy/ptII/ptolemy/actor/lib/test/auto/PoissonClock3.xml
----------------- Instantiating /home/travis/build/icyphy/ptII/ptolemy/actor/lib/test/auto/PoissonClock3.xml
1 ms. Memory: 475136K Free: 401507K (85%)
----------------- Invoking toplevel() on ptolemy.moml.MoMLSimpleApplication@4fc64eaa
----------------- Done invoking toplevel() on ptolemy.moml.MoMLSimpleApplication@4fc64eaa
reloadAllAccessors: .PoissonClock3

===========================================================================================
----------------- testing Sun Oct 18 15:51:28 UTC 2020 /home/travis/build/icyphy/ptII/ptolemy/actor/lib/test/auto/PubSubWithInitialTokens.xml
----------------- Instantiating /home/travis/build/icyphy/ptII/ptolemy/actor/lib/test/auto/PubSubWithInitialTokens.xml
4 ms. Memory: 475136K Free: 395877K (83%)
----------------- Invoking toplevel() on ptolemy.moml.MoMLSimpleApplication@82c785a
----------------- Done invoking toplevel() on ptolemy.moml.MoMLSimpleApplication@82c785a
reloadAllAccessors: .PubSubWithInitialTokens

===========================================================================================
----------------- testing Sun Oct 18 15:51:29 UTC 2020 /home/travis/build/icyphy/ptII/ptolemy/actor/lib/test/auto/PubSubWithInitialTokens2.xml
----------------- Instantiating /home/travis/build/icyphy/ptII/ptolemy/actor/lib/test/auto/PubSubWithInitialTokens2.xml
2 ms. Memory: 475136K Free: 389733K (82%)
----------------- Invoking toplevel() on ptolemy.moml.MoMLSimpleApplication@77b38711
----------------- Done invoking toplevel() on ptolemy.moml.MoMLSimpleApplication@77b38711
reloadAllAccessors: .PubSubWithInitialTokens2

===========================================================================================
----------------- testing Sun Oct 18 15:51:29 UTC 2020 /home/travis/build/icyphy/ptII/ptolemy/actor/lib/test/auto/PublisherClassNoParameter.xml
----------------- Instantiating /home/travis/build/icyphy/ptII/ptolemy/actor/lib/test/auto/PublisherClassNoParameter.xml
3 ms. Memory: 475136K Free: 379988K (80%)
----------------- Invoking toplevel() on ptolemy.moml.MoMLSimpleApplication@fc468e9
----------------- Done invoking toplevel() on ptolemy.moml.MoMLSimpleApplication@fc468e9
reloadAllAccessors: .PublisherClassNoParameter

===========================================================================================
----------------- testing Sun Oct 18 15:51:29 UTC 2020 /home/travis/build/icyphy/ptII/ptolemy/actor/lib/test/auto/PublisherClassParameter.xml
----------------- Instantiating /home/travis/build/icyphy/ptII/ptolemy/actor/lib/test/auto/PublisherClassParameter.xml
2 ms. Memory: 475136K Free: 369748K (78%)
----------------- Invoking toplevel() on ptolemy.moml.MoMLSimpleApplication@1abffcb0
----------------- Done invoking toplevel() on ptolemy.moml.MoMLSimpleApplication@1abffcb0
reloadAllAccessors: .PublisherClassParameter

===========================================================================================
----------------- testing Sun Oct 18 15:51:29 UTC 2020 /home/travis/build/icyphy/ptII/ptolemy/actor/lib/test/auto/PublisherNonStrictTest.xml
----------------- Instantiating /home/travis/build/icyphy/ptII/ptolemy/actor/lib/test/auto/PublisherNonStrictTest.xml
3 ms. Memory: 475136K Free: 361564K (76%)
----------------- Invoking toplevel() on ptolemy.moml.MoMLSimpleApplication@4d493659
----------------- Done invoking toplevel() on ptolemy.moml.MoMLSimpleApplication@4d493659
reloadAllAccessors: .PublisherNonStrictTest

===========================================================================================
----------------- testing Sun Oct 18 15:51:29 UTC 2020 /home/travis/build/icyphy/ptII/ptolemy/actor/lib/test/auto/PublisherPort1.xml
----------------- Instantiating /home/travis/build/icyphy/ptII/ptolemy/actor/lib/test/auto/PublisherPort1.xml
2 ms. Memory: 475136K Free: 355941K (75%)
----------------- Invoking toplevel() on ptolemy.moml.MoMLSimpleApplication@13988c8b
----------------- Done invoking toplevel() on ptolemy.moml.MoMLSimpleApplication@13988c8b
reloadAllAccessors: .PublisherPort1

===========================================================================================
----------------- testing Sun Oct 18 15:51:29 UTC 2020 /home/travis/build/icyphy/ptII/ptolemy/actor/lib/test/auto/PublisherPort2.xml
----------------- Instantiating /home/travis/build/icyphy/ptII/ptolemy/actor/lib/test/auto/PublisherPort2.xml
7 ms. Memory: 475136K Free: 350821K (74%)
----------------- Invoking toplevel() on ptolemy.moml.MoMLSimpleApplication@7ee3550d
----------------- Done invoking toplevel() on ptolemy.moml.MoMLSimpleApplication@7ee3550d
reloadAllAccessors: .PublisherPort2

===========================================================================================
----------------- testing Sun Oct 18 15:51:29 UTC 2020 /home/travis/build/icyphy/ptII/ptolemy/actor/lib/test/auto/PublisherPort3.xml
----------------- Instantiating /home/travis/build/icyphy/ptII/ptolemy/actor/lib/test/auto/PublisherPort3.xml
3 ms. Memory: 475136K Free: 344132K (72%)
----------------- Invoking toplevel() on ptolemy.moml.MoMLSimpleApplication@536604b0
----------------- Done invoking toplevel() on ptolemy.moml.MoMLSimpleApplication@536604b0
reloadAllAccessors: .PublisherPort3

===========================================================================================
----------------- testing Sun Oct 18 15:51:29 UTC 2020 /home/travis/build/icyphy/ptII/ptolemy/actor/lib/test/auto/PublisherPort4.xml
----------------- Instantiating /home/travis/build/icyphy/ptII/ptolemy/actor/lib/test/auto/PublisherPort4.xml
2 ms. Memory: 475136K Free: 338533K (71%)
----------------- Invoking toplevel() on ptolemy.moml.MoMLSimpleApplication@28e2b91f
----------------- Done invoking toplevel() on ptolemy.moml.MoMLSimpleApplication@28e2b91f
reloadAllAccessors: .PublisherPort4

===========================================================================================
----------------- testing Sun Oct 18 15:51:29 UTC 2020 /home/travis/build/icyphy/ptII/ptolemy/actor/lib/test/auto/PublisherPort5.xml
----------------- Instantiating /home/travis/build/icyphy/ptII/ptolemy/actor/lib/test/auto/PublisherPort5.xml
3 ms. Memory: 475136K Free: 330851K (70%)
----------------- Invoking toplevel() on ptolemy.moml.MoMLSimpleApplication@4ea37608
----------------- Done invoking toplevel() on ptolemy.moml.MoMLSimpleApplication@4ea37608
reloadAllAccessors: .PublisherPort5

===========================================================================================
----------------- testing Sun Oct 18 15:51:29 UTC 2020 /home/travis/build/icyphy/ptII/ptolemy/actor/lib/test/auto/PublisherPort5LookAlike.xml
----------------- Instantiating /home/travis/build/icyphy/ptII/ptolemy/actor/lib/test/auto/PublisherPort5LookAlike.xml
8 ms. Memory: 475136K Free: 323173K (68%)
----------------- Invoking toplevel() on ptolemy.moml.MoMLSimpleApplication@5f216887
----------------- Done invoking toplevel() on ptolemy.moml.MoMLSimpleApplication@5f216887
reloadAllAccessors: .PublisherPort5LookAlike

===========================================================================================
----------------- testing Sun Oct 18 15:51:29 UTC 2020 /home/travis/build/icyphy/ptII/ptolemy/actor/lib/test/auto/PublisherPort6.xml
----------------- Instantiating /home/travis/build/icyphy/ptII/ptolemy/actor/lib/test/auto/PublisherPort6.xml
2 ms. Memory: 475136K Free: 316005K (67%)
----------------- Invoking toplevel() on ptolemy.moml.MoMLSimpleApplication@5f982811
----------------- Done invoking toplevel() on ptolemy.moml.MoMLSimpleApplication@5f982811
reloadAllAccessors: .PublisherPort6

===========================================================================================
----------------- testing Sun Oct 18 15:51:29 UTC 2020 /home/travis/build/icyphy/ptII/ptolemy/actor/lib/test/auto/PublisherPort7.xml
----------------- Instantiating /home/travis/build/icyphy/ptII/ptolemy/actor/lib/test/auto/PublisherPort7.xml
3 ms. Memory: 475136K Free: 308323K (65%)
----------------- Invoking toplevel() on ptolemy.moml.MoMLSimpleApplication@33d0c38e
----------------- Done invoking toplevel() on ptolemy.moml.MoMLSimpleApplication@33d0c38e
reloadAllAccessors: .PublisherPort7

===========================================================================================
----------------- testing Sun Oct 18 15:51:29 UTC 2020 /home/travis/build/icyphy/ptII/ptolemy/actor/lib/test/auto/PublisherPort8.xml
----------------- Instantiating /home/travis/build/icyphy/ptII/ptolemy/actor/lib/test/auto/PublisherPort8.xml
4 ms. Memory: 475136K Free: 299621K (63%)
----------------- Invoking toplevel() on ptolemy.moml.MoMLSimpleApplication@2e25841b
----------------- Done invoking toplevel() on ptolemy.moml.MoMLSimpleApplication@2e25841b
reloadAllAccessors: .PublisherPort8

===========================================================================================
----------------- testing Sun Oct 18 15:51:29 UTC 2020 /home/travis/build/icyphy/ptII/ptolemy/actor/lib/test/auto/PublisherPortSubscriberChannelVariablesAOC2.xml
----------------- Instantiating /home/travis/build/icyphy/ptII/ptolemy/actor/lib/test/auto/PublisherPortSubscriberChannelVariablesAOC2.xml
2 ms. Memory: 475136K Free: 282213K (59%)
----------------- Invoking toplevel() on ptolemy.moml.MoMLSimpleApplication@67652927
----------------- Done invoking toplevel() on ptolemy.moml.MoMLSimpleApplication@67652927
reloadAllAccessors: .PublisherPortSubscriberChannelVariablesAOC2

===========================================================================================
----------------- testing Sun Oct 18 15:51:29 UTC 2020 /home/travis/build/icyphy/ptII/ptolemy/actor/lib/test/auto/PublisherPortSubscriberOpaqueWidthInference.xml
----------------- Instantiating /home/travis/build/icyphy/ptII/ptolemy/actor/lib/test/auto/PublisherPortSubscriberOpaqueWidthInference.xml
4 ms. Memory: 475136K Free: 274021K (58%)
----------------- Invoking toplevel() on ptolemy.moml.MoMLSimpleApplication@752f42b7
----------------- Done invoking toplevel() on ptolemy.moml.MoMLSimpleApplication@752f42b7
reloadAllAccessors: .PublisherPortSubscriberOpaqueWidthInference

===========================================================================================
----------------- testing Sun Oct 18 15:51:29 UTC 2020 /home/travis/build/icyphy/ptII/ptolemy/actor/lib/test/auto/PublisherPortSubscriberPortAdjacent.xml
----------------- Instantiating /home/travis/build/icyphy/ptII/ptolemy/actor/lib/test/auto/PublisherPortSubscriberPortAdjacent.xml
2 ms. Memory: 475136K Free: 265829K (56%)
----------------- Invoking toplevel() on ptolemy.moml.MoMLSimpleApplication@6f56729d
----------------- Done invoking toplevel() on ptolemy.moml.MoMLSimpleApplication@6f56729d
reloadAllAccessors: .PublisherPortSubscriberPortAdjacent

===========================================================================================
----------------- testing Sun Oct 18 15:51:29 UTC 2020 /home/travis/build/icyphy/ptII/ptolemy/actor/lib/test/auto/PublisherPortSubscriberPortExpression.xml
----------------- Instantiating /home/travis/build/icyphy/ptII/ptolemy/actor/lib/test/auto/PublisherPortSubscriberPortExpression.xml
7 ms. Memory: 475136K Free: 257637K (54%)
----------------- Invoking toplevel() on ptolemy.moml.MoMLSimpleApplication@135d56f4
----------------- Done invoking toplevel() on ptolemy.moml.MoMLSimpleApplication@135d56f4
reloadAllAccessors: .PublisherPortSubscriberPortExpression

===========================================================================================
----------------- testing Sun Oct 18 15:51:29 UTC 2020 /home/travis/build/icyphy/ptII/ptolemy/actor/lib/test/auto/PublisherPortSubscriberPortOpaqueD3Reverse.xml
----------------- Instantiating /home/travis/build/icyphy/ptII/ptolemy/actor/lib/test/auto/PublisherPortSubscriberPortOpaqueD3Reverse.xml
6 ms. Memory: 475136K Free: 247397K (52%)
----------------- Invoking toplevel() on ptolemy.moml.MoMLSimpleApplication@7eaefefb
----------------- Done invoking toplevel() on ptolemy.moml.MoMLSimpleApplication@7eaefefb
reloadAllAccessors: .PublisherPortSubscriberPortOpaqueD3Reverse

===========================================================================================
----------------- testing Sun Oct 18 15:51:29 UTC 2020 /home/travis/build/icyphy/ptII/ptolemy/actor/lib/test/auto/PublisherPortSubscriberPortOpaqueWidthInference.xml
----------------- Instantiating /home/travis/build/icyphy/ptII/ptolemy/actor/lib/test/auto/PublisherPortSubscriberPortOpaqueWidthInference.xml
3 ms. Memory: 475136K Free: 239700K (50%)
----------------- Invoking toplevel() on ptolemy.moml.MoMLSimpleApplication@1710dc86
----------------- Done invoking toplevel() on ptolemy.moml.MoMLSimpleApplication@1710dc86
reloadAllAccessors: .PublisherPortSubscriberPortOpaqueWidthInference

===========================================================================================
----------------- testing Sun Oct 18 15:51:29 UTC 2020 /home/travis/build/icyphy/ptII/ptolemy/actor/lib/test/auto/PublisherPortToplevelSubscriberPortAOC.xml
----------------- Instantiating /home/travis/build/icyphy/ptII/ptolemy/actor/lib/test/auto/PublisherPortToplevelSubscriberPortAOC.xml
.PublisherPortToplevelSubscriberPortAOC.TestExceptionAttribute: initialize() was not invoked, but wrapup() was.  This is unusual, but not always a problem.  For example, exporting JNLP will do this.
1 ms. Memory: 475136K Free: 234085K (49%)
----------------- Invoking toplevel() on ptolemy.moml.MoMLSimpleApplication@6ceeedb
----------------- Done invoking toplevel() on ptolemy.moml.MoMLSimpleApplication@6ceeedb
reloadAllAccessors: .PublisherPortToplevelSubscriberPortAOC

===========================================================================================
----------------- testing Sun Oct 18 15:51:29 UTC 2020 /home/travis/build/icyphy/ptII/ptolemy/actor/lib/test/auto/PublisherSubscriber.xml
----------------- Instantiating /home/travis/build/icyphy/ptII/ptolemy/actor/lib/test/auto/PublisherSubscriber.xml
3 ms. Memory: 475136K Free: 226917K (48%)
----------------- Invoking toplevel() on ptolemy.moml.MoMLSimpleApplication@29fd8f1c
----------------- Done invoking toplevel() on ptolemy.moml.MoMLSimpleApplication@29fd8f1c
reloadAllAccessors: .PublisherSubscriber

===========================================================================================
----------------- testing Sun Oct 18 15:51:29 UTC 2020 /home/travis/build/icyphy/ptII/ptolemy/actor/lib/test/auto/PublisherSubscriber10.xml
----------------- Instantiating /home/travis/build/icyphy/ptII/ptolemy/actor/lib/test/auto/PublisherSubscriber10.xml
7 ms. Memory: 475136K Free: 217187K (46%)
----------------- Invoking toplevel() on ptolemy.moml.MoMLSimpleApplication@12099cef
----------------- Done invoking toplevel() on ptolemy.moml.MoMLSimpleApplication@12099cef
reloadAllAccessors: .PublisherSubscriber10

===========================================================================================
----------------- testing Sun Oct 18 15:51:29 UTC 2020 /home/travis/build/icyphy/ptII/ptolemy/actor/lib/test/auto/PublisherSubscriber10InitialOutputs.xml
----------------- Instantiating /home/travis/build/icyphy/ptII/ptolemy/actor/lib/test/auto/PublisherSubscriber10InitialOutputs.xml
14 ms. Memory: 475136K Free: 207461K (44%)
----------------- Invoking toplevel() on ptolemy.moml.MoMLSimpleApplication@6d8a4503
----------------- Done invoking toplevel() on ptolemy.moml.MoMLSimpleApplication@6d8a4503
reloadAllAccessors: .PublisherSubscriber10InitialOutputs

===========================================================================================
----------------- testing Sun Oct 18 15:51:29 UTC 2020 /home/travis/build/icyphy/ptII/ptolemy/actor/lib/test/auto/PublisherSubscriber11.xml
----------------- Instantiating /home/travis/build/icyphy/ptII/ptolemy/actor/lib/test/auto/PublisherSubscriber11.xml
3 ms. Memory: 475136K Free: 201317K (42%)
----------------- Invoking toplevel() on ptolemy.moml.MoMLSimpleApplication@4e9f5acc
----------------- Done invoking toplevel() on ptolemy.moml.MoMLSimpleApplication@4e9f5acc
reloadAllAccessors: .PublisherSubscriber11

===========================================================================================
----------------- testing Sun Oct 18 15:51:29 UTC 2020 /home/travis/build/icyphy/ptII/ptolemy/actor/lib/test/auto/PublisherSubscriber12.xml
----------------- Instantiating /home/travis/build/icyphy/ptII/ptolemy/actor/lib/test/auto/PublisherSubscriber12.xml
5 ms. Memory: 475136K Free: 194149K (41%)
----------------- Invoking toplevel() on ptolemy.moml.MoMLSimpleApplication@59dc1d65
----------------- Done invoking toplevel() on ptolemy.moml.MoMLSimpleApplication@59dc1d65
reloadAllAccessors: .PublisherSubscriber12

===========================================================================================
----------------- testing Sun Oct 18 15:51:29 UTC 2020 /home/travis/build/icyphy/ptII/ptolemy/actor/lib/test/auto/PublisherSubscriber13.xml
----------------- Instantiating /home/travis/build/icyphy/ptII/ptolemy/actor/lib/test/auto/PublisherSubscriber13.xml
2 ms. Memory: 475136K Free: 188484K (40%)
----------------- Invoking toplevel() on ptolemy.moml.MoMLSimpleApplication@724caf95
----------------- Done invoking toplevel() on ptolemy.moml.MoMLSimpleApplication@724caf95
reloadAllAccessors: .PublisherSubscriber13

===========================================================================================
----------------- testing Sun Oct 18 15:51:29 UTC 2020 /home/travis/build/icyphy/ptII/ptolemy/actor/lib/test/auto/PublisherSubscriber14.xml
----------------- Instantiating /home/travis/build/icyphy/ptII/ptolemy/actor/lib/test/auto/PublisherSubscriber14.xml
5 ms. Memory: 475136K Free: 179813K (38%)
----------------- Invoking toplevel() on ptolemy.moml.MoMLSimpleApplication@ea41849
----------------- Done invoking toplevel() on ptolemy.moml.MoMLSimpleApplication@ea41849
reloadAllAccessors: .PublisherSubscriber14

===========================================================================================
----------------- testing Sun Oct 18 15:51:29 UTC 2020 /home/travis/build/icyphy/ptII/ptolemy/actor/lib/test/auto/PublisherSubscriber2.xml
----------------- Instantiating /home/travis/build/icyphy/ptII/ptolemy/actor/lib/test/auto/PublisherSubscriber2.xml
3 ms. Memory: 475136K Free: 173669K (37%)
----------------- Invoking toplevel() on ptolemy.moml.MoMLSimpleApplication@7c1bdbf5
----------------- Done invoking toplevel() on ptolemy.moml.MoMLSimpleApplication@7c1bdbf5
reloadAllAccessors: .PublisherSubscriber2

===========================================================================================
----------------- testing Sun Oct 18 15:51:29 UTC 2020 /home/travis/build/icyphy/ptII/ptolemy/actor/lib/test/auto/PublisherSubscriber3.xml
----------------- Instantiating /home/travis/build/icyphy/ptII/ptolemy/actor/lib/test/auto/PublisherSubscriber3.xml
2 ms. Memory: 475136K Free: 168020K (35%)
----------------- Invoking toplevel() on ptolemy.moml.MoMLSimpleApplication@68c72e56
----------------- Done invoking toplevel() on ptolemy.moml.MoMLSimpleApplication@68c72e56
reloadAllAccessors: .PublisherSubscriber3

===========================================================================================
----------------- testing Sun Oct 18 15:51:29 UTC 2020 /home/travis/build/icyphy/ptII/ptolemy/actor/lib/test/auto/PublisherSubscriber4.xml
----------------- Instantiating /home/travis/build/icyphy/ptII/ptolemy/actor/lib/test/auto/PublisherSubscriber4.xml
2 ms. Memory: 475136K Free: 162884K (34%)
----------------- Invoking toplevel() on ptolemy.moml.MoMLSimpleApplication@2c7c0520
----------------- Done invoking toplevel() on ptolemy.moml.MoMLSimpleApplication@2c7c0520
reloadAllAccessors: .PublisherSubscriber4

===========================================================================================
----------------- testing Sun Oct 18 15:51:29 UTC 2020 /home/travis/build/icyphy/ptII/ptolemy/actor/lib/test/auto/PublisherSubscriber5.xml
----------------- Instantiating /home/travis/build/icyphy/ptII/ptolemy/actor/lib/test/auto/PublisherSubscriber5.xml
2 ms. Memory: 475136K Free: 156261K (33%)
----------------- Invoking toplevel() on ptolemy.moml.MoMLSimpleApplication@b696351
----------------- Done invoking toplevel() on ptolemy.moml.MoMLSimpleApplication@b696351
reloadAllAccessors: .PublisherSubscriber5

===========================================================================================
----------------- testing Sun Oct 18 15:51:29 UTC 2020 /home/travis/build/icyphy/ptII/ptolemy/actor/lib/test/auto/PublisherSubscriber6.xml
----------------- Instantiating /home/travis/build/icyphy/ptII/ptolemy/actor/lib/test/auto/PublisherSubscriber6.xml
8 ms. Memory: 475136K Free: 149596K (31%)
----------------- Invoking toplevel() on ptolemy.moml.MoMLSimpleApplication@522acdfc
----------------- Done invoking toplevel() on ptolemy.moml.MoMLSimpleApplication@522acdfc
reloadAllAccessors: .PublisherSubscriber6

===========================================================================================
----------------- testing Sun Oct 18 15:51:29 UTC 2020 /home/travis/build/icyphy/ptII/ptolemy/actor/lib/test/auto/PublisherSubscriber7.xml
----------------- Instantiating /home/travis/build/icyphy/ptII/ptolemy/actor/lib/test/auto/PublisherSubscriber7.xml
2 ms. Memory: 475136K Free: 418388K (88%)
----------------- Invoking toplevel() on ptolemy.moml.MoMLSimpleApplication@5989f8fd
----------------- Done invoking toplevel() on ptolemy.moml.MoMLSimpleApplication@5989f8fd
reloadAllAccessors: .PublisherSubscriber7

===========================================================================================
----------------- testing Sun Oct 18 15:51:29 UTC 2020 /home/travis/build/icyphy/ptII/ptolemy/actor/lib/test/auto/PublisherSubscriber8.xml
----------------- Instantiating /home/travis/build/icyphy/ptII/ptolemy/actor/lib/test/auto/PublisherSubscriber8.xml
16 ms. Memory: 475136K Free: 406115K (85%)
----------------- Invoking toplevel() on ptolemy.moml.MoMLSimpleApplication@3645f1de
----------------- Done invoking toplevel() on ptolemy.moml.MoMLSimpleApplication@3645f1de
reloadAllAccessors: .PublisherSubscriber8

===========================================================================================
----------------- testing Sun Oct 18 15:51:29 UTC 2020 /home/travis/build/icyphy/ptII/ptolemy/actor/lib/test/auto/PublisherSubscriber9.xml
----------------- Instantiating /home/travis/build/icyphy/ptII/ptolemy/actor/lib/test/auto/PublisherSubscriber9.xml
3 ms. Memory: 475136K Free: 398947K (84%)
----------------- Invoking toplevel() on ptolemy.moml.MoMLSimpleApplication@279390a8
----------------- Done invoking toplevel() on ptolemy.moml.MoMLSimpleApplication@279390a8
reloadAllAccessors: .PublisherSubscriber9

===========================================================================================
----------------- testing Sun Oct 18 15:51:29 UTC 2020 /home/travis/build/icyphy/ptII/ptolemy/actor/lib/test/auto/PublisherSubscriberAdjacent.xml
----------------- Instantiating /home/travis/build/icyphy/ptII/ptolemy/actor/lib/test/auto/PublisherSubscriberAdjacent.xml
2 ms. Memory: 475136K Free: 390755K (82%)
----------------- Invoking toplevel() on ptolemy.moml.MoMLSimpleApplication@3ca8cbe8
----------------- Done invoking toplevel() on ptolemy.moml.MoMLSimpleApplication@3ca8cbe8
reloadAllAccessors: .PublisherSubscriberAdjacent

===========================================================================================
----------------- testing Sun Oct 18 15:51:29 UTC 2020 /home/travis/build/icyphy/ptII/ptolemy/actor/lib/test/auto/PublisherSubscriberChannelVariablesAOC2.xml
----------------- Instantiating /home/travis/build/icyphy/ptII/ptolemy/actor/lib/test/auto/PublisherSubscriberChannelVariablesAOC2.xml
3 ms. Memory: 475136K Free: 375909K (79%)
----------------- Invoking toplevel() on ptolemy.moml.MoMLSimpleApplication@55cf3e78
----------------- Done invoking toplevel() on ptolemy.moml.MoMLSimpleApplication@55cf3e78
reloadAllAccessors: .PublisherSubscriberChannelVariablesAOC2

===========================================================================================
----------------- testing Sun Oct 18 15:51:29 UTC 2020 /home/travis/build/icyphy/ptII/ptolemy/actor/lib/test/auto/PublisherSubscriberD3.xml
----------------- Instantiating /home/travis/build/icyphy/ptII/ptolemy/actor/lib/test/auto/PublisherSubscriberD3.xml
2 ms. Memory: 475136K Free: 368227K (77%)
----------------- Invoking toplevel() on ptolemy.moml.MoMLSimpleApplication@61d9286c
----------------- Done invoking toplevel() on ptolemy.moml.MoMLSimpleApplication@61d9286c
reloadAllAccessors: .PublisherSubscriberD3

===========================================================================================
----------------- testing Sun Oct 18 15:51:29 UTC 2020 /home/travis/build/icyphy/ptII/ptolemy/actor/lib/test/auto/PublisherSubscriberD3Reverse.xml
----------------- Instantiating /home/travis/build/icyphy/ptII/ptolemy/actor/lib/test/auto/PublisherSubscriberD3Reverse.xml
2 ms. Memory: 475136K Free: 362083K (76%)
----------------- Invoking toplevel() on ptolemy.moml.MoMLSimpleApplication@3d9e4af6
----------------- Done invoking toplevel() on ptolemy.moml.MoMLSimpleApplication@3d9e4af6
reloadAllAccessors: .PublisherSubscriberD3Reverse

===========================================================================================
----------------- testing Sun Oct 18 15:51:29 UTC 2020 /home/travis/build/icyphy/ptII/ptolemy/actor/lib/test/auto/PublisherSubscriberExpression.xml
----------------- Instantiating /home/travis/build/icyphy/ptII/ptolemy/actor/lib/test/auto/PublisherSubscriberExpression.xml
4 ms. Memory: 475136K Free: 353381K (74%)
----------------- Invoking toplevel() on ptolemy.moml.MoMLSimpleApplication@72ca30d0
----------------- Done invoking toplevel() on ptolemy.moml.MoMLSimpleApplication@72ca30d0
reloadAllAccessors: .PublisherSubscriberExpression

===========================================================================================
----------------- testing Sun Oct 18 15:51:29 UTC 2020 /home/travis/build/icyphy/ptII/ptolemy/actor/lib/test/auto/PublisherSubscriberOpaque.xml
----------------- Instantiating /home/travis/build/icyphy/ptII/ptolemy/actor/lib/test/auto/PublisherSubscriberOpaque.xml
3 ms. Memory: 475136K Free: 345189K (73%)
----------------- Invoking toplevel() on ptolemy.moml.MoMLSimpleApplication@457306ef
----------------- Done invoking toplevel() on ptolemy.moml.MoMLSimpleApplication@457306ef
reloadAllAccessors: .PublisherSubscriberOpaque

===========================================================================================
----------------- testing Sun Oct 18 15:51:29 UTC 2020 /home/travis/build/icyphy/ptII/ptolemy/actor/lib/test/auto/PublisherSubscriberOpaqueD3.xml
----------------- Instantiating /home/travis/build/icyphy/ptII/ptolemy/actor/lib/test/auto/PublisherSubscriberOpaqueD3.xml
5 ms. Memory: 475136K Free: 333411K (70%)
----------------- Invoking toplevel() on ptolemy.moml.MoMLSimpleApplication@2ae24863
----------------- Done invoking toplevel() on ptolemy.moml.MoMLSimpleApplication@2ae24863
reloadAllAccessors: .PublisherSubscriberOpaqueD3

===========================================================================================
----------------- testing Sun Oct 18 15:51:29 UTC 2020 /home/travis/build/icyphy/ptII/ptolemy/actor/lib/test/auto/PublisherSubscriberOpaqueD3Reverse.xml
----------------- Instantiating /home/travis/build/icyphy/ptII/ptolemy/actor/lib/test/auto/PublisherSubscriberOpaqueD3Reverse.xml
7 ms. Memory: 475136K Free: 322661K (68%)
----------------- Invoking toplevel() on ptolemy.moml.MoMLSimpleApplication@475c437
----------------- Done invoking toplevel() on ptolemy.moml.MoMLSimpleApplication@475c437
reloadAllAccessors: .PublisherSubscriberOpaqueD3Reverse

===========================================================================================
----------------- testing Sun Oct 18 15:51:29 UTC 2020 /home/travis/build/icyphy/ptII/ptolemy/actor/lib/test/auto/PublisherSubscriberOpaqueWidthInference.xml
----------------- Instantiating /home/travis/build/icyphy/ptII/ptolemy/actor/lib/test/auto/PublisherSubscriberOpaqueWidthInference.xml
4 ms. Memory: 475136K Free: 314469K (66%)
----------------- Invoking toplevel() on ptolemy.moml.MoMLSimpleApplication@4c4746ac
----------------- Done invoking toplevel() on ptolemy.moml.MoMLSimpleApplication@4c4746ac
reloadAllAccessors: .PublisherSubscriberOpaqueWidthInference

===========================================================================================
----------------- testing Sun Oct 18 15:51:29 UTC 2020 /home/travis/build/icyphy/ptII/ptolemy/actor/lib/test/auto/PublisherTestSubscriber.xml
----------------- Instantiating /home/travis/build/icyphy/ptII/ptolemy/actor/lib/test/auto/PublisherTestSubscriber.xml
3 ms. Memory: 475136K Free: 306780K (65%)
----------------- Invoking toplevel() on ptolemy.moml.MoMLSimpleApplication@228813b7
----------------- Done invoking toplevel() on ptolemy.moml.MoMLSimpleApplication@228813b7
reloadAllAccessors: .PublisherTestSubscriber

===========================================================================================
----------------- testing Sun Oct 18 15:51:30 UTC 2020 /home/travis/build/icyphy/ptII/ptolemy/actor/lib/test/auto/PublisherToplevelSubscriberPortAOC.xml
----------------- Instantiating /home/travis/build/icyphy/ptII/ptolemy/actor/lib/test/auto/PublisherToplevelSubscriberPortAOC.xml
2 ms. Memory: 475136K Free: 300133K (63%)
----------------- Invoking toplevel() on ptolemy.moml.MoMLSimpleApplication@5e948ae
----------------- Done invoking toplevel() on ptolemy.moml.MoMLSimpleApplication@5e948ae
reloadAllAccessors: .PublisherToplevelSubscriberPortAOC

===========================================================================================
----------------- testing Sun Oct 18 15:51:30 UTC 2020 /home/travis/build/icyphy/ptII/ptolemy/actor/lib/test/auto/PulseFiringLimitDE.xml
----------------- Instantiating /home/travis/build/icyphy/ptII/ptolemy/actor/lib/test/auto/PulseFiringLimitDE.xml
2 ms. Memory: 475136K Free: 293475K (62%)
----------------- Invoking toplevel() on ptolemy.moml.MoMLSimpleApplication@485d18a3
----------------- Done invoking toplevel() on ptolemy.moml.MoMLSimpleApplication@485d18a3
reloadAllAccessors: .PulseFiringLimitDE

===========================================================================================
----------------- testing Sun Oct 18 15:51:30 UTC 2020 /home/travis/build/icyphy/ptII/ptolemy/actor/lib/test/auto/Ramp1.xml
----------------- Instantiating /home/travis/build/icyphy/ptII/ptolemy/actor/lib/test/auto/Ramp1.xml
1 ms. Memory: 475136K Free: 289372K (61%)
----------------- Invoking toplevel() on ptolemy.moml.MoMLSimpleApplication@ea985d
----------------- Done invoking toplevel() on ptolemy.moml.MoMLSimpleApplication@ea985d
reloadAllAccessors: .Ramp1

===========================================================================================
----------------- testing Sun Oct 18 15:51:30 UTC 2020 /home/travis/build/icyphy/ptII/ptolemy/actor/lib/test/auto/RampFiringLimitDE.xml
----------------- Instantiating /home/travis/build/icyphy/ptII/ptolemy/actor/lib/test/auto/RampFiringLimitDE.xml
2 ms. Memory: 475136K Free: 283220K (60%)
----------------- Invoking toplevel() on ptolemy.moml.MoMLSimpleApplication@6fe001a9
----------------- Done invoking toplevel() on ptolemy.moml.MoMLSimpleApplication@6fe001a9
reloadAllAccessors: .RampFiringLimitDE

===========================================================================================
----------------- testing Sun Oct 18 15:51:30 UTC 2020 /home/travis/build/icyphy/ptII/ptolemy/actor/lib/test/auto/RampFiringLimitSDF.xml
----------------- Instantiating /home/travis/build/icyphy/ptII/ptolemy/actor/lib/test/auto/RampFiringLimitSDF.xml
2 ms. Memory: 475136K Free: 277605K (58%)
----------------- Invoking toplevel() on ptolemy.moml.MoMLSimpleApplication@651bd69
----------------- Done invoking toplevel() on ptolemy.moml.MoMLSimpleApplication@651bd69
reloadAllAccessors: .RampFiringLimitSDF

===========================================================================================
----------------- testing Sun Oct 18 15:51:30 UTC 2020 /home/travis/build/icyphy/ptII/ptolemy/actor/lib/test/auto/RandomInteger.xml
----------------- Instantiating /home/travis/build/icyphy/ptII/ptolemy/actor/lib/test/auto/RandomInteger.xml
1 ms. Memory: 475136K Free: 273509K (58%)
----------------- Invoking toplevel() on ptolemy.moml.MoMLSimpleApplication@3f3d6b43
----------------- Done invoking toplevel() on ptolemy.moml.MoMLSimpleApplication@3f3d6b43
reloadAllAccessors: .RandomInteger

===========================================================================================
----------------- testing Sun Oct 18 15:51:30 UTC 2020 /home/travis/build/icyphy/ptII/ptolemy/actor/lib/test/auto/ReadFile1.xml
----------------- Instantiating /home/travis/build/icyphy/ptII/ptolemy/actor/lib/test/auto/ReadFile1.xml
2 ms. Memory: 475136K Free: 268892K (57%)
----------------- Invoking toplevel() on ptolemy.moml.MoMLSimpleApplication@12238b56
----------------- Done invoking toplevel() on ptolemy.moml.MoMLSimpleApplication@12238b56
reloadAllAccessors: .ReadFile1

===========================================================================================
----------------- testing Sun Oct 18 15:51:30 UTC 2020 /home/travis/build/icyphy/ptII/ptolemy/actor/lib/test/auto/ReadFile2.xml
----------------- Instantiating /home/travis/build/icyphy/ptII/ptolemy/actor/lib/test/auto/ReadFile2.xml
1 ms. Memory: 475136K Free: 264803K (56%)
----------------- Invoking toplevel() on ptolemy.moml.MoMLSimpleApplication@791aa3a1
----------------- Done invoking toplevel() on ptolemy.moml.MoMLSimpleApplication@791aa3a1
reloadAllAccessors: .ReadFile2

===========================================================================================
----------------- testing Sun Oct 18 15:51:30 UTC 2020 /home/travis/build/icyphy/ptII/ptolemy/actor/lib/test/auto/Reader.xml
----------------- Instantiating /home/travis/build/icyphy/ptII/ptolemy/actor/lib/test/auto/Reader.xml
actor.lib.Reader is obsolete, use actor.lib.io.ExpressionReader instead
4 ms. Memory: 475136K Free: 260197K (55%)
----------------- Invoking toplevel() on ptolemy.moml.MoMLSimpleApplication@7949ab23
----------------- Done invoking toplevel() on ptolemy.moml.MoMLSimpleApplication@7949ab23
reloadAllAccessors: .Reader

===========================================================================================
----------------- testing Sun Oct 18 15:51:30 UTC 2020 /home/travis/build/icyphy/ptII/ptolemy/actor/lib/test/auto/RecordAssemblerDisplayNameTest.xml
----------------- Instantiating /home/travis/build/icyphy/ptII/ptolemy/actor/lib/test/auto/RecordAssemblerDisplayNameTest.xml
3283 ms. Memory: 475136K Free: 150854K (32%)
----------------- Invoking toplevel() on ptolemy.moml.MoMLSimpleApplication@1a95d2bd
----------------- Done invoking toplevel() on ptolemy.moml.MoMLSimpleApplication@1a95d2bd
reloadAllAccessors: .RecordAssemblerDisplayNameTest

===========================================================================================
----------------- testing Sun Oct 18 15:51:33 UTC 2020 /home/travis/build/icyphy/ptII/ptolemy/actor/lib/test/auto/RecordAssemblerTypeError.xml
----------------- Instantiating /home/travis/build/icyphy/ptII/ptolemy/actor/lib/test/auto/RecordAssemblerTypeError.xml
16 ms. Memory: 475136K Free: 416357K (88%)
----------------- Invoking toplevel() on ptolemy.moml.MoMLSimpleApplication@2d117ed8
----------------- Done invoking toplevel() on ptolemy.moml.MoMLSimpleApplication@2d117ed8
reloadAllAccessors: .RecordAssemblerTypeError

===========================================================================================
----------------- testing Sun Oct 18 15:51:33 UTC 2020 /home/travis/build/icyphy/ptII/ptolemy/actor/lib/test/auto/RecordDisassember.xml
----------------- Instantiating /home/travis/build/icyphy/ptII/ptolemy/actor/lib/test/auto/RecordDisassember.xml
12 ms. Memory: 475136K Free: 411237K (87%)
----------------- Invoking toplevel() on ptolemy.moml.MoMLSimpleApplication@72ccaba4
----------------- Done invoking toplevel() on ptolemy.moml.MoMLSimpleApplication@72ccaba4
reloadAllAccessors: .RecordDisassember

===========================================================================================
----------------- testing Sun Oct 18 15:51:33 UTC 2020 /home/travis/build/icyphy/ptII/ptolemy/actor/lib/test/auto/RecordDisassemberDisplayNameTest.xml
----------------- Instantiating /home/travis/build/icyphy/ptII/ptolemy/actor/lib/test/auto/RecordDisassemberDisplayNameTest.xml
6 ms. Memory: 475136K Free: 403555K (85%)
----------------- Invoking toplevel() on ptolemy.moml.MoMLSimpleApplication@6ebbf317
----------------- Done invoking toplevel() on ptolemy.moml.MoMLSimpleApplication@6ebbf317
reloadAllAccessors: .RecordDisassemberDisplayNameTest

===========================================================================================
----------------- testing Sun Oct 18 15:51:33 UTC 2020 /home/travis/build/icyphy/ptII/ptolemy/actor/lib/test/auto/RecordDisassembler.xml
----------------- Instantiating /home/travis/build/icyphy/ptII/ptolemy/actor/lib/test/auto/RecordDisassembler.xml
3 ms. Memory: 475136K Free: 398404K (84%)
----------------- Invoking toplevel() on ptolemy.moml.MoMLSimpleApplication@28daf634
----------------- Done invoking toplevel() on ptolemy.moml.MoMLSimpleApplication@28daf634
reloadAllAccessors: .RecordDisassembler

===========================================================================================
----------------- testing Sun Oct 18 15:51:33 UTC 2020 /home/travis/build/icyphy/ptII/ptolemy/actor/lib/test/auto/RecordDisassembler2.xml
----------------- Instantiating /home/travis/build/icyphy/ptII/ptolemy/actor/lib/test/auto/RecordDisassembler2.xml
4 ms. Memory: 475136K Free: 392805K (83%)
----------------- Invoking toplevel() on ptolemy.moml.MoMLSimpleApplication@2d0e06ed
----------------- Done invoking toplevel() on ptolemy.moml.MoMLSimpleApplication@2d0e06ed
reloadAllAccessors: .RecordDisassembler2

===========================================================================================
----------------- testing Sun Oct 18 15:51:33 UTC 2020 /home/travis/build/icyphy/ptII/ptolemy/actor/lib/test/auto/RecordUpdater.xml
----------------- Instantiating /home/travis/build/icyphy/ptII/ptolemy/actor/lib/test/auto/RecordUpdater.xml
2 ms. Memory: 475136K Free: 388195K (82%)
----------------- Invoking toplevel() on ptolemy.moml.MoMLSimpleApplication@51a6e252
----------------- Done invoking toplevel() on ptolemy.moml.MoMLSimpleApplication@51a6e252
reloadAllAccessors: .RecordUpdater

===========================================================================================
----------------- testing Sun Oct 18 15:51:33 UTC 2020 /home/travis/build/icyphy/ptII/ptolemy/actor/lib/test/auto/RecordUpdater2.xml
----------------- Instantiating /home/travis/build/icyphy/ptII/ptolemy/actor/lib/test/auto/RecordUpdater2.xml
2 ms. Memory: 475136K Free: 383075K (81%)
----------------- Invoking toplevel() on ptolemy.moml.MoMLSimpleApplication@6a5c1b6a
----------------- Done invoking toplevel() on ptolemy.moml.MoMLSimpleApplication@6a5c1b6a
reloadAllAccessors: .RecordUpdater2

===========================================================================================
----------------- testing Sun Oct 18 15:51:33 UTC 2020 /home/travis/build/icyphy/ptII/ptolemy/actor/lib/test/auto/RecursiveLattice.xml
----------------- Instantiating /home/travis/build/icyphy/ptII/ptolemy/actor/lib/test/auto/RecursiveLattice.xml
1 ms. Memory: 475136K Free: 378469K (80%)
----------------- Invoking toplevel() on ptolemy.moml.MoMLSimpleApplication@67241b96
----------------- Done invoking toplevel() on ptolemy.moml.MoMLSimpleApplication@67241b96
reloadAllAccessors: .RecursiveLattice

===========================================================================================
----------------- testing Sun Oct 18 15:51:33 UTC 2020 /home/travis/build/icyphy/ptII/ptolemy/actor/lib/test/auto/Router.xml
----------------- Instantiating /home/travis/build/icyphy/ptII/ptolemy/actor/lib/test/auto/Router.xml
3004 ms. Memory: 475136K Free: 366691K (77%)
----------------- Invoking toplevel() on ptolemy.moml.MoMLSimpleApplication@3f26ad59
----------------- Done invoking toplevel() on ptolemy.moml.MoMLSimpleApplication@3f26ad59
reloadAllAccessors: .Router

===========================================================================================
----------------- testing Sun Oct 18 15:51:36 UTC 2020 /home/travis/build/icyphy/ptII/ptolemy/actor/lib/test/auto/Router2.xml
----------------- Instantiating /home/travis/build/icyphy/ptII/ptolemy/actor/lib/test/auto/Router2.xml
3004 ms. Memory: 475136K Free: 356451K (75%)
----------------- Invoking toplevel() on ptolemy.moml.MoMLSimpleApplication@29851085
----------------- Done invoking toplevel() on ptolemy.moml.MoMLSimpleApplication@29851085
reloadAllAccessors: .Router2

===========================================================================================
----------------- testing Sun Oct 18 15:51:39 UTC 2020 /home/travis/build/icyphy/ptII/ptolemy/actor/lib/test/auto/RunningMaximum.xml
----------------- Instantiating /home/travis/build/icyphy/ptII/ptolemy/actor/lib/test/auto/RunningMaximum.xml
2 ms. Memory: 475136K Free: 351845K (74%)
----------------- Invoking toplevel() on ptolemy.moml.MoMLSimpleApplication@1ae6ec4b
----------------- Done invoking toplevel() on ptolemy.moml.MoMLSimpleApplication@1ae6ec4b
reloadAllAccessors: .RunningMaximum

===========================================================================================
----------------- testing Sun Oct 18 15:51:39 UTC 2020 /home/travis/build/icyphy/ptII/ptolemy/actor/lib/test/auto/RunningMinimum.xml
----------------- Instantiating /home/travis/build/icyphy/ptII/ptolemy/actor/lib/test/auto/RunningMinimum.xml
1 ms. Memory: 475136K Free: 346725K (73%)
----------------- Invoking toplevel() on ptolemy.moml.MoMLSimpleApplication@62474107
----------------- Done invoking toplevel() on ptolemy.moml.MoMLSimpleApplication@62474107
reloadAllAccessors: .RunningMinimum

===========================================================================================
----------------- testing Sun Oct 18 15:51:39 UTC 2020 /home/travis/build/icyphy/ptII/ptolemy/actor/lib/test/auto/Scale.xml
----------------- Instantiating /home/travis/build/icyphy/ptII/ptolemy/actor/lib/test/auto/Scale.xml
2 ms. Memory: 475136K Free: 342115K (72%)
----------------- Invoking toplevel() on ptolemy.moml.MoMLSimpleApplication@3e47f6cb
----------------- Done invoking toplevel() on ptolemy.moml.MoMLSimpleApplication@3e47f6cb
reloadAllAccessors: .Scale

===========================================================================================
----------------- testing Sun Oct 18 15:51:39 UTC 2020 /home/travis/build/icyphy/ptII/ptolemy/actor/lib/test/auto/Scale2.xml
----------------- Instantiating /home/travis/build/icyphy/ptII/ptolemy/actor/lib/test/auto/Scale2.xml
1 ms. Memory: 475136K Free: 337509K (71%)
----------------- Invoking toplevel() on ptolemy.moml.MoMLSimpleApplication@59392593
----------------- Done invoking toplevel() on ptolemy.moml.MoMLSimpleApplication@59392593
reloadAllAccessors: .Scale2

===========================================================================================
----------------- testing Sun Oct 18 15:51:39 UTC 2020 /home/travis/build/icyphy/ptII/ptolemy/actor/lib/test/auto/Scale3.xml
----------------- Instantiating /home/travis/build/icyphy/ptII/ptolemy/actor/lib/test/auto/Scale3.xml
9 ms. Memory: 475136K Free: 330341K (70%)
----------------- Invoking toplevel() on ptolemy.moml.MoMLSimpleApplication@3aec308c
----------------- Done invoking toplevel() on ptolemy.moml.MoMLSimpleApplication@3aec308c
reloadAllAccessors: .Scale3

===========================================================================================
----------------- testing Sun Oct 18 15:51:39 UTC 2020 /home/travis/build/icyphy/ptII/ptolemy/actor/lib/test/auto/ScaleArray.xml
----------------- Instantiating /home/travis/build/icyphy/ptII/ptolemy/actor/lib/test/auto/ScaleArray.xml
2 ms. Memory: 475136K Free: 325731K (69%)
----------------- Invoking toplevel() on ptolemy.moml.MoMLSimpleApplication@63520a1f
----------------- Done invoking toplevel() on ptolemy.moml.MoMLSimpleApplication@63520a1f
reloadAllAccessors: .ScaleArray

===========================================================================================
----------------- testing Sun Oct 18 15:51:39 UTC 2020 /home/travis/build/icyphy/ptII/ptolemy/actor/lib/test/auto/ScaleArray2.xml
----------------- Instantiating /home/travis/build/icyphy/ptII/ptolemy/actor/lib/test/auto/ScaleArray2.xml
1 ms. Memory: 475136K Free: 321125K (68%)
----------------- Invoking toplevel() on ptolemy.moml.MoMLSimpleApplication@79096a59
----------------- Done invoking toplevel() on ptolemy.moml.MoMLSimpleApplication@79096a59
reloadAllAccessors: .ScaleArray2

===========================================================================================
----------------- testing Sun Oct 18 15:51:39 UTC 2020 /home/travis/build/icyphy/ptII/ptolemy/actor/lib/test/auto/ScaleMatrix.xml
----------------- Instantiating /home/travis/build/icyphy/ptII/ptolemy/actor/lib/test/auto/ScaleMatrix.xml
199 ms. Memory: 475136K Free: 306275K (64%)
----------------- Invoking toplevel() on ptolemy.moml.MoMLSimpleApplication@1e80316
----------------- Done invoking toplevel() on ptolemy.moml.MoMLSimpleApplication@1e80316
reloadAllAccessors: .ScaleMatrix

===========================================================================================
----------------- testing Sun Oct 18 15:51:40 UTC 2020 /home/travis/build/icyphy/ptII/ptolemy/actor/lib/test/auto/Select.xml
----------------- Instantiating /home/travis/build/icyphy/ptII/ptolemy/actor/lib/test/auto/Select.xml
3 ms. Memory: 475136K Free: 300116K (63%)
----------------- Invoking toplevel() on ptolemy.moml.MoMLSimpleApplication@4d5d186b
----------------- Done invoking toplevel() on ptolemy.moml.MoMLSimpleApplication@4d5d186b
reloadAllAccessors: .Select

===========================================================================================
----------------- testing Sun Oct 18 15:51:40 UTC 2020 /home/travis/build/icyphy/ptII/ptolemy/actor/lib/test/auto/Select2.xml
----------------- Instantiating /home/travis/build/icyphy/ptII/ptolemy/actor/lib/test/auto/Select2.xml
1 ms. Memory: 475136K Free: 295525K (62%)
----------------- Invoking toplevel() on ptolemy.moml.MoMLSimpleApplication@db69c1c
----------------- Done invoking toplevel() on ptolemy.moml.MoMLSimpleApplication@db69c1c
reloadAllAccessors: .Select2

===========================================================================================
----------------- testing Sun Oct 18 15:51:40 UTC 2020 /home/travis/build/icyphy/ptII/ptolemy/actor/lib/test/auto/SequenceToArray2.xml
----------------- Instantiating /home/travis/build/icyphy/ptII/ptolemy/actor/lib/test/auto/SequenceToArray2.xml
113 ms. Memory: 475136K Free: 270949K (57%)
----------------- Invoking toplevel() on ptolemy.moml.MoMLSimpleApplication@730612ba
----------------- Done invoking toplevel() on ptolemy.moml.MoMLSimpleApplication@730612ba
reloadAllAccessors: .SequenceToArray2

===========================================================================================
----------------- testing Sun Oct 18 15:51:40 UTC 2020 /home/travis/build/icyphy/ptII/ptolemy/actor/lib/test/auto/SequentialClock.xml
----------------- Instantiating /home/travis/build/icyphy/ptII/ptolemy/actor/lib/test/auto/SequentialClock.xml
1 ms. Memory: 475136K Free: 266853K (56%)
----------------- Invoking toplevel() on ptolemy.moml.MoMLSimpleApplication@8884555
----------------- Done invoking toplevel() on ptolemy.moml.MoMLSimpleApplication@8884555
reloadAllAccessors: .SequentialClock

===========================================================================================
----------------- testing Sun Oct 18 15:51:40 UTC 2020 /home/travis/build/icyphy/ptII/ptolemy/actor/lib/test/auto/SetVariable.xml
----------------- Instantiating /home/travis/build/icyphy/ptII/ptolemy/actor/lib/test/auto/SetVariable.xml
2 ms. Memory: 475136K Free: 262243K (55%)
----------------- Invoking toplevel() on ptolemy.moml.MoMLSimpleApplication@413fd216
----------------- Done invoking toplevel() on ptolemy.moml.MoMLSimpleApplication@413fd216
reloadAllAccessors: .SetVariable

===========================================================================================
----------------- testing Sun Oct 18 15:51:40 UTC 2020 /home/travis/build/icyphy/ptII/ptolemy/actor/lib/test/auto/SetVariable2.xml
----------------- Instantiating /home/travis/build/icyphy/ptII/ptolemy/actor/lib/test/auto/SetVariable2.xml
3 ms. Memory: 475136K Free: 257123K (54%)
----------------- Invoking toplevel() on ptolemy.moml.MoMLSimpleApplication@5090888e
----------------- Done invoking toplevel() on ptolemy.moml.MoMLSimpleApplication@5090888e
reloadAllAccessors: .SetVariable2

===========================================================================================
----------------- testing Sun Oct 18 15:51:40 UTC 2020 /home/travis/build/icyphy/ptII/ptolemy/actor/lib/test/auto/SetVariable3.xml
----------------- Instantiating /home/travis/build/icyphy/ptII/ptolemy/actor/lib/test/auto/SetVariable3.xml
8 ms. Memory: 475136K Free: 251493K (53%)
----------------- Invoking toplevel() on ptolemy.moml.MoMLSimpleApplication@5d18a200
----------------- Done invoking toplevel() on ptolemy.moml.MoMLSimpleApplication@5d18a200
reloadAllAccessors: .SetVariable3

===========================================================================================
----------------- testing Sun Oct 18 15:51:40 UTC 2020 /home/travis/build/icyphy/ptII/ptolemy/actor/lib/test/auto/SetVariable4.xml
----------------- Instantiating /home/travis/build/icyphy/ptII/ptolemy/actor/lib/test/auto/SetVariable4.xml
17 ms. Memory: 475136K Free: 242275K (51%)
----------------- Invoking toplevel() on ptolemy.moml.MoMLSimpleApplication@3fdc7b84
----------------- Done invoking toplevel() on ptolemy.moml.MoMLSimpleApplication@3fdc7b84
reloadAllAccessors: .SetVariable4

===========================================================================================
----------------- testing Sun Oct 18 15:51:40 UTC 2020 /home/travis/build/icyphy/ptII/ptolemy/actor/lib/test/auto/SetVariable5.xml
----------------- Instantiating /home/travis/build/icyphy/ptII/ptolemy/actor/lib/test/auto/SetVariable5.xml
19 ms. Memory: 475136K Free: 232532K (49%)
----------------- Invoking toplevel() on ptolemy.moml.MoMLSimpleApplication@29f1f8e4
----------------- Done invoking toplevel() on ptolemy.moml.MoMLSimpleApplication@29f1f8e4
reloadAllAccessors: .SetVariable5

===========================================================================================
----------------- testing Sun Oct 18 15:51:40 UTC 2020 /home/travis/build/icyphy/ptII/ptolemy/actor/lib/test/auto/Sinewave.xml
----------------- Instantiating /home/travis/build/icyphy/ptII/ptolemy/actor/lib/test/auto/Sinewave.xml
4 ms. Memory: 475136K Free: 222307K (47%)
----------------- Invoking toplevel() on ptolemy.moml.MoMLSimpleApplication@69fa8fac
----------------- Done invoking toplevel() on ptolemy.moml.MoMLSimpleApplication@69fa8fac
reloadAllAccessors: .Sinewave

===========================================================================================
----------------- testing Sun Oct 18 15:51:40 UTC 2020 /home/travis/build/icyphy/ptII/ptolemy/actor/lib/test/auto/Sinewave2.xml
----------------- Instantiating /home/travis/build/icyphy/ptII/ptolemy/actor/lib/test/auto/Sinewave2.xml
8 ms. Memory: 475136K Free: 214108K (45%)
----------------- Invoking toplevel() on ptolemy.moml.MoMLSimpleApplication@1a79e437
----------------- Done invoking toplevel() on ptolemy.moml.MoMLSimpleApplication@1a79e437
reloadAllAccessors: .Sinewave2

===========================================================================================
----------------- testing Sun Oct 18 15:51:40 UTC 2020 /home/travis/build/icyphy/ptII/ptolemy/actor/lib/test/auto/Sinewave3.xml
----------------- Instantiating /home/travis/build/icyphy/ptII/ptolemy/actor/lib/test/auto/Sinewave3.xml
12 ms. Memory: 475136K Free: 205413K (43%)
----------------- Invoking toplevel() on ptolemy.moml.MoMLSimpleApplication@4926ef1a
----------------- Done invoking toplevel() on ptolemy.moml.MoMLSimpleApplication@4926ef1a
reloadAllAccessors: .Sinewave3

===========================================================================================
----------------- testing Sun Oct 18 15:51:40 UTC 2020 /home/travis/build/icyphy/ptII/ptolemy/actor/lib/test/auto/SingleEvent.xml
----------------- Instantiating /home/travis/build/icyphy/ptII/ptolemy/actor/lib/test/auto/SingleEvent.xml
1 ms. Memory: 475136K Free: 201317K (42%)
----------------- Invoking toplevel() on ptolemy.moml.MoMLSimpleApplication@349c72f1
----------------- Done invoking toplevel() on ptolemy.moml.MoMLSimpleApplication@349c72f1
reloadAllAccessors: .SingleEvent

===========================================================================================
----------------- testing Sun Oct 18 15:51:40 UTC 2020 /home/travis/build/icyphy/ptII/ptolemy/actor/lib/test/auto/Sleep.xml
----------------- Instantiating /home/travis/build/icyphy/ptII/ptolemy/actor/lib/test/auto/Sleep.xml
6004 ms. Memory: 475136K Free: 195683K (41%)
----------------- Invoking toplevel() on ptolemy.moml.MoMLSimpleApplication@414dcb8e
----------------- Done invoking toplevel() on ptolemy.moml.MoMLSimpleApplication@414dcb8e
reloadAllAccessors: .Sleep

===========================================================================================
----------------- testing Sun Oct 18 15:51:46 UTC 2020 /home/travis/build/icyphy/ptII/ptolemy/actor/lib/test/auto/SleepMultipleFire.xml
----------------- Instantiating /home/travis/build/icyphy/ptII/ptolemy/actor/lib/test/auto/SleepMultipleFire.xml
1004 ms. Memory: 475136K Free: 189539K (40%)
----------------- Invoking toplevel() on ptolemy.moml.MoMLSimpleApplication@2eeeefab
----------------- Done invoking toplevel() on ptolemy.moml.MoMLSimpleApplication@2eeeefab
reloadAllAccessors: .SleepMultipleFire

===========================================================================================
----------------- testing Sun Oct 18 15:51:47 UTC 2020 /home/travis/build/icyphy/ptII/ptolemy/actor/lib/test/auto/StopDE.xml
----------------- Instantiating /home/travis/build/icyphy/ptII/ptolemy/actor/lib/test/auto/StopDE.xml
2 ms. Memory: 475136K Free: 183909K (39%)
----------------- Invoking toplevel() on ptolemy.moml.MoMLSimpleApplication@4d2382ae
----------------- Done invoking toplevel() on ptolemy.moml.MoMLSimpleApplication@4d2382ae
reloadAllAccessors: .StopDE

===========================================================================================
----------------- testing Sun Oct 18 15:51:47 UTC 2020 /home/travis/build/icyphy/ptII/ptolemy/actor/lib/test/auto/StopSDF.xml
----------------- Instantiating /home/travis/build/icyphy/ptII/ptolemy/actor/lib/test/auto/StopSDF.xml
2 ms. Memory: 475136K Free: 178789K (38%)
----------------- Invoking toplevel() on ptolemy.moml.MoMLSimpleApplication@37552fa
----------------- Done invoking toplevel() on ptolemy.moml.MoMLSimpleApplication@37552fa
reloadAllAccessors: .StopSDF

===========================================================================================
----------------- testing Sun Oct 18 15:51:47 UTC 2020 /home/travis/build/icyphy/ptII/ptolemy/actor/lib/test/auto/StringConstant.xml
----------------- Instantiating /home/travis/build/icyphy/ptII/ptolemy/actor/lib/test/auto/StringConstant.xml
9 ms. Memory: 475136K Free: 173669K (37%)
----------------- Invoking toplevel() on ptolemy.moml.MoMLSimpleApplication@72a930cc
----------------- Done invoking toplevel() on ptolemy.moml.MoMLSimpleApplication@72a930cc
reloadAllAccessors: .StringConstant

===========================================================================================
----------------- testing Sun Oct 18 15:51:47 UTC 2020 /home/travis/build/icyphy/ptII/ptolemy/actor/lib/test/auto/SubscriberPortInitialValues1.xml
----------------- Instantiating /home/travis/build/icyphy/ptII/ptolemy/actor/lib/test/auto/SubscriberPortInitialValues1.xml
9 ms. Memory: 475136K Free: 164963K (35%)
----------------- Invoking toplevel() on ptolemy.moml.MoMLSimpleApplication@3ef80a9
----------------- Done invoking toplevel() on ptolemy.moml.MoMLSimpleApplication@3ef80a9
reloadAllAccessors: .SubscriberPortInitialValues1

===========================================================================================
----------------- testing Sun Oct 18 15:51:47 UTC 2020 /home/travis/build/icyphy/ptII/ptolemy/actor/lib/test/auto/SubscriberPortInitialValues13.xml
----------------- Instantiating /home/travis/build/icyphy/ptII/ptolemy/actor/lib/test/auto/SubscriberPortInitialValues13.xml
5 ms. Memory: 475136K Free: 151651K (32%)
----------------- Invoking toplevel() on ptolemy.moml.MoMLSimpleApplication@6827d6cb
----------------- Done invoking toplevel() on ptolemy.moml.MoMLSimpleApplication@6827d6cb
reloadAllAccessors: .SubscriberPortInitialValues13

===========================================================================================
----------------- testing Sun Oct 18 15:51:47 UTC 2020 /home/travis/build/icyphy/ptII/ptolemy/actor/lib/test/auto/SubscriberPortInitialValues14.xml
----------------- Instantiating /home/travis/build/icyphy/ptII/ptolemy/actor/lib/test/auto/SubscriberPortInitialValues14.xml
6 ms. Memory: 475136K Free: 419318K (88%)
----------------- Invoking toplevel() on ptolemy.moml.MoMLSimpleApplication@53bb49b1
----------------- Done invoking toplevel() on ptolemy.moml.MoMLSimpleApplication@53bb49b1
reloadAllAccessors: .SubscriberPortInitialValues14

===========================================================================================
----------------- testing Sun Oct 18 15:51:47 UTC 2020 /home/travis/build/icyphy/ptII/ptolemy/actor/lib/test/auto/SubscriberPortInitialValues2.xml
----------------- Instantiating /home/travis/build/icyphy/ptII/ptolemy/actor/lib/test/auto/SubscriberPortInitialValues2.xml
4 ms. Memory: 475136K Free: 411126K (87%)
----------------- Invoking toplevel() on ptolemy.moml.MoMLSimpleApplication@674f397b
----------------- Done invoking toplevel() on ptolemy.moml.MoMLSimpleApplication@674f397b
reloadAllAccessors: .SubscriberPortInitialValues2

===========================================================================================
----------------- testing Sun Oct 18 15:51:47 UTC 2020 /home/travis/build/icyphy/ptII/ptolemy/actor/lib/test/auto/SubscriberPortInitialValues3.xml
----------------- Instantiating /home/travis/build/icyphy/ptII/ptolemy/actor/lib/test/auto/SubscriberPortInitialValues3.xml
6 ms. Memory: 475136K Free: 400372K (84%)
----------------- Invoking toplevel() on ptolemy.moml.MoMLSimpleApplication@8e59d3d
----------------- Done invoking toplevel() on ptolemy.moml.MoMLSimpleApplication@8e59d3d
reloadAllAccessors: .SubscriberPortInitialValues3

===========================================================================================
----------------- testing Sun Oct 18 15:51:47 UTC 2020 /home/travis/build/icyphy/ptII/ptolemy/actor/lib/test/auto/SubscriptionAggregator.xml
----------------- Instantiating /home/travis/build/icyphy/ptII/ptolemy/actor/lib/test/auto/SubscriptionAggregator.xml
3 ms. Memory: 475136K Free: 393718K (83%)
----------------- Invoking toplevel() on ptolemy.moml.MoMLSimpleApplication@42ba78a0
----------------- Done invoking toplevel() on ptolemy.moml.MoMLSimpleApplication@42ba78a0
reloadAllAccessors: .SubscriptionAggregator

===========================================================================================
----------------- testing Sun Oct 18 15:51:47 UTC 2020 /home/travis/build/icyphy/ptII/ptolemy/actor/lib/test/auto/SubscriptionAggregator2.xml
----------------- Instantiating /home/travis/build/icyphy/ptII/ptolemy/actor/lib/test/auto/SubscriptionAggregator2.xml
2 ms. Memory: 475136K Free: 386550K (81%)
----------------- Invoking toplevel() on ptolemy.moml.MoMLSimpleApplication@5a1fa741
----------------- Done invoking toplevel() on ptolemy.moml.MoMLSimpleApplication@5a1fa741
reloadAllAccessors: .SubscriptionAggregator2

===========================================================================================
----------------- testing Sun Oct 18 15:51:47 UTC 2020 /home/travis/build/icyphy/ptII/ptolemy/actor/lib/test/auto/SubscriptionAggregator3.xml
----------------- Instantiating /home/travis/build/icyphy/ptII/ptolemy/actor/lib/test/auto/SubscriptionAggregator3.xml
4 ms. Memory: 475136K Free: 377837K (80%)
----------------- Invoking toplevel() on ptolemy.moml.MoMLSimpleApplication@5514023
----------------- Done invoking toplevel() on ptolemy.moml.MoMLSimpleApplication@5514023
reloadAllAccessors: .SubscriptionAggregator3

===========================================================================================
----------------- testing Sun Oct 18 15:51:47 UTC 2020 /home/travis/build/icyphy/ptII/ptolemy/actor/lib/test/auto/SubscriptionAggregatorMultiply.xml
----------------- Instantiating /home/travis/build/icyphy/ptII/ptolemy/actor/lib/test/auto/SubscriptionAggregatorMultiply.xml
12 ms. Memory: 475136K Free: 369142K (78%)
----------------- Invoking toplevel() on ptolemy.moml.MoMLSimpleApplication@70df8c57
----------------- Done invoking toplevel() on ptolemy.moml.MoMLSimpleApplication@70df8c57
reloadAllAccessors: .SubscriptionAggregatorMultiply

===========================================================================================
----------------- testing Sun Oct 18 15:51:47 UTC 2020 /home/travis/build/icyphy/ptII/ptolemy/actor/lib/test/auto/SubscriptionAggregatorPortMultiply1.xml
----------------- Instantiating /home/travis/build/icyphy/ptII/ptolemy/actor/lib/test/auto/SubscriptionAggregatorPortMultiply1.xml
4 ms. Memory: 475136K Free: 360436K (76%)
----------------- Invoking toplevel() on ptolemy.moml.MoMLSimpleApplication@761374a9
----------------- Done invoking toplevel() on ptolemy.moml.MoMLSimpleApplication@761374a9
reloadAllAccessors: .SubscriptionAggregatorPortMultiply1

===========================================================================================
----------------- testing Sun Oct 18 15:51:47 UTC 2020 /home/travis/build/icyphy/ptII/ptolemy/actor/lib/test/auto/Switch.xml
----------------- Instantiating /home/travis/build/icyphy/ptII/ptolemy/actor/lib/test/auto/Switch.xml
9 ms. Memory: 475136K Free: 352244K (74%)
----------------- Invoking toplevel() on ptolemy.moml.MoMLSimpleApplication@5aabbd61
----------------- Done invoking toplevel() on ptolemy.moml.MoMLSimpleApplication@5aabbd61
reloadAllAccessors: .Switch

===========================================================================================
----------------- testing Sun Oct 18 15:51:47 UTC 2020 /home/travis/build/icyphy/ptII/ptolemy/actor/lib/test/auto/Switch2.xml
----------------- Instantiating /home/travis/build/icyphy/ptII/ptolemy/actor/lib/test/auto/Switch2.xml
1 ms. Memory: 475136K Free: 347638K (73%)
----------------- Invoking toplevel() on ptolemy.moml.MoMLSimpleApplication@2ad08f82
----------------- Done invoking toplevel() on ptolemy.moml.MoMLSimpleApplication@2ad08f82
reloadAllAccessors: .Switch2

===========================================================================================
----------------- testing Sun Oct 18 15:51:47 UTC 2020 /home/travis/build/icyphy/ptII/ptolemy/actor/lib/test/auto/SwitchDE.xml
----------------- Instantiating /home/travis/build/icyphy/ptII/ptolemy/actor/lib/test/auto/SwitchDE.xml
3 ms. Memory: 475136K Free: 340965K (72%)
----------------- Invoking toplevel() on ptolemy.moml.MoMLSimpleApplication@7a031068
----------------- Done invoking toplevel() on ptolemy.moml.MoMLSimpleApplication@7a031068
reloadAllAccessors: .SwitchDE

===========================================================================================
----------------- testing Sun Oct 18 15:51:47 UTC 2020 /home/travis/build/icyphy/ptII/ptolemy/actor/lib/test/auto/SynchronizerDE.xml
----------------- Instantiating /home/travis/build/icyphy/ptII/ptolemy/actor/lib/test/auto/SynchronizerDE.xml
9 ms. Memory: 475136K Free: 332773K (70%)
----------------- Invoking toplevel() on ptolemy.moml.MoMLSimpleApplication@7e02d943
----------------- Done invoking toplevel() on ptolemy.moml.MoMLSimpleApplication@7e02d943
reloadAllAccessors: .SynchronizerDE

===========================================================================================
----------------- testing Sun Oct 18 15:51:47 UTC 2020 /home/travis/build/icyphy/ptII/ptolemy/actor/lib/test/auto/Test.xml
----------------- Instantiating /home/travis/build/icyphy/ptII/ptolemy/actor/lib/test/auto/Test.xml
9 ms. Memory: 475136K Free: 327653K (69%)
----------------- Invoking toplevel() on ptolemy.moml.MoMLSimpleApplication@30f0cbd6
----------------- Done invoking toplevel() on ptolemy.moml.MoMLSimpleApplication@30f0cbd6
reloadAllAccessors: .Test

===========================================================================================
----------------- testing Sun Oct 18 15:51:47 UTC 2020 /home/travis/build/icyphy/ptII/ptolemy/actor/lib/test/auto/TestExceptionAttribute1.xml
----------------- Instantiating /home/travis/build/icyphy/ptII/ptolemy/actor/lib/test/auto/TestExceptionAttribute1.xml
1 ms. Memory: 475136K Free: 323572K (68%)
----------------- Invoking toplevel() on ptolemy.moml.MoMLSimpleApplication@1369d7f9
----------------- Done invoking toplevel() on ptolemy.moml.MoMLSimpleApplication@1369d7f9
reloadAllAccessors: .TestExceptionAttribute1

===========================================================================================
----------------- testing Sun Oct 18 15:51:47 UTC 2020 /home/travis/build/icyphy/ptII/ptolemy/actor/lib/test/auto/TestExceptionAttribute2.xml
----------------- Instantiating /home/travis/build/icyphy/ptII/ptolemy/actor/lib/test/auto/TestExceptionAttribute2.xml
2 ms. Memory: 475136K Free: 319990K (67%)
----------------- Invoking toplevel() on ptolemy.moml.MoMLSimpleApplication@518771e6
----------------- Done invoking toplevel() on ptolemy.moml.MoMLSimpleApplication@518771e6
reloadAllAccessors: .TestExceptionAttribute2

===========================================================================================
----------------- testing Sun Oct 18 15:51:47 UTC 2020 /home/travis/build/icyphy/ptII/ptolemy/actor/lib/test/auto/TestExceptionAttribute3.xml
----------------- Instantiating /home/travis/build/icyphy/ptII/ptolemy/actor/lib/test/auto/TestExceptionAttribute3.xml
.TestExceptionAttribute3.TestExceptionAttribute: initialize() was not invoked, but wrapup() was.  This is unusual, but not always a problem.  For example, exporting JNLP will do this.
0 ms. Memory: 475136K Free: 316404K (67%)
----------------- Invoking toplevel() on ptolemy.moml.MoMLSimpleApplication@e8751e7
----------------- Done invoking toplevel() on ptolemy.moml.MoMLSimpleApplication@e8751e7
reloadAllAccessors: .TestExceptionAttribute3

===========================================================================================
----------------- testing Sun Oct 18 15:51:47 UTC 2020 /home/travis/build/icyphy/ptII/ptolemy/actor/lib/test/auto/TestExceptionAttribute4.xml
----------------- Instantiating /home/travis/build/icyphy/ptII/ptolemy/actor/lib/test/auto/TestExceptionAttribute4.xml
.TestExceptionAttribute4.TestExceptionAttribute: initialize() was not invoked, but wrapup() was.  This is unusual, but not always a problem.  For example, exporting JNLP will do this.
.TestExceptionAttribute4.TestExceptionAttribute2: initialize() was not invoked, but wrapup() was.  This is unusual, but not always a problem.  For example, exporting JNLP will do this.
0 ms. Memory: 475136K Free: 311798K (66%)
----------------- Invoking toplevel() on ptolemy.moml.MoMLSimpleApplication@37da837c
----------------- Done invoking toplevel() on ptolemy.moml.MoMLSimpleApplication@37da837c
reloadAllAccessors: .TestExceptionAttribute4

===========================================================================================
----------------- testing Sun Oct 18 15:51:47 UTC 2020 /home/travis/build/icyphy/ptII/ptolemy/actor/lib/test/auto/TestExceptionHandler1.xml
----------------- Instantiating /home/travis/build/icyphy/ptII/ptolemy/actor/lib/test/auto/TestExceptionHandler1.xml
0 ms. Memory: 475136K Free: 308212K (65%)
----------------- Invoking toplevel() on ptolemy.moml.MoMLSimpleApplication@2112ae4a
----------------- Done invoking toplevel() on ptolemy.moml.MoMLSimpleApplication@2112ae4a
reloadAllAccessors: .TestExceptionHandler1

===========================================================================================
----------------- testing Sun Oct 18 15:51:47 UTC 2020 /home/travis/build/icyphy/ptII/ptolemy/actor/lib/test/auto/TestExceptionHandler2.xml
----------------- Instantiating /home/travis/build/icyphy/ptII/ptolemy/actor/lib/test/auto/TestExceptionHandler2.xml
2 ms. Memory: 475136K Free: 304630K (64%)
----------------- Invoking toplevel() on ptolemy.moml.MoMLSimpleApplication@1614a82
----------------- Done invoking toplevel() on ptolemy.moml.MoMLSimpleApplication@1614a82
reloadAllAccessors: .TestExceptionHandler2

===========================================================================================
----------------- testing Sun Oct 18 15:51:48 UTC 2020 /home/travis/build/icyphy/ptII/ptolemy/actor/lib/test/auto/TestExceptionHandler3.xml
----------------- Instantiating /home/travis/build/icyphy/ptII/ptolemy/actor/lib/test/auto/TestExceptionHandler3.xml
1 ms. Memory: 475136K Free: 300534K (63%)
----------------- Invoking toplevel() on ptolemy.moml.MoMLSimpleApplication@1a3a4aae
----------------- Done invoking toplevel() on ptolemy.moml.MoMLSimpleApplication@1a3a4aae
reloadAllAccessors: .TestExceptionHandler3

===========================================================================================
----------------- testing Sun Oct 18 15:51:48 UTC 2020 /home/travis/build/icyphy/ptII/ptolemy/actor/lib/test/auto/TestExceptionHandler4.xml
----------------- Instantiating /home/travis/build/icyphy/ptII/ptolemy/actor/lib/test/auto/TestExceptionHandler4.xml
1 ms. Memory: 475136K Free: 296438K (62%)
----------------- Invoking toplevel() on ptolemy.moml.MoMLSimpleApplication@18a4fda1
----------------- Done invoking toplevel() on ptolemy.moml.MoMLSimpleApplication@18a4fda1
reloadAllAccessors: .TestExceptionHandler4

===========================================================================================
----------------- testing Sun Oct 18 15:51:48 UTC 2020 /home/travis/build/icyphy/ptII/ptolemy/actor/lib/test/auto/TestRequireCorrectOrder.xml
----------------- Instantiating /home/travis/build/icyphy/ptII/ptolemy/actor/lib/test/auto/TestRequireCorrectOrder.xml
3 ms. Memory: 475136K Free: 291318K (61%)
----------------- Invoking toplevel() on ptolemy.moml.MoMLSimpleApplication@309a86b5
----------------- Done invoking toplevel() on ptolemy.moml.MoMLSimpleApplication@309a86b5
reloadAllAccessors: .TestRequireCorrectOrder

===========================================================================================
----------------- testing Sun Oct 18 15:51:48 UTC 2020 /home/travis/build/icyphy/ptII/ptolemy/actor/lib/test/auto/TestSimple.xml
----------------- Instantiating /home/travis/build/icyphy/ptII/ptolemy/actor/lib/test/auto/TestSimple.xml
4 ms. Memory: 475136K Free: 286198K (60%)
----------------- Invoking toplevel() on ptolemy.moml.MoMLSimpleApplication@42a48c30
----------------- Done invoking toplevel() on ptolemy.moml.MoMLSimpleApplication@42a48c30
reloadAllAccessors: .TestSimple

===========================================================================================
----------------- testing Sun Oct 18 15:51:48 UTC 2020 /home/travis/build/icyphy/ptII/ptolemy/actor/lib/test/auto/ThrowModelError.xml
----------------- Instantiating /home/travis/build/icyphy/ptII/ptolemy/actor/lib/test/auto/ThrowModelError.xml
2 ms. Memory: 475136K Free: 281588K (59%)
----------------- Invoking toplevel() on ptolemy.moml.MoMLSimpleApplication@4e2de2ed
----------------- Done invoking toplevel() on ptolemy.moml.MoMLSimpleApplication@4e2de2ed
reloadAllAccessors: .ThrowModelError

===========================================================================================
----------------- testing Sun Oct 18 15:51:48 UTC 2020 /home/travis/build/icyphy/ptII/ptolemy/actor/lib/test/auto/TimeDelayMicrosteps.xml
----------------- Instantiating /home/travis/build/icyphy/ptII/ptolemy/actor/lib/test/auto/TimeDelayMicrosteps.xml
3 ms. Memory: 475136K Free: 274413K (58%)
----------------- Invoking toplevel() on ptolemy.moml.MoMLSimpleApplication@7d906e3b
----------------- Done invoking toplevel() on ptolemy.moml.MoMLSimpleApplication@7d906e3b
reloadAllAccessors: .TimeDelayMicrosteps

===========================================================================================
----------------- testing Sun Oct 18 15:51:48 UTC 2020 /home/travis/build/icyphy/ptII/ptolemy/actor/lib/test/auto/TimeDelayMicrosteps2.xml
----------------- Instantiating /home/travis/build/icyphy/ptII/ptolemy/actor/lib/test/auto/TimeDelayMicrosteps2.xml
3 ms. Memory: 475136K Free: 267221K (56%)
----------------- Invoking toplevel() on ptolemy.moml.MoMLSimpleApplication@212e46ea
----------------- Done invoking toplevel() on ptolemy.moml.MoMLSimpleApplication@212e46ea
reloadAllAccessors: .TimeDelayMicrosteps2

===========================================================================================
----------------- testing Sun Oct 18 15:51:48 UTC 2020 /home/travis/build/icyphy/ptII/ptolemy/actor/lib/test/auto/TimeDelayMicrosteps3.xml
----------------- Instantiating /home/travis/build/icyphy/ptII/ptolemy/actor/lib/test/auto/TimeDelayMicrosteps3.xml
2 ms. Memory: 475136K Free: 260598K (55%)
----------------- Invoking toplevel() on ptolemy.moml.MoMLSimpleApplication@29fc704e
----------------- Done invoking toplevel() on ptolemy.moml.MoMLSimpleApplication@29fc704e
reloadAllAccessors: .TimeDelayMicrosteps3

===========================================================================================
----------------- testing Sun Oct 18 15:51:48 UTC 2020 /home/travis/build/icyphy/ptII/ptolemy/actor/lib/test/auto/TimeDelayVariableMicrosteps.xml
----------------- Instantiating /home/travis/build/icyphy/ptII/ptolemy/actor/lib/test/auto/TimeDelayVariableMicrosteps.xml
2 ms. Memory: 475136K Free: 253430K (53%)
----------------- Invoking toplevel() on ptolemy.moml.MoMLSimpleApplication@489b5a15
----------------- Done invoking toplevel() on ptolemy.moml.MoMLSimpleApplication@489b5a15
reloadAllAccessors: .TimeDelayVariableMicrosteps

===========================================================================================
----------------- testing Sun Oct 18 15:51:48 UTC 2020 /home/travis/build/icyphy/ptII/ptolemy/actor/lib/test/auto/TimeGap.xml
----------------- Instantiating /home/travis/build/icyphy/ptII/ptolemy/actor/lib/test/auto/TimeGap.xml
3 ms. Memory: 475136K Free: 248310K (52%)
----------------- Invoking toplevel() on ptolemy.moml.MoMLSimpleApplication@204099a0
----------------- Done invoking toplevel() on ptolemy.moml.MoMLSimpleApplication@204099a0
reloadAllAccessors: .TimeGap

===========================================================================================
----------------- testing Sun Oct 18 15:51:48 UTC 2020 /home/travis/build/icyphy/ptII/ptolemy/actor/lib/test/auto/TimeGap2.xml
----------------- Instantiating /home/travis/build/icyphy/ptII/ptolemy/actor/lib/test/auto/TimeGap2.xml
2 ms. Memory: 475136K Free: 242669K (51%)
----------------- Invoking toplevel() on ptolemy.moml.MoMLSimpleApplication@375887c2
----------------- Done invoking toplevel() on ptolemy.moml.MoMLSimpleApplication@375887c2
reloadAllAccessors: .TimeGap2

===========================================================================================
----------------- testing Sun Oct 18 15:51:48 UTC 2020 /home/travis/build/icyphy/ptII/ptolemy/actor/lib/test/auto/TimedSinewave.xml
----------------- Instantiating /home/travis/build/icyphy/ptII/ptolemy/actor/lib/test/auto/TimedSinewave.xml
23 ms. Memory: 475136K Free: 227830K (48%)
----------------- Invoking toplevel() on ptolemy.moml.MoMLSimpleApplication@37c74a05
----------------- Done invoking toplevel() on ptolemy.moml.MoMLSimpleApplication@37c74a05
reloadAllAccessors: .TimedSinewave

===========================================================================================
----------------- testing Sun Oct 18 15:51:48 UTC 2020 /home/travis/build/icyphy/ptII/ptolemy/actor/lib/test/auto/TimedSinewavePhase.xml
----------------- Instantiating /home/travis/build/icyphy/ptII/ptolemy/actor/lib/test/auto/TimedSinewavePhase.xml
9 ms. Memory: 475136K Free: 218100K (46%)
----------------- Invoking toplevel() on ptolemy.moml.MoMLSimpleApplication@207ceebd
----------------- Done invoking toplevel() on ptolemy.moml.MoMLSimpleApplication@207ceebd
reloadAllAccessors: .TimedSinewavePhase

===========================================================================================
----------------- testing Sun Oct 18 15:51:48 UTC 2020 /home/travis/build/icyphy/ptII/ptolemy/actor/lib/test/auto/Timer.xml
----------------- Instantiating /home/travis/build/icyphy/ptII/ptolemy/actor/lib/test/auto/Timer.xml
6 ms. Memory: 475136K Free: 211949K (45%)
----------------- Invoking toplevel() on ptolemy.moml.MoMLSimpleApplication@5fa55f02
----------------- Done invoking toplevel() on ptolemy.moml.MoMLSimpleApplication@5fa55f02
reloadAllAccessors: .Timer

===========================================================================================
----------------- testing Sun Oct 18 15:51:48 UTC 2020 /home/travis/build/icyphy/ptII/ptolemy/actor/lib/test/auto/TriangularDistTestModel.xml
----------------- Instantiating /home/travis/build/icyphy/ptII/ptolemy/actor/lib/test/auto/TriangularDistTestModel.xml
2 ms. Memory: 475136K Free: 206326K (43%)
----------------- Invoking toplevel() on ptolemy.moml.MoMLSimpleApplication@27896ab1
----------------- Done invoking toplevel() on ptolemy.moml.MoMLSimpleApplication@27896ab1
reloadAllAccessors: .TriangularDistTestModel

===========================================================================================
----------------- testing Sun Oct 18 15:51:48 UTC 2020 /home/travis/build/icyphy/ptII/ptolemy/actor/lib/test/auto/TrigFunction.xml
----------------- Instantiating /home/travis/build/icyphy/ptII/ptolemy/actor/lib/test/auto/TrigFunction.xml
2 ms. Memory: 475136K Free: 201716K (42%)
----------------- Invoking toplevel() on ptolemy.moml.MoMLSimpleApplication@433ad79e
----------------- Done invoking toplevel() on ptolemy.moml.MoMLSimpleApplication@433ad79e
reloadAllAccessors: .TrigFunction

===========================================================================================
----------------- testing Sun Oct 18 15:51:48 UTC 2020 /home/travis/build/icyphy/ptII/ptolemy/actor/lib/test/auto/TrigFunctionDE.xml
----------------- Instantiating /home/travis/build/icyphy/ptII/ptolemy/actor/lib/test/auto/TrigFunctionDE.xml
1 ms. Memory: 475136K Free: 195557K (41%)
----------------- Invoking toplevel() on ptolemy.moml.MoMLSimpleApplication@2c40e182
----------------- Done invoking toplevel() on ptolemy.moml.MoMLSimpleApplication@2c40e182
reloadAllAccessors: .TrigFunctionDE

===========================================================================================
----------------- testing Sun Oct 18 15:51:48 UTC 2020 /home/travis/build/icyphy/ptII/ptolemy/actor/lib/test/auto/TrigFunctionInverse.xml
----------------- Instantiating /home/travis/build/icyphy/ptII/ptolemy/actor/lib/test/auto/TrigFunctionInverse.xml
2 ms. Memory: 475136K Free: 190452K (40%)
----------------- Invoking toplevel() on ptolemy.moml.MoMLSimpleApplication@361593c7
----------------- Done invoking toplevel() on ptolemy.moml.MoMLSimpleApplication@361593c7
reloadAllAccessors: .TrigFunctionInverse

===========================================================================================
----------------- testing Sun Oct 18 15:51:48 UTC 2020 /home/travis/build/icyphy/ptII/ptolemy/actor/lib/test/auto/TrigFunctionTan.xml
----------------- Instantiating /home/travis/build/icyphy/ptII/ptolemy/actor/lib/test/auto/TrigFunctionTan.xml
1 ms. Memory: 475136K Free: 185846K (39%)
----------------- Invoking toplevel() on ptolemy.moml.MoMLSimpleApplication@a23d506
----------------- Done invoking toplevel() on ptolemy.moml.MoMLSimpleApplication@a23d506
reloadAllAccessors: .TrigFunctionTan

===========================================================================================
----------------- testing Sun Oct 18 15:51:48 UTC 2020 /home/travis/build/icyphy/ptII/ptolemy/actor/lib/test/auto/TriggeredClock.xml
----------------- Instantiating /home/travis/build/icyphy/ptII/ptolemy/actor/lib/test/auto/TriggeredClock.xml
1 ms. Memory: 475136K Free: 180726K (38%)
----------------- Invoking toplevel() on ptolemy.moml.MoMLSimpleApplication@225e2f39
----------------- Done invoking toplevel() on ptolemy.moml.MoMLSimpleApplication@225e2f39
reloadAllAccessors: .TriggeredClock

===========================================================================================
----------------- testing Sun Oct 18 15:51:48 UTC 2020 /home/travis/build/icyphy/ptII/ptolemy/actor/lib/test/auto/URLDirectoryReader.xml
----------------- Instantiating /home/travis/build/icyphy/ptII/ptolemy/actor/lib/test/auto/URLDirectoryReader.xml
38 ms. Memory: 475136K Free: 172020K (36%)
----------------- Invoking toplevel() on ptolemy.moml.MoMLSimpleApplication@14f8a255
----------------- Done invoking toplevel() on ptolemy.moml.MoMLSimpleApplication@14f8a255
reloadAllAccessors: .URLDirectoryReader

===========================================================================================
----------------- testing Sun Oct 18 15:51:48 UTC 2020 /home/travis/build/icyphy/ptII/ptolemy/actor/lib/test/auto/URLDirectoryReader3.xml
----------------- Instantiating /home/travis/build/icyphy/ptII/ptolemy/actor/lib/test/auto/URLDirectoryReader3.xml
1398 ms. Memory: 475136K Free: 414612K (87%)
----------------- Invoking toplevel() on ptolemy.moml.MoMLSimpleApplication@5ba062eb
----------------- Done invoking toplevel() on ptolemy.moml.MoMLSimpleApplication@5ba062eb
reloadAllAccessors: .URLDirectoryReader3

===========================================================================================
----------------- testing Sun Oct 18 15:51:50 UTC 2020 /home/travis/build/icyphy/ptII/ptolemy/actor/lib/test/auto/UnaryMathFunction.xml
----------------- Instantiating /home/travis/build/icyphy/ptII/ptolemy/actor/lib/test/auto/UnaryMathFunction.xml
3 ms. Memory: 475136K Free: 406780K (86%)
----------------- Invoking toplevel() on ptolemy.moml.MoMLSimpleApplication@1347d6d5
----------------- Done invoking toplevel() on ptolemy.moml.MoMLSimpleApplication@1347d6d5
reloadAllAccessors: .UnaryMathFunction

===========================================================================================
----------------- testing Sun Oct 18 15:51:50 UTC 2020 /home/travis/build/icyphy/ptII/ptolemy/actor/lib/test/auto/Uniform.xml
----------------- Instantiating /home/travis/build/icyphy/ptII/ptolemy/actor/lib/test/auto/Uniform.xml
4 ms. Memory: 475136K Free: 401660K (85%)
----------------- Invoking toplevel() on ptolemy.moml.MoMLSimpleApplication@27423583
----------------- Done invoking toplevel() on ptolemy.moml.MoMLSimpleApplication@27423583
reloadAllAccessors: .Uniform

===========================================================================================
----------------- testing Sun Oct 18 15:51:50 UTC 2020 /home/travis/build/icyphy/ptII/ptolemy/actor/lib/test/auto/UnionDisassemblerTest.xml
----------------- Instantiating /home/travis/build/icyphy/ptII/ptolemy/actor/lib/test/auto/UnionDisassemblerTest.xml
18 ms. Memory: 475136K Free: 398060K (84%)
----------------- Invoking toplevel() on ptolemy.moml.MoMLSimpleApplication@6a69c12b
----------------- Done invoking toplevel() on ptolemy.moml.MoMLSimpleApplication@6a69c12b
reloadAllAccessors: .UnionDisassemblerTest

===========================================================================================
----------------- testing Sun Oct 18 15:51:50 UTC 2020 /home/travis/build/icyphy/ptII/ptolemy/actor/lib/test/auto/UtilityFunctions.xml
----------------- Instantiating /home/travis/build/icyphy/ptII/ptolemy/actor/lib/test/auto/UtilityFunctions.xml
1 ms. Memory: 475136K Free: 394492K (83%)
----------------- Invoking toplevel() on ptolemy.moml.MoMLSimpleApplication@31baf1f7
----------------- Done invoking toplevel() on ptolemy.moml.MoMLSimpleApplication@31baf1f7
reloadAllAccessors: .UtilityFunctions

===========================================================================================
----------------- testing Sun Oct 18 15:51:50 UTC 2020 /home/travis/build/icyphy/ptII/ptolemy/actor/lib/test/auto/VariableSleep.xml
----------------- Instantiating /home/travis/build/icyphy/ptII/ptolemy/actor/lib/test/auto/VariableSleep.xml
503 ms. Memory: 475136K Free: 388858K (82%)
----------------- Invoking toplevel() on ptolemy.moml.MoMLSimpleApplication@25ffa4ff
----------------- Done invoking toplevel() on ptolemy.moml.MoMLSimpleApplication@25ffa4ff
reloadAllAccessors: .VariableSleep

===========================================================================================
----------------- testing Sun Oct 18 15:51:50 UTC 2020 /home/travis/build/icyphy/ptII/ptolemy/actor/lib/test/auto/VectorAssemblerDisassemblerCT.xml
----------------- Instantiating /home/travis/build/icyphy/ptII/ptolemy/actor/lib/test/auto/VectorAssemblerDisassemblerCT.xml
53 ms. Memory: 475136K Free: 368892K (78%)
----------------- Invoking toplevel() on ptolemy.moml.MoMLSimpleApplication@5fc05936
----------------- Done invoking toplevel() on ptolemy.moml.MoMLSimpleApplication@5fc05936
reloadAllAccessors: .VectorAssemblerDisassemblerCT

===========================================================================================
----------------- testing Sun Oct 18 15:51:51 UTC 2020 /home/travis/build/icyphy/ptII/ptolemy/actor/lib/test/auto/VectorAssemblerDisassemblerDE.xml
----------------- Instantiating /home/travis/build/icyphy/ptII/ptolemy/actor/lib/test/auto/VectorAssemblerDisassemblerDE.xml
2 ms. Memory: 475136K Free: 361210K (76%)
----------------- Invoking toplevel() on ptolemy.moml.MoMLSimpleApplication@6ba5f2d4
----------------- Done invoking toplevel() on ptolemy.moml.MoMLSimpleApplication@6ba5f2d4
reloadAllAccessors: .VectorAssemblerDisassemblerDE

===========================================================================================
----------------- testing Sun Oct 18 15:51:51 UTC 2020 /home/travis/build/icyphy/ptII/ptolemy/actor/lib/test/auto/VectorAssemblerDisassemblerSDF.xml
----------------- Instantiating /home/travis/build/icyphy/ptII/ptolemy/actor/lib/test/auto/VectorAssemblerDisassemblerSDF.xml
2 ms. Memory: 475136K Free: 355066K (75%)
----------------- Invoking toplevel() on ptolemy.moml.MoMLSimpleApplication@3d3cd86
----------------- Done invoking toplevel() on ptolemy.moml.MoMLSimpleApplication@3d3cd86
reloadAllAccessors: .VectorAssemblerDisassemblerSDF

===========================================================================================
----------------- testing Sun Oct 18 15:51:51 UTC 2020 /home/travis/build/icyphy/ptII/ptolemy/actor/lib/test/auto/WallClockTime.xml
----------------- Instantiating /home/travis/build/icyphy/ptII/ptolemy/actor/lib/test/auto/WallClockTime.xml
1004 ms. Memory: 475136K Free: 348412K (73%)
----------------- Invoking toplevel() on ptolemy.moml.MoMLSimpleApplication@5a4d771c
----------------- Done invoking toplevel() on ptolemy.moml.MoMLSimpleApplication@5a4d771c
reloadAllAccessors: .WallClockTime

===========================================================================================
----------------- testing Sun Oct 18 15:51:52 UTC 2020 /home/travis/build/icyphy/ptII/ptolemy/actor/lib/test/auto/WidthTestWithSubscriberPublisher.xml
----------------- Instantiating /home/travis/build/icyphy/ptII/ptolemy/actor/lib/test/auto/WidthTestWithSubscriberPublisher.xml
7 ms. Memory: 475136K Free: 330490K (70%)
----------------- Invoking toplevel() on ptolemy.moml.MoMLSimpleApplication@3f83e6d7
----------------- Done invoking toplevel() on ptolemy.moml.MoMLSimpleApplication@3f83e6d7
reloadAllAccessors: .WidthTestWithSubscriberPublisher

===========================================================================================
----------------- testing Sun Oct 18 15:51:52 UTC 2020 /home/travis/build/icyphy/ptII/ptolemy/actor/lib/test/auto/WidthTestWithSubscriberPublisher2.xml
----------------- Instantiating /home/travis/build/icyphy/ptII/ptolemy/actor/lib/test/auto/WidthTestWithSubscriberPublisher2.xml
2 ms. Memory: 475136K Free: 324346K (68%)
----------------- Invoking toplevel() on ptolemy.moml.MoMLSimpleApplication@4e7c00fc
----------------- Done invoking toplevel() on ptolemy.moml.MoMLSimpleApplication@4e7c00fc
reloadAllAccessors: .WidthTestWithSubscriberPublisher2

===========================================================================================
----------------- testing Sun Oct 18 15:51:52 UTC 2020 /home/travis/build/icyphy/ptII/ptolemy/actor/lib/test/auto/WidthTestWithSubscriberPublisher3.xml
----------------- Instantiating /home/travis/build/icyphy/ptII/ptolemy/actor/lib/test/auto/WidthTestWithSubscriberPublisher3.xml
1 ms. Memory: 475136K Free: 318202K (67%)
----------------- Invoking toplevel() on ptolemy.moml.MoMLSimpleApplication@15860407
----------------- Done invoking toplevel() on ptolemy.moml.MoMLSimpleApplication@15860407
reloadAllAccessors: .WidthTestWithSubscriberPublisher3

===========================================================================================
----------------- testing Sun Oct 18 15:51:52 UTC 2020 /home/travis/build/icyphy/ptII/ptolemy/actor/lib/test/auto/Writer.xml
----------------- Instantiating /home/travis/build/icyphy/ptII/ptolemy/actor/lib/test/auto/Writer.xml
0
1
2
3
4
2 ms. Memory: 475136K Free: 314076K (66%)
----------------- Invoking toplevel() on ptolemy.moml.MoMLSimpleApplication@1fc80e24
----------------- Done invoking toplevel() on ptolemy.moml.MoMLSimpleApplication@1fc80e24
reloadAllAccessors: .Writer

===========================================================================================
----------------- testing Sun Oct 18 15:51:52 UTC 2020 /home/travis/build/icyphy/ptII/ptolemy/actor/lib/test/auto/array.xml
----------------- Instantiating /home/travis/build/icyphy/ptII/ptolemy/actor/lib/test/auto/array.xml
2 ms. Memory: 475136K Free: 309500K (65%)
----------------- Invoking toplevel() on ptolemy.moml.MoMLSimpleApplication@276d45c7
----------------- Done invoking toplevel() on ptolemy.moml.MoMLSimpleApplication@276d45c7
reloadAllAccessors: .array

===========================================================================================
----------------- testing Sun Oct 18 15:51:52 UTC 2020 /home/travis/build/icyphy/ptII/ptolemy/actor/lib/test/auto/array2.xml
----------------- Instantiating /home/travis/build/icyphy/ptII/ptolemy/actor/lib/test/auto/array2.xml
6 ms. Memory: 475136K Free: 304380K (64%)
----------------- Invoking toplevel() on ptolemy.moml.MoMLSimpleApplication@68c58781
----------------- Done invoking toplevel() on ptolemy.moml.MoMLSimpleApplication@68c58781
reloadAllAccessors: .array2

===========================================================================================
----------------- testing Sun Oct 18 15:51:52 UTC 2020 /home/travis/build/icyphy/ptII/ptolemy/actor/lib/test/auto/arrayType.xml
----------------- Instantiating /home/travis/build/icyphy/ptII/ptolemy/actor/lib/test/auto/arrayType.xml
2 ms. Memory: 475136K Free: 299260K (63%)
----------------- Invoking toplevel() on ptolemy.moml.MoMLSimpleApplication@80ee177
----------------- Done invoking toplevel() on ptolemy.moml.MoMLSimpleApplication@80ee177
reloadAllAccessors: .arrayType

===========================================================================================
----------------- testing Sun Oct 18 15:51:52 UTC 2020 /home/travis/build/icyphy/ptII/ptolemy/actor/lib/test/auto/arrayType10.xml
----------------- Instantiating /home/travis/build/icyphy/ptII/ptolemy/actor/lib/test/auto/arrayType10.xml
1 ms. Memory: 475136K Free: 294140K (62%)
----------------- Invoking toplevel() on ptolemy.moml.MoMLSimpleApplication@255fe86c
----------------- Done invoking toplevel() on ptolemy.moml.MoMLSimpleApplication@255fe86c
reloadAllAccessors: .arrayType10

===========================================================================================
----------------- testing Sun Oct 18 15:51:52 UTC 2020 /home/travis/build/icyphy/ptII/ptolemy/actor/lib/test/auto/arrayType11.xml
----------------- Instantiating /home/travis/build/icyphy/ptII/ptolemy/actor/lib/test/auto/arrayType11.xml
1 ms. Memory: 475136K Free: 289530K (61%)
----------------- Invoking toplevel() on ptolemy.moml.MoMLSimpleApplication@57b87405
----------------- Done invoking toplevel() on ptolemy.moml.MoMLSimpleApplication@57b87405
reloadAllAccessors: .arrayType11

===========================================================================================
----------------- testing Sun Oct 18 15:51:52 UTC 2020 /home/travis/build/icyphy/ptII/ptolemy/actor/lib/test/auto/arrayType12.xml
----------------- Instantiating /home/travis/build/icyphy/ptII/ptolemy/actor/lib/test/auto/arrayType12.xml
6 ms. Memory: 475136K Free: 284924K (60%)
----------------- Invoking toplevel() on ptolemy.moml.MoMLSimpleApplication@1e387649
----------------- Done invoking toplevel() on ptolemy.moml.MoMLSimpleApplication@1e387649
reloadAllAccessors: .arrayType12

===========================================================================================
----------------- testing Sun Oct 18 15:51:52 UTC 2020 /home/travis/build/icyphy/ptII/ptolemy/actor/lib/test/auto/arrayType13.xml
----------------- Instantiating /home/travis/build/icyphy/ptII/ptolemy/actor/lib/test/auto/arrayType13.xml
2 ms. Memory: 475136K Free: 279290K (59%)
----------------- Invoking toplevel() on ptolemy.moml.MoMLSimpleApplication@6dcf627d
----------------- Done invoking toplevel() on ptolemy.moml.MoMLSimpleApplication@6dcf627d
reloadAllAccessors: .arrayType13

===========================================================================================
----------------- testing Sun Oct 18 15:51:52 UTC 2020 /home/travis/build/icyphy/ptII/ptolemy/actor/lib/test/auto/arrayType14.xml
----------------- Instantiating /home/travis/build/icyphy/ptII/ptolemy/actor/lib/test/auto/arrayType14.xml
2 ms. Memory: 475136K Free: 274170K (58%)
----------------- Invoking toplevel() on ptolemy.moml.MoMLSimpleApplication@6070bebe
----------------- Done invoking toplevel() on ptolemy.moml.MoMLSimpleApplication@6070bebe
reloadAllAccessors: .arrayType14

===========================================================================================
----------------- testing Sun Oct 18 15:51:52 UTC 2020 /home/travis/build/icyphy/ptII/ptolemy/actor/lib/test/auto/arrayType15.xml
----------------- Instantiating /home/travis/build/icyphy/ptII/ptolemy/actor/lib/test/auto/arrayType15.xml
2 ms. Memory: 475136K Free: 268540K (57%)
----------------- Invoking toplevel() on ptolemy.moml.MoMLSimpleApplication@46de0a37
----------------- Done invoking toplevel() on ptolemy.moml.MoMLSimpleApplication@46de0a37
reloadAllAccessors: .arrayType15

===========================================================================================
----------------- testing Sun Oct 18 15:51:52 UTC 2020 /home/travis/build/icyphy/ptII/ptolemy/actor/lib/test/auto/arrayType16.xml
----------------- Instantiating /home/travis/build/icyphy/ptII/ptolemy/actor/lib/test/auto/arrayType16.xml
1 ms. Memory: 475136K Free: 263420K (55%)
----------------- Invoking toplevel() on ptolemy.moml.MoMLSimpleApplication@2c1ae056
----------------- Done invoking toplevel() on ptolemy.moml.MoMLSimpleApplication@2c1ae056
reloadAllAccessors: .arrayType16

===========================================================================================
----------------- testing Sun Oct 18 15:51:52 UTC 2020 /home/travis/build/icyphy/ptII/ptolemy/actor/lib/test/auto/arrayType17.xml
----------------- Instantiating /home/travis/build/icyphy/ptII/ptolemy/actor/lib/test/auto/arrayType17.xml
2 ms. Memory: 475136K Free: 258300K (54%)
----------------- Invoking toplevel() on ptolemy.moml.MoMLSimpleApplication@5e4db58d
----------------- Done invoking toplevel() on ptolemy.moml.MoMLSimpleApplication@5e4db58d
reloadAllAccessors: .arrayType17

===========================================================================================
----------------- testing Sun Oct 18 15:51:52 UTC 2020 /home/travis/build/icyphy/ptII/ptolemy/actor/lib/test/auto/arrayType18.xml
----------------- Instantiating /home/travis/build/icyphy/ptII/ptolemy/actor/lib/test/auto/arrayType18.xml
1 ms. Memory: 475136K Free: 253180K (53%)
----------------- Invoking toplevel() on ptolemy.moml.MoMLSimpleApplication@701bb1e5
----------------- Done invoking toplevel() on ptolemy.moml.MoMLSimpleApplication@701bb1e5
reloadAllAccessors: .arrayType18

===========================================================================================
----------------- testing Sun Oct 18 15:51:52 UTC 2020 /home/travis/build/icyphy/ptII/ptolemy/actor/lib/test/auto/arrayType19.xml
----------------- Instantiating /home/travis/build/icyphy/ptII/ptolemy/actor/lib/test/auto/arrayType19.xml
1 ms. Memory: 475136K Free: 248570K (52%)
----------------- Invoking toplevel() on ptolemy.moml.MoMLSimpleApplication@7fb4d5d9
----------------- Done invoking toplevel() on ptolemy.moml.MoMLSimpleApplication@7fb4d5d9
reloadAllAccessors: .arrayType19

===========================================================================================
----------------- testing Sun Oct 18 15:51:52 UTC 2020 /home/travis/build/icyphy/ptII/ptolemy/actor/lib/test/auto/arrayType2.xml
----------------- Instantiating /home/travis/build/icyphy/ptII/ptolemy/actor/lib/test/auto/arrayType2.xml
2 ms. Memory: 475136K Free: 242940K (51%)
----------------- Invoking toplevel() on ptolemy.moml.MoMLSimpleApplication@646c10df
----------------- Done invoking toplevel() on ptolemy.moml.MoMLSimpleApplication@646c10df
reloadAllAccessors: .arrayType2

===========================================================================================
----------------- testing Sun Oct 18 15:51:52 UTC 2020 /home/travis/build/icyphy/ptII/ptolemy/actor/lib/test/auto/arrayType20.xml
----------------- Instantiating /home/travis/build/icyphy/ptII/ptolemy/actor/lib/test/auto/arrayType20.xml
1 ms. Memory: 475136K Free: 238330K (50%)
----------------- Invoking toplevel() on ptolemy.moml.MoMLSimpleApplication@7a0edc69
----------------- Done invoking toplevel() on ptolemy.moml.MoMLSimpleApplication@7a0edc69
reloadAllAccessors: .arrayType20

===========================================================================================
----------------- testing Sun Oct 18 15:51:52 UTC 2020 /home/travis/build/icyphy/ptII/ptolemy/actor/lib/test/auto/arrayType21.xml
----------------- Instantiating /home/travis/build/icyphy/ptII/ptolemy/actor/lib/test/auto/arrayType21.xml
1 ms. Memory: 475136K Free: 233724K (49%)
----------------- Invoking toplevel() on ptolemy.moml.MoMLSimpleApplication@15d23b2c
----------------- Done invoking toplevel() on ptolemy.moml.MoMLSimpleApplication@15d23b2c
reloadAllAccessors: .arrayType21

===========================================================================================
----------------- testing Sun Oct 18 15:51:52 UTC 2020 /home/travis/build/icyphy/ptII/ptolemy/actor/lib/test/auto/arrayType22.xml
----------------- Instantiating /home/travis/build/icyphy/ptII/ptolemy/actor/lib/test/auto/arrayType22.xml
2 ms. Memory: 475136K Free: 228604K (48%)
----------------- Invoking toplevel() on ptolemy.moml.MoMLSimpleApplication@c6e152b
----------------- Done invoking toplevel() on ptolemy.moml.MoMLSimpleApplication@c6e152b
reloadAllAccessors: .arrayType22

===========================================================================================
----------------- testing Sun Oct 18 15:51:52 UTC 2020 /home/travis/build/icyphy/ptII/ptolemy/actor/lib/test/auto/arrayType23.xml
----------------- Instantiating /home/travis/build/icyphy/ptII/ptolemy/actor/lib/test/auto/arrayType23.xml
1 ms. Memory: 475136K Free: 223994K (47%)
----------------- Invoking toplevel() on ptolemy.moml.MoMLSimpleApplication@4c6a7f6
----------------- Done invoking toplevel() on ptolemy.moml.MoMLSimpleApplication@4c6a7f6
reloadAllAccessors: .arrayType23

===========================================================================================
----------------- testing Sun Oct 18 15:51:52 UTC 2020 /home/travis/build/icyphy/ptII/ptolemy/actor/lib/test/auto/arrayType24.xml
----------------- Instantiating /home/travis/build/icyphy/ptII/ptolemy/actor/lib/test/auto/arrayType24.xml
2 ms. Memory: 475136K Free: 218874K (46%)
----------------- Invoking toplevel() on ptolemy.moml.MoMLSimpleApplication@342ae2ee
----------------- Done invoking toplevel() on ptolemy.moml.MoMLSimpleApplication@342ae2ee
reloadAllAccessors: .arrayType24

===========================================================================================
----------------- testing Sun Oct 18 15:51:52 UTC 2020 /home/travis/build/icyphy/ptII/ptolemy/actor/lib/test/auto/arrayType25.xml
----------------- Instantiating /home/travis/build/icyphy/ptII/ptolemy/actor/lib/test/auto/arrayType25.xml
2 ms. Memory: 475136K Free: 213754K (45%)
----------------- Invoking toplevel() on ptolemy.moml.MoMLSimpleApplication@70b5b2dd
----------------- Done invoking toplevel() on ptolemy.moml.MoMLSimpleApplication@70b5b2dd
reloadAllAccessors: .arrayType25

===========================================================================================
----------------- testing Sun Oct 18 15:51:52 UTC 2020 /home/travis/build/icyphy/ptII/ptolemy/actor/lib/test/auto/arrayType26.xml
----------------- Instantiating /home/travis/build/icyphy/ptII/ptolemy/actor/lib/test/auto/arrayType26.xml
2 ms. Memory: 475136K Free: 208124K (44%)
----------------- Invoking toplevel() on ptolemy.moml.MoMLSimpleApplication@3c556eba
----------------- Done invoking toplevel() on ptolemy.moml.MoMLSimpleApplication@3c556eba
reloadAllAccessors: .arrayType26

===========================================================================================
----------------- testing Sun Oct 18 15:51:52 UTC 2020 /home/travis/build/icyphy/ptII/ptolemy/actor/lib/test/auto/arrayType27.xml
----------------- Instantiating /home/travis/build/icyphy/ptII/ptolemy/actor/lib/test/auto/arrayType27.xml
2 ms. Memory: 475136K Free: 203004K (43%)
----------------- Invoking toplevel() on ptolemy.moml.MoMLSimpleApplication@503bc603
----------------- Done invoking toplevel() on ptolemy.moml.MoMLSimpleApplication@503bc603
reloadAllAccessors: .arrayType27

===========================================================================================
----------------- testing Sun Oct 18 15:51:52 UTC 2020 /home/travis/build/icyphy/ptII/ptolemy/actor/lib/test/auto/arrayType28.xml
----------------- Instantiating /home/travis/build/icyphy/ptII/ptolemy/actor/lib/test/auto/arrayType28.xml
1 ms. Memory: 475136K Free: 197884K (42%)
----------------- Invoking toplevel() on ptolemy.moml.MoMLSimpleApplication@485bdf9b
----------------- Done invoking toplevel() on ptolemy.moml.MoMLSimpleApplication@485bdf9b
reloadAllAccessors: .arrayType28

===========================================================================================
----------------- testing Sun Oct 18 15:51:52 UTC 2020 /home/travis/build/icyphy/ptII/ptolemy/actor/lib/test/auto/arrayType3.xml
----------------- Instantiating /home/travis/build/icyphy/ptII/ptolemy/actor/lib/test/auto/arrayType3.xml
1 ms. Memory: 475136K Free: 192236K (40%)
----------------- Invoking toplevel() on ptolemy.moml.MoMLSimpleApplication@33d33fe2
----------------- Done invoking toplevel() on ptolemy.moml.MoMLSimpleApplication@33d33fe2
reloadAllAccessors: .arrayType3

===========================================================================================
----------------- testing Sun Oct 18 15:51:52 UTC 2020 /home/travis/build/icyphy/ptII/ptolemy/actor/lib/test/auto/arrayType4.xml
----------------- Instantiating /home/travis/build/icyphy/ptII/ptolemy/actor/lib/test/auto/arrayType4.xml
1 ms. Memory: 475136K Free: 187130K (39%)
----------------- Invoking toplevel() on ptolemy.moml.MoMLSimpleApplication@72376bb9
----------------- Done invoking toplevel() on ptolemy.moml.MoMLSimpleApplication@72376bb9
reloadAllAccessors: .arrayType4

===========================================================================================
----------------- testing Sun Oct 18 15:51:52 UTC 2020 /home/travis/build/icyphy/ptII/ptolemy/actor/lib/test/auto/arrayType5.xml
----------------- Instantiating /home/travis/build/icyphy/ptII/ptolemy/actor/lib/test/auto/arrayType5.xml
3 ms. Memory: 475136K Free: 181500K (38%)
----------------- Invoking toplevel() on ptolemy.moml.MoMLSimpleApplication@49396cdf
----------------- Done invoking toplevel() on ptolemy.moml.MoMLSimpleApplication@49396cdf
reloadAllAccessors: .arrayType5

===========================================================================================
----------------- testing Sun Oct 18 15:51:52 UTC 2020 /home/travis/build/icyphy/ptII/ptolemy/actor/lib/test/auto/arrayType6.xml
----------------- Instantiating /home/travis/build/icyphy/ptII/ptolemy/actor/lib/test/auto/arrayType6.xml
1 ms. Memory: 475136K Free: 176890K (37%)
----------------- Invoking toplevel() on ptolemy.moml.MoMLSimpleApplication@13a83af6
----------------- Done invoking toplevel() on ptolemy.moml.MoMLSimpleApplication@13a83af6
reloadAllAccessors: .arrayType6

===========================================================================================
----------------- testing Sun Oct 18 15:51:52 UTC 2020 /home/travis/build/icyphy/ptII/ptolemy/actor/lib/test/auto/arrayType7.xml
----------------- Instantiating /home/travis/build/icyphy/ptII/ptolemy/actor/lib/test/auto/arrayType7.xml
1 ms. Memory: 475136K Free: 171770K (36%)
----------------- Invoking toplevel() on ptolemy.moml.MoMLSimpleApplication@75fe3dab
----------------- Done invoking toplevel() on ptolemy.moml.MoMLSimpleApplication@75fe3dab
reloadAllAccessors: .arrayType7

===========================================================================================
----------------- testing Sun Oct 18 15:51:52 UTC 2020 /home/travis/build/icyphy/ptII/ptolemy/actor/lib/test/auto/arrayType8.xml
----------------- Instantiating /home/travis/build/icyphy/ptII/ptolemy/actor/lib/test/auto/arrayType8.xml
6 ms. Memory: 475136K Free: 167164K (35%)
----------------- Invoking toplevel() on ptolemy.moml.MoMLSimpleApplication@34c7abc1
----------------- Done invoking toplevel() on ptolemy.moml.MoMLSimpleApplication@34c7abc1
reloadAllAccessors: .arrayType8

===========================================================================================
----------------- testing Sun Oct 18 15:51:52 UTC 2020 /home/travis/build/icyphy/ptII/ptolemy/actor/lib/test/auto/arrayType9.xml
----------------- Instantiating /home/travis/build/icyphy/ptII/ptolemy/actor/lib/test/auto/arrayType9.xml
2 ms. Memory: 475136K Free: 162044K (34%)
----------------- Invoking toplevel() on ptolemy.moml.MoMLSimpleApplication@6b7f7ba1
----------------- Done invoking toplevel() on ptolemy.moml.MoMLSimpleApplication@6b7f7ba1
reloadAllAccessors: .arrayType9

===========================================================================================
----------------- testing Sun Oct 18 15:51:52 UTC 2020 /home/travis/build/icyphy/ptII/ptolemy/actor/lib/test/auto/cast.xml
----------------- Instantiating /home/travis/build/icyphy/ptII/ptolemy/actor/lib/test/auto/cast.xml
2 ms. Memory: 475136K Free: 157434K (33%)
----------------- Invoking toplevel() on ptolemy.moml.MoMLSimpleApplication@516a6de8
----------------- Done invoking toplevel() on ptolemy.moml.MoMLSimpleApplication@516a6de8
reloadAllAccessors: .cast

===========================================================================================
----------------- testing Sun Oct 18 15:51:52 UTC 2020 /home/travis/build/icyphy/ptII/ptolemy/actor/lib/test/auto/compositeMultiPort.xml
----------------- Instantiating /home/travis/build/icyphy/ptII/ptolemy/actor/lib/test/auto/compositeMultiPort.xml
3 ms. Memory: 475136K Free: 148732K (31%)
----------------- Invoking toplevel() on ptolemy.moml.MoMLSimpleApplication@496c1abf
----------------- Done invoking toplevel() on ptolemy.moml.MoMLSimpleApplication@496c1abf
reloadAllAccessors: .compositeMultiPort

===========================================================================================
----------------- testing Sun Oct 18 15:51:52 UTC 2020 /home/travis/build/icyphy/ptII/ptolemy/actor/lib/test/auto/expressionCastInference.xml
----------------- Instantiating /home/travis/build/icyphy/ptII/ptolemy/actor/lib/test/auto/expressionCastInference.xml
2 ms. Memory: 475136K Free: 143612K (30%)
----------------- Invoking toplevel() on ptolemy.moml.MoMLSimpleApplication@5749550b
----------------- Done invoking toplevel() on ptolemy.moml.MoMLSimpleApplication@5749550b
reloadAllAccessors: .expressionCastInference

===========================================================================================
----------------- testing Sun Oct 18 15:51:52 UTC 2020 /home/travis/build/icyphy/ptII/ptolemy/actor/lib/test/auto/expressionCastInference2.xml
----------------- Instantiating /home/travis/build/icyphy/ptII/ptolemy/actor/lib/test/auto/expressionCastInference2.xml
3 ms. Memory: 475136K Free: 418573K (88%)
----------------- Invoking toplevel() on ptolemy.moml.MoMLSimpleApplication@28bccee4
----------------- Done invoking toplevel() on ptolemy.moml.MoMLSimpleApplication@28bccee4
reloadAllAccessors: .expressionCastInference2

===========================================================================================
----------------- testing Sun Oct 18 15:51:52 UTC 2020 /home/travis/build/icyphy/ptII/ptolemy/actor/lib/test/auto/expressionInference.xml
----------------- Instantiating /home/travis/build/icyphy/ptII/ptolemy/actor/lib/test/auto/expressionInference.xml
1 ms. Memory: 475136K Free: 413963K (87%)
----------------- Invoking toplevel() on ptolemy.moml.MoMLSimpleApplication@2c2ca268
----------------- Done invoking toplevel() on ptolemy.moml.MoMLSimpleApplication@2c2ca268
reloadAllAccessors: .expressionInference

===========================================================================================
----------------- testing Sun Oct 18 15:51:52 UTC 2020 /home/travis/build/icyphy/ptII/ptolemy/actor/lib/test/auto/expression_bug.xml
----------------- Instantiating /home/travis/build/icyphy/ptII/ptolemy/actor/lib/test/auto/expression_bug.xml
1 ms. Memory: 475136K Free: 409867K (86%)
----------------- Invoking toplevel() on ptolemy.moml.MoMLSimpleApplication@395276a2
----------------- Done invoking toplevel() on ptolemy.moml.MoMLSimpleApplication@395276a2
reloadAllAccessors: .expression_bug

===========================================================================================
----------------- testing Sun Oct 18 15:51:52 UTC 2020 /home/travis/build/icyphy/ptII/ptolemy/actor/lib/test/auto/factorial.xml
----------------- Instantiating /home/travis/build/icyphy/ptII/ptolemy/actor/lib/test/auto/factorial.xml
77 ms. Memory: 475136K Free: 401165K (84%)
----------------- Invoking toplevel() on ptolemy.moml.MoMLSimpleApplication@6517c6a2
----------------- Done invoking toplevel() on ptolemy.moml.MoMLSimpleApplication@6517c6a2
reloadAllAccessors: .factorial

===========================================================================================
----------------- testing Sun Oct 18 15:51:52 UTC 2020 /home/travis/build/icyphy/ptII/ptolemy/actor/lib/test/auto/filterTest1.xml
----------------- Instantiating /home/travis/build/icyphy/ptII/ptolemy/actor/lib/test/auto/filterTest1.xml
3 ms. Memory: 475136K Free: 395531K (83%)
----------------- Invoking toplevel() on ptolemy.moml.MoMLSimpleApplication@5ea1f70b
----------------- Done invoking toplevel() on ptolemy.moml.MoMLSimpleApplication@5ea1f70b
reloadAllAccessors: .filterTest1

===========================================================================================
----------------- testing Sun Oct 18 15:51:52 UTC 2020 /home/travis/build/icyphy/ptII/ptolemy/actor/lib/test/auto/funcApplyInConst.xml
----------------- Instantiating /home/travis/build/icyphy/ptII/ptolemy/actor/lib/test/auto/funcApplyInConst.xml
1 ms. Memory: 475136K Free: 391435K (82%)
----------------- Invoking toplevel() on ptolemy.moml.MoMLSimpleApplication@5648c6ad
----------------- Done invoking toplevel() on ptolemy.moml.MoMLSimpleApplication@5648c6ad
reloadAllAccessors: .funcApplyInConst

===========================================================================================
----------------- testing Sun Oct 18 15:51:52 UTC 2020 /home/travis/build/icyphy/ptII/ptolemy/actor/lib/test/auto/funcApplyInExpr.xml
----------------- Instantiating /home/travis/build/icyphy/ptII/ptolemy/actor/lib/test/auto/funcApplyInExpr.xml
9 ms. Memory: 475136K Free: 387853K (82%)
----------------- Invoking toplevel() on ptolemy.moml.MoMLSimpleApplication@4ed8819b
----------------- Done invoking toplevel() on ptolemy.moml.MoMLSimpleApplication@4ed8819b
reloadAllAccessors: .funcApplyInExpr

===========================================================================================
----------------- testing Sun Oct 18 15:51:52 UTC 2020 /home/travis/build/icyphy/ptII/ptolemy/actor/lib/test/auto/function.xml
----------------- Instantiating /home/travis/build/icyphy/ptII/ptolemy/actor/lib/test/auto/function.xml
2 ms. Memory: 475136K Free: 382733K (81%)
----------------- Invoking toplevel() on ptolemy.moml.MoMLSimpleApplication@6f3aa66e
----------------- Done invoking toplevel() on ptolemy.moml.MoMLSimpleApplication@6f3aa66e
reloadAllAccessors: .function

===========================================================================================
----------------- testing Sun Oct 18 15:51:52 UTC 2020 /home/travis/build/icyphy/ptII/ptolemy/actor/lib/test/auto/function2.xml
----------------- Instantiating /home/travis/build/icyphy/ptII/ptolemy/actor/lib/test/auto/function2.xml
2 ms. Memory: 475136K Free: 378123K (80%)
----------------- Invoking toplevel() on ptolemy.moml.MoMLSimpleApplication@a082b69
----------------- Done invoking toplevel() on ptolemy.moml.MoMLSimpleApplication@a082b69
reloadAllAccessors: .function2

===========================================================================================
----------------- testing Sun Oct 18 15:51:52 UTC 2020 /home/travis/build/icyphy/ptII/ptolemy/actor/lib/test/auto/function3.xml
----------------- Instantiating /home/travis/build/icyphy/ptII/ptolemy/actor/lib/test/auto/function3.xml
2 ms. Memory: 475136K Free: 374027K (79%)
----------------- Invoking toplevel() on ptolemy.moml.MoMLSimpleApplication@338f18f0
----------------- Done invoking toplevel() on ptolemy.moml.MoMLSimpleApplication@338f18f0
reloadAllAccessors: .function3

===========================================================================================
----------------- testing Sun Oct 18 15:51:52 UTC 2020 /home/travis/build/icyphy/ptII/ptolemy/actor/lib/test/auto/functionClosureTest1.xml
----------------- Instantiating /home/travis/build/icyphy/ptII/ptolemy/actor/lib/test/auto/functionClosureTest1.xml
2 ms. Memory: 475136K Free: 368397K (78%)
----------------- Invoking toplevel() on ptolemy.moml.MoMLSimpleApplication@7977af9
----------------- Done invoking toplevel() on ptolemy.moml.MoMLSimpleApplication@7977af9
reloadAllAccessors: .functionClosureTest1

===========================================================================================
----------------- testing Sun Oct 18 15:51:52 UTC 2020 /home/travis/build/icyphy/ptII/ptolemy/actor/lib/test/auto/functionClosureTest2.xml
----------------- Instantiating /home/travis/build/icyphy/ptII/ptolemy/actor/lib/test/auto/functionClosureTest2.xml
2 ms. Memory: 475136K Free: 364301K (77%)
----------------- Invoking toplevel() on ptolemy.moml.MoMLSimpleApplication@5bfb99c1
----------------- Done invoking toplevel() on ptolemy.moml.MoMLSimpleApplication@5bfb99c1
reloadAllAccessors: .functionClosureTest2

===========================================================================================
----------------- testing Sun Oct 18 15:51:52 UTC 2020 /home/travis/build/icyphy/ptII/ptolemy/actor/lib/test/auto/functionClosureTest3.xml
----------------- Instantiating /home/travis/build/icyphy/ptII/ptolemy/actor/lib/test/auto/functionClosureTest3.xml
1 ms. Memory: 475136K Free: 359181K (76%)
----------------- Invoking toplevel() on ptolemy.moml.MoMLSimpleApplication@7dd08605
----------------- Done invoking toplevel() on ptolemy.moml.MoMLSimpleApplication@7dd08605
reloadAllAccessors: .functionClosureTest3

===========================================================================================
----------------- testing Sun Oct 18 15:51:52 UTC 2020 /home/travis/build/icyphy/ptII/ptolemy/actor/lib/test/auto/functionClosureTest4.xml
----------------- Instantiating /home/travis/build/icyphy/ptII/ptolemy/actor/lib/test/auto/functionClosureTest4.xml
2 ms. Memory: 475136K Free: 352523K (74%)
----------------- Invoking toplevel() on ptolemy.moml.MoMLSimpleApplication@2db64457
----------------- Done invoking toplevel() on ptolemy.moml.MoMLSimpleApplication@2db64457
reloadAllAccessors: .functionClosureTest4

===========================================================================================
----------------- testing Sun Oct 18 15:51:53 UTC 2020 /home/travis/build/icyphy/ptII/ptolemy/actor/lib/test/auto/functionClosureTest5.xml
----------------- Instantiating /home/travis/build/icyphy/ptII/ptolemy/actor/lib/test/auto/functionClosureTest5.xml
4 ms. Memory: 475136K Free: 347403K (73%)
----------------- Invoking toplevel() on ptolemy.moml.MoMLSimpleApplication@2b8d1bed
----------------- Done invoking toplevel() on ptolemy.moml.MoMLSimpleApplication@2b8d1bed
reloadAllAccessors: .functionClosureTest5

===========================================================================================
----------------- testing Sun Oct 18 15:51:53 UTC 2020 /home/travis/build/icyphy/ptII/ptolemy/actor/lib/test/auto/functionClosureTest6.xml
----------------- Instantiating /home/travis/build/icyphy/ptII/ptolemy/actor/lib/test/auto/functionClosureTest6.xml
2 ms. Memory: 475136K Free: 342276K (72%)
----------------- Invoking toplevel() on ptolemy.moml.MoMLSimpleApplication@679e7166
----------------- Done invoking toplevel() on ptolemy.moml.MoMLSimpleApplication@679e7166
reloadAllAccessors: .functionClosureTest6

===========================================================================================
----------------- testing Sun Oct 18 15:51:53 UTC 2020 /home/travis/build/icyphy/ptII/ptolemy/actor/lib/test/auto/functionsOnArcs.xml
----------------- Instantiating /home/travis/build/icyphy/ptII/ptolemy/actor/lib/test/auto/functionsOnArcs.xml
2 ms. Memory: 475136K Free: 337163K (71%)
----------------- Invoking toplevel() on ptolemy.moml.MoMLSimpleApplication@4ecf9862
----------------- Done invoking toplevel() on ptolemy.moml.MoMLSimpleApplication@4ecf9862
reloadAllAccessors: .functionsOnArcs

===========================================================================================
----------------- testing Sun Oct 18 15:51:53 UTC 2020 /home/travis/build/icyphy/ptII/ptolemy/actor/lib/test/auto/functionsOnArcsHOF.xml
----------------- Instantiating /home/travis/build/icyphy/ptII/ptolemy/actor/lib/test/auto/functionsOnArcsHOF.xml
2 ms. Memory: 475136K Free: 331019K (70%)
----------------- Invoking toplevel() on ptolemy.moml.MoMLSimpleApplication@3403647d
----------------- Done invoking toplevel() on ptolemy.moml.MoMLSimpleApplication@3403647d
reloadAllAccessors: .functionsOnArcsHOF

===========================================================================================
----------------- testing Sun Oct 18 15:51:53 UTC 2020 /home/travis/build/icyphy/ptII/ptolemy/actor/lib/test/auto/logic.xml
----------------- Instantiating /home/travis/build/icyphy/ptII/ptolemy/actor/lib/test/auto/logic.xml
2 ms. Memory: 475136K Free: 323851K (68%)
----------------- Invoking toplevel() on ptolemy.moml.MoMLSimpleApplication@7394184a
----------------- Done invoking toplevel() on ptolemy.moml.MoMLSimpleApplication@7394184a
reloadAllAccessors: .logic

===========================================================================================
----------------- testing Sun Oct 18 15:51:53 UTC 2020 /home/travis/build/icyphy/ptII/ptolemy/actor/lib/test/auto/matrixType.xml
----------------- Instantiating /home/travis/build/icyphy/ptII/ptolemy/actor/lib/test/auto/matrixType.xml
1 ms. Memory: 475136K Free: 318731K (67%)
----------------- Invoking toplevel() on ptolemy.moml.MoMLSimpleApplication@6419fdd7
----------------- Done invoking toplevel() on ptolemy.moml.MoMLSimpleApplication@6419fdd7
reloadAllAccessors: .matrixType

===========================================================================================
----------------- testing Sun Oct 18 15:51:53 UTC 2020 /home/travis/build/icyphy/ptII/ptolemy/actor/lib/test/auto/matrixType10.xml
----------------- Instantiating /home/travis/build/icyphy/ptII/ptolemy/actor/lib/test/auto/matrixType10.xml
2 ms. Memory: 475136K Free: 314125K (66%)
----------------- Invoking toplevel() on ptolemy.moml.MoMLSimpleApplication@234f674e
----------------- Done invoking toplevel() on ptolemy.moml.MoMLSimpleApplication@234f674e
reloadAllAccessors: .matrixType10

===========================================================================================
----------------- testing Sun Oct 18 15:51:53 UTC 2020 /home/travis/build/icyphy/ptII/ptolemy/actor/lib/test/auto/matrixType11.xml
----------------- Instantiating /home/travis/build/icyphy/ptII/ptolemy/actor/lib/test/auto/matrixType11.xml
1 ms. Memory: 475136K Free: 309005K (65%)
----------------- Invoking toplevel() on ptolemy.moml.MoMLSimpleApplication@518c6325
----------------- Done invoking toplevel() on ptolemy.moml.MoMLSimpleApplication@518c6325
reloadAllAccessors: .matrixType11

===========================================================================================
----------------- testing Sun Oct 18 15:51:53 UTC 2020 /home/travis/build/icyphy/ptII/ptolemy/actor/lib/test/auto/matrixType12.xml
----------------- Instantiating /home/travis/build/icyphy/ptII/ptolemy/actor/lib/test/auto/matrixType12.xml
1 ms. Memory: 475136K Free: 304395K (64%)
----------------- Invoking toplevel() on ptolemy.moml.MoMLSimpleApplication@1c62883f
----------------- Done invoking toplevel() on ptolemy.moml.MoMLSimpleApplication@1c62883f
reloadAllAccessors: .matrixType12

===========================================================================================
----------------- testing Sun Oct 18 15:51:53 UTC 2020 /home/travis/build/icyphy/ptII/ptolemy/actor/lib/test/auto/matrixType13.xml
----------------- Instantiating /home/travis/build/icyphy/ptII/ptolemy/actor/lib/test/auto/matrixType13.xml
2 ms. Memory: 475136K Free: 299275K (63%)
----------------- Invoking toplevel() on ptolemy.moml.MoMLSimpleApplication@150c136c
----------------- Done invoking toplevel() on ptolemy.moml.MoMLSimpleApplication@150c136c
reloadAllAccessors: .matrixType13

===========================================================================================
----------------- testing Sun Oct 18 15:51:53 UTC 2020 /home/travis/build/icyphy/ptII/ptolemy/actor/lib/test/auto/matrixType14.xml
----------------- Instantiating /home/travis/build/icyphy/ptII/ptolemy/actor/lib/test/auto/matrixType14.xml
1 ms. Memory: 475136K Free: 294155K (62%)
----------------- Invoking toplevel() on ptolemy.moml.MoMLSimpleApplication@2f2073a9
----------------- Done invoking toplevel() on ptolemy.moml.MoMLSimpleApplication@2f2073a9
reloadAllAccessors: .matrixType14

===========================================================================================
----------------- testing Sun Oct 18 15:51:53 UTC 2020 /home/travis/build/icyphy/ptII/ptolemy/actor/lib/test/auto/matrixType2.xml
----------------- Instantiating /home/travis/build/icyphy/ptII/ptolemy/actor/lib/test/auto/matrixType2.xml
1 ms. Memory: 475136K Free: 289035K (61%)
----------------- Invoking toplevel() on ptolemy.moml.MoMLSimpleApplication@3e81d900
----------------- Done invoking toplevel() on ptolemy.moml.MoMLSimpleApplication@3e81d900
reloadAllAccessors: .matrixType2

===========================================================================================
----------------- testing Sun Oct 18 15:51:53 UTC 2020 /home/travis/build/icyphy/ptII/ptolemy/actor/lib/test/auto/matrixType3.xml
----------------- Instantiating /home/travis/build/icyphy/ptII/ptolemy/actor/lib/test/auto/matrixType3.xml
3 ms. Memory: 475136K Free: 283915K (60%)
----------------- Invoking toplevel() on ptolemy.moml.MoMLSimpleApplication@28a8152f
----------------- Done invoking toplevel() on ptolemy.moml.MoMLSimpleApplication@28a8152f
reloadAllAccessors: .matrixType3

===========================================================================================
----------------- testing Sun Oct 18 15:51:53 UTC 2020 /home/travis/build/icyphy/ptII/ptolemy/actor/lib/test/auto/matrixType4.xml
----------------- Instantiating /home/travis/build/icyphy/ptII/ptolemy/actor/lib/test/auto/matrixType4.xml
2 ms. Memory: 475136K Free: 279309K (59%)
----------------- Invoking toplevel() on ptolemy.moml.MoMLSimpleApplication@5e76710d
----------------- Done invoking toplevel() on ptolemy.moml.MoMLSimpleApplication@5e76710d
reloadAllAccessors: .matrixType4

===========================================================================================
----------------- testing Sun Oct 18 15:51:53 UTC 2020 /home/travis/build/icyphy/ptII/ptolemy/actor/lib/test/auto/matrixType5.xml
----------------- Instantiating /home/travis/build/icyphy/ptII/ptolemy/actor/lib/test/auto/matrixType5.xml
2 ms. Memory: 475136K Free: 274189K (58%)
----------------- Invoking toplevel() on ptolemy.moml.MoMLSimpleApplication@27a645b7
----------------- Done invoking toplevel() on ptolemy.moml.MoMLSimpleApplication@27a645b7
reloadAllAccessors: .matrixType5

===========================================================================================
----------------- testing Sun Oct 18 15:51:53 UTC 2020 /home/travis/build/icyphy/ptII/ptolemy/actor/lib/test/auto/matrixType6.xml
----------------- Instantiating /home/travis/build/icyphy/ptII/ptolemy/actor/lib/test/auto/matrixType6.xml
1 ms. Memory: 475136K Free: 269579K (57%)
----------------- Invoking toplevel() on ptolemy.moml.MoMLSimpleApplication@3449d81a
----------------- Done invoking toplevel() on ptolemy.moml.MoMLSimpleApplication@3449d81a
reloadAllAccessors: .matrixType6

===========================================================================================
----------------- testing Sun Oct 18 15:51:53 UTC 2020 /home/travis/build/icyphy/ptII/ptolemy/actor/lib/test/auto/matrixType7.xml
----------------- Instantiating /home/travis/build/icyphy/ptII/ptolemy/actor/lib/test/auto/matrixType7.xml
2 ms. Memory: 475136K Free: 264459K (56%)
----------------- Invoking toplevel() on ptolemy.moml.MoMLSimpleApplication@3af79758
----------------- Done invoking toplevel() on ptolemy.moml.MoMLSimpleApplication@3af79758
reloadAllAccessors: .matrixType7

===========================================================================================
----------------- testing Sun Oct 18 15:51:53 UTC 2020 /home/travis/build/icyphy/ptII/ptolemy/actor/lib/test/auto/matrixType8.xml
----------------- Instantiating /home/travis/build/icyphy/ptII/ptolemy/actor/lib/test/auto/matrixType8.xml
1 ms. Memory: 475136K Free: 259853K (55%)
----------------- Invoking toplevel() on ptolemy.moml.MoMLSimpleApplication@5bd44cc3
----------------- Done invoking toplevel() on ptolemy.moml.MoMLSimpleApplication@5bd44cc3
reloadAllAccessors: .matrixType8

===========================================================================================
----------------- testing Sun Oct 18 15:51:53 UTC 2020 /home/travis/build/icyphy/ptII/ptolemy/actor/lib/test/auto/matrixType9.xml
----------------- Instantiating /home/travis/build/icyphy/ptII/ptolemy/actor/lib/test/auto/matrixType9.xml
1 ms. Memory: 475136K Free: 254733K (54%)
----------------- Invoking toplevel() on ptolemy.moml.MoMLSimpleApplication@57b98abc
----------------- Done invoking toplevel() on ptolemy.moml.MoMLSimpleApplication@57b98abc
reloadAllAccessors: .matrixType9

===========================================================================================
----------------- testing Sun Oct 18 15:51:53 UTC 2020 /home/travis/build/icyphy/ptII/ptolemy/actor/lib/test/auto/paraFunctest.xml
----------------- Instantiating /home/travis/build/icyphy/ptII/ptolemy/actor/lib/test/auto/paraFunctest.xml
2 ms. Memory: 475136K Free: 251147K (53%)
----------------- Invoking toplevel() on ptolemy.moml.MoMLSimpleApplication@1852e0c1
----------------- Done invoking toplevel() on ptolemy.moml.MoMLSimpleApplication@1852e0c1
reloadAllAccessors: .paraFunctest

===========================================================================================
----------------- testing Sun Oct 18 15:51:53 UTC 2020 /home/travis/build/icyphy/ptII/ptolemy/actor/lib/test/auto/paraFunctest2.xml
----------------- Instantiating /home/travis/build/icyphy/ptII/ptolemy/actor/lib/test/auto/paraFunctest2.xml
1 ms. Memory: 475136K Free: 246027K (52%)
----------------- Invoking toplevel() on ptolemy.moml.MoMLSimpleApplication@55031248
----------------- Done invoking toplevel() on ptolemy.moml.MoMLSimpleApplication@55031248
reloadAllAccessors: .paraFunctest2

===========================================================================================
----------------- testing Sun Oct 18 15:51:53 UTC 2020 /home/travis/build/icyphy/ptII/ptolemy/actor/lib/test/auto/parameterPassing.xml
----------------- Instantiating /home/travis/build/icyphy/ptII/ptolemy/actor/lib/test/auto/parameterPassing.xml
1 ms. Memory: 475136K Free: 241421K (51%)
----------------- Invoking toplevel() on ptolemy.moml.MoMLSimpleApplication@7e937fc4
----------------- Done invoking toplevel() on ptolemy.moml.MoMLSimpleApplication@7e937fc4
reloadAllAccessors: .parameterPassing

===========================================================================================
----------------- testing Sun Oct 18 15:51:53 UTC 2020 /home/travis/build/icyphy/ptII/ptolemy/actor/lib/test/auto/record.xml
----------------- Instantiating /home/travis/build/icyphy/ptII/ptolemy/actor/lib/test/auto/record.xml
2 ms. Memory: 475136K Free: 236811K (50%)
----------------- Invoking toplevel() on ptolemy.moml.MoMLSimpleApplication@57b36ae6
----------------- Done invoking toplevel() on ptolemy.moml.MoMLSimpleApplication@57b36ae6
reloadAllAccessors: .record

===========================================================================================
----------------- testing Sun Oct 18 15:51:53 UTC 2020 /home/travis/build/icyphy/ptII/ptolemy/actor/lib/test/auto/sizedarray1.xml
----------------- Instantiating /home/travis/build/icyphy/ptII/ptolemy/actor/lib/test/auto/sizedarray1.xml
2 ms. Memory: 475136K Free: 231181K (49%)
----------------- Invoking toplevel() on ptolemy.moml.MoMLSimpleApplication@3e62e6c4
----------------- Done invoking toplevel() on ptolemy.moml.MoMLSimpleApplication@3e62e6c4
reloadAllAccessors: .sizedarray1

===========================================================================================
----------------- testing Sun Oct 18 15:51:53 UTC 2020 /home/travis/build/icyphy/ptII/ptolemy/actor/lib/test/auto/sizedarray2.xml
----------------- Instantiating /home/travis/build/icyphy/ptII/ptolemy/actor/lib/test/auto/sizedarray2.xml
2 ms. Memory: 475136K Free: 225547K (47%)
----------------- Invoking toplevel() on ptolemy.moml.MoMLSimpleApplication@10cddbd2
----------------- Done invoking toplevel() on ptolemy.moml.MoMLSimpleApplication@10cddbd2
reloadAllAccessors: .sizedarray2

===========================================================================================
----------------- testing Sun Oct 18 15:51:53 UTC 2020 /home/travis/build/icyphy/ptII/ptolemy/actor/lib/test/auto/twoPublishers.xml
----------------- Instantiating /home/travis/build/icyphy/ptII/ptolemy/actor/lib/test/auto/twoPublishers.xml
6 ms. Memory: 475136K Free: 214797K (45%)
----------------- Invoking toplevel() on ptolemy.moml.MoMLSimpleApplication@18310c06
----------------- Done invoking toplevel() on ptolemy.moml.MoMLSimpleApplication@18310c06
reloadAllAccessors: .twoPublishers
AutoTests.java: About to close Vertx.
AutoTests.java: Vertx closed.
]]></system-out>
  <system-err><![CDATA[java.lang.RuntimeException: Execution failed
	at ptolemy.moml.MoMLSimpleApplication$UnloadThread.run(MoMLSimpleApplication.java:402)
Caused by: java.lang.RuntimeException: StringUtilities.exit() was called. Normally, we would exit here because Manager.exitAfterWrapup() was called.  However, because the ptolemy.ptII.exitAfterWrapup property is set, we throw this exception instead.
	at ptolemy.util.StringUtilities.exit(StringUtilities.java:365)
	at ptolemy.actor.Manager.wrapup(Manager.java:1549)
	at ptolemy.actor.Manager.execute(Manager.java:407)
	at ptolemy.actor.Manager.run(Manager.java:1263)
	at ptolemy.actor.Manager$PtolemyRunThread.run(Manager.java:1933)
Warning: '.top.test' is in training mode, set the trainingMode parameter to false before checking in
Warning: '.top.test' is in training mode, set the trainingMode parameter to false before checking in
Warning: '.top.test' is in training mode, set the trainingMode parameter to false before checking in
Warning: '.BooleanSwitch_RegressionTest_WrongTrainingValues.Test' is in training mode, set the trainingMode parameter to false before checking in
Warning: '.BooleanSwitch_RegressionTest_WrongTrainingValues.Test2' is in training mode, set the trainingMode parameter to false before checking in
Warning: '.BooleanSwitch_RegressionTest_WrongTrainingValues.Test2' The test produced 0 tokens.
Warning: '.top.testExceptionHandler' is in training mode, set the trainingMode parameter to false before checking in
java.lang.RuntimeException: Execution failed
	at ptolemy.moml.MoMLSimpleApplication$UnloadThread.run(MoMLSimpleApplication.java:402)
Caused by: ptolemy.kernel.util.IllegalActionException: PublisherPorts cannot be used at the top level, use a Publisher actor instead.
  in .PublisherPortToplevelSubscriber.PublisherPort
	at ptolemy.actor.PublisherPort.preinitialize(PublisherPort.java:403)
	at ptolemy.actor.CompositeActor.preinitialize(CompositeActor.java:1769)
	at ptolemy.actor.Manager.preinitializeAndResolveTypes(Manager.java:1040)
	at ptolemy.actor.Manager.initialize(Manager.java:710)
	at ptolemy.actor.Manager.execute(Manager.java:356)
	at ptolemy.actor.Manager.run(Manager.java:1263)
	at ptolemy.actor.Manager$PtolemyRunThread.run(Manager.java:1933)
java.lang.reflect.InvocationTargetException
	at java.base/jdk.internal.reflect.NativeConstructorAccessorImpl.newInstance0(Native Method)
	at java.base/jdk.internal.reflect.NativeConstructorAccessorImpl.newInstance(NativeConstructorAccessorImpl.java:62)
	at java.base/jdk.internal.reflect.DelegatingConstructorAccessorImpl.newInstance(DelegatingConstructorAccessorImpl.java:45)
	at java.base/java.lang.reflect.Constructor.newInstance(Constructor.java:490)
	at ptolemy.util.test.junit.AutoKnownFailedTests.RunModel(AutoKnownFailedTests.java:105)
	at java.base/jdk.internal.reflect.NativeMethodAccessorImpl.invoke0(Native Method)
	at java.base/jdk.internal.reflect.NativeMethodAccessorImpl.invoke(NativeMethodAccessorImpl.java:62)
	at java.base/jdk.internal.reflect.DelegatingMethodAccessorImpl.invoke(DelegatingMethodAccessorImpl.java:43)
	at java.base/java.lang.reflect.Method.invoke(Method.java:566)
	at org.junit.runners.model.FrameworkMethod$1.runReflectiveCall(FrameworkMethod.java:44)
	at org.junit.internal.runners.model.ReflectiveCallable.run(ReflectiveCallable.java:15)
	at org.junit.runners.model.FrameworkMethod.invokeExplosively(FrameworkMethod.java:41)
	at junitparams.internal.InvokeParameterisedMethod.evaluate(InvokeParameterisedMethod.java:102)
	at org.junit.internal.runners.statements.FailOnTimeout$1.run(FailOnTimeout.java:28)
Caused by: ptolemy.kernel.util.IllegalActionException: PublisherPorts cannot be used at the top level, use a Publisher actor instead.
  in .PublisherPortToplevelSubscriber.PublisherPort
	at ptolemy.actor.PublisherPort.preinitialize(PublisherPort.java:403)
	at ptolemy.actor.CompositeActor.preinitialize(CompositeActor.java:1769)
	at ptolemy.actor.Manager.preinitializeAndResolveTypes(Manager.java:1040)
	at ptolemy.actor.Manager.initialize(Manager.java:710)
	at ptolemy.actor.Manager.execute(Manager.java:356)
	at ptolemy.actor.Manager.run(Manager.java:1263)
	at ptolemy.actor.Manager$PtolemyRunThread.run(Manager.java:1933)
java.lang.RuntimeException: Execution failed
	at ptolemy.moml.MoMLSimpleApplication$UnloadThread.run(MoMLSimpleApplication.java:402)
Caused by: ptolemy.kernel.util.IllegalActionException: SubscriberPorts cannot be used at the top level, use a Subscriber actor instead.
  in .PublisherSubscriberPortToplevel.SubscriberPort
	at ptolemy.actor.SubscriberPort.preinitialize(SubscriberPort.java:328)
	at ptolemy.actor.CompositeActor.preinitialize(CompositeActor.java:1769)
	at ptolemy.actor.Manager.preinitializeAndResolveTypes(Manager.java:1040)
	at ptolemy.actor.Manager.initialize(Manager.java:710)
	at ptolemy.actor.Manager.execute(Manager.java:356)
	at ptolemy.actor.Manager.run(Manager.java:1263)
	at ptolemy.actor.Manager$PtolemyRunThread.run(Manager.java:1933)
java.lang.reflect.InvocationTargetException
	at java.base/jdk.internal.reflect.NativeConstructorAccessorImpl.newInstance0(Native Method)
	at java.base/jdk.internal.reflect.NativeConstructorAccessorImpl.newInstance(NativeConstructorAccessorImpl.java:62)
	at java.base/jdk.internal.reflect.DelegatingConstructorAccessorImpl.newInstance(DelegatingConstructorAccessorImpl.java:45)
	at java.base/java.lang.reflect.Constructor.newInstance(Constructor.java:490)
	at ptolemy.util.test.junit.AutoKnownFailedTests.RunModel(AutoKnownFailedTests.java:105)
	at java.base/jdk.internal.reflect.NativeMethodAccessorImpl.invoke0(Native Method)
	at java.base/jdk.internal.reflect.NativeMethodAccessorImpl.invoke(NativeMethodAccessorImpl.java:62)
	at java.base/jdk.internal.reflect.DelegatingMethodAccessorImpl.invoke(DelegatingMethodAccessorImpl.java:43)
	at java.base/java.lang.reflect.Method.invoke(Method.java:566)
	at org.junit.runners.model.FrameworkMethod$1.runReflectiveCall(FrameworkMethod.java:44)
	at org.junit.internal.runners.model.ReflectiveCallable.run(ReflectiveCallable.java:15)
	at org.junit.runners.model.FrameworkMethod.invokeExplosively(FrameworkMethod.java:41)
	at junitparams.internal.InvokeParameterisedMethod.evaluate(InvokeParameterisedMethod.java:102)
	at org.junit.internal.runners.statements.FailOnTimeout$1.run(FailOnTimeout.java:28)
Caused by: ptolemy.kernel.util.IllegalActionException: SubscriberPorts cannot be used at the top level, use a Subscriber actor instead.
  in .PublisherSubscriberPortToplevel.SubscriberPort
	at ptolemy.actor.SubscriberPort.preinitialize(SubscriberPort.java:328)
	at ptolemy.actor.CompositeActor.preinitialize(CompositeActor.java:1769)
	at ptolemy.actor.Manager.preinitializeAndResolveTypes(Manager.java:1040)
	at ptolemy.actor.Manager.initialize(Manager.java:710)
	at ptolemy.actor.Manager.execute(Manager.java:356)
	at ptolemy.actor.Manager.run(Manager.java:1263)
	at ptolemy.actor.Manager$PtolemyRunThread.run(Manager.java:1933)
java.lang.RuntimeException: Execution failed
	at ptolemy.moml.MoMLSimpleApplication$UnloadThread.run(MoMLSimpleApplication.java:402)
Caused by: ptolemy.kernel.util.IllegalActionException: SubscriptionAggregatorPorts cannot be used at the top level, use a SubscriptionAggregator actor instead.
  in .PublisherSubscriptionAggregatorPort.SubscriptionAggregatorPort
	at ptolemy.actor.SubscriptionAggregatorPort.preinitialize(SubscriptionAggregatorPort.java:353)
	at ptolemy.actor.CompositeActor.preinitialize(CompositeActor.java:1769)
	at ptolemy.actor.Manager.preinitializeAndResolveTypes(Manager.java:1040)
	at ptolemy.actor.Manager.initialize(Manager.java:710)
	at ptolemy.actor.Manager.execute(Manager.java:356)
	at ptolemy.actor.Manager.run(Manager.java:1263)
	at ptolemy.actor.Manager$PtolemyRunThread.run(Manager.java:1933)
java.lang.reflect.InvocationTargetException
	at java.base/jdk.internal.reflect.NativeConstructorAccessorImpl.newInstance0(Native Method)
	at java.base/jdk.internal.reflect.NativeConstructorAccessorImpl.newInstance(NativeConstructorAccessorImpl.java:62)
	at java.base/jdk.internal.reflect.DelegatingConstructorAccessorImpl.newInstance(DelegatingConstructorAccessorImpl.java:45)
	at java.base/java.lang.reflect.Constructor.newInstance(Constructor.java:490)
	at ptolemy.util.test.junit.AutoKnownFailedTests.RunModel(AutoKnownFailedTests.java:105)
	at java.base/jdk.internal.reflect.NativeMethodAccessorImpl.invoke0(Native Method)
	at java.base/jdk.internal.reflect.NativeMethodAccessorImpl.invoke(NativeMethodAccessorImpl.java:62)
	at java.base/jdk.internal.reflect.DelegatingMethodAccessorImpl.invoke(DelegatingMethodAccessorImpl.java:43)
	at java.base/java.lang.reflect.Method.invoke(Method.java:566)
	at org.junit.runners.model.FrameworkMethod$1.runReflectiveCall(FrameworkMethod.java:44)
	at org.junit.internal.runners.model.ReflectiveCallable.run(ReflectiveCallable.java:15)
	at org.junit.runners.model.FrameworkMethod.invokeExplosively(FrameworkMethod.java:41)
	at junitparams.internal.InvokeParameterisedMethod.evaluate(InvokeParameterisedMethod.java:102)
	at org.junit.internal.runners.statements.FailOnTimeout$1.run(FailOnTimeout.java:28)
Caused by: ptolemy.kernel.util.IllegalActionException: SubscriptionAggregatorPorts cannot be used at the top level, use a SubscriptionAggregator actor instead.
  in .PublisherSubscriptionAggregatorPort.SubscriptionAggregatorPort
	at ptolemy.actor.SubscriptionAggregatorPort.preinitialize(SubscriptionAggregatorPort.java:353)
	at ptolemy.actor.CompositeActor.preinitialize(CompositeActor.java:1769)
	at ptolemy.actor.Manager.preinitializeAndResolveTypes(Manager.java:1040)
	at ptolemy.actor.Manager.initialize(Manager.java:710)
	at ptolemy.actor.Manager.execute(Manager.java:356)
	at ptolemy.actor.Manager.run(Manager.java:1263)
	at ptolemy.actor.Manager$PtolemyRunThread.run(Manager.java:1933)
java.lang.RuntimeException: Execution failed
	at ptolemy.moml.MoMLSimpleApplication$UnloadThread.run(MoMLSimpleApplication.java:402)
Caused by: ptolemy.kernel.util.IllegalActionException: TypeTest actor has no training data.
  in .sizedarray3.TypeTest
	at ptolemy.actor.lib.TypeTest.initialize(TypeTest.java:250)
	at ptolemy.actor.Director.initialize(Director.java:938)
	at ptolemy.actor.Director.initialize(Director.java:907)
	at ptolemy.actor.sched.StaticSchedulingDirector.initialize(StaticSchedulingDirector.java:159)
	at ptolemy.domains.sdf.kernel.SDFDirector.initialize(SDFDirector.java:544)
	at ptolemy.actor.CompositeActor.initialize(CompositeActor.java:935)
	at ptolemy.actor.Manager.initialize(Manager.java:724)
	at ptolemy.actor.Manager.execute(Manager.java:356)
	at ptolemy.actor.Manager.run(Manager.java:1263)
	at ptolemy.actor.Manager$PtolemyRunThread.run(Manager.java:1933)
java.lang.reflect.InvocationTargetException
	at java.base/jdk.internal.reflect.NativeConstructorAccessorImpl.newInstance0(Native Method)
	at java.base/jdk.internal.reflect.NativeConstructorAccessorImpl.newInstance(NativeConstructorAccessorImpl.java:62)
	at java.base/jdk.internal.reflect.DelegatingConstructorAccessorImpl.newInstance(DelegatingConstructorAccessorImpl.java:45)
	at java.base/java.lang.reflect.Constructor.newInstance(Constructor.java:490)
	at ptolemy.util.test.junit.AutoKnownFailedTests.RunModel(AutoKnownFailedTests.java:105)
	at java.base/jdk.internal.reflect.NativeMethodAccessorImpl.invoke0(Native Method)
	at java.base/jdk.internal.reflect.NativeMethodAccessorImpl.invoke(NativeMethodAccessorImpl.java:62)
	at java.base/jdk.internal.reflect.DelegatingMethodAccessorImpl.invoke(DelegatingMethodAccessorImpl.java:43)
	at java.base/java.lang.reflect.Method.invoke(Method.java:566)
	at org.junit.runners.model.FrameworkMethod$1.runReflectiveCall(FrameworkMethod.java:44)
	at org.junit.internal.runners.model.ReflectiveCallable.run(ReflectiveCallable.java:15)
	at org.junit.runners.model.FrameworkMethod.invokeExplosively(FrameworkMethod.java:41)
	at junitparams.internal.InvokeParameterisedMethod.evaluate(InvokeParameterisedMethod.java:102)
	at org.junit.internal.runners.statements.FailOnTimeout$1.run(FailOnTimeout.java:28)
Caused by: ptolemy.kernel.util.IllegalActionException: TypeTest actor has no training data.
  in .sizedarray3.TypeTest
	at ptolemy.actor.lib.TypeTest.initialize(TypeTest.java:250)
	at ptolemy.actor.Director.initialize(Director.java:938)
	at ptolemy.actor.Director.initialize(Director.java:907)
	at ptolemy.actor.sched.StaticSchedulingDirector.initialize(StaticSchedulingDirector.java:159)
	at ptolemy.domains.sdf.kernel.SDFDirector.initialize(SDFDirector.java:544)
	at ptolemy.actor.CompositeActor.initialize(CompositeActor.java:935)
	at ptolemy.actor.Manager.initialize(Manager.java:724)
	at ptolemy.actor.Manager.execute(Manager.java:356)
	at ptolemy.actor.Manager.run(Manager.java:1263)
	at ptolemy.actor.Manager$PtolemyRunThread.run(Manager.java:1933)
]]></system-err>
</testsuite>
