<?xml version="1.0" encoding="UTF-8" ?>
<testsuite errors="0" failures="0" hostname="travis-job-5d10100e-4afa-4c49-8467-326019c648e1" name="ptolemy.domains.de.test.junit.JUnitTclTest" skipped="0" tests="101" time="121.438" timestamp="2021-09-08T18:56:07">
  <properties>
    <property name="npm.executable" value="npm" />
    <property name="env.TRAVIS_ROOT" value="/" />
    <property name="ptII.mk.exists" value="true" />
    <property name="env.TRAVIS_APP_HOST" value="build.travis-ci.com" />
    <property name="env.rvm_bin_path" value="/home/travis/.rvm/bin" />
    <property name="java.home" value="/usr/local/lib/jvm/openjdk11" />
    <property name="env.TRAVIS_JOB_NUMBER" value="1838.9" />
    <property name="env.TRAVIS_HOME" value="/home/travis" />
    <property name="env.DISPLAY" value=":99.0" />
    <property name="env.TRAVIS_INIT" value="systemd" />
    <property name="env.SSH_TTY" value="/dev/pts/0" />
    <property name="java.net.preferIPv4Stack" value="true" />
    <property name="env.RUN_TESTS" value="true" />
    <property name="timeout.short" value="1000000" />
    <property name="junit.formatter" value="xml" />
    <property name="env.TRAVIS_SUDO" value="true" />
    <property name="env.TRAVIS_JOB_NAME" value="" />
    <property name="env.TRAVIS_STACK_NODE_ATTRIBUTES" value="/.node-attributes.yml" />
    <property name="env.LOGNAME" value="travis" />
    <property name="jsdoc.home" value="node_modules/@terraswarm/jsdoc" />
    <property name="debuglevel" value="source,lines,vars" />
    <property name="checkstyle.formatter" value="xml" />
    <property name="bin.vergil.makeable" value="true" />
    <property name="sun.os.patch.level" value="unknown" />
    <property name="java.vendor.url" value="http://java.oracle.com/" />
    <property name="env.TRAVIS_BUILD_WEB_URL" value="https://app.travis-ci.com/icyphy/ptII/builds/237203866" />
    <property name="java.version" value="11.0.2" />
    <property name="env.TZ" value="UTC" />
    <property name="env.TRAVIS_PULL_REQUEST_SHA" value="" />
    <property name="env.PT_NO_NET" value="true" />
    <property name="env.TRAVIS_SECURE_ENV_VARS" value="true" />
    <property name="java.vendor.url.bug" value="http://bugreport.java.com/bugreport/" />
    <property name="npmjs-org-is-up" value="true" />
    <property name="env.LANGUAGE" value="en_US.UTF-8" />
    <property name="env.SSH_CLIENT" value="10.16.2.12 48056 22" />
    <property name="env.GEM_HOME" value="/home/travis/.rvm/gems/ruby-2.5.3" />
    <property name="env.HAS_ANTARES_THREE_LITTLE_FRONZIES_BADGE" value="true" />
    <property name="java.version.date" value="2019-01-15" />
    <property name="env.PS4" value="+" />
    <property name="ant.project.invoked-targets" value="build,test.core2.xml" />
    <property name="env.TRAVIS_PULL_REQUEST_BRANCH" value="" />
    <property name="env.TRAVIS_REPO_SLUG" value="icyphy/ptII" />
    <property name="env.XDG_DATA_DIRS" value="/usr/local/share:/usr/share:/var/lib/snapd/desktop" />
    <property name="jdk.debug" value="release" />
    <property name="env.TRAVIS_APT_PROXY" value="http://build-cache.travisci.net" />
    <property name="env.TRAVIS_CPU_ARCH" value="amd64" />
    <property name="node.in.path" value="true" />
    <property name="user.name" value="travis" />
    <property name="java.maxmemory" value="1400m" />
    <property name="env.RUBY_VERSION" value="ruby-2.5.3" />
    <property name="env.LANG" value="en_US.UTF-8" />
    <property name="sun.io.unicode.encoding" value="UnicodeLittle" />
    <property name="sun.jnu.encoding" value="UTF-8" />
    <property name="java.runtime.name" value="OpenJDK Runtime Environment" />
    <property name="usefile" value="false" />
    <property name="return.code" value="0" />
    <property name="junit.single.formatter" value="plain" />
    <property name="env.DYLD_LIBRARY_PATH" value="/home/travis/pthla/certi-tools/lib:" />
    <property name="env.DEBIAN_FRONTEND" value="noninteractive" />
    <property name="env.SSH_CONNECTION" value="10.16.2.12 48056 10.30.0.60 22" />
    <property name="env.MYSQL_UNIX_PORT" value="/var/run/mysqld/mysqld.sock" />
    <property name="env.LC_ALL" value="en_US.UTF-8" />
    <property name="env.TRAVIS_ALLOW_FAILURE" value="" />
    <property name="env.TRAVIS_JOB_WEB_URL" value="https://app.travis-ci.com/icyphy/ptII/jobs/536221700" />
    <property name="java.specification.name" value="Java Platform API Specification" />
    <property name="node.works" value="true" />
    <property name="user.timezone" value="" />
    <property name="path.separator" value=":" />
    <property name="env.TRAVIS_ENABLE_INFRA_DETECTION" value="true" />
    <property name="env.PYTHON_CFLAGS" value="-g -fstack-protector --param=ssp-buffer-size=4 -Wformat -Werror=format-security" />
    <property name="timeout.long" value="4000000" />
    <property name="env.CERTI_HOME" value="/home/travis/pthla/certi-tools" />
    <property name="ant.file.ptII" value="/home/travis/build/icyphy/ptII/build.xml" />
    <property name="javadoc.packagenames" value="com.*,diva.*,lbnl.*,org.hlacerti.*,org.json.*,org.ptolemy.*,org.terraswarm.*,ptolemy.*,ptserver.*" />
    <property name="file.encoding" value="UTF-8" />
    <property name="env.TRAVIS_PULL_REQUEST_SLUG" value="" />
    <property name="ant.project.default-target" value="build" />
    <property name="env.GIT_ASKPASS" value="echo" />
    <property name="env.HOME" value="/home/travis" />
    <property name="sun.java.command" value="org.apache.tools.ant.taskdefs.optional.junit.JUnitTestRunner ptolemy.domains.de.test.junit.JUnitTclTest skipNonTests=false filtertrace=true haltOnError=false haltOnFailure=false formatter=org.apache.tools.ant.taskdefs.optional.junit.OutErrSummaryJUnitResultFormatter showoutput=true outputtoformatters=true logfailedtests=true threadid=0 logtestlistenerevents=false formatter=org.apache.tools.ant.taskdefs.optional.junit.XMLJUnitResultFormatter,/home/travis/build/icyphy/ptII/reports/junit/TEST-ptolemy.domains.de.test.junit.JUnitTclTest.xml crashfile=/home/travis/build/icyphy/ptII/junitvmwatcher11071495924480861582.properties propsfile=/home/travis/build/icyphy/ptII/junit16465692933555211290.properties" />
    <property name="env.COMPOSER_NO_INTERACTION" value="1" />
    <property name="env.MANPATH" value="/home/travis/.nvm/versions/node/v7.10.1/share/man:/home/travis/.rvm/rubies/ruby-2.5.3/share/man:/usr/local/cmake-3.12.4/man:/usr/local/clang-7.0.0/share/man:/usr/local/man:/usr/local/share/man:/usr/share/man:/home/travis/.rvm/man" />
    <property name="env.TRAVIS_TIMER_ID" value="04c26c78" />
    <property name="ant.file" value="/home/travis/build/icyphy/ptII/build.xml" />
    <property name="env.TRAVIS_COMMIT_RANGE" value="925adca1e321f264a777db3951cf72c0365f6793...e653f988ec0e1257fe395e15d42f9e399c48a113" />
    <property name="ptII.classpath.optional.property" value="/home/travis/build/icyphy/ptII/lib/asm-all-5.2.jar:/home/travis/build/icyphy/ptII/lib/nashorn-core-15.3.jar:/home/travis/build/icyphy/ptII/lib/bsh-2.0b4.jar:/home/travis/build/icyphy/ptII/lib/ptCal.jar:/home/travis/build/icyphy/ptII/lib/java_cup.jar:/home/travis/build/icyphy/ptII/lib/saxon8.jar:/home/travis/build/icyphy/ptII/lib/saxon8-dom.jar:/home/travis/build/icyphy/ptII/lib/chic.jar:/home/travis/build/icyphy/ptII/lib/ptcolt.jar:/home/travis/build/icyphy/ptII/vendors/misc/itext/iText.jar:/home/travis/build/icyphy/ptII/lib/g4ltl.jar:/home/travis/build/icyphy/ptII/lib/StructuralCoder.jar:/home/travis/build/icyphy/ptII/lib/jcerti.jar:/home/travis/build/icyphy/ptII/lib/javax.mail.jar:/home/travis/build/icyphy/ptII/vendors/JMF-2.1.1e/lib/jmf.jar:/home/travis/build/icyphy/ptII/lib/jna-4.0.0-variadic.jar:/home/travis/build/icyphy/ptII/vendors/misc/joystick/Joystick.jar:/home/travis/build/icyphy/ptII/lib/ptjacl.jar:/home/travis/build/icyphy/ptII/lib/jsoup-1.14.2.jar:/home/travis/build/icyphy/ptII/lib/junit-4.8.2.jar:/home/travis/build/icyphy/ptII/lib/JUnitParams-0.4.0.jar:/home/travis/build/icyphy/ptII/ptolemy/actor/lib/excel/jxl.jar:/home/travis/build/icyphy/ptII/lib/jython.jar:/home/travis/build/icyphy/ptII/lib/kieler.jar:/home/travis/build/icyphy/ptII/vendors/opencv/share/OpenCV/java/opencv-341.jar:/home/travis/build/icyphy/ptII/lib/oscP5.jar:/home/travis/build/icyphy/ptII/lib/nrjavaserial-3.11.0.devel.jar:/home/travis/build/icyphy/ptII/vendors/j3d/lib/Linux/j3dcore.jar:/home/travis/build/icyphy/ptII/vendors/j3d/lib/Linux/j3dutils.jar:/home/travis/build/icyphy/ptII/vendors/j3d/lib/Linux/vecmath.jar:/home/travis/build/icyphy/ptII/vendors/jogl/lib/Linux/gluegen-rt-natives-linux-amd64.jar:/home/travis/build/icyphy/ptII/vendors/jogl/lib/Linux/gluegen-rt.jar:/home/travis/build/icyphy/ptII/vendors/jogl/lib/Linux/jogl-all-natives-linux-amd64.jar:/home/travis/build/icyphy/ptII/vendors/jogl/lib/Linux/jogl-all.jar:/home/travis/build/icyphy/ptII/ptolemy/distributed/jini/jar/jini-core.jar:/home/travis/build/icyphy/ptII/ptolemy/distributed/jini/jar/jini-ext.jar:/home/travis/build/icyphy/ptII/ptolemy/distributed/jini/jar/sun-util.jar:/home/travis/build/icyphy/ptII/lib/protobuf-java-2.4.1.jar:/home/travis/build/icyphy/ptII/lib/org.eclipse.paho.client.mqttv3.jar:/home/travis/build/icyphy/ptII/lib/mapss.jar:/home/travis/build/icyphy/ptII/ptolemy/actor/ptalon/antlr/antlr.jar:/home/travis/build/icyphy/ptII/lib/JRI.jar:/home/travis/build/icyphy/ptII/lib/commons-lang-2.6.jar:/home/travis/build/icyphy/ptII/lib/commons-logging-1.1.1.jar:/home/travis/build/icyphy/ptII/lib/sootclasses.jar:/home/travis/build/icyphy/ptII/ptolemy/actor/lib/database/mysql-connector-java-8.0.26.jar:/home/travis/build/icyphy/ptII/vendors/misc/sphinx4/sphinx4-data-5prealpha.jar:/home/travis/build/icyphy/ptII/vendors/misc/sphinx4/sphinx4-core-5prealpha.jar:/home/travis/build/icyphy/ptII/lib/PDFRenderer.jar:/home/travis/build/icyphy/ptII/lib/svgSalamander.jar:/home/travis/build/icyphy/ptII/lib/rsyntaxtextarea-2.6.0-SNAPSHOT.jar:/home/travis/build/icyphy/ptII/lib/hazelcast-3.8.2.jar:/home/travis/build/icyphy/ptII/lib/jackson-annotations-2.9.0.jar:/home/travis/build/icyphy/ptII/lib/jackson-core-2.9.3.jar:/home/travis/build/icyphy/ptII/lib/jackson-databind-2.9.3.jar:/home/travis/build/icyphy/ptII/lib/netty-buffer-4.1.19.Final.jar:/home/travis/build/icyphy/ptII/lib/netty-codec-4.1.19.Final.jar:/home/travis/build/icyphy/ptII/lib/netty-codec-dns-4.1.19.Final.jar:/home/travis/build/icyphy/ptII/lib/netty-codec-http-4.1.19.Final.jar:/home/travis/build/icyphy/ptII/lib/netty-codec-http2-4.1.19.Final.jar:/home/travis/build/icyphy/ptII/lib/netty-common-4.1.19.Final.jar:/home/travis/build/icyphy/ptII/lib/netty-handler-4.1.19.Final.jar:/home/travis/build/icyphy/ptII/lib/netty-resolver-4.1.19.Final.jar:/home/travis/build/icyphy/ptII/lib/netty-resolver-dns-4.1.19.Final.jar:/home/travis/build/icyphy/ptII/lib/netty-transport-4.1.19.Final.jar:/home/travis/build/icyphy/ptII/lib/vertx-codegen-3.5.1.jar:/home/travis/build/icyphy/ptII/lib/vertx-core-3.5.2-SNAPSHOT.jar:/home/travis/build/icyphy/ptII/lib/vertx-hazelcast-3.5.1.jar:/home/travis/build/icyphy/ptII/lib/vertx-lang-js-3.5.1.jar:/home/travis/build/icyphy/ptII/lib/vertx-service-proxy-3.5.1.jar:/home/travis/build/icyphy/ptII/lib/vertx-web-3.5.1.jar:/home/travis/build/icyphy/ptII/lib/slf4j-api-1.7.13.jar:/home/travis/build/icyphy/ptII/lib/slf4j-simple-1.7.13.jar:/home/travis/build/icyphy/ptII/lib/webcam-capture-0.3.12.jar:/home/travis/build/icyphy/ptII/lib/bridj-0.7.0.jar:/home/travis/build/icyphy/ptII/lib/xbjlib-1.1.0.nrjavaserial.jar" />
    <property name="timeout" value="2400000" />
    <property name="test.batch" value="**/junit/*.java" />
    <property name="env._" value="/usr/bin/timeout" />
    <property name="java.io.tmpdir" value="/tmp" />
    <property name="user.language" value="en" />
    <property name="env.TRAVIS_INTERNAL_RUBY_REGEX" value="^ruby-(2\.[0-4]\.[0-9]|1\.9\.3)" />
    <property name="env.HISTCONTROL" value="ignoredups:ignorespace" />
    <property name="env.GOROOT" value="/home/travis/.gimme/versions/go1.11.1.linux.amd64" />
    <property name="line.separator" value="&#xa;" />
    <property name="target" value="11" />
    <property name="env.TRAVIS_BUILD_DIR" value="/home/travis/build/icyphy/ptII" />
    <property name="env.ANT_OPTS" value="-Xmx2048m" />
    <property name="ant.file.type" value="file" />
    <property name="ptolemy.ptII.batchMode" value="true" />
    <property name="env.HISTSIZE" value="1000" />
    <property name="env.MERB_ENV" value="test" />
    <property name="java.vm.info" value="mixed mode" />
    <property name="source" value="11" />
    <property name="java.vm.specification.name" value="Java Virtual Machine Specification" />
    <property name="env.TRAVIS_TEST_RESULT" value="0" />
    <property name="jsdoc.command" value="node_modules/@terraswarm/jsdoc/jsdoc.js" />
    <property name="npm.works" value="true" />
    <property name="cobertura.dir" value="/home/travis/build/icyphy/ptII/vendors/cobertura-2.0.3" />
    <property name="jsdoc.command.exists" value="true" />
    <property name="env.rvm_path" value="/home/travis/.rvm" />
    <property name="env.GEM_PATH" value="/home/travis/.rvm/gems/ruby-2.5.3:/home/travis/.rvm/gems/ruby-2.5.3@global" />
    <property name="env.LC_CTYPE" value="en_US.UTF-8" />
    <property name="env.TRAVIS_CMD" value="$PTII/bin/ptIITravisBuild.sh $SECONDS" />
    <property name="java.awt.printerjob" value="sun.print.PSPrinterJob" />
    <property name="env.TRAVIS_STACK_NAME" value="sardonyx" />
    <property name="env.TRAVIS_TIMER_START_TIME" value="1631127155884271361" />
    <property name="ant.version" value="Apache Ant(TM) version 1.10.1 compiled on February 2 2017" />
    <property name="ptII.reports" value="/home/travis/build/icyphy/ptII/reports" />
    <property name="env.TRAVIS_STACK_TIMESTAMP" value="2020-06-24 13:13:18 UTC" />
    <property name="ant.file.type.ptII" value="file" />
    <property name="env.RBENV_SHELL" value="bash" />
    <property name="os.name" value="Linux" />
    <property name="java.specification.vendor" value="Oracle Corporation" />
    <property name="env.rvm_version" value="1.29.10 (latest)" />
    <property name="env.TRAVIS_INFRA" value="unknown" />
    <property name="env.TERM" value="xterm" />
    <property name="java.vm.name" value="OpenJDK 64-Bit Server VM" />
    <property name="env.TRAVIS_BUILD_NUMBER" value="1838" />
    <property name="env.CI" value="true" />
    <property name="java.library.path" value="/home/travis/pthla/certi-tools/lib:/usr/lib/jni:/usr/local/share/OpenCV/java/:/usr/share/OpenCV/java::/usr/java/packages/lib:/usr/lib64:/lib64:/lib:/usr/lib" />
    <property name="jdk.module.path" value="/home/travis/build/icyphy/ptII/vendors/javafx/javafx-sdk-11.0.2/lib:" />
    <property name="env.rvm_prefix" value="/home/travis" />
    <property name="env.PATH" value="/home/travis/pthla/certi-tools/share/scripts:/home/travis/.rvm/gems/ruby-2.5.3/bin:/home/travis/.rvm/gems/ruby-2.5.3@global/bin:/home/travis/.rvm/rubies/ruby-2.5.3/bin:/home/travis/.rvm/bin:./node_modules/.bin:/home/travis/build/icyphy/ptII/bin:/home/travis/pthla/certi-tools/bin:/home/travis/bin:/home/travis/.local/bin:/usr/local/lib/jvm/openjdk11/bin:/opt/pyenv/shims:/home/travis/.phpenv/shims:/home/travis/perl5/perlbrew/bin:/home/travis/.nvm/versions/node/v7.10.1/bin:/home/travis/gopath/bin:/home/travis/.gimme/versions/go1.11.1.linux.amd64/bin:/usr/local/maven-3.6.3/bin:/usr/local/cmake-3.12.4/bin:/usr/local/clang-7.0.0/bin:/usr/local/sbin:/usr/local/bin:/usr/sbin:/usr/bin:/sbin:/bin:/snap/bin:/home/travis/.phpenv/bin:/opt/pyenv/bin:/home/travis/.yarn/bin" />
    <property name="env.TRAVIS_OS_NAME" value="linux" />
    <property name="ant.java.version" value="9" />
    <property name="basedir" value="/home/travis/build/icyphy/ptII" />
    <property name="java.class.version" value="55.0" />
    <property name="env.SHLVL" value="3" />
    <property name="env.LD_LIBRARY_PATH" value="/home/travis/pthla/certi-tools/lib:/usr/lib/jni:/usr/local/share/OpenCV/java/:/usr/share/OpenCV/java:" />
    <property name="env.RACK_ENV" value="test" />
    <property name="ant.home" value="/home/travis/build/icyphy/ptII/ant" />
    <property name="env.NVM_DIR" value="/home/travis/.nvm" />
    <property name="env.CERTI_FOM_PATH" value="/home/travis/pthla/certi-tools/share/federations" />
    <property name="env.TRAVIS_BUILD_ID" value="237203866" />
    <property name="env.PYENV_ROOT" value="/opt/pyenv" />
    <property name="env.TRAVIS_UID" value="2000" />
    <property name="prism.verbose" value="true" />
    <property name="env.NVM_BIN" value="/home/travis/.nvm/versions/node/v7.10.1/bin" />
    <property name="env.TRAVIS_COMMIT" value="e653f988ec0e1257fe395e15d42f9e399c48a113" />
    <property name="node.executable" value="node" />
    <property name="sun.boot.library.path" value="/usr/local/lib/jvm/openjdk11/lib" />
    <property name="sun.management.compiler" value="HotSpot 64-Bit Tiered Compilers" />
    <property name="java.awt.graphicsenv" value="sun.awt.X11GraphicsEnvironment" />
    <property name="env.GOPATH" value="/home/travis/gopath" />
    <property name="ptolemy.ptII.dir" value="/home/travis/build/icyphy/ptII" />
    <property name="env.USER" value="travis" />
    <property name="env.HISTFILESIZE" value="2000" />
    <property name="env.NVM_INC" value="/home/travis/.nvm/versions/node/v7.10.1/include/node" />
    <property name="timeout.longest" value="19000000" />
    <property name="env.PERLBREW_SHELLRC_VERSION" value="0.88" />
    <property name="env.TRAVIS_STACK_FEATURES" value="basic couchdb disabled-ipv6 docker docker-compose elasticsearch firefox go-toolchain google-chrome jdk memcached mongodb mysql nodejs_interpreter perl_interpreter perlbrew phantomjs postgresql python_interpreter redis ruby_interpreter sqlite xserver" />
    <property name="env.TRAVIS_PULL_REQUEST" value="false" />
    <property name="env.PYENV_SHELL" value="bash" />
    <property name="ant.project.name" value="ptII" />
    <property name="env.ANSI_RESET" value="\033[0m" />
    <property name="java.vm.specification.version" value="11" />
    <property name="env.TRAVIS_DIST" value="xenial" />
    <property name="env.CERTI_VERSION" value="4.0.0" />
    <property name="env.CERTI_HOST" value="localhost" />
    <property name="awt.toolkit" value="sun.awt.X11.XToolkit" />
    <property name="env.MY_RUBY_HOME" value="/home/travis/.rvm/rubies/ruby-2.5.3" />
    <property name="sun.cpu.isalist" value="" />
    <property name="env.TRAVIS_TMPDIR" value="/tmp/tmp.hopQReD6xA" />
    <property name="java.vm.compressedOopsMode" value="Zero based" />
    <property name="os.version" value="4.15.0-1077-gcp" />
    <property name="user.home" value="/home/travis" />
    <property name="java.vm.vendor" value="Oracle Corporation" />
    <property name="env.TRAVIS_TAG" value="nightly" />
    <property name="env.ANSI_YELLOW" value="\033[33;1m" />
    <property name="env.TRAVIS_FILTERED" value="redirect_io" />
    <property name="env.ANSI_GREEN" value="\033[32;1m" />
    <property name="env.JAVA_HOME" value="/usr/local/lib/jvm/openjdk11" />
    <property name="javadoc.excludepackagenames" value="adm.cvs2svn.*,build.*,config.*,doc.coding.templates.*,jni.test.jni.meaningOfLife.*,jni.test.jni.testDeux.*,jni.test.jni.testTrois.*,org.terraswarm.accessor.accessors.web.node_modules.*,org.terraswarm.accessor.accessors.web.hosts.cordova.demo.*,org.terraswarm.accessor.accessors.web.hosts.cordova.plugins.*,org.terraswarm.accessor.accessors-svn.*,pt-modules.*,ptolemy.apps.agilent.*,ptolemy.apps.anytimecontrol.*,ptolemy.apps.apes.*,ptolemy.apps.charon.*,ptolemy.apps.crazyboard.*,ptolemy.apps.eclipse.*,ptolemy.apps.etherealSting.*,ptolemy.apps.fullscreen.*,ptolemy.apps.giotto.*,ptolemy.apps.ia.*,ptolemy.apps.interfaces.*,ptolemy.apps.jmf.*,ptolemy.apps.kurt.*,ptolemy.apps.kvm.*,ptolemy.apps.lego.*,ptolemy.apps.lejos.*,ptolemy.apps.midp.*,ptolemy.apps.mobileCoding.*,ptolemy.apps.pendulum.*,ptolemy.apps.rijndael.*,ptolemy.apps.robot.*,ptolemy.apps.security.*,ptolemy.apps.sobel.*,ptolemy.apps.soot.*,ptolemy.apps.throttle.*,ptolemy.apps.tini.*,ptolemy.apps.transmission.*,ptolemy.apps.vergil.*,ptolemy.apps.waba.*,ptolemy.apps.websensor.*,ptolemy.apps.webstart.*,ptolemy.apps.xsl.*,ptolemy.apps.zaurus.*,ptolemy.codegen.c.actor.lib.oldJavaFiles.*,ptolemy.codegen.dsp.lib.*,ptolemy.codegen.kernel.newInterfaces.*,ptolemy.codegen.lib.*,ptolemy.copernicus.kernel.fragment.*,ptolemy.copernicus.shallow.cg.*,ptolemy.domains.giotto.demo.Hierarchy.Hierarchy.*,ptolemy.domains.giotto.demo.Multimode.Multimode.*,ptolemy.domains.giotto.demo.Simple.Simple.*,ptolemy.domains.gr.lib.experimental.*,ptolemy.domains.gro.*,ptolemy.domains.pdf.*,ptolemy.domains.ptinyos.demo.Surge.output.*,ptolemy.moml.test.NoPackageActor.java*,ptolemy.plot.adm.*,ptolemy.plot.servlet.*,reports.*,signed.*,src.*,target.*,vendors.*,ptolemy.copernicus.applet.*,ptolemy.media.viewer.*,ptolemy.actor.corba.*,doc.doclets.*,ptolemy.apps.eclipse.awt.*,ptolemy.backtrack.*,ptolemy.backtrack.ast.*,ptolemy.cg.adapter.generic.program.procedural.c.mbed*,ptolemy.homer.*,ptolemy.actor.lib.jai.*,org.ptolemy.scala.*,diva.util.java2d.svg.*,ptolemy.domains.ptinyos.*,ptolemy.actor.lib.fmi.fmipp.*,,org.terraswarm.accessor.accessors.web.node_modules.*,org.terraswarm.accessor.accessors-svn,ptolemy.apps.*,ptolemy.actor.ptalon.demo.ptinyos.SendAndReceiveCnt.output,ptolemy.actor.ptalon.demo.ptinyos.SenseToLeds.output,ptolemy.domains.ptinyos.demo.CntToLedsAndRfm.output,ptolemy.domains.ptinyos.demo.RfmToLeds.output,ptolemy.domains.ptinyos.demo.SendAndReceiveCnt.output,ptolemy.domains.ptinyos.demo.SenseToLeds.output,ptolemy.actor.lib.jjs.modules.udpSocket.*" />
    <property name="env.PTII" value="/home/travis/build/icyphy/ptII" />
    <property name="env.XDG_SESSION_ID" value="2" />
    <property name="keystore" value="ptKeystore" />
    <property name="env.TRAVIS_COMMIT_MESSAGE" value="Support compiling with the standalone Nashorn jar." />
    <property name="junit.output.dir" value="/home/travis/build/icyphy/ptII/reports/junit" />
    <property name="npm.return.code" value="0" />
    <property name="user.dir" value="/home/travis/build/icyphy/ptII/ptolemy/domains/de/test" />
    <property name="env.TRAVIS_NODE_VERSION" value="7" />
    <property name="env.TRAVIS_EVENT_TYPE" value="api" />
    <property name="env.MAIL" value="/var/mail/travis" />
    <property name="env.PERLBREW_ROOT" value="/home/travis/perl5/perlbrew" />
    <property name="env.PWD" value="/home/travis/build/icyphy/ptII" />
    <property name="timeout.npm" value="45000" />
    <property name="env.PT_TRAVIS_TEST_CORE2_XML" value="true" />
    <property name="env.TRAVIS_ARCH" value="amd64" />
    <property name="sun.cpu.endian" value="little" />
    <property name="env.PAGER" value="cat" />
    <property name="env.TRAVIS_BUILD_STAGE_NAME" value="test" />
    <property name="env.PERLBREW_HOME" value="/home/travis/.perlbrew" />
    <property name="java.vm.version" value="11.0.2+9" />
    <property name="env.RAILS_ENV" value="test" />
    <property name="java.class.path" value="/home/travis/build/icyphy/ptII:/home/travis/build/icyphy/ptII/lib/asm-all-5.2.jar:/home/travis/build/icyphy/ptII/lib/nashorn-core-15.3.jar:/home/travis/build/icyphy/ptII/lib/bsh-2.0b4.jar:/home/travis/build/icyphy/ptII/lib/ptCal.jar:/home/travis/build/icyphy/ptII/lib/java_cup.jar:/home/travis/build/icyphy/ptII/lib/saxon8.jar:/home/travis/build/icyphy/ptII/lib/saxon8-dom.jar:/home/travis/build/icyphy/ptII/lib/chic.jar:/home/travis/build/icyphy/ptII/lib/ptcolt.jar:/home/travis/build/icyphy/ptII/vendors/misc/itext/iText.jar:/home/travis/build/icyphy/ptII/lib/g4ltl.jar:/home/travis/build/icyphy/ptII/lib/StructuralCoder.jar:/home/travis/build/icyphy/ptII/lib/jcerti.jar:/home/travis/build/icyphy/ptII/lib/javax.mail.jar:/home/travis/build/icyphy/ptII/vendors/JMF-2.1.1e/lib/jmf.jar:/home/travis/build/icyphy/ptII/lib/jna-4.0.0-variadic.jar:/home/travis/build/icyphy/ptII/vendors/misc/joystick/Joystick.jar:/home/travis/build/icyphy/ptII/lib/ptjacl.jar:/home/travis/build/icyphy/ptII/lib/jsoup-1.14.2.jar:/home/travis/build/icyphy/ptII/lib/junit-4.8.2.jar:/home/travis/build/icyphy/ptII/lib/JUnitParams-0.4.0.jar:/home/travis/build/icyphy/ptII/ptolemy/actor/lib/excel/jxl.jar:/home/travis/build/icyphy/ptII/lib/jython.jar:/home/travis/build/icyphy/ptII/lib/kieler.jar:/home/travis/build/icyphy/ptII/vendors/opencv/share/OpenCV/java/opencv-341.jar:/home/travis/build/icyphy/ptII/lib/oscP5.jar:/home/travis/build/icyphy/ptII/lib/nrjavaserial-3.11.0.devel.jar:/home/travis/build/icyphy/ptII/vendors/j3d/lib/Linux/j3dcore.jar:/home/travis/build/icyphy/ptII/vendors/j3d/lib/Linux/j3dutils.jar:/home/travis/build/icyphy/ptII/vendors/j3d/lib/Linux/vecmath.jar:/home/travis/build/icyphy/ptII/vendors/jogl/lib/Linux/gluegen-rt-natives-linux-amd64.jar:/home/travis/build/icyphy/ptII/vendors/jogl/lib/Linux/gluegen-rt.jar:/home/travis/build/icyphy/ptII/vendors/jogl/lib/Linux/jogl-all-natives-linux-amd64.jar:/home/travis/build/icyphy/ptII/vendors/jogl/lib/Linux/jogl-all.jar:/home/travis/build/icyphy/ptII/ptolemy/distributed/jini/jar/jini-core.jar:/home/travis/build/icyphy/ptII/ptolemy/distributed/jini/jar/jini-ext.jar:/home/travis/build/icyphy/ptII/ptolemy/distributed/jini/jar/sun-util.jar:/home/travis/build/icyphy/ptII/lib/protobuf-java-2.4.1.jar:/home/travis/build/icyphy/ptII/lib/org.eclipse.paho.client.mqttv3.jar:/home/travis/build/icyphy/ptII/lib/mapss.jar:/home/travis/build/icyphy/ptII/ptolemy/actor/ptalon/antlr/antlr.jar:/home/travis/build/icyphy/ptII/lib/JRI.jar:/home/travis/build/icyphy/ptII/lib/commons-lang-2.6.jar:/home/travis/build/icyphy/ptII/lib/commons-logging-1.1.1.jar:/home/travis/build/icyphy/ptII/lib/sootclasses.jar:/home/travis/build/icyphy/ptII/ptolemy/actor/lib/database/mysql-connector-java-8.0.26.jar:/home/travis/build/icyphy/ptII/vendors/misc/sphinx4/sphinx4-data-5prealpha.jar:/home/travis/build/icyphy/ptII/vendors/misc/sphinx4/sphinx4-core-5prealpha.jar:/home/travis/build/icyphy/ptII/lib/PDFRenderer.jar:/home/travis/build/icyphy/ptII/lib/svgSalamander.jar:/home/travis/build/icyphy/ptII/lib/rsyntaxtextarea-2.6.0-SNAPSHOT.jar:/home/travis/build/icyphy/ptII/lib/hazelcast-3.8.2.jar:/home/travis/build/icyphy/ptII/lib/jackson-annotations-2.9.0.jar:/home/travis/build/icyphy/ptII/lib/jackson-core-2.9.3.jar:/home/travis/build/icyphy/ptII/lib/jackson-databind-2.9.3.jar:/home/travis/build/icyphy/ptII/lib/netty-buffer-4.1.19.Final.jar:/home/travis/build/icyphy/ptII/lib/netty-codec-4.1.19.Final.jar:/home/travis/build/icyphy/ptII/lib/netty-codec-dns-4.1.19.Final.jar:/home/travis/build/icyphy/ptII/lib/netty-codec-http-4.1.19.Final.jar:/home/travis/build/icyphy/ptII/lib/netty-codec-http2-4.1.19.Final.jar:/home/travis/build/icyphy/ptII/lib/netty-common-4.1.19.Final.jar:/home/travis/build/icyphy/ptII/lib/netty-handler-4.1.19.Final.jar:/home/travis/build/icyphy/ptII/lib/netty-resolver-4.1.19.Final.jar:/home/travis/build/icyphy/ptII/lib/netty-resolver-dns-4.1.19.Final.jar:/home/travis/build/icyphy/ptII/lib/netty-transport-4.1.19.Final.jar:/home/travis/build/icyphy/ptII/lib/vertx-codegen-3.5.1.jar:/home/travis/build/icyphy/ptII/lib/vertx-core-3.5.2-SNAPSHOT.jar:/home/travis/build/icyphy/ptII/lib/vertx-hazelcast-3.5.1.jar:/home/travis/build/icyphy/ptII/lib/vertx-lang-js-3.5.1.jar:/home/travis/build/icyphy/ptII/lib/vertx-service-proxy-3.5.1.jar:/home/travis/build/icyphy/ptII/lib/vertx-web-3.5.1.jar:/home/travis/build/icyphy/ptII/lib/slf4j-api-1.7.13.jar:/home/travis/build/icyphy/ptII/lib/slf4j-simple-1.7.13.jar:/home/travis/build/icyphy/ptII/lib/webcam-capture-0.3.12.jar:/home/travis/build/icyphy/ptII/lib/bridj-0.7.0.jar:/home/travis/build/icyphy/ptII/lib/xbjlib-1.1.0.nrjavaserial.jar:/home/travis/build/icyphy/ptII/ptolemy/moml/test:/home/travis/build/icyphy/ptII/ant/lib/ant-launcher.jar:/home/travis/build/icyphy/ptII/ant/lib/ant.jar:/home/travis/build/icyphy/ptII/ant/lib/ant-junit.jar:/home/travis/build/icyphy/ptII/ant/lib/ant-junit4.jar" />
    <property name="ant.library.dir" value="/home/travis/build/icyphy/ptII/ant/lib" />
    <property name="os.arch" value="amd64" />
    <property name="env.CONTINUOUS_INTEGRATION" value="true" />
    <property name="env.TRAVIS_LANGUAGE" value="node_js" />
    <property name="env.TRAVIS_STACK_LANGUAGES" value="__sardonyx__ c c++ clojure cplusplus cpp default generic go groovy java node_js php pure_java python ruby scala" />
    <property name="test.name" value="ptolemy.actor.lib.test.junit.JUnitTclTest" />
    <property name="env.APT_KEY_DONT_WARN_ON_DANGEROUS_USAGE" value="1" />
    <property name="sun.java.launcher" value="SUN_STANDARD" />
    <property name="env.PYTHON_CONFIGURE_OPTS" value="--enable-unicode=ucs4 --with-wide-unicode --enable-shared --enable-ipv6 --enable-loadable-sqlite-extensions --with-computed-gotos" />
    <property name="ant.core.lib" value="/home/travis/build/icyphy/ptII/ant/lib/ant.jar" />
    <property name="java.vm.specification.vendor" value="Oracle Corporation" />
    <property name="env.BCVTB_HOME" value="/home/travis/build/icyphy/ptII/lbnl" />
    <property name="file.separator" value="/" />
    <property name="spotbugs.home" value="/home/travis/build/icyphy/ptII/vendors/spotbugs-3.1.1" />
    <property name="java.runtime.version" value="11.0.2+9" />
    <property name="javafx.verbose" value="true" />
    <property name="env.ANSI_CLEAR" value="\033[0K" />
    <property name="env.HAS_JOSH_K_SEAL_OF_APPROVAL" value="true" />
    <property name="env.XDG_RUNTIME_DIR" value="/run/user/2000" />
    <property name="env.TRAVIS_OSX_IMAGE" value="" />
    <property name="env.TRAVIS_JOB_ID" value="536221700" />
    <property name="env.TRAVIS_BRANCH" value="master" />
    <property name="user.country" value="US" />
    <property name="env.CERTI_HOME_TRAVIS" value="/home/travis/pthla/certi-tools" />
    <property name="env.SHELL" value="/bin/bash" />
    <property name="java.maxmemory.large" value="3200m" />
    <property name="model" value="" />
    <property name="env.CASHER_DIR" value="/home/travis/.casher" />
    <property name="env.NVM_CD_FLAGS" value="" />
    <property name="java.vendor.version" value="18.9" />
    <property name="jshint.executable" value="/home/travis/node_modules/jshint/bin/jshint" />
    <property name="env.JRUBY_OPTS" value=" --client -J-XX:+TieredCompilation -J-XX:TieredStopAtLevel=1 -J-Xss2m -Xcompile.invokedynamic=false" />
    <property name="java.vendor" value="Oracle Corporation" />
    <property name="env.TRAVIS_PRE_CHEF_BOOTSTRAP_TIME" value="2020-06-24T13:13:03" />
    <property name="env.TRAVIS_STACK_JOB_BOARD_REGISTER" value="/.job-board-register.yml" />
    <property name="env.ANSI_RED" value="\033[31;1m" />
    <property name="java.specification.version" value="11" />
    <property name="env.IRBRC" value="/home/travis/.rvm/rubies/ruby-2.5.3/.irbrc" />
    <property name="env.TRAVIS" value="true" />
    <property name="sun.arch.data.model" value="64" />
  </properties>
  <testcase classname="ptolemy.util.test.junit.TclTests" name="[0] /home/travis/build/icyphy/ptII/ptolemy/domains/de/test/DependencyLoop.tcl (RunTclFile)" time="0.944" />
  <testcase classname="ptolemy.util.test.junit.TclTests" name="[1] /home/travis/build/icyphy/ptII/ptolemy/domains/de/test/RunDETestsAsQSS.tcl (RunTclFile)" time="81.632" />
  <testcase classname="ptolemy.util.test.junit.AutoKnownFailedTests" name="[0] /home/travis/build/icyphy/ptII/ptolemy/domains/de/test/auto/knownFailedTests/DESDFClockTest.xml (RunModel)" time="2.05" />
  <testcase classname="ptolemy.util.test.junit.AutoKnownFailedTests" name="[1] /home/travis/build/icyphy/ptII/ptolemy/domains/de/test/auto/knownFailedTests/DirectFeedback.xml (RunModel)" time="0.024" />
  <testcase classname="ptolemy.util.test.junit.AutoKnownFailedTests" name="[2] /home/travis/build/icyphy/ptII/ptolemy/domains/de/test/auto/knownFailedTests/FSMSource.xml (RunModel)" time="0.02" />
  <testcase classname="ptolemy.util.test.junit.AutoKnownFailedTests" name="[3] /home/travis/build/icyphy/ptII/ptolemy/domains/de/test/auto/knownFailedTests/HierarchicalModel.xml (RunModel)" time="0.044" />
  <testcase classname="ptolemy.util.test.junit.AutoKnownFailedTests" name="[4] /home/travis/build/icyphy/ptII/ptolemy/domains/de/test/auto/knownFailedTests/dependencyLoop.xml (RunModel)" time="0.043" />
  <testcase classname="ptolemy.util.test.junit.AutoKnownFailedTests" name="[5] /home/travis/build/icyphy/ptII/ptolemy/domains/de/test/auto/knownFailedTests/dependencyLoop2.xml (RunModel)" time="0.044" />
  <testcase classname="ptolemy.util.test.junit.AutoNameArchTests" name="[0] ThereAreNoAutoArchTests (RunModel)" time="0.004" />
  <testcase classname="ptolemy.util.test.junit.AutoTests" name="[0] /home/travis/build/icyphy/ptII/ptolemy/domains/de/test/auto/ActorDepthCalculation_actorWithoutPorts.xml (RunModel)" time="0.018" />
  <testcase classname="ptolemy.util.test.junit.AutoTests" name="[1] /home/travis/build/icyphy/ptII/ptolemy/domains/de/test/auto/AssemblyLine.xml (RunModel)" time="0.024" />
  <testcase classname="ptolemy.util.test.junit.AutoTests" name="[2] /home/travis/build/icyphy/ptII/ptolemy/domains/de/test/auto/CQBug1.xml (RunModel)" time="0.01" />
  <testcase classname="ptolemy.util.test.junit.AutoTests" name="[3] /home/travis/build/icyphy/ptII/ptolemy/domains/de/test/auto/CancelFireAt.xml (RunModel)" time="0.01" />
  <testcase classname="ptolemy.util.test.junit.AutoTests" name="[4] /home/travis/build/icyphy/ptII/ptolemy/domains/de/test/auto/CausalityAndComposabilityAnalysis.xml (RunModel)" time="0.015" />
  <testcase classname="ptolemy.util.test.junit.AutoTests" name="[5] /home/travis/build/icyphy/ptII/ptolemy/domains/de/test/auto/CausalityInterface1.xml (RunModel)" time="0.022" />
  <testcase classname="ptolemy.util.test.junit.AutoTests" name="[6] /home/travis/build/icyphy/ptII/ptolemy/domains/de/test/auto/CausalityInterface15.xml (RunModel)" time="0.014" />
  <testcase classname="ptolemy.util.test.junit.AutoTests" name="[7] /home/travis/build/icyphy/ptII/ptolemy/domains/de/test/auto/CausalityInterface2.xml (RunModel)" time="0.012" />
  <testcase classname="ptolemy.util.test.junit.AutoTests" name="[8] /home/travis/build/icyphy/ptII/ptolemy/domains/de/test/auto/CausalityInterface3.xml (RunModel)" time="0.011" />
  <testcase classname="ptolemy.util.test.junit.AutoTests" name="[9] /home/travis/build/icyphy/ptII/ptolemy/domains/de/test/auto/ClockDrift.xml (RunModel)" time="0.037" />
  <testcase classname="ptolemy.util.test.junit.AutoTests" name="[10] /home/travis/build/icyphy/ptII/ptolemy/domains/de/test/auto/ClockDriftAndValueChange.xml (RunModel)" time="0.032" />
  <testcase classname="ptolemy.util.test.junit.AutoTests" name="[11] /home/travis/build/icyphy/ptII/ptolemy/domains/de/test/auto/ClockDriftChange.xml (RunModel)" time="0.031" />
  <testcase classname="ptolemy.util.test.junit.AutoTests" name="[12] /home/travis/build/icyphy/ptII/ptolemy/domains/de/test/auto/ComposableCausalityAnalysis.xml (RunModel)" time="0.017" />
  <testcase classname="ptolemy.util.test.junit.AutoTests" name="[13] /home/travis/build/icyphy/ptII/ptolemy/domains/de/test/auto/DEFixedPointLimitation.xml (RunModel)" time="0.012" />
  <testcase classname="ptolemy.util.test.junit.AutoTests" name="[14] /home/travis/build/icyphy/ptII/ptolemy/domains/de/test/auto/DEScheduleTest.xml (RunModel)" time="0.013" />
  <testcase classname="ptolemy.util.test.junit.AutoTests" name="[15] /home/travis/build/icyphy/ptII/ptolemy/domains/de/test/auto/DEinDEwithStartTimes.xml (RunModel)" time="0.014" />
  <testcase classname="ptolemy.util.test.junit.AutoTests" name="[16] /home/travis/build/icyphy/ptII/ptolemy/domains/de/test/auto/DEinDEwithStartTimes2.xml (RunModel)" time="0.016" />
  <testcase classname="ptolemy.util.test.junit.AutoTests" name="[17] /home/travis/build/icyphy/ptII/ptolemy/domains/de/test/auto/DateDemo.xml (RunModel)" time="0.029" />
  <testcase classname="ptolemy.util.test.junit.AutoTests" name="[18] /home/travis/build/icyphy/ptII/ptolemy/domains/de/test/auto/DateToEvent.xml (RunModel)" time="2.04" />
  <testcase classname="ptolemy.util.test.junit.AutoTests" name="[19] /home/travis/build/icyphy/ptII/ptolemy/domains/de/test/auto/DepthTest1.xml (RunModel)" time="0.01" />
  <testcase classname="ptolemy.util.test.junit.AutoTests" name="[20] /home/travis/build/icyphy/ptII/ptolemy/domains/de/test/auto/DepthTest2.xml (RunModel)" time="0.019" />
  <testcase classname="ptolemy.util.test.junit.AutoTests" name="[21] /home/travis/build/icyphy/ptII/ptolemy/domains/de/test/auto/DepthTest3.xml (RunModel)" time="0.008" />
  <testcase classname="ptolemy.util.test.junit.AutoTests" name="[22] /home/travis/build/icyphy/ptII/ptolemy/domains/de/test/auto/DepthTest4.xml (RunModel)" time="0.029" />
  <testcase classname="ptolemy.util.test.junit.AutoTests" name="[23] /home/travis/build/icyphy/ptII/ptolemy/domains/de/test/auto/DepthTest5.xml (RunModel)" time="0.019" />
  <testcase classname="ptolemy.util.test.junit.AutoTests" name="[24] /home/travis/build/icyphy/ptII/ptolemy/domains/de/test/auto/DepthTest6.xml (RunModel)" time="0.012" />
  <testcase classname="ptolemy.util.test.junit.AutoTests" name="[25] /home/travis/build/icyphy/ptII/ptolemy/domains/de/test/auto/DepthTest7.xml (RunModel)" time="0.011" />
  <testcase classname="ptolemy.util.test.junit.AutoTests" name="[26] /home/travis/build/icyphy/ptII/ptolemy/domains/de/test/auto/EventToDate.xml (RunModel)" time="3.056" />
  <testcase classname="ptolemy.util.test.junit.AutoTests" name="[27] /home/travis/build/icyphy/ptII/ptolemy/domains/de/test/auto/FSM1.xml (RunModel)" time="0.034" />
  <testcase classname="ptolemy.util.test.junit.AutoTests" name="[28] /home/travis/build/icyphy/ptII/ptolemy/domains/de/test/auto/FSM7.xml (RunModel)" time="0.03" />
  <testcase classname="ptolemy.util.test.junit.AutoTests" name="[29] /home/travis/build/icyphy/ptII/ptolemy/domains/de/test/auto/Inspection.xml (RunModel)" time="0.037" />
  <testcase classname="ptolemy.util.test.junit.AutoTests" name="[30] /home/travis/build/icyphy/ptII/ptolemy/domains/de/test/auto/Iteration.xml (RunModel)" time="0.024" />
  <testcase classname="ptolemy.util.test.junit.AutoTests" name="[31] /home/travis/build/icyphy/ptII/ptolemy/domains/de/test/auto/LineFault.xml (RunModel)" time="0.544" />
  <testcase classname="ptolemy.util.test.junit.AutoTests" name="[32] /home/travis/build/icyphy/ptII/ptolemy/domains/de/test/auto/MergeModel1Add.xml (RunModel)" time="0.05" />
  <testcase classname="ptolemy.util.test.junit.AutoTests" name="[33] /home/travis/build/icyphy/ptII/ptolemy/domains/de/test/auto/MergeModel2Add.xml (RunModel)" time="0.033" />
  <testcase classname="ptolemy.util.test.junit.AutoTests" name="[34] /home/travis/build/icyphy/ptII/ptolemy/domains/de/test/auto/MergeModel3Add.xml (RunModel)" time="0.038" />
  <testcase classname="ptolemy.util.test.junit.AutoTests" name="[35] /home/travis/build/icyphy/ptII/ptolemy/domains/de/test/auto/MergeWithoutDiscard.xml (RunModel)" time="0.009" />
  <testcase classname="ptolemy.util.test.junit.AutoTests" name="[36] /home/travis/build/icyphy/ptII/ptolemy/domains/de/test/auto/Modal1.xml (RunModel)" time="0.028" />
  <testcase classname="ptolemy.util.test.junit.AutoTests" name="[37] /home/travis/build/icyphy/ptII/ptolemy/domains/de/test/auto/Modal2.xml (RunModel)" time="0.027" />
  <testcase classname="ptolemy.util.test.junit.AutoTests" name="[38] /home/travis/build/icyphy/ptII/ptolemy/domains/de/test/auto/Modal3.xml (RunModel)" time="0.028" />
  <testcase classname="ptolemy.util.test.junit.AutoTests" name="[39] /home/travis/build/icyphy/ptII/ptolemy/domains/de/test/auto/Modal4.xml (RunModel)" time="0.025" />
  <testcase classname="ptolemy.util.test.junit.AutoTests" name="[40] /home/travis/build/icyphy/ptII/ptolemy/domains/de/test/auto/Modal5.xml (RunModel)" time="0.029" />
  <testcase classname="ptolemy.util.test.junit.AutoTests" name="[41] /home/travis/build/icyphy/ptII/ptolemy/domains/de/test/auto/Modal6.xml (RunModel)" time="0.023" />
  <testcase classname="ptolemy.util.test.junit.AutoTests" name="[42] /home/travis/build/icyphy/ptII/ptolemy/domains/de/test/auto/Modal7.xml (RunModel)" time="0.024" />
  <testcase classname="ptolemy.util.test.junit.AutoTests" name="[43] /home/travis/build/icyphy/ptII/ptolemy/domains/de/test/auto/ModalModel.xml (RunModel)" time="0.144" />
  <testcase classname="ptolemy.util.test.junit.AutoTests" name="[44] /home/travis/build/icyphy/ptII/ptolemy/domains/de/test/auto/ModalSource.xml (RunModel)" time="0.018" />
  <testcase classname="ptolemy.util.test.junit.AutoTests" name="[45] /home/travis/build/icyphy/ptII/ptolemy/domains/de/test/auto/NonInterruptibleTimerZeroDelay.xml (RunModel)" time="0.012" />
  <testcase classname="ptolemy.util.test.junit.AutoTests" name="[46] /home/travis/build/icyphy/ptII/ptolemy/domains/de/test/auto/OpenQueueingNetwork.xml (RunModel)" time="2.53" />
  <testcase classname="ptolemy.util.test.junit.AutoTests" name="[47] /home/travis/build/icyphy/ptII/ptolemy/domains/de/test/auto/OpenQueuingNetwork.xml (RunModel)" time="0.283" />
  <testcase classname="ptolemy.util.test.junit.AutoTests" name="[48] /home/travis/build/icyphy/ptII/ptolemy/domains/de/test/auto/PeriodicSampler.xml (RunModel)" time="0.007" />
  <testcase classname="ptolemy.util.test.junit.AutoTests" name="[49] /home/travis/build/icyphy/ptII/ptolemy/domains/de/test/auto/PersistentIO.xml (RunModel)" time="0.018" />
  <testcase classname="ptolemy.util.test.junit.AutoTests" name="[50] /home/travis/build/icyphy/ptII/ptolemy/domains/de/test/auto/PortParameterResetOnInitialize.xml (RunModel)" time="0.007" />
  <testcase classname="ptolemy.util.test.junit.AutoTests" name="[51] /home/travis/build/icyphy/ptII/ptolemy/domains/de/test/auto/PortParameterUpdates.xml (RunModel)" time="0.01" />
  <testcase classname="ptolemy.util.test.junit.AutoTests" name="[52] /home/travis/build/icyphy/ptII/ptolemy/domains/de/test/auto/QueueAndServer.xml (RunModel)" time="0.019" />
  <testcase classname="ptolemy.util.test.junit.AutoTests" name="[53] /home/travis/build/icyphy/ptII/ptolemy/domains/de/test/auto/Records.xml (RunModel)" time="0.013" />
  <testcase classname="ptolemy.util.test.junit.AutoTests" name="[54] /home/travis/build/icyphy/ptII/ptolemy/domains/de/test/auto/ResetTransitionWithStartTime1.xml (RunModel)" time="0.014" />
  <testcase classname="ptolemy.util.test.junit.AutoTests" name="[55] /home/travis/build/icyphy/ptII/ptolemy/domains/de/test/auto/ResetTransitionWithStartTime2.xml (RunModel)" time="0.017" />
  <testcase classname="ptolemy.util.test.junit.AutoTests" name="[56] /home/travis/build/icyphy/ptII/ptolemy/domains/de/test/auto/ResetTransitionWithStartTime3.xml (RunModel)" time="0.014" />
  <testcase classname="ptolemy.util.test.junit.AutoTests" name="[57] /home/travis/build/icyphy/ptII/ptolemy/domains/de/test/auto/ResetTransitionWithStartTime4.xml (RunModel)" time="0.017" />
  <testcase classname="ptolemy.util.test.junit.AutoTests" name="[58] /home/travis/build/icyphy/ptII/ptolemy/domains/de/test/auto/ResettableTimer1.xml (RunModel)" time="0.008" />
  <testcase classname="ptolemy.util.test.junit.AutoTests" name="[59] /home/travis/build/icyphy/ptII/ptolemy/domains/de/test/auto/ResettableTimer2.xml (RunModel)" time="0.008" />
  <testcase classname="ptolemy.util.test.junit.AutoTests" name="[60] /home/travis/build/icyphy/ptII/ptolemy/domains/de/test/auto/ResettableTimer3.xml (RunModel)" time="0.008" />
  <testcase classname="ptolemy.util.test.junit.AutoTests" name="[61] /home/travis/build/icyphy/ptII/ptolemy/domains/de/test/auto/ResettableTimer4.xml (RunModel)" time="0.008" />
  <testcase classname="ptolemy.util.test.junit.AutoTests" name="[62] /home/travis/build/icyphy/ptII/ptolemy/domains/de/test/auto/ResettableTimer5.xml (RunModel)" time="0.008" />
  <testcase classname="ptolemy.util.test.junit.AutoTests" name="[63] /home/travis/build/icyphy/ptII/ptolemy/domains/de/test/auto/ResettableTimer6.xml (RunModel)" time="0.015" />
  <testcase classname="ptolemy.util.test.junit.AutoTests" name="[64] /home/travis/build/icyphy/ptII/ptolemy/domains/de/test/auto/ServerZeroDelay.xml (RunModel)" time="0.007" />
  <testcase classname="ptolemy.util.test.junit.AutoTests" name="[65] /home/travis/build/icyphy/ptII/ptolemy/domains/de/test/auto/SmartSender.xml (RunModel)" time="3.006" />
  <testcase classname="ptolemy.util.test.junit.AutoTests" name="[66] /home/travis/build/icyphy/ptII/ptolemy/domains/de/test/auto/ThreadedComposite.xml (RunModel)" time="0.117" />
  <testcase classname="ptolemy.util.test.junit.AutoTests" name="[67] /home/travis/build/icyphy/ptII/ptolemy/domains/de/test/auto/Time.xml (RunModel)" time="0.367" />
  <testcase classname="ptolemy.util.test.junit.AutoTests" name="[68] /home/travis/build/icyphy/ptII/ptolemy/domains/de/test/auto/TimeDelayZeroDelay.xml (RunModel)" time="0.009" />
  <testcase classname="ptolemy.util.test.junit.AutoTests" name="[69] /home/travis/build/icyphy/ptII/ptolemy/domains/de/test/auto/TimerZeroDelay.xml (RunModel)" time="0.008" />
  <testcase classname="ptolemy.util.test.junit.AutoTests" name="[70] /home/travis/build/icyphy/ptII/ptolemy/domains/de/test/auto/TimingParadox.xml (RunModel)" time="0.265" />
  <testcase classname="ptolemy.util.test.junit.AutoTests" name="[71] /home/travis/build/icyphy/ptII/ptolemy/domains/de/test/auto/TransferInputs.xml (RunModel)" time="0.008" />
  <testcase classname="ptolemy.util.test.junit.AutoTests" name="[72] /home/travis/build/icyphy/ptII/ptolemy/domains/de/test/auto/TransferOutputs2.xml (RunModel)" time="0.012" />
  <testcase classname="ptolemy.util.test.junit.AutoTests" name="[73] /home/travis/build/icyphy/ptII/ptolemy/domains/de/test/auto/Trilateration.xml (RunModel)" time="10.788" />
  <testcase classname="ptolemy.util.test.junit.AutoTests" name="[74] /home/travis/build/icyphy/ptII/ptolemy/domains/de/test/auto/TwoSigmaDelta.xml (RunModel)" time="1.786" />
  <testcase classname="ptolemy.util.test.junit.AutoTests" name="[75] /home/travis/build/icyphy/ptII/ptolemy/domains/de/test/auto/VariableDelay.xml (RunModel)" time="0.016" />
  <testcase classname="ptolemy.util.test.junit.AutoTests" name="[76] /home/travis/build/icyphy/ptII/ptolemy/domains/de/test/auto/VariableDelay2.xml (RunModel)" time="0.013" />
  <testcase classname="ptolemy.util.test.junit.AutoTests" name="[77] /home/travis/build/icyphy/ptII/ptolemy/domains/de/test/auto/VariableDelayZeroDelay.xml (RunModel)" time="0.017" />
  <testcase classname="ptolemy.util.test.junit.AutoTests" name="[78] /home/travis/build/icyphy/ptII/ptolemy/domains/de/test/auto/VariableDelayZeroDelay2.xml (RunModel)" time="0.008" />
  <testcase classname="ptolemy.util.test.junit.AutoTests" name="[79] /home/travis/build/icyphy/ptII/ptolemy/domains/de/test/auto/deInCt.xml (RunModel)" time="0.015" />
  <testcase classname="ptolemy.util.test.junit.AutoTests" name="[80] /home/travis/build/icyphy/ptII/ptolemy/domains/de/test/auto/deInCt2.xml (RunModel)" time="0.014" />
  <testcase classname="ptolemy.util.test.junit.AutoTests" name="[81] /home/travis/build/icyphy/ptII/ptolemy/domains/de/test/auto/dynamicCausalityInterface1.xml (RunModel)" time="0.016" />
  <testcase classname="ptolemy.util.test.junit.AutoTests" name="[82] /home/travis/build/icyphy/ptII/ptolemy/domains/de/test/auto/fsm_de_test.xml (RunModel)" time="0.032" />
  <testcase classname="ptolemy.util.test.junit.AutoTests" name="[83] /home/travis/build/icyphy/ptII/ptolemy/domains/de/test/auto/functionDependencyReconstruction.xml (RunModel)" time="0.028" />
  <testcase classname="ptolemy.util.test.junit.AutoTests" name="[84] /home/travis/build/icyphy/ptII/ptolemy/domains/de/test/auto/multirate.xml (RunModel)" time="0.016" />
  <testcase classname="ptolemy.util.test.junit.AutoTests" name="[85] /home/travis/build/icyphy/ptII/ptolemy/domains/de/test/auto/multirate2.xml (RunModel)" time="0.021" />
  <testcase classname="ptolemy.util.test.junit.AutoTests" name="[86] /home/travis/build/icyphy/ptII/ptolemy/domains/de/test/auto/realtime.xml (RunModel)" time="10.01" />
  <testcase classname="ptolemy.util.test.junit.AutoTests" name="[87] /home/travis/build/icyphy/ptII/ptolemy/domains/de/test/auto/relationGroup.xml (RunModel)" time="0.007" />
  <testcase classname="ptolemy.util.test.junit.AutoTests" name="[88] /home/travis/build/icyphy/ptII/ptolemy/domains/de/test/auto/relationGroup2.xml (RunModel)" time="0.005" />
  <testcase classname="ptolemy.util.test.junit.AutoTests" name="[89] /home/travis/build/icyphy/ptII/ptolemy/domains/de/test/auto/sortWithOpaquePorts.xml (RunModel)" time="0.011" />
  <testcase classname="ptolemy.util.test.junit.AutoTests" name="[90] /home/travis/build/icyphy/ptII/ptolemy/domains/de/test/auto/transferInputsandOutputs.xml (RunModel)" time="0.015" />
  <testcase classname="ptolemy.util.test.junit.AutoTests" name="[91] /home/travis/build/icyphy/ptII/ptolemy/domains/de/test/auto/triggerType.xml (RunModel)" time="0.01" />
  <system-out><![CDATA[/home/travis/build/icyphy/ptII/ptolemy/domains/de/test/DependencyLoop.tcl
testDefs.tcl: setting time out to 9000 seconds at Wed Sep 08 18:56:07 UTC 2021
75 ms. Memory: 129024K Free: 77687K (60%)
23 ms. Memory: 129024K Free: 60775K (47%)
/home/travis/build/icyphy/ptII/ptolemy/domains/de/test/RunDETestsAsQSS.tcl
Run the DE tests using ptolemy.domains.qss.test.QSSDirectorTest, which extends QSSDirector and prints a message in the constructors.
------------------ testing $PTII/ptolemy/domains/de/test/auto/knownFailedTests/DirectFeedback.xml (Known Failure) 
59 ms. Memory: 129024K Free: 54645K (42%)


==== $PTIIhome/travis/build/icyphy/ptII/ptolemy/domains/de/test/../../../../: Auto Automatic test in file $PTII/ptolemy/domains/de/test/auto/knownFailedTests/DirectFeedback.xml
==== Contents of test case:

	    # FIXME: we should use $relativeFilename here, but it
	    # might have backslashes under Windows, which causes no end
	    # of trouble.
	    createAndExecute $file
	    list {}
	
.... Test generated KNOWN error:
    while executing
ptolemy.kernel.util.IllegalActionException: Test fails in iteration 1.
Value was: 1.0. Should have been: 2.0
  in .DirectFeedback.Test
	at ptolemy.actor.lib.Test.fire(Test.java:268)
	at ptolemy.domains.de.kernel.DEDirector._fire(DEDirector.java:1949)
	at ptolemy.domains.de.kernel.DEDirector.fire(DEDirector.java:502)
	at ptolemy.actor.CompositeActor.fire(CompositeActor.java:455)
	at ptolemy.actor.Manager.iterate(Manager.java:851)
	at ptolemy.actor.Manager.execute(Manager.java:369)
	at ptolemy.actor.Manager.run(Manager.java:1263)
	at ptolemy.actor.Manager$PtolemyRunThread.run(Manager.java:1933)

    while executing
ptolemy.kernel.util.IllegalActionException: Test fails in iteration 1.
Value was: 1.0. Should have been: 2.0
  in .DirectFeedback.Test
    while executing
"java::new ptolemy.moml.MoMLSimpleApplication $file
"
    (procedure "createAndExecute" line 2)
    invoked from within
"createAndExecute $file"
    ("uplevel" body line 5)
    invoked from within
"uplevel $contents_of_test"
------------------ testing $PTII/ptolemy/domains/de/test/auto/knownFailedTests/dependencyLoop.xml (Known Failure) 
22 ms. Memory: 129024K Free: 51573K (40%)


==== $PTIIhome/travis/build/icyphy/ptII/ptolemy/domains/de/test/../../../../: Auto Automatic test in file $PTII/ptolemy/domains/de/test/auto/knownFailedTests/dependencyLoop.xml
==== Contents of test case:

	    # FIXME: we should use $relativeFilename here, but it
	    # might have backslashes under Windows, which causes no end
	    # of trouble.
	    createAndExecute $file
	    list {}
	
.... Test generated KNOWN error:
    while executing
ptolemy.kernel.util.IllegalActionException: Found a zero delay loop containing .dependencyLoop.original
  in .dependencyLoop and .dependencyLoop.original
	at ptolemy.actor.util.CausalityInterfaceForComposites._computeOutputPortDepth(CausalityInterfaceForComposites.java:759)
	at ptolemy.actor.util.CausalityInterfaceForComposites._computeInputDepth(CausalityInterfaceForComposites.java:696)
	at ptolemy.actor.util.CausalityInterfaceForComposites._computeOutputPortDepth(CausalityInterfaceForComposites.java:765)
	at ptolemy.actor.util.CausalityInterfaceForComposites._computeInputDepth(CausalityInterfaceForComposites.java:696)
	at ptolemy.actor.util.CausalityInterfaceForComposites._computeOutputPortDepth(CausalityInterfaceForComposites.java:765)
	at ptolemy.actor.util.CausalityInterfaceForComposites._computeInputDepth(CausalityInterfaceForComposites.java:696)
	at ptolemy.actor.util.CausalityInterfaceForComposites._computeActorDepth(CausalityInterfaceForComposites.java:532)
	at ptolemy.actor.util.CausalityInterfaceForComposites.checkForCycles(CausalityInterfaceForComposites.java:96)
	at ptolemy.domains.de.kernel.DEDirector.preinitialize(DEDirector.java:1338)
	at ptolemy.actor.CompositeActor.preinitialize(CompositeActor.java:1828)
	at ptolemy.actor.Manager.preinitializeAndResolveTypes(Manager.java:1040)
	at ptolemy.actor.Manager.initialize(Manager.java:710)
	at ptolemy.actor.Manager.execute(Manager.java:356)
	at ptolemy.actor.Manager.run(Manager.java:1263)
	at ptolemy.actor.Manager$PtolemyRunThread.run(Manager.java:1933)

    while executing
ptolemy.kernel.util.IllegalActionException: Found a zero delay loop containing .dependencyLoop.original
  in .dependencyLoop and .dependencyLoop.original
    while executing
"java::new ptolemy.moml.MoMLSimpleApplication $file
"
    (procedure "createAndExecute" line 2)
    invoked from within
"createAndExecute $file"
    ("uplevel" body line 5)
    invoked from within
"uplevel $contents_of_test"
------------------ testing $PTII/ptolemy/domains/de/test/auto/knownFailedTests/FSMSource.xml (Known Failure) 
36 ms. Memory: 129024K Free: 109382K (85%)
!!!! Auto was marked as failing, but now passes
------------------ testing $PTII/ptolemy/domains/de/test/auto/knownFailedTests/HierarchicalModel.xml (Known Failure) 
5 ms. Memory: 129024K Free: 92004K (71%)


==== $PTIIhome/travis/build/icyphy/ptII/ptolemy/domains/de/test/../../../../: Auto Automatic test in file $PTII/ptolemy/domains/de/test/auto/knownFailedTests/HierarchicalModel.xml
==== Contents of test case:

	    # FIXME: we should use $relativeFilename here, but it
	    # might have backslashes under Windows, which causes no end
	    # of trouble.
	    createAndExecute $file
	    list {}
	
.... Test generated KNOWN error:
    while executing
ptolemy.kernel.util.IllegalActionException: Found a zero delay loop containing .HierarchicalModel.A
  in .HierarchicalModel and .HierarchicalModel.A
	at ptolemy.actor.util.CausalityInterfaceForComposites._computeOutputPortDepth(CausalityInterfaceForComposites.java:759)
	at ptolemy.actor.util.CausalityInterfaceForComposites._computeInputDepth(CausalityInterfaceForComposites.java:696)
	at ptolemy.actor.util.CausalityInterfaceForComposites._computeOutputPortDepth(CausalityInterfaceForComposites.java:765)
	at ptolemy.actor.util.CausalityInterfaceForComposites._computeInputDepth(CausalityInterfaceForComposites.java:696)
	at ptolemy.actor.util.CausalityInterfaceForComposites._computeOutputPortDepth(CausalityInterfaceForComposites.java:765)
	at ptolemy.actor.util.CausalityInterfaceForComposites._computeInputDepth(CausalityInterfaceForComposites.java:696)
	at ptolemy.actor.util.CausalityInterfaceForComposites._computeActorDepth(CausalityInterfaceForComposites.java:532)
	at ptolemy.actor.util.CausalityInterfaceForComposites.checkForCycles(CausalityInterfaceForComposites.java:96)
	at ptolemy.domains.de.kernel.DEDirector.preinitialize(DEDirector.java:1338)
	at ptolemy.actor.CompositeActor.preinitialize(CompositeActor.java:1828)
	at ptolemy.actor.Manager.preinitializeAndResolveTypes(Manager.java:1040)
	at ptolemy.actor.Manager.initialize(Manager.java:710)
	at ptolemy.actor.Manager.execute(Manager.java:356)
	at ptolemy.actor.Manager.run(Manager.java:1263)
	at ptolemy.actor.Manager$PtolemyRunThread.run(Manager.java:1933)

    while executing
ptolemy.kernel.util.IllegalActionException: Found a zero delay loop containing .HierarchicalModel.A
  in .HierarchicalModel and .HierarchicalModel.A
    while executing
"java::new ptolemy.moml.MoMLSimpleApplication $file
"
    (procedure "createAndExecute" line 2)
    invoked from within
"createAndExecute $file"
    ("uplevel" body line 5)
    invoked from within
"uplevel $contents_of_test"
------------------ testing $PTII/ptolemy/domains/de/test/auto/knownFailedTests/dependencyLoop2.xml (Known Failure) 
4 ms. Memory: 129024K Free: 76089K (59%)


==== $PTIIhome/travis/build/icyphy/ptII/ptolemy/domains/de/test/../../../../: Auto Automatic test in file $PTII/ptolemy/domains/de/test/auto/knownFailedTests/dependencyLoop2.xml
==== Contents of test case:

	    # FIXME: we should use $relativeFilename here, but it
	    # might have backslashes under Windows, which causes no end
	    # of trouble.
	    createAndExecute $file
	    list {}
	
.... Test generated KNOWN error:
    while executing
ptolemy.kernel.util.IllegalActionException: Found a zero delay loop containing .dependencyLoop2.original
  in .dependencyLoop2 and .dependencyLoop2.original
	at ptolemy.actor.util.CausalityInterfaceForComposites._computeOutputPortDepth(CausalityInterfaceForComposites.java:759)
	at ptolemy.actor.util.CausalityInterfaceForComposites._computeInputDepth(CausalityInterfaceForComposites.java:696)
	at ptolemy.actor.util.CausalityInterfaceForComposites._computeOutputPortDepth(CausalityInterfaceForComposites.java:765)
	at ptolemy.actor.util.CausalityInterfaceForComposites._computeInputDepth(CausalityInterfaceForComposites.java:696)
	at ptolemy.actor.util.CausalityInterfaceForComposites._computeOutputPortDepth(CausalityInterfaceForComposites.java:765)
	at ptolemy.actor.util.CausalityInterfaceForComposites._computeInputDepth(CausalityInterfaceForComposites.java:696)
	at ptolemy.actor.util.CausalityInterfaceForComposites._computeActorDepth(CausalityInterfaceForComposites.java:532)
	at ptolemy.actor.util.CausalityInterfaceForComposites.checkForCycles(CausalityInterfaceForComposites.java:96)
	at ptolemy.domains.de.kernel.DEDirector.preinitialize(DEDirector.java:1338)
	at ptolemy.actor.CompositeActor.preinitialize(CompositeActor.java:1828)
	at ptolemy.actor.Manager.preinitializeAndResolveTypes(Manager.java:1040)
	at ptolemy.actor.Manager.initialize(Manager.java:710)
	at ptolemy.actor.Manager.execute(Manager.java:356)
	at ptolemy.actor.Manager.run(Manager.java:1263)
	at ptolemy.actor.Manager$PtolemyRunThread.run(Manager.java:1933)

    while executing
ptolemy.kernel.util.IllegalActionException: Found a zero delay loop containing .dependencyLoop2.original
  in .dependencyLoop2 and .dependencyLoop2.original
    while executing
"java::new ptolemy.moml.MoMLSimpleApplication $file
"
    (procedure "createAndExecute" line 2)
    invoked from within
"createAndExecute $file"
    ("uplevel" body line 5)
    invoked from within
"uplevel $contents_of_test"
------------------ testing $PTII/ptolemy/domains/de/test/auto/knownFailedTests/DESDFClockTest.xml (Known Failure) 
2045 ms. Memory: 129024K Free: 108357K (84%)


==== $PTIIhome/travis/build/icyphy/ptII/ptolemy/domains/de/test/../../../../: Auto Automatic test in file $PTII/ptolemy/domains/de/test/auto/knownFailedTests/DESDFClockTest.xml
==== Contents of test case:

	    # FIXME: we should use $relativeFilename here, but it
	    # might have backslashes under Windows, which causes no end
	    # of trouble.
	    createAndExecute $file
	    list {}
	
.... Test generated KNOWN error:
    while executing
ptolemy.kernel.util.IllegalActionException: Actor is not ready to fire.  Perhaps UpSample.prefire() returned false? Try debugging the actor by selecting "Listen to Actor".  Also, for SDF check moml for tokenConsumptionRate on input.
  in .DESDFClockTest.Play Bell.Copy1:SDF Director and .DESDFClockTest.Play Bell.UpSample
	at ptolemy.actor.sched.StaticSchedulingDirector.fire(StaticSchedulingDirector.java:227)
	at ptolemy.domains.sdf.kernel.SDFDirector.fire(SDFDirector.java:500)
	at ptolemy.actor.CompositeActor.fire(CompositeActor.java:455)
	at ptolemy.domains.de.kernel.DEDirector._fire(DEDirector.java:1949)
	at ptolemy.domains.de.kernel.DEDirector.fire(DEDirector.java:502)
	at ptolemy.actor.CompositeActor.fire(CompositeActor.java:455)
	at ptolemy.actor.Manager.iterate(Manager.java:851)
	at ptolemy.actor.Manager.execute(Manager.java:369)
	at ptolemy.actor.Manager.run(Manager.java:1263)
	at ptolemy.actor.Manager$PtolemyRunThread.run(Manager.java:1933)

    while executing
ptolemy.kernel.util.IllegalActionException: Actor is not ready to fire.  Perhaps UpSample.prefire() returned false? Try debugging the actor by selecting "Listen to Actor".  Also, for SDF check moml for tokenConsumptionRate on input.
  in .DESDFClockTest.Play Bell.Copy1:SDF Director and .DESDFClockTest.Play Bell.UpSample
    while executing
"java::new ptolemy.moml.MoMLSimpleApplication $file
"
    (procedure "createAndExecute" line 2)
    invoked from within
"createAndExecute $file"
    ("uplevel" body line 5)
    invoked from within
"uplevel $contents_of_test"
------------------ testing $PTII/ptolemy/domains/de/test/auto/ActorDepthCalculation_actorWithoutPorts.xml
auto.tcl: Setting watchdog for 200 seconds at Wed Sep 08 18:56:11 UTC 2021
4 ms. Memory: 129024K Free: 101175K (78%)
ptolemy.util.test.WatchDog.cancel(): canceling Wed Sep 08 18:56:11 UTC 2021
auto.tcl: Setting watchdog for 200 seconds at Wed Sep 08 18:56:11 UTC 2021
4 ms. Memory: 129024K Free: 99655K (77%)
ptolemy.util.test.WatchDog.cancel(): canceling Wed Sep 08 18:56:11 UTC 2021
------------------ testing $PTII/ptolemy/domains/de/test/auto/AssemblyLine.xml
auto.tcl: Setting watchdog for 200 seconds at Wed Sep 08 18:56:11 UTC 2021
8 ms. Memory: 51200K Free: 27637K (54%)
ptolemy.util.test.WatchDog.cancel(): canceling Wed Sep 08 18:56:11 UTC 2021
auto.tcl: Setting watchdog for 200 seconds at Wed Sep 08 18:56:11 UTC 2021
6 ms. Memory: 51200K Free: 27011K (53%)
ptolemy.util.test.WatchDog.cancel(): canceling Wed Sep 08 18:56:11 UTC 2021
------------------ testing $PTII/ptolemy/domains/de/test/auto/CQBug1.xml
auto.tcl: Setting watchdog for 200 seconds at Wed Sep 08 18:56:11 UTC 2021
3 ms. Memory: 51200K Free: 32999K (64%)
ptolemy.util.test.WatchDog.cancel(): canceling Wed Sep 08 18:56:11 UTC 2021
auto.tcl: Setting watchdog for 200 seconds at Wed Sep 08 18:56:11 UTC 2021
2 ms. Memory: 51200K Free: 32546K (64%)
ptolemy.util.test.WatchDog.cancel(): canceling Wed Sep 08 18:56:11 UTC 2021
------------------ testing $PTII/ptolemy/domains/de/test/auto/CancelFireAt.xml
auto.tcl: Setting watchdog for 200 seconds at Wed Sep 08 18:56:11 UTC 2021
3 ms. Memory: 51200K Free: 34059K (67%)
ptolemy.util.test.WatchDog.cancel(): canceling Wed Sep 08 18:56:11 UTC 2021
auto.tcl: Setting watchdog for 200 seconds at Wed Sep 08 18:56:11 UTC 2021
1 ms. Memory: 51200K Free: 33604K (66%)
ptolemy.util.test.WatchDog.cancel(): canceling Wed Sep 08 18:56:11 UTC 2021
------------------ testing $PTII/ptolemy/domains/de/test/auto/CausalityAndComposabilityAnalysis.xml
auto.tcl: Setting watchdog for 200 seconds at Wed Sep 08 18:56:11 UTC 2021
9 ms. Memory: 51200K Free: 31992K (62%)
ptolemy.util.test.WatchDog.cancel(): canceling Wed Sep 08 18:56:11 UTC 2021
auto.tcl: Setting watchdog for 200 seconds at Wed Sep 08 18:56:11 UTC 2021
8 ms. Memory: 51200K Free: 31561K (62%)
ptolemy.util.test.WatchDog.cancel(): canceling Wed Sep 08 18:56:11 UTC 2021
------------------ testing $PTII/ptolemy/domains/de/test/auto/CausalityInterface1.xml
auto.tcl: Setting watchdog for 200 seconds at Wed Sep 08 18:56:11 UTC 2021
22 ms. Memory: 51200K Free: 30965K (60%)
ptolemy.util.test.WatchDog.cancel(): canceling Wed Sep 08 18:56:11 UTC 2021
auto.tcl: Setting watchdog for 200 seconds at Wed Sep 08 18:56:11 UTC 2021
4 ms. Memory: 51200K Free: 29989K (59%)
ptolemy.util.test.WatchDog.cancel(): canceling Wed Sep 08 18:56:11 UTC 2021
------------------ testing $PTII/ptolemy/domains/de/test/auto/CausalityInterface15.xml
auto.tcl: Setting watchdog for 200 seconds at Wed Sep 08 18:56:11 UTC 2021
5 ms. Memory: 51200K Free: 31134K (61%)
ptolemy.util.test.WatchDog.cancel(): canceling Wed Sep 08 18:56:12 UTC 2021
auto.tcl: Setting watchdog for 200 seconds at Wed Sep 08 18:56:12 UTC 2021
3 ms. Memory: 51200K Free: 29952K (59%)
ptolemy.util.test.WatchDog.cancel(): canceling Wed Sep 08 18:56:12 UTC 2021
------------------ testing $PTII/ptolemy/domains/de/test/auto/CausalityInterface2.xml
auto.tcl: Setting watchdog for 200 seconds at Wed Sep 08 18:56:12 UTC 2021
5 ms. Memory: 51200K Free: 31611K (62%)
ptolemy.util.test.WatchDog.cancel(): canceling Wed Sep 08 18:56:12 UTC 2021
auto.tcl: Setting watchdog for 200 seconds at Wed Sep 08 18:56:12 UTC 2021
5 ms. Memory: 51200K Free: 30948K (60%)
ptolemy.util.test.WatchDog.cancel(): canceling Wed Sep 08 18:56:12 UTC 2021
------------------ testing $PTII/ptolemy/domains/de/test/auto/CausalityInterface3.xml
auto.tcl: Setting watchdog for 200 seconds at Wed Sep 08 18:56:12 UTC 2021
6 ms. Memory: 51200K Free: 31177K (61%)
ptolemy.util.test.WatchDog.cancel(): canceling Wed Sep 08 18:56:12 UTC 2021
auto.tcl: Setting watchdog for 200 seconds at Wed Sep 08 18:56:12 UTC 2021
3 ms. Memory: 51200K Free: 30691K (60%)
ptolemy.util.test.WatchDog.cancel(): canceling Wed Sep 08 18:56:12 UTC 2021
------------------ testing $PTII/ptolemy/domains/de/test/auto/ClockDrift.xml
auto.tcl: Setting watchdog for 200 seconds at Wed Sep 08 18:56:12 UTC 2021
92 ms. Memory: 51200K Free: 23433K (46%)
ptolemy.util.test.WatchDog.cancel(): canceling Wed Sep 08 18:56:12 UTC 2021
auto.tcl: Setting watchdog for 200 seconds at Wed Sep 08 18:56:12 UTC 2021
51 ms. Memory: 51200K Free: 20215K (39%)
ptolemy.util.test.WatchDog.cancel(): canceling Wed Sep 08 18:56:12 UTC 2021
------------------ testing $PTII/ptolemy/domains/de/test/auto/ClockDriftAndValueChange.xml
auto.tcl: Setting watchdog for 200 seconds at Wed Sep 08 18:56:12 UTC 2021
34 ms. Memory: 51200K Free: 24303K (47%)
ptolemy.util.test.WatchDog.cancel(): canceling Wed Sep 08 18:56:12 UTC 2021
auto.tcl: Setting watchdog for 200 seconds at Wed Sep 08 18:56:12 UTC 2021
24 ms. Memory: 51200K Free: 21135K (41%)
ptolemy.util.test.WatchDog.cancel(): canceling Wed Sep 08 18:56:12 UTC 2021
------------------ testing $PTII/ptolemy/domains/de/test/auto/ClockDriftChange.xml
auto.tcl: Setting watchdog for 200 seconds at Wed Sep 08 18:56:12 UTC 2021
17 ms. Memory: 51200K Free: 25617K (50%)
ptolemy.util.test.WatchDog.cancel(): canceling Wed Sep 08 18:56:12 UTC 2021
auto.tcl: Setting watchdog for 200 seconds at Wed Sep 08 18:56:12 UTC 2021
26 ms. Memory: 51200K Free: 23218K (45%)
ptolemy.util.test.WatchDog.cancel(): canceling Wed Sep 08 18:56:12 UTC 2021
------------------ testing $PTII/ptolemy/domains/de/test/auto/ComposableCausalityAnalysis.xml
auto.tcl: Setting watchdog for 200 seconds at Wed Sep 08 18:56:12 UTC 2021
2 ms. Memory: 51200K Free: 30407K (59%)
ptolemy.util.test.WatchDog.cancel(): canceling Wed Sep 08 18:56:12 UTC 2021
auto.tcl: Setting watchdog for 200 seconds at Wed Sep 08 18:56:12 UTC 2021
4 ms. Memory: 51200K Free: 29347K (57%)
ptolemy.util.test.WatchDog.cancel(): canceling Wed Sep 08 18:56:12 UTC 2021
------------------ testing $PTII/ptolemy/domains/de/test/auto/DEFixedPointLimitation.xml
auto.tcl: Setting watchdog for 200 seconds at Wed Sep 08 18:56:12 UTC 2021
2 ms. Memory: 51200K Free: 31566K (62%)
ptolemy.util.test.WatchDog.cancel(): canceling Wed Sep 08 18:56:12 UTC 2021
auto.tcl: Setting watchdog for 200 seconds at Wed Sep 08 18:56:12 UTC 2021
1 ms. Memory: 51200K Free: 30916K (60%)
ptolemy.util.test.WatchDog.cancel(): canceling Wed Sep 08 18:56:12 UTC 2021
------------------ testing $PTII/ptolemy/domains/de/test/auto/DEScheduleTest.xml
auto.tcl: Setting watchdog for 200 seconds at Wed Sep 08 18:56:12 UTC 2021
4 ms. Memory: 51200K Free: 32180K (63%)
ptolemy.util.test.WatchDog.cancel(): canceling Wed Sep 08 18:56:12 UTC 2021
auto.tcl: Setting watchdog for 200 seconds at Wed Sep 08 18:56:12 UTC 2021
3 ms. Memory: 51200K Free: 31424K (61%)
ptolemy.util.test.WatchDog.cancel(): canceling Wed Sep 08 18:56:12 UTC 2021
------------------ testing $PTII/ptolemy/domains/de/test/auto/DEinDEwithStartTimes.xml
auto.tcl: Setting watchdog for 200 seconds at Wed Sep 08 18:56:12 UTC 2021
4 ms. Memory: 51200K Free: 30350K (59%)
ptolemy.util.test.WatchDog.cancel(): canceling Wed Sep 08 18:56:12 UTC 2021
auto.tcl: Setting watchdog for 200 seconds at Wed Sep 08 18:56:12 UTC 2021
3 ms. Memory: 51200K Free: 29427K (57%)
ptolemy.util.test.WatchDog.cancel(): canceling Wed Sep 08 18:56:12 UTC 2021
------------------ testing $PTII/ptolemy/domains/de/test/auto/DEinDEwithStartTimes2.xml
auto.tcl: Setting watchdog for 200 seconds at Wed Sep 08 18:56:12 UTC 2021
4 ms. Memory: 51200K Free: 29490K (58%)
ptolemy.util.test.WatchDog.cancel(): canceling Wed Sep 08 18:56:12 UTC 2021
auto.tcl: Setting watchdog for 200 seconds at Wed Sep 08 18:56:12 UTC 2021
4 ms. Memory: 51200K Free: 28406K (55%)
ptolemy.util.test.WatchDog.cancel(): canceling Wed Sep 08 18:56:13 UTC 2021
------------------ testing $PTII/ptolemy/domains/de/test/auto/DateDemo.xml
auto.tcl: Setting watchdog for 200 seconds at Wed Sep 08 18:56:13 UTC 2021
19 ms. Memory: 51200K Free: 24297K (47%)
ptolemy.util.test.WatchDog.cancel(): canceling Wed Sep 08 18:56:13 UTC 2021
auto.tcl: Setting watchdog for 200 seconds at Wed Sep 08 18:56:13 UTC 2021
9 ms. Memory: 51200K Free: 22655K (44%)
ptolemy.util.test.WatchDog.cancel(): canceling Wed Sep 08 18:56:13 UTC 2021
------------------ testing $PTII/ptolemy/domains/de/test/auto/DateToEvent.xml
auto.tcl: Setting watchdog for 200 seconds at Wed Sep 08 18:56:13 UTC 2021
2018 ms. Memory: 51200K Free: 19013K (37%)
ptolemy.util.test.WatchDog.cancel(): canceling Wed Sep 08 18:56:15 UTC 2021
auto.tcl: Setting watchdog for 200 seconds at Wed Sep 08 18:56:15 UTC 2021
2006 ms. Memory: 51200K Free: 18362K (36%)
ptolemy.util.test.WatchDog.cancel(): canceling Wed Sep 08 18:56:17 UTC 2021
------------------ testing $PTII/ptolemy/domains/de/test/auto/DepthTest1.xml
auto.tcl: Setting watchdog for 200 seconds at Wed Sep 08 18:56:17 UTC 2021
4 ms. Memory: 51200K Free: 32993K (64%)
ptolemy.util.test.WatchDog.cancel(): canceling Wed Sep 08 18:56:17 UTC 2021
auto.tcl: Setting watchdog for 200 seconds at Wed Sep 08 18:56:17 UTC 2021
2 ms. Memory: 51200K Free: 32507K (63%)
ptolemy.util.test.WatchDog.cancel(): canceling Wed Sep 08 18:56:17 UTC 2021
------------------ testing $PTII/ptolemy/domains/de/test/auto/DepthTest2.xml
auto.tcl: Setting watchdog for 200 seconds at Wed Sep 08 18:56:17 UTC 2021
3 ms. Memory: 51200K Free: 29788K (58%)
ptolemy.util.test.WatchDog.cancel(): canceling Wed Sep 08 18:56:17 UTC 2021
auto.tcl: Setting watchdog for 200 seconds at Wed Sep 08 18:56:17 UTC 2021
2 ms. Memory: 51200K Free: 29320K (57%)
ptolemy.util.test.WatchDog.cancel(): canceling Wed Sep 08 18:56:17 UTC 2021
------------------ testing $PTII/ptolemy/domains/de/test/auto/DepthTest3.xml
auto.tcl: Setting watchdog for 200 seconds at Wed Sep 08 18:56:17 UTC 2021
2 ms. Memory: 51200K Free: 33329K (65%)
ptolemy.util.test.WatchDog.cancel(): canceling Wed Sep 08 18:56:17 UTC 2021
auto.tcl: Setting watchdog for 200 seconds at Wed Sep 08 18:56:17 UTC 2021
1 ms. Memory: 51200K Free: 32844K (64%)
ptolemy.util.test.WatchDog.cancel(): canceling Wed Sep 08 18:56:17 UTC 2021
------------------ testing $PTII/ptolemy/domains/de/test/auto/DepthTest4.xml
auto.tcl: Setting watchdog for 200 seconds at Wed Sep 08 18:56:17 UTC 2021
5 ms. Memory: 51200K Free: 31565K (62%)
ptolemy.util.test.WatchDog.cancel(): canceling Wed Sep 08 18:56:17 UTC 2021
auto.tcl: Setting watchdog for 200 seconds at Wed Sep 08 18:56:17 UTC 2021
3 ms. Memory: 51200K Free: 30881K (60%)
ptolemy.util.test.WatchDog.cancel(): canceling Wed Sep 08 18:56:17 UTC 2021
------------------ testing $PTII/ptolemy/domains/de/test/auto/DepthTest5.xml
auto.tcl: Setting watchdog for 200 seconds at Wed Sep 08 18:56:17 UTC 2021
4 ms. Memory: 51200K Free: 31002K (61%)
ptolemy.util.test.WatchDog.cancel(): canceling Wed Sep 08 18:56:17 UTC 2021
auto.tcl: Setting watchdog for 200 seconds at Wed Sep 08 18:56:17 UTC 2021
2 ms. Memory: 51200K Free: 30284K (59%)
ptolemy.util.test.WatchDog.cancel(): canceling Wed Sep 08 18:56:17 UTC 2021
------------------ testing $PTII/ptolemy/domains/de/test/auto/DepthTest6.xml
auto.tcl: Setting watchdog for 200 seconds at Wed Sep 08 18:56:17 UTC 2021
5 ms. Memory: 51200K Free: 30463K (59%)
ptolemy.util.test.WatchDog.cancel(): canceling Wed Sep 08 18:56:17 UTC 2021
auto.tcl: Setting watchdog for 200 seconds at Wed Sep 08 18:56:17 UTC 2021
1 ms. Memory: 51200K Free: 29777K (58%)
ptolemy.util.test.WatchDog.cancel(): canceling Wed Sep 08 18:56:17 UTC 2021
------------------ testing $PTII/ptolemy/domains/de/test/auto/DepthTest7.xml
auto.tcl: Setting watchdog for 200 seconds at Wed Sep 08 18:56:17 UTC 2021
2 ms. Memory: 51200K Free: 30769K (60%)
ptolemy.util.test.WatchDog.cancel(): canceling Wed Sep 08 18:56:17 UTC 2021
auto.tcl: Setting watchdog for 200 seconds at Wed Sep 08 18:56:17 UTC 2021
2 ms. Memory: 51200K Free: 30316K (59%)
ptolemy.util.test.WatchDog.cancel(): canceling Wed Sep 08 18:56:17 UTC 2021
------------------ testing $PTII/ptolemy/domains/de/test/auto/EventToDate.xml
auto.tcl: Setting watchdog for 200 seconds at Wed Sep 08 18:56:17 UTC 2021
3006 ms. Memory: 51200K Free: 22087K (43%)
ptolemy.util.test.WatchDog.cancel(): canceling Wed Sep 08 18:56:20 UTC 2021
auto.tcl: Setting watchdog for 200 seconds at Wed Sep 08 18:56:20 UTC 2021
3004 ms. Memory: 51200K Free: 21610K (42%)
ptolemy.util.test.WatchDog.cancel(): canceling Wed Sep 08 18:56:23 UTC 2021
------------------ testing $PTII/ptolemy/domains/de/test/auto/FSM1.xml
auto.tcl: Setting watchdog for 200 seconds at Wed Sep 08 18:56:23 UTC 2021
32 ms. Memory: 51200K Free: 23560K (46%)
ptolemy.util.test.WatchDog.cancel(): canceling Wed Sep 08 18:56:23 UTC 2021
auto.tcl: Setting watchdog for 200 seconds at Wed Sep 08 18:56:23 UTC 2021
25 ms. Memory: 51200K Free: 20294K (40%)
ptolemy.util.test.WatchDog.cancel(): canceling Wed Sep 08 18:56:23 UTC 2021
------------------ testing $PTII/ptolemy/domains/de/test/auto/FSM7.xml
auto.tcl: Setting watchdog for 200 seconds at Wed Sep 08 18:56:23 UTC 2021
30 ms. Memory: 51200K Free: 23463K (46%)
ptolemy.util.test.WatchDog.cancel(): canceling Wed Sep 08 18:56:24 UTC 2021
auto.tcl: Setting watchdog for 200 seconds at Wed Sep 08 18:56:24 UTC 2021
22 ms. Memory: 51200K Free: 20008K (39%)
ptolemy.util.test.WatchDog.cancel(): canceling Wed Sep 08 18:56:24 UTC 2021
------------------ testing $PTII/ptolemy/domains/de/test/auto/Inspection.xml
auto.tcl: Setting watchdog for 200 seconds at Wed Sep 08 18:56:24 UTC 2021
22 ms. Memory: 51200K Free: 23737K (46%)
ptolemy.util.test.WatchDog.cancel(): canceling Wed Sep 08 18:56:24 UTC 2021
auto.tcl: Setting watchdog for 200 seconds at Wed Sep 08 18:56:24 UTC 2021
20 ms. Memory: 51200K Free: 21518K (42%)
ptolemy.util.test.WatchDog.cancel(): canceling Wed Sep 08 18:56:24 UTC 2021
------------------ testing $PTII/ptolemy/domains/de/test/auto/Iteration.xml
auto.tcl: Setting watchdog for 200 seconds at Wed Sep 08 18:56:24 UTC 2021
7 ms. Memory: 51200K Free: 28772K (56%)
ptolemy.util.test.WatchDog.cancel(): canceling Wed Sep 08 18:56:24 UTC 2021
auto.tcl: Setting watchdog for 200 seconds at Wed Sep 08 18:56:24 UTC 2021
7 ms. Memory: 51200K Free: 27576K (54%)
ptolemy.util.test.WatchDog.cancel(): canceling Wed Sep 08 18:56:24 UTC 2021
------------------ testing $PTII/ptolemy/domains/de/test/auto/LineFault.xml
auto.tcl: Setting watchdog for 200 seconds at Wed Sep 08 18:56:24 UTC 2021
674 ms. Memory: 51200K Free: 18732K (37%)
ptolemy.util.test.WatchDog.cancel(): canceling Wed Sep 08 18:56:25 UTC 2021
auto.tcl: Setting watchdog for 200 seconds at Wed Sep 08 18:56:25 UTC 2021
510 ms. Memory: 61440K Free: 21727K (35%)
ptolemy.util.test.WatchDog.cancel(): canceling Wed Sep 08 18:56:25 UTC 2021
------------------ testing $PTII/ptolemy/domains/de/test/auto/MergeModel1Add.xml
auto.tcl: Setting watchdog for 200 seconds at Wed Sep 08 18:56:25 UTC 2021
15 ms. Memory: 61440K Free: 24704K (40%)
ptolemy.util.test.WatchDog.cancel(): canceling Wed Sep 08 18:56:25 UTC 2021
auto.tcl: Setting watchdog for 200 seconds at Wed Sep 08 18:56:25 UTC 2021
8 ms. Memory: 61440K Free: 23039K (37%)
ptolemy.util.test.WatchDog.cancel(): canceling Wed Sep 08 18:56:25 UTC 2021
------------------ testing $PTII/ptolemy/domains/de/test/auto/MergeModel2Add.xml
auto.tcl: Setting watchdog for 200 seconds at Wed Sep 08 18:56:25 UTC 2021
7 ms. Memory: 55296K Free: 21932K (40%)
ptolemy.util.test.WatchDog.cancel(): canceling Wed Sep 08 18:56:26 UTC 2021
auto.tcl: Setting watchdog for 200 seconds at Wed Sep 08 18:56:26 UTC 2021
7 ms. Memory: 55296K Free: 20239K (37%)
ptolemy.util.test.WatchDog.cancel(): canceling Wed Sep 08 18:56:26 UTC 2021
------------------ testing $PTII/ptolemy/domains/de/test/auto/MergeModel3Add.xml
auto.tcl: Setting watchdog for 200 seconds at Wed Sep 08 18:56:26 UTC 2021
8 ms. Memory: 55296K Free: 21449K (39%)
ptolemy.util.test.WatchDog.cancel(): canceling Wed Sep 08 18:56:26 UTC 2021
auto.tcl: Setting watchdog for 200 seconds at Wed Sep 08 18:56:26 UTC 2021
9 ms. Memory: 55296K Free: 19787K (36%)
ptolemy.util.test.WatchDog.cancel(): canceling Wed Sep 08 18:56:26 UTC 2021
------------------ testing $PTII/ptolemy/domains/de/test/auto/MergeWithoutDiscard.xml
auto.tcl: Setting watchdog for 200 seconds at Wed Sep 08 18:56:26 UTC 2021
1 ms. Memory: 55296K Free: 35487K (64%)
ptolemy.util.test.WatchDog.cancel(): canceling Wed Sep 08 18:56:26 UTC 2021
auto.tcl: Setting watchdog for 200 seconds at Wed Sep 08 18:56:26 UTC 2021
1 ms. Memory: 55296K Free: 35028K (63%)
ptolemy.util.test.WatchDog.cancel(): canceling Wed Sep 08 18:56:26 UTC 2021
------------------ testing $PTII/ptolemy/domains/de/test/auto/Modal1.xml
auto.tcl: Setting watchdog for 200 seconds at Wed Sep 08 18:56:26 UTC 2021
15 ms. Memory: 55296K Free: 27626K (50%)
ptolemy.util.test.WatchDog.cancel(): canceling Wed Sep 08 18:56:26 UTC 2021
auto.tcl: Setting watchdog for 200 seconds at Wed Sep 08 18:56:26 UTC 2021
19 ms. Memory: 55296K Free: 24156K (44%)
ptolemy.util.test.WatchDog.cancel(): canceling Wed Sep 08 18:56:26 UTC 2021
------------------ testing $PTII/ptolemy/domains/de/test/auto/Modal2.xml
auto.tcl: Setting watchdog for 200 seconds at Wed Sep 08 18:56:26 UTC 2021
14 ms. Memory: 55296K Free: 27765K (50%)
ptolemy.util.test.WatchDog.cancel(): canceling Wed Sep 08 18:56:26 UTC 2021
auto.tcl: Setting watchdog for 200 seconds at Wed Sep 08 18:56:26 UTC 2021
17 ms. Memory: 55296K Free: 24502K (44%)
ptolemy.util.test.WatchDog.cancel(): canceling Wed Sep 08 18:56:26 UTC 2021
------------------ testing $PTII/ptolemy/domains/de/test/auto/Modal3.xml
auto.tcl: Setting watchdog for 200 seconds at Wed Sep 08 18:56:26 UTC 2021
9 ms. Memory: 55296K Free: 27457K (50%)
ptolemy.util.test.WatchDog.cancel(): canceling Wed Sep 08 18:56:26 UTC 2021
auto.tcl: Setting watchdog for 200 seconds at Wed Sep 08 18:56:26 UTC 2021
10 ms. Memory: 55296K Free: 24546K (44%)
ptolemy.util.test.WatchDog.cancel(): canceling Wed Sep 08 18:56:26 UTC 2021
------------------ testing $PTII/ptolemy/domains/de/test/auto/Modal4.xml
auto.tcl: Setting watchdog for 200 seconds at Wed Sep 08 18:56:26 UTC 2021
12 ms. Memory: 55296K Free: 26504K (48%)
ptolemy.util.test.WatchDog.cancel(): canceling Wed Sep 08 18:56:26 UTC 2021
auto.tcl: Setting watchdog for 200 seconds at Wed Sep 08 18:56:26 UTC 2021
12 ms. Memory: 55296K Free: 22922K (41%)
ptolemy.util.test.WatchDog.cancel(): canceling Wed Sep 08 18:56:26 UTC 2021
------------------ testing $PTII/ptolemy/domains/de/test/auto/Modal5.xml
auto.tcl: Setting watchdog for 200 seconds at Wed Sep 08 18:56:26 UTC 2021
12 ms. Memory: 55296K Free: 26707K (48%)
ptolemy.util.test.WatchDog.cancel(): canceling Wed Sep 08 18:56:26 UTC 2021
auto.tcl: Setting watchdog for 200 seconds at Wed Sep 08 18:56:26 UTC 2021
13 ms. Memory: 55296K Free: 22909K (41%)
ptolemy.util.test.WatchDog.cancel(): canceling Wed Sep 08 18:56:26 UTC 2021
------------------ testing $PTII/ptolemy/domains/de/test/auto/Modal6.xml
auto.tcl: Setting watchdog for 200 seconds at Wed Sep 08 18:56:26 UTC 2021
11 ms. Memory: 55296K Free: 27513K (50%)
ptolemy.util.test.WatchDog.cancel(): canceling Wed Sep 08 18:56:26 UTC 2021
auto.tcl: Setting watchdog for 200 seconds at Wed Sep 08 18:56:26 UTC 2021
12 ms. Memory: 55296K Free: 23490K (42%)
ptolemy.util.test.WatchDog.cancel(): canceling Wed Sep 08 18:56:26 UTC 2021
------------------ testing $PTII/ptolemy/domains/de/test/auto/Modal7.xml
auto.tcl: Setting watchdog for 200 seconds at Wed Sep 08 18:56:26 UTC 2021
13 ms. Memory: 55296K Free: 26477K (48%)
ptolemy.util.test.WatchDog.cancel(): canceling Wed Sep 08 18:56:26 UTC 2021
auto.tcl: Setting watchdog for 200 seconds at Wed Sep 08 18:56:26 UTC 2021
9 ms. Memory: 55296K Free: 23095K (42%)
ptolemy.util.test.WatchDog.cancel(): canceling Wed Sep 08 18:56:26 UTC 2021
------------------ testing $PTII/ptolemy/domains/de/test/auto/ModalModel.xml
auto.tcl: Setting watchdog for 200 seconds at Wed Sep 08 18:56:26 UTC 2021
166 ms. Memory: 51200K Free: 16558K (32%)
ptolemy.util.test.WatchDog.cancel(): canceling Wed Sep 08 18:56:27 UTC 2021
auto.tcl: Setting watchdog for 200 seconds at Wed Sep 08 18:56:27 UTC 2021
172 ms. Memory: 63488K Free: 22544K (36%)
ptolemy.util.test.WatchDog.cancel(): canceling Wed Sep 08 18:56:27 UTC 2021
------------------ testing $PTII/ptolemy/domains/de/test/auto/ModalSource.xml
auto.tcl: Setting watchdog for 200 seconds at Wed Sep 08 18:56:27 UTC 2021
10 ms. Memory: 55296K Free: 31583K (57%)
ptolemy.util.test.WatchDog.cancel(): canceling Wed Sep 08 18:56:27 UTC 2021
auto.tcl: Setting watchdog for 200 seconds at Wed Sep 08 18:56:27 UTC 2021
6 ms. Memory: 55296K Free: 29535K (53%)
ptolemy.util.test.WatchDog.cancel(): canceling Wed Sep 08 18:56:27 UTC 2021
------------------ testing $PTII/ptolemy/domains/de/test/auto/NonInterruptibleTimerZeroDelay.xml
auto.tcl: Setting watchdog for 200 seconds at Wed Sep 08 18:56:27 UTC 2021
4 ms. Memory: 51200K Free: 32431K (63%)
ptolemy.util.test.WatchDog.cancel(): canceling Wed Sep 08 18:56:27 UTC 2021
auto.tcl: Setting watchdog for 200 seconds at Wed Sep 08 18:56:27 UTC 2021
3 ms. Memory: 51200K Free: 31762K (62%)
ptolemy.util.test.WatchDog.cancel(): canceling Wed Sep 08 18:56:27 UTC 2021
------------------ testing $PTII/ptolemy/domains/de/test/auto/OpenQueueingNetwork.xml
auto.tcl: Setting watchdog for 200 seconds at Wed Sep 08 18:56:27 UTC 2021
3040 ms. Memory: 91136K Free: 51030K (56%)
ptolemy.util.test.WatchDog.cancel(): canceling Wed Sep 08 18:56:30 UTC 2021
auto.tcl: Setting watchdog for 200 seconds at Wed Sep 08 18:56:30 UTC 2021
2246 ms. Memory: 109568K Free: 83211K (76%)
ptolemy.util.test.WatchDog.cancel(): canceling Wed Sep 08 18:56:32 UTC 2021
------------------ testing $PTII/ptolemy/domains/de/test/auto/OpenQueuingNetwork.xml
auto.tcl: Setting watchdog for 200 seconds at Wed Sep 08 18:56:32 UTC 2021
331 ms. Memory: 58368K Free: 29610K (51%)
ptolemy.util.test.WatchDog.cancel(): canceling Wed Sep 08 18:56:33 UTC 2021
auto.tcl: Setting watchdog for 200 seconds at Wed Sep 08 18:56:33 UTC 2021
220 ms. Memory: 58368K Free: 10501K (18%)
ptolemy.util.test.WatchDog.cancel(): canceling Wed Sep 08 18:56:33 UTC 2021
------------------ testing $PTII/ptolemy/domains/de/test/auto/PeriodicSampler.xml
auto.tcl: Setting watchdog for 200 seconds at Wed Sep 08 18:56:33 UTC 2021
2 ms. Memory: 58368K Free: 39265K (67%)
ptolemy.util.test.WatchDog.cancel(): canceling Wed Sep 08 18:56:33 UTC 2021
auto.tcl: Setting watchdog for 200 seconds at Wed Sep 08 18:56:33 UTC 2021
2 ms. Memory: 58368K Free: 38265K (66%)
ptolemy.util.test.WatchDog.cancel(): canceling Wed Sep 08 18:56:33 UTC 2021
------------------ testing $PTII/ptolemy/domains/de/test/auto/PersistentIO.xml
auto.tcl: Setting watchdog for 200 seconds at Wed Sep 08 18:56:33 UTC 2021
5 ms. Memory: 55296K Free: 30637K (55%)
ptolemy.util.test.WatchDog.cancel(): canceling Wed Sep 08 18:56:33 UTC 2021
auto.tcl: Setting watchdog for 200 seconds at Wed Sep 08 18:56:33 UTC 2021
3 ms. Memory: 55296K Free: 29613K (54%)
ptolemy.util.test.WatchDog.cancel(): canceling Wed Sep 08 18:56:33 UTC 2021
------------------ testing $PTII/ptolemy/domains/de/test/auto/PortParameterResetOnInitialize.xml
auto.tcl: Setting watchdog for 200 seconds at Wed Sep 08 18:56:33 UTC 2021
2 ms. Memory: 55296K Free: 35605K (64%)
ptolemy.util.test.WatchDog.cancel(): canceling Wed Sep 08 18:56:33 UTC 2021
auto.tcl: Setting watchdog for 200 seconds at Wed Sep 08 18:56:33 UTC 2021
1 ms. Memory: 55296K Free: 35125K (64%)
ptolemy.util.test.WatchDog.cancel(): canceling Wed Sep 08 18:56:33 UTC 2021
------------------ testing $PTII/ptolemy/domains/de/test/auto/PortParameterUpdates.xml
auto.tcl: Setting watchdog for 200 seconds at Wed Sep 08 18:56:33 UTC 2021
4 ms. Memory: 55296K Free: 33706K (61%)
ptolemy.util.test.WatchDog.cancel(): canceling Wed Sep 08 18:56:33 UTC 2021
auto.tcl: Setting watchdog for 200 seconds at Wed Sep 08 18:56:33 UTC 2021
3 ms. Memory: 55296K Free: 32666K (59%)
ptolemy.util.test.WatchDog.cancel(): canceling Wed Sep 08 18:56:33 UTC 2021
------------------ testing $PTII/ptolemy/domains/de/test/auto/QueueAndServer.xml
auto.tcl: Setting watchdog for 200 seconds at Wed Sep 08 18:56:33 UTC 2021
14 ms. Memory: 55296K Free: 32661K (59%)
ptolemy.util.test.WatchDog.cancel(): canceling Wed Sep 08 18:56:33 UTC 2021
auto.tcl: Setting watchdog for 200 seconds at Wed Sep 08 18:56:33 UTC 2021
5 ms. Memory: 55296K Free: 31127K (56%)
ptolemy.util.test.WatchDog.cancel(): canceling Wed Sep 08 18:56:33 UTC 2021
------------------ testing $PTII/ptolemy/domains/de/test/auto/Records.xml
auto.tcl: Setting watchdog for 200 seconds at Wed Sep 08 18:56:33 UTC 2021
3 ms. Memory: 55296K Free: 34653K (63%)
ptolemy.util.test.WatchDog.cancel(): canceling Wed Sep 08 18:56:33 UTC 2021
auto.tcl: Setting watchdog for 200 seconds at Wed Sep 08 18:56:33 UTC 2021
1 ms. Memory: 55296K Free: 34143K (62%)
ptolemy.util.test.WatchDog.cancel(): canceling Wed Sep 08 18:56:33 UTC 2021
------------------ testing $PTII/ptolemy/domains/de/test/auto/ResetTransitionWithStartTime1.xml
auto.tcl: Setting watchdog for 200 seconds at Wed Sep 08 18:56:33 UTC 2021
9 ms. Memory: 55296K Free: 32168K (58%)
ptolemy.util.test.WatchDog.cancel(): canceling Wed Sep 08 18:56:33 UTC 2021
auto.tcl: Setting watchdog for 200 seconds at Wed Sep 08 18:56:33 UTC 2021
6 ms. Memory: 55296K Free: 30074K (54%)
ptolemy.util.test.WatchDog.cancel(): canceling Wed Sep 08 18:56:33 UTC 2021
------------------ testing $PTII/ptolemy/domains/de/test/auto/ResetTransitionWithStartTime2.xml
auto.tcl: Setting watchdog for 200 seconds at Wed Sep 08 18:56:34 UTC 2021
6 ms. Memory: 55296K Free: 32078K (58%)
ptolemy.util.test.WatchDog.cancel(): canceling Wed Sep 08 18:56:34 UTC 2021
auto.tcl: Setting watchdog for 200 seconds at Wed Sep 08 18:56:34 UTC 2021
6 ms. Memory: 55296K Free: 30030K (54%)
ptolemy.util.test.WatchDog.cancel(): canceling Wed Sep 08 18:56:34 UTC 2021
------------------ testing $PTII/ptolemy/domains/de/test/auto/ResetTransitionWithStartTime3.xml
auto.tcl: Setting watchdog for 200 seconds at Wed Sep 08 18:56:34 UTC 2021
7 ms. Memory: 55296K Free: 32076K (58%)
ptolemy.util.test.WatchDog.cancel(): canceling Wed Sep 08 18:56:34 UTC 2021
auto.tcl: Setting watchdog for 200 seconds at Wed Sep 08 18:56:34 UTC 2021
5 ms. Memory: 55296K Free: 30028K (54%)
ptolemy.util.test.WatchDog.cancel(): canceling Wed Sep 08 18:56:34 UTC 2021
------------------ testing $PTII/ptolemy/domains/de/test/auto/ResetTransitionWithStartTime4.xml
auto.tcl: Setting watchdog for 200 seconds at Wed Sep 08 18:56:34 UTC 2021
10 ms. Memory: 55296K Free: 32483K (59%)
ptolemy.util.test.WatchDog.cancel(): canceling Wed Sep 08 18:56:34 UTC 2021
auto.tcl: Setting watchdog for 200 seconds at Wed Sep 08 18:56:34 UTC 2021
4 ms. Memory: 55296K Free: 31051K (56%)
ptolemy.util.test.WatchDog.cancel(): canceling Wed Sep 08 18:56:34 UTC 2021
------------------ testing $PTII/ptolemy/domains/de/test/auto/ResettableTimer1.xml
auto.tcl: Setting watchdog for 200 seconds at Wed Sep 08 18:56:34 UTC 2021
3 ms. Memory: 55296K Free: 36179K (65%)
ptolemy.util.test.WatchDog.cancel(): canceling Wed Sep 08 18:56:34 UTC 2021
auto.tcl: Setting watchdog for 200 seconds at Wed Sep 08 18:56:34 UTC 2021
1 ms. Memory: 55296K Free: 35127K (64%)
ptolemy.util.test.WatchDog.cancel(): canceling Wed Sep 08 18:56:34 UTC 2021
------------------ testing $PTII/ptolemy/domains/de/test/auto/ResettableTimer2.xml
auto.tcl: Setting watchdog for 200 seconds at Wed Sep 08 18:56:34 UTC 2021
5 ms. Memory: 51200K Free: 32213K (63%)
ptolemy.util.test.WatchDog.cancel(): canceling Wed Sep 08 18:56:34 UTC 2021
auto.tcl: Setting watchdog for 200 seconds at Wed Sep 08 18:56:34 UTC 2021
2 ms. Memory: 51200K Free: 31586K (62%)
ptolemy.util.test.WatchDog.cancel(): canceling Wed Sep 08 18:56:34 UTC 2021
------------------ testing $PTII/ptolemy/domains/de/test/auto/ResettableTimer3.xml
auto.tcl: Setting watchdog for 200 seconds at Wed Sep 08 18:56:34 UTC 2021
1 ms. Memory: 51200K Free: 32113K (63%)
ptolemy.util.test.WatchDog.cancel(): canceling Wed Sep 08 18:56:34 UTC 2021
auto.tcl: Setting watchdog for 200 seconds at Wed Sep 08 18:56:34 UTC 2021
1 ms. Memory: 51200K Free: 32113K (63%)
ptolemy.util.test.WatchDog.cancel(): canceling Wed Sep 08 18:56:34 UTC 2021
------------------ testing $PTII/ptolemy/domains/de/test/auto/ResettableTimer4.xml
auto.tcl: Setting watchdog for 200 seconds at Wed Sep 08 18:56:34 UTC 2021
1 ms. Memory: 51200K Free: 32637K (64%)
ptolemy.util.test.WatchDog.cancel(): canceling Wed Sep 08 18:56:34 UTC 2021
auto.tcl: Setting watchdog for 200 seconds at Wed Sep 08 18:56:34 UTC 2021
1 ms. Memory: 51200K Free: 32136K (63%)
ptolemy.util.test.WatchDog.cancel(): canceling Wed Sep 08 18:56:34 UTC 2021
------------------ testing $PTII/ptolemy/domains/de/test/auto/ResettableTimer5.xml
auto.tcl: Setting watchdog for 200 seconds at Wed Sep 08 18:56:34 UTC 2021
2 ms. Memory: 51200K Free: 31611K (62%)
ptolemy.util.test.WatchDog.cancel(): canceling Wed Sep 08 18:56:34 UTC 2021
auto.tcl: Setting watchdog for 200 seconds at Wed Sep 08 18:56:34 UTC 2021
1 ms. Memory: 51200K Free: 31611K (62%)
ptolemy.util.test.WatchDog.cancel(): canceling Wed Sep 08 18:56:34 UTC 2021
------------------ testing $PTII/ptolemy/domains/de/test/auto/ResettableTimer6.xml
auto.tcl: Setting watchdog for 200 seconds at Wed Sep 08 18:56:34 UTC 2021
1 ms. Memory: 51200K Free: 31602K (62%)
ptolemy.util.test.WatchDog.cancel(): canceling Wed Sep 08 18:56:34 UTC 2021
auto.tcl: Setting watchdog for 200 seconds at Wed Sep 08 18:56:34 UTC 2021
1 ms. Memory: 51200K Free: 31092K (61%)
ptolemy.util.test.WatchDog.cancel(): canceling Wed Sep 08 18:56:34 UTC 2021
------------------ testing $PTII/ptolemy/domains/de/test/auto/ServerZeroDelay.xml
auto.tcl: Setting watchdog for 200 seconds at Wed Sep 08 18:56:34 UTC 2021
3 ms. Memory: 51200K Free: 32107K (63%)
ptolemy.util.test.WatchDog.cancel(): canceling Wed Sep 08 18:56:34 UTC 2021
auto.tcl: Setting watchdog for 200 seconds at Wed Sep 08 18:56:34 UTC 2021
3 ms. Memory: 51200K Free: 31083K (61%)
ptolemy.util.test.WatchDog.cancel(): canceling Wed Sep 08 18:56:34 UTC 2021
------------------ testing $PTII/ptolemy/domains/de/test/auto/SmartSender.xml
auto.tcl: Setting watchdog for 200 seconds at Wed Sep 08 18:56:34 UTC 2021
3002 ms. Memory: 51200K Free: 32605K (64%)
ptolemy.util.test.WatchDog.cancel(): canceling Wed Sep 08 18:56:37 UTC 2021
auto.tcl: Setting watchdog for 200 seconds at Wed Sep 08 18:56:37 UTC 2021
3001 ms. Memory: 51200K Free: 31598K (62%)
ptolemy.util.test.WatchDog.cancel(): canceling Wed Sep 08 18:56:40 UTC 2021
------------------ testing $PTII/ptolemy/domains/de/test/auto/ThreadedComposite.xml
auto.tcl: Setting watchdog for 200 seconds at Wed Sep 08 18:56:40 UTC 2021
171 ms. Memory: 51200K Free: 13683K (27%)
ptolemy.util.test.WatchDog.cancel(): canceling Wed Sep 08 18:56:40 UTC 2021
auto.tcl: Setting watchdog for 200 seconds at Wed Sep 08 18:56:40 UTC 2021
245 ms. Memory: 61440K Free: 36550K (59%)
ptolemy.util.test.WatchDog.cancel(): canceling Wed Sep 08 18:56:41 UTC 2021
------------------ testing $PTII/ptolemy/domains/de/test/auto/Time.xml
auto.tcl: Setting watchdog for 200 seconds at Wed Sep 08 18:56:41 UTC 2021
454 ms. Memory: 55296K Free: 13380K (24%)
ptolemy.util.test.WatchDog.cancel(): canceling Wed Sep 08 18:56:41 UTC 2021
auto.tcl: Setting watchdog for 200 seconds at Wed Sep 08 18:56:41 UTC 2021
398 ms. Memory: 55296K Free: 24127K (44%)
ptolemy.util.test.WatchDog.cancel(): canceling Wed Sep 08 18:56:41 UTC 2021
------------------ testing $PTII/ptolemy/domains/de/test/auto/TimeDelayZeroDelay.xml
auto.tcl: Setting watchdog for 200 seconds at Wed Sep 08 18:56:42 UTC 2021
2 ms. Memory: 55296K Free: 36127K (65%)
ptolemy.util.test.WatchDog.cancel(): canceling Wed Sep 08 18:56:42 UTC 2021
auto.tcl: Setting watchdog for 200 seconds at Wed Sep 08 18:56:42 UTC 2021
3 ms. Memory: 55296K Free: 35678K (65%)
ptolemy.util.test.WatchDog.cancel(): canceling Wed Sep 08 18:56:42 UTC 2021
------------------ testing $PTII/ptolemy/domains/de/test/auto/TimerZeroDelay.xml
auto.tcl: Setting watchdog for 200 seconds at Wed Sep 08 18:56:42 UTC 2021
2 ms. Memory: 55296K Free: 36547K (66%)
ptolemy.util.test.WatchDog.cancel(): canceling Wed Sep 08 18:56:42 UTC 2021
auto.tcl: Setting watchdog for 200 seconds at Wed Sep 08 18:56:42 UTC 2021
2 ms. Memory: 55296K Free: 35720K (65%)
ptolemy.util.test.WatchDog.cancel(): canceling Wed Sep 08 18:56:42 UTC 2021
------------------ testing $PTII/ptolemy/domains/de/test/auto/TimingParadox.xml
auto.tcl: Setting watchdog for 200 seconds at Wed Sep 08 18:56:42 UTC 2021
343 ms. Memory: 55296K Free: 30112K (54%)
ptolemy.util.test.WatchDog.cancel(): canceling Wed Sep 08 18:56:42 UTC 2021
auto.tcl: Setting watchdog for 200 seconds at Wed Sep 08 18:56:42 UTC 2021
307 ms. Memory: 55296K Free: 24453K (44%)
ptolemy.util.test.WatchDog.cancel(): canceling Wed Sep 08 18:56:42 UTC 2021
------------------ testing $PTII/ptolemy/domains/de/test/auto/TransferInputs.xml
auto.tcl: Setting watchdog for 200 seconds at Wed Sep 08 18:56:42 UTC 2021
2 ms. Memory: 55296K Free: 34645K (63%)
ptolemy.util.test.WatchDog.cancel(): canceling Wed Sep 08 18:56:42 UTC 2021
auto.tcl: Setting watchdog for 200 seconds at Wed Sep 08 18:56:42 UTC 2021
2 ms. Memory: 55296K Free: 33705K (61%)
ptolemy.util.test.WatchDog.cancel(): canceling Wed Sep 08 18:56:42 UTC 2021
------------------ testing $PTII/ptolemy/domains/de/test/auto/TransferOutputs2.xml
auto.tcl: Setting watchdog for 200 seconds at Wed Sep 08 18:56:42 UTC 2021
9 ms. Memory: 55296K Free: 32080K (58%)
ptolemy.util.test.WatchDog.cancel(): canceling Wed Sep 08 18:56:42 UTC 2021
auto.tcl: Setting watchdog for 200 seconds at Wed Sep 08 18:56:42 UTC 2021
3 ms. Memory: 55296K Free: 30583K (55%)
ptolemy.util.test.WatchDog.cancel(): canceling Wed Sep 08 18:56:42 UTC 2021
------------------ testing $PTII/ptolemy/domains/de/test/auto/Trilateration.xml
auto.tcl: Setting watchdog for 200 seconds at Wed Sep 08 18:56:43 UTC 2021
11821 ms. Memory: 443392K Free: 248626K (56%)
ptolemy.util.test.WatchDog.cancel(): canceling Wed Sep 08 18:56:55 UTC 2021
auto.tcl: Setting watchdog for 200 seconds at Wed Sep 08 18:56:55 UTC 2021
8737 ms. Memory: 443392K Free: 243008K (55%)
ptolemy.util.test.WatchDog.cancel(): canceling Wed Sep 08 18:57:04 UTC 2021
------------------ testing $PTII/ptolemy/domains/de/test/auto/TwoSigmaDelta.xml
auto.tcl: Setting watchdog for 200 seconds at Wed Sep 08 18:57:04 UTC 2021
2293 ms. Memory: 92160K Free: 23536K (26%)
ptolemy.util.test.WatchDog.cancel(): canceling Wed Sep 08 18:57:07 UTC 2021
auto.tcl: Setting watchdog for 200 seconds at Wed Sep 08 18:57:07 UTC 2021
1778 ms. Memory: 92160K Free: 28684K (31%)
ptolemy.util.test.WatchDog.cancel(): canceling Wed Sep 08 18:57:08 UTC 2021
------------------ testing $PTII/ptolemy/domains/de/test/auto/VariableDelay.xml
auto.tcl: Setting watchdog for 200 seconds at Wed Sep 08 18:57:08 UTC 2021
3 ms. Memory: 55296K Free: 35658K (64%)
ptolemy.util.test.WatchDog.cancel(): canceling Wed Sep 08 18:57:08 UTC 2021
auto.tcl: Setting watchdog for 200 seconds at Wed Sep 08 18:57:08 UTC 2021
2 ms. Memory: 55296K Free: 34634K (63%)
ptolemy.util.test.WatchDog.cancel(): canceling Wed Sep 08 18:57:08 UTC 2021
------------------ testing $PTII/ptolemy/domains/de/test/auto/VariableDelay2.xml
auto.tcl: Setting watchdog for 200 seconds at Wed Sep 08 18:57:09 UTC 2021
1 ms. Memory: 55296K Free: 35715K (65%)
ptolemy.util.test.WatchDog.cancel(): canceling Wed Sep 08 18:57:09 UTC 2021
auto.tcl: Setting watchdog for 200 seconds at Wed Sep 08 18:57:09 UTC 2021
2 ms. Memory: 55296K Free: 35203K (64%)
ptolemy.util.test.WatchDog.cancel(): canceling Wed Sep 08 18:57:09 UTC 2021
------------------ testing $PTII/ptolemy/domains/de/test/auto/VariableDelayZeroDelay.xml
auto.tcl: Setting watchdog for 200 seconds at Wed Sep 08 18:57:09 UTC 2021
2 ms. Memory: 55296K Free: 36056K (65%)
ptolemy.util.test.WatchDog.cancel(): canceling Wed Sep 08 18:57:09 UTC 2021
auto.tcl: Setting watchdog for 200 seconds at Wed Sep 08 18:57:09 UTC 2021
2 ms. Memory: 55296K Free: 35542K (64%)
ptolemy.util.test.WatchDog.cancel(): canceling Wed Sep 08 18:57:09 UTC 2021
------------------ testing $PTII/ptolemy/domains/de/test/auto/VariableDelayZeroDelay2.xml
auto.tcl: Setting watchdog for 200 seconds at Wed Sep 08 18:57:09 UTC 2021
3 ms. Memory: 55296K Free: 36055K (65%)
ptolemy.util.test.WatchDog.cancel(): canceling Wed Sep 08 18:57:09 UTC 2021
auto.tcl: Setting watchdog for 200 seconds at Wed Sep 08 18:57:09 UTC 2021
2 ms. Memory: 55296K Free: 35031K (63%)
ptolemy.util.test.WatchDog.cancel(): canceling Wed Sep 08 18:57:09 UTC 2021
------------------ testing $PTII/ptolemy/domains/de/test/auto/deInCt.xml
auto.tcl: Setting watchdog for 200 seconds at Wed Sep 08 18:57:09 UTC 2021
0
1
1
1
1
0
0
0
0
0
1
1
1
1
0
0
0
1
1
1
0
0
0
0
1
1
1
0
0
0
1
1
1
1
13 ms. Memory: 55296K Free: 35028K (63%)
ptolemy.util.test.WatchDog.cancel(): canceling Wed Sep 08 18:57:09 UTC 2021
auto.tcl: Setting watchdog for 200 seconds at Wed Sep 08 18:57:09 UTC 2021
0
1
1
1
0
0
0
1
1
0
0
0
0
1
1
1
0
0
0
0
0
1
1
1
0
0
0
1
1
1
1
1
8 ms. Memory: 55296K Free: 33490K (61%)
ptolemy.util.test.WatchDog.cancel(): canceling Wed Sep 08 18:57:09 UTC 2021
------------------ testing $PTII/ptolemy/domains/de/test/auto/deInCt2.xml
auto.tcl: Setting watchdog for 200 seconds at Wed Sep 08 18:57:09 UTC 2021
0
1
1
1
0
0
1
1
1
0
0
1
1
1
0
0
1
1
1
0
0
1
1
1
0
0
1
1
1
0
0
1
1
1
0
0
1
1
1
0
0
0
9 ms. Memory: 55296K Free: 35029K (63%)
ptolemy.util.test.WatchDog.cancel(): canceling Wed Sep 08 18:57:09 UTC 2021
auto.tcl: Setting watchdog for 200 seconds at Wed Sep 08 18:57:09 UTC 2021
0
1
1
1
0
0
1
1
1
0
0
1
1
1
0
0
1
1
1
0
0
1
1
1
0
0
1
1
1
0
0
1
1
1
0
0
1
1
1
0
0
0
8 ms. Memory: 55296K Free: 33491K (61%)
ptolemy.util.test.WatchDog.cancel(): canceling Wed Sep 08 18:57:09 UTC 2021
------------------ testing $PTII/ptolemy/domains/de/test/auto/dynamicCausalityInterface1.xml
auto.tcl: Setting watchdog for 200 seconds at Wed Sep 08 18:57:09 UTC 2021
1 ms. Memory: 55296K Free: 30238K (55%)
ptolemy.util.test.WatchDog.cancel(): canceling Wed Sep 08 18:57:09 UTC 2021
auto.tcl: Setting watchdog for 200 seconds at Wed Sep 08 18:57:09 UTC 2021
1 ms. Memory: 55296K Free: 29903K (54%)
ptolemy.util.test.WatchDog.cancel(): canceling Wed Sep 08 18:57:09 UTC 2021
------------------ testing $PTII/ptolemy/domains/de/test/auto/fsm_de_test.xml
auto.tcl: Setting watchdog for 200 seconds at Wed Sep 08 18:57:09 UTC 2021
10 ms. Memory: 55296K Free: 30825K (56%)
ptolemy.util.test.WatchDog.cancel(): canceling Wed Sep 08 18:57:09 UTC 2021
auto.tcl: Setting watchdog for 200 seconds at Wed Sep 08 18:57:09 UTC 2021
8 ms. Memory: 55296K Free: 28777K (52%)
ptolemy.util.test.WatchDog.cancel(): canceling Wed Sep 08 18:57:09 UTC 2021
------------------ testing $PTII/ptolemy/domains/de/test/auto/functionDependencyReconstruction.xml
auto.tcl: Setting watchdog for 200 seconds at Wed Sep 08 18:57:09 UTC 2021
8 ms. Memory: 55296K Free: 24722K (45%)
ptolemy.util.test.WatchDog.cancel(): canceling Wed Sep 08 18:57:09 UTC 2021
auto.tcl: Setting watchdog for 200 seconds at Wed Sep 08 18:57:09 UTC 2021
2 ms. Memory: 55296K Free: 22622K (41%)
ptolemy.util.test.WatchDog.cancel(): canceling Wed Sep 08 18:57:09 UTC 2021
------------------ testing $PTII/ptolemy/domains/de/test/auto/multirate.xml
auto.tcl: Setting watchdog for 200 seconds at Wed Sep 08 18:57:09 UTC 2021
4 ms. Memory: 55296K Free: 33445K (60%)
ptolemy.util.test.WatchDog.cancel(): canceling Wed Sep 08 18:57:09 UTC 2021
auto.tcl: Setting watchdog for 200 seconds at Wed Sep 08 18:57:09 UTC 2021
3 ms. Memory: 55296K Free: 31720K (57%)
ptolemy.util.test.WatchDog.cancel(): canceling Wed Sep 08 18:57:09 UTC 2021
------------------ testing $PTII/ptolemy/domains/de/test/auto/multirate2.xml
auto.tcl: Setting watchdog for 200 seconds at Wed Sep 08 18:57:09 UTC 2021
3 ms. Memory: 55296K Free: 33609K (61%)
ptolemy.util.test.WatchDog.cancel(): canceling Wed Sep 08 18:57:09 UTC 2021
auto.tcl: Setting watchdog for 200 seconds at Wed Sep 08 18:57:09 UTC 2021
2 ms. Memory: 55296K Free: 31901K (58%)
ptolemy.util.test.WatchDog.cancel(): canceling Wed Sep 08 18:57:09 UTC 2021
------------------ testing $PTII/ptolemy/domains/de/test/auto/realtime.xml
auto.tcl: Setting watchdog for 200 seconds at Wed Sep 08 18:57:09 UTC 2021
10001 ms. Memory: 55296K Free: 35705K (65%)
ptolemy.util.test.WatchDog.cancel(): canceling Wed Sep 08 18:57:19 UTC 2021
auto.tcl: Setting watchdog for 200 seconds at Wed Sep 08 18:57:19 UTC 2021
10001 ms. Memory: 55296K Free: 35193K (64%)
ptolemy.util.test.WatchDog.cancel(): canceling Wed Sep 08 18:57:29 UTC 2021
------------------ testing $PTII/ptolemy/domains/de/test/auto/relationGroup.xml
auto.tcl: Setting watchdog for 200 seconds at Wed Sep 08 18:57:29 UTC 2021
2 ms. Memory: 55296K Free: 36764K (66%)
ptolemy.util.test.WatchDog.cancel(): canceling Wed Sep 08 18:57:29 UTC 2021
auto.tcl: Setting watchdog for 200 seconds at Wed Sep 08 18:57:29 UTC 2021
1 ms. Memory: 55296K Free: 36049K (65%)
ptolemy.util.test.WatchDog.cancel(): canceling Wed Sep 08 18:57:29 UTC 2021
------------------ testing $PTII/ptolemy/domains/de/test/auto/relationGroup2.xml
auto.tcl: Setting watchdog for 200 seconds at Wed Sep 08 18:57:29 UTC 2021
1 ms. Memory: 55296K Free: 36780K (67%)
ptolemy.util.test.WatchDog.cancel(): canceling Wed Sep 08 18:57:29 UTC 2021
auto.tcl: Setting watchdog for 200 seconds at Wed Sep 08 18:57:29 UTC 2021
2 ms. Memory: 55296K Free: 36268K (66%)
ptolemy.util.test.WatchDog.cancel(): canceling Wed Sep 08 18:57:29 UTC 2021
------------------ testing $PTII/ptolemy/domains/de/test/auto/sortWithOpaquePorts.xml
auto.tcl: Setting watchdog for 200 seconds at Wed Sep 08 18:57:29 UTC 2021
2 ms. Memory: 55296K Free: 35533K (64%)
ptolemy.util.test.WatchDog.cancel(): canceling Wed Sep 08 18:57:29 UTC 2021
auto.tcl: Setting watchdog for 200 seconds at Wed Sep 08 18:57:29 UTC 2021
2 ms. Memory: 55296K Free: 34533K (62%)
ptolemy.util.test.WatchDog.cancel(): canceling Wed Sep 08 18:57:29 UTC 2021
------------------ testing $PTII/ptolemy/domains/de/test/auto/transferInputsandOutputs.xml
auto.tcl: Setting watchdog for 200 seconds at Wed Sep 08 18:57:29 UTC 2021
2 ms. Memory: 55296K Free: 32992K (60%)
ptolemy.util.test.WatchDog.cancel(): canceling Wed Sep 08 18:57:29 UTC 2021
auto.tcl: Setting watchdog for 200 seconds at Wed Sep 08 18:57:29 UTC 2021
2 ms. Memory: 55296K Free: 31968K (58%)
ptolemy.util.test.WatchDog.cancel(): canceling Wed Sep 08 18:57:29 UTC 2021
------------------ testing $PTII/ptolemy/domains/de/test/auto/triggerType.xml
auto.tcl: Setting watchdog for 200 seconds at Wed Sep 08 18:57:29 UTC 2021
5 ms. Memory: 55296K Free: 36016K (65%)
ptolemy.util.test.WatchDog.cancel(): canceling Wed Sep 08 18:57:29 UTC 2021
auto.tcl: Setting watchdog for 200 seconds at Wed Sep 08 18:57:29 UTC 2021
2 ms. Memory: 55296K Free: 34992K (63%)
ptolemy.util.test.WatchDog.cancel(): canceling Wed Sep 08 18:57:29 UTC 2021
09/08/21 06:57:30
Failed: 0  Total Tests: 192  ((Passed: 187, Newly Passed: 1)  Known Failed: 5) /home/travis/build/icyphy/ptII/ptolemy/domains/de/test
09/08/21 06:57:30
Failed: 0  Total Tests: 192  ((Passed: 187, Newly Passed: 1)  Known Failed: 5) /home/travis/build/icyphy/ptII/ptolemy/domains/de/test
----------------- testing (KnownFailure) /home/travis/build/icyphy/ptII/ptolemy/domains/de/test/auto/knownFailedTests/DESDFClockTest.xml
2021 ms. Memory: 55296K Free: 29411K (53%)
Known Failure: java.lang.reflect.InvocationTargetException
----------------- testing (KnownFailure) /home/travis/build/icyphy/ptII/ptolemy/domains/de/test/auto/knownFailedTests/DirectFeedback.xml
1 ms. Memory: 55296K Free: 25829K (47%)
Known Failure: java.lang.reflect.InvocationTargetException
----------------- testing (KnownFailure) /home/travis/build/icyphy/ptII/ptolemy/domains/de/test/auto/knownFailedTests/FSMSource.xml
7 ms. Memory: 55296K Free: 18661K (34%)
----------------- testing (KnownFailure) /home/travis/build/icyphy/ptII/ptolemy/domains/de/test/auto/knownFailedTests/HierarchicalModel.xml
3 ms. Memory: 55296K Free: 33848K (61%)
Known Failure: java.lang.reflect.InvocationTargetException
----------------- testing (KnownFailure) /home/travis/build/icyphy/ptII/ptolemy/domains/de/test/auto/knownFailedTests/dependencyLoop.xml
2 ms. Memory: 55296K Free: 18542K (34%)
Known Failure: java.lang.reflect.InvocationTargetException
----------------- testing (KnownFailure) /home/travis/build/icyphy/ptII/ptolemy/domains/de/test/auto/knownFailedTests/dependencyLoop2.xml
4 ms. Memory: 55296K Free: 34589K (63%)
Known Failure: java.lang.reflect.InvocationTargetException
No auto/linux-amd64/*.xml tests in /home/travis/build/icyphy/ptII/ptolemy/domains/de/test
AutoTests.java: About to close Vertx.
AutoTests.java: Vertx closed.

===========================================================================================
----------------- testing Wed Sep 08 18:57:32 UTC 2021 /home/travis/build/icyphy/ptII/ptolemy/domains/de/test/auto/ActorDepthCalculation_actorWithoutPorts.xml
----------------- Instantiating /home/travis/build/icyphy/ptII/ptolemy/domains/de/test/auto/ActorDepthCalculation_actorWithoutPorts.xml
1 ms. Memory: 55296K Free: 27706K (50%)
----------------- Invoking toplevel() on ptolemy.moml.MoMLSimpleApplication@2443c2e7
----------------- Done invoking toplevel() on ptolemy.moml.MoMLSimpleApplication@2443c2e7
reloadAllAccessors: .ActorDepthCalculation_actorWithoutPorts

===========================================================================================
----------------- testing Wed Sep 08 18:57:32 UTC 2021 /home/travis/build/icyphy/ptII/ptolemy/domains/de/test/auto/AssemblyLine.xml
----------------- Instantiating /home/travis/build/icyphy/ptII/ptolemy/domains/de/test/auto/AssemblyLine.xml
2 ms. Memory: 55296K Free: 20578K (37%)
----------------- Invoking toplevel() on ptolemy.moml.MoMLSimpleApplication@11709c67
----------------- Done invoking toplevel() on ptolemy.moml.MoMLSimpleApplication@11709c67
reloadAllAccessors: .AssemblyLine

===========================================================================================
----------------- testing Wed Sep 08 18:57:32 UTC 2021 /home/travis/build/icyphy/ptII/ptolemy/domains/de/test/auto/CQBug1.xml
----------------- Instantiating /home/travis/build/icyphy/ptII/ptolemy/domains/de/test/auto/CQBug1.xml
2 ms. Memory: 55296K Free: 17514K (32%)
----------------- Invoking toplevel() on ptolemy.moml.MoMLSimpleApplication@1131b6d4
----------------- Done invoking toplevel() on ptolemy.moml.MoMLSimpleApplication@1131b6d4
reloadAllAccessors: .CQBug1

===========================================================================================
----------------- testing Wed Sep 08 18:57:32 UTC 2021 /home/travis/build/icyphy/ptII/ptolemy/domains/de/test/auto/CancelFireAt.xml
----------------- Instantiating /home/travis/build/icyphy/ptII/ptolemy/domains/de/test/auto/CancelFireAt.xml
0 ms. Memory: 55296K Free: 15081K (27%)
----------------- Invoking toplevel() on ptolemy.moml.MoMLSimpleApplication@2b50d3c1
----------------- Done invoking toplevel() on ptolemy.moml.MoMLSimpleApplication@2b50d3c1
reloadAllAccessors: .CancelFireAt

===========================================================================================
----------------- testing Wed Sep 08 18:57:32 UTC 2021 /home/travis/build/icyphy/ptII/ptolemy/domains/de/test/auto/CausalityAndComposabilityAnalysis.xml
----------------- Instantiating /home/travis/build/icyphy/ptII/ptolemy/domains/de/test/auto/CausalityAndComposabilityAnalysis.xml
1 ms. Memory: 55296K Free: 10645K (19%)
----------------- Invoking toplevel() on ptolemy.moml.MoMLSimpleApplication@28372250
----------------- Done invoking toplevel() on ptolemy.moml.MoMLSimpleApplication@28372250
reloadAllAccessors: .CausalityAndComposabilityAnalysis

===========================================================================================
----------------- testing Wed Sep 08 18:57:32 UTC 2021 /home/travis/build/icyphy/ptII/ptolemy/domains/de/test/auto/CausalityInterface1.xml
----------------- Instantiating /home/travis/build/icyphy/ptII/ptolemy/domains/de/test/auto/CausalityInterface1.xml
5 ms. Memory: 55296K Free: 36438K (66%)
----------------- Invoking toplevel() on ptolemy.moml.MoMLSimpleApplication@7429a753
----------------- Done invoking toplevel() on ptolemy.moml.MoMLSimpleApplication@7429a753
reloadAllAccessors: .CausalityInterface1

===========================================================================================
----------------- testing Wed Sep 08 18:57:32 UTC 2021 /home/travis/build/icyphy/ptII/ptolemy/domains/de/test/auto/CausalityInterface15.xml
----------------- Instantiating /home/travis/build/icyphy/ptII/ptolemy/domains/de/test/auto/CausalityInterface15.xml
2 ms. Memory: 55296K Free: 30948K (56%)
----------------- Invoking toplevel() on ptolemy.moml.MoMLSimpleApplication@95f95a0
----------------- Done invoking toplevel() on ptolemy.moml.MoMLSimpleApplication@95f95a0
reloadAllAccessors: .CausalityInterface15

===========================================================================================
----------------- testing Wed Sep 08 18:57:32 UTC 2021 /home/travis/build/icyphy/ptII/ptolemy/domains/de/test/auto/CausalityInterface2.xml
----------------- Instantiating /home/travis/build/icyphy/ptII/ptolemy/domains/de/test/auto/CausalityInterface2.xml
1 ms. Memory: 55296K Free: 26143K (47%)
----------------- Invoking toplevel() on ptolemy.moml.MoMLSimpleApplication@597c392d
----------------- Done invoking toplevel() on ptolemy.moml.MoMLSimpleApplication@597c392d
reloadAllAccessors: .CausalityInterface2

===========================================================================================
----------------- testing Wed Sep 08 18:57:32 UTC 2021 /home/travis/build/icyphy/ptII/ptolemy/domains/de/test/auto/CausalityInterface3.xml
----------------- Instantiating /home/travis/build/icyphy/ptII/ptolemy/domains/de/test/auto/CausalityInterface3.xml
1 ms. Memory: 55296K Free: 21078K (38%)
----------------- Invoking toplevel() on ptolemy.moml.MoMLSimpleApplication@669ce3ee
----------------- Done invoking toplevel() on ptolemy.moml.MoMLSimpleApplication@669ce3ee
reloadAllAccessors: .CausalityInterface3

===========================================================================================
----------------- testing Wed Sep 08 18:57:32 UTC 2021 /home/travis/build/icyphy/ptII/ptolemy/domains/de/test/auto/ClockDrift.xml
----------------- Instantiating /home/travis/build/icyphy/ptII/ptolemy/domains/de/test/auto/ClockDrift.xml
16 ms. Memory: 55296K Free: 9199K (17%)
----------------- Invoking toplevel() on ptolemy.moml.MoMLSimpleApplication@433f14de
----------------- Done invoking toplevel() on ptolemy.moml.MoMLSimpleApplication@433f14de
reloadAllAccessors: .ClockDrift

===========================================================================================
----------------- testing Wed Sep 08 18:57:32 UTC 2021 /home/travis/build/icyphy/ptII/ptolemy/domains/de/test/auto/ClockDriftAndValueChange.xml
----------------- Instantiating /home/travis/build/icyphy/ptII/ptolemy/domains/de/test/auto/ClockDriftAndValueChange.xml
12 ms. Memory: 55296K Free: 28309K (51%)
----------------- Invoking toplevel() on ptolemy.moml.MoMLSimpleApplication@2656a497
----------------- Done invoking toplevel() on ptolemy.moml.MoMLSimpleApplication@2656a497
reloadAllAccessors: .ClockDriftAndValueChange

===========================================================================================
----------------- testing Wed Sep 08 18:57:32 UTC 2021 /home/travis/build/icyphy/ptII/ptolemy/domains/de/test/auto/ClockDriftChange.xml
----------------- Instantiating /home/travis/build/icyphy/ptII/ptolemy/domains/de/test/auto/ClockDriftChange.xml
10 ms. Memory: 55296K Free: 18287K (33%)
----------------- Invoking toplevel() on ptolemy.moml.MoMLSimpleApplication@e46ce34
----------------- Done invoking toplevel() on ptolemy.moml.MoMLSimpleApplication@e46ce34
reloadAllAccessors: .ClockDriftChange

===========================================================================================
----------------- testing Wed Sep 08 18:57:32 UTC 2021 /home/travis/build/icyphy/ptII/ptolemy/domains/de/test/auto/ComposableCausalityAnalysis.xml
----------------- Instantiating /home/travis/build/icyphy/ptII/ptolemy/domains/de/test/auto/ComposableCausalityAnalysis.xml
2 ms. Memory: 55296K Free: 12474K (23%)
----------------- Invoking toplevel() on ptolemy.moml.MoMLSimpleApplication@25f7b4fa
----------------- Done invoking toplevel() on ptolemy.moml.MoMLSimpleApplication@25f7b4fa
reloadAllAccessors: .ComposableCausalityAnalysis

===========================================================================================
----------------- testing Wed Sep 08 18:57:32 UTC 2021 /home/travis/build/icyphy/ptII/ptolemy/domains/de/test/auto/DEFixedPointLimitation.xml
----------------- Instantiating /home/travis/build/icyphy/ptII/ptolemy/domains/de/test/auto/DEFixedPointLimitation.xml
1 ms. Memory: 55296K Free: 37553K (68%)
----------------- Invoking toplevel() on ptolemy.moml.MoMLSimpleApplication@38d4772f
----------------- Done invoking toplevel() on ptolemy.moml.MoMLSimpleApplication@38d4772f
reloadAllAccessors: .DEFixedPointLimitation

===========================================================================================
----------------- testing Wed Sep 08 18:57:32 UTC 2021 /home/travis/build/icyphy/ptII/ptolemy/domains/de/test/auto/DEScheduleTest.xml
----------------- Instantiating /home/travis/build/icyphy/ptII/ptolemy/domains/de/test/auto/DEScheduleTest.xml
1 ms. Memory: 55296K Free: 33259K (60%)
----------------- Invoking toplevel() on ptolemy.moml.MoMLSimpleApplication@79f5a9e4
----------------- Done invoking toplevel() on ptolemy.moml.MoMLSimpleApplication@79f5a9e4
reloadAllAccessors: .DEScheduleTest

===========================================================================================
----------------- testing Wed Sep 08 18:57:32 UTC 2021 /home/travis/build/icyphy/ptII/ptolemy/domains/de/test/auto/DEinDEwithStartTimes.xml
----------------- Instantiating /home/travis/build/icyphy/ptII/ptolemy/domains/de/test/auto/DEinDEwithStartTimes.xml
2 ms. Memory: 55296K Free: 27513K (50%)
----------------- Invoking toplevel() on ptolemy.moml.MoMLSimpleApplication@5e1b0310
----------------- Done invoking toplevel() on ptolemy.moml.MoMLSimpleApplication@5e1b0310
reloadAllAccessors: .DEinDEwithStartTimes

===========================================================================================
----------------- testing Wed Sep 08 18:57:32 UTC 2021 /home/travis/build/icyphy/ptII/ptolemy/domains/de/test/auto/DEinDEwithStartTimes2.xml
----------------- Instantiating /home/travis/build/icyphy/ptII/ptolemy/domains/de/test/auto/DEinDEwithStartTimes2.xml
2 ms. Memory: 55296K Free: 21139K (38%)
----------------- Invoking toplevel() on ptolemy.moml.MoMLSimpleApplication@32d4e1aa
----------------- Done invoking toplevel() on ptolemy.moml.MoMLSimpleApplication@32d4e1aa
reloadAllAccessors: .DEinDEwithStartTimes2

===========================================================================================
----------------- testing Wed Sep 08 18:57:32 UTC 2021 /home/travis/build/icyphy/ptII/ptolemy/domains/de/test/auto/DateDemo.xml
----------------- Instantiating /home/travis/build/icyphy/ptII/ptolemy/domains/de/test/auto/DateDemo.xml
5 ms. Memory: 55296K Free: 10105K (18%)
----------------- Invoking toplevel() on ptolemy.moml.MoMLSimpleApplication@29dde7cf
----------------- Done invoking toplevel() on ptolemy.moml.MoMLSimpleApplication@29dde7cf
reloadAllAccessors: .DateDemo

===========================================================================================
----------------- testing Wed Sep 08 18:57:32 UTC 2021 /home/travis/build/icyphy/ptII/ptolemy/domains/de/test/auto/DateToEvent.xml
----------------- Instantiating /home/travis/build/icyphy/ptII/ptolemy/domains/de/test/auto/DateToEvent.xml
2004 ms. Memory: 55296K Free: 24031K (43%)
----------------- Invoking toplevel() on ptolemy.moml.MoMLSimpleApplication@1e6630bc
----------------- Done invoking toplevel() on ptolemy.moml.MoMLSimpleApplication@1e6630bc
reloadAllAccessors: .DateToEvent

===========================================================================================
----------------- testing Wed Sep 08 18:57:34 UTC 2021 /home/travis/build/icyphy/ptII/ptolemy/domains/de/test/auto/DepthTest1.xml
----------------- Instantiating /home/travis/build/icyphy/ptII/ptolemy/domains/de/test/auto/DepthTest1.xml
2 ms. Memory: 55296K Free: 20959K (38%)
----------------- Invoking toplevel() on ptolemy.moml.MoMLSimpleApplication@219368af
----------------- Done invoking toplevel() on ptolemy.moml.MoMLSimpleApplication@219368af
reloadAllAccessors: .DepthTest1

===========================================================================================
----------------- testing Wed Sep 08 18:57:34 UTC 2021 /home/travis/build/icyphy/ptII/ptolemy/domains/de/test/auto/DepthTest2.xml
----------------- Instantiating /home/travis/build/icyphy/ptII/ptolemy/domains/de/test/auto/DepthTest2.xml
1 ms. Memory: 55296K Free: 14579K (26%)
----------------- Invoking toplevel() on ptolemy.moml.MoMLSimpleApplication@224e75be
----------------- Done invoking toplevel() on ptolemy.moml.MoMLSimpleApplication@224e75be
reloadAllAccessors: .DepthTest2

===========================================================================================
----------------- testing Wed Sep 08 18:57:34 UTC 2021 /home/travis/build/icyphy/ptII/ptolemy/domains/de/test/auto/DepthTest3.xml
----------------- Instantiating /home/travis/build/icyphy/ptII/ptolemy/domains/de/test/auto/DepthTest3.xml
1 ms. Memory: 55296K Free: 11491K (21%)
----------------- Invoking toplevel() on ptolemy.moml.MoMLSimpleApplication@74cdf401
----------------- Done invoking toplevel() on ptolemy.moml.MoMLSimpleApplication@74cdf401
reloadAllAccessors: .DepthTest3

===========================================================================================
----------------- testing Wed Sep 08 18:57:34 UTC 2021 /home/travis/build/icyphy/ptII/ptolemy/domains/de/test/auto/DepthTest4.xml
----------------- Instantiating /home/travis/build/icyphy/ptII/ptolemy/domains/de/test/auto/DepthTest4.xml
8 ms. Memory: 55296K Free: 36628K (66%)
----------------- Invoking toplevel() on ptolemy.moml.MoMLSimpleApplication@6b0b9ee9
----------------- Done invoking toplevel() on ptolemy.moml.MoMLSimpleApplication@6b0b9ee9
reloadAllAccessors: .DepthTest4

===========================================================================================
----------------- testing Wed Sep 08 18:57:34 UTC 2021 /home/travis/build/icyphy/ptII/ptolemy/domains/de/test/auto/DepthTest5.xml
----------------- Instantiating /home/travis/build/icyphy/ptII/ptolemy/domains/de/test/auto/DepthTest5.xml
2 ms. Memory: 55296K Free: 31203K (56%)
----------------- Invoking toplevel() on ptolemy.moml.MoMLSimpleApplication@15798920
----------------- Done invoking toplevel() on ptolemy.moml.MoMLSimpleApplication@15798920
reloadAllAccessors: .DepthTest5

===========================================================================================
----------------- testing Wed Sep 08 18:57:34 UTC 2021 /home/travis/build/icyphy/ptII/ptolemy/domains/de/test/auto/DepthTest6.xml
----------------- Instantiating /home/travis/build/icyphy/ptII/ptolemy/domains/de/test/auto/DepthTest6.xml
1 ms. Memory: 55296K Free: 25821K (47%)
----------------- Invoking toplevel() on ptolemy.moml.MoMLSimpleApplication@29401482
----------------- Done invoking toplevel() on ptolemy.moml.MoMLSimpleApplication@29401482
reloadAllAccessors: .DepthTest6

===========================================================================================
----------------- testing Wed Sep 08 18:57:34 UTC 2021 /home/travis/build/icyphy/ptII/ptolemy/domains/de/test/auto/DepthTest7.xml
----------------- Instantiating /home/travis/build/icyphy/ptII/ptolemy/domains/de/test/auto/DepthTest7.xml
1 ms. Memory: 55296K Free: 20955K (38%)
----------------- Invoking toplevel() on ptolemy.moml.MoMLSimpleApplication@45df0427
----------------- Done invoking toplevel() on ptolemy.moml.MoMLSimpleApplication@45df0427
reloadAllAccessors: .DepthTest7

===========================================================================================
----------------- testing Wed Sep 08 18:57:34 UTC 2021 /home/travis/build/icyphy/ptII/ptolemy/domains/de/test/auto/EventToDate.xml
----------------- Instantiating /home/travis/build/icyphy/ptII/ptolemy/domains/de/test/auto/EventToDate.xml
3017 ms. Memory: 55296K Free: 36922K (67%)
----------------- Invoking toplevel() on ptolemy.moml.MoMLSimpleApplication@1175a44c
----------------- Done invoking toplevel() on ptolemy.moml.MoMLSimpleApplication@1175a44c
reloadAllAccessors: .EventToDate

===========================================================================================
----------------- testing Wed Sep 08 18:57:37 UTC 2021 /home/travis/build/icyphy/ptII/ptolemy/domains/de/test/auto/FSM1.xml
----------------- Instantiating /home/travis/build/icyphy/ptII/ptolemy/domains/de/test/auto/FSM1.xml
14 ms. Memory: 55296K Free: 24832K (45%)
----------------- Invoking toplevel() on ptolemy.moml.MoMLSimpleApplication@20543418
----------------- Done invoking toplevel() on ptolemy.moml.MoMLSimpleApplication@20543418
reloadAllAccessors: .FSM1

===========================================================================================
----------------- testing Wed Sep 08 18:57:37 UTC 2021 /home/travis/build/icyphy/ptII/ptolemy/domains/de/test/auto/FSM7.xml
----------------- Instantiating /home/travis/build/icyphy/ptII/ptolemy/domains/de/test/auto/FSM7.xml
9 ms. Memory: 55296K Free: 12506K (23%)
----------------- Invoking toplevel() on ptolemy.moml.MoMLSimpleApplication@49ab3cc8
----------------- Done invoking toplevel() on ptolemy.moml.MoMLSimpleApplication@49ab3cc8
reloadAllAccessors: .FSM7

===========================================================================================
----------------- testing Wed Sep 08 18:57:37 UTC 2021 /home/travis/build/icyphy/ptII/ptolemy/domains/de/test/auto/Inspection.xml
----------------- Instantiating /home/travis/build/icyphy/ptII/ptolemy/domains/de/test/auto/Inspection.xml
12 ms. Memory: 55296K Free: 30075K (54%)
----------------- Invoking toplevel() on ptolemy.moml.MoMLSimpleApplication@754bf87b
----------------- Done invoking toplevel() on ptolemy.moml.MoMLSimpleApplication@754bf87b
reloadAllAccessors: .Inspection

===========================================================================================
----------------- testing Wed Sep 08 18:57:37 UTC 2021 /home/travis/build/icyphy/ptII/ptolemy/domains/de/test/auto/Iteration.xml
----------------- Instantiating /home/travis/build/icyphy/ptII/ptolemy/domains/de/test/auto/Iteration.xml
10 ms. Memory: 55296K Free: 23187K (42%)
----------------- Invoking toplevel() on ptolemy.moml.MoMLSimpleApplication@a2baa6b
----------------- Done invoking toplevel() on ptolemy.moml.MoMLSimpleApplication@a2baa6b
reloadAllAccessors: .Iteration

===========================================================================================
----------------- testing Wed Sep 08 18:57:38 UTC 2021 /home/travis/build/icyphy/ptII/ptolemy/domains/de/test/auto/LineFault.xml
----------------- Instantiating /home/travis/build/icyphy/ptII/ptolemy/domains/de/test/auto/LineFault.xml
407 ms. Memory: 55296K Free: 24569K (44%)
----------------- Invoking toplevel() on ptolemy.moml.MoMLSimpleApplication@2040877
----------------- Done invoking toplevel() on ptolemy.moml.MoMLSimpleApplication@2040877
reloadAllAccessors: .LineFault

===========================================================================================
----------------- testing Wed Sep 08 18:57:38 UTC 2021 /home/travis/build/icyphy/ptII/ptolemy/domains/de/test/auto/MergeModel1Add.xml
----------------- Instantiating /home/travis/build/icyphy/ptII/ptolemy/domains/de/test/auto/MergeModel1Add.xml
9 ms. Memory: 66560K Free: 44571K (67%)
----------------- Invoking toplevel() on ptolemy.moml.MoMLSimpleApplication@7fe9477
----------------- Done invoking toplevel() on ptolemy.moml.MoMLSimpleApplication@7fe9477
reloadAllAccessors: .MergeModel1Add

===========================================================================================
----------------- testing Wed Sep 08 18:57:38 UTC 2021 /home/travis/build/icyphy/ptII/ptolemy/domains/de/test/auto/MergeModel2Add.xml
----------------- Instantiating /home/travis/build/icyphy/ptII/ptolemy/domains/de/test/auto/MergeModel2Add.xml
7 ms. Memory: 66560K Free: 27163K (41%)
----------------- Invoking toplevel() on ptolemy.moml.MoMLSimpleApplication@4f578091
----------------- Done invoking toplevel() on ptolemy.moml.MoMLSimpleApplication@4f578091
reloadAllAccessors: .MergeModel2Add

===========================================================================================
----------------- testing Wed Sep 08 18:57:38 UTC 2021 /home/travis/build/icyphy/ptII/ptolemy/domains/de/test/auto/MergeModel3Add.xml
----------------- Instantiating /home/travis/build/icyphy/ptII/ptolemy/domains/de/test/auto/MergeModel3Add.xml
5 ms. Memory: 66560K Free: 43657K (66%)
----------------- Invoking toplevel() on ptolemy.moml.MoMLSimpleApplication@375b9e2f
----------------- Done invoking toplevel() on ptolemy.moml.MoMLSimpleApplication@375b9e2f
reloadAllAccessors: .MergeModel3Add

===========================================================================================
----------------- testing Wed Sep 08 18:57:38 UTC 2021 /home/travis/build/icyphy/ptII/ptolemy/domains/de/test/auto/MergeWithoutDiscard.xml
----------------- Instantiating /home/travis/build/icyphy/ptII/ptolemy/domains/de/test/auto/MergeWithoutDiscard.xml
1 ms. Memory: 66560K Free: 39257K (59%)
----------------- Invoking toplevel() on ptolemy.moml.MoMLSimpleApplication@5f325432
----------------- Done invoking toplevel() on ptolemy.moml.MoMLSimpleApplication@5f325432
reloadAllAccessors: .MergeWithoutDiscard

===========================================================================================
----------------- testing Wed Sep 08 18:57:38 UTC 2021 /home/travis/build/icyphy/ptII/ptolemy/domains/de/test/auto/Modal1.xml
----------------- Instantiating /home/travis/build/icyphy/ptII/ptolemy/domains/de/test/auto/Modal1.xml
8 ms. Memory: 66560K Free: 26969K (41%)
----------------- Invoking toplevel() on ptolemy.moml.MoMLSimpleApplication@72eaa6cb
----------------- Done invoking toplevel() on ptolemy.moml.MoMLSimpleApplication@72eaa6cb
reloadAllAccessors: .Modal1

===========================================================================================
----------------- testing Wed Sep 08 18:57:38 UTC 2021 /home/travis/build/icyphy/ptII/ptolemy/domains/de/test/auto/Modal2.xml
----------------- Instantiating /home/travis/build/icyphy/ptII/ptolemy/domains/de/test/auto/Modal2.xml
11 ms. Memory: 66560K Free: 49921K (75%)
----------------- Invoking toplevel() on ptolemy.moml.MoMLSimpleApplication@1299b9d3
----------------- Done invoking toplevel() on ptolemy.moml.MoMLSimpleApplication@1299b9d3
reloadAllAccessors: .Modal2

===========================================================================================
----------------- testing Wed Sep 08 18:57:38 UTC 2021 /home/travis/build/icyphy/ptII/ptolemy/domains/de/test/auto/Modal3.xml
----------------- Instantiating /home/travis/build/icyphy/ptII/ptolemy/domains/de/test/auto/Modal3.xml
8 ms. Memory: 66560K Free: 37478K (56%)
----------------- Invoking toplevel() on ptolemy.moml.MoMLSimpleApplication@49c5f033
----------------- Done invoking toplevel() on ptolemy.moml.MoMLSimpleApplication@49c5f033
reloadAllAccessors: .Modal3

===========================================================================================
----------------- testing Wed Sep 08 18:57:38 UTC 2021 /home/travis/build/icyphy/ptII/ptolemy/domains/de/test/auto/Modal4.xml
----------------- Instantiating /home/travis/build/icyphy/ptII/ptolemy/domains/de/test/auto/Modal4.xml
9 ms. Memory: 66560K Free: 24646K (37%)
----------------- Invoking toplevel() on ptolemy.moml.MoMLSimpleApplication@76d94caf
----------------- Done invoking toplevel() on ptolemy.moml.MoMLSimpleApplication@76d94caf
reloadAllAccessors: .Modal4

===========================================================================================
----------------- testing Wed Sep 08 18:57:38 UTC 2021 /home/travis/build/icyphy/ptII/ptolemy/domains/de/test/auto/Modal5.xml
----------------- Instantiating /home/travis/build/icyphy/ptII/ptolemy/domains/de/test/auto/Modal5.xml
9 ms. Memory: 66560K Free: 46111K (69%)
----------------- Invoking toplevel() on ptolemy.moml.MoMLSimpleApplication@1a314e38
----------------- Done invoking toplevel() on ptolemy.moml.MoMLSimpleApplication@1a314e38
reloadAllAccessors: .Modal5

===========================================================================================
----------------- testing Wed Sep 08 18:57:38 UTC 2021 /home/travis/build/icyphy/ptII/ptolemy/domains/de/test/auto/Modal6.xml
----------------- Instantiating /home/travis/build/icyphy/ptII/ptolemy/domains/de/test/auto/Modal6.xml
9 ms. Memory: 66560K Free: 33823K (51%)
----------------- Invoking toplevel() on ptolemy.moml.MoMLSimpleApplication@4974adc3
----------------- Done invoking toplevel() on ptolemy.moml.MoMLSimpleApplication@4974adc3
reloadAllAccessors: .Modal6

===========================================================================================
----------------- testing Wed Sep 08 18:57:38 UTC 2021 /home/travis/build/icyphy/ptII/ptolemy/domains/de/test/auto/Modal7.xml
----------------- Instantiating /home/travis/build/icyphy/ptII/ptolemy/domains/de/test/auto/Modal7.xml
6 ms. Memory: 66560K Free: 20548K (31%)
----------------- Invoking toplevel() on ptolemy.moml.MoMLSimpleApplication@51b6e477
----------------- Done invoking toplevel() on ptolemy.moml.MoMLSimpleApplication@51b6e477
reloadAllAccessors: .Modal7

===========================================================================================
----------------- testing Wed Sep 08 18:57:38 UTC 2021 /home/travis/build/icyphy/ptII/ptolemy/domains/de/test/auto/ModalModel.xml
----------------- Instantiating /home/travis/build/icyphy/ptII/ptolemy/domains/de/test/auto/ModalModel.xml
105 ms. Memory: 66560K Free: 24709K (37%)
----------------- Invoking toplevel() on ptolemy.moml.MoMLSimpleApplication@543941de
----------------- Done invoking toplevel() on ptolemy.moml.MoMLSimpleApplication@543941de
reloadAllAccessors: .ModalModel

===========================================================================================
----------------- testing Wed Sep 08 18:57:39 UTC 2021 /home/travis/build/icyphy/ptII/ptolemy/domains/de/test/auto/ModalSource.xml
----------------- Instantiating /home/travis/build/icyphy/ptII/ptolemy/domains/de/test/auto/ModalSource.xml
4 ms. Memory: 66560K Free: 16344K (25%)
----------------- Invoking toplevel() on ptolemy.moml.MoMLSimpleApplication@5edc20d5
----------------- Done invoking toplevel() on ptolemy.moml.MoMLSimpleApplication@5edc20d5
reloadAllAccessors: .ModalSource

===========================================================================================
----------------- testing Wed Sep 08 18:57:39 UTC 2021 /home/travis/build/icyphy/ptII/ptolemy/domains/de/test/auto/NonInterruptibleTimerZeroDelay.xml
----------------- Instantiating /home/travis/build/icyphy/ptII/ptolemy/domains/de/test/auto/NonInterruptibleTimerZeroDelay.xml
2 ms. Memory: 66560K Free: 47830K (72%)
----------------- Invoking toplevel() on ptolemy.moml.MoMLSimpleApplication@1f04e259
----------------- Done invoking toplevel() on ptolemy.moml.MoMLSimpleApplication@1f04e259
reloadAllAccessors: .NonInterruptibleTimerZeroDelay

===========================================================================================
----------------- testing Wed Sep 08 18:57:39 UTC 2021 /home/travis/build/icyphy/ptII/ptolemy/domains/de/test/auto/OpenQueueingNetwork.xml
----------------- Instantiating /home/travis/build/icyphy/ptII/ptolemy/domains/de/test/auto/OpenQueueingNetwork.xml
2450 ms. Memory: 119808K Free: 62038K (52%)
----------------- Invoking toplevel() on ptolemy.moml.MoMLSimpleApplication@d765dbb
----------------- Done invoking toplevel() on ptolemy.moml.MoMLSimpleApplication@d765dbb
reloadAllAccessors: .OpenQueueingNetwork

===========================================================================================
----------------- testing Wed Sep 08 18:57:41 UTC 2021 /home/travis/build/icyphy/ptII/ptolemy/domains/de/test/auto/OpenQueuingNetwork.xml
----------------- Instantiating /home/travis/build/icyphy/ptII/ptolemy/domains/de/test/auto/OpenQueuingNetwork.xml
235 ms. Memory: 144384K Free: 76572K (53%)
----------------- Invoking toplevel() on ptolemy.moml.MoMLSimpleApplication@17d5d5a2
----------------- Done invoking toplevel() on ptolemy.moml.MoMLSimpleApplication@17d5d5a2
reloadAllAccessors: .OpenQueuingNetwork

===========================================================================================
----------------- testing Wed Sep 08 18:57:41 UTC 2021 /home/travis/build/icyphy/ptII/ptolemy/domains/de/test/auto/PeriodicSampler.xml
----------------- Instantiating /home/travis/build/icyphy/ptII/ptolemy/domains/de/test/auto/PeriodicSampler.xml
1 ms. Memory: 144384K Free: 72476K (50%)
----------------- Invoking toplevel() on ptolemy.moml.MoMLSimpleApplication@137542de
----------------- Done invoking toplevel() on ptolemy.moml.MoMLSimpleApplication@137542de
reloadAllAccessors: .PeriodicSampler

===========================================================================================
----------------- testing Wed Sep 08 18:57:41 UTC 2021 /home/travis/build/icyphy/ptII/ptolemy/domains/de/test/auto/PersistentIO.xml
----------------- Instantiating /home/travis/build/icyphy/ptII/ptolemy/domains/de/test/auto/PersistentIO.xml
5 ms. Memory: 144384K Free: 63260K (44%)
----------------- Invoking toplevel() on ptolemy.moml.MoMLSimpleApplication@4c01d7ad
----------------- Done invoking toplevel() on ptolemy.moml.MoMLSimpleApplication@4c01d7ad
reloadAllAccessors: .PersistentIO

===========================================================================================
----------------- testing Wed Sep 08 18:57:41 UTC 2021 /home/travis/build/icyphy/ptII/ptolemy/domains/de/test/auto/PortParameterResetOnInitialize.xml
----------------- Instantiating /home/travis/build/icyphy/ptII/ptolemy/domains/de/test/auto/PortParameterResetOnInitialize.xml
2 ms. Memory: 144384K Free: 58650K (41%)
----------------- Invoking toplevel() on ptolemy.moml.MoMLSimpleApplication@52b6f4e9
----------------- Done invoking toplevel() on ptolemy.moml.MoMLSimpleApplication@52b6f4e9
reloadAllAccessors: .PortParameterResetOnInitialize

===========================================================================================
----------------- testing Wed Sep 08 18:57:41 UTC 2021 /home/travis/build/icyphy/ptII/ptolemy/domains/de/test/auto/PortParameterUpdates.xml
----------------- Instantiating /home/travis/build/icyphy/ptII/ptolemy/domains/de/test/auto/PortParameterUpdates.xml
3 ms. Memory: 144384K Free: 51996K (36%)
----------------- Invoking toplevel() on ptolemy.moml.MoMLSimpleApplication@3f381790
----------------- Done invoking toplevel() on ptolemy.moml.MoMLSimpleApplication@3f381790
reloadAllAccessors: .PortParameterUpdates

===========================================================================================
----------------- testing Wed Sep 08 18:57:41 UTC 2021 /home/travis/build/icyphy/ptII/ptolemy/domains/de/test/auto/QueueAndServer.xml
----------------- Instantiating /home/travis/build/icyphy/ptII/ptolemy/domains/de/test/auto/QueueAndServer.xml
3 ms. Memory: 144384K Free: 122669K (85%)
----------------- Invoking toplevel() on ptolemy.moml.MoMLSimpleApplication@5fefe256
----------------- Done invoking toplevel() on ptolemy.moml.MoMLSimpleApplication@5fefe256
reloadAllAccessors: .QueueAndServer

===========================================================================================
----------------- testing Wed Sep 08 18:57:41 UTC 2021 /home/travis/build/icyphy/ptII/ptolemy/domains/de/test/auto/Records.xml
----------------- Instantiating /home/travis/build/icyphy/ptII/ptolemy/domains/de/test/auto/Records.xml
4 ms. Memory: 144384K Free: 117039K (81%)
----------------- Invoking toplevel() on ptolemy.moml.MoMLSimpleApplication@6963f4bf
----------------- Done invoking toplevel() on ptolemy.moml.MoMLSimpleApplication@6963f4bf
reloadAllAccessors: .Records

===========================================================================================
----------------- testing Wed Sep 08 18:57:41 UTC 2021 /home/travis/build/icyphy/ptII/ptolemy/domains/de/test/auto/ResetTransitionWithStartTime1.xml
----------------- Instantiating /home/travis/build/icyphy/ptII/ptolemy/domains/de/test/auto/ResetTransitionWithStartTime1.xml
4 ms. Memory: 144384K Free: 108847K (75%)
----------------- Invoking toplevel() on ptolemy.moml.MoMLSimpleApplication@7a155723
----------------- Done invoking toplevel() on ptolemy.moml.MoMLSimpleApplication@7a155723
reloadAllAccessors: .ResetTransitionWithStartTime1

===========================================================================================
----------------- testing Wed Sep 08 18:57:41 UTC 2021 /home/travis/build/icyphy/ptII/ptolemy/domains/de/test/auto/ResetTransitionWithStartTime2.xml
----------------- Instantiating /home/travis/build/icyphy/ptII/ptolemy/domains/de/test/auto/ResetTransitionWithStartTime2.xml
3 ms. Memory: 144384K Free: 100655K (70%)
----------------- Invoking toplevel() on ptolemy.moml.MoMLSimpleApplication@5015c56c
----------------- Done invoking toplevel() on ptolemy.moml.MoMLSimpleApplication@5015c56c
reloadAllAccessors: .ResetTransitionWithStartTime2

===========================================================================================
----------------- testing Wed Sep 08 18:57:42 UTC 2021 /home/travis/build/icyphy/ptII/ptolemy/domains/de/test/auto/ResetTransitionWithStartTime3.xml
----------------- Instantiating /home/travis/build/icyphy/ptII/ptolemy/domains/de/test/auto/ResetTransitionWithStartTime3.xml
4 ms. Memory: 144384K Free: 92463K (64%)
----------------- Invoking toplevel() on ptolemy.moml.MoMLSimpleApplication@7d99495d
----------------- Done invoking toplevel() on ptolemy.moml.MoMLSimpleApplication@7d99495d
reloadAllAccessors: .ResetTransitionWithStartTime3

===========================================================================================
----------------- testing Wed Sep 08 18:57:42 UTC 2021 /home/travis/build/icyphy/ptII/ptolemy/domains/de/test/auto/ResetTransitionWithStartTime4.xml
----------------- Instantiating /home/travis/build/icyphy/ptII/ptolemy/domains/de/test/auto/ResetTransitionWithStartTime4.xml
3 ms. Memory: 144384K Free: 84775K (59%)
----------------- Invoking toplevel() on ptolemy.moml.MoMLSimpleApplication@8f85f55
----------------- Done invoking toplevel() on ptolemy.moml.MoMLSimpleApplication@8f85f55
reloadAllAccessors: .ResetTransitionWithStartTime4

===========================================================================================
----------------- testing Wed Sep 08 18:57:42 UTC 2021 /home/travis/build/icyphy/ptII/ptolemy/domains/de/test/auto/ResettableTimer1.xml
----------------- Instantiating /home/travis/build/icyphy/ptII/ptolemy/domains/de/test/auto/ResettableTimer1.xml
2 ms. Memory: 144384K Free: 80655K (56%)
----------------- Invoking toplevel() on ptolemy.moml.MoMLSimpleApplication@32830ee4
----------------- Done invoking toplevel() on ptolemy.moml.MoMLSimpleApplication@32830ee4
reloadAllAccessors: .ResettableTimer1

===========================================================================================
----------------- testing Wed Sep 08 18:57:42 UTC 2021 /home/travis/build/icyphy/ptII/ptolemy/domains/de/test/auto/ResettableTimer2.xml
----------------- Instantiating /home/travis/build/icyphy/ptII/ptolemy/domains/de/test/auto/ResettableTimer2.xml
1 ms. Memory: 144384K Free: 76575K (53%)
----------------- Invoking toplevel() on ptolemy.moml.MoMLSimpleApplication@1f524b2b
----------------- Done invoking toplevel() on ptolemy.moml.MoMLSimpleApplication@1f524b2b
reloadAllAccessors: .ResettableTimer2

===========================================================================================
----------------- testing Wed Sep 08 18:57:42 UTC 2021 /home/travis/build/icyphy/ptII/ptolemy/domains/de/test/auto/ResettableTimer3.xml
----------------- Instantiating /home/travis/build/icyphy/ptII/ptolemy/domains/de/test/auto/ResettableTimer3.xml
1 ms. Memory: 144384K Free: 73007K (51%)
----------------- Invoking toplevel() on ptolemy.moml.MoMLSimpleApplication@aa8f1eb
----------------- Done invoking toplevel() on ptolemy.moml.MoMLSimpleApplication@aa8f1eb
reloadAllAccessors: .ResettableTimer3

===========================================================================================
----------------- testing Wed Sep 08 18:57:42 UTC 2021 /home/travis/build/icyphy/ptII/ptolemy/domains/de/test/auto/ResettableTimer4.xml
----------------- Instantiating /home/travis/build/icyphy/ptII/ptolemy/domains/de/test/auto/ResettableTimer4.xml
1 ms. Memory: 144384K Free: 68397K (47%)
----------------- Invoking toplevel() on ptolemy.moml.MoMLSimpleApplication@55aea2b8
----------------- Done invoking toplevel() on ptolemy.moml.MoMLSimpleApplication@55aea2b8
reloadAllAccessors: .ResettableTimer4

===========================================================================================
----------------- testing Wed Sep 08 18:57:42 UTC 2021 /home/travis/build/icyphy/ptII/ptolemy/domains/de/test/auto/ResettableTimer5.xml
----------------- Instantiating /home/travis/build/icyphy/ptII/ptolemy/domains/de/test/auto/ResettableTimer5.xml
1 ms. Memory: 144384K Free: 64301K (45%)
----------------- Invoking toplevel() on ptolemy.moml.MoMLSimpleApplication@6910ef62
----------------- Done invoking toplevel() on ptolemy.moml.MoMLSimpleApplication@6910ef62
reloadAllAccessors: .ResettableTimer5

===========================================================================================
----------------- testing Wed Sep 08 18:57:42 UTC 2021 /home/travis/build/icyphy/ptII/ptolemy/domains/de/test/auto/ResettableTimer6.xml
----------------- Instantiating /home/travis/build/icyphy/ptII/ptolemy/domains/de/test/auto/ResettableTimer6.xml
5 ms. Memory: 144384K Free: 59695K (41%)
----------------- Invoking toplevel() on ptolemy.moml.MoMLSimpleApplication@32de5325
----------------- Done invoking toplevel() on ptolemy.moml.MoMLSimpleApplication@32de5325
reloadAllAccessors: .ResettableTimer6

===========================================================================================
----------------- testing Wed Sep 08 18:57:42 UTC 2021 /home/travis/build/icyphy/ptII/ptolemy/domains/de/test/auto/ServerZeroDelay.xml
----------------- Instantiating /home/travis/build/icyphy/ptII/ptolemy/domains/de/test/auto/ServerZeroDelay.xml
1 ms. Memory: 144384K Free: 55599K (39%)
----------------- Invoking toplevel() on ptolemy.moml.MoMLSimpleApplication@2d564ded
----------------- Done invoking toplevel() on ptolemy.moml.MoMLSimpleApplication@2d564ded
reloadAllAccessors: .ServerZeroDelay

===========================================================================================
----------------- testing Wed Sep 08 18:57:42 UTC 2021 /home/travis/build/icyphy/ptII/ptolemy/domains/de/test/auto/SmartSender.xml
----------------- Instantiating /home/travis/build/icyphy/ptII/ptolemy/domains/de/test/auto/SmartSender.xml
3000 ms. Memory: 144384K Free: 51503K (36%)
----------------- Invoking toplevel() on ptolemy.moml.MoMLSimpleApplication@2596262d
----------------- Done invoking toplevel() on ptolemy.moml.MoMLSimpleApplication@2596262d
reloadAllAccessors: .SmartSender

===========================================================================================
----------------- testing Wed Sep 08 18:57:45 UTC 2021 /home/travis/build/icyphy/ptII/ptolemy/domains/de/test/auto/ThreadedComposite.xml
----------------- Instantiating /home/travis/build/icyphy/ptII/ptolemy/domains/de/test/auto/ThreadedComposite.xml
96 ms. Memory: 144384K Free: 112860K (78%)
----------------- Invoking toplevel() on ptolemy.moml.MoMLSimpleApplication@4045773b
----------------- Done invoking toplevel() on ptolemy.moml.MoMLSimpleApplication@4045773b
reloadAllAccessors: .ThreadedComposite

===========================================================================================
----------------- testing Wed Sep 08 18:57:45 UTC 2021 /home/travis/build/icyphy/ptII/ptolemy/domains/de/test/auto/Time.xml
----------------- Instantiating /home/travis/build/icyphy/ptII/ptolemy/domains/de/test/auto/Time.xml
360 ms. Memory: 144384K Free: 59612K (41%)
----------------- Invoking toplevel() on ptolemy.moml.MoMLSimpleApplication@2cb97b09
----------------- Done invoking toplevel() on ptolemy.moml.MoMLSimpleApplication@2cb97b09
reloadAllAccessors: .Time

===========================================================================================
----------------- testing Wed Sep 08 18:57:45 UTC 2021 /home/travis/build/icyphy/ptII/ptolemy/domains/de/test/auto/TimeDelayZeroDelay.xml
----------------- Instantiating /home/travis/build/icyphy/ptII/ptolemy/domains/de/test/auto/TimeDelayZeroDelay.xml
1 ms. Memory: 144384K Free: 55516K (38%)
----------------- Invoking toplevel() on ptolemy.moml.MoMLSimpleApplication@41095a32
----------------- Done invoking toplevel() on ptolemy.moml.MoMLSimpleApplication@41095a32
reloadAllAccessors: .TimeDelayZeroDelay

===========================================================================================
----------------- testing Wed Sep 08 18:57:45 UTC 2021 /home/travis/build/icyphy/ptII/ptolemy/domains/de/test/auto/TimerZeroDelay.xml
----------------- Instantiating /home/travis/build/icyphy/ptII/ptolemy/domains/de/test/auto/TimerZeroDelay.xml
1 ms. Memory: 144384K Free: 51420K (36%)
----------------- Invoking toplevel() on ptolemy.moml.MoMLSimpleApplication@1d06a0d
----------------- Done invoking toplevel() on ptolemy.moml.MoMLSimpleApplication@1d06a0d
reloadAllAccessors: .TimerZeroDelay

===========================================================================================
----------------- testing Wed Sep 08 18:57:45 UTC 2021 /home/travis/build/icyphy/ptII/ptolemy/domains/de/test/auto/TimingParadox.xml
----------------- Instantiating /home/travis/build/icyphy/ptII/ptolemy/domains/de/test/auto/TimingParadox.xml
208 ms. Memory: 144384K Free: 69600K (48%)
----------------- Invoking toplevel() on ptolemy.moml.MoMLSimpleApplication@337139ad
----------------- Done invoking toplevel() on ptolemy.moml.MoMLSimpleApplication@337139ad
reloadAllAccessors: .TimingParadox

===========================================================================================
----------------- testing Wed Sep 08 18:57:45 UTC 2021 /home/travis/build/icyphy/ptII/ptolemy/domains/de/test/auto/TransferInputs.xml
----------------- Instantiating /home/travis/build/icyphy/ptII/ptolemy/domains/de/test/auto/TransferInputs.xml
2 ms. Memory: 144384K Free: 64990K (45%)
----------------- Invoking toplevel() on ptolemy.moml.MoMLSimpleApplication@5439586b
----------------- Done invoking toplevel() on ptolemy.moml.MoMLSimpleApplication@5439586b
reloadAllAccessors: .TransferInputs

===========================================================================================
----------------- testing Wed Sep 08 18:57:45 UTC 2021 /home/travis/build/icyphy/ptII/ptolemy/domains/de/test/auto/TransferOutputs2.xml
----------------- Instantiating /home/travis/build/icyphy/ptII/ptolemy/domains/de/test/auto/TransferOutputs2.xml
2 ms. Memory: 144384K Free: 56798K (39%)
----------------- Invoking toplevel() on ptolemy.moml.MoMLSimpleApplication@6a578a84
----------------- Done invoking toplevel() on ptolemy.moml.MoMLSimpleApplication@6a578a84
reloadAllAccessors: .TransferOutputs2

===========================================================================================
----------------- testing Wed Sep 08 18:57:45 UTC 2021 /home/travis/build/icyphy/ptII/ptolemy/domains/de/test/auto/Trilateration.xml
----------------- Instantiating /home/travis/build/icyphy/ptII/ptolemy/domains/de/test/auto/Trilateration.xml
10118 ms. Memory: 410624K Free: 163789K (40%)
----------------- Invoking toplevel() on ptolemy.moml.MoMLSimpleApplication@4755113
----------------- Done invoking toplevel() on ptolemy.moml.MoMLSimpleApplication@4755113
reloadAllAccessors: .Trilateration

===========================================================================================
----------------- testing Wed Sep 08 18:57:56 UTC 2021 /home/travis/build/icyphy/ptII/ptolemy/domains/de/test/auto/TwoSigmaDelta.xml
----------------- Instantiating /home/travis/build/icyphy/ptII/ptolemy/domains/de/test/auto/TwoSigmaDelta.xml
1747 ms. Memory: 410624K Free: 207998K (51%)
----------------- Invoking toplevel() on ptolemy.moml.MoMLSimpleApplication@44ebf1d5
----------------- Done invoking toplevel() on ptolemy.moml.MoMLSimpleApplication@44ebf1d5
reloadAllAccessors: .TwoSigmaDelta

===========================================================================================
----------------- testing Wed Sep 08 18:57:58 UTC 2021 /home/travis/build/icyphy/ptII/ptolemy/domains/de/test/auto/VariableDelay.xml
----------------- Instantiating /home/travis/build/icyphy/ptII/ptolemy/domains/de/test/auto/VariableDelay.xml
2 ms. Memory: 410624K Free: 202878K (49%)
----------------- Invoking toplevel() on ptolemy.moml.MoMLSimpleApplication@6d70ff84
----------------- Done invoking toplevel() on ptolemy.moml.MoMLSimpleApplication@6d70ff84
reloadAllAccessors: .VariableDelay

===========================================================================================
----------------- testing Wed Sep 08 18:57:58 UTC 2021 /home/travis/build/icyphy/ptII/ptolemy/domains/de/test/auto/VariableDelay2.xml
----------------- Instantiating /home/travis/build/icyphy/ptII/ptolemy/domains/de/test/auto/VariableDelay2.xml
2 ms. Memory: 410624K Free: 198254K (48%)
----------------- Invoking toplevel() on ptolemy.moml.MoMLSimpleApplication@1c6feb74
----------------- Done invoking toplevel() on ptolemy.moml.MoMLSimpleApplication@1c6feb74
reloadAllAccessors: .VariableDelay2

===========================================================================================
----------------- testing Wed Sep 08 18:57:58 UTC 2021 /home/travis/build/icyphy/ptII/ptolemy/domains/de/test/auto/VariableDelayZeroDelay.xml
----------------- Instantiating /home/travis/build/icyphy/ptII/ptolemy/domains/de/test/auto/VariableDelayZeroDelay.xml
4 ms. Memory: 410624K Free: 194172K (47%)
----------------- Invoking toplevel() on ptolemy.moml.MoMLSimpleApplication@3cb554aa
----------------- Done invoking toplevel() on ptolemy.moml.MoMLSimpleApplication@3cb554aa
reloadAllAccessors: .VariableDelayZeroDelay

===========================================================================================
----------------- testing Wed Sep 08 18:57:58 UTC 2021 /home/travis/build/icyphy/ptII/ptolemy/domains/de/test/auto/VariableDelayZeroDelay2.xml
----------------- Instantiating /home/travis/build/icyphy/ptII/ptolemy/domains/de/test/auto/VariableDelayZeroDelay2.xml
2 ms. Memory: 410624K Free: 189566K (46%)
----------------- Invoking toplevel() on ptolemy.moml.MoMLSimpleApplication@313b9a6a
----------------- Done invoking toplevel() on ptolemy.moml.MoMLSimpleApplication@313b9a6a
reloadAllAccessors: .VariableDelayZeroDelay2

===========================================================================================
----------------- testing Wed Sep 08 18:57:58 UTC 2021 /home/travis/build/icyphy/ptII/ptolemy/domains/de/test/auto/deInCt.xml
----------------- Instantiating /home/travis/build/icyphy/ptII/ptolemy/domains/de/test/auto/deInCt.xml
0
1
1
0
0
0
0
0
0
1
1
1
1
0
0
0
0
1
1
1
0
0
0
1
1
1
0
0
0
1
1
1
0
0
0
1
1
1
1
7 ms. Memory: 410624K Free: 184446K (45%)
----------------- Invoking toplevel() on ptolemy.moml.MoMLSimpleApplication@30536403
----------------- Done invoking toplevel() on ptolemy.moml.MoMLSimpleApplication@30536403
reloadAllAccessors: .deInCt

===========================================================================================
----------------- testing Wed Sep 08 18:57:58 UTC 2021 /home/travis/build/icyphy/ptII/ptolemy/domains/de/test/auto/deInCt2.xml
----------------- Instantiating /home/travis/build/icyphy/ptII/ptolemy/domains/de/test/auto/deInCt2.xml
0
1
1
1
0
0
1
1
1
0
0
1
1
1
0
0
1
1
1
0
0
1
1
1
0
0
1
1
1
0
0
1
1
1
0
0
1
1
1
0
0
0
7 ms. Memory: 410624K Free: 179326K (44%)
----------------- Invoking toplevel() on ptolemy.moml.MoMLSimpleApplication@623b9d61
----------------- Done invoking toplevel() on ptolemy.moml.MoMLSimpleApplication@623b9d61
reloadAllAccessors: .deInCt2

===========================================================================================
----------------- testing Wed Sep 08 18:57:58 UTC 2021 /home/travis/build/icyphy/ptII/ptolemy/domains/de/test/auto/dynamicCausalityInterface1.xml
----------------- Instantiating /home/travis/build/icyphy/ptII/ptolemy/domains/de/test/auto/dynamicCausalityInterface1.xml
0 ms. Memory: 410624K Free: 170110K (41%)
----------------- Invoking toplevel() on ptolemy.moml.MoMLSimpleApplication@4bdac500
----------------- Done invoking toplevel() on ptolemy.moml.MoMLSimpleApplication@4bdac500
reloadAllAccessors: .dynamicCausalityInterface1

===========================================================================================
----------------- testing Wed Sep 08 18:57:58 UTC 2021 /home/travis/build/icyphy/ptII/ptolemy/domains/de/test/auto/fsm_de_test.xml
----------------- Instantiating /home/travis/build/icyphy/ptII/ptolemy/domains/de/test/auto/fsm_de_test.xml
5 ms. Memory: 410624K Free: 160894K (39%)
----------------- Invoking toplevel() on ptolemy.moml.MoMLSimpleApplication@63e438e1
----------------- Done invoking toplevel() on ptolemy.moml.MoMLSimpleApplication@63e438e1
reloadAllAccessors: .fsm_de_test

===========================================================================================
----------------- testing Wed Sep 08 18:57:58 UTC 2021 /home/travis/build/icyphy/ptII/ptolemy/domains/de/test/auto/functionDependencyReconstruction.xml
----------------- Instantiating /home/travis/build/icyphy/ptII/ptolemy/domains/de/test/auto/functionDependencyReconstruction.xml
2 ms. Memory: 410624K Free: 146038K (36%)
----------------- Invoking toplevel() on ptolemy.moml.MoMLSimpleApplication@54ecb80b
----------------- Done invoking toplevel() on ptolemy.moml.MoMLSimpleApplication@54ecb80b
reloadAllAccessors: .functionDependencyReconstruction

===========================================================================================
----------------- testing Wed Sep 08 18:57:58 UTC 2021 /home/travis/build/icyphy/ptII/ptolemy/domains/de/test/auto/multirate.xml
----------------- Instantiating /home/travis/build/icyphy/ptII/ptolemy/domains/de/test/auto/multirate.xml
4 ms. Memory: 410624K Free: 139390K (34%)
----------------- Invoking toplevel() on ptolemy.moml.MoMLSimpleApplication@3bd19e24
----------------- Done invoking toplevel() on ptolemy.moml.MoMLSimpleApplication@3bd19e24
reloadAllAccessors: .multirate

===========================================================================================
----------------- testing Wed Sep 08 18:57:58 UTC 2021 /home/travis/build/icyphy/ptII/ptolemy/domains/de/test/auto/multirate2.xml
----------------- Instantiating /home/travis/build/icyphy/ptII/ptolemy/domains/de/test/auto/multirate2.xml
3 ms. Memory: 410624K Free: 377574K (92%)
----------------- Invoking toplevel() on ptolemy.moml.MoMLSimpleApplication@672c9a8f
----------------- Done invoking toplevel() on ptolemy.moml.MoMLSimpleApplication@672c9a8f
reloadAllAccessors: .multirate2

===========================================================================================
----------------- testing Wed Sep 08 18:57:58 UTC 2021 /home/travis/build/icyphy/ptII/ptolemy/domains/de/test/auto/realtime.xml
----------------- Instantiating /home/travis/build/icyphy/ptII/ptolemy/domains/de/test/auto/realtime.xml
10001 ms. Memory: 410624K Free: 372468K (91%)
----------------- Invoking toplevel() on ptolemy.moml.MoMLSimpleApplication@74422ab4
----------------- Done invoking toplevel() on ptolemy.moml.MoMLSimpleApplication@74422ab4
reloadAllAccessors: .realtime

===========================================================================================
----------------- testing Wed Sep 08 18:58:08 UTC 2021 /home/travis/build/icyphy/ptII/ptolemy/domains/de/test/auto/relationGroup.xml
----------------- Instantiating /home/travis/build/icyphy/ptII/ptolemy/domains/de/test/auto/relationGroup.xml
2 ms. Memory: 410624K Free: 368886K (90%)
----------------- Invoking toplevel() on ptolemy.moml.MoMLSimpleApplication@585617a8
----------------- Done invoking toplevel() on ptolemy.moml.MoMLSimpleApplication@585617a8
reloadAllAccessors: .relationGroup

===========================================================================================
----------------- testing Wed Sep 08 18:58:08 UTC 2021 /home/travis/build/icyphy/ptII/ptolemy/domains/de/test/auto/relationGroup2.xml
----------------- Instantiating /home/travis/build/icyphy/ptII/ptolemy/domains/de/test/auto/relationGroup2.xml
1 ms. Memory: 410624K Free: 365300K (89%)
----------------- Invoking toplevel() on ptolemy.moml.MoMLSimpleApplication@66bb8778
----------------- Done invoking toplevel() on ptolemy.moml.MoMLSimpleApplication@66bb8778
reloadAllAccessors: .relationGroup2

===========================================================================================
----------------- testing Wed Sep 08 18:58:08 UTC 2021 /home/travis/build/icyphy/ptII/ptolemy/domains/de/test/auto/sortWithOpaquePorts.xml
----------------- Instantiating /home/travis/build/icyphy/ptII/ptolemy/domains/de/test/auto/sortWithOpaquePorts.xml
2 ms. Memory: 410624K Free: 360694K (88%)
----------------- Invoking toplevel() on ptolemy.moml.MoMLSimpleApplication@1f4ae451
----------------- Done invoking toplevel() on ptolemy.moml.MoMLSimpleApplication@1f4ae451
reloadAllAccessors: .sortWithOpaquePorts

===========================================================================================
----------------- testing Wed Sep 08 18:58:08 UTC 2021 /home/travis/build/icyphy/ptII/ptolemy/domains/de/test/auto/transferInputsandOutputs.xml
----------------- Instantiating /home/travis/build/icyphy/ptII/ptolemy/domains/de/test/auto/transferInputsandOutputs.xml
2 ms. Memory: 410624K Free: 353526K (86%)
----------------- Invoking toplevel() on ptolemy.moml.MoMLSimpleApplication@690d1a59
----------------- Done invoking toplevel() on ptolemy.moml.MoMLSimpleApplication@690d1a59
reloadAllAccessors: .transferInputsandOutputs

===========================================================================================
----------------- testing Wed Sep 08 18:58:08 UTC 2021 /home/travis/build/icyphy/ptII/ptolemy/domains/de/test/auto/triggerType.xml
----------------- Instantiating /home/travis/build/icyphy/ptII/ptolemy/domains/de/test/auto/triggerType.xml
1 ms. Memory: 410624K Free: 349430K (85%)
----------------- Invoking toplevel() on ptolemy.moml.MoMLSimpleApplication@46a948fb
----------------- Done invoking toplevel() on ptolemy.moml.MoMLSimpleApplication@46a948fb
reloadAllAccessors: .triggerType
AutoTests.java: About to close Vertx.
AutoTests.java: Vertx closed.
]]></system-out>
  <system-err><![CDATA[java.lang.RuntimeException: Execution failed
	at ptolemy.moml.MoMLSimpleApplication$UnloadThread.run(MoMLSimpleApplication.java:402)
Caused by: ptolemy.kernel.util.IllegalActionException: Found a zero delay loop containing .dependencyLoop.original
  in .dependencyLoop and .dependencyLoop.original
	at ptolemy.actor.util.CausalityInterfaceForComposites._computeOutputPortDepth(CausalityInterfaceForComposites.java:759)
	at ptolemy.actor.util.CausalityInterfaceForComposites._computeInputDepth(CausalityInterfaceForComposites.java:696)
	at ptolemy.actor.util.CausalityInterfaceForComposites._computeOutputPortDepth(CausalityInterfaceForComposites.java:765)
	at ptolemy.actor.util.CausalityInterfaceForComposites._computeInputDepth(CausalityInterfaceForComposites.java:696)
	at ptolemy.actor.util.CausalityInterfaceForComposites._computeOutputPortDepth(CausalityInterfaceForComposites.java:765)
	at ptolemy.actor.util.CausalityInterfaceForComposites._computeInputDepth(CausalityInterfaceForComposites.java:696)
	at ptolemy.actor.util.CausalityInterfaceForComposites._computeActorDepth(CausalityInterfaceForComposites.java:532)
	at ptolemy.actor.util.CausalityInterfaceForComposites.checkForCycles(CausalityInterfaceForComposites.java:96)
	at ptolemy.domains.de.kernel.DEDirector.preinitialize(DEDirector.java:1338)
	at ptolemy.actor.CompositeActor.preinitialize(CompositeActor.java:1828)
	at ptolemy.actor.Manager.preinitializeAndResolveTypes(Manager.java:1040)
	at ptolemy.actor.Manager.initialize(Manager.java:710)
	at ptolemy.actor.Manager.execute(Manager.java:356)
	at ptolemy.actor.Manager.run(Manager.java:1263)
	at ptolemy.actor.Manager$PtolemyRunThread.run(Manager.java:1933)
java.lang.RuntimeException: Execution failed
	at ptolemy.moml.MoMLSimpleApplication$UnloadThread.run(MoMLSimpleApplication.java:402)
Caused by: ptolemy.kernel.util.IllegalActionException: Found a zero delay loop containing .dependencyLoop2.original
  in .dependencyLoop2 and .dependencyLoop2.original
	at ptolemy.actor.util.CausalityInterfaceForComposites._computeOutputPortDepth(CausalityInterfaceForComposites.java:759)
	at ptolemy.actor.util.CausalityInterfaceForComposites._computeInputDepth(CausalityInterfaceForComposites.java:696)
	at ptolemy.actor.util.CausalityInterfaceForComposites._computeOutputPortDepth(CausalityInterfaceForComposites.java:765)
	at ptolemy.actor.util.CausalityInterfaceForComposites._computeInputDepth(CausalityInterfaceForComposites.java:696)
	at ptolemy.actor.util.CausalityInterfaceForComposites._computeOutputPortDepth(CausalityInterfaceForComposites.java:765)
	at ptolemy.actor.util.CausalityInterfaceForComposites._computeInputDepth(CausalityInterfaceForComposites.java:696)
	at ptolemy.actor.util.CausalityInterfaceForComposites._computeActorDepth(CausalityInterfaceForComposites.java:532)
	at ptolemy.actor.util.CausalityInterfaceForComposites.checkForCycles(CausalityInterfaceForComposites.java:96)
	at ptolemy.domains.de.kernel.DEDirector.preinitialize(DEDirector.java:1338)
	at ptolemy.actor.CompositeActor.preinitialize(CompositeActor.java:1828)
	at ptolemy.actor.Manager.preinitializeAndResolveTypes(Manager.java:1040)
	at ptolemy.actor.Manager.initialize(Manager.java:710)
	at ptolemy.actor.Manager.execute(Manager.java:356)
	at ptolemy.actor.Manager.run(Manager.java:1263)
	at ptolemy.actor.Manager$PtolemyRunThread.run(Manager.java:1933)
java.lang.RuntimeException: Execution failed
	at ptolemy.moml.MoMLSimpleApplication$UnloadThread.run(MoMLSimpleApplication.java:402)
Caused by: ptolemy.kernel.util.IllegalActionException: Test fails in iteration 1.
Value was: 1.0. Should have been: 2.0
  in .DirectFeedback.Test
	at ptolemy.actor.lib.Test.fire(Test.java:268)
	at ptolemy.domains.de.kernel.DEDirector._fire(DEDirector.java:1949)
	at ptolemy.domains.de.kernel.DEDirector.fire(DEDirector.java:502)
	at ptolemy.actor.CompositeActor.fire(CompositeActor.java:455)
	at ptolemy.actor.Manager.iterate(Manager.java:851)
	at ptolemy.actor.Manager.execute(Manager.java:369)
	at ptolemy.actor.Manager.run(Manager.java:1263)
	at ptolemy.actor.Manager$PtolemyRunThread.run(Manager.java:1933)
java.lang.RuntimeException: Execution failed
	at ptolemy.moml.MoMLSimpleApplication$UnloadThread.run(MoMLSimpleApplication.java:402)
Caused by: ptolemy.kernel.util.IllegalActionException: Found a zero delay loop containing .dependencyLoop.original
  in .dependencyLoop and .dependencyLoop.original
	at ptolemy.actor.util.CausalityInterfaceForComposites._computeOutputPortDepth(CausalityInterfaceForComposites.java:759)
	at ptolemy.actor.util.CausalityInterfaceForComposites._computeInputDepth(CausalityInterfaceForComposites.java:696)
	at ptolemy.actor.util.CausalityInterfaceForComposites._computeOutputPortDepth(CausalityInterfaceForComposites.java:765)
	at ptolemy.actor.util.CausalityInterfaceForComposites._computeInputDepth(CausalityInterfaceForComposites.java:696)
	at ptolemy.actor.util.CausalityInterfaceForComposites._computeOutputPortDepth(CausalityInterfaceForComposites.java:765)
	at ptolemy.actor.util.CausalityInterfaceForComposites._computeInputDepth(CausalityInterfaceForComposites.java:696)
	at ptolemy.actor.util.CausalityInterfaceForComposites._computeActorDepth(CausalityInterfaceForComposites.java:532)
	at ptolemy.actor.util.CausalityInterfaceForComposites.checkForCycles(CausalityInterfaceForComposites.java:96)
	at ptolemy.domains.de.kernel.DEDirector.preinitialize(DEDirector.java:1338)
	at ptolemy.actor.CompositeActor.preinitialize(CompositeActor.java:1828)
	at ptolemy.actor.Manager.preinitializeAndResolveTypes(Manager.java:1040)
	at ptolemy.actor.Manager.initialize(Manager.java:710)
	at ptolemy.actor.Manager.execute(Manager.java:356)
	at ptolemy.actor.Manager.run(Manager.java:1263)
	at ptolemy.actor.Manager$PtolemyRunThread.run(Manager.java:1933)
java.lang.RuntimeException: Execution failed
	at ptolemy.moml.MoMLSimpleApplication$UnloadThread.run(MoMLSimpleApplication.java:402)
Caused by: ptolemy.kernel.util.IllegalActionException: Found a zero delay loop containing .HierarchicalModel.A
  in .HierarchicalModel and .HierarchicalModel.A
	at ptolemy.actor.util.CausalityInterfaceForComposites._computeOutputPortDepth(CausalityInterfaceForComposites.java:759)
	at ptolemy.actor.util.CausalityInterfaceForComposites._computeInputDepth(CausalityInterfaceForComposites.java:696)
	at ptolemy.actor.util.CausalityInterfaceForComposites._computeOutputPortDepth(CausalityInterfaceForComposites.java:765)
	at ptolemy.actor.util.CausalityInterfaceForComposites._computeInputDepth(CausalityInterfaceForComposites.java:696)
	at ptolemy.actor.util.CausalityInterfaceForComposites._computeOutputPortDepth(CausalityInterfaceForComposites.java:765)
	at ptolemy.actor.util.CausalityInterfaceForComposites._computeInputDepth(CausalityInterfaceForComposites.java:696)
	at ptolemy.actor.util.CausalityInterfaceForComposites._computeActorDepth(CausalityInterfaceForComposites.java:532)
	at ptolemy.actor.util.CausalityInterfaceForComposites.checkForCycles(CausalityInterfaceForComposites.java:96)
	at ptolemy.domains.de.kernel.DEDirector.preinitialize(DEDirector.java:1338)
	at ptolemy.actor.CompositeActor.preinitialize(CompositeActor.java:1828)
	at ptolemy.actor.Manager.preinitializeAndResolveTypes(Manager.java:1040)
	at ptolemy.actor.Manager.initialize(Manager.java:710)
	at ptolemy.actor.Manager.execute(Manager.java:356)
	at ptolemy.actor.Manager.run(Manager.java:1263)
	at ptolemy.actor.Manager$PtolemyRunThread.run(Manager.java:1933)
java.lang.RuntimeException: Execution failed
	at ptolemy.moml.MoMLSimpleApplication$UnloadThread.run(MoMLSimpleApplication.java:402)
Caused by: ptolemy.kernel.util.IllegalActionException: Found a zero delay loop containing .dependencyLoop2.original
  in .dependencyLoop2 and .dependencyLoop2.original
	at ptolemy.actor.util.CausalityInterfaceForComposites._computeOutputPortDepth(CausalityInterfaceForComposites.java:759)
	at ptolemy.actor.util.CausalityInterfaceForComposites._computeInputDepth(CausalityInterfaceForComposites.java:696)
	at ptolemy.actor.util.CausalityInterfaceForComposites._computeOutputPortDepth(CausalityInterfaceForComposites.java:765)
	at ptolemy.actor.util.CausalityInterfaceForComposites._computeInputDepth(CausalityInterfaceForComposites.java:696)
	at ptolemy.actor.util.CausalityInterfaceForComposites._computeOutputPortDepth(CausalityInterfaceForComposites.java:765)
	at ptolemy.actor.util.CausalityInterfaceForComposites._computeInputDepth(CausalityInterfaceForComposites.java:696)
	at ptolemy.actor.util.CausalityInterfaceForComposites._computeActorDepth(CausalityInterfaceForComposites.java:532)
	at ptolemy.actor.util.CausalityInterfaceForComposites.checkForCycles(CausalityInterfaceForComposites.java:96)
	at ptolemy.domains.de.kernel.DEDirector.preinitialize(DEDirector.java:1338)
	at ptolemy.actor.CompositeActor.preinitialize(CompositeActor.java:1828)
	at ptolemy.actor.Manager.preinitializeAndResolveTypes(Manager.java:1040)
	at ptolemy.actor.Manager.initialize(Manager.java:710)
	at ptolemy.actor.Manager.execute(Manager.java:356)
	at ptolemy.actor.Manager.run(Manager.java:1263)
	at ptolemy.actor.Manager$PtolemyRunThread.run(Manager.java:1933)
java.lang.RuntimeException: Execution failed
	at ptolemy.moml.MoMLSimpleApplication$UnloadThread.run(MoMLSimpleApplication.java:402)
Caused by: ptolemy.kernel.util.IllegalActionException: Actor is not ready to fire.  Perhaps UpSample.prefire() returned false? Try debugging the actor by selecting "Listen to Actor".  Also, for SDF check moml for tokenConsumptionRate on input.
  in .DESDFClockTest.Play Bell.Copy1:SDF Director and .DESDFClockTest.Play Bell.UpSample
	at ptolemy.actor.sched.StaticSchedulingDirector.fire(StaticSchedulingDirector.java:227)
	at ptolemy.domains.sdf.kernel.SDFDirector.fire(SDFDirector.java:500)
	at ptolemy.actor.CompositeActor.fire(CompositeActor.java:455)
	at ptolemy.domains.de.kernel.DEDirector._fire(DEDirector.java:1949)
	at ptolemy.domains.de.kernel.DEDirector.fire(DEDirector.java:502)
	at ptolemy.actor.CompositeActor.fire(CompositeActor.java:455)
	at ptolemy.actor.Manager.iterate(Manager.java:851)
	at ptolemy.actor.Manager.execute(Manager.java:369)
	at ptolemy.actor.Manager.run(Manager.java:1263)
	at ptolemy.actor.Manager$PtolemyRunThread.run(Manager.java:1933)
java.lang.RuntimeException: Execution failed
	at ptolemy.moml.MoMLSimpleApplication$UnloadThread.run(MoMLSimpleApplication.java:402)
Caused by: ptolemy.kernel.util.IllegalActionException: Actor is not ready to fire.  Perhaps UpSample.prefire() returned false? Try debugging the actor by selecting "Listen to Actor".  Also, for SDF check moml for tokenConsumptionRate on input.
  in .DESDFClockTest.Play Bell.Copy1:SDF Director and .DESDFClockTest.Play Bell.UpSample
	at ptolemy.actor.sched.StaticSchedulingDirector.fire(StaticSchedulingDirector.java:227)
	at ptolemy.domains.sdf.kernel.SDFDirector.fire(SDFDirector.java:500)
	at ptolemy.actor.CompositeActor.fire(CompositeActor.java:455)
	at ptolemy.domains.de.kernel.DEDirector._fire(DEDirector.java:1949)
	at ptolemy.domains.de.kernel.DEDirector.fire(DEDirector.java:502)
	at ptolemy.actor.CompositeActor.fire(CompositeActor.java:455)
	at ptolemy.actor.Manager.iterate(Manager.java:851)
	at ptolemy.actor.Manager.execute(Manager.java:369)
	at ptolemy.actor.Manager.run(Manager.java:1263)
	at ptolemy.actor.Manager$PtolemyRunThread.run(Manager.java:1933)
java.lang.reflect.InvocationTargetException
	at java.base/jdk.internal.reflect.NativeConstructorAccessorImpl.newInstance0(Native Method)
	at java.base/jdk.internal.reflect.NativeConstructorAccessorImpl.newInstance(NativeConstructorAccessorImpl.java:62)
	at java.base/jdk.internal.reflect.DelegatingConstructorAccessorImpl.newInstance(DelegatingConstructorAccessorImpl.java:45)
	at java.base/java.lang.reflect.Constructor.newInstance(Constructor.java:490)
	at ptolemy.util.test.junit.AutoKnownFailedTests.RunModel(AutoKnownFailedTests.java:105)
	at java.base/jdk.internal.reflect.NativeMethodAccessorImpl.invoke0(Native Method)
	at java.base/jdk.internal.reflect.NativeMethodAccessorImpl.invoke(NativeMethodAccessorImpl.java:62)
	at java.base/jdk.internal.reflect.DelegatingMethodAccessorImpl.invoke(DelegatingMethodAccessorImpl.java:43)
	at java.base/java.lang.reflect.Method.invoke(Method.java:566)
	at org.junit.runners.model.FrameworkMethod$1.runReflectiveCall(FrameworkMethod.java:44)
	at org.junit.internal.runners.model.ReflectiveCallable.run(ReflectiveCallable.java:15)
	at org.junit.runners.model.FrameworkMethod.invokeExplosively(FrameworkMethod.java:41)
	at junitparams.internal.InvokeParameterisedMethod.evaluate(InvokeParameterisedMethod.java:102)
	at org.junit.internal.runners.statements.FailOnTimeout$1.run(FailOnTimeout.java:28)
Caused by: ptolemy.kernel.util.IllegalActionException: Actor is not ready to fire.  Perhaps UpSample.prefire() returned false? Try debugging the actor by selecting "Listen to Actor".  Also, for SDF check moml for tokenConsumptionRate on input.
  in .DESDFClockTest.Play Bell.Copy1:SDF Director and .DESDFClockTest.Play Bell.UpSample
	at ptolemy.actor.sched.StaticSchedulingDirector.fire(StaticSchedulingDirector.java:227)
	at ptolemy.domains.sdf.kernel.SDFDirector.fire(SDFDirector.java:500)
	at ptolemy.actor.CompositeActor.fire(CompositeActor.java:455)
	at ptolemy.domains.de.kernel.DEDirector._fire(DEDirector.java:1949)
	at ptolemy.domains.de.kernel.DEDirector.fire(DEDirector.java:502)
	at ptolemy.actor.CompositeActor.fire(CompositeActor.java:455)
	at ptolemy.actor.Manager.iterate(Manager.java:851)
	at ptolemy.actor.Manager.execute(Manager.java:369)
	at ptolemy.actor.Manager.run(Manager.java:1263)
	at ptolemy.actor.Manager$PtolemyRunThread.run(Manager.java:1933)
java.lang.RuntimeException: Execution failed
	at ptolemy.moml.MoMLSimpleApplication$UnloadThread.run(MoMLSimpleApplication.java:402)
Caused by: ptolemy.kernel.util.IllegalActionException: Test fails in iteration 1.
Value was: 1.0. Should have been: 2.0
  in .DirectFeedback.Test
	at ptolemy.actor.lib.Test.fire(Test.java:268)
	at ptolemy.domains.de.kernel.DEDirector._fire(DEDirector.java:1949)
	at ptolemy.domains.de.kernel.DEDirector.fire(DEDirector.java:502)
	at ptolemy.actor.CompositeActor.fire(CompositeActor.java:455)
	at ptolemy.actor.Manager.iterate(Manager.java:851)
	at ptolemy.actor.Manager.execute(Manager.java:369)
	at ptolemy.actor.Manager.run(Manager.java:1263)
	at ptolemy.actor.Manager$PtolemyRunThread.run(Manager.java:1933)
java.lang.reflect.InvocationTargetException
	at java.base/jdk.internal.reflect.NativeConstructorAccessorImpl.newInstance0(Native Method)
	at java.base/jdk.internal.reflect.NativeConstructorAccessorImpl.newInstance(NativeConstructorAccessorImpl.java:62)
	at java.base/jdk.internal.reflect.DelegatingConstructorAccessorImpl.newInstance(DelegatingConstructorAccessorImpl.java:45)
	at java.base/java.lang.reflect.Constructor.newInstance(Constructor.java:490)
	at ptolemy.util.test.junit.AutoKnownFailedTests.RunModel(AutoKnownFailedTests.java:105)
	at java.base/jdk.internal.reflect.NativeMethodAccessorImpl.invoke0(Native Method)
	at java.base/jdk.internal.reflect.NativeMethodAccessorImpl.invoke(NativeMethodAccessorImpl.java:62)
	at java.base/jdk.internal.reflect.DelegatingMethodAccessorImpl.invoke(DelegatingMethodAccessorImpl.java:43)
	at java.base/java.lang.reflect.Method.invoke(Method.java:566)
	at org.junit.runners.model.FrameworkMethod$1.runReflectiveCall(FrameworkMethod.java:44)
	at org.junit.internal.runners.model.ReflectiveCallable.run(ReflectiveCallable.java:15)
	at org.junit.runners.model.FrameworkMethod.invokeExplosively(FrameworkMethod.java:41)
	at junitparams.internal.InvokeParameterisedMethod.evaluate(InvokeParameterisedMethod.java:102)
	at org.junit.internal.runners.statements.FailOnTimeout$1.run(FailOnTimeout.java:28)
Caused by: ptolemy.kernel.util.IllegalActionException: Test fails in iteration 1.
Value was: 1.0. Should have been: 2.0
  in .DirectFeedback.Test
	at ptolemy.actor.lib.Test.fire(Test.java:268)
	at ptolemy.domains.de.kernel.DEDirector._fire(DEDirector.java:1949)
	at ptolemy.domains.de.kernel.DEDirector.fire(DEDirector.java:502)
	at ptolemy.actor.CompositeActor.fire(CompositeActor.java:455)
	at ptolemy.actor.Manager.iterate(Manager.java:851)
	at ptolemy.actor.Manager.execute(Manager.java:369)
	at ptolemy.actor.Manager.run(Manager.java:1263)
	at ptolemy.actor.Manager$PtolemyRunThread.run(Manager.java:1933)
java.lang.RuntimeException: Execution failed
	at ptolemy.moml.MoMLSimpleApplication$UnloadThread.run(MoMLSimpleApplication.java:402)
Caused by: ptolemy.kernel.util.IllegalActionException: Found a zero delay loop containing .HierarchicalModel.A
  in .HierarchicalModel and .HierarchicalModel.A
	at ptolemy.actor.util.CausalityInterfaceForComposites._computeOutputPortDepth(CausalityInterfaceForComposites.java:759)
	at ptolemy.actor.util.CausalityInterfaceForComposites._computeInputDepth(CausalityInterfaceForComposites.java:696)
	at ptolemy.actor.util.CausalityInterfaceForComposites._computeOutputPortDepth(CausalityInterfaceForComposites.java:765)
	at ptolemy.actor.util.CausalityInterfaceForComposites._computeInputDepth(CausalityInterfaceForComposites.java:696)
	at ptolemy.actor.util.CausalityInterfaceForComposites._computeOutputPortDepth(CausalityInterfaceForComposites.java:765)
	at ptolemy.actor.util.CausalityInterfaceForComposites._computeInputDepth(CausalityInterfaceForComposites.java:696)
	at ptolemy.actor.util.CausalityInterfaceForComposites._computeActorDepth(CausalityInterfaceForComposites.java:532)
	at ptolemy.actor.util.CausalityInterfaceForComposites.checkForCycles(CausalityInterfaceForComposites.java:96)
	at ptolemy.domains.de.kernel.DEDirector.preinitialize(DEDirector.java:1338)
	at ptolemy.actor.CompositeActor.preinitialize(CompositeActor.java:1828)
	at ptolemy.actor.Manager.preinitializeAndResolveTypes(Manager.java:1040)
	at ptolemy.actor.Manager.initialize(Manager.java:710)
	at ptolemy.actor.Manager.execute(Manager.java:356)
	at ptolemy.actor.Manager.run(Manager.java:1263)
	at ptolemy.actor.Manager$PtolemyRunThread.run(Manager.java:1933)
java.lang.reflect.InvocationTargetException
	at java.base/jdk.internal.reflect.NativeConstructorAccessorImpl.newInstance0(Native Method)
	at java.base/jdk.internal.reflect.NativeConstructorAccessorImpl.newInstance(NativeConstructorAccessorImpl.java:62)
	at java.base/jdk.internal.reflect.DelegatingConstructorAccessorImpl.newInstance(DelegatingConstructorAccessorImpl.java:45)
	at java.base/java.lang.reflect.Constructor.newInstance(Constructor.java:490)
	at ptolemy.util.test.junit.AutoKnownFailedTests.RunModel(AutoKnownFailedTests.java:105)
	at java.base/jdk.internal.reflect.NativeMethodAccessorImpl.invoke0(Native Method)
	at java.base/jdk.internal.reflect.NativeMethodAccessorImpl.invoke(NativeMethodAccessorImpl.java:62)
	at java.base/jdk.internal.reflect.DelegatingMethodAccessorImpl.invoke(DelegatingMethodAccessorImpl.java:43)
	at java.base/java.lang.reflect.Method.invoke(Method.java:566)
	at org.junit.runners.model.FrameworkMethod$1.runReflectiveCall(FrameworkMethod.java:44)
	at org.junit.internal.runners.model.ReflectiveCallable.run(ReflectiveCallable.java:15)
	at org.junit.runners.model.FrameworkMethod.invokeExplosively(FrameworkMethod.java:41)
	at junitparams.internal.InvokeParameterisedMethod.evaluate(InvokeParameterisedMethod.java:102)
	at org.junit.internal.runners.statements.FailOnTimeout$1.run(FailOnTimeout.java:28)
Caused by: ptolemy.kernel.util.IllegalActionException: Found a zero delay loop containing .HierarchicalModel.A
  in .HierarchicalModel and .HierarchicalModel.A
	at ptolemy.actor.util.CausalityInterfaceForComposites._computeOutputPortDepth(CausalityInterfaceForComposites.java:759)
	at ptolemy.actor.util.CausalityInterfaceForComposites._computeInputDepth(CausalityInterfaceForComposites.java:696)
	at ptolemy.actor.util.CausalityInterfaceForComposites._computeOutputPortDepth(CausalityInterfaceForComposites.java:765)
	at ptolemy.actor.util.CausalityInterfaceForComposites._computeInputDepth(CausalityInterfaceForComposites.java:696)
	at ptolemy.actor.util.CausalityInterfaceForComposites._computeOutputPortDepth(CausalityInterfaceForComposites.java:765)
	at ptolemy.actor.util.CausalityInterfaceForComposites._computeInputDepth(CausalityInterfaceForComposites.java:696)
	at ptolemy.actor.util.CausalityInterfaceForComposites._computeActorDepth(CausalityInterfaceForComposites.java:532)
	at ptolemy.actor.util.CausalityInterfaceForComposites.checkForCycles(CausalityInterfaceForComposites.java:96)
	at ptolemy.domains.de.kernel.DEDirector.preinitialize(DEDirector.java:1338)
	at ptolemy.actor.CompositeActor.preinitialize(CompositeActor.java:1828)
	at ptolemy.actor.Manager.preinitializeAndResolveTypes(Manager.java:1040)
	at ptolemy.actor.Manager.initialize(Manager.java:710)
	at ptolemy.actor.Manager.execute(Manager.java:356)
	at ptolemy.actor.Manager.run(Manager.java:1263)
	at ptolemy.actor.Manager$PtolemyRunThread.run(Manager.java:1933)
java.lang.RuntimeException: Execution failed
	at ptolemy.moml.MoMLSimpleApplication$UnloadThread.run(MoMLSimpleApplication.java:402)
Caused by: ptolemy.kernel.util.IllegalActionException: Found a zero delay loop containing .dependencyLoop.original
  in .dependencyLoop and .dependencyLoop.original
	at ptolemy.actor.util.CausalityInterfaceForComposites._computeOutputPortDepth(CausalityInterfaceForComposites.java:759)
	at ptolemy.actor.util.CausalityInterfaceForComposites._computeInputDepth(CausalityInterfaceForComposites.java:696)
	at ptolemy.actor.util.CausalityInterfaceForComposites._computeOutputPortDepth(CausalityInterfaceForComposites.java:765)
	at ptolemy.actor.util.CausalityInterfaceForComposites._computeInputDepth(CausalityInterfaceForComposites.java:696)
	at ptolemy.actor.util.CausalityInterfaceForComposites._computeOutputPortDepth(CausalityInterfaceForComposites.java:765)
	at ptolemy.actor.util.CausalityInterfaceForComposites._computeInputDepth(CausalityInterfaceForComposites.java:696)
	at ptolemy.actor.util.CausalityInterfaceForComposites._computeActorDepth(CausalityInterfaceForComposites.java:532)
	at ptolemy.actor.util.CausalityInterfaceForComposites.checkForCycles(CausalityInterfaceForComposites.java:96)
	at ptolemy.domains.de.kernel.DEDirector.preinitialize(DEDirector.java:1338)
	at ptolemy.actor.CompositeActor.preinitialize(CompositeActor.java:1828)
	at ptolemy.actor.Manager.preinitializeAndResolveTypes(Manager.java:1040)
	at ptolemy.actor.Manager.initialize(Manager.java:710)
	at ptolemy.actor.Manager.execute(Manager.java:356)
	at ptolemy.actor.Manager.run(Manager.java:1263)
	at ptolemy.actor.Manager$PtolemyRunThread.run(Manager.java:1933)
java.lang.reflect.InvocationTargetException
	at java.base/jdk.internal.reflect.NativeConstructorAccessorImpl.newInstance0(Native Method)
	at java.base/jdk.internal.reflect.NativeConstructorAccessorImpl.newInstance(NativeConstructorAccessorImpl.java:62)
	at java.base/jdk.internal.reflect.DelegatingConstructorAccessorImpl.newInstance(DelegatingConstructorAccessorImpl.java:45)
	at java.base/java.lang.reflect.Constructor.newInstance(Constructor.java:490)
	at ptolemy.util.test.junit.AutoKnownFailedTests.RunModel(AutoKnownFailedTests.java:105)
	at java.base/jdk.internal.reflect.NativeMethodAccessorImpl.invoke0(Native Method)
	at java.base/jdk.internal.reflect.NativeMethodAccessorImpl.invoke(NativeMethodAccessorImpl.java:62)
	at java.base/jdk.internal.reflect.DelegatingMethodAccessorImpl.invoke(DelegatingMethodAccessorImpl.java:43)
	at java.base/java.lang.reflect.Method.invoke(Method.java:566)
	at org.junit.runners.model.FrameworkMethod$1.runReflectiveCall(FrameworkMethod.java:44)
	at org.junit.internal.runners.model.ReflectiveCallable.run(ReflectiveCallable.java:15)
	at org.junit.runners.model.FrameworkMethod.invokeExplosively(FrameworkMethod.java:41)
	at junitparams.internal.InvokeParameterisedMethod.evaluate(InvokeParameterisedMethod.java:102)
	at org.junit.internal.runners.statements.FailOnTimeout$1.run(FailOnTimeout.java:28)
Caused by: ptolemy.kernel.util.IllegalActionException: Found a zero delay loop containing .dependencyLoop.original
  in .dependencyLoop and .dependencyLoop.original
	at ptolemy.actor.util.CausalityInterfaceForComposites._computeOutputPortDepth(CausalityInterfaceForComposites.java:759)
	at ptolemy.actor.util.CausalityInterfaceForComposites._computeInputDepth(CausalityInterfaceForComposites.java:696)
	at ptolemy.actor.util.CausalityInterfaceForComposites._computeOutputPortDepth(CausalityInterfaceForComposites.java:765)
	at ptolemy.actor.util.CausalityInterfaceForComposites._computeInputDepth(CausalityInterfaceForComposites.java:696)
	at ptolemy.actor.util.CausalityInterfaceForComposites._computeOutputPortDepth(CausalityInterfaceForComposites.java:765)
	at ptolemy.actor.util.CausalityInterfaceForComposites._computeInputDepth(CausalityInterfaceForComposites.java:696)
	at ptolemy.actor.util.CausalityInterfaceForComposites._computeActorDepth(CausalityInterfaceForComposites.java:532)
	at ptolemy.actor.util.CausalityInterfaceForComposites.checkForCycles(CausalityInterfaceForComposites.java:96)
	at ptolemy.domains.de.kernel.DEDirector.preinitialize(DEDirector.java:1338)
	at ptolemy.actor.CompositeActor.preinitialize(CompositeActor.java:1828)
	at ptolemy.actor.Manager.preinitializeAndResolveTypes(Manager.java:1040)
	at ptolemy.actor.Manager.initialize(Manager.java:710)
	at ptolemy.actor.Manager.execute(Manager.java:356)
	at ptolemy.actor.Manager.run(Manager.java:1263)
	at ptolemy.actor.Manager$PtolemyRunThread.run(Manager.java:1933)
java.lang.RuntimeException: Execution failed
	at ptolemy.moml.MoMLSimpleApplication$UnloadThread.run(MoMLSimpleApplication.java:402)
Caused by: ptolemy.kernel.util.IllegalActionException: Found a zero delay loop containing .dependencyLoop2.original
  in .dependencyLoop2 and .dependencyLoop2.original
	at ptolemy.actor.util.CausalityInterfaceForComposites._computeOutputPortDepth(CausalityInterfaceForComposites.java:759)
	at ptolemy.actor.util.CausalityInterfaceForComposites._computeInputDepth(CausalityInterfaceForComposites.java:696)
	at ptolemy.actor.util.CausalityInterfaceForComposites._computeOutputPortDepth(CausalityInterfaceForComposites.java:765)
	at ptolemy.actor.util.CausalityInterfaceForComposites._computeInputDepth(CausalityInterfaceForComposites.java:696)
	at ptolemy.actor.util.CausalityInterfaceForComposites._computeOutputPortDepth(CausalityInterfaceForComposites.java:765)
	at ptolemy.actor.util.CausalityInterfaceForComposites._computeInputDepth(CausalityInterfaceForComposites.java:696)
	at ptolemy.actor.util.CausalityInterfaceForComposites._computeActorDepth(CausalityInterfaceForComposites.java:532)
	at ptolemy.actor.util.CausalityInterfaceForComposites.checkForCycles(CausalityInterfaceForComposites.java:96)
	at ptolemy.domains.de.kernel.DEDirector.preinitialize(DEDirector.java:1338)
	at ptolemy.actor.CompositeActor.preinitialize(CompositeActor.java:1828)
	at ptolemy.actor.Manager.preinitializeAndResolveTypes(Manager.java:1040)
	at ptolemy.actor.Manager.initialize(Manager.java:710)
	at ptolemy.actor.Manager.execute(Manager.java:356)
	at ptolemy.actor.Manager.run(Manager.java:1263)
	at ptolemy.actor.Manager$PtolemyRunThread.run(Manager.java:1933)
java.lang.reflect.InvocationTargetException
	at java.base/jdk.internal.reflect.NativeConstructorAccessorImpl.newInstance0(Native Method)
	at java.base/jdk.internal.reflect.NativeConstructorAccessorImpl.newInstance(NativeConstructorAccessorImpl.java:62)
	at java.base/jdk.internal.reflect.DelegatingConstructorAccessorImpl.newInstance(DelegatingConstructorAccessorImpl.java:45)
	at java.base/java.lang.reflect.Constructor.newInstance(Constructor.java:490)
	at ptolemy.util.test.junit.AutoKnownFailedTests.RunModel(AutoKnownFailedTests.java:105)
	at java.base/jdk.internal.reflect.NativeMethodAccessorImpl.invoke0(Native Method)
	at java.base/jdk.internal.reflect.NativeMethodAccessorImpl.invoke(NativeMethodAccessorImpl.java:62)
	at java.base/jdk.internal.reflect.DelegatingMethodAccessorImpl.invoke(DelegatingMethodAccessorImpl.java:43)
	at java.base/java.lang.reflect.Method.invoke(Method.java:566)
	at org.junit.runners.model.FrameworkMethod$1.runReflectiveCall(FrameworkMethod.java:44)
	at org.junit.internal.runners.model.ReflectiveCallable.run(ReflectiveCallable.java:15)
	at org.junit.runners.model.FrameworkMethod.invokeExplosively(FrameworkMethod.java:41)
	at junitparams.internal.InvokeParameterisedMethod.evaluate(InvokeParameterisedMethod.java:102)
	at org.junit.internal.runners.statements.FailOnTimeout$1.run(FailOnTimeout.java:28)
Caused by: ptolemy.kernel.util.IllegalActionException: Found a zero delay loop containing .dependencyLoop2.original
  in .dependencyLoop2 and .dependencyLoop2.original
	at ptolemy.actor.util.CausalityInterfaceForComposites._computeOutputPortDepth(CausalityInterfaceForComposites.java:759)
	at ptolemy.actor.util.CausalityInterfaceForComposites._computeInputDepth(CausalityInterfaceForComposites.java:696)
	at ptolemy.actor.util.CausalityInterfaceForComposites._computeOutputPortDepth(CausalityInterfaceForComposites.java:765)
	at ptolemy.actor.util.CausalityInterfaceForComposites._computeInputDepth(CausalityInterfaceForComposites.java:696)
	at ptolemy.actor.util.CausalityInterfaceForComposites._computeOutputPortDepth(CausalityInterfaceForComposites.java:765)
	at ptolemy.actor.util.CausalityInterfaceForComposites._computeInputDepth(CausalityInterfaceForComposites.java:696)
	at ptolemy.actor.util.CausalityInterfaceForComposites._computeActorDepth(CausalityInterfaceForComposites.java:532)
	at ptolemy.actor.util.CausalityInterfaceForComposites.checkForCycles(CausalityInterfaceForComposites.java:96)
	at ptolemy.domains.de.kernel.DEDirector.preinitialize(DEDirector.java:1338)
	at ptolemy.actor.CompositeActor.preinitialize(CompositeActor.java:1828)
	at ptolemy.actor.Manager.preinitializeAndResolveTypes(Manager.java:1040)
	at ptolemy.actor.Manager.initialize(Manager.java:710)
	at ptolemy.actor.Manager.execute(Manager.java:356)
	at ptolemy.actor.Manager.run(Manager.java:1263)
	at ptolemy.actor.Manager$PtolemyRunThread.run(Manager.java:1933)
]]></system-err>
</testsuite>
