<?xml version="1.0" encoding="UTF-8" ?>
<testsuite errors="1" failures="0" hostname="travis-job-0069c683-e941-4ab1-99b3-5c5378370c70" name="ptolemy.actor.lib.test.junit.JUnitTclTest" skipped="0" tests="517" time="66.505" timestamp="2020-09-21T15:52:22">
  <properties>
    <property name="npm.executable" value="npm" />
    <property name="env.TRAVIS_ROOT" value="/" />
    <property name="ptII.mk.exists" value="true" />
    <property name="env.TRAVIS_APP_HOST" value="build.travis-ci.org" />
    <property name="env.rvm_bin_path" value="/home/travis/.rvm/bin" />
    <property name="java.home" value="/usr/local/lib/jvm/openjdk11" />
    <property name="env.TRAVIS_JOB_NUMBER" value="1771.8" />
    <property name="env.TRAVIS_HOME" value="/home/travis" />
    <property name="env.DISPLAY" value=":99.0" />
    <property name="env.TRAVIS_INIT" value="systemd" />
    <property name="env.SSH_TTY" value="/dev/pts/0" />
    <property name="java.net.preferIPv4Stack" value="true" />
    <property name="env.RUN_TESTS" value="true" />
    <property name="timeout.short" value="1000000" />
    <property name="junit.formatter" value="xml" />
    <property name="env.TRAVIS_SUDO" value="true" />
    <property name="env.TRAVIS_JOB_NAME" value="" />
    <property name="env.TRAVIS_STACK_NODE_ATTRIBUTES" value="/.node-attributes.yml" />
    <property name="env.LOGNAME" value="travis" />
    <property name="env.PT_TRAVIS_TEST_CORE1_XML" value="true" />
    <property name="jsdoc.home" value="node_modules/@terraswarm/jsdoc" />
    <property name="debuglevel" value="source,lines,vars" />
    <property name="checkstyle.formatter" value="xml" />
    <property name="bin.vergil.makeable" value="true" />
    <property name="sun.os.patch.level" value="unknown" />
    <property name="java.vendor.url" value="http://java.oracle.com/" />
    <property name="env.TRAVIS_BUILD_WEB_URL" value="https://travis-ci.org/icyphy/ptII/builds/729030155" />
    <property name="java.version" value="11.0.2" />
    <property name="env.TZ" value="UTC" />
    <property name="env.TRAVIS_PULL_REQUEST_SHA" value="" />
    <property name="env.PT_NO_NET" value="true" />
    <property name="env.TRAVIS_SECURE_ENV_VARS" value="true" />
    <property name="java.vendor.url.bug" value="http://bugreport.java.com/bugreport/" />
    <property name="npmjs-org-is-up" value="true" />
    <property name="env.LANGUAGE" value="en_US.UTF-8" />
    <property name="env.SSH_CLIENT" value="10.16.1.84 57036 22" />
    <property name="env.GEM_HOME" value="/home/travis/.rvm/gems/ruby-2.5.3" />
    <property name="env.HAS_ANTARES_THREE_LITTLE_FRONZIES_BADGE" value="true" />
    <property name="java.version.date" value="2019-01-15" />
    <property name="env.PS4" value="+" />
    <property name="ant.project.invoked-targets" value="build,test.core1.xml" />
    <property name="env.TRAVIS_PULL_REQUEST_BRANCH" value="" />
    <property name="env.TRAVIS_REPO_SLUG" value="icyphy/ptII" />
    <property name="env.XDG_DATA_DIRS" value="/usr/local/share:/usr/share:/var/lib/snapd/desktop" />
    <property name="jdk.debug" value="release" />
    <property name="env.TRAVIS_APT_PROXY" value="http://build-cache.travisci.net" />
    <property name="env.TRAVIS_CPU_ARCH" value="amd64" />
    <property name="node.in.path" value="true" />
    <property name="user.name" value="travis" />
    <property name="java.maxmemory" value="1400m" />
    <property name="env.RUBY_VERSION" value="ruby-2.5.3" />
    <property name="env.LANG" value="en_US.UTF-8" />
    <property name="sun.io.unicode.encoding" value="UnicodeLittle" />
    <property name="sun.jnu.encoding" value="UTF-8" />
    <property name="java.runtime.name" value="OpenJDK Runtime Environment" />
    <property name="usefile" value="false" />
    <property name="return.code" value="0" />
    <property name="junit.single.formatter" value="plain" />
    <property name="env.DYLD_LIBRARY_PATH" value="/home/travis/pthla/certi-tools/lib:" />
    <property name="env.DEBIAN_FRONTEND" value="noninteractive" />
    <property name="env.SSH_CONNECTION" value="10.16.1.84 57036 10.20.1.114 22" />
    <property name="env.MYSQL_UNIX_PORT" value="/var/run/mysqld/mysqld.sock" />
    <property name="env.LC_ALL" value="en_US.UTF-8" />
    <property name="env.TRAVIS_ALLOW_FAILURE" value="" />
    <property name="env.TRAVIS_JOB_WEB_URL" value="https://travis-ci.org/icyphy/ptII/jobs/729030168" />
    <property name="java.specification.name" value="Java Platform API Specification" />
    <property name="node.works" value="true" />
    <property name="user.timezone" value="" />
    <property name="path.separator" value=":" />
    <property name="env.TRAVIS_ENABLE_INFRA_DETECTION" value="true" />
    <property name="env.PYTHON_CFLAGS" value="-g -fstack-protector --param=ssp-buffer-size=4 -Wformat -Werror=format-security" />
    <property name="timeout.long" value="4000000" />
    <property name="env.CERTI_HOME" value="/home/travis/pthla/certi-tools" />
    <property name="ant.file.ptII" value="/home/travis/build/icyphy/ptII/build.xml" />
    <property name="javadoc.packagenames" value="com.*,diva.*,lbnl.*,org.hlacerti.*,org.json.*,org.ptolemy.*,org.terraswarm.*,ptolemy.*,ptserver.*" />
    <property name="file.encoding" value="UTF-8" />
    <property name="env.TRAVIS_PULL_REQUEST_SLUG" value="" />
    <property name="ant.project.default-target" value="build" />
    <property name="env.GIT_ASKPASS" value="echo" />
    <property name="env.HOME" value="/home/travis" />
    <property name="sun.java.command" value="org.apache.tools.ant.taskdefs.optional.junit.JUnitTestRunner ptolemy.actor.lib.test.junit.JUnitTclTest skipNonTests=false filtertrace=true haltOnError=false haltOnFailure=false formatter=org.apache.tools.ant.taskdefs.optional.junit.OutErrSummaryJUnitResultFormatter showoutput=true outputtoformatters=true logfailedtests=true threadid=0 logtestlistenerevents=false formatter=org.apache.tools.ant.taskdefs.optional.junit.XMLJUnitResultFormatter,/home/travis/build/icyphy/ptII/reports/junit/TEST-ptolemy.actor.lib.test.junit.JUnitTclTest.xml crashfile=/home/travis/build/icyphy/ptII/junitvmwatcher12562326377661908272.properties propsfile=/home/travis/build/icyphy/ptII/junit5540011245191960242.properties" />
    <property name="env.COMPOSER_NO_INTERACTION" value="1" />
    <property name="env.MANPATH" value="/home/travis/.nvm/versions/node/v7.10.1/share/man:/home/travis/.rvm/rubies/ruby-2.5.3/share/man:/usr/local/cmake-3.12.4/man:/usr/local/clang-7.0.0/share/man:/usr/local/man:/usr/local/share/man:/usr/share/man:/home/travis/.rvm/man" />
    <property name="env.TRAVIS_TIMER_ID" value="0cda23af" />
    <property name="ant.file" value="/home/travis/build/icyphy/ptII/build.xml" />
    <property name="env.TRAVIS_COMMIT_RANGE" value="3bb573e462e9b4151952318d01b7e361e9f419ad...74248200255084cca0f8d02e5ad09f36c0965423" />
    <property name="ptII.classpath.optional.property" value="/home/travis/build/icyphy/ptII/lib/bsh-2.0b4.jar:/home/travis/build/icyphy/ptII/lib/ptCal.jar:/home/travis/build/icyphy/ptII/lib/java_cup.jar:/home/travis/build/icyphy/ptII/lib/saxon8.jar:/home/travis/build/icyphy/ptII/lib/saxon8-dom.jar:/home/travis/build/icyphy/ptII/lib/chic.jar:/home/travis/build/icyphy/ptII/lib/ptcolt.jar:/home/travis/build/icyphy/ptII/vendors/misc/itext/iText.jar:/home/travis/build/icyphy/ptII/lib/g4ltl.jar:/home/travis/build/icyphy/ptII/lib/StructuralCoder.jar:/home/travis/build/icyphy/ptII/lib/jcerti.jar:/home/travis/build/icyphy/ptII/lib/javax.mail.jar:/home/travis/build/icyphy/ptII/vendors/JMF-2.1.1e/lib/jmf.jar:/home/travis/build/icyphy/ptII/lib/jna-4.0.0-variadic.jar:/home/travis/build/icyphy/ptII/vendors/misc/joystick/Joystick.jar:/home/travis/build/icyphy/ptII/lib/ptjacl.jar:/home/travis/build/icyphy/ptII/lib/jsoup-1.8.2.jar:/home/travis/build/icyphy/ptII/lib/junit-4.8.2.jar:/home/travis/build/icyphy/ptII/lib/JUnitParams-0.4.0.jar:/home/travis/build/icyphy/ptII/ptolemy/actor/lib/excel/jxl.jar:/home/travis/build/icyphy/ptII/lib/jython.jar:/home/travis/build/icyphy/ptII/lib/kieler.jar:/home/travis/build/icyphy/ptII/vendors/opencv/share/OpenCV/java/opencv-341.jar:/home/travis/build/icyphy/ptII/lib/oscP5.jar:/home/travis/build/icyphy/ptII/lib/nrjavaserial-3.11.0.devel.jar:/home/travis/build/icyphy/ptII/vendors/j3d/lib/Linux/j3dcore.jar:/home/travis/build/icyphy/ptII/vendors/j3d/lib/Linux/j3dutils.jar:/home/travis/build/icyphy/ptII/vendors/j3d/lib/Linux/vecmath.jar:/home/travis/build/icyphy/ptII/vendors/jogl/lib/Linux/gluegen-rt-natives-linux-amd64.jar:/home/travis/build/icyphy/ptII/vendors/jogl/lib/Linux/gluegen-rt.jar:/home/travis/build/icyphy/ptII/vendors/jogl/lib/Linux/jogl-all-natives-linux-amd64.jar:/home/travis/build/icyphy/ptII/vendors/jogl/lib/Linux/jogl-all.jar:/home/travis/build/icyphy/ptII/ptolemy/distributed/jini/jar/jini-core.jar:/home/travis/build/icyphy/ptII/ptolemy/distributed/jini/jar/jini-ext.jar:/home/travis/build/icyphy/ptII/ptolemy/distributed/jini/jar/sun-util.jar:/home/travis/build/icyphy/ptII/lib/protobuf-java-2.4.1.jar:/home/travis/build/icyphy/ptII/lib/org.eclipse.paho.client.mqttv3.jar:/home/travis/build/icyphy/ptII/lib/mapss.jar:/home/travis/build/icyphy/ptII/ptolemy/actor/ptalon/antlr/antlr.jar:/home/travis/build/icyphy/ptII/lib/JRI.jar:/home/travis/build/icyphy/ptII/lib/commons-lang-2.6.jar:/home/travis/build/icyphy/ptII/lib/commons-logging-1.1.1.jar:/home/travis/build/icyphy/ptII/lib/sootclasses.jar:/home/travis/build/icyphy/ptII/ptolemy/actor/lib/database/mysql-connector-java-5.1.6-bin.jar:/home/travis/build/icyphy/ptII/vendors/misc/sphinx4/sphinx4-data-5prealpha.jar:/home/travis/build/icyphy/ptII/vendors/misc/sphinx4/sphinx4-core-5prealpha.jar:/home/travis/build/icyphy/ptII/lib/PDFRenderer.jar:/home/travis/build/icyphy/ptII/lib/svgSalamander.jar:/home/travis/build/icyphy/ptII/lib/rsyntaxtextarea-2.6.0-SNAPSHOT.jar:/home/travis/build/icyphy/ptII/lib/hazelcast-3.8.2.jar:/home/travis/build/icyphy/ptII/lib/jackson-annotations-2.9.0.jar:/home/travis/build/icyphy/ptII/lib/jackson-core-2.9.3.jar:/home/travis/build/icyphy/ptII/lib/jackson-databind-2.9.3.jar:/home/travis/build/icyphy/ptII/lib/netty-buffer-4.1.19.Final.jar:/home/travis/build/icyphy/ptII/lib/netty-codec-4.1.19.Final.jar:/home/travis/build/icyphy/ptII/lib/netty-codec-dns-4.1.19.Final.jar:/home/travis/build/icyphy/ptII/lib/netty-codec-http-4.1.19.Final.jar:/home/travis/build/icyphy/ptII/lib/netty-codec-http2-4.1.19.Final.jar:/home/travis/build/icyphy/ptII/lib/netty-common-4.1.19.Final.jar:/home/travis/build/icyphy/ptII/lib/netty-handler-4.1.19.Final.jar:/home/travis/build/icyphy/ptII/lib/netty-resolver-4.1.19.Final.jar:/home/travis/build/icyphy/ptII/lib/netty-resolver-dns-4.1.19.Final.jar:/home/travis/build/icyphy/ptII/lib/netty-transport-4.1.19.Final.jar:/home/travis/build/icyphy/ptII/lib/vertx-codegen-3.5.1.jar:/home/travis/build/icyphy/ptII/lib/vertx-core-3.5.2-SNAPSHOT.jar:/home/travis/build/icyphy/ptII/lib/vertx-hazelcast-3.5.1.jar:/home/travis/build/icyphy/ptII/lib/vertx-lang-js-3.5.1.jar:/home/travis/build/icyphy/ptII/lib/vertx-service-proxy-3.5.1.jar:/home/travis/build/icyphy/ptII/lib/vertx-web-3.5.1.jar:/home/travis/build/icyphy/ptII/lib/slf4j-api-1.7.13.jar:/home/travis/build/icyphy/ptII/lib/slf4j-simple-1.7.13.jar:/home/travis/build/icyphy/ptII/lib/webcam-capture-0.3.12.jar:/home/travis/build/icyphy/ptII/lib/bridj-0.7.0.jar:/home/travis/build/icyphy/ptII/lib/xbjlib-1.1.0.nrjavaserial.jar" />
    <property name="timeout" value="2400000" />
    <property name="test.batch" value="**/junit/*.java" />
    <property name="env._" value="/usr/bin/timeout" />
    <property name="java.io.tmpdir" value="/tmp" />
    <property name="user.language" value="en" />
    <property name="env.TRAVIS_INTERNAL_RUBY_REGEX" value="^ruby-(2\.[0-4]\.[0-9]|1\.9\.3)" />
    <property name="env.HISTCONTROL" value="ignoredups:ignorespace" />
    <property name="env.GOROOT" value="/home/travis/.gimme/versions/go1.11.1.linux.amd64" />
    <property name="line.separator" value="&#xa;" />
    <property name="target" value="11" />
    <property name="env.TRAVIS_BUILD_DIR" value="/home/travis/build/icyphy/ptII" />
    <property name="env.ANT_OPTS" value="-Xmx2048m" />
    <property name="ant.file.type" value="file" />
    <property name="ptolemy.ptII.batchMode" value="true" />
    <property name="env.HISTSIZE" value="1000" />
    <property name="env.MERB_ENV" value="test" />
    <property name="java.vm.info" value="mixed mode" />
    <property name="source" value="11" />
    <property name="java.vm.specification.name" value="Java Virtual Machine Specification" />
    <property name="env.TRAVIS_TEST_RESULT" value="0" />
    <property name="jsdoc.command" value="node_modules/@terraswarm/jsdoc/jsdoc.js" />
    <property name="npm.works" value="true" />
    <property name="cobertura.dir" value="/home/travis/build/icyphy/ptII/vendors/cobertura-2.0.3" />
    <property name="jsdoc.command.exists" value="true" />
    <property name="env.rvm_path" value="/home/travis/.rvm" />
    <property name="env.GEM_PATH" value="/home/travis/.rvm/gems/ruby-2.5.3:/home/travis/.rvm/gems/ruby-2.5.3@global" />
    <property name="env.LC_CTYPE" value="en_US.UTF-8" />
    <property name="env.TRAVIS_CMD" value="$PTII/bin/ptIITravisBuild.sh $SECONDS" />
    <property name="java.awt.printerjob" value="sun.print.PSPrinterJob" />
    <property name="env.TRAVIS_STACK_NAME" value="sardonyx" />
    <property name="env.TRAVIS_TIMER_START_TIME" value="1600702822883886736" />
    <property name="ant.version" value="Apache Ant(TM) version 1.10.1 compiled on February 2 2017" />
    <property name="ptII.reports" value="/home/travis/build/icyphy/ptII/reports" />
    <property name="env.TRAVIS_STACK_TIMESTAMP" value="2020-06-24 13:13:18 UTC" />
    <property name="ant.file.type.ptII" value="file" />
    <property name="env.RBENV_SHELL" value="bash" />
    <property name="os.name" value="Linux" />
    <property name="java.specification.vendor" value="Oracle Corporation" />
    <property name="env.rvm_version" value="1.29.10 (latest)" />
    <property name="env.TRAVIS_INFRA" value="unknown" />
    <property name="env.TERM" value="xterm" />
    <property name="java.vm.name" value="OpenJDK 64-Bit Server VM" />
    <property name="env.TRAVIS_BUILD_NUMBER" value="1771" />
    <property name="env.CI" value="true" />
    <property name="java.library.path" value="/home/travis/pthla/certi-tools/lib:/usr/lib/jni:/usr/local/share/OpenCV/java/:/usr/share/OpenCV/java::/usr/java/packages/lib:/usr/lib64:/lib64:/lib:/usr/lib" />
    <property name="jdk.module.path" value="/home/travis/build/icyphy/ptII/vendors/javafx/javafx-sdk-11.0.2/lib:" />
    <property name="env.rvm_prefix" value="/home/travis" />
    <property name="env.PATH" value="/home/travis/pthla/certi-tools/share/scripts:/home/travis/.rvm/gems/ruby-2.5.3/bin:/home/travis/.rvm/gems/ruby-2.5.3@global/bin:/home/travis/.rvm/rubies/ruby-2.5.3/bin:/home/travis/.rvm/bin:/home/travis/.nvm/versions/node/v7.10.1/bin:./node_modules/.bin:/home/travis/build/icyphy/ptII/bin:/home/travis/pthla/certi-tools/bin:/home/travis/bin:/home/travis/.local/bin:/usr/local/lib/jvm/openjdk11/bin:/opt/pyenv/shims:/home/travis/.phpenv/shims:/home/travis/perl5/perlbrew/bin:/home/travis/gopath/bin:/home/travis/.gimme/versions/go1.11.1.linux.amd64/bin:/usr/local/maven-3.6.3/bin:/usr/local/cmake-3.12.4/bin:/usr/local/clang-7.0.0/bin:/usr/local/sbin:/usr/local/bin:/usr/sbin:/usr/bin:/sbin:/bin:/snap/bin:/home/travis/.phpenv/bin:/opt/pyenv/bin:/home/travis/.yarn/bin" />
    <property name="env.TRAVIS_OS_NAME" value="linux" />
    <property name="ant.java.version" value="9" />
    <property name="basedir" value="/home/travis/build/icyphy/ptII" />
    <property name="java.class.version" value="55.0" />
    <property name="env.SHLVL" value="3" />
    <property name="env.LD_LIBRARY_PATH" value="/home/travis/pthla/certi-tools/lib:/usr/lib/jni:/usr/local/share/OpenCV/java/:/usr/share/OpenCV/java:" />
    <property name="env.RACK_ENV" value="test" />
    <property name="ant.home" value="/home/travis/build/icyphy/ptII/ant" />
    <property name="env.NVM_DIR" value="/home/travis/.nvm" />
    <property name="env.CERTI_FOM_PATH" value="/home/travis/pthla/certi-tools/share/federations" />
    <property name="env.TRAVIS_BUILD_ID" value="729030155" />
    <property name="env.PYENV_ROOT" value="/opt/pyenv" />
    <property name="env.TRAVIS_UID" value="2000" />
    <property name="prism.verbose" value="true" />
    <property name="env.NVM_BIN" value="/home/travis/.nvm/versions/node/v7.10.1/bin" />
    <property name="env.TRAVIS_COMMIT" value="74248200255084cca0f8d02e5ad09f36c0965423" />
    <property name="node.executable" value="node" />
    <property name="sun.boot.library.path" value="/usr/local/lib/jvm/openjdk11/lib" />
    <property name="sun.management.compiler" value="HotSpot 64-Bit Tiered Compilers" />
    <property name="java.awt.graphicsenv" value="sun.awt.X11GraphicsEnvironment" />
    <property name="env.GOPATH" value="/home/travis/gopath" />
    <property name="ptolemy.ptII.dir" value="/home/travis/build/icyphy/ptII" />
    <property name="env.USER" value="travis" />
    <property name="env.HISTFILESIZE" value="2000" />
    <property name="env.NVM_INC" value="/home/travis/.nvm/versions/node/v7.10.1/include/node" />
    <property name="timeout.longest" value="19000000" />
    <property name="env.PERLBREW_SHELLRC_VERSION" value="0.88" />
    <property name="env.TRAVIS_STACK_FEATURES" value="basic couchdb disabled-ipv6 docker docker-compose elasticsearch firefox go-toolchain google-chrome jdk memcached mongodb mysql nodejs_interpreter perl_interpreter perlbrew phantomjs postgresql python_interpreter redis ruby_interpreter sqlite xserver" />
    <property name="env.TRAVIS_PULL_REQUEST" value="false" />
    <property name="env.PYENV_SHELL" value="bash" />
    <property name="ant.project.name" value="ptII" />
    <property name="env.ANSI_RESET" value="\033[0m" />
    <property name="java.vm.specification.version" value="11" />
    <property name="env.TRAVIS_DIST" value="xenial" />
    <property name="env.CERTI_VERSION" value="4.0.0" />
    <property name="env.CERTI_HOST" value="localhost" />
    <property name="awt.toolkit" value="sun.awt.X11.XToolkit" />
    <property name="env.MY_RUBY_HOME" value="/home/travis/.rvm/rubies/ruby-2.5.3" />
    <property name="sun.cpu.isalist" value="" />
    <property name="env.TRAVIS_TMPDIR" value="/tmp/tmp.mlNHSbQyau" />
    <property name="java.vm.compressedOopsMode" value="Zero based" />
    <property name="os.version" value="4.15.0-1077-gcp" />
    <property name="user.home" value="/home/travis" />
    <property name="java.vm.vendor" value="Oracle Corporation" />
    <property name="env.TRAVIS_TAG" value="nightly" />
    <property name="env.ANSI_YELLOW" value="\033[33;1m" />
    <property name="env.TRAVIS_FILTERED" value="redirect_io" />
    <property name="env.ANSI_GREEN" value="\033[32;1m" />
    <property name="env.JAVA_HOME" value="/usr/local/lib/jvm/openjdk11" />
    <property name="javadoc.excludepackagenames" value="adm.cvs2svn.*,build.*,config.*,doc.coding.templates.*,jni.test.jni.meaningOfLife.*,jni.test.jni.testDeux.*,jni.test.jni.testTrois.*,org.terraswarm.accessor.accessors.web.node_modules.*,org.terraswarm.accessor.accessors.web.hosts.cordova.demo.*,org.terraswarm.accessor.accessors.web.hosts.cordova.plugins.*,org.terraswarm.accessor.accessors-svn.*,pt-modules.*,ptolemy.apps.agilent.*,ptolemy.apps.anytimecontrol.*,ptolemy.apps.apes.*,ptolemy.apps.charon.*,ptolemy.apps.crazyboard.*,ptolemy.apps.eclipse.*,ptolemy.apps.etherealSting.*,ptolemy.apps.fullscreen.*,ptolemy.apps.giotto.*,ptolemy.apps.ia.*,ptolemy.apps.interfaces.*,ptolemy.apps.jmf.*,ptolemy.apps.kurt.*,ptolemy.apps.kvm.*,ptolemy.apps.lego.*,ptolemy.apps.lejos.*,ptolemy.apps.midp.*,ptolemy.apps.mobileCoding.*,ptolemy.apps.pendulum.*,ptolemy.apps.rijndael.*,ptolemy.apps.robot.*,ptolemy.apps.security.*,ptolemy.apps.sobel.*,ptolemy.apps.soot.*,ptolemy.apps.throttle.*,ptolemy.apps.tini.*,ptolemy.apps.transmission.*,ptolemy.apps.vergil.*,ptolemy.apps.waba.*,ptolemy.apps.websensor.*,ptolemy.apps.webstart.*,ptolemy.apps.xsl.*,ptolemy.apps.zaurus.*,ptolemy.codegen.c.actor.lib.oldJavaFiles.*,ptolemy.codegen.dsp.lib.*,ptolemy.codegen.kernel.newInterfaces.*,ptolemy.codegen.lib.*,ptolemy.copernicus.kernel.fragment.*,ptolemy.copernicus.shallow.cg.*,ptolemy.domains.giotto.demo.Hierarchy.Hierarchy.*,ptolemy.domains.giotto.demo.Multimode.Multimode.*,ptolemy.domains.giotto.demo.Simple.Simple.*,ptolemy.domains.gr.lib.experimental.*,ptolemy.domains.gro.*,ptolemy.domains.pdf.*,ptolemy.domains.ptinyos.demo.Surge.output.*,ptolemy.moml.test.NoPackageActor.java*,ptolemy.plot.adm.*,ptolemy.plot.servlet.*,reports.*,signed.*,src.*,target.*,vendors.*,ptolemy.copernicus.applet.*,ptolemy.media.viewer.*,ptolemy.actor.corba.*,doc.doclets.*,ptolemy.apps.eclipse.awt.*,ptolemy.backtrack.*,ptolemy.backtrack.ast.*,ptolemy.cg.adapter.generic.program.procedural.c.mbed*,ptolemy.homer.*,ptolemy.actor.lib.jai.*,org.ptolemy.scala.*,diva.util.java2d.svg.*,ptolemy.domains.ptinyos.*,ptolemy.actor.lib.fmi.fmipp.*,,org.terraswarm.accessor.accessors.web.node_modules.*,org.terraswarm.accessor.accessors-svn,ptolemy.apps.*,ptolemy.actor.ptalon.demo.ptinyos.SendAndReceiveCnt.output,ptolemy.actor.ptalon.demo.ptinyos.SenseToLeds.output,ptolemy.domains.ptinyos.demo.CntToLedsAndRfm.output,ptolemy.domains.ptinyos.demo.RfmToLeds.output,ptolemy.domains.ptinyos.demo.SendAndReceiveCnt.output,ptolemy.domains.ptinyos.demo.SenseToLeds.output,ptolemy.actor.lib.jjs.modules.udpSocket.*" />
    <property name="env.PTII" value="/home/travis/build/icyphy/ptII" />
    <property name="env.XDG_SESSION_ID" value="2" />
    <property name="keystore" value="ptKeystore" />
    <property name="env.TRAVIS_COMMIT_MESSAGE" value="Exclude org/hlacerti/newModels1516e/VariableArrayPTIIJavaFed" />
    <property name="junit.output.dir" value="/home/travis/build/icyphy/ptII/reports/junit" />
    <property name="npm.return.code" value="0" />
    <property name="user.dir" value="/home/travis/build/icyphy/ptII/ptolemy/actor/lib/test" />
    <property name="env.TRAVIS_NODE_VERSION" value="7" />
    <property name="env.TRAVIS_EVENT_TYPE" value="cron" />
    <property name="env.MAIL" value="/var/mail/travis" />
    <property name="env.PERLBREW_ROOT" value="/home/travis/perl5/perlbrew" />
    <property name="env.PWD" value="/home/travis/build/icyphy/ptII" />
    <property name="timeout.npm" value="45000" />
    <property name="env.TRAVIS_ARCH" value="amd64" />
    <property name="sun.cpu.endian" value="little" />
    <property name="env.PAGER" value="cat" />
    <property name="env.TRAVIS_BUILD_STAGE_NAME" value="test" />
    <property name="env.PERLBREW_HOME" value="/home/travis/.perlbrew" />
    <property name="java.vm.version" value="11.0.2+9" />
    <property name="env.RAILS_ENV" value="test" />
    <property name="java.class.path" value="/home/travis/.ptolemyII:/home/travis/.ptolemyII/*:/home/travis/build/icyphy/ptII:/home/travis/build/icyphy/ptII/lib/bsh-2.0b4.jar:/home/travis/build/icyphy/ptII/lib/ptCal.jar:/home/travis/build/icyphy/ptII/lib/java_cup.jar:/home/travis/build/icyphy/ptII/lib/saxon8.jar:/home/travis/build/icyphy/ptII/lib/saxon8-dom.jar:/home/travis/build/icyphy/ptII/lib/chic.jar:/home/travis/build/icyphy/ptII/lib/ptcolt.jar:/home/travis/build/icyphy/ptII/vendors/misc/itext/iText.jar:/home/travis/build/icyphy/ptII/lib/g4ltl.jar:/home/travis/build/icyphy/ptII/lib/StructuralCoder.jar:/home/travis/build/icyphy/ptII/lib/jcerti.jar:/home/travis/build/icyphy/ptII/lib/javax.mail.jar:/home/travis/build/icyphy/ptII/vendors/JMF-2.1.1e/lib/jmf.jar:/home/travis/build/icyphy/ptII/lib/jna-4.0.0-variadic.jar:/home/travis/build/icyphy/ptII/vendors/misc/joystick/Joystick.jar:/home/travis/build/icyphy/ptII/lib/ptjacl.jar:/home/travis/build/icyphy/ptII/lib/jsoup-1.8.2.jar:/home/travis/build/icyphy/ptII/lib/junit-4.8.2.jar:/home/travis/build/icyphy/ptII/lib/JUnitParams-0.4.0.jar:/home/travis/build/icyphy/ptII/ptolemy/actor/lib/excel/jxl.jar:/home/travis/build/icyphy/ptII/lib/jython.jar:/home/travis/build/icyphy/ptII/lib/kieler.jar:/home/travis/build/icyphy/ptII/vendors/opencv/share/OpenCV/java/opencv-341.jar:/home/travis/build/icyphy/ptII/lib/oscP5.jar:/home/travis/build/icyphy/ptII/lib/nrjavaserial-3.11.0.devel.jar:/home/travis/build/icyphy/ptII/vendors/j3d/lib/Linux/j3dcore.jar:/home/travis/build/icyphy/ptII/vendors/j3d/lib/Linux/j3dutils.jar:/home/travis/build/icyphy/ptII/vendors/j3d/lib/Linux/vecmath.jar:/home/travis/build/icyphy/ptII/vendors/jogl/lib/Linux/gluegen-rt-natives-linux-amd64.jar:/home/travis/build/icyphy/ptII/vendors/jogl/lib/Linux/gluegen-rt.jar:/home/travis/build/icyphy/ptII/vendors/jogl/lib/Linux/jogl-all-natives-linux-amd64.jar:/home/travis/build/icyphy/ptII/vendors/jogl/lib/Linux/jogl-all.jar:/home/travis/build/icyphy/ptII/ptolemy/distributed/jini/jar/jini-core.jar:/home/travis/build/icyphy/ptII/ptolemy/distributed/jini/jar/jini-ext.jar:/home/travis/build/icyphy/ptII/ptolemy/distributed/jini/jar/sun-util.jar:/home/travis/build/icyphy/ptII/lib/protobuf-java-2.4.1.jar:/home/travis/build/icyphy/ptII/lib/org.eclipse.paho.client.mqttv3.jar:/home/travis/build/icyphy/ptII/lib/mapss.jar:/home/travis/build/icyphy/ptII/ptolemy/actor/ptalon/antlr/antlr.jar:/home/travis/build/icyphy/ptII/lib/JRI.jar:/home/travis/build/icyphy/ptII/lib/commons-lang-2.6.jar:/home/travis/build/icyphy/ptII/lib/commons-logging-1.1.1.jar:/home/travis/build/icyphy/ptII/lib/sootclasses.jar:/home/travis/build/icyphy/ptII/ptolemy/actor/lib/database/mysql-connector-java-5.1.6-bin.jar:/home/travis/build/icyphy/ptII/vendors/misc/sphinx4/sphinx4-data-5prealpha.jar:/home/travis/build/icyphy/ptII/vendors/misc/sphinx4/sphinx4-core-5prealpha.jar:/home/travis/build/icyphy/ptII/lib/PDFRenderer.jar:/home/travis/build/icyphy/ptII/lib/svgSalamander.jar:/home/travis/build/icyphy/ptII/lib/rsyntaxtextarea-2.6.0-SNAPSHOT.jar:/home/travis/build/icyphy/ptII/lib/hazelcast-3.8.2.jar:/home/travis/build/icyphy/ptII/lib/jackson-annotations-2.9.0.jar:/home/travis/build/icyphy/ptII/lib/jackson-core-2.9.3.jar:/home/travis/build/icyphy/ptII/lib/jackson-databind-2.9.3.jar:/home/travis/build/icyphy/ptII/lib/netty-buffer-4.1.19.Final.jar:/home/travis/build/icyphy/ptII/lib/netty-codec-4.1.19.Final.jar:/home/travis/build/icyphy/ptII/lib/netty-codec-dns-4.1.19.Final.jar:/home/travis/build/icyphy/ptII/lib/netty-codec-http-4.1.19.Final.jar:/home/travis/build/icyphy/ptII/lib/netty-codec-http2-4.1.19.Final.jar:/home/travis/build/icyphy/ptII/lib/netty-common-4.1.19.Final.jar:/home/travis/build/icyphy/ptII/lib/netty-handler-4.1.19.Final.jar:/home/travis/build/icyphy/ptII/lib/netty-resolver-4.1.19.Final.jar:/home/travis/build/icyphy/ptII/lib/netty-resolver-dns-4.1.19.Final.jar:/home/travis/build/icyphy/ptII/lib/netty-transport-4.1.19.Final.jar:/home/travis/build/icyphy/ptII/lib/vertx-codegen-3.5.1.jar:/home/travis/build/icyphy/ptII/lib/vertx-core-3.5.2-SNAPSHOT.jar:/home/travis/build/icyphy/ptII/lib/vertx-hazelcast-3.5.1.jar:/home/travis/build/icyphy/ptII/lib/vertx-lang-js-3.5.1.jar:/home/travis/build/icyphy/ptII/lib/vertx-service-proxy-3.5.1.jar:/home/travis/build/icyphy/ptII/lib/vertx-web-3.5.1.jar:/home/travis/build/icyphy/ptII/lib/slf4j-api-1.7.13.jar:/home/travis/build/icyphy/ptII/lib/slf4j-simple-1.7.13.jar:/home/travis/build/icyphy/ptII/lib/webcam-capture-0.3.12.jar:/home/travis/build/icyphy/ptII/lib/bridj-0.7.0.jar:/home/travis/build/icyphy/ptII/lib/xbjlib-1.1.0.nrjavaserial.jar:/home/travis/build/icyphy/ptII/ptolemy/moml/test:/home/travis/build/icyphy/ptII/ant/lib/ant-launcher.jar:/home/travis/build/icyphy/ptII/ant/lib/ant.jar:/home/travis/build/icyphy/ptII/ant/lib/ant-junit.jar:/home/travis/build/icyphy/ptII/ant/lib/ant-junit4.jar" />
    <property name="ant.library.dir" value="/home/travis/build/icyphy/ptII/ant/lib" />
    <property name="os.arch" value="amd64" />
    <property name="env.CONTINUOUS_INTEGRATION" value="true" />
    <property name="env.TRAVIS_LANGUAGE" value="node_js" />
    <property name="env.TRAVIS_STACK_LANGUAGES" value="__sardonyx__ c c++ clojure cplusplus cpp default generic go groovy java node_js php pure_java python ruby scala" />
    <property name="test.name" value="ptolemy.actor.lib.test.junit.JUnitTclTest" />
    <property name="env.APT_KEY_DONT_WARN_ON_DANGEROUS_USAGE" value="1" />
    <property name="sun.java.launcher" value="SUN_STANDARD" />
    <property name="env.PYTHON_CONFIGURE_OPTS" value="--enable-unicode=ucs4 --with-wide-unicode --enable-shared --enable-ipv6 --enable-loadable-sqlite-extensions --with-computed-gotos" />
    <property name="ant.core.lib" value="/home/travis/build/icyphy/ptII/ant/lib/ant.jar" />
    <property name="java.vm.specification.vendor" value="Oracle Corporation" />
    <property name="env.BCVTB_HOME" value="/home/travis/build/icyphy/ptII/lbnl" />
    <property name="file.separator" value="/" />
    <property name="spotbugs.home" value="/home/travis/build/icyphy/ptII/vendors/spotbugs-3.1.1" />
    <property name="java.runtime.version" value="11.0.2+9" />
    <property name="env.ANSI_CLEAR" value="\033[0K" />
    <property name="javafx.verbose" value="true" />
    <property name="env.HAS_JOSH_K_SEAL_OF_APPROVAL" value="true" />
    <property name="env.XDG_RUNTIME_DIR" value="/run/user/2000" />
    <property name="env.TRAVIS_OSX_IMAGE" value="" />
    <property name="env.TRAVIS_JOB_ID" value="729030168" />
    <property name="env.TRAVIS_BRANCH" value="master" />
    <property name="user.country" value="US" />
    <property name="env.CERTI_HOME_TRAVIS" value="/home/travis/pthla/certi-tools" />
    <property name="env.SHELL" value="/bin/bash" />
    <property name="java.maxmemory.large" value="3200m" />
    <property name="model" value="" />
    <property name="env.CASHER_DIR" value="/home/travis/.casher" />
    <property name="env.NVM_CD_FLAGS" value="" />
    <property name="java.vendor.version" value="18.9" />
    <property name="jshint.executable" value="/home/travis/node_modules/jshint/bin/jshint" />
    <property name="env.JRUBY_OPTS" value=" --client -J-XX:+TieredCompilation -J-XX:TieredStopAtLevel=1 -J-Xss2m -Xcompile.invokedynamic=false" />
    <property name="java.vendor" value="Oracle Corporation" />
    <property name="env.TRAVIS_PRE_CHEF_BOOTSTRAP_TIME" value="2020-06-24T13:13:03" />
    <property name="env.TRAVIS_STACK_JOB_BOARD_REGISTER" value="/.job-board-register.yml" />
    <property name="env.ANSI_RED" value="\033[31;1m" />
    <property name="java.specification.version" value="11" />
    <property name="env.IRBRC" value="/home/travis/.rvm/rubies/ruby-2.5.3/.irbrc" />
    <property name="env.TRAVIS" value="true" />
    <property name="sun.arch.data.model" value="64" />
  </properties>
  <testcase classname="ptolemy.util.test.junit.TclTests" name="[0] /home/travis/build/icyphy/ptII/ptolemy/actor/lib/test/AbsoluteValue.tcl (RunTclFile)" time="0.551" />
  <testcase classname="ptolemy.util.test.junit.TclTests" name="[1] /home/travis/build/icyphy/ptII/ptolemy/actor/lib/test/AddSubtract.tcl (RunTclFile)" time="0.232" />
  <testcase classname="ptolemy.util.test.junit.TclTests" name="[2] /home/travis/build/icyphy/ptII/ptolemy/actor/lib/test/Average.tcl (RunTclFile)" time="0.059" />
  <testcase classname="ptolemy.util.test.junit.TclTests" name="[3] /home/travis/build/icyphy/ptII/ptolemy/actor/lib/test/Bernoulli.tcl (RunTclFile)" time="0.036" />
  <testcase classname="ptolemy.util.test.junit.TclTests" name="[4] /home/travis/build/icyphy/ptII/ptolemy/actor/lib/test/Clock.tcl (RunTclFile)" time="0.085" />
  <testcase classname="ptolemy.util.test.junit.TclTests" name="[5] /home/travis/build/icyphy/ptII/ptolemy/actor/lib/test/Commutator.tcl (RunTclFile)" time="0.182" />
  <testcase classname="ptolemy.util.test.junit.TclTests" name="[6] /home/travis/build/icyphy/ptII/ptolemy/actor/lib/test/Const.tcl (RunTclFile)" time="0.131" />
  <testcase classname="ptolemy.util.test.junit.TclTests" name="[7] /home/travis/build/icyphy/ptII/ptolemy/actor/lib/test/CurrentTime.tcl (RunTclFile)" time="0.025" />
  <testcase classname="ptolemy.util.test.junit.TclTests" name="[8] /home/travis/build/icyphy/ptII/ptolemy/actor/lib/test/DB.tcl (RunTclFile)" time="0.031" />
  <testcase classname="ptolemy.util.test.junit.TclTests" name="[9] /home/travis/build/icyphy/ptII/ptolemy/actor/lib/test/DiscreteRandomSource.tcl (RunTclFile)" time="0.038" />
  <testcase classname="ptolemy.util.test.junit.TclTests" name="[10] /home/travis/build/icyphy/ptII/ptolemy/actor/lib/test/Distributor.tcl (RunTclFile)" time="0.091" />
  <testcase classname="ptolemy.util.test.junit.TclTests" name="[11] /home/travis/build/icyphy/ptII/ptolemy/actor/lib/test/Exit.tcl (RunTclFile)" time="0.124" />
  <testcase classname="ptolemy.util.test.junit.TclTests" name="[12] /home/travis/build/icyphy/ptII/ptolemy/actor/lib/test/Expression.tcl (RunTclFile)" time="0.086" />
  <testcase classname="ptolemy.util.test.junit.TclTests" name="[13] /home/travis/build/icyphy/ptII/ptolemy/actor/lib/test/Gaussian.tcl (RunTclFile)" time="0.658" />
  <testcase classname="ptolemy.util.test.junit.TclTests" name="[14] /home/travis/build/icyphy/ptII/ptolemy/actor/lib/test/IIR.tcl (RunTclFile)" time="0.049" />
  <testcase classname="ptolemy.util.test.junit.TclTests" name="[15] /home/travis/build/icyphy/ptII/ptolemy/actor/lib/test/Interpolator.tcl (RunTclFile)" time="0.132" />
  <testcase classname="ptolemy.util.test.junit.TclTests" name="[16] /home/travis/build/icyphy/ptII/ptolemy/actor/lib/test/MathFunction.tcl (RunTclFile)" time="0.096" />
  <testcase classname="ptolemy.util.test.junit.TclTests" name="[17] /home/travis/build/icyphy/ptII/ptolemy/actor/lib/test/Maximum.tcl (RunTclFile)" time="0.057" />
  <testcase classname="ptolemy.util.test.junit.TclTests" name="[18] /home/travis/build/icyphy/ptII/ptolemy/actor/lib/test/Minimum.tcl (RunTclFile)" time="0.053" />
  <testcase classname="ptolemy.util.test.junit.TclTests" name="[19] /home/travis/build/icyphy/ptII/ptolemy/actor/lib/test/MultiplyDivide.tcl (RunTclFile)" time="0.049" />
  <testcase classname="ptolemy.util.test.junit.TclTests" name="[20] /home/travis/build/icyphy/ptII/ptolemy/actor/lib/test/OrderedMerge.tcl (RunTclFile)" time="0.145" />
  <testcase classname="ptolemy.util.test.junit.TclTests" name="[21] /home/travis/build/icyphy/ptII/ptolemy/actor/lib/test/Publisher.tcl (RunTclFile)" time="1.064" />
  <testcase classname="ptolemy.util.test.junit.TclTests" name="[22] /home/travis/build/icyphy/ptII/ptolemy/actor/lib/test/Pulse.tcl (RunTclFile)" time="0.073" />
  <testcase classname="ptolemy.util.test.junit.TclTests" name="[23] /home/travis/build/icyphy/ptII/ptolemy/actor/lib/test/Ramp.tcl (RunTclFile)" time="2.364" />
  <testcase classname="ptolemy.util.test.junit.TclTests" name="[24] /home/travis/build/icyphy/ptII/ptolemy/actor/lib/test/RampContinuous.tcl (RunTclFile)" time="0.019" />
  <testcase classname="ptolemy.util.test.junit.TclTests" name="[25] /home/travis/build/icyphy/ptII/ptolemy/actor/lib/test/RecordAssembler.tcl (RunTclFile)" time="0.019" />
  <testcase classname="ptolemy.util.test.junit.TclTests" name="[26] /home/travis/build/icyphy/ptII/ptolemy/actor/lib/test/RecordDisassembler.tcl (RunTclFile)" time="0.021" />
  <testcase classname="ptolemy.util.test.junit.TclTests" name="[27] /home/travis/build/icyphy/ptII/ptolemy/actor/lib/test/Scale.tcl (RunTclFile)" time="0.019" />
  <testcase classname="ptolemy.util.test.junit.TclTests" name="[28] /home/travis/build/icyphy/ptII/ptolemy/actor/lib/test/SequentialClock.tcl (RunTclFile)" time="0.014" />
  <testcase classname="ptolemy.util.test.junit.TclTests" name="[29] /home/travis/build/icyphy/ptII/ptolemy/actor/lib/test/SetVariable.tcl (RunTclFile)" time="0.01" />
  <testcase classname="ptolemy.util.test.junit.TclTests" name="[30] /home/travis/build/icyphy/ptII/ptolemy/actor/lib/test/Sinewave.tcl (RunTclFile)" time="0.031" />
  <testcase classname="ptolemy.util.test.junit.TclTests" name="[31] /home/travis/build/icyphy/ptII/ptolemy/actor/lib/test/SubscriptionAggregator.tcl (RunTclFile)" time="2.865" />
  <testcase classname="ptolemy.util.test.junit.TclTests" name="[32] /home/travis/build/icyphy/ptII/ptolemy/actor/lib/test/Test.tcl (RunTclFile)" time="0.168" />
  <testcase classname="ptolemy.util.test.junit.TclTests" name="[33] /home/travis/build/icyphy/ptII/ptolemy/actor/lib/test/TestExceptionHandler.tcl (RunTclFile)" time="0.014" />
  <testcase classname="ptolemy.util.test.junit.TclTests" name="[34] /home/travis/build/icyphy/ptII/ptolemy/actor/lib/test/UnionDisassembler.tcl (RunTclFile)" time="0.08" />
  <testcase classname="ptolemy.util.test.junit.TclTests" name="[35] /home/travis/build/icyphy/ptII/ptolemy/actor/lib/test/VariableClock.tcl (RunTclFile)" time="0.037" />
  <testcase classname="ptolemy.util.test.junit.AutoKnownFailedTests" name="[0] /home/travis/build/icyphy/ptII/ptolemy/actor/lib/test/auto/knownFailedTests/PublisherPortToplevelSubscriber.xml (RunModel)" time="0.037" />
  <testcase classname="ptolemy.util.test.junit.AutoKnownFailedTests" name="[1] /home/travis/build/icyphy/ptII/ptolemy/actor/lib/test/auto/knownFailedTests/PublisherSubscriberPortToplevel.xml (RunModel)" time="0.022" />
  <testcase classname="ptolemy.util.test.junit.AutoKnownFailedTests" name="[2] /home/travis/build/icyphy/ptII/ptolemy/actor/lib/test/auto/knownFailedTests/PublisherSubscriptionAggregatorPort.xml (RunModel)" time="0.026" />
  <testcase classname="ptolemy.util.test.junit.AutoKnownFailedTests" name="[3] /home/travis/build/icyphy/ptII/ptolemy/actor/lib/test/auto/knownFailedTests/sizedarray3.xml (RunModel)" time="0.025" />
  <testcase classname="ptolemy.util.test.junit.AutoNameArchTests" name="[0] ThereAreNoAutoArchTests (RunModel)" time="0.005" />
  <testcase classname="ptolemy.util.test.junit.AutoTests" name="[0] /home/travis/build/icyphy/ptII/ptolemy/actor/lib/test/auto/AbsoluteValue.xml (RunModel)" time="0.116" />
  <testcase classname="ptolemy.util.test.junit.AutoTests" name="[1] /home/travis/build/icyphy/ptII/ptolemy/actor/lib/test/auto/AbsoluteValue2.xml (RunModel)" time="0.071" />
  <testcase classname="ptolemy.util.test.junit.AutoTests" name="[2] /home/travis/build/icyphy/ptII/ptolemy/actor/lib/test/auto/Accumulator.xml (RunModel)" time="0.028" />
  <testcase classname="ptolemy.util.test.junit.AutoTests" name="[3] /home/travis/build/icyphy/ptII/ptolemy/actor/lib/test/auto/Accumulator2.xml (RunModel)" time="0.027" />
  <testcase classname="ptolemy.util.test.junit.AutoTests" name="[4] /home/travis/build/icyphy/ptII/ptolemy/actor/lib/test/auto/Accumulator3.xml (RunModel)" time="0.046" />
  <testcase classname="ptolemy.util.test.junit.AutoTests" name="[5] /home/travis/build/icyphy/ptII/ptolemy/actor/lib/test/auto/ArrayAppend.xml (RunModel)" time="0.05" />
  <testcase classname="ptolemy.util.test.junit.AutoTests" name="[6] /home/travis/build/icyphy/ptII/ptolemy/actor/lib/test/auto/ArrayAppend2.xml (RunModel)" time="0.525" />
  <testcase classname="ptolemy.util.test.junit.AutoTests" name="[7] /home/travis/build/icyphy/ptII/ptolemy/actor/lib/test/auto/ArrayAppend3.xml (RunModel)" time="0.022" />
  <testcase classname="ptolemy.util.test.junit.AutoTests" name="[8] /home/travis/build/icyphy/ptII/ptolemy/actor/lib/test/auto/ArrayAppend4.xml (RunModel)" time="0.026" />
  <testcase classname="ptolemy.util.test.junit.AutoTests" name="[9] /home/travis/build/icyphy/ptII/ptolemy/actor/lib/test/auto/ArrayAppend5.xml (RunModel)" time="0.019" />
  <testcase classname="ptolemy.util.test.junit.AutoTests" name="[10] /home/travis/build/icyphy/ptII/ptolemy/actor/lib/test/auto/ArrayAppend6.xml (RunModel)" time="0.026" />
  <testcase classname="ptolemy.util.test.junit.AutoTests" name="[11] /home/travis/build/icyphy/ptII/ptolemy/actor/lib/test/auto/ArrayAppendPerformanceTest.xml (RunModel)" time="0.074" />
  <testcase classname="ptolemy.util.test.junit.AutoTests" name="[12] /home/travis/build/icyphy/ptII/ptolemy/actor/lib/test/auto/ArrayAppendWithEmptyInput.xml (RunModel)" time="0.031" />
  <testcase classname="ptolemy.util.test.junit.AutoTests" name="[13] /home/travis/build/icyphy/ptII/ptolemy/actor/lib/test/auto/ArrayAverage.xml (RunModel)" time="0.04" />
  <testcase classname="ptolemy.util.test.junit.AutoTests" name="[14] /home/travis/build/icyphy/ptII/ptolemy/actor/lib/test/auto/ArrayContains.xml (RunModel)" time="0.039" />
  <testcase classname="ptolemy.util.test.junit.AutoTests" name="[15] /home/travis/build/icyphy/ptII/ptolemy/actor/lib/test/auto/ArrayElement.xml (RunModel)" time="0.031" />
  <testcase classname="ptolemy.util.test.junit.AutoTests" name="[16] /home/travis/build/icyphy/ptII/ptolemy/actor/lib/test/auto/ArrayElementAsMatrix.xml (RunModel)" time="0.075" />
  <testcase classname="ptolemy.util.test.junit.AutoTests" name="[17] /home/travis/build/icyphy/ptII/ptolemy/actor/lib/test/auto/ArrayElementI.xml (RunModel)" time="0.034" />
  <testcase classname="ptolemy.util.test.junit.AutoTests" name="[18] /home/travis/build/icyphy/ptII/ptolemy/actor/lib/test/auto/ArrayExtract.xml (RunModel)" time="0.041" />
  <testcase classname="ptolemy.util.test.junit.AutoTests" name="[19] /home/travis/build/icyphy/ptII/ptolemy/actor/lib/test/auto/ArrayExtract2.xml (RunModel)" time="0.02" />
  <testcase classname="ptolemy.util.test.junit.AutoTests" name="[20] /home/travis/build/icyphy/ptII/ptolemy/actor/lib/test/auto/ArrayLength.xml (RunModel)" time="0.024" />
  <testcase classname="ptolemy.util.test.junit.AutoTests" name="[21] /home/travis/build/icyphy/ptII/ptolemy/actor/lib/test/auto/ArrayLevelCrossing.xml (RunModel)" time="0.029" />
  <testcase classname="ptolemy.util.test.junit.AutoTests" name="[22] /home/travis/build/icyphy/ptII/ptolemy/actor/lib/test/auto/ArrayLevelCrossing2.xml (RunModel)" time="0.027" />
  <testcase classname="ptolemy.util.test.junit.AutoTests" name="[23] /home/travis/build/icyphy/ptII/ptolemy/actor/lib/test/auto/ArrayPeakSearch.xml (RunModel)" time="0.044" />
  <testcase classname="ptolemy.util.test.junit.AutoTests" name="[24] /home/travis/build/icyphy/ptII/ptolemy/actor/lib/test/auto/ArrayPeakSearch2.xml (RunModel)" time="0.047" />
  <testcase classname="ptolemy.util.test.junit.AutoTests" name="[25] /home/travis/build/icyphy/ptII/ptolemy/actor/lib/test/auto/ArrayPeakSearch3.xml (RunModel)" time="0.052" />
  <testcase classname="ptolemy.util.test.junit.AutoTests" name="[26] /home/travis/build/icyphy/ptII/ptolemy/actor/lib/test/auto/ArrayRemoveElement.xml (RunModel)" time="0.037" />
  <testcase classname="ptolemy.util.test.junit.AutoTests" name="[27] /home/travis/build/icyphy/ptII/ptolemy/actor/lib/test/auto/ArraySort.xml (RunModel)" time="0.039" />
  <testcase classname="ptolemy.util.test.junit.AutoTests" name="[28] /home/travis/build/icyphy/ptII/ptolemy/actor/lib/test/auto/ArraySum.xml (RunModel)" time="0.03" />
  <testcase classname="ptolemy.util.test.junit.AutoTests" name="[29] /home/travis/build/icyphy/ptII/ptolemy/actor/lib/test/auto/ArrayToElements.xml (RunModel)" time="0.029" />
  <testcase classname="ptolemy.util.test.junit.AutoTests" name="[30] /home/travis/build/icyphy/ptII/ptolemy/actor/lib/test/auto/ArrayToMatrix.xml (RunModel)" time="0.052" />
  <testcase classname="ptolemy.util.test.junit.AutoTests" name="[31] /home/travis/build/icyphy/ptII/ptolemy/actor/lib/test/auto/ArrayUpdate1.xml (RunModel)" time="0.018" />
  <testcase classname="ptolemy.util.test.junit.AutoTests" name="[32] /home/travis/build/icyphy/ptII/ptolemy/actor/lib/test/auto/ArrayUpdate2.xml (RunModel)" time="0.029" />
  <testcase classname="ptolemy.util.test.junit.AutoTests" name="[33] /home/travis/build/icyphy/ptII/ptolemy/actor/lib/test/auto/ArrayUpdate3.xml (RunModel)" time="0.024" />
  <testcase classname="ptolemy.util.test.junit.AutoTests" name="[34] /home/travis/build/icyphy/ptII/ptolemy/actor/lib/test/auto/Assert1.xml (RunModel)" time="0.022" />
  <testcase classname="ptolemy.util.test.junit.AutoTests" name="[35] /home/travis/build/icyphy/ptII/ptolemy/actor/lib/test/auto/Assert2.xml (RunModel)" time="0.023" />
  <testcase classname="ptolemy.util.test.junit.AutoTests" name="[36] /home/travis/build/icyphy/ptII/ptolemy/actor/lib/test/auto/BooleanMultiplexor.xml (RunModel)" time="0.034" />
  <testcase classname="ptolemy.util.test.junit.AutoTests" name="[37] /home/travis/build/icyphy/ptII/ptolemy/actor/lib/test/auto/BooleanMultiplexor2.xml (RunModel)" time="0.03" />
  <testcase classname="ptolemy.util.test.junit.AutoTests" name="[38] /home/travis/build/icyphy/ptII/ptolemy/actor/lib/test/auto/BooleanMultiplexor3.xml (RunModel)" time="0.025" />
  <testcase classname="ptolemy.util.test.junit.AutoTests" name="[39] /home/travis/build/icyphy/ptII/ptolemy/actor/lib/test/auto/BooleanSelect.xml (RunModel)" time="0.03" />
  <testcase classname="ptolemy.util.test.junit.AutoTests" name="[40] /home/travis/build/icyphy/ptII/ptolemy/actor/lib/test/auto/BooleanSelect2.xml (RunModel)" time="0.022" />
  <testcase classname="ptolemy.util.test.junit.AutoTests" name="[41] /home/travis/build/icyphy/ptII/ptolemy/actor/lib/test/auto/BooleanSwitch.xml (RunModel)" time="0.025" />
  <testcase classname="ptolemy.util.test.junit.AutoTests" name="[42] /home/travis/build/icyphy/ptII/ptolemy/actor/lib/test/auto/BooleanSwitch2.xml (RunModel)" time="0.015" />
  <testcase classname="ptolemy.util.test.junit.AutoTests" name="[43] /home/travis/build/icyphy/ptII/ptolemy/actor/lib/test/auto/BooleanSwitchCloningBugWithClassRelationGroup.xml (RunModel)" time="0.035" />
  <testcase classname="ptolemy.util.test.junit.AutoTests" name="[44] /home/travis/build/icyphy/ptII/ptolemy/actor/lib/test/auto/BusActors.xml (RunModel)" time="0.062" />
  <testcase classname="ptolemy.util.test.junit.AutoTests" name="[45] /home/travis/build/icyphy/ptII/ptolemy/actor/lib/test/auto/ClassWrapper.xml (RunModel)" time="0.015" />
  <testcase classname="ptolemy.util.test.junit.AutoTests" name="[46] /home/travis/build/icyphy/ptII/ptolemy/actor/lib/test/auto/Clock.xml (RunModel)" time="0.013" />
  <testcase classname="ptolemy.util.test.junit.AutoTests" name="[47] /home/travis/build/icyphy/ptII/ptolemy/actor/lib/test/auto/Clock10.xml (RunModel)" time="0.017" />
  <testcase classname="ptolemy.util.test.junit.AutoTests" name="[48] /home/travis/build/icyphy/ptII/ptolemy/actor/lib/test/auto/Clock11.xml (RunModel)" time="0.027" />
  <testcase classname="ptolemy.util.test.junit.AutoTests" name="[49] /home/travis/build/icyphy/ptII/ptolemy/actor/lib/test/auto/Clock12.xml (RunModel)" time="0.024" />
  <testcase classname="ptolemy.util.test.junit.AutoTests" name="[50] /home/travis/build/icyphy/ptII/ptolemy/actor/lib/test/auto/Clock13.xml (RunModel)" time="0.023" />
  <testcase classname="ptolemy.util.test.junit.AutoTests" name="[51] /home/travis/build/icyphy/ptII/ptolemy/actor/lib/test/auto/Clock14.xml (RunModel)" time="0.02" />
  <testcase classname="ptolemy.util.test.junit.AutoTests" name="[52] /home/travis/build/icyphy/ptII/ptolemy/actor/lib/test/auto/Clock15.xml (RunModel)" time="0.024" />
  <testcase classname="ptolemy.util.test.junit.AutoTests" name="[53] /home/travis/build/icyphy/ptII/ptolemy/actor/lib/test/auto/Clock16.xml (RunModel)" time="0.109" />
  <testcase classname="ptolemy.util.test.junit.AutoTests" name="[54] /home/travis/build/icyphy/ptII/ptolemy/actor/lib/test/auto/Clock17.xml (RunModel)" time="0.074" />
  <testcase classname="ptolemy.util.test.junit.AutoTests" name="[55] /home/travis/build/icyphy/ptII/ptolemy/actor/lib/test/auto/Clock18.xml (RunModel)" time="0.058" />
  <testcase classname="ptolemy.util.test.junit.AutoTests" name="[56] /home/travis/build/icyphy/ptII/ptolemy/actor/lib/test/auto/Clock19.xml (RunModel)" time="0.047" />
  <testcase classname="ptolemy.util.test.junit.AutoTests" name="[57] /home/travis/build/icyphy/ptII/ptolemy/actor/lib/test/auto/Clock2.xml (RunModel)" time="0.016" />
  <testcase classname="ptolemy.util.test.junit.AutoTests" name="[58] /home/travis/build/icyphy/ptII/ptolemy/actor/lib/test/auto/Clock20.xml (RunModel)" time="0.024" />
  <testcase classname="ptolemy.util.test.junit.AutoTests" name="[59] /home/travis/build/icyphy/ptII/ptolemy/actor/lib/test/auto/Clock21.xml (RunModel)" time="0.015" />
  <testcase classname="ptolemy.util.test.junit.AutoTests" name="[60] /home/travis/build/icyphy/ptII/ptolemy/actor/lib/test/auto/Clock22.xml (RunModel)" time="0.02" />
  <testcase classname="ptolemy.util.test.junit.AutoTests" name="[61] /home/travis/build/icyphy/ptII/ptolemy/actor/lib/test/auto/Clock23.xml (RunModel)" time="0.024" />
  <testcase classname="ptolemy.util.test.junit.AutoTests" name="[62] /home/travis/build/icyphy/ptII/ptolemy/actor/lib/test/auto/Clock24.xml (RunModel)" time="0.015" />
  <testcase classname="ptolemy.util.test.junit.AutoTests" name="[63] /home/travis/build/icyphy/ptII/ptolemy/actor/lib/test/auto/Clock4.xml (RunModel)" time="0.015" />
  <testcase classname="ptolemy.util.test.junit.AutoTests" name="[64] /home/travis/build/icyphy/ptII/ptolemy/actor/lib/test/auto/Clock5.xml (RunModel)" time="0.011" />
  <testcase classname="ptolemy.util.test.junit.AutoTests" name="[65] /home/travis/build/icyphy/ptII/ptolemy/actor/lib/test/auto/Clock6.xml (RunModel)" time="0.012" />
  <testcase classname="ptolemy.util.test.junit.AutoTests" name="[66] /home/travis/build/icyphy/ptII/ptolemy/actor/lib/test/auto/Clock7.xml (RunModel)" time="0.017" />
  <testcase classname="ptolemy.util.test.junit.AutoTests" name="[67] /home/travis/build/icyphy/ptII/ptolemy/actor/lib/test/auto/Clock8.xml (RunModel)" time="0.016" />
  <testcase classname="ptolemy.util.test.junit.AutoTests" name="[68] /home/travis/build/icyphy/ptII/ptolemy/actor/lib/test/auto/Clock9.xml (RunModel)" time="0.02" />
  <testcase classname="ptolemy.util.test.junit.AutoTests" name="[69] /home/travis/build/icyphy/ptII/ptolemy/actor/lib/test/auto/CommDistDiscard.xml (RunModel)" time="0.03" />
  <testcase classname="ptolemy.util.test.junit.AutoTests" name="[70] /home/travis/build/icyphy/ptII/ptolemy/actor/lib/test/auto/Commutator.xml (RunModel)" time="0.021" />
  <testcase classname="ptolemy.util.test.junit.AutoTests" name="[71] /home/travis/build/icyphy/ptII/ptolemy/actor/lib/test/auto/Commutator2.xml (RunModel)" time="0.011" />
  <testcase classname="ptolemy.util.test.junit.AutoTests" name="[72] /home/travis/build/icyphy/ptII/ptolemy/actor/lib/test/auto/Commutator3.xml (RunModel)" time="0.014" />
  <testcase classname="ptolemy.util.test.junit.AutoTests" name="[73] /home/travis/build/icyphy/ptII/ptolemy/actor/lib/test/auto/Compare.xml (RunModel)" time="0.022" />
  <testcase classname="ptolemy.util.test.junit.AutoTests" name="[74] /home/travis/build/icyphy/ptII/ptolemy/actor/lib/test/auto/CompareDE.xml (RunModel)" time="0.023" />
  <testcase classname="ptolemy.util.test.junit.AutoTests" name="[75] /home/travis/build/icyphy/ptII/ptolemy/actor/lib/test/auto/ComplexDivide.xml (RunModel)" time="0.01" />
  <testcase classname="ptolemy.util.test.junit.AutoTests" name="[76] /home/travis/build/icyphy/ptII/ptolemy/actor/lib/test/auto/ComputeHistogram.xml (RunModel)" time="0.092" />
  <testcase classname="ptolemy.util.test.junit.AutoTests" name="[77] /home/travis/build/icyphy/ptII/ptolemy/actor/lib/test/auto/ConfigurationSelect.xml (RunModel)" time="0.026" />
  <testcase classname="ptolemy.util.test.junit.AutoTests" name="[78] /home/travis/build/icyphy/ptII/ptolemy/actor/lib/test/auto/ConfigurationSelect2.xml (RunModel)" time="0.019" />
  <testcase classname="ptolemy.util.test.junit.AutoTests" name="[79] /home/travis/build/icyphy/ptII/ptolemy/actor/lib/test/auto/ConfigurationSwitch.xml (RunModel)" time="0.023" />
  <testcase classname="ptolemy.util.test.junit.AutoTests" name="[80] /home/travis/build/icyphy/ptII/ptolemy/actor/lib/test/auto/ConfigurationSwitch2.xml (RunModel)" time="0.023" />
  <testcase classname="ptolemy.util.test.junit.AutoTests" name="[81] /home/travis/build/icyphy/ptII/ptolemy/actor/lib/test/auto/ConfigurationSwitchCloningBugWithClassRelationGroup.xml (RunModel)" time="0.022" />
  <testcase classname="ptolemy.util.test.junit.AutoTests" name="[82] /home/travis/build/icyphy/ptII/ptolemy/actor/lib/test/auto/ConfigurationSwitchSelectSDF.xml (RunModel)" time="0.014" />
  <testcase classname="ptolemy.util.test.junit.AutoTests" name="[83] /home/travis/build/icyphy/ptII/ptolemy/actor/lib/test/auto/ConfigurationSwitchSelectSDF2.xml (RunModel)" time="0.014" />
  <testcase classname="ptolemy.util.test.junit.AutoTests" name="[84] /home/travis/build/icyphy/ptII/ptolemy/actor/lib/test/auto/Const.xml (RunModel)" time="0.007" />
  <testcase classname="ptolemy.util.test.junit.AutoTests" name="[85] /home/travis/build/icyphy/ptII/ptolemy/actor/lib/test/auto/Const2.xml (RunModel)" time="0.009" />
  <testcase classname="ptolemy.util.test.junit.AutoTests" name="[86] /home/travis/build/icyphy/ptII/ptolemy/actor/lib/test/auto/Const3.xml (RunModel)" time="0.006" />
  <testcase classname="ptolemy.util.test.junit.AutoTests" name="[87] /home/travis/build/icyphy/ptII/ptolemy/actor/lib/test/auto/ConstantPublisherPort1.xml (RunModel)" time="0.02" />
  <testcase classname="ptolemy.util.test.junit.AutoTests" name="[88] /home/travis/build/icyphy/ptII/ptolemy/actor/lib/test/auto/ConstantPublisherPort2.xml (RunModel)" time="0.025" />
  <testcase classname="ptolemy.util.test.junit.AutoTests" name="[89] /home/travis/build/icyphy/ptII/ptolemy/actor/lib/test/auto/ConstantPublisherPort3.xml (RunModel)" time="0.033" />
  <testcase classname="ptolemy.util.test.junit.AutoTests" name="[90] /home/travis/build/icyphy/ptII/ptolemy/actor/lib/test/auto/ConstantPublisherPort4.xml (RunModel)" time="0.023" />
  <testcase classname="ptolemy.util.test.junit.AutoTests" name="[91] /home/travis/build/icyphy/ptII/ptolemy/actor/lib/test/auto/ConstantPublisherPort5.xml (RunModel)" time="0.048" />
  <testcase classname="ptolemy.util.test.junit.AutoTests" name="[92] /home/travis/build/icyphy/ptII/ptolemy/actor/lib/test/auto/ConstantPublisherPort6.xml (RunModel)" time="0.032" />
  <testcase classname="ptolemy.util.test.junit.AutoTests" name="[93] /home/travis/build/icyphy/ptII/ptolemy/actor/lib/test/auto/ConstantPublisherPort7.xml (RunModel)" time="0.032" />
  <testcase classname="ptolemy.util.test.junit.AutoTests" name="[94] /home/travis/build/icyphy/ptII/ptolemy/actor/lib/test/auto/ConstraintMonitor1.xml (RunModel)" time="0.045" />
  <testcase classname="ptolemy.util.test.junit.AutoTests" name="[95] /home/travis/build/icyphy/ptII/ptolemy/actor/lib/test/auto/ConstraintMonitor2.xml (RunModel)" time="0.016" />
  <testcase classname="ptolemy.util.test.junit.AutoTests" name="[96] /home/travis/build/icyphy/ptII/ptolemy/actor/lib/test/auto/ConstraintMonitor3.xml (RunModel)" time="0.022" />
  <testcase classname="ptolemy.util.test.junit.AutoTests" name="[97] /home/travis/build/icyphy/ptII/ptolemy/actor/lib/test/auto/ConstraintMonitor4.xml (RunModel)" time="0.017" />
  <testcase classname="ptolemy.util.test.junit.AutoTests" name="[98] /home/travis/build/icyphy/ptII/ptolemy/actor/lib/test/auto/ConstraintMonitor5.xml (RunModel)" time="0.011" />
  <testcase classname="ptolemy.util.test.junit.AutoTests" name="[99] /home/travis/build/icyphy/ptII/ptolemy/actor/lib/test/auto/ConstraintMonitor6.xml (RunModel)" time="0.018" />
  <testcase classname="ptolemy.util.test.junit.AutoTests" name="[100] /home/travis/build/icyphy/ptII/ptolemy/actor/lib/test/auto/ConstraintMonitor7.xml (RunModel)" time="0.017" />
  <testcase classname="ptolemy.util.test.junit.AutoTests" name="[101] /home/travis/build/icyphy/ptII/ptolemy/actor/lib/test/auto/ConstraintMonitor8.xml (RunModel)" time="0.019" />
  <testcase classname="ptolemy.util.test.junit.AutoTests" name="[102] /home/travis/build/icyphy/ptII/ptolemy/actor/lib/test/auto/Counter.xml (RunModel)" time="0.015" />
  <testcase classname="ptolemy.util.test.junit.AutoTests" name="[103] /home/travis/build/icyphy/ptII/ptolemy/actor/lib/test/auto/CurrentTimeSDF.xml (RunModel)" time="0.009" />
  <testcase classname="ptolemy.util.test.junit.AutoTests" name="[104] /home/travis/build/icyphy/ptII/ptolemy/actor/lib/test/auto/DB.xml (RunModel)" time="0.013" />
  <testcase classname="ptolemy.util.test.junit.AutoTests" name="[105] /home/travis/build/icyphy/ptII/ptolemy/actor/lib/test/auto/DBDE.xml (RunModel)" time="0.021" />
  <testcase classname="ptolemy.util.test.junit.AutoTests" name="[106] /home/travis/build/icyphy/ptII/ptolemy/actor/lib/test/auto/DateConstructor.xml (RunModel)" time="0.086" />
  <testcase classname="ptolemy.util.test.junit.AutoTests" name="[107] /home/travis/build/icyphy/ptII/ptolemy/actor/lib/test/auto/DelayTime.xml (RunModel)" time="0.018" />
  <testcase classname="ptolemy.util.test.junit.AutoTests" name="[108] /home/travis/build/icyphy/ptII/ptolemy/actor/lib/test/auto/Dictionary1.xml (RunModel)" time="0.022" />
  <testcase classname="ptolemy.util.test.junit.AutoTests" name="[109] /home/travis/build/icyphy/ptII/ptolemy/actor/lib/test/auto/Dictionary2.xml (RunModel)" time="0.024" />
  <testcase classname="ptolemy.util.test.junit.AutoTests" name="[110] /home/travis/build/icyphy/ptII/ptolemy/actor/lib/test/auto/Dictionary3.xml (RunModel)" time="0.017" />
  <testcase classname="ptolemy.util.test.junit.AutoTests" name="[111] /home/travis/build/icyphy/ptII/ptolemy/actor/lib/test/auto/Dictionary4.xml (RunModel)" time="0.025" />
  <testcase classname="ptolemy.util.test.junit.AutoTests" name="[112] /home/travis/build/icyphy/ptII/ptolemy/actor/lib/test/auto/Differential.xml (RunModel)" time="0.014" />
  <testcase classname="ptolemy.util.test.junit.AutoTests" name="[113] /home/travis/build/icyphy/ptII/ptolemy/actor/lib/test/auto/Director.xml (RunModel)" time="0.013" />
  <testcase classname="ptolemy.util.test.junit.AutoTests" name="[114] /home/travis/build/icyphy/ptII/ptolemy/actor/lib/test/auto/DiscreteClock.xml (RunModel)" time="0.01" />
  <testcase classname="ptolemy.util.test.junit.AutoTests" name="[115] /home/travis/build/icyphy/ptII/ptolemy/actor/lib/test/auto/DiscreteClock10.xml (RunModel)" time="0.02" />
  <testcase classname="ptolemy.util.test.junit.AutoTests" name="[116] /home/travis/build/icyphy/ptII/ptolemy/actor/lib/test/auto/DiscreteClock11.xml (RunModel)" time="0.015" />
  <testcase classname="ptolemy.util.test.junit.AutoTests" name="[117] /home/travis/build/icyphy/ptII/ptolemy/actor/lib/test/auto/DiscreteClock12.xml (RunModel)" time="0.018" />
  <testcase classname="ptolemy.util.test.junit.AutoTests" name="[118] /home/travis/build/icyphy/ptII/ptolemy/actor/lib/test/auto/DiscreteClock13.xml (RunModel)" time="0.022" />
  <testcase classname="ptolemy.util.test.junit.AutoTests" name="[119] /home/travis/build/icyphy/ptII/ptolemy/actor/lib/test/auto/DiscreteClock14.xml (RunModel)" time="0.016" />
  <testcase classname="ptolemy.util.test.junit.AutoTests" name="[120] /home/travis/build/icyphy/ptII/ptolemy/actor/lib/test/auto/DiscreteClock15.xml (RunModel)" time="0.018" />
  <testcase classname="ptolemy.util.test.junit.AutoTests" name="[121] /home/travis/build/icyphy/ptII/ptolemy/actor/lib/test/auto/DiscreteClock16.xml (RunModel)" time="0.058" />
  <testcase classname="ptolemy.util.test.junit.AutoTests" name="[122] /home/travis/build/icyphy/ptII/ptolemy/actor/lib/test/auto/DiscreteClock17.xml (RunModel)" time="0.053" />
  <testcase classname="ptolemy.util.test.junit.AutoTests" name="[123] /home/travis/build/icyphy/ptII/ptolemy/actor/lib/test/auto/DiscreteClock18.xml (RunModel)" time="0.051" />
  <testcase classname="ptolemy.util.test.junit.AutoTests" name="[124] /home/travis/build/icyphy/ptII/ptolemy/actor/lib/test/auto/DiscreteClock19.xml (RunModel)" time="0.068" />
  <testcase classname="ptolemy.util.test.junit.AutoTests" name="[125] /home/travis/build/icyphy/ptII/ptolemy/actor/lib/test/auto/DiscreteClock2.xml (RunModel)" time="0.011" />
  <testcase classname="ptolemy.util.test.junit.AutoTests" name="[126] /home/travis/build/icyphy/ptII/ptolemy/actor/lib/test/auto/DiscreteClock20.xml (RunModel)" time="0.021" />
  <testcase classname="ptolemy.util.test.junit.AutoTests" name="[127] /home/travis/build/icyphy/ptII/ptolemy/actor/lib/test/auto/DiscreteClock21.xml (RunModel)" time="0.02" />
  <testcase classname="ptolemy.util.test.junit.AutoTests" name="[128] /home/travis/build/icyphy/ptII/ptolemy/actor/lib/test/auto/DiscreteClock22.xml (RunModel)" time="0.016" />
  <testcase classname="ptolemy.util.test.junit.AutoTests" name="[129] /home/travis/build/icyphy/ptII/ptolemy/actor/lib/test/auto/DiscreteClock23.xml (RunModel)" time="0.024" />
  <testcase classname="ptolemy.util.test.junit.AutoTests" name="[130] /home/travis/build/icyphy/ptII/ptolemy/actor/lib/test/auto/DiscreteClock24.xml (RunModel)" time="0.016" />
  <testcase classname="ptolemy.util.test.junit.AutoTests" name="[131] /home/travis/build/icyphy/ptII/ptolemy/actor/lib/test/auto/DiscreteClock4.xml (RunModel)" time="0.013" />
  <testcase classname="ptolemy.util.test.junit.AutoTests" name="[132] /home/travis/build/icyphy/ptII/ptolemy/actor/lib/test/auto/DiscreteClock5.xml (RunModel)" time="0.01" />
  <testcase classname="ptolemy.util.test.junit.AutoTests" name="[133] /home/travis/build/icyphy/ptII/ptolemy/actor/lib/test/auto/DiscreteClock6.xml (RunModel)" time="0.014" />
  <testcase classname="ptolemy.util.test.junit.AutoTests" name="[134] /home/travis/build/icyphy/ptII/ptolemy/actor/lib/test/auto/DiscreteClock7.xml (RunModel)" time="0.012" />
  <testcase classname="ptolemy.util.test.junit.AutoTests" name="[135] /home/travis/build/icyphy/ptII/ptolemy/actor/lib/test/auto/DiscreteClock8.xml (RunModel)" time="0.025" />
  <testcase classname="ptolemy.util.test.junit.AutoTests" name="[136] /home/travis/build/icyphy/ptII/ptolemy/actor/lib/test/auto/DiscreteClock9.xml (RunModel)" time="0.015" />
  <testcase classname="ptolemy.util.test.junit.AutoTests" name="[137] /home/travis/build/icyphy/ptII/ptolemy/actor/lib/test/auto/DisplayArray.xml (RunModel)" time="0.011" />
  <testcase classname="ptolemy.util.test.junit.AutoTests" name="[138] /home/travis/build/icyphy/ptII/ptolemy/actor/lib/test/auto/Distributor.xml (RunModel)" time="0.023" />
  <testcase classname="ptolemy.util.test.junit.AutoTests" name="[139] /home/travis/build/icyphy/ptII/ptolemy/actor/lib/test/auto/Distributor2.xml (RunModel)" time="0.012" />
  <testcase classname="ptolemy.util.test.junit.AutoTests" name="[140] /home/travis/build/icyphy/ptII/ptolemy/actor/lib/test/auto/DownSample.xml (RunModel)" time="0.012" />
  <testcase classname="ptolemy.util.test.junit.AutoTests" name="[141] /home/travis/build/icyphy/ptII/ptolemy/actor/lib/test/auto/ElectronicUnitBase1.xml (RunModel)" time="0.071" />
  <testcase classname="ptolemy.util.test.junit.AutoTests" name="[142] /home/travis/build/icyphy/ptII/ptolemy/actor/lib/test/auto/ElementsToArray.xml (RunModel)" time="0.012" />
  <testcase classname="ptolemy.util.test.junit.AutoTests" name="[143] /home/travis/build/icyphy/ptII/ptolemy/actor/lib/test/auto/Equals.xml (RunModel)" time="0.023" />
  <testcase classname="ptolemy.util.test.junit.AutoTests" name="[144] /home/travis/build/icyphy/ptII/ptolemy/actor/lib/test/auto/Exec.xml (RunModel)" time="0.032" />
  <testcase classname="ptolemy.util.test.junit.AutoTests" name="[145] /home/travis/build/icyphy/ptII/ptolemy/actor/lib/test/auto/ExecEnvironment.xml (RunModel)" time="0.055" />
  <testcase classname="ptolemy.util.test.junit.AutoTests" name="[146] /home/travis/build/icyphy/ptII/ptolemy/actor/lib/test/auto/ExecNonZeroReturnOutput.xml (RunModel)" time="0.222" />
  <testcase classname="ptolemy.util.test.junit.AutoTests" name="[147] /home/travis/build/icyphy/ptII/ptolemy/actor/lib/test/auto/ExecRunDemos.xml (RunModel)" time="11.839" />
  <testcase classname="ptolemy.util.test.junit.AutoTests" name="[148] /home/travis/build/icyphy/ptII/ptolemy/actor/lib/test/auto/ExecStop.xml (RunModel)" time="5.04" />
  <testcase classname="ptolemy.util.test.junit.AutoTests" name="[149] /home/travis/build/icyphy/ptII/ptolemy/actor/lib/test/auto/ExecutionTimeSDF.xml (RunModel)" time="6.043">
    <error type="java.lang.reflect.InvocationTargetException">java.lang.reflect.InvocationTargetException
	at jdk.internal.reflect.GeneratedConstructorAccessor36.newInstance(Unknown Source)
	at java.base/jdk.internal.reflect.DelegatingConstructorAccessorImpl.newInstance(DelegatingConstructorAccessorImpl.java:45)
	at java.base/java.lang.reflect.Constructor.newInstance(Constructor.java:490)
	at ptolemy.util.test.junit.AutoTests.RunModel(AutoTests.java:193)
	at jdk.internal.reflect.GeneratedMethodAccessor43.invoke(Unknown Source)
	at java.base/jdk.internal.reflect.DelegatingMethodAccessorImpl.invoke(DelegatingMethodAccessorImpl.java:43)
	at junitparams.internal.InvokeParameterisedMethod.evaluate(InvokeParameterisedMethod.java:102)
Caused by: ptolemy.kernel.util.IllegalActionException: Test fails in iteration 0.
Value was: 6001L. Should have been: 6000L
  in .ExecutionTimeSDF.NonStrictTest
	at ptolemy.actor.lib.NonStrictTest.postfire(NonStrictTest.java:328)
	at ptolemy.actor.AtomicActor.iterate(AtomicActor.java:518)
	at ptolemy.actor.sched.StaticSchedulingDirector.fire(StaticSchedulingDirector.java:216)
	at ptolemy.domains.sdf.kernel.SDFDirector.fire(SDFDirector.java:500)
	at ptolemy.actor.CompositeActor.fire(CompositeActor.java:455)
	at ptolemy.actor.Manager.iterate(Manager.java:851)
	at ptolemy.actor.Manager.execute(Manager.java:369)
	at ptolemy.actor.Manager.run(Manager.java:1263)
	at ptolemy.actor.Manager$PtolemyRunThread.run(Manager.java:1933)
</error>
  </testcase>
  <testcase classname="ptolemy.util.test.junit.AutoTests" name="[150] /home/travis/build/icyphy/ptII/ptolemy/actor/lib/test/auto/Expression1.xml (RunModel)" time="0.013" />
  <testcase classname="ptolemy.util.test.junit.AutoTests" name="[151] /home/travis/build/icyphy/ptII/ptolemy/actor/lib/test/auto/Expression10.xml (RunModel)" time="0.019" />
  <testcase classname="ptolemy.util.test.junit.AutoTests" name="[152] /home/travis/build/icyphy/ptII/ptolemy/actor/lib/test/auto/Expression11.xml (RunModel)" time="0.023" />
  <testcase classname="ptolemy.util.test.junit.AutoTests" name="[153] /home/travis/build/icyphy/ptII/ptolemy/actor/lib/test/auto/Expression12.xml (RunModel)" time="0.024" />
  <testcase classname="ptolemy.util.test.junit.AutoTests" name="[154] /home/travis/build/icyphy/ptII/ptolemy/actor/lib/test/auto/Expression13.xml (RunModel)" time="0.013" />
  <testcase classname="ptolemy.util.test.junit.AutoTests" name="[155] /home/travis/build/icyphy/ptII/ptolemy/actor/lib/test/auto/Expression14.xml (RunModel)" time="0.03" />
  <testcase classname="ptolemy.util.test.junit.AutoTests" name="[156] /home/travis/build/icyphy/ptII/ptolemy/actor/lib/test/auto/Expression15.xml (RunModel)" time="0.011" />
  <testcase classname="ptolemy.util.test.junit.AutoTests" name="[157] /home/travis/build/icyphy/ptII/ptolemy/actor/lib/test/auto/Expression16.xml (RunModel)" time="0.022" />
  <testcase classname="ptolemy.util.test.junit.AutoTests" name="[158] /home/travis/build/icyphy/ptII/ptolemy/actor/lib/test/auto/Expression17.xml (RunModel)" time="0.013" />
  <testcase classname="ptolemy.util.test.junit.AutoTests" name="[159] /home/travis/build/icyphy/ptII/ptolemy/actor/lib/test/auto/Expression18.xml (RunModel)" time="0.015" />
  <testcase classname="ptolemy.util.test.junit.AutoTests" name="[160] /home/travis/build/icyphy/ptII/ptolemy/actor/lib/test/auto/Expression2.xml (RunModel)" time="0.013" />
  <testcase classname="ptolemy.util.test.junit.AutoTests" name="[161] /home/travis/build/icyphy/ptII/ptolemy/actor/lib/test/auto/Expression3.xml (RunModel)" time="0.013" />
  <testcase classname="ptolemy.util.test.junit.AutoTests" name="[162] /home/travis/build/icyphy/ptII/ptolemy/actor/lib/test/auto/Expression4.xml (RunModel)" time="0.017" />
  <testcase classname="ptolemy.util.test.junit.AutoTests" name="[163] /home/travis/build/icyphy/ptII/ptolemy/actor/lib/test/auto/Expression5.xml (RunModel)" time="0.013" />
  <testcase classname="ptolemy.util.test.junit.AutoTests" name="[164] /home/travis/build/icyphy/ptII/ptolemy/actor/lib/test/auto/Expression6.xml (RunModel)" time="0.011" />
  <testcase classname="ptolemy.util.test.junit.AutoTests" name="[165] /home/travis/build/icyphy/ptII/ptolemy/actor/lib/test/auto/Expression7.xml (RunModel)" time="0.013" />
  <testcase classname="ptolemy.util.test.junit.AutoTests" name="[166] /home/travis/build/icyphy/ptII/ptolemy/actor/lib/test/auto/Expression8.xml (RunModel)" time="0.015" />
  <testcase classname="ptolemy.util.test.junit.AutoTests" name="[167] /home/travis/build/icyphy/ptII/ptolemy/actor/lib/test/auto/Expression9.xml (RunModel)" time="0.008" />
  <testcase classname="ptolemy.util.test.junit.AutoTests" name="[168] /home/travis/build/icyphy/ptII/ptolemy/actor/lib/test/auto/ExpressionConcatenateArrayType.xml (RunModel)" time="0.035" />
  <testcase classname="ptolemy.util.test.junit.AutoTests" name="[169] /home/travis/build/icyphy/ptII/ptolemy/actor/lib/test/auto/ExpressionConcatenateArrayType2.xml (RunModel)" time="0.026" />
  <testcase classname="ptolemy.util.test.junit.AutoTests" name="[170] /home/travis/build/icyphy/ptII/ptolemy/actor/lib/test/auto/ExpressionFix.xml (RunModel)" time="0.053" />
  <testcase classname="ptolemy.util.test.junit.AutoTests" name="[171] /home/travis/build/icyphy/ptII/ptolemy/actor/lib/test/auto/ExpressionFix2.xml (RunModel)" time="0.012" />
  <testcase classname="ptolemy.util.test.junit.AutoTests" name="[172] /home/travis/build/icyphy/ptII/ptolemy/actor/lib/test/auto/ExpressionFix3.xml (RunModel)" time="0.013" />
  <testcase classname="ptolemy.util.test.junit.AutoTests" name="[173] /home/travis/build/icyphy/ptII/ptolemy/actor/lib/test/auto/FileWriter1.xml (RunModel)" time="0.011" />
  <testcase classname="ptolemy.util.test.junit.AutoTests" name="[174] /home/travis/build/icyphy/ptII/ptolemy/actor/lib/test/auto/FileWriter2.xml (RunModel)" time="0.014" />
  <testcase classname="ptolemy.util.test.junit.AutoTests" name="[175] /home/travis/build/icyphy/ptII/ptolemy/actor/lib/test/auto/FileWriter3.xml (RunModel)" time="0.016" />
  <testcase classname="ptolemy.util.test.junit.AutoTests" name="[176] /home/travis/build/icyphy/ptII/ptolemy/actor/lib/test/auto/Gaussian.xml (RunModel)" time="0.015" />
  <testcase classname="ptolemy.util.test.junit.AutoTests" name="[177] /home/travis/build/icyphy/ptII/ptolemy/actor/lib/test/auto/Gaussian1.xml (RunModel)" time="0.024" />
  <testcase classname="ptolemy.util.test.junit.AutoTests" name="[178] /home/travis/build/icyphy/ptII/ptolemy/actor/lib/test/auto/Gaussian2.xml (RunModel)" time="0.021" />
  <testcase classname="ptolemy.util.test.junit.AutoTests" name="[179] /home/travis/build/icyphy/ptII/ptolemy/actor/lib/test/auto/GradientAdaptiveLattice.xml (RunModel)" time="0.018" />
  <testcase classname="ptolemy.util.test.junit.AutoTests" name="[180] /home/travis/build/icyphy/ptII/ptolemy/actor/lib/test/auto/IIR.xml (RunModel)" time="0.011" />
  <testcase classname="ptolemy.util.test.junit.AutoTests" name="[181] /home/travis/build/icyphy/ptII/ptolemy/actor/lib/test/auto/InputOutputTransparentPorts.xml (RunModel)" time="0.018" />
  <testcase classname="ptolemy.util.test.junit.AutoTests" name="[182] /home/travis/build/icyphy/ptII/ptolemy/actor/lib/test/auto/Interpolator.xml (RunModel)" time="0.014" />
  <testcase classname="ptolemy.util.test.junit.AutoTests" name="[183] /home/travis/build/icyphy/ptII/ptolemy/actor/lib/test/auto/InterpolatorFiringLimitDE.xml (RunModel)" time="0.014" />
  <testcase classname="ptolemy.util.test.junit.AutoTests" name="[184] /home/travis/build/icyphy/ptII/ptolemy/actor/lib/test/auto/Lattice.xml (RunModel)" time="0.009" />
  <testcase classname="ptolemy.util.test.junit.AutoTests" name="[185] /home/travis/build/icyphy/ptII/ptolemy/actor/lib/test/auto/LazyAOCTestLazy.xml (RunModel)" time="0.053" />
  <testcase classname="ptolemy.util.test.junit.AutoTests" name="[186] /home/travis/build/icyphy/ptII/ptolemy/actor/lib/test/auto/LazyAOCTestNonLazy.xml (RunModel)" time="0.045" />
  <testcase classname="ptolemy.util.test.junit.AutoTests" name="[187] /home/travis/build/icyphy/ptII/ptolemy/actor/lib/test/auto/LazyInnerClass.xml (RunModel)" time="0.058" />
  <testcase classname="ptolemy.util.test.junit.AutoTests" name="[188] /home/travis/build/icyphy/ptII/ptolemy/actor/lib/test/auto/LazyPubSub.xml (RunModel)" time="0.042" />
  <testcase classname="ptolemy.util.test.junit.AutoTests" name="[189] /home/travis/build/icyphy/ptII/ptolemy/actor/lib/test/auto/LazyPubSub2.xml (RunModel)" time="0.043" />
  <testcase classname="ptolemy.util.test.junit.AutoTests" name="[190] /home/travis/build/icyphy/ptII/ptolemy/actor/lib/test/auto/LazyPubSub3.xml (RunModel)" time="0.036" />
  <testcase classname="ptolemy.util.test.junit.AutoTests" name="[191] /home/travis/build/icyphy/ptII/ptolemy/actor/lib/test/auto/LazySubClassModel.xml (RunModel)" time="0.028" />
  <testcase classname="ptolemy.util.test.junit.AutoTests" name="[192] /home/travis/build/icyphy/ptII/ptolemy/actor/lib/test/auto/LevelCrossTest1.xml (RunModel)" time="0.012" />
  <testcase classname="ptolemy.util.test.junit.AutoTests" name="[193] /home/travis/build/icyphy/ptII/ptolemy/actor/lib/test/auto/LevelCrossTest10.xml (RunModel)" time="0.019" />
  <testcase classname="ptolemy.util.test.junit.AutoTests" name="[194] /home/travis/build/icyphy/ptII/ptolemy/actor/lib/test/auto/LevelCrossTest11.xml (RunModel)" time="0.021" />
  <testcase classname="ptolemy.util.test.junit.AutoTests" name="[195] /home/travis/build/icyphy/ptII/ptolemy/actor/lib/test/auto/LevelCrossTest12.xml (RunModel)" time="0.022" />
  <testcase classname="ptolemy.util.test.junit.AutoTests" name="[196] /home/travis/build/icyphy/ptII/ptolemy/actor/lib/test/auto/LevelCrossTest13.xml (RunModel)" time="0.024" />
  <testcase classname="ptolemy.util.test.junit.AutoTests" name="[197] /home/travis/build/icyphy/ptII/ptolemy/actor/lib/test/auto/LevelCrossTest2.xml (RunModel)" time="0.016" />
  <testcase classname="ptolemy.util.test.junit.AutoTests" name="[198] /home/travis/build/icyphy/ptII/ptolemy/actor/lib/test/auto/LevelCrossTest3.xml (RunModel)" time="0.023" />
  <testcase classname="ptolemy.util.test.junit.AutoTests" name="[199] /home/travis/build/icyphy/ptII/ptolemy/actor/lib/test/auto/LevelCrossTest4.xml (RunModel)" time="0.017" />
  <testcase classname="ptolemy.util.test.junit.AutoTests" name="[200] /home/travis/build/icyphy/ptII/ptolemy/actor/lib/test/auto/LevelCrossTest5.xml (RunModel)" time="0.018" />
  <testcase classname="ptolemy.util.test.junit.AutoTests" name="[201] /home/travis/build/icyphy/ptII/ptolemy/actor/lib/test/auto/LevelCrossTest6.xml (RunModel)" time="0.016" />
  <testcase classname="ptolemy.util.test.junit.AutoTests" name="[202] /home/travis/build/icyphy/ptII/ptolemy/actor/lib/test/auto/LevelCrossTest7.xml (RunModel)" time="0.023" />
  <testcase classname="ptolemy.util.test.junit.AutoTests" name="[203] /home/travis/build/icyphy/ptII/ptolemy/actor/lib/test/auto/LevelCrossTest8.xml (RunModel)" time="0.017" />
  <testcase classname="ptolemy.util.test.junit.AutoTests" name="[204] /home/travis/build/icyphy/ptII/ptolemy/actor/lib/test/auto/LevelCrossTest9.xml (RunModel)" time="0.017" />
  <testcase classname="ptolemy.util.test.junit.AutoTests" name="[205] /home/travis/build/icyphy/ptII/ptolemy/actor/lib/test/auto/LevinsonDurbin.xml (RunModel)" time="0.011" />
  <testcase classname="ptolemy.util.test.junit.AutoTests" name="[206] /home/travis/build/icyphy/ptII/ptolemy/actor/lib/test/auto/LevinsonDurbin2.xml (RunModel)" time="0.009" />
  <testcase classname="ptolemy.util.test.junit.AutoTests" name="[207] /home/travis/build/icyphy/ptII/ptolemy/actor/lib/test/auto/LevinsonDurbin3.xml (RunModel)" time="0.011" />
  <testcase classname="ptolemy.util.test.junit.AutoTests" name="[208] /home/travis/build/icyphy/ptII/ptolemy/actor/lib/test/auto/Limiter.xml (RunModel)" time="0.053" />
  <testcase classname="ptolemy.util.test.junit.AutoTests" name="[209] /home/travis/build/icyphy/ptII/ptolemy/actor/lib/test/auto/LinearDifferenceEquationSystem.xml (RunModel)" time="0.022" />
  <testcase classname="ptolemy.util.test.junit.AutoTests" name="[210] /home/travis/build/icyphy/ptII/ptolemy/actor/lib/test/auto/LookupTable.xml (RunModel)" time="0.012" />
  <testcase classname="ptolemy.util.test.junit.AutoTests" name="[211] /home/travis/build/icyphy/ptII/ptolemy/actor/lib/test/auto/MathFunction.xml (RunModel)" time="0.034" />
  <testcase classname="ptolemy.util.test.junit.AutoTests" name="[212] /home/travis/build/icyphy/ptII/ptolemy/actor/lib/test/auto/MathFunction2.xml (RunModel)" time="0.017" />
  <testcase classname="ptolemy.util.test.junit.AutoTests" name="[213] /home/travis/build/icyphy/ptII/ptolemy/actor/lib/test/auto/MathFunction3.xml (RunModel)" time="0.018" />
  <testcase classname="ptolemy.util.test.junit.AutoTests" name="[214] /home/travis/build/icyphy/ptII/ptolemy/actor/lib/test/auto/MatrixCropBoolean.xml (RunModel)" time="0.016" />
  <testcase classname="ptolemy.util.test.junit.AutoTests" name="[215] /home/travis/build/icyphy/ptII/ptolemy/actor/lib/test/auto/MatrixCropComplex.xml (RunModel)" time="0.012" />
  <testcase classname="ptolemy.util.test.junit.AutoTests" name="[216] /home/travis/build/icyphy/ptII/ptolemy/actor/lib/test/auto/MatrixCropDouble.xml (RunModel)" time="0.01" />
  <testcase classname="ptolemy.util.test.junit.AutoTests" name="[217] /home/travis/build/icyphy/ptII/ptolemy/actor/lib/test/auto/MatrixCropFix.xml (RunModel)" time="0.038" />
  <testcase classname="ptolemy.util.test.junit.AutoTests" name="[218] /home/travis/build/icyphy/ptII/ptolemy/actor/lib/test/auto/MatrixCropInt.xml (RunModel)" time="0.042" />
  <testcase classname="ptolemy.util.test.junit.AutoTests" name="[219] /home/travis/build/icyphy/ptII/ptolemy/actor/lib/test/auto/MatrixCropLong.xml (RunModel)" time="0.009" />
  <testcase classname="ptolemy.util.test.junit.AutoTests" name="[220] /home/travis/build/icyphy/ptII/ptolemy/actor/lib/test/auto/MatrixToArray.xml (RunModel)" time="0.088" />
  <testcase classname="ptolemy.util.test.junit.AutoTests" name="[221] /home/travis/build/icyphy/ptII/ptolemy/actor/lib/test/auto/MaxIndex.xml (RunModel)" time="0.025" />
  <testcase classname="ptolemy.util.test.junit.AutoTests" name="[222] /home/travis/build/icyphy/ptII/ptolemy/actor/lib/test/auto/Maximum.xml (RunModel)" time="0.015" />
  <testcase classname="ptolemy.util.test.junit.AutoTests" name="[223] /home/travis/build/icyphy/ptII/ptolemy/actor/lib/test/auto/MaximumComplex.xml (RunModel)" time="0.018" />
  <testcase classname="ptolemy.util.test.junit.AutoTests" name="[224] /home/travis/build/icyphy/ptII/ptolemy/actor/lib/test/auto/MethodCallTest.xml (RunModel)" time="0.023" />
  <testcase classname="ptolemy.util.test.junit.AutoTests" name="[225] /home/travis/build/icyphy/ptII/ptolemy/actor/lib/test/auto/Minimum.xml (RunModel)" time="0.018" />
  <testcase classname="ptolemy.util.test.junit.AutoTests" name="[226] /home/travis/build/icyphy/ptII/ptolemy/actor/lib/test/auto/MinimumComplex.xml (RunModel)" time="0.028" />
  <testcase classname="ptolemy.util.test.junit.AutoTests" name="[227] /home/travis/build/icyphy/ptII/ptolemy/actor/lib/test/auto/MinimumMultiports.xml (RunModel)" time="0.018" />
  <testcase classname="ptolemy.util.test.junit.AutoTests" name="[228] /home/travis/build/icyphy/ptII/ptolemy/actor/lib/test/auto/ModifyDate.xml (RunModel)" time="0.043" />
  <testcase classname="ptolemy.util.test.junit.AutoTests" name="[229] /home/travis/build/icyphy/ptII/ptolemy/actor/lib/test/auto/ModifyDate2.xml (RunModel)" time="0.028" />
  <testcase classname="ptolemy.util.test.junit.AutoTests" name="[230] /home/travis/build/icyphy/ptII/ptolemy/actor/lib/test/auto/MovingAverage.xml (RunModel)" time="0.012" />
  <testcase classname="ptolemy.util.test.junit.AutoTests" name="[231] /home/travis/build/icyphy/ptII/ptolemy/actor/lib/test/auto/MovingMaximum.xml (RunModel)" time="0.02" />
  <testcase classname="ptolemy.util.test.junit.AutoTests" name="[232] /home/travis/build/icyphy/ptII/ptolemy/actor/lib/test/auto/MultipleLinksToSameRelation.xml (RunModel)" time="0.016" />
  <testcase classname="ptolemy.util.test.junit.AutoTests" name="[233] /home/travis/build/icyphy/ptII/ptolemy/actor/lib/test/auto/MultipleLinksToSameRelationDE.xml (RunModel)" time="0.009" />
  <testcase classname="ptolemy.util.test.junit.AutoTests" name="[234] /home/travis/build/icyphy/ptII/ptolemy/actor/lib/test/auto/Multiplexor.xml (RunModel)" time="0.012" />
  <testcase classname="ptolemy.util.test.junit.AutoTests" name="[235] /home/travis/build/icyphy/ptII/ptolemy/actor/lib/test/auto/Multiplexor1.xml (RunModel)" time="0.015" />
  <testcase classname="ptolemy.util.test.junit.AutoTests" name="[236] /home/travis/build/icyphy/ptII/ptolemy/actor/lib/test/auto/Multiplexor2.xml (RunModel)" time="0.018" />
  <testcase classname="ptolemy.util.test.junit.AutoTests" name="[237] /home/travis/build/icyphy/ptII/ptolemy/actor/lib/test/auto/Multiplexor3.xml (RunModel)" time="0.01" />
  <testcase classname="ptolemy.util.test.junit.AutoTests" name="[238] /home/travis/build/icyphy/ptII/ptolemy/actor/lib/test/auto/MultiplexorDE.xml (RunModel)" time="0.016" />
  <testcase classname="ptolemy.util.test.junit.AutoTests" name="[239] /home/travis/build/icyphy/ptII/ptolemy/actor/lib/test/auto/MultiportBroadcastTest.xml (RunModel)" time="0.106" />
  <testcase classname="ptolemy.util.test.junit.AutoTests" name="[240] /home/travis/build/icyphy/ptII/ptolemy/actor/lib/test/auto/MultiportOutHangDuringGetWidth.xml (RunModel)" time="0.036" />
  <testcase classname="ptolemy.util.test.junit.AutoTests" name="[241] /home/travis/build/icyphy/ptII/ptolemy/actor/lib/test/auto/NilToken.xml (RunModel)" time="0.014" />
  <testcase classname="ptolemy.util.test.junit.AutoTests" name="[242] /home/travis/build/icyphy/ptII/ptolemy/actor/lib/test/auto/NilTokenNonStrictTest.xml (RunModel)" time="0.011" />
  <testcase classname="ptolemy.util.test.junit.AutoTests" name="[243] /home/travis/build/icyphy/ptII/ptolemy/actor/lib/test/auto/NilTokenRecord.xml (RunModel)" time="0.024" />
  <testcase classname="ptolemy.util.test.junit.AutoTests" name="[244] /home/travis/build/icyphy/ptII/ptolemy/actor/lib/test/auto/NilTokenTypeTest.xml (RunModel)" time="0.04" />
  <testcase classname="ptolemy.util.test.junit.AutoTests" name="[245] /home/travis/build/icyphy/ptII/ptolemy/actor/lib/test/auto/ObjectToken1.xml (RunModel)" time="0.008" />
  <testcase classname="ptolemy.util.test.junit.AutoTests" name="[246] /home/travis/build/icyphy/ptII/ptolemy/actor/lib/test/auto/OrderedMerge.xml (RunModel)" time="0.021" />
  <testcase classname="ptolemy.util.test.junit.AutoTests" name="[247] /home/travis/build/icyphy/ptII/ptolemy/actor/lib/test/auto/OrderedRecordDisassembler.xml (RunModel)" time="0.026" />
  <testcase classname="ptolemy.util.test.junit.AutoTests" name="[248] /home/travis/build/icyphy/ptII/ptolemy/actor/lib/test/auto/OrderedRecordDisassembler2.xml (RunModel)" time="0.018" />
  <testcase classname="ptolemy.util.test.junit.AutoTests" name="[249] /home/travis/build/icyphy/ptII/ptolemy/actor/lib/test/auto/OrderedRecordUpdater.xml (RunModel)" time="0.011" />
  <testcase classname="ptolemy.util.test.junit.AutoTests" name="[250] /home/travis/build/icyphy/ptII/ptolemy/actor/lib/test/auto/OrderedRecordUpdater2.xml (RunModel)" time="0.018" />
  <testcase classname="ptolemy.util.test.junit.AutoTests" name="[251] /home/travis/build/icyphy/ptII/ptolemy/actor/lib/test/auto/PhaseUnwrap.xml (RunModel)" time="0.016" />
  <testcase classname="ptolemy.util.test.junit.AutoTests" name="[252] /home/travis/build/icyphy/ptII/ptolemy/actor/lib/test/auto/PoissonClock.xml (RunModel)" time="0.011" />
  <testcase classname="ptolemy.util.test.junit.AutoTests" name="[253] /home/travis/build/icyphy/ptII/ptolemy/actor/lib/test/auto/PoissonClock2.xml (RunModel)" time="0.008" />
  <testcase classname="ptolemy.util.test.junit.AutoTests" name="[254] /home/travis/build/icyphy/ptII/ptolemy/actor/lib/test/auto/PoissonClock3.xml (RunModel)" time="0.025" />
  <testcase classname="ptolemy.util.test.junit.AutoTests" name="[255] /home/travis/build/icyphy/ptII/ptolemy/actor/lib/test/auto/PubSubWithInitialTokens.xml (RunModel)" time="0.012" />
  <testcase classname="ptolemy.util.test.junit.AutoTests" name="[256] /home/travis/build/icyphy/ptII/ptolemy/actor/lib/test/auto/PubSubWithInitialTokens2.xml (RunModel)" time="0.015" />
  <testcase classname="ptolemy.util.test.junit.AutoTests" name="[257] /home/travis/build/icyphy/ptII/ptolemy/actor/lib/test/auto/PublisherClassNoParameter.xml (RunModel)" time="0.031" />
  <testcase classname="ptolemy.util.test.junit.AutoTests" name="[258] /home/travis/build/icyphy/ptII/ptolemy/actor/lib/test/auto/PublisherClassParameter.xml (RunModel)" time="0.021" />
  <testcase classname="ptolemy.util.test.junit.AutoTests" name="[259] /home/travis/build/icyphy/ptII/ptolemy/actor/lib/test/auto/PublisherNonStrictTest.xml (RunModel)" time="0.015" />
  <testcase classname="ptolemy.util.test.junit.AutoTests" name="[260] /home/travis/build/icyphy/ptII/ptolemy/actor/lib/test/auto/PublisherPort1.xml (RunModel)" time="0.019" />
  <testcase classname="ptolemy.util.test.junit.AutoTests" name="[261] /home/travis/build/icyphy/ptII/ptolemy/actor/lib/test/auto/PublisherPort2.xml (RunModel)" time="0.014" />
  <testcase classname="ptolemy.util.test.junit.AutoTests" name="[262] /home/travis/build/icyphy/ptII/ptolemy/actor/lib/test/auto/PublisherPort3.xml (RunModel)" time="0.014" />
  <testcase classname="ptolemy.util.test.junit.AutoTests" name="[263] /home/travis/build/icyphy/ptII/ptolemy/actor/lib/test/auto/PublisherPort4.xml (RunModel)" time="0.014" />
  <testcase classname="ptolemy.util.test.junit.AutoTests" name="[264] /home/travis/build/icyphy/ptII/ptolemy/actor/lib/test/auto/PublisherPort5.xml (RunModel)" time="0.015" />
  <testcase classname="ptolemy.util.test.junit.AutoTests" name="[265] /home/travis/build/icyphy/ptII/ptolemy/actor/lib/test/auto/PublisherPort5LookAlike.xml (RunModel)" time="0.02" />
  <testcase classname="ptolemy.util.test.junit.AutoTests" name="[266] /home/travis/build/icyphy/ptII/ptolemy/actor/lib/test/auto/PublisherPort6.xml (RunModel)" time="0.013" />
  <testcase classname="ptolemy.util.test.junit.AutoTests" name="[267] /home/travis/build/icyphy/ptII/ptolemy/actor/lib/test/auto/PublisherPort7.xml (RunModel)" time="0.018" />
  <testcase classname="ptolemy.util.test.junit.AutoTests" name="[268] /home/travis/build/icyphy/ptII/ptolemy/actor/lib/test/auto/PublisherPort8.xml (RunModel)" time="0.026" />
  <testcase classname="ptolemy.util.test.junit.AutoTests" name="[269] /home/travis/build/icyphy/ptII/ptolemy/actor/lib/test/auto/PublisherPortSubscriberChannelVariablesAOC2.xml (RunModel)" time="0.035" />
  <testcase classname="ptolemy.util.test.junit.AutoTests" name="[270] /home/travis/build/icyphy/ptII/ptolemy/actor/lib/test/auto/PublisherPortSubscriberOpaqueWidthInference.xml (RunModel)" time="0.015" />
  <testcase classname="ptolemy.util.test.junit.AutoTests" name="[271] /home/travis/build/icyphy/ptII/ptolemy/actor/lib/test/auto/PublisherPortSubscriberPortAdjacent.xml (RunModel)" time="0.019" />
  <testcase classname="ptolemy.util.test.junit.AutoTests" name="[272] /home/travis/build/icyphy/ptII/ptolemy/actor/lib/test/auto/PublisherPortSubscriberPortExpression.xml (RunModel)" time="0.036" />
  <testcase classname="ptolemy.util.test.junit.AutoTests" name="[273] /home/travis/build/icyphy/ptII/ptolemy/actor/lib/test/auto/PublisherPortSubscriberPortOpaqueD3Reverse.xml (RunModel)" time="0.034" />
  <testcase classname="ptolemy.util.test.junit.AutoTests" name="[274] /home/travis/build/icyphy/ptII/ptolemy/actor/lib/test/auto/PublisherPortSubscriberPortOpaqueWidthInference.xml (RunModel)" time="0.015" />
  <testcase classname="ptolemy.util.test.junit.AutoTests" name="[275] /home/travis/build/icyphy/ptII/ptolemy/actor/lib/test/auto/PublisherPortToplevelSubscriberPortAOC.xml (RunModel)" time="0.01" />
  <testcase classname="ptolemy.util.test.junit.AutoTests" name="[276] /home/travis/build/icyphy/ptII/ptolemy/actor/lib/test/auto/PublisherSubscriber.xml (RunModel)" time="0.014" />
  <testcase classname="ptolemy.util.test.junit.AutoTests" name="[277] /home/travis/build/icyphy/ptII/ptolemy/actor/lib/test/auto/PublisherSubscriber10.xml (RunModel)" time="0.031" />
  <testcase classname="ptolemy.util.test.junit.AutoTests" name="[278] /home/travis/build/icyphy/ptII/ptolemy/actor/lib/test/auto/PublisherSubscriber10InitialOutputs.xml (RunModel)" time="0.026" />
  <testcase classname="ptolemy.util.test.junit.AutoTests" name="[279] /home/travis/build/icyphy/ptII/ptolemy/actor/lib/test/auto/PublisherSubscriber11.xml (RunModel)" time="0.016" />
  <testcase classname="ptolemy.util.test.junit.AutoTests" name="[280] /home/travis/build/icyphy/ptII/ptolemy/actor/lib/test/auto/PublisherSubscriber12.xml (RunModel)" time="0.013" />
  <testcase classname="ptolemy.util.test.junit.AutoTests" name="[281] /home/travis/build/icyphy/ptII/ptolemy/actor/lib/test/auto/PublisherSubscriber13.xml (RunModel)" time="0.011" />
  <testcase classname="ptolemy.util.test.junit.AutoTests" name="[282] /home/travis/build/icyphy/ptII/ptolemy/actor/lib/test/auto/PublisherSubscriber14.xml (RunModel)" time="0.026" />
  <testcase classname="ptolemy.util.test.junit.AutoTests" name="[283] /home/travis/build/icyphy/ptII/ptolemy/actor/lib/test/auto/PublisherSubscriber2.xml (RunModel)" time="0.011" />
  <testcase classname="ptolemy.util.test.junit.AutoTests" name="[284] /home/travis/build/icyphy/ptII/ptolemy/actor/lib/test/auto/PublisherSubscriber3.xml (RunModel)" time="0.013" />
  <testcase classname="ptolemy.util.test.junit.AutoTests" name="[285] /home/travis/build/icyphy/ptII/ptolemy/actor/lib/test/auto/PublisherSubscriber4.xml (RunModel)" time="0.009" />
  <testcase classname="ptolemy.util.test.junit.AutoTests" name="[286] /home/travis/build/icyphy/ptII/ptolemy/actor/lib/test/auto/PublisherSubscriber5.xml (RunModel)" time="0.014" />
  <testcase classname="ptolemy.util.test.junit.AutoTests" name="[287] /home/travis/build/icyphy/ptII/ptolemy/actor/lib/test/auto/PublisherSubscriber6.xml (RunModel)" time="0.015" />
  <testcase classname="ptolemy.util.test.junit.AutoTests" name="[288] /home/travis/build/icyphy/ptII/ptolemy/actor/lib/test/auto/PublisherSubscriber7.xml (RunModel)" time="0.019" />
  <testcase classname="ptolemy.util.test.junit.AutoTests" name="[289] /home/travis/build/icyphy/ptII/ptolemy/actor/lib/test/auto/PublisherSubscriber8.xml (RunModel)" time="0.028" />
  <testcase classname="ptolemy.util.test.junit.AutoTests" name="[290] /home/travis/build/icyphy/ptII/ptolemy/actor/lib/test/auto/PublisherSubscriber9.xml (RunModel)" time="0.016" />
  <testcase classname="ptolemy.util.test.junit.AutoTests" name="[291] /home/travis/build/icyphy/ptII/ptolemy/actor/lib/test/auto/PublisherSubscriberAdjacent.xml (RunModel)" time="0.022" />
  <testcase classname="ptolemy.util.test.junit.AutoTests" name="[292] /home/travis/build/icyphy/ptII/ptolemy/actor/lib/test/auto/PublisherSubscriberChannelVariablesAOC2.xml (RunModel)" time="0.028" />
  <testcase classname="ptolemy.util.test.junit.AutoTests" name="[293] /home/travis/build/icyphy/ptII/ptolemy/actor/lib/test/auto/PublisherSubscriberD3.xml (RunModel)" time="0.016" />
  <testcase classname="ptolemy.util.test.junit.AutoTests" name="[294] /home/travis/build/icyphy/ptII/ptolemy/actor/lib/test/auto/PublisherSubscriberD3Reverse.xml (RunModel)" time="0.012" />
  <testcase classname="ptolemy.util.test.junit.AutoTests" name="[295] /home/travis/build/icyphy/ptII/ptolemy/actor/lib/test/auto/PublisherSubscriberExpression.xml (RunModel)" time="0.022" />
  <testcase classname="ptolemy.util.test.junit.AutoTests" name="[296] /home/travis/build/icyphy/ptII/ptolemy/actor/lib/test/auto/PublisherSubscriberOpaque.xml (RunModel)" time="0.017" />
  <testcase classname="ptolemy.util.test.junit.AutoTests" name="[297] /home/travis/build/icyphy/ptII/ptolemy/actor/lib/test/auto/PublisherSubscriberOpaqueD3.xml (RunModel)" time="0.024" />
  <testcase classname="ptolemy.util.test.junit.AutoTests" name="[298] /home/travis/build/icyphy/ptII/ptolemy/actor/lib/test/auto/PublisherSubscriberOpaqueD3Reverse.xml (RunModel)" time="0.028" />
  <testcase classname="ptolemy.util.test.junit.AutoTests" name="[299] /home/travis/build/icyphy/ptII/ptolemy/actor/lib/test/auto/PublisherSubscriberOpaqueWidthInference.xml (RunModel)" time="0.019" />
  <testcase classname="ptolemy.util.test.junit.AutoTests" name="[300] /home/travis/build/icyphy/ptII/ptolemy/actor/lib/test/auto/PublisherTestSubscriber.xml (RunModel)" time="0.016" />
  <testcase classname="ptolemy.util.test.junit.AutoTests" name="[301] /home/travis/build/icyphy/ptII/ptolemy/actor/lib/test/auto/PublisherToplevelSubscriberPortAOC.xml (RunModel)" time="0.011" />
  <testcase classname="ptolemy.util.test.junit.AutoTests" name="[302] /home/travis/build/icyphy/ptII/ptolemy/actor/lib/test/auto/PulseFiringLimitDE.xml (RunModel)" time="0.015" />
  <testcase classname="ptolemy.util.test.junit.AutoTests" name="[303] /home/travis/build/icyphy/ptII/ptolemy/actor/lib/test/auto/Ramp1.xml (RunModel)" time="0.009" />
  <testcase classname="ptolemy.util.test.junit.AutoTests" name="[304] /home/travis/build/icyphy/ptII/ptolemy/actor/lib/test/auto/RampFiringLimitDE.xml (RunModel)" time="0.01" />
  <testcase classname="ptolemy.util.test.junit.AutoTests" name="[305] /home/travis/build/icyphy/ptII/ptolemy/actor/lib/test/auto/RampFiringLimitSDF.xml (RunModel)" time="0.01" />
  <testcase classname="ptolemy.util.test.junit.AutoTests" name="[306] /home/travis/build/icyphy/ptII/ptolemy/actor/lib/test/auto/RandomInteger.xml (RunModel)" time="0.01" />
  <testcase classname="ptolemy.util.test.junit.AutoTests" name="[307] /home/travis/build/icyphy/ptII/ptolemy/actor/lib/test/auto/ReadFile1.xml (RunModel)" time="0.008" />
  <testcase classname="ptolemy.util.test.junit.AutoTests" name="[308] /home/travis/build/icyphy/ptII/ptolemy/actor/lib/test/auto/ReadFile2.xml (RunModel)" time="0.009" />
  <testcase classname="ptolemy.util.test.junit.AutoTests" name="[309] /home/travis/build/icyphy/ptII/ptolemy/actor/lib/test/auto/Reader.xml (RunModel)" time="0.028" />
  <testcase classname="ptolemy.util.test.junit.AutoTests" name="[310] /home/travis/build/icyphy/ptII/ptolemy/actor/lib/test/auto/RecordAssemblerDisplayNameTest.xml (RunModel)" time="3.291" />
  <testcase classname="ptolemy.util.test.junit.AutoTests" name="[311] /home/travis/build/icyphy/ptII/ptolemy/actor/lib/test/auto/RecordAssemblerTypeError.xml (RunModel)" time="0.04" />
  <testcase classname="ptolemy.util.test.junit.AutoTests" name="[312] /home/travis/build/icyphy/ptII/ptolemy/actor/lib/test/auto/RecordDisassember.xml (RunModel)" time="0.019" />
  <testcase classname="ptolemy.util.test.junit.AutoTests" name="[313] /home/travis/build/icyphy/ptII/ptolemy/actor/lib/test/auto/RecordDisassemberDisplayNameTest.xml (RunModel)" time="0.025" />
  <testcase classname="ptolemy.util.test.junit.AutoTests" name="[314] /home/travis/build/icyphy/ptII/ptolemy/actor/lib/test/auto/RecordDisassembler.xml (RunModel)" time="0.008" />
  <testcase classname="ptolemy.util.test.junit.AutoTests" name="[315] /home/travis/build/icyphy/ptII/ptolemy/actor/lib/test/auto/RecordDisassembler2.xml (RunModel)" time="0.01" />
  <testcase classname="ptolemy.util.test.junit.AutoTests" name="[316] /home/travis/build/icyphy/ptII/ptolemy/actor/lib/test/auto/RecordUpdater.xml (RunModel)" time="0.011" />
  <testcase classname="ptolemy.util.test.junit.AutoTests" name="[317] /home/travis/build/icyphy/ptII/ptolemy/actor/lib/test/auto/RecordUpdater2.xml (RunModel)" time="0.01" />
  <testcase classname="ptolemy.util.test.junit.AutoTests" name="[318] /home/travis/build/icyphy/ptII/ptolemy/actor/lib/test/auto/RecursiveLattice.xml (RunModel)" time="0.01" />
  <testcase classname="ptolemy.util.test.junit.AutoTests" name="[319] /home/travis/build/icyphy/ptII/ptolemy/actor/lib/test/auto/Router.xml (RunModel)" time="3.028" />
  <testcase classname="ptolemy.util.test.junit.AutoTests" name="[320] /home/travis/build/icyphy/ptII/ptolemy/actor/lib/test/auto/Router2.xml (RunModel)" time="3.039" />
  <testcase classname="ptolemy.util.test.junit.AutoTests" name="[321] /home/travis/build/icyphy/ptII/ptolemy/actor/lib/test/auto/RunningMaximum.xml (RunModel)" time="0.025" />
  <testcase classname="ptolemy.util.test.junit.AutoTests" name="[322] /home/travis/build/icyphy/ptII/ptolemy/actor/lib/test/auto/RunningMinimum.xml (RunModel)" time="0.034" />
  <testcase classname="ptolemy.util.test.junit.AutoTests" name="[323] /home/travis/build/icyphy/ptII/ptolemy/actor/lib/test/auto/Scale.xml (RunModel)" time="0.014" />
  <testcase classname="ptolemy.util.test.junit.AutoTests" name="[324] /home/travis/build/icyphy/ptII/ptolemy/actor/lib/test/auto/Scale2.xml (RunModel)" time="0.012" />
  <testcase classname="ptolemy.util.test.junit.AutoTests" name="[325] /home/travis/build/icyphy/ptII/ptolemy/actor/lib/test/auto/Scale3.xml (RunModel)" time="0.024" />
  <testcase classname="ptolemy.util.test.junit.AutoTests" name="[326] /home/travis/build/icyphy/ptII/ptolemy/actor/lib/test/auto/ScaleArray.xml (RunModel)" time="0.009" />
  <testcase classname="ptolemy.util.test.junit.AutoTests" name="[327] /home/travis/build/icyphy/ptII/ptolemy/actor/lib/test/auto/ScaleArray2.xml (RunModel)" time="0.009" />
  <testcase classname="ptolemy.util.test.junit.AutoTests" name="[328] /home/travis/build/icyphy/ptII/ptolemy/actor/lib/test/auto/ScaleMatrix.xml (RunModel)" time="0.183" />
  <testcase classname="ptolemy.util.test.junit.AutoTests" name="[329] /home/travis/build/icyphy/ptII/ptolemy/actor/lib/test/auto/Select.xml (RunModel)" time="0.018" />
  <testcase classname="ptolemy.util.test.junit.AutoTests" name="[330] /home/travis/build/icyphy/ptII/ptolemy/actor/lib/test/auto/Select2.xml (RunModel)" time="0.008" />
  <testcase classname="ptolemy.util.test.junit.AutoTests" name="[331] /home/travis/build/icyphy/ptII/ptolemy/actor/lib/test/auto/SequenceToArray2.xml (RunModel)" time="0.146" />
  <testcase classname="ptolemy.util.test.junit.AutoTests" name="[332] /home/travis/build/icyphy/ptII/ptolemy/actor/lib/test/auto/SequentialClock.xml (RunModel)" time="0.013" />
  <testcase classname="ptolemy.util.test.junit.AutoTests" name="[333] /home/travis/build/icyphy/ptII/ptolemy/actor/lib/test/auto/SetVariable.xml (RunModel)" time="0.01" />
  <testcase classname="ptolemy.util.test.junit.AutoTests" name="[334] /home/travis/build/icyphy/ptII/ptolemy/actor/lib/test/auto/SetVariable2.xml (RunModel)" time="0.011" />
  <testcase classname="ptolemy.util.test.junit.AutoTests" name="[335] /home/travis/build/icyphy/ptII/ptolemy/actor/lib/test/auto/SetVariable3.xml (RunModel)" time="0.014" />
  <testcase classname="ptolemy.util.test.junit.AutoTests" name="[336] /home/travis/build/icyphy/ptII/ptolemy/actor/lib/test/auto/SetVariable4.xml (RunModel)" time="0.031" />
  <testcase classname="ptolemy.util.test.junit.AutoTests" name="[337] /home/travis/build/icyphy/ptII/ptolemy/actor/lib/test/auto/SetVariable5.xml (RunModel)" time="0.039" />
  <testcase classname="ptolemy.util.test.junit.AutoTests" name="[338] /home/travis/build/icyphy/ptII/ptolemy/actor/lib/test/auto/Sinewave.xml (RunModel)" time="0.028" />
  <testcase classname="ptolemy.util.test.junit.AutoTests" name="[339] /home/travis/build/icyphy/ptII/ptolemy/actor/lib/test/auto/Sinewave2.xml (RunModel)" time="0.024" />
  <testcase classname="ptolemy.util.test.junit.AutoTests" name="[340] /home/travis/build/icyphy/ptII/ptolemy/actor/lib/test/auto/Sinewave3.xml (RunModel)" time="0.024" />
  <testcase classname="ptolemy.util.test.junit.AutoTests" name="[341] /home/travis/build/icyphy/ptII/ptolemy/actor/lib/test/auto/SingleEvent.xml (RunModel)" time="0.009" />
  <testcase classname="ptolemy.util.test.junit.AutoTests" name="[342] /home/travis/build/icyphy/ptII/ptolemy/actor/lib/test/auto/Sleep.xml (RunModel)" time="6.022" />
  <testcase classname="ptolemy.util.test.junit.AutoTests" name="[343] /home/travis/build/icyphy/ptII/ptolemy/actor/lib/test/auto/SleepMultipleFire.xml (RunModel)" time="1.028" />
  <testcase classname="ptolemy.util.test.junit.AutoTests" name="[344] /home/travis/build/icyphy/ptII/ptolemy/actor/lib/test/auto/StopDE.xml (RunModel)" time="0.016" />
  <testcase classname="ptolemy.util.test.junit.AutoTests" name="[345] /home/travis/build/icyphy/ptII/ptolemy/actor/lib/test/auto/StopSDF.xml (RunModel)" time="0.013" />
  <testcase classname="ptolemy.util.test.junit.AutoTests" name="[346] /home/travis/build/icyphy/ptII/ptolemy/actor/lib/test/auto/StringConstant.xml (RunModel)" time="0.019" />
  <testcase classname="ptolemy.util.test.junit.AutoTests" name="[347] /home/travis/build/icyphy/ptII/ptolemy/actor/lib/test/auto/SubscriberPortInitialValues1.xml (RunModel)" time="0.027" />
  <testcase classname="ptolemy.util.test.junit.AutoTests" name="[348] /home/travis/build/icyphy/ptII/ptolemy/actor/lib/test/auto/SubscriberPortInitialValues13.xml (RunModel)" time="0.024" />
  <testcase classname="ptolemy.util.test.junit.AutoTests" name="[349] /home/travis/build/icyphy/ptII/ptolemy/actor/lib/test/auto/SubscriberPortInitialValues14.xml (RunModel)" time="0.017" />
  <testcase classname="ptolemy.util.test.junit.AutoTests" name="[350] /home/travis/build/icyphy/ptII/ptolemy/actor/lib/test/auto/SubscriberPortInitialValues2.xml (RunModel)" time="0.024" />
  <testcase classname="ptolemy.util.test.junit.AutoTests" name="[351] /home/travis/build/icyphy/ptII/ptolemy/actor/lib/test/auto/SubscriberPortInitialValues3.xml (RunModel)" time="0.021" />
  <testcase classname="ptolemy.util.test.junit.AutoTests" name="[352] /home/travis/build/icyphy/ptII/ptolemy/actor/lib/test/auto/SubscriptionAggregator.xml (RunModel)" time="0.011" />
  <testcase classname="ptolemy.util.test.junit.AutoTests" name="[353] /home/travis/build/icyphy/ptII/ptolemy/actor/lib/test/auto/SubscriptionAggregator2.xml (RunModel)" time="0.014" />
  <testcase classname="ptolemy.util.test.junit.AutoTests" name="[354] /home/travis/build/icyphy/ptII/ptolemy/actor/lib/test/auto/SubscriptionAggregator3.xml (RunModel)" time="0.017" />
  <testcase classname="ptolemy.util.test.junit.AutoTests" name="[355] /home/travis/build/icyphy/ptII/ptolemy/actor/lib/test/auto/SubscriptionAggregatorMultiply.xml (RunModel)" time="0.017" />
  <testcase classname="ptolemy.util.test.junit.AutoTests" name="[356] /home/travis/build/icyphy/ptII/ptolemy/actor/lib/test/auto/SubscriptionAggregatorPortMultiply1.xml (RunModel)" time="0.012" />
  <testcase classname="ptolemy.util.test.junit.AutoTests" name="[357] /home/travis/build/icyphy/ptII/ptolemy/actor/lib/test/auto/Switch.xml (RunModel)" time="0.021" />
  <testcase classname="ptolemy.util.test.junit.AutoTests" name="[358] /home/travis/build/icyphy/ptII/ptolemy/actor/lib/test/auto/Switch2.xml (RunModel)" time="0.013" />
  <testcase classname="ptolemy.util.test.junit.AutoTests" name="[359] /home/travis/build/icyphy/ptII/ptolemy/actor/lib/test/auto/SwitchDE.xml (RunModel)" time="0.014" />
  <testcase classname="ptolemy.util.test.junit.AutoTests" name="[360] /home/travis/build/icyphy/ptII/ptolemy/actor/lib/test/auto/SynchronizerDE.xml (RunModel)" time="0.022" />
  <testcase classname="ptolemy.util.test.junit.AutoTests" name="[361] /home/travis/build/icyphy/ptII/ptolemy/actor/lib/test/auto/Test.xml (RunModel)" time="0.018" />
  <testcase classname="ptolemy.util.test.junit.AutoTests" name="[362] /home/travis/build/icyphy/ptII/ptolemy/actor/lib/test/auto/TestExceptionAttribute1.xml (RunModel)" time="0.009" />
  <testcase classname="ptolemy.util.test.junit.AutoTests" name="[363] /home/travis/build/icyphy/ptII/ptolemy/actor/lib/test/auto/TestExceptionAttribute2.xml (RunModel)" time="0.008" />
  <testcase classname="ptolemy.util.test.junit.AutoTests" name="[364] /home/travis/build/icyphy/ptII/ptolemy/actor/lib/test/auto/TestExceptionAttribute3.xml (RunModel)" time="0.011" />
  <testcase classname="ptolemy.util.test.junit.AutoTests" name="[365] /home/travis/build/icyphy/ptII/ptolemy/actor/lib/test/auto/TestExceptionAttribute4.xml (RunModel)" time="0.006" />
  <testcase classname="ptolemy.util.test.junit.AutoTests" name="[366] /home/travis/build/icyphy/ptII/ptolemy/actor/lib/test/auto/TestExceptionHandler1.xml (RunModel)" time="0.007" />
  <testcase classname="ptolemy.util.test.junit.AutoTests" name="[367] /home/travis/build/icyphy/ptII/ptolemy/actor/lib/test/auto/TestExceptionHandler2.xml (RunModel)" time="0.013" />
  <testcase classname="ptolemy.util.test.junit.AutoTests" name="[368] /home/travis/build/icyphy/ptII/ptolemy/actor/lib/test/auto/TestExceptionHandler3.xml (RunModel)" time="0.01" />
  <testcase classname="ptolemy.util.test.junit.AutoTests" name="[369] /home/travis/build/icyphy/ptII/ptolemy/actor/lib/test/auto/TestExceptionHandler4.xml (RunModel)" time="0.031" />
  <testcase classname="ptolemy.util.test.junit.AutoTests" name="[370] /home/travis/build/icyphy/ptII/ptolemy/actor/lib/test/auto/TestRequireCorrectOrder.xml (RunModel)" time="0.014" />
  <testcase classname="ptolemy.util.test.junit.AutoTests" name="[371] /home/travis/build/icyphy/ptII/ptolemy/actor/lib/test/auto/TestSimple.xml (RunModel)" time="0.006" />
  <testcase classname="ptolemy.util.test.junit.AutoTests" name="[372] /home/travis/build/icyphy/ptII/ptolemy/actor/lib/test/auto/ThrowModelError.xml (RunModel)" time="0.01" />
  <testcase classname="ptolemy.util.test.junit.AutoTests" name="[373] /home/travis/build/icyphy/ptII/ptolemy/actor/lib/test/auto/TimeDelayMicrosteps.xml (RunModel)" time="0.014" />
  <testcase classname="ptolemy.util.test.junit.AutoTests" name="[374] /home/travis/build/icyphy/ptII/ptolemy/actor/lib/test/auto/TimeDelayMicrosteps2.xml (RunModel)" time="0.015" />
  <testcase classname="ptolemy.util.test.junit.AutoTests" name="[375] /home/travis/build/icyphy/ptII/ptolemy/actor/lib/test/auto/TimeDelayMicrosteps3.xml (RunModel)" time="0.014" />
  <testcase classname="ptolemy.util.test.junit.AutoTests" name="[376] /home/travis/build/icyphy/ptII/ptolemy/actor/lib/test/auto/TimeDelayVariableMicrosteps.xml (RunModel)" time="0.013" />
  <testcase classname="ptolemy.util.test.junit.AutoTests" name="[377] /home/travis/build/icyphy/ptII/ptolemy/actor/lib/test/auto/TimeGap.xml (RunModel)" time="0.015" />
  <testcase classname="ptolemy.util.test.junit.AutoTests" name="[378] /home/travis/build/icyphy/ptII/ptolemy/actor/lib/test/auto/TimeGap2.xml (RunModel)" time="0.012" />
  <testcase classname="ptolemy.util.test.junit.AutoTests" name="[379] /home/travis/build/icyphy/ptII/ptolemy/actor/lib/test/auto/TimedSinewave.xml (RunModel)" time="0.061" />
  <testcase classname="ptolemy.util.test.junit.AutoTests" name="[380] /home/travis/build/icyphy/ptII/ptolemy/actor/lib/test/auto/TimedSinewavePhase.xml (RunModel)" time="0.048" />
  <testcase classname="ptolemy.util.test.junit.AutoTests" name="[381] /home/travis/build/icyphy/ptII/ptolemy/actor/lib/test/auto/Timer.xml (RunModel)" time="0.015" />
  <testcase classname="ptolemy.util.test.junit.AutoTests" name="[382] /home/travis/build/icyphy/ptII/ptolemy/actor/lib/test/auto/TriangularDistTestModel.xml (RunModel)" time="0.016" />
  <testcase classname="ptolemy.util.test.junit.AutoTests" name="[383] /home/travis/build/icyphy/ptII/ptolemy/actor/lib/test/auto/TrigFunction.xml (RunModel)" time="0.01" />
  <testcase classname="ptolemy.util.test.junit.AutoTests" name="[384] /home/travis/build/icyphy/ptII/ptolemy/actor/lib/test/auto/TrigFunctionDE.xml (RunModel)" time="0.01" />
  <testcase classname="ptolemy.util.test.junit.AutoTests" name="[385] /home/travis/build/icyphy/ptII/ptolemy/actor/lib/test/auto/TrigFunctionInverse.xml (RunModel)" time="0.009" />
  <testcase classname="ptolemy.util.test.junit.AutoTests" name="[386] /home/travis/build/icyphy/ptII/ptolemy/actor/lib/test/auto/TrigFunctionTan.xml (RunModel)" time="0.008" />
  <testcase classname="ptolemy.util.test.junit.AutoTests" name="[387] /home/travis/build/icyphy/ptII/ptolemy/actor/lib/test/auto/TriggeredClock.xml (RunModel)" time="0.009" />
  <testcase classname="ptolemy.util.test.junit.AutoTests" name="[388] /home/travis/build/icyphy/ptII/ptolemy/actor/lib/test/auto/URLDirectoryReader.xml (RunModel)" time="0.13" />
  <testcase classname="ptolemy.util.test.junit.AutoTests" name="[389] /home/travis/build/icyphy/ptII/ptolemy/actor/lib/test/auto/URLDirectoryReader3.xml (RunModel)" time="2.158" />
  <testcase classname="ptolemy.util.test.junit.AutoTests" name="[390] /home/travis/build/icyphy/ptII/ptolemy/actor/lib/test/auto/UnaryMathFunction.xml (RunModel)" time="0.036" />
  <testcase classname="ptolemy.util.test.junit.AutoTests" name="[391] /home/travis/build/icyphy/ptII/ptolemy/actor/lib/test/auto/Uniform.xml (RunModel)" time="0.011" />
  <testcase classname="ptolemy.util.test.junit.AutoTests" name="[392] /home/travis/build/icyphy/ptII/ptolemy/actor/lib/test/auto/UnionDisassemblerTest.xml (RunModel)" time="0.01" />
  <testcase classname="ptolemy.util.test.junit.AutoTests" name="[393] /home/travis/build/icyphy/ptII/ptolemy/actor/lib/test/auto/UtilityFunctions.xml (RunModel)" time="0.008" />
  <testcase classname="ptolemy.util.test.junit.AutoTests" name="[394] /home/travis/build/icyphy/ptII/ptolemy/actor/lib/test/auto/VariableSleep.xml (RunModel)" time="0.514" />
  <testcase classname="ptolemy.util.test.junit.AutoTests" name="[395] /home/travis/build/icyphy/ptII/ptolemy/actor/lib/test/auto/VectorAssemblerDisassemblerCT.xml (RunModel)" time="0.127" />
  <testcase classname="ptolemy.util.test.junit.AutoTests" name="[396] /home/travis/build/icyphy/ptII/ptolemy/actor/lib/test/auto/VectorAssemblerDisassemblerDE.xml (RunModel)" time="0.014" />
  <testcase classname="ptolemy.util.test.junit.AutoTests" name="[397] /home/travis/build/icyphy/ptII/ptolemy/actor/lib/test/auto/VectorAssemblerDisassemblerSDF.xml (RunModel)" time="0.013" />
  <testcase classname="ptolemy.util.test.junit.AutoTests" name="[398] /home/travis/build/icyphy/ptII/ptolemy/actor/lib/test/auto/WallClockTime.xml (RunModel)" time="1.017" />
  <testcase classname="ptolemy.util.test.junit.AutoTests" name="[399] /home/travis/build/icyphy/ptII/ptolemy/actor/lib/test/auto/WidthTestWithSubscriberPublisher.xml (RunModel)" time="0.039" />
  <testcase classname="ptolemy.util.test.junit.AutoTests" name="[400] /home/travis/build/icyphy/ptII/ptolemy/actor/lib/test/auto/WidthTestWithSubscriberPublisher2.xml (RunModel)" time="0.016" />
  <testcase classname="ptolemy.util.test.junit.AutoTests" name="[401] /home/travis/build/icyphy/ptII/ptolemy/actor/lib/test/auto/WidthTestWithSubscriberPublisher3.xml (RunModel)" time="0.016" />
  <testcase classname="ptolemy.util.test.junit.AutoTests" name="[402] /home/travis/build/icyphy/ptII/ptolemy/actor/lib/test/auto/Writer.xml (RunModel)" time="0.01" />
  <testcase classname="ptolemy.util.test.junit.AutoTests" name="[403] /home/travis/build/icyphy/ptII/ptolemy/actor/lib/test/auto/array.xml (RunModel)" time="0.009" />
  <testcase classname="ptolemy.util.test.junit.AutoTests" name="[404] /home/travis/build/icyphy/ptII/ptolemy/actor/lib/test/auto/array2.xml (RunModel)" time="0.015" />
  <testcase classname="ptolemy.util.test.junit.AutoTests" name="[405] /home/travis/build/icyphy/ptII/ptolemy/actor/lib/test/auto/arrayType.xml (RunModel)" time="0.014" />
  <testcase classname="ptolemy.util.test.junit.AutoTests" name="[406] /home/travis/build/icyphy/ptII/ptolemy/actor/lib/test/auto/arrayType10.xml (RunModel)" time="0.009" />
  <testcase classname="ptolemy.util.test.junit.AutoTests" name="[407] /home/travis/build/icyphy/ptII/ptolemy/actor/lib/test/auto/arrayType11.xml (RunModel)" time="0.009" />
  <testcase classname="ptolemy.util.test.junit.AutoTests" name="[408] /home/travis/build/icyphy/ptII/ptolemy/actor/lib/test/auto/arrayType12.xml (RunModel)" time="0.011" />
  <testcase classname="ptolemy.util.test.junit.AutoTests" name="[409] /home/travis/build/icyphy/ptII/ptolemy/actor/lib/test/auto/arrayType13.xml (RunModel)" time="0.012" />
  <testcase classname="ptolemy.util.test.junit.AutoTests" name="[410] /home/travis/build/icyphy/ptII/ptolemy/actor/lib/test/auto/arrayType14.xml (RunModel)" time="0.009" />
  <testcase classname="ptolemy.util.test.junit.AutoTests" name="[411] /home/travis/build/icyphy/ptII/ptolemy/actor/lib/test/auto/arrayType15.xml (RunModel)" time="0.015" />
  <testcase classname="ptolemy.util.test.junit.AutoTests" name="[412] /home/travis/build/icyphy/ptII/ptolemy/actor/lib/test/auto/arrayType16.xml (RunModel)" time="0.01" />
  <testcase classname="ptolemy.util.test.junit.AutoTests" name="[413] /home/travis/build/icyphy/ptII/ptolemy/actor/lib/test/auto/arrayType17.xml (RunModel)" time="0.01" />
  <testcase classname="ptolemy.util.test.junit.AutoTests" name="[414] /home/travis/build/icyphy/ptII/ptolemy/actor/lib/test/auto/arrayType18.xml (RunModel)" time="0.009" />
  <testcase classname="ptolemy.util.test.junit.AutoTests" name="[415] /home/travis/build/icyphy/ptII/ptolemy/actor/lib/test/auto/arrayType19.xml (RunModel)" time="0.007" />
  <testcase classname="ptolemy.util.test.junit.AutoTests" name="[416] /home/travis/build/icyphy/ptII/ptolemy/actor/lib/test/auto/arrayType2.xml (RunModel)" time="0.01" />
  <testcase classname="ptolemy.util.test.junit.AutoTests" name="[417] /home/travis/build/icyphy/ptII/ptolemy/actor/lib/test/auto/arrayType20.xml (RunModel)" time="0.011" />
  <testcase classname="ptolemy.util.test.junit.AutoTests" name="[418] /home/travis/build/icyphy/ptII/ptolemy/actor/lib/test/auto/arrayType21.xml (RunModel)" time="0.009" />
  <testcase classname="ptolemy.util.test.junit.AutoTests" name="[419] /home/travis/build/icyphy/ptII/ptolemy/actor/lib/test/auto/arrayType22.xml (RunModel)" time="0.009" />
  <testcase classname="ptolemy.util.test.junit.AutoTests" name="[420] /home/travis/build/icyphy/ptII/ptolemy/actor/lib/test/auto/arrayType23.xml (RunModel)" time="0.009" />
  <testcase classname="ptolemy.util.test.junit.AutoTests" name="[421] /home/travis/build/icyphy/ptII/ptolemy/actor/lib/test/auto/arrayType24.xml (RunModel)" time="0.009" />
  <testcase classname="ptolemy.util.test.junit.AutoTests" name="[422] /home/travis/build/icyphy/ptII/ptolemy/actor/lib/test/auto/arrayType25.xml (RunModel)" time="0.008" />
  <testcase classname="ptolemy.util.test.junit.AutoTests" name="[423] /home/travis/build/icyphy/ptII/ptolemy/actor/lib/test/auto/arrayType26.xml (RunModel)" time="0.01" />
  <testcase classname="ptolemy.util.test.junit.AutoTests" name="[424] /home/travis/build/icyphy/ptII/ptolemy/actor/lib/test/auto/arrayType27.xml (RunModel)" time="0.008" />
  <testcase classname="ptolemy.util.test.junit.AutoTests" name="[425] /home/travis/build/icyphy/ptII/ptolemy/actor/lib/test/auto/arrayType28.xml (RunModel)" time="0.012" />
  <testcase classname="ptolemy.util.test.junit.AutoTests" name="[426] /home/travis/build/icyphy/ptII/ptolemy/actor/lib/test/auto/arrayType3.xml (RunModel)" time="0.012" />
  <testcase classname="ptolemy.util.test.junit.AutoTests" name="[427] /home/travis/build/icyphy/ptII/ptolemy/actor/lib/test/auto/arrayType4.xml (RunModel)" time="0.009" />
  <testcase classname="ptolemy.util.test.junit.AutoTests" name="[428] /home/travis/build/icyphy/ptII/ptolemy/actor/lib/test/auto/arrayType5.xml (RunModel)" time="0.009" />
  <testcase classname="ptolemy.util.test.junit.AutoTests" name="[429] /home/travis/build/icyphy/ptII/ptolemy/actor/lib/test/auto/arrayType6.xml (RunModel)" time="0.009" />
  <testcase classname="ptolemy.util.test.junit.AutoTests" name="[430] /home/travis/build/icyphy/ptII/ptolemy/actor/lib/test/auto/arrayType7.xml (RunModel)" time="0.019" />
  <testcase classname="ptolemy.util.test.junit.AutoTests" name="[431] /home/travis/build/icyphy/ptII/ptolemy/actor/lib/test/auto/arrayType8.xml (RunModel)" time="0.009" />
  <testcase classname="ptolemy.util.test.junit.AutoTests" name="[432] /home/travis/build/icyphy/ptII/ptolemy/actor/lib/test/auto/arrayType9.xml (RunModel)" time="0.007" />
  <testcase classname="ptolemy.util.test.junit.AutoTests" name="[433] /home/travis/build/icyphy/ptII/ptolemy/actor/lib/test/auto/cast.xml (RunModel)" time="0.019" />
  <testcase classname="ptolemy.util.test.junit.AutoTests" name="[434] /home/travis/build/icyphy/ptII/ptolemy/actor/lib/test/auto/compositeMultiPort.xml (RunModel)" time="0.016" />
  <testcase classname="ptolemy.util.test.junit.AutoTests" name="[435] /home/travis/build/icyphy/ptII/ptolemy/actor/lib/test/auto/expressionCastInference.xml (RunModel)" time="0.009" />
  <testcase classname="ptolemy.util.test.junit.AutoTests" name="[436] /home/travis/build/icyphy/ptII/ptolemy/actor/lib/test/auto/expressionCastInference2.xml (RunModel)" time="0.008" />
  <testcase classname="ptolemy.util.test.junit.AutoTests" name="[437] /home/travis/build/icyphy/ptII/ptolemy/actor/lib/test/auto/expressionInference.xml (RunModel)" time="0.007" />
  <testcase classname="ptolemy.util.test.junit.AutoTests" name="[438] /home/travis/build/icyphy/ptII/ptolemy/actor/lib/test/auto/expression_bug.xml (RunModel)" time="0.007" />
  <testcase classname="ptolemy.util.test.junit.AutoTests" name="[439] /home/travis/build/icyphy/ptII/ptolemy/actor/lib/test/auto/factorial.xml (RunModel)" time="0.05" />
  <testcase classname="ptolemy.util.test.junit.AutoTests" name="[440] /home/travis/build/icyphy/ptII/ptolemy/actor/lib/test/auto/filterTest1.xml (RunModel)" time="0.012" />
  <testcase classname="ptolemy.util.test.junit.AutoTests" name="[441] /home/travis/build/icyphy/ptII/ptolemy/actor/lib/test/auto/funcApplyInConst.xml (RunModel)" time="0.007" />
  <testcase classname="ptolemy.util.test.junit.AutoTests" name="[442] /home/travis/build/icyphy/ptII/ptolemy/actor/lib/test/auto/funcApplyInExpr.xml (RunModel)" time="0.006" />
  <testcase classname="ptolemy.util.test.junit.AutoTests" name="[443] /home/travis/build/icyphy/ptII/ptolemy/actor/lib/test/auto/function.xml (RunModel)" time="0.011" />
  <testcase classname="ptolemy.util.test.junit.AutoTests" name="[444] /home/travis/build/icyphy/ptII/ptolemy/actor/lib/test/auto/function2.xml (RunModel)" time="0.009" />
  <testcase classname="ptolemy.util.test.junit.AutoTests" name="[445] /home/travis/build/icyphy/ptII/ptolemy/actor/lib/test/auto/function3.xml (RunModel)" time="0.008" />
  <testcase classname="ptolemy.util.test.junit.AutoTests" name="[446] /home/travis/build/icyphy/ptII/ptolemy/actor/lib/test/auto/functionClosureTest1.xml (RunModel)" time="0.01" />
  <testcase classname="ptolemy.util.test.junit.AutoTests" name="[447] /home/travis/build/icyphy/ptII/ptolemy/actor/lib/test/auto/functionClosureTest2.xml (RunModel)" time="0.008" />
  <testcase classname="ptolemy.util.test.junit.AutoTests" name="[448] /home/travis/build/icyphy/ptII/ptolemy/actor/lib/test/auto/functionClosureTest3.xml (RunModel)" time="0.011" />
  <testcase classname="ptolemy.util.test.junit.AutoTests" name="[449] /home/travis/build/icyphy/ptII/ptolemy/actor/lib/test/auto/functionClosureTest4.xml (RunModel)" time="0.017" />
  <testcase classname="ptolemy.util.test.junit.AutoTests" name="[450] /home/travis/build/icyphy/ptII/ptolemy/actor/lib/test/auto/functionClosureTest5.xml (RunModel)" time="0.012" />
  <testcase classname="ptolemy.util.test.junit.AutoTests" name="[451] /home/travis/build/icyphy/ptII/ptolemy/actor/lib/test/auto/functionClosureTest6.xml (RunModel)" time="0.008" />
  <testcase classname="ptolemy.util.test.junit.AutoTests" name="[452] /home/travis/build/icyphy/ptII/ptolemy/actor/lib/test/auto/functionsOnArcs.xml (RunModel)" time="0.01" />
  <testcase classname="ptolemy.util.test.junit.AutoTests" name="[453] /home/travis/build/icyphy/ptII/ptolemy/actor/lib/test/auto/functionsOnArcsHOF.xml (RunModel)" time="0.014" />
  <testcase classname="ptolemy.util.test.junit.AutoTests" name="[454] /home/travis/build/icyphy/ptII/ptolemy/actor/lib/test/auto/logic.xml (RunModel)" time="0.03" />
  <testcase classname="ptolemy.util.test.junit.AutoTests" name="[455] /home/travis/build/icyphy/ptII/ptolemy/actor/lib/test/auto/matrixType.xml (RunModel)" time="0.008" />
  <testcase classname="ptolemy.util.test.junit.AutoTests" name="[456] /home/travis/build/icyphy/ptII/ptolemy/actor/lib/test/auto/matrixType10.xml (RunModel)" time="0.008" />
  <testcase classname="ptolemy.util.test.junit.AutoTests" name="[457] /home/travis/build/icyphy/ptII/ptolemy/actor/lib/test/auto/matrixType11.xml (RunModel)" time="0.009" />
  <testcase classname="ptolemy.util.test.junit.AutoTests" name="[458] /home/travis/build/icyphy/ptII/ptolemy/actor/lib/test/auto/matrixType12.xml (RunModel)" time="0.011" />
  <testcase classname="ptolemy.util.test.junit.AutoTests" name="[459] /home/travis/build/icyphy/ptII/ptolemy/actor/lib/test/auto/matrixType13.xml (RunModel)" time="0.009" />
  <testcase classname="ptolemy.util.test.junit.AutoTests" name="[460] /home/travis/build/icyphy/ptII/ptolemy/actor/lib/test/auto/matrixType14.xml (RunModel)" time="0.009" />
  <testcase classname="ptolemy.util.test.junit.AutoTests" name="[461] /home/travis/build/icyphy/ptII/ptolemy/actor/lib/test/auto/matrixType2.xml (RunModel)" time="0.008" />
  <testcase classname="ptolemy.util.test.junit.AutoTests" name="[462] /home/travis/build/icyphy/ptII/ptolemy/actor/lib/test/auto/matrixType3.xml (RunModel)" time="0.01" />
  <testcase classname="ptolemy.util.test.junit.AutoTests" name="[463] /home/travis/build/icyphy/ptII/ptolemy/actor/lib/test/auto/matrixType4.xml (RunModel)" time="0.009" />
  <testcase classname="ptolemy.util.test.junit.AutoTests" name="[464] /home/travis/build/icyphy/ptII/ptolemy/actor/lib/test/auto/matrixType5.xml (RunModel)" time="0.009" />
  <testcase classname="ptolemy.util.test.junit.AutoTests" name="[465] /home/travis/build/icyphy/ptII/ptolemy/actor/lib/test/auto/matrixType6.xml (RunModel)" time="0.008" />
  <testcase classname="ptolemy.util.test.junit.AutoTests" name="[466] /home/travis/build/icyphy/ptII/ptolemy/actor/lib/test/auto/matrixType7.xml (RunModel)" time="0.01" />
  <testcase classname="ptolemy.util.test.junit.AutoTests" name="[467] /home/travis/build/icyphy/ptII/ptolemy/actor/lib/test/auto/matrixType8.xml (RunModel)" time="0.009" />
  <testcase classname="ptolemy.util.test.junit.AutoTests" name="[468] /home/travis/build/icyphy/ptII/ptolemy/actor/lib/test/auto/matrixType9.xml (RunModel)" time="0.008" />
  <testcase classname="ptolemy.util.test.junit.AutoTests" name="[469] /home/travis/build/icyphy/ptII/ptolemy/actor/lib/test/auto/paraFunctest.xml (RunModel)" time="0.01" />
  <testcase classname="ptolemy.util.test.junit.AutoTests" name="[470] /home/travis/build/icyphy/ptII/ptolemy/actor/lib/test/auto/paraFunctest2.xml (RunModel)" time="0.013" />
  <testcase classname="ptolemy.util.test.junit.AutoTests" name="[471] /home/travis/build/icyphy/ptII/ptolemy/actor/lib/test/auto/parameterPassing.xml (RunModel)" time="0.008" />
  <testcase classname="ptolemy.util.test.junit.AutoTests" name="[472] /home/travis/build/icyphy/ptII/ptolemy/actor/lib/test/auto/record.xml (RunModel)" time="0.009" />
  <testcase classname="ptolemy.util.test.junit.AutoTests" name="[473] /home/travis/build/icyphy/ptII/ptolemy/actor/lib/test/auto/sizedarray1.xml (RunModel)" time="0.01" />
  <testcase classname="ptolemy.util.test.junit.AutoTests" name="[474] /home/travis/build/icyphy/ptII/ptolemy/actor/lib/test/auto/sizedarray2.xml (RunModel)" time="0.01" />
  <testcase classname="ptolemy.util.test.junit.AutoTests" name="[475] /home/travis/build/icyphy/ptII/ptolemy/actor/lib/test/auto/twoPublishers.xml (RunModel)" time="0.029" />
  <system-out><![CDATA[/home/travis/build/icyphy/ptII/ptolemy/actor/lib/test/AbsoluteValue.tcl
testDefs.tcl: setting time out to 9000 seconds at Mon Sep 21 15:52:22 UTC 2020
109 ms. Memory: 129024K Free: 93126K (72%)
9 ms. Memory: 129024K Free: 91078K (71%)
4 ms. Memory: 129024K Free: 90558K (70%)
5 ms. Memory: 129024K Free: 89526K (69%)
/home/travis/build/icyphy/ptII/ptolemy/actor/lib/test/AddSubtract.tcl
28 ms. Memory: 129024K Free: 87492K (68%)
19 ms. Memory: 129024K Free: 86982K (67%)
9 ms. Memory: 129024K Free: 85958K (67%)
22 ms. Memory: 129024K Free: 85438K (66%)
90 ms. Memory: 129024K Free: 82372K (64%)
11 ms. Memory: 129024K Free: 81348K (63%)
/home/travis/build/icyphy/ptII/ptolemy/actor/lib/test/Average.tcl
16 ms. Memory: 129024K Free: 79814K (62%)
8 ms. Memory: 129024K Free: 78790K (61%)
/home/travis/build/icyphy/ptII/ptolemy/actor/lib/test/Bernoulli.tcl
14 ms. Memory: 129024K Free: 77222K (60%)
2 ms. Memory: 129024K Free: 76742K (59%)
/home/travis/build/icyphy/ptII/ptolemy/actor/lib/test/Clock.tcl
preinitializing
resolving types
initializing
executing number 1
wrapping up
idle
23 ms. Memory: 129024K Free: 74180K (57%)
Completed execution with 5 iterations
preinitializing
resolving types
initializing
executing number 1
wrapping up
idle
4 ms. Memory: 129024K Free: 73150K (57%)
Completed execution with 5 iterations
preinitializing
resolving types
initializing
executing number 1
wrapping up
idle
4 ms. Memory: 129024K Free: 72646K (56%)
Completed execution with 5 iterations
/home/travis/build/icyphy/ptII/ptolemy/actor/lib/test/Commutator.tcl
15 ms. Memory: 129024K Free: 70598K (55%)
13 ms. Memory: 129024K Free: 69574K (54%)
11 ms. Memory: 129024K Free: 63934K (50%)
/home/travis/build/icyphy/ptII/ptolemy/actor/lib/test/Const.tcl
4 ms. Memory: 129024K Free: 62406K (48%)
4 ms. Memory: 129024K Free: 61892K (48%)
4 ms. Memory: 129024K Free: 61382K (48%)
4 ms. Memory: 129024K Free: 60868K (47%)
3 ms. Memory: 129024K Free: 60358K (47%)
30 ms. Memory: 129024K Free: 58820K (46%)
7 ms. Memory: 129024K Free: 57286K (44%)
5 ms. Memory: 129024K Free: 56772K (44%)
/home/travis/build/icyphy/ptII/ptolemy/actor/lib/test/CurrentTime.tcl
preinitializing
resolving types
initializing
executing number 1
wrapping up
idle
8 ms. Memory: 129024K Free: 54694K (42%)
Completed execution with 11 iterations
/home/travis/build/icyphy/ptII/ptolemy/actor/lib/test/DB.tcl
6 ms. Memory: 129024K Free: 53190K (41%)
3 ms. Memory: 129024K Free: 52676K (41%)
3 ms. Memory: 129024K Free: 52166K (40%)
/home/travis/build/icyphy/ptII/ptolemy/actor/lib/test/DiscreteRandomSource.tcl
preinitializing
resolving types
initializing
executing number 1
wrapping up
idle
5 ms. Memory: 129024K Free: 50614K (39%)
Completed execution with 4 iterations
preinitializing
resolving types
initializing
executing number 1
wrapping up
idle
4 ms. Memory: 129024K Free: 50118K (39%)
Completed execution with 4 iterations
preinitializing
resolving types
initializing
executing number 1
wrapping up
idle
4 ms. Memory: 129024K Free: 49604K (38%)
Completed execution with 4 iterations
preinitializing
resolving types
initializing
executing number 1
wrapping up
idle
4 ms. Memory: 129024K Free: 49094K (38%)
Completed execution with 4 iterations
preinitializing
resolving types
initializing
executing number 1
wrapping up
idle
7 ms. Memory: 129024K Free: 48580K (38%)
Completed execution with 4 iterations
/home/travis/build/icyphy/ptII/ptolemy/actor/lib/test/Distributor.tcl
41 ms. Memory: 129024K Free: 113814K (88%)
4 ms. Memory: 129024K Free: 112813K (87%)
StreamChangeRequest.changeExecuted(): <deleteEntity name="rec2"/> succeeded
StreamChangeRequest.changeExecuted(): <deleteRelation name="r2"/> succeeded
StreamChangeRequest.changeExecuted(): Record firings per iteration succeeded
12 ms. Memory: 129024K Free: 110787K (86%)
/home/travis/build/icyphy/ptII/ptolemy/actor/lib/test/Exit.tcl
Exit.tcl: this will print a message about Manager.exitAfterWrapup, which can be ignored.
10 ms. Memory: 129024K Free: 107678K (83%)
/home/travis/build/icyphy/ptII/ptolemy/actor/lib/test/Expression.tcl
16 ms. Memory: 129024K Free: 104073K (81%)
4 ms. Memory: 129024K Free: 103574K (80%)
3 ms. Memory: 129024K Free: 103057K (80%)
preinitializing
resolving types
initializing
executing number 1
wrapping up
idle
6 ms. Memory: 129024K Free: 101557K (79%)
Completed execution with 6 iterations
4 ms. Memory: 129024K Free: 100515K (78%)
3 ms. Memory: 129024K Free: 99986K (77%)
5 ms. Memory: 129024K Free: 98476K (76%)
5 ms. Memory: 129024K Free: 97453K (76%)
4 ms. Memory: 129024K Free: 95898K (74%)
/home/travis/build/icyphy/ptII/ptolemy/actor/lib/test/Gaussian.tcl
4 ms. Memory: 129024K Free: 94358K (73%)
sleeping 1 seconds: ...............................................................................................................................................................................................................................................................................................................................................................................................................................................................................................................................................................................................................................................................................................................................................................................................................................................................................................................................................................................................................................................................................................................................................................................................................................................................................................................................................................................................................................................................................................................................................................................................................................................................................................................................................................................................................................................................................................................................................................................................................................................................................................................................................................................................................................................................................................................................................................................................................................................................................................................................................................................................................................................................................................................................................................................................................................................................................................................................................................................................................................................................................................................................................................................................................................................................................................................................................................................................................................................................................................................................................................................................................................................................................................................................................................................................................................................................................................................................................................................................................................................................................................................................................................................................................................................................................................................................................................................................................................................................................................................................................................................................................................................................................................................................................................................................................................................................................................................................................................................................................................................................................................................................................................................................................................................................................................................................................................................................................................................................................................................................................................................................................................................................................................................................................................................................................................................................................................................................................................................................................................................................................................................................................................................................................................................................................................................................................................................................................................................................................................................................................................................................................................................................................................................................................................................................................................................................................................................................................................................................................................................................................................................................................................................................................................................................................................................................................................................................................................................................................................................................................................................................................................................................................................................................................................................................................................................................................................................................................................................................................................................................................................................................................................................................................................................................................................................................................................................................................................................................................................................................................................................................................................................................................................................................................................................................................................................................................................................................................................................................................................................................................................................................................................................................................................................................................................................................................................................................................................................................................................................................................................................................................................................................................................................................................................................................................................................................................................................................................................................................................................................................................................................................................................................................................................................................................................................................................................................................................................................................................................................................................................................................................................................................................................................................................................................................................................................................................................................................................................................................................................................................................................................................................................................................................................................................................................................................................................................................................................................................................................................................................................................................................................................................................................................................................................................................................................................................................................................................................................................................................................................................................................................................................................................................................................................................................................................................................................................................................................................................................................................................................................................................................................................................................................................................................................................................................................................................................................................................................................................................................................................................................................................................................................................................................................................................................................................................................................................................................................................................................................................................................................................................................................................................................................................................................................................................................................................................................................................................................................................................................................................................................................................................................................................................................................................................................................................................................................................................................................................................................................................................................................................................................................................................................................................................................................................................................................................................................................................................................................................................................................................................................................................................................................................................................................................................................................................................................................................................................................................................................................................................................................................................................................................................................................................................................................................................................................................................................................................................................................................................................................................................................................................................................................................................................................................................................................................................................................................................................................................................................................................................................................................................................................................................................................................................................................................................................................................................................................................................................................................................................................................................................................................................................................................................................................................................................................................................................................................................................................................................................................................................................................................................................................................................................................................................................................................................................................................................................................................................................................................................................................................................................................................................................................................................................................................................................................................................................................................................................................................................................................................................................................................................................................................................................................................................................................................................................................................................................................................................................................................................................................................................................................................................................................................................................................................................................................................................................................................................................................................................................................................................................................................................................................................................................................................................................................................................................................................................................................................................................................................................................................................................................................................................................................................................................................................................................................................................................................................................................................................................................................................................................................................................................................................................................................................................................................................................................................................................................................................................................................................................................................................................................................................................................................................................................................................................................................................................................................................................................................................................................................................................................................................................................................................................................................................................................................................................................................................................................................................................................................................................................................................................................................................................................................................................................................................................................................................................................................................................................................................................................................................................................................................................................................................................................................................................................................................................................................................................................................................................................................................................................................................................................................................................................................................................................................................................................................................................................................................................................................................................................................................................................................................................................................................................................................................................................................................................................................................................................................................................................................................................................................................................................................................................................................................................................................................................................................................................................................................................................................................................................................................................................................................................................................................................................................................................................................................................................................................................................................................................................................................................................................................................................................................................................................................................................................................................................................................................................................................................................................................................................................................................................................................................................................................................................................................................................................................................................................................................................................................................................................................................................................................................................................................................................................................................................................................................................................................................................................................................................................................................................................................................................................................................................................................................................................................................................................................................................................................................................................................................................................................................................................................................................................................................................................................................................................................................................................................................................................................................................................................................................................................................................................................................................................................................................................................................................................................................................................................................................................................................................................................................................................................................................................................................................................................................................................................................................................................................................................................................................................................................................................................................................................................................................................................................................................................................................................................................................................................................................................................................................................................................................................................................................................................................................................................................................6 ms. Memory: 129024K Free: 93076K (72%)
8 ms. Memory: 129024K Free: 92058K (71%)
4 ms. Memory: 129024K Free: 91548K (71%)
9 ms. Memory: 129024K Free: 91028K (71%)
6 ms. Memory: 129024K Free: 90524K (70%)
/home/travis/build/icyphy/ptII/ptolemy/actor/lib/test/IIR.tcl
/home/travis/build/icyphy/ptII/ptolemy/actor/lib/test/Interpolator.tcl
6 ms. Memory: 129024K Free: 86428K (67%)
5 ms. Memory: 129024K Free: 85900K (67%)
7 ms. Memory: 129024K Free: 85404K (66%)
2 ms. Memory: 129024K Free: 84890K (66%)
12 ms. Memory: 129024K Free: 83836K (65%)
3 ms. Memory: 129024K Free: 82842K (64%)
3 ms. Memory: 129024K Free: 82332K (64%)
12 ms. Memory: 129024K Free: 81308K (63%)
2 ms. Memory: 129024K Free: 80284K (62%)
3 ms. Memory: 129024K Free: 79260K (61%)
/home/travis/build/icyphy/ptII/ptolemy/actor/lib/test/MathFunction.tcl
6 ms. Memory: 129024K Free: 76684K (59%)
3 ms. Memory: 129024K Free: 75668K (59%)
2 ms. Memory: 129024K Free: 74650K (58%)
6 ms. Memory: 129024K Free: 74140K (57%)
11 ms. Memory: 129024K Free: 72602K (56%)
10 ms. Memory: 129024K Free: 70554K (55%)
/home/travis/build/icyphy/ptII/ptolemy/actor/lib/test/Maximum.tcl
7 ms. Memory: 129024K Free: 69020K (53%)
6 ms. Memory: 129024K Free: 67996K (53%)
8 ms. Memory: 129024K Free: 67482K (52%)
10 ms. Memory: 129024K Free: 66972K (52%)
/home/travis/build/icyphy/ptII/ptolemy/actor/lib/test/Minimum.tcl
12 ms. Memory: 129024K Free: 64924K (50%)
5 ms. Memory: 129024K Free: 64410K (50%)
5 ms. Memory: 129024K Free: 63900K (50%)
7 ms. Memory: 129024K Free: 63386K (49%)
/home/travis/build/icyphy/ptII/ptolemy/actor/lib/test/MultiplyDivide.tcl
10 ms. Memory: 129024K Free: 61338K (48%)
9 ms. Memory: 129024K Free: 60300K (47%)
8 ms. Memory: 129024K Free: 59804K (46%)
4 ms. Memory: 129024K Free: 59276K (46%)
4 ms. Memory: 129024K Free: 58252K (45%)
/home/travis/build/icyphy/ptII/ptolemy/actor/lib/test/OrderedMerge.tcl
Connections changed on port: inputA
Connections changed on port: inputB
Connections changed on port: output
Connections changed on port: output
Connections changed on port: output
Connections changed on port: input
.top. Preinitializing ...
Invoking preinitialize():  .top.OrderedMerge
Called preinitialize()
Invoking preinitialize():  .top.Ramp
Called preinitialize()
Invoking preinitialize():  .top.Ramp2
Called preinitialize()
Invoking preinitialize():  .top.Test
Called preinitialize()
Connections changed on port: inputA
Connections changed on port: output
Connections changed on port: output
Connections changed on port: input
Connections changed on port: inputB
Connections changed on port: output
.top. Finished preinitialize().
Called initialize().
Invoking initialize():  .top.OrderedMerge
Initializing actor: .top.OrderedMerge
Adding a thread: .top.OrderedMerge
Invoking initialize():  .top.Ramp
Initializing actor: .top.Ramp
Adding a thread: .top.Ramp
Invoking initialize():  .top.Ramp2
Initializing actor: .top.Ramp2
Adding a thread: .top.Ramp2
Invoking initialize():  .top.Test
Initializing actor: .top.Test
Adding a thread: .top.Test
Called fire().
Checking for deadlock:
-- Starting thread.
Called initialize()
Called prefire()
Called fire()
-- Starting thread.
Called initialize()
Called prefire()
Called fire()
-- Starting thread.
Called initialize()
Called prefire()
Called fire()
-- Starting thread.
Called initialize()
Called prefire()
Called fire()
There are 0 Blocked actors, 0 Stopped actors, and 4 active threads.
Waiting for actors to stop.
Called postfire()
Called prefire()
Called fire()
Called postfire()
Called prefire()
Called fire()
Checking for deadlock:
There are 2 Blocked actors, 0 Stopped actors, and 4 active threads.
Waiting for actors to stop.
Called postfire()
Called prefire()
Called fire()
Checking for deadlock:
There are 3 Blocked actors, 0 Stopped actors, and 4 active threads.
Waiting for actors to stop.
Read input token from inputA with value 0.0
Next port to read input from is inputB
Called postfire()
Called prefire()
Called fire()
Checking for deadlock:
There are 2 Blocked actors, 0 Stopped actors, and 4 active threads.
Waiting for actors to stop.
Called postfire()
Called prefire()
Called fire()
Checking for deadlock:
There are 3 Blocked actors, 0 Stopped actors, and 4 active threads.
Waiting for actors to stop.
Read input token from inputB with value 0.0
Checking for deadlock:
There are 2 Blocked actors, 0 Stopped actors, and 4 active threads.
Waiting for actors to stop.
-- Read input: 0.0, which is expected to match: 0.0
Called prefire()
Called fire()
Checking for deadlock:
There are 3 Blocked actors, 0 Stopped actors, and 4 active threads.
Waiting for actors to stop.
Sent output token with value 0.0
Next port to read input from is inputA
Called postfire()
Called prefire()
Called fire()
Checking for deadlock:
There are 2 Blocked actors, 0 Stopped actors, and 4 active threads.
Waiting for actors to stop.
Called postfire()
Called prefire()
Called fire()
Checking for deadlock:
There are 3 Blocked actors, 0 Stopped actors, and 4 active threads.
Read input token from inputA with value 1.0
Waiting for actors to stop.
Checking for deadlock:
-- Read input: 0.0, which is expected to match: 0.0
There are 2 Blocked actors, 0 Stopped actors, and 4 active threads.
Waiting for actors to stop.
Called prefire()
Called fire()
Checking for deadlock:
There are 3 Blocked actors, 0 Stopped actors, and 4 active threads.
Waiting for actors to stop.
Sent output token with value 0.0
Next port to read input from is inputB
Called postfire()
Called prefire()
Called fire()
Called postfire()
Called prefire()
Called fire()
Read input token from inputB with value 1.5
Sent output token with value 1.0
Next port to read input from is inputA
Called postfire()
Called prefire()
Called fire()
Read input token from inputA with value 2.0
Checking for deadlock:
There are 2 Blocked actors, 0 Stopped actors, and 4 active threads.
Waiting for actors to stop.
Called postfire()
Called prefire()
Called fire()
-- Read input: 1.0, which is expected to match: 1.0
Called prefire()
Called fire()
Checking for deadlock:
There are 3 Blocked actors, 0 Stopped actors, and 4 active threads.
Waiting for actors to stop.
-- Read input: 1.5, which is expected to match: 1.5
Called prefire()
Called fire()
Checking for deadlock:
There are 3 Blocked actors, 0 Stopped actors, and 4 active threads.
Waiting for actors to stop.
Sent output token with value 1.5
Next port to read input from is inputB
Called postfire()
Called prefire()
Called fire()
Checking for deadlock:
There are 2 Blocked actors, 0 Stopped actors, and 4 active threads.
Waiting for actors to stop.
Called postfire()
Called prefire()
Called fire()
Checking for deadlock:
There are 3 Blocked actors, 0 Stopped actors, and 4 active threads.
Waiting for actors to stop.
Read input token from inputB with value 3.0
-- Read input: 2.0, which is expected to match: 2.0
Called prefire()
Called fire()
Checking for deadlock:
There are 3 Blocked actors, 0 Stopped actors, and 4 active threads.
Waiting for actors to stop.
Sent output token with value 2.0
Next port to read input from is inputA
Called postfire()
Called prefire()
Called fire()
Called postfire()
Called prefire()
Called fire()
Checking for deadlock:
There are 3 Blocked actors, 0 Stopped actors, and 4 active threads.
Waiting for actors to stop.
Read input token from inputA with value 3.0
-- Read input: 3.0, which is expected to match: 3.0
Called prefire()
Called fire()
Checking for deadlock:
There are 3 Blocked actors, 0 Stopped actors, and 4 active threads.
Waiting for actors to stop.
Sent output token with value 3.0
Next port to read input from is inputB
Called postfire()
Called prefire()
Called fire()
Checking for deadlock:
There are 2 Blocked actors, 0 Stopped actors, and 4 active threads.
Waiting for actors to stop.
Called postfire()
Called prefire()
Called fire()
Checking for deadlock:
There are 3 Blocked actors, 0 Stopped actors, and 4 active threads.
Waiting for actors to stop.
Read input token from inputB with value 4.5
Checking for deadlock:
There are 2 Blocked actors, 0 Stopped actors, and 4 active threads.
Waiting for actors to stop.
-- Read input: 3.0, which is expected to match: 3.0
Called prefire()
Called fire()
Checking for deadlock:
There are 3 Blocked actors, 0 Stopped actors, and 4 active threads.
Waiting for actors to stop.
Sent output token with value 3.0
Next port to read input from is inputA
Called postfire()
Called prefire()
Called fire()
Called postfire()
Called prefire()
Called fire()
Checking for deadlock:
There are 3 Blocked actors, 0 Stopped actors, and 4 active threads.
Waiting for actors to stop.
Read input token from inputA with value 4.0
-- Read input: 4.0, which is expected to match: 4.0
Called prefire()
Called fire()
Past the end of training data. Read and discard all inputs.
Checking for deadlock:
There are 3 Blocked actors, 0 Stopped actors, and 4 active threads.
Waiting for actors to stop.
Sent output token with value 4.0
Next port to read input from is inputA
Called postfire()
Called prefire()
Called fire()
Called postfire()
Called prefire()
Called fire()
Checking for deadlock:
There are 3 Blocked actors, 0 Stopped actors, and 4 active threads.
Waiting for actors to stop.
Read input token from inputA with value 5.0
Called prefire()
Called fire()
Past the end of training data. Read and discard all inputs.
Checking for deadlock:
There are 3 Blocked actors, 0 Stopped actors, and 4 active threads.
Waiting for actors to stop.
Sent output token with value 4.5
Next port to read input from is inputB
Called postfire()
Called prefire()
Called fire()
Checking for deadlock:
There are 2 Blocked actors, 0 Stopped actors, and 4 active threads.
Waiting for actors to stop.
Called postfire()
Called prefire()
Called fire()
Checking for deadlock:
There are 3 Blocked actors, 0 Stopped actors, and 4 active threads.
Waiting for actors to stop.
Read input token from inputB with value 6.0
Checking for deadlock:
There are 2 Blocked actors, 0 Stopped actors, and 4 active threads.
Waiting for actors to stop.
Called prefire()
Called fire()
Past the end of training data. Read and discard all inputs.
Checking for deadlock:
There are 3 Blocked actors, 0 Stopped actors, and 4 active threads.
Waiting for actors to stop.
Sent output token with value 5.0
Next port to read input from is inputA
Called postfire()
Called prefire()
Called fire()
Called postfire()
Called prefire()
Called fire()
Checking for deadlock:
There are 3 Blocked actors, 0 Stopped actors, and 4 active threads.
Waiting for actors to stop.
Read input token from inputA with value 6.0
Called prefire()
Called fire()
Past the end of training data. Read and discard all inputs.
Checking for deadlock:
There are 3 Blocked actors, 0 Stopped actors, and 4 active threads.
Waiting for actors to stop.
Sent output token with value 6.0
Next port to read input from is inputB
Called postfire()
Called prefire()
Called fire()
Checking for deadlock:
There are 2 Blocked actors, 0 Stopped actors, and 4 active threads.
Waiting for actors to stop.
Called postfire()
Called prefire()
Called fire()
Checking for deadlock:
There are 3 Blocked actors, 0 Stopped actors, and 4 active threads.
Waiting for actors to stop.
Read input token from inputB with value 7.5
Checking for deadlock:
There are 2 Blocked actors, 0 Stopped actors, and 4 active threads.
Waiting for actors to stop.
Called prefire()
Called fire()
Past the end of training data. Read and discard all inputs.
Checking for deadlock:
There are 3 Blocked actors, 0 Stopped actors, and 4 active threads.
Waiting for actors to stop.
Sent output token with value 6.0
Next port to read input from is inputA
Called postfire()
Called prefire()
Called fire()
Called postfire()
Called prefire()
Called fire()
Checking for deadlock:
There are 3 Blocked actors, 0 Stopped actors, and 4 active threads.
Waiting for actors to stop.
Read input token from inputA with value 7.0
Called prefire()
Called fire()
Past the end of training data. Read and discard all inputs.
Checking for deadlock:
There are 3 Blocked actors, 0 Stopped actors, and 4 active threads.
Waiting for actors to stop.
Sent output token with value 7.0
Next port to read input from is inputA
Called postfire()
Called prefire()
Called fire()
-- Thread wrapup() called.
Called wrapup()
Thread .top.Ramp is exiting.
-- Thread stopped.
Checking for deadlock:
There are 2 Blocked actors, 0 Stopped actors, and 3 active threads.
Waiting for actors to stop.
Read input token from inputA with value 8.0
Checking for deadlock:
There are 1 Blocked actors, 0 Stopped actors, and 3 active threads.
Waiting for actors to stop.
Called prefire()
Called fire()
Past the end of training data. Read and discard all inputs.
Checking for deadlock:
There are 2 Blocked actors, 0 Stopped actors, and 3 active threads.
Waiting for actors to stop.
Sent output token with value 7.5
Next port to read input from is inputB
Called postfire()
Called prefire()
Called fire()
Checking for deadlock:
There are 1 Blocked actors, 0 Stopped actors, and 3 active threads.
Waiting for actors to stop.
Called postfire()
Called prefire()
Called fire()
Checking for deadlock:
There are 2 Blocked actors, 0 Stopped actors, and 3 active threads.
Waiting for actors to stop.
Read input token from inputB with value 9.0
Checking for deadlock:
There are 1 Blocked actors, 0 Stopped actors, and 3 active threads.
Waiting for actors to stop.
Called prefire()
Called fire()
Past the end of training data. Read and discard all inputs.
Checking for deadlock:
There are 2 Blocked actors, 0 Stopped actors, and 3 active threads.
Waiting for actors to stop.
Sent output token with value 8.0
Next port to read input from is inputA
Called postfire()
Called prefire()
Called fire()
Read input token from inputA with value 9.0
Called prefire()
Called fire()
Past the end of training data. Read and discard all inputs.
Checking for deadlock:
There are 2 Blocked actors, 0 Stopped actors, and 3 active threads.
Waiting for actors to stop.
Sent output token with value 9.0
Next port to read input from is inputB
Called postfire()
Called prefire()
Called fire()
Called postfire()
Called prefire()
Called fire()
Checking for deadlock:
There are 2 Blocked actors, 0 Stopped actors, and 3 active threads.
Waiting for actors to stop.
Read input token from inputB with value 10.5
Called prefire()
Called fire()
Past the end of training data. Read and discard all inputs.
Checking for deadlock:
There are 2 Blocked actors, 0 Stopped actors, and 3 active threads.
Waiting for actors to stop.
Sent output token with value 9.0
Next port to read input from is inputA
Called postfire()
Called prefire()
Called fire()
Checking for deadlock:
There are 3 Blocked actors, 0 Stopped actors, and 3 active threads.
Actors have stopped.
Checking for deadlock:
There are 3 Blocked actors, 0 Stopped actors, and 3 active threads.
Deadlock detected.
Resolving Deadlock
Checking for deadlock:
There are 3 Blocked actors, 0 Stopped actors, and 3 active threads.
Artificial Deadlock - increasing queue capacity.
increasing the capacity of receiver ptolemy.actor.TypedIOPort {.top.OrderedMerge.inputB} to 2
Director: Called postfire().
Called postfire().
_stopRequested = false
_stopFireRequested = false
Returning from postfire(): true
Called fire().
Checking for deadlock:
There are 2 Blocked actors, 0 Stopped actors, and 3 active threads.
Waiting for actors to stop.
-- Thread wrapup() called.
Called wrapup()
Thread .top.Ramp2 is exiting.
-- Thread stopped.
Checking for deadlock:
There are 2 Blocked actors, 0 Stopped actors, and 2 active threads.
Actors have stopped.
Checking for deadlock:
There are 2 Blocked actors, 0 Stopped actors, and 2 active threads.
Deadlock detected.
Resolving Deadlock
Checking for deadlock:
There are 2 Blocked actors, 0 Stopped actors, and 2 active threads.
Deadlock detected: no processes blocked on write, but some are blocked on read.
Called postfire().
_stopRequested = false
_stopFireRequested = false
Returning from postfire(): false
Finished deactivating branches.
Called wrapup().
-- Thread wrapup() called.
Called wrapup()
Thread .top.Test is exiting.
-- Thread stopped.
-- Blocked Receiver call threw TerminateProcessException.
-- Thread wrapup() called.
Called wrapup()
Thread .top.OrderedMerge is exiting.
-- Thread stopped.
-- Blocked Receiver call threw TerminateProcessException.
85 ms. Memory: 129024K Free: 53146K (41%)
.top. Preinitializing ...
Invoking preinitialize():  .top.OrderedMerge
Called preinitialize()
Invoking preinitialize():  .top.Ramp
Called preinitialize()
Invoking preinitialize():  .top.Ramp2
Called preinitialize()
Invoking preinitialize():  .top.Test
Called preinitialize()
.top. Finished preinitialize().
Called initialize().
Invoking initialize():  .top.OrderedMerge
Initializing actor: .top.OrderedMerge
Adding a thread: .top.OrderedMerge
Invoking initialize():  .top.Ramp
Initializing actor: .top.Ramp
Adding a thread: .top.Ramp
Invoking initialize():  .top.Ramp2
Initializing actor: .top.Ramp2
Adding a thread: .top.Ramp2
Invoking initialize():  .top.Test
Initializing actor: .top.Test
Adding a thread: .top.Test
-- Starting thread.
Called initialize()
Called prefire()
Called fire()
-- Starting thread.
Called initialize()
Called prefire()
Called fire()
Called postfire()
Called prefire()
Called fire()
-- Starting thread.
Called initialize()
Called prefire()
Called fire()
Called postfire()
Called prefire()
Called fire()
Called fire().
Checking for deadlock:
There are 3 Blocked actors, 0 Stopped actors, and 4 active threads.
Waiting for actors to stop.
-- Starting thread.
Called initialize()
Called prefire()
Called fire()
Checking for deadlock:
There are 2 Blocked actors, 0 Stopped actors, and 4 active threads.
Waiting for actors to stop.
Called postfire()
Called prefire()
Called fire()
Checking for deadlock:
There are 3 Blocked actors, 0 Stopped actors, and 4 active threads.
Waiting for actors to stop.
Read input token from inputA with value 0.0
Next port to read input from is inputB
Called postfire()
Called prefire()
Called fire()
Called postfire()
Called prefire()
Called fire()
Checking for deadlock:
There are 3 Blocked actors, 0 Stopped actors, and 4 active threads.
Waiting for actors to stop.
Read input token from inputB with value 0.0
Checking for deadlock:
There are 2 Blocked actors, 0 Stopped actors, and 4 active threads.
Waiting for actors to stop.
-- Read input: 0.0, which is expected to match: 0.0
Called prefire()
Called fire()
Checking for deadlock:
There are 3 Blocked actors, 0 Stopped actors, and 4 active threads.
Waiting for actors to stop.
Sent output token with value 0.0
Next port to read input from is inputA
Called postfire()
Called prefire()
Called fire()
Checking for deadlock:
There are 2 Blocked actors, 0 Stopped actors, and 4 active threads.
Waiting for actors to stop.
Called postfire()
Called prefire()
Called fire()
Checking for deadlock:
There are 3 Blocked actors, 0 Stopped actors, and 4 active threads.
Waiting for actors to stop.
Read input token from inputA with value 1.0
Checking for deadlock:
There are 2 Blocked actors, 0 Stopped actors, and 4 active threads.
Waiting for actors to stop.
-- Read input: 0.0, which is expected to match: 0.0
Called prefire()
Called fire()
Checking for deadlock:
There are 3 Blocked actors, 0 Stopped actors, and 4 active threads.
Waiting for actors to stop.
Sent output token with value 0.0
Next port to read input from is inputB
Called postfire()
Called prefire()
Called fire()
Called postfire()
Called prefire()
Called fire()
Checking for deadlock:
There are 3 Blocked actors, 0 Stopped actors, and 4 active threads.
Waiting for actors to stop.
Read input token from inputB with value 1.5
-- Read input: 1.0, which is expected to match: 1.0
Called prefire()
Called fire()
Checking for deadlock:
There are 3 Blocked actors, 0 Stopped actors, and 4 active threads.
Waiting for actors to stop.
Sent output token with value 1.0
Next port to read input from is inputA
Called postfire()
Called prefire()
Called fire()
Checking for deadlock:
There are 2 Blocked actors, 0 Stopped actors, and 4 active threads.
Waiting for actors to stop.
Called postfire()
Called prefire()
Called fire()
Checking for deadlock:
There are 3 Blocked actors, 0 Stopped actors, and 4 active threads.
Waiting for actors to stop.
Read input token from inputA with value 2.0
Checking for deadlock:
There are 2 Blocked actors, 0 Stopped actors, and 4 active threads.
Waiting for actors to stop.
-- Read input: 1.5, which is expected to match: 1.5
Called prefire()
Called fire()
Checking for deadlock:
There are 3 Blocked actors, 0 Stopped actors, and 4 active threads.
Waiting for actors to stop.
Sent output token with value 1.5
Next port to read input from is inputB
Called postfire()
Called prefire()
Called fire()
Checking for deadlock:
There are 2 Blocked actors, 0 Stopped actors, and 4 active threads.
Waiting for actors to stop.
Called postfire()
Called prefire()
Called fire()
Checking for deadlock:
There are 3 Blocked actors, 0 Stopped actors, and 4 active threads.
Waiting for actors to stop.
Read input token from inputB with value 3.0
Checking for deadlock:
There are 2 Blocked actors, 0 Stopped actors, and 4 active threads.
Waiting for actors to stop.
-- Read input: 2.0, which is expected to match: 2.0
Called prefire()
Called fire()
Checking for deadlock:
There are 3 Blocked actors, 0 Stopped actors, and 4 active threads.
Waiting for actors to stop.
Sent output token with value 2.0
Next port to read input from is inputA
Called postfire()
Called prefire()
Called fire()
Checking for deadlock:
There are 2 Blocked actors, 0 Stopped actors, and 4 active threads.
Waiting for actors to stop.
Called postfire()
Called prefire()
Called fire()
Checking for deadlock:
There are 3 Blocked actors, 0 Stopped actors, and 4 active threads.
Waiting for actors to stop.
Read input token from inputA with value 3.0
Checking for deadlock:
There are 2 Blocked actors, 0 Stopped actors, and 4 active threads.
Waiting for actors to stop.
-- Read input: 3.0, which is expected to match: 3.0
Called prefire()
Called fire()
Checking for deadlock:
There are 3 Blocked actors, 0 Stopped actors, and 4 active threads.
Waiting for actors to stop.
Sent output token with value 3.0
Next port to read input from is inputB
Called postfire()
Called prefire()
Called fire()
Called postfire()
Called prefire()
Called fire()
Checking for deadlock:
There are 3 Blocked actors, 0 Stopped actors, and 4 active threads.
Waiting for actors to stop.
Read input token from inputB with value 4.5
-- Read input: 3.0, which is expected to match: 3.0
Called prefire()
Called fire()
Checking for deadlock:
There are 3 Blocked actors, 0 Stopped actors, and 4 active threads.
Waiting for actors to stop.
Sent output token with value 3.0
Next port to read input from is inputA
Called postfire()
Called prefire()
Called fire()
Checking for deadlock:
There are 2 Blocked actors, 0 Stopped actors, and 4 active threads.
Waiting for actors to stop.
Called postfire()
Called prefire()
Called fire()
Checking for deadlock:
There are 3 Blocked actors, 0 Stopped actors, and 4 active threads.
Waiting for actors to stop.
Read input token from inputA with value 4.0
Checking for deadlock:
There are 2 Blocked actors, 0 Stopped actors, and 4 active threads.
Waiting for actors to stop.
-- Read input: 4.0, which is expected to match: 4.0
Called prefire()
Called fire()
Past the end of training data. Read and discard all inputs.
Checking for deadlock:
There are 3 Blocked actors, 0 Stopped actors, and 4 active threads.
Waiting for actors to stop.
Sent output token with value 4.0
Next port to read input from is inputA
Called postfire()
Called prefire()
Called fire()
Checking for deadlock:
There are 2 Blocked actors, 0 Stopped actors, and 4 active threads.
Waiting for actors to stop.
Called postfire()
Called prefire()
Called fire()
Checking for deadlock:
There are 3 Blocked actors, 0 Stopped actors, and 4 active threads.
Waiting for actors to stop.
Read input token from inputA with value 5.0
Checking for deadlock:
There are 2 Blocked actors, 0 Stopped actors, and 4 active threads.
Waiting for actors to stop.
Called prefire()
Called fire()
Past the end of training data. Read and discard all inputs.
Checking for deadlock:
There are 3 Blocked actors, 0 Stopped actors, and 4 active threads.
Waiting for actors to stop.
Sent output token with value 4.5
Next port to read input from is inputB
Called postfire()
Called prefire()
Called fire()
Called postfire()
Called prefire()
Called fire()
Checking for deadlock:
There are 3 Blocked actors, 0 Stopped actors, and 4 active threads.
Waiting for actors to stop.
Read input token from inputB with value 6.0
Called prefire()
Called fire()
Past the end of training data. Read and discard all inputs.
Checking for deadlock:
There are 3 Blocked actors, 0 Stopped actors, and 4 active threads.
Waiting for actors to stop.
Sent output token with value 5.0
Next port to read input from is inputA
Called postfire()
Called prefire()
Called fire()
Checking for deadlock:
There are 2 Blocked actors, 0 Stopped actors, and 4 active threads.
Waiting for actors to stop.
Called postfire()
Called prefire()
Called fire()
Checking for deadlock:
There are 3 Blocked actors, 0 Stopped actors, and 4 active threads.
Waiting for actors to stop.
Read input token from inputA with value 6.0
Checking for deadlock:
There are 2 Blocked actors, 0 Stopped actors, and 4 active threads.
Waiting for actors to stop.
Called prefire()
Called fire()
Past the end of training data. Read and discard all inputs.
Checking for deadlock:
There are 3 Blocked actors, 0 Stopped actors, and 4 active threads.
Waiting for actors to stop.
Sent output token with value 6.0
Next port to read input from is inputB
Called postfire()
Called prefire()
Called fire()
Checking for deadlock:
There are 2 Blocked actors, 0 Stopped actors, and 4 active threads.
Waiting for actors to stop.
Called postfire()
Called prefire()
Called fire()
Checking for deadlock:
There are 3 Blocked actors, 0 Stopped actors, and 4 active threads.
Waiting for actors to stop.
Read input token from inputB with value 7.5
Checking for deadlock:
There are 2 Blocked actors, 0 Stopped actors, and 4 active threads.
Waiting for actors to stop.
Called prefire()
Called fire()
Past the end of training data. Read and discard all inputs.
Checking for deadlock:
There are 3 Blocked actors, 0 Stopped actors, and 4 active threads.
Waiting for actors to stop.
Sent output token with value 6.0
Next port to read input from is inputA
Called postfire()
Called prefire()
Called fire()
Checking for deadlock:
There are 2 Blocked actors, 0 Stopped actors, and 4 active threads.
Waiting for actors to stop.
Called postfire()
Called prefire()
Called fire()
Checking for deadlock:
There are 3 Blocked actors, 0 Stopped actors, and 4 active threads.
Waiting for actors to stop.
Read input token from inputA with value 7.0
Checking for deadlock:
There are 2 Blocked actors, 0 Stopped actors, and 4 active threads.
Waiting for actors to stop.
Called prefire()
Called fire()
Past the end of training data. Read and discard all inputs.
Checking for deadlock:
There are 3 Blocked actors, 0 Stopped actors, and 4 active threads.
Waiting for actors to stop.
Sent output token with value 7.0
Next port to read input from is inputA
Called postfire()
Called prefire()
Called fire()
Checking for deadlock:
There are 2 Blocked actors, 0 Stopped actors, and 4 active threads.
Waiting for actors to stop.
-- Thread wrapup() called.
Called wrapup()
Thread .top.Ramp is exiting.
Checking for deadlock:
There are 2 Blocked actors, 0 Stopped actors, and 3 active threads.
Waiting for actors to stop.
-- Thread stopped.
Read input token from inputA with value 8.0
Called prefire()
Called fire()
Past the end of training data. Read and discard all inputs.
Checking for deadlock:
There are 2 Blocked actors, 0 Stopped actors, and 3 active threads.
Waiting for actors to stop.
Sent output token with value 7.5
Next port to read input from is inputB
Called postfire()
Called prefire()
Called fire()
Checking for deadlock:
There are 1 Blocked actors, 0 Stopped actors, and 3 active threads.
Waiting for actors to stop.
Called postfire()
Called prefire()
Called fire()
Checking for deadlock:
There are 2 Blocked actors, 0 Stopped actors, and 3 active threads.
Waiting for actors to stop.
Read input token from inputB with value 9.0
Checking for deadlock:
There are 1 Blocked actors, 0 Stopped actors, and 3 active threads.
Waiting for actors to stop.
Called prefire()
Called fire()
Past the end of training data. Read and discard all inputs.
Checking for deadlock:
There are 2 Blocked actors, 0 Stopped actors, and 3 active threads.
Waiting for actors to stop.
Sent output token with value 8.0
Next port to read input from is inputA
Called postfire()
Called prefire()
Called fire()
Read input token from inputA with value 9.0
Called prefire()
Called fire()
Past the end of training data. Read and discard all inputs.
Checking for deadlock:
There are 2 Blocked actors, 0 Stopped actors, and 3 active threads.
Waiting for actors to stop.
Sent output token with value 9.0
Next port to read input from is inputB
Called postfire()
Called prefire()
Called fire()
Called postfire()
Called prefire()
Called fire()
Checking for deadlock:
There are 2 Blocked actors, 0 Stopped actors, and 3 active threads.
Waiting for actors to stop.
Read input token from inputB with value 10.5
Called prefire()
Called fire()
Past the end of training data. Read and discard all inputs.
Checking for deadlock:
There are 2 Blocked actors, 0 Stopped actors, and 3 active threads.
Waiting for actors to stop.
Sent output token with value 9.0
Next port to read input from is inputA
Called postfire()
Called prefire()
Called fire()
Checking for deadlock:
There are 3 Blocked actors, 0 Stopped actors, and 3 active threads.
Actors have stopped.
Checking for deadlock:
There are 3 Blocked actors, 0 Stopped actors, and 3 active threads.
Deadlock detected.
Resolving Deadlock
Checking for deadlock:
There are 3 Blocked actors, 0 Stopped actors, and 3 active threads.
Artificial Deadlock - increasing queue capacity.
increasing the capacity of receiver ptolemy.actor.TypedIOPort {.top.OrderedMerge.inputB} to 2
Director: Called postfire().
Called postfire().
_stopRequested = false
_stopFireRequested = false
Returning from postfire(): true
Called fire().
Checking for deadlock:
There are 2 Blocked actors, 0 Stopped actors, and 3 active threads.
Waiting for actors to stop.
-- Thread wrapup() called.
Called wrapup()
Thread .top.Ramp2 is exiting.
-- Thread stopped.
Checking for deadlock:
There are 2 Blocked actors, 0 Stopped actors, and 2 active threads.
Actors have stopped.
Checking for deadlock:
There are 2 Blocked actors, 0 Stopped actors, and 2 active threads.
Deadlock detected.
Resolving Deadlock
Checking for deadlock:
There are 2 Blocked actors, 0 Stopped actors, and 2 active threads.
Deadlock detected: no processes blocked on write, but some are blocked on read.
Called postfire().
_stopRequested = false
_stopFireRequested = false
Returning from postfire(): false
Finished deactivating branches.
Called wrapup().
-- Thread wrapup() called.
Called wrapup()
-- Thread wrapup() called.
Called wrapup()
Thread .top.Test is exiting.
-- Thread stopped.
-- Blocked Receiver call threw TerminateProcessException.
Thread .top.OrderedMerge is exiting.
31 ms. Memory: 129024K Free: 51098K (40%)
/home/travis/build/icyphy/ptII/ptolemy/actor/lib/test/Publisher.tcl
-- Thread stopped.
-- Blocked Receiver call threw TerminateProcessException.
20 ms. Memory: 129024K Free: 107452K (83%)
9 ms. Memory: 129024K Free: 110854K (86%)
10 ms. Memory: 129024K Free: 107268K (83%)
5 ms. Memory: 129024K Free: 106230K (82%)
2 ms. Memory: 129024K Free: 105190K (82%)
4 ms. Memory: 129024K Free: 104710K (81%)
3 ms. Memory: 129024K Free: 103686K (80%)
3 ms. Memory: 129024K Free: 103166K (80%)
40 ms. Memory: 129024K Free: 92932K (72%)
3 ms. Memory: 129024K Free: 89350K (69%)
2 ms. Memory: 129024K Free: 88326K (68%)
11 ms. Memory: 129024K Free: 86278K (67%)
20 ms. Memory: 129024K Free: 78596K (61%)
5 ms. Memory: 129024K Free: 69380K (54%)
15 ms. Memory: 157696K Free: 140687K (89%)
/home/travis/build/icyphy/ptII/ptolemy/actor/lib/test/Pulse.tcl
3 ms. Memory: 157696K Free: 103313K (66%)
9 ms. Memory: 157696K Free: 102785K (65%)
1 ms. Memory: 157696K Free: 102289K (65%)
2 ms. Memory: 157696K Free: 101769K (65%)
3 ms. Memory: 157696K Free: 101263K (64%)
7 ms. Memory: 157696K Free: 99727K (63%)
5 ms. Memory: 157696K Free: 99217K (63%)
5 ms. Memory: 157696K Free: 98193K (62%)
2 ms. Memory: 157696K Free: 97679K (62%)
/home/travis/build/icyphy/ptII/ptolemy/actor/lib/test/Ramp.tcl
5 ms. Memory: 157696K Free: 95631K (61%)
2 ms. Memory: 157696K Free: 95121K (60%)
4 ms. Memory: 157696K Free: 94097K (60%)
3 ms. Memory: 157696K Free: 93073K (59%)
4 ms. Memory: 157696K Free: 92559K (59%)
8 ms. Memory: 157696K Free: 91521K (58%)
6 ms. Memory: 157696K Free: 90511K (57%)
5 actors
5000 microseconds per iteration to create
10 ms. Memory: 157696K Free: 87953K (56%)
2 ms. Memory: 157696K Free: 87425K (55%)
3 ms. Memory: 157696K Free: 86929K (55%)
3 ms. Memory: 157696K Free: 86401K (55%)
50 actors
49000 microseconds per iteration to create
49 ms. Memory: 157696K Free: 136625K (87%)
14 ms. Memory: 157696K Free: 135601K (86%)
10 ms. Memory: 157696K Free: 134577K (85%)
5 ms. Memory: 157696K Free: 133553K (85%)
500 actors
1758000 microseconds per iteration to create
249 ms. Memory: 157696K Free: 114395K (73%)
41 ms. Memory: 157696K Free: 109275K (69%)
41 ms. Memory: 157696K Free: 104155K (66%)
43 ms. Memory: 157696K Free: 99035K (63%)
/home/travis/build/icyphy/ptII/ptolemy/actor/lib/test/RampContinuous.tcl
7 ms. Memory: 157696K Free: 97483K (62%)
/home/travis/build/icyphy/ptII/ptolemy/actor/lib/test/RecordAssembler.tcl
7 ms. Memory: 157696K Free: 95963K (61%)
4 ms. Memory: 157696K Free: 94939K (60%)
/home/travis/build/icyphy/ptII/ptolemy/actor/lib/test/RecordDisassembler.tcl
7 ms. Memory: 157696K Free: 93395K (59%)
2 ms. Memory: 157696K Free: 92377K (59%)
4 ms. Memory: 157696K Free: 91353K (58%)
/home/travis/build/icyphy/ptII/ptolemy/actor/lib/test/Scale.tcl
3 ms. Memory: 157696K Free: 89291K (57%)
1 ms. Memory: 157696K Free: 88795K (56%)
2 ms. Memory: 157696K Free: 87771K (56%)
2 ms. Memory: 157696K Free: 87243K (55%)
3 ms. Memory: 157696K Free: 86233K (55%)
/home/travis/build/icyphy/ptII/ptolemy/actor/lib/test/SequentialClock.tcl
preinitializing
resolving types
initializing
executing number 1
wrapping up
idle
2 ms. Memory: 157696K Free: 85195K (54%)
Completed execution with 5 iterations
preinitializing
resolving types
initializing
executing number 1
wrapping up
idle
2 ms. Memory: 157696K Free: 84699K (54%)
Completed execution with 5 iterations
preinitializing
resolving types
initializing
executing number 1
wrapping up
idle
1 ms. Memory: 157696K Free: 84185K (53%)
Completed execution with 5 iterations
/home/travis/build/icyphy/ptII/ptolemy/actor/lib/test/SetVariable.tcl
4 ms. Memory: 157696K Free: 82123K (52%)
/home/travis/build/icyphy/ptII/ptolemy/actor/lib/test/Sinewave.tcl
/home/travis/build/icyphy/ptII/ptolemy/actor/lib/test/SubscriptionAggregator.tcl
5 ms. Memory: 157696K Free: 70859K (45%)
3 ms. Memory: 157696K Free: 69849K (44%)
1 ms. Memory: 157696K Free: 69849K (44%)
1 ms. Memory: 157696K Free: 69339K (44%)
2 ms. Memory: 157696K Free: 65739K (42%)
9 ms. Memory: 157696K Free: 63195K (40%)
...............................................................1654 ms. Memory: 282624K Free: 139255K (49%)
/home/travis/build/icyphy/ptII/ptolemy/actor/lib/test/Test.tcl
 The next command will produce a warning about training mode,
   which may be ignored.
9 ms. Memory: 282624K Free: 235294K (83%)
3 ms. Memory: 282624K Free: 234797K (83%)
2 ms. Memory: 282624K Free: 233775K (83%)
1 ms. Memory: 282624K Free: 233230K (83%)
2 ms. Memory: 282624K Free: 232751K (82%)
3 ms. Memory: 282624K Free: 231727K (82%)
4 ms. Memory: 282624K Free: 230174K (81%)
 The next command will produce a warning about training mode,
   which may be ignored.
6 ms. Memory: 282624K Free: 227631K (81%)
 The next command will produce a warning about training mode,
   which may be ignored.
2 ms. Memory: 282624K Free: 226607K (80%)
1 ms. Memory: 282624K Free: 226078K (80%)
2 ms. Memory: 282624K Free: 225583K (80%)
3 ms. Memory: 282624K Free: 225054K (80%)
9 ms. Memory: 282624K Free: 224045K (79%)
7 ms. Memory: 282624K Free: 220463K (78%)
/home/travis/build/icyphy/ptII/ptolemy/actor/lib/test/TestExceptionHandler.tcl
 The next command will produce a warning about training mode,
   which may be ignored.
2 ms. Memory: 282624K Free: 218918K (77%)
1 ms. Memory: 282624K Free: 218415K (77%)
0 ms. Memory: 282624K Free: 217886K (77%)
/home/travis/build/icyphy/ptII/ptolemy/actor/lib/test/UnionDisassembler.tcl
32 ms. Memory: 282624K Free: 210718K (75%)
/home/travis/build/icyphy/ptII/ptolemy/actor/lib/test/VariableClock.tcl
preinitializing
resolving types
initializing
executing number 1
wrapping up
idle
11 ms. Memory: 282624K Free: 208670K (74%)
Completed execution with 11 iterations
preinitializing
resolving types
initializing
executing number 1
wrapping up
idle
10 ms. Memory: 282624K Free: 207646K (73%)
Completed execution with 10 iterations
09/21/20 03:52:32
Failed: 0  Total Tests: 233  ((Passed: 233, Newly Passed: 0)  Known Failed: 0) /home/travis/build/icyphy/ptII/ptolemy/actor/lib/test
----------------- testing (KnownFailure) /home/travis/build/icyphy/ptII/ptolemy/actor/lib/test/auto/knownFailedTests/PublisherPortToplevelSubscriber.xml
5 ms. Memory: 282624K Free: 204079K (72%)
Known Failure: java.lang.reflect.InvocationTargetException
----------------- testing (KnownFailure) /home/travis/build/icyphy/ptII/ptolemy/actor/lib/test/auto/knownFailedTests/PublisherSubscriberPortToplevel.xml
0 ms. Memory: 282624K Free: 200478K (71%)
Known Failure: java.lang.reflect.InvocationTargetException
----------------- testing (KnownFailure) /home/travis/build/icyphy/ptII/ptolemy/actor/lib/test/auto/knownFailedTests/PublisherSubscriptionAggregatorPort.xml
0 ms. Memory: 282624K Free: 195887K (69%)
Known Failure: java.lang.reflect.InvocationTargetException
----------------- testing (KnownFailure) /home/travis/build/icyphy/ptII/ptolemy/actor/lib/test/auto/knownFailedTests/sizedarray3.xml
4 ms. Memory: 282624K Free: 191791K (68%)
Known Failure: java.lang.reflect.InvocationTargetException
No auto/linux-amd64/*.xml tests in /home/travis/build/icyphy/ptII/ptolemy/actor/lib/test
AutoTests.java: About to close Vertx.
AutoTests.java: Vertx closed.

===========================================================================================
----------------- testing Mon Sep 21 15:52:32 UTC 2020 /home/travis/build/icyphy/ptII/ptolemy/actor/lib/test/auto/AbsoluteValue.xml
----------------- Instantiating /home/travis/build/icyphy/ptII/ptolemy/actor/lib/test/auto/AbsoluteValue.xml
7 ms. Memory: 282624K Free: 169263K (60%)
----------------- Invoking toplevel() on ptolemy.moml.MoMLSimpleApplication@47c8061a
----------------- Done invoking toplevel() on ptolemy.moml.MoMLSimpleApplication@47c8061a
reloadAllAccessors: .AbsoluteValue

===========================================================================================
----------------- testing Mon Sep 21 15:52:33 UTC 2020 /home/travis/build/icyphy/ptII/ptolemy/actor/lib/test/auto/AbsoluteValue2.xml
----------------- Instantiating /home/travis/build/icyphy/ptII/ptolemy/actor/lib/test/auto/AbsoluteValue2.xml
5 ms. Memory: 282624K Free: 162095K (57%)
----------------- Invoking toplevel() on ptolemy.moml.MoMLSimpleApplication@7365864e
----------------- Done invoking toplevel() on ptolemy.moml.MoMLSimpleApplication@7365864e
reloadAllAccessors: .AbsoluteValue2

===========================================================================================
----------------- testing Mon Sep 21 15:52:33 UTC 2020 /home/travis/build/icyphy/ptII/ptolemy/actor/lib/test/auto/Accumulator.xml
----------------- Instantiating /home/travis/build/icyphy/ptII/ptolemy/actor/lib/test/auto/Accumulator.xml
6 ms. Memory: 282624K Free: 154927K (55%)
----------------- Invoking toplevel() on ptolemy.moml.MoMLSimpleApplication@59479bd6
----------------- Done invoking toplevel() on ptolemy.moml.MoMLSimpleApplication@59479bd6
reloadAllAccessors: .Accumulator

===========================================================================================
----------------- testing Mon Sep 21 15:52:33 UTC 2020 /home/travis/build/icyphy/ptII/ptolemy/actor/lib/test/auto/Accumulator2.xml
----------------- Instantiating /home/travis/build/icyphy/ptII/ptolemy/actor/lib/test/auto/Accumulator2.xml
4 ms. Memory: 282624K Free: 149807K (53%)
----------------- Invoking toplevel() on ptolemy.moml.MoMLSimpleApplication@713324b1
----------------- Done invoking toplevel() on ptolemy.moml.MoMLSimpleApplication@713324b1
reloadAllAccessors: .Accumulator2

===========================================================================================
----------------- testing Mon Sep 21 15:52:33 UTC 2020 /home/travis/build/icyphy/ptII/ptolemy/actor/lib/test/auto/Accumulator3.xml
----------------- Instantiating /home/travis/build/icyphy/ptII/ptolemy/actor/lib/test/auto/Accumulator3.xml
4 ms. Memory: 282624K Free: 145711K (52%)
----------------- Invoking toplevel() on ptolemy.moml.MoMLSimpleApplication@69da270d
----------------- Done invoking toplevel() on ptolemy.moml.MoMLSimpleApplication@69da270d
reloadAllAccessors: .Accumulator3

===========================================================================================
----------------- testing Mon Sep 21 15:52:33 UTC 2020 /home/travis/build/icyphy/ptII/ptolemy/actor/lib/test/auto/ArrayAppend.xml
----------------- Instantiating /home/travis/build/icyphy/ptII/ptolemy/actor/lib/test/auto/ArrayAppend.xml
5 ms. Memory: 282624K Free: 139567K (49%)
----------------- Invoking toplevel() on ptolemy.moml.MoMLSimpleApplication@2bf2b97c
----------------- Done invoking toplevel() on ptolemy.moml.MoMLSimpleApplication@2bf2b97c
reloadAllAccessors: .ArrayAppend

===========================================================================================
----------------- testing Mon Sep 21 15:52:33 UTC 2020 /home/travis/build/icyphy/ptII/ptolemy/actor/lib/test/auto/ArrayAppend2.xml
----------------- Instantiating /home/travis/build/icyphy/ptII/ptolemy/actor/lib/test/auto/ArrayAppend2.xml
452 ms. Memory: 282624K Free: 207073K (73%)
----------------- Invoking toplevel() on ptolemy.moml.MoMLSimpleApplication@29466aef
----------------- Done invoking toplevel() on ptolemy.moml.MoMLSimpleApplication@29466aef
reloadAllAccessors: .ArrayAppend2

===========================================================================================
----------------- testing Mon Sep 21 15:52:33 UTC 2020 /home/travis/build/icyphy/ptII/ptolemy/actor/lib/test/auto/ArrayAppend3.xml
----------------- Instantiating /home/travis/build/icyphy/ptII/ptolemy/actor/lib/test/auto/ArrayAppend3.xml
4 ms. Memory: 282624K Free: 200929K (71%)
----------------- Invoking toplevel() on ptolemy.moml.MoMLSimpleApplication@6743a17d
----------------- Done invoking toplevel() on ptolemy.moml.MoMLSimpleApplication@6743a17d
reloadAllAccessors: .ArrayAppend3

===========================================================================================
----------------- testing Mon Sep 21 15:52:33 UTC 2020 /home/travis/build/icyphy/ptII/ptolemy/actor/lib/test/auto/ArrayAppend4.xml
----------------- Instantiating /home/travis/build/icyphy/ptII/ptolemy/actor/lib/test/auto/ArrayAppend4.xml
2 ms. Memory: 282624K Free: 195809K (69%)
----------------- Invoking toplevel() on ptolemy.moml.MoMLSimpleApplication@2a6f81f7
----------------- Done invoking toplevel() on ptolemy.moml.MoMLSimpleApplication@2a6f81f7
reloadAllAccessors: .ArrayAppend4

===========================================================================================
----------------- testing Mon Sep 21 15:52:33 UTC 2020 /home/travis/build/icyphy/ptII/ptolemy/actor/lib/test/auto/ArrayAppend5.xml
----------------- Instantiating /home/travis/build/icyphy/ptII/ptolemy/actor/lib/test/auto/ArrayAppend5.xml
3 ms. Memory: 282624K Free: 190689K (67%)
----------------- Invoking toplevel() on ptolemy.moml.MoMLSimpleApplication@7557d9a8
----------------- Done invoking toplevel() on ptolemy.moml.MoMLSimpleApplication@7557d9a8
reloadAllAccessors: .ArrayAppend5

===========================================================================================
----------------- testing Mon Sep 21 15:52:33 UTC 2020 /home/travis/build/icyphy/ptII/ptolemy/actor/lib/test/auto/ArrayAppend6.xml
----------------- Instantiating /home/travis/build/icyphy/ptII/ptolemy/actor/lib/test/auto/ArrayAppend6.xml
3 ms. Memory: 282624K Free: 185059K (65%)
----------------- Invoking toplevel() on ptolemy.moml.MoMLSimpleApplication@4b3b8d43
----------------- Done invoking toplevel() on ptolemy.moml.MoMLSimpleApplication@4b3b8d43
reloadAllAccessors: .ArrayAppend6

===========================================================================================
----------------- testing Mon Sep 21 15:52:33 UTC 2020 /home/travis/build/icyphy/ptII/ptolemy/actor/lib/test/auto/ArrayAppendPerformanceTest.xml
----------------- Instantiating /home/travis/build/icyphy/ptII/ptolemy/actor/lib/test/auto/ArrayAppendPerformanceTest.xml
45 ms. Memory: 282624K Free: 174305K (62%)
----------------- Invoking toplevel() on ptolemy.moml.MoMLSimpleApplication@5e42855a
----------------- Done invoking toplevel() on ptolemy.moml.MoMLSimpleApplication@5e42855a
reloadAllAccessors: .ArrayAppendPerformanceTest

===========================================================================================
----------------- testing Mon Sep 21 15:52:34 UTC 2020 /home/travis/build/icyphy/ptII/ptolemy/actor/lib/test/auto/ArrayAppendWithEmptyInput.xml
----------------- Instantiating /home/travis/build/icyphy/ptII/ptolemy/actor/lib/test/auto/ArrayAppendWithEmptyInput.xml
9 ms. Memory: 282624K Free: 166113K (59%)
----------------- Invoking toplevel() on ptolemy.moml.MoMLSimpleApplication@672661dd
----------------- Done invoking toplevel() on ptolemy.moml.MoMLSimpleApplication@672661dd
reloadAllAccessors: .ArrayAppendWithEmptyInput

===========================================================================================
----------------- testing Mon Sep 21 15:52:34 UTC 2020 /home/travis/build/icyphy/ptII/ptolemy/actor/lib/test/auto/ArrayAverage.xml
----------------- Instantiating /home/travis/build/icyphy/ptII/ptolemy/actor/lib/test/auto/ArrayAverage.xml
6 ms. Memory: 282624K Free: 158435K (56%)
----------------- Invoking toplevel() on ptolemy.moml.MoMLSimpleApplication@61648b5f
----------------- Done invoking toplevel() on ptolemy.moml.MoMLSimpleApplication@61648b5f
reloadAllAccessors: .ArrayAverage

===========================================================================================
----------------- testing Mon Sep 21 15:52:34 UTC 2020 /home/travis/build/icyphy/ptII/ptolemy/actor/lib/test/auto/ArrayContains.xml
----------------- Instantiating /home/travis/build/icyphy/ptII/ptolemy/actor/lib/test/auto/ArrayContains.xml
10 ms. Memory: 282624K Free: 152291K (54%)
----------------- Invoking toplevel() on ptolemy.moml.MoMLSimpleApplication@4eb3ec73
----------------- Done invoking toplevel() on ptolemy.moml.MoMLSimpleApplication@4eb3ec73
reloadAllAccessors: .ArrayContains

===========================================================================================
----------------- testing Mon Sep 21 15:52:34 UTC 2020 /home/travis/build/icyphy/ptII/ptolemy/actor/lib/test/auto/ArrayElement.xml
----------------- Instantiating /home/travis/build/icyphy/ptII/ptolemy/actor/lib/test/auto/ArrayElement.xml
4 ms. Memory: 282624K Free: 146657K (52%)
----------------- Invoking toplevel() on ptolemy.moml.MoMLSimpleApplication@59b7bbf5
----------------- Done invoking toplevel() on ptolemy.moml.MoMLSimpleApplication@59b7bbf5
reloadAllAccessors: .ArrayElement

===========================================================================================
----------------- testing Mon Sep 21 15:52:34 UTC 2020 /home/travis/build/icyphy/ptII/ptolemy/actor/lib/test/auto/ArrayElementAsMatrix.xml
----------------- Instantiating /home/travis/build/icyphy/ptII/ptolemy/actor/lib/test/auto/ArrayElementAsMatrix.xml
29 ms. Memory: 282624K Free: 136931K (48%)
----------------- Invoking toplevel() on ptolemy.moml.MoMLSimpleApplication@5516c7a7
----------------- Done invoking toplevel() on ptolemy.moml.MoMLSimpleApplication@5516c7a7
reloadAllAccessors: .ArrayElementAsMatrix

===========================================================================================
----------------- testing Mon Sep 21 15:52:34 UTC 2020 /home/travis/build/icyphy/ptII/ptolemy/actor/lib/test/auto/ArrayElementI.xml
----------------- Instantiating /home/travis/build/icyphy/ptII/ptolemy/actor/lib/test/auto/ArrayElementI.xml
4 ms. Memory: 282624K Free: 131297K (46%)
----------------- Invoking toplevel() on ptolemy.moml.MoMLSimpleApplication@1d9e086e
----------------- Done invoking toplevel() on ptolemy.moml.MoMLSimpleApplication@1d9e086e
reloadAllAccessors: .ArrayElementI

===========================================================================================
----------------- testing Mon Sep 21 15:52:34 UTC 2020 /home/travis/build/icyphy/ptII/ptolemy/actor/lib/test/auto/ArrayExtract.xml
----------------- Instantiating /home/travis/build/icyphy/ptII/ptolemy/actor/lib/test/auto/ArrayExtract.xml
9 ms. Memory: 282624K Free: 123105K (44%)
----------------- Invoking toplevel() on ptolemy.moml.MoMLSimpleApplication@5d743fd0
----------------- Done invoking toplevel() on ptolemy.moml.MoMLSimpleApplication@5d743fd0
reloadAllAccessors: .ArrayExtract

===========================================================================================
----------------- testing Mon Sep 21 15:52:34 UTC 2020 /home/travis/build/icyphy/ptII/ptolemy/actor/lib/test/auto/ArrayExtract2.xml
----------------- Instantiating /home/travis/build/icyphy/ptII/ptolemy/actor/lib/test/auto/ArrayExtract2.xml
2 ms. Memory: 282624K Free: 117475K (42%)
----------------- Invoking toplevel() on ptolemy.moml.MoMLSimpleApplication@1c6db25f
----------------- Done invoking toplevel() on ptolemy.moml.MoMLSimpleApplication@1c6db25f
reloadAllAccessors: .ArrayExtract2

===========================================================================================
----------------- testing Mon Sep 21 15:52:34 UTC 2020 /home/travis/build/icyphy/ptII/ptolemy/actor/lib/test/auto/ArrayLength.xml
----------------- Instantiating /home/travis/build/icyphy/ptII/ptolemy/actor/lib/test/auto/ArrayLength.xml
1 ms. Memory: 282624K Free: 113379K (40%)
----------------- Invoking toplevel() on ptolemy.moml.MoMLSimpleApplication@37e5f76a
----------------- Done invoking toplevel() on ptolemy.moml.MoMLSimpleApplication@37e5f76a
reloadAllAccessors: .ArrayLength

===========================================================================================
----------------- testing Mon Sep 21 15:52:34 UTC 2020 /home/travis/build/icyphy/ptII/ptolemy/actor/lib/test/auto/ArrayLevelCrossing.xml
----------------- Instantiating /home/travis/build/icyphy/ptII/ptolemy/actor/lib/test/auto/ArrayLevelCrossing.xml
5 ms. Memory: 282624K Free: 105187K (37%)
----------------- Invoking toplevel() on ptolemy.moml.MoMLSimpleApplication@361996ed
----------------- Done invoking toplevel() on ptolemy.moml.MoMLSimpleApplication@361996ed
reloadAllAccessors: .ArrayLevelCrossing

===========================================================================================
----------------- testing Mon Sep 21 15:52:34 UTC 2020 /home/travis/build/icyphy/ptII/ptolemy/actor/lib/test/auto/ArrayLevelCrossing2.xml
----------------- Instantiating /home/travis/build/icyphy/ptII/ptolemy/actor/lib/test/auto/ArrayLevelCrossing2.xml
3 ms. Memory: 282624K Free: 98019K (35%)
----------------- Invoking toplevel() on ptolemy.moml.MoMLSimpleApplication@424cf495
----------------- Done invoking toplevel() on ptolemy.moml.MoMLSimpleApplication@424cf495
reloadAllAccessors: .ArrayLevelCrossing2

===========================================================================================
----------------- testing Mon Sep 21 15:52:34 UTC 2020 /home/travis/build/icyphy/ptII/ptolemy/actor/lib/test/auto/ArrayPeakSearch.xml
----------------- Instantiating /home/travis/build/icyphy/ptII/ptolemy/actor/lib/test/auto/ArrayPeakSearch.xml
9 ms. Memory: 282624K Free: 88803K (31%)
----------------- Invoking toplevel() on ptolemy.moml.MoMLSimpleApplication@3cd8c877
----------------- Done invoking toplevel() on ptolemy.moml.MoMLSimpleApplication@3cd8c877
reloadAllAccessors: .ArrayPeakSearch

===========================================================================================
----------------- testing Mon Sep 21 15:52:34 UTC 2020 /home/travis/build/icyphy/ptII/ptolemy/actor/lib/test/auto/ArrayPeakSearch2.xml
----------------- Instantiating /home/travis/build/icyphy/ptII/ptolemy/actor/lib/test/auto/ArrayPeakSearch2.xml
11 ms. Memory: 282624K Free: 78563K (28%)
----------------- Invoking toplevel() on ptolemy.moml.MoMLSimpleApplication@573bce66
----------------- Done invoking toplevel() on ptolemy.moml.MoMLSimpleApplication@573bce66
reloadAllAccessors: .ArrayPeakSearch2

===========================================================================================
----------------- testing Mon Sep 21 15:52:34 UTC 2020 /home/travis/build/icyphy/ptII/ptolemy/actor/lib/test/auto/ArrayPeakSearch3.xml
----------------- Instantiating /home/travis/build/icyphy/ptII/ptolemy/actor/lib/test/auto/ArrayPeakSearch3.xml
6 ms. Memory: 282624K Free: 229607K (81%)
----------------- Invoking toplevel() on ptolemy.moml.MoMLSimpleApplication@5cf78fc3
----------------- Done invoking toplevel() on ptolemy.moml.MoMLSimpleApplication@5cf78fc3
reloadAllAccessors: .ArrayPeakSearch3

===========================================================================================
----------------- testing Mon Sep 21 15:52:34 UTC 2020 /home/travis/build/icyphy/ptII/ptolemy/actor/lib/test/auto/ArrayRemoveElement.xml
----------------- Instantiating /home/travis/build/icyphy/ptII/ptolemy/actor/lib/test/auto/ArrayRemoveElement.xml
4 ms. Memory: 282624K Free: 221445K (78%)
----------------- Invoking toplevel() on ptolemy.moml.MoMLSimpleApplication@4d63e73c
----------------- Done invoking toplevel() on ptolemy.moml.MoMLSimpleApplication@4d63e73c
reloadAllAccessors: .ArrayRemoveElement

===========================================================================================
----------------- testing Mon Sep 21 15:52:34 UTC 2020 /home/travis/build/icyphy/ptII/ptolemy/actor/lib/test/auto/ArraySort.xml
----------------- Instantiating /home/travis/build/icyphy/ptII/ptolemy/actor/lib/test/auto/ArraySort.xml
7 ms. Memory: 282624K Free: 212229K (75%)
----------------- Invoking toplevel() on ptolemy.moml.MoMLSimpleApplication@10c4f428
----------------- Done invoking toplevel() on ptolemy.moml.MoMLSimpleApplication@10c4f428
reloadAllAccessors: .ArraySort

===========================================================================================
----------------- testing Mon Sep 21 15:52:34 UTC 2020 /home/travis/build/icyphy/ptII/ptolemy/actor/lib/test/auto/ArraySum.xml
----------------- Instantiating /home/travis/build/icyphy/ptII/ptolemy/actor/lib/test/auto/ArraySum.xml
12 ms. Memory: 282624K Free: 207109K (73%)
----------------- Invoking toplevel() on ptolemy.moml.MoMLSimpleApplication@5e6f1828
----------------- Done invoking toplevel() on ptolemy.moml.MoMLSimpleApplication@5e6f1828
reloadAllAccessors: .ArraySum

===========================================================================================
----------------- testing Mon Sep 21 15:52:34 UTC 2020 /home/travis/build/icyphy/ptII/ptolemy/actor/lib/test/auto/ArrayToElements.xml
----------------- Instantiating /home/travis/build/icyphy/ptII/ptolemy/actor/lib/test/auto/ArrayToElements.xml
8 ms. Memory: 282624K Free: 201989K (71%)
----------------- Invoking toplevel() on ptolemy.moml.MoMLSimpleApplication@52ce4037
----------------- Done invoking toplevel() on ptolemy.moml.MoMLSimpleApplication@52ce4037
reloadAllAccessors: .ArrayToElements

===========================================================================================
----------------- testing Mon Sep 21 15:52:34 UTC 2020 /home/travis/build/icyphy/ptII/ptolemy/actor/lib/test/auto/ArrayToMatrix.xml
----------------- Instantiating /home/travis/build/icyphy/ptII/ptolemy/actor/lib/test/auto/ArrayToMatrix.xml
10 ms. Memory: 282624K Free: 187143K (66%)
----------------- Invoking toplevel() on ptolemy.moml.MoMLSimpleApplication@12841e3e
----------------- Done invoking toplevel() on ptolemy.moml.MoMLSimpleApplication@12841e3e
reloadAllAccessors: .ArrayToMatrix

===========================================================================================
----------------- testing Mon Sep 21 15:52:34 UTC 2020 /home/travis/build/icyphy/ptII/ptolemy/actor/lib/test/auto/ArrayUpdate1.xml
----------------- Instantiating /home/travis/build/icyphy/ptII/ptolemy/actor/lib/test/auto/ArrayUpdate1.xml
2 ms. Memory: 282624K Free: 182533K (65%)
----------------- Invoking toplevel() on ptolemy.moml.MoMLSimpleApplication@1ecf2216
----------------- Done invoking toplevel() on ptolemy.moml.MoMLSimpleApplication@1ecf2216
reloadAllAccessors: .ArrayUpdate1

===========================================================================================
----------------- testing Mon Sep 21 15:52:34 UTC 2020 /home/travis/build/icyphy/ptII/ptolemy/actor/lib/test/auto/ArrayUpdate2.xml
----------------- Instantiating /home/travis/build/icyphy/ptII/ptolemy/actor/lib/test/auto/ArrayUpdate2.xml
5 ms. Memory: 282624K Free: 175879K (62%)
----------------- Invoking toplevel() on ptolemy.moml.MoMLSimpleApplication@620b817d
----------------- Done invoking toplevel() on ptolemy.moml.MoMLSimpleApplication@620b817d
reloadAllAccessors: .ArrayUpdate2

===========================================================================================
----------------- testing Mon Sep 21 15:52:34 UTC 2020 /home/travis/build/icyphy/ptII/ptolemy/actor/lib/test/auto/ArrayUpdate3.xml
----------------- Instantiating /home/travis/build/icyphy/ptII/ptolemy/actor/lib/test/auto/ArrayUpdate3.xml
3 ms. Memory: 282624K Free: 171269K (61%)
----------------- Invoking toplevel() on ptolemy.moml.MoMLSimpleApplication@75f68097
----------------- Done invoking toplevel() on ptolemy.moml.MoMLSimpleApplication@75f68097
reloadAllAccessors: .ArrayUpdate3

===========================================================================================
----------------- testing Mon Sep 21 15:52:34 UTC 2020 /home/travis/build/icyphy/ptII/ptolemy/actor/lib/test/auto/Assert1.xml
----------------- Instantiating /home/travis/build/icyphy/ptII/ptolemy/actor/lib/test/auto/Assert1.xml
6 ms. Memory: 282624K Free: 166663K (59%)
----------------- Invoking toplevel() on ptolemy.moml.MoMLSimpleApplication@e37bc36
----------------- Done invoking toplevel() on ptolemy.moml.MoMLSimpleApplication@e37bc36
reloadAllAccessors: .Assert1

===========================================================================================
----------------- testing Mon Sep 21 15:52:35 UTC 2020 /home/travis/build/icyphy/ptII/ptolemy/actor/lib/test/auto/Assert2.xml
----------------- Instantiating /home/travis/build/icyphy/ptII/ptolemy/actor/lib/test/auto/Assert2.xml
9 ms. Memory: 282624K Free: 162053K (57%)
----------------- Invoking toplevel() on ptolemy.moml.MoMLSimpleApplication@26077e
----------------- Done invoking toplevel() on ptolemy.moml.MoMLSimpleApplication@26077e
reloadAllAccessors: .Assert2

===========================================================================================
----------------- testing Mon Sep 21 15:52:35 UTC 2020 /home/travis/build/icyphy/ptII/ptolemy/actor/lib/test/auto/BooleanMultiplexor.xml
----------------- Instantiating /home/travis/build/icyphy/ptII/ptolemy/actor/lib/test/auto/BooleanMultiplexor.xml
3 ms. Memory: 282624K Free: 156423K (55%)
----------------- Invoking toplevel() on ptolemy.moml.MoMLSimpleApplication@55865542
----------------- Done invoking toplevel() on ptolemy.moml.MoMLSimpleApplication@55865542
reloadAllAccessors: .BooleanMultiplexor

===========================================================================================
----------------- testing Mon Sep 21 15:52:35 UTC 2020 /home/travis/build/icyphy/ptII/ptolemy/actor/lib/test/auto/BooleanMultiplexor2.xml
----------------- Instantiating /home/travis/build/icyphy/ptII/ptolemy/actor/lib/test/auto/BooleanMultiplexor2.xml
13 ms. Memory: 282624K Free: 150279K (53%)
----------------- Invoking toplevel() on ptolemy.moml.MoMLSimpleApplication@22798d0
----------------- Done invoking toplevel() on ptolemy.moml.MoMLSimpleApplication@22798d0
reloadAllAccessors: .BooleanMultiplexor2

===========================================================================================
----------------- testing Mon Sep 21 15:52:35 UTC 2020 /home/travis/build/icyphy/ptII/ptolemy/actor/lib/test/auto/BooleanMultiplexor3.xml
----------------- Instantiating /home/travis/build/icyphy/ptII/ptolemy/actor/lib/test/auto/BooleanMultiplexor3.xml
5 ms. Memory: 282624K Free: 146183K (52%)
----------------- Invoking toplevel() on ptolemy.moml.MoMLSimpleApplication@61cc655c
----------------- Done invoking toplevel() on ptolemy.moml.MoMLSimpleApplication@61cc655c
reloadAllAccessors: .BooleanMultiplexor3

===========================================================================================
----------------- testing Mon Sep 21 15:52:35 UTC 2020 /home/travis/build/icyphy/ptII/ptolemy/actor/lib/test/auto/BooleanSelect.xml
----------------- Instantiating /home/travis/build/icyphy/ptII/ptolemy/actor/lib/test/auto/BooleanSelect.xml
11 ms. Memory: 282624K Free: 140535K (50%)
----------------- Invoking toplevel() on ptolemy.moml.MoMLSimpleApplication@10c905f9
----------------- Done invoking toplevel() on ptolemy.moml.MoMLSimpleApplication@10c905f9
reloadAllAccessors: .BooleanSelect

===========================================================================================
----------------- testing Mon Sep 21 15:52:35 UTC 2020 /home/travis/build/icyphy/ptII/ptolemy/actor/lib/test/auto/BooleanSelect2.xml
----------------- Instantiating /home/travis/build/icyphy/ptII/ptolemy/actor/lib/test/auto/BooleanSelect2.xml
2 ms. Memory: 282624K Free: 135943K (48%)
----------------- Invoking toplevel() on ptolemy.moml.MoMLSimpleApplication@40e7b758
----------------- Done invoking toplevel() on ptolemy.moml.MoMLSimpleApplication@40e7b758
reloadAllAccessors: .BooleanSelect2

===========================================================================================
----------------- testing Mon Sep 21 15:52:35 UTC 2020 /home/travis/build/icyphy/ptII/ptolemy/actor/lib/test/auto/BooleanSwitch.xml
----------------- Instantiating /home/travis/build/icyphy/ptII/ptolemy/actor/lib/test/auto/BooleanSwitch.xml
9 ms. Memory: 282624K Free: 129799K (46%)
----------------- Invoking toplevel() on ptolemy.moml.MoMLSimpleApplication@1c66b5eb
----------------- Done invoking toplevel() on ptolemy.moml.MoMLSimpleApplication@1c66b5eb
reloadAllAccessors: .BooleanSwitch

===========================================================================================
----------------- testing Mon Sep 21 15:52:35 UTC 2020 /home/travis/build/icyphy/ptII/ptolemy/actor/lib/test/auto/BooleanSwitch2.xml
----------------- Instantiating /home/travis/build/icyphy/ptII/ptolemy/actor/lib/test/auto/BooleanSwitch2.xml
1 ms. Memory: 282624K Free: 125703K (44%)
----------------- Invoking toplevel() on ptolemy.moml.MoMLSimpleApplication@678e88d
----------------- Done invoking toplevel() on ptolemy.moml.MoMLSimpleApplication@678e88d
reloadAllAccessors: .BooleanSwitch2

===========================================================================================
----------------- testing Mon Sep 21 15:52:35 UTC 2020 /home/travis/build/icyphy/ptII/ptolemy/actor/lib/test/auto/BooleanSwitchCloningBugWithClassRelationGroup.xml
----------------- Instantiating /home/travis/build/icyphy/ptII/ptolemy/actor/lib/test/auto/BooleanSwitchCloningBugWithClassRelationGroup.xml
4 ms. Memory: 282624K Free: 119559K (42%)
----------------- Invoking toplevel() on ptolemy.moml.MoMLSimpleApplication@2384bb6
----------------- Done invoking toplevel() on ptolemy.moml.MoMLSimpleApplication@2384bb6
reloadAllAccessors: .BooleanSwitchCloningBugWithClassRelationGroup

===========================================================================================
----------------- testing Mon Sep 21 15:52:35 UTC 2020 /home/travis/build/icyphy/ptII/ptolemy/actor/lib/test/auto/BusActors.xml
----------------- Instantiating /home/travis/build/icyphy/ptII/ptolemy/actor/lib/test/auto/BusActors.xml
7 ms. Memory: 282624K Free: 111877K (40%)
----------------- Invoking toplevel() on ptolemy.moml.MoMLSimpleApplication@60cbb583
----------------- Done invoking toplevel() on ptolemy.moml.MoMLSimpleApplication@60cbb583
reloadAllAccessors: .BusActors

===========================================================================================
----------------- testing Mon Sep 21 15:52:35 UTC 2020 /home/travis/build/icyphy/ptII/ptolemy/actor/lib/test/auto/ClassWrapper.xml
----------------- Instantiating /home/travis/build/icyphy/ptII/ptolemy/actor/lib/test/auto/ClassWrapper.xml
4 ms. Memory: 282624K Free: 107271K (38%)
----------------- Invoking toplevel() on ptolemy.moml.MoMLSimpleApplication@688d64dc
----------------- Done invoking toplevel() on ptolemy.moml.MoMLSimpleApplication@688d64dc
reloadAllAccessors: .ClassWrapper

===========================================================================================
----------------- testing Mon Sep 21 15:52:35 UTC 2020 /home/travis/build/icyphy/ptII/ptolemy/actor/lib/test/auto/Clock.xml
----------------- Instantiating /home/travis/build/icyphy/ptII/ptolemy/actor/lib/test/auto/Clock.xml
2 ms. Memory: 282624K Free: 103685K (37%)
----------------- Invoking toplevel() on ptolemy.moml.MoMLSimpleApplication@34562410
----------------- Done invoking toplevel() on ptolemy.moml.MoMLSimpleApplication@34562410
reloadAllAccessors: .Clock

===========================================================================================
----------------- testing Mon Sep 21 15:52:35 UTC 2020 /home/travis/build/icyphy/ptII/ptolemy/actor/lib/test/auto/Clock10.xml
----------------- Instantiating /home/travis/build/icyphy/ptII/ptolemy/actor/lib/test/auto/Clock10.xml
2 ms. Memory: 282624K Free: 97541K (35%)
----------------- Invoking toplevel() on ptolemy.moml.MoMLSimpleApplication@5a99637
----------------- Done invoking toplevel() on ptolemy.moml.MoMLSimpleApplication@5a99637
reloadAllAccessors: .Clock10

===========================================================================================
----------------- testing Mon Sep 21 15:52:35 UTC 2020 /home/travis/build/icyphy/ptII/ptolemy/actor/lib/test/auto/Clock11.xml
----------------- Instantiating /home/travis/build/icyphy/ptII/ptolemy/actor/lib/test/auto/Clock11.xml
6 ms. Memory: 282624K Free: 91911K (33%)
----------------- Invoking toplevel() on ptolemy.moml.MoMLSimpleApplication@320038a1
----------------- Done invoking toplevel() on ptolemy.moml.MoMLSimpleApplication@320038a1
reloadAllAccessors: .Clock11

===========================================================================================
----------------- testing Mon Sep 21 15:52:35 UTC 2020 /home/travis/build/icyphy/ptII/ptolemy/actor/lib/test/auto/Clock12.xml
----------------- Instantiating /home/travis/build/icyphy/ptII/ptolemy/actor/lib/test/auto/Clock12.xml
5 ms. Memory: 282624K Free: 85767K (30%)
----------------- Invoking toplevel() on ptolemy.moml.MoMLSimpleApplication@27f83d65
----------------- Done invoking toplevel() on ptolemy.moml.MoMLSimpleApplication@27f83d65
reloadAllAccessors: .Clock12

===========================================================================================
----------------- testing Mon Sep 21 15:52:35 UTC 2020 /home/travis/build/icyphy/ptII/ptolemy/actor/lib/test/auto/Clock13.xml
----------------- Instantiating /home/travis/build/icyphy/ptII/ptolemy/actor/lib/test/auto/Clock13.xml
8 ms. Memory: 282624K Free: 80127K (28%)
----------------- Invoking toplevel() on ptolemy.moml.MoMLSimpleApplication@3c630780
----------------- Done invoking toplevel() on ptolemy.moml.MoMLSimpleApplication@3c630780
reloadAllAccessors: .Clock13

===========================================================================================
----------------- testing Mon Sep 21 15:52:35 UTC 2020 /home/travis/build/icyphy/ptII/ptolemy/actor/lib/test/auto/Clock14.xml
----------------- Instantiating /home/travis/build/icyphy/ptII/ptolemy/actor/lib/test/auto/Clock14.xml
6 ms. Memory: 282624K Free: 73959K (26%)
----------------- Invoking toplevel() on ptolemy.moml.MoMLSimpleApplication@3d07fbec
----------------- Done invoking toplevel() on ptolemy.moml.MoMLSimpleApplication@3d07fbec
reloadAllAccessors: .Clock14

===========================================================================================
----------------- testing Mon Sep 21 15:52:35 UTC 2020 /home/travis/build/icyphy/ptII/ptolemy/actor/lib/test/auto/Clock15.xml
----------------- Instantiating /home/travis/build/icyphy/ptII/ptolemy/actor/lib/test/auto/Clock15.xml
6 ms. Memory: 282624K Free: 68359K (24%)
----------------- Invoking toplevel() on ptolemy.moml.MoMLSimpleApplication@24106adc
----------------- Done invoking toplevel() on ptolemy.moml.MoMLSimpleApplication@24106adc
reloadAllAccessors: .Clock15

===========================================================================================
----------------- testing Mon Sep 21 15:52:35 UTC 2020 /home/travis/build/icyphy/ptII/ptolemy/actor/lib/test/auto/Clock16.xml
----------------- Instantiating /home/travis/build/icyphy/ptII/ptolemy/actor/lib/test/auto/Clock16.xml
50 ms. Memory: 282624K Free: 219125K (78%)
----------------- Invoking toplevel() on ptolemy.moml.MoMLSimpleApplication@12b0f04d
----------------- Done invoking toplevel() on ptolemy.moml.MoMLSimpleApplication@12b0f04d
reloadAllAccessors: .Clock16

===========================================================================================
----------------- testing Mon Sep 21 15:52:35 UTC 2020 /home/travis/build/icyphy/ptII/ptolemy/actor/lib/test/auto/Clock17.xml
----------------- Instantiating /home/travis/build/icyphy/ptII/ptolemy/actor/lib/test/auto/Clock17.xml
27 ms. Memory: 282624K Free: 204285K (72%)
----------------- Invoking toplevel() on ptolemy.moml.MoMLSimpleApplication@60cf4e2
----------------- Done invoking toplevel() on ptolemy.moml.MoMLSimpleApplication@60cf4e2
reloadAllAccessors: .Clock17

===========================================================================================
----------------- testing Mon Sep 21 15:52:35 UTC 2020 /home/travis/build/icyphy/ptII/ptolemy/actor/lib/test/auto/Clock18.xml
----------------- Instantiating /home/travis/build/icyphy/ptII/ptolemy/actor/lib/test/auto/Clock18.xml
27 ms. Memory: 282624K Free: 190973K (68%)
----------------- Invoking toplevel() on ptolemy.moml.MoMLSimpleApplication@1c5fa3bc
----------------- Done invoking toplevel() on ptolemy.moml.MoMLSimpleApplication@1c5fa3bc
reloadAllAccessors: .Clock18

===========================================================================================
----------------- testing Mon Sep 21 15:52:35 UTC 2020 /home/travis/build/icyphy/ptII/ptolemy/actor/lib/test/auto/Clock19.xml
----------------- Instantiating /home/travis/build/icyphy/ptII/ptolemy/actor/lib/test/auto/Clock19.xml
16 ms. Memory: 282624K Free: 177661K (63%)
----------------- Invoking toplevel() on ptolemy.moml.MoMLSimpleApplication@c730e8f
----------------- Done invoking toplevel() on ptolemy.moml.MoMLSimpleApplication@c730e8f
reloadAllAccessors: .Clock19

===========================================================================================
----------------- testing Mon Sep 21 15:52:35 UTC 2020 /home/travis/build/icyphy/ptII/ptolemy/actor/lib/test/auto/Clock2.xml
----------------- Instantiating /home/travis/build/icyphy/ptII/ptolemy/actor/lib/test/auto/Clock2.xml
7 ms. Memory: 282624K Free: 173565K (61%)
----------------- Invoking toplevel() on ptolemy.moml.MoMLSimpleApplication@67c45eac
----------------- Done invoking toplevel() on ptolemy.moml.MoMLSimpleApplication@67c45eac
reloadAllAccessors: .Clock2

===========================================================================================
----------------- testing Mon Sep 21 15:52:35 UTC 2020 /home/travis/build/icyphy/ptII/ptolemy/actor/lib/test/auto/Clock20.xml
----------------- Instantiating /home/travis/build/icyphy/ptII/ptolemy/actor/lib/test/auto/Clock20.xml
10 ms. Memory: 282624K Free: 167931K (59%)
----------------- Invoking toplevel() on ptolemy.moml.MoMLSimpleApplication@7d4e5495
----------------- Done invoking toplevel() on ptolemy.moml.MoMLSimpleApplication@7d4e5495
reloadAllAccessors: .Clock20

===========================================================================================
----------------- testing Mon Sep 21 15:52:35 UTC 2020 /home/travis/build/icyphy/ptII/ptolemy/actor/lib/test/auto/Clock21.xml
----------------- Instantiating /home/travis/build/icyphy/ptII/ptolemy/actor/lib/test/auto/Clock21.xml
5 ms. Memory: 282624K Free: 162811K (58%)
----------------- Invoking toplevel() on ptolemy.moml.MoMLSimpleApplication@4235cb49
----------------- Done invoking toplevel() on ptolemy.moml.MoMLSimpleApplication@4235cb49
reloadAllAccessors: .Clock21

===========================================================================================
----------------- testing Mon Sep 21 15:52:35 UTC 2020 /home/travis/build/icyphy/ptII/ptolemy/actor/lib/test/auto/Clock22.xml
----------------- Instantiating /home/travis/build/icyphy/ptII/ptolemy/actor/lib/test/auto/Clock22.xml
6 ms. Memory: 282624K Free: 157181K (56%)
----------------- Invoking toplevel() on ptolemy.moml.MoMLSimpleApplication@d5b593b
----------------- Done invoking toplevel() on ptolemy.moml.MoMLSimpleApplication@d5b593b
reloadAllAccessors: .Clock22

===========================================================================================
----------------- testing Mon Sep 21 15:52:35 UTC 2020 /home/travis/build/icyphy/ptII/ptolemy/actor/lib/test/auto/Clock23.xml
----------------- Instantiating /home/travis/build/icyphy/ptII/ptolemy/actor/lib/test/auto/Clock23.xml
8 ms. Memory: 282624K Free: 151547K (54%)
----------------- Invoking toplevel() on ptolemy.moml.MoMLSimpleApplication@68a67730
----------------- Done invoking toplevel() on ptolemy.moml.MoMLSimpleApplication@68a67730
reloadAllAccessors: .Clock23

===========================================================================================
----------------- testing Mon Sep 21 15:52:36 UTC 2020 /home/travis/build/icyphy/ptII/ptolemy/actor/lib/test/auto/Clock24.xml
----------------- Instantiating /home/travis/build/icyphy/ptII/ptolemy/actor/lib/test/auto/Clock24.xml
5 ms. Memory: 282624K Free: 146427K (52%)
----------------- Invoking toplevel() on ptolemy.moml.MoMLSimpleApplication@2375dc75
----------------- Done invoking toplevel() on ptolemy.moml.MoMLSimpleApplication@2375dc75
reloadAllAccessors: .Clock24

===========================================================================================
----------------- testing Mon Sep 21 15:52:36 UTC 2020 /home/travis/build/icyphy/ptII/ptolemy/actor/lib/test/auto/Clock4.xml
----------------- Instantiating /home/travis/build/icyphy/ptII/ptolemy/actor/lib/test/auto/Clock4.xml
2 ms. Memory: 282624K Free: 141277K (50%)
----------------- Invoking toplevel() on ptolemy.moml.MoMLSimpleApplication@c2e027b
----------------- Done invoking toplevel() on ptolemy.moml.MoMLSimpleApplication@c2e027b
reloadAllAccessors: .Clock4

===========================================================================================
----------------- testing Mon Sep 21 15:52:36 UTC 2020 /home/travis/build/icyphy/ptII/ptolemy/actor/lib/test/auto/Clock5.xml
----------------- Instantiating /home/travis/build/icyphy/ptII/ptolemy/actor/lib/test/auto/Clock5.xml
1 ms. Memory: 282624K Free: 136181K (48%)
----------------- Invoking toplevel() on ptolemy.moml.MoMLSimpleApplication@159d56f4
----------------- Done invoking toplevel() on ptolemy.moml.MoMLSimpleApplication@159d56f4
reloadAllAccessors: .Clock5

===========================================================================================
----------------- testing Mon Sep 21 15:52:36 UTC 2020 /home/travis/build/icyphy/ptII/ptolemy/actor/lib/test/auto/Clock6.xml
----------------- Instantiating /home/travis/build/icyphy/ptII/ptolemy/actor/lib/test/auto/Clock6.xml
4 ms. Memory: 282624K Free: 131581K (47%)
----------------- Invoking toplevel() on ptolemy.moml.MoMLSimpleApplication@356b16c3
----------------- Done invoking toplevel() on ptolemy.moml.MoMLSimpleApplication@356b16c3
reloadAllAccessors: .Clock6

===========================================================================================
----------------- testing Mon Sep 21 15:52:36 UTC 2020 /home/travis/build/icyphy/ptII/ptolemy/actor/lib/test/auto/Clock7.xml
----------------- Instantiating /home/travis/build/icyphy/ptII/ptolemy/actor/lib/test/auto/Clock7.xml
2 ms. Memory: 282624K Free: 126971K (45%)
----------------- Invoking toplevel() on ptolemy.moml.MoMLSimpleApplication@651b1a62
----------------- Done invoking toplevel() on ptolemy.moml.MoMLSimpleApplication@651b1a62
reloadAllAccessors: .Clock7

===========================================================================================
----------------- testing Mon Sep 21 15:52:36 UTC 2020 /home/travis/build/icyphy/ptII/ptolemy/actor/lib/test/auto/Clock8.xml
----------------- Instantiating /home/travis/build/icyphy/ptII/ptolemy/actor/lib/test/auto/Clock8.xml
5 ms. Memory: 282624K Free: 121845K (43%)
----------------- Invoking toplevel() on ptolemy.moml.MoMLSimpleApplication@18600e2f
----------------- Done invoking toplevel() on ptolemy.moml.MoMLSimpleApplication@18600e2f
reloadAllAccessors: .Clock8

===========================================================================================
----------------- testing Mon Sep 21 15:52:36 UTC 2020 /home/travis/build/icyphy/ptII/ptolemy/actor/lib/test/auto/Clock9.xml
----------------- Instantiating /home/travis/build/icyphy/ptII/ptolemy/actor/lib/test/auto/Clock9.xml
2 ms. Memory: 282624K Free: 116221K (41%)
----------------- Invoking toplevel() on ptolemy.moml.MoMLSimpleApplication@6bb02ca5
----------------- Done invoking toplevel() on ptolemy.moml.MoMLSimpleApplication@6bb02ca5
reloadAllAccessors: .Clock9

===========================================================================================
----------------- testing Mon Sep 21 15:52:36 UTC 2020 /home/travis/build/icyphy/ptII/ptolemy/actor/lib/test/auto/CommDistDiscard.xml
----------------- Instantiating /home/travis/build/icyphy/ptII/ptolemy/actor/lib/test/auto/CommDistDiscard.xml
4 ms. Memory: 282624K Free: 111101K (39%)
----------------- Invoking toplevel() on ptolemy.moml.MoMLSimpleApplication@3f989a6
----------------- Done invoking toplevel() on ptolemy.moml.MoMLSimpleApplication@3f989a6
reloadAllAccessors: .CommDistDiscard

===========================================================================================
----------------- testing Mon Sep 21 15:52:36 UTC 2020 /home/travis/build/icyphy/ptII/ptolemy/actor/lib/test/auto/Commutator.xml
----------------- Instantiating /home/travis/build/icyphy/ptII/ptolemy/actor/lib/test/auto/Commutator.xml
3 ms. Memory: 282624K Free: 106491K (38%)
----------------- Invoking toplevel() on ptolemy.moml.MoMLSimpleApplication@17a932b5
----------------- Done invoking toplevel() on ptolemy.moml.MoMLSimpleApplication@17a932b5
reloadAllAccessors: .Commutator

===========================================================================================
----------------- testing Mon Sep 21 15:52:36 UTC 2020 /home/travis/build/icyphy/ptII/ptolemy/actor/lib/test/auto/Commutator2.xml
----------------- Instantiating /home/travis/build/icyphy/ptII/ptolemy/actor/lib/test/auto/Commutator2.xml
1 ms. Memory: 282624K Free: 101885K (36%)
----------------- Invoking toplevel() on ptolemy.moml.MoMLSimpleApplication@53d3745e
----------------- Done invoking toplevel() on ptolemy.moml.MoMLSimpleApplication@53d3745e
reloadAllAccessors: .Commutator2

===========================================================================================
----------------- testing Mon Sep 21 15:52:36 UTC 2020 /home/travis/build/icyphy/ptII/ptolemy/actor/lib/test/auto/Commutator3.xml
----------------- Instantiating /home/travis/build/icyphy/ptII/ptolemy/actor/lib/test/auto/Commutator3.xml
2 ms. Memory: 282624K Free: 97789K (35%)
----------------- Invoking toplevel() on ptolemy.moml.MoMLSimpleApplication@1a44174c
----------------- Done invoking toplevel() on ptolemy.moml.MoMLSimpleApplication@1a44174c
reloadAllAccessors: .Commutator3

===========================================================================================
----------------- testing Mon Sep 21 15:52:36 UTC 2020 /home/travis/build/icyphy/ptII/ptolemy/actor/lib/test/auto/Compare.xml
----------------- Instantiating /home/travis/build/icyphy/ptII/ptolemy/actor/lib/test/auto/Compare.xml
2 ms. Memory: 282624K Free: 91131K (32%)
----------------- Invoking toplevel() on ptolemy.moml.MoMLSimpleApplication@6018cf6a
----------------- Done invoking toplevel() on ptolemy.moml.MoMLSimpleApplication@6018cf6a
reloadAllAccessors: .Compare

===========================================================================================
----------------- testing Mon Sep 21 15:52:36 UTC 2020 /home/travis/build/icyphy/ptII/ptolemy/actor/lib/test/auto/CompareDE.xml
----------------- Instantiating /home/travis/build/icyphy/ptII/ptolemy/actor/lib/test/auto/CompareDE.xml
5 ms. Memory: 282624K Free: 84477K (30%)
----------------- Invoking toplevel() on ptolemy.moml.MoMLSimpleApplication@310d6ad4
----------------- Done invoking toplevel() on ptolemy.moml.MoMLSimpleApplication@310d6ad4
reloadAllAccessors: .CompareDE

===========================================================================================
----------------- testing Mon Sep 21 15:52:36 UTC 2020 /home/travis/build/icyphy/ptII/ptolemy/actor/lib/test/auto/ComplexDivide.xml
----------------- Instantiating /home/travis/build/icyphy/ptII/ptolemy/actor/lib/test/auto/ComplexDivide.xml
1 ms. Memory: 282624K Free: 80381K (28%)
----------------- Invoking toplevel() on ptolemy.moml.MoMLSimpleApplication@631e6df3
----------------- Done invoking toplevel() on ptolemy.moml.MoMLSimpleApplication@631e6df3
reloadAllAccessors: .ComplexDivide

===========================================================================================
----------------- testing Mon Sep 21 15:52:36 UTC 2020 /home/travis/build/icyphy/ptII/ptolemy/actor/lib/test/auto/ComputeHistogram.xml
----------------- Instantiating /home/travis/build/icyphy/ptII/ptolemy/actor/lib/test/auto/ComputeHistogram.xml
55 ms. Memory: 282624K Free: 233204K (83%)
----------------- Invoking toplevel() on ptolemy.moml.MoMLSimpleApplication@42b0d70d
----------------- Done invoking toplevel() on ptolemy.moml.MoMLSimpleApplication@42b0d70d
reloadAllAccessors: .ComputeHistogram

===========================================================================================
----------------- testing Mon Sep 21 15:52:36 UTC 2020 /home/travis/build/icyphy/ptII/ptolemy/actor/lib/test/auto/ConfigurationSelect.xml
----------------- Instantiating /home/travis/build/icyphy/ptII/ptolemy/actor/lib/test/auto/ConfigurationSelect.xml
10 ms. Memory: 282624K Free: 227111K (80%)
----------------- Invoking toplevel() on ptolemy.moml.MoMLSimpleApplication@79da2c4a
----------------- Done invoking toplevel() on ptolemy.moml.MoMLSimpleApplication@79da2c4a
reloadAllAccessors: .ConfigurationSelect

===========================================================================================
----------------- testing Mon Sep 21 15:52:36 UTC 2020 /home/travis/build/icyphy/ptII/ptolemy/actor/lib/test/auto/ConfigurationSelect2.xml
----------------- Instantiating /home/travis/build/icyphy/ptII/ptolemy/actor/lib/test/auto/ConfigurationSelect2.xml
4 ms. Memory: 282624K Free: 223015K (79%)
----------------- Invoking toplevel() on ptolemy.moml.MoMLSimpleApplication@e27b24c
----------------- Done invoking toplevel() on ptolemy.moml.MoMLSimpleApplication@e27b24c
reloadAllAccessors: .ConfigurationSelect2

===========================================================================================
----------------- testing Mon Sep 21 15:52:36 UTC 2020 /home/travis/build/icyphy/ptII/ptolemy/actor/lib/test/auto/ConfigurationSwitch.xml
----------------- Instantiating /home/travis/build/icyphy/ptII/ptolemy/actor/lib/test/auto/ConfigurationSwitch.xml
2 ms. Memory: 282624K Free: 217385K (77%)
----------------- Invoking toplevel() on ptolemy.moml.MoMLSimpleApplication@73900db
----------------- Done invoking toplevel() on ptolemy.moml.MoMLSimpleApplication@73900db
reloadAllAccessors: .ConfigurationSwitch

===========================================================================================
----------------- testing Mon Sep 21 15:52:36 UTC 2020 /home/travis/build/icyphy/ptII/ptolemy/actor/lib/test/auto/ConfigurationSwitch2.xml
----------------- Instantiating /home/travis/build/icyphy/ptII/ptolemy/actor/lib/test/auto/ConfigurationSwitch2.xml
2 ms. Memory: 282624K Free: 211751K (75%)
----------------- Invoking toplevel() on ptolemy.moml.MoMLSimpleApplication@534a2845
----------------- Done invoking toplevel() on ptolemy.moml.MoMLSimpleApplication@534a2845
reloadAllAccessors: .ConfigurationSwitch2

===========================================================================================
----------------- testing Mon Sep 21 15:52:36 UTC 2020 /home/travis/build/icyphy/ptII/ptolemy/actor/lib/test/auto/ConfigurationSwitchCloningBugWithClassRelationGroup.xml
----------------- Instantiating /home/travis/build/icyphy/ptII/ptolemy/actor/lib/test/auto/ConfigurationSwitchCloningBugWithClassRelationGroup.xml
1 ms. Memory: 282624K Free: 205607K (73%)
----------------- Invoking toplevel() on ptolemy.moml.MoMLSimpleApplication@45a2a22a
----------------- Done invoking toplevel() on ptolemy.moml.MoMLSimpleApplication@45a2a22a
reloadAllAccessors: .ConfigurationSwitchCloningBugWithClassRelationGroup

===========================================================================================
----------------- testing Mon Sep 21 15:52:36 UTC 2020 /home/travis/build/icyphy/ptII/ptolemy/actor/lib/test/auto/ConfigurationSwitchSelectSDF.xml
----------------- Instantiating /home/travis/build/icyphy/ptII/ptolemy/actor/lib/test/auto/ConfigurationSwitchSelectSDF.xml
3 ms. Memory: 282624K Free: 199977K (71%)
----------------- Invoking toplevel() on ptolemy.moml.MoMLSimpleApplication@522805f2
----------------- Done invoking toplevel() on ptolemy.moml.MoMLSimpleApplication@522805f2
reloadAllAccessors: .ConfigurationSwitchSelectSDF

===========================================================================================
----------------- testing Mon Sep 21 15:52:36 UTC 2020 /home/travis/build/icyphy/ptII/ptolemy/actor/lib/test/auto/ConfigurationSwitchSelectSDF2.xml
----------------- Instantiating /home/travis/build/icyphy/ptII/ptolemy/actor/lib/test/auto/ConfigurationSwitchSelectSDF2.xml
2 ms. Memory: 282624K Free: 194343K (69%)
----------------- Invoking toplevel() on ptolemy.moml.MoMLSimpleApplication@5caa5336
----------------- Done invoking toplevel() on ptolemy.moml.MoMLSimpleApplication@5caa5336
reloadAllAccessors: .ConfigurationSwitchSelectSDF2

===========================================================================================
----------------- testing Mon Sep 21 15:52:36 UTC 2020 /home/travis/build/icyphy/ptII/ptolemy/actor/lib/test/auto/Const.xml
----------------- Instantiating /home/travis/build/icyphy/ptII/ptolemy/actor/lib/test/auto/Const.xml
1 ms. Memory: 282624K Free: 190761K (67%)
----------------- Invoking toplevel() on ptolemy.moml.MoMLSimpleApplication@2c7e92d6
----------------- Done invoking toplevel() on ptolemy.moml.MoMLSimpleApplication@2c7e92d6
reloadAllAccessors: .Const

===========================================================================================
----------------- testing Mon Sep 21 15:52:36 UTC 2020 /home/travis/build/icyphy/ptII/ptolemy/actor/lib/test/auto/Const2.xml
----------------- Instantiating /home/travis/build/icyphy/ptII/ptolemy/actor/lib/test/auto/Const2.xml
2 ms. Memory: 282624K Free: 187175K (66%)
----------------- Invoking toplevel() on ptolemy.moml.MoMLSimpleApplication@6c89227b
----------------- Done invoking toplevel() on ptolemy.moml.MoMLSimpleApplication@6c89227b
reloadAllAccessors: .Const2

===========================================================================================
----------------- testing Mon Sep 21 15:52:36 UTC 2020 /home/travis/build/icyphy/ptII/ptolemy/actor/lib/test/auto/Const3.xml
----------------- Instantiating /home/travis/build/icyphy/ptII/ptolemy/actor/lib/test/auto/Const3.xml
1 ms. Memory: 282624K Free: 184103K (65%)
----------------- Invoking toplevel() on ptolemy.moml.MoMLSimpleApplication@2a1a9948
----------------- Done invoking toplevel() on ptolemy.moml.MoMLSimpleApplication@2a1a9948
reloadAllAccessors: .Const3

===========================================================================================
----------------- testing Mon Sep 21 15:52:36 UTC 2020 /home/travis/build/icyphy/ptII/ptolemy/actor/lib/test/auto/ConstantPublisherPort1.xml
----------------- Instantiating /home/travis/build/icyphy/ptII/ptolemy/actor/lib/test/auto/ConstantPublisherPort1.xml
5 ms. Memory: 282624K Free: 175401K (62%)
----------------- Invoking toplevel() on ptolemy.moml.MoMLSimpleApplication@6f6a71fb
----------------- Done invoking toplevel() on ptolemy.moml.MoMLSimpleApplication@6f6a71fb
reloadAllAccessors: .ConstantPublisherPort1

===========================================================================================
----------------- testing Mon Sep 21 15:52:36 UTC 2020 /home/travis/build/icyphy/ptII/ptolemy/actor/lib/test/auto/ConstantPublisherPort2.xml
----------------- Instantiating /home/travis/build/icyphy/ptII/ptolemy/actor/lib/test/auto/ConstantPublisherPort2.xml
5 ms. Memory: 282624K Free: 168233K (60%)
----------------- Invoking toplevel() on ptolemy.moml.MoMLSimpleApplication@8ebdf13
----------------- Done invoking toplevel() on ptolemy.moml.MoMLSimpleApplication@8ebdf13
reloadAllAccessors: .ConstantPublisherPort2

===========================================================================================
----------------- testing Mon Sep 21 15:52:36 UTC 2020 /home/travis/build/icyphy/ptII/ptolemy/actor/lib/test/auto/ConstantPublisherPort3.xml
----------------- Instantiating /home/travis/build/icyphy/ptII/ptolemy/actor/lib/test/auto/ConstantPublisherPort3.xml
10 ms. Memory: 282624K Free: 160041K (57%)
----------------- Invoking toplevel() on ptolemy.moml.MoMLSimpleApplication@20b571cc
----------------- Done invoking toplevel() on ptolemy.moml.MoMLSimpleApplication@20b571cc
reloadAllAccessors: .ConstantPublisherPort3

===========================================================================================
----------------- testing Mon Sep 21 15:52:36 UTC 2020 /home/travis/build/icyphy/ptII/ptolemy/actor/lib/test/auto/ConstantPublisherPort4.xml
----------------- Instantiating /home/travis/build/icyphy/ptII/ptolemy/actor/lib/test/auto/ConstantPublisherPort4.xml
3 ms. Memory: 282624K Free: 153369K (54%)
----------------- Invoking toplevel() on ptolemy.moml.MoMLSimpleApplication@50dbc3c6
----------------- Done invoking toplevel() on ptolemy.moml.MoMLSimpleApplication@50dbc3c6
reloadAllAccessors: .ConstantPublisherPort4

===========================================================================================
----------------- testing Mon Sep 21 15:52:36 UTC 2020 /home/travis/build/icyphy/ptII/ptolemy/actor/lib/test/auto/ConstantPublisherPort5.xml
----------------- Instantiating /home/travis/build/icyphy/ptII/ptolemy/actor/lib/test/auto/ConstantPublisherPort5.xml
30 ms. Memory: 282624K Free: 143657K (51%)
----------------- Invoking toplevel() on ptolemy.moml.MoMLSimpleApplication@516be40c
----------------- Done invoking toplevel() on ptolemy.moml.MoMLSimpleApplication@516be40c
reloadAllAccessors: .ConstantPublisherPort5

===========================================================================================
----------------- testing Mon Sep 21 15:52:36 UTC 2020 /home/travis/build/icyphy/ptII/ptolemy/actor/lib/test/auto/ConstantPublisherPort6.xml
----------------- Instantiating /home/travis/build/icyphy/ptII/ptolemy/actor/lib/test/auto/ConstantPublisherPort6.xml
13 ms. Memory: 282624K Free: 134441K (48%)
----------------- Invoking toplevel() on ptolemy.moml.MoMLSimpleApplication@2615323a
----------------- Done invoking toplevel() on ptolemy.moml.MoMLSimpleApplication@2615323a
reloadAllAccessors: .ConstantPublisherPort6

===========================================================================================
----------------- testing Mon Sep 21 15:52:36 UTC 2020 /home/travis/build/icyphy/ptII/ptolemy/actor/lib/test/auto/ConstantPublisherPort7.xml
----------------- Instantiating /home/travis/build/icyphy/ptII/ptolemy/actor/lib/test/auto/ConstantPublisherPort7.xml
15 ms. Memory: 282624K Free: 125735K (44%)
----------------- Invoking toplevel() on ptolemy.moml.MoMLSimpleApplication@593f981a
----------------- Done invoking toplevel() on ptolemy.moml.MoMLSimpleApplication@593f981a
reloadAllAccessors: .ConstantPublisherPort7

===========================================================================================
----------------- testing Mon Sep 21 15:52:36 UTC 2020 /home/travis/build/icyphy/ptII/ptolemy/actor/lib/test/auto/ConstraintMonitor1.xml
----------------- Instantiating /home/travis/build/icyphy/ptII/ptolemy/actor/lib/test/auto/ConstraintMonitor1.xml
7 ms. Memory: 282624K Free: 120103K (42%)
----------------- Invoking toplevel() on ptolemy.moml.MoMLSimpleApplication@11ed378e
----------------- Done invoking toplevel() on ptolemy.moml.MoMLSimpleApplication@11ed378e
reloadAllAccessors: .ConstraintMonitor1

===========================================================================================
----------------- testing Mon Sep 21 15:52:36 UTC 2020 /home/travis/build/icyphy/ptII/ptolemy/actor/lib/test/auto/ConstraintMonitor2.xml
----------------- Instantiating /home/travis/build/icyphy/ptII/ptolemy/actor/lib/test/auto/ConstraintMonitor2.xml
6 ms. Memory: 282624K Free: 115495K (41%)
----------------- Invoking toplevel() on ptolemy.moml.MoMLSimpleApplication@1c1e7b0e
----------------- Done invoking toplevel() on ptolemy.moml.MoMLSimpleApplication@1c1e7b0e
reloadAllAccessors: .ConstraintMonitor2

===========================================================================================
----------------- testing Mon Sep 21 15:52:36 UTC 2020 /home/travis/build/icyphy/ptII/ptolemy/actor/lib/test/auto/ConstraintMonitor3.xml
----------------- Instantiating /home/travis/build/icyphy/ptII/ptolemy/actor/lib/test/auto/ConstraintMonitor3.xml
7 ms. Memory: 282624K Free: 111385K (39%)
----------------- Invoking toplevel() on ptolemy.moml.MoMLSimpleApplication@70c2ba25
----------------- Done invoking toplevel() on ptolemy.moml.MoMLSimpleApplication@70c2ba25
reloadAllAccessors: .ConstraintMonitor3

===========================================================================================
----------------- testing Mon Sep 21 15:52:36 UTC 2020 /home/travis/build/icyphy/ptII/ptolemy/actor/lib/test/auto/ConstraintMonitor4.xml
----------------- Instantiating /home/travis/build/icyphy/ptII/ptolemy/actor/lib/test/auto/ConstraintMonitor4.xml
5 ms. Memory: 282624K Free: 106279K (38%)
----------------- Invoking toplevel() on ptolemy.moml.MoMLSimpleApplication@627e2f13
----------------- Done invoking toplevel() on ptolemy.moml.MoMLSimpleApplication@627e2f13
reloadAllAccessors: .ConstraintMonitor4

===========================================================================================
----------------- testing Mon Sep 21 15:52:36 UTC 2020 /home/travis/build/icyphy/ptII/ptolemy/actor/lib/test/auto/ConstraintMonitor5.xml
----------------- Instantiating /home/travis/build/icyphy/ptII/ptolemy/actor/lib/test/auto/ConstraintMonitor5.xml
1 ms. Memory: 282624K Free: 101673K (36%)
----------------- Invoking toplevel() on ptolemy.moml.MoMLSimpleApplication@40ac1e10
----------------- Done invoking toplevel() on ptolemy.moml.MoMLSimpleApplication@40ac1e10
reloadAllAccessors: .ConstraintMonitor5

===========================================================================================
----------------- testing Mon Sep 21 15:52:36 UTC 2020 /home/travis/build/icyphy/ptII/ptolemy/actor/lib/test/auto/ConstraintMonitor6.xml
----------------- Instantiating /home/travis/build/icyphy/ptII/ptolemy/actor/lib/test/auto/ConstraintMonitor6.xml
3 ms. Memory: 282624K Free: 95529K (34%)
----------------- Invoking toplevel() on ptolemy.moml.MoMLSimpleApplication@1637d348
----------------- Done invoking toplevel() on ptolemy.moml.MoMLSimpleApplication@1637d348
reloadAllAccessors: .ConstraintMonitor6

===========================================================================================
----------------- testing Mon Sep 21 15:52:36 UTC 2020 /home/travis/build/icyphy/ptII/ptolemy/actor/lib/test/auto/ConstraintMonitor7.xml
----------------- Instantiating /home/travis/build/icyphy/ptII/ptolemy/actor/lib/test/auto/ConstraintMonitor7.xml
3 ms. Memory: 282624K Free: 89385K (32%)
----------------- Invoking toplevel() on ptolemy.moml.MoMLSimpleApplication@7a2aa694
----------------- Done invoking toplevel() on ptolemy.moml.MoMLSimpleApplication@7a2aa694
reloadAllAccessors: .ConstraintMonitor7

===========================================================================================
----------------- testing Mon Sep 21 15:52:36 UTC 2020 /home/travis/build/icyphy/ptII/ptolemy/actor/lib/test/auto/ConstraintMonitor8.xml
----------------- Instantiating /home/travis/build/icyphy/ptII/ptolemy/actor/lib/test/auto/ConstraintMonitor8.xml
7 ms. Memory: 282624K Free: 82217K (29%)
----------------- Invoking toplevel() on ptolemy.moml.MoMLSimpleApplication@23579dc7
----------------- Done invoking toplevel() on ptolemy.moml.MoMLSimpleApplication@23579dc7
reloadAllAccessors: .ConstraintMonitor8

===========================================================================================
----------------- testing Mon Sep 21 15:52:37 UTC 2020 /home/travis/build/icyphy/ptII/ptolemy/actor/lib/test/auto/Counter.xml
----------------- Instantiating /home/travis/build/icyphy/ptII/ptolemy/actor/lib/test/auto/Counter.xml
2 ms. Memory: 282624K Free: 77097K (27%)
----------------- Invoking toplevel() on ptolemy.moml.MoMLSimpleApplication@6f6dc62c
----------------- Done invoking toplevel() on ptolemy.moml.MoMLSimpleApplication@6f6dc62c
reloadAllAccessors: .Counter

===========================================================================================
----------------- testing Mon Sep 21 15:52:37 UTC 2020 /home/travis/build/icyphy/ptII/ptolemy/actor/lib/test/auto/CurrentTimeSDF.xml
----------------- Instantiating /home/travis/build/icyphy/ptII/ptolemy/actor/lib/test/auto/CurrentTimeSDF.xml
1 ms. Memory: 282624K Free: 73001K (26%)
----------------- Invoking toplevel() on ptolemy.moml.MoMLSimpleApplication@4a190a28
----------------- Done invoking toplevel() on ptolemy.moml.MoMLSimpleApplication@4a190a28
reloadAllAccessors: .CurrentTimeSDF

===========================================================================================
----------------- testing Mon Sep 21 15:52:37 UTC 2020 /home/travis/build/icyphy/ptII/ptolemy/actor/lib/test/auto/DB.xml
----------------- Instantiating /home/travis/build/icyphy/ptII/ptolemy/actor/lib/test/auto/DB.xml
2 ms. Memory: 282624K Free: 67881K (24%)
----------------- Invoking toplevel() on ptolemy.moml.MoMLSimpleApplication@703ba49c
----------------- Done invoking toplevel() on ptolemy.moml.MoMLSimpleApplication@703ba49c
reloadAllAccessors: .DB

===========================================================================================
----------------- testing Mon Sep 21 15:52:37 UTC 2020 /home/travis/build/icyphy/ptII/ptolemy/actor/lib/test/auto/DBDE.xml
----------------- Instantiating /home/travis/build/icyphy/ptII/ptolemy/actor/lib/test/auto/DBDE.xml
3 ms. Memory: 416768K Free: 361791K (87%)
----------------- Invoking toplevel() on ptolemy.moml.MoMLSimpleApplication@27e27813
----------------- Done invoking toplevel() on ptolemy.moml.MoMLSimpleApplication@27e27813
reloadAllAccessors: .DBDE

===========================================================================================
----------------- testing Mon Sep 21 15:52:37 UTC 2020 /home/travis/build/icyphy/ptII/ptolemy/actor/lib/test/auto/DateConstructor.xml
----------------- Instantiating /home/travis/build/icyphy/ptII/ptolemy/actor/lib/test/auto/DateConstructor.xml
34 ms. Memory: 416768K Free: 343869K (83%)
----------------- Invoking toplevel() on ptolemy.moml.MoMLSimpleApplication@2b6e06eb
----------------- Done invoking toplevel() on ptolemy.moml.MoMLSimpleApplication@2b6e06eb
reloadAllAccessors: .DateConstructor

===========================================================================================
----------------- testing Mon Sep 21 15:52:37 UTC 2020 /home/travis/build/icyphy/ptII/ptolemy/actor/lib/test/auto/DelayTime.xml
----------------- Instantiating /home/travis/build/icyphy/ptII/ptolemy/actor/lib/test/auto/DelayTime.xml
7 ms. Memory: 416768K Free: 339263K (81%)
----------------- Invoking toplevel() on ptolemy.moml.MoMLSimpleApplication@125c46df
----------------- Done invoking toplevel() on ptolemy.moml.MoMLSimpleApplication@125c46df
reloadAllAccessors: .DelayTime

===========================================================================================
----------------- testing Mon Sep 21 15:52:37 UTC 2020 /home/travis/build/icyphy/ptII/ptolemy/actor/lib/test/auto/Dictionary1.xml
----------------- Instantiating /home/travis/build/icyphy/ptII/ptolemy/actor/lib/test/auto/Dictionary1.xml
6 ms. Memory: 416768K Free: 333629K (80%)
----------------- Invoking toplevel() on ptolemy.moml.MoMLSimpleApplication@32134ab
----------------- Done invoking toplevel() on ptolemy.moml.MoMLSimpleApplication@32134ab
reloadAllAccessors: .Dictionary1

===========================================================================================
----------------- testing Mon Sep 21 15:52:37 UTC 2020 /home/travis/build/icyphy/ptII/ptolemy/actor/lib/test/auto/Dictionary2.xml
----------------- Instantiating /home/travis/build/icyphy/ptII/ptolemy/actor/lib/test/auto/Dictionary2.xml
5 ms. Memory: 416768K Free: 327999K (79%)
----------------- Invoking toplevel() on ptolemy.moml.MoMLSimpleApplication@387b2ece
----------------- Done invoking toplevel() on ptolemy.moml.MoMLSimpleApplication@387b2ece
reloadAllAccessors: .Dictionary2

===========================================================================================
----------------- testing Mon Sep 21 15:52:37 UTC 2020 /home/travis/build/icyphy/ptII/ptolemy/actor/lib/test/auto/Dictionary3.xml
----------------- Instantiating /home/travis/build/icyphy/ptII/ptolemy/actor/lib/test/auto/Dictionary3.xml
1 ms. Memory: 416768K Free: 322879K (77%)
----------------- Invoking toplevel() on ptolemy.moml.MoMLSimpleApplication@16571e94
----------------- Done invoking toplevel() on ptolemy.moml.MoMLSimpleApplication@16571e94
reloadAllAccessors: .Dictionary3

===========================================================================================
----------------- testing Mon Sep 21 15:52:37 UTC 2020 /home/travis/build/icyphy/ptII/ptolemy/actor/lib/test/auto/Dictionary4.xml
----------------- Instantiating /home/travis/build/icyphy/ptII/ptolemy/actor/lib/test/auto/Dictionary4.xml
4 ms. Memory: 416768K Free: 315711K (76%)
----------------- Invoking toplevel() on ptolemy.moml.MoMLSimpleApplication@4d7a0217
----------------- Done invoking toplevel() on ptolemy.moml.MoMLSimpleApplication@4d7a0217
reloadAllAccessors: .Dictionary4

===========================================================================================
----------------- testing Mon Sep 21 15:52:37 UTC 2020 /home/travis/build/icyphy/ptII/ptolemy/actor/lib/test/auto/Differential.xml
----------------- Instantiating /home/travis/build/icyphy/ptII/ptolemy/actor/lib/test/auto/Differential.xml
3 ms. Memory: 416768K Free: 311101K (75%)
----------------- Invoking toplevel() on ptolemy.moml.MoMLSimpleApplication@631f75f1
----------------- Done invoking toplevel() on ptolemy.moml.MoMLSimpleApplication@631f75f1
reloadAllAccessors: .Differential

===========================================================================================
----------------- testing Mon Sep 21 15:52:37 UTC 2020 /home/travis/build/icyphy/ptII/ptolemy/actor/lib/test/auto/Director.xml
----------------- Instantiating /home/travis/build/icyphy/ptII/ptolemy/actor/lib/test/auto/Director.xml
2 ms. Memory: 416768K Free: 308029K (74%)
----------------- Invoking toplevel() on ptolemy.moml.MoMLSimpleApplication@4b38b02b
----------------- Done invoking toplevel() on ptolemy.moml.MoMLSimpleApplication@4b38b02b
reloadAllAccessors: .Director

===========================================================================================
----------------- testing Mon Sep 21 15:52:37 UTC 2020 /home/travis/build/icyphy/ptII/ptolemy/actor/lib/test/auto/DiscreteClock.xml
----------------- Instantiating /home/travis/build/icyphy/ptII/ptolemy/actor/lib/test/auto/DiscreteClock.xml
1 ms. Memory: 416768K Free: 303933K (73%)
----------------- Invoking toplevel() on ptolemy.moml.MoMLSimpleApplication@11e20ee
----------------- Done invoking toplevel() on ptolemy.moml.MoMLSimpleApplication@11e20ee
reloadAllAccessors: .DiscreteClock

===========================================================================================
----------------- testing Mon Sep 21 15:52:37 UTC 2020 /home/travis/build/icyphy/ptII/ptolemy/actor/lib/test/auto/DiscreteClock10.xml
----------------- Instantiating /home/travis/build/icyphy/ptII/ptolemy/actor/lib/test/auto/DiscreteClock10.xml
8 ms. Memory: 416768K Free: 297789K (71%)
----------------- Invoking toplevel() on ptolemy.moml.MoMLSimpleApplication@118bb17f
----------------- Done invoking toplevel() on ptolemy.moml.MoMLSimpleApplication@118bb17f
reloadAllAccessors: .DiscreteClock10

===========================================================================================
----------------- testing Mon Sep 21 15:52:37 UTC 2020 /home/travis/build/icyphy/ptII/ptolemy/actor/lib/test/auto/DiscreteClock11.xml
----------------- Instantiating /home/travis/build/icyphy/ptII/ptolemy/actor/lib/test/auto/DiscreteClock11.xml
2 ms. Memory: 416768K Free: 291645K (70%)
----------------- Invoking toplevel() on ptolemy.moml.MoMLSimpleApplication@4858b816
----------------- Done invoking toplevel() on ptolemy.moml.MoMLSimpleApplication@4858b816
reloadAllAccessors: .DiscreteClock11

===========================================================================================
----------------- testing Mon Sep 21 15:52:37 UTC 2020 /home/travis/build/icyphy/ptII/ptolemy/actor/lib/test/auto/DiscreteClock12.xml
----------------- Instantiating /home/travis/build/icyphy/ptII/ptolemy/actor/lib/test/auto/DiscreteClock12.xml
4 ms. Memory: 416768K Free: 286015K (69%)
----------------- Invoking toplevel() on ptolemy.moml.MoMLSimpleApplication@78cbffae
----------------- Done invoking toplevel() on ptolemy.moml.MoMLSimpleApplication@78cbffae
reloadAllAccessors: .DiscreteClock12

===========================================================================================
----------------- testing Mon Sep 21 15:52:37 UTC 2020 /home/travis/build/icyphy/ptII/ptolemy/actor/lib/test/auto/DiscreteClock13.xml
----------------- Instantiating /home/travis/build/icyphy/ptII/ptolemy/actor/lib/test/auto/DiscreteClock13.xml
8 ms. Memory: 416768K Free: 279871K (67%)
----------------- Invoking toplevel() on ptolemy.moml.MoMLSimpleApplication@2ed717f6
----------------- Done invoking toplevel() on ptolemy.moml.MoMLSimpleApplication@2ed717f6
reloadAllAccessors: .DiscreteClock13

===========================================================================================
----------------- testing Mon Sep 21 15:52:37 UTC 2020 /home/travis/build/icyphy/ptII/ptolemy/actor/lib/test/auto/DiscreteClock14.xml
----------------- Instantiating /home/travis/build/icyphy/ptII/ptolemy/actor/lib/test/auto/DiscreteClock14.xml
6 ms. Memory: 416768K Free: 273727K (66%)
----------------- Invoking toplevel() on ptolemy.moml.MoMLSimpleApplication@1e67483c
----------------- Done invoking toplevel() on ptolemy.moml.MoMLSimpleApplication@1e67483c
reloadAllAccessors: .DiscreteClock14

===========================================================================================
----------------- testing Mon Sep 21 15:52:37 UTC 2020 /home/travis/build/icyphy/ptII/ptolemy/actor/lib/test/auto/DiscreteClock15.xml
----------------- Instantiating /home/travis/build/icyphy/ptII/ptolemy/actor/lib/test/auto/DiscreteClock15.xml
6 ms. Memory: 416768K Free: 267583K (64%)
----------------- Invoking toplevel() on ptolemy.moml.MoMLSimpleApplication@57fe0b4f
----------------- Done invoking toplevel() on ptolemy.moml.MoMLSimpleApplication@57fe0b4f
reloadAllAccessors: .DiscreteClock15

===========================================================================================
----------------- testing Mon Sep 21 15:52:37 UTC 2020 /home/travis/build/icyphy/ptII/ptolemy/actor/lib/test/auto/DiscreteClock16.xml
----------------- Instantiating /home/travis/build/icyphy/ptII/ptolemy/actor/lib/test/auto/DiscreteClock16.xml
19 ms. Memory: 416768K Free: 254271K (61%)
----------------- Invoking toplevel() on ptolemy.moml.MoMLSimpleApplication@eaf5838
----------------- Done invoking toplevel() on ptolemy.moml.MoMLSimpleApplication@eaf5838
reloadAllAccessors: .DiscreteClock16

===========================================================================================
----------------- testing Mon Sep 21 15:52:37 UTC 2020 /home/travis/build/icyphy/ptII/ptolemy/actor/lib/test/auto/DiscreteClock17.xml
----------------- Instantiating /home/travis/build/icyphy/ptII/ptolemy/actor/lib/test/auto/DiscreteClock17.xml
21 ms. Memory: 416768K Free: 239391K (57%)
----------------- Invoking toplevel() on ptolemy.moml.MoMLSimpleApplication@74bea98a
----------------- Done invoking toplevel() on ptolemy.moml.MoMLSimpleApplication@74bea98a
reloadAllAccessors: .DiscreteClock17

===========================================================================================
----------------- testing Mon Sep 21 15:52:37 UTC 2020 /home/travis/build/icyphy/ptII/ptolemy/actor/lib/test/auto/DiscreteClock18.xml
----------------- Instantiating /home/travis/build/icyphy/ptII/ptolemy/actor/lib/test/auto/DiscreteClock18.xml
25 ms. Memory: 416768K Free: 225599K (54%)
----------------- Invoking toplevel() on ptolemy.moml.MoMLSimpleApplication@30008267
----------------- Done invoking toplevel() on ptolemy.moml.MoMLSimpleApplication@30008267
reloadAllAccessors: .DiscreteClock18

===========================================================================================
----------------- testing Mon Sep 21 15:52:37 UTC 2020 /home/travis/build/icyphy/ptII/ptolemy/actor/lib/test/auto/DiscreteClock19.xml
----------------- Instantiating /home/travis/build/icyphy/ptII/ptolemy/actor/lib/test/auto/DiscreteClock19.xml
27 ms. Memory: 416768K Free: 211759K (51%)
----------------- Invoking toplevel() on ptolemy.moml.MoMLSimpleApplication@265468c3
----------------- Done invoking toplevel() on ptolemy.moml.MoMLSimpleApplication@265468c3
reloadAllAccessors: .DiscreteClock19

===========================================================================================
----------------- testing Mon Sep 21 15:52:37 UTC 2020 /home/travis/build/icyphy/ptII/ptolemy/actor/lib/test/auto/DiscreteClock2.xml
----------------- Instantiating /home/travis/build/icyphy/ptII/ptolemy/actor/lib/test/auto/DiscreteClock2.xml
4 ms. Memory: 416768K Free: 207167K (50%)
----------------- Invoking toplevel() on ptolemy.moml.MoMLSimpleApplication@6d8656e8
----------------- Done invoking toplevel() on ptolemy.moml.MoMLSimpleApplication@6d8656e8
reloadAllAccessors: .DiscreteClock2

===========================================================================================
----------------- testing Mon Sep 21 15:52:37 UTC 2020 /home/travis/build/icyphy/ptII/ptolemy/actor/lib/test/auto/DiscreteClock20.xml
----------------- Instantiating /home/travis/build/icyphy/ptII/ptolemy/actor/lib/test/auto/DiscreteClock20.xml
8 ms. Memory: 416768K Free: 201023K (48%)
----------------- Invoking toplevel() on ptolemy.moml.MoMLSimpleApplication@3796b038
----------------- Done invoking toplevel() on ptolemy.moml.MoMLSimpleApplication@3796b038
reloadAllAccessors: .DiscreteClock20

===========================================================================================
----------------- testing Mon Sep 21 15:52:37 UTC 2020 /home/travis/build/icyphy/ptII/ptolemy/actor/lib/test/auto/DiscreteClock21.xml
----------------- Instantiating /home/travis/build/icyphy/ptII/ptolemy/actor/lib/test/auto/DiscreteClock21.xml
5 ms. Memory: 416768K Free: 195389K (47%)
----------------- Invoking toplevel() on ptolemy.moml.MoMLSimpleApplication@457269da
----------------- Done invoking toplevel() on ptolemy.moml.MoMLSimpleApplication@457269da
reloadAllAccessors: .DiscreteClock21

===========================================================================================
----------------- testing Mon Sep 21 15:52:37 UTC 2020 /home/travis/build/icyphy/ptII/ptolemy/actor/lib/test/auto/DiscreteClock22.xml
----------------- Instantiating /home/travis/build/icyphy/ptII/ptolemy/actor/lib/test/auto/DiscreteClock22.xml
7 ms. Memory: 416768K Free: 189759K (46%)
----------------- Invoking toplevel() on ptolemy.moml.MoMLSimpleApplication@7a67dfc9
----------------- Done invoking toplevel() on ptolemy.moml.MoMLSimpleApplication@7a67dfc9
reloadAllAccessors: .DiscreteClock22

===========================================================================================
----------------- testing Mon Sep 21 15:52:37 UTC 2020 /home/travis/build/icyphy/ptII/ptolemy/actor/lib/test/auto/DiscreteClock23.xml
----------------- Instantiating /home/travis/build/icyphy/ptII/ptolemy/actor/lib/test/auto/DiscreteClock23.xml
12 ms. Memory: 416768K Free: 184639K (44%)
----------------- Invoking toplevel() on ptolemy.moml.MoMLSimpleApplication@1285fc63
----------------- Done invoking toplevel() on ptolemy.moml.MoMLSimpleApplication@1285fc63
reloadAllAccessors: .DiscreteClock23

===========================================================================================
----------------- testing Mon Sep 21 15:52:37 UTC 2020 /home/travis/build/icyphy/ptII/ptolemy/actor/lib/test/auto/DiscreteClock24.xml
----------------- Instantiating /home/travis/build/icyphy/ptII/ptolemy/actor/lib/test/auto/DiscreteClock24.xml
5 ms. Memory: 416768K Free: 179005K (43%)
----------------- Invoking toplevel() on ptolemy.moml.MoMLSimpleApplication@285eb0bb
----------------- Done invoking toplevel() on ptolemy.moml.MoMLSimpleApplication@285eb0bb
reloadAllAccessors: .DiscreteClock24

===========================================================================================
----------------- testing Mon Sep 21 15:52:37 UTC 2020 /home/travis/build/icyphy/ptII/ptolemy/actor/lib/test/auto/DiscreteClock4.xml
----------------- Instantiating /home/travis/build/icyphy/ptII/ptolemy/actor/lib/test/auto/DiscreteClock4.xml
4 ms. Memory: 416768K Free: 173375K (42%)
----------------- Invoking toplevel() on ptolemy.moml.MoMLSimpleApplication@12f074df
----------------- Done invoking toplevel() on ptolemy.moml.MoMLSimpleApplication@12f074df
reloadAllAccessors: .DiscreteClock4

===========================================================================================
----------------- testing Mon Sep 21 15:52:37 UTC 2020 /home/travis/build/icyphy/ptII/ptolemy/actor/lib/test/auto/DiscreteClock5.xml
----------------- Instantiating /home/travis/build/icyphy/ptII/ptolemy/actor/lib/test/auto/DiscreteClock5.xml
2 ms. Memory: 416768K Free: 167741K (40%)
----------------- Invoking toplevel() on ptolemy.moml.MoMLSimpleApplication@42c5984e
----------------- Done invoking toplevel() on ptolemy.moml.MoMLSimpleApplication@42c5984e
reloadAllAccessors: .DiscreteClock5

===========================================================================================
----------------- testing Mon Sep 21 15:52:37 UTC 2020 /home/travis/build/icyphy/ptII/ptolemy/actor/lib/test/auto/DiscreteClock6.xml
----------------- Instantiating /home/travis/build/icyphy/ptII/ptolemy/actor/lib/test/auto/DiscreteClock6.xml
2 ms. Memory: 416768K Free: 163645K (39%)
----------------- Invoking toplevel() on ptolemy.moml.MoMLSimpleApplication@4981be06
----------------- Done invoking toplevel() on ptolemy.moml.MoMLSimpleApplication@4981be06
reloadAllAccessors: .DiscreteClock6

===========================================================================================
----------------- testing Mon Sep 21 15:52:38 UTC 2020 /home/travis/build/icyphy/ptII/ptolemy/actor/lib/test/auto/DiscreteClock7.xml
----------------- Instantiating /home/travis/build/icyphy/ptII/ptolemy/actor/lib/test/auto/DiscreteClock7.xml
2 ms. Memory: 416768K Free: 158525K (38%)
----------------- Invoking toplevel() on ptolemy.moml.MoMLSimpleApplication@93f4343
----------------- Done invoking toplevel() on ptolemy.moml.MoMLSimpleApplication@93f4343
reloadAllAccessors: .DiscreteClock7

===========================================================================================
----------------- testing Mon Sep 21 15:52:38 UTC 2020 /home/travis/build/icyphy/ptII/ptolemy/actor/lib/test/auto/DiscreteClock8.xml
----------------- Instantiating /home/travis/build/icyphy/ptII/ptolemy/actor/lib/test/auto/DiscreteClock8.xml
7 ms. Memory: 416768K Free: 152895K (37%)
----------------- Invoking toplevel() on ptolemy.moml.MoMLSimpleApplication@2bc884f4
----------------- Done invoking toplevel() on ptolemy.moml.MoMLSimpleApplication@2bc884f4
reloadAllAccessors: .DiscreteClock8

===========================================================================================
----------------- testing Mon Sep 21 15:52:38 UTC 2020 /home/travis/build/icyphy/ptII/ptolemy/actor/lib/test/auto/DiscreteClock9.xml
----------------- Instantiating /home/travis/build/icyphy/ptII/ptolemy/actor/lib/test/auto/DiscreteClock9.xml
6 ms. Memory: 416768K Free: 146751K (35%)
----------------- Invoking toplevel() on ptolemy.moml.MoMLSimpleApplication@5f6c64fd
----------------- Done invoking toplevel() on ptolemy.moml.MoMLSimpleApplication@5f6c64fd
reloadAllAccessors: .DiscreteClock9

===========================================================================================
----------------- testing Mon Sep 21 15:52:38 UTC 2020 /home/travis/build/icyphy/ptII/ptolemy/actor/lib/test/auto/DisplayArray.xml
----------------- Instantiating /home/travis/build/icyphy/ptII/ptolemy/actor/lib/test/auto/DisplayArray.xml
2 ms. Memory: 416768K Free: 143165K (34%)
----------------- Invoking toplevel() on ptolemy.moml.MoMLSimpleApplication@7a6df8e8
----------------- Done invoking toplevel() on ptolemy.moml.MoMLSimpleApplication@7a6df8e8
reloadAllAccessors: .DisplayArray

===========================================================================================
----------------- testing Mon Sep 21 15:52:38 UTC 2020 /home/travis/build/icyphy/ptII/ptolemy/actor/lib/test/auto/Distributor.xml
----------------- Instantiating /home/travis/build/icyphy/ptII/ptolemy/actor/lib/test/auto/Distributor.xml
1 ms. Memory: 416768K Free: 365271K (88%)
----------------- Invoking toplevel() on ptolemy.moml.MoMLSimpleApplication@26ec778f
----------------- Done invoking toplevel() on ptolemy.moml.MoMLSimpleApplication@26ec778f
reloadAllAccessors: .Distributor

===========================================================================================
----------------- testing Mon Sep 21 15:52:38 UTC 2020 /home/travis/build/icyphy/ptII/ptolemy/actor/lib/test/auto/Distributor2.xml
----------------- Instantiating /home/travis/build/icyphy/ptII/ptolemy/actor/lib/test/auto/Distributor2.xml
2 ms. Memory: 416768K Free: 360679K (87%)
----------------- Invoking toplevel() on ptolemy.moml.MoMLSimpleApplication@7b95bd7e
----------------- Done invoking toplevel() on ptolemy.moml.MoMLSimpleApplication@7b95bd7e
reloadAllAccessors: .Distributor2

===========================================================================================
----------------- testing Mon Sep 21 15:52:38 UTC 2020 /home/travis/build/icyphy/ptII/ptolemy/actor/lib/test/auto/DownSample.xml
----------------- Instantiating /home/travis/build/icyphy/ptII/ptolemy/actor/lib/test/auto/DownSample.xml
2 ms. Memory: 416768K Free: 356069K (85%)
----------------- Invoking toplevel() on ptolemy.moml.MoMLSimpleApplication@4c2ff208
----------------- Done invoking toplevel() on ptolemy.moml.MoMLSimpleApplication@4c2ff208
reloadAllAccessors: .DownSample

===========================================================================================
----------------- testing Mon Sep 21 15:52:38 UTC 2020 /home/travis/build/icyphy/ptII/ptolemy/actor/lib/test/auto/ElectronicUnitBase1.xml
----------------- Instantiating /home/travis/build/icyphy/ptII/ptolemy/actor/lib/test/auto/ElectronicUnitBase1.xml
21 ms. Memory: 416768K Free: 340199K (82%)
----------------- Invoking toplevel() on ptolemy.moml.MoMLSimpleApplication@d9c5966
----------------- Done invoking toplevel() on ptolemy.moml.MoMLSimpleApplication@d9c5966
reloadAllAccessors: .ElectronicUnitBase1

===========================================================================================
----------------- testing Mon Sep 21 15:52:38 UTC 2020 /home/travis/build/icyphy/ptII/ptolemy/actor/lib/test/auto/ElementsToArray.xml
----------------- Instantiating /home/travis/build/icyphy/ptII/ptolemy/actor/lib/test/auto/ElementsToArray.xml
2 ms. Memory: 416768K Free: 334565K (80%)
----------------- Invoking toplevel() on ptolemy.moml.MoMLSimpleApplication@71985842
----------------- Done invoking toplevel() on ptolemy.moml.MoMLSimpleApplication@71985842
reloadAllAccessors: .ElementsToArray

===========================================================================================
----------------- testing Mon Sep 21 15:52:38 UTC 2020 /home/travis/build/icyphy/ptII/ptolemy/actor/lib/test/auto/Equals.xml
----------------- Instantiating /home/travis/build/icyphy/ptII/ptolemy/actor/lib/test/auto/Equals.xml
5 ms. Memory: 416768K Free: 329959K (79%)
----------------- Invoking toplevel() on ptolemy.moml.MoMLSimpleApplication@d4f8e01
----------------- Done invoking toplevel() on ptolemy.moml.MoMLSimpleApplication@d4f8e01
reloadAllAccessors: .Equals

===========================================================================================
----------------- testing Mon Sep 21 15:52:38 UTC 2020 /home/travis/build/icyphy/ptII/ptolemy/actor/lib/test/auto/Exec.xml
----------------- Instantiating /home/travis/build/icyphy/ptII/ptolemy/actor/lib/test/auto/Exec.xml
20 ms. Memory: 416768K Free: 324325K (78%)
----------------- Invoking toplevel() on ptolemy.moml.MoMLSimpleApplication@1ac8ac2a
----------------- Done invoking toplevel() on ptolemy.moml.MoMLSimpleApplication@1ac8ac2a
reloadAllAccessors: .Exec

===========================================================================================
----------------- testing Mon Sep 21 15:52:38 UTC 2020 /home/travis/build/icyphy/ptII/ptolemy/actor/lib/test/auto/ExecEnvironment.xml
----------------- Instantiating /home/travis/build/icyphy/ptII/ptolemy/actor/lib/test/auto/ExecEnvironment.xml
39 ms. Memory: 416768K Free: 318181K (76%)
----------------- Invoking toplevel() on ptolemy.moml.MoMLSimpleApplication@1d69ed78
----------------- Done invoking toplevel() on ptolemy.moml.MoMLSimpleApplication@1d69ed78
reloadAllAccessors: .ExecEnvironment

===========================================================================================
----------------- testing Mon Sep 21 15:52:38 UTC 2020 /home/travis/build/icyphy/ptII/ptolemy/actor/lib/test/auto/ExecNonZeroReturnOutput.xml
----------------- Instantiating /home/travis/build/icyphy/ptII/ptolemy/actor/lib/test/auto/ExecNonZeroReturnOutput.xml
191 ms. Memory: 416768K Free: 305893K (73%)
----------------- Invoking toplevel() on ptolemy.moml.MoMLSimpleApplication@698cc989
----------------- Done invoking toplevel() on ptolemy.moml.MoMLSimpleApplication@698cc989
reloadAllAccessors: .ExecNonZeroReturnOutput

===========================================================================================
----------------- testing Mon Sep 21 15:52:38 UTC 2020 /home/travis/build/icyphy/ptII/ptolemy/actor/lib/test/auto/ExecRunDemos.xml
----------------- Instantiating /home/travis/build/icyphy/ptII/ptolemy/actor/lib/test/auto/ExecRunDemos.xml
Finished: 89 ms. Memory: 129024K Free: 112258K (87%)

Finished: 94 ms. Memory: 129024K Free: 109409K (85%)

Finished: 102 ms. Memory: 129024K Free: 109743K (85%)

Finished: 85 ms. Memory: 129024K Free: 111089K (86%)

Finished: 94 ms. Memory: 129024K Free: 111910K (87%)

11795 ms. Memory: 416768K Free: 284901K (68%)
----------------- Invoking toplevel() on ptolemy.moml.MoMLSimpleApplication@6b893585
----------------- Done invoking toplevel() on ptolemy.moml.MoMLSimpleApplication@6b893585
reloadAllAccessors: .ExecRunDemos

===========================================================================================
----------------- testing Mon Sep 21 15:52:50 UTC 2020 /home/travis/build/icyphy/ptII/ptolemy/actor/lib/test/auto/ExecStop.xml
----------------- Instantiating /home/travis/build/icyphy/ptII/ptolemy/actor/lib/test/auto/ExecStop.xml
5020 ms. Memory: 416768K Free: 170725K (41%)
----------------- Invoking toplevel() on ptolemy.moml.MoMLSimpleApplication@4583a281
----------------- Done invoking toplevel() on ptolemy.moml.MoMLSimpleApplication@4583a281
reloadAllAccessors: .ExecStop

===========================================================================================
----------------- testing Mon Sep 21 15:52:55 UTC 2020 /home/travis/build/icyphy/ptII/ptolemy/actor/lib/test/auto/ExecutionTimeSDF.xml
----------------- Instantiating /home/travis/build/icyphy/ptII/ptolemy/actor/lib/test/auto/ExecutionTimeSDF.xml
Fired ExecutionTime: -967767296
Fired ExecutionTime: 1282800000
Fired ExecutionTime: -74167296
6007 ms. Memory: 416768K Free: 158437K (38%)

===========================================================================================
----------------- testing Mon Sep 21 15:53:01 UTC 2020 /home/travis/build/icyphy/ptII/ptolemy/actor/lib/test/auto/Expression1.xml
----------------- Instantiating /home/travis/build/icyphy/ptII/ptolemy/actor/lib/test/auto/Expression1.xml
2 ms. Memory: 416768K Free: 153831K (37%)
----------------- Invoking toplevel() on ptolemy.moml.MoMLSimpleApplication@14b1ba6e
----------------- Done invoking toplevel() on ptolemy.moml.MoMLSimpleApplication@14b1ba6e
reloadAllAccessors: .Expression1

===========================================================================================
----------------- testing Mon Sep 21 15:53:01 UTC 2020 /home/travis/build/icyphy/ptII/ptolemy/actor/lib/test/auto/Expression10.xml
----------------- Instantiating /home/travis/build/icyphy/ptII/ptolemy/actor/lib/test/auto/Expression10.xml
9 ms. Memory: 416768K Free: 148197K (36%)
----------------- Invoking toplevel() on ptolemy.moml.MoMLSimpleApplication@e4f6ff9
----------------- Done invoking toplevel() on ptolemy.moml.MoMLSimpleApplication@e4f6ff9
reloadAllAccessors: .Expression10

===========================================================================================
----------------- testing Mon Sep 21 15:53:01 UTC 2020 /home/travis/build/icyphy/ptII/ptolemy/actor/lib/test/auto/Expression11.xml
----------------- Instantiating /home/travis/build/icyphy/ptII/ptolemy/actor/lib/test/auto/Expression11.xml
10 ms. Memory: 416768K Free: 143591K (34%)
----------------- Invoking toplevel() on ptolemy.moml.MoMLSimpleApplication@249b3f41
----------------- Done invoking toplevel() on ptolemy.moml.MoMLSimpleApplication@249b3f41
reloadAllAccessors: .Expression11

===========================================================================================
----------------- testing Mon Sep 21 15:53:01 UTC 2020 /home/travis/build/icyphy/ptII/ptolemy/actor/lib/test/auto/Expression12.xml
----------------- Instantiating /home/travis/build/icyphy/ptII/ptolemy/actor/lib/test/auto/Expression12.xml
3 ms. Memory: 416768K Free: 137957K (33%)
----------------- Invoking toplevel() on ptolemy.moml.MoMLSimpleApplication@302da95c
----------------- Done invoking toplevel() on ptolemy.moml.MoMLSimpleApplication@302da95c
reloadAllAccessors: .Expression12

===========================================================================================
----------------- testing Mon Sep 21 15:53:01 UTC 2020 /home/travis/build/icyphy/ptII/ptolemy/actor/lib/test/auto/Expression13.xml
----------------- Instantiating /home/travis/build/icyphy/ptII/ptolemy/actor/lib/test/auto/Expression13.xml
4 ms. Memory: 416768K Free: 132837K (32%)
----------------- Invoking toplevel() on ptolemy.moml.MoMLSimpleApplication@47f5ddda
----------------- Done invoking toplevel() on ptolemy.moml.MoMLSimpleApplication@47f5ddda
reloadAllAccessors: .Expression13

===========================================================================================
----------------- testing Mon Sep 21 15:53:01 UTC 2020 /home/travis/build/icyphy/ptII/ptolemy/actor/lib/test/auto/Expression14.xml
----------------- Instantiating /home/travis/build/icyphy/ptII/ptolemy/actor/lib/test/auto/Expression14.xml
18 ms. Memory: 416768K Free: 127207K (31%)
----------------- Invoking toplevel() on ptolemy.moml.MoMLSimpleApplication@325b3deb
----------------- Done invoking toplevel() on ptolemy.moml.MoMLSimpleApplication@325b3deb
reloadAllAccessors: .Expression14

===========================================================================================
----------------- testing Mon Sep 21 15:53:01 UTC 2020 /home/travis/build/icyphy/ptII/ptolemy/actor/lib/test/auto/Expression15.xml
----------------- Instantiating /home/travis/build/icyphy/ptII/ptolemy/actor/lib/test/auto/Expression15.xml
4 ms. Memory: 416768K Free: 123111K (30%)
----------------- Invoking toplevel() on ptolemy.moml.MoMLSimpleApplication@6d4118f3
----------------- Done invoking toplevel() on ptolemy.moml.MoMLSimpleApplication@6d4118f3
reloadAllAccessors: .Expression15

===========================================================================================
----------------- testing Mon Sep 21 15:53:01 UTC 2020 /home/travis/build/icyphy/ptII/ptolemy/actor/lib/test/auto/Expression16.xml
----------------- Instantiating /home/travis/build/icyphy/ptII/ptolemy/actor/lib/test/auto/Expression16.xml
2 ms. Memory: 416768K Free: 363954K (87%)
----------------- Invoking toplevel() on ptolemy.moml.MoMLSimpleApplication@3ab74594
----------------- Done invoking toplevel() on ptolemy.moml.MoMLSimpleApplication@3ab74594
reloadAllAccessors: .Expression16

===========================================================================================
----------------- testing Mon Sep 21 15:53:01 UTC 2020 /home/travis/build/icyphy/ptII/ptolemy/actor/lib/test/auto/Expression17.xml
----------------- Instantiating /home/travis/build/icyphy/ptII/ptolemy/actor/lib/test/auto/Expression17.xml
5 ms. Memory: 416768K Free: 358834K (86%)
----------------- Invoking toplevel() on ptolemy.moml.MoMLSimpleApplication@1d3737bd
----------------- Done invoking toplevel() on ptolemy.moml.MoMLSimpleApplication@1d3737bd
reloadAllAccessors: .Expression17

===========================================================================================
----------------- testing Mon Sep 21 15:53:01 UTC 2020 /home/travis/build/icyphy/ptII/ptolemy/actor/lib/test/auto/Expression18.xml
----------------- Instantiating /home/travis/build/icyphy/ptII/ptolemy/actor/lib/test/auto/Expression18.xml
3 ms. Memory: 416768K Free: 353712K (85%)
----------------- Invoking toplevel() on ptolemy.moml.MoMLSimpleApplication@68437359
----------------- Done invoking toplevel() on ptolemy.moml.MoMLSimpleApplication@68437359
reloadAllAccessors: .Expression18

===========================================================================================
----------------- testing Mon Sep 21 15:53:01 UTC 2020 /home/travis/build/icyphy/ptII/ptolemy/actor/lib/test/auto/Expression2.xml
----------------- Instantiating /home/travis/build/icyphy/ptII/ptolemy/actor/lib/test/auto/Expression2.xml
3 ms. Memory: 416768K Free: 348594K (84%)
----------------- Invoking toplevel() on ptolemy.moml.MoMLSimpleApplication@4715d2cd
----------------- Done invoking toplevel() on ptolemy.moml.MoMLSimpleApplication@4715d2cd
reloadAllAccessors: .Expression2

===========================================================================================
----------------- testing Mon Sep 21 15:53:01 UTC 2020 /home/travis/build/icyphy/ptII/ptolemy/actor/lib/test/auto/Expression3.xml
----------------- Instantiating /home/travis/build/icyphy/ptII/ptolemy/actor/lib/test/auto/Expression3.xml
5 ms. Memory: 416768K Free: 343474K (82%)
----------------- Invoking toplevel() on ptolemy.moml.MoMLSimpleApplication@1bc8d4c8
----------------- Done invoking toplevel() on ptolemy.moml.MoMLSimpleApplication@1bc8d4c8
reloadAllAccessors: .Expression3

===========================================================================================
----------------- testing Mon Sep 21 15:53:01 UTC 2020 /home/travis/build/icyphy/ptII/ptolemy/actor/lib/test/auto/Expression4.xml
----------------- Instantiating /home/travis/build/icyphy/ptII/ptolemy/actor/lib/test/auto/Expression4.xml
3 ms. Memory: 416768K Free: 335792K (81%)
----------------- Invoking toplevel() on ptolemy.moml.MoMLSimpleApplication@7c7fa1f0
----------------- Done invoking toplevel() on ptolemy.moml.MoMLSimpleApplication@7c7fa1f0
reloadAllAccessors: .Expression4

===========================================================================================
----------------- testing Mon Sep 21 15:53:01 UTC 2020 /home/travis/build/icyphy/ptII/ptolemy/actor/lib/test/auto/Expression5.xml
----------------- Instantiating /home/travis/build/icyphy/ptII/ptolemy/actor/lib/test/auto/Expression5.xml
5 ms. Memory: 416768K Free: 331186K (79%)
----------------- Invoking toplevel() on ptolemy.moml.MoMLSimpleApplication@720b55a
----------------- Done invoking toplevel() on ptolemy.moml.MoMLSimpleApplication@720b55a
reloadAllAccessors: .Expression5

===========================================================================================
----------------- testing Mon Sep 21 15:53:01 UTC 2020 /home/travis/build/icyphy/ptII/ptolemy/actor/lib/test/auto/Expression6.xml
----------------- Instantiating /home/travis/build/icyphy/ptII/ptolemy/actor/lib/test/auto/Expression6.xml
2 ms. Memory: 416768K Free: 326576K (78%)
----------------- Invoking toplevel() on ptolemy.moml.MoMLSimpleApplication@badcaa2
----------------- Done invoking toplevel() on ptolemy.moml.MoMLSimpleApplication@badcaa2
reloadAllAccessors: .Expression6

===========================================================================================
----------------- testing Mon Sep 21 15:53:01 UTC 2020 /home/travis/build/icyphy/ptII/ptolemy/actor/lib/test/auto/Expression7.xml
----------------- Instantiating /home/travis/build/icyphy/ptII/ptolemy/actor/lib/test/auto/Expression7.xml
2 ms. Memory: 416768K Free: 321456K (77%)
----------------- Invoking toplevel() on ptolemy.moml.MoMLSimpleApplication@60d11bd4
----------------- Done invoking toplevel() on ptolemy.moml.MoMLSimpleApplication@60d11bd4
reloadAllAccessors: .Expression7

===========================================================================================
----------------- testing Mon Sep 21 15:53:01 UTC 2020 /home/travis/build/icyphy/ptII/ptolemy/actor/lib/test/auto/Expression8.xml
----------------- Instantiating /home/travis/build/icyphy/ptII/ptolemy/actor/lib/test/auto/Expression8.xml
8 ms. Memory: 416768K Free: 316336K (76%)
----------------- Invoking toplevel() on ptolemy.moml.MoMLSimpleApplication@4d0594b6
----------------- Done invoking toplevel() on ptolemy.moml.MoMLSimpleApplication@4d0594b6
reloadAllAccessors: .Expression8

===========================================================================================
----------------- testing Mon Sep 21 15:53:01 UTC 2020 /home/travis/build/icyphy/ptII/ptolemy/actor/lib/test/auto/Expression9.xml
----------------- Instantiating /home/travis/build/icyphy/ptII/ptolemy/actor/lib/test/auto/Expression9.xml
1 ms. Memory: 416768K Free: 312240K (75%)
----------------- Invoking toplevel() on ptolemy.moml.MoMLSimpleApplication@2f440424
----------------- Done invoking toplevel() on ptolemy.moml.MoMLSimpleApplication@2f440424
reloadAllAccessors: .Expression9

===========================================================================================
----------------- testing Mon Sep 21 15:53:01 UTC 2020 /home/travis/build/icyphy/ptII/ptolemy/actor/lib/test/auto/ExpressionConcatenateArrayType.xml
----------------- Instantiating /home/travis/build/icyphy/ptII/ptolemy/actor/lib/test/auto/ExpressionConcatenateArrayType.xml
4 ms. Memory: 416768K Free: 305586K (73%)
----------------- Invoking toplevel() on ptolemy.moml.MoMLSimpleApplication@e1e2e5e
----------------- Done invoking toplevel() on ptolemy.moml.MoMLSimpleApplication@e1e2e5e
reloadAllAccessors: .ExpressionConcatenateArrayType

===========================================================================================
----------------- testing Mon Sep 21 15:53:01 UTC 2020 /home/travis/build/icyphy/ptII/ptolemy/actor/lib/test/auto/ExpressionConcatenateArrayType2.xml
----------------- Instantiating /home/travis/build/icyphy/ptII/ptolemy/actor/lib/test/auto/ExpressionConcatenateArrayType2.xml
2 ms. Memory: 416768K Free: 300466K (72%)
----------------- Invoking toplevel() on ptolemy.moml.MoMLSimpleApplication@3e99ee69
----------------- Done invoking toplevel() on ptolemy.moml.MoMLSimpleApplication@3e99ee69
reloadAllAccessors: .ExpressionConcatenateArrayType2

===========================================================================================
----------------- testing Mon Sep 21 15:53:01 UTC 2020 /home/travis/build/icyphy/ptII/ptolemy/actor/lib/test/auto/ExpressionFix.xml
----------------- Instantiating /home/travis/build/icyphy/ptII/ptolemy/actor/lib/test/auto/ExpressionFix.xml
27 ms. Memory: 416768K Free: 293808K (70%)
----------------- Invoking toplevel() on ptolemy.moml.MoMLSimpleApplication@22efa395
----------------- Done invoking toplevel() on ptolemy.moml.MoMLSimpleApplication@22efa395
reloadAllAccessors: .ExpressionFix

===========================================================================================
----------------- testing Mon Sep 21 15:53:02 UTC 2020 /home/travis/build/icyphy/ptII/ptolemy/actor/lib/test/auto/ExpressionFix2.xml
----------------- Instantiating /home/travis/build/icyphy/ptII/ptolemy/actor/lib/test/auto/ExpressionFix2.xml
4 ms. Memory: 416768K Free: 289712K (70%)
----------------- Invoking toplevel() on ptolemy.moml.MoMLSimpleApplication@60b3ab93
----------------- Done invoking toplevel() on ptolemy.moml.MoMLSimpleApplication@60b3ab93
reloadAllAccessors: .ExpressionFix2

===========================================================================================
----------------- testing Mon Sep 21 15:53:02 UTC 2020 /home/travis/build/icyphy/ptII/ptolemy/actor/lib/test/auto/ExpressionFix3.xml
----------------- Instantiating /home/travis/build/icyphy/ptII/ptolemy/actor/lib/test/auto/ExpressionFix3.xml
2 ms. Memory: 416768K Free: 285106K (68%)
----------------- Invoking toplevel() on ptolemy.moml.MoMLSimpleApplication@38e35fcb
----------------- Done invoking toplevel() on ptolemy.moml.MoMLSimpleApplication@38e35fcb
reloadAllAccessors: .ExpressionFix3

===========================================================================================
----------------- testing Mon Sep 21 15:53:02 UTC 2020 /home/travis/build/icyphy/ptII/ptolemy/actor/lib/test/auto/FileWriter1.xml
----------------- Instantiating /home/travis/build/icyphy/ptII/ptolemy/actor/lib/test/auto/FileWriter1.xml
2 ms. Memory: 416768K Free: 281010K (67%)
----------------- Invoking toplevel() on ptolemy.moml.MoMLSimpleApplication@2134604a
----------------- Done invoking toplevel() on ptolemy.moml.MoMLSimpleApplication@2134604a
reloadAllAccessors: .FileWriter1

===========================================================================================
----------------- testing Mon Sep 21 15:53:02 UTC 2020 /home/travis/build/icyphy/ptII/ptolemy/actor/lib/test/auto/FileWriter2.xml
----------------- Instantiating /home/travis/build/icyphy/ptII/ptolemy/actor/lib/test/auto/FileWriter2.xml
6 ms. Memory: 416768K Free: 276386K (66%)
----------------- Invoking toplevel() on ptolemy.moml.MoMLSimpleApplication@7c2cbc03
----------------- Done invoking toplevel() on ptolemy.moml.MoMLSimpleApplication@7c2cbc03
reloadAllAccessors: .FileWriter2

===========================================================================================
----------------- testing Mon Sep 21 15:53:02 UTC 2020 /home/travis/build/icyphy/ptII/ptolemy/actor/lib/test/auto/FileWriter3.xml
----------------- Instantiating /home/travis/build/icyphy/ptII/ptolemy/actor/lib/test/auto/FileWriter3.xml
4 ms. Memory: 416768K Free: 272304K (65%)
----------------- Invoking toplevel() on ptolemy.moml.MoMLSimpleApplication@55748e24
----------------- Done invoking toplevel() on ptolemy.moml.MoMLSimpleApplication@55748e24
reloadAllAccessors: .FileWriter3

===========================================================================================
----------------- testing Mon Sep 21 15:53:02 UTC 2020 /home/travis/build/icyphy/ptII/ptolemy/actor/lib/test/auto/Gaussian.xml
----------------- Instantiating /home/travis/build/icyphy/ptII/ptolemy/actor/lib/test/auto/Gaussian.xml
3 ms. Memory: 416768K Free: 268208K (64%)
----------------- Invoking toplevel() on ptolemy.moml.MoMLSimpleApplication@28ca6c3f
----------------- Done invoking toplevel() on ptolemy.moml.MoMLSimpleApplication@28ca6c3f
reloadAllAccessors: .Gaussian

===========================================================================================
----------------- testing Mon Sep 21 15:53:02 UTC 2020 /home/travis/build/icyphy/ptII/ptolemy/actor/lib/test/auto/Gaussian1.xml
----------------- Instantiating /home/travis/build/icyphy/ptII/ptolemy/actor/lib/test/auto/Gaussian1.xml
11 ms. Memory: 416768K Free: 262578K (63%)
----------------- Invoking toplevel() on ptolemy.moml.MoMLSimpleApplication@5cf9cffc
----------------- Done invoking toplevel() on ptolemy.moml.MoMLSimpleApplication@5cf9cffc
reloadAllAccessors: .Gaussian1

===========================================================================================
----------------- testing Mon Sep 21 15:53:02 UTC 2020 /home/travis/build/icyphy/ptII/ptolemy/actor/lib/test/auto/Gaussian2.xml
----------------- Instantiating /home/travis/build/icyphy/ptII/ptolemy/actor/lib/test/auto/Gaussian2.xml
3 ms. Memory: 416768K Free: 256914K (62%)
----------------- Invoking toplevel() on ptolemy.moml.MoMLSimpleApplication@5491fd1f
----------------- Done invoking toplevel() on ptolemy.moml.MoMLSimpleApplication@5491fd1f
reloadAllAccessors: .Gaussian2

===========================================================================================
----------------- testing Mon Sep 21 15:53:02 UTC 2020 /home/travis/build/icyphy/ptII/ptolemy/actor/lib/test/auto/GradientAdaptiveLattice.xml
----------------- Instantiating /home/travis/build/icyphy/ptII/ptolemy/actor/lib/test/auto/GradientAdaptiveLattice.xml
3 ms. Memory: 416768K Free: 251824K (60%)
----------------- Invoking toplevel() on ptolemy.moml.MoMLSimpleApplication@be8ac23
----------------- Done invoking toplevel() on ptolemy.moml.MoMLSimpleApplication@be8ac23
reloadAllAccessors: .GradientAdaptiveLattice

===========================================================================================
----------------- testing Mon Sep 21 15:53:02 UTC 2020 /home/travis/build/icyphy/ptII/ptolemy/actor/lib/test/auto/IIR.xml
----------------- Instantiating /home/travis/build/icyphy/ptII/ptolemy/actor/lib/test/auto/IIR.xml
1 ms. Memory: 416768K Free: 247218K (59%)
----------------- Invoking toplevel() on ptolemy.moml.MoMLSimpleApplication@badd5e3
----------------- Done invoking toplevel() on ptolemy.moml.MoMLSimpleApplication@badd5e3
reloadAllAccessors: .IIR

===========================================================================================
----------------- testing Mon Sep 21 15:53:02 UTC 2020 /home/travis/build/icyphy/ptII/ptolemy/actor/lib/test/auto/InputOutputTransparentPorts.xml
----------------- Instantiating /home/travis/build/icyphy/ptII/ptolemy/actor/lib/test/auto/InputOutputTransparentPorts.xml
2 ms. Memory: 416768K Free: 239536K (57%)
----------------- Invoking toplevel() on ptolemy.moml.MoMLSimpleApplication@90c44fc
----------------- Done invoking toplevel() on ptolemy.moml.MoMLSimpleApplication@90c44fc
reloadAllAccessors: .InputOutputTransparentPorts

===========================================================================================
----------------- testing Mon Sep 21 15:53:02 UTC 2020 /home/travis/build/icyphy/ptII/ptolemy/actor/lib/test/auto/Interpolator.xml
----------------- Instantiating /home/travis/build/icyphy/ptII/ptolemy/actor/lib/test/auto/Interpolator.xml
5 ms. Memory: 416768K Free: 235426K (56%)
----------------- Invoking toplevel() on ptolemy.moml.MoMLSimpleApplication@4da91310
----------------- Done invoking toplevel() on ptolemy.moml.MoMLSimpleApplication@4da91310
reloadAllAccessors: .Interpolator

===========================================================================================
----------------- testing Mon Sep 21 15:53:02 UTC 2020 /home/travis/build/icyphy/ptII/ptolemy/actor/lib/test/auto/InterpolatorFiringLimitDE.xml
----------------- Instantiating /home/travis/build/icyphy/ptII/ptolemy/actor/lib/test/auto/InterpolatorFiringLimitDE.xml
2 ms. Memory: 416768K Free: 229296K (55%)
----------------- Invoking toplevel() on ptolemy.moml.MoMLSimpleApplication@58f225e6
----------------- Done invoking toplevel() on ptolemy.moml.MoMLSimpleApplication@58f225e6
reloadAllAccessors: .InterpolatorFiringLimitDE

===========================================================================================
----------------- testing Mon Sep 21 15:53:02 UTC 2020 /home/travis/build/icyphy/ptII/ptolemy/actor/lib/test/auto/Lattice.xml
----------------- Instantiating /home/travis/build/icyphy/ptII/ptolemy/actor/lib/test/auto/Lattice.xml
1 ms. Memory: 416768K Free: 225200K (54%)
----------------- Invoking toplevel() on ptolemy.moml.MoMLSimpleApplication@4601887d
----------------- Done invoking toplevel() on ptolemy.moml.MoMLSimpleApplication@4601887d
reloadAllAccessors: .Lattice

===========================================================================================
----------------- testing Mon Sep 21 15:53:02 UTC 2020 /home/travis/build/icyphy/ptII/ptolemy/actor/lib/test/auto/LazyAOCTestLazy.xml
----------------- Instantiating /home/travis/build/icyphy/ptII/ptolemy/actor/lib/test/auto/LazyAOCTestLazy.xml
21 ms. Memory: 416768K Free: 219570K (53%)
----------------- Invoking toplevel() on ptolemy.moml.MoMLSimpleApplication@34bf458e
----------------- Done invoking toplevel() on ptolemy.moml.MoMLSimpleApplication@34bf458e
reloadAllAccessors: .LazyAOCTestLazy

===========================================================================================
----------------- testing Mon Sep 21 15:53:02 UTC 2020 /home/travis/build/icyphy/ptII/ptolemy/actor/lib/test/auto/LazyAOCTestNonLazy.xml
----------------- Instantiating /home/travis/build/icyphy/ptII/ptolemy/actor/lib/test/auto/LazyAOCTestNonLazy.xml
3 ms. Memory: 416768K Free: 212912K (51%)
----------------- Invoking toplevel() on ptolemy.moml.MoMLSimpleApplication@22179c06
----------------- Done invoking toplevel() on ptolemy.moml.MoMLSimpleApplication@22179c06
reloadAllAccessors: .LazyAOCTestNonLazy

===========================================================================================
----------------- testing Mon Sep 21 15:53:02 UTC 2020 /home/travis/build/icyphy/ptII/ptolemy/actor/lib/test/auto/LazyInnerClass.xml
----------------- Instantiating /home/travis/build/icyphy/ptII/ptolemy/actor/lib/test/auto/LazyInnerClass.xml
20 ms. Memory: 416768K Free: 203696K (49%)
----------------- Invoking toplevel() on ptolemy.moml.MoMLSimpleApplication@2505b27e
----------------- Done invoking toplevel() on ptolemy.moml.MoMLSimpleApplication@2505b27e
reloadAllAccessors: .LazyInnerClass

===========================================================================================
----------------- testing Mon Sep 21 15:53:02 UTC 2020 /home/travis/build/icyphy/ptII/ptolemy/actor/lib/test/auto/LazyPubSub.xml
----------------- Instantiating /home/travis/build/icyphy/ptII/ptolemy/actor/lib/test/auto/LazyPubSub.xml
16 ms. Memory: 416768K Free: 193456K (46%)
----------------- Invoking toplevel() on ptolemy.moml.MoMLSimpleApplication@375e9355
----------------- Done invoking toplevel() on ptolemy.moml.MoMLSimpleApplication@375e9355
reloadAllAccessors: .LazyPubSub

===========================================================================================
----------------- testing Mon Sep 21 15:53:02 UTC 2020 /home/travis/build/icyphy/ptII/ptolemy/actor/lib/test/auto/LazyPubSub2.xml
----------------- Instantiating /home/travis/build/icyphy/ptII/ptolemy/actor/lib/test/auto/LazyPubSub2.xml
17 ms. Memory: 416768K Free: 183730K (44%)
----------------- Invoking toplevel() on ptolemy.moml.MoMLSimpleApplication@4a303cd6
----------------- Done invoking toplevel() on ptolemy.moml.MoMLSimpleApplication@4a303cd6
reloadAllAccessors: .LazyPubSub2

===========================================================================================
----------------- testing Mon Sep 21 15:53:02 UTC 2020 /home/travis/build/icyphy/ptII/ptolemy/actor/lib/test/auto/LazyPubSub3.xml
----------------- Instantiating /home/travis/build/icyphy/ptII/ptolemy/actor/lib/test/auto/LazyPubSub3.xml
16 ms. Memory: 416768K Free: 173490K (42%)
----------------- Invoking toplevel() on ptolemy.moml.MoMLSimpleApplication@490366e4
----------------- Done invoking toplevel() on ptolemy.moml.MoMLSimpleApplication@490366e4
reloadAllAccessors: .LazyPubSub3

===========================================================================================
----------------- testing Mon Sep 21 15:53:02 UTC 2020 /home/travis/build/icyphy/ptII/ptolemy/actor/lib/test/auto/LazySubClassModel.xml
----------------- Instantiating /home/travis/build/icyphy/ptII/ptolemy/actor/lib/test/auto/LazySubClassModel.xml
3 ms. Memory: 416768K Free: 164274K (39%)
----------------- Invoking toplevel() on ptolemy.moml.MoMLSimpleApplication@7ed8948b
----------------- Done invoking toplevel() on ptolemy.moml.MoMLSimpleApplication@7ed8948b
reloadAllAccessors: .LazySubClassModel

===========================================================================================
----------------- testing Mon Sep 21 15:53:02 UTC 2020 /home/travis/build/icyphy/ptII/ptolemy/actor/lib/test/auto/LevelCrossTest1.xml
----------------- Instantiating /home/travis/build/icyphy/ptII/ptolemy/actor/lib/test/auto/LevelCrossTest1.xml
1 ms. Memory: 416768K Free: 158640K (38%)
----------------- Invoking toplevel() on ptolemy.moml.MoMLSimpleApplication@e6bfcba
----------------- Done invoking toplevel() on ptolemy.moml.MoMLSimpleApplication@e6bfcba
reloadAllAccessors: .broken

===========================================================================================
----------------- testing Mon Sep 21 15:53:02 UTC 2020 /home/travis/build/icyphy/ptII/ptolemy/actor/lib/test/auto/LevelCrossTest10.xml
----------------- Instantiating /home/travis/build/icyphy/ptII/ptolemy/actor/lib/test/auto/LevelCrossTest10.xml
3 ms. Memory: 416768K Free: 150962K (36%)
----------------- Invoking toplevel() on ptolemy.moml.MoMLSimpleApplication@7a6e97d8
----------------- Done invoking toplevel() on ptolemy.moml.MoMLSimpleApplication@7a6e97d8
reloadAllAccessors: .LevelCrossTest10

===========================================================================================
----------------- testing Mon Sep 21 15:53:02 UTC 2020 /home/travis/build/icyphy/ptII/ptolemy/actor/lib/test/auto/LevelCrossTest11.xml
----------------- Instantiating /home/travis/build/icyphy/ptII/ptolemy/actor/lib/test/auto/LevelCrossTest11.xml
1 ms. Memory: 416768K Free: 143794K (35%)
----------------- Invoking toplevel() on ptolemy.moml.MoMLSimpleApplication@79c7b382
----------------- Done invoking toplevel() on ptolemy.moml.MoMLSimpleApplication@79c7b382
reloadAllAccessors: .LevelCrossTest11

===========================================================================================
----------------- testing Mon Sep 21 15:53:02 UTC 2020 /home/travis/build/icyphy/ptII/ptolemy/actor/lib/test/auto/LevelCrossTest12.xml
----------------- Instantiating /home/travis/build/icyphy/ptII/ptolemy/actor/lib/test/auto/LevelCrossTest12.xml
1 ms. Memory: 416768K Free: 137136K (33%)
----------------- Invoking toplevel() on ptolemy.moml.MoMLSimpleApplication@5c0c234
----------------- Done invoking toplevel() on ptolemy.moml.MoMLSimpleApplication@5c0c234
reloadAllAccessors: .LevelCrossTest12

===========================================================================================
----------------- testing Mon Sep 21 15:53:02 UTC 2020 /home/travis/build/icyphy/ptII/ptolemy/actor/lib/test/auto/LevelCrossTest13.xml
----------------- Instantiating /home/travis/build/icyphy/ptII/ptolemy/actor/lib/test/auto/LevelCrossTest13.xml
7 ms. Memory: 416768K Free: 129968K (31%)
----------------- Invoking toplevel() on ptolemy.moml.MoMLSimpleApplication@a1336fd
----------------- Done invoking toplevel() on ptolemy.moml.MoMLSimpleApplication@a1336fd
reloadAllAccessors: .LevelCrossTest13

===========================================================================================
----------------- testing Mon Sep 21 15:53:02 UTC 2020 /home/travis/build/icyphy/ptII/ptolemy/actor/lib/test/auto/LevelCrossTest2.xml
----------------- Instantiating /home/travis/build/icyphy/ptII/ptolemy/actor/lib/test/auto/LevelCrossTest2.xml
1 ms. Memory: 416768K Free: 124338K (30%)
----------------- Invoking toplevel() on ptolemy.moml.MoMLSimpleApplication@742271eb
----------------- Done invoking toplevel() on ptolemy.moml.MoMLSimpleApplication@742271eb
reloadAllAccessors: .broken

===========================================================================================
----------------- testing Mon Sep 21 15:53:02 UTC 2020 /home/travis/build/icyphy/ptII/ptolemy/actor/lib/test/auto/LevelCrossTest3.xml
----------------- Instantiating /home/travis/build/icyphy/ptII/ptolemy/actor/lib/test/auto/LevelCrossTest3.xml
1 ms. Memory: 416768K Free: 363747K (87%)
----------------- Invoking toplevel() on ptolemy.moml.MoMLSimpleApplication@224dd0d1
----------------- Done invoking toplevel() on ptolemy.moml.MoMLSimpleApplication@224dd0d1
reloadAllAccessors: .LevelCrossTest3

===========================================================================================
----------------- testing Mon Sep 21 15:53:02 UTC 2020 /home/travis/build/icyphy/ptII/ptolemy/actor/lib/test/auto/LevelCrossTest4.xml
----------------- Instantiating /home/travis/build/icyphy/ptII/ptolemy/actor/lib/test/auto/LevelCrossTest4.xml
1 ms. Memory: 416768K Free: 358113K (86%)
----------------- Invoking toplevel() on ptolemy.moml.MoMLSimpleApplication@1dd30281
----------------- Done invoking toplevel() on ptolemy.moml.MoMLSimpleApplication@1dd30281
reloadAllAccessors: .broken

===========================================================================================
----------------- testing Mon Sep 21 15:53:02 UTC 2020 /home/travis/build/icyphy/ptII/ptolemy/actor/lib/test/auto/LevelCrossTest5.xml
----------------- Instantiating /home/travis/build/icyphy/ptII/ptolemy/actor/lib/test/auto/LevelCrossTest5.xml
4 ms. Memory: 416768K Free: 351459K (84%)
----------------- Invoking toplevel() on ptolemy.moml.MoMLSimpleApplication@3ed69c42
----------------- Done invoking toplevel() on ptolemy.moml.MoMLSimpleApplication@3ed69c42
reloadAllAccessors: .LevelCrossTest5

===========================================================================================
----------------- testing Mon Sep 21 15:53:02 UTC 2020 /home/travis/build/icyphy/ptII/ptolemy/actor/lib/test/auto/LevelCrossTest6.xml
----------------- Instantiating /home/travis/build/icyphy/ptII/ptolemy/actor/lib/test/auto/LevelCrossTest6.xml
2 ms. Memory: 416768K Free: 345315K (83%)
----------------- Invoking toplevel() on ptolemy.moml.MoMLSimpleApplication@33dbd39d
----------------- Done invoking toplevel() on ptolemy.moml.MoMLSimpleApplication@33dbd39d
reloadAllAccessors: .LevelCrossTest6

===========================================================================================
----------------- testing Mon Sep 21 15:53:02 UTC 2020 /home/travis/build/icyphy/ptII/ptolemy/actor/lib/test/auto/LevelCrossTest7.xml
----------------- Instantiating /home/travis/build/icyphy/ptII/ptolemy/actor/lib/test/auto/LevelCrossTest7.xml
2 ms. Memory: 416768K Free: 337123K (81%)
----------------- Invoking toplevel() on ptolemy.moml.MoMLSimpleApplication@771f4d29
----------------- Done invoking toplevel() on ptolemy.moml.MoMLSimpleApplication@771f4d29
reloadAllAccessors: .LevelCrossTest7

===========================================================================================
----------------- testing Mon Sep 21 15:53:02 UTC 2020 /home/travis/build/icyphy/ptII/ptolemy/actor/lib/test/auto/LevelCrossTest8.xml
----------------- Instantiating /home/travis/build/icyphy/ptII/ptolemy/actor/lib/test/auto/LevelCrossTest8.xml
2 ms. Memory: 416768K Free: 330465K (79%)
----------------- Invoking toplevel() on ptolemy.moml.MoMLSimpleApplication@534b1c7e
----------------- Done invoking toplevel() on ptolemy.moml.MoMLSimpleApplication@534b1c7e
reloadAllAccessors: .LevelCrossTest8

===========================================================================================
----------------- testing Mon Sep 21 15:53:02 UTC 2020 /home/travis/build/icyphy/ptII/ptolemy/actor/lib/test/auto/LevelCrossTest9.xml
----------------- Instantiating /home/travis/build/icyphy/ptII/ptolemy/actor/lib/test/auto/LevelCrossTest9.xml
2 ms. Memory: 416768K Free: 323811K (78%)
----------------- Invoking toplevel() on ptolemy.moml.MoMLSimpleApplication@458b121
----------------- Done invoking toplevel() on ptolemy.moml.MoMLSimpleApplication@458b121
reloadAllAccessors: .LevelCrossTest9

===========================================================================================
----------------- testing Mon Sep 21 15:53:02 UTC 2020 /home/travis/build/icyphy/ptII/ptolemy/actor/lib/test/auto/LevinsonDurbin.xml
----------------- Instantiating /home/travis/build/icyphy/ptII/ptolemy/actor/lib/test/auto/LevinsonDurbin.xml
1 ms. Memory: 416768K Free: 319715K (77%)
----------------- Invoking toplevel() on ptolemy.moml.MoMLSimpleApplication@63a6ea0b
----------------- Done invoking toplevel() on ptolemy.moml.MoMLSimpleApplication@63a6ea0b
reloadAllAccessors: .LevinsonDurbin

===========================================================================================
----------------- testing Mon Sep 21 15:53:02 UTC 2020 /home/travis/build/icyphy/ptII/ptolemy/actor/lib/test/auto/LevinsonDurbin2.xml
----------------- Instantiating /home/travis/build/icyphy/ptII/ptolemy/actor/lib/test/auto/LevinsonDurbin2.xml
1 ms. Memory: 416768K Free: 315619K (76%)
----------------- Invoking toplevel() on ptolemy.moml.MoMLSimpleApplication@24bb7fd3
----------------- Done invoking toplevel() on ptolemy.moml.MoMLSimpleApplication@24bb7fd3
reloadAllAccessors: .LevinsonDurbin2

===========================================================================================
----------------- testing Mon Sep 21 15:53:02 UTC 2020 /home/travis/build/icyphy/ptII/ptolemy/actor/lib/test/auto/LevinsonDurbin3.xml
----------------- Instantiating /home/travis/build/icyphy/ptII/ptolemy/actor/lib/test/auto/LevinsonDurbin3.xml
3 ms. Memory: 416768K Free: 311523K (75%)
----------------- Invoking toplevel() on ptolemy.moml.MoMLSimpleApplication@7eef2da6
----------------- Done invoking toplevel() on ptolemy.moml.MoMLSimpleApplication@7eef2da6
reloadAllAccessors: .LevinsonDurbin3

===========================================================================================
----------------- testing Mon Sep 21 15:53:02 UTC 2020 /home/travis/build/icyphy/ptII/ptolemy/actor/lib/test/auto/Limiter.xml
----------------- Instantiating /home/travis/build/icyphy/ptII/ptolemy/actor/lib/test/auto/Limiter.xml
13 ms. Memory: 416768K Free: 302307K (73%)
----------------- Invoking toplevel() on ptolemy.moml.MoMLSimpleApplication@5d8c474
----------------- Done invoking toplevel() on ptolemy.moml.MoMLSimpleApplication@5d8c474
reloadAllAccessors: .Limiter

===========================================================================================
----------------- testing Mon Sep 21 15:53:03 UTC 2020 /home/travis/build/icyphy/ptII/ptolemy/actor/lib/test/auto/LinearDifferenceEquationSystem.xml
----------------- Instantiating /home/travis/build/icyphy/ptII/ptolemy/actor/lib/test/auto/LinearDifferenceEquationSystem.xml
3 ms. Memory: 416768K Free: 295139K (71%)
----------------- Invoking toplevel() on ptolemy.moml.MoMLSimpleApplication@3e2255e
----------------- Done invoking toplevel() on ptolemy.moml.MoMLSimpleApplication@3e2255e
reloadAllAccessors: .LinearDifferenceEquationSystem

===========================================================================================
----------------- testing Mon Sep 21 15:53:03 UTC 2020 /home/travis/build/icyphy/ptII/ptolemy/actor/lib/test/auto/LookupTable.xml
----------------- Instantiating /home/travis/build/icyphy/ptII/ptolemy/actor/lib/test/auto/LookupTable.xml
2 ms. Memory: 416768K Free: 290529K (70%)
----------------- Invoking toplevel() on ptolemy.moml.MoMLSimpleApplication@1ab1e4fa
----------------- Done invoking toplevel() on ptolemy.moml.MoMLSimpleApplication@1ab1e4fa
reloadAllAccessors: .LookupTable

===========================================================================================
----------------- testing Mon Sep 21 15:53:03 UTC 2020 /home/travis/build/icyphy/ptII/ptolemy/actor/lib/test/auto/MathFunction.xml
----------------- Instantiating /home/travis/build/icyphy/ptII/ptolemy/actor/lib/test/auto/MathFunction.xml
15 ms. Memory: 416768K Free: 282337K (68%)
----------------- Invoking toplevel() on ptolemy.moml.MoMLSimpleApplication@21160cca
----------------- Done invoking toplevel() on ptolemy.moml.MoMLSimpleApplication@21160cca
reloadAllAccessors: .MathFunction

===========================================================================================
----------------- testing Mon Sep 21 15:53:03 UTC 2020 /home/travis/build/icyphy/ptII/ptolemy/actor/lib/test/auto/MathFunction2.xml
----------------- Instantiating /home/travis/build/icyphy/ptII/ptolemy/actor/lib/test/auto/MathFunction2.xml
2 ms. Memory: 416768K Free: 278241K (67%)
----------------- Invoking toplevel() on ptolemy.moml.MoMLSimpleApplication@dedbef5
----------------- Done invoking toplevel() on ptolemy.moml.MoMLSimpleApplication@dedbef5
reloadAllAccessors: .MathFunction2

===========================================================================================
----------------- testing Mon Sep 21 15:53:03 UTC 2020 /home/travis/build/icyphy/ptII/ptolemy/actor/lib/test/auto/MathFunction3.xml
----------------- Instantiating /home/travis/build/icyphy/ptII/ptolemy/actor/lib/test/auto/MathFunction3.xml
2 ms. Memory: 416768K Free: 271073K (65%)
----------------- Invoking toplevel() on ptolemy.moml.MoMLSimpleApplication@254be496
----------------- Done invoking toplevel() on ptolemy.moml.MoMLSimpleApplication@254be496
reloadAllAccessors: .MathFunction3

===========================================================================================
----------------- testing Mon Sep 21 15:53:03 UTC 2020 /home/travis/build/icyphy/ptII/ptolemy/actor/lib/test/auto/MatrixCropBoolean.xml
----------------- Instantiating /home/travis/build/icyphy/ptII/ptolemy/actor/lib/test/auto/MatrixCropBoolean.xml
2 ms. Memory: 416768K Free: 265946K (64%)
----------------- Invoking toplevel() on ptolemy.moml.MoMLSimpleApplication@3c78eec7
----------------- Done invoking toplevel() on ptolemy.moml.MoMLSimpleApplication@3c78eec7
reloadAllAccessors: .MatrixCropBoolean

===========================================================================================
----------------- testing Mon Sep 21 15:53:03 UTC 2020 /home/travis/build/icyphy/ptII/ptolemy/actor/lib/test/auto/MatrixCropComplex.xml
----------------- Instantiating /home/travis/build/icyphy/ptII/ptolemy/actor/lib/test/auto/MatrixCropComplex.xml
2 ms. Memory: 416768K Free: 260802K (63%)
----------------- Invoking toplevel() on ptolemy.moml.MoMLSimpleApplication@515c65cc
----------------- Done invoking toplevel() on ptolemy.moml.MoMLSimpleApplication@515c65cc
reloadAllAccessors: .MatrixCropComplex

===========================================================================================
----------------- testing Mon Sep 21 15:53:03 UTC 2020 /home/travis/build/icyphy/ptII/ptolemy/actor/lib/test/auto/MatrixCropDouble.xml
----------------- Instantiating /home/travis/build/icyphy/ptII/ptolemy/actor/lib/test/auto/MatrixCropDouble.xml
2 ms. Memory: 416768K Free: 255682K (61%)
----------------- Invoking toplevel() on ptolemy.moml.MoMLSimpleApplication@66417c29
----------------- Done invoking toplevel() on ptolemy.moml.MoMLSimpleApplication@66417c29
reloadAllAccessors: .MatrixCropDouble

===========================================================================================
----------------- testing Mon Sep 21 15:53:03 UTC 2020 /home/travis/build/icyphy/ptII/ptolemy/actor/lib/test/auto/MatrixCropFix.xml
----------------- Instantiating /home/travis/build/icyphy/ptII/ptolemy/actor/lib/test/auto/MatrixCropFix.xml
2 ms. Memory: 416768K Free: 250586K (60%)
----------------- Invoking toplevel() on ptolemy.moml.MoMLSimpleApplication@622ad8ff
----------------- Done invoking toplevel() on ptolemy.moml.MoMLSimpleApplication@622ad8ff
reloadAllAccessors: .MatrixCropFix

===========================================================================================
----------------- testing Mon Sep 21 15:53:03 UTC 2020 /home/travis/build/icyphy/ptII/ptolemy/actor/lib/test/auto/MatrixCropInt.xml
----------------- Instantiating /home/travis/build/icyphy/ptII/ptolemy/actor/lib/test/auto/MatrixCropInt.xml
2 ms. Memory: 416768K Free: 245458K (59%)
----------------- Invoking toplevel() on ptolemy.moml.MoMLSimpleApplication@50e62fe3
----------------- Done invoking toplevel() on ptolemy.moml.MoMLSimpleApplication@50e62fe3
reloadAllAccessors: .MatrixCropInt

===========================================================================================
----------------- testing Mon Sep 21 15:53:03 UTC 2020 /home/travis/build/icyphy/ptII/ptolemy/actor/lib/test/auto/MatrixCropLong.xml
----------------- Instantiating /home/travis/build/icyphy/ptII/ptolemy/actor/lib/test/auto/MatrixCropLong.xml
2 ms. Memory: 416768K Free: 240867K (58%)
----------------- Invoking toplevel() on ptolemy.moml.MoMLSimpleApplication@5e130584
----------------- Done invoking toplevel() on ptolemy.moml.MoMLSimpleApplication@5e130584
reloadAllAccessors: .MatrixCropLong

===========================================================================================
----------------- testing Mon Sep 21 15:53:03 UTC 2020 /home/travis/build/icyphy/ptII/ptolemy/actor/lib/test/auto/MatrixToArray.xml
----------------- Instantiating /home/travis/build/icyphy/ptII/ptolemy/actor/lib/test/auto/MatrixToArray.xml
8 ms. Memory: 416768K Free: 225507K (54%)
----------------- Invoking toplevel() on ptolemy.moml.MoMLSimpleApplication@7dff13a7
----------------- Done invoking toplevel() on ptolemy.moml.MoMLSimpleApplication@7dff13a7
reloadAllAccessors: .MatrixToArray

===========================================================================================
----------------- testing Mon Sep 21 15:53:03 UTC 2020 /home/travis/build/icyphy/ptII/ptolemy/actor/lib/test/auto/MaxIndex.xml
----------------- Instantiating /home/travis/build/icyphy/ptII/ptolemy/actor/lib/test/auto/MaxIndex.xml
2 ms. Memory: 416768K Free: 220387K (53%)
----------------- Invoking toplevel() on ptolemy.moml.MoMLSimpleApplication@4cd5e9a3
----------------- Done invoking toplevel() on ptolemy.moml.MoMLSimpleApplication@4cd5e9a3
reloadAllAccessors: .MaxIndex

===========================================================================================
----------------- testing Mon Sep 21 15:53:03 UTC 2020 /home/travis/build/icyphy/ptII/ptolemy/actor/lib/test/auto/Maximum.xml
----------------- Instantiating /home/travis/build/icyphy/ptII/ptolemy/actor/lib/test/auto/Maximum.xml
3 ms. Memory: 416768K Free: 213698K (51%)
----------------- Invoking toplevel() on ptolemy.moml.MoMLSimpleApplication@73dadbba
----------------- Done invoking toplevel() on ptolemy.moml.MoMLSimpleApplication@73dadbba
reloadAllAccessors: .Maximum

===========================================================================================
----------------- testing Mon Sep 21 15:53:03 UTC 2020 /home/travis/build/icyphy/ptII/ptolemy/actor/lib/test/auto/MaximumComplex.xml
----------------- Instantiating /home/travis/build/icyphy/ptII/ptolemy/actor/lib/test/auto/MaximumComplex.xml
6 ms. Memory: 416768K Free: 207570K (50%)
----------------- Invoking toplevel() on ptolemy.moml.MoMLSimpleApplication@79f10375
----------------- Done invoking toplevel() on ptolemy.moml.MoMLSimpleApplication@79f10375
reloadAllAccessors: .MaximumComplex

===========================================================================================
----------------- testing Mon Sep 21 15:53:03 UTC 2020 /home/travis/build/icyphy/ptII/ptolemy/actor/lib/test/auto/MethodCallTest.xml
----------------- Instantiating /home/travis/build/icyphy/ptII/ptolemy/actor/lib/test/auto/MethodCallTest.xml
3 ms. Memory: 416768K Free: 200931K (48%)
----------------- Invoking toplevel() on ptolemy.moml.MoMLSimpleApplication@7ee49390
----------------- Done invoking toplevel() on ptolemy.moml.MoMLSimpleApplication@7ee49390
reloadAllAccessors: .MethodCallTest

===========================================================================================
----------------- testing Mon Sep 21 15:53:03 UTC 2020 /home/travis/build/icyphy/ptII/ptolemy/actor/lib/test/auto/Minimum.xml
----------------- Instantiating /home/travis/build/icyphy/ptII/ptolemy/actor/lib/test/auto/Minimum.xml
3 ms. Memory: 416768K Free: 194273K (47%)
----------------- Invoking toplevel() on ptolemy.moml.MoMLSimpleApplication@6d6b842c
----------------- Done invoking toplevel() on ptolemy.moml.MoMLSimpleApplication@6d6b842c
reloadAllAccessors: .Minimum

===========================================================================================
----------------- testing Mon Sep 21 15:53:03 UTC 2020 /home/travis/build/icyphy/ptII/ptolemy/actor/lib/test/auto/MinimumComplex.xml
----------------- Instantiating /home/travis/build/icyphy/ptII/ptolemy/actor/lib/test/auto/MinimumComplex.xml
4 ms. Memory: 416768K Free: 188114K (45%)
----------------- Invoking toplevel() on ptolemy.moml.MoMLSimpleApplication@22a64086
----------------- Done invoking toplevel() on ptolemy.moml.MoMLSimpleApplication@22a64086
reloadAllAccessors: .MinimumComplex

===========================================================================================
----------------- testing Mon Sep 21 15:53:03 UTC 2020 /home/travis/build/icyphy/ptII/ptolemy/actor/lib/test/auto/MinimumMultiports.xml
----------------- Instantiating /home/travis/build/icyphy/ptII/ptolemy/actor/lib/test/auto/MinimumMultiports.xml
3 ms. Memory: 416768K Free: 179427K (43%)
----------------- Invoking toplevel() on ptolemy.moml.MoMLSimpleApplication@78c702e4
----------------- Done invoking toplevel() on ptolemy.moml.MoMLSimpleApplication@78c702e4
reloadAllAccessors: .MinimumMultiports

===========================================================================================
----------------- testing Mon Sep 21 15:53:03 UTC 2020 /home/travis/build/icyphy/ptII/ptolemy/actor/lib/test/auto/ModifyDate.xml
----------------- Instantiating /home/travis/build/icyphy/ptII/ptolemy/actor/lib/test/auto/ModifyDate.xml
10 ms. Memory: 416768K Free: 166625K (40%)
----------------- Invoking toplevel() on ptolemy.moml.MoMLSimpleApplication@72a2d20d
----------------- Done invoking toplevel() on ptolemy.moml.MoMLSimpleApplication@72a2d20d
reloadAllAccessors: .ModifyDate

===========================================================================================
----------------- testing Mon Sep 21 15:53:03 UTC 2020 /home/travis/build/icyphy/ptII/ptolemy/actor/lib/test/auto/ModifyDate2.xml
----------------- Instantiating /home/travis/build/icyphy/ptII/ptolemy/actor/lib/test/auto/ModifyDate2.xml
4 ms. Memory: 416768K Free: 157923K (38%)
----------------- Invoking toplevel() on ptolemy.moml.MoMLSimpleApplication@72cb47bb
----------------- Done invoking toplevel() on ptolemy.moml.MoMLSimpleApplication@72cb47bb
reloadAllAccessors: .ModifyDate2

===========================================================================================
----------------- testing Mon Sep 21 15:53:03 UTC 2020 /home/travis/build/icyphy/ptII/ptolemy/actor/lib/test/auto/MovingAverage.xml
----------------- Instantiating /home/travis/build/icyphy/ptII/ptolemy/actor/lib/test/auto/MovingAverage.xml
2 ms. Memory: 416768K Free: 152803K (37%)
----------------- Invoking toplevel() on ptolemy.moml.MoMLSimpleApplication@2d656be5
----------------- Done invoking toplevel() on ptolemy.moml.MoMLSimpleApplication@2d656be5
reloadAllAccessors: .MovingAverage

===========================================================================================
----------------- testing Mon Sep 21 15:53:03 UTC 2020 /home/travis/build/icyphy/ptII/ptolemy/actor/lib/test/auto/MovingMaximum.xml
----------------- Instantiating /home/travis/build/icyphy/ptII/ptolemy/actor/lib/test/auto/MovingMaximum.xml
10 ms. Memory: 416768K Free: 148193K (36%)
----------------- Invoking toplevel() on ptolemy.moml.MoMLSimpleApplication@1c918874
----------------- Done invoking toplevel() on ptolemy.moml.MoMLSimpleApplication@1c918874
reloadAllAccessors: .MovingMaximum

===========================================================================================
----------------- testing Mon Sep 21 15:53:03 UTC 2020 /home/travis/build/icyphy/ptII/ptolemy/actor/lib/test/auto/MultipleLinksToSameRelation.xml
----------------- Instantiating /home/travis/build/icyphy/ptII/ptolemy/actor/lib/test/auto/MultipleLinksToSameRelation.xml
5 ms. Memory: 416768K Free: 144097K (35%)
----------------- Invoking toplevel() on ptolemy.moml.MoMLSimpleApplication@7253e07c
----------------- Done invoking toplevel() on ptolemy.moml.MoMLSimpleApplication@7253e07c
reloadAllAccessors: .MultipleLinksToSameRelation

===========================================================================================
----------------- testing Mon Sep 21 15:53:03 UTC 2020 /home/travis/build/icyphy/ptII/ptolemy/actor/lib/test/auto/MultipleLinksToSameRelationDE.xml
----------------- Instantiating /home/travis/build/icyphy/ptII/ptolemy/actor/lib/test/auto/MultipleLinksToSameRelationDE.xml
3 ms. Memory: 416768K Free: 139491K (33%)
----------------- Invoking toplevel() on ptolemy.moml.MoMLSimpleApplication@3f7537f2
----------------- Done invoking toplevel() on ptolemy.moml.MoMLSimpleApplication@3f7537f2
reloadAllAccessors: .MultipleLinksToSameRelationDE

===========================================================================================
----------------- testing Mon Sep 21 15:53:03 UTC 2020 /home/travis/build/icyphy/ptII/ptolemy/actor/lib/test/auto/Multiplexor.xml
----------------- Instantiating /home/travis/build/icyphy/ptII/ptolemy/actor/lib/test/auto/Multiplexor.xml
2 ms. Memory: 416768K Free: 133857K (32%)
----------------- Invoking toplevel() on ptolemy.moml.MoMLSimpleApplication@75ff8728
----------------- Done invoking toplevel() on ptolemy.moml.MoMLSimpleApplication@75ff8728
reloadAllAccessors: .Multiplexor

===========================================================================================
----------------- testing Mon Sep 21 15:53:03 UTC 2020 /home/travis/build/icyphy/ptII/ptolemy/actor/lib/test/auto/Multiplexor1.xml
----------------- Instantiating /home/travis/build/icyphy/ptII/ptolemy/actor/lib/test/auto/Multiplexor1.xml
3 ms. Memory: 416768K Free: 127682K (31%)
----------------- Invoking toplevel() on ptolemy.moml.MoMLSimpleApplication@733baf42
----------------- Done invoking toplevel() on ptolemy.moml.MoMLSimpleApplication@733baf42
reloadAllAccessors: .Multiplexor1

===========================================================================================
----------------- testing Mon Sep 21 15:53:03 UTC 2020 /home/travis/build/icyphy/ptII/ptolemy/actor/lib/test/auto/Multiplexor2.xml
----------------- Instantiating /home/travis/build/icyphy/ptII/ptolemy/actor/lib/test/auto/Multiplexor2.xml
6 ms. Memory: 416768K Free: 121059K (29%)
----------------- Invoking toplevel() on ptolemy.moml.MoMLSimpleApplication@2a0dcbd0
----------------- Done invoking toplevel() on ptolemy.moml.MoMLSimpleApplication@2a0dcbd0
reloadAllAccessors: .Multiplexor2

===========================================================================================
----------------- testing Mon Sep 21 15:53:03 UTC 2020 /home/travis/build/icyphy/ptII/ptolemy/actor/lib/test/auto/Multiplexor3.xml
----------------- Instantiating /home/travis/build/icyphy/ptII/ptolemy/actor/lib/test/auto/Multiplexor3.xml
3 ms. Memory: 416768K Free: 362790K (87%)
----------------- Invoking toplevel() on ptolemy.moml.MoMLSimpleApplication@17c9e703
----------------- Done invoking toplevel() on ptolemy.moml.MoMLSimpleApplication@17c9e703
reloadAllAccessors: .Multiplexor3

===========================================================================================
----------------- testing Mon Sep 21 15:53:03 UTC 2020 /home/travis/build/icyphy/ptII/ptolemy/actor/lib/test/auto/MultiplexorDE.xml
----------------- Instantiating /home/travis/build/icyphy/ptII/ptolemy/actor/lib/test/auto/MultiplexorDE.xml
3 ms. Memory: 416768K Free: 355078K (85%)
----------------- Invoking toplevel() on ptolemy.moml.MoMLSimpleApplication@6b29cda8
----------------- Done invoking toplevel() on ptolemy.moml.MoMLSimpleApplication@6b29cda8
reloadAllAccessors: .MultiplexorDE

===========================================================================================
----------------- testing Mon Sep 21 15:53:03 UTC 2020 /home/travis/build/icyphy/ptII/ptolemy/actor/lib/test/auto/MultiportBroadcastTest.xml
----------------- Instantiating /home/travis/build/icyphy/ptII/ptolemy/actor/lib/test/auto/MultiportBroadcastTest.xml
95 ms. Memory: 416768K Free: 348454K (84%)
----------------- Invoking toplevel() on ptolemy.moml.MoMLSimpleApplication@26233567
----------------- Done invoking toplevel() on ptolemy.moml.MoMLSimpleApplication@26233567
reloadAllAccessors: .MultiportBroadcastTest

===========================================================================================
----------------- testing Mon Sep 21 15:53:03 UTC 2020 /home/travis/build/icyphy/ptII/ptolemy/actor/lib/test/auto/MultiportOutHangDuringGetWidth.xml
----------------- Instantiating /home/travis/build/icyphy/ptII/ptolemy/actor/lib/test/auto/MultiportOutHangDuringGetWidth.xml
5 ms. Memory: 416768K Free: 336166K (81%)
----------------- Invoking toplevel() on ptolemy.moml.MoMLSimpleApplication@3c0731ad
----------------- Done invoking toplevel() on ptolemy.moml.MoMLSimpleApplication@3c0731ad
reloadAllAccessors: .MultiportOutHangDuringGetWidth

===========================================================================================
----------------- testing Mon Sep 21 15:53:03 UTC 2020 /home/travis/build/icyphy/ptII/ptolemy/actor/lib/test/auto/NilToken.xml
----------------- Instantiating /home/travis/build/icyphy/ptII/ptolemy/actor/lib/test/auto/NilToken.xml
1 ms. Memory: 416768K Free: 332070K (80%)
----------------- Invoking toplevel() on ptolemy.moml.MoMLSimpleApplication@6b913b8a
----------------- Done invoking toplevel() on ptolemy.moml.MoMLSimpleApplication@6b913b8a
reloadAllAccessors: .NilToken

===========================================================================================
----------------- testing Mon Sep 21 15:53:03 UTC 2020 /home/travis/build/icyphy/ptII/ptolemy/actor/lib/test/auto/NilTokenNonStrictTest.xml
----------------- Instantiating /home/travis/build/icyphy/ptII/ptolemy/actor/lib/test/auto/NilTokenNonStrictTest.xml
1 ms. Memory: 416768K Free: 327460K (79%)
----------------- Invoking toplevel() on ptolemy.moml.MoMLSimpleApplication@c321616
----------------- Done invoking toplevel() on ptolemy.moml.MoMLSimpleApplication@c321616
reloadAllAccessors: .NilTokenNonStrictTest

===========================================================================================
----------------- testing Mon Sep 21 15:53:03 UTC 2020 /home/travis/build/icyphy/ptII/ptolemy/actor/lib/test/auto/NilTokenRecord.xml
----------------- Instantiating /home/travis/build/icyphy/ptII/ptolemy/actor/lib/test/auto/NilTokenRecord.xml
6 ms. Memory: 416768K Free: 320806K (77%)
----------------- Invoking toplevel() on ptolemy.moml.MoMLSimpleApplication@3087d06b
----------------- Done invoking toplevel() on ptolemy.moml.MoMLSimpleApplication@3087d06b
reloadAllAccessors: .NilTokenRecord

===========================================================================================
----------------- testing Mon Sep 21 15:53:04 UTC 2020 /home/travis/build/icyphy/ptII/ptolemy/actor/lib/test/auto/NilTokenTypeTest.xml
----------------- Instantiating /home/travis/build/icyphy/ptII/ptolemy/actor/lib/test/auto/NilTokenTypeTest.xml
10 ms. Memory: 416768K Free: 311076K (75%)
----------------- Invoking toplevel() on ptolemy.moml.MoMLSimpleApplication@4f8edeb1
----------------- Done invoking toplevel() on ptolemy.moml.MoMLSimpleApplication@4f8edeb1
reloadAllAccessors: .NilTokenTypeTest

===========================================================================================
----------------- testing Mon Sep 21 15:53:04 UTC 2020 /home/travis/build/icyphy/ptII/ptolemy/actor/lib/test/auto/ObjectToken1.xml
----------------- Instantiating /home/travis/build/icyphy/ptII/ptolemy/actor/lib/test/auto/ObjectToken1.xml
3 ms. Memory: 416768K Free: 306470K (74%)
----------------- Invoking toplevel() on ptolemy.moml.MoMLSimpleApplication@3012c131
----------------- Done invoking toplevel() on ptolemy.moml.MoMLSimpleApplication@3012c131
reloadAllAccessors: .ObjectToken1

===========================================================================================
----------------- testing Mon Sep 21 15:53:04 UTC 2020 /home/travis/build/icyphy/ptII/ptolemy/actor/lib/test/auto/OrderedMerge.xml
----------------- Instantiating /home/travis/build/icyphy/ptII/ptolemy/actor/lib/test/auto/OrderedMerge.xml
11 ms. Memory: 416768K Free: 300836K (72%)
----------------- Invoking toplevel() on ptolemy.moml.MoMLSimpleApplication@64ba1ba0
----------------- Done invoking toplevel() on ptolemy.moml.MoMLSimpleApplication@64ba1ba0
reloadAllAccessors: .OrderedMerge

===========================================================================================
----------------- testing Mon Sep 21 15:53:04 UTC 2020 /home/travis/build/icyphy/ptII/ptolemy/actor/lib/test/auto/OrderedRecordDisassembler.xml
----------------- Instantiating /home/travis/build/icyphy/ptII/ptolemy/actor/lib/test/auto/OrderedRecordDisassembler.xml
7 ms. Memory: 416768K Free: 295710K (71%)
----------------- Invoking toplevel() on ptolemy.moml.MoMLSimpleApplication@4b81016e
----------------- Done invoking toplevel() on ptolemy.moml.MoMLSimpleApplication@4b81016e
reloadAllAccessors: .OrderedRecordDisassembler

===========================================================================================
----------------- testing Mon Sep 21 15:53:04 UTC 2020 /home/travis/build/icyphy/ptII/ptolemy/actor/lib/test/auto/OrderedRecordDisassembler2.xml
----------------- Instantiating /home/travis/build/icyphy/ptII/ptolemy/actor/lib/test/auto/OrderedRecordDisassembler2.xml
4 ms. Memory: 416768K Free: 288038K (69%)
----------------- Invoking toplevel() on ptolemy.moml.MoMLSimpleApplication@2fad806d
----------------- Done invoking toplevel() on ptolemy.moml.MoMLSimpleApplication@2fad806d
reloadAllAccessors: .OrderedRecordDisassembler2

===========================================================================================
----------------- testing Mon Sep 21 15:53:04 UTC 2020 /home/travis/build/icyphy/ptII/ptolemy/actor/lib/test/auto/OrderedRecordUpdater.xml
----------------- Instantiating /home/travis/build/icyphy/ptII/ptolemy/actor/lib/test/auto/OrderedRecordUpdater.xml
2 ms. Memory: 416768K Free: 282918K (68%)
----------------- Invoking toplevel() on ptolemy.moml.MoMLSimpleApplication@50101410
----------------- Done invoking toplevel() on ptolemy.moml.MoMLSimpleApplication@50101410
reloadAllAccessors: .RecordUpdater

===========================================================================================
----------------- testing Mon Sep 21 15:53:04 UTC 2020 /home/travis/build/icyphy/ptII/ptolemy/actor/lib/test/auto/OrderedRecordUpdater2.xml
----------------- Instantiating /home/travis/build/icyphy/ptII/ptolemy/actor/lib/test/auto/OrderedRecordUpdater2.xml
3 ms. Memory: 416768K Free: 278308K (67%)
----------------- Invoking toplevel() on ptolemy.moml.MoMLSimpleApplication@537e703d
----------------- Done invoking toplevel() on ptolemy.moml.MoMLSimpleApplication@537e703d
reloadAllAccessors: .RecordUpdater2

===========================================================================================
----------------- testing Mon Sep 21 15:53:04 UTC 2020 /home/travis/build/icyphy/ptII/ptolemy/actor/lib/test/auto/PhaseUnwrap.xml
----------------- Instantiating /home/travis/build/icyphy/ptII/ptolemy/actor/lib/test/auto/PhaseUnwrap.xml
2 ms. Memory: 416768K Free: 273702K (66%)
----------------- Invoking toplevel() on ptolemy.moml.MoMLSimpleApplication@482307f2
----------------- Done invoking toplevel() on ptolemy.moml.MoMLSimpleApplication@482307f2
reloadAllAccessors: .PhaseUnwrap

===========================================================================================
----------------- testing Mon Sep 21 15:53:04 UTC 2020 /home/travis/build/icyphy/ptII/ptolemy/actor/lib/test/auto/PoissonClock.xml
----------------- Instantiating /home/travis/build/icyphy/ptII/ptolemy/actor/lib/test/auto/PoissonClock.xml
2 ms. Memory: 416768K Free: 269606K (65%)
----------------- Invoking toplevel() on ptolemy.moml.MoMLSimpleApplication@5a340ba8
----------------- Done invoking toplevel() on ptolemy.moml.MoMLSimpleApplication@5a340ba8
reloadAllAccessors: .PoissonClock

===========================================================================================
----------------- testing Mon Sep 21 15:53:04 UTC 2020 /home/travis/build/icyphy/ptII/ptolemy/actor/lib/test/auto/PoissonClock2.xml
----------------- Instantiating /home/travis/build/icyphy/ptII/ptolemy/actor/lib/test/auto/PoissonClock2.xml
1 ms. Memory: 416768K Free: 264996K (64%)
----------------- Invoking toplevel() on ptolemy.moml.MoMLSimpleApplication@597f0a68
----------------- Done invoking toplevel() on ptolemy.moml.MoMLSimpleApplication@597f0a68
reloadAllAccessors: .PoissonClock2

===========================================================================================
----------------- testing Mon Sep 21 15:53:04 UTC 2020 /home/travis/build/icyphy/ptII/ptolemy/actor/lib/test/auto/PoissonClock3.xml
----------------- Instantiating /home/travis/build/icyphy/ptII/ptolemy/actor/lib/test/auto/PoissonClock3.xml
2 ms. Memory: 416768K Free: 260390K (62%)
----------------- Invoking toplevel() on ptolemy.moml.MoMLSimpleApplication@4dfb7375
----------------- Done invoking toplevel() on ptolemy.moml.MoMLSimpleApplication@4dfb7375
reloadAllAccessors: .PoissonClock3

===========================================================================================
----------------- testing Mon Sep 21 15:53:04 UTC 2020 /home/travis/build/icyphy/ptII/ptolemy/actor/lib/test/auto/PubSubWithInitialTokens.xml
----------------- Instantiating /home/travis/build/icyphy/ptII/ptolemy/actor/lib/test/auto/PubSubWithInitialTokens.xml
2 ms. Memory: 416768K Free: 254726K (61%)
----------------- Invoking toplevel() on ptolemy.moml.MoMLSimpleApplication@64f6a572
----------------- Done invoking toplevel() on ptolemy.moml.MoMLSimpleApplication@64f6a572
reloadAllAccessors: .PubSubWithInitialTokens

===========================================================================================
----------------- testing Mon Sep 21 15:53:04 UTC 2020 /home/travis/build/icyphy/ptII/ptolemy/actor/lib/test/auto/PubSubWithInitialTokens2.xml
----------------- Instantiating /home/travis/build/icyphy/ptII/ptolemy/actor/lib/test/auto/PubSubWithInitialTokens2.xml
6 ms. Memory: 416768K Free: 248606K (60%)
----------------- Invoking toplevel() on ptolemy.moml.MoMLSimpleApplication@1132d396
----------------- Done invoking toplevel() on ptolemy.moml.MoMLSimpleApplication@1132d396
reloadAllAccessors: .PubSubWithInitialTokens2

===========================================================================================
----------------- testing Mon Sep 21 15:53:04 UTC 2020 /home/travis/build/icyphy/ptII/ptolemy/actor/lib/test/auto/PublisherClassNoParameter.xml
----------------- Instantiating /home/travis/build/icyphy/ptII/ptolemy/actor/lib/test/auto/PublisherClassNoParameter.xml
3 ms. Memory: 416768K Free: 238372K (57%)
----------------- Invoking toplevel() on ptolemy.moml.MoMLSimpleApplication@3099e7e9
----------------- Done invoking toplevel() on ptolemy.moml.MoMLSimpleApplication@3099e7e9
reloadAllAccessors: .PublisherClassNoParameter

===========================================================================================
----------------- testing Mon Sep 21 15:53:04 UTC 2020 /home/travis/build/icyphy/ptII/ptolemy/actor/lib/test/auto/PublisherClassParameter.xml
----------------- Instantiating /home/travis/build/icyphy/ptII/ptolemy/actor/lib/test/auto/PublisherClassParameter.xml
2 ms. Memory: 416768K Free: 227102K (54%)
----------------- Invoking toplevel() on ptolemy.moml.MoMLSimpleApplication@63e8a1bc
----------------- Done invoking toplevel() on ptolemy.moml.MoMLSimpleApplication@63e8a1bc
reloadAllAccessors: .PublisherClassParameter

===========================================================================================
----------------- testing Mon Sep 21 15:53:04 UTC 2020 /home/travis/build/icyphy/ptII/ptolemy/actor/lib/test/auto/PublisherNonStrictTest.xml
----------------- Instantiating /home/travis/build/icyphy/ptII/ptolemy/actor/lib/test/auto/PublisherNonStrictTest.xml
3 ms. Memory: 416768K Free: 218910K (53%)
----------------- Invoking toplevel() on ptolemy.moml.MoMLSimpleApplication@7935f9e2
----------------- Done invoking toplevel() on ptolemy.moml.MoMLSimpleApplication@7935f9e2
reloadAllAccessors: .PublisherNonStrictTest

===========================================================================================
----------------- testing Mon Sep 21 15:53:04 UTC 2020 /home/travis/build/icyphy/ptII/ptolemy/actor/lib/test/auto/PublisherPort1.xml
----------------- Instantiating /home/travis/build/icyphy/ptII/ptolemy/actor/lib/test/auto/PublisherPort1.xml
12 ms. Memory: 416768K Free: 213286K (51%)
----------------- Invoking toplevel() on ptolemy.moml.MoMLSimpleApplication@2abaa8f1
----------------- Done invoking toplevel() on ptolemy.moml.MoMLSimpleApplication@2abaa8f1
reloadAllAccessors: .PublisherPort1

===========================================================================================
----------------- testing Mon Sep 21 15:53:04 UTC 2020 /home/travis/build/icyphy/ptII/ptolemy/actor/lib/test/auto/PublisherPort2.xml
----------------- Instantiating /home/travis/build/icyphy/ptII/ptolemy/actor/lib/test/auto/PublisherPort2.xml
2 ms. Memory: 416768K Free: 208166K (50%)
----------------- Invoking toplevel() on ptolemy.moml.MoMLSimpleApplication@317e445e
----------------- Done invoking toplevel() on ptolemy.moml.MoMLSimpleApplication@317e445e
reloadAllAccessors: .PublisherPort2

===========================================================================================
----------------- testing Mon Sep 21 15:53:04 UTC 2020 /home/travis/build/icyphy/ptII/ptolemy/actor/lib/test/auto/PublisherPort3.xml
----------------- Instantiating /home/travis/build/icyphy/ptII/ptolemy/actor/lib/test/auto/PublisherPort3.xml
5 ms. Memory: 416768K Free: 201478K (48%)
----------------- Invoking toplevel() on ptolemy.moml.MoMLSimpleApplication@6bf2f162
----------------- Done invoking toplevel() on ptolemy.moml.MoMLSimpleApplication@6bf2f162
reloadAllAccessors: .PublisherPort3

===========================================================================================
----------------- testing Mon Sep 21 15:53:04 UTC 2020 /home/travis/build/icyphy/ptII/ptolemy/actor/lib/test/auto/PublisherPort4.xml
----------------- Instantiating /home/travis/build/icyphy/ptII/ptolemy/actor/lib/test/auto/PublisherPort4.xml
2 ms. Memory: 416768K Free: 195878K (47%)
----------------- Invoking toplevel() on ptolemy.moml.MoMLSimpleApplication@4e4bd5d6
----------------- Done invoking toplevel() on ptolemy.moml.MoMLSimpleApplication@4e4bd5d6
reloadAllAccessors: .PublisherPort4

===========================================================================================
----------------- testing Mon Sep 21 15:53:04 UTC 2020 /home/travis/build/icyphy/ptII/ptolemy/actor/lib/test/auto/PublisherPort5.xml
----------------- Instantiating /home/travis/build/icyphy/ptII/ptolemy/actor/lib/test/auto/PublisherPort5.xml
4 ms. Memory: 416768K Free: 188196K (45%)
----------------- Invoking toplevel() on ptolemy.moml.MoMLSimpleApplication@3febf1d1
----------------- Done invoking toplevel() on ptolemy.moml.MoMLSimpleApplication@3febf1d1
reloadAllAccessors: .PublisherPort5

===========================================================================================
----------------- testing Mon Sep 21 15:53:04 UTC 2020 /home/travis/build/icyphy/ptII/ptolemy/actor/lib/test/auto/PublisherPort5LookAlike.xml
----------------- Instantiating /home/travis/build/icyphy/ptII/ptolemy/actor/lib/test/auto/PublisherPort5LookAlike.xml
9 ms. Memory: 416768K Free: 180518K (43%)
----------------- Invoking toplevel() on ptolemy.moml.MoMLSimpleApplication@737c2271
----------------- Done invoking toplevel() on ptolemy.moml.MoMLSimpleApplication@737c2271
reloadAllAccessors: .PublisherPort5LookAlike

===========================================================================================
----------------- testing Mon Sep 21 15:53:04 UTC 2020 /home/travis/build/icyphy/ptII/ptolemy/actor/lib/test/auto/PublisherPort6.xml
----------------- Instantiating /home/travis/build/icyphy/ptII/ptolemy/actor/lib/test/auto/PublisherPort6.xml
2 ms. Memory: 416768K Free: 173350K (42%)
----------------- Invoking toplevel() on ptolemy.moml.MoMLSimpleApplication@47c3727c
----------------- Done invoking toplevel() on ptolemy.moml.MoMLSimpleApplication@47c3727c
reloadAllAccessors: .PublisherPort6

===========================================================================================
----------------- testing Mon Sep 21 15:53:04 UTC 2020 /home/travis/build/icyphy/ptII/ptolemy/actor/lib/test/auto/PublisherPort7.xml
----------------- Instantiating /home/travis/build/icyphy/ptII/ptolemy/actor/lib/test/auto/PublisherPort7.xml
5 ms. Memory: 416768K Free: 165668K (40%)
----------------- Invoking toplevel() on ptolemy.moml.MoMLSimpleApplication@162abd30
----------------- Done invoking toplevel() on ptolemy.moml.MoMLSimpleApplication@162abd30
reloadAllAccessors: .PublisherPort7

===========================================================================================
----------------- testing Mon Sep 21 15:53:04 UTC 2020 /home/travis/build/icyphy/ptII/ptolemy/actor/lib/test/auto/PublisherPort8.xml
----------------- Instantiating /home/travis/build/icyphy/ptII/ptolemy/actor/lib/test/auto/PublisherPort8.xml
6 ms. Memory: 416768K Free: 156966K (38%)
----------------- Invoking toplevel() on ptolemy.moml.MoMLSimpleApplication@56478819
----------------- Done invoking toplevel() on ptolemy.moml.MoMLSimpleApplication@56478819
reloadAllAccessors: .PublisherPort8

===========================================================================================
----------------- testing Mon Sep 21 15:53:04 UTC 2020 /home/travis/build/icyphy/ptII/ptolemy/actor/lib/test/auto/PublisherPortSubscriberChannelVariablesAOC2.xml
----------------- Instantiating /home/travis/build/icyphy/ptII/ptolemy/actor/lib/test/auto/PublisherPortSubscriberChannelVariablesAOC2.xml
3 ms. Memory: 416768K Free: 140068K (34%)
----------------- Invoking toplevel() on ptolemy.moml.MoMLSimpleApplication@23c9079
----------------- Done invoking toplevel() on ptolemy.moml.MoMLSimpleApplication@23c9079
reloadAllAccessors: .PublisherPortSubscriberChannelVariablesAOC2

===========================================================================================
----------------- testing Mon Sep 21 15:53:04 UTC 2020 /home/travis/build/icyphy/ptII/ptolemy/actor/lib/test/auto/PublisherPortSubscriberOpaqueWidthInference.xml
----------------- Instantiating /home/travis/build/icyphy/ptII/ptolemy/actor/lib/test/auto/PublisherPortSubscriberOpaqueWidthInference.xml
5 ms. Memory: 416768K Free: 131862K (32%)
----------------- Invoking toplevel() on ptolemy.moml.MoMLSimpleApplication@7f462d57
----------------- Done invoking toplevel() on ptolemy.moml.MoMLSimpleApplication@7f462d57
reloadAllAccessors: .PublisherPortSubscriberOpaqueWidthInference

===========================================================================================
----------------- testing Mon Sep 21 15:53:04 UTC 2020 /home/travis/build/icyphy/ptII/ptolemy/actor/lib/test/auto/PublisherPortSubscriberPortAdjacent.xml
----------------- Instantiating /home/travis/build/icyphy/ptII/ptolemy/actor/lib/test/auto/PublisherPortSubscriberPortAdjacent.xml
2 ms. Memory: 416768K Free: 123684K (30%)
----------------- Invoking toplevel() on ptolemy.moml.MoMLSimpleApplication@47a928fb
----------------- Done invoking toplevel() on ptolemy.moml.MoMLSimpleApplication@47a928fb
reloadAllAccessors: .PublisherPortSubscriberPortAdjacent

===========================================================================================
----------------- testing Mon Sep 21 15:53:04 UTC 2020 /home/travis/build/icyphy/ptII/ptolemy/actor/lib/test/auto/PublisherPortSubscriberPortExpression.xml
----------------- Instantiating /home/travis/build/icyphy/ptII/ptolemy/actor/lib/test/auto/PublisherPortSubscriberPortExpression.xml
4 ms. Memory: 416768K Free: 361699K (87%)
----------------- Invoking toplevel() on ptolemy.moml.MoMLSimpleApplication@40b7217e
----------------- Done invoking toplevel() on ptolemy.moml.MoMLSimpleApplication@40b7217e
reloadAllAccessors: .PublisherPortSubscriberPortExpression

===========================================================================================
----------------- testing Mon Sep 21 15:53:04 UTC 2020 /home/travis/build/icyphy/ptII/ptolemy/actor/lib/test/auto/PublisherPortSubscriberPortOpaqueD3Reverse.xml
----------------- Instantiating /home/travis/build/icyphy/ptII/ptolemy/actor/lib/test/auto/PublisherPortSubscriberPortOpaqueD3Reverse.xml
8 ms. Memory: 416768K Free: 350945K (84%)
----------------- Invoking toplevel() on ptolemy.moml.MoMLSimpleApplication@5ccef102
----------------- Done invoking toplevel() on ptolemy.moml.MoMLSimpleApplication@5ccef102
reloadAllAccessors: .PublisherPortSubscriberPortOpaqueD3Reverse

===========================================================================================
----------------- testing Mon Sep 21 15:53:04 UTC 2020 /home/travis/build/icyphy/ptII/ptolemy/actor/lib/test/auto/PublisherPortSubscriberPortOpaqueWidthInference.xml
----------------- Instantiating /home/travis/build/icyphy/ptII/ptolemy/actor/lib/test/auto/PublisherPortSubscriberPortOpaqueWidthInference.xml
3 ms. Memory: 416768K Free: 343267K (82%)
----------------- Invoking toplevel() on ptolemy.moml.MoMLSimpleApplication@1004d2a0
----------------- Done invoking toplevel() on ptolemy.moml.MoMLSimpleApplication@1004d2a0
reloadAllAccessors: .PublisherPortSubscriberPortOpaqueWidthInference

===========================================================================================
----------------- testing Mon Sep 21 15:53:04 UTC 2020 /home/travis/build/icyphy/ptII/ptolemy/actor/lib/test/auto/PublisherPortToplevelSubscriberPortAOC.xml
----------------- Instantiating /home/travis/build/icyphy/ptII/ptolemy/actor/lib/test/auto/PublisherPortToplevelSubscriberPortAOC.xml
.PublisherPortToplevelSubscriberPortAOC.TestExceptionAttribute: initialize() was not invoked, but wrapup() was.  This is unusual, but not always a problem.  For example, exporting JNLP will do this.
1 ms. Memory: 416768K Free: 337123K (81%)
----------------- Invoking toplevel() on ptolemy.moml.MoMLSimpleApplication@676f97e9
----------------- Done invoking toplevel() on ptolemy.moml.MoMLSimpleApplication@676f97e9
reloadAllAccessors: .PublisherPortToplevelSubscriberPortAOC

===========================================================================================
----------------- testing Mon Sep 21 15:53:04 UTC 2020 /home/travis/build/icyphy/ptII/ptolemy/actor/lib/test/auto/PublisherSubscriber.xml
----------------- Instantiating /home/travis/build/icyphy/ptII/ptolemy/actor/lib/test/auto/PublisherSubscriber.xml
2 ms. Memory: 416768K Free: 329955K (79%)
----------------- Invoking toplevel() on ptolemy.moml.MoMLSimpleApplication@37550189
----------------- Done invoking toplevel() on ptolemy.moml.MoMLSimpleApplication@37550189
reloadAllAccessors: .PublisherSubscriber

===========================================================================================
----------------- testing Mon Sep 21 15:53:04 UTC 2020 /home/travis/build/icyphy/ptII/ptolemy/actor/lib/test/auto/PublisherSubscriber10.xml
----------------- Instantiating /home/travis/build/icyphy/ptII/ptolemy/actor/lib/test/auto/PublisherSubscriber10.xml
7 ms. Memory: 416768K Free: 320225K (77%)
----------------- Invoking toplevel() on ptolemy.moml.MoMLSimpleApplication@c5e2198
----------------- Done invoking toplevel() on ptolemy.moml.MoMLSimpleApplication@c5e2198
reloadAllAccessors: .PublisherSubscriber10

===========================================================================================
----------------- testing Mon Sep 21 15:53:04 UTC 2020 /home/travis/build/icyphy/ptII/ptolemy/actor/lib/test/auto/PublisherSubscriber10InitialOutputs.xml
----------------- Instantiating /home/travis/build/icyphy/ptII/ptolemy/actor/lib/test/auto/PublisherSubscriber10InitialOutputs.xml
12 ms. Memory: 416768K Free: 311009K (75%)
----------------- Invoking toplevel() on ptolemy.moml.MoMLSimpleApplication@22e43a39
----------------- Done invoking toplevel() on ptolemy.moml.MoMLSimpleApplication@22e43a39
reloadAllAccessors: .PublisherSubscriber10InitialOutputs

===========================================================================================
----------------- testing Mon Sep 21 15:53:04 UTC 2020 /home/travis/build/icyphy/ptII/ptolemy/actor/lib/test/auto/PublisherSubscriber11.xml
----------------- Instantiating /home/travis/build/icyphy/ptII/ptolemy/actor/lib/test/auto/PublisherSubscriber11.xml
2 ms. Memory: 416768K Free: 304355K (73%)
----------------- Invoking toplevel() on ptolemy.moml.MoMLSimpleApplication@37f737f4
----------------- Done invoking toplevel() on ptolemy.moml.MoMLSimpleApplication@37f737f4
reloadAllAccessors: .PublisherSubscriber11

===========================================================================================
----------------- testing Mon Sep 21 15:53:04 UTC 2020 /home/travis/build/icyphy/ptII/ptolemy/actor/lib/test/auto/PublisherSubscriber12.xml
----------------- Instantiating /home/travis/build/icyphy/ptII/ptolemy/actor/lib/test/auto/PublisherSubscriber12.xml
4 ms. Memory: 416768K Free: 297682K (71%)
----------------- Invoking toplevel() on ptolemy.moml.MoMLSimpleApplication@514a3a32
----------------- Done invoking toplevel() on ptolemy.moml.MoMLSimpleApplication@514a3a32
reloadAllAccessors: .PublisherSubscriber12

===========================================================================================
----------------- testing Mon Sep 21 15:53:04 UTC 2020 /home/travis/build/icyphy/ptII/ptolemy/actor/lib/test/auto/PublisherSubscriber13.xml
----------------- Instantiating /home/travis/build/icyphy/ptII/ptolemy/actor/lib/test/auto/PublisherSubscriber13.xml
2 ms. Memory: 416768K Free: 292067K (70%)
----------------- Invoking toplevel() on ptolemy.moml.MoMLSimpleApplication@182f8356
----------------- Done invoking toplevel() on ptolemy.moml.MoMLSimpleApplication@182f8356
reloadAllAccessors: .PublisherSubscriber13

===========================================================================================
----------------- testing Mon Sep 21 15:53:04 UTC 2020 /home/travis/build/icyphy/ptII/ptolemy/actor/lib/test/auto/PublisherSubscriber14.xml
----------------- Instantiating /home/travis/build/icyphy/ptII/ptolemy/actor/lib/test/auto/PublisherSubscriber14.xml
2 ms. Memory: 416768K Free: 283346K (68%)
----------------- Invoking toplevel() on ptolemy.moml.MoMLSimpleApplication@6d4e68fe
----------------- Done invoking toplevel() on ptolemy.moml.MoMLSimpleApplication@6d4e68fe
reloadAllAccessors: .PublisherSubscriber14

===========================================================================================
----------------- testing Mon Sep 21 15:53:04 UTC 2020 /home/travis/build/icyphy/ptII/ptolemy/actor/lib/test/auto/PublisherSubscriber2.xml
----------------- Instantiating /home/travis/build/icyphy/ptII/ptolemy/actor/lib/test/auto/PublisherSubscriber2.xml
2 ms. Memory: 416768K Free: 277731K (67%)
----------------- Invoking toplevel() on ptolemy.moml.MoMLSimpleApplication@3b9878e1
----------------- Done invoking toplevel() on ptolemy.moml.MoMLSimpleApplication@3b9878e1
reloadAllAccessors: .PublisherSubscriber2

===========================================================================================
----------------- testing Mon Sep 21 15:53:04 UTC 2020 /home/travis/build/icyphy/ptII/ptolemy/actor/lib/test/auto/PublisherSubscriber3.xml
----------------- Instantiating /home/travis/build/icyphy/ptII/ptolemy/actor/lib/test/auto/PublisherSubscriber3.xml
3 ms. Memory: 416768K Free: 272066K (65%)
----------------- Invoking toplevel() on ptolemy.moml.MoMLSimpleApplication@4a1670e7
----------------- Done invoking toplevel() on ptolemy.moml.MoMLSimpleApplication@4a1670e7
reloadAllAccessors: .PublisherSubscriber3

===========================================================================================
----------------- testing Mon Sep 21 15:53:04 UTC 2020 /home/travis/build/icyphy/ptII/ptolemy/actor/lib/test/auto/PublisherSubscriber4.xml
----------------- Instantiating /home/travis/build/icyphy/ptII/ptolemy/actor/lib/test/auto/PublisherSubscriber4.xml
2 ms. Memory: 416768K Free: 265922K (64%)
----------------- Invoking toplevel() on ptolemy.moml.MoMLSimpleApplication@10cb0281
----------------- Done invoking toplevel() on ptolemy.moml.MoMLSimpleApplication@10cb0281
reloadAllAccessors: .PublisherSubscriber4

===========================================================================================
----------------- testing Mon Sep 21 15:53:04 UTC 2020 /home/travis/build/icyphy/ptII/ptolemy/actor/lib/test/auto/PublisherSubscriber5.xml
----------------- Instantiating /home/travis/build/icyphy/ptII/ptolemy/actor/lib/test/auto/PublisherSubscriber5.xml
3 ms. Memory: 416768K Free: 259299K (62%)
----------------- Invoking toplevel() on ptolemy.moml.MoMLSimpleApplication@6736751f
----------------- Done invoking toplevel() on ptolemy.moml.MoMLSimpleApplication@6736751f
reloadAllAccessors: .PublisherSubscriber5

===========================================================================================
----------------- testing Mon Sep 21 15:53:04 UTC 2020 /home/travis/build/icyphy/ptII/ptolemy/actor/lib/test/auto/PublisherSubscriber6.xml
----------------- Instantiating /home/travis/build/icyphy/ptII/ptolemy/actor/lib/test/auto/PublisherSubscriber6.xml
4 ms. Memory: 416768K Free: 252634K (61%)
----------------- Invoking toplevel() on ptolemy.moml.MoMLSimpleApplication@12f6b118
----------------- Done invoking toplevel() on ptolemy.moml.MoMLSimpleApplication@12f6b118
reloadAllAccessors: .PublisherSubscriber6

===========================================================================================
----------------- testing Mon Sep 21 15:53:04 UTC 2020 /home/travis/build/icyphy/ptII/ptolemy/actor/lib/test/auto/PublisherSubscriber7.xml
----------------- Instantiating /home/travis/build/icyphy/ptII/ptolemy/actor/lib/test/auto/PublisherSubscriber7.xml
8 ms. Memory: 416768K Free: 245987K (59%)
----------------- Invoking toplevel() on ptolemy.moml.MoMLSimpleApplication@6c310bdc
----------------- Done invoking toplevel() on ptolemy.moml.MoMLSimpleApplication@6c310bdc
reloadAllAccessors: .PublisherSubscriber7

===========================================================================================
----------------- testing Mon Sep 21 15:53:05 UTC 2020 /home/travis/build/icyphy/ptII/ptolemy/actor/lib/test/auto/PublisherSubscriber8.xml
----------------- Instantiating /home/travis/build/icyphy/ptII/ptolemy/actor/lib/test/auto/PublisherSubscriber8.xml
13 ms. Memory: 416768K Free: 234209K (56%)
----------------- Invoking toplevel() on ptolemy.moml.MoMLSimpleApplication@383fc670
----------------- Done invoking toplevel() on ptolemy.moml.MoMLSimpleApplication@383fc670
reloadAllAccessors: .PublisherSubscriber8

===========================================================================================
----------------- testing Mon Sep 21 15:53:05 UTC 2020 /home/travis/build/icyphy/ptII/ptolemy/actor/lib/test/auto/PublisherSubscriber9.xml
----------------- Instantiating /home/travis/build/icyphy/ptII/ptolemy/actor/lib/test/auto/PublisherSubscriber9.xml
3 ms. Memory: 416768K Free: 226531K (54%)
----------------- Invoking toplevel() on ptolemy.moml.MoMLSimpleApplication@7ab4e7fb
----------------- Done invoking toplevel() on ptolemy.moml.MoMLSimpleApplication@7ab4e7fb
reloadAllAccessors: .PublisherSubscriber9

===========================================================================================
----------------- testing Mon Sep 21 15:53:05 UTC 2020 /home/travis/build/icyphy/ptII/ptolemy/actor/lib/test/auto/PublisherSubscriberAdjacent.xml
----------------- Instantiating /home/travis/build/icyphy/ptII/ptolemy/actor/lib/test/auto/PublisherSubscriberAdjacent.xml
2 ms. Memory: 416768K Free: 218339K (52%)
----------------- Invoking toplevel() on ptolemy.moml.MoMLSimpleApplication@3402cbf9
----------------- Done invoking toplevel() on ptolemy.moml.MoMLSimpleApplication@3402cbf9
reloadAllAccessors: .PublisherSubscriberAdjacent

===========================================================================================
----------------- testing Mon Sep 21 15:53:05 UTC 2020 /home/travis/build/icyphy/ptII/ptolemy/actor/lib/test/auto/PublisherSubscriberChannelVariablesAOC2.xml
----------------- Instantiating /home/travis/build/icyphy/ptII/ptolemy/actor/lib/test/auto/PublisherSubscriberChannelVariablesAOC2.xml
2 ms. Memory: 416768K Free: 203489K (49%)
----------------- Invoking toplevel() on ptolemy.moml.MoMLSimpleApplication@7dfe5269
----------------- Done invoking toplevel() on ptolemy.moml.MoMLSimpleApplication@7dfe5269
reloadAllAccessors: .PublisherSubscriberChannelVariablesAOC2

===========================================================================================
----------------- testing Mon Sep 21 15:53:05 UTC 2020 /home/travis/build/icyphy/ptII/ptolemy/actor/lib/test/auto/PublisherSubscriberD3.xml
----------------- Instantiating /home/travis/build/icyphy/ptII/ptolemy/actor/lib/test/auto/PublisherSubscriberD3.xml
2 ms. Memory: 416768K Free: 195811K (47%)
----------------- Invoking toplevel() on ptolemy.moml.MoMLSimpleApplication@6fe1550c
----------------- Done invoking toplevel() on ptolemy.moml.MoMLSimpleApplication@6fe1550c
reloadAllAccessors: .PublisherSubscriberD3

===========================================================================================
----------------- testing Mon Sep 21 15:53:05 UTC 2020 /home/travis/build/icyphy/ptII/ptolemy/actor/lib/test/auto/PublisherSubscriberD3Reverse.xml
----------------- Instantiating /home/travis/build/icyphy/ptII/ptolemy/actor/lib/test/auto/PublisherSubscriberD3Reverse.xml
1 ms. Memory: 416768K Free: 189667K (46%)
----------------- Invoking toplevel() on ptolemy.moml.MoMLSimpleApplication@573de954
----------------- Done invoking toplevel() on ptolemy.moml.MoMLSimpleApplication@573de954
reloadAllAccessors: .PublisherSubscriberD3Reverse

===========================================================================================
----------------- testing Mon Sep 21 15:53:05 UTC 2020 /home/travis/build/icyphy/ptII/ptolemy/actor/lib/test/auto/PublisherSubscriberExpression.xml
----------------- Instantiating /home/travis/build/icyphy/ptII/ptolemy/actor/lib/test/auto/PublisherSubscriberExpression.xml
7 ms. Memory: 416768K Free: 181475K (44%)
----------------- Invoking toplevel() on ptolemy.moml.MoMLSimpleApplication@131d2626
----------------- Done invoking toplevel() on ptolemy.moml.MoMLSimpleApplication@131d2626
reloadAllAccessors: .PublisherSubscriberExpression

===========================================================================================
----------------- testing Mon Sep 21 15:53:05 UTC 2020 /home/travis/build/icyphy/ptII/ptolemy/actor/lib/test/auto/PublisherSubscriberOpaque.xml
----------------- Instantiating /home/travis/build/icyphy/ptII/ptolemy/actor/lib/test/auto/PublisherSubscriberOpaque.xml
4 ms. Memory: 416768K Free: 172769K (41%)
----------------- Invoking toplevel() on ptolemy.moml.MoMLSimpleApplication@4e494200
----------------- Done invoking toplevel() on ptolemy.moml.MoMLSimpleApplication@4e494200
reloadAllAccessors: .PublisherSubscriberOpaque

===========================================================================================
----------------- testing Mon Sep 21 15:53:05 UTC 2020 /home/travis/build/icyphy/ptII/ptolemy/actor/lib/test/auto/PublisherSubscriberOpaqueD3.xml
----------------- Instantiating /home/travis/build/icyphy/ptII/ptolemy/actor/lib/test/auto/PublisherSubscriberOpaqueD3.xml
6 ms. Memory: 416768K Free: 160995K (39%)
----------------- Invoking toplevel() on ptolemy.moml.MoMLSimpleApplication@1d1b4480
----------------- Done invoking toplevel() on ptolemy.moml.MoMLSimpleApplication@1d1b4480
reloadAllAccessors: .PublisherSubscriberOpaqueD3

===========================================================================================
----------------- testing Mon Sep 21 15:53:05 UTC 2020 /home/travis/build/icyphy/ptII/ptolemy/actor/lib/test/auto/PublisherSubscriberOpaqueD3Reverse.xml
----------------- Instantiating /home/travis/build/icyphy/ptII/ptolemy/actor/lib/test/auto/PublisherSubscriberOpaqueD3Reverse.xml
9 ms. Memory: 416768K Free: 150241K (36%)
----------------- Invoking toplevel() on ptolemy.moml.MoMLSimpleApplication@3d8179f5
----------------- Done invoking toplevel() on ptolemy.moml.MoMLSimpleApplication@3d8179f5
reloadAllAccessors: .PublisherSubscriberOpaqueD3Reverse

===========================================================================================
----------------- testing Mon Sep 21 15:53:05 UTC 2020 /home/travis/build/icyphy/ptII/ptolemy/actor/lib/test/auto/PublisherSubscriberOpaqueWidthInference.xml
----------------- Instantiating /home/travis/build/icyphy/ptII/ptolemy/actor/lib/test/auto/PublisherSubscriberOpaqueWidthInference.xml
6 ms. Memory: 416768K Free: 142034K (34%)
----------------- Invoking toplevel() on ptolemy.moml.MoMLSimpleApplication@2a93c3c
----------------- Done invoking toplevel() on ptolemy.moml.MoMLSimpleApplication@2a93c3c
reloadAllAccessors: .PublisherSubscriberOpaqueWidthInference

===========================================================================================
----------------- testing Mon Sep 21 15:53:05 UTC 2020 /home/travis/build/icyphy/ptII/ptolemy/actor/lib/test/auto/PublisherTestSubscriber.xml
----------------- Instantiating /home/travis/build/icyphy/ptII/ptolemy/actor/lib/test/auto/PublisherTestSubscriber.xml
3 ms. Memory: 416768K Free: 133850K (32%)
----------------- Invoking toplevel() on ptolemy.moml.MoMLSimpleApplication@17a39cd5
----------------- Done invoking toplevel() on ptolemy.moml.MoMLSimpleApplication@17a39cd5
reloadAllAccessors: .PublisherTestSubscriber

===========================================================================================
----------------- testing Mon Sep 21 15:53:05 UTC 2020 /home/travis/build/icyphy/ptII/ptolemy/actor/lib/test/auto/PublisherToplevelSubscriberPortAOC.xml
----------------- Instantiating /home/travis/build/icyphy/ptII/ptolemy/actor/lib/test/auto/PublisherToplevelSubscriberPortAOC.xml
2 ms. Memory: 416768K Free: 127698K (31%)
----------------- Invoking toplevel() on ptolemy.moml.MoMLSimpleApplication@2a363b5d
----------------- Done invoking toplevel() on ptolemy.moml.MoMLSimpleApplication@2a363b5d
reloadAllAccessors: .PublisherToplevelSubscriberPortAOC

===========================================================================================
----------------- testing Mon Sep 21 15:53:05 UTC 2020 /home/travis/build/icyphy/ptII/ptolemy/actor/lib/test/auto/PulseFiringLimitDE.xml
----------------- Instantiating /home/travis/build/icyphy/ptII/ptolemy/actor/lib/test/auto/PulseFiringLimitDE.xml
2 ms. Memory: 416768K Free: 121059K (29%)
----------------- Invoking toplevel() on ptolemy.moml.MoMLSimpleApplication@358d1945
----------------- Done invoking toplevel() on ptolemy.moml.MoMLSimpleApplication@358d1945
reloadAllAccessors: .PulseFiringLimitDE

===========================================================================================
----------------- testing Mon Sep 21 15:53:05 UTC 2020 /home/travis/build/icyphy/ptII/ptolemy/actor/lib/test/auto/Ramp1.xml
----------------- Instantiating /home/travis/build/icyphy/ptII/ptolemy/actor/lib/test/auto/Ramp1.xml
2 ms. Memory: 416768K Free: 362194K (87%)
----------------- Invoking toplevel() on ptolemy.moml.MoMLSimpleApplication@74f72067
----------------- Done invoking toplevel() on ptolemy.moml.MoMLSimpleApplication@74f72067
reloadAllAccessors: .Ramp1

===========================================================================================
----------------- testing Mon Sep 21 15:53:05 UTC 2020 /home/travis/build/icyphy/ptII/ptolemy/actor/lib/test/auto/RampFiringLimitDE.xml
----------------- Instantiating /home/travis/build/icyphy/ptII/ptolemy/actor/lib/test/auto/RampFiringLimitDE.xml
3 ms. Memory: 416768K Free: 356050K (85%)
----------------- Invoking toplevel() on ptolemy.moml.MoMLSimpleApplication@5989f91c
----------------- Done invoking toplevel() on ptolemy.moml.MoMLSimpleApplication@5989f91c
reloadAllAccessors: .RampFiringLimitDE

===========================================================================================
----------------- testing Mon Sep 21 15:53:05 UTC 2020 /home/travis/build/icyphy/ptII/ptolemy/actor/lib/test/auto/RampFiringLimitSDF.xml
----------------- Instantiating /home/travis/build/icyphy/ptII/ptolemy/actor/lib/test/auto/RampFiringLimitSDF.xml
2 ms. Memory: 416768K Free: 350435K (84%)
----------------- Invoking toplevel() on ptolemy.moml.MoMLSimpleApplication@61d9286c
----------------- Done invoking toplevel() on ptolemy.moml.MoMLSimpleApplication@61d9286c
reloadAllAccessors: .RampFiringLimitSDF

===========================================================================================
----------------- testing Mon Sep 21 15:53:05 UTC 2020 /home/travis/build/icyphy/ptII/ptolemy/actor/lib/test/auto/RandomInteger.xml
----------------- Instantiating /home/travis/build/icyphy/ptII/ptolemy/actor/lib/test/auto/RandomInteger.xml
1 ms. Memory: 416768K Free: 346339K (83%)
----------------- Invoking toplevel() on ptolemy.moml.MoMLSimpleApplication@374a9613
----------------- Done invoking toplevel() on ptolemy.moml.MoMLSimpleApplication@374a9613
reloadAllAccessors: .RandomInteger

===========================================================================================
----------------- testing Mon Sep 21 15:53:05 UTC 2020 /home/travis/build/icyphy/ptII/ptolemy/actor/lib/test/auto/ReadFile1.xml
----------------- Instantiating /home/travis/build/icyphy/ptII/ptolemy/actor/lib/test/auto/ReadFile1.xml
2 ms. Memory: 416768K Free: 341722K (82%)
----------------- Invoking toplevel() on ptolemy.moml.MoMLSimpleApplication@57f1158b
----------------- Done invoking toplevel() on ptolemy.moml.MoMLSimpleApplication@57f1158b
reloadAllAccessors: .ReadFile1

===========================================================================================
----------------- testing Mon Sep 21 15:53:05 UTC 2020 /home/travis/build/icyphy/ptII/ptolemy/actor/lib/test/auto/ReadFile2.xml
----------------- Instantiating /home/travis/build/icyphy/ptII/ptolemy/actor/lib/test/auto/ReadFile2.xml
1 ms. Memory: 416768K Free: 337633K (81%)
----------------- Invoking toplevel() on ptolemy.moml.MoMLSimpleApplication@28ee2226
----------------- Done invoking toplevel() on ptolemy.moml.MoMLSimpleApplication@28ee2226
reloadAllAccessors: .ReadFile2

===========================================================================================
----------------- testing Mon Sep 21 15:53:05 UTC 2020 /home/travis/build/icyphy/ptII/ptolemy/actor/lib/test/auto/Reader.xml
----------------- Instantiating /home/travis/build/icyphy/ptII/ptolemy/actor/lib/test/auto/Reader.xml
actor.lib.Reader is obsolete, use actor.lib.io.ExpressionReader instead
4 ms. Memory: 416768K Free: 333027K (80%)
----------------- Invoking toplevel() on ptolemy.moml.MoMLSimpleApplication@19e8ed7c
----------------- Done invoking toplevel() on ptolemy.moml.MoMLSimpleApplication@19e8ed7c
reloadAllAccessors: .Reader

===========================================================================================
----------------- testing Mon Sep 21 15:53:05 UTC 2020 /home/travis/build/icyphy/ptII/ptolemy/actor/lib/test/auto/RecordAssemblerDisplayNameTest.xml
----------------- Instantiating /home/travis/build/icyphy/ptII/ptolemy/actor/lib/test/auto/RecordAssemblerDisplayNameTest.xml
3266 ms. Memory: 416768K Free: 351630K (84%)
----------------- Invoking toplevel() on ptolemy.moml.MoMLSimpleApplication@38589abd
----------------- Done invoking toplevel() on ptolemy.moml.MoMLSimpleApplication@38589abd
reloadAllAccessors: .RecordAssemblerDisplayNameTest

===========================================================================================
----------------- testing Mon Sep 21 15:53:08 UTC 2020 /home/travis/build/icyphy/ptII/ptolemy/actor/lib/test/auto/RecordAssemblerTypeError.xml
----------------- Instantiating /home/travis/build/icyphy/ptII/ptolemy/actor/lib/test/auto/RecordAssemblerTypeError.xml
15 ms. Memory: 416768K Free: 341904K (82%)
----------------- Invoking toplevel() on ptolemy.moml.MoMLSimpleApplication@53f8157f
----------------- Done invoking toplevel() on ptolemy.moml.MoMLSimpleApplication@53f8157f
reloadAllAccessors: .RecordAssemblerTypeError

===========================================================================================
----------------- testing Mon Sep 21 15:53:08 UTC 2020 /home/travis/build/icyphy/ptII/ptolemy/actor/lib/test/auto/RecordDisassember.xml
----------------- Instantiating /home/travis/build/icyphy/ptII/ptolemy/actor/lib/test/auto/RecordDisassember.xml
3 ms. Memory: 416768K Free: 336784K (81%)
----------------- Invoking toplevel() on ptolemy.moml.MoMLSimpleApplication@53cda418
----------------- Done invoking toplevel() on ptolemy.moml.MoMLSimpleApplication@53cda418
reloadAllAccessors: .RecordDisassember

===========================================================================================
----------------- testing Mon Sep 21 15:53:08 UTC 2020 /home/travis/build/icyphy/ptII/ptolemy/actor/lib/test/auto/RecordDisassemberDisplayNameTest.xml
----------------- Instantiating /home/travis/build/icyphy/ptII/ptolemy/actor/lib/test/auto/RecordDisassemberDisplayNameTest.xml
7 ms. Memory: 416768K Free: 328592K (79%)
----------------- Invoking toplevel() on ptolemy.moml.MoMLSimpleApplication@2224ec14
----------------- Done invoking toplevel() on ptolemy.moml.MoMLSimpleApplication@2224ec14
reloadAllAccessors: .RecordDisassemberDisplayNameTest

===========================================================================================
----------------- testing Mon Sep 21 15:53:08 UTC 2020 /home/travis/build/icyphy/ptII/ptolemy/actor/lib/test/auto/RecordDisassembler.xml
----------------- Instantiating /home/travis/build/icyphy/ptII/ptolemy/actor/lib/test/auto/RecordDisassembler.xml
3 ms. Memory: 416768K Free: 323472K (78%)
----------------- Invoking toplevel() on ptolemy.moml.MoMLSimpleApplication@75933fba
----------------- Done invoking toplevel() on ptolemy.moml.MoMLSimpleApplication@75933fba
reloadAllAccessors: .RecordDisassembler

===========================================================================================
----------------- testing Mon Sep 21 15:53:08 UTC 2020 /home/travis/build/icyphy/ptII/ptolemy/actor/lib/test/auto/RecordDisassembler2.xml
----------------- Instantiating /home/travis/build/icyphy/ptII/ptolemy/actor/lib/test/auto/RecordDisassembler2.xml
2 ms. Memory: 416768K Free: 318352K (76%)
----------------- Invoking toplevel() on ptolemy.moml.MoMLSimpleApplication@4e171652
----------------- Done invoking toplevel() on ptolemy.moml.MoMLSimpleApplication@4e171652
reloadAllAccessors: .RecordDisassembler2

===========================================================================================
----------------- testing Mon Sep 21 15:53:08 UTC 2020 /home/travis/build/icyphy/ptII/ptolemy/actor/lib/test/auto/RecordUpdater.xml
----------------- Instantiating /home/travis/build/icyphy/ptII/ptolemy/actor/lib/test/auto/RecordUpdater.xml
2 ms. Memory: 416768K Free: 312718K (75%)
----------------- Invoking toplevel() on ptolemy.moml.MoMLSimpleApplication@676855d1
----------------- Done invoking toplevel() on ptolemy.moml.MoMLSimpleApplication@676855d1
reloadAllAccessors: .RecordUpdater

===========================================================================================
----------------- testing Mon Sep 21 15:53:08 UTC 2020 /home/travis/build/icyphy/ptII/ptolemy/actor/lib/test/auto/RecordUpdater2.xml
----------------- Instantiating /home/travis/build/icyphy/ptII/ptolemy/actor/lib/test/auto/RecordUpdater2.xml
2 ms. Memory: 416768K Free: 308112K (74%)
----------------- Invoking toplevel() on ptolemy.moml.MoMLSimpleApplication@1e70493c
----------------- Done invoking toplevel() on ptolemy.moml.MoMLSimpleApplication@1e70493c
reloadAllAccessors: .RecordUpdater2

===========================================================================================
----------------- testing Mon Sep 21 15:53:08 UTC 2020 /home/travis/build/icyphy/ptII/ptolemy/actor/lib/test/auto/RecursiveLattice.xml
----------------- Instantiating /home/travis/build/icyphy/ptII/ptolemy/actor/lib/test/auto/RecursiveLattice.xml
1 ms. Memory: 416768K Free: 304016K (73%)
----------------- Invoking toplevel() on ptolemy.moml.MoMLSimpleApplication@12970fb7
----------------- Done invoking toplevel() on ptolemy.moml.MoMLSimpleApplication@12970fb7
reloadAllAccessors: .RecursiveLattice

===========================================================================================
----------------- testing Mon Sep 21 15:53:08 UTC 2020 /home/travis/build/icyphy/ptII/ptolemy/actor/lib/test/auto/Router.xml
----------------- Instantiating /home/travis/build/icyphy/ptII/ptolemy/actor/lib/test/auto/Router.xml
3006 ms. Memory: 416768K Free: 292752K (70%)
----------------- Invoking toplevel() on ptolemy.moml.MoMLSimpleApplication@406fd11e
----------------- Done invoking toplevel() on ptolemy.moml.MoMLSimpleApplication@406fd11e
reloadAllAccessors: .Router

===========================================================================================
----------------- testing Mon Sep 21 15:53:11 UTC 2020 /home/travis/build/icyphy/ptII/ptolemy/actor/lib/test/auto/Router2.xml
----------------- Instantiating /home/travis/build/icyphy/ptII/ptolemy/actor/lib/test/auto/Router2.xml
3005 ms. Memory: 416768K Free: 281488K (68%)
----------------- Invoking toplevel() on ptolemy.moml.MoMLSimpleApplication@33242b63
----------------- Done invoking toplevel() on ptolemy.moml.MoMLSimpleApplication@33242b63
reloadAllAccessors: .Router2

===========================================================================================
----------------- testing Mon Sep 21 15:53:14 UTC 2020 /home/travis/build/icyphy/ptII/ptolemy/actor/lib/test/auto/RunningMaximum.xml
----------------- Instantiating /home/travis/build/icyphy/ptII/ptolemy/actor/lib/test/auto/RunningMaximum.xml
7 ms. Memory: 416768K Free: 276368K (66%)
----------------- Invoking toplevel() on ptolemy.moml.MoMLSimpleApplication@13ef85a7
----------------- Done invoking toplevel() on ptolemy.moml.MoMLSimpleApplication@13ef85a7
reloadAllAccessors: .RunningMaximum

===========================================================================================
----------------- testing Mon Sep 21 15:53:15 UTC 2020 /home/travis/build/icyphy/ptII/ptolemy/actor/lib/test/auto/RunningMinimum.xml
----------------- Instantiating /home/travis/build/icyphy/ptII/ptolemy/actor/lib/test/auto/RunningMinimum.xml
2 ms. Memory: 416768K Free: 271758K (65%)
----------------- Invoking toplevel() on ptolemy.moml.MoMLSimpleApplication@7110e7a4
----------------- Done invoking toplevel() on ptolemy.moml.MoMLSimpleApplication@7110e7a4
reloadAllAccessors: .RunningMinimum

===========================================================================================
----------------- testing Mon Sep 21 15:53:15 UTC 2020 /home/travis/build/icyphy/ptII/ptolemy/actor/lib/test/auto/Scale.xml
----------------- Instantiating /home/travis/build/icyphy/ptII/ptolemy/actor/lib/test/auto/Scale.xml
2 ms. Memory: 416768K Free: 267152K (64%)
----------------- Invoking toplevel() on ptolemy.moml.MoMLSimpleApplication@593b78d4
----------------- Done invoking toplevel() on ptolemy.moml.MoMLSimpleApplication@593b78d4
reloadAllAccessors: .Scale

===========================================================================================
----------------- testing Mon Sep 21 15:53:15 UTC 2020 /home/travis/build/icyphy/ptII/ptolemy/actor/lib/test/auto/Scale2.xml
----------------- Instantiating /home/travis/build/icyphy/ptII/ptolemy/actor/lib/test/auto/Scale2.xml
2 ms. Memory: 416768K Free: 262032K (63%)
----------------- Invoking toplevel() on ptolemy.moml.MoMLSimpleApplication@33236a25
----------------- Done invoking toplevel() on ptolemy.moml.MoMLSimpleApplication@33236a25
reloadAllAccessors: .Scale2

===========================================================================================
----------------- testing Mon Sep 21 15:53:15 UTC 2020 /home/travis/build/icyphy/ptII/ptolemy/actor/lib/test/auto/Scale3.xml
----------------- Instantiating /home/travis/build/icyphy/ptII/ptolemy/actor/lib/test/auto/Scale3.xml
8 ms. Memory: 416768K Free: 255888K (61%)
----------------- Invoking toplevel() on ptolemy.moml.MoMLSimpleApplication@3ab4150a
----------------- Done invoking toplevel() on ptolemy.moml.MoMLSimpleApplication@3ab4150a
reloadAllAccessors: .Scale3

===========================================================================================
----------------- testing Mon Sep 21 15:53:15 UTC 2020 /home/travis/build/icyphy/ptII/ptolemy/actor/lib/test/auto/ScaleArray.xml
----------------- Instantiating /home/travis/build/icyphy/ptII/ptolemy/actor/lib/test/auto/ScaleArray.xml
2 ms. Memory: 416768K Free: 251278K (60%)
----------------- Invoking toplevel() on ptolemy.moml.MoMLSimpleApplication@24fe9bd
----------------- Done invoking toplevel() on ptolemy.moml.MoMLSimpleApplication@24fe9bd
reloadAllAccessors: .ScaleArray

===========================================================================================
----------------- testing Mon Sep 21 15:53:15 UTC 2020 /home/travis/build/icyphy/ptII/ptolemy/actor/lib/test/auto/ScaleArray2.xml
----------------- Instantiating /home/travis/build/icyphy/ptII/ptolemy/actor/lib/test/auto/ScaleArray2.xml
2 ms. Memory: 416768K Free: 246158K (59%)
----------------- Invoking toplevel() on ptolemy.moml.MoMLSimpleApplication@3759fb27
----------------- Done invoking toplevel() on ptolemy.moml.MoMLSimpleApplication@3759fb27
reloadAllAccessors: .ScaleArray2

===========================================================================================
----------------- testing Mon Sep 21 15:53:15 UTC 2020 /home/travis/build/icyphy/ptII/ptolemy/actor/lib/test/auto/ScaleMatrix.xml
----------------- Instantiating /home/travis/build/icyphy/ptII/ptolemy/actor/lib/test/auto/ScaleMatrix.xml
172 ms. Memory: 416768K Free: 231312K (56%)
----------------- Invoking toplevel() on ptolemy.moml.MoMLSimpleApplication@19a33384
----------------- Done invoking toplevel() on ptolemy.moml.MoMLSimpleApplication@19a33384
reloadAllAccessors: .ScaleMatrix

===========================================================================================
----------------- testing Mon Sep 21 15:53:15 UTC 2020 /home/travis/build/icyphy/ptII/ptolemy/actor/lib/test/auto/Select.xml
----------------- Instantiating /home/travis/build/icyphy/ptII/ptolemy/actor/lib/test/auto/Select.xml
4 ms. Memory: 416768K Free: 225168K (54%)
----------------- Invoking toplevel() on ptolemy.moml.MoMLSimpleApplication@22d75f1d
----------------- Done invoking toplevel() on ptolemy.moml.MoMLSimpleApplication@22d75f1d
reloadAllAccessors: .Select

===========================================================================================
----------------- testing Mon Sep 21 15:53:15 UTC 2020 /home/travis/build/icyphy/ptII/ptolemy/actor/lib/test/auto/Select2.xml
----------------- Instantiating /home/travis/build/icyphy/ptII/ptolemy/actor/lib/test/auto/Select2.xml
1 ms. Memory: 416768K Free: 220558K (53%)
----------------- Invoking toplevel() on ptolemy.moml.MoMLSimpleApplication@3d040d00
----------------- Done invoking toplevel() on ptolemy.moml.MoMLSimpleApplication@3d040d00
reloadAllAccessors: .Select2

===========================================================================================
----------------- testing Mon Sep 21 15:53:15 UTC 2020 /home/travis/build/icyphy/ptII/ptolemy/actor/lib/test/auto/SequenceToArray2.xml
----------------- Instantiating /home/travis/build/icyphy/ptII/ptolemy/actor/lib/test/auto/SequenceToArray2.xml
108 ms. Memory: 416768K Free: 195968K (47%)
----------------- Invoking toplevel() on ptolemy.moml.MoMLSimpleApplication@2e5a58aa
----------------- Done invoking toplevel() on ptolemy.moml.MoMLSimpleApplication@2e5a58aa
reloadAllAccessors: .SequenceToArray2

===========================================================================================
----------------- testing Mon Sep 21 15:53:15 UTC 2020 /home/travis/build/icyphy/ptII/ptolemy/actor/lib/test/auto/SequentialClock.xml
----------------- Instantiating /home/travis/build/icyphy/ptII/ptolemy/actor/lib/test/auto/SequentialClock.xml
1 ms. Memory: 416768K Free: 191886K (46%)
----------------- Invoking toplevel() on ptolemy.moml.MoMLSimpleApplication@5fe58997
----------------- Done invoking toplevel() on ptolemy.moml.MoMLSimpleApplication@5fe58997
reloadAllAccessors: .SequentialClock

===========================================================================================
----------------- testing Mon Sep 21 15:53:15 UTC 2020 /home/travis/build/icyphy/ptII/ptolemy/actor/lib/test/auto/SetVariable.xml
----------------- Instantiating /home/travis/build/icyphy/ptII/ptolemy/actor/lib/test/auto/SetVariable.xml
2 ms. Memory: 416768K Free: 187280K (45%)
----------------- Invoking toplevel() on ptolemy.moml.MoMLSimpleApplication@4af414f8
----------------- Done invoking toplevel() on ptolemy.moml.MoMLSimpleApplication@4af414f8
reloadAllAccessors: .SetVariable

===========================================================================================
----------------- testing Mon Sep 21 15:53:15 UTC 2020 /home/travis/build/icyphy/ptII/ptolemy/actor/lib/test/auto/SetVariable2.xml
----------------- Instantiating /home/travis/build/icyphy/ptII/ptolemy/actor/lib/test/auto/SetVariable2.xml
2 ms. Memory: 416768K Free: 181646K (44%)
----------------- Invoking toplevel() on ptolemy.moml.MoMLSimpleApplication@4aff6a35
----------------- Done invoking toplevel() on ptolemy.moml.MoMLSimpleApplication@4aff6a35
reloadAllAccessors: .SetVariable2

===========================================================================================
----------------- testing Mon Sep 21 15:53:15 UTC 2020 /home/travis/build/icyphy/ptII/ptolemy/actor/lib/test/auto/SetVariable3.xml
----------------- Instantiating /home/travis/build/icyphy/ptII/ptolemy/actor/lib/test/auto/SetVariable3.xml
7 ms. Memory: 416768K Free: 176526K (42%)
----------------- Invoking toplevel() on ptolemy.moml.MoMLSimpleApplication@22562525
----------------- Done invoking toplevel() on ptolemy.moml.MoMLSimpleApplication@22562525
reloadAllAccessors: .SetVariable3

===========================================================================================
----------------- testing Mon Sep 21 15:53:15 UTC 2020 /home/travis/build/icyphy/ptII/ptolemy/actor/lib/test/auto/SetVariable4.xml
----------------- Instantiating /home/travis/build/icyphy/ptII/ptolemy/actor/lib/test/auto/SetVariable4.xml
16 ms. Memory: 416768K Free: 166800K (40%)
----------------- Invoking toplevel() on ptolemy.moml.MoMLSimpleApplication@26353fac
----------------- Done invoking toplevel() on ptolemy.moml.MoMLSimpleApplication@26353fac
reloadAllAccessors: .SetVariable4

===========================================================================================
----------------- testing Mon Sep 21 15:53:15 UTC 2020 /home/travis/build/icyphy/ptII/ptolemy/actor/lib/test/auto/SetVariable5.xml
----------------- Instantiating /home/travis/build/icyphy/ptII/ptolemy/actor/lib/test/auto/SetVariable5.xml
19 ms. Memory: 416768K Free: 157070K (38%)
----------------- Invoking toplevel() on ptolemy.moml.MoMLSimpleApplication@71c7ba02
----------------- Done invoking toplevel() on ptolemy.moml.MoMLSimpleApplication@71c7ba02
reloadAllAccessors: .SetVariable5

===========================================================================================
----------------- testing Mon Sep 21 15:53:15 UTC 2020 /home/travis/build/icyphy/ptII/ptolemy/actor/lib/test/auto/Sinewave.xml
----------------- Instantiating /home/travis/build/icyphy/ptII/ptolemy/actor/lib/test/auto/Sinewave.xml
4 ms. Memory: 416768K Free: 146320K (35%)
----------------- Invoking toplevel() on ptolemy.moml.MoMLSimpleApplication@21f49fce
----------------- Done invoking toplevel() on ptolemy.moml.MoMLSimpleApplication@21f49fce
reloadAllAccessors: .Sinewave

===========================================================================================
----------------- testing Mon Sep 21 15:53:15 UTC 2020 /home/travis/build/icyphy/ptII/ptolemy/actor/lib/test/auto/Sinewave2.xml
----------------- Instantiating /home/travis/build/icyphy/ptII/ptolemy/actor/lib/test/auto/Sinewave2.xml
10 ms. Memory: 416768K Free: 138128K (33%)
----------------- Invoking toplevel() on ptolemy.moml.MoMLSimpleApplication@504bd58
----------------- Done invoking toplevel() on ptolemy.moml.MoMLSimpleApplication@504bd58
reloadAllAccessors: .Sinewave2

===========================================================================================
----------------- testing Mon Sep 21 15:53:15 UTC 2020 /home/travis/build/icyphy/ptII/ptolemy/actor/lib/test/auto/Sinewave3.xml
----------------- Instantiating /home/travis/build/icyphy/ptII/ptolemy/actor/lib/test/auto/Sinewave3.xml
11 ms. Memory: 416768K Free: 129936K (31%)
----------------- Invoking toplevel() on ptolemy.moml.MoMLSimpleApplication@785b3858
----------------- Done invoking toplevel() on ptolemy.moml.MoMLSimpleApplication@785b3858
reloadAllAccessors: .Sinewave3

===========================================================================================
----------------- testing Mon Sep 21 15:53:15 UTC 2020 /home/travis/build/icyphy/ptII/ptolemy/actor/lib/test/auto/SingleEvent.xml
----------------- Instantiating /home/travis/build/icyphy/ptII/ptolemy/actor/lib/test/auto/SingleEvent.xml
1 ms. Memory: 416768K Free: 125326K (30%)
----------------- Invoking toplevel() on ptolemy.moml.MoMLSimpleApplication@685f7923
----------------- Done invoking toplevel() on ptolemy.moml.MoMLSimpleApplication@685f7923
reloadAllAccessors: .SingleEvent

===========================================================================================
----------------- testing Mon Sep 21 15:53:15 UTC 2020 /home/travis/build/icyphy/ptII/ptolemy/actor/lib/test/auto/Sleep.xml
----------------- Instantiating /home/travis/build/icyphy/ptII/ptolemy/actor/lib/test/auto/Sleep.xml
6006 ms. Memory: 416768K Free: 119696K (29%)
----------------- Invoking toplevel() on ptolemy.moml.MoMLSimpleApplication@68b83a68
----------------- Done invoking toplevel() on ptolemy.moml.MoMLSimpleApplication@68b83a68
reloadAllAccessors: .Sleep

===========================================================================================
----------------- testing Mon Sep 21 15:53:21 UTC 2020 /home/travis/build/icyphy/ptII/ptolemy/actor/lib/test/auto/SleepMultipleFire.xml
----------------- Instantiating /home/travis/build/icyphy/ptII/ptolemy/actor/lib/test/auto/SleepMultipleFire.xml
1006 ms. Memory: 416768K Free: 360747K (87%)
----------------- Invoking toplevel() on ptolemy.moml.MoMLSimpleApplication@2f8c03b2
----------------- Done invoking toplevel() on ptolemy.moml.MoMLSimpleApplication@2f8c03b2
reloadAllAccessors: .SleepMultipleFire

===========================================================================================
----------------- testing Mon Sep 21 15:53:22 UTC 2020 /home/travis/build/icyphy/ptII/ptolemy/actor/lib/test/auto/StopDE.xml
----------------- Instantiating /home/travis/build/icyphy/ptII/ptolemy/actor/lib/test/auto/StopDE.xml
5 ms. Memory: 416768K Free: 354603K (85%)
----------------- Invoking toplevel() on ptolemy.moml.MoMLSimpleApplication@7e05059b
----------------- Done invoking toplevel() on ptolemy.moml.MoMLSimpleApplication@7e05059b
reloadAllAccessors: .StopDE

===========================================================================================
----------------- testing Mon Sep 21 15:53:22 UTC 2020 /home/travis/build/icyphy/ptII/ptolemy/actor/lib/test/auto/StopSDF.xml
----------------- Instantiating /home/travis/build/icyphy/ptII/ptolemy/actor/lib/test/auto/StopSDF.xml
3 ms. Memory: 416768K Free: 349483K (84%)
----------------- Invoking toplevel() on ptolemy.moml.MoMLSimpleApplication@14eef118
----------------- Done invoking toplevel() on ptolemy.moml.MoMLSimpleApplication@14eef118
reloadAllAccessors: .StopSDF

===========================================================================================
----------------- testing Mon Sep 21 15:53:22 UTC 2020 /home/travis/build/icyphy/ptII/ptolemy/actor/lib/test/auto/StringConstant.xml
----------------- Instantiating /home/travis/build/icyphy/ptII/ptolemy/actor/lib/test/auto/StringConstant.xml
10 ms. Memory: 416768K Free: 345384K (83%)
----------------- Invoking toplevel() on ptolemy.moml.MoMLSimpleApplication@1f40c333
----------------- Done invoking toplevel() on ptolemy.moml.MoMLSimpleApplication@1f40c333
reloadAllAccessors: .StringConstant

===========================================================================================
----------------- testing Mon Sep 21 15:53:22 UTC 2020 /home/travis/build/icyphy/ptII/ptolemy/actor/lib/test/auto/SubscriberPortInitialValues1.xml
----------------- Instantiating /home/travis/build/icyphy/ptII/ptolemy/actor/lib/test/auto/SubscriberPortInitialValues1.xml
12 ms. Memory: 416768K Free: 336171K (81%)
----------------- Invoking toplevel() on ptolemy.moml.MoMLSimpleApplication@357c087
----------------- Done invoking toplevel() on ptolemy.moml.MoMLSimpleApplication@357c087
reloadAllAccessors: .SubscriberPortInitialValues1

===========================================================================================
----------------- testing Mon Sep 21 15:53:22 UTC 2020 /home/travis/build/icyphy/ptII/ptolemy/actor/lib/test/auto/SubscriberPortInitialValues13.xml
----------------- Instantiating /home/travis/build/icyphy/ptII/ptolemy/actor/lib/test/auto/SubscriberPortInitialValues13.xml
5 ms. Memory: 416768K Free: 323373K (78%)
----------------- Invoking toplevel() on ptolemy.moml.MoMLSimpleApplication@7c53fd61
----------------- Done invoking toplevel() on ptolemy.moml.MoMLSimpleApplication@7c53fd61
reloadAllAccessors: .SubscriberPortInitialValues13

===========================================================================================
----------------- testing Mon Sep 21 15:53:22 UTC 2020 /home/travis/build/icyphy/ptII/ptolemy/actor/lib/test/auto/SubscriberPortInitialValues14.xml
----------------- Instantiating /home/travis/build/icyphy/ptII/ptolemy/actor/lib/test/auto/SubscriberPortInitialValues14.xml
6 ms. Memory: 416768K Free: 315181K (76%)
----------------- Invoking toplevel() on ptolemy.moml.MoMLSimpleApplication@22ab499e
----------------- Done invoking toplevel() on ptolemy.moml.MoMLSimpleApplication@22ab499e
reloadAllAccessors: .SubscriberPortInitialValues14

===========================================================================================
----------------- testing Mon Sep 21 15:53:22 UTC 2020 /home/travis/build/icyphy/ptII/ptolemy/actor/lib/test/auto/SubscriberPortInitialValues2.xml
----------------- Instantiating /home/travis/build/icyphy/ptII/ptolemy/actor/lib/test/auto/SubscriberPortInitialValues2.xml
4 ms. Memory: 416768K Free: 307499K (74%)
----------------- Invoking toplevel() on ptolemy.moml.MoMLSimpleApplication@7674c995
----------------- Done invoking toplevel() on ptolemy.moml.MoMLSimpleApplication@7674c995
reloadAllAccessors: .SubscriberPortInitialValues2

===========================================================================================
----------------- testing Mon Sep 21 15:53:23 UTC 2020 /home/travis/build/icyphy/ptII/ptolemy/actor/lib/test/auto/SubscriberPortInitialValues3.xml
----------------- Instantiating /home/travis/build/icyphy/ptII/ptolemy/actor/lib/test/auto/SubscriberPortInitialValues3.xml
4 ms. Memory: 416768K Free: 296749K (71%)
----------------- Invoking toplevel() on ptolemy.moml.MoMLSimpleApplication@5a1f1e37
----------------- Done invoking toplevel() on ptolemy.moml.MoMLSimpleApplication@5a1f1e37
reloadAllAccessors: .SubscriberPortInitialValues3

===========================================================================================
----------------- testing Mon Sep 21 15:53:23 UTC 2020 /home/travis/build/icyphy/ptII/ptolemy/actor/lib/test/auto/SubscriptionAggregator.xml
----------------- Instantiating /home/travis/build/icyphy/ptII/ptolemy/actor/lib/test/auto/SubscriptionAggregator.xml
2 ms. Memory: 416768K Free: 290077K (70%)
----------------- Invoking toplevel() on ptolemy.moml.MoMLSimpleApplication@2907cf33
----------------- Done invoking toplevel() on ptolemy.moml.MoMLSimpleApplication@2907cf33
reloadAllAccessors: .SubscriptionAggregator

===========================================================================================
----------------- testing Mon Sep 21 15:53:23 UTC 2020 /home/travis/build/icyphy/ptII/ptolemy/actor/lib/test/auto/SubscriptionAggregator2.xml
----------------- Instantiating /home/travis/build/icyphy/ptII/ptolemy/actor/lib/test/auto/SubscriptionAggregator2.xml
3 ms. Memory: 416768K Free: 282917K (68%)
----------------- Invoking toplevel() on ptolemy.moml.MoMLSimpleApplication@51865f06
----------------- Done invoking toplevel() on ptolemy.moml.MoMLSimpleApplication@51865f06
reloadAllAccessors: .SubscriptionAggregator2

===========================================================================================
----------------- testing Mon Sep 21 15:53:23 UTC 2020 /home/travis/build/icyphy/ptII/ptolemy/actor/lib/test/auto/SubscriptionAggregator3.xml
----------------- Instantiating /home/travis/build/icyphy/ptII/ptolemy/actor/lib/test/auto/SubscriptionAggregator3.xml
4 ms. Memory: 416768K Free: 274221K (66%)
----------------- Invoking toplevel() on ptolemy.moml.MoMLSimpleApplication@3bfca28a
----------------- Done invoking toplevel() on ptolemy.moml.MoMLSimpleApplication@3bfca28a
reloadAllAccessors: .SubscriptionAggregator3

===========================================================================================
----------------- testing Mon Sep 21 15:53:23 UTC 2020 /home/travis/build/icyphy/ptII/ptolemy/actor/lib/test/auto/SubscriptionAggregatorMultiply.xml
----------------- Instantiating /home/travis/build/icyphy/ptII/ptolemy/actor/lib/test/auto/SubscriptionAggregatorMultiply.xml
4 ms. Memory: 416768K Free: 265509K (64%)
----------------- Invoking toplevel() on ptolemy.moml.MoMLSimpleApplication@50673b08
----------------- Done invoking toplevel() on ptolemy.moml.MoMLSimpleApplication@50673b08
reloadAllAccessors: .SubscriptionAggregatorMultiply

===========================================================================================
----------------- testing Mon Sep 21 15:53:23 UTC 2020 /home/travis/build/icyphy/ptII/ptolemy/actor/lib/test/auto/SubscriptionAggregatorPortMultiply1.xml
----------------- Instantiating /home/travis/build/icyphy/ptII/ptolemy/actor/lib/test/auto/SubscriptionAggregatorPortMultiply1.xml
4 ms. Memory: 416768K Free: 257323K (62%)
----------------- Invoking toplevel() on ptolemy.moml.MoMLSimpleApplication@4c216a5
----------------- Done invoking toplevel() on ptolemy.moml.MoMLSimpleApplication@4c216a5
reloadAllAccessors: .SubscriptionAggregatorPortMultiply1

===========================================================================================
----------------- testing Mon Sep 21 15:53:23 UTC 2020 /home/travis/build/icyphy/ptII/ptolemy/actor/lib/test/auto/Switch.xml
----------------- Instantiating /home/travis/build/icyphy/ptII/ptolemy/actor/lib/test/auto/Switch.xml
12 ms. Memory: 416768K Free: 249131K (60%)
----------------- Invoking toplevel() on ptolemy.moml.MoMLSimpleApplication@503574a9
----------------- Done invoking toplevel() on ptolemy.moml.MoMLSimpleApplication@503574a9
reloadAllAccessors: .Switch

===========================================================================================
----------------- testing Mon Sep 21 15:53:23 UTC 2020 /home/travis/build/icyphy/ptII/ptolemy/actor/lib/test/auto/Switch2.xml
----------------- Instantiating /home/travis/build/icyphy/ptII/ptolemy/actor/lib/test/auto/Switch2.xml
1 ms. Memory: 416768K Free: 244525K (59%)
----------------- Invoking toplevel() on ptolemy.moml.MoMLSimpleApplication@55645dd
----------------- Done invoking toplevel() on ptolemy.moml.MoMLSimpleApplication@55645dd
reloadAllAccessors: .Switch2

===========================================================================================
----------------- testing Mon Sep 21 15:53:23 UTC 2020 /home/travis/build/icyphy/ptII/ptolemy/actor/lib/test/auto/SwitchDE.xml
----------------- Instantiating /home/travis/build/icyphy/ptII/ptolemy/actor/lib/test/auto/SwitchDE.xml
3 ms. Memory: 416768K Free: 238381K (57%)
----------------- Invoking toplevel() on ptolemy.moml.MoMLSimpleApplication@21ad60bf
----------------- Done invoking toplevel() on ptolemy.moml.MoMLSimpleApplication@21ad60bf
reloadAllAccessors: .SwitchDE

===========================================================================================
----------------- testing Mon Sep 21 15:53:23 UTC 2020 /home/travis/build/icyphy/ptII/ptolemy/actor/lib/test/auto/SynchronizerDE.xml
----------------- Instantiating /home/travis/build/icyphy/ptII/ptolemy/actor/lib/test/auto/SynchronizerDE.xml
7 ms. Memory: 416768K Free: 229645K (55%)
----------------- Invoking toplevel() on ptolemy.moml.MoMLSimpleApplication@455bfb91
----------------- Done invoking toplevel() on ptolemy.moml.MoMLSimpleApplication@455bfb91
reloadAllAccessors: .SynchronizerDE

===========================================================================================
----------------- testing Mon Sep 21 15:53:23 UTC 2020 /home/travis/build/icyphy/ptII/ptolemy/actor/lib/test/auto/Test.xml
----------------- Instantiating /home/travis/build/icyphy/ptII/ptolemy/actor/lib/test/auto/Test.xml
11 ms. Memory: 416768K Free: 224525K (54%)
----------------- Invoking toplevel() on ptolemy.moml.MoMLSimpleApplication@62da0284
----------------- Done invoking toplevel() on ptolemy.moml.MoMLSimpleApplication@62da0284
reloadAllAccessors: .Test

===========================================================================================
----------------- testing Mon Sep 21 15:53:23 UTC 2020 /home/travis/build/icyphy/ptII/ptolemy/actor/lib/test/auto/TestExceptionAttribute1.xml
----------------- Instantiating /home/travis/build/icyphy/ptII/ptolemy/actor/lib/test/auto/TestExceptionAttribute1.xml
1 ms. Memory: 416768K Free: 220459K (53%)
----------------- Invoking toplevel() on ptolemy.moml.MoMLSimpleApplication@6314bfc0
----------------- Done invoking toplevel() on ptolemy.moml.MoMLSimpleApplication@6314bfc0
reloadAllAccessors: .TestExceptionAttribute1

===========================================================================================
----------------- testing Mon Sep 21 15:53:23 UTC 2020 /home/travis/build/icyphy/ptII/ptolemy/actor/lib/test/auto/TestExceptionAttribute2.xml
----------------- Instantiating /home/travis/build/icyphy/ptII/ptolemy/actor/lib/test/auto/TestExceptionAttribute2.xml
1 ms. Memory: 416768K Free: 216877K (52%)
----------------- Invoking toplevel() on ptolemy.moml.MoMLSimpleApplication@4a4e3a31
----------------- Done invoking toplevel() on ptolemy.moml.MoMLSimpleApplication@4a4e3a31
reloadAllAccessors: .TestExceptionAttribute2

===========================================================================================
----------------- testing Mon Sep 21 15:53:23 UTC 2020 /home/travis/build/icyphy/ptII/ptolemy/actor/lib/test/auto/TestExceptionAttribute3.xml
----------------- Instantiating /home/travis/build/icyphy/ptII/ptolemy/actor/lib/test/auto/TestExceptionAttribute3.xml
.TestExceptionAttribute3.TestExceptionAttribute: initialize() was not invoked, but wrapup() was.  This is unusual, but not always a problem.  For example, exporting JNLP will do this.
1 ms. Memory: 416768K Free: 213291K (51%)
----------------- Invoking toplevel() on ptolemy.moml.MoMLSimpleApplication@74b8dc01
----------------- Done invoking toplevel() on ptolemy.moml.MoMLSimpleApplication@74b8dc01
reloadAllAccessors: .TestExceptionAttribute3

===========================================================================================
----------------- testing Mon Sep 21 15:53:23 UTC 2020 /home/travis/build/icyphy/ptII/ptolemy/actor/lib/test/auto/TestExceptionAttribute4.xml
----------------- Instantiating /home/travis/build/icyphy/ptII/ptolemy/actor/lib/test/auto/TestExceptionAttribute4.xml
.TestExceptionAttribute4.TestExceptionAttribute: initialize() was not invoked, but wrapup() was.  This is unusual, but not always a problem.  For example, exporting JNLP will do this.
.TestExceptionAttribute4.TestExceptionAttribute2: initialize() was not invoked, but wrapup() was.  This is unusual, but not always a problem.  For example, exporting JNLP will do this.
1 ms. Memory: 416768K Free: 209195K (50%)
----------------- Invoking toplevel() on ptolemy.moml.MoMLSimpleApplication@796c250d
----------------- Done invoking toplevel() on ptolemy.moml.MoMLSimpleApplication@796c250d
reloadAllAccessors: .TestExceptionAttribute4

===========================================================================================
----------------- testing Mon Sep 21 15:53:23 UTC 2020 /home/travis/build/icyphy/ptII/ptolemy/actor/lib/test/auto/TestExceptionHandler1.xml
----------------- Instantiating /home/travis/build/icyphy/ptII/ptolemy/actor/lib/test/auto/TestExceptionHandler1.xml
1 ms. Memory: 416768K Free: 205099K (49%)
----------------- Invoking toplevel() on ptolemy.moml.MoMLSimpleApplication@38a7fc3c
----------------- Done invoking toplevel() on ptolemy.moml.MoMLSimpleApplication@38a7fc3c
reloadAllAccessors: .TestExceptionHandler1

===========================================================================================
----------------- testing Mon Sep 21 15:53:23 UTC 2020 /home/travis/build/icyphy/ptII/ptolemy/actor/lib/test/auto/TestExceptionHandler2.xml
----------------- Instantiating /home/travis/build/icyphy/ptII/ptolemy/actor/lib/test/auto/TestExceptionHandler2.xml
1 ms. Memory: 416768K Free: 201517K (48%)
----------------- Invoking toplevel() on ptolemy.moml.MoMLSimpleApplication@4c26044c
----------------- Done invoking toplevel() on ptolemy.moml.MoMLSimpleApplication@4c26044c
reloadAllAccessors: .TestExceptionHandler2

===========================================================================================
----------------- testing Mon Sep 21 15:53:23 UTC 2020 /home/travis/build/icyphy/ptII/ptolemy/actor/lib/test/auto/TestExceptionHandler3.xml
----------------- Instantiating /home/travis/build/icyphy/ptII/ptolemy/actor/lib/test/auto/TestExceptionHandler3.xml
0 ms. Memory: 416768K Free: 196907K (47%)
----------------- Invoking toplevel() on ptolemy.moml.MoMLSimpleApplication@1788e093
----------------- Done invoking toplevel() on ptolemy.moml.MoMLSimpleApplication@1788e093
reloadAllAccessors: .TestExceptionHandler3

===========================================================================================
----------------- testing Mon Sep 21 15:53:23 UTC 2020 /home/travis/build/icyphy/ptII/ptolemy/actor/lib/test/auto/TestExceptionHandler4.xml
----------------- Instantiating /home/travis/build/icyphy/ptII/ptolemy/actor/lib/test/auto/TestExceptionHandler4.xml
1 ms. Memory: 416768K Free: 192301K (46%)
----------------- Invoking toplevel() on ptolemy.moml.MoMLSimpleApplication@3ed55fb3
----------------- Done invoking toplevel() on ptolemy.moml.MoMLSimpleApplication@3ed55fb3
reloadAllAccessors: .TestExceptionHandler4

===========================================================================================
----------------- testing Mon Sep 21 15:53:23 UTC 2020 /home/travis/build/icyphy/ptII/ptolemy/actor/lib/test/auto/TestRequireCorrectOrder.xml
----------------- Instantiating /home/travis/build/icyphy/ptII/ptolemy/actor/lib/test/auto/TestRequireCorrectOrder.xml
6 ms. Memory: 416768K Free: 187181K (45%)
----------------- Invoking toplevel() on ptolemy.moml.MoMLSimpleApplication@4f347c3e
----------------- Done invoking toplevel() on ptolemy.moml.MoMLSimpleApplication@4f347c3e
reloadAllAccessors: .TestRequireCorrectOrder

===========================================================================================
----------------- testing Mon Sep 21 15:53:23 UTC 2020 /home/travis/build/icyphy/ptII/ptolemy/actor/lib/test/auto/TestSimple.xml
----------------- Instantiating /home/travis/build/icyphy/ptII/ptolemy/actor/lib/test/auto/TestSimple.xml
1 ms. Memory: 416768K Free: 182571K (44%)
----------------- Invoking toplevel() on ptolemy.moml.MoMLSimpleApplication@5acd448d
----------------- Done invoking toplevel() on ptolemy.moml.MoMLSimpleApplication@5acd448d
reloadAllAccessors: .TestSimple

===========================================================================================
----------------- testing Mon Sep 21 15:53:23 UTC 2020 /home/travis/build/icyphy/ptII/ptolemy/actor/lib/test/auto/ThrowModelError.xml
----------------- Instantiating /home/travis/build/icyphy/ptII/ptolemy/actor/lib/test/auto/ThrowModelError.xml
2 ms. Memory: 416768K Free: 177451K (43%)
----------------- Invoking toplevel() on ptolemy.moml.MoMLSimpleApplication@3b0a677c
----------------- Done invoking toplevel() on ptolemy.moml.MoMLSimpleApplication@3b0a677c
reloadAllAccessors: .ThrowModelError

===========================================================================================
----------------- testing Mon Sep 21 15:53:23 UTC 2020 /home/travis/build/icyphy/ptII/ptolemy/actor/lib/test/auto/TimeDelayMicrosteps.xml
----------------- Instantiating /home/travis/build/icyphy/ptII/ptolemy/actor/lib/test/auto/TimeDelayMicrosteps.xml
4 ms. Memory: 416768K Free: 170797K (41%)
----------------- Invoking toplevel() on ptolemy.moml.MoMLSimpleApplication@5cfa1f5c
----------------- Done invoking toplevel() on ptolemy.moml.MoMLSimpleApplication@5cfa1f5c
reloadAllAccessors: .TimeDelayMicrosteps

===========================================================================================
----------------- testing Mon Sep 21 15:53:23 UTC 2020 /home/travis/build/icyphy/ptII/ptolemy/actor/lib/test/auto/TimeDelayMicrosteps2.xml
----------------- Instantiating /home/travis/build/icyphy/ptII/ptolemy/actor/lib/test/auto/TimeDelayMicrosteps2.xml
3 ms. Memory: 416768K Free: 163629K (39%)
----------------- Invoking toplevel() on ptolemy.moml.MoMLSimpleApplication@5b74a0c7
----------------- Done invoking toplevel() on ptolemy.moml.MoMLSimpleApplication@5b74a0c7
reloadAllAccessors: .TimeDelayMicrosteps2

===========================================================================================
----------------- testing Mon Sep 21 15:53:23 UTC 2020 /home/travis/build/icyphy/ptII/ptolemy/actor/lib/test/auto/TimeDelayMicrosteps3.xml
----------------- Instantiating /home/travis/build/icyphy/ptII/ptolemy/actor/lib/test/auto/TimeDelayMicrosteps3.xml
2 ms. Memory: 416768K Free: 156461K (38%)
----------------- Invoking toplevel() on ptolemy.moml.MoMLSimpleApplication@5c433628
----------------- Done invoking toplevel() on ptolemy.moml.MoMLSimpleApplication@5c433628
reloadAllAccessors: .TimeDelayMicrosteps3

===========================================================================================
----------------- testing Mon Sep 21 15:53:23 UTC 2020 /home/travis/build/icyphy/ptII/ptolemy/actor/lib/test/auto/TimeDelayVariableMicrosteps.xml
----------------- Instantiating /home/travis/build/icyphy/ptII/ptolemy/actor/lib/test/auto/TimeDelayVariableMicrosteps.xml
3 ms. Memory: 416768K Free: 149803K (36%)
----------------- Invoking toplevel() on ptolemy.moml.MoMLSimpleApplication@6713dcbe
----------------- Done invoking toplevel() on ptolemy.moml.MoMLSimpleApplication@6713dcbe
reloadAllAccessors: .TimeDelayVariableMicrosteps

===========================================================================================
----------------- testing Mon Sep 21 15:53:23 UTC 2020 /home/travis/build/icyphy/ptII/ptolemy/actor/lib/test/auto/TimeGap.xml
----------------- Instantiating /home/travis/build/icyphy/ptII/ptolemy/actor/lib/test/auto/TimeGap.xml
3 ms. Memory: 416768K Free: 144173K (35%)
----------------- Invoking toplevel() on ptolemy.moml.MoMLSimpleApplication@448a529f
----------------- Done invoking toplevel() on ptolemy.moml.MoMLSimpleApplication@448a529f
reloadAllAccessors: .TimeGap

===========================================================================================
----------------- testing Mon Sep 21 15:53:23 UTC 2020 /home/travis/build/icyphy/ptII/ptolemy/actor/lib/test/auto/TimeGap2.xml
----------------- Instantiating /home/travis/build/icyphy/ptII/ptolemy/actor/lib/test/auto/TimeGap2.xml
2 ms. Memory: 416768K Free: 138509K (33%)
----------------- Invoking toplevel() on ptolemy.moml.MoMLSimpleApplication@544cac9b
----------------- Done invoking toplevel() on ptolemy.moml.MoMLSimpleApplication@544cac9b
reloadAllAccessors: .TimeGap2

===========================================================================================
----------------- testing Mon Sep 21 15:53:23 UTC 2020 /home/travis/build/icyphy/ptII/ptolemy/actor/lib/test/auto/TimedSinewave.xml
----------------- Instantiating /home/travis/build/icyphy/ptII/ptolemy/actor/lib/test/auto/TimedSinewave.xml
30 ms. Memory: 416768K Free: 124203K (30%)
----------------- Invoking toplevel() on ptolemy.moml.MoMLSimpleApplication@26f8c894
----------------- Done invoking toplevel() on ptolemy.moml.MoMLSimpleApplication@26f8c894
reloadAllAccessors: .TimedSinewave

===========================================================================================
----------------- testing Mon Sep 21 15:53:23 UTC 2020 /home/travis/build/icyphy/ptII/ptolemy/actor/lib/test/auto/TimedSinewavePhase.xml
----------------- Instantiating /home/travis/build/icyphy/ptII/ptolemy/actor/lib/test/auto/TimedSinewavePhase.xml
10 ms. Memory: 416768K Free: 360261K (86%)
----------------- Invoking toplevel() on ptolemy.moml.MoMLSimpleApplication@19b3682d
----------------- Done invoking toplevel() on ptolemy.moml.MoMLSimpleApplication@19b3682d
reloadAllAccessors: .TimedSinewavePhase

===========================================================================================
----------------- testing Mon Sep 21 15:53:23 UTC 2020 /home/travis/build/icyphy/ptII/ptolemy/actor/lib/test/auto/Timer.xml
----------------- Instantiating /home/travis/build/icyphy/ptII/ptolemy/actor/lib/test/auto/Timer.xml
2 ms. Memory: 416768K Free: 354117K (85%)
----------------- Invoking toplevel() on ptolemy.moml.MoMLSimpleApplication@46080c25
----------------- Done invoking toplevel() on ptolemy.moml.MoMLSimpleApplication@46080c25
reloadAllAccessors: .Timer

===========================================================================================
----------------- testing Mon Sep 21 15:53:23 UTC 2020 /home/travis/build/icyphy/ptII/ptolemy/actor/lib/test/auto/TriangularDistTestModel.xml
----------------- Instantiating /home/travis/build/icyphy/ptII/ptolemy/actor/lib/test/auto/TriangularDistTestModel.xml
1 ms. Memory: 416768K Free: 348487K (84%)
----------------- Invoking toplevel() on ptolemy.moml.MoMLSimpleApplication@418348ec
----------------- Done invoking toplevel() on ptolemy.moml.MoMLSimpleApplication@418348ec
reloadAllAccessors: .TriangularDistTestModel

===========================================================================================
----------------- testing Mon Sep 21 15:53:23 UTC 2020 /home/travis/build/icyphy/ptII/ptolemy/actor/lib/test/auto/TrigFunction.xml
----------------- Instantiating /home/travis/build/icyphy/ptII/ptolemy/actor/lib/test/auto/TrigFunction.xml
1 ms. Memory: 416768K Free: 343367K (82%)
----------------- Invoking toplevel() on ptolemy.moml.MoMLSimpleApplication@13ba21db
----------------- Done invoking toplevel() on ptolemy.moml.MoMLSimpleApplication@13ba21db
reloadAllAccessors: .TrigFunction

===========================================================================================
----------------- testing Mon Sep 21 15:53:23 UTC 2020 /home/travis/build/icyphy/ptII/ptolemy/actor/lib/test/auto/TrigFunctionDE.xml
----------------- Instantiating /home/travis/build/icyphy/ptII/ptolemy/actor/lib/test/auto/TrigFunctionDE.xml
1 ms. Memory: 416768K Free: 337727K (81%)
----------------- Invoking toplevel() on ptolemy.moml.MoMLSimpleApplication@c43d825
----------------- Done invoking toplevel() on ptolemy.moml.MoMLSimpleApplication@c43d825
reloadAllAccessors: .TrigFunctionDE

===========================================================================================
----------------- testing Mon Sep 21 15:53:23 UTC 2020 /home/travis/build/icyphy/ptII/ptolemy/actor/lib/test/auto/TrigFunctionInverse.xml
----------------- Instantiating /home/travis/build/icyphy/ptII/ptolemy/actor/lib/test/auto/TrigFunctionInverse.xml
2 ms. Memory: 416768K Free: 332613K (80%)
----------------- Invoking toplevel() on ptolemy.moml.MoMLSimpleApplication@16a34dbe
----------------- Done invoking toplevel() on ptolemy.moml.MoMLSimpleApplication@16a34dbe
reloadAllAccessors: .TrigFunctionInverse

===========================================================================================
----------------- testing Mon Sep 21 15:53:23 UTC 2020 /home/travis/build/icyphy/ptII/ptolemy/actor/lib/test/auto/TrigFunctionTan.xml
----------------- Instantiating /home/travis/build/icyphy/ptII/ptolemy/actor/lib/test/auto/TrigFunctionTan.xml
1 ms. Memory: 416768K Free: 328007K (79%)
----------------- Invoking toplevel() on ptolemy.moml.MoMLSimpleApplication@318ba650
----------------- Done invoking toplevel() on ptolemy.moml.MoMLSimpleApplication@318ba650
reloadAllAccessors: .TrigFunctionTan

===========================================================================================
----------------- testing Mon Sep 21 15:53:23 UTC 2020 /home/travis/build/icyphy/ptII/ptolemy/actor/lib/test/auto/TriggeredClock.xml
----------------- Instantiating /home/travis/build/icyphy/ptII/ptolemy/actor/lib/test/auto/TriggeredClock.xml
2 ms. Memory: 416768K Free: 322887K (77%)
----------------- Invoking toplevel() on ptolemy.moml.MoMLSimpleApplication@2b429d00
----------------- Done invoking toplevel() on ptolemy.moml.MoMLSimpleApplication@2b429d00
reloadAllAccessors: .TriggeredClock

===========================================================================================
----------------- testing Mon Sep 21 15:53:23 UTC 2020 /home/travis/build/icyphy/ptII/ptolemy/actor/lib/test/auto/URLDirectoryReader.xml
----------------- Instantiating /home/travis/build/icyphy/ptII/ptolemy/actor/lib/test/auto/URLDirectoryReader.xml
36 ms. Memory: 416768K Free: 313671K (75%)
----------------- Invoking toplevel() on ptolemy.moml.MoMLSimpleApplication@268f4f79
----------------- Done invoking toplevel() on ptolemy.moml.MoMLSimpleApplication@268f4f79
reloadAllAccessors: .URLDirectoryReader

===========================================================================================
----------------- testing Mon Sep 21 15:53:23 UTC 2020 /home/travis/build/icyphy/ptII/ptolemy/actor/lib/test/auto/URLDirectoryReader3.xml
----------------- Instantiating /home/travis/build/icyphy/ptII/ptolemy/actor/lib/test/auto/URLDirectoryReader3.xml
1813 ms. Memory: 416768K Free: 356558K (86%)
----------------- Invoking toplevel() on ptolemy.moml.MoMLSimpleApplication@14abb434
----------------- Done invoking toplevel() on ptolemy.moml.MoMLSimpleApplication@14abb434
reloadAllAccessors: .URLDirectoryReader3

===========================================================================================
----------------- testing Mon Sep 21 15:53:26 UTC 2020 /home/travis/build/icyphy/ptII/ptolemy/actor/lib/test/auto/UnaryMathFunction.xml
----------------- Instantiating /home/travis/build/icyphy/ptII/ptolemy/actor/lib/test/auto/UnaryMathFunction.xml
4 ms. Memory: 416768K Free: 348366K (84%)
----------------- Invoking toplevel() on ptolemy.moml.MoMLSimpleApplication@5ba87f74
----------------- Done invoking toplevel() on ptolemy.moml.MoMLSimpleApplication@5ba87f74
reloadAllAccessors: .UnaryMathFunction

===========================================================================================
----------------- testing Mon Sep 21 15:53:26 UTC 2020 /home/travis/build/icyphy/ptII/ptolemy/actor/lib/test/auto/Uniform.xml
----------------- Instantiating /home/travis/build/icyphy/ptII/ptolemy/actor/lib/test/auto/Uniform.xml
2 ms. Memory: 416768K Free: 343756K (82%)
----------------- Invoking toplevel() on ptolemy.moml.MoMLSimpleApplication@39efe336
----------------- Done invoking toplevel() on ptolemy.moml.MoMLSimpleApplication@39efe336
reloadAllAccessors: .Uniform

===========================================================================================
----------------- testing Mon Sep 21 15:53:26 UTC 2020 /home/travis/build/icyphy/ptII/ptolemy/actor/lib/test/auto/UnionDisassemblerTest.xml
----------------- Instantiating /home/travis/build/icyphy/ptII/ptolemy/actor/lib/test/auto/UnionDisassemblerTest.xml
8 ms. Memory: 416768K Free: 339646K (81%)
----------------- Invoking toplevel() on ptolemy.moml.MoMLSimpleApplication@3e22a7b3
----------------- Done invoking toplevel() on ptolemy.moml.MoMLSimpleApplication@3e22a7b3
reloadAllAccessors: .UnionDisassemblerTest

===========================================================================================
----------------- testing Mon Sep 21 15:53:26 UTC 2020 /home/travis/build/icyphy/ptII/ptolemy/actor/lib/test/auto/UtilityFunctions.xml
----------------- Instantiating /home/travis/build/icyphy/ptII/ptolemy/actor/lib/test/auto/UtilityFunctions.xml
2 ms. Memory: 416768K Free: 335564K (81%)
----------------- Invoking toplevel() on ptolemy.moml.MoMLSimpleApplication@42fe6037
----------------- Done invoking toplevel() on ptolemy.moml.MoMLSimpleApplication@42fe6037
reloadAllAccessors: .UtilityFunctions

===========================================================================================
----------------- testing Mon Sep 21 15:53:26 UTC 2020 /home/travis/build/icyphy/ptII/ptolemy/actor/lib/test/auto/VariableSleep.xml
----------------- Instantiating /home/travis/build/icyphy/ptII/ptolemy/actor/lib/test/auto/VariableSleep.xml
503 ms. Memory: 416768K Free: 330444K (79%)
----------------- Invoking toplevel() on ptolemy.moml.MoMLSimpleApplication@5f4207d4
----------------- Done invoking toplevel() on ptolemy.moml.MoMLSimpleApplication@5f4207d4
reloadAllAccessors: .VariableSleep

===========================================================================================
----------------- testing Mon Sep 21 15:53:26 UTC 2020 /home/travis/build/icyphy/ptII/ptolemy/actor/lib/test/auto/VectorAssemblerDisassemblerCT.xml
----------------- Instantiating /home/travis/build/icyphy/ptII/ptolemy/actor/lib/test/auto/VectorAssemblerDisassemblerCT.xml
83 ms. Memory: 416768K Free: 309964K (74%)
----------------- Invoking toplevel() on ptolemy.moml.MoMLSimpleApplication@4ea039be
----------------- Done invoking toplevel() on ptolemy.moml.MoMLSimpleApplication@4ea039be
reloadAllAccessors: .VectorAssemblerDisassemblerCT

===========================================================================================
----------------- testing Mon Sep 21 15:53:26 UTC 2020 /home/travis/build/icyphy/ptII/ptolemy/actor/lib/test/auto/VectorAssemblerDisassemblerDE.xml
----------------- Instantiating /home/travis/build/icyphy/ptII/ptolemy/actor/lib/test/auto/VectorAssemblerDisassemblerDE.xml
3 ms. Memory: 416768K Free: 302796K (73%)
----------------- Invoking toplevel() on ptolemy.moml.MoMLSimpleApplication@4521b18c
----------------- Done invoking toplevel() on ptolemy.moml.MoMLSimpleApplication@4521b18c
reloadAllAccessors: .VectorAssemblerDisassemblerDE

===========================================================================================
----------------- testing Mon Sep 21 15:53:26 UTC 2020 /home/travis/build/icyphy/ptII/ptolemy/actor/lib/test/auto/VectorAssemblerDisassemblerSDF.xml
----------------- Instantiating /home/travis/build/icyphy/ptII/ptolemy/actor/lib/test/auto/VectorAssemblerDisassemblerSDF.xml
2 ms. Memory: 416768K Free: 295628K (71%)
----------------- Invoking toplevel() on ptolemy.moml.MoMLSimpleApplication@55af5e89
----------------- Done invoking toplevel() on ptolemy.moml.MoMLSimpleApplication@55af5e89
reloadAllAccessors: .VectorAssemblerDisassemblerSDF

===========================================================================================
----------------- testing Mon Sep 21 15:53:26 UTC 2020 /home/travis/build/icyphy/ptII/ptolemy/actor/lib/test/auto/WallClockTime.xml
----------------- Instantiating /home/travis/build/icyphy/ptII/ptolemy/actor/lib/test/auto/WallClockTime.xml
1005 ms. Memory: 416768K Free: 290508K (70%)
----------------- Invoking toplevel() on ptolemy.moml.MoMLSimpleApplication@2805c27f
----------------- Done invoking toplevel() on ptolemy.moml.MoMLSimpleApplication@2805c27f
reloadAllAccessors: .WallClockTime

===========================================================================================
----------------- testing Mon Sep 21 15:53:27 UTC 2020 /home/travis/build/icyphy/ptII/ptolemy/actor/lib/test/auto/WidthTestWithSubscriberPublisher.xml
----------------- Instantiating /home/travis/build/icyphy/ptII/ptolemy/actor/lib/test/auto/WidthTestWithSubscriberPublisher.xml
7 ms. Memory: 416768K Free: 272590K (65%)
----------------- Invoking toplevel() on ptolemy.moml.MoMLSimpleApplication@2c84ab86
----------------- Done invoking toplevel() on ptolemy.moml.MoMLSimpleApplication@2c84ab86
reloadAllAccessors: .WidthTestWithSubscriberPublisher

===========================================================================================
----------------- testing Mon Sep 21 15:53:27 UTC 2020 /home/travis/build/icyphy/ptII/ptolemy/actor/lib/test/auto/WidthTestWithSubscriberPublisher2.xml
----------------- Instantiating /home/travis/build/icyphy/ptII/ptolemy/actor/lib/test/auto/WidthTestWithSubscriberPublisher2.xml
2 ms. Memory: 416768K Free: 265932K (64%)
----------------- Invoking toplevel() on ptolemy.moml.MoMLSimpleApplication@2c8cf103
----------------- Done invoking toplevel() on ptolemy.moml.MoMLSimpleApplication@2c8cf103
reloadAllAccessors: .WidthTestWithSubscriberPublisher2

===========================================================================================
----------------- testing Mon Sep 21 15:53:27 UTC 2020 /home/travis/build/icyphy/ptII/ptolemy/actor/lib/test/auto/WidthTestWithSubscriberPublisher3.xml
----------------- Instantiating /home/travis/build/icyphy/ptII/ptolemy/actor/lib/test/auto/WidthTestWithSubscriberPublisher3.xml
2 ms. Memory: 416768K Free: 260302K (62%)
----------------- Invoking toplevel() on ptolemy.moml.MoMLSimpleApplication@581ca59d
----------------- Done invoking toplevel() on ptolemy.moml.MoMLSimpleApplication@581ca59d
reloadAllAccessors: .WidthTestWithSubscriberPublisher3

===========================================================================================
----------------- testing Mon Sep 21 15:53:27 UTC 2020 /home/travis/build/icyphy/ptII/ptolemy/actor/lib/test/auto/Writer.xml
----------------- Instantiating /home/travis/build/icyphy/ptII/ptolemy/actor/lib/test/auto/Writer.xml
0
1
2
3
4
2 ms. Memory: 416768K Free: 256206K (61%)
----------------- Invoking toplevel() on ptolemy.moml.MoMLSimpleApplication@15bd53df
----------------- Done invoking toplevel() on ptolemy.moml.MoMLSimpleApplication@15bd53df
reloadAllAccessors: .Writer

===========================================================================================
----------------- testing Mon Sep 21 15:53:27 UTC 2020 /home/travis/build/icyphy/ptII/ptolemy/actor/lib/test/auto/array.xml
----------------- Instantiating /home/travis/build/icyphy/ptII/ptolemy/actor/lib/test/auto/array.xml
2 ms. Memory: 416768K Free: 251086K (60%)
----------------- Invoking toplevel() on ptolemy.moml.MoMLSimpleApplication@6e4bba83
----------------- Done invoking toplevel() on ptolemy.moml.MoMLSimpleApplication@6e4bba83
reloadAllAccessors: .array

===========================================================================================
----------------- testing Mon Sep 21 15:53:27 UTC 2020 /home/travis/build/icyphy/ptII/ptolemy/actor/lib/test/auto/array2.xml
----------------- Instantiating /home/travis/build/icyphy/ptII/ptolemy/actor/lib/test/auto/array2.xml
9 ms. Memory: 416768K Free: 245966K (59%)
----------------- Invoking toplevel() on ptolemy.moml.MoMLSimpleApplication@42cc7d6f
----------------- Done invoking toplevel() on ptolemy.moml.MoMLSimpleApplication@42cc7d6f
reloadAllAccessors: .array2

===========================================================================================
----------------- testing Mon Sep 21 15:53:27 UTC 2020 /home/travis/build/icyphy/ptII/ptolemy/actor/lib/test/auto/arrayType.xml
----------------- Instantiating /home/travis/build/icyphy/ptII/ptolemy/actor/lib/test/auto/arrayType.xml
3 ms. Memory: 416768K Free: 240846K (58%)
----------------- Invoking toplevel() on ptolemy.moml.MoMLSimpleApplication@192fb0dc
----------------- Done invoking toplevel() on ptolemy.moml.MoMLSimpleApplication@192fb0dc
reloadAllAccessors: .arrayType

===========================================================================================
----------------- testing Mon Sep 21 15:53:27 UTC 2020 /home/travis/build/icyphy/ptII/ptolemy/actor/lib/test/auto/arrayType10.xml
----------------- Instantiating /home/travis/build/icyphy/ptII/ptolemy/actor/lib/test/auto/arrayType10.xml
1 ms. Memory: 416768K Free: 235726K (57%)
----------------- Invoking toplevel() on ptolemy.moml.MoMLSimpleApplication@45aaab72
----------------- Done invoking toplevel() on ptolemy.moml.MoMLSimpleApplication@45aaab72
reloadAllAccessors: .arrayType10

===========================================================================================
----------------- testing Mon Sep 21 15:53:27 UTC 2020 /home/travis/build/icyphy/ptII/ptolemy/actor/lib/test/auto/arrayType11.xml
----------------- Instantiating /home/travis/build/icyphy/ptII/ptolemy/actor/lib/test/auto/arrayType11.xml
2 ms. Memory: 416768K Free: 231116K (55%)
----------------- Invoking toplevel() on ptolemy.moml.MoMLSimpleApplication@4b35e235
----------------- Done invoking toplevel() on ptolemy.moml.MoMLSimpleApplication@4b35e235
reloadAllAccessors: .arrayType11

===========================================================================================
----------------- testing Mon Sep 21 15:53:27 UTC 2020 /home/travis/build/icyphy/ptII/ptolemy/actor/lib/test/auto/arrayType12.xml
----------------- Instantiating /home/travis/build/icyphy/ptII/ptolemy/actor/lib/test/auto/arrayType12.xml
2 ms. Memory: 416768K Free: 226510K (54%)
----------------- Invoking toplevel() on ptolemy.moml.MoMLSimpleApplication@3f6ee55b
----------------- Done invoking toplevel() on ptolemy.moml.MoMLSimpleApplication@3f6ee55b
reloadAllAccessors: .arrayType12

===========================================================================================
----------------- testing Mon Sep 21 15:53:27 UTC 2020 /home/travis/build/icyphy/ptII/ptolemy/actor/lib/test/auto/arrayType13.xml
----------------- Instantiating /home/travis/build/icyphy/ptII/ptolemy/actor/lib/test/auto/arrayType13.xml
2 ms. Memory: 416768K Free: 220876K (53%)
----------------- Invoking toplevel() on ptolemy.moml.MoMLSimpleApplication@7f158fcf
----------------- Done invoking toplevel() on ptolemy.moml.MoMLSimpleApplication@7f158fcf
reloadAllAccessors: .arrayType13

===========================================================================================
----------------- testing Mon Sep 21 15:53:27 UTC 2020 /home/travis/build/icyphy/ptII/ptolemy/actor/lib/test/auto/arrayType14.xml
----------------- Instantiating /home/travis/build/icyphy/ptII/ptolemy/actor/lib/test/auto/arrayType14.xml
2 ms. Memory: 416768K Free: 215756K (52%)
----------------- Invoking toplevel() on ptolemy.moml.MoMLSimpleApplication@23e4c230
----------------- Done invoking toplevel() on ptolemy.moml.MoMLSimpleApplication@23e4c230
reloadAllAccessors: .arrayType14

===========================================================================================
----------------- testing Mon Sep 21 15:53:28 UTC 2020 /home/travis/build/icyphy/ptII/ptolemy/actor/lib/test/auto/arrayType15.xml
----------------- Instantiating /home/travis/build/icyphy/ptII/ptolemy/actor/lib/test/auto/arrayType15.xml
4 ms. Memory: 416768K Free: 210636K (51%)
----------------- Invoking toplevel() on ptolemy.moml.MoMLSimpleApplication@1e36f632
----------------- Done invoking toplevel() on ptolemy.moml.MoMLSimpleApplication@1e36f632
reloadAllAccessors: .arrayType15

===========================================================================================
----------------- testing Mon Sep 21 15:53:28 UTC 2020 /home/travis/build/icyphy/ptII/ptolemy/actor/lib/test/auto/arrayType16.xml
----------------- Instantiating /home/travis/build/icyphy/ptII/ptolemy/actor/lib/test/auto/arrayType16.xml
1 ms. Memory: 416768K Free: 205006K (49%)
----------------- Invoking toplevel() on ptolemy.moml.MoMLSimpleApplication@2af67aa4
----------------- Done invoking toplevel() on ptolemy.moml.MoMLSimpleApplication@2af67aa4
reloadAllAccessors: .arrayType16

===========================================================================================
----------------- testing Mon Sep 21 15:53:28 UTC 2020 /home/travis/build/icyphy/ptII/ptolemy/actor/lib/test/auto/arrayType17.xml
----------------- Instantiating /home/travis/build/icyphy/ptII/ptolemy/actor/lib/test/auto/arrayType17.xml
3 ms. Memory: 416768K Free: 199886K (48%)
----------------- Invoking toplevel() on ptolemy.moml.MoMLSimpleApplication@75ec623
----------------- Done invoking toplevel() on ptolemy.moml.MoMLSimpleApplication@75ec623
reloadAllAccessors: .arrayType17

===========================================================================================
----------------- testing Mon Sep 21 15:53:28 UTC 2020 /home/travis/build/icyphy/ptII/ptolemy/actor/lib/test/auto/arrayType18.xml
----------------- Instantiating /home/travis/build/icyphy/ptII/ptolemy/actor/lib/test/auto/arrayType18.xml
1 ms. Memory: 416768K Free: 194766K (47%)
----------------- Invoking toplevel() on ptolemy.moml.MoMLSimpleApplication@4089cd6f
----------------- Done invoking toplevel() on ptolemy.moml.MoMLSimpleApplication@4089cd6f
reloadAllAccessors: .arrayType18

===========================================================================================
----------------- testing Mon Sep 21 15:53:28 UTC 2020 /home/travis/build/icyphy/ptII/ptolemy/actor/lib/test/auto/arrayType19.xml
----------------- Instantiating /home/travis/build/icyphy/ptII/ptolemy/actor/lib/test/auto/arrayType19.xml
1 ms. Memory: 416768K Free: 190156K (46%)
----------------- Invoking toplevel() on ptolemy.moml.MoMLSimpleApplication@54d8a6a0
----------------- Done invoking toplevel() on ptolemy.moml.MoMLSimpleApplication@54d8a6a0
reloadAllAccessors: .arrayType19

===========================================================================================
----------------- testing Mon Sep 21 15:53:28 UTC 2020 /home/travis/build/icyphy/ptII/ptolemy/actor/lib/test/auto/arrayType2.xml
----------------- Instantiating /home/travis/build/icyphy/ptII/ptolemy/actor/lib/test/auto/arrayType2.xml
2 ms. Memory: 416768K Free: 185036K (44%)
----------------- Invoking toplevel() on ptolemy.moml.MoMLSimpleApplication@3bd8fcf8
----------------- Done invoking toplevel() on ptolemy.moml.MoMLSimpleApplication@3bd8fcf8
reloadAllAccessors: .arrayType2

===========================================================================================
----------------- testing Mon Sep 21 15:53:28 UTC 2020 /home/travis/build/icyphy/ptII/ptolemy/actor/lib/test/auto/arrayType20.xml
----------------- Instantiating /home/travis/build/icyphy/ptII/ptolemy/actor/lib/test/auto/arrayType20.xml
2 ms. Memory: 416768K Free: 179916K (43%)
----------------- Invoking toplevel() on ptolemy.moml.MoMLSimpleApplication@fa35476
----------------- Done invoking toplevel() on ptolemy.moml.MoMLSimpleApplication@fa35476
reloadAllAccessors: .arrayType20

===========================================================================================
----------------- testing Mon Sep 21 15:53:28 UTC 2020 /home/travis/build/icyphy/ptII/ptolemy/actor/lib/test/auto/arrayType21.xml
----------------- Instantiating /home/travis/build/icyphy/ptII/ptolemy/actor/lib/test/auto/arrayType21.xml
2 ms. Memory: 416768K Free: 175310K (42%)
----------------- Invoking toplevel() on ptolemy.moml.MoMLSimpleApplication@15ac6877
----------------- Done invoking toplevel() on ptolemy.moml.MoMLSimpleApplication@15ac6877
reloadAllAccessors: .arrayType21

===========================================================================================
----------------- testing Mon Sep 21 15:53:28 UTC 2020 /home/travis/build/icyphy/ptII/ptolemy/actor/lib/test/auto/arrayType22.xml
----------------- Instantiating /home/travis/build/icyphy/ptII/ptolemy/actor/lib/test/auto/arrayType22.xml
2 ms. Memory: 416768K Free: 170700K (41%)
----------------- Invoking toplevel() on ptolemy.moml.MoMLSimpleApplication@6becc5ef
----------------- Done invoking toplevel() on ptolemy.moml.MoMLSimpleApplication@6becc5ef
reloadAllAccessors: .arrayType22

===========================================================================================
----------------- testing Mon Sep 21 15:53:28 UTC 2020 /home/travis/build/icyphy/ptII/ptolemy/actor/lib/test/auto/arrayType23.xml
----------------- Instantiating /home/travis/build/icyphy/ptII/ptolemy/actor/lib/test/auto/arrayType23.xml
1 ms. Memory: 416768K Free: 165580K (40%)
----------------- Invoking toplevel() on ptolemy.moml.MoMLSimpleApplication@255fe86c
----------------- Done invoking toplevel() on ptolemy.moml.MoMLSimpleApplication@255fe86c
reloadAllAccessors: .arrayType23

===========================================================================================
----------------- testing Mon Sep 21 15:53:28 UTC 2020 /home/travis/build/icyphy/ptII/ptolemy/actor/lib/test/auto/arrayType24.xml
----------------- Instantiating /home/travis/build/icyphy/ptII/ptolemy/actor/lib/test/auto/arrayType24.xml
1 ms. Memory: 416768K Free: 160974K (39%)
----------------- Invoking toplevel() on ptolemy.moml.MoMLSimpleApplication@505f0461
----------------- Done invoking toplevel() on ptolemy.moml.MoMLSimpleApplication@505f0461
reloadAllAccessors: .arrayType24

===========================================================================================
----------------- testing Mon Sep 21 15:53:28 UTC 2020 /home/travis/build/icyphy/ptII/ptolemy/actor/lib/test/auto/arrayType25.xml
----------------- Instantiating /home/travis/build/icyphy/ptII/ptolemy/actor/lib/test/auto/arrayType25.xml
1 ms. Memory: 416768K Free: 155340K (37%)
----------------- Invoking toplevel() on ptolemy.moml.MoMLSimpleApplication@5fd8a07b
----------------- Done invoking toplevel() on ptolemy.moml.MoMLSimpleApplication@5fd8a07b
reloadAllAccessors: .arrayType25

===========================================================================================
----------------- testing Mon Sep 21 15:53:28 UTC 2020 /home/travis/build/icyphy/ptII/ptolemy/actor/lib/test/auto/arrayType26.xml
----------------- Instantiating /home/travis/build/icyphy/ptII/ptolemy/actor/lib/test/auto/arrayType26.xml
2 ms. Memory: 416768K Free: 150220K (36%)
----------------- Invoking toplevel() on ptolemy.moml.MoMLSimpleApplication@6dcf627d
----------------- Done invoking toplevel() on ptolemy.moml.MoMLSimpleApplication@6dcf627d
reloadAllAccessors: .arrayType26

===========================================================================================
----------------- testing Mon Sep 21 15:53:28 UTC 2020 /home/travis/build/icyphy/ptII/ptolemy/actor/lib/test/auto/arrayType27.xml
----------------- Instantiating /home/travis/build/icyphy/ptII/ptolemy/actor/lib/test/auto/arrayType27.xml
2 ms. Memory: 416768K Free: 145100K (35%)
----------------- Invoking toplevel() on ptolemy.moml.MoMLSimpleApplication@67e1973e
----------------- Done invoking toplevel() on ptolemy.moml.MoMLSimpleApplication@67e1973e
reloadAllAccessors: .arrayType27

===========================================================================================
----------------- testing Mon Sep 21 15:53:28 UTC 2020 /home/travis/build/icyphy/ptII/ptolemy/actor/lib/test/auto/arrayType28.xml
----------------- Instantiating /home/travis/build/icyphy/ptII/ptolemy/actor/lib/test/auto/arrayType28.xml
2 ms. Memory: 416768K Free: 139470K (33%)
----------------- Invoking toplevel() on ptolemy.moml.MoMLSimpleApplication@7bedfecd
----------------- Done invoking toplevel() on ptolemy.moml.MoMLSimpleApplication@7bedfecd
reloadAllAccessors: .arrayType28

===========================================================================================
----------------- testing Mon Sep 21 15:53:28 UTC 2020 /home/travis/build/icyphy/ptII/ptolemy/actor/lib/test/auto/arrayType3.xml
----------------- Instantiating /home/travis/build/icyphy/ptII/ptolemy/actor/lib/test/auto/arrayType3.xml
2 ms. Memory: 416768K Free: 134350K (32%)
----------------- Invoking toplevel() on ptolemy.moml.MoMLSimpleApplication@13cb6eaa
----------------- Done invoking toplevel() on ptolemy.moml.MoMLSimpleApplication@13cb6eaa
reloadAllAccessors: .arrayType3

===========================================================================================
----------------- testing Mon Sep 21 15:53:28 UTC 2020 /home/travis/build/icyphy/ptII/ptolemy/actor/lib/test/auto/arrayType4.xml
----------------- Instantiating /home/travis/build/icyphy/ptII/ptolemy/actor/lib/test/auto/arrayType4.xml
1 ms. Memory: 416768K Free: 128702K (31%)
----------------- Invoking toplevel() on ptolemy.moml.MoMLSimpleApplication@2c1ae056
----------------- Done invoking toplevel() on ptolemy.moml.MoMLSimpleApplication@2c1ae056
reloadAllAccessors: .arrayType4

===========================================================================================
----------------- testing Mon Sep 21 15:53:28 UTC 2020 /home/travis/build/icyphy/ptII/ptolemy/actor/lib/test/auto/arrayType5.xml
----------------- Instantiating /home/travis/build/icyphy/ptII/ptolemy/actor/lib/test/auto/arrayType5.xml
2 ms. Memory: 416768K Free: 123596K (30%)
----------------- Invoking toplevel() on ptolemy.moml.MoMLSimpleApplication@5e4db58d
----------------- Done invoking toplevel() on ptolemy.moml.MoMLSimpleApplication@5e4db58d
reloadAllAccessors: .arrayType5

===========================================================================================
----------------- testing Mon Sep 21 15:53:28 UTC 2020 /home/travis/build/icyphy/ptII/ptolemy/actor/lib/test/auto/arrayType6.xml
----------------- Instantiating /home/travis/build/icyphy/ptII/ptolemy/actor/lib/test/auto/arrayType6.xml
1 ms. Memory: 416768K Free: 118476K (28%)
----------------- Invoking toplevel() on ptolemy.moml.MoMLSimpleApplication@2e0ce14d
----------------- Done invoking toplevel() on ptolemy.moml.MoMLSimpleApplication@2e0ce14d
reloadAllAccessors: .arrayType6

===========================================================================================
----------------- testing Mon Sep 21 15:53:28 UTC 2020 /home/travis/build/icyphy/ptII/ptolemy/actor/lib/test/auto/arrayType7.xml
----------------- Instantiating /home/travis/build/icyphy/ptII/ptolemy/actor/lib/test/auto/arrayType7.xml
9 ms. Memory: 416768K Free: 358015K (86%)
----------------- Invoking toplevel() on ptolemy.moml.MoMLSimpleApplication@3cb5b90c
----------------- Done invoking toplevel() on ptolemy.moml.MoMLSimpleApplication@3cb5b90c
reloadAllAccessors: .arrayType7

===========================================================================================
----------------- testing Mon Sep 21 15:53:28 UTC 2020 /home/travis/build/icyphy/ptII/ptolemy/actor/lib/test/auto/arrayType8.xml
----------------- Instantiating /home/travis/build/icyphy/ptII/ptolemy/actor/lib/test/auto/arrayType8.xml
1 ms. Memory: 416768K Free: 353412K (85%)
----------------- Invoking toplevel() on ptolemy.moml.MoMLSimpleApplication@b0d678
----------------- Done invoking toplevel() on ptolemy.moml.MoMLSimpleApplication@b0d678
reloadAllAccessors: .arrayType8

===========================================================================================
----------------- testing Mon Sep 21 15:53:28 UTC 2020 /home/travis/build/icyphy/ptII/ptolemy/actor/lib/test/auto/arrayType9.xml
----------------- Instantiating /home/travis/build/icyphy/ptII/ptolemy/actor/lib/test/auto/arrayType9.xml
2 ms. Memory: 416768K Free: 348292K (84%)
----------------- Invoking toplevel() on ptolemy.moml.MoMLSimpleApplication@13606aa4
----------------- Done invoking toplevel() on ptolemy.moml.MoMLSimpleApplication@13606aa4
reloadAllAccessors: .arrayType9

===========================================================================================
----------------- testing Mon Sep 21 15:53:28 UTC 2020 /home/travis/build/icyphy/ptII/ptolemy/actor/lib/test/auto/cast.xml
----------------- Instantiating /home/travis/build/icyphy/ptII/ptolemy/actor/lib/test/auto/cast.xml
13 ms. Memory: 416768K Free: 343682K (82%)
----------------- Invoking toplevel() on ptolemy.moml.MoMLSimpleApplication@1546d809
----------------- Done invoking toplevel() on ptolemy.moml.MoMLSimpleApplication@1546d809
reloadAllAccessors: .cast

===========================================================================================
----------------- testing Mon Sep 21 15:53:28 UTC 2020 /home/travis/build/icyphy/ptII/ptolemy/actor/lib/test/auto/compositeMultiPort.xml
----------------- Instantiating /home/travis/build/icyphy/ptII/ptolemy/actor/lib/test/auto/compositeMultiPort.xml
3 ms. Memory: 416768K Free: 334460K (80%)
----------------- Invoking toplevel() on ptolemy.moml.MoMLSimpleApplication@6b380e1f
----------------- Done invoking toplevel() on ptolemy.moml.MoMLSimpleApplication@6b380e1f
reloadAllAccessors: .compositeMultiPort

===========================================================================================
----------------- testing Mon Sep 21 15:53:28 UTC 2020 /home/travis/build/icyphy/ptII/ptolemy/actor/lib/test/auto/expressionCastInference.xml
----------------- Instantiating /home/travis/build/icyphy/ptII/ptolemy/actor/lib/test/auto/expressionCastInference.xml
2 ms. Memory: 416768K Free: 329860K (79%)
----------------- Invoking toplevel() on ptolemy.moml.MoMLSimpleApplication@276edba4
----------------- Done invoking toplevel() on ptolemy.moml.MoMLSimpleApplication@276edba4
reloadAllAccessors: .expressionCastInference

===========================================================================================
----------------- testing Mon Sep 21 15:53:28 UTC 2020 /home/travis/build/icyphy/ptII/ptolemy/actor/lib/test/auto/expressionCastInference2.xml
----------------- Instantiating /home/travis/build/icyphy/ptII/ptolemy/actor/lib/test/auto/expressionCastInference2.xml
2 ms. Memory: 416768K Free: 324740K (78%)
----------------- Invoking toplevel() on ptolemy.moml.MoMLSimpleApplication@43a90af8
----------------- Done invoking toplevel() on ptolemy.moml.MoMLSimpleApplication@43a90af8
reloadAllAccessors: .expressionCastInference2

===========================================================================================
----------------- testing Mon Sep 21 15:53:28 UTC 2020 /home/travis/build/icyphy/ptII/ptolemy/actor/lib/test/auto/expressionInference.xml
----------------- Instantiating /home/travis/build/icyphy/ptII/ptolemy/actor/lib/test/auto/expressionInference.xml
2 ms. Memory: 416768K Free: 320644K (77%)
----------------- Invoking toplevel() on ptolemy.moml.MoMLSimpleApplication@573d554c
----------------- Done invoking toplevel() on ptolemy.moml.MoMLSimpleApplication@573d554c
reloadAllAccessors: .expressionInference

===========================================================================================
----------------- testing Mon Sep 21 15:53:28 UTC 2020 /home/travis/build/icyphy/ptII/ptolemy/actor/lib/test/auto/expression_bug.xml
----------------- Instantiating /home/travis/build/icyphy/ptII/ptolemy/actor/lib/test/auto/expression_bug.xml
2 ms. Memory: 416768K Free: 316034K (76%)
----------------- Invoking toplevel() on ptolemy.moml.MoMLSimpleApplication@4585b23f
----------------- Done invoking toplevel() on ptolemy.moml.MoMLSimpleApplication@4585b23f
reloadAllAccessors: .expression_bug

===========================================================================================
----------------- testing Mon Sep 21 15:53:28 UTC 2020 /home/travis/build/icyphy/ptII/ptolemy/actor/lib/test/auto/factorial.xml
----------------- Instantiating /home/travis/build/icyphy/ptII/ptolemy/actor/lib/test/auto/factorial.xml
30 ms. Memory: 416768K Free: 307332K (74%)
----------------- Invoking toplevel() on ptolemy.moml.MoMLSimpleApplication@7dacf602
----------------- Done invoking toplevel() on ptolemy.moml.MoMLSimpleApplication@7dacf602
reloadAllAccessors: .factorial

===========================================================================================
----------------- testing Mon Sep 21 15:53:28 UTC 2020 /home/travis/build/icyphy/ptII/ptolemy/actor/lib/test/auto/filterTest1.xml
----------------- Instantiating /home/travis/build/icyphy/ptII/ptolemy/actor/lib/test/auto/filterTest1.xml
3 ms. Memory: 416768K Free: 301698K (72%)
----------------- Invoking toplevel() on ptolemy.moml.MoMLSimpleApplication@147c4fb
----------------- Done invoking toplevel() on ptolemy.moml.MoMLSimpleApplication@147c4fb
reloadAllAccessors: .filterTest1

===========================================================================================
----------------- testing Mon Sep 21 15:53:28 UTC 2020 /home/travis/build/icyphy/ptII/ptolemy/actor/lib/test/auto/funcApplyInConst.xml
----------------- Instantiating /home/travis/build/icyphy/ptII/ptolemy/actor/lib/test/auto/funcApplyInConst.xml
1 ms. Memory: 416768K Free: 297602K (71%)
----------------- Invoking toplevel() on ptolemy.moml.MoMLSimpleApplication@75f13c4b
----------------- Done invoking toplevel() on ptolemy.moml.MoMLSimpleApplication@75f13c4b
reloadAllAccessors: .funcApplyInConst

===========================================================================================
----------------- testing Mon Sep 21 15:53:28 UTC 2020 /home/travis/build/icyphy/ptII/ptolemy/actor/lib/test/auto/funcApplyInExpr.xml
----------------- Instantiating /home/travis/build/icyphy/ptII/ptolemy/actor/lib/test/auto/funcApplyInExpr.xml
1 ms. Memory: 416768K Free: 294020K (71%)
----------------- Invoking toplevel() on ptolemy.moml.MoMLSimpleApplication@598f5e86
----------------- Done invoking toplevel() on ptolemy.moml.MoMLSimpleApplication@598f5e86
reloadAllAccessors: .funcApplyInExpr

===========================================================================================
----------------- testing Mon Sep 21 15:53:28 UTC 2020 /home/travis/build/icyphy/ptII/ptolemy/actor/lib/test/auto/function.xml
----------------- Instantiating /home/travis/build/icyphy/ptII/ptolemy/actor/lib/test/auto/function.xml
2 ms. Memory: 416768K Free: 288900K (69%)
----------------- Invoking toplevel() on ptolemy.moml.MoMLSimpleApplication@5fbeea02
----------------- Done invoking toplevel() on ptolemy.moml.MoMLSimpleApplication@5fbeea02
reloadAllAccessors: .function

===========================================================================================
----------------- testing Mon Sep 21 15:53:28 UTC 2020 /home/travis/build/icyphy/ptII/ptolemy/actor/lib/test/auto/function2.xml
----------------- Instantiating /home/travis/build/icyphy/ptII/ptolemy/actor/lib/test/auto/function2.xml
2 ms. Memory: 416768K Free: 284290K (68%)
----------------- Invoking toplevel() on ptolemy.moml.MoMLSimpleApplication@71b6cc39
----------------- Done invoking toplevel() on ptolemy.moml.MoMLSimpleApplication@71b6cc39
reloadAllAccessors: .function2

===========================================================================================
----------------- testing Mon Sep 21 15:53:28 UTC 2020 /home/travis/build/icyphy/ptII/ptolemy/actor/lib/test/auto/function3.xml
----------------- Instantiating /home/travis/build/icyphy/ptII/ptolemy/actor/lib/test/auto/function3.xml
2 ms. Memory: 416768K Free: 280194K (67%)
----------------- Invoking toplevel() on ptolemy.moml.MoMLSimpleApplication@6ff047a1
----------------- Done invoking toplevel() on ptolemy.moml.MoMLSimpleApplication@6ff047a1
reloadAllAccessors: .function3

===========================================================================================
----------------- testing Mon Sep 21 15:53:28 UTC 2020 /home/travis/build/icyphy/ptII/ptolemy/actor/lib/test/auto/functionClosureTest1.xml
----------------- Instantiating /home/travis/build/icyphy/ptII/ptolemy/actor/lib/test/auto/functionClosureTest1.xml
2 ms. Memory: 416768K Free: 274564K (66%)
----------------- Invoking toplevel() on ptolemy.moml.MoMLSimpleApplication@438f68
----------------- Done invoking toplevel() on ptolemy.moml.MoMLSimpleApplication@438f68
reloadAllAccessors: .functionClosureTest1

===========================================================================================
----------------- testing Mon Sep 21 15:53:28 UTC 2020 /home/travis/build/icyphy/ptII/ptolemy/actor/lib/test/auto/functionClosureTest2.xml
----------------- Instantiating /home/travis/build/icyphy/ptII/ptolemy/actor/lib/test/auto/functionClosureTest2.xml
1 ms. Memory: 416768K Free: 270468K (65%)
----------------- Invoking toplevel() on ptolemy.moml.MoMLSimpleApplication@7fb6a8b4
----------------- Done invoking toplevel() on ptolemy.moml.MoMLSimpleApplication@7fb6a8b4
reloadAllAccessors: .functionClosureTest2

===========================================================================================
----------------- testing Mon Sep 21 15:53:28 UTC 2020 /home/travis/build/icyphy/ptII/ptolemy/actor/lib/test/auto/functionClosureTest3.xml
----------------- Instantiating /home/travis/build/icyphy/ptII/ptolemy/actor/lib/test/auto/functionClosureTest3.xml
5 ms. Memory: 416768K Free: 265348K (64%)
----------------- Invoking toplevel() on ptolemy.moml.MoMLSimpleApplication@e19164c
----------------- Done invoking toplevel() on ptolemy.moml.MoMLSimpleApplication@e19164c
reloadAllAccessors: .functionClosureTest3

===========================================================================================
----------------- testing Mon Sep 21 15:53:28 UTC 2020 /home/travis/build/icyphy/ptII/ptolemy/actor/lib/test/auto/functionClosureTest4.xml
----------------- Instantiating /home/travis/build/icyphy/ptII/ptolemy/actor/lib/test/auto/functionClosureTest4.xml
4 ms. Memory: 416768K Free: 259204K (62%)
----------------- Invoking toplevel() on ptolemy.moml.MoMLSimpleApplication@98fa94
----------------- Done invoking toplevel() on ptolemy.moml.MoMLSimpleApplication@98fa94
reloadAllAccessors: .functionClosureTest4

===========================================================================================
----------------- testing Mon Sep 21 15:53:28 UTC 2020 /home/travis/build/icyphy/ptII/ptolemy/actor/lib/test/auto/functionClosureTest5.xml
----------------- Instantiating /home/travis/build/icyphy/ptII/ptolemy/actor/lib/test/auto/functionClosureTest5.xml
4 ms. Memory: 416768K Free: 253556K (61%)
----------------- Invoking toplevel() on ptolemy.moml.MoMLSimpleApplication@28fc8043
----------------- Done invoking toplevel() on ptolemy.moml.MoMLSimpleApplication@28fc8043
reloadAllAccessors: .functionClosureTest5

===========================================================================================
----------------- testing Mon Sep 21 15:53:28 UTC 2020 /home/travis/build/icyphy/ptII/ptolemy/actor/lib/test/auto/functionClosureTest6.xml
----------------- Instantiating /home/travis/build/icyphy/ptII/ptolemy/actor/lib/test/auto/functionClosureTest6.xml
2 ms. Memory: 416768K Free: 248964K (60%)
----------------- Invoking toplevel() on ptolemy.moml.MoMLSimpleApplication@1545d79f
----------------- Done invoking toplevel() on ptolemy.moml.MoMLSimpleApplication@1545d79f
reloadAllAccessors: .functionClosureTest6

===========================================================================================
----------------- testing Mon Sep 21 15:53:28 UTC 2020 /home/travis/build/icyphy/ptII/ptolemy/actor/lib/test/auto/functionsOnArcs.xml
----------------- Instantiating /home/travis/build/icyphy/ptII/ptolemy/actor/lib/test/auto/functionsOnArcs.xml
2 ms. Memory: 416768K Free: 243330K (58%)
----------------- Invoking toplevel() on ptolemy.moml.MoMLSimpleApplication@523f726b
----------------- Done invoking toplevel() on ptolemy.moml.MoMLSimpleApplication@523f726b
reloadAllAccessors: .functionsOnArcs

===========================================================================================
----------------- testing Mon Sep 21 15:53:28 UTC 2020 /home/travis/build/icyphy/ptII/ptolemy/actor/lib/test/auto/functionsOnArcsHOF.xml
----------------- Instantiating /home/travis/build/icyphy/ptII/ptolemy/actor/lib/test/auto/functionsOnArcsHOF.xml
4 ms. Memory: 416768K Free: 237700K (57%)
----------------- Invoking toplevel() on ptolemy.moml.MoMLSimpleApplication@396cd7fc
----------------- Done invoking toplevel() on ptolemy.moml.MoMLSimpleApplication@396cd7fc
reloadAllAccessors: .functionsOnArcsHOF

===========================================================================================
----------------- testing Mon Sep 21 15:53:28 UTC 2020 /home/travis/build/icyphy/ptII/ptolemy/actor/lib/test/auto/logic.xml
----------------- Instantiating /home/travis/build/icyphy/ptII/ptolemy/actor/lib/test/auto/logic.xml
2 ms. Memory: 416768K Free: 230018K (55%)
----------------- Invoking toplevel() on ptolemy.moml.MoMLSimpleApplication@2eed293b
----------------- Done invoking toplevel() on ptolemy.moml.MoMLSimpleApplication@2eed293b
reloadAllAccessors: .logic

===========================================================================================
----------------- testing Mon Sep 21 15:53:28 UTC 2020 /home/travis/build/icyphy/ptII/ptolemy/actor/lib/test/auto/matrixType.xml
----------------- Instantiating /home/travis/build/icyphy/ptII/ptolemy/actor/lib/test/auto/matrixType.xml
1 ms. Memory: 416768K Free: 224898K (54%)
----------------- Invoking toplevel() on ptolemy.moml.MoMLSimpleApplication@11300df
----------------- Done invoking toplevel() on ptolemy.moml.MoMLSimpleApplication@11300df
reloadAllAccessors: .matrixType

===========================================================================================
----------------- testing Mon Sep 21 15:53:28 UTC 2020 /home/travis/build/icyphy/ptII/ptolemy/actor/lib/test/auto/matrixType10.xml
----------------- Instantiating /home/travis/build/icyphy/ptII/ptolemy/actor/lib/test/auto/matrixType10.xml
2 ms. Memory: 416768K Free: 219778K (53%)
----------------- Invoking toplevel() on ptolemy.moml.MoMLSimpleApplication@cd989c8
----------------- Done invoking toplevel() on ptolemy.moml.MoMLSimpleApplication@cd989c8
reloadAllAccessors: .matrixType10

===========================================================================================
----------------- testing Mon Sep 21 15:53:28 UTC 2020 /home/travis/build/icyphy/ptII/ptolemy/actor/lib/test/auto/matrixType11.xml
----------------- Instantiating /home/travis/build/icyphy/ptII/ptolemy/actor/lib/test/auto/matrixType11.xml
1 ms. Memory: 416768K Free: 215172K (52%)
----------------- Invoking toplevel() on ptolemy.moml.MoMLSimpleApplication@4496c74f
----------------- Done invoking toplevel() on ptolemy.moml.MoMLSimpleApplication@4496c74f
reloadAllAccessors: .matrixType11

===========================================================================================
----------------- testing Mon Sep 21 15:53:28 UTC 2020 /home/travis/build/icyphy/ptII/ptolemy/actor/lib/test/auto/matrixType12.xml
----------------- Instantiating /home/travis/build/icyphy/ptII/ptolemy/actor/lib/test/auto/matrixType12.xml
1 ms. Memory: 416768K Free: 210052K (50%)
----------------- Invoking toplevel() on ptolemy.moml.MoMLSimpleApplication@55f18c5a
----------------- Done invoking toplevel() on ptolemy.moml.MoMLSimpleApplication@55f18c5a
reloadAllAccessors: .matrixType12

===========================================================================================
----------------- testing Mon Sep 21 15:53:28 UTC 2020 /home/travis/build/icyphy/ptII/ptolemy/actor/lib/test/auto/matrixType13.xml
----------------- Instantiating /home/travis/build/icyphy/ptII/ptolemy/actor/lib/test/auto/matrixType13.xml
1 ms. Memory: 416768K Free: 205442K (49%)
----------------- Invoking toplevel() on ptolemy.moml.MoMLSimpleApplication@6698e2e0
----------------- Done invoking toplevel() on ptolemy.moml.MoMLSimpleApplication@6698e2e0
reloadAllAccessors: .matrixType13

===========================================================================================
----------------- testing Mon Sep 21 15:53:28 UTC 2020 /home/travis/build/icyphy/ptII/ptolemy/actor/lib/test/auto/matrixType14.xml
----------------- Instantiating /home/travis/build/icyphy/ptII/ptolemy/actor/lib/test/auto/matrixType14.xml
2 ms. Memory: 416768K Free: 200322K (48%)
----------------- Invoking toplevel() on ptolemy.moml.MoMLSimpleApplication@29bc7b00
----------------- Done invoking toplevel() on ptolemy.moml.MoMLSimpleApplication@29bc7b00
reloadAllAccessors: .matrixType14

===========================================================================================
----------------- testing Mon Sep 21 15:53:28 UTC 2020 /home/travis/build/icyphy/ptII/ptolemy/actor/lib/test/auto/matrixType2.xml
----------------- Instantiating /home/travis/build/icyphy/ptII/ptolemy/actor/lib/test/auto/matrixType2.xml
2 ms. Memory: 416768K Free: 195202K (47%)
----------------- Invoking toplevel() on ptolemy.moml.MoMLSimpleApplication@5e871175
----------------- Done invoking toplevel() on ptolemy.moml.MoMLSimpleApplication@5e871175
reloadAllAccessors: .matrixType2

===========================================================================================
----------------- testing Mon Sep 21 15:53:28 UTC 2020 /home/travis/build/icyphy/ptII/ptolemy/actor/lib/test/auto/matrixType3.xml
----------------- Instantiating /home/travis/build/icyphy/ptII/ptolemy/actor/lib/test/auto/matrixType3.xml
3 ms. Memory: 416768K Free: 190082K (46%)
----------------- Invoking toplevel() on ptolemy.moml.MoMLSimpleApplication@63c1e07a
----------------- Done invoking toplevel() on ptolemy.moml.MoMLSimpleApplication@63c1e07a
reloadAllAccessors: .matrixType3

===========================================================================================
----------------- testing Mon Sep 21 15:53:28 UTC 2020 /home/travis/build/icyphy/ptII/ptolemy/actor/lib/test/auto/matrixType4.xml
----------------- Instantiating /home/travis/build/icyphy/ptII/ptolemy/actor/lib/test/auto/matrixType4.xml
2 ms. Memory: 416768K Free: 185476K (45%)
----------------- Invoking toplevel() on ptolemy.moml.MoMLSimpleApplication@49032978
----------------- Done invoking toplevel() on ptolemy.moml.MoMLSimpleApplication@49032978
reloadAllAccessors: .matrixType4

===========================================================================================
----------------- testing Mon Sep 21 15:53:28 UTC 2020 /home/travis/build/icyphy/ptII/ptolemy/actor/lib/test/auto/matrixType5.xml
----------------- Instantiating /home/travis/build/icyphy/ptII/ptolemy/actor/lib/test/auto/matrixType5.xml
1 ms. Memory: 416768K Free: 180356K (43%)
----------------- Invoking toplevel() on ptolemy.moml.MoMLSimpleApplication@1cdc9b90
----------------- Done invoking toplevel() on ptolemy.moml.MoMLSimpleApplication@1cdc9b90
reloadAllAccessors: .matrixType5

===========================================================================================
----------------- testing Mon Sep 21 15:53:28 UTC 2020 /home/travis/build/icyphy/ptII/ptolemy/actor/lib/test/auto/matrixType6.xml
----------------- Instantiating /home/travis/build/icyphy/ptII/ptolemy/actor/lib/test/auto/matrixType6.xml
1 ms. Memory: 416768K Free: 175746K (42%)
----------------- Invoking toplevel() on ptolemy.moml.MoMLSimpleApplication@6d54c587
----------------- Done invoking toplevel() on ptolemy.moml.MoMLSimpleApplication@6d54c587
reloadAllAccessors: .matrixType6

===========================================================================================
----------------- testing Mon Sep 21 15:53:28 UTC 2020 /home/travis/build/icyphy/ptII/ptolemy/actor/lib/test/auto/matrixType7.xml
----------------- Instantiating /home/travis/build/icyphy/ptII/ptolemy/actor/lib/test/auto/matrixType7.xml
1 ms. Memory: 416768K Free: 170626K (41%)
----------------- Invoking toplevel() on ptolemy.moml.MoMLSimpleApplication@4959c9a2
----------------- Done invoking toplevel() on ptolemy.moml.MoMLSimpleApplication@4959c9a2
reloadAllAccessors: .matrixType7

===========================================================================================
----------------- testing Mon Sep 21 15:53:28 UTC 2020 /home/travis/build/icyphy/ptII/ptolemy/actor/lib/test/auto/matrixType8.xml
----------------- Instantiating /home/travis/build/icyphy/ptII/ptolemy/actor/lib/test/auto/matrixType8.xml
1 ms. Memory: 416768K Free: 166020K (40%)
----------------- Invoking toplevel() on ptolemy.moml.MoMLSimpleApplication@594c1c1c
----------------- Done invoking toplevel() on ptolemy.moml.MoMLSimpleApplication@594c1c1c
reloadAllAccessors: .matrixType8

===========================================================================================
----------------- testing Mon Sep 21 15:53:28 UTC 2020 /home/travis/build/icyphy/ptII/ptolemy/actor/lib/test/auto/matrixType9.xml
----------------- Instantiating /home/travis/build/icyphy/ptII/ptolemy/actor/lib/test/auto/matrixType9.xml
1 ms. Memory: 416768K Free: 160900K (39%)
----------------- Invoking toplevel() on ptolemy.moml.MoMLSimpleApplication@4d5e6bf5
----------------- Done invoking toplevel() on ptolemy.moml.MoMLSimpleApplication@4d5e6bf5
reloadAllAccessors: .matrixType9

===========================================================================================
----------------- testing Mon Sep 21 15:53:28 UTC 2020 /home/travis/build/icyphy/ptII/ptolemy/actor/lib/test/auto/paraFunctest.xml
----------------- Instantiating /home/travis/build/icyphy/ptII/ptolemy/actor/lib/test/auto/paraFunctest.xml
2 ms. Memory: 416768K Free: 156290K (38%)
----------------- Invoking toplevel() on ptolemy.moml.MoMLSimpleApplication@35592d15
----------------- Done invoking toplevel() on ptolemy.moml.MoMLSimpleApplication@35592d15
reloadAllAccessors: .paraFunctest

===========================================================================================
----------------- testing Mon Sep 21 15:53:28 UTC 2020 /home/travis/build/icyphy/ptII/ptolemy/actor/lib/test/auto/paraFunctest2.xml
----------------- Instantiating /home/travis/build/icyphy/ptII/ptolemy/actor/lib/test/auto/paraFunctest2.xml
1 ms. Memory: 416768K Free: 152708K (37%)
----------------- Invoking toplevel() on ptolemy.moml.MoMLSimpleApplication@37bd60f1
----------------- Done invoking toplevel() on ptolemy.moml.MoMLSimpleApplication@37bd60f1
reloadAllAccessors: .paraFunctest2

===========================================================================================
----------------- testing Mon Sep 21 15:53:28 UTC 2020 /home/travis/build/icyphy/ptII/ptolemy/actor/lib/test/auto/parameterPassing.xml
----------------- Instantiating /home/travis/build/icyphy/ptII/ptolemy/actor/lib/test/auto/parameterPassing.xml
1 ms. Memory: 416768K Free: 148098K (36%)
----------------- Invoking toplevel() on ptolemy.moml.MoMLSimpleApplication@28ebcf72
----------------- Done invoking toplevel() on ptolemy.moml.MoMLSimpleApplication@28ebcf72
reloadAllAccessors: .parameterPassing

===========================================================================================
----------------- testing Mon Sep 21 15:53:28 UTC 2020 /home/travis/build/icyphy/ptII/ptolemy/actor/lib/test/auto/record.xml
----------------- Instantiating /home/travis/build/icyphy/ptII/ptolemy/actor/lib/test/auto/record.xml
2 ms. Memory: 416768K Free: 143492K (34%)
----------------- Invoking toplevel() on ptolemy.moml.MoMLSimpleApplication@1b7b8cac
----------------- Done invoking toplevel() on ptolemy.moml.MoMLSimpleApplication@1b7b8cac
reloadAllAccessors: .record

===========================================================================================
----------------- testing Mon Sep 21 15:53:28 UTC 2020 /home/travis/build/icyphy/ptII/ptolemy/actor/lib/test/auto/sizedarray1.xml
----------------- Instantiating /home/travis/build/icyphy/ptII/ptolemy/actor/lib/test/auto/sizedarray1.xml
1 ms. Memory: 416768K Free: 137858K (33%)
----------------- Invoking toplevel() on ptolemy.moml.MoMLSimpleApplication@3b75ae10
----------------- Done invoking toplevel() on ptolemy.moml.MoMLSimpleApplication@3b75ae10
reloadAllAccessors: .sizedarray1

===========================================================================================
----------------- testing Mon Sep 21 15:53:28 UTC 2020 /home/travis/build/icyphy/ptII/ptolemy/actor/lib/test/auto/sizedarray2.xml
----------------- Instantiating /home/travis/build/icyphy/ptII/ptolemy/actor/lib/test/auto/sizedarray2.xml
2 ms. Memory: 416768K Free: 132738K (32%)
----------------- Invoking toplevel() on ptolemy.moml.MoMLSimpleApplication@34fd031a
----------------- Done invoking toplevel() on ptolemy.moml.MoMLSimpleApplication@34fd031a
reloadAllAccessors: .sizedarray2

===========================================================================================
----------------- testing Mon Sep 21 15:53:28 UTC 2020 /home/travis/build/icyphy/ptII/ptolemy/actor/lib/test/auto/twoPublishers.xml
----------------- Instantiating /home/travis/build/icyphy/ptII/ptolemy/actor/lib/test/auto/twoPublishers.xml
6 ms. Memory: 416768K Free: 121988K (29%)
----------------- Invoking toplevel() on ptolemy.moml.MoMLSimpleApplication@697b4814
----------------- Done invoking toplevel() on ptolemy.moml.MoMLSimpleApplication@697b4814
reloadAllAccessors: .twoPublishers
AutoTests.java: About to close Vertx.
AutoTests.java: Vertx closed.
]]></system-out>
  <system-err><![CDATA[java.lang.RuntimeException: Execution failed
	at ptolemy.moml.MoMLSimpleApplication$UnloadThread.run(MoMLSimpleApplication.java:402)
Caused by: java.lang.RuntimeException: StringUtilities.exit() was called. Normally, we would exit here because Manager.exitAfterWrapup() was called.  However, because the ptolemy.ptII.exitAfterWrapup property is set, we throw this exception instead.
	at ptolemy.util.StringUtilities.exit(StringUtilities.java:365)
	at ptolemy.actor.Manager.wrapup(Manager.java:1549)
	at ptolemy.actor.Manager.execute(Manager.java:407)
	at ptolemy.actor.Manager.run(Manager.java:1263)
	at ptolemy.actor.Manager$PtolemyRunThread.run(Manager.java:1933)
Warning: '.top.test' is in training mode, set the trainingMode parameter to false before checking in
Warning: '.top.test' is in training mode, set the trainingMode parameter to false before checking in
Warning: '.top.test' is in training mode, set the trainingMode parameter to false before checking in
Warning: '.BooleanSwitch_RegressionTest_WrongTrainingValues.Test' is in training mode, set the trainingMode parameter to false before checking in
Warning: '.BooleanSwitch_RegressionTest_WrongTrainingValues.Test2' is in training mode, set the trainingMode parameter to false before checking in
Warning: '.BooleanSwitch_RegressionTest_WrongTrainingValues.Test2' The test produced 0 tokens.
Warning: '.top.testExceptionHandler' is in training mode, set the trainingMode parameter to false before checking in
java.lang.RuntimeException: Execution failed
	at ptolemy.moml.MoMLSimpleApplication$UnloadThread.run(MoMLSimpleApplication.java:402)
Caused by: ptolemy.kernel.util.IllegalActionException: PublisherPorts cannot be used at the top level, use a Publisher actor instead.
  in .PublisherPortToplevelSubscriber.PublisherPort
	at ptolemy.actor.PublisherPort.preinitialize(PublisherPort.java:403)
	at ptolemy.actor.CompositeActor.preinitialize(CompositeActor.java:1769)
	at ptolemy.actor.Manager.preinitializeAndResolveTypes(Manager.java:1040)
	at ptolemy.actor.Manager.initialize(Manager.java:710)
	at ptolemy.actor.Manager.execute(Manager.java:356)
	at ptolemy.actor.Manager.run(Manager.java:1263)
	at ptolemy.actor.Manager$PtolemyRunThread.run(Manager.java:1933)
java.lang.reflect.InvocationTargetException
	at java.base/jdk.internal.reflect.NativeConstructorAccessorImpl.newInstance0(Native Method)
	at java.base/jdk.internal.reflect.NativeConstructorAccessorImpl.newInstance(NativeConstructorAccessorImpl.java:62)
	at java.base/jdk.internal.reflect.DelegatingConstructorAccessorImpl.newInstance(DelegatingConstructorAccessorImpl.java:45)
	at java.base/java.lang.reflect.Constructor.newInstance(Constructor.java:490)
	at ptolemy.util.test.junit.AutoKnownFailedTests.RunModel(AutoKnownFailedTests.java:105)
	at java.base/jdk.internal.reflect.NativeMethodAccessorImpl.invoke0(Native Method)
	at java.base/jdk.internal.reflect.NativeMethodAccessorImpl.invoke(NativeMethodAccessorImpl.java:62)
	at java.base/jdk.internal.reflect.DelegatingMethodAccessorImpl.invoke(DelegatingMethodAccessorImpl.java:43)
	at java.base/java.lang.reflect.Method.invoke(Method.java:566)
	at org.junit.runners.model.FrameworkMethod$1.runReflectiveCall(FrameworkMethod.java:44)
	at org.junit.internal.runners.model.ReflectiveCallable.run(ReflectiveCallable.java:15)
	at org.junit.runners.model.FrameworkMethod.invokeExplosively(FrameworkMethod.java:41)
	at junitparams.internal.InvokeParameterisedMethod.evaluate(InvokeParameterisedMethod.java:102)
	at org.junit.internal.runners.statements.FailOnTimeout$1.run(FailOnTimeout.java:28)
Caused by: ptolemy.kernel.util.IllegalActionException: PublisherPorts cannot be used at the top level, use a Publisher actor instead.
  in .PublisherPortToplevelSubscriber.PublisherPort
	at ptolemy.actor.PublisherPort.preinitialize(PublisherPort.java:403)
	at ptolemy.actor.CompositeActor.preinitialize(CompositeActor.java:1769)
	at ptolemy.actor.Manager.preinitializeAndResolveTypes(Manager.java:1040)
	at ptolemy.actor.Manager.initialize(Manager.java:710)
	at ptolemy.actor.Manager.execute(Manager.java:356)
	at ptolemy.actor.Manager.run(Manager.java:1263)
	at ptolemy.actor.Manager$PtolemyRunThread.run(Manager.java:1933)
java.lang.RuntimeException: Execution failed
	at ptolemy.moml.MoMLSimpleApplication$UnloadThread.run(MoMLSimpleApplication.java:402)
Caused by: ptolemy.kernel.util.IllegalActionException: SubscriberPorts cannot be used at the top level, use a Subscriber actor instead.
  in .PublisherSubscriberPortToplevel.SubscriberPort
	at ptolemy.actor.SubscriberPort.preinitialize(SubscriberPort.java:328)
	at ptolemy.actor.CompositeActor.preinitialize(CompositeActor.java:1769)
	at ptolemy.actor.Manager.preinitializeAndResolveTypes(Manager.java:1040)
	at ptolemy.actor.Manager.initialize(Manager.java:710)
	at ptolemy.actor.Manager.execute(Manager.java:356)
	at ptolemy.actor.Manager.run(Manager.java:1263)
	at ptolemy.actor.Manager$PtolemyRunThread.run(Manager.java:1933)
java.lang.reflect.InvocationTargetException
	at java.base/jdk.internal.reflect.NativeConstructorAccessorImpl.newInstance0(Native Method)
	at java.base/jdk.internal.reflect.NativeConstructorAccessorImpl.newInstance(NativeConstructorAccessorImpl.java:62)
	at java.base/jdk.internal.reflect.DelegatingConstructorAccessorImpl.newInstance(DelegatingConstructorAccessorImpl.java:45)
	at java.base/java.lang.reflect.Constructor.newInstance(Constructor.java:490)
	at ptolemy.util.test.junit.AutoKnownFailedTests.RunModel(AutoKnownFailedTests.java:105)
	at java.base/jdk.internal.reflect.NativeMethodAccessorImpl.invoke0(Native Method)
	at java.base/jdk.internal.reflect.NativeMethodAccessorImpl.invoke(NativeMethodAccessorImpl.java:62)
	at java.base/jdk.internal.reflect.DelegatingMethodAccessorImpl.invoke(DelegatingMethodAccessorImpl.java:43)
	at java.base/java.lang.reflect.Method.invoke(Method.java:566)
	at org.junit.runners.model.FrameworkMethod$1.runReflectiveCall(FrameworkMethod.java:44)
	at org.junit.internal.runners.model.ReflectiveCallable.run(ReflectiveCallable.java:15)
	at org.junit.runners.model.FrameworkMethod.invokeExplosively(FrameworkMethod.java:41)
	at junitparams.internal.InvokeParameterisedMethod.evaluate(InvokeParameterisedMethod.java:102)
	at org.junit.internal.runners.statements.FailOnTimeout$1.run(FailOnTimeout.java:28)
Caused by: ptolemy.kernel.util.IllegalActionException: SubscriberPorts cannot be used at the top level, use a Subscriber actor instead.
  in .PublisherSubscriberPortToplevel.SubscriberPort
	at ptolemy.actor.SubscriberPort.preinitialize(SubscriberPort.java:328)
	at ptolemy.actor.CompositeActor.preinitialize(CompositeActor.java:1769)
	at ptolemy.actor.Manager.preinitializeAndResolveTypes(Manager.java:1040)
	at ptolemy.actor.Manager.initialize(Manager.java:710)
	at ptolemy.actor.Manager.execute(Manager.java:356)
	at ptolemy.actor.Manager.run(Manager.java:1263)
	at ptolemy.actor.Manager$PtolemyRunThread.run(Manager.java:1933)
java.lang.RuntimeException: Execution failed
	at ptolemy.moml.MoMLSimpleApplication$UnloadThread.run(MoMLSimpleApplication.java:402)
Caused by: ptolemy.kernel.util.IllegalActionException: SubscriptionAggregatorPorts cannot be used at the top level, use a SubscriptionAggregator actor instead.
  in .PublisherSubscriptionAggregatorPort.SubscriptionAggregatorPort
	at ptolemy.actor.SubscriptionAggregatorPort.preinitialize(SubscriptionAggregatorPort.java:353)
	at ptolemy.actor.CompositeActor.preinitialize(CompositeActor.java:1769)
	at ptolemy.actor.Manager.preinitializeAndResolveTypes(Manager.java:1040)
	at ptolemy.actor.Manager.initialize(Manager.java:710)
	at ptolemy.actor.Manager.execute(Manager.java:356)
	at ptolemy.actor.Manager.run(Manager.java:1263)
	at ptolemy.actor.Manager$PtolemyRunThread.run(Manager.java:1933)
java.lang.reflect.InvocationTargetException
	at java.base/jdk.internal.reflect.NativeConstructorAccessorImpl.newInstance0(Native Method)
	at java.base/jdk.internal.reflect.NativeConstructorAccessorImpl.newInstance(NativeConstructorAccessorImpl.java:62)
	at java.base/jdk.internal.reflect.DelegatingConstructorAccessorImpl.newInstance(DelegatingConstructorAccessorImpl.java:45)
	at java.base/java.lang.reflect.Constructor.newInstance(Constructor.java:490)
	at ptolemy.util.test.junit.AutoKnownFailedTests.RunModel(AutoKnownFailedTests.java:105)
	at java.base/jdk.internal.reflect.NativeMethodAccessorImpl.invoke0(Native Method)
	at java.base/jdk.internal.reflect.NativeMethodAccessorImpl.invoke(NativeMethodAccessorImpl.java:62)
	at java.base/jdk.internal.reflect.DelegatingMethodAccessorImpl.invoke(DelegatingMethodAccessorImpl.java:43)
	at java.base/java.lang.reflect.Method.invoke(Method.java:566)
	at org.junit.runners.model.FrameworkMethod$1.runReflectiveCall(FrameworkMethod.java:44)
	at org.junit.internal.runners.model.ReflectiveCallable.run(ReflectiveCallable.java:15)
	at org.junit.runners.model.FrameworkMethod.invokeExplosively(FrameworkMethod.java:41)
	at junitparams.internal.InvokeParameterisedMethod.evaluate(InvokeParameterisedMethod.java:102)
	at org.junit.internal.runners.statements.FailOnTimeout$1.run(FailOnTimeout.java:28)
Caused by: ptolemy.kernel.util.IllegalActionException: SubscriptionAggregatorPorts cannot be used at the top level, use a SubscriptionAggregator actor instead.
  in .PublisherSubscriptionAggregatorPort.SubscriptionAggregatorPort
	at ptolemy.actor.SubscriptionAggregatorPort.preinitialize(SubscriptionAggregatorPort.java:353)
	at ptolemy.actor.CompositeActor.preinitialize(CompositeActor.java:1769)
	at ptolemy.actor.Manager.preinitializeAndResolveTypes(Manager.java:1040)
	at ptolemy.actor.Manager.initialize(Manager.java:710)
	at ptolemy.actor.Manager.execute(Manager.java:356)
	at ptolemy.actor.Manager.run(Manager.java:1263)
	at ptolemy.actor.Manager$PtolemyRunThread.run(Manager.java:1933)
java.lang.RuntimeException: Execution failed
	at ptolemy.moml.MoMLSimpleApplication$UnloadThread.run(MoMLSimpleApplication.java:402)
Caused by: ptolemy.kernel.util.IllegalActionException: TypeTest actor has no training data.
  in .sizedarray3.TypeTest
	at ptolemy.actor.lib.TypeTest.initialize(TypeTest.java:250)
	at ptolemy.actor.Director.initialize(Director.java:938)
	at ptolemy.actor.Director.initialize(Director.java:907)
	at ptolemy.actor.sched.StaticSchedulingDirector.initialize(StaticSchedulingDirector.java:159)
	at ptolemy.domains.sdf.kernel.SDFDirector.initialize(SDFDirector.java:544)
	at ptolemy.actor.CompositeActor.initialize(CompositeActor.java:935)
	at ptolemy.actor.Manager.initialize(Manager.java:724)
	at ptolemy.actor.Manager.execute(Manager.java:356)
	at ptolemy.actor.Manager.run(Manager.java:1263)
	at ptolemy.actor.Manager$PtolemyRunThread.run(Manager.java:1933)
java.lang.reflect.InvocationTargetException
	at java.base/jdk.internal.reflect.NativeConstructorAccessorImpl.newInstance0(Native Method)
	at java.base/jdk.internal.reflect.NativeConstructorAccessorImpl.newInstance(NativeConstructorAccessorImpl.java:62)
	at java.base/jdk.internal.reflect.DelegatingConstructorAccessorImpl.newInstance(DelegatingConstructorAccessorImpl.java:45)
	at java.base/java.lang.reflect.Constructor.newInstance(Constructor.java:490)
	at ptolemy.util.test.junit.AutoKnownFailedTests.RunModel(AutoKnownFailedTests.java:105)
	at java.base/jdk.internal.reflect.NativeMethodAccessorImpl.invoke0(Native Method)
	at java.base/jdk.internal.reflect.NativeMethodAccessorImpl.invoke(NativeMethodAccessorImpl.java:62)
	at java.base/jdk.internal.reflect.DelegatingMethodAccessorImpl.invoke(DelegatingMethodAccessorImpl.java:43)
	at java.base/java.lang.reflect.Method.invoke(Method.java:566)
	at org.junit.runners.model.FrameworkMethod$1.runReflectiveCall(FrameworkMethod.java:44)
	at org.junit.internal.runners.model.ReflectiveCallable.run(ReflectiveCallable.java:15)
	at org.junit.runners.model.FrameworkMethod.invokeExplosively(FrameworkMethod.java:41)
	at junitparams.internal.InvokeParameterisedMethod.evaluate(InvokeParameterisedMethod.java:102)
	at org.junit.internal.runners.statements.FailOnTimeout$1.run(FailOnTimeout.java:28)
Caused by: ptolemy.kernel.util.IllegalActionException: TypeTest actor has no training data.
  in .sizedarray3.TypeTest
	at ptolemy.actor.lib.TypeTest.initialize(TypeTest.java:250)
	at ptolemy.actor.Director.initialize(Director.java:938)
	at ptolemy.actor.Director.initialize(Director.java:907)
	at ptolemy.actor.sched.StaticSchedulingDirector.initialize(StaticSchedulingDirector.java:159)
	at ptolemy.domains.sdf.kernel.SDFDirector.initialize(SDFDirector.java:544)
	at ptolemy.actor.CompositeActor.initialize(CompositeActor.java:935)
	at ptolemy.actor.Manager.initialize(Manager.java:724)
	at ptolemy.actor.Manager.execute(Manager.java:356)
	at ptolemy.actor.Manager.run(Manager.java:1263)
	at ptolemy.actor.Manager$PtolemyRunThread.run(Manager.java:1933)
java.lang.RuntimeException: Execution failed
	at ptolemy.moml.MoMLSimpleApplication$UnloadThread.run(MoMLSimpleApplication.java:402)
Caused by: ptolemy.kernel.util.IllegalActionException: Test fails in iteration 0.
Value was: 6001L. Should have been: 6000L
  in .ExecutionTimeSDF.NonStrictTest
	at ptolemy.actor.lib.NonStrictTest.postfire(NonStrictTest.java:328)
	at ptolemy.actor.AtomicActor.iterate(AtomicActor.java:518)
	at ptolemy.actor.sched.StaticSchedulingDirector.fire(StaticSchedulingDirector.java:216)
	at ptolemy.domains.sdf.kernel.SDFDirector.fire(SDFDirector.java:500)
	at ptolemy.actor.CompositeActor.fire(CompositeActor.java:455)
	at ptolemy.actor.Manager.iterate(Manager.java:851)
	at ptolemy.actor.Manager.execute(Manager.java:369)
	at ptolemy.actor.Manager.run(Manager.java:1263)
	at ptolemy.actor.Manager$PtolemyRunThread.run(Manager.java:1933)
]]></system-err>
</testsuite>
